<?xml version="1.0" encoding="UTF-8"?>
<testsuite name="org.springframework.jdbc.object.GenericSqlQueryTests" tests="3" skipped="0" failures="0" errors="0" timestamp="2020-11-25T14:39:22" hostname="lichangbaodeMacBook-Pro.local" time="0.063">
  <properties/>
  <testcase name="testCustomerQueryWithNamedParameters" classname="org.springframework.jdbc.object.GenericSqlQueryTests" time="0.032"/>
  <testcase name="testCustomerQueryWithRowMapperInstance" classname="org.springframework.jdbc.object.GenericSqlQueryTests" time="0.018"/>
  <testcase name="testCustomerQueryWithPlaceholders" classname="org.springframework.jdbc.object.GenericSqlQueryTests" time="0.013"/>
  <system-out><![CDATA[]]></system-out>
  <system-err><![CDATA[]]></system-err>
</testsuite>
