<?xml version="1.0" encoding="UTF-8"?>
<testsuite name="org.springframework.jdbc.core.BeanPropertyRowMapperTests" tests="10" skipped="0" failures="0" errors="0" timestamp="2019-06-21T11:42:16" hostname="Macbook-Air.local" time="0.055">
  <properties/>
  <testcase name="testOverridingSameClassDefinedForMapping" classname="org.springframework.jdbc.core.BeanPropertyRowMapperTests" time="0.004"/>
  <testcase name="testMappingWithInheritance" classname="org.springframework.jdbc.core.BeanPropertyRowMapperTests" time="0.021"/>
  <testcase name="testMappingWithNoUnpopulatedFieldsFound" classname="org.springframework.jdbc.core.BeanPropertyRowMapperTests" time="0.002"/>
  <testcase name="testQueryWithSpaceInColumnNameAndLocalDateTime" classname="org.springframework.jdbc.core.BeanPropertyRowMapperTests" time="0.006"/>
  <testcase name="testMappingNullValue" classname="org.springframework.jdbc.core.BeanPropertyRowMapperTests" time="0.003"/>
  <testcase name="testQueryWithSpaceInColumnNameAndLocalDate" classname="org.springframework.jdbc.core.BeanPropertyRowMapperTests" time="0.007"/>
  <testcase name="testMappingWithUnpopulatedFieldsNotChecked" classname="org.springframework.jdbc.core.BeanPropertyRowMapperTests" time="0.005"/>
  <testcase name="testOverridingDifferentClassDefinedForMapping" classname="org.springframework.jdbc.core.BeanPropertyRowMapperTests" time="0.001"/>
  <testcase name="testStaticQueryWithRowMapper" classname="org.springframework.jdbc.core.BeanPropertyRowMapperTests" time="0.002"/>
  <testcase name="testMappingWithUnpopulatedFieldsNotAccepted" classname="org.springframework.jdbc.core.BeanPropertyRowMapperTests" time="0.002"/>
  <system-out><![CDATA[]]></system-out>
  <system-err><![CDATA[]]></system-err>
</testsuite>
