<?xml version="1.0" encoding="UTF-8"?>
<testsuite name="org.springframework.jdbc.datasource.embedded.EmbeddedDatabaseFactoryBeanTests" tests="1" skipped="0" failures="0" errors="0" timestamp="2019-06-21T11:42:14" hostname="Macbook-Air.local" time="0.019">
  <properties/>
  <testcase name="testFactoryBeanLifecycle" classname="org.springframework.jdbc.datasource.embedded.EmbeddedDatabaseFactoryBeanTests" time="0.019"/>
  <system-out><![CDATA[]]></system-out>
  <system-err><![CDATA[]]></system-err>
</testsuite>
