<?xml version="1.0" encoding="UTF-8"?>
<testsuite name="org.springframework.jdbc.object.GenericSqlQueryTests" tests="3" skipped="0" failures="0" errors="0" timestamp="2019-06-21T11:42:18" hostname="Macbook-Air.local" time="0.116">
  <properties/>
  <testcase name="testCustomerQueryWithNamedParameters" classname="org.springframework.jdbc.object.GenericSqlQueryTests" time="0.06"/>
  <testcase name="testCustomerQueryWithRowMapperInstance" classname="org.springframework.jdbc.object.GenericSqlQueryTests" time="0.029"/>
  <testcase name="testCustomerQueryWithPlaceholders" classname="org.springframework.jdbc.object.GenericSqlQueryTests" time="0.027"/>
  <system-out><![CDATA[]]></system-out>
  <system-err><![CDATA[]]></system-err>
</testsuite>
