<?xml version="1.0" encoding="UTF-8"?>
<testsuite name="org.springframework.jdbc.core.SingleColumnRowMapperTests" tests="3" skipped="0" failures="0" errors="0" timestamp="2019-06-21T11:42:15" hostname="Macbook-Air.local" time="0.039">
  <properties/>
  <testcase name="useCustomConversionService" classname="org.springframework.jdbc.core.SingleColumnRowMapperTests" time="0.032"/>
  <testcase name="doesNotUseConversionService" classname="org.springframework.jdbc.core.SingleColumnRowMapperTests" time="0.002"/>
  <testcase name="useDefaultConversionService" classname="org.springframework.jdbc.core.SingleColumnRowMapperTests" time="0.005"/>
  <system-out><![CDATA[]]></system-out>
  <system-err><![CDATA[]]></system-err>
</testsuite>
