<?xml version="1.0" encoding="UTF-8"?>
<testsuite name="org.springframework.jdbc.core.JdbcOperationsExtensionsTests" tests="12" skipped="0" failures="0" errors="0" timestamp="2019-06-21T11:42:18" hostname="Macbook-Air.local" time="4.518">
  <properties/>
  <testcase name="queryForObject with nullable RowMapper-like function" classname="org.springframework.jdbc.core.JdbcOperationsExtensionsTests" time="3.996"/>
  <testcase name="queryForObject with reified type parameters" classname="org.springframework.jdbc.core.JdbcOperationsExtensionsTests" time="0.016"/>
  <testcase name="queryForObject with RowMapper-like function" classname="org.springframework.jdbc.core.JdbcOperationsExtensionsTests" time="0.016"/>
  <testcase name="queryForList with reified type parameters and argTypes" classname="org.springframework.jdbc.core.JdbcOperationsExtensionsTests" time="0.32"/>
  <testcase name="query with ResultSetExtractor-like function" classname="org.springframework.jdbc.core.JdbcOperationsExtensionsTests" time="0.026"/>
  <testcase name="queryForList with reified type parameters" classname="org.springframework.jdbc.core.JdbcOperationsExtensionsTests" time="0.017"/>
  <testcase name="query with nullable ResultSetExtractor-like function" classname="org.springframework.jdbc.core.JdbcOperationsExtensionsTests" time="0.02"/>
  <testcase name="queryForObject with reified type parameters and argTypes" classname="org.springframework.jdbc.core.JdbcOperationsExtensionsTests" time="0.017"/>
  <testcase name="queryForObject with reified type parameters and args" classname="org.springframework.jdbc.core.JdbcOperationsExtensionsTests" time="0.017"/>
  <testcase name="query with RowMapper-like function" classname="org.springframework.jdbc.core.JdbcOperationsExtensionsTests" time="0.029"/>
  <testcase name="queryForList with reified type parameters and args" classname="org.springframework.jdbc.core.JdbcOperationsExtensionsTests" time="0.016"/>
  <testcase name="query with RowCallbackHandler-like function" classname="org.springframework.jdbc.core.JdbcOperationsExtensionsTests" time="0.024"/>
  <system-out><![CDATA[]]></system-out>
  <system-err><![CDATA[]]></system-err>
</testsuite>
