<?xml version="1.0" encoding="UTF-8"?>
<testsuite name="org.springframework.jdbc.core.simple.TableMetaDataContextTests" tests="2" skipped="0" failures="0" errors="0" timestamp="2020-11-25T14:39:22" hostname="lichangbaodeMacBook-Pro.local" time="0.004">
  <properties/>
  <testcase name="testTableWithSingleColumnGeneratedKey" classname="org.springframework.jdbc.core.simple.TableMetaDataContextTests" time="0.002"/>
  <testcase name="testMatchInParametersAndSqlTypeInfoWrapping" classname="org.springframework.jdbc.core.simple.TableMetaDataContextTests" time="0.002"/>
  <system-out><![CDATA[]]></system-out>
  <system-err><![CDATA[]]></system-err>
</testsuite>
