<?xml version="1.0" encoding="UTF-8"?>
<testsuite name="org.springframework.jdbc.support.SQLExceptionCustomTranslatorTests" tests="2" skipped="0" failures="0" errors="0" timestamp="2019-06-21T11:42:18" hostname="Macbook-Air.local" time="0.007">
  <properties/>
  <testcase name="dataAccessResourceException" classname="org.springframework.jdbc.support.SQLExceptionCustomTranslatorTests" time="0.007"/>
  <testcase name="badSqlGrammarException" classname="org.springframework.jdbc.support.SQLExceptionCustomTranslatorTests" time="0.0"/>
  <system-out><![CDATA[]]></system-out>
  <system-err><![CDATA[]]></system-err>
</testsuite>
