<?xml version="1.0" encoding="UTF-8"?>
<testsuite name="org.springframework.jdbc.core.namedparam.BeanPropertySqlParameterSourceTests" tests="10" skipped="0" failures="0" errors="0" timestamp="2019-06-21T11:42:16" hostname="Macbook-Air.local" time="0.021">
  <properties/>
  <testcase name="hasValueWhereTheUnderlyingBeanPropertyIsNotReadable" classname="org.springframework.jdbc.core.namedparam.BeanPropertySqlParameterSourceTests" time="0.005"/>
  <testcase name="hasValueWhereTheUnderlyingBeanHasNoSuchProperty" classname="org.springframework.jdbc.core.namedparam.BeanPropertySqlParameterSourceTests" time="0.0"/>
  <testcase name="getValueWhereTheUnderlyingBeanHasNoSuchProperty" classname="org.springframework.jdbc.core.namedparam.BeanPropertySqlParameterSourceTests" time="0.0"/>
  <testcase name="toStringDoesNotShowTypeUnknown" classname="org.springframework.jdbc.core.namedparam.BeanPropertySqlParameterSourceTests" time="0.011"/>
  <testcase name="getValueWhereTheUnderlyingBeanPropertyIsNotReadable" classname="org.springframework.jdbc.core.namedparam.BeanPropertySqlParameterSourceTests" time="0.001"/>
  <testcase name="successfulPropertyAccessWithOverriddenSqlType" classname="org.springframework.jdbc.core.namedparam.BeanPropertySqlParameterSourceTests" time="0.0"/>
  <testcase name="withNullBeanPassedToCtor" classname="org.springframework.jdbc.core.namedparam.BeanPropertySqlParameterSourceTests" time="0.001"/>
  <testcase name="toStringShowsCustomSqlType" classname="org.springframework.jdbc.core.namedparam.BeanPropertySqlParameterSourceTests" time="0.001"/>
  <testcase name="successfulPropertyAccess" classname="org.springframework.jdbc.core.namedparam.BeanPropertySqlParameterSourceTests" time="0.0"/>
  <testcase name="toStringShowsParameterDetails" classname="org.springframework.jdbc.core.namedparam.BeanPropertySqlParameterSourceTests" time="0.001"/>
  <system-out><![CDATA[]]></system-out>
  <system-err><![CDATA[]]></system-err>
</testsuite>
