<?xml version="1.0" encoding="UTF-8"?>
<testsuite name="org.springframework.jdbc.datasource.embedded.EmbeddedDatabaseFactoryTests" tests="1" skipped="0" failures="0" errors="0" timestamp="2019-06-21T11:42:10" hostname="Macbook-Air.local" time="0.026">
  <properties/>
  <testcase name="testGetDataSource" classname="org.springframework.jdbc.datasource.embedded.EmbeddedDatabaseFactoryTests" time="0.026"/>
  <system-out><![CDATA[]]></system-out>
  <system-err><![CDATA[]]></system-err>
</testsuite>
