<?xml version="1.0" encoding="UTF-8"?>
<testsuite name="org.springframework.jdbc.core.JdbcOperationsExtensionsTests" tests="12" skipped="0" failures="0" errors="0" timestamp="2020-11-25T14:39:23" hostname="lichangbaodeMacBook-Pro.local" time="2.126">
  <properties/>
  <testcase name="queryForObject with nullable RowMapper-like function" classname="org.springframework.jdbc.core.JdbcOperationsExtensionsTests" time="1.866"/>
  <testcase name="queryForObject with reified type parameters" classname="org.springframework.jdbc.core.JdbcOperationsExtensionsTests" time="0.005"/>
  <testcase name="queryForObject with RowMapper-like function" classname="org.springframework.jdbc.core.JdbcOperationsExtensionsTests" time="0.008"/>
  <testcase name="queryForList with reified type parameters and argTypes" classname="org.springframework.jdbc.core.JdbcOperationsExtensionsTests" time="0.194"/>
  <testcase name="query with ResultSetExtractor-like function" classname="org.springframework.jdbc.core.JdbcOperationsExtensionsTests" time="0.009"/>
  <testcase name="queryForList with reified type parameters" classname="org.springframework.jdbc.core.JdbcOperationsExtensionsTests" time="0.006"/>
  <testcase name="query with nullable ResultSetExtractor-like function" classname="org.springframework.jdbc.core.JdbcOperationsExtensionsTests" time="0.006"/>
  <testcase name="queryForObject with reified type parameters and argTypes" classname="org.springframework.jdbc.core.JdbcOperationsExtensionsTests" time="0.005"/>
  <testcase name="queryForObject with reified type parameters and args" classname="org.springframework.jdbc.core.JdbcOperationsExtensionsTests" time="0.004"/>
  <testcase name="query with RowMapper-like function" classname="org.springframework.jdbc.core.JdbcOperationsExtensionsTests" time="0.009"/>
  <testcase name="queryForList with reified type parameters and args" classname="org.springframework.jdbc.core.JdbcOperationsExtensionsTests" time="0.005"/>
  <testcase name="query with RowCallbackHandler-like function" classname="org.springframework.jdbc.core.JdbcOperationsExtensionsTests" time="0.008"/>
  <system-out><![CDATA[]]></system-out>
  <system-err><![CDATA[]]></system-err>
</testsuite>
