<?xml version="1.0" encoding="UTF-8"?>
<testsuite name="org.springframework.jdbc.datasource.init.HsqlDatabasePopulatorTests" tests="15" skipped="0" failures="0" errors="0" timestamp="2019-06-21T11:42:08" hostname="Macbook-Air.local" time="0.696">
  <properties/>
  <testcase name="scriptWithoutStatementSeparator" classname="org.springframework.jdbc.datasource.init.HsqlDatabasePopulatorTests" time="0.041"/>
  <testcase name="scriptWithMultipleStatementsAndWhitespaceSeparator" classname="org.springframework.jdbc.datasource.init.HsqlDatabasePopulatorTests" time="0.045"/>
  <testcase name="scriptWithSingleLineCommentsAndFailedDrop" classname="org.springframework.jdbc.datasource.init.HsqlDatabasePopulatorTests" time="0.036"/>
  <testcase name="usesBoundConnectionIfAvailable" classname="org.springframework.jdbc.datasource.init.HsqlDatabasePopulatorTests" time="0.029"/>
  <testcase name="scriptWithMultipleStatementsAndLongSeparator" classname="org.springframework.jdbc.datasource.init.HsqlDatabasePopulatorTests" time="0.035"/>
  <testcase name="scriptWithSelectStatements" classname="org.springframework.jdbc.datasource.init.HsqlDatabasePopulatorTests" time="0.029"/>
  <testcase name="scriptWithMultipleStatements" classname="org.springframework.jdbc.datasource.init.HsqlDatabasePopulatorTests" time="0.033"/>
  <testcase name="executesHugeScriptInReasonableTime" classname="org.springframework.jdbc.datasource.init.HsqlDatabasePopulatorTests" time="0.217"/>
  <testcase name="scriptWithMultipleStatementsAndMultipleNewlineSeparator" classname="org.springframework.jdbc.datasource.init.HsqlDatabasePopulatorTests" time="0.033"/>
  <testcase name="scriptWithStandardEscapedLiteral" classname="org.springframework.jdbc.datasource.init.HsqlDatabasePopulatorTests" time="0.029"/>
  <testcase name="scriptWithMultipleStatementsAndNewlineSeparator" classname="org.springframework.jdbc.datasource.init.HsqlDatabasePopulatorTests" time="0.067"/>
  <testcase name="scriptWithCommentsWithinStatements" classname="org.springframework.jdbc.datasource.init.HsqlDatabasePopulatorTests" time="0.023"/>
  <testcase name="scriptWithMySqlEscapedLiteral" classname="org.springframework.jdbc.datasource.init.HsqlDatabasePopulatorTests" time="0.022"/>
  <testcase name="scriptWithEolBetweenTokens" classname="org.springframework.jdbc.datasource.init.HsqlDatabasePopulatorTests" time="0.029"/>
  <testcase name="constructorWithMultipleScriptResources" classname="org.springframework.jdbc.datasource.init.HsqlDatabasePopulatorTests" time="0.021"/>
  <system-out><![CDATA[]]></system-out>
  <system-err><![CDATA[]]></system-err>
</testsuite>
