<?xml version="1.0" encoding="UTF-8"?>
<testsuite name="org.springframework.jdbc.object.BatchSqlUpdateTests" tests="2" skipped="0" failures="0" errors="0" timestamp="2020-11-25T14:39:23" hostname="lichangbaodeMacBook-Pro.local" time="0.003">
  <properties/>
  <testcase name="testBatchUpdateWithFlushThroughBatchSize" classname="org.springframework.jdbc.object.BatchSqlUpdateTests" time="0.002"/>
  <testcase name="testBatchUpdateWithExplicitFlush" classname="org.springframework.jdbc.object.BatchSqlUpdateTests" time="0.001"/>
  <system-out><![CDATA[]]></system-out>
  <system-err><![CDATA[]]></system-err>
</testsuite>
