<?xml version="1.0" encoding="UTF-8"?>
<testsuite name="org.springframework.jdbc.datasource.init.HsqlDatabasePopulatorTests" tests="15" skipped="0" failures="0" errors="0" timestamp="2020-11-25T14:39:19" hostname="lichangbaodeMacBook-Pro.local" time="0.25">
  <properties/>
  <testcase name="scriptWithoutStatementSeparator" classname="org.springframework.jdbc.datasource.init.HsqlDatabasePopulatorTests" time="0.017"/>
  <testcase name="scriptWithMultipleStatementsAndWhitespaceSeparator" classname="org.springframework.jdbc.datasource.init.HsqlDatabasePopulatorTests" time="0.015"/>
  <testcase name="scriptWithSingleLineCommentsAndFailedDrop" classname="org.springframework.jdbc.datasource.init.HsqlDatabasePopulatorTests" time="0.014"/>
  <testcase name="usesBoundConnectionIfAvailable" classname="org.springframework.jdbc.datasource.init.HsqlDatabasePopulatorTests" time="0.014"/>
  <testcase name="scriptWithMultipleStatementsAndLongSeparator" classname="org.springframework.jdbc.datasource.init.HsqlDatabasePopulatorTests" time="0.011"/>
  <testcase name="scriptWithSelectStatements" classname="org.springframework.jdbc.datasource.init.HsqlDatabasePopulatorTests" time="0.012"/>
  <testcase name="scriptWithMultipleStatements" classname="org.springframework.jdbc.datasource.init.HsqlDatabasePopulatorTests" time="0.011"/>
  <testcase name="executesHugeScriptInReasonableTime" classname="org.springframework.jdbc.datasource.init.HsqlDatabasePopulatorTests" time="0.06"/>
  <testcase name="scriptWithMultipleStatementsAndMultipleNewlineSeparator" classname="org.springframework.jdbc.datasource.init.HsqlDatabasePopulatorTests" time="0.011"/>
  <testcase name="scriptWithStandardEscapedLiteral" classname="org.springframework.jdbc.datasource.init.HsqlDatabasePopulatorTests" time="0.011"/>
  <testcase name="scriptWithMultipleStatementsAndNewlineSeparator" classname="org.springframework.jdbc.datasource.init.HsqlDatabasePopulatorTests" time="0.012"/>
  <testcase name="scriptWithCommentsWithinStatements" classname="org.springframework.jdbc.datasource.init.HsqlDatabasePopulatorTests" time="0.014"/>
  <testcase name="scriptWithMySqlEscapedLiteral" classname="org.springframework.jdbc.datasource.init.HsqlDatabasePopulatorTests" time="0.013"/>
  <testcase name="scriptWithEolBetweenTokens" classname="org.springframework.jdbc.datasource.init.HsqlDatabasePopulatorTests" time="0.026"/>
  <testcase name="constructorWithMultipleScriptResources" classname="org.springframework.jdbc.datasource.init.HsqlDatabasePopulatorTests" time="0.009"/>
  <system-out><![CDATA[]]></system-out>
  <system-err><![CDATA[]]></system-err>
</testsuite>
