<?xml version="1.0" encoding="UTF-8"?>
<testsuite name="org.springframework.jdbc.datasource.lookup.MapDataSourceLookupTests" tests="6" skipped="0" failures="0" errors="0" timestamp="2019-06-21T11:42:09" hostname="Macbook-Air.local" time="0.006">
  <properties/>
  <testcase name="getDataSourceWhereSuppliedMapHasNoEntryForSpecifiedKey" classname="org.springframework.jdbc.datasource.lookup.MapDataSourceLookupTests" time="0.001"/>
  <testcase name="getDataSourcesReturnsUnmodifiableMap" classname="org.springframework.jdbc.datasource.lookup.MapDataSourceLookupTests" time="0.001"/>
  <testcase name="getDataSourceWhereSuppliedMapHasNonDataSourceTypeUnderSpecifiedKey" classname="org.springframework.jdbc.datasource.lookup.MapDataSourceLookupTests" time="0.001"/>
  <testcase name="addingDataSourcePermitsOverride" classname="org.springframework.jdbc.datasource.lookup.MapDataSourceLookupTests" time="0.001"/>
  <testcase name="setDataSourcesIsAnIdempotentOperation" classname="org.springframework.jdbc.datasource.lookup.MapDataSourceLookupTests" time="0.0"/>
  <testcase name="lookupSunnyDay" classname="org.springframework.jdbc.datasource.lookup.MapDataSourceLookupTests" time="0.001"/>
  <system-out><![CDATA[]]></system-out>
  <system-err><![CDATA[]]></system-err>
</testsuite>
