<?xml version="1.0" encoding="UTF-8"?>
<testsuite name="org.springframework.jdbc.core.RowMapperTests" tests="5" skipped="0" failures="0" errors="0" timestamp="2020-11-25T14:39:21" hostname="lichangbaodeMacBook-Pro.local" time="0.099">
  <properties/>
  <testcase name="preparedStatementSetterWithRowMapper" classname="org.springframework.jdbc.core.RowMapperTests" time="0.094"/>
  <testcase name="queryWithArgsAndRowMapper" classname="org.springframework.jdbc.core.RowMapperTests" time="0.001"/>
  <testcase name="queryWithArgsAndTypesAndRowMapper" classname="org.springframework.jdbc.core.RowMapperTests" time="0.002"/>
  <testcase name="staticQueryWithRowMapper" classname="org.springframework.jdbc.core.RowMapperTests" time="0.001"/>
  <testcase name="preparedStatementCreatorWithRowMapper" classname="org.springframework.jdbc.core.RowMapperTests" time="0.001"/>
  <system-out><![CDATA[]]></system-out>
  <system-err><![CDATA[]]></system-err>
</testsuite>
