<?xml version="1.0" encoding="UTF-8"?>
<testsuite name="org.springframework.jdbc.core.support.LobSupportTests" tests="5" skipped="0" failures="0" errors="0" timestamp="2019-06-21T11:42:16" hostname="Macbook-Air.local" time="0.013">
  <properties/>
  <testcase name="testAbstractLobStreamingResultSetExtractorCorrectException" classname="org.springframework.jdbc.core.support.LobSupportTests" time="0.006"/>
  <testcase name="testAbstractLobStreamingResultSetExtractorNoRows" classname="org.springframework.jdbc.core.support.LobSupportTests" time="0.002"/>
  <testcase name="testAbstractLobStreamingResultSetExtractorOneRow" classname="org.springframework.jdbc.core.support.LobSupportTests" time="0.0"/>
  <testcase name="testCreatingPreparedStatementCallback" classname="org.springframework.jdbc.core.support.LobSupportTests" time="0.003"/>
  <testcase name="testAbstractLobStreamingResultSetExtractorMultipleRows" classname="org.springframework.jdbc.core.support.LobSupportTests" time="0.001"/>
  <system-out><![CDATA[]]></system-out>
  <system-err><![CDATA[]]></system-err>
</testsuite>
