<?xml version="1.0" encoding="UTF-8"?>
<testsuite name="org.springframework.jdbc.support.JdbcUtilsTests" tests="3" skipped="0" failures="0" errors="0" timestamp="2019-06-21T11:42:18" hostname="Macbook-Air.local" time="0.001">
  <properties/>
  <testcase name="commonDatabaseName" classname="org.springframework.jdbc.support.JdbcUtilsTests" time="0.0"/>
  <testcase name="resolveTypeName" classname="org.springframework.jdbc.support.JdbcUtilsTests" time="0.0"/>
  <testcase name="convertUnderscoreNameToPropertyName" classname="org.springframework.jdbc.support.JdbcUtilsTests" time="0.001"/>
  <system-out><![CDATA[]]></system-out>
  <system-err><![CDATA[]]></system-err>
</testsuite>
