<?xml version="1.0" encoding="UTF-8"?>
<testsuite name="org.springframework.jdbc.datasource.UserCredentialsDataSourceAdapterTests" tests="3" skipped="0" failures="0" errors="0" timestamp="2019-06-21T11:42:09" hostname="Macbook-Air.local" time="0.052">
  <properties/>
  <testcase name="testStaticCredentials" classname="org.springframework.jdbc.datasource.UserCredentialsDataSourceAdapterTests" time="0.046"/>
  <testcase name="testThreadBoundCredentials" classname="org.springframework.jdbc.datasource.UserCredentialsDataSourceAdapterTests" time="0.004"/>
  <testcase name="testNoCredentials" classname="org.springframework.jdbc.datasource.UserCredentialsDataSourceAdapterTests" time="0.001"/>
  <system-out><![CDATA[]]></system-out>
  <system-err><![CDATA[]]></system-err>
</testsuite>
