<?xml version="1.0" encoding="UTF-8"?>
<testsuite name="org.springframework.jdbc.config.InitializeDatabaseIntegrationTests" tests="7" skipped="0" failures="0" errors="0" timestamp="2020-11-25T14:39:22" hostname="lichangbaodeMacBook-Pro.local" time="0.169">
  <properties/>
  <testcase name="testIgnoreFailedDrops" classname="org.springframework.jdbc.config.InitializeDatabaseIntegrationTests" time="0.021"/>
  <testcase name="testScriptNameWithExpressions" classname="org.springframework.jdbc.config.InitializeDatabaseIntegrationTests" time="0.053"/>
  <testcase name="testScriptNameWithPlaceholder" classname="org.springframework.jdbc.config.InitializeDatabaseIntegrationTests" time="0.027"/>
  <testcase name="testScriptNameWithPattern" classname="org.springframework.jdbc.config.InitializeDatabaseIntegrationTests" time="0.02"/>
  <testcase name="testCacheInitialization" classname="org.springframework.jdbc.config.InitializeDatabaseIntegrationTests" time="0.018"/>
  <testcase name="testCreateEmbeddedDatabase" classname="org.springframework.jdbc.config.InitializeDatabaseIntegrationTests" time="0.015"/>
  <testcase name="testDisableCreateEmbeddedDatabase" classname="org.springframework.jdbc.config.InitializeDatabaseIntegrationTests" time="0.015"/>
  <system-out><![CDATA[]]></system-out>
  <system-err><![CDATA[]]></system-err>
</testsuite>
