<?xml version="1.0" encoding="UTF-8"?>
<testsuite name="org.springframework.jdbc.datasource.lookup.JndiDataSourceLookupTests" tests="2" skipped="0" failures="0" errors="0" timestamp="2019-06-21T11:42:09" hostname="Macbook-Air.local" time="0.013">
  <properties/>
  <testcase name="testSunnyDay" classname="org.springframework.jdbc.datasource.lookup.JndiDataSourceLookupTests" time="0.01"/>
  <testcase name="testNoDataSourceAtJndiLocation" classname="org.springframework.jdbc.datasource.lookup.JndiDataSourceLookupTests" time="0.003"/>
  <system-out><![CDATA[]]></system-out>
  <system-err><![CDATA[]]></system-err>
</testsuite>
