<?xml version="1.0" encoding="UTF-8"?>
<testsuite name="org.springframework.jdbc.core.namedparam.NamedParameterQueryTests" tests="13" skipped="0" failures="0" errors="0" timestamp="2019-06-21T11:42:16" hostname="Macbook-Air.local" time="0.072">
  <properties/>
  <testcase name="testQueryForObjectWithMapAndInteger" classname="org.springframework.jdbc.core.namedparam.NamedParameterQueryTests" time="0.034"/>
  <testcase name="testQueryForLongWithParamBeanWithCollection" classname="org.springframework.jdbc.core.namedparam.NamedParameterQueryTests" time="0.014"/>
  <testcase name="testQueryForLongWithParamBean" classname="org.springframework.jdbc.core.namedparam.NamedParameterQueryTests" time="0.006"/>
  <testcase name="testQueryForObjectWithParamMapAndListOfExpressionLists" classname="org.springframework.jdbc.core.namedparam.NamedParameterQueryTests" time="0.001"/>
  <testcase name="testQueryForObjectWithParamMapAndRowMapper" classname="org.springframework.jdbc.core.namedparam.NamedParameterQueryTests" time="0.003"/>
  <testcase name="testQueryForListWithParamMapAndIntegerElementAndSingleRowAndColumn" classname="org.springframework.jdbc.core.namedparam.NamedParameterQueryTests" time="0.001"/>
  <testcase name="testQueryForListWithParamMapAndEmptyResult" classname="org.springframework.jdbc.core.namedparam.NamedParameterQueryTests" time="0.001"/>
  <testcase name="testQueryForMapWithParamMapAndSingleRowAndColumn" classname="org.springframework.jdbc.core.namedparam.NamedParameterQueryTests" time="0.002"/>
  <testcase name="testQueryForListWithParamMap" classname="org.springframework.jdbc.core.namedparam.NamedParameterQueryTests" time="0.001"/>
  <testcase name="testQueryForObjectWithParamMapAndInteger" classname="org.springframework.jdbc.core.namedparam.NamedParameterQueryTests" time="0.001"/>
  <testcase name="testQueryForIntWithParamMap" classname="org.springframework.jdbc.core.namedparam.NamedParameterQueryTests" time="0.002"/>
  <testcase name="testQueryForObjectWithParamMapAndList" classname="org.springframework.jdbc.core.namedparam.NamedParameterQueryTests" time="0.001"/>
  <testcase name="testQueryForListWithParamMapAndSingleRowAndColumn" classname="org.springframework.jdbc.core.namedparam.NamedParameterQueryTests" time="0.002"/>
  <system-out><![CDATA[]]></system-out>
  <system-err><![CDATA[]]></system-err>
</testsuite>
