<?xml version="1.0" encoding="UTF-8"?>
<testsuite name="org.springframework.jdbc.core.namedparam.NamedParameterJdbcTemplateTests" tests="21" skipped="1" failures="0" errors="0" timestamp="2020-11-25T14:39:22" hostname="lichangbaodeMacBook-Pro.local" time="0.02">
  <properties/>
  <testcase name="testUpdateWithTypedParameters" classname="org.springframework.jdbc.core.namedparam.NamedParameterJdbcTemplateTests" time="0.001"/>
  <testcase name="testQueryWithRowMapper" classname="org.springframework.jdbc.core.namedparam.NamedParameterJdbcTemplateTests" time="0.001"/>
  <testcase name="testQueryWithResultSetExtractorNoParameters" classname="org.springframework.jdbc.core.namedparam.NamedParameterJdbcTemplateTests" time="0.002"/>
  <testcase name="testExecute" classname="org.springframework.jdbc.core.namedparam.NamedParameterJdbcTemplateTests" time="0.001"/>
  <testcase name="testQueryWithRowMapperNoParameters" classname="org.springframework.jdbc.core.namedparam.NamedParameterJdbcTemplateTests" time="0.001"/>
  <testcase name="testTemplateConfiguration" classname="org.springframework.jdbc.core.namedparam.NamedParameterJdbcTemplateTests" time="0.0"/>
  <testcase name="testNullDataSourceProvidedToCtor" classname="org.springframework.jdbc.core.namedparam.NamedParameterJdbcTemplateTests" time="0.0"/>
  <testcase name="testBatchUpdateWithInClause" classname="org.springframework.jdbc.core.namedparam.NamedParameterJdbcTemplateTests" time="0.002"/>
  <testcase name="testQueryWithRowCallbackHandler" classname="org.springframework.jdbc.core.namedparam.NamedParameterJdbcTemplateTests" time="0.001"/>
  <testcase name="testExecuteArray" classname="org.springframework.jdbc.core.namedparam.NamedParameterJdbcTemplateTests" time="0.0">
    <skipped/>
  </testcase>
  <testcase name="testExecuteNoParameters" classname="org.springframework.jdbc.core.namedparam.NamedParameterJdbcTemplateTests" time="0.0"/>
  <testcase name="testQueryWithRowCallbackHandlerNoParameters" classname="org.springframework.jdbc.core.namedparam.NamedParameterJdbcTemplateTests" time="0.001"/>
  <testcase name="testExecuteWithTypedParameters" classname="org.springframework.jdbc.core.namedparam.NamedParameterJdbcTemplateTests" time="0.001"/>
  <testcase name="testQueryForObjectWithRowMapper" classname="org.springframework.jdbc.core.namedparam.NamedParameterJdbcTemplateTests" time="0.001"/>
  <testcase name="testBatchUpdateWithSqlParameterSourcePlusTypeInfo" classname="org.springframework.jdbc.core.namedparam.NamedParameterJdbcTemplateTests" time="0.001"/>
  <testcase name="testQueryWithResultSetExtractor" classname="org.springframework.jdbc.core.namedparam.NamedParameterJdbcTemplateTests" time="0.001"/>
  <testcase name="testNullJdbcTemplateProvidedToCtor" classname="org.springframework.jdbc.core.namedparam.NamedParameterJdbcTemplateTests" time="0.0"/>
  <testcase name="testBatchUpdateWithEmptyMap" classname="org.springframework.jdbc.core.namedparam.NamedParameterJdbcTemplateTests" time="0.003"/>
  <testcase name="testBatchUpdateWithSqlParameterSource" classname="org.springframework.jdbc.core.namedparam.NamedParameterJdbcTemplateTests" time="0.001"/>
  <testcase name="testUpdate" classname="org.springframework.jdbc.core.namedparam.NamedParameterJdbcTemplateTests" time="0.0"/>
  <testcase name="testBatchUpdateWithPlainMap" classname="org.springframework.jdbc.core.namedparam.NamedParameterJdbcTemplateTests" time="0.001"/>
  <system-out><![CDATA[22:39:22.296 [Test worker] WARN  o.s.j.s.SQLErrorCodesFactory - Error while extracting database name - falling back to empty error codes
org.springframework.jdbc.support.MetaDataAccessException: DatabaseMetaData returned by Connection [Mock for Connection, hashCode: 671396413] was null
	at org.springframework.jdbc.support.JdbcUtils.extractDatabaseMetaData(JdbcUtils.java:339) ~[main/:?]
	at org.springframework.jdbc.support.JdbcUtils.extractDatabaseMetaData(JdbcUtils.java:372) ~[main/:?]
	at org.springframework.jdbc.support.SQLErrorCodesFactory.getErrorCodes(SQLErrorCodesFactory.java:214) [main/:?]
	at org.springframework.jdbc.support.SQLErrorCodeSQLExceptionTranslator.setDataSource(SQLErrorCodeSQLExceptionTranslator.java:136) [main/:?]
	at org.springframework.jdbc.support.SQLErrorCodeSQLExceptionTranslator.<init>(SQLErrorCodeSQLExceptionTranslator.java:99) [main/:?]
	at org.springframework.jdbc.support.JdbcAccessor.getExceptionTranslator(JdbcAccessor.java:122) [main/:?]
	at org.springframework.jdbc.support.JdbcAccessor.afterPropertiesSet(JdbcAccessor.java:163) [main/:?]
	at org.springframework.jdbc.core.JdbcTemplate.<init>(JdbcTemplate.java:178) [main/:?]
	at org.springframework.jdbc.core.namedparam.NamedParameterJdbcTemplateTests.testBatchUpdateWithEmptyMap(NamedParameterJdbcTemplateTests.java:444) [test/:?]
	at sun.reflect.NativeMethodAccessorImpl.invoke0(Native Method) ~[?:1.8.0_211]
	at sun.reflect.NativeMethodAccessorImpl.invoke(NativeMethodAccessorImpl.java:62) ~[?:1.8.0_211]
	at sun.reflect.DelegatingMethodAccessorImpl.invoke(DelegatingMethodAccessorImpl.java:43) ~[?:1.8.0_211]
	at java.lang.reflect.Method.invoke(Method.java:498) ~[?:1.8.0_211]
	at org.junit.runners.model.FrameworkMethod$1.runReflectiveCall(FrameworkMethod.java:59) [junit-4.13-beta-3.jar:4.13-beta-3]
	at org.junit.internal.runners.model.ReflectiveCallable.run(ReflectiveCallable.java:12) [junit-4.13-beta-3.jar:4.13-beta-3]
	at org.junit.runners.model.FrameworkMethod.invokeExplosively(FrameworkMethod.java:56) [junit-4.13-beta-3.jar:4.13-beta-3]
	at org.junit.internal.runners.statements.InvokeMethod.evaluate(InvokeMethod.java:17) [junit-4.13-beta-3.jar:4.13-beta-3]
	at org.junit.internal.runners.statements.RunBefores.evaluate(RunBefores.java:26) [junit-4.13-beta-3.jar:4.13-beta-3]
	at org.junit.runners.ParentRunner$3.evaluate(ParentRunner.java:305) [junit-4.13-beta-3.jar:4.13-beta-3]
	at org.junit.runners.BlockJUnit4ClassRunner$1.evaluate(BlockJUnit4ClassRunner.java:100) [junit-4.13-beta-3.jar:4.13-beta-3]
	at org.junit.runners.ParentRunner.runLeaf(ParentRunner.java:365) [junit-4.13-beta-3.jar:4.13-beta-3]
	at org.junit.runners.BlockJUnit4ClassRunner.runChild(BlockJUnit4ClassRunner.java:103) [junit-4.13-beta-3.jar:4.13-beta-3]
	at org.junit.runners.BlockJUnit4ClassRunner.runChild(BlockJUnit4ClassRunner.java:63) [junit-4.13-beta-3.jar:4.13-beta-3]
	at org.junit.runners.ParentRunner$4.run(ParentRunner.java:330) [junit-4.13-beta-3.jar:4.13-beta-3]
	at org.junit.runners.ParentRunner$1.schedule(ParentRunner.java:78) [junit-4.13-beta-3.jar:4.13-beta-3]
	at org.junit.runners.ParentRunner.runChildren(ParentRunner.java:328) [junit-4.13-beta-3.jar:4.13-beta-3]
	at org.junit.runners.ParentRunner.access$100(ParentRunner.java:65) [junit-4.13-beta-3.jar:4.13-beta-3]
	at org.junit.runners.ParentRunner$2.evaluate(ParentRunner.java:292) [junit-4.13-beta-3.jar:4.13-beta-3]
	at org.junit.runners.ParentRunner$3.evaluate(ParentRunner.java:305) [junit-4.13-beta-3.jar:4.13-beta-3]
	at org.junit.runners.ParentRunner.run(ParentRunner.java:412) [junit-4.13-beta-3.jar:4.13-beta-3]
	at org.gradle.api.internal.tasks.testing.junit.JUnitTestClassExecutor.runTestClass(JUnitTestClassExecutor.java:106) [gradle-testing-jvm-4.10.3.jar:4.10.3]
	at org.gradle.api.internal.tasks.testing.junit.JUnitTestClassExecutor.execute(JUnitTestClassExecutor.java:58) [gradle-testing-jvm-4.10.3.jar:4.10.3]
	at org.gradle.api.internal.tasks.testing.junit.JUnitTestClassExecutor.execute(JUnitTestClassExecutor.java:38) [gradle-testing-jvm-4.10.3.jar:4.10.3]
	at org.gradle.api.internal.tasks.testing.junit.AbstractJUnitTestClassProcessor.processTestClass(AbstractJUnitTestClassProcessor.java:66) [gradle-testing-jvm-4.10.3.jar:4.10.3]
	at org.gradle.api.internal.tasks.testing.SuiteTestClassProcessor.processTestClass(SuiteTestClassProcessor.java:51) [gradle-testing-base-4.10.3.jar:4.10.3]
	at sun.reflect.GeneratedMethodAccessor39.invoke(Unknown Source) ~[?:?]
	at sun.reflect.DelegatingMethodAccessorImpl.invoke(DelegatingMethodAccessorImpl.java:43) ~[?:1.8.0_211]
	at java.lang.reflect.Method.invoke(Method.java:498) ~[?:1.8.0_211]
	at org.gradle.internal.dispatch.ReflectionDispatch.dispatch(ReflectionDispatch.java:35) [gradle-messaging-4.10.3.jar:4.10.3]
	at org.gradle.internal.dispatch.ReflectionDispatch.dispatch(ReflectionDispatch.java:24) [gradle-messaging-4.10.3.jar:4.10.3]
	at org.gradle.internal.dispatch.ContextClassLoaderDispatch.dispatch(ContextClassLoaderDispatch.java:32) [gradle-messaging-4.10.3.jar:4.10.3]
	at org.gradle.internal.dispatch.ProxyDispatchAdapter$DispatchingInvocationHandler.invoke(ProxyDispatchAdapter.java:93) [gradle-messaging-4.10.3.jar:4.10.3]
	at com.sun.proxy.$Proxy2.processTestClass(Unknown Source) [?:?]
	at org.gradle.api.internal.tasks.testing.worker.TestWorker.processTestClass(TestWorker.java:117) [gradle-testing-base-4.10.3.jar:4.10.3]
	at sun.reflect.GeneratedMethodAccessor38.invoke(Unknown Source) ~[?:?]
	at sun.reflect.DelegatingMethodAccessorImpl.invoke(DelegatingMethodAccessorImpl.java:43) ~[?:1.8.0_211]
	at java.lang.reflect.Method.invoke(Method.java:498) ~[?:1.8.0_211]
	at org.gradle.internal.dispatch.ReflectionDispatch.dispatch(ReflectionDispatch.java:35) [gradle-messaging-4.10.3.jar:4.10.3]
	at org.gradle.internal.dispatch.ReflectionDispatch.dispatch(ReflectionDispatch.java:24) [gradle-messaging-4.10.3.jar:4.10.3]
	at org.gradle.internal.remote.internal.hub.MessageHubBackedObjectConnection$DispatchWrapper.dispatch(MessageHubBackedObjectConnection.java:155) [gradle-messaging-4.10.3.jar:4.10.3]
	at org.gradle.internal.remote.internal.hub.MessageHubBackedObjectConnection$DispatchWrapper.dispatch(MessageHubBackedObjectConnection.java:137) [gradle-messaging-4.10.3.jar:4.10.3]
	at org.gradle.internal.remote.internal.hub.MessageHub$Handler.run(MessageHub.java:404) [gradle-messaging-4.10.3.jar:4.10.3]
	at org.gradle.internal.concurrent.ExecutorPolicy$CatchAndRecordFailures.onExecute(ExecutorPolicy.java:63) [gradle-base-services-4.10.3.jar:4.10.3]
	at org.gradle.internal.concurrent.ManagedExecutorImpl$1.run(ManagedExecutorImpl.java:46) [gradle-base-services-4.10.3.jar:4.10.3]
	at java.util.concurrent.ThreadPoolExecutor.runWorker(ThreadPoolExecutor.java:1149) [?:1.8.0_211]
	at java.util.concurrent.ThreadPoolExecutor$Worker.run(ThreadPoolExecutor.java:624) [?:1.8.0_211]
	at org.gradle.internal.concurrent.ThreadFactoryImpl$ManagedThreadRunnable.run(ThreadFactoryImpl.java:55) [gradle-base-services-4.10.3.jar:4.10.3]
	at java.lang.Thread.run(Thread.java:748) [?:1.8.0_211]
]]></system-out>
  <system-err><![CDATA[]]></system-err>
</testsuite>
