<?xml version="1.0" encoding="UTF-8"?>
<testsuite name="org.springframework.jdbc.datasource.init.H2DatabasePopulatorTests" tests="16" skipped="0" failures="0" errors="0" timestamp="2019-06-21T11:42:04" hostname="Macbook-Air.local" time="3.459">
  <properties/>
  <testcase name="scriptWithH2Alias" classname="org.springframework.jdbc.datasource.init.H2DatabasePopulatorTests" time="2.92"/>
  <testcase name="scriptWithoutStatementSeparator" classname="org.springframework.jdbc.datasource.init.H2DatabasePopulatorTests" time="0.059"/>
  <testcase name="scriptWithMultipleStatementsAndWhitespaceSeparator" classname="org.springframework.jdbc.datasource.init.H2DatabasePopulatorTests" time="0.013"/>
  <testcase name="scriptWithSingleLineCommentsAndFailedDrop" classname="org.springframework.jdbc.datasource.init.H2DatabasePopulatorTests" time="0.012"/>
  <testcase name="usesBoundConnectionIfAvailable" classname="org.springframework.jdbc.datasource.init.H2DatabasePopulatorTests" time="0.034"/>
  <testcase name="scriptWithMultipleStatementsAndLongSeparator" classname="org.springframework.jdbc.datasource.init.H2DatabasePopulatorTests" time="0.012"/>
  <testcase name="scriptWithSelectStatements" classname="org.springframework.jdbc.datasource.init.H2DatabasePopulatorTests" time="0.012"/>
  <testcase name="scriptWithMultipleStatements" classname="org.springframework.jdbc.datasource.init.H2DatabasePopulatorTests" time="0.011"/>
  <testcase name="executesHugeScriptInReasonableTime" classname="org.springframework.jdbc.datasource.init.H2DatabasePopulatorTests" time="0.318"/>
  <testcase name="scriptWithMultipleStatementsAndMultipleNewlineSeparator" classname="org.springframework.jdbc.datasource.init.H2DatabasePopulatorTests" time="0.011"/>
  <testcase name="scriptWithStandardEscapedLiteral" classname="org.springframework.jdbc.datasource.init.H2DatabasePopulatorTests" time="0.007"/>
  <testcase name="scriptWithMultipleStatementsAndNewlineSeparator" classname="org.springframework.jdbc.datasource.init.H2DatabasePopulatorTests" time="0.01"/>
  <testcase name="scriptWithCommentsWithinStatements" classname="org.springframework.jdbc.datasource.init.H2DatabasePopulatorTests" time="0.01"/>
  <testcase name="scriptWithMySqlEscapedLiteral" classname="org.springframework.jdbc.datasource.init.H2DatabasePopulatorTests" time="0.007"/>
  <testcase name="scriptWithEolBetweenTokens" classname="org.springframework.jdbc.datasource.init.H2DatabasePopulatorTests" time="0.01"/>
  <testcase name="constructorWithMultipleScriptResources" classname="org.springframework.jdbc.datasource.init.H2DatabasePopulatorTests" time="0.009"/>
  <system-out><![CDATA[]]></system-out>
  <system-err><![CDATA[]]></system-err>
</testsuite>
