<?xml version="1.0" encoding="UTF-8"?>
<testsuite name="org.springframework.jdbc.datasource.UserCredentialsDataSourceAdapterTests" tests="3" skipped="0" failures="0" errors="0" timestamp="2020-11-25T14:39:19" hostname="lichangbaodeMacBook-Pro.local" time="0.023">
  <properties/>
  <testcase name="testStaticCredentials" classname="org.springframework.jdbc.datasource.UserCredentialsDataSourceAdapterTests" time="0.022"/>
  <testcase name="testThreadBoundCredentials" classname="org.springframework.jdbc.datasource.UserCredentialsDataSourceAdapterTests" time="0.001"/>
  <testcase name="testNoCredentials" classname="org.springframework.jdbc.datasource.UserCredentialsDataSourceAdapterTests" time="0.0"/>
  <system-out><![CDATA[]]></system-out>
  <system-err><![CDATA[]]></system-err>
</testsuite>
