<?xml version="1.0" encoding="UTF-8"?>
<testsuite name="org.springframework.jdbc.core.simple.SimpleJdbcInsertTests" tests="1" skipped="0" failures="0" errors="0" timestamp="2020-11-25T14:39:22" hostname="lichangbaodeMacBook-Pro.local" time="0.005">
  <properties/>
  <testcase name="testNoSuchTable" classname="org.springframework.jdbc.core.simple.SimpleJdbcInsertTests" time="0.005"/>
  <system-out><![CDATA[]]></system-out>
  <system-err><![CDATA[]]></system-err>
</testsuite>
