<?xml version="1.0" encoding="UTF-8"?>
<testsuite name="org.springframework.jdbc.datasource.init.ScriptUtilsIntegrationTests" tests="2" skipped="0" failures="0" errors="0" timestamp="2019-06-21T11:42:08" hostname="Macbook-Air.local" time="0.496">
  <properties/>
  <testcase name="executeSqlScriptContainingSingleQuotesNestedInsideDoubleQuotes" classname="org.springframework.jdbc.datasource.init.ScriptUtilsIntegrationTests" time="0.444"/>
  <testcase name="executeSqlScriptContainingMultiLineComments" classname="org.springframework.jdbc.datasource.init.ScriptUtilsIntegrationTests" time="0.052"/>
  <system-out><![CDATA[]]></system-out>
  <system-err><![CDATA[]]></system-err>
</testsuite>
