<?xml version="1.0" encoding="UTF-8"?>
<testsuite name="org.springframework.jdbc.core.support.JdbcDaoSupportTests" tests="2" skipped="0" failures="0" errors="0" timestamp="2019-06-21T11:42:16" hostname="Macbook-Air.local" time="0.003">
  <properties/>
  <testcase name="testJdbcDaoSupportWithDataSource" classname="org.springframework.jdbc.core.support.JdbcDaoSupportTests" time="0.002"/>
  <testcase name="testJdbcDaoSupportWithJdbcTemplate" classname="org.springframework.jdbc.core.support.JdbcDaoSupportTests" time="0.001"/>
  <system-out><![CDATA[]]></system-out>
  <system-err><![CDATA[]]></system-err>
</testsuite>
