<?xml version="1.0" encoding="UTF-8"?>
<testsuite name="org.springframework.jdbc.core.support.JdbcBeanDefinitionReaderTests" tests="1" skipped="0" failures="0" errors="0" timestamp="2019-06-21T11:42:16" hostname="Macbook-Air.local" time="0.039">
  <properties/>
  <testcase name="testValid" classname="org.springframework.jdbc.core.support.JdbcBeanDefinitionReaderTests" time="0.039"/>
  <system-out><![CDATA[]]></system-out>
  <system-err><![CDATA[]]></system-err>
</testsuite>
