<?xml version="1.0" encoding="UTF-8"?>
<testsuite name="org.springframework.jdbc.config.InitializeDatabaseIntegrationTests" tests="7" skipped="0" failures="0" errors="0" timestamp="2019-06-21T11:42:17" hostname="Macbook-Air.local" time="0.413">
  <properties/>
  <testcase name="testIgnoreFailedDrops" classname="org.springframework.jdbc.config.InitializeDatabaseIntegrationTests" time="0.047"/>
  <testcase name="testScriptNameWithExpressions" classname="org.springframework.jdbc.config.InitializeDatabaseIntegrationTests" time="0.125"/>
  <testcase name="testScriptNameWithPlaceholder" classname="org.springframework.jdbc.config.InitializeDatabaseIntegrationTests" time="0.061"/>
  <testcase name="testScriptNameWithPattern" classname="org.springframework.jdbc.config.InitializeDatabaseIntegrationTests" time="0.051"/>
  <testcase name="testCacheInitialization" classname="org.springframework.jdbc.config.InitializeDatabaseIntegrationTests" time="0.046"/>
  <testcase name="testCreateEmbeddedDatabase" classname="org.springframework.jdbc.config.InitializeDatabaseIntegrationTests" time="0.041"/>
  <testcase name="testDisableCreateEmbeddedDatabase" classname="org.springframework.jdbc.config.InitializeDatabaseIntegrationTests" time="0.037"/>
  <system-out><![CDATA[]]></system-out>
  <system-err><![CDATA[]]></system-err>
</testsuite>
