<?xml version="1.0" encoding="UTF-8"?>
<testsuite name="org.springframework.jdbc.datasource.DataSourceTransactionManagerTests" tests="50" skipped="2" failures="0" errors="0" timestamp="2019-06-21T11:42:10" hostname="Macbook-Air.local" time="0.578">
  <properties/>
  <testcase name="testTransactionRollbackOnly" classname="org.springframework.jdbc.datasource.DataSourceTransactionManagerTests" time="0.013"/>
  <testcase name="testParticipatingTransactionWithIncompatibleReadOnly" classname="org.springframework.jdbc.datasource.DataSourceTransactionManagerTests" time="0.013"/>
  <testcase name="testParticipatingTransactionWithIncompatibleIsolationLevel" classname="org.springframework.jdbc.datasource.DataSourceTransactionManagerTests" time="0.01"/>
  <testcase name="testPropagationSupportsAndRequiresNewWithEarlyAccess" classname="org.springframework.jdbc.datasource.DataSourceTransactionManagerTests" time="0.011"/>
  <testcase name="testTransactionWithPropagationSupports" classname="org.springframework.jdbc.datasource.DataSourceTransactionManagerTests" time="0.004"/>
  <testcase name="testTransactionRollbackWithAutoCommitTrueAndLazyConnectionAndCreateStatement" classname="org.springframework.jdbc.datasource.DataSourceTransactionManagerTests" time="0.023"/>
  <testcase name="testExistingTransactionWithManualSavepoint" classname="org.springframework.jdbc.datasource.DataSourceTransactionManagerTests" time="0.181"/>
  <testcase name="testTransactionWithExceptionOnRollback" classname="org.springframework.jdbc.datasource.DataSourceTransactionManagerTests" time="0.007"/>
  <testcase name="testPropagationRequiresNewWithExistingTransaction" classname="org.springframework.jdbc.datasource.DataSourceTransactionManagerTests" time="0.008"/>
  <testcase name="testTransactionWithShortTimeout" classname="org.springframework.jdbc.datasource.DataSourceTransactionManagerTests" time="0.005">
    <skipped/>
  </testcase>
  <testcase name="testExistingTransactionWithPropagationNestedAndRequiredRollback" classname="org.springframework.jdbc.datasource.DataSourceTransactionManagerTests" time="0.012"/>
  <testcase name="testTransactionCommitWithAutoCommitTrue" classname="org.springframework.jdbc.datasource.DataSourceTransactionManagerTests" time="0.006"/>
  <testcase name="testTransactionWithPropagationNestedAndRollback" classname="org.springframework.jdbc.datasource.DataSourceTransactionManagerTests" time="0.006"/>
  <testcase name="testParticipatingTransactionWithTransactionStartedFromSynch" classname="org.springframework.jdbc.datasource.DataSourceTransactionManagerTests" time="0.011"/>
  <testcase name="testExistingTransactionWithPropagationNestedAndRequiredRollbackOnly" classname="org.springframework.jdbc.datasource.DataSourceTransactionManagerTests" time="0.012"/>
  <testcase name="testTransactionAwareDataSourceProxyWithSuspensionAndReobtaining" classname="org.springframework.jdbc.datasource.DataSourceTransactionManagerTests" time="0.012"/>
  <testcase name="testTransactionWithPropagationNever" classname="org.springframework.jdbc.datasource.DataSourceTransactionManagerTests" time="0.004"/>
  <testcase name="testTransactionCommitWithAutoCommitFalseAndLazyConnectionAndStatementCreated" classname="org.springframework.jdbc.datasource.DataSourceTransactionManagerTests" time="0.001"/>
  <testcase name="testPropagationNeverWithExistingTransaction" classname="org.springframework.jdbc.datasource.DataSourceTransactionManagerTests" time="0.008"/>
  <testcase name="testTransactionAwareDataSourceProxy" classname="org.springframework.jdbc.datasource.DataSourceTransactionManagerTests" time="0.005"/>
  <testcase name="testTransactionCommitWithAutoCommitTrueAndLazyConnectionAndStatementCreated" classname="org.springframework.jdbc.datasource.DataSourceTransactionManagerTests" time="0.003"/>
  <testcase name="testTransactionCommitWithAutoCommitFalse" classname="org.springframework.jdbc.datasource.DataSourceTransactionManagerTests" time="0.001"/>
  <testcase name="testExistingTransactionWithManualSavepointAndRollback" classname="org.springframework.jdbc.datasource.DataSourceTransactionManagerTests" time="0.005"/>
  <testcase name="testTransactionRollbackWithAutoCommitFalseAndLazyConnection" classname="org.springframework.jdbc.datasource.DataSourceTransactionManagerTests" time="0.001"/>
  <testcase name="testTransactionWithIsolationAndReadOnly" classname="org.springframework.jdbc.datasource.DataSourceTransactionManagerTests" time="0.005"/>
  <testcase name="testTransactionAwareDataSourceProxyWithSuspension" classname="org.springframework.jdbc.datasource.DataSourceTransactionManagerTests" time="0.009"/>
  <testcase name="testParticipatingTransactionWithDifferentConnectionObtainedFromSynch" classname="org.springframework.jdbc.datasource.DataSourceTransactionManagerTests" time="0.004"/>
  <testcase name="testTransactionWithExceptionOnCommit" classname="org.springframework.jdbc.datasource.DataSourceTransactionManagerTests" time="0.004"/>
  <testcase name="testTransactionWithPropagationNested" classname="org.springframework.jdbc.datasource.DataSourceTransactionManagerTests" time="0.004"/>
  <testcase name="testTransactionWithEnforceReadOnly" classname="org.springframework.jdbc.datasource.DataSourceTransactionManagerTests" time="0.084"/>
  <testcase name="testTransactionRollbackWithAutoCommitFalse" classname="org.springframework.jdbc.datasource.DataSourceTransactionManagerTests" time="0.002"/>
  <testcase name="testParticipatingTransactionWithRollbackOnlyAndFailEarly" classname="org.springframework.jdbc.datasource.DataSourceTransactionManagerTests" time="0.01"/>
  <testcase name="testExistingTransactionWithPropagationNestedAndRollback" classname="org.springframework.jdbc.datasource.DataSourceTransactionManagerTests" time="0.009"/>
  <testcase name="testTransactionWithLongTimeout" classname="org.springframework.jdbc.datasource.DataSourceTransactionManagerTests" time="0.0">
    <skipped/>
  </testcase>
  <testcase name="testTransactionCommitWithAutoCommitTrueAndLazyConnection" classname="org.springframework.jdbc.datasource.DataSourceTransactionManagerTests" time="0.001"/>
  <testcase name="testPropagationRequiresNewWithExistingTransactionAndUnrelatedFailingDataSource" classname="org.springframework.jdbc.datasource.DataSourceTransactionManagerTests" time="0.009"/>
  <testcase name="testPropagationSupportsAndRequiresNew" classname="org.springframework.jdbc.datasource.DataSourceTransactionManagerTests" time="0.008"/>
  <testcase name="testPropagationRequiresNewWithExistingTransactionAndUnrelatedDataSource" classname="org.springframework.jdbc.datasource.DataSourceTransactionManagerTests" time="0.01"/>
  <testcase name="testTransactionWithExceptionOnCommitAndRollbackOnCommitFailure" classname="org.springframework.jdbc.datasource.DataSourceTransactionManagerTests" time="0.006"/>
  <testcase name="testParticipatingTransactionWithRollbackOnly" classname="org.springframework.jdbc.datasource.DataSourceTransactionManagerTests" time="0.001"/>
  <testcase name="testTransactionRollbackWithAutoCommitFalseAndLazyConnectionAndCreateStatement" classname="org.springframework.jdbc.datasource.DataSourceTransactionManagerTests" time="0.003"/>
  <testcase name="testParticipatingTransactionWithRollbackOnlyAndInnerSynch" classname="org.springframework.jdbc.datasource.DataSourceTransactionManagerTests" time="0.011"/>
  <testcase name="testPropagationNotSupportedWithExistingTransaction" classname="org.springframework.jdbc.datasource.DataSourceTransactionManagerTests" time="0.008"/>
  <testcase name="testExistingTransactionWithPropagationNested" classname="org.springframework.jdbc.datasource.DataSourceTransactionManagerTests" time="0.008"/>
  <testcase name="testTransactionRollbackWithAutoCommitTrueAndLazyConnection" classname="org.springframework.jdbc.datasource.DataSourceTransactionManagerTests" time="0.002"/>
  <testcase name="testTransactionCommitWithAutoCommitFalseAndLazyConnection" classname="org.springframework.jdbc.datasource.DataSourceTransactionManagerTests" time="0.001"/>
  <testcase name="testExistingTransactionWithPropagationNestedTwice" classname="org.springframework.jdbc.datasource.DataSourceTransactionManagerTests" time="0.003"/>
  <testcase name="testTransactionWithPropagationNotSupported" classname="org.springframework.jdbc.datasource.DataSourceTransactionManagerTests" time="0.004"/>
  <testcase name="testTransactionWithExceptionOnBegin" classname="org.springframework.jdbc.datasource.DataSourceTransactionManagerTests" time="0.004"/>
  <testcase name="testTransactionRollbackWithAutoCommitTrue" classname="org.springframework.jdbc.datasource.DataSourceTransactionManagerTests" time="0.001"/>
  <system-out><![CDATA[]]></system-out>
  <system-err><![CDATA[]]></system-err>
</testsuite>
