<?xml version="1.0" encoding="UTF-8"?>
<testsuite name="org.springframework.cache.annotation.EnableCachingIntegrationTests" tests="2" skipped="0" failures="0" errors="0" timestamp="2019-06-21T12:56:50" hostname="Macbook-Air.local" time="0.223">
  <properties/>
  <testcase name="repositoryUsesAspectJAdviceMode" classname="org.springframework.cache.annotation.EnableCachingIntegrationTests" time="0.061"/>
  <testcase name="repositoryIsClassBasedCacheProxy" classname="org.springframework.cache.annotation.EnableCachingIntegrationTests" time="0.161"/>
  <system-out><![CDATA[20:56:50.630 [Test worker] DEBUG o.s.c.a.AnnotationConfigApplicationContext - Refreshing org.springframework.context.annotation.AnnotationConfigApplicationContext@5f33112
20:56:50.631 [Test worker] DEBUG o.s.b.f.s.DefaultListableBeanFactory - Creating shared instance of singleton bean 'org.springframework.context.annotation.internalConfigurationAnnotationProcessor'
20:56:50.661 [Test worker] WARN  o.s.c.a.AnnotationConfigApplicationContext - Exception encountered during context initialization - cancelling refresh attempt: org.springframework.beans.factory.BeanDefinitionStoreException: Failed to process import candidates for configuration class [org.springframework.cache.annotation.EnableCachingIntegrationTests$AspectJCacheConfig]; nested exception is java.io.FileNotFoundException: class path resource [org/springframework/cache/aspectj/AspectJCachingConfiguration.class] cannot be opened because it does not exist
20:56:50.682 [Test worker] DEBUG o.s.c.a.AnnotationConfigApplicationContext - Refreshing org.springframework.context.annotation.AnnotationConfigApplicationContext@62983644
20:56:50.689 [Test worker] DEBUG o.s.b.f.s.DefaultListableBeanFactory - Creating shared instance of singleton bean 'org.springframework.context.annotation.internalConfigurationAnnotationProcessor'
20:56:50.718 [Test worker] DEBUG o.s.b.f.s.DefaultListableBeanFactory - Creating shared instance of singleton bean 'org.springframework.context.event.internalEventListenerProcessor'
20:56:50.719 [Test worker] DEBUG o.s.b.f.s.DefaultListableBeanFactory - Creating shared instance of singleton bean 'org.springframework.context.event.internalEventListenerFactory'
20:56:50.723 [Test worker] DEBUG o.s.b.f.s.DefaultListableBeanFactory - Creating shared instance of singleton bean 'org.springframework.context.annotation.internalAutowiredAnnotationProcessor'
20:56:50.723 [Test worker] DEBUG o.s.b.f.s.DefaultListableBeanFactory - Creating shared instance of singleton bean 'org.springframework.context.annotation.internalCommonAnnotationProcessor'
20:56:50.724 [Test worker] DEBUG o.s.b.f.s.DefaultListableBeanFactory - Creating shared instance of singleton bean 'org.springframework.context.annotation.internalPersistenceAnnotationProcessor'
20:56:50.725 [Test worker] DEBUG o.s.b.f.s.DefaultListableBeanFactory - Creating shared instance of singleton bean 'org.springframework.aop.config.internalAutoProxyCreator'
20:56:50.728 [Test worker] DEBUG o.s.b.f.s.DefaultListableBeanFactory - Creating shared instance of singleton bean 'enableCachingIntegrationTests.Config'
20:56:50.729 [Test worker] DEBUG o.s.b.f.s.DefaultListableBeanFactory - Creating shared instance of singleton bean 'org.springframework.cache.config.internalCacheAdvisor'
20:56:50.730 [Test worker] DEBUG o.s.b.f.s.DefaultListableBeanFactory - Creating shared instance of singleton bean 'org.springframework.cache.annotation.ProxyCachingConfiguration'
20:56:50.747 [Test worker] DEBUG o.s.b.f.s.DefaultListableBeanFactory - Creating shared instance of singleton bean 'cacheOperationSource'
20:56:50.748 [Test worker] DEBUG o.s.b.f.s.DefaultListableBeanFactory - Creating shared instance of singleton bean 'cacheInterceptor'
20:56:50.756 [Test worker] DEBUG o.s.b.f.s.DefaultListableBeanFactory - Creating shared instance of singleton bean 'enableCachingIntegrationTests.ProxyTargetClassCachingConfig'
20:56:50.759 [Test worker] DEBUG o.s.b.f.s.DefaultListableBeanFactory - Creating shared instance of singleton bean 'fooRepository'
20:56:50.822 [Test worker] DEBUG o.s.b.f.s.DefaultListableBeanFactory - Creating shared instance of singleton bean 'mgr'
]]></system-out>
  <system-err><![CDATA[]]></system-err>
</testsuite>
