<?xml version="1.0" encoding="UTF-8"?>
<testsuite name="org.springframework.scheduling.annotation.ScheduledAndTransactionalAnnotationIntegrationTests" tests="4" skipped="4" failures="0" errors="0" timestamp="2019-06-21T12:56:50" hostname="Macbook-Air.local" time="0.019">
  <properties/>
  <testcase name="failsWhenJdkProxyAndScheduledMethodNotPresentOnInterface" classname="org.springframework.scheduling.annotation.ScheduledAndTransactionalAnnotationIntegrationTests" time="0.016">
    <skipped/>
  </testcase>
  <testcase name="withAspectConfig" classname="org.springframework.scheduling.annotation.ScheduledAndTransactionalAnnotationIntegrationTests" time="0.001">
    <skipped/>
  </testcase>
  <testcase name="succeedsWhenSubclassProxyAndScheduledMethodNotPresentOnInterface" classname="org.springframework.scheduling.annotation.ScheduledAndTransactionalAnnotationIntegrationTests" time="0.0">
    <skipped/>
  </testcase>
  <testcase name="succeedsWhenJdkProxyAndScheduledMethodIsPresentOnInterface" classname="org.springframework.scheduling.annotation.ScheduledAndTransactionalAnnotationIntegrationTests" time="0.001">
    <skipped/>
  </testcase>
  <system-out><![CDATA[]]></system-out>
  <system-err><![CDATA[]]></system-err>
</testsuite>
