<?xml version="1.0" encoding="UTF-8"?>
<testsuite name="org.springframework.context.annotation.jsr330.ClassPathBeanDefinitionScannerJsr330ScopeIntegrationTests" tests="10" skipped="0" failures="0" errors="0" timestamp="2019-06-21T12:56:48" hostname="Macbook-Air.local" time="0.554">
  <properties/>
  <testcase name="testSingletonScopeWithNoProxy" classname="org.springframework.context.annotation.jsr330.ClassPathBeanDefinitionScannerJsr330ScopeIntegrationTests" time="0.06"/>
  <testcase name="testSessionScopeWithNoProxy" classname="org.springframework.context.annotation.jsr330.ClassPathBeanDefinitionScannerJsr330ScopeIntegrationTests" time="0.05"/>
  <testcase name="testSingletonScopeIgnoresProxyInterfaces" classname="org.springframework.context.annotation.jsr330.ClassPathBeanDefinitionScannerJsr330ScopeIntegrationTests" time="0.051"/>
  <testcase name="testRequestScopeWithNoProxy" classname="org.springframework.context.annotation.jsr330.ClassPathBeanDefinitionScannerJsr330ScopeIntegrationTests" time="0.04"/>
  <testcase name="testSessionScopeWithProxiedTargetClass" classname="org.springframework.context.annotation.jsr330.ClassPathBeanDefinitionScannerJsr330ScopeIntegrationTests" time="0.104"/>
  <testcase name="testRequestScopeWithProxiedTargetClass" classname="org.springframework.context.annotation.jsr330.ClassPathBeanDefinitionScannerJsr330ScopeIntegrationTests" time="0.074"/>
  <testcase name="testPrototype" classname="org.springframework.context.annotation.jsr330.ClassPathBeanDefinitionScannerJsr330ScopeIntegrationTests" time="0.033"/>
  <testcase name="testRequestScopeWithProxiedInterfaces" classname="org.springframework.context.annotation.jsr330.ClassPathBeanDefinitionScannerJsr330ScopeIntegrationTests" time="0.044"/>
  <testcase name="testSingletonScopeIgnoresProxyTargetClass" classname="org.springframework.context.annotation.jsr330.ClassPathBeanDefinitionScannerJsr330ScopeIntegrationTests" time="0.035"/>
  <testcase name="testSessionScopeWithProxiedInterfaces" classname="org.springframework.context.annotation.jsr330.ClassPathBeanDefinitionScannerJsr330ScopeIntegrationTests" time="0.059"/>
  <system-out><![CDATA[20:56:48.547 [Test worker] DEBUG o.s.c.a.ClassPathBeanDefinitionScanner - Identified candidate component class: file [/Users/lichangbao/github/spring_study/build/classes/java/test/org/springframework/context/annotation/jsr330/ClassPathBeanDefinitionScannerJsr330ScopeIntegrationTests$PrototypeScopedTestBean.class]
20:56:48.561 [Test worker] DEBUG o.s.c.a.ClassPathBeanDefinitionScanner - Identified candidate component class: file [/Users/lichangbao/github/spring_study/build/classes/java/test/org/springframework/context/annotation/jsr330/ClassPathBeanDefinitionScannerJsr330ScopeIntegrationTests$RequestScopedTestBean.class]
20:56:48.563 [Test worker] DEBUG o.s.c.a.ClassPathBeanDefinitionScanner - Identified candidate component class: file [/Users/lichangbao/github/spring_study/build/classes/java/test/org/springframework/context/annotation/jsr330/ClassPathBeanDefinitionScannerJsr330ScopeIntegrationTests$SessionScopedTestBean.class]
20:56:48.566 [Test worker] DEBUG o.s.c.a.ClassPathBeanDefinitionScanner - Identified candidate component class: file [/Users/lichangbao/github/spring_study/build/classes/java/test/org/springframework/context/annotation/jsr330/ClassPathBeanDefinitionScannerJsr330ScopeIntegrationTests$SingletonScopedTestBean.class]
20:56:48.580 [Test worker] DEBUG o.s.c.a.ClassPathBeanDefinitionScanner - Identified candidate component class: file [/Users/lichangbao/github/spring_study/build/classes/java/test/org/springframework/context/annotation/jsr330/ClassPathBeanDefinitionScannerJsr330ScopeIntegrationTests$PrototypeScopedTestBean.class]
20:56:48.580 [Test worker] DEBUG o.s.c.a.ClassPathBeanDefinitionScanner - Identified candidate component class: file [/Users/lichangbao/github/spring_study/build/classes/java/test/org/springframework/context/annotation/jsr330/ClassPathBeanDefinitionScannerJsr330ScopeIntegrationTests$RequestScopedTestBean.class]
20:56:48.580 [Test worker] DEBUG o.s.c.a.ClassPathBeanDefinitionScanner - Identified candidate component class: file [/Users/lichangbao/github/spring_study/build/classes/java/test/org/springframework/context/annotation/jsr330/ClassPathBeanDefinitionScannerJsr330ScopeIntegrationTests$SessionScopedTestBean.class]
20:56:48.580 [Test worker] DEBUG o.s.c.a.ClassPathBeanDefinitionScanner - Identified candidate component class: file [/Users/lichangbao/github/spring_study/build/classes/java/test/org/springframework/context/annotation/jsr330/ClassPathBeanDefinitionScannerJsr330ScopeIntegrationTests$SingletonScopedTestBean.class]
20:56:48.581 [Test worker] DEBUG o.s.w.c.s.GenericWebApplicationContext - Refreshing org.springframework.web.context.support.GenericWebApplicationContext@42de8e13
20:56:48.586 [Test worker] DEBUG o.s.u.c.s.UiApplicationContextUtils - Unable to locate ThemeSource with name 'themeSource': using default [org.springframework.ui.context.support.ResourceBundleThemeSource@15621d8c]
20:56:48.587 [Test worker] DEBUG o.s.b.f.s.DefaultListableBeanFactory - Creating shared instance of singleton bean 'singleton'
20:56:48.613 [Test worker] DEBUG o.s.c.a.ClassPathBeanDefinitionScanner - Identified candidate component class: file [/Users/lichangbao/github/spring_study/build/classes/java/test/org/springframework/context/annotation/jsr330/ClassPathBeanDefinitionScannerJsr330ScopeIntegrationTests$PrototypeScopedTestBean.class]
20:56:48.615 [Test worker] DEBUG o.s.c.a.ClassPathBeanDefinitionScanner - Identified candidate component class: file [/Users/lichangbao/github/spring_study/build/classes/java/test/org/springframework/context/annotation/jsr330/ClassPathBeanDefinitionScannerJsr330ScopeIntegrationTests$RequestScopedTestBean.class]
20:56:48.616 [Test worker] DEBUG o.s.c.a.ClassPathBeanDefinitionScanner - Identified candidate component class: file [/Users/lichangbao/github/spring_study/build/classes/java/test/org/springframework/context/annotation/jsr330/ClassPathBeanDefinitionScannerJsr330ScopeIntegrationTests$SessionScopedTestBean.class]
20:56:48.617 [Test worker] DEBUG o.s.c.a.ClassPathBeanDefinitionScanner - Identified candidate component class: file [/Users/lichangbao/github/spring_study/build/classes/java/test/org/springframework/context/annotation/jsr330/ClassPathBeanDefinitionScannerJsr330ScopeIntegrationTests$SingletonScopedTestBean.class]
20:56:48.628 [Test worker] DEBUG o.s.c.a.ClassPathBeanDefinitionScanner - Identified candidate component class: file [/Users/lichangbao/github/spring_study/build/classes/java/test/org/springframework/context/annotation/jsr330/ClassPathBeanDefinitionScannerJsr330ScopeIntegrationTests$PrototypeScopedTestBean.class]
20:56:48.628 [Test worker] DEBUG o.s.c.a.ClassPathBeanDefinitionScanner - Identified candidate component class: file [/Users/lichangbao/github/spring_study/build/classes/java/test/org/springframework/context/annotation/jsr330/ClassPathBeanDefinitionScannerJsr330ScopeIntegrationTests$RequestScopedTestBean.class]
20:56:48.629 [Test worker] DEBUG o.s.c.a.ClassPathBeanDefinitionScanner - Identified candidate component class: file [/Users/lichangbao/github/spring_study/build/classes/java/test/org/springframework/context/annotation/jsr330/ClassPathBeanDefinitionScannerJsr330ScopeIntegrationTests$SessionScopedTestBean.class]
20:56:48.629 [Test worker] DEBUG o.s.c.a.ClassPathBeanDefinitionScanner - Identified candidate component class: file [/Users/lichangbao/github/spring_study/build/classes/java/test/org/springframework/context/annotation/jsr330/ClassPathBeanDefinitionScannerJsr330ScopeIntegrationTests$SingletonScopedTestBean.class]
20:56:48.630 [Test worker] DEBUG o.s.w.c.s.GenericWebApplicationContext - Refreshing org.springframework.web.context.support.GenericWebApplicationContext@551fc25f
20:56:48.630 [Test worker] DEBUG o.s.u.c.s.UiApplicationContextUtils - Unable to locate ThemeSource with name 'themeSource': using default [org.springframework.ui.context.support.ResourceBundleThemeSource@4437eee0]
20:56:48.636 [Test worker] DEBUG o.s.b.f.s.DefaultListableBeanFactory - Creating shared instance of singleton bean 'singleton'
20:56:48.661 [Test worker] DEBUG o.s.c.a.ClassPathBeanDefinitionScanner - Identified candidate component class: file [/Users/lichangbao/github/spring_study/build/classes/java/test/org/springframework/context/annotation/jsr330/ClassPathBeanDefinitionScannerJsr330ScopeIntegrationTests$PrototypeScopedTestBean.class]
20:56:48.662 [Test worker] DEBUG o.s.c.a.ClassPathBeanDefinitionScanner - Identified candidate component class: file [/Users/lichangbao/github/spring_study/build/classes/java/test/org/springframework/context/annotation/jsr330/ClassPathBeanDefinitionScannerJsr330ScopeIntegrationTests$RequestScopedTestBean.class]
20:56:48.663 [Test worker] DEBUG o.s.c.a.ClassPathBeanDefinitionScanner - Identified candidate component class: file [/Users/lichangbao/github/spring_study/build/classes/java/test/org/springframework/context/annotation/jsr330/ClassPathBeanDefinitionScannerJsr330ScopeIntegrationTests$SessionScopedTestBean.class]
20:56:48.664 [Test worker] DEBUG o.s.c.a.ClassPathBeanDefinitionScanner - Identified candidate component class: file [/Users/lichangbao/github/spring_study/build/classes/java/test/org/springframework/context/annotation/jsr330/ClassPathBeanDefinitionScannerJsr330ScopeIntegrationTests$SingletonScopedTestBean.class]
20:56:48.671 [Test worker] DEBUG o.s.c.a.ClassPathBeanDefinitionScanner - Identified candidate component class: file [/Users/lichangbao/github/spring_study/build/classes/java/test/org/springframework/context/annotation/jsr330/ClassPathBeanDefinitionScannerJsr330ScopeIntegrationTests$PrototypeScopedTestBean.class]
20:56:48.673 [Test worker] DEBUG o.s.c.a.ClassPathBeanDefinitionScanner - Identified candidate component class: file [/Users/lichangbao/github/spring_study/build/classes/java/test/org/springframework/context/annotation/jsr330/ClassPathBeanDefinitionScannerJsr330ScopeIntegrationTests$RequestScopedTestBean.class]
20:56:48.674 [Test worker] DEBUG o.s.c.a.ClassPathBeanDefinitionScanner - Identified candidate component class: file [/Users/lichangbao/github/spring_study/build/classes/java/test/org/springframework/context/annotation/jsr330/ClassPathBeanDefinitionScannerJsr330ScopeIntegrationTests$SessionScopedTestBean.class]
20:56:48.674 [Test worker] DEBUG o.s.c.a.ClassPathBeanDefinitionScanner - Identified candidate component class: file [/Users/lichangbao/github/spring_study/build/classes/java/test/org/springframework/context/annotation/jsr330/ClassPathBeanDefinitionScannerJsr330ScopeIntegrationTests$SingletonScopedTestBean.class]
20:56:48.678 [Test worker] DEBUG o.s.w.c.s.GenericWebApplicationContext - Refreshing org.springframework.web.context.support.GenericWebApplicationContext@1e2cd3af
20:56:48.679 [Test worker] DEBUG o.s.u.c.s.UiApplicationContextUtils - Unable to locate ThemeSource with name 'themeSource': using default [org.springframework.ui.context.support.ResourceBundleThemeSource@60b0e1a6]
20:56:48.681 [Test worker] DEBUG o.s.b.f.s.DefaultListableBeanFactory - Creating shared instance of singleton bean 'request'
20:56:48.694 [Test worker] DEBUG o.s.b.f.s.DefaultListableBeanFactory - Creating shared instance of singleton bean 'classPathBeanDefinitionScannerJsr330ScopeIntegrationTests.SessionScopedTestBean'
20:56:48.695 [Test worker] DEBUG o.s.b.f.s.DefaultListableBeanFactory - Creating shared instance of singleton bean 'singleton'
20:56:48.710 [Test worker] DEBUG o.s.c.a.ClassPathBeanDefinitionScanner - Identified candidate component class: file [/Users/lichangbao/github/spring_study/build/classes/java/test/org/springframework/context/annotation/jsr330/ClassPathBeanDefinitionScannerJsr330ScopeIntegrationTests$PrototypeScopedTestBean.class]
20:56:48.712 [Test worker] DEBUG o.s.c.a.ClassPathBeanDefinitionScanner - Identified candidate component class: file [/Users/lichangbao/github/spring_study/build/classes/java/test/org/springframework/context/annotation/jsr330/ClassPathBeanDefinitionScannerJsr330ScopeIntegrationTests$RequestScopedTestBean.class]
20:56:48.714 [Test worker] DEBUG o.s.c.a.ClassPathBeanDefinitionScanner - Identified candidate component class: file [/Users/lichangbao/github/spring_study/build/classes/java/test/org/springframework/context/annotation/jsr330/ClassPathBeanDefinitionScannerJsr330ScopeIntegrationTests$SessionScopedTestBean.class]
20:56:48.714 [Test worker] DEBUG o.s.c.a.ClassPathBeanDefinitionScanner - Identified candidate component class: file [/Users/lichangbao/github/spring_study/build/classes/java/test/org/springframework/context/annotation/jsr330/ClassPathBeanDefinitionScannerJsr330ScopeIntegrationTests$SingletonScopedTestBean.class]
20:56:48.727 [Test worker] DEBUG o.s.c.a.ClassPathBeanDefinitionScanner - Identified candidate component class: file [/Users/lichangbao/github/spring_study/build/classes/java/test/org/springframework/context/annotation/jsr330/ClassPathBeanDefinitionScannerJsr330ScopeIntegrationTests$PrototypeScopedTestBean.class]
20:56:48.728 [Test worker] DEBUG o.s.c.a.ClassPathBeanDefinitionScanner - Identified candidate component class: file [/Users/lichangbao/github/spring_study/build/classes/java/test/org/springframework/context/annotation/jsr330/ClassPathBeanDefinitionScannerJsr330ScopeIntegrationTests$RequestScopedTestBean.class]
20:56:48.728 [Test worker] DEBUG o.s.c.a.ClassPathBeanDefinitionScanner - Identified candidate component class: file [/Users/lichangbao/github/spring_study/build/classes/java/test/org/springframework/context/annotation/jsr330/ClassPathBeanDefinitionScannerJsr330ScopeIntegrationTests$SessionScopedTestBean.class]
20:56:48.728 [Test worker] DEBUG o.s.c.a.ClassPathBeanDefinitionScanner - Identified candidate component class: file [/Users/lichangbao/github/spring_study/build/classes/java/test/org/springframework/context/annotation/jsr330/ClassPathBeanDefinitionScannerJsr330ScopeIntegrationTests$SingletonScopedTestBean.class]
20:56:48.729 [Test worker] DEBUG o.s.w.c.s.GenericWebApplicationContext - Refreshing org.springframework.web.context.support.GenericWebApplicationContext@59b4903d
20:56:48.730 [Test worker] DEBUG o.s.u.c.s.UiApplicationContextUtils - Unable to locate ThemeSource with name 'themeSource': using default [org.springframework.ui.context.support.ResourceBundleThemeSource@78f3e140]
20:56:48.731 [Test worker] DEBUG o.s.b.f.s.DefaultListableBeanFactory - Creating shared instance of singleton bean 'singleton'
20:56:48.747 [Test worker] DEBUG o.s.c.a.ClassPathBeanDefinitionScanner - Identified candidate component class: file [/Users/lichangbao/github/spring_study/build/classes/java/test/org/springframework/context/annotation/jsr330/ClassPathBeanDefinitionScannerJsr330ScopeIntegrationTests$PrototypeScopedTestBean.class]
20:56:48.748 [Test worker] DEBUG o.s.c.a.ClassPathBeanDefinitionScanner - Identified candidate component class: file [/Users/lichangbao/github/spring_study/build/classes/java/test/org/springframework/context/annotation/jsr330/ClassPathBeanDefinitionScannerJsr330ScopeIntegrationTests$RequestScopedTestBean.class]
20:56:48.753 [Test worker] DEBUG o.s.c.a.ClassPathBeanDefinitionScanner - Identified candidate component class: file [/Users/lichangbao/github/spring_study/build/classes/java/test/org/springframework/context/annotation/jsr330/ClassPathBeanDefinitionScannerJsr330ScopeIntegrationTests$SessionScopedTestBean.class]
20:56:48.756 [Test worker] DEBUG o.s.c.a.ClassPathBeanDefinitionScanner - Identified candidate component class: file [/Users/lichangbao/github/spring_study/build/classes/java/test/org/springframework/context/annotation/jsr330/ClassPathBeanDefinitionScannerJsr330ScopeIntegrationTests$SingletonScopedTestBean.class]
20:56:48.763 [Test worker] DEBUG o.s.c.a.ClassPathBeanDefinitionScanner - Identified candidate component class: file [/Users/lichangbao/github/spring_study/build/classes/java/test/org/springframework/context/annotation/jsr330/ClassPathBeanDefinitionScannerJsr330ScopeIntegrationTests$PrototypeScopedTestBean.class]
20:56:48.763 [Test worker] DEBUG o.s.c.a.ClassPathBeanDefinitionScanner - Identified candidate component class: file [/Users/lichangbao/github/spring_study/build/classes/java/test/org/springframework/context/annotation/jsr330/ClassPathBeanDefinitionScannerJsr330ScopeIntegrationTests$RequestScopedTestBean.class]
20:56:48.763 [Test worker] DEBUG o.s.c.a.ClassPathBeanDefinitionScanner - Identified candidate component class: file [/Users/lichangbao/github/spring_study/build/classes/java/test/org/springframework/context/annotation/jsr330/ClassPathBeanDefinitionScannerJsr330ScopeIntegrationTests$SessionScopedTestBean.class]
20:56:48.763 [Test worker] DEBUG o.s.c.a.ClassPathBeanDefinitionScanner - Identified candidate component class: file [/Users/lichangbao/github/spring_study/build/classes/java/test/org/springframework/context/annotation/jsr330/ClassPathBeanDefinitionScannerJsr330ScopeIntegrationTests$SingletonScopedTestBean.class]
20:56:48.779 [Test worker] DEBUG o.s.w.c.s.GenericWebApplicationContext - Refreshing org.springframework.web.context.support.GenericWebApplicationContext@336d8b9c
20:56:48.781 [Test worker] DEBUG o.s.u.c.s.UiApplicationContextUtils - Unable to locate ThemeSource with name 'themeSource': using default [org.springframework.ui.context.support.ResourceBundleThemeSource@7d405658]
20:56:48.782 [Test worker] DEBUG o.s.b.f.s.DefaultListableBeanFactory - Creating shared instance of singleton bean 'request'
20:56:48.806 [Test worker] DEBUG o.s.b.f.s.DefaultListableBeanFactory - Creating shared instance of singleton bean 'classPathBeanDefinitionScannerJsr330ScopeIntegrationTests.SessionScopedTestBean'
20:56:48.816 [Test worker] DEBUG o.s.b.f.s.DefaultListableBeanFactory - Creating shared instance of singleton bean 'singleton'
20:56:48.855 [Test worker] DEBUG o.s.c.a.ClassPathBeanDefinitionScanner - Identified candidate component class: file [/Users/lichangbao/github/spring_study/build/classes/java/test/org/springframework/context/annotation/jsr330/ClassPathBeanDefinitionScannerJsr330ScopeIntegrationTests$PrototypeScopedTestBean.class]
20:56:48.856 [Test worker] DEBUG o.s.c.a.ClassPathBeanDefinitionScanner - Identified candidate component class: file [/Users/lichangbao/github/spring_study/build/classes/java/test/org/springframework/context/annotation/jsr330/ClassPathBeanDefinitionScannerJsr330ScopeIntegrationTests$RequestScopedTestBean.class]
20:56:48.858 [Test worker] DEBUG o.s.c.a.ClassPathBeanDefinitionScanner - Identified candidate component class: file [/Users/lichangbao/github/spring_study/build/classes/java/test/org/springframework/context/annotation/jsr330/ClassPathBeanDefinitionScannerJsr330ScopeIntegrationTests$SessionScopedTestBean.class]
20:56:48.858 [Test worker] DEBUG o.s.c.a.ClassPathBeanDefinitionScanner - Identified candidate component class: file [/Users/lichangbao/github/spring_study/build/classes/java/test/org/springframework/context/annotation/jsr330/ClassPathBeanDefinitionScannerJsr330ScopeIntegrationTests$SingletonScopedTestBean.class]
20:56:48.879 [Test worker] DEBUG o.s.c.a.ClassPathBeanDefinitionScanner - Identified candidate component class: file [/Users/lichangbao/github/spring_study/build/classes/java/test/org/springframework/context/annotation/jsr330/ClassPathBeanDefinitionScannerJsr330ScopeIntegrationTests$PrototypeScopedTestBean.class]
20:56:48.880 [Test worker] DEBUG o.s.c.a.ClassPathBeanDefinitionScanner - Identified candidate component class: file [/Users/lichangbao/github/spring_study/build/classes/java/test/org/springframework/context/annotation/jsr330/ClassPathBeanDefinitionScannerJsr330ScopeIntegrationTests$RequestScopedTestBean.class]
20:56:48.880 [Test worker] DEBUG o.s.c.a.ClassPathBeanDefinitionScanner - Identified candidate component class: file [/Users/lichangbao/github/spring_study/build/classes/java/test/org/springframework/context/annotation/jsr330/ClassPathBeanDefinitionScannerJsr330ScopeIntegrationTests$SessionScopedTestBean.class]
20:56:48.880 [Test worker] DEBUG o.s.c.a.ClassPathBeanDefinitionScanner - Identified candidate component class: file [/Users/lichangbao/github/spring_study/build/classes/java/test/org/springframework/context/annotation/jsr330/ClassPathBeanDefinitionScannerJsr330ScopeIntegrationTests$SingletonScopedTestBean.class]
20:56:48.882 [Test worker] DEBUG o.s.w.c.s.GenericWebApplicationContext - Refreshing org.springframework.web.context.support.GenericWebApplicationContext@7153b68f
20:56:48.883 [Test worker] DEBUG o.s.u.c.s.UiApplicationContextUtils - Unable to locate ThemeSource with name 'themeSource': using default [org.springframework.ui.context.support.ResourceBundleThemeSource@72a7485a]
20:56:48.884 [Test worker] DEBUG o.s.b.f.s.DefaultListableBeanFactory - Creating shared instance of singleton bean 'request'
20:56:48.894 [Test worker] DEBUG o.s.b.f.s.DefaultListableBeanFactory - Creating shared instance of singleton bean 'classPathBeanDefinitionScannerJsr330ScopeIntegrationTests.SessionScopedTestBean'
20:56:48.895 [Test worker] DEBUG o.s.b.f.s.DefaultListableBeanFactory - Creating shared instance of singleton bean 'singleton'
20:56:48.924 [Test worker] DEBUG o.s.c.a.ClassPathBeanDefinitionScanner - Identified candidate component class: file [/Users/lichangbao/github/spring_study/build/classes/java/test/org/springframework/context/annotation/jsr330/ClassPathBeanDefinitionScannerJsr330ScopeIntegrationTests$PrototypeScopedTestBean.class]
20:56:48.927 [Test worker] DEBUG o.s.c.a.ClassPathBeanDefinitionScanner - Identified candidate component class: file [/Users/lichangbao/github/spring_study/build/classes/java/test/org/springframework/context/annotation/jsr330/ClassPathBeanDefinitionScannerJsr330ScopeIntegrationTests$RequestScopedTestBean.class]
20:56:48.928 [Test worker] DEBUG o.s.c.a.ClassPathBeanDefinitionScanner - Identified candidate component class: file [/Users/lichangbao/github/spring_study/build/classes/java/test/org/springframework/context/annotation/jsr330/ClassPathBeanDefinitionScannerJsr330ScopeIntegrationTests$SessionScopedTestBean.class]
20:56:48.929 [Test worker] DEBUG o.s.c.a.ClassPathBeanDefinitionScanner - Identified candidate component class: file [/Users/lichangbao/github/spring_study/build/classes/java/test/org/springframework/context/annotation/jsr330/ClassPathBeanDefinitionScannerJsr330ScopeIntegrationTests$SingletonScopedTestBean.class]
20:56:48.938 [Test worker] DEBUG o.s.c.a.ClassPathBeanDefinitionScanner - Identified candidate component class: file [/Users/lichangbao/github/spring_study/build/classes/java/test/org/springframework/context/annotation/jsr330/ClassPathBeanDefinitionScannerJsr330ScopeIntegrationTests$PrototypeScopedTestBean.class]
20:56:48.938 [Test worker] DEBUG o.s.c.a.ClassPathBeanDefinitionScanner - Identified candidate component class: file [/Users/lichangbao/github/spring_study/build/classes/java/test/org/springframework/context/annotation/jsr330/ClassPathBeanDefinitionScannerJsr330ScopeIntegrationTests$RequestScopedTestBean.class]
20:56:48.940 [Test worker] DEBUG o.s.c.a.ClassPathBeanDefinitionScanner - Identified candidate component class: file [/Users/lichangbao/github/spring_study/build/classes/java/test/org/springframework/context/annotation/jsr330/ClassPathBeanDefinitionScannerJsr330ScopeIntegrationTests$SessionScopedTestBean.class]
20:56:48.940 [Test worker] DEBUG o.s.c.a.ClassPathBeanDefinitionScanner - Identified candidate component class: file [/Users/lichangbao/github/spring_study/build/classes/java/test/org/springframework/context/annotation/jsr330/ClassPathBeanDefinitionScannerJsr330ScopeIntegrationTests$SingletonScopedTestBean.class]
20:56:48.945 [Test worker] DEBUG o.s.w.c.s.GenericWebApplicationContext - Refreshing org.springframework.web.context.support.GenericWebApplicationContext@1e2c7f4f
20:56:48.946 [Test worker] DEBUG o.s.u.c.s.UiApplicationContextUtils - Unable to locate ThemeSource with name 'themeSource': using default [org.springframework.ui.context.support.ResourceBundleThemeSource@4c9258ff]
20:56:48.946 [Test worker] DEBUG o.s.b.f.s.DefaultListableBeanFactory - Creating shared instance of singleton bean 'singleton'
20:56:48.958 [Test worker] DEBUG o.s.c.a.ClassPathBeanDefinitionScanner - Identified candidate component class: file [/Users/lichangbao/github/spring_study/build/classes/java/test/org/springframework/context/annotation/jsr330/ClassPathBeanDefinitionScannerJsr330ScopeIntegrationTests$PrototypeScopedTestBean.class]
20:56:48.961 [Test worker] DEBUG o.s.c.a.ClassPathBeanDefinitionScanner - Identified candidate component class: file [/Users/lichangbao/github/spring_study/build/classes/java/test/org/springframework/context/annotation/jsr330/ClassPathBeanDefinitionScannerJsr330ScopeIntegrationTests$RequestScopedTestBean.class]
20:56:48.962 [Test worker] DEBUG o.s.c.a.ClassPathBeanDefinitionScanner - Identified candidate component class: file [/Users/lichangbao/github/spring_study/build/classes/java/test/org/springframework/context/annotation/jsr330/ClassPathBeanDefinitionScannerJsr330ScopeIntegrationTests$SessionScopedTestBean.class]
20:56:48.963 [Test worker] DEBUG o.s.c.a.ClassPathBeanDefinitionScanner - Identified candidate component class: file [/Users/lichangbao/github/spring_study/build/classes/java/test/org/springframework/context/annotation/jsr330/ClassPathBeanDefinitionScannerJsr330ScopeIntegrationTests$SingletonScopedTestBean.class]
20:56:48.978 [Test worker] DEBUG o.s.c.a.ClassPathBeanDefinitionScanner - Identified candidate component class: file [/Users/lichangbao/github/spring_study/build/classes/java/test/org/springframework/context/annotation/jsr330/ClassPathBeanDefinitionScannerJsr330ScopeIntegrationTests$PrototypeScopedTestBean.class]
20:56:48.978 [Test worker] DEBUG o.s.c.a.ClassPathBeanDefinitionScanner - Identified candidate component class: file [/Users/lichangbao/github/spring_study/build/classes/java/test/org/springframework/context/annotation/jsr330/ClassPathBeanDefinitionScannerJsr330ScopeIntegrationTests$RequestScopedTestBean.class]
20:56:48.978 [Test worker] DEBUG o.s.c.a.ClassPathBeanDefinitionScanner - Identified candidate component class: file [/Users/lichangbao/github/spring_study/build/classes/java/test/org/springframework/context/annotation/jsr330/ClassPathBeanDefinitionScannerJsr330ScopeIntegrationTests$SessionScopedTestBean.class]
20:56:48.979 [Test worker] DEBUG o.s.c.a.ClassPathBeanDefinitionScanner - Identified candidate component class: file [/Users/lichangbao/github/spring_study/build/classes/java/test/org/springframework/context/annotation/jsr330/ClassPathBeanDefinitionScannerJsr330ScopeIntegrationTests$SingletonScopedTestBean.class]
20:56:48.980 [Test worker] DEBUG o.s.w.c.s.GenericWebApplicationContext - Refreshing org.springframework.web.context.support.GenericWebApplicationContext@31b98025
20:56:48.981 [Test worker] DEBUG o.s.u.c.s.UiApplicationContextUtils - Unable to locate ThemeSource with name 'themeSource': using default [org.springframework.ui.context.support.ResourceBundleThemeSource@555c401e]
20:56:48.982 [Test worker] DEBUG o.s.b.f.s.DefaultListableBeanFactory - Creating shared instance of singleton bean 'request'
20:56:48.983 [Test worker] DEBUG o.s.b.f.s.DefaultListableBeanFactory - Creating shared instance of singleton bean 'classPathBeanDefinitionScannerJsr330ScopeIntegrationTests.SessionScopedTestBean'
20:56:48.987 [Test worker] DEBUG o.s.b.f.s.DefaultListableBeanFactory - Creating shared instance of singleton bean 'singleton'
20:56:49.005 [Test worker] DEBUG o.s.c.a.ClassPathBeanDefinitionScanner - Identified candidate component class: file [/Users/lichangbao/github/spring_study/build/classes/java/test/org/springframework/context/annotation/jsr330/ClassPathBeanDefinitionScannerJsr330ScopeIntegrationTests$PrototypeScopedTestBean.class]
20:56:49.006 [Test worker] DEBUG o.s.c.a.ClassPathBeanDefinitionScanner - Identified candidate component class: file [/Users/lichangbao/github/spring_study/build/classes/java/test/org/springframework/context/annotation/jsr330/ClassPathBeanDefinitionScannerJsr330ScopeIntegrationTests$RequestScopedTestBean.class]
20:56:49.008 [Test worker] DEBUG o.s.c.a.ClassPathBeanDefinitionScanner - Identified candidate component class: file [/Users/lichangbao/github/spring_study/build/classes/java/test/org/springframework/context/annotation/jsr330/ClassPathBeanDefinitionScannerJsr330ScopeIntegrationTests$SessionScopedTestBean.class]
20:56:49.009 [Test worker] DEBUG o.s.c.a.ClassPathBeanDefinitionScanner - Identified candidate component class: file [/Users/lichangbao/github/spring_study/build/classes/java/test/org/springframework/context/annotation/jsr330/ClassPathBeanDefinitionScannerJsr330ScopeIntegrationTests$SingletonScopedTestBean.class]
20:56:49.015 [Test worker] DEBUG o.s.c.a.ClassPathBeanDefinitionScanner - Identified candidate component class: file [/Users/lichangbao/github/spring_study/build/classes/java/test/org/springframework/context/annotation/jsr330/ClassPathBeanDefinitionScannerJsr330ScopeIntegrationTests$PrototypeScopedTestBean.class]
20:56:49.015 [Test worker] DEBUG o.s.c.a.ClassPathBeanDefinitionScanner - Identified candidate component class: file [/Users/lichangbao/github/spring_study/build/classes/java/test/org/springframework/context/annotation/jsr330/ClassPathBeanDefinitionScannerJsr330ScopeIntegrationTests$RequestScopedTestBean.class]
20:56:49.019 [Test worker] DEBUG o.s.c.a.ClassPathBeanDefinitionScanner - Identified candidate component class: file [/Users/lichangbao/github/spring_study/build/classes/java/test/org/springframework/context/annotation/jsr330/ClassPathBeanDefinitionScannerJsr330ScopeIntegrationTests$SessionScopedTestBean.class]
20:56:49.020 [Test worker] DEBUG o.s.c.a.ClassPathBeanDefinitionScanner - Identified candidate component class: file [/Users/lichangbao/github/spring_study/build/classes/java/test/org/springframework/context/annotation/jsr330/ClassPathBeanDefinitionScannerJsr330ScopeIntegrationTests$SingletonScopedTestBean.class]
20:56:49.021 [Test worker] DEBUG o.s.w.c.s.GenericWebApplicationContext - Refreshing org.springframework.web.context.support.GenericWebApplicationContext@28994a38
20:56:49.023 [Test worker] DEBUG o.s.u.c.s.UiApplicationContextUtils - Unable to locate ThemeSource with name 'themeSource': using default [org.springframework.ui.context.support.ResourceBundleThemeSource@1953bbfc]
20:56:49.023 [Test worker] DEBUG o.s.b.f.s.DefaultListableBeanFactory - Creating shared instance of singleton bean 'request'
20:56:49.025 [Test worker] DEBUG o.s.b.f.s.DefaultListableBeanFactory - Creating shared instance of singleton bean 'classPathBeanDefinitionScannerJsr330ScopeIntegrationTests.SessionScopedTestBean'
20:56:49.027 [Test worker] DEBUG o.s.b.f.s.DefaultListableBeanFactory - Creating shared instance of singleton bean 'singleton'
20:56:49.040 [Test worker] DEBUG o.s.c.a.ClassPathBeanDefinitionScanner - Identified candidate component class: file [/Users/lichangbao/github/spring_study/build/classes/java/test/org/springframework/context/annotation/jsr330/ClassPathBeanDefinitionScannerJsr330ScopeIntegrationTests$PrototypeScopedTestBean.class]
20:56:49.044 [Test worker] DEBUG o.s.c.a.ClassPathBeanDefinitionScanner - Identified candidate component class: file [/Users/lichangbao/github/spring_study/build/classes/java/test/org/springframework/context/annotation/jsr330/ClassPathBeanDefinitionScannerJsr330ScopeIntegrationTests$RequestScopedTestBean.class]
20:56:49.047 [Test worker] DEBUG o.s.c.a.ClassPathBeanDefinitionScanner - Identified candidate component class: file [/Users/lichangbao/github/spring_study/build/classes/java/test/org/springframework/context/annotation/jsr330/ClassPathBeanDefinitionScannerJsr330ScopeIntegrationTests$SessionScopedTestBean.class]
20:56:49.047 [Test worker] DEBUG o.s.c.a.ClassPathBeanDefinitionScanner - Identified candidate component class: file [/Users/lichangbao/github/spring_study/build/classes/java/test/org/springframework/context/annotation/jsr330/ClassPathBeanDefinitionScannerJsr330ScopeIntegrationTests$SingletonScopedTestBean.class]
20:56:49.064 [Test worker] DEBUG o.s.c.a.ClassPathBeanDefinitionScanner - Identified candidate component class: file [/Users/lichangbao/github/spring_study/build/classes/java/test/org/springframework/context/annotation/jsr330/ClassPathBeanDefinitionScannerJsr330ScopeIntegrationTests$PrototypeScopedTestBean.class]
20:56:49.065 [Test worker] DEBUG o.s.c.a.ClassPathBeanDefinitionScanner - Identified candidate component class: file [/Users/lichangbao/github/spring_study/build/classes/java/test/org/springframework/context/annotation/jsr330/ClassPathBeanDefinitionScannerJsr330ScopeIntegrationTests$RequestScopedTestBean.class]
20:56:49.065 [Test worker] DEBUG o.s.c.a.ClassPathBeanDefinitionScanner - Identified candidate component class: file [/Users/lichangbao/github/spring_study/build/classes/java/test/org/springframework/context/annotation/jsr330/ClassPathBeanDefinitionScannerJsr330ScopeIntegrationTests$SessionScopedTestBean.class]
20:56:49.066 [Test worker] DEBUG o.s.c.a.ClassPathBeanDefinitionScanner - Identified candidate component class: file [/Users/lichangbao/github/spring_study/build/classes/java/test/org/springframework/context/annotation/jsr330/ClassPathBeanDefinitionScannerJsr330ScopeIntegrationTests$SingletonScopedTestBean.class]
20:56:49.071 [Test worker] DEBUG o.s.w.c.s.GenericWebApplicationContext - Refreshing org.springframework.web.context.support.GenericWebApplicationContext@7bf9ea64
20:56:49.073 [Test worker] DEBUG o.s.u.c.s.UiApplicationContextUtils - Unable to locate ThemeSource with name 'themeSource': using default [org.springframework.ui.context.support.ResourceBundleThemeSource@49cd7c25]
20:56:49.076 [Test worker] DEBUG o.s.b.f.s.DefaultListableBeanFactory - Creating shared instance of singleton bean 'request'
20:56:49.078 [Test worker] DEBUG o.s.b.f.s.DefaultListableBeanFactory - Creating shared instance of singleton bean 'classPathBeanDefinitionScannerJsr330ScopeIntegrationTests.SessionScopedTestBean'
20:56:49.081 [Test worker] DEBUG o.s.b.f.s.DefaultListableBeanFactory - Creating shared instance of singleton bean 'singleton'
]]></system-out>
  <system-err><![CDATA[]]></system-err>
</testsuite>
