<?xml version="1.0" encoding="UTF-8"?>
<testsuite name="org.springframework.expression.spel.support.Spr7538Tests" tests="1" skipped="1" failures="0" errors="0" timestamp="2019-06-21T12:56:53" hostname="Macbook-Air.local" time="0.0">
  <properties/>
  <testcase name="repro" classname="org.springframework.expression.spel.support.Spr7538Tests" time="0.0">
    <skipped/>
  </testcase>
  <system-out><![CDATA[]]></system-out>
  <system-err><![CDATA[]]></system-err>
</testsuite>
