<?xml version="1.0" encoding="UTF-8"?>
<testsuite name="org.springframework.aop.config.AopNamespaceHandlerScopeIntegrationTests" tests="3" skipped="0" failures="0" errors="0" timestamp="2019-06-21T12:56:51" hostname="Macbook-Air.local" time="1.494">
  <properties/>
  <testcase name="testSessionScoping" classname="org.springframework.aop.config.AopNamespaceHandlerScopeIntegrationTests" time="1.075"/>
  <testcase name="testRequestScoping" classname="org.springframework.aop.config.AopNamespaceHandlerScopeIntegrationTests" time="0.158"/>
  <testcase name="testSingletonScoping" classname="org.springframework.aop.config.AopNamespaceHandlerScopeIntegrationTests" time="0.26"/>
  <system-out><![CDATA[20:56:51.813 [Test worker] DEBUG o.s.w.c.s.XmlWebApplicationContext - Refreshing Root WebApplicationContext
20:56:51.885 [Test worker] DEBUG o.s.b.f.x.XmlBeanDefinitionReader - Loaded 10 bean definitions from class path resource [org/springframework/aop/config/AopNamespaceHandlerScopeIntegrationTests-context.xml]
20:56:51.892 [Test worker] DEBUG o.s.b.f.s.DefaultListableBeanFactory - Creating shared instance of singleton bean 'org.springframework.aop.config.internalAutoProxyCreator'
20:56:51.900 [Test worker] DEBUG o.s.u.c.s.UiApplicationContextUtils - Unable to locate ThemeSource with name 'themeSource': using default [org.springframework.ui.context.support.ResourceBundleThemeSource@140e03d3]
20:56:51.910 [Test worker] DEBUG o.s.b.f.s.DefaultListableBeanFactory - Creating shared instance of singleton bean 'org.springframework.aop.support.DefaultBeanFactoryPointcutAdvisor#0'
20:56:51.990 [Test worker] DEBUG o.s.b.f.s.DefaultListableBeanFactory - Creating shared instance of singleton bean 'advice'
20:56:51.991 [Test worker] DEBUG o.s.b.f.s.DefaultListableBeanFactory - Creating shared instance of singleton bean 'testBean'
20:56:52.670 [Test worker] DEBUG o.s.b.f.s.DefaultListableBeanFactory - Creating shared instance of singleton bean 'scopedTarget.singletonScoped'
20:56:52.792 [Test worker] DEBUG o.s.b.f.s.DefaultListableBeanFactory - Creating shared instance of singleton bean 'singletonScoped'
20:56:52.827 [Test worker] DEBUG o.s.b.f.s.DefaultListableBeanFactory - Creating shared instance of singleton bean 'requestScoped'
20:56:52.871 [Test worker] DEBUG o.s.b.f.s.DefaultListableBeanFactory - Creating shared instance of singleton bean 'sessionScoped'
20:56:52.891 [Test worker] DEBUG o.s.w.c.s.XmlWebApplicationContext - Refreshing Root WebApplicationContext
20:56:52.945 [Test worker] DEBUG o.s.b.f.x.XmlBeanDefinitionReader - Loaded 10 bean definitions from class path resource [org/springframework/aop/config/AopNamespaceHandlerScopeIntegrationTests-context.xml]
20:56:52.947 [Test worker] DEBUG o.s.b.f.s.DefaultListableBeanFactory - Creating shared instance of singleton bean 'org.springframework.aop.config.internalAutoProxyCreator'
20:56:52.952 [Test worker] DEBUG o.s.u.c.s.UiApplicationContextUtils - Unable to locate ThemeSource with name 'themeSource': using default [org.springframework.ui.context.support.ResourceBundleThemeSource@300fcfc1]
20:56:52.959 [Test worker] DEBUG o.s.b.f.s.DefaultListableBeanFactory - Creating shared instance of singleton bean 'org.springframework.aop.support.DefaultBeanFactoryPointcutAdvisor#0'
20:56:52.963 [Test worker] DEBUG o.s.b.f.s.DefaultListableBeanFactory - Creating shared instance of singleton bean 'advice'
20:56:52.963 [Test worker] DEBUG o.s.b.f.s.DefaultListableBeanFactory - Creating shared instance of singleton bean 'testBean'
20:56:52.977 [Test worker] DEBUG o.s.b.f.s.DefaultListableBeanFactory - Creating shared instance of singleton bean 'scopedTarget.singletonScoped'
20:56:52.979 [Test worker] DEBUG o.s.b.f.s.DefaultListableBeanFactory - Creating shared instance of singleton bean 'singletonScoped'
20:56:52.980 [Test worker] DEBUG o.s.b.f.s.DefaultListableBeanFactory - Creating shared instance of singleton bean 'requestScoped'
20:56:52.981 [Test worker] DEBUG o.s.b.f.s.DefaultListableBeanFactory - Creating shared instance of singleton bean 'sessionScoped'
20:56:53.047 [Test worker] DEBUG o.s.w.c.s.XmlWebApplicationContext - Refreshing Root WebApplicationContext
20:56:53.095 [Test worker] DEBUG o.s.b.f.x.XmlBeanDefinitionReader - Loaded 10 bean definitions from class path resource [org/springframework/aop/config/AopNamespaceHandlerScopeIntegrationTests-context.xml]
20:56:53.096 [Test worker] DEBUG o.s.b.f.s.DefaultListableBeanFactory - Creating shared instance of singleton bean 'org.springframework.aop.config.internalAutoProxyCreator'
20:56:53.098 [Test worker] DEBUG o.s.u.c.s.UiApplicationContextUtils - Unable to locate ThemeSource with name 'themeSource': using default [org.springframework.ui.context.support.ResourceBundleThemeSource@d5abb0c]
20:56:53.099 [Test worker] DEBUG o.s.b.f.s.DefaultListableBeanFactory - Creating shared instance of singleton bean 'org.springframework.aop.support.DefaultBeanFactoryPointcutAdvisor#0'
20:56:53.107 [Test worker] DEBUG o.s.b.f.s.DefaultListableBeanFactory - Creating shared instance of singleton bean 'advice'
20:56:53.108 [Test worker] DEBUG o.s.b.f.s.DefaultListableBeanFactory - Creating shared instance of singleton bean 'testBean'
20:56:53.113 [Test worker] DEBUG o.s.b.f.s.DefaultListableBeanFactory - Creating shared instance of singleton bean 'scopedTarget.singletonScoped'
20:56:53.114 [Test worker] DEBUG o.s.b.f.s.DefaultListableBeanFactory - Creating shared instance of singleton bean 'singletonScoped'
20:56:53.115 [Test worker] DEBUG o.s.b.f.s.DefaultListableBeanFactory - Creating shared instance of singleton bean 'requestScoped'
20:56:53.122 [Test worker] DEBUG o.s.b.f.s.DefaultListableBeanFactory - Creating shared instance of singleton bean 'sessionScoped'
]]></system-out>
  <system-err><![CDATA[]]></system-err>
</testsuite>
