<?xml version="1.0" encoding="UTF-8"?>
<testsuite name="org.springframework.core.env.PropertyPlaceholderConfigurerEnvironmentIntegrationTests" tests="1" skipped="0" failures="0" errors="0" timestamp="2019-06-21T12:56:50" hostname="Macbook-Air.local" time="0.067">
  <properties/>
  <testcase name="test" classname="org.springframework.core.env.PropertyPlaceholderConfigurerEnvironmentIntegrationTests" time="0.067"/>
  <system-out><![CDATA[20:56:50.555 [Test worker] DEBUG o.s.c.s.GenericApplicationContext - Refreshing org.springframework.context.support.GenericApplicationContext@5c4c8325
20:56:50.557 [Test worker] DEBUG o.s.b.f.s.DefaultListableBeanFactory - Creating shared instance of singleton bean 'ppc'
20:56:50.609 [Test worker] DEBUG o.s.c.s.GenericApplicationContext - Closing org.springframework.context.support.GenericApplicationContext@5c4c8325, started on Fri Jun 21 20:56:50 CST 2019
]]></system-out>
  <system-err><![CDATA[]]></system-err>
</testsuite>
