<?xml version="1.0" encoding="UTF-8"?>
<testsuite name="org.springframework.orm.jpa.support.SharedEntityManagerFactoryTests" tests="1" skipped="0" failures="0" errors="0" timestamp="2019-06-21T11:43:49" hostname="Macbook-Air.local" time="0.005">
  <properties/>
  <testcase name="testValidUsage" classname="org.springframework.orm.jpa.support.SharedEntityManagerFactoryTests" time="0.005"/>
  <system-out><![CDATA[]]></system-out>
  <system-err><![CDATA[]]></system-err>
</testsuite>
