<?xml version="1.0" encoding="UTF-8"?>
<testsuite name="org.springframework.orm.jpa.DefaultJpaDialectTests" tests="3" skipped="0" failures="0" errors="0" timestamp="2020-11-25T14:40:24" hostname="lichangbaodeMacBook-Pro.local" time="0.001">
  <properties/>
  <testcase name="testDefaultTransactionDefinition" classname="org.springframework.orm.jpa.DefaultJpaDialectTests" time="0.001"/>
  <testcase name="testDefaultBeginTransaction" classname="org.springframework.orm.jpa.DefaultJpaDialectTests" time="0.0"/>
  <testcase name="testTranslateException" classname="org.springframework.orm.jpa.DefaultJpaDialectTests" time="0.0"/>
  <system-out><![CDATA[]]></system-out>
  <system-err><![CDATA[]]></system-err>
</testsuite>
