<?xml version="1.0" encoding="UTF-8"?>
<testsuite name="org.springframework.orm.jpa.hibernate.HibernateNativeEntityManagerFactoryIntegrationTests" tests="21" skipped="0" failures="0" errors="0" timestamp="2020-11-25T14:40:24" hostname="lichangbaodeMacBook-Pro.local" time="0.126">
  <properties/>
  <testcase name="testEntityManagerFactoryImplementsEntityManagerFactoryInfo" classname="org.springframework.orm.jpa.hibernate.HibernateNativeEntityManagerFactoryIntegrationTests" time="0.093"/>
  <testcase name="testCurrentSession" classname="org.springframework.orm.jpa.hibernate.HibernateNativeEntityManagerFactoryIntegrationTests" time="0.003"/>
  <testcase name="testEntityListener" classname="org.springframework.orm.jpa.hibernate.HibernateNativeEntityManagerFactoryIntegrationTests" time="0.001"/>
  <testcase name="testReadOnly" classname="org.springframework.orm.jpa.hibernate.HibernateNativeEntityManagerFactoryIntegrationTests" time="0.001"/>
  <testcase name="testJdbcTx2" classname="org.springframework.orm.jpa.hibernate.HibernateNativeEntityManagerFactoryIntegrationTests" time="0.002"/>
  <testcase name="testEntityManagerProxyRejectsProgrammaticTxManagement" classname="org.springframework.orm.jpa.hibernate.HibernateNativeEntityManagerFactoryIntegrationTests" time="0.0"/>
  <testcase name="testQueryNoPersons" classname="org.springframework.orm.jpa.hibernate.HibernateNativeEntityManagerFactoryIntegrationTests" time="0.001"/>
  <testcase name="testMultipleResults" classname="org.springframework.orm.jpa.hibernate.HibernateNativeEntityManagerFactoryIntegrationTests" time="0.001"/>
  <testcase name="testStateClean" classname="org.springframework.orm.jpa.hibernate.HibernateNativeEntityManagerFactoryIntegrationTests" time="0.001"/>
  <testcase name="testGetReferenceWhenNoRow" classname="org.springframework.orm.jpa.hibernate.HibernateNativeEntityManagerFactoryIntegrationTests" time="0.002"/>
  <testcase name="testInstantiateAndSaveWithSharedEmProxy" classname="org.springframework.orm.jpa.hibernate.HibernateNativeEntityManagerFactoryIntegrationTests" time="0.001"/>
  <testcase name="testQueryNoPersonsSharedNotTransactional" classname="org.springframework.orm.jpa.hibernate.HibernateNativeEntityManagerFactoryIntegrationTests" time="0.002"/>
  <testcase name="testJdbcTx1_1" classname="org.springframework.orm.jpa.hibernate.HibernateNativeEntityManagerFactoryIntegrationTests" time="0.001"/>
  <testcase name="testJdbcTx1_2" classname="org.springframework.orm.jpa.hibernate.HibernateNativeEntityManagerFactoryIntegrationTests" time="0.002"/>
  <testcase name="testJdbcTx1_3" classname="org.springframework.orm.jpa.hibernate.HibernateNativeEntityManagerFactoryIntegrationTests" time="0.001"/>
  <testcase name="testCanSerializeProxies" classname="org.springframework.orm.jpa.hibernate.HibernateNativeEntityManagerFactoryIntegrationTests" time="0.003"/>
  <testcase name="testQueryNoPersonsShared" classname="org.springframework.orm.jpa.hibernate.HibernateNativeEntityManagerFactoryIntegrationTests" time="0.002"/>
  <testcase name="testQueryNoPersonsNotTransactional" classname="org.springframework.orm.jpa.hibernate.HibernateNativeEntityManagerFactoryIntegrationTests" time="0.001"/>
  <testcase name="testEntityManagerProxyIsProxy" classname="org.springframework.orm.jpa.hibernate.HibernateNativeEntityManagerFactoryIntegrationTests" time="0.0"/>
  <testcase name="testBogusQuery" classname="org.springframework.orm.jpa.hibernate.HibernateNativeEntityManagerFactoryIntegrationTests" time="0.004"/>
  <testcase name="testLazyLoading" classname="org.springframework.orm.jpa.hibernate.HibernateNativeEntityManagerFactoryIntegrationTests" time="0.004"/>
  <system-out><![CDATA[22:40:24.450 [Test worker] ERROR o.h.h.i.a.ErrorTracker - line 1:1: unexpected token: It
22:40:24.450 [Test worker] ERROR o.h.h.i.a.ErrorTracker - line 1:1: unexpected token: It
antlr.NoViableAltException: unexpected token: It
	at org.hibernate.hql.internal.antlr.HqlBaseParser.statement(HqlBaseParser.java:210) ~[hibernate-core-5.4.3.Final.jar:5.4.3.Final]
	at org.hibernate.hql.internal.ast.QueryTranslatorImpl.parse(QueryTranslatorImpl.java:290) ~[hibernate-core-5.4.3.Final.jar:5.4.3.Final]
	at org.hibernate.hql.internal.ast.QueryTranslatorImpl.doCompile(QueryTranslatorImpl.java:189) ~[hibernate-core-5.4.3.Final.jar:5.4.3.Final]
	at org.hibernate.hql.internal.ast.QueryTranslatorImpl.compile(QueryTranslatorImpl.java:144) ~[hibernate-core-5.4.3.Final.jar:5.4.3.Final]
	at org.hibernate.engine.query.spi.HQLQueryPlan.<init>(HQLQueryPlan.java:113) ~[hibernate-core-5.4.3.Final.jar:5.4.3.Final]
	at org.hibernate.engine.query.spi.HQLQueryPlan.<init>(HQLQueryPlan.java:73) ~[hibernate-core-5.4.3.Final.jar:5.4.3.Final]
	at org.hibernate.engine.query.spi.QueryPlanCache.getHQLQueryPlan(QueryPlanCache.java:158) ~[hibernate-core-5.4.3.Final.jar:5.4.3.Final]
	at org.hibernate.internal.AbstractSharedSessionContract.getQueryPlan(AbstractSharedSessionContract.java:611) ~[hibernate-core-5.4.3.Final.jar:5.4.3.Final]
	at org.hibernate.internal.AbstractSharedSessionContract.createQuery(AbstractSharedSessionContract.java:720) ~[hibernate-core-5.4.3.Final.jar:5.4.3.Final]
	at org.hibernate.internal.AbstractSessionImpl.createQuery(AbstractSessionImpl.java:23) ~[hibernate-core-5.4.3.Final.jar:5.4.3.Final]
	at sun.reflect.GeneratedMethodAccessor39.invoke(Unknown Source) ~[?:?]
	at sun.reflect.DelegatingMethodAccessorImpl.invoke(DelegatingMethodAccessorImpl.java:43) ~[?:1.8.0_211]
	at java.lang.reflect.Method.invoke(Method.java:498) ~[?:1.8.0_211]
	at org.springframework.orm.jpa.SharedEntityManagerCreator$SharedEntityManagerInvocationHandler.invoke(SharedEntityManagerCreator.java:308) ~[main/:?]
	at com.sun.proxy.$Proxy54.createQuery(Unknown Source) ~[?:?]
	at org.springframework.orm.jpa.AbstractContainerEntityManagerFactoryIntegrationTests.lambda$testBogusQuery$0(AbstractContainerEntityManagerFactoryIntegrationTests.java:96) ~[test/:?]
	at org.assertj.core.api.ThrowableAssert.catchThrowable(ThrowableAssert.java:62) [assertj-core-3.12.2.jar:?]
	at org.assertj.core.api.ThrowableTypeAssert.isThrownBy(ThrowableTypeAssert.java:59) [assertj-core-3.12.2.jar:?]
	at org.springframework.orm.jpa.AbstractContainerEntityManagerFactoryIntegrationTests.testBogusQuery(AbstractContainerEntityManagerFactoryIntegrationTests.java:95) [test/:?]
	at sun.reflect.NativeMethodAccessorImpl.invoke0(Native Method) ~[?:1.8.0_211]
	at sun.reflect.NativeMethodAccessorImpl.invoke(NativeMethodAccessorImpl.java:62) ~[?:1.8.0_211]
	at sun.reflect.DelegatingMethodAccessorImpl.invoke(DelegatingMethodAccessorImpl.java:43) ~[?:1.8.0_211]
	at java.lang.reflect.Method.invoke(Method.java:498) ~[?:1.8.0_211]
	at org.junit.runners.model.FrameworkMethod$1.runReflectiveCall(FrameworkMethod.java:59) [junit-4.13-beta-3.jar:4.13-beta-3]
	at org.junit.internal.runners.model.ReflectiveCallable.run(ReflectiveCallable.java:12) [junit-4.13-beta-3.jar:4.13-beta-3]
	at org.junit.runners.model.FrameworkMethod.invokeExplosively(FrameworkMethod.java:56) [junit-4.13-beta-3.jar:4.13-beta-3]
	at org.junit.internal.runners.statements.InvokeMethod.evaluate(InvokeMethod.java:17) [junit-4.13-beta-3.jar:4.13-beta-3]
	at org.junit.internal.runners.statements.RunBefores.evaluate(RunBefores.java:26) [junit-4.13-beta-3.jar:4.13-beta-3]
	at org.junit.internal.runners.statements.RunAfters.evaluate(RunAfters.java:27) [junit-4.13-beta-3.jar:4.13-beta-3]
	at org.junit.runners.ParentRunner$3.evaluate(ParentRunner.java:305) [junit-4.13-beta-3.jar:4.13-beta-3]
	at org.junit.runners.BlockJUnit4ClassRunner$1.evaluate(BlockJUnit4ClassRunner.java:100) [junit-4.13-beta-3.jar:4.13-beta-3]
	at org.junit.runners.ParentRunner.runLeaf(ParentRunner.java:365) [junit-4.13-beta-3.jar:4.13-beta-3]
	at org.junit.runners.BlockJUnit4ClassRunner.runChild(BlockJUnit4ClassRunner.java:103) [junit-4.13-beta-3.jar:4.13-beta-3]
	at org.junit.runners.BlockJUnit4ClassRunner.runChild(BlockJUnit4ClassRunner.java:63) [junit-4.13-beta-3.jar:4.13-beta-3]
	at org.junit.runners.ParentRunner$4.run(ParentRunner.java:330) [junit-4.13-beta-3.jar:4.13-beta-3]
	at org.junit.runners.ParentRunner$1.schedule(ParentRunner.java:78) [junit-4.13-beta-3.jar:4.13-beta-3]
	at org.junit.runners.ParentRunner.runChildren(ParentRunner.java:328) [junit-4.13-beta-3.jar:4.13-beta-3]
	at org.junit.runners.ParentRunner.access$100(ParentRunner.java:65) [junit-4.13-beta-3.jar:4.13-beta-3]
	at org.junit.runners.ParentRunner$2.evaluate(ParentRunner.java:292) [junit-4.13-beta-3.jar:4.13-beta-3]
	at org.junit.internal.runners.statements.RunAfters.evaluate(RunAfters.java:27) [junit-4.13-beta-3.jar:4.13-beta-3]
	at org.junit.runners.ParentRunner$3.evaluate(ParentRunner.java:305) [junit-4.13-beta-3.jar:4.13-beta-3]
	at org.junit.runners.ParentRunner.run(ParentRunner.java:412) [junit-4.13-beta-3.jar:4.13-beta-3]
	at org.gradle.api.internal.tasks.testing.junit.JUnitTestClassExecutor.runTestClass(JUnitTestClassExecutor.java:106) [gradle-testing-jvm-4.10.3.jar:4.10.3]
	at org.gradle.api.internal.tasks.testing.junit.JUnitTestClassExecutor.execute(JUnitTestClassExecutor.java:58) [gradle-testing-jvm-4.10.3.jar:4.10.3]
	at org.gradle.api.internal.tasks.testing.junit.JUnitTestClassExecutor.execute(JUnitTestClassExecutor.java:38) [gradle-testing-jvm-4.10.3.jar:4.10.3]
	at org.gradle.api.internal.tasks.testing.junit.AbstractJUnitTestClassProcessor.processTestClass(AbstractJUnitTestClassProcessor.java:66) [gradle-testing-jvm-4.10.3.jar:4.10.3]
	at org.gradle.api.internal.tasks.testing.SuiteTestClassProcessor.processTestClass(SuiteTestClassProcessor.java:51) [gradle-testing-base-4.10.3.jar:4.10.3]
	at sun.reflect.NativeMethodAccessorImpl.invoke0(Native Method) ~[?:1.8.0_211]
	at sun.reflect.NativeMethodAccessorImpl.invoke(NativeMethodAccessorImpl.java:62) ~[?:1.8.0_211]
	at sun.reflect.DelegatingMethodAccessorImpl.invoke(DelegatingMethodAccessorImpl.java:43) ~[?:1.8.0_211]
	at java.lang.reflect.Method.invoke(Method.java:498) ~[?:1.8.0_211]
	at org.gradle.internal.dispatch.ReflectionDispatch.dispatch(ReflectionDispatch.java:35) [gradle-messaging-4.10.3.jar:4.10.3]
	at org.gradle.internal.dispatch.ReflectionDispatch.dispatch(ReflectionDispatch.java:24) [gradle-messaging-4.10.3.jar:4.10.3]
	at org.gradle.internal.dispatch.ContextClassLoaderDispatch.dispatch(ContextClassLoaderDispatch.java:32) [gradle-messaging-4.10.3.jar:4.10.3]
	at org.gradle.internal.dispatch.ProxyDispatchAdapter$DispatchingInvocationHandler.invoke(ProxyDispatchAdapter.java:93) [gradle-messaging-4.10.3.jar:4.10.3]
	at com.sun.proxy.$Proxy2.processTestClass(Unknown Source) [?:?]
	at org.gradle.api.internal.tasks.testing.worker.TestWorker.processTestClass(TestWorker.java:117) [gradle-testing-base-4.10.3.jar:4.10.3]
	at sun.reflect.NativeMethodAccessorImpl.invoke0(Native Method) ~[?:1.8.0_211]
	at sun.reflect.NativeMethodAccessorImpl.invoke(NativeMethodAccessorImpl.java:62) ~[?:1.8.0_211]
	at sun.reflect.DelegatingMethodAccessorImpl.invoke(DelegatingMethodAccessorImpl.java:43) ~[?:1.8.0_211]
	at java.lang.reflect.Method.invoke(Method.java:498) ~[?:1.8.0_211]
	at org.gradle.internal.dispatch.ReflectionDispatch.dispatch(ReflectionDispatch.java:35) [gradle-messaging-4.10.3.jar:4.10.3]
	at org.gradle.internal.dispatch.ReflectionDispatch.dispatch(ReflectionDispatch.java:24) [gradle-messaging-4.10.3.jar:4.10.3]
	at org.gradle.internal.remote.internal.hub.MessageHubBackedObjectConnection$DispatchWrapper.dispatch(MessageHubBackedObjectConnection.java:155) [gradle-messaging-4.10.3.jar:4.10.3]
	at org.gradle.internal.remote.internal.hub.MessageHubBackedObjectConnection$DispatchWrapper.dispatch(MessageHubBackedObjectConnection.java:137) [gradle-messaging-4.10.3.jar:4.10.3]
	at org.gradle.internal.remote.internal.hub.MessageHub$Handler.run(MessageHub.java:404) [gradle-messaging-4.10.3.jar:4.10.3]
	at org.gradle.internal.concurrent.ExecutorPolicy$CatchAndRecordFailures.onExecute(ExecutorPolicy.java:63) [gradle-base-services-4.10.3.jar:4.10.3]
	at org.gradle.internal.concurrent.ManagedExecutorImpl$1.run(ManagedExecutorImpl.java:46) [gradle-base-services-4.10.3.jar:4.10.3]
	at java.util.concurrent.ThreadPoolExecutor.runWorker(ThreadPoolExecutor.java:1149) [?:1.8.0_211]
	at java.util.concurrent.ThreadPoolExecutor$Worker.run(ThreadPoolExecutor.java:624) [?:1.8.0_211]
	at org.gradle.internal.concurrent.ThreadFactoryImpl$ManagedThreadRunnable.run(ThreadFactoryImpl.java:55) [gradle-base-services-4.10.3.jar:4.10.3]
	at java.lang.Thread.run(Thread.java:748) [?:1.8.0_211]
]]></system-out>
  <system-err><![CDATA[]]></system-err>
</testsuite>
