<?xml version="1.0" encoding="UTF-8"?>
<testsuite name="org.springframework.orm.jpa.hibernate.HibernateNativeEntityManagerFactorySpringBeanContainerIntegrationTests" tests="12" skipped="0" failures="0" errors="0" timestamp="2020-11-25T14:40:23" hostname="lichangbaodeMacBook-Pro.local" time="0.175">
  <properties/>
  <testcase name="testCanRetrieveBeanByTypeWithJpaCompliantOptions" classname="org.springframework.orm.jpa.hibernate.HibernateNativeEntityManagerFactorySpringBeanContainerIntegrationTests" time="0.155"/>
  <testcase name="testCanRetrieveFallbackBeanByTypeWithNativeOptions" classname="org.springframework.orm.jpa.hibernate.HibernateNativeEntityManagerFactorySpringBeanContainerIntegrationTests" time="0.002"/>
  <testcase name="testCanRetrieveFallbackBeanByNameWithJpaCompliantOptions" classname="org.springframework.orm.jpa.hibernate.HibernateNativeEntityManagerFactorySpringBeanContainerIntegrationTests" time="0.004"/>
  <testcase name="testCanRetrieveFallbackBeanByTypeWithJpaCompliantOptions" classname="org.springframework.orm.jpa.hibernate.HibernateNativeEntityManagerFactorySpringBeanContainerIntegrationTests" time="0.001"/>
  <testcase name="testCanRetrieveBeanByNameWithNativeOptions" classname="org.springframework.orm.jpa.hibernate.HibernateNativeEntityManagerFactorySpringBeanContainerIntegrationTests" time="0.004"/>
  <testcase name="testOriginalExceptionInCaseOfFallbackProducerFailure" classname="org.springframework.orm.jpa.hibernate.HibernateNativeEntityManagerFactorySpringBeanContainerIntegrationTests" time="0.001"/>
  <testcase name="testFallbackExceptionInCaseOfNoSpringBeanFound" classname="org.springframework.orm.jpa.hibernate.HibernateNativeEntityManagerFactorySpringBeanContainerIntegrationTests" time="0.001"/>
  <testcase name="testCanRetrieveFallbackBeanByNameWithNativeOptions" classname="org.springframework.orm.jpa.hibernate.HibernateNativeEntityManagerFactorySpringBeanContainerIntegrationTests" time="0.001"/>
  <testcase name="testOriginalExceptionInCaseOfFallbackProducerFailureByName" classname="org.springframework.orm.jpa.hibernate.HibernateNativeEntityManagerFactorySpringBeanContainerIntegrationTests" time="0.002"/>
  <testcase name="testCanRetrieveBeanByTypeWithNativeOptions" classname="org.springframework.orm.jpa.hibernate.HibernateNativeEntityManagerFactorySpringBeanContainerIntegrationTests" time="0.002"/>
  <testcase name="testCanRetrieveBeanByNameWithJpaCompliantOptions" classname="org.springframework.orm.jpa.hibernate.HibernateNativeEntityManagerFactorySpringBeanContainerIntegrationTests" time="0.002"/>
  <testcase name="testFallbackExceptionInCaseOfNoSpringBeanFoundByName" classname="org.springframework.orm.jpa.hibernate.HibernateNativeEntityManagerFactorySpringBeanContainerIntegrationTests" time="0.0"/>
  <system-out><![CDATA[]]></system-out>
  <system-err><![CDATA[]]></system-err>
</testsuite>
