<?xml version="1.0" encoding="UTF-8"?>
<testsuite name="org.springframework.orm.jpa.ContainerManagedEntityManagerIntegrationTests" tests="10" skipped="0" failures="0" errors="0" timestamp="2020-11-25T14:40:24" hostname="lichangbaodeMacBook-Pro.local" time="0.069">
  <properties/>
  <testcase name="testEntityManagerProxyRejectsProgrammaticTxManagement" classname="org.springframework.orm.jpa.ContainerManagedEntityManagerIntegrationTests" time="0.049"/>
  <testcase name="testContainerEntityManagerProxyAllowsJoinTransactionInTransaction" classname="org.springframework.orm.jpa.ContainerManagedEntityManagerIntegrationTests" time="0.002"/>
  <testcase name="testExceptionTranslationWithDialectFoundOnIntroducedEntityManagerInfo" classname="org.springframework.orm.jpa.ContainerManagedEntityManagerIntegrationTests" time="0.001"/>
  <testcase name="testExceptionTranslationWithDialectFoundOnEntityManagerFactoryBean" classname="org.springframework.orm.jpa.ContainerManagedEntityManagerIntegrationTests" time="0.0"/>
  <testcase name="testCommitOccurs" classname="org.springframework.orm.jpa.ContainerManagedEntityManagerIntegrationTests" time="0.004"/>
  <testcase name="testContainerEntityManagerProxyRejectsJoinTransactionWithoutTransaction" classname="org.springframework.orm.jpa.ContainerManagedEntityManagerIntegrationTests" time="0.0"/>
  <testcase name="testEntityManagerProxyIsProxy" classname="org.springframework.orm.jpa.ContainerManagedEntityManagerIntegrationTests" time="0.002"/>
  <testcase name="testRollbackOccurs" classname="org.springframework.orm.jpa.ContainerManagedEntityManagerIntegrationTests" time="0.003"/>
  <testcase name="testReuseInNewTransaction" classname="org.springframework.orm.jpa.ContainerManagedEntityManagerIntegrationTests" time="0.005"/>
  <testcase name="testInstantiateAndSave" classname="org.springframework.orm.jpa.ContainerManagedEntityManagerIntegrationTests" time="0.002"/>
  <system-out><![CDATA[[EL Info]: 2020-11-25 22:40:24.498--ServerSession(1190729837)--EclipseLink, version: Eclipse Persistence Services - 2.7.4.v20190115-ad5b7c6b2a
[EL Warning]: metadata: 2020-11-25 22:40:24.499--ServerSession(1190729837)--Reverting the lazy setting on the OneToOne or ManyToOne attribute [driversLicense] for the entity class [class org.springframework.orm.jpa.domain.Person] since weaving was not enabled or did not occur.
[EL Info]: connection: 2020-11-25 22:40:24.5--ServerSession(1190729837)--/file:/Users/lichangbao/resources/spring/spring-orm/build/classes/java/test/_Person login successful
[EL Fine]: sql: 2020-11-25 22:40:24.502--ServerSession(1190729837)--Connection(1644844875)--SELECT * FROM SEQUENCE WHERE SEQ_NAME = 'SEQ_GEN'
[EL Fine]: sql: 2020-11-25 22:40:24.511--ClientSession(1951933440)--Connection(1702980392)--SELECT COUNT(0) FROM person
[EL Fine]: sql: 2020-11-25 22:40:24.511--ClientSession(1951933440)--Connection(1702980392)--UPDATE SEQUENCE SET SEQ_COUNT = SEQ_COUNT + ? WHERE SEQ_NAME = ?
	bind => [50, SEQ_GEN]
[EL Fine]: sql: 2020-11-25 22:40:24.512--ClientSession(1951933440)--Connection(1702980392)--SELECT SEQ_COUNT FROM SEQUENCE WHERE SEQ_NAME = ?
	bind => [SEQ_GEN]
[EL Fine]: sql: 2020-11-25 22:40:24.512--ClientSession(1951933440)--Connection(1702980392)--INSERT INTO PERSON (ID, FIRST_NAME, LAST_NAME, DRIVERS_LICENSE_ID) VALUES (?, ?, ?, ?)
	bind => [51, Tony, Blair, null]
[EL Fine]: sql: 2020-11-25 22:40:24.513--ClientSession(1951933440)--Connection(1702980392)--SELECT COUNT(0) FROM person
[EL Fine]: sql: 2020-11-25 22:40:24.514--ServerSession(1190729837)--Connection(1354883995)--SELECT COUNT(0) FROM person
[EL Fine]: sql: 2020-11-25 22:40:24.516--ServerSession(1190729837)--Connection(236841531)--SELECT ID, FIRST_NAME, LAST_NAME, DRIVERS_LICENSE_ID FROM PERSON
[EL Fine]: sql: 2020-11-25 22:40:24.517--ClientSession(1905187408)--Connection(1978511699)--SELECT COUNT(0) FROM person
[EL Fine]: sql: 2020-11-25 22:40:24.518--ClientSession(1905187408)--Connection(1978511699)--INSERT INTO PERSON (ID, FIRST_NAME, LAST_NAME, DRIVERS_LICENSE_ID) VALUES (?, ?, ?, ?)
	bind => [52, Tony, Blair, null]
[EL Fine]: sql: 2020-11-25 22:40:24.519--ClientSession(1905187408)--Connection(1978511699)--SELECT COUNT(0) FROM person
[EL Fine]: sql: 2020-11-25 22:40:24.519--ServerSession(1190729837)--Connection(2069683802)--SELECT COUNT(0) FROM person
[EL Fine]: sql: 2020-11-25 22:40:24.521--ClientSession(282041961)--Connection(71242706)--SELECT COUNT(0) FROM person
[EL Fine]: sql: 2020-11-25 22:40:24.521--ClientSession(282041961)--Connection(71242706)--INSERT INTO PERSON (ID, FIRST_NAME, LAST_NAME, DRIVERS_LICENSE_ID) VALUES (?, ?, ?, ?)
	bind => [53, Tony, Blair, null]
[EL Fine]: sql: 2020-11-25 22:40:24.522--ClientSession(282041961)--Connection(71242706)--SELECT COUNT(0) FROM person
[EL Fine]: sql: 2020-11-25 22:40:24.523--ClientSession(725470534)--Connection(507550666)--SELECT COUNT(0) FROM person
[EL Fine]: sql: 2020-11-25 22:40:24.523--ClientSession(725470534)--Connection(507550666)--INSERT INTO PERSON (ID, FIRST_NAME, LAST_NAME, DRIVERS_LICENSE_ID) VALUES (?, ?, ?, ?)
	bind => [54, Tony, Blair, null]
[EL Fine]: sql: 2020-11-25 22:40:24.524--ClientSession(725470534)--Connection(507550666)--SELECT COUNT(0) FROM person
[EL Fine]: sql: 2020-11-25 22:40:24.524--ServerSession(1190729837)--Connection(101910585)--SELECT COUNT(0) FROM person
[EL Fine]: sql: 2020-11-25 22:40:24.526--ClientSession(2063269283)--Connection(1720955767)--SELECT COUNT(0) FROM person
[EL Fine]: sql: 2020-11-25 22:40:24.526--ClientSession(2063269283)--Connection(1720955767)--INSERT INTO PERSON (ID, FIRST_NAME, LAST_NAME, DRIVERS_LICENSE_ID) VALUES (?, ?, ?, ?)
	bind => [55, Tony, Blair, null]
[EL Fine]: sql: 2020-11-25 22:40:24.527--ClientSession(2063269283)--Connection(1720955767)--SELECT COUNT(0) FROM person
[EL Info]: connection: 2020-11-25 22:40:24.528--ServerSession(1190729837)--/file:/Users/lichangbao/resources/spring/spring-orm/build/classes/java/test/_Person logout successful
]]></system-out>
  <system-err><![CDATA[]]></system-err>
</testsuite>
