<?xml version="1.0" encoding="UTF-8"?>
<testsuite name="org.springframework.orm.jpa.ContainerManagedEntityManagerIntegrationTests" tests="10" skipped="0" failures="0" errors="0" timestamp="2019-06-21T11:43:48" hostname="Macbook-Air.local" time="0.177">
  <properties/>
  <testcase name="testEntityManagerProxyRejectsProgrammaticTxManagement" classname="org.springframework.orm.jpa.ContainerManagedEntityManagerIntegrationTests" time="0.112"/>
  <testcase name="testContainerEntityManagerProxyAllowsJoinTransactionInTransaction" classname="org.springframework.orm.jpa.ContainerManagedEntityManagerIntegrationTests" time="0.005"/>
  <testcase name="testExceptionTranslationWithDialectFoundOnIntroducedEntityManagerInfo" classname="org.springframework.orm.jpa.ContainerManagedEntityManagerIntegrationTests" time="0.001"/>
  <testcase name="testExceptionTranslationWithDialectFoundOnEntityManagerFactoryBean" classname="org.springframework.orm.jpa.ContainerManagedEntityManagerIntegrationTests" time="0.001"/>
  <testcase name="testCommitOccurs" classname="org.springframework.orm.jpa.ContainerManagedEntityManagerIntegrationTests" time="0.012"/>
  <testcase name="testContainerEntityManagerProxyRejectsJoinTransactionWithoutTransaction" classname="org.springframework.orm.jpa.ContainerManagedEntityManagerIntegrationTests" time="0.002"/>
  <testcase name="testEntityManagerProxyIsProxy" classname="org.springframework.orm.jpa.ContainerManagedEntityManagerIntegrationTests" time="0.003"/>
  <testcase name="testRollbackOccurs" classname="org.springframework.orm.jpa.ContainerManagedEntityManagerIntegrationTests" time="0.006"/>
  <testcase name="testReuseInNewTransaction" classname="org.springframework.orm.jpa.ContainerManagedEntityManagerIntegrationTests" time="0.025"/>
  <testcase name="testInstantiateAndSave" classname="org.springframework.orm.jpa.ContainerManagedEntityManagerIntegrationTests" time="0.007"/>
  <system-out><![CDATA[[EL Info]: 2019-06-21 19:43:48.121--ServerSession(1557789170)--EclipseLink, version: Eclipse Persistence Services - 2.7.4.v20190115-ad5b7c6b2a
[EL Warning]: metadata: 2019-06-21 19:43:48.124--ServerSession(1557789170)--Reverting the lazy setting on the OneToOne or ManyToOne attribute [driversLicense] for the entity class [class org.springframework.orm.jpa.domain.Person] since weaving was not enabled or did not occur.
[EL Info]: connection: 2019-06-21 19:43:48.126--ServerSession(1557789170)--/file:/Users/lichangbao/github/spring_study/spring-orm/build/classes/java/test/_Person login successful
[EL Fine]: sql: 2019-06-21 19:43:48.131--ServerSession(1557789170)--Connection(1640340641)--SELECT * FROM SEQUENCE WHERE SEQ_NAME = 'SEQ_GEN'
[EL Fine]: sql: 2019-06-21 19:43:48.153--ClientSession(1585491479)--Connection(512427937)--SELECT COUNT(0) FROM person
[EL Fine]: sql: 2019-06-21 19:43:48.155--ClientSession(1585491479)--Connection(512427937)--UPDATE SEQUENCE SET SEQ_COUNT = SEQ_COUNT + ? WHERE SEQ_NAME = ?
	bind => [50, SEQ_GEN]
[EL Fine]: sql: 2019-06-21 19:43:48.156--ClientSession(1585491479)--Connection(512427937)--SELECT SEQ_COUNT FROM SEQUENCE WHERE SEQ_NAME = ?
	bind => [SEQ_GEN]
[EL Fine]: sql: 2019-06-21 19:43:48.158--ClientSession(1585491479)--Connection(512427937)--INSERT INTO PERSON (ID, FIRST_NAME, LAST_NAME, DRIVERS_LICENSE_ID) VALUES (?, ?, ?, ?)
	bind => [51, Tony, Blair, null]
[EL Fine]: sql: 2019-06-21 19:43:48.159--ClientSession(1585491479)--Connection(512427937)--SELECT COUNT(0) FROM person
[EL Fine]: sql: 2019-06-21 19:43:48.161--ServerSession(1557789170)--Connection(2082168564)--SELECT COUNT(0) FROM person
[EL Fine]: sql: 2019-06-21 19:43:48.167--ServerSession(1557789170)--Connection(559800966)--SELECT ID, FIRST_NAME, LAST_NAME, DRIVERS_LICENSE_ID FROM PERSON
[EL Fine]: sql: 2019-06-21 19:43:48.17--ClientSession(446996772)--Connection(1804227884)--SELECT COUNT(0) FROM person
[EL Fine]: sql: 2019-06-21 19:43:48.171--ClientSession(446996772)--Connection(1804227884)--INSERT INTO PERSON (ID, FIRST_NAME, LAST_NAME, DRIVERS_LICENSE_ID) VALUES (?, ?, ?, ?)
	bind => [52, Tony, Blair, null]
[EL Fine]: sql: 2019-06-21 19:43:48.172--ClientSession(446996772)--Connection(1804227884)--SELECT COUNT(0) FROM person
[EL Fine]: sql: 2019-06-21 19:43:48.174--ServerSession(1557789170)--Connection(647081177)--SELECT COUNT(0) FROM person
[EL Fine]: sql: 2019-06-21 19:43:48.177--ClientSession(1173265093)--Connection(1317087746)--SELECT COUNT(0) FROM person
[EL Fine]: sql: 2019-06-21 19:43:48.178--ClientSession(1173265093)--Connection(1317087746)--INSERT INTO PERSON (ID, FIRST_NAME, LAST_NAME, DRIVERS_LICENSE_ID) VALUES (?, ?, ?, ?)
	bind => [53, Tony, Blair, null]
[EL Fine]: sql: 2019-06-21 19:43:48.179--ClientSession(1173265093)--Connection(1317087746)--SELECT COUNT(0) FROM person
[EL Fine]: sql: 2019-06-21 19:43:48.182--ClientSession(1823278573)--Connection(1388300384)--SELECT COUNT(0) FROM person
[EL Fine]: sql: 2019-06-21 19:43:48.183--ClientSession(1823278573)--Connection(1388300384)--INSERT INTO PERSON (ID, FIRST_NAME, LAST_NAME, DRIVERS_LICENSE_ID) VALUES (?, ?, ?, ?)
	bind => [54, Tony, Blair, null]
[EL Fine]: sql: 2019-06-21 19:43:48.184--ClientSession(1823278573)--Connection(1388300384)--SELECT COUNT(0) FROM person
[EL Fine]: sql: 2019-06-21 19:43:48.187--ServerSession(1557789170)--Connection(2086215190)--SELECT COUNT(0) FROM person
[EL Fine]: sql: 2019-06-21 19:43:48.203--ClientSession(1585514954)--Connection(1732004718)--SELECT COUNT(0) FROM person
[EL Fine]: sql: 2019-06-21 19:43:48.204--ClientSession(1585514954)--Connection(1732004718)--INSERT INTO PERSON (ID, FIRST_NAME, LAST_NAME, DRIVERS_LICENSE_ID) VALUES (?, ?, ?, ?)
	bind => [55, Tony, Blair, null]
[EL Fine]: sql: 2019-06-21 19:43:48.206--ClientSession(1585514954)--Connection(1732004718)--SELECT COUNT(0) FROM person
[EL Info]: connection: 2019-06-21 19:43:48.207--ServerSession(1557789170)--/file:/Users/lichangbao/github/spring_study/spring-orm/build/classes/java/test/_Person logout successful
]]></system-out>
  <system-err><![CDATA[]]></system-err>
</testsuite>
