<?xml version="1.0" encoding="UTF-8"?>
<testsuite name="org.springframework.orm.jpa.EntityManagerFactoryBeanSupportTests" tests="1" skipped="0" failures="0" errors="0" timestamp="2019-06-21T11:43:34" hostname="Macbook-Air.local" time="1.484">
  <properties/>
  <testcase name="testHookIsCalled" classname="org.springframework.orm.jpa.EntityManagerFactoryBeanSupportTests" time="1.484"/>
  <system-out><![CDATA[]]></system-out>
  <system-err><![CDATA[]]></system-err>
</testsuite>
