<?xml version="1.0" encoding="UTF-8"?>
<testsuite name="org.springframework.context.index.processor.PropertiesMarshallerTests" tests="2" skipped="0" failures="0" errors="0" timestamp="2020-11-25T14:38:45" hostname="lichangbaodeMacBook-Pro.local" time="0.1">
  <properties/>
  <testcase name="readWrite" classname="org.springframework.context.index.processor.PropertiesMarshallerTests" time="0.09"/>
  <testcase name="metadataIsWrittenDeterministically" classname="org.springframework.context.index.processor.PropertiesMarshallerTests" time="0.01"/>
  <system-out><![CDATA[]]></system-out>
  <system-err><![CDATA[]]></system-err>
</testsuite>
