<?xml version="1.0" encoding="UTF-8"?>
<testsuite name="org.springframework.context.index.processor.PropertiesMarshallerTests" tests="2" skipped="0" failures="0" errors="0" timestamp="2019-06-21T11:41:05" hostname="Macbook-Air.local" time="0.175">
  <properties/>
  <testcase name="readWrite" classname="org.springframework.context.index.processor.PropertiesMarshallerTests" time="0.152"/>
  <testcase name="metadataIsWrittenDeterministically" classname="org.springframework.context.index.processor.PropertiesMarshallerTests" time="0.022"/>
  <system-out><![CDATA[]]></system-out>
  <system-err><![CDATA[]]></system-err>
</testsuite>
