<?xml version="1.0" encoding="UTF-8"?>
<testsuite name="org.springframework.context.index.processor.CandidateComponentsIndexerTests" tests="25" skipped="0" failures="0" errors="0" timestamp="2020-11-25T14:38:45" hostname="lichangbaodeMacBook-Pro.local" time="1.67">
  <properties/>
  <testcase name="persistenceEmbeddable" classname="org.springframework.context.index.processor.CandidateComponentsIndexerTests" time="0.449"/>
  <testcase name="stereotypeService" classname="org.springframework.context.index.processor.CandidateComponentsIndexerTests" time="0.097"/>
  <testcase name="cdiNamed" classname="org.springframework.context.index.processor.CandidateComponentsIndexerTests" time="0.051"/>
  <testcase name="typeStereotypeFromInterfaceFromSuperClass" classname="org.springframework.context.index.processor.CandidateComponentsIndexerTests" time="0.043"/>
  <testcase name="typeStereotypeOnIndexedInterface" classname="org.springframework.context.index.processor.CandidateComponentsIndexerTests" time="0.042"/>
  <testcase name="stereotypeRepository" classname="org.springframework.context.index.processor.CandidateComponentsIndexerTests" time="0.08"/>
  <testcase name="stereotypeControllerMetaAnnotation" classname="org.springframework.context.index.processor.CandidateComponentsIndexerTests" time="0.047"/>
  <testcase name="embeddedNonStaticCandidateAreIgnored" classname="org.springframework.context.index.processor.CandidateComponentsIndexerTests" time="0.038"/>
  <testcase name="noAnnotation" classname="org.springframework.context.index.processor.CandidateComponentsIndexerTests" time="0.247"/>
  <testcase name="typeStereotypeFromMetaInterface" classname="org.springframework.context.index.processor.CandidateComponentsIndexerTests" time="0.03"/>
  <testcase name="stereotypeOnAbstractClass" classname="org.springframework.context.index.processor.CandidateComponentsIndexerTests" time="0.03"/>
  <testcase name="typeStereotypeFromSeveralInterfaces" classname="org.springframework.context.index.processor.CandidateComponentsIndexerTests" time="0.033"/>
  <testcase name="typeStereotypeOnInterfaceFromSeveralInterfaces" classname="org.springframework.context.index.processor.CandidateComponentsIndexerTests" time="0.031"/>
  <testcase name="cdiManagedBean" classname="org.springframework.context.index.processor.CandidateComponentsIndexerTests" time="0.031"/>
  <testcase name="embeddedCandidatesAreDetected" classname="org.springframework.context.index.processor.CandidateComponentsIndexerTests" time="0.04"/>
  <testcase name="stereotypeControllerMetaIndex" classname="org.springframework.context.index.processor.CandidateComponentsIndexerTests" time="0.041"/>
  <testcase name="persistenceEntity" classname="org.springframework.context.index.processor.CandidateComponentsIndexerTests" time="0.028"/>
  <testcase name="packageInfo" classname="org.springframework.context.index.processor.CandidateComponentsIndexerTests" time="0.038"/>
  <testcase name="persistenceConverter" classname="org.springframework.context.index.processor.CandidateComponentsIndexerTests" time="0.028"/>
  <testcase name="typeStereotypeOnInterface" classname="org.springframework.context.index.processor.CandidateComponentsIndexerTests" time="0.026"/>
  <testcase name="cdiTransactional" classname="org.springframework.context.index.processor.CandidateComponentsIndexerTests" time="0.029"/>
  <testcase name="persistenceMappedSuperClass" classname="org.springframework.context.index.processor.CandidateComponentsIndexerTests" time="0.028"/>
  <testcase name="stereotypeController" classname="org.springframework.context.index.processor.CandidateComponentsIndexerTests" time="0.063"/>
  <testcase name="noCandidate" classname="org.springframework.context.index.processor.CandidateComponentsIndexerTests" time="0.065"/>
  <testcase name="stereotypeComponent" classname="org.springframework.context.index.processor.CandidateComponentsIndexerTests" time="0.03"/>
  <system-out><![CDATA[]]></system-out>
  <system-err><![CDATA[]]></system-err>
</testsuite>
