<?xml version="1.0" encoding="UTF-8"?>
<testsuite name="org.springframework.beans.propertyeditors.CharArrayPropertyEditorTests" tests="2" skipped="0" failures="0" errors="0" timestamp="2019-06-21T11:39:28" hostname="Macbook-Air.local" time="0.001">
  <properties/>
  <testcase name="getAsTextReturnsEmptyStringIfValueIsNull" classname="org.springframework.beans.propertyeditors.CharArrayPropertyEditorTests" time="0.0"/>
  <testcase name="sunnyDaySetAsText" classname="org.springframework.beans.propertyeditors.CharArrayPropertyEditorTests" time="0.0"/>
  <system-out><![CDATA[]]></system-out>
  <system-err><![CDATA[]]></system-err>
</testsuite>
