<?xml version="1.0" encoding="UTF-8"?>
<testsuite name="org.springframework.beans.factory.FactoryBeanTests" tests="6" skipped="0" failures="0" errors="0" timestamp="2020-11-25T14:37:53" hostname="lichangbaodeMacBook-Pro.local" time="0.047">
  <properties/>
  <testcase name="testCircularReferenceWithPostProcessor" classname="org.springframework.beans.factory.FactoryBeanTests" time="0.016"/>
  <testcase name="testFactoryBeansWithIntermediateFactoryBeanAutowiringFailure" classname="org.springframework.beans.factory.FactoryBeanTests" time="0.022"/>
  <testcase name="testFactoryBeanReturnsNull" classname="org.springframework.beans.factory.FactoryBeanTests" time="0.002"/>
  <testcase name="testAbstractFactoryBeanViaType" classname="org.springframework.beans.factory.FactoryBeanTests" time="0.002"/>
  <testcase name="testAbstractFactoryBeanViaAnnotation" classname="org.springframework.beans.factory.FactoryBeanTests" time="0.002"/>
  <testcase name="testFactoryBeansWithAutowiring" classname="org.springframework.beans.factory.FactoryBeanTests" time="0.003"/>
  <system-out><![CDATA[]]></system-out>
  <system-err><![CDATA[]]></system-err>
</testsuite>
