<?xml version="1.0" encoding="UTF-8"?>
<testsuite name="org.springframework.beans.factory.annotation.LookupAnnotationTests" tests="6" skipped="0" failures="0" errors="0" timestamp="2020-11-25T14:37:54" hostname="lichangbaodeMacBook-Pro.local" time="0.081">
  <properties/>
  <testcase name="testWithoutConstructorArg" classname="org.springframework.beans.factory.annotation.LookupAnnotationTests" time="0.063"/>
  <testcase name="testWithOverloadedArg" classname="org.springframework.beans.factory.annotation.LookupAnnotationTests" time="0.005"/>
  <testcase name="testWithThreeArgsShouldFail" classname="org.springframework.beans.factory.annotation.LookupAnnotationTests" time="0.003"/>
  <testcase name="testWithEarlyInjection" classname="org.springframework.beans.factory.annotation.LookupAnnotationTests" time="0.004"/>
  <testcase name="testWithOneConstructorArg" classname="org.springframework.beans.factory.annotation.LookupAnnotationTests" time="0.003"/>
  <testcase name="testWithTwoConstructorArg" classname="org.springframework.beans.factory.annotation.LookupAnnotationTests" time="0.003"/>
  <system-out><![CDATA[]]></system-out>
  <system-err><![CDATA[]]></system-err>
</testsuite>
