<?xml version="1.0" encoding="UTF-8"?>
<testsuite name="org.springframework.beans.propertyeditors.PathEditorTests" tests="6" skipped="0" failures="0" errors="0" timestamp="2019-06-21T11:39:28" hostname="Macbook-Air.local" time="0.02">
  <properties/>
  <testcase name="testUnqualifiedPathNameFound" classname="org.springframework.beans.propertyeditors.PathEditorTests" time="0.013"/>
  <testcase name="testUnqualifiedPathNameNotFound" classname="org.springframework.beans.propertyeditors.PathEditorTests" time="0.002"/>
  <testcase name="testAbsolutePath" classname="org.springframework.beans.propertyeditors.PathEditorTests" time="0.001"/>
  <testcase name="testWithNonExistentResource" classname="org.springframework.beans.propertyeditors.PathEditorTests" time="0.003"/>
  <testcase name="testWithNonExistentPath" classname="org.springframework.beans.propertyeditors.PathEditorTests" time="0.001"/>
  <testcase name="testClasspathPathName" classname="org.springframework.beans.propertyeditors.PathEditorTests" time="0.0"/>
  <system-out><![CDATA[]]></system-out>
  <system-err><![CDATA[]]></system-err>
</testsuite>
