<?xml version="1.0" encoding="UTF-8"?>
<testsuite name="org.springframework.beans.factory.BeanFactoryExtensionsTests" tests="4" skipped="0" failures="0" errors="0" timestamp="2019-06-21T11:39:40" hostname="Macbook-Air.local" time="4.8">
  <properties/>
  <testcase name="getBean with reified type parameters and varargs" classname="org.springframework.beans.factory.BeanFactoryExtensionsTests" time="4.472"/>
  <testcase name="getBean with reified type parameters" classname="org.springframework.beans.factory.BeanFactoryExtensionsTests" time="0.008"/>
  <testcase name="getBean with String and reified type parameters" classname="org.springframework.beans.factory.BeanFactoryExtensionsTests" time="0.007"/>
  <testcase name="getBeanProvider with reified type parameters" classname="org.springframework.beans.factory.BeanFactoryExtensionsTests" time="0.307"/>
  <system-out><![CDATA[]]></system-out>
  <system-err><![CDATA[]]></system-err>
</testsuite>
