<?xml version="1.0" encoding="UTF-8"?>
<testsuite name="org.springframework.beans.factory.FactoryBeanTests" tests="6" skipped="0" failures="0" errors="0" timestamp="2019-06-21T11:39:29" hostname="Macbook-Air.local" time="0.172">
  <properties/>
  <testcase name="testCircularReferenceWithPostProcessor" classname="org.springframework.beans.factory.FactoryBeanTests" time="0.059"/>
  <testcase name="testFactoryBeansWithIntermediateFactoryBeanAutowiringFailure" classname="org.springframework.beans.factory.FactoryBeanTests" time="0.083"/>
  <testcase name="testFactoryBeanReturnsNull" classname="org.springframework.beans.factory.FactoryBeanTests" time="0.009"/>
  <testcase name="testAbstractFactoryBeanViaType" classname="org.springframework.beans.factory.FactoryBeanTests" time="0.009"/>
  <testcase name="testAbstractFactoryBeanViaAnnotation" classname="org.springframework.beans.factory.FactoryBeanTests" time="0.003"/>
  <testcase name="testFactoryBeansWithAutowiring" classname="org.springframework.beans.factory.FactoryBeanTests" time="0.007"/>
  <system-out><![CDATA[]]></system-out>
  <system-err><![CDATA[]]></system-err>
</testsuite>
