<?xml version="1.0" encoding="UTF-8"?>
<testsuite name="org.springframework.beans.propertyeditors.CustomCollectionEditorTests" tests="6" skipped="0" failures="0" errors="0" timestamp="2020-11-25T14:37:52" hostname="lichangbaodeMacBook-Pro.local" time="0.002">
  <properties/>
  <testcase name="testCtorWithNullCollectionType" classname="org.springframework.beans.propertyeditors.CustomCollectionEditorTests" time="0.0"/>
  <testcase name="testSunnyDaySetValue" classname="org.springframework.beans.propertyeditors.CustomCollectionEditorTests" time="0.0"/>
  <testcase name="testWhenTargetTypeIsExactlyTheCollectionInterfaceUsesFallbackCollectionType" classname="org.springframework.beans.propertyeditors.CustomCollectionEditorTests" time="0.0"/>
  <testcase name="testWithCollectionTypeThatDoesNotExposeAPublicNoArgCtor" classname="org.springframework.beans.propertyeditors.CustomCollectionEditorTests" time="0.002"/>
  <testcase name="testSunnyDaySetAsTextYieldsSingleValue" classname="org.springframework.beans.propertyeditors.CustomCollectionEditorTests" time="0.0"/>
  <testcase name="testCtorWithNonCollectionType" classname="org.springframework.beans.propertyeditors.CustomCollectionEditorTests" time="0.0"/>
  <system-out><![CDATA[]]></system-out>
  <system-err><![CDATA[]]></system-err>
</testsuite>
