<?xml version="1.0" encoding="UTF-8"?>
<testsuite name="org.springframework.beans.propertyeditors.ResourceBundleEditorTests" tests="9" skipped="0" failures="0" errors="0" timestamp="2019-06-21T11:39:28" hostname="Macbook-Air.local" time="0.023">
  <properties/>
  <testcase name="testSetAsTextWithNull" classname="org.springframework.beans.propertyeditors.ResourceBundleEditorTests" time="0.001"/>
  <testcase name="testSetAsTextWithEmptyString" classname="org.springframework.beans.propertyeditors.ResourceBundleEditorTests" time="0.0"/>
  <testcase name="testSetAsTextWithTheKitchenSink" classname="org.springframework.beans.propertyeditors.ResourceBundleEditorTests" time="0.005"/>
  <testcase name="testSetAsTextWithBaseNameAndLanguageCode" classname="org.springframework.beans.propertyeditors.ResourceBundleEditorTests" time="0.003"/>
  <testcase name="testSetAsTextWithWhiteSpaceString" classname="org.springframework.beans.propertyeditors.ResourceBundleEditorTests" time="0.001"/>
  <testcase name="testSetAsTextWithBaseNameLanguageAndCountryCode" classname="org.springframework.beans.propertyeditors.ResourceBundleEditorTests" time="0.004"/>
  <testcase name="testSetAsTextWithBaseNameThatEndsInDefaultSeparator" classname="org.springframework.beans.propertyeditors.ResourceBundleEditorTests" time="0.006"/>
  <testcase name="testSetAsTextWithJustBaseName" classname="org.springframework.beans.propertyeditors.ResourceBundleEditorTests" time="0.001"/>
  <testcase name="testSetAsTextWithJustSeparatorString" classname="org.springframework.beans.propertyeditors.ResourceBundleEditorTests" time="0.001"/>
  <system-out><![CDATA[]]></system-out>
  <system-err><![CDATA[]]></system-err>
</testsuite>
