<?xml version="1.0" encoding="UTF-8"?>
<testsuite name="org.springframework.beans.factory.BeanFactoryExtensionsTests" tests="4" skipped="0" failures="0" errors="0" timestamp="2020-11-25T14:37:59" hostname="lichangbaodeMacBook-Pro.local" time="3.289">
  <properties/>
  <testcase name="getBean with reified type parameters and varargs" classname="org.springframework.beans.factory.BeanFactoryExtensionsTests" time="3.061"/>
  <testcase name="getBean with reified type parameters" classname="org.springframework.beans.factory.BeanFactoryExtensionsTests" time="0.004"/>
  <testcase name="getBean with String and reified type parameters" classname="org.springframework.beans.factory.BeanFactoryExtensionsTests" time="0.003"/>
  <testcase name="getBeanProvider with reified type parameters" classname="org.springframework.beans.factory.BeanFactoryExtensionsTests" time="0.221"/>
  <system-out><![CDATA[]]></system-out>
  <system-err><![CDATA[]]></system-err>
</testsuite>
