<?xml version="1.0" encoding="UTF-8"?>
<testsuite name="org.springframework.beans.support.PropertyComparatorTests" tests="4" skipped="0" failures="0" errors="0" timestamp="2020-11-25T14:37:52" hostname="lichangbaodeMacBook-Pro.local" time="0.008">
  <properties/>
  <testcase name="testPropertyComparatorNulls" classname="org.springframework.beans.support.PropertyComparatorTests" time="0.005"/>
  <testcase name="testChainedComparatorsReversed" classname="org.springframework.beans.support.PropertyComparatorTests" time="0.003"/>
  <testcase name="testPropertyComparator" classname="org.springframework.beans.support.PropertyComparatorTests" time="0.0"/>
  <testcase name="testChainedComparators" classname="org.springframework.beans.support.PropertyComparatorTests" time="0.0"/>
  <system-out><![CDATA[]]></system-out>
  <system-err><![CDATA[]]></system-err>
</testsuite>
