<?xml version="1.0" encoding="UTF-8"?>
<testsuite name="org.springframework.beans.factory.xml.MetadataAttachmentTests" tests="3" skipped="0" failures="0" errors="0" timestamp="2020-11-25T14:37:54" hostname="lichangbaodeMacBook-Pro.local" time="0.017">
  <properties/>
  <testcase name="propertyMetadata" classname="org.springframework.beans.factory.xml.MetadataAttachmentTests" time="0.005"/>
  <testcase name="metadataIsInherited" classname="org.springframework.beans.factory.xml.MetadataAttachmentTests" time="0.005"/>
  <testcase name="metadataAttachment" classname="org.springframework.beans.factory.xml.MetadataAttachmentTests" time="0.007"/>
  <system-out><![CDATA[]]></system-out>
  <system-err><![CDATA[]]></system-err>
</testsuite>
