<?xml version="1.0" encoding="UTF-8"?>
<testsuite name="org.springframework.beans.factory.xml.EventPublicationTests" tests="4" skipped="0" failures="0" errors="0" timestamp="2020-11-25T14:37:56" hostname="lichangbaodeMacBook-Pro.local" time="0.016">
  <properties/>
  <testcase name="beanEventReceived" classname="org.springframework.beans.factory.xml.EventPublicationTests" time="0.007"/>
  <testcase name="importEventReceived" classname="org.springframework.beans.factory.xml.EventPublicationTests" time="0.003"/>
  <testcase name="aliasEventReceived" classname="org.springframework.beans.factory.xml.EventPublicationTests" time="0.003"/>
  <testcase name="defaultsEventReceived" classname="org.springframework.beans.factory.xml.EventPublicationTests" time="0.003"/>
  <system-out><![CDATA[]]></system-out>
  <system-err><![CDATA[]]></system-err>
</testsuite>
