<?xml version="1.0" encoding="UTF-8"?>
<testsuite name="org.springframework.beans.factory.config.ServiceLocatorFactoryBeanTests" tests="12" skipped="2" failures="0" errors="0" timestamp="2019-06-21T11:39:32" hostname="Macbook-Air.local" time="0.047">
  <properties/>
  <testcase name="testWhenServiceLocatorExceptionClassIsNotAnExceptionSubclass" classname="org.springframework.beans.factory.config.ServiceLocatorFactoryBeanTests" time="0.001"/>
  <testcase name="testStringArgGetter" classname="org.springframework.beans.factory.config.ServiceLocatorFactoryBeanTests" time="0.016"/>
  <testcase name="testWhenServiceLocatorMethodCalledWithTooManyParameters" classname="org.springframework.beans.factory.config.ServiceLocatorFactoryBeanTests" time="0.005"/>
  <testcase name="testErrorOnTooManyOrTooFew" classname="org.springframework.beans.factory.config.ServiceLocatorFactoryBeanTests" time="0.014"/>
  <testcase name="testCombinedLocatorInterface" classname="org.springframework.beans.factory.config.ServiceLocatorFactoryBeanTests" time="0.0">
    <skipped/>
  </testcase>
  <testcase name="testRequiresListableBeanFactoryAndChokesOnAnythingElse" classname="org.springframework.beans.factory.config.ServiceLocatorFactoryBeanTests" time="0.001"/>
  <testcase name="testServiceMappings" classname="org.springframework.beans.factory.config.ServiceLocatorFactoryBeanTests" time="0.0">
    <skipped/>
  </testcase>
  <testcase name="testWhenServiceLocatorInterfaceIsNotAnInterfaceType" classname="org.springframework.beans.factory.config.ServiceLocatorFactoryBeanTests" time="0.001"/>
  <testcase name="testErrorOnTooManyOrTooFewWithCustomServiceLocatorException" classname="org.springframework.beans.factory.config.ServiceLocatorFactoryBeanTests" time="0.004"/>
  <testcase name="testNoServiceLocatorInterfaceSupplied" classname="org.springframework.beans.factory.config.ServiceLocatorFactoryBeanTests" time="0.0"/>
  <testcase name="testNoArgGetter" classname="org.springframework.beans.factory.config.ServiceLocatorFactoryBeanTests" time="0.001"/>
  <testcase name="testWhenServiceLocatorExceptionClassToExceptionTypeWithOnlyNoArgCtor" classname="org.springframework.beans.factory.config.ServiceLocatorFactoryBeanTests" time="0.003"/>
  <system-out><![CDATA[]]></system-out>
  <system-err><![CDATA[]]></system-err>
</testsuite>
