<?xml version="1.0" encoding="UTF-8"?>
<testsuite name="org.springframework.beans.factory.xml.EventPublicationTests" tests="4" skipped="0" failures="0" errors="0" timestamp="2019-06-21T11:39:36" hostname="Macbook-Air.local" time="0.032">
  <properties/>
  <testcase name="beanEventReceived" classname="org.springframework.beans.factory.xml.EventPublicationTests" time="0.013"/>
  <testcase name="importEventReceived" classname="org.springframework.beans.factory.xml.EventPublicationTests" time="0.005"/>
  <testcase name="aliasEventReceived" classname="org.springframework.beans.factory.xml.EventPublicationTests" time="0.006"/>
  <testcase name="defaultsEventReceived" classname="org.springframework.beans.factory.xml.EventPublicationTests" time="0.007"/>
  <system-out><![CDATA[]]></system-out>
  <system-err><![CDATA[]]></system-err>
</testsuite>
