<?xml version="1.0" encoding="UTF-8"?>
<testsuite name="org.springframework.beans.factory.xml.NestedBeansElementTests" tests="2" skipped="0" failures="0" errors="0" timestamp="2020-11-25T14:37:55" hostname="lichangbaodeMacBook-Pro.local" time="0.012">
  <properties/>
  <testcase name="getBean_withActiveProfile" classname="org.springframework.beans.factory.xml.NestedBeansElementTests" time="0.006"/>
  <testcase name="getBean_withoutActiveProfile" classname="org.springframework.beans.factory.xml.NestedBeansElementTests" time="0.006"/>
  <system-out><![CDATA[]]></system-out>
  <system-err><![CDATA[]]></system-err>
</testsuite>
