<?xml version="1.0" encoding="UTF-8"?>
<testsuite name="org.springframework.beans.factory.config.YamlProcessorTests" tests="8" skipped="0" failures="0" errors="0" timestamp="2020-11-25T14:37:54" hostname="lichangbaodeMacBook-Pro.local" time="0.011">
  <properties/>
  <testcase name="arrayConvertedToIndexedBeanReference" classname="org.springframework.beans.factory.config.YamlProcessorTests" time="0.003"/>
  <testcase name="stringResource" classname="org.springframework.beans.factory.config.YamlProcessorTests" time="0.001"/>
  <testcase name="integerKeyBehaves" classname="org.springframework.beans.factory.config.YamlProcessorTests" time="0.001"/>
  <testcase name="integerDeepKeyBehaves" classname="org.springframework.beans.factory.config.YamlProcessorTests" time="0.001"/>
  <testcase name="mapConvertedToIndexedBeanReference" classname="org.springframework.beans.factory.config.YamlProcessorTests" time="0.001"/>
  <testcase name="badDocumentStart" classname="org.springframework.beans.factory.config.YamlProcessorTests" time="0.001"/>
  <testcase name="flattenedMapIsSameAsPropertiesButOrdered" classname="org.springframework.beans.factory.config.YamlProcessorTests" time="0.002"/>
  <testcase name="badResource" classname="org.springframework.beans.factory.config.YamlProcessorTests" time="0.001"/>
  <system-out><![CDATA[]]></system-out>
  <system-err><![CDATA[]]></system-err>
</testsuite>
