<?xml version="1.0" encoding="UTF-8"?>
<testsuite name="org.springframework.beans.factory.config.PropertiesFactoryBeanTests" tests="7" skipped="0" failures="0" errors="0" timestamp="2019-06-21T11:39:31" hostname="Macbook-Air.local" time="0.017">
  <properties/>
  <testcase name="testWithPrototype" classname="org.springframework.beans.factory.config.PropertiesFactoryBeanTests" time="0.003"/>
  <testcase name="testWithPropertiesFileAndMultipleLocalProperties" classname="org.springframework.beans.factory.config.PropertiesFactoryBeanTests" time="0.0"/>
  <testcase name="testWithPropertiesXmlFile" classname="org.springframework.beans.factory.config.PropertiesFactoryBeanTests" time="0.011"/>
  <testcase name="testWithPropertiesFileAndLocalProperties" classname="org.springframework.beans.factory.config.PropertiesFactoryBeanTests" time="0.0"/>
  <testcase name="testWithLocalProperties" classname="org.springframework.beans.factory.config.PropertiesFactoryBeanTests" time="0.0"/>
  <testcase name="testWithPropertiesFile" classname="org.springframework.beans.factory.config.PropertiesFactoryBeanTests" time="0.001"/>
  <testcase name="testWithPropertiesFileAndLocalPropertiesAndLocalOverride" classname="org.springframework.beans.factory.config.PropertiesFactoryBeanTests" time="0.0"/>
  <system-out><![CDATA[]]></system-out>
  <system-err><![CDATA[]]></system-err>
</testsuite>
