<?xml version="1.0" encoding="UTF-8"?>
<testsuite name="org.springframework.beans.ConcurrentBeanWrapperTests" tests="2" skipped="0" failures="0" errors="0" timestamp="2020-11-25T14:37:52" hostname="lichangbaodeMacBook-Pro.local" time="0.18">
  <properties/>
  <testcase name="testSingleThread" classname="org.springframework.beans.ConcurrentBeanWrapperTests" time="0.075"/>
  <testcase name="testConcurrent" classname="org.springframework.beans.ConcurrentBeanWrapperTests" time="0.105"/>
  <system-out><![CDATA[]]></system-out>
  <system-err><![CDATA[]]></system-err>
</testsuite>
