<?xml version="1.0" encoding="UTF-8"?>
<testsuite name="org.springframework.beans.factory.xml.CollectionsWithDefaultTypesTests" tests="5" skipped="0" failures="0" errors="0" timestamp="2020-11-25T14:37:55" hostname="lichangbaodeMacBook-Pro.local" time="0.035">
  <properties/>
  <testcase name="testMapHasDefaultKeyAndValueType" classname="org.springframework.beans.factory.xml.CollectionsWithDefaultTypesTests" time="0.007"/>
  <testcase name="testBuildCollectionFromMixtureOfReferencesAndValues" classname="org.springframework.beans.factory.xml.CollectionsWithDefaultTypesTests" time="0.007"/>
  <testcase name="testSetHasDefaultType" classname="org.springframework.beans.factory.xml.CollectionsWithDefaultTypesTests" time="0.007"/>
  <testcase name="testMapWithNestedElementsHasDefaultKeyAndValueType" classname="org.springframework.beans.factory.xml.CollectionsWithDefaultTypesTests" time="0.007"/>
  <testcase name="testListHasDefaultType" classname="org.springframework.beans.factory.xml.CollectionsWithDefaultTypesTests" time="0.007"/>
  <system-out><![CDATA[]]></system-out>
  <system-err><![CDATA[]]></system-err>
</testsuite>
