<?xml version="1.0" encoding="UTF-8"?>
<testsuite name="org.springframework.beans.factory.support.security.CallbacksSecurityTests" tests="15" skipped="0" failures="0" errors="0" timestamp="2020-11-25T14:37:56" hostname="lichangbaodeMacBook-Pro.local" time="0.127">
  <properties/>
  <testcase name="testSecuritySanity" classname="org.springframework.beans.factory.support.security.CallbacksSecurityTests" time="0.021"/>
  <testcase name="testSpringDestroyBean" classname="org.springframework.beans.factory.support.security.CallbacksSecurityTests" time="0.01"/>
  <testcase name="testCustomFactoryType" classname="org.springframework.beans.factory.support.security.CallbacksSecurityTests" time="0.007"/>
  <testcase name="testTrustedFactoryMethod" classname="org.springframework.beans.factory.support.security.CallbacksSecurityTests" time="0.008"/>
  <testcase name="testCustomStaticFactoryMethod" classname="org.springframework.beans.factory.support.security.CallbacksSecurityTests" time="0.006"/>
  <testcase name="testCustomInstanceFactoryMethod" classname="org.springframework.beans.factory.support.security.CallbacksSecurityTests" time="0.007"/>
  <testcase name="testSpringInitBean" classname="org.springframework.beans.factory.support.security.CallbacksSecurityTests" time="0.006"/>
  <testcase name="testContainerPrivileges" classname="org.springframework.beans.factory.support.security.CallbacksSecurityTests" time="0.006"/>
  <testcase name="testPropertyInjection" classname="org.springframework.beans.factory.support.security.CallbacksSecurityTests" time="0.015"/>
  <testcase name="testCustomFactoryObject" classname="org.springframework.beans.factory.support.security.CallbacksSecurityTests" time="0.006"/>
  <testcase name="testCustomDestroyBean" classname="org.springframework.beans.factory.support.security.CallbacksSecurityTests" time="0.004"/>
  <testcase name="testCustomInitBean" classname="org.springframework.beans.factory.support.security.CallbacksSecurityTests" time="0.005"/>
  <testcase name="testTrustedExecution" classname="org.springframework.beans.factory.support.security.CallbacksSecurityTests" time="0.016"/>
  <testcase name="testInitSecurityAwarePrototypeBean" classname="org.springframework.beans.factory.support.security.CallbacksSecurityTests" time="0.004"/>
  <testcase name="testConstructor" classname="org.springframework.beans.factory.support.security.CallbacksSecurityTests" time="0.004"/>
  <system-out><![CDATA[]]></system-out>
  <system-err><![CDATA[]]></system-err>
</testsuite>
