<?xml version="1.0" encoding="UTF-8"?>
<testsuite name="org.springframework.beans.factory.config.PropertyPathFactoryBeanTests" tests="6" skipped="0" failures="0" errors="0" timestamp="2020-11-25T14:37:54" hostname="lichangbaodeMacBook-Pro.local" time="0.031">
  <properties/>
  <testcase name="testPropertyPathFactoryBeanWithSingletonResult" classname="org.springframework.beans.factory.config.PropertyPathFactoryBeanTests" time="0.008"/>
  <testcase name="testPropertyPathFactoryBeanAsInnerBean" classname="org.springframework.beans.factory.config.PropertyPathFactoryBeanTests" time="0.005"/>
  <testcase name="testPropertyPathFactoryBeanAsInnerNull" classname="org.springframework.beans.factory.config.PropertyPathFactoryBeanTests" time="0.004"/>
  <testcase name="testPropertyPathFactoryBeanWithNullResult" classname="org.springframework.beans.factory.config.PropertyPathFactoryBeanTests" time="0.003"/>
  <testcase name="testPropertyPathFactoryBeanWithPrototypeResult" classname="org.springframework.beans.factory.config.PropertyPathFactoryBeanTests" time="0.006"/>
  <testcase name="testPropertyPathFactoryBeanAsNullReference" classname="org.springframework.beans.factory.config.PropertyPathFactoryBeanTests" time="0.005"/>
  <system-out><![CDATA[]]></system-out>
  <system-err><![CDATA[]]></system-err>
</testsuite>
