<?xml version="1.0" encoding="UTF-8"?>
<testsuite name="org.springframework.beans.factory.support.QualifierAnnotationAutowireBeanFactoryTests" tests="8" skipped="3" failures="0" errors="0" timestamp="2019-06-21T11:39:36" hostname="Macbook-Air.local" time="0.005">
  <properties/>
  <testcase name="testAutowireCandidateWithMultipleCandidatesDescriptor" classname="org.springframework.beans.factory.support.QualifierAnnotationAutowireBeanFactoryTests" time="0.004"/>
  <testcase name="testAutowireCandidateDefaultWithIrrelevantDescriptor" classname="org.springframework.beans.factory.support.QualifierAnnotationAutowireBeanFactoryTests" time="0.0"/>
  <testcase name="testAutowireCandidateWithShortClassName" classname="org.springframework.beans.factory.support.QualifierAnnotationAutowireBeanFactoryTests" time="0.0"/>
  <testcase name="testAutowireCandidateWithFieldDescriptor" classname="org.springframework.beans.factory.support.QualifierAnnotationAutowireBeanFactoryTests" time="0.0">
    <skipped/>
  </testcase>
  <testcase name="testAutowireCandidateWithMethodDescriptor" classname="org.springframework.beans.factory.support.QualifierAnnotationAutowireBeanFactoryTests" time="0.0">
    <skipped/>
  </testcase>
  <testcase name="testAutowireCandidateWithConstructorDescriptor" classname="org.springframework.beans.factory.support.QualifierAnnotationAutowireBeanFactoryTests" time="0.001">
    <skipped/>
  </testcase>
  <testcase name="testAutowireCandidateExplicitlyFalseWithFieldDescriptor" classname="org.springframework.beans.factory.support.QualifierAnnotationAutowireBeanFactoryTests" time="0.0"/>
  <testcase name="testAutowireCandidateExplicitlyFalseWithIrrelevantDescriptor" classname="org.springframework.beans.factory.support.QualifierAnnotationAutowireBeanFactoryTests" time="0.0"/>
  <system-out><![CDATA[]]></system-out>
  <system-err><![CDATA[]]></system-err>
</testsuite>
