<?xml version="1.0" encoding="UTF-8"?>
<testsuite name="org.springframework.beans.factory.config.PropertyPathFactoryBeanTests" tests="6" skipped="0" failures="0" errors="0" timestamp="2019-06-21T11:39:31" hostname="Macbook-Air.local" time="0.058">
  <properties/>
  <testcase name="testPropertyPathFactoryBeanWithSingletonResult" classname="org.springframework.beans.factory.config.PropertyPathFactoryBeanTests" time="0.019"/>
  <testcase name="testPropertyPathFactoryBeanAsInnerBean" classname="org.springframework.beans.factory.config.PropertyPathFactoryBeanTests" time="0.008"/>
  <testcase name="testPropertyPathFactoryBeanAsInnerNull" classname="org.springframework.beans.factory.config.PropertyPathFactoryBeanTests" time="0.008"/>
  <testcase name="testPropertyPathFactoryBeanWithNullResult" classname="org.springframework.beans.factory.config.PropertyPathFactoryBeanTests" time="0.008"/>
  <testcase name="testPropertyPathFactoryBeanWithPrototypeResult" classname="org.springframework.beans.factory.config.PropertyPathFactoryBeanTests" time="0.007"/>
  <testcase name="testPropertyPathFactoryBeanAsNullReference" classname="org.springframework.beans.factory.config.PropertyPathFactoryBeanTests" time="0.007"/>
  <system-out><![CDATA[]]></system-out>
  <system-err><![CDATA[]]></system-err>
</testsuite>
