<?xml version="1.0" encoding="UTF-8"?>
<testsuite name="org.springframework.beans.factory.ListableBeanFactoryExtensionsTests" tests="9" skipped="0" failures="0" errors="0" timestamp="2020-11-25T14:38:02" hostname="lichangbaodeMacBook-Pro.local" time="0.409">
  <properties/>
  <testcase name="findAnnotationOnBean with String and reified type parameters" classname="org.springframework.beans.factory.ListableBeanFactoryExtensionsTests" time="0.201"/>
  <testcase name="getBeansOfType with reified type parameters and Boolean" classname="org.springframework.beans.factory.ListableBeanFactoryExtensionsTests" time="0.124"/>
  <testcase name="getBeansOfType with reified type parameters" classname="org.springframework.beans.factory.ListableBeanFactoryExtensionsTests" time="0.016"/>
  <testcase name="getBeansOfType with reified type parameters, Boolean and Boolean" classname="org.springframework.beans.factory.ListableBeanFactoryExtensionsTests" time="0.016"/>
  <testcase name="getBeansWithAnnotation with reified type parameters" classname="org.springframework.beans.factory.ListableBeanFactoryExtensionsTests" time="0.006"/>
  <testcase name="getBeanNamesForAnnotation with reified type parameters" classname="org.springframework.beans.factory.ListableBeanFactoryExtensionsTests" time="0.004"/>
  <testcase name="getBeanNamesForType with reified type parameters" classname="org.springframework.beans.factory.ListableBeanFactoryExtensionsTests" time="0.013"/>
  <testcase name="getBeanNamesForType with reified type parameters, Boolean and Boolean" classname="org.springframework.beans.factory.ListableBeanFactoryExtensionsTests" time="0.014"/>
  <testcase name="getBeanNamesForType with reified type parameters and Boolean" classname="org.springframework.beans.factory.ListableBeanFactoryExtensionsTests" time="0.012"/>
  <system-out><![CDATA[]]></system-out>
  <system-err><![CDATA[]]></system-err>
</testsuite>
