<?xml version="1.0" encoding="UTF-8"?>
<testsuite name="org.springframework.beans.factory.wiring.BeanConfigurerSupportTests" tests="6" skipped="0" failures="0" errors="0" timestamp="2020-11-25T14:37:56" hostname="lichangbaodeMacBook-Pro.local" time="0.016">
  <properties/>
  <testcase name="configureBeanPerformsAutowiringByTypeIfAppropriateBeanWiringInfoResolverIsPluggedIn" classname="org.springframework.beans.factory.wiring.BeanConfigurerSupportTests" time="0.012"/>
  <testcase name="configureBeanReallyDoesDefaultToUsingTheFullyQualifiedClassNameOfTheSuppliedBeanInstance" classname="org.springframework.beans.factory.wiring.BeanConfigurerSupportTests" time="0.0"/>
  <testcase name="configureBeanDoesNothingIfBeanWiringInfoResolverResolvesToNull" classname="org.springframework.beans.factory.wiring.BeanConfigurerSupportTests" time="0.001"/>
  <testcase name="configureBeanPerformsAutowiringByNameIfAppropriateBeanWiringInfoResolverIsPluggedIn" classname="org.springframework.beans.factory.wiring.BeanConfigurerSupportTests" time="0.001"/>
  <testcase name="supplyIncompatibleBeanFactoryImplementation" classname="org.springframework.beans.factory.wiring.BeanConfigurerSupportTests" time="0.002"/>
  <testcase name="configureBeanDoesNothingIfNoBeanFactoryHasBeenSet" classname="org.springframework.beans.factory.wiring.BeanConfigurerSupportTests" time="0.0"/>
  <system-out><![CDATA[]]></system-out>
  <system-err><![CDATA[]]></system-err>
</testsuite>
