<?xml version="1.0" encoding="UTF-8"?>
<testsuite name="org.springframework.beans.factory.wiring.ClassNameBeanWiringInfoResolverTests" tests="2" skipped="0" failures="0" errors="0" timestamp="2019-06-21T11:39:36" hostname="Macbook-Air.local" time="0.004">
  <properties/>
  <testcase name="resolveWiringInfo" classname="org.springframework.beans.factory.wiring.ClassNameBeanWiringInfoResolverTests" time="0.003"/>
  <testcase name="resolveWiringInfoWithNullBeanInstance" classname="org.springframework.beans.factory.wiring.ClassNameBeanWiringInfoResolverTests" time="0.001"/>
  <system-out><![CDATA[]]></system-out>
  <system-err><![CDATA[]]></system-err>
</testsuite>
