<?xml version="1.0" encoding="UTF-8"?>
<testsuite name="org.springframework.beans.factory.xml.MetadataAttachmentTests" tests="3" skipped="0" failures="0" errors="0" timestamp="2019-06-21T11:39:33" hostname="Macbook-Air.local" time="0.03">
  <properties/>
  <testcase name="propertyMetadata" classname="org.springframework.beans.factory.xml.MetadataAttachmentTests" time="0.012"/>
  <testcase name="metadataIsInherited" classname="org.springframework.beans.factory.xml.MetadataAttachmentTests" time="0.008"/>
  <testcase name="metadataAttachment" classname="org.springframework.beans.factory.xml.MetadataAttachmentTests" time="0.01"/>
  <system-out><![CDATA[]]></system-out>
  <system-err><![CDATA[]]></system-err>
</testsuite>
