<?xml version="1.0" encoding="UTF-8"?>
<testsuite name="org.springframework.beans.factory.Spr5475Tests" tests="4" skipped="0" failures="0" errors="0" timestamp="2019-06-21T11:39:37" hostname="Macbook-Air.local" time="0.008">
  <properties/>
  <testcase name="noArgFactoryMethodInvokedWithTwoArgs" classname="org.springframework.beans.factory.Spr5475Tests" time="0.006"/>
  <testcase name="noArgFactoryMethodInvokedWithOneArg" classname="org.springframework.beans.factory.Spr5475Tests" time="0.001"/>
  <testcase name="singleArgFactoryMethodInvokedWithNoArgs" classname="org.springframework.beans.factory.Spr5475Tests" time="0.001"/>
  <testcase name="noArgFactoryMethodInvokedWithTwoArgsAndTypesSpecified" classname="org.springframework.beans.factory.Spr5475Tests" time="0.0"/>
  <system-out><![CDATA[]]></system-out>
  <system-err><![CDATA[]]></system-err>
</testsuite>
