<?xml version="1.0" encoding="UTF-8"?>
<testsuite name="org.springframework.beans.factory.FactoryBeanLookupTests" tests="5" skipped="0" failures="0" errors="0" timestamp="2020-11-25T14:37:54" hostname="lichangbaodeMacBook-Pro.local" time="0.022">
  <properties/>
  <testcase name="factoryBeanLookupByNameDereferencing" classname="org.springframework.beans.factory.FactoryBeanLookupTests" time="0.006"/>
  <testcase name="factoryBeanLookupByType" classname="org.springframework.beans.factory.FactoryBeanLookupTests" time="0.004"/>
  <testcase name="factoryBeanObjectLookupByName" classname="org.springframework.beans.factory.FactoryBeanLookupTests" time="0.004"/>
  <testcase name="factoryBeanObjectLookupByNameAndType" classname="org.springframework.beans.factory.FactoryBeanLookupTests" time="0.004"/>
  <testcase name="factoryBeanLookupByTypeAndNameDereference" classname="org.springframework.beans.factory.FactoryBeanLookupTests" time="0.004"/>
  <system-out><![CDATA[]]></system-out>
  <system-err><![CDATA[]]></system-err>
</testsuite>
