<?xml version="1.0" encoding="UTF-8"?>
<testsuite name="org.springframework.beans.factory.support.LookupMethodTests" tests="6" skipped="0" failures="0" errors="0" timestamp="2020-11-25T14:37:56" hostname="lichangbaodeMacBook-Pro.local" time="0.038">
  <properties/>
  <testcase name="testWithOverriddenLookupMethod" classname="org.springframework.beans.factory.support.LookupMethodTests" time="0.009"/>
  <testcase name="testWithoutConstructorArg" classname="org.springframework.beans.factory.support.LookupMethodTests" time="0.007"/>
  <testcase name="testWithOverloadedArg" classname="org.springframework.beans.factory.support.LookupMethodTests" time="0.005"/>
  <testcase name="testWithThreeArgsShouldFail" classname="org.springframework.beans.factory.support.LookupMethodTests" time="0.005"/>
  <testcase name="testWithOneConstructorArg" classname="org.springframework.beans.factory.support.LookupMethodTests" time="0.005"/>
  <testcase name="testWithTwoConstructorArg" classname="org.springframework.beans.factory.support.LookupMethodTests" time="0.006"/>
  <system-out><![CDATA[]]></system-out>
  <system-err><![CDATA[]]></system-err>
</testsuite>
