<?xml version="1.0" encoding="UTF-8"?>
<testsuite name="org.springframework.beans.factory.annotation.AnnotationBeanWiringInfoResolverTests" tests="5" skipped="0" failures="0" errors="0" timestamp="2019-06-21T11:39:32" hostname="Macbook-Air.local" time="0.027">
  <properties/>
  <testcase name="testResolveWiringInfoWithAnInstanceOfAnAnnotatedClass" classname="org.springframework.beans.factory.annotation.AnnotationBeanWiringInfoResolverTests" time="0.02"/>
  <testcase name="testResolveWiringInfoWithAnInstanceOfAnAnnotatedClassWithAutowiringTurnedOffExplicitlyAndCustomBeanName" classname="org.springframework.beans.factory.annotation.AnnotationBeanWiringInfoResolverTests" time="0.003"/>
  <testcase name="testResolveWiringInfo" classname="org.springframework.beans.factory.annotation.AnnotationBeanWiringInfoResolverTests" time="0.001"/>
  <testcase name="testResolveWiringInfoWithAnInstanceOfANonAnnotatedClass" classname="org.springframework.beans.factory.annotation.AnnotationBeanWiringInfoResolverTests" time="0.001"/>
  <testcase name="testResolveWiringInfoWithAnInstanceOfAnAnnotatedClassWithAutowiringTurnedOffExplicitly" classname="org.springframework.beans.factory.annotation.AnnotationBeanWiringInfoResolverTests" time="0.002"/>
  <system-out><![CDATA[]]></system-out>
  <system-err><![CDATA[]]></system-err>
</testsuite>
