<?xml version="1.0" encoding="UTF-8"?>
<testsuite name="org.springframework.beans.factory.config.YamlMapFactoryBeanTests" tests="8" skipped="0" failures="0" errors="0" timestamp="2020-11-25T14:37:54" hostname="lichangbaodeMacBook-Pro.local" time="0.091">
  <properties/>
  <testcase name="testMapWithIntegerValue" classname="org.springframework.beans.factory.config.YamlMapFactoryBeanTests" time="0.073"/>
  <testcase name="testFirstFound" classname="org.springframework.beans.factory.config.YamlMapFactoryBeanTests" time="0.011"/>
  <testcase name="testSetBarfOnResourceNotFound" classname="org.springframework.beans.factory.config.YamlMapFactoryBeanTests" time="0.002"/>
  <testcase name="testMapWithPeriodsInKey" classname="org.springframework.beans.factory.config.YamlMapFactoryBeanTests" time="0.001"/>
  <testcase name="testOverrideAndRemoveDefaults" classname="org.springframework.beans.factory.config.YamlMapFactoryBeanTests" time="0.001"/>
  <testcase name="testGetObject" classname="org.springframework.beans.factory.config.YamlMapFactoryBeanTests" time="0.001"/>
  <testcase name="testDuplicateKey" classname="org.springframework.beans.factory.config.YamlMapFactoryBeanTests" time="0.001"/>
  <testcase name="testSetIgnoreResourceNotFound" classname="org.springframework.beans.factory.config.YamlMapFactoryBeanTests" time="0.001"/>
  <system-out><![CDATA[22:37:54.145 [Test worker] WARN  o.s.b.f.c.YamlMapFactoryBean - Could not load map from non-existent: planned
22:37:54.160 [Test worker] WARN  o.s.b.f.c.YamlMapFactoryBean - Could not load map from file [/Users/lichangbao/resources/spring/spring-beans/non-exsitent-file.yml]: non-exsitent-file.yml
]]></system-out>
  <system-err><![CDATA[]]></system-err>
</testsuite>
