<?xml version="1.0" encoding="UTF-8"?>
<testsuite name="org.springframework.web.socket.sockjs.transport.handler.SockJsWebSocketHandlerTests" tests="2" skipped="0" failures="0" errors="0" timestamp="2019-06-21T11:51:05" hostname="Macbook-Air.local" time="0.011">
  <properties/>
  <testcase name="getSubProtocols" classname="org.springframework.web.socket.sockjs.transport.handler.SockJsWebSocketHandlerTests" time="0.007"/>
  <testcase name="getSubProtocolsNone" classname="org.springframework.web.socket.sockjs.transport.handler.SockJsWebSocketHandlerTests" time="0.004"/>
  <system-out><![CDATA[]]></system-out>
  <system-err><![CDATA[]]></system-err>
</testsuite>
