<?xml version="1.0" encoding="UTF-8"?>
<testsuite name="org.springframework.web.socket.client.WebSocketConnectionManagerTests" tests="2" skipped="0" failures="0" errors="0" timestamp="2019-06-21T11:51:10" hostname="Macbook-Air.local" time="0.016">
  <properties/>
  <testcase name="openConnection" classname="org.springframework.web.socket.client.WebSocketConnectionManagerTests" time="0.015"/>
  <testcase name="clientLifecycle" classname="org.springframework.web.socket.client.WebSocketConnectionManagerTests" time="0.001"/>
  <system-out><![CDATA[]]></system-out>
  <system-err><![CDATA[]]></system-err>
</testsuite>
