<?xml version="1.0" encoding="UTF-8"?>
<testsuite name="org.springframework.web.socket.sockjs.transport.TransportTypeTests" tests="1" skipped="0" failures="0" errors="0" timestamp="2019-06-21T11:51:04" hostname="Macbook-Air.local" time="0.001">
  <properties/>
  <testcase name="testFromValue" classname="org.springframework.web.socket.sockjs.transport.TransportTypeTests" time="0.001"/>
  <system-out><![CDATA[]]></system-out>
  <system-err><![CDATA[]]></system-err>
</testsuite>
