<?xml version="1.0" encoding="UTF-8"?>
<testsuite name="org.springframework.web.socket.sockjs.client.SockJsUrlInfoTests" tests="4" skipped="0" failures="0" errors="0" timestamp="2019-06-21T11:51:05" hostname="Macbook-Air.local" time="0.009">
  <properties/>
  <testcase name="transportUrl" classname="org.springframework.web.socket.sockjs.client.SockJsUrlInfoTests" time="0.007"/>
  <testcase name="sessionId" classname="org.springframework.web.socket.sockjs.client.SockJsUrlInfoTests" time="0.0"/>
  <testcase name="serverId" classname="org.springframework.web.socket.sockjs.client.SockJsUrlInfoTests" time="0.0"/>
  <testcase name="infoUrl" classname="org.springframework.web.socket.sockjs.client.SockJsUrlInfoTests" time="0.001"/>
  <system-out><![CDATA[]]></system-out>
  <system-err><![CDATA[]]></system-err>
</testsuite>
