<?xml version="1.0" encoding="UTF-8"?>
<testsuite name="org.springframework.web.socket.sockjs.transport.session.HttpSockJsSessionTests" tests="2" skipped="0" failures="0" errors="0" timestamp="2019-06-21T11:51:05" hostname="Macbook-Air.local" time="0.018">
  <properties/>
  <testcase name="handleInitialRequest" classname="org.springframework.web.socket.sockjs.transport.session.HttpSockJsSessionTests" time="0.008"/>
  <testcase name="handleSuccessiveRequest" classname="org.springframework.web.socket.sockjs.transport.session.HttpSockJsSessionTests" time="0.01"/>
  <system-out><![CDATA[]]></system-out>
  <system-err><![CDATA[]]></system-err>
</testsuite>
