<?xml version="1.0" encoding="UTF-8"?>
<testsuite name="org.springframework.web.socket.handler.BeanCreatingHandlerProviderTests" tests="3" skipped="0" failures="0" errors="0" timestamp="2019-06-21T11:50:50" hostname="Macbook-Air.local" time="1.657">
  <properties/>
  <testcase name="getHandlerNoBeanFactory" classname="org.springframework.web.socket.handler.BeanCreatingHandlerProviderTests" time="0.956"/>
  <testcase name="getHandlerWithBeanFactory" classname="org.springframework.web.socket.handler.BeanCreatingHandlerProviderTests" time="0.698"/>
  <testcase name="getHandlerSimpleInstantiation" classname="org.springframework.web.socket.handler.BeanCreatingHandlerProviderTests" time="0.002"/>
  <system-out><![CDATA[]]></system-out>
  <system-err><![CDATA[]]></system-err>
</testsuite>
