<?xml version="1.0" encoding="UTF-8"?>
<testsuite name="org.springframework.web.socket.sockjs.transport.handler.DefaultSockJsServiceTests" tests="15" skipped="0" failures="0" errors="0" timestamp="2019-06-21T11:51:04" hostname="Macbook-Air.local" time="0.253">
  <properties/>
  <testcase name="handleTransportRequestXhrSend" classname="org.springframework.web.socket.sockjs.transport.handler.DefaultSockJsServiceTests" time="0.082"/>
  <testcase name="handleInvalidTransportType" classname="org.springframework.web.socket.sockjs.transport.handler.DefaultSockJsServiceTests" time="0.008"/>
  <testcase name="handleTransportRequestNoSuitableHandler" classname="org.springframework.web.socket.sockjs.transport.handler.DefaultSockJsServiceTests" time="0.008"/>
  <testcase name="handleTransportRequestXhrSendWithDifferentUser" classname="org.springframework.web.socket.sockjs.transport.handler.DefaultSockJsServiceTests" time="0.014"/>
  <testcase name="handleTransportRequestIframe" classname="org.springframework.web.socket.sockjs.transport.handler.DefaultSockJsServiceTests" time="0.016"/>
  <testcase name="handleTransportRequestWebsocket" classname="org.springframework.web.socket.sockjs.transport.handler.DefaultSockJsServiceTests" time="0.014"/>
  <testcase name="handleTransportRequestXhr" classname="org.springframework.web.socket.sockjs.transport.handler.DefaultSockJsServiceTests" time="0.01"/>
  <testcase name="customizedTransportHandlerList" classname="org.springframework.web.socket.sockjs.transport.handler.DefaultSockJsServiceTests" time="0.015"/>
  <testcase name="defaultTransportHandlers" classname="org.springframework.web.socket.sockjs.transport.handler.DefaultSockJsServiceTests" time="0.012"/>
  <testcase name="handleTransportRequestXhrAllowedOriginsMatch" classname="org.springframework.web.socket.sockjs.transport.handler.DefaultSockJsServiceTests" time="0.01"/>
  <testcase name="handleTransportRequestXhrAllowedOriginsNoMatch" classname="org.springframework.web.socket.sockjs.transport.handler.DefaultSockJsServiceTests" time="0.01"/>
  <testcase name="handleTransportRequestXhrOptions" classname="org.springframework.web.socket.sockjs.transport.handler.DefaultSockJsServiceTests" time="0.018"/>
  <testcase name="invalidAllowedOrigins" classname="org.springframework.web.socket.sockjs.transport.handler.DefaultSockJsServiceTests" time="0.012"/>
  <testcase name="handleTransportRequestXhrSameOrigin" classname="org.springframework.web.socket.sockjs.transport.handler.DefaultSockJsServiceTests" time="0.009"/>
  <testcase name="defaultTransportHandlersWithOverride" classname="org.springframework.web.socket.sockjs.transport.handler.DefaultSockJsServiceTests" time="0.013"/>
  <system-out><![CDATA[19:51:04.921 [Test worker] WARN  o.s.w.s.s.t.TransportHandlingSockJsService - Origin check enabled but transport 'invalid' does not support it.
19:51:04.930 [Test worker] WARN  o.s.w.s.s.t.TransportHandlingSockJsService - No TransportHandler for http://localhost/mysockjs/server1/session1/eventsource
19:51:05.030 [Test worker] WARN  o.s.w.s.s.t.TransportHandlingSockJsService - Origin header value 'http://mydomain3.com' not allowed.
]]></system-out>
  <system-err><![CDATA[]]></system-err>
</testsuite>
