<?xml version="1.0" encoding="UTF-8"?>
<testsuite name="org.springframework.web.socket.handler.PerConnectionWebSocketHandlerTests" tests="1" skipped="0" failures="0" errors="0" timestamp="2019-06-21T11:50:53" hostname="Macbook-Air.local" time="0.026">
  <properties/>
  <testcase name="afterConnectionEstablished" classname="org.springframework.web.socket.handler.PerConnectionWebSocketHandlerTests" time="0.026"/>
  <system-out><![CDATA[]]></system-out>
  <system-err><![CDATA[]]></system-err>
</testsuite>
