<?xml version="1.0" encoding="UTF-8"?>
<testsuite name="org.springframework.web.socket.messaging.StompSubProtocolHandlerTests" tests="18" skipped="0" failures="0" errors="0" timestamp="2019-06-21T11:51:10" hostname="Macbook-Air.local" time="0.056">
  <properties/>
  <testcase name="handleMessageFromClientWithTokenAuthentication" classname="org.springframework.web.socket.messaging.StompSubProtocolHandlerTests" time="0.005"/>
  <testcase name="eventPublication" classname="org.springframework.web.socket.messaging.StompSubProtocolHandlerTests" time="0.002"/>
  <testcase name="webSocketScope" classname="org.springframework.web.socket.messaging.StompSubProtocolHandlerTests" time="0.002"/>
  <testcase name="handleMessageToClientWithSimpConnectAck" classname="org.springframework.web.socket.messaging.StompSubProtocolHandlerTests" time="0.0"/>
  <testcase name="handleMessageToClientWithHeartbeatSuppressingSockJsHeartbeat" classname="org.springframework.web.socket.messaging.StompSubProtocolHandlerTests" time="0.018"/>
  <testcase name="handleMessageFromClientWithoutImmutableMessageInterceptor" classname="org.springframework.web.socket.messaging.StompSubProtocolHandlerTests" time="0.002"/>
  <testcase name="handleMessageToClientWithSimpConnectAckDefaultHeartBeat" classname="org.springframework.web.socket.messaging.StompSubProtocolHandlerTests" time="0.0"/>
  <testcase name="handleMessageToClientWithBinaryWebSocketMessage" classname="org.springframework.web.socket.messaging.StompSubProtocolHandlerTests" time="0.001"/>
  <testcase name="handleMessageToClientWithConnectedFrame" classname="org.springframework.web.socket.messaging.StompSubProtocolHandlerTests" time="0.001"/>
  <testcase name="handleMessageToClientWithSimpHeartbeat" classname="org.springframework.web.socket.messaging.StompSubProtocolHandlerTests" time="0.001"/>
  <testcase name="handleMessageToClientWithUserDestination" classname="org.springframework.web.socket.messaging.StompSubProtocolHandlerTests" time="0.001"/>
  <testcase name="handleMessageToClientWithSimpDisconnectAckAndReceipt" classname="org.springframework.web.socket.messaging.StompSubProtocolHandlerTests" time="0.0"/>
  <testcase name="handleMessageFromClientWithInvalidStompCommand" classname="org.springframework.web.socket.messaging.StompSubProtocolHandlerTests" time="0.006"/>
  <testcase name="eventPublicationWithExceptions" classname="org.springframework.web.socket.messaging.StompSubProtocolHandlerTests" time="0.012"/>
  <testcase name="handleMessageToClientWithSimpDisconnectAck" classname="org.springframework.web.socket.messaging.StompSubProtocolHandlerTests" time="0.001"/>
  <testcase name="handleMessageToClientWithDestinationUserNameProvider" classname="org.springframework.web.socket.messaging.StompSubProtocolHandlerTests" time="0.001"/>
  <testcase name="handleMessageFromClientWithImmutableMessageInterceptor" classname="org.springframework.web.socket.messaging.StompSubProtocolHandlerTests" time="0.001"/>
  <testcase name="handleMessageFromClient" classname="org.springframework.web.socket.messaging.StompSubProtocolHandlerTests" time="0.001"/>
  <system-out><![CDATA[19:51:10.358 [Test worker] ERROR o.s.w.s.m.StompSubProtocolHandler - Failed to parse TextMessage payload=[FOO

?], byteCount=6, last=true] in session s1. Sending STOMP ERROR to client.
java.lang.IllegalArgumentException: No enum constant org.springframework.messaging.simp.stomp.StompCommand.FOO
	at java.lang.Enum.valueOf(Enum.java:238) ~[?:1.8.0_144]
	at org.springframework.messaging.simp.stomp.StompCommand.valueOf(StompCommand.java:28) ~[spring-messaging-5.2.0.BUILD-SNAPSHOT.jar:5.2.0.BUILD-SNAPSHOT]
	at org.springframework.messaging.simp.stomp.StompDecoder.decodeMessage(StompDecoder.java:143) ~[spring-messaging-5.2.0.BUILD-SNAPSHOT.jar:5.2.0.BUILD-SNAPSHOT]
	at org.springframework.messaging.simp.stomp.StompDecoder.decode(StompDecoder.java:114) ~[spring-messaging-5.2.0.BUILD-SNAPSHOT.jar:5.2.0.BUILD-SNAPSHOT]
	at org.springframework.messaging.simp.stomp.BufferingStompDecoder.decode(BufferingStompDecoder.java:114) ~[spring-messaging-5.2.0.BUILD-SNAPSHOT.jar:5.2.0.BUILD-SNAPSHOT]
	at org.springframework.web.socket.messaging.StompSubProtocolHandler.handleMessageFromClient(StompSubProtocolHandler.java:245) [main/:?]
	at org.springframework.web.socket.messaging.StompSubProtocolHandlerTests.handleMessageFromClientWithInvalidStompCommand(StompSubProtocolHandlerTests.java:394) [test/:?]
	at sun.reflect.NativeMethodAccessorImpl.invoke0(Native Method) ~[?:1.8.0_144]
	at sun.reflect.NativeMethodAccessorImpl.invoke(NativeMethodAccessorImpl.java:62) ~[?:1.8.0_144]
	at sun.reflect.DelegatingMethodAccessorImpl.invoke(DelegatingMethodAccessorImpl.java:43) ~[?:1.8.0_144]
	at java.lang.reflect.Method.invoke(Method.java:498) ~[?:1.8.0_144]
	at org.junit.runners.model.FrameworkMethod$1.runReflectiveCall(FrameworkMethod.java:59) [junit-4.13-beta-3.jar:4.13-beta-3]
	at org.junit.internal.runners.model.ReflectiveCallable.run(ReflectiveCallable.java:12) [junit-4.13-beta-3.jar:4.13-beta-3]
	at org.junit.runners.model.FrameworkMethod.invokeExplosively(FrameworkMethod.java:56) [junit-4.13-beta-3.jar:4.13-beta-3]
	at org.junit.internal.runners.statements.InvokeMethod.evaluate(InvokeMethod.java:17) [junit-4.13-beta-3.jar:4.13-beta-3]
	at org.junit.internal.runners.statements.RunBefores.evaluate(RunBefores.java:26) [junit-4.13-beta-3.jar:4.13-beta-3]
	at org.junit.runners.ParentRunner$3.evaluate(ParentRunner.java:305) [junit-4.13-beta-3.jar:4.13-beta-3]
	at org.junit.runners.BlockJUnit4ClassRunner$1.evaluate(BlockJUnit4ClassRunner.java:100) [junit-4.13-beta-3.jar:4.13-beta-3]
	at org.junit.runners.ParentRunner.runLeaf(ParentRunner.java:365) [junit-4.13-beta-3.jar:4.13-beta-3]
	at org.junit.runners.BlockJUnit4ClassRunner.runChild(BlockJUnit4ClassRunner.java:103) [junit-4.13-beta-3.jar:4.13-beta-3]
	at org.junit.runners.BlockJUnit4ClassRunner.runChild(BlockJUnit4ClassRunner.java:63) [junit-4.13-beta-3.jar:4.13-beta-3]
	at org.junit.runners.ParentRunner$4.run(ParentRunner.java:330) [junit-4.13-beta-3.jar:4.13-beta-3]
	at org.junit.runners.ParentRunner$1.schedule(ParentRunner.java:78) [junit-4.13-beta-3.jar:4.13-beta-3]
	at org.junit.runners.ParentRunner.runChildren(ParentRunner.java:328) [junit-4.13-beta-3.jar:4.13-beta-3]
	at org.junit.runners.ParentRunner.access$100(ParentRunner.java:65) [junit-4.13-beta-3.jar:4.13-beta-3]
	at org.junit.runners.ParentRunner$2.evaluate(ParentRunner.java:292) [junit-4.13-beta-3.jar:4.13-beta-3]
	at org.junit.runners.ParentRunner$3.evaluate(ParentRunner.java:305) [junit-4.13-beta-3.jar:4.13-beta-3]
	at org.junit.runners.ParentRunner.run(ParentRunner.java:412) [junit-4.13-beta-3.jar:4.13-beta-3]
	at org.gradle.api.internal.tasks.testing.junit.JUnitTestClassExecutor.runTestClass(JUnitTestClassExecutor.java:110) [gradle-testing-jvm-5.0.jar:5.0]
	at org.gradle.api.internal.tasks.testing.junit.JUnitTestClassExecutor.execute(JUnitTestClassExecutor.java:58) [gradle-testing-jvm-5.0.jar:5.0]
	at org.gradle.api.internal.tasks.testing.junit.JUnitTestClassExecutor.execute(JUnitTestClassExecutor.java:38) [gradle-testing-jvm-5.0.jar:5.0]
	at org.gradle.api.internal.tasks.testing.junit.AbstractJUnitTestClassProcessor.processTestClass(AbstractJUnitTestClassProcessor.java:66) [gradle-testing-jvm-5.0.jar:5.0]
	at org.gradle.api.internal.tasks.testing.SuiteTestClassProcessor.processTestClass(SuiteTestClassProcessor.java:51) [gradle-testing-base-5.0.jar:5.0]
	at sun.reflect.GeneratedMethodAccessor81.invoke(Unknown Source) ~[?:?]
	at sun.reflect.DelegatingMethodAccessorImpl.invoke(DelegatingMethodAccessorImpl.java:43) ~[?:1.8.0_144]
	at java.lang.reflect.Method.invoke(Method.java:498) ~[?:1.8.0_144]
	at org.gradle.internal.dispatch.ReflectionDispatch.dispatch(ReflectionDispatch.java:35) [gradle-messaging-5.0.jar:5.0]
	at org.gradle.internal.dispatch.ReflectionDispatch.dispatch(ReflectionDispatch.java:24) [gradle-messaging-5.0.jar:5.0]
	at org.gradle.internal.dispatch.ContextClassLoaderDispatch.dispatch(ContextClassLoaderDispatch.java:32) [gradle-messaging-5.0.jar:5.0]
	at org.gradle.internal.dispatch.ProxyDispatchAdapter$DispatchingInvocationHandler.invoke(ProxyDispatchAdapter.java:93) [gradle-messaging-5.0.jar:5.0]
	at com.sun.proxy.$Proxy2.processTestClass(Unknown Source) [?:?]
	at org.gradle.api.internal.tasks.testing.worker.TestWorker.processTestClass(TestWorker.java:118) [gradle-testing-base-5.0.jar:5.0]
	at sun.reflect.GeneratedMethodAccessor80.invoke(Unknown Source) ~[?:?]
	at sun.reflect.DelegatingMethodAccessorImpl.invoke(DelegatingMethodAccessorImpl.java:43) ~[?:1.8.0_144]
	at java.lang.reflect.Method.invoke(Method.java:498) ~[?:1.8.0_144]
	at org.gradle.internal.dispatch.ReflectionDispatch.dispatch(ReflectionDispatch.java:35) [gradle-messaging-5.0.jar:5.0]
	at org.gradle.internal.dispatch.ReflectionDispatch.dispatch(ReflectionDispatch.java:24) [gradle-messaging-5.0.jar:5.0]
	at org.gradle.internal.remote.internal.hub.MessageHubBackedObjectConnection$DispatchWrapper.dispatch(MessageHubBackedObjectConnection.java:175) [gradle-messaging-5.0.jar:5.0]
	at org.gradle.internal.remote.internal.hub.MessageHubBackedObjectConnection$DispatchWrapper.dispatch(MessageHubBackedObjectConnection.java:157) [gradle-messaging-5.0.jar:5.0]
	at org.gradle.internal.remote.internal.hub.MessageHub$Handler.run(MessageHub.java:404) [gradle-messaging-5.0.jar:5.0]
	at org.gradle.internal.concurrent.ExecutorPolicy$CatchAndRecordFailures.onExecute(ExecutorPolicy.java:63) [gradle-base-services-5.0.jar:5.0]
	at org.gradle.internal.concurrent.ManagedExecutorImpl$1.run(ManagedExecutorImpl.java:46) [gradle-base-services-5.0.jar:5.0]
	at java.util.concurrent.ThreadPoolExecutor.runWorker(ThreadPoolExecutor.java:1149) [?:1.8.0_144]
	at java.util.concurrent.ThreadPoolExecutor$Worker.run(ThreadPoolExecutor.java:624) [?:1.8.0_144]
	at org.gradle.internal.concurrent.ThreadFactoryImpl$ManagedThreadRunnable.run(ThreadFactoryImpl.java:55) [gradle-base-services-5.0.jar:5.0]
	at java.lang.Thread.run(Thread.java:748) [?:1.8.0_144]
]]></system-out>
  <system-err><![CDATA[]]></system-err>
</testsuite>
