<?xml version="1.0" encoding="UTF-8"?>
<testsuite name="org.springframework.web.socket.WebSocketHandshakeTests" tests="6" skipped="0" failures="0" errors="0" timestamp="2019-06-21T11:51:02" hostname="Macbook-Air.local" time="0.602">
  <properties/>
  <testcase name="unsolicitedPongWithEmptyPayload[server [org.springframework.web.socket.JettyWebSocketTestServer@454ad191], client [org.springframework.web.socket.client.jetty.JettyWebSocketClient@448591b3]]" classname="org.springframework.web.socket.WebSocketHandshakeTests" time="0.125"/>
  <testcase name="subProtocolNegotiation[server [org.springframework.web.socket.JettyWebSocketTestServer@454ad191], client [org.springframework.web.socket.client.jetty.JettyWebSocketClient@448591b3]]" classname="org.springframework.web.socket.WebSocketHandshakeTests" time="0.114"/>
  <testcase name="unsolicitedPongWithEmptyPayload[server [org.springframework.web.socket.TomcatWebSocketTestServer@3c4075b6], client [org.springframework.web.socket.client.standard.StandardWebSocketClient@31a2a5d]]" classname="org.springframework.web.socket.WebSocketHandshakeTests" time="0.082"/>
  <testcase name="subProtocolNegotiation[server [org.springframework.web.socket.TomcatWebSocketTestServer@3c4075b6], client [org.springframework.web.socket.client.standard.StandardWebSocketClient@31a2a5d]]" classname="org.springframework.web.socket.WebSocketHandshakeTests" time="0.111"/>
  <testcase name="unsolicitedPongWithEmptyPayload[server [org.springframework.web.socket.UndertowTestServer@10cfa5f6], client [org.springframework.web.socket.client.jetty.JettyWebSocketClient@78afb655]]" classname="org.springframework.web.socket.WebSocketHandshakeTests" time="0.095"/>
  <testcase name="subProtocolNegotiation[server [org.springframework.web.socket.UndertowTestServer@10cfa5f6], client [org.springframework.web.socket.client.jetty.JettyWebSocketClient@78afb655]]" classname="org.springframework.web.socket.WebSocketHandshakeTests" time="0.075"/>
  <system-out><![CDATA[]]></system-out>
  <system-err><![CDATA[六月 21, 2019 7:51:03 下午 org.apache.coyote.AbstractProtocol init
信息: Initializing ProtocolHandler ["http-nio-auto-3"]
六月 21, 2019 7:51:03 下午 org.apache.catalina.core.StandardService startInternal
信息: Starting service [Tomcat]
六月 21, 2019 7:51:03 下午 org.apache.catalina.core.StandardEngine startInternal
信息: Starting Servlet engine: [Apache Tomcat/9.0.21]
六月 21, 2019 7:51:03 下午 org.apache.coyote.AbstractProtocol start
信息: Starting ProtocolHandler ["http-nio-auto-3-52036"]
六月 21, 2019 7:51:03 下午 org.apache.catalina.core.ApplicationContext log
信息: Initializing Spring DispatcherServlet 'dispatcherServlet'
六月 21, 2019 7:51:03 下午 org.apache.catalina.core.ApplicationContext log
信息: Destroying Spring FrameworkServlet 'dispatcherServlet'
六月 21, 2019 7:51:03 下午 org.apache.coyote.AbstractProtocol pause
信息: Pausing ProtocolHandler ["http-nio-auto-3-52036"]
六月 21, 2019 7:51:03 下午 org.apache.catalina.core.StandardService stopInternal
信息: Stopping service [Tomcat]
六月 21, 2019 7:51:03 下午 org.apache.coyote.AbstractProtocol stop
信息: Stopping ProtocolHandler ["http-nio-auto-3-52036"]
六月 21, 2019 7:51:03 下午 org.apache.coyote.AbstractProtocol init
信息: Initializing ProtocolHandler ["http-nio-auto-4"]
六月 21, 2019 7:51:03 下午 org.apache.catalina.core.StandardService startInternal
信息: Starting service [Tomcat]
六月 21, 2019 7:51:03 下午 org.apache.catalina.core.StandardEngine startInternal
信息: Starting Servlet engine: [Apache Tomcat/9.0.21]
六月 21, 2019 7:51:03 下午 org.apache.coyote.AbstractProtocol start
信息: Starting ProtocolHandler ["http-nio-auto-4-52039"]
六月 21, 2019 7:51:03 下午 org.apache.catalina.core.ApplicationContext log
信息: Initializing Spring DispatcherServlet 'dispatcherServlet'
六月 21, 2019 7:51:03 下午 org.apache.catalina.core.ApplicationContext log
信息: Destroying Spring FrameworkServlet 'dispatcherServlet'
六月 21, 2019 7:51:03 下午 org.apache.coyote.AbstractProtocol pause
信息: Pausing ProtocolHandler ["http-nio-auto-4-52039"]
六月 21, 2019 7:51:03 下午 org.apache.catalina.core.StandardService stopInternal
信息: Stopping service [Tomcat]
六月 21, 2019 7:51:03 下午 org.apache.coyote.AbstractProtocol stop
信息: Stopping ProtocolHandler ["http-nio-auto-4-52039"]
]]></system-err>
</testsuite>
