<?xml version="1.0" encoding="UTF-8"?>
<testsuite name="org.springframework.web.socket.server.support.OriginHandshakeInterceptorTests" tests="10" skipped="0" failures="0" errors="0" timestamp="2019-06-21T11:51:03" hostname="Macbook-Air.local" time="0.012">
  <properties/>
  <testcase name="originValueNoMatch" classname="org.springframework.web.socket.server.support.OriginHandshakeInterceptorTests" time="0.004"/>
  <testcase name="originNoMatchWithNullHostileCollection" classname="org.springframework.web.socket.server.support.OriginHandshakeInterceptorTests" time="0.001"/>
  <testcase name="originListMatch" classname="org.springframework.web.socket.server.support.OriginHandshakeInterceptorTests" time="0.001"/>
  <testcase name="sameOriginMatchWithEmptyAllowedOrigins" classname="org.springframework.web.socket.server.support.OriginHandshakeInterceptorTests" time="0.001"/>
  <testcase name="sameOriginNoMatch" classname="org.springframework.web.socket.server.support.OriginHandshakeInterceptorTests" time="0.0"/>
  <testcase name="invalidInput" classname="org.springframework.web.socket.server.support.OriginHandshakeInterceptorTests" time="0.001"/>
  <testcase name="originMatchAll" classname="org.springframework.web.socket.server.support.OriginHandshakeInterceptorTests" time="0.001"/>
  <testcase name="originListNoMatch" classname="org.springframework.web.socket.server.support.OriginHandshakeInterceptorTests" time="0.001"/>
  <testcase name="sameOriginMatchWithAllowedOrigins" classname="org.springframework.web.socket.server.support.OriginHandshakeInterceptorTests" time="0.001"/>
  <testcase name="originValueMatch" classname="org.springframework.web.socket.server.support.OriginHandshakeInterceptorTests" time="0.0"/>
  <system-out><![CDATA[]]></system-out>
  <system-err><![CDATA[]]></system-err>
</testsuite>
