<?xml version="1.0" encoding="UTF-8"?>
<testsuite name="org.springframework.web.socket.server.standard.ServerEndpointExporterTests" tests="6" skipped="0" failures="0" errors="0" timestamp="2019-06-21T11:51:03" hostname="Macbook-Air.local" time="0.112">
  <properties/>
  <testcase name="addServerEndpointConfigBeanWithExplicitServerContainer" classname="org.springframework.web.socket.server.standard.ServerEndpointExporterTests" time="0.062"/>
  <testcase name="addAnnotatedEndpointClassesWithExplicitServerContainerOnly" classname="org.springframework.web.socket.server.standard.ServerEndpointExporterTests" time="0.013"/>
  <testcase name="addServerEndpointConfigBean" classname="org.springframework.web.socket.server.standard.ServerEndpointExporterTests" time="0.008"/>
  <testcase name="addAnnotatedEndpointClasses" classname="org.springframework.web.socket.server.standard.ServerEndpointExporterTests" time="0.008"/>
  <testcase name="addAnnotatedEndpointClassesWithServletContextOnly" classname="org.springframework.web.socket.server.standard.ServerEndpointExporterTests" time="0.009"/>
  <testcase name="addServerEndpointConfigBeanWithExplicitServletContext" classname="org.springframework.web.socket.server.standard.ServerEndpointExporterTests" time="0.009"/>
  <system-out><![CDATA[]]></system-out>
  <system-err><![CDATA[]]></system-err>
</testsuite>
