<?xml version="1.0" encoding="UTF-8"?>
<testsuite name="org.springframework.web.socket.server.support.HttpSessionHandshakeInterceptorTests" tests="5" skipped="0" failures="0" errors="0" timestamp="2019-06-21T11:51:03" hostname="Macbook-Air.local" time="0.005">
  <properties/>
  <testcase name="constructorWithAttributeNames" classname="org.springframework.web.socket.server.support.HttpSessionHandshakeInterceptorTests" time="0.003"/>
  <testcase name="defaultConstructor" classname="org.springframework.web.socket.server.support.HttpSessionHandshakeInterceptorTests" time="0.001"/>
  <testcase name="doNotCauseSessionCreation" classname="org.springframework.web.socket.server.support.HttpSessionHandshakeInterceptorTests" time="0.001"/>
  <testcase name="doNotCopyHttpSessionId" classname="org.springframework.web.socket.server.support.HttpSessionHandshakeInterceptorTests" time="0.0"/>
  <testcase name="doNotCopyAttributes" classname="org.springframework.web.socket.server.support.HttpSessionHandshakeInterceptorTests" time="0.0"/>
  <system-out><![CDATA[]]></system-out>
  <system-err><![CDATA[]]></system-err>
</testsuite>
