<?xml version="1.0" encoding="UTF-8"?>
<testsuite name="org.springframework.web.socket.handler.WebSocketHandlerDecoratorTests" tests="1" skipped="0" failures="0" errors="0" timestamp="2019-06-21T11:50:53" hostname="Macbook-Air.local" time="0.007">
  <properties/>
  <testcase name="getLastHandler" classname="org.springframework.web.socket.handler.WebSocketHandlerDecoratorTests" time="0.007"/>
  <system-out><![CDATA[]]></system-out>
  <system-err><![CDATA[]]></system-err>
</testsuite>
