<?xml version="1.0" encoding="UTF-8"?>
<testsuite name="org.springframework.web.socket.config.MessageBrokerBeanDefinitionParserTests" tests="8" skipped="0" failures="0" errors="0" timestamp="2019-06-21T11:51:00" hostname="Macbook-Air.local" time="1.88">
  <properties/>
  <testcase name="messageConvertersDefaultsOff" classname="org.springframework.web.socket.config.MessageBrokerBeanDefinitionParserTests" time="0.49"/>
  <testcase name="simpleBroker" classname="org.springframework.web.socket.config.MessageBrokerBeanDefinitionParserTests" time="0.257"/>
  <testcase name="customChannels" classname="org.springframework.web.socket.config.MessageBrokerBeanDefinitionParserTests" time="0.087"/>
  <testcase name="customChannelsWithDefaultExecutor" classname="org.springframework.web.socket.config.MessageBrokerBeanDefinitionParserTests" time="0.073"/>
  <testcase name="annotationMethodMessageHandler" classname="org.springframework.web.socket.config.MessageBrokerBeanDefinitionParserTests" time="0.091"/>
  <testcase name="messageConverters" classname="org.springframework.web.socket.config.MessageBrokerBeanDefinitionParserTests" time="0.067"/>
  <testcase name="customArgumentAndReturnValueTypes" classname="org.springframework.web.socket.config.MessageBrokerBeanDefinitionParserTests" time="0.074"/>
  <testcase name="stompBrokerRelay" classname="org.springframework.web.socket.config.MessageBrokerBeanDefinitionParserTests" time="0.739"/>
  <system-out><![CDATA[]]></system-out>
  <system-err><![CDATA[]]></system-err>
</testsuite>
