<?xml version="1.0" encoding="UTF-8"?>
<testsuite name="org.springframework.web.socket.config.annotation.WebSocketMessageBrokerConfigurationSupportTests" tests="8" skipped="0" failures="0" errors="0" timestamp="2019-06-21T11:50:59" hostname="Macbook-Air.local" time="0.969">
  <properties/>
  <testcase name="brokerChannel" classname="org.springframework.web.socket.config.annotation.WebSocketMessageBrokerConfigurationSupportTests" time="0.584"/>
  <testcase name="handlerMapping" classname="org.springframework.web.socket.config.annotation.WebSocketMessageBrokerConfigurationSupportTests" time="0.054"/>
  <testcase name="webSocketHandlerDecorator" classname="org.springframework.web.socket.config.annotation.WebSocketMessageBrokerConfigurationSupportTests" time="0.077"/>
  <testcase name="webSocketHandler" classname="org.springframework.web.socket.config.annotation.WebSocketMessageBrokerConfigurationSupportTests" time="0.041"/>
  <testcase name="clientInboundChannelSendMessage" classname="org.springframework.web.socket.config.annotation.WebSocketMessageBrokerConfigurationSupportTests" time="0.076"/>
  <testcase name="clientOutboundChannel" classname="org.springframework.web.socket.config.annotation.WebSocketMessageBrokerConfigurationSupportTests" time="0.044"/>
  <testcase name="taskScheduler" classname="org.springframework.web.socket.config.annotation.WebSocketMessageBrokerConfigurationSupportTests" time="0.05"/>
  <testcase name="webSocketMessageBrokerStats" classname="org.springframework.web.socket.config.annotation.WebSocketMessageBrokerConfigurationSupportTests" time="0.041"/>
  <system-out><![CDATA[]]></system-out>
  <system-err><![CDATA[]]></system-err>
</testsuite>
