<?xml version="1.0" encoding="UTF-8"?>
<testsuite name="org.springframework.web.socket.adapter.jetty.JettyWebSocketSessionTests" tests="4" skipped="0" failures="0" errors="0" timestamp="2019-06-21T11:51:04" hostname="Macbook-Air.local" time="0.01">
  <properties/>
  <testcase name="getPrincipalWithConstructorArg" classname="org.springframework.web.socket.adapter.jetty.JettyWebSocketSessionTests" time="0.003"/>
  <testcase name="getPrincipalNotAvailable" classname="org.springframework.web.socket.adapter.jetty.JettyWebSocketSessionTests" time="0.002"/>
  <testcase name="getPrincipalFromNativeSession" classname="org.springframework.web.socket.adapter.jetty.JettyWebSocketSessionTests" time="0.003"/>
  <testcase name="getAcceptedProtocol" classname="org.springframework.web.socket.adapter.jetty.JettyWebSocketSessionTests" time="0.002"/>
  <system-out><![CDATA[]]></system-out>
  <system-err><![CDATA[]]></system-err>
</testsuite>
