<?xml version="1.0" encoding="UTF-8"?>
<testsuite name="org.springframework.web.socket.WebSocketExtensionTests" tests="2" skipped="0" failures="0" errors="0" timestamp="2019-06-21T11:51:04" hostname="Macbook-Air.local" time="0.003">
  <properties/>
  <testcase name="parseHeaderSingle" classname="org.springframework.web.socket.WebSocketExtensionTests" time="0.001"/>
  <testcase name="parseHeaderMultiple" classname="org.springframework.web.socket.WebSocketExtensionTests" time="0.002"/>
  <system-out><![CDATA[]]></system-out>
  <system-err><![CDATA[]]></system-err>
</testsuite>
