<?xml version="1.0" encoding="UTF-8"?>
<testsuite name="org.springframework.web.socket.server.standard.ServerEndpointRegistrationTests" tests="2" skipped="0" failures="0" errors="0" timestamp="2019-06-21T11:51:03" hostname="Macbook-Air.local" time="0.024">
  <properties/>
  <testcase name="endpointSingleton" classname="org.springframework.web.socket.server.standard.ServerEndpointRegistrationTests" time="0.003"/>
  <testcase name="endpointPerConnection" classname="org.springframework.web.socket.server.standard.ServerEndpointRegistrationTests" time="0.021"/>
  <system-out><![CDATA[]]></system-out>
  <system-err><![CDATA[]]></system-err>
</testsuite>
