<?xml version="1.0" encoding="UTF-8"?>
<testsuite name="org.springframework.web.socket.client.jetty.JettyWebSocketClientTests" tests="2" skipped="0" failures="0" errors="0" timestamp="2019-06-21T11:51:10" hostname="Macbook-Air.local" time="0.057">
  <properties/>
  <testcase name="doHandshake" classname="org.springframework.web.socket.client.jetty.JettyWebSocketClientTests" time="0.035"/>
  <testcase name="doHandshakeWithTaskExecutor" classname="org.springframework.web.socket.client.jetty.JettyWebSocketClientTests" time="0.022"/>
  <system-out><![CDATA[]]></system-out>
  <system-err><![CDATA[]]></system-err>
</testsuite>
