<?xml version="1.0" encoding="UTF-8"?>
<testsuite name="org.springframework.http.converter.smile.MappingJackson2SmileHttpMessageConverterTests" tests="4" skipped="0" failures="0" errors="0" timestamp="2019-06-21T11:46:24" hostname="Macbook-Air.local" time="0.046">
  <properties/>
  <testcase name="canWrite" classname="org.springframework.http.converter.smile.MappingJackson2SmileHttpMessageConverterTests" time="0.022"/>
  <testcase name="read" classname="org.springframework.http.converter.smile.MappingJackson2SmileHttpMessageConverterTests" time="0.017"/>
  <testcase name="write" classname="org.springframework.http.converter.smile.MappingJackson2SmileHttpMessageConverterTests" time="0.004"/>
  <testcase name="canRead" classname="org.springframework.http.converter.smile.MappingJackson2SmileHttpMessageConverterTests" time="0.002"/>
  <system-out><![CDATA[]]></system-out>
  <system-err><![CDATA[]]></system-err>
</testsuite>
