<?xml version="1.0" encoding="UTF-8"?>
<testsuite name="org.springframework.http.client.BufferingClientHttpRequestFactoryTests" tests="7" skipped="0" failures="0" errors="0" timestamp="2019-06-21T11:46:34" hostname="Macbook-Air.local" time="0.064">
  <properties/>
  <testcase name="repeatableRead" classname="org.springframework.http.client.BufferingClientHttpRequestFactoryTests" time="0.023"/>
  <testcase name="headersAfterExecute" classname="org.springframework.http.client.BufferingClientHttpRequestFactoryTests" time="0.005"/>
  <testcase name="status" classname="org.springframework.http.client.BufferingClientHttpRequestFactoryTests" time="0.004"/>
  <testcase name="echo" classname="org.springframework.http.client.BufferingClientHttpRequestFactoryTests" time="0.005"/>
  <testcase name="multipleWrites" classname="org.springframework.http.client.BufferingClientHttpRequestFactoryTests" time="0.005"/>
  <testcase name="queryParameters" classname="org.springframework.http.client.BufferingClientHttpRequestFactoryTests" time="0.006"/>
  <testcase name="httpMethods" classname="org.springframework.http.client.BufferingClientHttpRequestFactoryTests" time="0.015"/>
  <system-out><![CDATA[]]></system-out>
  <system-err><![CDATA[Jun 21, 2019 7:46:34 PM okhttp3.mockwebserver.MockWebServer$3 execute
INFO: MockWebServer[50206] starting to accept connections
Jun 21, 2019 7:46:34 PM okhttp3.mockwebserver.MockWebServer$4 processOneRequest
INFO: MockWebServer[50206] received request: PUT /echo HTTP/1.1 and responded: HTTP/1.1 200 OK
Jun 21, 2019 7:46:34 PM okhttp3.mockwebserver.MockWebServer$3 acceptConnections
INFO: MockWebServer[50206] done accepting connections: Socket closed
Jun 21, 2019 7:46:34 PM okhttp3.mockwebserver.MockWebServer$3 execute
INFO: MockWebServer[50208] starting to accept connections
Jun 21, 2019 7:46:34 PM okhttp3.mockwebserver.MockWebServer$4 processOneRequest
INFO: MockWebServer[50208] received request: POST /status/ok HTTP/1.1 and responded: HTTP/1.1 200 OK
Jun 21, 2019 7:46:34 PM okhttp3.mockwebserver.MockWebServer$3 acceptConnections
INFO: MockWebServer[50208] done accepting connections: Socket closed
Jun 21, 2019 7:46:34 PM okhttp3.mockwebserver.MockWebServer$3 execute
INFO: MockWebServer[50210] starting to accept connections
Jun 21, 2019 7:46:34 PM okhttp3.mockwebserver.MockWebServer$4 processOneRequest
INFO: MockWebServer[50210] received request: GET /status/notfound HTTP/1.1 and responded: HTTP/1.1 404 Client Error
Jun 21, 2019 7:46:34 PM okhttp3.mockwebserver.MockWebServer$3 acceptConnections
INFO: MockWebServer[50210] done accepting connections: Socket closed
Jun 21, 2019 7:46:34 PM okhttp3.mockwebserver.MockWebServer$3 execute
INFO: MockWebServer[50212] starting to accept connections
Jun 21, 2019 7:46:34 PM okhttp3.mockwebserver.MockWebServer$4 processOneRequest
INFO: MockWebServer[50212] received request: PUT /echo HTTP/1.1 and responded: HTTP/1.1 200 OK
Jun 21, 2019 7:46:34 PM okhttp3.mockwebserver.MockWebServer$3 acceptConnections
INFO: MockWebServer[50212] done accepting connections: Socket closed
Jun 21, 2019 7:46:34 PM okhttp3.mockwebserver.MockWebServer$3 execute
INFO: MockWebServer[50214] starting to accept connections
Jun 21, 2019 7:46:34 PM okhttp3.mockwebserver.MockWebServer$4 processOneRequest
INFO: MockWebServer[50214] received request: POST /echo HTTP/1.1 and responded: HTTP/1.1 200 OK
Jun 21, 2019 7:46:34 PM okhttp3.mockwebserver.MockWebServer$3 acceptConnections
INFO: MockWebServer[50214] done accepting connections: Socket closed
Jun 21, 2019 7:46:34 PM okhttp3.mockwebserver.MockWebServer$3 execute
INFO: MockWebServer[50216] starting to accept connections
Jun 21, 2019 7:46:34 PM okhttp3.mockwebserver.MockWebServer$4 processOneRequest
INFO: MockWebServer[50216] received request: GET /params?param1=value&param2=value1&param2=value2 HTTP/1.1 and responded: HTTP/1.1 200 OK
Jun 21, 2019 7:46:34 PM okhttp3.mockwebserver.MockWebServer$3 acceptConnections
INFO: MockWebServer[50216] done accepting connections: Socket closed
Jun 21, 2019 7:46:34 PM okhttp3.mockwebserver.MockWebServer$3 execute
INFO: MockWebServer[50218] starting to accept connections
Jun 21, 2019 7:46:34 PM okhttp3.mockwebserver.MockWebServer$4 processOneRequest
INFO: MockWebServer[50218] received request: GET /methods/get HTTP/1.1 and responded: HTTP/1.1 200 OK
Jun 21, 2019 7:46:34 PM okhttp3.mockwebserver.MockWebServer$4 processOneRequest
INFO: MockWebServer[50218] received request: HEAD /methods/head HTTP/1.1 and responded: HTTP/1.1 200 OK
Jun 21, 2019 7:46:34 PM okhttp3.mockwebserver.MockWebServer$4 processOneRequest
INFO: MockWebServer[50218] received request: POST /methods/post HTTP/1.1 and responded: HTTP/1.1 200 OK
Jun 21, 2019 7:46:34 PM okhttp3.mockwebserver.MockWebServer$4 processOneRequest
INFO: MockWebServer[50218] received request: PUT /methods/put HTTP/1.1 and responded: HTTP/1.1 200 OK
Jun 21, 2019 7:46:34 PM okhttp3.mockwebserver.MockWebServer$4 processOneRequest
INFO: MockWebServer[50218] received request: OPTIONS /methods/options HTTP/1.1 and responded: HTTP/1.1 200 OK
Jun 21, 2019 7:46:34 PM okhttp3.mockwebserver.MockWebServer$4 processOneRequest
INFO: MockWebServer[50218] received request: DELETE /methods/delete HTTP/1.1 and responded: HTTP/1.1 200 OK
Jun 21, 2019 7:46:34 PM okhttp3.mockwebserver.MockWebServer$3 acceptConnections
INFO: MockWebServer[50218] done accepting connections: Socket closed
]]></system-err>
</testsuite>
