<?xml version="1.0" encoding="UTF-8"?>
<testsuite name="org.springframework.http.converter.json.SpringHandlerInstantiatorTests" tests="5" skipped="0" failures="0" errors="0" timestamp="2020-11-25T14:41:48" hostname="lichangbaodeMacBook-Pro.local" time="0.022">
  <properties/>
  <testcase name="applicationContextAwareTypeIdResolver" classname="org.springframework.http.converter.json.SpringHandlerInstantiatorTests" time="0.006"/>
  <testcase name="autowiredDeserializer" classname="org.springframework.http.converter.json.SpringHandlerInstantiatorTests" time="0.009"/>
  <testcase name="autowiredKeyDeserializer" classname="org.springframework.http.converter.json.SpringHandlerInstantiatorTests" time="0.002"/>
  <testcase name="autowiredSerializer" classname="org.springframework.http.converter.json.SpringHandlerInstantiatorTests" time="0.004"/>
  <testcase name="applicationContextAwaretypeResolverBuilder" classname="org.springframework.http.converter.json.SpringHandlerInstantiatorTests" time="0.001"/>
  <system-out><![CDATA[]]></system-out>
  <system-err><![CDATA[]]></system-err>
</testsuite>
