<?xml version="1.0" encoding="UTF-8"?>
<testsuite name="org.springframework.web.context.request.RequestAndSessionScopedBeanTests" tests="2" skipped="0" failures="0" errors="0" timestamp="2020-11-25T14:41:38" hostname="lichangbaodeMacBook-Pro.local" time="0.008">
  <properties/>
  <testcase name="testPutBeanInSession" classname="org.springframework.web.context.request.RequestAndSessionScopedBeanTests" time="0.005"/>
  <testcase name="testPutBeanInRequest" classname="org.springframework.web.context.request.RequestAndSessionScopedBeanTests" time="0.003"/>
  <system-out><![CDATA[22:41:38.809 [Test worker] DEBUG o.s.w.c.s.StaticWebApplicationContext - Refreshing Root WebApplicationContext
22:41:38.813 [Test worker] DEBUG o.s.w.c.s.StaticWebApplicationContext - Refreshing Root WebApplicationContext
]]></system-out>
  <system-err><![CDATA[]]></system-err>
</testsuite>
