<?xml version="1.0" encoding="UTF-8"?>
<testsuite name="org.springframework.http.codec.xml.XmlEventDecoderTests" tests="4" skipped="0" failures="0" errors="0" timestamp="2020-11-25T14:41:49" hostname="lichangbaodeMacBook-Pro.local" time="0.053">
  <properties/>
  <testcase name="decodeErrorAalto" classname="org.springframework.http.codec.xml.XmlEventDecoderTests" time="0.043"/>
  <testcase name="toXMLEventsNonAalto" classname="org.springframework.http.codec.xml.XmlEventDecoderTests" time="0.007"/>
  <testcase name="decodeErrorNonAalto" classname="org.springframework.http.codec.xml.XmlEventDecoderTests" time="0.0"/>
  <testcase name="toXMLEventsAalto" classname="org.springframework.http.codec.xml.XmlEventDecoderTests" time="0.003"/>
  <system-out><![CDATA[]]></system-out>
  <system-err><![CDATA[]]></system-err>
</testsuite>
