<?xml version="1.0" encoding="UTF-8"?>
<testsuite name="org.springframework.web.cors.reactive.CorsUtilsTests" tests="7" skipped="0" failures="0" errors="0" timestamp="2019-06-21T11:46:13" hostname="Macbook-Air.local" time="0.023">
  <properties/>
  <testcase name="isCorsRequest" classname="org.springframework.web.cors.reactive.CorsUtilsTests" time="0.004"/>
  <testcase name="isSameOriginWithDifferentSchemes" classname="org.springframework.web.cors.reactive.CorsUtilsTests" time="0.0"/>
  <testcase name="isNotCorsRequest" classname="org.springframework.web.cors.reactive.CorsUtilsTests" time="0.001"/>
  <testcase name="isNotPreFlightRequest" classname="org.springframework.web.cors.reactive.CorsUtilsTests" time="0.0"/>
  <testcase name="isSameOriginWithForwardedHeader" classname="org.springframework.web.cors.reactive.CorsUtilsTests" time="0.015"/>
  <testcase name="isSameOriginWithXForwardedHeaders" classname="org.springframework.web.cors.reactive.CorsUtilsTests" time="0.002"/>
  <testcase name="isPreFlightRequest" classname="org.springframework.web.cors.reactive.CorsUtilsTests" time="0.0"/>
  <system-out><![CDATA[]]></system-out>
  <system-err><![CDATA[]]></system-err>
</testsuite>
