<?xml version="1.0" encoding="UTF-8"?>
<testsuite name="org.springframework.web.server.session.HeaderWebSessionIdResolverTests" tests="10" skipped="0" failures="0" errors="0" timestamp="2019-06-21T11:46:05" hostname="Macbook-Air.local" time="0.01">
  <properties/>
  <testcase name="setSessionIdWhenCustomHeaderNameThenSetsHeader" classname="org.springframework.web.server.session.HeaderWebSessionIdResolverTests" time="0.001"/>
  <testcase name="resolveSessionIdsWhenNoIdsThenEmpty" classname="org.springframework.web.server.session.HeaderWebSessionIdResolverTests" time="0.001"/>
  <testcase name="resolveSessionIdsWhenMultipleIdsThenIdsFound" classname="org.springframework.web.server.session.HeaderWebSessionIdResolverTests" time="0.002"/>
  <testcase name="resolveSessionIdsWhenIdThenIdFound" classname="org.springframework.web.server.session.HeaderWebSessionIdResolverTests" time="0.001"/>
  <testcase name="setSessionIdWhenValidThenSetsHeader" classname="org.springframework.web.server.session.HeaderWebSessionIdResolverTests" time="0.001"/>
  <testcase name="expireWhenAfterSetSessionIdThenSetsEmptyHeader" classname="org.springframework.web.server.session.HeaderWebSessionIdResolverTests" time="0.001"/>
  <testcase name="setSessionIdWhenNullIdThenIllegalArgumentException" classname="org.springframework.web.server.session.HeaderWebSessionIdResolverTests" time="0.001"/>
  <testcase name="expireWhenValidThenSetsEmptyHeader" classname="org.springframework.web.server.session.HeaderWebSessionIdResolverTests" time="0.001"/>
  <testcase name="expireWhenMultipleInvocationThenSetsSingleEmptyHeader" classname="org.springframework.web.server.session.HeaderWebSessionIdResolverTests" time="0.001"/>
  <testcase name="setSessionIdWhenMultipleThenSetsSingleHeader" classname="org.springframework.web.server.session.HeaderWebSessionIdResolverTests" time="0.0"/>
  <system-out><![CDATA[]]></system-out>
  <system-err><![CDATA[]]></system-err>
</testsuite>
