<?xml version="1.0" encoding="UTF-8"?>
<testsuite name="org.springframework.web.server.adapter.ForwardedHeaderTransformerTests" tests="6" skipped="0" failures="0" errors="0" timestamp="2020-11-25T14:41:40" hostname="lichangbaodeMacBook-Pro.local" time="0.006">
  <properties/>
  <testcase name="forwardedHeader" classname="org.springframework.web.server.adapter.ForwardedHeaderTransformerTests" time="0.004"/>
  <testcase name="xForwardedPrefixTrailingSlash" classname="org.springframework.web.server.adapter.ForwardedHeaderTransformerTests" time="0.001"/>
  <testcase name="xForwardedHeaders" classname="org.springframework.web.server.adapter.ForwardedHeaderTransformerTests" time="0.0"/>
  <testcase name="removeOnly" classname="org.springframework.web.server.adapter.ForwardedHeaderTransformerTests" time="0.0"/>
  <testcase name="xForwardedPrefix" classname="org.springframework.web.server.adapter.ForwardedHeaderTransformerTests" time="0.0"/>
  <testcase name="shouldNotDoubleEncode" classname="org.springframework.web.server.adapter.ForwardedHeaderTransformerTests" time="0.001"/>
  <system-out><![CDATA[]]></system-out>
  <system-err><![CDATA[]]></system-err>
</testsuite>
