<?xml version="1.0" encoding="UTF-8"?>
<testsuite name="org.springframework.http.codec.multipart.SynchronossPartHttpMessageReaderTests" tests="4" skipped="0" failures="0" errors="0" timestamp="2019-06-21T11:46:25" hostname="Macbook-Air.local" time="0.114">
  <properties/>
  <testcase name="transferTo" classname="org.springframework.http.codec.multipart.SynchronossPartHttpMessageReaderTests" time="0.106"/>
  <testcase name="resolveParts" classname="org.springframework.http.codec.multipart.SynchronossPartHttpMessageReaderTests" time="0.006"/>
  <testcase name="canRead" classname="org.springframework.http.codec.multipart.SynchronossPartHttpMessageReaderTests" time="0.001"/>
  <testcase name="bodyError" classname="org.springframework.http.codec.multipart.SynchronossPartHttpMessageReaderTests" time="0.001"/>
  <system-out><![CDATA[19:46:25.984 [Test worker] DEBUG o.s.w.HttpLogging - Encoding parts [fooPart, barPart] (content masked)
19:46:26.067 [Test worker] DEBUG o.s.w.HttpLogging - Parsed parts [barPart, fooPart] (content masked)
19:46:26.074 [Test worker] DEBUG o.s.w.HttpLogging - Encoding parts [fooPart, barPart] (content masked)
19:46:26.078 [Test worker] DEBUG o.s.w.HttpLogging - Parsed parts [barPart, fooPart] (content masked)
]]></system-out>
  <system-err><![CDATA[]]></system-err>
</testsuite>
