<?xml version="1.0" encoding="UTF-8"?>
<testsuite name="org.springframework.web.jsf.DelegatingNavigationHandlerTests" tests="2" skipped="0" failures="0" errors="0" timestamp="2019-06-21T11:46:12" hostname="Macbook-Air.local" time="0.012">
  <properties/>
  <testcase name="handleNavigationWithoutDecoration" classname="org.springframework.web.jsf.DelegatingNavigationHandlerTests" time="0.008"/>
  <testcase name="handleNavigationWithDecoration" classname="org.springframework.web.jsf.DelegatingNavigationHandlerTests" time="0.004"/>
  <system-out><![CDATA[]]></system-out>
  <system-err><![CDATA[]]></system-err>
</testsuite>
