<?xml version="1.0" encoding="UTF-8"?>
<testsuite name="org.springframework.http.codec.support.CodecConfigurerTests" tests="7" skipped="0" failures="0" errors="0" timestamp="2020-11-25T14:41:49" hostname="lichangbaodeMacBook-Pro.local" time="0.021">
  <properties/>
  <testcase name="defaultsOffWithCustomWriters" classname="org.springframework.http.codec.support.CodecConfigurerTests" time="0.009"/>
  <testcase name="defaultReaders" classname="org.springframework.http.codec.support.CodecConfigurerTests" time="0.001"/>
  <testcase name="defaultWriters" classname="org.springframework.http.codec.support.CodecConfigurerTests" time="0.0"/>
  <testcase name="defaultsOffCustomReaders" classname="org.springframework.http.codec.support.CodecConfigurerTests" time="0.008"/>
  <testcase name="defaultAndCustomReaders" classname="org.springframework.http.codec.support.CodecConfigurerTests" time="0.001"/>
  <testcase name="encoderDecoderOverrides" classname="org.springframework.http.codec.support.CodecConfigurerTests" time="0.001"/>
  <testcase name="defaultAndCustomWriters" classname="org.springframework.http.codec.support.CodecConfigurerTests" time="0.001"/>
  <system-out><![CDATA[]]></system-out>
  <system-err><![CDATA[]]></system-err>
</testsuite>
