<?xml version="1.0" encoding="UTF-8"?>
<testsuite name="org.springframework.http.converter.xml.MappingJackson2XmlHttpMessageConverterTests" tests="10" skipped="0" failures="0" errors="0" timestamp="2020-11-25T14:41:48" hostname="lichangbaodeMacBook-Pro.local" time="0.05">
  <properties/>
  <testcase name="jsonView" classname="org.springframework.http.converter.xml.MappingJackson2XmlHttpMessageConverterTests" time="0.013"/>
  <testcase name="readWithXmlBomb" classname="org.springframework.http.converter.xml.MappingJackson2XmlHttpMessageConverterTests" time="0.008"/>
  <testcase name="readInvalidXml" classname="org.springframework.http.converter.xml.MappingJackson2XmlHttpMessageConverterTests" time="0.001"/>
  <testcase name="readWithExternalReference" classname="org.springframework.http.converter.xml.MappingJackson2XmlHttpMessageConverterTests" time="0.002"/>
  <testcase name="readValidXmlWithUnknownProperty" classname="org.springframework.http.converter.xml.MappingJackson2XmlHttpMessageConverterTests" time="0.002"/>
  <testcase name="canWrite" classname="org.springframework.http.converter.xml.MappingJackson2XmlHttpMessageConverterTests" time="0.007"/>
  <testcase name="read" classname="org.springframework.http.converter.xml.MappingJackson2XmlHttpMessageConverterTests" time="0.004"/>
  <testcase name="write" classname="org.springframework.http.converter.xml.MappingJackson2XmlHttpMessageConverterTests" time="0.01"/>
  <testcase name="canRead" classname="org.springframework.http.converter.xml.MappingJackson2XmlHttpMessageConverterTests" time="0.002"/>
  <testcase name="customXmlMapper" classname="org.springframework.http.converter.xml.MappingJackson2XmlHttpMessageConverterTests" time="0.001"/>
  <system-out><![CDATA[]]></system-out>
  <system-err><![CDATA[]]></system-err>
</testsuite>
