<?xml version="1.0" encoding="UTF-8"?>
<testsuite name="org.springframework.http.client.SimpleClientHttpRequestFactoryTests" tests="1" skipped="0" failures="0" errors="0" timestamp="2020-11-25T14:41:56" hostname="lichangbaodeMacBook-Pro.local" time="0.0">
  <properties/>
  <testcase name="headerWithNullValue" classname="org.springframework.http.client.SimpleClientHttpRequestFactoryTests" time="0.0"/>
  <system-out><![CDATA[]]></system-out>
  <system-err><![CDATA[]]></system-err>
</testsuite>
