<?xml version="1.0" encoding="UTF-8"?>
<testsuite name="org.springframework.http.server.reactive.CookieIntegrationTests" tests="4" skipped="0" failures="0" errors="0" timestamp="2020-11-25T14:41:50" hostname="lichangbaodeMacBook-Pro.local" time="0.06">
  <properties/>
  <testcase name="basicTest[server [org.springframework.http.server.reactive.bootstrap.JettyHttpServer@1a9d47c4]]" classname="org.springframework.http.server.reactive.CookieIntegrationTests" time="0.009"/>
  <testcase name="basicTest[server [org.springframework.http.server.reactive.bootstrap.ReactorHttpServer@587e3af2]]" classname="org.springframework.http.server.reactive.CookieIntegrationTests" time="0.007"/>
  <testcase name="basicTest[server [org.springframework.http.server.reactive.bootstrap.TomcatHttpServer@291e0321]]" classname="org.springframework.http.server.reactive.CookieIntegrationTests" time="0.032"/>
  <testcase name="basicTest[server [org.springframework.http.server.reactive.bootstrap.UndertowHttpServer@16d57865]]" classname="org.springframework.http.server.reactive.CookieIntegrationTests" time="0.012"/>
  <system-out><![CDATA[22:41:50.586 [Test worker] DEBUG o.s.w.c.RestTemplate - HTTP GET http://localhost:53202
22:41:50.586 [Test worker] DEBUG o.s.w.c.RestTemplate - Accept=[application/xml, text/xml, application/json, application/x-jackson-smile, application/cbor, application/*+xml, application/*+json]
22:41:50.587 [Test worker] DEBUG o.s.w.c.RestTemplate - Response 200 OK
22:41:50.594 [Test worker] DEBUG o.s.w.c.RestTemplate - HTTP GET http://localhost:53204
22:41:50.594 [Test worker] DEBUG o.s.w.c.RestTemplate - Accept=[application/xml, text/xml, application/json, application/x-jackson-smile, application/cbor, application/*+xml, application/*+json]
22:41:50.597 [Test worker] DEBUG o.s.w.c.RestTemplate - Response 200 OK
22:41:50.604 [Test worker] DEBUG o.s.w.c.RestTemplate - HTTP GET http://localhost:53206
22:41:50.604 [Test worker] DEBUG o.s.w.c.RestTemplate - Accept=[application/xml, text/xml, application/json, application/x-jackson-smile, application/cbor, application/*+xml, application/*+json]
22:41:50.610 [Test worker] DEBUG o.s.w.c.RestTemplate - Response 200 OK
22:41:50.638 [Test worker] DEBUG o.s.w.c.RestTemplate - HTTP GET http://localhost:53209
22:41:50.638 [Test worker] DEBUG o.s.w.c.RestTemplate - Accept=[application/xml, text/xml, application/json, application/x-jackson-smile, application/cbor, application/*+xml, application/*+json]
22:41:50.640 [Test worker] DEBUG o.s.w.c.RestTemplate - Response 200 OK
]]></system-out>
  <system-err><![CDATA[Nov 25, 2020 10:41:50 PM org.apache.catalina.core.StandardService startInternal
INFO: Starting service [Tomcat]
Nov 25, 2020 10:41:50 PM org.apache.catalina.core.StandardEngine startInternal
INFO: Starting Servlet engine: [Apache Tomcat/9.0.21]
Nov 25, 2020 10:41:50 PM org.apache.coyote.AbstractProtocol init
INFO: Initializing ProtocolHandler ["http-nio-auto-7"]
Nov 25, 2020 10:41:50 PM org.apache.coyote.AbstractProtocol start
INFO: Starting ProtocolHandler ["http-nio-auto-7-53206"]
Nov 25, 2020 10:41:50 PM org.apache.coyote.AbstractProtocol pause
INFO: Pausing ProtocolHandler ["http-nio-auto-7-53206"]
Nov 25, 2020 10:41:50 PM org.apache.catalina.core.StandardService stopInternal
INFO: Stopping service [Tomcat]
Nov 25, 2020 10:41:50 PM org.apache.coyote.AbstractProtocol stop
INFO: Stopping ProtocolHandler ["http-nio-auto-7-53206"]
Nov 25, 2020 10:41:50 PM org.apache.coyote.AbstractProtocol destroy
INFO: Destroying ProtocolHandler ["http-nio-auto-7-53206"]
]]></system-err>
</testsuite>
