<?xml version="1.0" encoding="UTF-8"?>
<testsuite name="org.springframework.http.converter.xml.Jaxb2CollectionHttpMessageConverterTests" tests="8" skipped="0" failures="0" errors="0" timestamp="2019-06-21T11:46:20" hostname="Macbook-Air.local" time="0.149">
  <properties/>
  <testcase name="readXmlRootElementSet" classname="org.springframework.http.converter.xml.Jaxb2CollectionHttpMessageConverterTests" time="0.047"/>
  <testcase name="readXmlRootElementExternalEntityDisabled" classname="org.springframework.http.converter.xml.Jaxb2CollectionHttpMessageConverterTests" time="0.071"/>
  <testcase name="readXmlRootElementExternalEntityEnabled" classname="org.springframework.http.converter.xml.Jaxb2CollectionHttpMessageConverterTests" time="0.01"/>
  <testcase name="readXmlTypeSet" classname="org.springframework.http.converter.xml.Jaxb2CollectionHttpMessageConverterTests" time="0.004"/>
  <testcase name="readXmlTypeList" classname="org.springframework.http.converter.xml.Jaxb2CollectionHttpMessageConverterTests" time="0.004"/>
  <testcase name="canRead" classname="org.springframework.http.converter.xml.Jaxb2CollectionHttpMessageConverterTests" time="0.001"/>
  <testcase name="readXmlRootElementList" classname="org.springframework.http.converter.xml.Jaxb2CollectionHttpMessageConverterTests" time="0.004"/>
  <testcase name="testXmlBomb" classname="org.springframework.http.converter.xml.Jaxb2CollectionHttpMessageConverterTests" time="0.008"/>
  <system-out><![CDATA[]]></system-out>
  <system-err><![CDATA[]]></system-err>
</testsuite>
