<?xml version="1.0" encoding="UTF-8"?>
<testsuite name="org.springframework.web.context.request.SessionScopeTests" tests="6" skipped="0" failures="0" errors="0" timestamp="2020-11-25T14:41:39" hostname="lichangbaodeMacBook-Pro.local" time="0.034">
  <properties/>
  <testcase name="destructionWithSessionSerializationAndSerializableBeanPostProcessor" classname="org.springframework.web.context.request.SessionScopeTests" time="0.013"/>
  <testcase name="destructionAtSessionTermination" classname="org.springframework.web.context.request.SessionScopeTests" time="0.004"/>
  <testcase name="getFromScopeWithSingleAccess" classname="org.springframework.web.context.request.SessionScopeTests" time="0.004"/>
  <testcase name="getFromScope" classname="org.springframework.web.context.request.SessionScopeTests" time="0.004"/>
  <testcase name="destructionWithSessionSerialization" classname="org.springframework.web.context.request.SessionScopeTests" time="0.004"/>
  <testcase name="destructionWithSessionSerializationAndBeanPostProcessor" classname="org.springframework.web.context.request.SessionScopeTests" time="0.004"/>
  <system-out><![CDATA[]]></system-out>
  <system-err><![CDATA[]]></system-err>
</testsuite>
