<?xml version="1.0" encoding="UTF-8"?>
<testsuite name="org.springframework.web.bind.support.WebExchangeDataBinderTests" tests="10" skipped="0" failures="0" errors="0" timestamp="2020-11-25T14:41:45" hostname="lichangbaodeMacBook-Pro.local" time="0.092">
  <properties/>
  <testcase name="testFieldDefault" classname="org.springframework.web.bind.support.WebExchangeDataBinderTests" time="0.016"/>
  <testcase name="testFieldPrefixCausesFieldReset" classname="org.springframework.web.bind.support.WebExchangeDataBinderTests" time="0.003"/>
  <testcase name="testBindingWithNestedObjectCreation" classname="org.springframework.web.bind.support.WebExchangeDataBinderTests" time="0.002"/>
  <testcase name="testFieldDefaultPreemptsFieldMarker" classname="org.springframework.web.bind.support.WebExchangeDataBinderTests" time="0.003"/>
  <testcase name="testMultipart" classname="org.springframework.web.bind.support.WebExchangeDataBinderTests" time="0.052"/>
  <testcase name="testFieldDefaultNonBoolean" classname="org.springframework.web.bind.support.WebExchangeDataBinderTests" time="0.01"/>
  <testcase name="testBindingWithQueryParams" classname="org.springframework.web.bind.support.WebExchangeDataBinderTests" time="0.001"/>
  <testcase name="testFieldPrefixCausesFieldResetWithIgnoreUnknownFields" classname="org.springframework.web.bind.support.WebExchangeDataBinderTests" time="0.002"/>
  <testcase name="testWithCommaSeparatedStringArray" classname="org.springframework.web.bind.support.WebExchangeDataBinderTests" time="0.002"/>
  <testcase name="testBindingWithNestedObjectCreationAndWrongOrder" classname="org.springframework.web.bind.support.WebExchangeDataBinderTests" time="0.001"/>
  <system-out><![CDATA[22:41:45.545 [Test worker] DEBUG o.s.w.HttpLogging - Writing form fields [!postProcessed, postProcessed] (content masked)
22:41:45.552 [Test worker] DEBUG o.s.w.HttpLogging - [3b212505] Read form fields [!postProcessed, postProcessed] (content masked)
22:41:45.554 [Test worker] DEBUG o.s.w.HttpLogging - Writing form fields [!postProcessed] (content masked)
22:41:45.555 [Test worker] DEBUG o.s.w.HttpLogging - [195fd343] Read form fields [!postProcessed] (content masked)
22:41:45.556 [Test worker] DEBUG o.s.w.HttpLogging - Writing form fields [_postProcessed, postProcessed] (content masked)
22:41:45.557 [Test worker] DEBUG o.s.w.HttpLogging - [458f19da] Read form fields [_postProcessed, postProcessed] (content masked)
22:41:45.557 [Test worker] DEBUG o.s.w.HttpLogging - Writing form fields [_postProcessed] (content masked)
22:41:45.558 [Test worker] DEBUG o.s.w.HttpLogging - [2b6c628d] Read form fields [_postProcessed] (content masked)
22:41:45.559 [Test worker] DEBUG o.s.w.HttpLogging - Writing form fields [spouse, spouse.name] (content masked)
22:41:45.560 [Test worker] DEBUG o.s.w.HttpLogging - [1ee0eba7] Read form fields [spouse, spouse.name] (content masked)
22:41:45.561 [Test worker] DEBUG o.s.w.HttpLogging - Writing form fields [!postProcessed, _postProcessed, postProcessed] (content masked)
22:41:45.562 [Test worker] DEBUG o.s.w.HttpLogging - [56509afc] Read form fields [!postProcessed, _postProcessed, postProcessed] (content masked)
22:41:45.562 [Test worker] DEBUG o.s.w.HttpLogging - Writing form fields [!postProcessed, _postProcessed] (content masked)
22:41:45.563 [Test worker] DEBUG o.s.w.HttpLogging - [61d711df] Read form fields [!postProcessed, _postProcessed] (content masked)
22:41:45.563 [Test worker] DEBUG o.s.w.HttpLogging - Writing form fields [_postProcessed] (content masked)
22:41:45.563 [Test worker] DEBUG o.s.w.HttpLogging - [213560fd] Read form fields [_postProcessed] (content masked)
22:41:45.573 [Test worker] DEBUG o.s.w.HttpLogging - Encoding parts [name, someList, someArray, part, somePartList] (content masked)
22:41:45.616 [Test worker] DEBUG o.s.w.HttpLogging - Writing form fields [!name, name] (content masked)
22:41:45.617 [Test worker] DEBUG o.s.w.HttpLogging - [251a6564] Read form fields [!name, name] (content masked)
22:41:45.617 [Test worker] DEBUG o.s.w.HttpLogging - Writing form fields [!name] (content masked)
22:41:45.626 [Test worker] DEBUG o.s.w.HttpLogging - [653167c4] Read form fields [!name] (content masked)
22:41:45.627 [Test worker] DEBUG o.s.w.HttpLogging - Writing form fields [_postProcessed, postProcessed] (content masked)
22:41:45.628 [Test worker] DEBUG o.s.w.HttpLogging - [151ca933] Read form fields [_postProcessed, postProcessed] (content masked)
22:41:45.628 [Test worker] DEBUG o.s.w.HttpLogging - Writing form fields [_postProcessed] (content masked)
22:41:45.629 [Test worker] DEBUG o.s.w.HttpLogging - [635bdfb1] Read form fields [_postProcessed] (content masked)
22:41:45.629 [Test worker] DEBUG o.s.w.HttpLogging - Writing form fields [stringArray] (content masked)
22:41:45.630 [Test worker] DEBUG o.s.w.HttpLogging - [dba9b59] Read form fields [stringArray] (content masked)
22:41:45.630 [Test worker] DEBUG o.s.w.HttpLogging - Writing form fields [stringArray] (content masked)
22:41:45.630 [Test worker] DEBUG o.s.w.HttpLogging - [19028d7] Read form fields [stringArray] (content masked)
22:41:45.631 [Test worker] DEBUG o.s.w.HttpLogging - Writing form fields [spouse.name, spouse] (content masked)
22:41:45.631 [Test worker] DEBUG o.s.w.HttpLogging - [71354ce7] Read form fields [spouse.name, spouse] (content masked)
]]></system-out>
  <system-err><![CDATA[]]></system-err>
</testsuite>
