<?xml version="1.0" encoding="UTF-8"?>
<testsuite name="org.springframework.web.server.adapter.WebHttpHandlerBuilderTests" tests="5" skipped="0" failures="0" errors="0" timestamp="2019-06-21T11:46:04" hostname="Macbook-Air.local" time="0.177">
  <properties/>
  <testcase name="configWithoutFilters" classname="org.springframework.web.server.adapter.WebHttpHandlerBuilderTests" time="0.076"/>
  <testcase name="orderedWebExceptionHandlerBeans" classname="org.springframework.web.server.adapter.WebHttpHandlerBuilderTests" time="0.032"/>
  <testcase name="cloneWithApplicationContext" classname="org.springframework.web.server.adapter.WebHttpHandlerBuilderTests" time="0.012"/>
  <testcase name="forwardedHeaderFilter" classname="org.springframework.web.server.adapter.WebHttpHandlerBuilderTests" time="0.027"/>
  <testcase name="orderedWebFilterBeans" classname="org.springframework.web.server.adapter.WebHttpHandlerBuilderTests" time="0.028"/>
  <system-out><![CDATA[19:46:04.997 [Test worker] DEBUG o.s.w.s.a.HttpWebHandlerAdapter - enableLoggingRequestDetails='false': form data and headers will be masked to prevent unsafe logging of potentially sensitive data
19:46:04.998 [Test worker] DEBUG o.s.w.s.a.HttpWebHandlerAdapter - [729841ac] HTTP GET "/"
19:46:05.032 [Test worker] DEBUG o.s.w.s.a.HttpWebHandlerAdapter - [729841ac] Completed 200 OK
19:46:05.078 [Test worker] DEBUG o.s.w.s.a.HttpWebHandlerAdapter - enableLoggingRequestDetails='false': form data and headers will be masked to prevent unsafe logging of potentially sensitive data
19:46:05.079 [Test worker] DEBUG o.s.w.s.a.HttpWebHandlerAdapter - [5ddb01cb] HTTP GET "/"
19:46:05.079 [Test worker] DEBUG o.s.w.s.a.HttpWebHandlerAdapter - [5ddb01cb] Completed 200 OK
19:46:05.090 [Test worker] DEBUG o.s.w.s.a.HttpWebHandlerAdapter - enableLoggingRequestDetails='false': form data and headers will be masked to prevent unsafe logging of potentially sensitive data
19:46:05.091 [Test worker] DEBUG o.s.w.s.a.HttpWebHandlerAdapter - enableLoggingRequestDetails='false': form data and headers will be masked to prevent unsafe logging of potentially sensitive data
19:46:05.147 [Test worker] DEBUG o.s.w.s.a.HttpWebHandlerAdapter - enableLoggingRequestDetails='false': form data and headers will be masked to prevent unsafe logging of potentially sensitive data
19:46:05.147 [Test worker] DEBUG o.s.w.s.a.HttpWebHandlerAdapter - [33ab3c5f] HTTP GET "/"
19:46:05.148 [Test worker] DEBUG o.s.w.s.a.HttpWebHandlerAdapter - [33ab3c5f] Completed 200 OK
]]></system-out>
  <system-err><![CDATA[]]></system-err>
</testsuite>
