<?xml version="1.0" encoding="UTF-8"?>
<testsuite name="org.springframework.http.client.HttpComponentsClientHttpRequestFactoryTests" tests="11" skipped="0" failures="0" errors="0" timestamp="2020-11-25T14:41:54" hostname="lichangbaodeMacBook-Pro.local" time="0.024">
  <properties/>
  <testcase name="createHttpUriRequest" classname="org.springframework.http.client.HttpComponentsClientHttpRequestFactoryTests" time="0.001"/>
  <testcase name="mergeBasedOnCurrentHttpClient" classname="org.springframework.http.client.HttpComponentsClientHttpRequestFactoryTests" time="0.002"/>
  <testcase name="assertCustomConfig" classname="org.springframework.http.client.HttpComponentsClientHttpRequestFactoryTests" time="0.001"/>
  <testcase name="localSettingsOverrideClientDefaultSettings" classname="org.springframework.http.client.HttpComponentsClientHttpRequestFactoryTests" time="0.001"/>
  <testcase name="httpMethods" classname="org.springframework.http.client.HttpComponentsClientHttpRequestFactoryTests" time="0.006"/>
  <testcase name="defaultSettingsOfHttpClientMergedOnExecutorCustomization" classname="org.springframework.http.client.HttpComponentsClientHttpRequestFactoryTests" time="0.001"/>
  <testcase name="headersAfterExecute" classname="org.springframework.http.client.HttpComponentsClientHttpRequestFactoryTests" time="0.002"/>
  <testcase name="status" classname="org.springframework.http.client.HttpComponentsClientHttpRequestFactoryTests" time="0.002"/>
  <testcase name="echo" classname="org.springframework.http.client.HttpComponentsClientHttpRequestFactoryTests" time="0.003"/>
  <testcase name="multipleWrites" classname="org.springframework.http.client.HttpComponentsClientHttpRequestFactoryTests" time="0.002"/>
  <testcase name="queryParameters" classname="org.springframework.http.client.HttpComponentsClientHttpRequestFactoryTests" time="0.002"/>
  <system-out><![CDATA[]]></system-out>
  <system-err><![CDATA[Nov 25, 2020 10:41:54 PM okhttp3.mockwebserver.MockWebServer$3 execute
INFO: MockWebServer[53379] starting to accept connections
Nov 25, 2020 10:41:54 PM okhttp3.mockwebserver.MockWebServer$3 acceptConnections
INFO: MockWebServer[53379] done accepting connections: Socket closed
Nov 25, 2020 10:41:54 PM okhttp3.mockwebserver.MockWebServer$3 execute
INFO: MockWebServer[53380] starting to accept connections
Nov 25, 2020 10:41:54 PM okhttp3.mockwebserver.MockWebServer$3 acceptConnections
INFO: MockWebServer[53380] done accepting connections: Socket closed
Nov 25, 2020 10:41:54 PM okhttp3.mockwebserver.MockWebServer$3 execute
INFO: MockWebServer[53381] starting to accept connections
Nov 25, 2020 10:41:54 PM okhttp3.mockwebserver.MockWebServer$3 acceptConnections
INFO: MockWebServer[53381] done accepting connections: Socket closed
Nov 25, 2020 10:41:54 PM okhttp3.mockwebserver.MockWebServer$3 execute
INFO: MockWebServer[53382] starting to accept connections
Nov 25, 2020 10:41:54 PM okhttp3.mockwebserver.MockWebServer$3 acceptConnections
INFO: MockWebServer[53382] done accepting connections: Socket closed
Nov 25, 2020 10:41:54 PM okhttp3.mockwebserver.MockWebServer$3 execute
INFO: MockWebServer[53383] starting to accept connections
Nov 25, 2020 10:41:54 PM okhttp3.mockwebserver.MockWebServer$4 processOneRequest
INFO: MockWebServer[53383] received request: GET /methods/get HTTP/1.1 and responded: HTTP/1.1 200 OK
Nov 25, 2020 10:41:54 PM okhttp3.mockwebserver.MockWebServer$4 processOneRequest
INFO: MockWebServer[53383] received request: HEAD /methods/head HTTP/1.1 and responded: HTTP/1.1 200 OK
Nov 25, 2020 10:41:54 PM okhttp3.mockwebserver.MockWebServer$4 processOneRequest
INFO: MockWebServer[53383] received request: POST /methods/post HTTP/1.1 and responded: HTTP/1.1 200 OK
Nov 25, 2020 10:41:54 PM okhttp3.mockwebserver.MockWebServer$4 processOneRequest
INFO: MockWebServer[53383] received request: PUT /methods/put HTTP/1.1 and responded: HTTP/1.1 200 OK
Nov 25, 2020 10:41:54 PM okhttp3.mockwebserver.MockWebServer$4 processOneRequest
INFO: MockWebServer[53383] received request: OPTIONS /methods/options HTTP/1.1 and responded: HTTP/1.1 200 OK
Nov 25, 2020 10:41:54 PM okhttp3.mockwebserver.MockWebServer$4 processOneRequest
INFO: MockWebServer[53383] received request: DELETE /methods/delete HTTP/1.1 and responded: HTTP/1.1 200 OK
Nov 25, 2020 10:41:54 PM okhttp3.mockwebserver.MockWebServer$4 processOneRequest
INFO: MockWebServer[53383] received request: PATCH /methods/patch HTTP/1.1 and responded: HTTP/1.1 200 OK
Nov 25, 2020 10:41:54 PM okhttp3.mockwebserver.MockWebServer$3 acceptConnections
INFO: MockWebServer[53383] done accepting connections: Socket closed
Nov 25, 2020 10:41:54 PM okhttp3.mockwebserver.MockWebServer$3 execute
INFO: MockWebServer[53385] starting to accept connections
Nov 25, 2020 10:41:54 PM okhttp3.mockwebserver.MockWebServer$3 acceptConnections
INFO: MockWebServer[53385] done accepting connections: Socket closed
Nov 25, 2020 10:41:54 PM okhttp3.mockwebserver.MockWebServer$3 execute
INFO: MockWebServer[53386] starting to accept connections
Nov 25, 2020 10:41:54 PM okhttp3.mockwebserver.MockWebServer$4 processOneRequest
INFO: MockWebServer[53386] received request: POST /status/ok HTTP/1.1 and responded: HTTP/1.1 200 OK
Nov 25, 2020 10:41:54 PM okhttp3.mockwebserver.MockWebServer$3 acceptConnections
INFO: MockWebServer[53386] done accepting connections: Socket closed
Nov 25, 2020 10:41:54 PM okhttp3.mockwebserver.MockWebServer$3 execute
INFO: MockWebServer[53388] starting to accept connections
Nov 25, 2020 10:41:54 PM okhttp3.mockwebserver.MockWebServer$4 processOneRequest
INFO: MockWebServer[53388] received request: GET /status/notfound HTTP/1.1 and responded: HTTP/1.1 404 Client Error
Nov 25, 2020 10:41:54 PM okhttp3.mockwebserver.MockWebServer$3 acceptConnections
INFO: MockWebServer[53388] done accepting connections: Socket closed
Nov 25, 2020 10:41:54 PM okhttp3.mockwebserver.MockWebServer$3 execute
INFO: MockWebServer[53390] starting to accept connections
Nov 25, 2020 10:41:54 PM okhttp3.mockwebserver.MockWebServer$4 processOneRequest
INFO: MockWebServer[53390] received request: PUT /echo HTTP/1.1 and responded: HTTP/1.1 200 OK
Nov 25, 2020 10:41:54 PM okhttp3.mockwebserver.MockWebServer$3 acceptConnections
INFO: MockWebServer[53390] done accepting connections: Socket closed
Nov 25, 2020 10:41:54 PM okhttp3.mockwebserver.MockWebServer$3 execute
INFO: MockWebServer[53392] starting to accept connections
Nov 25, 2020 10:41:54 PM okhttp3.mockwebserver.MockWebServer$4 processOneRequest
INFO: MockWebServer[53392] received request: POST /echo HTTP/1.1 and responded: HTTP/1.1 200 OK
Nov 25, 2020 10:41:54 PM okhttp3.mockwebserver.MockWebServer$3 acceptConnections
INFO: MockWebServer[53392] done accepting connections: Socket closed
Nov 25, 2020 10:41:54 PM okhttp3.mockwebserver.MockWebServer$3 execute
INFO: MockWebServer[53394] starting to accept connections
Nov 25, 2020 10:41:54 PM okhttp3.mockwebserver.MockWebServer$4 processOneRequest
INFO: MockWebServer[53394] received request: GET /params?param1=value&param2=value1&param2=value2 HTTP/1.1 and responded: HTTP/1.1 200 OK
Nov 25, 2020 10:41:54 PM okhttp3.mockwebserver.MockWebServer$3 acceptConnections
INFO: MockWebServer[53394] done accepting connections: Socket closed
]]></system-err>
</testsuite>
