<?xml version="1.0" encoding="UTF-8"?>
<testsuite name="org.springframework.http.codec.json.Jackson2SmileEncoderTests" tests="5" skipped="0" failures="0" errors="0" timestamp="2019-06-21T11:46:25" hostname="Macbook-Air.local" time="0.013">
  <properties/>
  <testcase name="encode" classname="org.springframework.http.codec.json.Jackson2SmileEncoderTests" time="0.001"/>
  <testcase name="encodeAsStream" classname="org.springframework.http.codec.json.Jackson2SmileEncoderTests" time="0.008"/>
  <testcase name="canEncode" classname="org.springframework.http.codec.json.Jackson2SmileEncoderTests" time="0.002"/>
  <testcase name="canNotEncode" classname="org.springframework.http.codec.json.Jackson2SmileEncoderTests" time="0.001"/>
  <testcase name="encodeError" classname="org.springframework.http.codec.json.Jackson2SmileEncoderTests" time="0.001"/>
  <system-out><![CDATA[19:46:25.548 [Test worker] DEBUG o.s.w.HttpLogging - Encoding [Pojo[foo='foo', bar='bar']]
19:46:25.550 [Test worker] DEBUG o.s.w.HttpLogging - Encoding [Pojo[foo='foofoo', bar='barbar']]
19:46:25.550 [Test worker] DEBUG o.s.w.HttpLogging - Encoding [Pojo[foo='foofoofoo', bar='barbarbar']]
19:46:25.552 [Test worker] DEBUG o.s.w.HttpLogging - Encoding [Pojo[foo='foo', bar='bar']]
19:46:25.553 [Test worker] DEBUG o.s.w.HttpLogging - Encoding [Pojo[foo='foo', bar='bar']]
]]></system-out>
  <system-err><![CDATA[]]></system-err>
</testsuite>
