<?xml version="1.0" encoding="UTF-8"?>
<testsuite name="org.springframework.http.client.OkHttp3AsyncClientHttpRequestFactoryTests" tests="7" skipped="0" failures="0" errors="0" timestamp="2019-06-21T11:46:31" hostname="Macbook-Air.local" time="0.069">
  <properties/>
  <testcase name="httpMethods" classname="org.springframework.http.client.OkHttp3AsyncClientHttpRequestFactoryTests" time="0.036"/>
  <testcase name="cancel" classname="org.springframework.http.client.OkHttp3AsyncClientHttpRequestFactoryTests" time="0.004"/>
  <testcase name="headersAfterExecute" classname="org.springframework.http.client.OkHttp3AsyncClientHttpRequestFactoryTests" time="0.005"/>
  <testcase name="status" classname="org.springframework.http.client.OkHttp3AsyncClientHttpRequestFactoryTests" time="0.006"/>
  <testcase name="echo" classname="org.springframework.http.client.OkHttp3AsyncClientHttpRequestFactoryTests" time="0.006"/>
  <testcase name="statusCallback" classname="org.springframework.http.client.OkHttp3AsyncClientHttpRequestFactoryTests" time="0.005"/>
  <testcase name="multipleWrites" classname="org.springframework.http.client.OkHttp3AsyncClientHttpRequestFactoryTests" time="0.006"/>
  <system-out><![CDATA[]]></system-out>
  <system-err><![CDATA[Jun 21, 2019 7:46:31 PM okhttp3.mockwebserver.MockWebServer$3 execute
INFO: MockWebServer[50158] starting to accept connections
Jun 21, 2019 7:46:31 PM okhttp3.mockwebserver.MockWebServer$4 processOneRequest
INFO: MockWebServer[50158] received request: GET /methods/get HTTP/1.1 and responded: HTTP/1.1 200 OK
Jun 21, 2019 7:46:31 PM okhttp3.mockwebserver.MockWebServer$4 processOneRequest
INFO: MockWebServer[50158] received request: HEAD /methods/head HTTP/1.1 and responded: HTTP/1.1 200 OK
Jun 21, 2019 7:46:31 PM okhttp3.mockwebserver.MockWebServer$4 processOneRequest
INFO: MockWebServer[50158] received request: POST /methods/post HTTP/1.1 and responded: HTTP/1.1 200 OK
Jun 21, 2019 7:46:31 PM okhttp3.mockwebserver.MockWebServer$4 processOneRequest
INFO: MockWebServer[50158] received request: PUT /methods/put HTTP/1.1 and responded: HTTP/1.1 200 OK
Jun 21, 2019 7:46:31 PM okhttp3.mockwebserver.MockWebServer$4 processOneRequest
INFO: MockWebServer[50158] received request: OPTIONS /methods/options HTTP/1.1 and responded: HTTP/1.1 200 OK
Jun 21, 2019 7:46:31 PM okhttp3.mockwebserver.MockWebServer$4 processOneRequest
INFO: MockWebServer[50158] received request: DELETE /methods/delete HTTP/1.1 and responded: HTTP/1.1 200 OK
Jun 21, 2019 7:46:32 PM okhttp3.mockwebserver.MockWebServer$4 processOneRequest
INFO: MockWebServer[50158] received request: PATCH /methods/patch HTTP/1.1 and responded: HTTP/1.1 200 OK
Jun 21, 2019 7:46:32 PM okhttp3.mockwebserver.MockWebServer$3 acceptConnections
INFO: MockWebServer[50158] done accepting connections: Socket closed
Jun 21, 2019 7:46:32 PM okhttp3.mockwebserver.MockWebServer$3 execute
INFO: MockWebServer[50160] starting to accept connections
Jun 21, 2019 7:46:32 PM okhttp3.mockwebserver.MockWebServer$3 acceptConnections
INFO: MockWebServer[50160] done accepting connections: Socket closed
Jun 21, 2019 7:46:32 PM okhttp3.mockwebserver.MockWebServer$3 execute
INFO: MockWebServer[50161] starting to accept connections
Jun 21, 2019 7:46:32 PM okhttp3.mockwebserver.MockWebServer$4 processOneRequest
INFO: MockWebServer[50161] received request: POST /echo HTTP/1.1 and responded: HTTP/1.1 200 OK
Jun 21, 2019 7:46:32 PM okhttp3.mockwebserver.MockWebServer$3 acceptConnections
INFO: MockWebServer[50161] done accepting connections: Socket closed
Jun 21, 2019 7:46:32 PM okhttp3.mockwebserver.MockWebServer$3 execute
INFO: MockWebServer[50163] starting to accept connections
Jun 21, 2019 7:46:32 PM okhttp3.mockwebserver.MockWebServer$4 processOneRequest
INFO: MockWebServer[50163] received request: GET /status/notfound HTTP/1.1 and responded: HTTP/1.1 404 Client Error
Jun 21, 2019 7:46:32 PM okhttp3.mockwebserver.MockWebServer$3 acceptConnections
INFO: MockWebServer[50163] done accepting connections: Socket closed
Jun 21, 2019 7:46:32 PM okhttp3.mockwebserver.MockWebServer$3 execute
INFO: MockWebServer[50165] starting to accept connections
Jun 21, 2019 7:46:32 PM okhttp3.mockwebserver.MockWebServer$4 processOneRequest
INFO: MockWebServer[50165] received request: PUT /echo HTTP/1.1 and responded: HTTP/1.1 200 OK
Jun 21, 2019 7:46:32 PM okhttp3.mockwebserver.MockWebServer$3 acceptConnections
INFO: MockWebServer[50165] done accepting connections: Socket closed
Jun 21, 2019 7:46:32 PM okhttp3.mockwebserver.MockWebServer$3 execute
INFO: MockWebServer[50167] starting to accept connections
Jun 21, 2019 7:46:32 PM okhttp3.mockwebserver.MockWebServer$4 processOneRequest
INFO: MockWebServer[50167] received request: GET /status/notfound HTTP/1.1 and responded: HTTP/1.1 404 Client Error
Jun 21, 2019 7:46:32 PM okhttp3.mockwebserver.MockWebServer$3 acceptConnections
INFO: MockWebServer[50167] done accepting connections: Socket closed
Jun 21, 2019 7:46:32 PM okhttp3.mockwebserver.MockWebServer$3 execute
INFO: MockWebServer[50169] starting to accept connections
Jun 21, 2019 7:46:32 PM okhttp3.mockwebserver.MockWebServer$4 processOneRequest
INFO: MockWebServer[50169] received request: POST /echo HTTP/1.1 and responded: HTTP/1.1 200 OK
Jun 21, 2019 7:46:32 PM okhttp3.mockwebserver.MockWebServer$3 acceptConnections
INFO: MockWebServer[50169] done accepting connections: Socket closed
]]></system-err>
</testsuite>
