<?xml version="1.0" encoding="UTF-8"?>
<testsuite name="org.springframework.web.util.ContentCachingRequestWrapperTests" tests="5" skipped="0" failures="0" errors="0" timestamp="2020-11-25T14:41:39" hostname="lichangbaodeMacBook-Pro.local" time="0.006">
  <properties/>
  <testcase name="cachedContent" classname="org.springframework.web.util.ContentCachingRequestWrapperTests" time="0.004"/>
  <testcase name="cachedContentWithOverflow" classname="org.springframework.web.util.ContentCachingRequestWrapperTests" time="0.0"/>
  <testcase name="inputStreamFormPostRequest" classname="org.springframework.web.util.ContentCachingRequestWrapperTests" time="0.001"/>
  <testcase name="requestParams" classname="org.springframework.web.util.ContentCachingRequestWrapperTests" time="0.001"/>
  <testcase name="cachedContentWithLimit" classname="org.springframework.web.util.ContentCachingRequestWrapperTests" time="0.0"/>
  <system-out><![CDATA[]]></system-out>
  <system-err><![CDATA[]]></system-err>
</testsuite>
