<?xml version="1.0" encoding="UTF-8"?>
<testsuite name="org.springframework.http.codec.xml.Jaxb2XmlDecoderTests" tests="9" skipped="0" failures="0" errors="0" timestamp="2020-11-25T14:41:49" hostname="lichangbaodeMacBook-Pro.local" time="0.023">
  <properties/>
  <testcase name="decodeSingleXmlTypeElement" classname="org.springframework.http.codec.xml.Jaxb2XmlDecoderTests" time="0.009"/>
  <testcase name="splitOneBranches" classname="org.springframework.http.codec.xml.Jaxb2XmlDecoderTests" time="0.003"/>
  <testcase name="decodeMultipleXmlTypeElement" classname="org.springframework.http.codec.xml.Jaxb2XmlDecoderTests" time="0.003"/>
  <testcase name="canDecode" classname="org.springframework.http.codec.xml.Jaxb2XmlDecoderTests" time="0.0"/>
  <testcase name="toExpectedQName" classname="org.springframework.http.codec.xml.Jaxb2XmlDecoderTests" time="0.001"/>
  <testcase name="splitMultipleBranches" classname="org.springframework.http.codec.xml.Jaxb2XmlDecoderTests" time="0.001"/>
  <testcase name="decodeError" classname="org.springframework.http.codec.xml.Jaxb2XmlDecoderTests" time="0.0"/>
  <testcase name="decodeSingleXmlRootElement" classname="org.springframework.http.codec.xml.Jaxb2XmlDecoderTests" time="0.003"/>
  <testcase name="decodeMultipleXmlRootElement" classname="org.springframework.http.codec.xml.Jaxb2XmlDecoderTests" time="0.003"/>
  <system-out><![CDATA[]]></system-out>
  <system-err><![CDATA[]]></system-err>
</testsuite>
