<?xml version="1.0" encoding="UTF-8"?>
<testsuite name="org.springframework.web.cors.reactive.DefaultCorsProcessorTests" tests="22" skipped="0" failures="0" errors="0" timestamp="2019-06-21T11:46:13" hostname="Macbook-Air.local" time="0.017">
  <properties/>
  <testcase name="sameOriginRequest" classname="org.springframework.web.cors.reactive.DefaultCorsProcessorTests" time="0.002"/>
  <testcase name="preflightRequestWithEmptyHeaders" classname="org.springframework.web.cors.reactive.DefaultCorsProcessorTests" time="0.001"/>
  <testcase name="preflightRequestValidRequestAndConfig" classname="org.springframework.web.cors.reactive.DefaultCorsProcessorTests" time="0.0"/>
  <testcase name="preflightRequestCredentialsWithOriginWildcard" classname="org.springframework.web.cors.reactive.DefaultCorsProcessorTests" time="0.0"/>
  <testcase name="preflightRequestWithoutRequestMethod" classname="org.springframework.web.cors.reactive.DefaultCorsProcessorTests" time="0.001"/>
  <testcase name="preflightRequestTestWithOriginButWithoutOtherHeaders" classname="org.springframework.web.cors.reactive.DefaultCorsProcessorTests" time="0.001"/>
  <testcase name="preflightRequestAllowedHeaders" classname="org.springframework.web.cors.reactive.DefaultCorsProcessorTests" time="0.0"/>
  <testcase name="preflightRequestCredentials" classname="org.springframework.web.cors.reactive.DefaultCorsProcessorTests" time="0.001"/>
  <testcase name="preflightRequestAllowsAllHeaders" classname="org.springframework.web.cors.reactive.DefaultCorsProcessorTests" time="0.001"/>
  <testcase name="preflightRequestWithRequestAndMethodHeaderButNoConfig" classname="org.springframework.web.cors.reactive.DefaultCorsProcessorTests" time="0.0"/>
  <testcase name="preflightRequestWrongAllowedMethod" classname="org.springframework.web.cors.reactive.DefaultCorsProcessorTests" time="0.001"/>
  <testcase name="preflightRequestMatchedAllowedMethod" classname="org.springframework.web.cors.reactive.DefaultCorsProcessorTests" time="0.001"/>
  <testcase name="actualRequestCaseInsensitiveOriginMatch" classname="org.springframework.web.cors.reactive.DefaultCorsProcessorTests" time="0.0"/>
  <testcase name="actualRequestWithOriginHeaderAndAllowedOrigin" classname="org.springframework.web.cors.reactive.DefaultCorsProcessorTests" time="0.0"/>
  <testcase name="actualRequestCredentials" classname="org.springframework.web.cors.reactive.DefaultCorsProcessorTests" time="0.001"/>
  <testcase name="actualRequestCredentialsWithOriginWildcard" classname="org.springframework.web.cors.reactive.DefaultCorsProcessorTests" time="0.001"/>
  <testcase name="requestWithoutOriginHeader" classname="org.springframework.web.cors.reactive.DefaultCorsProcessorTests" time="0.0"/>
  <testcase name="actualRequestWithOriginHeaderAndNullConfig" classname="org.springframework.web.cors.reactive.DefaultCorsProcessorTests" time="0.001"/>
  <testcase name="actualRequestExposedHeaders" classname="org.springframework.web.cors.reactive.DefaultCorsProcessorTests" time="0.0"/>
  <testcase name="preflightRequestWithNullConfig" classname="org.springframework.web.cors.reactive.DefaultCorsProcessorTests" time="0.001"/>
  <testcase name="preflightRequestAllOriginsAllowed" classname="org.springframework.web.cors.reactive.DefaultCorsProcessorTests" time="0.0"/>
  <testcase name="actualRequestWithOriginHeader" classname="org.springframework.web.cors.reactive.DefaultCorsProcessorTests" time="0.001"/>
  <system-out><![CDATA[19:46:13.154 [Test worker] DEBUG o.s.w.c.r.DefaultCorsProcessor - Reject: 'https://domain2.com' origin is not allowed
19:46:13.154 [Test worker] DEBUG o.s.w.c.r.DefaultCorsProcessor - Reject: 'https://domain2.com' origin is not allowed
19:46:13.157 [Test worker] DEBUG o.s.w.c.r.DefaultCorsProcessor - Reject: 'https://domain2.com' origin is not allowed
19:46:13.158 [Test worker] DEBUG o.s.w.c.r.DefaultCorsProcessor - Reject: HTTP 'DELETE' is not allowed
19:46:13.166 [Test worker] DEBUG o.s.w.c.r.DefaultCorsProcessor - Reject: 'https://domain2.com' origin is not allowed
]]></system-out>
  <system-err><![CDATA[]]></system-err>
</testsuite>
