<?xml version="1.0" encoding="UTF-8"?>
<testsuite name="org.springframework.web.filter.HiddenHttpMethodFilterTests" tests="3" skipped="0" failures="0" errors="0" timestamp="2019-06-21T11:46:13" hostname="Macbook-Air.local" time="0.008">
  <properties/>
  <testcase name="filterWithParameter" classname="org.springframework.web.filter.HiddenHttpMethodFilterTests" time="0.007"/>
  <testcase name="filterWithNoParameter" classname="org.springframework.web.filter.HiddenHttpMethodFilterTests" time="0.0"/>
  <testcase name="filterWithParameterDisallowedMethods" classname="org.springframework.web.filter.HiddenHttpMethodFilterTests" time="0.0"/>
  <system-out><![CDATA[]]></system-out>
  <system-err><![CDATA[]]></system-err>
</testsuite>
