<?xml version="1.0" encoding="UTF-8"?>
<testsuite name="org.springframework.http.server.reactive.ContextPathCompositeHandlerTests" tests="6" skipped="0" failures="0" errors="0" timestamp="2019-06-21T11:46:29" hostname="Macbook-Air.local" time="0.014">
  <properties/>
  <testcase name="notFoundWithCommitAction" classname="org.springframework.http.server.reactive.ContextPathCompositeHandlerTests" time="0.009"/>
  <testcase name="invalidContextPath" classname="org.springframework.http.server.reactive.ContextPathCompositeHandlerTests" time="0.0"/>
  <testcase name="match" classname="org.springframework.http.server.reactive.ContextPathCompositeHandlerTests" time="0.001"/>
  <testcase name="matchWithContextPathEqualToPath" classname="org.springframework.http.server.reactive.ContextPathCompositeHandlerTests" time="0.0"/>
  <testcase name="notFound" classname="org.springframework.http.server.reactive.ContextPathCompositeHandlerTests" time="0.001"/>
  <testcase name="matchWithNativeContextPath" classname="org.springframework.http.server.reactive.ContextPathCompositeHandlerTests" time="0.001"/>
  <system-out><![CDATA[]]></system-out>
  <system-err><![CDATA[]]></system-err>
</testsuite>
