<?xml version="1.0" encoding="UTF-8"?>
<testsuite name="org.springframework.http.client.OkHttp3AsyncClientHttpRequestFactoryTests" tests="7" skipped="0" failures="0" errors="0" timestamp="2020-11-25T14:41:54" hostname="lichangbaodeMacBook-Pro.local" time="0.03">
  <properties/>
  <testcase name="httpMethods" classname="org.springframework.http.client.OkHttp3AsyncClientHttpRequestFactoryTests" time="0.018"/>
  <testcase name="cancel" classname="org.springframework.http.client.OkHttp3AsyncClientHttpRequestFactoryTests" time="0.001"/>
  <testcase name="headersAfterExecute" classname="org.springframework.http.client.OkHttp3AsyncClientHttpRequestFactoryTests" time="0.003"/>
  <testcase name="status" classname="org.springframework.http.client.OkHttp3AsyncClientHttpRequestFactoryTests" time="0.002"/>
  <testcase name="echo" classname="org.springframework.http.client.OkHttp3AsyncClientHttpRequestFactoryTests" time="0.002"/>
  <testcase name="statusCallback" classname="org.springframework.http.client.OkHttp3AsyncClientHttpRequestFactoryTests" time="0.002"/>
  <testcase name="multipleWrites" classname="org.springframework.http.client.OkHttp3AsyncClientHttpRequestFactoryTests" time="0.002"/>
  <system-out><![CDATA[]]></system-out>
  <system-err><![CDATA[Nov 25, 2020 10:41:54 PM okhttp3.mockwebserver.MockWebServer$3 execute
INFO: MockWebServer[53366] starting to accept connections
Nov 25, 2020 10:41:54 PM okhttp3.mockwebserver.MockWebServer$4 processOneRequest
INFO: MockWebServer[53366] received request: GET /methods/get HTTP/1.1 and responded: HTTP/1.1 200 OK
Nov 25, 2020 10:41:54 PM okhttp3.mockwebserver.MockWebServer$4 processOneRequest
INFO: MockWebServer[53366] received request: HEAD /methods/head HTTP/1.1 and responded: HTTP/1.1 200 OK
Nov 25, 2020 10:41:54 PM okhttp3.mockwebserver.MockWebServer$4 processOneRequest
INFO: MockWebServer[53366] received request: POST /methods/post HTTP/1.1 and responded: HTTP/1.1 200 OK
Nov 25, 2020 10:41:54 PM okhttp3.mockwebserver.MockWebServer$4 processOneRequest
INFO: MockWebServer[53366] received request: PUT /methods/put HTTP/1.1 and responded: HTTP/1.1 200 OK
Nov 25, 2020 10:41:54 PM okhttp3.mockwebserver.MockWebServer$4 processOneRequest
INFO: MockWebServer[53366] received request: OPTIONS /methods/options HTTP/1.1 and responded: HTTP/1.1 200 OK
Nov 25, 2020 10:41:54 PM okhttp3.mockwebserver.MockWebServer$4 processOneRequest
INFO: MockWebServer[53366] received request: DELETE /methods/delete HTTP/1.1 and responded: HTTP/1.1 200 OK
Nov 25, 2020 10:41:54 PM okhttp3.mockwebserver.MockWebServer$4 processOneRequest
INFO: MockWebServer[53366] received request: PATCH /methods/patch HTTP/1.1 and responded: HTTP/1.1 200 OK
Nov 25, 2020 10:41:54 PM okhttp3.mockwebserver.MockWebServer$3 acceptConnections
INFO: MockWebServer[53366] done accepting connections: Socket closed
Nov 25, 2020 10:41:54 PM okhttp3.mockwebserver.MockWebServer$3 execute
INFO: MockWebServer[53368] starting to accept connections
Nov 25, 2020 10:41:54 PM okhttp3.mockwebserver.MockWebServer$3 acceptConnections
INFO: MockWebServer[53368] done accepting connections: Socket closed
Nov 25, 2020 10:41:54 PM okhttp3.mockwebserver.MockWebServer$3 execute
INFO: MockWebServer[53369] starting to accept connections
Nov 25, 2020 10:41:54 PM okhttp3.mockwebserver.MockWebServer$4 processOneRequest
INFO: MockWebServer[53369] received request: POST /echo HTTP/1.1 and responded: HTTP/1.1 200 OK
Nov 25, 2020 10:41:54 PM okhttp3.mockwebserver.MockWebServer$3 acceptConnections
INFO: MockWebServer[53369] done accepting connections: Socket closed
Nov 25, 2020 10:41:54 PM okhttp3.mockwebserver.MockWebServer$3 execute
INFO: MockWebServer[53371] starting to accept connections
Nov 25, 2020 10:41:54 PM okhttp3.mockwebserver.MockWebServer$4 processOneRequest
INFO: MockWebServer[53371] received request: GET /status/notfound HTTP/1.1 and responded: HTTP/1.1 404 Client Error
Nov 25, 2020 10:41:54 PM okhttp3.mockwebserver.MockWebServer$3 acceptConnections
INFO: MockWebServer[53371] done accepting connections: Socket closed
Nov 25, 2020 10:41:54 PM okhttp3.mockwebserver.MockWebServer$3 execute
INFO: MockWebServer[53373] starting to accept connections
Nov 25, 2020 10:41:54 PM okhttp3.mockwebserver.MockWebServer$4 processOneRequest
INFO: MockWebServer[53373] received request: PUT /echo HTTP/1.1 and responded: HTTP/1.1 200 OK
Nov 25, 2020 10:41:54 PM okhttp3.mockwebserver.MockWebServer$3 acceptConnections
INFO: MockWebServer[53373] done accepting connections: Socket closed
Nov 25, 2020 10:41:54 PM okhttp3.mockwebserver.MockWebServer$3 execute
INFO: MockWebServer[53375] starting to accept connections
Nov 25, 2020 10:41:54 PM okhttp3.mockwebserver.MockWebServer$4 processOneRequest
INFO: MockWebServer[53375] received request: GET /status/notfound HTTP/1.1 and responded: HTTP/1.1 404 Client Error
Nov 25, 2020 10:41:54 PM okhttp3.mockwebserver.MockWebServer$3 acceptConnections
INFO: MockWebServer[53375] done accepting connections: Socket closed
Nov 25, 2020 10:41:54 PM okhttp3.mockwebserver.MockWebServer$3 execute
INFO: MockWebServer[53377] starting to accept connections
Nov 25, 2020 10:41:54 PM okhttp3.mockwebserver.MockWebServer$4 processOneRequest
INFO: MockWebServer[53377] received request: POST /echo HTTP/1.1 and responded: HTTP/1.1 200 OK
Nov 25, 2020 10:41:54 PM okhttp3.mockwebserver.MockWebServer$3 acceptConnections
INFO: MockWebServer[53377] done accepting connections: Socket closed
]]></system-err>
</testsuite>
