<?xml version="1.0" encoding="UTF-8"?>
<testsuite name="org.springframework.http.server.reactive.EchoHandlerIntegrationTests" tests="4" skipped="0" failures="0" errors="0" timestamp="2019-06-21T11:46:27" hostname="Macbook-Air.local" time="0.28">
  <properties/>
  <testcase name="echo[server [org.springframework.http.server.reactive.bootstrap.JettyHttpServer@714160a7]]" classname="org.springframework.http.server.reactive.EchoHandlerIntegrationTests" time="0.124"/>
  <testcase name="echo[server [org.springframework.http.server.reactive.bootstrap.ReactorHttpServer@4a171425]]" classname="org.springframework.http.server.reactive.EchoHandlerIntegrationTests" time="0.033"/>
  <testcase name="echo[server [org.springframework.http.server.reactive.bootstrap.TomcatHttpServer@e89c2fd]]" classname="org.springframework.http.server.reactive.EchoHandlerIntegrationTests" time="0.054"/>
  <testcase name="echo[server [org.springframework.http.server.reactive.bootstrap.UndertowHttpServer@fa89c12]]" classname="org.springframework.http.server.reactive.EchoHandlerIntegrationTests" time="0.069"/>
  <system-out><![CDATA[19:46:27.262 [Test worker] DEBUG o.s.w.c.RestTemplate - HTTP POST http://localhost:49993
19:46:27.263 [Test worker] DEBUG o.s.w.c.RestTemplate - Accept=[application/octet-stream, application/xml, text/xml, application/json, application/x-jackson-smile, application/cbor, application/*+xml, application/*+json, */*]
19:46:27.263 [Test worker] DEBUG o.s.w.c.RestTemplate - Writing [[B@6b5e0d22] with org.springframework.http.converter.ByteArrayHttpMessageConverter
19:46:27.356 [Test worker] DEBUG o.s.w.c.RestTemplate - Response 200 OK
19:46:27.356 [Test worker] DEBUG o.s.w.c.RestTemplate - Reading to [[B] as "application/octet-stream"
19:46:27.379 [Test worker] DEBUG o.s.w.c.RestTemplate - HTTP POST http://localhost:49995
19:46:27.380 [Test worker] DEBUG o.s.w.c.RestTemplate - Accept=[application/octet-stream, application/xml, text/xml, application/json, application/x-jackson-smile, application/cbor, application/*+xml, application/*+json, */*]
19:46:27.380 [Test worker] DEBUG o.s.w.c.RestTemplate - Writing [[B@7ea9d7f7] with org.springframework.http.converter.ByteArrayHttpMessageConverter
19:46:27.397 [Test worker] DEBUG o.s.w.c.RestTemplate - Response 200 OK
19:46:27.402 [Test worker] DEBUG o.s.w.c.RestTemplate - Reading to [[B] as "application/octet-stream"
19:46:27.425 [Test worker] DEBUG o.s.w.c.RestTemplate - HTTP POST http://localhost:49997
19:46:27.425 [Test worker] DEBUG o.s.w.c.RestTemplate - Accept=[application/octet-stream, application/xml, text/xml, application/json, application/x-jackson-smile, application/cbor, application/*+xml, application/*+json, */*]
19:46:27.425 [Test worker] DEBUG o.s.w.c.RestTemplate - Writing [[B@13f6a79e] with org.springframework.http.converter.ByteArrayHttpMessageConverter
19:46:27.434 [Test worker] DEBUG o.s.w.c.RestTemplate - Response 200 OK
19:46:27.436 [Test worker] DEBUG o.s.w.c.RestTemplate - Reading to [[B] as "application/octet-stream"
19:46:27.470 [Test worker] DEBUG o.s.w.c.RestTemplate - HTTP POST http://localhost:50000
19:46:27.471 [Test worker] DEBUG o.s.w.c.RestTemplate - Accept=[application/octet-stream, application/xml, text/xml, application/json, application/x-jackson-smile, application/cbor, application/*+xml, application/*+json, */*]
19:46:27.471 [Test worker] DEBUG o.s.w.c.RestTemplate - Writing [[B@4137fd85] with org.springframework.http.converter.ByteArrayHttpMessageConverter
19:46:27.518 [Test worker] DEBUG o.s.w.c.RestTemplate - Response 200 OK
19:46:27.519 [Test worker] DEBUG o.s.w.c.RestTemplate - Reading to [[B] as "application/octet-stream"
]]></system-out>
  <system-err><![CDATA[Jun 21, 2019 7:46:27 PM org.apache.catalina.core.StandardService startInternal
INFO: Starting service [Tomcat]
Jun 21, 2019 7:46:27 PM org.apache.catalina.core.StandardEngine startInternal
INFO: Starting Servlet engine: [Apache Tomcat/9.0.21]
Jun 21, 2019 7:46:27 PM org.apache.coyote.AbstractProtocol init
INFO: Initializing ProtocolHandler ["http-nio-auto-6"]
Jun 21, 2019 7:46:27 PM org.apache.coyote.AbstractProtocol start
INFO: Starting ProtocolHandler ["http-nio-auto-6-49997"]
Jun 21, 2019 7:46:27 PM org.apache.coyote.AbstractProtocol pause
INFO: Pausing ProtocolHandler ["http-nio-auto-6-49997"]
Jun 21, 2019 7:46:27 PM org.apache.catalina.core.StandardService stopInternal
INFO: Stopping service [Tomcat]
Jun 21, 2019 7:46:27 PM org.apache.coyote.AbstractProtocol stop
INFO: Stopping ProtocolHandler ["http-nio-auto-6-49997"]
Jun 21, 2019 7:46:27 PM org.apache.coyote.AbstractProtocol destroy
INFO: Destroying ProtocolHandler ["http-nio-auto-6-49997"]
]]></system-err>
</testsuite>
