<?xml version="1.0" encoding="UTF-8"?>
<testsuite name="org.springframework.http.converter.BufferedImageHttpMessageConverterTests" tests="5" skipped="0" failures="0" errors="0" timestamp="2019-06-21T11:46:20" hostname="Macbook-Air.local" time="0.423">
  <properties/>
  <testcase name="canWrite" classname="org.springframework.http.converter.BufferedImageHttpMessageConverterTests" time="0.047"/>
  <testcase name="read" classname="org.springframework.http.converter.BufferedImageHttpMessageConverterTests" time="0.087"/>
  <testcase name="write" classname="org.springframework.http.converter.BufferedImageHttpMessageConverterTests" time="0.167"/>
  <testcase name="canRead" classname="org.springframework.http.converter.BufferedImageHttpMessageConverterTests" time="0.0"/>
  <testcase name="writeDefaultContentType" classname="org.springframework.http.converter.BufferedImageHttpMessageConverterTests" time="0.122"/>
  <system-out><![CDATA[]]></system-out>
  <system-err><![CDATA[]]></system-err>
</testsuite>
