<?xml version="1.0" encoding="UTF-8"?>
<testsuite name="org.springframework.http.ContentDispositionTests" tests="19" skipped="0" failures="0" errors="0" timestamp="2019-06-21T11:46:29" hostname="Macbook-Air.local" time="0.007">
  <properties/>
  <testcase name="parseTest" classname="org.springframework.http.ContentDispositionTests" time="0.001"/>
  <testcase name="parseType" classname="org.springframework.http.ContentDispositionTests" time="0.0"/>
  <testcase name="parseDates" classname="org.springframework.http.ContentDispositionTests" time="0.001"/>
  <testcase name="parseEmpty" classname="org.springframework.http.ContentDispositionTests" time="0.001"/>
  <testcase name="parseNoType" classname="org.springframework.http.ContentDispositionTests" time="0.001"/>
  <testcase name="decodeHeaderFieldParamInvalidCharset" classname="org.springframework.http.ContentDispositionTests" time="0.0"/>
  <testcase name="parseAndIgnoreEmptyParts" classname="org.springframework.http.ContentDispositionTests" time="0.0"/>
  <testcase name="encodeHeaderFieldParamInvalidCharset" classname="org.springframework.http.ContentDispositionTests" time="0.001"/>
  <testcase name="parseFilenameWithSemicolon" classname="org.springframework.http.ContentDispositionTests" time="0.0"/>
  <testcase name="parse" classname="org.springframework.http.ContentDispositionTests" time="0.0"/>
  <testcase name="parseInvalidParameter" classname="org.springframework.http.ContentDispositionTests" time="0.001"/>
  <testcase name="parseUnquotedFilename" classname="org.springframework.http.ContentDispositionTests" time="0.0"/>
  <testcase name="parseEncodedFilename" classname="org.springframework.http.ContentDispositionTests" time="0.0"/>
  <testcase name="headerValue" classname="org.springframework.http.ContentDispositionTests" time="0.0"/>
  <testcase name="headerValueWithEncodedFilename" classname="org.springframework.http.ContentDispositionTests" time="0.0"/>
  <testcase name="parseWithEscapedQuote" classname="org.springframework.http.ContentDispositionTests" time="0.001"/>
  <testcase name="encodeHeaderFieldParam" classname="org.springframework.http.ContentDispositionTests" time="0.0"/>
  <testcase name="decodeHeaderFieldParam" classname="org.springframework.http.ContentDispositionTests" time="0.0"/>
  <testcase name="parseInvalidDates" classname="org.springframework.http.ContentDispositionTests" time="0.0"/>
  <system-out><![CDATA[]]></system-out>
  <system-err><![CDATA[]]></system-err>
</testsuite>
