<?xml version="1.0" encoding="UTF-8"?>
<testsuite name="org.springframework.http.server.reactive.MultipartIntegrationTests" tests="4" skipped="0" failures="0" errors="0" timestamp="2020-11-25T14:41:51" hostname="lichangbaodeMacBook-Pro.local" time="0.059">
  <properties/>
  <testcase name="getFormParts[server [org.springframework.http.server.reactive.bootstrap.JettyHttpServer@63f47678]]" classname="org.springframework.http.server.reactive.MultipartIntegrationTests" time="0.011"/>
  <testcase name="getFormParts[server [org.springframework.http.server.reactive.bootstrap.ReactorHttpServer@6aa12f1c]]" classname="org.springframework.http.server.reactive.MultipartIntegrationTests" time="0.007"/>
  <testcase name="getFormParts[server [org.springframework.http.server.reactive.bootstrap.TomcatHttpServer@3385e8b4]]" classname="org.springframework.http.server.reactive.MultipartIntegrationTests" time="0.028"/>
  <testcase name="getFormParts[server [org.springframework.http.server.reactive.bootstrap.UndertowHttpServer@1a943160]]" classname="org.springframework.http.server.reactive.MultipartIntegrationTests" time="0.012"/>
  <system-out><![CDATA[22:41:51.426 [Test worker] DEBUG o.s.w.c.RestTemplate - HTTP POST http://localhost:53277/form-parts
22:41:51.427 [Test worker] DEBUG o.s.w.c.RestTemplate - Accept=[application/xml, text/xml, application/json, application/x-jackson-smile, application/cbor, application/*+xml, application/*+json]
22:41:51.427 [Test worker] DEBUG o.s.w.c.RestTemplate - Writing [{fooPart=[<class path resource [org/springframework/http/codec/multipart/foo.txt],[Content-Type:"text/plain"]>], barPart=[<bar,[]>]}] as "multipart/form-data"
22:41:51.429 [qtp636830116-1748] DEBUG o.s.w.s.a.HttpWebHandlerAdapter - [181cd264] HTTP POST "/form-parts"
22:41:51.430 [qtp636830116-1748] DEBUG o.s.w.s.a.HttpWebHandlerAdapter - [181cd264] Completed 200 OK
22:41:51.430 [Test worker] DEBUG o.s.w.c.RestTemplate - Response 200 OK
22:41:51.434 [Test worker] DEBUG o.s.w.c.RestTemplate - HTTP POST http://localhost:53279/form-parts
22:41:51.434 [Test worker] DEBUG o.s.w.c.RestTemplate - Accept=[application/xml, text/xml, application/json, application/x-jackson-smile, application/cbor, application/*+xml, application/*+json]
22:41:51.435 [Test worker] DEBUG o.s.w.c.RestTemplate - Writing [{fooPart=[<class path resource [org/springframework/http/codec/multipart/foo.txt],[Content-Type:"text/plain"]>], barPart=[<bar,[]>]}] as "multipart/form-data"
22:41:51.436 [reactor-http-kqueue-16] DEBUG o.s.w.s.a.HttpWebHandlerAdapter - [86e11962] HTTP POST "/form-parts"
22:41:51.439 [reactor-http-kqueue-16] DEBUG o.s.w.s.a.HttpWebHandlerAdapter - [86e11962] Completed 200 OK
22:41:51.439 [Test worker] DEBUG o.s.w.c.RestTemplate - Response 200 OK
22:41:51.447 [Test worker] DEBUG o.s.w.c.RestTemplate - HTTP POST http://localhost:53281/form-parts
22:41:51.447 [Test worker] DEBUG o.s.w.c.RestTemplate - Accept=[application/xml, text/xml, application/json, application/x-jackson-smile, application/cbor, application/*+xml, application/*+json]
22:41:51.447 [Test worker] DEBUG o.s.w.c.RestTemplate - Writing [{fooPart=[<class path resource [org/springframework/http/codec/multipart/foo.txt],[Content-Type:"text/plain"]>], barPart=[<bar,[]>]}] as "multipart/form-data"
22:41:51.452 [http-nio-auto-15-exec-1] DEBUG o.s.w.s.a.HttpWebHandlerAdapter - [7bbba431] HTTP POST "/form-parts"
22:41:51.452 [http-nio-auto-15-exec-1] DEBUG o.s.w.s.a.HttpWebHandlerAdapter - [7bbba431] Completed 200 OK
22:41:51.453 [Test worker] DEBUG o.s.w.c.RestTemplate - Response 200 OK
22:41:51.475 [Test worker] DEBUG o.s.w.c.RestTemplate - HTTP POST http://localhost:53284/form-parts
22:41:51.475 [Test worker] DEBUG o.s.w.c.RestTemplate - Accept=[application/xml, text/xml, application/json, application/x-jackson-smile, application/cbor, application/*+xml, application/*+json]
22:41:51.475 [Test worker] DEBUG o.s.w.c.RestTemplate - Writing [{fooPart=[<class path resource [org/springframework/http/codec/multipart/foo.txt],[Content-Type:"text/plain"]>], barPart=[<bar,[]>]}] as "multipart/form-data"
22:41:51.478 [XNIO-15 I/O-2] DEBUG o.s.w.s.a.HttpWebHandlerAdapter - [27bbfcc3] HTTP POST "/form-parts"
22:41:51.478 [XNIO-15 I/O-2] DEBUG o.s.w.s.a.HttpWebHandlerAdapter - [27bbfcc3] Completed 200 OK
22:41:51.478 [Test worker] DEBUG o.s.w.c.RestTemplate - Response 200 OK
]]></system-out>
  <system-err><![CDATA[Nov 25, 2020 10:41:51 PM org.apache.catalina.core.StandardService startInternal
INFO: Starting service [Tomcat]
Nov 25, 2020 10:41:51 PM org.apache.catalina.core.StandardEngine startInternal
INFO: Starting Servlet engine: [Apache Tomcat/9.0.21]
Nov 25, 2020 10:41:51 PM org.apache.coyote.AbstractProtocol init
INFO: Initializing ProtocolHandler ["http-nio-auto-15"]
Nov 25, 2020 10:41:51 PM org.apache.coyote.AbstractProtocol start
INFO: Starting ProtocolHandler ["http-nio-auto-15-53281"]
Nov 25, 2020 10:41:51 PM org.apache.coyote.AbstractProtocol pause
INFO: Pausing ProtocolHandler ["http-nio-auto-15-53281"]
Nov 25, 2020 10:41:51 PM org.apache.catalina.core.StandardService stopInternal
INFO: Stopping service [Tomcat]
Nov 25, 2020 10:41:51 PM org.apache.coyote.AbstractProtocol stop
INFO: Stopping ProtocolHandler ["http-nio-auto-15-53281"]
Nov 25, 2020 10:41:51 PM org.apache.coyote.AbstractProtocol destroy
INFO: Destroying ProtocolHandler ["http-nio-auto-15-53281"]
]]></system-err>
</testsuite>
