<?xml version="1.0" encoding="UTF-8"?>
<testsuite name="org.springframework.http.client.HttpComponentsAsyncClientHttpRequestFactoryTests" tests="9" skipped="0" failures="0" errors="0" timestamp="2019-06-21T11:46:29" hostname="Macbook-Air.local" time="0.089">
  <properties/>
  <testcase name="defaultSettingsOfHttpAsyncClientLostOnExecutorCustomization" classname="org.springframework.http.client.HttpComponentsAsyncClientHttpRequestFactoryTests" time="0.007"/>
  <testcase name="customHttpAsyncClientUsesItsDefault" classname="org.springframework.http.client.HttpComponentsAsyncClientHttpRequestFactoryTests" time="0.006"/>
  <testcase name="httpMethods" classname="org.springframework.http.client.HttpComponentsAsyncClientHttpRequestFactoryTests" time="0.031"/>
  <testcase name="cancel" classname="org.springframework.http.client.HttpComponentsAsyncClientHttpRequestFactoryTests" time="0.004"/>
  <testcase name="headersAfterExecute" classname="org.springframework.http.client.HttpComponentsAsyncClientHttpRequestFactoryTests" time="0.007"/>
  <testcase name="status" classname="org.springframework.http.client.HttpComponentsAsyncClientHttpRequestFactoryTests" time="0.009"/>
  <testcase name="echo" classname="org.springframework.http.client.HttpComponentsAsyncClientHttpRequestFactoryTests" time="0.008"/>
  <testcase name="statusCallback" classname="org.springframework.http.client.HttpComponentsAsyncClientHttpRequestFactoryTests" time="0.009"/>
  <testcase name="multipleWrites" classname="org.springframework.http.client.HttpComponentsAsyncClientHttpRequestFactoryTests" time="0.008"/>
  <system-out><![CDATA[]]></system-out>
  <system-err><![CDATA[Jun 21, 2019 7:46:29 PM okhttp3.mockwebserver.MockWebServer$3 execute
INFO: MockWebServer[50122] starting to accept connections
Jun 21, 2019 7:46:29 PM okhttp3.mockwebserver.MockWebServer$3 acceptConnections
INFO: MockWebServer[50122] done accepting connections: Socket closed
Jun 21, 2019 7:46:29 PM okhttp3.mockwebserver.MockWebServer$3 execute
INFO: MockWebServer[50123] starting to accept connections
Jun 21, 2019 7:46:29 PM okhttp3.mockwebserver.MockWebServer$3 acceptConnections
INFO: MockWebServer[50123] done accepting connections: Socket closed
Jun 21, 2019 7:46:29 PM okhttp3.mockwebserver.MockWebServer$3 execute
INFO: MockWebServer[50124] starting to accept connections
Jun 21, 2019 7:46:29 PM okhttp3.mockwebserver.MockWebServer$4 processOneRequest
INFO: MockWebServer[50124] received request: GET /methods/get HTTP/1.1 and responded: HTTP/1.1 200 OK
Jun 21, 2019 7:46:29 PM okhttp3.mockwebserver.MockWebServer$4 processOneRequest
INFO: MockWebServer[50124] received request: HEAD /methods/head HTTP/1.1 and responded: HTTP/1.1 200 OK
Jun 21, 2019 7:46:29 PM okhttp3.mockwebserver.MockWebServer$4 processOneRequest
INFO: MockWebServer[50124] received request: POST /methods/post HTTP/1.1 and responded: HTTP/1.1 200 OK
Jun 21, 2019 7:46:29 PM okhttp3.mockwebserver.MockWebServer$4 processOneRequest
INFO: MockWebServer[50124] received request: PUT /methods/put HTTP/1.1 and responded: HTTP/1.1 200 OK
Jun 21, 2019 7:46:29 PM okhttp3.mockwebserver.MockWebServer$4 processOneRequest
INFO: MockWebServer[50124] received request: OPTIONS /methods/options HTTP/1.1 and responded: HTTP/1.1 200 OK
Jun 21, 2019 7:46:29 PM okhttp3.mockwebserver.MockWebServer$4 processOneRequest
INFO: MockWebServer[50124] received request: DELETE /methods/delete HTTP/1.1 and responded: HTTP/1.1 200 OK
Jun 21, 2019 7:46:29 PM okhttp3.mockwebserver.MockWebServer$4 processOneRequest
INFO: MockWebServer[50124] received request: PATCH /methods/patch HTTP/1.1 and responded: HTTP/1.1 200 OK
Jun 21, 2019 7:46:29 PM okhttp3.mockwebserver.MockWebServer$3 acceptConnections
INFO: MockWebServer[50124] done accepting connections: Socket closed
Jun 21, 2019 7:46:29 PM okhttp3.mockwebserver.MockWebServer$3 execute
INFO: MockWebServer[50126] starting to accept connections
Jun 21, 2019 7:46:29 PM okhttp3.mockwebserver.MockWebServer$3 acceptConnections
INFO: MockWebServer[50126] done accepting connections: Socket closed
Jun 21, 2019 7:46:29 PM okhttp3.mockwebserver.MockWebServer$3 execute
INFO: MockWebServer[50128] starting to accept connections
Jun 21, 2019 7:46:29 PM okhttp3.mockwebserver.MockWebServer$4 processOneRequest
INFO: MockWebServer[50128] received request: POST /echo HTTP/1.1 and responded: HTTP/1.1 200 OK
Jun 21, 2019 7:46:29 PM okhttp3.mockwebserver.MockWebServer$3 acceptConnections
INFO: MockWebServer[50128] done accepting connections: Socket closed
Jun 21, 2019 7:46:29 PM okhttp3.mockwebserver.MockWebServer$3 execute
INFO: MockWebServer[50130] starting to accept connections
Jun 21, 2019 7:46:29 PM okhttp3.mockwebserver.MockWebServer$4 processOneRequest
INFO: MockWebServer[50130] received request: GET /status/notfound HTTP/1.1 and responded: HTTP/1.1 404 Client Error
Jun 21, 2019 7:46:29 PM okhttp3.mockwebserver.MockWebServer$3 acceptConnections
INFO: MockWebServer[50130] done accepting connections: Socket closed
Jun 21, 2019 7:46:29 PM okhttp3.mockwebserver.MockWebServer$3 execute
INFO: MockWebServer[50132] starting to accept connections
Jun 21, 2019 7:46:29 PM okhttp3.mockwebserver.MockWebServer$4 processOneRequest
INFO: MockWebServer[50132] received request: PUT /echo HTTP/1.1 and responded: HTTP/1.1 200 OK
Jun 21, 2019 7:46:29 PM okhttp3.mockwebserver.MockWebServer$3 acceptConnections
INFO: MockWebServer[50132] done accepting connections: Socket closed
Jun 21, 2019 7:46:29 PM okhttp3.mockwebserver.MockWebServer$3 execute
INFO: MockWebServer[50134] starting to accept connections
Jun 21, 2019 7:46:29 PM okhttp3.mockwebserver.MockWebServer$4 processOneRequest
INFO: MockWebServer[50134] received request: GET /status/notfound HTTP/1.1 and responded: HTTP/1.1 404 Client Error
Jun 21, 2019 7:46:29 PM okhttp3.mockwebserver.MockWebServer$3 acceptConnections
INFO: MockWebServer[50134] done accepting connections: Socket closed
Jun 21, 2019 7:46:29 PM okhttp3.mockwebserver.MockWebServer$3 execute
INFO: MockWebServer[50136] starting to accept connections
Jun 21, 2019 7:46:29 PM okhttp3.mockwebserver.MockWebServer$4 processOneRequest
INFO: MockWebServer[50136] received request: POST /echo HTTP/1.1 and responded: HTTP/1.1 200 OK
Jun 21, 2019 7:46:29 PM okhttp3.mockwebserver.MockWebServer$3 acceptConnections
INFO: MockWebServer[50136] done accepting connections: Socket closed
]]></system-err>
</testsuite>
