<?xml version="1.0" encoding="UTF-8"?>
<testsuite name="org.springframework.http.codec.FormHttpMessageWriterTests" tests="2" skipped="0" failures="0" errors="0" timestamp="2020-11-25T14:41:50" hostname="lichangbaodeMacBook-Pro.local" time="0.001">
  <properties/>
  <testcase name="writeForm" classname="org.springframework.http.codec.FormHttpMessageWriterTests" time="0.001"/>
  <testcase name="canWrite" classname="org.springframework.http.codec.FormHttpMessageWriterTests" time="0.0"/>
  <system-out><![CDATA[22:41:50.143 [Test worker] DEBUG o.s.w.HttpLogging - Writing form fields [name 1, name 2, name 3] (content masked)
]]></system-out>
  <system-err><![CDATA[]]></system-err>
</testsuite>
