<?xml version="1.0" encoding="UTF-8"?>
<testsuite name="org.springframework.http.codec.multipart.SynchronossPartHttpMessageReaderTests" tests="4" skipped="0" failures="0" errors="0" timestamp="2020-11-25T14:41:49" hostname="lichangbaodeMacBook-Pro.local" time="0.034">
  <properties/>
  <testcase name="transferTo" classname="org.springframework.http.codec.multipart.SynchronossPartHttpMessageReaderTests" time="0.029"/>
  <testcase name="resolveParts" classname="org.springframework.http.codec.multipart.SynchronossPartHttpMessageReaderTests" time="0.004"/>
  <testcase name="canRead" classname="org.springframework.http.codec.multipart.SynchronossPartHttpMessageReaderTests" time="0.0"/>
  <testcase name="bodyError" classname="org.springframework.http.codec.multipart.SynchronossPartHttpMessageReaderTests" time="0.001"/>
  <system-out><![CDATA[22:41:49.826 [Test worker] DEBUG o.s.w.HttpLogging - Encoding parts [fooPart, barPart] (content masked)
22:41:49.849 [Test worker] DEBUG o.s.w.HttpLogging - Parsed parts [barPart, fooPart] (content masked)
22:41:49.851 [Test worker] DEBUG o.s.w.HttpLogging - Encoding parts [fooPart, barPart] (content masked)
22:41:49.854 [Test worker] DEBUG o.s.w.HttpLogging - Parsed parts [barPart, fooPart] (content masked)
]]></system-out>
  <system-err><![CDATA[]]></system-err>
</testsuite>
