<?xml version="1.0" encoding="UTF-8"?>
<testsuite name="org.springframework.http.converter.xml.Jaxb2CollectionHttpMessageConverterTests" tests="8" skipped="0" failures="0" errors="0" timestamp="2020-11-25T14:41:48" hostname="lichangbaodeMacBook-Pro.local" time="0.069">
  <properties/>
  <testcase name="readXmlRootElementSet" classname="org.springframework.http.converter.xml.Jaxb2CollectionHttpMessageConverterTests" time="0.011"/>
  <testcase name="readXmlRootElementExternalEntityDisabled" classname="org.springframework.http.converter.xml.Jaxb2CollectionHttpMessageConverterTests" time="0.038"/>
  <testcase name="readXmlRootElementExternalEntityEnabled" classname="org.springframework.http.converter.xml.Jaxb2CollectionHttpMessageConverterTests" time="0.006"/>
  <testcase name="readXmlTypeSet" classname="org.springframework.http.converter.xml.Jaxb2CollectionHttpMessageConverterTests" time="0.003"/>
  <testcase name="readXmlTypeList" classname="org.springframework.http.converter.xml.Jaxb2CollectionHttpMessageConverterTests" time="0.002"/>
  <testcase name="canRead" classname="org.springframework.http.converter.xml.Jaxb2CollectionHttpMessageConverterTests" time="0.001"/>
  <testcase name="readXmlRootElementList" classname="org.springframework.http.converter.xml.Jaxb2CollectionHttpMessageConverterTests" time="0.004"/>
  <testcase name="testXmlBomb" classname="org.springframework.http.converter.xml.Jaxb2CollectionHttpMessageConverterTests" time="0.004"/>
  <system-out><![CDATA[]]></system-out>
  <system-err><![CDATA[]]></system-err>
</testsuite>
