<?xml version="1.0" encoding="UTF-8"?>
<testsuite name="org.springframework.http.codec.CancelWithoutDemandCodecTests" tests="7" skipped="0" failures="0" errors="0" timestamp="2020-11-25T14:41:49" hostname="lichangbaodeMacBook-Pro.local" time="0.022">
  <properties/>
  <testcase name="cancelWithSse" classname="org.springframework.http.codec.CancelWithoutDemandCodecTests" time="0.004"/>
  <testcase name="cancelWithProtobufEncoder" classname="org.springframework.http.codec.CancelWithoutDemandCodecTests" time="0.001"/>
  <testcase name="cancelWithMultipartContent" classname="org.springframework.http.codec.CancelWithoutDemandCodecTests" time="0.006"/>
  <testcase name="cancelWithEncoderHttpMessageWriterAndSingleValue" classname="org.springframework.http.codec.CancelWithoutDemandCodecTests" time="0.0"/>
  <testcase name="cancelWithJackson" classname="org.springframework.http.codec.CancelWithoutDemandCodecTests" time="0.001"/>
  <testcase name="cancelWithJaxb2" classname="org.springframework.http.codec.CancelWithoutDemandCodecTests" time="0.005"/>
  <testcase name="cancelWithProtobufDecoder" classname="org.springframework.http.codec.CancelWithoutDemandCodecTests" time="0.004"/>
  <system-out><![CDATA[22:41:49.584 [Test worker] DEBUG o.s.w.HttpLogging - Encoding parts [part1, part2] (content masked)
22:41:49.585 [Test worker] DEBUG o.s.w.HttpLogging - Writing "foo"
]]></system-out>
  <system-err><![CDATA[]]></system-err>
</testsuite>
