<?xml version="1.0" encoding="UTF-8"?>
<testsuite name="org.springframework.http.converter.json.SpringHandlerInstantiatorTests" tests="5" skipped="0" failures="0" errors="0" timestamp="2019-06-21T11:46:23" hostname="Macbook-Air.local" time="0.082">
  <properties/>
  <testcase name="applicationContextAwareTypeIdResolver" classname="org.springframework.http.converter.json.SpringHandlerInstantiatorTests" time="0.027"/>
  <testcase name="autowiredDeserializer" classname="org.springframework.http.converter.json.SpringHandlerInstantiatorTests" time="0.033"/>
  <testcase name="autowiredKeyDeserializer" classname="org.springframework.http.converter.json.SpringHandlerInstantiatorTests" time="0.01"/>
  <testcase name="autowiredSerializer" classname="org.springframework.http.converter.json.SpringHandlerInstantiatorTests" time="0.008"/>
  <testcase name="applicationContextAwaretypeResolverBuilder" classname="org.springframework.http.converter.json.SpringHandlerInstantiatorTests" time="0.002"/>
  <system-out><![CDATA[]]></system-out>
  <system-err><![CDATA[]]></system-err>
</testsuite>
