<?xml version="1.0" encoding="UTF-8"?>
<testsuite name="org.springframework.http.converter.xml.MarshallingHttpMessageConverterTests" tests="8" skipped="0" failures="0" errors="0" timestamp="2019-06-21T11:46:21" hostname="Macbook-Air.local" time="0.033">
  <properties/>
  <testcase name="supports" classname="org.springframework.http.converter.xml.MarshallingHttpMessageConverterTests" time="0.001"/>
  <testcase name="canWrite" classname="org.springframework.http.converter.xml.MarshallingHttpMessageConverterTests" time="0.009"/>
  <testcase name="read" classname="org.springframework.http.converter.xml.MarshallingHttpMessageConverterTests" time="0.013"/>
  <testcase name="writeWithMarshallingFailureException" classname="org.springframework.http.converter.xml.MarshallingHttpMessageConverterTests" time="0.002"/>
  <testcase name="write" classname="org.springframework.http.converter.xml.MarshallingHttpMessageConverterTests" time="0.002"/>
  <testcase name="canRead" classname="org.springframework.http.converter.xml.MarshallingHttpMessageConverterTests" time="0.002"/>
  <testcase name="readWithMarshallingFailureException" classname="org.springframework.http.converter.xml.MarshallingHttpMessageConverterTests" time="0.002"/>
  <testcase name="readWithTypeMismatchException" classname="org.springframework.http.converter.xml.MarshallingHttpMessageConverterTests" time="0.001"/>
  <system-out><![CDATA[]]></system-out>
  <system-err><![CDATA[]]></system-err>
</testsuite>
