<?xml version="1.0" encoding="UTF-8"?>
<testsuite name="org.springframework.http.codec.json.Jackson2JsonEncoderTests" tests="11" skipped="0" failures="0" errors="0" timestamp="2019-06-21T11:46:25" hostname="Macbook-Air.local" time="0.055">
  <properties/>
  <testcase name="encodeWithType" classname="org.springframework.http.codec.json.Jackson2JsonEncoderTests" time="0.018"/>
  <testcase name="encodeWithFlushAfterWriteOff" classname="org.springframework.http.codec.json.Jackson2JsonEncoderTests" time="0.002"/>
  <testcase name="canEncode" classname="org.springframework.http.codec.json.Jackson2JsonEncoderTests" time="0.001"/>
  <testcase name="canEncodeWithCustomMimeType" classname="org.springframework.http.codec.json.Jackson2JsonEncoderTests" time="0.001"/>
  <testcase name="canNotEncode" classname="org.springframework.http.codec.json.Jackson2JsonEncoderTests" time="0.001"/>
  <testcase name="encodeNonStream" classname="org.springframework.http.codec.json.Jackson2JsonEncoderTests" time="0.004"/>
  <testcase name="classLevelJsonView" classname="org.springframework.http.codec.json.Jackson2JsonEncoderTests" time="0.01"/>
  <testcase name="encodableMimeTypesIsImmutable" classname="org.springframework.http.codec.json.Jackson2JsonEncoderTests" time="0.002"/>
  <testcase name="encodeAsStreamWithCustomStreamingType" classname="org.springframework.http.codec.json.Jackson2JsonEncoderTests" time="0.005"/>
  <testcase name="fieldLevelJsonView" classname="org.springframework.http.codec.json.Jackson2JsonEncoderTests" time="0.002"/>
  <testcase name="encode" classname="org.springframework.http.codec.json.Jackson2JsonEncoderTests" time="0.008"/>
  <system-out><![CDATA[19:46:25.574 [Test worker] DEBUG o.s.w.HttpLogging - Encoding [[org.springframework.http.codec.json.Jackson2JsonEncoderTests$Foo@26d90f1e, org.springframework.http (truncated)...]
19:46:25.581 [Test worker] DEBUG o.s.w.HttpLogging - Encoding [[Pojo[foo='foo', bar='bar']]]
19:46:25.588 [Test worker] DEBUG o.s.w.HttpLogging - Encoding [[Pojo[foo='foo', bar='bar'], Pojo[foo='foofoo', bar='barbar'], Pojo[foo='foofoofoo', bar='barbarbar' (truncated)...]
19:46:25.592 [Test worker] DEBUG o.s.w.HttpLogging - Encoding [org.springframework.http.codec.json.JacksonViewBean@4429b249]
19:46:25.604 [Test worker] DEBUG o.s.w.HttpLogging - Encoding [Pojo[foo='foo', bar='bar']]
19:46:25.606 [Test worker] DEBUG o.s.w.HttpLogging - Encoding [Pojo[foo='foofoo', bar='barbar']]
19:46:25.606 [Test worker] DEBUG o.s.w.HttpLogging - Encoding [Pojo[foo='foofoofoo', bar='barbarbar']]
19:46:25.608 [Test worker] DEBUG o.s.w.HttpLogging - Encoding [org.springframework.http.codec.json.JacksonViewBean@2c1d0d05]
19:46:25.611 [Test worker] DEBUG o.s.w.HttpLogging - Encoding [Pojo[foo='foo', bar='bar']]
19:46:25.613 [Test worker] DEBUG o.s.w.HttpLogging - Encoding [Pojo[foo='foofoo', bar='barbar']]
19:46:25.614 [Test worker] DEBUG o.s.w.HttpLogging - Encoding [Pojo[foo='foofoofoo', bar='barbarbar']]
19:46:25.615 [Test worker] DEBUG o.s.w.HttpLogging - Encoding [Pojo[foo='foo', bar='bar']]
19:46:25.616 [Test worker] DEBUG o.s.w.HttpLogging - Encoding [Pojo[foo='foo', bar='bar']]
]]></system-out>
  <system-err><![CDATA[]]></system-err>
</testsuite>
