<?xml version="1.0" encoding="UTF-8"?>
<testsuite name="org.springframework.http.client.InterceptingStreamingHttpComponentsTests" tests="6" skipped="0" failures="0" errors="0" timestamp="2019-06-21T11:46:34" hostname="Macbook-Air.local" time="0.046">
  <properties/>
  <testcase name="httpMethods" classname="org.springframework.http.client.InterceptingStreamingHttpComponentsTests" time="0.016"/>
  <testcase name="headersAfterExecute" classname="org.springframework.http.client.InterceptingStreamingHttpComponentsTests" time="0.006"/>
  <testcase name="status" classname="org.springframework.http.client.InterceptingStreamingHttpComponentsTests" time="0.006"/>
  <testcase name="echo" classname="org.springframework.http.client.InterceptingStreamingHttpComponentsTests" time="0.006"/>
  <testcase name="multipleWrites" classname="org.springframework.http.client.InterceptingStreamingHttpComponentsTests" time="0.006"/>
  <testcase name="queryParameters" classname="org.springframework.http.client.InterceptingStreamingHttpComponentsTests" time="0.006"/>
  <system-out><![CDATA[]]></system-out>
  <system-err><![CDATA[Jun 21, 2019 7:46:34 PM okhttp3.mockwebserver.MockWebServer$3 execute
INFO: MockWebServer[50220] starting to accept connections
Jun 21, 2019 7:46:34 PM okhttp3.mockwebserver.MockWebServer$4 processOneRequest
INFO: MockWebServer[50220] received request: PATCH /methods/patch HTTP/1.1 and responded: HTTP/1.1 200 OK
Jun 21, 2019 7:46:34 PM okhttp3.mockwebserver.MockWebServer$3 acceptConnections
INFO: MockWebServer[50220] done accepting connections: Socket closed
Jun 21, 2019 7:46:34 PM okhttp3.mockwebserver.MockWebServer$3 execute
INFO: MockWebServer[50222] starting to accept connections
Jun 21, 2019 7:46:34 PM okhttp3.mockwebserver.MockWebServer$4 processOneRequest
INFO: MockWebServer[50222] received request: POST /status/ok HTTP/1.1 and responded: HTTP/1.1 200 OK
Jun 21, 2019 7:46:34 PM okhttp3.mockwebserver.MockWebServer$3 acceptConnections
INFO: MockWebServer[50222] done accepting connections: Socket closed
Jun 21, 2019 7:46:34 PM okhttp3.mockwebserver.MockWebServer$3 execute
INFO: MockWebServer[50224] starting to accept connections
Jun 21, 2019 7:46:34 PM okhttp3.mockwebserver.MockWebServer$4 processOneRequest
INFO: MockWebServer[50224] received request: GET /status/notfound HTTP/1.1 and responded: HTTP/1.1 404 Client Error
Jun 21, 2019 7:46:34 PM okhttp3.mockwebserver.MockWebServer$3 acceptConnections
INFO: MockWebServer[50224] done accepting connections: Socket closed
Jun 21, 2019 7:46:34 PM okhttp3.mockwebserver.MockWebServer$3 execute
INFO: MockWebServer[50226] starting to accept connections
Jun 21, 2019 7:46:34 PM okhttp3.mockwebserver.MockWebServer$4 processOneRequest
INFO: MockWebServer[50226] received request: PUT /echo HTTP/1.1 and responded: HTTP/1.1 200 OK
Jun 21, 2019 7:46:34 PM okhttp3.mockwebserver.MockWebServer$3 acceptConnections
INFO: MockWebServer[50226] done accepting connections: Socket closed
Jun 21, 2019 7:46:34 PM okhttp3.mockwebserver.MockWebServer$3 execute
INFO: MockWebServer[50228] starting to accept connections
Jun 21, 2019 7:46:34 PM okhttp3.mockwebserver.MockWebServer$4 processOneRequest
INFO: MockWebServer[50228] received request: POST /echo HTTP/1.1 and responded: HTTP/1.1 200 OK
Jun 21, 2019 7:46:34 PM okhttp3.mockwebserver.MockWebServer$3 acceptConnections
INFO: MockWebServer[50228] done accepting connections: Socket closed
Jun 21, 2019 7:46:34 PM okhttp3.mockwebserver.MockWebServer$3 execute
INFO: MockWebServer[50230] starting to accept connections
Jun 21, 2019 7:46:34 PM okhttp3.mockwebserver.MockWebServer$4 processOneRequest
INFO: MockWebServer[50230] received request: GET /params?param1=value&param2=value1&param2=value2 HTTP/1.1 and responded: HTTP/1.1 200 OK
Jun 21, 2019 7:46:34 PM okhttp3.mockwebserver.MockWebServer$3 acceptConnections
INFO: MockWebServer[50230] done accepting connections: Socket closed
]]></system-err>
</testsuite>
