<?xml version="1.0" encoding="UTF-8"?>
<testsuite name="org.springframework.http.server.reactive.ServerHttpResponseTests" tests="6" skipped="0" failures="0" errors="0" timestamp="2019-06-21T11:46:29" hostname="Macbook-Air.local" time="0.007">
  <properties/>
  <testcase name="writeWith" classname="org.springframework.http.server.reactive.ServerHttpResponseTests" time="0.002"/>
  <testcase name="writeAndFlushWithFluxOfDefaultDataBuffer" classname="org.springframework.http.server.reactive.ServerHttpResponseTests" time="0.001"/>
  <testcase name="writeWithError" classname="org.springframework.http.server.reactive.ServerHttpResponseTests" time="0.001"/>
  <testcase name="beforeCommitWithComplete" classname="org.springframework.http.server.reactive.ServerHttpResponseTests" time="0.002"/>
  <testcase name="beforeCommitActionWithSetComplete" classname="org.springframework.http.server.reactive.ServerHttpResponseTests" time="0.0"/>
  <testcase name="setComplete" classname="org.springframework.http.server.reactive.ServerHttpResponseTests" time="0.001"/>
  <system-out><![CDATA[]]></system-out>
  <system-err><![CDATA[]]></system-err>
</testsuite>
