<?xml version="1.0" encoding="UTF-8"?>
<testsuite name="org.springframework.web.client.RestOperationsExtensionsTests" tests="24" skipped="0" failures="0" errors="0" timestamp="2019-06-21T11:46:34" hostname="Macbook-Air.local" time="2.803">
  <properties/>
  <testcase name="postForObject with reified type parameters and String" classname="org.springframework.web.client.RestOperationsExtensionsTests" time="2.064"/>
  <testcase name="exchange with reified type parameters, String, HttpMethod, HttpEntity and varargs" classname="org.springframework.web.client.RestOperationsExtensionsTests" time="0.131"/>
  <testcase name="getForEntity with reified type parameters and Map" classname="org.springframework.web.client.RestOperationsExtensionsTests" time="0.017"/>
  <testcase name="patchForObject with reified type parameters" classname="org.springframework.web.client.RestOperationsExtensionsTests" time="0.016"/>
  <testcase name="patchForObject with reified type parameters, String and Map" classname="org.springframework.web.client.RestOperationsExtensionsTests" time="0.012"/>
  <testcase name="postForEntity with reified type parameters and String" classname="org.springframework.web.client.RestOperationsExtensionsTests" time="0.013"/>
  <testcase name="exchange with reified type parameters, String and HttpEntity" classname="org.springframework.web.client.RestOperationsExtensionsTests" time="0.151"/>
  <testcase name="patchForObject with reified type parameters and String" classname="org.springframework.web.client.RestOperationsExtensionsTests" time="0.01"/>
  <testcase name="exchange with reified type parameters, String and HttpMethod" classname="org.springframework.web.client.RestOperationsExtensionsTests" time="0.018"/>
  <testcase name="postForObject with reified type parameters" classname="org.springframework.web.client.RestOperationsExtensionsTests" time="0.01"/>
  <testcase name="getForObject with reified type parameters, String and varargs" classname="org.springframework.web.client.RestOperationsExtensionsTests" time="0.015"/>
  <testcase name="postForObject with reified type parameters, String and varargs" classname="org.springframework.web.client.RestOperationsExtensionsTests" time="0.02"/>
  <testcase name="postForEntity with reified type parameters, String and Map" classname="org.springframework.web.client.RestOperationsExtensionsTests" time="0.014"/>
  <testcase name="postForObject with reified type parameters, String and Map" classname="org.springframework.web.client.RestOperationsExtensionsTests" time="0.012"/>
  <testcase name="getForEntity with reified type parameters, String and varargs" classname="org.springframework.web.client.RestOperationsExtensionsTests" time="0.013"/>
  <testcase name="exchange with reified type parameters, String, HttpMethod and HttpEntity" classname="org.springframework.web.client.RestOperationsExtensionsTests" time="0.026"/>
  <testcase name="postForEntity with reified type parameters, String and varargs" classname="org.springframework.web.client.RestOperationsExtensionsTests" time="0.013"/>
  <testcase name="getForEntity with reified type parameters, String and URI" classname="org.springframework.web.client.RestOperationsExtensionsTests" time="0.011"/>
  <testcase name="getForObject with reified type parameters, String and Map" classname="org.springframework.web.client.RestOperationsExtensionsTests" time="0.016"/>
  <testcase name="getForObject with reified type parameters and URI" classname="org.springframework.web.client.RestOperationsExtensionsTests" time="0.019"/>
  <testcase name="RestOperations are available" classname="org.springframework.web.client.RestOperationsExtensionsTests" time="0.14"/>
  <testcase name="postForEntity with reified type parameters" classname="org.springframework.web.client.RestOperationsExtensionsTests" time="0.009"/>
  <testcase name="exchange with reified type parameters, String, HttpMethod, HttpEntity and Map" classname="org.springframework.web.client.RestOperationsExtensionsTests" time="0.026"/>
  <testcase name="patchForObject with reified type parameters, String and varargs" classname="org.springframework.web.client.RestOperationsExtensionsTests" time="0.011"/>
  <system-out><![CDATA[exchange[T]
exchange[T]
exchange[T]
exchange[T]
exchange[T]
exchange[T]
exchange[T]
exchange[T]
getForObject[T]
getForObject[T]
getForObject[T]
getForEntity[T]
getForEntity[T]
getForEntity[T]
postForObject[T]
postForObject[T]
postForObject[T]
postForEntity[T]
postForEntity[T]
postForEntity[T]
patchForObject[T]
patchForObject[T]
patchForObject[T]
]]></system-out>
  <system-err><![CDATA[]]></system-err>
</testsuite>
