<?xml version="1.0" encoding="UTF-8"?>
<testsuite name="org.springframework.web.method.annotation.InitBinderDataBinderFactoryTests" tests="7" skipped="0" failures="0" errors="0" timestamp="2019-06-21T11:46:19" hostname="Macbook-Air.local" time="0.104">
  <properties/>
  <testcase name="createBinderNullAttrName" classname="org.springframework.web.method.annotation.InitBinderDataBinderFactoryTests" time="0.013"/>
  <testcase name="createBinderWithAttrNameNoMatch" classname="org.springframework.web.method.annotation.InitBinderDataBinderFactoryTests" time="0.0"/>
  <testcase name="createBinderWithGlobalInitialization" classname="org.springframework.web.method.annotation.InitBinderDataBinderFactoryTests" time="0.084"/>
  <testcase name="createBinderTypeConversion" classname="org.springframework.web.method.annotation.InitBinderDataBinderFactoryTests" time="0.004"/>
  <testcase name="returnValueNotExpected" classname="org.springframework.web.method.annotation.InitBinderDataBinderFactoryTests" time="0.002"/>
  <testcase name="createBinder" classname="org.springframework.web.method.annotation.InitBinderDataBinderFactoryTests" time="0.0"/>
  <testcase name="createBinderWithAttrName" classname="org.springframework.web.method.annotation.InitBinderDataBinderFactoryTests" time="0.001"/>
  <system-out><![CDATA[]]></system-out>
  <system-err><![CDATA[]]></system-err>
</testsuite>
