<?xml version="1.0" encoding="UTF-8"?>
<testsuite name="org.springframework.web.server.session.CookieWebSessionIdResolverTests" tests="2" skipped="0" failures="0" errors="0" timestamp="2020-11-25T14:41:40" hostname="lichangbaodeMacBook-Pro.local" time="0.002">
  <properties/>
  <testcase name="cookieInitializer" classname="org.springframework.web.server.session.CookieWebSessionIdResolverTests" time="0.002"/>
  <testcase name="setSessionId" classname="org.springframework.web.server.session.CookieWebSessionIdResolverTests" time="0.0"/>
  <system-out><![CDATA[]]></system-out>
  <system-err><![CDATA[]]></system-err>
</testsuite>
