<?xml version="1.0" encoding="UTF-8"?>
<testsuite name="org.springframework.web.context.request.async.WebAsyncManagerTimeoutTests" tests="10" skipped="0" failures="0" errors="0" timestamp="2019-06-21T11:46:03" hostname="Macbook-Air.local" time="0.044">
  <properties/>
  <testcase name="startCallableProcessingTimeoutAndResumeThroughInterceptor" classname="org.springframework.web.context.request.async.WebAsyncManagerTimeoutTests" time="0.004"/>
  <testcase name="startCallableProcessingAfterTimeoutException" classname="org.springframework.web.context.request.async.WebAsyncManagerTimeoutTests" time="0.001"/>
  <testcase name="startDeferredResultProcessingTimeoutAndResumeThroughCallback" classname="org.springframework.web.context.request.async.WebAsyncManagerTimeoutTests" time="0.003"/>
  <testcase name="startCallableProcessingTimeoutAndResumeThroughCallback" classname="org.springframework.web.context.request.async.WebAsyncManagerTimeoutTests" time="0.003"/>
  <testcase name="startCallableProcessingTimeoutAndComplete" classname="org.springframework.web.context.request.async.WebAsyncManagerTimeoutTests" time="0.005"/>
  <testcase name="startDeferredResultProcessingAfterTimeoutException" classname="org.springframework.web.context.request.async.WebAsyncManagerTimeoutTests" time="0.004"/>
  <testcase name="startDeferredResultProcessingTimeoutAndResumeThroughInterceptor" classname="org.springframework.web.context.request.async.WebAsyncManagerTimeoutTests" time="0.003"/>
  <testcase name="startDeferredResultProcessingTimeoutAndComplete" classname="org.springframework.web.context.request.async.WebAsyncManagerTimeoutTests" time="0.001"/>
  <testcase name="startCallableProcessingTimeoutAndCheckThreadInterrupted" classname="org.springframework.web.context.request.async.WebAsyncManagerTimeoutTests" time="0.015"/>
  <testcase name="startDeferredResultProcessingTimeoutAndResumeWithDefaultResult" classname="org.springframework.web.context.request.async.WebAsyncManagerTimeoutTests" time="0.001"/>
  <system-out><![CDATA[19:46:03.206 [Test worker] DEBUG o.s.w.c.r.a.WebAsyncManager - Started async request
19:46:03.206 [Test worker] DEBUG o.s.w.c.r.a.WebAsyncManager - Async request timeout for /test
19:46:03.207 [Test worker] DEBUG o.s.w.c.r.a.WebAsyncManager - Async result set, dispatch to /test
19:46:03.208 [Test worker] DEBUG o.s.w.c.r.a.WebAsyncManager - Started async request
19:46:03.208 [Test worker] DEBUG o.s.w.c.r.a.WebAsyncManager - Async request timeout for /test
19:46:03.209 [Test worker] DEBUG o.s.w.c.r.a.WebAsyncManager - Async error, dispatch to /test
19:46:03.212 [Test worker] DEBUG o.s.w.c.r.a.WebAsyncManager - Started async request
19:46:03.212 [Test worker] DEBUG o.s.w.c.r.a.WebAsyncManager - Async result set, dispatch to /test
19:46:03.215 [Test worker] DEBUG o.s.w.c.r.a.WebAsyncManager - Started async request
19:46:03.216 [Test worker] DEBUG o.s.w.c.r.a.WebAsyncManager - Async request timeout for /test
19:46:03.216 [Test worker] DEBUG o.s.w.c.r.a.WebAsyncManager - Async result set, dispatch to /test
19:46:03.217 [Test worker] DEBUG o.s.w.c.r.a.WebAsyncManager - Started async request
19:46:03.217 [Test worker] DEBUG o.s.w.c.r.a.WebAsyncManager - Async request timeout for /test
19:46:03.220 [Test worker] DEBUG o.s.w.c.r.a.WebAsyncManager - Async error, dispatch to /test
19:46:03.225 [Test worker] DEBUG o.s.w.c.r.a.WebAsyncManager - Started async request
19:46:03.225 [Test worker] DEBUG o.s.w.c.r.a.WebAsyncManager - Async error, dispatch to /test
19:46:03.228 [Test worker] DEBUG o.s.w.c.r.a.WebAsyncManager - Started async request
19:46:03.228 [Test worker] DEBUG o.s.w.c.r.a.WebAsyncManager - Async result set, dispatch to /test
19:46:03.229 [Test worker] DEBUG o.s.w.c.r.a.WebAsyncManager - Started async request
19:46:03.230 [Test worker] DEBUG o.s.w.c.r.a.WebAsyncManager - Async error, dispatch to /test
19:46:03.244 [Test worker] DEBUG o.s.w.c.r.a.WebAsyncManager - Started async request
19:46:03.244 [Test worker] DEBUG o.s.w.c.r.a.WebAsyncManager - Async request timeout for /test
19:46:03.245 [Test worker] DEBUG o.s.w.c.r.a.WebAsyncManager - Async error, dispatch to /test
19:46:03.246 [Test worker] DEBUG o.s.w.c.r.a.WebAsyncManager - Started async request
19:46:03.246 [Test worker] DEBUG o.s.w.c.r.a.WebAsyncManager - Async result set, dispatch to /test
]]></system-out>
  <system-err><![CDATA[]]></system-err>
</testsuite>
