<?xml version="1.0" encoding="UTF-8"?>
<testsuite name="org.springframework.web.cors.UrlBasedCorsConfigurationSourceTests" tests="3" skipped="0" failures="0" errors="0" timestamp="2020-11-25T14:41:45" hostname="lichangbaodeMacBook-Pro.local" time="0.0">
  <properties/>
  <testcase name="registerAndMatch" classname="org.springframework.web.cors.UrlBasedCorsConfigurationSourceTests" time="0.0"/>
  <testcase name="empty" classname="org.springframework.web.cors.UrlBasedCorsConfigurationSourceTests" time="0.0"/>
  <testcase name="unmodifiableConfigurationsMap" classname="org.springframework.web.cors.UrlBasedCorsConfigurationSourceTests" time="0.0"/>
  <system-out><![CDATA[]]></system-out>
  <system-err><![CDATA[]]></system-err>
</testsuite>
