<?xml version="1.0" encoding="UTF-8"?>
<testsuite name="org.springframework.http.server.ServletServerHttpResponseTests" tests="4" skipped="0" failures="0" errors="0" timestamp="2020-11-25T14:41:51" hostname="lichangbaodeMacBook-Pro.local" time="0.001">
  <properties/>
  <testcase name="preExistingHeadersFromHttpServletResponse" classname="org.springframework.http.server.ServletServerHttpResponseTests" time="0.001"/>
  <testcase name="getBody" classname="org.springframework.http.server.ServletServerHttpResponseTests" time="0.0"/>
  <testcase name="setStatusCode" classname="org.springframework.http.server.ServletServerHttpResponseTests" time="0.0"/>
  <testcase name="getHeaders" classname="org.springframework.http.server.ServletServerHttpResponseTests" time="0.0"/>
  <system-out><![CDATA[]]></system-out>
  <system-err><![CDATA[]]></system-err>
</testsuite>
