<?xml version="1.0" encoding="UTF-8"?>
<testsuite name="org.springframework.http.codec.json.Jackson2JsonDecoderTests" tests="12" skipped="0" failures="0" errors="0" timestamp="2020-11-25T14:41:49" hostname="lichangbaodeMacBook-Pro.local" time="0.013">
  <properties/>
  <testcase name="decode" classname="org.springframework.http.codec.json.Jackson2JsonDecoderTests" time="0.004"/>
  <testcase name="decodeWithNullLiteral" classname="org.springframework.http.codec.json.Jackson2JsonDecoderTests" time="0.001"/>
  <testcase name="invalidData" classname="org.springframework.http.codec.json.Jackson2JsonDecoderTests" time="0.001"/>
  <testcase name="decodableMimeTypesIsImmutable" classname="org.springframework.http.codec.json.Jackson2JsonDecoderTests" time="0.0"/>
  <testcase name="canDecode" classname="org.springframework.http.codec.json.Jackson2JsonDecoderTests" time="0.0"/>
  <testcase name="noDefaultConstructor" classname="org.springframework.http.codec.json.Jackson2JsonDecoderTests" time="0.002"/>
  <testcase name="decodeEmptyArrayToFlux" classname="org.springframework.http.codec.json.Jackson2JsonDecoderTests" time="0.0"/>
  <testcase name="customDeserializer" classname="org.springframework.http.codec.json.Jackson2JsonDecoderTests" time="0.001"/>
  <testcase name="canDecodeWithProvidedMimeType" classname="org.springframework.http.codec.json.Jackson2JsonDecoderTests" time="0.0"/>
  <testcase name="classLevelJsonView" classname="org.springframework.http.codec.json.Jackson2JsonDecoderTests" time="0.001"/>
  <testcase name="fieldLevelJsonView" classname="org.springframework.http.codec.json.Jackson2JsonDecoderTests" time="0.001"/>
  <testcase name="decodeToMono" classname="org.springframework.http.codec.json.Jackson2JsonDecoderTests" time="0.002"/>
  <system-out><![CDATA[22:41:49.727 [Test worker] DEBUG o.s.w.HttpLogging - Decoded [Pojo[foo='f1', bar='b1']]
22:41:49.728 [Test worker] DEBUG o.s.w.HttpLogging - Decoded [Pojo[foo='f2', bar='b2']]
22:41:49.728 [Test worker] DEBUG o.s.w.HttpLogging - Decoded [Pojo[foo='f1', bar='b1']]
22:41:49.728 [Test worker] DEBUG o.s.w.HttpLogging - Decoded [Pojo[foo='f1', bar='b1']]
22:41:49.729 [Test worker] DEBUG o.s.w.HttpLogging - Decoded []
22:41:49.733 [Test worker] DEBUG o.s.w.HttpLogging - Decoded [org.springframework.http.codec.json.Jackson2JsonDecoderTests$TestObject@2c6af73e]
22:41:49.735 [Test worker] DEBUG o.s.w.HttpLogging - Decoded [org.springframework.http.codec.json.JacksonViewBean@5bba4b90]
22:41:49.737 [Test worker] DEBUG o.s.w.HttpLogging - Decoded [[Pojo[foo='f1', bar='b1'], Pojo[foo='f2', bar='b2']]]
]]></system-out>
  <system-err><![CDATA[]]></system-err>
</testsuite>
