<?xml version="1.0" encoding="UTF-8"?>
<testsuite name="org.springframework.web.method.support.InvocableHandlerMethodTests" tests="9" skipped="0" failures="0" errors="0" timestamp="2019-06-21T11:46:20" hostname="Macbook-Air.local" time="0.017">
  <properties/>
  <testcase name="resolveArg" classname="org.springframework.web.method.support.InvocableHandlerMethodTests" time="0.007"/>
  <testcase name="cannotResolveArg" classname="org.springframework.web.method.support.InvocableHandlerMethodTests" time="0.001"/>
  <testcase name="resolveProvidedArg" classname="org.springframework.web.method.support.InvocableHandlerMethodTests" time="0.0"/>
  <testcase name="illegalArgumentException" classname="org.springframework.web.method.support.InvocableHandlerMethodTests" time="0.002"/>
  <testcase name="invocationErrorMessage" classname="org.springframework.web.method.support.InvocableHandlerMethodTests" time="0.001"/>
  <testcase name="invocationTargetException" classname="org.springframework.web.method.support.InvocableHandlerMethodTests" time="0.003"/>
  <testcase name="resolveProvidedArgFirst" classname="org.springframework.web.method.support.InvocableHandlerMethodTests" time="0.0"/>
  <testcase name="exceptionInResolvingArg" classname="org.springframework.web.method.support.InvocableHandlerMethodTests" time="0.003"/>
  <testcase name="resolveNoArgValue" classname="org.springframework.web.method.support.InvocableHandlerMethodTests" time="0.0"/>
  <system-out><![CDATA[19:46:20.186 [Test worker] DEBUG o.s.w.m.s.InvocableHandlerMethod - Could not resolve parameter [0] in public java.lang.String org.springframework.web.method.support.InvocableHandlerMethodTests$Handler.handle(java.lang.Integer,java.lang.String): oops, can't read
]]></system-out>
  <system-err><![CDATA[]]></system-err>
</testsuite>
