<?xml version="1.0" encoding="UTF-8"?>
<testsuite name="org.springframework.web.context.support.SpringBeanAutowiringSupportTests" tests="1" skipped="0" failures="0" errors="0" timestamp="2020-11-25T14:41:38" hostname="lichangbaodeMacBook-Pro.local" time="0.049">
  <properties/>
  <testcase name="testProcessInjectionBasedOnServletContext" classname="org.springframework.web.context.support.SpringBeanAutowiringSupportTests" time="0.049"/>
  <system-out><![CDATA[22:41:38.631 [Test worker] DEBUG o.s.w.c.s.StaticWebApplicationContext - Refreshing Root WebApplicationContext
]]></system-out>
  <system-err><![CDATA[]]></system-err>
</testsuite>
