<?xml version="1.0" encoding="UTF-8"?>
<testsuite name="org.springframework.http.client.NoOutputStreamingBufferedSimpleHttpRequestFactoryTests" tests="6" skipped="0" failures="0" errors="0" timestamp="2020-11-25T14:41:56" hostname="lichangbaodeMacBook-Pro.local" time="0.009">
  <properties/>
  <testcase name="headersAfterExecute" classname="org.springframework.http.client.NoOutputStreamingBufferedSimpleHttpRequestFactoryTests" time="0.002"/>
  <testcase name="status" classname="org.springframework.http.client.NoOutputStreamingBufferedSimpleHttpRequestFactoryTests" time="0.001"/>
  <testcase name="echo" classname="org.springframework.http.client.NoOutputStreamingBufferedSimpleHttpRequestFactoryTests" time="0.001"/>
  <testcase name="multipleWrites" classname="org.springframework.http.client.NoOutputStreamingBufferedSimpleHttpRequestFactoryTests" time="0.001"/>
  <testcase name="queryParameters" classname="org.springframework.http.client.NoOutputStreamingBufferedSimpleHttpRequestFactoryTests" time="0.001"/>
  <testcase name="httpMethods" classname="org.springframework.http.client.NoOutputStreamingBufferedSimpleHttpRequestFactoryTests" time="0.003"/>
  <system-out><![CDATA[]]></system-out>
  <system-err><![CDATA[Nov 25, 2020 10:41:56 PM okhttp3.mockwebserver.MockWebServer$3 execute
INFO: MockWebServer[53483] starting to accept connections
Nov 25, 2020 10:41:56 PM okhttp3.mockwebserver.MockWebServer$4 processOneRequest
INFO: MockWebServer[53483] received request: POST /status/ok HTTP/1.1 and responded: HTTP/1.1 200 OK
Nov 25, 2020 10:41:56 PM okhttp3.mockwebserver.MockWebServer$3 acceptConnections
INFO: MockWebServer[53483] done accepting connections: Socket closed
Nov 25, 2020 10:41:56 PM okhttp3.mockwebserver.MockWebServer$3 execute
INFO: MockWebServer[53485] starting to accept connections
Nov 25, 2020 10:41:56 PM okhttp3.mockwebserver.MockWebServer$4 processOneRequest
INFO: MockWebServer[53485] received request: GET /status/notfound HTTP/1.1 and responded: HTTP/1.1 404 Client Error
Nov 25, 2020 10:41:56 PM okhttp3.mockwebserver.MockWebServer$3 acceptConnections
INFO: MockWebServer[53485] done accepting connections: Socket closed
Nov 25, 2020 10:41:56 PM okhttp3.mockwebserver.MockWebServer$3 execute
INFO: MockWebServer[53487] starting to accept connections
Nov 25, 2020 10:41:56 PM okhttp3.mockwebserver.MockWebServer$4 processOneRequest
INFO: MockWebServer[53487] received request: PUT /echo HTTP/1.1 and responded: HTTP/1.1 200 OK
Nov 25, 2020 10:41:56 PM okhttp3.mockwebserver.MockWebServer$3 acceptConnections
INFO: MockWebServer[53487] done accepting connections: Socket closed
Nov 25, 2020 10:41:56 PM okhttp3.mockwebserver.MockWebServer$3 execute
INFO: MockWebServer[53489] starting to accept connections
Nov 25, 2020 10:41:56 PM okhttp3.mockwebserver.MockWebServer$3 acceptConnections
INFO: MockWebServer[53489] done accepting connections: Socket is closed
Nov 25, 2020 10:41:56 PM okhttp3.mockwebserver.MockWebServer$4 execute
INFO: MockWebServer[53489] connection from /127.0.0.1 failed: java.net.SocketException: Socket is closed
Nov 25, 2020 10:41:56 PM okhttp3.mockwebserver.MockWebServer$3 execute
INFO: MockWebServer[53491] starting to accept connections
Nov 25, 2020 10:41:56 PM okhttp3.mockwebserver.MockWebServer$4 processOneRequest
INFO: MockWebServer[53491] received request: GET /params?param1=value&param2=value1&param2=value2 HTTP/1.1 and responded: HTTP/1.1 200 OK
Nov 25, 2020 10:41:56 PM okhttp3.mockwebserver.MockWebServer$3 acceptConnections
INFO: MockWebServer[53491] done accepting connections: Socket closed
Nov 25, 2020 10:41:56 PM okhttp3.mockwebserver.MockWebServer$3 execute
INFO: MockWebServer[53493] starting to accept connections
Nov 25, 2020 10:41:56 PM okhttp3.mockwebserver.MockWebServer$4 processOneRequest
INFO: MockWebServer[53493] received request: GET /methods/get HTTP/1.1 and responded: HTTP/1.1 200 OK
Nov 25, 2020 10:41:56 PM okhttp3.mockwebserver.MockWebServer$4 processOneRequest
INFO: MockWebServer[53493] received request: HEAD /methods/head HTTP/1.1 and responded: HTTP/1.1 200 OK
Nov 25, 2020 10:41:56 PM okhttp3.mockwebserver.MockWebServer$4 processOneRequest
INFO: MockWebServer[53493] received request: POST /methods/post HTTP/1.1 and responded: HTTP/1.1 200 OK
Nov 25, 2020 10:41:56 PM okhttp3.mockwebserver.MockWebServer$4 processOneRequest
INFO: MockWebServer[53493] received request: PUT /methods/put HTTP/1.1 and responded: HTTP/1.1 200 OK
Nov 25, 2020 10:41:56 PM okhttp3.mockwebserver.MockWebServer$4 processOneRequest
INFO: MockWebServer[53493] received request: OPTIONS /methods/options HTTP/1.1 and responded: HTTP/1.1 200 OK
Nov 25, 2020 10:41:56 PM okhttp3.mockwebserver.MockWebServer$4 processOneRequest
INFO: MockWebServer[53493] received request: DELETE /methods/delete HTTP/1.1 and responded: HTTP/1.1 200 OK
Nov 25, 2020 10:41:56 PM okhttp3.mockwebserver.MockWebServer$3 acceptConnections
INFO: MockWebServer[53493] done accepting connections: Socket closed
]]></system-err>
</testsuite>
