<?xml version="1.0" encoding="UTF-8"?>
<testsuite name="org.springframework.web.accept.ContentNegotiationManagerFactoryBeanTests" tests="10" skipped="0" failures="0" errors="0" timestamp="2019-06-21T11:46:01" hostname="Macbook-Air.local" time="0.098">
  <properties/>
  <testcase name="favorPath" classname="org.springframework.web.accept.ContentNegotiationManagerFactoryBeanTests" time="0.081"/>
  <testcase name="favorPathWithIgnoreUnknownPathExtensionTurnedOff" classname="org.springframework.web.accept.ContentNegotiationManagerFactoryBeanTests" time="0.001"/>
  <testcase name="defaultSettings" classname="org.springframework.web.accept.ContentNegotiationManagerFactoryBeanTests" time="0.002"/>
  <testcase name="setDefaultContentTypes" classname="org.springframework.web.accept.ContentNegotiationManagerFactoryBeanTests" time="0.004"/>
  <testcase name="setDefaultContentType" classname="org.springframework.web.accept.ContentNegotiationManagerFactoryBeanTests" time="0.001"/>
  <testcase name="explicitStrategies" classname="org.springframework.web.accept.ContentNegotiationManagerFactoryBeanTests" time="0.003"/>
  <testcase name="ignoreAcceptHeader" classname="org.springframework.web.accept.ContentNegotiationManagerFactoryBeanTests" time="0.001"/>
  <testcase name="favorParameter" classname="org.springframework.web.accept.ContentNegotiationManagerFactoryBeanTests" time="0.0"/>
  <testcase name="favorParameterWithUnknownMediaType" classname="org.springframework.web.accept.ContentNegotiationManagerFactoryBeanTests" time="0.002"/>
  <testcase name="setDefaultContentTypeWithStrategy" classname="org.springframework.web.accept.ContentNegotiationManagerFactoryBeanTests" time="0.001"/>
  <system-out><![CDATA[]]></system-out>
  <system-err><![CDATA[]]></system-err>
</testsuite>
