<?xml version="1.0" encoding="UTF-8"?>
<testsuite name="org.springframework.http.codec.cbor.Jackson2CborDecoderTests" tests="3" skipped="0" failures="0" errors="0" timestamp="2020-11-25T14:41:49" hostname="lichangbaodeMacBook-Pro.local" time="0.018">
  <properties/>
  <testcase name="decode" classname="org.springframework.http.codec.cbor.Jackson2CborDecoderTests" time="0.002"/>
  <testcase name="canDecode" classname="org.springframework.http.codec.cbor.Jackson2CborDecoderTests" time="0.001"/>
  <testcase name="decodeToMono" classname="org.springframework.http.codec.cbor.Jackson2CborDecoderTests" time="0.015"/>
  <system-out><![CDATA[22:41:49.566 [Test worker] DEBUG o.s.w.HttpLogging - Decoded [[Pojo[foo='f1', bar='b1'], Pojo[foo='f2', bar='b2']]]
]]></system-out>
  <system-err><![CDATA[]]></system-err>
</testsuite>
