<?xml version="1.0" encoding="UTF-8"?>
<testsuite name="org.springframework.web.context.request.ServletWebRequestTests" tests="4" skipped="0" failures="0" errors="0" timestamp="2019-06-21T11:46:03" hostname="Macbook-Air.local" time="0.023">
  <properties/>
  <testcase name="locale" classname="org.springframework.web.context.request.ServletWebRequestTests" time="0.015"/>
  <testcase name="nativeRequest" classname="org.springframework.web.context.request.ServletWebRequestTests" time="0.004"/>
  <testcase name="parameters" classname="org.springframework.web.context.request.ServletWebRequestTests" time="0.0"/>
  <testcase name="decoratedNativeRequest" classname="org.springframework.web.context.request.ServletWebRequestTests" time="0.003"/>
  <system-out><![CDATA[]]></system-out>
  <system-err><![CDATA[]]></system-err>
</testsuite>
