<?xml version="1.0" encoding="UTF-8"?>
<testsuite name="org.springframework.http.server.reactive.EchoHandlerIntegrationTests" tests="4" skipped="0" failures="0" errors="0" timestamp="2020-11-25T14:41:50" hostname="lichangbaodeMacBook-Pro.local" time="0.122">
  <properties/>
  <testcase name="echo[server [org.springframework.http.server.reactive.bootstrap.JettyHttpServer@79bbf733]]" classname="org.springframework.http.server.reactive.EchoHandlerIntegrationTests" time="0.025"/>
  <testcase name="echo[server [org.springframework.http.server.reactive.bootstrap.ReactorHttpServer@6a6f7d10]]" classname="org.springframework.http.server.reactive.EchoHandlerIntegrationTests" time="0.035"/>
  <testcase name="echo[server [org.springframework.http.server.reactive.bootstrap.TomcatHttpServer@31b70326]]" classname="org.springframework.http.server.reactive.EchoHandlerIntegrationTests" time="0.036"/>
  <testcase name="echo[server [org.springframework.http.server.reactive.bootstrap.UndertowHttpServer@6c940ad3]]" classname="org.springframework.http.server.reactive.EchoHandlerIntegrationTests" time="0.026"/>
  <system-out><![CDATA[22:41:50.465 [Test worker] DEBUG o.s.w.c.RestTemplate - HTTP POST http://localhost:53193
22:41:50.465 [Test worker] DEBUG o.s.w.c.RestTemplate - Accept=[application/octet-stream, application/xml, text/xml, application/json, application/x-jackson-smile, application/cbor, application/*+xml, application/*+json, */*]
22:41:50.465 [Test worker] DEBUG o.s.w.c.RestTemplate - Writing [[B@3218fe31] with org.springframework.http.converter.ByteArrayHttpMessageConverter
22:41:50.477 [Test worker] DEBUG o.s.w.c.RestTemplate - Response 200 OK
22:41:50.477 [Test worker] DEBUG o.s.w.c.RestTemplate - Reading to [[B] as "application/octet-stream"
22:41:50.490 [Test worker] DEBUG o.s.w.c.RestTemplate - HTTP POST http://localhost:53195
22:41:50.490 [Test worker] DEBUG o.s.w.c.RestTemplate - Accept=[application/octet-stream, application/xml, text/xml, application/json, application/x-jackson-smile, application/cbor, application/*+xml, application/*+json, */*]
22:41:50.490 [Test worker] DEBUG o.s.w.c.RestTemplate - Writing [[B@44a5669] with org.springframework.http.converter.ByteArrayHttpMessageConverter
22:41:50.511 [Test worker] DEBUG o.s.w.c.RestTemplate - Response 200 OK
22:41:50.515 [Test worker] DEBUG o.s.w.c.RestTemplate - Reading to [[B] as "application/octet-stream"
22:41:50.528 [Test worker] DEBUG o.s.w.c.RestTemplate - HTTP POST http://localhost:53197
22:41:50.528 [Test worker] DEBUG o.s.w.c.RestTemplate - Accept=[application/octet-stream, application/xml, text/xml, application/json, application/x-jackson-smile, application/cbor, application/*+xml, application/*+json, */*]
22:41:50.528 [Test worker] DEBUG o.s.w.c.RestTemplate - Writing [[B@6cf03b5c] with org.springframework.http.converter.ByteArrayHttpMessageConverter
22:41:50.535 [Test worker] DEBUG o.s.w.c.RestTemplate - Response 200 OK
22:41:50.535 [Test worker] DEBUG o.s.w.c.RestTemplate - Reading to [[B] as "application/octet-stream"
22:41:50.561 [Test worker] DEBUG o.s.w.c.RestTemplate - HTTP POST http://localhost:53200
22:41:50.562 [Test worker] DEBUG o.s.w.c.RestTemplate - Accept=[application/octet-stream, application/xml, text/xml, application/json, application/x-jackson-smile, application/cbor, application/*+xml, application/*+json, */*]
22:41:50.562 [Test worker] DEBUG o.s.w.c.RestTemplate - Writing [[B@27cacb6f] with org.springframework.http.converter.ByteArrayHttpMessageConverter
22:41:50.577 [Test worker] DEBUG o.s.w.c.RestTemplate - Response 200 OK
22:41:50.577 [Test worker] DEBUG o.s.w.c.RestTemplate - Reading to [[B] as "application/octet-stream"
]]></system-out>
  <system-err><![CDATA[Nov 25, 2020 10:41:50 PM org.apache.catalina.core.StandardService startInternal
INFO: Starting service [Tomcat]
Nov 25, 2020 10:41:50 PM org.apache.catalina.core.StandardEngine startInternal
INFO: Starting Servlet engine: [Apache Tomcat/9.0.21]
Nov 25, 2020 10:41:50 PM org.apache.coyote.AbstractProtocol init
INFO: Initializing ProtocolHandler ["http-nio-auto-6"]
Nov 25, 2020 10:41:50 PM org.apache.coyote.AbstractProtocol start
INFO: Starting ProtocolHandler ["http-nio-auto-6-53197"]
Nov 25, 2020 10:41:50 PM org.apache.coyote.AbstractProtocol pause
INFO: Pausing ProtocolHandler ["http-nio-auto-6-53197"]
Nov 25, 2020 10:41:50 PM org.apache.catalina.core.StandardService stopInternal
INFO: Stopping service [Tomcat]
Nov 25, 2020 10:41:50 PM org.apache.coyote.AbstractProtocol stop
INFO: Stopping ProtocolHandler ["http-nio-auto-6-53197"]
Nov 25, 2020 10:41:50 PM org.apache.coyote.AbstractProtocol destroy
INFO: Destroying ProtocolHandler ["http-nio-auto-6-53197"]
]]></system-err>
</testsuite>
