<?xml version="1.0" encoding="UTF-8"?>
<testsuite name="org.springframework.web.accept.MappingContentNegotiationStrategyTests" tests="4" skipped="0" failures="0" errors="0" timestamp="2020-11-25T14:41:38" hostname="lichangbaodeMacBook-Pro.local" time="0.01">
  <properties/>
  <testcase name="resolveMediaTypesNoMatch" classname="org.springframework.web.accept.MappingContentNegotiationStrategyTests" time="0.009"/>
  <testcase name="resolveMediaTypes" classname="org.springframework.web.accept.MappingContentNegotiationStrategyTests" time="0.001"/>
  <testcase name="resolveMediaTypesHandleNoMatch" classname="org.springframework.web.accept.MappingContentNegotiationStrategyTests" time="0.0"/>
  <testcase name="resolveMediaTypesNoKey" classname="org.springframework.web.accept.MappingContentNegotiationStrategyTests" time="0.0"/>
  <system-out><![CDATA[]]></system-out>
  <system-err><![CDATA[]]></system-err>
</testsuite>
