<?xml version="1.0" encoding="UTF-8"?>
<testsuite name="org.springframework.web.cors.CorsConfigurationTests" tests="17" skipped="0" failures="0" errors="0" timestamp="2020-11-25T14:41:45" hostname="lichangbaodeMacBook-Pro.local" time="0.003">
  <properties/>
  <testcase name="combineWithNull" classname="org.springframework.web.cors.CorsConfigurationTests" time="0.001"/>
  <testcase name="checkHeadersNotAllowed" classname="org.springframework.web.cors.CorsConfigurationTests" time="0.0"/>
  <testcase name="setNullValues" classname="org.springframework.web.cors.CorsConfigurationTests" time="0.0"/>
  <testcase name="asteriskWildCardOnSetExposedHeaders" classname="org.springframework.web.cors.CorsConfigurationTests" time="0.0"/>
  <testcase name="checkMethodNotAllowed" classname="org.springframework.web.cors.CorsConfigurationTests" time="0.0"/>
  <testcase name="combineWithAsteriskWildCard" classname="org.springframework.web.cors.CorsConfigurationTests" time="0.0"/>
  <testcase name="combineWithDuplicatedElements" classname="org.springframework.web.cors.CorsConfigurationTests" time="0.0"/>
  <testcase name="checkOriginAllowed" classname="org.springframework.web.cors.CorsConfigurationTests" time="0.0"/>
  <testcase name="checkHeadersAllowed" classname="org.springframework.web.cors.CorsConfigurationTests" time="0.0"/>
  <testcase name="combineWithNullProperties" classname="org.springframework.web.cors.CorsConfigurationTests" time="0.0"/>
  <testcase name="setValues" classname="org.springframework.web.cors.CorsConfigurationTests" time="0.001"/>
  <testcase name="checkOriginNotAllowed" classname="org.springframework.web.cors.CorsConfigurationTests" time="0.0"/>
  <testcase name="combine" classname="org.springframework.web.cors.CorsConfigurationTests" time="0.0"/>
  <testcase name="asteriskWildCardOnAddExposedHeader" classname="org.springframework.web.cors.CorsConfigurationTests" time="0.0"/>
  <testcase name="changePermitDefaultValues" classname="org.springframework.web.cors.CorsConfigurationTests" time="0.0"/>
  <testcase name="combineWithDefaultPermitValues" classname="org.springframework.web.cors.CorsConfigurationTests" time="0.001"/>
  <testcase name="checkMethodAllowed" classname="org.springframework.web.cors.CorsConfigurationTests" time="0.0"/>
  <system-out><![CDATA[]]></system-out>
  <system-err><![CDATA[]]></system-err>
</testsuite>
