<?xml version="1.0" encoding="UTF-8"?>
<testsuite name="org.springframework.web.filter.reactive.ServerWebExchangeContextFilterTests" tests="1" skipped="0" failures="0" errors="0" timestamp="2020-11-25T14:41:45" hostname="lichangbaodeMacBook-Pro.local" time="0.003">
  <properties/>
  <testcase name="extractServerWebExchangeFromContext" classname="org.springframework.web.filter.reactive.ServerWebExchangeContextFilterTests" time="0.003"/>
  <system-out><![CDATA[22:41:45.268 [Test worker] DEBUG o.s.w.s.a.HttpWebHandlerAdapter - enableLoggingRequestDetails='false': form data and headers will be masked to prevent unsafe logging of potentially sensitive data
22:41:45.268 [Test worker] DEBUG o.s.w.s.a.HttpWebHandlerAdapter - [781a37e5] HTTP GET "/path"
22:41:45.270 [Test worker] DEBUG o.s.w.s.a.HttpWebHandlerAdapter - [781a37e5] Completed 200 OK
]]></system-out>
  <system-err><![CDATA[]]></system-err>
</testsuite>
