<?xml version="1.0" encoding="UTF-8"?>
<testsuite name="org.springframework.web.client.ExtractingResponseErrorHandlerTests" tests="6" skipped="0" failures="0" errors="0" timestamp="2019-06-21T11:46:17" hostname="Macbook-Air.local" time="0.059">
  <properties/>
  <testcase name="handleNoMatch" classname="org.springframework.web.client.ExtractingResponseErrorHandlerTests" time="0.003"/>
  <testcase name="hasError" classname="org.springframework.web.client.ExtractingResponseErrorHandlerTests" time="0.001"/>
  <testcase name="handleErrorSeriesMatch" classname="org.springframework.web.client.ExtractingResponseErrorHandlerTests" time="0.047"/>
  <testcase name="hasErrorOverride" classname="org.springframework.web.client.ExtractingResponseErrorHandlerTests" time="0.001"/>
  <testcase name="handleNoMatchOverride" classname="org.springframework.web.client.ExtractingResponseErrorHandlerTests" time="0.001"/>
  <testcase name="handleErrorStatusMatch" classname="org.springframework.web.client.ExtractingResponseErrorHandlerTests" time="0.006"/>
  <system-out><![CDATA[19:46:17.534 [Test worker] DEBUG o.s.w.c.HttpMessageConverterExtractor - Reading to [org.springframework.web.client.ExtractingResponseErrorHandlerTests$MyRestClientException]
19:46:17.555 [Test worker] DEBUG o.s.w.c.HttpMessageConverterExtractor - Reading to [org.springframework.web.client.ExtractingResponseErrorHandlerTests$MyRestClientException]
]]></system-out>
  <system-err><![CDATA[]]></system-err>
</testsuite>
