<?xml version="1.0" encoding="UTF-8"?>
<testsuite name="org.springframework.http.codec.protobuf.ProtobufEncoderTests" tests="3" skipped="0" failures="0" errors="0" timestamp="2020-11-25T14:41:50" hostname="lichangbaodeMacBook-Pro.local" time="0.003">
  <properties/>
  <testcase name="encode" classname="org.springframework.http.codec.protobuf.ProtobufEncoderTests" time="0.001"/>
  <testcase name="encodeStream" classname="org.springframework.http.codec.protobuf.ProtobufEncoderTests" time="0.002"/>
  <testcase name="canEncode" classname="org.springframework.http.codec.protobuf.ProtobufEncoderTests" time="0.0"/>
  <system-out><![CDATA[]]></system-out>
  <system-err><![CDATA[]]></system-err>
</testsuite>
