<?xml version="1.0" encoding="UTF-8"?>
<testsuite name="org.springframework.web.filter.reactive.ServerWebExchangeContextFilterTests" tests="1" skipped="0" failures="0" errors="0" timestamp="2019-06-21T11:46:13" hostname="Macbook-Air.local" time="0.011">
  <properties/>
  <testcase name="extractServerWebExchangeFromContext" classname="org.springframework.web.filter.reactive.ServerWebExchangeContextFilterTests" time="0.011"/>
  <system-out><![CDATA[19:46:13.497 [Test worker] DEBUG o.s.w.s.a.HttpWebHandlerAdapter - enableLoggingRequestDetails='false': form data and headers will be masked to prevent unsafe logging of potentially sensitive data
19:46:13.498 [Test worker] DEBUG o.s.w.s.a.HttpWebHandlerAdapter - [59c5f111] HTTP GET "/path"
19:46:13.503 [Test worker] DEBUG o.s.w.s.a.HttpWebHandlerAdapter - [59c5f111] Completed 200 OK
]]></system-out>
  <system-err><![CDATA[]]></system-err>
</testsuite>
