<?xml version="1.0" encoding="UTF-8"?>
<testsuite name="org.springframework.web.cors.CorsUtilsTests" tests="4" skipped="0" failures="0" errors="0" timestamp="2019-06-21T11:46:13" hostname="Macbook-Air.local" time="0.004">
  <properties/>
  <testcase name="isCorsRequest" classname="org.springframework.web.cors.CorsUtilsTests" time="0.004"/>
  <testcase name="isNotCorsRequest" classname="org.springframework.web.cors.CorsUtilsTests" time="0.0"/>
  <testcase name="isNotPreFlightRequest" classname="org.springframework.web.cors.CorsUtilsTests" time="0.0"/>
  <testcase name="isPreFlightRequest" classname="org.springframework.web.cors.CorsUtilsTests" time="0.0"/>
  <system-out><![CDATA[]]></system-out>
  <system-err><![CDATA[]]></system-err>
</testsuite>
