<?xml version="1.0" encoding="UTF-8"?>
<testsuite name="org.springframework.web.method.annotation.ModelFactoryOrderingTests" tests="4" skipped="0" failures="0" errors="0" timestamp="2020-11-25T14:41:47" hostname="lichangbaodeMacBook-Pro.local" time="0.232">
  <properties/>
  <testcase name="unresolvedDependency" classname="org.springframework.web.method.annotation.ModelFactoryOrderingTests" time="0.226"/>
  <testcase name="treeDependency" classname="org.springframework.web.method.annotation.ModelFactoryOrderingTests" time="0.002"/>
  <testcase name="straightLineDependency" classname="org.springframework.web.method.annotation.ModelFactoryOrderingTests" time="0.002"/>
  <testcase name="InvertedTreeDependency" classname="org.springframework.web.method.annotation.ModelFactoryOrderingTests" time="0.002"/>
  <system-out><![CDATA[22:41:47.620 [Test worker] DEBUG o.s.w.m.a.ModelFactoryOrderingTests -  >> getA >> getC4 >> getC3 >> getC2 >> getC1
22:41:47.622 [Test worker] DEBUG o.s.w.m.a.ModelFactoryOrderingTests -  >> getA >> getB2 >> getB1 >> getC1 >> getC3 >> getC2 >> getC4
22:41:47.624 [Test worker] DEBUG o.s.w.m.a.ModelFactoryOrderingTests -  >> getA >> getB1 >> getB2 >> getC1 >> getC2 >> getC3 >> getC4
22:41:47.626 [Test worker] DEBUG o.s.w.m.a.ModelFactoryOrderingTests -  >> getC2 >> getC1 >> getB1 >> getC3 >> getC4 >> getB2 >> getA
]]></system-out>
  <system-err><![CDATA[]]></system-err>
</testsuite>
