<?xml version="1.0" encoding="UTF-8"?>
<testsuite name="org.springframework.http.client.BufferedSimpleAsyncHttpRequestFactoryTests" tests="7" skipped="0" failures="0" errors="0" timestamp="2019-06-21T11:46:29" hostname="Macbook-Air.local" time="0.067">
  <properties/>
  <testcase name="httpMethods" classname="org.springframework.http.client.BufferedSimpleAsyncHttpRequestFactoryTests" time="0.027"/>
  <testcase name="cancel" classname="org.springframework.http.client.BufferedSimpleAsyncHttpRequestFactoryTests" time="0.001"/>
  <testcase name="headersAfterExecute" classname="org.springframework.http.client.BufferedSimpleAsyncHttpRequestFactoryTests" time="0.009"/>
  <testcase name="status" classname="org.springframework.http.client.BufferedSimpleAsyncHttpRequestFactoryTests" time="0.003"/>
  <testcase name="echo" classname="org.springframework.http.client.BufferedSimpleAsyncHttpRequestFactoryTests" time="0.013"/>
  <testcase name="statusCallback" classname="org.springframework.http.client.BufferedSimpleAsyncHttpRequestFactoryTests" time="0.007"/>
  <testcase name="multipleWrites" classname="org.springframework.http.client.BufferedSimpleAsyncHttpRequestFactoryTests" time="0.006"/>
  <system-out><![CDATA[]]></system-out>
  <system-err><![CDATA[Jun 21, 2019 7:46:29 PM okhttp3.mockwebserver.MockWebServer$3 execute
INFO: MockWebServer[50109] starting to accept connections
Jun 21, 2019 7:46:29 PM okhttp3.mockwebserver.MockWebServer$4 processOneRequest
INFO: MockWebServer[50109] received request: GET /methods/get HTTP/1.1 and responded: HTTP/1.1 200 OK
Jun 21, 2019 7:46:29 PM okhttp3.mockwebserver.MockWebServer$4 processOneRequest
INFO: MockWebServer[50109] received request: HEAD /methods/head HTTP/1.1 and responded: HTTP/1.1 200 OK
Jun 21, 2019 7:46:29 PM okhttp3.mockwebserver.MockWebServer$4 processOneRequest
INFO: MockWebServer[50109] received request: POST /methods/post HTTP/1.1 and responded: HTTP/1.1 200 OK
Jun 21, 2019 7:46:29 PM okhttp3.mockwebserver.MockWebServer$4 processOneRequest
INFO: MockWebServer[50109] received request: PUT /methods/put HTTP/1.1 and responded: HTTP/1.1 200 OK
Jun 21, 2019 7:46:29 PM okhttp3.mockwebserver.MockWebServer$4 processOneRequest
INFO: MockWebServer[50109] received request: OPTIONS /methods/options HTTP/1.1 and responded: HTTP/1.1 200 OK
Jun 21, 2019 7:46:29 PM okhttp3.mockwebserver.MockWebServer$4 processOneRequest
INFO: MockWebServer[50109] received request: DELETE /methods/delete HTTP/1.1 and responded: HTTP/1.1 200 OK
Jun 21, 2019 7:46:29 PM okhttp3.mockwebserver.MockWebServer$3 acceptConnections
INFO: MockWebServer[50109] done accepting connections: Socket closed
Jun 21, 2019 7:46:29 PM okhttp3.mockwebserver.MockWebServer$3 execute
INFO: MockWebServer[50111] starting to accept connections
Jun 21, 2019 7:46:29 PM okhttp3.mockwebserver.MockWebServer$3 acceptConnections
INFO: MockWebServer[50111] done accepting connections: Socket closed
Jun 21, 2019 7:46:29 PM okhttp3.mockwebserver.MockWebServer$3 execute
INFO: MockWebServer[50112] starting to accept connections
Jun 21, 2019 7:46:29 PM okhttp3.mockwebserver.MockWebServer$4 processOneRequest
INFO: MockWebServer[50112] received request: POST /echo HTTP/1.1 and responded: HTTP/1.1 200 OK
Jun 21, 2019 7:46:29 PM okhttp3.mockwebserver.MockWebServer$3 acceptConnections
INFO: MockWebServer[50112] done accepting connections: Socket closed
Jun 21, 2019 7:46:29 PM okhttp3.mockwebserver.MockWebServer$3 execute
INFO: MockWebServer[50114] starting to accept connections
Jun 21, 2019 7:46:29 PM okhttp3.mockwebserver.MockWebServer$4 processOneRequest
INFO: MockWebServer[50114] received request: GET /status/notfound HTTP/1.1 and responded: HTTP/1.1 404 Client Error
Jun 21, 2019 7:46:29 PM okhttp3.mockwebserver.MockWebServer$3 acceptConnections
INFO: MockWebServer[50114] done accepting connections: Socket closed
Jun 21, 2019 7:46:29 PM okhttp3.mockwebserver.MockWebServer$3 execute
INFO: MockWebServer[50116] starting to accept connections
Jun 21, 2019 7:46:29 PM okhttp3.mockwebserver.MockWebServer$4 processOneRequest
INFO: MockWebServer[50116] received request: PUT /echo HTTP/1.1 and responded: HTTP/1.1 200 OK
Jun 21, 2019 7:46:29 PM okhttp3.mockwebserver.MockWebServer$3 acceptConnections
INFO: MockWebServer[50116] done accepting connections: Socket closed
Jun 21, 2019 7:46:29 PM okhttp3.mockwebserver.MockWebServer$3 execute
INFO: MockWebServer[50118] starting to accept connections
Jun 21, 2019 7:46:29 PM okhttp3.mockwebserver.MockWebServer$4 processOneRequest
INFO: MockWebServer[50118] received request: GET /status/notfound HTTP/1.1 and responded: HTTP/1.1 404 Client Error
Jun 21, 2019 7:46:29 PM okhttp3.mockwebserver.MockWebServer$3 acceptConnections
INFO: MockWebServer[50118] done accepting connections: Socket closed
Jun 21, 2019 7:46:29 PM okhttp3.mockwebserver.MockWebServer$3 execute
INFO: MockWebServer[50120] starting to accept connections
Jun 21, 2019 7:46:29 PM okhttp3.mockwebserver.MockWebServer$4 processOneRequest
INFO: MockWebServer[50120] received request: POST /echo HTTP/1.1 and responded: HTTP/1.1 200 OK
Jun 21, 2019 7:46:29 PM okhttp3.mockwebserver.MockWebServer$3 acceptConnections
INFO: MockWebServer[50120] done accepting connections: Socket closed
]]></system-err>
</testsuite>
