<?xml version="1.0" encoding="UTF-8"?>
<testsuite name="org.springframework.http.client.InterceptingClientHttpRequestFactoryTests" tests="6" skipped="0" failures="0" errors="0" timestamp="2019-06-21T11:46:34" hostname="Macbook-Air.local" time="0.032">
  <properties/>
  <testcase name="changeBody" classname="org.springframework.http.client.InterceptingClientHttpRequestFactoryTests" time="0.004"/>
  <testcase name="changeMethod" classname="org.springframework.http.client.InterceptingClientHttpRequestFactoryTests" time="0.011"/>
  <testcase name="changeHeaders" classname="org.springframework.http.client.InterceptingClientHttpRequestFactoryTests" time="0.004"/>
  <testcase name="basic" classname="org.springframework.http.client.InterceptingClientHttpRequestFactoryTests" time="0.003"/>
  <testcase name="noExecution" classname="org.springframework.http.client.InterceptingClientHttpRequestFactoryTests" time="0.003"/>
  <testcase name="changeURI" classname="org.springframework.http.client.InterceptingClientHttpRequestFactoryTests" time="0.006"/>
  <system-out><![CDATA[]]></system-out>
  <system-err><![CDATA[]]></system-err>
</testsuite>
