<?xml version="1.0" encoding="UTF-8"?>
<testsuite name="org.springframework.web.context.request.async.DeferredResultTests" tests="7" skipped="0" failures="0" errors="0" timestamp="2020-11-25T14:41:39" hostname="lichangbaodeMacBook-Pro.local" time="0.009">
  <properties/>
  <testcase name="onCompletion" classname="org.springframework.web.context.request.async.DeferredResultTests" time="0.0"/>
  <testcase name="onError" classname="org.springframework.web.context.request.async.DeferredResultTests" time="0.007"/>
  <testcase name="isSetOrExpired" classname="org.springframework.web.context.request.async.DeferredResultTests" time="0.0"/>
  <testcase name="hasResult" classname="org.springframework.web.context.request.async.DeferredResultTests" time="0.001"/>
  <testcase name="onTimeout" classname="org.springframework.web.context.request.async.DeferredResultTests" time="0.0"/>
  <testcase name="setResult" classname="org.springframework.web.context.request.async.DeferredResultTests" time="0.001"/>
  <testcase name="setResultTwice" classname="org.springframework.web.context.request.async.DeferredResultTests" time="0.0"/>
  <system-out><![CDATA[]]></system-out>
  <system-err><![CDATA[]]></system-err>
</testsuite>
