<?xml version="1.0" encoding="UTF-8"?>
<testsuite name="org.springframework.web.util.pattern.PathPatternRouteMatcherTest" tests="2" skipped="0" failures="0" errors="0" timestamp="2020-11-25T14:41:39" hostname="lichangbaodeMacBook-Pro.local" time="0.001">
  <properties/>
  <testcase name="matchRouteCustomSeparator" classname="org.springframework.web.util.pattern.PathPatternRouteMatcherTest" time="0.001"/>
  <testcase name="matchRoute" classname="org.springframework.web.util.pattern.PathPatternRouteMatcherTest" time="0.0"/>
  <system-out><![CDATA[]]></system-out>
  <system-err><![CDATA[]]></system-err>
</testsuite>
