<?xml version="1.0" encoding="UTF-8"?>
<testsuite name="org.springframework.http.codec.ServerSentEventHttpMessageReaderTests" tests="8" skipped="0" failures="0" errors="0" timestamp="2019-06-21T11:46:26" hostname="Macbook-Air.local" time="0.045">
  <properties/>
  <testcase name="readServerSentEvents" classname="org.springframework.http.codec.ServerSentEventHttpMessageReaderTests" time="0.025"/>
  <testcase name="readServerSentEventsWithMultipleChunks" classname="org.springframework.http.codec.ServerSentEventHttpMessageReaderTests" time="0.007"/>
  <testcase name="decodeFullContentAsString" classname="org.springframework.http.codec.ServerSentEventHttpMessageReaderTests" time="0.001"/>
  <testcase name="readError" classname="org.springframework.http.codec.ServerSentEventHttpMessageReaderTests" time="0.003"/>
  <testcase name="readPojo" classname="org.springframework.http.codec.ServerSentEventHttpMessageReaderTests" time="0.006"/>
  <testcase name="readString" classname="org.springframework.http.codec.ServerSentEventHttpMessageReaderTests" time="0.002"/>
  <testcase name="cantRead" classname="org.springframework.http.codec.ServerSentEventHttpMessageReaderTests" time="0.001"/>
  <testcase name="canRead" classname="org.springframework.http.codec.ServerSentEventHttpMessageReaderTests" time="0.0"/>
  <system-out><![CDATA[19:46:26.877 [Test worker] DEBUG o.s.w.HttpLogging - Decoded [Pojo[foo='foofoo', bar='barbar']]
19:46:26.878 [Test worker] DEBUG o.s.w.HttpLogging - Decoded [Pojo[foo='foofoofoo', bar='barbarbar']]
]]></system-out>
  <system-err><![CDATA[]]></system-err>
</testsuite>
