<?xml version="1.0" encoding="UTF-8"?>
<testsuite name="org.springframework.http.client.reactive.ReactorResourceFactoryTests" tests="5" skipped="0" failures="0" errors="0" timestamp="2019-06-21T11:46:32" hostname="Macbook-Air.local" time="0.053">
  <properties/>
  <testcase name="localResourcesViaSupplier" classname="org.springframework.http.client.reactive.ReactorResourceFactoryTests" time="0.034"/>
  <testcase name="localResources" classname="org.springframework.http.client.reactive.ReactorResourceFactoryTests" time="0.011"/>
  <testcase name="globalResources" classname="org.springframework.http.client.reactive.ReactorResourceFactoryTests" time="0.007"/>
  <testcase name="globalResourcesWithConsumer" classname="org.springframework.http.client.reactive.ReactorResourceFactoryTests" time="0.001"/>
  <testcase name="externalResources" classname="org.springframework.http.client.reactive.ReactorResourceFactoryTests" time="0.0"/>
  <system-out><![CDATA[]]></system-out>
  <system-err><![CDATA[]]></system-err>
</testsuite>
