<?xml version="1.0" encoding="UTF-8"?>
<testsuite name="org.springframework.web.jsf.DelegatingPhaseListenerTests" tests="2" skipped="0" failures="0" errors="0" timestamp="2020-11-25T14:41:44" hostname="lichangbaodeMacBook-Pro.local" time="0.003">
  <properties/>
  <testcase name="beforeAndAfterPhaseWithMultipleTargets" classname="org.springframework.web.jsf.DelegatingPhaseListenerTests" time="0.003"/>
  <testcase name="beforeAndAfterPhaseWithSingleTarget" classname="org.springframework.web.jsf.DelegatingPhaseListenerTests" time="0.0"/>
  <system-out><![CDATA[]]></system-out>
  <system-err><![CDATA[]]></system-err>
</testsuite>
