<?xml version="1.0" encoding="UTF-8"?>
<testsuite name="org.springframework.http.converter.smile.MappingJackson2SmileHttpMessageConverterTests" tests="4" skipped="0" failures="0" errors="0" timestamp="2020-11-25T14:41:49" hostname="lichangbaodeMacBook-Pro.local" time="0.018">
  <properties/>
  <testcase name="canWrite" classname="org.springframework.http.converter.smile.MappingJackson2SmileHttpMessageConverterTests" time="0.009"/>
  <testcase name="read" classname="org.springframework.http.converter.smile.MappingJackson2SmileHttpMessageConverterTests" time="0.006"/>
  <testcase name="write" classname="org.springframework.http.converter.smile.MappingJackson2SmileHttpMessageConverterTests" time="0.002"/>
  <testcase name="canRead" classname="org.springframework.http.converter.smile.MappingJackson2SmileHttpMessageConverterTests" time="0.001"/>
  <system-out><![CDATA[]]></system-out>
  <system-err><![CDATA[]]></system-err>
</testsuite>
