<?xml version="1.0" encoding="UTF-8"?>
<testsuite name="org.springframework.web.multipart.support.RequestPartServletServerHttpRequestTests" tests="7" skipped="0" failures="0" errors="0" timestamp="2020-11-25T14:41:45" hostname="lichangbaodeMacBook-Pro.local" time="0.005">
  <properties/>
  <testcase name="getURI" classname="org.springframework.web.multipart.support.RequestPartServletServerHttpRequestTests" time="0.003"/>
  <testcase name="getContentType" classname="org.springframework.web.multipart.support.RequestPartServletServerHttpRequestTests" time="0.0"/>
  <testcase name="getBodyViaRequestParameterWithRequestEncoding" classname="org.springframework.web.multipart.support.RequestPartServletServerHttpRequestTests" time="0.002"/>
  <testcase name="getBody" classname="org.springframework.web.multipart.support.RequestPartServletServerHttpRequestTests" time="0.0"/>
  <testcase name="getMethod" classname="org.springframework.web.multipart.support.RequestPartServletServerHttpRequestTests" time="0.0"/>
  <testcase name="getBodyViaRequestParameter" classname="org.springframework.web.multipart.support.RequestPartServletServerHttpRequestTests" time="0.0"/>
  <testcase name="getBodyWithWrappedRequest" classname="org.springframework.web.multipart.support.RequestPartServletServerHttpRequestTests" time="0.0"/>
  <system-out><![CDATA[]]></system-out>
  <system-err><![CDATA[]]></system-err>
</testsuite>
