<?xml version="1.0" encoding="UTF-8"?>
<testsuite name="org.springframework.http.codec.cbor.Jackson2CborDecoderTests" tests="3" skipped="0" failures="0" errors="0" timestamp="2019-06-21T11:46:25" hostname="Macbook-Air.local" time="0.042">
  <properties/>
  <testcase name="decode" classname="org.springframework.http.codec.cbor.Jackson2CborDecoderTests" time="0.01"/>
  <testcase name="canDecode" classname="org.springframework.http.codec.cbor.Jackson2CborDecoderTests" time="0.002"/>
  <testcase name="decodeToMono" classname="org.springframework.http.codec.cbor.Jackson2CborDecoderTests" time="0.03"/>
  <system-out><![CDATA[19:46:25.093 [Test worker] DEBUG o.s.w.HttpLogging - Decoded [[Pojo[foo='f1', bar='b1'], Pojo[foo='f2', bar='b2']]]
]]></system-out>
  <system-err><![CDATA[]]></system-err>
</testsuite>
