<?xml version="1.0" encoding="UTF-8"?>
<testsuite name="org.springframework.web.method.HandlerTypePredicateTests" tests="2" skipped="0" failures="0" errors="0" timestamp="2019-06-21T11:46:17" hostname="Macbook-Air.local" time="0.031">
  <properties/>
  <testcase name="forAnnotation" classname="org.springframework.web.method.HandlerTypePredicateTests" time="0.03"/>
  <testcase name="forAnnotationWithException" classname="org.springframework.web.method.HandlerTypePredicateTests" time="0.001"/>
  <system-out><![CDATA[]]></system-out>
  <system-err><![CDATA[]]></system-err>
</testsuite>
