<?xml version="1.0" encoding="UTF-8"?>
<testsuite name="org.springframework.web.server.session.InMemoryWebSessionStoreTests" tests="7" skipped="0" failures="0" errors="0" timestamp="2020-11-25T14:41:44" hostname="lichangbaodeMacBook-Pro.local" time="0.031">
  <properties/>
  <testcase name="startsSessionExplicitly" classname="org.springframework.web.server.session.InMemoryWebSessionStoreTests" time="0.0"/>
  <testcase name="maxSessions" classname="org.springframework.web.server.session.InMemoryWebSessionStoreTests" time="0.028"/>
  <testcase name="sessionInvalidatedBeforeSave" classname="org.springframework.web.server.session.InMemoryWebSessionStoreTests" time="0.0"/>
  <testcase name="startsSessionImplicitly" classname="org.springframework.web.server.session.InMemoryWebSessionStoreTests" time="0.0"/>
  <testcase name="retrieveExpiredSession" classname="org.springframework.web.server.session.InMemoryWebSessionStoreTests" time="0.0"/>
  <testcase name="expirationCheckPeriod" classname="org.springframework.web.server.session.InMemoryWebSessionStoreTests" time="0.003"/>
  <testcase name="lastAccessTimeIsUpdatedOnRetrieve" classname="org.springframework.web.server.session.InMemoryWebSessionStoreTests" time="0.0"/>
  <system-out><![CDATA[]]></system-out>
  <system-err><![CDATA[]]></system-err>
</testsuite>
