<?xml version="1.0" encoding="UTF-8"?>
<testsuite name="org.springframework.web.accept.HeaderContentNegotiationStrategyTests" tests="3" skipped="0" failures="0" errors="0" timestamp="2019-06-21T11:46:01" hostname="Macbook-Air.local" time="0.026">
  <properties/>
  <testcase name="resolveMediaTypes" classname="org.springframework.web.accept.HeaderContentNegotiationStrategyTests" time="0.023"/>
  <testcase name="resolveMediaTypesParseError" classname="org.springframework.web.accept.HeaderContentNegotiationStrategyTests" time="0.001"/>
  <testcase name="resolveMediaTypesFromMultipleHeaderValues" classname="org.springframework.web.accept.HeaderContentNegotiationStrategyTests" time="0.001"/>
  <system-out><![CDATA[]]></system-out>
  <system-err><![CDATA[]]></system-err>
</testsuite>
