<?xml version="1.0" encoding="UTF-8"?>
<testsuite name="org.springframework.http.client.Netty4AsyncClientHttpRequestFactoryTests" tests="7" skipped="0" failures="0" errors="0" timestamp="2019-06-21T11:46:29" hostname="Macbook-Air.local" time="0.083">
  <properties/>
  <testcase name="httpMethods" classname="org.springframework.http.client.Netty4AsyncClientHttpRequestFactoryTests" time="0.04"/>
  <testcase name="cancel" classname="org.springframework.http.client.Netty4AsyncClientHttpRequestFactoryTests" time="0.005"/>
  <testcase name="headersAfterExecute" classname="org.springframework.http.client.Netty4AsyncClientHttpRequestFactoryTests" time="0.008"/>
  <testcase name="status" classname="org.springframework.http.client.Netty4AsyncClientHttpRequestFactoryTests" time="0.007"/>
  <testcase name="echo" classname="org.springframework.http.client.Netty4AsyncClientHttpRequestFactoryTests" time="0.008"/>
  <testcase name="statusCallback" classname="org.springframework.http.client.Netty4AsyncClientHttpRequestFactoryTests" time="0.008"/>
  <testcase name="multipleWrites" classname="org.springframework.http.client.Netty4AsyncClientHttpRequestFactoryTests" time="0.006"/>
  <system-out><![CDATA[]]></system-out>
  <system-err><![CDATA[Jun 21, 2019 7:46:29 PM okhttp3.mockwebserver.MockWebServer$3 execute
INFO: MockWebServer[50138] starting to accept connections
Jun 21, 2019 7:46:29 PM okhttp3.mockwebserver.MockWebServer$4 processOneRequest
INFO: MockWebServer[50138] received request: GET /methods/get HTTP/1.1 and responded: HTTP/1.1 200 OK
Jun 21, 2019 7:46:29 PM okhttp3.mockwebserver.MockWebServer$4 processOneRequest
INFO: MockWebServer[50138] received request: HEAD /methods/head HTTP/1.1 and responded: HTTP/1.1 200 OK
Jun 21, 2019 7:46:29 PM okhttp3.mockwebserver.MockWebServer$4 processOneRequest
INFO: MockWebServer[50138] received request: POST /methods/post HTTP/1.1 and responded: HTTP/1.1 200 OK
Jun 21, 2019 7:46:29 PM okhttp3.mockwebserver.MockWebServer$4 processOneRequest
INFO: MockWebServer[50138] received request: PUT /methods/put HTTP/1.1 and responded: HTTP/1.1 200 OK
Jun 21, 2019 7:46:29 PM okhttp3.mockwebserver.MockWebServer$4 processOneRequest
INFO: MockWebServer[50138] received request: OPTIONS /methods/options HTTP/1.1 and responded: HTTP/1.1 200 OK
Jun 21, 2019 7:46:29 PM okhttp3.mockwebserver.MockWebServer$4 processOneRequest
INFO: MockWebServer[50138] received request: DELETE /methods/delete HTTP/1.1 and responded: HTTP/1.1 200 OK
Jun 21, 2019 7:46:29 PM okhttp3.mockwebserver.MockWebServer$4 processOneRequest
INFO: MockWebServer[50138] received request: PATCH /methods/patch HTTP/1.1 and responded: HTTP/1.1 200 OK
Jun 21, 2019 7:46:29 PM okhttp3.mockwebserver.MockWebServer$3 acceptConnections
INFO: MockWebServer[50138] done accepting connections: Socket closed
Jun 21, 2019 7:46:29 PM okhttp3.mockwebserver.MockWebServer$3 execute
INFO: MockWebServer[50146] starting to accept connections
Jun 21, 2019 7:46:29 PM okhttp3.mockwebserver.MockWebServer$3 acceptConnections
INFO: MockWebServer[50146] done accepting connections: Socket closed
Jun 21, 2019 7:46:29 PM okhttp3.mockwebserver.MockWebServer$3 execute
INFO: MockWebServer[50148] starting to accept connections
Jun 21, 2019 7:46:29 PM okhttp3.mockwebserver.MockWebServer$4 processOneRequest
INFO: MockWebServer[50148] received request: POST /echo HTTP/1.1 and responded: HTTP/1.1 200 OK
Jun 21, 2019 7:46:29 PM okhttp3.mockwebserver.MockWebServer$3 acceptConnections
INFO: MockWebServer[50148] done accepting connections: Socket closed
Jun 21, 2019 7:46:29 PM okhttp3.mockwebserver.MockWebServer$3 execute
INFO: MockWebServer[50150] starting to accept connections
Jun 21, 2019 7:46:29 PM okhttp3.mockwebserver.MockWebServer$4 processOneRequest
INFO: MockWebServer[50150] received request: GET /status/notfound HTTP/1.1 and responded: HTTP/1.1 404 Client Error
Jun 21, 2019 7:46:29 PM okhttp3.mockwebserver.MockWebServer$3 acceptConnections
INFO: MockWebServer[50150] done accepting connections: Socket closed
Jun 21, 2019 7:46:29 PM okhttp3.mockwebserver.MockWebServer$3 execute
INFO: MockWebServer[50152] starting to accept connections
Jun 21, 2019 7:46:29 PM okhttp3.mockwebserver.MockWebServer$4 processOneRequest
INFO: MockWebServer[50152] received request: PUT /echo HTTP/1.1 and responded: HTTP/1.1 200 OK
Jun 21, 2019 7:46:29 PM okhttp3.mockwebserver.MockWebServer$3 acceptConnections
INFO: MockWebServer[50152] done accepting connections: Socket closed
Jun 21, 2019 7:46:29 PM okhttp3.mockwebserver.MockWebServer$3 execute
INFO: MockWebServer[50154] starting to accept connections
Jun 21, 2019 7:46:29 PM okhttp3.mockwebserver.MockWebServer$4 processOneRequest
INFO: MockWebServer[50154] received request: GET /status/notfound HTTP/1.1 and responded: HTTP/1.1 404 Client Error
Jun 21, 2019 7:46:29 PM okhttp3.mockwebserver.MockWebServer$3 acceptConnections
INFO: MockWebServer[50154] done accepting connections: Socket closed
Jun 21, 2019 7:46:29 PM okhttp3.mockwebserver.MockWebServer$3 execute
INFO: MockWebServer[50156] starting to accept connections
Jun 21, 2019 7:46:29 PM okhttp3.mockwebserver.MockWebServer$4 processOneRequest
INFO: MockWebServer[50156] received request: POST /echo HTTP/1.1 and responded: HTTP/1.1 200 OK
Jun 21, 2019 7:46:29 PM okhttp3.mockwebserver.MockWebServer$3 acceptConnections
INFO: MockWebServer[50156] done accepting connections: Socket closed
]]></system-err>
</testsuite>
