<?xml version="1.0" encoding="UTF-8"?>
<testsuite name="org.springframework.web.client.HttpStatusCodeExceptionTests" tests="2" skipped="0" failures="0" errors="0" timestamp="2019-06-21T11:46:17" hostname="Macbook-Air.local" time="0.006">
  <properties/>
  <testcase name="testSerializability" classname="org.springframework.web.client.HttpStatusCodeExceptionTests" time="0.006"/>
  <testcase name="emptyStatusText" classname="org.springframework.web.client.HttpStatusCodeExceptionTests" time="0.0"/>
  <system-out><![CDATA[]]></system-out>
  <system-err><![CDATA[]]></system-err>
</testsuite>
