<?xml version="1.0" encoding="UTF-8"?>
<testsuite name="org.springframework.web.client.RestTemplateIntegrationTests" tests="96" skipped="1" failures="0" errors="0" timestamp="2020-11-25T14:41:45" hostname="lichangbaodeMacBook-Pro.local" time="0.808">
  <properties/>
  <testcase name="serverPort[0]" classname="org.springframework.web.client.RestTemplateIntegrationTests" time="0.035"/>
  <testcase name="jsonPostForObjectWithJacksonView[0]" classname="org.springframework.web.client.RestTemplateIntegrationTests" time="0.064"/>
  <testcase name="exchangeGet[0]" classname="org.springframework.web.client.RestTemplateIntegrationTests" time="0.007"/>
  <testcase name="multipart[0]" classname="org.springframework.web.client.RestTemplateIntegrationTests" time="0.006"/>
  <testcase name="getNoContentTypeHeader[0]" classname="org.springframework.web.client.RestTemplateIntegrationTests" time="0.011"/>
  <testcase name="postWithoutBody[0]" classname="org.springframework.web.client.RestTemplateIntegrationTests" time="0.006"/>
  <testcase name="getNotModified[0]" classname="org.springframework.web.client.RestTemplateIntegrationTests" time="0.007"/>
  <testcase name="serverError[0]" classname="org.springframework.web.client.RestTemplateIntegrationTests" time="0.005"/>
  <testcase name="jsonPostForObject[0]" classname="org.springframework.web.client.RestTemplateIntegrationTests" time="0.006"/>
  <testcase name="postForLocationEntity[0]" classname="org.springframework.web.client.RestTemplateIntegrationTests" time="0.005"/>
  <testcase name="badRequest[0]" classname="org.springframework.web.client.RestTemplateIntegrationTests" time="0.005"/>
  <testcase name="postForObject[0]" classname="org.springframework.web.client.RestTemplateIntegrationTests" time="0.006"/>
  <testcase name="postForLocation[0]" classname="org.springframework.web.client.RestTemplateIntegrationTests" time="0.005"/>
  <testcase name="uri[0]" classname="org.springframework.web.client.RestTemplateIntegrationTests" time="0.007"/>
  <testcase name="form[0]" classname="org.springframework.web.client.RestTemplateIntegrationTests" time="0.005"/>
  <testcase name="getEntity[0]" classname="org.springframework.web.client.RestTemplateIntegrationTests" time="0.007"/>
  <testcase name="getNoResponse[0]" classname="org.springframework.web.client.RestTemplateIntegrationTests" time="0.005"/>
  <testcase name="patchForObject[0]" classname="org.springframework.web.client.RestTemplateIntegrationTests" time="0.008">
    <skipped/>
  </testcase>
  <testcase name="getString[0]" classname="org.springframework.web.client.RestTemplateIntegrationTests" time="0.005"/>
  <testcase name="optionsForAllow[0]" classname="org.springframework.web.client.RestTemplateIntegrationTests" time="0.005"/>
  <testcase name="exchangePost[0]" classname="org.springframework.web.client.RestTemplateIntegrationTests" time="0.005"/>
  <testcase name="getNoContent[0]" classname="org.springframework.web.client.RestTemplateIntegrationTests" time="0.016"/>
  <testcase name="notFound[0]" classname="org.springframework.web.client.RestTemplateIntegrationTests" time="0.035"/>
  <testcase name="jsonPostForObjectWithJacksonTypeInfoList[0]" classname="org.springframework.web.client.RestTemplateIntegrationTests" time="0.028"/>
  <testcase name="serverPort[1]" classname="org.springframework.web.client.RestTemplateIntegrationTests" time="0.006"/>
  <testcase name="jsonPostForObjectWithJacksonView[1]" classname="org.springframework.web.client.RestTemplateIntegrationTests" time="0.009"/>
  <testcase name="exchangeGet[1]" classname="org.springframework.web.client.RestTemplateIntegrationTests" time="0.004"/>
  <testcase name="multipart[1]" classname="org.springframework.web.client.RestTemplateIntegrationTests" time="0.006"/>
  <testcase name="getNoContentTypeHeader[1]" classname="org.springframework.web.client.RestTemplateIntegrationTests" time="0.005"/>
  <testcase name="postWithoutBody[1]" classname="org.springframework.web.client.RestTemplateIntegrationTests" time="0.005"/>
  <testcase name="getNotModified[1]" classname="org.springframework.web.client.RestTemplateIntegrationTests" time="0.006"/>
  <testcase name="serverError[1]" classname="org.springframework.web.client.RestTemplateIntegrationTests" time="0.006"/>
  <testcase name="jsonPostForObject[1]" classname="org.springframework.web.client.RestTemplateIntegrationTests" time="0.009"/>
  <testcase name="postForLocationEntity[1]" classname="org.springframework.web.client.RestTemplateIntegrationTests" time="0.005"/>
  <testcase name="badRequest[1]" classname="org.springframework.web.client.RestTemplateIntegrationTests" time="0.004"/>
  <testcase name="postForObject[1]" classname="org.springframework.web.client.RestTemplateIntegrationTests" time="0.008"/>
  <testcase name="postForLocation[1]" classname="org.springframework.web.client.RestTemplateIntegrationTests" time="0.005"/>
  <testcase name="uri[1]" classname="org.springframework.web.client.RestTemplateIntegrationTests" time="0.008"/>
  <testcase name="form[1]" classname="org.springframework.web.client.RestTemplateIntegrationTests" time="0.006"/>
  <testcase name="getEntity[1]" classname="org.springframework.web.client.RestTemplateIntegrationTests" time="0.005"/>
  <testcase name="getNoResponse[1]" classname="org.springframework.web.client.RestTemplateIntegrationTests" time="0.004"/>
  <testcase name="patchForObject[1]" classname="org.springframework.web.client.RestTemplateIntegrationTests" time="0.006"/>
  <testcase name="getString[1]" classname="org.springframework.web.client.RestTemplateIntegrationTests" time="0.004"/>
  <testcase name="optionsForAllow[1]" classname="org.springframework.web.client.RestTemplateIntegrationTests" time="0.005"/>
  <testcase name="exchangePost[1]" classname="org.springframework.web.client.RestTemplateIntegrationTests" time="0.006"/>
  <testcase name="getNoContent[1]" classname="org.springframework.web.client.RestTemplateIntegrationTests" time="0.005"/>
  <testcase name="notFound[1]" classname="org.springframework.web.client.RestTemplateIntegrationTests" time="0.004"/>
  <testcase name="jsonPostForObjectWithJacksonTypeInfoList[1]" classname="org.springframework.web.client.RestTemplateIntegrationTests" time="0.006"/>
  <testcase name="serverPort[2]" classname="org.springframework.web.client.RestTemplateIntegrationTests" time="0.06"/>
  <testcase name="jsonPostForObjectWithJacksonView[2]" classname="org.springframework.web.client.RestTemplateIntegrationTests" time="0.009"/>
  <testcase name="exchangeGet[2]" classname="org.springframework.web.client.RestTemplateIntegrationTests" time="0.006"/>
  <testcase name="multipart[2]" classname="org.springframework.web.client.RestTemplateIntegrationTests" time="0.008"/>
  <testcase name="getNoContentTypeHeader[2]" classname="org.springframework.web.client.RestTemplateIntegrationTests" time="0.006"/>
  <testcase name="postWithoutBody[2]" classname="org.springframework.web.client.RestTemplateIntegrationTests" time="0.007"/>
  <testcase name="getNotModified[2]" classname="org.springframework.web.client.RestTemplateIntegrationTests" time="0.008"/>
  <testcase name="serverError[2]" classname="org.springframework.web.client.RestTemplateIntegrationTests" time="0.006"/>
  <testcase name="jsonPostForObject[2]" classname="org.springframework.web.client.RestTemplateIntegrationTests" time="0.008"/>
  <testcase name="postForLocationEntity[2]" classname="org.springframework.web.client.RestTemplateIntegrationTests" time="0.006"/>
  <testcase name="badRequest[2]" classname="org.springframework.web.client.RestTemplateIntegrationTests" time="0.005"/>
  <testcase name="postForObject[2]" classname="org.springframework.web.client.RestTemplateIntegrationTests" time="0.006"/>
  <testcase name="postForLocation[2]" classname="org.springframework.web.client.RestTemplateIntegrationTests" time="0.006"/>
  <testcase name="uri[2]" classname="org.springframework.web.client.RestTemplateIntegrationTests" time="0.011"/>
  <testcase name="form[2]" classname="org.springframework.web.client.RestTemplateIntegrationTests" time="0.005"/>
  <testcase name="getEntity[2]" classname="org.springframework.web.client.RestTemplateIntegrationTests" time="0.006"/>
  <testcase name="getNoResponse[2]" classname="org.springframework.web.client.RestTemplateIntegrationTests" time="0.006"/>
  <testcase name="patchForObject[2]" classname="org.springframework.web.client.RestTemplateIntegrationTests" time="0.005"/>
  <testcase name="getString[2]" classname="org.springframework.web.client.RestTemplateIntegrationTests" time="0.006"/>
  <testcase name="optionsForAllow[2]" classname="org.springframework.web.client.RestTemplateIntegrationTests" time="0.005"/>
  <testcase name="exchangePost[2]" classname="org.springframework.web.client.RestTemplateIntegrationTests" time="0.005"/>
  <testcase name="getNoContent[2]" classname="org.springframework.web.client.RestTemplateIntegrationTests" time="0.008"/>
  <testcase name="notFound[2]" classname="org.springframework.web.client.RestTemplateIntegrationTests" time="0.004"/>
  <testcase name="jsonPostForObjectWithJacksonTypeInfoList[2]" classname="org.springframework.web.client.RestTemplateIntegrationTests" time="0.007"/>
  <testcase name="serverPort[3]" classname="org.springframework.web.client.RestTemplateIntegrationTests" time="0.029"/>
  <testcase name="jsonPostForObjectWithJacksonView[3]" classname="org.springframework.web.client.RestTemplateIntegrationTests" time="0.01"/>
  <testcase name="exchangeGet[3]" classname="org.springframework.web.client.RestTemplateIntegrationTests" time="0.004"/>
  <testcase name="multipart[3]" classname="org.springframework.web.client.RestTemplateIntegrationTests" time="0.005"/>
  <testcase name="getNoContentTypeHeader[3]" classname="org.springframework.web.client.RestTemplateIntegrationTests" time="0.005"/>
  <testcase name="postWithoutBody[3]" classname="org.springframework.web.client.RestTemplateIntegrationTests" time="0.004"/>
  <testcase name="getNotModified[3]" classname="org.springframework.web.client.RestTemplateIntegrationTests" time="0.006"/>
  <testcase name="serverError[3]" classname="org.springframework.web.client.RestTemplateIntegrationTests" time="0.004"/>
  <testcase name="jsonPostForObject[3]" classname="org.springframework.web.client.RestTemplateIntegrationTests" time="0.005"/>
  <testcase name="postForLocationEntity[3]" classname="org.springframework.web.client.RestTemplateIntegrationTests" time="0.005"/>
  <testcase name="badRequest[3]" classname="org.springframework.web.client.RestTemplateIntegrationTests" time="0.004"/>
  <testcase name="postForObject[3]" classname="org.springframework.web.client.RestTemplateIntegrationTests" time="0.005"/>
  <testcase name="postForLocation[3]" classname="org.springframework.web.client.RestTemplateIntegrationTests" time="0.005"/>
  <testcase name="uri[3]" classname="org.springframework.web.client.RestTemplateIntegrationTests" time="0.007"/>
  <testcase name="form[3]" classname="org.springframework.web.client.RestTemplateIntegrationTests" time="0.005"/>
  <testcase name="getEntity[3]" classname="org.springframework.web.client.RestTemplateIntegrationTests" time="0.006"/>
  <testcase name="getNoResponse[3]" classname="org.springframework.web.client.RestTemplateIntegrationTests" time="0.006"/>
  <testcase name="patchForObject[3]" classname="org.springframework.web.client.RestTemplateIntegrationTests" time="0.006"/>
  <testcase name="getString[3]" classname="org.springframework.web.client.RestTemplateIntegrationTests" time="0.005"/>
  <testcase name="optionsForAllow[3]" classname="org.springframework.web.client.RestTemplateIntegrationTests" time="0.004"/>
  <testcase name="exchangePost[3]" classname="org.springframework.web.client.RestTemplateIntegrationTests" time="0.005"/>
  <testcase name="getNoContent[3]" classname="org.springframework.web.client.RestTemplateIntegrationTests" time="0.017"/>
  <testcase name="notFound[3]" classname="org.springframework.web.client.RestTemplateIntegrationTests" time="0.004"/>
  <testcase name="jsonPostForObjectWithJacksonTypeInfoList[3]" classname="org.springframework.web.client.RestTemplateIntegrationTests" time="0.007"/>
  <system-out><![CDATA[22:41:45.774 [Test worker] DEBUG o.s.w.c.RestTemplate - HTTP GET http://localhost:52896/get
22:41:45.774 [Test worker] DEBUG o.s.w.c.RestTemplate - Accept=[text/plain, application/xml, text/xml, application/json, application/x-jackson-smile, application/cbor, application/*+xml, application/*+json, */*]
22:41:45.796 [Test worker] DEBUG o.s.w.c.RestTemplate - Response 200 OK
22:41:45.797 [Test worker] DEBUG o.s.w.c.RestTemplate - Reading to [java.lang.String] as "text/plain;charset=UTF-8"
22:41:45.803 [Test worker] DEBUG o.s.w.c.RestTemplate - HTTP POST http://localhost:52898/jsonpost
22:41:45.803 [Test worker] DEBUG o.s.w.c.RestTemplate - Accept=[text/plain, application/xml, text/xml, application/json, application/x-jackson-smile, application/cbor, application/*+xml, application/*+json, */*]
22:41:45.847 [Test worker] DEBUG o.s.w.c.RestTemplate - Writing [org.springframework.http.converter.json.MappingJacksonValue@759af63a] as "application/json;charset=UTF-8"
22:41:45.861 [Test worker] DEBUG o.s.w.c.RestTemplate - Response 201 CREATED
22:41:45.862 [Test worker] DEBUG o.s.w.c.RestTemplate - Reading to [java.lang.String] as "application/json;charset=utf-8"
22:41:45.866 [Test worker] DEBUG o.s.w.c.RestTemplate - HTTP GET http://localhost:52900/get
22:41:45.867 [Test worker] DEBUG o.s.w.c.RestTemplate - Accept=[text/plain, application/xml, text/xml, application/json, application/x-jackson-smile, application/cbor, application/*+xml, application/*+json, */*]
22:41:45.868 [Test worker] DEBUG o.s.w.c.RestTemplate - Response 200 OK
22:41:45.869 [Test worker] DEBUG o.s.w.c.RestTemplate - Reading to [java.lang.String] as "text/plain;charset=UTF-8"
22:41:45.873 [Test worker] DEBUG o.s.w.c.RestTemplate - HTTP POST http://localhost:52902/multipart
22:41:45.873 [Test worker] DEBUG o.s.w.c.RestTemplate - Writing [{name 1=[value 1], name 2=[value 2+1, value 2+2], logo=[class path resource [org/springframework/http/converter/logo.jpg]]}] with org.springframework.http.converter.support.AllEncompassingFormHttpMessageConverter
22:41:45.875 [Test worker] DEBUG o.s.w.c.RestTemplate - Response 200 OK
22:41:45.879 [Test worker] DEBUG o.s.w.c.RestTemplate - HTTP GET http://localhost:52904/get/nocontenttype
22:41:45.884 [Test worker] DEBUG o.s.w.c.RestTemplate - Accept=[application/octet-stream, application/xml, text/xml, application/json, application/x-jackson-smile, application/cbor, application/*+xml, application/*+json, */*]
22:41:45.886 [Test worker] DEBUG o.s.w.c.RestTemplate - Response 200 OK
22:41:45.886 [Test worker] DEBUG o.s.w.c.RestTemplate - Reading to [[B] as "application/octet-stream"
22:41:45.891 [Test worker] DEBUG o.s.w.c.RestTemplate - HTTP POST http://localhost:52906/jsonpost
22:41:45.891 [Test worker] DEBUG o.s.w.c.RestTemplate - Accept=[text/plain, application/xml, text/xml, application/json, application/x-jackson-smile, application/cbor, application/*+xml, application/*+json, */*]
22:41:45.893 [Test worker] DEBUG o.s.w.c.RestTemplate - Response 201 CREATED
22:41:45.896 [Test worker] DEBUG o.s.w.c.RestTemplate - HTTP GET http://localhost:52908/status/notmodified
22:41:45.897 [Test worker] DEBUG o.s.w.c.RestTemplate - Accept=[text/plain, application/xml, text/xml, application/json, application/x-jackson-smile, application/cbor, application/*+xml, application/*+json, */*]
22:41:45.898 [Test worker] DEBUG o.s.w.c.RestTemplate - Response 304 NOT_MODIFIED
22:41:45.898 [Test worker] DEBUG o.s.w.c.RestTemplate - HTTP GET http://localhost:52908/status/notmodified
22:41:45.898 [Test worker] DEBUG o.s.w.c.RestTemplate - Accept=[text/plain, application/xml, text/xml, application/json, application/x-jackson-smile, application/cbor, application/*+xml, application/*+json, */*]
22:41:45.899 [Test worker] DEBUG o.s.w.c.RestTemplate - Response 304 NOT_MODIFIED
22:41:45.903 [Test worker] DEBUG o.s.w.c.RestTemplate - HTTP GET http://localhost:52910/status/server
22:41:45.904 [Test worker] DEBUG o.s.w.c.RestTemplate - Response 500 INTERNAL_SERVER_ERROR
22:41:45.908 [Test worker] DEBUG o.s.w.c.RestTemplate - HTTP POST http://localhost:52912/jsonpost
22:41:45.908 [Test worker] DEBUG o.s.w.c.RestTemplate - Accept=[text/plain, application/xml, text/xml, application/json, application/x-jackson-smile, application/cbor, application/*+xml, application/*+json, */*]
22:41:45.908 [Test worker] DEBUG o.s.w.c.RestTemplate - Writing [org.springframework.web.client.RestTemplateIntegrationTests$MySampleBean@6136c323] as "application/json;charset=UTF-8"
22:41:45.910 [Test worker] DEBUG o.s.w.c.RestTemplate - Response 201 CREATED
22:41:45.910 [Test worker] DEBUG o.s.w.c.RestTemplate - Reading to [java.lang.String] as "application/json;charset=utf-8"
22:41:45.913 [Test worker] DEBUG o.s.w.c.RestTemplate - HTTP POST http://localhost:52914/post
22:41:45.914 [Test worker] DEBUG o.s.w.c.RestTemplate - Writing [Héllo Wörld] as "text/plain;charset=ISO-8859-1"
22:41:45.915 [Test worker] DEBUG o.s.w.c.RestTemplate - Response 201 CREATED
22:41:45.919 [Test worker] DEBUG o.s.w.c.RestTemplate - HTTP GET http://localhost:52916/status/badrequest
22:41:45.920 [Test worker] DEBUG o.s.w.c.RestTemplate - Response 400 BAD_REQUEST
22:41:45.924 [Test worker] DEBUG o.s.w.c.RestTemplate - HTTP POST http://localhost:52918/post
22:41:45.924 [Test worker] DEBUG o.s.w.c.RestTemplate - Accept=[text/plain, application/xml, text/xml, application/json, application/x-jackson-smile, application/cbor, application/*+xml, application/*+json, */*]
22:41:45.924 [Test worker] DEBUG o.s.w.c.RestTemplate - Writing [Héllo Wörld] with org.springframework.http.converter.StringHttpMessageConverter
22:41:45.926 [Test worker] DEBUG o.s.w.c.RestTemplate - Response 201 CREATED
22:41:45.926 [Test worker] DEBUG o.s.w.c.RestTemplate - Reading to [java.lang.String] as "text/plain;charset=UTF-8"
22:41:45.929 [Test worker] DEBUG o.s.w.c.RestTemplate - HTTP POST http://localhost:52920/post
22:41:45.929 [Test worker] DEBUG o.s.w.c.RestTemplate - Writing [Héllo Wörld] with org.springframework.http.converter.StringHttpMessageConverter
22:41:45.931 [Test worker] DEBUG o.s.w.c.RestTemplate - Response 201 CREATED
22:41:45.934 [Test worker] DEBUG o.s.w.c.RestTemplate - HTTP GET http://localhost:52922/uri/Z%C3%BCrich
22:41:45.934 [Test worker] DEBUG o.s.w.c.RestTemplate - Accept=[text/plain, application/xml, text/xml, application/json, application/x-jackson-smile, application/cbor, application/*+xml, application/*+json, */*]
22:41:45.936 [Test worker] DEBUG o.s.w.c.RestTemplate - Response 200 OK
22:41:45.936 [Test worker] DEBUG o.s.w.c.RestTemplate - Reading to [java.lang.String] as "text/plain"
22:41:45.936 [Test worker] DEBUG o.s.w.c.RestTemplate - HTTP GET http://localhost:52922/uri/query=foo@bar
22:41:45.936 [Test worker] DEBUG o.s.w.c.RestTemplate - Accept=[text/plain, application/xml, text/xml, application/json, application/x-jackson-smile, application/cbor, application/*+xml, application/*+json, */*]
22:41:45.937 [Test worker] DEBUG o.s.w.c.RestTemplate - Response 200 OK
22:41:45.937 [Test worker] DEBUG o.s.w.c.RestTemplate - Reading to [java.lang.String] as "text/plain"
22:41:45.937 [Test worker] DEBUG o.s.w.c.RestTemplate - HTTP GET http://localhost:52922/uri/query=T%C5%8Dky%C5%8D
22:41:45.937 [Test worker] DEBUG o.s.w.c.RestTemplate - Accept=[text/plain, application/xml, text/xml, application/json, application/x-jackson-smile, application/cbor, application/*+xml, application/*+json, */*]
22:41:45.938 [Test worker] DEBUG o.s.w.c.RestTemplate - Response 200 OK
22:41:45.938 [Test worker] DEBUG o.s.w.c.RestTemplate - Reading to [java.lang.String] as "text/plain"
22:41:45.941 [Test worker] DEBUG o.s.w.c.RestTemplate - HTTP POST http://localhost:52924/form
22:41:45.942 [Test worker] DEBUG o.s.w.c.RestTemplate - Writing [{name 1=[value 1], name 2=[value 2+1, value 2+2]}] with org.springframework.http.converter.support.AllEncompassingFormHttpMessageConverter
22:41:45.943 [Test worker] DEBUG o.s.w.c.RestTemplate - Response 200 OK
22:41:45.948 [Test worker] DEBUG o.s.w.c.RestTemplate - HTTP GET http://localhost:52926/get
22:41:45.948 [Test worker] DEBUG o.s.w.c.RestTemplate - Accept=[text/plain, application/xml, text/xml, application/json, application/x-jackson-smile, application/cbor, application/*+xml, application/*+json, */*]
22:41:45.950 [Test worker] DEBUG o.s.w.c.RestTemplate - Response 200 OK
22:41:45.950 [Test worker] DEBUG o.s.w.c.RestTemplate - Reading to [java.lang.String] as "text/plain;charset=UTF-8"
22:41:45.954 [Test worker] DEBUG o.s.w.c.RestTemplate - HTTP GET http://localhost:52928/get/nothing
22:41:45.954 [Test worker] DEBUG o.s.w.c.RestTemplate - Accept=[text/plain, application/xml, text/xml, application/json, application/x-jackson-smile, application/cbor, application/*+xml, application/*+json, */*]
22:41:45.956 [Test worker] DEBUG o.s.w.c.RestTemplate - Response 200 OK
22:41:45.967 [Test worker] DEBUG o.s.w.c.RestTemplate - HTTP GET http://localhost:52931/get
22:41:45.967 [Test worker] DEBUG o.s.w.c.RestTemplate - Accept=[text/plain, application/xml, text/xml, application/json, application/x-jackson-smile, application/cbor, application/*+xml, application/*+json, */*]
22:41:45.968 [Test worker] DEBUG o.s.w.c.RestTemplate - Response 200 OK
22:41:45.968 [Test worker] DEBUG o.s.w.c.RestTemplate - Reading to [java.lang.String] as "text/plain;charset=UTF-8"
22:41:45.972 [Test worker] DEBUG o.s.w.c.RestTemplate - HTTP OPTIONS http://localhost:52933/get
22:41:45.973 [Test worker] DEBUG o.s.w.c.RestTemplate - Response 200 OK
22:41:45.976 [Test worker] DEBUG o.s.w.c.RestTemplate - HTTP POST http://localhost:52935/post
22:41:45.977 [Test worker] DEBUG o.s.w.c.RestTemplate - Accept=[application/xml, text/xml, application/json, application/x-jackson-smile, application/cbor, application/*+xml, application/*+json]
22:41:45.977 [Test worker] DEBUG o.s.w.c.RestTemplate - Writing [Héllo Wörld] as "text/plain"
22:41:45.978 [Test worker] DEBUG o.s.w.c.RestTemplate - Response 201 CREATED
22:41:45.982 [Test worker] DEBUG o.s.w.c.RestTemplate - HTTP GET http://localhost:52937/status/nocontent
22:41:45.982 [Test worker] DEBUG o.s.w.c.RestTemplate - Accept=[text/plain, application/xml, text/xml, application/json, application/x-jackson-smile, application/cbor, application/*+xml, application/*+json, */*]
22:41:45.983 [Test worker] DEBUG o.s.w.c.RestTemplate - Response 204 NO_CONTENT
22:41:45.983 [Test worker] DEBUG o.s.w.c.RestTemplate - HTTP GET http://localhost:52937/status/nocontent
22:41:45.984 [Test worker] DEBUG o.s.w.c.RestTemplate - Accept=[text/plain, application/xml, text/xml, application/json, application/x-jackson-smile, application/cbor, application/*+xml, application/*+json, */*]
22:41:45.986 [Test worker] DEBUG o.s.w.c.RestTemplate - Response 204 NO_CONTENT
22:41:46.017 [Test worker] DEBUG o.s.w.c.RestTemplate - HTTP GET http://localhost:52939/status/notfound
22:41:46.023 [Test worker] DEBUG o.s.w.c.RestTemplate - Response 404 NOT_FOUND
22:41:46.037 [Test worker] DEBUG o.s.w.c.RestTemplate - HTTP POST http://localhost:52941/jsonpost
22:41:46.038 [Test worker] DEBUG o.s.w.c.RestTemplate - Accept=[text/plain, application/xml, text/xml, application/json, application/x-jackson-smile, application/cbor, application/*+xml, application/*+json, */*]
22:41:46.038 [Test worker] DEBUG o.s.w.c.RestTemplate - Writing [[org.springframework.web.client.RestTemplateIntegrationTests$Foo@3b9c2e87, org.springframework.web.client.RestTemplateIntegrationTests$Bar@1a874ab]] as "application/json;charset=UTF-8"
22:41:46.057 [Test worker] DEBUG o.s.w.c.RestTemplate - Response 201 CREATED
22:41:46.058 [Test worker] DEBUG o.s.w.c.RestTemplate - Reading to [java.lang.String] as "application/json;charset=utf-8"
22:41:46.061 [Test worker] DEBUG o.s.w.c.RestTemplate - HTTP GET http://localhost:52943/get
22:41:46.062 [Test worker] DEBUG o.s.w.c.RestTemplate - Accept=[text/plain, application/xml, text/xml, application/json, application/x-jackson-smile, application/cbor, application/*+xml, application/*+json, */*]
22:41:46.063 [Test worker] DEBUG o.s.w.c.RestTemplate - Response 200 OK
22:41:46.064 [Test worker] DEBUG o.s.w.c.RestTemplate - Reading to [java.lang.String] as "text/plain;charset=UTF-8"
22:41:46.067 [Test worker] DEBUG o.s.w.c.RestTemplate - HTTP POST http://localhost:52945/jsonpost
22:41:46.067 [Test worker] DEBUG o.s.w.c.RestTemplate - Accept=[text/plain, application/xml, text/xml, application/json, application/x-jackson-smile, application/cbor, application/*+xml, application/*+json, */*]
22:41:46.070 [Test worker] DEBUG o.s.w.c.RestTemplate - Writing [org.springframework.http.converter.json.MappingJacksonValue@32fa3a00] as "application/json;charset=UTF-8"
22:41:46.072 [Test worker] DEBUG o.s.w.c.RestTemplate - Response 201 CREATED
22:41:46.072 [Test worker] DEBUG o.s.w.c.RestTemplate - Reading to [java.lang.String] as "application/json;charset=utf-8"
22:41:46.075 [Test worker] DEBUG o.s.w.c.RestTemplate - HTTP GET http://localhost:52947/get
22:41:46.075 [Test worker] DEBUG o.s.w.c.RestTemplate - Accept=[text/plain, application/xml, text/xml, application/json, application/x-jackson-smile, application/cbor, application/*+xml, application/*+json, */*]
22:41:46.077 [Test worker] DEBUG o.s.w.c.RestTemplate - Response 200 OK
22:41:46.077 [Test worker] DEBUG o.s.w.c.RestTemplate - Reading to [java.lang.String] as "text/plain;charset=UTF-8"
22:41:46.080 [Test worker] DEBUG o.s.w.c.RestTemplate - HTTP POST http://localhost:52949/multipart
22:41:46.080 [Test worker] DEBUG o.s.w.c.RestTemplate - Writing [{name 1=[value 1], name 2=[value 2+1, value 2+2], logo=[class path resource [org/springframework/http/converter/logo.jpg]]}] with org.springframework.http.converter.support.AllEncompassingFormHttpMessageConverter
22:41:46.082 [Test worker] DEBUG o.s.w.c.RestTemplate - Response 200 OK
22:41:46.085 [Test worker] DEBUG o.s.w.c.RestTemplate - HTTP GET http://localhost:52951/get/nocontenttype
22:41:46.086 [Test worker] DEBUG o.s.w.c.RestTemplate - Accept=[application/octet-stream, application/xml, text/xml, application/json, application/x-jackson-smile, application/cbor, application/*+xml, application/*+json, */*]
22:41:46.087 [Test worker] DEBUG o.s.w.c.RestTemplate - Response 200 OK
22:41:46.087 [Test worker] DEBUG o.s.w.c.RestTemplate - Reading to [[B] as "application/octet-stream"
22:41:46.090 [Test worker] DEBUG o.s.w.c.RestTemplate - HTTP POST http://localhost:52953/jsonpost
22:41:46.090 [Test worker] DEBUG o.s.w.c.RestTemplate - Accept=[text/plain, application/xml, text/xml, application/json, application/x-jackson-smile, application/cbor, application/*+xml, application/*+json, */*]
22:41:46.092 [Test worker] DEBUG o.s.w.c.RestTemplate - Response 201 CREATED
22:41:46.095 [Test worker] DEBUG o.s.w.c.RestTemplate - HTTP GET http://localhost:52955/status/notmodified
22:41:46.095 [Test worker] DEBUG o.s.w.c.RestTemplate - Accept=[text/plain, application/xml, text/xml, application/json, application/x-jackson-smile, application/cbor, application/*+xml, application/*+json, */*]
22:41:46.097 [Test worker] DEBUG o.s.w.c.RestTemplate - Response 304 NOT_MODIFIED
22:41:46.097 [Test worker] DEBUG o.s.w.c.RestTemplate - HTTP GET http://localhost:52955/status/notmodified
22:41:46.097 [Test worker] DEBUG o.s.w.c.RestTemplate - Accept=[text/plain, application/xml, text/xml, application/json, application/x-jackson-smile, application/cbor, application/*+xml, application/*+json, */*]
22:41:46.098 [Test worker] DEBUG o.s.w.c.RestTemplate - Response 304 NOT_MODIFIED
22:41:46.103 [Test worker] DEBUG o.s.w.c.RestTemplate - HTTP GET http://localhost:52957/status/server
22:41:46.104 [Test worker] DEBUG o.s.w.c.RestTemplate - Response 500 INTERNAL_SERVER_ERROR
22:41:46.110 [Test worker] DEBUG o.s.w.c.RestTemplate - HTTP POST http://localhost:52959/jsonpost
22:41:46.110 [Test worker] DEBUG o.s.w.c.RestTemplate - Accept=[text/plain, application/xml, text/xml, application/json, application/x-jackson-smile, application/cbor, application/*+xml, application/*+json, */*]
22:41:46.111 [Test worker] DEBUG o.s.w.c.RestTemplate - Writing [org.springframework.web.client.RestTemplateIntegrationTests$MySampleBean@21dd608b] as "application/json;charset=UTF-8"
22:41:46.113 [Test worker] DEBUG o.s.w.c.RestTemplate - Response 201 CREATED
22:41:46.113 [Test worker] DEBUG o.s.w.c.RestTemplate - Reading to [java.lang.String] as "application/json;charset=utf-8"
22:41:46.117 [Test worker] DEBUG o.s.w.c.RestTemplate - HTTP POST http://localhost:52961/post
22:41:46.117 [Test worker] DEBUG o.s.w.c.RestTemplate - Writing [Héllo Wörld] as "text/plain;charset=ISO-8859-1"
22:41:46.119 [Test worker] DEBUG o.s.w.c.RestTemplate - Response 201 CREATED
22:41:46.122 [Test worker] DEBUG o.s.w.c.RestTemplate - HTTP GET http://localhost:52963/status/badrequest
22:41:46.123 [Test worker] DEBUG o.s.w.c.RestTemplate - Response 400 BAD_REQUEST
22:41:46.128 [Test worker] DEBUG o.s.w.c.RestTemplate - HTTP POST http://localhost:52965/post
22:41:46.129 [Test worker] DEBUG o.s.w.c.RestTemplate - Accept=[text/plain, application/xml, text/xml, application/json, application/x-jackson-smile, application/cbor, application/*+xml, application/*+json, */*]
22:41:46.129 [Test worker] DEBUG o.s.w.c.RestTemplate - Writing [Héllo Wörld] with org.springframework.http.converter.StringHttpMessageConverter
22:41:46.131 [Test worker] DEBUG o.s.w.c.RestTemplate - Response 201 CREATED
22:41:46.131 [Test worker] DEBUG o.s.w.c.RestTemplate - Reading to [java.lang.String] as "text/plain;charset=UTF-8"
22:41:46.134 [Test worker] DEBUG o.s.w.c.RestTemplate - HTTP POST http://localhost:52967/post
22:41:46.134 [Test worker] DEBUG o.s.w.c.RestTemplate - Writing [Héllo Wörld] with org.springframework.http.converter.StringHttpMessageConverter
22:41:46.136 [Test worker] DEBUG o.s.w.c.RestTemplate - Response 201 CREATED
22:41:46.139 [Test worker] DEBUG o.s.w.c.RestTemplate - HTTP GET http://localhost:52969/uri/Z%C3%BCrich
22:41:46.140 [Test worker] DEBUG o.s.w.c.RestTemplate - Accept=[text/plain, application/xml, text/xml, application/json, application/x-jackson-smile, application/cbor, application/*+xml, application/*+json, */*]
22:41:46.141 [Test worker] DEBUG o.s.w.c.RestTemplate - Response 200 OK
22:41:46.141 [Test worker] DEBUG o.s.w.c.RestTemplate - Reading to [java.lang.String] as "text/plain"
22:41:46.142 [Test worker] DEBUG o.s.w.c.RestTemplate - HTTP GET http://localhost:52969/uri/query=foo@bar
22:41:46.142 [Test worker] DEBUG o.s.w.c.RestTemplate - Accept=[text/plain, application/xml, text/xml, application/json, application/x-jackson-smile, application/cbor, application/*+xml, application/*+json, */*]
22:41:46.143 [Test worker] DEBUG o.s.w.c.RestTemplate - Response 200 OK
22:41:46.143 [Test worker] DEBUG o.s.w.c.RestTemplate - Reading to [java.lang.String] as "text/plain"
22:41:46.143 [Test worker] DEBUG o.s.w.c.RestTemplate - HTTP GET http://localhost:52969/uri/query=T%C5%8Dky%C5%8D
22:41:46.143 [Test worker] DEBUG o.s.w.c.RestTemplate - Accept=[text/plain, application/xml, text/xml, application/json, application/x-jackson-smile, application/cbor, application/*+xml, application/*+json, */*]
22:41:46.144 [Test worker] DEBUG o.s.w.c.RestTemplate - Response 200 OK
22:41:46.145 [Test worker] DEBUG o.s.w.c.RestTemplate - Reading to [java.lang.String] as "text/plain"
22:41:46.149 [Test worker] DEBUG o.s.w.c.RestTemplate - HTTP POST http://localhost:52971/form
22:41:46.149 [Test worker] DEBUG o.s.w.c.RestTemplate - Writing [{name 1=[value 1], name 2=[value 2+1, value 2+2]}] with org.springframework.http.converter.support.AllEncompassingFormHttpMessageConverter
22:41:46.150 [Test worker] DEBUG o.s.w.c.RestTemplate - Response 200 OK
22:41:46.153 [Test worker] DEBUG o.s.w.c.RestTemplate - HTTP GET http://localhost:52973/get
22:41:46.153 [Test worker] DEBUG o.s.w.c.RestTemplate - Accept=[text/plain, application/xml, text/xml, application/json, application/x-jackson-smile, application/cbor, application/*+xml, application/*+json, */*]
22:41:46.155 [Test worker] DEBUG o.s.w.c.RestTemplate - Response 200 OK
22:41:46.155 [Test worker] DEBUG o.s.w.c.RestTemplate - Reading to [java.lang.String] as "text/plain;charset=UTF-8"
22:41:46.158 [Test worker] DEBUG o.s.w.c.RestTemplate - HTTP GET http://localhost:52975/get/nothing
22:41:46.158 [Test worker] DEBUG o.s.w.c.RestTemplate - Accept=[text/plain, application/xml, text/xml, application/json, application/x-jackson-smile, application/cbor, application/*+xml, application/*+json, */*]
22:41:46.160 [Test worker] DEBUG o.s.w.c.RestTemplate - Response 200 OK
22:41:46.163 [Test worker] DEBUG o.s.w.c.RestTemplate - HTTP PATCH http://localhost:52977/patch
22:41:46.164 [Test worker] DEBUG o.s.w.c.RestTemplate - Accept=[text/plain, application/xml, text/xml, application/json, application/x-jackson-smile, application/cbor, application/*+xml, application/*+json, */*]
22:41:46.164 [Test worker] DEBUG o.s.w.c.RestTemplate - Writing [Héllo Wörld] with org.springframework.http.converter.StringHttpMessageConverter
22:41:46.165 [Test worker] DEBUG o.s.w.c.RestTemplate - Response 201 CREATED
22:41:46.165 [Test worker] DEBUG o.s.w.c.RestTemplate - Reading to [java.lang.String] as "text/plain;charset=UTF-8"
22:41:46.168 [Test worker] DEBUG o.s.w.c.RestTemplate - HTTP GET http://localhost:52979/get
22:41:46.168 [Test worker] DEBUG o.s.w.c.RestTemplate - Accept=[text/plain, application/xml, text/xml, application/json, application/x-jackson-smile, application/cbor, application/*+xml, application/*+json, */*]
22:41:46.169 [Test worker] DEBUG o.s.w.c.RestTemplate - Response 200 OK
22:41:46.169 [Test worker] DEBUG o.s.w.c.RestTemplate - Reading to [java.lang.String] as "text/plain;charset=UTF-8"
22:41:46.173 [Test worker] DEBUG o.s.w.c.RestTemplate - HTTP OPTIONS http://localhost:52981/get
22:41:46.174 [Test worker] DEBUG o.s.w.c.RestTemplate - Response 200 OK
22:41:46.178 [Test worker] DEBUG o.s.w.c.RestTemplate - HTTP POST http://localhost:52983/post
22:41:46.178 [Test worker] DEBUG o.s.w.c.RestTemplate - Accept=[application/xml, text/xml, application/json, application/x-jackson-smile, application/cbor, application/*+xml, application/*+json]
22:41:46.178 [Test worker] DEBUG o.s.w.c.RestTemplate - Writing [Héllo Wörld] as "text/plain"
22:41:46.180 [Test worker] DEBUG o.s.w.c.RestTemplate - Response 201 CREATED
22:41:46.183 [Test worker] DEBUG o.s.w.c.RestTemplate - HTTP GET http://localhost:52985/status/nocontent
22:41:46.183 [Test worker] DEBUG o.s.w.c.RestTemplate - Accept=[text/plain, application/xml, text/xml, application/json, application/x-jackson-smile, application/cbor, application/*+xml, application/*+json, */*]
22:41:46.184 [Test worker] DEBUG o.s.w.c.RestTemplate - Response 204 NO_CONTENT
22:41:46.185 [Test worker] DEBUG o.s.w.c.RestTemplate - HTTP GET http://localhost:52985/status/nocontent
22:41:46.185 [Test worker] DEBUG o.s.w.c.RestTemplate - Accept=[text/plain, application/xml, text/xml, application/json, application/x-jackson-smile, application/cbor, application/*+xml, application/*+json, */*]
22:41:46.185 [Test worker] DEBUG o.s.w.c.RestTemplate - Response 204 NO_CONTENT
22:41:46.188 [Test worker] DEBUG o.s.w.c.RestTemplate - HTTP GET http://localhost:52987/status/notfound
22:41:46.189 [Test worker] DEBUG o.s.w.c.RestTemplate - Response 404 NOT_FOUND
22:41:46.192 [Test worker] DEBUG o.s.w.c.RestTemplate - HTTP POST http://localhost:52989/jsonpost
22:41:46.192 [Test worker] DEBUG o.s.w.c.RestTemplate - Accept=[text/plain, application/xml, text/xml, application/json, application/x-jackson-smile, application/cbor, application/*+xml, application/*+json, */*]
22:41:46.193 [Test worker] DEBUG o.s.w.c.RestTemplate - Writing [[org.springframework.web.client.RestTemplateIntegrationTests$Foo@17e348aa, org.springframework.web.client.RestTemplateIntegrationTests$Bar@52c4dc26]] as "application/json;charset=UTF-8"
22:41:46.195 [Test worker] DEBUG o.s.w.c.RestTemplate - Response 201 CREATED
22:41:46.195 [Test worker] DEBUG o.s.w.c.RestTemplate - Reading to [java.lang.String] as "application/json;charset=utf-8"
22:41:46.210 [Test worker] DEBUG o.s.w.c.RestTemplate - HTTP GET http://localhost:52991/get
22:41:46.210 [Test worker] DEBUG o.s.w.c.RestTemplate - Accept=[text/plain, application/xml, text/xml, application/json, application/x-jackson-smile, application/cbor, application/*+xml, application/*+json, */*]
22:41:46.252 [Test worker] DEBUG o.s.w.c.RestTemplate - Response 200 OK
22:41:46.253 [Test worker] DEBUG o.s.w.c.RestTemplate - Reading to [java.lang.String] as "text/plain;charset=UTF-8"
22:41:46.259 [Test worker] DEBUG o.s.w.c.RestTemplate - HTTP POST http://localhost:52996/jsonpost
22:41:46.259 [Test worker] DEBUG o.s.w.c.RestTemplate - Accept=[text/plain, application/xml, text/xml, application/json, application/x-jackson-smile, application/cbor, application/*+xml, application/*+json, */*]
22:41:46.261 [Test worker] DEBUG o.s.w.c.RestTemplate - Writing [org.springframework.http.converter.json.MappingJacksonValue@77408f66] as "application/json;charset=UTF-8"
22:41:46.264 [Test worker] DEBUG o.s.w.c.RestTemplate - Response 201 CREATED
22:41:46.264 [Test worker] DEBUG o.s.w.c.RestTemplate - Reading to [java.lang.String] as "application/json;charset=utf-8"
22:41:46.267 [Test worker] DEBUG o.s.w.c.RestTemplate - HTTP GET http://localhost:52998/get
22:41:46.267 [Test worker] DEBUG o.s.w.c.RestTemplate - Accept=[text/plain, application/xml, text/xml, application/json, application/x-jackson-smile, application/cbor, application/*+xml, application/*+json, */*]
22:41:46.270 [Test worker] DEBUG o.s.w.c.RestTemplate - Response 200 OK
22:41:46.270 [Test worker] DEBUG o.s.w.c.RestTemplate - Reading to [java.lang.String] as "text/plain;charset=UTF-8"
22:41:46.273 [Test worker] DEBUG o.s.w.c.RestTemplate - HTTP POST http://localhost:53000/multipart
22:41:46.273 [Test worker] DEBUG o.s.w.c.RestTemplate - Writing [{name 1=[value 1], name 2=[value 2+1, value 2+2], logo=[class path resource [org/springframework/http/converter/logo.jpg]]}] with org.springframework.http.converter.support.AllEncompassingFormHttpMessageConverter
22:41:46.279 [Test worker] DEBUG o.s.w.c.RestTemplate - Response 200 OK
22:41:46.282 [Test worker] DEBUG o.s.w.c.RestTemplate - HTTP GET http://localhost:53002/get/nocontenttype
22:41:46.282 [Test worker] DEBUG o.s.w.c.RestTemplate - Accept=[application/octet-stream, application/xml, text/xml, application/json, application/x-jackson-smile, application/cbor, application/*+xml, application/*+json, */*]
22:41:46.285 [Test worker] DEBUG o.s.w.c.RestTemplate - Response 200 OK
22:41:46.285 [Test worker] DEBUG o.s.w.c.RestTemplate - Reading to [[B] as "application/octet-stream"
22:41:46.288 [Test worker] DEBUG o.s.w.c.RestTemplate - HTTP POST http://localhost:53004/jsonpost
22:41:46.288 [Test worker] DEBUG o.s.w.c.RestTemplate - Accept=[text/plain, application/xml, text/xml, application/json, application/x-jackson-smile, application/cbor, application/*+xml, application/*+json, */*]
22:41:46.292 [Test worker] DEBUG o.s.w.c.RestTemplate - Response 201 CREATED
22:41:46.295 [Test worker] DEBUG o.s.w.c.RestTemplate - HTTP GET http://localhost:53006/status/notmodified
22:41:46.295 [Test worker] DEBUG o.s.w.c.RestTemplate - Accept=[text/plain, application/xml, text/xml, application/json, application/x-jackson-smile, application/cbor, application/*+xml, application/*+json, */*]
22:41:46.298 [Test worker] DEBUG o.s.w.c.RestTemplate - Response 304 NOT_MODIFIED
22:41:46.298 [Test worker] DEBUG o.s.w.c.RestTemplate - HTTP GET http://localhost:53006/status/notmodified
22:41:46.298 [Test worker] DEBUG o.s.w.c.RestTemplate - Accept=[text/plain, application/xml, text/xml, application/json, application/x-jackson-smile, application/cbor, application/*+xml, application/*+json, */*]
22:41:46.301 [Test worker] DEBUG o.s.w.c.RestTemplate - Response 304 NOT_MODIFIED
22:41:46.304 [Test worker] DEBUG o.s.w.c.RestTemplate - HTTP GET http://localhost:53009/status/server
22:41:46.306 [Test worker] DEBUG o.s.w.c.RestTemplate - Response 500 INTERNAL_SERVER_ERROR
22:41:46.310 [Test worker] DEBUG o.s.w.c.RestTemplate - HTTP POST http://localhost:53011/jsonpost
22:41:46.310 [Test worker] DEBUG o.s.w.c.RestTemplate - Accept=[text/plain, application/xml, text/xml, application/json, application/x-jackson-smile, application/cbor, application/*+xml, application/*+json, */*]
22:41:46.311 [Test worker] DEBUG o.s.w.c.RestTemplate - Writing [org.springframework.web.client.RestTemplateIntegrationTests$MySampleBean@63f883cb] as "application/json;charset=UTF-8"
22:41:46.315 [Test worker] DEBUG o.s.w.c.RestTemplate - Response 201 CREATED
22:41:46.315 [Test worker] DEBUG o.s.w.c.RestTemplate - Reading to [java.lang.String] as "application/json;charset=utf-8"
22:41:46.318 [Test worker] DEBUG o.s.w.c.RestTemplate - HTTP POST http://localhost:53013/post
22:41:46.318 [Test worker] DEBUG o.s.w.c.RestTemplate - Writing [Héllo Wörld] as "text/plain;charset=ISO-8859-1"
22:41:46.320 [Test worker] DEBUG o.s.w.c.RestTemplate - Response 201 CREATED
22:41:46.323 [Test worker] DEBUG o.s.w.c.RestTemplate - HTTP GET http://localhost:53015/status/badrequest
22:41:46.326 [Test worker] DEBUG o.s.w.c.RestTemplate - Response 400 BAD_REQUEST
22:41:46.328 [Test worker] DEBUG o.s.w.c.RestTemplate - HTTP POST http://localhost:53017/post
22:41:46.329 [Test worker] DEBUG o.s.w.c.RestTemplate - Accept=[text/plain, application/xml, text/xml, application/json, application/x-jackson-smile, application/cbor, application/*+xml, application/*+json, */*]
22:41:46.329 [Test worker] DEBUG o.s.w.c.RestTemplate - Writing [Héllo Wörld] with org.springframework.http.converter.StringHttpMessageConverter
22:41:46.331 [Test worker] DEBUG o.s.w.c.RestTemplate - Response 201 CREATED
22:41:46.331 [Test worker] DEBUG o.s.w.c.RestTemplate - Reading to [java.lang.String] as "text/plain;charset=UTF-8"
22:41:46.334 [Test worker] DEBUG o.s.w.c.RestTemplate - HTTP POST http://localhost:53019/post
22:41:46.334 [Test worker] DEBUG o.s.w.c.RestTemplate - Writing [Héllo Wörld] with org.springframework.http.converter.StringHttpMessageConverter
22:41:46.337 [Test worker] DEBUG o.s.w.c.RestTemplate - Response 201 CREATED
22:41:46.340 [Test worker] DEBUG o.s.w.c.RestTemplate - HTTP GET http://localhost:53021/uri/Z%C3%BCrich
22:41:46.340 [Test worker] DEBUG o.s.w.c.RestTemplate - Accept=[text/plain, application/xml, text/xml, application/json, application/x-jackson-smile, application/cbor, application/*+xml, application/*+json, */*]
22:41:46.342 [Test worker] DEBUG o.s.w.c.RestTemplate - Response 200 OK
22:41:46.343 [Test worker] DEBUG o.s.w.c.RestTemplate - Reading to [java.lang.String] as "text/plain"
22:41:46.343 [Test worker] DEBUG o.s.w.c.RestTemplate - HTTP GET http://localhost:53021/uri/query=foo@bar
22:41:46.343 [Test worker] DEBUG o.s.w.c.RestTemplate - Accept=[text/plain, application/xml, text/xml, application/json, application/x-jackson-smile, application/cbor, application/*+xml, application/*+json, */*]
22:41:46.346 [Test worker] DEBUG o.s.w.c.RestTemplate - Response 200 OK
22:41:46.346 [Test worker] DEBUG o.s.w.c.RestTemplate - Reading to [java.lang.String] as "text/plain"
22:41:46.346 [Test worker] DEBUG o.s.w.c.RestTemplate - HTTP GET http://localhost:53021/uri/query=T%C5%8Dky%C5%8D
22:41:46.346 [Test worker] DEBUG o.s.w.c.RestTemplate - Accept=[text/plain, application/xml, text/xml, application/json, application/x-jackson-smile, application/cbor, application/*+xml, application/*+json, */*]
22:41:46.348 [Test worker] DEBUG o.s.w.c.RestTemplate - Response 200 OK
22:41:46.348 [Test worker] DEBUG o.s.w.c.RestTemplate - Reading to [java.lang.String] as "text/plain"
22:41:46.351 [Test worker] DEBUG o.s.w.c.RestTemplate - HTTP POST http://localhost:53025/form
22:41:46.351 [Test worker] DEBUG o.s.w.c.RestTemplate - Writing [{name 1=[value 1], name 2=[value 2+1, value 2+2]}] with org.springframework.http.converter.support.AllEncompassingFormHttpMessageConverter
22:41:46.354 [Test worker] DEBUG o.s.w.c.RestTemplate - Response 200 OK
22:41:46.357 [Test worker] DEBUG o.s.w.c.RestTemplate - HTTP GET http://localhost:53027/get
22:41:46.357 [Test worker] DEBUG o.s.w.c.RestTemplate - Accept=[text/plain, application/xml, text/xml, application/json, application/x-jackson-smile, application/cbor, application/*+xml, application/*+json, */*]
22:41:46.359 [Test worker] DEBUG o.s.w.c.RestTemplate - Response 200 OK
22:41:46.360 [Test worker] DEBUG o.s.w.c.RestTemplate - Reading to [java.lang.String] as "text/plain;charset=UTF-8"
22:41:46.363 [Test worker] DEBUG o.s.w.c.RestTemplate - HTTP GET http://localhost:53029/get/nothing
22:41:46.363 [Test worker] DEBUG o.s.w.c.RestTemplate - Accept=[text/plain, application/xml, text/xml, application/json, application/x-jackson-smile, application/cbor, application/*+xml, application/*+json, */*]
22:41:46.365 [Test worker] DEBUG o.s.w.c.RestTemplate - Response 200 OK
22:41:46.368 [Test worker] DEBUG o.s.w.c.RestTemplate - HTTP PATCH http://localhost:53031/patch
22:41:46.368 [Test worker] DEBUG o.s.w.c.RestTemplate - Accept=[text/plain, application/xml, text/xml, application/json, application/x-jackson-smile, application/cbor, application/*+xml, application/*+json, */*]
22:41:46.368 [Test worker] DEBUG o.s.w.c.RestTemplate - Writing [Héllo Wörld] with org.springframework.http.converter.StringHttpMessageConverter
22:41:46.370 [Test worker] DEBUG o.s.w.c.RestTemplate - Response 201 CREATED
22:41:46.371 [Test worker] DEBUG o.s.w.c.RestTemplate - Reading to [java.lang.String] as "text/plain;charset=UTF-8"
22:41:46.373 [Test worker] DEBUG o.s.w.c.RestTemplate - HTTP GET http://localhost:53033/get
22:41:46.373 [Test worker] DEBUG o.s.w.c.RestTemplate - Accept=[text/plain, application/xml, text/xml, application/json, application/x-jackson-smile, application/cbor, application/*+xml, application/*+json, */*]
22:41:46.376 [Test worker] DEBUG o.s.w.c.RestTemplate - Response 200 OK
22:41:46.376 [Test worker] DEBUG o.s.w.c.RestTemplate - Reading to [java.lang.String] as "text/plain;charset=UTF-8"
22:41:46.379 [Test worker] DEBUG o.s.w.c.RestTemplate - HTTP OPTIONS http://localhost:53035/get
22:41:46.381 [Test worker] DEBUG o.s.w.c.RestTemplate - Response 200 OK
22:41:46.384 [Test worker] DEBUG o.s.w.c.RestTemplate - HTTP POST http://localhost:53037/post
22:41:46.384 [Test worker] DEBUG o.s.w.c.RestTemplate - Accept=[application/xml, text/xml, application/json, application/x-jackson-smile, application/cbor, application/*+xml, application/*+json]
22:41:46.384 [Test worker] DEBUG o.s.w.c.RestTemplate - Writing [Héllo Wörld] as "text/plain"
22:41:46.387 [Test worker] DEBUG o.s.w.c.RestTemplate - Response 201 CREATED
22:41:46.390 [Test worker] DEBUG o.s.w.c.RestTemplate - HTTP GET http://localhost:53039/status/nocontent
22:41:46.390 [Test worker] DEBUG o.s.w.c.RestTemplate - Accept=[text/plain, application/xml, text/xml, application/json, application/x-jackson-smile, application/cbor, application/*+xml, application/*+json, */*]
22:41:46.392 [Test worker] DEBUG o.s.w.c.RestTemplate - Response 204 NO_CONTENT
22:41:46.393 [Test worker] DEBUG o.s.w.c.RestTemplate - HTTP GET http://localhost:53039/status/nocontent
22:41:46.393 [Test worker] DEBUG o.s.w.c.RestTemplate - Accept=[text/plain, application/xml, text/xml, application/json, application/x-jackson-smile, application/cbor, application/*+xml, application/*+json, */*]
22:41:46.395 [Test worker] DEBUG o.s.w.c.RestTemplate - Response 204 NO_CONTENT
22:41:46.398 [Test worker] DEBUG o.s.w.c.RestTemplate - HTTP GET http://localhost:53042/status/notfound
22:41:46.400 [Test worker] DEBUG o.s.w.c.RestTemplate - Response 404 NOT_FOUND
22:41:46.402 [Test worker] DEBUG o.s.w.c.RestTemplate - HTTP POST http://localhost:53044/jsonpost
22:41:46.402 [Test worker] DEBUG o.s.w.c.RestTemplate - Accept=[text/plain, application/xml, text/xml, application/json, application/x-jackson-smile, application/cbor, application/*+xml, application/*+json, */*]
22:41:46.403 [Test worker] DEBUG o.s.w.c.RestTemplate - Writing [[org.springframework.web.client.RestTemplateIntegrationTests$Foo@5e8f16eb, org.springframework.web.client.RestTemplateIntegrationTests$Bar@4118a317]] as "application/json;charset=UTF-8"
22:41:46.407 [Test worker] DEBUG o.s.w.c.RestTemplate - Response 201 CREATED
22:41:46.407 [Test worker] DEBUG o.s.w.c.RestTemplate - Reading to [java.lang.String] as "application/json;charset=utf-8"
22:41:46.410 [Test worker] DEBUG o.s.w.c.RestTemplate - HTTP GET http://localhost:53047/get
22:41:46.411 [Test worker] DEBUG o.s.w.c.RestTemplate - Accept=[text/plain, application/xml, text/xml, application/json, application/x-jackson-smile, application/cbor, application/*+xml, application/*+json, */*]
22:41:46.436 [Test worker] DEBUG o.s.w.c.RestTemplate - Response 200 OK
22:41:46.437 [Test worker] DEBUG o.s.w.c.RestTemplate - Reading to [java.lang.String] as "text/plain;charset=UTF-8"
22:41:46.439 [Test worker] DEBUG o.s.w.c.RestTemplate - HTTP POST http://localhost:53049/jsonpost
22:41:46.440 [Test worker] DEBUG o.s.w.c.RestTemplate - Accept=[text/plain, application/xml, text/xml, application/json, application/x-jackson-smile, application/cbor, application/*+xml, application/*+json, */*]
22:41:46.441 [Test worker] DEBUG o.s.w.c.RestTemplate - Writing [org.springframework.http.converter.json.MappingJacksonValue@14ec043e] as "application/json;charset=UTF-8"
22:41:46.446 [Test worker] DEBUG o.s.w.c.RestTemplate - Response 201 CREATED
22:41:46.446 [Test worker] DEBUG o.s.w.c.RestTemplate - Reading to [java.lang.String] as "application/json;charset=utf-8"
22:41:46.449 [Test worker] DEBUG o.s.w.c.RestTemplate - HTTP GET http://localhost:53051/get
22:41:46.449 [Test worker] DEBUG o.s.w.c.RestTemplate - Accept=[text/plain, application/xml, text/xml, application/json, application/x-jackson-smile, application/cbor, application/*+xml, application/*+json, */*]
22:41:46.451 [Test worker] DEBUG o.s.w.c.RestTemplate - Response 200 OK
22:41:46.451 [Test worker] DEBUG o.s.w.c.RestTemplate - Reading to [java.lang.String] as "text/plain;charset=UTF-8"
22:41:46.453 [Test worker] DEBUG o.s.w.c.RestTemplate - HTTP POST http://localhost:53053/multipart
22:41:46.454 [Test worker] DEBUG o.s.w.c.RestTemplate - Writing [{name 1=[value 1], name 2=[value 2+1, value 2+2], logo=[class path resource [org/springframework/http/converter/logo.jpg]]}] with org.springframework.http.converter.support.AllEncompassingFormHttpMessageConverter
22:41:46.455 [Test worker] DEBUG o.s.w.c.RestTemplate - Response 200 OK
22:41:46.458 [Test worker] DEBUG o.s.w.c.RestTemplate - HTTP GET http://localhost:53055/get/nocontenttype
22:41:46.459 [Test worker] DEBUG o.s.w.c.RestTemplate - Accept=[application/octet-stream, application/xml, text/xml, application/json, application/x-jackson-smile, application/cbor, application/*+xml, application/*+json, */*]
22:41:46.460 [Test worker] DEBUG o.s.w.c.RestTemplate - Response 200 OK
22:41:46.460 [Test worker] DEBUG o.s.w.c.RestTemplate - Reading to [[B] as "application/octet-stream"
22:41:46.463 [Test worker] DEBUG o.s.w.c.RestTemplate - HTTP POST http://localhost:53057/jsonpost
22:41:46.463 [Test worker] DEBUG o.s.w.c.RestTemplate - Accept=[text/plain, application/xml, text/xml, application/json, application/x-jackson-smile, application/cbor, application/*+xml, application/*+json, */*]
22:41:46.464 [Test worker] DEBUG o.s.w.c.RestTemplate - Response 201 CREATED
22:41:46.467 [Test worker] DEBUG o.s.w.c.RestTemplate - HTTP GET http://localhost:53059/status/notmodified
22:41:46.467 [Test worker] DEBUG o.s.w.c.RestTemplate - Accept=[text/plain, application/xml, text/xml, application/json, application/x-jackson-smile, application/cbor, application/*+xml, application/*+json, */*]
22:41:46.469 [Test worker] DEBUG o.s.w.c.RestTemplate - Response 304 NOT_MODIFIED
22:41:46.469 [Test worker] DEBUG o.s.w.c.RestTemplate - HTTP GET http://localhost:53059/status/notmodified
22:41:46.469 [Test worker] DEBUG o.s.w.c.RestTemplate - Accept=[text/plain, application/xml, text/xml, application/json, application/x-jackson-smile, application/cbor, application/*+xml, application/*+json, */*]
22:41:46.470 [Test worker] DEBUG o.s.w.c.RestTemplate - Response 304 NOT_MODIFIED
22:41:46.473 [Test worker] DEBUG o.s.w.c.RestTemplate - HTTP GET http://localhost:53061/status/server
22:41:46.474 [Test worker] DEBUG o.s.w.c.RestTemplate - Response 500 INTERNAL_SERVER_ERROR
22:41:46.477 [Test worker] DEBUG o.s.w.c.RestTemplate - HTTP POST http://localhost:53063/jsonpost
22:41:46.477 [Test worker] DEBUG o.s.w.c.RestTemplate - Accept=[text/plain, application/xml, text/xml, application/json, application/x-jackson-smile, application/cbor, application/*+xml, application/*+json, */*]
22:41:46.478 [Test worker] DEBUG o.s.w.c.RestTemplate - Writing [org.springframework.web.client.RestTemplateIntegrationTests$MySampleBean@7912d52c] as "application/json;charset=UTF-8"
22:41:46.480 [Test worker] DEBUG o.s.w.c.RestTemplate - Response 201 CREATED
22:41:46.480 [Test worker] DEBUG o.s.w.c.RestTemplate - Reading to [java.lang.String] as "application/json;charset=utf-8"
22:41:46.483 [Test worker] DEBUG o.s.w.c.RestTemplate - HTTP POST http://localhost:53065/post
22:41:46.483 [Test worker] DEBUG o.s.w.c.RestTemplate - Writing [Héllo Wörld] as "text/plain;charset=ISO-8859-1"
22:41:46.484 [Test worker] DEBUG o.s.w.c.RestTemplate - Response 201 CREATED
22:41:46.487 [Test worker] DEBUG o.s.w.c.RestTemplate - HTTP GET http://localhost:53067/status/badrequest
22:41:46.488 [Test worker] DEBUG o.s.w.c.RestTemplate - Response 400 BAD_REQUEST
22:41:46.492 [Test worker] DEBUG o.s.w.c.RestTemplate - HTTP POST http://localhost:53069/post
22:41:46.492 [Test worker] DEBUG o.s.w.c.RestTemplate - Accept=[text/plain, application/xml, text/xml, application/json, application/x-jackson-smile, application/cbor, application/*+xml, application/*+json, */*]
22:41:46.492 [Test worker] DEBUG o.s.w.c.RestTemplate - Writing [Héllo Wörld] with org.springframework.http.converter.StringHttpMessageConverter
22:41:46.493 [Test worker] DEBUG o.s.w.c.RestTemplate - Response 201 CREATED
22:41:46.494 [Test worker] DEBUG o.s.w.c.RestTemplate - Reading to [java.lang.String] as "text/plain;charset=UTF-8"
22:41:46.497 [Test worker] DEBUG o.s.w.c.RestTemplate - HTTP POST http://localhost:53071/post
22:41:46.497 [Test worker] DEBUG o.s.w.c.RestTemplate - Writing [Héllo Wörld] with org.springframework.http.converter.StringHttpMessageConverter
22:41:46.498 [Test worker] DEBUG o.s.w.c.RestTemplate - Response 201 CREATED
22:41:46.501 [Test worker] DEBUG o.s.w.c.RestTemplate - HTTP GET http://localhost:53073/uri/Z%C3%BCrich
22:41:46.501 [Test worker] DEBUG o.s.w.c.RestTemplate - Accept=[text/plain, application/xml, text/xml, application/json, application/x-jackson-smile, application/cbor, application/*+xml, application/*+json, */*]
22:41:46.503 [Test worker] DEBUG o.s.w.c.RestTemplate - Response 200 OK
22:41:46.503 [Test worker] DEBUG o.s.w.c.RestTemplate - Reading to [java.lang.String] as "text/plain"
22:41:46.503 [Test worker] DEBUG o.s.w.c.RestTemplate - HTTP GET http://localhost:53073/uri/query=foo@bar
22:41:46.503 [Test worker] DEBUG o.s.w.c.RestTemplate - Accept=[text/plain, application/xml, text/xml, application/json, application/x-jackson-smile, application/cbor, application/*+xml, application/*+json, */*]
22:41:46.504 [Test worker] DEBUG o.s.w.c.RestTemplate - Response 200 OK
22:41:46.504 [Test worker] DEBUG o.s.w.c.RestTemplate - Reading to [java.lang.String] as "text/plain"
22:41:46.504 [Test worker] DEBUG o.s.w.c.RestTemplate - HTTP GET http://localhost:53073/uri/query=T%C5%8Dky%C5%8D
22:41:46.504 [Test worker] DEBUG o.s.w.c.RestTemplate - Accept=[text/plain, application/xml, text/xml, application/json, application/x-jackson-smile, application/cbor, application/*+xml, application/*+json, */*]
22:41:46.505 [Test worker] DEBUG o.s.w.c.RestTemplate - Response 200 OK
22:41:46.505 [Test worker] DEBUG o.s.w.c.RestTemplate - Reading to [java.lang.String] as "text/plain"
22:41:46.508 [Test worker] DEBUG o.s.w.c.RestTemplate - HTTP POST http://localhost:53075/form
22:41:46.508 [Test worker] DEBUG o.s.w.c.RestTemplate - Writing [{name 1=[value 1], name 2=[value 2+1, value 2+2]}] with org.springframework.http.converter.support.AllEncompassingFormHttpMessageConverter
22:41:46.510 [Test worker] DEBUG o.s.w.c.RestTemplate - Response 200 OK
22:41:46.513 [Test worker] DEBUG o.s.w.c.RestTemplate - HTTP GET http://localhost:53077/get
22:41:46.513 [Test worker] DEBUG o.s.w.c.RestTemplate - Accept=[text/plain, application/xml, text/xml, application/json, application/x-jackson-smile, application/cbor, application/*+xml, application/*+json, */*]
22:41:46.516 [Test worker] DEBUG o.s.w.c.RestTemplate - Response 200 OK
22:41:46.517 [Test worker] DEBUG o.s.w.c.RestTemplate - Reading to [java.lang.String] as "text/plain;charset=UTF-8"
22:41:46.521 [Test worker] DEBUG o.s.w.c.RestTemplate - HTTP GET http://localhost:53079/get/nothing
22:41:46.521 [Test worker] DEBUG o.s.w.c.RestTemplate - Accept=[text/plain, application/xml, text/xml, application/json, application/x-jackson-smile, application/cbor, application/*+xml, application/*+json, */*]
22:41:46.522 [Test worker] DEBUG o.s.w.c.RestTemplate - Response 200 OK
22:41:46.527 [Test worker] DEBUG o.s.w.c.RestTemplate - HTTP PATCH http://localhost:53081/patch
22:41:46.527 [Test worker] DEBUG o.s.w.c.RestTemplate - Accept=[text/plain, application/xml, text/xml, application/json, application/x-jackson-smile, application/cbor, application/*+xml, application/*+json, */*]
22:41:46.527 [Test worker] DEBUG o.s.w.c.RestTemplate - Writing [Héllo Wörld] with org.springframework.http.converter.StringHttpMessageConverter
22:41:46.528 [Test worker] DEBUG o.s.w.c.RestTemplate - Response 201 CREATED
22:41:46.528 [Test worker] DEBUG o.s.w.c.RestTemplate - Reading to [java.lang.String] as "text/plain;charset=UTF-8"
22:41:46.532 [Test worker] DEBUG o.s.w.c.RestTemplate - HTTP GET http://localhost:53083/get
22:41:46.532 [Test worker] DEBUG o.s.w.c.RestTemplate - Accept=[text/plain, application/xml, text/xml, application/json, application/x-jackson-smile, application/cbor, application/*+xml, application/*+json, */*]
22:41:46.533 [Test worker] DEBUG o.s.w.c.RestTemplate - Response 200 OK
22:41:46.533 [Test worker] DEBUG o.s.w.c.RestTemplate - Reading to [java.lang.String] as "text/plain;charset=UTF-8"
22:41:46.536 [Test worker] DEBUG o.s.w.c.RestTemplate - HTTP OPTIONS http://localhost:53085/get
22:41:46.537 [Test worker] DEBUG o.s.w.c.RestTemplate - Response 200 OK
22:41:46.540 [Test worker] DEBUG o.s.w.c.RestTemplate - HTTP POST http://localhost:53087/post
22:41:46.541 [Test worker] DEBUG o.s.w.c.RestTemplate - Accept=[application/xml, text/xml, application/json, application/x-jackson-smile, application/cbor, application/*+xml, application/*+json]
22:41:46.541 [Test worker] DEBUG o.s.w.c.RestTemplate - Writing [Héllo Wörld] as "text/plain"
22:41:46.542 [Test worker] DEBUG o.s.w.c.RestTemplate - Response 201 CREATED
22:41:46.546 [Test worker] DEBUG o.s.w.c.RestTemplate - HTTP GET http://localhost:53089/status/nocontent
22:41:46.546 [Test worker] DEBUG o.s.w.c.RestTemplate - Accept=[text/plain, application/xml, text/xml, application/json, application/x-jackson-smile, application/cbor, application/*+xml, application/*+json, */*]
22:41:46.558 [Test worker] DEBUG o.s.w.c.RestTemplate - Response 204 NO_CONTENT
22:41:46.558 [Test worker] DEBUG o.s.w.c.RestTemplate - HTTP GET http://localhost:53089/status/nocontent
22:41:46.558 [Test worker] DEBUG o.s.w.c.RestTemplate - Accept=[text/plain, application/xml, text/xml, application/json, application/x-jackson-smile, application/cbor, application/*+xml, application/*+json, */*]
22:41:46.559 [Test worker] DEBUG o.s.w.c.RestTemplate - Response 204 NO_CONTENT
22:41:46.562 [Test worker] DEBUG o.s.w.c.RestTemplate - HTTP GET http://localhost:53091/status/notfound
22:41:46.564 [Test worker] DEBUG o.s.w.c.RestTemplate - Response 404 NOT_FOUND
22:41:46.566 [Test worker] DEBUG o.s.w.c.RestTemplate - HTTP POST http://localhost:53093/jsonpost
22:41:46.567 [Test worker] DEBUG o.s.w.c.RestTemplate - Accept=[text/plain, application/xml, text/xml, application/json, application/x-jackson-smile, application/cbor, application/*+xml, application/*+json, */*]
22:41:46.567 [Test worker] DEBUG o.s.w.c.RestTemplate - Writing [[org.springframework.web.client.RestTemplateIntegrationTests$Foo@7a08f25a, org.springframework.web.client.RestTemplateIntegrationTests$Bar@6921d8c0]] as "application/json;charset=UTF-8"
22:41:46.570 [Test worker] DEBUG o.s.w.c.RestTemplate - Response 201 CREATED
22:41:46.570 [Test worker] DEBUG o.s.w.c.RestTemplate - Reading to [java.lang.String] as "application/json;charset=utf-8"
]]></system-out>
  <system-err><![CDATA[Nov 25, 2020 10:41:45 PM okhttp3.mockwebserver.MockWebServer$3 execute
INFO: MockWebServer[52896] starting to accept connections
Nov 25, 2020 10:41:45 PM okhttp3.mockwebserver.MockWebServer$4 processOneRequest
INFO: MockWebServer[52896] received request: GET /get HTTP/1.1 and responded: HTTP/1.1 200 OK
Nov 25, 2020 10:41:45 PM okhttp3.mockwebserver.MockWebServer$3 acceptConnections
INFO: MockWebServer[52896] done accepting connections: Socket closed
Nov 25, 2020 10:41:45 PM okhttp3.mockwebserver.MockWebServer$3 execute
INFO: MockWebServer[52898] starting to accept connections
Nov 25, 2020 10:41:45 PM okhttp3.mockwebserver.MockWebServer$4 processOneRequest
INFO: MockWebServer[52898] received request: POST /jsonpost HTTP/1.1 and responded: HTTP/1.1 201 OK
Nov 25, 2020 10:41:45 PM okhttp3.mockwebserver.MockWebServer$3 acceptConnections
INFO: MockWebServer[52898] done accepting connections: Socket closed
Nov 25, 2020 10:41:45 PM okhttp3.mockwebserver.MockWebServer$3 execute
INFO: MockWebServer[52900] starting to accept connections
Nov 25, 2020 10:41:45 PM okhttp3.mockwebserver.MockWebServer$4 processOneRequest
INFO: MockWebServer[52900] received request: GET /get HTTP/1.1 and responded: HTTP/1.1 200 OK
Nov 25, 2020 10:41:45 PM okhttp3.mockwebserver.MockWebServer$3 acceptConnections
INFO: MockWebServer[52900] done accepting connections: Socket closed
Nov 25, 2020 10:41:45 PM okhttp3.mockwebserver.MockWebServer$3 execute
INFO: MockWebServer[52902] starting to accept connections
Nov 25, 2020 10:41:45 PM okhttp3.mockwebserver.MockWebServer$4 processOneRequest
INFO: MockWebServer[52902] received request: POST /multipart HTTP/1.1 and responded: HTTP/1.1 200 OK
Nov 25, 2020 10:41:45 PM okhttp3.mockwebserver.MockWebServer$3 acceptConnections
INFO: MockWebServer[52902] done accepting connections: Socket closed
Nov 25, 2020 10:41:45 PM okhttp3.mockwebserver.MockWebServer$3 execute
INFO: MockWebServer[52904] starting to accept connections
Nov 25, 2020 10:41:45 PM okhttp3.mockwebserver.MockWebServer$4 processOneRequest
INFO: MockWebServer[52904] received request: GET /get/nocontenttype HTTP/1.1 and responded: HTTP/1.1 200 OK
Nov 25, 2020 10:41:45 PM okhttp3.mockwebserver.MockWebServer$3 acceptConnections
INFO: MockWebServer[52904] done accepting connections: Socket closed
Nov 25, 2020 10:41:45 PM okhttp3.mockwebserver.MockWebServer$3 execute
INFO: MockWebServer[52906] starting to accept connections
Nov 25, 2020 10:41:45 PM okhttp3.mockwebserver.MockWebServer$4 processOneRequest
INFO: MockWebServer[52906] received request: POST /jsonpost HTTP/1.1 and responded: HTTP/1.1 201 OK
Nov 25, 2020 10:41:45 PM okhttp3.mockwebserver.MockWebServer$3 acceptConnections
INFO: MockWebServer[52906] done accepting connections: Socket closed
Nov 25, 2020 10:41:45 PM okhttp3.mockwebserver.MockWebServer$3 execute
INFO: MockWebServer[52908] starting to accept connections
Nov 25, 2020 10:41:45 PM okhttp3.mockwebserver.MockWebServer$4 processOneRequest
INFO: MockWebServer[52908] received request: GET /status/notmodified HTTP/1.1 and responded: HTTP/1.1 304 Redirection
Nov 25, 2020 10:41:45 PM okhttp3.mockwebserver.MockWebServer$4 processOneRequest
INFO: MockWebServer[52908] received request: GET /status/notmodified HTTP/1.1 and responded: HTTP/1.1 304 Redirection
Nov 25, 2020 10:41:45 PM okhttp3.mockwebserver.MockWebServer$3 acceptConnections
INFO: MockWebServer[52908] done accepting connections: Socket closed
Nov 25, 2020 10:41:45 PM okhttp3.mockwebserver.MockWebServer$3 execute
INFO: MockWebServer[52910] starting to accept connections
Nov 25, 2020 10:41:45 PM okhttp3.mockwebserver.MockWebServer$4 processOneRequest
INFO: MockWebServer[52910] received request: GET /status/server HTTP/1.1 and responded: HTTP/1.1 500 Server Error
Nov 25, 2020 10:41:45 PM okhttp3.mockwebserver.MockWebServer$3 acceptConnections
INFO: MockWebServer[52910] done accepting connections: Socket closed
Nov 25, 2020 10:41:45 PM okhttp3.mockwebserver.MockWebServer$3 execute
INFO: MockWebServer[52912] starting to accept connections
Nov 25, 2020 10:41:45 PM okhttp3.mockwebserver.MockWebServer$4 processOneRequest
INFO: MockWebServer[52912] received request: POST /jsonpost HTTP/1.1 and responded: HTTP/1.1 201 OK
Nov 25, 2020 10:41:45 PM okhttp3.mockwebserver.MockWebServer$3 acceptConnections
INFO: MockWebServer[52912] done accepting connections: Socket closed
Nov 25, 2020 10:41:45 PM okhttp3.mockwebserver.MockWebServer$3 execute
INFO: MockWebServer[52914] starting to accept connections
Nov 25, 2020 10:41:45 PM okhttp3.mockwebserver.MockWebServer$4 processOneRequest
INFO: MockWebServer[52914] received request: POST /post HTTP/1.1 and responded: HTTP/1.1 201 OK
Nov 25, 2020 10:41:45 PM okhttp3.mockwebserver.MockWebServer$3 acceptConnections
INFO: MockWebServer[52914] done accepting connections: Socket closed
Nov 25, 2020 10:41:45 PM okhttp3.mockwebserver.MockWebServer$3 execute
INFO: MockWebServer[52916] starting to accept connections
Nov 25, 2020 10:41:45 PM okhttp3.mockwebserver.MockWebServer$4 processOneRequest
INFO: MockWebServer[52916] received request: GET /status/badrequest HTTP/1.1 and responded: HTTP/1.1 400 Client Error
Nov 25, 2020 10:41:45 PM okhttp3.mockwebserver.MockWebServer$3 acceptConnections
INFO: MockWebServer[52916] done accepting connections: Socket closed
Nov 25, 2020 10:41:45 PM okhttp3.mockwebserver.MockWebServer$3 execute
INFO: MockWebServer[52918] starting to accept connections
Nov 25, 2020 10:41:45 PM okhttp3.mockwebserver.MockWebServer$4 processOneRequest
INFO: MockWebServer[52918] received request: POST /post HTTP/1.1 and responded: HTTP/1.1 201 OK
Nov 25, 2020 10:41:45 PM okhttp3.mockwebserver.MockWebServer$3 acceptConnections
INFO: MockWebServer[52918] done accepting connections: Socket closed
Nov 25, 2020 10:41:45 PM okhttp3.mockwebserver.MockWebServer$3 execute
INFO: MockWebServer[52920] starting to accept connections
Nov 25, 2020 10:41:45 PM okhttp3.mockwebserver.MockWebServer$4 processOneRequest
INFO: MockWebServer[52920] received request: POST /post HTTP/1.1 and responded: HTTP/1.1 201 OK
Nov 25, 2020 10:41:45 PM okhttp3.mockwebserver.MockWebServer$3 acceptConnections
INFO: MockWebServer[52920] done accepting connections: Socket closed
Nov 25, 2020 10:41:45 PM okhttp3.mockwebserver.MockWebServer$3 execute
INFO: MockWebServer[52922] starting to accept connections
Nov 25, 2020 10:41:45 PM okhttp3.mockwebserver.MockWebServer$4 processOneRequest
INFO: MockWebServer[52922] received request: GET /uri/Z%C3%BCrich HTTP/1.1 and responded: HTTP/1.1 200 OK
Nov 25, 2020 10:41:45 PM okhttp3.mockwebserver.MockWebServer$4 processOneRequest
INFO: MockWebServer[52922] received request: GET /uri/query=foo@bar HTTP/1.1 and responded: HTTP/1.1 200 OK
Nov 25, 2020 10:41:45 PM okhttp3.mockwebserver.MockWebServer$4 processOneRequest
INFO: MockWebServer[52922] received request: GET /uri/query=T%C5%8Dky%C5%8D HTTP/1.1 and responded: HTTP/1.1 200 OK
Nov 25, 2020 10:41:45 PM okhttp3.mockwebserver.MockWebServer$3 acceptConnections
INFO: MockWebServer[52922] done accepting connections: Socket closed
Nov 25, 2020 10:41:45 PM okhttp3.mockwebserver.MockWebServer$3 execute
INFO: MockWebServer[52924] starting to accept connections
Nov 25, 2020 10:41:45 PM okhttp3.mockwebserver.MockWebServer$4 processOneRequest
INFO: MockWebServer[52924] received request: POST /form HTTP/1.1 and responded: HTTP/1.1 200 OK
Nov 25, 2020 10:41:45 PM okhttp3.mockwebserver.MockWebServer$3 acceptConnections
INFO: MockWebServer[52924] done accepting connections: Socket closed
Nov 25, 2020 10:41:45 PM okhttp3.mockwebserver.MockWebServer$3 execute
INFO: MockWebServer[52926] starting to accept connections
Nov 25, 2020 10:41:45 PM okhttp3.mockwebserver.MockWebServer$4 processOneRequest
INFO: MockWebServer[52926] received request: GET /get HTTP/1.1 and responded: HTTP/1.1 200 OK
Nov 25, 2020 10:41:45 PM okhttp3.mockwebserver.MockWebServer$3 acceptConnections
INFO: MockWebServer[52926] done accepting connections: Socket closed
Nov 25, 2020 10:41:45 PM okhttp3.mockwebserver.MockWebServer$3 execute
INFO: MockWebServer[52928] starting to accept connections
Nov 25, 2020 10:41:45 PM okhttp3.mockwebserver.MockWebServer$4 processOneRequest
INFO: MockWebServer[52928] received request: GET /get/nothing HTTP/1.1 and responded: HTTP/1.1 200 OK
Nov 25, 2020 10:41:45 PM okhttp3.mockwebserver.MockWebServer$3 acceptConnections
INFO: MockWebServer[52928] done accepting connections: Socket closed
Nov 25, 2020 10:41:45 PM okhttp3.mockwebserver.MockWebServer$3 execute
INFO: MockWebServer[52930] starting to accept connections
Nov 25, 2020 10:41:45 PM okhttp3.mockwebserver.MockWebServer$3 acceptConnections
INFO: MockWebServer[52930] done accepting connections: Socket closed
Nov 25, 2020 10:41:45 PM okhttp3.mockwebserver.MockWebServer$3 execute
INFO: MockWebServer[52931] starting to accept connections
Nov 25, 2020 10:41:45 PM okhttp3.mockwebserver.MockWebServer$4 processOneRequest
INFO: MockWebServer[52931] received request: GET /get HTTP/1.1 and responded: HTTP/1.1 200 OK
Nov 25, 2020 10:41:45 PM okhttp3.mockwebserver.MockWebServer$3 acceptConnections
INFO: MockWebServer[52931] done accepting connections: Socket closed
Nov 25, 2020 10:41:45 PM okhttp3.mockwebserver.MockWebServer$3 execute
INFO: MockWebServer[52933] starting to accept connections
Nov 25, 2020 10:41:45 PM okhttp3.mockwebserver.MockWebServer$4 processOneRequest
INFO: MockWebServer[52933] received request: OPTIONS /get HTTP/1.1 and responded: HTTP/1.1 200 OK
Nov 25, 2020 10:41:45 PM okhttp3.mockwebserver.MockWebServer$3 acceptConnections
INFO: MockWebServer[52933] done accepting connections: Socket closed
Nov 25, 2020 10:41:45 PM okhttp3.mockwebserver.MockWebServer$3 execute
INFO: MockWebServer[52935] starting to accept connections
Nov 25, 2020 10:41:45 PM okhttp3.mockwebserver.MockWebServer$4 processOneRequest
INFO: MockWebServer[52935] received request: POST /post HTTP/1.1 and responded: HTTP/1.1 201 OK
Nov 25, 2020 10:41:45 PM okhttp3.mockwebserver.MockWebServer$3 acceptConnections
INFO: MockWebServer[52935] done accepting connections: Socket closed
Nov 25, 2020 10:41:45 PM okhttp3.mockwebserver.MockWebServer$3 execute
INFO: MockWebServer[52937] starting to accept connections
Nov 25, 2020 10:41:45 PM okhttp3.mockwebserver.MockWebServer$4 processOneRequest
INFO: MockWebServer[52937] received request: GET /status/nocontent HTTP/1.1 and responded: HTTP/1.1 204 OK
Nov 25, 2020 10:41:45 PM okhttp3.mockwebserver.MockWebServer$4 processOneRequest
INFO: MockWebServer[52937] received request: GET /status/nocontent HTTP/1.1 and responded: HTTP/1.1 204 OK
Nov 25, 2020 10:41:45 PM okhttp3.mockwebserver.MockWebServer$3 acceptConnections
INFO: MockWebServer[52937] done accepting connections: Socket closed
Nov 25, 2020 10:41:46 PM okhttp3.mockwebserver.MockWebServer$3 execute
INFO: MockWebServer[52939] starting to accept connections
Nov 25, 2020 10:41:46 PM okhttp3.mockwebserver.MockWebServer$4 processOneRequest
INFO: MockWebServer[52939] received request: GET /status/notfound HTTP/1.1 and responded: HTTP/1.1 404 Client Error
Nov 25, 2020 10:41:46 PM okhttp3.mockwebserver.MockWebServer$3 acceptConnections
INFO: MockWebServer[52939] done accepting connections: Socket closed
Nov 25, 2020 10:41:46 PM okhttp3.mockwebserver.MockWebServer$3 execute
INFO: MockWebServer[52941] starting to accept connections
Nov 25, 2020 10:41:46 PM okhttp3.mockwebserver.MockWebServer$4 processOneRequest
INFO: MockWebServer[52941] received request: POST /jsonpost HTTP/1.1 and responded: HTTP/1.1 201 OK
Nov 25, 2020 10:41:46 PM okhttp3.mockwebserver.MockWebServer$3 acceptConnections
INFO: MockWebServer[52941] done accepting connections: Socket closed
Nov 25, 2020 10:41:46 PM okhttp3.mockwebserver.MockWebServer$3 execute
INFO: MockWebServer[52943] starting to accept connections
Nov 25, 2020 10:41:46 PM okhttp3.mockwebserver.MockWebServer$4 processOneRequest
INFO: MockWebServer[52943] received request: GET /get HTTP/1.1 and responded: HTTP/1.1 200 OK
Nov 25, 2020 10:41:46 PM okhttp3.mockwebserver.MockWebServer$3 acceptConnections
INFO: MockWebServer[52943] done accepting connections: Socket closed
Nov 25, 2020 10:41:46 PM okhttp3.mockwebserver.MockWebServer$3 execute
INFO: MockWebServer[52945] starting to accept connections
Nov 25, 2020 10:41:46 PM okhttp3.mockwebserver.MockWebServer$4 processOneRequest
INFO: MockWebServer[52945] received request: POST /jsonpost HTTP/1.1 and responded: HTTP/1.1 201 OK
Nov 25, 2020 10:41:46 PM okhttp3.mockwebserver.MockWebServer$3 acceptConnections
INFO: MockWebServer[52945] done accepting connections: Socket closed
Nov 25, 2020 10:41:46 PM okhttp3.mockwebserver.MockWebServer$3 execute
INFO: MockWebServer[52947] starting to accept connections
Nov 25, 2020 10:41:46 PM okhttp3.mockwebserver.MockWebServer$4 processOneRequest
INFO: MockWebServer[52947] received request: GET /get HTTP/1.1 and responded: HTTP/1.1 200 OK
Nov 25, 2020 10:41:46 PM okhttp3.mockwebserver.MockWebServer$3 acceptConnections
INFO: MockWebServer[52947] done accepting connections: Socket closed
Nov 25, 2020 10:41:46 PM okhttp3.mockwebserver.MockWebServer$3 execute
INFO: MockWebServer[52949] starting to accept connections
Nov 25, 2020 10:41:46 PM okhttp3.mockwebserver.MockWebServer$4 processOneRequest
INFO: MockWebServer[52949] received request: POST /multipart HTTP/1.1 and responded: HTTP/1.1 200 OK
Nov 25, 2020 10:41:46 PM okhttp3.mockwebserver.MockWebServer$3 acceptConnections
INFO: MockWebServer[52949] done accepting connections: Socket closed
Nov 25, 2020 10:41:46 PM okhttp3.mockwebserver.MockWebServer$3 execute
INFO: MockWebServer[52951] starting to accept connections
Nov 25, 2020 10:41:46 PM okhttp3.mockwebserver.MockWebServer$4 processOneRequest
INFO: MockWebServer[52951] received request: GET /get/nocontenttype HTTP/1.1 and responded: HTTP/1.1 200 OK
Nov 25, 2020 10:41:46 PM okhttp3.mockwebserver.MockWebServer$3 acceptConnections
INFO: MockWebServer[52951] done accepting connections: Socket closed
Nov 25, 2020 10:41:46 PM okhttp3.mockwebserver.MockWebServer$3 execute
INFO: MockWebServer[52953] starting to accept connections
Nov 25, 2020 10:41:46 PM okhttp3.mockwebserver.MockWebServer$4 processOneRequest
INFO: MockWebServer[52953] received request: POST /jsonpost HTTP/1.1 and responded: HTTP/1.1 201 OK
Nov 25, 2020 10:41:46 PM okhttp3.mockwebserver.MockWebServer$3 acceptConnections
INFO: MockWebServer[52953] done accepting connections: Socket closed
Nov 25, 2020 10:41:46 PM okhttp3.mockwebserver.MockWebServer$3 execute
INFO: MockWebServer[52955] starting to accept connections
Nov 25, 2020 10:41:46 PM okhttp3.mockwebserver.MockWebServer$4 processOneRequest
INFO: MockWebServer[52955] received request: GET /status/notmodified HTTP/1.1 and responded: HTTP/1.1 304 Redirection
Nov 25, 2020 10:41:46 PM okhttp3.mockwebserver.MockWebServer$4 processOneRequest
INFO: MockWebServer[52955] received request: GET /status/notmodified HTTP/1.1 and responded: HTTP/1.1 304 Redirection
Nov 25, 2020 10:41:46 PM okhttp3.mockwebserver.MockWebServer$3 acceptConnections
INFO: MockWebServer[52955] done accepting connections: Socket closed
Nov 25, 2020 10:41:46 PM okhttp3.mockwebserver.MockWebServer$3 execute
INFO: MockWebServer[52957] starting to accept connections
Nov 25, 2020 10:41:46 PM okhttp3.mockwebserver.MockWebServer$4 processOneRequest
INFO: MockWebServer[52957] received request: GET /status/server HTTP/1.1 and responded: HTTP/1.1 500 Server Error
Nov 25, 2020 10:41:46 PM okhttp3.mockwebserver.MockWebServer$3 acceptConnections
INFO: MockWebServer[52957] done accepting connections: Socket closed
Nov 25, 2020 10:41:46 PM okhttp3.mockwebserver.MockWebServer$3 execute
INFO: MockWebServer[52959] starting to accept connections
Nov 25, 2020 10:41:46 PM okhttp3.mockwebserver.MockWebServer$4 processOneRequest
INFO: MockWebServer[52959] received request: POST /jsonpost HTTP/1.1 and responded: HTTP/1.1 201 OK
Nov 25, 2020 10:41:46 PM okhttp3.mockwebserver.MockWebServer$3 acceptConnections
INFO: MockWebServer[52959] done accepting connections: Socket closed
Nov 25, 2020 10:41:46 PM okhttp3.mockwebserver.MockWebServer$3 execute
INFO: MockWebServer[52961] starting to accept connections
Nov 25, 2020 10:41:46 PM okhttp3.mockwebserver.MockWebServer$4 processOneRequest
INFO: MockWebServer[52961] received request: POST /post HTTP/1.1 and responded: HTTP/1.1 201 OK
Nov 25, 2020 10:41:46 PM okhttp3.mockwebserver.MockWebServer$3 acceptConnections
INFO: MockWebServer[52961] done accepting connections: Socket closed
Nov 25, 2020 10:41:46 PM okhttp3.mockwebserver.MockWebServer$3 execute
INFO: MockWebServer[52963] starting to accept connections
Nov 25, 2020 10:41:46 PM okhttp3.mockwebserver.MockWebServer$4 processOneRequest
INFO: MockWebServer[52963] received request: GET /status/badrequest HTTP/1.1 and responded: HTTP/1.1 400 Client Error
Nov 25, 2020 10:41:46 PM okhttp3.mockwebserver.MockWebServer$3 acceptConnections
INFO: MockWebServer[52963] done accepting connections: Socket closed
Nov 25, 2020 10:41:46 PM okhttp3.mockwebserver.MockWebServer$3 execute
INFO: MockWebServer[52965] starting to accept connections
Nov 25, 2020 10:41:46 PM okhttp3.mockwebserver.MockWebServer$4 processOneRequest
INFO: MockWebServer[52965] received request: POST /post HTTP/1.1 and responded: HTTP/1.1 201 OK
Nov 25, 2020 10:41:46 PM okhttp3.mockwebserver.MockWebServer$3 acceptConnections
INFO: MockWebServer[52965] done accepting connections: Socket closed
Nov 25, 2020 10:41:46 PM okhttp3.mockwebserver.MockWebServer$3 execute
INFO: MockWebServer[52967] starting to accept connections
Nov 25, 2020 10:41:46 PM okhttp3.mockwebserver.MockWebServer$4 processOneRequest
INFO: MockWebServer[52967] received request: POST /post HTTP/1.1 and responded: HTTP/1.1 201 OK
Nov 25, 2020 10:41:46 PM okhttp3.mockwebserver.MockWebServer$3 acceptConnections
INFO: MockWebServer[52967] done accepting connections: Socket closed
Nov 25, 2020 10:41:46 PM okhttp3.mockwebserver.MockWebServer$3 execute
INFO: MockWebServer[52969] starting to accept connections
Nov 25, 2020 10:41:46 PM okhttp3.mockwebserver.MockWebServer$4 processOneRequest
INFO: MockWebServer[52969] received request: GET /uri/Z%C3%BCrich HTTP/1.1 and responded: HTTP/1.1 200 OK
Nov 25, 2020 10:41:46 PM okhttp3.mockwebserver.MockWebServer$4 processOneRequest
INFO: MockWebServer[52969] received request: GET /uri/query=foo@bar HTTP/1.1 and responded: HTTP/1.1 200 OK
Nov 25, 2020 10:41:46 PM okhttp3.mockwebserver.MockWebServer$4 processOneRequest
INFO: MockWebServer[52969] received request: GET /uri/query=T%C5%8Dky%C5%8D HTTP/1.1 and responded: HTTP/1.1 200 OK
Nov 25, 2020 10:41:46 PM okhttp3.mockwebserver.MockWebServer$3 acceptConnections
INFO: MockWebServer[52969] done accepting connections: Socket closed
Nov 25, 2020 10:41:46 PM okhttp3.mockwebserver.MockWebServer$3 execute
INFO: MockWebServer[52971] starting to accept connections
Nov 25, 2020 10:41:46 PM okhttp3.mockwebserver.MockWebServer$4 processOneRequest
INFO: MockWebServer[52971] received request: POST /form HTTP/1.1 and responded: HTTP/1.1 200 OK
Nov 25, 2020 10:41:46 PM okhttp3.mockwebserver.MockWebServer$3 acceptConnections
INFO: MockWebServer[52971] done accepting connections: Socket closed
Nov 25, 2020 10:41:46 PM okhttp3.mockwebserver.MockWebServer$3 execute
INFO: MockWebServer[52973] starting to accept connections
Nov 25, 2020 10:41:46 PM okhttp3.mockwebserver.MockWebServer$4 processOneRequest
INFO: MockWebServer[52973] received request: GET /get HTTP/1.1 and responded: HTTP/1.1 200 OK
Nov 25, 2020 10:41:46 PM okhttp3.mockwebserver.MockWebServer$3 acceptConnections
INFO: MockWebServer[52973] done accepting connections: Socket closed
Nov 25, 2020 10:41:46 PM okhttp3.mockwebserver.MockWebServer$3 execute
INFO: MockWebServer[52975] starting to accept connections
Nov 25, 2020 10:41:46 PM okhttp3.mockwebserver.MockWebServer$4 processOneRequest
INFO: MockWebServer[52975] received request: GET /get/nothing HTTP/1.1 and responded: HTTP/1.1 200 OK
Nov 25, 2020 10:41:46 PM okhttp3.mockwebserver.MockWebServer$3 acceptConnections
INFO: MockWebServer[52975] done accepting connections: Socket closed
Nov 25, 2020 10:41:46 PM okhttp3.mockwebserver.MockWebServer$3 execute
INFO: MockWebServer[52977] starting to accept connections
Nov 25, 2020 10:41:46 PM okhttp3.mockwebserver.MockWebServer$4 processOneRequest
INFO: MockWebServer[52977] received request: PATCH /patch HTTP/1.1 and responded: HTTP/1.1 201 OK
Nov 25, 2020 10:41:46 PM okhttp3.mockwebserver.MockWebServer$3 acceptConnections
INFO: MockWebServer[52977] done accepting connections: Socket closed
Nov 25, 2020 10:41:46 PM okhttp3.mockwebserver.MockWebServer$3 execute
INFO: MockWebServer[52979] starting to accept connections
Nov 25, 2020 10:41:46 PM okhttp3.mockwebserver.MockWebServer$4 processOneRequest
INFO: MockWebServer[52979] received request: GET /get HTTP/1.1 and responded: HTTP/1.1 200 OK
Nov 25, 2020 10:41:46 PM okhttp3.mockwebserver.MockWebServer$3 acceptConnections
INFO: MockWebServer[52979] done accepting connections: Socket closed
Nov 25, 2020 10:41:46 PM okhttp3.mockwebserver.MockWebServer$3 execute
INFO: MockWebServer[52981] starting to accept connections
Nov 25, 2020 10:41:46 PM okhttp3.mockwebserver.MockWebServer$4 processOneRequest
INFO: MockWebServer[52981] received request: OPTIONS /get HTTP/1.1 and responded: HTTP/1.1 200 OK
Nov 25, 2020 10:41:46 PM okhttp3.mockwebserver.MockWebServer$3 acceptConnections
INFO: MockWebServer[52981] done accepting connections: Socket closed
Nov 25, 2020 10:41:46 PM okhttp3.mockwebserver.MockWebServer$3 execute
INFO: MockWebServer[52983] starting to accept connections
Nov 25, 2020 10:41:46 PM okhttp3.mockwebserver.MockWebServer$4 processOneRequest
INFO: MockWebServer[52983] received request: POST /post HTTP/1.1 and responded: HTTP/1.1 201 OK
Nov 25, 2020 10:41:46 PM okhttp3.mockwebserver.MockWebServer$3 acceptConnections
INFO: MockWebServer[52983] done accepting connections: Socket closed
Nov 25, 2020 10:41:46 PM okhttp3.mockwebserver.MockWebServer$3 execute
INFO: MockWebServer[52985] starting to accept connections
Nov 25, 2020 10:41:46 PM okhttp3.mockwebserver.MockWebServer$4 processOneRequest
INFO: MockWebServer[52985] received request: GET /status/nocontent HTTP/1.1 and responded: HTTP/1.1 204 OK
Nov 25, 2020 10:41:46 PM okhttp3.mockwebserver.MockWebServer$4 processOneRequest
INFO: MockWebServer[52985] received request: GET /status/nocontent HTTP/1.1 and responded: HTTP/1.1 204 OK
Nov 25, 2020 10:41:46 PM okhttp3.mockwebserver.MockWebServer$3 acceptConnections
INFO: MockWebServer[52985] done accepting connections: Socket closed
Nov 25, 2020 10:41:46 PM okhttp3.mockwebserver.MockWebServer$3 execute
INFO: MockWebServer[52987] starting to accept connections
Nov 25, 2020 10:41:46 PM okhttp3.mockwebserver.MockWebServer$4 processOneRequest
INFO: MockWebServer[52987] received request: GET /status/notfound HTTP/1.1 and responded: HTTP/1.1 404 Client Error
Nov 25, 2020 10:41:46 PM okhttp3.mockwebserver.MockWebServer$3 acceptConnections
INFO: MockWebServer[52987] done accepting connections: Socket closed
Nov 25, 2020 10:41:46 PM okhttp3.mockwebserver.MockWebServer$3 execute
INFO: MockWebServer[52989] starting to accept connections
Nov 25, 2020 10:41:46 PM okhttp3.mockwebserver.MockWebServer$4 processOneRequest
INFO: MockWebServer[52989] received request: POST /jsonpost HTTP/1.1 and responded: HTTP/1.1 201 OK
Nov 25, 2020 10:41:46 PM okhttp3.mockwebserver.MockWebServer$3 acceptConnections
INFO: MockWebServer[52989] done accepting connections: Socket closed
Nov 25, 2020 10:41:46 PM okhttp3.mockwebserver.MockWebServer$3 execute
INFO: MockWebServer[52991] starting to accept connections
Nov 25, 2020 10:41:46 PM okhttp3.mockwebserver.MockWebServer$4 processOneRequest
INFO: MockWebServer[52991] received request: GET /get HTTP/1.1 and responded: HTTP/1.1 200 OK
Nov 25, 2020 10:41:46 PM okhttp3.mockwebserver.MockWebServer$3 acceptConnections
INFO: MockWebServer[52991] done accepting connections: Socket closed
Nov 25, 2020 10:41:46 PM okhttp3.mockwebserver.MockWebServer$3 execute
INFO: MockWebServer[52996] starting to accept connections
Nov 25, 2020 10:41:46 PM okhttp3.mockwebserver.MockWebServer$4 processOneRequest
INFO: MockWebServer[52996] received request: POST /jsonpost HTTP/1.1 and responded: HTTP/1.1 201 OK
Nov 25, 2020 10:41:46 PM okhttp3.mockwebserver.MockWebServer$3 acceptConnections
INFO: MockWebServer[52996] done accepting connections: Socket closed
Nov 25, 2020 10:41:46 PM okhttp3.mockwebserver.MockWebServer$3 execute
INFO: MockWebServer[52998] starting to accept connections
Nov 25, 2020 10:41:46 PM okhttp3.mockwebserver.MockWebServer$4 processOneRequest
INFO: MockWebServer[52998] received request: GET /get HTTP/1.1 and responded: HTTP/1.1 200 OK
Nov 25, 2020 10:41:46 PM okhttp3.mockwebserver.MockWebServer$3 acceptConnections
INFO: MockWebServer[52998] done accepting connections: Socket closed
Nov 25, 2020 10:41:46 PM okhttp3.mockwebserver.MockWebServer$3 execute
INFO: MockWebServer[53000] starting to accept connections
Nov 25, 2020 10:41:46 PM okhttp3.mockwebserver.MockWebServer$4 processOneRequest
INFO: MockWebServer[53000] received request: POST /multipart HTTP/1.1 and responded: HTTP/1.1 200 OK
Nov 25, 2020 10:41:46 PM okhttp3.mockwebserver.MockWebServer$3 acceptConnections
INFO: MockWebServer[53000] done accepting connections: Socket closed
Nov 25, 2020 10:41:46 PM okhttp3.mockwebserver.MockWebServer$3 execute
INFO: MockWebServer[53002] starting to accept connections
Nov 25, 2020 10:41:46 PM okhttp3.mockwebserver.MockWebServer$4 processOneRequest
INFO: MockWebServer[53002] received request: GET /get/nocontenttype HTTP/1.1 and responded: HTTP/1.1 200 OK
Nov 25, 2020 10:41:46 PM okhttp3.mockwebserver.MockWebServer$3 acceptConnections
INFO: MockWebServer[53002] done accepting connections: Socket closed
Nov 25, 2020 10:41:46 PM okhttp3.mockwebserver.MockWebServer$3 execute
INFO: MockWebServer[53004] starting to accept connections
Nov 25, 2020 10:41:46 PM okhttp3.mockwebserver.MockWebServer$4 processOneRequest
INFO: MockWebServer[53004] received request: POST /jsonpost HTTP/1.1 and responded: HTTP/1.1 201 OK
Nov 25, 2020 10:41:46 PM okhttp3.mockwebserver.MockWebServer$3 acceptConnections
INFO: MockWebServer[53004] done accepting connections: Socket closed
Nov 25, 2020 10:41:46 PM okhttp3.mockwebserver.MockWebServer$3 execute
INFO: MockWebServer[53006] starting to accept connections
Nov 25, 2020 10:41:46 PM okhttp3.mockwebserver.MockWebServer$4 processOneRequest
INFO: MockWebServer[53006] received request: GET /status/notmodified HTTP/1.1 and responded: HTTP/1.1 304 Redirection
Nov 25, 2020 10:41:46 PM okhttp3.mockwebserver.MockWebServer$4 processOneRequest
INFO: MockWebServer[53006] received request: GET /status/notmodified HTTP/1.1 and responded: HTTP/1.1 304 Redirection
Nov 25, 2020 10:41:46 PM okhttp3.mockwebserver.MockWebServer$3 acceptConnections
INFO: MockWebServer[53006] done accepting connections: Socket closed
Nov 25, 2020 10:41:46 PM okhttp3.mockwebserver.MockWebServer$3 execute
INFO: MockWebServer[53009] starting to accept connections
Nov 25, 2020 10:41:46 PM okhttp3.mockwebserver.MockWebServer$4 processOneRequest
INFO: MockWebServer[53009] received request: GET /status/server HTTP/1.1 and responded: HTTP/1.1 500 Server Error
Nov 25, 2020 10:41:46 PM okhttp3.mockwebserver.MockWebServer$3 acceptConnections
INFO: MockWebServer[53009] done accepting connections: Socket closed
Nov 25, 2020 10:41:46 PM okhttp3.mockwebserver.MockWebServer$3 execute
INFO: MockWebServer[53011] starting to accept connections
Nov 25, 2020 10:41:46 PM okhttp3.mockwebserver.MockWebServer$4 processOneRequest
INFO: MockWebServer[53011] received request: POST /jsonpost HTTP/1.1 and responded: HTTP/1.1 201 OK
Nov 25, 2020 10:41:46 PM okhttp3.mockwebserver.MockWebServer$3 acceptConnections
INFO: MockWebServer[53011] done accepting connections: Socket closed
Nov 25, 2020 10:41:46 PM okhttp3.mockwebserver.MockWebServer$3 execute
INFO: MockWebServer[53013] starting to accept connections
Nov 25, 2020 10:41:46 PM okhttp3.mockwebserver.MockWebServer$4 processOneRequest
INFO: MockWebServer[53013] received request: POST /post HTTP/1.1 and responded: HTTP/1.1 201 OK
Nov 25, 2020 10:41:46 PM okhttp3.mockwebserver.MockWebServer$3 acceptConnections
INFO: MockWebServer[53013] done accepting connections: Socket closed
Nov 25, 2020 10:41:46 PM okhttp3.mockwebserver.MockWebServer$3 execute
INFO: MockWebServer[53015] starting to accept connections
Nov 25, 2020 10:41:46 PM okhttp3.mockwebserver.MockWebServer$4 processOneRequest
INFO: MockWebServer[53015] received request: GET /status/badrequest HTTP/1.1 and responded: HTTP/1.1 400 Client Error
Nov 25, 2020 10:41:46 PM okhttp3.mockwebserver.MockWebServer$3 acceptConnections
INFO: MockWebServer[53015] done accepting connections: Socket closed
Nov 25, 2020 10:41:46 PM okhttp3.mockwebserver.MockWebServer$3 execute
INFO: MockWebServer[53017] starting to accept connections
Nov 25, 2020 10:41:46 PM okhttp3.mockwebserver.MockWebServer$4 processOneRequest
INFO: MockWebServer[53017] received request: POST /post HTTP/1.1 and responded: HTTP/1.1 201 OK
Nov 25, 2020 10:41:46 PM okhttp3.mockwebserver.MockWebServer$3 acceptConnections
INFO: MockWebServer[53017] done accepting connections: Socket closed
Nov 25, 2020 10:41:46 PM okhttp3.mockwebserver.MockWebServer$3 execute
INFO: MockWebServer[53019] starting to accept connections
Nov 25, 2020 10:41:46 PM okhttp3.mockwebserver.MockWebServer$4 processOneRequest
INFO: MockWebServer[53019] received request: POST /post HTTP/1.1 and responded: HTTP/1.1 201 OK
Nov 25, 2020 10:41:46 PM okhttp3.mockwebserver.MockWebServer$3 acceptConnections
INFO: MockWebServer[53019] done accepting connections: Socket closed
Nov 25, 2020 10:41:46 PM okhttp3.mockwebserver.MockWebServer$3 execute
INFO: MockWebServer[53021] starting to accept connections
Nov 25, 2020 10:41:46 PM okhttp3.mockwebserver.MockWebServer$4 processOneRequest
INFO: MockWebServer[53021] received request: GET /uri/Z%C3%BCrich HTTP/1.1 and responded: HTTP/1.1 200 OK
Nov 25, 2020 10:41:46 PM okhttp3.mockwebserver.MockWebServer$4 processOneRequest
INFO: MockWebServer[53021] received request: GET /uri/query=foo@bar HTTP/1.1 and responded: HTTP/1.1 200 OK
Nov 25, 2020 10:41:46 PM okhttp3.mockwebserver.MockWebServer$4 processOneRequest
INFO: MockWebServer[53021] received request: GET /uri/query=T%C5%8Dky%C5%8D HTTP/1.1 and responded: HTTP/1.1 200 OK
Nov 25, 2020 10:41:46 PM okhttp3.mockwebserver.MockWebServer$3 acceptConnections
INFO: MockWebServer[53021] done accepting connections: Socket closed
Nov 25, 2020 10:41:46 PM okhttp3.mockwebserver.MockWebServer$3 execute
INFO: MockWebServer[53025] starting to accept connections
Nov 25, 2020 10:41:46 PM okhttp3.mockwebserver.MockWebServer$4 processOneRequest
INFO: MockWebServer[53025] received request: POST /form HTTP/1.1 and responded: HTTP/1.1 200 OK
Nov 25, 2020 10:41:46 PM okhttp3.mockwebserver.MockWebServer$3 acceptConnections
INFO: MockWebServer[53025] done accepting connections: Socket closed
Nov 25, 2020 10:41:46 PM okhttp3.mockwebserver.MockWebServer$3 execute
INFO: MockWebServer[53027] starting to accept connections
Nov 25, 2020 10:41:46 PM okhttp3.mockwebserver.MockWebServer$4 processOneRequest
INFO: MockWebServer[53027] received request: GET /get HTTP/1.1 and responded: HTTP/1.1 200 OK
Nov 25, 2020 10:41:46 PM okhttp3.mockwebserver.MockWebServer$3 acceptConnections
INFO: MockWebServer[53027] done accepting connections: Socket closed
Nov 25, 2020 10:41:46 PM okhttp3.mockwebserver.MockWebServer$3 execute
INFO: MockWebServer[53029] starting to accept connections
Nov 25, 2020 10:41:46 PM okhttp3.mockwebserver.MockWebServer$4 processOneRequest
INFO: MockWebServer[53029] received request: GET /get/nothing HTTP/1.1 and responded: HTTP/1.1 200 OK
Nov 25, 2020 10:41:46 PM okhttp3.mockwebserver.MockWebServer$3 acceptConnections
INFO: MockWebServer[53029] done accepting connections: Socket closed
Nov 25, 2020 10:41:46 PM okhttp3.mockwebserver.MockWebServer$3 execute
INFO: MockWebServer[53031] starting to accept connections
Nov 25, 2020 10:41:46 PM okhttp3.mockwebserver.MockWebServer$4 processOneRequest
INFO: MockWebServer[53031] received request: PATCH /patch HTTP/1.1 and responded: HTTP/1.1 201 OK
Nov 25, 2020 10:41:46 PM okhttp3.mockwebserver.MockWebServer$3 acceptConnections
INFO: MockWebServer[53031] done accepting connections: Socket closed
Nov 25, 2020 10:41:46 PM okhttp3.mockwebserver.MockWebServer$3 execute
INFO: MockWebServer[53033] starting to accept connections
Nov 25, 2020 10:41:46 PM okhttp3.mockwebserver.MockWebServer$4 processOneRequest
INFO: MockWebServer[53033] received request: GET /get HTTP/1.1 and responded: HTTP/1.1 200 OK
Nov 25, 2020 10:41:46 PM okhttp3.mockwebserver.MockWebServer$3 acceptConnections
INFO: MockWebServer[53033] done accepting connections: Socket closed
Nov 25, 2020 10:41:46 PM okhttp3.mockwebserver.MockWebServer$3 execute
INFO: MockWebServer[53035] starting to accept connections
Nov 25, 2020 10:41:46 PM okhttp3.mockwebserver.MockWebServer$4 processOneRequest
INFO: MockWebServer[53035] received request: OPTIONS /get HTTP/1.1 and responded: HTTP/1.1 200 OK
Nov 25, 2020 10:41:46 PM okhttp3.mockwebserver.MockWebServer$3 acceptConnections
INFO: MockWebServer[53035] done accepting connections: Socket closed
Nov 25, 2020 10:41:46 PM okhttp3.mockwebserver.MockWebServer$3 execute
INFO: MockWebServer[53037] starting to accept connections
Nov 25, 2020 10:41:46 PM okhttp3.mockwebserver.MockWebServer$4 processOneRequest
INFO: MockWebServer[53037] received request: POST /post HTTP/1.1 and responded: HTTP/1.1 201 OK
Nov 25, 2020 10:41:46 PM okhttp3.mockwebserver.MockWebServer$3 acceptConnections
INFO: MockWebServer[53037] done accepting connections: Socket closed
Nov 25, 2020 10:41:46 PM okhttp3.mockwebserver.MockWebServer$3 execute
INFO: MockWebServer[53039] starting to accept connections
Nov 25, 2020 10:41:46 PM okhttp3.mockwebserver.MockWebServer$4 processOneRequest
INFO: MockWebServer[53039] received request: GET /status/nocontent HTTP/1.1 and responded: HTTP/1.1 204 OK
Nov 25, 2020 10:41:46 PM okhttp3.mockwebserver.MockWebServer$4 processOneRequest
INFO: MockWebServer[53039] received request: GET /status/nocontent HTTP/1.1 and responded: HTTP/1.1 204 OK
Nov 25, 2020 10:41:46 PM okhttp3.mockwebserver.MockWebServer$3 acceptConnections
INFO: MockWebServer[53039] done accepting connections: Socket closed
Nov 25, 2020 10:41:46 PM okhttp3.mockwebserver.MockWebServer$3 execute
INFO: MockWebServer[53042] starting to accept connections
Nov 25, 2020 10:41:46 PM okhttp3.mockwebserver.MockWebServer$4 processOneRequest
INFO: MockWebServer[53042] received request: GET /status/notfound HTTP/1.1 and responded: HTTP/1.1 404 Client Error
Nov 25, 2020 10:41:46 PM okhttp3.mockwebserver.MockWebServer$3 acceptConnections
INFO: MockWebServer[53042] done accepting connections: Socket closed
Nov 25, 2020 10:41:46 PM okhttp3.mockwebserver.MockWebServer$3 execute
INFO: MockWebServer[53044] starting to accept connections
Nov 25, 2020 10:41:46 PM okhttp3.mockwebserver.MockWebServer$4 processOneRequest
INFO: MockWebServer[53044] received request: POST /jsonpost HTTP/1.1 and responded: HTTP/1.1 201 OK
Nov 25, 2020 10:41:46 PM okhttp3.mockwebserver.MockWebServer$3 acceptConnections
INFO: MockWebServer[53044] done accepting connections: Socket closed
Nov 25, 2020 10:41:46 PM okhttp3.mockwebserver.MockWebServer$3 execute
INFO: MockWebServer[53047] starting to accept connections
Nov 25, 2020 10:41:46 PM okhttp3.mockwebserver.MockWebServer$4 processOneRequest
INFO: MockWebServer[53047] received request: GET /get HTTP/1.1 and responded: HTTP/1.1 200 OK
Nov 25, 2020 10:41:46 PM okhttp3.mockwebserver.MockWebServer$3 acceptConnections
INFO: MockWebServer[53047] done accepting connections: Socket closed
Nov 25, 2020 10:41:46 PM okhttp3.mockwebserver.MockWebServer$3 execute
INFO: MockWebServer[53049] starting to accept connections
Nov 25, 2020 10:41:46 PM okhttp3.mockwebserver.MockWebServer$4 processOneRequest
INFO: MockWebServer[53049] received request: POST /jsonpost HTTP/1.1 and responded: HTTP/1.1 201 OK
Nov 25, 2020 10:41:46 PM okhttp3.mockwebserver.MockWebServer$3 acceptConnections
INFO: MockWebServer[53049] done accepting connections: Socket closed
Nov 25, 2020 10:41:46 PM okhttp3.mockwebserver.MockWebServer$3 execute
INFO: MockWebServer[53051] starting to accept connections
Nov 25, 2020 10:41:46 PM okhttp3.mockwebserver.MockWebServer$4 processOneRequest
INFO: MockWebServer[53051] received request: GET /get HTTP/1.1 and responded: HTTP/1.1 200 OK
Nov 25, 2020 10:41:46 PM okhttp3.mockwebserver.MockWebServer$3 acceptConnections
INFO: MockWebServer[53051] done accepting connections: Socket closed
Nov 25, 2020 10:41:46 PM okhttp3.mockwebserver.MockWebServer$3 execute
INFO: MockWebServer[53053] starting to accept connections
Nov 25, 2020 10:41:46 PM okhttp3.mockwebserver.MockWebServer$4 processOneRequest
INFO: MockWebServer[53053] received request: POST /multipart HTTP/1.1 and responded: HTTP/1.1 200 OK
Nov 25, 2020 10:41:46 PM okhttp3.mockwebserver.MockWebServer$3 acceptConnections
INFO: MockWebServer[53053] done accepting connections: Socket closed
Nov 25, 2020 10:41:46 PM okhttp3.mockwebserver.MockWebServer$3 execute
INFO: MockWebServer[53055] starting to accept connections
Nov 25, 2020 10:41:46 PM okhttp3.mockwebserver.MockWebServer$4 processOneRequest
INFO: MockWebServer[53055] received request: GET /get/nocontenttype HTTP/1.1 and responded: HTTP/1.1 200 OK
Nov 25, 2020 10:41:46 PM okhttp3.mockwebserver.MockWebServer$3 acceptConnections
INFO: MockWebServer[53055] done accepting connections: Socket closed
Nov 25, 2020 10:41:46 PM okhttp3.mockwebserver.MockWebServer$3 execute
INFO: MockWebServer[53057] starting to accept connections
Nov 25, 2020 10:41:46 PM okhttp3.mockwebserver.MockWebServer$4 processOneRequest
INFO: MockWebServer[53057] received request: POST /jsonpost HTTP/1.1 and responded: HTTP/1.1 201 OK
Nov 25, 2020 10:41:46 PM okhttp3.mockwebserver.MockWebServer$3 acceptConnections
INFO: MockWebServer[53057] done accepting connections: Socket closed
Nov 25, 2020 10:41:46 PM okhttp3.mockwebserver.MockWebServer$3 execute
INFO: MockWebServer[53059] starting to accept connections
Nov 25, 2020 10:41:46 PM okhttp3.mockwebserver.MockWebServer$4 processOneRequest
INFO: MockWebServer[53059] received request: GET /status/notmodified HTTP/1.1 and responded: HTTP/1.1 304 Redirection
Nov 25, 2020 10:41:46 PM okhttp3.mockwebserver.MockWebServer$4 processOneRequest
INFO: MockWebServer[53059] received request: GET /status/notmodified HTTP/1.1 and responded: HTTP/1.1 304 Redirection
Nov 25, 2020 10:41:46 PM okhttp3.mockwebserver.MockWebServer$3 acceptConnections
INFO: MockWebServer[53059] done accepting connections: Socket closed
Nov 25, 2020 10:41:46 PM okhttp3.mockwebserver.MockWebServer$3 execute
INFO: MockWebServer[53061] starting to accept connections
Nov 25, 2020 10:41:46 PM okhttp3.mockwebserver.MockWebServer$4 processOneRequest
INFO: MockWebServer[53061] received request: GET /status/server HTTP/1.1 and responded: HTTP/1.1 500 Server Error
Nov 25, 2020 10:41:46 PM okhttp3.mockwebserver.MockWebServer$3 acceptConnections
INFO: MockWebServer[53061] done accepting connections: Socket closed
Nov 25, 2020 10:41:46 PM okhttp3.mockwebserver.MockWebServer$3 execute
INFO: MockWebServer[53063] starting to accept connections
Nov 25, 2020 10:41:46 PM okhttp3.mockwebserver.MockWebServer$4 processOneRequest
INFO: MockWebServer[53063] received request: POST /jsonpost HTTP/1.1 and responded: HTTP/1.1 201 OK
Nov 25, 2020 10:41:46 PM okhttp3.mockwebserver.MockWebServer$3 acceptConnections
INFO: MockWebServer[53063] done accepting connections: Socket closed
Nov 25, 2020 10:41:46 PM okhttp3.mockwebserver.MockWebServer$3 execute
INFO: MockWebServer[53065] starting to accept connections
Nov 25, 2020 10:41:46 PM okhttp3.mockwebserver.MockWebServer$4 processOneRequest
INFO: MockWebServer[53065] received request: POST /post HTTP/1.1 and responded: HTTP/1.1 201 OK
Nov 25, 2020 10:41:46 PM okhttp3.mockwebserver.MockWebServer$3 acceptConnections
INFO: MockWebServer[53065] done accepting connections: Socket closed
Nov 25, 2020 10:41:46 PM okhttp3.mockwebserver.MockWebServer$3 execute
INFO: MockWebServer[53067] starting to accept connections
Nov 25, 2020 10:41:46 PM okhttp3.mockwebserver.MockWebServer$4 processOneRequest
INFO: MockWebServer[53067] received request: GET /status/badrequest HTTP/1.1 and responded: HTTP/1.1 400 Client Error
Nov 25, 2020 10:41:46 PM okhttp3.mockwebserver.MockWebServer$3 acceptConnections
INFO: MockWebServer[53067] done accepting connections: Socket closed
Nov 25, 2020 10:41:46 PM okhttp3.mockwebserver.MockWebServer$3 execute
INFO: MockWebServer[53069] starting to accept connections
Nov 25, 2020 10:41:46 PM okhttp3.mockwebserver.MockWebServer$4 processOneRequest
INFO: MockWebServer[53069] received request: POST /post HTTP/1.1 and responded: HTTP/1.1 201 OK
Nov 25, 2020 10:41:46 PM okhttp3.mockwebserver.MockWebServer$3 acceptConnections
INFO: MockWebServer[53069] done accepting connections: Socket closed
Nov 25, 2020 10:41:46 PM okhttp3.mockwebserver.MockWebServer$3 execute
INFO: MockWebServer[53071] starting to accept connections
Nov 25, 2020 10:41:46 PM okhttp3.mockwebserver.MockWebServer$4 processOneRequest
INFO: MockWebServer[53071] received request: POST /post HTTP/1.1 and responded: HTTP/1.1 201 OK
Nov 25, 2020 10:41:46 PM okhttp3.mockwebserver.MockWebServer$3 acceptConnections
INFO: MockWebServer[53071] done accepting connections: Socket closed
Nov 25, 2020 10:41:46 PM okhttp3.mockwebserver.MockWebServer$3 execute
INFO: MockWebServer[53073] starting to accept connections
Nov 25, 2020 10:41:46 PM okhttp3.mockwebserver.MockWebServer$4 processOneRequest
INFO: MockWebServer[53073] received request: GET /uri/Z%C3%BCrich HTTP/1.1 and responded: HTTP/1.1 200 OK
Nov 25, 2020 10:41:46 PM okhttp3.mockwebserver.MockWebServer$4 processOneRequest
INFO: MockWebServer[53073] received request: GET /uri/query=foo@bar HTTP/1.1 and responded: HTTP/1.1 200 OK
Nov 25, 2020 10:41:46 PM okhttp3.mockwebserver.MockWebServer$4 processOneRequest
INFO: MockWebServer[53073] received request: GET /uri/query=T%C5%8Dky%C5%8D HTTP/1.1 and responded: HTTP/1.1 200 OK
Nov 25, 2020 10:41:46 PM okhttp3.mockwebserver.MockWebServer$3 acceptConnections
INFO: MockWebServer[53073] done accepting connections: Socket closed
Nov 25, 2020 10:41:46 PM okhttp3.mockwebserver.MockWebServer$3 execute
INFO: MockWebServer[53075] starting to accept connections
Nov 25, 2020 10:41:46 PM okhttp3.mockwebserver.MockWebServer$4 processOneRequest
INFO: MockWebServer[53075] received request: POST /form HTTP/1.1 and responded: HTTP/1.1 200 OK
Nov 25, 2020 10:41:46 PM okhttp3.mockwebserver.MockWebServer$3 acceptConnections
INFO: MockWebServer[53075] done accepting connections: Socket closed
Nov 25, 2020 10:41:46 PM okhttp3.mockwebserver.MockWebServer$3 execute
INFO: MockWebServer[53077] starting to accept connections
Nov 25, 2020 10:41:46 PM okhttp3.mockwebserver.MockWebServer$4 processOneRequest
INFO: MockWebServer[53077] received request: GET /get HTTP/1.1 and responded: HTTP/1.1 200 OK
Nov 25, 2020 10:41:46 PM okhttp3.mockwebserver.MockWebServer$3 acceptConnections
INFO: MockWebServer[53077] done accepting connections: Socket closed
Nov 25, 2020 10:41:46 PM okhttp3.mockwebserver.MockWebServer$3 execute
INFO: MockWebServer[53079] starting to accept connections
Nov 25, 2020 10:41:46 PM okhttp3.mockwebserver.MockWebServer$4 processOneRequest
INFO: MockWebServer[53079] received request: GET /get/nothing HTTP/1.1 and responded: HTTP/1.1 200 OK
Nov 25, 2020 10:41:46 PM okhttp3.mockwebserver.MockWebServer$3 acceptConnections
INFO: MockWebServer[53079] done accepting connections: Socket closed
Nov 25, 2020 10:41:46 PM okhttp3.mockwebserver.MockWebServer$3 execute
INFO: MockWebServer[53081] starting to accept connections
Nov 25, 2020 10:41:46 PM okhttp3.mockwebserver.MockWebServer$4 processOneRequest
INFO: MockWebServer[53081] received request: PATCH /patch HTTP/1.1 and responded: HTTP/1.1 201 OK
Nov 25, 2020 10:41:46 PM okhttp3.mockwebserver.MockWebServer$3 acceptConnections
INFO: MockWebServer[53081] done accepting connections: Socket closed
Nov 25, 2020 10:41:46 PM okhttp3.mockwebserver.MockWebServer$3 execute
INFO: MockWebServer[53083] starting to accept connections
Nov 25, 2020 10:41:46 PM okhttp3.mockwebserver.MockWebServer$4 processOneRequest
INFO: MockWebServer[53083] received request: GET /get HTTP/1.1 and responded: HTTP/1.1 200 OK
Nov 25, 2020 10:41:46 PM okhttp3.mockwebserver.MockWebServer$3 acceptConnections
INFO: MockWebServer[53083] done accepting connections: Socket closed
Nov 25, 2020 10:41:46 PM okhttp3.mockwebserver.MockWebServer$3 execute
INFO: MockWebServer[53085] starting to accept connections
Nov 25, 2020 10:41:46 PM okhttp3.mockwebserver.MockWebServer$4 processOneRequest
INFO: MockWebServer[53085] received request: OPTIONS /get HTTP/1.1 and responded: HTTP/1.1 200 OK
Nov 25, 2020 10:41:46 PM okhttp3.mockwebserver.MockWebServer$3 acceptConnections
INFO: MockWebServer[53085] done accepting connections: Socket closed
Nov 25, 2020 10:41:46 PM okhttp3.mockwebserver.MockWebServer$3 execute
INFO: MockWebServer[53087] starting to accept connections
Nov 25, 2020 10:41:46 PM okhttp3.mockwebserver.MockWebServer$4 processOneRequest
INFO: MockWebServer[53087] received request: POST /post HTTP/1.1 and responded: HTTP/1.1 201 OK
Nov 25, 2020 10:41:46 PM okhttp3.mockwebserver.MockWebServer$3 acceptConnections
INFO: MockWebServer[53087] done accepting connections: Socket closed
Nov 25, 2020 10:41:46 PM okhttp3.mockwebserver.MockWebServer$3 execute
INFO: MockWebServer[53089] starting to accept connections
Nov 25, 2020 10:41:46 PM okhttp3.mockwebserver.MockWebServer$4 processOneRequest
INFO: MockWebServer[53089] received request: GET /status/nocontent HTTP/1.1 and responded: HTTP/1.1 204 OK
Nov 25, 2020 10:41:46 PM okhttp3.mockwebserver.MockWebServer$4 processOneRequest
INFO: MockWebServer[53089] received request: GET /status/nocontent HTTP/1.1 and responded: HTTP/1.1 204 OK
Nov 25, 2020 10:41:46 PM okhttp3.mockwebserver.MockWebServer$3 acceptConnections
INFO: MockWebServer[53089] done accepting connections: Socket closed
Nov 25, 2020 10:41:46 PM okhttp3.mockwebserver.MockWebServer$3 execute
INFO: MockWebServer[53091] starting to accept connections
Nov 25, 2020 10:41:46 PM okhttp3.mockwebserver.MockWebServer$4 processOneRequest
INFO: MockWebServer[53091] received request: GET /status/notfound HTTP/1.1 and responded: HTTP/1.1 404 Client Error
Nov 25, 2020 10:41:46 PM okhttp3.mockwebserver.MockWebServer$3 acceptConnections
INFO: MockWebServer[53091] done accepting connections: Socket closed
Nov 25, 2020 10:41:46 PM okhttp3.mockwebserver.MockWebServer$3 execute
INFO: MockWebServer[53093] starting to accept connections
Nov 25, 2020 10:41:46 PM okhttp3.mockwebserver.MockWebServer$4 processOneRequest
INFO: MockWebServer[53093] received request: POST /jsonpost HTTP/1.1 and responded: HTTP/1.1 201 OK
Nov 25, 2020 10:41:46 PM okhttp3.mockwebserver.MockWebServer$3 acceptConnections
INFO: MockWebServer[53093] done accepting connections: Socket closed
]]></system-err>
</testsuite>
