<?xml version="1.0" encoding="UTF-8"?>
<testsuite name="org.springframework.http.codec.xml.Jaxb2XmlEncoderTests" tests="4" skipped="0" failures="0" errors="0" timestamp="2019-06-21T11:46:25" hostname="Macbook-Air.local" time="0.054">
  <properties/>
  <testcase name="encode" classname="org.springframework.http.codec.xml.Jaxb2XmlEncoderTests" time="0.011"/>
  <testcase name="canEncode" classname="org.springframework.http.codec.xml.Jaxb2XmlEncoderTests" time="0.005"/>
  <testcase name="encodeElementsWithCommonType" classname="org.springframework.http.codec.xml.Jaxb2XmlEncoderTests" time="0.035"/>
  <testcase name="encodeError" classname="org.springframework.http.codec.xml.Jaxb2XmlEncoderTests" time="0.003"/>
  <system-out><![CDATA[]]></system-out>
  <system-err><![CDATA[]]></system-err>
</testsuite>
