<?xml version="1.0" encoding="UTF-8"?>
<testsuite name="org.springframework.http.server.reactive.RandomHandlerIntegrationTests" tests="4" skipped="0" failures="0" errors="0" timestamp="2020-11-25T14:41:51" hostname="lichangbaodeMacBook-Pro.local" time="0.062">
  <properties/>
  <testcase name="random[server [org.springframework.http.server.reactive.bootstrap.JettyHttpServer@8708b82]]" classname="org.springframework.http.server.reactive.RandomHandlerIntegrationTests" time="0.01"/>
  <testcase name="random[server [org.springframework.http.server.reactive.bootstrap.ReactorHttpServer@a56b846]]" classname="org.springframework.http.server.reactive.RandomHandlerIntegrationTests" time="0.005"/>
  <testcase name="random[server [org.springframework.http.server.reactive.bootstrap.TomcatHttpServer@235cf954]]" classname="org.springframework.http.server.reactive.RandomHandlerIntegrationTests" time="0.034"/>
  <testcase name="random[server [org.springframework.http.server.reactive.bootstrap.UndertowHttpServer@4b334e]]" classname="org.springframework.http.server.reactive.RandomHandlerIntegrationTests" time="0.013"/>
  <system-out><![CDATA[22:41:51.020 [Test worker] DEBUG o.s.w.c.RestTemplate - HTTP POST http://localhost:53266
22:41:51.021 [Test worker] DEBUG o.s.w.c.RestTemplate - Accept=[application/octet-stream, application/xml, text/xml, application/json, application/x-jackson-smile, application/cbor, application/*+xml, application/*+json, */*]
22:41:51.021 [Test worker] DEBUG o.s.w.c.RestTemplate - Writing [[B@4b43ecd5] with org.springframework.http.converter.ByteArrayHttpMessageConverter
22:41:51.024 [Test worker] DEBUG o.s.w.c.RestTemplate - Response 200 OK
22:41:51.024 [Test worker] DEBUG o.s.w.c.RestTemplate - Reading to [[B] as "application/octet-stream"
22:41:51.028 [Test worker] DEBUG o.s.w.c.RestTemplate - HTTP POST http://localhost:53268
22:41:51.029 [Test worker] DEBUG o.s.w.c.RestTemplate - Accept=[application/octet-stream, application/xml, text/xml, application/json, application/x-jackson-smile, application/cbor, application/*+xml, application/*+json, */*]
22:41:51.029 [Test worker] DEBUG o.s.w.c.RestTemplate - Writing [[B@527d2070] with org.springframework.http.converter.ByteArrayHttpMessageConverter
22:41:51.030 [Test worker] DEBUG o.s.w.c.RestTemplate - Response 200 OK
22:41:51.031 [Test worker] DEBUG o.s.w.c.RestTemplate - Reading to [[B] as "application/octet-stream"
22:41:51.038 [Test worker] DEBUG o.s.w.c.RestTemplate - HTTP POST http://localhost:53270
22:41:51.038 [Test worker] DEBUG o.s.w.c.RestTemplate - Accept=[application/octet-stream, application/xml, text/xml, application/json, application/x-jackson-smile, application/cbor, application/*+xml, application/*+json, */*]
22:41:51.038 [Test worker] DEBUG o.s.w.c.RestTemplate - Writing [[B@1e09402d] with org.springframework.http.converter.ByteArrayHttpMessageConverter
22:41:51.044 [Test worker] DEBUG o.s.w.c.RestTemplate - Response 200 OK
22:41:51.044 [Test worker] DEBUG o.s.w.c.RestTemplate - Reading to [[B] as "application/octet-stream"
22:41:51.074 [Test worker] DEBUG o.s.w.c.RestTemplate - HTTP POST http://localhost:53273
22:41:51.074 [Test worker] DEBUG o.s.w.c.RestTemplate - Accept=[application/octet-stream, application/xml, text/xml, application/json, application/x-jackson-smile, application/cbor, application/*+xml, application/*+json, */*]
22:41:51.074 [Test worker] DEBUG o.s.w.c.RestTemplate - Writing [[B@52001f72] with org.springframework.http.converter.ByteArrayHttpMessageConverter
22:41:51.076 [Test worker] DEBUG o.s.w.c.RestTemplate - Response 200 OK
22:41:51.076 [Test worker] DEBUG o.s.w.c.RestTemplate - Reading to [[B] as "application/octet-stream"
]]></system-out>
  <system-err><![CDATA[Nov 25, 2020 10:41:51 PM org.apache.catalina.core.StandardService startInternal
INFO: Starting service [Tomcat]
Nov 25, 2020 10:41:51 PM org.apache.catalina.core.StandardEngine startInternal
INFO: Starting Servlet engine: [Apache Tomcat/9.0.21]
Nov 25, 2020 10:41:51 PM org.apache.coyote.AbstractProtocol init
INFO: Initializing ProtocolHandler ["http-nio-auto-14"]
Nov 25, 2020 10:41:51 PM org.apache.coyote.AbstractProtocol start
INFO: Starting ProtocolHandler ["http-nio-auto-14-53270"]
Nov 25, 2020 10:41:51 PM org.apache.coyote.AbstractProtocol pause
INFO: Pausing ProtocolHandler ["http-nio-auto-14-53270"]
Nov 25, 2020 10:41:51 PM org.apache.catalina.core.StandardService stopInternal
INFO: Stopping service [Tomcat]
Nov 25, 2020 10:41:51 PM org.apache.coyote.AbstractProtocol stop
INFO: Stopping ProtocolHandler ["http-nio-auto-14-53270"]
Nov 25, 2020 10:41:51 PM org.apache.coyote.AbstractProtocol destroy
INFO: Destroying ProtocolHandler ["http-nio-auto-14-53270"]
]]></system-err>
</testsuite>
