<?xml version="1.0" encoding="UTF-8"?>
<testsuite name="org.springframework.web.context.request.async.StandardServletAsyncWebRequestTests" tests="12" skipped="0" failures="0" errors="0" timestamp="2020-11-25T14:41:39" hostname="lichangbaodeMacBook-Pro.local" time="0.017">
  <properties/>
  <testcase name="onErrorHandlerAfterOnErrorEvent" classname="org.springframework.web.context.request.async.StandardServletAsyncWebRequestTests" time="0.009"/>
  <testcase name="startAsync" classname="org.springframework.web.context.request.async.StandardServletAsyncWebRequestTests" time="0.001"/>
  <testcase name="onErrorHandler" classname="org.springframework.web.context.request.async.StandardServletAsyncWebRequestTests" time="0.0"/>
  <testcase name="onTimeoutHandler" classname="org.springframework.web.context.request.async.StandardServletAsyncWebRequestTests" time="0.005"/>
  <testcase name="isAsyncStarted" classname="org.springframework.web.context.request.async.StandardServletAsyncWebRequestTests" time="0.0"/>
  <testcase name="onTimeoutDefaultBehavior" classname="org.springframework.web.context.request.async.StandardServletAsyncWebRequestTests" time="0.0"/>
  <testcase name="startAsyncMultipleTimes" classname="org.springframework.web.context.request.async.StandardServletAsyncWebRequestTests" time="0.0"/>
  <testcase name="onCompletionHandlerAfterOnCompleteEvent" classname="org.springframework.web.context.request.async.StandardServletAsyncWebRequestTests" time="0.001"/>
  <testcase name="startAsyncNotSupported" classname="org.springframework.web.context.request.async.StandardServletAsyncWebRequestTests" time="0.0"/>
  <testcase name="setTimeoutDuringConcurrentHandling" classname="org.springframework.web.context.request.async.StandardServletAsyncWebRequestTests" time="0.001"/>
  <testcase name="startAsyncAfterCompleted" classname="org.springframework.web.context.request.async.StandardServletAsyncWebRequestTests" time="0.0"/>
  <testcase name="onCompletionHandler" classname="org.springframework.web.context.request.async.StandardServletAsyncWebRequestTests" time="0.0"/>
  <system-out><![CDATA[]]></system-out>
  <system-err><![CDATA[]]></system-err>
</testsuite>
