<?xml version="1.0" encoding="UTF-8"?>
<testsuite name="org.springframework.http.server.reactive.ListenerWriteProcessorTests" tests="3" skipped="0" failures="0" errors="0" timestamp="2019-06-21T11:46:27" hostname="Macbook-Air.local" time="0.024">
  <properties/>
  <testcase name="onNextWithoutDemand" classname="org.springframework.http.server.reactive.ListenerWriteProcessorTests" time="0.023"/>
  <testcase name="writePublisherError" classname="org.springframework.http.server.reactive.ListenerWriteProcessorTests" time="0.001"/>
  <testcase name="ioExceptionDuringWrite" classname="org.springframework.http.server.reactive.ListenerWriteProcessorTests" time="0.0"/>
  <system-out><![CDATA[]]></system-out>
  <system-err><![CDATA[]]></system-err>
</testsuite>
