<?xml version="1.0" encoding="UTF-8"?>
<testsuite name="org.springframework.http.client.HttpComponentsAsyncClientHttpRequestFactoryTests" tests="9" skipped="0" failures="0" errors="0" timestamp="2020-11-25T14:41:51" hostname="lichangbaodeMacBook-Pro.local" time="0.561">
  <properties/>
  <testcase name="defaultSettingsOfHttpAsyncClientLostOnExecutorCustomization" classname="org.springframework.http.client.HttpComponentsAsyncClientHttpRequestFactoryTests" time="0.003"/>
  <testcase name="customHttpAsyncClientUsesItsDefault" classname="org.springframework.http.client.HttpComponentsAsyncClientHttpRequestFactoryTests" time="0.003"/>
  <testcase name="httpMethods" classname="org.springframework.http.client.HttpComponentsAsyncClientHttpRequestFactoryTests" time="0.017"/>
  <testcase name="cancel" classname="org.springframework.http.client.HttpComponentsAsyncClientHttpRequestFactoryTests" time="0.509"/>
  <testcase name="headersAfterExecute" classname="org.springframework.http.client.HttpComponentsAsyncClientHttpRequestFactoryTests" time="0.007"/>
  <testcase name="status" classname="org.springframework.http.client.HttpComponentsAsyncClientHttpRequestFactoryTests" time="0.006"/>
  <testcase name="echo" classname="org.springframework.http.client.HttpComponentsAsyncClientHttpRequestFactoryTests" time="0.005"/>
  <testcase name="statusCallback" classname="org.springframework.http.client.HttpComponentsAsyncClientHttpRequestFactoryTests" time="0.006"/>
  <testcase name="multipleWrites" classname="org.springframework.http.client.HttpComponentsAsyncClientHttpRequestFactoryTests" time="0.005"/>
  <system-out><![CDATA[]]></system-out>
  <system-err><![CDATA[Nov 25, 2020 10:41:51 PM okhttp3.mockwebserver.MockWebServer$3 execute
INFO: MockWebServer[53325] starting to accept connections
Nov 25, 2020 10:41:51 PM okhttp3.mockwebserver.MockWebServer$3 acceptConnections
INFO: MockWebServer[53325] done accepting connections: Socket closed
Nov 25, 2020 10:41:51 PM okhttp3.mockwebserver.MockWebServer$3 execute
INFO: MockWebServer[53326] starting to accept connections
Nov 25, 2020 10:41:51 PM okhttp3.mockwebserver.MockWebServer$3 acceptConnections
INFO: MockWebServer[53326] done accepting connections: Socket closed
Nov 25, 2020 10:41:51 PM okhttp3.mockwebserver.MockWebServer$3 execute
INFO: MockWebServer[53327] starting to accept connections
Nov 25, 2020 10:41:51 PM okhttp3.mockwebserver.MockWebServer$4 processOneRequest
INFO: MockWebServer[53327] received request: GET /methods/get HTTP/1.1 and responded: HTTP/1.1 200 OK
Nov 25, 2020 10:41:51 PM okhttp3.mockwebserver.MockWebServer$4 processOneRequest
INFO: MockWebServer[53327] received request: HEAD /methods/head HTTP/1.1 and responded: HTTP/1.1 200 OK
Nov 25, 2020 10:41:51 PM okhttp3.mockwebserver.MockWebServer$4 processOneRequest
INFO: MockWebServer[53327] received request: POST /methods/post HTTP/1.1 and responded: HTTP/1.1 200 OK
Nov 25, 2020 10:41:51 PM okhttp3.mockwebserver.MockWebServer$4 processOneRequest
INFO: MockWebServer[53327] received request: PUT /methods/put HTTP/1.1 and responded: HTTP/1.1 200 OK
Nov 25, 2020 10:41:51 PM okhttp3.mockwebserver.MockWebServer$4 processOneRequest
INFO: MockWebServer[53327] received request: OPTIONS /methods/options HTTP/1.1 and responded: HTTP/1.1 200 OK
Nov 25, 2020 10:41:51 PM okhttp3.mockwebserver.MockWebServer$4 processOneRequest
INFO: MockWebServer[53327] received request: DELETE /methods/delete HTTP/1.1 and responded: HTTP/1.1 200 OK
Nov 25, 2020 10:41:51 PM okhttp3.mockwebserver.MockWebServer$4 processOneRequest
INFO: MockWebServer[53327] received request: PATCH /methods/patch HTTP/1.1 and responded: HTTP/1.1 200 OK
Nov 25, 2020 10:41:51 PM okhttp3.mockwebserver.MockWebServer$3 acceptConnections
INFO: MockWebServer[53327] done accepting connections: Socket closed
Nov 25, 2020 10:41:51 PM okhttp3.mockwebserver.MockWebServer$3 execute
INFO: MockWebServer[53329] starting to accept connections
Nov 25, 2020 10:41:52 PM okhttp3.mockwebserver.MockWebServer$3 acceptConnections
INFO: MockWebServer[53329] done accepting connections: Socket closed
Nov 25, 2020 10:41:52 PM okhttp3.mockwebserver.MockWebServer$3 execute
INFO: MockWebServer[53330] starting to accept connections
Nov 25, 2020 10:41:52 PM okhttp3.mockwebserver.MockWebServer$4 processOneRequest
INFO: MockWebServer[53330] received request: POST /echo HTTP/1.1 and responded: HTTP/1.1 200 OK
Nov 25, 2020 10:41:52 PM okhttp3.mockwebserver.MockWebServer$3 acceptConnections
INFO: MockWebServer[53330] done accepting connections: Socket closed
Nov 25, 2020 10:41:52 PM okhttp3.mockwebserver.MockWebServer$3 execute
INFO: MockWebServer[53332] starting to accept connections
Nov 25, 2020 10:41:52 PM okhttp3.mockwebserver.MockWebServer$4 processOneRequest
INFO: MockWebServer[53332] received request: GET /status/notfound HTTP/1.1 and responded: HTTP/1.1 404 Client Error
Nov 25, 2020 10:41:52 PM okhttp3.mockwebserver.MockWebServer$3 acceptConnections
INFO: MockWebServer[53332] done accepting connections: Socket closed
Nov 25, 2020 10:41:52 PM okhttp3.mockwebserver.MockWebServer$3 execute
INFO: MockWebServer[53334] starting to accept connections
Nov 25, 2020 10:41:52 PM okhttp3.mockwebserver.MockWebServer$4 processOneRequest
INFO: MockWebServer[53334] received request: PUT /echo HTTP/1.1 and responded: HTTP/1.1 200 OK
Nov 25, 2020 10:41:52 PM okhttp3.mockwebserver.MockWebServer$3 acceptConnections
INFO: MockWebServer[53334] done accepting connections: Socket closed
Nov 25, 2020 10:41:52 PM okhttp3.mockwebserver.MockWebServer$3 execute
INFO: MockWebServer[53336] starting to accept connections
Nov 25, 2020 10:41:52 PM okhttp3.mockwebserver.MockWebServer$4 processOneRequest
INFO: MockWebServer[53336] received request: GET /status/notfound HTTP/1.1 and responded: HTTP/1.1 404 Client Error
Nov 25, 2020 10:41:52 PM okhttp3.mockwebserver.MockWebServer$3 acceptConnections
INFO: MockWebServer[53336] done accepting connections: Socket closed
Nov 25, 2020 10:41:52 PM okhttp3.mockwebserver.MockWebServer$3 execute
INFO: MockWebServer[53338] starting to accept connections
Nov 25, 2020 10:41:52 PM okhttp3.mockwebserver.MockWebServer$4 processOneRequest
INFO: MockWebServer[53338] received request: POST /echo HTTP/1.1 and responded: HTTP/1.1 200 OK
Nov 25, 2020 10:41:52 PM okhttp3.mockwebserver.MockWebServer$3 acceptConnections
INFO: MockWebServer[53338] done accepting connections: Socket closed
]]></system-err>
</testsuite>
