<?xml version="1.0" encoding="UTF-8"?>
<testsuite name="org.springframework.web.util.ContentCachingRequestWrapperTests" tests="5" skipped="0" failures="0" errors="0" timestamp="2019-06-21T11:46:03" hostname="Macbook-Air.local" time="0.015">
  <properties/>
  <testcase name="cachedContent" classname="org.springframework.web.util.ContentCachingRequestWrapperTests" time="0.009"/>
  <testcase name="cachedContentWithOverflow" classname="org.springframework.web.util.ContentCachingRequestWrapperTests" time="0.001"/>
  <testcase name="inputStreamFormPostRequest" classname="org.springframework.web.util.ContentCachingRequestWrapperTests" time="0.0"/>
  <testcase name="requestParams" classname="org.springframework.web.util.ContentCachingRequestWrapperTests" time="0.003"/>
  <testcase name="cachedContentWithLimit" classname="org.springframework.web.util.ContentCachingRequestWrapperTests" time="0.001"/>
  <system-out><![CDATA[]]></system-out>
  <system-err><![CDATA[]]></system-err>
</testsuite>
