<?xml version="1.0" encoding="UTF-8"?>
<testsuite name="org.springframework.web.server.session.CookieWebSessionIdResolverTests" tests="2" skipped="0" failures="0" errors="0" timestamp="2019-06-21T11:46:05" hostname="Macbook-Air.local" time="0.007">
  <properties/>
  <testcase name="cookieInitializer" classname="org.springframework.web.server.session.CookieWebSessionIdResolverTests" time="0.006"/>
  <testcase name="setSessionId" classname="org.springframework.web.server.session.CookieWebSessionIdResolverTests" time="0.001"/>
  <system-out><![CDATA[]]></system-out>
  <system-err><![CDATA[]]></system-err>
</testsuite>
