<?xml version="1.0" encoding="UTF-8"?>
<testsuite name="org.springframework.web.client.HttpMessageConverterExtractorTests" tests="12" skipped="0" failures="0" errors="0" timestamp="2020-11-25T14:41:47" hostname="lichangbaodeMacBook-Pro.local" time="0.03">
  <properties/>
  <testcase name="normal" classname="org.springframework.web.client.HttpMessageConverterExtractorTests" time="0.009"/>
  <testcase name="cannotRead" classname="org.springframework.web.client.HttpMessageConverterExtractorTests" time="0.0"/>
  <testcase name="converterThrowsHttpMessageNotReadableException" classname="org.springframework.web.client.HttpMessageConverterExtractorTests" time="0.003"/>
  <testcase name="converterThrowsIOException" classname="org.springframework.web.client.HttpMessageConverterExtractorTests" time="0.001"/>
  <testcase name="nullMessageBody" classname="org.springframework.web.client.HttpMessageConverterExtractorTests" time="0.0"/>
  <testcase name="constructorPreconditions" classname="org.springframework.web.client.HttpMessageConverterExtractorTests" time="0.0"/>
  <testcase name="notModified" classname="org.springframework.web.client.HttpMessageConverterExtractorTests" time="0.0"/>
  <testcase name="emptyMessageBody" classname="org.springframework.web.client.HttpMessageConverterExtractorTests" time="0.001"/>
  <testcase name="noContent" classname="org.springframework.web.client.HttpMessageConverterExtractorTests" time="0.0"/>
  <testcase name="generics" classname="org.springframework.web.client.HttpMessageConverterExtractorTests" time="0.015"/>
  <testcase name="zeroContentLength" classname="org.springframework.web.client.HttpMessageConverterExtractorTests" time="0.0"/>
  <testcase name="informational" classname="org.springframework.web.client.HttpMessageConverterExtractorTests" time="0.001"/>
  <system-out><![CDATA[22:41:47.065 [Test worker] DEBUG o.s.w.c.HttpMessageConverterExtractor - Reading to [java.lang.String] as "text/plain"
22:41:47.069 [Test worker] DEBUG o.s.w.c.HttpMessageConverterExtractor - Reading to [java.lang.String] as "text/plain"
22:41:47.085 [Test worker] DEBUG o.s.w.c.HttpMessageConverterExtractor - Reading to [java.util.List<java.lang.String>]
]]></system-out>
  <system-err><![CDATA[]]></system-err>
</testsuite>
