<?xml version="1.0" encoding="UTF-8"?>
<testsuite name="org.springframework.web.context.request.RequestScopeTests" tests="6" skipped="0" failures="0" errors="0" timestamp="2020-11-25T14:41:38" hostname="lichangbaodeMacBook-Pro.local" time="0.163">
  <properties/>
  <testcase name="destructionAtRequestCompletion" classname="org.springframework.web.context.request.RequestScopeTests" time="0.076"/>
  <testcase name="circleLeadsToException" classname="org.springframework.web.context.request.RequestScopeTests" time="0.02"/>
  <testcase name="requestScopedInnerBeanDestroyedWhileContainedBySingleton" classname="org.springframework.web.context.request.RequestScopeTests" time="0.017"/>
  <testcase name="innerBeanInheritsContainingBeanScopeByDefault" classname="org.springframework.web.context.request.RequestScopeTests" time="0.016"/>
  <testcase name="getFromScope" classname="org.springframework.web.context.request.RequestScopeTests" time="0.024"/>
  <testcase name="getFromFactoryBeanInScope" classname="org.springframework.web.context.request.RequestScopeTests" time="0.01"/>
  <system-out><![CDATA[]]></system-out>
  <system-err><![CDATA[]]></system-err>
</testsuite>
