<?xml version="1.0" encoding="UTF-8"?>
<testsuite name="org.springframework.web.context.support.AnnotationConfigWebApplicationContextTests" tests="4" skipped="0" failures="0" errors="0" timestamp="2020-11-25T14:41:38" hostname="lichangbaodeMacBook-Pro.local" time="0.048">
  <properties/>
  <testcase name="withBeanNameGenerator" classname="org.springframework.web.context.support.AnnotationConfigWebApplicationContextTests" time="0.015"/>
  <testcase name="configLocationWithBasePackage" classname="org.springframework.web.context.support.AnnotationConfigWebApplicationContextTests" time="0.022"/>
  <testcase name="registerSingleClass" classname="org.springframework.web.context.support.AnnotationConfigWebApplicationContextTests" time="0.006"/>
  <testcase name="configLocationWithSingleClass" classname="org.springframework.web.context.support.AnnotationConfigWebApplicationContextTests" time="0.005"/>
  <system-out><![CDATA[22:41:38.684 [Test worker] DEBUG o.s.w.c.s.AnnotationConfigWebApplicationContext - Refreshing Root WebApplicationContext
22:41:38.695 [Test worker] DEBUG o.s.w.c.s.AnnotationConfigWebApplicationContext - Refreshing Root WebApplicationContext
22:41:38.717 [Test worker] DEBUG o.s.w.c.s.AnnotationConfigWebApplicationContext - Refreshing Root WebApplicationContext
22:41:38.719 [Test worker] DEBUG o.s.w.c.s.AnnotationConfigWebApplicationContext - Registering annotated classes: [class org.springframework.web.context.support.AnnotationConfigWebApplicationContextTests$Config]
22:41:38.723 [Test worker] DEBUG o.s.w.c.s.AnnotationConfigWebApplicationContext - Refreshing Root WebApplicationContext
]]></system-out>
  <system-err><![CDATA[]]></system-err>
</testsuite>
