<?xml version="1.0" encoding="UTF-8"?>
<testsuite name="org.springframework.http.client.Netty4AsyncClientHttpRequestFactoryTests" tests="7" skipped="0" failures="0" errors="0" timestamp="2020-11-25T14:41:52" hostname="lichangbaodeMacBook-Pro.local" time="0.046">
  <properties/>
  <testcase name="httpMethods" classname="org.springframework.http.client.Netty4AsyncClientHttpRequestFactoryTests" time="0.027"/>
  <testcase name="cancel" classname="org.springframework.http.client.Netty4AsyncClientHttpRequestFactoryTests" time="0.002"/>
  <testcase name="headersAfterExecute" classname="org.springframework.http.client.Netty4AsyncClientHttpRequestFactoryTests" time="0.003"/>
  <testcase name="status" classname="org.springframework.http.client.Netty4AsyncClientHttpRequestFactoryTests" time="0.004"/>
  <testcase name="echo" classname="org.springframework.http.client.Netty4AsyncClientHttpRequestFactoryTests" time="0.003"/>
  <testcase name="statusCallback" classname="org.springframework.http.client.Netty4AsyncClientHttpRequestFactoryTests" time="0.004"/>
  <testcase name="multipleWrites" classname="org.springframework.http.client.Netty4AsyncClientHttpRequestFactoryTests" time="0.003"/>
  <system-out><![CDATA[]]></system-out>
  <system-err><![CDATA[Nov 25, 2020 10:41:52 PM okhttp3.mockwebserver.MockWebServer$3 execute
INFO: MockWebServer[53340] starting to accept connections
Nov 25, 2020 10:41:52 PM okhttp3.mockwebserver.MockWebServer$4 processOneRequest
INFO: MockWebServer[53340] received request: GET /methods/get HTTP/1.1 and responded: HTTP/1.1 200 OK
Nov 25, 2020 10:41:52 PM okhttp3.mockwebserver.MockWebServer$4 processOneRequest
INFO: MockWebServer[53340] received request: HEAD /methods/head HTTP/1.1 and responded: HTTP/1.1 200 OK
Nov 25, 2020 10:41:52 PM okhttp3.mockwebserver.MockWebServer$4 processOneRequest
INFO: MockWebServer[53340] received request: POST /methods/post HTTP/1.1 and responded: HTTP/1.1 200 OK
Nov 25, 2020 10:41:52 PM okhttp3.mockwebserver.MockWebServer$4 processOneRequest
INFO: MockWebServer[53340] received request: PUT /methods/put HTTP/1.1 and responded: HTTP/1.1 200 OK
Nov 25, 2020 10:41:52 PM okhttp3.mockwebserver.MockWebServer$4 processOneRequest
INFO: MockWebServer[53340] received request: OPTIONS /methods/options HTTP/1.1 and responded: HTTP/1.1 200 OK
Nov 25, 2020 10:41:52 PM okhttp3.mockwebserver.MockWebServer$4 processOneRequest
INFO: MockWebServer[53340] received request: DELETE /methods/delete HTTP/1.1 and responded: HTTP/1.1 200 OK
Nov 25, 2020 10:41:52 PM okhttp3.mockwebserver.MockWebServer$4 processOneRequest
INFO: MockWebServer[53340] received request: PATCH /methods/patch HTTP/1.1 and responded: HTTP/1.1 200 OK
Nov 25, 2020 10:41:52 PM okhttp3.mockwebserver.MockWebServer$3 acceptConnections
INFO: MockWebServer[53340] done accepting connections: Socket closed
Nov 25, 2020 10:41:52 PM okhttp3.mockwebserver.MockWebServer$3 execute
INFO: MockWebServer[53348] starting to accept connections
Nov 25, 2020 10:41:52 PM okhttp3.mockwebserver.MockWebServer$3 acceptConnections
INFO: MockWebServer[53348] done accepting connections: Socket closed
Nov 25, 2020 10:41:52 PM okhttp3.mockwebserver.MockWebServer$3 execute
INFO: MockWebServer[53350] starting to accept connections
Nov 25, 2020 10:41:52 PM okhttp3.mockwebserver.MockWebServer$4 processOneRequest
INFO: MockWebServer[53350] received request: POST /echo HTTP/1.1 and responded: HTTP/1.1 200 OK
Nov 25, 2020 10:41:52 PM okhttp3.mockwebserver.MockWebServer$3 acceptConnections
INFO: MockWebServer[53350] done accepting connections: Socket closed
Nov 25, 2020 10:41:52 PM okhttp3.mockwebserver.MockWebServer$3 execute
INFO: MockWebServer[53352] starting to accept connections
Nov 25, 2020 10:41:52 PM okhttp3.mockwebserver.MockWebServer$4 processOneRequest
INFO: MockWebServer[53352] received request: GET /status/notfound HTTP/1.1 and responded: HTTP/1.1 404 Client Error
Nov 25, 2020 10:41:52 PM okhttp3.mockwebserver.MockWebServer$3 acceptConnections
INFO: MockWebServer[53352] done accepting connections: Socket closed
Nov 25, 2020 10:41:52 PM okhttp3.mockwebserver.MockWebServer$3 execute
INFO: MockWebServer[53354] starting to accept connections
Nov 25, 2020 10:41:52 PM okhttp3.mockwebserver.MockWebServer$4 processOneRequest
INFO: MockWebServer[53354] received request: PUT /echo HTTP/1.1 and responded: HTTP/1.1 200 OK
Nov 25, 2020 10:41:52 PM okhttp3.mockwebserver.MockWebServer$3 acceptConnections
INFO: MockWebServer[53354] done accepting connections: Socket closed
Nov 25, 2020 10:41:52 PM okhttp3.mockwebserver.MockWebServer$3 execute
INFO: MockWebServer[53356] starting to accept connections
Nov 25, 2020 10:41:52 PM okhttp3.mockwebserver.MockWebServer$4 processOneRequest
INFO: MockWebServer[53356] received request: GET /status/notfound HTTP/1.1 and responded: HTTP/1.1 404 Client Error
Nov 25, 2020 10:41:52 PM okhttp3.mockwebserver.MockWebServer$3 acceptConnections
INFO: MockWebServer[53356] done accepting connections: Socket closed
Nov 25, 2020 10:41:52 PM okhttp3.mockwebserver.MockWebServer$3 execute
INFO: MockWebServer[53358] starting to accept connections
Nov 25, 2020 10:41:52 PM okhttp3.mockwebserver.MockWebServer$4 processOneRequest
INFO: MockWebServer[53358] received request: POST /echo HTTP/1.1 and responded: HTTP/1.1 200 OK
Nov 25, 2020 10:41:52 PM okhttp3.mockwebserver.MockWebServer$3 acceptConnections
INFO: MockWebServer[53358] done accepting connections: Socket closed
]]></system-err>
</testsuite>
