<?xml version="1.0" encoding="UTF-8"?>
<testsuite name="org.springframework.http.codec.FormHttpMessageReaderTests" tests="4" skipped="0" failures="0" errors="0" timestamp="2020-11-25T14:41:50" hostname="lichangbaodeMacBook-Pro.local" time="0.002">
  <properties/>
  <testcase name="readFormError" classname="org.springframework.http.codec.FormHttpMessageReaderTests" time="0.0"/>
  <testcase name="readFormAsFlux" classname="org.springframework.http.codec.FormHttpMessageReaderTests" time="0.001"/>
  <testcase name="readFormAsMono" classname="org.springframework.http.codec.FormHttpMessageReaderTests" time="0.001"/>
  <testcase name="canRead" classname="org.springframework.http.codec.FormHttpMessageReaderTests" time="0.0"/>
  <system-out><![CDATA[22:41:50.158 [Test worker] DEBUG o.s.w.HttpLogging - Read form fields [name 1, name 2, name 3] (content masked)
22:41:50.159 [Test worker] DEBUG o.s.w.HttpLogging - Read form fields [name 1, name 2, name 3] (content masked)
]]></system-out>
  <system-err><![CDATA[]]></system-err>
</testsuite>
