<?xml version="1.0" encoding="UTF-8"?>
<testsuite name="org.springframework.http.codec.cbor.Jackson2CborEncoderTests" tests="4" skipped="0" failures="0" errors="0" timestamp="2019-06-21T11:46:25" hostname="Macbook-Air.local" time="0.022">
  <properties/>
  <testcase name="encode" classname="org.springframework.http.codec.cbor.Jackson2CborEncoderTests" time="0.007"/>
  <testcase name="encodeStream" classname="org.springframework.http.codec.cbor.Jackson2CborEncoderTests" time="0.001"/>
  <testcase name="canEncode" classname="org.springframework.http.codec.cbor.Jackson2CborEncoderTests" time="0.001"/>
  <testcase name="canNotEncode" classname="org.springframework.http.codec.cbor.Jackson2CborEncoderTests" time="0.012"/>
  <system-out><![CDATA[19:46:25.110 [Test worker] DEBUG o.s.w.HttpLogging - Encoding [Pojo[foo='foo', bar='bar']]
]]></system-out>
  <system-err><![CDATA[]]></system-err>
</testsuite>
