<?xml version="1.0" encoding="UTF-8"?>
<testsuite name="org.springframework.http.converter.xml.MarshallingHttpMessageConverterTests" tests="8" skipped="0" failures="0" errors="0" timestamp="2020-11-25T14:41:48" hostname="lichangbaodeMacBook-Pro.local" time="0.011">
  <properties/>
  <testcase name="supports" classname="org.springframework.http.converter.xml.MarshallingHttpMessageConverterTests" time="0.0"/>
  <testcase name="canWrite" classname="org.springframework.http.converter.xml.MarshallingHttpMessageConverterTests" time="0.004"/>
  <testcase name="read" classname="org.springframework.http.converter.xml.MarshallingHttpMessageConverterTests" time="0.003"/>
  <testcase name="writeWithMarshallingFailureException" classname="org.springframework.http.converter.xml.MarshallingHttpMessageConverterTests" time="0.002"/>
  <testcase name="write" classname="org.springframework.http.converter.xml.MarshallingHttpMessageConverterTests" time="0.001"/>
  <testcase name="canRead" classname="org.springframework.http.converter.xml.MarshallingHttpMessageConverterTests" time="0.0"/>
  <testcase name="readWithMarshallingFailureException" classname="org.springframework.http.converter.xml.MarshallingHttpMessageConverterTests" time="0.001"/>
  <testcase name="readWithTypeMismatchException" classname="org.springframework.http.converter.xml.MarshallingHttpMessageConverterTests" time="0.0"/>
  <system-out><![CDATA[]]></system-out>
  <system-err><![CDATA[]]></system-err>
</testsuite>
