<?xml version="1.0" encoding="UTF-8"?>
<testsuite name="org.springframework.http.server.reactive.ErrorHandlerIntegrationTests" tests="12" skipped="0" failures="0" errors="0" timestamp="2020-11-25T14:41:50" hostname="lichangbaodeMacBook-Pro.local" time="0.161">
  <properties/>
  <testcase name="handlingError[server [org.springframework.http.server.reactive.bootstrap.JettyHttpServer@72eabb7e]]" classname="org.springframework.http.server.reactive.ErrorHandlerIntegrationTests" time="0.009"/>
  <testcase name="responseBodyError[server [org.springframework.http.server.reactive.bootstrap.JettyHttpServer@72eabb7e]]" classname="org.springframework.http.server.reactive.ErrorHandlerIntegrationTests" time="0.006"/>
  <testcase name="emptyPathSegments[server [org.springframework.http.server.reactive.bootstrap.JettyHttpServer@72eabb7e]]" classname="org.springframework.http.server.reactive.ErrorHandlerIntegrationTests" time="0.006"/>
  <testcase name="handlingError[server [org.springframework.http.server.reactive.bootstrap.ReactorHttpServer@78b16d0a]]" classname="org.springframework.http.server.reactive.ErrorHandlerIntegrationTests" time="0.006"/>
  <testcase name="responseBodyError[server [org.springframework.http.server.reactive.bootstrap.ReactorHttpServer@78b16d0a]]" classname="org.springframework.http.server.reactive.ErrorHandlerIntegrationTests" time="0.005"/>
  <testcase name="emptyPathSegments[server [org.springframework.http.server.reactive.bootstrap.ReactorHttpServer@78b16d0a]]" classname="org.springframework.http.server.reactive.ErrorHandlerIntegrationTests" time="0.007"/>
  <testcase name="handlingError[server [org.springframework.http.server.reactive.bootstrap.TomcatHttpServer@7541994a]]" classname="org.springframework.http.server.reactive.ErrorHandlerIntegrationTests" time="0.029"/>
  <testcase name="responseBodyError[server [org.springframework.http.server.reactive.bootstrap.TomcatHttpServer@7541994a]]" classname="org.springframework.http.server.reactive.ErrorHandlerIntegrationTests" time="0.032"/>
  <testcase name="emptyPathSegments[server [org.springframework.http.server.reactive.bootstrap.TomcatHttpServer@7541994a]]" classname="org.springframework.http.server.reactive.ErrorHandlerIntegrationTests" time="0.029"/>
  <testcase name="handlingError[server [org.springframework.http.server.reactive.bootstrap.UndertowHttpServer@33b1c695]]" classname="org.springframework.http.server.reactive.ErrorHandlerIntegrationTests" time="0.008"/>
  <testcase name="responseBodyError[server [org.springframework.http.server.reactive.bootstrap.UndertowHttpServer@33b1c695]]" classname="org.springframework.http.server.reactive.ErrorHandlerIntegrationTests" time="0.009"/>
  <testcase name="emptyPathSegments[server [org.springframework.http.server.reactive.bootstrap.UndertowHttpServer@33b1c695]]" classname="org.springframework.http.server.reactive.ErrorHandlerIntegrationTests" time="0.013"/>
  <system-out><![CDATA[22:41:50.775 [Test worker] DEBUG o.s.w.c.RestTemplate - HTTP GET http://localhost:53227/handling-error
22:41:50.775 [Test worker] DEBUG o.s.w.c.RestTemplate - Accept=[text/plain, application/xml, text/xml, application/json, application/x-jackson-smile, application/cbor, application/*+xml, application/*+json, */*]
22:41:50.777 [Test worker] DEBUG o.s.w.c.RestTemplate - Response 500 INTERNAL_SERVER_ERROR
22:41:50.783 [Test worker] DEBUG o.s.w.c.RestTemplate - HTTP GET http://localhost:53229/response-body-error
22:41:50.783 [Test worker] DEBUG o.s.w.c.RestTemplate - Accept=[text/plain, application/xml, text/xml, application/json, application/x-jackson-smile, application/cbor, application/*+xml, application/*+json, */*]
22:41:50.784 [Test worker] DEBUG o.s.w.c.RestTemplate - Response 500 INTERNAL_SERVER_ERROR
22:41:50.789 [Test worker] DEBUG o.s.w.c.RestTemplate - HTTP GET http://localhost:53231//
22:41:50.789 [Test worker] DEBUG o.s.w.c.RestTemplate - Accept=[text/plain, application/xml, text/xml, application/json, application/x-jackson-smile, application/cbor, application/*+xml, application/*+json, */*]
22:41:50.790 [Test worker] DEBUG o.s.w.c.RestTemplate - Response 200 OK
22:41:50.795 [Test worker] DEBUG o.s.w.c.RestTemplate - HTTP GET http://localhost:53233/handling-error
22:41:50.795 [Test worker] DEBUG o.s.w.c.RestTemplate - Accept=[text/plain, application/xml, text/xml, application/json, application/x-jackson-smile, application/cbor, application/*+xml, application/*+json, */*]
22:41:50.796 [reactor-http-kqueue-4] ERROR r.n.h.s.HttpServerOperations - [id: 0x5193dd4f, L:/127.0.0.1:53233 - R:/127.0.0.1:53234] Error starting response. Replying error status
java.lang.UnsupportedOperationException: null
	at org.springframework.http.server.reactive.ErrorHandlerIntegrationTests$ErrorHandler.handle(ErrorHandlerIntegrationTests.java:85) ~[test/:?]
	at org.springframework.http.server.reactive.ReactorHttpHandlerAdapter.apply(ReactorHttpHandlerAdapter.java:65) ~[main/:?]
	at org.springframework.http.server.reactive.ReactorHttpHandlerAdapter.apply(ReactorHttpHandlerAdapter.java:40) ~[main/:?]
	at reactor.netty.http.server.HttpServerHandle.onStateChange(HttpServerHandle.java:63) [reactor-netty-0.9.0.M2.jar:0.9.0.M2]
	at reactor.netty.tcp.TcpServerBind$ChildObserver.onStateChange(TcpServerBind.java:226) [reactor-netty-0.9.0.M2.jar:0.9.0.M2]
	at reactor.netty.http.server.HttpServerOperations.onInboundNext(HttpServerOperations.java:442) [reactor-netty-0.9.0.M2.jar:0.9.0.M2]
	at reactor.netty.channel.ChannelOperationsHandler.channelRead(ChannelOperationsHandler.java:91) [reactor-netty-0.9.0.M2.jar:0.9.0.M2]
	at io.netty.channel.AbstractChannelHandlerContext.invokeChannelRead(AbstractChannelHandlerContext.java:374) [netty-all-4.1.36.Final.jar:4.1.36.Final]
	at io.netty.channel.AbstractChannelHandlerContext.invokeChannelRead(AbstractChannelHandlerContext.java:360) [netty-all-4.1.36.Final.jar:4.1.36.Final]
	at io.netty.channel.AbstractChannelHandlerContext.fireChannelRead(AbstractChannelHandlerContext.java:352) [netty-all-4.1.36.Final.jar:4.1.36.Final]
	at reactor.netty.http.server.HttpTrafficHandler.channelRead(HttpTrafficHandler.java:161) [reactor-netty-0.9.0.M2.jar:0.9.0.M2]
	at io.netty.channel.AbstractChannelHandlerContext.invokeChannelRead(AbstractChannelHandlerContext.java:374) [netty-all-4.1.36.Final.jar:4.1.36.Final]
	at io.netty.channel.AbstractChannelHandlerContext.invokeChannelRead(AbstractChannelHandlerContext.java:360) [netty-all-4.1.36.Final.jar:4.1.36.Final]
	at io.netty.channel.AbstractChannelHandlerContext.fireChannelRead(AbstractChannelHandlerContext.java:352) [netty-all-4.1.36.Final.jar:4.1.36.Final]
	at io.netty.channel.CombinedChannelDuplexHandler$DelegatingChannelHandlerContext.fireChannelRead(CombinedChannelDuplexHandler.java:438) [netty-all-4.1.36.Final.jar:4.1.36.Final]
	at io.netty.handler.codec.ByteToMessageDecoder.fireChannelRead(ByteToMessageDecoder.java:323) [netty-all-4.1.36.Final.jar:4.1.36.Final]
	at io.netty.handler.codec.ByteToMessageDecoder.channelRead(ByteToMessageDecoder.java:297) [netty-all-4.1.36.Final.jar:4.1.36.Final]
	at io.netty.channel.CombinedChannelDuplexHandler.channelRead(CombinedChannelDuplexHandler.java:253) [netty-all-4.1.36.Final.jar:4.1.36.Final]
	at io.netty.channel.AbstractChannelHandlerContext.invokeChannelRead(AbstractChannelHandlerContext.java:374) [netty-all-4.1.36.Final.jar:4.1.36.Final]
	at io.netty.channel.AbstractChannelHandlerContext.invokeChannelRead(AbstractChannelHandlerContext.java:360) [netty-all-4.1.36.Final.jar:4.1.36.Final]
	at io.netty.channel.AbstractChannelHandlerContext.fireChannelRead(AbstractChannelHandlerContext.java:352) [netty-all-4.1.36.Final.jar:4.1.36.Final]
	at io.netty.channel.DefaultChannelPipeline$HeadContext.channelRead(DefaultChannelPipeline.java:1408) [netty-all-4.1.36.Final.jar:4.1.36.Final]
	at io.netty.channel.AbstractChannelHandlerContext.invokeChannelRead(AbstractChannelHandlerContext.java:374) [netty-all-4.1.36.Final.jar:4.1.36.Final]
	at io.netty.channel.AbstractChannelHandlerContext.invokeChannelRead(AbstractChannelHandlerContext.java:360) [netty-all-4.1.36.Final.jar:4.1.36.Final]
	at io.netty.channel.DefaultChannelPipeline.fireChannelRead(DefaultChannelPipeline.java:930) [netty-all-4.1.36.Final.jar:4.1.36.Final]
	at io.netty.channel.kqueue.AbstractKQueueStreamChannel$KQueueStreamUnsafe.readReady(AbstractKQueueStreamChannel.java:544) [netty-all-4.1.36.Final.jar:4.1.36.Final]
	at io.netty.channel.kqueue.AbstractKQueueChannel$AbstractKQueueUnsafe.readReady(AbstractKQueueChannel.java:366) [netty-all-4.1.36.Final.jar:4.1.36.Final]
	at io.netty.channel.kqueue.KQueueEventLoop.processReady(KQueueEventLoop.java:181) [netty-all-4.1.36.Final.jar:4.1.36.Final]
	at io.netty.channel.kqueue.KQueueEventLoop.run(KQueueEventLoop.java:259) [netty-all-4.1.36.Final.jar:4.1.36.Final]
	at io.netty.util.concurrent.SingleThreadEventExecutor$5.run(SingleThreadEventExecutor.java:906) [netty-all-4.1.36.Final.jar:4.1.36.Final]
	at io.netty.util.internal.ThreadExecutorMap$2.run(ThreadExecutorMap.java:74) [netty-all-4.1.36.Final.jar:4.1.36.Final]
	at io.netty.util.concurrent.FastThreadLocalRunnable.run(FastThreadLocalRunnable.java:30) [netty-all-4.1.36.Final.jar:4.1.36.Final]
	at java.lang.Thread.run(Thread.java:748) [?:1.8.0_211]
22:41:50.797 [Test worker] DEBUG o.s.w.c.RestTemplate - Response 500 INTERNAL_SERVER_ERROR
22:41:50.801 [Test worker] DEBUG o.s.w.c.RestTemplate - HTTP GET http://localhost:53235/response-body-error
22:41:50.801 [Test worker] DEBUG o.s.w.c.RestTemplate - Accept=[text/plain, application/xml, text/xml, application/json, application/x-jackson-smile, application/cbor, application/*+xml, application/*+json, */*]
22:41:50.802 [reactor-http-kqueue-6] ERROR r.n.h.s.HttpServerOperations - [id: 0x05e15183, L:/127.0.0.1:53235 - R:/127.0.0.1:53236] Error starting response. Replying error status
java.lang.UnsupportedOperationException: null
	at org.springframework.http.server.reactive.ErrorHandlerIntegrationTests$ErrorHandler.handle(ErrorHandlerIntegrationTests.java:85) ~[test/:?]
	at org.springframework.http.server.reactive.ReactorHttpHandlerAdapter.apply(ReactorHttpHandlerAdapter.java:65) ~[main/:?]
	at org.springframework.http.server.reactive.ReactorHttpHandlerAdapter.apply(ReactorHttpHandlerAdapter.java:40) ~[main/:?]
	at reactor.netty.http.server.HttpServerHandle.onStateChange(HttpServerHandle.java:63) [reactor-netty-0.9.0.M2.jar:0.9.0.M2]
	at reactor.netty.tcp.TcpServerBind$ChildObserver.onStateChange(TcpServerBind.java:226) [reactor-netty-0.9.0.M2.jar:0.9.0.M2]
	at reactor.netty.http.server.HttpServerOperations.onInboundNext(HttpServerOperations.java:442) [reactor-netty-0.9.0.M2.jar:0.9.0.M2]
	at reactor.netty.channel.ChannelOperationsHandler.channelRead(ChannelOperationsHandler.java:91) [reactor-netty-0.9.0.M2.jar:0.9.0.M2]
	at io.netty.channel.AbstractChannelHandlerContext.invokeChannelRead(AbstractChannelHandlerContext.java:374) [netty-all-4.1.36.Final.jar:4.1.36.Final]
	at io.netty.channel.AbstractChannelHandlerContext.invokeChannelRead(AbstractChannelHandlerContext.java:360) [netty-all-4.1.36.Final.jar:4.1.36.Final]
	at io.netty.channel.AbstractChannelHandlerContext.fireChannelRead(AbstractChannelHandlerContext.java:352) [netty-all-4.1.36.Final.jar:4.1.36.Final]
	at reactor.netty.http.server.HttpTrafficHandler.channelRead(HttpTrafficHandler.java:161) [reactor-netty-0.9.0.M2.jar:0.9.0.M2]
	at io.netty.channel.AbstractChannelHandlerContext.invokeChannelRead(AbstractChannelHandlerContext.java:374) [netty-all-4.1.36.Final.jar:4.1.36.Final]
	at io.netty.channel.AbstractChannelHandlerContext.invokeChannelRead(AbstractChannelHandlerContext.java:360) [netty-all-4.1.36.Final.jar:4.1.36.Final]
	at io.netty.channel.AbstractChannelHandlerContext.fireChannelRead(AbstractChannelHandlerContext.java:352) [netty-all-4.1.36.Final.jar:4.1.36.Final]
	at io.netty.channel.CombinedChannelDuplexHandler$DelegatingChannelHandlerContext.fireChannelRead(CombinedChannelDuplexHandler.java:438) [netty-all-4.1.36.Final.jar:4.1.36.Final]
	at io.netty.handler.codec.ByteToMessageDecoder.fireChannelRead(ByteToMessageDecoder.java:323) [netty-all-4.1.36.Final.jar:4.1.36.Final]
	at io.netty.handler.codec.ByteToMessageDecoder.channelRead(ByteToMessageDecoder.java:297) [netty-all-4.1.36.Final.jar:4.1.36.Final]
	at io.netty.channel.CombinedChannelDuplexHandler.channelRead(CombinedChannelDuplexHandler.java:253) [netty-all-4.1.36.Final.jar:4.1.36.Final]
	at io.netty.channel.AbstractChannelHandlerContext.invokeChannelRead(AbstractChannelHandlerContext.java:374) [netty-all-4.1.36.Final.jar:4.1.36.Final]
	at io.netty.channel.AbstractChannelHandlerContext.invokeChannelRead(AbstractChannelHandlerContext.java:360) [netty-all-4.1.36.Final.jar:4.1.36.Final]
	at io.netty.channel.AbstractChannelHandlerContext.fireChannelRead(AbstractChannelHandlerContext.java:352) [netty-all-4.1.36.Final.jar:4.1.36.Final]
	at io.netty.channel.DefaultChannelPipeline$HeadContext.channelRead(DefaultChannelPipeline.java:1408) [netty-all-4.1.36.Final.jar:4.1.36.Final]
	at io.netty.channel.AbstractChannelHandlerContext.invokeChannelRead(AbstractChannelHandlerContext.java:374) [netty-all-4.1.36.Final.jar:4.1.36.Final]
	at io.netty.channel.AbstractChannelHandlerContext.invokeChannelRead(AbstractChannelHandlerContext.java:360) [netty-all-4.1.36.Final.jar:4.1.36.Final]
	at io.netty.channel.DefaultChannelPipeline.fireChannelRead(DefaultChannelPipeline.java:930) [netty-all-4.1.36.Final.jar:4.1.36.Final]
	at io.netty.channel.kqueue.AbstractKQueueStreamChannel$KQueueStreamUnsafe.readReady(AbstractKQueueStreamChannel.java:544) [netty-all-4.1.36.Final.jar:4.1.36.Final]
	at io.netty.channel.kqueue.AbstractKQueueChannel$AbstractKQueueUnsafe.readReady(AbstractKQueueChannel.java:366) [netty-all-4.1.36.Final.jar:4.1.36.Final]
	at io.netty.channel.kqueue.KQueueEventLoop.processReady(KQueueEventLoop.java:181) [netty-all-4.1.36.Final.jar:4.1.36.Final]
	at io.netty.channel.kqueue.KQueueEventLoop.run(KQueueEventLoop.java:259) [netty-all-4.1.36.Final.jar:4.1.36.Final]
	at io.netty.util.concurrent.SingleThreadEventExecutor$5.run(SingleThreadEventExecutor.java:906) [netty-all-4.1.36.Final.jar:4.1.36.Final]
	at io.netty.util.internal.ThreadExecutorMap$2.run(ThreadExecutorMap.java:74) [netty-all-4.1.36.Final.jar:4.1.36.Final]
	at io.netty.util.concurrent.FastThreadLocalRunnable.run(FastThreadLocalRunnable.java:30) [netty-all-4.1.36.Final.jar:4.1.36.Final]
	at java.lang.Thread.run(Thread.java:748) [?:1.8.0_211]
22:41:50.802 [Test worker] DEBUG o.s.w.c.RestTemplate - Response 500 INTERNAL_SERVER_ERROR
22:41:50.808 [Test worker] DEBUG o.s.w.c.RestTemplate - HTTP GET http://localhost:53237//
22:41:50.808 [Test worker] DEBUG o.s.w.c.RestTemplate - Accept=[text/plain, application/xml, text/xml, application/json, application/x-jackson-smile, application/cbor, application/*+xml, application/*+json, */*]
22:41:50.809 [Test worker] DEBUG o.s.w.c.RestTemplate - Response 200 OK
22:41:50.817 [Test worker] DEBUG o.s.w.c.RestTemplate - HTTP GET http://localhost:53239/handling-error
22:41:50.817 [Test worker] DEBUG o.s.w.c.RestTemplate - Accept=[text/plain, application/xml, text/xml, application/json, application/x-jackson-smile, application/cbor, application/*+xml, application/*+json, */*]
22:41:50.824 [Test worker] DEBUG o.s.w.c.RestTemplate - Response 500 INTERNAL_SERVER_ERROR
22:41:50.846 [Test worker] DEBUG o.s.w.c.RestTemplate - HTTP GET http://localhost:53242/response-body-error
22:41:50.846 [Test worker] DEBUG o.s.w.c.RestTemplate - Accept=[text/plain, application/xml, text/xml, application/json, application/x-jackson-smile, application/cbor, application/*+xml, application/*+json, */*]
22:41:50.857 [Test worker] DEBUG o.s.w.c.RestTemplate - Response 500 INTERNAL_SERVER_ERROR
22:41:50.878 [Test worker] DEBUG o.s.w.c.RestTemplate - HTTP GET http://localhost:53245//
22:41:50.878 [Test worker] DEBUG o.s.w.c.RestTemplate - Accept=[text/plain, application/xml, text/xml, application/json, application/x-jackson-smile, application/cbor, application/*+xml, application/*+json, */*]
22:41:50.884 [Test worker] DEBUG o.s.w.c.RestTemplate - Response 200 OK
22:41:50.906 [Test worker] DEBUG o.s.w.c.RestTemplate - HTTP GET http://localhost:53248/handling-error
22:41:50.906 [Test worker] DEBUG o.s.w.c.RestTemplate - Accept=[text/plain, application/xml, text/xml, application/json, application/x-jackson-smile, application/cbor, application/*+xml, application/*+json, */*]
22:41:50.908 [XNIO-10 I/O-2] DEBUG o.s.w.HttpLogging - [55eed8cb] Setting HttpServerExchange status to 500 Server Error
22:41:50.908 [Test worker] DEBUG o.s.w.c.RestTemplate - Response 500 INTERNAL_SERVER_ERROR
22:41:50.915 [Test worker] DEBUG o.s.w.c.RestTemplate - HTTP GET http://localhost:53250/response-body-error
22:41:50.915 [Test worker] DEBUG o.s.w.c.RestTemplate - Accept=[text/plain, application/xml, text/xml, application/json, application/x-jackson-smile, application/cbor, application/*+xml, application/*+json, */*]
22:41:50.917 [XNIO-11 I/O-2] DEBUG o.s.w.HttpLogging - [727d4c78] Setting HttpServerExchange status to 500 Server Error
22:41:50.917 [Test worker] DEBUG o.s.w.c.RestTemplate - Response 500 INTERNAL_SERVER_ERROR
22:41:50.924 [Test worker] DEBUG o.s.w.c.RestTemplate - HTTP GET http://localhost:53252//
22:41:50.924 [Test worker] DEBUG o.s.w.c.RestTemplate - Accept=[text/plain, application/xml, text/xml, application/json, application/x-jackson-smile, application/cbor, application/*+xml, application/*+json, */*]
22:41:50.926 [Test worker] DEBUG o.s.w.c.RestTemplate - Response 200 OK
]]></system-out>
  <system-err><![CDATA[Nov 25, 2020 10:41:50 PM org.apache.catalina.core.StandardService startInternal
INFO: Starting service [Tomcat]
Nov 25, 2020 10:41:50 PM org.apache.catalina.core.StandardEngine startInternal
INFO: Starting Servlet engine: [Apache Tomcat/9.0.21]
Nov 25, 2020 10:41:50 PM org.apache.coyote.AbstractProtocol init
INFO: Initializing ProtocolHandler ["http-nio-auto-10"]
Nov 25, 2020 10:41:50 PM org.apache.coyote.AbstractProtocol start
INFO: Starting ProtocolHandler ["http-nio-auto-10-53239"]
Nov 25, 2020 10:41:50 PM org.apache.coyote.AbstractProtocol pause
INFO: Pausing ProtocolHandler ["http-nio-auto-10-53239"]
Nov 25, 2020 10:41:50 PM org.apache.catalina.core.StandardService stopInternal
INFO: Stopping service [Tomcat]
Nov 25, 2020 10:41:50 PM org.apache.coyote.AbstractProtocol stop
INFO: Stopping ProtocolHandler ["http-nio-auto-10-53239"]
Nov 25, 2020 10:41:50 PM org.apache.coyote.AbstractProtocol destroy
INFO: Destroying ProtocolHandler ["http-nio-auto-10-53239"]
Nov 25, 2020 10:41:50 PM org.apache.catalina.core.StandardService startInternal
INFO: Starting service [Tomcat]
Nov 25, 2020 10:41:50 PM org.apache.catalina.core.StandardEngine startInternal
INFO: Starting Servlet engine: [Apache Tomcat/9.0.21]
Nov 25, 2020 10:41:50 PM org.apache.coyote.AbstractProtocol init
INFO: Initializing ProtocolHandler ["http-nio-auto-11"]
Nov 25, 2020 10:41:50 PM org.apache.coyote.AbstractProtocol start
INFO: Starting ProtocolHandler ["http-nio-auto-11-53242"]
Nov 25, 2020 10:41:50 PM org.apache.coyote.AbstractProtocol pause
INFO: Pausing ProtocolHandler ["http-nio-auto-11-53242"]
Nov 25, 2020 10:41:50 PM org.apache.catalina.core.StandardService stopInternal
INFO: Stopping service [Tomcat]
Nov 25, 2020 10:41:50 PM org.apache.coyote.AbstractProtocol stop
INFO: Stopping ProtocolHandler ["http-nio-auto-11-53242"]
Nov 25, 2020 10:41:50 PM org.apache.coyote.AbstractProtocol destroy
INFO: Destroying ProtocolHandler ["http-nio-auto-11-53242"]
Nov 25, 2020 10:41:50 PM org.apache.catalina.core.StandardService startInternal
INFO: Starting service [Tomcat]
Nov 25, 2020 10:41:50 PM org.apache.catalina.core.StandardEngine startInternal
INFO: Starting Servlet engine: [Apache Tomcat/9.0.21]
Nov 25, 2020 10:41:50 PM org.apache.coyote.AbstractProtocol init
INFO: Initializing ProtocolHandler ["http-nio-auto-12"]
Nov 25, 2020 10:41:50 PM org.apache.coyote.AbstractProtocol start
INFO: Starting ProtocolHandler ["http-nio-auto-12-53245"]
Nov 25, 2020 10:41:50 PM org.apache.coyote.AbstractProtocol pause
INFO: Pausing ProtocolHandler ["http-nio-auto-12-53245"]
Nov 25, 2020 10:41:50 PM org.apache.catalina.core.StandardService stopInternal
INFO: Stopping service [Tomcat]
Nov 25, 2020 10:41:50 PM org.apache.coyote.AbstractProtocol stop
INFO: Stopping ProtocolHandler ["http-nio-auto-12-53245"]
Nov 25, 2020 10:41:50 PM org.apache.coyote.AbstractProtocol destroy
INFO: Destroying ProtocolHandler ["http-nio-auto-12-53245"]
]]></system-err>
</testsuite>
