<?xml version="1.0" encoding="UTF-8"?>
<testsuite name="org.springframework.http.client.OkHttp3ClientHttpRequestFactoryTests" tests="6" skipped="0" failures="0" errors="0" timestamp="2020-11-25T14:41:56" hostname="lichangbaodeMacBook-Pro.local" time="0.024">
  <properties/>
  <testcase name="httpMethods" classname="org.springframework.http.client.OkHttp3ClientHttpRequestFactoryTests" time="0.014"/>
  <testcase name="headersAfterExecute" classname="org.springframework.http.client.OkHttp3ClientHttpRequestFactoryTests" time="0.002"/>
  <testcase name="status" classname="org.springframework.http.client.OkHttp3ClientHttpRequestFactoryTests" time="0.001"/>
  <testcase name="echo" classname="org.springframework.http.client.OkHttp3ClientHttpRequestFactoryTests" time="0.002"/>
  <testcase name="multipleWrites" classname="org.springframework.http.client.OkHttp3ClientHttpRequestFactoryTests" time="0.002"/>
  <testcase name="queryParameters" classname="org.springframework.http.client.OkHttp3ClientHttpRequestFactoryTests" time="0.002"/>
  <system-out><![CDATA[]]></system-out>
  <system-err><![CDATA[Nov 25, 2020 10:41:56 PM okhttp3.mockwebserver.MockWebServer$3 execute
INFO: MockWebServer[53471] starting to accept connections
Nov 25, 2020 10:41:56 PM okhttp3.mockwebserver.MockWebServer$4 processOneRequest
INFO: MockWebServer[53471] received request: GET /methods/get HTTP/1.1 and responded: HTTP/1.1 200 OK
Nov 25, 2020 10:41:56 PM okhttp3.mockwebserver.MockWebServer$4 processOneRequest
INFO: MockWebServer[53471] received request: HEAD /methods/head HTTP/1.1 and responded: HTTP/1.1 200 OK
Nov 25, 2020 10:41:56 PM okhttp3.mockwebserver.MockWebServer$4 processOneRequest
INFO: MockWebServer[53471] received request: POST /methods/post HTTP/1.1 and responded: HTTP/1.1 200 OK
Nov 25, 2020 10:41:56 PM okhttp3.mockwebserver.MockWebServer$4 processOneRequest
INFO: MockWebServer[53471] received request: PUT /methods/put HTTP/1.1 and responded: HTTP/1.1 200 OK
Nov 25, 2020 10:41:56 PM okhttp3.mockwebserver.MockWebServer$4 processOneRequest
INFO: MockWebServer[53471] received request: OPTIONS /methods/options HTTP/1.1 and responded: HTTP/1.1 200 OK
Nov 25, 2020 10:41:56 PM okhttp3.mockwebserver.MockWebServer$4 processOneRequest
INFO: MockWebServer[53471] received request: DELETE /methods/delete HTTP/1.1 and responded: HTTP/1.1 200 OK
Nov 25, 2020 10:41:56 PM okhttp3.mockwebserver.MockWebServer$4 processOneRequest
INFO: MockWebServer[53471] received request: PATCH /methods/patch HTTP/1.1 and responded: HTTP/1.1 200 OK
Nov 25, 2020 10:41:56 PM okhttp3.mockwebserver.MockWebServer$3 acceptConnections
INFO: MockWebServer[53471] done accepting connections: Socket closed
Nov 25, 2020 10:41:56 PM okhttp3.mockwebserver.MockWebServer$3 execute
INFO: MockWebServer[53473] starting to accept connections
Nov 25, 2020 10:41:56 PM okhttp3.mockwebserver.MockWebServer$4 processOneRequest
INFO: MockWebServer[53473] received request: POST /status/ok HTTP/1.1 and responded: HTTP/1.1 200 OK
Nov 25, 2020 10:41:56 PM okhttp3.mockwebserver.MockWebServer$3 acceptConnections
INFO: MockWebServer[53473] done accepting connections: Socket closed
Nov 25, 2020 10:41:56 PM okhttp3.mockwebserver.MockWebServer$3 execute
INFO: MockWebServer[53475] starting to accept connections
Nov 25, 2020 10:41:56 PM okhttp3.mockwebserver.MockWebServer$4 processOneRequest
INFO: MockWebServer[53475] received request: GET /status/notfound HTTP/1.1 and responded: HTTP/1.1 404 Client Error
Nov 25, 2020 10:41:56 PM okhttp3.mockwebserver.MockWebServer$3 acceptConnections
INFO: MockWebServer[53475] done accepting connections: Socket closed
Nov 25, 2020 10:41:56 PM okhttp3.mockwebserver.MockWebServer$3 execute
INFO: MockWebServer[53477] starting to accept connections
Nov 25, 2020 10:41:56 PM okhttp3.mockwebserver.MockWebServer$4 processOneRequest
INFO: MockWebServer[53477] received request: PUT /echo HTTP/1.1 and responded: HTTP/1.1 200 OK
Nov 25, 2020 10:41:56 PM okhttp3.mockwebserver.MockWebServer$3 acceptConnections
INFO: MockWebServer[53477] done accepting connections: Socket closed
Nov 25, 2020 10:41:56 PM okhttp3.mockwebserver.MockWebServer$3 execute
INFO: MockWebServer[53479] starting to accept connections
Nov 25, 2020 10:41:56 PM okhttp3.mockwebserver.MockWebServer$4 processOneRequest
INFO: MockWebServer[53479] received request: POST /echo HTTP/1.1 and responded: HTTP/1.1 200 OK
Nov 25, 2020 10:41:56 PM okhttp3.mockwebserver.MockWebServer$3 acceptConnections
INFO: MockWebServer[53479] done accepting connections: Socket closed
Nov 25, 2020 10:41:56 PM okhttp3.mockwebserver.MockWebServer$3 execute
INFO: MockWebServer[53481] starting to accept connections
Nov 25, 2020 10:41:56 PM okhttp3.mockwebserver.MockWebServer$4 processOneRequest
INFO: MockWebServer[53481] received request: GET /params?param1=value&param2=value1&param2=value2 HTTP/1.1 and responded: HTTP/1.1 200 OK
Nov 25, 2020 10:41:56 PM okhttp3.mockwebserver.MockWebServer$3 acceptConnections
INFO: MockWebServer[53481] done accepting connections: Socket closed
]]></system-err>
</testsuite>
