<?xml version="1.0" encoding="UTF-8"?>
<testsuite name="org.springframework.http.converter.FormHttpMessageConverterTests" tests="7" skipped="0" failures="0" errors="0" timestamp="2020-11-25T14:41:49" hostname="lichangbaodeMacBook-Pro.local" time="0.049">
  <properties/>
  <testcase name="writeForm" classname="org.springframework.http.converter.FormHttpMessageConverterTests" time="0.002"/>
  <testcase name="canWriteMultipartMixedAndMultipartRelated" classname="org.springframework.http.converter.FormHttpMessageConverterTests" time="0.001"/>
  <testcase name="readForm" classname="org.springframework.http.converter.FormHttpMessageConverterTests" time="0.001"/>
  <testcase name="canWrite" classname="org.springframework.http.converter.FormHttpMessageConverterTests" time="0.001"/>
  <testcase name="canRead" classname="org.springframework.http.converter.FormHttpMessageConverterTests" time="0.015"/>
  <testcase name="writeMultipartOrder" classname="org.springframework.http.converter.FormHttpMessageConverterTests" time="0.021"/>
  <testcase name="writeMultipart" classname="org.springframework.http.converter.FormHttpMessageConverterTests" time="0.008"/>
  <system-out><![CDATA[]]></system-out>
  <system-err><![CDATA[]]></system-err>
</testsuite>
