<?xml version="1.0" encoding="UTF-8"?>
<testsuite name="org.springframework.web.context.ContextLoaderInitializerTests" tests="1" skipped="0" failures="0" errors="0" timestamp="2020-11-25T14:41:38" hostname="lichangbaodeMacBook-Pro.local" time="0.026">
  <properties/>
  <testcase name="register" classname="org.springframework.web.context.ContextLoaderInitializerTests" time="0.026"/>
  <system-out><![CDATA[22:41:38.601 [Test worker] INFO  o.s.w.c.ContextLoaderInitializerTests$MyMockServletContext - Initializing Spring root WebApplicationContext
22:41:38.601 [Test worker] INFO  o.s.w.c.ContextLoader - Root WebApplicationContext: initialization started
22:41:38.609 [Test worker] DEBUG o.s.w.c.s.StaticWebApplicationContext - Refreshing Root WebApplicationContext
22:41:38.618 [Test worker] INFO  o.s.w.c.ContextLoader - Root WebApplicationContext initialized in 16 ms
]]></system-out>
  <system-err><![CDATA[]]></system-err>
</testsuite>
