<?xml version="1.0" encoding="UTF-8"?>
<testsuite name="org.springframework.http.codec.support.ClientCodecConfigurerTests" tests="3" skipped="0" failures="0" errors="0" timestamp="2019-06-21T11:46:25" hostname="Macbook-Air.local" time="0.009">
  <properties/>
  <testcase name="defaultReaders" classname="org.springframework.http.codec.support.ClientCodecConfigurerTests" time="0.007"/>
  <testcase name="defaultWriters" classname="org.springframework.http.codec.support.ClientCodecConfigurerTests" time="0.001"/>
  <testcase name="jackson2EncoderOverride" classname="org.springframework.http.codec.support.ClientCodecConfigurerTests" time="0.001"/>
  <system-out><![CDATA[19:46:25.764 [Test worker] DEBUG o.s.w.HttpLogging - Decoded "line1"
19:46:25.764 [Test worker] DEBUG o.s.w.HttpLogging - Decoded "line2"
19:46:25.765 [Test worker] DEBUG o.s.w.HttpLogging - Decoded "line1"
19:46:25.765 [Test worker] DEBUG o.s.w.HttpLogging - Decoded "line2"
]]></system-out>
  <system-err><![CDATA[]]></system-err>
</testsuite>
