<?xml version="1.0" encoding="UTF-8"?>
<testsuite name="org.springframework.web.method.annotation.WebArgumentResolverAdapterTests" tests="8" skipped="0" failures="0" errors="0" timestamp="2020-11-25T14:41:47" hostname="lichangbaodeMacBook-Pro.local" time="0.007">
  <properties/>
  <testcase name="resolveArgumentUnresolved" classname="org.springframework.web.method.annotation.WebArgumentResolverAdapterTests" time="0.005"/>
  <testcase name="resolveArgumentThrowsException" classname="org.springframework.web.method.annotation.WebArgumentResolverAdapterTests" time="0.0"/>
  <testcase name="resolveArgument" classname="org.springframework.web.method.annotation.WebArgumentResolverAdapterTests" time="0.0"/>
  <testcase name="supportsParameterUnresolved" classname="org.springframework.web.method.annotation.WebArgumentResolverAdapterTests" time="0.0"/>
  <testcase name="supportsParameterWrongType" classname="org.springframework.web.method.annotation.WebArgumentResolverAdapterTests" time="0.001"/>
  <testcase name="resolveArgumentWrongType" classname="org.springframework.web.method.annotation.WebArgumentResolverAdapterTests" time="0.0"/>
  <testcase name="supportsParameter" classname="org.springframework.web.method.annotation.WebArgumentResolverAdapterTests" time="0.0"/>
  <testcase name="supportsParameterThrowsException" classname="org.springframework.web.method.annotation.WebArgumentResolverAdapterTests" time="0.0"/>
  <system-out><![CDATA[22:41:47.735 [Test worker] DEBUG o.s.w.m.a.WebArgumentResolverAdapterTests$TestWebArgumentResolverAdapter - Error in checking support for parameter [method 'handle' parameter 0]: null
]]></system-out>
  <system-err><![CDATA[]]></system-err>
</testsuite>
