<?xml version="1.0" encoding="UTF-8"?>
<testsuite name="org.springframework.http.converter.StringHttpMessageConverterTests" tests="6" skipped="0" failures="0" errors="0" timestamp="2020-11-25T14:41:49" hostname="lichangbaodeMacBook-Pro.local" time="0.001">
  <properties/>
  <testcase name="writeUTF8" classname="org.springframework.http.converter.StringHttpMessageConverterTests" time="0.0"/>
  <testcase name="writeOverrideRequestedContentType" classname="org.springframework.http.converter.StringHttpMessageConverterTests" time="0.001"/>
  <testcase name="canWrite" classname="org.springframework.http.converter.StringHttpMessageConverterTests" time="0.0"/>
  <testcase name="read" classname="org.springframework.http.converter.StringHttpMessageConverterTests" time="0.0"/>
  <testcase name="canRead" classname="org.springframework.http.converter.StringHttpMessageConverterTests" time="0.0"/>
  <testcase name="writeDefaultCharset" classname="org.springframework.http.converter.StringHttpMessageConverterTests" time="0.0"/>
  <system-out><![CDATA[]]></system-out>
  <system-err><![CDATA[]]></system-err>
</testsuite>
