<?xml version="1.0" encoding="UTF-8"?>
<testsuite name="org.springframework.http.server.DefaultPathContainerTests" tests="6" skipped="0" failures="0" errors="0" timestamp="2019-06-21T11:46:29" hostname="Macbook-Air.local" time="0.003">
  <properties/>
  <testcase name="subPath" classname="org.springframework.http.server.DefaultPathContainerTests" time="0.0"/>
  <testcase name="pathWithCustomSeparator" classname="org.springframework.http.server.DefaultPathContainerTests" time="0.001"/>
  <testcase name="emptySeparator" classname="org.springframework.http.server.DefaultPathContainerTests" time="0.001"/>
  <testcase name="pathSegment" classname="org.springframework.http.server.DefaultPathContainerTests" time="0.0"/>
  <testcase name="path" classname="org.springframework.http.server.DefaultPathContainerTests" time="0.001"/>
  <testcase name="pathSegmentParams" classname="org.springframework.http.server.DefaultPathContainerTests" time="0.0"/>
  <system-out><![CDATA[]]></system-out>
  <system-err><![CDATA[]]></system-err>
</testsuite>
