<?xml version="1.0" encoding="UTF-8"?>
<testsuite name="org.springframework.web.context.request.RequestScopedProxyTests" tests="6" skipped="0" failures="0" errors="0" timestamp="2019-06-21T11:46:02" hostname="Macbook-Air.local" time="0.468">
  <properties/>
  <testcase name="testGetAnonymousInnerBeanFromScope" classname="org.springframework.web.context.request.RequestScopedProxyTests" time="0.263"/>
  <testcase name="testGetInnerBeanFromScope" classname="org.springframework.web.context.request.RequestScopedProxyTests" time="0.037"/>
  <testcase name="testGetFromFactoryBeanInScope" classname="org.springframework.web.context.request.RequestScopedProxyTests" time="0.041"/>
  <testcase name="testGetFromScopeThroughDynamicProxy" classname="org.springframework.web.context.request.RequestScopedProxyTests" time="0.034"/>
  <testcase name="testGetFromScope" classname="org.springframework.web.context.request.RequestScopedProxyTests" time="0.031"/>
  <testcase name="testDestructionAtRequestCompletion" classname="org.springframework.web.context.request.RequestScopedProxyTests" time="0.062"/>
  <system-out><![CDATA[]]></system-out>
  <system-err><![CDATA[]]></system-err>
</testsuite>
