<?xml version="1.0" encoding="UTF-8"?>
<testsuite name="org.springframework.web.method.ControllerAdviceBeanTests" tests="8" skipped="0" failures="0" errors="0" timestamp="2019-06-21T11:46:20" hostname="Macbook-Air.local" time="0.059">
  <properties/>
  <testcase name="annotationSupport" classname="org.springframework.web.method.ControllerAdviceBeanTests" time="0.025"/>
  <testcase name="shouldMatchAll" classname="org.springframework.web.method.ControllerAdviceBeanTests" time="0.011"/>
  <testcase name="multipleMatch" classname="org.springframework.web.method.ControllerAdviceBeanTests" time="0.004"/>
  <testcase name="basePackageSupport" classname="org.springframework.web.method.ControllerAdviceBeanTests" time="0.003"/>
  <testcase name="assignableTypesSupport" classname="org.springframework.web.method.ControllerAdviceBeanTests" time="0.004"/>
  <testcase name="shouldNotMatch" classname="org.springframework.web.method.ControllerAdviceBeanTests" time="0.004"/>
  <testcase name="markerClassSupport" classname="org.springframework.web.method.ControllerAdviceBeanTests" time="0.003"/>
  <testcase name="basePackageValueSupport" classname="org.springframework.web.method.ControllerAdviceBeanTests" time="0.004"/>
  <system-out><![CDATA[]]></system-out>
  <system-err><![CDATA[]]></system-err>
</testsuite>
