<?xml version="1.0" encoding="UTF-8"?>
<testsuite name="org.springframework.http.server.DefaultPathContainerTests" tests="6" skipped="0" failures="0" errors="0" timestamp="2020-11-25T14:41:51" hostname="lichangbaodeMacBook-Pro.local" time="0.001">
  <properties/>
  <testcase name="subPath" classname="org.springframework.http.server.DefaultPathContainerTests" time="0.0"/>
  <testcase name="pathWithCustomSeparator" classname="org.springframework.http.server.DefaultPathContainerTests" time="0.001"/>
  <testcase name="emptySeparator" classname="org.springframework.http.server.DefaultPathContainerTests" time="0.0"/>
  <testcase name="pathSegment" classname="org.springframework.http.server.DefaultPathContainerTests" time="0.0"/>
  <testcase name="path" classname="org.springframework.http.server.DefaultPathContainerTests" time="0.0"/>
  <testcase name="pathSegmentParams" classname="org.springframework.http.server.DefaultPathContainerTests" time="0.0"/>
  <system-out><![CDATA[]]></system-out>
  <system-err><![CDATA[]]></system-err>
</testsuite>
