<?xml version="1.0" encoding="UTF-8"?>
<testsuite name="org.springframework.http.client.BufferedSimpleAsyncHttpRequestFactoryTests" tests="7" skipped="0" failures="0" errors="0" timestamp="2020-11-25T14:41:51" hostname="lichangbaodeMacBook-Pro.local" time="0.037">
  <properties/>
  <testcase name="httpMethods" classname="org.springframework.http.client.BufferedSimpleAsyncHttpRequestFactoryTests" time="0.016"/>
  <testcase name="cancel" classname="org.springframework.http.client.BufferedSimpleAsyncHttpRequestFactoryTests" time="0.0"/>
  <testcase name="headersAfterExecute" classname="org.springframework.http.client.BufferedSimpleAsyncHttpRequestFactoryTests" time="0.006"/>
  <testcase name="status" classname="org.springframework.http.client.BufferedSimpleAsyncHttpRequestFactoryTests" time="0.002"/>
  <testcase name="echo" classname="org.springframework.http.client.BufferedSimpleAsyncHttpRequestFactoryTests" time="0.006"/>
  <testcase name="statusCallback" classname="org.springframework.http.client.BufferedSimpleAsyncHttpRequestFactoryTests" time="0.002"/>
  <testcase name="multipleWrites" classname="org.springframework.http.client.BufferedSimpleAsyncHttpRequestFactoryTests" time="0.005"/>
  <system-out><![CDATA[]]></system-out>
  <system-err><![CDATA[Nov 25, 2020 10:41:51 PM okhttp3.mockwebserver.MockWebServer$3 execute
INFO: MockWebServer[53312] starting to accept connections
Nov 25, 2020 10:41:51 PM okhttp3.mockwebserver.MockWebServer$4 processOneRequest
INFO: MockWebServer[53312] received request: GET /methods/get HTTP/1.1 and responded: HTTP/1.1 200 OK
Nov 25, 2020 10:41:51 PM okhttp3.mockwebserver.MockWebServer$4 processOneRequest
INFO: MockWebServer[53312] received request: HEAD /methods/head HTTP/1.1 and responded: HTTP/1.1 200 OK
Nov 25, 2020 10:41:51 PM okhttp3.mockwebserver.MockWebServer$4 processOneRequest
INFO: MockWebServer[53312] received request: POST /methods/post HTTP/1.1 and responded: HTTP/1.1 200 OK
Nov 25, 2020 10:41:51 PM okhttp3.mockwebserver.MockWebServer$4 processOneRequest
INFO: MockWebServer[53312] received request: PUT /methods/put HTTP/1.1 and responded: HTTP/1.1 200 OK
Nov 25, 2020 10:41:51 PM okhttp3.mockwebserver.MockWebServer$4 processOneRequest
INFO: MockWebServer[53312] received request: OPTIONS /methods/options HTTP/1.1 and responded: HTTP/1.1 200 OK
Nov 25, 2020 10:41:51 PM okhttp3.mockwebserver.MockWebServer$4 processOneRequest
INFO: MockWebServer[53312] received request: DELETE /methods/delete HTTP/1.1 and responded: HTTP/1.1 200 OK
Nov 25, 2020 10:41:51 PM okhttp3.mockwebserver.MockWebServer$3 acceptConnections
INFO: MockWebServer[53312] done accepting connections: Socket closed
Nov 25, 2020 10:41:51 PM okhttp3.mockwebserver.MockWebServer$3 execute
INFO: MockWebServer[53314] starting to accept connections
Nov 25, 2020 10:41:51 PM okhttp3.mockwebserver.MockWebServer$3 acceptConnections
INFO: MockWebServer[53314] done accepting connections: Socket closed
Nov 25, 2020 10:41:51 PM okhttp3.mockwebserver.MockWebServer$3 execute
INFO: MockWebServer[53315] starting to accept connections
Nov 25, 2020 10:41:51 PM okhttp3.mockwebserver.MockWebServer$4 processOneRequest
INFO: MockWebServer[53315] received request: POST /echo HTTP/1.1 and responded: HTTP/1.1 200 OK
Nov 25, 2020 10:41:51 PM okhttp3.mockwebserver.MockWebServer$3 acceptConnections
INFO: MockWebServer[53315] done accepting connections: Socket closed
Nov 25, 2020 10:41:51 PM okhttp3.mockwebserver.MockWebServer$3 execute
INFO: MockWebServer[53317] starting to accept connections
Nov 25, 2020 10:41:51 PM okhttp3.mockwebserver.MockWebServer$4 processOneRequest
INFO: MockWebServer[53317] received request: GET /status/notfound HTTP/1.1 and responded: HTTP/1.1 404 Client Error
Nov 25, 2020 10:41:51 PM okhttp3.mockwebserver.MockWebServer$3 acceptConnections
INFO: MockWebServer[53317] done accepting connections: Socket closed
Nov 25, 2020 10:41:51 PM okhttp3.mockwebserver.MockWebServer$3 execute
INFO: MockWebServer[53319] starting to accept connections
Nov 25, 2020 10:41:51 PM okhttp3.mockwebserver.MockWebServer$4 processOneRequest
INFO: MockWebServer[53319] received request: PUT /echo HTTP/1.1 and responded: HTTP/1.1 200 OK
Nov 25, 2020 10:41:51 PM okhttp3.mockwebserver.MockWebServer$3 acceptConnections
INFO: MockWebServer[53319] done accepting connections: Socket closed
Nov 25, 2020 10:41:51 PM okhttp3.mockwebserver.MockWebServer$3 execute
INFO: MockWebServer[53321] starting to accept connections
Nov 25, 2020 10:41:51 PM okhttp3.mockwebserver.MockWebServer$4 processOneRequest
INFO: MockWebServer[53321] received request: GET /status/notfound HTTP/1.1 and responded: HTTP/1.1 404 Client Error
Nov 25, 2020 10:41:51 PM okhttp3.mockwebserver.MockWebServer$3 acceptConnections
INFO: MockWebServer[53321] done accepting connections: Socket closed
Nov 25, 2020 10:41:51 PM okhttp3.mockwebserver.MockWebServer$3 execute
INFO: MockWebServer[53323] starting to accept connections
Nov 25, 2020 10:41:51 PM okhttp3.mockwebserver.MockWebServer$4 processOneRequest
INFO: MockWebServer[53323] received request: POST /echo HTTP/1.1 and responded: HTTP/1.1 200 OK
Nov 25, 2020 10:41:51 PM okhttp3.mockwebserver.MockWebServer$3 acceptConnections
INFO: MockWebServer[53323] done accepting connections: Socket closed
]]></system-err>
</testsuite>
