<?xml version="1.0" encoding="UTF-8"?>
<testsuite name="org.springframework.web.context.support.AnnotationConfigWebApplicationContextTests" tests="4" skipped="0" failures="0" errors="0" timestamp="2019-06-21T11:46:01" hostname="Macbook-Air.local" time="0.161">
  <properties/>
  <testcase name="withBeanNameGenerator" classname="org.springframework.web.context.support.AnnotationConfigWebApplicationContextTests" time="0.045"/>
  <testcase name="configLocationWithBasePackage" classname="org.springframework.web.context.support.AnnotationConfigWebApplicationContextTests" time="0.093"/>
  <testcase name="registerSingleClass" classname="org.springframework.web.context.support.AnnotationConfigWebApplicationContextTests" time="0.011"/>
  <testcase name="configLocationWithSingleClass" classname="org.springframework.web.context.support.AnnotationConfigWebApplicationContextTests" time="0.011"/>
  <system-out><![CDATA[19:46:01.543 [Test worker] DEBUG o.s.w.c.s.AnnotationConfigWebApplicationContext - Refreshing Root WebApplicationContext
19:46:01.570 [Test worker] DEBUG o.s.w.c.s.AnnotationConfigWebApplicationContext - Refreshing Root WebApplicationContext
19:46:01.662 [Test worker] DEBUG o.s.w.c.s.AnnotationConfigWebApplicationContext - Refreshing Root WebApplicationContext
19:46:01.666 [Test worker] DEBUG o.s.w.c.s.AnnotationConfigWebApplicationContext - Registering annotated classes: [class org.springframework.web.context.support.AnnotationConfigWebApplicationContextTests$Config]
19:46:01.674 [Test worker] DEBUG o.s.w.c.s.AnnotationConfigWebApplicationContext - Refreshing Root WebApplicationContext
]]></system-out>
  <system-err><![CDATA[]]></system-err>
</testsuite>
