<?xml version="1.0" encoding="UTF-8"?>
<testsuite name="org.springframework.http.codec.json.Jackson2SmileDecoderTests" tests="3" skipped="0" failures="0" errors="0" timestamp="2020-11-25T14:41:49" hostname="lichangbaodeMacBook-Pro.local" time="0.012">
  <properties/>
  <testcase name="canDecode" classname="org.springframework.http.codec.json.Jackson2SmileDecoderTests" time="0.001"/>
  <testcase name="decodeToMono" classname="org.springframework.http.codec.json.Jackson2SmileDecoderTests" time="0.001"/>
  <testcase name="decode" classname="org.springframework.http.codec.json.Jackson2SmileDecoderTests" time="0.01"/>
  <system-out><![CDATA[22:41:49.713 [Test worker] DEBUG o.s.w.HttpLogging - Decoded [[Pojo[foo='f1', bar='b1'], Pojo[foo='f2', bar='b2']]]
22:41:49.721 [Test worker] DEBUG o.s.w.HttpLogging - Decoded [Pojo[foo='f1', bar='b1']]
22:41:49.721 [Test worker] DEBUG o.s.w.HttpLogging - Decoded [Pojo[foo='f2', bar='b2']]
22:41:49.722 [Test worker] DEBUG o.s.w.HttpLogging - Decoded [Pojo[foo='f1', bar='b1']]
22:41:49.723 [Test worker] DEBUG o.s.w.HttpLogging - Decoded [Pojo[foo='f1', bar='b1']]
]]></system-out>
  <system-err><![CDATA[]]></system-err>
</testsuite>
