<?xml version="1.0" encoding="UTF-8"?>
<testsuite name="org.springframework.http.codec.json.Jackson2TokenizerTests" tests="4" skipped="0" failures="0" errors="0" timestamp="2019-06-21T11:46:25" hostname="Macbook-Air.local" time="0.037">
  <properties/>
  <testcase name="jsonEOFExceptionIsWrappedAsDecodingError" classname="org.springframework.http.codec.json.Jackson2TokenizerTests" time="0.001"/>
  <testcase name="errorInStream" classname="org.springframework.http.codec.json.Jackson2TokenizerTests" time="0.001"/>
  <testcase name="tokenizeArrayElements" classname="org.springframework.http.codec.json.Jackson2TokenizerTests" time="0.024"/>
  <testcase name="doNotTokenizeArrayElements" classname="org.springframework.http.codec.json.Jackson2TokenizerTests" time="0.011"/>
  <system-out><![CDATA[]]></system-out>
  <system-err><![CDATA[]]></system-err>
</testsuite>
