<?xml version="1.0" encoding="UTF-8"?>
<testsuite name="org.springframework.http.HttpStatusTests" tests="2" skipped="0" failures="0" errors="0" timestamp="2020-11-25T14:41:50" hostname="lichangbaodeMacBook-Pro.local" time="0.001">
  <properties/>
  <testcase name="fromEnumToMap" classname="org.springframework.http.HttpStatusTests" time="0.0"/>
  <testcase name="fromMapToEnum" classname="org.springframework.http.HttpStatusTests" time="0.001"/>
  <system-out><![CDATA[]]></system-out>
  <system-err><![CDATA[]]></system-err>
</testsuite>
