<?xml version="1.0" encoding="UTF-8"?>
<testsuite name="org.springframework.web.context.support.SpringBeanAutowiringSupportTests" tests="1" skipped="0" failures="0" errors="0" timestamp="2019-06-21T11:46:01" hostname="Macbook-Air.local" time="0.101">
  <properties/>
  <testcase name="testProcessInjectionBasedOnServletContext" classname="org.springframework.web.context.support.SpringBeanAutowiringSupportTests" time="0.101"/>
  <system-out><![CDATA[19:46:01.420 [Test worker] DEBUG o.s.w.c.s.StaticWebApplicationContext - Refreshing Root WebApplicationContext
]]></system-out>
  <system-err><![CDATA[]]></system-err>
</testsuite>
