<?xml version="1.0" encoding="UTF-8"?>
<testsuite name="org.springframework.http.client.MultipartBodyBuilderTests" tests="2" skipped="0" failures="0" errors="0" timestamp="2020-11-25T14:41:51" hostname="lichangbaodeMacBook-Pro.local" time="0.0">
  <properties/>
  <testcase name="publisherEntityAcceptedAsInput" classname="org.springframework.http.client.MultipartBodyBuilderTests" time="0.0"/>
  <testcase name="builder" classname="org.springframework.http.client.MultipartBodyBuilderTests" time="0.0"/>
  <system-out><![CDATA[]]></system-out>
  <system-err><![CDATA[]]></system-err>
</testsuite>
