<?xml version="1.0" encoding="UTF-8"?>
<testsuite name="org.springframework.web.client.HttpStatusCodeExceptionTests" tests="2" skipped="0" failures="0" errors="0" timestamp="2020-11-25T14:41:47" hostname="lichangbaodeMacBook-Pro.local" time="0.004">
  <properties/>
  <testcase name="testSerializability" classname="org.springframework.web.client.HttpStatusCodeExceptionTests" time="0.004"/>
  <testcase name="emptyStatusText" classname="org.springframework.web.client.HttpStatusCodeExceptionTests" time="0.0"/>
  <system-out><![CDATA[]]></system-out>
  <system-err><![CDATA[]]></system-err>
</testsuite>
