<?xml version="1.0" encoding="UTF-8"?>
<testsuite name="org.springframework.http.converter.feed.AtomFeedHttpMessageConverterTests" tests="5" skipped="0" failures="0" errors="0" timestamp="2020-11-25T14:41:48" hostname="lichangbaodeMacBook-Pro.local" time="0.093">
  <properties/>
  <testcase name="writeOtherCharset" classname="org.springframework.http.converter.feed.AtomFeedHttpMessageConverterTests" time="0.059"/>
  <testcase name="canWrite" classname="org.springframework.http.converter.feed.AtomFeedHttpMessageConverterTests" time="0.0"/>
  <testcase name="read" classname="org.springframework.http.converter.feed.AtomFeedHttpMessageConverterTests" time="0.026"/>
  <testcase name="write" classname="org.springframework.http.converter.feed.AtomFeedHttpMessageConverterTests" time="0.008"/>
  <testcase name="canRead" classname="org.springframework.http.converter.feed.AtomFeedHttpMessageConverterTests" time="0.0"/>
  <system-out><![CDATA[]]></system-out>
  <system-err><![CDATA[]]></system-err>
</testsuite>
