<?xml version="1.0" encoding="UTF-8"?>
<testsuite name="org.springframework.http.client.NoOutputStreamingBufferedSimpleHttpRequestFactoryTests" tests="6" skipped="0" failures="0" errors="0" timestamp="2019-06-21T11:46:34" hostname="Macbook-Air.local" time="0.024">
  <properties/>
  <testcase name="headersAfterExecute" classname="org.springframework.http.client.NoOutputStreamingBufferedSimpleHttpRequestFactoryTests" time="0.003"/>
  <testcase name="status" classname="org.springframework.http.client.NoOutputStreamingBufferedSimpleHttpRequestFactoryTests" time="0.003"/>
  <testcase name="echo" classname="org.springframework.http.client.NoOutputStreamingBufferedSimpleHttpRequestFactoryTests" time="0.004"/>
  <testcase name="multipleWrites" classname="org.springframework.http.client.NoOutputStreamingBufferedSimpleHttpRequestFactoryTests" time="0.002"/>
  <testcase name="queryParameters" classname="org.springframework.http.client.NoOutputStreamingBufferedSimpleHttpRequestFactoryTests" time="0.003"/>
  <testcase name="httpMethods" classname="org.springframework.http.client.NoOutputStreamingBufferedSimpleHttpRequestFactoryTests" time="0.008"/>
  <system-out><![CDATA[]]></system-out>
  <system-err><![CDATA[Jun 21, 2019 7:46:34 PM okhttp3.mockwebserver.MockWebServer$3 execute
INFO: MockWebServer[50268] starting to accept connections
Jun 21, 2019 7:46:34 PM okhttp3.mockwebserver.MockWebServer$4 processOneRequest
INFO: MockWebServer[50268] received request: POST /status/ok HTTP/1.1 and responded: HTTP/1.1 200 OK
Jun 21, 2019 7:46:34 PM okhttp3.mockwebserver.MockWebServer$3 acceptConnections
INFO: MockWebServer[50268] done accepting connections: Socket closed
Jun 21, 2019 7:46:34 PM okhttp3.mockwebserver.MockWebServer$3 execute
INFO: MockWebServer[50270] starting to accept connections
Jun 21, 2019 7:46:34 PM okhttp3.mockwebserver.MockWebServer$4 processOneRequest
INFO: MockWebServer[50270] received request: GET /status/notfound HTTP/1.1 and responded: HTTP/1.1 404 Client Error
Jun 21, 2019 7:46:34 PM okhttp3.mockwebserver.MockWebServer$3 acceptConnections
INFO: MockWebServer[50270] done accepting connections: Socket closed
Jun 21, 2019 7:46:34 PM okhttp3.mockwebserver.MockWebServer$3 execute
INFO: MockWebServer[50272] starting to accept connections
Jun 21, 2019 7:46:34 PM okhttp3.mockwebserver.MockWebServer$4 processOneRequest
INFO: MockWebServer[50272] received request: PUT /echo HTTP/1.1 and responded: HTTP/1.1 200 OK
Jun 21, 2019 7:46:34 PM okhttp3.mockwebserver.MockWebServer$3 acceptConnections
INFO: MockWebServer[50272] done accepting connections: Socket closed
Jun 21, 2019 7:46:34 PM okhttp3.mockwebserver.MockWebServer$3 execute
INFO: MockWebServer[50274] starting to accept connections
Jun 21, 2019 7:46:34 PM okhttp3.mockwebserver.MockWebServer$3 acceptConnections
INFO: MockWebServer[50274] done accepting connections: Socket is closed
Jun 21, 2019 7:46:34 PM okhttp3.mockwebserver.MockWebServer$4 processConnection
WARNING: MockWebServer[50274] connection from /127.0.0.1 didn't make a request
Jun 21, 2019 7:46:34 PM okhttp3.mockwebserver.MockWebServer$3 execute
INFO: MockWebServer[50276] starting to accept connections
Jun 21, 2019 7:46:34 PM okhttp3.mockwebserver.MockWebServer$4 processOneRequest
INFO: MockWebServer[50276] received request: GET /params?param1=value&param2=value1&param2=value2 HTTP/1.1 and responded: HTTP/1.1 200 OK
Jun 21, 2019 7:46:34 PM okhttp3.mockwebserver.MockWebServer$3 acceptConnections
INFO: MockWebServer[50276] done accepting connections: Socket closed
Jun 21, 2019 7:46:34 PM okhttp3.mockwebserver.MockWebServer$3 execute
INFO: MockWebServer[50278] starting to accept connections
Jun 21, 2019 7:46:34 PM okhttp3.mockwebserver.MockWebServer$4 processOneRequest
INFO: MockWebServer[50278] received request: GET /methods/get HTTP/1.1 and responded: HTTP/1.1 200 OK
Jun 21, 2019 7:46:34 PM okhttp3.mockwebserver.MockWebServer$4 processOneRequest
INFO: MockWebServer[50278] received request: HEAD /methods/head HTTP/1.1 and responded: HTTP/1.1 200 OK
Jun 21, 2019 7:46:34 PM okhttp3.mockwebserver.MockWebServer$4 processOneRequest
INFO: MockWebServer[50278] received request: POST /methods/post HTTP/1.1 and responded: HTTP/1.1 200 OK
Jun 21, 2019 7:46:34 PM okhttp3.mockwebserver.MockWebServer$4 processOneRequest
INFO: MockWebServer[50278] received request: PUT /methods/put HTTP/1.1 and responded: HTTP/1.1 200 OK
Jun 21, 2019 7:46:34 PM okhttp3.mockwebserver.MockWebServer$4 processOneRequest
INFO: MockWebServer[50278] received request: OPTIONS /methods/options HTTP/1.1 and responded: HTTP/1.1 200 OK
Jun 21, 2019 7:46:34 PM okhttp3.mockwebserver.MockWebServer$4 processOneRequest
INFO: MockWebServer[50278] received request: DELETE /methods/delete HTTP/1.1 and responded: HTTP/1.1 200 OK
Jun 21, 2019 7:46:34 PM okhttp3.mockwebserver.MockWebServer$3 acceptConnections
INFO: MockWebServer[50278] done accepting connections: Socket closed
]]></system-err>
</testsuite>
