<?xml version="1.0" encoding="UTF-8"?>
<testsuite name="org.springframework.http.converter.StringHttpMessageConverterTests" tests="6" skipped="0" failures="0" errors="0" timestamp="2019-06-21T11:46:23" hostname="Macbook-Air.local" time="0.003">
  <properties/>
  <testcase name="writeUTF8" classname="org.springframework.http.converter.StringHttpMessageConverterTests" time="0.001"/>
  <testcase name="writeOverrideRequestedContentType" classname="org.springframework.http.converter.StringHttpMessageConverterTests" time="0.0"/>
  <testcase name="canWrite" classname="org.springframework.http.converter.StringHttpMessageConverterTests" time="0.0"/>
  <testcase name="read" classname="org.springframework.http.converter.StringHttpMessageConverterTests" time="0.001"/>
  <testcase name="canRead" classname="org.springframework.http.converter.StringHttpMessageConverterTests" time="0.0"/>
  <testcase name="writeDefaultCharset" classname="org.springframework.http.converter.StringHttpMessageConverterTests" time="0.001"/>
  <system-out><![CDATA[]]></system-out>
  <system-err><![CDATA[]]></system-err>
</testsuite>
