<?xml version="1.0" encoding="UTF-8"?>
<testsuite name="org.springframework.web.util.pattern.PathPatternRouteMatcherTest" tests="2" skipped="0" failures="0" errors="0" timestamp="2019-06-21T11:46:04" hostname="Macbook-Air.local" time="0.006">
  <properties/>
  <testcase name="matchRouteCustomSeparator" classname="org.springframework.web.util.pattern.PathPatternRouteMatcherTest" time="0.005"/>
  <testcase name="matchRoute" classname="org.springframework.web.util.pattern.PathPatternRouteMatcherTest" time="0.001"/>
  <system-out><![CDATA[]]></system-out>
  <system-err><![CDATA[]]></system-err>
</testsuite>
