<?xml version="1.0" encoding="UTF-8"?>
<testsuite name="org.springframework.web.context.request.ServletRequestAttributesTests" tests="15" skipped="0" failures="0" errors="0" timestamp="2019-06-21T11:46:03" hostname="Macbook-Air.local" time="0.103">
  <properties/>
  <testcase name="setRequestScopedAttribute" classname="org.springframework.web.context.request.ServletRequestAttributesTests" time="0.002"/>
  <testcase name="getSessionScopedAttributeDoesNotForceCreationOfSession" classname="org.springframework.web.context.request.ServletRequestAttributesTests" time="0.065"/>
  <testcase name="skipImmutableFloat" classname="org.springframework.web.context.request.ServletRequestAttributesTests" time="0.023"/>
  <testcase name="removeSessionScopedAttribute" classname="org.springframework.web.context.request.ServletRequestAttributesTests" time="0.0"/>
  <testcase name="skipImmutableBigInteger" classname="org.springframework.web.context.request.ServletRequestAttributesTests" time="0.001"/>
  <testcase name="setSessionScopedAttribute" classname="org.springframework.web.context.request.ServletRequestAttributesTests" time="0.0"/>
  <testcase name="skipImmutableCharacter" classname="org.springframework.web.context.request.ServletRequestAttributesTests" time="0.001"/>
  <testcase name="removeSessionScopedAttributeDoesNotForceCreationOfSession" classname="org.springframework.web.context.request.ServletRequestAttributesTests" time="0.001"/>
  <testcase name="setSessionScopedAttributeAfterCompletion" classname="org.springframework.web.context.request.ServletRequestAttributesTests" time="0.0"/>
  <testcase name="ctorRejectsNullArg" classname="org.springframework.web.context.request.ServletRequestAttributesTests" time="0.001"/>
  <testcase name="skipImmutableBoolean" classname="org.springframework.web.context.request.ServletRequestAttributesTests" time="0.001"/>
  <testcase name="updateAccessedAttributes" classname="org.springframework.web.context.request.ServletRequestAttributesTests" time="0.001"/>
  <testcase name="setRequestScopedAttributeAfterCompletion" classname="org.springframework.web.context.request.ServletRequestAttributesTests" time="0.001"/>
  <testcase name="skipImmutableString" classname="org.springframework.web.context.request.ServletRequestAttributesTests" time="0.001"/>
  <testcase name="skipImmutableInteger" classname="org.springframework.web.context.request.ServletRequestAttributesTests" time="0.002"/>
  <system-out><![CDATA[]]></system-out>
  <system-err><![CDATA[]]></system-err>
</testsuite>
