<?xml version="1.0" encoding="UTF-8"?>
<testsuite name="org.springframework.http.converter.ObjectToStringHttpMessageConverterTests" tests="10" skipped="0" failures="0" errors="0" timestamp="2019-06-21T11:46:20" hostname="Macbook-Air.local" time="0.187">
  <properties/>
  <testcase name="writeAcceptCharset" classname="org.springframework.http.converter.ObjectToStringHttpMessageConverterTests" time="0.178"/>
  <testcase name="defaultCharset" classname="org.springframework.http.converter.ObjectToStringHttpMessageConverterTests" time="0.0"/>
  <testcase name="writeUtf16" classname="org.springframework.http.converter.ObjectToStringHttpMessageConverterTests" time="0.003"/>
  <testcase name="canWrite" classname="org.springframework.http.converter.ObjectToStringHttpMessageConverterTests" time="0.001"/>
  <testcase name="read" classname="org.springframework.http.converter.ObjectToStringHttpMessageConverterTests" time="0.001"/>
  <testcase name="write" classname="org.springframework.http.converter.ObjectToStringHttpMessageConverterTests" time="0.0"/>
  <testcase name="testConversionServiceRequired" classname="org.springframework.http.converter.ObjectToStringHttpMessageConverterTests" time="0.001"/>
  <testcase name="writeAcceptCharsetTurnedOff" classname="org.springframework.http.converter.ObjectToStringHttpMessageConverterTests" time="0.001"/>
  <testcase name="canRead" classname="org.springframework.http.converter.ObjectToStringHttpMessageConverterTests" time="0.001"/>
  <testcase name="defaultCharsetModified" classname="org.springframework.http.converter.ObjectToStringHttpMessageConverterTests" time="0.001"/>
  <system-out><![CDATA[]]></system-out>
  <system-err><![CDATA[]]></system-err>
</testsuite>
