<?xml version="1.0" encoding="UTF-8"?>
<testsuite name="org.springframework.http.codec.support.CodecConfigurerTests" tests="7" skipped="0" failures="0" errors="0" timestamp="2019-06-21T11:46:25" hostname="Macbook-Air.local" time="0.065">
  <properties/>
  <testcase name="defaultsOffWithCustomWriters" classname="org.springframework.http.codec.support.CodecConfigurerTests" time="0.029"/>
  <testcase name="defaultReaders" classname="org.springframework.http.codec.support.CodecConfigurerTests" time="0.0"/>
  <testcase name="defaultWriters" classname="org.springframework.http.codec.support.CodecConfigurerTests" time="0.0"/>
  <testcase name="defaultsOffCustomReaders" classname="org.springframework.http.codec.support.CodecConfigurerTests" time="0.027"/>
  <testcase name="defaultAndCustomReaders" classname="org.springframework.http.codec.support.CodecConfigurerTests" time="0.002"/>
  <testcase name="encoderDecoderOverrides" classname="org.springframework.http.codec.support.CodecConfigurerTests" time="0.005"/>
  <testcase name="defaultAndCustomWriters" classname="org.springframework.http.codec.support.CodecConfigurerTests" time="0.001"/>
  <system-out><![CDATA[]]></system-out>
  <system-err><![CDATA[]]></system-err>
</testsuite>
