<?xml version="1.0" encoding="UTF-8"?>
<testsuite name="org.springframework.http.client.HttpComponentsClientHttpRequestFactoryTests" tests="11" skipped="0" failures="0" errors="0" timestamp="2019-06-21T11:46:32" hostname="Macbook-Air.local" time="0.054">
  <properties/>
  <testcase name="createHttpUriRequest" classname="org.springframework.http.client.HttpComponentsClientHttpRequestFactoryTests" time="0.004"/>
  <testcase name="mergeBasedOnCurrentHttpClient" classname="org.springframework.http.client.HttpComponentsClientHttpRequestFactoryTests" time="0.003"/>
  <testcase name="assertCustomConfig" classname="org.springframework.http.client.HttpComponentsClientHttpRequestFactoryTests" time="0.005"/>
  <testcase name="localSettingsOverrideClientDefaultSettings" classname="org.springframework.http.client.HttpComponentsClientHttpRequestFactoryTests" time="0.002"/>
  <testcase name="httpMethods" classname="org.springframework.http.client.HttpComponentsClientHttpRequestFactoryTests" time="0.017"/>
  <testcase name="defaultSettingsOfHttpClientMergedOnExecutorCustomization" classname="org.springframework.http.client.HttpComponentsClientHttpRequestFactoryTests" time="0.002"/>
  <testcase name="headersAfterExecute" classname="org.springframework.http.client.HttpComponentsClientHttpRequestFactoryTests" time="0.005"/>
  <testcase name="status" classname="org.springframework.http.client.HttpComponentsClientHttpRequestFactoryTests" time="0.004"/>
  <testcase name="echo" classname="org.springframework.http.client.HttpComponentsClientHttpRequestFactoryTests" time="0.004"/>
  <testcase name="multipleWrites" classname="org.springframework.http.client.HttpComponentsClientHttpRequestFactoryTests" time="0.004"/>
  <testcase name="queryParameters" classname="org.springframework.http.client.HttpComponentsClientHttpRequestFactoryTests" time="0.004"/>
  <system-out><![CDATA[]]></system-out>
  <system-err><![CDATA[Jun 21, 2019 7:46:32 PM okhttp3.mockwebserver.MockWebServer$3 execute
INFO: MockWebServer[50171] starting to accept connections
Jun 21, 2019 7:46:32 PM okhttp3.mockwebserver.MockWebServer$3 acceptConnections
INFO: MockWebServer[50171] done accepting connections: Socket closed
Jun 21, 2019 7:46:32 PM okhttp3.mockwebserver.MockWebServer$3 execute
INFO: MockWebServer[50172] starting to accept connections
Jun 21, 2019 7:46:32 PM okhttp3.mockwebserver.MockWebServer$3 acceptConnections
INFO: MockWebServer[50172] done accepting connections: Socket closed
Jun 21, 2019 7:46:32 PM okhttp3.mockwebserver.MockWebServer$3 execute
INFO: MockWebServer[50173] starting to accept connections
Jun 21, 2019 7:46:32 PM okhttp3.mockwebserver.MockWebServer$3 acceptConnections
INFO: MockWebServer[50173] done accepting connections: Socket closed
Jun 21, 2019 7:46:32 PM okhttp3.mockwebserver.MockWebServer$3 execute
INFO: MockWebServer[50174] starting to accept connections
Jun 21, 2019 7:46:32 PM okhttp3.mockwebserver.MockWebServer$3 acceptConnections
INFO: MockWebServer[50174] done accepting connections: Socket closed
Jun 21, 2019 7:46:32 PM okhttp3.mockwebserver.MockWebServer$3 execute
INFO: MockWebServer[50175] starting to accept connections
Jun 21, 2019 7:46:32 PM okhttp3.mockwebserver.MockWebServer$4 processOneRequest
INFO: MockWebServer[50175] received request: GET /methods/get HTTP/1.1 and responded: HTTP/1.1 200 OK
Jun 21, 2019 7:46:32 PM okhttp3.mockwebserver.MockWebServer$4 processOneRequest
INFO: MockWebServer[50175] received request: HEAD /methods/head HTTP/1.1 and responded: HTTP/1.1 200 OK
Jun 21, 2019 7:46:32 PM okhttp3.mockwebserver.MockWebServer$4 processOneRequest
INFO: MockWebServer[50175] received request: POST /methods/post HTTP/1.1 and responded: HTTP/1.1 200 OK
Jun 21, 2019 7:46:32 PM okhttp3.mockwebserver.MockWebServer$4 processOneRequest
INFO: MockWebServer[50175] received request: PUT /methods/put HTTP/1.1 and responded: HTTP/1.1 200 OK
Jun 21, 2019 7:46:32 PM okhttp3.mockwebserver.MockWebServer$4 processOneRequest
INFO: MockWebServer[50175] received request: OPTIONS /methods/options HTTP/1.1 and responded: HTTP/1.1 200 OK
Jun 21, 2019 7:46:32 PM okhttp3.mockwebserver.MockWebServer$4 processOneRequest
INFO: MockWebServer[50175] received request: DELETE /methods/delete HTTP/1.1 and responded: HTTP/1.1 200 OK
Jun 21, 2019 7:46:32 PM okhttp3.mockwebserver.MockWebServer$4 processOneRequest
INFO: MockWebServer[50175] received request: PATCH /methods/patch HTTP/1.1 and responded: HTTP/1.1 200 OK
Jun 21, 2019 7:46:32 PM okhttp3.mockwebserver.MockWebServer$3 acceptConnections
INFO: MockWebServer[50175] done accepting connections: Socket closed
Jun 21, 2019 7:46:32 PM okhttp3.mockwebserver.MockWebServer$3 execute
INFO: MockWebServer[50177] starting to accept connections
Jun 21, 2019 7:46:32 PM okhttp3.mockwebserver.MockWebServer$3 acceptConnections
INFO: MockWebServer[50177] done accepting connections: Socket closed
Jun 21, 2019 7:46:32 PM okhttp3.mockwebserver.MockWebServer$3 execute
INFO: MockWebServer[50178] starting to accept connections
Jun 21, 2019 7:46:32 PM okhttp3.mockwebserver.MockWebServer$4 processOneRequest
INFO: MockWebServer[50178] received request: POST /status/ok HTTP/1.1 and responded: HTTP/1.1 200 OK
Jun 21, 2019 7:46:32 PM okhttp3.mockwebserver.MockWebServer$3 acceptConnections
INFO: MockWebServer[50178] done accepting connections: Socket closed
Jun 21, 2019 7:46:32 PM okhttp3.mockwebserver.MockWebServer$3 execute
INFO: MockWebServer[50180] starting to accept connections
Jun 21, 2019 7:46:32 PM okhttp3.mockwebserver.MockWebServer$4 processOneRequest
INFO: MockWebServer[50180] received request: GET /status/notfound HTTP/1.1 and responded: HTTP/1.1 404 Client Error
Jun 21, 2019 7:46:32 PM okhttp3.mockwebserver.MockWebServer$3 acceptConnections
INFO: MockWebServer[50180] done accepting connections: Socket closed
Jun 21, 2019 7:46:32 PM okhttp3.mockwebserver.MockWebServer$3 execute
INFO: MockWebServer[50182] starting to accept connections
Jun 21, 2019 7:46:32 PM okhttp3.mockwebserver.MockWebServer$4 processOneRequest
INFO: MockWebServer[50182] received request: PUT /echo HTTP/1.1 and responded: HTTP/1.1 200 OK
Jun 21, 2019 7:46:32 PM okhttp3.mockwebserver.MockWebServer$3 acceptConnections
INFO: MockWebServer[50182] done accepting connections: Socket closed
Jun 21, 2019 7:46:32 PM okhttp3.mockwebserver.MockWebServer$3 execute
INFO: MockWebServer[50184] starting to accept connections
Jun 21, 2019 7:46:32 PM okhttp3.mockwebserver.MockWebServer$4 processOneRequest
INFO: MockWebServer[50184] received request: POST /echo HTTP/1.1 and responded: HTTP/1.1 200 OK
Jun 21, 2019 7:46:32 PM okhttp3.mockwebserver.MockWebServer$3 acceptConnections
INFO: MockWebServer[50184] done accepting connections: Socket closed
Jun 21, 2019 7:46:32 PM okhttp3.mockwebserver.MockWebServer$3 execute
INFO: MockWebServer[50186] starting to accept connections
Jun 21, 2019 7:46:32 PM okhttp3.mockwebserver.MockWebServer$4 processOneRequest
INFO: MockWebServer[50186] received request: GET /params?param1=value&param2=value1&param2=value2 HTTP/1.1 and responded: HTTP/1.1 200 OK
Jun 21, 2019 7:46:32 PM okhttp3.mockwebserver.MockWebServer$3 acceptConnections
INFO: MockWebServer[50186] done accepting connections: Socket closed
]]></system-err>
</testsuite>
