<?xml version="1.0" encoding="UTF-8"?>
<testsuite name="org.springframework.http.client.StreamingSimpleClientHttpRequestFactoryTests" tests="8" skipped="1" failures="0" errors="0" timestamp="2020-11-25T14:41:51" hostname="lichangbaodeMacBook-Pro.local" time="0.015">
  <properties/>
  <testcase name="largeFileUpload" classname="org.springframework.http.client.StreamingSimpleClientHttpRequestFactoryTests" time="0.0">
    <skipped/>
  </testcase>
  <testcase name="interceptor" classname="org.springframework.http.client.StreamingSimpleClientHttpRequestFactoryTests" time="0.003"/>
  <testcase name="headersAfterExecute" classname="org.springframework.http.client.StreamingSimpleClientHttpRequestFactoryTests" time="0.002"/>
  <testcase name="status" classname="org.springframework.http.client.StreamingSimpleClientHttpRequestFactoryTests" time="0.001"/>
  <testcase name="echo" classname="org.springframework.http.client.StreamingSimpleClientHttpRequestFactoryTests" time="0.002"/>
  <testcase name="multipleWrites" classname="org.springframework.http.client.StreamingSimpleClientHttpRequestFactoryTests" time="0.001"/>
  <testcase name="queryParameters" classname="org.springframework.http.client.StreamingSimpleClientHttpRequestFactoryTests" time="0.001"/>
  <testcase name="httpMethods" classname="org.springframework.http.client.StreamingSimpleClientHttpRequestFactoryTests" time="0.005"/>
  <system-out><![CDATA[]]></system-out>
  <system-err><![CDATA[Nov 25, 2020 10:41:51 PM okhttp3.mockwebserver.MockWebServer$3 execute
INFO: MockWebServer[53286] starting to accept connections
Nov 25, 2020 10:41:51 PM okhttp3.mockwebserver.MockWebServer$4 processOneRequest
INFO: MockWebServer[53286] received request: GET /echo HTTP/1.1 and responded: HTTP/1.1 200 OK
Nov 25, 2020 10:41:51 PM okhttp3.mockwebserver.MockWebServer$3 acceptConnections
INFO: MockWebServer[53286] done accepting connections: Socket closed
Nov 25, 2020 10:41:51 PM okhttp3.mockwebserver.MockWebServer$3 execute
INFO: MockWebServer[53288] starting to accept connections
Nov 25, 2020 10:41:51 PM okhttp3.mockwebserver.MockWebServer$4 processOneRequest
INFO: MockWebServer[53288] received request: POST /status/ok HTTP/1.1 and responded: HTTP/1.1 200 OK
Nov 25, 2020 10:41:51 PM okhttp3.mockwebserver.MockWebServer$3 acceptConnections
INFO: MockWebServer[53288] done accepting connections: Socket closed
Nov 25, 2020 10:41:51 PM okhttp3.mockwebserver.MockWebServer$3 execute
INFO: MockWebServer[53290] starting to accept connections
Nov 25, 2020 10:41:51 PM okhttp3.mockwebserver.MockWebServer$4 processOneRequest
INFO: MockWebServer[53290] received request: GET /status/notfound HTTP/1.1 and responded: HTTP/1.1 404 Client Error
Nov 25, 2020 10:41:51 PM okhttp3.mockwebserver.MockWebServer$3 acceptConnections
INFO: MockWebServer[53290] done accepting connections: Socket closed
Nov 25, 2020 10:41:51 PM okhttp3.mockwebserver.MockWebServer$3 execute
INFO: MockWebServer[53292] starting to accept connections
Nov 25, 2020 10:41:51 PM okhttp3.mockwebserver.MockWebServer$4 processOneRequest
INFO: MockWebServer[53292] received request: PUT /echo HTTP/1.1 and responded: HTTP/1.1 200 OK
Nov 25, 2020 10:41:51 PM okhttp3.mockwebserver.MockWebServer$3 acceptConnections
INFO: MockWebServer[53292] done accepting connections: Socket closed
Nov 25, 2020 10:41:51 PM okhttp3.mockwebserver.MockWebServer$3 execute
INFO: MockWebServer[53294] starting to accept connections
Nov 25, 2020 10:41:51 PM okhttp3.mockwebserver.MockWebServer$3 acceptConnections
INFO: MockWebServer[53294] done accepting connections: Socket closed
Nov 25, 2020 10:41:51 PM okhttp3.mockwebserver.MockWebServer$4 execute
INFO: MockWebServer[53294] connection from /127.0.0.1 failed: java.net.SocketException: Socket closed
Nov 25, 2020 10:41:51 PM okhttp3.mockwebserver.MockWebServer$3 execute
INFO: MockWebServer[53296] starting to accept connections
Nov 25, 2020 10:41:51 PM okhttp3.mockwebserver.MockWebServer$4 processOneRequest
INFO: MockWebServer[53296] received request: GET /params?param1=value&param2=value1&param2=value2 HTTP/1.1 and responded: HTTP/1.1 200 OK
Nov 25, 2020 10:41:51 PM okhttp3.mockwebserver.MockWebServer$3 acceptConnections
INFO: MockWebServer[53296] done accepting connections: Socket closed
Nov 25, 2020 10:41:51 PM okhttp3.mockwebserver.MockWebServer$3 execute
INFO: MockWebServer[53298] starting to accept connections
Nov 25, 2020 10:41:51 PM okhttp3.mockwebserver.MockWebServer$4 processOneRequest
INFO: MockWebServer[53298] received request: GET /methods/get HTTP/1.1 and responded: HTTP/1.1 200 OK
Nov 25, 2020 10:41:51 PM okhttp3.mockwebserver.MockWebServer$4 processOneRequest
INFO: MockWebServer[53298] received request: HEAD /methods/head HTTP/1.1 and responded: HTTP/1.1 200 OK
Nov 25, 2020 10:41:51 PM okhttp3.mockwebserver.MockWebServer$4 processOneRequest
INFO: MockWebServer[53298] received request: POST /methods/post HTTP/1.1 and responded: HTTP/1.1 200 OK
Nov 25, 2020 10:41:51 PM okhttp3.mockwebserver.MockWebServer$4 processOneRequest
INFO: MockWebServer[53298] received request: PUT /methods/put HTTP/1.1 and responded: HTTP/1.1 200 OK
Nov 25, 2020 10:41:51 PM okhttp3.mockwebserver.MockWebServer$4 processOneRequest
INFO: MockWebServer[53298] received request: OPTIONS /methods/options HTTP/1.1 and responded: HTTP/1.1 200 OK
Nov 25, 2020 10:41:51 PM okhttp3.mockwebserver.MockWebServer$4 processOneRequest
INFO: MockWebServer[53298] received request: DELETE /methods/delete HTTP/1.1 and responded: HTTP/1.1 200 OK
Nov 25, 2020 10:41:51 PM okhttp3.mockwebserver.MockWebServer$3 acceptConnections
INFO: MockWebServer[53298] done accepting connections: Socket closed
]]></system-err>
</testsuite>
