<?xml version="1.0" encoding="UTF-8"?>
<testsuite name="org.springframework.web.cors.reactive.UrlBasedCorsConfigurationSourceTests" tests="2" skipped="0" failures="0" errors="0" timestamp="2019-06-21T11:46:13" hostname="Macbook-Air.local" time="0.004">
  <properties/>
  <testcase name="registerAndMatch" classname="org.springframework.web.cors.reactive.UrlBasedCorsConfigurationSourceTests" time="0.003"/>
  <testcase name="empty" classname="org.springframework.web.cors.reactive.UrlBasedCorsConfigurationSourceTests" time="0.001"/>
  <system-out><![CDATA[]]></system-out>
  <system-err><![CDATA[]]></system-err>
</testsuite>
