<?xml version="1.0" encoding="UTF-8"?>
<testsuite name="org.springframework.http.codec.ServerSentEventHttpMessageWriterTests" tests="48" skipped="0" failures="0" errors="0" timestamp="2019-06-21T11:46:25" hostname="Macbook-Air.local" time="0.102">
  <properties/>
  <testcase name="writeServerSentEvent[NettyDataBufferFactory (UnpooledByteBufAllocator(directByDefault: true))]" classname="org.springframework.http.codec.ServerSentEventHttpMessageWriterTests" time="0.004"/>
  <testcase name="writeStringWithCustomCharset[NettyDataBufferFactory (UnpooledByteBufAllocator(directByDefault: true))]" classname="org.springframework.http.codec.ServerSentEventHttpMessageWriterTests" time="0.002"/>
  <testcase name="writePojo[NettyDataBufferFactory (UnpooledByteBufAllocator(directByDefault: true))]" classname="org.springframework.http.codec.ServerSentEventHttpMessageWriterTests" time="0.003"/>
  <testcase name="writePojoWithCustomEncoding[NettyDataBufferFactory (UnpooledByteBufAllocator(directByDefault: true))]" classname="org.springframework.http.codec.ServerSentEventHttpMessageWriterTests" time="0.003"/>
  <testcase name="canWrite[NettyDataBufferFactory (UnpooledByteBufAllocator(directByDefault: true))]" classname="org.springframework.http.codec.ServerSentEventHttpMessageWriterTests" time="0.001"/>
  <testcase name="writePojoWithPrettyPrint[NettyDataBufferFactory (UnpooledByteBufAllocator(directByDefault: true))]" classname="org.springframework.http.codec.ServerSentEventHttpMessageWriterTests" time="0.003"/>
  <testcase name="writeMultiLineString[NettyDataBufferFactory (UnpooledByteBufAllocator(directByDefault: true))]" classname="org.springframework.http.codec.ServerSentEventHttpMessageWriterTests" time="0.001"/>
  <testcase name="writeString[NettyDataBufferFactory (UnpooledByteBufAllocator(directByDefault: true))]" classname="org.springframework.http.codec.ServerSentEventHttpMessageWriterTests" time="0.002"/>
  <testcase name="writeServerSentEvent[NettyDataBufferFactory (UnpooledByteBufAllocator(directByDefault: false))]" classname="org.springframework.http.codec.ServerSentEventHttpMessageWriterTests" time="0.001"/>
  <testcase name="writeStringWithCustomCharset[NettyDataBufferFactory (UnpooledByteBufAllocator(directByDefault: false))]" classname="org.springframework.http.codec.ServerSentEventHttpMessageWriterTests" time="0.001"/>
  <testcase name="writePojo[NettyDataBufferFactory (UnpooledByteBufAllocator(directByDefault: false))]" classname="org.springframework.http.codec.ServerSentEventHttpMessageWriterTests" time="0.002"/>
  <testcase name="writePojoWithCustomEncoding[NettyDataBufferFactory (UnpooledByteBufAllocator(directByDefault: false))]" classname="org.springframework.http.codec.ServerSentEventHttpMessageWriterTests" time="0.003"/>
  <testcase name="canWrite[NettyDataBufferFactory (UnpooledByteBufAllocator(directByDefault: false))]" classname="org.springframework.http.codec.ServerSentEventHttpMessageWriterTests" time="0.0"/>
  <testcase name="writePojoWithPrettyPrint[NettyDataBufferFactory (UnpooledByteBufAllocator(directByDefault: false))]" classname="org.springframework.http.codec.ServerSentEventHttpMessageWriterTests" time="0.003"/>
  <testcase name="writeMultiLineString[NettyDataBufferFactory (UnpooledByteBufAllocator(directByDefault: false))]" classname="org.springframework.http.codec.ServerSentEventHttpMessageWriterTests" time="0.002"/>
  <testcase name="writeString[NettyDataBufferFactory (UnpooledByteBufAllocator(directByDefault: false))]" classname="org.springframework.http.codec.ServerSentEventHttpMessageWriterTests" time="0.002"/>
  <testcase name="writeServerSentEvent[NettyDataBufferFactory (PooledByteBufAllocator(directByDefault: true))]" classname="org.springframework.http.codec.ServerSentEventHttpMessageWriterTests" time="0.002"/>
  <testcase name="writeStringWithCustomCharset[NettyDataBufferFactory (PooledByteBufAllocator(directByDefault: true))]" classname="org.springframework.http.codec.ServerSentEventHttpMessageWriterTests" time="0.001"/>
  <testcase name="writePojo[NettyDataBufferFactory (PooledByteBufAllocator(directByDefault: true))]" classname="org.springframework.http.codec.ServerSentEventHttpMessageWriterTests" time="0.006"/>
  <testcase name="writePojoWithCustomEncoding[NettyDataBufferFactory (PooledByteBufAllocator(directByDefault: true))]" classname="org.springframework.http.codec.ServerSentEventHttpMessageWriterTests" time="0.003"/>
  <testcase name="canWrite[NettyDataBufferFactory (PooledByteBufAllocator(directByDefault: true))]" classname="org.springframework.http.codec.ServerSentEventHttpMessageWriterTests" time="0.0"/>
  <testcase name="writePojoWithPrettyPrint[NettyDataBufferFactory (PooledByteBufAllocator(directByDefault: true))]" classname="org.springframework.http.codec.ServerSentEventHttpMessageWriterTests" time="0.004"/>
  <testcase name="writeMultiLineString[NettyDataBufferFactory (PooledByteBufAllocator(directByDefault: true))]" classname="org.springframework.http.codec.ServerSentEventHttpMessageWriterTests" time="0.001"/>
  <testcase name="writeString[NettyDataBufferFactory (PooledByteBufAllocator(directByDefault: true))]" classname="org.springframework.http.codec.ServerSentEventHttpMessageWriterTests" time="0.004"/>
  <testcase name="writeServerSentEvent[NettyDataBufferFactory (PooledByteBufAllocator(directByDefault: false))]" classname="org.springframework.http.codec.ServerSentEventHttpMessageWriterTests" time="0.002"/>
  <testcase name="writeStringWithCustomCharset[NettyDataBufferFactory (PooledByteBufAllocator(directByDefault: false))]" classname="org.springframework.http.codec.ServerSentEventHttpMessageWriterTests" time="0.002"/>
  <testcase name="writePojo[NettyDataBufferFactory (PooledByteBufAllocator(directByDefault: false))]" classname="org.springframework.http.codec.ServerSentEventHttpMessageWriterTests" time="0.009"/>
  <testcase name="writePojoWithCustomEncoding[NettyDataBufferFactory (PooledByteBufAllocator(directByDefault: false))]" classname="org.springframework.http.codec.ServerSentEventHttpMessageWriterTests" time="0.005"/>
  <testcase name="canWrite[NettyDataBufferFactory (PooledByteBufAllocator(directByDefault: false))]" classname="org.springframework.http.codec.ServerSentEventHttpMessageWriterTests" time="0.0"/>
  <testcase name="writePojoWithPrettyPrint[NettyDataBufferFactory (PooledByteBufAllocator(directByDefault: false))]" classname="org.springframework.http.codec.ServerSentEventHttpMessageWriterTests" time="0.003"/>
  <testcase name="writeMultiLineString[NettyDataBufferFactory (PooledByteBufAllocator(directByDefault: false))]" classname="org.springframework.http.codec.ServerSentEventHttpMessageWriterTests" time="0.001"/>
  <testcase name="writeString[NettyDataBufferFactory (PooledByteBufAllocator(directByDefault: false))]" classname="org.springframework.http.codec.ServerSentEventHttpMessageWriterTests" time="0.002"/>
  <testcase name="writeServerSentEvent[DefaultDataBufferFactory (preferDirect=true)]" classname="org.springframework.http.codec.ServerSentEventHttpMessageWriterTests" time="0.001"/>
  <testcase name="writeStringWithCustomCharset[DefaultDataBufferFactory (preferDirect=true)]" classname="org.springframework.http.codec.ServerSentEventHttpMessageWriterTests" time="0.001"/>
  <testcase name="writePojo[DefaultDataBufferFactory (preferDirect=true)]" classname="org.springframework.http.codec.ServerSentEventHttpMessageWriterTests" time="0.002"/>
  <testcase name="writePojoWithCustomEncoding[DefaultDataBufferFactory (preferDirect=true)]" classname="org.springframework.http.codec.ServerSentEventHttpMessageWriterTests" time="0.003"/>
  <testcase name="canWrite[DefaultDataBufferFactory (preferDirect=true)]" classname="org.springframework.http.codec.ServerSentEventHttpMessageWriterTests" time="0.0"/>
  <testcase name="writePojoWithPrettyPrint[DefaultDataBufferFactory (preferDirect=true)]" classname="org.springframework.http.codec.ServerSentEventHttpMessageWriterTests" time="0.003"/>
  <testcase name="writeMultiLineString[DefaultDataBufferFactory (preferDirect=true)]" classname="org.springframework.http.codec.ServerSentEventHttpMessageWriterTests" time="0.001"/>
  <testcase name="writeString[DefaultDataBufferFactory (preferDirect=true)]" classname="org.springframework.http.codec.ServerSentEventHttpMessageWriterTests" time="0.001"/>
  <testcase name="writeServerSentEvent[DefaultDataBufferFactory (preferDirect=false)]" classname="org.springframework.http.codec.ServerSentEventHttpMessageWriterTests" time="0.001"/>
  <testcase name="writeStringWithCustomCharset[DefaultDataBufferFactory (preferDirect=false)]" classname="org.springframework.http.codec.ServerSentEventHttpMessageWriterTests" time="0.001"/>
  <testcase name="writePojo[DefaultDataBufferFactory (preferDirect=false)]" classname="org.springframework.http.codec.ServerSentEventHttpMessageWriterTests" time="0.002"/>
  <testcase name="writePojoWithCustomEncoding[DefaultDataBufferFactory (preferDirect=false)]" classname="org.springframework.http.codec.ServerSentEventHttpMessageWriterTests" time="0.002"/>
  <testcase name="canWrite[DefaultDataBufferFactory (preferDirect=false)]" classname="org.springframework.http.codec.ServerSentEventHttpMessageWriterTests" time="0.0"/>
  <testcase name="writePojoWithPrettyPrint[DefaultDataBufferFactory (preferDirect=false)]" classname="org.springframework.http.codec.ServerSentEventHttpMessageWriterTests" time="0.002"/>
  <testcase name="writeMultiLineString[DefaultDataBufferFactory (preferDirect=false)]" classname="org.springframework.http.codec.ServerSentEventHttpMessageWriterTests" time="0.001"/>
  <testcase name="writeString[DefaultDataBufferFactory (preferDirect=false)]" classname="org.springframework.http.codec.ServerSentEventHttpMessageWriterTests" time="0.001"/>
  <system-out><![CDATA[19:46:25.867 [Test worker] DEBUG o.s.w.HttpLogging - Encoding [Pojo[foo='foofoo', bar='barbar']]
19:46:25.868 [Test worker] DEBUG o.s.w.HttpLogging - Encoding [Pojo[foo='foofoofoo', bar='barbarbar']]
19:46:25.870 [Test worker] DEBUG o.s.w.HttpLogging - Encoding [Pojo[foo='foo??', bar='bar??']]
19:46:25.874 [Test worker] DEBUG o.s.w.HttpLogging - Encoding [Pojo[foo='foofoo', bar='barbar']]
19:46:25.875 [Test worker] DEBUG o.s.w.HttpLogging - Encoding [Pojo[foo='foofoofoo', bar='barbarbar']]
19:46:25.882 [Test worker] DEBUG o.s.w.HttpLogging - Encoding [Pojo[foo='foofoo', bar='barbar']]
19:46:25.884 [Test worker] DEBUG o.s.w.HttpLogging - Encoding [Pojo[foo='foofoofoo', bar='barbarbar']]
19:46:25.885 [Test worker] DEBUG o.s.w.HttpLogging - Encoding [Pojo[foo='foo??', bar='bar??']]
19:46:25.888 [Test worker] DEBUG o.s.w.HttpLogging - Encoding [Pojo[foo='foofoo', bar='barbar']]
19:46:25.889 [Test worker] DEBUG o.s.w.HttpLogging - Encoding [Pojo[foo='foofoofoo', bar='barbarbar']]
19:46:25.898 [Test worker] DEBUG o.s.w.HttpLogging - Encoding [Pojo[foo='foofoo', bar='barbar']]
19:46:25.901 [Test worker] DEBUG o.s.w.HttpLogging - Encoding [Pojo[foo='foofoofoo', bar='barbarbar']]
19:46:25.904 [Test worker] DEBUG o.s.w.HttpLogging - Encoding [Pojo[foo='foo??', bar='bar??']]
19:46:25.907 [Test worker] DEBUG o.s.w.HttpLogging - Encoding [Pojo[foo='foofoo', bar='barbar']]
19:46:25.909 [Test worker] DEBUG o.s.w.HttpLogging - Encoding [Pojo[foo='foofoofoo', bar='barbarbar']]
19:46:25.920 [Test worker] DEBUG o.s.w.HttpLogging - Encoding [Pojo[foo='foofoo', bar='barbar']]
19:46:25.927 [Test worker] DEBUG o.s.w.HttpLogging - Encoding [Pojo[foo='foofoofoo', bar='barbarbar']]
19:46:25.930 [Test worker] DEBUG o.s.w.HttpLogging - Encoding [Pojo[foo='foo??', bar='bar??']]
19:46:25.934 [Test worker] DEBUG o.s.w.HttpLogging - Encoding [Pojo[foo='foofoo', bar='barbar']]
19:46:25.936 [Test worker] DEBUG o.s.w.HttpLogging - Encoding [Pojo[foo='foofoofoo', bar='barbarbar']]
19:46:25.943 [Test worker] DEBUG o.s.w.HttpLogging - Encoding [Pojo[foo='foofoo', bar='barbar']]
19:46:25.944 [Test worker] DEBUG o.s.w.HttpLogging - Encoding [Pojo[foo='foofoofoo', bar='barbarbar']]
19:46:25.945 [Test worker] DEBUG o.s.w.HttpLogging - Encoding [Pojo[foo='foo??', bar='bar??']]
19:46:25.948 [Test worker] DEBUG o.s.w.HttpLogging - Encoding [Pojo[foo='foofoo', bar='barbar']]
19:46:25.950 [Test worker] DEBUG o.s.w.HttpLogging - Encoding [Pojo[foo='foofoofoo', bar='barbarbar']]
19:46:25.955 [Test worker] DEBUG o.s.w.HttpLogging - Encoding [Pojo[foo='foofoo', bar='barbar']]
19:46:25.956 [Test worker] DEBUG o.s.w.HttpLogging - Encoding [Pojo[foo='foofoofoo', bar='barbarbar']]
19:46:25.957 [Test worker] DEBUG o.s.w.HttpLogging - Encoding [Pojo[foo='foo??', bar='bar??']]
19:46:25.959 [Test worker] DEBUG o.s.w.HttpLogging - Encoding [Pojo[foo='foofoo', bar='barbar']]
19:46:25.960 [Test worker] DEBUG o.s.w.HttpLogging - Encoding [Pojo[foo='foofoofoo', bar='barbarbar']]
]]></system-out>
  <system-err><![CDATA[]]></system-err>
</testsuite>
