<?xml version="1.0" encoding="UTF-8"?>
<testsuite name="org.springframework.web.server.handler.ResponseStatusExceptionHandlerTests" tests="4" skipped="0" failures="0" errors="0" timestamp="2020-11-25T14:41:40" hostname="lichangbaodeMacBook-Pro.local" time="0.004">
  <properties/>
  <testcase name="handleNestedResponseStatusException" classname="org.springframework.web.server.handler.ResponseStatusExceptionHandlerTests" time="0.001"/>
  <testcase name="unresolvedException" classname="org.springframework.web.server.handler.ResponseStatusExceptionHandlerTests" time="0.002"/>
  <testcase name="responseCommitted" classname="org.springframework.web.server.handler.ResponseStatusExceptionHandlerTests" time="0.0"/>
  <testcase name="handleResponseStatusException" classname="org.springframework.web.server.handler.ResponseStatusExceptionHandlerTests" time="0.001"/>
  <system-out><![CDATA[22:41:40.022 [Test worker] DEBUG o.s.w.s.h.ResponseStatusExceptionHandler - [6da0f24b] Resolved [Exception: org.springframework.web.server.ResponseStatusException: 400 BAD_REQUEST ""] for HTTP GET /
22:41:40.025 [Test worker] DEBUG o.s.w.s.h.ResponseStatusExceptionHandler - [719206bc] Resolved [ResponseStatusException: 400 BAD_REQUEST ""] for HTTP GET /
]]></system-out>
  <system-err><![CDATA[]]></system-err>
</testsuite>
