<?xml version="1.0" encoding="UTF-8"?>
<testsuite name="org.springframework.web.filter.CompositeFilterTests" tests="1" skipped="0" failures="0" errors="0" timestamp="2019-06-21T11:46:13" hostname="Macbook-Air.local" time="0.011">
  <properties/>
  <testcase name="testCompositeFilter" classname="org.springframework.web.filter.CompositeFilterTests" time="0.011"/>
  <system-out><![CDATA[]]></system-out>
  <system-err><![CDATA[]]></system-err>
</testsuite>
