<?xml version="1.0" encoding="UTF-8"?>
<testsuite name="org.springframework.remoting.caucho.CauchoRemotingTests" tests="5" skipped="0" failures="0" errors="0" timestamp="2019-06-21T11:45:54" hostname="Macbook-Air.local" time="1.296">
  <properties/>
  <testcase name="hessianProxyFactoryBeanWithAuthenticationAndAccessError" classname="org.springframework.remoting.caucho.CauchoRemotingTests" time="1.023"/>
  <testcase name="simpleHessianServiceExporter" classname="org.springframework.remoting.caucho.CauchoRemotingTests" time="0.266"/>
  <testcase name="hessianProxyFactoryBeanWithCustomProxyFactory" classname="org.springframework.remoting.caucho.CauchoRemotingTests" time="0.003"/>
  <testcase name="hessianProxyFactoryBeanWithClassInsteadOfInterface" classname="org.springframework.remoting.caucho.CauchoRemotingTests" time="0.001"/>
  <testcase name="hessianProxyFactoryBeanWithAccessError" classname="org.springframework.remoting.caucho.CauchoRemotingTests" time="0.002"/>
  <system-out><![CDATA[]]></system-out>
  <system-err><![CDATA[]]></system-err>
</testsuite>
