<?xml version="1.0" encoding="UTF-8"?>
<testsuite name="org.springframework.http.converter.FormHttpMessageConverterTests" tests="7" skipped="0" failures="0" errors="0" timestamp="2019-06-21T11:46:23" hostname="Macbook-Air.local" time="0.109">
  <properties/>
  <testcase name="writeForm" classname="org.springframework.http.converter.FormHttpMessageConverterTests" time="0.003"/>
  <testcase name="canWriteMultipartMixedAndMultipartRelated" classname="org.springframework.http.converter.FormHttpMessageConverterTests" time="0.003"/>
  <testcase name="readForm" classname="org.springframework.http.converter.FormHttpMessageConverterTests" time="0.003"/>
  <testcase name="canWrite" classname="org.springframework.http.converter.FormHttpMessageConverterTests" time="0.002"/>
  <testcase name="canRead" classname="org.springframework.http.converter.FormHttpMessageConverterTests" time="0.003"/>
  <testcase name="writeMultipartOrder" classname="org.springframework.http.converter.FormHttpMessageConverterTests" time="0.073"/>
  <testcase name="writeMultipart" classname="org.springframework.http.converter.FormHttpMessageConverterTests" time="0.02"/>
  <system-out><![CDATA[]]></system-out>
  <system-err><![CDATA[]]></system-err>
</testsuite>
