<?xml version="1.0" encoding="UTF-8"?>
<testsuite name="org.springframework.http.converter.BufferedImageHttpMessageConverterTests" tests="5" skipped="0" failures="0" errors="0" timestamp="2020-11-25T14:41:47" hostname="lichangbaodeMacBook-Pro.local" time="0.204">
  <properties/>
  <testcase name="canWrite" classname="org.springframework.http.converter.BufferedImageHttpMessageConverterTests" time="0.019"/>
  <testcase name="read" classname="org.springframework.http.converter.BufferedImageHttpMessageConverterTests" time="0.036"/>
  <testcase name="write" classname="org.springframework.http.converter.BufferedImageHttpMessageConverterTests" time="0.086"/>
  <testcase name="canRead" classname="org.springframework.http.converter.BufferedImageHttpMessageConverterTests" time="0.0"/>
  <testcase name="writeDefaultContentType" classname="org.springframework.http.converter.BufferedImageHttpMessageConverterTests" time="0.063"/>
  <system-out><![CDATA[]]></system-out>
  <system-err><![CDATA[]]></system-err>
</testsuite>
