<?xml version="1.0" encoding="UTF-8"?>
<testsuite name="org.springframework.web.context.request.RequestScopedProxyTests" tests="6" skipped="0" failures="0" errors="0" timestamp="2020-11-25T14:41:38" hostname="lichangbaodeMacBook-Pro.local" time="0.189">
  <properties/>
  <testcase name="testGetAnonymousInnerBeanFromScope" classname="org.springframework.web.context.request.RequestScopedProxyTests" time="0.112"/>
  <testcase name="testGetInnerBeanFromScope" classname="org.springframework.web.context.request.RequestScopedProxyTests" time="0.015"/>
  <testcase name="testGetFromFactoryBeanInScope" classname="org.springframework.web.context.request.RequestScopedProxyTests" time="0.014"/>
  <testcase name="testGetFromScopeThroughDynamicProxy" classname="org.springframework.web.context.request.RequestScopedProxyTests" time="0.013"/>
  <testcase name="testGetFromScope" classname="org.springframework.web.context.request.RequestScopedProxyTests" time="0.013"/>
  <testcase name="testDestructionAtRequestCompletion" classname="org.springframework.web.context.request.RequestScopedProxyTests" time="0.021"/>
  <system-out><![CDATA[]]></system-out>
  <system-err><![CDATA[]]></system-err>
</testsuite>
