<?xml version="1.0" encoding="UTF-8"?>
<testsuite name="org.springframework.web.filter.reactive.HiddenHttpMethodFilterTests" tests="7" skipped="0" failures="0" errors="0" timestamp="2020-11-25T14:41:45" hostname="lichangbaodeMacBook-Pro.local" time="0.04">
  <properties/>
  <testcase name="filterWithParameter" classname="org.springframework.web.filter.reactive.HiddenHttpMethodFilterTests" time="0.034"/>
  <testcase name="filterWithNoParameter" classname="org.springframework.web.filter.reactive.HiddenHttpMethodFilterTests" time="0.001"/>
  <testcase name="filterWithEmptyStringParameter" classname="org.springframework.web.filter.reactive.HiddenHttpMethodFilterTests" time="0.001"/>
  <testcase name="filterWithInvalidMethodValue" classname="org.springframework.web.filter.reactive.HiddenHttpMethodFilterTests" time="0.002"/>
  <testcase name="filterWithDifferentMethodParam" classname="org.springframework.web.filter.reactive.HiddenHttpMethodFilterTests" time="0.001"/>
  <testcase name="filterWithParameterMethodNotAllowed" classname="org.springframework.web.filter.reactive.HiddenHttpMethodFilterTests" time="0.001"/>
  <testcase name="filterWithHttpPut" classname="org.springframework.web.filter.reactive.HiddenHttpMethodFilterTests" time="0.0"/>
  <system-out><![CDATA[22:41:45.305 [Test worker] DEBUG o.s.w.HttpLogging - [4b73eeac] Read form fields [_method] (content masked)
22:41:45.307 [Test worker] DEBUG o.s.w.HttpLogging - [7d1bfb61] Read form fields [] (content masked)
22:41:45.308 [Test worker] DEBUG o.s.w.HttpLogging - [27fa8a42] Read form fields [_method] (content masked)
22:41:45.309 [Test worker] DEBUG o.s.w.HttpLogging - [530f8270] Read form fields [_method] (content masked)
22:41:45.311 [Test worker] DEBUG o.s.w.HttpLogging - [35bddcc1] Read form fields [_foo] (content masked)
22:41:45.311 [Test worker] DEBUG o.s.w.HttpLogging - [47f60344] Read form fields [_method] (content masked)
]]></system-out>
  <system-err><![CDATA[]]></system-err>
</testsuite>
