<?xml version="1.0" encoding="UTF-8"?>
<testsuite name="org.springframework.web.context.request.WebApplicationContextScopeTests" tests="3" skipped="0" failures="0" errors="0" timestamp="2019-06-21T11:46:03" hostname="Macbook-Air.local" time="0.015">
  <properties/>
  <testcase name="testRequestScope" classname="org.springframework.web.context.request.WebApplicationContextScopeTests" time="0.002"/>
  <testcase name="testApplicationScope" classname="org.springframework.web.context.request.WebApplicationContextScopeTests" time="0.007"/>
  <testcase name="testSessionScope" classname="org.springframework.web.context.request.WebApplicationContextScopeTests" time="0.006"/>
  <system-out><![CDATA[19:46:03.374 [Test worker] DEBUG o.s.w.c.s.GenericWebApplicationContext - Refreshing org.springframework.web.context.support.GenericWebApplicationContext@18b4c7c3
19:46:03.376 [Test worker] DEBUG o.s.w.c.s.GenericWebApplicationContext - Refreshing org.springframework.web.context.support.GenericWebApplicationContext@648b1aaf
19:46:03.383 [Test worker] DEBUG o.s.w.c.s.GenericWebApplicationContext - Refreshing org.springframework.web.context.support.GenericWebApplicationContext@64657e32
]]></system-out>
  <system-err><![CDATA[]]></system-err>
</testsuite>
