<?xml version="1.0" encoding="UTF-8"?>
<testsuite name="org.springframework.web.context.request.WebApplicationContextScopeTests" tests="3" skipped="0" failures="0" errors="0" timestamp="2020-11-25T14:41:39" hostname="lichangbaodeMacBook-Pro.local" time="0.005">
  <properties/>
  <testcase name="testRequestScope" classname="org.springframework.web.context.request.WebApplicationContextScopeTests" time="0.001"/>
  <testcase name="testApplicationScope" classname="org.springframework.web.context.request.WebApplicationContextScopeTests" time="0.002"/>
  <testcase name="testSessionScope" classname="org.springframework.web.context.request.WebApplicationContextScopeTests" time="0.002"/>
  <system-out><![CDATA[22:41:39.422 [Test worker] DEBUG o.s.w.c.s.GenericWebApplicationContext - Refreshing org.springframework.web.context.support.GenericWebApplicationContext@26b67195
22:41:39.423 [Test worker] DEBUG o.s.w.c.s.GenericWebApplicationContext - Refreshing org.springframework.web.context.support.GenericWebApplicationContext@64fb8ed5
22:41:39.425 [Test worker] DEBUG o.s.w.c.s.GenericWebApplicationContext - Refreshing org.springframework.web.context.support.GenericWebApplicationContext@486a6440
]]></system-out>
  <system-err><![CDATA[]]></system-err>
</testsuite>
