<?xml version="1.0" encoding="UTF-8"?>
<testsuite name="org.springframework.http.codec.json.Jackson2SmileEncoderTests" tests="5" skipped="0" failures="0" errors="0" timestamp="2020-11-25T14:41:49" hostname="lichangbaodeMacBook-Pro.local" time="0.006">
  <properties/>
  <testcase name="encode" classname="org.springframework.http.codec.json.Jackson2SmileEncoderTests" time="0.001"/>
  <testcase name="encodeAsStream" classname="org.springframework.http.codec.json.Jackson2SmileEncoderTests" time="0.004"/>
  <testcase name="canEncode" classname="org.springframework.http.codec.json.Jackson2SmileEncoderTests" time="0.0"/>
  <testcase name="canNotEncode" classname="org.springframework.http.codec.json.Jackson2SmileEncoderTests" time="0.0"/>
  <testcase name="encodeError" classname="org.springframework.http.codec.json.Jackson2SmileEncoderTests" time="0.001"/>
  <system-out><![CDATA[22:41:49.694 [Test worker] DEBUG o.s.w.HttpLogging - Encoding [Pojo[foo='foo', bar='bar']]
22:41:49.695 [Test worker] DEBUG o.s.w.HttpLogging - Encoding [Pojo[foo='foofoo', bar='barbar']]
22:41:49.695 [Test worker] DEBUG o.s.w.HttpLogging - Encoding [Pojo[foo='foofoofoo', bar='barbarbar']]
22:41:49.695 [Test worker] DEBUG o.s.w.HttpLogging - Encoding [Pojo[foo='foo', bar='bar']]
22:41:49.696 [Test worker] DEBUG o.s.w.HttpLogging - Encoding [Pojo[foo='foo', bar='bar']]
]]></system-out>
  <system-err><![CDATA[]]></system-err>
</testsuite>
