<?xml version="1.0" encoding="UTF-8"?>
<testsuite name="org.springframework.remoting.caucho.CauchoRemotingTests" tests="5" skipped="0" failures="0" errors="0" timestamp="2020-11-25T14:41:35" hostname="lichangbaodeMacBook-Pro.local" time="0.859">
  <properties/>
  <testcase name="hessianProxyFactoryBeanWithAuthenticationAndAccessError" classname="org.springframework.remoting.caucho.CauchoRemotingTests" time="0.77"/>
  <testcase name="simpleHessianServiceExporter" classname="org.springframework.remoting.caucho.CauchoRemotingTests" time="0.087"/>
  <testcase name="hessianProxyFactoryBeanWithCustomProxyFactory" classname="org.springframework.remoting.caucho.CauchoRemotingTests" time="0.001"/>
  <testcase name="hessianProxyFactoryBeanWithClassInsteadOfInterface" classname="org.springframework.remoting.caucho.CauchoRemotingTests" time="0.001"/>
  <testcase name="hessianProxyFactoryBeanWithAccessError" classname="org.springframework.remoting.caucho.CauchoRemotingTests" time="0.0"/>
  <system-out><![CDATA[]]></system-out>
  <system-err><![CDATA[]]></system-err>
</testsuite>
