<?xml version="1.0" encoding="UTF-8"?>
<testsuite name="org.springframework.web.multipart.commons.CommonsMultipartResolverTests" tests="4" skipped="0" failures="0" errors="0" timestamp="2020-11-25T14:41:44" hostname="lichangbaodeMacBook-Pro.local" time="0.101">
  <properties/>
  <testcase name="withServletContextAndFilterWithCustomBeanName" classname="org.springframework.web.multipart.commons.CommonsMultipartResolverTests" time="0.043"/>
  <testcase name="withApplicationContext" classname="org.springframework.web.multipart.commons.CommonsMultipartResolverTests" time="0.046"/>
  <testcase name="withServletContextAndFilter" classname="org.springframework.web.multipart.commons.CommonsMultipartResolverTests" time="0.004"/>
  <testcase name="withApplicationContextAndLazyResolution" classname="org.springframework.web.multipart.commons.CommonsMultipartResolverTests" time="0.008"/>
  <system-out><![CDATA[22:41:44.915 [Test worker] DEBUG o.s.w.c.s.StaticWebApplicationContext - Refreshing Root WebApplicationContext
22:41:44.950 [Test worker] DEBUG o.s.w.m.c.CommonsMultipartResolverTests$3 - Filter 'filter' configured for use
22:41:44.950 [Test worker] DEBUG o.s.w.m.c.CommonsMultipartResolverTests$3 - Using MultipartResolver 'myMultipartResolver' for MultipartFilter
22:41:44.954 [Test worker] DEBUG o.s.w.m.c.CommonsMultipartResolverTests$MockCommonsMultipartResolver - Part 'field1', size 5 bytes, filename='field1.txt'
22:41:44.954 [Test worker] DEBUG o.s.w.m.c.CommonsMultipartResolverTests$MockCommonsMultipartResolver - Part 'field1', size 5 bytes, filename='field1.txt'
22:41:44.954 [Test worker] DEBUG o.s.w.m.c.CommonsMultipartResolverTests$MockCommonsMultipartResolver - Part 'field2', size 5 bytes, filename='field2.txt'
22:41:44.954 [Test worker] DEBUG o.s.w.m.c.CommonsMultipartResolverTests$MockCommonsMultipartResolver - Part 'field2x', size 5 bytes, filename='field2x.txt'
22:41:44.957 [Test worker] DEBUG o.s.w.m.c.CommonsMultipartResolverTests$MockCommonsMultipartResolver - Cleaning up part 'field1', filename 'field1.txt'
22:41:44.957 [Test worker] DEBUG o.s.w.m.c.CommonsMultipartResolverTests$MockCommonsMultipartResolver - Cleaning up part 'field1', filename 'field1.txt'
22:41:44.957 [Test worker] DEBUG o.s.w.m.c.CommonsMultipartResolverTests$MockCommonsMultipartResolver - Cleaning up part 'field2', filename 'field2.txt'
22:41:44.957 [Test worker] DEBUG o.s.w.m.c.CommonsMultipartResolverTests$MockCommonsMultipartResolver - Cleaning up part 'field2x', filename 'field2x.txt'
22:41:44.957 [Test worker] DEBUG o.s.w.m.c.CommonsMultipartResolverTests$3 - Using MultipartResolver 'myMultipartResolver' for MultipartFilter
22:41:44.957 [Test worker] DEBUG o.s.w.m.c.CommonsMultipartResolverTests$MockCommonsMultipartResolver - Part 'field1', size 5 bytes, filename='field1.txt'
22:41:44.957 [Test worker] DEBUG o.s.w.m.c.CommonsMultipartResolverTests$MockCommonsMultipartResolver - Part 'field1', size 5 bytes, filename='field1.txt'
22:41:44.958 [Test worker] DEBUG o.s.w.m.c.CommonsMultipartResolverTests$MockCommonsMultipartResolver - Part 'field2', size 5 bytes, filename='field2.txt'
22:41:44.958 [Test worker] DEBUG o.s.w.m.c.CommonsMultipartResolverTests$MockCommonsMultipartResolver - Part 'field2x', size 5 bytes, filename='field2x.txt'
22:41:44.958 [Test worker] DEBUG o.s.w.m.c.CommonsMultipartResolverTests$MockCommonsMultipartResolver - Cleaning up part 'field1', filename 'field1.txt'
22:41:44.958 [Test worker] DEBUG o.s.w.m.c.CommonsMultipartResolverTests$MockCommonsMultipartResolver - Cleaning up part 'field1', filename 'field1.txt'
22:41:44.958 [Test worker] DEBUG o.s.w.m.c.CommonsMultipartResolverTests$MockCommonsMultipartResolver - Cleaning up part 'field2', filename 'field2.txt'
22:41:44.958 [Test worker] DEBUG o.s.w.m.c.CommonsMultipartResolverTests$MockCommonsMultipartResolver - Cleaning up part 'field2x', filename 'field2x.txt'
22:41:44.958 [Test worker] DEBUG o.s.w.c.s.StaticWebApplicationContext - Refreshing Root WebApplicationContext
22:41:44.959 [Test worker] DEBUG o.s.w.m.c.CommonsMultipartResolverTests$MockCommonsMultipartResolver - Part 'field1', size 5 bytes, filename='field1.txt'
22:41:44.959 [Test worker] DEBUG o.s.w.m.c.CommonsMultipartResolverTests$MockCommonsMultipartResolver - Part 'field1', size 5 bytes, filename='field1.txt'
22:41:44.959 [Test worker] DEBUG o.s.w.m.c.CommonsMultipartResolverTests$MockCommonsMultipartResolver - Part 'field2', size 5 bytes, filename='field2.txt'
22:41:44.959 [Test worker] DEBUG o.s.w.m.c.CommonsMultipartResolverTests$MockCommonsMultipartResolver - Part 'field2x', size 5 bytes, filename='field2x.txt'
22:41:44.965 [Test worker] WARN  o.s.w.m.c.CommonsMultipartResolverTests$MockCommonsMultipartResolver - Could not decode multipart item 'field3' with encoding 'enc': using platform default
22:41:44.965 [Test worker] WARN  o.s.w.m.c.CommonsMultipartResolverTests$MockCommonsMultipartResolver - Could not decode multipart item 'field4' with encoding 'enc': using platform default
22:41:44.966 [Test worker] DEBUG o.s.w.m.c.CommonsMultipartFile - Part 'field1',  filename 'field1.txt': transferred to [/Users/lichangbao/resources/spring/spring-web/C:/transfer1]
22:41:44.966 [Test worker] DEBUG o.s.w.m.c.CommonsMultipartFile - Part 'field2',  filename 'field2.txt': transferred to [/Users/lichangbao/resources/spring/spring-web/C:/transfer2]
22:41:44.999 [Test worker] DEBUG o.s.w.m.c.CommonsMultipartResolverTests$MockCommonsMultipartResolver - Cleaning up part 'field1', filename 'field1.txt'
22:41:45.000 [Test worker] DEBUG o.s.w.m.c.CommonsMultipartResolverTests$MockCommonsMultipartResolver - Cleaning up part 'field1', filename 'field1.txt'
22:41:45.000 [Test worker] DEBUG o.s.w.m.c.CommonsMultipartResolverTests$MockCommonsMultipartResolver - Cleaning up part 'field2', filename 'field2.txt'
22:41:45.000 [Test worker] DEBUG o.s.w.m.c.CommonsMultipartResolverTests$MockCommonsMultipartResolver - Cleaning up part 'field2x', filename 'field2x.txt'
22:41:45.000 [Test worker] DEBUG o.s.w.m.c.CommonsMultipartResolverTests$MockCommonsMultipartResolver - Part 'field1', size 0 bytes, filename=''
22:41:45.000 [Test worker] DEBUG o.s.w.m.c.CommonsMultipartResolverTests$MockCommonsMultipartResolver - Part 'field1', size 0 bytes, filename=''
22:41:45.000 [Test worker] DEBUG o.s.w.m.c.CommonsMultipartResolverTests$MockCommonsMultipartResolver - Part 'field2', size 0 bytes, filename=''
22:41:45.000 [Test worker] DEBUG o.s.w.m.c.CommonsMultipartResolverTests$MockCommonsMultipartResolver - Part 'field2x', size 0 bytes, filename=''
22:41:45.000 [Test worker] WARN  o.s.w.m.c.CommonsMultipartResolverTests$MockCommonsMultipartResolver - Could not decode multipart item 'field3' with encoding 'enc': using platform default
22:41:45.001 [Test worker] WARN  o.s.w.m.c.CommonsMultipartResolverTests$MockCommonsMultipartResolver - Could not decode multipart item 'field4' with encoding 'enc': using platform default
22:41:45.001 [Test worker] DEBUG o.s.w.m.c.CommonsMultipartResolverTests$MockCommonsMultipartResolver - Part 'field1', size 0 bytes, filename=''
22:41:45.001 [Test worker] DEBUG o.s.w.m.c.CommonsMultipartResolverTests$MockCommonsMultipartResolver - Part 'field1', size 0 bytes, filename=''
22:41:45.001 [Test worker] DEBUG o.s.w.m.c.CommonsMultipartResolverTests$MockCommonsMultipartResolver - Part 'field2', size 0 bytes, filename=''
22:41:45.001 [Test worker] DEBUG o.s.w.m.c.CommonsMultipartResolverTests$MockCommonsMultipartResolver - Part 'field2x', size 0 bytes, filename=''
22:41:45.002 [Test worker] WARN  o.s.w.m.c.CommonsMultipartResolverTests$MockCommonsMultipartResolver - Could not decode multipart item 'field3' with encoding 'enc': using platform default
22:41:45.002 [Test worker] WARN  o.s.w.m.c.CommonsMultipartResolverTests$MockCommonsMultipartResolver - Could not decode multipart item 'field4' with encoding 'enc': using platform default
22:41:45.003 [Test worker] DEBUG o.s.w.c.s.StaticWebApplicationContext - Closing Root WebApplicationContext, started on Wed Nov 25 22:41:44 CST 2020
22:41:45.004 [Test worker] DEBUG o.s.w.c.s.StaticWebApplicationContext - Refreshing Root WebApplicationContext
22:41:45.005 [Test worker] DEBUG o.s.w.m.s.MultipartFilter - Filter 'filter' configured for use
22:41:45.007 [Test worker] DEBUG o.s.w.m.s.MultipartFilter - Using MultipartResolver 'filterMultipartResolver' for MultipartFilter
22:41:45.007 [Test worker] DEBUG o.s.w.m.c.CommonsMultipartResolverTests$MockCommonsMultipartResolver - Part 'field1', size 5 bytes, filename='field1.txt'
22:41:45.007 [Test worker] DEBUG o.s.w.m.c.CommonsMultipartResolverTests$MockCommonsMultipartResolver - Part 'field1', size 5 bytes, filename='field1.txt'
22:41:45.007 [Test worker] DEBUG o.s.w.m.c.CommonsMultipartResolverTests$MockCommonsMultipartResolver - Part 'field2', size 5 bytes, filename='field2.txt'
22:41:45.007 [Test worker] DEBUG o.s.w.m.c.CommonsMultipartResolverTests$MockCommonsMultipartResolver - Part 'field2x', size 5 bytes, filename='field2x.txt'
22:41:45.007 [Test worker] DEBUG o.s.w.m.c.CommonsMultipartResolverTests$MockCommonsMultipartResolver - Cleaning up part 'field1', filename 'field1.txt'
22:41:45.007 [Test worker] DEBUG o.s.w.m.c.CommonsMultipartResolverTests$MockCommonsMultipartResolver - Cleaning up part 'field1', filename 'field1.txt'
22:41:45.007 [Test worker] DEBUG o.s.w.m.c.CommonsMultipartResolverTests$MockCommonsMultipartResolver - Cleaning up part 'field2', filename 'field2.txt'
22:41:45.007 [Test worker] DEBUG o.s.w.m.c.CommonsMultipartResolverTests$MockCommonsMultipartResolver - Cleaning up part 'field2x', filename 'field2x.txt'
22:41:45.008 [Test worker] DEBUG o.s.w.c.s.StaticWebApplicationContext - Refreshing Root WebApplicationContext
22:41:45.008 [Test worker] DEBUG o.s.w.m.c.CommonsMultipartResolverTests$MockCommonsMultipartResolver - Part 'field1', size 5 bytes, filename='field1.txt'
22:41:45.008 [Test worker] DEBUG o.s.w.m.c.CommonsMultipartResolverTests$MockCommonsMultipartResolver - Part 'field1', size 5 bytes, filename='field1.txt'
22:41:45.008 [Test worker] DEBUG o.s.w.m.c.CommonsMultipartResolverTests$MockCommonsMultipartResolver - Part 'field2', size 5 bytes, filename='field2.txt'
22:41:45.009 [Test worker] DEBUG o.s.w.m.c.CommonsMultipartResolverTests$MockCommonsMultipartResolver - Part 'field2x', size 5 bytes, filename='field2x.txt'
22:41:45.009 [Test worker] WARN  o.s.w.m.c.CommonsMultipartResolverTests$MockCommonsMultipartResolver - Could not decode multipart item 'field3' with encoding 'enc': using platform default
22:41:45.010 [Test worker] WARN  o.s.w.m.c.CommonsMultipartResolverTests$MockCommonsMultipartResolver - Could not decode multipart item 'field4' with encoding 'enc': using platform default
22:41:45.010 [Test worker] DEBUG o.s.w.m.c.CommonsMultipartFile - Part 'field1',  filename 'field1.txt': transferred to [/Users/lichangbao/resources/spring/spring-web/C:/transfer1]
22:41:45.010 [Test worker] DEBUG o.s.w.m.c.CommonsMultipartFile - Part 'field2',  filename 'field2.txt': transferred to [/Users/lichangbao/resources/spring/spring-web/C:/transfer2]
22:41:45.011 [Test worker] DEBUG o.s.w.m.c.CommonsMultipartResolverTests$MockCommonsMultipartResolver - Cleaning up part 'field1', filename 'field1.txt'
22:41:45.012 [Test worker] DEBUG o.s.w.m.c.CommonsMultipartResolverTests$MockCommonsMultipartResolver - Cleaning up part 'field1', filename 'field1.txt'
22:41:45.012 [Test worker] DEBUG o.s.w.m.c.CommonsMultipartResolverTests$MockCommonsMultipartResolver - Cleaning up part 'field2', filename 'field2.txt'
22:41:45.012 [Test worker] DEBUG o.s.w.m.c.CommonsMultipartResolverTests$MockCommonsMultipartResolver - Cleaning up part 'field2x', filename 'field2x.txt'
22:41:45.012 [Test worker] DEBUG o.s.w.m.c.CommonsMultipartResolverTests$MockCommonsMultipartResolver - Part 'field1', size 0 bytes, filename=''
22:41:45.012 [Test worker] DEBUG o.s.w.m.c.CommonsMultipartResolverTests$MockCommonsMultipartResolver - Part 'field1', size 0 bytes, filename=''
22:41:45.012 [Test worker] DEBUG o.s.w.m.c.CommonsMultipartResolverTests$MockCommonsMultipartResolver - Part 'field2', size 0 bytes, filename=''
22:41:45.012 [Test worker] DEBUG o.s.w.m.c.CommonsMultipartResolverTests$MockCommonsMultipartResolver - Part 'field2x', size 0 bytes, filename=''
22:41:45.012 [Test worker] WARN  o.s.w.m.c.CommonsMultipartResolverTests$MockCommonsMultipartResolver - Could not decode multipart item 'field3' with encoding 'enc': using platform default
22:41:45.013 [Test worker] WARN  o.s.w.m.c.CommonsMultipartResolverTests$MockCommonsMultipartResolver - Could not decode multipart item 'field4' with encoding 'enc': using platform default
22:41:45.014 [Test worker] DEBUG o.s.w.m.c.CommonsMultipartResolverTests$MockCommonsMultipartResolver - Part 'field1', size 0 bytes, filename=''
22:41:45.014 [Test worker] DEBUG o.s.w.m.c.CommonsMultipartResolverTests$MockCommonsMultipartResolver - Part 'field1', size 0 bytes, filename=''
22:41:45.014 [Test worker] DEBUG o.s.w.m.c.CommonsMultipartResolverTests$MockCommonsMultipartResolver - Part 'field2', size 0 bytes, filename=''
22:41:45.014 [Test worker] DEBUG o.s.w.m.c.CommonsMultipartResolverTests$MockCommonsMultipartResolver - Part 'field2x', size 0 bytes, filename=''
22:41:45.014 [Test worker] WARN  o.s.w.m.c.CommonsMultipartResolverTests$MockCommonsMultipartResolver - Could not decode multipart item 'field3' with encoding 'enc': using platform default
22:41:45.015 [Test worker] WARN  o.s.w.m.c.CommonsMultipartResolverTests$MockCommonsMultipartResolver - Could not decode multipart item 'field4' with encoding 'enc': using platform default
22:41:45.015 [Test worker] DEBUG o.s.w.c.s.StaticWebApplicationContext - Closing Root WebApplicationContext, started on Wed Nov 25 22:41:45 CST 2020
]]></system-out>
  <system-err><![CDATA[]]></system-err>
</testsuite>
