<?xml version="1.0" encoding="UTF-8"?>
<testsuite name="org.springframework.web.cors.reactive.DefaultCorsProcessorTests" tests="22" skipped="0" failures="0" errors="0" timestamp="2020-11-25T14:41:45" hostname="lichangbaodeMacBook-Pro.local" time="0.007">
  <properties/>
  <testcase name="sameOriginRequest" classname="org.springframework.web.cors.reactive.DefaultCorsProcessorTests" time="0.001"/>
  <testcase name="preflightRequestWithEmptyHeaders" classname="org.springframework.web.cors.reactive.DefaultCorsProcessorTests" time="0.0"/>
  <testcase name="preflightRequestValidRequestAndConfig" classname="org.springframework.web.cors.reactive.DefaultCorsProcessorTests" time="0.001"/>
  <testcase name="preflightRequestCredentialsWithOriginWildcard" classname="org.springframework.web.cors.reactive.DefaultCorsProcessorTests" time="0.0"/>
  <testcase name="preflightRequestWithoutRequestMethod" classname="org.springframework.web.cors.reactive.DefaultCorsProcessorTests" time="0.0"/>
  <testcase name="preflightRequestTestWithOriginButWithoutOtherHeaders" classname="org.springframework.web.cors.reactive.DefaultCorsProcessorTests" time="0.001"/>
  <testcase name="preflightRequestAllowedHeaders" classname="org.springframework.web.cors.reactive.DefaultCorsProcessorTests" time="0.0"/>
  <testcase name="preflightRequestCredentials" classname="org.springframework.web.cors.reactive.DefaultCorsProcessorTests" time="0.0"/>
  <testcase name="preflightRequestAllowsAllHeaders" classname="org.springframework.web.cors.reactive.DefaultCorsProcessorTests" time="0.001"/>
  <testcase name="preflightRequestWithRequestAndMethodHeaderButNoConfig" classname="org.springframework.web.cors.reactive.DefaultCorsProcessorTests" time="0.0"/>
  <testcase name="preflightRequestWrongAllowedMethod" classname="org.springframework.web.cors.reactive.DefaultCorsProcessorTests" time="0.0"/>
  <testcase name="preflightRequestMatchedAllowedMethod" classname="org.springframework.web.cors.reactive.DefaultCorsProcessorTests" time="0.0"/>
  <testcase name="actualRequestCaseInsensitiveOriginMatch" classname="org.springframework.web.cors.reactive.DefaultCorsProcessorTests" time="0.0"/>
  <testcase name="actualRequestWithOriginHeaderAndAllowedOrigin" classname="org.springframework.web.cors.reactive.DefaultCorsProcessorTests" time="0.001"/>
  <testcase name="actualRequestCredentials" classname="org.springframework.web.cors.reactive.DefaultCorsProcessorTests" time="0.0"/>
  <testcase name="actualRequestCredentialsWithOriginWildcard" classname="org.springframework.web.cors.reactive.DefaultCorsProcessorTests" time="0.001"/>
  <testcase name="requestWithoutOriginHeader" classname="org.springframework.web.cors.reactive.DefaultCorsProcessorTests" time="0.0"/>
  <testcase name="actualRequestWithOriginHeaderAndNullConfig" classname="org.springframework.web.cors.reactive.DefaultCorsProcessorTests" time="0.0"/>
  <testcase name="actualRequestExposedHeaders" classname="org.springframework.web.cors.reactive.DefaultCorsProcessorTests" time="0.001"/>
  <testcase name="preflightRequestWithNullConfig" classname="org.springframework.web.cors.reactive.DefaultCorsProcessorTests" time="0.0"/>
  <testcase name="preflightRequestAllOriginsAllowed" classname="org.springframework.web.cors.reactive.DefaultCorsProcessorTests" time="0.0"/>
  <testcase name="actualRequestWithOriginHeader" classname="org.springframework.web.cors.reactive.DefaultCorsProcessorTests" time="0.0"/>
  <system-out><![CDATA[22:41:45.129 [Test worker] DEBUG o.s.w.c.r.DefaultCorsProcessor - Reject: 'https://domain2.com' origin is not allowed
22:41:45.129 [Test worker] DEBUG o.s.w.c.r.DefaultCorsProcessor - Reject: 'https://domain2.com' origin is not allowed
22:41:45.130 [Test worker] DEBUG o.s.w.c.r.DefaultCorsProcessor - Reject: 'https://domain2.com' origin is not allowed
22:41:45.131 [Test worker] DEBUG o.s.w.c.r.DefaultCorsProcessor - Reject: HTTP 'DELETE' is not allowed
22:41:45.134 [Test worker] DEBUG o.s.w.c.r.DefaultCorsProcessor - Reject: 'https://domain2.com' origin is not allowed
]]></system-out>
  <system-err><![CDATA[]]></system-err>
</testsuite>
