<?xml version="1.0" encoding="UTF-8"?>
<testsuite name="org.springframework.http.codec.support.ServerCodecConfigurerTests" tests="3" skipped="0" failures="0" errors="0" timestamp="2020-11-25T14:41:49" hostname="lichangbaodeMacBook-Pro.local" time="0.002">
  <properties/>
  <testcase name="defaultReaders" classname="org.springframework.http.codec.support.ServerCodecConfigurerTests" time="0.001"/>
  <testcase name="defaultWriters" classname="org.springframework.http.codec.support.ServerCodecConfigurerTests" time="0.001"/>
  <testcase name="jackson2EncoderOverride" classname="org.springframework.http.codec.support.ServerCodecConfigurerTests" time="0.0"/>
  <system-out><![CDATA[22:41:49.780 [Test worker] DEBUG o.s.w.HttpLogging - Decoded "line1"
22:41:49.780 [Test worker] DEBUG o.s.w.HttpLogging - Decoded "line2"
22:41:49.780 [Test worker] DEBUG o.s.w.HttpLogging - Decoded "line1"
22:41:49.780 [Test worker] DEBUG o.s.w.HttpLogging - Decoded "line2"
]]></system-out>
  <system-err><![CDATA[]]></system-err>
</testsuite>
