<?xml version="1.0" encoding="UTF-8"?>
<testsuite name="org.springframework.http.codec.ServerSentEventHttpMessageReaderTests" tests="8" skipped="0" failures="0" errors="0" timestamp="2020-11-25T14:41:50" hostname="lichangbaodeMacBook-Pro.local" time="0.016">
  <properties/>
  <testcase name="readServerSentEvents" classname="org.springframework.http.codec.ServerSentEventHttpMessageReaderTests" time="0.006"/>
  <testcase name="readServerSentEventsWithMultipleChunks" classname="org.springframework.http.codec.ServerSentEventHttpMessageReaderTests" time="0.004"/>
  <testcase name="decodeFullContentAsString" classname="org.springframework.http.codec.ServerSentEventHttpMessageReaderTests" time="0.0"/>
  <testcase name="readError" classname="org.springframework.http.codec.ServerSentEventHttpMessageReaderTests" time="0.002"/>
  <testcase name="readPojo" classname="org.springframework.http.codec.ServerSentEventHttpMessageReaderTests" time="0.002"/>
  <testcase name="readString" classname="org.springframework.http.codec.ServerSentEventHttpMessageReaderTests" time="0.001"/>
  <testcase name="cantRead" classname="org.springframework.http.codec.ServerSentEventHttpMessageReaderTests" time="0.0"/>
  <testcase name="canRead" classname="org.springframework.http.codec.ServerSentEventHttpMessageReaderTests" time="0.001"/>
  <system-out><![CDATA[22:41:50.211 [Test worker] DEBUG o.s.w.HttpLogging - Decoded [Pojo[foo='foofoo', bar='barbar']]
22:41:50.211 [Test worker] DEBUG o.s.w.HttpLogging - Decoded [Pojo[foo='foofoofoo', bar='barbarbar']]
]]></system-out>
  <system-err><![CDATA[]]></system-err>
</testsuite>
