<?xml version="1.0" encoding="UTF-8"?>
<testsuite name="org.springframework.web.filter.DelegatingFilterProxyTests" tests="13" skipped="0" failures="0" errors="0" timestamp="2019-06-21T11:46:13" hostname="Macbook-Air.local" time="0.035">
  <properties/>
  <testcase name="testDelegatingFilterProxyNotInjectedWacServletAttrPreferred" classname="org.springframework.web.filter.DelegatingFilterProxyTests" time="0.006"/>
  <testcase name="testDelegatingFilterProxyAndCustomContextAttribute" classname="org.springframework.web.filter.DelegatingFilterProxyTests" time="0.005"/>
  <testcase name="testDelegatingFilterProxy" classname="org.springframework.web.filter.DelegatingFilterProxyTests" time="0.002"/>
  <testcase name="testDelegatingFilterProxyWithFilterDelegateInstance" classname="org.springframework.web.filter.DelegatingFilterProxyTests" time="0.001"/>
  <testcase name="testDelegatingFilterProxyWithTargetBeanNameAndNotYetRefreshedApplicationContext" classname="org.springframework.web.filter.DelegatingFilterProxyTests" time="0.001"/>
  <testcase name="testDelegatingFilterProxyInjectedPreferred" classname="org.springframework.web.filter.DelegatingFilterProxyTests" time="0.003"/>
  <testcase name="testDelegatingFilterProxyWithTargetBeanNameAndNoApplicationContext" classname="org.springframework.web.filter.DelegatingFilterProxyTests" time="0.001"/>
  <testcase name="testDelegatingFilterProxyWithTargetBeanName" classname="org.springframework.web.filter.DelegatingFilterProxyTests" time="0.002"/>
  <testcase name="testDelegatingFilterProxyWithFilterName" classname="org.springframework.web.filter.DelegatingFilterProxyTests" time="0.002"/>
  <testcase name="testDelegatingFilterProxyWithTargetFilterLifecycle" classname="org.springframework.web.filter.DelegatingFilterProxyTests" time="0.004"/>
  <testcase name="testDelegatingFilterProxyWithFrameworkServletContext" classname="org.springframework.web.filter.DelegatingFilterProxyTests" time="0.003"/>
  <testcase name="testDelegatingFilterProxyNotInjectedWithRootPreferred" classname="org.springframework.web.filter.DelegatingFilterProxyTests" time="0.002"/>
  <testcase name="testDelegatingFilterProxyWithLazyContextStartup" classname="org.springframework.web.filter.DelegatingFilterProxyTests" time="0.003"/>
  <system-out><![CDATA[19:46:13.241 [Test worker] DEBUG o.s.w.c.s.StaticWebApplicationContext - Refreshing Root WebApplicationContext
19:46:13.245 [Test worker] DEBUG o.s.w.c.s.StaticWebApplicationContext - Refreshing Root WebApplicationContext
19:46:13.247 [Test worker] DEBUG o.s.w.c.s.StaticWebApplicationContext - Refreshing Root WebApplicationContext
19:46:13.251 [Test worker] DEBUG o.s.w.f.DelegatingFilterProxy - Filter '' configured for use
19:46:13.252 [Test worker] DEBUG o.s.w.c.s.StaticWebApplicationContext - Refreshing Root WebApplicationContext
19:46:13.254 [Test worker] DEBUG o.s.w.f.DelegatingFilterProxy - Filter '' configured for use
19:46:13.254 [Test worker] DEBUG o.s.w.f.DelegatingFilterProxy - Filter '' configured for use
19:46:13.255 [Test worker] DEBUG o.s.w.c.s.StaticWebApplicationContext - Refreshing Root WebApplicationContext
19:46:13.256 [Test worker] DEBUG o.s.w.f.DelegatingFilterProxy - Filter '' configured for use
19:46:13.256 [Test worker] DEBUG o.s.w.c.s.StaticWebApplicationContext - Refreshing Root WebApplicationContext
19:46:13.257 [Test worker] DEBUG o.s.w.c.s.StaticWebApplicationContext - Refreshing Root WebApplicationContext
19:46:13.259 [Test worker] DEBUG o.s.w.f.DelegatingFilterProxy - Filter '' configured for use
19:46:13.260 [Test worker] DEBUG o.s.w.c.s.StaticWebApplicationContext - Refreshing Root WebApplicationContext
19:46:13.261 [Test worker] DEBUG o.s.w.f.DelegatingFilterProxy - Filter '' configured for use
19:46:13.262 [Test worker] DEBUG o.s.w.c.s.StaticWebApplicationContext - Refreshing Root WebApplicationContext
19:46:13.264 [Test worker] DEBUG o.s.w.f.DelegatingFilterProxy - Filter 'targetFilter' configured for use
19:46:13.265 [Test worker] DEBUG o.s.w.c.s.StaticWebApplicationContext - Refreshing Root WebApplicationContext
19:46:13.267 [Test worker] DEBUG o.s.w.f.DelegatingFilterProxy - Filter '' configured for use
19:46:13.268 [Test worker] DEBUG o.s.w.c.s.StaticWebApplicationContext - Refreshing Root WebApplicationContext
19:46:13.270 [Test worker] DEBUG o.s.w.f.DelegatingFilterProxy - Filter '' configured for use
19:46:13.271 [Test worker] DEBUG o.s.w.c.s.StaticWebApplicationContext - Refreshing Root WebApplicationContext
19:46:13.272 [Test worker] DEBUG o.s.w.c.s.StaticWebApplicationContext - Refreshing Root WebApplicationContext
19:46:13.274 [Test worker] DEBUG o.s.w.f.DelegatingFilterProxy - Filter '' configured for use
19:46:13.275 [Test worker] DEBUG o.s.w.c.s.StaticWebApplicationContext - Refreshing Root WebApplicationContext
]]></system-out>
  <system-err><![CDATA[]]></system-err>
</testsuite>
