<?xml version="1.0" encoding="UTF-8"?>
<testsuite name="org.springframework.web.filter.DelegatingFilterProxyTests" tests="13" skipped="0" failures="0" errors="0" timestamp="2020-11-25T14:41:45" hostname="lichangbaodeMacBook-Pro.local" time="0.016">
  <properties/>
  <testcase name="testDelegatingFilterProxyNotInjectedWacServletAttrPreferred" classname="org.springframework.web.filter.DelegatingFilterProxyTests" time="0.002"/>
  <testcase name="testDelegatingFilterProxyAndCustomContextAttribute" classname="org.springframework.web.filter.DelegatingFilterProxyTests" time="0.004"/>
  <testcase name="testDelegatingFilterProxy" classname="org.springframework.web.filter.DelegatingFilterProxyTests" time="0.001"/>
  <testcase name="testDelegatingFilterProxyWithFilterDelegateInstance" classname="org.springframework.web.filter.DelegatingFilterProxyTests" time="0.0"/>
  <testcase name="testDelegatingFilterProxyWithTargetBeanNameAndNotYetRefreshedApplicationContext" classname="org.springframework.web.filter.DelegatingFilterProxyTests" time="0.001"/>
  <testcase name="testDelegatingFilterProxyInjectedPreferred" classname="org.springframework.web.filter.DelegatingFilterProxyTests" time="0.001"/>
  <testcase name="testDelegatingFilterProxyWithTargetBeanNameAndNoApplicationContext" classname="org.springframework.web.filter.DelegatingFilterProxyTests" time="0.001"/>
  <testcase name="testDelegatingFilterProxyWithTargetBeanName" classname="org.springframework.web.filter.DelegatingFilterProxyTests" time="0.0"/>
  <testcase name="testDelegatingFilterProxyWithFilterName" classname="org.springframework.web.filter.DelegatingFilterProxyTests" time="0.001"/>
  <testcase name="testDelegatingFilterProxyWithTargetFilterLifecycle" classname="org.springframework.web.filter.DelegatingFilterProxyTests" time="0.001"/>
  <testcase name="testDelegatingFilterProxyWithFrameworkServletContext" classname="org.springframework.web.filter.DelegatingFilterProxyTests" time="0.002"/>
  <testcase name="testDelegatingFilterProxyNotInjectedWithRootPreferred" classname="org.springframework.web.filter.DelegatingFilterProxyTests" time="0.001"/>
  <testcase name="testDelegatingFilterProxyWithLazyContextStartup" classname="org.springframework.web.filter.DelegatingFilterProxyTests" time="0.001"/>
  <system-out><![CDATA[22:41:45.154 [Test worker] DEBUG o.s.w.c.s.StaticWebApplicationContext - Refreshing Root WebApplicationContext
22:41:45.155 [Test worker] DEBUG o.s.w.c.s.StaticWebApplicationContext - Refreshing Root WebApplicationContext
22:41:45.156 [Test worker] DEBUG o.s.w.c.s.StaticWebApplicationContext - Refreshing Root WebApplicationContext
22:41:45.160 [Test worker] DEBUG o.s.w.f.DelegatingFilterProxy - Filter '' configured for use
22:41:45.160 [Test worker] DEBUG o.s.w.c.s.StaticWebApplicationContext - Refreshing Root WebApplicationContext
22:41:45.161 [Test worker] DEBUG o.s.w.f.DelegatingFilterProxy - Filter '' configured for use
22:41:45.161 [Test worker] DEBUG o.s.w.f.DelegatingFilterProxy - Filter '' configured for use
22:41:45.161 [Test worker] DEBUG o.s.w.c.s.StaticWebApplicationContext - Refreshing Root WebApplicationContext
22:41:45.162 [Test worker] DEBUG o.s.w.f.DelegatingFilterProxy - Filter '' configured for use
22:41:45.162 [Test worker] DEBUG o.s.w.c.s.StaticWebApplicationContext - Refreshing Root WebApplicationContext
22:41:45.162 [Test worker] DEBUG o.s.w.c.s.StaticWebApplicationContext - Refreshing Root WebApplicationContext
22:41:45.163 [Test worker] DEBUG o.s.w.f.DelegatingFilterProxy - Filter '' configured for use
22:41:45.163 [Test worker] DEBUG o.s.w.c.s.StaticWebApplicationContext - Refreshing Root WebApplicationContext
22:41:45.164 [Test worker] DEBUG o.s.w.f.DelegatingFilterProxy - Filter '' configured for use
22:41:45.164 [Test worker] DEBUG o.s.w.c.s.StaticWebApplicationContext - Refreshing Root WebApplicationContext
22:41:45.165 [Test worker] DEBUG o.s.w.f.DelegatingFilterProxy - Filter 'targetFilter' configured for use
22:41:45.165 [Test worker] DEBUG o.s.w.c.s.StaticWebApplicationContext - Refreshing Root WebApplicationContext
22:41:45.166 [Test worker] DEBUG o.s.w.f.DelegatingFilterProxy - Filter '' configured for use
22:41:45.166 [Test worker] DEBUG o.s.w.c.s.StaticWebApplicationContext - Refreshing Root WebApplicationContext
22:41:45.167 [Test worker] DEBUG o.s.w.f.DelegatingFilterProxy - Filter '' configured for use
22:41:45.167 [Test worker] DEBUG o.s.w.c.s.StaticWebApplicationContext - Refreshing Root WebApplicationContext
22:41:45.168 [Test worker] DEBUG o.s.w.c.s.StaticWebApplicationContext - Refreshing Root WebApplicationContext
22:41:45.169 [Test worker] DEBUG o.s.w.f.DelegatingFilterProxy - Filter '' configured for use
22:41:45.169 [Test worker] DEBUG o.s.w.c.s.StaticWebApplicationContext - Refreshing Root WebApplicationContext
]]></system-out>
  <system-err><![CDATA[]]></system-err>
</testsuite>
