<?xml version="1.0" encoding="UTF-8"?>
<testsuite name="org.springframework.web.filter.RequestLoggingFilterTests" tests="7" skipped="0" failures="0" errors="0" timestamp="2020-11-25T14:41:45" hostname="lichangbaodeMacBook-Pro.local" time="0.002">
  <properties/>
  <testcase name="payloadMaxLength" classname="org.springframework.web.filter.RequestLoggingFilterTests" time="0.001"/>
  <testcase name="payloadReader" classname="org.springframework.web.filter.RequestLoggingFilterTests" time="0.0"/>
  <testcase name="payloadInputStream" classname="org.springframework.web.filter.RequestLoggingFilterTests" time="0.0"/>
  <testcase name="queryStringIncluded" classname="org.springframework.web.filter.RequestLoggingFilterTests" time="0.001"/>
  <testcase name="uri" classname="org.springframework.web.filter.RequestLoggingFilterTests" time="0.0"/>
  <testcase name="noQueryStringAvailable" classname="org.springframework.web.filter.RequestLoggingFilterTests" time="0.0"/>
  <testcase name="headers" classname="org.springframework.web.filter.RequestLoggingFilterTests" time="0.0"/>
  <system-out><![CDATA[]]></system-out>
  <system-err><![CDATA[]]></system-err>
</testsuite>
