<?xml version="1.0" encoding="UTF-8"?>
<testsuite name="org.springframework.web.cors.reactive.CorsWebFilterTests" tests="6" skipped="0" failures="0" errors="0" timestamp="2019-06-21T11:46:13" hostname="Macbook-Air.local" time="0.019">
  <properties/>
  <testcase name="sameOriginRequest" classname="org.springframework.web.cors.reactive.CorsWebFilterTests" time="0.01"/>
  <testcase name="validActualRequest" classname="org.springframework.web.cors.reactive.CorsWebFilterTests" time="0.002"/>
  <testcase name="validPreFlightRequest" classname="org.springframework.web.cors.reactive.CorsWebFilterTests" time="0.002"/>
  <testcase name="nonCorsRequest" classname="org.springframework.web.cors.reactive.CorsWebFilterTests" time="0.002"/>
  <testcase name="invalidPreFlightRequest" classname="org.springframework.web.cors.reactive.CorsWebFilterTests" time="0.002"/>
  <testcase name="invalidActualRequest" classname="org.springframework.web.cors.reactive.CorsWebFilterTests" time="0.001"/>
  <system-out><![CDATA[19:46:13.141 [Test worker] DEBUG o.s.w.c.r.DefaultCorsProcessor - Reject: HTTP 'DELETE' is not allowed
19:46:13.142 [Test worker] DEBUG o.s.w.c.r.DefaultCorsProcessor - Reject: HTTP 'DELETE' is not allowed
]]></system-out>
  <system-err><![CDATA[]]></system-err>
</testsuite>
