<?xml version="1.0" encoding="UTF-8"?>
<testsuite name="org.springframework.web.bind.support.WebExchangeDataBinderTests" tests="10" skipped="0" failures="0" errors="0" timestamp="2019-06-21T11:46:14" hostname="Macbook-Air.local" time="0.196">
  <properties/>
  <testcase name="testFieldDefault" classname="org.springframework.web.bind.support.WebExchangeDataBinderTests" time="0.049"/>
  <testcase name="testFieldPrefixCausesFieldReset" classname="org.springframework.web.bind.support.WebExchangeDataBinderTests" time="0.009"/>
  <testcase name="testBindingWithNestedObjectCreation" classname="org.springframework.web.bind.support.WebExchangeDataBinderTests" time="0.003"/>
  <testcase name="testFieldDefaultPreemptsFieldMarker" classname="org.springframework.web.bind.support.WebExchangeDataBinderTests" time="0.009"/>
  <testcase name="testMultipart" classname="org.springframework.web.bind.support.WebExchangeDataBinderTests" time="0.103"/>
  <testcase name="testFieldDefaultNonBoolean" classname="org.springframework.web.bind.support.WebExchangeDataBinderTests" time="0.007"/>
  <testcase name="testBindingWithQueryParams" classname="org.springframework.web.bind.support.WebExchangeDataBinderTests" time="0.001"/>
  <testcase name="testFieldPrefixCausesFieldResetWithIgnoreUnknownFields" classname="org.springframework.web.bind.support.WebExchangeDataBinderTests" time="0.006"/>
  <testcase name="testWithCommaSeparatedStringArray" classname="org.springframework.web.bind.support.WebExchangeDataBinderTests" time="0.006"/>
  <testcase name="testBindingWithNestedObjectCreationAndWrongOrder" classname="org.springframework.web.bind.support.WebExchangeDataBinderTests" time="0.003"/>
  <system-out><![CDATA[19:46:14.283 [Test worker] DEBUG o.s.w.HttpLogging - Writing form fields [!postProcessed, postProcessed] (content masked)
19:46:14.296 [Test worker] DEBUG o.s.w.HttpLogging - [54ef9934] Read form fields [!postProcessed, postProcessed] (content masked)
19:46:14.304 [Test worker] DEBUG o.s.w.HttpLogging - Writing form fields [!postProcessed] (content masked)
19:46:14.306 [Test worker] DEBUG o.s.w.HttpLogging - [2920ec41] Read form fields [!postProcessed] (content masked)
19:46:14.307 [Test worker] DEBUG o.s.w.HttpLogging - Writing form fields [_postProcessed, postProcessed] (content masked)
19:46:14.310 [Test worker] DEBUG o.s.w.HttpLogging - [76902bf1] Read form fields [_postProcessed, postProcessed] (content masked)
19:46:14.311 [Test worker] DEBUG o.s.w.HttpLogging - Writing form fields [_postProcessed] (content masked)
19:46:14.314 [Test worker] DEBUG o.s.w.HttpLogging - [1939ab71] Read form fields [_postProcessed] (content masked)
19:46:14.316 [Test worker] DEBUG o.s.w.HttpLogging - Writing form fields [spouse, spouse.name] (content masked)
19:46:14.318 [Test worker] DEBUG o.s.w.HttpLogging - [5327b738] Read form fields [spouse, spouse.name] (content masked)
19:46:14.320 [Test worker] DEBUG o.s.w.HttpLogging - Writing form fields [!postProcessed, _postProcessed, postProcessed] (content masked)
19:46:14.323 [Test worker] DEBUG o.s.w.HttpLogging - [711ec0e] Read form fields [!postProcessed, _postProcessed, postProcessed] (content masked)
19:46:14.324 [Test worker] DEBUG o.s.w.HttpLogging - Writing form fields [!postProcessed, _postProcessed] (content masked)
19:46:14.325 [Test worker] DEBUG o.s.w.HttpLogging - [16b3b706] Read form fields [!postProcessed, _postProcessed] (content masked)
19:46:14.326 [Test worker] DEBUG o.s.w.HttpLogging - Writing form fields [_postProcessed] (content masked)
19:46:14.328 [Test worker] DEBUG o.s.w.HttpLogging - [4c89d2ae] Read form fields [_postProcessed] (content masked)
19:46:14.351 [Test worker] DEBUG o.s.w.HttpLogging - Encoding parts [name, someList, someArray, part, somePartList] (content masked)
19:46:14.431 [Test worker] DEBUG o.s.w.HttpLogging - Writing form fields [!name, name] (content masked)
19:46:14.434 [Test worker] DEBUG o.s.w.HttpLogging - [273ed6dd] Read form fields [!name, name] (content masked)
19:46:14.435 [Test worker] DEBUG o.s.w.HttpLogging - Writing form fields [!name] (content masked)
19:46:14.437 [Test worker] DEBUG o.s.w.HttpLogging - [4f26c03d] Read form fields [!name] (content masked)
19:46:14.439 [Test worker] DEBUG o.s.w.HttpLogging - Writing form fields [_postProcessed, postProcessed] (content masked)
19:46:14.441 [Test worker] DEBUG o.s.w.HttpLogging - [263cefe9] Read form fields [_postProcessed, postProcessed] (content masked)
19:46:14.441 [Test worker] DEBUG o.s.w.HttpLogging - Writing form fields [_postProcessed] (content masked)
19:46:14.444 [Test worker] DEBUG o.s.w.HttpLogging - [77e55dcd] Read form fields [_postProcessed] (content masked)
19:46:14.445 [Test worker] DEBUG o.s.w.HttpLogging - Writing form fields [stringArray] (content masked)
19:46:14.447 [Test worker] DEBUG o.s.w.HttpLogging - [ebb5c24] Read form fields [stringArray] (content masked)
19:46:14.447 [Test worker] DEBUG o.s.w.HttpLogging - Writing form fields [stringArray] (content masked)
19:46:14.449 [Test worker] DEBUG o.s.w.HttpLogging - [3843f69] Read form fields [stringArray] (content masked)
19:46:14.451 [Test worker] DEBUG o.s.w.HttpLogging - Writing form fields [spouse.name, spouse] (content masked)
19:46:14.453 [Test worker] DEBUG o.s.w.HttpLogging - [4206db57] Read form fields [spouse.name, spouse] (content masked)
]]></system-out>
  <system-err><![CDATA[]]></system-err>
</testsuite>
