<?xml version="1.0" encoding="UTF-8"?>
<testsuite name="org.springframework.http.converter.feed.RssChannelHttpMessageConverterTests" tests="5" skipped="0" failures="0" errors="0" timestamp="2020-11-25T14:41:49" hostname="lichangbaodeMacBook-Pro.local" time="0.014">
  <properties/>
  <testcase name="writeOtherCharset" classname="org.springframework.http.converter.feed.RssChannelHttpMessageConverterTests" time="0.005"/>
  <testcase name="canWrite" classname="org.springframework.http.converter.feed.RssChannelHttpMessageConverterTests" time="0.0"/>
  <testcase name="read" classname="org.springframework.http.converter.feed.RssChannelHttpMessageConverterTests" time="0.002"/>
  <testcase name="write" classname="org.springframework.http.converter.feed.RssChannelHttpMessageConverterTests" time="0.007"/>
  <testcase name="canRead" classname="org.springframework.http.converter.feed.RssChannelHttpMessageConverterTests" time="0.0"/>
  <system-out><![CDATA[]]></system-out>
  <system-err><![CDATA[]]></system-err>
</testsuite>
