<?xml version="1.0" encoding="UTF-8"?>
<testsuite name="org.springframework.web.server.session.DefaultWebSessionManagerTests" tests="4" skipped="0" failures="0" errors="0" timestamp="2020-11-25T14:41:44" hostname="lichangbaodeMacBook-Pro.local" time="0.044">
  <properties/>
  <testcase name="existingSession" classname="org.springframework.web.server.session.DefaultWebSessionManagerTests" time="0.037"/>
  <testcase name="multipleSessionIds" classname="org.springframework.web.server.session.DefaultWebSessionManagerTests" time="0.002"/>
  <testcase name="getSessionSaveWhenCreatedAndStartedThenSavesAndSetsId" classname="org.springframework.web.server.session.DefaultWebSessionManagerTests" time="0.004"/>
  <testcase name="getSessionSaveWhenCreatedAndNotStartedThenNotSaved" classname="org.springframework.web.server.session.DefaultWebSessionManagerTests" time="0.001"/>
  <system-out><![CDATA[]]></system-out>
  <system-err><![CDATA[]]></system-err>
</testsuite>
