<?xml version="1.0" encoding="UTF-8"?>
<testsuite name="org.springframework.web.server.handler.ResponseStatusExceptionHandlerTests" tests="4" skipped="0" failures="0" errors="0" timestamp="2019-06-21T11:46:04" hostname="Macbook-Air.local" time="0.01">
  <properties/>
  <testcase name="handleNestedResponseStatusException" classname="org.springframework.web.server.handler.ResponseStatusExceptionHandlerTests" time="0.002"/>
  <testcase name="unresolvedException" classname="org.springframework.web.server.handler.ResponseStatusExceptionHandlerTests" time="0.003"/>
  <testcase name="responseCommitted" classname="org.springframework.web.server.handler.ResponseStatusExceptionHandlerTests" time="0.002"/>
  <testcase name="handleResponseStatusException" classname="org.springframework.web.server.handler.ResponseStatusExceptionHandlerTests" time="0.001"/>
  <system-out><![CDATA[19:46:04.942 [Test worker] DEBUG o.s.w.s.h.ResponseStatusExceptionHandler - [216d7df0] Resolved [Exception: org.springframework.web.server.ResponseStatusException: 400 BAD_REQUEST ""] for HTTP GET /
19:46:04.949 [Test worker] DEBUG o.s.w.s.h.ResponseStatusExceptionHandler - [1f7467c7] Resolved [ResponseStatusException: 400 BAD_REQUEST ""] for HTTP GET /
]]></system-out>
  <system-err><![CDATA[]]></system-err>
</testsuite>
