<?xml version="1.0" encoding="UTF-8"?>
<testsuite name="org.springframework.web.client.RestTemplateIntegrationTests" tests="96" skipped="1" failures="0" errors="0" timestamp="2019-06-21T11:46:14" hostname="Macbook-Air.local" time="1.709">
  <properties/>
  <testcase name="serverPort[0]" classname="org.springframework.web.client.RestTemplateIntegrationTests" time="0.084"/>
  <testcase name="jsonPostForObjectWithJacksonView[0]" classname="org.springframework.web.client.RestTemplateIntegrationTests" time="0.119"/>
  <testcase name="exchangeGet[0]" classname="org.springframework.web.client.RestTemplateIntegrationTests" time="0.014"/>
  <testcase name="multipart[0]" classname="org.springframework.web.client.RestTemplateIntegrationTests" time="0.014"/>
  <testcase name="getNoContentTypeHeader[0]" classname="org.springframework.web.client.RestTemplateIntegrationTests" time="0.03"/>
  <testcase name="postWithoutBody[0]" classname="org.springframework.web.client.RestTemplateIntegrationTests" time="0.016"/>
  <testcase name="getNotModified[0]" classname="org.springframework.web.client.RestTemplateIntegrationTests" time="0.015"/>
  <testcase name="serverError[0]" classname="org.springframework.web.client.RestTemplateIntegrationTests" time="0.01"/>
  <testcase name="jsonPostForObject[0]" classname="org.springframework.web.client.RestTemplateIntegrationTests" time="0.013"/>
  <testcase name="postForLocationEntity[0]" classname="org.springframework.web.client.RestTemplateIntegrationTests" time="0.011"/>
  <testcase name="badRequest[0]" classname="org.springframework.web.client.RestTemplateIntegrationTests" time="0.01"/>
  <testcase name="postForObject[0]" classname="org.springframework.web.client.RestTemplateIntegrationTests" time="0.009"/>
  <testcase name="postForLocation[0]" classname="org.springframework.web.client.RestTemplateIntegrationTests" time="0.012"/>
  <testcase name="uri[0]" classname="org.springframework.web.client.RestTemplateIntegrationTests" time="0.02"/>
  <testcase name="form[0]" classname="org.springframework.web.client.RestTemplateIntegrationTests" time="0.013"/>
  <testcase name="getEntity[0]" classname="org.springframework.web.client.RestTemplateIntegrationTests" time="0.01"/>
  <testcase name="getNoResponse[0]" classname="org.springframework.web.client.RestTemplateIntegrationTests" time="0.009"/>
  <testcase name="patchForObject[0]" classname="org.springframework.web.client.RestTemplateIntegrationTests" time="0.011">
    <skipped/>
  </testcase>
  <testcase name="getString[0]" classname="org.springframework.web.client.RestTemplateIntegrationTests" time="0.009"/>
  <testcase name="optionsForAllow[0]" classname="org.springframework.web.client.RestTemplateIntegrationTests" time="0.009"/>
  <testcase name="exchangePost[0]" classname="org.springframework.web.client.RestTemplateIntegrationTests" time="0.01"/>
  <testcase name="getNoContent[0]" classname="org.springframework.web.client.RestTemplateIntegrationTests" time="0.011"/>
  <testcase name="notFound[0]" classname="org.springframework.web.client.RestTemplateIntegrationTests" time="0.014"/>
  <testcase name="jsonPostForObjectWithJacksonTypeInfoList[0]" classname="org.springframework.web.client.RestTemplateIntegrationTests" time="0.058"/>
  <testcase name="serverPort[1]" classname="org.springframework.web.client.RestTemplateIntegrationTests" time="0.011"/>
  <testcase name="jsonPostForObjectWithJacksonView[1]" classname="org.springframework.web.client.RestTemplateIntegrationTests" time="0.013"/>
  <testcase name="exchangeGet[1]" classname="org.springframework.web.client.RestTemplateIntegrationTests" time="0.012"/>
  <testcase name="multipart[1]" classname="org.springframework.web.client.RestTemplateIntegrationTests" time="0.011"/>
  <testcase name="getNoContentTypeHeader[1]" classname="org.springframework.web.client.RestTemplateIntegrationTests" time="0.01"/>
  <testcase name="postWithoutBody[1]" classname="org.springframework.web.client.RestTemplateIntegrationTests" time="0.009"/>
  <testcase name="getNotModified[1]" classname="org.springframework.web.client.RestTemplateIntegrationTests" time="0.012"/>
  <testcase name="serverError[1]" classname="org.springframework.web.client.RestTemplateIntegrationTests" time="0.01"/>
  <testcase name="jsonPostForObject[1]" classname="org.springframework.web.client.RestTemplateIntegrationTests" time="0.012"/>
  <testcase name="postForLocationEntity[1]" classname="org.springframework.web.client.RestTemplateIntegrationTests" time="0.009"/>
  <testcase name="badRequest[1]" classname="org.springframework.web.client.RestTemplateIntegrationTests" time="0.008"/>
  <testcase name="postForObject[1]" classname="org.springframework.web.client.RestTemplateIntegrationTests" time="0.02"/>
  <testcase name="postForLocation[1]" classname="org.springframework.web.client.RestTemplateIntegrationTests" time="0.011"/>
  <testcase name="uri[1]" classname="org.springframework.web.client.RestTemplateIntegrationTests" time="0.017"/>
  <testcase name="form[1]" classname="org.springframework.web.client.RestTemplateIntegrationTests" time="0.012"/>
  <testcase name="getEntity[1]" classname="org.springframework.web.client.RestTemplateIntegrationTests" time="0.013"/>
  <testcase name="getNoResponse[1]" classname="org.springframework.web.client.RestTemplateIntegrationTests" time="0.01"/>
  <testcase name="patchForObject[1]" classname="org.springframework.web.client.RestTemplateIntegrationTests" time="0.016"/>
  <testcase name="getString[1]" classname="org.springframework.web.client.RestTemplateIntegrationTests" time="0.01"/>
  <testcase name="optionsForAllow[1]" classname="org.springframework.web.client.RestTemplateIntegrationTests" time="0.011"/>
  <testcase name="exchangePost[1]" classname="org.springframework.web.client.RestTemplateIntegrationTests" time="0.012"/>
  <testcase name="getNoContent[1]" classname="org.springframework.web.client.RestTemplateIntegrationTests" time="0.013"/>
  <testcase name="notFound[1]" classname="org.springframework.web.client.RestTemplateIntegrationTests" time="0.009"/>
  <testcase name="jsonPostForObjectWithJacksonTypeInfoList[1]" classname="org.springframework.web.client.RestTemplateIntegrationTests" time="0.011"/>
  <testcase name="serverPort[2]" classname="org.springframework.web.client.RestTemplateIntegrationTests" time="0.182"/>
  <testcase name="jsonPostForObjectWithJacksonView[2]" classname="org.springframework.web.client.RestTemplateIntegrationTests" time="0.015"/>
  <testcase name="exchangeGet[2]" classname="org.springframework.web.client.RestTemplateIntegrationTests" time="0.011"/>
  <testcase name="multipart[2]" classname="org.springframework.web.client.RestTemplateIntegrationTests" time="0.016"/>
  <testcase name="getNoContentTypeHeader[2]" classname="org.springframework.web.client.RestTemplateIntegrationTests" time="0.016"/>
  <testcase name="postWithoutBody[2]" classname="org.springframework.web.client.RestTemplateIntegrationTests" time="0.018"/>
  <testcase name="getNotModified[2]" classname="org.springframework.web.client.RestTemplateIntegrationTests" time="0.025"/>
  <testcase name="serverError[2]" classname="org.springframework.web.client.RestTemplateIntegrationTests" time="0.016"/>
  <testcase name="jsonPostForObject[2]" classname="org.springframework.web.client.RestTemplateIntegrationTests" time="0.032"/>
  <testcase name="postForLocationEntity[2]" classname="org.springframework.web.client.RestTemplateIntegrationTests" time="0.039"/>
  <testcase name="badRequest[2]" classname="org.springframework.web.client.RestTemplateIntegrationTests" time="0.01"/>
  <testcase name="postForObject[2]" classname="org.springframework.web.client.RestTemplateIntegrationTests" time="0.013"/>
  <testcase name="postForLocation[2]" classname="org.springframework.web.client.RestTemplateIntegrationTests" time="0.011"/>
  <testcase name="uri[2]" classname="org.springframework.web.client.RestTemplateIntegrationTests" time="0.027"/>
  <testcase name="form[2]" classname="org.springframework.web.client.RestTemplateIntegrationTests" time="0.012"/>
  <testcase name="getEntity[2]" classname="org.springframework.web.client.RestTemplateIntegrationTests" time="0.015"/>
  <testcase name="getNoResponse[2]" classname="org.springframework.web.client.RestTemplateIntegrationTests" time="0.012"/>
  <testcase name="patchForObject[2]" classname="org.springframework.web.client.RestTemplateIntegrationTests" time="0.012"/>
  <testcase name="getString[2]" classname="org.springframework.web.client.RestTemplateIntegrationTests" time="0.01"/>
  <testcase name="optionsForAllow[2]" classname="org.springframework.web.client.RestTemplateIntegrationTests" time="0.011"/>
  <testcase name="exchangePost[2]" classname="org.springframework.web.client.RestTemplateIntegrationTests" time="0.012"/>
  <testcase name="getNoContent[2]" classname="org.springframework.web.client.RestTemplateIntegrationTests" time="0.015"/>
  <testcase name="notFound[2]" classname="org.springframework.web.client.RestTemplateIntegrationTests" time="0.011"/>
  <testcase name="jsonPostForObjectWithJacksonTypeInfoList[2]" classname="org.springframework.web.client.RestTemplateIntegrationTests" time="0.019"/>
  <testcase name="serverPort[3]" classname="org.springframework.web.client.RestTemplateIntegrationTests" time="0.101"/>
  <testcase name="jsonPostForObjectWithJacksonView[3]" classname="org.springframework.web.client.RestTemplateIntegrationTests" time="0.017"/>
  <testcase name="exchangeGet[3]" classname="org.springframework.web.client.RestTemplateIntegrationTests" time="0.007"/>
  <testcase name="multipart[3]" classname="org.springframework.web.client.RestTemplateIntegrationTests" time="0.009"/>
  <testcase name="getNoContentTypeHeader[3]" classname="org.springframework.web.client.RestTemplateIntegrationTests" time="0.01"/>
  <testcase name="postWithoutBody[3]" classname="org.springframework.web.client.RestTemplateIntegrationTests" time="0.008"/>
  <testcase name="getNotModified[3]" classname="org.springframework.web.client.RestTemplateIntegrationTests" time="0.011"/>
  <testcase name="serverError[3]" classname="org.springframework.web.client.RestTemplateIntegrationTests" time="0.01"/>
  <testcase name="jsonPostForObject[3]" classname="org.springframework.web.client.RestTemplateIntegrationTests" time="0.01"/>
  <testcase name="postForLocationEntity[3]" classname="org.springframework.web.client.RestTemplateIntegrationTests" time="0.009"/>
  <testcase name="badRequest[3]" classname="org.springframework.web.client.RestTemplateIntegrationTests" time="0.007"/>
  <testcase name="postForObject[3]" classname="org.springframework.web.client.RestTemplateIntegrationTests" time="0.009"/>
  <testcase name="postForLocation[3]" classname="org.springframework.web.client.RestTemplateIntegrationTests" time="0.007"/>
  <testcase name="uri[3]" classname="org.springframework.web.client.RestTemplateIntegrationTests" time="0.013"/>
  <testcase name="form[3]" classname="org.springframework.web.client.RestTemplateIntegrationTests" time="0.009"/>
  <testcase name="getEntity[3]" classname="org.springframework.web.client.RestTemplateIntegrationTests" time="0.008"/>
  <testcase name="getNoResponse[3]" classname="org.springframework.web.client.RestTemplateIntegrationTests" time="0.007"/>
  <testcase name="patchForObject[3]" classname="org.springframework.web.client.RestTemplateIntegrationTests" time="0.012"/>
  <testcase name="getString[3]" classname="org.springframework.web.client.RestTemplateIntegrationTests" time="0.012"/>
  <testcase name="optionsForAllow[3]" classname="org.springframework.web.client.RestTemplateIntegrationTests" time="0.008"/>
  <testcase name="exchangePost[3]" classname="org.springframework.web.client.RestTemplateIntegrationTests" time="0.012"/>
  <testcase name="getNoContent[3]" classname="org.springframework.web.client.RestTemplateIntegrationTests" time="0.011"/>
  <testcase name="notFound[3]" classname="org.springframework.web.client.RestTemplateIntegrationTests" time="0.01"/>
  <testcase name="jsonPostForObjectWithJacksonTypeInfoList[3]" classname="org.springframework.web.client.RestTemplateIntegrationTests" time="0.012"/>
  <system-out><![CDATA[19:46:14.897 [Test worker] DEBUG o.s.w.c.RestTemplate - HTTP GET http://localhost:49713/get
19:46:14.898 [Test worker] DEBUG o.s.w.c.RestTemplate - Accept=[text/plain, application/xml, text/xml, application/json, application/x-jackson-smile, application/cbor, application/*+xml, application/*+json, */*]
19:46:14.946 [Test worker] DEBUG o.s.w.c.RestTemplate - Response 200 OK
19:46:14.949 [Test worker] DEBUG o.s.w.c.RestTemplate - Reading to [java.lang.String] as "text/plain;charset=UTF-8"
19:46:14.972 [Test worker] DEBUG o.s.w.c.RestTemplate - HTTP POST http://localhost:49715/jsonpost
19:46:14.972 [Test worker] DEBUG o.s.w.c.RestTemplate - Accept=[text/plain, application/xml, text/xml, application/json, application/x-jackson-smile, application/cbor, application/*+xml, application/*+json, */*]
19:46:15.035 [Test worker] DEBUG o.s.w.c.RestTemplate - Writing [org.springframework.http.converter.json.MappingJacksonValue@9230b1e] as "application/json;charset=UTF-8"
19:46:15.070 [Test worker] DEBUG o.s.w.c.RestTemplate - Response 201 CREATED
19:46:15.071 [Test worker] DEBUG o.s.w.c.RestTemplate - Reading to [java.lang.String] as "application/json;charset=utf-8"
19:46:15.080 [Test worker] DEBUG o.s.w.c.RestTemplate - HTTP GET http://localhost:49717/get
19:46:15.081 [Test worker] DEBUG o.s.w.c.RestTemplate - Accept=[text/plain, application/xml, text/xml, application/json, application/x-jackson-smile, application/cbor, application/*+xml, application/*+json, */*]
19:46:15.085 [Test worker] DEBUG o.s.w.c.RestTemplate - Response 200 OK
19:46:15.085 [Test worker] DEBUG o.s.w.c.RestTemplate - Reading to [java.lang.String] as "text/plain;charset=UTF-8"
19:46:15.094 [Test worker] DEBUG o.s.w.c.RestTemplate - HTTP POST http://localhost:49719/multipart
19:46:15.094 [Test worker] DEBUG o.s.w.c.RestTemplate - Writing [{name 1=[value 1], name 2=[value 2+1, value 2+2], logo=[class path resource [org/springframework/http/converter/logo.jpg]]}] with org.springframework.http.converter.support.AllEncompassingFormHttpMessageConverter
19:46:15.099 [Test worker] DEBUG o.s.w.c.RestTemplate - Response 200 OK
19:46:15.109 [Test worker] DEBUG o.s.w.c.RestTemplate - HTTP GET http://localhost:49721/get/nocontenttype
19:46:15.125 [Test worker] DEBUG o.s.w.c.RestTemplate - Accept=[application/octet-stream, application/xml, text/xml, application/json, application/x-jackson-smile, application/cbor, application/*+xml, application/*+json, */*]
19:46:15.128 [Test worker] DEBUG o.s.w.c.RestTemplate - Response 200 OK
19:46:15.128 [Test worker] DEBUG o.s.w.c.RestTemplate - Reading to [[B] as "application/octet-stream"
19:46:15.140 [Test worker] DEBUG o.s.w.c.RestTemplate - HTTP POST http://localhost:49723/jsonpost
19:46:15.141 [Test worker] DEBUG o.s.w.c.RestTemplate - Accept=[text/plain, application/xml, text/xml, application/json, application/x-jackson-smile, application/cbor, application/*+xml, application/*+json, */*]
19:46:15.144 [Test worker] DEBUG o.s.w.c.RestTemplate - Response 201 CREATED
19:46:15.154 [Test worker] DEBUG o.s.w.c.RestTemplate - HTTP GET http://localhost:49725/status/notmodified
19:46:15.155 [Test worker] DEBUG o.s.w.c.RestTemplate - Accept=[text/plain, application/xml, text/xml, application/json, application/x-jackson-smile, application/cbor, application/*+xml, application/*+json, */*]
19:46:15.157 [Test worker] DEBUG o.s.w.c.RestTemplate - Response 304 NOT_MODIFIED
19:46:15.158 [Test worker] DEBUG o.s.w.c.RestTemplate - HTTP GET http://localhost:49725/status/notmodified
19:46:15.158 [Test worker] DEBUG o.s.w.c.RestTemplate - Accept=[text/plain, application/xml, text/xml, application/json, application/x-jackson-smile, application/cbor, application/*+xml, application/*+json, */*]
19:46:15.160 [Test worker] DEBUG o.s.w.c.RestTemplate - Response 304 NOT_MODIFIED
19:46:15.168 [Test worker] DEBUG o.s.w.c.RestTemplate - HTTP GET http://localhost:49727/status/server
19:46:15.170 [Test worker] DEBUG o.s.w.c.RestTemplate - Response 500 INTERNAL_SERVER_ERROR
19:46:15.178 [Test worker] DEBUG o.s.w.c.RestTemplate - HTTP POST http://localhost:49729/jsonpost
19:46:15.178 [Test worker] DEBUG o.s.w.c.RestTemplate - Accept=[text/plain, application/xml, text/xml, application/json, application/x-jackson-smile, application/cbor, application/*+xml, application/*+json, */*]
19:46:15.180 [Test worker] DEBUG o.s.w.c.RestTemplate - Writing [org.springframework.web.client.RestTemplateIntegrationTests$MySampleBean@254317bc] as "application/json;charset=UTF-8"
19:46:15.183 [Test worker] DEBUG o.s.w.c.RestTemplate - Response 201 CREATED
19:46:15.184 [Test worker] DEBUG o.s.w.c.RestTemplate - Reading to [java.lang.String] as "application/json;charset=utf-8"
19:46:15.191 [Test worker] DEBUG o.s.w.c.RestTemplate - HTTP POST http://localhost:49731/post
19:46:15.192 [Test worker] DEBUG o.s.w.c.RestTemplate - Writing [Héllo Wörld] as "text/plain;charset=ISO-8859-1"
19:46:15.194 [Test worker] DEBUG o.s.w.c.RestTemplate - Response 201 CREATED
19:46:15.202 [Test worker] DEBUG o.s.w.c.RestTemplate - HTTP GET http://localhost:49733/status/badrequest
19:46:15.204 [Test worker] DEBUG o.s.w.c.RestTemplate - Response 400 BAD_REQUEST
19:46:15.211 [Test worker] DEBUG o.s.w.c.RestTemplate - HTTP POST http://localhost:49735/post
19:46:15.212 [Test worker] DEBUG o.s.w.c.RestTemplate - Accept=[text/plain, application/xml, text/xml, application/json, application/x-jackson-smile, application/cbor, application/*+xml, application/*+json, */*]
19:46:15.212 [Test worker] DEBUG o.s.w.c.RestTemplate - Writing [Héllo Wörld] with org.springframework.http.converter.StringHttpMessageConverter
19:46:15.214 [Test worker] DEBUG o.s.w.c.RestTemplate - Response 201 CREATED
19:46:15.215 [Test worker] DEBUG o.s.w.c.RestTemplate - Reading to [java.lang.String] as "text/plain;charset=UTF-8"
19:46:15.222 [Test worker] DEBUG o.s.w.c.RestTemplate - HTTP POST http://localhost:49737/post
19:46:15.223 [Test worker] DEBUG o.s.w.c.RestTemplate - Writing [Héllo Wörld] with org.springframework.http.converter.StringHttpMessageConverter
19:46:15.225 [Test worker] DEBUG o.s.w.c.RestTemplate - Response 201 CREATED
19:46:15.236 [Test worker] DEBUG o.s.w.c.RestTemplate - HTTP GET http://localhost:49739/uri/Z%C3%BCrich
19:46:15.237 [Test worker] DEBUG o.s.w.c.RestTemplate - Accept=[text/plain, application/xml, text/xml, application/json, application/x-jackson-smile, application/cbor, application/*+xml, application/*+json, */*]
19:46:15.239 [Test worker] DEBUG o.s.w.c.RestTemplate - Response 200 OK
19:46:15.239 [Test worker] DEBUG o.s.w.c.RestTemplate - Reading to [java.lang.String] as "text/plain"
19:46:15.241 [Test worker] DEBUG o.s.w.c.RestTemplate - HTTP GET http://localhost:49739/uri/query=foo@bar
19:46:15.242 [Test worker] DEBUG o.s.w.c.RestTemplate - Accept=[text/plain, application/xml, text/xml, application/json, application/x-jackson-smile, application/cbor, application/*+xml, application/*+json, */*]
19:46:15.243 [Test worker] DEBUG o.s.w.c.RestTemplate - Response 200 OK
19:46:15.243 [Test worker] DEBUG o.s.w.c.RestTemplate - Reading to [java.lang.String] as "text/plain"
19:46:15.244 [Test worker] DEBUG o.s.w.c.RestTemplate - HTTP GET http://localhost:49739/uri/query=T%C5%8Dky%C5%8D
19:46:15.244 [Test worker] DEBUG o.s.w.c.RestTemplate - Accept=[text/plain, application/xml, text/xml, application/json, application/x-jackson-smile, application/cbor, application/*+xml, application/*+json, */*]
19:46:15.246 [Test worker] DEBUG o.s.w.c.RestTemplate - Response 200 OK
19:46:15.246 [Test worker] DEBUG o.s.w.c.RestTemplate - Reading to [java.lang.String] as "text/plain"
19:46:15.256 [Test worker] DEBUG o.s.w.c.RestTemplate - HTTP POST http://localhost:49741/form
19:46:15.256 [Test worker] DEBUG o.s.w.c.RestTemplate - Writing [{name 1=[value 1], name 2=[value 2+1, value 2+2]}] with org.springframework.http.converter.support.AllEncompassingFormHttpMessageConverter
19:46:15.259 [Test worker] DEBUG o.s.w.c.RestTemplate - Response 200 OK
19:46:15.267 [Test worker] DEBUG o.s.w.c.RestTemplate - HTTP GET http://localhost:49743/get
19:46:15.267 [Test worker] DEBUG o.s.w.c.RestTemplate - Accept=[text/plain, application/xml, text/xml, application/json, application/x-jackson-smile, application/cbor, application/*+xml, application/*+json, */*]
19:46:15.269 [Test worker] DEBUG o.s.w.c.RestTemplate - Response 200 OK
19:46:15.269 [Test worker] DEBUG o.s.w.c.RestTemplate - Reading to [java.lang.String] as "text/plain;charset=UTF-8"
19:46:15.276 [Test worker] DEBUG o.s.w.c.RestTemplate - HTTP GET http://localhost:49745/get/nothing
19:46:15.276 [Test worker] DEBUG o.s.w.c.RestTemplate - Accept=[text/plain, application/xml, text/xml, application/json, application/x-jackson-smile, application/cbor, application/*+xml, application/*+json, */*]
19:46:15.278 [Test worker] DEBUG o.s.w.c.RestTemplate - Response 200 OK
19:46:15.296 [Test worker] DEBUG o.s.w.c.RestTemplate - HTTP GET http://localhost:49748/get
19:46:15.296 [Test worker] DEBUG o.s.w.c.RestTemplate - Accept=[text/plain, application/xml, text/xml, application/json, application/x-jackson-smile, application/cbor, application/*+xml, application/*+json, */*]
19:46:15.298 [Test worker] DEBUG o.s.w.c.RestTemplate - Response 200 OK
19:46:15.298 [Test worker] DEBUG o.s.w.c.RestTemplate - Reading to [java.lang.String] as "text/plain;charset=UTF-8"
19:46:15.306 [Test worker] DEBUG o.s.w.c.RestTemplate - HTTP OPTIONS http://localhost:49750/get
19:46:15.308 [Test worker] DEBUG o.s.w.c.RestTemplate - Response 200 OK
19:46:15.314 [Test worker] DEBUG o.s.w.c.RestTemplate - HTTP POST http://localhost:49752/post
19:46:15.315 [Test worker] DEBUG o.s.w.c.RestTemplate - Accept=[application/xml, text/xml, application/json, application/x-jackson-smile, application/cbor, application/*+xml, application/*+json]
19:46:15.315 [Test worker] DEBUG o.s.w.c.RestTemplate - Writing [Héllo Wörld] as "text/plain"
19:46:15.317 [Test worker] DEBUG o.s.w.c.RestTemplate - Response 201 CREATED
19:46:15.324 [Test worker] DEBUG o.s.w.c.RestTemplate - HTTP GET http://localhost:49754/status/nocontent
19:46:15.324 [Test worker] DEBUG o.s.w.c.RestTemplate - Accept=[text/plain, application/xml, text/xml, application/json, application/x-jackson-smile, application/cbor, application/*+xml, application/*+json, */*]
19:46:15.326 [Test worker] DEBUG o.s.w.c.RestTemplate - Response 204 NO_CONTENT
19:46:15.326 [Test worker] DEBUG o.s.w.c.RestTemplate - HTTP GET http://localhost:49754/status/nocontent
19:46:15.327 [Test worker] DEBUG o.s.w.c.RestTemplate - Accept=[text/plain, application/xml, text/xml, application/json, application/x-jackson-smile, application/cbor, application/*+xml, application/*+json, */*]
19:46:15.328 [Test worker] DEBUG o.s.w.c.RestTemplate - Response 204 NO_CONTENT
19:46:15.338 [Test worker] DEBUG o.s.w.c.RestTemplate - HTTP GET http://localhost:49756/status/notfound
19:46:15.342 [Test worker] DEBUG o.s.w.c.RestTemplate - Response 404 NOT_FOUND
19:46:15.360 [Test worker] DEBUG o.s.w.c.RestTemplate - HTTP POST http://localhost:49758/jsonpost
19:46:15.360 [Test worker] DEBUG o.s.w.c.RestTemplate - Accept=[text/plain, application/xml, text/xml, application/json, application/x-jackson-smile, application/cbor, application/*+xml, application/*+json, */*]
19:46:15.362 [Test worker] DEBUG o.s.w.c.RestTemplate - Writing [[org.springframework.web.client.RestTemplateIntegrationTests$Foo@7cee8e31, org.springframework.web.client.RestTemplateIntegrationTests$Bar@505738cc]] as "application/json;charset=UTF-8"
19:46:15.400 [Test worker] DEBUG o.s.w.c.RestTemplate - Response 201 CREATED
19:46:15.400 [Test worker] DEBUG o.s.w.c.RestTemplate - Reading to [java.lang.String] as "application/json;charset=utf-8"
19:46:15.407 [Test worker] DEBUG o.s.w.c.RestTemplate - HTTP GET http://localhost:49760/get
19:46:15.408 [Test worker] DEBUG o.s.w.c.RestTemplate - Accept=[text/plain, application/xml, text/xml, application/json, application/x-jackson-smile, application/cbor, application/*+xml, application/*+json, */*]
19:46:15.411 [Test worker] DEBUG o.s.w.c.RestTemplate - Response 200 OK
19:46:15.411 [Test worker] DEBUG o.s.w.c.RestTemplate - Reading to [java.lang.String] as "text/plain;charset=UTF-8"
19:46:15.417 [Test worker] DEBUG o.s.w.c.RestTemplate - HTTP POST http://localhost:49762/jsonpost
19:46:15.417 [Test worker] DEBUG o.s.w.c.RestTemplate - Accept=[text/plain, application/xml, text/xml, application/json, application/x-jackson-smile, application/cbor, application/*+xml, application/*+json, */*]
19:46:15.421 [Test worker] DEBUG o.s.w.c.RestTemplate - Writing [org.springframework.http.converter.json.MappingJacksonValue@3e1272e7] as "application/json;charset=UTF-8"
19:46:15.425 [Test worker] DEBUG o.s.w.c.RestTemplate - Response 201 CREATED
19:46:15.425 [Test worker] DEBUG o.s.w.c.RestTemplate - Reading to [java.lang.String] as "application/json;charset=utf-8"
19:46:15.433 [Test worker] DEBUG o.s.w.c.RestTemplate - HTTP GET http://localhost:49764/get
19:46:15.434 [Test worker] DEBUG o.s.w.c.RestTemplate - Accept=[text/plain, application/xml, text/xml, application/json, application/x-jackson-smile, application/cbor, application/*+xml, application/*+json, */*]
19:46:15.437 [Test worker] DEBUG o.s.w.c.RestTemplate - Response 200 OK
19:46:15.437 [Test worker] DEBUG o.s.w.c.RestTemplate - Reading to [java.lang.String] as "text/plain;charset=UTF-8"
19:46:15.446 [Test worker] DEBUG o.s.w.c.RestTemplate - HTTP POST http://localhost:49766/multipart
19:46:15.446 [Test worker] DEBUG o.s.w.c.RestTemplate - Writing [{name 1=[value 1], name 2=[value 2+1, value 2+2], logo=[class path resource [org/springframework/http/converter/logo.jpg]]}] with org.springframework.http.converter.support.AllEncompassingFormHttpMessageConverter
19:46:15.449 [Test worker] DEBUG o.s.w.c.RestTemplate - Response 200 OK
19:46:15.456 [Test worker] DEBUG o.s.w.c.RestTemplate - HTTP GET http://localhost:49768/get/nocontenttype
19:46:15.457 [Test worker] DEBUG o.s.w.c.RestTemplate - Accept=[application/octet-stream, application/xml, text/xml, application/json, application/x-jackson-smile, application/cbor, application/*+xml, application/*+json, */*]
19:46:15.459 [Test worker] DEBUG o.s.w.c.RestTemplate - Response 200 OK
19:46:15.460 [Test worker] DEBUG o.s.w.c.RestTemplate - Reading to [[B] as "application/octet-stream"
19:46:15.465 [Test worker] DEBUG o.s.w.c.RestTemplate - HTTP POST http://localhost:49770/jsonpost
19:46:15.466 [Test worker] DEBUG o.s.w.c.RestTemplate - Accept=[text/plain, application/xml, text/xml, application/json, application/x-jackson-smile, application/cbor, application/*+xml, application/*+json, */*]
19:46:15.469 [Test worker] DEBUG o.s.w.c.RestTemplate - Response 201 CREATED
19:46:15.475 [Test worker] DEBUG o.s.w.c.RestTemplate - HTTP GET http://localhost:49772/status/notmodified
19:46:15.476 [Test worker] DEBUG o.s.w.c.RestTemplate - Accept=[text/plain, application/xml, text/xml, application/json, application/x-jackson-smile, application/cbor, application/*+xml, application/*+json, */*]
19:46:15.478 [Test worker] DEBUG o.s.w.c.RestTemplate - Response 304 NOT_MODIFIED
19:46:15.479 [Test worker] DEBUG o.s.w.c.RestTemplate - HTTP GET http://localhost:49772/status/notmodified
19:46:15.479 [Test worker] DEBUG o.s.w.c.RestTemplate - Accept=[text/plain, application/xml, text/xml, application/json, application/x-jackson-smile, application/cbor, application/*+xml, application/*+json, */*]
19:46:15.481 [Test worker] DEBUG o.s.w.c.RestTemplate - Response 304 NOT_MODIFIED
19:46:15.488 [Test worker] DEBUG o.s.w.c.RestTemplate - HTTP GET http://localhost:49774/status/server
19:46:15.490 [Test worker] DEBUG o.s.w.c.RestTemplate - Response 500 INTERNAL_SERVER_ERROR
19:46:15.497 [Test worker] DEBUG o.s.w.c.RestTemplate - HTTP POST http://localhost:49776/jsonpost
19:46:15.498 [Test worker] DEBUG o.s.w.c.RestTemplate - Accept=[text/plain, application/xml, text/xml, application/json, application/x-jackson-smile, application/cbor, application/*+xml, application/*+json, */*]
19:46:15.499 [Test worker] DEBUG o.s.w.c.RestTemplate - Writing [org.springframework.web.client.RestTemplateIntegrationTests$MySampleBean@d4222ed] as "application/json;charset=UTF-8"
19:46:15.502 [Test worker] DEBUG o.s.w.c.RestTemplate - Response 201 CREATED
19:46:15.502 [Test worker] DEBUG o.s.w.c.RestTemplate - Reading to [java.lang.String] as "application/json;charset=utf-8"
19:46:15.509 [Test worker] DEBUG o.s.w.c.RestTemplate - HTTP POST http://localhost:49778/post
19:46:15.509 [Test worker] DEBUG o.s.w.c.RestTemplate - Writing [Héllo Wörld] as "text/plain;charset=ISO-8859-1"
19:46:15.511 [Test worker] DEBUG o.s.w.c.RestTemplate - Response 201 CREATED
19:46:15.517 [Test worker] DEBUG o.s.w.c.RestTemplate - HTTP GET http://localhost:49780/status/badrequest
19:46:15.520 [Test worker] DEBUG o.s.w.c.RestTemplate - Response 400 BAD_REQUEST
19:46:15.527 [Test worker] DEBUG o.s.w.c.RestTemplate - HTTP POST http://localhost:49782/post
19:46:15.530 [Test worker] DEBUG o.s.w.c.RestTemplate - Accept=[text/plain, application/xml, text/xml, application/json, application/x-jackson-smile, application/cbor, application/*+xml, application/*+json, */*]
19:46:15.532 [Test worker] DEBUG o.s.w.c.RestTemplate - Writing [Héllo Wörld] with org.springframework.http.converter.StringHttpMessageConverter
19:46:15.537 [Test worker] DEBUG o.s.w.c.RestTemplate - Response 201 CREATED
19:46:15.537 [Test worker] DEBUG o.s.w.c.RestTemplate - Reading to [java.lang.String] as "text/plain;charset=UTF-8"
19:46:15.547 [Test worker] DEBUG o.s.w.c.RestTemplate - HTTP POST http://localhost:49784/post
19:46:15.548 [Test worker] DEBUG o.s.w.c.RestTemplate - Writing [Héllo Wörld] with org.springframework.http.converter.StringHttpMessageConverter
19:46:15.551 [Test worker] DEBUG o.s.w.c.RestTemplate - Response 201 CREATED
19:46:15.558 [Test worker] DEBUG o.s.w.c.RestTemplate - HTTP GET http://localhost:49786/uri/Z%C3%BCrich
19:46:15.558 [Test worker] DEBUG o.s.w.c.RestTemplate - Accept=[text/plain, application/xml, text/xml, application/json, application/x-jackson-smile, application/cbor, application/*+xml, application/*+json, */*]
19:46:15.561 [Test worker] DEBUG o.s.w.c.RestTemplate - Response 200 OK
19:46:15.561 [Test worker] DEBUG o.s.w.c.RestTemplate - Reading to [java.lang.String] as "text/plain"
19:46:15.562 [Test worker] DEBUG o.s.w.c.RestTemplate - HTTP GET http://localhost:49786/uri/query=foo@bar
19:46:15.562 [Test worker] DEBUG o.s.w.c.RestTemplate - Accept=[text/plain, application/xml, text/xml, application/json, application/x-jackson-smile, application/cbor, application/*+xml, application/*+json, */*]
19:46:15.564 [Test worker] DEBUG o.s.w.c.RestTemplate - Response 200 OK
19:46:15.564 [Test worker] DEBUG o.s.w.c.RestTemplate - Reading to [java.lang.String] as "text/plain"
19:46:15.565 [Test worker] DEBUG o.s.w.c.RestTemplate - HTTP GET http://localhost:49786/uri/query=T%C5%8Dky%C5%8D
19:46:15.565 [Test worker] DEBUG o.s.w.c.RestTemplate - Accept=[text/plain, application/xml, text/xml, application/json, application/x-jackson-smile, application/cbor, application/*+xml, application/*+json, */*]
19:46:15.568 [Test worker] DEBUG o.s.w.c.RestTemplate - Response 200 OK
19:46:15.568 [Test worker] DEBUG o.s.w.c.RestTemplate - Reading to [java.lang.String] as "text/plain"
19:46:15.575 [Test worker] DEBUG o.s.w.c.RestTemplate - HTTP POST http://localhost:49788/form
19:46:15.575 [Test worker] DEBUG o.s.w.c.RestTemplate - Writing [{name 1=[value 1], name 2=[value 2+1, value 2+2]}] with org.springframework.http.converter.support.AllEncompassingFormHttpMessageConverter
19:46:15.579 [Test worker] DEBUG o.s.w.c.RestTemplate - Response 200 OK
19:46:15.589 [Test worker] DEBUG o.s.w.c.RestTemplate - HTTP GET http://localhost:49790/get
19:46:15.589 [Test worker] DEBUG o.s.w.c.RestTemplate - Accept=[text/plain, application/xml, text/xml, application/json, application/x-jackson-smile, application/cbor, application/*+xml, application/*+json, */*]
19:46:15.592 [Test worker] DEBUG o.s.w.c.RestTemplate - Response 200 OK
19:46:15.592 [Test worker] DEBUG o.s.w.c.RestTemplate - Reading to [java.lang.String] as "text/plain;charset=UTF-8"
19:46:15.599 [Test worker] DEBUG o.s.w.c.RestTemplate - HTTP GET http://localhost:49792/get/nothing
19:46:15.599 [Test worker] DEBUG o.s.w.c.RestTemplate - Accept=[text/plain, application/xml, text/xml, application/json, application/x-jackson-smile, application/cbor, application/*+xml, application/*+json, */*]
19:46:15.602 [Test worker] DEBUG o.s.w.c.RestTemplate - Response 200 OK
19:46:15.612 [Test worker] DEBUG o.s.w.c.RestTemplate - HTTP PATCH http://localhost:49794/patch
19:46:15.612 [Test worker] DEBUG o.s.w.c.RestTemplate - Accept=[text/plain, application/xml, text/xml, application/json, application/x-jackson-smile, application/cbor, application/*+xml, application/*+json, */*]
19:46:15.613 [Test worker] DEBUG o.s.w.c.RestTemplate - Writing [Héllo Wörld] with org.springframework.http.converter.StringHttpMessageConverter
19:46:15.616 [Test worker] DEBUG o.s.w.c.RestTemplate - Response 201 CREATED
19:46:15.616 [Test worker] DEBUG o.s.w.c.RestTemplate - Reading to [java.lang.String] as "text/plain;charset=UTF-8"
19:46:15.625 [Test worker] DEBUG o.s.w.c.RestTemplate - HTTP GET http://localhost:49796/get
19:46:15.626 [Test worker] DEBUG o.s.w.c.RestTemplate - Accept=[text/plain, application/xml, text/xml, application/json, application/x-jackson-smile, application/cbor, application/*+xml, application/*+json, */*]
19:46:15.628 [Test worker] DEBUG o.s.w.c.RestTemplate - Response 200 OK
19:46:15.629 [Test worker] DEBUG o.s.w.c.RestTemplate - Reading to [java.lang.String] as "text/plain;charset=UTF-8"
19:46:15.636 [Test worker] DEBUG o.s.w.c.RestTemplate - HTTP OPTIONS http://localhost:49798/get
19:46:15.639 [Test worker] DEBUG o.s.w.c.RestTemplate - Response 200 OK
19:46:15.646 [Test worker] DEBUG o.s.w.c.RestTemplate - HTTP POST http://localhost:49800/post
19:46:15.647 [Test worker] DEBUG o.s.w.c.RestTemplate - Accept=[application/xml, text/xml, application/json, application/x-jackson-smile, application/cbor, application/*+xml, application/*+json]
19:46:15.648 [Test worker] DEBUG o.s.w.c.RestTemplate - Writing [Héllo Wörld] as "text/plain"
19:46:15.651 [Test worker] DEBUG o.s.w.c.RestTemplate - Response 201 CREATED
19:46:15.659 [Test worker] DEBUG o.s.w.c.RestTemplate - HTTP GET http://localhost:49802/status/nocontent
19:46:15.659 [Test worker] DEBUG o.s.w.c.RestTemplate - Accept=[text/plain, application/xml, text/xml, application/json, application/x-jackson-smile, application/cbor, application/*+xml, application/*+json, */*]
19:46:15.662 [Test worker] DEBUG o.s.w.c.RestTemplate - Response 204 NO_CONTENT
19:46:15.662 [Test worker] DEBUG o.s.w.c.RestTemplate - HTTP GET http://localhost:49802/status/nocontent
19:46:15.662 [Test worker] DEBUG o.s.w.c.RestTemplate - Accept=[text/plain, application/xml, text/xml, application/json, application/x-jackson-smile, application/cbor, application/*+xml, application/*+json, */*]
19:46:15.664 [Test worker] DEBUG o.s.w.c.RestTemplate - Response 204 NO_CONTENT
19:46:15.670 [Test worker] DEBUG o.s.w.c.RestTemplate - HTTP GET http://localhost:49804/status/notfound
19:46:15.673 [Test worker] DEBUG o.s.w.c.RestTemplate - Response 404 NOT_FOUND
19:46:15.679 [Test worker] DEBUG o.s.w.c.RestTemplate - HTTP POST http://localhost:49806/jsonpost
19:46:15.679 [Test worker] DEBUG o.s.w.c.RestTemplate - Accept=[text/plain, application/xml, text/xml, application/json, application/x-jackson-smile, application/cbor, application/*+xml, application/*+json, */*]
19:46:15.680 [Test worker] DEBUG o.s.w.c.RestTemplate - Writing [[org.springframework.web.client.RestTemplateIntegrationTests$Foo@5bbdeb4d, org.springframework.web.client.RestTemplateIntegrationTests$Bar@1d82ed13]] as "application/json;charset=UTF-8"
19:46:15.684 [Test worker] DEBUG o.s.w.c.RestTemplate - Response 201 CREATED
19:46:15.684 [Test worker] DEBUG o.s.w.c.RestTemplate - Reading to [java.lang.String] as "application/json;charset=utf-8"
19:46:15.735 [Test worker] DEBUG o.s.w.c.RestTemplate - HTTP GET http://localhost:49808/get
19:46:15.736 [Test worker] DEBUG o.s.w.c.RestTemplate - Accept=[text/plain, application/xml, text/xml, application/json, application/x-jackson-smile, application/cbor, application/*+xml, application/*+json, */*]
19:46:15.853 [Test worker] DEBUG o.s.w.c.RestTemplate - Response 200 OK
19:46:15.855 [Test worker] DEBUG o.s.w.c.RestTemplate - Reading to [java.lang.String] as "text/plain;charset=UTF-8"
19:46:15.871 [Test worker] DEBUG o.s.w.c.RestTemplate - HTTP POST http://localhost:49810/jsonpost
19:46:15.872 [Test worker] DEBUG o.s.w.c.RestTemplate - Accept=[text/plain, application/xml, text/xml, application/json, application/x-jackson-smile, application/cbor, application/*+xml, application/*+json, */*]
19:46:15.875 [Test worker] DEBUG o.s.w.c.RestTemplate - Writing [org.springframework.http.converter.json.MappingJacksonValue@6f66bebd] as "application/json;charset=UTF-8"
19:46:15.881 [Test worker] DEBUG o.s.w.c.RestTemplate - Response 201 CREATED
19:46:15.881 [Test worker] DEBUG o.s.w.c.RestTemplate - Reading to [java.lang.String] as "application/json;charset=utf-8"
19:46:15.886 [Test worker] DEBUG o.s.w.c.RestTemplate - HTTP GET http://localhost:49812/get
19:46:15.887 [Test worker] DEBUG o.s.w.c.RestTemplate - Accept=[text/plain, application/xml, text/xml, application/json, application/x-jackson-smile, application/cbor, application/*+xml, application/*+json, */*]
19:46:15.892 [Test worker] DEBUG o.s.w.c.RestTemplate - Response 200 OK
19:46:15.892 [Test worker] DEBUG o.s.w.c.RestTemplate - Reading to [java.lang.String] as "text/plain;charset=UTF-8"
19:46:15.898 [Test worker] DEBUG o.s.w.c.RestTemplate - HTTP POST http://localhost:49814/multipart
19:46:15.898 [Test worker] DEBUG o.s.w.c.RestTemplate - Writing [{name 1=[value 1], name 2=[value 2+1, value 2+2], logo=[class path resource [org/springframework/http/converter/logo.jpg]]}] with org.springframework.http.converter.support.AllEncompassingFormHttpMessageConverter
19:46:15.909 [Test worker] DEBUG o.s.w.c.RestTemplate - Response 200 OK
19:46:15.915 [Test worker] DEBUG o.s.w.c.RestTemplate - HTTP GET http://localhost:49816/get/nocontenttype
19:46:15.916 [Test worker] DEBUG o.s.w.c.RestTemplate - Accept=[application/octet-stream, application/xml, text/xml, application/json, application/x-jackson-smile, application/cbor, application/*+xml, application/*+json, */*]
19:46:15.924 [Test worker] DEBUG o.s.w.c.RestTemplate - Response 200 OK
19:46:15.924 [Test worker] DEBUG o.s.w.c.RestTemplate - Reading to [[B] as "application/octet-stream"
19:46:15.932 [Test worker] DEBUG o.s.w.c.RestTemplate - HTTP POST http://localhost:49818/jsonpost
19:46:15.932 [Test worker] DEBUG o.s.w.c.RestTemplate - Accept=[text/plain, application/xml, text/xml, application/json, application/x-jackson-smile, application/cbor, application/*+xml, application/*+json, */*]
19:46:15.939 [Test worker] DEBUG o.s.w.c.RestTemplate - Response 201 CREATED
19:46:15.949 [Test worker] DEBUG o.s.w.c.RestTemplate - HTTP GET http://localhost:49820/status/notmodified
19:46:15.949 [Test worker] DEBUG o.s.w.c.RestTemplate - Accept=[text/plain, application/xml, text/xml, application/json, application/x-jackson-smile, application/cbor, application/*+xml, application/*+json, */*]
19:46:15.954 [Test worker] DEBUG o.s.w.c.RestTemplate - Response 304 NOT_MODIFIED
19:46:15.955 [Test worker] DEBUG o.s.w.c.RestTemplate - HTTP GET http://localhost:49820/status/notmodified
19:46:15.955 [Test worker] DEBUG o.s.w.c.RestTemplate - Accept=[text/plain, application/xml, text/xml, application/json, application/x-jackson-smile, application/cbor, application/*+xml, application/*+json, */*]
19:46:15.966 [Test worker] DEBUG o.s.w.c.RestTemplate - Response 304 NOT_MODIFIED
19:46:15.974 [Test worker] DEBUG o.s.w.c.RestTemplate - HTTP GET http://localhost:49823/status/server
19:46:15.982 [Test worker] DEBUG o.s.w.c.RestTemplate - Response 500 INTERNAL_SERVER_ERROR
19:46:15.990 [Test worker] DEBUG o.s.w.c.RestTemplate - HTTP POST http://localhost:49825/jsonpost
19:46:15.990 [Test worker] DEBUG o.s.w.c.RestTemplate - Accept=[text/plain, application/xml, text/xml, application/json, application/x-jackson-smile, application/cbor, application/*+xml, application/*+json, */*]
19:46:15.992 [Test worker] DEBUG o.s.w.c.RestTemplate - Writing [org.springframework.web.client.RestTemplateIntegrationTests$MySampleBean@59769faa] as "application/json;charset=UTF-8"
19:46:16.004 [Test worker] DEBUG o.s.w.c.RestTemplate - Response 201 CREATED
19:46:16.005 [Test worker] DEBUG o.s.w.c.RestTemplate - Reading to [java.lang.String] as "application/json;charset=utf-8"
19:46:16.034 [Test worker] DEBUG o.s.w.c.RestTemplate - HTTP POST http://localhost:49827/post
19:46:16.034 [Test worker] DEBUG o.s.w.c.RestTemplate - Writing [Héllo Wörld] as "text/plain;charset=ISO-8859-1"
19:46:16.051 [Test worker] DEBUG o.s.w.c.RestTemplate - Response 201 CREATED
19:46:16.061 [Test worker] DEBUG o.s.w.c.RestTemplate - HTTP GET http://localhost:49829/status/badrequest
19:46:16.065 [Test worker] DEBUG o.s.w.c.RestTemplate - Response 400 BAD_REQUEST
19:46:16.072 [Test worker] DEBUG o.s.w.c.RestTemplate - HTTP POST http://localhost:49831/post
19:46:16.072 [Test worker] DEBUG o.s.w.c.RestTemplate - Accept=[text/plain, application/xml, text/xml, application/json, application/x-jackson-smile, application/cbor, application/*+xml, application/*+json, */*]
19:46:16.072 [Test worker] DEBUG o.s.w.c.RestTemplate - Writing [Héllo Wörld] with org.springframework.http.converter.StringHttpMessageConverter
19:46:16.077 [Test worker] DEBUG o.s.w.c.RestTemplate - Response 201 CREATED
19:46:16.078 [Test worker] DEBUG o.s.w.c.RestTemplate - Reading to [java.lang.String] as "text/plain;charset=UTF-8"
19:46:16.083 [Test worker] DEBUG o.s.w.c.RestTemplate - HTTP POST http://localhost:49833/post
19:46:16.083 [Test worker] DEBUG o.s.w.c.RestTemplate - Writing [Héllo Wörld] with org.springframework.http.converter.StringHttpMessageConverter
19:46:16.088 [Test worker] DEBUG o.s.w.c.RestTemplate - Response 201 CREATED
19:46:16.096 [Test worker] DEBUG o.s.w.c.RestTemplate - HTTP GET http://localhost:49835/uri/Z%C3%BCrich
19:46:16.097 [Test worker] DEBUG o.s.w.c.RestTemplate - Accept=[text/plain, application/xml, text/xml, application/json, application/x-jackson-smile, application/cbor, application/*+xml, application/*+json, */*]
19:46:16.104 [Test worker] DEBUG o.s.w.c.RestTemplate - Response 200 OK
19:46:16.104 [Test worker] DEBUG o.s.w.c.RestTemplate - Reading to [java.lang.String] as "text/plain"
19:46:16.105 [Test worker] DEBUG o.s.w.c.RestTemplate - HTTP GET http://localhost:49835/uri/query=foo@bar
19:46:16.105 [Test worker] DEBUG o.s.w.c.RestTemplate - Accept=[text/plain, application/xml, text/xml, application/json, application/x-jackson-smile, application/cbor, application/*+xml, application/*+json, */*]
19:46:16.110 [Test worker] DEBUG o.s.w.c.RestTemplate - Response 200 OK
19:46:16.110 [Test worker] DEBUG o.s.w.c.RestTemplate - Reading to [java.lang.String] as "text/plain"
19:46:16.111 [Test worker] DEBUG o.s.w.c.RestTemplate - HTTP GET http://localhost:49835/uri/query=T%C5%8Dky%C5%8D
19:46:16.111 [Test worker] DEBUG o.s.w.c.RestTemplate - Accept=[text/plain, application/xml, text/xml, application/json, application/x-jackson-smile, application/cbor, application/*+xml, application/*+json, */*]
19:46:16.115 [Test worker] DEBUG o.s.w.c.RestTemplate - Response 200 OK
19:46:16.115 [Test worker] DEBUG o.s.w.c.RestTemplate - Reading to [java.lang.String] as "text/plain"
19:46:16.122 [Test worker] DEBUG o.s.w.c.RestTemplate - HTTP POST http://localhost:49839/form
19:46:16.122 [Test worker] DEBUG o.s.w.c.RestTemplate - Writing [{name 1=[value 1], name 2=[value 2+1, value 2+2]}] with org.springframework.http.converter.support.AllEncompassingFormHttpMessageConverter
19:46:16.127 [Test worker] DEBUG o.s.w.c.RestTemplate - Response 200 OK
19:46:16.135 [Test worker] DEBUG o.s.w.c.RestTemplate - HTTP GET http://localhost:49841/get
19:46:16.135 [Test worker] DEBUG o.s.w.c.RestTemplate - Accept=[text/plain, application/xml, text/xml, application/json, application/x-jackson-smile, application/cbor, application/*+xml, application/*+json, */*]
19:46:16.142 [Test worker] DEBUG o.s.w.c.RestTemplate - Response 200 OK
19:46:16.142 [Test worker] DEBUG o.s.w.c.RestTemplate - Reading to [java.lang.String] as "text/plain;charset=UTF-8"
19:46:16.149 [Test worker] DEBUG o.s.w.c.RestTemplate - HTTP GET http://localhost:49843/get/nothing
19:46:16.150 [Test worker] DEBUG o.s.w.c.RestTemplate - Accept=[text/plain, application/xml, text/xml, application/json, application/x-jackson-smile, application/cbor, application/*+xml, application/*+json, */*]
19:46:16.155 [Test worker] DEBUG o.s.w.c.RestTemplate - Response 200 OK
19:46:16.161 [Test worker] DEBUG o.s.w.c.RestTemplate - HTTP PATCH http://localhost:49845/patch
19:46:16.161 [Test worker] DEBUG o.s.w.c.RestTemplate - Accept=[text/plain, application/xml, text/xml, application/json, application/x-jackson-smile, application/cbor, application/*+xml, application/*+json, */*]
19:46:16.161 [Test worker] DEBUG o.s.w.c.RestTemplate - Writing [Héllo Wörld] with org.springframework.http.converter.StringHttpMessageConverter
19:46:16.166 [Test worker] DEBUG o.s.w.c.RestTemplate - Response 201 CREATED
19:46:16.166 [Test worker] DEBUG o.s.w.c.RestTemplate - Reading to [java.lang.String] as "text/plain;charset=UTF-8"
19:46:16.172 [Test worker] DEBUG o.s.w.c.RestTemplate - HTTP GET http://localhost:49847/get
19:46:16.172 [Test worker] DEBUG o.s.w.c.RestTemplate - Accept=[text/plain, application/xml, text/xml, application/json, application/x-jackson-smile, application/cbor, application/*+xml, application/*+json, */*]
19:46:16.176 [Test worker] DEBUG o.s.w.c.RestTemplate - Response 200 OK
19:46:16.177 [Test worker] DEBUG o.s.w.c.RestTemplate - Reading to [java.lang.String] as "text/plain;charset=UTF-8"
19:46:16.183 [Test worker] DEBUG o.s.w.c.RestTemplate - HTTP OPTIONS http://localhost:49849/get
19:46:16.187 [Test worker] DEBUG o.s.w.c.RestTemplate - Response 200 OK
19:46:16.194 [Test worker] DEBUG o.s.w.c.RestTemplate - HTTP POST http://localhost:49851/post
19:46:16.195 [Test worker] DEBUG o.s.w.c.RestTemplate - Accept=[application/xml, text/xml, application/json, application/x-jackson-smile, application/cbor, application/*+xml, application/*+json]
19:46:16.195 [Test worker] DEBUG o.s.w.c.RestTemplate - Writing [Héllo Wörld] as "text/plain"
19:46:16.200 [Test worker] DEBUG o.s.w.c.RestTemplate - Response 201 CREATED
19:46:16.207 [Test worker] DEBUG o.s.w.c.RestTemplate - HTTP GET http://localhost:49853/status/nocontent
19:46:16.207 [Test worker] DEBUG o.s.w.c.RestTemplate - Accept=[text/plain, application/xml, text/xml, application/json, application/x-jackson-smile, application/cbor, application/*+xml, application/*+json, */*]
19:46:16.211 [Test worker] DEBUG o.s.w.c.RestTemplate - Response 204 NO_CONTENT
19:46:16.211 [Test worker] DEBUG o.s.w.c.RestTemplate - HTTP GET http://localhost:49853/status/nocontent
19:46:16.211 [Test worker] DEBUG o.s.w.c.RestTemplate - Accept=[text/plain, application/xml, text/xml, application/json, application/x-jackson-smile, application/cbor, application/*+xml, application/*+json, */*]
19:46:16.215 [Test worker] DEBUG o.s.w.c.RestTemplate - Response 204 NO_CONTENT
19:46:16.222 [Test worker] DEBUG o.s.w.c.RestTemplate - HTTP GET http://localhost:49856/status/notfound
19:46:16.226 [Test worker] DEBUG o.s.w.c.RestTemplate - Response 404 NOT_FOUND
19:46:16.234 [Test worker] DEBUG o.s.w.c.RestTemplate - HTTP POST http://localhost:49858/jsonpost
19:46:16.236 [Test worker] DEBUG o.s.w.c.RestTemplate - Accept=[text/plain, application/xml, text/xml, application/json, application/x-jackson-smile, application/cbor, application/*+xml, application/*+json, */*]
19:46:16.237 [Test worker] DEBUG o.s.w.c.RestTemplate - Writing [[org.springframework.web.client.RestTemplateIntegrationTests$Foo@426c7058, org.springframework.web.client.RestTemplateIntegrationTests$Bar@12489572]] as "application/json;charset=UTF-8"
19:46:16.245 [Test worker] DEBUG o.s.w.c.RestTemplate - Response 201 CREATED
19:46:16.245 [Test worker] DEBUG o.s.w.c.RestTemplate - Reading to [java.lang.String] as "application/json;charset=utf-8"
19:46:16.254 [Test worker] DEBUG o.s.w.c.RestTemplate - HTTP GET http://localhost:49860/get
19:46:16.255 [Test worker] DEBUG o.s.w.c.RestTemplate - Accept=[text/plain, application/xml, text/xml, application/json, application/x-jackson-smile, application/cbor, application/*+xml, application/*+json, */*]
19:46:16.345 [Test worker] DEBUG o.s.w.c.RestTemplate - Response 200 OK
19:46:16.346 [Test worker] DEBUG o.s.w.c.RestTemplate - Reading to [java.lang.String] as "text/plain;charset=UTF-8"
19:46:16.351 [Test worker] DEBUG o.s.w.c.RestTemplate - HTTP POST http://localhost:49862/jsonpost
19:46:16.352 [Test worker] DEBUG o.s.w.c.RestTemplate - Accept=[text/plain, application/xml, text/xml, application/json, application/x-jackson-smile, application/cbor, application/*+xml, application/*+json, */*]
19:46:16.355 [Test worker] DEBUG o.s.w.c.RestTemplate - Writing [org.springframework.http.converter.json.MappingJacksonValue@302a3035] as "application/json;charset=UTF-8"
19:46:16.364 [Test worker] DEBUG o.s.w.c.RestTemplate - Response 201 CREATED
19:46:16.364 [Test worker] DEBUG o.s.w.c.RestTemplate - Reading to [java.lang.String] as "application/json;charset=utf-8"
19:46:16.369 [Test worker] DEBUG o.s.w.c.RestTemplate - HTTP GET http://localhost:49864/get
19:46:16.370 [Test worker] DEBUG o.s.w.c.RestTemplate - Accept=[text/plain, application/xml, text/xml, application/json, application/x-jackson-smile, application/cbor, application/*+xml, application/*+json, */*]
19:46:16.372 [Test worker] DEBUG o.s.w.c.RestTemplate - Response 200 OK
19:46:16.372 [Test worker] DEBUG o.s.w.c.RestTemplate - Reading to [java.lang.String] as "text/plain;charset=UTF-8"
19:46:16.377 [Test worker] DEBUG o.s.w.c.RestTemplate - HTTP POST http://localhost:49866/multipart
19:46:16.377 [Test worker] DEBUG o.s.w.c.RestTemplate - Writing [{name 1=[value 1], name 2=[value 2+1, value 2+2], logo=[class path resource [org/springframework/http/converter/logo.jpg]]}] with org.springframework.http.converter.support.AllEncompassingFormHttpMessageConverter
19:46:16.380 [Test worker] DEBUG o.s.w.c.RestTemplate - Response 200 OK
19:46:16.388 [Test worker] DEBUG o.s.w.c.RestTemplate - HTTP GET http://localhost:49868/get/nocontenttype
19:46:16.389 [Test worker] DEBUG o.s.w.c.RestTemplate - Accept=[application/octet-stream, application/xml, text/xml, application/json, application/x-jackson-smile, application/cbor, application/*+xml, application/*+json, */*]
19:46:16.391 [Test worker] DEBUG o.s.w.c.RestTemplate - Response 200 OK
19:46:16.391 [Test worker] DEBUG o.s.w.c.RestTemplate - Reading to [[B] as "application/octet-stream"
19:46:16.396 [Test worker] DEBUG o.s.w.c.RestTemplate - HTTP POST http://localhost:49870/jsonpost
19:46:16.396 [Test worker] DEBUG o.s.w.c.RestTemplate - Accept=[text/plain, application/xml, text/xml, application/json, application/x-jackson-smile, application/cbor, application/*+xml, application/*+json, */*]
19:46:16.399 [Test worker] DEBUG o.s.w.c.RestTemplate - Response 201 CREATED
19:46:16.404 [Test worker] DEBUG o.s.w.c.RestTemplate - HTTP GET http://localhost:49872/status/notmodified
19:46:16.405 [Test worker] DEBUG o.s.w.c.RestTemplate - Accept=[text/plain, application/xml, text/xml, application/json, application/x-jackson-smile, application/cbor, application/*+xml, application/*+json, */*]
19:46:16.407 [Test worker] DEBUG o.s.w.c.RestTemplate - Response 304 NOT_MODIFIED
19:46:16.408 [Test worker] DEBUG o.s.w.c.RestTemplate - HTTP GET http://localhost:49872/status/notmodified
19:46:16.408 [Test worker] DEBUG o.s.w.c.RestTemplate - Accept=[text/plain, application/xml, text/xml, application/json, application/x-jackson-smile, application/cbor, application/*+xml, application/*+json, */*]
19:46:16.410 [Test worker] DEBUG o.s.w.c.RestTemplate - Response 304 NOT_MODIFIED
19:46:16.416 [Test worker] DEBUG o.s.w.c.RestTemplate - HTTP GET http://localhost:49874/status/server
19:46:16.419 [Test worker] DEBUG o.s.w.c.RestTemplate - Response 500 INTERNAL_SERVER_ERROR
19:46:16.426 [Test worker] DEBUG o.s.w.c.RestTemplate - HTTP POST http://localhost:49876/jsonpost
19:46:16.427 [Test worker] DEBUG o.s.w.c.RestTemplate - Accept=[text/plain, application/xml, text/xml, application/json, application/x-jackson-smile, application/cbor, application/*+xml, application/*+json, */*]
19:46:16.428 [Test worker] DEBUG o.s.w.c.RestTemplate - Writing [org.springframework.web.client.RestTemplateIntegrationTests$MySampleBean@2861706f] as "application/json;charset=UTF-8"
19:46:16.430 [Test worker] DEBUG o.s.w.c.RestTemplate - Response 201 CREATED
19:46:16.431 [Test worker] DEBUG o.s.w.c.RestTemplate - Reading to [java.lang.String] as "application/json;charset=utf-8"
19:46:16.436 [Test worker] DEBUG o.s.w.c.RestTemplate - HTTP POST http://localhost:49878/post
19:46:16.436 [Test worker] DEBUG o.s.w.c.RestTemplate - Writing [Héllo Wörld] as "text/plain;charset=ISO-8859-1"
19:46:16.439 [Test worker] DEBUG o.s.w.c.RestTemplate - Response 201 CREATED
19:46:16.444 [Test worker] DEBUG o.s.w.c.RestTemplate - HTTP GET http://localhost:49880/status/badrequest
19:46:16.447 [Test worker] DEBUG o.s.w.c.RestTemplate - Response 400 BAD_REQUEST
19:46:16.452 [Test worker] DEBUG o.s.w.c.RestTemplate - HTTP POST http://localhost:49882/post
19:46:16.452 [Test worker] DEBUG o.s.w.c.RestTemplate - Accept=[text/plain, application/xml, text/xml, application/json, application/x-jackson-smile, application/cbor, application/*+xml, application/*+json, */*]
19:46:16.452 [Test worker] DEBUG o.s.w.c.RestTemplate - Writing [Héllo Wörld] with org.springframework.http.converter.StringHttpMessageConverter
19:46:16.455 [Test worker] DEBUG o.s.w.c.RestTemplate - Response 201 CREATED
19:46:16.456 [Test worker] DEBUG o.s.w.c.RestTemplate - Reading to [java.lang.String] as "text/plain;charset=UTF-8"
19:46:16.460 [Test worker] DEBUG o.s.w.c.RestTemplate - HTTP POST http://localhost:49884/post
19:46:16.460 [Test worker] DEBUG o.s.w.c.RestTemplate - Writing [Héllo Wörld] with org.springframework.http.converter.StringHttpMessageConverter
19:46:16.462 [Test worker] DEBUG o.s.w.c.RestTemplate - Response 201 CREATED
19:46:16.468 [Test worker] DEBUG o.s.w.c.RestTemplate - HTTP GET http://localhost:49886/uri/Z%C3%BCrich
19:46:16.468 [Test worker] DEBUG o.s.w.c.RestTemplate - Accept=[text/plain, application/xml, text/xml, application/json, application/x-jackson-smile, application/cbor, application/*+xml, application/*+json, */*]
19:46:16.470 [Test worker] DEBUG o.s.w.c.RestTemplate - Response 200 OK
19:46:16.471 [Test worker] DEBUG o.s.w.c.RestTemplate - Reading to [java.lang.String] as "text/plain"
19:46:16.471 [Test worker] DEBUG o.s.w.c.RestTemplate - HTTP GET http://localhost:49886/uri/query=foo@bar
19:46:16.471 [Test worker] DEBUG o.s.w.c.RestTemplate - Accept=[text/plain, application/xml, text/xml, application/json, application/x-jackson-smile, application/cbor, application/*+xml, application/*+json, */*]
19:46:16.473 [Test worker] DEBUG o.s.w.c.RestTemplate - Response 200 OK
19:46:16.473 [Test worker] DEBUG o.s.w.c.RestTemplate - Reading to [java.lang.String] as "text/plain"
19:46:16.473 [Test worker] DEBUG o.s.w.c.RestTemplate - HTTP GET http://localhost:49886/uri/query=T%C5%8Dky%C5%8D
19:46:16.474 [Test worker] DEBUG o.s.w.c.RestTemplate - Accept=[text/plain, application/xml, text/xml, application/json, application/x-jackson-smile, application/cbor, application/*+xml, application/*+json, */*]
19:46:16.475 [Test worker] DEBUG o.s.w.c.RestTemplate - Response 200 OK
19:46:16.476 [Test worker] DEBUG o.s.w.c.RestTemplate - Reading to [java.lang.String] as "text/plain"
19:46:16.482 [Test worker] DEBUG o.s.w.c.RestTemplate - HTTP POST http://localhost:49888/form
19:46:16.482 [Test worker] DEBUG o.s.w.c.RestTemplate - Writing [{name 1=[value 1], name 2=[value 2+1, value 2+2]}] with org.springframework.http.converter.support.AllEncompassingFormHttpMessageConverter
19:46:16.485 [Test worker] DEBUG o.s.w.c.RestTemplate - Response 200 OK
19:46:16.489 [Test worker] DEBUG o.s.w.c.RestTemplate - HTTP GET http://localhost:49890/get
19:46:16.490 [Test worker] DEBUG o.s.w.c.RestTemplate - Accept=[text/plain, application/xml, text/xml, application/json, application/x-jackson-smile, application/cbor, application/*+xml, application/*+json, */*]
19:46:16.492 [Test worker] DEBUG o.s.w.c.RestTemplate - Response 200 OK
19:46:16.492 [Test worker] DEBUG o.s.w.c.RestTemplate - Reading to [java.lang.String] as "text/plain;charset=UTF-8"
19:46:16.497 [Test worker] DEBUG o.s.w.c.RestTemplate - HTTP GET http://localhost:49892/get/nothing
19:46:16.498 [Test worker] DEBUG o.s.w.c.RestTemplate - Accept=[text/plain, application/xml, text/xml, application/json, application/x-jackson-smile, application/cbor, application/*+xml, application/*+json, */*]
19:46:16.500 [Test worker] DEBUG o.s.w.c.RestTemplate - Response 200 OK
19:46:16.507 [Test worker] DEBUG o.s.w.c.RestTemplate - HTTP PATCH http://localhost:49894/patch
19:46:16.508 [Test worker] DEBUG o.s.w.c.RestTemplate - Accept=[text/plain, application/xml, text/xml, application/json, application/x-jackson-smile, application/cbor, application/*+xml, application/*+json, */*]
19:46:16.508 [Test worker] DEBUG o.s.w.c.RestTemplate - Writing [Héllo Wörld] with org.springframework.http.converter.StringHttpMessageConverter
19:46:16.511 [Test worker] DEBUG o.s.w.c.RestTemplate - Response 201 CREATED
19:46:16.512 [Test worker] DEBUG o.s.w.c.RestTemplate - Reading to [java.lang.String] as "text/plain;charset=UTF-8"
19:46:16.520 [Test worker] DEBUG o.s.w.c.RestTemplate - HTTP GET http://localhost:49896/get
19:46:16.521 [Test worker] DEBUG o.s.w.c.RestTemplate - Accept=[text/plain, application/xml, text/xml, application/json, application/x-jackson-smile, application/cbor, application/*+xml, application/*+json, */*]
19:46:16.523 [Test worker] DEBUG o.s.w.c.RestTemplate - Response 200 OK
19:46:16.523 [Test worker] DEBUG o.s.w.c.RestTemplate - Reading to [java.lang.String] as "text/plain;charset=UTF-8"
19:46:16.528 [Test worker] DEBUG o.s.w.c.RestTemplate - HTTP OPTIONS http://localhost:49898/get
19:46:16.532 [Test worker] DEBUG o.s.w.c.RestTemplate - Response 200 OK
19:46:16.538 [Test worker] DEBUG o.s.w.c.RestTemplate - HTTP POST http://localhost:49900/post
19:46:16.539 [Test worker] DEBUG o.s.w.c.RestTemplate - Accept=[application/xml, text/xml, application/json, application/x-jackson-smile, application/cbor, application/*+xml, application/*+json]
19:46:16.539 [Test worker] DEBUG o.s.w.c.RestTemplate - Writing [Héllo Wörld] as "text/plain"
19:46:16.543 [Test worker] DEBUG o.s.w.c.RestTemplate - Response 201 CREATED
19:46:16.550 [Test worker] DEBUG o.s.w.c.RestTemplate - HTTP GET http://localhost:49902/status/nocontent
19:46:16.550 [Test worker] DEBUG o.s.w.c.RestTemplate - Accept=[text/plain, application/xml, text/xml, application/json, application/x-jackson-smile, application/cbor, application/*+xml, application/*+json, */*]
19:46:16.552 [Test worker] DEBUG o.s.w.c.RestTemplate - Response 204 NO_CONTENT
19:46:16.553 [Test worker] DEBUG o.s.w.c.RestTemplate - HTTP GET http://localhost:49902/status/nocontent
19:46:16.553 [Test worker] DEBUG o.s.w.c.RestTemplate - Accept=[text/plain, application/xml, text/xml, application/json, application/x-jackson-smile, application/cbor, application/*+xml, application/*+json, */*]
19:46:16.555 [Test worker] DEBUG o.s.w.c.RestTemplate - Response 204 NO_CONTENT
19:46:16.562 [Test worker] DEBUG o.s.w.c.RestTemplate - HTTP GET http://localhost:49904/status/notfound
19:46:16.565 [Test worker] DEBUG o.s.w.c.RestTemplate - Response 404 NOT_FOUND
19:46:16.572 [Test worker] DEBUG o.s.w.c.RestTemplate - HTTP POST http://localhost:49906/jsonpost
19:46:16.572 [Test worker] DEBUG o.s.w.c.RestTemplate - Accept=[text/plain, application/xml, text/xml, application/json, application/x-jackson-smile, application/cbor, application/*+xml, application/*+json, */*]
19:46:16.572 [Test worker] DEBUG o.s.w.c.RestTemplate - Writing [[org.springframework.web.client.RestTemplateIntegrationTests$Foo@4711b25e, org.springframework.web.client.RestTemplateIntegrationTests$Bar@6f23b626]] as "application/json;charset=UTF-8"
19:46:16.576 [Test worker] DEBUG o.s.w.c.RestTemplate - Response 201 CREATED
19:46:16.577 [Test worker] DEBUG o.s.w.c.RestTemplate - Reading to [java.lang.String] as "application/json;charset=utf-8"
]]></system-out>
  <system-err><![CDATA[Jun 21, 2019 7:46:14 PM okhttp3.mockwebserver.MockWebServer$3 execute
INFO: MockWebServer[49713] starting to accept connections
Jun 21, 2019 7:46:14 PM okhttp3.mockwebserver.MockWebServer$4 processOneRequest
INFO: MockWebServer[49713] received request: GET /get HTTP/1.1 and responded: HTTP/1.1 200 OK
Jun 21, 2019 7:46:14 PM okhttp3.mockwebserver.MockWebServer$3 acceptConnections
INFO: MockWebServer[49713] done accepting connections: Socket closed
Jun 21, 2019 7:46:14 PM okhttp3.mockwebserver.MockWebServer$3 execute
INFO: MockWebServer[49715] starting to accept connections
Jun 21, 2019 7:46:15 PM okhttp3.mockwebserver.MockWebServer$4 processOneRequest
INFO: MockWebServer[49715] received request: POST /jsonpost HTTP/1.1 and responded: HTTP/1.1 201 OK
Jun 21, 2019 7:46:15 PM okhttp3.mockwebserver.MockWebServer$3 acceptConnections
INFO: MockWebServer[49715] done accepting connections: Socket closed
Jun 21, 2019 7:46:15 PM okhttp3.mockwebserver.MockWebServer$3 execute
INFO: MockWebServer[49717] starting to accept connections
Jun 21, 2019 7:46:15 PM okhttp3.mockwebserver.MockWebServer$4 processOneRequest
INFO: MockWebServer[49717] received request: GET /get HTTP/1.1 and responded: HTTP/1.1 200 OK
Jun 21, 2019 7:46:15 PM okhttp3.mockwebserver.MockWebServer$3 acceptConnections
INFO: MockWebServer[49717] done accepting connections: Socket closed
Jun 21, 2019 7:46:15 PM okhttp3.mockwebserver.MockWebServer$3 execute
INFO: MockWebServer[49719] starting to accept connections
Jun 21, 2019 7:46:15 PM okhttp3.mockwebserver.MockWebServer$4 processOneRequest
INFO: MockWebServer[49719] received request: POST /multipart HTTP/1.1 and responded: HTTP/1.1 200 OK
Jun 21, 2019 7:46:15 PM okhttp3.mockwebserver.MockWebServer$3 acceptConnections
INFO: MockWebServer[49719] done accepting connections: Socket closed
Jun 21, 2019 7:46:15 PM okhttp3.mockwebserver.MockWebServer$3 execute
INFO: MockWebServer[49721] starting to accept connections
Jun 21, 2019 7:46:15 PM okhttp3.mockwebserver.MockWebServer$4 processOneRequest
INFO: MockWebServer[49721] received request: GET /get/nocontenttype HTTP/1.1 and responded: HTTP/1.1 200 OK
Jun 21, 2019 7:46:15 PM okhttp3.mockwebserver.MockWebServer$3 acceptConnections
INFO: MockWebServer[49721] done accepting connections: Socket closed
Jun 21, 2019 7:46:15 PM okhttp3.mockwebserver.MockWebServer$3 execute
INFO: MockWebServer[49723] starting to accept connections
Jun 21, 2019 7:46:15 PM okhttp3.mockwebserver.MockWebServer$4 processOneRequest
INFO: MockWebServer[49723] received request: POST /jsonpost HTTP/1.1 and responded: HTTP/1.1 201 OK
Jun 21, 2019 7:46:15 PM okhttp3.mockwebserver.MockWebServer$3 acceptConnections
INFO: MockWebServer[49723] done accepting connections: Socket closed
Jun 21, 2019 7:46:15 PM okhttp3.mockwebserver.MockWebServer$3 execute
INFO: MockWebServer[49725] starting to accept connections
Jun 21, 2019 7:46:15 PM okhttp3.mockwebserver.MockWebServer$4 processOneRequest
INFO: MockWebServer[49725] received request: GET /status/notmodified HTTP/1.1 and responded: HTTP/1.1 304 Redirection
Jun 21, 2019 7:46:15 PM okhttp3.mockwebserver.MockWebServer$4 processOneRequest
INFO: MockWebServer[49725] received request: GET /status/notmodified HTTP/1.1 and responded: HTTP/1.1 304 Redirection
Jun 21, 2019 7:46:15 PM okhttp3.mockwebserver.MockWebServer$3 acceptConnections
INFO: MockWebServer[49725] done accepting connections: Socket closed
Jun 21, 2019 7:46:15 PM okhttp3.mockwebserver.MockWebServer$3 execute
INFO: MockWebServer[49727] starting to accept connections
Jun 21, 2019 7:46:15 PM okhttp3.mockwebserver.MockWebServer$4 processOneRequest
INFO: MockWebServer[49727] received request: GET /status/server HTTP/1.1 and responded: HTTP/1.1 500 Server Error
Jun 21, 2019 7:46:15 PM okhttp3.mockwebserver.MockWebServer$3 acceptConnections
INFO: MockWebServer[49727] done accepting connections: Socket closed
Jun 21, 2019 7:46:15 PM okhttp3.mockwebserver.MockWebServer$3 execute
INFO: MockWebServer[49729] starting to accept connections
Jun 21, 2019 7:46:15 PM okhttp3.mockwebserver.MockWebServer$4 processOneRequest
INFO: MockWebServer[49729] received request: POST /jsonpost HTTP/1.1 and responded: HTTP/1.1 201 OK
Jun 21, 2019 7:46:15 PM okhttp3.mockwebserver.MockWebServer$3 acceptConnections
INFO: MockWebServer[49729] done accepting connections: Socket closed
Jun 21, 2019 7:46:15 PM okhttp3.mockwebserver.MockWebServer$3 execute
INFO: MockWebServer[49731] starting to accept connections
Jun 21, 2019 7:46:15 PM okhttp3.mockwebserver.MockWebServer$4 processOneRequest
INFO: MockWebServer[49731] received request: POST /post HTTP/1.1 and responded: HTTP/1.1 201 OK
Jun 21, 2019 7:46:15 PM okhttp3.mockwebserver.MockWebServer$3 acceptConnections
INFO: MockWebServer[49731] done accepting connections: Socket closed
Jun 21, 2019 7:46:15 PM okhttp3.mockwebserver.MockWebServer$3 execute
INFO: MockWebServer[49733] starting to accept connections
Jun 21, 2019 7:46:15 PM okhttp3.mockwebserver.MockWebServer$4 processOneRequest
INFO: MockWebServer[49733] received request: GET /status/badrequest HTTP/1.1 and responded: HTTP/1.1 400 Client Error
Jun 21, 2019 7:46:15 PM okhttp3.mockwebserver.MockWebServer$3 acceptConnections
INFO: MockWebServer[49733] done accepting connections: Socket closed
Jun 21, 2019 7:46:15 PM okhttp3.mockwebserver.MockWebServer$3 execute
INFO: MockWebServer[49735] starting to accept connections
Jun 21, 2019 7:46:15 PM okhttp3.mockwebserver.MockWebServer$4 processOneRequest
INFO: MockWebServer[49735] received request: POST /post HTTP/1.1 and responded: HTTP/1.1 201 OK
Jun 21, 2019 7:46:15 PM okhttp3.mockwebserver.MockWebServer$3 acceptConnections
INFO: MockWebServer[49735] done accepting connections: Socket closed
Jun 21, 2019 7:46:15 PM okhttp3.mockwebserver.MockWebServer$3 execute
INFO: MockWebServer[49737] starting to accept connections
Jun 21, 2019 7:46:15 PM okhttp3.mockwebserver.MockWebServer$4 processOneRequest
INFO: MockWebServer[49737] received request: POST /post HTTP/1.1 and responded: HTTP/1.1 201 OK
Jun 21, 2019 7:46:15 PM okhttp3.mockwebserver.MockWebServer$3 acceptConnections
INFO: MockWebServer[49737] done accepting connections: Socket closed
Jun 21, 2019 7:46:15 PM okhttp3.mockwebserver.MockWebServer$3 execute
INFO: MockWebServer[49739] starting to accept connections
Jun 21, 2019 7:46:15 PM okhttp3.mockwebserver.MockWebServer$4 processOneRequest
INFO: MockWebServer[49739] received request: GET /uri/Z%C3%BCrich HTTP/1.1 and responded: HTTP/1.1 200 OK
Jun 21, 2019 7:46:15 PM okhttp3.mockwebserver.MockWebServer$4 processOneRequest
INFO: MockWebServer[49739] received request: GET /uri/query=foo@bar HTTP/1.1 and responded: HTTP/1.1 200 OK
Jun 21, 2019 7:46:15 PM okhttp3.mockwebserver.MockWebServer$4 processOneRequest
INFO: MockWebServer[49739] received request: GET /uri/query=T%C5%8Dky%C5%8D HTTP/1.1 and responded: HTTP/1.1 200 OK
Jun 21, 2019 7:46:15 PM okhttp3.mockwebserver.MockWebServer$3 acceptConnections
INFO: MockWebServer[49739] done accepting connections: Socket closed
Jun 21, 2019 7:46:15 PM okhttp3.mockwebserver.MockWebServer$3 execute
INFO: MockWebServer[49741] starting to accept connections
Jun 21, 2019 7:46:15 PM okhttp3.mockwebserver.MockWebServer$4 processOneRequest
INFO: MockWebServer[49741] received request: POST /form HTTP/1.1 and responded: HTTP/1.1 200 OK
Jun 21, 2019 7:46:15 PM okhttp3.mockwebserver.MockWebServer$3 acceptConnections
INFO: MockWebServer[49741] done accepting connections: Socket closed
Jun 21, 2019 7:46:15 PM okhttp3.mockwebserver.MockWebServer$3 execute
INFO: MockWebServer[49743] starting to accept connections
Jun 21, 2019 7:46:15 PM okhttp3.mockwebserver.MockWebServer$4 processOneRequest
INFO: MockWebServer[49743] received request: GET /get HTTP/1.1 and responded: HTTP/1.1 200 OK
Jun 21, 2019 7:46:15 PM okhttp3.mockwebserver.MockWebServer$3 acceptConnections
INFO: MockWebServer[49743] done accepting connections: Socket closed
Jun 21, 2019 7:46:15 PM okhttp3.mockwebserver.MockWebServer$3 execute
INFO: MockWebServer[49745] starting to accept connections
Jun 21, 2019 7:46:15 PM okhttp3.mockwebserver.MockWebServer$4 processOneRequest
INFO: MockWebServer[49745] received request: GET /get/nothing HTTP/1.1 and responded: HTTP/1.1 200 OK
Jun 21, 2019 7:46:15 PM okhttp3.mockwebserver.MockWebServer$3 acceptConnections
INFO: MockWebServer[49745] done accepting connections: Socket closed
Jun 21, 2019 7:46:15 PM okhttp3.mockwebserver.MockWebServer$3 execute
INFO: MockWebServer[49747] starting to accept connections
Jun 21, 2019 7:46:15 PM okhttp3.mockwebserver.MockWebServer$3 acceptConnections
INFO: MockWebServer[49747] done accepting connections: Socket closed
Jun 21, 2019 7:46:15 PM okhttp3.mockwebserver.MockWebServer$3 execute
INFO: MockWebServer[49748] starting to accept connections
Jun 21, 2019 7:46:15 PM okhttp3.mockwebserver.MockWebServer$4 processOneRequest
INFO: MockWebServer[49748] received request: GET /get HTTP/1.1 and responded: HTTP/1.1 200 OK
Jun 21, 2019 7:46:15 PM okhttp3.mockwebserver.MockWebServer$3 acceptConnections
INFO: MockWebServer[49748] done accepting connections: Socket closed
Jun 21, 2019 7:46:15 PM okhttp3.mockwebserver.MockWebServer$3 execute
INFO: MockWebServer[49750] starting to accept connections
Jun 21, 2019 7:46:15 PM okhttp3.mockwebserver.MockWebServer$4 processOneRequest
INFO: MockWebServer[49750] received request: OPTIONS /get HTTP/1.1 and responded: HTTP/1.1 200 OK
Jun 21, 2019 7:46:15 PM okhttp3.mockwebserver.MockWebServer$3 acceptConnections
INFO: MockWebServer[49750] done accepting connections: Socket closed
Jun 21, 2019 7:46:15 PM okhttp3.mockwebserver.MockWebServer$3 execute
INFO: MockWebServer[49752] starting to accept connections
Jun 21, 2019 7:46:15 PM okhttp3.mockwebserver.MockWebServer$4 processOneRequest
INFO: MockWebServer[49752] received request: POST /post HTTP/1.1 and responded: HTTP/1.1 201 OK
Jun 21, 2019 7:46:15 PM okhttp3.mockwebserver.MockWebServer$3 acceptConnections
INFO: MockWebServer[49752] done accepting connections: Socket closed
Jun 21, 2019 7:46:15 PM okhttp3.mockwebserver.MockWebServer$3 execute
INFO: MockWebServer[49754] starting to accept connections
Jun 21, 2019 7:46:15 PM okhttp3.mockwebserver.MockWebServer$4 processOneRequest
INFO: MockWebServer[49754] received request: GET /status/nocontent HTTP/1.1 and responded: HTTP/1.1 204 OK
Jun 21, 2019 7:46:15 PM okhttp3.mockwebserver.MockWebServer$4 processOneRequest
INFO: MockWebServer[49754] received request: GET /status/nocontent HTTP/1.1 and responded: HTTP/1.1 204 OK
Jun 21, 2019 7:46:15 PM okhttp3.mockwebserver.MockWebServer$3 acceptConnections
INFO: MockWebServer[49754] done accepting connections: Socket closed
Jun 21, 2019 7:46:15 PM okhttp3.mockwebserver.MockWebServer$3 execute
INFO: MockWebServer[49756] starting to accept connections
Jun 21, 2019 7:46:15 PM okhttp3.mockwebserver.MockWebServer$4 processOneRequest
INFO: MockWebServer[49756] received request: GET /status/notfound HTTP/1.1 and responded: HTTP/1.1 404 Client Error
Jun 21, 2019 7:46:15 PM okhttp3.mockwebserver.MockWebServer$3 acceptConnections
INFO: MockWebServer[49756] done accepting connections: Socket closed
Jun 21, 2019 7:46:15 PM okhttp3.mockwebserver.MockWebServer$3 execute
INFO: MockWebServer[49758] starting to accept connections
Jun 21, 2019 7:46:15 PM okhttp3.mockwebserver.MockWebServer$4 processOneRequest
INFO: MockWebServer[49758] received request: POST /jsonpost HTTP/1.1 and responded: HTTP/1.1 201 OK
Jun 21, 2019 7:46:15 PM okhttp3.mockwebserver.MockWebServer$3 acceptConnections
INFO: MockWebServer[49758] done accepting connections: Socket closed
Jun 21, 2019 7:46:15 PM okhttp3.mockwebserver.MockWebServer$3 execute
INFO: MockWebServer[49760] starting to accept connections
Jun 21, 2019 7:46:15 PM okhttp3.mockwebserver.MockWebServer$4 processOneRequest
INFO: MockWebServer[49760] received request: GET /get HTTP/1.1 and responded: HTTP/1.1 200 OK
Jun 21, 2019 7:46:15 PM okhttp3.mockwebserver.MockWebServer$3 acceptConnections
INFO: MockWebServer[49760] done accepting connections: Socket closed
Jun 21, 2019 7:46:15 PM okhttp3.mockwebserver.MockWebServer$3 execute
INFO: MockWebServer[49762] starting to accept connections
Jun 21, 2019 7:46:15 PM okhttp3.mockwebserver.MockWebServer$4 processOneRequest
INFO: MockWebServer[49762] received request: POST /jsonpost HTTP/1.1 and responded: HTTP/1.1 201 OK
Jun 21, 2019 7:46:15 PM okhttp3.mockwebserver.MockWebServer$3 acceptConnections
INFO: MockWebServer[49762] done accepting connections: Socket closed
Jun 21, 2019 7:46:15 PM okhttp3.mockwebserver.MockWebServer$3 execute
INFO: MockWebServer[49764] starting to accept connections
Jun 21, 2019 7:46:15 PM okhttp3.mockwebserver.MockWebServer$4 processOneRequest
INFO: MockWebServer[49764] received request: GET /get HTTP/1.1 and responded: HTTP/1.1 200 OK
Jun 21, 2019 7:46:15 PM okhttp3.mockwebserver.MockWebServer$3 acceptConnections
INFO: MockWebServer[49764] done accepting connections: Socket closed
Jun 21, 2019 7:46:15 PM okhttp3.mockwebserver.MockWebServer$3 execute
INFO: MockWebServer[49766] starting to accept connections
Jun 21, 2019 7:46:15 PM okhttp3.mockwebserver.MockWebServer$4 processOneRequest
INFO: MockWebServer[49766] received request: POST /multipart HTTP/1.1 and responded: HTTP/1.1 200 OK
Jun 21, 2019 7:46:15 PM okhttp3.mockwebserver.MockWebServer$3 acceptConnections
INFO: MockWebServer[49766] done accepting connections: Socket closed
Jun 21, 2019 7:46:15 PM okhttp3.mockwebserver.MockWebServer$3 execute
INFO: MockWebServer[49768] starting to accept connections
Jun 21, 2019 7:46:15 PM okhttp3.mockwebserver.MockWebServer$4 processOneRequest
INFO: MockWebServer[49768] received request: GET /get/nocontenttype HTTP/1.1 and responded: HTTP/1.1 200 OK
Jun 21, 2019 7:46:15 PM okhttp3.mockwebserver.MockWebServer$3 acceptConnections
INFO: MockWebServer[49768] done accepting connections: Socket closed
Jun 21, 2019 7:46:15 PM okhttp3.mockwebserver.MockWebServer$3 execute
INFO: MockWebServer[49770] starting to accept connections
Jun 21, 2019 7:46:15 PM okhttp3.mockwebserver.MockWebServer$4 processOneRequest
INFO: MockWebServer[49770] received request: POST /jsonpost HTTP/1.1 and responded: HTTP/1.1 201 OK
Jun 21, 2019 7:46:15 PM okhttp3.mockwebserver.MockWebServer$3 acceptConnections
INFO: MockWebServer[49770] done accepting connections: Socket closed
Jun 21, 2019 7:46:15 PM okhttp3.mockwebserver.MockWebServer$3 execute
INFO: MockWebServer[49772] starting to accept connections
Jun 21, 2019 7:46:15 PM okhttp3.mockwebserver.MockWebServer$4 processOneRequest
INFO: MockWebServer[49772] received request: GET /status/notmodified HTTP/1.1 and responded: HTTP/1.1 304 Redirection
Jun 21, 2019 7:46:15 PM okhttp3.mockwebserver.MockWebServer$4 processOneRequest
INFO: MockWebServer[49772] received request: GET /status/notmodified HTTP/1.1 and responded: HTTP/1.1 304 Redirection
Jun 21, 2019 7:46:15 PM okhttp3.mockwebserver.MockWebServer$3 acceptConnections
INFO: MockWebServer[49772] done accepting connections: Socket closed
Jun 21, 2019 7:46:15 PM okhttp3.mockwebserver.MockWebServer$3 execute
INFO: MockWebServer[49774] starting to accept connections
Jun 21, 2019 7:46:15 PM okhttp3.mockwebserver.MockWebServer$4 processOneRequest
INFO: MockWebServer[49774] received request: GET /status/server HTTP/1.1 and responded: HTTP/1.1 500 Server Error
Jun 21, 2019 7:46:15 PM okhttp3.mockwebserver.MockWebServer$3 acceptConnections
INFO: MockWebServer[49774] done accepting connections: Socket closed
Jun 21, 2019 7:46:15 PM okhttp3.mockwebserver.MockWebServer$3 execute
INFO: MockWebServer[49776] starting to accept connections
Jun 21, 2019 7:46:15 PM okhttp3.mockwebserver.MockWebServer$4 processOneRequest
INFO: MockWebServer[49776] received request: POST /jsonpost HTTP/1.1 and responded: HTTP/1.1 201 OK
Jun 21, 2019 7:46:15 PM okhttp3.mockwebserver.MockWebServer$3 acceptConnections
INFO: MockWebServer[49776] done accepting connections: Socket closed
Jun 21, 2019 7:46:15 PM okhttp3.mockwebserver.MockWebServer$3 execute
INFO: MockWebServer[49778] starting to accept connections
Jun 21, 2019 7:46:15 PM okhttp3.mockwebserver.MockWebServer$4 processOneRequest
INFO: MockWebServer[49778] received request: POST /post HTTP/1.1 and responded: HTTP/1.1 201 OK
Jun 21, 2019 7:46:15 PM okhttp3.mockwebserver.MockWebServer$3 acceptConnections
INFO: MockWebServer[49778] done accepting connections: Socket closed
Jun 21, 2019 7:46:15 PM okhttp3.mockwebserver.MockWebServer$3 execute
INFO: MockWebServer[49780] starting to accept connections
Jun 21, 2019 7:46:15 PM okhttp3.mockwebserver.MockWebServer$4 processOneRequest
INFO: MockWebServer[49780] received request: GET /status/badrequest HTTP/1.1 and responded: HTTP/1.1 400 Client Error
Jun 21, 2019 7:46:15 PM okhttp3.mockwebserver.MockWebServer$3 acceptConnections
INFO: MockWebServer[49780] done accepting connections: Socket closed
Jun 21, 2019 7:46:15 PM okhttp3.mockwebserver.MockWebServer$3 execute
INFO: MockWebServer[49782] starting to accept connections
Jun 21, 2019 7:46:15 PM okhttp3.mockwebserver.MockWebServer$4 processOneRequest
INFO: MockWebServer[49782] received request: POST /post HTTP/1.1 and responded: HTTP/1.1 201 OK
Jun 21, 2019 7:46:15 PM okhttp3.mockwebserver.MockWebServer$3 acceptConnections
INFO: MockWebServer[49782] done accepting connections: Socket closed
Jun 21, 2019 7:46:15 PM okhttp3.mockwebserver.MockWebServer$3 execute
INFO: MockWebServer[49784] starting to accept connections
Jun 21, 2019 7:46:15 PM okhttp3.mockwebserver.MockWebServer$4 processOneRequest
INFO: MockWebServer[49784] received request: POST /post HTTP/1.1 and responded: HTTP/1.1 201 OK
Jun 21, 2019 7:46:15 PM okhttp3.mockwebserver.MockWebServer$3 acceptConnections
INFO: MockWebServer[49784] done accepting connections: Socket closed
Jun 21, 2019 7:46:15 PM okhttp3.mockwebserver.MockWebServer$3 execute
INFO: MockWebServer[49786] starting to accept connections
Jun 21, 2019 7:46:15 PM okhttp3.mockwebserver.MockWebServer$4 processOneRequest
INFO: MockWebServer[49786] received request: GET /uri/Z%C3%BCrich HTTP/1.1 and responded: HTTP/1.1 200 OK
Jun 21, 2019 7:46:15 PM okhttp3.mockwebserver.MockWebServer$4 processOneRequest
INFO: MockWebServer[49786] received request: GET /uri/query=foo@bar HTTP/1.1 and responded: HTTP/1.1 200 OK
Jun 21, 2019 7:46:15 PM okhttp3.mockwebserver.MockWebServer$4 processOneRequest
INFO: MockWebServer[49786] received request: GET /uri/query=T%C5%8Dky%C5%8D HTTP/1.1 and responded: HTTP/1.1 200 OK
Jun 21, 2019 7:46:15 PM okhttp3.mockwebserver.MockWebServer$3 acceptConnections
INFO: MockWebServer[49786] done accepting connections: Socket closed
Jun 21, 2019 7:46:15 PM okhttp3.mockwebserver.MockWebServer$3 execute
INFO: MockWebServer[49788] starting to accept connections
Jun 21, 2019 7:46:15 PM okhttp3.mockwebserver.MockWebServer$4 processOneRequest
INFO: MockWebServer[49788] received request: POST /form HTTP/1.1 and responded: HTTP/1.1 200 OK
Jun 21, 2019 7:46:15 PM okhttp3.mockwebserver.MockWebServer$3 acceptConnections
INFO: MockWebServer[49788] done accepting connections: Socket closed
Jun 21, 2019 7:46:15 PM okhttp3.mockwebserver.MockWebServer$3 execute
INFO: MockWebServer[49790] starting to accept connections
Jun 21, 2019 7:46:15 PM okhttp3.mockwebserver.MockWebServer$4 processOneRequest
INFO: MockWebServer[49790] received request: GET /get HTTP/1.1 and responded: HTTP/1.1 200 OK
Jun 21, 2019 7:46:15 PM okhttp3.mockwebserver.MockWebServer$3 acceptConnections
INFO: MockWebServer[49790] done accepting connections: Socket closed
Jun 21, 2019 7:46:15 PM okhttp3.mockwebserver.MockWebServer$3 execute
INFO: MockWebServer[49792] starting to accept connections
Jun 21, 2019 7:46:15 PM okhttp3.mockwebserver.MockWebServer$4 processOneRequest
INFO: MockWebServer[49792] received request: GET /get/nothing HTTP/1.1 and responded: HTTP/1.1 200 OK
Jun 21, 2019 7:46:15 PM okhttp3.mockwebserver.MockWebServer$3 acceptConnections
INFO: MockWebServer[49792] done accepting connections: Socket closed
Jun 21, 2019 7:46:15 PM okhttp3.mockwebserver.MockWebServer$3 execute
INFO: MockWebServer[49794] starting to accept connections
Jun 21, 2019 7:46:15 PM okhttp3.mockwebserver.MockWebServer$4 processOneRequest
INFO: MockWebServer[49794] received request: PATCH /patch HTTP/1.1 and responded: HTTP/1.1 201 OK
Jun 21, 2019 7:46:15 PM okhttp3.mockwebserver.MockWebServer$3 acceptConnections
INFO: MockWebServer[49794] done accepting connections: Socket closed
Jun 21, 2019 7:46:15 PM okhttp3.mockwebserver.MockWebServer$3 execute
INFO: MockWebServer[49796] starting to accept connections
Jun 21, 2019 7:46:15 PM okhttp3.mockwebserver.MockWebServer$4 processOneRequest
INFO: MockWebServer[49796] received request: GET /get HTTP/1.1 and responded: HTTP/1.1 200 OK
Jun 21, 2019 7:46:15 PM okhttp3.mockwebserver.MockWebServer$3 acceptConnections
INFO: MockWebServer[49796] done accepting connections: Socket closed
Jun 21, 2019 7:46:15 PM okhttp3.mockwebserver.MockWebServer$3 execute
INFO: MockWebServer[49798] starting to accept connections
Jun 21, 2019 7:46:15 PM okhttp3.mockwebserver.MockWebServer$4 processOneRequest
INFO: MockWebServer[49798] received request: OPTIONS /get HTTP/1.1 and responded: HTTP/1.1 200 OK
Jun 21, 2019 7:46:15 PM okhttp3.mockwebserver.MockWebServer$3 acceptConnections
INFO: MockWebServer[49798] done accepting connections: Socket closed
Jun 21, 2019 7:46:15 PM okhttp3.mockwebserver.MockWebServer$3 execute
INFO: MockWebServer[49800] starting to accept connections
Jun 21, 2019 7:46:15 PM okhttp3.mockwebserver.MockWebServer$4 processOneRequest
INFO: MockWebServer[49800] received request: POST /post HTTP/1.1 and responded: HTTP/1.1 201 OK
Jun 21, 2019 7:46:15 PM okhttp3.mockwebserver.MockWebServer$3 acceptConnections
INFO: MockWebServer[49800] done accepting connections: Socket closed
Jun 21, 2019 7:46:15 PM okhttp3.mockwebserver.MockWebServer$3 execute
INFO: MockWebServer[49802] starting to accept connections
Jun 21, 2019 7:46:15 PM okhttp3.mockwebserver.MockWebServer$4 processOneRequest
INFO: MockWebServer[49802] received request: GET /status/nocontent HTTP/1.1 and responded: HTTP/1.1 204 OK
Jun 21, 2019 7:46:15 PM okhttp3.mockwebserver.MockWebServer$4 processOneRequest
INFO: MockWebServer[49802] received request: GET /status/nocontent HTTP/1.1 and responded: HTTP/1.1 204 OK
Jun 21, 2019 7:46:15 PM okhttp3.mockwebserver.MockWebServer$3 acceptConnections
INFO: MockWebServer[49802] done accepting connections: Socket closed
Jun 21, 2019 7:46:15 PM okhttp3.mockwebserver.MockWebServer$3 execute
INFO: MockWebServer[49804] starting to accept connections
Jun 21, 2019 7:46:15 PM okhttp3.mockwebserver.MockWebServer$4 processOneRequest
INFO: MockWebServer[49804] received request: GET /status/notfound HTTP/1.1 and responded: HTTP/1.1 404 Client Error
Jun 21, 2019 7:46:15 PM okhttp3.mockwebserver.MockWebServer$3 acceptConnections
INFO: MockWebServer[49804] done accepting connections: Socket closed
Jun 21, 2019 7:46:15 PM okhttp3.mockwebserver.MockWebServer$3 execute
INFO: MockWebServer[49806] starting to accept connections
Jun 21, 2019 7:46:15 PM okhttp3.mockwebserver.MockWebServer$4 processOneRequest
INFO: MockWebServer[49806] received request: POST /jsonpost HTTP/1.1 and responded: HTTP/1.1 201 OK
Jun 21, 2019 7:46:15 PM okhttp3.mockwebserver.MockWebServer$3 acceptConnections
INFO: MockWebServer[49806] done accepting connections: Socket closed
Jun 21, 2019 7:46:15 PM okhttp3.mockwebserver.MockWebServer$3 execute
INFO: MockWebServer[49808] starting to accept connections
Jun 21, 2019 7:46:15 PM okhttp3.mockwebserver.MockWebServer$4 processOneRequest
INFO: MockWebServer[49808] received request: GET /get HTTP/1.1 and responded: HTTP/1.1 200 OK
Jun 21, 2019 7:46:15 PM okhttp3.mockwebserver.MockWebServer$3 acceptConnections
INFO: MockWebServer[49808] done accepting connections: Socket closed
Jun 21, 2019 7:46:15 PM okhttp3.mockwebserver.MockWebServer$3 execute
INFO: MockWebServer[49810] starting to accept connections
Jun 21, 2019 7:46:15 PM okhttp3.mockwebserver.MockWebServer$4 processOneRequest
INFO: MockWebServer[49810] received request: POST /jsonpost HTTP/1.1 and responded: HTTP/1.1 201 OK
Jun 21, 2019 7:46:15 PM okhttp3.mockwebserver.MockWebServer$3 acceptConnections
INFO: MockWebServer[49810] done accepting connections: Socket closed
Jun 21, 2019 7:46:15 PM okhttp3.mockwebserver.MockWebServer$3 execute
INFO: MockWebServer[49812] starting to accept connections
Jun 21, 2019 7:46:15 PM okhttp3.mockwebserver.MockWebServer$4 processOneRequest
INFO: MockWebServer[49812] received request: GET /get HTTP/1.1 and responded: HTTP/1.1 200 OK
Jun 21, 2019 7:46:15 PM okhttp3.mockwebserver.MockWebServer$3 acceptConnections
INFO: MockWebServer[49812] done accepting connections: Socket closed
Jun 21, 2019 7:46:15 PM okhttp3.mockwebserver.MockWebServer$3 execute
INFO: MockWebServer[49814] starting to accept connections
Jun 21, 2019 7:46:15 PM okhttp3.mockwebserver.MockWebServer$4 processOneRequest
INFO: MockWebServer[49814] received request: POST /multipart HTTP/1.1 and responded: HTTP/1.1 200 OK
Jun 21, 2019 7:46:15 PM okhttp3.mockwebserver.MockWebServer$3 acceptConnections
INFO: MockWebServer[49814] done accepting connections: Socket closed
Jun 21, 2019 7:46:15 PM okhttp3.mockwebserver.MockWebServer$3 execute
INFO: MockWebServer[49816] starting to accept connections
Jun 21, 2019 7:46:15 PM okhttp3.mockwebserver.MockWebServer$4 processOneRequest
INFO: MockWebServer[49816] received request: GET /get/nocontenttype HTTP/1.1 and responded: HTTP/1.1 200 OK
Jun 21, 2019 7:46:15 PM okhttp3.mockwebserver.MockWebServer$3 acceptConnections
INFO: MockWebServer[49816] done accepting connections: Socket closed
Jun 21, 2019 7:46:15 PM okhttp3.mockwebserver.MockWebServer$3 execute
INFO: MockWebServer[49818] starting to accept connections
Jun 21, 2019 7:46:15 PM okhttp3.mockwebserver.MockWebServer$4 processOneRequest
INFO: MockWebServer[49818] received request: POST /jsonpost HTTP/1.1 and responded: HTTP/1.1 201 OK
Jun 21, 2019 7:46:15 PM okhttp3.mockwebserver.MockWebServer$3 acceptConnections
INFO: MockWebServer[49818] done accepting connections: Socket closed
Jun 21, 2019 7:46:15 PM okhttp3.mockwebserver.MockWebServer$3 execute
INFO: MockWebServer[49820] starting to accept connections
Jun 21, 2019 7:46:15 PM okhttp3.mockwebserver.MockWebServer$4 processOneRequest
INFO: MockWebServer[49820] received request: GET /status/notmodified HTTP/1.1 and responded: HTTP/1.1 304 Redirection
Jun 21, 2019 7:46:15 PM okhttp3.mockwebserver.MockWebServer$4 processOneRequest
INFO: MockWebServer[49820] received request: GET /status/notmodified HTTP/1.1 and responded: HTTP/1.1 304 Redirection
Jun 21, 2019 7:46:15 PM okhttp3.mockwebserver.MockWebServer$3 acceptConnections
INFO: MockWebServer[49820] done accepting connections: Socket closed
Jun 21, 2019 7:46:15 PM okhttp3.mockwebserver.MockWebServer$3 execute
INFO: MockWebServer[49823] starting to accept connections
Jun 21, 2019 7:46:15 PM okhttp3.mockwebserver.MockWebServer$4 processOneRequest
INFO: MockWebServer[49823] received request: GET /status/server HTTP/1.1 and responded: HTTP/1.1 500 Server Error
Jun 21, 2019 7:46:15 PM okhttp3.mockwebserver.MockWebServer$3 acceptConnections
INFO: MockWebServer[49823] done accepting connections: Socket closed
Jun 21, 2019 7:46:15 PM okhttp3.mockwebserver.MockWebServer$3 execute
INFO: MockWebServer[49825] starting to accept connections
Jun 21, 2019 7:46:16 PM okhttp3.mockwebserver.MockWebServer$4 processOneRequest
INFO: MockWebServer[49825] received request: POST /jsonpost HTTP/1.1 and responded: HTTP/1.1 201 OK
Jun 21, 2019 7:46:16 PM okhttp3.mockwebserver.MockWebServer$3 acceptConnections
INFO: MockWebServer[49825] done accepting connections: Socket closed
Jun 21, 2019 7:46:16 PM okhttp3.mockwebserver.MockWebServer$3 execute
INFO: MockWebServer[49827] starting to accept connections
Jun 21, 2019 7:46:16 PM okhttp3.mockwebserver.MockWebServer$4 processOneRequest
INFO: MockWebServer[49827] received request: POST /post HTTP/1.1 and responded: HTTP/1.1 201 OK
Jun 21, 2019 7:46:16 PM okhttp3.mockwebserver.MockWebServer$3 acceptConnections
INFO: MockWebServer[49827] done accepting connections: Socket closed
Jun 21, 2019 7:46:16 PM okhttp3.mockwebserver.MockWebServer$3 execute
INFO: MockWebServer[49829] starting to accept connections
Jun 21, 2019 7:46:16 PM okhttp3.mockwebserver.MockWebServer$4 processOneRequest
INFO: MockWebServer[49829] received request: GET /status/badrequest HTTP/1.1 and responded: HTTP/1.1 400 Client Error
Jun 21, 2019 7:46:16 PM okhttp3.mockwebserver.MockWebServer$3 acceptConnections
INFO: MockWebServer[49829] done accepting connections: Socket closed
Jun 21, 2019 7:46:16 PM okhttp3.mockwebserver.MockWebServer$3 execute
INFO: MockWebServer[49831] starting to accept connections
Jun 21, 2019 7:46:16 PM okhttp3.mockwebserver.MockWebServer$4 processOneRequest
INFO: MockWebServer[49831] received request: POST /post HTTP/1.1 and responded: HTTP/1.1 201 OK
Jun 21, 2019 7:46:16 PM okhttp3.mockwebserver.MockWebServer$3 acceptConnections
INFO: MockWebServer[49831] done accepting connections: Socket closed
Jun 21, 2019 7:46:16 PM okhttp3.mockwebserver.MockWebServer$3 execute
INFO: MockWebServer[49833] starting to accept connections
Jun 21, 2019 7:46:16 PM okhttp3.mockwebserver.MockWebServer$4 processOneRequest
INFO: MockWebServer[49833] received request: POST /post HTTP/1.1 and responded: HTTP/1.1 201 OK
Jun 21, 2019 7:46:16 PM okhttp3.mockwebserver.MockWebServer$3 acceptConnections
INFO: MockWebServer[49833] done accepting connections: Socket closed
Jun 21, 2019 7:46:16 PM okhttp3.mockwebserver.MockWebServer$3 execute
INFO: MockWebServer[49835] starting to accept connections
Jun 21, 2019 7:46:16 PM okhttp3.mockwebserver.MockWebServer$4 processOneRequest
INFO: MockWebServer[49835] received request: GET /uri/Z%C3%BCrich HTTP/1.1 and responded: HTTP/1.1 200 OK
Jun 21, 2019 7:46:16 PM okhttp3.mockwebserver.MockWebServer$4 processOneRequest
INFO: MockWebServer[49835] received request: GET /uri/query=foo@bar HTTP/1.1 and responded: HTTP/1.1 200 OK
Jun 21, 2019 7:46:16 PM okhttp3.mockwebserver.MockWebServer$4 processOneRequest
INFO: MockWebServer[49835] received request: GET /uri/query=T%C5%8Dky%C5%8D HTTP/1.1 and responded: HTTP/1.1 200 OK
Jun 21, 2019 7:46:16 PM okhttp3.mockwebserver.MockWebServer$3 acceptConnections
INFO: MockWebServer[49835] done accepting connections: Socket closed
Jun 21, 2019 7:46:16 PM okhttp3.mockwebserver.MockWebServer$3 execute
INFO: MockWebServer[49839] starting to accept connections
Jun 21, 2019 7:46:16 PM okhttp3.mockwebserver.MockWebServer$4 processOneRequest
INFO: MockWebServer[49839] received request: POST /form HTTP/1.1 and responded: HTTP/1.1 200 OK
Jun 21, 2019 7:46:16 PM okhttp3.mockwebserver.MockWebServer$3 acceptConnections
INFO: MockWebServer[49839] done accepting connections: Socket closed
Jun 21, 2019 7:46:16 PM okhttp3.mockwebserver.MockWebServer$3 execute
INFO: MockWebServer[49841] starting to accept connections
Jun 21, 2019 7:46:16 PM okhttp3.mockwebserver.MockWebServer$4 processOneRequest
INFO: MockWebServer[49841] received request: GET /get HTTP/1.1 and responded: HTTP/1.1 200 OK
Jun 21, 2019 7:46:16 PM okhttp3.mockwebserver.MockWebServer$3 acceptConnections
INFO: MockWebServer[49841] done accepting connections: Socket closed
Jun 21, 2019 7:46:16 PM okhttp3.mockwebserver.MockWebServer$3 execute
INFO: MockWebServer[49843] starting to accept connections
Jun 21, 2019 7:46:16 PM okhttp3.mockwebserver.MockWebServer$4 processOneRequest
INFO: MockWebServer[49843] received request: GET /get/nothing HTTP/1.1 and responded: HTTP/1.1 200 OK
Jun 21, 2019 7:46:16 PM okhttp3.mockwebserver.MockWebServer$3 acceptConnections
INFO: MockWebServer[49843] done accepting connections: Socket closed
Jun 21, 2019 7:46:16 PM okhttp3.mockwebserver.MockWebServer$3 execute
INFO: MockWebServer[49845] starting to accept connections
Jun 21, 2019 7:46:16 PM okhttp3.mockwebserver.MockWebServer$4 processOneRequest
INFO: MockWebServer[49845] received request: PATCH /patch HTTP/1.1 and responded: HTTP/1.1 201 OK
Jun 21, 2019 7:46:16 PM okhttp3.mockwebserver.MockWebServer$3 acceptConnections
INFO: MockWebServer[49845] done accepting connections: Socket closed
Jun 21, 2019 7:46:16 PM okhttp3.mockwebserver.MockWebServer$3 execute
INFO: MockWebServer[49847] starting to accept connections
Jun 21, 2019 7:46:16 PM okhttp3.mockwebserver.MockWebServer$4 processOneRequest
INFO: MockWebServer[49847] received request: GET /get HTTP/1.1 and responded: HTTP/1.1 200 OK
Jun 21, 2019 7:46:16 PM okhttp3.mockwebserver.MockWebServer$3 acceptConnections
INFO: MockWebServer[49847] done accepting connections: Socket closed
Jun 21, 2019 7:46:16 PM okhttp3.mockwebserver.MockWebServer$3 execute
INFO: MockWebServer[49849] starting to accept connections
Jun 21, 2019 7:46:16 PM okhttp3.mockwebserver.MockWebServer$4 processOneRequest
INFO: MockWebServer[49849] received request: OPTIONS /get HTTP/1.1 and responded: HTTP/1.1 200 OK
Jun 21, 2019 7:46:16 PM okhttp3.mockwebserver.MockWebServer$3 acceptConnections
INFO: MockWebServer[49849] done accepting connections: Socket closed
Jun 21, 2019 7:46:16 PM okhttp3.mockwebserver.MockWebServer$3 execute
INFO: MockWebServer[49851] starting to accept connections
Jun 21, 2019 7:46:16 PM okhttp3.mockwebserver.MockWebServer$4 processOneRequest
INFO: MockWebServer[49851] received request: POST /post HTTP/1.1 and responded: HTTP/1.1 201 OK
Jun 21, 2019 7:46:16 PM okhttp3.mockwebserver.MockWebServer$3 acceptConnections
INFO: MockWebServer[49851] done accepting connections: Socket closed
Jun 21, 2019 7:46:16 PM okhttp3.mockwebserver.MockWebServer$3 execute
INFO: MockWebServer[49853] starting to accept connections
Jun 21, 2019 7:46:16 PM okhttp3.mockwebserver.MockWebServer$4 processOneRequest
INFO: MockWebServer[49853] received request: GET /status/nocontent HTTP/1.1 and responded: HTTP/1.1 204 OK
Jun 21, 2019 7:46:16 PM okhttp3.mockwebserver.MockWebServer$4 processOneRequest
INFO: MockWebServer[49853] received request: GET /status/nocontent HTTP/1.1 and responded: HTTP/1.1 204 OK
Jun 21, 2019 7:46:16 PM okhttp3.mockwebserver.MockWebServer$3 acceptConnections
INFO: MockWebServer[49853] done accepting connections: Socket closed
Jun 21, 2019 7:46:16 PM okhttp3.mockwebserver.MockWebServer$3 execute
INFO: MockWebServer[49856] starting to accept connections
Jun 21, 2019 7:46:16 PM okhttp3.mockwebserver.MockWebServer$4 processOneRequest
INFO: MockWebServer[49856] received request: GET /status/notfound HTTP/1.1 and responded: HTTP/1.1 404 Client Error
Jun 21, 2019 7:46:16 PM okhttp3.mockwebserver.MockWebServer$3 acceptConnections
INFO: MockWebServer[49856] done accepting connections: Socket closed
Jun 21, 2019 7:46:16 PM okhttp3.mockwebserver.MockWebServer$3 execute
INFO: MockWebServer[49858] starting to accept connections
Jun 21, 2019 7:46:16 PM okhttp3.mockwebserver.MockWebServer$4 processOneRequest
INFO: MockWebServer[49858] received request: POST /jsonpost HTTP/1.1 and responded: HTTP/1.1 201 OK
Jun 21, 2019 7:46:16 PM okhttp3.mockwebserver.MockWebServer$3 acceptConnections
INFO: MockWebServer[49858] done accepting connections: Socket closed
Jun 21, 2019 7:46:16 PM okhttp3.mockwebserver.MockWebServer$3 execute
INFO: MockWebServer[49860] starting to accept connections
Jun 21, 2019 7:46:16 PM okhttp3.mockwebserver.MockWebServer$4 processOneRequest
INFO: MockWebServer[49860] received request: GET /get HTTP/1.1 and responded: HTTP/1.1 200 OK
Jun 21, 2019 7:46:16 PM okhttp3.mockwebserver.MockWebServer$3 acceptConnections
INFO: MockWebServer[49860] done accepting connections: Socket closed
Jun 21, 2019 7:46:16 PM okhttp3.mockwebserver.MockWebServer$3 execute
INFO: MockWebServer[49862] starting to accept connections
Jun 21, 2019 7:46:16 PM okhttp3.mockwebserver.MockWebServer$4 processOneRequest
INFO: MockWebServer[49862] received request: POST /jsonpost HTTP/1.1 and responded: HTTP/1.1 201 OK
Jun 21, 2019 7:46:16 PM okhttp3.mockwebserver.MockWebServer$3 acceptConnections
INFO: MockWebServer[49862] done accepting connections: Socket closed
Jun 21, 2019 7:46:16 PM okhttp3.mockwebserver.MockWebServer$3 execute
INFO: MockWebServer[49864] starting to accept connections
Jun 21, 2019 7:46:16 PM okhttp3.mockwebserver.MockWebServer$4 processOneRequest
INFO: MockWebServer[49864] received request: GET /get HTTP/1.1 and responded: HTTP/1.1 200 OK
Jun 21, 2019 7:46:16 PM okhttp3.mockwebserver.MockWebServer$3 acceptConnections
INFO: MockWebServer[49864] done accepting connections: Socket closed
Jun 21, 2019 7:46:16 PM okhttp3.mockwebserver.MockWebServer$3 execute
INFO: MockWebServer[49866] starting to accept connections
Jun 21, 2019 7:46:16 PM okhttp3.mockwebserver.MockWebServer$4 processOneRequest
INFO: MockWebServer[49866] received request: POST /multipart HTTP/1.1 and responded: HTTP/1.1 200 OK
Jun 21, 2019 7:46:16 PM okhttp3.mockwebserver.MockWebServer$3 acceptConnections
INFO: MockWebServer[49866] done accepting connections: Socket closed
Jun 21, 2019 7:46:16 PM okhttp3.mockwebserver.MockWebServer$3 execute
INFO: MockWebServer[49868] starting to accept connections
Jun 21, 2019 7:46:16 PM okhttp3.mockwebserver.MockWebServer$4 processOneRequest
INFO: MockWebServer[49868] received request: GET /get/nocontenttype HTTP/1.1 and responded: HTTP/1.1 200 OK
Jun 21, 2019 7:46:16 PM okhttp3.mockwebserver.MockWebServer$3 acceptConnections
INFO: MockWebServer[49868] done accepting connections: Socket closed
Jun 21, 2019 7:46:16 PM okhttp3.mockwebserver.MockWebServer$3 execute
INFO: MockWebServer[49870] starting to accept connections
Jun 21, 2019 7:46:16 PM okhttp3.mockwebserver.MockWebServer$4 processOneRequest
INFO: MockWebServer[49870] received request: POST /jsonpost HTTP/1.1 and responded: HTTP/1.1 201 OK
Jun 21, 2019 7:46:16 PM okhttp3.mockwebserver.MockWebServer$3 acceptConnections
INFO: MockWebServer[49870] done accepting connections: Socket closed
Jun 21, 2019 7:46:16 PM okhttp3.mockwebserver.MockWebServer$3 execute
INFO: MockWebServer[49872] starting to accept connections
Jun 21, 2019 7:46:16 PM okhttp3.mockwebserver.MockWebServer$4 processOneRequest
INFO: MockWebServer[49872] received request: GET /status/notmodified HTTP/1.1 and responded: HTTP/1.1 304 Redirection
Jun 21, 2019 7:46:16 PM okhttp3.mockwebserver.MockWebServer$4 processOneRequest
INFO: MockWebServer[49872] received request: GET /status/notmodified HTTP/1.1 and responded: HTTP/1.1 304 Redirection
Jun 21, 2019 7:46:16 PM okhttp3.mockwebserver.MockWebServer$3 acceptConnections
INFO: MockWebServer[49872] done accepting connections: Socket closed
Jun 21, 2019 7:46:16 PM okhttp3.mockwebserver.MockWebServer$3 execute
INFO: MockWebServer[49874] starting to accept connections
Jun 21, 2019 7:46:16 PM okhttp3.mockwebserver.MockWebServer$4 processOneRequest
INFO: MockWebServer[49874] received request: GET /status/server HTTP/1.1 and responded: HTTP/1.1 500 Server Error
Jun 21, 2019 7:46:16 PM okhttp3.mockwebserver.MockWebServer$3 acceptConnections
INFO: MockWebServer[49874] done accepting connections: Socket closed
Jun 21, 2019 7:46:16 PM okhttp3.mockwebserver.MockWebServer$3 execute
INFO: MockWebServer[49876] starting to accept connections
Jun 21, 2019 7:46:16 PM okhttp3.mockwebserver.MockWebServer$4 processOneRequest
INFO: MockWebServer[49876] received request: POST /jsonpost HTTP/1.1 and responded: HTTP/1.1 201 OK
Jun 21, 2019 7:46:16 PM okhttp3.mockwebserver.MockWebServer$3 acceptConnections
INFO: MockWebServer[49876] done accepting connections: Socket closed
Jun 21, 2019 7:46:16 PM okhttp3.mockwebserver.MockWebServer$3 execute
INFO: MockWebServer[49878] starting to accept connections
Jun 21, 2019 7:46:16 PM okhttp3.mockwebserver.MockWebServer$4 processOneRequest
INFO: MockWebServer[49878] received request: POST /post HTTP/1.1 and responded: HTTP/1.1 201 OK
Jun 21, 2019 7:46:16 PM okhttp3.mockwebserver.MockWebServer$3 acceptConnections
INFO: MockWebServer[49878] done accepting connections: Socket closed
Jun 21, 2019 7:46:16 PM okhttp3.mockwebserver.MockWebServer$3 execute
INFO: MockWebServer[49880] starting to accept connections
Jun 21, 2019 7:46:16 PM okhttp3.mockwebserver.MockWebServer$4 processOneRequest
INFO: MockWebServer[49880] received request: GET /status/badrequest HTTP/1.1 and responded: HTTP/1.1 400 Client Error
Jun 21, 2019 7:46:16 PM okhttp3.mockwebserver.MockWebServer$3 acceptConnections
INFO: MockWebServer[49880] done accepting connections: Socket closed
Jun 21, 2019 7:46:16 PM okhttp3.mockwebserver.MockWebServer$3 execute
INFO: MockWebServer[49882] starting to accept connections
Jun 21, 2019 7:46:16 PM okhttp3.mockwebserver.MockWebServer$4 processOneRequest
INFO: MockWebServer[49882] received request: POST /post HTTP/1.1 and responded: HTTP/1.1 201 OK
Jun 21, 2019 7:46:16 PM okhttp3.mockwebserver.MockWebServer$3 acceptConnections
INFO: MockWebServer[49882] done accepting connections: Socket closed
Jun 21, 2019 7:46:16 PM okhttp3.mockwebserver.MockWebServer$3 execute
INFO: MockWebServer[49884] starting to accept connections
Jun 21, 2019 7:46:16 PM okhttp3.mockwebserver.MockWebServer$4 processOneRequest
INFO: MockWebServer[49884] received request: POST /post HTTP/1.1 and responded: HTTP/1.1 201 OK
Jun 21, 2019 7:46:16 PM okhttp3.mockwebserver.MockWebServer$3 acceptConnections
INFO: MockWebServer[49884] done accepting connections: Socket closed
Jun 21, 2019 7:46:16 PM okhttp3.mockwebserver.MockWebServer$3 execute
INFO: MockWebServer[49886] starting to accept connections
Jun 21, 2019 7:46:16 PM okhttp3.mockwebserver.MockWebServer$4 processOneRequest
INFO: MockWebServer[49886] received request: GET /uri/Z%C3%BCrich HTTP/1.1 and responded: HTTP/1.1 200 OK
Jun 21, 2019 7:46:16 PM okhttp3.mockwebserver.MockWebServer$4 processOneRequest
INFO: MockWebServer[49886] received request: GET /uri/query=foo@bar HTTP/1.1 and responded: HTTP/1.1 200 OK
Jun 21, 2019 7:46:16 PM okhttp3.mockwebserver.MockWebServer$4 processOneRequest
INFO: MockWebServer[49886] received request: GET /uri/query=T%C5%8Dky%C5%8D HTTP/1.1 and responded: HTTP/1.1 200 OK
Jun 21, 2019 7:46:16 PM okhttp3.mockwebserver.MockWebServer$3 acceptConnections
INFO: MockWebServer[49886] done accepting connections: Socket closed
Jun 21, 2019 7:46:16 PM okhttp3.mockwebserver.MockWebServer$3 execute
INFO: MockWebServer[49888] starting to accept connections
Jun 21, 2019 7:46:16 PM okhttp3.mockwebserver.MockWebServer$4 processOneRequest
INFO: MockWebServer[49888] received request: POST /form HTTP/1.1 and responded: HTTP/1.1 200 OK
Jun 21, 2019 7:46:16 PM okhttp3.mockwebserver.MockWebServer$3 acceptConnections
INFO: MockWebServer[49888] done accepting connections: Socket closed
Jun 21, 2019 7:46:16 PM okhttp3.mockwebserver.MockWebServer$3 execute
INFO: MockWebServer[49890] starting to accept connections
Jun 21, 2019 7:46:16 PM okhttp3.mockwebserver.MockWebServer$4 processOneRequest
INFO: MockWebServer[49890] received request: GET /get HTTP/1.1 and responded: HTTP/1.1 200 OK
Jun 21, 2019 7:46:16 PM okhttp3.mockwebserver.MockWebServer$3 acceptConnections
INFO: MockWebServer[49890] done accepting connections: Socket closed
Jun 21, 2019 7:46:16 PM okhttp3.mockwebserver.MockWebServer$3 execute
INFO: MockWebServer[49892] starting to accept connections
Jun 21, 2019 7:46:16 PM okhttp3.mockwebserver.MockWebServer$4 processOneRequest
INFO: MockWebServer[49892] received request: GET /get/nothing HTTP/1.1 and responded: HTTP/1.1 200 OK
Jun 21, 2019 7:46:16 PM okhttp3.mockwebserver.MockWebServer$3 acceptConnections
INFO: MockWebServer[49892] done accepting connections: Socket closed
Jun 21, 2019 7:46:16 PM okhttp3.mockwebserver.MockWebServer$3 execute
INFO: MockWebServer[49894] starting to accept connections
Jun 21, 2019 7:46:16 PM okhttp3.mockwebserver.MockWebServer$4 processOneRequest
INFO: MockWebServer[49894] received request: PATCH /patch HTTP/1.1 and responded: HTTP/1.1 201 OK
Jun 21, 2019 7:46:16 PM okhttp3.mockwebserver.MockWebServer$3 acceptConnections
INFO: MockWebServer[49894] done accepting connections: Socket closed
Jun 21, 2019 7:46:16 PM okhttp3.mockwebserver.MockWebServer$3 execute
INFO: MockWebServer[49896] starting to accept connections
Jun 21, 2019 7:46:16 PM okhttp3.mockwebserver.MockWebServer$4 processOneRequest
INFO: MockWebServer[49896] received request: GET /get HTTP/1.1 and responded: HTTP/1.1 200 OK
Jun 21, 2019 7:46:16 PM okhttp3.mockwebserver.MockWebServer$3 acceptConnections
INFO: MockWebServer[49896] done accepting connections: Socket closed
Jun 21, 2019 7:46:16 PM okhttp3.mockwebserver.MockWebServer$3 execute
INFO: MockWebServer[49898] starting to accept connections
Jun 21, 2019 7:46:16 PM okhttp3.mockwebserver.MockWebServer$4 processOneRequest
INFO: MockWebServer[49898] received request: OPTIONS /get HTTP/1.1 and responded: HTTP/1.1 200 OK
Jun 21, 2019 7:46:16 PM okhttp3.mockwebserver.MockWebServer$3 acceptConnections
INFO: MockWebServer[49898] done accepting connections: Socket closed
Jun 21, 2019 7:46:16 PM okhttp3.mockwebserver.MockWebServer$3 execute
INFO: MockWebServer[49900] starting to accept connections
Jun 21, 2019 7:46:16 PM okhttp3.mockwebserver.MockWebServer$4 processOneRequest
INFO: MockWebServer[49900] received request: POST /post HTTP/1.1 and responded: HTTP/1.1 201 OK
Jun 21, 2019 7:46:16 PM okhttp3.mockwebserver.MockWebServer$3 acceptConnections
INFO: MockWebServer[49900] done accepting connections: Socket closed
Jun 21, 2019 7:46:16 PM okhttp3.mockwebserver.MockWebServer$3 execute
INFO: MockWebServer[49902] starting to accept connections
Jun 21, 2019 7:46:16 PM okhttp3.mockwebserver.MockWebServer$4 processOneRequest
INFO: MockWebServer[49902] received request: GET /status/nocontent HTTP/1.1 and responded: HTTP/1.1 204 OK
Jun 21, 2019 7:46:16 PM okhttp3.mockwebserver.MockWebServer$4 processOneRequest
INFO: MockWebServer[49902] received request: GET /status/nocontent HTTP/1.1 and responded: HTTP/1.1 204 OK
Jun 21, 2019 7:46:16 PM okhttp3.mockwebserver.MockWebServer$3 acceptConnections
INFO: MockWebServer[49902] done accepting connections: Socket closed
Jun 21, 2019 7:46:16 PM okhttp3.mockwebserver.MockWebServer$3 execute
INFO: MockWebServer[49904] starting to accept connections
Jun 21, 2019 7:46:16 PM okhttp3.mockwebserver.MockWebServer$4 processOneRequest
INFO: MockWebServer[49904] received request: GET /status/notfound HTTP/1.1 and responded: HTTP/1.1 404 Client Error
Jun 21, 2019 7:46:16 PM okhttp3.mockwebserver.MockWebServer$3 acceptConnections
INFO: MockWebServer[49904] done accepting connections: Socket closed
Jun 21, 2019 7:46:16 PM okhttp3.mockwebserver.MockWebServer$3 execute
INFO: MockWebServer[49906] starting to accept connections
Jun 21, 2019 7:46:16 PM okhttp3.mockwebserver.MockWebServer$4 processOneRequest
INFO: MockWebServer[49906] received request: POST /jsonpost HTTP/1.1 and responded: HTTP/1.1 201 OK
Jun 21, 2019 7:46:16 PM okhttp3.mockwebserver.MockWebServer$3 acceptConnections
INFO: MockWebServer[49906] done accepting connections: Socket closed
]]></system-err>
</testsuite>
