<?xml version="1.0" encoding="UTF-8"?>
<testsuite name="org.springframework.web.context.request.RequestScopeTests" tests="6" skipped="0" failures="0" errors="0" timestamp="2019-06-21T11:46:01" hostname="Macbook-Air.local" time="0.351">
  <properties/>
  <testcase name="destructionAtRequestCompletion" classname="org.springframework.web.context.request.RequestScopeTests" time="0.155"/>
  <testcase name="circleLeadsToException" classname="org.springframework.web.context.request.RequestScopeTests" time="0.049"/>
  <testcase name="requestScopedInnerBeanDestroyedWhileContainedBySingleton" classname="org.springframework.web.context.request.RequestScopeTests" time="0.044"/>
  <testcase name="innerBeanInheritsContainingBeanScopeByDefault" classname="org.springframework.web.context.request.RequestScopeTests" time="0.037"/>
  <testcase name="getFromScope" classname="org.springframework.web.context.request.RequestScopeTests" time="0.04"/>
  <testcase name="getFromFactoryBeanInScope" classname="org.springframework.web.context.request.RequestScopeTests" time="0.026"/>
  <system-out><![CDATA[]]></system-out>
  <system-err><![CDATA[]]></system-err>
</testsuite>
