<?xml version="1.0" encoding="UTF-8"?>
<testsuite name="org.springframework.http.client.InterceptingStreamingHttpComponentsTests" tests="6" skipped="0" failures="0" errors="0" timestamp="2020-11-25T14:41:56" hostname="lichangbaodeMacBook-Pro.local" time="0.015">
  <properties/>
  <testcase name="httpMethods" classname="org.springframework.http.client.InterceptingStreamingHttpComponentsTests" time="0.004"/>
  <testcase name="headersAfterExecute" classname="org.springframework.http.client.InterceptingStreamingHttpComponentsTests" time="0.003"/>
  <testcase name="status" classname="org.springframework.http.client.InterceptingStreamingHttpComponentsTests" time="0.002"/>
  <testcase name="echo" classname="org.springframework.http.client.InterceptingStreamingHttpComponentsTests" time="0.002"/>
  <testcase name="multipleWrites" classname="org.springframework.http.client.InterceptingStreamingHttpComponentsTests" time="0.002"/>
  <testcase name="queryParameters" classname="org.springframework.http.client.InterceptingStreamingHttpComponentsTests" time="0.002"/>
  <system-out><![CDATA[]]></system-out>
  <system-err><![CDATA[Nov 25, 2020 10:41:56 PM okhttp3.mockwebserver.MockWebServer$3 execute
INFO: MockWebServer[53435] starting to accept connections
Nov 25, 2020 10:41:56 PM okhttp3.mockwebserver.MockWebServer$4 processOneRequest
INFO: MockWebServer[53435] received request: PATCH /methods/patch HTTP/1.1 and responded: HTTP/1.1 200 OK
Nov 25, 2020 10:41:56 PM okhttp3.mockwebserver.MockWebServer$3 acceptConnections
INFO: MockWebServer[53435] done accepting connections: Socket closed
Nov 25, 2020 10:41:56 PM okhttp3.mockwebserver.MockWebServer$3 execute
INFO: MockWebServer[53437] starting to accept connections
Nov 25, 2020 10:41:56 PM okhttp3.mockwebserver.MockWebServer$4 processOneRequest
INFO: MockWebServer[53437] received request: POST /status/ok HTTP/1.1 and responded: HTTP/1.1 200 OK
Nov 25, 2020 10:41:56 PM okhttp3.mockwebserver.MockWebServer$3 acceptConnections
INFO: MockWebServer[53437] done accepting connections: Socket closed
Nov 25, 2020 10:41:56 PM okhttp3.mockwebserver.MockWebServer$3 execute
INFO: MockWebServer[53439] starting to accept connections
Nov 25, 2020 10:41:56 PM okhttp3.mockwebserver.MockWebServer$4 processOneRequest
INFO: MockWebServer[53439] received request: GET /status/notfound HTTP/1.1 and responded: HTTP/1.1 404 Client Error
Nov 25, 2020 10:41:56 PM okhttp3.mockwebserver.MockWebServer$3 acceptConnections
INFO: MockWebServer[53439] done accepting connections: Socket closed
Nov 25, 2020 10:41:56 PM okhttp3.mockwebserver.MockWebServer$3 execute
INFO: MockWebServer[53441] starting to accept connections
Nov 25, 2020 10:41:56 PM okhttp3.mockwebserver.MockWebServer$4 processOneRequest
INFO: MockWebServer[53441] received request: PUT /echo HTTP/1.1 and responded: HTTP/1.1 200 OK
Nov 25, 2020 10:41:56 PM okhttp3.mockwebserver.MockWebServer$3 acceptConnections
INFO: MockWebServer[53441] done accepting connections: Socket closed
Nov 25, 2020 10:41:56 PM okhttp3.mockwebserver.MockWebServer$3 execute
INFO: MockWebServer[53443] starting to accept connections
Nov 25, 2020 10:41:56 PM okhttp3.mockwebserver.MockWebServer$4 processOneRequest
INFO: MockWebServer[53443] received request: POST /echo HTTP/1.1 and responded: HTTP/1.1 200 OK
Nov 25, 2020 10:41:56 PM okhttp3.mockwebserver.MockWebServer$3 acceptConnections
INFO: MockWebServer[53443] done accepting connections: Socket closed
Nov 25, 2020 10:41:56 PM okhttp3.mockwebserver.MockWebServer$3 execute
INFO: MockWebServer[53445] starting to accept connections
Nov 25, 2020 10:41:56 PM okhttp3.mockwebserver.MockWebServer$4 processOneRequest
INFO: MockWebServer[53445] received request: GET /params?param1=value&param2=value1&param2=value2 HTTP/1.1 and responded: HTTP/1.1 200 OK
Nov 25, 2020 10:41:56 PM okhttp3.mockwebserver.MockWebServer$3 acceptConnections
INFO: MockWebServer[53445] done accepting connections: Socket closed
]]></system-err>
</testsuite>
