<?xml version="1.0" encoding="UTF-8"?>
<testsuite name="org.springframework.web.method.annotation.MapMethodProcessorTests" tests="4" skipped="0" failures="0" errors="0" timestamp="2020-11-25T14:41:47" hostname="lichangbaodeMacBook-Pro.local" time="0.014">
  <properties/>
  <testcase name="handleMapReturnValue" classname="org.springframework.web.method.annotation.MapMethodProcessorTests" time="0.008"/>
  <testcase name="supportsParameter" classname="org.springframework.web.method.annotation.MapMethodProcessorTests" time="0.005"/>
  <testcase name="resolveArgumentValue" classname="org.springframework.web.method.annotation.MapMethodProcessorTests" time="0.0"/>
  <testcase name="supportsReturnType" classname="org.springframework.web.method.annotation.MapMethodProcessorTests" time="0.001"/>
  <system-out><![CDATA[]]></system-out>
  <system-err><![CDATA[]]></system-err>
</testsuite>
