<?xml version="1.0" encoding="UTF-8"?>
<testsuite name="org.springframework.web.client.AsyncRestTemplateIntegrationTests" tests="42" skipped="0" failures="0" errors="0" timestamp="2020-11-25T14:41:46" hostname="lichangbaodeMacBook-Pro.local" time="0.437">
  <properties/>
  <testcase name="postForEntityCallbackWithLambdas" classname="org.springframework.web.client.AsyncRestTemplateIntegrationTests" time="0.082"/>
  <testcase name="exchangeGet" classname="org.springframework.web.client.AsyncRestTemplateIntegrationTests" time="0.006"/>
  <testcase name="postForLocationCallback" classname="org.springframework.web.client.AsyncRestTemplateIntegrationTests" time="0.01"/>
  <testcase name="headForHeadersCallbackWithLambdas" classname="org.springframework.web.client.AsyncRestTemplateIntegrationTests" time="0.011"/>
  <testcase name="delete" classname="org.springframework.web.client.AsyncRestTemplateIntegrationTests" time="0.007"/>
  <testcase name="notFoundCallback" classname="org.springframework.web.client.AsyncRestTemplateIntegrationTests" time="0.009"/>
  <testcase name="multipart" classname="org.springframework.web.client.AsyncRestTemplateIntegrationTests" time="0.008"/>
  <testcase name="getEntityCallbackWithLambdas" classname="org.springframework.web.client.AsyncRestTemplateIntegrationTests" time="0.01"/>
  <testcase name="getNoContentTypeHeader" classname="org.springframework.web.client.AsyncRestTemplateIntegrationTests" time="0.006"/>
  <testcase name="headForHeadersCallback" classname="org.springframework.web.client.AsyncRestTemplateIntegrationTests" time="0.01"/>
  <testcase name="getNotModified" classname="org.springframework.web.client.AsyncRestTemplateIntegrationTests" time="0.006"/>
  <testcase name="serverErrorCallback" classname="org.springframework.web.client.AsyncRestTemplateIntegrationTests" time="0.01"/>
  <testcase name="serverError" classname="org.springframework.web.client.AsyncRestTemplateIntegrationTests" time="0.007"/>
  <testcase name="serverErrorCallbackWithLambdas" classname="org.springframework.web.client.AsyncRestTemplateIntegrationTests" time="0.009"/>
  <testcase name="getEntityCallback" classname="org.springframework.web.client.AsyncRestTemplateIntegrationTests" time="0.011"/>
  <testcase name="headForHeaders" classname="org.springframework.web.client.AsyncRestTemplateIntegrationTests" time="0.006"/>
  <testcase name="getEntityFromCompletable" classname="org.springframework.web.client.AsyncRestTemplateIntegrationTests" time="0.006"/>
  <testcase name="postForEntity" classname="org.springframework.web.client.AsyncRestTemplateIntegrationTests" time="0.006"/>
  <testcase name="exchangeGetCallbackWithLambdas" classname="org.springframework.web.client.AsyncRestTemplateIntegrationTests" time="0.01"/>
  <testcase name="putCallback" classname="org.springframework.web.client.AsyncRestTemplateIntegrationTests" time="0.01"/>
  <testcase name="postForEntityCallback" classname="org.springframework.web.client.AsyncRestTemplateIntegrationTests" time="0.011"/>
  <testcase name="postForLocation" classname="org.springframework.web.client.AsyncRestTemplateIntegrationTests" time="0.006"/>
  <testcase name="postForLocationCallbackWithLambdas" classname="org.springframework.web.client.AsyncRestTemplateIntegrationTests" time="0.01"/>
  <testcase name="put" classname="org.springframework.web.client.AsyncRestTemplateIntegrationTests" time="0.006"/>
  <testcase name="multipleFutureGets" classname="org.springframework.web.client.AsyncRestTemplateIntegrationTests" time="0.007"/>
  <testcase name="deleteCallbackWithLambdas" classname="org.springframework.web.client.AsyncRestTemplateIntegrationTests" time="0.011"/>
  <testcase name="exchangeGetCallback" classname="org.springframework.web.client.AsyncRestTemplateIntegrationTests" time="0.011"/>
  <testcase name="optionsForAllowCallbackWithLambdas" classname="org.springframework.web.client.AsyncRestTemplateIntegrationTests" time="0.009"/>
  <testcase name="getAndInterceptError" classname="org.springframework.web.client.AsyncRestTemplateIntegrationTests" time="0.009"/>
  <testcase name="getEntity" classname="org.springframework.web.client.AsyncRestTemplateIntegrationTests" time="0.007"/>
  <testcase name="exchangePostCallbackWithLambdas" classname="org.springframework.web.client.AsyncRestTemplateIntegrationTests" time="0.011"/>
  <testcase name="getNoResponse" classname="org.springframework.web.client.AsyncRestTemplateIntegrationTests" time="0.006"/>
  <testcase name="notFoundGet" classname="org.springframework.web.client.AsyncRestTemplateIntegrationTests" time="0.008"/>
  <testcase name="optionsForAllow" classname="org.springframework.web.client.AsyncRestTemplateIntegrationTests" time="0.005"/>
  <testcase name="optionsForAllowCallback" classname="org.springframework.web.client.AsyncRestTemplateIntegrationTests" time="0.01"/>
  <testcase name="notFoundCallbackWithLambdas" classname="org.springframework.web.client.AsyncRestTemplateIntegrationTests" time="0.009"/>
  <testcase name="getAndInterceptResponse" classname="org.springframework.web.client.AsyncRestTemplateIntegrationTests" time="0.007"/>
  <testcase name="identicalExceptionThroughGetAndCallback" classname="org.springframework.web.client.AsyncRestTemplateIntegrationTests" time="0.006"/>
  <testcase name="exchangePost" classname="org.springframework.web.client.AsyncRestTemplateIntegrationTests" time="0.008"/>
  <testcase name="getNoContent" classname="org.springframework.web.client.AsyncRestTemplateIntegrationTests" time="0.006"/>
  <testcase name="deleteCallback" classname="org.springframework.web.client.AsyncRestTemplateIntegrationTests" time="0.021"/>
  <testcase name="exchangePostCallback" classname="org.springframework.web.client.AsyncRestTemplateIntegrationTests" time="0.011"/>
  <system-out><![CDATA[22:41:46.625 [Test worker] DEBUG o.s.w.c.AsyncRestTemplate - Created asynchronous POST request for "http://localhost:53096/post"
22:41:46.626 [Test worker] DEBUG o.s.w.c.RestTemplate - Accept=[text/plain, application/xml, text/xml, application/json, application/x-jackson-smile, application/cbor, application/*+xml, application/*+json, */*]
22:41:46.626 [Test worker] DEBUG o.s.w.c.RestTemplate - Writing [Héllo Wörld] with org.springframework.http.converter.StringHttpMessageConverter
22:41:46.658 [I/O dispatcher 1] DEBUG o.s.w.c.AsyncRestTemplate - Async POST request for "http://localhost:53096/post" resulted in 201 (OK)
22:41:46.658 [I/O dispatcher 1] DEBUG o.s.w.c.RestTemplate - Reading to [java.lang.String] as "text/plain;charset=UTF-8"
22:41:46.662 [Test worker] DEBUG o.s.w.c.AsyncRestTemplate - Created asynchronous GET request for "http://localhost:53098/get"
22:41:46.662 [Test worker] DEBUG o.s.w.c.RestTemplate - Accept=[text/plain, application/xml, text/xml, application/json, application/x-jackson-smile, application/cbor, application/*+xml, application/*+json, */*]
22:41:46.664 [Test worker] DEBUG o.s.w.c.AsyncRestTemplate - Async GET request for "http://localhost:53098/get" resulted in 200 (OK)
22:41:46.664 [Test worker] DEBUG o.s.w.c.RestTemplate - Reading to [java.lang.String] as "text/plain;charset=UTF-8"
22:41:46.668 [Test worker] DEBUG o.s.w.c.AsyncRestTemplate - Created asynchronous POST request for "http://localhost:53100/post"
22:41:46.668 [Test worker] DEBUG o.s.w.c.RestTemplate - Writing [Héllo Wörld] as "text/plain;charset=ISO-8859-1"
22:41:46.670 [I/O dispatcher 33] DEBUG o.s.w.c.AsyncRestTemplate - Async POST request for "http://localhost:53100/post" resulted in 201 (OK)
22:41:46.680 [Test worker] DEBUG o.s.w.c.AsyncRestTemplate - Created asynchronous HEAD request for "http://localhost:53102/get"
22:41:46.682 [I/O dispatcher 49] DEBUG o.s.w.c.AsyncRestTemplate - Async HEAD request for "http://localhost:53102/get" resulted in 200 (OK)
22:41:46.690 [Test worker] DEBUG o.s.w.c.AsyncRestTemplate - Created asynchronous DELETE request for "http://localhost:53104/delete"
22:41:46.692 [Test worker] DEBUG o.s.w.c.AsyncRestTemplate - Async DELETE request for "http://localhost:53104/delete" resulted in 200 (OK)
22:41:46.696 [Test worker] DEBUG o.s.w.c.AsyncRestTemplate - Created asynchronous GET request for "http://localhost:53106/status/notfound"
22:41:46.698 [I/O dispatcher 81] WARN  o.s.w.c.AsyncRestTemplate - Async GET request for "http://localhost:53106/status/notfound" resulted in 404 (Client Error); invoking error handler
22:41:46.705 [Test worker] DEBUG o.s.w.c.AsyncRestTemplate - Created asynchronous POST request for "http://localhost:53108/multipart"
22:41:46.705 [Test worker] DEBUG o.s.w.c.RestTemplate - Writing [{name 1=[value 1], name 2=[value 2+1, value 2+2], logo=[class path resource [org/springframework/http/converter/logo.jpg]]}] with org.springframework.http.converter.support.AllEncompassingFormHttpMessageConverter
22:41:46.709 [Test worker] DEBUG o.s.w.c.AsyncRestTemplate - Async POST request for "http://localhost:53108/multipart" resulted in 200 (OK)
22:41:46.713 [Test worker] DEBUG o.s.w.c.AsyncRestTemplate - Created asynchronous GET request for "http://localhost:53110/get"
22:41:46.713 [Test worker] DEBUG o.s.w.c.RestTemplate - Accept=[text/plain, application/xml, text/xml, application/json, application/x-jackson-smile, application/cbor, application/*+xml, application/*+json, */*]
22:41:46.715 [I/O dispatcher 113] DEBUG o.s.w.c.AsyncRestTemplate - Async GET request for "http://localhost:53110/get" resulted in 200 (OK)
22:41:46.715 [I/O dispatcher 113] DEBUG o.s.w.c.RestTemplate - Reading to [java.lang.String] as "text/plain;charset=UTF-8"
22:41:46.723 [Test worker] DEBUG o.s.w.c.AsyncRestTemplate - Created asynchronous GET request for "http://localhost:53112/get/nocontenttype"
22:41:46.723 [Test worker] DEBUG o.s.w.c.RestTemplate - Accept=[application/octet-stream, application/xml, text/xml, application/json, application/x-jackson-smile, application/cbor, application/*+xml, application/*+json, */*]
22:41:46.726 [Test worker] DEBUG o.s.w.c.AsyncRestTemplate - Async GET request for "http://localhost:53112/get/nocontenttype" resulted in 200 (OK)
22:41:46.726 [Test worker] DEBUG o.s.w.c.RestTemplate - Reading to [[B] as "application/octet-stream"
22:41:46.729 [Test worker] DEBUG o.s.w.c.AsyncRestTemplate - Created asynchronous HEAD request for "http://localhost:53114/get"
22:41:46.732 [I/O dispatcher 145] DEBUG o.s.w.c.AsyncRestTemplate - Async HEAD request for "http://localhost:53114/get" resulted in 200 (OK)
22:41:46.739 [Test worker] DEBUG o.s.w.c.AsyncRestTemplate - Created asynchronous GET request for "http://localhost:53116/status/notmodified"
22:41:46.740 [Test worker] DEBUG o.s.w.c.RestTemplate - Accept=[text/plain, application/xml, text/xml, application/json, application/x-jackson-smile, application/cbor, application/*+xml, application/*+json, */*]
22:41:46.742 [Test worker] DEBUG o.s.w.c.AsyncRestTemplate - Async GET request for "http://localhost:53116/status/notmodified" resulted in 304 (Redirection)
22:41:46.745 [Test worker] DEBUG o.s.w.c.AsyncRestTemplate - Created asynchronous GET request for "http://localhost:53118/status/server"
22:41:46.749 [I/O dispatcher 177] WARN  o.s.w.c.AsyncRestTemplate - Async GET request for "http://localhost:53118/status/server" resulted in 500 (Server Error); invoking error handler
22:41:46.757 [Test worker] DEBUG o.s.w.c.AsyncRestTemplate - Created asynchronous GET request for "http://localhost:53120/status/server"
22:41:46.759 [Test worker] WARN  o.s.w.c.AsyncRestTemplate - Async GET request for "http://localhost:53120/status/server" resulted in 500 (Server Error); invoking error handler
22:41:46.763 [Test worker] DEBUG o.s.w.c.AsyncRestTemplate - Created asynchronous GET request for "http://localhost:53122/status/server"
22:41:46.766 [I/O dispatcher 209] WARN  o.s.w.c.AsyncRestTemplate - Async GET request for "http://localhost:53122/status/server" resulted in 500 (Server Error); invoking error handler
22:41:46.772 [Test worker] DEBUG o.s.w.c.AsyncRestTemplate - Created asynchronous GET request for "http://localhost:53124/get"
22:41:46.772 [Test worker] DEBUG o.s.w.c.RestTemplate - Accept=[text/plain, application/xml, text/xml, application/json, application/x-jackson-smile, application/cbor, application/*+xml, application/*+json, */*]
22:41:46.775 [I/O dispatcher 225] DEBUG o.s.w.c.AsyncRestTemplate - Async GET request for "http://localhost:53124/get" resulted in 200 (OK)
22:41:46.775 [I/O dispatcher 225] DEBUG o.s.w.c.RestTemplate - Reading to [java.lang.String] as "text/plain;charset=UTF-8"
22:41:46.783 [Test worker] DEBUG o.s.w.c.AsyncRestTemplate - Created asynchronous HEAD request for "http://localhost:53126/get"
22:41:46.786 [Test worker] DEBUG o.s.w.c.AsyncRestTemplate - Async HEAD request for "http://localhost:53126/get" resulted in 200 (OK)
22:41:46.789 [Test worker] DEBUG o.s.w.c.AsyncRestTemplate - Created asynchronous GET request for "http://localhost:53128/get"
22:41:46.790 [Test worker] DEBUG o.s.w.c.RestTemplate - Accept=[text/plain, application/xml, text/xml, application/json, application/x-jackson-smile, application/cbor, application/*+xml, application/*+json, */*]
22:41:46.792 [Test worker] DEBUG o.s.w.c.AsyncRestTemplate - Async GET request for "http://localhost:53128/get" resulted in 200 (OK)
22:41:46.792 [Test worker] DEBUG o.s.w.c.RestTemplate - Reading to [java.lang.String] as "text/plain;charset=UTF-8"
22:41:46.796 [Test worker] DEBUG o.s.w.c.AsyncRestTemplate - Created asynchronous POST request for "http://localhost:53130/post"
22:41:46.796 [Test worker] DEBUG o.s.w.c.RestTemplate - Accept=[text/plain, application/xml, text/xml, application/json, application/x-jackson-smile, application/cbor, application/*+xml, application/*+json, */*]
22:41:46.796 [Test worker] DEBUG o.s.w.c.RestTemplate - Writing [Héllo Wörld] with org.springframework.http.converter.StringHttpMessageConverter
22:41:46.798 [Test worker] DEBUG o.s.w.c.AsyncRestTemplate - Async POST request for "http://localhost:53130/post" resulted in 201 (OK)
22:41:46.798 [Test worker] DEBUG o.s.w.c.RestTemplate - Reading to [java.lang.String] as "text/plain;charset=UTF-8"
22:41:46.802 [Test worker] DEBUG o.s.w.c.AsyncRestTemplate - Created asynchronous GET request for "http://localhost:53132/get"
22:41:46.802 [Test worker] DEBUG o.s.w.c.RestTemplate - Accept=[text/plain, application/xml, text/xml, application/json, application/x-jackson-smile, application/cbor, application/*+xml, application/*+json, */*]
22:41:46.804 [I/O dispatcher 289] DEBUG o.s.w.c.AsyncRestTemplate - Async GET request for "http://localhost:53132/get" resulted in 200 (OK)
22:41:46.805 [I/O dispatcher 289] DEBUG o.s.w.c.RestTemplate - Reading to [java.lang.String] as "text/plain;charset=UTF-8"
22:41:46.812 [Test worker] DEBUG o.s.w.c.AsyncRestTemplate - Created asynchronous PUT request for "http://localhost:53134/put"
22:41:46.812 [Test worker] DEBUG o.s.w.c.RestTemplate - Writing [Héllo Wörld] with org.springframework.http.converter.StringHttpMessageConverter
22:41:46.815 [I/O dispatcher 305] DEBUG o.s.w.c.AsyncRestTemplate - Async PUT request for "http://localhost:53134/put" resulted in 202 (OK)
22:41:46.823 [Test worker] DEBUG o.s.w.c.AsyncRestTemplate - Created asynchronous POST request for "http://localhost:53136/post"
22:41:46.823 [Test worker] DEBUG o.s.w.c.RestTemplate - Accept=[text/plain, application/xml, text/xml, application/json, application/x-jackson-smile, application/cbor, application/*+xml, application/*+json, */*]
22:41:46.823 [Test worker] DEBUG o.s.w.c.RestTemplate - Writing [Héllo Wörld] with org.springframework.http.converter.StringHttpMessageConverter
22:41:46.826 [I/O dispatcher 321] DEBUG o.s.w.c.AsyncRestTemplate - Async POST request for "http://localhost:53136/post" resulted in 201 (OK)
22:41:46.826 [I/O dispatcher 321] DEBUG o.s.w.c.RestTemplate - Reading to [java.lang.String] as "text/plain;charset=UTF-8"
22:41:46.833 [Test worker] DEBUG o.s.w.c.AsyncRestTemplate - Created asynchronous POST request for "http://localhost:53138/post"
22:41:46.833 [Test worker] DEBUG o.s.w.c.RestTemplate - Writing [Héllo Wörld] as "text/plain;charset=ISO-8859-1"
22:41:46.836 [Test worker] DEBUG o.s.w.c.AsyncRestTemplate - Async POST request for "http://localhost:53138/post" resulted in 201 (OK)
22:41:46.839 [Test worker] DEBUG o.s.w.c.AsyncRestTemplate - Created asynchronous POST request for "http://localhost:53140/post"
22:41:46.840 [Test worker] DEBUG o.s.w.c.RestTemplate - Writing [Héllo Wörld] as "text/plain;charset=ISO-8859-1"
22:41:46.842 [I/O dispatcher 353] DEBUG o.s.w.c.AsyncRestTemplate - Async POST request for "http://localhost:53140/post" resulted in 201 (OK)
22:41:46.849 [Test worker] DEBUG o.s.w.c.AsyncRestTemplate - Created asynchronous PUT request for "http://localhost:53142/put"
22:41:46.849 [Test worker] DEBUG o.s.w.c.RestTemplate - Writing [Héllo Wörld] with org.springframework.http.converter.StringHttpMessageConverter
22:41:46.851 [Test worker] DEBUG o.s.w.c.AsyncRestTemplate - Async PUT request for "http://localhost:53142/put" resulted in 202 (OK)
22:41:46.856 [Test worker] DEBUG o.s.w.c.AsyncRestTemplate - Created asynchronous GET request for "http://localhost:53144/get"
22:41:46.856 [Test worker] DEBUG o.s.w.c.RestTemplate - Accept=[text/plain, application/xml, text/xml, application/json, application/x-jackson-smile, application/cbor, application/*+xml, application/*+json, */*]
22:41:46.858 [Test worker] DEBUG o.s.w.c.AsyncRestTemplate - Async GET request for "http://localhost:53144/get" resulted in 200 (OK)
22:41:46.858 [Test worker] DEBUG o.s.w.c.RestTemplate - Reading to [java.lang.String] as "text/plain;charset=UTF-8"
22:41:46.862 [Test worker] DEBUG o.s.w.c.AsyncRestTemplate - Created asynchronous DELETE request for "http://localhost:53146/delete"
22:41:46.865 [I/O dispatcher 401] DEBUG o.s.w.c.AsyncRestTemplate - Async DELETE request for "http://localhost:53146/delete" resulted in 200 (OK)
22:41:46.873 [Test worker] DEBUG o.s.w.c.AsyncRestTemplate - Created asynchronous GET request for "http://localhost:53148/get"
22:41:46.873 [Test worker] DEBUG o.s.w.c.RestTemplate - Accept=[text/plain, application/xml, text/xml, application/json, application/x-jackson-smile, application/cbor, application/*+xml, application/*+json, */*]
22:41:46.875 [I/O dispatcher 417] DEBUG o.s.w.c.AsyncRestTemplate - Async GET request for "http://localhost:53148/get" resulted in 200 (OK)
22:41:46.875 [I/O dispatcher 417] DEBUG o.s.w.c.RestTemplate - Reading to [java.lang.String] as "text/plain;charset=UTF-8"
22:41:46.883 [Test worker] DEBUG o.s.w.c.AsyncRestTemplate - Created asynchronous OPTIONS request for "http://localhost:53150/get"
22:41:46.885 [I/O dispatcher 433] DEBUG o.s.w.c.AsyncRestTemplate - Async OPTIONS request for "http://localhost:53150/get" resulted in 200 (OK)
22:41:46.894 [Test worker] DEBUG o.s.w.c.AsyncRestTemplate - Created asynchronous GET request for "http://localhost:53152/status/notfound"
22:41:46.894 [Test worker] DEBUG o.s.w.c.RestTemplate - Accept=[text/plain, application/xml, text/xml, application/json, application/x-jackson-smile, application/cbor, application/*+xml, application/*+json, */*]
22:41:46.901 [Test worker] DEBUG o.s.w.c.AsyncRestTemplate - Created asynchronous GET request for "http://localhost:53154/get"
22:41:46.901 [Test worker] DEBUG o.s.w.c.RestTemplate - Accept=[text/plain, application/xml, text/xml, application/json, application/x-jackson-smile, application/cbor, application/*+xml, application/*+json, */*]
22:41:46.904 [Test worker] DEBUG o.s.w.c.AsyncRestTemplate - Async GET request for "http://localhost:53154/get" resulted in 200 (OK)
22:41:46.904 [Test worker] DEBUG o.s.w.c.RestTemplate - Reading to [java.lang.String] as "text/plain;charset=UTF-8"
22:41:46.909 [Test worker] DEBUG o.s.w.c.AsyncRestTemplate - Created asynchronous POST request for "http://localhost:53156/post"
22:41:46.910 [Test worker] DEBUG o.s.w.c.RestTemplate - Accept=[application/xml, text/xml, application/json, application/x-jackson-smile, application/cbor, application/*+xml, application/*+json]
22:41:46.910 [Test worker] DEBUG o.s.w.c.RestTemplate - Writing [Héllo Wörld] as "text/plain"
22:41:46.912 [I/O dispatcher 481] DEBUG o.s.w.c.AsyncRestTemplate - Async POST request for "http://localhost:53156/post" resulted in 201 (OK)
22:41:46.920 [Test worker] DEBUG o.s.w.c.AsyncRestTemplate - Created asynchronous GET request for "http://localhost:53158/get/nothing"
22:41:46.920 [Test worker] DEBUG o.s.w.c.RestTemplate - Accept=[text/plain, application/xml, text/xml, application/json, application/x-jackson-smile, application/cbor, application/*+xml, application/*+json, */*]
22:41:46.922 [Test worker] DEBUG o.s.w.c.AsyncRestTemplate - Async GET request for "http://localhost:53158/get/nothing" resulted in 200 (OK)
22:41:46.926 [Test worker] DEBUG o.s.w.c.AsyncRestTemplate - Created asynchronous GET request for "http://localhost:53160/status/notfound"
22:41:46.929 [Test worker] WARN  o.s.w.c.AsyncRestTemplate - Async GET request for "http://localhost:53160/status/notfound" resulted in 404 (Client Error); invoking error handler
22:41:46.933 [Test worker] DEBUG o.s.w.c.AsyncRestTemplate - Created asynchronous OPTIONS request for "http://localhost:53162/get"
22:41:46.935 [Test worker] DEBUG o.s.w.c.AsyncRestTemplate - Async OPTIONS request for "http://localhost:53162/get" resulted in 200 (OK)
22:41:46.938 [Test worker] DEBUG o.s.w.c.AsyncRestTemplate - Created asynchronous OPTIONS request for "http://localhost:53164/get"
22:41:46.941 [I/O dispatcher 545] DEBUG o.s.w.c.AsyncRestTemplate - Async OPTIONS request for "http://localhost:53164/get" resulted in 200 (OK)
22:41:46.948 [Test worker] DEBUG o.s.w.c.AsyncRestTemplate - Created asynchronous GET request for "http://localhost:53166/status/notfound"
22:41:46.950 [I/O dispatcher 561] WARN  o.s.w.c.AsyncRestTemplate - Async GET request for "http://localhost:53166/status/notfound" resulted in 404 (Client Error); invoking error handler
22:41:46.958 [Test worker] DEBUG o.s.w.c.AsyncRestTemplate - Created asynchronous GET request for "http://localhost:53168/get"
22:41:46.958 [Test worker] DEBUG o.s.w.c.RestTemplate - Accept=[text/plain, application/xml, text/xml, application/json, application/x-jackson-smile, application/cbor, application/*+xml, application/*+json, */*]
22:41:46.961 [Test worker] DEBUG o.s.w.c.AsyncRestTemplate - Async GET request for "http://localhost:53168/get" resulted in 200 (OK)
22:41:46.961 [Test worker] DEBUG o.s.w.c.RestTemplate - Reading to [java.lang.String] as "text/plain;charset=UTF-8"
22:41:46.964 [Test worker] DEBUG o.s.w.c.AsyncRestTemplate - Created asynchronous GET request for "http://localhost:53170/status/notfound"
22:41:46.966 [I/O dispatcher 593] WARN  o.s.w.c.AsyncRestTemplate - Async GET request for "http://localhost:53170/status/notfound" resulted in 404 (Client Error); invoking error handler
22:41:46.971 [Test worker] DEBUG o.s.w.c.AsyncRestTemplate - Created asynchronous POST request for "http://localhost:53172/post"
22:41:46.971 [Test worker] DEBUG o.s.w.c.RestTemplate - Accept=[application/xml, text/xml, application/json, application/x-jackson-smile, application/cbor, application/*+xml, application/*+json]
22:41:46.971 [Test worker] DEBUG o.s.w.c.RestTemplate - Writing [Héllo Wörld] as "text/plain"
22:41:46.974 [Test worker] DEBUG o.s.w.c.AsyncRestTemplate - Async POST request for "http://localhost:53172/post" resulted in 201 (OK)
22:41:46.979 [Test worker] DEBUG o.s.w.c.AsyncRestTemplate - Created asynchronous GET request for "http://localhost:53174/status/nocontent"
22:41:46.979 [Test worker] DEBUG o.s.w.c.RestTemplate - Accept=[text/plain, application/xml, text/xml, application/json, application/x-jackson-smile, application/cbor, application/*+xml, application/*+json, */*]
22:41:46.981 [Test worker] DEBUG o.s.w.c.AsyncRestTemplate - Async GET request for "http://localhost:53174/status/nocontent" resulted in 204 (OK)
22:41:46.984 [Test worker] DEBUG o.s.w.c.AsyncRestTemplate - Created asynchronous DELETE request for "http://localhost:53176/delete"
22:41:46.999 [I/O dispatcher 641] DEBUG o.s.w.c.AsyncRestTemplate - Async DELETE request for "http://localhost:53176/delete" resulted in 200 (OK)
22:41:47.006 [Test worker] DEBUG o.s.w.c.AsyncRestTemplate - Created asynchronous POST request for "http://localhost:53178/post"
22:41:47.006 [Test worker] DEBUG o.s.w.c.RestTemplate - Accept=[application/xml, text/xml, application/json, application/x-jackson-smile, application/cbor, application/*+xml, application/*+json]
22:41:47.006 [Test worker] DEBUG o.s.w.c.RestTemplate - Writing [Héllo Wörld] as "text/plain"
22:41:47.009 [I/O dispatcher 657] DEBUG o.s.w.c.AsyncRestTemplate - Async POST request for "http://localhost:53178/post" resulted in 201 (OK)
]]></system-out>
  <system-err><![CDATA[Nov 25, 2020 10:41:46 PM okhttp3.mockwebserver.MockWebServer$3 execute
INFO: MockWebServer[53096] starting to accept connections
Nov 25, 2020 10:41:46 PM okhttp3.mockwebserver.MockWebServer$4 processOneRequest
INFO: MockWebServer[53096] received request: POST /post HTTP/1.1 and responded: HTTP/1.1 201 OK
Nov 25, 2020 10:41:46 PM okhttp3.mockwebserver.MockWebServer$3 acceptConnections
INFO: MockWebServer[53096] done accepting connections: Socket closed
Nov 25, 2020 10:41:46 PM okhttp3.mockwebserver.MockWebServer$3 execute
INFO: MockWebServer[53098] starting to accept connections
Nov 25, 2020 10:41:46 PM okhttp3.mockwebserver.MockWebServer$4 processOneRequest
INFO: MockWebServer[53098] received request: GET /get HTTP/1.1 and responded: HTTP/1.1 200 OK
Nov 25, 2020 10:41:46 PM okhttp3.mockwebserver.MockWebServer$3 acceptConnections
INFO: MockWebServer[53098] done accepting connections: Socket closed
Nov 25, 2020 10:41:46 PM okhttp3.mockwebserver.MockWebServer$3 execute
INFO: MockWebServer[53100] starting to accept connections
Nov 25, 2020 10:41:46 PM okhttp3.mockwebserver.MockWebServer$4 processOneRequest
INFO: MockWebServer[53100] received request: POST /post HTTP/1.1 and responded: HTTP/1.1 201 OK
Nov 25, 2020 10:41:46 PM okhttp3.mockwebserver.MockWebServer$3 acceptConnections
INFO: MockWebServer[53100] done accepting connections: Socket closed
Nov 25, 2020 10:41:46 PM okhttp3.mockwebserver.MockWebServer$3 execute
INFO: MockWebServer[53102] starting to accept connections
Nov 25, 2020 10:41:46 PM okhttp3.mockwebserver.MockWebServer$4 processOneRequest
INFO: MockWebServer[53102] received request: HEAD /get HTTP/1.1 and responded: HTTP/1.1 200 OK
Nov 25, 2020 10:41:46 PM okhttp3.mockwebserver.MockWebServer$3 acceptConnections
INFO: MockWebServer[53102] done accepting connections: Socket closed
Nov 25, 2020 10:41:46 PM okhttp3.mockwebserver.MockWebServer$3 execute
INFO: MockWebServer[53104] starting to accept connections
Nov 25, 2020 10:41:46 PM okhttp3.mockwebserver.MockWebServer$4 processOneRequest
INFO: MockWebServer[53104] received request: DELETE /delete HTTP/1.1 and responded: HTTP/1.1 200 OK
Nov 25, 2020 10:41:46 PM okhttp3.mockwebserver.MockWebServer$3 acceptConnections
INFO: MockWebServer[53104] done accepting connections: Socket closed
Nov 25, 2020 10:41:46 PM okhttp3.mockwebserver.MockWebServer$3 execute
INFO: MockWebServer[53106] starting to accept connections
Nov 25, 2020 10:41:46 PM okhttp3.mockwebserver.MockWebServer$4 processOneRequest
INFO: MockWebServer[53106] received request: GET /status/notfound HTTP/1.1 and responded: HTTP/1.1 404 Client Error
Nov 25, 2020 10:41:46 PM okhttp3.mockwebserver.MockWebServer$3 acceptConnections
INFO: MockWebServer[53106] done accepting connections: Socket closed
Nov 25, 2020 10:41:46 PM okhttp3.mockwebserver.MockWebServer$3 execute
INFO: MockWebServer[53108] starting to accept connections
Nov 25, 2020 10:41:46 PM okhttp3.mockwebserver.MockWebServer$4 processOneRequest
INFO: MockWebServer[53108] received request: POST /multipart HTTP/1.1 and responded: HTTP/1.1 200 OK
Nov 25, 2020 10:41:46 PM okhttp3.mockwebserver.MockWebServer$3 acceptConnections
INFO: MockWebServer[53108] done accepting connections: Socket closed
Nov 25, 2020 10:41:46 PM okhttp3.mockwebserver.MockWebServer$3 execute
INFO: MockWebServer[53110] starting to accept connections
Nov 25, 2020 10:41:46 PM okhttp3.mockwebserver.MockWebServer$4 processOneRequest
INFO: MockWebServer[53110] received request: GET /get HTTP/1.1 and responded: HTTP/1.1 200 OK
Nov 25, 2020 10:41:46 PM okhttp3.mockwebserver.MockWebServer$3 acceptConnections
INFO: MockWebServer[53110] done accepting connections: Socket closed
Nov 25, 2020 10:41:46 PM okhttp3.mockwebserver.MockWebServer$3 execute
INFO: MockWebServer[53112] starting to accept connections
Nov 25, 2020 10:41:46 PM okhttp3.mockwebserver.MockWebServer$4 processOneRequest
INFO: MockWebServer[53112] received request: GET /get/nocontenttype HTTP/1.1 and responded: HTTP/1.1 200 OK
Nov 25, 2020 10:41:46 PM okhttp3.mockwebserver.MockWebServer$3 acceptConnections
INFO: MockWebServer[53112] done accepting connections: Socket closed
Nov 25, 2020 10:41:46 PM okhttp3.mockwebserver.MockWebServer$3 execute
INFO: MockWebServer[53114] starting to accept connections
Nov 25, 2020 10:41:46 PM okhttp3.mockwebserver.MockWebServer$4 processOneRequest
INFO: MockWebServer[53114] received request: HEAD /get HTTP/1.1 and responded: HTTP/1.1 200 OK
Nov 25, 2020 10:41:46 PM okhttp3.mockwebserver.MockWebServer$3 acceptConnections
INFO: MockWebServer[53114] done accepting connections: Socket closed
Nov 25, 2020 10:41:46 PM okhttp3.mockwebserver.MockWebServer$3 execute
INFO: MockWebServer[53116] starting to accept connections
Nov 25, 2020 10:41:46 PM okhttp3.mockwebserver.MockWebServer$4 processOneRequest
INFO: MockWebServer[53116] received request: GET /status/notmodified HTTP/1.1 and responded: HTTP/1.1 304 Redirection
Nov 25, 2020 10:41:46 PM okhttp3.mockwebserver.MockWebServer$3 acceptConnections
INFO: MockWebServer[53116] done accepting connections: Socket closed
Nov 25, 2020 10:41:46 PM okhttp3.mockwebserver.MockWebServer$3 execute
INFO: MockWebServer[53118] starting to accept connections
Nov 25, 2020 10:41:46 PM okhttp3.mockwebserver.MockWebServer$4 processOneRequest
INFO: MockWebServer[53118] received request: GET /status/server HTTP/1.1 and responded: HTTP/1.1 500 Server Error
Nov 25, 2020 10:41:46 PM okhttp3.mockwebserver.MockWebServer$3 acceptConnections
INFO: MockWebServer[53118] done accepting connections: Socket closed
Nov 25, 2020 10:41:46 PM okhttp3.mockwebserver.MockWebServer$3 execute
INFO: MockWebServer[53120] starting to accept connections
Nov 25, 2020 10:41:46 PM okhttp3.mockwebserver.MockWebServer$4 processOneRequest
INFO: MockWebServer[53120] received request: GET /status/server HTTP/1.1 and responded: HTTP/1.1 500 Server Error
Nov 25, 2020 10:41:46 PM okhttp3.mockwebserver.MockWebServer$3 acceptConnections
INFO: MockWebServer[53120] done accepting connections: Socket closed
Nov 25, 2020 10:41:46 PM okhttp3.mockwebserver.MockWebServer$3 execute
INFO: MockWebServer[53122] starting to accept connections
Nov 25, 2020 10:41:46 PM okhttp3.mockwebserver.MockWebServer$4 processOneRequest
INFO: MockWebServer[53122] received request: GET /status/server HTTP/1.1 and responded: HTTP/1.1 500 Server Error
Nov 25, 2020 10:41:46 PM okhttp3.mockwebserver.MockWebServer$3 acceptConnections
INFO: MockWebServer[53122] done accepting connections: Socket closed
Nov 25, 2020 10:41:46 PM okhttp3.mockwebserver.MockWebServer$3 execute
INFO: MockWebServer[53124] starting to accept connections
Nov 25, 2020 10:41:46 PM okhttp3.mockwebserver.MockWebServer$4 processOneRequest
INFO: MockWebServer[53124] received request: GET /get HTTP/1.1 and responded: HTTP/1.1 200 OK
Nov 25, 2020 10:41:46 PM okhttp3.mockwebserver.MockWebServer$3 acceptConnections
INFO: MockWebServer[53124] done accepting connections: Socket closed
Nov 25, 2020 10:41:46 PM okhttp3.mockwebserver.MockWebServer$3 execute
INFO: MockWebServer[53126] starting to accept connections
Nov 25, 2020 10:41:46 PM okhttp3.mockwebserver.MockWebServer$4 processOneRequest
INFO: MockWebServer[53126] received request: HEAD /get HTTP/1.1 and responded: HTTP/1.1 200 OK
Nov 25, 2020 10:41:46 PM okhttp3.mockwebserver.MockWebServer$3 acceptConnections
INFO: MockWebServer[53126] done accepting connections: Socket closed
Nov 25, 2020 10:41:46 PM okhttp3.mockwebserver.MockWebServer$3 execute
INFO: MockWebServer[53128] starting to accept connections
Nov 25, 2020 10:41:46 PM okhttp3.mockwebserver.MockWebServer$4 processOneRequest
INFO: MockWebServer[53128] received request: GET /get HTTP/1.1 and responded: HTTP/1.1 200 OK
Nov 25, 2020 10:41:46 PM okhttp3.mockwebserver.MockWebServer$3 acceptConnections
INFO: MockWebServer[53128] done accepting connections: Socket closed
Nov 25, 2020 10:41:46 PM okhttp3.mockwebserver.MockWebServer$3 execute
INFO: MockWebServer[53130] starting to accept connections
Nov 25, 2020 10:41:46 PM okhttp3.mockwebserver.MockWebServer$4 processOneRequest
INFO: MockWebServer[53130] received request: POST /post HTTP/1.1 and responded: HTTP/1.1 201 OK
Nov 25, 2020 10:41:46 PM okhttp3.mockwebserver.MockWebServer$3 acceptConnections
INFO: MockWebServer[53130] done accepting connections: Socket closed
Nov 25, 2020 10:41:46 PM okhttp3.mockwebserver.MockWebServer$3 execute
INFO: MockWebServer[53132] starting to accept connections
Nov 25, 2020 10:41:46 PM okhttp3.mockwebserver.MockWebServer$4 processOneRequest
INFO: MockWebServer[53132] received request: GET /get HTTP/1.1 and responded: HTTP/1.1 200 OK
Nov 25, 2020 10:41:46 PM okhttp3.mockwebserver.MockWebServer$3 acceptConnections
INFO: MockWebServer[53132] done accepting connections: Socket closed
Nov 25, 2020 10:41:46 PM okhttp3.mockwebserver.MockWebServer$3 execute
INFO: MockWebServer[53134] starting to accept connections
Nov 25, 2020 10:41:46 PM okhttp3.mockwebserver.MockWebServer$4 processOneRequest
INFO: MockWebServer[53134] received request: PUT /put HTTP/1.1 and responded: HTTP/1.1 202 OK
Nov 25, 2020 10:41:46 PM okhttp3.mockwebserver.MockWebServer$3 acceptConnections
INFO: MockWebServer[53134] done accepting connections: Socket closed
Nov 25, 2020 10:41:46 PM okhttp3.mockwebserver.MockWebServer$3 execute
INFO: MockWebServer[53136] starting to accept connections
Nov 25, 2020 10:41:46 PM okhttp3.mockwebserver.MockWebServer$4 processOneRequest
INFO: MockWebServer[53136] received request: POST /post HTTP/1.1 and responded: HTTP/1.1 201 OK
Nov 25, 2020 10:41:46 PM okhttp3.mockwebserver.MockWebServer$3 acceptConnections
INFO: MockWebServer[53136] done accepting connections: Socket closed
Nov 25, 2020 10:41:46 PM okhttp3.mockwebserver.MockWebServer$3 execute
INFO: MockWebServer[53138] starting to accept connections
Nov 25, 2020 10:41:46 PM okhttp3.mockwebserver.MockWebServer$4 processOneRequest
INFO: MockWebServer[53138] received request: POST /post HTTP/1.1 and responded: HTTP/1.1 201 OK
Nov 25, 2020 10:41:46 PM okhttp3.mockwebserver.MockWebServer$3 acceptConnections
INFO: MockWebServer[53138] done accepting connections: Socket closed
Nov 25, 2020 10:41:46 PM okhttp3.mockwebserver.MockWebServer$3 execute
INFO: MockWebServer[53140] starting to accept connections
Nov 25, 2020 10:41:46 PM okhttp3.mockwebserver.MockWebServer$4 processOneRequest
INFO: MockWebServer[53140] received request: POST /post HTTP/1.1 and responded: HTTP/1.1 201 OK
Nov 25, 2020 10:41:46 PM okhttp3.mockwebserver.MockWebServer$3 acceptConnections
INFO: MockWebServer[53140] done accepting connections: Socket closed
Nov 25, 2020 10:41:46 PM okhttp3.mockwebserver.MockWebServer$3 execute
INFO: MockWebServer[53142] starting to accept connections
Nov 25, 2020 10:41:46 PM okhttp3.mockwebserver.MockWebServer$4 processOneRequest
INFO: MockWebServer[53142] received request: PUT /put HTTP/1.1 and responded: HTTP/1.1 202 OK
Nov 25, 2020 10:41:46 PM okhttp3.mockwebserver.MockWebServer$3 acceptConnections
INFO: MockWebServer[53142] done accepting connections: Socket closed
Nov 25, 2020 10:41:46 PM okhttp3.mockwebserver.MockWebServer$3 execute
INFO: MockWebServer[53144] starting to accept connections
Nov 25, 2020 10:41:46 PM okhttp3.mockwebserver.MockWebServer$4 processOneRequest
INFO: MockWebServer[53144] received request: GET /get HTTP/1.1 and responded: HTTP/1.1 200 OK
Nov 25, 2020 10:41:46 PM okhttp3.mockwebserver.MockWebServer$3 acceptConnections
INFO: MockWebServer[53144] done accepting connections: Socket closed
Nov 25, 2020 10:41:46 PM okhttp3.mockwebserver.MockWebServer$3 execute
INFO: MockWebServer[53146] starting to accept connections
Nov 25, 2020 10:41:46 PM okhttp3.mockwebserver.MockWebServer$4 processOneRequest
INFO: MockWebServer[53146] received request: DELETE /delete HTTP/1.1 and responded: HTTP/1.1 200 OK
Nov 25, 2020 10:41:46 PM okhttp3.mockwebserver.MockWebServer$3 acceptConnections
INFO: MockWebServer[53146] done accepting connections: Socket closed
Nov 25, 2020 10:41:46 PM okhttp3.mockwebserver.MockWebServer$3 execute
INFO: MockWebServer[53148] starting to accept connections
Nov 25, 2020 10:41:46 PM okhttp3.mockwebserver.MockWebServer$4 processOneRequest
INFO: MockWebServer[53148] received request: GET /get HTTP/1.1 and responded: HTTP/1.1 200 OK
Nov 25, 2020 10:41:46 PM okhttp3.mockwebserver.MockWebServer$3 acceptConnections
INFO: MockWebServer[53148] done accepting connections: Socket closed
Nov 25, 2020 10:41:46 PM okhttp3.mockwebserver.MockWebServer$3 execute
INFO: MockWebServer[53150] starting to accept connections
Nov 25, 2020 10:41:46 PM okhttp3.mockwebserver.MockWebServer$4 processOneRequest
INFO: MockWebServer[53150] received request: OPTIONS /get HTTP/1.1 and responded: HTTP/1.1 200 OK
Nov 25, 2020 10:41:46 PM okhttp3.mockwebserver.MockWebServer$3 acceptConnections
INFO: MockWebServer[53150] done accepting connections: Socket closed
Nov 25, 2020 10:41:46 PM okhttp3.mockwebserver.MockWebServer$3 execute
INFO: MockWebServer[53152] starting to accept connections
Nov 25, 2020 10:41:46 PM okhttp3.mockwebserver.MockWebServer$4 processOneRequest
INFO: MockWebServer[53152] received request: GET /status/notfound HTTP/1.1 and responded: HTTP/1.1 404 Client Error
Nov 25, 2020 10:41:46 PM okhttp3.mockwebserver.MockWebServer$3 acceptConnections
INFO: MockWebServer[53152] done accepting connections: Socket closed
Nov 25, 2020 10:41:46 PM okhttp3.mockwebserver.MockWebServer$3 execute
INFO: MockWebServer[53154] starting to accept connections
Nov 25, 2020 10:41:46 PM okhttp3.mockwebserver.MockWebServer$4 processOneRequest
INFO: MockWebServer[53154] received request: GET /get HTTP/1.1 and responded: HTTP/1.1 200 OK
Nov 25, 2020 10:41:46 PM okhttp3.mockwebserver.MockWebServer$3 acceptConnections
INFO: MockWebServer[53154] done accepting connections: Socket closed
Nov 25, 2020 10:41:46 PM okhttp3.mockwebserver.MockWebServer$3 execute
INFO: MockWebServer[53156] starting to accept connections
Nov 25, 2020 10:41:46 PM okhttp3.mockwebserver.MockWebServer$4 processOneRequest
INFO: MockWebServer[53156] received request: POST /post HTTP/1.1 and responded: HTTP/1.1 201 OK
Nov 25, 2020 10:41:46 PM okhttp3.mockwebserver.MockWebServer$3 acceptConnections
INFO: MockWebServer[53156] done accepting connections: Socket closed
Nov 25, 2020 10:41:46 PM okhttp3.mockwebserver.MockWebServer$3 execute
INFO: MockWebServer[53158] starting to accept connections
Nov 25, 2020 10:41:46 PM okhttp3.mockwebserver.MockWebServer$4 processOneRequest
INFO: MockWebServer[53158] received request: GET /get/nothing HTTP/1.1 and responded: HTTP/1.1 200 OK
Nov 25, 2020 10:41:46 PM okhttp3.mockwebserver.MockWebServer$3 acceptConnections
INFO: MockWebServer[53158] done accepting connections: Socket closed
Nov 25, 2020 10:41:46 PM okhttp3.mockwebserver.MockWebServer$3 execute
INFO: MockWebServer[53160] starting to accept connections
Nov 25, 2020 10:41:46 PM okhttp3.mockwebserver.MockWebServer$4 processOneRequest
INFO: MockWebServer[53160] received request: GET /status/notfound HTTP/1.1 and responded: HTTP/1.1 404 Client Error
Nov 25, 2020 10:41:46 PM okhttp3.mockwebserver.MockWebServer$3 acceptConnections
INFO: MockWebServer[53160] done accepting connections: Socket closed
Nov 25, 2020 10:41:46 PM okhttp3.mockwebserver.MockWebServer$3 execute
INFO: MockWebServer[53162] starting to accept connections
Nov 25, 2020 10:41:46 PM okhttp3.mockwebserver.MockWebServer$4 processOneRequest
INFO: MockWebServer[53162] received request: OPTIONS /get HTTP/1.1 and responded: HTTP/1.1 200 OK
Nov 25, 2020 10:41:46 PM okhttp3.mockwebserver.MockWebServer$3 acceptConnections
INFO: MockWebServer[53162] done accepting connections: Socket closed
Nov 25, 2020 10:41:46 PM okhttp3.mockwebserver.MockWebServer$3 execute
INFO: MockWebServer[53164] starting to accept connections
Nov 25, 2020 10:41:46 PM okhttp3.mockwebserver.MockWebServer$4 processOneRequest
INFO: MockWebServer[53164] received request: OPTIONS /get HTTP/1.1 and responded: HTTP/1.1 200 OK
Nov 25, 2020 10:41:46 PM okhttp3.mockwebserver.MockWebServer$3 acceptConnections
INFO: MockWebServer[53164] done accepting connections: Socket closed
Nov 25, 2020 10:41:46 PM okhttp3.mockwebserver.MockWebServer$3 execute
INFO: MockWebServer[53166] starting to accept connections
Nov 25, 2020 10:41:46 PM okhttp3.mockwebserver.MockWebServer$4 processOneRequest
INFO: MockWebServer[53166] received request: GET /status/notfound HTTP/1.1 and responded: HTTP/1.1 404 Client Error
Nov 25, 2020 10:41:46 PM okhttp3.mockwebserver.MockWebServer$3 acceptConnections
INFO: MockWebServer[53166] done accepting connections: Socket closed
Nov 25, 2020 10:41:46 PM okhttp3.mockwebserver.MockWebServer$3 execute
INFO: MockWebServer[53168] starting to accept connections
Nov 25, 2020 10:41:46 PM okhttp3.mockwebserver.MockWebServer$4 processOneRequest
INFO: MockWebServer[53168] received request: GET /get HTTP/1.1 and responded: HTTP/1.1 200 OK
Nov 25, 2020 10:41:46 PM okhttp3.mockwebserver.MockWebServer$3 acceptConnections
INFO: MockWebServer[53168] done accepting connections: Socket closed
Nov 25, 2020 10:41:46 PM okhttp3.mockwebserver.MockWebServer$3 execute
INFO: MockWebServer[53170] starting to accept connections
Nov 25, 2020 10:41:46 PM okhttp3.mockwebserver.MockWebServer$4 processOneRequest
INFO: MockWebServer[53170] received request: GET /status/notfound HTTP/1.1 and responded: HTTP/1.1 404 Client Error
Nov 25, 2020 10:41:46 PM okhttp3.mockwebserver.MockWebServer$3 acceptConnections
INFO: MockWebServer[53170] done accepting connections: Socket closed
Nov 25, 2020 10:41:46 PM okhttp3.mockwebserver.MockWebServer$3 execute
INFO: MockWebServer[53172] starting to accept connections
Nov 25, 2020 10:41:46 PM okhttp3.mockwebserver.MockWebServer$4 processOneRequest
INFO: MockWebServer[53172] received request: POST /post HTTP/1.1 and responded: HTTP/1.1 201 OK
Nov 25, 2020 10:41:46 PM okhttp3.mockwebserver.MockWebServer$3 acceptConnections
INFO: MockWebServer[53172] done accepting connections: Socket closed
Nov 25, 2020 10:41:46 PM okhttp3.mockwebserver.MockWebServer$3 execute
INFO: MockWebServer[53174] starting to accept connections
Nov 25, 2020 10:41:46 PM okhttp3.mockwebserver.MockWebServer$4 processOneRequest
INFO: MockWebServer[53174] received request: GET /status/nocontent HTTP/1.1 and responded: HTTP/1.1 204 OK
Nov 25, 2020 10:41:46 PM okhttp3.mockwebserver.MockWebServer$3 acceptConnections
INFO: MockWebServer[53174] done accepting connections: Socket closed
Nov 25, 2020 10:41:46 PM okhttp3.mockwebserver.MockWebServer$3 execute
INFO: MockWebServer[53176] starting to accept connections
Nov 25, 2020 10:41:46 PM okhttp3.mockwebserver.MockWebServer$4 processOneRequest
INFO: MockWebServer[53176] received request: DELETE /delete HTTP/1.1 and responded: HTTP/1.1 200 OK
Nov 25, 2020 10:41:47 PM okhttp3.mockwebserver.MockWebServer$3 acceptConnections
INFO: MockWebServer[53176] done accepting connections: Socket closed
Nov 25, 2020 10:41:47 PM okhttp3.mockwebserver.MockWebServer$3 execute
INFO: MockWebServer[53178] starting to accept connections
Nov 25, 2020 10:41:47 PM okhttp3.mockwebserver.MockWebServer$4 processOneRequest
INFO: MockWebServer[53178] received request: POST /post HTTP/1.1 and responded: HTTP/1.1 201 OK
Nov 25, 2020 10:41:47 PM okhttp3.mockwebserver.MockWebServer$3 acceptConnections
INFO: MockWebServer[53178] done accepting connections: Socket closed
]]></system-err>
</testsuite>
