<?xml version="1.0" encoding="UTF-8"?>
<testsuite name="org.springframework.http.converter.xml.Jaxb2RootElementHttpMessageConverterTests" tests="12" skipped="0" failures="0" errors="0" timestamp="2019-06-21T11:46:21" hostname="Macbook-Air.local" time="0.242">
  <properties/>
  <testcase name="customizeMarshaller" classname="org.springframework.http.converter.xml.Jaxb2RootElementHttpMessageConverterTests" time="0.154"/>
  <testcase name="readXmlRootElementExternalEntityDisabled" classname="org.springframework.http.converter.xml.Jaxb2RootElementHttpMessageConverterTests" time="0.021"/>
  <testcase name="readXmlRootElementExternalEntityEnabled" classname="org.springframework.http.converter.xml.Jaxb2RootElementHttpMessageConverterTests" time="0.007"/>
  <testcase name="canWrite" classname="org.springframework.http.converter.xml.Jaxb2RootElementHttpMessageConverterTests" time="0.002"/>
  <testcase name="writeXmlRootElementSubclass" classname="org.springframework.http.converter.xml.Jaxb2RootElementHttpMessageConverterTests" time="0.02"/>
  <testcase name="canRead" classname="org.springframework.http.converter.xml.Jaxb2RootElementHttpMessageConverterTests" time="0.002"/>
  <testcase name="customizeUnmarshaller" classname="org.springframework.http.converter.xml.Jaxb2RootElementHttpMessageConverterTests" time="0.003"/>
  <testcase name="writeXmlRootElement" classname="org.springframework.http.converter.xml.Jaxb2RootElementHttpMessageConverterTests" time="0.009"/>
  <testcase name="readXmlRootElement" classname="org.springframework.http.converter.xml.Jaxb2RootElementHttpMessageConverterTests" time="0.003"/>
  <testcase name="readXmlRootElementSubclass" classname="org.springframework.http.converter.xml.Jaxb2RootElementHttpMessageConverterTests" time="0.003"/>
  <testcase name="readXmlType" classname="org.springframework.http.converter.xml.Jaxb2RootElementHttpMessageConverterTests" time="0.003"/>
  <testcase name="testXmlBomb" classname="org.springframework.http.converter.xml.Jaxb2RootElementHttpMessageConverterTests" time="0.014"/>
  <system-out><![CDATA[]]></system-out>
  <system-err><![CDATA[]]></system-err>
</testsuite>
