<?xml version="1.0" encoding="UTF-8"?>
<testsuite name="org.springframework.http.client.NoOutputStreamingStreamingSimpleHttpRequestFactoryTests" tests="6" skipped="0" failures="0" errors="0" timestamp="2019-06-21T11:46:29" hostname="Macbook-Air.local" time="0.026">
  <properties/>
  <testcase name="headersAfterExecute" classname="org.springframework.http.client.NoOutputStreamingStreamingSimpleHttpRequestFactoryTests" time="0.003"/>
  <testcase name="status" classname="org.springframework.http.client.NoOutputStreamingStreamingSimpleHttpRequestFactoryTests" time="0.003"/>
  <testcase name="echo" classname="org.springframework.http.client.NoOutputStreamingStreamingSimpleHttpRequestFactoryTests" time="0.003"/>
  <testcase name="multipleWrites" classname="org.springframework.http.client.NoOutputStreamingStreamingSimpleHttpRequestFactoryTests" time="0.002"/>
  <testcase name="queryParameters" classname="org.springframework.http.client.NoOutputStreamingStreamingSimpleHttpRequestFactoryTests" time="0.003"/>
  <testcase name="httpMethods" classname="org.springframework.http.client.NoOutputStreamingStreamingSimpleHttpRequestFactoryTests" time="0.012"/>
  <system-out><![CDATA[]]></system-out>
  <system-err><![CDATA[Jun 21, 2019 7:46:29 PM okhttp3.mockwebserver.MockWebServer$3 execute
INFO: MockWebServer[50097] starting to accept connections
Jun 21, 2019 7:46:29 PM okhttp3.mockwebserver.MockWebServer$4 processOneRequest
INFO: MockWebServer[50097] received request: POST /status/ok HTTP/1.1 and responded: HTTP/1.1 200 OK
Jun 21, 2019 7:46:29 PM okhttp3.mockwebserver.MockWebServer$3 acceptConnections
INFO: MockWebServer[50097] done accepting connections: Socket closed
Jun 21, 2019 7:46:29 PM okhttp3.mockwebserver.MockWebServer$3 execute
INFO: MockWebServer[50099] starting to accept connections
Jun 21, 2019 7:46:29 PM okhttp3.mockwebserver.MockWebServer$4 processOneRequest
INFO: MockWebServer[50099] received request: GET /status/notfound HTTP/1.1 and responded: HTTP/1.1 404 Client Error
Jun 21, 2019 7:46:29 PM okhttp3.mockwebserver.MockWebServer$3 acceptConnections
INFO: MockWebServer[50099] done accepting connections: Socket closed
Jun 21, 2019 7:46:29 PM okhttp3.mockwebserver.MockWebServer$3 execute
INFO: MockWebServer[50101] starting to accept connections
Jun 21, 2019 7:46:29 PM okhttp3.mockwebserver.MockWebServer$4 processOneRequest
INFO: MockWebServer[50101] received request: PUT /echo HTTP/1.1 and responded: HTTP/1.1 200 OK
Jun 21, 2019 7:46:29 PM okhttp3.mockwebserver.MockWebServer$3 acceptConnections
INFO: MockWebServer[50101] done accepting connections: Socket closed
Jun 21, 2019 7:46:29 PM okhttp3.mockwebserver.MockWebServer$3 execute
INFO: MockWebServer[50103] starting to accept connections
Jun 21, 2019 7:46:29 PM okhttp3.mockwebserver.MockWebServer$3 acceptConnections
INFO: MockWebServer[50103] done accepting connections: Socket is closed
Jun 21, 2019 7:46:29 PM okhttp3.mockwebserver.MockWebServer$4 processConnection
WARNING: MockWebServer[50103] connection from /127.0.0.1 didn't make a request
Jun 21, 2019 7:46:29 PM okhttp3.mockwebserver.MockWebServer$3 execute
INFO: MockWebServer[50105] starting to accept connections
Jun 21, 2019 7:46:29 PM okhttp3.mockwebserver.MockWebServer$4 processOneRequest
INFO: MockWebServer[50105] received request: GET /params?param1=value&param2=value1&param2=value2 HTTP/1.1 and responded: HTTP/1.1 200 OK
Jun 21, 2019 7:46:29 PM okhttp3.mockwebserver.MockWebServer$3 acceptConnections
INFO: MockWebServer[50105] done accepting connections: Socket closed
Jun 21, 2019 7:46:29 PM okhttp3.mockwebserver.MockWebServer$3 execute
INFO: MockWebServer[50107] starting to accept connections
Jun 21, 2019 7:46:29 PM okhttp3.mockwebserver.MockWebServer$4 processOneRequest
INFO: MockWebServer[50107] received request: GET /methods/get HTTP/1.1 and responded: HTTP/1.1 200 OK
Jun 21, 2019 7:46:29 PM okhttp3.mockwebserver.MockWebServer$4 processOneRequest
INFO: MockWebServer[50107] received request: HEAD /methods/head HTTP/1.1 and responded: HTTP/1.1 200 OK
Jun 21, 2019 7:46:29 PM okhttp3.mockwebserver.MockWebServer$4 processOneRequest
INFO: MockWebServer[50107] received request: POST /methods/post HTTP/1.1 and responded: HTTP/1.1 200 OK
Jun 21, 2019 7:46:29 PM okhttp3.mockwebserver.MockWebServer$4 processOneRequest
INFO: MockWebServer[50107] received request: PUT /methods/put HTTP/1.1 and responded: HTTP/1.1 200 OK
Jun 21, 2019 7:46:29 PM okhttp3.mockwebserver.MockWebServer$4 processOneRequest
INFO: MockWebServer[50107] received request: OPTIONS /methods/options HTTP/1.1 and responded: HTTP/1.1 200 OK
Jun 21, 2019 7:46:29 PM okhttp3.mockwebserver.MockWebServer$4 processOneRequest
INFO: MockWebServer[50107] received request: DELETE /methods/delete HTTP/1.1 and responded: HTTP/1.1 200 OK
Jun 21, 2019 7:46:29 PM okhttp3.mockwebserver.MockWebServer$3 acceptConnections
INFO: MockWebServer[50107] done accepting connections: Socket closed
]]></system-err>
</testsuite>
