<?xml version="1.0" encoding="UTF-8"?>
<testsuite name="org.springframework.http.codec.json.Jackson2JsonEncoderTests" tests="11" skipped="0" failures="0" errors="0" timestamp="2020-11-25T14:41:49" hostname="lichangbaodeMacBook-Pro.local" time="0.011">
  <properties/>
  <testcase name="encodeWithType" classname="org.springframework.http.codec.json.Jackson2JsonEncoderTests" time="0.002"/>
  <testcase name="encodeWithFlushAfterWriteOff" classname="org.springframework.http.codec.json.Jackson2JsonEncoderTests" time="0.001"/>
  <testcase name="canEncode" classname="org.springframework.http.codec.json.Jackson2JsonEncoderTests" time="0.0"/>
  <testcase name="canEncodeWithCustomMimeType" classname="org.springframework.http.codec.json.Jackson2JsonEncoderTests" time="0.0"/>
  <testcase name="canNotEncode" classname="org.springframework.http.codec.json.Jackson2JsonEncoderTests" time="0.0"/>
  <testcase name="encodeNonStream" classname="org.springframework.http.codec.json.Jackson2JsonEncoderTests" time="0.001"/>
  <testcase name="classLevelJsonView" classname="org.springframework.http.codec.json.Jackson2JsonEncoderTests" time="0.002"/>
  <testcase name="encodableMimeTypesIsImmutable" classname="org.springframework.http.codec.json.Jackson2JsonEncoderTests" time="0.0"/>
  <testcase name="encodeAsStreamWithCustomStreamingType" classname="org.springframework.http.codec.json.Jackson2JsonEncoderTests" time="0.002"/>
  <testcase name="fieldLevelJsonView" classname="org.springframework.http.codec.json.Jackson2JsonEncoderTests" time="0.001"/>
  <testcase name="encode" classname="org.springframework.http.codec.json.Jackson2JsonEncoderTests" time="0.002"/>
  <system-out><![CDATA[22:41:49.700 [Test worker] DEBUG o.s.w.HttpLogging - Encoding [[org.springframework.http.codec.json.Jackson2JsonEncoderTests$Foo@6071857c, org.springframework.http (truncated)...]
22:41:49.701 [Test worker] DEBUG o.s.w.HttpLogging - Encoding [[Pojo[foo='foo', bar='bar']]]
22:41:49.703 [Test worker] DEBUG o.s.w.HttpLogging - Encoding [[Pojo[foo='foo', bar='bar'], Pojo[foo='foofoo', bar='barbar'], Pojo[foo='foofoofoo', bar='barbarbar' (truncated)...]
22:41:49.704 [Test worker] DEBUG o.s.w.HttpLogging - Encoding [org.springframework.http.codec.json.JacksonViewBean@174d7b46]
22:41:49.706 [Test worker] DEBUG o.s.w.HttpLogging - Encoding [Pojo[foo='foo', bar='bar']]
22:41:49.707 [Test worker] DEBUG o.s.w.HttpLogging - Encoding [Pojo[foo='foofoo', bar='barbar']]
22:41:49.707 [Test worker] DEBUG o.s.w.HttpLogging - Encoding [Pojo[foo='foofoofoo', bar='barbarbar']]
22:41:49.707 [Test worker] DEBUG o.s.w.HttpLogging - Encoding [org.springframework.http.codec.json.JacksonViewBean@de46097]
22:41:49.708 [Test worker] DEBUG o.s.w.HttpLogging - Encoding [Pojo[foo='foo', bar='bar']]
22:41:49.709 [Test worker] DEBUG o.s.w.HttpLogging - Encoding [Pojo[foo='foofoo', bar='barbar']]
22:41:49.709 [Test worker] DEBUG o.s.w.HttpLogging - Encoding [Pojo[foo='foofoofoo', bar='barbarbar']]
22:41:49.709 [Test worker] DEBUG o.s.w.HttpLogging - Encoding [Pojo[foo='foo', bar='bar']]
22:41:49.710 [Test worker] DEBUG o.s.w.HttpLogging - Encoding [Pojo[foo='foo', bar='bar']]
]]></system-out>
  <system-err><![CDATA[]]></system-err>
</testsuite>
