<?xml version="1.0" encoding="UTF-8"?>
<testsuite name="org.springframework.web.client.RestOperationsExtensionsTests" tests="24" skipped="0" failures="0" errors="0" timestamp="2020-11-25T14:41:56" hostname="lichangbaodeMacBook-Pro.local" time="1.698">
  <properties/>
  <testcase name="postForObject with reified type parameters and String" classname="org.springframework.web.client.RestOperationsExtensionsTests" time="1.309"/>
  <testcase name="exchange with reified type parameters, String, HttpMethod, HttpEntity and varargs" classname="org.springframework.web.client.RestOperationsExtensionsTests" time="0.073"/>
  <testcase name="getForEntity with reified type parameters and Map" classname="org.springframework.web.client.RestOperationsExtensionsTests" time="0.007"/>
  <testcase name="patchForObject with reified type parameters" classname="org.springframework.web.client.RestOperationsExtensionsTests" time="0.008"/>
  <testcase name="patchForObject with reified type parameters, String and Map" classname="org.springframework.web.client.RestOperationsExtensionsTests" time="0.006"/>
  <testcase name="postForEntity with reified type parameters and String" classname="org.springframework.web.client.RestOperationsExtensionsTests" time="0.006"/>
  <testcase name="exchange with reified type parameters, String and HttpEntity" classname="org.springframework.web.client.RestOperationsExtensionsTests" time="0.111"/>
  <testcase name="patchForObject with reified type parameters and String" classname="org.springframework.web.client.RestOperationsExtensionsTests" time="0.006"/>
  <testcase name="exchange with reified type parameters, String and HttpMethod" classname="org.springframework.web.client.RestOperationsExtensionsTests" time="0.007"/>
  <testcase name="postForObject with reified type parameters" classname="org.springframework.web.client.RestOperationsExtensionsTests" time="0.004"/>
  <testcase name="getForObject with reified type parameters, String and varargs" classname="org.springframework.web.client.RestOperationsExtensionsTests" time="0.006"/>
  <testcase name="postForObject with reified type parameters, String and varargs" classname="org.springframework.web.client.RestOperationsExtensionsTests" time="0.005"/>
  <testcase name="postForEntity with reified type parameters, String and Map" classname="org.springframework.web.client.RestOperationsExtensionsTests" time="0.007"/>
  <testcase name="postForObject with reified type parameters, String and Map" classname="org.springframework.web.client.RestOperationsExtensionsTests" time="0.006"/>
  <testcase name="getForEntity with reified type parameters, String and varargs" classname="org.springframework.web.client.RestOperationsExtensionsTests" time="0.005"/>
  <testcase name="exchange with reified type parameters, String, HttpMethod and HttpEntity" classname="org.springframework.web.client.RestOperationsExtensionsTests" time="0.014"/>
  <testcase name="postForEntity with reified type parameters, String and varargs" classname="org.springframework.web.client.RestOperationsExtensionsTests" time="0.005"/>
  <testcase name="getForEntity with reified type parameters, String and URI" classname="org.springframework.web.client.RestOperationsExtensionsTests" time="0.005"/>
  <testcase name="getForObject with reified type parameters, String and Map" classname="org.springframework.web.client.RestOperationsExtensionsTests" time="0.006"/>
  <testcase name="getForObject with reified type parameters and URI" classname="org.springframework.web.client.RestOperationsExtensionsTests" time="0.005"/>
  <testcase name="RestOperations are available" classname="org.springframework.web.client.RestOperationsExtensionsTests" time="0.072"/>
  <testcase name="postForEntity with reified type parameters" classname="org.springframework.web.client.RestOperationsExtensionsTests" time="0.005"/>
  <testcase name="exchange with reified type parameters, String, HttpMethod, HttpEntity and Map" classname="org.springframework.web.client.RestOperationsExtensionsTests" time="0.011"/>
  <testcase name="patchForObject with reified type parameters, String and varargs" classname="org.springframework.web.client.RestOperationsExtensionsTests" time="0.005"/>
  <system-out><![CDATA[getForObject[T]
getForObject[T]
getForObject[T]
getForEntity[T]
getForEntity[T]
getForEntity[T]
postForObject[T]
postForObject[T]
postForObject[T]
postForEntity[T]
postForEntity[T]
postForEntity[T]
patchForObject[T]
patchForObject[T]
patchForObject[T]
exchange[T]
exchange[T]
exchange[T]
exchange[T]
exchange[T]
exchange[T]
exchange[T]
exchange[T]
]]></system-out>
  <system-err><![CDATA[]]></system-err>
</testsuite>
