<?xml version="1.0" encoding="UTF-8"?>
<testsuite name="org.springframework.http.codec.json.Jackson2TokenizerTests" tests="4" skipped="0" failures="0" errors="0" timestamp="2020-11-25T14:41:49" hostname="lichangbaodeMacBook-Pro.local" time="0.014">
  <properties/>
  <testcase name="jsonEOFExceptionIsWrappedAsDecodingError" classname="org.springframework.http.codec.json.Jackson2TokenizerTests" time="0.0"/>
  <testcase name="errorInStream" classname="org.springframework.http.codec.json.Jackson2TokenizerTests" time="0.0"/>
  <testcase name="tokenizeArrayElements" classname="org.springframework.http.codec.json.Jackson2TokenizerTests" time="0.009"/>
  <testcase name="doNotTokenizeArrayElements" classname="org.springframework.http.codec.json.Jackson2TokenizerTests" time="0.004"/>
  <system-out><![CDATA[]]></system-out>
  <system-err><![CDATA[]]></system-err>
</testsuite>
