<?xml version="1.0" encoding="UTF-8"?>
<testsuite name="org.springframework.web.context.request.async.WebAsyncManagerTimeoutTests" tests="10" skipped="0" failures="0" errors="0" timestamp="2020-11-25T14:41:39" hostname="lichangbaodeMacBook-Pro.local" time="0.014">
  <properties/>
  <testcase name="startCallableProcessingTimeoutAndResumeThroughInterceptor" classname="org.springframework.web.context.request.async.WebAsyncManagerTimeoutTests" time="0.001"/>
  <testcase name="startCallableProcessingAfterTimeoutException" classname="org.springframework.web.context.request.async.WebAsyncManagerTimeoutTests" time="0.001"/>
  <testcase name="startDeferredResultProcessingTimeoutAndResumeThroughCallback" classname="org.springframework.web.context.request.async.WebAsyncManagerTimeoutTests" time="0.001"/>
  <testcase name="startCallableProcessingTimeoutAndResumeThroughCallback" classname="org.springframework.web.context.request.async.WebAsyncManagerTimeoutTests" time="0.0"/>
  <testcase name="startCallableProcessingTimeoutAndComplete" classname="org.springframework.web.context.request.async.WebAsyncManagerTimeoutTests" time="0.001"/>
  <testcase name="startDeferredResultProcessingAfterTimeoutException" classname="org.springframework.web.context.request.async.WebAsyncManagerTimeoutTests" time="0.001"/>
  <testcase name="startDeferredResultProcessingTimeoutAndResumeThroughInterceptor" classname="org.springframework.web.context.request.async.WebAsyncManagerTimeoutTests" time="0.0"/>
  <testcase name="startDeferredResultProcessingTimeoutAndComplete" classname="org.springframework.web.context.request.async.WebAsyncManagerTimeoutTests" time="0.001"/>
  <testcase name="startCallableProcessingTimeoutAndCheckThreadInterrupted" classname="org.springframework.web.context.request.async.WebAsyncManagerTimeoutTests" time="0.007"/>
  <testcase name="startDeferredResultProcessingTimeoutAndResumeWithDefaultResult" classname="org.springframework.web.context.request.async.WebAsyncManagerTimeoutTests" time="0.001"/>
  <system-out><![CDATA[22:41:39.354 [Test worker] DEBUG o.s.w.c.r.a.WebAsyncManager - Started async request
22:41:39.354 [Test worker] DEBUG o.s.w.c.r.a.WebAsyncManager - Async request timeout for /test
22:41:39.354 [Test worker] DEBUG o.s.w.c.r.a.WebAsyncManager - Async result set, dispatch to /test
22:41:39.354 [Test worker] DEBUG o.s.w.c.r.a.WebAsyncManager - Started async request
22:41:39.354 [Test worker] DEBUG o.s.w.c.r.a.WebAsyncManager - Async request timeout for /test
22:41:39.355 [Test worker] DEBUG o.s.w.c.r.a.WebAsyncManager - Async error, dispatch to /test
22:41:39.355 [Test worker] DEBUG o.s.w.c.r.a.WebAsyncManager - Started async request
22:41:39.355 [Test worker] DEBUG o.s.w.c.r.a.WebAsyncManager - Async result set, dispatch to /test
22:41:39.356 [Test worker] DEBUG o.s.w.c.r.a.WebAsyncManager - Started async request
22:41:39.356 [Test worker] DEBUG o.s.w.c.r.a.WebAsyncManager - Async request timeout for /test
22:41:39.356 [Test worker] DEBUG o.s.w.c.r.a.WebAsyncManager - Async result set, dispatch to /test
22:41:39.356 [Test worker] DEBUG o.s.w.c.r.a.WebAsyncManager - Started async request
22:41:39.356 [Test worker] DEBUG o.s.w.c.r.a.WebAsyncManager - Async request timeout for /test
22:41:39.357 [Test worker] DEBUG o.s.w.c.r.a.WebAsyncManager - Async error, dispatch to /test
22:41:39.357 [Test worker] DEBUG o.s.w.c.r.a.WebAsyncManager - Started async request
22:41:39.358 [Test worker] DEBUG o.s.w.c.r.a.WebAsyncManager - Async error, dispatch to /test
22:41:39.358 [Test worker] DEBUG o.s.w.c.r.a.WebAsyncManager - Started async request
22:41:39.358 [Test worker] DEBUG o.s.w.c.r.a.WebAsyncManager - Async result set, dispatch to /test
22:41:39.358 [Test worker] DEBUG o.s.w.c.r.a.WebAsyncManager - Started async request
22:41:39.359 [Test worker] DEBUG o.s.w.c.r.a.WebAsyncManager - Async error, dispatch to /test
22:41:39.365 [Test worker] DEBUG o.s.w.c.r.a.WebAsyncManager - Started async request
22:41:39.366 [Test worker] DEBUG o.s.w.c.r.a.WebAsyncManager - Async request timeout for /test
22:41:39.366 [Test worker] DEBUG o.s.w.c.r.a.WebAsyncManager - Async error, dispatch to /test
22:41:39.366 [Test worker] DEBUG o.s.w.c.r.a.WebAsyncManager - Started async request
22:41:39.367 [Test worker] DEBUG o.s.w.c.r.a.WebAsyncManager - Async result set, dispatch to /test
]]></system-out>
  <system-err><![CDATA[]]></system-err>
</testsuite>
