<?xml version="1.0" encoding="UTF-8"?>
<testsuite name="org.springframework.http.client.reactive.ReactorResourceFactoryTests" tests="5" skipped="0" failures="0" errors="0" timestamp="2020-11-25T14:41:54" hostname="lichangbaodeMacBook-Pro.local" time="0.034">
  <properties/>
  <testcase name="localResourcesViaSupplier" classname="org.springframework.http.client.reactive.ReactorResourceFactoryTests" time="0.017"/>
  <testcase name="localResources" classname="org.springframework.http.client.reactive.ReactorResourceFactoryTests" time="0.005"/>
  <testcase name="globalResources" classname="org.springframework.http.client.reactive.ReactorResourceFactoryTests" time="0.011"/>
  <testcase name="globalResourcesWithConsumer" classname="org.springframework.http.client.reactive.ReactorResourceFactoryTests" time="0.001"/>
  <testcase name="externalResources" classname="org.springframework.http.client.reactive.ReactorResourceFactoryTests" time="0.0"/>
  <system-out><![CDATA[]]></system-out>
  <system-err><![CDATA[]]></system-err>
</testsuite>
