<?xml version="1.0" encoding="UTF-8"?>
<testsuite name="org.springframework.test.context.junit.jupiter.generics.CatTests" tests="2" skipped="0" failures="0" errors="0" timestamp="2020-11-25T14:40:32" hostname="lichangbaodeMacBook-Pro.local" time="0.106">
  <properties/>
  <testcase name="autowiredParameterByTypeForSingleGenericBean(Character)" classname="org.springframework.test.context.junit.jupiter.generics.CatTests" time="0.092"/>
  <testcase name="autowiredFields()" classname="org.springframework.test.context.junit.jupiter.generics.CatTests" time="0.013"/>
  <system-out><![CDATA[]]></system-out>
  <system-err><![CDATA[]]></system-err>
</testsuite>
