<?xml version="1.0" encoding="UTF-8"?>
<testsuite name="org.springframework.test.context.junit.jupiter.parallel.ParallelExecutionSpringExtensionTests$TestCase" tests="1000" skipped="0" failures="0" errors="0" timestamp="2020-11-25T14:40:35" hostname="lichangbaodeMacBook-Pro.local" time="0.21">
  <properties/>
  <testcase name="repeatedTest(ApplicationContext)[1]" classname="org.springframework.test.context.junit.jupiter.parallel.ParallelExecutionSpringExtensionTests$TestCase" time="0.0"/>
  <testcase name="repeatedTest(ApplicationContext)[2]" classname="org.springframework.test.context.junit.jupiter.parallel.ParallelExecutionSpringExtensionTests$TestCase" time="0.001"/>
  <testcase name="repeatedTest(ApplicationContext)[3]" classname="org.springframework.test.context.junit.jupiter.parallel.ParallelExecutionSpringExtensionTests$TestCase" time="0.0"/>
  <testcase name="repeatedTest(ApplicationContext)[4]" classname="org.springframework.test.context.junit.jupiter.parallel.ParallelExecutionSpringExtensionTests$TestCase" time="0.001"/>
  <testcase name="repeatedTest(ApplicationContext)[5]" classname="org.springframework.test.context.junit.jupiter.parallel.ParallelExecutionSpringExtensionTests$TestCase" time="0.0"/>
  <testcase name="repeatedTest(ApplicationContext)[6]" classname="org.springframework.test.context.junit.jupiter.parallel.ParallelExecutionSpringExtensionTests$TestCase" time="0.001"/>
  <testcase name="repeatedTest(ApplicationContext)[7]" classname="org.springframework.test.context.junit.jupiter.parallel.ParallelExecutionSpringExtensionTests$TestCase" time="0.0"/>
  <testcase name="repeatedTest(ApplicationContext)[8]" classname="org.springframework.test.context.junit.jupiter.parallel.ParallelExecutionSpringExtensionTests$TestCase" time="0.0"/>
  <testcase name="repeatedTest(ApplicationContext)[9]" classname="org.springframework.test.context.junit.jupiter.parallel.ParallelExecutionSpringExtensionTests$TestCase" time="0.0"/>
  <testcase name="repeatedTest(ApplicationContext)[10]" classname="org.springframework.test.context.junit.jupiter.parallel.ParallelExecutionSpringExtensionTests$TestCase" time="0.0"/>
  <testcase name="repeatedTest(ApplicationContext)[11]" classname="org.springframework.test.context.junit.jupiter.parallel.ParallelExecutionSpringExtensionTests$TestCase" time="0.001"/>
  <testcase name="repeatedTest(ApplicationContext)[12]" classname="org.springframework.test.context.junit.jupiter.parallel.ParallelExecutionSpringExtensionTests$TestCase" time="0.0"/>
  <testcase name="repeatedTest(ApplicationContext)[13]" classname="org.springframework.test.context.junit.jupiter.parallel.ParallelExecutionSpringExtensionTests$TestCase" time="0.0"/>
  <testcase name="repeatedTest(ApplicationContext)[14]" classname="org.springframework.test.context.junit.jupiter.parallel.ParallelExecutionSpringExtensionTests$TestCase" time="0.001"/>
  <testcase name="repeatedTest(ApplicationContext)[15]" classname="org.springframework.test.context.junit.jupiter.parallel.ParallelExecutionSpringExtensionTests$TestCase" time="0.0"/>
  <testcase name="repeatedTest(ApplicationContext)[16]" classname="org.springframework.test.context.junit.jupiter.parallel.ParallelExecutionSpringExtensionTests$TestCase" time="0.001"/>
  <testcase name="repeatedTest(ApplicationContext)[17]" classname="org.springframework.test.context.junit.jupiter.parallel.ParallelExecutionSpringExtensionTests$TestCase" time="0.0"/>
  <testcase name="repeatedTest(ApplicationContext)[18]" classname="org.springframework.test.context.junit.jupiter.parallel.ParallelExecutionSpringExtensionTests$TestCase" time="0.0"/>
  <testcase name="repeatedTest(ApplicationContext)[19]" classname="org.springframework.test.context.junit.jupiter.parallel.ParallelExecutionSpringExtensionTests$TestCase" time="0.0"/>
  <testcase name="repeatedTest(ApplicationContext)[20]" classname="org.springframework.test.context.junit.jupiter.parallel.ParallelExecutionSpringExtensionTests$TestCase" time="0.0"/>
  <testcase name="repeatedTest(ApplicationContext)[21]" classname="org.springframework.test.context.junit.jupiter.parallel.ParallelExecutionSpringExtensionTests$TestCase" time="0.0"/>
  <testcase name="repeatedTest(ApplicationContext)[22]" classname="org.springframework.test.context.junit.jupiter.parallel.ParallelExecutionSpringExtensionTests$TestCase" time="0.0"/>
  <testcase name="repeatedTest(ApplicationContext)[23]" classname="org.springframework.test.context.junit.jupiter.parallel.ParallelExecutionSpringExtensionTests$TestCase" time="0.0"/>
  <testcase name="repeatedTest(ApplicationContext)[24]" classname="org.springframework.test.context.junit.jupiter.parallel.ParallelExecutionSpringExtensionTests$TestCase" time="0.0"/>
  <testcase name="repeatedTest(ApplicationContext)[25]" classname="org.springframework.test.context.junit.jupiter.parallel.ParallelExecutionSpringExtensionTests$TestCase" time="0.0"/>
  <testcase name="repeatedTest(ApplicationContext)[26]" classname="org.springframework.test.context.junit.jupiter.parallel.ParallelExecutionSpringExtensionTests$TestCase" time="0.0"/>
  <testcase name="repeatedTest(ApplicationContext)[27]" classname="org.springframework.test.context.junit.jupiter.parallel.ParallelExecutionSpringExtensionTests$TestCase" time="0.0"/>
  <testcase name="repeatedTest(ApplicationContext)[28]" classname="org.springframework.test.context.junit.jupiter.parallel.ParallelExecutionSpringExtensionTests$TestCase" time="0.0"/>
  <testcase name="repeatedTest(ApplicationContext)[29]" classname="org.springframework.test.context.junit.jupiter.parallel.ParallelExecutionSpringExtensionTests$TestCase" time="0.001"/>
  <testcase name="repeatedTest(ApplicationContext)[30]" classname="org.springframework.test.context.junit.jupiter.parallel.ParallelExecutionSpringExtensionTests$TestCase" time="0.0"/>
  <testcase name="repeatedTest(ApplicationContext)[31]" classname="org.springframework.test.context.junit.jupiter.parallel.ParallelExecutionSpringExtensionTests$TestCase" time="0.0"/>
  <testcase name="repeatedTest(ApplicationContext)[32]" classname="org.springframework.test.context.junit.jupiter.parallel.ParallelExecutionSpringExtensionTests$TestCase" time="0.0"/>
  <testcase name="repeatedTest(ApplicationContext)[33]" classname="org.springframework.test.context.junit.jupiter.parallel.ParallelExecutionSpringExtensionTests$TestCase" time="0.0"/>
  <testcase name="repeatedTest(ApplicationContext)[34]" classname="org.springframework.test.context.junit.jupiter.parallel.ParallelExecutionSpringExtensionTests$TestCase" time="0.0"/>
  <testcase name="repeatedTest(ApplicationContext)[35]" classname="org.springframework.test.context.junit.jupiter.parallel.ParallelExecutionSpringExtensionTests$TestCase" time="0.0"/>
  <testcase name="repeatedTest(ApplicationContext)[36]" classname="org.springframework.test.context.junit.jupiter.parallel.ParallelExecutionSpringExtensionTests$TestCase" time="0.0"/>
  <testcase name="repeatedTest(ApplicationContext)[37]" classname="org.springframework.test.context.junit.jupiter.parallel.ParallelExecutionSpringExtensionTests$TestCase" time="0.0"/>
  <testcase name="repeatedTest(ApplicationContext)[38]" classname="org.springframework.test.context.junit.jupiter.parallel.ParallelExecutionSpringExtensionTests$TestCase" time="0.0"/>
  <testcase name="repeatedTest(ApplicationContext)[39]" classname="org.springframework.test.context.junit.jupiter.parallel.ParallelExecutionSpringExtensionTests$TestCase" time="0.0"/>
  <testcase name="repeatedTest(ApplicationContext)[40]" classname="org.springframework.test.context.junit.jupiter.parallel.ParallelExecutionSpringExtensionTests$TestCase" time="0.0"/>
  <testcase name="repeatedTest(ApplicationContext)[41]" classname="org.springframework.test.context.junit.jupiter.parallel.ParallelExecutionSpringExtensionTests$TestCase" time="0.001"/>
  <testcase name="repeatedTest(ApplicationContext)[42]" classname="org.springframework.test.context.junit.jupiter.parallel.ParallelExecutionSpringExtensionTests$TestCase" time="0.0"/>
  <testcase name="repeatedTest(ApplicationContext)[43]" classname="org.springframework.test.context.junit.jupiter.parallel.ParallelExecutionSpringExtensionTests$TestCase" time="0.0"/>
  <testcase name="repeatedTest(ApplicationContext)[44]" classname="org.springframework.test.context.junit.jupiter.parallel.ParallelExecutionSpringExtensionTests$TestCase" time="0.0"/>
  <testcase name="repeatedTest(ApplicationContext)[45]" classname="org.springframework.test.context.junit.jupiter.parallel.ParallelExecutionSpringExtensionTests$TestCase" time="0.001"/>
  <testcase name="repeatedTest(ApplicationContext)[46]" classname="org.springframework.test.context.junit.jupiter.parallel.ParallelExecutionSpringExtensionTests$TestCase" time="0.0"/>
  <testcase name="repeatedTest(ApplicationContext)[47]" classname="org.springframework.test.context.junit.jupiter.parallel.ParallelExecutionSpringExtensionTests$TestCase" time="0.0"/>
  <testcase name="repeatedTest(ApplicationContext)[48]" classname="org.springframework.test.context.junit.jupiter.parallel.ParallelExecutionSpringExtensionTests$TestCase" time="0.0"/>
  <testcase name="repeatedTest(ApplicationContext)[49]" classname="org.springframework.test.context.junit.jupiter.parallel.ParallelExecutionSpringExtensionTests$TestCase" time="0.0"/>
  <testcase name="repeatedTest(ApplicationContext)[50]" classname="org.springframework.test.context.junit.jupiter.parallel.ParallelExecutionSpringExtensionTests$TestCase" time="0.0"/>
  <testcase name="repeatedTest(ApplicationContext)[51]" classname="org.springframework.test.context.junit.jupiter.parallel.ParallelExecutionSpringExtensionTests$TestCase" time="0.0"/>
  <testcase name="repeatedTest(ApplicationContext)[52]" classname="org.springframework.test.context.junit.jupiter.parallel.ParallelExecutionSpringExtensionTests$TestCase" time="0.0"/>
  <testcase name="repeatedTest(ApplicationContext)[53]" classname="org.springframework.test.context.junit.jupiter.parallel.ParallelExecutionSpringExtensionTests$TestCase" time="0.0"/>
  <testcase name="repeatedTest(ApplicationContext)[54]" classname="org.springframework.test.context.junit.jupiter.parallel.ParallelExecutionSpringExtensionTests$TestCase" time="0.001"/>
  <testcase name="repeatedTest(ApplicationContext)[55]" classname="org.springframework.test.context.junit.jupiter.parallel.ParallelExecutionSpringExtensionTests$TestCase" time="0.0"/>
  <testcase name="repeatedTest(ApplicationContext)[56]" classname="org.springframework.test.context.junit.jupiter.parallel.ParallelExecutionSpringExtensionTests$TestCase" time="0.0"/>
  <testcase name="repeatedTest(ApplicationContext)[57]" classname="org.springframework.test.context.junit.jupiter.parallel.ParallelExecutionSpringExtensionTests$TestCase" time="0.0"/>
  <testcase name="repeatedTest(ApplicationContext)[58]" classname="org.springframework.test.context.junit.jupiter.parallel.ParallelExecutionSpringExtensionTests$TestCase" time="0.0"/>
  <testcase name="repeatedTest(ApplicationContext)[59]" classname="org.springframework.test.context.junit.jupiter.parallel.ParallelExecutionSpringExtensionTests$TestCase" time="0.0"/>
  <testcase name="repeatedTest(ApplicationContext)[60]" classname="org.springframework.test.context.junit.jupiter.parallel.ParallelExecutionSpringExtensionTests$TestCase" time="0.001"/>
  <testcase name="repeatedTest(ApplicationContext)[61]" classname="org.springframework.test.context.junit.jupiter.parallel.ParallelExecutionSpringExtensionTests$TestCase" time="0.0"/>
  <testcase name="repeatedTest(ApplicationContext)[62]" classname="org.springframework.test.context.junit.jupiter.parallel.ParallelExecutionSpringExtensionTests$TestCase" time="0.0"/>
  <testcase name="repeatedTest(ApplicationContext)[63]" classname="org.springframework.test.context.junit.jupiter.parallel.ParallelExecutionSpringExtensionTests$TestCase" time="0.0"/>
  <testcase name="repeatedTest(ApplicationContext)[64]" classname="org.springframework.test.context.junit.jupiter.parallel.ParallelExecutionSpringExtensionTests$TestCase" time="0.001"/>
  <testcase name="repeatedTest(ApplicationContext)[65]" classname="org.springframework.test.context.junit.jupiter.parallel.ParallelExecutionSpringExtensionTests$TestCase" time="0.0"/>
  <testcase name="repeatedTest(ApplicationContext)[66]" classname="org.springframework.test.context.junit.jupiter.parallel.ParallelExecutionSpringExtensionTests$TestCase" time="0.0"/>
  <testcase name="repeatedTest(ApplicationContext)[67]" classname="org.springframework.test.context.junit.jupiter.parallel.ParallelExecutionSpringExtensionTests$TestCase" time="0.0"/>
  <testcase name="repeatedTest(ApplicationContext)[68]" classname="org.springframework.test.context.junit.jupiter.parallel.ParallelExecutionSpringExtensionTests$TestCase" time="0.0"/>
  <testcase name="repeatedTest(ApplicationContext)[69]" classname="org.springframework.test.context.junit.jupiter.parallel.ParallelExecutionSpringExtensionTests$TestCase" time="0.001"/>
  <testcase name="repeatedTest(ApplicationContext)[70]" classname="org.springframework.test.context.junit.jupiter.parallel.ParallelExecutionSpringExtensionTests$TestCase" time="0.0"/>
  <testcase name="repeatedTest(ApplicationContext)[71]" classname="org.springframework.test.context.junit.jupiter.parallel.ParallelExecutionSpringExtensionTests$TestCase" time="0.0"/>
  <testcase name="repeatedTest(ApplicationContext)[72]" classname="org.springframework.test.context.junit.jupiter.parallel.ParallelExecutionSpringExtensionTests$TestCase" time="0.0"/>
  <testcase name="repeatedTest(ApplicationContext)[73]" classname="org.springframework.test.context.junit.jupiter.parallel.ParallelExecutionSpringExtensionTests$TestCase" time="0.001"/>
  <testcase name="repeatedTest(ApplicationContext)[74]" classname="org.springframework.test.context.junit.jupiter.parallel.ParallelExecutionSpringExtensionTests$TestCase" time="0.0"/>
  <testcase name="repeatedTest(ApplicationContext)[75]" classname="org.springframework.test.context.junit.jupiter.parallel.ParallelExecutionSpringExtensionTests$TestCase" time="0.0"/>
  <testcase name="repeatedTest(ApplicationContext)[76]" classname="org.springframework.test.context.junit.jupiter.parallel.ParallelExecutionSpringExtensionTests$TestCase" time="0.0"/>
  <testcase name="repeatedTest(ApplicationContext)[77]" classname="org.springframework.test.context.junit.jupiter.parallel.ParallelExecutionSpringExtensionTests$TestCase" time="0.0"/>
  <testcase name="repeatedTest(ApplicationContext)[78]" classname="org.springframework.test.context.junit.jupiter.parallel.ParallelExecutionSpringExtensionTests$TestCase" time="0.0"/>
  <testcase name="repeatedTest(ApplicationContext)[79]" classname="org.springframework.test.context.junit.jupiter.parallel.ParallelExecutionSpringExtensionTests$TestCase" time="0.0"/>
  <testcase name="repeatedTest(ApplicationContext)[80]" classname="org.springframework.test.context.junit.jupiter.parallel.ParallelExecutionSpringExtensionTests$TestCase" time="0.0"/>
  <testcase name="repeatedTest(ApplicationContext)[81]" classname="org.springframework.test.context.junit.jupiter.parallel.ParallelExecutionSpringExtensionTests$TestCase" time="0.0"/>
  <testcase name="repeatedTest(ApplicationContext)[82]" classname="org.springframework.test.context.junit.jupiter.parallel.ParallelExecutionSpringExtensionTests$TestCase" time="0.001"/>
  <testcase name="repeatedTest(ApplicationContext)[83]" classname="org.springframework.test.context.junit.jupiter.parallel.ParallelExecutionSpringExtensionTests$TestCase" time="0.0"/>
  <testcase name="repeatedTest(ApplicationContext)[84]" classname="org.springframework.test.context.junit.jupiter.parallel.ParallelExecutionSpringExtensionTests$TestCase" time="0.0"/>
  <testcase name="repeatedTest(ApplicationContext)[85]" classname="org.springframework.test.context.junit.jupiter.parallel.ParallelExecutionSpringExtensionTests$TestCase" time="0.0"/>
  <testcase name="repeatedTest(ApplicationContext)[86]" classname="org.springframework.test.context.junit.jupiter.parallel.ParallelExecutionSpringExtensionTests$TestCase" time="0.0"/>
  <testcase name="repeatedTest(ApplicationContext)[87]" classname="org.springframework.test.context.junit.jupiter.parallel.ParallelExecutionSpringExtensionTests$TestCase" time="0.0"/>
  <testcase name="repeatedTest(ApplicationContext)[88]" classname="org.springframework.test.context.junit.jupiter.parallel.ParallelExecutionSpringExtensionTests$TestCase" time="0.0"/>
  <testcase name="repeatedTest(ApplicationContext)[89]" classname="org.springframework.test.context.junit.jupiter.parallel.ParallelExecutionSpringExtensionTests$TestCase" time="0.0"/>
  <testcase name="repeatedTest(ApplicationContext)[90]" classname="org.springframework.test.context.junit.jupiter.parallel.ParallelExecutionSpringExtensionTests$TestCase" time="0.0"/>
  <testcase name="repeatedTest(ApplicationContext)[91]" classname="org.springframework.test.context.junit.jupiter.parallel.ParallelExecutionSpringExtensionTests$TestCase" time="0.001"/>
  <testcase name="repeatedTest(ApplicationContext)[92]" classname="org.springframework.test.context.junit.jupiter.parallel.ParallelExecutionSpringExtensionTests$TestCase" time="0.0"/>
  <testcase name="repeatedTest(ApplicationContext)[93]" classname="org.springframework.test.context.junit.jupiter.parallel.ParallelExecutionSpringExtensionTests$TestCase" time="0.0"/>
  <testcase name="repeatedTest(ApplicationContext)[94]" classname="org.springframework.test.context.junit.jupiter.parallel.ParallelExecutionSpringExtensionTests$TestCase" time="0.0"/>
  <testcase name="repeatedTest(ApplicationContext)[95]" classname="org.springframework.test.context.junit.jupiter.parallel.ParallelExecutionSpringExtensionTests$TestCase" time="0.0"/>
  <testcase name="repeatedTest(ApplicationContext)[96]" classname="org.springframework.test.context.junit.jupiter.parallel.ParallelExecutionSpringExtensionTests$TestCase" time="0.0"/>
  <testcase name="repeatedTest(ApplicationContext)[97]" classname="org.springframework.test.context.junit.jupiter.parallel.ParallelExecutionSpringExtensionTests$TestCase" time="0.0"/>
  <testcase name="repeatedTest(ApplicationContext)[98]" classname="org.springframework.test.context.junit.jupiter.parallel.ParallelExecutionSpringExtensionTests$TestCase" time="0.0"/>
  <testcase name="repeatedTest(ApplicationContext)[99]" classname="org.springframework.test.context.junit.jupiter.parallel.ParallelExecutionSpringExtensionTests$TestCase" time="0.0"/>
  <testcase name="repeatedTest(ApplicationContext)[100]" classname="org.springframework.test.context.junit.jupiter.parallel.ParallelExecutionSpringExtensionTests$TestCase" time="0.0"/>
  <testcase name="repeatedTest(ApplicationContext)[101]" classname="org.springframework.test.context.junit.jupiter.parallel.ParallelExecutionSpringExtensionTests$TestCase" time="0.0"/>
  <testcase name="repeatedTest(ApplicationContext)[102]" classname="org.springframework.test.context.junit.jupiter.parallel.ParallelExecutionSpringExtensionTests$TestCase" time="0.001"/>
  <testcase name="repeatedTest(ApplicationContext)[103]" classname="org.springframework.test.context.junit.jupiter.parallel.ParallelExecutionSpringExtensionTests$TestCase" time="0.0"/>
  <testcase name="repeatedTest(ApplicationContext)[104]" classname="org.springframework.test.context.junit.jupiter.parallel.ParallelExecutionSpringExtensionTests$TestCase" time="0.001"/>
  <testcase name="repeatedTest(ApplicationContext)[105]" classname="org.springframework.test.context.junit.jupiter.parallel.ParallelExecutionSpringExtensionTests$TestCase" time="0.0"/>
  <testcase name="repeatedTest(ApplicationContext)[106]" classname="org.springframework.test.context.junit.jupiter.parallel.ParallelExecutionSpringExtensionTests$TestCase" time="0.0"/>
  <testcase name="repeatedTest(ApplicationContext)[107]" classname="org.springframework.test.context.junit.jupiter.parallel.ParallelExecutionSpringExtensionTests$TestCase" time="0.0"/>
  <testcase name="repeatedTest(ApplicationContext)[108]" classname="org.springframework.test.context.junit.jupiter.parallel.ParallelExecutionSpringExtensionTests$TestCase" time="0.0"/>
  <testcase name="repeatedTest(ApplicationContext)[109]" classname="org.springframework.test.context.junit.jupiter.parallel.ParallelExecutionSpringExtensionTests$TestCase" time="0.0"/>
  <testcase name="repeatedTest(ApplicationContext)[110]" classname="org.springframework.test.context.junit.jupiter.parallel.ParallelExecutionSpringExtensionTests$TestCase" time="0.0"/>
  <testcase name="repeatedTest(ApplicationContext)[111]" classname="org.springframework.test.context.junit.jupiter.parallel.ParallelExecutionSpringExtensionTests$TestCase" time="0.001"/>
  <testcase name="repeatedTest(ApplicationContext)[112]" classname="org.springframework.test.context.junit.jupiter.parallel.ParallelExecutionSpringExtensionTests$TestCase" time="0.0"/>
  <testcase name="repeatedTest(ApplicationContext)[113]" classname="org.springframework.test.context.junit.jupiter.parallel.ParallelExecutionSpringExtensionTests$TestCase" time="0.0"/>
  <testcase name="repeatedTest(ApplicationContext)[114]" classname="org.springframework.test.context.junit.jupiter.parallel.ParallelExecutionSpringExtensionTests$TestCase" time="0.0"/>
  <testcase name="repeatedTest(ApplicationContext)[115]" classname="org.springframework.test.context.junit.jupiter.parallel.ParallelExecutionSpringExtensionTests$TestCase" time="0.001"/>
  <testcase name="repeatedTest(ApplicationContext)[116]" classname="org.springframework.test.context.junit.jupiter.parallel.ParallelExecutionSpringExtensionTests$TestCase" time="0.0"/>
  <testcase name="repeatedTest(ApplicationContext)[117]" classname="org.springframework.test.context.junit.jupiter.parallel.ParallelExecutionSpringExtensionTests$TestCase" time="0.0"/>
  <testcase name="repeatedTest(ApplicationContext)[118]" classname="org.springframework.test.context.junit.jupiter.parallel.ParallelExecutionSpringExtensionTests$TestCase" time="0.0"/>
  <testcase name="repeatedTest(ApplicationContext)[119]" classname="org.springframework.test.context.junit.jupiter.parallel.ParallelExecutionSpringExtensionTests$TestCase" time="0.0"/>
  <testcase name="repeatedTest(ApplicationContext)[120]" classname="org.springframework.test.context.junit.jupiter.parallel.ParallelExecutionSpringExtensionTests$TestCase" time="0.0"/>
  <testcase name="repeatedTest(ApplicationContext)[121]" classname="org.springframework.test.context.junit.jupiter.parallel.ParallelExecutionSpringExtensionTests$TestCase" time="0.0"/>
  <testcase name="repeatedTest(ApplicationContext)[122]" classname="org.springframework.test.context.junit.jupiter.parallel.ParallelExecutionSpringExtensionTests$TestCase" time="0.0"/>
  <testcase name="repeatedTest(ApplicationContext)[123]" classname="org.springframework.test.context.junit.jupiter.parallel.ParallelExecutionSpringExtensionTests$TestCase" time="0.0"/>
  <testcase name="repeatedTest(ApplicationContext)[124]" classname="org.springframework.test.context.junit.jupiter.parallel.ParallelExecutionSpringExtensionTests$TestCase" time="0.001"/>
  <testcase name="repeatedTest(ApplicationContext)[125]" classname="org.springframework.test.context.junit.jupiter.parallel.ParallelExecutionSpringExtensionTests$TestCase" time="0.0"/>
  <testcase name="repeatedTest(ApplicationContext)[126]" classname="org.springframework.test.context.junit.jupiter.parallel.ParallelExecutionSpringExtensionTests$TestCase" time="0.0"/>
  <testcase name="repeatedTest(ApplicationContext)[127]" classname="org.springframework.test.context.junit.jupiter.parallel.ParallelExecutionSpringExtensionTests$TestCase" time="0.0"/>
  <testcase name="repeatedTest(ApplicationContext)[128]" classname="org.springframework.test.context.junit.jupiter.parallel.ParallelExecutionSpringExtensionTests$TestCase" time="0.0"/>
  <testcase name="repeatedTest(ApplicationContext)[129]" classname="org.springframework.test.context.junit.jupiter.parallel.ParallelExecutionSpringExtensionTests$TestCase" time="0.0"/>
  <testcase name="repeatedTest(ApplicationContext)[130]" classname="org.springframework.test.context.junit.jupiter.parallel.ParallelExecutionSpringExtensionTests$TestCase" time="0.0"/>
  <testcase name="repeatedTest(ApplicationContext)[131]" classname="org.springframework.test.context.junit.jupiter.parallel.ParallelExecutionSpringExtensionTests$TestCase" time="0.0"/>
  <testcase name="repeatedTest(ApplicationContext)[132]" classname="org.springframework.test.context.junit.jupiter.parallel.ParallelExecutionSpringExtensionTests$TestCase" time="0.0"/>
  <testcase name="repeatedTest(ApplicationContext)[133]" classname="org.springframework.test.context.junit.jupiter.parallel.ParallelExecutionSpringExtensionTests$TestCase" time="0.0"/>
  <testcase name="repeatedTest(ApplicationContext)[134]" classname="org.springframework.test.context.junit.jupiter.parallel.ParallelExecutionSpringExtensionTests$TestCase" time="0.0"/>
  <testcase name="repeatedTest(ApplicationContext)[135]" classname="org.springframework.test.context.junit.jupiter.parallel.ParallelExecutionSpringExtensionTests$TestCase" time="0.0"/>
  <testcase name="repeatedTest(ApplicationContext)[136]" classname="org.springframework.test.context.junit.jupiter.parallel.ParallelExecutionSpringExtensionTests$TestCase" time="0.0"/>
  <testcase name="repeatedTest(ApplicationContext)[137]" classname="org.springframework.test.context.junit.jupiter.parallel.ParallelExecutionSpringExtensionTests$TestCase" time="0.0"/>
  <testcase name="repeatedTest(ApplicationContext)[138]" classname="org.springframework.test.context.junit.jupiter.parallel.ParallelExecutionSpringExtensionTests$TestCase" time="0.0"/>
  <testcase name="repeatedTest(ApplicationContext)[139]" classname="org.springframework.test.context.junit.jupiter.parallel.ParallelExecutionSpringExtensionTests$TestCase" time="0.0"/>
  <testcase name="repeatedTest(ApplicationContext)[140]" classname="org.springframework.test.context.junit.jupiter.parallel.ParallelExecutionSpringExtensionTests$TestCase" time="0.0"/>
  <testcase name="repeatedTest(ApplicationContext)[141]" classname="org.springframework.test.context.junit.jupiter.parallel.ParallelExecutionSpringExtensionTests$TestCase" time="0.0"/>
  <testcase name="repeatedTest(ApplicationContext)[142]" classname="org.springframework.test.context.junit.jupiter.parallel.ParallelExecutionSpringExtensionTests$TestCase" time="0.001"/>
  <testcase name="repeatedTest(ApplicationContext)[143]" classname="org.springframework.test.context.junit.jupiter.parallel.ParallelExecutionSpringExtensionTests$TestCase" time="0.0"/>
  <testcase name="repeatedTest(ApplicationContext)[144]" classname="org.springframework.test.context.junit.jupiter.parallel.ParallelExecutionSpringExtensionTests$TestCase" time="0.0"/>
  <testcase name="repeatedTest(ApplicationContext)[145]" classname="org.springframework.test.context.junit.jupiter.parallel.ParallelExecutionSpringExtensionTests$TestCase" time="0.0"/>
  <testcase name="repeatedTest(ApplicationContext)[146]" classname="org.springframework.test.context.junit.jupiter.parallel.ParallelExecutionSpringExtensionTests$TestCase" time="0.0"/>
  <testcase name="repeatedTest(ApplicationContext)[147]" classname="org.springframework.test.context.junit.jupiter.parallel.ParallelExecutionSpringExtensionTests$TestCase" time="0.001"/>
  <testcase name="repeatedTest(ApplicationContext)[148]" classname="org.springframework.test.context.junit.jupiter.parallel.ParallelExecutionSpringExtensionTests$TestCase" time="0.0"/>
  <testcase name="repeatedTest(ApplicationContext)[149]" classname="org.springframework.test.context.junit.jupiter.parallel.ParallelExecutionSpringExtensionTests$TestCase" time="0.0"/>
  <testcase name="repeatedTest(ApplicationContext)[150]" classname="org.springframework.test.context.junit.jupiter.parallel.ParallelExecutionSpringExtensionTests$TestCase" time="0.0"/>
  <testcase name="repeatedTest(ApplicationContext)[151]" classname="org.springframework.test.context.junit.jupiter.parallel.ParallelExecutionSpringExtensionTests$TestCase" time="0.0"/>
  <testcase name="repeatedTest(ApplicationContext)[152]" classname="org.springframework.test.context.junit.jupiter.parallel.ParallelExecutionSpringExtensionTests$TestCase" time="0.0"/>
  <testcase name="repeatedTest(ApplicationContext)[153]" classname="org.springframework.test.context.junit.jupiter.parallel.ParallelExecutionSpringExtensionTests$TestCase" time="0.0"/>
  <testcase name="repeatedTest(ApplicationContext)[154]" classname="org.springframework.test.context.junit.jupiter.parallel.ParallelExecutionSpringExtensionTests$TestCase" time="0.0"/>
  <testcase name="repeatedTest(ApplicationContext)[155]" classname="org.springframework.test.context.junit.jupiter.parallel.ParallelExecutionSpringExtensionTests$TestCase" time="0.0"/>
  <testcase name="repeatedTest(ApplicationContext)[156]" classname="org.springframework.test.context.junit.jupiter.parallel.ParallelExecutionSpringExtensionTests$TestCase" time="0.0"/>
  <testcase name="repeatedTest(ApplicationContext)[157]" classname="org.springframework.test.context.junit.jupiter.parallel.ParallelExecutionSpringExtensionTests$TestCase" time="0.0"/>
  <testcase name="repeatedTest(ApplicationContext)[158]" classname="org.springframework.test.context.junit.jupiter.parallel.ParallelExecutionSpringExtensionTests$TestCase" time="0.0"/>
  <testcase name="repeatedTest(ApplicationContext)[159]" classname="org.springframework.test.context.junit.jupiter.parallel.ParallelExecutionSpringExtensionTests$TestCase" time="0.0"/>
  <testcase name="repeatedTest(ApplicationContext)[160]" classname="org.springframework.test.context.junit.jupiter.parallel.ParallelExecutionSpringExtensionTests$TestCase" time="0.0"/>
  <testcase name="repeatedTest(ApplicationContext)[161]" classname="org.springframework.test.context.junit.jupiter.parallel.ParallelExecutionSpringExtensionTests$TestCase" time="0.001"/>
  <testcase name="repeatedTest(ApplicationContext)[162]" classname="org.springframework.test.context.junit.jupiter.parallel.ParallelExecutionSpringExtensionTests$TestCase" time="0.0"/>
  <testcase name="repeatedTest(ApplicationContext)[163]" classname="org.springframework.test.context.junit.jupiter.parallel.ParallelExecutionSpringExtensionTests$TestCase" time="0.0"/>
  <testcase name="repeatedTest(ApplicationContext)[164]" classname="org.springframework.test.context.junit.jupiter.parallel.ParallelExecutionSpringExtensionTests$TestCase" time="0.001"/>
  <testcase name="repeatedTest(ApplicationContext)[165]" classname="org.springframework.test.context.junit.jupiter.parallel.ParallelExecutionSpringExtensionTests$TestCase" time="0.0"/>
  <testcase name="repeatedTest(ApplicationContext)[166]" classname="org.springframework.test.context.junit.jupiter.parallel.ParallelExecutionSpringExtensionTests$TestCase" time="0.0"/>
  <testcase name="repeatedTest(ApplicationContext)[167]" classname="org.springframework.test.context.junit.jupiter.parallel.ParallelExecutionSpringExtensionTests$TestCase" time="0.0"/>
  <testcase name="repeatedTest(ApplicationContext)[168]" classname="org.springframework.test.context.junit.jupiter.parallel.ParallelExecutionSpringExtensionTests$TestCase" time="0.0"/>
  <testcase name="repeatedTest(ApplicationContext)[169]" classname="org.springframework.test.context.junit.jupiter.parallel.ParallelExecutionSpringExtensionTests$TestCase" time="0.0"/>
  <testcase name="repeatedTest(ApplicationContext)[170]" classname="org.springframework.test.context.junit.jupiter.parallel.ParallelExecutionSpringExtensionTests$TestCase" time="0.0"/>
  <testcase name="repeatedTest(ApplicationContext)[171]" classname="org.springframework.test.context.junit.jupiter.parallel.ParallelExecutionSpringExtensionTests$TestCase" time="0.0"/>
  <testcase name="repeatedTest(ApplicationContext)[172]" classname="org.springframework.test.context.junit.jupiter.parallel.ParallelExecutionSpringExtensionTests$TestCase" time="0.001"/>
  <testcase name="repeatedTest(ApplicationContext)[173]" classname="org.springframework.test.context.junit.jupiter.parallel.ParallelExecutionSpringExtensionTests$TestCase" time="0.0"/>
  <testcase name="repeatedTest(ApplicationContext)[174]" classname="org.springframework.test.context.junit.jupiter.parallel.ParallelExecutionSpringExtensionTests$TestCase" time="0.0"/>
  <testcase name="repeatedTest(ApplicationContext)[175]" classname="org.springframework.test.context.junit.jupiter.parallel.ParallelExecutionSpringExtensionTests$TestCase" time="0.001"/>
  <testcase name="repeatedTest(ApplicationContext)[176]" classname="org.springframework.test.context.junit.jupiter.parallel.ParallelExecutionSpringExtensionTests$TestCase" time="0.0"/>
  <testcase name="repeatedTest(ApplicationContext)[177]" classname="org.springframework.test.context.junit.jupiter.parallel.ParallelExecutionSpringExtensionTests$TestCase" time="0.0"/>
  <testcase name="repeatedTest(ApplicationContext)[178]" classname="org.springframework.test.context.junit.jupiter.parallel.ParallelExecutionSpringExtensionTests$TestCase" time="0.001"/>
  <testcase name="repeatedTest(ApplicationContext)[179]" classname="org.springframework.test.context.junit.jupiter.parallel.ParallelExecutionSpringExtensionTests$TestCase" time="0.0"/>
  <testcase name="repeatedTest(ApplicationContext)[180]" classname="org.springframework.test.context.junit.jupiter.parallel.ParallelExecutionSpringExtensionTests$TestCase" time="0.0"/>
  <testcase name="repeatedTest(ApplicationContext)[181]" classname="org.springframework.test.context.junit.jupiter.parallel.ParallelExecutionSpringExtensionTests$TestCase" time="0.0"/>
  <testcase name="repeatedTest(ApplicationContext)[182]" classname="org.springframework.test.context.junit.jupiter.parallel.ParallelExecutionSpringExtensionTests$TestCase" time="0.001"/>
  <testcase name="repeatedTest(ApplicationContext)[183]" classname="org.springframework.test.context.junit.jupiter.parallel.ParallelExecutionSpringExtensionTests$TestCase" time="0.0"/>
  <testcase name="repeatedTest(ApplicationContext)[184]" classname="org.springframework.test.context.junit.jupiter.parallel.ParallelExecutionSpringExtensionTests$TestCase" time="0.0"/>
  <testcase name="repeatedTest(ApplicationContext)[185]" classname="org.springframework.test.context.junit.jupiter.parallel.ParallelExecutionSpringExtensionTests$TestCase" time="0.0"/>
  <testcase name="repeatedTest(ApplicationContext)[186]" classname="org.springframework.test.context.junit.jupiter.parallel.ParallelExecutionSpringExtensionTests$TestCase" time="0.0"/>
  <testcase name="repeatedTest(ApplicationContext)[187]" classname="org.springframework.test.context.junit.jupiter.parallel.ParallelExecutionSpringExtensionTests$TestCase" time="0.001"/>
  <testcase name="repeatedTest(ApplicationContext)[188]" classname="org.springframework.test.context.junit.jupiter.parallel.ParallelExecutionSpringExtensionTests$TestCase" time="0.0"/>
  <testcase name="repeatedTest(ApplicationContext)[189]" classname="org.springframework.test.context.junit.jupiter.parallel.ParallelExecutionSpringExtensionTests$TestCase" time="0.0"/>
  <testcase name="repeatedTest(ApplicationContext)[190]" classname="org.springframework.test.context.junit.jupiter.parallel.ParallelExecutionSpringExtensionTests$TestCase" time="0.0"/>
  <testcase name="repeatedTest(ApplicationContext)[191]" classname="org.springframework.test.context.junit.jupiter.parallel.ParallelExecutionSpringExtensionTests$TestCase" time="0.0"/>
  <testcase name="repeatedTest(ApplicationContext)[192]" classname="org.springframework.test.context.junit.jupiter.parallel.ParallelExecutionSpringExtensionTests$TestCase" time="0.001"/>
  <testcase name="repeatedTest(ApplicationContext)[193]" classname="org.springframework.test.context.junit.jupiter.parallel.ParallelExecutionSpringExtensionTests$TestCase" time="0.0"/>
  <testcase name="repeatedTest(ApplicationContext)[194]" classname="org.springframework.test.context.junit.jupiter.parallel.ParallelExecutionSpringExtensionTests$TestCase" time="0.0"/>
  <testcase name="repeatedTest(ApplicationContext)[195]" classname="org.springframework.test.context.junit.jupiter.parallel.ParallelExecutionSpringExtensionTests$TestCase" time="0.0"/>
  <testcase name="repeatedTest(ApplicationContext)[196]" classname="org.springframework.test.context.junit.jupiter.parallel.ParallelExecutionSpringExtensionTests$TestCase" time="0.0"/>
  <testcase name="repeatedTest(ApplicationContext)[197]" classname="org.springframework.test.context.junit.jupiter.parallel.ParallelExecutionSpringExtensionTests$TestCase" time="0.001"/>
  <testcase name="repeatedTest(ApplicationContext)[198]" classname="org.springframework.test.context.junit.jupiter.parallel.ParallelExecutionSpringExtensionTests$TestCase" time="0.0"/>
  <testcase name="repeatedTest(ApplicationContext)[199]" classname="org.springframework.test.context.junit.jupiter.parallel.ParallelExecutionSpringExtensionTests$TestCase" time="0.0"/>
  <testcase name="repeatedTest(ApplicationContext)[200]" classname="org.springframework.test.context.junit.jupiter.parallel.ParallelExecutionSpringExtensionTests$TestCase" time="0.0"/>
  <testcase name="repeatedTest(ApplicationContext)[201]" classname="org.springframework.test.context.junit.jupiter.parallel.ParallelExecutionSpringExtensionTests$TestCase" time="0.0"/>
  <testcase name="repeatedTest(ApplicationContext)[202]" classname="org.springframework.test.context.junit.jupiter.parallel.ParallelExecutionSpringExtensionTests$TestCase" time="0.001"/>
  <testcase name="repeatedTest(ApplicationContext)[203]" classname="org.springframework.test.context.junit.jupiter.parallel.ParallelExecutionSpringExtensionTests$TestCase" time="0.0"/>
  <testcase name="repeatedTest(ApplicationContext)[204]" classname="org.springframework.test.context.junit.jupiter.parallel.ParallelExecutionSpringExtensionTests$TestCase" time="0.0"/>
  <testcase name="repeatedTest(ApplicationContext)[205]" classname="org.springframework.test.context.junit.jupiter.parallel.ParallelExecutionSpringExtensionTests$TestCase" time="0.0"/>
  <testcase name="repeatedTest(ApplicationContext)[206]" classname="org.springframework.test.context.junit.jupiter.parallel.ParallelExecutionSpringExtensionTests$TestCase" time="0.0"/>
  <testcase name="repeatedTest(ApplicationContext)[207]" classname="org.springframework.test.context.junit.jupiter.parallel.ParallelExecutionSpringExtensionTests$TestCase" time="0.001"/>
  <testcase name="repeatedTest(ApplicationContext)[208]" classname="org.springframework.test.context.junit.jupiter.parallel.ParallelExecutionSpringExtensionTests$TestCase" time="0.0"/>
  <testcase name="repeatedTest(ApplicationContext)[209]" classname="org.springframework.test.context.junit.jupiter.parallel.ParallelExecutionSpringExtensionTests$TestCase" time="0.0"/>
  <testcase name="repeatedTest(ApplicationContext)[210]" classname="org.springframework.test.context.junit.jupiter.parallel.ParallelExecutionSpringExtensionTests$TestCase" time="0.0"/>
  <testcase name="repeatedTest(ApplicationContext)[211]" classname="org.springframework.test.context.junit.jupiter.parallel.ParallelExecutionSpringExtensionTests$TestCase" time="0.0"/>
  <testcase name="repeatedTest(ApplicationContext)[212]" classname="org.springframework.test.context.junit.jupiter.parallel.ParallelExecutionSpringExtensionTests$TestCase" time="0.001"/>
  <testcase name="repeatedTest(ApplicationContext)[213]" classname="org.springframework.test.context.junit.jupiter.parallel.ParallelExecutionSpringExtensionTests$TestCase" time="0.0"/>
  <testcase name="repeatedTest(ApplicationContext)[214]" classname="org.springframework.test.context.junit.jupiter.parallel.ParallelExecutionSpringExtensionTests$TestCase" time="0.0"/>
  <testcase name="repeatedTest(ApplicationContext)[215]" classname="org.springframework.test.context.junit.jupiter.parallel.ParallelExecutionSpringExtensionTests$TestCase" time="0.0"/>
  <testcase name="repeatedTest(ApplicationContext)[216]" classname="org.springframework.test.context.junit.jupiter.parallel.ParallelExecutionSpringExtensionTests$TestCase" time="0.0"/>
  <testcase name="repeatedTest(ApplicationContext)[217]" classname="org.springframework.test.context.junit.jupiter.parallel.ParallelExecutionSpringExtensionTests$TestCase" time="0.001"/>
  <testcase name="repeatedTest(ApplicationContext)[218]" classname="org.springframework.test.context.junit.jupiter.parallel.ParallelExecutionSpringExtensionTests$TestCase" time="0.0"/>
  <testcase name="repeatedTest(ApplicationContext)[219]" classname="org.springframework.test.context.junit.jupiter.parallel.ParallelExecutionSpringExtensionTests$TestCase" time="0.0"/>
  <testcase name="repeatedTest(ApplicationContext)[220]" classname="org.springframework.test.context.junit.jupiter.parallel.ParallelExecutionSpringExtensionTests$TestCase" time="0.0"/>
  <testcase name="repeatedTest(ApplicationContext)[221]" classname="org.springframework.test.context.junit.jupiter.parallel.ParallelExecutionSpringExtensionTests$TestCase" time="0.0"/>
  <testcase name="repeatedTest(ApplicationContext)[222]" classname="org.springframework.test.context.junit.jupiter.parallel.ParallelExecutionSpringExtensionTests$TestCase" time="0.0"/>
  <testcase name="repeatedTest(ApplicationContext)[223]" classname="org.springframework.test.context.junit.jupiter.parallel.ParallelExecutionSpringExtensionTests$TestCase" time="0.0"/>
  <testcase name="repeatedTest(ApplicationContext)[224]" classname="org.springframework.test.context.junit.jupiter.parallel.ParallelExecutionSpringExtensionTests$TestCase" time="0.0"/>
  <testcase name="repeatedTest(ApplicationContext)[225]" classname="org.springframework.test.context.junit.jupiter.parallel.ParallelExecutionSpringExtensionTests$TestCase" time="0.0"/>
  <testcase name="repeatedTest(ApplicationContext)[226]" classname="org.springframework.test.context.junit.jupiter.parallel.ParallelExecutionSpringExtensionTests$TestCase" time="0.001"/>
  <testcase name="repeatedTest(ApplicationContext)[227]" classname="org.springframework.test.context.junit.jupiter.parallel.ParallelExecutionSpringExtensionTests$TestCase" time="0.0"/>
  <testcase name="repeatedTest(ApplicationContext)[228]" classname="org.springframework.test.context.junit.jupiter.parallel.ParallelExecutionSpringExtensionTests$TestCase" time="0.0"/>
  <testcase name="repeatedTest(ApplicationContext)[229]" classname="org.springframework.test.context.junit.jupiter.parallel.ParallelExecutionSpringExtensionTests$TestCase" time="0.001"/>
  <testcase name="repeatedTest(ApplicationContext)[230]" classname="org.springframework.test.context.junit.jupiter.parallel.ParallelExecutionSpringExtensionTests$TestCase" time="0.0"/>
  <testcase name="repeatedTest(ApplicationContext)[231]" classname="org.springframework.test.context.junit.jupiter.parallel.ParallelExecutionSpringExtensionTests$TestCase" time="0.0"/>
  <testcase name="repeatedTest(ApplicationContext)[232]" classname="org.springframework.test.context.junit.jupiter.parallel.ParallelExecutionSpringExtensionTests$TestCase" time="0.0"/>
  <testcase name="repeatedTest(ApplicationContext)[233]" classname="org.springframework.test.context.junit.jupiter.parallel.ParallelExecutionSpringExtensionTests$TestCase" time="0.0"/>
  <testcase name="repeatedTest(ApplicationContext)[234]" classname="org.springframework.test.context.junit.jupiter.parallel.ParallelExecutionSpringExtensionTests$TestCase" time="0.0"/>
  <testcase name="repeatedTest(ApplicationContext)[235]" classname="org.springframework.test.context.junit.jupiter.parallel.ParallelExecutionSpringExtensionTests$TestCase" time="0.0"/>
  <testcase name="repeatedTest(ApplicationContext)[236]" classname="org.springframework.test.context.junit.jupiter.parallel.ParallelExecutionSpringExtensionTests$TestCase" time="0.001"/>
  <testcase name="repeatedTest(ApplicationContext)[237]" classname="org.springframework.test.context.junit.jupiter.parallel.ParallelExecutionSpringExtensionTests$TestCase" time="0.0"/>
  <testcase name="repeatedTest(ApplicationContext)[238]" classname="org.springframework.test.context.junit.jupiter.parallel.ParallelExecutionSpringExtensionTests$TestCase" time="0.0"/>
  <testcase name="repeatedTest(ApplicationContext)[239]" classname="org.springframework.test.context.junit.jupiter.parallel.ParallelExecutionSpringExtensionTests$TestCase" time="0.001"/>
  <testcase name="repeatedTest(ApplicationContext)[240]" classname="org.springframework.test.context.junit.jupiter.parallel.ParallelExecutionSpringExtensionTests$TestCase" time="0.0"/>
  <testcase name="repeatedTest(ApplicationContext)[241]" classname="org.springframework.test.context.junit.jupiter.parallel.ParallelExecutionSpringExtensionTests$TestCase" time="0.0"/>
  <testcase name="repeatedTest(ApplicationContext)[242]" classname="org.springframework.test.context.junit.jupiter.parallel.ParallelExecutionSpringExtensionTests$TestCase" time="0.0"/>
  <testcase name="repeatedTest(ApplicationContext)[243]" classname="org.springframework.test.context.junit.jupiter.parallel.ParallelExecutionSpringExtensionTests$TestCase" time="0.0"/>
  <testcase name="repeatedTest(ApplicationContext)[244]" classname="org.springframework.test.context.junit.jupiter.parallel.ParallelExecutionSpringExtensionTests$TestCase" time="0.001"/>
  <testcase name="repeatedTest(ApplicationContext)[245]" classname="org.springframework.test.context.junit.jupiter.parallel.ParallelExecutionSpringExtensionTests$TestCase" time="0.0"/>
  <testcase name="repeatedTest(ApplicationContext)[246]" classname="org.springframework.test.context.junit.jupiter.parallel.ParallelExecutionSpringExtensionTests$TestCase" time="0.0"/>
  <testcase name="repeatedTest(ApplicationContext)[247]" classname="org.springframework.test.context.junit.jupiter.parallel.ParallelExecutionSpringExtensionTests$TestCase" time="0.0"/>
  <testcase name="repeatedTest(ApplicationContext)[248]" classname="org.springframework.test.context.junit.jupiter.parallel.ParallelExecutionSpringExtensionTests$TestCase" time="0.0"/>
  <testcase name="repeatedTest(ApplicationContext)[249]" classname="org.springframework.test.context.junit.jupiter.parallel.ParallelExecutionSpringExtensionTests$TestCase" time="0.0"/>
  <testcase name="repeatedTest(ApplicationContext)[250]" classname="org.springframework.test.context.junit.jupiter.parallel.ParallelExecutionSpringExtensionTests$TestCase" time="0.0"/>
  <testcase name="repeatedTest(ApplicationContext)[251]" classname="org.springframework.test.context.junit.jupiter.parallel.ParallelExecutionSpringExtensionTests$TestCase" time="0.0"/>
  <testcase name="repeatedTest(ApplicationContext)[252]" classname="org.springframework.test.context.junit.jupiter.parallel.ParallelExecutionSpringExtensionTests$TestCase" time="0.0"/>
  <testcase name="repeatedTest(ApplicationContext)[253]" classname="org.springframework.test.context.junit.jupiter.parallel.ParallelExecutionSpringExtensionTests$TestCase" time="0.001"/>
  <testcase name="repeatedTest(ApplicationContext)[254]" classname="org.springframework.test.context.junit.jupiter.parallel.ParallelExecutionSpringExtensionTests$TestCase" time="0.0"/>
  <testcase name="repeatedTest(ApplicationContext)[255]" classname="org.springframework.test.context.junit.jupiter.parallel.ParallelExecutionSpringExtensionTests$TestCase" time="0.0"/>
  <testcase name="repeatedTest(ApplicationContext)[256]" classname="org.springframework.test.context.junit.jupiter.parallel.ParallelExecutionSpringExtensionTests$TestCase" time="0.0"/>
  <testcase name="repeatedTest(ApplicationContext)[257]" classname="org.springframework.test.context.junit.jupiter.parallel.ParallelExecutionSpringExtensionTests$TestCase" time="0.0"/>
  <testcase name="repeatedTest(ApplicationContext)[258]" classname="org.springframework.test.context.junit.jupiter.parallel.ParallelExecutionSpringExtensionTests$TestCase" time="0.0"/>
  <testcase name="repeatedTest(ApplicationContext)[259]" classname="org.springframework.test.context.junit.jupiter.parallel.ParallelExecutionSpringExtensionTests$TestCase" time="0.0"/>
  <testcase name="repeatedTest(ApplicationContext)[260]" classname="org.springframework.test.context.junit.jupiter.parallel.ParallelExecutionSpringExtensionTests$TestCase" time="0.0"/>
  <testcase name="repeatedTest(ApplicationContext)[261]" classname="org.springframework.test.context.junit.jupiter.parallel.ParallelExecutionSpringExtensionTests$TestCase" time="0.0"/>
  <testcase name="repeatedTest(ApplicationContext)[262]" classname="org.springframework.test.context.junit.jupiter.parallel.ParallelExecutionSpringExtensionTests$TestCase" time="0.0"/>
  <testcase name="repeatedTest(ApplicationContext)[263]" classname="org.springframework.test.context.junit.jupiter.parallel.ParallelExecutionSpringExtensionTests$TestCase" time="0.0"/>
  <testcase name="repeatedTest(ApplicationContext)[264]" classname="org.springframework.test.context.junit.jupiter.parallel.ParallelExecutionSpringExtensionTests$TestCase" time="0.0"/>
  <testcase name="repeatedTest(ApplicationContext)[265]" classname="org.springframework.test.context.junit.jupiter.parallel.ParallelExecutionSpringExtensionTests$TestCase" time="0.0"/>
  <testcase name="repeatedTest(ApplicationContext)[266]" classname="org.springframework.test.context.junit.jupiter.parallel.ParallelExecutionSpringExtensionTests$TestCase" time="0.0"/>
  <testcase name="repeatedTest(ApplicationContext)[267]" classname="org.springframework.test.context.junit.jupiter.parallel.ParallelExecutionSpringExtensionTests$TestCase" time="0.0"/>
  <testcase name="repeatedTest(ApplicationContext)[268]" classname="org.springframework.test.context.junit.jupiter.parallel.ParallelExecutionSpringExtensionTests$TestCase" time="0.0"/>
  <testcase name="repeatedTest(ApplicationContext)[269]" classname="org.springframework.test.context.junit.jupiter.parallel.ParallelExecutionSpringExtensionTests$TestCase" time="0.0"/>
  <testcase name="repeatedTest(ApplicationContext)[270]" classname="org.springframework.test.context.junit.jupiter.parallel.ParallelExecutionSpringExtensionTests$TestCase" time="0.0"/>
  <testcase name="repeatedTest(ApplicationContext)[271]" classname="org.springframework.test.context.junit.jupiter.parallel.ParallelExecutionSpringExtensionTests$TestCase" time="0.0"/>
  <testcase name="repeatedTest(ApplicationContext)[272]" classname="org.springframework.test.context.junit.jupiter.parallel.ParallelExecutionSpringExtensionTests$TestCase" time="0.0"/>
  <testcase name="repeatedTest(ApplicationContext)[273]" classname="org.springframework.test.context.junit.jupiter.parallel.ParallelExecutionSpringExtensionTests$TestCase" time="0.0"/>
  <testcase name="repeatedTest(ApplicationContext)[274]" classname="org.springframework.test.context.junit.jupiter.parallel.ParallelExecutionSpringExtensionTests$TestCase" time="0.0"/>
  <testcase name="repeatedTest(ApplicationContext)[275]" classname="org.springframework.test.context.junit.jupiter.parallel.ParallelExecutionSpringExtensionTests$TestCase" time="0.0"/>
  <testcase name="repeatedTest(ApplicationContext)[276]" classname="org.springframework.test.context.junit.jupiter.parallel.ParallelExecutionSpringExtensionTests$TestCase" time="0.0"/>
  <testcase name="repeatedTest(ApplicationContext)[277]" classname="org.springframework.test.context.junit.jupiter.parallel.ParallelExecutionSpringExtensionTests$TestCase" time="0.0"/>
  <testcase name="repeatedTest(ApplicationContext)[278]" classname="org.springframework.test.context.junit.jupiter.parallel.ParallelExecutionSpringExtensionTests$TestCase" time="0.0"/>
  <testcase name="repeatedTest(ApplicationContext)[279]" classname="org.springframework.test.context.junit.jupiter.parallel.ParallelExecutionSpringExtensionTests$TestCase" time="0.001"/>
  <testcase name="repeatedTest(ApplicationContext)[280]" classname="org.springframework.test.context.junit.jupiter.parallel.ParallelExecutionSpringExtensionTests$TestCase" time="0.0"/>
  <testcase name="repeatedTest(ApplicationContext)[281]" classname="org.springframework.test.context.junit.jupiter.parallel.ParallelExecutionSpringExtensionTests$TestCase" time="0.0"/>
  <testcase name="repeatedTest(ApplicationContext)[282]" classname="org.springframework.test.context.junit.jupiter.parallel.ParallelExecutionSpringExtensionTests$TestCase" time="0.0"/>
  <testcase name="repeatedTest(ApplicationContext)[283]" classname="org.springframework.test.context.junit.jupiter.parallel.ParallelExecutionSpringExtensionTests$TestCase" time="0.0"/>
  <testcase name="repeatedTest(ApplicationContext)[284]" classname="org.springframework.test.context.junit.jupiter.parallel.ParallelExecutionSpringExtensionTests$TestCase" time="0.001"/>
  <testcase name="repeatedTest(ApplicationContext)[285]" classname="org.springframework.test.context.junit.jupiter.parallel.ParallelExecutionSpringExtensionTests$TestCase" time="0.0"/>
  <testcase name="repeatedTest(ApplicationContext)[286]" classname="org.springframework.test.context.junit.jupiter.parallel.ParallelExecutionSpringExtensionTests$TestCase" time="0.0"/>
  <testcase name="repeatedTest(ApplicationContext)[287]" classname="org.springframework.test.context.junit.jupiter.parallel.ParallelExecutionSpringExtensionTests$TestCase" time="0.0"/>
  <testcase name="repeatedTest(ApplicationContext)[288]" classname="org.springframework.test.context.junit.jupiter.parallel.ParallelExecutionSpringExtensionTests$TestCase" time="0.0"/>
  <testcase name="repeatedTest(ApplicationContext)[289]" classname="org.springframework.test.context.junit.jupiter.parallel.ParallelExecutionSpringExtensionTests$TestCase" time="0.001"/>
  <testcase name="repeatedTest(ApplicationContext)[290]" classname="org.springframework.test.context.junit.jupiter.parallel.ParallelExecutionSpringExtensionTests$TestCase" time="0.0"/>
  <testcase name="repeatedTest(ApplicationContext)[291]" classname="org.springframework.test.context.junit.jupiter.parallel.ParallelExecutionSpringExtensionTests$TestCase" time="0.0"/>
  <testcase name="repeatedTest(ApplicationContext)[292]" classname="org.springframework.test.context.junit.jupiter.parallel.ParallelExecutionSpringExtensionTests$TestCase" time="0.0"/>
  <testcase name="repeatedTest(ApplicationContext)[293]" classname="org.springframework.test.context.junit.jupiter.parallel.ParallelExecutionSpringExtensionTests$TestCase" time="0.0"/>
  <testcase name="repeatedTest(ApplicationContext)[294]" classname="org.springframework.test.context.junit.jupiter.parallel.ParallelExecutionSpringExtensionTests$TestCase" time="0.001"/>
  <testcase name="repeatedTest(ApplicationContext)[295]" classname="org.springframework.test.context.junit.jupiter.parallel.ParallelExecutionSpringExtensionTests$TestCase" time="0.0"/>
  <testcase name="repeatedTest(ApplicationContext)[296]" classname="org.springframework.test.context.junit.jupiter.parallel.ParallelExecutionSpringExtensionTests$TestCase" time="0.0"/>
  <testcase name="repeatedTest(ApplicationContext)[297]" classname="org.springframework.test.context.junit.jupiter.parallel.ParallelExecutionSpringExtensionTests$TestCase" time="0.0"/>
  <testcase name="repeatedTest(ApplicationContext)[298]" classname="org.springframework.test.context.junit.jupiter.parallel.ParallelExecutionSpringExtensionTests$TestCase" time="0.0"/>
  <testcase name="repeatedTest(ApplicationContext)[299]" classname="org.springframework.test.context.junit.jupiter.parallel.ParallelExecutionSpringExtensionTests$TestCase" time="0.0"/>
  <testcase name="repeatedTest(ApplicationContext)[300]" classname="org.springframework.test.context.junit.jupiter.parallel.ParallelExecutionSpringExtensionTests$TestCase" time="0.0"/>
  <testcase name="repeatedTest(ApplicationContext)[301]" classname="org.springframework.test.context.junit.jupiter.parallel.ParallelExecutionSpringExtensionTests$TestCase" time="0.0"/>
  <testcase name="repeatedTest(ApplicationContext)[302]" classname="org.springframework.test.context.junit.jupiter.parallel.ParallelExecutionSpringExtensionTests$TestCase" time="0.0"/>
  <testcase name="repeatedTest(ApplicationContext)[303]" classname="org.springframework.test.context.junit.jupiter.parallel.ParallelExecutionSpringExtensionTests$TestCase" time="0.0"/>
  <testcase name="repeatedTest(ApplicationContext)[304]" classname="org.springframework.test.context.junit.jupiter.parallel.ParallelExecutionSpringExtensionTests$TestCase" time="0.001"/>
  <testcase name="repeatedTest(ApplicationContext)[305]" classname="org.springframework.test.context.junit.jupiter.parallel.ParallelExecutionSpringExtensionTests$TestCase" time="0.0"/>
  <testcase name="repeatedTest(ApplicationContext)[306]" classname="org.springframework.test.context.junit.jupiter.parallel.ParallelExecutionSpringExtensionTests$TestCase" time="0.0"/>
  <testcase name="repeatedTest(ApplicationContext)[307]" classname="org.springframework.test.context.junit.jupiter.parallel.ParallelExecutionSpringExtensionTests$TestCase" time="0.0"/>
  <testcase name="repeatedTest(ApplicationContext)[308]" classname="org.springframework.test.context.junit.jupiter.parallel.ParallelExecutionSpringExtensionTests$TestCase" time="0.0"/>
  <testcase name="repeatedTest(ApplicationContext)[309]" classname="org.springframework.test.context.junit.jupiter.parallel.ParallelExecutionSpringExtensionTests$TestCase" time="0.0"/>
  <testcase name="repeatedTest(ApplicationContext)[310]" classname="org.springframework.test.context.junit.jupiter.parallel.ParallelExecutionSpringExtensionTests$TestCase" time="0.0"/>
  <testcase name="repeatedTest(ApplicationContext)[311]" classname="org.springframework.test.context.junit.jupiter.parallel.ParallelExecutionSpringExtensionTests$TestCase" time="0.0"/>
  <testcase name="repeatedTest(ApplicationContext)[312]" classname="org.springframework.test.context.junit.jupiter.parallel.ParallelExecutionSpringExtensionTests$TestCase" time="0.0"/>
  <testcase name="repeatedTest(ApplicationContext)[313]" classname="org.springframework.test.context.junit.jupiter.parallel.ParallelExecutionSpringExtensionTests$TestCase" time="0.0"/>
  <testcase name="repeatedTest(ApplicationContext)[314]" classname="org.springframework.test.context.junit.jupiter.parallel.ParallelExecutionSpringExtensionTests$TestCase" time="0.0"/>
  <testcase name="repeatedTest(ApplicationContext)[315]" classname="org.springframework.test.context.junit.jupiter.parallel.ParallelExecutionSpringExtensionTests$TestCase" time="0.0"/>
  <testcase name="repeatedTest(ApplicationContext)[316]" classname="org.springframework.test.context.junit.jupiter.parallel.ParallelExecutionSpringExtensionTests$TestCase" time="0.0"/>
  <testcase name="repeatedTest(ApplicationContext)[317]" classname="org.springframework.test.context.junit.jupiter.parallel.ParallelExecutionSpringExtensionTests$TestCase" time="0.0"/>
  <testcase name="repeatedTest(ApplicationContext)[318]" classname="org.springframework.test.context.junit.jupiter.parallel.ParallelExecutionSpringExtensionTests$TestCase" time="0.0"/>
  <testcase name="repeatedTest(ApplicationContext)[319]" classname="org.springframework.test.context.junit.jupiter.parallel.ParallelExecutionSpringExtensionTests$TestCase" time="0.0"/>
  <testcase name="repeatedTest(ApplicationContext)[320]" classname="org.springframework.test.context.junit.jupiter.parallel.ParallelExecutionSpringExtensionTests$TestCase" time="0.001"/>
  <testcase name="repeatedTest(ApplicationContext)[321]" classname="org.springframework.test.context.junit.jupiter.parallel.ParallelExecutionSpringExtensionTests$TestCase" time="0.0"/>
  <testcase name="repeatedTest(ApplicationContext)[322]" classname="org.springframework.test.context.junit.jupiter.parallel.ParallelExecutionSpringExtensionTests$TestCase" time="0.0"/>
  <testcase name="repeatedTest(ApplicationContext)[323]" classname="org.springframework.test.context.junit.jupiter.parallel.ParallelExecutionSpringExtensionTests$TestCase" time="0.0"/>
  <testcase name="repeatedTest(ApplicationContext)[324]" classname="org.springframework.test.context.junit.jupiter.parallel.ParallelExecutionSpringExtensionTests$TestCase" time="0.0"/>
  <testcase name="repeatedTest(ApplicationContext)[325]" classname="org.springframework.test.context.junit.jupiter.parallel.ParallelExecutionSpringExtensionTests$TestCase" time="0.001"/>
  <testcase name="repeatedTest(ApplicationContext)[326]" classname="org.springframework.test.context.junit.jupiter.parallel.ParallelExecutionSpringExtensionTests$TestCase" time="0.0"/>
  <testcase name="repeatedTest(ApplicationContext)[327]" classname="org.springframework.test.context.junit.jupiter.parallel.ParallelExecutionSpringExtensionTests$TestCase" time="0.0"/>
  <testcase name="repeatedTest(ApplicationContext)[328]" classname="org.springframework.test.context.junit.jupiter.parallel.ParallelExecutionSpringExtensionTests$TestCase" time="0.0"/>
  <testcase name="repeatedTest(ApplicationContext)[329]" classname="org.springframework.test.context.junit.jupiter.parallel.ParallelExecutionSpringExtensionTests$TestCase" time="0.0"/>
  <testcase name="repeatedTest(ApplicationContext)[330]" classname="org.springframework.test.context.junit.jupiter.parallel.ParallelExecutionSpringExtensionTests$TestCase" time="0.001"/>
  <testcase name="repeatedTest(ApplicationContext)[331]" classname="org.springframework.test.context.junit.jupiter.parallel.ParallelExecutionSpringExtensionTests$TestCase" time="0.0"/>
  <testcase name="repeatedTest(ApplicationContext)[332]" classname="org.springframework.test.context.junit.jupiter.parallel.ParallelExecutionSpringExtensionTests$TestCase" time="0.0"/>
  <testcase name="repeatedTest(ApplicationContext)[333]" classname="org.springframework.test.context.junit.jupiter.parallel.ParallelExecutionSpringExtensionTests$TestCase" time="0.0"/>
  <testcase name="repeatedTest(ApplicationContext)[334]" classname="org.springframework.test.context.junit.jupiter.parallel.ParallelExecutionSpringExtensionTests$TestCase" time="0.0"/>
  <testcase name="repeatedTest(ApplicationContext)[335]" classname="org.springframework.test.context.junit.jupiter.parallel.ParallelExecutionSpringExtensionTests$TestCase" time="0.001"/>
  <testcase name="repeatedTest(ApplicationContext)[336]" classname="org.springframework.test.context.junit.jupiter.parallel.ParallelExecutionSpringExtensionTests$TestCase" time="0.0"/>
  <testcase name="repeatedTest(ApplicationContext)[337]" classname="org.springframework.test.context.junit.jupiter.parallel.ParallelExecutionSpringExtensionTests$TestCase" time="0.0"/>
  <testcase name="repeatedTest(ApplicationContext)[338]" classname="org.springframework.test.context.junit.jupiter.parallel.ParallelExecutionSpringExtensionTests$TestCase" time="0.0"/>
  <testcase name="repeatedTest(ApplicationContext)[339]" classname="org.springframework.test.context.junit.jupiter.parallel.ParallelExecutionSpringExtensionTests$TestCase" time="0.0"/>
  <testcase name="repeatedTest(ApplicationContext)[340]" classname="org.springframework.test.context.junit.jupiter.parallel.ParallelExecutionSpringExtensionTests$TestCase" time="0.001"/>
  <testcase name="repeatedTest(ApplicationContext)[341]" classname="org.springframework.test.context.junit.jupiter.parallel.ParallelExecutionSpringExtensionTests$TestCase" time="0.0"/>
  <testcase name="repeatedTest(ApplicationContext)[342]" classname="org.springframework.test.context.junit.jupiter.parallel.ParallelExecutionSpringExtensionTests$TestCase" time="0.0"/>
  <testcase name="repeatedTest(ApplicationContext)[343]" classname="org.springframework.test.context.junit.jupiter.parallel.ParallelExecutionSpringExtensionTests$TestCase" time="0.0"/>
  <testcase name="repeatedTest(ApplicationContext)[344]" classname="org.springframework.test.context.junit.jupiter.parallel.ParallelExecutionSpringExtensionTests$TestCase" time="0.0"/>
  <testcase name="repeatedTest(ApplicationContext)[345]" classname="org.springframework.test.context.junit.jupiter.parallel.ParallelExecutionSpringExtensionTests$TestCase" time="0.0"/>
  <testcase name="repeatedTest(ApplicationContext)[346]" classname="org.springframework.test.context.junit.jupiter.parallel.ParallelExecutionSpringExtensionTests$TestCase" time="0.0"/>
  <testcase name="repeatedTest(ApplicationContext)[347]" classname="org.springframework.test.context.junit.jupiter.parallel.ParallelExecutionSpringExtensionTests$TestCase" time="0.0"/>
  <testcase name="repeatedTest(ApplicationContext)[348]" classname="org.springframework.test.context.junit.jupiter.parallel.ParallelExecutionSpringExtensionTests$TestCase" time="0.0"/>
  <testcase name="repeatedTest(ApplicationContext)[349]" classname="org.springframework.test.context.junit.jupiter.parallel.ParallelExecutionSpringExtensionTests$TestCase" time="0.0"/>
  <testcase name="repeatedTest(ApplicationContext)[350]" classname="org.springframework.test.context.junit.jupiter.parallel.ParallelExecutionSpringExtensionTests$TestCase" time="0.0"/>
  <testcase name="repeatedTest(ApplicationContext)[351]" classname="org.springframework.test.context.junit.jupiter.parallel.ParallelExecutionSpringExtensionTests$TestCase" time="0.0"/>
  <testcase name="repeatedTest(ApplicationContext)[352]" classname="org.springframework.test.context.junit.jupiter.parallel.ParallelExecutionSpringExtensionTests$TestCase" time="0.0"/>
  <testcase name="repeatedTest(ApplicationContext)[353]" classname="org.springframework.test.context.junit.jupiter.parallel.ParallelExecutionSpringExtensionTests$TestCase" time="0.0"/>
  <testcase name="repeatedTest(ApplicationContext)[354]" classname="org.springframework.test.context.junit.jupiter.parallel.ParallelExecutionSpringExtensionTests$TestCase" time="0.001"/>
  <testcase name="repeatedTest(ApplicationContext)[355]" classname="org.springframework.test.context.junit.jupiter.parallel.ParallelExecutionSpringExtensionTests$TestCase" time="0.0"/>
  <testcase name="repeatedTest(ApplicationContext)[356]" classname="org.springframework.test.context.junit.jupiter.parallel.ParallelExecutionSpringExtensionTests$TestCase" time="0.0"/>
  <testcase name="repeatedTest(ApplicationContext)[357]" classname="org.springframework.test.context.junit.jupiter.parallel.ParallelExecutionSpringExtensionTests$TestCase" time="0.0"/>
  <testcase name="repeatedTest(ApplicationContext)[358]" classname="org.springframework.test.context.junit.jupiter.parallel.ParallelExecutionSpringExtensionTests$TestCase" time="0.0"/>
  <testcase name="repeatedTest(ApplicationContext)[359]" classname="org.springframework.test.context.junit.jupiter.parallel.ParallelExecutionSpringExtensionTests$TestCase" time="0.0"/>
  <testcase name="repeatedTest(ApplicationContext)[360]" classname="org.springframework.test.context.junit.jupiter.parallel.ParallelExecutionSpringExtensionTests$TestCase" time="0.0"/>
  <testcase name="repeatedTest(ApplicationContext)[361]" classname="org.springframework.test.context.junit.jupiter.parallel.ParallelExecutionSpringExtensionTests$TestCase" time="0.0"/>
  <testcase name="repeatedTest(ApplicationContext)[362]" classname="org.springframework.test.context.junit.jupiter.parallel.ParallelExecutionSpringExtensionTests$TestCase" time="0.0"/>
  <testcase name="repeatedTest(ApplicationContext)[363]" classname="org.springframework.test.context.junit.jupiter.parallel.ParallelExecutionSpringExtensionTests$TestCase" time="0.0"/>
  <testcase name="repeatedTest(ApplicationContext)[364]" classname="org.springframework.test.context.junit.jupiter.parallel.ParallelExecutionSpringExtensionTests$TestCase" time="0.0"/>
  <testcase name="repeatedTest(ApplicationContext)[365]" classname="org.springframework.test.context.junit.jupiter.parallel.ParallelExecutionSpringExtensionTests$TestCase" time="0.0"/>
  <testcase name="repeatedTest(ApplicationContext)[366]" classname="org.springframework.test.context.junit.jupiter.parallel.ParallelExecutionSpringExtensionTests$TestCase" time="0.0"/>
  <testcase name="repeatedTest(ApplicationContext)[367]" classname="org.springframework.test.context.junit.jupiter.parallel.ParallelExecutionSpringExtensionTests$TestCase" time="0.0"/>
  <testcase name="repeatedTest(ApplicationContext)[368]" classname="org.springframework.test.context.junit.jupiter.parallel.ParallelExecutionSpringExtensionTests$TestCase" time="0.0"/>
  <testcase name="repeatedTest(ApplicationContext)[369]" classname="org.springframework.test.context.junit.jupiter.parallel.ParallelExecutionSpringExtensionTests$TestCase" time="0.0"/>
  <testcase name="repeatedTest(ApplicationContext)[370]" classname="org.springframework.test.context.junit.jupiter.parallel.ParallelExecutionSpringExtensionTests$TestCase" time="0.0"/>
  <testcase name="repeatedTest(ApplicationContext)[371]" classname="org.springframework.test.context.junit.jupiter.parallel.ParallelExecutionSpringExtensionTests$TestCase" time="0.0"/>
  <testcase name="repeatedTest(ApplicationContext)[372]" classname="org.springframework.test.context.junit.jupiter.parallel.ParallelExecutionSpringExtensionTests$TestCase" time="0.0"/>
  <testcase name="repeatedTest(ApplicationContext)[373]" classname="org.springframework.test.context.junit.jupiter.parallel.ParallelExecutionSpringExtensionTests$TestCase" time="0.001"/>
  <testcase name="repeatedTest(ApplicationContext)[374]" classname="org.springframework.test.context.junit.jupiter.parallel.ParallelExecutionSpringExtensionTests$TestCase" time="0.0"/>
  <testcase name="repeatedTest(ApplicationContext)[375]" classname="org.springframework.test.context.junit.jupiter.parallel.ParallelExecutionSpringExtensionTests$TestCase" time="0.0"/>
  <testcase name="repeatedTest(ApplicationContext)[376]" classname="org.springframework.test.context.junit.jupiter.parallel.ParallelExecutionSpringExtensionTests$TestCase" time="0.0"/>
  <testcase name="repeatedTest(ApplicationContext)[377]" classname="org.springframework.test.context.junit.jupiter.parallel.ParallelExecutionSpringExtensionTests$TestCase" time="0.0"/>
  <testcase name="repeatedTest(ApplicationContext)[378]" classname="org.springframework.test.context.junit.jupiter.parallel.ParallelExecutionSpringExtensionTests$TestCase" time="0.001"/>
  <testcase name="repeatedTest(ApplicationContext)[379]" classname="org.springframework.test.context.junit.jupiter.parallel.ParallelExecutionSpringExtensionTests$TestCase" time="0.0"/>
  <testcase name="repeatedTest(ApplicationContext)[380]" classname="org.springframework.test.context.junit.jupiter.parallel.ParallelExecutionSpringExtensionTests$TestCase" time="0.0"/>
  <testcase name="repeatedTest(ApplicationContext)[381]" classname="org.springframework.test.context.junit.jupiter.parallel.ParallelExecutionSpringExtensionTests$TestCase" time="0.0"/>
  <testcase name="repeatedTest(ApplicationContext)[382]" classname="org.springframework.test.context.junit.jupiter.parallel.ParallelExecutionSpringExtensionTests$TestCase" time="0.0"/>
  <testcase name="repeatedTest(ApplicationContext)[383]" classname="org.springframework.test.context.junit.jupiter.parallel.ParallelExecutionSpringExtensionTests$TestCase" time="0.0"/>
  <testcase name="repeatedTest(ApplicationContext)[384]" classname="org.springframework.test.context.junit.jupiter.parallel.ParallelExecutionSpringExtensionTests$TestCase" time="0.0"/>
  <testcase name="repeatedTest(ApplicationContext)[385]" classname="org.springframework.test.context.junit.jupiter.parallel.ParallelExecutionSpringExtensionTests$TestCase" time="0.0"/>
  <testcase name="repeatedTest(ApplicationContext)[386]" classname="org.springframework.test.context.junit.jupiter.parallel.ParallelExecutionSpringExtensionTests$TestCase" time="0.0"/>
  <testcase name="repeatedTest(ApplicationContext)[387]" classname="org.springframework.test.context.junit.jupiter.parallel.ParallelExecutionSpringExtensionTests$TestCase" time="0.0"/>
  <testcase name="repeatedTest(ApplicationContext)[388]" classname="org.springframework.test.context.junit.jupiter.parallel.ParallelExecutionSpringExtensionTests$TestCase" time="0.001"/>
  <testcase name="repeatedTest(ApplicationContext)[389]" classname="org.springframework.test.context.junit.jupiter.parallel.ParallelExecutionSpringExtensionTests$TestCase" time="0.0"/>
  <testcase name="repeatedTest(ApplicationContext)[390]" classname="org.springframework.test.context.junit.jupiter.parallel.ParallelExecutionSpringExtensionTests$TestCase" time="0.0"/>
  <testcase name="repeatedTest(ApplicationContext)[391]" classname="org.springframework.test.context.junit.jupiter.parallel.ParallelExecutionSpringExtensionTests$TestCase" time="0.0"/>
  <testcase name="repeatedTest(ApplicationContext)[392]" classname="org.springframework.test.context.junit.jupiter.parallel.ParallelExecutionSpringExtensionTests$TestCase" time="0.0"/>
  <testcase name="repeatedTest(ApplicationContext)[393]" classname="org.springframework.test.context.junit.jupiter.parallel.ParallelExecutionSpringExtensionTests$TestCase" time="0.001"/>
  <testcase name="repeatedTest(ApplicationContext)[394]" classname="org.springframework.test.context.junit.jupiter.parallel.ParallelExecutionSpringExtensionTests$TestCase" time="0.0"/>
  <testcase name="repeatedTest(ApplicationContext)[395]" classname="org.springframework.test.context.junit.jupiter.parallel.ParallelExecutionSpringExtensionTests$TestCase" time="0.0"/>
  <testcase name="repeatedTest(ApplicationContext)[396]" classname="org.springframework.test.context.junit.jupiter.parallel.ParallelExecutionSpringExtensionTests$TestCase" time="0.0"/>
  <testcase name="repeatedTest(ApplicationContext)[397]" classname="org.springframework.test.context.junit.jupiter.parallel.ParallelExecutionSpringExtensionTests$TestCase" time="0.0"/>
  <testcase name="repeatedTest(ApplicationContext)[398]" classname="org.springframework.test.context.junit.jupiter.parallel.ParallelExecutionSpringExtensionTests$TestCase" time="0.0"/>
  <testcase name="repeatedTest(ApplicationContext)[399]" classname="org.springframework.test.context.junit.jupiter.parallel.ParallelExecutionSpringExtensionTests$TestCase" time="0.0"/>
  <testcase name="repeatedTest(ApplicationContext)[400]" classname="org.springframework.test.context.junit.jupiter.parallel.ParallelExecutionSpringExtensionTests$TestCase" time="0.0"/>
  <testcase name="repeatedTest(ApplicationContext)[401]" classname="org.springframework.test.context.junit.jupiter.parallel.ParallelExecutionSpringExtensionTests$TestCase" time="0.0"/>
  <testcase name="repeatedTest(ApplicationContext)[402]" classname="org.springframework.test.context.junit.jupiter.parallel.ParallelExecutionSpringExtensionTests$TestCase" time="0.0"/>
  <testcase name="repeatedTest(ApplicationContext)[403]" classname="org.springframework.test.context.junit.jupiter.parallel.ParallelExecutionSpringExtensionTests$TestCase" time="0.0"/>
  <testcase name="repeatedTest(ApplicationContext)[404]" classname="org.springframework.test.context.junit.jupiter.parallel.ParallelExecutionSpringExtensionTests$TestCase" time="0.0"/>
  <testcase name="repeatedTest(ApplicationContext)[405]" classname="org.springframework.test.context.junit.jupiter.parallel.ParallelExecutionSpringExtensionTests$TestCase" time="0.0"/>
  <testcase name="repeatedTest(ApplicationContext)[406]" classname="org.springframework.test.context.junit.jupiter.parallel.ParallelExecutionSpringExtensionTests$TestCase" time="0.0"/>
  <testcase name="repeatedTest(ApplicationContext)[407]" classname="org.springframework.test.context.junit.jupiter.parallel.ParallelExecutionSpringExtensionTests$TestCase" time="0.0"/>
  <testcase name="repeatedTest(ApplicationContext)[408]" classname="org.springframework.test.context.junit.jupiter.parallel.ParallelExecutionSpringExtensionTests$TestCase" time="0.0"/>
  <testcase name="repeatedTest(ApplicationContext)[409]" classname="org.springframework.test.context.junit.jupiter.parallel.ParallelExecutionSpringExtensionTests$TestCase" time="0.001"/>
  <testcase name="repeatedTest(ApplicationContext)[410]" classname="org.springframework.test.context.junit.jupiter.parallel.ParallelExecutionSpringExtensionTests$TestCase" time="0.0"/>
  <testcase name="repeatedTest(ApplicationContext)[411]" classname="org.springframework.test.context.junit.jupiter.parallel.ParallelExecutionSpringExtensionTests$TestCase" time="0.0"/>
  <testcase name="repeatedTest(ApplicationContext)[412]" classname="org.springframework.test.context.junit.jupiter.parallel.ParallelExecutionSpringExtensionTests$TestCase" time="0.0"/>
  <testcase name="repeatedTest(ApplicationContext)[413]" classname="org.springframework.test.context.junit.jupiter.parallel.ParallelExecutionSpringExtensionTests$TestCase" time="0.0"/>
  <testcase name="repeatedTest(ApplicationContext)[414]" classname="org.springframework.test.context.junit.jupiter.parallel.ParallelExecutionSpringExtensionTests$TestCase" time="0.001"/>
  <testcase name="repeatedTest(ApplicationContext)[415]" classname="org.springframework.test.context.junit.jupiter.parallel.ParallelExecutionSpringExtensionTests$TestCase" time="0.0"/>
  <testcase name="repeatedTest(ApplicationContext)[416]" classname="org.springframework.test.context.junit.jupiter.parallel.ParallelExecutionSpringExtensionTests$TestCase" time="0.0"/>
  <testcase name="repeatedTest(ApplicationContext)[417]" classname="org.springframework.test.context.junit.jupiter.parallel.ParallelExecutionSpringExtensionTests$TestCase" time="0.0"/>
  <testcase name="repeatedTest(ApplicationContext)[418]" classname="org.springframework.test.context.junit.jupiter.parallel.ParallelExecutionSpringExtensionTests$TestCase" time="0.0"/>
  <testcase name="repeatedTest(ApplicationContext)[419]" classname="org.springframework.test.context.junit.jupiter.parallel.ParallelExecutionSpringExtensionTests$TestCase" time="0.0"/>
  <testcase name="repeatedTest(ApplicationContext)[420]" classname="org.springframework.test.context.junit.jupiter.parallel.ParallelExecutionSpringExtensionTests$TestCase" time="0.0"/>
  <testcase name="repeatedTest(ApplicationContext)[421]" classname="org.springframework.test.context.junit.jupiter.parallel.ParallelExecutionSpringExtensionTests$TestCase" time="0.0"/>
  <testcase name="repeatedTest(ApplicationContext)[422]" classname="org.springframework.test.context.junit.jupiter.parallel.ParallelExecutionSpringExtensionTests$TestCase" time="0.0"/>
  <testcase name="repeatedTest(ApplicationContext)[423]" classname="org.springframework.test.context.junit.jupiter.parallel.ParallelExecutionSpringExtensionTests$TestCase" time="0.0"/>
  <testcase name="repeatedTest(ApplicationContext)[424]" classname="org.springframework.test.context.junit.jupiter.parallel.ParallelExecutionSpringExtensionTests$TestCase" time="0.0"/>
  <testcase name="repeatedTest(ApplicationContext)[425]" classname="org.springframework.test.context.junit.jupiter.parallel.ParallelExecutionSpringExtensionTests$TestCase" time="0.001"/>
  <testcase name="repeatedTest(ApplicationContext)[426]" classname="org.springframework.test.context.junit.jupiter.parallel.ParallelExecutionSpringExtensionTests$TestCase" time="0.0"/>
  <testcase name="repeatedTest(ApplicationContext)[427]" classname="org.springframework.test.context.junit.jupiter.parallel.ParallelExecutionSpringExtensionTests$TestCase" time="0.0"/>
  <testcase name="repeatedTest(ApplicationContext)[428]" classname="org.springframework.test.context.junit.jupiter.parallel.ParallelExecutionSpringExtensionTests$TestCase" time="0.0"/>
  <testcase name="repeatedTest(ApplicationContext)[429]" classname="org.springframework.test.context.junit.jupiter.parallel.ParallelExecutionSpringExtensionTests$TestCase" time="0.0"/>
  <testcase name="repeatedTest(ApplicationContext)[430]" classname="org.springframework.test.context.junit.jupiter.parallel.ParallelExecutionSpringExtensionTests$TestCase" time="0.001"/>
  <testcase name="repeatedTest(ApplicationContext)[431]" classname="org.springframework.test.context.junit.jupiter.parallel.ParallelExecutionSpringExtensionTests$TestCase" time="0.0"/>
  <testcase name="repeatedTest(ApplicationContext)[432]" classname="org.springframework.test.context.junit.jupiter.parallel.ParallelExecutionSpringExtensionTests$TestCase" time="0.0"/>
  <testcase name="repeatedTest(ApplicationContext)[433]" classname="org.springframework.test.context.junit.jupiter.parallel.ParallelExecutionSpringExtensionTests$TestCase" time="0.0"/>
  <testcase name="repeatedTest(ApplicationContext)[434]" classname="org.springframework.test.context.junit.jupiter.parallel.ParallelExecutionSpringExtensionTests$TestCase" time="0.0"/>
  <testcase name="repeatedTest(ApplicationContext)[435]" classname="org.springframework.test.context.junit.jupiter.parallel.ParallelExecutionSpringExtensionTests$TestCase" time="0.0"/>
  <testcase name="repeatedTest(ApplicationContext)[436]" classname="org.springframework.test.context.junit.jupiter.parallel.ParallelExecutionSpringExtensionTests$TestCase" time="0.0"/>
  <testcase name="repeatedTest(ApplicationContext)[437]" classname="org.springframework.test.context.junit.jupiter.parallel.ParallelExecutionSpringExtensionTests$TestCase" time="0.0"/>
  <testcase name="repeatedTest(ApplicationContext)[438]" classname="org.springframework.test.context.junit.jupiter.parallel.ParallelExecutionSpringExtensionTests$TestCase" time="0.0"/>
  <testcase name="repeatedTest(ApplicationContext)[439]" classname="org.springframework.test.context.junit.jupiter.parallel.ParallelExecutionSpringExtensionTests$TestCase" time="0.0"/>
  <testcase name="repeatedTest(ApplicationContext)[440]" classname="org.springframework.test.context.junit.jupiter.parallel.ParallelExecutionSpringExtensionTests$TestCase" time="0.0"/>
  <testcase name="repeatedTest(ApplicationContext)[441]" classname="org.springframework.test.context.junit.jupiter.parallel.ParallelExecutionSpringExtensionTests$TestCase" time="0.0"/>
  <testcase name="repeatedTest(ApplicationContext)[442]" classname="org.springframework.test.context.junit.jupiter.parallel.ParallelExecutionSpringExtensionTests$TestCase" time="0.0"/>
  <testcase name="repeatedTest(ApplicationContext)[443]" classname="org.springframework.test.context.junit.jupiter.parallel.ParallelExecutionSpringExtensionTests$TestCase" time="0.0"/>
  <testcase name="repeatedTest(ApplicationContext)[444]" classname="org.springframework.test.context.junit.jupiter.parallel.ParallelExecutionSpringExtensionTests$TestCase" time="0.0"/>
  <testcase name="repeatedTest(ApplicationContext)[445]" classname="org.springframework.test.context.junit.jupiter.parallel.ParallelExecutionSpringExtensionTests$TestCase" time="0.0"/>
  <testcase name="repeatedTest(ApplicationContext)[446]" classname="org.springframework.test.context.junit.jupiter.parallel.ParallelExecutionSpringExtensionTests$TestCase" time="0.001"/>
  <testcase name="repeatedTest(ApplicationContext)[447]" classname="org.springframework.test.context.junit.jupiter.parallel.ParallelExecutionSpringExtensionTests$TestCase" time="0.0"/>
  <testcase name="repeatedTest(ApplicationContext)[448]" classname="org.springframework.test.context.junit.jupiter.parallel.ParallelExecutionSpringExtensionTests$TestCase" time="0.0"/>
  <testcase name="repeatedTest(ApplicationContext)[449]" classname="org.springframework.test.context.junit.jupiter.parallel.ParallelExecutionSpringExtensionTests$TestCase" time="0.0"/>
  <testcase name="repeatedTest(ApplicationContext)[450]" classname="org.springframework.test.context.junit.jupiter.parallel.ParallelExecutionSpringExtensionTests$TestCase" time="0.0"/>
  <testcase name="repeatedTest(ApplicationContext)[451]" classname="org.springframework.test.context.junit.jupiter.parallel.ParallelExecutionSpringExtensionTests$TestCase" time="0.001"/>
  <testcase name="repeatedTest(ApplicationContext)[452]" classname="org.springframework.test.context.junit.jupiter.parallel.ParallelExecutionSpringExtensionTests$TestCase" time="0.0"/>
  <testcase name="repeatedTest(ApplicationContext)[453]" classname="org.springframework.test.context.junit.jupiter.parallel.ParallelExecutionSpringExtensionTests$TestCase" time="0.0"/>
  <testcase name="repeatedTest(ApplicationContext)[454]" classname="org.springframework.test.context.junit.jupiter.parallel.ParallelExecutionSpringExtensionTests$TestCase" time="0.0"/>
  <testcase name="repeatedTest(ApplicationContext)[455]" classname="org.springframework.test.context.junit.jupiter.parallel.ParallelExecutionSpringExtensionTests$TestCase" time="0.0"/>
  <testcase name="repeatedTest(ApplicationContext)[456]" classname="org.springframework.test.context.junit.jupiter.parallel.ParallelExecutionSpringExtensionTests$TestCase" time="0.0"/>
  <testcase name="repeatedTest(ApplicationContext)[457]" classname="org.springframework.test.context.junit.jupiter.parallel.ParallelExecutionSpringExtensionTests$TestCase" time="0.0"/>
  <testcase name="repeatedTest(ApplicationContext)[458]" classname="org.springframework.test.context.junit.jupiter.parallel.ParallelExecutionSpringExtensionTests$TestCase" time="0.0"/>
  <testcase name="repeatedTest(ApplicationContext)[459]" classname="org.springframework.test.context.junit.jupiter.parallel.ParallelExecutionSpringExtensionTests$TestCase" time="0.0"/>
  <testcase name="repeatedTest(ApplicationContext)[460]" classname="org.springframework.test.context.junit.jupiter.parallel.ParallelExecutionSpringExtensionTests$TestCase" time="0.0"/>
  <testcase name="repeatedTest(ApplicationContext)[461]" classname="org.springframework.test.context.junit.jupiter.parallel.ParallelExecutionSpringExtensionTests$TestCase" time="0.0"/>
  <testcase name="repeatedTest(ApplicationContext)[462]" classname="org.springframework.test.context.junit.jupiter.parallel.ParallelExecutionSpringExtensionTests$TestCase" time="0.001"/>
  <testcase name="repeatedTest(ApplicationContext)[463]" classname="org.springframework.test.context.junit.jupiter.parallel.ParallelExecutionSpringExtensionTests$TestCase" time="0.0"/>
  <testcase name="repeatedTest(ApplicationContext)[464]" classname="org.springframework.test.context.junit.jupiter.parallel.ParallelExecutionSpringExtensionTests$TestCase" time="0.0"/>
  <testcase name="repeatedTest(ApplicationContext)[465]" classname="org.springframework.test.context.junit.jupiter.parallel.ParallelExecutionSpringExtensionTests$TestCase" time="0.0"/>
  <testcase name="repeatedTest(ApplicationContext)[466]" classname="org.springframework.test.context.junit.jupiter.parallel.ParallelExecutionSpringExtensionTests$TestCase" time="0.0"/>
  <testcase name="repeatedTest(ApplicationContext)[467]" classname="org.springframework.test.context.junit.jupiter.parallel.ParallelExecutionSpringExtensionTests$TestCase" time="0.001"/>
  <testcase name="repeatedTest(ApplicationContext)[468]" classname="org.springframework.test.context.junit.jupiter.parallel.ParallelExecutionSpringExtensionTests$TestCase" time="0.0"/>
  <testcase name="repeatedTest(ApplicationContext)[469]" classname="org.springframework.test.context.junit.jupiter.parallel.ParallelExecutionSpringExtensionTests$TestCase" time="0.0"/>
  <testcase name="repeatedTest(ApplicationContext)[470]" classname="org.springframework.test.context.junit.jupiter.parallel.ParallelExecutionSpringExtensionTests$TestCase" time="0.0"/>
  <testcase name="repeatedTest(ApplicationContext)[471]" classname="org.springframework.test.context.junit.jupiter.parallel.ParallelExecutionSpringExtensionTests$TestCase" time="0.0"/>
  <testcase name="repeatedTest(ApplicationContext)[472]" classname="org.springframework.test.context.junit.jupiter.parallel.ParallelExecutionSpringExtensionTests$TestCase" time="0.001"/>
  <testcase name="repeatedTest(ApplicationContext)[473]" classname="org.springframework.test.context.junit.jupiter.parallel.ParallelExecutionSpringExtensionTests$TestCase" time="0.0"/>
  <testcase name="repeatedTest(ApplicationContext)[474]" classname="org.springframework.test.context.junit.jupiter.parallel.ParallelExecutionSpringExtensionTests$TestCase" time="0.0"/>
  <testcase name="repeatedTest(ApplicationContext)[475]" classname="org.springframework.test.context.junit.jupiter.parallel.ParallelExecutionSpringExtensionTests$TestCase" time="0.0"/>
  <testcase name="repeatedTest(ApplicationContext)[476]" classname="org.springframework.test.context.junit.jupiter.parallel.ParallelExecutionSpringExtensionTests$TestCase" time="0.0"/>
  <testcase name="repeatedTest(ApplicationContext)[477]" classname="org.springframework.test.context.junit.jupiter.parallel.ParallelExecutionSpringExtensionTests$TestCase" time="0.0"/>
  <testcase name="repeatedTest(ApplicationContext)[478]" classname="org.springframework.test.context.junit.jupiter.parallel.ParallelExecutionSpringExtensionTests$TestCase" time="0.0"/>
  <testcase name="repeatedTest(ApplicationContext)[479]" classname="org.springframework.test.context.junit.jupiter.parallel.ParallelExecutionSpringExtensionTests$TestCase" time="0.0"/>
  <testcase name="repeatedTest(ApplicationContext)[480]" classname="org.springframework.test.context.junit.jupiter.parallel.ParallelExecutionSpringExtensionTests$TestCase" time="0.0"/>
  <testcase name="repeatedTest(ApplicationContext)[481]" classname="org.springframework.test.context.junit.jupiter.parallel.ParallelExecutionSpringExtensionTests$TestCase" time="0.0"/>
  <testcase name="repeatedTest(ApplicationContext)[482]" classname="org.springframework.test.context.junit.jupiter.parallel.ParallelExecutionSpringExtensionTests$TestCase" time="0.001"/>
  <testcase name="repeatedTest(ApplicationContext)[483]" classname="org.springframework.test.context.junit.jupiter.parallel.ParallelExecutionSpringExtensionTests$TestCase" time="0.0"/>
  <testcase name="repeatedTest(ApplicationContext)[484]" classname="org.springframework.test.context.junit.jupiter.parallel.ParallelExecutionSpringExtensionTests$TestCase" time="0.0"/>
  <testcase name="repeatedTest(ApplicationContext)[485]" classname="org.springframework.test.context.junit.jupiter.parallel.ParallelExecutionSpringExtensionTests$TestCase" time="0.0"/>
  <testcase name="repeatedTest(ApplicationContext)[486]" classname="org.springframework.test.context.junit.jupiter.parallel.ParallelExecutionSpringExtensionTests$TestCase" time="0.0"/>
  <testcase name="repeatedTest(ApplicationContext)[487]" classname="org.springframework.test.context.junit.jupiter.parallel.ParallelExecutionSpringExtensionTests$TestCase" time="0.001"/>
  <testcase name="repeatedTest(ApplicationContext)[488]" classname="org.springframework.test.context.junit.jupiter.parallel.ParallelExecutionSpringExtensionTests$TestCase" time="0.0"/>
  <testcase name="repeatedTest(ApplicationContext)[489]" classname="org.springframework.test.context.junit.jupiter.parallel.ParallelExecutionSpringExtensionTests$TestCase" time="0.0"/>
  <testcase name="repeatedTest(ApplicationContext)[490]" classname="org.springframework.test.context.junit.jupiter.parallel.ParallelExecutionSpringExtensionTests$TestCase" time="0.0"/>
  <testcase name="repeatedTest(ApplicationContext)[491]" classname="org.springframework.test.context.junit.jupiter.parallel.ParallelExecutionSpringExtensionTests$TestCase" time="0.0"/>
  <testcase name="repeatedTest(ApplicationContext)[492]" classname="org.springframework.test.context.junit.jupiter.parallel.ParallelExecutionSpringExtensionTests$TestCase" time="0.001"/>
  <testcase name="repeatedTest(ApplicationContext)[493]" classname="org.springframework.test.context.junit.jupiter.parallel.ParallelExecutionSpringExtensionTests$TestCase" time="0.0"/>
  <testcase name="repeatedTest(ApplicationContext)[494]" classname="org.springframework.test.context.junit.jupiter.parallel.ParallelExecutionSpringExtensionTests$TestCase" time="0.0"/>
  <testcase name="repeatedTest(ApplicationContext)[495]" classname="org.springframework.test.context.junit.jupiter.parallel.ParallelExecutionSpringExtensionTests$TestCase" time="0.0"/>
  <testcase name="repeatedTest(ApplicationContext)[496]" classname="org.springframework.test.context.junit.jupiter.parallel.ParallelExecutionSpringExtensionTests$TestCase" time="0.0"/>
  <testcase name="repeatedTest(ApplicationContext)[497]" classname="org.springframework.test.context.junit.jupiter.parallel.ParallelExecutionSpringExtensionTests$TestCase" time="0.001"/>
  <testcase name="repeatedTest(ApplicationContext)[498]" classname="org.springframework.test.context.junit.jupiter.parallel.ParallelExecutionSpringExtensionTests$TestCase" time="0.0"/>
  <testcase name="repeatedTest(ApplicationContext)[499]" classname="org.springframework.test.context.junit.jupiter.parallel.ParallelExecutionSpringExtensionTests$TestCase" time="0.0"/>
  <testcase name="repeatedTest(ApplicationContext)[500]" classname="org.springframework.test.context.junit.jupiter.parallel.ParallelExecutionSpringExtensionTests$TestCase" time="0.0"/>
  <testcase name="repeatedTest(ApplicationContext)[501]" classname="org.springframework.test.context.junit.jupiter.parallel.ParallelExecutionSpringExtensionTests$TestCase" time="0.001"/>
  <testcase name="repeatedTest(ApplicationContext)[502]" classname="org.springframework.test.context.junit.jupiter.parallel.ParallelExecutionSpringExtensionTests$TestCase" time="0.0"/>
  <testcase name="repeatedTest(ApplicationContext)[503]" classname="org.springframework.test.context.junit.jupiter.parallel.ParallelExecutionSpringExtensionTests$TestCase" time="0.0"/>
  <testcase name="repeatedTest(ApplicationContext)[504]" classname="org.springframework.test.context.junit.jupiter.parallel.ParallelExecutionSpringExtensionTests$TestCase" time="0.0"/>
  <testcase name="repeatedTest(ApplicationContext)[505]" classname="org.springframework.test.context.junit.jupiter.parallel.ParallelExecutionSpringExtensionTests$TestCase" time="0.0"/>
  <testcase name="repeatedTest(ApplicationContext)[506]" classname="org.springframework.test.context.junit.jupiter.parallel.ParallelExecutionSpringExtensionTests$TestCase" time="0.0"/>
  <testcase name="repeatedTest(ApplicationContext)[507]" classname="org.springframework.test.context.junit.jupiter.parallel.ParallelExecutionSpringExtensionTests$TestCase" time="0.0"/>
  <testcase name="repeatedTest(ApplicationContext)[508]" classname="org.springframework.test.context.junit.jupiter.parallel.ParallelExecutionSpringExtensionTests$TestCase" time="0.0"/>
  <testcase name="repeatedTest(ApplicationContext)[509]" classname="org.springframework.test.context.junit.jupiter.parallel.ParallelExecutionSpringExtensionTests$TestCase" time="0.0"/>
  <testcase name="repeatedTest(ApplicationContext)[510]" classname="org.springframework.test.context.junit.jupiter.parallel.ParallelExecutionSpringExtensionTests$TestCase" time="0.0"/>
  <testcase name="repeatedTest(ApplicationContext)[511]" classname="org.springframework.test.context.junit.jupiter.parallel.ParallelExecutionSpringExtensionTests$TestCase" time="0.0"/>
  <testcase name="repeatedTest(ApplicationContext)[512]" classname="org.springframework.test.context.junit.jupiter.parallel.ParallelExecutionSpringExtensionTests$TestCase" time="0.0"/>
  <testcase name="repeatedTest(ApplicationContext)[513]" classname="org.springframework.test.context.junit.jupiter.parallel.ParallelExecutionSpringExtensionTests$TestCase" time="0.0"/>
  <testcase name="repeatedTest(ApplicationContext)[514]" classname="org.springframework.test.context.junit.jupiter.parallel.ParallelExecutionSpringExtensionTests$TestCase" time="0.0"/>
  <testcase name="repeatedTest(ApplicationContext)[515]" classname="org.springframework.test.context.junit.jupiter.parallel.ParallelExecutionSpringExtensionTests$TestCase" time="0.0"/>
  <testcase name="repeatedTest(ApplicationContext)[516]" classname="org.springframework.test.context.junit.jupiter.parallel.ParallelExecutionSpringExtensionTests$TestCase" time="0.0"/>
  <testcase name="repeatedTest(ApplicationContext)[517]" classname="org.springframework.test.context.junit.jupiter.parallel.ParallelExecutionSpringExtensionTests$TestCase" time="0.001"/>
  <testcase name="repeatedTest(ApplicationContext)[518]" classname="org.springframework.test.context.junit.jupiter.parallel.ParallelExecutionSpringExtensionTests$TestCase" time="0.0"/>
  <testcase name="repeatedTest(ApplicationContext)[519]" classname="org.springframework.test.context.junit.jupiter.parallel.ParallelExecutionSpringExtensionTests$TestCase" time="0.0"/>
  <testcase name="repeatedTest(ApplicationContext)[520]" classname="org.springframework.test.context.junit.jupiter.parallel.ParallelExecutionSpringExtensionTests$TestCase" time="0.0"/>
  <testcase name="repeatedTest(ApplicationContext)[521]" classname="org.springframework.test.context.junit.jupiter.parallel.ParallelExecutionSpringExtensionTests$TestCase" time="0.0"/>
  <testcase name="repeatedTest(ApplicationContext)[522]" classname="org.springframework.test.context.junit.jupiter.parallel.ParallelExecutionSpringExtensionTests$TestCase" time="0.001"/>
  <testcase name="repeatedTest(ApplicationContext)[523]" classname="org.springframework.test.context.junit.jupiter.parallel.ParallelExecutionSpringExtensionTests$TestCase" time="0.0"/>
  <testcase name="repeatedTest(ApplicationContext)[524]" classname="org.springframework.test.context.junit.jupiter.parallel.ParallelExecutionSpringExtensionTests$TestCase" time="0.0"/>
  <testcase name="repeatedTest(ApplicationContext)[525]" classname="org.springframework.test.context.junit.jupiter.parallel.ParallelExecutionSpringExtensionTests$TestCase" time="0.0"/>
  <testcase name="repeatedTest(ApplicationContext)[526]" classname="org.springframework.test.context.junit.jupiter.parallel.ParallelExecutionSpringExtensionTests$TestCase" time="0.0"/>
  <testcase name="repeatedTest(ApplicationContext)[527]" classname="org.springframework.test.context.junit.jupiter.parallel.ParallelExecutionSpringExtensionTests$TestCase" time="0.001"/>
  <testcase name="repeatedTest(ApplicationContext)[528]" classname="org.springframework.test.context.junit.jupiter.parallel.ParallelExecutionSpringExtensionTests$TestCase" time="0.0"/>
  <testcase name="repeatedTest(ApplicationContext)[529]" classname="org.springframework.test.context.junit.jupiter.parallel.ParallelExecutionSpringExtensionTests$TestCase" time="0.0"/>
  <testcase name="repeatedTest(ApplicationContext)[530]" classname="org.springframework.test.context.junit.jupiter.parallel.ParallelExecutionSpringExtensionTests$TestCase" time="0.0"/>
  <testcase name="repeatedTest(ApplicationContext)[531]" classname="org.springframework.test.context.junit.jupiter.parallel.ParallelExecutionSpringExtensionTests$TestCase" time="0.0"/>
  <testcase name="repeatedTest(ApplicationContext)[532]" classname="org.springframework.test.context.junit.jupiter.parallel.ParallelExecutionSpringExtensionTests$TestCase" time="0.0"/>
  <testcase name="repeatedTest(ApplicationContext)[533]" classname="org.springframework.test.context.junit.jupiter.parallel.ParallelExecutionSpringExtensionTests$TestCase" time="0.0"/>
  <testcase name="repeatedTest(ApplicationContext)[534]" classname="org.springframework.test.context.junit.jupiter.parallel.ParallelExecutionSpringExtensionTests$TestCase" time="0.0"/>
  <testcase name="repeatedTest(ApplicationContext)[535]" classname="org.springframework.test.context.junit.jupiter.parallel.ParallelExecutionSpringExtensionTests$TestCase" time="0.0"/>
  <testcase name="repeatedTest(ApplicationContext)[536]" classname="org.springframework.test.context.junit.jupiter.parallel.ParallelExecutionSpringExtensionTests$TestCase" time="0.0"/>
  <testcase name="repeatedTest(ApplicationContext)[537]" classname="org.springframework.test.context.junit.jupiter.parallel.ParallelExecutionSpringExtensionTests$TestCase" time="0.0"/>
  <testcase name="repeatedTest(ApplicationContext)[538]" classname="org.springframework.test.context.junit.jupiter.parallel.ParallelExecutionSpringExtensionTests$TestCase" time="0.001"/>
  <testcase name="repeatedTest(ApplicationContext)[539]" classname="org.springframework.test.context.junit.jupiter.parallel.ParallelExecutionSpringExtensionTests$TestCase" time="0.0"/>
  <testcase name="repeatedTest(ApplicationContext)[540]" classname="org.springframework.test.context.junit.jupiter.parallel.ParallelExecutionSpringExtensionTests$TestCase" time="0.0"/>
  <testcase name="repeatedTest(ApplicationContext)[541]" classname="org.springframework.test.context.junit.jupiter.parallel.ParallelExecutionSpringExtensionTests$TestCase" time="0.0"/>
  <testcase name="repeatedTest(ApplicationContext)[542]" classname="org.springframework.test.context.junit.jupiter.parallel.ParallelExecutionSpringExtensionTests$TestCase" time="0.0"/>
  <testcase name="repeatedTest(ApplicationContext)[543]" classname="org.springframework.test.context.junit.jupiter.parallel.ParallelExecutionSpringExtensionTests$TestCase" time="0.001"/>
  <testcase name="repeatedTest(ApplicationContext)[544]" classname="org.springframework.test.context.junit.jupiter.parallel.ParallelExecutionSpringExtensionTests$TestCase" time="0.0"/>
  <testcase name="repeatedTest(ApplicationContext)[545]" classname="org.springframework.test.context.junit.jupiter.parallel.ParallelExecutionSpringExtensionTests$TestCase" time="0.0"/>
  <testcase name="repeatedTest(ApplicationContext)[546]" classname="org.springframework.test.context.junit.jupiter.parallel.ParallelExecutionSpringExtensionTests$TestCase" time="0.0"/>
  <testcase name="repeatedTest(ApplicationContext)[547]" classname="org.springframework.test.context.junit.jupiter.parallel.ParallelExecutionSpringExtensionTests$TestCase" time="0.0"/>
  <testcase name="repeatedTest(ApplicationContext)[548]" classname="org.springframework.test.context.junit.jupiter.parallel.ParallelExecutionSpringExtensionTests$TestCase" time="0.001"/>
  <testcase name="repeatedTest(ApplicationContext)[549]" classname="org.springframework.test.context.junit.jupiter.parallel.ParallelExecutionSpringExtensionTests$TestCase" time="0.0"/>
  <testcase name="repeatedTest(ApplicationContext)[550]" classname="org.springframework.test.context.junit.jupiter.parallel.ParallelExecutionSpringExtensionTests$TestCase" time="0.0"/>
  <testcase name="repeatedTest(ApplicationContext)[551]" classname="org.springframework.test.context.junit.jupiter.parallel.ParallelExecutionSpringExtensionTests$TestCase" time="0.0"/>
  <testcase name="repeatedTest(ApplicationContext)[552]" classname="org.springframework.test.context.junit.jupiter.parallel.ParallelExecutionSpringExtensionTests$TestCase" time="0.0"/>
  <testcase name="repeatedTest(ApplicationContext)[553]" classname="org.springframework.test.context.junit.jupiter.parallel.ParallelExecutionSpringExtensionTests$TestCase" time="0.0"/>
  <testcase name="repeatedTest(ApplicationContext)[554]" classname="org.springframework.test.context.junit.jupiter.parallel.ParallelExecutionSpringExtensionTests$TestCase" time="0.0"/>
  <testcase name="repeatedTest(ApplicationContext)[555]" classname="org.springframework.test.context.junit.jupiter.parallel.ParallelExecutionSpringExtensionTests$TestCase" time="0.0"/>
  <testcase name="repeatedTest(ApplicationContext)[556]" classname="org.springframework.test.context.junit.jupiter.parallel.ParallelExecutionSpringExtensionTests$TestCase" time="0.0"/>
  <testcase name="repeatedTest(ApplicationContext)[557]" classname="org.springframework.test.context.junit.jupiter.parallel.ParallelExecutionSpringExtensionTests$TestCase" time="0.0"/>
  <testcase name="repeatedTest(ApplicationContext)[558]" classname="org.springframework.test.context.junit.jupiter.parallel.ParallelExecutionSpringExtensionTests$TestCase" time="0.0"/>
  <testcase name="repeatedTest(ApplicationContext)[559]" classname="org.springframework.test.context.junit.jupiter.parallel.ParallelExecutionSpringExtensionTests$TestCase" time="0.0"/>
  <testcase name="repeatedTest(ApplicationContext)[560]" classname="org.springframework.test.context.junit.jupiter.parallel.ParallelExecutionSpringExtensionTests$TestCase" time="0.0"/>
  <testcase name="repeatedTest(ApplicationContext)[561]" classname="org.springframework.test.context.junit.jupiter.parallel.ParallelExecutionSpringExtensionTests$TestCase" time="0.0"/>
  <testcase name="repeatedTest(ApplicationContext)[562]" classname="org.springframework.test.context.junit.jupiter.parallel.ParallelExecutionSpringExtensionTests$TestCase" time="0.0"/>
  <testcase name="repeatedTest(ApplicationContext)[563]" classname="org.springframework.test.context.junit.jupiter.parallel.ParallelExecutionSpringExtensionTests$TestCase" time="0.0"/>
  <testcase name="repeatedTest(ApplicationContext)[564]" classname="org.springframework.test.context.junit.jupiter.parallel.ParallelExecutionSpringExtensionTests$TestCase" time="0.001"/>
  <testcase name="repeatedTest(ApplicationContext)[565]" classname="org.springframework.test.context.junit.jupiter.parallel.ParallelExecutionSpringExtensionTests$TestCase" time="0.0"/>
  <testcase name="repeatedTest(ApplicationContext)[566]" classname="org.springframework.test.context.junit.jupiter.parallel.ParallelExecutionSpringExtensionTests$TestCase" time="0.0"/>
  <testcase name="repeatedTest(ApplicationContext)[567]" classname="org.springframework.test.context.junit.jupiter.parallel.ParallelExecutionSpringExtensionTests$TestCase" time="0.0"/>
  <testcase name="repeatedTest(ApplicationContext)[568]" classname="org.springframework.test.context.junit.jupiter.parallel.ParallelExecutionSpringExtensionTests$TestCase" time="0.0"/>
  <testcase name="repeatedTest(ApplicationContext)[569]" classname="org.springframework.test.context.junit.jupiter.parallel.ParallelExecutionSpringExtensionTests$TestCase" time="0.001"/>
  <testcase name="repeatedTest(ApplicationContext)[570]" classname="org.springframework.test.context.junit.jupiter.parallel.ParallelExecutionSpringExtensionTests$TestCase" time="0.0"/>
  <testcase name="repeatedTest(ApplicationContext)[571]" classname="org.springframework.test.context.junit.jupiter.parallel.ParallelExecutionSpringExtensionTests$TestCase" time="0.0"/>
  <testcase name="repeatedTest(ApplicationContext)[572]" classname="org.springframework.test.context.junit.jupiter.parallel.ParallelExecutionSpringExtensionTests$TestCase" time="0.0"/>
  <testcase name="repeatedTest(ApplicationContext)[573]" classname="org.springframework.test.context.junit.jupiter.parallel.ParallelExecutionSpringExtensionTests$TestCase" time="0.0"/>
  <testcase name="repeatedTest(ApplicationContext)[574]" classname="org.springframework.test.context.junit.jupiter.parallel.ParallelExecutionSpringExtensionTests$TestCase" time="0.001"/>
  <testcase name="repeatedTest(ApplicationContext)[575]" classname="org.springframework.test.context.junit.jupiter.parallel.ParallelExecutionSpringExtensionTests$TestCase" time="0.0"/>
  <testcase name="repeatedTest(ApplicationContext)[576]" classname="org.springframework.test.context.junit.jupiter.parallel.ParallelExecutionSpringExtensionTests$TestCase" time="0.0"/>
  <testcase name="repeatedTest(ApplicationContext)[577]" classname="org.springframework.test.context.junit.jupiter.parallel.ParallelExecutionSpringExtensionTests$TestCase" time="0.0"/>
  <testcase name="repeatedTest(ApplicationContext)[578]" classname="org.springframework.test.context.junit.jupiter.parallel.ParallelExecutionSpringExtensionTests$TestCase" time="0.0"/>
  <testcase name="repeatedTest(ApplicationContext)[579]" classname="org.springframework.test.context.junit.jupiter.parallel.ParallelExecutionSpringExtensionTests$TestCase" time="0.0"/>
  <testcase name="repeatedTest(ApplicationContext)[580]" classname="org.springframework.test.context.junit.jupiter.parallel.ParallelExecutionSpringExtensionTests$TestCase" time="0.0"/>
  <testcase name="repeatedTest(ApplicationContext)[581]" classname="org.springframework.test.context.junit.jupiter.parallel.ParallelExecutionSpringExtensionTests$TestCase" time="0.0"/>
  <testcase name="repeatedTest(ApplicationContext)[582]" classname="org.springframework.test.context.junit.jupiter.parallel.ParallelExecutionSpringExtensionTests$TestCase" time="0.0"/>
  <testcase name="repeatedTest(ApplicationContext)[583]" classname="org.springframework.test.context.junit.jupiter.parallel.ParallelExecutionSpringExtensionTests$TestCase" time="0.0"/>
  <testcase name="repeatedTest(ApplicationContext)[584]" classname="org.springframework.test.context.junit.jupiter.parallel.ParallelExecutionSpringExtensionTests$TestCase" time="0.0"/>
  <testcase name="repeatedTest(ApplicationContext)[585]" classname="org.springframework.test.context.junit.jupiter.parallel.ParallelExecutionSpringExtensionTests$TestCase" time="0.001"/>
  <testcase name="repeatedTest(ApplicationContext)[586]" classname="org.springframework.test.context.junit.jupiter.parallel.ParallelExecutionSpringExtensionTests$TestCase" time="0.0"/>
  <testcase name="repeatedTest(ApplicationContext)[587]" classname="org.springframework.test.context.junit.jupiter.parallel.ParallelExecutionSpringExtensionTests$TestCase" time="0.0"/>
  <testcase name="repeatedTest(ApplicationContext)[588]" classname="org.springframework.test.context.junit.jupiter.parallel.ParallelExecutionSpringExtensionTests$TestCase" time="0.0"/>
  <testcase name="repeatedTest(ApplicationContext)[589]" classname="org.springframework.test.context.junit.jupiter.parallel.ParallelExecutionSpringExtensionTests$TestCase" time="0.0"/>
  <testcase name="repeatedTest(ApplicationContext)[590]" classname="org.springframework.test.context.junit.jupiter.parallel.ParallelExecutionSpringExtensionTests$TestCase" time="0.001"/>
  <testcase name="repeatedTest(ApplicationContext)[591]" classname="org.springframework.test.context.junit.jupiter.parallel.ParallelExecutionSpringExtensionTests$TestCase" time="0.0"/>
  <testcase name="repeatedTest(ApplicationContext)[592]" classname="org.springframework.test.context.junit.jupiter.parallel.ParallelExecutionSpringExtensionTests$TestCase" time="0.0"/>
  <testcase name="repeatedTest(ApplicationContext)[593]" classname="org.springframework.test.context.junit.jupiter.parallel.ParallelExecutionSpringExtensionTests$TestCase" time="0.0"/>
  <testcase name="repeatedTest(ApplicationContext)[594]" classname="org.springframework.test.context.junit.jupiter.parallel.ParallelExecutionSpringExtensionTests$TestCase" time="0.0"/>
  <testcase name="repeatedTest(ApplicationContext)[595]" classname="org.springframework.test.context.junit.jupiter.parallel.ParallelExecutionSpringExtensionTests$TestCase" time="0.001"/>
  <testcase name="repeatedTest(ApplicationContext)[596]" classname="org.springframework.test.context.junit.jupiter.parallel.ParallelExecutionSpringExtensionTests$TestCase" time="0.0"/>
  <testcase name="repeatedTest(ApplicationContext)[597]" classname="org.springframework.test.context.junit.jupiter.parallel.ParallelExecutionSpringExtensionTests$TestCase" time="0.0"/>
  <testcase name="repeatedTest(ApplicationContext)[598]" classname="org.springframework.test.context.junit.jupiter.parallel.ParallelExecutionSpringExtensionTests$TestCase" time="0.0"/>
  <testcase name="repeatedTest(ApplicationContext)[599]" classname="org.springframework.test.context.junit.jupiter.parallel.ParallelExecutionSpringExtensionTests$TestCase" time="0.0"/>
  <testcase name="repeatedTest(ApplicationContext)[600]" classname="org.springframework.test.context.junit.jupiter.parallel.ParallelExecutionSpringExtensionTests$TestCase" time="0.001"/>
  <testcase name="repeatedTest(ApplicationContext)[601]" classname="org.springframework.test.context.junit.jupiter.parallel.ParallelExecutionSpringExtensionTests$TestCase" time="0.0"/>
  <testcase name="repeatedTest(ApplicationContext)[602]" classname="org.springframework.test.context.junit.jupiter.parallel.ParallelExecutionSpringExtensionTests$TestCase" time="0.0"/>
  <testcase name="repeatedTest(ApplicationContext)[603]" classname="org.springframework.test.context.junit.jupiter.parallel.ParallelExecutionSpringExtensionTests$TestCase" time="0.0"/>
  <testcase name="repeatedTest(ApplicationContext)[604]" classname="org.springframework.test.context.junit.jupiter.parallel.ParallelExecutionSpringExtensionTests$TestCase" time="0.0"/>
  <testcase name="repeatedTest(ApplicationContext)[605]" classname="org.springframework.test.context.junit.jupiter.parallel.ParallelExecutionSpringExtensionTests$TestCase" time="0.001"/>
  <testcase name="repeatedTest(ApplicationContext)[606]" classname="org.springframework.test.context.junit.jupiter.parallel.ParallelExecutionSpringExtensionTests$TestCase" time="0.0"/>
  <testcase name="repeatedTest(ApplicationContext)[607]" classname="org.springframework.test.context.junit.jupiter.parallel.ParallelExecutionSpringExtensionTests$TestCase" time="0.0"/>
  <testcase name="repeatedTest(ApplicationContext)[608]" classname="org.springframework.test.context.junit.jupiter.parallel.ParallelExecutionSpringExtensionTests$TestCase" time="0.0"/>
  <testcase name="repeatedTest(ApplicationContext)[609]" classname="org.springframework.test.context.junit.jupiter.parallel.ParallelExecutionSpringExtensionTests$TestCase" time="0.0"/>
  <testcase name="repeatedTest(ApplicationContext)[610]" classname="org.springframework.test.context.junit.jupiter.parallel.ParallelExecutionSpringExtensionTests$TestCase" time="0.0"/>
  <testcase name="repeatedTest(ApplicationContext)[611]" classname="org.springframework.test.context.junit.jupiter.parallel.ParallelExecutionSpringExtensionTests$TestCase" time="0.0"/>
  <testcase name="repeatedTest(ApplicationContext)[612]" classname="org.springframework.test.context.junit.jupiter.parallel.ParallelExecutionSpringExtensionTests$TestCase" time="0.0"/>
  <testcase name="repeatedTest(ApplicationContext)[613]" classname="org.springframework.test.context.junit.jupiter.parallel.ParallelExecutionSpringExtensionTests$TestCase" time="0.0"/>
  <testcase name="repeatedTest(ApplicationContext)[614]" classname="org.springframework.test.context.junit.jupiter.parallel.ParallelExecutionSpringExtensionTests$TestCase" time="0.0"/>
  <testcase name="repeatedTest(ApplicationContext)[615]" classname="org.springframework.test.context.junit.jupiter.parallel.ParallelExecutionSpringExtensionTests$TestCase" time="0.001"/>
  <testcase name="repeatedTest(ApplicationContext)[616]" classname="org.springframework.test.context.junit.jupiter.parallel.ParallelExecutionSpringExtensionTests$TestCase" time="0.0"/>
  <testcase name="repeatedTest(ApplicationContext)[617]" classname="org.springframework.test.context.junit.jupiter.parallel.ParallelExecutionSpringExtensionTests$TestCase" time="0.0"/>
  <testcase name="repeatedTest(ApplicationContext)[618]" classname="org.springframework.test.context.junit.jupiter.parallel.ParallelExecutionSpringExtensionTests$TestCase" time="0.0"/>
  <testcase name="repeatedTest(ApplicationContext)[619]" classname="org.springframework.test.context.junit.jupiter.parallel.ParallelExecutionSpringExtensionTests$TestCase" time="0.0"/>
  <testcase name="repeatedTest(ApplicationContext)[620]" classname="org.springframework.test.context.junit.jupiter.parallel.ParallelExecutionSpringExtensionTests$TestCase" time="0.001"/>
  <testcase name="repeatedTest(ApplicationContext)[621]" classname="org.springframework.test.context.junit.jupiter.parallel.ParallelExecutionSpringExtensionTests$TestCase" time="0.0"/>
  <testcase name="repeatedTest(ApplicationContext)[622]" classname="org.springframework.test.context.junit.jupiter.parallel.ParallelExecutionSpringExtensionTests$TestCase" time="0.0"/>
  <testcase name="repeatedTest(ApplicationContext)[623]" classname="org.springframework.test.context.junit.jupiter.parallel.ParallelExecutionSpringExtensionTests$TestCase" time="0.0"/>
  <testcase name="repeatedTest(ApplicationContext)[624]" classname="org.springframework.test.context.junit.jupiter.parallel.ParallelExecutionSpringExtensionTests$TestCase" time="0.0"/>
  <testcase name="repeatedTest(ApplicationContext)[625]" classname="org.springframework.test.context.junit.jupiter.parallel.ParallelExecutionSpringExtensionTests$TestCase" time="0.001"/>
  <testcase name="repeatedTest(ApplicationContext)[626]" classname="org.springframework.test.context.junit.jupiter.parallel.ParallelExecutionSpringExtensionTests$TestCase" time="0.0"/>
  <testcase name="repeatedTest(ApplicationContext)[627]" classname="org.springframework.test.context.junit.jupiter.parallel.ParallelExecutionSpringExtensionTests$TestCase" time="0.0"/>
  <testcase name="repeatedTest(ApplicationContext)[628]" classname="org.springframework.test.context.junit.jupiter.parallel.ParallelExecutionSpringExtensionTests$TestCase" time="0.0"/>
  <testcase name="repeatedTest(ApplicationContext)[629]" classname="org.springframework.test.context.junit.jupiter.parallel.ParallelExecutionSpringExtensionTests$TestCase" time="0.0"/>
  <testcase name="repeatedTest(ApplicationContext)[630]" classname="org.springframework.test.context.junit.jupiter.parallel.ParallelExecutionSpringExtensionTests$TestCase" time="0.001"/>
  <testcase name="repeatedTest(ApplicationContext)[631]" classname="org.springframework.test.context.junit.jupiter.parallel.ParallelExecutionSpringExtensionTests$TestCase" time="0.0"/>
  <testcase name="repeatedTest(ApplicationContext)[632]" classname="org.springframework.test.context.junit.jupiter.parallel.ParallelExecutionSpringExtensionTests$TestCase" time="0.0"/>
  <testcase name="repeatedTest(ApplicationContext)[633]" classname="org.springframework.test.context.junit.jupiter.parallel.ParallelExecutionSpringExtensionTests$TestCase" time="0.0"/>
  <testcase name="repeatedTest(ApplicationContext)[634]" classname="org.springframework.test.context.junit.jupiter.parallel.ParallelExecutionSpringExtensionTests$TestCase" time="0.0"/>
  <testcase name="repeatedTest(ApplicationContext)[635]" classname="org.springframework.test.context.junit.jupiter.parallel.ParallelExecutionSpringExtensionTests$TestCase" time="0.001"/>
  <testcase name="repeatedTest(ApplicationContext)[636]" classname="org.springframework.test.context.junit.jupiter.parallel.ParallelExecutionSpringExtensionTests$TestCase" time="0.0"/>
  <testcase name="repeatedTest(ApplicationContext)[637]" classname="org.springframework.test.context.junit.jupiter.parallel.ParallelExecutionSpringExtensionTests$TestCase" time="0.0"/>
  <testcase name="repeatedTest(ApplicationContext)[638]" classname="org.springframework.test.context.junit.jupiter.parallel.ParallelExecutionSpringExtensionTests$TestCase" time="0.0"/>
  <testcase name="repeatedTest(ApplicationContext)[639]" classname="org.springframework.test.context.junit.jupiter.parallel.ParallelExecutionSpringExtensionTests$TestCase" time="0.0"/>
  <testcase name="repeatedTest(ApplicationContext)[640]" classname="org.springframework.test.context.junit.jupiter.parallel.ParallelExecutionSpringExtensionTests$TestCase" time="0.0"/>
  <testcase name="repeatedTest(ApplicationContext)[641]" classname="org.springframework.test.context.junit.jupiter.parallel.ParallelExecutionSpringExtensionTests$TestCase" time="0.0"/>
  <testcase name="repeatedTest(ApplicationContext)[642]" classname="org.springframework.test.context.junit.jupiter.parallel.ParallelExecutionSpringExtensionTests$TestCase" time="0.0"/>
  <testcase name="repeatedTest(ApplicationContext)[643]" classname="org.springframework.test.context.junit.jupiter.parallel.ParallelExecutionSpringExtensionTests$TestCase" time="0.0"/>
  <testcase name="repeatedTest(ApplicationContext)[644]" classname="org.springframework.test.context.junit.jupiter.parallel.ParallelExecutionSpringExtensionTests$TestCase" time="0.0"/>
  <testcase name="repeatedTest(ApplicationContext)[645]" classname="org.springframework.test.context.junit.jupiter.parallel.ParallelExecutionSpringExtensionTests$TestCase" time="0.001"/>
  <testcase name="repeatedTest(ApplicationContext)[646]" classname="org.springframework.test.context.junit.jupiter.parallel.ParallelExecutionSpringExtensionTests$TestCase" time="0.0"/>
  <testcase name="repeatedTest(ApplicationContext)[647]" classname="org.springframework.test.context.junit.jupiter.parallel.ParallelExecutionSpringExtensionTests$TestCase" time="0.0"/>
  <testcase name="repeatedTest(ApplicationContext)[648]" classname="org.springframework.test.context.junit.jupiter.parallel.ParallelExecutionSpringExtensionTests$TestCase" time="0.0"/>
  <testcase name="repeatedTest(ApplicationContext)[649]" classname="org.springframework.test.context.junit.jupiter.parallel.ParallelExecutionSpringExtensionTests$TestCase" time="0.0"/>
  <testcase name="repeatedTest(ApplicationContext)[650]" classname="org.springframework.test.context.junit.jupiter.parallel.ParallelExecutionSpringExtensionTests$TestCase" time="0.0"/>
  <testcase name="repeatedTest(ApplicationContext)[651]" classname="org.springframework.test.context.junit.jupiter.parallel.ParallelExecutionSpringExtensionTests$TestCase" time="0.0"/>
  <testcase name="repeatedTest(ApplicationContext)[652]" classname="org.springframework.test.context.junit.jupiter.parallel.ParallelExecutionSpringExtensionTests$TestCase" time="0.0"/>
  <testcase name="repeatedTest(ApplicationContext)[653]" classname="org.springframework.test.context.junit.jupiter.parallel.ParallelExecutionSpringExtensionTests$TestCase" time="0.0"/>
  <testcase name="repeatedTest(ApplicationContext)[654]" classname="org.springframework.test.context.junit.jupiter.parallel.ParallelExecutionSpringExtensionTests$TestCase" time="0.0"/>
  <testcase name="repeatedTest(ApplicationContext)[655]" classname="org.springframework.test.context.junit.jupiter.parallel.ParallelExecutionSpringExtensionTests$TestCase" time="0.0"/>
  <testcase name="repeatedTest(ApplicationContext)[656]" classname="org.springframework.test.context.junit.jupiter.parallel.ParallelExecutionSpringExtensionTests$TestCase" time="0.0"/>
  <testcase name="repeatedTest(ApplicationContext)[657]" classname="org.springframework.test.context.junit.jupiter.parallel.ParallelExecutionSpringExtensionTests$TestCase" time="0.0"/>
  <testcase name="repeatedTest(ApplicationContext)[658]" classname="org.springframework.test.context.junit.jupiter.parallel.ParallelExecutionSpringExtensionTests$TestCase" time="0.0"/>
  <testcase name="repeatedTest(ApplicationContext)[659]" classname="org.springframework.test.context.junit.jupiter.parallel.ParallelExecutionSpringExtensionTests$TestCase" time="0.0"/>
  <testcase name="repeatedTest(ApplicationContext)[660]" classname="org.springframework.test.context.junit.jupiter.parallel.ParallelExecutionSpringExtensionTests$TestCase" time="0.0"/>
  <testcase name="repeatedTest(ApplicationContext)[661]" classname="org.springframework.test.context.junit.jupiter.parallel.ParallelExecutionSpringExtensionTests$TestCase" time="0.001"/>
  <testcase name="repeatedTest(ApplicationContext)[662]" classname="org.springframework.test.context.junit.jupiter.parallel.ParallelExecutionSpringExtensionTests$TestCase" time="0.0"/>
  <testcase name="repeatedTest(ApplicationContext)[663]" classname="org.springframework.test.context.junit.jupiter.parallel.ParallelExecutionSpringExtensionTests$TestCase" time="0.0"/>
  <testcase name="repeatedTest(ApplicationContext)[664]" classname="org.springframework.test.context.junit.jupiter.parallel.ParallelExecutionSpringExtensionTests$TestCase" time="0.0"/>
  <testcase name="repeatedTest(ApplicationContext)[665]" classname="org.springframework.test.context.junit.jupiter.parallel.ParallelExecutionSpringExtensionTests$TestCase" time="0.0"/>
  <testcase name="repeatedTest(ApplicationContext)[666]" classname="org.springframework.test.context.junit.jupiter.parallel.ParallelExecutionSpringExtensionTests$TestCase" time="0.001"/>
  <testcase name="repeatedTest(ApplicationContext)[667]" classname="org.springframework.test.context.junit.jupiter.parallel.ParallelExecutionSpringExtensionTests$TestCase" time="0.0"/>
  <testcase name="repeatedTest(ApplicationContext)[668]" classname="org.springframework.test.context.junit.jupiter.parallel.ParallelExecutionSpringExtensionTests$TestCase" time="0.0"/>
  <testcase name="repeatedTest(ApplicationContext)[669]" classname="org.springframework.test.context.junit.jupiter.parallel.ParallelExecutionSpringExtensionTests$TestCase" time="0.0"/>
  <testcase name="repeatedTest(ApplicationContext)[670]" classname="org.springframework.test.context.junit.jupiter.parallel.ParallelExecutionSpringExtensionTests$TestCase" time="0.0"/>
  <testcase name="repeatedTest(ApplicationContext)[671]" classname="org.springframework.test.context.junit.jupiter.parallel.ParallelExecutionSpringExtensionTests$TestCase" time="0.001"/>
  <testcase name="repeatedTest(ApplicationContext)[672]" classname="org.springframework.test.context.junit.jupiter.parallel.ParallelExecutionSpringExtensionTests$TestCase" time="0.0"/>
  <testcase name="repeatedTest(ApplicationContext)[673]" classname="org.springframework.test.context.junit.jupiter.parallel.ParallelExecutionSpringExtensionTests$TestCase" time="0.0"/>
  <testcase name="repeatedTest(ApplicationContext)[674]" classname="org.springframework.test.context.junit.jupiter.parallel.ParallelExecutionSpringExtensionTests$TestCase" time="0.0"/>
  <testcase name="repeatedTest(ApplicationContext)[675]" classname="org.springframework.test.context.junit.jupiter.parallel.ParallelExecutionSpringExtensionTests$TestCase" time="0.0"/>
  <testcase name="repeatedTest(ApplicationContext)[676]" classname="org.springframework.test.context.junit.jupiter.parallel.ParallelExecutionSpringExtensionTests$TestCase" time="0.0"/>
  <testcase name="repeatedTest(ApplicationContext)[677]" classname="org.springframework.test.context.junit.jupiter.parallel.ParallelExecutionSpringExtensionTests$TestCase" time="0.0"/>
  <testcase name="repeatedTest(ApplicationContext)[678]" classname="org.springframework.test.context.junit.jupiter.parallel.ParallelExecutionSpringExtensionTests$TestCase" time="0.0"/>
  <testcase name="repeatedTest(ApplicationContext)[679]" classname="org.springframework.test.context.junit.jupiter.parallel.ParallelExecutionSpringExtensionTests$TestCase" time="0.0"/>
  <testcase name="repeatedTest(ApplicationContext)[680]" classname="org.springframework.test.context.junit.jupiter.parallel.ParallelExecutionSpringExtensionTests$TestCase" time="0.0"/>
  <testcase name="repeatedTest(ApplicationContext)[681]" classname="org.springframework.test.context.junit.jupiter.parallel.ParallelExecutionSpringExtensionTests$TestCase" time="0.0"/>
  <testcase name="repeatedTest(ApplicationContext)[682]" classname="org.springframework.test.context.junit.jupiter.parallel.ParallelExecutionSpringExtensionTests$TestCase" time="0.0"/>
  <testcase name="repeatedTest(ApplicationContext)[683]" classname="org.springframework.test.context.junit.jupiter.parallel.ParallelExecutionSpringExtensionTests$TestCase" time="0.0"/>
  <testcase name="repeatedTest(ApplicationContext)[684]" classname="org.springframework.test.context.junit.jupiter.parallel.ParallelExecutionSpringExtensionTests$TestCase" time="0.0"/>
  <testcase name="repeatedTest(ApplicationContext)[685]" classname="org.springframework.test.context.junit.jupiter.parallel.ParallelExecutionSpringExtensionTests$TestCase" time="0.0"/>
  <testcase name="repeatedTest(ApplicationContext)[686]" classname="org.springframework.test.context.junit.jupiter.parallel.ParallelExecutionSpringExtensionTests$TestCase" time="0.0"/>
  <testcase name="repeatedTest(ApplicationContext)[687]" classname="org.springframework.test.context.junit.jupiter.parallel.ParallelExecutionSpringExtensionTests$TestCase" time="0.001"/>
  <testcase name="repeatedTest(ApplicationContext)[688]" classname="org.springframework.test.context.junit.jupiter.parallel.ParallelExecutionSpringExtensionTests$TestCase" time="0.0"/>
  <testcase name="repeatedTest(ApplicationContext)[689]" classname="org.springframework.test.context.junit.jupiter.parallel.ParallelExecutionSpringExtensionTests$TestCase" time="0.0"/>
  <testcase name="repeatedTest(ApplicationContext)[690]" classname="org.springframework.test.context.junit.jupiter.parallel.ParallelExecutionSpringExtensionTests$TestCase" time="0.0"/>
  <testcase name="repeatedTest(ApplicationContext)[691]" classname="org.springframework.test.context.junit.jupiter.parallel.ParallelExecutionSpringExtensionTests$TestCase" time="0.0"/>
  <testcase name="repeatedTest(ApplicationContext)[692]" classname="org.springframework.test.context.junit.jupiter.parallel.ParallelExecutionSpringExtensionTests$TestCase" time="0.001"/>
  <testcase name="repeatedTest(ApplicationContext)[693]" classname="org.springframework.test.context.junit.jupiter.parallel.ParallelExecutionSpringExtensionTests$TestCase" time="0.0"/>
  <testcase name="repeatedTest(ApplicationContext)[694]" classname="org.springframework.test.context.junit.jupiter.parallel.ParallelExecutionSpringExtensionTests$TestCase" time="0.0"/>
  <testcase name="repeatedTest(ApplicationContext)[695]" classname="org.springframework.test.context.junit.jupiter.parallel.ParallelExecutionSpringExtensionTests$TestCase" time="0.0"/>
  <testcase name="repeatedTest(ApplicationContext)[696]" classname="org.springframework.test.context.junit.jupiter.parallel.ParallelExecutionSpringExtensionTests$TestCase" time="0.0"/>
  <testcase name="repeatedTest(ApplicationContext)[697]" classname="org.springframework.test.context.junit.jupiter.parallel.ParallelExecutionSpringExtensionTests$TestCase" time="0.001"/>
  <testcase name="repeatedTest(ApplicationContext)[698]" classname="org.springframework.test.context.junit.jupiter.parallel.ParallelExecutionSpringExtensionTests$TestCase" time="0.0"/>
  <testcase name="repeatedTest(ApplicationContext)[699]" classname="org.springframework.test.context.junit.jupiter.parallel.ParallelExecutionSpringExtensionTests$TestCase" time="0.0"/>
  <testcase name="repeatedTest(ApplicationContext)[700]" classname="org.springframework.test.context.junit.jupiter.parallel.ParallelExecutionSpringExtensionTests$TestCase" time="0.0"/>
  <testcase name="repeatedTest(ApplicationContext)[701]" classname="org.springframework.test.context.junit.jupiter.parallel.ParallelExecutionSpringExtensionTests$TestCase" time="0.0"/>
  <testcase name="repeatedTest(ApplicationContext)[702]" classname="org.springframework.test.context.junit.jupiter.parallel.ParallelExecutionSpringExtensionTests$TestCase" time="0.0"/>
  <testcase name="repeatedTest(ApplicationContext)[703]" classname="org.springframework.test.context.junit.jupiter.parallel.ParallelExecutionSpringExtensionTests$TestCase" time="0.0"/>
  <testcase name="repeatedTest(ApplicationContext)[704]" classname="org.springframework.test.context.junit.jupiter.parallel.ParallelExecutionSpringExtensionTests$TestCase" time="0.0"/>
  <testcase name="repeatedTest(ApplicationContext)[705]" classname="org.springframework.test.context.junit.jupiter.parallel.ParallelExecutionSpringExtensionTests$TestCase" time="0.0"/>
  <testcase name="repeatedTest(ApplicationContext)[706]" classname="org.springframework.test.context.junit.jupiter.parallel.ParallelExecutionSpringExtensionTests$TestCase" time="0.0"/>
  <testcase name="repeatedTest(ApplicationContext)[707]" classname="org.springframework.test.context.junit.jupiter.parallel.ParallelExecutionSpringExtensionTests$TestCase" time="0.0"/>
  <testcase name="repeatedTest(ApplicationContext)[708]" classname="org.springframework.test.context.junit.jupiter.parallel.ParallelExecutionSpringExtensionTests$TestCase" time="0.001"/>
  <testcase name="repeatedTest(ApplicationContext)[709]" classname="org.springframework.test.context.junit.jupiter.parallel.ParallelExecutionSpringExtensionTests$TestCase" time="0.0"/>
  <testcase name="repeatedTest(ApplicationContext)[710]" classname="org.springframework.test.context.junit.jupiter.parallel.ParallelExecutionSpringExtensionTests$TestCase" time="0.0"/>
  <testcase name="repeatedTest(ApplicationContext)[711]" classname="org.springframework.test.context.junit.jupiter.parallel.ParallelExecutionSpringExtensionTests$TestCase" time="0.0"/>
  <testcase name="repeatedTest(ApplicationContext)[712]" classname="org.springframework.test.context.junit.jupiter.parallel.ParallelExecutionSpringExtensionTests$TestCase" time="0.0"/>
  <testcase name="repeatedTest(ApplicationContext)[713]" classname="org.springframework.test.context.junit.jupiter.parallel.ParallelExecutionSpringExtensionTests$TestCase" time="0.001"/>
  <testcase name="repeatedTest(ApplicationContext)[714]" classname="org.springframework.test.context.junit.jupiter.parallel.ParallelExecutionSpringExtensionTests$TestCase" time="0.0"/>
  <testcase name="repeatedTest(ApplicationContext)[715]" classname="org.springframework.test.context.junit.jupiter.parallel.ParallelExecutionSpringExtensionTests$TestCase" time="0.0"/>
  <testcase name="repeatedTest(ApplicationContext)[716]" classname="org.springframework.test.context.junit.jupiter.parallel.ParallelExecutionSpringExtensionTests$TestCase" time="0.0"/>
  <testcase name="repeatedTest(ApplicationContext)[717]" classname="org.springframework.test.context.junit.jupiter.parallel.ParallelExecutionSpringExtensionTests$TestCase" time="0.0"/>
  <testcase name="repeatedTest(ApplicationContext)[718]" classname="org.springframework.test.context.junit.jupiter.parallel.ParallelExecutionSpringExtensionTests$TestCase" time="0.001"/>
  <testcase name="repeatedTest(ApplicationContext)[719]" classname="org.springframework.test.context.junit.jupiter.parallel.ParallelExecutionSpringExtensionTests$TestCase" time="0.0"/>
  <testcase name="repeatedTest(ApplicationContext)[720]" classname="org.springframework.test.context.junit.jupiter.parallel.ParallelExecutionSpringExtensionTests$TestCase" time="0.0"/>
  <testcase name="repeatedTest(ApplicationContext)[721]" classname="org.springframework.test.context.junit.jupiter.parallel.ParallelExecutionSpringExtensionTests$TestCase" time="0.0"/>
  <testcase name="repeatedTest(ApplicationContext)[722]" classname="org.springframework.test.context.junit.jupiter.parallel.ParallelExecutionSpringExtensionTests$TestCase" time="0.0"/>
  <testcase name="repeatedTest(ApplicationContext)[723]" classname="org.springframework.test.context.junit.jupiter.parallel.ParallelExecutionSpringExtensionTests$TestCase" time="0.0"/>
  <testcase name="repeatedTest(ApplicationContext)[724]" classname="org.springframework.test.context.junit.jupiter.parallel.ParallelExecutionSpringExtensionTests$TestCase" time="0.0"/>
  <testcase name="repeatedTest(ApplicationContext)[725]" classname="org.springframework.test.context.junit.jupiter.parallel.ParallelExecutionSpringExtensionTests$TestCase" time="0.0"/>
  <testcase name="repeatedTest(ApplicationContext)[726]" classname="org.springframework.test.context.junit.jupiter.parallel.ParallelExecutionSpringExtensionTests$TestCase" time="0.0"/>
  <testcase name="repeatedTest(ApplicationContext)[727]" classname="org.springframework.test.context.junit.jupiter.parallel.ParallelExecutionSpringExtensionTests$TestCase" time="0.0"/>
  <testcase name="repeatedTest(ApplicationContext)[728]" classname="org.springframework.test.context.junit.jupiter.parallel.ParallelExecutionSpringExtensionTests$TestCase" time="0.0"/>
  <testcase name="repeatedTest(ApplicationContext)[729]" classname="org.springframework.test.context.junit.jupiter.parallel.ParallelExecutionSpringExtensionTests$TestCase" time="0.001"/>
  <testcase name="repeatedTest(ApplicationContext)[730]" classname="org.springframework.test.context.junit.jupiter.parallel.ParallelExecutionSpringExtensionTests$TestCase" time="0.0"/>
  <testcase name="repeatedTest(ApplicationContext)[731]" classname="org.springframework.test.context.junit.jupiter.parallel.ParallelExecutionSpringExtensionTests$TestCase" time="0.0"/>
  <testcase name="repeatedTest(ApplicationContext)[732]" classname="org.springframework.test.context.junit.jupiter.parallel.ParallelExecutionSpringExtensionTests$TestCase" time="0.0"/>
  <testcase name="repeatedTest(ApplicationContext)[733]" classname="org.springframework.test.context.junit.jupiter.parallel.ParallelExecutionSpringExtensionTests$TestCase" time="0.0"/>
  <testcase name="repeatedTest(ApplicationContext)[734]" classname="org.springframework.test.context.junit.jupiter.parallel.ParallelExecutionSpringExtensionTests$TestCase" time="0.0"/>
  <testcase name="repeatedTest(ApplicationContext)[735]" classname="org.springframework.test.context.junit.jupiter.parallel.ParallelExecutionSpringExtensionTests$TestCase" time="0.0"/>
  <testcase name="repeatedTest(ApplicationContext)[736]" classname="org.springframework.test.context.junit.jupiter.parallel.ParallelExecutionSpringExtensionTests$TestCase" time="0.0"/>
  <testcase name="repeatedTest(ApplicationContext)[737]" classname="org.springframework.test.context.junit.jupiter.parallel.ParallelExecutionSpringExtensionTests$TestCase" time="0.0"/>
  <testcase name="repeatedTest(ApplicationContext)[738]" classname="org.springframework.test.context.junit.jupiter.parallel.ParallelExecutionSpringExtensionTests$TestCase" time="0.001"/>
  <testcase name="repeatedTest(ApplicationContext)[739]" classname="org.springframework.test.context.junit.jupiter.parallel.ParallelExecutionSpringExtensionTests$TestCase" time="0.0"/>
  <testcase name="repeatedTest(ApplicationContext)[740]" classname="org.springframework.test.context.junit.jupiter.parallel.ParallelExecutionSpringExtensionTests$TestCase" time="0.0"/>
  <testcase name="repeatedTest(ApplicationContext)[741]" classname="org.springframework.test.context.junit.jupiter.parallel.ParallelExecutionSpringExtensionTests$TestCase" time="0.0"/>
  <testcase name="repeatedTest(ApplicationContext)[742]" classname="org.springframework.test.context.junit.jupiter.parallel.ParallelExecutionSpringExtensionTests$TestCase" time="0.0"/>
  <testcase name="repeatedTest(ApplicationContext)[743]" classname="org.springframework.test.context.junit.jupiter.parallel.ParallelExecutionSpringExtensionTests$TestCase" time="0.001"/>
  <testcase name="repeatedTest(ApplicationContext)[744]" classname="org.springframework.test.context.junit.jupiter.parallel.ParallelExecutionSpringExtensionTests$TestCase" time="0.0"/>
  <testcase name="repeatedTest(ApplicationContext)[745]" classname="org.springframework.test.context.junit.jupiter.parallel.ParallelExecutionSpringExtensionTests$TestCase" time="0.0"/>
  <testcase name="repeatedTest(ApplicationContext)[746]" classname="org.springframework.test.context.junit.jupiter.parallel.ParallelExecutionSpringExtensionTests$TestCase" time="0.0"/>
  <testcase name="repeatedTest(ApplicationContext)[747]" classname="org.springframework.test.context.junit.jupiter.parallel.ParallelExecutionSpringExtensionTests$TestCase" time="0.0"/>
  <testcase name="repeatedTest(ApplicationContext)[748]" classname="org.springframework.test.context.junit.jupiter.parallel.ParallelExecutionSpringExtensionTests$TestCase" time="0.0"/>
  <testcase name="repeatedTest(ApplicationContext)[749]" classname="org.springframework.test.context.junit.jupiter.parallel.ParallelExecutionSpringExtensionTests$TestCase" time="0.001"/>
  <testcase name="repeatedTest(ApplicationContext)[750]" classname="org.springframework.test.context.junit.jupiter.parallel.ParallelExecutionSpringExtensionTests$TestCase" time="0.0"/>
  <testcase name="repeatedTest(ApplicationContext)[751]" classname="org.springframework.test.context.junit.jupiter.parallel.ParallelExecutionSpringExtensionTests$TestCase" time="0.0"/>
  <testcase name="repeatedTest(ApplicationContext)[752]" classname="org.springframework.test.context.junit.jupiter.parallel.ParallelExecutionSpringExtensionTests$TestCase" time="0.0"/>
  <testcase name="repeatedTest(ApplicationContext)[753]" classname="org.springframework.test.context.junit.jupiter.parallel.ParallelExecutionSpringExtensionTests$TestCase" time="0.0"/>
  <testcase name="repeatedTest(ApplicationContext)[754]" classname="org.springframework.test.context.junit.jupiter.parallel.ParallelExecutionSpringExtensionTests$TestCase" time="0.001"/>
  <testcase name="repeatedTest(ApplicationContext)[755]" classname="org.springframework.test.context.junit.jupiter.parallel.ParallelExecutionSpringExtensionTests$TestCase" time="0.0"/>
  <testcase name="repeatedTest(ApplicationContext)[756]" classname="org.springframework.test.context.junit.jupiter.parallel.ParallelExecutionSpringExtensionTests$TestCase" time="0.0"/>
  <testcase name="repeatedTest(ApplicationContext)[757]" classname="org.springframework.test.context.junit.jupiter.parallel.ParallelExecutionSpringExtensionTests$TestCase" time="0.0"/>
  <testcase name="repeatedTest(ApplicationContext)[758]" classname="org.springframework.test.context.junit.jupiter.parallel.ParallelExecutionSpringExtensionTests$TestCase" time="0.0"/>
  <testcase name="repeatedTest(ApplicationContext)[759]" classname="org.springframework.test.context.junit.jupiter.parallel.ParallelExecutionSpringExtensionTests$TestCase" time="0.0"/>
  <testcase name="repeatedTest(ApplicationContext)[760]" classname="org.springframework.test.context.junit.jupiter.parallel.ParallelExecutionSpringExtensionTests$TestCase" time="0.001"/>
  <testcase name="repeatedTest(ApplicationContext)[761]" classname="org.springframework.test.context.junit.jupiter.parallel.ParallelExecutionSpringExtensionTests$TestCase" time="0.0"/>
  <testcase name="repeatedTest(ApplicationContext)[762]" classname="org.springframework.test.context.junit.jupiter.parallel.ParallelExecutionSpringExtensionTests$TestCase" time="0.0"/>
  <testcase name="repeatedTest(ApplicationContext)[763]" classname="org.springframework.test.context.junit.jupiter.parallel.ParallelExecutionSpringExtensionTests$TestCase" time="0.0"/>
  <testcase name="repeatedTest(ApplicationContext)[764]" classname="org.springframework.test.context.junit.jupiter.parallel.ParallelExecutionSpringExtensionTests$TestCase" time="0.0"/>
  <testcase name="repeatedTest(ApplicationContext)[765]" classname="org.springframework.test.context.junit.jupiter.parallel.ParallelExecutionSpringExtensionTests$TestCase" time="0.001"/>
  <testcase name="repeatedTest(ApplicationContext)[766]" classname="org.springframework.test.context.junit.jupiter.parallel.ParallelExecutionSpringExtensionTests$TestCase" time="0.0"/>
  <testcase name="repeatedTest(ApplicationContext)[767]" classname="org.springframework.test.context.junit.jupiter.parallel.ParallelExecutionSpringExtensionTests$TestCase" time="0.0"/>
  <testcase name="repeatedTest(ApplicationContext)[768]" classname="org.springframework.test.context.junit.jupiter.parallel.ParallelExecutionSpringExtensionTests$TestCase" time="0.0"/>
  <testcase name="repeatedTest(ApplicationContext)[769]" classname="org.springframework.test.context.junit.jupiter.parallel.ParallelExecutionSpringExtensionTests$TestCase" time="0.0"/>
  <testcase name="repeatedTest(ApplicationContext)[770]" classname="org.springframework.test.context.junit.jupiter.parallel.ParallelExecutionSpringExtensionTests$TestCase" time="0.001"/>
  <testcase name="repeatedTest(ApplicationContext)[771]" classname="org.springframework.test.context.junit.jupiter.parallel.ParallelExecutionSpringExtensionTests$TestCase" time="0.0"/>
  <testcase name="repeatedTest(ApplicationContext)[772]" classname="org.springframework.test.context.junit.jupiter.parallel.ParallelExecutionSpringExtensionTests$TestCase" time="0.0"/>
  <testcase name="repeatedTest(ApplicationContext)[773]" classname="org.springframework.test.context.junit.jupiter.parallel.ParallelExecutionSpringExtensionTests$TestCase" time="0.0"/>
  <testcase name="repeatedTest(ApplicationContext)[774]" classname="org.springframework.test.context.junit.jupiter.parallel.ParallelExecutionSpringExtensionTests$TestCase" time="0.0"/>
  <testcase name="repeatedTest(ApplicationContext)[775]" classname="org.springframework.test.context.junit.jupiter.parallel.ParallelExecutionSpringExtensionTests$TestCase" time="0.0"/>
  <testcase name="repeatedTest(ApplicationContext)[776]" classname="org.springframework.test.context.junit.jupiter.parallel.ParallelExecutionSpringExtensionTests$TestCase" time="0.0"/>
  <testcase name="repeatedTest(ApplicationContext)[777]" classname="org.springframework.test.context.junit.jupiter.parallel.ParallelExecutionSpringExtensionTests$TestCase" time="0.0"/>
  <testcase name="repeatedTest(ApplicationContext)[778]" classname="org.springframework.test.context.junit.jupiter.parallel.ParallelExecutionSpringExtensionTests$TestCase" time="0.0"/>
  <testcase name="repeatedTest(ApplicationContext)[779]" classname="org.springframework.test.context.junit.jupiter.parallel.ParallelExecutionSpringExtensionTests$TestCase" time="0.0"/>
  <testcase name="repeatedTest(ApplicationContext)[780]" classname="org.springframework.test.context.junit.jupiter.parallel.ParallelExecutionSpringExtensionTests$TestCase" time="0.0"/>
  <testcase name="repeatedTest(ApplicationContext)[781]" classname="org.springframework.test.context.junit.jupiter.parallel.ParallelExecutionSpringExtensionTests$TestCase" time="0.001"/>
  <testcase name="repeatedTest(ApplicationContext)[782]" classname="org.springframework.test.context.junit.jupiter.parallel.ParallelExecutionSpringExtensionTests$TestCase" time="0.0"/>
  <testcase name="repeatedTest(ApplicationContext)[783]" classname="org.springframework.test.context.junit.jupiter.parallel.ParallelExecutionSpringExtensionTests$TestCase" time="0.0"/>
  <testcase name="repeatedTest(ApplicationContext)[784]" classname="org.springframework.test.context.junit.jupiter.parallel.ParallelExecutionSpringExtensionTests$TestCase" time="0.0"/>
  <testcase name="repeatedTest(ApplicationContext)[785]" classname="org.springframework.test.context.junit.jupiter.parallel.ParallelExecutionSpringExtensionTests$TestCase" time="0.0"/>
  <testcase name="repeatedTest(ApplicationContext)[786]" classname="org.springframework.test.context.junit.jupiter.parallel.ParallelExecutionSpringExtensionTests$TestCase" time="0.0"/>
  <testcase name="repeatedTest(ApplicationContext)[787]" classname="org.springframework.test.context.junit.jupiter.parallel.ParallelExecutionSpringExtensionTests$TestCase" time="0.0"/>
  <testcase name="repeatedTest(ApplicationContext)[788]" classname="org.springframework.test.context.junit.jupiter.parallel.ParallelExecutionSpringExtensionTests$TestCase" time="0.0"/>
  <testcase name="repeatedTest(ApplicationContext)[789]" classname="org.springframework.test.context.junit.jupiter.parallel.ParallelExecutionSpringExtensionTests$TestCase" time="0.0"/>
  <testcase name="repeatedTest(ApplicationContext)[790]" classname="org.springframework.test.context.junit.jupiter.parallel.ParallelExecutionSpringExtensionTests$TestCase" time="0.0"/>
  <testcase name="repeatedTest(ApplicationContext)[791]" classname="org.springframework.test.context.junit.jupiter.parallel.ParallelExecutionSpringExtensionTests$TestCase" time="0.0"/>
  <testcase name="repeatedTest(ApplicationContext)[792]" classname="org.springframework.test.context.junit.jupiter.parallel.ParallelExecutionSpringExtensionTests$TestCase" time="0.001"/>
  <testcase name="repeatedTest(ApplicationContext)[793]" classname="org.springframework.test.context.junit.jupiter.parallel.ParallelExecutionSpringExtensionTests$TestCase" time="0.0"/>
  <testcase name="repeatedTest(ApplicationContext)[794]" classname="org.springframework.test.context.junit.jupiter.parallel.ParallelExecutionSpringExtensionTests$TestCase" time="0.0"/>
  <testcase name="repeatedTest(ApplicationContext)[795]" classname="org.springframework.test.context.junit.jupiter.parallel.ParallelExecutionSpringExtensionTests$TestCase" time="0.0"/>
  <testcase name="repeatedTest(ApplicationContext)[796]" classname="org.springframework.test.context.junit.jupiter.parallel.ParallelExecutionSpringExtensionTests$TestCase" time="0.0"/>
  <testcase name="repeatedTest(ApplicationContext)[797]" classname="org.springframework.test.context.junit.jupiter.parallel.ParallelExecutionSpringExtensionTests$TestCase" time="0.0"/>
  <testcase name="repeatedTest(ApplicationContext)[798]" classname="org.springframework.test.context.junit.jupiter.parallel.ParallelExecutionSpringExtensionTests$TestCase" time="0.0"/>
  <testcase name="repeatedTest(ApplicationContext)[799]" classname="org.springframework.test.context.junit.jupiter.parallel.ParallelExecutionSpringExtensionTests$TestCase" time="0.0"/>
  <testcase name="repeatedTest(ApplicationContext)[800]" classname="org.springframework.test.context.junit.jupiter.parallel.ParallelExecutionSpringExtensionTests$TestCase" time="0.0"/>
  <testcase name="repeatedTest(ApplicationContext)[801]" classname="org.springframework.test.context.junit.jupiter.parallel.ParallelExecutionSpringExtensionTests$TestCase" time="0.0"/>
  <testcase name="repeatedTest(ApplicationContext)[802]" classname="org.springframework.test.context.junit.jupiter.parallel.ParallelExecutionSpringExtensionTests$TestCase" time="0.0"/>
  <testcase name="repeatedTest(ApplicationContext)[803]" classname="org.springframework.test.context.junit.jupiter.parallel.ParallelExecutionSpringExtensionTests$TestCase" time="0.001"/>
  <testcase name="repeatedTest(ApplicationContext)[804]" classname="org.springframework.test.context.junit.jupiter.parallel.ParallelExecutionSpringExtensionTests$TestCase" time="0.0"/>
  <testcase name="repeatedTest(ApplicationContext)[805]" classname="org.springframework.test.context.junit.jupiter.parallel.ParallelExecutionSpringExtensionTests$TestCase" time="0.0"/>
  <testcase name="repeatedTest(ApplicationContext)[806]" classname="org.springframework.test.context.junit.jupiter.parallel.ParallelExecutionSpringExtensionTests$TestCase" time="0.0"/>
  <testcase name="repeatedTest(ApplicationContext)[807]" classname="org.springframework.test.context.junit.jupiter.parallel.ParallelExecutionSpringExtensionTests$TestCase" time="0.0"/>
  <testcase name="repeatedTest(ApplicationContext)[808]" classname="org.springframework.test.context.junit.jupiter.parallel.ParallelExecutionSpringExtensionTests$TestCase" time="0.0"/>
  <testcase name="repeatedTest(ApplicationContext)[809]" classname="org.springframework.test.context.junit.jupiter.parallel.ParallelExecutionSpringExtensionTests$TestCase" time="0.0"/>
  <testcase name="repeatedTest(ApplicationContext)[810]" classname="org.springframework.test.context.junit.jupiter.parallel.ParallelExecutionSpringExtensionTests$TestCase" time="0.0"/>
  <testcase name="repeatedTest(ApplicationContext)[811]" classname="org.springframework.test.context.junit.jupiter.parallel.ParallelExecutionSpringExtensionTests$TestCase" time="0.0"/>
  <testcase name="repeatedTest(ApplicationContext)[812]" classname="org.springframework.test.context.junit.jupiter.parallel.ParallelExecutionSpringExtensionTests$TestCase" time="0.0"/>
  <testcase name="repeatedTest(ApplicationContext)[813]" classname="org.springframework.test.context.junit.jupiter.parallel.ParallelExecutionSpringExtensionTests$TestCase" time="0.0"/>
  <testcase name="repeatedTest(ApplicationContext)[814]" classname="org.springframework.test.context.junit.jupiter.parallel.ParallelExecutionSpringExtensionTests$TestCase" time="0.001"/>
  <testcase name="repeatedTest(ApplicationContext)[815]" classname="org.springframework.test.context.junit.jupiter.parallel.ParallelExecutionSpringExtensionTests$TestCase" time="0.0"/>
  <testcase name="repeatedTest(ApplicationContext)[816]" classname="org.springframework.test.context.junit.jupiter.parallel.ParallelExecutionSpringExtensionTests$TestCase" time="0.0"/>
  <testcase name="repeatedTest(ApplicationContext)[817]" classname="org.springframework.test.context.junit.jupiter.parallel.ParallelExecutionSpringExtensionTests$TestCase" time="0.0"/>
  <testcase name="repeatedTest(ApplicationContext)[818]" classname="org.springframework.test.context.junit.jupiter.parallel.ParallelExecutionSpringExtensionTests$TestCase" time="0.0"/>
  <testcase name="repeatedTest(ApplicationContext)[819]" classname="org.springframework.test.context.junit.jupiter.parallel.ParallelExecutionSpringExtensionTests$TestCase" time="0.0"/>
  <testcase name="repeatedTest(ApplicationContext)[820]" classname="org.springframework.test.context.junit.jupiter.parallel.ParallelExecutionSpringExtensionTests$TestCase" time="0.0"/>
  <testcase name="repeatedTest(ApplicationContext)[821]" classname="org.springframework.test.context.junit.jupiter.parallel.ParallelExecutionSpringExtensionTests$TestCase" time="0.0"/>
  <testcase name="repeatedTest(ApplicationContext)[822]" classname="org.springframework.test.context.junit.jupiter.parallel.ParallelExecutionSpringExtensionTests$TestCase" time="0.0"/>
  <testcase name="repeatedTest(ApplicationContext)[823]" classname="org.springframework.test.context.junit.jupiter.parallel.ParallelExecutionSpringExtensionTests$TestCase" time="0.0"/>
  <testcase name="repeatedTest(ApplicationContext)[824]" classname="org.springframework.test.context.junit.jupiter.parallel.ParallelExecutionSpringExtensionTests$TestCase" time="0.0"/>
  <testcase name="repeatedTest(ApplicationContext)[825]" classname="org.springframework.test.context.junit.jupiter.parallel.ParallelExecutionSpringExtensionTests$TestCase" time="0.001"/>
  <testcase name="repeatedTest(ApplicationContext)[826]" classname="org.springframework.test.context.junit.jupiter.parallel.ParallelExecutionSpringExtensionTests$TestCase" time="0.0"/>
  <testcase name="repeatedTest(ApplicationContext)[827]" classname="org.springframework.test.context.junit.jupiter.parallel.ParallelExecutionSpringExtensionTests$TestCase" time="0.0"/>
  <testcase name="repeatedTest(ApplicationContext)[828]" classname="org.springframework.test.context.junit.jupiter.parallel.ParallelExecutionSpringExtensionTests$TestCase" time="0.0"/>
  <testcase name="repeatedTest(ApplicationContext)[829]" classname="org.springframework.test.context.junit.jupiter.parallel.ParallelExecutionSpringExtensionTests$TestCase" time="0.0"/>
  <testcase name="repeatedTest(ApplicationContext)[830]" classname="org.springframework.test.context.junit.jupiter.parallel.ParallelExecutionSpringExtensionTests$TestCase" time="0.0"/>
  <testcase name="repeatedTest(ApplicationContext)[831]" classname="org.springframework.test.context.junit.jupiter.parallel.ParallelExecutionSpringExtensionTests$TestCase" time="0.0"/>
  <testcase name="repeatedTest(ApplicationContext)[832]" classname="org.springframework.test.context.junit.jupiter.parallel.ParallelExecutionSpringExtensionTests$TestCase" time="0.0"/>
  <testcase name="repeatedTest(ApplicationContext)[833]" classname="org.springframework.test.context.junit.jupiter.parallel.ParallelExecutionSpringExtensionTests$TestCase" time="0.0"/>
  <testcase name="repeatedTest(ApplicationContext)[834]" classname="org.springframework.test.context.junit.jupiter.parallel.ParallelExecutionSpringExtensionTests$TestCase" time="0.0"/>
  <testcase name="repeatedTest(ApplicationContext)[835]" classname="org.springframework.test.context.junit.jupiter.parallel.ParallelExecutionSpringExtensionTests$TestCase" time="0.0"/>
  <testcase name="repeatedTest(ApplicationContext)[836]" classname="org.springframework.test.context.junit.jupiter.parallel.ParallelExecutionSpringExtensionTests$TestCase" time="0.001"/>
  <testcase name="repeatedTest(ApplicationContext)[837]" classname="org.springframework.test.context.junit.jupiter.parallel.ParallelExecutionSpringExtensionTests$TestCase" time="0.0"/>
  <testcase name="repeatedTest(ApplicationContext)[838]" classname="org.springframework.test.context.junit.jupiter.parallel.ParallelExecutionSpringExtensionTests$TestCase" time="0.0"/>
  <testcase name="repeatedTest(ApplicationContext)[839]" classname="org.springframework.test.context.junit.jupiter.parallel.ParallelExecutionSpringExtensionTests$TestCase" time="0.0"/>
  <testcase name="repeatedTest(ApplicationContext)[840]" classname="org.springframework.test.context.junit.jupiter.parallel.ParallelExecutionSpringExtensionTests$TestCase" time="0.0"/>
  <testcase name="repeatedTest(ApplicationContext)[841]" classname="org.springframework.test.context.junit.jupiter.parallel.ParallelExecutionSpringExtensionTests$TestCase" time="0.0"/>
  <testcase name="repeatedTest(ApplicationContext)[842]" classname="org.springframework.test.context.junit.jupiter.parallel.ParallelExecutionSpringExtensionTests$TestCase" time="0.001"/>
  <testcase name="repeatedTest(ApplicationContext)[843]" classname="org.springframework.test.context.junit.jupiter.parallel.ParallelExecutionSpringExtensionTests$TestCase" time="0.0"/>
  <testcase name="repeatedTest(ApplicationContext)[844]" classname="org.springframework.test.context.junit.jupiter.parallel.ParallelExecutionSpringExtensionTests$TestCase" time="0.0"/>
  <testcase name="repeatedTest(ApplicationContext)[845]" classname="org.springframework.test.context.junit.jupiter.parallel.ParallelExecutionSpringExtensionTests$TestCase" time="0.0"/>
  <testcase name="repeatedTest(ApplicationContext)[846]" classname="org.springframework.test.context.junit.jupiter.parallel.ParallelExecutionSpringExtensionTests$TestCase" time="0.001"/>
  <testcase name="repeatedTest(ApplicationContext)[847]" classname="org.springframework.test.context.junit.jupiter.parallel.ParallelExecutionSpringExtensionTests$TestCase" time="0.0"/>
  <testcase name="repeatedTest(ApplicationContext)[848]" classname="org.springframework.test.context.junit.jupiter.parallel.ParallelExecutionSpringExtensionTests$TestCase" time="0.0"/>
  <testcase name="repeatedTest(ApplicationContext)[849]" classname="org.springframework.test.context.junit.jupiter.parallel.ParallelExecutionSpringExtensionTests$TestCase" time="0.0"/>
  <testcase name="repeatedTest(ApplicationContext)[850]" classname="org.springframework.test.context.junit.jupiter.parallel.ParallelExecutionSpringExtensionTests$TestCase" time="0.0"/>
  <testcase name="repeatedTest(ApplicationContext)[851]" classname="org.springframework.test.context.junit.jupiter.parallel.ParallelExecutionSpringExtensionTests$TestCase" time="0.0"/>
  <testcase name="repeatedTest(ApplicationContext)[852]" classname="org.springframework.test.context.junit.jupiter.parallel.ParallelExecutionSpringExtensionTests$TestCase" time="0.001"/>
  <testcase name="repeatedTest(ApplicationContext)[853]" classname="org.springframework.test.context.junit.jupiter.parallel.ParallelExecutionSpringExtensionTests$TestCase" time="0.0"/>
  <testcase name="repeatedTest(ApplicationContext)[854]" classname="org.springframework.test.context.junit.jupiter.parallel.ParallelExecutionSpringExtensionTests$TestCase" time="0.0"/>
  <testcase name="repeatedTest(ApplicationContext)[855]" classname="org.springframework.test.context.junit.jupiter.parallel.ParallelExecutionSpringExtensionTests$TestCase" time="0.0"/>
  <testcase name="repeatedTest(ApplicationContext)[856]" classname="org.springframework.test.context.junit.jupiter.parallel.ParallelExecutionSpringExtensionTests$TestCase" time="0.0"/>
  <testcase name="repeatedTest(ApplicationContext)[857]" classname="org.springframework.test.context.junit.jupiter.parallel.ParallelExecutionSpringExtensionTests$TestCase" time="0.0"/>
  <testcase name="repeatedTest(ApplicationContext)[858]" classname="org.springframework.test.context.junit.jupiter.parallel.ParallelExecutionSpringExtensionTests$TestCase" time="0.0"/>
  <testcase name="repeatedTest(ApplicationContext)[859]" classname="org.springframework.test.context.junit.jupiter.parallel.ParallelExecutionSpringExtensionTests$TestCase" time="0.0"/>
  <testcase name="repeatedTest(ApplicationContext)[860]" classname="org.springframework.test.context.junit.jupiter.parallel.ParallelExecutionSpringExtensionTests$TestCase" time="0.0"/>
  <testcase name="repeatedTest(ApplicationContext)[861]" classname="org.springframework.test.context.junit.jupiter.parallel.ParallelExecutionSpringExtensionTests$TestCase" time="0.0"/>
  <testcase name="repeatedTest(ApplicationContext)[862]" classname="org.springframework.test.context.junit.jupiter.parallel.ParallelExecutionSpringExtensionTests$TestCase" time="0.0"/>
  <testcase name="repeatedTest(ApplicationContext)[863]" classname="org.springframework.test.context.junit.jupiter.parallel.ParallelExecutionSpringExtensionTests$TestCase" time="0.001"/>
  <testcase name="repeatedTest(ApplicationContext)[864]" classname="org.springframework.test.context.junit.jupiter.parallel.ParallelExecutionSpringExtensionTests$TestCase" time="0.0"/>
  <testcase name="repeatedTest(ApplicationContext)[865]" classname="org.springframework.test.context.junit.jupiter.parallel.ParallelExecutionSpringExtensionTests$TestCase" time="0.0"/>
  <testcase name="repeatedTest(ApplicationContext)[866]" classname="org.springframework.test.context.junit.jupiter.parallel.ParallelExecutionSpringExtensionTests$TestCase" time="0.0"/>
  <testcase name="repeatedTest(ApplicationContext)[867]" classname="org.springframework.test.context.junit.jupiter.parallel.ParallelExecutionSpringExtensionTests$TestCase" time="0.0"/>
  <testcase name="repeatedTest(ApplicationContext)[868]" classname="org.springframework.test.context.junit.jupiter.parallel.ParallelExecutionSpringExtensionTests$TestCase" time="0.001"/>
  <testcase name="repeatedTest(ApplicationContext)[869]" classname="org.springframework.test.context.junit.jupiter.parallel.ParallelExecutionSpringExtensionTests$TestCase" time="0.0"/>
  <testcase name="repeatedTest(ApplicationContext)[870]" classname="org.springframework.test.context.junit.jupiter.parallel.ParallelExecutionSpringExtensionTests$TestCase" time="0.0"/>
  <testcase name="repeatedTest(ApplicationContext)[871]" classname="org.springframework.test.context.junit.jupiter.parallel.ParallelExecutionSpringExtensionTests$TestCase" time="0.0"/>
  <testcase name="repeatedTest(ApplicationContext)[872]" classname="org.springframework.test.context.junit.jupiter.parallel.ParallelExecutionSpringExtensionTests$TestCase" time="0.0"/>
  <testcase name="repeatedTest(ApplicationContext)[873]" classname="org.springframework.test.context.junit.jupiter.parallel.ParallelExecutionSpringExtensionTests$TestCase" time="0.001"/>
  <testcase name="repeatedTest(ApplicationContext)[874]" classname="org.springframework.test.context.junit.jupiter.parallel.ParallelExecutionSpringExtensionTests$TestCase" time="0.0"/>
  <testcase name="repeatedTest(ApplicationContext)[875]" classname="org.springframework.test.context.junit.jupiter.parallel.ParallelExecutionSpringExtensionTests$TestCase" time="0.0"/>
  <testcase name="repeatedTest(ApplicationContext)[876]" classname="org.springframework.test.context.junit.jupiter.parallel.ParallelExecutionSpringExtensionTests$TestCase" time="0.0"/>
  <testcase name="repeatedTest(ApplicationContext)[877]" classname="org.springframework.test.context.junit.jupiter.parallel.ParallelExecutionSpringExtensionTests$TestCase" time="0.0"/>
  <testcase name="repeatedTest(ApplicationContext)[878]" classname="org.springframework.test.context.junit.jupiter.parallel.ParallelExecutionSpringExtensionTests$TestCase" time="0.001"/>
  <testcase name="repeatedTest(ApplicationContext)[879]" classname="org.springframework.test.context.junit.jupiter.parallel.ParallelExecutionSpringExtensionTests$TestCase" time="0.0"/>
  <testcase name="repeatedTest(ApplicationContext)[880]" classname="org.springframework.test.context.junit.jupiter.parallel.ParallelExecutionSpringExtensionTests$TestCase" time="0.0"/>
  <testcase name="repeatedTest(ApplicationContext)[881]" classname="org.springframework.test.context.junit.jupiter.parallel.ParallelExecutionSpringExtensionTests$TestCase" time="0.0"/>
  <testcase name="repeatedTest(ApplicationContext)[882]" classname="org.springframework.test.context.junit.jupiter.parallel.ParallelExecutionSpringExtensionTests$TestCase" time="0.0"/>
  <testcase name="repeatedTest(ApplicationContext)[883]" classname="org.springframework.test.context.junit.jupiter.parallel.ParallelExecutionSpringExtensionTests$TestCase" time="0.0"/>
  <testcase name="repeatedTest(ApplicationContext)[884]" classname="org.springframework.test.context.junit.jupiter.parallel.ParallelExecutionSpringExtensionTests$TestCase" time="0.001"/>
  <testcase name="repeatedTest(ApplicationContext)[885]" classname="org.springframework.test.context.junit.jupiter.parallel.ParallelExecutionSpringExtensionTests$TestCase" time="0.0"/>
  <testcase name="repeatedTest(ApplicationContext)[886]" classname="org.springframework.test.context.junit.jupiter.parallel.ParallelExecutionSpringExtensionTests$TestCase" time="0.0"/>
  <testcase name="repeatedTest(ApplicationContext)[887]" classname="org.springframework.test.context.junit.jupiter.parallel.ParallelExecutionSpringExtensionTests$TestCase" time="0.0"/>
  <testcase name="repeatedTest(ApplicationContext)[888]" classname="org.springframework.test.context.junit.jupiter.parallel.ParallelExecutionSpringExtensionTests$TestCase" time="0.0"/>
  <testcase name="repeatedTest(ApplicationContext)[889]" classname="org.springframework.test.context.junit.jupiter.parallel.ParallelExecutionSpringExtensionTests$TestCase" time="0.0"/>
  <testcase name="repeatedTest(ApplicationContext)[890]" classname="org.springframework.test.context.junit.jupiter.parallel.ParallelExecutionSpringExtensionTests$TestCase" time="0.0"/>
  <testcase name="repeatedTest(ApplicationContext)[891]" classname="org.springframework.test.context.junit.jupiter.parallel.ParallelExecutionSpringExtensionTests$TestCase" time="0.0"/>
  <testcase name="repeatedTest(ApplicationContext)[892]" classname="org.springframework.test.context.junit.jupiter.parallel.ParallelExecutionSpringExtensionTests$TestCase" time="0.0"/>
  <testcase name="repeatedTest(ApplicationContext)[893]" classname="org.springframework.test.context.junit.jupiter.parallel.ParallelExecutionSpringExtensionTests$TestCase" time="0.0"/>
  <testcase name="repeatedTest(ApplicationContext)[894]" classname="org.springframework.test.context.junit.jupiter.parallel.ParallelExecutionSpringExtensionTests$TestCase" time="0.0"/>
  <testcase name="repeatedTest(ApplicationContext)[895]" classname="org.springframework.test.context.junit.jupiter.parallel.ParallelExecutionSpringExtensionTests$TestCase" time="0.001"/>
  <testcase name="repeatedTest(ApplicationContext)[896]" classname="org.springframework.test.context.junit.jupiter.parallel.ParallelExecutionSpringExtensionTests$TestCase" time="0.0"/>
  <testcase name="repeatedTest(ApplicationContext)[897]" classname="org.springframework.test.context.junit.jupiter.parallel.ParallelExecutionSpringExtensionTests$TestCase" time="0.0"/>
  <testcase name="repeatedTest(ApplicationContext)[898]" classname="org.springframework.test.context.junit.jupiter.parallel.ParallelExecutionSpringExtensionTests$TestCase" time="0.0"/>
  <testcase name="repeatedTest(ApplicationContext)[899]" classname="org.springframework.test.context.junit.jupiter.parallel.ParallelExecutionSpringExtensionTests$TestCase" time="0.0"/>
  <testcase name="repeatedTest(ApplicationContext)[900]" classname="org.springframework.test.context.junit.jupiter.parallel.ParallelExecutionSpringExtensionTests$TestCase" time="0.001"/>
  <testcase name="repeatedTest(ApplicationContext)[901]" classname="org.springframework.test.context.junit.jupiter.parallel.ParallelExecutionSpringExtensionTests$TestCase" time="0.0"/>
  <testcase name="repeatedTest(ApplicationContext)[902]" classname="org.springframework.test.context.junit.jupiter.parallel.ParallelExecutionSpringExtensionTests$TestCase" time="0.0"/>
  <testcase name="repeatedTest(ApplicationContext)[903]" classname="org.springframework.test.context.junit.jupiter.parallel.ParallelExecutionSpringExtensionTests$TestCase" time="0.0"/>
  <testcase name="repeatedTest(ApplicationContext)[904]" classname="org.springframework.test.context.junit.jupiter.parallel.ParallelExecutionSpringExtensionTests$TestCase" time="0.0"/>
  <testcase name="repeatedTest(ApplicationContext)[905]" classname="org.springframework.test.context.junit.jupiter.parallel.ParallelExecutionSpringExtensionTests$TestCase" time="0.001"/>
  <testcase name="repeatedTest(ApplicationContext)[906]" classname="org.springframework.test.context.junit.jupiter.parallel.ParallelExecutionSpringExtensionTests$TestCase" time="0.0"/>
  <testcase name="repeatedTest(ApplicationContext)[907]" classname="org.springframework.test.context.junit.jupiter.parallel.ParallelExecutionSpringExtensionTests$TestCase" time="0.0"/>
  <testcase name="repeatedTest(ApplicationContext)[908]" classname="org.springframework.test.context.junit.jupiter.parallel.ParallelExecutionSpringExtensionTests$TestCase" time="0.0"/>
  <testcase name="repeatedTest(ApplicationContext)[909]" classname="org.springframework.test.context.junit.jupiter.parallel.ParallelExecutionSpringExtensionTests$TestCase" time="0.0"/>
  <testcase name="repeatedTest(ApplicationContext)[910]" classname="org.springframework.test.context.junit.jupiter.parallel.ParallelExecutionSpringExtensionTests$TestCase" time="0.0"/>
  <testcase name="repeatedTest(ApplicationContext)[911]" classname="org.springframework.test.context.junit.jupiter.parallel.ParallelExecutionSpringExtensionTests$TestCase" time="0.001"/>
  <testcase name="repeatedTest(ApplicationContext)[912]" classname="org.springframework.test.context.junit.jupiter.parallel.ParallelExecutionSpringExtensionTests$TestCase" time="0.0"/>
  <testcase name="repeatedTest(ApplicationContext)[913]" classname="org.springframework.test.context.junit.jupiter.parallel.ParallelExecutionSpringExtensionTests$TestCase" time="0.0"/>
  <testcase name="repeatedTest(ApplicationContext)[914]" classname="org.springframework.test.context.junit.jupiter.parallel.ParallelExecutionSpringExtensionTests$TestCase" time="0.0"/>
  <testcase name="repeatedTest(ApplicationContext)[915]" classname="org.springframework.test.context.junit.jupiter.parallel.ParallelExecutionSpringExtensionTests$TestCase" time="0.0"/>
  <testcase name="repeatedTest(ApplicationContext)[916]" classname="org.springframework.test.context.junit.jupiter.parallel.ParallelExecutionSpringExtensionTests$TestCase" time="0.0"/>
  <testcase name="repeatedTest(ApplicationContext)[917]" classname="org.springframework.test.context.junit.jupiter.parallel.ParallelExecutionSpringExtensionTests$TestCase" time="0.0"/>
  <testcase name="repeatedTest(ApplicationContext)[918]" classname="org.springframework.test.context.junit.jupiter.parallel.ParallelExecutionSpringExtensionTests$TestCase" time="0.0"/>
  <testcase name="repeatedTest(ApplicationContext)[919]" classname="org.springframework.test.context.junit.jupiter.parallel.ParallelExecutionSpringExtensionTests$TestCase" time="0.0"/>
  <testcase name="repeatedTest(ApplicationContext)[920]" classname="org.springframework.test.context.junit.jupiter.parallel.ParallelExecutionSpringExtensionTests$TestCase" time="0.0"/>
  <testcase name="repeatedTest(ApplicationContext)[921]" classname="org.springframework.test.context.junit.jupiter.parallel.ParallelExecutionSpringExtensionTests$TestCase" time="0.0"/>
  <testcase name="repeatedTest(ApplicationContext)[922]" classname="org.springframework.test.context.junit.jupiter.parallel.ParallelExecutionSpringExtensionTests$TestCase" time="0.001"/>
  <testcase name="repeatedTest(ApplicationContext)[923]" classname="org.springframework.test.context.junit.jupiter.parallel.ParallelExecutionSpringExtensionTests$TestCase" time="0.0"/>
  <testcase name="repeatedTest(ApplicationContext)[924]" classname="org.springframework.test.context.junit.jupiter.parallel.ParallelExecutionSpringExtensionTests$TestCase" time="0.0"/>
  <testcase name="repeatedTest(ApplicationContext)[925]" classname="org.springframework.test.context.junit.jupiter.parallel.ParallelExecutionSpringExtensionTests$TestCase" time="0.0"/>
  <testcase name="repeatedTest(ApplicationContext)[926]" classname="org.springframework.test.context.junit.jupiter.parallel.ParallelExecutionSpringExtensionTests$TestCase" time="0.0"/>
  <testcase name="repeatedTest(ApplicationContext)[927]" classname="org.springframework.test.context.junit.jupiter.parallel.ParallelExecutionSpringExtensionTests$TestCase" time="0.0"/>
  <testcase name="repeatedTest(ApplicationContext)[928]" classname="org.springframework.test.context.junit.jupiter.parallel.ParallelExecutionSpringExtensionTests$TestCase" time="0.0"/>
  <testcase name="repeatedTest(ApplicationContext)[929]" classname="org.springframework.test.context.junit.jupiter.parallel.ParallelExecutionSpringExtensionTests$TestCase" time="0.0"/>
  <testcase name="repeatedTest(ApplicationContext)[930]" classname="org.springframework.test.context.junit.jupiter.parallel.ParallelExecutionSpringExtensionTests$TestCase" time="0.0"/>
  <testcase name="repeatedTest(ApplicationContext)[931]" classname="org.springframework.test.context.junit.jupiter.parallel.ParallelExecutionSpringExtensionTests$TestCase" time="0.0"/>
  <testcase name="repeatedTest(ApplicationContext)[932]" classname="org.springframework.test.context.junit.jupiter.parallel.ParallelExecutionSpringExtensionTests$TestCase" time="0.0"/>
  <testcase name="repeatedTest(ApplicationContext)[933]" classname="org.springframework.test.context.junit.jupiter.parallel.ParallelExecutionSpringExtensionTests$TestCase" time="0.001"/>
  <testcase name="repeatedTest(ApplicationContext)[934]" classname="org.springframework.test.context.junit.jupiter.parallel.ParallelExecutionSpringExtensionTests$TestCase" time="0.0"/>
  <testcase name="repeatedTest(ApplicationContext)[935]" classname="org.springframework.test.context.junit.jupiter.parallel.ParallelExecutionSpringExtensionTests$TestCase" time="0.0"/>
  <testcase name="repeatedTest(ApplicationContext)[936]" classname="org.springframework.test.context.junit.jupiter.parallel.ParallelExecutionSpringExtensionTests$TestCase" time="0.0"/>
  <testcase name="repeatedTest(ApplicationContext)[937]" classname="org.springframework.test.context.junit.jupiter.parallel.ParallelExecutionSpringExtensionTests$TestCase" time="0.0"/>
  <testcase name="repeatedTest(ApplicationContext)[938]" classname="org.springframework.test.context.junit.jupiter.parallel.ParallelExecutionSpringExtensionTests$TestCase" time="0.0"/>
  <testcase name="repeatedTest(ApplicationContext)[939]" classname="org.springframework.test.context.junit.jupiter.parallel.ParallelExecutionSpringExtensionTests$TestCase" time="0.001"/>
  <testcase name="repeatedTest(ApplicationContext)[940]" classname="org.springframework.test.context.junit.jupiter.parallel.ParallelExecutionSpringExtensionTests$TestCase" time="0.0"/>
  <testcase name="repeatedTest(ApplicationContext)[941]" classname="org.springframework.test.context.junit.jupiter.parallel.ParallelExecutionSpringExtensionTests$TestCase" time="0.0"/>
  <testcase name="repeatedTest(ApplicationContext)[942]" classname="org.springframework.test.context.junit.jupiter.parallel.ParallelExecutionSpringExtensionTests$TestCase" time="0.0"/>
  <testcase name="repeatedTest(ApplicationContext)[943]" classname="org.springframework.test.context.junit.jupiter.parallel.ParallelExecutionSpringExtensionTests$TestCase" time="0.0"/>
  <testcase name="repeatedTest(ApplicationContext)[944]" classname="org.springframework.test.context.junit.jupiter.parallel.ParallelExecutionSpringExtensionTests$TestCase" time="0.001"/>
  <testcase name="repeatedTest(ApplicationContext)[945]" classname="org.springframework.test.context.junit.jupiter.parallel.ParallelExecutionSpringExtensionTests$TestCase" time="0.0"/>
  <testcase name="repeatedTest(ApplicationContext)[946]" classname="org.springframework.test.context.junit.jupiter.parallel.ParallelExecutionSpringExtensionTests$TestCase" time="0.0"/>
  <testcase name="repeatedTest(ApplicationContext)[947]" classname="org.springframework.test.context.junit.jupiter.parallel.ParallelExecutionSpringExtensionTests$TestCase" time="0.0"/>
  <testcase name="repeatedTest(ApplicationContext)[948]" classname="org.springframework.test.context.junit.jupiter.parallel.ParallelExecutionSpringExtensionTests$TestCase" time="0.0"/>
  <testcase name="repeatedTest(ApplicationContext)[949]" classname="org.springframework.test.context.junit.jupiter.parallel.ParallelExecutionSpringExtensionTests$TestCase" time="0.0"/>
  <testcase name="repeatedTest(ApplicationContext)[950]" classname="org.springframework.test.context.junit.jupiter.parallel.ParallelExecutionSpringExtensionTests$TestCase" time="0.001"/>
  <testcase name="repeatedTest(ApplicationContext)[951]" classname="org.springframework.test.context.junit.jupiter.parallel.ParallelExecutionSpringExtensionTests$TestCase" time="0.0"/>
  <testcase name="repeatedTest(ApplicationContext)[952]" classname="org.springframework.test.context.junit.jupiter.parallel.ParallelExecutionSpringExtensionTests$TestCase" time="0.0"/>
  <testcase name="repeatedTest(ApplicationContext)[953]" classname="org.springframework.test.context.junit.jupiter.parallel.ParallelExecutionSpringExtensionTests$TestCase" time="0.0"/>
  <testcase name="repeatedTest(ApplicationContext)[954]" classname="org.springframework.test.context.junit.jupiter.parallel.ParallelExecutionSpringExtensionTests$TestCase" time="0.0"/>
  <testcase name="repeatedTest(ApplicationContext)[955]" classname="org.springframework.test.context.junit.jupiter.parallel.ParallelExecutionSpringExtensionTests$TestCase" time="0.0"/>
  <testcase name="repeatedTest(ApplicationContext)[956]" classname="org.springframework.test.context.junit.jupiter.parallel.ParallelExecutionSpringExtensionTests$TestCase" time="0.0"/>
  <testcase name="repeatedTest(ApplicationContext)[957]" classname="org.springframework.test.context.junit.jupiter.parallel.ParallelExecutionSpringExtensionTests$TestCase" time="0.0"/>
  <testcase name="repeatedTest(ApplicationContext)[958]" classname="org.springframework.test.context.junit.jupiter.parallel.ParallelExecutionSpringExtensionTests$TestCase" time="0.0"/>
  <testcase name="repeatedTest(ApplicationContext)[959]" classname="org.springframework.test.context.junit.jupiter.parallel.ParallelExecutionSpringExtensionTests$TestCase" time="0.0"/>
  <testcase name="repeatedTest(ApplicationContext)[960]" classname="org.springframework.test.context.junit.jupiter.parallel.ParallelExecutionSpringExtensionTests$TestCase" time="0.0"/>
  <testcase name="repeatedTest(ApplicationContext)[961]" classname="org.springframework.test.context.junit.jupiter.parallel.ParallelExecutionSpringExtensionTests$TestCase" time="0.001"/>
  <testcase name="repeatedTest(ApplicationContext)[962]" classname="org.springframework.test.context.junit.jupiter.parallel.ParallelExecutionSpringExtensionTests$TestCase" time="0.0"/>
  <testcase name="repeatedTest(ApplicationContext)[963]" classname="org.springframework.test.context.junit.jupiter.parallel.ParallelExecutionSpringExtensionTests$TestCase" time="0.0"/>
  <testcase name="repeatedTest(ApplicationContext)[964]" classname="org.springframework.test.context.junit.jupiter.parallel.ParallelExecutionSpringExtensionTests$TestCase" time="0.0"/>
  <testcase name="repeatedTest(ApplicationContext)[965]" classname="org.springframework.test.context.junit.jupiter.parallel.ParallelExecutionSpringExtensionTests$TestCase" time="0.0"/>
  <testcase name="repeatedTest(ApplicationContext)[966]" classname="org.springframework.test.context.junit.jupiter.parallel.ParallelExecutionSpringExtensionTests$TestCase" time="0.0"/>
  <testcase name="repeatedTest(ApplicationContext)[967]" classname="org.springframework.test.context.junit.jupiter.parallel.ParallelExecutionSpringExtensionTests$TestCase" time="0.0"/>
  <testcase name="repeatedTest(ApplicationContext)[968]" classname="org.springframework.test.context.junit.jupiter.parallel.ParallelExecutionSpringExtensionTests$TestCase" time="0.0"/>
  <testcase name="repeatedTest(ApplicationContext)[969]" classname="org.springframework.test.context.junit.jupiter.parallel.ParallelExecutionSpringExtensionTests$TestCase" time="0.0"/>
  <testcase name="repeatedTest(ApplicationContext)[970]" classname="org.springframework.test.context.junit.jupiter.parallel.ParallelExecutionSpringExtensionTests$TestCase" time="0.0"/>
  <testcase name="repeatedTest(ApplicationContext)[971]" classname="org.springframework.test.context.junit.jupiter.parallel.ParallelExecutionSpringExtensionTests$TestCase" time="0.0"/>
  <testcase name="repeatedTest(ApplicationContext)[972]" classname="org.springframework.test.context.junit.jupiter.parallel.ParallelExecutionSpringExtensionTests$TestCase" time="0.001"/>
  <testcase name="repeatedTest(ApplicationContext)[973]" classname="org.springframework.test.context.junit.jupiter.parallel.ParallelExecutionSpringExtensionTests$TestCase" time="0.0"/>
  <testcase name="repeatedTest(ApplicationContext)[974]" classname="org.springframework.test.context.junit.jupiter.parallel.ParallelExecutionSpringExtensionTests$TestCase" time="0.0"/>
  <testcase name="repeatedTest(ApplicationContext)[975]" classname="org.springframework.test.context.junit.jupiter.parallel.ParallelExecutionSpringExtensionTests$TestCase" time="0.0"/>
  <testcase name="repeatedTest(ApplicationContext)[976]" classname="org.springframework.test.context.junit.jupiter.parallel.ParallelExecutionSpringExtensionTests$TestCase" time="0.0"/>
  <testcase name="repeatedTest(ApplicationContext)[977]" classname="org.springframework.test.context.junit.jupiter.parallel.ParallelExecutionSpringExtensionTests$TestCase" time="0.0"/>
  <testcase name="repeatedTest(ApplicationContext)[978]" classname="org.springframework.test.context.junit.jupiter.parallel.ParallelExecutionSpringExtensionTests$TestCase" time="0.001"/>
  <testcase name="repeatedTest(ApplicationContext)[979]" classname="org.springframework.test.context.junit.jupiter.parallel.ParallelExecutionSpringExtensionTests$TestCase" time="0.0"/>
  <testcase name="repeatedTest(ApplicationContext)[980]" classname="org.springframework.test.context.junit.jupiter.parallel.ParallelExecutionSpringExtensionTests$TestCase" time="0.0"/>
  <testcase name="repeatedTest(ApplicationContext)[981]" classname="org.springframework.test.context.junit.jupiter.parallel.ParallelExecutionSpringExtensionTests$TestCase" time="0.0"/>
  <testcase name="repeatedTest(ApplicationContext)[982]" classname="org.springframework.test.context.junit.jupiter.parallel.ParallelExecutionSpringExtensionTests$TestCase" time="0.0"/>
  <testcase name="repeatedTest(ApplicationContext)[983]" classname="org.springframework.test.context.junit.jupiter.parallel.ParallelExecutionSpringExtensionTests$TestCase" time="0.001"/>
  <testcase name="repeatedTest(ApplicationContext)[984]" classname="org.springframework.test.context.junit.jupiter.parallel.ParallelExecutionSpringExtensionTests$TestCase" time="0.0"/>
  <testcase name="repeatedTest(ApplicationContext)[985]" classname="org.springframework.test.context.junit.jupiter.parallel.ParallelExecutionSpringExtensionTests$TestCase" time="0.0"/>
  <testcase name="repeatedTest(ApplicationContext)[986]" classname="org.springframework.test.context.junit.jupiter.parallel.ParallelExecutionSpringExtensionTests$TestCase" time="0.0"/>
  <testcase name="repeatedTest(ApplicationContext)[987]" classname="org.springframework.test.context.junit.jupiter.parallel.ParallelExecutionSpringExtensionTests$TestCase" time="0.0"/>
  <testcase name="repeatedTest(ApplicationContext)[988]" classname="org.springframework.test.context.junit.jupiter.parallel.ParallelExecutionSpringExtensionTests$TestCase" time="0.0"/>
  <testcase name="repeatedTest(ApplicationContext)[989]" classname="org.springframework.test.context.junit.jupiter.parallel.ParallelExecutionSpringExtensionTests$TestCase" time="0.001"/>
  <testcase name="repeatedTest(ApplicationContext)[990]" classname="org.springframework.test.context.junit.jupiter.parallel.ParallelExecutionSpringExtensionTests$TestCase" time="0.0"/>
  <testcase name="repeatedTest(ApplicationContext)[991]" classname="org.springframework.test.context.junit.jupiter.parallel.ParallelExecutionSpringExtensionTests$TestCase" time="0.0"/>
  <testcase name="repeatedTest(ApplicationContext)[992]" classname="org.springframework.test.context.junit.jupiter.parallel.ParallelExecutionSpringExtensionTests$TestCase" time="0.0"/>
  <testcase name="repeatedTest(ApplicationContext)[993]" classname="org.springframework.test.context.junit.jupiter.parallel.ParallelExecutionSpringExtensionTests$TestCase" time="0.001"/>
  <testcase name="repeatedTest(ApplicationContext)[994]" classname="org.springframework.test.context.junit.jupiter.parallel.ParallelExecutionSpringExtensionTests$TestCase" time="0.0"/>
  <testcase name="repeatedTest(ApplicationContext)[995]" classname="org.springframework.test.context.junit.jupiter.parallel.ParallelExecutionSpringExtensionTests$TestCase" time="0.0"/>
  <testcase name="repeatedTest(ApplicationContext)[996]" classname="org.springframework.test.context.junit.jupiter.parallel.ParallelExecutionSpringExtensionTests$TestCase" time="0.0"/>
  <testcase name="repeatedTest(ApplicationContext)[997]" classname="org.springframework.test.context.junit.jupiter.parallel.ParallelExecutionSpringExtensionTests$TestCase" time="0.001"/>
  <testcase name="repeatedTest(ApplicationContext)[998]" classname="org.springframework.test.context.junit.jupiter.parallel.ParallelExecutionSpringExtensionTests$TestCase" time="0.0"/>
  <testcase name="repeatedTest(ApplicationContext)[999]" classname="org.springframework.test.context.junit.jupiter.parallel.ParallelExecutionSpringExtensionTests$TestCase" time="0.0"/>
  <testcase name="repeatedTest(ApplicationContext)[1000]" classname="org.springframework.test.context.junit.jupiter.parallel.ParallelExecutionSpringExtensionTests$TestCase" time="0.0"/>
  <system-out><![CDATA[]]></system-out>
  <system-err><![CDATA[]]></system-err>
</testsuite>
