<?xml version="1.0" encoding="UTF-8"?>
<testsuite name="org.springframework.test.context.junit.jupiter.SpringJUnitJupiterConstructorInjectionTests" tests="4" skipped="0" failures="0" errors="0" timestamp="2019-06-21T11:44:17" hostname="Macbook-Air.local" time="0.011">
  <properties/>
  <testcase name="applicationContextInjected()" classname="org.springframework.test.context.junit.jupiter.SpringJUnitJupiterConstructorInjectionTests" time="0.0"/>
  <testcase name="testInfoInjected()" classname="org.springframework.test.context.junit.jupiter.SpringJUnitJupiterConstructorInjectionTests" time="0.001"/>
  <testcase name="propertyPlaceholderInjected()" classname="org.springframework.test.context.junit.jupiter.SpringJUnitJupiterConstructorInjectionTests" time="0.0"/>
  <testcase name="beansInjected()" classname="org.springframework.test.context.junit.jupiter.SpringJUnitJupiterConstructorInjectionTests" time="0.001"/>
  <system-out><![CDATA[]]></system-out>
  <system-err><![CDATA[]]></system-err>
</testsuite>
