<?xml version="1.0" encoding="UTF-8"?>
<testsuite name="org.springframework.test.context.junit.jupiter.generics.CatTests" tests="2" skipped="0" failures="0" errors="0" timestamp="2019-06-21T11:44:01" hostname="Macbook-Air.local" time="0.242">
  <properties/>
  <testcase name="autowiredParameterByTypeForSingleGenericBean(Character)" classname="org.springframework.test.context.junit.jupiter.generics.CatTests" time="0.207"/>
  <testcase name="autowiredFields()" classname="org.springframework.test.context.junit.jupiter.generics.CatTests" time="0.032"/>
  <system-out><![CDATA[]]></system-out>
  <system-err><![CDATA[]]></system-err>
</testsuite>
