<?xml version="1.0" encoding="UTF-8"?>
<testsuite name="org.springframework.test.context.junit.jupiter.SpringExtensionParameterizedTests" tests="5" skipped="0" failures="0" errors="0" timestamp="2019-06-21T11:44:13" hostname="Macbook-Air.local" time="0.192">
  <properties/>
  <testcase name="people(String, List)[1]" classname="org.springframework.test.context.junit.jupiter.SpringExtensionParameterizedTests" time="0.046"/>
  <testcase name="people(String, List)[2]" classname="org.springframework.test.context.junit.jupiter.SpringExtensionParameterizedTests" time="0.002"/>
  <testcase name="cats(String, String, ApplicationContext)[1]" classname="org.springframework.test.context.junit.jupiter.SpringExtensionParameterizedTests" time="0.004"/>
  <testcase name="cats(String, String, ApplicationContext)[2]" classname="org.springframework.test.context.junit.jupiter.SpringExtensionParameterizedTests" time="0.0"/>
  <testcase name="dogs(String, String, ApplicationContext)[1]" classname="org.springframework.test.context.junit.jupiter.SpringExtensionParameterizedTests" time="0.001"/>
  <system-out><![CDATA[]]></system-out>
  <system-err><![CDATA[]]></system-err>
</testsuite>
