<?xml version="1.0" encoding="UTF-8"?>
<testsuite name="org.springframework.test.context.junit.jupiter.FailingBeforeAndAfterMethodsSpringExtensionTests" tests="9" skipped="0" failures="0" errors="0" timestamp="2020-11-25T14:40:37" hostname="lichangbaodeMacBook-Pro.local" time="0.144">
  <properties/>
  <testcase name="failingBeforeAndAfterCallbacks(Class)[1]" classname="org.springframework.test.context.junit.jupiter.FailingBeforeAndAfterMethodsSpringExtensionTests" time="0.043"/>
  <testcase name="failingBeforeAndAfterCallbacks(Class)[2]" classname="org.springframework.test.context.junit.jupiter.FailingBeforeAndAfterMethodsSpringExtensionTests" time="0.009"/>
  <testcase name="failingBeforeAndAfterCallbacks(Class)[3]" classname="org.springframework.test.context.junit.jupiter.FailingBeforeAndAfterMethodsSpringExtensionTests" time="0.008"/>
  <testcase name="failingBeforeAndAfterCallbacks(Class)[4]" classname="org.springframework.test.context.junit.jupiter.FailingBeforeAndAfterMethodsSpringExtensionTests" time="0.007"/>
  <testcase name="failingBeforeAndAfterCallbacks(Class)[5]" classname="org.springframework.test.context.junit.jupiter.FailingBeforeAndAfterMethodsSpringExtensionTests" time="0.008"/>
  <testcase name="failingBeforeAndAfterCallbacks(Class)[6]" classname="org.springframework.test.context.junit.jupiter.FailingBeforeAndAfterMethodsSpringExtensionTests" time="0.009"/>
  <testcase name="failingBeforeAndAfterCallbacks(Class)[7]" classname="org.springframework.test.context.junit.jupiter.FailingBeforeAndAfterMethodsSpringExtensionTests" time="0.008"/>
  <testcase name="failingBeforeAndAfterCallbacks(Class)[8]" classname="org.springframework.test.context.junit.jupiter.FailingBeforeAndAfterMethodsSpringExtensionTests" time="0.041"/>
  <testcase name="failingBeforeAndAfterCallbacks(Class)[9]" classname="org.springframework.test.context.junit.jupiter.FailingBeforeAndAfterMethodsSpringExtensionTests" time="0.008"/>
  <system-out><![CDATA[22:40:37.277 [Test worker] WARN  o.s.t.c.TestContextManager - Caught exception while invoking 'beforeTestClass' callback on TestExecutionListener [org.springframework.test.context.junit.jupiter.FailingBeforeAndAfterMethodsSpringExtensionTests$AlwaysFailingBeforeTestClassTestExecutionListener@d6e1d96] for test class [class org.springframework.test.context.junit.jupiter.FailingBeforeAndAfterMethodsSpringExtensionTests$AlwaysFailingBeforeTestClassTestCase]
java.lang.AssertionError: always failing beforeTestClass()
	at org.springframework.test.context.junit.jupiter.FailingBeforeAndAfterMethodsSpringExtensionTests$AlwaysFailingBeforeTestClassTestExecutionListener.beforeTestClass(FailingBeforeAndAfterMethodsSpringExtensionTests.java:127) ~[test/:?]
	at org.springframework.test.context.TestContextManager.beforeTestClass(TestContextManager.java:213) ~[main/:?]
	at org.springframework.test.context.junit.jupiter.SpringExtension.beforeAll(SpringExtension.java:77) ~[main/:?]
	at org.junit.jupiter.engine.descriptor.ClassBasedTestDescriptor.lambda$invokeBeforeAllCallbacks$7(ClassBasedTestDescriptor.java:353) ~[junit-jupiter-engine-5.5.0-RC2.jar:5.5.0-RC2]
	at org.junit.platform.engine.support.hierarchical.ThrowableCollector.execute(ThrowableCollector.java:73) ~[junit-platform-engine-1.5.0-RC2.jar:1.5.0-RC2]
	at org.junit.jupiter.engine.descriptor.ClassBasedTestDescriptor.invokeBeforeAllCallbacks(ClassBasedTestDescriptor.java:353) ~[junit-jupiter-engine-5.5.0-RC2.jar:5.5.0-RC2]
	at org.junit.jupiter.engine.descriptor.ClassBasedTestDescriptor.before(ClassBasedTestDescriptor.java:187) ~[junit-jupiter-engine-5.5.0-RC2.jar:5.5.0-RC2]
	at org.junit.jupiter.engine.descriptor.ClassBasedTestDescriptor.before(ClassBasedTestDescriptor.java:77) ~[junit-jupiter-engine-5.5.0-RC2.jar:5.5.0-RC2]
	at org.junit.platform.engine.support.hierarchical.NodeTestTask.lambda$executeRecursively$5(NodeTestTask.java:132) ~[junit-platform-engine-1.5.0-RC2.jar:1.5.0-RC2]
	at org.junit.platform.engine.support.hierarchical.ThrowableCollector.execute(ThrowableCollector.java:73) ~[junit-platform-engine-1.5.0-RC2.jar:1.5.0-RC2]
	at org.junit.platform.engine.support.hierarchical.NodeTestTask.lambda$executeRecursively$7(NodeTestTask.java:125) ~[junit-platform-engine-1.5.0-RC2.jar:1.5.0-RC2]
	at org.junit.platform.engine.support.hierarchical.Node.around(Node.java:135) ~[junit-platform-engine-1.5.0-RC2.jar:1.5.0-RC2]
	at org.junit.platform.engine.support.hierarchical.NodeTestTask.lambda$executeRecursively$8(NodeTestTask.java:123) ~[junit-platform-engine-1.5.0-RC2.jar:1.5.0-RC2]
	at org.junit.platform.engine.support.hierarchical.ThrowableCollector.execute(ThrowableCollector.java:73) ~[junit-platform-engine-1.5.0-RC2.jar:1.5.0-RC2]
	at org.junit.platform.engine.support.hierarchical.NodeTestTask.executeRecursively(NodeTestTask.java:122) ~[junit-platform-engine-1.5.0-RC2.jar:1.5.0-RC2]
	at org.junit.platform.engine.support.hierarchical.NodeTestTask.execute(NodeTestTask.java:80) ~[junit-platform-engine-1.5.0-RC2.jar:1.5.0-RC2]
	at java.util.ArrayList.forEach(ArrayList.java:1257) ~[?:1.8.0_211]
	at org.junit.platform.engine.support.hierarchical.SameThreadHierarchicalTestExecutorService.invokeAll(SameThreadHierarchicalTestExecutorService.java:38) ~[junit-platform-engine-1.5.0-RC2.jar:1.5.0-RC2]
	at org.junit.platform.engine.support.hierarchical.NodeTestTask.lambda$executeRecursively$5(NodeTestTask.java:139) ~[junit-platform-engine-1.5.0-RC2.jar:1.5.0-RC2]
	at org.junit.platform.engine.support.hierarchical.ThrowableCollector.execute(ThrowableCollector.java:73) ~[junit-platform-engine-1.5.0-RC2.jar:1.5.0-RC2]
	at org.junit.platform.engine.support.hierarchical.NodeTestTask.lambda$executeRecursively$7(NodeTestTask.java:125) ~[junit-platform-engine-1.5.0-RC2.jar:1.5.0-RC2]
	at org.junit.platform.engine.support.hierarchical.Node.around(Node.java:135) ~[junit-platform-engine-1.5.0-RC2.jar:1.5.0-RC2]
	at org.junit.platform.engine.support.hierarchical.NodeTestTask.lambda$executeRecursively$8(NodeTestTask.java:123) ~[junit-platform-engine-1.5.0-RC2.jar:1.5.0-RC2]
	at org.junit.platform.engine.support.hierarchical.ThrowableCollector.execute(ThrowableCollector.java:73) ~[junit-platform-engine-1.5.0-RC2.jar:1.5.0-RC2]
	at org.junit.platform.engine.support.hierarchical.NodeTestTask.executeRecursively(NodeTestTask.java:122) ~[junit-platform-engine-1.5.0-RC2.jar:1.5.0-RC2]
	at org.junit.platform.engine.support.hierarchical.NodeTestTask.execute(NodeTestTask.java:80) ~[junit-platform-engine-1.5.0-RC2.jar:1.5.0-RC2]
	at org.junit.platform.engine.support.hierarchical.SameThreadHierarchicalTestExecutorService.submit(SameThreadHierarchicalTestExecutorService.java:32) ~[junit-platform-engine-1.5.0-RC2.jar:1.5.0-RC2]
	at org.junit.platform.engine.support.hierarchical.HierarchicalTestExecutor.execute(HierarchicalTestExecutor.java:57) ~[junit-platform-engine-1.5.0-RC2.jar:1.5.0-RC2]
	at org.junit.platform.engine.support.hierarchical.HierarchicalTestEngine.execute(HierarchicalTestEngine.java:51) ~[junit-platform-engine-1.5.0-RC2.jar:1.5.0-RC2]
	at org.junit.platform.testkit.engine.EngineTestKit.execute(EngineTestKit.java:189) ~[junit-platform-testkit-1.5.0-RC2.jar:1.5.0-RC2]
	at org.junit.platform.testkit.engine.EngineTestKit.access$100(EngineTestKit.java:54) ~[junit-platform-testkit-1.5.0-RC2.jar:1.5.0-RC2]
	at org.junit.platform.testkit.engine.EngineTestKit$Builder.execute(EngineTestKit.java:343) ~[junit-platform-testkit-1.5.0-RC2.jar:1.5.0-RC2]
	at org.springframework.test.context.junit.jupiter.FailingBeforeAndAfterMethodsSpringExtensionTests.failingBeforeAndAfterCallbacks(FailingBeforeAndAfterMethodsSpringExtensionTests.java:84) ~[test/:?]
	at sun.reflect.NativeMethodAccessorImpl.invoke0(Native Method) ~[?:1.8.0_211]
	at sun.reflect.NativeMethodAccessorImpl.invoke(NativeMethodAccessorImpl.java:62) ~[?:1.8.0_211]
	at sun.reflect.DelegatingMethodAccessorImpl.invoke(DelegatingMethodAccessorImpl.java:43) ~[?:1.8.0_211]
	at java.lang.reflect.Method.invoke(Method.java:498) ~[?:1.8.0_211]
	at org.junit.platform.commons.util.ReflectionUtils.invokeMethod(ReflectionUtils.java:675) ~[junit-platform-commons-1.5.0-RC2.jar:1.5.0-RC2]
	at org.junit.jupiter.engine.execution.MethodInvocation.proceed(MethodInvocation.java:60) ~[junit-jupiter-engine-5.5.0-RC2.jar:5.5.0-RC2]
	at org.junit.jupiter.engine.execution.InvocationInterceptorChain$ValidatingInvocation.proceed(InvocationInterceptorChain.java:125) ~[junit-jupiter-engine-5.5.0-RC2.jar:5.5.0-RC2]
	at org.junit.jupiter.engine.extension.TimeoutExtension.intercept(TimeoutExtension.java:132) ~[junit-jupiter-engine-5.5.0-RC2.jar:5.5.0-RC2]
	at org.junit.jupiter.engine.extension.TimeoutExtension.interceptTestableMethod(TimeoutExtension.java:124) ~[junit-jupiter-engine-5.5.0-RC2.jar:5.5.0-RC2]
	at org.junit.jupiter.engine.extension.TimeoutExtension.interceptTestTemplateMethod(TimeoutExtension.java:81) ~[junit-jupiter-engine-5.5.0-RC2.jar:5.5.0-RC2]
	at org.junit.jupiter.engine.execution.ExecutableInvoker$ReflectiveInterceptorCall.lambda$ofVoidMethod$0(ExecutableInvoker.java:115) ~[junit-jupiter-engine-5.5.0-RC2.jar:5.5.0-RC2]
	at org.junit.jupiter.engine.execution.ExecutableInvoker.lambda$invoke$0(ExecutableInvoker.java:105) ~[junit-jupiter-engine-5.5.0-RC2.jar:5.5.0-RC2]
	at org.junit.jupiter.engine.execution.InvocationInterceptorChain$InterceptedInvocation.proceed(InvocationInterceptorChain.java:104) ~[junit-jupiter-engine-5.5.0-RC2.jar:5.5.0-RC2]
	at org.junit.jupiter.engine.execution.InvocationInterceptorChain.proceed(InvocationInterceptorChain.java:62) ~[junit-jupiter-engine-5.5.0-RC2.jar:5.5.0-RC2]
	at org.junit.jupiter.engine.execution.InvocationInterceptorChain.chainAndInvoke(InvocationInterceptorChain.java:43) ~[junit-jupiter-engine-5.5.0-RC2.jar:5.5.0-RC2]
	at org.junit.jupiter.engine.execution.InvocationInterceptorChain.invoke(InvocationInterceptorChain.java:35) ~[junit-jupiter-engine-5.5.0-RC2.jar:5.5.0-RC2]
	at org.junit.jupiter.engine.execution.ExecutableInvoker.invoke(ExecutableInvoker.java:104) ~[junit-jupiter-engine-5.5.0-RC2.jar:5.5.0-RC2]
	at org.junit.jupiter.engine.execution.ExecutableInvoker.invoke(ExecutableInvoker.java:98) ~[junit-jupiter-engine-5.5.0-RC2.jar:5.5.0-RC2]
	at org.junit.jupiter.engine.descriptor.TestMethodTestDescriptor.lambda$invokeTestMethod$6(TestMethodTestDescriptor.java:202) ~[junit-jupiter-engine-5.5.0-RC2.jar:5.5.0-RC2]
	at org.junit.platform.engine.support.hierarchical.ThrowableCollector.execute(ThrowableCollector.java:73) ~[junit-platform-engine-1.5.0-RC2.jar:1.5.0-RC2]
	at org.junit.jupiter.engine.descriptor.TestMethodTestDescriptor.invokeTestMethod(TestMethodTestDescriptor.java:198) ~[junit-jupiter-engine-5.5.0-RC2.jar:5.5.0-RC2]
	at org.junit.jupiter.engine.descriptor.TestMethodTestDescriptor.execute(TestMethodTestDescriptor.java:135) ~[junit-jupiter-engine-5.5.0-RC2.jar:5.5.0-RC2]
	at org.junit.jupiter.engine.descriptor.TestMethodTestDescriptor.execute(TestMethodTestDescriptor.java:69) ~[junit-jupiter-engine-5.5.0-RC2.jar:5.5.0-RC2]
	at org.junit.platform.engine.support.hierarchical.NodeTestTask.lambda$executeRecursively$5(NodeTestTask.java:135) ~[junit-platform-engine-1.5.0-RC2.jar:1.5.0-RC2]
	at org.junit.platform.engine.support.hierarchical.ThrowableCollector.execute(ThrowableCollector.java:73) ~[junit-platform-engine-1.5.0-RC2.jar:1.5.0-RC2]
	at org.junit.platform.engine.support.hierarchical.NodeTestTask.lambda$executeRecursively$7(NodeTestTask.java:125) ~[junit-platform-engine-1.5.0-RC2.jar:1.5.0-RC2]
	at org.junit.platform.engine.support.hierarchical.Node.around(Node.java:135) ~[junit-platform-engine-1.5.0-RC2.jar:1.5.0-RC2]
	at org.junit.platform.engine.support.hierarchical.NodeTestTask.lambda$executeRecursively$8(NodeTestTask.java:123) ~[junit-platform-engine-1.5.0-RC2.jar:1.5.0-RC2]
	at org.junit.platform.engine.support.hierarchical.ThrowableCollector.execute(ThrowableCollector.java:73) ~[junit-platform-engine-1.5.0-RC2.jar:1.5.0-RC2]
	at org.junit.platform.engine.support.hierarchical.NodeTestTask.executeRecursively(NodeTestTask.java:122) ~[junit-platform-engine-1.5.0-RC2.jar:1.5.0-RC2]
	at org.junit.platform.engine.support.hierarchical.NodeTestTask.execute(NodeTestTask.java:80) ~[junit-platform-engine-1.5.0-RC2.jar:1.5.0-RC2]
	at org.junit.platform.engine.support.hierarchical.SameThreadHierarchicalTestExecutorService.submit(SameThreadHierarchicalTestExecutorService.java:32) ~[junit-platform-engine-1.5.0-RC2.jar:1.5.0-RC2]
	at org.junit.platform.engine.support.hierarchical.NodeTestTask$DefaultDynamicTestExecutor.execute(NodeTestTask.java:198) ~[junit-platform-engine-1.5.0-RC2.jar:1.5.0-RC2]
	at org.junit.jupiter.engine.descriptor.TestTemplateTestDescriptor.execute(TestTemplateTestDescriptor.java:138) ~[junit-jupiter-engine-5.5.0-RC2.jar:5.5.0-RC2]
	at org.junit.jupiter.engine.descriptor.TestTemplateTestDescriptor.lambda$execute$2(TestTemplateTestDescriptor.java:106) ~[junit-jupiter-engine-5.5.0-RC2.jar:5.5.0-RC2]
	at java.util.stream.ForEachOps$ForEachOp$OfRef.accept(ForEachOps.java:184) ~[?:1.8.0_211]
	at java.util.stream.ReferencePipeline$3$1.accept(ReferencePipeline.java:193) ~[?:1.8.0_211]
	at java.util.stream.ReferencePipeline$2$1.accept(ReferencePipeline.java:175) ~[?:1.8.0_211]
	at java.util.stream.ReferencePipeline$3$1.accept(ReferencePipeline.java:193) ~[?:1.8.0_211]
	at java.util.stream.ForEachOps$ForEachOp$OfRef.accept(ForEachOps.java:184) ~[?:1.8.0_211]
	at java.util.stream.ReferencePipeline$11$1.accept(ReferencePipeline.java:373) ~[?:1.8.0_211]
	at java.util.stream.ReferencePipeline$3$1.accept(ReferencePipeline.java:193) ~[?:1.8.0_211]
	at java.util.stream.ReferencePipeline$3$1.accept(ReferencePipeline.java:193) ~[?:1.8.0_211]
	at java.util.stream.ReferencePipeline$3$1.accept(ReferencePipeline.java:193) ~[?:1.8.0_211]
	at java.util.stream.ForEachOps$ForEachOp$OfRef.accept(ForEachOps.java:184) ~[?:1.8.0_211]
	at java.util.stream.ReferencePipeline$3$1.accept(ReferencePipeline.java:193) ~[?:1.8.0_211]
	at java.util.Spliterators$ArraySpliterator.forEachRemaining(Spliterators.java:948) ~[?:1.8.0_211]
	at java.util.stream.AbstractPipeline.copyInto(AbstractPipeline.java:481) ~[?:1.8.0_211]
	at java.util.stream.AbstractPipeline.wrapAndCopyInto(AbstractPipeline.java:471) ~[?:1.8.0_211]
	at java.util.stream.ForEachOps$ForEachOp.evaluateSequential(ForEachOps.java:151) ~[?:1.8.0_211]
	at java.util.stream.ForEachOps$ForEachOp$OfRef.evaluateSequential(ForEachOps.java:174) ~[?:1.8.0_211]
	at java.util.stream.AbstractPipeline.evaluate(AbstractPipeline.java:234) ~[?:1.8.0_211]
	at java.util.stream.ReferencePipeline.forEach(ReferencePipeline.java:418) ~[?:1.8.0_211]
	at java.util.stream.ReferencePipeline$7$1.accept(ReferencePipeline.java:270) ~[?:1.8.0_211]
	at java.util.stream.ReferencePipeline$3$1.accept(ReferencePipeline.java:193) ~[?:1.8.0_211]
	at java.util.stream.ReferencePipeline$3$1.accept(ReferencePipeline.java:193) ~[?:1.8.0_211]
	at java.util.stream.ReferencePipeline$3$1.accept(ReferencePipeline.java:193) ~[?:1.8.0_211]
	at java.util.ArrayList$ArrayListSpliterator.forEachRemaining(ArrayList.java:1382) ~[?:1.8.0_211]
	at java.util.stream.AbstractPipeline.copyInto(AbstractPipeline.java:481) ~[?:1.8.0_211]
	at java.util.stream.AbstractPipeline.wrapAndCopyInto(AbstractPipeline.java:471) ~[?:1.8.0_211]
	at java.util.stream.ForEachOps$ForEachOp.evaluateSequential(ForEachOps.java:151) ~[?:1.8.0_211]
	at java.util.stream.ForEachOps$ForEachOp$OfRef.evaluateSequential(ForEachOps.java:174) ~[?:1.8.0_211]
	at java.util.stream.AbstractPipeline.evaluate(AbstractPipeline.java:234) ~[?:1.8.0_211]
	at java.util.stream.ReferencePipeline.forEach(ReferencePipeline.java:418) ~[?:1.8.0_211]
	at java.util.stream.ReferencePipeline$7$1.accept(ReferencePipeline.java:270) ~[?:1.8.0_211]
	at java.util.ArrayList$ArrayListSpliterator.forEachRemaining(ArrayList.java:1382) ~[?:1.8.0_211]
	at java.util.stream.AbstractPipeline.copyInto(AbstractPipeline.java:481) ~[?:1.8.0_211]
	at java.util.stream.AbstractPipeline.wrapAndCopyInto(AbstractPipeline.java:471) ~[?:1.8.0_211]
	at java.util.stream.ForEachOps$ForEachOp.evaluateSequential(ForEachOps.java:151) ~[?:1.8.0_211]
	at java.util.stream.ForEachOps$ForEachOp$OfRef.evaluateSequential(ForEachOps.java:174) ~[?:1.8.0_211]
	at java.util.stream.AbstractPipeline.evaluate(AbstractPipeline.java:234) ~[?:1.8.0_211]
	at java.util.stream.ReferencePipeline.forEach(ReferencePipeline.java:418) ~[?:1.8.0_211]
	at org.junit.jupiter.engine.descriptor.TestTemplateTestDescriptor.execute(TestTemplateTestDescriptor.java:106) ~[junit-jupiter-engine-5.5.0-RC2.jar:5.5.0-RC2]
	at org.junit.jupiter.engine.descriptor.TestTemplateTestDescriptor.execute(TestTemplateTestDescriptor.java:41) ~[junit-jupiter-engine-5.5.0-RC2.jar:5.5.0-RC2]
	at org.junit.platform.engine.support.hierarchical.NodeTestTask.lambda$executeRecursively$5(NodeTestTask.java:135) ~[junit-platform-engine-1.5.0-RC2.jar:1.5.0-RC2]
	at org.junit.platform.engine.support.hierarchical.ThrowableCollector.execute(ThrowableCollector.java:73) ~[junit-platform-engine-1.5.0-RC2.jar:1.5.0-RC2]
	at org.junit.platform.engine.support.hierarchical.NodeTestTask.lambda$executeRecursively$7(NodeTestTask.java:125) ~[junit-platform-engine-1.5.0-RC2.jar:1.5.0-RC2]
	at org.junit.platform.engine.support.hierarchical.Node.around(Node.java:135) ~[junit-platform-engine-1.5.0-RC2.jar:1.5.0-RC2]
	at org.junit.platform.engine.support.hierarchical.NodeTestTask.lambda$executeRecursively$8(NodeTestTask.java:123) ~[junit-platform-engine-1.5.0-RC2.jar:1.5.0-RC2]
	at org.junit.platform.engine.support.hierarchical.ThrowableCollector.execute(ThrowableCollector.java:73) ~[junit-platform-engine-1.5.0-RC2.jar:1.5.0-RC2]
	at org.junit.platform.engine.support.hierarchical.NodeTestTask.executeRecursively(NodeTestTask.java:122) ~[junit-platform-engine-1.5.0-RC2.jar:1.5.0-RC2]
	at org.junit.platform.engine.support.hierarchical.NodeTestTask.execute(NodeTestTask.java:80) ~[junit-platform-engine-1.5.0-RC2.jar:1.5.0-RC2]
	at java.util.ArrayList.forEach(ArrayList.java:1257) ~[?:1.8.0_211]
	at org.junit.platform.engine.support.hierarchical.SameThreadHierarchicalTestExecutorService.invokeAll(SameThreadHierarchicalTestExecutorService.java:38) ~[junit-platform-engine-1.5.0-RC2.jar:1.5.0-RC2]
	at org.junit.platform.engine.support.hierarchical.NodeTestTask.lambda$executeRecursively$5(NodeTestTask.java:139) ~[junit-platform-engine-1.5.0-RC2.jar:1.5.0-RC2]
	at org.junit.platform.engine.support.hierarchical.ThrowableCollector.execute(ThrowableCollector.java:73) ~[junit-platform-engine-1.5.0-RC2.jar:1.5.0-RC2]
	at org.junit.platform.engine.support.hierarchical.NodeTestTask.lambda$executeRecursively$7(NodeTestTask.java:125) ~[junit-platform-engine-1.5.0-RC2.jar:1.5.0-RC2]
	at org.junit.platform.engine.support.hierarchical.Node.around(Node.java:135) ~[junit-platform-engine-1.5.0-RC2.jar:1.5.0-RC2]
	at org.junit.platform.engine.support.hierarchical.NodeTestTask.lambda$executeRecursively$8(NodeTestTask.java:123) ~[junit-platform-engine-1.5.0-RC2.jar:1.5.0-RC2]
	at org.junit.platform.engine.support.hierarchical.ThrowableCollector.execute(ThrowableCollector.java:73) ~[junit-platform-engine-1.5.0-RC2.jar:1.5.0-RC2]
	at org.junit.platform.engine.support.hierarchical.NodeTestTask.executeRecursively(NodeTestTask.java:122) ~[junit-platform-engine-1.5.0-RC2.jar:1.5.0-RC2]
	at org.junit.platform.engine.support.hierarchical.NodeTestTask.execute(NodeTestTask.java:80) ~[junit-platform-engine-1.5.0-RC2.jar:1.5.0-RC2]
	at java.util.ArrayList.forEach(ArrayList.java:1257) ~[?:1.8.0_211]
	at org.junit.platform.engine.support.hierarchical.SameThreadHierarchicalTestExecutorService.invokeAll(SameThreadHierarchicalTestExecutorService.java:38) ~[junit-platform-engine-1.5.0-RC2.jar:1.5.0-RC2]
	at org.junit.platform.engine.support.hierarchical.NodeTestTask.lambda$executeRecursively$5(NodeTestTask.java:139) ~[junit-platform-engine-1.5.0-RC2.jar:1.5.0-RC2]
	at org.junit.platform.engine.support.hierarchical.ThrowableCollector.execute(ThrowableCollector.java:73) ~[junit-platform-engine-1.5.0-RC2.jar:1.5.0-RC2]
	at org.junit.platform.engine.support.hierarchical.NodeTestTask.lambda$executeRecursively$7(NodeTestTask.java:125) ~[junit-platform-engine-1.5.0-RC2.jar:1.5.0-RC2]
	at org.junit.platform.engine.support.hierarchical.Node.around(Node.java:135) ~[junit-platform-engine-1.5.0-RC2.jar:1.5.0-RC2]
	at org.junit.platform.engine.support.hierarchical.NodeTestTask.lambda$executeRecursively$8(NodeTestTask.java:123) ~[junit-platform-engine-1.5.0-RC2.jar:1.5.0-RC2]
	at org.junit.platform.engine.support.hierarchical.ThrowableCollector.execute(ThrowableCollector.java:73) ~[junit-platform-engine-1.5.0-RC2.jar:1.5.0-RC2]
	at org.junit.platform.engine.support.hierarchical.NodeTestTask.executeRecursively(NodeTestTask.java:122) ~[junit-platform-engine-1.5.0-RC2.jar:1.5.0-RC2]
	at org.junit.platform.engine.support.hierarchical.NodeTestTask.execute(NodeTestTask.java:80) ~[junit-platform-engine-1.5.0-RC2.jar:1.5.0-RC2]
	at org.junit.platform.engine.support.hierarchical.SameThreadHierarchicalTestExecutorService.submit(SameThreadHierarchicalTestExecutorService.java:32) ~[junit-platform-engine-1.5.0-RC2.jar:1.5.0-RC2]
	at org.junit.platform.engine.support.hierarchical.HierarchicalTestExecutor.execute(HierarchicalTestExecutor.java:57) ~[junit-platform-engine-1.5.0-RC2.jar:1.5.0-RC2]
	at org.junit.platform.engine.support.hierarchical.HierarchicalTestEngine.execute(HierarchicalTestEngine.java:51) ~[junit-platform-engine-1.5.0-RC2.jar:1.5.0-RC2]
	at org.junit.platform.launcher.core.DefaultLauncher.execute(DefaultLauncher.java:229) ~[junit-platform-launcher-1.5.0-RC2.jar:1.5.0-RC2]
	at org.junit.platform.launcher.core.DefaultLauncher.lambda$execute$6(DefaultLauncher.java:197) ~[junit-platform-launcher-1.5.0-RC2.jar:1.5.0-RC2]
	at org.junit.platform.launcher.core.DefaultLauncher.withInterceptedStreams(DefaultLauncher.java:211) [junit-platform-launcher-1.5.0-RC2.jar:1.5.0-RC2]
	at org.junit.platform.launcher.core.DefaultLauncher.execute(DefaultLauncher.java:191) [junit-platform-launcher-1.5.0-RC2.jar:1.5.0-RC2]
	at org.junit.platform.launcher.core.DefaultLauncher.execute(DefaultLauncher.java:128) [junit-platform-launcher-1.5.0-RC2.jar:1.5.0-RC2]
	at org.gradle.api.internal.tasks.testing.junitplatform.JUnitPlatformTestClassProcessor$CollectAllTestClassesExecutor.processAllTestClasses(JUnitPlatformTestClassProcessor.java:92) [gradle-testing-junit-platform-4.10.3.jar:4.10.3]
	at org.gradle.api.internal.tasks.testing.junitplatform.JUnitPlatformTestClassProcessor$CollectAllTestClassesExecutor.access$100(JUnitPlatformTestClassProcessor.java:77) [gradle-testing-junit-platform-4.10.3.jar:4.10.3]
	at org.gradle.api.internal.tasks.testing.junitplatform.JUnitPlatformTestClassProcessor.stop(JUnitPlatformTestClassProcessor.java:73) [gradle-testing-junit-platform-4.10.3.jar:4.10.3]
	at org.gradle.api.internal.tasks.testing.SuiteTestClassProcessor.stop(SuiteTestClassProcessor.java:61) [gradle-testing-base-4.10.3.jar:4.10.3]
	at sun.reflect.NativeMethodAccessorImpl.invoke0(Native Method) ~[?:1.8.0_211]
	at sun.reflect.NativeMethodAccessorImpl.invoke(NativeMethodAccessorImpl.java:62) ~[?:1.8.0_211]
	at sun.reflect.DelegatingMethodAccessorImpl.invoke(DelegatingMethodAccessorImpl.java:43) ~[?:1.8.0_211]
	at java.lang.reflect.Method.invoke(Method.java:498) ~[?:1.8.0_211]
	at org.gradle.internal.dispatch.ReflectionDispatch.dispatch(ReflectionDispatch.java:35) [gradle-messaging-4.10.3.jar:4.10.3]
	at org.gradle.internal.dispatch.ReflectionDispatch.dispatch(ReflectionDispatch.java:24) [gradle-messaging-4.10.3.jar:4.10.3]
	at org.gradle.internal.dispatch.ContextClassLoaderDispatch.dispatch(ContextClassLoaderDispatch.java:32) [gradle-messaging-4.10.3.jar:4.10.3]
	at org.gradle.internal.dispatch.ProxyDispatchAdapter$DispatchingInvocationHandler.invoke(ProxyDispatchAdapter.java:93) [gradle-messaging-4.10.3.jar:4.10.3]
	at com.sun.proxy.$Proxy2.stop(Unknown Source) [?:?]
	at org.gradle.api.internal.tasks.testing.worker.TestWorker.stop(TestWorker.java:131) [gradle-testing-base-4.10.3.jar:4.10.3]
	at sun.reflect.NativeMethodAccessorImpl.invoke0(Native Method) ~[?:1.8.0_211]
	at sun.reflect.NativeMethodAccessorImpl.invoke(NativeMethodAccessorImpl.java:62) ~[?:1.8.0_211]
	at sun.reflect.DelegatingMethodAccessorImpl.invoke(DelegatingMethodAccessorImpl.java:43) ~[?:1.8.0_211]
	at java.lang.reflect.Method.invoke(Method.java:498) ~[?:1.8.0_211]
	at org.gradle.internal.dispatch.ReflectionDispatch.dispatch(ReflectionDispatch.java:35) [gradle-messaging-4.10.3.jar:4.10.3]
	at org.gradle.internal.dispatch.ReflectionDispatch.dispatch(ReflectionDispatch.java:24) [gradle-messaging-4.10.3.jar:4.10.3]
	at org.gradle.internal.remote.internal.hub.MessageHubBackedObjectConnection$DispatchWrapper.dispatch(MessageHubBackedObjectConnection.java:155) [gradle-messaging-4.10.3.jar:4.10.3]
	at org.gradle.internal.remote.internal.hub.MessageHubBackedObjectConnection$DispatchWrapper.dispatch(MessageHubBackedObjectConnection.java:137) [gradle-messaging-4.10.3.jar:4.10.3]
	at org.gradle.internal.remote.internal.hub.MessageHub$Handler.run(MessageHub.java:404) [gradle-messaging-4.10.3.jar:4.10.3]
	at org.gradle.internal.concurrent.ExecutorPolicy$CatchAndRecordFailures.onExecute(ExecutorPolicy.java:63) [gradle-base-services-4.10.3.jar:4.10.3]
	at org.gradle.internal.concurrent.ManagedExecutorImpl$1.run(ManagedExecutorImpl.java:46) [gradle-base-services-4.10.3.jar:4.10.3]
	at java.util.concurrent.ThreadPoolExecutor.runWorker(ThreadPoolExecutor.java:1149) [?:1.8.0_211]
	at java.util.concurrent.ThreadPoolExecutor$Worker.run(ThreadPoolExecutor.java:624) [?:1.8.0_211]
	at org.gradle.internal.concurrent.ThreadFactoryImpl$ManagedThreadRunnable.run(ThreadFactoryImpl.java:55) [gradle-base-services-4.10.3.jar:4.10.3]
	at java.lang.Thread.run(Thread.java:748) [?:1.8.0_211]
22:40:37.305 [Test worker] WARN  o.s.t.c.TestContextManager - Caught exception while invoking 'afterTestClass' callback on TestExecutionListener [org.springframework.test.context.junit.jupiter.FailingBeforeAndAfterMethodsSpringExtensionTests$AlwaysFailingAfterTestClassTestExecutionListener@4d5e0d35] for test class [class org.springframework.test.context.junit.jupiter.FailingBeforeAndAfterMethodsSpringExtensionTests$AlwaysFailingAfterTestClassTestCase]
java.lang.AssertionError: always failing afterTestClass()
	at org.springframework.test.context.junit.jupiter.FailingBeforeAndAfterMethodsSpringExtensionTests$AlwaysFailingAfterTestClassTestExecutionListener.afterTestClass(FailingBeforeAndAfterMethodsSpringExtensionTests.java:135) ~[test/:?]
	at org.springframework.test.context.TestContextManager.afterTestClass(TestContextManager.java:488) ~[main/:?]
	at org.springframework.test.context.junit.jupiter.SpringExtension.afterAll(SpringExtension.java:86) ~[main/:?]
	at org.junit.jupiter.engine.descriptor.ClassBasedTestDescriptor.lambda$invokeAfterAllCallbacks$13(ClassBasedTestDescriptor.java:419) ~[junit-jupiter-engine-5.5.0-RC2.jar:5.5.0-RC2]
	at org.junit.platform.engine.support.hierarchical.ThrowableCollector.execute(ThrowableCollector.java:73) ~[junit-platform-engine-1.5.0-RC2.jar:1.5.0-RC2]
	at org.junit.jupiter.engine.descriptor.ClassBasedTestDescriptor.lambda$invokeAfterAllCallbacks$14(ClassBasedTestDescriptor.java:419) ~[junit-jupiter-engine-5.5.0-RC2.jar:5.5.0-RC2]
	at java.util.ArrayList.forEach(ArrayList.java:1257) ~[?:1.8.0_211]
	at org.junit.jupiter.engine.descriptor.ClassBasedTestDescriptor.invokeAfterAllCallbacks(ClassBasedTestDescriptor.java:419) ~[junit-jupiter-engine-5.5.0-RC2.jar:5.5.0-RC2]
	at org.junit.jupiter.engine.descriptor.ClassBasedTestDescriptor.after(ClassBasedTestDescriptor.java:211) ~[junit-jupiter-engine-5.5.0-RC2.jar:5.5.0-RC2]
	at org.junit.jupiter.engine.descriptor.ClassBasedTestDescriptor.after(ClassBasedTestDescriptor.java:77) ~[junit-jupiter-engine-5.5.0-RC2.jar:5.5.0-RC2]
	at org.junit.platform.engine.support.hierarchical.NodeTestTask.lambda$executeRecursively$6(NodeTestTask.java:145) ~[junit-platform-engine-1.5.0-RC2.jar:1.5.0-RC2]
	at org.junit.platform.engine.support.hierarchical.ThrowableCollector.execute(ThrowableCollector.java:73) ~[junit-platform-engine-1.5.0-RC2.jar:1.5.0-RC2]
	at org.junit.platform.engine.support.hierarchical.NodeTestTask.lambda$executeRecursively$7(NodeTestTask.java:145) ~[junit-platform-engine-1.5.0-RC2.jar:1.5.0-RC2]
	at org.junit.platform.engine.support.hierarchical.Node.around(Node.java:135) ~[junit-platform-engine-1.5.0-RC2.jar:1.5.0-RC2]
	at org.junit.platform.engine.support.hierarchical.NodeTestTask.lambda$executeRecursively$8(NodeTestTask.java:123) ~[junit-platform-engine-1.5.0-RC2.jar:1.5.0-RC2]
	at org.junit.platform.engine.support.hierarchical.ThrowableCollector.execute(ThrowableCollector.java:73) ~[junit-platform-engine-1.5.0-RC2.jar:1.5.0-RC2]
	at org.junit.platform.engine.support.hierarchical.NodeTestTask.executeRecursively(NodeTestTask.java:122) ~[junit-platform-engine-1.5.0-RC2.jar:1.5.0-RC2]
	at org.junit.platform.engine.support.hierarchical.NodeTestTask.execute(NodeTestTask.java:80) ~[junit-platform-engine-1.5.0-RC2.jar:1.5.0-RC2]
	at java.util.ArrayList.forEach(ArrayList.java:1257) ~[?:1.8.0_211]
	at org.junit.platform.engine.support.hierarchical.SameThreadHierarchicalTestExecutorService.invokeAll(SameThreadHierarchicalTestExecutorService.java:38) ~[junit-platform-engine-1.5.0-RC2.jar:1.5.0-RC2]
	at org.junit.platform.engine.support.hierarchical.NodeTestTask.lambda$executeRecursively$5(NodeTestTask.java:139) ~[junit-platform-engine-1.5.0-RC2.jar:1.5.0-RC2]
	at org.junit.platform.engine.support.hierarchical.ThrowableCollector.execute(ThrowableCollector.java:73) ~[junit-platform-engine-1.5.0-RC2.jar:1.5.0-RC2]
	at org.junit.platform.engine.support.hierarchical.NodeTestTask.lambda$executeRecursively$7(NodeTestTask.java:125) ~[junit-platform-engine-1.5.0-RC2.jar:1.5.0-RC2]
	at org.junit.platform.engine.support.hierarchical.Node.around(Node.java:135) ~[junit-platform-engine-1.5.0-RC2.jar:1.5.0-RC2]
	at org.junit.platform.engine.support.hierarchical.NodeTestTask.lambda$executeRecursively$8(NodeTestTask.java:123) ~[junit-platform-engine-1.5.0-RC2.jar:1.5.0-RC2]
	at org.junit.platform.engine.support.hierarchical.ThrowableCollector.execute(ThrowableCollector.java:73) ~[junit-platform-engine-1.5.0-RC2.jar:1.5.0-RC2]
	at org.junit.platform.engine.support.hierarchical.NodeTestTask.executeRecursively(NodeTestTask.java:122) ~[junit-platform-engine-1.5.0-RC2.jar:1.5.0-RC2]
	at org.junit.platform.engine.support.hierarchical.NodeTestTask.execute(NodeTestTask.java:80) ~[junit-platform-engine-1.5.0-RC2.jar:1.5.0-RC2]
	at org.junit.platform.engine.support.hierarchical.SameThreadHierarchicalTestExecutorService.submit(SameThreadHierarchicalTestExecutorService.java:32) ~[junit-platform-engine-1.5.0-RC2.jar:1.5.0-RC2]
	at org.junit.platform.engine.support.hierarchical.HierarchicalTestExecutor.execute(HierarchicalTestExecutor.java:57) ~[junit-platform-engine-1.5.0-RC2.jar:1.5.0-RC2]
	at org.junit.platform.engine.support.hierarchical.HierarchicalTestEngine.execute(HierarchicalTestEngine.java:51) ~[junit-platform-engine-1.5.0-RC2.jar:1.5.0-RC2]
	at org.junit.platform.testkit.engine.EngineTestKit.execute(EngineTestKit.java:189) ~[junit-platform-testkit-1.5.0-RC2.jar:1.5.0-RC2]
	at org.junit.platform.testkit.engine.EngineTestKit.access$100(EngineTestKit.java:54) ~[junit-platform-testkit-1.5.0-RC2.jar:1.5.0-RC2]
	at org.junit.platform.testkit.engine.EngineTestKit$Builder.execute(EngineTestKit.java:343) ~[junit-platform-testkit-1.5.0-RC2.jar:1.5.0-RC2]
	at org.springframework.test.context.junit.jupiter.FailingBeforeAndAfterMethodsSpringExtensionTests.failingBeforeAndAfterCallbacks(FailingBeforeAndAfterMethodsSpringExtensionTests.java:84) ~[test/:?]
	at sun.reflect.NativeMethodAccessorImpl.invoke0(Native Method) ~[?:1.8.0_211]
	at sun.reflect.NativeMethodAccessorImpl.invoke(NativeMethodAccessorImpl.java:62) ~[?:1.8.0_211]
	at sun.reflect.DelegatingMethodAccessorImpl.invoke(DelegatingMethodAccessorImpl.java:43) ~[?:1.8.0_211]
	at java.lang.reflect.Method.invoke(Method.java:498) ~[?:1.8.0_211]
	at org.junit.platform.commons.util.ReflectionUtils.invokeMethod(ReflectionUtils.java:675) ~[junit-platform-commons-1.5.0-RC2.jar:1.5.0-RC2]
	at org.junit.jupiter.engine.execution.MethodInvocation.proceed(MethodInvocation.java:60) ~[junit-jupiter-engine-5.5.0-RC2.jar:5.5.0-RC2]
	at org.junit.jupiter.engine.execution.InvocationInterceptorChain$ValidatingInvocation.proceed(InvocationInterceptorChain.java:125) ~[junit-jupiter-engine-5.5.0-RC2.jar:5.5.0-RC2]
	at org.junit.jupiter.engine.extension.TimeoutExtension.intercept(TimeoutExtension.java:132) ~[junit-jupiter-engine-5.5.0-RC2.jar:5.5.0-RC2]
	at org.junit.jupiter.engine.extension.TimeoutExtension.interceptTestableMethod(TimeoutExtension.java:124) ~[junit-jupiter-engine-5.5.0-RC2.jar:5.5.0-RC2]
	at org.junit.jupiter.engine.extension.TimeoutExtension.interceptTestTemplateMethod(TimeoutExtension.java:81) ~[junit-jupiter-engine-5.5.0-RC2.jar:5.5.0-RC2]
	at org.junit.jupiter.engine.execution.ExecutableInvoker$ReflectiveInterceptorCall.lambda$ofVoidMethod$0(ExecutableInvoker.java:115) ~[junit-jupiter-engine-5.5.0-RC2.jar:5.5.0-RC2]
	at org.junit.jupiter.engine.execution.ExecutableInvoker.lambda$invoke$0(ExecutableInvoker.java:105) ~[junit-jupiter-engine-5.5.0-RC2.jar:5.5.0-RC2]
	at org.junit.jupiter.engine.execution.InvocationInterceptorChain$InterceptedInvocation.proceed(InvocationInterceptorChain.java:104) ~[junit-jupiter-engine-5.5.0-RC2.jar:5.5.0-RC2]
	at org.junit.jupiter.engine.execution.InvocationInterceptorChain.proceed(InvocationInterceptorChain.java:62) ~[junit-jupiter-engine-5.5.0-RC2.jar:5.5.0-RC2]
	at org.junit.jupiter.engine.execution.InvocationInterceptorChain.chainAndInvoke(InvocationInterceptorChain.java:43) ~[junit-jupiter-engine-5.5.0-RC2.jar:5.5.0-RC2]
	at org.junit.jupiter.engine.execution.InvocationInterceptorChain.invoke(InvocationInterceptorChain.java:35) ~[junit-jupiter-engine-5.5.0-RC2.jar:5.5.0-RC2]
	at org.junit.jupiter.engine.execution.ExecutableInvoker.invoke(ExecutableInvoker.java:104) ~[junit-jupiter-engine-5.5.0-RC2.jar:5.5.0-RC2]
	at org.junit.jupiter.engine.execution.ExecutableInvoker.invoke(ExecutableInvoker.java:98) ~[junit-jupiter-engine-5.5.0-RC2.jar:5.5.0-RC2]
	at org.junit.jupiter.engine.descriptor.TestMethodTestDescriptor.lambda$invokeTestMethod$6(TestMethodTestDescriptor.java:202) ~[junit-jupiter-engine-5.5.0-RC2.jar:5.5.0-RC2]
	at org.junit.platform.engine.support.hierarchical.ThrowableCollector.execute(ThrowableCollector.java:73) ~[junit-platform-engine-1.5.0-RC2.jar:1.5.0-RC2]
	at org.junit.jupiter.engine.descriptor.TestMethodTestDescriptor.invokeTestMethod(TestMethodTestDescriptor.java:198) ~[junit-jupiter-engine-5.5.0-RC2.jar:5.5.0-RC2]
	at org.junit.jupiter.engine.descriptor.TestMethodTestDescriptor.execute(TestMethodTestDescriptor.java:135) ~[junit-jupiter-engine-5.5.0-RC2.jar:5.5.0-RC2]
	at org.junit.jupiter.engine.descriptor.TestMethodTestDescriptor.execute(TestMethodTestDescriptor.java:69) ~[junit-jupiter-engine-5.5.0-RC2.jar:5.5.0-RC2]
	at org.junit.platform.engine.support.hierarchical.NodeTestTask.lambda$executeRecursively$5(NodeTestTask.java:135) ~[junit-platform-engine-1.5.0-RC2.jar:1.5.0-RC2]
	at org.junit.platform.engine.support.hierarchical.ThrowableCollector.execute(ThrowableCollector.java:73) ~[junit-platform-engine-1.5.0-RC2.jar:1.5.0-RC2]
	at org.junit.platform.engine.support.hierarchical.NodeTestTask.lambda$executeRecursively$7(NodeTestTask.java:125) ~[junit-platform-engine-1.5.0-RC2.jar:1.5.0-RC2]
	at org.junit.platform.engine.support.hierarchical.Node.around(Node.java:135) ~[junit-platform-engine-1.5.0-RC2.jar:1.5.0-RC2]
	at org.junit.platform.engine.support.hierarchical.NodeTestTask.lambda$executeRecursively$8(NodeTestTask.java:123) ~[junit-platform-engine-1.5.0-RC2.jar:1.5.0-RC2]
	at org.junit.platform.engine.support.hierarchical.ThrowableCollector.execute(ThrowableCollector.java:73) ~[junit-platform-engine-1.5.0-RC2.jar:1.5.0-RC2]
	at org.junit.platform.engine.support.hierarchical.NodeTestTask.executeRecursively(NodeTestTask.java:122) ~[junit-platform-engine-1.5.0-RC2.jar:1.5.0-RC2]
	at org.junit.platform.engine.support.hierarchical.NodeTestTask.execute(NodeTestTask.java:80) ~[junit-platform-engine-1.5.0-RC2.jar:1.5.0-RC2]
	at org.junit.platform.engine.support.hierarchical.SameThreadHierarchicalTestExecutorService.submit(SameThreadHierarchicalTestExecutorService.java:32) ~[junit-platform-engine-1.5.0-RC2.jar:1.5.0-RC2]
	at org.junit.platform.engine.support.hierarchical.NodeTestTask$DefaultDynamicTestExecutor.execute(NodeTestTask.java:198) ~[junit-platform-engine-1.5.0-RC2.jar:1.5.0-RC2]
	at org.junit.jupiter.engine.descriptor.TestTemplateTestDescriptor.execute(TestTemplateTestDescriptor.java:138) ~[junit-jupiter-engine-5.5.0-RC2.jar:5.5.0-RC2]
	at org.junit.jupiter.engine.descriptor.TestTemplateTestDescriptor.lambda$execute$2(TestTemplateTestDescriptor.java:106) ~[junit-jupiter-engine-5.5.0-RC2.jar:5.5.0-RC2]
	at java.util.stream.ForEachOps$ForEachOp$OfRef.accept(ForEachOps.java:184) ~[?:1.8.0_211]
	at java.util.stream.ReferencePipeline$3$1.accept(ReferencePipeline.java:193) ~[?:1.8.0_211]
	at java.util.stream.ReferencePipeline$2$1.accept(ReferencePipeline.java:175) ~[?:1.8.0_211]
	at java.util.stream.ReferencePipeline$3$1.accept(ReferencePipeline.java:193) ~[?:1.8.0_211]
	at java.util.stream.ForEachOps$ForEachOp$OfRef.accept(ForEachOps.java:184) ~[?:1.8.0_211]
	at java.util.stream.ReferencePipeline$11$1.accept(ReferencePipeline.java:373) ~[?:1.8.0_211]
	at java.util.stream.ReferencePipeline$3$1.accept(ReferencePipeline.java:193) ~[?:1.8.0_211]
	at java.util.stream.ReferencePipeline$3$1.accept(ReferencePipeline.java:193) ~[?:1.8.0_211]
	at java.util.stream.ReferencePipeline$3$1.accept(ReferencePipeline.java:193) ~[?:1.8.0_211]
	at java.util.stream.ForEachOps$ForEachOp$OfRef.accept(ForEachOps.java:184) ~[?:1.8.0_211]
	at java.util.stream.ReferencePipeline$3$1.accept(ReferencePipeline.java:193) ~[?:1.8.0_211]
	at java.util.Spliterators$ArraySpliterator.forEachRemaining(Spliterators.java:948) ~[?:1.8.0_211]
	at java.util.stream.AbstractPipeline.copyInto(AbstractPipeline.java:481) ~[?:1.8.0_211]
	at java.util.stream.AbstractPipeline.wrapAndCopyInto(AbstractPipeline.java:471) ~[?:1.8.0_211]
	at java.util.stream.ForEachOps$ForEachOp.evaluateSequential(ForEachOps.java:151) ~[?:1.8.0_211]
	at java.util.stream.ForEachOps$ForEachOp$OfRef.evaluateSequential(ForEachOps.java:174) ~[?:1.8.0_211]
	at java.util.stream.AbstractPipeline.evaluate(AbstractPipeline.java:234) ~[?:1.8.0_211]
	at java.util.stream.ReferencePipeline.forEach(ReferencePipeline.java:418) ~[?:1.8.0_211]
	at java.util.stream.ReferencePipeline$7$1.accept(ReferencePipeline.java:270) ~[?:1.8.0_211]
	at java.util.stream.ReferencePipeline$3$1.accept(ReferencePipeline.java:193) ~[?:1.8.0_211]
	at java.util.stream.ReferencePipeline$3$1.accept(ReferencePipeline.java:193) ~[?:1.8.0_211]
	at java.util.stream.ReferencePipeline$3$1.accept(ReferencePipeline.java:193) ~[?:1.8.0_211]
	at java.util.ArrayList$ArrayListSpliterator.forEachRemaining(ArrayList.java:1382) ~[?:1.8.0_211]
	at java.util.stream.AbstractPipeline.copyInto(AbstractPipeline.java:481) ~[?:1.8.0_211]
	at java.util.stream.AbstractPipeline.wrapAndCopyInto(AbstractPipeline.java:471) ~[?:1.8.0_211]
	at java.util.stream.ForEachOps$ForEachOp.evaluateSequential(ForEachOps.java:151) ~[?:1.8.0_211]
	at java.util.stream.ForEachOps$ForEachOp$OfRef.evaluateSequential(ForEachOps.java:174) ~[?:1.8.0_211]
	at java.util.stream.AbstractPipeline.evaluate(AbstractPipeline.java:234) ~[?:1.8.0_211]
	at java.util.stream.ReferencePipeline.forEach(ReferencePipeline.java:418) ~[?:1.8.0_211]
	at java.util.stream.ReferencePipeline$7$1.accept(ReferencePipeline.java:270) ~[?:1.8.0_211]
	at java.util.ArrayList$ArrayListSpliterator.forEachRemaining(ArrayList.java:1382) ~[?:1.8.0_211]
	at java.util.stream.AbstractPipeline.copyInto(AbstractPipeline.java:481) ~[?:1.8.0_211]
	at java.util.stream.AbstractPipeline.wrapAndCopyInto(AbstractPipeline.java:471) ~[?:1.8.0_211]
	at java.util.stream.ForEachOps$ForEachOp.evaluateSequential(ForEachOps.java:151) ~[?:1.8.0_211]
	at java.util.stream.ForEachOps$ForEachOp$OfRef.evaluateSequential(ForEachOps.java:174) ~[?:1.8.0_211]
	at java.util.stream.AbstractPipeline.evaluate(AbstractPipeline.java:234) ~[?:1.8.0_211]
	at java.util.stream.ReferencePipeline.forEach(ReferencePipeline.java:418) ~[?:1.8.0_211]
	at org.junit.jupiter.engine.descriptor.TestTemplateTestDescriptor.execute(TestTemplateTestDescriptor.java:106) ~[junit-jupiter-engine-5.5.0-RC2.jar:5.5.0-RC2]
	at org.junit.jupiter.engine.descriptor.TestTemplateTestDescriptor.execute(TestTemplateTestDescriptor.java:41) ~[junit-jupiter-engine-5.5.0-RC2.jar:5.5.0-RC2]
	at org.junit.platform.engine.support.hierarchical.NodeTestTask.lambda$executeRecursively$5(NodeTestTask.java:135) ~[junit-platform-engine-1.5.0-RC2.jar:1.5.0-RC2]
	at org.junit.platform.engine.support.hierarchical.ThrowableCollector.execute(ThrowableCollector.java:73) ~[junit-platform-engine-1.5.0-RC2.jar:1.5.0-RC2]
	at org.junit.platform.engine.support.hierarchical.NodeTestTask.lambda$executeRecursively$7(NodeTestTask.java:125) ~[junit-platform-engine-1.5.0-RC2.jar:1.5.0-RC2]
	at org.junit.platform.engine.support.hierarchical.Node.around(Node.java:135) ~[junit-platform-engine-1.5.0-RC2.jar:1.5.0-RC2]
	at org.junit.platform.engine.support.hierarchical.NodeTestTask.lambda$executeRecursively$8(NodeTestTask.java:123) ~[junit-platform-engine-1.5.0-RC2.jar:1.5.0-RC2]
	at org.junit.platform.engine.support.hierarchical.ThrowableCollector.execute(ThrowableCollector.java:73) ~[junit-platform-engine-1.5.0-RC2.jar:1.5.0-RC2]
	at org.junit.platform.engine.support.hierarchical.NodeTestTask.executeRecursively(NodeTestTask.java:122) ~[junit-platform-engine-1.5.0-RC2.jar:1.5.0-RC2]
	at org.junit.platform.engine.support.hierarchical.NodeTestTask.execute(NodeTestTask.java:80) ~[junit-platform-engine-1.5.0-RC2.jar:1.5.0-RC2]
	at java.util.ArrayList.forEach(ArrayList.java:1257) ~[?:1.8.0_211]
	at org.junit.platform.engine.support.hierarchical.SameThreadHierarchicalTestExecutorService.invokeAll(SameThreadHierarchicalTestExecutorService.java:38) ~[junit-platform-engine-1.5.0-RC2.jar:1.5.0-RC2]
	at org.junit.platform.engine.support.hierarchical.NodeTestTask.lambda$executeRecursively$5(NodeTestTask.java:139) ~[junit-platform-engine-1.5.0-RC2.jar:1.5.0-RC2]
	at org.junit.platform.engine.support.hierarchical.ThrowableCollector.execute(ThrowableCollector.java:73) ~[junit-platform-engine-1.5.0-RC2.jar:1.5.0-RC2]
	at org.junit.platform.engine.support.hierarchical.NodeTestTask.lambda$executeRecursively$7(NodeTestTask.java:125) ~[junit-platform-engine-1.5.0-RC2.jar:1.5.0-RC2]
	at org.junit.platform.engine.support.hierarchical.Node.around(Node.java:135) ~[junit-platform-engine-1.5.0-RC2.jar:1.5.0-RC2]
	at org.junit.platform.engine.support.hierarchical.NodeTestTask.lambda$executeRecursively$8(NodeTestTask.java:123) ~[junit-platform-engine-1.5.0-RC2.jar:1.5.0-RC2]
	at org.junit.platform.engine.support.hierarchical.ThrowableCollector.execute(ThrowableCollector.java:73) ~[junit-platform-engine-1.5.0-RC2.jar:1.5.0-RC2]
	at org.junit.platform.engine.support.hierarchical.NodeTestTask.executeRecursively(NodeTestTask.java:122) ~[junit-platform-engine-1.5.0-RC2.jar:1.5.0-RC2]
	at org.junit.platform.engine.support.hierarchical.NodeTestTask.execute(NodeTestTask.java:80) ~[junit-platform-engine-1.5.0-RC2.jar:1.5.0-RC2]
	at java.util.ArrayList.forEach(ArrayList.java:1257) ~[?:1.8.0_211]
	at org.junit.platform.engine.support.hierarchical.SameThreadHierarchicalTestExecutorService.invokeAll(SameThreadHierarchicalTestExecutorService.java:38) ~[junit-platform-engine-1.5.0-RC2.jar:1.5.0-RC2]
	at org.junit.platform.engine.support.hierarchical.NodeTestTask.lambda$executeRecursively$5(NodeTestTask.java:139) ~[junit-platform-engine-1.5.0-RC2.jar:1.5.0-RC2]
	at org.junit.platform.engine.support.hierarchical.ThrowableCollector.execute(ThrowableCollector.java:73) ~[junit-platform-engine-1.5.0-RC2.jar:1.5.0-RC2]
	at org.junit.platform.engine.support.hierarchical.NodeTestTask.lambda$executeRecursively$7(NodeTestTask.java:125) ~[junit-platform-engine-1.5.0-RC2.jar:1.5.0-RC2]
	at org.junit.platform.engine.support.hierarchical.Node.around(Node.java:135) ~[junit-platform-engine-1.5.0-RC2.jar:1.5.0-RC2]
	at org.junit.platform.engine.support.hierarchical.NodeTestTask.lambda$executeRecursively$8(NodeTestTask.java:123) ~[junit-platform-engine-1.5.0-RC2.jar:1.5.0-RC2]
	at org.junit.platform.engine.support.hierarchical.ThrowableCollector.execute(ThrowableCollector.java:73) ~[junit-platform-engine-1.5.0-RC2.jar:1.5.0-RC2]
	at org.junit.platform.engine.support.hierarchical.NodeTestTask.executeRecursively(NodeTestTask.java:122) ~[junit-platform-engine-1.5.0-RC2.jar:1.5.0-RC2]
	at org.junit.platform.engine.support.hierarchical.NodeTestTask.execute(NodeTestTask.java:80) ~[junit-platform-engine-1.5.0-RC2.jar:1.5.0-RC2]
	at org.junit.platform.engine.support.hierarchical.SameThreadHierarchicalTestExecutorService.submit(SameThreadHierarchicalTestExecutorService.java:32) ~[junit-platform-engine-1.5.0-RC2.jar:1.5.0-RC2]
	at org.junit.platform.engine.support.hierarchical.HierarchicalTestExecutor.execute(HierarchicalTestExecutor.java:57) ~[junit-platform-engine-1.5.0-RC2.jar:1.5.0-RC2]
	at org.junit.platform.engine.support.hierarchical.HierarchicalTestEngine.execute(HierarchicalTestEngine.java:51) ~[junit-platform-engine-1.5.0-RC2.jar:1.5.0-RC2]
	at org.junit.platform.launcher.core.DefaultLauncher.execute(DefaultLauncher.java:229) ~[junit-platform-launcher-1.5.0-RC2.jar:1.5.0-RC2]
	at org.junit.platform.launcher.core.DefaultLauncher.lambda$execute$6(DefaultLauncher.java:197) ~[junit-platform-launcher-1.5.0-RC2.jar:1.5.0-RC2]
	at org.junit.platform.launcher.core.DefaultLauncher.withInterceptedStreams(DefaultLauncher.java:211) [junit-platform-launcher-1.5.0-RC2.jar:1.5.0-RC2]
	at org.junit.platform.launcher.core.DefaultLauncher.execute(DefaultLauncher.java:191) [junit-platform-launcher-1.5.0-RC2.jar:1.5.0-RC2]
	at org.junit.platform.launcher.core.DefaultLauncher.execute(DefaultLauncher.java:128) [junit-platform-launcher-1.5.0-RC2.jar:1.5.0-RC2]
	at org.gradle.api.internal.tasks.testing.junitplatform.JUnitPlatformTestClassProcessor$CollectAllTestClassesExecutor.processAllTestClasses(JUnitPlatformTestClassProcessor.java:92) [gradle-testing-junit-platform-4.10.3.jar:4.10.3]
	at org.gradle.api.internal.tasks.testing.junitplatform.JUnitPlatformTestClassProcessor$CollectAllTestClassesExecutor.access$100(JUnitPlatformTestClassProcessor.java:77) [gradle-testing-junit-platform-4.10.3.jar:4.10.3]
	at org.gradle.api.internal.tasks.testing.junitplatform.JUnitPlatformTestClassProcessor.stop(JUnitPlatformTestClassProcessor.java:73) [gradle-testing-junit-platform-4.10.3.jar:4.10.3]
	at org.gradle.api.internal.tasks.testing.SuiteTestClassProcessor.stop(SuiteTestClassProcessor.java:61) [gradle-testing-base-4.10.3.jar:4.10.3]
	at sun.reflect.NativeMethodAccessorImpl.invoke0(Native Method) ~[?:1.8.0_211]
	at sun.reflect.NativeMethodAccessorImpl.invoke(NativeMethodAccessorImpl.java:62) ~[?:1.8.0_211]
	at sun.reflect.DelegatingMethodAccessorImpl.invoke(DelegatingMethodAccessorImpl.java:43) ~[?:1.8.0_211]
	at java.lang.reflect.Method.invoke(Method.java:498) ~[?:1.8.0_211]
	at org.gradle.internal.dispatch.ReflectionDispatch.dispatch(ReflectionDispatch.java:35) [gradle-messaging-4.10.3.jar:4.10.3]
	at org.gradle.internal.dispatch.ReflectionDispatch.dispatch(ReflectionDispatch.java:24) [gradle-messaging-4.10.3.jar:4.10.3]
	at org.gradle.internal.dispatch.ContextClassLoaderDispatch.dispatch(ContextClassLoaderDispatch.java:32) [gradle-messaging-4.10.3.jar:4.10.3]
	at org.gradle.internal.dispatch.ProxyDispatchAdapter$DispatchingInvocationHandler.invoke(ProxyDispatchAdapter.java:93) [gradle-messaging-4.10.3.jar:4.10.3]
	at com.sun.proxy.$Proxy2.stop(Unknown Source) [?:?]
	at org.gradle.api.internal.tasks.testing.worker.TestWorker.stop(TestWorker.java:131) [gradle-testing-base-4.10.3.jar:4.10.3]
	at sun.reflect.NativeMethodAccessorImpl.invoke0(Native Method) ~[?:1.8.0_211]
	at sun.reflect.NativeMethodAccessorImpl.invoke(NativeMethodAccessorImpl.java:62) ~[?:1.8.0_211]
	at sun.reflect.DelegatingMethodAccessorImpl.invoke(DelegatingMethodAccessorImpl.java:43) ~[?:1.8.0_211]
	at java.lang.reflect.Method.invoke(Method.java:498) ~[?:1.8.0_211]
	at org.gradle.internal.dispatch.ReflectionDispatch.dispatch(ReflectionDispatch.java:35) [gradle-messaging-4.10.3.jar:4.10.3]
	at org.gradle.internal.dispatch.ReflectionDispatch.dispatch(ReflectionDispatch.java:24) [gradle-messaging-4.10.3.jar:4.10.3]
	at org.gradle.internal.remote.internal.hub.MessageHubBackedObjectConnection$DispatchWrapper.dispatch(MessageHubBackedObjectConnection.java:155) [gradle-messaging-4.10.3.jar:4.10.3]
	at org.gradle.internal.remote.internal.hub.MessageHubBackedObjectConnection$DispatchWrapper.dispatch(MessageHubBackedObjectConnection.java:137) [gradle-messaging-4.10.3.jar:4.10.3]
	at org.gradle.internal.remote.internal.hub.MessageHub$Handler.run(MessageHub.java:404) [gradle-messaging-4.10.3.jar:4.10.3]
	at org.gradle.internal.concurrent.ExecutorPolicy$CatchAndRecordFailures.onExecute(ExecutorPolicy.java:63) [gradle-base-services-4.10.3.jar:4.10.3]
	at org.gradle.internal.concurrent.ManagedExecutorImpl$1.run(ManagedExecutorImpl.java:46) [gradle-base-services-4.10.3.jar:4.10.3]
	at java.util.concurrent.ThreadPoolExecutor.runWorker(ThreadPoolExecutor.java:1149) [?:1.8.0_211]
	at java.util.concurrent.ThreadPoolExecutor$Worker.run(ThreadPoolExecutor.java:624) [?:1.8.0_211]
	at org.gradle.internal.concurrent.ThreadFactoryImpl$ManagedThreadRunnable.run(ThreadFactoryImpl.java:55) [gradle-base-services-4.10.3.jar:4.10.3]
	at java.lang.Thread.run(Thread.java:748) [?:1.8.0_211]
22:40:37.314 [Test worker] ERROR o.s.t.c.TestContextManager - Caught exception while allowing TestExecutionListener [org.springframework.test.context.junit.jupiter.FailingBeforeAndAfterMethodsSpringExtensionTests$AlwaysFailingPrepareTestInstanceTestExecutionListener@7c86277a] to prepare test instance [org.springframework.test.context.junit.jupiter.FailingBeforeAndAfterMethodsSpringExtensionTests$AlwaysFailingPrepareTestInstanceTestCase@1fb01d43]
java.lang.AssertionError: always failing prepareTestInstance()
	at org.springframework.test.context.junit.jupiter.FailingBeforeAndAfterMethodsSpringExtensionTests$AlwaysFailingPrepareTestInstanceTestExecutionListener.prepareTestInstance(FailingBeforeAndAfterMethodsSpringExtensionTests.java:143) ~[test/:?]
	at org.springframework.test.context.TestContextManager.prepareTestInstance(TestContextManager.java:244) ~[main/:?]
	at org.springframework.test.context.junit.jupiter.SpringExtension.postProcessTestInstance(SpringExtension.java:98) ~[main/:?]
	at org.junit.jupiter.engine.descriptor.ClassBasedTestDescriptor.lambda$invokeTestInstancePostProcessors$5(ClassBasedTestDescriptor.java:335) ~[junit-jupiter-engine-5.5.0-RC2.jar:5.5.0-RC2]
	at org.junit.jupiter.engine.descriptor.ClassBasedTestDescriptor.executeAndMaskThrowable(ClassBasedTestDescriptor.java:340) ~[junit-jupiter-engine-5.5.0-RC2.jar:5.5.0-RC2]
	at org.junit.jupiter.engine.descriptor.ClassBasedTestDescriptor.lambda$invokeTestInstancePostProcessors$6(ClassBasedTestDescriptor.java:335) ~[junit-jupiter-engine-5.5.0-RC2.jar:5.5.0-RC2]
	at java.util.stream.ReferencePipeline$3$1.accept(ReferencePipeline.java:193) ~[?:1.8.0_211]
	at java.util.stream.ReferencePipeline$2$1.accept(ReferencePipeline.java:175) ~[?:1.8.0_211]
	at java.util.ArrayList$ArrayListSpliterator.forEachRemaining(ArrayList.java:1382) ~[?:1.8.0_211]
	at java.util.stream.AbstractPipeline.copyInto(AbstractPipeline.java:481) ~[?:1.8.0_211]
	at java.util.stream.AbstractPipeline.wrapAndCopyInto(AbstractPipeline.java:471) ~[?:1.8.0_211]
	at java.util.stream.StreamSpliterators$WrappingSpliterator.forEachRemaining(StreamSpliterators.java:312) ~[?:1.8.0_211]
	at java.util.stream.Streams$ConcatSpliterator.forEachRemaining(Streams.java:743) ~[?:1.8.0_211]
	at java.util.stream.Streams$ConcatSpliterator.forEachRemaining(Streams.java:742) ~[?:1.8.0_211]
	at java.util.stream.ReferencePipeline$Head.forEach(ReferencePipeline.java:580) ~[?:1.8.0_211]
	at org.junit.jupiter.engine.descriptor.ClassBasedTestDescriptor.invokeTestInstancePostProcessors(ClassBasedTestDescriptor.java:334) ~[junit-jupiter-engine-5.5.0-RC2.jar:5.5.0-RC2]
	at org.junit.jupiter.engine.descriptor.ClassBasedTestDescriptor.instantiateAndPostProcessTestInstance(ClassBasedTestDescriptor.java:257) ~[junit-jupiter-engine-5.5.0-RC2.jar:5.5.0-RC2]
	at org.junit.jupiter.engine.descriptor.ClassBasedTestDescriptor.lambda$testInstancesProvider$2(ClassBasedTestDescriptor.java:250) ~[junit-jupiter-engine-5.5.0-RC2.jar:5.5.0-RC2]
	at java.util.Optional.orElseGet(Optional.java:267) ~[?:1.8.0_211]
	at org.junit.jupiter.engine.descriptor.ClassBasedTestDescriptor.lambda$testInstancesProvider$3(ClassBasedTestDescriptor.java:249) ~[junit-jupiter-engine-5.5.0-RC2.jar:5.5.0-RC2]
	at org.junit.jupiter.engine.execution.TestInstancesProvider.getTestInstances(TestInstancesProvider.java:29) ~[junit-jupiter-engine-5.5.0-RC2.jar:5.5.0-RC2]
	at org.junit.jupiter.engine.descriptor.TestMethodTestDescriptor.lambda$prepare$0(TestMethodTestDescriptor.java:106) ~[junit-jupiter-engine-5.5.0-RC2.jar:5.5.0-RC2]
	at org.junit.platform.engine.support.hierarchical.ThrowableCollector.execute(ThrowableCollector.java:73) ~[junit-platform-engine-1.5.0-RC2.jar:1.5.0-RC2]
	at org.junit.jupiter.engine.descriptor.TestMethodTestDescriptor.prepare(TestMethodTestDescriptor.java:105) ~[junit-jupiter-engine-5.5.0-RC2.jar:5.5.0-RC2]
	at org.junit.jupiter.engine.descriptor.TestMethodTestDescriptor.prepare(TestMethodTestDescriptor.java:69) ~[junit-jupiter-engine-5.5.0-RC2.jar:5.5.0-RC2]
	at org.junit.platform.engine.support.hierarchical.NodeTestTask.lambda$prepare$1(NodeTestTask.java:107) ~[junit-platform-engine-1.5.0-RC2.jar:1.5.0-RC2]
	at org.junit.platform.engine.support.hierarchical.ThrowableCollector.execute(ThrowableCollector.java:73) ~[junit-platform-engine-1.5.0-RC2.jar:1.5.0-RC2]
	at org.junit.platform.engine.support.hierarchical.NodeTestTask.prepare(NodeTestTask.java:107) ~[junit-platform-engine-1.5.0-RC2.jar:1.5.0-RC2]
	at org.junit.platform.engine.support.hierarchical.NodeTestTask.execute(NodeTestTask.java:75) ~[junit-platform-engine-1.5.0-RC2.jar:1.5.0-RC2]
	at java.util.ArrayList.forEach(ArrayList.java:1257) ~[?:1.8.0_211]
	at org.junit.platform.engine.support.hierarchical.SameThreadHierarchicalTestExecutorService.invokeAll(SameThreadHierarchicalTestExecutorService.java:38) ~[junit-platform-engine-1.5.0-RC2.jar:1.5.0-RC2]
	at org.junit.platform.engine.support.hierarchical.NodeTestTask.lambda$executeRecursively$5(NodeTestTask.java:139) ~[junit-platform-engine-1.5.0-RC2.jar:1.5.0-RC2]
	at org.junit.platform.engine.support.hierarchical.ThrowableCollector.execute(ThrowableCollector.java:73) ~[junit-platform-engine-1.5.0-RC2.jar:1.5.0-RC2]
	at org.junit.platform.engine.support.hierarchical.NodeTestTask.lambda$executeRecursively$7(NodeTestTask.java:125) ~[junit-platform-engine-1.5.0-RC2.jar:1.5.0-RC2]
	at org.junit.platform.engine.support.hierarchical.Node.around(Node.java:135) ~[junit-platform-engine-1.5.0-RC2.jar:1.5.0-RC2]
	at org.junit.platform.engine.support.hierarchical.NodeTestTask.lambda$executeRecursively$8(NodeTestTask.java:123) ~[junit-platform-engine-1.5.0-RC2.jar:1.5.0-RC2]
	at org.junit.platform.engine.support.hierarchical.ThrowableCollector.execute(ThrowableCollector.java:73) ~[junit-platform-engine-1.5.0-RC2.jar:1.5.0-RC2]
	at org.junit.platform.engine.support.hierarchical.NodeTestTask.executeRecursively(NodeTestTask.java:122) ~[junit-platform-engine-1.5.0-RC2.jar:1.5.0-RC2]
	at org.junit.platform.engine.support.hierarchical.NodeTestTask.execute(NodeTestTask.java:80) ~[junit-platform-engine-1.5.0-RC2.jar:1.5.0-RC2]
	at java.util.ArrayList.forEach(ArrayList.java:1257) ~[?:1.8.0_211]
	at org.junit.platform.engine.support.hierarchical.SameThreadHierarchicalTestExecutorService.invokeAll(SameThreadHierarchicalTestExecutorService.java:38) ~[junit-platform-engine-1.5.0-RC2.jar:1.5.0-RC2]
	at org.junit.platform.engine.support.hierarchical.NodeTestTask.lambda$executeRecursively$5(NodeTestTask.java:139) ~[junit-platform-engine-1.5.0-RC2.jar:1.5.0-RC2]
	at org.junit.platform.engine.support.hierarchical.ThrowableCollector.execute(ThrowableCollector.java:73) ~[junit-platform-engine-1.5.0-RC2.jar:1.5.0-RC2]
	at org.junit.platform.engine.support.hierarchical.NodeTestTask.lambda$executeRecursively$7(NodeTestTask.java:125) ~[junit-platform-engine-1.5.0-RC2.jar:1.5.0-RC2]
	at org.junit.platform.engine.support.hierarchical.Node.around(Node.java:135) ~[junit-platform-engine-1.5.0-RC2.jar:1.5.0-RC2]
	at org.junit.platform.engine.support.hierarchical.NodeTestTask.lambda$executeRecursively$8(NodeTestTask.java:123) ~[junit-platform-engine-1.5.0-RC2.jar:1.5.0-RC2]
	at org.junit.platform.engine.support.hierarchical.ThrowableCollector.execute(ThrowableCollector.java:73) ~[junit-platform-engine-1.5.0-RC2.jar:1.5.0-RC2]
	at org.junit.platform.engine.support.hierarchical.NodeTestTask.executeRecursively(NodeTestTask.java:122) ~[junit-platform-engine-1.5.0-RC2.jar:1.5.0-RC2]
	at org.junit.platform.engine.support.hierarchical.NodeTestTask.execute(NodeTestTask.java:80) ~[junit-platform-engine-1.5.0-RC2.jar:1.5.0-RC2]
	at org.junit.platform.engine.support.hierarchical.SameThreadHierarchicalTestExecutorService.submit(SameThreadHierarchicalTestExecutorService.java:32) ~[junit-platform-engine-1.5.0-RC2.jar:1.5.0-RC2]
	at org.junit.platform.engine.support.hierarchical.HierarchicalTestExecutor.execute(HierarchicalTestExecutor.java:57) ~[junit-platform-engine-1.5.0-RC2.jar:1.5.0-RC2]
	at org.junit.platform.engine.support.hierarchical.HierarchicalTestEngine.execute(HierarchicalTestEngine.java:51) ~[junit-platform-engine-1.5.0-RC2.jar:1.5.0-RC2]
	at org.junit.platform.testkit.engine.EngineTestKit.execute(EngineTestKit.java:189) ~[junit-platform-testkit-1.5.0-RC2.jar:1.5.0-RC2]
	at org.junit.platform.testkit.engine.EngineTestKit.access$100(EngineTestKit.java:54) ~[junit-platform-testkit-1.5.0-RC2.jar:1.5.0-RC2]
	at org.junit.platform.testkit.engine.EngineTestKit$Builder.execute(EngineTestKit.java:343) ~[junit-platform-testkit-1.5.0-RC2.jar:1.5.0-RC2]
	at org.springframework.test.context.junit.jupiter.FailingBeforeAndAfterMethodsSpringExtensionTests.failingBeforeAndAfterCallbacks(FailingBeforeAndAfterMethodsSpringExtensionTests.java:84) ~[test/:?]
	at sun.reflect.NativeMethodAccessorImpl.invoke0(Native Method) ~[?:1.8.0_211]
	at sun.reflect.NativeMethodAccessorImpl.invoke(NativeMethodAccessorImpl.java:62) ~[?:1.8.0_211]
	at sun.reflect.DelegatingMethodAccessorImpl.invoke(DelegatingMethodAccessorImpl.java:43) ~[?:1.8.0_211]
	at java.lang.reflect.Method.invoke(Method.java:498) ~[?:1.8.0_211]
	at org.junit.platform.commons.util.ReflectionUtils.invokeMethod(ReflectionUtils.java:675) ~[junit-platform-commons-1.5.0-RC2.jar:1.5.0-RC2]
	at org.junit.jupiter.engine.execution.MethodInvocation.proceed(MethodInvocation.java:60) ~[junit-jupiter-engine-5.5.0-RC2.jar:5.5.0-RC2]
	at org.junit.jupiter.engine.execution.InvocationInterceptorChain$ValidatingInvocation.proceed(InvocationInterceptorChain.java:125) ~[junit-jupiter-engine-5.5.0-RC2.jar:5.5.0-RC2]
	at org.junit.jupiter.engine.extension.TimeoutExtension.intercept(TimeoutExtension.java:132) ~[junit-jupiter-engine-5.5.0-RC2.jar:5.5.0-RC2]
	at org.junit.jupiter.engine.extension.TimeoutExtension.interceptTestableMethod(TimeoutExtension.java:124) ~[junit-jupiter-engine-5.5.0-RC2.jar:5.5.0-RC2]
	at org.junit.jupiter.engine.extension.TimeoutExtension.interceptTestTemplateMethod(TimeoutExtension.java:81) ~[junit-jupiter-engine-5.5.0-RC2.jar:5.5.0-RC2]
	at org.junit.jupiter.engine.execution.ExecutableInvoker$ReflectiveInterceptorCall.lambda$ofVoidMethod$0(ExecutableInvoker.java:115) ~[junit-jupiter-engine-5.5.0-RC2.jar:5.5.0-RC2]
	at org.junit.jupiter.engine.execution.ExecutableInvoker.lambda$invoke$0(ExecutableInvoker.java:105) ~[junit-jupiter-engine-5.5.0-RC2.jar:5.5.0-RC2]
	at org.junit.jupiter.engine.execution.InvocationInterceptorChain$InterceptedInvocation.proceed(InvocationInterceptorChain.java:104) ~[junit-jupiter-engine-5.5.0-RC2.jar:5.5.0-RC2]
	at org.junit.jupiter.engine.execution.InvocationInterceptorChain.proceed(InvocationInterceptorChain.java:62) ~[junit-jupiter-engine-5.5.0-RC2.jar:5.5.0-RC2]
	at org.junit.jupiter.engine.execution.InvocationInterceptorChain.chainAndInvoke(InvocationInterceptorChain.java:43) ~[junit-jupiter-engine-5.5.0-RC2.jar:5.5.0-RC2]
	at org.junit.jupiter.engine.execution.InvocationInterceptorChain.invoke(InvocationInterceptorChain.java:35) ~[junit-jupiter-engine-5.5.0-RC2.jar:5.5.0-RC2]
	at org.junit.jupiter.engine.execution.ExecutableInvoker.invoke(ExecutableInvoker.java:104) ~[junit-jupiter-engine-5.5.0-RC2.jar:5.5.0-RC2]
	at org.junit.jupiter.engine.execution.ExecutableInvoker.invoke(ExecutableInvoker.java:98) ~[junit-jupiter-engine-5.5.0-RC2.jar:5.5.0-RC2]
	at org.junit.jupiter.engine.descriptor.TestMethodTestDescriptor.lambda$invokeTestMethod$6(TestMethodTestDescriptor.java:202) ~[junit-jupiter-engine-5.5.0-RC2.jar:5.5.0-RC2]
	at org.junit.platform.engine.support.hierarchical.ThrowableCollector.execute(ThrowableCollector.java:73) ~[junit-platform-engine-1.5.0-RC2.jar:1.5.0-RC2]
	at org.junit.jupiter.engine.descriptor.TestMethodTestDescriptor.invokeTestMethod(TestMethodTestDescriptor.java:198) ~[junit-jupiter-engine-5.5.0-RC2.jar:5.5.0-RC2]
	at org.junit.jupiter.engine.descriptor.TestMethodTestDescriptor.execute(TestMethodTestDescriptor.java:135) ~[junit-jupiter-engine-5.5.0-RC2.jar:5.5.0-RC2]
	at org.junit.jupiter.engine.descriptor.TestMethodTestDescriptor.execute(TestMethodTestDescriptor.java:69) ~[junit-jupiter-engine-5.5.0-RC2.jar:5.5.0-RC2]
	at org.junit.platform.engine.support.hierarchical.NodeTestTask.lambda$executeRecursively$5(NodeTestTask.java:135) ~[junit-platform-engine-1.5.0-RC2.jar:1.5.0-RC2]
	at org.junit.platform.engine.support.hierarchical.ThrowableCollector.execute(ThrowableCollector.java:73) ~[junit-platform-engine-1.5.0-RC2.jar:1.5.0-RC2]
	at org.junit.platform.engine.support.hierarchical.NodeTestTask.lambda$executeRecursively$7(NodeTestTask.java:125) ~[junit-platform-engine-1.5.0-RC2.jar:1.5.0-RC2]
	at org.junit.platform.engine.support.hierarchical.Node.around(Node.java:135) ~[junit-platform-engine-1.5.0-RC2.jar:1.5.0-RC2]
	at org.junit.platform.engine.support.hierarchical.NodeTestTask.lambda$executeRecursively$8(NodeTestTask.java:123) ~[junit-platform-engine-1.5.0-RC2.jar:1.5.0-RC2]
	at org.junit.platform.engine.support.hierarchical.ThrowableCollector.execute(ThrowableCollector.java:73) ~[junit-platform-engine-1.5.0-RC2.jar:1.5.0-RC2]
	at org.junit.platform.engine.support.hierarchical.NodeTestTask.executeRecursively(NodeTestTask.java:122) ~[junit-platform-engine-1.5.0-RC2.jar:1.5.0-RC2]
	at org.junit.platform.engine.support.hierarchical.NodeTestTask.execute(NodeTestTask.java:80) ~[junit-platform-engine-1.5.0-RC2.jar:1.5.0-RC2]
	at org.junit.platform.engine.support.hierarchical.SameThreadHierarchicalTestExecutorService.submit(SameThreadHierarchicalTestExecutorService.java:32) ~[junit-platform-engine-1.5.0-RC2.jar:1.5.0-RC2]
	at org.junit.platform.engine.support.hierarchical.NodeTestTask$DefaultDynamicTestExecutor.execute(NodeTestTask.java:198) ~[junit-platform-engine-1.5.0-RC2.jar:1.5.0-RC2]
	at org.junit.jupiter.engine.descriptor.TestTemplateTestDescriptor.execute(TestTemplateTestDescriptor.java:138) ~[junit-jupiter-engine-5.5.0-RC2.jar:5.5.0-RC2]
	at org.junit.jupiter.engine.descriptor.TestTemplateTestDescriptor.lambda$execute$2(TestTemplateTestDescriptor.java:106) ~[junit-jupiter-engine-5.5.0-RC2.jar:5.5.0-RC2]
	at java.util.stream.ForEachOps$ForEachOp$OfRef.accept(ForEachOps.java:184) ~[?:1.8.0_211]
	at java.util.stream.ReferencePipeline$3$1.accept(ReferencePipeline.java:193) ~[?:1.8.0_211]
	at java.util.stream.ReferencePipeline$2$1.accept(ReferencePipeline.java:175) ~[?:1.8.0_211]
	at java.util.stream.ReferencePipeline$3$1.accept(ReferencePipeline.java:193) ~[?:1.8.0_211]
	at java.util.stream.ForEachOps$ForEachOp$OfRef.accept(ForEachOps.java:184) ~[?:1.8.0_211]
	at java.util.stream.ReferencePipeline$11$1.accept(ReferencePipeline.java:373) ~[?:1.8.0_211]
	at java.util.stream.ReferencePipeline$3$1.accept(ReferencePipeline.java:193) ~[?:1.8.0_211]
	at java.util.stream.ReferencePipeline$3$1.accept(ReferencePipeline.java:193) ~[?:1.8.0_211]
	at java.util.stream.ReferencePipeline$3$1.accept(ReferencePipeline.java:193) ~[?:1.8.0_211]
	at java.util.stream.ForEachOps$ForEachOp$OfRef.accept(ForEachOps.java:184) ~[?:1.8.0_211]
	at java.util.stream.ReferencePipeline$3$1.accept(ReferencePipeline.java:193) ~[?:1.8.0_211]
	at java.util.Spliterators$ArraySpliterator.forEachRemaining(Spliterators.java:948) ~[?:1.8.0_211]
	at java.util.stream.AbstractPipeline.copyInto(AbstractPipeline.java:481) ~[?:1.8.0_211]
	at java.util.stream.AbstractPipeline.wrapAndCopyInto(AbstractPipeline.java:471) ~[?:1.8.0_211]
	at java.util.stream.ForEachOps$ForEachOp.evaluateSequential(ForEachOps.java:151) ~[?:1.8.0_211]
	at java.util.stream.ForEachOps$ForEachOp$OfRef.evaluateSequential(ForEachOps.java:174) ~[?:1.8.0_211]
	at java.util.stream.AbstractPipeline.evaluate(AbstractPipeline.java:234) ~[?:1.8.0_211]
	at java.util.stream.ReferencePipeline.forEach(ReferencePipeline.java:418) ~[?:1.8.0_211]
	at java.util.stream.ReferencePipeline$7$1.accept(ReferencePipeline.java:270) ~[?:1.8.0_211]
	at java.util.stream.ReferencePipeline$3$1.accept(ReferencePipeline.java:193) ~[?:1.8.0_211]
	at java.util.stream.ReferencePipeline$3$1.accept(ReferencePipeline.java:193) ~[?:1.8.0_211]
	at java.util.stream.ReferencePipeline$3$1.accept(ReferencePipeline.java:193) ~[?:1.8.0_211]
	at java.util.ArrayList$ArrayListSpliterator.forEachRemaining(ArrayList.java:1382) ~[?:1.8.0_211]
	at java.util.stream.AbstractPipeline.copyInto(AbstractPipeline.java:481) ~[?:1.8.0_211]
	at java.util.stream.AbstractPipeline.wrapAndCopyInto(AbstractPipeline.java:471) ~[?:1.8.0_211]
	at java.util.stream.ForEachOps$ForEachOp.evaluateSequential(ForEachOps.java:151) ~[?:1.8.0_211]
	at java.util.stream.ForEachOps$ForEachOp$OfRef.evaluateSequential(ForEachOps.java:174) ~[?:1.8.0_211]
	at java.util.stream.AbstractPipeline.evaluate(AbstractPipeline.java:234) ~[?:1.8.0_211]
	at java.util.stream.ReferencePipeline.forEach(ReferencePipeline.java:418) ~[?:1.8.0_211]
	at java.util.stream.ReferencePipeline$7$1.accept(ReferencePipeline.java:270) ~[?:1.8.0_211]
	at java.util.ArrayList$ArrayListSpliterator.forEachRemaining(ArrayList.java:1382) ~[?:1.8.0_211]
	at java.util.stream.AbstractPipeline.copyInto(AbstractPipeline.java:481) ~[?:1.8.0_211]
	at java.util.stream.AbstractPipeline.wrapAndCopyInto(AbstractPipeline.java:471) ~[?:1.8.0_211]
	at java.util.stream.ForEachOps$ForEachOp.evaluateSequential(ForEachOps.java:151) ~[?:1.8.0_211]
	at java.util.stream.ForEachOps$ForEachOp$OfRef.evaluateSequential(ForEachOps.java:174) ~[?:1.8.0_211]
	at java.util.stream.AbstractPipeline.evaluate(AbstractPipeline.java:234) ~[?:1.8.0_211]
	at java.util.stream.ReferencePipeline.forEach(ReferencePipeline.java:418) ~[?:1.8.0_211]
	at org.junit.jupiter.engine.descriptor.TestTemplateTestDescriptor.execute(TestTemplateTestDescriptor.java:106) ~[junit-jupiter-engine-5.5.0-RC2.jar:5.5.0-RC2]
	at org.junit.jupiter.engine.descriptor.TestTemplateTestDescriptor.execute(TestTemplateTestDescriptor.java:41) ~[junit-jupiter-engine-5.5.0-RC2.jar:5.5.0-RC2]
	at org.junit.platform.engine.support.hierarchical.NodeTestTask.lambda$executeRecursively$5(NodeTestTask.java:135) ~[junit-platform-engine-1.5.0-RC2.jar:1.5.0-RC2]
	at org.junit.platform.engine.support.hierarchical.ThrowableCollector.execute(ThrowableCollector.java:73) ~[junit-platform-engine-1.5.0-RC2.jar:1.5.0-RC2]
	at org.junit.platform.engine.support.hierarchical.NodeTestTask.lambda$executeRecursively$7(NodeTestTask.java:125) ~[junit-platform-engine-1.5.0-RC2.jar:1.5.0-RC2]
	at org.junit.platform.engine.support.hierarchical.Node.around(Node.java:135) ~[junit-platform-engine-1.5.0-RC2.jar:1.5.0-RC2]
	at org.junit.platform.engine.support.hierarchical.NodeTestTask.lambda$executeRecursively$8(NodeTestTask.java:123) ~[junit-platform-engine-1.5.0-RC2.jar:1.5.0-RC2]
	at org.junit.platform.engine.support.hierarchical.ThrowableCollector.execute(ThrowableCollector.java:73) ~[junit-platform-engine-1.5.0-RC2.jar:1.5.0-RC2]
	at org.junit.platform.engine.support.hierarchical.NodeTestTask.executeRecursively(NodeTestTask.java:122) ~[junit-platform-engine-1.5.0-RC2.jar:1.5.0-RC2]
	at org.junit.platform.engine.support.hierarchical.NodeTestTask.execute(NodeTestTask.java:80) ~[junit-platform-engine-1.5.0-RC2.jar:1.5.0-RC2]
	at java.util.ArrayList.forEach(ArrayList.java:1257) ~[?:1.8.0_211]
	at org.junit.platform.engine.support.hierarchical.SameThreadHierarchicalTestExecutorService.invokeAll(SameThreadHierarchicalTestExecutorService.java:38) ~[junit-platform-engine-1.5.0-RC2.jar:1.5.0-RC2]
	at org.junit.platform.engine.support.hierarchical.NodeTestTask.lambda$executeRecursively$5(NodeTestTask.java:139) ~[junit-platform-engine-1.5.0-RC2.jar:1.5.0-RC2]
	at org.junit.platform.engine.support.hierarchical.ThrowableCollector.execute(ThrowableCollector.java:73) ~[junit-platform-engine-1.5.0-RC2.jar:1.5.0-RC2]
	at org.junit.platform.engine.support.hierarchical.NodeTestTask.lambda$executeRecursively$7(NodeTestTask.java:125) ~[junit-platform-engine-1.5.0-RC2.jar:1.5.0-RC2]
	at org.junit.platform.engine.support.hierarchical.Node.around(Node.java:135) ~[junit-platform-engine-1.5.0-RC2.jar:1.5.0-RC2]
	at org.junit.platform.engine.support.hierarchical.NodeTestTask.lambda$executeRecursively$8(NodeTestTask.java:123) ~[junit-platform-engine-1.5.0-RC2.jar:1.5.0-RC2]
	at org.junit.platform.engine.support.hierarchical.ThrowableCollector.execute(ThrowableCollector.java:73) ~[junit-platform-engine-1.5.0-RC2.jar:1.5.0-RC2]
	at org.junit.platform.engine.support.hierarchical.NodeTestTask.executeRecursively(NodeTestTask.java:122) ~[junit-platform-engine-1.5.0-RC2.jar:1.5.0-RC2]
	at org.junit.platform.engine.support.hierarchical.NodeTestTask.execute(NodeTestTask.java:80) ~[junit-platform-engine-1.5.0-RC2.jar:1.5.0-RC2]
	at java.util.ArrayList.forEach(ArrayList.java:1257) ~[?:1.8.0_211]
	at org.junit.platform.engine.support.hierarchical.SameThreadHierarchicalTestExecutorService.invokeAll(SameThreadHierarchicalTestExecutorService.java:38) ~[junit-platform-engine-1.5.0-RC2.jar:1.5.0-RC2]
	at org.junit.platform.engine.support.hierarchical.NodeTestTask.lambda$executeRecursively$5(NodeTestTask.java:139) ~[junit-platform-engine-1.5.0-RC2.jar:1.5.0-RC2]
	at org.junit.platform.engine.support.hierarchical.ThrowableCollector.execute(ThrowableCollector.java:73) ~[junit-platform-engine-1.5.0-RC2.jar:1.5.0-RC2]
	at org.junit.platform.engine.support.hierarchical.NodeTestTask.lambda$executeRecursively$7(NodeTestTask.java:125) ~[junit-platform-engine-1.5.0-RC2.jar:1.5.0-RC2]
	at org.junit.platform.engine.support.hierarchical.Node.around(Node.java:135) ~[junit-platform-engine-1.5.0-RC2.jar:1.5.0-RC2]
	at org.junit.platform.engine.support.hierarchical.NodeTestTask.lambda$executeRecursively$8(NodeTestTask.java:123) ~[junit-platform-engine-1.5.0-RC2.jar:1.5.0-RC2]
	at org.junit.platform.engine.support.hierarchical.ThrowableCollector.execute(ThrowableCollector.java:73) ~[junit-platform-engine-1.5.0-RC2.jar:1.5.0-RC2]
	at org.junit.platform.engine.support.hierarchical.NodeTestTask.executeRecursively(NodeTestTask.java:122) ~[junit-platform-engine-1.5.0-RC2.jar:1.5.0-RC2]
	at org.junit.platform.engine.support.hierarchical.NodeTestTask.execute(NodeTestTask.java:80) ~[junit-platform-engine-1.5.0-RC2.jar:1.5.0-RC2]
	at org.junit.platform.engine.support.hierarchical.SameThreadHierarchicalTestExecutorService.submit(SameThreadHierarchicalTestExecutorService.java:32) ~[junit-platform-engine-1.5.0-RC2.jar:1.5.0-RC2]
	at org.junit.platform.engine.support.hierarchical.HierarchicalTestExecutor.execute(HierarchicalTestExecutor.java:57) ~[junit-platform-engine-1.5.0-RC2.jar:1.5.0-RC2]
	at org.junit.platform.engine.support.hierarchical.HierarchicalTestEngine.execute(HierarchicalTestEngine.java:51) ~[junit-platform-engine-1.5.0-RC2.jar:1.5.0-RC2]
	at org.junit.platform.launcher.core.DefaultLauncher.execute(DefaultLauncher.java:229) ~[junit-platform-launcher-1.5.0-RC2.jar:1.5.0-RC2]
	at org.junit.platform.launcher.core.DefaultLauncher.lambda$execute$6(DefaultLauncher.java:197) ~[junit-platform-launcher-1.5.0-RC2.jar:1.5.0-RC2]
	at org.junit.platform.launcher.core.DefaultLauncher.withInterceptedStreams(DefaultLauncher.java:211) [junit-platform-launcher-1.5.0-RC2.jar:1.5.0-RC2]
	at org.junit.platform.launcher.core.DefaultLauncher.execute(DefaultLauncher.java:191) [junit-platform-launcher-1.5.0-RC2.jar:1.5.0-RC2]
	at org.junit.platform.launcher.core.DefaultLauncher.execute(DefaultLauncher.java:128) [junit-platform-launcher-1.5.0-RC2.jar:1.5.0-RC2]
	at org.gradle.api.internal.tasks.testing.junitplatform.JUnitPlatformTestClassProcessor$CollectAllTestClassesExecutor.processAllTestClasses(JUnitPlatformTestClassProcessor.java:92) [gradle-testing-junit-platform-4.10.3.jar:4.10.3]
	at org.gradle.api.internal.tasks.testing.junitplatform.JUnitPlatformTestClassProcessor$CollectAllTestClassesExecutor.access$100(JUnitPlatformTestClassProcessor.java:77) [gradle-testing-junit-platform-4.10.3.jar:4.10.3]
	at org.gradle.api.internal.tasks.testing.junitplatform.JUnitPlatformTestClassProcessor.stop(JUnitPlatformTestClassProcessor.java:73) [gradle-testing-junit-platform-4.10.3.jar:4.10.3]
	at org.gradle.api.internal.tasks.testing.SuiteTestClassProcessor.stop(SuiteTestClassProcessor.java:61) [gradle-testing-base-4.10.3.jar:4.10.3]
	at sun.reflect.NativeMethodAccessorImpl.invoke0(Native Method) ~[?:1.8.0_211]
	at sun.reflect.NativeMethodAccessorImpl.invoke(NativeMethodAccessorImpl.java:62) ~[?:1.8.0_211]
	at sun.reflect.DelegatingMethodAccessorImpl.invoke(DelegatingMethodAccessorImpl.java:43) ~[?:1.8.0_211]
	at java.lang.reflect.Method.invoke(Method.java:498) ~[?:1.8.0_211]
	at org.gradle.internal.dispatch.ReflectionDispatch.dispatch(ReflectionDispatch.java:35) [gradle-messaging-4.10.3.jar:4.10.3]
	at org.gradle.internal.dispatch.ReflectionDispatch.dispatch(ReflectionDispatch.java:24) [gradle-messaging-4.10.3.jar:4.10.3]
	at org.gradle.internal.dispatch.ContextClassLoaderDispatch.dispatch(ContextClassLoaderDispatch.java:32) [gradle-messaging-4.10.3.jar:4.10.3]
	at org.gradle.internal.dispatch.ProxyDispatchAdapter$DispatchingInvocationHandler.invoke(ProxyDispatchAdapter.java:93) [gradle-messaging-4.10.3.jar:4.10.3]
	at com.sun.proxy.$Proxy2.stop(Unknown Source) [?:?]
	at org.gradle.api.internal.tasks.testing.worker.TestWorker.stop(TestWorker.java:131) [gradle-testing-base-4.10.3.jar:4.10.3]
	at sun.reflect.NativeMethodAccessorImpl.invoke0(Native Method) ~[?:1.8.0_211]
	at sun.reflect.NativeMethodAccessorImpl.invoke(NativeMethodAccessorImpl.java:62) ~[?:1.8.0_211]
	at sun.reflect.DelegatingMethodAccessorImpl.invoke(DelegatingMethodAccessorImpl.java:43) ~[?:1.8.0_211]
	at java.lang.reflect.Method.invoke(Method.java:498) ~[?:1.8.0_211]
	at org.gradle.internal.dispatch.ReflectionDispatch.dispatch(ReflectionDispatch.java:35) [gradle-messaging-4.10.3.jar:4.10.3]
	at org.gradle.internal.dispatch.ReflectionDispatch.dispatch(ReflectionDispatch.java:24) [gradle-messaging-4.10.3.jar:4.10.3]
	at org.gradle.internal.remote.internal.hub.MessageHubBackedObjectConnection$DispatchWrapper.dispatch(MessageHubBackedObjectConnection.java:155) [gradle-messaging-4.10.3.jar:4.10.3]
	at org.gradle.internal.remote.internal.hub.MessageHubBackedObjectConnection$DispatchWrapper.dispatch(MessageHubBackedObjectConnection.java:137) [gradle-messaging-4.10.3.jar:4.10.3]
	at org.gradle.internal.remote.internal.hub.MessageHub$Handler.run(MessageHub.java:404) [gradle-messaging-4.10.3.jar:4.10.3]
	at org.gradle.internal.concurrent.ExecutorPolicy$CatchAndRecordFailures.onExecute(ExecutorPolicy.java:63) [gradle-base-services-4.10.3.jar:4.10.3]
	at org.gradle.internal.concurrent.ManagedExecutorImpl$1.run(ManagedExecutorImpl.java:46) [gradle-base-services-4.10.3.jar:4.10.3]
	at java.util.concurrent.ThreadPoolExecutor.runWorker(ThreadPoolExecutor.java:1149) [?:1.8.0_211]
	at java.util.concurrent.ThreadPoolExecutor$Worker.run(ThreadPoolExecutor.java:624) [?:1.8.0_211]
	at org.gradle.internal.concurrent.ThreadFactoryImpl$ManagedThreadRunnable.run(ThreadFactoryImpl.java:55) [gradle-base-services-4.10.3.jar:4.10.3]
	at java.lang.Thread.run(Thread.java:748) [?:1.8.0_211]
22:40:37.323 [Test worker] WARN  o.s.t.c.TestContextManager - Caught exception while invoking 'beforeTestMethod' callback on TestExecutionListener [org.springframework.test.context.junit.jupiter.FailingBeforeAndAfterMethodsSpringExtensionTests$AlwaysFailingBeforeTestMethodTestExecutionListener@42332c5] for test method [void org.springframework.test.context.junit.jupiter.FailingBeforeAndAfterMethodsSpringExtensionTests$BaseTestCase.testNothing()] and test instance [org.springframework.test.context.junit.jupiter.FailingBeforeAndAfterMethodsSpringExtensionTests$AlwaysFailingBeforeTestMethodTestCase@50f8761]
java.lang.AssertionError: always failing beforeTestMethod()
	at org.springframework.test.context.junit.jupiter.FailingBeforeAndAfterMethodsSpringExtensionTests$AlwaysFailingBeforeTestMethodTestExecutionListener.beforeTestMethod(FailingBeforeAndAfterMethodsSpringExtensionTests.java:151) ~[test/:?]
	at org.springframework.test.context.TestContextManager.beforeTestMethod(TestContextManager.java:289) ~[main/:?]
	at org.springframework.test.context.junit.jupiter.SpringExtension.beforeEach(SpringExtension.java:108) ~[main/:?]
	at org.junit.jupiter.engine.descriptor.TestMethodTestDescriptor.lambda$invokeBeforeEachCallbacks$1(TestMethodTestDescriptor.java:151) ~[junit-jupiter-engine-5.5.0-RC2.jar:5.5.0-RC2]
	at org.junit.jupiter.engine.descriptor.TestMethodTestDescriptor.lambda$invokeBeforeMethodsOrCallbacksUntilExceptionOccurs$5(TestMethodTestDescriptor.java:187) ~[junit-jupiter-engine-5.5.0-RC2.jar:5.5.0-RC2]
	at org.junit.platform.engine.support.hierarchical.ThrowableCollector.execute(ThrowableCollector.java:73) ~[junit-platform-engine-1.5.0-RC2.jar:1.5.0-RC2]
	at org.junit.jupiter.engine.descriptor.TestMethodTestDescriptor.invokeBeforeMethodsOrCallbacksUntilExceptionOccurs(TestMethodTestDescriptor.java:187) ~[junit-jupiter-engine-5.5.0-RC2.jar:5.5.0-RC2]
	at org.junit.jupiter.engine.descriptor.TestMethodTestDescriptor.invokeBeforeEachCallbacks(TestMethodTestDescriptor.java:150) ~[junit-jupiter-engine-5.5.0-RC2.jar:5.5.0-RC2]
	at org.junit.jupiter.engine.descriptor.TestMethodTestDescriptor.execute(TestMethodTestDescriptor.java:129) ~[junit-jupiter-engine-5.5.0-RC2.jar:5.5.0-RC2]
	at org.junit.jupiter.engine.descriptor.TestMethodTestDescriptor.execute(TestMethodTestDescriptor.java:69) ~[junit-jupiter-engine-5.5.0-RC2.jar:5.5.0-RC2]
	at org.junit.platform.engine.support.hierarchical.NodeTestTask.lambda$executeRecursively$5(NodeTestTask.java:135) ~[junit-platform-engine-1.5.0-RC2.jar:1.5.0-RC2]
	at org.junit.platform.engine.support.hierarchical.ThrowableCollector.execute(ThrowableCollector.java:73) ~[junit-platform-engine-1.5.0-RC2.jar:1.5.0-RC2]
	at org.junit.platform.engine.support.hierarchical.NodeTestTask.lambda$executeRecursively$7(NodeTestTask.java:125) ~[junit-platform-engine-1.5.0-RC2.jar:1.5.0-RC2]
	at org.junit.platform.engine.support.hierarchical.Node.around(Node.java:135) ~[junit-platform-engine-1.5.0-RC2.jar:1.5.0-RC2]
	at org.junit.platform.engine.support.hierarchical.NodeTestTask.lambda$executeRecursively$8(NodeTestTask.java:123) ~[junit-platform-engine-1.5.0-RC2.jar:1.5.0-RC2]
	at org.junit.platform.engine.support.hierarchical.ThrowableCollector.execute(ThrowableCollector.java:73) ~[junit-platform-engine-1.5.0-RC2.jar:1.5.0-RC2]
	at org.junit.platform.engine.support.hierarchical.NodeTestTask.executeRecursively(NodeTestTask.java:122) ~[junit-platform-engine-1.5.0-RC2.jar:1.5.0-RC2]
	at org.junit.platform.engine.support.hierarchical.NodeTestTask.execute(NodeTestTask.java:80) ~[junit-platform-engine-1.5.0-RC2.jar:1.5.0-RC2]
	at java.util.ArrayList.forEach(ArrayList.java:1257) ~[?:1.8.0_211]
	at org.junit.platform.engine.support.hierarchical.SameThreadHierarchicalTestExecutorService.invokeAll(SameThreadHierarchicalTestExecutorService.java:38) ~[junit-platform-engine-1.5.0-RC2.jar:1.5.0-RC2]
	at org.junit.platform.engine.support.hierarchical.NodeTestTask.lambda$executeRecursively$5(NodeTestTask.java:139) ~[junit-platform-engine-1.5.0-RC2.jar:1.5.0-RC2]
	at org.junit.platform.engine.support.hierarchical.ThrowableCollector.execute(ThrowableCollector.java:73) ~[junit-platform-engine-1.5.0-RC2.jar:1.5.0-RC2]
	at org.junit.platform.engine.support.hierarchical.NodeTestTask.lambda$executeRecursively$7(NodeTestTask.java:125) ~[junit-platform-engine-1.5.0-RC2.jar:1.5.0-RC2]
	at org.junit.platform.engine.support.hierarchical.Node.around(Node.java:135) ~[junit-platform-engine-1.5.0-RC2.jar:1.5.0-RC2]
	at org.junit.platform.engine.support.hierarchical.NodeTestTask.lambda$executeRecursively$8(NodeTestTask.java:123) ~[junit-platform-engine-1.5.0-RC2.jar:1.5.0-RC2]
	at org.junit.platform.engine.support.hierarchical.ThrowableCollector.execute(ThrowableCollector.java:73) ~[junit-platform-engine-1.5.0-RC2.jar:1.5.0-RC2]
	at org.junit.platform.engine.support.hierarchical.NodeTestTask.executeRecursively(NodeTestTask.java:122) ~[junit-platform-engine-1.5.0-RC2.jar:1.5.0-RC2]
	at org.junit.platform.engine.support.hierarchical.NodeTestTask.execute(NodeTestTask.java:80) ~[junit-platform-engine-1.5.0-RC2.jar:1.5.0-RC2]
	at java.util.ArrayList.forEach(ArrayList.java:1257) ~[?:1.8.0_211]
	at org.junit.platform.engine.support.hierarchical.SameThreadHierarchicalTestExecutorService.invokeAll(SameThreadHierarchicalTestExecutorService.java:38) ~[junit-platform-engine-1.5.0-RC2.jar:1.5.0-RC2]
	at org.junit.platform.engine.support.hierarchical.NodeTestTask.lambda$executeRecursively$5(NodeTestTask.java:139) ~[junit-platform-engine-1.5.0-RC2.jar:1.5.0-RC2]
	at org.junit.platform.engine.support.hierarchical.ThrowableCollector.execute(ThrowableCollector.java:73) ~[junit-platform-engine-1.5.0-RC2.jar:1.5.0-RC2]
	at org.junit.platform.engine.support.hierarchical.NodeTestTask.lambda$executeRecursively$7(NodeTestTask.java:125) ~[junit-platform-engine-1.5.0-RC2.jar:1.5.0-RC2]
	at org.junit.platform.engine.support.hierarchical.Node.around(Node.java:135) ~[junit-platform-engine-1.5.0-RC2.jar:1.5.0-RC2]
	at org.junit.platform.engine.support.hierarchical.NodeTestTask.lambda$executeRecursively$8(NodeTestTask.java:123) ~[junit-platform-engine-1.5.0-RC2.jar:1.5.0-RC2]
	at org.junit.platform.engine.support.hierarchical.ThrowableCollector.execute(ThrowableCollector.java:73) ~[junit-platform-engine-1.5.0-RC2.jar:1.5.0-RC2]
	at org.junit.platform.engine.support.hierarchical.NodeTestTask.executeRecursively(NodeTestTask.java:122) ~[junit-platform-engine-1.5.0-RC2.jar:1.5.0-RC2]
	at org.junit.platform.engine.support.hierarchical.NodeTestTask.execute(NodeTestTask.java:80) ~[junit-platform-engine-1.5.0-RC2.jar:1.5.0-RC2]
	at org.junit.platform.engine.support.hierarchical.SameThreadHierarchicalTestExecutorService.submit(SameThreadHierarchicalTestExecutorService.java:32) ~[junit-platform-engine-1.5.0-RC2.jar:1.5.0-RC2]
	at org.junit.platform.engine.support.hierarchical.HierarchicalTestExecutor.execute(HierarchicalTestExecutor.java:57) ~[junit-platform-engine-1.5.0-RC2.jar:1.5.0-RC2]
	at org.junit.platform.engine.support.hierarchical.HierarchicalTestEngine.execute(HierarchicalTestEngine.java:51) ~[junit-platform-engine-1.5.0-RC2.jar:1.5.0-RC2]
	at org.junit.platform.testkit.engine.EngineTestKit.execute(EngineTestKit.java:189) ~[junit-platform-testkit-1.5.0-RC2.jar:1.5.0-RC2]
	at org.junit.platform.testkit.engine.EngineTestKit.access$100(EngineTestKit.java:54) ~[junit-platform-testkit-1.5.0-RC2.jar:1.5.0-RC2]
	at org.junit.platform.testkit.engine.EngineTestKit$Builder.execute(EngineTestKit.java:343) ~[junit-platform-testkit-1.5.0-RC2.jar:1.5.0-RC2]
	at org.springframework.test.context.junit.jupiter.FailingBeforeAndAfterMethodsSpringExtensionTests.failingBeforeAndAfterCallbacks(FailingBeforeAndAfterMethodsSpringExtensionTests.java:84) ~[test/:?]
	at sun.reflect.NativeMethodAccessorImpl.invoke0(Native Method) ~[?:1.8.0_211]
	at sun.reflect.NativeMethodAccessorImpl.invoke(NativeMethodAccessorImpl.java:62) ~[?:1.8.0_211]
	at sun.reflect.DelegatingMethodAccessorImpl.invoke(DelegatingMethodAccessorImpl.java:43) ~[?:1.8.0_211]
	at java.lang.reflect.Method.invoke(Method.java:498) ~[?:1.8.0_211]
	at org.junit.platform.commons.util.ReflectionUtils.invokeMethod(ReflectionUtils.java:675) ~[junit-platform-commons-1.5.0-RC2.jar:1.5.0-RC2]
	at org.junit.jupiter.engine.execution.MethodInvocation.proceed(MethodInvocation.java:60) ~[junit-jupiter-engine-5.5.0-RC2.jar:5.5.0-RC2]
	at org.junit.jupiter.engine.execution.InvocationInterceptorChain$ValidatingInvocation.proceed(InvocationInterceptorChain.java:125) ~[junit-jupiter-engine-5.5.0-RC2.jar:5.5.0-RC2]
	at org.junit.jupiter.engine.extension.TimeoutExtension.intercept(TimeoutExtension.java:132) ~[junit-jupiter-engine-5.5.0-RC2.jar:5.5.0-RC2]
	at org.junit.jupiter.engine.extension.TimeoutExtension.interceptTestableMethod(TimeoutExtension.java:124) ~[junit-jupiter-engine-5.5.0-RC2.jar:5.5.0-RC2]
	at org.junit.jupiter.engine.extension.TimeoutExtension.interceptTestTemplateMethod(TimeoutExtension.java:81) ~[junit-jupiter-engine-5.5.0-RC2.jar:5.5.0-RC2]
	at org.junit.jupiter.engine.execution.ExecutableInvoker$ReflectiveInterceptorCall.lambda$ofVoidMethod$0(ExecutableInvoker.java:115) ~[junit-jupiter-engine-5.5.0-RC2.jar:5.5.0-RC2]
	at org.junit.jupiter.engine.execution.ExecutableInvoker.lambda$invoke$0(ExecutableInvoker.java:105) ~[junit-jupiter-engine-5.5.0-RC2.jar:5.5.0-RC2]
	at org.junit.jupiter.engine.execution.InvocationInterceptorChain$InterceptedInvocation.proceed(InvocationInterceptorChain.java:104) ~[junit-jupiter-engine-5.5.0-RC2.jar:5.5.0-RC2]
	at org.junit.jupiter.engine.execution.InvocationInterceptorChain.proceed(InvocationInterceptorChain.java:62) ~[junit-jupiter-engine-5.5.0-RC2.jar:5.5.0-RC2]
	at org.junit.jupiter.engine.execution.InvocationInterceptorChain.chainAndInvoke(InvocationInterceptorChain.java:43) ~[junit-jupiter-engine-5.5.0-RC2.jar:5.5.0-RC2]
	at org.junit.jupiter.engine.execution.InvocationInterceptorChain.invoke(InvocationInterceptorChain.java:35) ~[junit-jupiter-engine-5.5.0-RC2.jar:5.5.0-RC2]
	at org.junit.jupiter.engine.execution.ExecutableInvoker.invoke(ExecutableInvoker.java:104) ~[junit-jupiter-engine-5.5.0-RC2.jar:5.5.0-RC2]
	at org.junit.jupiter.engine.execution.ExecutableInvoker.invoke(ExecutableInvoker.java:98) ~[junit-jupiter-engine-5.5.0-RC2.jar:5.5.0-RC2]
	at org.junit.jupiter.engine.descriptor.TestMethodTestDescriptor.lambda$invokeTestMethod$6(TestMethodTestDescriptor.java:202) ~[junit-jupiter-engine-5.5.0-RC2.jar:5.5.0-RC2]
	at org.junit.platform.engine.support.hierarchical.ThrowableCollector.execute(ThrowableCollector.java:73) ~[junit-platform-engine-1.5.0-RC2.jar:1.5.0-RC2]
	at org.junit.jupiter.engine.descriptor.TestMethodTestDescriptor.invokeTestMethod(TestMethodTestDescriptor.java:198) ~[junit-jupiter-engine-5.5.0-RC2.jar:5.5.0-RC2]
	at org.junit.jupiter.engine.descriptor.TestMethodTestDescriptor.execute(TestMethodTestDescriptor.java:135) ~[junit-jupiter-engine-5.5.0-RC2.jar:5.5.0-RC2]
	at org.junit.jupiter.engine.descriptor.TestMethodTestDescriptor.execute(TestMethodTestDescriptor.java:69) ~[junit-jupiter-engine-5.5.0-RC2.jar:5.5.0-RC2]
	at org.junit.platform.engine.support.hierarchical.NodeTestTask.lambda$executeRecursively$5(NodeTestTask.java:135) ~[junit-platform-engine-1.5.0-RC2.jar:1.5.0-RC2]
	at org.junit.platform.engine.support.hierarchical.ThrowableCollector.execute(ThrowableCollector.java:73) ~[junit-platform-engine-1.5.0-RC2.jar:1.5.0-RC2]
	at org.junit.platform.engine.support.hierarchical.NodeTestTask.lambda$executeRecursively$7(NodeTestTask.java:125) ~[junit-platform-engine-1.5.0-RC2.jar:1.5.0-RC2]
	at org.junit.platform.engine.support.hierarchical.Node.around(Node.java:135) ~[junit-platform-engine-1.5.0-RC2.jar:1.5.0-RC2]
	at org.junit.platform.engine.support.hierarchical.NodeTestTask.lambda$executeRecursively$8(NodeTestTask.java:123) ~[junit-platform-engine-1.5.0-RC2.jar:1.5.0-RC2]
	at org.junit.platform.engine.support.hierarchical.ThrowableCollector.execute(ThrowableCollector.java:73) ~[junit-platform-engine-1.5.0-RC2.jar:1.5.0-RC2]
	at org.junit.platform.engine.support.hierarchical.NodeTestTask.executeRecursively(NodeTestTask.java:122) ~[junit-platform-engine-1.5.0-RC2.jar:1.5.0-RC2]
	at org.junit.platform.engine.support.hierarchical.NodeTestTask.execute(NodeTestTask.java:80) ~[junit-platform-engine-1.5.0-RC2.jar:1.5.0-RC2]
	at org.junit.platform.engine.support.hierarchical.SameThreadHierarchicalTestExecutorService.submit(SameThreadHierarchicalTestExecutorService.java:32) ~[junit-platform-engine-1.5.0-RC2.jar:1.5.0-RC2]
	at org.junit.platform.engine.support.hierarchical.NodeTestTask$DefaultDynamicTestExecutor.execute(NodeTestTask.java:198) ~[junit-platform-engine-1.5.0-RC2.jar:1.5.0-RC2]
	at org.junit.jupiter.engine.descriptor.TestTemplateTestDescriptor.execute(TestTemplateTestDescriptor.java:138) ~[junit-jupiter-engine-5.5.0-RC2.jar:5.5.0-RC2]
	at org.junit.jupiter.engine.descriptor.TestTemplateTestDescriptor.lambda$execute$2(TestTemplateTestDescriptor.java:106) ~[junit-jupiter-engine-5.5.0-RC2.jar:5.5.0-RC2]
	at java.util.stream.ForEachOps$ForEachOp$OfRef.accept(ForEachOps.java:184) ~[?:1.8.0_211]
	at java.util.stream.ReferencePipeline$3$1.accept(ReferencePipeline.java:193) ~[?:1.8.0_211]
	at java.util.stream.ReferencePipeline$2$1.accept(ReferencePipeline.java:175) ~[?:1.8.0_211]
	at java.util.stream.ReferencePipeline$3$1.accept(ReferencePipeline.java:193) ~[?:1.8.0_211]
	at java.util.stream.ForEachOps$ForEachOp$OfRef.accept(ForEachOps.java:184) ~[?:1.8.0_211]
	at java.util.stream.ReferencePipeline$11$1.accept(ReferencePipeline.java:373) ~[?:1.8.0_211]
	at java.util.stream.ReferencePipeline$3$1.accept(ReferencePipeline.java:193) ~[?:1.8.0_211]
	at java.util.stream.ReferencePipeline$3$1.accept(ReferencePipeline.java:193) ~[?:1.8.0_211]
	at java.util.stream.ReferencePipeline$3$1.accept(ReferencePipeline.java:193) ~[?:1.8.0_211]
	at java.util.stream.ForEachOps$ForEachOp$OfRef.accept(ForEachOps.java:184) ~[?:1.8.0_211]
	at java.util.stream.ReferencePipeline$3$1.accept(ReferencePipeline.java:193) ~[?:1.8.0_211]
	at java.util.Spliterators$ArraySpliterator.forEachRemaining(Spliterators.java:948) ~[?:1.8.0_211]
	at java.util.stream.AbstractPipeline.copyInto(AbstractPipeline.java:481) ~[?:1.8.0_211]
	at java.util.stream.AbstractPipeline.wrapAndCopyInto(AbstractPipeline.java:471) ~[?:1.8.0_211]
	at java.util.stream.ForEachOps$ForEachOp.evaluateSequential(ForEachOps.java:151) ~[?:1.8.0_211]
	at java.util.stream.ForEachOps$ForEachOp$OfRef.evaluateSequential(ForEachOps.java:174) ~[?:1.8.0_211]
	at java.util.stream.AbstractPipeline.evaluate(AbstractPipeline.java:234) ~[?:1.8.0_211]
	at java.util.stream.ReferencePipeline.forEach(ReferencePipeline.java:418) ~[?:1.8.0_211]
	at java.util.stream.ReferencePipeline$7$1.accept(ReferencePipeline.java:270) ~[?:1.8.0_211]
	at java.util.stream.ReferencePipeline$3$1.accept(ReferencePipeline.java:193) ~[?:1.8.0_211]
	at java.util.stream.ReferencePipeline$3$1.accept(ReferencePipeline.java:193) ~[?:1.8.0_211]
	at java.util.stream.ReferencePipeline$3$1.accept(ReferencePipeline.java:193) ~[?:1.8.0_211]
	at java.util.ArrayList$ArrayListSpliterator.forEachRemaining(ArrayList.java:1382) ~[?:1.8.0_211]
	at java.util.stream.AbstractPipeline.copyInto(AbstractPipeline.java:481) ~[?:1.8.0_211]
	at java.util.stream.AbstractPipeline.wrapAndCopyInto(AbstractPipeline.java:471) ~[?:1.8.0_211]
	at java.util.stream.ForEachOps$ForEachOp.evaluateSequential(ForEachOps.java:151) ~[?:1.8.0_211]
	at java.util.stream.ForEachOps$ForEachOp$OfRef.evaluateSequential(ForEachOps.java:174) ~[?:1.8.0_211]
	at java.util.stream.AbstractPipeline.evaluate(AbstractPipeline.java:234) ~[?:1.8.0_211]
	at java.util.stream.ReferencePipeline.forEach(ReferencePipeline.java:418) ~[?:1.8.0_211]
	at java.util.stream.ReferencePipeline$7$1.accept(ReferencePipeline.java:270) ~[?:1.8.0_211]
	at java.util.ArrayList$ArrayListSpliterator.forEachRemaining(ArrayList.java:1382) ~[?:1.8.0_211]
	at java.util.stream.AbstractPipeline.copyInto(AbstractPipeline.java:481) ~[?:1.8.0_211]
	at java.util.stream.AbstractPipeline.wrapAndCopyInto(AbstractPipeline.java:471) ~[?:1.8.0_211]
	at java.util.stream.ForEachOps$ForEachOp.evaluateSequential(ForEachOps.java:151) ~[?:1.8.0_211]
	at java.util.stream.ForEachOps$ForEachOp$OfRef.evaluateSequential(ForEachOps.java:174) ~[?:1.8.0_211]
	at java.util.stream.AbstractPipeline.evaluate(AbstractPipeline.java:234) ~[?:1.8.0_211]
	at java.util.stream.ReferencePipeline.forEach(ReferencePipeline.java:418) ~[?:1.8.0_211]
	at org.junit.jupiter.engine.descriptor.TestTemplateTestDescriptor.execute(TestTemplateTestDescriptor.java:106) ~[junit-jupiter-engine-5.5.0-RC2.jar:5.5.0-RC2]
	at org.junit.jupiter.engine.descriptor.TestTemplateTestDescriptor.execute(TestTemplateTestDescriptor.java:41) ~[junit-jupiter-engine-5.5.0-RC2.jar:5.5.0-RC2]
	at org.junit.platform.engine.support.hierarchical.NodeTestTask.lambda$executeRecursively$5(NodeTestTask.java:135) ~[junit-platform-engine-1.5.0-RC2.jar:1.5.0-RC2]
	at org.junit.platform.engine.support.hierarchical.ThrowableCollector.execute(ThrowableCollector.java:73) ~[junit-platform-engine-1.5.0-RC2.jar:1.5.0-RC2]
	at org.junit.platform.engine.support.hierarchical.NodeTestTask.lambda$executeRecursively$7(NodeTestTask.java:125) ~[junit-platform-engine-1.5.0-RC2.jar:1.5.0-RC2]
	at org.junit.platform.engine.support.hierarchical.Node.around(Node.java:135) ~[junit-platform-engine-1.5.0-RC2.jar:1.5.0-RC2]
	at org.junit.platform.engine.support.hierarchical.NodeTestTask.lambda$executeRecursively$8(NodeTestTask.java:123) ~[junit-platform-engine-1.5.0-RC2.jar:1.5.0-RC2]
	at org.junit.platform.engine.support.hierarchical.ThrowableCollector.execute(ThrowableCollector.java:73) ~[junit-platform-engine-1.5.0-RC2.jar:1.5.0-RC2]
	at org.junit.platform.engine.support.hierarchical.NodeTestTask.executeRecursively(NodeTestTask.java:122) ~[junit-platform-engine-1.5.0-RC2.jar:1.5.0-RC2]
	at org.junit.platform.engine.support.hierarchical.NodeTestTask.execute(NodeTestTask.java:80) ~[junit-platform-engine-1.5.0-RC2.jar:1.5.0-RC2]
	at java.util.ArrayList.forEach(ArrayList.java:1257) ~[?:1.8.0_211]
	at org.junit.platform.engine.support.hierarchical.SameThreadHierarchicalTestExecutorService.invokeAll(SameThreadHierarchicalTestExecutorService.java:38) ~[junit-platform-engine-1.5.0-RC2.jar:1.5.0-RC2]
	at org.junit.platform.engine.support.hierarchical.NodeTestTask.lambda$executeRecursively$5(NodeTestTask.java:139) ~[junit-platform-engine-1.5.0-RC2.jar:1.5.0-RC2]
	at org.junit.platform.engine.support.hierarchical.ThrowableCollector.execute(ThrowableCollector.java:73) ~[junit-platform-engine-1.5.0-RC2.jar:1.5.0-RC2]
	at org.junit.platform.engine.support.hierarchical.NodeTestTask.lambda$executeRecursively$7(NodeTestTask.java:125) ~[junit-platform-engine-1.5.0-RC2.jar:1.5.0-RC2]
	at org.junit.platform.engine.support.hierarchical.Node.around(Node.java:135) ~[junit-platform-engine-1.5.0-RC2.jar:1.5.0-RC2]
	at org.junit.platform.engine.support.hierarchical.NodeTestTask.lambda$executeRecursively$8(NodeTestTask.java:123) ~[junit-platform-engine-1.5.0-RC2.jar:1.5.0-RC2]
	at org.junit.platform.engine.support.hierarchical.ThrowableCollector.execute(ThrowableCollector.java:73) ~[junit-platform-engine-1.5.0-RC2.jar:1.5.0-RC2]
	at org.junit.platform.engine.support.hierarchical.NodeTestTask.executeRecursively(NodeTestTask.java:122) ~[junit-platform-engine-1.5.0-RC2.jar:1.5.0-RC2]
	at org.junit.platform.engine.support.hierarchical.NodeTestTask.execute(NodeTestTask.java:80) ~[junit-platform-engine-1.5.0-RC2.jar:1.5.0-RC2]
	at java.util.ArrayList.forEach(ArrayList.java:1257) ~[?:1.8.0_211]
	at org.junit.platform.engine.support.hierarchical.SameThreadHierarchicalTestExecutorService.invokeAll(SameThreadHierarchicalTestExecutorService.java:38) ~[junit-platform-engine-1.5.0-RC2.jar:1.5.0-RC2]
	at org.junit.platform.engine.support.hierarchical.NodeTestTask.lambda$executeRecursively$5(NodeTestTask.java:139) ~[junit-platform-engine-1.5.0-RC2.jar:1.5.0-RC2]
	at org.junit.platform.engine.support.hierarchical.ThrowableCollector.execute(ThrowableCollector.java:73) ~[junit-platform-engine-1.5.0-RC2.jar:1.5.0-RC2]
	at org.junit.platform.engine.support.hierarchical.NodeTestTask.lambda$executeRecursively$7(NodeTestTask.java:125) ~[junit-platform-engine-1.5.0-RC2.jar:1.5.0-RC2]
	at org.junit.platform.engine.support.hierarchical.Node.around(Node.java:135) ~[junit-platform-engine-1.5.0-RC2.jar:1.5.0-RC2]
	at org.junit.platform.engine.support.hierarchical.NodeTestTask.lambda$executeRecursively$8(NodeTestTask.java:123) ~[junit-platform-engine-1.5.0-RC2.jar:1.5.0-RC2]
	at org.junit.platform.engine.support.hierarchical.ThrowableCollector.execute(ThrowableCollector.java:73) ~[junit-platform-engine-1.5.0-RC2.jar:1.5.0-RC2]
	at org.junit.platform.engine.support.hierarchical.NodeTestTask.executeRecursively(NodeTestTask.java:122) ~[junit-platform-engine-1.5.0-RC2.jar:1.5.0-RC2]
	at org.junit.platform.engine.support.hierarchical.NodeTestTask.execute(NodeTestTask.java:80) ~[junit-platform-engine-1.5.0-RC2.jar:1.5.0-RC2]
	at org.junit.platform.engine.support.hierarchical.SameThreadHierarchicalTestExecutorService.submit(SameThreadHierarchicalTestExecutorService.java:32) ~[junit-platform-engine-1.5.0-RC2.jar:1.5.0-RC2]
	at org.junit.platform.engine.support.hierarchical.HierarchicalTestExecutor.execute(HierarchicalTestExecutor.java:57) ~[junit-platform-engine-1.5.0-RC2.jar:1.5.0-RC2]
	at org.junit.platform.engine.support.hierarchical.HierarchicalTestEngine.execute(HierarchicalTestEngine.java:51) ~[junit-platform-engine-1.5.0-RC2.jar:1.5.0-RC2]
	at org.junit.platform.launcher.core.DefaultLauncher.execute(DefaultLauncher.java:229) ~[junit-platform-launcher-1.5.0-RC2.jar:1.5.0-RC2]
	at org.junit.platform.launcher.core.DefaultLauncher.lambda$execute$6(DefaultLauncher.java:197) ~[junit-platform-launcher-1.5.0-RC2.jar:1.5.0-RC2]
	at org.junit.platform.launcher.core.DefaultLauncher.withInterceptedStreams(DefaultLauncher.java:211) [junit-platform-launcher-1.5.0-RC2.jar:1.5.0-RC2]
	at org.junit.platform.launcher.core.DefaultLauncher.execute(DefaultLauncher.java:191) [junit-platform-launcher-1.5.0-RC2.jar:1.5.0-RC2]
	at org.junit.platform.launcher.core.DefaultLauncher.execute(DefaultLauncher.java:128) [junit-platform-launcher-1.5.0-RC2.jar:1.5.0-RC2]
	at org.gradle.api.internal.tasks.testing.junitplatform.JUnitPlatformTestClassProcessor$CollectAllTestClassesExecutor.processAllTestClasses(JUnitPlatformTestClassProcessor.java:92) [gradle-testing-junit-platform-4.10.3.jar:4.10.3]
	at org.gradle.api.internal.tasks.testing.junitplatform.JUnitPlatformTestClassProcessor$CollectAllTestClassesExecutor.access$100(JUnitPlatformTestClassProcessor.java:77) [gradle-testing-junit-platform-4.10.3.jar:4.10.3]
	at org.gradle.api.internal.tasks.testing.junitplatform.JUnitPlatformTestClassProcessor.stop(JUnitPlatformTestClassProcessor.java:73) [gradle-testing-junit-platform-4.10.3.jar:4.10.3]
	at org.gradle.api.internal.tasks.testing.SuiteTestClassProcessor.stop(SuiteTestClassProcessor.java:61) [gradle-testing-base-4.10.3.jar:4.10.3]
	at sun.reflect.NativeMethodAccessorImpl.invoke0(Native Method) ~[?:1.8.0_211]
	at sun.reflect.NativeMethodAccessorImpl.invoke(NativeMethodAccessorImpl.java:62) ~[?:1.8.0_211]
	at sun.reflect.DelegatingMethodAccessorImpl.invoke(DelegatingMethodAccessorImpl.java:43) ~[?:1.8.0_211]
	at java.lang.reflect.Method.invoke(Method.java:498) ~[?:1.8.0_211]
	at org.gradle.internal.dispatch.ReflectionDispatch.dispatch(ReflectionDispatch.java:35) [gradle-messaging-4.10.3.jar:4.10.3]
	at org.gradle.internal.dispatch.ReflectionDispatch.dispatch(ReflectionDispatch.java:24) [gradle-messaging-4.10.3.jar:4.10.3]
	at org.gradle.internal.dispatch.ContextClassLoaderDispatch.dispatch(ContextClassLoaderDispatch.java:32) [gradle-messaging-4.10.3.jar:4.10.3]
	at org.gradle.internal.dispatch.ProxyDispatchAdapter$DispatchingInvocationHandler.invoke(ProxyDispatchAdapter.java:93) [gradle-messaging-4.10.3.jar:4.10.3]
	at com.sun.proxy.$Proxy2.stop(Unknown Source) [?:?]
	at org.gradle.api.internal.tasks.testing.worker.TestWorker.stop(TestWorker.java:131) [gradle-testing-base-4.10.3.jar:4.10.3]
	at sun.reflect.NativeMethodAccessorImpl.invoke0(Native Method) ~[?:1.8.0_211]
	at sun.reflect.NativeMethodAccessorImpl.invoke(NativeMethodAccessorImpl.java:62) ~[?:1.8.0_211]
	at sun.reflect.DelegatingMethodAccessorImpl.invoke(DelegatingMethodAccessorImpl.java:43) ~[?:1.8.0_211]
	at java.lang.reflect.Method.invoke(Method.java:498) ~[?:1.8.0_211]
	at org.gradle.internal.dispatch.ReflectionDispatch.dispatch(ReflectionDispatch.java:35) [gradle-messaging-4.10.3.jar:4.10.3]
	at org.gradle.internal.dispatch.ReflectionDispatch.dispatch(ReflectionDispatch.java:24) [gradle-messaging-4.10.3.jar:4.10.3]
	at org.gradle.internal.remote.internal.hub.MessageHubBackedObjectConnection$DispatchWrapper.dispatch(MessageHubBackedObjectConnection.java:155) [gradle-messaging-4.10.3.jar:4.10.3]
	at org.gradle.internal.remote.internal.hub.MessageHubBackedObjectConnection$DispatchWrapper.dispatch(MessageHubBackedObjectConnection.java:137) [gradle-messaging-4.10.3.jar:4.10.3]
	at org.gradle.internal.remote.internal.hub.MessageHub$Handler.run(MessageHub.java:404) [gradle-messaging-4.10.3.jar:4.10.3]
	at org.gradle.internal.concurrent.ExecutorPolicy$CatchAndRecordFailures.onExecute(ExecutorPolicy.java:63) [gradle-base-services-4.10.3.jar:4.10.3]
	at org.gradle.internal.concurrent.ManagedExecutorImpl$1.run(ManagedExecutorImpl.java:46) [gradle-base-services-4.10.3.jar:4.10.3]
	at java.util.concurrent.ThreadPoolExecutor.runWorker(ThreadPoolExecutor.java:1149) [?:1.8.0_211]
	at java.util.concurrent.ThreadPoolExecutor$Worker.run(ThreadPoolExecutor.java:624) [?:1.8.0_211]
	at org.gradle.internal.concurrent.ThreadFactoryImpl$ManagedThreadRunnable.run(ThreadFactoryImpl.java:55) [gradle-base-services-4.10.3.jar:4.10.3]
	at java.lang.Thread.run(Thread.java:748) [?:1.8.0_211]
22:40:37.331 [Test worker] WARN  o.s.t.c.TestContextManager - Caught exception while invoking 'beforeTestExecution' callback on TestExecutionListener [org.springframework.test.context.junit.jupiter.FailingBeforeAndAfterMethodsSpringExtensionTests$AlwaysFailingBeforeTestExecutionTestExecutionListener@2aa1ebc7] for test method [void org.springframework.test.context.junit.jupiter.FailingBeforeAndAfterMethodsSpringExtensionTests$BaseTestCase.testNothing()] and test instance [org.springframework.test.context.junit.jupiter.FailingBeforeAndAfterMethodsSpringExtensionTests$AlwaysFailingBeforeTestExecutionTestCase@15ccd59a]
java.lang.AssertionError: always failing beforeTestExecution()
	at org.springframework.test.context.junit.jupiter.FailingBeforeAndAfterMethodsSpringExtensionTests$AlwaysFailingBeforeTestExecutionTestExecutionListener.beforeTestExecution(FailingBeforeAndAfterMethodsSpringExtensionTests.java:159) ~[test/:?]
	at org.springframework.test.context.TestContextManager.beforeTestExecution(TestContextManager.java:328) ~[main/:?]
	at org.springframework.test.context.junit.jupiter.SpringExtension.beforeTestExecution(SpringExtension.java:118) ~[main/:?]
	at org.junit.jupiter.engine.descriptor.TestMethodTestDescriptor.lambda$invokeBeforeTestExecutionCallbacks$4(TestMethodTestDescriptor.java:176) ~[junit-jupiter-engine-5.5.0-RC2.jar:5.5.0-RC2]
	at org.junit.jupiter.engine.descriptor.TestMethodTestDescriptor.lambda$invokeBeforeMethodsOrCallbacksUntilExceptionOccurs$5(TestMethodTestDescriptor.java:187) ~[junit-jupiter-engine-5.5.0-RC2.jar:5.5.0-RC2]
	at org.junit.platform.engine.support.hierarchical.ThrowableCollector.execute(ThrowableCollector.java:73) ~[junit-platform-engine-1.5.0-RC2.jar:1.5.0-RC2]
	at org.junit.jupiter.engine.descriptor.TestMethodTestDescriptor.invokeBeforeMethodsOrCallbacksUntilExceptionOccurs(TestMethodTestDescriptor.java:187) ~[junit-jupiter-engine-5.5.0-RC2.jar:5.5.0-RC2]
	at org.junit.jupiter.engine.descriptor.TestMethodTestDescriptor.invokeBeforeTestExecutionCallbacks(TestMethodTestDescriptor.java:175) ~[junit-jupiter-engine-5.5.0-RC2.jar:5.5.0-RC2]
	at org.junit.jupiter.engine.descriptor.TestMethodTestDescriptor.execute(TestMethodTestDescriptor.java:133) ~[junit-jupiter-engine-5.5.0-RC2.jar:5.5.0-RC2]
	at org.junit.jupiter.engine.descriptor.TestMethodTestDescriptor.execute(TestMethodTestDescriptor.java:69) ~[junit-jupiter-engine-5.5.0-RC2.jar:5.5.0-RC2]
	at org.junit.platform.engine.support.hierarchical.NodeTestTask.lambda$executeRecursively$5(NodeTestTask.java:135) ~[junit-platform-engine-1.5.0-RC2.jar:1.5.0-RC2]
	at org.junit.platform.engine.support.hierarchical.ThrowableCollector.execute(ThrowableCollector.java:73) ~[junit-platform-engine-1.5.0-RC2.jar:1.5.0-RC2]
	at org.junit.platform.engine.support.hierarchical.NodeTestTask.lambda$executeRecursively$7(NodeTestTask.java:125) ~[junit-platform-engine-1.5.0-RC2.jar:1.5.0-RC2]
	at org.junit.platform.engine.support.hierarchical.Node.around(Node.java:135) ~[junit-platform-engine-1.5.0-RC2.jar:1.5.0-RC2]
	at org.junit.platform.engine.support.hierarchical.NodeTestTask.lambda$executeRecursively$8(NodeTestTask.java:123) ~[junit-platform-engine-1.5.0-RC2.jar:1.5.0-RC2]
	at org.junit.platform.engine.support.hierarchical.ThrowableCollector.execute(ThrowableCollector.java:73) ~[junit-platform-engine-1.5.0-RC2.jar:1.5.0-RC2]
	at org.junit.platform.engine.support.hierarchical.NodeTestTask.executeRecursively(NodeTestTask.java:122) ~[junit-platform-engine-1.5.0-RC2.jar:1.5.0-RC2]
	at org.junit.platform.engine.support.hierarchical.NodeTestTask.execute(NodeTestTask.java:80) ~[junit-platform-engine-1.5.0-RC2.jar:1.5.0-RC2]
	at java.util.ArrayList.forEach(ArrayList.java:1257) ~[?:1.8.0_211]
	at org.junit.platform.engine.support.hierarchical.SameThreadHierarchicalTestExecutorService.invokeAll(SameThreadHierarchicalTestExecutorService.java:38) ~[junit-platform-engine-1.5.0-RC2.jar:1.5.0-RC2]
	at org.junit.platform.engine.support.hierarchical.NodeTestTask.lambda$executeRecursively$5(NodeTestTask.java:139) ~[junit-platform-engine-1.5.0-RC2.jar:1.5.0-RC2]
	at org.junit.platform.engine.support.hierarchical.ThrowableCollector.execute(ThrowableCollector.java:73) ~[junit-platform-engine-1.5.0-RC2.jar:1.5.0-RC2]
	at org.junit.platform.engine.support.hierarchical.NodeTestTask.lambda$executeRecursively$7(NodeTestTask.java:125) ~[junit-platform-engine-1.5.0-RC2.jar:1.5.0-RC2]
	at org.junit.platform.engine.support.hierarchical.Node.around(Node.java:135) ~[junit-platform-engine-1.5.0-RC2.jar:1.5.0-RC2]
	at org.junit.platform.engine.support.hierarchical.NodeTestTask.lambda$executeRecursively$8(NodeTestTask.java:123) ~[junit-platform-engine-1.5.0-RC2.jar:1.5.0-RC2]
	at org.junit.platform.engine.support.hierarchical.ThrowableCollector.execute(ThrowableCollector.java:73) ~[junit-platform-engine-1.5.0-RC2.jar:1.5.0-RC2]
	at org.junit.platform.engine.support.hierarchical.NodeTestTask.executeRecursively(NodeTestTask.java:122) ~[junit-platform-engine-1.5.0-RC2.jar:1.5.0-RC2]
	at org.junit.platform.engine.support.hierarchical.NodeTestTask.execute(NodeTestTask.java:80) ~[junit-platform-engine-1.5.0-RC2.jar:1.5.0-RC2]
	at java.util.ArrayList.forEach(ArrayList.java:1257) ~[?:1.8.0_211]
	at org.junit.platform.engine.support.hierarchical.SameThreadHierarchicalTestExecutorService.invokeAll(SameThreadHierarchicalTestExecutorService.java:38) ~[junit-platform-engine-1.5.0-RC2.jar:1.5.0-RC2]
	at org.junit.platform.engine.support.hierarchical.NodeTestTask.lambda$executeRecursively$5(NodeTestTask.java:139) ~[junit-platform-engine-1.5.0-RC2.jar:1.5.0-RC2]
	at org.junit.platform.engine.support.hierarchical.ThrowableCollector.execute(ThrowableCollector.java:73) ~[junit-platform-engine-1.5.0-RC2.jar:1.5.0-RC2]
	at org.junit.platform.engine.support.hierarchical.NodeTestTask.lambda$executeRecursively$7(NodeTestTask.java:125) ~[junit-platform-engine-1.5.0-RC2.jar:1.5.0-RC2]
	at org.junit.platform.engine.support.hierarchical.Node.around(Node.java:135) ~[junit-platform-engine-1.5.0-RC2.jar:1.5.0-RC2]
	at org.junit.platform.engine.support.hierarchical.NodeTestTask.lambda$executeRecursively$8(NodeTestTask.java:123) ~[junit-platform-engine-1.5.0-RC2.jar:1.5.0-RC2]
	at org.junit.platform.engine.support.hierarchical.ThrowableCollector.execute(ThrowableCollector.java:73) ~[junit-platform-engine-1.5.0-RC2.jar:1.5.0-RC2]
	at org.junit.platform.engine.support.hierarchical.NodeTestTask.executeRecursively(NodeTestTask.java:122) ~[junit-platform-engine-1.5.0-RC2.jar:1.5.0-RC2]
	at org.junit.platform.engine.support.hierarchical.NodeTestTask.execute(NodeTestTask.java:80) ~[junit-platform-engine-1.5.0-RC2.jar:1.5.0-RC2]
	at org.junit.platform.engine.support.hierarchical.SameThreadHierarchicalTestExecutorService.submit(SameThreadHierarchicalTestExecutorService.java:32) ~[junit-platform-engine-1.5.0-RC2.jar:1.5.0-RC2]
	at org.junit.platform.engine.support.hierarchical.HierarchicalTestExecutor.execute(HierarchicalTestExecutor.java:57) ~[junit-platform-engine-1.5.0-RC2.jar:1.5.0-RC2]
	at org.junit.platform.engine.support.hierarchical.HierarchicalTestEngine.execute(HierarchicalTestEngine.java:51) ~[junit-platform-engine-1.5.0-RC2.jar:1.5.0-RC2]
	at org.junit.platform.testkit.engine.EngineTestKit.execute(EngineTestKit.java:189) ~[junit-platform-testkit-1.5.0-RC2.jar:1.5.0-RC2]
	at org.junit.platform.testkit.engine.EngineTestKit.access$100(EngineTestKit.java:54) ~[junit-platform-testkit-1.5.0-RC2.jar:1.5.0-RC2]
	at org.junit.platform.testkit.engine.EngineTestKit$Builder.execute(EngineTestKit.java:343) ~[junit-platform-testkit-1.5.0-RC2.jar:1.5.0-RC2]
	at org.springframework.test.context.junit.jupiter.FailingBeforeAndAfterMethodsSpringExtensionTests.failingBeforeAndAfterCallbacks(FailingBeforeAndAfterMethodsSpringExtensionTests.java:84) ~[test/:?]
	at sun.reflect.NativeMethodAccessorImpl.invoke0(Native Method) ~[?:1.8.0_211]
	at sun.reflect.NativeMethodAccessorImpl.invoke(NativeMethodAccessorImpl.java:62) ~[?:1.8.0_211]
	at sun.reflect.DelegatingMethodAccessorImpl.invoke(DelegatingMethodAccessorImpl.java:43) ~[?:1.8.0_211]
	at java.lang.reflect.Method.invoke(Method.java:498) ~[?:1.8.0_211]
	at org.junit.platform.commons.util.ReflectionUtils.invokeMethod(ReflectionUtils.java:675) ~[junit-platform-commons-1.5.0-RC2.jar:1.5.0-RC2]
	at org.junit.jupiter.engine.execution.MethodInvocation.proceed(MethodInvocation.java:60) ~[junit-jupiter-engine-5.5.0-RC2.jar:5.5.0-RC2]
	at org.junit.jupiter.engine.execution.InvocationInterceptorChain$ValidatingInvocation.proceed(InvocationInterceptorChain.java:125) ~[junit-jupiter-engine-5.5.0-RC2.jar:5.5.0-RC2]
	at org.junit.jupiter.engine.extension.TimeoutExtension.intercept(TimeoutExtension.java:132) ~[junit-jupiter-engine-5.5.0-RC2.jar:5.5.0-RC2]
	at org.junit.jupiter.engine.extension.TimeoutExtension.interceptTestableMethod(TimeoutExtension.java:124) ~[junit-jupiter-engine-5.5.0-RC2.jar:5.5.0-RC2]
	at org.junit.jupiter.engine.extension.TimeoutExtension.interceptTestTemplateMethod(TimeoutExtension.java:81) ~[junit-jupiter-engine-5.5.0-RC2.jar:5.5.0-RC2]
	at org.junit.jupiter.engine.execution.ExecutableInvoker$ReflectiveInterceptorCall.lambda$ofVoidMethod$0(ExecutableInvoker.java:115) ~[junit-jupiter-engine-5.5.0-RC2.jar:5.5.0-RC2]
	at org.junit.jupiter.engine.execution.ExecutableInvoker.lambda$invoke$0(ExecutableInvoker.java:105) ~[junit-jupiter-engine-5.5.0-RC2.jar:5.5.0-RC2]
	at org.junit.jupiter.engine.execution.InvocationInterceptorChain$InterceptedInvocation.proceed(InvocationInterceptorChain.java:104) ~[junit-jupiter-engine-5.5.0-RC2.jar:5.5.0-RC2]
	at org.junit.jupiter.engine.execution.InvocationInterceptorChain.proceed(InvocationInterceptorChain.java:62) ~[junit-jupiter-engine-5.5.0-RC2.jar:5.5.0-RC2]
	at org.junit.jupiter.engine.execution.InvocationInterceptorChain.chainAndInvoke(InvocationInterceptorChain.java:43) ~[junit-jupiter-engine-5.5.0-RC2.jar:5.5.0-RC2]
	at org.junit.jupiter.engine.execution.InvocationInterceptorChain.invoke(InvocationInterceptorChain.java:35) ~[junit-jupiter-engine-5.5.0-RC2.jar:5.5.0-RC2]
	at org.junit.jupiter.engine.execution.ExecutableInvoker.invoke(ExecutableInvoker.java:104) ~[junit-jupiter-engine-5.5.0-RC2.jar:5.5.0-RC2]
	at org.junit.jupiter.engine.execution.ExecutableInvoker.invoke(ExecutableInvoker.java:98) ~[junit-jupiter-engine-5.5.0-RC2.jar:5.5.0-RC2]
	at org.junit.jupiter.engine.descriptor.TestMethodTestDescriptor.lambda$invokeTestMethod$6(TestMethodTestDescriptor.java:202) ~[junit-jupiter-engine-5.5.0-RC2.jar:5.5.0-RC2]
	at org.junit.platform.engine.support.hierarchical.ThrowableCollector.execute(ThrowableCollector.java:73) ~[junit-platform-engine-1.5.0-RC2.jar:1.5.0-RC2]
	at org.junit.jupiter.engine.descriptor.TestMethodTestDescriptor.invokeTestMethod(TestMethodTestDescriptor.java:198) ~[junit-jupiter-engine-5.5.0-RC2.jar:5.5.0-RC2]
	at org.junit.jupiter.engine.descriptor.TestMethodTestDescriptor.execute(TestMethodTestDescriptor.java:135) ~[junit-jupiter-engine-5.5.0-RC2.jar:5.5.0-RC2]
	at org.junit.jupiter.engine.descriptor.TestMethodTestDescriptor.execute(TestMethodTestDescriptor.java:69) ~[junit-jupiter-engine-5.5.0-RC2.jar:5.5.0-RC2]
	at org.junit.platform.engine.support.hierarchical.NodeTestTask.lambda$executeRecursively$5(NodeTestTask.java:135) ~[junit-platform-engine-1.5.0-RC2.jar:1.5.0-RC2]
	at org.junit.platform.engine.support.hierarchical.ThrowableCollector.execute(ThrowableCollector.java:73) ~[junit-platform-engine-1.5.0-RC2.jar:1.5.0-RC2]
	at org.junit.platform.engine.support.hierarchical.NodeTestTask.lambda$executeRecursively$7(NodeTestTask.java:125) ~[junit-platform-engine-1.5.0-RC2.jar:1.5.0-RC2]
	at org.junit.platform.engine.support.hierarchical.Node.around(Node.java:135) ~[junit-platform-engine-1.5.0-RC2.jar:1.5.0-RC2]
	at org.junit.platform.engine.support.hierarchical.NodeTestTask.lambda$executeRecursively$8(NodeTestTask.java:123) ~[junit-platform-engine-1.5.0-RC2.jar:1.5.0-RC2]
	at org.junit.platform.engine.support.hierarchical.ThrowableCollector.execute(ThrowableCollector.java:73) ~[junit-platform-engine-1.5.0-RC2.jar:1.5.0-RC2]
	at org.junit.platform.engine.support.hierarchical.NodeTestTask.executeRecursively(NodeTestTask.java:122) ~[junit-platform-engine-1.5.0-RC2.jar:1.5.0-RC2]
	at org.junit.platform.engine.support.hierarchical.NodeTestTask.execute(NodeTestTask.java:80) ~[junit-platform-engine-1.5.0-RC2.jar:1.5.0-RC2]
	at org.junit.platform.engine.support.hierarchical.SameThreadHierarchicalTestExecutorService.submit(SameThreadHierarchicalTestExecutorService.java:32) ~[junit-platform-engine-1.5.0-RC2.jar:1.5.0-RC2]
	at org.junit.platform.engine.support.hierarchical.NodeTestTask$DefaultDynamicTestExecutor.execute(NodeTestTask.java:198) ~[junit-platform-engine-1.5.0-RC2.jar:1.5.0-RC2]
	at org.junit.jupiter.engine.descriptor.TestTemplateTestDescriptor.execute(TestTemplateTestDescriptor.java:138) ~[junit-jupiter-engine-5.5.0-RC2.jar:5.5.0-RC2]
	at org.junit.jupiter.engine.descriptor.TestTemplateTestDescriptor.lambda$execute$2(TestTemplateTestDescriptor.java:106) ~[junit-jupiter-engine-5.5.0-RC2.jar:5.5.0-RC2]
	at java.util.stream.ForEachOps$ForEachOp$OfRef.accept(ForEachOps.java:184) ~[?:1.8.0_211]
	at java.util.stream.ReferencePipeline$3$1.accept(ReferencePipeline.java:193) ~[?:1.8.0_211]
	at java.util.stream.ReferencePipeline$2$1.accept(ReferencePipeline.java:175) ~[?:1.8.0_211]
	at java.util.stream.ReferencePipeline$3$1.accept(ReferencePipeline.java:193) ~[?:1.8.0_211]
	at java.util.stream.ForEachOps$ForEachOp$OfRef.accept(ForEachOps.java:184) ~[?:1.8.0_211]
	at java.util.stream.ReferencePipeline$11$1.accept(ReferencePipeline.java:373) ~[?:1.8.0_211]
	at java.util.stream.ReferencePipeline$3$1.accept(ReferencePipeline.java:193) ~[?:1.8.0_211]
	at java.util.stream.ReferencePipeline$3$1.accept(ReferencePipeline.java:193) ~[?:1.8.0_211]
	at java.util.stream.ReferencePipeline$3$1.accept(ReferencePipeline.java:193) ~[?:1.8.0_211]
	at java.util.stream.ForEachOps$ForEachOp$OfRef.accept(ForEachOps.java:184) ~[?:1.8.0_211]
	at java.util.stream.ReferencePipeline$3$1.accept(ReferencePipeline.java:193) ~[?:1.8.0_211]
	at java.util.Spliterators$ArraySpliterator.forEachRemaining(Spliterators.java:948) ~[?:1.8.0_211]
	at java.util.stream.AbstractPipeline.copyInto(AbstractPipeline.java:481) ~[?:1.8.0_211]
	at java.util.stream.AbstractPipeline.wrapAndCopyInto(AbstractPipeline.java:471) ~[?:1.8.0_211]
	at java.util.stream.ForEachOps$ForEachOp.evaluateSequential(ForEachOps.java:151) ~[?:1.8.0_211]
	at java.util.stream.ForEachOps$ForEachOp$OfRef.evaluateSequential(ForEachOps.java:174) ~[?:1.8.0_211]
	at java.util.stream.AbstractPipeline.evaluate(AbstractPipeline.java:234) ~[?:1.8.0_211]
	at java.util.stream.ReferencePipeline.forEach(ReferencePipeline.java:418) ~[?:1.8.0_211]
	at java.util.stream.ReferencePipeline$7$1.accept(ReferencePipeline.java:270) ~[?:1.8.0_211]
	at java.util.stream.ReferencePipeline$3$1.accept(ReferencePipeline.java:193) ~[?:1.8.0_211]
	at java.util.stream.ReferencePipeline$3$1.accept(ReferencePipeline.java:193) ~[?:1.8.0_211]
	at java.util.stream.ReferencePipeline$3$1.accept(ReferencePipeline.java:193) ~[?:1.8.0_211]
	at java.util.ArrayList$ArrayListSpliterator.forEachRemaining(ArrayList.java:1382) ~[?:1.8.0_211]
	at java.util.stream.AbstractPipeline.copyInto(AbstractPipeline.java:481) ~[?:1.8.0_211]
	at java.util.stream.AbstractPipeline.wrapAndCopyInto(AbstractPipeline.java:471) ~[?:1.8.0_211]
	at java.util.stream.ForEachOps$ForEachOp.evaluateSequential(ForEachOps.java:151) ~[?:1.8.0_211]
	at java.util.stream.ForEachOps$ForEachOp$OfRef.evaluateSequential(ForEachOps.java:174) ~[?:1.8.0_211]
	at java.util.stream.AbstractPipeline.evaluate(AbstractPipeline.java:234) ~[?:1.8.0_211]
	at java.util.stream.ReferencePipeline.forEach(ReferencePipeline.java:418) ~[?:1.8.0_211]
	at java.util.stream.ReferencePipeline$7$1.accept(ReferencePipeline.java:270) ~[?:1.8.0_211]
	at java.util.ArrayList$ArrayListSpliterator.forEachRemaining(ArrayList.java:1382) ~[?:1.8.0_211]
	at java.util.stream.AbstractPipeline.copyInto(AbstractPipeline.java:481) ~[?:1.8.0_211]
	at java.util.stream.AbstractPipeline.wrapAndCopyInto(AbstractPipeline.java:471) ~[?:1.8.0_211]
	at java.util.stream.ForEachOps$ForEachOp.evaluateSequential(ForEachOps.java:151) ~[?:1.8.0_211]
	at java.util.stream.ForEachOps$ForEachOp$OfRef.evaluateSequential(ForEachOps.java:174) ~[?:1.8.0_211]
	at java.util.stream.AbstractPipeline.evaluate(AbstractPipeline.java:234) ~[?:1.8.0_211]
	at java.util.stream.ReferencePipeline.forEach(ReferencePipeline.java:418) ~[?:1.8.0_211]
	at org.junit.jupiter.engine.descriptor.TestTemplateTestDescriptor.execute(TestTemplateTestDescriptor.java:106) ~[junit-jupiter-engine-5.5.0-RC2.jar:5.5.0-RC2]
	at org.junit.jupiter.engine.descriptor.TestTemplateTestDescriptor.execute(TestTemplateTestDescriptor.java:41) ~[junit-jupiter-engine-5.5.0-RC2.jar:5.5.0-RC2]
	at org.junit.platform.engine.support.hierarchical.NodeTestTask.lambda$executeRecursively$5(NodeTestTask.java:135) ~[junit-platform-engine-1.5.0-RC2.jar:1.5.0-RC2]
	at org.junit.platform.engine.support.hierarchical.ThrowableCollector.execute(ThrowableCollector.java:73) ~[junit-platform-engine-1.5.0-RC2.jar:1.5.0-RC2]
	at org.junit.platform.engine.support.hierarchical.NodeTestTask.lambda$executeRecursively$7(NodeTestTask.java:125) ~[junit-platform-engine-1.5.0-RC2.jar:1.5.0-RC2]
	at org.junit.platform.engine.support.hierarchical.Node.around(Node.java:135) ~[junit-platform-engine-1.5.0-RC2.jar:1.5.0-RC2]
	at org.junit.platform.engine.support.hierarchical.NodeTestTask.lambda$executeRecursively$8(NodeTestTask.java:123) ~[junit-platform-engine-1.5.0-RC2.jar:1.5.0-RC2]
	at org.junit.platform.engine.support.hierarchical.ThrowableCollector.execute(ThrowableCollector.java:73) ~[junit-platform-engine-1.5.0-RC2.jar:1.5.0-RC2]
	at org.junit.platform.engine.support.hierarchical.NodeTestTask.executeRecursively(NodeTestTask.java:122) ~[junit-platform-engine-1.5.0-RC2.jar:1.5.0-RC2]
	at org.junit.platform.engine.support.hierarchical.NodeTestTask.execute(NodeTestTask.java:80) ~[junit-platform-engine-1.5.0-RC2.jar:1.5.0-RC2]
	at java.util.ArrayList.forEach(ArrayList.java:1257) ~[?:1.8.0_211]
	at org.junit.platform.engine.support.hierarchical.SameThreadHierarchicalTestExecutorService.invokeAll(SameThreadHierarchicalTestExecutorService.java:38) ~[junit-platform-engine-1.5.0-RC2.jar:1.5.0-RC2]
	at org.junit.platform.engine.support.hierarchical.NodeTestTask.lambda$executeRecursively$5(NodeTestTask.java:139) ~[junit-platform-engine-1.5.0-RC2.jar:1.5.0-RC2]
	at org.junit.platform.engine.support.hierarchical.ThrowableCollector.execute(ThrowableCollector.java:73) ~[junit-platform-engine-1.5.0-RC2.jar:1.5.0-RC2]
	at org.junit.platform.engine.support.hierarchical.NodeTestTask.lambda$executeRecursively$7(NodeTestTask.java:125) ~[junit-platform-engine-1.5.0-RC2.jar:1.5.0-RC2]
	at org.junit.platform.engine.support.hierarchical.Node.around(Node.java:135) ~[junit-platform-engine-1.5.0-RC2.jar:1.5.0-RC2]
	at org.junit.platform.engine.support.hierarchical.NodeTestTask.lambda$executeRecursively$8(NodeTestTask.java:123) ~[junit-platform-engine-1.5.0-RC2.jar:1.5.0-RC2]
	at org.junit.platform.engine.support.hierarchical.ThrowableCollector.execute(ThrowableCollector.java:73) ~[junit-platform-engine-1.5.0-RC2.jar:1.5.0-RC2]
	at org.junit.platform.engine.support.hierarchical.NodeTestTask.executeRecursively(NodeTestTask.java:122) ~[junit-platform-engine-1.5.0-RC2.jar:1.5.0-RC2]
	at org.junit.platform.engine.support.hierarchical.NodeTestTask.execute(NodeTestTask.java:80) ~[junit-platform-engine-1.5.0-RC2.jar:1.5.0-RC2]
	at java.util.ArrayList.forEach(ArrayList.java:1257) ~[?:1.8.0_211]
	at org.junit.platform.engine.support.hierarchical.SameThreadHierarchicalTestExecutorService.invokeAll(SameThreadHierarchicalTestExecutorService.java:38) ~[junit-platform-engine-1.5.0-RC2.jar:1.5.0-RC2]
	at org.junit.platform.engine.support.hierarchical.NodeTestTask.lambda$executeRecursively$5(NodeTestTask.java:139) ~[junit-platform-engine-1.5.0-RC2.jar:1.5.0-RC2]
	at org.junit.platform.engine.support.hierarchical.ThrowableCollector.execute(ThrowableCollector.java:73) ~[junit-platform-engine-1.5.0-RC2.jar:1.5.0-RC2]
	at org.junit.platform.engine.support.hierarchical.NodeTestTask.lambda$executeRecursively$7(NodeTestTask.java:125) ~[junit-platform-engine-1.5.0-RC2.jar:1.5.0-RC2]
	at org.junit.platform.engine.support.hierarchical.Node.around(Node.java:135) ~[junit-platform-engine-1.5.0-RC2.jar:1.5.0-RC2]
	at org.junit.platform.engine.support.hierarchical.NodeTestTask.lambda$executeRecursively$8(NodeTestTask.java:123) ~[junit-platform-engine-1.5.0-RC2.jar:1.5.0-RC2]
	at org.junit.platform.engine.support.hierarchical.ThrowableCollector.execute(ThrowableCollector.java:73) ~[junit-platform-engine-1.5.0-RC2.jar:1.5.0-RC2]
	at org.junit.platform.engine.support.hierarchical.NodeTestTask.executeRecursively(NodeTestTask.java:122) ~[junit-platform-engine-1.5.0-RC2.jar:1.5.0-RC2]
	at org.junit.platform.engine.support.hierarchical.NodeTestTask.execute(NodeTestTask.java:80) ~[junit-platform-engine-1.5.0-RC2.jar:1.5.0-RC2]
	at org.junit.platform.engine.support.hierarchical.SameThreadHierarchicalTestExecutorService.submit(SameThreadHierarchicalTestExecutorService.java:32) ~[junit-platform-engine-1.5.0-RC2.jar:1.5.0-RC2]
	at org.junit.platform.engine.support.hierarchical.HierarchicalTestExecutor.execute(HierarchicalTestExecutor.java:57) ~[junit-platform-engine-1.5.0-RC2.jar:1.5.0-RC2]
	at org.junit.platform.engine.support.hierarchical.HierarchicalTestEngine.execute(HierarchicalTestEngine.java:51) ~[junit-platform-engine-1.5.0-RC2.jar:1.5.0-RC2]
	at org.junit.platform.launcher.core.DefaultLauncher.execute(DefaultLauncher.java:229) ~[junit-platform-launcher-1.5.0-RC2.jar:1.5.0-RC2]
	at org.junit.platform.launcher.core.DefaultLauncher.lambda$execute$6(DefaultLauncher.java:197) ~[junit-platform-launcher-1.5.0-RC2.jar:1.5.0-RC2]
	at org.junit.platform.launcher.core.DefaultLauncher.withInterceptedStreams(DefaultLauncher.java:211) [junit-platform-launcher-1.5.0-RC2.jar:1.5.0-RC2]
	at org.junit.platform.launcher.core.DefaultLauncher.execute(DefaultLauncher.java:191) [junit-platform-launcher-1.5.0-RC2.jar:1.5.0-RC2]
	at org.junit.platform.launcher.core.DefaultLauncher.execute(DefaultLauncher.java:128) [junit-platform-launcher-1.5.0-RC2.jar:1.5.0-RC2]
	at org.gradle.api.internal.tasks.testing.junitplatform.JUnitPlatformTestClassProcessor$CollectAllTestClassesExecutor.processAllTestClasses(JUnitPlatformTestClassProcessor.java:92) [gradle-testing-junit-platform-4.10.3.jar:4.10.3]
	at org.gradle.api.internal.tasks.testing.junitplatform.JUnitPlatformTestClassProcessor$CollectAllTestClassesExecutor.access$100(JUnitPlatformTestClassProcessor.java:77) [gradle-testing-junit-platform-4.10.3.jar:4.10.3]
	at org.gradle.api.internal.tasks.testing.junitplatform.JUnitPlatformTestClassProcessor.stop(JUnitPlatformTestClassProcessor.java:73) [gradle-testing-junit-platform-4.10.3.jar:4.10.3]
	at org.gradle.api.internal.tasks.testing.SuiteTestClassProcessor.stop(SuiteTestClassProcessor.java:61) [gradle-testing-base-4.10.3.jar:4.10.3]
	at sun.reflect.NativeMethodAccessorImpl.invoke0(Native Method) ~[?:1.8.0_211]
	at sun.reflect.NativeMethodAccessorImpl.invoke(NativeMethodAccessorImpl.java:62) ~[?:1.8.0_211]
	at sun.reflect.DelegatingMethodAccessorImpl.invoke(DelegatingMethodAccessorImpl.java:43) ~[?:1.8.0_211]
	at java.lang.reflect.Method.invoke(Method.java:498) ~[?:1.8.0_211]
	at org.gradle.internal.dispatch.ReflectionDispatch.dispatch(ReflectionDispatch.java:35) [gradle-messaging-4.10.3.jar:4.10.3]
	at org.gradle.internal.dispatch.ReflectionDispatch.dispatch(ReflectionDispatch.java:24) [gradle-messaging-4.10.3.jar:4.10.3]
	at org.gradle.internal.dispatch.ContextClassLoaderDispatch.dispatch(ContextClassLoaderDispatch.java:32) [gradle-messaging-4.10.3.jar:4.10.3]
	at org.gradle.internal.dispatch.ProxyDispatchAdapter$DispatchingInvocationHandler.invoke(ProxyDispatchAdapter.java:93) [gradle-messaging-4.10.3.jar:4.10.3]
	at com.sun.proxy.$Proxy2.stop(Unknown Source) [?:?]
	at org.gradle.api.internal.tasks.testing.worker.TestWorker.stop(TestWorker.java:131) [gradle-testing-base-4.10.3.jar:4.10.3]
	at sun.reflect.NativeMethodAccessorImpl.invoke0(Native Method) ~[?:1.8.0_211]
	at sun.reflect.NativeMethodAccessorImpl.invoke(NativeMethodAccessorImpl.java:62) ~[?:1.8.0_211]
	at sun.reflect.DelegatingMethodAccessorImpl.invoke(DelegatingMethodAccessorImpl.java:43) ~[?:1.8.0_211]
	at java.lang.reflect.Method.invoke(Method.java:498) ~[?:1.8.0_211]
	at org.gradle.internal.dispatch.ReflectionDispatch.dispatch(ReflectionDispatch.java:35) [gradle-messaging-4.10.3.jar:4.10.3]
	at org.gradle.internal.dispatch.ReflectionDispatch.dispatch(ReflectionDispatch.java:24) [gradle-messaging-4.10.3.jar:4.10.3]
	at org.gradle.internal.remote.internal.hub.MessageHubBackedObjectConnection$DispatchWrapper.dispatch(MessageHubBackedObjectConnection.java:155) [gradle-messaging-4.10.3.jar:4.10.3]
	at org.gradle.internal.remote.internal.hub.MessageHubBackedObjectConnection$DispatchWrapper.dispatch(MessageHubBackedObjectConnection.java:137) [gradle-messaging-4.10.3.jar:4.10.3]
	at org.gradle.internal.remote.internal.hub.MessageHub$Handler.run(MessageHub.java:404) [gradle-messaging-4.10.3.jar:4.10.3]
	at org.gradle.internal.concurrent.ExecutorPolicy$CatchAndRecordFailures.onExecute(ExecutorPolicy.java:63) [gradle-base-services-4.10.3.jar:4.10.3]
	at org.gradle.internal.concurrent.ManagedExecutorImpl$1.run(ManagedExecutorImpl.java:46) [gradle-base-services-4.10.3.jar:4.10.3]
	at java.util.concurrent.ThreadPoolExecutor.runWorker(ThreadPoolExecutor.java:1149) [?:1.8.0_211]
	at java.util.concurrent.ThreadPoolExecutor$Worker.run(ThreadPoolExecutor.java:624) [?:1.8.0_211]
	at org.gradle.internal.concurrent.ThreadFactoryImpl$ManagedThreadRunnable.run(ThreadFactoryImpl.java:55) [gradle-base-services-4.10.3.jar:4.10.3]
	at java.lang.Thread.run(Thread.java:748) [?:1.8.0_211]
22:40:37.341 [Test worker] WARN  o.s.t.c.TestContextManager - Caught exception while invoking 'afterTestExecution' callback on TestExecutionListener [org.springframework.test.context.junit.jupiter.FailingBeforeAndAfterMethodsSpringExtensionTests$AlwaysFailingAfterTestExecutionTestExecutionListener@29e8e1ba] for test method [void org.springframework.test.context.junit.jupiter.FailingBeforeAndAfterMethodsSpringExtensionTests$BaseTestCase.testNothing()] and test instance [org.springframework.test.context.junit.jupiter.FailingBeforeAndAfterMethodsSpringExtensionTests$AlwaysFailingAfterTestExecutionTestCase@44a8c07a]
java.lang.AssertionError: always failing afterTestExecution()
	at org.springframework.test.context.junit.jupiter.FailingBeforeAndAfterMethodsSpringExtensionTests$AlwaysFailingAfterTestExecutionTestExecutionListener.afterTestExecution(FailingBeforeAndAfterMethodsSpringExtensionTests.java:175) ~[test/:?]
	at org.springframework.test.context.TestContextManager.afterTestExecution(TestContextManager.java:379) ~[main/:?]
	at org.springframework.test.context.junit.jupiter.SpringExtension.afterTestExecution(SpringExtension.java:129) ~[main/:?]
	at org.junit.jupiter.engine.descriptor.TestMethodTestDescriptor.lambda$invokeAfterTestExecutionCallbacks$8(TestMethodTestDescriptor.java:221) ~[junit-jupiter-engine-5.5.0-RC2.jar:5.5.0-RC2]
	at org.junit.jupiter.engine.descriptor.TestMethodTestDescriptor.lambda$invokeAllAfterMethodsOrCallbacks$12(TestMethodTestDescriptor.java:256) ~[junit-jupiter-engine-5.5.0-RC2.jar:5.5.0-RC2]
	at org.junit.platform.engine.support.hierarchical.ThrowableCollector.execute(ThrowableCollector.java:73) ~[junit-platform-engine-1.5.0-RC2.jar:1.5.0-RC2]
	at org.junit.jupiter.engine.descriptor.TestMethodTestDescriptor.lambda$invokeAllAfterMethodsOrCallbacks$13(TestMethodTestDescriptor.java:256) ~[junit-jupiter-engine-5.5.0-RC2.jar:5.5.0-RC2]
	at java.util.ArrayList.forEach(ArrayList.java:1257) ~[?:1.8.0_211]
	at org.junit.jupiter.engine.descriptor.TestMethodTestDescriptor.invokeAllAfterMethodsOrCallbacks(TestMethodTestDescriptor.java:255) ~[junit-jupiter-engine-5.5.0-RC2.jar:5.5.0-RC2]
	at org.junit.jupiter.engine.descriptor.TestMethodTestDescriptor.invokeAfterTestExecutionCallbacks(TestMethodTestDescriptor.java:220) ~[junit-jupiter-engine-5.5.0-RC2.jar:5.5.0-RC2]
	at org.junit.jupiter.engine.descriptor.TestMethodTestDescriptor.execute(TestMethodTestDescriptor.java:137) ~[junit-jupiter-engine-5.5.0-RC2.jar:5.5.0-RC2]
	at org.junit.jupiter.engine.descriptor.TestMethodTestDescriptor.execute(TestMethodTestDescriptor.java:69) ~[junit-jupiter-engine-5.5.0-RC2.jar:5.5.0-RC2]
	at org.junit.platform.engine.support.hierarchical.NodeTestTask.lambda$executeRecursively$5(NodeTestTask.java:135) ~[junit-platform-engine-1.5.0-RC2.jar:1.5.0-RC2]
	at org.junit.platform.engine.support.hierarchical.ThrowableCollector.execute(ThrowableCollector.java:73) ~[junit-platform-engine-1.5.0-RC2.jar:1.5.0-RC2]
	at org.junit.platform.engine.support.hierarchical.NodeTestTask.lambda$executeRecursively$7(NodeTestTask.java:125) ~[junit-platform-engine-1.5.0-RC2.jar:1.5.0-RC2]
	at org.junit.platform.engine.support.hierarchical.Node.around(Node.java:135) ~[junit-platform-engine-1.5.0-RC2.jar:1.5.0-RC2]
	at org.junit.platform.engine.support.hierarchical.NodeTestTask.lambda$executeRecursively$8(NodeTestTask.java:123) ~[junit-platform-engine-1.5.0-RC2.jar:1.5.0-RC2]
	at org.junit.platform.engine.support.hierarchical.ThrowableCollector.execute(ThrowableCollector.java:73) ~[junit-platform-engine-1.5.0-RC2.jar:1.5.0-RC2]
	at org.junit.platform.engine.support.hierarchical.NodeTestTask.executeRecursively(NodeTestTask.java:122) ~[junit-platform-engine-1.5.0-RC2.jar:1.5.0-RC2]
	at org.junit.platform.engine.support.hierarchical.NodeTestTask.execute(NodeTestTask.java:80) ~[junit-platform-engine-1.5.0-RC2.jar:1.5.0-RC2]
	at java.util.ArrayList.forEach(ArrayList.java:1257) ~[?:1.8.0_211]
	at org.junit.platform.engine.support.hierarchical.SameThreadHierarchicalTestExecutorService.invokeAll(SameThreadHierarchicalTestExecutorService.java:38) ~[junit-platform-engine-1.5.0-RC2.jar:1.5.0-RC2]
	at org.junit.platform.engine.support.hierarchical.NodeTestTask.lambda$executeRecursively$5(NodeTestTask.java:139) ~[junit-platform-engine-1.5.0-RC2.jar:1.5.0-RC2]
	at org.junit.platform.engine.support.hierarchical.ThrowableCollector.execute(ThrowableCollector.java:73) ~[junit-platform-engine-1.5.0-RC2.jar:1.5.0-RC2]
	at org.junit.platform.engine.support.hierarchical.NodeTestTask.lambda$executeRecursively$7(NodeTestTask.java:125) ~[junit-platform-engine-1.5.0-RC2.jar:1.5.0-RC2]
	at org.junit.platform.engine.support.hierarchical.Node.around(Node.java:135) ~[junit-platform-engine-1.5.0-RC2.jar:1.5.0-RC2]
	at org.junit.platform.engine.support.hierarchical.NodeTestTask.lambda$executeRecursively$8(NodeTestTask.java:123) ~[junit-platform-engine-1.5.0-RC2.jar:1.5.0-RC2]
	at org.junit.platform.engine.support.hierarchical.ThrowableCollector.execute(ThrowableCollector.java:73) ~[junit-platform-engine-1.5.0-RC2.jar:1.5.0-RC2]
	at org.junit.platform.engine.support.hierarchical.NodeTestTask.executeRecursively(NodeTestTask.java:122) ~[junit-platform-engine-1.5.0-RC2.jar:1.5.0-RC2]
	at org.junit.platform.engine.support.hierarchical.NodeTestTask.execute(NodeTestTask.java:80) ~[junit-platform-engine-1.5.0-RC2.jar:1.5.0-RC2]
	at java.util.ArrayList.forEach(ArrayList.java:1257) ~[?:1.8.0_211]
	at org.junit.platform.engine.support.hierarchical.SameThreadHierarchicalTestExecutorService.invokeAll(SameThreadHierarchicalTestExecutorService.java:38) ~[junit-platform-engine-1.5.0-RC2.jar:1.5.0-RC2]
	at org.junit.platform.engine.support.hierarchical.NodeTestTask.lambda$executeRecursively$5(NodeTestTask.java:139) ~[junit-platform-engine-1.5.0-RC2.jar:1.5.0-RC2]
	at org.junit.platform.engine.support.hierarchical.ThrowableCollector.execute(ThrowableCollector.java:73) ~[junit-platform-engine-1.5.0-RC2.jar:1.5.0-RC2]
	at org.junit.platform.engine.support.hierarchical.NodeTestTask.lambda$executeRecursively$7(NodeTestTask.java:125) ~[junit-platform-engine-1.5.0-RC2.jar:1.5.0-RC2]
	at org.junit.platform.engine.support.hierarchical.Node.around(Node.java:135) ~[junit-platform-engine-1.5.0-RC2.jar:1.5.0-RC2]
	at org.junit.platform.engine.support.hierarchical.NodeTestTask.lambda$executeRecursively$8(NodeTestTask.java:123) ~[junit-platform-engine-1.5.0-RC2.jar:1.5.0-RC2]
	at org.junit.platform.engine.support.hierarchical.ThrowableCollector.execute(ThrowableCollector.java:73) ~[junit-platform-engine-1.5.0-RC2.jar:1.5.0-RC2]
	at org.junit.platform.engine.support.hierarchical.NodeTestTask.executeRecursively(NodeTestTask.java:122) ~[junit-platform-engine-1.5.0-RC2.jar:1.5.0-RC2]
	at org.junit.platform.engine.support.hierarchical.NodeTestTask.execute(NodeTestTask.java:80) ~[junit-platform-engine-1.5.0-RC2.jar:1.5.0-RC2]
	at org.junit.platform.engine.support.hierarchical.SameThreadHierarchicalTestExecutorService.submit(SameThreadHierarchicalTestExecutorService.java:32) ~[junit-platform-engine-1.5.0-RC2.jar:1.5.0-RC2]
	at org.junit.platform.engine.support.hierarchical.HierarchicalTestExecutor.execute(HierarchicalTestExecutor.java:57) ~[junit-platform-engine-1.5.0-RC2.jar:1.5.0-RC2]
	at org.junit.platform.engine.support.hierarchical.HierarchicalTestEngine.execute(HierarchicalTestEngine.java:51) ~[junit-platform-engine-1.5.0-RC2.jar:1.5.0-RC2]
	at org.junit.platform.testkit.engine.EngineTestKit.execute(EngineTestKit.java:189) ~[junit-platform-testkit-1.5.0-RC2.jar:1.5.0-RC2]
	at org.junit.platform.testkit.engine.EngineTestKit.access$100(EngineTestKit.java:54) ~[junit-platform-testkit-1.5.0-RC2.jar:1.5.0-RC2]
	at org.junit.platform.testkit.engine.EngineTestKit$Builder.execute(EngineTestKit.java:343) ~[junit-platform-testkit-1.5.0-RC2.jar:1.5.0-RC2]
	at org.springframework.test.context.junit.jupiter.FailingBeforeAndAfterMethodsSpringExtensionTests.failingBeforeAndAfterCallbacks(FailingBeforeAndAfterMethodsSpringExtensionTests.java:84) ~[test/:?]
	at sun.reflect.NativeMethodAccessorImpl.invoke0(Native Method) ~[?:1.8.0_211]
	at sun.reflect.NativeMethodAccessorImpl.invoke(NativeMethodAccessorImpl.java:62) ~[?:1.8.0_211]
	at sun.reflect.DelegatingMethodAccessorImpl.invoke(DelegatingMethodAccessorImpl.java:43) ~[?:1.8.0_211]
	at java.lang.reflect.Method.invoke(Method.java:498) ~[?:1.8.0_211]
	at org.junit.platform.commons.util.ReflectionUtils.invokeMethod(ReflectionUtils.java:675) ~[junit-platform-commons-1.5.0-RC2.jar:1.5.0-RC2]
	at org.junit.jupiter.engine.execution.MethodInvocation.proceed(MethodInvocation.java:60) ~[junit-jupiter-engine-5.5.0-RC2.jar:5.5.0-RC2]
	at org.junit.jupiter.engine.execution.InvocationInterceptorChain$ValidatingInvocation.proceed(InvocationInterceptorChain.java:125) ~[junit-jupiter-engine-5.5.0-RC2.jar:5.5.0-RC2]
	at org.junit.jupiter.engine.extension.TimeoutExtension.intercept(TimeoutExtension.java:132) ~[junit-jupiter-engine-5.5.0-RC2.jar:5.5.0-RC2]
	at org.junit.jupiter.engine.extension.TimeoutExtension.interceptTestableMethod(TimeoutExtension.java:124) ~[junit-jupiter-engine-5.5.0-RC2.jar:5.5.0-RC2]
	at org.junit.jupiter.engine.extension.TimeoutExtension.interceptTestTemplateMethod(TimeoutExtension.java:81) ~[junit-jupiter-engine-5.5.0-RC2.jar:5.5.0-RC2]
	at org.junit.jupiter.engine.execution.ExecutableInvoker$ReflectiveInterceptorCall.lambda$ofVoidMethod$0(ExecutableInvoker.java:115) ~[junit-jupiter-engine-5.5.0-RC2.jar:5.5.0-RC2]
	at org.junit.jupiter.engine.execution.ExecutableInvoker.lambda$invoke$0(ExecutableInvoker.java:105) ~[junit-jupiter-engine-5.5.0-RC2.jar:5.5.0-RC2]
	at org.junit.jupiter.engine.execution.InvocationInterceptorChain$InterceptedInvocation.proceed(InvocationInterceptorChain.java:104) ~[junit-jupiter-engine-5.5.0-RC2.jar:5.5.0-RC2]
	at org.junit.jupiter.engine.execution.InvocationInterceptorChain.proceed(InvocationInterceptorChain.java:62) ~[junit-jupiter-engine-5.5.0-RC2.jar:5.5.0-RC2]
	at org.junit.jupiter.engine.execution.InvocationInterceptorChain.chainAndInvoke(InvocationInterceptorChain.java:43) ~[junit-jupiter-engine-5.5.0-RC2.jar:5.5.0-RC2]
	at org.junit.jupiter.engine.execution.InvocationInterceptorChain.invoke(InvocationInterceptorChain.java:35) ~[junit-jupiter-engine-5.5.0-RC2.jar:5.5.0-RC2]
	at org.junit.jupiter.engine.execution.ExecutableInvoker.invoke(ExecutableInvoker.java:104) ~[junit-jupiter-engine-5.5.0-RC2.jar:5.5.0-RC2]
	at org.junit.jupiter.engine.execution.ExecutableInvoker.invoke(ExecutableInvoker.java:98) ~[junit-jupiter-engine-5.5.0-RC2.jar:5.5.0-RC2]
	at org.junit.jupiter.engine.descriptor.TestMethodTestDescriptor.lambda$invokeTestMethod$6(TestMethodTestDescriptor.java:202) ~[junit-jupiter-engine-5.5.0-RC2.jar:5.5.0-RC2]
	at org.junit.platform.engine.support.hierarchical.ThrowableCollector.execute(ThrowableCollector.java:73) ~[junit-platform-engine-1.5.0-RC2.jar:1.5.0-RC2]
	at org.junit.jupiter.engine.descriptor.TestMethodTestDescriptor.invokeTestMethod(TestMethodTestDescriptor.java:198) ~[junit-jupiter-engine-5.5.0-RC2.jar:5.5.0-RC2]
	at org.junit.jupiter.engine.descriptor.TestMethodTestDescriptor.execute(TestMethodTestDescriptor.java:135) ~[junit-jupiter-engine-5.5.0-RC2.jar:5.5.0-RC2]
	at org.junit.jupiter.engine.descriptor.TestMethodTestDescriptor.execute(TestMethodTestDescriptor.java:69) ~[junit-jupiter-engine-5.5.0-RC2.jar:5.5.0-RC2]
	at org.junit.platform.engine.support.hierarchical.NodeTestTask.lambda$executeRecursively$5(NodeTestTask.java:135) ~[junit-platform-engine-1.5.0-RC2.jar:1.5.0-RC2]
	at org.junit.platform.engine.support.hierarchical.ThrowableCollector.execute(ThrowableCollector.java:73) ~[junit-platform-engine-1.5.0-RC2.jar:1.5.0-RC2]
	at org.junit.platform.engine.support.hierarchical.NodeTestTask.lambda$executeRecursively$7(NodeTestTask.java:125) ~[junit-platform-engine-1.5.0-RC2.jar:1.5.0-RC2]
	at org.junit.platform.engine.support.hierarchical.Node.around(Node.java:135) ~[junit-platform-engine-1.5.0-RC2.jar:1.5.0-RC2]
	at org.junit.platform.engine.support.hierarchical.NodeTestTask.lambda$executeRecursively$8(NodeTestTask.java:123) ~[junit-platform-engine-1.5.0-RC2.jar:1.5.0-RC2]
	at org.junit.platform.engine.support.hierarchical.ThrowableCollector.execute(ThrowableCollector.java:73) ~[junit-platform-engine-1.5.0-RC2.jar:1.5.0-RC2]
	at org.junit.platform.engine.support.hierarchical.NodeTestTask.executeRecursively(NodeTestTask.java:122) ~[junit-platform-engine-1.5.0-RC2.jar:1.5.0-RC2]
	at org.junit.platform.engine.support.hierarchical.NodeTestTask.execute(NodeTestTask.java:80) ~[junit-platform-engine-1.5.0-RC2.jar:1.5.0-RC2]
	at org.junit.platform.engine.support.hierarchical.SameThreadHierarchicalTestExecutorService.submit(SameThreadHierarchicalTestExecutorService.java:32) ~[junit-platform-engine-1.5.0-RC2.jar:1.5.0-RC2]
	at org.junit.platform.engine.support.hierarchical.NodeTestTask$DefaultDynamicTestExecutor.execute(NodeTestTask.java:198) ~[junit-platform-engine-1.5.0-RC2.jar:1.5.0-RC2]
	at org.junit.jupiter.engine.descriptor.TestTemplateTestDescriptor.execute(TestTemplateTestDescriptor.java:138) ~[junit-jupiter-engine-5.5.0-RC2.jar:5.5.0-RC2]
	at org.junit.jupiter.engine.descriptor.TestTemplateTestDescriptor.lambda$execute$2(TestTemplateTestDescriptor.java:106) ~[junit-jupiter-engine-5.5.0-RC2.jar:5.5.0-RC2]
	at java.util.stream.ForEachOps$ForEachOp$OfRef.accept(ForEachOps.java:184) ~[?:1.8.0_211]
	at java.util.stream.ReferencePipeline$3$1.accept(ReferencePipeline.java:193) ~[?:1.8.0_211]
	at java.util.stream.ReferencePipeline$2$1.accept(ReferencePipeline.java:175) ~[?:1.8.0_211]
	at java.util.stream.ReferencePipeline$3$1.accept(ReferencePipeline.java:193) ~[?:1.8.0_211]
	at java.util.stream.ForEachOps$ForEachOp$OfRef.accept(ForEachOps.java:184) ~[?:1.8.0_211]
	at java.util.stream.ReferencePipeline$11$1.accept(ReferencePipeline.java:373) ~[?:1.8.0_211]
	at java.util.stream.ReferencePipeline$3$1.accept(ReferencePipeline.java:193) ~[?:1.8.0_211]
	at java.util.stream.ReferencePipeline$3$1.accept(ReferencePipeline.java:193) ~[?:1.8.0_211]
	at java.util.stream.ReferencePipeline$3$1.accept(ReferencePipeline.java:193) ~[?:1.8.0_211]
	at java.util.stream.ForEachOps$ForEachOp$OfRef.accept(ForEachOps.java:184) ~[?:1.8.0_211]
	at java.util.stream.ReferencePipeline$3$1.accept(ReferencePipeline.java:193) ~[?:1.8.0_211]
	at java.util.Spliterators$ArraySpliterator.forEachRemaining(Spliterators.java:948) ~[?:1.8.0_211]
	at java.util.stream.AbstractPipeline.copyInto(AbstractPipeline.java:481) ~[?:1.8.0_211]
	at java.util.stream.AbstractPipeline.wrapAndCopyInto(AbstractPipeline.java:471) ~[?:1.8.0_211]
	at java.util.stream.ForEachOps$ForEachOp.evaluateSequential(ForEachOps.java:151) ~[?:1.8.0_211]
	at java.util.stream.ForEachOps$ForEachOp$OfRef.evaluateSequential(ForEachOps.java:174) ~[?:1.8.0_211]
	at java.util.stream.AbstractPipeline.evaluate(AbstractPipeline.java:234) ~[?:1.8.0_211]
	at java.util.stream.ReferencePipeline.forEach(ReferencePipeline.java:418) ~[?:1.8.0_211]
	at java.util.stream.ReferencePipeline$7$1.accept(ReferencePipeline.java:270) ~[?:1.8.0_211]
	at java.util.stream.ReferencePipeline$3$1.accept(ReferencePipeline.java:193) ~[?:1.8.0_211]
	at java.util.stream.ReferencePipeline$3$1.accept(ReferencePipeline.java:193) ~[?:1.8.0_211]
	at java.util.stream.ReferencePipeline$3$1.accept(ReferencePipeline.java:193) ~[?:1.8.0_211]
	at java.util.ArrayList$ArrayListSpliterator.forEachRemaining(ArrayList.java:1382) ~[?:1.8.0_211]
	at java.util.stream.AbstractPipeline.copyInto(AbstractPipeline.java:481) ~[?:1.8.0_211]
	at java.util.stream.AbstractPipeline.wrapAndCopyInto(AbstractPipeline.java:471) ~[?:1.8.0_211]
	at java.util.stream.ForEachOps$ForEachOp.evaluateSequential(ForEachOps.java:151) ~[?:1.8.0_211]
	at java.util.stream.ForEachOps$ForEachOp$OfRef.evaluateSequential(ForEachOps.java:174) ~[?:1.8.0_211]
	at java.util.stream.AbstractPipeline.evaluate(AbstractPipeline.java:234) ~[?:1.8.0_211]
	at java.util.stream.ReferencePipeline.forEach(ReferencePipeline.java:418) ~[?:1.8.0_211]
	at java.util.stream.ReferencePipeline$7$1.accept(ReferencePipeline.java:270) ~[?:1.8.0_211]
	at java.util.ArrayList$ArrayListSpliterator.forEachRemaining(ArrayList.java:1382) ~[?:1.8.0_211]
	at java.util.stream.AbstractPipeline.copyInto(AbstractPipeline.java:481) ~[?:1.8.0_211]
	at java.util.stream.AbstractPipeline.wrapAndCopyInto(AbstractPipeline.java:471) ~[?:1.8.0_211]
	at java.util.stream.ForEachOps$ForEachOp.evaluateSequential(ForEachOps.java:151) ~[?:1.8.0_211]
	at java.util.stream.ForEachOps$ForEachOp$OfRef.evaluateSequential(ForEachOps.java:174) ~[?:1.8.0_211]
	at java.util.stream.AbstractPipeline.evaluate(AbstractPipeline.java:234) ~[?:1.8.0_211]
	at java.util.stream.ReferencePipeline.forEach(ReferencePipeline.java:418) ~[?:1.8.0_211]
	at org.junit.jupiter.engine.descriptor.TestTemplateTestDescriptor.execute(TestTemplateTestDescriptor.java:106) ~[junit-jupiter-engine-5.5.0-RC2.jar:5.5.0-RC2]
	at org.junit.jupiter.engine.descriptor.TestTemplateTestDescriptor.execute(TestTemplateTestDescriptor.java:41) ~[junit-jupiter-engine-5.5.0-RC2.jar:5.5.0-RC2]
	at org.junit.platform.engine.support.hierarchical.NodeTestTask.lambda$executeRecursively$5(NodeTestTask.java:135) ~[junit-platform-engine-1.5.0-RC2.jar:1.5.0-RC2]
	at org.junit.platform.engine.support.hierarchical.ThrowableCollector.execute(ThrowableCollector.java:73) ~[junit-platform-engine-1.5.0-RC2.jar:1.5.0-RC2]
	at org.junit.platform.engine.support.hierarchical.NodeTestTask.lambda$executeRecursively$7(NodeTestTask.java:125) ~[junit-platform-engine-1.5.0-RC2.jar:1.5.0-RC2]
	at org.junit.platform.engine.support.hierarchical.Node.around(Node.java:135) ~[junit-platform-engine-1.5.0-RC2.jar:1.5.0-RC2]
	at org.junit.platform.engine.support.hierarchical.NodeTestTask.lambda$executeRecursively$8(NodeTestTask.java:123) ~[junit-platform-engine-1.5.0-RC2.jar:1.5.0-RC2]
	at org.junit.platform.engine.support.hierarchical.ThrowableCollector.execute(ThrowableCollector.java:73) ~[junit-platform-engine-1.5.0-RC2.jar:1.5.0-RC2]
	at org.junit.platform.engine.support.hierarchical.NodeTestTask.executeRecursively(NodeTestTask.java:122) ~[junit-platform-engine-1.5.0-RC2.jar:1.5.0-RC2]
	at org.junit.platform.engine.support.hierarchical.NodeTestTask.execute(NodeTestTask.java:80) ~[junit-platform-engine-1.5.0-RC2.jar:1.5.0-RC2]
	at java.util.ArrayList.forEach(ArrayList.java:1257) ~[?:1.8.0_211]
	at org.junit.platform.engine.support.hierarchical.SameThreadHierarchicalTestExecutorService.invokeAll(SameThreadHierarchicalTestExecutorService.java:38) ~[junit-platform-engine-1.5.0-RC2.jar:1.5.0-RC2]
	at org.junit.platform.engine.support.hierarchical.NodeTestTask.lambda$executeRecursively$5(NodeTestTask.java:139) ~[junit-platform-engine-1.5.0-RC2.jar:1.5.0-RC2]
	at org.junit.platform.engine.support.hierarchical.ThrowableCollector.execute(ThrowableCollector.java:73) ~[junit-platform-engine-1.5.0-RC2.jar:1.5.0-RC2]
	at org.junit.platform.engine.support.hierarchical.NodeTestTask.lambda$executeRecursively$7(NodeTestTask.java:125) ~[junit-platform-engine-1.5.0-RC2.jar:1.5.0-RC2]
	at org.junit.platform.engine.support.hierarchical.Node.around(Node.java:135) ~[junit-platform-engine-1.5.0-RC2.jar:1.5.0-RC2]
	at org.junit.platform.engine.support.hierarchical.NodeTestTask.lambda$executeRecursively$8(NodeTestTask.java:123) ~[junit-platform-engine-1.5.0-RC2.jar:1.5.0-RC2]
	at org.junit.platform.engine.support.hierarchical.ThrowableCollector.execute(ThrowableCollector.java:73) ~[junit-platform-engine-1.5.0-RC2.jar:1.5.0-RC2]
	at org.junit.platform.engine.support.hierarchical.NodeTestTask.executeRecursively(NodeTestTask.java:122) ~[junit-platform-engine-1.5.0-RC2.jar:1.5.0-RC2]
	at org.junit.platform.engine.support.hierarchical.NodeTestTask.execute(NodeTestTask.java:80) ~[junit-platform-engine-1.5.0-RC2.jar:1.5.0-RC2]
	at java.util.ArrayList.forEach(ArrayList.java:1257) ~[?:1.8.0_211]
	at org.junit.platform.engine.support.hierarchical.SameThreadHierarchicalTestExecutorService.invokeAll(SameThreadHierarchicalTestExecutorService.java:38) ~[junit-platform-engine-1.5.0-RC2.jar:1.5.0-RC2]
	at org.junit.platform.engine.support.hierarchical.NodeTestTask.lambda$executeRecursively$5(NodeTestTask.java:139) ~[junit-platform-engine-1.5.0-RC2.jar:1.5.0-RC2]
	at org.junit.platform.engine.support.hierarchical.ThrowableCollector.execute(ThrowableCollector.java:73) ~[junit-platform-engine-1.5.0-RC2.jar:1.5.0-RC2]
	at org.junit.platform.engine.support.hierarchical.NodeTestTask.lambda$executeRecursively$7(NodeTestTask.java:125) ~[junit-platform-engine-1.5.0-RC2.jar:1.5.0-RC2]
	at org.junit.platform.engine.support.hierarchical.Node.around(Node.java:135) ~[junit-platform-engine-1.5.0-RC2.jar:1.5.0-RC2]
	at org.junit.platform.engine.support.hierarchical.NodeTestTask.lambda$executeRecursively$8(NodeTestTask.java:123) ~[junit-platform-engine-1.5.0-RC2.jar:1.5.0-RC2]
	at org.junit.platform.engine.support.hierarchical.ThrowableCollector.execute(ThrowableCollector.java:73) ~[junit-platform-engine-1.5.0-RC2.jar:1.5.0-RC2]
	at org.junit.platform.engine.support.hierarchical.NodeTestTask.executeRecursively(NodeTestTask.java:122) ~[junit-platform-engine-1.5.0-RC2.jar:1.5.0-RC2]
	at org.junit.platform.engine.support.hierarchical.NodeTestTask.execute(NodeTestTask.java:80) ~[junit-platform-engine-1.5.0-RC2.jar:1.5.0-RC2]
	at org.junit.platform.engine.support.hierarchical.SameThreadHierarchicalTestExecutorService.submit(SameThreadHierarchicalTestExecutorService.java:32) ~[junit-platform-engine-1.5.0-RC2.jar:1.5.0-RC2]
	at org.junit.platform.engine.support.hierarchical.HierarchicalTestExecutor.execute(HierarchicalTestExecutor.java:57) ~[junit-platform-engine-1.5.0-RC2.jar:1.5.0-RC2]
	at org.junit.platform.engine.support.hierarchical.HierarchicalTestEngine.execute(HierarchicalTestEngine.java:51) ~[junit-platform-engine-1.5.0-RC2.jar:1.5.0-RC2]
	at org.junit.platform.launcher.core.DefaultLauncher.execute(DefaultLauncher.java:229) ~[junit-platform-launcher-1.5.0-RC2.jar:1.5.0-RC2]
	at org.junit.platform.launcher.core.DefaultLauncher.lambda$execute$6(DefaultLauncher.java:197) ~[junit-platform-launcher-1.5.0-RC2.jar:1.5.0-RC2]
	at org.junit.platform.launcher.core.DefaultLauncher.withInterceptedStreams(DefaultLauncher.java:211) [junit-platform-launcher-1.5.0-RC2.jar:1.5.0-RC2]
	at org.junit.platform.launcher.core.DefaultLauncher.execute(DefaultLauncher.java:191) [junit-platform-launcher-1.5.0-RC2.jar:1.5.0-RC2]
	at org.junit.platform.launcher.core.DefaultLauncher.execute(DefaultLauncher.java:128) [junit-platform-launcher-1.5.0-RC2.jar:1.5.0-RC2]
	at org.gradle.api.internal.tasks.testing.junitplatform.JUnitPlatformTestClassProcessor$CollectAllTestClassesExecutor.processAllTestClasses(JUnitPlatformTestClassProcessor.java:92) [gradle-testing-junit-platform-4.10.3.jar:4.10.3]
	at org.gradle.api.internal.tasks.testing.junitplatform.JUnitPlatformTestClassProcessor$CollectAllTestClassesExecutor.access$100(JUnitPlatformTestClassProcessor.java:77) [gradle-testing-junit-platform-4.10.3.jar:4.10.3]
	at org.gradle.api.internal.tasks.testing.junitplatform.JUnitPlatformTestClassProcessor.stop(JUnitPlatformTestClassProcessor.java:73) [gradle-testing-junit-platform-4.10.3.jar:4.10.3]
	at org.gradle.api.internal.tasks.testing.SuiteTestClassProcessor.stop(SuiteTestClassProcessor.java:61) [gradle-testing-base-4.10.3.jar:4.10.3]
	at sun.reflect.NativeMethodAccessorImpl.invoke0(Native Method) ~[?:1.8.0_211]
	at sun.reflect.NativeMethodAccessorImpl.invoke(NativeMethodAccessorImpl.java:62) ~[?:1.8.0_211]
	at sun.reflect.DelegatingMethodAccessorImpl.invoke(DelegatingMethodAccessorImpl.java:43) ~[?:1.8.0_211]
	at java.lang.reflect.Method.invoke(Method.java:498) ~[?:1.8.0_211]
	at org.gradle.internal.dispatch.ReflectionDispatch.dispatch(ReflectionDispatch.java:35) [gradle-messaging-4.10.3.jar:4.10.3]
	at org.gradle.internal.dispatch.ReflectionDispatch.dispatch(ReflectionDispatch.java:24) [gradle-messaging-4.10.3.jar:4.10.3]
	at org.gradle.internal.dispatch.ContextClassLoaderDispatch.dispatch(ContextClassLoaderDispatch.java:32) [gradle-messaging-4.10.3.jar:4.10.3]
	at org.gradle.internal.dispatch.ProxyDispatchAdapter$DispatchingInvocationHandler.invoke(ProxyDispatchAdapter.java:93) [gradle-messaging-4.10.3.jar:4.10.3]
	at com.sun.proxy.$Proxy2.stop(Unknown Source) [?:?]
	at org.gradle.api.internal.tasks.testing.worker.TestWorker.stop(TestWorker.java:131) [gradle-testing-base-4.10.3.jar:4.10.3]
	at sun.reflect.NativeMethodAccessorImpl.invoke0(Native Method) ~[?:1.8.0_211]
	at sun.reflect.NativeMethodAccessorImpl.invoke(NativeMethodAccessorImpl.java:62) ~[?:1.8.0_211]
	at sun.reflect.DelegatingMethodAccessorImpl.invoke(DelegatingMethodAccessorImpl.java:43) ~[?:1.8.0_211]
	at java.lang.reflect.Method.invoke(Method.java:498) ~[?:1.8.0_211]
	at org.gradle.internal.dispatch.ReflectionDispatch.dispatch(ReflectionDispatch.java:35) [gradle-messaging-4.10.3.jar:4.10.3]
	at org.gradle.internal.dispatch.ReflectionDispatch.dispatch(ReflectionDispatch.java:24) [gradle-messaging-4.10.3.jar:4.10.3]
	at org.gradle.internal.remote.internal.hub.MessageHubBackedObjectConnection$DispatchWrapper.dispatch(MessageHubBackedObjectConnection.java:155) [gradle-messaging-4.10.3.jar:4.10.3]
	at org.gradle.internal.remote.internal.hub.MessageHubBackedObjectConnection$DispatchWrapper.dispatch(MessageHubBackedObjectConnection.java:137) [gradle-messaging-4.10.3.jar:4.10.3]
	at org.gradle.internal.remote.internal.hub.MessageHub$Handler.run(MessageHub.java:404) [gradle-messaging-4.10.3.jar:4.10.3]
	at org.gradle.internal.concurrent.ExecutorPolicy$CatchAndRecordFailures.onExecute(ExecutorPolicy.java:63) [gradle-base-services-4.10.3.jar:4.10.3]
	at org.gradle.internal.concurrent.ManagedExecutorImpl$1.run(ManagedExecutorImpl.java:46) [gradle-base-services-4.10.3.jar:4.10.3]
	at java.util.concurrent.ThreadPoolExecutor.runWorker(ThreadPoolExecutor.java:1149) [?:1.8.0_211]
	at java.util.concurrent.ThreadPoolExecutor$Worker.run(ThreadPoolExecutor.java:624) [?:1.8.0_211]
	at org.gradle.internal.concurrent.ThreadFactoryImpl$ManagedThreadRunnable.run(ThreadFactoryImpl.java:55) [gradle-base-services-4.10.3.jar:4.10.3]
	at java.lang.Thread.run(Thread.java:748) [?:1.8.0_211]
22:40:37.350 [Test worker] WARN  o.s.t.c.TestContextManager - Caught exception while invoking 'afterTestMethod' callback on TestExecutionListener [org.springframework.test.context.junit.jupiter.FailingBeforeAndAfterMethodsSpringExtensionTests$AlwaysFailingAfterTestMethodTestExecutionListener@6b970aeb] for test method [void org.springframework.test.context.junit.jupiter.FailingBeforeAndAfterMethodsSpringExtensionTests$BaseTestCase.testNothing()] and test instance [org.springframework.test.context.junit.jupiter.FailingBeforeAndAfterMethodsSpringExtensionTests$AlwaysFailingAfterTestMethodTestCase@3eef547b]
java.lang.AssertionError: always failing afterTestMethod()
	at org.springframework.test.context.junit.jupiter.FailingBeforeAndAfterMethodsSpringExtensionTests$AlwaysFailingAfterTestMethodTestExecutionListener.afterTestMethod(FailingBeforeAndAfterMethodsSpringExtensionTests.java:167) ~[test/:?]
	at org.springframework.test.context.TestContextManager.afterTestMethod(TestContextManager.java:441) ~[main/:?]
	at org.springframework.test.context.junit.jupiter.SpringExtension.afterEach(SpringExtension.java:140) ~[main/:?]
	at org.junit.jupiter.engine.descriptor.TestMethodTestDescriptor.lambda$invokeAfterEachCallbacks$11(TestMethodTestDescriptor.java:245) ~[junit-jupiter-engine-5.5.0-RC2.jar:5.5.0-RC2]
	at org.junit.jupiter.engine.descriptor.TestMethodTestDescriptor.lambda$invokeAllAfterMethodsOrCallbacks$12(TestMethodTestDescriptor.java:256) ~[junit-jupiter-engine-5.5.0-RC2.jar:5.5.0-RC2]
	at org.junit.platform.engine.support.hierarchical.ThrowableCollector.execute(ThrowableCollector.java:73) ~[junit-platform-engine-1.5.0-RC2.jar:1.5.0-RC2]
	at org.junit.jupiter.engine.descriptor.TestMethodTestDescriptor.lambda$invokeAllAfterMethodsOrCallbacks$13(TestMethodTestDescriptor.java:256) ~[junit-jupiter-engine-5.5.0-RC2.jar:5.5.0-RC2]
	at java.util.ArrayList.forEach(ArrayList.java:1257) ~[?:1.8.0_211]
	at org.junit.jupiter.engine.descriptor.TestMethodTestDescriptor.invokeAllAfterMethodsOrCallbacks(TestMethodTestDescriptor.java:255) ~[junit-jupiter-engine-5.5.0-RC2.jar:5.5.0-RC2]
	at org.junit.jupiter.engine.descriptor.TestMethodTestDescriptor.invokeAfterEachCallbacks(TestMethodTestDescriptor.java:244) ~[junit-jupiter-engine-5.5.0-RC2.jar:5.5.0-RC2]
	at org.junit.jupiter.engine.descriptor.TestMethodTestDescriptor.execute(TestMethodTestDescriptor.java:141) ~[junit-jupiter-engine-5.5.0-RC2.jar:5.5.0-RC2]
	at org.junit.jupiter.engine.descriptor.TestMethodTestDescriptor.execute(TestMethodTestDescriptor.java:69) ~[junit-jupiter-engine-5.5.0-RC2.jar:5.5.0-RC2]
	at org.junit.platform.engine.support.hierarchical.NodeTestTask.lambda$executeRecursively$5(NodeTestTask.java:135) ~[junit-platform-engine-1.5.0-RC2.jar:1.5.0-RC2]
	at org.junit.platform.engine.support.hierarchical.ThrowableCollector.execute(ThrowableCollector.java:73) ~[junit-platform-engine-1.5.0-RC2.jar:1.5.0-RC2]
	at org.junit.platform.engine.support.hierarchical.NodeTestTask.lambda$executeRecursively$7(NodeTestTask.java:125) ~[junit-platform-engine-1.5.0-RC2.jar:1.5.0-RC2]
	at org.junit.platform.engine.support.hierarchical.Node.around(Node.java:135) ~[junit-platform-engine-1.5.0-RC2.jar:1.5.0-RC2]
	at org.junit.platform.engine.support.hierarchical.NodeTestTask.lambda$executeRecursively$8(NodeTestTask.java:123) ~[junit-platform-engine-1.5.0-RC2.jar:1.5.0-RC2]
	at org.junit.platform.engine.support.hierarchical.ThrowableCollector.execute(ThrowableCollector.java:73) ~[junit-platform-engine-1.5.0-RC2.jar:1.5.0-RC2]
	at org.junit.platform.engine.support.hierarchical.NodeTestTask.executeRecursively(NodeTestTask.java:122) ~[junit-platform-engine-1.5.0-RC2.jar:1.5.0-RC2]
	at org.junit.platform.engine.support.hierarchical.NodeTestTask.execute(NodeTestTask.java:80) ~[junit-platform-engine-1.5.0-RC2.jar:1.5.0-RC2]
	at java.util.ArrayList.forEach(ArrayList.java:1257) ~[?:1.8.0_211]
	at org.junit.platform.engine.support.hierarchical.SameThreadHierarchicalTestExecutorService.invokeAll(SameThreadHierarchicalTestExecutorService.java:38) ~[junit-platform-engine-1.5.0-RC2.jar:1.5.0-RC2]
	at org.junit.platform.engine.support.hierarchical.NodeTestTask.lambda$executeRecursively$5(NodeTestTask.java:139) ~[junit-platform-engine-1.5.0-RC2.jar:1.5.0-RC2]
	at org.junit.platform.engine.support.hierarchical.ThrowableCollector.execute(ThrowableCollector.java:73) ~[junit-platform-engine-1.5.0-RC2.jar:1.5.0-RC2]
	at org.junit.platform.engine.support.hierarchical.NodeTestTask.lambda$executeRecursively$7(NodeTestTask.java:125) ~[junit-platform-engine-1.5.0-RC2.jar:1.5.0-RC2]
	at org.junit.platform.engine.support.hierarchical.Node.around(Node.java:135) ~[junit-platform-engine-1.5.0-RC2.jar:1.5.0-RC2]
	at org.junit.platform.engine.support.hierarchical.NodeTestTask.lambda$executeRecursively$8(NodeTestTask.java:123) ~[junit-platform-engine-1.5.0-RC2.jar:1.5.0-RC2]
	at org.junit.platform.engine.support.hierarchical.ThrowableCollector.execute(ThrowableCollector.java:73) ~[junit-platform-engine-1.5.0-RC2.jar:1.5.0-RC2]
	at org.junit.platform.engine.support.hierarchical.NodeTestTask.executeRecursively(NodeTestTask.java:122) ~[junit-platform-engine-1.5.0-RC2.jar:1.5.0-RC2]
	at org.junit.platform.engine.support.hierarchical.NodeTestTask.execute(NodeTestTask.java:80) ~[junit-platform-engine-1.5.0-RC2.jar:1.5.0-RC2]
	at java.util.ArrayList.forEach(ArrayList.java:1257) ~[?:1.8.0_211]
	at org.junit.platform.engine.support.hierarchical.SameThreadHierarchicalTestExecutorService.invokeAll(SameThreadHierarchicalTestExecutorService.java:38) ~[junit-platform-engine-1.5.0-RC2.jar:1.5.0-RC2]
	at org.junit.platform.engine.support.hierarchical.NodeTestTask.lambda$executeRecursively$5(NodeTestTask.java:139) ~[junit-platform-engine-1.5.0-RC2.jar:1.5.0-RC2]
	at org.junit.platform.engine.support.hierarchical.ThrowableCollector.execute(ThrowableCollector.java:73) ~[junit-platform-engine-1.5.0-RC2.jar:1.5.0-RC2]
	at org.junit.platform.engine.support.hierarchical.NodeTestTask.lambda$executeRecursively$7(NodeTestTask.java:125) ~[junit-platform-engine-1.5.0-RC2.jar:1.5.0-RC2]
	at org.junit.platform.engine.support.hierarchical.Node.around(Node.java:135) ~[junit-platform-engine-1.5.0-RC2.jar:1.5.0-RC2]
	at org.junit.platform.engine.support.hierarchical.NodeTestTask.lambda$executeRecursively$8(NodeTestTask.java:123) ~[junit-platform-engine-1.5.0-RC2.jar:1.5.0-RC2]
	at org.junit.platform.engine.support.hierarchical.ThrowableCollector.execute(ThrowableCollector.java:73) ~[junit-platform-engine-1.5.0-RC2.jar:1.5.0-RC2]
	at org.junit.platform.engine.support.hierarchical.NodeTestTask.executeRecursively(NodeTestTask.java:122) ~[junit-platform-engine-1.5.0-RC2.jar:1.5.0-RC2]
	at org.junit.platform.engine.support.hierarchical.NodeTestTask.execute(NodeTestTask.java:80) ~[junit-platform-engine-1.5.0-RC2.jar:1.5.0-RC2]
	at org.junit.platform.engine.support.hierarchical.SameThreadHierarchicalTestExecutorService.submit(SameThreadHierarchicalTestExecutorService.java:32) ~[junit-platform-engine-1.5.0-RC2.jar:1.5.0-RC2]
	at org.junit.platform.engine.support.hierarchical.HierarchicalTestExecutor.execute(HierarchicalTestExecutor.java:57) ~[junit-platform-engine-1.5.0-RC2.jar:1.5.0-RC2]
	at org.junit.platform.engine.support.hierarchical.HierarchicalTestEngine.execute(HierarchicalTestEngine.java:51) ~[junit-platform-engine-1.5.0-RC2.jar:1.5.0-RC2]
	at org.junit.platform.testkit.engine.EngineTestKit.execute(EngineTestKit.java:189) ~[junit-platform-testkit-1.5.0-RC2.jar:1.5.0-RC2]
	at org.junit.platform.testkit.engine.EngineTestKit.access$100(EngineTestKit.java:54) ~[junit-platform-testkit-1.5.0-RC2.jar:1.5.0-RC2]
	at org.junit.platform.testkit.engine.EngineTestKit$Builder.execute(EngineTestKit.java:343) ~[junit-platform-testkit-1.5.0-RC2.jar:1.5.0-RC2]
	at org.springframework.test.context.junit.jupiter.FailingBeforeAndAfterMethodsSpringExtensionTests.failingBeforeAndAfterCallbacks(FailingBeforeAndAfterMethodsSpringExtensionTests.java:84) ~[test/:?]
	at sun.reflect.NativeMethodAccessorImpl.invoke0(Native Method) ~[?:1.8.0_211]
	at sun.reflect.NativeMethodAccessorImpl.invoke(NativeMethodAccessorImpl.java:62) ~[?:1.8.0_211]
	at sun.reflect.DelegatingMethodAccessorImpl.invoke(DelegatingMethodAccessorImpl.java:43) ~[?:1.8.0_211]
	at java.lang.reflect.Method.invoke(Method.java:498) ~[?:1.8.0_211]
	at org.junit.platform.commons.util.ReflectionUtils.invokeMethod(ReflectionUtils.java:675) ~[junit-platform-commons-1.5.0-RC2.jar:1.5.0-RC2]
	at org.junit.jupiter.engine.execution.MethodInvocation.proceed(MethodInvocation.java:60) ~[junit-jupiter-engine-5.5.0-RC2.jar:5.5.0-RC2]
	at org.junit.jupiter.engine.execution.InvocationInterceptorChain$ValidatingInvocation.proceed(InvocationInterceptorChain.java:125) ~[junit-jupiter-engine-5.5.0-RC2.jar:5.5.0-RC2]
	at org.junit.jupiter.engine.extension.TimeoutExtension.intercept(TimeoutExtension.java:132) ~[junit-jupiter-engine-5.5.0-RC2.jar:5.5.0-RC2]
	at org.junit.jupiter.engine.extension.TimeoutExtension.interceptTestableMethod(TimeoutExtension.java:124) ~[junit-jupiter-engine-5.5.0-RC2.jar:5.5.0-RC2]
	at org.junit.jupiter.engine.extension.TimeoutExtension.interceptTestTemplateMethod(TimeoutExtension.java:81) ~[junit-jupiter-engine-5.5.0-RC2.jar:5.5.0-RC2]
	at org.junit.jupiter.engine.execution.ExecutableInvoker$ReflectiveInterceptorCall.lambda$ofVoidMethod$0(ExecutableInvoker.java:115) ~[junit-jupiter-engine-5.5.0-RC2.jar:5.5.0-RC2]
	at org.junit.jupiter.engine.execution.ExecutableInvoker.lambda$invoke$0(ExecutableInvoker.java:105) ~[junit-jupiter-engine-5.5.0-RC2.jar:5.5.0-RC2]
	at org.junit.jupiter.engine.execution.InvocationInterceptorChain$InterceptedInvocation.proceed(InvocationInterceptorChain.java:104) ~[junit-jupiter-engine-5.5.0-RC2.jar:5.5.0-RC2]
	at org.junit.jupiter.engine.execution.InvocationInterceptorChain.proceed(InvocationInterceptorChain.java:62) ~[junit-jupiter-engine-5.5.0-RC2.jar:5.5.0-RC2]
	at org.junit.jupiter.engine.execution.InvocationInterceptorChain.chainAndInvoke(InvocationInterceptorChain.java:43) ~[junit-jupiter-engine-5.5.0-RC2.jar:5.5.0-RC2]
	at org.junit.jupiter.engine.execution.InvocationInterceptorChain.invoke(InvocationInterceptorChain.java:35) ~[junit-jupiter-engine-5.5.0-RC2.jar:5.5.0-RC2]
	at org.junit.jupiter.engine.execution.ExecutableInvoker.invoke(ExecutableInvoker.java:104) ~[junit-jupiter-engine-5.5.0-RC2.jar:5.5.0-RC2]
	at org.junit.jupiter.engine.execution.ExecutableInvoker.invoke(ExecutableInvoker.java:98) ~[junit-jupiter-engine-5.5.0-RC2.jar:5.5.0-RC2]
	at org.junit.jupiter.engine.descriptor.TestMethodTestDescriptor.lambda$invokeTestMethod$6(TestMethodTestDescriptor.java:202) ~[junit-jupiter-engine-5.5.0-RC2.jar:5.5.0-RC2]
	at org.junit.platform.engine.support.hierarchical.ThrowableCollector.execute(ThrowableCollector.java:73) ~[junit-platform-engine-1.5.0-RC2.jar:1.5.0-RC2]
	at org.junit.jupiter.engine.descriptor.TestMethodTestDescriptor.invokeTestMethod(TestMethodTestDescriptor.java:198) ~[junit-jupiter-engine-5.5.0-RC2.jar:5.5.0-RC2]
	at org.junit.jupiter.engine.descriptor.TestMethodTestDescriptor.execute(TestMethodTestDescriptor.java:135) ~[junit-jupiter-engine-5.5.0-RC2.jar:5.5.0-RC2]
	at org.junit.jupiter.engine.descriptor.TestMethodTestDescriptor.execute(TestMethodTestDescriptor.java:69) ~[junit-jupiter-engine-5.5.0-RC2.jar:5.5.0-RC2]
	at org.junit.platform.engine.support.hierarchical.NodeTestTask.lambda$executeRecursively$5(NodeTestTask.java:135) ~[junit-platform-engine-1.5.0-RC2.jar:1.5.0-RC2]
	at org.junit.platform.engine.support.hierarchical.ThrowableCollector.execute(ThrowableCollector.java:73) ~[junit-platform-engine-1.5.0-RC2.jar:1.5.0-RC2]
	at org.junit.platform.engine.support.hierarchical.NodeTestTask.lambda$executeRecursively$7(NodeTestTask.java:125) ~[junit-platform-engine-1.5.0-RC2.jar:1.5.0-RC2]
	at org.junit.platform.engine.support.hierarchical.Node.around(Node.java:135) ~[junit-platform-engine-1.5.0-RC2.jar:1.5.0-RC2]
	at org.junit.platform.engine.support.hierarchical.NodeTestTask.lambda$executeRecursively$8(NodeTestTask.java:123) ~[junit-platform-engine-1.5.0-RC2.jar:1.5.0-RC2]
	at org.junit.platform.engine.support.hierarchical.ThrowableCollector.execute(ThrowableCollector.java:73) ~[junit-platform-engine-1.5.0-RC2.jar:1.5.0-RC2]
	at org.junit.platform.engine.support.hierarchical.NodeTestTask.executeRecursively(NodeTestTask.java:122) ~[junit-platform-engine-1.5.0-RC2.jar:1.5.0-RC2]
	at org.junit.platform.engine.support.hierarchical.NodeTestTask.execute(NodeTestTask.java:80) ~[junit-platform-engine-1.5.0-RC2.jar:1.5.0-RC2]
	at org.junit.platform.engine.support.hierarchical.SameThreadHierarchicalTestExecutorService.submit(SameThreadHierarchicalTestExecutorService.java:32) ~[junit-platform-engine-1.5.0-RC2.jar:1.5.0-RC2]
	at org.junit.platform.engine.support.hierarchical.NodeTestTask$DefaultDynamicTestExecutor.execute(NodeTestTask.java:198) ~[junit-platform-engine-1.5.0-RC2.jar:1.5.0-RC2]
	at org.junit.jupiter.engine.descriptor.TestTemplateTestDescriptor.execute(TestTemplateTestDescriptor.java:138) ~[junit-jupiter-engine-5.5.0-RC2.jar:5.5.0-RC2]
	at org.junit.jupiter.engine.descriptor.TestTemplateTestDescriptor.lambda$execute$2(TestTemplateTestDescriptor.java:106) ~[junit-jupiter-engine-5.5.0-RC2.jar:5.5.0-RC2]
	at java.util.stream.ForEachOps$ForEachOp$OfRef.accept(ForEachOps.java:184) ~[?:1.8.0_211]
	at java.util.stream.ReferencePipeline$3$1.accept(ReferencePipeline.java:193) ~[?:1.8.0_211]
	at java.util.stream.ReferencePipeline$2$1.accept(ReferencePipeline.java:175) ~[?:1.8.0_211]
	at java.util.stream.ReferencePipeline$3$1.accept(ReferencePipeline.java:193) ~[?:1.8.0_211]
	at java.util.stream.ForEachOps$ForEachOp$OfRef.accept(ForEachOps.java:184) ~[?:1.8.0_211]
	at java.util.stream.ReferencePipeline$11$1.accept(ReferencePipeline.java:373) ~[?:1.8.0_211]
	at java.util.stream.ReferencePipeline$3$1.accept(ReferencePipeline.java:193) ~[?:1.8.0_211]
	at java.util.stream.ReferencePipeline$3$1.accept(ReferencePipeline.java:193) ~[?:1.8.0_211]
	at java.util.stream.ReferencePipeline$3$1.accept(ReferencePipeline.java:193) ~[?:1.8.0_211]
	at java.util.stream.ForEachOps$ForEachOp$OfRef.accept(ForEachOps.java:184) ~[?:1.8.0_211]
	at java.util.stream.ReferencePipeline$3$1.accept(ReferencePipeline.java:193) ~[?:1.8.0_211]
	at java.util.Spliterators$ArraySpliterator.forEachRemaining(Spliterators.java:948) ~[?:1.8.0_211]
	at java.util.stream.AbstractPipeline.copyInto(AbstractPipeline.java:481) ~[?:1.8.0_211]
	at java.util.stream.AbstractPipeline.wrapAndCopyInto(AbstractPipeline.java:471) ~[?:1.8.0_211]
	at java.util.stream.ForEachOps$ForEachOp.evaluateSequential(ForEachOps.java:151) ~[?:1.8.0_211]
	at java.util.stream.ForEachOps$ForEachOp$OfRef.evaluateSequential(ForEachOps.java:174) ~[?:1.8.0_211]
	at java.util.stream.AbstractPipeline.evaluate(AbstractPipeline.java:234) ~[?:1.8.0_211]
	at java.util.stream.ReferencePipeline.forEach(ReferencePipeline.java:418) ~[?:1.8.0_211]
	at java.util.stream.ReferencePipeline$7$1.accept(ReferencePipeline.java:270) ~[?:1.8.0_211]
	at java.util.stream.ReferencePipeline$3$1.accept(ReferencePipeline.java:193) ~[?:1.8.0_211]
	at java.util.stream.ReferencePipeline$3$1.accept(ReferencePipeline.java:193) ~[?:1.8.0_211]
	at java.util.stream.ReferencePipeline$3$1.accept(ReferencePipeline.java:193) ~[?:1.8.0_211]
	at java.util.ArrayList$ArrayListSpliterator.forEachRemaining(ArrayList.java:1382) ~[?:1.8.0_211]
	at java.util.stream.AbstractPipeline.copyInto(AbstractPipeline.java:481) ~[?:1.8.0_211]
	at java.util.stream.AbstractPipeline.wrapAndCopyInto(AbstractPipeline.java:471) ~[?:1.8.0_211]
	at java.util.stream.ForEachOps$ForEachOp.evaluateSequential(ForEachOps.java:151) ~[?:1.8.0_211]
	at java.util.stream.ForEachOps$ForEachOp$OfRef.evaluateSequential(ForEachOps.java:174) ~[?:1.8.0_211]
	at java.util.stream.AbstractPipeline.evaluate(AbstractPipeline.java:234) ~[?:1.8.0_211]
	at java.util.stream.ReferencePipeline.forEach(ReferencePipeline.java:418) ~[?:1.8.0_211]
	at java.util.stream.ReferencePipeline$7$1.accept(ReferencePipeline.java:270) ~[?:1.8.0_211]
	at java.util.ArrayList$ArrayListSpliterator.forEachRemaining(ArrayList.java:1382) ~[?:1.8.0_211]
	at java.util.stream.AbstractPipeline.copyInto(AbstractPipeline.java:481) ~[?:1.8.0_211]
	at java.util.stream.AbstractPipeline.wrapAndCopyInto(AbstractPipeline.java:471) ~[?:1.8.0_211]
	at java.util.stream.ForEachOps$ForEachOp.evaluateSequential(ForEachOps.java:151) ~[?:1.8.0_211]
	at java.util.stream.ForEachOps$ForEachOp$OfRef.evaluateSequential(ForEachOps.java:174) ~[?:1.8.0_211]
	at java.util.stream.AbstractPipeline.evaluate(AbstractPipeline.java:234) ~[?:1.8.0_211]
	at java.util.stream.ReferencePipeline.forEach(ReferencePipeline.java:418) ~[?:1.8.0_211]
	at org.junit.jupiter.engine.descriptor.TestTemplateTestDescriptor.execute(TestTemplateTestDescriptor.java:106) ~[junit-jupiter-engine-5.5.0-RC2.jar:5.5.0-RC2]
	at org.junit.jupiter.engine.descriptor.TestTemplateTestDescriptor.execute(TestTemplateTestDescriptor.java:41) ~[junit-jupiter-engine-5.5.0-RC2.jar:5.5.0-RC2]
	at org.junit.platform.engine.support.hierarchical.NodeTestTask.lambda$executeRecursively$5(NodeTestTask.java:135) ~[junit-platform-engine-1.5.0-RC2.jar:1.5.0-RC2]
	at org.junit.platform.engine.support.hierarchical.ThrowableCollector.execute(ThrowableCollector.java:73) ~[junit-platform-engine-1.5.0-RC2.jar:1.5.0-RC2]
	at org.junit.platform.engine.support.hierarchical.NodeTestTask.lambda$executeRecursively$7(NodeTestTask.java:125) ~[junit-platform-engine-1.5.0-RC2.jar:1.5.0-RC2]
	at org.junit.platform.engine.support.hierarchical.Node.around(Node.java:135) ~[junit-platform-engine-1.5.0-RC2.jar:1.5.0-RC2]
	at org.junit.platform.engine.support.hierarchical.NodeTestTask.lambda$executeRecursively$8(NodeTestTask.java:123) ~[junit-platform-engine-1.5.0-RC2.jar:1.5.0-RC2]
	at org.junit.platform.engine.support.hierarchical.ThrowableCollector.execute(ThrowableCollector.java:73) ~[junit-platform-engine-1.5.0-RC2.jar:1.5.0-RC2]
	at org.junit.platform.engine.support.hierarchical.NodeTestTask.executeRecursively(NodeTestTask.java:122) ~[junit-platform-engine-1.5.0-RC2.jar:1.5.0-RC2]
	at org.junit.platform.engine.support.hierarchical.NodeTestTask.execute(NodeTestTask.java:80) ~[junit-platform-engine-1.5.0-RC2.jar:1.5.0-RC2]
	at java.util.ArrayList.forEach(ArrayList.java:1257) ~[?:1.8.0_211]
	at org.junit.platform.engine.support.hierarchical.SameThreadHierarchicalTestExecutorService.invokeAll(SameThreadHierarchicalTestExecutorService.java:38) ~[junit-platform-engine-1.5.0-RC2.jar:1.5.0-RC2]
	at org.junit.platform.engine.support.hierarchical.NodeTestTask.lambda$executeRecursively$5(NodeTestTask.java:139) ~[junit-platform-engine-1.5.0-RC2.jar:1.5.0-RC2]
	at org.junit.platform.engine.support.hierarchical.ThrowableCollector.execute(ThrowableCollector.java:73) ~[junit-platform-engine-1.5.0-RC2.jar:1.5.0-RC2]
	at org.junit.platform.engine.support.hierarchical.NodeTestTask.lambda$executeRecursively$7(NodeTestTask.java:125) ~[junit-platform-engine-1.5.0-RC2.jar:1.5.0-RC2]
	at org.junit.platform.engine.support.hierarchical.Node.around(Node.java:135) ~[junit-platform-engine-1.5.0-RC2.jar:1.5.0-RC2]
	at org.junit.platform.engine.support.hierarchical.NodeTestTask.lambda$executeRecursively$8(NodeTestTask.java:123) ~[junit-platform-engine-1.5.0-RC2.jar:1.5.0-RC2]
	at org.junit.platform.engine.support.hierarchical.ThrowableCollector.execute(ThrowableCollector.java:73) ~[junit-platform-engine-1.5.0-RC2.jar:1.5.0-RC2]
	at org.junit.platform.engine.support.hierarchical.NodeTestTask.executeRecursively(NodeTestTask.java:122) ~[junit-platform-engine-1.5.0-RC2.jar:1.5.0-RC2]
	at org.junit.platform.engine.support.hierarchical.NodeTestTask.execute(NodeTestTask.java:80) ~[junit-platform-engine-1.5.0-RC2.jar:1.5.0-RC2]
	at java.util.ArrayList.forEach(ArrayList.java:1257) ~[?:1.8.0_211]
	at org.junit.platform.engine.support.hierarchical.SameThreadHierarchicalTestExecutorService.invokeAll(SameThreadHierarchicalTestExecutorService.java:38) ~[junit-platform-engine-1.5.0-RC2.jar:1.5.0-RC2]
	at org.junit.platform.engine.support.hierarchical.NodeTestTask.lambda$executeRecursively$5(NodeTestTask.java:139) ~[junit-platform-engine-1.5.0-RC2.jar:1.5.0-RC2]
	at org.junit.platform.engine.support.hierarchical.ThrowableCollector.execute(ThrowableCollector.java:73) ~[junit-platform-engine-1.5.0-RC2.jar:1.5.0-RC2]
	at org.junit.platform.engine.support.hierarchical.NodeTestTask.lambda$executeRecursively$7(NodeTestTask.java:125) ~[junit-platform-engine-1.5.0-RC2.jar:1.5.0-RC2]
	at org.junit.platform.engine.support.hierarchical.Node.around(Node.java:135) ~[junit-platform-engine-1.5.0-RC2.jar:1.5.0-RC2]
	at org.junit.platform.engine.support.hierarchical.NodeTestTask.lambda$executeRecursively$8(NodeTestTask.java:123) ~[junit-platform-engine-1.5.0-RC2.jar:1.5.0-RC2]
	at org.junit.platform.engine.support.hierarchical.ThrowableCollector.execute(ThrowableCollector.java:73) ~[junit-platform-engine-1.5.0-RC2.jar:1.5.0-RC2]
	at org.junit.platform.engine.support.hierarchical.NodeTestTask.executeRecursively(NodeTestTask.java:122) ~[junit-platform-engine-1.5.0-RC2.jar:1.5.0-RC2]
	at org.junit.platform.engine.support.hierarchical.NodeTestTask.execute(NodeTestTask.java:80) ~[junit-platform-engine-1.5.0-RC2.jar:1.5.0-RC2]
	at org.junit.platform.engine.support.hierarchical.SameThreadHierarchicalTestExecutorService.submit(SameThreadHierarchicalTestExecutorService.java:32) ~[junit-platform-engine-1.5.0-RC2.jar:1.5.0-RC2]
	at org.junit.platform.engine.support.hierarchical.HierarchicalTestExecutor.execute(HierarchicalTestExecutor.java:57) ~[junit-platform-engine-1.5.0-RC2.jar:1.5.0-RC2]
	at org.junit.platform.engine.support.hierarchical.HierarchicalTestEngine.execute(HierarchicalTestEngine.java:51) ~[junit-platform-engine-1.5.0-RC2.jar:1.5.0-RC2]
	at org.junit.platform.launcher.core.DefaultLauncher.execute(DefaultLauncher.java:229) ~[junit-platform-launcher-1.5.0-RC2.jar:1.5.0-RC2]
	at org.junit.platform.launcher.core.DefaultLauncher.lambda$execute$6(DefaultLauncher.java:197) ~[junit-platform-launcher-1.5.0-RC2.jar:1.5.0-RC2]
	at org.junit.platform.launcher.core.DefaultLauncher.withInterceptedStreams(DefaultLauncher.java:211) [junit-platform-launcher-1.5.0-RC2.jar:1.5.0-RC2]
	at org.junit.platform.launcher.core.DefaultLauncher.execute(DefaultLauncher.java:191) [junit-platform-launcher-1.5.0-RC2.jar:1.5.0-RC2]
	at org.junit.platform.launcher.core.DefaultLauncher.execute(DefaultLauncher.java:128) [junit-platform-launcher-1.5.0-RC2.jar:1.5.0-RC2]
	at org.gradle.api.internal.tasks.testing.junitplatform.JUnitPlatformTestClassProcessor$CollectAllTestClassesExecutor.processAllTestClasses(JUnitPlatformTestClassProcessor.java:92) [gradle-testing-junit-platform-4.10.3.jar:4.10.3]
	at org.gradle.api.internal.tasks.testing.junitplatform.JUnitPlatformTestClassProcessor$CollectAllTestClassesExecutor.access$100(JUnitPlatformTestClassProcessor.java:77) [gradle-testing-junit-platform-4.10.3.jar:4.10.3]
	at org.gradle.api.internal.tasks.testing.junitplatform.JUnitPlatformTestClassProcessor.stop(JUnitPlatformTestClassProcessor.java:73) [gradle-testing-junit-platform-4.10.3.jar:4.10.3]
	at org.gradle.api.internal.tasks.testing.SuiteTestClassProcessor.stop(SuiteTestClassProcessor.java:61) [gradle-testing-base-4.10.3.jar:4.10.3]
	at sun.reflect.NativeMethodAccessorImpl.invoke0(Native Method) ~[?:1.8.0_211]
	at sun.reflect.NativeMethodAccessorImpl.invoke(NativeMethodAccessorImpl.java:62) ~[?:1.8.0_211]
	at sun.reflect.DelegatingMethodAccessorImpl.invoke(DelegatingMethodAccessorImpl.java:43) ~[?:1.8.0_211]
	at java.lang.reflect.Method.invoke(Method.java:498) ~[?:1.8.0_211]
	at org.gradle.internal.dispatch.ReflectionDispatch.dispatch(ReflectionDispatch.java:35) [gradle-messaging-4.10.3.jar:4.10.3]
	at org.gradle.internal.dispatch.ReflectionDispatch.dispatch(ReflectionDispatch.java:24) [gradle-messaging-4.10.3.jar:4.10.3]
	at org.gradle.internal.dispatch.ContextClassLoaderDispatch.dispatch(ContextClassLoaderDispatch.java:32) [gradle-messaging-4.10.3.jar:4.10.3]
	at org.gradle.internal.dispatch.ProxyDispatchAdapter$DispatchingInvocationHandler.invoke(ProxyDispatchAdapter.java:93) [gradle-messaging-4.10.3.jar:4.10.3]
	at com.sun.proxy.$Proxy2.stop(Unknown Source) [?:?]
	at org.gradle.api.internal.tasks.testing.worker.TestWorker.stop(TestWorker.java:131) [gradle-testing-base-4.10.3.jar:4.10.3]
	at sun.reflect.NativeMethodAccessorImpl.invoke0(Native Method) ~[?:1.8.0_211]
	at sun.reflect.NativeMethodAccessorImpl.invoke(NativeMethodAccessorImpl.java:62) ~[?:1.8.0_211]
	at sun.reflect.DelegatingMethodAccessorImpl.invoke(DelegatingMethodAccessorImpl.java:43) ~[?:1.8.0_211]
	at java.lang.reflect.Method.invoke(Method.java:498) ~[?:1.8.0_211]
	at org.gradle.internal.dispatch.ReflectionDispatch.dispatch(ReflectionDispatch.java:35) [gradle-messaging-4.10.3.jar:4.10.3]
	at org.gradle.internal.dispatch.ReflectionDispatch.dispatch(ReflectionDispatch.java:24) [gradle-messaging-4.10.3.jar:4.10.3]
	at org.gradle.internal.remote.internal.hub.MessageHubBackedObjectConnection$DispatchWrapper.dispatch(MessageHubBackedObjectConnection.java:155) [gradle-messaging-4.10.3.jar:4.10.3]
	at org.gradle.internal.remote.internal.hub.MessageHubBackedObjectConnection$DispatchWrapper.dispatch(MessageHubBackedObjectConnection.java:137) [gradle-messaging-4.10.3.jar:4.10.3]
	at org.gradle.internal.remote.internal.hub.MessageHub$Handler.run(MessageHub.java:404) [gradle-messaging-4.10.3.jar:4.10.3]
	at org.gradle.internal.concurrent.ExecutorPolicy$CatchAndRecordFailures.onExecute(ExecutorPolicy.java:63) [gradle-base-services-4.10.3.jar:4.10.3]
	at org.gradle.internal.concurrent.ManagedExecutorImpl$1.run(ManagedExecutorImpl.java:46) [gradle-base-services-4.10.3.jar:4.10.3]
	at java.util.concurrent.ThreadPoolExecutor.runWorker(ThreadPoolExecutor.java:1149) [?:1.8.0_211]
	at java.util.concurrent.ThreadPoolExecutor$Worker.run(ThreadPoolExecutor.java:624) [?:1.8.0_211]
	at org.gradle.internal.concurrent.ThreadFactoryImpl$ManagedThreadRunnable.run(ThreadFactoryImpl.java:55) [gradle-base-services-4.10.3.jar:4.10.3]
	at java.lang.Thread.run(Thread.java:748) [?:1.8.0_211]
22:40:37.391 [Test worker] ERROR o.s.t.c.t.TransactionalTestExecutionListener - Exception encountered while executing @BeforeTransaction methods for test context [DefaultTestContext@32615aa4 testClass = FailingBeforeAndAfterMethodsSpringExtensionTests.FailingBeforeTransactionTestCase, testInstance = org.springframework.test.context.junit.jupiter.FailingBeforeAndAfterMethodsSpringExtensionTests$FailingBeforeTransactionTestCase@26911d25, testMethod = testNothing@FailingBeforeAndAfterMethodsSpringExtensionTests.FailingBeforeTransactionTestCase, testException = [null], mergedContextConfiguration = [MergedContextConfiguration@33fe9b02 testClass = FailingBeforeAndAfterMethodsSpringExtensionTests.FailingBeforeTransactionTestCase, locations = '{}', classes = '{class org.springframework.test.context.junit.jupiter.FailingBeforeAndAfterMethodsSpringExtensionTests$DatabaseConfig}', contextInitializerClasses = '[]', activeProfiles = '{}', propertySourceLocations = '{}', propertySourceProperties = '{}', contextCustomizers = set[[empty]], contextLoader = 'org.springframework.test.context.support.DelegatingSmartContextLoader', parent = [null]], attributes = map[[empty]]].
java.lang.AssertionError: always failing beforeTransaction()
	at org.springframework.test.context.junit.jupiter.FailingBeforeAndAfterMethodsSpringExtensionTests$FailingBeforeTransactionTestCase.beforeTransaction(FailingBeforeAndAfterMethodsSpringExtensionTests.java:227) ~[test/:?]
	at sun.reflect.NativeMethodAccessorImpl.invoke0(Native Method) ~[?:1.8.0_211]
	at sun.reflect.NativeMethodAccessorImpl.invoke(NativeMethodAccessorImpl.java:62) ~[?:1.8.0_211]
	at sun.reflect.DelegatingMethodAccessorImpl.invoke(DelegatingMethodAccessorImpl.java:43) ~[?:1.8.0_211]
	at java.lang.reflect.Method.invoke(Method.java:498) ~[?:1.8.0_211]
	at org.springframework.test.context.transaction.TransactionalTestExecutionListener.runBeforeTransactionMethods(TransactionalTestExecutionListener.java:256) ~[main/:?]
	at org.springframework.test.context.transaction.TransactionalTestExecutionListener.beforeTestMethod(TransactionalTestExecutionListener.java:205) ~[main/:?]
	at org.springframework.test.context.TestContextManager.beforeTestMethod(TestContextManager.java:289) ~[main/:?]
	at org.springframework.test.context.junit.jupiter.SpringExtension.beforeEach(SpringExtension.java:108) ~[main/:?]
	at org.junit.jupiter.engine.descriptor.TestMethodTestDescriptor.lambda$invokeBeforeEachCallbacks$1(TestMethodTestDescriptor.java:151) ~[junit-jupiter-engine-5.5.0-RC2.jar:5.5.0-RC2]
	at org.junit.jupiter.engine.descriptor.TestMethodTestDescriptor.lambda$invokeBeforeMethodsOrCallbacksUntilExceptionOccurs$5(TestMethodTestDescriptor.java:187) ~[junit-jupiter-engine-5.5.0-RC2.jar:5.5.0-RC2]
	at org.junit.platform.engine.support.hierarchical.ThrowableCollector.execute(ThrowableCollector.java:73) ~[junit-platform-engine-1.5.0-RC2.jar:1.5.0-RC2]
	at org.junit.jupiter.engine.descriptor.TestMethodTestDescriptor.invokeBeforeMethodsOrCallbacksUntilExceptionOccurs(TestMethodTestDescriptor.java:187) ~[junit-jupiter-engine-5.5.0-RC2.jar:5.5.0-RC2]
	at org.junit.jupiter.engine.descriptor.TestMethodTestDescriptor.invokeBeforeEachCallbacks(TestMethodTestDescriptor.java:150) ~[junit-jupiter-engine-5.5.0-RC2.jar:5.5.0-RC2]
	at org.junit.jupiter.engine.descriptor.TestMethodTestDescriptor.execute(TestMethodTestDescriptor.java:129) ~[junit-jupiter-engine-5.5.0-RC2.jar:5.5.0-RC2]
	at org.junit.jupiter.engine.descriptor.TestMethodTestDescriptor.execute(TestMethodTestDescriptor.java:69) ~[junit-jupiter-engine-5.5.0-RC2.jar:5.5.0-RC2]
	at org.junit.platform.engine.support.hierarchical.NodeTestTask.lambda$executeRecursively$5(NodeTestTask.java:135) ~[junit-platform-engine-1.5.0-RC2.jar:1.5.0-RC2]
	at org.junit.platform.engine.support.hierarchical.ThrowableCollector.execute(ThrowableCollector.java:73) ~[junit-platform-engine-1.5.0-RC2.jar:1.5.0-RC2]
	at org.junit.platform.engine.support.hierarchical.NodeTestTask.lambda$executeRecursively$7(NodeTestTask.java:125) ~[junit-platform-engine-1.5.0-RC2.jar:1.5.0-RC2]
	at org.junit.platform.engine.support.hierarchical.Node.around(Node.java:135) ~[junit-platform-engine-1.5.0-RC2.jar:1.5.0-RC2]
	at org.junit.platform.engine.support.hierarchical.NodeTestTask.lambda$executeRecursively$8(NodeTestTask.java:123) ~[junit-platform-engine-1.5.0-RC2.jar:1.5.0-RC2]
	at org.junit.platform.engine.support.hierarchical.ThrowableCollector.execute(ThrowableCollector.java:73) ~[junit-platform-engine-1.5.0-RC2.jar:1.5.0-RC2]
	at org.junit.platform.engine.support.hierarchical.NodeTestTask.executeRecursively(NodeTestTask.java:122) ~[junit-platform-engine-1.5.0-RC2.jar:1.5.0-RC2]
	at org.junit.platform.engine.support.hierarchical.NodeTestTask.execute(NodeTestTask.java:80) ~[junit-platform-engine-1.5.0-RC2.jar:1.5.0-RC2]
	at java.util.ArrayList.forEach(ArrayList.java:1257) ~[?:1.8.0_211]
	at org.junit.platform.engine.support.hierarchical.SameThreadHierarchicalTestExecutorService.invokeAll(SameThreadHierarchicalTestExecutorService.java:38) ~[junit-platform-engine-1.5.0-RC2.jar:1.5.0-RC2]
	at org.junit.platform.engine.support.hierarchical.NodeTestTask.lambda$executeRecursively$5(NodeTestTask.java:139) ~[junit-platform-engine-1.5.0-RC2.jar:1.5.0-RC2]
	at org.junit.platform.engine.support.hierarchical.ThrowableCollector.execute(ThrowableCollector.java:73) ~[junit-platform-engine-1.5.0-RC2.jar:1.5.0-RC2]
	at org.junit.platform.engine.support.hierarchical.NodeTestTask.lambda$executeRecursively$7(NodeTestTask.java:125) ~[junit-platform-engine-1.5.0-RC2.jar:1.5.0-RC2]
	at org.junit.platform.engine.support.hierarchical.Node.around(Node.java:135) ~[junit-platform-engine-1.5.0-RC2.jar:1.5.0-RC2]
	at org.junit.platform.engine.support.hierarchical.NodeTestTask.lambda$executeRecursively$8(NodeTestTask.java:123) ~[junit-platform-engine-1.5.0-RC2.jar:1.5.0-RC2]
	at org.junit.platform.engine.support.hierarchical.ThrowableCollector.execute(ThrowableCollector.java:73) ~[junit-platform-engine-1.5.0-RC2.jar:1.5.0-RC2]
	at org.junit.platform.engine.support.hierarchical.NodeTestTask.executeRecursively(NodeTestTask.java:122) ~[junit-platform-engine-1.5.0-RC2.jar:1.5.0-RC2]
	at org.junit.platform.engine.support.hierarchical.NodeTestTask.execute(NodeTestTask.java:80) ~[junit-platform-engine-1.5.0-RC2.jar:1.5.0-RC2]
	at java.util.ArrayList.forEach(ArrayList.java:1257) ~[?:1.8.0_211]
	at org.junit.platform.engine.support.hierarchical.SameThreadHierarchicalTestExecutorService.invokeAll(SameThreadHierarchicalTestExecutorService.java:38) ~[junit-platform-engine-1.5.0-RC2.jar:1.5.0-RC2]
	at org.junit.platform.engine.support.hierarchical.NodeTestTask.lambda$executeRecursively$5(NodeTestTask.java:139) ~[junit-platform-engine-1.5.0-RC2.jar:1.5.0-RC2]
	at org.junit.platform.engine.support.hierarchical.ThrowableCollector.execute(ThrowableCollector.java:73) ~[junit-platform-engine-1.5.0-RC2.jar:1.5.0-RC2]
	at org.junit.platform.engine.support.hierarchical.NodeTestTask.lambda$executeRecursively$7(NodeTestTask.java:125) ~[junit-platform-engine-1.5.0-RC2.jar:1.5.0-RC2]
	at org.junit.platform.engine.support.hierarchical.Node.around(Node.java:135) ~[junit-platform-engine-1.5.0-RC2.jar:1.5.0-RC2]
	at org.junit.platform.engine.support.hierarchical.NodeTestTask.lambda$executeRecursively$8(NodeTestTask.java:123) ~[junit-platform-engine-1.5.0-RC2.jar:1.5.0-RC2]
	at org.junit.platform.engine.support.hierarchical.ThrowableCollector.execute(ThrowableCollector.java:73) ~[junit-platform-engine-1.5.0-RC2.jar:1.5.0-RC2]
	at org.junit.platform.engine.support.hierarchical.NodeTestTask.executeRecursively(NodeTestTask.java:122) ~[junit-platform-engine-1.5.0-RC2.jar:1.5.0-RC2]
	at org.junit.platform.engine.support.hierarchical.NodeTestTask.execute(NodeTestTask.java:80) ~[junit-platform-engine-1.5.0-RC2.jar:1.5.0-RC2]
	at org.junit.platform.engine.support.hierarchical.SameThreadHierarchicalTestExecutorService.submit(SameThreadHierarchicalTestExecutorService.java:32) ~[junit-platform-engine-1.5.0-RC2.jar:1.5.0-RC2]
	at org.junit.platform.engine.support.hierarchical.HierarchicalTestExecutor.execute(HierarchicalTestExecutor.java:57) ~[junit-platform-engine-1.5.0-RC2.jar:1.5.0-RC2]
	at org.junit.platform.engine.support.hierarchical.HierarchicalTestEngine.execute(HierarchicalTestEngine.java:51) ~[junit-platform-engine-1.5.0-RC2.jar:1.5.0-RC2]
	at org.junit.platform.testkit.engine.EngineTestKit.execute(EngineTestKit.java:189) ~[junit-platform-testkit-1.5.0-RC2.jar:1.5.0-RC2]
	at org.junit.platform.testkit.engine.EngineTestKit.access$100(EngineTestKit.java:54) ~[junit-platform-testkit-1.5.0-RC2.jar:1.5.0-RC2]
	at org.junit.platform.testkit.engine.EngineTestKit$Builder.execute(EngineTestKit.java:343) ~[junit-platform-testkit-1.5.0-RC2.jar:1.5.0-RC2]
	at org.springframework.test.context.junit.jupiter.FailingBeforeAndAfterMethodsSpringExtensionTests.failingBeforeAndAfterCallbacks(FailingBeforeAndAfterMethodsSpringExtensionTests.java:84) ~[test/:?]
	at sun.reflect.NativeMethodAccessorImpl.invoke0(Native Method) ~[?:1.8.0_211]
	at sun.reflect.NativeMethodAccessorImpl.invoke(NativeMethodAccessorImpl.java:62) ~[?:1.8.0_211]
	at sun.reflect.DelegatingMethodAccessorImpl.invoke(DelegatingMethodAccessorImpl.java:43) ~[?:1.8.0_211]
	at java.lang.reflect.Method.invoke(Method.java:498) ~[?:1.8.0_211]
	at org.junit.platform.commons.util.ReflectionUtils.invokeMethod(ReflectionUtils.java:675) ~[junit-platform-commons-1.5.0-RC2.jar:1.5.0-RC2]
	at org.junit.jupiter.engine.execution.MethodInvocation.proceed(MethodInvocation.java:60) ~[junit-jupiter-engine-5.5.0-RC2.jar:5.5.0-RC2]
	at org.junit.jupiter.engine.execution.InvocationInterceptorChain$ValidatingInvocation.proceed(InvocationInterceptorChain.java:125) ~[junit-jupiter-engine-5.5.0-RC2.jar:5.5.0-RC2]
	at org.junit.jupiter.engine.extension.TimeoutExtension.intercept(TimeoutExtension.java:132) ~[junit-jupiter-engine-5.5.0-RC2.jar:5.5.0-RC2]
	at org.junit.jupiter.engine.extension.TimeoutExtension.interceptTestableMethod(TimeoutExtension.java:124) ~[junit-jupiter-engine-5.5.0-RC2.jar:5.5.0-RC2]
	at org.junit.jupiter.engine.extension.TimeoutExtension.interceptTestTemplateMethod(TimeoutExtension.java:81) ~[junit-jupiter-engine-5.5.0-RC2.jar:5.5.0-RC2]
	at org.junit.jupiter.engine.execution.ExecutableInvoker$ReflectiveInterceptorCall.lambda$ofVoidMethod$0(ExecutableInvoker.java:115) ~[junit-jupiter-engine-5.5.0-RC2.jar:5.5.0-RC2]
	at org.junit.jupiter.engine.execution.ExecutableInvoker.lambda$invoke$0(ExecutableInvoker.java:105) ~[junit-jupiter-engine-5.5.0-RC2.jar:5.5.0-RC2]
	at org.junit.jupiter.engine.execution.InvocationInterceptorChain$InterceptedInvocation.proceed(InvocationInterceptorChain.java:104) ~[junit-jupiter-engine-5.5.0-RC2.jar:5.5.0-RC2]
	at org.junit.jupiter.engine.execution.InvocationInterceptorChain.proceed(InvocationInterceptorChain.java:62) ~[junit-jupiter-engine-5.5.0-RC2.jar:5.5.0-RC2]
	at org.junit.jupiter.engine.execution.InvocationInterceptorChain.chainAndInvoke(InvocationInterceptorChain.java:43) ~[junit-jupiter-engine-5.5.0-RC2.jar:5.5.0-RC2]
	at org.junit.jupiter.engine.execution.InvocationInterceptorChain.invoke(InvocationInterceptorChain.java:35) ~[junit-jupiter-engine-5.5.0-RC2.jar:5.5.0-RC2]
	at org.junit.jupiter.engine.execution.ExecutableInvoker.invoke(ExecutableInvoker.java:104) ~[junit-jupiter-engine-5.5.0-RC2.jar:5.5.0-RC2]
	at org.junit.jupiter.engine.execution.ExecutableInvoker.invoke(ExecutableInvoker.java:98) ~[junit-jupiter-engine-5.5.0-RC2.jar:5.5.0-RC2]
	at org.junit.jupiter.engine.descriptor.TestMethodTestDescriptor.lambda$invokeTestMethod$6(TestMethodTestDescriptor.java:202) ~[junit-jupiter-engine-5.5.0-RC2.jar:5.5.0-RC2]
	at org.junit.platform.engine.support.hierarchical.ThrowableCollector.execute(ThrowableCollector.java:73) ~[junit-platform-engine-1.5.0-RC2.jar:1.5.0-RC2]
	at org.junit.jupiter.engine.descriptor.TestMethodTestDescriptor.invokeTestMethod(TestMethodTestDescriptor.java:198) ~[junit-jupiter-engine-5.5.0-RC2.jar:5.5.0-RC2]
	at org.junit.jupiter.engine.descriptor.TestMethodTestDescriptor.execute(TestMethodTestDescriptor.java:135) ~[junit-jupiter-engine-5.5.0-RC2.jar:5.5.0-RC2]
	at org.junit.jupiter.engine.descriptor.TestMethodTestDescriptor.execute(TestMethodTestDescriptor.java:69) ~[junit-jupiter-engine-5.5.0-RC2.jar:5.5.0-RC2]
	at org.junit.platform.engine.support.hierarchical.NodeTestTask.lambda$executeRecursively$5(NodeTestTask.java:135) ~[junit-platform-engine-1.5.0-RC2.jar:1.5.0-RC2]
	at org.junit.platform.engine.support.hierarchical.ThrowableCollector.execute(ThrowableCollector.java:73) ~[junit-platform-engine-1.5.0-RC2.jar:1.5.0-RC2]
	at org.junit.platform.engine.support.hierarchical.NodeTestTask.lambda$executeRecursively$7(NodeTestTask.java:125) ~[junit-platform-engine-1.5.0-RC2.jar:1.5.0-RC2]
	at org.junit.platform.engine.support.hierarchical.Node.around(Node.java:135) ~[junit-platform-engine-1.5.0-RC2.jar:1.5.0-RC2]
	at org.junit.platform.engine.support.hierarchical.NodeTestTask.lambda$executeRecursively$8(NodeTestTask.java:123) ~[junit-platform-engine-1.5.0-RC2.jar:1.5.0-RC2]
	at org.junit.platform.engine.support.hierarchical.ThrowableCollector.execute(ThrowableCollector.java:73) ~[junit-platform-engine-1.5.0-RC2.jar:1.5.0-RC2]
	at org.junit.platform.engine.support.hierarchical.NodeTestTask.executeRecursively(NodeTestTask.java:122) ~[junit-platform-engine-1.5.0-RC2.jar:1.5.0-RC2]
	at org.junit.platform.engine.support.hierarchical.NodeTestTask.execute(NodeTestTask.java:80) ~[junit-platform-engine-1.5.0-RC2.jar:1.5.0-RC2]
	at org.junit.platform.engine.support.hierarchical.SameThreadHierarchicalTestExecutorService.submit(SameThreadHierarchicalTestExecutorService.java:32) ~[junit-platform-engine-1.5.0-RC2.jar:1.5.0-RC2]
	at org.junit.platform.engine.support.hierarchical.NodeTestTask$DefaultDynamicTestExecutor.execute(NodeTestTask.java:198) ~[junit-platform-engine-1.5.0-RC2.jar:1.5.0-RC2]
	at org.junit.jupiter.engine.descriptor.TestTemplateTestDescriptor.execute(TestTemplateTestDescriptor.java:138) ~[junit-jupiter-engine-5.5.0-RC2.jar:5.5.0-RC2]
	at org.junit.jupiter.engine.descriptor.TestTemplateTestDescriptor.lambda$execute$2(TestTemplateTestDescriptor.java:106) ~[junit-jupiter-engine-5.5.0-RC2.jar:5.5.0-RC2]
	at java.util.stream.ForEachOps$ForEachOp$OfRef.accept(ForEachOps.java:184) ~[?:1.8.0_211]
	at java.util.stream.ReferencePipeline$3$1.accept(ReferencePipeline.java:193) ~[?:1.8.0_211]
	at java.util.stream.ReferencePipeline$2$1.accept(ReferencePipeline.java:175) ~[?:1.8.0_211]
	at java.util.stream.ReferencePipeline$3$1.accept(ReferencePipeline.java:193) ~[?:1.8.0_211]
	at java.util.stream.ForEachOps$ForEachOp$OfRef.accept(ForEachOps.java:184) ~[?:1.8.0_211]
	at java.util.stream.ReferencePipeline$11$1.accept(ReferencePipeline.java:373) ~[?:1.8.0_211]
	at java.util.stream.ReferencePipeline$3$1.accept(ReferencePipeline.java:193) ~[?:1.8.0_211]
	at java.util.stream.ReferencePipeline$3$1.accept(ReferencePipeline.java:193) ~[?:1.8.0_211]
	at java.util.stream.ReferencePipeline$3$1.accept(ReferencePipeline.java:193) ~[?:1.8.0_211]
	at java.util.stream.ForEachOps$ForEachOp$OfRef.accept(ForEachOps.java:184) ~[?:1.8.0_211]
	at java.util.stream.ReferencePipeline$3$1.accept(ReferencePipeline.java:193) ~[?:1.8.0_211]
	at java.util.Spliterators$ArraySpliterator.forEachRemaining(Spliterators.java:948) ~[?:1.8.0_211]
	at java.util.stream.AbstractPipeline.copyInto(AbstractPipeline.java:481) ~[?:1.8.0_211]
	at java.util.stream.AbstractPipeline.wrapAndCopyInto(AbstractPipeline.java:471) ~[?:1.8.0_211]
	at java.util.stream.ForEachOps$ForEachOp.evaluateSequential(ForEachOps.java:151) ~[?:1.8.0_211]
	at java.util.stream.ForEachOps$ForEachOp$OfRef.evaluateSequential(ForEachOps.java:174) ~[?:1.8.0_211]
	at java.util.stream.AbstractPipeline.evaluate(AbstractPipeline.java:234) ~[?:1.8.0_211]
	at java.util.stream.ReferencePipeline.forEach(ReferencePipeline.java:418) ~[?:1.8.0_211]
	at java.util.stream.ReferencePipeline$7$1.accept(ReferencePipeline.java:270) ~[?:1.8.0_211]
	at java.util.stream.ReferencePipeline$3$1.accept(ReferencePipeline.java:193) ~[?:1.8.0_211]
	at java.util.stream.ReferencePipeline$3$1.accept(ReferencePipeline.java:193) ~[?:1.8.0_211]
	at java.util.stream.ReferencePipeline$3$1.accept(ReferencePipeline.java:193) ~[?:1.8.0_211]
	at java.util.ArrayList$ArrayListSpliterator.forEachRemaining(ArrayList.java:1382) ~[?:1.8.0_211]
	at java.util.stream.AbstractPipeline.copyInto(AbstractPipeline.java:481) ~[?:1.8.0_211]
	at java.util.stream.AbstractPipeline.wrapAndCopyInto(AbstractPipeline.java:471) ~[?:1.8.0_211]
	at java.util.stream.ForEachOps$ForEachOp.evaluateSequential(ForEachOps.java:151) ~[?:1.8.0_211]
	at java.util.stream.ForEachOps$ForEachOp$OfRef.evaluateSequential(ForEachOps.java:174) ~[?:1.8.0_211]
	at java.util.stream.AbstractPipeline.evaluate(AbstractPipeline.java:234) ~[?:1.8.0_211]
	at java.util.stream.ReferencePipeline.forEach(ReferencePipeline.java:418) ~[?:1.8.0_211]
	at java.util.stream.ReferencePipeline$7$1.accept(ReferencePipeline.java:270) ~[?:1.8.0_211]
	at java.util.ArrayList$ArrayListSpliterator.forEachRemaining(ArrayList.java:1382) ~[?:1.8.0_211]
	at java.util.stream.AbstractPipeline.copyInto(AbstractPipeline.java:481) ~[?:1.8.0_211]
	at java.util.stream.AbstractPipeline.wrapAndCopyInto(AbstractPipeline.java:471) ~[?:1.8.0_211]
	at java.util.stream.ForEachOps$ForEachOp.evaluateSequential(ForEachOps.java:151) ~[?:1.8.0_211]
	at java.util.stream.ForEachOps$ForEachOp$OfRef.evaluateSequential(ForEachOps.java:174) ~[?:1.8.0_211]
	at java.util.stream.AbstractPipeline.evaluate(AbstractPipeline.java:234) ~[?:1.8.0_211]
	at java.util.stream.ReferencePipeline.forEach(ReferencePipeline.java:418) ~[?:1.8.0_211]
	at org.junit.jupiter.engine.descriptor.TestTemplateTestDescriptor.execute(TestTemplateTestDescriptor.java:106) ~[junit-jupiter-engine-5.5.0-RC2.jar:5.5.0-RC2]
	at org.junit.jupiter.engine.descriptor.TestTemplateTestDescriptor.execute(TestTemplateTestDescriptor.java:41) ~[junit-jupiter-engine-5.5.0-RC2.jar:5.5.0-RC2]
	at org.junit.platform.engine.support.hierarchical.NodeTestTask.lambda$executeRecursively$5(NodeTestTask.java:135) ~[junit-platform-engine-1.5.0-RC2.jar:1.5.0-RC2]
	at org.junit.platform.engine.support.hierarchical.ThrowableCollector.execute(ThrowableCollector.java:73) ~[junit-platform-engine-1.5.0-RC2.jar:1.5.0-RC2]
	at org.junit.platform.engine.support.hierarchical.NodeTestTask.lambda$executeRecursively$7(NodeTestTask.java:125) ~[junit-platform-engine-1.5.0-RC2.jar:1.5.0-RC2]
	at org.junit.platform.engine.support.hierarchical.Node.around(Node.java:135) ~[junit-platform-engine-1.5.0-RC2.jar:1.5.0-RC2]
	at org.junit.platform.engine.support.hierarchical.NodeTestTask.lambda$executeRecursively$8(NodeTestTask.java:123) ~[junit-platform-engine-1.5.0-RC2.jar:1.5.0-RC2]
	at org.junit.platform.engine.support.hierarchical.ThrowableCollector.execute(ThrowableCollector.java:73) ~[junit-platform-engine-1.5.0-RC2.jar:1.5.0-RC2]
	at org.junit.platform.engine.support.hierarchical.NodeTestTask.executeRecursively(NodeTestTask.java:122) ~[junit-platform-engine-1.5.0-RC2.jar:1.5.0-RC2]
	at org.junit.platform.engine.support.hierarchical.NodeTestTask.execute(NodeTestTask.java:80) ~[junit-platform-engine-1.5.0-RC2.jar:1.5.0-RC2]
	at java.util.ArrayList.forEach(ArrayList.java:1257) ~[?:1.8.0_211]
	at org.junit.platform.engine.support.hierarchical.SameThreadHierarchicalTestExecutorService.invokeAll(SameThreadHierarchicalTestExecutorService.java:38) ~[junit-platform-engine-1.5.0-RC2.jar:1.5.0-RC2]
	at org.junit.platform.engine.support.hierarchical.NodeTestTask.lambda$executeRecursively$5(NodeTestTask.java:139) ~[junit-platform-engine-1.5.0-RC2.jar:1.5.0-RC2]
	at org.junit.platform.engine.support.hierarchical.ThrowableCollector.execute(ThrowableCollector.java:73) ~[junit-platform-engine-1.5.0-RC2.jar:1.5.0-RC2]
	at org.junit.platform.engine.support.hierarchical.NodeTestTask.lambda$executeRecursively$7(NodeTestTask.java:125) ~[junit-platform-engine-1.5.0-RC2.jar:1.5.0-RC2]
	at org.junit.platform.engine.support.hierarchical.Node.around(Node.java:135) ~[junit-platform-engine-1.5.0-RC2.jar:1.5.0-RC2]
	at org.junit.platform.engine.support.hierarchical.NodeTestTask.lambda$executeRecursively$8(NodeTestTask.java:123) ~[junit-platform-engine-1.5.0-RC2.jar:1.5.0-RC2]
	at org.junit.platform.engine.support.hierarchical.ThrowableCollector.execute(ThrowableCollector.java:73) ~[junit-platform-engine-1.5.0-RC2.jar:1.5.0-RC2]
	at org.junit.platform.engine.support.hierarchical.NodeTestTask.executeRecursively(NodeTestTask.java:122) ~[junit-platform-engine-1.5.0-RC2.jar:1.5.0-RC2]
	at org.junit.platform.engine.support.hierarchical.NodeTestTask.execute(NodeTestTask.java:80) ~[junit-platform-engine-1.5.0-RC2.jar:1.5.0-RC2]
	at java.util.ArrayList.forEach(ArrayList.java:1257) ~[?:1.8.0_211]
	at org.junit.platform.engine.support.hierarchical.SameThreadHierarchicalTestExecutorService.invokeAll(SameThreadHierarchicalTestExecutorService.java:38) ~[junit-platform-engine-1.5.0-RC2.jar:1.5.0-RC2]
	at org.junit.platform.engine.support.hierarchical.NodeTestTask.lambda$executeRecursively$5(NodeTestTask.java:139) ~[junit-platform-engine-1.5.0-RC2.jar:1.5.0-RC2]
	at org.junit.platform.engine.support.hierarchical.ThrowableCollector.execute(ThrowableCollector.java:73) ~[junit-platform-engine-1.5.0-RC2.jar:1.5.0-RC2]
	at org.junit.platform.engine.support.hierarchical.NodeTestTask.lambda$executeRecursively$7(NodeTestTask.java:125) ~[junit-platform-engine-1.5.0-RC2.jar:1.5.0-RC2]
	at org.junit.platform.engine.support.hierarchical.Node.around(Node.java:135) ~[junit-platform-engine-1.5.0-RC2.jar:1.5.0-RC2]
	at org.junit.platform.engine.support.hierarchical.NodeTestTask.lambda$executeRecursively$8(NodeTestTask.java:123) ~[junit-platform-engine-1.5.0-RC2.jar:1.5.0-RC2]
	at org.junit.platform.engine.support.hierarchical.ThrowableCollector.execute(ThrowableCollector.java:73) ~[junit-platform-engine-1.5.0-RC2.jar:1.5.0-RC2]
	at org.junit.platform.engine.support.hierarchical.NodeTestTask.executeRecursively(NodeTestTask.java:122) ~[junit-platform-engine-1.5.0-RC2.jar:1.5.0-RC2]
	at org.junit.platform.engine.support.hierarchical.NodeTestTask.execute(NodeTestTask.java:80) ~[junit-platform-engine-1.5.0-RC2.jar:1.5.0-RC2]
	at org.junit.platform.engine.support.hierarchical.SameThreadHierarchicalTestExecutorService.submit(SameThreadHierarchicalTestExecutorService.java:32) ~[junit-platform-engine-1.5.0-RC2.jar:1.5.0-RC2]
	at org.junit.platform.engine.support.hierarchical.HierarchicalTestExecutor.execute(HierarchicalTestExecutor.java:57) ~[junit-platform-engine-1.5.0-RC2.jar:1.5.0-RC2]
	at org.junit.platform.engine.support.hierarchical.HierarchicalTestEngine.execute(HierarchicalTestEngine.java:51) ~[junit-platform-engine-1.5.0-RC2.jar:1.5.0-RC2]
	at org.junit.platform.launcher.core.DefaultLauncher.execute(DefaultLauncher.java:229) ~[junit-platform-launcher-1.5.0-RC2.jar:1.5.0-RC2]
	at org.junit.platform.launcher.core.DefaultLauncher.lambda$execute$6(DefaultLauncher.java:197) ~[junit-platform-launcher-1.5.0-RC2.jar:1.5.0-RC2]
	at org.junit.platform.launcher.core.DefaultLauncher.withInterceptedStreams(DefaultLauncher.java:211) [junit-platform-launcher-1.5.0-RC2.jar:1.5.0-RC2]
	at org.junit.platform.launcher.core.DefaultLauncher.execute(DefaultLauncher.java:191) [junit-platform-launcher-1.5.0-RC2.jar:1.5.0-RC2]
	at org.junit.platform.launcher.core.DefaultLauncher.execute(DefaultLauncher.java:128) [junit-platform-launcher-1.5.0-RC2.jar:1.5.0-RC2]
	at org.gradle.api.internal.tasks.testing.junitplatform.JUnitPlatformTestClassProcessor$CollectAllTestClassesExecutor.processAllTestClasses(JUnitPlatformTestClassProcessor.java:92) [gradle-testing-junit-platform-4.10.3.jar:4.10.3]
	at org.gradle.api.internal.tasks.testing.junitplatform.JUnitPlatformTestClassProcessor$CollectAllTestClassesExecutor.access$100(JUnitPlatformTestClassProcessor.java:77) [gradle-testing-junit-platform-4.10.3.jar:4.10.3]
	at org.gradle.api.internal.tasks.testing.junitplatform.JUnitPlatformTestClassProcessor.stop(JUnitPlatformTestClassProcessor.java:73) [gradle-testing-junit-platform-4.10.3.jar:4.10.3]
	at org.gradle.api.internal.tasks.testing.SuiteTestClassProcessor.stop(SuiteTestClassProcessor.java:61) [gradle-testing-base-4.10.3.jar:4.10.3]
	at sun.reflect.NativeMethodAccessorImpl.invoke0(Native Method) ~[?:1.8.0_211]
	at sun.reflect.NativeMethodAccessorImpl.invoke(NativeMethodAccessorImpl.java:62) ~[?:1.8.0_211]
	at sun.reflect.DelegatingMethodAccessorImpl.invoke(DelegatingMethodAccessorImpl.java:43) ~[?:1.8.0_211]
	at java.lang.reflect.Method.invoke(Method.java:498) ~[?:1.8.0_211]
	at org.gradle.internal.dispatch.ReflectionDispatch.dispatch(ReflectionDispatch.java:35) [gradle-messaging-4.10.3.jar:4.10.3]
	at org.gradle.internal.dispatch.ReflectionDispatch.dispatch(ReflectionDispatch.java:24) [gradle-messaging-4.10.3.jar:4.10.3]
	at org.gradle.internal.dispatch.ContextClassLoaderDispatch.dispatch(ContextClassLoaderDispatch.java:32) [gradle-messaging-4.10.3.jar:4.10.3]
	at org.gradle.internal.dispatch.ProxyDispatchAdapter$DispatchingInvocationHandler.invoke(ProxyDispatchAdapter.java:93) [gradle-messaging-4.10.3.jar:4.10.3]
	at com.sun.proxy.$Proxy2.stop(Unknown Source) [?:?]
	at org.gradle.api.internal.tasks.testing.worker.TestWorker.stop(TestWorker.java:131) [gradle-testing-base-4.10.3.jar:4.10.3]
	at sun.reflect.NativeMethodAccessorImpl.invoke0(Native Method) ~[?:1.8.0_211]
	at sun.reflect.NativeMethodAccessorImpl.invoke(NativeMethodAccessorImpl.java:62) ~[?:1.8.0_211]
	at sun.reflect.DelegatingMethodAccessorImpl.invoke(DelegatingMethodAccessorImpl.java:43) ~[?:1.8.0_211]
	at java.lang.reflect.Method.invoke(Method.java:498) ~[?:1.8.0_211]
	at org.gradle.internal.dispatch.ReflectionDispatch.dispatch(ReflectionDispatch.java:35) [gradle-messaging-4.10.3.jar:4.10.3]
	at org.gradle.internal.dispatch.ReflectionDispatch.dispatch(ReflectionDispatch.java:24) [gradle-messaging-4.10.3.jar:4.10.3]
	at org.gradle.internal.remote.internal.hub.MessageHubBackedObjectConnection$DispatchWrapper.dispatch(MessageHubBackedObjectConnection.java:155) [gradle-messaging-4.10.3.jar:4.10.3]
	at org.gradle.internal.remote.internal.hub.MessageHubBackedObjectConnection$DispatchWrapper.dispatch(MessageHubBackedObjectConnection.java:137) [gradle-messaging-4.10.3.jar:4.10.3]
	at org.gradle.internal.remote.internal.hub.MessageHub$Handler.run(MessageHub.java:404) [gradle-messaging-4.10.3.jar:4.10.3]
	at org.gradle.internal.concurrent.ExecutorPolicy$CatchAndRecordFailures.onExecute(ExecutorPolicy.java:63) [gradle-base-services-4.10.3.jar:4.10.3]
	at org.gradle.internal.concurrent.ManagedExecutorImpl$1.run(ManagedExecutorImpl.java:46) [gradle-base-services-4.10.3.jar:4.10.3]
	at java.util.concurrent.ThreadPoolExecutor.runWorker(ThreadPoolExecutor.java:1149) [?:1.8.0_211]
	at java.util.concurrent.ThreadPoolExecutor$Worker.run(ThreadPoolExecutor.java:624) [?:1.8.0_211]
	at org.gradle.internal.concurrent.ThreadFactoryImpl$ManagedThreadRunnable.run(ThreadFactoryImpl.java:55) [gradle-base-services-4.10.3.jar:4.10.3]
	at java.lang.Thread.run(Thread.java:748) [?:1.8.0_211]
22:40:37.392 [Test worker] WARN  o.s.t.c.TestContextManager - Caught exception while invoking 'beforeTestMethod' callback on TestExecutionListener [org.springframework.test.context.transaction.TransactionalTestExecutionListener@6a06ddba] for test method [void org.springframework.test.context.junit.jupiter.FailingBeforeAndAfterMethodsSpringExtensionTests$FailingBeforeTransactionTestCase.testNothing()] and test instance [org.springframework.test.context.junit.jupiter.FailingBeforeAndAfterMethodsSpringExtensionTests$FailingBeforeTransactionTestCase@26911d25]
java.lang.AssertionError: always failing beforeTransaction()
	at org.springframework.test.context.junit.jupiter.FailingBeforeAndAfterMethodsSpringExtensionTests$FailingBeforeTransactionTestCase.beforeTransaction(FailingBeforeAndAfterMethodsSpringExtensionTests.java:227) ~[test/:?]
	at sun.reflect.NativeMethodAccessorImpl.invoke0(Native Method) ~[?:1.8.0_211]
	at sun.reflect.NativeMethodAccessorImpl.invoke(NativeMethodAccessorImpl.java:62) ~[?:1.8.0_211]
	at sun.reflect.DelegatingMethodAccessorImpl.invoke(DelegatingMethodAccessorImpl.java:43) ~[?:1.8.0_211]
	at java.lang.reflect.Method.invoke(Method.java:498) ~[?:1.8.0_211]
	at org.springframework.test.context.transaction.TransactionalTestExecutionListener.runBeforeTransactionMethods(TransactionalTestExecutionListener.java:256) ~[main/:?]
	at org.springframework.test.context.transaction.TransactionalTestExecutionListener.beforeTestMethod(TransactionalTestExecutionListener.java:205) ~[main/:?]
	at org.springframework.test.context.TestContextManager.beforeTestMethod(TestContextManager.java:289) ~[main/:?]
	at org.springframework.test.context.junit.jupiter.SpringExtension.beforeEach(SpringExtension.java:108) ~[main/:?]
	at org.junit.jupiter.engine.descriptor.TestMethodTestDescriptor.lambda$invokeBeforeEachCallbacks$1(TestMethodTestDescriptor.java:151) ~[junit-jupiter-engine-5.5.0-RC2.jar:5.5.0-RC2]
	at org.junit.jupiter.engine.descriptor.TestMethodTestDescriptor.lambda$invokeBeforeMethodsOrCallbacksUntilExceptionOccurs$5(TestMethodTestDescriptor.java:187) ~[junit-jupiter-engine-5.5.0-RC2.jar:5.5.0-RC2]
	at org.junit.platform.engine.support.hierarchical.ThrowableCollector.execute(ThrowableCollector.java:73) ~[junit-platform-engine-1.5.0-RC2.jar:1.5.0-RC2]
	at org.junit.jupiter.engine.descriptor.TestMethodTestDescriptor.invokeBeforeMethodsOrCallbacksUntilExceptionOccurs(TestMethodTestDescriptor.java:187) ~[junit-jupiter-engine-5.5.0-RC2.jar:5.5.0-RC2]
	at org.junit.jupiter.engine.descriptor.TestMethodTestDescriptor.invokeBeforeEachCallbacks(TestMethodTestDescriptor.java:150) ~[junit-jupiter-engine-5.5.0-RC2.jar:5.5.0-RC2]
	at org.junit.jupiter.engine.descriptor.TestMethodTestDescriptor.execute(TestMethodTestDescriptor.java:129) ~[junit-jupiter-engine-5.5.0-RC2.jar:5.5.0-RC2]
	at org.junit.jupiter.engine.descriptor.TestMethodTestDescriptor.execute(TestMethodTestDescriptor.java:69) ~[junit-jupiter-engine-5.5.0-RC2.jar:5.5.0-RC2]
	at org.junit.platform.engine.support.hierarchical.NodeTestTask.lambda$executeRecursively$5(NodeTestTask.java:135) ~[junit-platform-engine-1.5.0-RC2.jar:1.5.0-RC2]
	at org.junit.platform.engine.support.hierarchical.ThrowableCollector.execute(ThrowableCollector.java:73) ~[junit-platform-engine-1.5.0-RC2.jar:1.5.0-RC2]
	at org.junit.platform.engine.support.hierarchical.NodeTestTask.lambda$executeRecursively$7(NodeTestTask.java:125) ~[junit-platform-engine-1.5.0-RC2.jar:1.5.0-RC2]
	at org.junit.platform.engine.support.hierarchical.Node.around(Node.java:135) ~[junit-platform-engine-1.5.0-RC2.jar:1.5.0-RC2]
	at org.junit.platform.engine.support.hierarchical.NodeTestTask.lambda$executeRecursively$8(NodeTestTask.java:123) ~[junit-platform-engine-1.5.0-RC2.jar:1.5.0-RC2]
	at org.junit.platform.engine.support.hierarchical.ThrowableCollector.execute(ThrowableCollector.java:73) ~[junit-platform-engine-1.5.0-RC2.jar:1.5.0-RC2]
	at org.junit.platform.engine.support.hierarchical.NodeTestTask.executeRecursively(NodeTestTask.java:122) ~[junit-platform-engine-1.5.0-RC2.jar:1.5.0-RC2]
	at org.junit.platform.engine.support.hierarchical.NodeTestTask.execute(NodeTestTask.java:80) ~[junit-platform-engine-1.5.0-RC2.jar:1.5.0-RC2]
	at java.util.ArrayList.forEach(ArrayList.java:1257) ~[?:1.8.0_211]
	at org.junit.platform.engine.support.hierarchical.SameThreadHierarchicalTestExecutorService.invokeAll(SameThreadHierarchicalTestExecutorService.java:38) ~[junit-platform-engine-1.5.0-RC2.jar:1.5.0-RC2]
	at org.junit.platform.engine.support.hierarchical.NodeTestTask.lambda$executeRecursively$5(NodeTestTask.java:139) ~[junit-platform-engine-1.5.0-RC2.jar:1.5.0-RC2]
	at org.junit.platform.engine.support.hierarchical.ThrowableCollector.execute(ThrowableCollector.java:73) ~[junit-platform-engine-1.5.0-RC2.jar:1.5.0-RC2]
	at org.junit.platform.engine.support.hierarchical.NodeTestTask.lambda$executeRecursively$7(NodeTestTask.java:125) ~[junit-platform-engine-1.5.0-RC2.jar:1.5.0-RC2]
	at org.junit.platform.engine.support.hierarchical.Node.around(Node.java:135) ~[junit-platform-engine-1.5.0-RC2.jar:1.5.0-RC2]
	at org.junit.platform.engine.support.hierarchical.NodeTestTask.lambda$executeRecursively$8(NodeTestTask.java:123) ~[junit-platform-engine-1.5.0-RC2.jar:1.5.0-RC2]
	at org.junit.platform.engine.support.hierarchical.ThrowableCollector.execute(ThrowableCollector.java:73) ~[junit-platform-engine-1.5.0-RC2.jar:1.5.0-RC2]
	at org.junit.platform.engine.support.hierarchical.NodeTestTask.executeRecursively(NodeTestTask.java:122) ~[junit-platform-engine-1.5.0-RC2.jar:1.5.0-RC2]
	at org.junit.platform.engine.support.hierarchical.NodeTestTask.execute(NodeTestTask.java:80) ~[junit-platform-engine-1.5.0-RC2.jar:1.5.0-RC2]
	at java.util.ArrayList.forEach(ArrayList.java:1257) ~[?:1.8.0_211]
	at org.junit.platform.engine.support.hierarchical.SameThreadHierarchicalTestExecutorService.invokeAll(SameThreadHierarchicalTestExecutorService.java:38) ~[junit-platform-engine-1.5.0-RC2.jar:1.5.0-RC2]
	at org.junit.platform.engine.support.hierarchical.NodeTestTask.lambda$executeRecursively$5(NodeTestTask.java:139) ~[junit-platform-engine-1.5.0-RC2.jar:1.5.0-RC2]
	at org.junit.platform.engine.support.hierarchical.ThrowableCollector.execute(ThrowableCollector.java:73) ~[junit-platform-engine-1.5.0-RC2.jar:1.5.0-RC2]
	at org.junit.platform.engine.support.hierarchical.NodeTestTask.lambda$executeRecursively$7(NodeTestTask.java:125) ~[junit-platform-engine-1.5.0-RC2.jar:1.5.0-RC2]
	at org.junit.platform.engine.support.hierarchical.Node.around(Node.java:135) ~[junit-platform-engine-1.5.0-RC2.jar:1.5.0-RC2]
	at org.junit.platform.engine.support.hierarchical.NodeTestTask.lambda$executeRecursively$8(NodeTestTask.java:123) ~[junit-platform-engine-1.5.0-RC2.jar:1.5.0-RC2]
	at org.junit.platform.engine.support.hierarchical.ThrowableCollector.execute(ThrowableCollector.java:73) ~[junit-platform-engine-1.5.0-RC2.jar:1.5.0-RC2]
	at org.junit.platform.engine.support.hierarchical.NodeTestTask.executeRecursively(NodeTestTask.java:122) ~[junit-platform-engine-1.5.0-RC2.jar:1.5.0-RC2]
	at org.junit.platform.engine.support.hierarchical.NodeTestTask.execute(NodeTestTask.java:80) ~[junit-platform-engine-1.5.0-RC2.jar:1.5.0-RC2]
	at org.junit.platform.engine.support.hierarchical.SameThreadHierarchicalTestExecutorService.submit(SameThreadHierarchicalTestExecutorService.java:32) ~[junit-platform-engine-1.5.0-RC2.jar:1.5.0-RC2]
	at org.junit.platform.engine.support.hierarchical.HierarchicalTestExecutor.execute(HierarchicalTestExecutor.java:57) ~[junit-platform-engine-1.5.0-RC2.jar:1.5.0-RC2]
	at org.junit.platform.engine.support.hierarchical.HierarchicalTestEngine.execute(HierarchicalTestEngine.java:51) ~[junit-platform-engine-1.5.0-RC2.jar:1.5.0-RC2]
	at org.junit.platform.testkit.engine.EngineTestKit.execute(EngineTestKit.java:189) ~[junit-platform-testkit-1.5.0-RC2.jar:1.5.0-RC2]
	at org.junit.platform.testkit.engine.EngineTestKit.access$100(EngineTestKit.java:54) ~[junit-platform-testkit-1.5.0-RC2.jar:1.5.0-RC2]
	at org.junit.platform.testkit.engine.EngineTestKit$Builder.execute(EngineTestKit.java:343) ~[junit-platform-testkit-1.5.0-RC2.jar:1.5.0-RC2]
	at org.springframework.test.context.junit.jupiter.FailingBeforeAndAfterMethodsSpringExtensionTests.failingBeforeAndAfterCallbacks(FailingBeforeAndAfterMethodsSpringExtensionTests.java:84) ~[test/:?]
	at sun.reflect.NativeMethodAccessorImpl.invoke0(Native Method) ~[?:1.8.0_211]
	at sun.reflect.NativeMethodAccessorImpl.invoke(NativeMethodAccessorImpl.java:62) ~[?:1.8.0_211]
	at sun.reflect.DelegatingMethodAccessorImpl.invoke(DelegatingMethodAccessorImpl.java:43) ~[?:1.8.0_211]
	at java.lang.reflect.Method.invoke(Method.java:498) ~[?:1.8.0_211]
	at org.junit.platform.commons.util.ReflectionUtils.invokeMethod(ReflectionUtils.java:675) ~[junit-platform-commons-1.5.0-RC2.jar:1.5.0-RC2]
	at org.junit.jupiter.engine.execution.MethodInvocation.proceed(MethodInvocation.java:60) ~[junit-jupiter-engine-5.5.0-RC2.jar:5.5.0-RC2]
	at org.junit.jupiter.engine.execution.InvocationInterceptorChain$ValidatingInvocation.proceed(InvocationInterceptorChain.java:125) ~[junit-jupiter-engine-5.5.0-RC2.jar:5.5.0-RC2]
	at org.junit.jupiter.engine.extension.TimeoutExtension.intercept(TimeoutExtension.java:132) ~[junit-jupiter-engine-5.5.0-RC2.jar:5.5.0-RC2]
	at org.junit.jupiter.engine.extension.TimeoutExtension.interceptTestableMethod(TimeoutExtension.java:124) ~[junit-jupiter-engine-5.5.0-RC2.jar:5.5.0-RC2]
	at org.junit.jupiter.engine.extension.TimeoutExtension.interceptTestTemplateMethod(TimeoutExtension.java:81) ~[junit-jupiter-engine-5.5.0-RC2.jar:5.5.0-RC2]
	at org.junit.jupiter.engine.execution.ExecutableInvoker$ReflectiveInterceptorCall.lambda$ofVoidMethod$0(ExecutableInvoker.java:115) ~[junit-jupiter-engine-5.5.0-RC2.jar:5.5.0-RC2]
	at org.junit.jupiter.engine.execution.ExecutableInvoker.lambda$invoke$0(ExecutableInvoker.java:105) ~[junit-jupiter-engine-5.5.0-RC2.jar:5.5.0-RC2]
	at org.junit.jupiter.engine.execution.InvocationInterceptorChain$InterceptedInvocation.proceed(InvocationInterceptorChain.java:104) ~[junit-jupiter-engine-5.5.0-RC2.jar:5.5.0-RC2]
	at org.junit.jupiter.engine.execution.InvocationInterceptorChain.proceed(InvocationInterceptorChain.java:62) ~[junit-jupiter-engine-5.5.0-RC2.jar:5.5.0-RC2]
	at org.junit.jupiter.engine.execution.InvocationInterceptorChain.chainAndInvoke(InvocationInterceptorChain.java:43) ~[junit-jupiter-engine-5.5.0-RC2.jar:5.5.0-RC2]
	at org.junit.jupiter.engine.execution.InvocationInterceptorChain.invoke(InvocationInterceptorChain.java:35) ~[junit-jupiter-engine-5.5.0-RC2.jar:5.5.0-RC2]
	at org.junit.jupiter.engine.execution.ExecutableInvoker.invoke(ExecutableInvoker.java:104) ~[junit-jupiter-engine-5.5.0-RC2.jar:5.5.0-RC2]
	at org.junit.jupiter.engine.execution.ExecutableInvoker.invoke(ExecutableInvoker.java:98) ~[junit-jupiter-engine-5.5.0-RC2.jar:5.5.0-RC2]
	at org.junit.jupiter.engine.descriptor.TestMethodTestDescriptor.lambda$invokeTestMethod$6(TestMethodTestDescriptor.java:202) ~[junit-jupiter-engine-5.5.0-RC2.jar:5.5.0-RC2]
	at org.junit.platform.engine.support.hierarchical.ThrowableCollector.execute(ThrowableCollector.java:73) ~[junit-platform-engine-1.5.0-RC2.jar:1.5.0-RC2]
	at org.junit.jupiter.engine.descriptor.TestMethodTestDescriptor.invokeTestMethod(TestMethodTestDescriptor.java:198) ~[junit-jupiter-engine-5.5.0-RC2.jar:5.5.0-RC2]
	at org.junit.jupiter.engine.descriptor.TestMethodTestDescriptor.execute(TestMethodTestDescriptor.java:135) ~[junit-jupiter-engine-5.5.0-RC2.jar:5.5.0-RC2]
	at org.junit.jupiter.engine.descriptor.TestMethodTestDescriptor.execute(TestMethodTestDescriptor.java:69) ~[junit-jupiter-engine-5.5.0-RC2.jar:5.5.0-RC2]
	at org.junit.platform.engine.support.hierarchical.NodeTestTask.lambda$executeRecursively$5(NodeTestTask.java:135) ~[junit-platform-engine-1.5.0-RC2.jar:1.5.0-RC2]
	at org.junit.platform.engine.support.hierarchical.ThrowableCollector.execute(ThrowableCollector.java:73) ~[junit-platform-engine-1.5.0-RC2.jar:1.5.0-RC2]
	at org.junit.platform.engine.support.hierarchical.NodeTestTask.lambda$executeRecursively$7(NodeTestTask.java:125) ~[junit-platform-engine-1.5.0-RC2.jar:1.5.0-RC2]
	at org.junit.platform.engine.support.hierarchical.Node.around(Node.java:135) ~[junit-platform-engine-1.5.0-RC2.jar:1.5.0-RC2]
	at org.junit.platform.engine.support.hierarchical.NodeTestTask.lambda$executeRecursively$8(NodeTestTask.java:123) ~[junit-platform-engine-1.5.0-RC2.jar:1.5.0-RC2]
	at org.junit.platform.engine.support.hierarchical.ThrowableCollector.execute(ThrowableCollector.java:73) ~[junit-platform-engine-1.5.0-RC2.jar:1.5.0-RC2]
	at org.junit.platform.engine.support.hierarchical.NodeTestTask.executeRecursively(NodeTestTask.java:122) ~[junit-platform-engine-1.5.0-RC2.jar:1.5.0-RC2]
	at org.junit.platform.engine.support.hierarchical.NodeTestTask.execute(NodeTestTask.java:80) ~[junit-platform-engine-1.5.0-RC2.jar:1.5.0-RC2]
	at org.junit.platform.engine.support.hierarchical.SameThreadHierarchicalTestExecutorService.submit(SameThreadHierarchicalTestExecutorService.java:32) ~[junit-platform-engine-1.5.0-RC2.jar:1.5.0-RC2]
	at org.junit.platform.engine.support.hierarchical.NodeTestTask$DefaultDynamicTestExecutor.execute(NodeTestTask.java:198) ~[junit-platform-engine-1.5.0-RC2.jar:1.5.0-RC2]
	at org.junit.jupiter.engine.descriptor.TestTemplateTestDescriptor.execute(TestTemplateTestDescriptor.java:138) ~[junit-jupiter-engine-5.5.0-RC2.jar:5.5.0-RC2]
	at org.junit.jupiter.engine.descriptor.TestTemplateTestDescriptor.lambda$execute$2(TestTemplateTestDescriptor.java:106) ~[junit-jupiter-engine-5.5.0-RC2.jar:5.5.0-RC2]
	at java.util.stream.ForEachOps$ForEachOp$OfRef.accept(ForEachOps.java:184) ~[?:1.8.0_211]
	at java.util.stream.ReferencePipeline$3$1.accept(ReferencePipeline.java:193) ~[?:1.8.0_211]
	at java.util.stream.ReferencePipeline$2$1.accept(ReferencePipeline.java:175) ~[?:1.8.0_211]
	at java.util.stream.ReferencePipeline$3$1.accept(ReferencePipeline.java:193) ~[?:1.8.0_211]
	at java.util.stream.ForEachOps$ForEachOp$OfRef.accept(ForEachOps.java:184) ~[?:1.8.0_211]
	at java.util.stream.ReferencePipeline$11$1.accept(ReferencePipeline.java:373) ~[?:1.8.0_211]
	at java.util.stream.ReferencePipeline$3$1.accept(ReferencePipeline.java:193) ~[?:1.8.0_211]
	at java.util.stream.ReferencePipeline$3$1.accept(ReferencePipeline.java:193) ~[?:1.8.0_211]
	at java.util.stream.ReferencePipeline$3$1.accept(ReferencePipeline.java:193) ~[?:1.8.0_211]
	at java.util.stream.ForEachOps$ForEachOp$OfRef.accept(ForEachOps.java:184) ~[?:1.8.0_211]
	at java.util.stream.ReferencePipeline$3$1.accept(ReferencePipeline.java:193) ~[?:1.8.0_211]
	at java.util.Spliterators$ArraySpliterator.forEachRemaining(Spliterators.java:948) ~[?:1.8.0_211]
	at java.util.stream.AbstractPipeline.copyInto(AbstractPipeline.java:481) ~[?:1.8.0_211]
	at java.util.stream.AbstractPipeline.wrapAndCopyInto(AbstractPipeline.java:471) ~[?:1.8.0_211]
	at java.util.stream.ForEachOps$ForEachOp.evaluateSequential(ForEachOps.java:151) ~[?:1.8.0_211]
	at java.util.stream.ForEachOps$ForEachOp$OfRef.evaluateSequential(ForEachOps.java:174) ~[?:1.8.0_211]
	at java.util.stream.AbstractPipeline.evaluate(AbstractPipeline.java:234) ~[?:1.8.0_211]
	at java.util.stream.ReferencePipeline.forEach(ReferencePipeline.java:418) ~[?:1.8.0_211]
	at java.util.stream.ReferencePipeline$7$1.accept(ReferencePipeline.java:270) ~[?:1.8.0_211]
	at java.util.stream.ReferencePipeline$3$1.accept(ReferencePipeline.java:193) ~[?:1.8.0_211]
	at java.util.stream.ReferencePipeline$3$1.accept(ReferencePipeline.java:193) ~[?:1.8.0_211]
	at java.util.stream.ReferencePipeline$3$1.accept(ReferencePipeline.java:193) ~[?:1.8.0_211]
	at java.util.ArrayList$ArrayListSpliterator.forEachRemaining(ArrayList.java:1382) ~[?:1.8.0_211]
	at java.util.stream.AbstractPipeline.copyInto(AbstractPipeline.java:481) ~[?:1.8.0_211]
	at java.util.stream.AbstractPipeline.wrapAndCopyInto(AbstractPipeline.java:471) ~[?:1.8.0_211]
	at java.util.stream.ForEachOps$ForEachOp.evaluateSequential(ForEachOps.java:151) ~[?:1.8.0_211]
	at java.util.stream.ForEachOps$ForEachOp$OfRef.evaluateSequential(ForEachOps.java:174) ~[?:1.8.0_211]
	at java.util.stream.AbstractPipeline.evaluate(AbstractPipeline.java:234) ~[?:1.8.0_211]
	at java.util.stream.ReferencePipeline.forEach(ReferencePipeline.java:418) ~[?:1.8.0_211]
	at java.util.stream.ReferencePipeline$7$1.accept(ReferencePipeline.java:270) ~[?:1.8.0_211]
	at java.util.ArrayList$ArrayListSpliterator.forEachRemaining(ArrayList.java:1382) ~[?:1.8.0_211]
	at java.util.stream.AbstractPipeline.copyInto(AbstractPipeline.java:481) ~[?:1.8.0_211]
	at java.util.stream.AbstractPipeline.wrapAndCopyInto(AbstractPipeline.java:471) ~[?:1.8.0_211]
	at java.util.stream.ForEachOps$ForEachOp.evaluateSequential(ForEachOps.java:151) ~[?:1.8.0_211]
	at java.util.stream.ForEachOps$ForEachOp$OfRef.evaluateSequential(ForEachOps.java:174) ~[?:1.8.0_211]
	at java.util.stream.AbstractPipeline.evaluate(AbstractPipeline.java:234) ~[?:1.8.0_211]
	at java.util.stream.ReferencePipeline.forEach(ReferencePipeline.java:418) ~[?:1.8.0_211]
	at org.junit.jupiter.engine.descriptor.TestTemplateTestDescriptor.execute(TestTemplateTestDescriptor.java:106) ~[junit-jupiter-engine-5.5.0-RC2.jar:5.5.0-RC2]
	at org.junit.jupiter.engine.descriptor.TestTemplateTestDescriptor.execute(TestTemplateTestDescriptor.java:41) ~[junit-jupiter-engine-5.5.0-RC2.jar:5.5.0-RC2]
	at org.junit.platform.engine.support.hierarchical.NodeTestTask.lambda$executeRecursively$5(NodeTestTask.java:135) ~[junit-platform-engine-1.5.0-RC2.jar:1.5.0-RC2]
	at org.junit.platform.engine.support.hierarchical.ThrowableCollector.execute(ThrowableCollector.java:73) ~[junit-platform-engine-1.5.0-RC2.jar:1.5.0-RC2]
	at org.junit.platform.engine.support.hierarchical.NodeTestTask.lambda$executeRecursively$7(NodeTestTask.java:125) ~[junit-platform-engine-1.5.0-RC2.jar:1.5.0-RC2]
	at org.junit.platform.engine.support.hierarchical.Node.around(Node.java:135) ~[junit-platform-engine-1.5.0-RC2.jar:1.5.0-RC2]
	at org.junit.platform.engine.support.hierarchical.NodeTestTask.lambda$executeRecursively$8(NodeTestTask.java:123) ~[junit-platform-engine-1.5.0-RC2.jar:1.5.0-RC2]
	at org.junit.platform.engine.support.hierarchical.ThrowableCollector.execute(ThrowableCollector.java:73) ~[junit-platform-engine-1.5.0-RC2.jar:1.5.0-RC2]
	at org.junit.platform.engine.support.hierarchical.NodeTestTask.executeRecursively(NodeTestTask.java:122) ~[junit-platform-engine-1.5.0-RC2.jar:1.5.0-RC2]
	at org.junit.platform.engine.support.hierarchical.NodeTestTask.execute(NodeTestTask.java:80) ~[junit-platform-engine-1.5.0-RC2.jar:1.5.0-RC2]
	at java.util.ArrayList.forEach(ArrayList.java:1257) ~[?:1.8.0_211]
	at org.junit.platform.engine.support.hierarchical.SameThreadHierarchicalTestExecutorService.invokeAll(SameThreadHierarchicalTestExecutorService.java:38) ~[junit-platform-engine-1.5.0-RC2.jar:1.5.0-RC2]
	at org.junit.platform.engine.support.hierarchical.NodeTestTask.lambda$executeRecursively$5(NodeTestTask.java:139) ~[junit-platform-engine-1.5.0-RC2.jar:1.5.0-RC2]
	at org.junit.platform.engine.support.hierarchical.ThrowableCollector.execute(ThrowableCollector.java:73) ~[junit-platform-engine-1.5.0-RC2.jar:1.5.0-RC2]
	at org.junit.platform.engine.support.hierarchical.NodeTestTask.lambda$executeRecursively$7(NodeTestTask.java:125) ~[junit-platform-engine-1.5.0-RC2.jar:1.5.0-RC2]
	at org.junit.platform.engine.support.hierarchical.Node.around(Node.java:135) ~[junit-platform-engine-1.5.0-RC2.jar:1.5.0-RC2]
	at org.junit.platform.engine.support.hierarchical.NodeTestTask.lambda$executeRecursively$8(NodeTestTask.java:123) ~[junit-platform-engine-1.5.0-RC2.jar:1.5.0-RC2]
	at org.junit.platform.engine.support.hierarchical.ThrowableCollector.execute(ThrowableCollector.java:73) ~[junit-platform-engine-1.5.0-RC2.jar:1.5.0-RC2]
	at org.junit.platform.engine.support.hierarchical.NodeTestTask.executeRecursively(NodeTestTask.java:122) ~[junit-platform-engine-1.5.0-RC2.jar:1.5.0-RC2]
	at org.junit.platform.engine.support.hierarchical.NodeTestTask.execute(NodeTestTask.java:80) ~[junit-platform-engine-1.5.0-RC2.jar:1.5.0-RC2]
	at java.util.ArrayList.forEach(ArrayList.java:1257) ~[?:1.8.0_211]
	at org.junit.platform.engine.support.hierarchical.SameThreadHierarchicalTestExecutorService.invokeAll(SameThreadHierarchicalTestExecutorService.java:38) ~[junit-platform-engine-1.5.0-RC2.jar:1.5.0-RC2]
	at org.junit.platform.engine.support.hierarchical.NodeTestTask.lambda$executeRecursively$5(NodeTestTask.java:139) ~[junit-platform-engine-1.5.0-RC2.jar:1.5.0-RC2]
	at org.junit.platform.engine.support.hierarchical.ThrowableCollector.execute(ThrowableCollector.java:73) ~[junit-platform-engine-1.5.0-RC2.jar:1.5.0-RC2]
	at org.junit.platform.engine.support.hierarchical.NodeTestTask.lambda$executeRecursively$7(NodeTestTask.java:125) ~[junit-platform-engine-1.5.0-RC2.jar:1.5.0-RC2]
	at org.junit.platform.engine.support.hierarchical.Node.around(Node.java:135) ~[junit-platform-engine-1.5.0-RC2.jar:1.5.0-RC2]
	at org.junit.platform.engine.support.hierarchical.NodeTestTask.lambda$executeRecursively$8(NodeTestTask.java:123) ~[junit-platform-engine-1.5.0-RC2.jar:1.5.0-RC2]
	at org.junit.platform.engine.support.hierarchical.ThrowableCollector.execute(ThrowableCollector.java:73) ~[junit-platform-engine-1.5.0-RC2.jar:1.5.0-RC2]
	at org.junit.platform.engine.support.hierarchical.NodeTestTask.executeRecursively(NodeTestTask.java:122) ~[junit-platform-engine-1.5.0-RC2.jar:1.5.0-RC2]
	at org.junit.platform.engine.support.hierarchical.NodeTestTask.execute(NodeTestTask.java:80) ~[junit-platform-engine-1.5.0-RC2.jar:1.5.0-RC2]
	at org.junit.platform.engine.support.hierarchical.SameThreadHierarchicalTestExecutorService.submit(SameThreadHierarchicalTestExecutorService.java:32) ~[junit-platform-engine-1.5.0-RC2.jar:1.5.0-RC2]
	at org.junit.platform.engine.support.hierarchical.HierarchicalTestExecutor.execute(HierarchicalTestExecutor.java:57) ~[junit-platform-engine-1.5.0-RC2.jar:1.5.0-RC2]
	at org.junit.platform.engine.support.hierarchical.HierarchicalTestEngine.execute(HierarchicalTestEngine.java:51) ~[junit-platform-engine-1.5.0-RC2.jar:1.5.0-RC2]
	at org.junit.platform.launcher.core.DefaultLauncher.execute(DefaultLauncher.java:229) ~[junit-platform-launcher-1.5.0-RC2.jar:1.5.0-RC2]
	at org.junit.platform.launcher.core.DefaultLauncher.lambda$execute$6(DefaultLauncher.java:197) ~[junit-platform-launcher-1.5.0-RC2.jar:1.5.0-RC2]
	at org.junit.platform.launcher.core.DefaultLauncher.withInterceptedStreams(DefaultLauncher.java:211) [junit-platform-launcher-1.5.0-RC2.jar:1.5.0-RC2]
	at org.junit.platform.launcher.core.DefaultLauncher.execute(DefaultLauncher.java:191) [junit-platform-launcher-1.5.0-RC2.jar:1.5.0-RC2]
	at org.junit.platform.launcher.core.DefaultLauncher.execute(DefaultLauncher.java:128) [junit-platform-launcher-1.5.0-RC2.jar:1.5.0-RC2]
	at org.gradle.api.internal.tasks.testing.junitplatform.JUnitPlatformTestClassProcessor$CollectAllTestClassesExecutor.processAllTestClasses(JUnitPlatformTestClassProcessor.java:92) [gradle-testing-junit-platform-4.10.3.jar:4.10.3]
	at org.gradle.api.internal.tasks.testing.junitplatform.JUnitPlatformTestClassProcessor$CollectAllTestClassesExecutor.access$100(JUnitPlatformTestClassProcessor.java:77) [gradle-testing-junit-platform-4.10.3.jar:4.10.3]
	at org.gradle.api.internal.tasks.testing.junitplatform.JUnitPlatformTestClassProcessor.stop(JUnitPlatformTestClassProcessor.java:73) [gradle-testing-junit-platform-4.10.3.jar:4.10.3]
	at org.gradle.api.internal.tasks.testing.SuiteTestClassProcessor.stop(SuiteTestClassProcessor.java:61) [gradle-testing-base-4.10.3.jar:4.10.3]
	at sun.reflect.NativeMethodAccessorImpl.invoke0(Native Method) ~[?:1.8.0_211]
	at sun.reflect.NativeMethodAccessorImpl.invoke(NativeMethodAccessorImpl.java:62) ~[?:1.8.0_211]
	at sun.reflect.DelegatingMethodAccessorImpl.invoke(DelegatingMethodAccessorImpl.java:43) ~[?:1.8.0_211]
	at java.lang.reflect.Method.invoke(Method.java:498) ~[?:1.8.0_211]
	at org.gradle.internal.dispatch.ReflectionDispatch.dispatch(ReflectionDispatch.java:35) [gradle-messaging-4.10.3.jar:4.10.3]
	at org.gradle.internal.dispatch.ReflectionDispatch.dispatch(ReflectionDispatch.java:24) [gradle-messaging-4.10.3.jar:4.10.3]
	at org.gradle.internal.dispatch.ContextClassLoaderDispatch.dispatch(ContextClassLoaderDispatch.java:32) [gradle-messaging-4.10.3.jar:4.10.3]
	at org.gradle.internal.dispatch.ProxyDispatchAdapter$DispatchingInvocationHandler.invoke(ProxyDispatchAdapter.java:93) [gradle-messaging-4.10.3.jar:4.10.3]
	at com.sun.proxy.$Proxy2.stop(Unknown Source) [?:?]
	at org.gradle.api.internal.tasks.testing.worker.TestWorker.stop(TestWorker.java:131) [gradle-testing-base-4.10.3.jar:4.10.3]
	at sun.reflect.NativeMethodAccessorImpl.invoke0(Native Method) ~[?:1.8.0_211]
	at sun.reflect.NativeMethodAccessorImpl.invoke(NativeMethodAccessorImpl.java:62) ~[?:1.8.0_211]
	at sun.reflect.DelegatingMethodAccessorImpl.invoke(DelegatingMethodAccessorImpl.java:43) ~[?:1.8.0_211]
	at java.lang.reflect.Method.invoke(Method.java:498) ~[?:1.8.0_211]
	at org.gradle.internal.dispatch.ReflectionDispatch.dispatch(ReflectionDispatch.java:35) [gradle-messaging-4.10.3.jar:4.10.3]
	at org.gradle.internal.dispatch.ReflectionDispatch.dispatch(ReflectionDispatch.java:24) [gradle-messaging-4.10.3.jar:4.10.3]
	at org.gradle.internal.remote.internal.hub.MessageHubBackedObjectConnection$DispatchWrapper.dispatch(MessageHubBackedObjectConnection.java:155) [gradle-messaging-4.10.3.jar:4.10.3]
	at org.gradle.internal.remote.internal.hub.MessageHubBackedObjectConnection$DispatchWrapper.dispatch(MessageHubBackedObjectConnection.java:137) [gradle-messaging-4.10.3.jar:4.10.3]
	at org.gradle.internal.remote.internal.hub.MessageHub$Handler.run(MessageHub.java:404) [gradle-messaging-4.10.3.jar:4.10.3]
	at org.gradle.internal.concurrent.ExecutorPolicy$CatchAndRecordFailures.onExecute(ExecutorPolicy.java:63) [gradle-base-services-4.10.3.jar:4.10.3]
	at org.gradle.internal.concurrent.ManagedExecutorImpl$1.run(ManagedExecutorImpl.java:46) [gradle-base-services-4.10.3.jar:4.10.3]
	at java.util.concurrent.ThreadPoolExecutor.runWorker(ThreadPoolExecutor.java:1149) [?:1.8.0_211]
	at java.util.concurrent.ThreadPoolExecutor$Worker.run(ThreadPoolExecutor.java:624) [?:1.8.0_211]
	at org.gradle.internal.concurrent.ThreadFactoryImpl$ManagedThreadRunnable.run(ThreadFactoryImpl.java:55) [gradle-base-services-4.10.3.jar:4.10.3]
	at java.lang.Thread.run(Thread.java:748) [?:1.8.0_211]
22:40:37.399 [Test worker] ERROR o.s.t.c.t.TransactionalTestExecutionListener - Exception encountered while executing @AfterTransaction method [void org.springframework.test.context.junit.jupiter.FailingBeforeAndAfterMethodsSpringExtensionTests$FailingAfterTransactionTestCase.afterTransaction()] for test context [DefaultTestContext@18206b41 testClass = FailingBeforeAndAfterMethodsSpringExtensionTests.FailingAfterTransactionTestCase, testInstance = org.springframework.test.context.junit.jupiter.FailingBeforeAndAfterMethodsSpringExtensionTests$FailingAfterTransactionTestCase@6332322a, testMethod = testNothing@FailingBeforeAndAfterMethodsSpringExtensionTests.FailingAfterTransactionTestCase, testException = [null], mergedContextConfiguration = [MergedContextConfiguration@492d1223 testClass = FailingBeforeAndAfterMethodsSpringExtensionTests.FailingAfterTransactionTestCase, locations = '{}', classes = '{class org.springframework.test.context.junit.jupiter.FailingBeforeAndAfterMethodsSpringExtensionTests$DatabaseConfig}', contextInitializerClasses = '[]', activeProfiles = '{}', propertySourceLocations = '{}', propertySourceProperties = '{}', contextCustomizers = set[[empty]], contextLoader = 'org.springframework.test.context.support.DelegatingSmartContextLoader', parent = [null]], attributes = map[[empty]]]
java.lang.AssertionError: always failing afterTransaction()
	at org.springframework.test.context.junit.jupiter.FailingBeforeAndAfterMethodsSpringExtensionTests$FailingAfterTransactionTestCase.afterTransaction(FailingBeforeAndAfterMethodsSpringExtensionTests.java:242) ~[test/:?]
	at sun.reflect.NativeMethodAccessorImpl.invoke0(Native Method) ~[?:1.8.0_211]
	at sun.reflect.NativeMethodAccessorImpl.invoke(NativeMethodAccessorImpl.java:62) ~[?:1.8.0_211]
	at sun.reflect.DelegatingMethodAccessorImpl.invoke(DelegatingMethodAccessorImpl.java:43) ~[?:1.8.0_211]
	at java.lang.reflect.Method.invoke(Method.java:498) ~[?:1.8.0_211]
	at org.springframework.test.context.transaction.TransactionalTestExecutionListener.runAfterTransactionMethods(TransactionalTestExecutionListener.java:286) ~[main/:?]
	at org.springframework.test.context.transaction.TransactionalTestExecutionListener.afterTestMethod(TransactionalTestExecutionListener.java:234) ~[main/:?]
	at org.springframework.test.context.TestContextManager.afterTestMethod(TestContextManager.java:441) ~[main/:?]
	at org.springframework.test.context.junit.jupiter.SpringExtension.afterEach(SpringExtension.java:140) ~[main/:?]
	at org.junit.jupiter.engine.descriptor.TestMethodTestDescriptor.lambda$invokeAfterEachCallbacks$11(TestMethodTestDescriptor.java:245) ~[junit-jupiter-engine-5.5.0-RC2.jar:5.5.0-RC2]
	at org.junit.jupiter.engine.descriptor.TestMethodTestDescriptor.lambda$invokeAllAfterMethodsOrCallbacks$12(TestMethodTestDescriptor.java:256) ~[junit-jupiter-engine-5.5.0-RC2.jar:5.5.0-RC2]
	at org.junit.platform.engine.support.hierarchical.ThrowableCollector.execute(ThrowableCollector.java:73) ~[junit-platform-engine-1.5.0-RC2.jar:1.5.0-RC2]
	at org.junit.jupiter.engine.descriptor.TestMethodTestDescriptor.lambda$invokeAllAfterMethodsOrCallbacks$13(TestMethodTestDescriptor.java:256) ~[junit-jupiter-engine-5.5.0-RC2.jar:5.5.0-RC2]
	at java.util.ArrayList.forEach(ArrayList.java:1257) ~[?:1.8.0_211]
	at org.junit.jupiter.engine.descriptor.TestMethodTestDescriptor.invokeAllAfterMethodsOrCallbacks(TestMethodTestDescriptor.java:255) ~[junit-jupiter-engine-5.5.0-RC2.jar:5.5.0-RC2]
	at org.junit.jupiter.engine.descriptor.TestMethodTestDescriptor.invokeAfterEachCallbacks(TestMethodTestDescriptor.java:244) ~[junit-jupiter-engine-5.5.0-RC2.jar:5.5.0-RC2]
	at org.junit.jupiter.engine.descriptor.TestMethodTestDescriptor.execute(TestMethodTestDescriptor.java:141) ~[junit-jupiter-engine-5.5.0-RC2.jar:5.5.0-RC2]
	at org.junit.jupiter.engine.descriptor.TestMethodTestDescriptor.execute(TestMethodTestDescriptor.java:69) ~[junit-jupiter-engine-5.5.0-RC2.jar:5.5.0-RC2]
	at org.junit.platform.engine.support.hierarchical.NodeTestTask.lambda$executeRecursively$5(NodeTestTask.java:135) ~[junit-platform-engine-1.5.0-RC2.jar:1.5.0-RC2]
	at org.junit.platform.engine.support.hierarchical.ThrowableCollector.execute(ThrowableCollector.java:73) ~[junit-platform-engine-1.5.0-RC2.jar:1.5.0-RC2]
	at org.junit.platform.engine.support.hierarchical.NodeTestTask.lambda$executeRecursively$7(NodeTestTask.java:125) ~[junit-platform-engine-1.5.0-RC2.jar:1.5.0-RC2]
	at org.junit.platform.engine.support.hierarchical.Node.around(Node.java:135) ~[junit-platform-engine-1.5.0-RC2.jar:1.5.0-RC2]
	at org.junit.platform.engine.support.hierarchical.NodeTestTask.lambda$executeRecursively$8(NodeTestTask.java:123) ~[junit-platform-engine-1.5.0-RC2.jar:1.5.0-RC2]
	at org.junit.platform.engine.support.hierarchical.ThrowableCollector.execute(ThrowableCollector.java:73) ~[junit-platform-engine-1.5.0-RC2.jar:1.5.0-RC2]
	at org.junit.platform.engine.support.hierarchical.NodeTestTask.executeRecursively(NodeTestTask.java:122) ~[junit-platform-engine-1.5.0-RC2.jar:1.5.0-RC2]
	at org.junit.platform.engine.support.hierarchical.NodeTestTask.execute(NodeTestTask.java:80) ~[junit-platform-engine-1.5.0-RC2.jar:1.5.0-RC2]
	at java.util.ArrayList.forEach(ArrayList.java:1257) ~[?:1.8.0_211]
	at org.junit.platform.engine.support.hierarchical.SameThreadHierarchicalTestExecutorService.invokeAll(SameThreadHierarchicalTestExecutorService.java:38) ~[junit-platform-engine-1.5.0-RC2.jar:1.5.0-RC2]
	at org.junit.platform.engine.support.hierarchical.NodeTestTask.lambda$executeRecursively$5(NodeTestTask.java:139) ~[junit-platform-engine-1.5.0-RC2.jar:1.5.0-RC2]
	at org.junit.platform.engine.support.hierarchical.ThrowableCollector.execute(ThrowableCollector.java:73) ~[junit-platform-engine-1.5.0-RC2.jar:1.5.0-RC2]
	at org.junit.platform.engine.support.hierarchical.NodeTestTask.lambda$executeRecursively$7(NodeTestTask.java:125) ~[junit-platform-engine-1.5.0-RC2.jar:1.5.0-RC2]
	at org.junit.platform.engine.support.hierarchical.Node.around(Node.java:135) ~[junit-platform-engine-1.5.0-RC2.jar:1.5.0-RC2]
	at org.junit.platform.engine.support.hierarchical.NodeTestTask.lambda$executeRecursively$8(NodeTestTask.java:123) ~[junit-platform-engine-1.5.0-RC2.jar:1.5.0-RC2]
	at org.junit.platform.engine.support.hierarchical.ThrowableCollector.execute(ThrowableCollector.java:73) ~[junit-platform-engine-1.5.0-RC2.jar:1.5.0-RC2]
	at org.junit.platform.engine.support.hierarchical.NodeTestTask.executeRecursively(NodeTestTask.java:122) ~[junit-platform-engine-1.5.0-RC2.jar:1.5.0-RC2]
	at org.junit.platform.engine.support.hierarchical.NodeTestTask.execute(NodeTestTask.java:80) ~[junit-platform-engine-1.5.0-RC2.jar:1.5.0-RC2]
	at java.util.ArrayList.forEach(ArrayList.java:1257) ~[?:1.8.0_211]
	at org.junit.platform.engine.support.hierarchical.SameThreadHierarchicalTestExecutorService.invokeAll(SameThreadHierarchicalTestExecutorService.java:38) ~[junit-platform-engine-1.5.0-RC2.jar:1.5.0-RC2]
	at org.junit.platform.engine.support.hierarchical.NodeTestTask.lambda$executeRecursively$5(NodeTestTask.java:139) ~[junit-platform-engine-1.5.0-RC2.jar:1.5.0-RC2]
	at org.junit.platform.engine.support.hierarchical.ThrowableCollector.execute(ThrowableCollector.java:73) ~[junit-platform-engine-1.5.0-RC2.jar:1.5.0-RC2]
	at org.junit.platform.engine.support.hierarchical.NodeTestTask.lambda$executeRecursively$7(NodeTestTask.java:125) ~[junit-platform-engine-1.5.0-RC2.jar:1.5.0-RC2]
	at org.junit.platform.engine.support.hierarchical.Node.around(Node.java:135) ~[junit-platform-engine-1.5.0-RC2.jar:1.5.0-RC2]
	at org.junit.platform.engine.support.hierarchical.NodeTestTask.lambda$executeRecursively$8(NodeTestTask.java:123) ~[junit-platform-engine-1.5.0-RC2.jar:1.5.0-RC2]
	at org.junit.platform.engine.support.hierarchical.ThrowableCollector.execute(ThrowableCollector.java:73) ~[junit-platform-engine-1.5.0-RC2.jar:1.5.0-RC2]
	at org.junit.platform.engine.support.hierarchical.NodeTestTask.executeRecursively(NodeTestTask.java:122) ~[junit-platform-engine-1.5.0-RC2.jar:1.5.0-RC2]
	at org.junit.platform.engine.support.hierarchical.NodeTestTask.execute(NodeTestTask.java:80) ~[junit-platform-engine-1.5.0-RC2.jar:1.5.0-RC2]
	at org.junit.platform.engine.support.hierarchical.SameThreadHierarchicalTestExecutorService.submit(SameThreadHierarchicalTestExecutorService.java:32) ~[junit-platform-engine-1.5.0-RC2.jar:1.5.0-RC2]
	at org.junit.platform.engine.support.hierarchical.HierarchicalTestExecutor.execute(HierarchicalTestExecutor.java:57) ~[junit-platform-engine-1.5.0-RC2.jar:1.5.0-RC2]
	at org.junit.platform.engine.support.hierarchical.HierarchicalTestEngine.execute(HierarchicalTestEngine.java:51) ~[junit-platform-engine-1.5.0-RC2.jar:1.5.0-RC2]
	at org.junit.platform.testkit.engine.EngineTestKit.execute(EngineTestKit.java:189) ~[junit-platform-testkit-1.5.0-RC2.jar:1.5.0-RC2]
	at org.junit.platform.testkit.engine.EngineTestKit.access$100(EngineTestKit.java:54) ~[junit-platform-testkit-1.5.0-RC2.jar:1.5.0-RC2]
	at org.junit.platform.testkit.engine.EngineTestKit$Builder.execute(EngineTestKit.java:343) ~[junit-platform-testkit-1.5.0-RC2.jar:1.5.0-RC2]
	at org.springframework.test.context.junit.jupiter.FailingBeforeAndAfterMethodsSpringExtensionTests.failingBeforeAndAfterCallbacks(FailingBeforeAndAfterMethodsSpringExtensionTests.java:84) ~[test/:?]
	at sun.reflect.NativeMethodAccessorImpl.invoke0(Native Method) ~[?:1.8.0_211]
	at sun.reflect.NativeMethodAccessorImpl.invoke(NativeMethodAccessorImpl.java:62) ~[?:1.8.0_211]
	at sun.reflect.DelegatingMethodAccessorImpl.invoke(DelegatingMethodAccessorImpl.java:43) ~[?:1.8.0_211]
	at java.lang.reflect.Method.invoke(Method.java:498) ~[?:1.8.0_211]
	at org.junit.platform.commons.util.ReflectionUtils.invokeMethod(ReflectionUtils.java:675) ~[junit-platform-commons-1.5.0-RC2.jar:1.5.0-RC2]
	at org.junit.jupiter.engine.execution.MethodInvocation.proceed(MethodInvocation.java:60) ~[junit-jupiter-engine-5.5.0-RC2.jar:5.5.0-RC2]
	at org.junit.jupiter.engine.execution.InvocationInterceptorChain$ValidatingInvocation.proceed(InvocationInterceptorChain.java:125) ~[junit-jupiter-engine-5.5.0-RC2.jar:5.5.0-RC2]
	at org.junit.jupiter.engine.extension.TimeoutExtension.intercept(TimeoutExtension.java:132) ~[junit-jupiter-engine-5.5.0-RC2.jar:5.5.0-RC2]
	at org.junit.jupiter.engine.extension.TimeoutExtension.interceptTestableMethod(TimeoutExtension.java:124) ~[junit-jupiter-engine-5.5.0-RC2.jar:5.5.0-RC2]
	at org.junit.jupiter.engine.extension.TimeoutExtension.interceptTestTemplateMethod(TimeoutExtension.java:81) ~[junit-jupiter-engine-5.5.0-RC2.jar:5.5.0-RC2]
	at org.junit.jupiter.engine.execution.ExecutableInvoker$ReflectiveInterceptorCall.lambda$ofVoidMethod$0(ExecutableInvoker.java:115) ~[junit-jupiter-engine-5.5.0-RC2.jar:5.5.0-RC2]
	at org.junit.jupiter.engine.execution.ExecutableInvoker.lambda$invoke$0(ExecutableInvoker.java:105) ~[junit-jupiter-engine-5.5.0-RC2.jar:5.5.0-RC2]
	at org.junit.jupiter.engine.execution.InvocationInterceptorChain$InterceptedInvocation.proceed(InvocationInterceptorChain.java:104) ~[junit-jupiter-engine-5.5.0-RC2.jar:5.5.0-RC2]
	at org.junit.jupiter.engine.execution.InvocationInterceptorChain.proceed(InvocationInterceptorChain.java:62) ~[junit-jupiter-engine-5.5.0-RC2.jar:5.5.0-RC2]
	at org.junit.jupiter.engine.execution.InvocationInterceptorChain.chainAndInvoke(InvocationInterceptorChain.java:43) ~[junit-jupiter-engine-5.5.0-RC2.jar:5.5.0-RC2]
	at org.junit.jupiter.engine.execution.InvocationInterceptorChain.invoke(InvocationInterceptorChain.java:35) ~[junit-jupiter-engine-5.5.0-RC2.jar:5.5.0-RC2]
	at org.junit.jupiter.engine.execution.ExecutableInvoker.invoke(ExecutableInvoker.java:104) ~[junit-jupiter-engine-5.5.0-RC2.jar:5.5.0-RC2]
	at org.junit.jupiter.engine.execution.ExecutableInvoker.invoke(ExecutableInvoker.java:98) ~[junit-jupiter-engine-5.5.0-RC2.jar:5.5.0-RC2]
	at org.junit.jupiter.engine.descriptor.TestMethodTestDescriptor.lambda$invokeTestMethod$6(TestMethodTestDescriptor.java:202) ~[junit-jupiter-engine-5.5.0-RC2.jar:5.5.0-RC2]
	at org.junit.platform.engine.support.hierarchical.ThrowableCollector.execute(ThrowableCollector.java:73) ~[junit-platform-engine-1.5.0-RC2.jar:1.5.0-RC2]
	at org.junit.jupiter.engine.descriptor.TestMethodTestDescriptor.invokeTestMethod(TestMethodTestDescriptor.java:198) ~[junit-jupiter-engine-5.5.0-RC2.jar:5.5.0-RC2]
	at org.junit.jupiter.engine.descriptor.TestMethodTestDescriptor.execute(TestMethodTestDescriptor.java:135) ~[junit-jupiter-engine-5.5.0-RC2.jar:5.5.0-RC2]
	at org.junit.jupiter.engine.descriptor.TestMethodTestDescriptor.execute(TestMethodTestDescriptor.java:69) ~[junit-jupiter-engine-5.5.0-RC2.jar:5.5.0-RC2]
	at org.junit.platform.engine.support.hierarchical.NodeTestTask.lambda$executeRecursively$5(NodeTestTask.java:135) ~[junit-platform-engine-1.5.0-RC2.jar:1.5.0-RC2]
	at org.junit.platform.engine.support.hierarchical.ThrowableCollector.execute(ThrowableCollector.java:73) ~[junit-platform-engine-1.5.0-RC2.jar:1.5.0-RC2]
	at org.junit.platform.engine.support.hierarchical.NodeTestTask.lambda$executeRecursively$7(NodeTestTask.java:125) ~[junit-platform-engine-1.5.0-RC2.jar:1.5.0-RC2]
	at org.junit.platform.engine.support.hierarchical.Node.around(Node.java:135) ~[junit-platform-engine-1.5.0-RC2.jar:1.5.0-RC2]
	at org.junit.platform.engine.support.hierarchical.NodeTestTask.lambda$executeRecursively$8(NodeTestTask.java:123) ~[junit-platform-engine-1.5.0-RC2.jar:1.5.0-RC2]
	at org.junit.platform.engine.support.hierarchical.ThrowableCollector.execute(ThrowableCollector.java:73) ~[junit-platform-engine-1.5.0-RC2.jar:1.5.0-RC2]
	at org.junit.platform.engine.support.hierarchical.NodeTestTask.executeRecursively(NodeTestTask.java:122) ~[junit-platform-engine-1.5.0-RC2.jar:1.5.0-RC2]
	at org.junit.platform.engine.support.hierarchical.NodeTestTask.execute(NodeTestTask.java:80) ~[junit-platform-engine-1.5.0-RC2.jar:1.5.0-RC2]
	at org.junit.platform.engine.support.hierarchical.SameThreadHierarchicalTestExecutorService.submit(SameThreadHierarchicalTestExecutorService.java:32) ~[junit-platform-engine-1.5.0-RC2.jar:1.5.0-RC2]
	at org.junit.platform.engine.support.hierarchical.NodeTestTask$DefaultDynamicTestExecutor.execute(NodeTestTask.java:198) ~[junit-platform-engine-1.5.0-RC2.jar:1.5.0-RC2]
	at org.junit.jupiter.engine.descriptor.TestTemplateTestDescriptor.execute(TestTemplateTestDescriptor.java:138) ~[junit-jupiter-engine-5.5.0-RC2.jar:5.5.0-RC2]
	at org.junit.jupiter.engine.descriptor.TestTemplateTestDescriptor.lambda$execute$2(TestTemplateTestDescriptor.java:106) ~[junit-jupiter-engine-5.5.0-RC2.jar:5.5.0-RC2]
	at java.util.stream.ForEachOps$ForEachOp$OfRef.accept(ForEachOps.java:184) ~[?:1.8.0_211]
	at java.util.stream.ReferencePipeline$3$1.accept(ReferencePipeline.java:193) ~[?:1.8.0_211]
	at java.util.stream.ReferencePipeline$2$1.accept(ReferencePipeline.java:175) ~[?:1.8.0_211]
	at java.util.stream.ReferencePipeline$3$1.accept(ReferencePipeline.java:193) ~[?:1.8.0_211]
	at java.util.stream.ForEachOps$ForEachOp$OfRef.accept(ForEachOps.java:184) ~[?:1.8.0_211]
	at java.util.stream.ReferencePipeline$11$1.accept(ReferencePipeline.java:373) ~[?:1.8.0_211]
	at java.util.stream.ReferencePipeline$3$1.accept(ReferencePipeline.java:193) ~[?:1.8.0_211]
	at java.util.stream.ReferencePipeline$3$1.accept(ReferencePipeline.java:193) ~[?:1.8.0_211]
	at java.util.stream.ReferencePipeline$3$1.accept(ReferencePipeline.java:193) ~[?:1.8.0_211]
	at java.util.stream.ForEachOps$ForEachOp$OfRef.accept(ForEachOps.java:184) ~[?:1.8.0_211]
	at java.util.stream.ReferencePipeline$3$1.accept(ReferencePipeline.java:193) ~[?:1.8.0_211]
	at java.util.Spliterators$ArraySpliterator.forEachRemaining(Spliterators.java:948) ~[?:1.8.0_211]
	at java.util.stream.AbstractPipeline.copyInto(AbstractPipeline.java:481) ~[?:1.8.0_211]
	at java.util.stream.AbstractPipeline.wrapAndCopyInto(AbstractPipeline.java:471) ~[?:1.8.0_211]
	at java.util.stream.ForEachOps$ForEachOp.evaluateSequential(ForEachOps.java:151) ~[?:1.8.0_211]
	at java.util.stream.ForEachOps$ForEachOp$OfRef.evaluateSequential(ForEachOps.java:174) ~[?:1.8.0_211]
	at java.util.stream.AbstractPipeline.evaluate(AbstractPipeline.java:234) ~[?:1.8.0_211]
	at java.util.stream.ReferencePipeline.forEach(ReferencePipeline.java:418) ~[?:1.8.0_211]
	at java.util.stream.ReferencePipeline$7$1.accept(ReferencePipeline.java:270) ~[?:1.8.0_211]
	at java.util.stream.ReferencePipeline$3$1.accept(ReferencePipeline.java:193) ~[?:1.8.0_211]
	at java.util.stream.ReferencePipeline$3$1.accept(ReferencePipeline.java:193) ~[?:1.8.0_211]
	at java.util.stream.ReferencePipeline$3$1.accept(ReferencePipeline.java:193) ~[?:1.8.0_211]
	at java.util.ArrayList$ArrayListSpliterator.forEachRemaining(ArrayList.java:1382) ~[?:1.8.0_211]
	at java.util.stream.AbstractPipeline.copyInto(AbstractPipeline.java:481) ~[?:1.8.0_211]
	at java.util.stream.AbstractPipeline.wrapAndCopyInto(AbstractPipeline.java:471) ~[?:1.8.0_211]
	at java.util.stream.ForEachOps$ForEachOp.evaluateSequential(ForEachOps.java:151) ~[?:1.8.0_211]
	at java.util.stream.ForEachOps$ForEachOp$OfRef.evaluateSequential(ForEachOps.java:174) ~[?:1.8.0_211]
	at java.util.stream.AbstractPipeline.evaluate(AbstractPipeline.java:234) ~[?:1.8.0_211]
	at java.util.stream.ReferencePipeline.forEach(ReferencePipeline.java:418) ~[?:1.8.0_211]
	at java.util.stream.ReferencePipeline$7$1.accept(ReferencePipeline.java:270) ~[?:1.8.0_211]
	at java.util.ArrayList$ArrayListSpliterator.forEachRemaining(ArrayList.java:1382) ~[?:1.8.0_211]
	at java.util.stream.AbstractPipeline.copyInto(AbstractPipeline.java:481) ~[?:1.8.0_211]
	at java.util.stream.AbstractPipeline.wrapAndCopyInto(AbstractPipeline.java:471) ~[?:1.8.0_211]
	at java.util.stream.ForEachOps$ForEachOp.evaluateSequential(ForEachOps.java:151) ~[?:1.8.0_211]
	at java.util.stream.ForEachOps$ForEachOp$OfRef.evaluateSequential(ForEachOps.java:174) ~[?:1.8.0_211]
	at java.util.stream.AbstractPipeline.evaluate(AbstractPipeline.java:234) ~[?:1.8.0_211]
	at java.util.stream.ReferencePipeline.forEach(ReferencePipeline.java:418) ~[?:1.8.0_211]
	at org.junit.jupiter.engine.descriptor.TestTemplateTestDescriptor.execute(TestTemplateTestDescriptor.java:106) ~[junit-jupiter-engine-5.5.0-RC2.jar:5.5.0-RC2]
	at org.junit.jupiter.engine.descriptor.TestTemplateTestDescriptor.execute(TestTemplateTestDescriptor.java:41) ~[junit-jupiter-engine-5.5.0-RC2.jar:5.5.0-RC2]
	at org.junit.platform.engine.support.hierarchical.NodeTestTask.lambda$executeRecursively$5(NodeTestTask.java:135) ~[junit-platform-engine-1.5.0-RC2.jar:1.5.0-RC2]
	at org.junit.platform.engine.support.hierarchical.ThrowableCollector.execute(ThrowableCollector.java:73) ~[junit-platform-engine-1.5.0-RC2.jar:1.5.0-RC2]
	at org.junit.platform.engine.support.hierarchical.NodeTestTask.lambda$executeRecursively$7(NodeTestTask.java:125) ~[junit-platform-engine-1.5.0-RC2.jar:1.5.0-RC2]
	at org.junit.platform.engine.support.hierarchical.Node.around(Node.java:135) ~[junit-platform-engine-1.5.0-RC2.jar:1.5.0-RC2]
	at org.junit.platform.engine.support.hierarchical.NodeTestTask.lambda$executeRecursively$8(NodeTestTask.java:123) ~[junit-platform-engine-1.5.0-RC2.jar:1.5.0-RC2]
	at org.junit.platform.engine.support.hierarchical.ThrowableCollector.execute(ThrowableCollector.java:73) ~[junit-platform-engine-1.5.0-RC2.jar:1.5.0-RC2]
	at org.junit.platform.engine.support.hierarchical.NodeTestTask.executeRecursively(NodeTestTask.java:122) ~[junit-platform-engine-1.5.0-RC2.jar:1.5.0-RC2]
	at org.junit.platform.engine.support.hierarchical.NodeTestTask.execute(NodeTestTask.java:80) ~[junit-platform-engine-1.5.0-RC2.jar:1.5.0-RC2]
	at java.util.ArrayList.forEach(ArrayList.java:1257) ~[?:1.8.0_211]
	at org.junit.platform.engine.support.hierarchical.SameThreadHierarchicalTestExecutorService.invokeAll(SameThreadHierarchicalTestExecutorService.java:38) ~[junit-platform-engine-1.5.0-RC2.jar:1.5.0-RC2]
	at org.junit.platform.engine.support.hierarchical.NodeTestTask.lambda$executeRecursively$5(NodeTestTask.java:139) ~[junit-platform-engine-1.5.0-RC2.jar:1.5.0-RC2]
	at org.junit.platform.engine.support.hierarchical.ThrowableCollector.execute(ThrowableCollector.java:73) ~[junit-platform-engine-1.5.0-RC2.jar:1.5.0-RC2]
	at org.junit.platform.engine.support.hierarchical.NodeTestTask.lambda$executeRecursively$7(NodeTestTask.java:125) ~[junit-platform-engine-1.5.0-RC2.jar:1.5.0-RC2]
	at org.junit.platform.engine.support.hierarchical.Node.around(Node.java:135) ~[junit-platform-engine-1.5.0-RC2.jar:1.5.0-RC2]
	at org.junit.platform.engine.support.hierarchical.NodeTestTask.lambda$executeRecursively$8(NodeTestTask.java:123) ~[junit-platform-engine-1.5.0-RC2.jar:1.5.0-RC2]
	at org.junit.platform.engine.support.hierarchical.ThrowableCollector.execute(ThrowableCollector.java:73) ~[junit-platform-engine-1.5.0-RC2.jar:1.5.0-RC2]
	at org.junit.platform.engine.support.hierarchical.NodeTestTask.executeRecursively(NodeTestTask.java:122) ~[junit-platform-engine-1.5.0-RC2.jar:1.5.0-RC2]
	at org.junit.platform.engine.support.hierarchical.NodeTestTask.execute(NodeTestTask.java:80) ~[junit-platform-engine-1.5.0-RC2.jar:1.5.0-RC2]
	at java.util.ArrayList.forEach(ArrayList.java:1257) ~[?:1.8.0_211]
	at org.junit.platform.engine.support.hierarchical.SameThreadHierarchicalTestExecutorService.invokeAll(SameThreadHierarchicalTestExecutorService.java:38) ~[junit-platform-engine-1.5.0-RC2.jar:1.5.0-RC2]
	at org.junit.platform.engine.support.hierarchical.NodeTestTask.lambda$executeRecursively$5(NodeTestTask.java:139) ~[junit-platform-engine-1.5.0-RC2.jar:1.5.0-RC2]
	at org.junit.platform.engine.support.hierarchical.ThrowableCollector.execute(ThrowableCollector.java:73) ~[junit-platform-engine-1.5.0-RC2.jar:1.5.0-RC2]
	at org.junit.platform.engine.support.hierarchical.NodeTestTask.lambda$executeRecursively$7(NodeTestTask.java:125) ~[junit-platform-engine-1.5.0-RC2.jar:1.5.0-RC2]
	at org.junit.platform.engine.support.hierarchical.Node.around(Node.java:135) ~[junit-platform-engine-1.5.0-RC2.jar:1.5.0-RC2]
	at org.junit.platform.engine.support.hierarchical.NodeTestTask.lambda$executeRecursively$8(NodeTestTask.java:123) ~[junit-platform-engine-1.5.0-RC2.jar:1.5.0-RC2]
	at org.junit.platform.engine.support.hierarchical.ThrowableCollector.execute(ThrowableCollector.java:73) ~[junit-platform-engine-1.5.0-RC2.jar:1.5.0-RC2]
	at org.junit.platform.engine.support.hierarchical.NodeTestTask.executeRecursively(NodeTestTask.java:122) ~[junit-platform-engine-1.5.0-RC2.jar:1.5.0-RC2]
	at org.junit.platform.engine.support.hierarchical.NodeTestTask.execute(NodeTestTask.java:80) ~[junit-platform-engine-1.5.0-RC2.jar:1.5.0-RC2]
	at org.junit.platform.engine.support.hierarchical.SameThreadHierarchicalTestExecutorService.submit(SameThreadHierarchicalTestExecutorService.java:32) ~[junit-platform-engine-1.5.0-RC2.jar:1.5.0-RC2]
	at org.junit.platform.engine.support.hierarchical.HierarchicalTestExecutor.execute(HierarchicalTestExecutor.java:57) ~[junit-platform-engine-1.5.0-RC2.jar:1.5.0-RC2]
	at org.junit.platform.engine.support.hierarchical.HierarchicalTestEngine.execute(HierarchicalTestEngine.java:51) ~[junit-platform-engine-1.5.0-RC2.jar:1.5.0-RC2]
	at org.junit.platform.launcher.core.DefaultLauncher.execute(DefaultLauncher.java:229) ~[junit-platform-launcher-1.5.0-RC2.jar:1.5.0-RC2]
	at org.junit.platform.launcher.core.DefaultLauncher.lambda$execute$6(DefaultLauncher.java:197) ~[junit-platform-launcher-1.5.0-RC2.jar:1.5.0-RC2]
	at org.junit.platform.launcher.core.DefaultLauncher.withInterceptedStreams(DefaultLauncher.java:211) [junit-platform-launcher-1.5.0-RC2.jar:1.5.0-RC2]
	at org.junit.platform.launcher.core.DefaultLauncher.execute(DefaultLauncher.java:191) [junit-platform-launcher-1.5.0-RC2.jar:1.5.0-RC2]
	at org.junit.platform.launcher.core.DefaultLauncher.execute(DefaultLauncher.java:128) [junit-platform-launcher-1.5.0-RC2.jar:1.5.0-RC2]
	at org.gradle.api.internal.tasks.testing.junitplatform.JUnitPlatformTestClassProcessor$CollectAllTestClassesExecutor.processAllTestClasses(JUnitPlatformTestClassProcessor.java:92) [gradle-testing-junit-platform-4.10.3.jar:4.10.3]
	at org.gradle.api.internal.tasks.testing.junitplatform.JUnitPlatformTestClassProcessor$CollectAllTestClassesExecutor.access$100(JUnitPlatformTestClassProcessor.java:77) [gradle-testing-junit-platform-4.10.3.jar:4.10.3]
	at org.gradle.api.internal.tasks.testing.junitplatform.JUnitPlatformTestClassProcessor.stop(JUnitPlatformTestClassProcessor.java:73) [gradle-testing-junit-platform-4.10.3.jar:4.10.3]
	at org.gradle.api.internal.tasks.testing.SuiteTestClassProcessor.stop(SuiteTestClassProcessor.java:61) [gradle-testing-base-4.10.3.jar:4.10.3]
	at sun.reflect.NativeMethodAccessorImpl.invoke0(Native Method) ~[?:1.8.0_211]
	at sun.reflect.NativeMethodAccessorImpl.invoke(NativeMethodAccessorImpl.java:62) ~[?:1.8.0_211]
	at sun.reflect.DelegatingMethodAccessorImpl.invoke(DelegatingMethodAccessorImpl.java:43) ~[?:1.8.0_211]
	at java.lang.reflect.Method.invoke(Method.java:498) ~[?:1.8.0_211]
	at org.gradle.internal.dispatch.ReflectionDispatch.dispatch(ReflectionDispatch.java:35) [gradle-messaging-4.10.3.jar:4.10.3]
	at org.gradle.internal.dispatch.ReflectionDispatch.dispatch(ReflectionDispatch.java:24) [gradle-messaging-4.10.3.jar:4.10.3]
	at org.gradle.internal.dispatch.ContextClassLoaderDispatch.dispatch(ContextClassLoaderDispatch.java:32) [gradle-messaging-4.10.3.jar:4.10.3]
	at org.gradle.internal.dispatch.ProxyDispatchAdapter$DispatchingInvocationHandler.invoke(ProxyDispatchAdapter.java:93) [gradle-messaging-4.10.3.jar:4.10.3]
	at com.sun.proxy.$Proxy2.stop(Unknown Source) [?:?]
	at org.gradle.api.internal.tasks.testing.worker.TestWorker.stop(TestWorker.java:131) [gradle-testing-base-4.10.3.jar:4.10.3]
	at sun.reflect.NativeMethodAccessorImpl.invoke0(Native Method) ~[?:1.8.0_211]
	at sun.reflect.NativeMethodAccessorImpl.invoke(NativeMethodAccessorImpl.java:62) ~[?:1.8.0_211]
	at sun.reflect.DelegatingMethodAccessorImpl.invoke(DelegatingMethodAccessorImpl.java:43) ~[?:1.8.0_211]
	at java.lang.reflect.Method.invoke(Method.java:498) ~[?:1.8.0_211]
	at org.gradle.internal.dispatch.ReflectionDispatch.dispatch(ReflectionDispatch.java:35) [gradle-messaging-4.10.3.jar:4.10.3]
	at org.gradle.internal.dispatch.ReflectionDispatch.dispatch(ReflectionDispatch.java:24) [gradle-messaging-4.10.3.jar:4.10.3]
	at org.gradle.internal.remote.internal.hub.MessageHubBackedObjectConnection$DispatchWrapper.dispatch(MessageHubBackedObjectConnection.java:155) [gradle-messaging-4.10.3.jar:4.10.3]
	at org.gradle.internal.remote.internal.hub.MessageHubBackedObjectConnection$DispatchWrapper.dispatch(MessageHubBackedObjectConnection.java:137) [gradle-messaging-4.10.3.jar:4.10.3]
	at org.gradle.internal.remote.internal.hub.MessageHub$Handler.run(MessageHub.java:404) [gradle-messaging-4.10.3.jar:4.10.3]
	at org.gradle.internal.concurrent.ExecutorPolicy$CatchAndRecordFailures.onExecute(ExecutorPolicy.java:63) [gradle-base-services-4.10.3.jar:4.10.3]
	at org.gradle.internal.concurrent.ManagedExecutorImpl$1.run(ManagedExecutorImpl.java:46) [gradle-base-services-4.10.3.jar:4.10.3]
	at java.util.concurrent.ThreadPoolExecutor.runWorker(ThreadPoolExecutor.java:1149) [?:1.8.0_211]
	at java.util.concurrent.ThreadPoolExecutor$Worker.run(ThreadPoolExecutor.java:624) [?:1.8.0_211]
	at org.gradle.internal.concurrent.ThreadFactoryImpl$ManagedThreadRunnable.run(ThreadFactoryImpl.java:55) [gradle-base-services-4.10.3.jar:4.10.3]
	at java.lang.Thread.run(Thread.java:748) [?:1.8.0_211]
22:40:37.401 [Test worker] WARN  o.s.t.c.TestContextManager - Caught exception while invoking 'afterTestMethod' callback on TestExecutionListener [org.springframework.test.context.transaction.TransactionalTestExecutionListener@229731c0] for test method [void org.springframework.test.context.junit.jupiter.FailingBeforeAndAfterMethodsSpringExtensionTests$FailingAfterTransactionTestCase.testNothing()] and test instance [org.springframework.test.context.junit.jupiter.FailingBeforeAndAfterMethodsSpringExtensionTests$FailingAfterTransactionTestCase@6332322a]
java.lang.AssertionError: always failing afterTransaction()
	at org.springframework.test.context.junit.jupiter.FailingBeforeAndAfterMethodsSpringExtensionTests$FailingAfterTransactionTestCase.afterTransaction(FailingBeforeAndAfterMethodsSpringExtensionTests.java:242) ~[test/:?]
	at sun.reflect.NativeMethodAccessorImpl.invoke0(Native Method) ~[?:1.8.0_211]
	at sun.reflect.NativeMethodAccessorImpl.invoke(NativeMethodAccessorImpl.java:62) ~[?:1.8.0_211]
	at sun.reflect.DelegatingMethodAccessorImpl.invoke(DelegatingMethodAccessorImpl.java:43) ~[?:1.8.0_211]
	at java.lang.reflect.Method.invoke(Method.java:498) ~[?:1.8.0_211]
	at org.springframework.test.context.transaction.TransactionalTestExecutionListener.runAfterTransactionMethods(TransactionalTestExecutionListener.java:286) ~[main/:?]
	at org.springframework.test.context.transaction.TransactionalTestExecutionListener.afterTestMethod(TransactionalTestExecutionListener.java:234) ~[main/:?]
	at org.springframework.test.context.TestContextManager.afterTestMethod(TestContextManager.java:441) ~[main/:?]
	at org.springframework.test.context.junit.jupiter.SpringExtension.afterEach(SpringExtension.java:140) ~[main/:?]
	at org.junit.jupiter.engine.descriptor.TestMethodTestDescriptor.lambda$invokeAfterEachCallbacks$11(TestMethodTestDescriptor.java:245) ~[junit-jupiter-engine-5.5.0-RC2.jar:5.5.0-RC2]
	at org.junit.jupiter.engine.descriptor.TestMethodTestDescriptor.lambda$invokeAllAfterMethodsOrCallbacks$12(TestMethodTestDescriptor.java:256) ~[junit-jupiter-engine-5.5.0-RC2.jar:5.5.0-RC2]
	at org.junit.platform.engine.support.hierarchical.ThrowableCollector.execute(ThrowableCollector.java:73) ~[junit-platform-engine-1.5.0-RC2.jar:1.5.0-RC2]
	at org.junit.jupiter.engine.descriptor.TestMethodTestDescriptor.lambda$invokeAllAfterMethodsOrCallbacks$13(TestMethodTestDescriptor.java:256) ~[junit-jupiter-engine-5.5.0-RC2.jar:5.5.0-RC2]
	at java.util.ArrayList.forEach(ArrayList.java:1257) ~[?:1.8.0_211]
	at org.junit.jupiter.engine.descriptor.TestMethodTestDescriptor.invokeAllAfterMethodsOrCallbacks(TestMethodTestDescriptor.java:255) ~[junit-jupiter-engine-5.5.0-RC2.jar:5.5.0-RC2]
	at org.junit.jupiter.engine.descriptor.TestMethodTestDescriptor.invokeAfterEachCallbacks(TestMethodTestDescriptor.java:244) ~[junit-jupiter-engine-5.5.0-RC2.jar:5.5.0-RC2]
	at org.junit.jupiter.engine.descriptor.TestMethodTestDescriptor.execute(TestMethodTestDescriptor.java:141) ~[junit-jupiter-engine-5.5.0-RC2.jar:5.5.0-RC2]
	at org.junit.jupiter.engine.descriptor.TestMethodTestDescriptor.execute(TestMethodTestDescriptor.java:69) ~[junit-jupiter-engine-5.5.0-RC2.jar:5.5.0-RC2]
	at org.junit.platform.engine.support.hierarchical.NodeTestTask.lambda$executeRecursively$5(NodeTestTask.java:135) ~[junit-platform-engine-1.5.0-RC2.jar:1.5.0-RC2]
	at org.junit.platform.engine.support.hierarchical.ThrowableCollector.execute(ThrowableCollector.java:73) ~[junit-platform-engine-1.5.0-RC2.jar:1.5.0-RC2]
	at org.junit.platform.engine.support.hierarchical.NodeTestTask.lambda$executeRecursively$7(NodeTestTask.java:125) ~[junit-platform-engine-1.5.0-RC2.jar:1.5.0-RC2]
	at org.junit.platform.engine.support.hierarchical.Node.around(Node.java:135) ~[junit-platform-engine-1.5.0-RC2.jar:1.5.0-RC2]
	at org.junit.platform.engine.support.hierarchical.NodeTestTask.lambda$executeRecursively$8(NodeTestTask.java:123) ~[junit-platform-engine-1.5.0-RC2.jar:1.5.0-RC2]
	at org.junit.platform.engine.support.hierarchical.ThrowableCollector.execute(ThrowableCollector.java:73) ~[junit-platform-engine-1.5.0-RC2.jar:1.5.0-RC2]
	at org.junit.platform.engine.support.hierarchical.NodeTestTask.executeRecursively(NodeTestTask.java:122) ~[junit-platform-engine-1.5.0-RC2.jar:1.5.0-RC2]
	at org.junit.platform.engine.support.hierarchical.NodeTestTask.execute(NodeTestTask.java:80) ~[junit-platform-engine-1.5.0-RC2.jar:1.5.0-RC2]
	at java.util.ArrayList.forEach(ArrayList.java:1257) ~[?:1.8.0_211]
	at org.junit.platform.engine.support.hierarchical.SameThreadHierarchicalTestExecutorService.invokeAll(SameThreadHierarchicalTestExecutorService.java:38) ~[junit-platform-engine-1.5.0-RC2.jar:1.5.0-RC2]
	at org.junit.platform.engine.support.hierarchical.NodeTestTask.lambda$executeRecursively$5(NodeTestTask.java:139) ~[junit-platform-engine-1.5.0-RC2.jar:1.5.0-RC2]
	at org.junit.platform.engine.support.hierarchical.ThrowableCollector.execute(ThrowableCollector.java:73) ~[junit-platform-engine-1.5.0-RC2.jar:1.5.0-RC2]
	at org.junit.platform.engine.support.hierarchical.NodeTestTask.lambda$executeRecursively$7(NodeTestTask.java:125) ~[junit-platform-engine-1.5.0-RC2.jar:1.5.0-RC2]
	at org.junit.platform.engine.support.hierarchical.Node.around(Node.java:135) ~[junit-platform-engine-1.5.0-RC2.jar:1.5.0-RC2]
	at org.junit.platform.engine.support.hierarchical.NodeTestTask.lambda$executeRecursively$8(NodeTestTask.java:123) ~[junit-platform-engine-1.5.0-RC2.jar:1.5.0-RC2]
	at org.junit.platform.engine.support.hierarchical.ThrowableCollector.execute(ThrowableCollector.java:73) ~[junit-platform-engine-1.5.0-RC2.jar:1.5.0-RC2]
	at org.junit.platform.engine.support.hierarchical.NodeTestTask.executeRecursively(NodeTestTask.java:122) ~[junit-platform-engine-1.5.0-RC2.jar:1.5.0-RC2]
	at org.junit.platform.engine.support.hierarchical.NodeTestTask.execute(NodeTestTask.java:80) ~[junit-platform-engine-1.5.0-RC2.jar:1.5.0-RC2]
	at java.util.ArrayList.forEach(ArrayList.java:1257) ~[?:1.8.0_211]
	at org.junit.platform.engine.support.hierarchical.SameThreadHierarchicalTestExecutorService.invokeAll(SameThreadHierarchicalTestExecutorService.java:38) ~[junit-platform-engine-1.5.0-RC2.jar:1.5.0-RC2]
	at org.junit.platform.engine.support.hierarchical.NodeTestTask.lambda$executeRecursively$5(NodeTestTask.java:139) ~[junit-platform-engine-1.5.0-RC2.jar:1.5.0-RC2]
	at org.junit.platform.engine.support.hierarchical.ThrowableCollector.execute(ThrowableCollector.java:73) ~[junit-platform-engine-1.5.0-RC2.jar:1.5.0-RC2]
	at org.junit.platform.engine.support.hierarchical.NodeTestTask.lambda$executeRecursively$7(NodeTestTask.java:125) ~[junit-platform-engine-1.5.0-RC2.jar:1.5.0-RC2]
	at org.junit.platform.engine.support.hierarchical.Node.around(Node.java:135) ~[junit-platform-engine-1.5.0-RC2.jar:1.5.0-RC2]
	at org.junit.platform.engine.support.hierarchical.NodeTestTask.lambda$executeRecursively$8(NodeTestTask.java:123) ~[junit-platform-engine-1.5.0-RC2.jar:1.5.0-RC2]
	at org.junit.platform.engine.support.hierarchical.ThrowableCollector.execute(ThrowableCollector.java:73) ~[junit-platform-engine-1.5.0-RC2.jar:1.5.0-RC2]
	at org.junit.platform.engine.support.hierarchical.NodeTestTask.executeRecursively(NodeTestTask.java:122) ~[junit-platform-engine-1.5.0-RC2.jar:1.5.0-RC2]
	at org.junit.platform.engine.support.hierarchical.NodeTestTask.execute(NodeTestTask.java:80) ~[junit-platform-engine-1.5.0-RC2.jar:1.5.0-RC2]
	at org.junit.platform.engine.support.hierarchical.SameThreadHierarchicalTestExecutorService.submit(SameThreadHierarchicalTestExecutorService.java:32) ~[junit-platform-engine-1.5.0-RC2.jar:1.5.0-RC2]
	at org.junit.platform.engine.support.hierarchical.HierarchicalTestExecutor.execute(HierarchicalTestExecutor.java:57) ~[junit-platform-engine-1.5.0-RC2.jar:1.5.0-RC2]
	at org.junit.platform.engine.support.hierarchical.HierarchicalTestEngine.execute(HierarchicalTestEngine.java:51) ~[junit-platform-engine-1.5.0-RC2.jar:1.5.0-RC2]
	at org.junit.platform.testkit.engine.EngineTestKit.execute(EngineTestKit.java:189) ~[junit-platform-testkit-1.5.0-RC2.jar:1.5.0-RC2]
	at org.junit.platform.testkit.engine.EngineTestKit.access$100(EngineTestKit.java:54) ~[junit-platform-testkit-1.5.0-RC2.jar:1.5.0-RC2]
	at org.junit.platform.testkit.engine.EngineTestKit$Builder.execute(EngineTestKit.java:343) ~[junit-platform-testkit-1.5.0-RC2.jar:1.5.0-RC2]
	at org.springframework.test.context.junit.jupiter.FailingBeforeAndAfterMethodsSpringExtensionTests.failingBeforeAndAfterCallbacks(FailingBeforeAndAfterMethodsSpringExtensionTests.java:84) ~[test/:?]
	at sun.reflect.NativeMethodAccessorImpl.invoke0(Native Method) ~[?:1.8.0_211]
	at sun.reflect.NativeMethodAccessorImpl.invoke(NativeMethodAccessorImpl.java:62) ~[?:1.8.0_211]
	at sun.reflect.DelegatingMethodAccessorImpl.invoke(DelegatingMethodAccessorImpl.java:43) ~[?:1.8.0_211]
	at java.lang.reflect.Method.invoke(Method.java:498) ~[?:1.8.0_211]
	at org.junit.platform.commons.util.ReflectionUtils.invokeMethod(ReflectionUtils.java:675) ~[junit-platform-commons-1.5.0-RC2.jar:1.5.0-RC2]
	at org.junit.jupiter.engine.execution.MethodInvocation.proceed(MethodInvocation.java:60) ~[junit-jupiter-engine-5.5.0-RC2.jar:5.5.0-RC2]
	at org.junit.jupiter.engine.execution.InvocationInterceptorChain$ValidatingInvocation.proceed(InvocationInterceptorChain.java:125) ~[junit-jupiter-engine-5.5.0-RC2.jar:5.5.0-RC2]
	at org.junit.jupiter.engine.extension.TimeoutExtension.intercept(TimeoutExtension.java:132) ~[junit-jupiter-engine-5.5.0-RC2.jar:5.5.0-RC2]
	at org.junit.jupiter.engine.extension.TimeoutExtension.interceptTestableMethod(TimeoutExtension.java:124) ~[junit-jupiter-engine-5.5.0-RC2.jar:5.5.0-RC2]
	at org.junit.jupiter.engine.extension.TimeoutExtension.interceptTestTemplateMethod(TimeoutExtension.java:81) ~[junit-jupiter-engine-5.5.0-RC2.jar:5.5.0-RC2]
	at org.junit.jupiter.engine.execution.ExecutableInvoker$ReflectiveInterceptorCall.lambda$ofVoidMethod$0(ExecutableInvoker.java:115) ~[junit-jupiter-engine-5.5.0-RC2.jar:5.5.0-RC2]
	at org.junit.jupiter.engine.execution.ExecutableInvoker.lambda$invoke$0(ExecutableInvoker.java:105) ~[junit-jupiter-engine-5.5.0-RC2.jar:5.5.0-RC2]
	at org.junit.jupiter.engine.execution.InvocationInterceptorChain$InterceptedInvocation.proceed(InvocationInterceptorChain.java:104) ~[junit-jupiter-engine-5.5.0-RC2.jar:5.5.0-RC2]
	at org.junit.jupiter.engine.execution.InvocationInterceptorChain.proceed(InvocationInterceptorChain.java:62) ~[junit-jupiter-engine-5.5.0-RC2.jar:5.5.0-RC2]
	at org.junit.jupiter.engine.execution.InvocationInterceptorChain.chainAndInvoke(InvocationInterceptorChain.java:43) ~[junit-jupiter-engine-5.5.0-RC2.jar:5.5.0-RC2]
	at org.junit.jupiter.engine.execution.InvocationInterceptorChain.invoke(InvocationInterceptorChain.java:35) ~[junit-jupiter-engine-5.5.0-RC2.jar:5.5.0-RC2]
	at org.junit.jupiter.engine.execution.ExecutableInvoker.invoke(ExecutableInvoker.java:104) ~[junit-jupiter-engine-5.5.0-RC2.jar:5.5.0-RC2]
	at org.junit.jupiter.engine.execution.ExecutableInvoker.invoke(ExecutableInvoker.java:98) ~[junit-jupiter-engine-5.5.0-RC2.jar:5.5.0-RC2]
	at org.junit.jupiter.engine.descriptor.TestMethodTestDescriptor.lambda$invokeTestMethod$6(TestMethodTestDescriptor.java:202) ~[junit-jupiter-engine-5.5.0-RC2.jar:5.5.0-RC2]
	at org.junit.platform.engine.support.hierarchical.ThrowableCollector.execute(ThrowableCollector.java:73) ~[junit-platform-engine-1.5.0-RC2.jar:1.5.0-RC2]
	at org.junit.jupiter.engine.descriptor.TestMethodTestDescriptor.invokeTestMethod(TestMethodTestDescriptor.java:198) ~[junit-jupiter-engine-5.5.0-RC2.jar:5.5.0-RC2]
	at org.junit.jupiter.engine.descriptor.TestMethodTestDescriptor.execute(TestMethodTestDescriptor.java:135) ~[junit-jupiter-engine-5.5.0-RC2.jar:5.5.0-RC2]
	at org.junit.jupiter.engine.descriptor.TestMethodTestDescriptor.execute(TestMethodTestDescriptor.java:69) ~[junit-jupiter-engine-5.5.0-RC2.jar:5.5.0-RC2]
	at org.junit.platform.engine.support.hierarchical.NodeTestTask.lambda$executeRecursively$5(NodeTestTask.java:135) ~[junit-platform-engine-1.5.0-RC2.jar:1.5.0-RC2]
	at org.junit.platform.engine.support.hierarchical.ThrowableCollector.execute(ThrowableCollector.java:73) ~[junit-platform-engine-1.5.0-RC2.jar:1.5.0-RC2]
	at org.junit.platform.engine.support.hierarchical.NodeTestTask.lambda$executeRecursively$7(NodeTestTask.java:125) ~[junit-platform-engine-1.5.0-RC2.jar:1.5.0-RC2]
	at org.junit.platform.engine.support.hierarchical.Node.around(Node.java:135) ~[junit-platform-engine-1.5.0-RC2.jar:1.5.0-RC2]
	at org.junit.platform.engine.support.hierarchical.NodeTestTask.lambda$executeRecursively$8(NodeTestTask.java:123) ~[junit-platform-engine-1.5.0-RC2.jar:1.5.0-RC2]
	at org.junit.platform.engine.support.hierarchical.ThrowableCollector.execute(ThrowableCollector.java:73) ~[junit-platform-engine-1.5.0-RC2.jar:1.5.0-RC2]
	at org.junit.platform.engine.support.hierarchical.NodeTestTask.executeRecursively(NodeTestTask.java:122) ~[junit-platform-engine-1.5.0-RC2.jar:1.5.0-RC2]
	at org.junit.platform.engine.support.hierarchical.NodeTestTask.execute(NodeTestTask.java:80) ~[junit-platform-engine-1.5.0-RC2.jar:1.5.0-RC2]
	at org.junit.platform.engine.support.hierarchical.SameThreadHierarchicalTestExecutorService.submit(SameThreadHierarchicalTestExecutorService.java:32) ~[junit-platform-engine-1.5.0-RC2.jar:1.5.0-RC2]
	at org.junit.platform.engine.support.hierarchical.NodeTestTask$DefaultDynamicTestExecutor.execute(NodeTestTask.java:198) ~[junit-platform-engine-1.5.0-RC2.jar:1.5.0-RC2]
	at org.junit.jupiter.engine.descriptor.TestTemplateTestDescriptor.execute(TestTemplateTestDescriptor.java:138) ~[junit-jupiter-engine-5.5.0-RC2.jar:5.5.0-RC2]
	at org.junit.jupiter.engine.descriptor.TestTemplateTestDescriptor.lambda$execute$2(TestTemplateTestDescriptor.java:106) ~[junit-jupiter-engine-5.5.0-RC2.jar:5.5.0-RC2]
	at java.util.stream.ForEachOps$ForEachOp$OfRef.accept(ForEachOps.java:184) ~[?:1.8.0_211]
	at java.util.stream.ReferencePipeline$3$1.accept(ReferencePipeline.java:193) ~[?:1.8.0_211]
	at java.util.stream.ReferencePipeline$2$1.accept(ReferencePipeline.java:175) ~[?:1.8.0_211]
	at java.util.stream.ReferencePipeline$3$1.accept(ReferencePipeline.java:193) ~[?:1.8.0_211]
	at java.util.stream.ForEachOps$ForEachOp$OfRef.accept(ForEachOps.java:184) ~[?:1.8.0_211]
	at java.util.stream.ReferencePipeline$11$1.accept(ReferencePipeline.java:373) ~[?:1.8.0_211]
	at java.util.stream.ReferencePipeline$3$1.accept(ReferencePipeline.java:193) ~[?:1.8.0_211]
	at java.util.stream.ReferencePipeline$3$1.accept(ReferencePipeline.java:193) ~[?:1.8.0_211]
	at java.util.stream.ReferencePipeline$3$1.accept(ReferencePipeline.java:193) ~[?:1.8.0_211]
	at java.util.stream.ForEachOps$ForEachOp$OfRef.accept(ForEachOps.java:184) ~[?:1.8.0_211]
	at java.util.stream.ReferencePipeline$3$1.accept(ReferencePipeline.java:193) ~[?:1.8.0_211]
	at java.util.Spliterators$ArraySpliterator.forEachRemaining(Spliterators.java:948) ~[?:1.8.0_211]
	at java.util.stream.AbstractPipeline.copyInto(AbstractPipeline.java:481) ~[?:1.8.0_211]
	at java.util.stream.AbstractPipeline.wrapAndCopyInto(AbstractPipeline.java:471) ~[?:1.8.0_211]
	at java.util.stream.ForEachOps$ForEachOp.evaluateSequential(ForEachOps.java:151) ~[?:1.8.0_211]
	at java.util.stream.ForEachOps$ForEachOp$OfRef.evaluateSequential(ForEachOps.java:174) ~[?:1.8.0_211]
	at java.util.stream.AbstractPipeline.evaluate(AbstractPipeline.java:234) ~[?:1.8.0_211]
	at java.util.stream.ReferencePipeline.forEach(ReferencePipeline.java:418) ~[?:1.8.0_211]
	at java.util.stream.ReferencePipeline$7$1.accept(ReferencePipeline.java:270) ~[?:1.8.0_211]
	at java.util.stream.ReferencePipeline$3$1.accept(ReferencePipeline.java:193) ~[?:1.8.0_211]
	at java.util.stream.ReferencePipeline$3$1.accept(ReferencePipeline.java:193) ~[?:1.8.0_211]
	at java.util.stream.ReferencePipeline$3$1.accept(ReferencePipeline.java:193) ~[?:1.8.0_211]
	at java.util.ArrayList$ArrayListSpliterator.forEachRemaining(ArrayList.java:1382) ~[?:1.8.0_211]
	at java.util.stream.AbstractPipeline.copyInto(AbstractPipeline.java:481) ~[?:1.8.0_211]
	at java.util.stream.AbstractPipeline.wrapAndCopyInto(AbstractPipeline.java:471) ~[?:1.8.0_211]
	at java.util.stream.ForEachOps$ForEachOp.evaluateSequential(ForEachOps.java:151) ~[?:1.8.0_211]
	at java.util.stream.ForEachOps$ForEachOp$OfRef.evaluateSequential(ForEachOps.java:174) ~[?:1.8.0_211]
	at java.util.stream.AbstractPipeline.evaluate(AbstractPipeline.java:234) ~[?:1.8.0_211]
	at java.util.stream.ReferencePipeline.forEach(ReferencePipeline.java:418) ~[?:1.8.0_211]
	at java.util.stream.ReferencePipeline$7$1.accept(ReferencePipeline.java:270) ~[?:1.8.0_211]
	at java.util.ArrayList$ArrayListSpliterator.forEachRemaining(ArrayList.java:1382) ~[?:1.8.0_211]
	at java.util.stream.AbstractPipeline.copyInto(AbstractPipeline.java:481) ~[?:1.8.0_211]
	at java.util.stream.AbstractPipeline.wrapAndCopyInto(AbstractPipeline.java:471) ~[?:1.8.0_211]
	at java.util.stream.ForEachOps$ForEachOp.evaluateSequential(ForEachOps.java:151) ~[?:1.8.0_211]
	at java.util.stream.ForEachOps$ForEachOp$OfRef.evaluateSequential(ForEachOps.java:174) ~[?:1.8.0_211]
	at java.util.stream.AbstractPipeline.evaluate(AbstractPipeline.java:234) ~[?:1.8.0_211]
	at java.util.stream.ReferencePipeline.forEach(ReferencePipeline.java:418) ~[?:1.8.0_211]
	at org.junit.jupiter.engine.descriptor.TestTemplateTestDescriptor.execute(TestTemplateTestDescriptor.java:106) ~[junit-jupiter-engine-5.5.0-RC2.jar:5.5.0-RC2]
	at org.junit.jupiter.engine.descriptor.TestTemplateTestDescriptor.execute(TestTemplateTestDescriptor.java:41) ~[junit-jupiter-engine-5.5.0-RC2.jar:5.5.0-RC2]
	at org.junit.platform.engine.support.hierarchical.NodeTestTask.lambda$executeRecursively$5(NodeTestTask.java:135) ~[junit-platform-engine-1.5.0-RC2.jar:1.5.0-RC2]
	at org.junit.platform.engine.support.hierarchical.ThrowableCollector.execute(ThrowableCollector.java:73) ~[junit-platform-engine-1.5.0-RC2.jar:1.5.0-RC2]
	at org.junit.platform.engine.support.hierarchical.NodeTestTask.lambda$executeRecursively$7(NodeTestTask.java:125) ~[junit-platform-engine-1.5.0-RC2.jar:1.5.0-RC2]
	at org.junit.platform.engine.support.hierarchical.Node.around(Node.java:135) ~[junit-platform-engine-1.5.0-RC2.jar:1.5.0-RC2]
	at org.junit.platform.engine.support.hierarchical.NodeTestTask.lambda$executeRecursively$8(NodeTestTask.java:123) ~[junit-platform-engine-1.5.0-RC2.jar:1.5.0-RC2]
	at org.junit.platform.engine.support.hierarchical.ThrowableCollector.execute(ThrowableCollector.java:73) ~[junit-platform-engine-1.5.0-RC2.jar:1.5.0-RC2]
	at org.junit.platform.engine.support.hierarchical.NodeTestTask.executeRecursively(NodeTestTask.java:122) ~[junit-platform-engine-1.5.0-RC2.jar:1.5.0-RC2]
	at org.junit.platform.engine.support.hierarchical.NodeTestTask.execute(NodeTestTask.java:80) ~[junit-platform-engine-1.5.0-RC2.jar:1.5.0-RC2]
	at java.util.ArrayList.forEach(ArrayList.java:1257) ~[?:1.8.0_211]
	at org.junit.platform.engine.support.hierarchical.SameThreadHierarchicalTestExecutorService.invokeAll(SameThreadHierarchicalTestExecutorService.java:38) ~[junit-platform-engine-1.5.0-RC2.jar:1.5.0-RC2]
	at org.junit.platform.engine.support.hierarchical.NodeTestTask.lambda$executeRecursively$5(NodeTestTask.java:139) ~[junit-platform-engine-1.5.0-RC2.jar:1.5.0-RC2]
	at org.junit.platform.engine.support.hierarchical.ThrowableCollector.execute(ThrowableCollector.java:73) ~[junit-platform-engine-1.5.0-RC2.jar:1.5.0-RC2]
	at org.junit.platform.engine.support.hierarchical.NodeTestTask.lambda$executeRecursively$7(NodeTestTask.java:125) ~[junit-platform-engine-1.5.0-RC2.jar:1.5.0-RC2]
	at org.junit.platform.engine.support.hierarchical.Node.around(Node.java:135) ~[junit-platform-engine-1.5.0-RC2.jar:1.5.0-RC2]
	at org.junit.platform.engine.support.hierarchical.NodeTestTask.lambda$executeRecursively$8(NodeTestTask.java:123) ~[junit-platform-engine-1.5.0-RC2.jar:1.5.0-RC2]
	at org.junit.platform.engine.support.hierarchical.ThrowableCollector.execute(ThrowableCollector.java:73) ~[junit-platform-engine-1.5.0-RC2.jar:1.5.0-RC2]
	at org.junit.platform.engine.support.hierarchical.NodeTestTask.executeRecursively(NodeTestTask.java:122) ~[junit-platform-engine-1.5.0-RC2.jar:1.5.0-RC2]
	at org.junit.platform.engine.support.hierarchical.NodeTestTask.execute(NodeTestTask.java:80) ~[junit-platform-engine-1.5.0-RC2.jar:1.5.0-RC2]
	at java.util.ArrayList.forEach(ArrayList.java:1257) ~[?:1.8.0_211]
	at org.junit.platform.engine.support.hierarchical.SameThreadHierarchicalTestExecutorService.invokeAll(SameThreadHierarchicalTestExecutorService.java:38) ~[junit-platform-engine-1.5.0-RC2.jar:1.5.0-RC2]
	at org.junit.platform.engine.support.hierarchical.NodeTestTask.lambda$executeRecursively$5(NodeTestTask.java:139) ~[junit-platform-engine-1.5.0-RC2.jar:1.5.0-RC2]
	at org.junit.platform.engine.support.hierarchical.ThrowableCollector.execute(ThrowableCollector.java:73) ~[junit-platform-engine-1.5.0-RC2.jar:1.5.0-RC2]
	at org.junit.platform.engine.support.hierarchical.NodeTestTask.lambda$executeRecursively$7(NodeTestTask.java:125) ~[junit-platform-engine-1.5.0-RC2.jar:1.5.0-RC2]
	at org.junit.platform.engine.support.hierarchical.Node.around(Node.java:135) ~[junit-platform-engine-1.5.0-RC2.jar:1.5.0-RC2]
	at org.junit.platform.engine.support.hierarchical.NodeTestTask.lambda$executeRecursively$8(NodeTestTask.java:123) ~[junit-platform-engine-1.5.0-RC2.jar:1.5.0-RC2]
	at org.junit.platform.engine.support.hierarchical.ThrowableCollector.execute(ThrowableCollector.java:73) ~[junit-platform-engine-1.5.0-RC2.jar:1.5.0-RC2]
	at org.junit.platform.engine.support.hierarchical.NodeTestTask.executeRecursively(NodeTestTask.java:122) ~[junit-platform-engine-1.5.0-RC2.jar:1.5.0-RC2]
	at org.junit.platform.engine.support.hierarchical.NodeTestTask.execute(NodeTestTask.java:80) ~[junit-platform-engine-1.5.0-RC2.jar:1.5.0-RC2]
	at org.junit.platform.engine.support.hierarchical.SameThreadHierarchicalTestExecutorService.submit(SameThreadHierarchicalTestExecutorService.java:32) ~[junit-platform-engine-1.5.0-RC2.jar:1.5.0-RC2]
	at org.junit.platform.engine.support.hierarchical.HierarchicalTestExecutor.execute(HierarchicalTestExecutor.java:57) ~[junit-platform-engine-1.5.0-RC2.jar:1.5.0-RC2]
	at org.junit.platform.engine.support.hierarchical.HierarchicalTestEngine.execute(HierarchicalTestEngine.java:51) ~[junit-platform-engine-1.5.0-RC2.jar:1.5.0-RC2]
	at org.junit.platform.launcher.core.DefaultLauncher.execute(DefaultLauncher.java:229) ~[junit-platform-launcher-1.5.0-RC2.jar:1.5.0-RC2]
	at org.junit.platform.launcher.core.DefaultLauncher.lambda$execute$6(DefaultLauncher.java:197) ~[junit-platform-launcher-1.5.0-RC2.jar:1.5.0-RC2]
	at org.junit.platform.launcher.core.DefaultLauncher.withInterceptedStreams(DefaultLauncher.java:211) [junit-platform-launcher-1.5.0-RC2.jar:1.5.0-RC2]
	at org.junit.platform.launcher.core.DefaultLauncher.execute(DefaultLauncher.java:191) [junit-platform-launcher-1.5.0-RC2.jar:1.5.0-RC2]
	at org.junit.platform.launcher.core.DefaultLauncher.execute(DefaultLauncher.java:128) [junit-platform-launcher-1.5.0-RC2.jar:1.5.0-RC2]
	at org.gradle.api.internal.tasks.testing.junitplatform.JUnitPlatformTestClassProcessor$CollectAllTestClassesExecutor.processAllTestClasses(JUnitPlatformTestClassProcessor.java:92) [gradle-testing-junit-platform-4.10.3.jar:4.10.3]
	at org.gradle.api.internal.tasks.testing.junitplatform.JUnitPlatformTestClassProcessor$CollectAllTestClassesExecutor.access$100(JUnitPlatformTestClassProcessor.java:77) [gradle-testing-junit-platform-4.10.3.jar:4.10.3]
	at org.gradle.api.internal.tasks.testing.junitplatform.JUnitPlatformTestClassProcessor.stop(JUnitPlatformTestClassProcessor.java:73) [gradle-testing-junit-platform-4.10.3.jar:4.10.3]
	at org.gradle.api.internal.tasks.testing.SuiteTestClassProcessor.stop(SuiteTestClassProcessor.java:61) [gradle-testing-base-4.10.3.jar:4.10.3]
	at sun.reflect.NativeMethodAccessorImpl.invoke0(Native Method) ~[?:1.8.0_211]
	at sun.reflect.NativeMethodAccessorImpl.invoke(NativeMethodAccessorImpl.java:62) ~[?:1.8.0_211]
	at sun.reflect.DelegatingMethodAccessorImpl.invoke(DelegatingMethodAccessorImpl.java:43) ~[?:1.8.0_211]
	at java.lang.reflect.Method.invoke(Method.java:498) ~[?:1.8.0_211]
	at org.gradle.internal.dispatch.ReflectionDispatch.dispatch(ReflectionDispatch.java:35) [gradle-messaging-4.10.3.jar:4.10.3]
	at org.gradle.internal.dispatch.ReflectionDispatch.dispatch(ReflectionDispatch.java:24) [gradle-messaging-4.10.3.jar:4.10.3]
	at org.gradle.internal.dispatch.ContextClassLoaderDispatch.dispatch(ContextClassLoaderDispatch.java:32) [gradle-messaging-4.10.3.jar:4.10.3]
	at org.gradle.internal.dispatch.ProxyDispatchAdapter$DispatchingInvocationHandler.invoke(ProxyDispatchAdapter.java:93) [gradle-messaging-4.10.3.jar:4.10.3]
	at com.sun.proxy.$Proxy2.stop(Unknown Source) [?:?]
	at org.gradle.api.internal.tasks.testing.worker.TestWorker.stop(TestWorker.java:131) [gradle-testing-base-4.10.3.jar:4.10.3]
	at sun.reflect.NativeMethodAccessorImpl.invoke0(Native Method) ~[?:1.8.0_211]
	at sun.reflect.NativeMethodAccessorImpl.invoke(NativeMethodAccessorImpl.java:62) ~[?:1.8.0_211]
	at sun.reflect.DelegatingMethodAccessorImpl.invoke(DelegatingMethodAccessorImpl.java:43) ~[?:1.8.0_211]
	at java.lang.reflect.Method.invoke(Method.java:498) ~[?:1.8.0_211]
	at org.gradle.internal.dispatch.ReflectionDispatch.dispatch(ReflectionDispatch.java:35) [gradle-messaging-4.10.3.jar:4.10.3]
	at org.gradle.internal.dispatch.ReflectionDispatch.dispatch(ReflectionDispatch.java:24) [gradle-messaging-4.10.3.jar:4.10.3]
	at org.gradle.internal.remote.internal.hub.MessageHubBackedObjectConnection$DispatchWrapper.dispatch(MessageHubBackedObjectConnection.java:155) [gradle-messaging-4.10.3.jar:4.10.3]
	at org.gradle.internal.remote.internal.hub.MessageHubBackedObjectConnection$DispatchWrapper.dispatch(MessageHubBackedObjectConnection.java:137) [gradle-messaging-4.10.3.jar:4.10.3]
	at org.gradle.internal.remote.internal.hub.MessageHub$Handler.run(MessageHub.java:404) [gradle-messaging-4.10.3.jar:4.10.3]
	at org.gradle.internal.concurrent.ExecutorPolicy$CatchAndRecordFailures.onExecute(ExecutorPolicy.java:63) [gradle-base-services-4.10.3.jar:4.10.3]
	at org.gradle.internal.concurrent.ManagedExecutorImpl$1.run(ManagedExecutorImpl.java:46) [gradle-base-services-4.10.3.jar:4.10.3]
	at java.util.concurrent.ThreadPoolExecutor.runWorker(ThreadPoolExecutor.java:1149) [?:1.8.0_211]
	at java.util.concurrent.ThreadPoolExecutor$Worker.run(ThreadPoolExecutor.java:624) [?:1.8.0_211]
	at org.gradle.internal.concurrent.ThreadFactoryImpl$ManagedThreadRunnable.run(ThreadFactoryImpl.java:55) [gradle-base-services-4.10.3.jar:4.10.3]
	at java.lang.Thread.run(Thread.java:748) [?:1.8.0_211]
]]></system-out>
  <system-err><![CDATA[]]></system-err>
</testsuite>
