<?xml version="1.0" encoding="UTF-8"?>
<testsuite name="org.springframework.test.context.junit.jupiter.TestConstructorAnnotationIntegrationTests" tests="3" skipped="0" failures="0" errors="0" timestamp="2019-06-21T11:44:01" hostname="Macbook-Air.local" time="0.021">
  <properties/>
  <testcase name="applicationContextInjected()" classname="org.springframework.test.context.junit.jupiter.TestConstructorAnnotationIntegrationTests" time="0.002"/>
  <testcase name="propertyPlaceholderInjected()" classname="org.springframework.test.context.junit.jupiter.TestConstructorAnnotationIntegrationTests" time="0.003"/>
  <testcase name="beansInjected()" classname="org.springframework.test.context.junit.jupiter.TestConstructorAnnotationIntegrationTests" time="0.007"/>
  <system-out><![CDATA[]]></system-out>
  <system-err><![CDATA[]]></system-err>
</testsuite>
