<?xml version="1.0" encoding="UTF-8"?>
<testsuite name="org.springframework.test.context.junit.jupiter.parallel.ParallelExecutionSpringExtensionTests" tests="10" skipped="0" failures="0" errors="0" timestamp="2019-06-21T11:44:02" hostname="Macbook-Air.local" time="9.861">
  <properties/>
  <testcase name="runTestsInParallel()[1]" classname="org.springframework.test.context.junit.jupiter.parallel.ParallelExecutionSpringExtensionTests" time="2.482"/>
  <testcase name="runTestsInParallel()[2]" classname="org.springframework.test.context.junit.jupiter.parallel.ParallelExecutionSpringExtensionTests" time="1.457"/>
  <testcase name="runTestsInParallel()[3]" classname="org.springframework.test.context.junit.jupiter.parallel.ParallelExecutionSpringExtensionTests" time="1.18"/>
  <testcase name="runTestsInParallel()[4]" classname="org.springframework.test.context.junit.jupiter.parallel.ParallelExecutionSpringExtensionTests" time="0.911"/>
  <testcase name="runTestsInParallel()[5]" classname="org.springframework.test.context.junit.jupiter.parallel.ParallelExecutionSpringExtensionTests" time="0.642"/>
  <testcase name="runTestsInParallel()[6]" classname="org.springframework.test.context.junit.jupiter.parallel.ParallelExecutionSpringExtensionTests" time="0.701"/>
  <testcase name="runTestsInParallel()[7]" classname="org.springframework.test.context.junit.jupiter.parallel.ParallelExecutionSpringExtensionTests" time="0.693"/>
  <testcase name="runTestsInParallel()[8]" classname="org.springframework.test.context.junit.jupiter.parallel.ParallelExecutionSpringExtensionTests" time="0.686"/>
  <testcase name="runTestsInParallel()[9]" classname="org.springframework.test.context.junit.jupiter.parallel.ParallelExecutionSpringExtensionTests" time="0.593"/>
  <testcase name="runTestsInParallel()[10]" classname="org.springframework.test.context.junit.jupiter.parallel.ParallelExecutionSpringExtensionTests" time="0.512"/>
  <system-out><![CDATA[]]></system-out>
  <system-err><![CDATA[]]></system-err>
</testsuite>
