<?xml version="1.0" encoding="UTF-8"?>
<testsuite name="org.springframework.test.context.junit.jupiter.web.WebSpringExtensionTests" tests="1" skipped="0" failures="0" errors="0" timestamp="2019-06-21T11:44:16" hostname="Macbook-Air.local" time="0.006">
  <properties/>
  <testcase name="springMvcTest(WebApplicationContext)" classname="org.springframework.test.context.junit.jupiter.web.WebSpringExtensionTests" time="0.006"/>
  <system-out><![CDATA[]]></system-out>
  <system-err><![CDATA[]]></system-err>
</testsuite>
