<?xml version="1.0" encoding="UTF-8"?>
<testsuite name="org.springframework.test.context.junit.jupiter.parallel.ParallelExecutionSpringExtensionTests" tests="10" skipped="0" failures="0" errors="0" timestamp="2020-11-25T14:40:32" hostname="lichangbaodeMacBook-Pro.local" time="2.765">
  <properties/>
  <testcase name="runTestsInParallel()[1]" classname="org.springframework.test.context.junit.jupiter.parallel.ParallelExecutionSpringExtensionTests" time="0.65"/>
  <testcase name="runTestsInParallel()[2]" classname="org.springframework.test.context.junit.jupiter.parallel.ParallelExecutionSpringExtensionTests" time="0.359"/>
  <testcase name="runTestsInParallel()[3]" classname="org.springframework.test.context.junit.jupiter.parallel.ParallelExecutionSpringExtensionTests" time="0.274"/>
  <testcase name="runTestsInParallel()[4]" classname="org.springframework.test.context.junit.jupiter.parallel.ParallelExecutionSpringExtensionTests" time="0.233"/>
  <testcase name="runTestsInParallel()[5]" classname="org.springframework.test.context.junit.jupiter.parallel.ParallelExecutionSpringExtensionTests" time="0.223"/>
  <testcase name="runTestsInParallel()[6]" classname="org.springframework.test.context.junit.jupiter.parallel.ParallelExecutionSpringExtensionTests" time="0.235"/>
  <testcase name="runTestsInParallel()[7]" classname="org.springframework.test.context.junit.jupiter.parallel.ParallelExecutionSpringExtensionTests" time="0.215"/>
  <testcase name="runTestsInParallel()[8]" classname="org.springframework.test.context.junit.jupiter.parallel.ParallelExecutionSpringExtensionTests" time="0.223"/>
  <testcase name="runTestsInParallel()[9]" classname="org.springframework.test.context.junit.jupiter.parallel.ParallelExecutionSpringExtensionTests" time="0.173"/>
  <testcase name="runTestsInParallel()[10]" classname="org.springframework.test.context.junit.jupiter.parallel.ParallelExecutionSpringExtensionTests" time="0.177"/>
  <system-out><![CDATA[]]></system-out>
  <system-err><![CDATA[]]></system-err>
</testsuite>
