<?xml version="1.0" encoding="UTF-8"?>
<testsuite name="org.springframework.test.context.junit.jupiter.TestConstructorAnnotationIntegrationTests" tests="3" skipped="0" failures="0" errors="0" timestamp="2020-11-25T14:40:32" hostname="lichangbaodeMacBook-Pro.local" time="0.009">
  <properties/>
  <testcase name="applicationContextInjected()" classname="org.springframework.test.context.junit.jupiter.TestConstructorAnnotationIntegrationTests" time="0.001"/>
  <testcase name="propertyPlaceholderInjected()" classname="org.springframework.test.context.junit.jupiter.TestConstructorAnnotationIntegrationTests" time="0.001"/>
  <testcase name="beansInjected()" classname="org.springframework.test.context.junit.jupiter.TestConstructorAnnotationIntegrationTests" time="0.003"/>
  <system-out><![CDATA[]]></system-out>
  <system-err><![CDATA[]]></system-err>
</testsuite>
