<?xml version="1.0" encoding="UTF-8"?>
<testsuite name="org.springframework.test.context.junit.jupiter.nested.NestedTestsWithSqlScriptsAndJUnitJupiterTests" tests="1" skipped="0" failures="0" errors="0" timestamp="2020-11-25T14:40:37" hostname="lichangbaodeMacBook-Pro.local" time="0.03">
  <properties/>
  <testcase name="sqlScripts()" classname="org.springframework.test.context.junit.jupiter.nested.NestedTestsWithSqlScriptsAndJUnitJupiterTests" time="0.03"/>
  <system-out><![CDATA[]]></system-out>
  <system-err><![CDATA[]]></system-err>
</testsuite>
