<?xml version="1.0" encoding="UTF-8"?>
<testsuite name="org.springframework.test.context.junit.jupiter.SpringManagedJupiterExtensionTests" tests="2" skipped="0" failures="0" errors="0" timestamp="2019-06-21T11:44:17" hostname="Macbook-Air.local" time="0.003">
  <properties/>
  <testcase name="testTemplate(String)[1]" classname="org.springframework.test.context.junit.jupiter.SpringManagedJupiterExtensionTests" time="0.001"/>
  <testcase name="testTemplate(String)[2]" classname="org.springframework.test.context.junit.jupiter.SpringManagedJupiterExtensionTests" time="0.001"/>
  <system-out><![CDATA[]]></system-out>
  <system-err><![CDATA[]]></system-err>
</testsuite>
