<?xml version="1.0" encoding="UTF-8"?>
<testsuite name="org.springframework.test.context.testng.web.TestNGSpringContextWebTests" tests="2" skipped="0" failures="0" errors="0" timestamp="2020-11-25T14:40:41" hostname="lichangbaodeMacBook-Pro.local" time="0.006">
  <properties/>
  <testcase name="basicWacFeatures" classname="org.springframework.test.context.testng.web.TestNGSpringContextWebTests" time="0.004"/>
  <testcase name="fooEnigmaAutowired" classname="org.springframework.test.context.testng.web.TestNGSpringContextWebTests" time="0.0"/>
  <system-out><![CDATA[]]></system-out>
  <system-err><![CDATA[]]></system-err>
</testsuite>
