<?xml version="1.0" encoding="UTF-8"?>
<testsuite name="org.springframework.test.context.testng.web.ServletTestExecutionListenerTestNGIntegrationTests" tests="2" skipped="0" failures="0" errors="0" timestamp="2020-11-25T14:40:41" hostname="lichangbaodeMacBook-Pro.local" time="0.001">
  <properties/>
  <testcase name="ensureMocksAreReinjectedBetweenTests_1" classname="org.springframework.test.context.testng.web.ServletTestExecutionListenerTestNGIntegrationTests" time="0.0"/>
  <testcase name="ensureMocksAreReinjectedBetweenTests_2" classname="org.springframework.test.context.testng.web.ServletTestExecutionListenerTestNGIntegrationTests" time="0.0"/>
  <system-out><![CDATA[]]></system-out>
  <system-err><![CDATA[]]></system-err>
</testsuite>
