<?xml version="1.0" encoding="UTF-8"?>
<testsuite name="org.springframework.test.context.testng.web.TestNGSpringContextWebTests" tests="2" skipped="0" failures="0" errors="0" timestamp="2019-06-21T11:44:25" hostname="Macbook-Air.local" time="0.009">
  <properties/>
  <testcase name="basicWacFeatures" classname="org.springframework.test.context.testng.web.TestNGSpringContextWebTests" time="0.006"/>
  <testcase name="fooEnigmaAutowired" classname="org.springframework.test.context.testng.web.TestNGSpringContextWebTests" time="0.001"/>
  <system-out><![CDATA[]]></system-out>
  <system-err><![CDATA[]]></system-err>
</testsuite>
