<?xml version="1.0" encoding="UTF-8"?>
<testsuite name="org.springframework.cache.aspectj.AspectJEnableCachingIsolatedTests" tests="9" skipped="1" failures="0" errors="0" timestamp="2020-11-25T14:37:50" hostname="lichangbaodeMacBook-Pro.local" time="0.139">
  <properties/>
  <testcase name="multipleCacheManagerBeans_implementsCachingConfigurer" classname="org.springframework.cache.aspectj.AspectJEnableCachingIsolatedTests" time="0.022"/>
  <testcase name="bothSetOnlyResolverIsUsed" classname="org.springframework.cache.aspectj.AspectJEnableCachingIsolatedTests" time="0.018"/>
  <testcase name="emptyConfigSupport" classname="org.springframework.cache.aspectj.AspectJEnableCachingIsolatedTests" time="0.0">
    <skipped/>
  </testcase>
  <testcase name="testKeyStrategy" classname="org.springframework.cache.aspectj.AspectJEnableCachingIsolatedTests" time="0.022"/>
  <testcase name="testCacheErrorHandler" classname="org.springframework.cache.aspectj.AspectJEnableCachingIsolatedTests" time="0.016"/>
  <testcase name="multipleCacheManagerBeans" classname="org.springframework.cache.aspectj.AspectJEnableCachingIsolatedTests" time="0.019"/>
  <testcase name="multipleCachingConfigurers" classname="org.springframework.cache.aspectj.AspectJEnableCachingIsolatedTests" time="0.013"/>
  <testcase name="noCacheManagerBeans" classname="org.springframework.cache.aspectj.AspectJEnableCachingIsolatedTests" time="0.012"/>
  <testcase name="singleCacheManagerBean" classname="org.springframework.cache.aspectj.AspectJEnableCachingIsolatedTests" time="0.016"/>
  <system-out><![CDATA[]]></system-out>
  <system-err><![CDATA[]]></system-err>
</testsuite>
