<?xml version="1.0" encoding="UTF-8"?>
<testsuite name="org.springframework.cache.aspectj.AspectJEnableCachingIsolatedTests" tests="9" skipped="1" failures="0" errors="0" timestamp="2019-06-21T11:39:22" hostname="Macbook-Air.local" time="0.202">
  <properties/>
  <testcase name="multipleCacheManagerBeans_implementsCachingConfigurer" classname="org.springframework.cache.aspectj.AspectJEnableCachingIsolatedTests" time="0.033"/>
  <testcase name="bothSetOnlyResolverIsUsed" classname="org.springframework.cache.aspectj.AspectJEnableCachingIsolatedTests" time="0.027"/>
  <testcase name="emptyConfigSupport" classname="org.springframework.cache.aspectj.AspectJEnableCachingIsolatedTests" time="0.001">
    <skipped/>
  </testcase>
  <testcase name="testKeyStrategy" classname="org.springframework.cache.aspectj.AspectJEnableCachingIsolatedTests" time="0.031"/>
  <testcase name="testCacheErrorHandler" classname="org.springframework.cache.aspectj.AspectJEnableCachingIsolatedTests" time="0.021"/>
  <testcase name="multipleCacheManagerBeans" classname="org.springframework.cache.aspectj.AspectJEnableCachingIsolatedTests" time="0.027"/>
  <testcase name="multipleCachingConfigurers" classname="org.springframework.cache.aspectj.AspectJEnableCachingIsolatedTests" time="0.017"/>
  <testcase name="noCacheManagerBeans" classname="org.springframework.cache.aspectj.AspectJEnableCachingIsolatedTests" time="0.019"/>
  <testcase name="singleCacheManagerBean" classname="org.springframework.cache.aspectj.AspectJEnableCachingIsolatedTests" time="0.024"/>
  <system-out><![CDATA[]]></system-out>
  <system-err><![CDATA[]]></system-err>
</testsuite>
