<?xml version="1.0" encoding="UTF-8"?>
<testsuite name="org.springframework.beans.factory.aspectj.XmlBeanConfigurerTests" tests="1" skipped="0" failures="0" errors="0" timestamp="2020-11-25T14:37:51" hostname="lichangbaodeMacBook-Pro.local" time="0.014">
  <properties/>
  <testcase name="injection" classname="org.springframework.beans.factory.aspectj.XmlBeanConfigurerTests" time="0.014"/>
  <system-out><![CDATA[]]></system-out>
  <system-err><![CDATA[]]></system-err>
</testsuite>
