<?xml version="1.0" encoding="UTF-8"?>
<testsuite name="org.springframework.context.annotation.aspectj.AnnotationBeanConfigurerTests" tests="1" skipped="0" failures="0" errors="0" timestamp="2019-06-21T11:39:16" hostname="Macbook-Air.local" time="0.295">
  <properties/>
  <testcase name="injection" classname="org.springframework.context.annotation.aspectj.AnnotationBeanConfigurerTests" time="0.295"/>
  <system-out><![CDATA[]]></system-out>
  <system-err><![CDATA[]]></system-err>
</testsuite>
