<?xml version="1.0" encoding="UTF-8"?>
<testsuite name="org.springframework.scheduling.aspectj.AnnotationDrivenBeanDefinitionParserTests" tests="3" skipped="0" failures="0" errors="0" timestamp="2020-11-25T14:37:50" hostname="lichangbaodeMacBook-Pro.local" time="0.083">
  <properties/>
  <testcase name="asyncPostProcessorExceptionHandlerReference" classname="org.springframework.scheduling.aspectj.AnnotationDrivenBeanDefinitionParserTests" time="0.063"/>
  <testcase name="asyncAspectRegistered" classname="org.springframework.scheduling.aspectj.AnnotationDrivenBeanDefinitionParserTests" time="0.01"/>
  <testcase name="asyncPostProcessorExecutorReference" classname="org.springframework.scheduling.aspectj.AnnotationDrivenBeanDefinitionParserTests" time="0.01"/>
  <system-out><![CDATA[]]></system-out>
  <system-err><![CDATA[]]></system-err>
</testsuite>
