<?xml version="1.0" encoding="UTF-8"?>
<testsuite name="org.springframework.oxm.config.OxmNamespaceHandlerTests" tests="2" skipped="0" failures="0" errors="0" timestamp="2019-06-21T11:43:50" hostname="Macbook-Air.local" time="1.503">
  <properties/>
  <testcase name="jaxb2ClassesToBeBoundMarshaller" classname="org.springframework.oxm.config.OxmNamespaceHandlerTests" time="1.447"/>
  <testcase name="jaxb2ContextPathMarshaller" classname="org.springframework.oxm.config.OxmNamespaceHandlerTests" time="0.055"/>
  <system-out><![CDATA[]]></system-out>
  <system-err><![CDATA[]]></system-err>
</testsuite>
