<?xml version="1.0" encoding="UTF-8"?>
<testsuite name="org.springframework.oxm.jaxb.Jaxb2UnmarshallerTests" tests="12" skipped="0" failures="0" errors="0" timestamp="2019-06-21T11:43:53" hostname="Macbook-Air.local" time="0.273">
  <properties/>
  <testcase name="marshalAttachments" classname="org.springframework.oxm.jaxb.Jaxb2UnmarshallerTests" time="0.074"/>
  <testcase name="unmarshalPartialStaxSourceXmlStreamReader" classname="org.springframework.oxm.jaxb.Jaxb2UnmarshallerTests" time="0.048"/>
  <testcase name="unmarshalFile" classname="org.springframework.oxm.jaxb.Jaxb2UnmarshallerTests" time="0.019"/>
  <testcase name="unmarshalAnXmlReferingToAWrappedXmlElementDecl" classname="org.springframework.oxm.jaxb.Jaxb2UnmarshallerTests" time="0.041"/>
  <testcase name="unmarshalStreamSourceReader" classname="org.springframework.oxm.jaxb.Jaxb2UnmarshallerTests" time="0.008"/>
  <testcase name="unmarshalJaxp14StaxSourceXmlEventReader" classname="org.springframework.oxm.jaxb.Jaxb2UnmarshallerTests" time="0.015"/>
  <testcase name="unmarshalStaxSourceXmlStreamReader" classname="org.springframework.oxm.jaxb.Jaxb2UnmarshallerTests" time="0.009"/>
  <testcase name="unmarshalSAXSource" classname="org.springframework.oxm.jaxb.Jaxb2UnmarshallerTests" time="0.009"/>
  <testcase name="unmarshalStreamSourceInputStream" classname="org.springframework.oxm.jaxb.Jaxb2UnmarshallerTests" time="0.01"/>
  <testcase name="unmarshalJaxp14StaxSourceXmlStreamReader" classname="org.springframework.oxm.jaxb.Jaxb2UnmarshallerTests" time="0.015"/>
  <testcase name="unmarshalStaxSourceXmlEventReader" classname="org.springframework.oxm.jaxb.Jaxb2UnmarshallerTests" time="0.008"/>
  <testcase name="unmarshalDomSource" classname="org.springframework.oxm.jaxb.Jaxb2UnmarshallerTests" time="0.012"/>
  <system-out><![CDATA[]]></system-out>
  <system-err><![CDATA[]]></system-err>
</testsuite>
