<?xml version="1.0" encoding="UTF-8"?>
<testsuite name="org.springframework.oxm.jibx.JibxMarshallerTests" tests="13" skipped="0" failures="0" errors="0" timestamp="2020-11-25T14:40:27" hostname="lichangbaodeMacBook-Pro.local" time="0.072">
  <properties/>
  <testcase name="supports" classname="org.springframework.oxm.jibx.JibxMarshallerTests" time="0.012"/>
  <testcase name="afterPropertiesSetNoContextPath" classname="org.springframework.oxm.jibx.JibxMarshallerTests" time="0.001"/>
  <testcase name="encodingAndStandalone" classname="org.springframework.oxm.jibx.JibxMarshallerTests" time="0.007"/>
  <testcase name="dtd" classname="org.springframework.oxm.jibx.JibxMarshallerTests" time="0.001"/>
  <testcase name="indentation" classname="org.springframework.oxm.jibx.JibxMarshallerTests" time="0.006"/>
  <testcase name="marshalStreamResultOutputStream" classname="org.springframework.oxm.jibx.JibxMarshallerTests" time="0.008"/>
  <testcase name="marshalStaxResultEventWriter" classname="org.springframework.oxm.jibx.JibxMarshallerTests" time="0.008"/>
  <testcase name="marshalEmptyDOMResult" classname="org.springframework.oxm.jibx.JibxMarshallerTests" time="0.008"/>
  <testcase name="marshalStreamResultWriter" classname="org.springframework.oxm.jibx.JibxMarshallerTests" time="0.005"/>
  <testcase name="marshalDOMResult" classname="org.springframework.oxm.jibx.JibxMarshallerTests" time="0.003"/>
  <testcase name="marshalJaxp14StaxResultEventWriter" classname="org.springframework.oxm.jibx.JibxMarshallerTests" time="0.005"/>
  <testcase name="marshalStaxResultStreamWriter" classname="org.springframework.oxm.jibx.JibxMarshallerTests" time="0.004"/>
  <testcase name="marshalJaxp14StaxResultStreamWriter" classname="org.springframework.oxm.jibx.JibxMarshallerTests" time="0.004"/>
  <system-out><![CDATA[]]></system-out>
  <system-err><![CDATA[]]></system-err>
</testsuite>
