<?xml version="1.0" encoding="UTF-8"?>
<testsuite name="org.springframework.oxm.config.OxmNamespaceHandlerTests" tests="2" skipped="0" failures="0" errors="0" timestamp="2020-11-25T14:40:25" hostname="lichangbaodeMacBook-Pro.local" time="0.73">
  <properties/>
  <testcase name="jaxb2ClassesToBeBoundMarshaller" classname="org.springframework.oxm.config.OxmNamespaceHandlerTests" time="0.709"/>
  <testcase name="jaxb2ContextPathMarshaller" classname="org.springframework.oxm.config.OxmNamespaceHandlerTests" time="0.021"/>
  <system-out><![CDATA[]]></system-out>
  <system-err><![CDATA[]]></system-err>
</testsuite>
