<?xml version="1.0" encoding="UTF-8"?>
<testsuite name="org.springframework.jms.remoting.JmsInvokerTests" tests="3" skipped="0" failures="0" errors="0" timestamp="2019-06-21T11:42:27" hostname="Macbook-Air.local" time="1.744">
  <properties/>
  <testcase name="testJmsInvokerProxyFactoryBeanAndServiceExporterWithDynamicQueue" classname="org.springframework.jms.remoting.JmsInvokerTests" time="1.727"/>
  <testcase name="testJmsInvokerProxyFactoryBeanAndServiceExporter" classname="org.springframework.jms.remoting.JmsInvokerTests" time="0.009"/>
  <testcase name="receiveTimeoutExpired" classname="org.springframework.jms.remoting.JmsInvokerTests" time="0.008"/>
  <system-out><![CDATA[]]></system-out>
  <system-err><![CDATA[]]></system-err>
</testsuite>
