<?xml version="1.0" encoding="UTF-8"?>
<testsuite name="org.springframework.jms.listener.DefaultMessageListenerContainerTests" tests="4" skipped="0" failures="0" errors="0" timestamp="2019-06-21T11:42:31" hostname="Macbook-Air.local" time="0.185">
  <properties/>
  <testcase name="runnableIsInvokedEvenIfContainerIsNotRunning" classname="org.springframework.jms.listener.DefaultMessageListenerContainerTests" time="0.047"/>
  <testcase name="recoverResetBackOff" classname="org.springframework.jms.listener.DefaultMessageListenerContainerTests" time="0.074"/>
  <testcase name="applyBackOff" classname="org.springframework.jms.listener.DefaultMessageListenerContainerTests" time="0.005"/>
  <testcase name="applyBackOffRetry" classname="org.springframework.jms.listener.DefaultMessageListenerContainerTests" time="0.059"/>
  <system-out><![CDATA[19:42:31.297 [Test worker] ERROR o.s.j.l.DefaultMessageListenerContainer - Could not refresh JMS Connection for destination 'org.springframework.jms.listener.DefaultMessageListenerContainerTests$1@2f104c05' - retrying using Mock for BackOffExecution, hashCode: 807088535. Cause: Test exception (attempt 1)
19:42:31.358 [Test worker] ERROR o.s.j.l.DefaultMessageListenerContainer - Could not refresh JMS Connection for destination 'org.springframework.jms.listener.DefaultMessageListenerContainerTests$1@16d3c0e2' - retrying using Mock for BackOffExecution, hashCode: 1275983708. Cause: Test exception
19:42:31.358 [Test worker] ERROR o.s.j.l.DefaultMessageListenerContainer - Stopping container for destination 'org.springframework.jms.listener.DefaultMessageListenerContainerTests$1@16d3c0e2': back-off policy does not allow for further attempts.
19:42:31.362 [Test worker] ERROR o.s.j.l.DefaultMessageListenerContainer - Could not refresh JMS Connection for destination 'org.springframework.jms.listener.DefaultMessageListenerContainerTests$1@f4aec59' - retrying using Mock for BackOffExecution, hashCode: 65969139. Cause: Test exception
19:42:31.417 [Test worker] ERROR o.s.j.l.DefaultMessageListenerContainer - Could not refresh JMS Connection for destination 'org.springframework.jms.listener.DefaultMessageListenerContainerTests$1@f4aec59' - retrying using Mock for BackOffExecution, hashCode: 65969139. Cause: Test exception
19:42:31.418 [Test worker] ERROR o.s.j.l.DefaultMessageListenerContainer - Stopping container for destination 'org.springframework.jms.listener.DefaultMessageListenerContainerTests$1@f4aec59': back-off policy does not allow for further attempts.
]]></system-out>
  <system-err><![CDATA[]]></system-err>
</testsuite>
