<?xml version="1.0" encoding="UTF-8"?>
<testsuite name="org.springframework.jms.annotation.JmsListenerAnnotationBeanPostProcessorTests" tests="5" skipped="0" failures="0" errors="0" timestamp="2020-11-25T14:39:32" hostname="lichangbaodeMacBook-Pro.local" time="0.142">
  <properties/>
  <testcase name="simpleMessageListener" classname="org.springframework.jms.annotation.JmsListenerAnnotationBeanPostProcessorTests" time="0.01"/>
  <testcase name="invalidProxy" classname="org.springframework.jms.annotation.JmsListenerAnnotationBeanPostProcessorTests" time="0.078"/>
  <testcase name="sendToAnnotationFoundOnCglibProxy" classname="org.springframework.jms.annotation.JmsListenerAnnotationBeanPostProcessorTests" time="0.029"/>
  <testcase name="metaAnnotationIsDiscovered" classname="org.springframework.jms.annotation.JmsListenerAnnotationBeanPostProcessorTests" time="0.007"/>
  <testcase name="sendToAnnotationFoundOnInterfaceProxy" classname="org.springframework.jms.annotation.JmsListenerAnnotationBeanPostProcessorTests" time="0.017"/>
  <system-out><![CDATA[]]></system-out>
  <system-err><![CDATA[]]></system-err>
</testsuite>
