<?xml version="1.0" encoding="UTF-8"?>
<testsuite name="org.springframework.jms.listener.DefaultMessageListenerContainerTests" tests="4" skipped="0" failures="0" errors="0" timestamp="2020-11-25T14:39:30" hostname="lichangbaodeMacBook-Pro.local" time="0.137">
  <properties/>
  <testcase name="runnableIsInvokedEvenIfContainerIsNotRunning" classname="org.springframework.jms.listener.DefaultMessageListenerContainerTests" time="0.02"/>
  <testcase name="recoverResetBackOff" classname="org.springframework.jms.listener.DefaultMessageListenerContainerTests" time="0.061"/>
  <testcase name="applyBackOff" classname="org.springframework.jms.listener.DefaultMessageListenerContainerTests" time="0.002"/>
  <testcase name="applyBackOffRetry" classname="org.springframework.jms.listener.DefaultMessageListenerContainerTests" time="0.054"/>
  <system-out><![CDATA[22:39:30.824 [Test worker] ERROR o.s.j.l.DefaultMessageListenerContainer - Could not refresh JMS Connection for destination 'org.springframework.jms.listener.DefaultMessageListenerContainerTests$1@6adcf931' - retrying using Mock for BackOffExecution, hashCode: 659793097. Cause: Test exception (attempt 1)
22:39:30.876 [Test worker] ERROR o.s.j.l.DefaultMessageListenerContainer - Could not refresh JMS Connection for destination 'org.springframework.jms.listener.DefaultMessageListenerContainerTests$1@3f610ed4' - retrying using Mock for BackOffExecution, hashCode: 1823262698. Cause: Test exception
22:39:30.877 [Test worker] ERROR o.s.j.l.DefaultMessageListenerContainer - Stopping container for destination 'org.springframework.jms.listener.DefaultMessageListenerContainerTests$1@3f610ed4': back-off policy does not allow for further attempts.
22:39:30.878 [Test worker] ERROR o.s.j.l.DefaultMessageListenerContainer - Could not refresh JMS Connection for destination 'org.springframework.jms.listener.DefaultMessageListenerContainerTests$1@79801e96' - retrying using Mock for BackOffExecution, hashCode: 1216717325. Cause: Test exception
22:39:30.931 [Test worker] ERROR o.s.j.l.DefaultMessageListenerContainer - Could not refresh JMS Connection for destination 'org.springframework.jms.listener.DefaultMessageListenerContainerTests$1@79801e96' - retrying using Mock for BackOffExecution, hashCode: 1216717325. Cause: Test exception
22:39:30.931 [Test worker] ERROR o.s.j.l.DefaultMessageListenerContainer - Stopping container for destination 'org.springframework.jms.listener.DefaultMessageListenerContainerTests$1@79801e96': back-off policy does not allow for further attempts.
]]></system-out>
  <system-err><![CDATA[]]></system-err>
</testsuite>
