<?xml version="1.0" encoding="UTF-8"?>
<testsuite name="org.springframework.jms.annotation.EnableJmsTests" tests="14" skipped="0" failures="0" errors="0" timestamp="2019-06-21T11:42:34" hostname="Macbook-Air.local" time="0.601">
  <properties/>
  <testcase name="jmsListeners" classname="org.springframework.jms.annotation.EnableJmsTests" time="0.248"/>
  <testcase name="unknownFactory" classname="org.springframework.jms.annotation.EnableJmsTests" time="0.027"/>
  <testcase name="sampleConfiguration" classname="org.springframework.jms.annotation.EnableJmsTests" time="0.028"/>
  <testcase name="customConfiguration" classname="org.springframework.jms.annotation.EnableJmsTests" time="0.047"/>
  <testcase name="composedJmsListeners" classname="org.springframework.jms.annotation.EnableJmsTests" time="0.027"/>
  <testcase name="containerCanBeStarterViaTheRegistry" classname="org.springframework.jms.annotation.EnableJmsTests" time="0.032"/>
  <testcase name="jmsHandlerMethodFactoryConfiguration" classname="org.springframework.jms.annotation.EnableJmsTests" time="0.04"/>
  <testcase name="explicitContainerFactory" classname="org.springframework.jms.annotation.EnableJmsTests" time="0.023"/>
  <testcase name="fullConfiguration" classname="org.springframework.jms.annotation.EnableJmsTests" time="0.026"/>
  <testcase name="lazyComponent" classname="org.springframework.jms.annotation.EnableJmsTests" time="0.019"/>
  <testcase name="defaultContainerFactory" classname="org.springframework.jms.annotation.EnableJmsTests" time="0.016"/>
  <testcase name="jmsListenerIsRepeatable" classname="org.springframework.jms.annotation.EnableJmsTests" time="0.021"/>
  <testcase name="containerAreStartedByDefault" classname="org.springframework.jms.annotation.EnableJmsTests" time="0.015"/>
  <testcase name="fullConfigurableConfiguration" classname="org.springframework.jms.annotation.EnableJmsTests" time="0.031"/>
  <system-out><![CDATA[]]></system-out>
  <system-err><![CDATA[]]></system-err>
</testsuite>
