<?xml version="1.0" encoding="UTF-8"?>
<testsuite name="org.springframework.jms.annotation.AnnotationDrivenNamespaceTests" tests="9" skipped="0" failures="0" errors="0" timestamp="2020-11-25T14:39:32" hostname="lichangbaodeMacBook-Pro.local" time="0.132">
  <properties/>
  <testcase name="jmsListeners" classname="org.springframework.jms.annotation.AnnotationDrivenNamespaceTests" time="0.014"/>
  <testcase name="sampleConfiguration" classname="org.springframework.jms.annotation.AnnotationDrivenNamespaceTests" time="0.012"/>
  <testcase name="customConfiguration" classname="org.springframework.jms.annotation.AnnotationDrivenNamespaceTests" time="0.019"/>
  <testcase name="jmsHandlerMethodFactoryConfiguration" classname="org.springframework.jms.annotation.AnnotationDrivenNamespaceTests" time="0.019"/>
  <testcase name="explicitContainerFactory" classname="org.springframework.jms.annotation.AnnotationDrivenNamespaceTests" time="0.011"/>
  <testcase name="fullConfiguration" classname="org.springframework.jms.annotation.AnnotationDrivenNamespaceTests" time="0.013"/>
  <testcase name="defaultContainerFactory" classname="org.springframework.jms.annotation.AnnotationDrivenNamespaceTests" time="0.009"/>
  <testcase name="jmsListenerIsRepeatable" classname="org.springframework.jms.annotation.AnnotationDrivenNamespaceTests" time="0.009"/>
  <testcase name="fullConfigurableConfiguration" classname="org.springframework.jms.annotation.AnnotationDrivenNamespaceTests" time="0.026"/>
  <system-out><![CDATA[]]></system-out>
  <system-err><![CDATA[]]></system-err>
</testsuite>
