<?xml version="1.0" encoding="UTF-8"?>
<testsuite name="org.springframework.jms.config.JmsListenerContainerFactoryTests" tests="6" skipped="0" failures="0" errors="0" timestamp="2019-06-21T11:42:34" hostname="Macbook-Air.local" time="0.022">
  <properties/>
  <testcase name="endpointConcurrencyTakesPrecedence" classname="org.springframework.jms.config.JmsListenerContainerFactoryTests" time="0.015"/>
  <testcase name="createJmsContainerFullConfig" classname="org.springframework.jms.config.JmsListenerContainerFactoryTests" time="0.001"/>
  <testcase name="createJcaContainerFullConfig" classname="org.springframework.jms.config.JmsListenerContainerFactoryTests" time="0.002"/>
  <testcase name="backOffOverridesRecoveryInterval" classname="org.springframework.jms.config.JmsListenerContainerFactoryTests" time="0.001"/>
  <testcase name="jcaExclusiveProperties" classname="org.springframework.jms.config.JmsListenerContainerFactoryTests" time="0.002"/>
  <testcase name="createSimpleContainer" classname="org.springframework.jms.config.JmsListenerContainerFactoryTests" time="0.001"/>
  <system-out><![CDATA[]]></system-out>
  <system-err><![CDATA[]]></system-err>
</testsuite>
