<?xml version="1.0" encoding="UTF-8"?>
<testsuite name="org.springframework.jms.listener.adapter.JmsResponseTests" tests="6" skipped="0" failures="0" errors="0" timestamp="2019-06-21T11:42:30" hostname="Macbook-Air.local" time="0.025">
  <properties/>
  <testcase name="resolveDestinationForQueue" classname="org.springframework.jms.listener.adapter.JmsResponseTests" time="0.019"/>
  <testcase name="createWithNullQueueName" classname="org.springframework.jms.listener.adapter.JmsResponseTests" time="0.001"/>
  <testcase name="destinationDoesNotUseDestinationResolver" classname="org.springframework.jms.listener.adapter.JmsResponseTests" time="0.0"/>
  <testcase name="createWithNulResponse" classname="org.springframework.jms.listener.adapter.JmsResponseTests" time="0.0"/>
  <testcase name="createWithNullTopicName" classname="org.springframework.jms.listener.adapter.JmsResponseTests" time="0.0"/>
  <testcase name="createWithNulDestination" classname="org.springframework.jms.listener.adapter.JmsResponseTests" time="0.001"/>
  <system-out><![CDATA[]]></system-out>
  <system-err><![CDATA[]]></system-err>
</testsuite>
