<?xml version="1.0" encoding="UTF-8"?>
<testsuite name="org.springframework.jms.support.converter.MappingJackson2MessageConverterTests" tests="14" skipped="0" failures="0" errors="0" timestamp="2019-06-21T11:42:35" hostname="Macbook-Air.local" time="0.164">
  <properties/>
  <testcase name="toTextMessageWithAnotherJsonViewClass" classname="org.springframework.jms.support.converter.MappingJackson2MessageConverterTests" time="0.003"/>
  <testcase name="toBytesMessage" classname="org.springframework.jms.support.converter.MappingJackson2MessageConverterTests" time="0.006"/>
  <testcase name="fromTextMessageWithUnknownProperty" classname="org.springframework.jms.support.converter.MappingJackson2MessageConverterTests" time="0.085"/>
  <testcase name="fromTextMessageAsMap" classname="org.springframework.jms.support.converter.MappingJackson2MessageConverterTests" time="0.032"/>
  <testcase name="toTextMessageWithReturnTypeAndNoJsonView" classname="org.springframework.jms.support.converter.MappingJackson2MessageConverterTests" time="0.003"/>
  <testcase name="toTextMessageWithObject" classname="org.springframework.jms.support.converter.MappingJackson2MessageConverterTests" time="0.004"/>
  <testcase name="toTextMessageWithMap" classname="org.springframework.jms.support.converter.MappingJackson2MessageConverterTests" time="0.013"/>
  <testcase name="fromBytesMessage" classname="org.springframework.jms.support.converter.MappingJackson2MessageConverterTests" time="0.011"/>
  <testcase name="fromTextMessageAsObject" classname="org.springframework.jms.support.converter.MappingJackson2MessageConverterTests" time="0.001"/>
  <testcase name="toTextMessageWithJsonViewClass" classname="org.springframework.jms.support.converter.MappingJackson2MessageConverterTests" time="0.001"/>
  <testcase name="toTextMessageWithReturnType" classname="org.springframework.jms.support.converter.MappingJackson2MessageConverterTests" time="0.001"/>
  <testcase name="toTextMessageWithNullReturnType" classname="org.springframework.jms.support.converter.MappingJackson2MessageConverterTests" time="0.002"/>
  <testcase name="toTextMessageWithReturnTypeAndMultipleJsonViews" classname="org.springframework.jms.support.converter.MappingJackson2MessageConverterTests" time="0.001"/>
  <testcase name="fromTextMessage" classname="org.springframework.jms.support.converter.MappingJackson2MessageConverterTests" time="0.001"/>
  <system-out><![CDATA[]]></system-out>
  <system-err><![CDATA[]]></system-err>
</testsuite>
