<?xml version="1.0" encoding="UTF-8"?>
<testsuite name="org.springframework.jms.connection.JmsTransactionManagerTests" tests="9" skipped="0" failures="0" errors="0" timestamp="2020-11-25T14:39:31" hostname="lichangbaodeMacBook-Pro.local" time="0.016">
  <properties/>
  <testcase name="testLazyTransactionalSession" classname="org.springframework.jms.connection.JmsTransactionManagerTests" time="0.007"/>
  <testcase name="testLazyWithoutSessionAccess" classname="org.springframework.jms.connection.JmsTransactionManagerTests" time="0.0"/>
  <testcase name="testTransactionSuspension" classname="org.springframework.jms.connection.JmsTransactionManagerTests" time="0.003"/>
  <testcase name="testTransactionCommit" classname="org.springframework.jms.connection.JmsTransactionManagerTests" time="0.001"/>
  <testcase name="testSuspendedTransaction" classname="org.springframework.jms.connection.JmsTransactionManagerTests" time="0.001"/>
  <testcase name="testParticipatingTransactionWithCommit" classname="org.springframework.jms.connection.JmsTransactionManagerTests" time="0.001"/>
  <testcase name="testTransactionRollback" classname="org.springframework.jms.connection.JmsTransactionManagerTests" time="0.001"/>
  <testcase name="testParticipatingTransactionWithRollbackOnly" classname="org.springframework.jms.connection.JmsTransactionManagerTests" time="0.001"/>
  <testcase name="testTransactionCommitWithMessageProducer" classname="org.springframework.jms.connection.JmsTransactionManagerTests" time="0.001"/>
  <system-out><![CDATA[]]></system-out>
  <system-err><![CDATA[]]></system-err>
</testsuite>
