<?xml version="1.0" encoding="UTF-8"?>
<testsuite name="org.springframework.jms.annotation.AnnotationDrivenNamespaceTests" tests="9" skipped="0" failures="0" errors="0" timestamp="2019-06-21T11:42:35" hostname="Macbook-Air.local" time="0.269">
  <properties/>
  <testcase name="jmsListeners" classname="org.springframework.jms.annotation.AnnotationDrivenNamespaceTests" time="0.028"/>
  <testcase name="sampleConfiguration" classname="org.springframework.jms.annotation.AnnotationDrivenNamespaceTests" time="0.023"/>
  <testcase name="customConfiguration" classname="org.springframework.jms.annotation.AnnotationDrivenNamespaceTests" time="0.038"/>
  <testcase name="jmsHandlerMethodFactoryConfiguration" classname="org.springframework.jms.annotation.AnnotationDrivenNamespaceTests" time="0.035"/>
  <testcase name="explicitContainerFactory" classname="org.springframework.jms.annotation.AnnotationDrivenNamespaceTests" time="0.026"/>
  <testcase name="fullConfiguration" classname="org.springframework.jms.annotation.AnnotationDrivenNamespaceTests" time="0.019"/>
  <testcase name="defaultContainerFactory" classname="org.springframework.jms.annotation.AnnotationDrivenNamespaceTests" time="0.02"/>
  <testcase name="jmsListenerIsRepeatable" classname="org.springframework.jms.annotation.AnnotationDrivenNamespaceTests" time="0.021"/>
  <testcase name="fullConfigurableConfiguration" classname="org.springframework.jms.annotation.AnnotationDrivenNamespaceTests" time="0.056"/>
  <system-out><![CDATA[]]></system-out>
  <system-err><![CDATA[]]></system-err>
</testsuite>
