<?xml version="1.0" encoding="UTF-8"?>
<testsuite name="org.springframework.expression.spel.StandardTypeLocatorTests" tests="1" skipped="0" failures="0" errors="0" timestamp="2019-06-21T11:42:01" hostname="Macbook-Air.local" time="0.004">
  <properties/>
  <testcase name="testImports" classname="org.springframework.expression.spel.StandardTypeLocatorTests" time="0.004"/>
  <system-out><![CDATA[]]></system-out>
  <system-err><![CDATA[]]></system-err>
</testsuite>
