<?xml version="1.0" encoding="UTF-8"?>
<testsuite name="org.springframework.expression.spel.ExpressionWithConversionTests" tests="4" skipped="0" failures="0" errors="0" timestamp="2019-06-21T11:42:00" hostname="Macbook-Air.local" time="0.019">
  <properties/>
  <testcase name="testConversionsAvailable" classname="org.springframework.expression.spel.ExpressionWithConversionTests" time="0.006"/>
  <testcase name="testConvert" classname="org.springframework.expression.spel.ExpressionWithConversionTests" time="0.005"/>
  <testcase name="testSetParameterizedList" classname="org.springframework.expression.spel.ExpressionWithConversionTests" time="0.005"/>
  <testcase name="testCoercionToCollectionOfPrimitive" classname="org.springframework.expression.spel.ExpressionWithConversionTests" time="0.003"/>
  <system-out><![CDATA[]]></system-out>
  <system-err><![CDATA[]]></system-err>
</testsuite>
