<?xml version="1.0" encoding="UTF-8"?>
<testsuite name="org.springframework.expression.spel.ExpressionWithConversionTests" tests="4" skipped="0" failures="0" errors="0" timestamp="2020-11-25T14:39:15" hostname="lichangbaodeMacBook-Pro.local" time="0.006">
  <properties/>
  <testcase name="testConversionsAvailable" classname="org.springframework.expression.spel.ExpressionWithConversionTests" time="0.002"/>
  <testcase name="testConvert" classname="org.springframework.expression.spel.ExpressionWithConversionTests" time="0.002"/>
  <testcase name="testSetParameterizedList" classname="org.springframework.expression.spel.ExpressionWithConversionTests" time="0.002"/>
  <testcase name="testCoercionToCollectionOfPrimitive" classname="org.springframework.expression.spel.ExpressionWithConversionTests" time="0.0"/>
  <system-out><![CDATA[]]></system-out>
  <system-err><![CDATA[]]></system-err>
</testsuite>
