<?xml version="1.0" encoding="UTF-8"?>
<testsuite name="org.springframework.expression.spel.StandardTypeLocatorTests" tests="1" skipped="0" failures="0" errors="0" timestamp="2020-11-25T14:39:15" hostname="lichangbaodeMacBook-Pro.local" time="0.002">
  <properties/>
  <testcase name="testImports" classname="org.springframework.expression.spel.StandardTypeLocatorTests" time="0.002"/>
  <system-out><![CDATA[]]></system-out>
  <system-err><![CDATA[]]></system-err>
</testsuite>
