<?xml version="1.0" encoding="UTF-8"?>
<testsuite name="org.springframework.transaction.TxNamespaceHandlerEventTests" tests="1" skipped="0" failures="0" errors="0" timestamp="2020-11-25T14:41:27" hostname="lichangbaodeMacBook-Pro.local" time="0.17">
  <properties/>
  <testcase name="componentEventReceived" classname="org.springframework.transaction.TxNamespaceHandlerEventTests" time="0.17"/>
  <system-out><![CDATA[]]></system-out>
  <system-err><![CDATA[]]></system-err>
</testsuite>
