<?xml version="1.0" encoding="UTF-8"?>
<testsuite name="org.springframework.dao.annotation.PersistenceExceptionTranslationInterceptorTests" tests="7" skipped="0" failures="0" errors="0" timestamp="2020-11-25T14:41:30" hostname="lichangbaodeMacBook-Pro.local" time="0.016">
  <properties/>
  <testcase name="translationNeededForTheseExceptionsWithCustomStereotype" classname="org.springframework.dao.annotation.PersistenceExceptionTranslationInterceptorTests" time="0.01"/>
  <testcase name="translationNotNeededForTheseExceptions" classname="org.springframework.dao.annotation.PersistenceExceptionTranslationInterceptorTests" time="0.001"/>
  <testcase name="translationNeededForTheseExceptions" classname="org.springframework.dao.annotation.PersistenceExceptionTranslationInterceptorTests" time="0.0"/>
  <testcase name="noTranslationNeeded" classname="org.springframework.dao.annotation.PersistenceExceptionTranslationInterceptorTests" time="0.0"/>
  <testcase name="translationNeededForTheseExceptionsOnInheritedInterface" classname="org.springframework.dao.annotation.PersistenceExceptionTranslationInterceptorTests" time="0.002"/>
  <testcase name="translationNeededForTheseExceptionsOnSuperclass" classname="org.springframework.dao.annotation.PersistenceExceptionTranslationInterceptorTests" time="0.001"/>
  <testcase name="translationNeededForTheseExceptionsOnInterface" classname="org.springframework.dao.annotation.PersistenceExceptionTranslationInterceptorTests" time="0.002"/>
  <system-out><![CDATA[]]></system-out>
  <system-err><![CDATA[]]></system-err>
</testsuite>
