<?xml version="1.0" encoding="UTF-8"?>
<testsuite name="org.springframework.transaction.annotation.AnnotationTransactionNamespaceHandlerTests" tests="5" skipped="0" failures="0" errors="0" timestamp="2019-06-21T11:45:48" hostname="Macbook-Air.local" time="0.528">
  <properties/>
  <testcase name="invokeTransactional" classname="org.springframework.transaction.annotation.AnnotationTransactionNamespaceHandlerTests" time="0.267"/>
  <testcase name="nonPublicMethodsNotAdvised" classname="org.springframework.transaction.annotation.AnnotationTransactionNamespaceHandlerTests" time="0.115"/>
  <testcase name="transactionalEventListenerRegisteredProperly" classname="org.springframework.transaction.annotation.AnnotationTransactionNamespaceHandlerTests" time="0.048"/>
  <testcase name="mBeanExportAlsoWorks" classname="org.springframework.transaction.annotation.AnnotationTransactionNamespaceHandlerTests" time="0.051"/>
  <testcase name="isProxy" classname="org.springframework.transaction.annotation.AnnotationTransactionNamespaceHandlerTests" time="0.046"/>
  <system-out><![CDATA[]]></system-out>
  <system-err><![CDATA[]]></system-err>
</testsuite>
