<?xml version="1.0" encoding="UTF-8"?>
<testsuite name="org.springframework.jca.cci.EisOperationTests" tests="5" skipped="0" failures="0" errors="0" timestamp="2020-11-25T14:41:30" hostname="lichangbaodeMacBook-Pro.local" time="0.009">
  <properties/>
  <testcase name="testSimpleRecordOperationWithInputOutputRecord" classname="org.springframework.jca.cci.EisOperationTests" time="0.001"/>
  <testcase name="testMappingRecordOperationWithOutputRecordCreator" classname="org.springframework.jca.cci.EisOperationTests" time="0.006"/>
  <testcase name="testSimpleRecordOperation" classname="org.springframework.jca.cci.EisOperationTests" time="0.001"/>
  <testcase name="testSimpleRecordOperationWithExplicitOutputRecord" classname="org.springframework.jca.cci.EisOperationTests" time="0.0"/>
  <testcase name="testMappingRecordOperation" classname="org.springframework.jca.cci.EisOperationTests" time="0.001"/>
  <system-out><![CDATA[]]></system-out>
  <system-err><![CDATA[]]></system-err>
</testsuite>
