<?xml version="1.0" encoding="UTF-8"?>
<testsuite name="org.springframework.transaction.TxNamespaceHandlerTests" tests="3" skipped="0" failures="0" errors="0" timestamp="2020-11-25T14:41:29" hostname="lichangbaodeMacBook-Pro.local" time="0.081">
  <properties/>
  <testcase name="rollbackRules" classname="org.springframework.transaction.TxNamespaceHandlerTests" time="0.039"/>
  <testcase name="invokeTransactional" classname="org.springframework.transaction.TxNamespaceHandlerTests" time="0.025"/>
  <testcase name="isProxy" classname="org.springframework.transaction.TxNamespaceHandlerTests" time="0.017"/>
  <system-out><![CDATA[]]></system-out>
  <system-err><![CDATA[]]></system-err>
</testsuite>
