<?xml version="1.0" encoding="UTF-8"?>
<testsuite name="org.springframework.transaction.interceptor.TransactionAttributeSourceAdvisorTests" tests="1" skipped="0" failures="0" errors="0" timestamp="2019-06-21T11:45:50" hostname="Macbook-Air.local" time="0.013">
  <properties/>
  <testcase name="serializability" classname="org.springframework.transaction.interceptor.TransactionAttributeSourceAdvisorTests" time="0.013"/>
  <system-out><![CDATA[]]></system-out>
  <system-err><![CDATA[]]></system-err>
</testsuite>
