<?xml version="1.0" encoding="UTF-8"?>
<testsuite name="org.springframework.jca.cci.CciLocalTransactionTests" tests="2" skipped="0" failures="0" errors="0" timestamp="2019-06-21T11:45:52" hostname="Macbook-Air.local" time="0.046">
  <properties/>
  <testcase name="testLocalTransactionRollback" classname="org.springframework.jca.cci.CciLocalTransactionTests" time="0.041"/>
  <testcase name="testLocalTransactionCommit" classname="org.springframework.jca.cci.CciLocalTransactionTests" time="0.005"/>
  <system-out><![CDATA[]]></system-out>
  <system-err><![CDATA[]]></system-err>
</testsuite>
