<?xml version="1.0" encoding="UTF-8"?>
<testsuite name="org.springframework.transaction.support.SimpleTransactionScopeTests" tests="2" skipped="0" failures="0" errors="0" timestamp="2020-11-25T14:41:29" hostname="lichangbaodeMacBook-Pro.local" time="0.007">
  <properties/>
  <testcase name="getFromScope" classname="org.springframework.transaction.support.SimpleTransactionScopeTests" time="0.005"/>
  <testcase name="getWithTransactionManager" classname="org.springframework.transaction.support.SimpleTransactionScopeTests" time="0.001"/>
  <system-out><![CDATA[]]></system-out>
  <system-err><![CDATA[]]></system-err>
</testsuite>
