<?xml version="1.0" encoding="UTF-8"?>
<testsuite name="org.springframework.dao.annotation.PersistenceExceptionTranslationPostProcessorTests" tests="1" skipped="0" failures="0" errors="0" timestamp="2019-06-21T11:45:51" hostname="Macbook-Air.local" time="0.093">
  <properties/>
  <testcase name="proxiesCorrectly" classname="org.springframework.dao.annotation.PersistenceExceptionTranslationPostProcessorTests" time="0.093"/>
  <system-out><![CDATA[Before additionalMethod
Before additionalMethod
]]></system-out>
  <system-err><![CDATA[]]></system-err>
</testsuite>
