<?xml version="1.0" encoding="UTF-8"?>
<testsuite name="org.springframework.dao.support.ChainedPersistenceExceptionTranslatorTests" tests="2" skipped="0" failures="0" errors="0" timestamp="2019-06-21T11:45:52" hostname="Macbook-Air.local" time="0.002">
  <properties/>
  <testcase name="empty" classname="org.springframework.dao.support.ChainedPersistenceExceptionTranslatorTests" time="0.002"/>
  <testcase name="exceptionTranslationWithTranslation" classname="org.springframework.dao.support.ChainedPersistenceExceptionTranslatorTests" time="0.0"/>
  <system-out><![CDATA[]]></system-out>
  <system-err><![CDATA[]]></system-err>
</testsuite>
