<?xml version="1.0" encoding="UTF-8"?>
<testsuite name="org.springframework.jca.support.LocalConnectionFactoryBeanTests" tests="5" skipped="0" failures="0" errors="0" timestamp="2020-11-25T14:41:30" hostname="lichangbaodeMacBook-Pro.local" time="0.017">
  <properties/>
  <testcase name="testIsSingleton" classname="org.springframework.jca.support.LocalConnectionFactoryBeanTests" time="0.0"/>
  <testcase name="testGetObjectTypeIsNullIfConnectionFactoryHasNotBeenConfigured" classname="org.springframework.jca.support.LocalConnectionFactoryBeanTests" time="0.0"/>
  <testcase name="testCreatesVanillaConnectionFactoryIfNoConnectionManagerHasBeenConfigured" classname="org.springframework.jca.support.LocalConnectionFactoryBeanTests" time="0.011"/>
  <testcase name="testCreatesManagedConnectionFactoryIfAConnectionManagerHasBeenConfigured" classname="org.springframework.jca.support.LocalConnectionFactoryBeanTests" time="0.006"/>
  <testcase name="testManagedConnectionFactoryIsRequired" classname="org.springframework.jca.support.LocalConnectionFactoryBeanTests" time="0.0"/>
  <system-out><![CDATA[]]></system-out>
  <system-err><![CDATA[]]></system-err>
</testsuite>
