<?xml version="1.0" encoding="UTF-8"?>
<testsuite name="org.springframework.jca.cci.CciLocalTransactionTests" tests="2" skipped="0" failures="0" errors="0" timestamp="2020-11-25T14:41:30" hostname="lichangbaodeMacBook-Pro.local" time="0.01">
  <properties/>
  <testcase name="testLocalTransactionRollback" classname="org.springframework.jca.cci.CciLocalTransactionTests" time="0.009"/>
  <testcase name="testLocalTransactionCommit" classname="org.springframework.jca.cci.CciLocalTransactionTests" time="0.001"/>
  <system-out><![CDATA[]]></system-out>
  <system-err><![CDATA[]]></system-err>
</testsuite>
