<?xml version="1.0" encoding="UTF-8"?>
<testsuite name="org.springframework.transaction.annotation.AnnotationTransactionNamespaceHandlerTests" tests="5" skipped="0" failures="0" errors="0" timestamp="2020-11-25T14:41:29" hostname="lichangbaodeMacBook-Pro.local" time="0.209">
  <properties/>
  <testcase name="invokeTransactional" classname="org.springframework.transaction.annotation.AnnotationTransactionNamespaceHandlerTests" time="0.129"/>
  <testcase name="nonPublicMethodsNotAdvised" classname="org.springframework.transaction.annotation.AnnotationTransactionNamespaceHandlerTests" time="0.02"/>
  <testcase name="transactionalEventListenerRegisteredProperly" classname="org.springframework.transaction.annotation.AnnotationTransactionNamespaceHandlerTests" time="0.019"/>
  <testcase name="mBeanExportAlsoWorks" classname="org.springframework.transaction.annotation.AnnotationTransactionNamespaceHandlerTests" time="0.022"/>
  <testcase name="isProxy" classname="org.springframework.transaction.annotation.AnnotationTransactionNamespaceHandlerTests" time="0.018"/>
  <system-out><![CDATA[]]></system-out>
  <system-err><![CDATA[]]></system-err>
</testsuite>
