<?xml version="1.0" encoding="UTF-8"?>
<testsuite name="org.springframework.transaction.event.ApplicationListenerMethodTransactionalAdapterTests" tests="4" skipped="0" failures="0" errors="0" timestamp="2019-06-21T11:45:50" hostname="Macbook-Air.local" time="0.023">
  <properties/>
  <testcase name="phaseSet" classname="org.springframework.transaction.event.ApplicationListenerMethodTransactionalAdapterTests" time="0.012"/>
  <testcase name="valueSet" classname="org.springframework.transaction.event.ApplicationListenerMethodTransactionalAdapterTests" time="0.007"/>
  <testcase name="defaultPhase" classname="org.springframework.transaction.event.ApplicationListenerMethodTransactionalAdapterTests" time="0.001"/>
  <testcase name="phaseAndClassesSet" classname="org.springframework.transaction.event.ApplicationListenerMethodTransactionalAdapterTests" time="0.003"/>
  <system-out><![CDATA[]]></system-out>
  <system-err><![CDATA[]]></system-err>
</testsuite>
