<?xml version="1.0" encoding="UTF-8"?>
<testsuite name="org.springframework.dao.annotation.PersistenceExceptionTranslationInterceptorTests" tests="7" skipped="0" failures="0" errors="0" timestamp="2019-06-21T11:45:51" hostname="Macbook-Air.local" time="0.056">
  <properties/>
  <testcase name="translationNeededForTheseExceptionsWithCustomStereotype" classname="org.springframework.dao.annotation.PersistenceExceptionTranslationInterceptorTests" time="0.042"/>
  <testcase name="translationNotNeededForTheseExceptions" classname="org.springframework.dao.annotation.PersistenceExceptionTranslationInterceptorTests" time="0.002"/>
  <testcase name="translationNeededForTheseExceptions" classname="org.springframework.dao.annotation.PersistenceExceptionTranslationInterceptorTests" time="0.001"/>
  <testcase name="noTranslationNeeded" classname="org.springframework.dao.annotation.PersistenceExceptionTranslationInterceptorTests" time="0.001"/>
  <testcase name="translationNeededForTheseExceptionsOnInheritedInterface" classname="org.springframework.dao.annotation.PersistenceExceptionTranslationInterceptorTests" time="0.004"/>
  <testcase name="translationNeededForTheseExceptionsOnSuperclass" classname="org.springframework.dao.annotation.PersistenceExceptionTranslationInterceptorTests" time="0.001"/>
  <testcase name="translationNeededForTheseExceptionsOnInterface" classname="org.springframework.dao.annotation.PersistenceExceptionTranslationInterceptorTests" time="0.004"/>
  <system-out><![CDATA[]]></system-out>
  <system-err><![CDATA[]]></system-err>
</testsuite>
