<?xml version="1.0" encoding="UTF-8"?>
<testsuite name="org.springframework.transaction.reactive.TransactionalOperatorTests" tests="4" skipped="0" failures="0" errors="0" timestamp="2020-11-25T14:41:28" hostname="lichangbaodeMacBook-Pro.local" time="0.084">
  <properties/>
  <testcase name="commitWithFlux" classname="org.springframework.transaction.reactive.TransactionalOperatorTests" time="0.077"/>
  <testcase name="commitWithMono" classname="org.springframework.transaction.reactive.TransactionalOperatorTests" time="0.003"/>
  <testcase name="rollbackWithFlux" classname="org.springframework.transaction.reactive.TransactionalOperatorTests" time="0.003"/>
  <testcase name="rollbackWithMono" classname="org.springframework.transaction.reactive.TransactionalOperatorTests" time="0.001"/>
  <system-out><![CDATA[]]></system-out>
  <system-err><![CDATA[]]></system-err>
</testsuite>
