<?xml version="1.0" encoding="UTF-8"?>
<testsuite name="org.springframework.transaction.support.SimpleTransactionScopeTests" tests="2" skipped="0" failures="0" errors="0" timestamp="2019-06-21T11:45:50" hostname="Macbook-Air.local" time="0.029">
  <properties/>
  <testcase name="getFromScope" classname="org.springframework.transaction.support.SimpleTransactionScopeTests" time="0.023"/>
  <testcase name="getWithTransactionManager" classname="org.springframework.transaction.support.SimpleTransactionScopeTests" time="0.006"/>
  <system-out><![CDATA[]]></system-out>
  <system-err><![CDATA[]]></system-err>
</testsuite>
