<?xml version="1.0" encoding="UTF-8"?>
<testsuite name="org.springframework.jca.support.LocalConnectionFactoryBeanTests" tests="5" skipped="0" failures="0" errors="0" timestamp="2019-06-21T11:45:52" hostname="Macbook-Air.local" time="0.047">
  <properties/>
  <testcase name="testIsSingleton" classname="org.springframework.jca.support.LocalConnectionFactoryBeanTests" time="0.003"/>
  <testcase name="testGetObjectTypeIsNullIfConnectionFactoryHasNotBeenConfigured" classname="org.springframework.jca.support.LocalConnectionFactoryBeanTests" time="0.001"/>
  <testcase name="testCreatesVanillaConnectionFactoryIfNoConnectionManagerHasBeenConfigured" classname="org.springframework.jca.support.LocalConnectionFactoryBeanTests" time="0.03"/>
  <testcase name="testCreatesManagedConnectionFactoryIfAConnectionManagerHasBeenConfigured" classname="org.springframework.jca.support.LocalConnectionFactoryBeanTests" time="0.012"/>
  <testcase name="testManagedConnectionFactoryIsRequired" classname="org.springframework.jca.support.LocalConnectionFactoryBeanTests" time="0.0"/>
  <system-out><![CDATA[]]></system-out>
  <system-err><![CDATA[]]></system-err>
</testsuite>
