<?xml version="1.0" encoding="UTF-8"?>
<!-- Generated by org.testng.reporters.JUnitReportReporter -->
<testsuite skipped="0" hostname="Macbook-Air.local" name="org.springframework.test.context.cache.ClassLevelDirtiesContextTestNGTests$InheritedClassLevelDirtiesContextWithDirtyMethodsTestCase" tests="1" failures="0" timestamp="21 六月 2019 11:44:48 GMT" time="0.001" errors="0">
  <testcase name="dirtyContext" time="0.001" classname="org.springframework.test.context.cache.ClassLevelDirtiesContextTestNGTests$InheritedClassLevelDirtiesContextWithDirtyMethodsTestCase"/>
</testsuite> <!-- org.springframework.test.context.cache.ClassLevelDirtiesContextTestNGTests$InheritedClassLevelDirtiesContextWithDirtyMethodsTestCase -->
