<?xml version="1.0" encoding="UTF-8"?>
<testsuite name="org.springframework.test.web.servlet.samples.spr.RequestContextHolderTests" tests="4" skipped="0" failures="0" errors="0" timestamp="2019-06-21T11:45:20" hostname="Macbook-Air.local" time="0.037">
  <properties/>
  <testcase name="requestScopedController" classname="org.springframework.test.web.servlet.samples.spr.RequestContextHolderTests" time="0.023"/>
  <testcase name="sessionScopedService" classname="org.springframework.test.web.servlet.samples.spr.RequestContextHolderTests" time="0.004"/>
  <testcase name="requestScopedService" classname="org.springframework.test.web.servlet.samples.spr.RequestContextHolderTests" time="0.006"/>
  <testcase name="singletonController" classname="org.springframework.test.web.servlet.samples.spr.RequestContextHolderTests" time="0.003"/>
  <system-out><![CDATA[]]></system-out>
  <system-err><![CDATA[]]></system-err>
</testsuite>
