<?xml version="1.0" encoding="UTF-8"?>
<testsuite name="org.springframework.test.web.servlet.samples.standalone.ViewResolutionTests" tests="5" skipped="0" failures="0" errors="0" timestamp="2019-06-21T11:45:19" hostname="Macbook-Air.local" time="0.211">
  <properties/>
  <testcase name="testJspOnly" classname="org.springframework.test.web.servlet.samples.standalone.ViewResolutionTests" time="0.029"/>
  <testcase name="testJsonOnly" classname="org.springframework.test.web.servlet.samples.standalone.ViewResolutionTests" time="0.048"/>
  <testcase name="defaultViewResolver" classname="org.springframework.test.web.servlet.samples.standalone.ViewResolutionTests" time="0.026"/>
  <testcase name="testContentNegotiation" classname="org.springframework.test.web.servlet.samples.standalone.ViewResolutionTests" time="0.072"/>
  <testcase name="testXmlOnly" classname="org.springframework.test.web.servlet.samples.standalone.ViewResolutionTests" time="0.036"/>
  <system-out><![CDATA[]]></system-out>
  <system-err><![CDATA[]]></system-err>
</testsuite>
