<?xml version="1.0" encoding="UTF-8"?>
<testsuite name="org.springframework.test.web.servlet.setup.SharedHttpSessionTests" tests="2" skipped="0" failures="0" errors="0" timestamp="2019-06-21T11:45:08" hostname="Macbook-Air.local" time="0.21">
  <properties/>
  <testcase name="httpSession" classname="org.springframework.test.web.servlet.setup.SharedHttpSessionTests" time="0.17"/>
  <testcase name="noHttpSession" classname="org.springframework.test.web.servlet.setup.SharedHttpSessionTests" time="0.04"/>
  <system-out><![CDATA[]]></system-out>
  <system-err><![CDATA[]]></system-err>
</testsuite>
