<?xml version="1.0" encoding="UTF-8"?>
<testsuite name="org.springframework.test.util.XmlExpectationsHelperTests" tests="5" skipped="0" failures="0" errors="0" timestamp="2019-06-21T11:45:06" hostname="Macbook-Air.local" time="1.263">
  <properties/>
  <testcase name="assertXmlEqualForEqual" classname="org.springframework.test.util.XmlExpectationsHelperTests" time="1.074"/>
  <testcase name="assertXmlEqualExceptionForIncorrectValue" classname="org.springframework.test.util.XmlExpectationsHelperTests" time="0.048"/>
  <testcase name="assertXmlEqualForOutOfOrder" classname="org.springframework.test.util.XmlExpectationsHelperTests" time="0.05"/>
  <testcase name="assertXmlEqualExceptionForMoreEntries" classname="org.springframework.test.util.XmlExpectationsHelperTests" time="0.042"/>
  <testcase name="assertXmlEqualExceptionForLessEntries" classname="org.springframework.test.util.XmlExpectationsHelperTests" time="0.048"/>
  <system-out><![CDATA[]]></system-out>
  <system-err><![CDATA[]]></system-err>
</testsuite>
