<?xml version="1.0" encoding="UTF-8"?>
<testsuite name="org.springframework.test.web.servlet.result.ModelResultMatchersTests" tests="21" skipped="0" failures="0" errors="0" timestamp="2020-11-25T14:41:06" hostname="lichangbaodeMacBook-Pro.local" time="0.017">
  <properties/>
  <testcase name="attributeExists" classname="org.springframework.test.web.servlet.result.ModelResultMatchersTests" time="0.009"/>
  <testcase name="hasNoErrors" classname="org.springframework.test.web.servlet.result.ModelResultMatchersTests" time="0.0"/>
  <testcase name="attributeHasFieldErrors" classname="org.springframework.test.web.servlet.result.ModelResultMatchersTests" time="0.0"/>
  <testcase name="attribute_equal" classname="org.springframework.test.web.servlet.result.ModelResultMatchersTests" time="0.001"/>
  <testcase name="hasNoErrors_withErrors" classname="org.springframework.test.web.servlet.result.ModelResultMatchersTests" time="0.0"/>
  <testcase name="attributeExists_doesNotExist" classname="org.springframework.test.web.servlet.result.ModelResultMatchersTests" time="0.0"/>
  <testcase name="attributeHasErrors" classname="org.springframework.test.web.servlet.result.ModelResultMatchersTests" time="0.0"/>
  <testcase name="attributeHasFieldErrorCode_startsWith_withoutErrorOnField" classname="org.springframework.test.web.servlet.result.ModelResultMatchersTests" time="0.003"/>
  <testcase name="attributeHasFieldErrors_withoutErrorsForAttribute" classname="org.springframework.test.web.servlet.result.ModelResultMatchersTests" time="0.0"/>
  <testcase name="attributeHasFieldErrors_withoutAttribute" classname="org.springframework.test.web.servlet.result.ModelResultMatchersTests" time="0.001"/>
  <testcase name="attributeHasNoErrors_withoutAttribute" classname="org.springframework.test.web.servlet.result.ModelResultMatchersTests" time="0.0"/>
  <testcase name="attribute_notEqual" classname="org.springframework.test.web.servlet.result.ModelResultMatchersTests" time="0.0"/>
  <testcase name="attributeHasFieldErrorCode_startsWith" classname="org.springframework.test.web.servlet.result.ModelResultMatchersTests" time="0.0"/>
  <testcase name="attributeHasFieldErrors_withoutErrorsForField" classname="org.springframework.test.web.servlet.result.ModelResultMatchersTests" time="0.001"/>
  <testcase name="attributeHasErrors_withoutErrors" classname="org.springframework.test.web.servlet.result.ModelResultMatchersTests" time="0.0"/>
  <testcase name="attributeHasNoErrors_withErrors" classname="org.springframework.test.web.servlet.result.ModelResultMatchersTests" time="0.001"/>
  <testcase name="attributeHasNoErrors" classname="org.springframework.test.web.servlet.result.ModelResultMatchersTests" time="0.0"/>
  <testcase name="attributeHasFieldErrorCode" classname="org.springframework.test.web.servlet.result.ModelResultMatchersTests" time="0.0"/>
  <testcase name="attributeDoesNotExist" classname="org.springframework.test.web.servlet.result.ModelResultMatchersTests" time="0.0"/>
  <testcase name="attributeDoesNotExist_doesExist" classname="org.springframework.test.web.servlet.result.ModelResultMatchersTests" time="0.0"/>
  <testcase name="attributeHasFieldErrorCode_withoutErrorOnField" classname="org.springframework.test.web.servlet.result.ModelResultMatchersTests" time="0.001"/>
  <system-out><![CDATA[]]></system-out>
  <system-err><![CDATA[]]></system-err>
</testsuite>
