<?xml version="1.0" encoding="UTF-8"?>
<testsuite name="org.springframework.test.web.servlet.htmlunit.MockMvcWebConnectionTests" tests="6" skipped="0" failures="0" errors="0" timestamp="2019-06-21T11:45:24" hostname="Macbook-Air.local" time="0.964">
  <properties/>
  <testcase name="contextPathDoesNotStartWithSlash" classname="org.springframework.test.web.servlet.htmlunit.MockMvcWebConnectionTests" time="0.058"/>
  <testcase name="forward" classname="org.springframework.test.web.servlet.htmlunit.MockMvcWebConnectionTests" time="0.638"/>
  <testcase name="contextPathEmpty" classname="org.springframework.test.web.servlet.htmlunit.MockMvcWebConnectionTests" time="0.104"/>
  <testcase name="contextPathEndsWithSlash" classname="org.springframework.test.web.servlet.htmlunit.MockMvcWebConnectionTests" time="0.054"/>
  <testcase name="contextPathExplicit" classname="org.springframework.test.web.servlet.htmlunit.MockMvcWebConnectionTests" time="0.059"/>
  <testcase name="contextPathNull" classname="org.springframework.test.web.servlet.htmlunit.MockMvcWebConnectionTests" time="0.05"/>
  <system-out><![CDATA[]]></system-out>
  <system-err><![CDATA[]]></system-err>
</testsuite>
