<?xml version="1.0" encoding="UTF-8"?>
<testsuite name="org.springframework.test.web.servlet.samples.standalone.resultmatchers.XmlContentAssertionTests" tests="2" skipped="0" failures="0" errors="0" timestamp="2020-11-25T14:41:14" hostname="lichangbaodeMacBook-Pro.local" time="0.09">
  <properties/>
  <testcase name="testNodeHamcrestMatcher" classname="org.springframework.test.web.servlet.samples.standalone.resultmatchers.XmlContentAssertionTests" time="0.032"/>
  <testcase name="testXmlEqualTo" classname="org.springframework.test.web.servlet.samples.standalone.resultmatchers.XmlContentAssertionTests" time="0.058"/>
  <system-out><![CDATA[]]></system-out>
  <system-err><![CDATA[]]></system-err>
</testsuite>
