<?xml version="1.0" encoding="UTF-8"?>
<testsuite name="org.springframework.test.context.jdbc.DefaultScriptDetectionSqlScriptsTests" tests="2" skipped="0" failures="0" errors="0" timestamp="2019-06-21T11:44:51" hostname="Macbook-Air.local" time="0.014">
  <properties/>
  <testcase name="methodLevel" classname="org.springframework.test.context.jdbc.DefaultScriptDetectionSqlScriptsTests" time="0.007"/>
  <testcase name="classLevel" classname="org.springframework.test.context.jdbc.DefaultScriptDetectionSqlScriptsTests" time="0.006"/>
  <system-out><![CDATA[]]></system-out>
  <system-err><![CDATA[]]></system-err>
</testsuite>
