<?xml version="1.0" encoding="UTF-8"?>
<testsuite name="org.springframework.test.context.configuration.interfaces.DirtiesContextInterfaceTests" tests="1" skipped="0" failures="0" errors="0" timestamp="2020-11-25T14:40:51" hostname="lichangbaodeMacBook-Pro.local" time="0.725">
  <properties/>
  <testcase name="verifyDirtiesContextBehavior" classname="org.springframework.test.context.configuration.interfaces.DirtiesContextInterfaceTests" time="0.725"/>
  <system-out><![CDATA[]]></system-out>
  <system-err><![CDATA[]]></system-err>
</testsuite>
