<?xml version="1.0" encoding="UTF-8"?>
<testsuite name="org.springframework.test.context.hierarchies.standard.DirtiesContextWithContextHierarchyTests" tests="4" skipped="0" failures="0" errors="0" timestamp="2019-06-21T11:44:49" hostname="Macbook-Air.local" time="0.02">
  <properties/>
  <testcase name="test1_verifyOriginalStateAndDirtyContexts" classname="org.springframework.test.context.hierarchies.standard.DirtiesContextWithContextHierarchyTests" time="0.001"/>
  <testcase name="test2_verifyContextsWereDirtiedAndTriggerExhaustiveCacheClearing" classname="org.springframework.test.context.hierarchies.standard.DirtiesContextWithContextHierarchyTests" time="0.002"/>
  <testcase name="test3_verifyOriginalStateWasReinstatedAndDirtyContextsAndTriggerCurrentLevelCacheClearing" classname="org.springframework.test.context.hierarchies.standard.DirtiesContextWithContextHierarchyTests" time="0.002"/>
  <testcase name="test4_verifyParentContextIsStillDirtyButChildContextHasBeenReinstated" classname="org.springframework.test.context.hierarchies.standard.DirtiesContextWithContextHierarchyTests" time="0.0"/>
  <system-out><![CDATA[]]></system-out>
  <system-err><![CDATA[]]></system-err>
</testsuite>
