<?xml version="1.0" encoding="UTF-8"?>
<testsuite name="org.springframework.test.context.support.GenericPropertiesContextLoaderTests" tests="1" skipped="0" failures="0" errors="0" timestamp="2019-06-21T11:45:04" hostname="Macbook-Air.local" time="0.001">
  <properties/>
  <testcase name="configMustNotContainAnnotatedClasses" classname="org.springframework.test.context.support.GenericPropertiesContextLoaderTests" time="0.001"/>
  <system-out><![CDATA[19:45:04.437 [Test worker] ERROR o.s.t.c.s.AbstractGenericContextLoader - Test class [org.springframework.test.context.support.GenericPropertiesContextLoaderTests] has been configured with @ContextConfiguration's 'classes' attribute {class org.springframework.test.context.support.GenericPropertiesContextLoaderTests}, but GenericPropertiesContextLoader does not support annotated classes.
]]></system-out>
  <system-err><![CDATA[]]></system-err>
</testsuite>
