<?xml version="1.0" encoding="UTF-8"?>
<testsuite name="org.springframework.test.web.servlet.htmlunit.MockMvcWebConnectionTests" tests="6" skipped="0" failures="0" errors="0" timestamp="2020-11-25T14:41:17" hostname="lichangbaodeMacBook-Pro.local" time="0.493">
  <properties/>
  <testcase name="contextPathDoesNotStartWithSlash" classname="org.springframework.test.web.servlet.htmlunit.MockMvcWebConnectionTests" time="0.027"/>
  <testcase name="forward" classname="org.springframework.test.web.servlet.htmlunit.MockMvcWebConnectionTests" time="0.311"/>
  <testcase name="contextPathEmpty" classname="org.springframework.test.web.servlet.htmlunit.MockMvcWebConnectionTests" time="0.045"/>
  <testcase name="contextPathEndsWithSlash" classname="org.springframework.test.web.servlet.htmlunit.MockMvcWebConnectionTests" time="0.026"/>
  <testcase name="contextPathExplicit" classname="org.springframework.test.web.servlet.htmlunit.MockMvcWebConnectionTests" time="0.04"/>
  <testcase name="contextPathNull" classname="org.springframework.test.web.servlet.htmlunit.MockMvcWebConnectionTests" time="0.044"/>
  <system-out><![CDATA[]]></system-out>
  <system-err><![CDATA[]]></system-err>
</testsuite>
