<?xml version="1.0" encoding="UTF-8"?>
<testsuite name="org.springframework.test.context.cache.SpringRunnerContextCacheTests" tests="3" skipped="0" failures="0" errors="0" timestamp="2020-11-25T14:40:52" hostname="lichangbaodeMacBook-Pro.local" time="0.019">
  <properties/>
  <testcase name="dirtyContext" classname="org.springframework.test.context.cache.SpringRunnerContextCacheTests" time="0.001"/>
  <testcase name="verifyContextDirty" classname="org.springframework.test.context.cache.SpringRunnerContextCacheTests" time="0.001"/>
  <testcase name="verifyContextNotDirty" classname="org.springframework.test.context.cache.SpringRunnerContextCacheTests" time="0.0"/>
  <system-out><![CDATA[]]></system-out>
  <system-err><![CDATA[]]></system-err>
</testsuite>
