<?xml version="1.0" encoding="UTF-8"?>
<testsuite name="org.springframework.test.context.support.ContextLoaderUtilsContextHierarchyTests" tests="19" skipped="0" failures="0" errors="0" timestamp="2019-06-21T11:45:04" hostname="Macbook-Air.local" time="0.049">
  <properties/>
  <testcase name="resolveContextHierarchyAttributesForSingleTestClassWithContextConfigurationAndContextHierarchyOnSingleMetaAnnotation" classname="org.springframework.test.context.support.ContextLoaderUtilsContextHierarchyTests" time="0.003"/>
  <testcase name="resolveContextHierarchyAttributesForSingleTestClassWithTripleLevelContextHierarchy" classname="org.springframework.test.context.support.ContextLoaderUtilsContextHierarchyTests" time="0.001"/>
  <testcase name="buildContextHierarchyMapForTestClassHierarchyWithMultiLevelContextHierarchiesAndOverriddenInitializers" classname="org.springframework.test.context.support.ContextLoaderUtilsContextHierarchyTests" time="0.012"/>
  <testcase name="resolveContextHierarchyAttributesForSingleTestClassWithImplicitSingleLevelContextHierarchy" classname="org.springframework.test.context.support.ContextLoaderUtilsContextHierarchyTests" time="0.0"/>
  <testcase name="buildContextHierarchyMapForTestClassHierarchyWithMultiLevelContextHierarchies" classname="org.springframework.test.context.support.ContextLoaderUtilsContextHierarchyTests" time="0.002"/>
  <testcase name="resolveContextHierarchyAttributesForTestClassHierarchyWithSingleLevelContextHierarchies" classname="org.springframework.test.context.support.ContextLoaderUtilsContextHierarchyTests" time="0.002"/>
  <testcase name="resolveContextHierarchyAttributesForSingleTestClassWithSingleLevelContextHierarchy" classname="org.springframework.test.context.support.ContextLoaderUtilsContextHierarchyTests" time="0.001"/>
  <testcase name="resolveContextHierarchyAttributesForTestClassHierarchyWithBareContextConfigurationInSuperclass" classname="org.springframework.test.context.support.ContextLoaderUtilsContextHierarchyTests" time="0.001"/>
  <testcase name="resolveContextHierarchyAttributesForTestClassHierarchyWithBareMetaContextConfigWithOverridesInSubclass" classname="org.springframework.test.context.support.ContextLoaderUtilsContextHierarchyTests" time="0.003"/>
  <testcase name="resolveContextHierarchyAttributesForSingleTestClassWithSingleLevelContextHierarchyFromMetaAnnotation" classname="org.springframework.test.context.support.ContextLoaderUtilsContextHierarchyTests" time="0.003"/>
  <testcase name="resolveContextHierarchyAttributesForTestClassHierarchyWithMultiLevelContextHierarchies" classname="org.springframework.test.context.support.ContextLoaderUtilsContextHierarchyTests" time="0.001"/>
  <testcase name="resolveContextHierarchyAttributesForTestClassHierarchyWithBareMetaContextConfigWithOverridesInSuperclass" classname="org.springframework.test.context.support.ContextLoaderUtilsContextHierarchyTests" time="0.001"/>
  <testcase name="resolveContextHierarchyAttributesForTestClassHierarchyWithSingleLevelContextHierarchiesAndMetaAnnotations" classname="org.springframework.test.context.support.ContextLoaderUtilsContextHierarchyTests" time="0.006"/>
  <testcase name="buildContextHierarchyMapForSingleTestClassWithMultiLevelContextHierarchyWithEmptyContextConfig" classname="org.springframework.test.context.support.ContextLoaderUtilsContextHierarchyTests" time="0.002"/>
  <testcase name="buildContextHierarchyMapForTestClassHierarchyWithMultiLevelContextHierarchiesAndUnnamedConfig" classname="org.springframework.test.context.support.ContextLoaderUtilsContextHierarchyTests" time="0.002"/>
  <testcase name="buildContextHierarchyMapForTestClassHierarchyWithMultiLevelContextHierarchiesAndPartiallyNamedConfig" classname="org.springframework.test.context.support.ContextLoaderUtilsContextHierarchyTests" time="0.002"/>
  <testcase name="resolveContextHierarchyAttributesForSingleTestClassWithContextConfigurationAndContextHierarchy" classname="org.springframework.test.context.support.ContextLoaderUtilsContextHierarchyTests" time="0.002"/>
  <testcase name="resolveContextHierarchyAttributesForTestClassHierarchyWithBareContextConfigurationInSubclass" classname="org.springframework.test.context.support.ContextLoaderUtilsContextHierarchyTests" time="0.002"/>
  <testcase name="buildContextHierarchyMapForSingleTestClassWithMultiLevelContextHierarchyWithDuplicatedContextConfig" classname="org.springframework.test.context.support.ContextLoaderUtilsContextHierarchyTests" time="0.002"/>
  <system-out><![CDATA[19:45:04.454 [Test worker] ERROR o.s.t.c.s.ContextLoaderUtils - Class [org.springframework.test.context.support.ContextLoaderUtilsContextHierarchyTests$ContextConfigurationAndContextHierarchyOnSingleMeta] has been configured with both @ContextConfiguration and @ContextHierarchy. Only one of these annotations may be declared on a test class or composed annotation.
19:45:04.489 [Test worker] ERROR o.s.t.c.s.ContextLoaderUtils - The @ContextConfiguration elements configured via @ContextHierarchy in test class [org.springframework.test.context.support.ContextLoaderUtilsContextHierarchyTests$SingleTestClassWithMultiLevelContextHierarchyWithEmptyContextConfig] and its superclasses must define unique contexts per hierarchy level.
19:45:04.496 [Test worker] ERROR o.s.t.c.s.ContextLoaderUtils - Class [org.springframework.test.context.support.ContextLoaderUtilsContextHierarchyTests$SingleTestClassWithContextConfigurationAndContextHierarchy] has been configured with both @ContextConfiguration and @ContextHierarchy. Only one of these annotations may be declared on a test class or composed annotation.
19:45:04.500 [Test worker] ERROR o.s.t.c.s.ContextLoaderUtils - The @ContextConfiguration elements configured via @ContextHierarchy in test class [org.springframework.test.context.support.ContextLoaderUtilsContextHierarchyTests$SingleTestClassWithMultiLevelContextHierarchyWithDuplicatedContextConfig] and its superclasses must define unique contexts per hierarchy level.
]]></system-out>
  <system-err><![CDATA[]]></system-err>
</testsuite>
