<?xml version="1.0" encoding="UTF-8"?>
<testsuite name="org.springframework.test.context.groovy.MixedXmlAndGroovySpringContextTests" tests="1" skipped="0" failures="0" errors="0" timestamp="2020-11-25T14:41:05" hostname="lichangbaodeMacBook-Pro.local" time="0.001">
  <properties/>
  <testcase name="verifyAnnotationAutowiredFields" classname="org.springframework.test.context.groovy.MixedXmlAndGroovySpringContextTests" time="0.001"/>
  <system-out><![CDATA[]]></system-out>
  <system-err><![CDATA[]]></system-err>
</testsuite>
