<?xml version="1.0" encoding="UTF-8"?>
<testsuite name="org.springframework.test.web.reactive.server.samples.HeaderAndCookieTests" tests="3" skipped="0" failures="0" errors="0" timestamp="2020-11-25T14:41:20" hostname="lichangbaodeMacBook-Pro.local" time="0.134">
  <properties/>
  <testcase name="requestResponseHeaderPair" classname="org.springframework.test.web.reactive.server.samples.HeaderAndCookieTests" time="0.05"/>
  <testcase name="setCookies" classname="org.springframework.test.web.reactive.server.samples.HeaderAndCookieTests" time="0.045"/>
  <testcase name="headerMultipleValues" classname="org.springframework.test.web.reactive.server.samples.HeaderAndCookieTests" time="0.039"/>
  <system-out><![CDATA[]]></system-out>
  <system-err><![CDATA[]]></system-err>
</testsuite>
