<?xml version="1.0" encoding="UTF-8"?>
<testsuite name="org.springframework.test.web.reactive.server.samples.ResponseEntityTests" tests="8" skipped="0" failures="0" errors="0" timestamp="2020-11-25T14:41:19" hostname="lichangbaodeMacBook-Pro.local" time="1.223">
  <properties/>
  <testcase name="entityList" classname="org.springframework.test.web.reactive.server.samples.ResponseEntityTests" time="0.069"/>
  <testcase name="entity" classname="org.springframework.test.web.reactive.server.samples.ResponseEntityTests" time="0.048"/>
  <testcase name="entityMap" classname="org.springframework.test.web.reactive.server.samples.ResponseEntityTests" time="0.05"/>
  <testcase name="entityListWithConsumer" classname="org.springframework.test.web.reactive.server.samples.ResponseEntityTests" time="0.043"/>
  <testcase name="entityWithConsumer" classname="org.springframework.test.web.reactive.server.samples.ResponseEntityTests" time="0.043"/>
  <testcase name="entityMatcher" classname="org.springframework.test.web.reactive.server.samples.ResponseEntityTests" time="0.045"/>
  <testcase name="entityStream" classname="org.springframework.test.web.reactive.server.samples.ResponseEntityTests" time="0.847"/>
  <testcase name="postEntity" classname="org.springframework.test.web.reactive.server.samples.ResponseEntityTests" time="0.078"/>
  <system-out><![CDATA[]]></system-out>
  <system-err><![CDATA[]]></system-err>
</testsuite>
