<?xml version="1.0" encoding="UTF-8"?>
<testsuite name="org.springframework.test.web.servlet.MockMvcReuseTests" tests="2" skipped="0" failures="0" errors="0" timestamp="2019-06-21T11:45:26" hostname="Macbook-Air.local" time="0.009">
  <properties/>
  <testcase name="requestParametersAreClearedBetweenInvocations" classname="org.springframework.test.web.servlet.MockMvcReuseTests" time="0.005"/>
  <testcase name="sessionAttributesAreClearedBetweenInvocations" classname="org.springframework.test.web.servlet.MockMvcReuseTests" time="0.004"/>
  <system-out><![CDATA[]]></system-out>
  <system-err><![CDATA[]]></system-err>
</testsuite>
