<?xml version="1.0" encoding="UTF-8"?>
<testsuite name="org.springframework.test.annotation.ProfileValueUtilsTests" tests="3" skipped="0" failures="0" errors="0" timestamp="2019-06-21T11:45:36" hostname="Macbook-Air.local" time="0.07">
  <properties/>
  <testcase name="isTestEnabledInThisEnvironmentForProvidedClass" classname="org.springframework.test.annotation.ProfileValueUtilsTests" time="0.062"/>
  <testcase name="isTestEnabledInThisEnvironmentForProvidedMethodAndClass" classname="org.springframework.test.annotation.ProfileValueUtilsTests" time="0.007"/>
  <testcase name="isTestEnabledInThisEnvironmentForProvidedProfileValueSourceMethodAndClass" classname="org.springframework.test.annotation.ProfileValueUtilsTests" time="0.0"/>
  <system-out><![CDATA[]]></system-out>
  <system-err><![CDATA[]]></system-err>
</testsuite>
