<?xml version="1.0" encoding="UTF-8"?>
<testsuite name="org.springframework.test.web.reactive.server.HttpHandlerConnectorTests" tests="2" skipped="0" failures="0" errors="0" timestamp="2019-06-21T11:45:26" hostname="Macbook-Air.local" time="0.012">
  <properties/>
  <testcase name="adaptResponse" classname="org.springframework.test.web.reactive.server.HttpHandlerConnectorTests" time="0.01"/>
  <testcase name="adaptRequest" classname="org.springframework.test.web.reactive.server.HttpHandlerConnectorTests" time="0.002"/>
  <system-out><![CDATA[]]></system-out>
  <system-err><![CDATA[]]></system-err>
</testsuite>
