<?xml version="1.0" encoding="UTF-8"?>
<testsuite name="org.springframework.test.web.servlet.samples.standalone.resultmatchers.ContentAssertionTests" tests="5" skipped="0" failures="0" errors="0" timestamp="2020-11-25T14:41:12" hostname="lichangbaodeMacBook-Pro.local" time="0.134">
  <properties/>
  <testcase name="testCharacterEncoding" classname="org.springframework.test.web.servlet.samples.standalone.resultmatchers.ContentAssertionTests" time="0.023"/>
  <testcase name="testContentAsBytes" classname="org.springframework.test.web.servlet.samples.standalone.resultmatchers.ContentAssertionTests" time="0.027"/>
  <testcase name="testContentType" classname="org.springframework.test.web.servlet.samples.standalone.resultmatchers.ContentAssertionTests" time="0.028"/>
  <testcase name="testContentStringMatcher" classname="org.springframework.test.web.servlet.samples.standalone.resultmatchers.ContentAssertionTests" time="0.028"/>
  <testcase name="testContentAsString" classname="org.springframework.test.web.servlet.samples.standalone.resultmatchers.ContentAssertionTests" time="0.028"/>
  <system-out><![CDATA[]]></system-out>
  <system-err><![CDATA[]]></system-err>
</testsuite>
