<?xml version="1.0" encoding="UTF-8"?>
<testsuite name="org.springframework.test.web.servlet.samples.standalone.AsyncTests" tests="10" skipped="0" failures="0" errors="0" timestamp="2020-11-25T14:41:10" hostname="lichangbaodeMacBook-Pro.local" time="0.592">
  <properties/>
  <testcase name="printAsyncResult" classname="org.springframework.test.web.servlet.samples.standalone.AsyncTests" time="0.036"/>
  <testcase name="streaming" classname="org.springframework.test.web.servlet.samples.standalone.AsyncTests" time="0.028"/>
  <testcase name="callable" classname="org.springframework.test.web.servlet.samples.standalone.AsyncTests" time="0.027"/>
  <testcase name="completableFutureWithImmediateValue" classname="org.springframework.test.web.servlet.samples.standalone.AsyncTests" time="0.03"/>
  <testcase name="listenableFuture" classname="org.springframework.test.web.servlet.samples.standalone.AsyncTests" time="0.03"/>
  <testcase name="deferredResultWithImmediateValue" classname="org.springframework.test.web.servlet.samples.standalone.AsyncTests" time="0.025"/>
  <testcase name="deferredResult" classname="org.springframework.test.web.servlet.samples.standalone.AsyncTests" time="0.024"/>
  <testcase name="streamingJson" classname="org.springframework.test.web.servlet.samples.standalone.AsyncTests" time="0.025"/>
  <testcase name="streamingSlow" classname="org.springframework.test.web.servlet.samples.standalone.AsyncTests" time="0.224"/>
  <testcase name="deferredResultWithDelayedError" classname="org.springframework.test.web.servlet.samples.standalone.AsyncTests" time="0.142"/>
  <system-out><![CDATA[]]></system-out>
  <system-err><![CDATA[]]></system-err>
</testsuite>
