<?xml version="1.0" encoding="UTF-8"?>
<testsuite name="org.springframework.test.web.reactive.server.samples.bind.RouterFunctionTests" tests="1" skipped="0" failures="0" errors="0" timestamp="2019-06-21T11:45:33" hostname="Macbook-Air.local" time="0.016">
  <properties/>
  <testcase name="test" classname="org.springframework.test.web.reactive.server.samples.bind.RouterFunctionTests" time="0.016"/>
  <system-out><![CDATA[]]></system-out>
  <system-err><![CDATA[]]></system-err>
</testsuite>
