<?xml version="1.0" encoding="UTF-8"?>
<testsuite name="org.springframework.test.context.event.EventPublishingTestExecutionListenerIntegrationTests" tests="10" skipped="0" failures="0" errors="0" timestamp="2020-11-25T14:41:05" hostname="lichangbaodeMacBook-Pro.local" time="0.294">
  <properties/>
  <testcase name="afterTestExecutionAnnotation" classname="org.springframework.test.context.event.EventPublishingTestExecutionListenerIntegrationTests" time="0.11"/>
  <testcase name="beforeTestMethodAnnotationWithFailingAsyncEventListener" classname="org.springframework.test.context.event.EventPublishingTestExecutionListenerIntegrationTests" time="0.034"/>
  <testcase name="afterTestMethodAnnotation" classname="org.springframework.test.context.event.EventPublishingTestExecutionListenerIntegrationTests" time="0.018"/>
  <testcase name="beforeTestMethodAnnotationWithFailingEventListener" classname="org.springframework.test.context.event.EventPublishingTestExecutionListenerIntegrationTests" time="0.025"/>
  <testcase name="beforeTestClassAnnotation" classname="org.springframework.test.context.event.EventPublishingTestExecutionListenerIntegrationTests" time="0.02"/>
  <testcase name="beforeTestMethodAnnotationWithFailingCondition" classname="org.springframework.test.context.event.EventPublishingTestExecutionListenerIntegrationTests" time="0.02"/>
  <testcase name="beforeTestExecutionAnnotation" classname="org.springframework.test.context.event.EventPublishingTestExecutionListenerIntegrationTests" time="0.015"/>
  <testcase name="afterTestClassAnnotation" classname="org.springframework.test.context.event.EventPublishingTestExecutionListenerIntegrationTests" time="0.017"/>
  <testcase name="prepareTestInstanceAnnotation" classname="org.springframework.test.context.event.EventPublishingTestExecutionListenerIntegrationTests" time="0.016"/>
  <testcase name="beforeTestMethodAnnotation" classname="org.springframework.test.context.event.EventPublishingTestExecutionListenerIntegrationTests" time="0.019"/>
  <system-out><![CDATA[22:41:05.598 [Test worker] WARN  o.s.t.c.TestContextManager - Caught exception while invoking 'beforeTestMethod' callback on TestExecutionListener [org.springframework.test.context.event.EventPublishingTestExecutionListener@5d8e0814] for test method [public void org.springframework.test.context.event.EventPublishingTestExecutionListenerIntegrationTests$ExampleTestCase.testWithFailingEventListener()] and test instance [org.springframework.test.context.event.EventPublishingTestExecutionListenerIntegrationTests$ExampleTestCase@9ef1a49]
java.lang.RuntimeException: Boom!
	at org.springframework.test.context.event.EventPublishingTestExecutionListenerIntegrationTests$TestEventListenerConfiguration.beforeTestMethodWithFailure(EventPublishingTestExecutionListenerIntegrationTests.java:262) ~[test/:?]
	at sun.reflect.NativeMethodAccessorImpl.invoke0(Native Method) ~[?:1.8.0_211]
	at sun.reflect.NativeMethodAccessorImpl.invoke(NativeMethodAccessorImpl.java:62) ~[?:1.8.0_211]
	at sun.reflect.DelegatingMethodAccessorImpl.invoke(DelegatingMethodAccessorImpl.java:43) ~[?:1.8.0_211]
	at java.lang.reflect.Method.invoke(Method.java:498) ~[?:1.8.0_211]
	at org.springframework.context.event.ApplicationListenerMethodAdapter.doInvoke(ApplicationListenerMethodAdapter.java:261) ~[spring-context-5.2.0.BUILD-SNAPSHOT.jar:5.2.0.BUILD-SNAPSHOT]
	at org.springframework.context.event.ApplicationListenerMethodAdapter.processEvent(ApplicationListenerMethodAdapter.java:179) ~[spring-context-5.2.0.BUILD-SNAPSHOT.jar:5.2.0.BUILD-SNAPSHOT]
	at org.springframework.context.event.ApplicationListenerMethodAdapter.onApplicationEvent(ApplicationListenerMethodAdapter.java:142) ~[spring-context-5.2.0.BUILD-SNAPSHOT.jar:5.2.0.BUILD-SNAPSHOT]
	at org.springframework.context.event.SimpleApplicationEventMulticaster.doInvokeListener(SimpleApplicationEventMulticaster.java:172) ~[spring-context-5.2.0.BUILD-SNAPSHOT.jar:5.2.0.BUILD-SNAPSHOT]
	at org.springframework.context.event.SimpleApplicationEventMulticaster.invokeListener(SimpleApplicationEventMulticaster.java:165) ~[spring-context-5.2.0.BUILD-SNAPSHOT.jar:5.2.0.BUILD-SNAPSHOT]
	at org.springframework.context.event.SimpleApplicationEventMulticaster.multicastEvent(SimpleApplicationEventMulticaster.java:139) ~[spring-context-5.2.0.BUILD-SNAPSHOT.jar:5.2.0.BUILD-SNAPSHOT]
	at org.springframework.context.support.AbstractApplicationContext.publishEvent(AbstractApplicationContext.java:448) ~[spring-context-5.2.0.BUILD-SNAPSHOT.jar:5.2.0.BUILD-SNAPSHOT]
	at org.springframework.context.support.AbstractApplicationContext.publishEvent(AbstractApplicationContext.java:405) ~[spring-context-5.2.0.BUILD-SNAPSHOT.jar:5.2.0.BUILD-SNAPSHOT]
	at org.springframework.test.context.TestContext.publishEvent(TestContext.java:94) ~[main/:?]
	at org.springframework.test.context.event.EventPublishingTestExecutionListener.beforeTestMethod(EventPublishingTestExecutionListener.java:111) ~[main/:?]
	at org.springframework.test.context.TestContextManager.beforeTestMethod(TestContextManager.java:289) ~[main/:?]
	at org.springframework.test.context.event.EventPublishingTestExecutionListenerIntegrationTests.lambda$beforeTestMethodAnnotationWithFailingEventListener$0(EventPublishingTestExecutionListenerIntegrationTests.java:130) ~[test/:?]
	at org.assertj.core.api.ThrowableAssert.catchThrowable(ThrowableAssert.java:62) [assertj-core-3.12.2.jar:?]
	at org.assertj.core.api.ThrowableTypeAssert.isThrownBy(ThrowableTypeAssert.java:59) [assertj-core-3.12.2.jar:?]
	at org.springframework.test.context.event.EventPublishingTestExecutionListenerIntegrationTests.beforeTestMethodAnnotationWithFailingEventListener(EventPublishingTestExecutionListenerIntegrationTests.java:129) [test/:?]
	at sun.reflect.NativeMethodAccessorImpl.invoke0(Native Method) ~[?:1.8.0_211]
	at sun.reflect.NativeMethodAccessorImpl.invoke(NativeMethodAccessorImpl.java:62) ~[?:1.8.0_211]
	at sun.reflect.DelegatingMethodAccessorImpl.invoke(DelegatingMethodAccessorImpl.java:43) ~[?:1.8.0_211]
	at java.lang.reflect.Method.invoke(Method.java:498) ~[?:1.8.0_211]
	at org.junit.runners.model.FrameworkMethod$1.runReflectiveCall(FrameworkMethod.java:59) [junit-4.13-beta-3.jar:4.13-beta-3]
	at org.junit.internal.runners.model.ReflectiveCallable.run(ReflectiveCallable.java:12) [junit-4.13-beta-3.jar:4.13-beta-3]
	at org.junit.runners.model.FrameworkMethod.invokeExplosively(FrameworkMethod.java:56) [junit-4.13-beta-3.jar:4.13-beta-3]
	at org.junit.internal.runners.statements.InvokeMethod.evaluate(InvokeMethod.java:17) [junit-4.13-beta-3.jar:4.13-beta-3]
	at org.junit.internal.runners.statements.RunAfters.evaluate(RunAfters.java:27) [junit-4.13-beta-3.jar:4.13-beta-3]
	at org.junit.runners.ParentRunner$3.evaluate(ParentRunner.java:305) [junit-4.13-beta-3.jar:4.13-beta-3]
	at org.junit.runners.BlockJUnit4ClassRunner$1.evaluate(BlockJUnit4ClassRunner.java:100) [junit-4.13-beta-3.jar:4.13-beta-3]
	at org.junit.runners.ParentRunner.runLeaf(ParentRunner.java:365) [junit-4.13-beta-3.jar:4.13-beta-3]
	at org.junit.runners.BlockJUnit4ClassRunner.runChild(BlockJUnit4ClassRunner.java:103) [junit-4.13-beta-3.jar:4.13-beta-3]
	at org.junit.runners.BlockJUnit4ClassRunner.runChild(BlockJUnit4ClassRunner.java:63) [junit-4.13-beta-3.jar:4.13-beta-3]
	at org.junit.runners.ParentRunner$4.run(ParentRunner.java:330) [junit-4.13-beta-3.jar:4.13-beta-3]
	at org.junit.runners.ParentRunner$1.schedule(ParentRunner.java:78) [junit-4.13-beta-3.jar:4.13-beta-3]
	at org.junit.runners.ParentRunner.runChildren(ParentRunner.java:328) [junit-4.13-beta-3.jar:4.13-beta-3]
	at org.junit.runners.ParentRunner.access$100(ParentRunner.java:65) [junit-4.13-beta-3.jar:4.13-beta-3]
	at org.junit.runners.ParentRunner$2.evaluate(ParentRunner.java:292) [junit-4.13-beta-3.jar:4.13-beta-3]
	at org.junit.runners.ParentRunner$3.evaluate(ParentRunner.java:305) [junit-4.13-beta-3.jar:4.13-beta-3]
	at org.junit.runners.ParentRunner.run(ParentRunner.java:412) [junit-4.13-beta-3.jar:4.13-beta-3]
	at org.gradle.api.internal.tasks.testing.junit.JUnitTestClassExecutor.runTestClass(JUnitTestClassExecutor.java:106) [gradle-testing-jvm-4.10.3.jar:4.10.3]
	at org.gradle.api.internal.tasks.testing.junit.JUnitTestClassExecutor.execute(JUnitTestClassExecutor.java:58) [gradle-testing-jvm-4.10.3.jar:4.10.3]
	at org.gradle.api.internal.tasks.testing.junit.JUnitTestClassExecutor.execute(JUnitTestClassExecutor.java:38) [gradle-testing-jvm-4.10.3.jar:4.10.3]
	at org.gradle.api.internal.tasks.testing.junit.AbstractJUnitTestClassProcessor.processTestClass(AbstractJUnitTestClassProcessor.java:66) [gradle-testing-jvm-4.10.3.jar:4.10.3]
	at org.gradle.api.internal.tasks.testing.SuiteTestClassProcessor.processTestClass(SuiteTestClassProcessor.java:51) [gradle-testing-base-4.10.3.jar:4.10.3]
	at sun.reflect.GeneratedMethodAccessor87.invoke(Unknown Source) ~[?:?]
	at sun.reflect.DelegatingMethodAccessorImpl.invoke(DelegatingMethodAccessorImpl.java:43) ~[?:1.8.0_211]
	at java.lang.reflect.Method.invoke(Method.java:498) ~[?:1.8.0_211]
	at org.gradle.internal.dispatch.ReflectionDispatch.dispatch(ReflectionDispatch.java:35) [gradle-messaging-4.10.3.jar:4.10.3]
	at org.gradle.internal.dispatch.ReflectionDispatch.dispatch(ReflectionDispatch.java:24) [gradle-messaging-4.10.3.jar:4.10.3]
	at org.gradle.internal.dispatch.ContextClassLoaderDispatch.dispatch(ContextClassLoaderDispatch.java:32) [gradle-messaging-4.10.3.jar:4.10.3]
	at org.gradle.internal.dispatch.ProxyDispatchAdapter$DispatchingInvocationHandler.invoke(ProxyDispatchAdapter.java:93) [gradle-messaging-4.10.3.jar:4.10.3]
	at com.sun.proxy.$Proxy2.processTestClass(Unknown Source) [?:?]
	at org.gradle.api.internal.tasks.testing.worker.TestWorker.processTestClass(TestWorker.java:117) [gradle-testing-base-4.10.3.jar:4.10.3]
	at sun.reflect.GeneratedMethodAccessor86.invoke(Unknown Source) ~[?:?]
	at sun.reflect.DelegatingMethodAccessorImpl.invoke(DelegatingMethodAccessorImpl.java:43) ~[?:1.8.0_211]
	at java.lang.reflect.Method.invoke(Method.java:498) ~[?:1.8.0_211]
	at org.gradle.internal.dispatch.ReflectionDispatch.dispatch(ReflectionDispatch.java:35) [gradle-messaging-4.10.3.jar:4.10.3]
	at org.gradle.internal.dispatch.ReflectionDispatch.dispatch(ReflectionDispatch.java:24) [gradle-messaging-4.10.3.jar:4.10.3]
	at org.gradle.internal.remote.internal.hub.MessageHubBackedObjectConnection$DispatchWrapper.dispatch(MessageHubBackedObjectConnection.java:155) [gradle-messaging-4.10.3.jar:4.10.3]
	at org.gradle.internal.remote.internal.hub.MessageHubBackedObjectConnection$DispatchWrapper.dispatch(MessageHubBackedObjectConnection.java:137) [gradle-messaging-4.10.3.jar:4.10.3]
	at org.gradle.internal.remote.internal.hub.MessageHub$Handler.run(MessageHub.java:404) [gradle-messaging-4.10.3.jar:4.10.3]
	at org.gradle.internal.concurrent.ExecutorPolicy$CatchAndRecordFailures.onExecute(ExecutorPolicy.java:63) [gradle-base-services-4.10.3.jar:4.10.3]
	at org.gradle.internal.concurrent.ManagedExecutorImpl$1.run(ManagedExecutorImpl.java:46) [gradle-base-services-4.10.3.jar:4.10.3]
	at java.util.concurrent.ThreadPoolExecutor.runWorker(ThreadPoolExecutor.java:1149) [?:1.8.0_211]
	at java.util.concurrent.ThreadPoolExecutor$Worker.run(ThreadPoolExecutor.java:624) [?:1.8.0_211]
	at org.gradle.internal.concurrent.ThreadFactoryImpl$ManagedThreadRunnable.run(ThreadFactoryImpl.java:55) [gradle-base-services-4.10.3.jar:4.10.3]
	at java.lang.Thread.run(Thread.java:748) [?:1.8.0_211]
]]></system-out>
  <system-err><![CDATA[]]></system-err>
</testsuite>
