<?xml version="1.0" encoding="UTF-8"?>
<testsuite name="org.springframework.test.web.servlet.samples.standalone.resultmatchers.ViewNameAssertionTests" tests="2" skipped="0" failures="0" errors="0" timestamp="2020-11-25T14:41:13" hostname="lichangbaodeMacBook-Pro.local" time="0.042">
  <properties/>
  <testcase name="testHamcrestMatcher" classname="org.springframework.test.web.servlet.samples.standalone.resultmatchers.ViewNameAssertionTests" time="0.021"/>
  <testcase name="testEqualTo" classname="org.springframework.test.web.servlet.samples.standalone.resultmatchers.ViewNameAssertionTests" time="0.02"/>
  <system-out><![CDATA[]]></system-out>
  <system-err><![CDATA[]]></system-err>
</testsuite>
