<?xml version="1.0" encoding="UTF-8"?>
<testsuite name="org.springframework.test.context.configuration.interfaces.ContextConfigurationInterfaceTests" tests="1" skipped="0" failures="0" errors="0" timestamp="2019-06-21T11:44:44" hostname="Macbook-Air.local" time="0.002">
  <properties/>
  <testcase name="profileFromTestInterface" classname="org.springframework.test.context.configuration.interfaces.ContextConfigurationInterfaceTests" time="0.002"/>
  <system-out><![CDATA[]]></system-out>
  <system-err><![CDATA[]]></system-err>
</testsuite>
