<?xml version="1.0" encoding="UTF-8"?>
<testsuite name="org.springframework.test.web.servlet.samples.spr.FormContentTests" tests="1" skipped="0" failures="0" errors="0" timestamp="2019-06-21T11:45:20" hostname="Macbook-Air.local" time="0.074">
  <properties/>
  <testcase name="formContentIsNotDuplicated" classname="org.springframework.test.web.servlet.samples.spr.FormContentTests" time="0.074"/>
  <system-out><![CDATA[]]></system-out>
  <system-err><![CDATA[]]></system-err>
</testsuite>
