<?xml version="1.0" encoding="UTF-8"?>
<testsuite name="org.springframework.test.web.reactive.server.WebTestClientExtensionsTests" tests="7" skipped="0" failures="0" errors="0" timestamp="2020-11-25T14:41:25" hostname="lichangbaodeMacBook-Pro.local" time="0.665">
  <properties/>
  <testcase name="ResponseSpec#expectBody with reified type parameters" classname="org.springframework.test.web.reactive.server.WebTestClientExtensionsTests" time="0.411"/>
  <testcase name="ResponseSpec#expectBodyList with reified type parameters" classname="org.springframework.test.web.reactive.server.WebTestClientExtensionsTests" time="0.074"/>
  <testcase name="KotlinBodySpec#isEqualTo" classname="org.springframework.test.web.reactive.server.WebTestClientExtensionsTests" time="0.025"/>
  <testcase name="RequestBodySpec#body with Publisher and reified type parameters" classname="org.springframework.test.web.reactive.server.WebTestClientExtensionsTests" time="0.089"/>
  <testcase name="ResponseSpec#returnResult with reified type parameters" classname="org.springframework.test.web.reactive.server.WebTestClientExtensionsTests" time="0.033"/>
  <testcase name="KotlinBodySpec#consumeWith" classname="org.springframework.test.web.reactive.server.WebTestClientExtensionsTests" time="0.016"/>
  <testcase name="KotlinBodySpec#returnResult" classname="org.springframework.test.web.reactive.server.WebTestClientExtensionsTests" time="0.014"/>
  <system-out><![CDATA[]]></system-out>
  <system-err><![CDATA[]]></system-err>
</testsuite>
