<?xml version="1.0" encoding="UTF-8"?>
<testsuite name="org.springframework.test.web.servlet.samples.standalone.ViewResolutionTests" tests="5" skipped="0" failures="0" errors="0" timestamp="2020-11-25T14:41:15" hostname="lichangbaodeMacBook-Pro.local" time="0.136">
  <properties/>
  <testcase name="testJspOnly" classname="org.springframework.test.web.servlet.samples.standalone.ViewResolutionTests" time="0.023"/>
  <testcase name="testJsonOnly" classname="org.springframework.test.web.servlet.samples.standalone.ViewResolutionTests" time="0.027"/>
  <testcase name="defaultViewResolver" classname="org.springframework.test.web.servlet.samples.standalone.ViewResolutionTests" time="0.02"/>
  <testcase name="testContentNegotiation" classname="org.springframework.test.web.servlet.samples.standalone.ViewResolutionTests" time="0.039"/>
  <testcase name="testXmlOnly" classname="org.springframework.test.web.servlet.samples.standalone.ViewResolutionTests" time="0.026"/>
  <system-out><![CDATA[]]></system-out>
  <system-err><![CDATA[]]></system-err>
</testsuite>
