<?xml version="1.0" encoding="UTF-8"?>
<testsuite name="org.springframework.test.web.servlet.samples.standalone.resultmatchers.SessionAttributeAssertionTests" tests="2" skipped="0" failures="0" errors="0" timestamp="2019-06-21T11:45:16" hostname="Macbook-Air.local" time="0.085">
  <properties/>
  <testcase name="testSessionAttributeEqualTo" classname="org.springframework.test.web.servlet.samples.standalone.resultmatchers.SessionAttributeAssertionTests" time="0.046"/>
  <testcase name="testSessionAttributeMatcher" classname="org.springframework.test.web.servlet.samples.standalone.resultmatchers.SessionAttributeAssertionTests" time="0.039"/>
  <system-out><![CDATA[]]></system-out>
  <system-err><![CDATA[]]></system-err>
</testsuite>
