<?xml version="1.0" encoding="UTF-8"?>
<testsuite name="org.springframework.test.context.ContextHierarchyDirtiesContextTests" tests="4" skipped="0" failures="0" errors="0" timestamp="2020-11-25T14:40:54" hostname="lichangbaodeMacBook-Pro.local" time="0.056">
  <properties/>
  <testcase name="classLevelDirtiesContextWithCurrentLevelHierarchyMode" classname="org.springframework.test.context.ContextHierarchyDirtiesContextTests" time="0.023"/>
  <testcase name="classLevelDirtiesContextWithExhaustiveHierarchyMode" classname="org.springframework.test.context.ContextHierarchyDirtiesContextTests" time="0.01"/>
  <testcase name="methodLevelDirtiesContextWithCurrentLevelHierarchyMode" classname="org.springframework.test.context.ContextHierarchyDirtiesContextTests" time="0.013"/>
  <testcase name="methodLevelDirtiesContextWithExhaustiveHierarchyMode" classname="org.springframework.test.context.ContextHierarchyDirtiesContextTests" time="0.01"/>
  <system-out><![CDATA[]]></system-out>
  <system-err><![CDATA[]]></system-err>
</testsuite>
