<?xml version="1.0" encoding="UTF-8"?>
<testsuite name="org.springframework.test.web.client.match.ContentRequestMatchersTests" tests="16" skipped="0" failures="0" errors="0" timestamp="2020-11-25T14:41:21" hostname="lichangbaodeMacBook-Pro.local" time="0.066">
  <properties/>
  <testcase name="testXml" classname="org.springframework.test.web.client.match.ContentRequestMatchersTests" time="0.029"/>
  <testcase name="testBytes" classname="org.springframework.test.web.client.match.ContentRequestMatchersTests" time="0.0"/>
  <testcase name="testContentType" classname="org.springframework.test.web.client.match.ContentRequestMatchersTests" time="0.0"/>
  <testcase name="testJsonStrictNoMatch" classname="org.springframework.test.web.client.match.ContentRequestMatchersTests" time="0.001"/>
  <testcase name="testNodeMatcherNoMatch" classname="org.springframework.test.web.client.match.ContentRequestMatchersTests" time="0.003"/>
  <testcase name="testStringNoMatch" classname="org.springframework.test.web.client.match.ContentRequestMatchersTests" time="0.001"/>
  <testcase name="testXmlNoMatch" classname="org.springframework.test.web.client.match.ContentRequestMatchersTests" time="0.026"/>
  <testcase name="testJsonStrictMatch" classname="org.springframework.test.web.client.match.ContentRequestMatchersTests" time="0.0"/>
  <testcase name="testJsonLenientNoMatch" classname="org.springframework.test.web.client.match.ContentRequestMatchersTests" time="0.001"/>
  <testcase name="testContentTypeNoMatch1" classname="org.springframework.test.web.client.match.ContentRequestMatchersTests" time="0.0"/>
  <testcase name="testContentTypeNoMatch2" classname="org.springframework.test.web.client.match.ContentRequestMatchersTests" time="0.0"/>
  <testcase name="testNodeMatcher" classname="org.springframework.test.web.client.match.ContentRequestMatchersTests" time="0.002"/>
  <testcase name="testJsonLenientMatch" classname="org.springframework.test.web.client.match.ContentRequestMatchersTests" time="0.001"/>
  <testcase name="testFormData" classname="org.springframework.test.web.client.match.ContentRequestMatchersTests" time="0.001"/>
  <testcase name="testBytesNoMatch" classname="org.springframework.test.web.client.match.ContentRequestMatchersTests" time="0.0"/>
  <testcase name="testString" classname="org.springframework.test.web.client.match.ContentRequestMatchersTests" time="0.001"/>
  <system-out><![CDATA[]]></system-out>
  <system-err><![CDATA[]]></system-err>
</testsuite>
