<?xml version="1.0" encoding="UTF-8"?>
<testsuite name="org.springframework.test.context.junit4.ParameterizedDependencyInjectionTests" tests="2" skipped="0" failures="0" errors="0" timestamp="2020-11-25T14:41:03" hostname="lichangbaodeMacBook-Pro.local" time="0.021">
  <properties/>
  <testcase name="verifyPetAndEmployee[bean [employee1], employee [John Smith]]" classname="org.springframework.test.context.junit4.ParameterizedDependencyInjectionTests" time="0.021"/>
  <testcase name="verifyPetAndEmployee[bean [employee2], employee [Jane Smith]]" classname="org.springframework.test.context.junit4.ParameterizedDependencyInjectionTests" time="0.0"/>
  <system-out><![CDATA[]]></system-out>
  <system-err><![CDATA[]]></system-err>
</testsuite>
