<?xml version="1.0" encoding="UTF-8"?>
<testsuite name="org.springframework.test.context.jdbc.MergedSqlConfigTests" tests="7" skipped="0" failures="0" errors="0" timestamp="2019-06-21T11:44:52" hostname="Macbook-Air.local" time="0.007">
  <properties/>
  <testcase name="localConfigWithContinueOnError" classname="org.springframework.test.context.jdbc.MergedSqlConfigTests" time="0.001"/>
  <testcase name="localConfigWithDefaults" classname="org.springframework.test.context.jdbc.MergedSqlConfigTests" time="0.0"/>
  <testcase name="globalConfig" classname="org.springframework.test.context.jdbc.MergedSqlConfigTests" time="0.002"/>
  <testcase name="globalConfigWithDefaults" classname="org.springframework.test.context.jdbc.MergedSqlConfigTests" time="0.001"/>
  <testcase name="localConfigWithIgnoreFailedDrops" classname="org.springframework.test.context.jdbc.MergedSqlConfigTests" time="0.001"/>
  <testcase name="localConfigWithCustomValues" classname="org.springframework.test.context.jdbc.MergedSqlConfigTests" time="0.0"/>
  <testcase name="globalConfigWithLocalOverrides" classname="org.springframework.test.context.jdbc.MergedSqlConfigTests" time="0.001"/>
  <system-out><![CDATA[]]></system-out>
  <system-err><![CDATA[]]></system-err>
</testsuite>
