<?xml version="1.0" encoding="UTF-8"?>
<testsuite name="org.springframework.test.context.support.TestConstructorUtilsTests" tests="5" skipped="0" failures="0" errors="0" timestamp="2020-11-25T14:41:04" hostname="lichangbaodeMacBook-Pro.local" time="0.002">
  <properties/>
  <testcase name="automaticallyAutowiredButOverriddenLocally" classname="org.springframework.test.context.support.TestConstructorUtilsTests" time="0.001"/>
  <testcase name="notAutowirable" classname="org.springframework.test.context.support.TestConstructorUtilsTests" time="0.001"/>
  <testcase name="autowiredAnnotation" classname="org.springframework.test.context.support.TestConstructorUtilsTests" time="0.0"/>
  <testcase name="testConstructorAnnotation" classname="org.springframework.test.context.support.TestConstructorUtilsTests" time="0.0"/>
  <testcase name="automaticallyAutowired" classname="org.springframework.test.context.support.TestConstructorUtilsTests" time="0.0"/>
  <system-out><![CDATA[]]></system-out>
  <system-err><![CDATA[]]></system-err>
</testsuite>
