<?xml version="1.0" encoding="UTF-8"?>
<testsuite name="org.springframework.mock.web.MockPageContextTests" tests="2" skipped="0" failures="0" errors="0" timestamp="2019-06-21T11:45:36" hostname="Macbook-Air.local" time="0.009">
  <properties/>
  <testcase name="removeAttributeWithNoScopeSpecifiedRemovesValueFromAllScopes" classname="org.springframework.mock.web.MockPageContextTests" time="0.008"/>
  <testcase name="setAttributeWithNoScopeUsesPageScope" classname="org.springframework.mock.web.MockPageContextTests" time="0.001"/>
  <system-out><![CDATA[]]></system-out>
  <system-err><![CDATA[]]></system-err>
</testsuite>
