<?xml version="1.0" encoding="UTF-8"?>
<testsuite name="org.springframework.mock.web.MockFilterChainTests" tests="7" skipped="0" failures="0" errors="0" timestamp="2019-06-21T11:45:36" hostname="Macbook-Air.local" time="0.023">
  <properties/>
  <testcase name="doFilterNullResponse" classname="org.springframework.mock.web.MockFilterChainTests" time="0.001"/>
  <testcase name="constructorNullServlet" classname="org.springframework.mock.web.MockFilterChainTests" time="0.0"/>
  <testcase name="constructorNullFilter" classname="org.springframework.mock.web.MockFilterChainTests" time="0.011"/>
  <testcase name="doFilterNullRequest" classname="org.springframework.mock.web.MockFilterChainTests" time="0.0"/>
  <testcase name="doFilterWithServlet" classname="org.springframework.mock.web.MockFilterChainTests" time="0.002"/>
  <testcase name="doFilterEmptyChain" classname="org.springframework.mock.web.MockFilterChainTests" time="0.0"/>
  <testcase name="doFilterWithServletAndFilters" classname="org.springframework.mock.web.MockFilterChainTests" time="0.008"/>
  <system-out><![CDATA[]]></system-out>
  <system-err><![CDATA[]]></system-err>
</testsuite>
