<?xml version="1.0" encoding="UTF-8"?>
<testsuite name="org.springframework.test.web.reactive.server.samples.ExchangeMutatorTests" tests="2" skipped="0" failures="0" errors="0" timestamp="2019-06-21T11:45:31" hostname="Macbook-Air.local" time="0.24">
  <properties/>
  <testcase name="useGloballyConfiguredIdentity" classname="org.springframework.test.web.reactive.server.samples.ExchangeMutatorTests" time="0.123"/>
  <testcase name="useLocallyConfiguredIdentity" classname="org.springframework.test.web.reactive.server.samples.ExchangeMutatorTests" time="0.116"/>
  <system-out><![CDATA[]]></system-out>
  <system-err><![CDATA[]]></system-err>
</testsuite>
