<?xml version="1.0" encoding="UTF-8"?>
<testsuite name="org.springframework.test.web.reactive.server.samples.ResponseEntityTests" tests="8" skipped="0" failures="0" errors="0" timestamp="2019-06-21T11:45:29" hostname="Macbook-Air.local" time="1.841">
  <properties/>
  <testcase name="entityList" classname="org.springframework.test.web.reactive.server.samples.ResponseEntityTests" time="0.177"/>
  <testcase name="entity" classname="org.springframework.test.web.reactive.server.samples.ResponseEntityTests" time="0.129"/>
  <testcase name="entityMap" classname="org.springframework.test.web.reactive.server.samples.ResponseEntityTests" time="0.115"/>
  <testcase name="entityListWithConsumer" classname="org.springframework.test.web.reactive.server.samples.ResponseEntityTests" time="0.111"/>
  <testcase name="entityWithConsumer" classname="org.springframework.test.web.reactive.server.samples.ResponseEntityTests" time="0.112"/>
  <testcase name="entityMatcher" classname="org.springframework.test.web.reactive.server.samples.ResponseEntityTests" time="0.117"/>
  <testcase name="entityStream" classname="org.springframework.test.web.reactive.server.samples.ResponseEntityTests" time="0.947"/>
  <testcase name="postEntity" classname="org.springframework.test.web.reactive.server.samples.ResponseEntityTests" time="0.133"/>
  <system-out><![CDATA[]]></system-out>
  <system-err><![CDATA[]]></system-err>
</testsuite>
