<?xml version="1.0" encoding="UTF-8"?>
<testsuite name="org.springframework.test.web.reactive.server.DefaultRouterFunctionSpecTests" tests="2" skipped="0" failures="0" errors="0" timestamp="2019-06-21T11:45:34" hostname="Macbook-Air.local" time="0.081">
  <properties/>
  <testcase name="webFilter" classname="org.springframework.test.web.reactive.server.DefaultRouterFunctionSpecTests" time="0.037"/>
  <testcase name="exceptionHandler" classname="org.springframework.test.web.reactive.server.DefaultRouterFunctionSpecTests" time="0.044"/>
  <system-out><![CDATA[]]></system-out>
  <system-err><![CDATA[]]></system-err>
</testsuite>
