<?xml version="1.0" encoding="UTF-8"?>
<testsuite name="org.springframework.test.context.junit4.nested.NestedTestsWithSpringRulesTests" tests="1" skipped="0" failures="0" errors="0" timestamp="2020-11-25T14:41:03" hostname="lichangbaodeMacBook-Pro.local" time="0.006">
  <properties/>
  <testcase name="topLevelTest" classname="org.springframework.test.context.junit4.nested.NestedTestsWithSpringRulesTests" time="0.006"/>
  <system-out><![CDATA[]]></system-out>
  <system-err><![CDATA[]]></system-err>
</testsuite>
