<?xml version="1.0" encoding="UTF-8"?>
<testsuite name="org.springframework.test.jdbc.JdbcTestUtilsTests" tests="3" skipped="0" failures="0" errors="0" timestamp="2019-06-21T11:45:36" hostname="Macbook-Air.local" time="0.251">
  <properties/>
  <testcase name="deleteWithoutWhereClause" classname="org.springframework.test.jdbc.JdbcTestUtilsTests" time="0.248"/>
  <testcase name="deleteWithWhereClauseAndArguments" classname="org.springframework.test.jdbc.JdbcTestUtilsTests" time="0.002"/>
  <testcase name="deleteWithWhereClause" classname="org.springframework.test.jdbc.JdbcTestUtilsTests" time="0.001"/>
  <system-out><![CDATA[]]></system-out>
  <system-err><![CDATA[]]></system-err>
</testsuite>
