<?xml version="1.0" encoding="UTF-8"?>
<testsuite name="org.springframework.test.web.servlet.samples.standalone.ReactiveReturnTypeTests" tests="1" skipped="0" failures="0" errors="0" timestamp="2019-06-21T11:45:10" hostname="Macbook-Air.local" time="3.182">
  <properties/>
  <testcase name="sseWithFlux" classname="org.springframework.test.web.servlet.samples.standalone.ReactiveReturnTypeTests" time="3.182"/>
  <system-out><![CDATA[]]></system-out>
  <system-err><![CDATA[]]></system-err>
</testsuite>
