<?xml version="1.0" encoding="UTF-8"?>
<testsuite name="org.springframework.test.context.support.TestConstructorUtilsTests" tests="5" skipped="0" failures="0" errors="0" timestamp="2019-06-21T11:45:04" hostname="Macbook-Air.local" time="0.012">
  <properties/>
  <testcase name="automaticallyAutowiredButOverriddenLocally" classname="org.springframework.test.context.support.TestConstructorUtilsTests" time="0.009"/>
  <testcase name="notAutowirable" classname="org.springframework.test.context.support.TestConstructorUtilsTests" time="0.0"/>
  <testcase name="autowiredAnnotation" classname="org.springframework.test.context.support.TestConstructorUtilsTests" time="0.001"/>
  <testcase name="testConstructorAnnotation" classname="org.springframework.test.context.support.TestConstructorUtilsTests" time="0.001"/>
  <testcase name="automaticallyAutowired" classname="org.springframework.test.context.support.TestConstructorUtilsTests" time="0.001"/>
  <system-out><![CDATA[]]></system-out>
  <system-err><![CDATA[]]></system-err>
</testsuite>
