<?xml version="1.0" encoding="UTF-8"?>
<testsuite name="org.springframework.test.context.hierarchies.meta.MetaHierarchyLevelTwoTests" tests="3" skipped="0" failures="0" errors="0" timestamp="2019-06-21T11:44:49" hostname="Macbook-Air.local" time="0.005">
  <properties/>
  <testcase name="contextHierarchy" classname="org.springframework.test.context.hierarchies.meta.MetaHierarchyLevelTwoTests" time="0.002"/>
  <testcase name="bar" classname="org.springframework.test.context.hierarchies.meta.MetaHierarchyLevelTwoTests" time="0.0"/>
  <testcase name="foo" classname="org.springframework.test.context.hierarchies.meta.MetaHierarchyLevelTwoTests" time="0.001"/>
  <system-out><![CDATA[]]></system-out>
  <system-err><![CDATA[]]></system-err>
</testsuite>
