<?xml version="1.0" encoding="UTF-8"?>
<testsuite name="org.springframework.test.context.junit4.hybrid.HybridContextLoaderTests" tests="1" skipped="0" failures="0" errors="0" timestamp="2020-11-25T14:41:03" hostname="lichangbaodeMacBook-Pro.local" time="0.001">
  <properties/>
  <testcase name="verifyContentsOfHybridApplicationContext" classname="org.springframework.test.context.junit4.hybrid.HybridContextLoaderTests" time="0.001"/>
  <system-out><![CDATA[]]></system-out>
  <system-err><![CDATA[]]></system-err>
</testsuite>
