<?xml version="1.0" encoding="UTF-8"?>
<testsuite name="org.springframework.test.web.servlet.samples.standalone.FilterTests" tests="7" skipped="0" failures="0" errors="0" timestamp="2020-11-25T14:41:11" hostname="lichangbaodeMacBook-Pro.local" time="0.188">
  <properties/>
  <testcase name="filtersProcessRequest" classname="org.springframework.test.web.servlet.samples.standalone.FilterTests" time="0.026"/>
  <testcase name="filterMappedBySuffix" classname="org.springframework.test.web.servlet.samples.standalone.FilterTests" time="0.024"/>
  <testcase name="whenFiltersCompleteMvcProcessesRequest" classname="org.springframework.test.web.servlet.samples.standalone.FilterTests" time="0.025"/>
  <testcase name="filterWrapsRequestResponseAndPerformsAsyncDispatch" classname="org.springframework.test.web.servlet.samples.standalone.FilterTests" time="0.035"/>
  <testcase name="filterWrapsRequestResponse" classname="org.springframework.test.web.servlet.samples.standalone.FilterTests" time="0.025"/>
  <testcase name="filterWithExactMapping" classname="org.springframework.test.web.servlet.samples.standalone.FilterTests" time="0.025"/>
  <testcase name="filterSkipped" classname="org.springframework.test.web.servlet.samples.standalone.FilterTests" time="0.028"/>
  <system-out><![CDATA[]]></system-out>
  <system-err><![CDATA[]]></system-err>
</testsuite>
