<?xml version="1.0" encoding="UTF-8"?>
<testsuite name="org.springframework.test.web.client.samples.matchers.XpathRequestMatchersIntegrationTests" tests="6" skipped="0" failures="0" errors="0" timestamp="2019-06-21T11:45:35" hostname="Macbook-Air.local" time="0.296">
  <properties/>
  <testcase name="testBoolean" classname="org.springframework.test.web.client.samples.matchers.XpathRequestMatchersIntegrationTests" time="0.03"/>
  <testcase name="testDoesNotExist" classname="org.springframework.test.web.client.samples.matchers.XpathRequestMatchersIntegrationTests" time="0.041"/>
  <testcase name="testNodeCount" classname="org.springframework.test.web.client.samples.matchers.XpathRequestMatchersIntegrationTests" time="0.044"/>
  <testcase name="testExists" classname="org.springframework.test.web.client.samples.matchers.XpathRequestMatchersIntegrationTests" time="0.056"/>
  <testcase name="testNumber" classname="org.springframework.test.web.client.samples.matchers.XpathRequestMatchersIntegrationTests" time="0.053"/>
  <testcase name="testString" classname="org.springframework.test.web.client.samples.matchers.XpathRequestMatchersIntegrationTests" time="0.072"/>
  <system-out><![CDATA[]]></system-out>
  <system-err><![CDATA[]]></system-err>
</testsuite>
