<?xml version="1.0" encoding="UTF-8"?>
<testsuite name="org.springframework.test.web.servlet.samples.standalone.resultmatchers.SessionAttributeAssertionTests" tests="2" skipped="0" failures="0" errors="0" timestamp="2020-11-25T14:41:12" hostname="lichangbaodeMacBook-Pro.local" time="0.043">
  <properties/>
  <testcase name="testSessionAttributeEqualTo" classname="org.springframework.test.web.servlet.samples.standalone.resultmatchers.SessionAttributeAssertionTests" time="0.022"/>
  <testcase name="testSessionAttributeMatcher" classname="org.springframework.test.web.servlet.samples.standalone.resultmatchers.SessionAttributeAssertionTests" time="0.021"/>
  <system-out><![CDATA[]]></system-out>
  <system-err><![CDATA[]]></system-err>
</testsuite>
