<?xml version="1.0" encoding="UTF-8"?>
<testsuite name="org.springframework.test.context.groovy.GroovyControlGroupTests" tests="1" skipped="0" failures="0" errors="0" timestamp="2019-06-21T11:45:05" hostname="Macbook-Air.local" time="0.136">
  <properties/>
  <testcase name="verifyScriptUsingGenericGroovyApplicationContext" classname="org.springframework.test.context.groovy.GroovyControlGroupTests" time="0.136"/>
  <system-out><![CDATA[]]></system-out>
  <system-err><![CDATA[]]></system-err>
</testsuite>
