<?xml version="1.0" encoding="UTF-8"?>
<testsuite name="org.springframework.test.context.support.CustomizedGenericXmlContextLoaderTests" tests="1" skipped="0" failures="0" errors="0" timestamp="2020-11-25T14:41:04" hostname="lichangbaodeMacBook-Pro.local" time="0.008">
  <properties/>
  <testcase name="customizeContext" classname="org.springframework.test.context.support.CustomizedGenericXmlContextLoaderTests" time="0.008"/>
  <system-out><![CDATA[]]></system-out>
  <system-err><![CDATA[]]></system-err>
</testsuite>
