<?xml version="1.0" encoding="UTF-8"?>
<testsuite name="org.springframework.test.context.jdbc.TransactionalSqlScriptsTests" tests="2" skipped="0" failures="0" errors="0" timestamp="2019-06-21T11:44:51" hostname="Macbook-Air.local" time="0.016">
  <properties/>
  <testcase name="test01_classLevelScripts" classname="org.springframework.test.context.jdbc.TransactionalSqlScriptsTests" time="0.005"/>
  <testcase name="test02_methodLevelScripts" classname="org.springframework.test.context.jdbc.TransactionalSqlScriptsTests" time="0.007"/>
  <system-out><![CDATA[]]></system-out>
  <system-err><![CDATA[]]></system-err>
</testsuite>
