<?xml version="1.0" encoding="UTF-8"?>
<testsuite name="org.springframework.test.context.junit4.spr3896.BeanOverridingExplicitLocationsInheritedTests" tests="2" skipped="0" failures="0" errors="0" timestamp="2019-06-21T11:44:53" hostname="Macbook-Air.local" time="0.017">
  <properties/>
  <testcase name="verifyEmployeeSetFromBaseContextConfig" classname="org.springframework.test.context.junit4.spr3896.BeanOverridingExplicitLocationsInheritedTests" time="0.0"/>
  <testcase name="verifyEmployeeSetFromBaseContextConfig" classname="org.springframework.test.context.junit4.spr3896.BeanOverridingExplicitLocationsInheritedTests" time="0.0"/>
  <system-out><![CDATA[]]></system-out>
  <system-err><![CDATA[]]></system-err>
</testsuite>
