<?xml version="1.0" encoding="UTF-8"?>
<testsuite name="org.springframework.test.web.reactive.server.samples.XmlContentTests" tests="5" skipped="0" failures="0" errors="0" timestamp="2019-06-21T11:45:28" hostname="Macbook-Air.local" time="0.82">
  <properties/>
  <testcase name="postXmlContent" classname="org.springframework.test.web.reactive.server.samples.XmlContentTests" time="0.195"/>
  <testcase name="xpathIsEqualTo" classname="org.springframework.test.web.reactive.server.samples.XmlContentTests" time="0.163"/>
  <testcase name="xpathContainsSubstringViaRegex" classname="org.springframework.test.web.reactive.server.samples.XmlContentTests" time="0.14"/>
  <testcase name="xmlContent" classname="org.springframework.test.web.reactive.server.samples.XmlContentTests" time="0.191"/>
  <testcase name="xpathMatches" classname="org.springframework.test.web.reactive.server.samples.XmlContentTests" time="0.13"/>
  <system-out><![CDATA[]]></system-out>
  <system-err><![CDATA[]]></system-err>
</testsuite>
