<?xml version="1.0" encoding="UTF-8"?>
<testsuite name="org.springframework.test.web.reactive.server.WiretapConnectorTests" tests="1" skipped="0" failures="0" errors="0" timestamp="2020-11-25T14:41:18" hostname="lichangbaodeMacBook-Pro.local" time="0.008">
  <properties/>
  <testcase name="captureAndClaim" classname="org.springframework.test.web.reactive.server.WiretapConnectorTests" time="0.008"/>
  <system-out><![CDATA[]]></system-out>
  <system-err><![CDATA[]]></system-err>
</testsuite>
