<?xml version="1.0" encoding="UTF-8"?>
<testsuite name="org.springframework.test.web.client.samples.SampleAsyncTests" tests="4" skipped="0" failures="0" errors="0" timestamp="2020-11-25T14:41:22" hostname="lichangbaodeMacBook-Pro.local" time="0.033">
  <properties/>
  <testcase name="performGetManyTimes" classname="org.springframework.test.web.client.samples.SampleAsyncTests" time="0.008"/>
  <testcase name="verify" classname="org.springframework.test.web.client.samples.SampleAsyncTests" time="0.008"/>
  <testcase name="performGetWithResponseBodyFromFile" classname="org.springframework.test.web.client.samples.SampleAsyncTests" time="0.009"/>
  <testcase name="performGet" classname="org.springframework.test.web.client.samples.SampleAsyncTests" time="0.008"/>
  <system-out><![CDATA[]]></system-out>
  <system-err><![CDATA[]]></system-err>
</testsuite>
