<?xml version="1.0" encoding="UTF-8"?>
<testsuite name="org.springframework.test.web.servlet.htmlunit.MockMvcWebClientBuilderTests" tests="6" skipped="0" failures="0" errors="0" timestamp="2019-06-21T11:45:21" hostname="Macbook-Air.local" time="2.587">
  <properties/>
  <testcase name="cookiesAreManaged" classname="org.springframework.test.web.servlet.htmlunit.MockMvcWebClientBuilderTests" time="2.494"/>
  <testcase name="cookieManagerShared" classname="org.springframework.test.web.servlet.htmlunit.MockMvcWebClientBuilderTests" time="0.071"/>
  <testcase name="webAppContextSetupNull" classname="org.springframework.test.web.servlet.htmlunit.MockMvcWebClientBuilderTests" time="0.003"/>
  <testcase name="mockMvcSetupNull" classname="org.springframework.test.web.servlet.htmlunit.MockMvcWebClientBuilderTests" time="0.003"/>
  <testcase name="mockMvcSetupWithCustomWebClientDelegate" classname="org.springframework.test.web.servlet.htmlunit.MockMvcWebClientBuilderTests" time="0.009"/>
  <testcase name="mockMvcSetupWithDefaultWebClientDelegate" classname="org.springframework.test.web.servlet.htmlunit.MockMvcWebClientBuilderTests" time="0.004"/>
  <system-out><![CDATA[]]></system-out>
  <system-err><![CDATA[]]></system-err>
</testsuite>
