<?xml version="1.0" encoding="UTF-8"?>
<testsuite name="org.springframework.test.web.client.samples.matchers.XpathRequestMatchersIntegrationTests" tests="6" skipped="0" failures="0" errors="0" timestamp="2020-11-25T14:41:22" hostname="lichangbaodeMacBook-Pro.local" time="0.14">
  <properties/>
  <testcase name="testBoolean" classname="org.springframework.test.web.client.samples.matchers.XpathRequestMatchersIntegrationTests" time="0.017"/>
  <testcase name="testDoesNotExist" classname="org.springframework.test.web.client.samples.matchers.XpathRequestMatchersIntegrationTests" time="0.021"/>
  <testcase name="testNodeCount" classname="org.springframework.test.web.client.samples.matchers.XpathRequestMatchersIntegrationTests" time="0.021"/>
  <testcase name="testExists" classname="org.springframework.test.web.client.samples.matchers.XpathRequestMatchersIntegrationTests" time="0.024"/>
  <testcase name="testNumber" classname="org.springframework.test.web.client.samples.matchers.XpathRequestMatchersIntegrationTests" time="0.024"/>
  <testcase name="testString" classname="org.springframework.test.web.client.samples.matchers.XpathRequestMatchersIntegrationTests" time="0.032"/>
  <system-out><![CDATA[]]></system-out>
  <system-err><![CDATA[]]></system-err>
</testsuite>
