<?xml version="1.0" encoding="UTF-8"?>
<testsuite name="org.springframework.test.context.groovy.MixedXmlAndGroovySpringContextTests" tests="1" skipped="0" failures="0" errors="0" timestamp="2019-06-21T11:45:05" hostname="Macbook-Air.local" time="0.0">
  <properties/>
  <testcase name="verifyAnnotationAutowiredFields" classname="org.springframework.test.context.groovy.MixedXmlAndGroovySpringContextTests" time="0.0"/>
  <system-out><![CDATA[]]></system-out>
  <system-err><![CDATA[]]></system-err>
</testsuite>
