<?xml version="1.0" encoding="UTF-8"?>
<testsuite name="org.springframework.test.context.jdbc.ComposedAnnotationSqlScriptsTests" tests="1" skipped="0" failures="0" errors="0" timestamp="2020-11-25T14:40:54" hostname="lichangbaodeMacBook-Pro.local" time="0.004">
  <properties/>
  <testcase name="composedSqlAnnotation" classname="org.springframework.test.context.jdbc.ComposedAnnotationSqlScriptsTests" time="0.004"/>
  <system-out><![CDATA[]]></system-out>
  <system-err><![CDATA[]]></system-err>
</testsuite>
