<?xml version="1.0" encoding="UTF-8"?>
<testsuite name="org.springframework.test.context.transaction.programmatic.ProgrammaticTxMgmtTests" tests="12" skipped="0" failures="0" errors="0" timestamp="2020-11-25T14:40:47" hostname="lichangbaodeMacBook-Pro.local" time="0.044">
  <properties/>
  <testcase name="rollbackTxAndStartNewTx" classname="org.springframework.test.context.transaction.programmatic.ProgrammaticTxMgmtTests" time="0.019"/>
  <testcase name="isFlaggedForRollbackWithNonExistentTransactionContext" classname="org.springframework.test.context.transaction.programmatic.ProgrammaticTxMgmtTests" time="0.001"/>
  <testcase name="flagForCommitWithNonExistentTransactionContext" classname="org.springframework.test.context.transaction.programmatic.ProgrammaticTxMgmtTests" time="0.0"/>
  <testcase name="isActiveWithNonExistentTransactionContext" classname="org.springframework.test.context.transaction.programmatic.ProgrammaticTxMgmtTests" time="0.001"/>
  <testcase name="flagForRollbackWithNonExistentTransactionContext" classname="org.springframework.test.context.transaction.programmatic.ProgrammaticTxMgmtTests" time="0.001"/>
  <testcase name="endTxWithNonExistentTransactionContext" classname="org.springframework.test.context.transaction.programmatic.ProgrammaticTxMgmtTests" time="0.0"/>
  <testcase name="rollbackTxButDoNotStartNewTx" classname="org.springframework.test.context.transaction.programmatic.ProgrammaticTxMgmtTests" time="0.003"/>
  <testcase name="startTxWithExistingTransaction" classname="org.springframework.test.context.transaction.programmatic.ProgrammaticTxMgmtTests" time="0.002"/>
  <testcase name="startTxWithNonExistentTransactionContext" classname="org.springframework.test.context.transaction.programmatic.ProgrammaticTxMgmtTests" time="0.0"/>
  <testcase name="commitTxButDoNotStartNewTx" classname="org.springframework.test.context.transaction.programmatic.ProgrammaticTxMgmtTests" time="0.003"/>
  <testcase name="commitTxAndStartNewTx" classname="org.springframework.test.context.transaction.programmatic.ProgrammaticTxMgmtTests" time="0.004"/>
  <testcase name="rollbackTxAndStartNewTxWithDefaultCommitSemantics" classname="org.springframework.test.context.transaction.programmatic.ProgrammaticTxMgmtTests" time="0.005"/>
  <system-out><![CDATA[]]></system-out>
  <system-err><![CDATA[]]></system-err>
</testsuite>
