<?xml version="1.0" encoding="UTF-8"?>
<testsuite name="org.springframework.test.web.servlet.samples.spr.RequestContextHolderTests" tests="4" skipped="0" failures="0" errors="0" timestamp="2020-11-25T14:41:15" hostname="lichangbaodeMacBook-Pro.local" time="0.016">
  <properties/>
  <testcase name="requestScopedController" classname="org.springframework.test.web.servlet.samples.spr.RequestContextHolderTests" time="0.01"/>
  <testcase name="sessionScopedService" classname="org.springframework.test.web.servlet.samples.spr.RequestContextHolderTests" time="0.002"/>
  <testcase name="requestScopedService" classname="org.springframework.test.web.servlet.samples.spr.RequestContextHolderTests" time="0.002"/>
  <testcase name="singletonController" classname="org.springframework.test.web.servlet.samples.spr.RequestContextHolderTests" time="0.002"/>
  <system-out><![CDATA[]]></system-out>
  <system-err><![CDATA[]]></system-err>
</testsuite>
