<?xml version="1.0" encoding="UTF-8"?>
<testsuite name="org.springframework.test.context.cache.ClassLevelDirtiesContextTestNGTests" tests="1" skipped="0" failures="0" errors="0" timestamp="2019-06-21T11:44:46" hostname="Macbook-Air.local" time="1.851">
  <properties/>
  <testcase name="verifyDirtiesContextBehavior" classname="org.springframework.test.context.cache.ClassLevelDirtiesContextTestNGTests" time="1.851"/>
  <system-out><![CDATA[]]></system-out>
  <system-err><![CDATA[]]></system-err>
</testsuite>
