<?xml version="1.0" encoding="UTF-8"?>
<testsuite name="org.springframework.test.context.support.CustomizedGenericXmlContextLoaderTests" tests="1" skipped="0" failures="0" errors="0" timestamp="2019-06-21T11:45:04" hostname="Macbook-Air.local" time="0.018">
  <properties/>
  <testcase name="customizeContext" classname="org.springframework.test.context.support.CustomizedGenericXmlContextLoaderTests" time="0.018"/>
  <system-out><![CDATA[]]></system-out>
  <system-err><![CDATA[]]></system-err>
</testsuite>
