<?xml version="1.0" encoding="UTF-8"?>
<testsuite name="org.springframework.test.web.reactive.server.samples.bind.HttpServerTests" tests="1" skipped="0" failures="0" errors="0" timestamp="2019-06-21T11:45:32" hostname="Macbook-Air.local" time="1.405">
  <properties/>
  <testcase name="test" classname="org.springframework.test.web.reactive.server.samples.bind.HttpServerTests" time="1.405"/>
  <system-out><![CDATA[]]></system-out>
  <system-err><![CDATA[]]></system-err>
</testsuite>
