<?xml version="1.0" encoding="UTF-8"?>
<testsuite name="org.springframework.test.web.servlet.samples.standalone.resultmatchers.CookieAssertionTests" tests="10" skipped="0" failures="0" errors="0" timestamp="2020-11-25T14:41:14" hostname="lichangbaodeMacBook-Pro.local" time="0.215">
  <properties/>
  <testcase name="testEqualTo" classname="org.springframework.test.web.servlet.samples.standalone.resultmatchers.CookieAssertionTests" time="0.028"/>
  <testcase name="testPath" classname="org.springframework.test.web.servlet.samples.standalone.resultmatchers.CookieAssertionTests" time="0.021"/>
  <testcase name="testVersion" classname="org.springframework.test.web.servlet.samples.standalone.resultmatchers.CookieAssertionTests" time="0.021"/>
  <testcase name="testMatcher" classname="org.springframework.test.web.servlet.samples.standalone.resultmatchers.CookieAssertionTests" time="0.021"/>
  <testcase name="testHttpOnly" classname="org.springframework.test.web.servlet.samples.standalone.resultmatchers.CookieAssertionTests" time="0.021"/>
  <testcase name="testDomain" classname="org.springframework.test.web.servlet.samples.standalone.resultmatchers.CookieAssertionTests" time="0.021"/>
  <testcase name="testExists" classname="org.springframework.test.web.servlet.samples.standalone.resultmatchers.CookieAssertionTests" time="0.02"/>
  <testcase name="testMaxAge" classname="org.springframework.test.web.servlet.samples.standalone.resultmatchers.CookieAssertionTests" time="0.021"/>
  <testcase name="testNotExists" classname="org.springframework.test.web.servlet.samples.standalone.resultmatchers.CookieAssertionTests" time="0.02"/>
  <testcase name="testSecured" classname="org.springframework.test.web.servlet.samples.standalone.resultmatchers.CookieAssertionTests" time="0.021"/>
  <system-out><![CDATA[]]></system-out>
  <system-err><![CDATA[]]></system-err>
</testsuite>
