<?xml version="1.0" encoding="UTF-8"?>
<testsuite name="org.springframework.test.context.web.AnnotationConfigWebContextLoaderTests" tests="1" skipped="0" failures="0" errors="0" timestamp="2019-06-21T11:44:51" hostname="Macbook-Air.local" time="0.002">
  <properties/>
  <testcase name="configMustNotContainLocations" classname="org.springframework.test.context.web.AnnotationConfigWebContextLoaderTests" time="0.002"/>
  <system-out><![CDATA[19:44:51.018 [Test worker] ERROR o.s.t.c.w.AnnotationConfigWebContextLoader - Test class [org.springframework.test.context.web.AnnotationConfigWebContextLoaderTests] has been configured with @ContextConfiguration's 'locations' (or 'value') attribute {config.xml}, but AnnotationConfigWebContextLoader does not support resource locations.
]]></system-out>
  <system-err><![CDATA[]]></system-err>
</testsuite>
