<?xml version="1.0" encoding="UTF-8"?>
<testsuite name="org.springframework.test.web.servlet.result.MockMvcResultMatchersTests" tests="9" skipped="0" failures="0" errors="0" timestamp="2020-11-25T14:41:06" hostname="lichangbaodeMacBook-Pro.local" time="0.023">
  <properties/>
  <testcase name="forwardWithMatchingPattern" classname="org.springframework.test.web.servlet.result.MockMvcResultMatchersTests" time="0.001"/>
  <testcase name="forwardWithNonMatchingPattern" classname="org.springframework.test.web.servlet.result.MockMvcResultMatchersTests" time="0.0"/>
  <testcase name="forwardWithQueryString" classname="org.springframework.test.web.servlet.result.MockMvcResultMatchersTests" time="0.001"/>
  <testcase name="redirect" classname="org.springframework.test.web.servlet.result.MockMvcResultMatchersTests" time="0.0"/>
  <testcase name="forward" classname="org.springframework.test.web.servlet.result.MockMvcResultMatchersTests" time="0.0"/>
  <testcase name="redirectWithMatchingPattern" classname="org.springframework.test.web.servlet.result.MockMvcResultMatchersTests" time="0.001"/>
  <testcase name="forwardWithUrlTemplate" classname="org.springframework.test.web.servlet.result.MockMvcResultMatchersTests" time="0.019"/>
  <testcase name="redirectWithUrlTemplate" classname="org.springframework.test.web.servlet.result.MockMvcResultMatchersTests" time="0.0"/>
  <testcase name="redirectWithNonMatchingPattern" classname="org.springframework.test.web.servlet.result.MockMvcResultMatchersTests" time="0.001"/>
  <system-out><![CDATA[]]></system-out>
  <system-err><![CDATA[]]></system-err>
</testsuite>
