<?xml version="1.0" encoding="UTF-8"?>
<testsuite name="org.springframework.test.context.jdbc.MetaAnnotationSqlScriptsTests" tests="2" skipped="0" failures="0" errors="0" timestamp="2019-06-21T11:44:52" hostname="Macbook-Air.local" time="0.011">
  <properties/>
  <testcase name="metaSqlAnnotation" classname="org.springframework.test.context.jdbc.MetaAnnotationSqlScriptsTests" time="0.005"/>
  <testcase name="metaSqlGroupAnnotation" classname="org.springframework.test.context.jdbc.MetaAnnotationSqlScriptsTests" time="0.005"/>
  <system-out><![CDATA[]]></system-out>
  <system-err><![CDATA[]]></system-err>
</testsuite>
