<?xml version="1.0" encoding="UTF-8"?>
<testsuite name="org.springframework.test.web.servlet.samples.standalone.resultmatchers.FlashAttributeAssertionTests" tests="3" skipped="0" failures="0" errors="0" timestamp="2020-11-25T14:41:13" hostname="lichangbaodeMacBook-Pro.local" time="1.15">
  <properties/>
  <testcase name="testEqualTo" classname="org.springframework.test.web.servlet.samples.standalone.resultmatchers.FlashAttributeAssertionTests" time="1.095"/>
  <testcase name="testMatchers" classname="org.springframework.test.web.servlet.samples.standalone.resultmatchers.FlashAttributeAssertionTests" time="0.029"/>
  <testcase name="testExists" classname="org.springframework.test.web.servlet.samples.standalone.resultmatchers.FlashAttributeAssertionTests" time="0.026"/>
  <system-out><![CDATA[]]></system-out>
  <system-err><![CDATA[]]></system-err>
</testsuite>
