<?xml version="1.0" encoding="UTF-8"?>
<testsuite name="org.springframework.test.context.junit4.ExpectedExceptionSpringRunnerTests" tests="1" skipped="0" failures="0" errors="0" timestamp="2020-11-25T14:40:55" hostname="lichangbaodeMacBook-Pro.local" time="0.002">
  <properties/>
  <testcase name="expectedExceptions" classname="org.springframework.test.context.junit4.ExpectedExceptionSpringRunnerTests" time="0.002"/>
  <system-out><![CDATA[]]></system-out>
  <system-err><![CDATA[]]></system-err>
</testsuite>
