<?xml version="1.0" encoding="UTF-8"?>
<testsuite name="org.springframework.test.web.reactive.server.MockServerSpecTests" tests="2" skipped="0" failures="0" errors="0" timestamp="2020-11-25T14:41:18" hostname="lichangbaodeMacBook-Pro.local" time="0.005">
  <properties/>
  <testcase name="applyFiltersAfterConfigurerAdded" classname="org.springframework.test.web.reactive.server.MockServerSpecTests" time="0.004"/>
  <testcase name="applyFiltersBeforeServerCreated" classname="org.springframework.test.web.reactive.server.MockServerSpecTests" time="0.001"/>
  <system-out><![CDATA[]]></system-out>
  <system-err><![CDATA[]]></system-err>
</testsuite>
