<?xml version="1.0" encoding="UTF-8"?>
<testsuite name="org.springframework.test.context.TestExecutionListenersTests" tests="17" skipped="0" failures="0" errors="0" timestamp="2019-06-21T11:45:06" hostname="Macbook-Air.local" time="0.089">
  <properties/>
  <testcase name="inheritedDefaultListeners" classname="org.springframework.test.context.TestExecutionListenersTests" time="0.017"/>
  <testcase name="inheritedListeners" classname="org.springframework.test.context.TestExecutionListenersTests" time="0.003"/>
  <testcase name="customsListenersRegisteredViaMetaAnnotationWithInheritedListenersWithOverrides" classname="org.springframework.test.context.TestExecutionListenersTests" time="0.007"/>
  <testcase name="customListenersRegisteredViaMetaAnnotationWithNonInheritedListenersWithOverrides" classname="org.springframework.test.context.TestExecutionListenersTests" time="0.006"/>
  <testcase name="defaultListenersMergedWithCustomListenerInserted" classname="org.springframework.test.context.TestExecutionListenersTests" time="0.006"/>
  <testcase name="customListenersRegisteredViaMetaAnnotationWithOverrides" classname="org.springframework.test.context.TestExecutionListenersTests" time="0.003"/>
  <testcase name="defaultListenersMergedWithCustomListenerAppended" classname="org.springframework.test.context.TestExecutionListenersTests" time="0.007"/>
  <testcase name="nonInheritedDefaultListeners" classname="org.springframework.test.context.TestExecutionListenersTests" time="0.002"/>
  <testcase name="defaultListeners" classname="org.springframework.test.context.TestExecutionListenersTests" time="0.008"/>
  <testcase name="inheritedListenersRegisteredViaMetaAnnotation" classname="org.springframework.test.context.TestExecutionListenersTests" time="0.004"/>
  <testcase name="listenersAndValueAttributesDeclared" classname="org.springframework.test.context.TestExecutionListenersTests" time="0.003"/>
  <testcase name="customListenersDeclaredOnInterface" classname="org.springframework.test.context.TestExecutionListenersTests" time="0.003"/>
  <testcase name="nonInheritedListeners" classname="org.springframework.test.context.TestExecutionListenersTests" time="0.003"/>
  <testcase name="nonInheritedListenersRegisteredViaMetaAnnotation" classname="org.springframework.test.context.TestExecutionListenersTests" time="0.005"/>
  <testcase name="defaultListenersMergedWithCustomListenerPrepended" classname="org.springframework.test.context.TestExecutionListenersTests" time="0.006"/>
  <testcase name="customListenersRegisteredViaMetaAnnotation" classname="org.springframework.test.context.TestExecutionListenersTests" time="0.003"/>
  <testcase name="customListeners" classname="org.springframework.test.context.TestExecutionListenersTests" time="0.002"/>
  <system-out><![CDATA[]]></system-out>
  <system-err><![CDATA[]]></system-err>
</testsuite>
