<?xml version="1.0" encoding="UTF-8"?>
<testsuite name="org.springframework.test.jdbc.JdbcTestUtilsTests" tests="3" skipped="0" failures="0" errors="0" timestamp="2020-11-25T14:41:22" hostname="lichangbaodeMacBook-Pro.local" time="0.093">
  <properties/>
  <testcase name="deleteWithoutWhereClause" classname="org.springframework.test.jdbc.JdbcTestUtilsTests" time="0.092"/>
  <testcase name="deleteWithWhereClauseAndArguments" classname="org.springframework.test.jdbc.JdbcTestUtilsTests" time="0.001"/>
  <testcase name="deleteWithWhereClause" classname="org.springframework.test.jdbc.JdbcTestUtilsTests" time="0.0"/>
  <system-out><![CDATA[]]></system-out>
  <system-err><![CDATA[]]></system-err>
</testsuite>
