<?xml version="1.0" encoding="UTF-8"?>
<testsuite name="org.springframework.test.web.reactive.server.samples.ExchangeMutatorTests" tests="2" skipped="0" failures="0" errors="0" timestamp="2020-11-25T14:41:20" hostname="lichangbaodeMacBook-Pro.local" time="0.113">
  <properties/>
  <testcase name="useGloballyConfiguredIdentity" classname="org.springframework.test.web.reactive.server.samples.ExchangeMutatorTests" time="0.059"/>
  <testcase name="useLocallyConfiguredIdentity" classname="org.springframework.test.web.reactive.server.samples.ExchangeMutatorTests" time="0.054"/>
  <system-out><![CDATA[]]></system-out>
  <system-err><![CDATA[]]></system-err>
</testsuite>
