<?xml version="1.0" encoding="UTF-8"?>
<testsuite name="org.springframework.test.web.reactive.server.samples.JsonContentTests" tests="4" skipped="0" failures="0" errors="0" timestamp="2020-11-25T14:41:20" hostname="lichangbaodeMacBook-Pro.local" time="0.197">
  <properties/>
  <testcase name="jsonPathIsEqualTo" classname="org.springframework.test.web.reactive.server.samples.JsonContentTests" time="0.053"/>
  <testcase name="jsonContent" classname="org.springframework.test.web.reactive.server.samples.JsonContentTests" time="0.05"/>
  <testcase name="postJsonContent" classname="org.springframework.test.web.reactive.server.samples.JsonContentTests" time="0.044"/>
  <testcase name="jsonPathMatches" classname="org.springframework.test.web.reactive.server.samples.JsonContentTests" time="0.05"/>
  <system-out><![CDATA[]]></system-out>
  <system-err><![CDATA[]]></system-err>
</testsuite>
