<?xml version="1.0" encoding="UTF-8"?>
<testsuite name="org.springframework.test.web.servlet.samples.context.AsyncControllerJavaConfigTests" tests="1" skipped="0" failures="0" errors="0" timestamp="2019-06-21T11:45:10" hostname="Macbook-Air.local" time="0.069">
  <properties/>
  <testcase name="callableInterceptor" classname="org.springframework.test.web.servlet.samples.context.AsyncControllerJavaConfigTests" time="0.069"/>
  <system-out><![CDATA[]]></system-out>
  <system-err><![CDATA[]]></system-err>
</testsuite>
