<?xml version="1.0" encoding="UTF-8"?>
<testsuite name="org.springframework.test.context.junit4.statements.SpringFailOnTimeoutTests" tests="5" skipped="0" failures="0" errors="0" timestamp="2020-11-25T14:40:56" hostname="lichangbaodeMacBook-Pro.local" time="0.062">
  <properties/>
  <testcase name="negativeTimeout" classname="org.springframework.test.context.junit4.statements.SpringFailOnTimeoutTests" time="0.004"/>
  <testcase name="timeoutExceptionThrownIfNoUserException" classname="org.springframework.test.context.junit4.statements.SpringFailOnTimeoutTests" time="0.055"/>
  <testcase name="nullNextStatement" classname="org.springframework.test.context.junit4.statements.SpringFailOnTimeoutTests" time="0.0"/>
  <testcase name="userExceptionPropagates" classname="org.springframework.test.context.junit4.statements.SpringFailOnTimeoutTests" time="0.002"/>
  <testcase name="noExceptionThrownIfNoUserExceptionAndTimeoutDoesNotOccur" classname="org.springframework.test.context.junit4.statements.SpringFailOnTimeoutTests" time="0.001"/>
  <system-out><![CDATA[]]></system-out>
  <system-err><![CDATA[]]></system-err>
</testsuite>
