<?xml version="1.0" encoding="UTF-8"?>
<testsuite name="org.springframework.test.web.servlet.result.FlashAttributeResultMatchersTests" tests="4" skipped="0" failures="0" errors="0" timestamp="2019-06-21T11:45:08" hostname="Macbook-Air.local" time="0.006">
  <properties/>
  <testcase name="attributeExists" classname="org.springframework.test.web.servlet.result.FlashAttributeResultMatchersTests" time="0.004"/>
  <testcase name="attribute_incorrectValue" classname="org.springframework.test.web.servlet.result.FlashAttributeResultMatchersTests" time="0.001"/>
  <testcase name="attribute" classname="org.springframework.test.web.servlet.result.FlashAttributeResultMatchersTests" time="0.0"/>
  <testcase name="attributeExists_doesntExist" classname="org.springframework.test.web.servlet.result.FlashAttributeResultMatchersTests" time="0.0"/>
  <system-out><![CDATA[]]></system-out>
  <system-err><![CDATA[]]></system-err>
</testsuite>
