<?xml version="1.0" encoding="UTF-8"?>
<testsuite name="org.springframework.test.web.servlet.samples.spr.HttpOptionsTests" tests="1" skipped="0" failures="0" errors="0" timestamp="2019-06-21T11:45:20" hostname="Macbook-Air.local" time="0.006">
  <properties/>
  <testcase name="test" classname="org.springframework.test.web.servlet.samples.spr.HttpOptionsTests" time="0.006"/>
  <system-out><![CDATA[]]></system-out>
  <system-err><![CDATA[]]></system-err>
</testsuite>
