<?xml version="1.0" encoding="UTF-8"?>
<testsuite name="org.springframework.test.context.junit4.rules.BeforeAndAfterTransactionAnnotationSpringRuleTests" tests="3" skipped="0" failures="0" errors="0" timestamp="2019-06-21T11:44:56" hostname="Macbook-Air.local" time="0.065">
  <properties/>
  <testcase name="transactionalMethod1" classname="org.springframework.test.context.junit4.rules.BeforeAndAfterTransactionAnnotationSpringRuleTests" time="0.058"/>
  <testcase name="transactionalMethod2" classname="org.springframework.test.context.junit4.rules.BeforeAndAfterTransactionAnnotationSpringRuleTests" time="0.004"/>
  <testcase name="nonTransactionalMethod" classname="org.springframework.test.context.junit4.rules.BeforeAndAfterTransactionAnnotationSpringRuleTests" time="0.003"/>
  <system-out><![CDATA[]]></system-out>
  <system-err><![CDATA[]]></system-err>
</testsuite>
