<?xml version="1.0" encoding="UTF-8"?>
<testsuite name="org.springframework.mock.http.server.reactive.MockServerHttpRequestTests" tests="2" skipped="0" failures="0" errors="0" timestamp="2020-11-25T14:41:22" hostname="lichangbaodeMacBook-Pro.local" time="0.001">
  <properties/>
  <testcase name="queryParams" classname="org.springframework.mock.http.server.reactive.MockServerHttpRequestTests" time="0.0"/>
  <testcase name="cookieHeaderSet" classname="org.springframework.mock.http.server.reactive.MockServerHttpRequestTests" time="0.001"/>
  <system-out><![CDATA[]]></system-out>
  <system-err><![CDATA[]]></system-err>
</testsuite>
