<?xml version="1.0" encoding="UTF-8"?>
<testsuite name="org.springframework.test.context.web.RequestAndSessionScopedBeansWacTests" tests="2" skipped="0" failures="0" errors="0" timestamp="2019-06-21T11:44:50" hostname="Macbook-Air.local" time="0.085">
  <properties/>
  <testcase name="sessionScope" classname="org.springframework.test.context.web.RequestAndSessionScopedBeansWacTests" time="0.007"/>
  <testcase name="requestScope" classname="org.springframework.test.context.web.RequestAndSessionScopedBeansWacTests" time="0.077"/>
  <system-out><![CDATA[]]></system-out>
  <system-err><![CDATA[]]></system-err>
</testsuite>
