<?xml version="1.0" encoding="UTF-8"?>
<testsuite name="org.springframework.mock.web.MockServletContextTests" tests="15" skipped="0" failures="0" errors="0" timestamp="2019-06-21T11:45:36" hostname="Macbook-Air.local" time="0.005">
  <properties/>
  <testcase name="registerContextAndGetContext" classname="org.springframework.mock.web.MockServletContextTests" time="0.0"/>
  <testcase name="getFilterRegistrations" classname="org.springframework.mock.web.MockServletContextTests" time="0.0"/>
  <testcase name="listNonDirectory" classname="org.springframework.mock.web.MockServletContextTests" time="0.001"/>
  <testcase name="listFiles" classname="org.springframework.mock.web.MockServletContextTests" time="0.001"/>
  <testcase name="servletVersion" classname="org.springframework.mock.web.MockServletContextTests" time="0.0"/>
  <testcase name="listSubdirectories" classname="org.springframework.mock.web.MockServletContextTests" time="0.0"/>
  <testcase name="getServletRegistrations" classname="org.springframework.mock.web.MockServletContextTests" time="0.001"/>
  <testcase name="getServletRegistration" classname="org.springframework.mock.web.MockServletContextTests" time="0.0"/>
  <testcase name="setDefaultServletName" classname="org.springframework.mock.web.MockServletContextTests" time="0.0"/>
  <testcase name="getMimeTypeWithCustomConfiguredType" classname="org.springframework.mock.web.MockServletContextTests" time="0.0"/>
  <testcase name="getMimeType" classname="org.springframework.mock.web.MockServletContextTests" time="0.0"/>
  <testcase name="listInvalidPath" classname="org.springframework.mock.web.MockServletContextTests" time="0.001"/>
  <testcase name="registerAndUnregisterNamedDispatcher" classname="org.springframework.mock.web.MockServletContextTests" time="0.0"/>
  <testcase name="getFilterRegistration" classname="org.springframework.mock.web.MockServletContextTests" time="0.0"/>
  <testcase name="getNamedDispatcherForDefaultServlet" classname="org.springframework.mock.web.MockServletContextTests" time="0.0"/>
  <system-out><![CDATA[]]></system-out>
  <system-err><![CDATA[]]></system-err>
</testsuite>
