<?xml version="1.0" encoding="UTF-8"?>
<testsuite name="org.springframework.test.context.hierarchies.standard.TestHierarchyLevelTwoWithBareContextConfigurationInSubclassTests" tests="1" skipped="0" failures="0" errors="0" timestamp="2020-11-25T14:40:53" hostname="lichangbaodeMacBook-Pro.local" time="0.0">
  <properties/>
  <testcase name="loadContextHierarchy" classname="org.springframework.test.context.hierarchies.standard.TestHierarchyLevelTwoWithBareContextConfigurationInSubclassTests" time="0.0"/>
  <system-out><![CDATA[]]></system-out>
  <system-err><![CDATA[]]></system-err>
</testsuite>
