<?xml version="1.0" encoding="UTF-8"?>
<testsuite name="org.springframework.test.util.ReflectionTestUtilsTests" tests="38" skipped="1" failures="0" errors="0" timestamp="2019-06-21T11:45:06" hostname="Macbook-Air.local" time="0.099">
  <properties/>
  <testcase name="invokeMethodWithTooManyArguments" classname="org.springframework.test.util.ReflectionTestUtilsTests" time="0.004"/>
  <testcase name="setFieldWithNullValueForPrimitiveLong" classname="org.springframework.test.util.ReflectionTestUtilsTests" time="0.002"/>
  <testcase name="setFieldWithNullTargetObject" classname="org.springframework.test.util.ReflectionTestUtilsTests" time="0.0"/>
  <testcase name="invokeMethodWithAutoboxingAndUnboxing" classname="org.springframework.test.util.ReflectionTestUtilsTests" time="0.001"/>
  <testcase name="invokeMethodWithIncompatibleArgumentTypes" classname="org.springframework.test.util.ReflectionTestUtilsTests" time="0.001"/>
  <testcase name="setFieldOnLegacyEntityWithSideEffectsInToString" classname="org.springframework.test.util.ReflectionTestUtilsTests" time="0.001"/>
  <testcase name="setFieldWithNullTargetClass" classname="org.springframework.test.util.ReflectionTestUtilsTests" time="0.001"/>
  <testcase name="setFieldWithNullValueForPrimitiveInt" classname="org.springframework.test.util.ReflectionTestUtilsTests" time="0.001"/>
  <testcase name="setFieldWithNullValuesForNonPrimitives" classname="org.springframework.test.util.ReflectionTestUtilsTests" time="0.003"/>
  <testcase name="invokeSetterMethodAndInvokeGetterMethodWithExplicitMethodNames" classname="org.springframework.test.util.ReflectionTestUtilsTests" time="0.004"/>
  <testcase name="setFieldAndGetFieldForStandardUseCases" classname="org.springframework.test.util.ReflectionTestUtilsTests" time="0.006"/>
  <testcase name="invokeGetterMethodOnLegacyEntityWithSideEffectsInToString" classname="org.springframework.test.util.ReflectionTestUtilsTests" time="0.001"/>
  <testcase name="setFieldAndGetFieldViaCglibProxy" classname="org.springframework.test.util.ReflectionTestUtilsTests" time="0.032"/>
  <testcase name="invokeMethodWithPrimitiveVarArgsAsSingleArgument" classname="org.springframework.test.util.ReflectionTestUtilsTests" time="0.001"/>
  <testcase name="setFieldAndGetFieldViaJdkDynamicProxy" classname="org.springframework.test.util.ReflectionTestUtilsTests" time="0.013"/>
  <testcase name="invokeMethodWithPrimitiveVarArgs" classname="org.springframework.test.util.ReflectionTestUtilsTests" time="0.0">
    <skipped/>
  </testcase>
  <testcase name="invokeSetterMethodWithNullValuesForNonPrimitives" classname="org.springframework.test.util.ReflectionTestUtilsTests" time="0.003"/>
  <testcase name="setStaticFieldViaClassWithExplicitType" classname="org.springframework.test.util.ReflectionTestUtilsTests" time="0.001"/>
  <testcase name="invokeSetterMethodOnLegacyEntityWithSideEffectsInToString" classname="org.springframework.test.util.ReflectionTestUtilsTests" time="0.001"/>
  <testcase name="invokeSetterMethodWithNullValueForPrimitiveLong" classname="org.springframework.test.util.ReflectionTestUtilsTests" time="0.002"/>
  <testcase name="getFieldWithNullTargetClass" classname="org.springframework.test.util.ReflectionTestUtilsTests" time="0.0"/>
  <testcase name="invokeMethodOnLegacyEntityWithSideEffectsInToString" classname="org.springframework.test.util.ReflectionTestUtilsTests" time="0.001"/>
  <testcase name="invokeInitMethodBeforeAutowiring" classname="org.springframework.test.util.ReflectionTestUtilsTests" time="0.002"/>
  <testcase name="invokeSetterMethodWithNullValueForPrimitiveBoolean" classname="org.springframework.test.util.ReflectionTestUtilsTests" time="0.001"/>
  <testcase name="getStaticFieldViaClass" classname="org.springframework.test.util.ReflectionTestUtilsTests" time="0.001"/>
  <testcase name="getFieldOnLegacyEntityWithSideEffectsInToString" classname="org.springframework.test.util.ReflectionTestUtilsTests" time="0.0"/>
  <testcase name="getStaticFieldViaInstance" classname="org.springframework.test.util.ReflectionTestUtilsTests" time="0.001"/>
  <testcase name="getFieldWithNullTargetObject" classname="org.springframework.test.util.ReflectionTestUtilsTests" time="0.001"/>
  <testcase name="setStaticFieldViaInstance" classname="org.springframework.test.util.ReflectionTestUtilsTests" time="0.001"/>
  <testcase name="invokeMethodWithTooFewArguments" classname="org.springframework.test.util.ReflectionTestUtilsTests" time="0.001"/>
  <testcase name="invokeSetterMethodAndInvokeGetterMethodWithJavaBeanPropertyNames" classname="org.springframework.test.util.ReflectionTestUtilsTests" time="0.004"/>
  <testcase name="setFieldWithNullNameAndNullType" classname="org.springframework.test.util.ReflectionTestUtilsTests" time="0.001"/>
  <testcase name="setStaticFieldViaClass" classname="org.springframework.test.util.ReflectionTestUtilsTests" time="0.001"/>
  <testcase name="invokeSetterMethodWithNullValueForPrimitiveInt" classname="org.springframework.test.util.ReflectionTestUtilsTests" time="0.001"/>
  <testcase name="setFieldWithWrongType" classname="org.springframework.test.util.ReflectionTestUtilsTests" time="0.001"/>
  <testcase name="setFieldWithNullValueForPrimitiveBoolean" classname="org.springframework.test.util.ReflectionTestUtilsTests" time="0.001"/>
  <testcase name="setFieldWithBogusName" classname="org.springframework.test.util.ReflectionTestUtilsTests" time="0.001"/>
  <testcase name="invokeMethodSimulatingLifecycleEvents" classname="org.springframework.test.util.ReflectionTestUtilsTests" time="0.001"/>
  <system-out><![CDATA[19:45:06.475 [Test worker] DEBUG o.s.t.u.ReflectionTestUtils - Setting field 'id' of type [long] on target object [[PersonEntity@44b3e128 id = 0, name = [null], age = 0, eyeColor = [null], likesPets = false, favoriteNumber = [null]]] or target class [class org.springframework.test.util.subpackage.PersonEntity] to value [null]
19:45:06.477 [Test worker] DEBUG o.s.t.u.ReflectionTestUtils - Invoking method 'subtract' on target object [org.springframework.test.util.subpackage.Component@755ea494] with arguments {5, 2}
19:45:06.479 [Test worker] DEBUG o.s.t.u.ReflectionTestUtils - Setting field 'collaborator' of type [class java.lang.Object] on target of type [org.springframework.test.util.subpackage.LegacyEntity] whose toString() method threw [org.springframework.test.util.subpackage.LegacyEntityException: Invoking toString() on the default collaborator causes an undesirable side effect] or target class [class org.springframework.test.util.subpackage.LegacyEntity] to value [test collaborator]
19:45:06.481 [Test worker] DEBUG o.s.t.u.ReflectionTestUtils - Setting field 'age' of type [int] on target object [[PersonEntity@28106774 id = 0, name = [null], age = 0, eyeColor = [null], likesPets = false, favoriteNumber = [null]]] or target class [class org.springframework.test.util.subpackage.PersonEntity] to value [null]
19:45:06.482 [Test worker] DEBUG o.s.t.u.ReflectionTestUtils - Setting field 'name' of type [null] on target object [[PersonEntity@6780b259 id = 0, name = [null], age = 0, eyeColor = [null], likesPets = false, favoriteNumber = [null]]] or target class [class org.springframework.test.util.subpackage.PersonEntity] to value [Tom]
19:45:06.482 [Test worker] DEBUG o.s.t.u.ReflectionTestUtils - Setting field 'eyeColor' of type [class java.lang.String] on target object [[PersonEntity@6780b259 id = 0, name = 'Tom', age = 0, eyeColor = [null], likesPets = false, favoriteNumber = [null]]] or target class [class org.springframework.test.util.subpackage.PersonEntity] to value [blue]
19:45:06.482 [Test worker] DEBUG o.s.t.u.ReflectionTestUtils - Setting field 'favoriteNumber' of type [class java.lang.Number] on target object [[PersonEntity@6780b259 id = 0, name = 'Tom', age = 0, eyeColor = 'blue', likesPets = false, favoriteNumber = [null]]] or target class [class org.springframework.test.util.subpackage.PersonEntity] to value [3.142857]
19:45:06.483 [Test worker] DEBUG o.s.t.u.ReflectionTestUtils - Setting field 'name' of type [class java.lang.String] on target object [[PersonEntity@6780b259 id = 0, name = 'Tom', age = 0, eyeColor = 'blue', likesPets = false, favoriteNumber = 3.142857]] or target class [class org.springframework.test.util.subpackage.PersonEntity] to value [null]
19:45:06.483 [Test worker] DEBUG o.s.t.u.ReflectionTestUtils - Setting field 'eyeColor' of type [class java.lang.String] on target object [[PersonEntity@6780b259 id = 0, name = [null], age = 0, eyeColor = 'blue', likesPets = false, favoriteNumber = 3.142857]] or target class [class org.springframework.test.util.subpackage.PersonEntity] to value [null]
19:45:06.484 [Test worker] DEBUG o.s.t.u.ReflectionTestUtils - Setting field 'favoriteNumber' of type [class java.lang.Number] on target object [[PersonEntity@6780b259 id = 0, name = [null], age = 0, eyeColor = [null], likesPets = false, favoriteNumber = 3.142857]] or target class [class org.springframework.test.util.subpackage.PersonEntity] to value [null]
19:45:06.485 [Test worker] DEBUG o.s.t.u.ReflectionTestUtils - Invoking setter method 'setId' on target object [[PersonEntity@7defe50c id = 0, name = [null], age = 0, eyeColor = [null], likesPets = false, favoriteNumber = [null]]] with value [1]
19:45:06.485 [Test worker] DEBUG o.s.t.u.ReflectionTestUtils - Invoking setter method 'setName' on target object [[PersonEntity@7defe50c id = 1, name = [null], age = 0, eyeColor = [null], likesPets = false, favoriteNumber = [null]]] with value [Jerry]
19:45:06.485 [Test worker] DEBUG o.s.t.u.ReflectionTestUtils - Invoking setter method 'setAge' on target object [[PersonEntity@7defe50c id = 1, name = 'Jerry', age = 0, eyeColor = [null], likesPets = false, favoriteNumber = [null]]] with value [33]
19:45:06.486 [Test worker] DEBUG o.s.t.u.ReflectionTestUtils - Invoking setter method 'setEyeColor' on target object [[PersonEntity@7defe50c id = 1, name = 'Jerry', age = 33, eyeColor = [null], likesPets = false, favoriteNumber = [null]]] with value [green]
19:45:06.486 [Test worker] DEBUG o.s.t.u.ReflectionTestUtils - Invoking setter method 'setLikesPets' on target object [[PersonEntity@7defe50c id = 1, name = 'Jerry', age = 33, eyeColor = 'green', likesPets = false, favoriteNumber = [null]]] with value [false]
19:45:06.486 [Test worker] DEBUG o.s.t.u.ReflectionTestUtils - Invoking setter method 'setFavoriteNumber' on target object [[PersonEntity@7defe50c id = 1, name = 'Jerry', age = 33, eyeColor = 'green', likesPets = false, favoriteNumber = [null]]] with value [42]
19:45:06.487 [Test worker] DEBUG o.s.t.u.ReflectionTestUtils - Invoking getter method 'getId' on target object [[PersonEntity@7defe50c id = 1, name = 'Jerry', age = 33, eyeColor = 'green', likesPets = false, favoriteNumber = 42]]
19:45:06.487 [Test worker] DEBUG o.s.t.u.ReflectionTestUtils - Invoking getter method 'getName' on target object [[PersonEntity@7defe50c id = 1, name = 'Jerry', age = 33, eyeColor = 'green', likesPets = false, favoriteNumber = 42]]
19:45:06.487 [Test worker] DEBUG o.s.t.u.ReflectionTestUtils - Invoking getter method 'getAge' on target object [[PersonEntity@7defe50c id = 1, name = 'Jerry', age = 33, eyeColor = 'green', likesPets = false, favoriteNumber = 42]]
19:45:06.487 [Test worker] DEBUG o.s.t.u.ReflectionTestUtils - Invoking getter method 'getEyeColor' on target object [[PersonEntity@7defe50c id = 1, name = 'Jerry', age = 33, eyeColor = 'green', likesPets = false, favoriteNumber = 42]]
19:45:06.488 [Test worker] DEBUG o.s.t.u.ReflectionTestUtils - Invoking getter method 'likesPets' on target object [[PersonEntity@7defe50c id = 1, name = 'Jerry', age = 33, eyeColor = 'green', likesPets = false, favoriteNumber = 42]]
19:45:06.488 [Test worker] DEBUG o.s.t.u.ReflectionTestUtils - Invoking getter method 'getFavoriteNumber' on target object [[PersonEntity@7defe50c id = 1, name = 'Jerry', age = 33, eyeColor = 'green', likesPets = false, favoriteNumber = 42]]
19:45:06.489 [Test worker] DEBUG o.s.t.u.ReflectionTestUtils - Setting field 'id' of type [long] on target object [[PersonEntity@56ef1602 id = 0, name = [null], age = 0, eyeColor = [null], likesPets = false, favoriteNumber = [null]]] or target class [class org.springframework.test.util.subpackage.PersonEntity] to value [99]
19:45:06.489 [Test worker] DEBUG o.s.t.u.ReflectionTestUtils - Setting field 'name' of type [null] on target object [[PersonEntity@56ef1602 id = 99, name = [null], age = 0, eyeColor = [null], likesPets = false, favoriteNumber = [null]]] or target class [class org.springframework.test.util.subpackage.PersonEntity] to value [Tom]
19:45:06.490 [Test worker] DEBUG o.s.t.u.ReflectionTestUtils - Setting field 'age' of type [null] on target object [[PersonEntity@56ef1602 id = 99, name = 'Tom', age = 0, eyeColor = [null], likesPets = false, favoriteNumber = [null]]] or target class [class org.springframework.test.util.subpackage.PersonEntity] to value [42]
19:45:06.490 [Test worker] DEBUG o.s.t.u.ReflectionTestUtils - Setting field 'eyeColor' of type [class java.lang.String] on target object [[PersonEntity@56ef1602 id = 99, name = 'Tom', age = 42, eyeColor = [null], likesPets = false, favoriteNumber = [null]]] or target class [class org.springframework.test.util.subpackage.PersonEntity] to value [blue]
19:45:06.490 [Test worker] DEBUG o.s.t.u.ReflectionTestUtils - Setting field 'likesPets' of type [null] on target object [[PersonEntity@56ef1602 id = 99, name = 'Tom', age = 42, eyeColor = 'blue', likesPets = false, favoriteNumber = [null]]] or target class [class org.springframework.test.util.subpackage.PersonEntity] to value [true]
19:45:06.491 [Test worker] DEBUG o.s.t.u.ReflectionTestUtils - Setting field 'favoriteNumber' of type [class java.lang.Number] on target object [[PersonEntity@56ef1602 id = 99, name = 'Tom', age = 42, eyeColor = 'blue', likesPets = true, favoriteNumber = [null]]] or target class [class org.springframework.test.util.subpackage.PersonEntity] to value [3.142857]
19:45:06.491 [Test worker] DEBUG o.s.t.u.ReflectionTestUtils - Getting field 'id' from target object [[PersonEntity@56ef1602 id = 99, name = 'Tom', age = 42, eyeColor = 'blue', likesPets = true, favoriteNumber = 3.142857]] or target class [class org.springframework.test.util.subpackage.PersonEntity]
19:45:06.492 [Test worker] DEBUG o.s.t.u.ReflectionTestUtils - Getting field 'name' from target object [[PersonEntity@56ef1602 id = 99, name = 'Tom', age = 42, eyeColor = 'blue', likesPets = true, favoriteNumber = 3.142857]] or target class [class org.springframework.test.util.subpackage.PersonEntity]
19:45:06.492 [Test worker] DEBUG o.s.t.u.ReflectionTestUtils - Getting field 'age' from target object [[PersonEntity@56ef1602 id = 99, name = 'Tom', age = 42, eyeColor = 'blue', likesPets = true, favoriteNumber = 3.142857]] or target class [class org.springframework.test.util.subpackage.PersonEntity]
19:45:06.493 [Test worker] DEBUG o.s.t.u.ReflectionTestUtils - Getting field 'eyeColor' from target object [[PersonEntity@56ef1602 id = 99, name = 'Tom', age = 42, eyeColor = 'blue', likesPets = true, favoriteNumber = 3.142857]] or target class [class org.springframework.test.util.subpackage.PersonEntity]
19:45:06.493 [Test worker] DEBUG o.s.t.u.ReflectionTestUtils - Getting field 'likesPets' from target object [[PersonEntity@56ef1602 id = 99, name = 'Tom', age = 42, eyeColor = 'blue', likesPets = true, favoriteNumber = 3.142857]] or target class [class org.springframework.test.util.subpackage.PersonEntity]
19:45:06.494 [Test worker] DEBUG o.s.t.u.ReflectionTestUtils - Getting field 'favoriteNumber' from target object [[PersonEntity@56ef1602 id = 99, name = 'Tom', age = 42, eyeColor = 'blue', likesPets = true, favoriteNumber = 3.142857]] or target class [class org.springframework.test.util.subpackage.PersonEntity]
19:45:06.495 [Test worker] DEBUG o.s.t.u.ReflectionTestUtils - Invoking getter method 'getCollaborator' on target of type [org.springframework.test.util.subpackage.LegacyEntity] whose toString() method threw [org.springframework.test.util.subpackage.LegacyEntityException: Invoking toString() on the default collaborator causes an undesirable side effect]
19:45:06.508 [Test worker] DEBUG o.s.t.u.ReflectionTestUtils - Setting field 'id' of type [long] on target object [[PersonEntity@5585d8cb id = 0, name = [null], age = 0, eyeColor = [null], likesPets = false, favoriteNumber = [null]]] or target class [class org.springframework.test.util.subpackage.PersonEntity] to value [99]
19:45:06.509 [Test worker] DEBUG o.s.t.u.ReflectionTestUtils - Setting field 'name' of type [null] on target object [[PersonEntity@5585d8cb id = 99, name = [null], age = 0, eyeColor = [null], likesPets = false, favoriteNumber = [null]]] or target class [class org.springframework.test.util.subpackage.PersonEntity] to value [Tom]
19:45:06.509 [Test worker] DEBUG o.s.t.u.ReflectionTestUtils - Setting field 'age' of type [null] on target object [[PersonEntity@5585d8cb id = 99, name = 'Tom', age = 0, eyeColor = [null], likesPets = false, favoriteNumber = [null]]] or target class [class org.springframework.test.util.subpackage.PersonEntity] to value [42]
19:45:06.509 [Test worker] DEBUG o.s.t.u.ReflectionTestUtils - Setting field 'eyeColor' of type [class java.lang.String] on target object [[PersonEntity@5585d8cb id = 99, name = 'Tom', age = 42, eyeColor = [null], likesPets = false, favoriteNumber = [null]]] or target class [class org.springframework.test.util.subpackage.PersonEntity] to value [blue]
19:45:06.510 [Test worker] DEBUG o.s.t.u.ReflectionTestUtils - Setting field 'likesPets' of type [null] on target object [[PersonEntity@5585d8cb id = 99, name = 'Tom', age = 42, eyeColor = 'blue', likesPets = false, favoriteNumber = [null]]] or target class [class org.springframework.test.util.subpackage.PersonEntity] to value [true]
19:45:06.510 [Test worker] DEBUG o.s.t.u.ReflectionTestUtils - Setting field 'favoriteNumber' of type [class java.lang.Number] on target object [[PersonEntity@5585d8cb id = 99, name = 'Tom', age = 42, eyeColor = 'blue', likesPets = true, favoriteNumber = [null]]] or target class [class org.springframework.test.util.subpackage.PersonEntity] to value [3.142857]
19:45:06.510 [Test worker] DEBUG o.s.t.u.ReflectionTestUtils - Getting field 'id' from target object [[PersonEntity@5585d8cb id = 99, name = 'Tom', age = 42, eyeColor = 'blue', likesPets = true, favoriteNumber = 3.142857]] or target class [class org.springframework.test.util.subpackage.PersonEntity]
19:45:06.511 [Test worker] DEBUG o.s.t.u.ReflectionTestUtils - Getting field 'name' from target object [[PersonEntity@5585d8cb id = 99, name = 'Tom', age = 42, eyeColor = 'blue', likesPets = true, favoriteNumber = 3.142857]] or target class [class org.springframework.test.util.subpackage.PersonEntity]
19:45:06.511 [Test worker] DEBUG o.s.t.u.ReflectionTestUtils - Getting field 'age' from target object [[PersonEntity@5585d8cb id = 99, name = 'Tom', age = 42, eyeColor = 'blue', likesPets = true, favoriteNumber = 3.142857]] or target class [class org.springframework.test.util.subpackage.PersonEntity]
19:45:06.511 [Test worker] DEBUG o.s.t.u.ReflectionTestUtils - Getting field 'eyeColor' from target object [[PersonEntity@5585d8cb id = 99, name = 'Tom', age = 42, eyeColor = 'blue', likesPets = true, favoriteNumber = 3.142857]] or target class [class org.springframework.test.util.subpackage.PersonEntity]
19:45:06.512 [Test worker] DEBUG o.s.t.u.ReflectionTestUtils - Getting field 'likesPets' from target object [[PersonEntity@5585d8cb id = 99, name = 'Tom', age = 42, eyeColor = 'blue', likesPets = true, favoriteNumber = 3.142857]] or target class [class org.springframework.test.util.subpackage.PersonEntity]
19:45:06.512 [Test worker] DEBUG o.s.t.u.ReflectionTestUtils - Getting field 'favoriteNumber' from target object [[PersonEntity@5585d8cb id = 99, name = 'Tom', age = 42, eyeColor = 'blue', likesPets = true, favoriteNumber = 3.142857]] or target class [class org.springframework.test.util.subpackage.PersonEntity]
19:45:06.528 [Test worker] DEBUG o.s.t.u.ReflectionTestUtils - Invoking method 'add' on target object [org.springframework.test.util.subpackage.Component@1a726e03] with arguments {[I@6d2c77e0}
19:45:06.533 [Test worker] DEBUG o.s.t.u.ReflectionTestUtils - Setting field 'id' of type [long] on target object [[PersonEntity@49caa867 id = 0, name = [null], age = 0, eyeColor = [null], likesPets = false, favoriteNumber = [null]]] or target class [class org.springframework.test.util.subpackage.PersonEntity] to value [99]
19:45:06.533 [Test worker] DEBUG o.s.t.u.ReflectionTestUtils - Setting field 'name' of type [null] on target object [[PersonEntity@49caa867 id = 99, name = [null], age = 0, eyeColor = [null], likesPets = false, favoriteNumber = [null]]] or target class [class org.springframework.test.util.subpackage.PersonEntity] to value [Tom]
19:45:06.534 [Test worker] DEBUG o.s.t.u.ReflectionTestUtils - Setting field 'age' of type [null] on target object [[PersonEntity@49caa867 id = 99, name = 'Tom', age = 0, eyeColor = [null], likesPets = false, favoriteNumber = [null]]] or target class [class org.springframework.test.util.subpackage.PersonEntity] to value [42]
19:45:06.534 [Test worker] DEBUG o.s.t.u.ReflectionTestUtils - Setting field 'eyeColor' of type [class java.lang.String] on target object [[PersonEntity@49caa867 id = 99, name = 'Tom', age = 42, eyeColor = [null], likesPets = false, favoriteNumber = [null]]] or target class [class org.springframework.test.util.subpackage.PersonEntity] to value [blue]
19:45:06.534 [Test worker] DEBUG o.s.t.u.ReflectionTestUtils - Setting field 'likesPets' of type [null] on target object [[PersonEntity@49caa867 id = 99, name = 'Tom', age = 42, eyeColor = 'blue', likesPets = false, favoriteNumber = [null]]] or target class [class org.springframework.test.util.subpackage.PersonEntity] to value [true]
19:45:06.535 [Test worker] DEBUG o.s.t.u.ReflectionTestUtils - Setting field 'favoriteNumber' of type [class java.lang.Number] on target object [[PersonEntity@49caa867 id = 99, name = 'Tom', age = 42, eyeColor = 'blue', likesPets = true, favoriteNumber = [null]]] or target class [class org.springframework.test.util.subpackage.PersonEntity] to value [3.142857]
19:45:06.535 [Test worker] DEBUG o.s.t.u.ReflectionTestUtils - Getting field 'id' from target object [[PersonEntity@49caa867 id = 99, name = 'Tom', age = 42, eyeColor = 'blue', likesPets = true, favoriteNumber = 3.142857]] or target class [class org.springframework.test.util.subpackage.PersonEntity]
19:45:06.536 [Test worker] DEBUG o.s.t.u.ReflectionTestUtils - Getting field 'name' from target object [[PersonEntity@49caa867 id = 99, name = 'Tom', age = 42, eyeColor = 'blue', likesPets = true, favoriteNumber = 3.142857]] or target class [class org.springframework.test.util.subpackage.PersonEntity]
19:45:06.536 [Test worker] DEBUG o.s.t.u.ReflectionTestUtils - Getting field 'age' from target object [[PersonEntity@49caa867 id = 99, name = 'Tom', age = 42, eyeColor = 'blue', likesPets = true, favoriteNumber = 3.142857]] or target class [class org.springframework.test.util.subpackage.PersonEntity]
19:45:06.537 [Test worker] DEBUG o.s.t.u.ReflectionTestUtils - Getting field 'eyeColor' from target object [[PersonEntity@49caa867 id = 99, name = 'Tom', age = 42, eyeColor = 'blue', likesPets = true, favoriteNumber = 3.142857]] or target class [class org.springframework.test.util.subpackage.PersonEntity]
19:45:06.538 [Test worker] DEBUG o.s.t.u.ReflectionTestUtils - Getting field 'likesPets' from target object [[PersonEntity@49caa867 id = 99, name = 'Tom', age = 42, eyeColor = 'blue', likesPets = true, favoriteNumber = 3.142857]] or target class [class org.springframework.test.util.subpackage.PersonEntity]
19:45:06.540 [Test worker] DEBUG o.s.t.u.ReflectionTestUtils - Getting field 'favoriteNumber' from target object [[PersonEntity@49caa867 id = 99, name = 'Tom', age = 42, eyeColor = 'blue', likesPets = true, favoriteNumber = 3.142857]] or target class [class org.springframework.test.util.subpackage.PersonEntity]
19:45:06.543 [Test worker] DEBUG o.s.t.u.ReflectionTestUtils - Invoking setter method 'setName' on target object [[PersonEntity@73f150fb id = 0, name = [null], age = 0, eyeColor = [null], likesPets = false, favoriteNumber = [null]]] with value [null]
19:45:06.544 [Test worker] DEBUG o.s.t.u.ReflectionTestUtils - Invoking setter method 'setEyeColor' on target object [[PersonEntity@73f150fb id = 0, name = [null], age = 0, eyeColor = [null], likesPets = false, favoriteNumber = [null]]] with value [null]
19:45:06.544 [Test worker] DEBUG o.s.t.u.ReflectionTestUtils - Invoking setter method 'setFavoriteNumber' on target object [[PersonEntity@73f150fb id = 0, name = [null], age = 0, eyeColor = [null], likesPets = false, favoriteNumber = [null]]] with value [null]
19:45:06.545 [Test worker] DEBUG o.s.t.u.ReflectionTestUtils - Setting field 'publicField' of type [class java.lang.String] on target object [null] or target class [class org.springframework.test.util.subpackage.StaticFields] to value [xxx]
19:45:06.545 [Test worker] DEBUG o.s.t.u.ReflectionTestUtils - Setting field 'privateField' of type [class java.lang.String] on target object [null] or target class [class org.springframework.test.util.subpackage.StaticFields] to value [yyy]
19:45:06.546 [Test worker] DEBUG o.s.t.u.ReflectionTestUtils - Invoking setter method 'setCollaborator' on target of type [org.springframework.test.util.subpackage.LegacyEntity] whose toString() method threw [org.springframework.test.util.subpackage.LegacyEntityException: Invoking toString() on the default collaborator causes an undesirable side effect] with value [test collaborator]
19:45:06.547 [Test worker] DEBUG o.s.t.u.ReflectionTestUtils - Invoking setter method 'setId' on target object [[PersonEntity@26e84442 id = 0, name = [null], age = 0, eyeColor = [null], likesPets = false, favoriteNumber = [null]]] with value [null]
19:45:06.549 [Test worker] DEBUG o.s.t.u.ReflectionTestUtils - Invoking method 'configure' on target of type [org.springframework.test.util.subpackage.LegacyEntity] whose toString() method threw [org.springframework.test.util.subpackage.LegacyEntityException: Invoking toString() on the default collaborator causes an undesirable side effect] with arguments {42, enigma}
19:45:06.550 [Test worker] DEBUG o.s.t.u.ReflectionTestUtils - Invoking method 'init' on target object [org.springframework.test.util.subpackage.Component@7b5087a0] with arguments {}
19:45:06.552 [Test worker] DEBUG o.s.t.u.ReflectionTestUtils - Invoking setter method 'setLikesPets' on target object [[PersonEntity@3ac56947 id = 0, name = [null], age = 0, eyeColor = [null], likesPets = false, favoriteNumber = [null]]] with value [null]
19:45:06.552 [Test worker] DEBUG o.s.t.u.ReflectionTestUtils - Getting field 'publicField' from target object [null] or target class [class org.springframework.test.util.subpackage.StaticFields]
19:45:06.553 [Test worker] DEBUG o.s.t.u.ReflectionTestUtils - Getting field 'privateField' from target object [null] or target class [class org.springframework.test.util.subpackage.StaticFields]
19:45:06.553 [Test worker] DEBUG o.s.t.u.ReflectionTestUtils - Getting field 'collaborator' from target of type [org.springframework.test.util.subpackage.LegacyEntity] whose toString() method threw [org.springframework.test.util.subpackage.LegacyEntityException: Invoking toString() on the default collaborator causes an undesirable side effect] or target class [class org.springframework.test.util.subpackage.LegacyEntity]
19:45:06.554 [Test worker] DEBUG o.s.t.u.ReflectionTestUtils - Getting field 'publicField' from target object [org.springframework.test.util.subpackage.StaticFields@2a94e003] or target class [class org.springframework.test.util.subpackage.StaticFields]
19:45:06.554 [Test worker] DEBUG o.s.t.u.ReflectionTestUtils - Getting field 'privateField' from target object [org.springframework.test.util.subpackage.StaticFields@2a94e003] or target class [class org.springframework.test.util.subpackage.StaticFields]
19:45:06.556 [Test worker] DEBUG o.s.t.u.ReflectionTestUtils - Setting field 'publicField' of type [null] on target object [org.springframework.test.util.subpackage.StaticFields@9edee9a] or target class [class org.springframework.test.util.subpackage.StaticFields] to value [xxx]
19:45:06.556 [Test worker] DEBUG o.s.t.u.ReflectionTestUtils - Setting field 'privateField' of type [null] on target object [org.springframework.test.util.subpackage.StaticFields@9edee9a] or target class [class org.springframework.test.util.subpackage.StaticFields] to value [yyy]
19:45:06.558 [Test worker] DEBUG o.s.t.u.ReflectionTestUtils - Invoking setter method 'setId' on target object [[PersonEntity@61932cf9 id = 0, name = [null], age = 0, eyeColor = [null], likesPets = false, favoriteNumber = [null]]] with value [99]
19:45:06.559 [Test worker] DEBUG o.s.t.u.ReflectionTestUtils - Invoking setter method 'setName' on target object [[PersonEntity@61932cf9 id = 99, name = [null], age = 0, eyeColor = [null], likesPets = false, favoriteNumber = [null]]] with value [Tom]
19:45:06.559 [Test worker] DEBUG o.s.t.u.ReflectionTestUtils - Invoking setter method 'setAge' on target object [[PersonEntity@61932cf9 id = 99, name = 'Tom', age = 0, eyeColor = [null], likesPets = false, favoriteNumber = [null]]] with value [42]
19:45:06.560 [Test worker] DEBUG o.s.t.u.ReflectionTestUtils - Invoking setter method 'setEyeColor' on target object [[PersonEntity@61932cf9 id = 99, name = 'Tom', age = 42, eyeColor = [null], likesPets = false, favoriteNumber = [null]]] with value [blue]
19:45:06.560 [Test worker] DEBUG o.s.t.u.ReflectionTestUtils - Invoking setter method 'setLikesPets' on target object [[PersonEntity@61932cf9 id = 99, name = 'Tom', age = 42, eyeColor = 'blue', likesPets = false, favoriteNumber = [null]]] with value [true]
19:45:06.560 [Test worker] DEBUG o.s.t.u.ReflectionTestUtils - Invoking setter method 'setFavoriteNumber' on target object [[PersonEntity@61932cf9 id = 99, name = 'Tom', age = 42, eyeColor = 'blue', likesPets = true, favoriteNumber = [null]]] with value [3.142857]
19:45:06.560 [Test worker] DEBUG o.s.t.u.ReflectionTestUtils - Invoking getter method 'getId' on target object [[PersonEntity@61932cf9 id = 99, name = 'Tom', age = 42, eyeColor = 'blue', likesPets = true, favoriteNumber = 3.142857]]
19:45:06.561 [Test worker] DEBUG o.s.t.u.ReflectionTestUtils - Invoking getter method 'getName' on target object [[PersonEntity@61932cf9 id = 99, name = 'Tom', age = 42, eyeColor = 'blue', likesPets = true, favoriteNumber = 3.142857]]
19:45:06.561 [Test worker] DEBUG o.s.t.u.ReflectionTestUtils - Invoking getter method 'getAge' on target object [[PersonEntity@61932cf9 id = 99, name = 'Tom', age = 42, eyeColor = 'blue', likesPets = true, favoriteNumber = 3.142857]]
19:45:06.561 [Test worker] DEBUG o.s.t.u.ReflectionTestUtils - Invoking getter method 'getEyeColor' on target object [[PersonEntity@61932cf9 id = 99, name = 'Tom', age = 42, eyeColor = 'blue', likesPets = true, favoriteNumber = 3.142857]]
19:45:06.561 [Test worker] DEBUG o.s.t.u.ReflectionTestUtils - Invoking getter method 'likesPets' on target object [[PersonEntity@61932cf9 id = 99, name = 'Tom', age = 42, eyeColor = 'blue', likesPets = true, favoriteNumber = 3.142857]]
19:45:06.562 [Test worker] DEBUG o.s.t.u.ReflectionTestUtils - Invoking getter method 'getFavoriteNumber' on target object [[PersonEntity@61932cf9 id = 99, name = 'Tom', age = 42, eyeColor = 'blue', likesPets = true, favoriteNumber = 3.142857]]
19:45:06.563 [Test worker] DEBUG o.s.t.u.ReflectionTestUtils - Setting field 'publicField' of type [null] on target object [null] or target class [class org.springframework.test.util.subpackage.StaticFields] to value [xxx]
19:45:06.563 [Test worker] DEBUG o.s.t.u.ReflectionTestUtils - Setting field 'privateField' of type [null] on target object [null] or target class [class org.springframework.test.util.subpackage.StaticFields] to value [yyy]
19:45:06.564 [Test worker] DEBUG o.s.t.u.ReflectionTestUtils - Invoking setter method 'setAge' on target object [[PersonEntity@38daf4c7 id = 0, name = [null], age = 0, eyeColor = [null], likesPets = false, favoriteNumber = [null]]] with value [null]
19:45:06.566 [Test worker] DEBUG o.s.t.u.ReflectionTestUtils - Setting field 'likesPets' of type [boolean] on target object [[PersonEntity@34fc080d id = 0, name = [null], age = 0, eyeColor = [null], likesPets = false, favoriteNumber = [null]]] or target class [class org.springframework.test.util.subpackage.PersonEntity] to value [null]
19:45:06.568 [Test worker] DEBUG o.s.t.u.ReflectionTestUtils - Invoking method 'configure' on target object [org.springframework.test.util.subpackage.Component@34cb92af] with arguments {42, enigma}
19:45:06.569 [Test worker] DEBUG o.s.t.u.ReflectionTestUtils - Invoking method 'init' on target object [org.springframework.test.util.subpackage.Component@34cb92af] with arguments {}
19:45:06.569 [Test worker] DEBUG o.s.t.u.ReflectionTestUtils - Invoking method 'destroy' on target object [org.springframework.test.util.subpackage.Component@34cb92af] with arguments {}
]]></system-out>
  <system-err><![CDATA[]]></system-err>
</testsuite>
