<?xml version="1.0" encoding="UTF-8"?>
<testsuite name="org.springframework.test.web.servlet.samples.context.AsyncControllerJavaConfigTests" tests="1" skipped="0" failures="0" errors="0" timestamp="2020-11-25T14:41:07" hostname="lichangbaodeMacBook-Pro.local" time="0.039">
  <properties/>
  <testcase name="callableInterceptor" classname="org.springframework.test.web.servlet.samples.context.AsyncControllerJavaConfigTests" time="0.039"/>
  <system-out><![CDATA[]]></system-out>
  <system-err><![CDATA[]]></system-err>
</testsuite>
