<?xml version="1.0" encoding="UTF-8"?>
<testsuite name="org.springframework.test.context.web.ServletTestExecutionListenerTests" tests="6" skipped="0" failures="0" errors="0" timestamp="2019-06-21T11:44:51" hostname="Macbook-Air.local" time="0.168">
  <properties/>
  <testcase name="legacyWebTestCaseWithPresetRequestAttributes" classname="org.springframework.test.context.web.ServletTestExecutionListenerTests" time="0.082"/>
  <testcase name="standardApplicationContext" classname="org.springframework.test.context.web.ServletTestExecutionListenerTests" time="0.07"/>
  <testcase name="activateListenerWithoutExistingRequestAttributes" classname="org.springframework.test.context.web.ServletTestExecutionListenerTests" time="0.004"/>
  <testcase name="atWebAppConfigTestCaseWithoutExistingRequestAttributes" classname="org.springframework.test.context.web.ServletTestExecutionListenerTests" time="0.005"/>
  <testcase name="legacyWebTestCaseWithoutExistingRequestAttributes" classname="org.springframework.test.context.web.ServletTestExecutionListenerTests" time="0.002"/>
  <testcase name="atWebAppConfigTestCaseWithPresetRequestAttributes" classname="org.springframework.test.context.web.ServletTestExecutionListenerTests" time="0.005"/>
  <system-out><![CDATA[]]></system-out>
  <system-err><![CDATA[]]></system-err>
</testsuite>
