<?xml version="1.0" encoding="UTF-8"?>
<testsuite name="org.springframework.test.context.support.BootstrapTestUtilsMergedConfigTests" tests="14" skipped="0" failures="0" errors="0" timestamp="2019-06-21T11:45:04" hostname="Macbook-Air.local" time="0.036">
  <properties/>
  <testcase name="buildMergedConfigWithLocalAndInheritedAnnotationsAndLocations" classname="org.springframework.test.context.support.BootstrapTestUtilsMergedConfigTests" time="0.003"/>
  <testcase name="buildMergedConfigWithMetaAnnotationAndLocations" classname="org.springframework.test.context.support.BootstrapTestUtilsMergedConfigTests" time="0.006"/>
  <testcase name="buildMergedConfigWithBareAnnotations" classname="org.springframework.test.context.support.BootstrapTestUtilsMergedConfigTests" time="0.002"/>
  <testcase name="buildMergedConfigWithLocalAnnotationAndClasses" classname="org.springframework.test.context.support.BootstrapTestUtilsMergedConfigTests" time="0.001"/>
  <testcase name="buildMergedConfigWithLocalAnnotationAndOverriddenContextLoaderAndClasses" classname="org.springframework.test.context.support.BootstrapTestUtilsMergedConfigTests" time="0.002"/>
  <testcase name="buildImplicitMergedConfigWithoutAnnotation" classname="org.springframework.test.context.support.BootstrapTestUtilsMergedConfigTests" time="0.002"/>
  <testcase name="buildMergedConfigWithContextConfigurationWithoutLocationsClassesOrInitializers" classname="org.springframework.test.context.support.BootstrapTestUtilsMergedConfigTests" time="0.004"/>
  <testcase name="buildMergedConfigWithAnnotationsAndOverriddenClasses" classname="org.springframework.test.context.support.BootstrapTestUtilsMergedConfigTests" time="0.002"/>
  <testcase name="buildMergedConfigWithAtWebAppConfigurationWithAnnotationAndClassesOnSuperclass" classname="org.springframework.test.context.support.BootstrapTestUtilsMergedConfigTests" time="0.002"/>
  <testcase name="buildMergedConfigWithLocalAnnotationAndOverriddenContextLoaderAndLocations" classname="org.springframework.test.context.support.BootstrapTestUtilsMergedConfigTests" time="0.001"/>
  <testcase name="buildMergedConfigWithAnnotationsAndOverriddenLocations" classname="org.springframework.test.context.support.BootstrapTestUtilsMergedConfigTests" time="0.001"/>
  <testcase name="buildMergedConfigWithLocalAnnotationAndLocations" classname="org.springframework.test.context.support.BootstrapTestUtilsMergedConfigTests" time="0.001"/>
  <testcase name="buildMergedConfigWithMetaAnnotationAndClasses" classname="org.springframework.test.context.support.BootstrapTestUtilsMergedConfigTests" time="0.005"/>
  <testcase name="buildMergedConfigWithLocalAndInheritedAnnotationsAndClasses" classname="org.springframework.test.context.support.BootstrapTestUtilsMergedConfigTests" time="0.001"/>
  <system-out><![CDATA[]]></system-out>
  <system-err><![CDATA[]]></system-err>
</testsuite>
