<?xml version="1.0" encoding="UTF-8"?>
<testsuite name="org.springframework.test.context.cache.SpringRunnerContextCacheTests" tests="3" skipped="0" failures="0" errors="0" timestamp="2019-06-21T11:44:46" hostname="Macbook-Air.local" time="0.041">
  <properties/>
  <testcase name="dirtyContext" classname="org.springframework.test.context.cache.SpringRunnerContextCacheTests" time="0.001"/>
  <testcase name="verifyContextDirty" classname="org.springframework.test.context.cache.SpringRunnerContextCacheTests" time="0.001"/>
  <testcase name="verifyContextNotDirty" classname="org.springframework.test.context.cache.SpringRunnerContextCacheTests" time="0.001"/>
  <system-out><![CDATA[]]></system-out>
  <system-err><![CDATA[]]></system-err>
</testsuite>
