<?xml version="1.0" encoding="UTF-8"?>
<testsuite name="org.springframework.test.util.ReflectionTestUtilsTests" tests="38" skipped="1" failures="0" errors="0" timestamp="2020-11-25T14:41:05" hostname="lichangbaodeMacBook-Pro.local" time="0.036">
  <properties/>
  <testcase name="invokeMethodWithTooManyArguments" classname="org.springframework.test.util.ReflectionTestUtilsTests" time="0.002"/>
  <testcase name="setFieldWithNullValueForPrimitiveLong" classname="org.springframework.test.util.ReflectionTestUtilsTests" time="0.001"/>
  <testcase name="setFieldWithNullTargetObject" classname="org.springframework.test.util.ReflectionTestUtilsTests" time="0.0"/>
  <testcase name="invokeMethodWithAutoboxingAndUnboxing" classname="org.springframework.test.util.ReflectionTestUtilsTests" time="0.0"/>
  <testcase name="invokeMethodWithIncompatibleArgumentTypes" classname="org.springframework.test.util.ReflectionTestUtilsTests" time="0.0"/>
  <testcase name="setFieldOnLegacyEntityWithSideEffectsInToString" classname="org.springframework.test.util.ReflectionTestUtilsTests" time="0.001"/>
  <testcase name="setFieldWithNullTargetClass" classname="org.springframework.test.util.ReflectionTestUtilsTests" time="0.0"/>
  <testcase name="setFieldWithNullValueForPrimitiveInt" classname="org.springframework.test.util.ReflectionTestUtilsTests" time="0.0"/>
  <testcase name="setFieldWithNullValuesForNonPrimitives" classname="org.springframework.test.util.ReflectionTestUtilsTests" time="0.001"/>
  <testcase name="invokeSetterMethodAndInvokeGetterMethodWithExplicitMethodNames" classname="org.springframework.test.util.ReflectionTestUtilsTests" time="0.002"/>
  <testcase name="setFieldAndGetFieldForStandardUseCases" classname="org.springframework.test.util.ReflectionTestUtilsTests" time="0.002"/>
  <testcase name="invokeGetterMethodOnLegacyEntityWithSideEffectsInToString" classname="org.springframework.test.util.ReflectionTestUtilsTests" time="0.0"/>
  <testcase name="setFieldAndGetFieldViaCglibProxy" classname="org.springframework.test.util.ReflectionTestUtilsTests" time="0.014"/>
  <testcase name="invokeMethodWithPrimitiveVarArgsAsSingleArgument" classname="org.springframework.test.util.ReflectionTestUtilsTests" time="0.0"/>
  <testcase name="setFieldAndGetFieldViaJdkDynamicProxy" classname="org.springframework.test.util.ReflectionTestUtilsTests" time="0.004"/>
  <testcase name="invokeMethodWithPrimitiveVarArgs" classname="org.springframework.test.util.ReflectionTestUtilsTests" time="0.0">
    <skipped/>
  </testcase>
  <testcase name="invokeSetterMethodWithNullValuesForNonPrimitives" classname="org.springframework.test.util.ReflectionTestUtilsTests" time="0.001"/>
  <testcase name="setStaticFieldViaClassWithExplicitType" classname="org.springframework.test.util.ReflectionTestUtilsTests" time="0.001"/>
  <testcase name="invokeSetterMethodOnLegacyEntityWithSideEffectsInToString" classname="org.springframework.test.util.ReflectionTestUtilsTests" time="0.0"/>
  <testcase name="invokeSetterMethodWithNullValueForPrimitiveLong" classname="org.springframework.test.util.ReflectionTestUtilsTests" time="0.0"/>
  <testcase name="getFieldWithNullTargetClass" classname="org.springframework.test.util.ReflectionTestUtilsTests" time="0.001"/>
  <testcase name="invokeMethodOnLegacyEntityWithSideEffectsInToString" classname="org.springframework.test.util.ReflectionTestUtilsTests" time="0.0"/>
  <testcase name="invokeInitMethodBeforeAutowiring" classname="org.springframework.test.util.ReflectionTestUtilsTests" time="0.0"/>
  <testcase name="invokeSetterMethodWithNullValueForPrimitiveBoolean" classname="org.springframework.test.util.ReflectionTestUtilsTests" time="0.001"/>
  <testcase name="getStaticFieldViaClass" classname="org.springframework.test.util.ReflectionTestUtilsTests" time="0.0"/>
  <testcase name="getFieldOnLegacyEntityWithSideEffectsInToString" classname="org.springframework.test.util.ReflectionTestUtilsTests" time="0.0"/>
  <testcase name="getStaticFieldViaInstance" classname="org.springframework.test.util.ReflectionTestUtilsTests" time="0.001"/>
  <testcase name="getFieldWithNullTargetObject" classname="org.springframework.test.util.ReflectionTestUtilsTests" time="0.0"/>
  <testcase name="setStaticFieldViaInstance" classname="org.springframework.test.util.ReflectionTestUtilsTests" time="0.0"/>
  <testcase name="invokeMethodWithTooFewArguments" classname="org.springframework.test.util.ReflectionTestUtilsTests" time="0.0"/>
  <testcase name="invokeSetterMethodAndInvokeGetterMethodWithJavaBeanPropertyNames" classname="org.springframework.test.util.ReflectionTestUtilsTests" time="0.001"/>
  <testcase name="setFieldWithNullNameAndNullType" classname="org.springframework.test.util.ReflectionTestUtilsTests" time="0.001"/>
  <testcase name="setStaticFieldViaClass" classname="org.springframework.test.util.ReflectionTestUtilsTests" time="0.0"/>
  <testcase name="invokeSetterMethodWithNullValueForPrimitiveInt" classname="org.springframework.test.util.ReflectionTestUtilsTests" time="0.0"/>
  <testcase name="setFieldWithWrongType" classname="org.springframework.test.util.ReflectionTestUtilsTests" time="0.0"/>
  <testcase name="setFieldWithNullValueForPrimitiveBoolean" classname="org.springframework.test.util.ReflectionTestUtilsTests" time="0.001"/>
  <testcase name="setFieldWithBogusName" classname="org.springframework.test.util.ReflectionTestUtilsTests" time="0.0"/>
  <testcase name="invokeMethodSimulatingLifecycleEvents" classname="org.springframework.test.util.ReflectionTestUtilsTests" time="0.0"/>
  <system-out><![CDATA[22:41:05.935 [Test worker] DEBUG o.s.t.u.ReflectionTestUtils - Setting field 'id' of type [long] on target object [[PersonEntity@7fdeb2ce id = 0, name = [null], age = 0, eyeColor = [null], likesPets = false, favoriteNumber = [null]]] or target class [class org.springframework.test.util.subpackage.PersonEntity] to value [null]
22:41:05.936 [Test worker] DEBUG o.s.t.u.ReflectionTestUtils - Invoking method 'subtract' on target object [org.springframework.test.util.subpackage.Component@517f4e9e] with arguments {5, 2}
22:41:05.936 [Test worker] DEBUG o.s.t.u.ReflectionTestUtils - Setting field 'collaborator' of type [class java.lang.Object] on target of type [org.springframework.test.util.subpackage.LegacyEntity] whose toString() method threw [org.springframework.test.util.subpackage.LegacyEntityException: Invoking toString() on the default collaborator causes an undesirable side effect] or target class [class org.springframework.test.util.subpackage.LegacyEntity] to value [test collaborator]
22:41:05.937 [Test worker] DEBUG o.s.t.u.ReflectionTestUtils - Setting field 'age' of type [int] on target object [[PersonEntity@518ba16 id = 0, name = [null], age = 0, eyeColor = [null], likesPets = false, favoriteNumber = [null]]] or target class [class org.springframework.test.util.subpackage.PersonEntity] to value [null]
22:41:05.937 [Test worker] DEBUG o.s.t.u.ReflectionTestUtils - Setting field 'name' of type [null] on target object [[PersonEntity@2ddd02b8 id = 0, name = [null], age = 0, eyeColor = [null], likesPets = false, favoriteNumber = [null]]] or target class [class org.springframework.test.util.subpackage.PersonEntity] to value [Tom]
22:41:05.937 [Test worker] DEBUG o.s.t.u.ReflectionTestUtils - Setting field 'eyeColor' of type [class java.lang.String] on target object [[PersonEntity@2ddd02b8 id = 0, name = 'Tom', age = 0, eyeColor = [null], likesPets = false, favoriteNumber = [null]]] or target class [class org.springframework.test.util.subpackage.PersonEntity] to value [blue]
22:41:05.937 [Test worker] DEBUG o.s.t.u.ReflectionTestUtils - Setting field 'favoriteNumber' of type [class java.lang.Number] on target object [[PersonEntity@2ddd02b8 id = 0, name = 'Tom', age = 0, eyeColor = 'blue', likesPets = false, favoriteNumber = [null]]] or target class [class org.springframework.test.util.subpackage.PersonEntity] to value [3.142857]
22:41:05.938 [Test worker] DEBUG o.s.t.u.ReflectionTestUtils - Setting field 'name' of type [class java.lang.String] on target object [[PersonEntity@2ddd02b8 id = 0, name = 'Tom', age = 0, eyeColor = 'blue', likesPets = false, favoriteNumber = 3.142857]] or target class [class org.springframework.test.util.subpackage.PersonEntity] to value [null]
22:41:05.938 [Test worker] DEBUG o.s.t.u.ReflectionTestUtils - Setting field 'eyeColor' of type [class java.lang.String] on target object [[PersonEntity@2ddd02b8 id = 0, name = [null], age = 0, eyeColor = 'blue', likesPets = false, favoriteNumber = 3.142857]] or target class [class org.springframework.test.util.subpackage.PersonEntity] to value [null]
22:41:05.938 [Test worker] DEBUG o.s.t.u.ReflectionTestUtils - Setting field 'favoriteNumber' of type [class java.lang.Number] on target object [[PersonEntity@2ddd02b8 id = 0, name = [null], age = 0, eyeColor = [null], likesPets = false, favoriteNumber = 3.142857]] or target class [class org.springframework.test.util.subpackage.PersonEntity] to value [null]
22:41:05.938 [Test worker] DEBUG o.s.t.u.ReflectionTestUtils - Invoking setter method 'setId' on target object [[PersonEntity@65d5fd57 id = 0, name = [null], age = 0, eyeColor = [null], likesPets = false, favoriteNumber = [null]]] with value [1]
22:41:05.939 [Test worker] DEBUG o.s.t.u.ReflectionTestUtils - Invoking setter method 'setName' on target object [[PersonEntity@65d5fd57 id = 1, name = [null], age = 0, eyeColor = [null], likesPets = false, favoriteNumber = [null]]] with value [Jerry]
22:41:05.939 [Test worker] DEBUG o.s.t.u.ReflectionTestUtils - Invoking setter method 'setAge' on target object [[PersonEntity@65d5fd57 id = 1, name = 'Jerry', age = 0, eyeColor = [null], likesPets = false, favoriteNumber = [null]]] with value [33]
22:41:05.939 [Test worker] DEBUG o.s.t.u.ReflectionTestUtils - Invoking setter method 'setEyeColor' on target object [[PersonEntity@65d5fd57 id = 1, name = 'Jerry', age = 33, eyeColor = [null], likesPets = false, favoriteNumber = [null]]] with value [green]
22:41:05.939 [Test worker] DEBUG o.s.t.u.ReflectionTestUtils - Invoking setter method 'setLikesPets' on target object [[PersonEntity@65d5fd57 id = 1, name = 'Jerry', age = 33, eyeColor = 'green', likesPets = false, favoriteNumber = [null]]] with value [false]
22:41:05.939 [Test worker] DEBUG o.s.t.u.ReflectionTestUtils - Invoking setter method 'setFavoriteNumber' on target object [[PersonEntity@65d5fd57 id = 1, name = 'Jerry', age = 33, eyeColor = 'green', likesPets = false, favoriteNumber = [null]]] with value [42]
22:41:05.939 [Test worker] DEBUG o.s.t.u.ReflectionTestUtils - Invoking getter method 'getId' on target object [[PersonEntity@65d5fd57 id = 1, name = 'Jerry', age = 33, eyeColor = 'green', likesPets = false, favoriteNumber = 42]]
22:41:05.939 [Test worker] DEBUG o.s.t.u.ReflectionTestUtils - Invoking getter method 'getName' on target object [[PersonEntity@65d5fd57 id = 1, name = 'Jerry', age = 33, eyeColor = 'green', likesPets = false, favoriteNumber = 42]]
22:41:05.939 [Test worker] DEBUG o.s.t.u.ReflectionTestUtils - Invoking getter method 'getAge' on target object [[PersonEntity@65d5fd57 id = 1, name = 'Jerry', age = 33, eyeColor = 'green', likesPets = false, favoriteNumber = 42]]
22:41:05.939 [Test worker] DEBUG o.s.t.u.ReflectionTestUtils - Invoking getter method 'getEyeColor' on target object [[PersonEntity@65d5fd57 id = 1, name = 'Jerry', age = 33, eyeColor = 'green', likesPets = false, favoriteNumber = 42]]
22:41:05.940 [Test worker] DEBUG o.s.t.u.ReflectionTestUtils - Invoking getter method 'likesPets' on target object [[PersonEntity@65d5fd57 id = 1, name = 'Jerry', age = 33, eyeColor = 'green', likesPets = false, favoriteNumber = 42]]
22:41:05.940 [Test worker] DEBUG o.s.t.u.ReflectionTestUtils - Invoking getter method 'getFavoriteNumber' on target object [[PersonEntity@65d5fd57 id = 1, name = 'Jerry', age = 33, eyeColor = 'green', likesPets = false, favoriteNumber = 42]]
22:41:05.940 [Test worker] DEBUG o.s.t.u.ReflectionTestUtils - Setting field 'id' of type [long] on target object [[PersonEntity@25dd23f1 id = 0, name = [null], age = 0, eyeColor = [null], likesPets = false, favoriteNumber = [null]]] or target class [class org.springframework.test.util.subpackage.PersonEntity] to value [99]
22:41:05.940 [Test worker] DEBUG o.s.t.u.ReflectionTestUtils - Setting field 'name' of type [null] on target object [[PersonEntity@25dd23f1 id = 99, name = [null], age = 0, eyeColor = [null], likesPets = false, favoriteNumber = [null]]] or target class [class org.springframework.test.util.subpackage.PersonEntity] to value [Tom]
22:41:05.940 [Test worker] DEBUG o.s.t.u.ReflectionTestUtils - Setting field 'age' of type [null] on target object [[PersonEntity@25dd23f1 id = 99, name = 'Tom', age = 0, eyeColor = [null], likesPets = false, favoriteNumber = [null]]] or target class [class org.springframework.test.util.subpackage.PersonEntity] to value [42]
22:41:05.940 [Test worker] DEBUG o.s.t.u.ReflectionTestUtils - Setting field 'eyeColor' of type [class java.lang.String] on target object [[PersonEntity@25dd23f1 id = 99, name = 'Tom', age = 42, eyeColor = [null], likesPets = false, favoriteNumber = [null]]] or target class [class org.springframework.test.util.subpackage.PersonEntity] to value [blue]
22:41:05.941 [Test worker] DEBUG o.s.t.u.ReflectionTestUtils - Setting field 'likesPets' of type [null] on target object [[PersonEntity@25dd23f1 id = 99, name = 'Tom', age = 42, eyeColor = 'blue', likesPets = false, favoriteNumber = [null]]] or target class [class org.springframework.test.util.subpackage.PersonEntity] to value [true]
22:41:05.941 [Test worker] DEBUG o.s.t.u.ReflectionTestUtils - Setting field 'favoriteNumber' of type [class java.lang.Number] on target object [[PersonEntity@25dd23f1 id = 99, name = 'Tom', age = 42, eyeColor = 'blue', likesPets = true, favoriteNumber = [null]]] or target class [class org.springframework.test.util.subpackage.PersonEntity] to value [3.142857]
22:41:05.941 [Test worker] DEBUG o.s.t.u.ReflectionTestUtils - Getting field 'id' from target object [[PersonEntity@25dd23f1 id = 99, name = 'Tom', age = 42, eyeColor = 'blue', likesPets = true, favoriteNumber = 3.142857]] or target class [class org.springframework.test.util.subpackage.PersonEntity]
22:41:05.941 [Test worker] DEBUG o.s.t.u.ReflectionTestUtils - Getting field 'name' from target object [[PersonEntity@25dd23f1 id = 99, name = 'Tom', age = 42, eyeColor = 'blue', likesPets = true, favoriteNumber = 3.142857]] or target class [class org.springframework.test.util.subpackage.PersonEntity]
22:41:05.941 [Test worker] DEBUG o.s.t.u.ReflectionTestUtils - Getting field 'age' from target object [[PersonEntity@25dd23f1 id = 99, name = 'Tom', age = 42, eyeColor = 'blue', likesPets = true, favoriteNumber = 3.142857]] or target class [class org.springframework.test.util.subpackage.PersonEntity]
22:41:05.941 [Test worker] DEBUG o.s.t.u.ReflectionTestUtils - Getting field 'eyeColor' from target object [[PersonEntity@25dd23f1 id = 99, name = 'Tom', age = 42, eyeColor = 'blue', likesPets = true, favoriteNumber = 3.142857]] or target class [class org.springframework.test.util.subpackage.PersonEntity]
22:41:05.941 [Test worker] DEBUG o.s.t.u.ReflectionTestUtils - Getting field 'likesPets' from target object [[PersonEntity@25dd23f1 id = 99, name = 'Tom', age = 42, eyeColor = 'blue', likesPets = true, favoriteNumber = 3.142857]] or target class [class org.springframework.test.util.subpackage.PersonEntity]
22:41:05.942 [Test worker] DEBUG o.s.t.u.ReflectionTestUtils - Getting field 'favoriteNumber' from target object [[PersonEntity@25dd23f1 id = 99, name = 'Tom', age = 42, eyeColor = 'blue', likesPets = true, favoriteNumber = 3.142857]] or target class [class org.springframework.test.util.subpackage.PersonEntity]
22:41:05.942 [Test worker] DEBUG o.s.t.u.ReflectionTestUtils - Invoking getter method 'getCollaborator' on target of type [org.springframework.test.util.subpackage.LegacyEntity] whose toString() method threw [org.springframework.test.util.subpackage.LegacyEntityException: Invoking toString() on the default collaborator causes an undesirable side effect]
22:41:05.948 [Test worker] DEBUG o.s.t.u.ReflectionTestUtils - Setting field 'id' of type [long] on target object [[PersonEntity@32dac334 id = 0, name = [null], age = 0, eyeColor = [null], likesPets = false, favoriteNumber = [null]]] or target class [class org.springframework.test.util.subpackage.PersonEntity] to value [99]
22:41:05.948 [Test worker] DEBUG o.s.t.u.ReflectionTestUtils - Setting field 'name' of type [null] on target object [[PersonEntity@32dac334 id = 99, name = [null], age = 0, eyeColor = [null], likesPets = false, favoriteNumber = [null]]] or target class [class org.springframework.test.util.subpackage.PersonEntity] to value [Tom]
22:41:05.948 [Test worker] DEBUG o.s.t.u.ReflectionTestUtils - Setting field 'age' of type [null] on target object [[PersonEntity@32dac334 id = 99, name = 'Tom', age = 0, eyeColor = [null], likesPets = false, favoriteNumber = [null]]] or target class [class org.springframework.test.util.subpackage.PersonEntity] to value [42]
22:41:05.948 [Test worker] DEBUG o.s.t.u.ReflectionTestUtils - Setting field 'eyeColor' of type [class java.lang.String] on target object [[PersonEntity@32dac334 id = 99, name = 'Tom', age = 42, eyeColor = [null], likesPets = false, favoriteNumber = [null]]] or target class [class org.springframework.test.util.subpackage.PersonEntity] to value [blue]
22:41:05.948 [Test worker] DEBUG o.s.t.u.ReflectionTestUtils - Setting field 'likesPets' of type [null] on target object [[PersonEntity@32dac334 id = 99, name = 'Tom', age = 42, eyeColor = 'blue', likesPets = false, favoriteNumber = [null]]] or target class [class org.springframework.test.util.subpackage.PersonEntity] to value [true]
22:41:05.949 [Test worker] DEBUG o.s.t.u.ReflectionTestUtils - Setting field 'favoriteNumber' of type [class java.lang.Number] on target object [[PersonEntity@32dac334 id = 99, name = 'Tom', age = 42, eyeColor = 'blue', likesPets = true, favoriteNumber = [null]]] or target class [class org.springframework.test.util.subpackage.PersonEntity] to value [3.142857]
22:41:05.949 [Test worker] DEBUG o.s.t.u.ReflectionTestUtils - Getting field 'id' from target object [[PersonEntity@32dac334 id = 99, name = 'Tom', age = 42, eyeColor = 'blue', likesPets = true, favoriteNumber = 3.142857]] or target class [class org.springframework.test.util.subpackage.PersonEntity]
22:41:05.949 [Test worker] DEBUG o.s.t.u.ReflectionTestUtils - Getting field 'name' from target object [[PersonEntity@32dac334 id = 99, name = 'Tom', age = 42, eyeColor = 'blue', likesPets = true, favoriteNumber = 3.142857]] or target class [class org.springframework.test.util.subpackage.PersonEntity]
22:41:05.949 [Test worker] DEBUG o.s.t.u.ReflectionTestUtils - Getting field 'age' from target object [[PersonEntity@32dac334 id = 99, name = 'Tom', age = 42, eyeColor = 'blue', likesPets = true, favoriteNumber = 3.142857]] or target class [class org.springframework.test.util.subpackage.PersonEntity]
22:41:05.949 [Test worker] DEBUG o.s.t.u.ReflectionTestUtils - Getting field 'eyeColor' from target object [[PersonEntity@32dac334 id = 99, name = 'Tom', age = 42, eyeColor = 'blue', likesPets = true, favoriteNumber = 3.142857]] or target class [class org.springframework.test.util.subpackage.PersonEntity]
22:41:05.950 [Test worker] DEBUG o.s.t.u.ReflectionTestUtils - Getting field 'likesPets' from target object [[PersonEntity@32dac334 id = 99, name = 'Tom', age = 42, eyeColor = 'blue', likesPets = true, favoriteNumber = 3.142857]] or target class [class org.springframework.test.util.subpackage.PersonEntity]
22:41:05.950 [Test worker] DEBUG o.s.t.u.ReflectionTestUtils - Getting field 'favoriteNumber' from target object [[PersonEntity@32dac334 id = 99, name = 'Tom', age = 42, eyeColor = 'blue', likesPets = true, favoriteNumber = 3.142857]] or target class [class org.springframework.test.util.subpackage.PersonEntity]
22:41:05.956 [Test worker] DEBUG o.s.t.u.ReflectionTestUtils - Invoking method 'add' on target object [org.springframework.test.util.subpackage.Component@530241f2] with arguments {[I@69506ae9}
22:41:05.958 [Test worker] DEBUG o.s.t.u.ReflectionTestUtils - Setting field 'id' of type [long] on target object [[PersonEntity@56d52d6b id = 0, name = [null], age = 0, eyeColor = [null], likesPets = false, favoriteNumber = [null]]] or target class [class org.springframework.test.util.subpackage.PersonEntity] to value [99]
22:41:05.958 [Test worker] DEBUG o.s.t.u.ReflectionTestUtils - Setting field 'name' of type [null] on target object [[PersonEntity@56d52d6b id = 99, name = [null], age = 0, eyeColor = [null], likesPets = false, favoriteNumber = [null]]] or target class [class org.springframework.test.util.subpackage.PersonEntity] to value [Tom]
22:41:05.958 [Test worker] DEBUG o.s.t.u.ReflectionTestUtils - Setting field 'age' of type [null] on target object [[PersonEntity@56d52d6b id = 99, name = 'Tom', age = 0, eyeColor = [null], likesPets = false, favoriteNumber = [null]]] or target class [class org.springframework.test.util.subpackage.PersonEntity] to value [42]
22:41:05.958 [Test worker] DEBUG o.s.t.u.ReflectionTestUtils - Setting field 'eyeColor' of type [class java.lang.String] on target object [[PersonEntity@56d52d6b id = 99, name = 'Tom', age = 42, eyeColor = [null], likesPets = false, favoriteNumber = [null]]] or target class [class org.springframework.test.util.subpackage.PersonEntity] to value [blue]
22:41:05.958 [Test worker] DEBUG o.s.t.u.ReflectionTestUtils - Setting field 'likesPets' of type [null] on target object [[PersonEntity@56d52d6b id = 99, name = 'Tom', age = 42, eyeColor = 'blue', likesPets = false, favoriteNumber = [null]]] or target class [class org.springframework.test.util.subpackage.PersonEntity] to value [true]
22:41:05.959 [Test worker] DEBUG o.s.t.u.ReflectionTestUtils - Setting field 'favoriteNumber' of type [class java.lang.Number] on target object [[PersonEntity@56d52d6b id = 99, name = 'Tom', age = 42, eyeColor = 'blue', likesPets = true, favoriteNumber = [null]]] or target class [class org.springframework.test.util.subpackage.PersonEntity] to value [3.142857]
22:41:05.959 [Test worker] DEBUG o.s.t.u.ReflectionTestUtils - Getting field 'id' from target object [[PersonEntity@56d52d6b id = 99, name = 'Tom', age = 42, eyeColor = 'blue', likesPets = true, favoriteNumber = 3.142857]] or target class [class org.springframework.test.util.subpackage.PersonEntity]
22:41:05.959 [Test worker] DEBUG o.s.t.u.ReflectionTestUtils - Getting field 'name' from target object [[PersonEntity@56d52d6b id = 99, name = 'Tom', age = 42, eyeColor = 'blue', likesPets = true, favoriteNumber = 3.142857]] or target class [class org.springframework.test.util.subpackage.PersonEntity]
22:41:05.959 [Test worker] DEBUG o.s.t.u.ReflectionTestUtils - Getting field 'age' from target object [[PersonEntity@56d52d6b id = 99, name = 'Tom', age = 42, eyeColor = 'blue', likesPets = true, favoriteNumber = 3.142857]] or target class [class org.springframework.test.util.subpackage.PersonEntity]
22:41:05.959 [Test worker] DEBUG o.s.t.u.ReflectionTestUtils - Getting field 'eyeColor' from target object [[PersonEntity@56d52d6b id = 99, name = 'Tom', age = 42, eyeColor = 'blue', likesPets = true, favoriteNumber = 3.142857]] or target class [class org.springframework.test.util.subpackage.PersonEntity]
22:41:05.959 [Test worker] DEBUG o.s.t.u.ReflectionTestUtils - Getting field 'likesPets' from target object [[PersonEntity@56d52d6b id = 99, name = 'Tom', age = 42, eyeColor = 'blue', likesPets = true, favoriteNumber = 3.142857]] or target class [class org.springframework.test.util.subpackage.PersonEntity]
22:41:05.960 [Test worker] DEBUG o.s.t.u.ReflectionTestUtils - Getting field 'favoriteNumber' from target object [[PersonEntity@56d52d6b id = 99, name = 'Tom', age = 42, eyeColor = 'blue', likesPets = true, favoriteNumber = 3.142857]] or target class [class org.springframework.test.util.subpackage.PersonEntity]
22:41:05.961 [Test worker] DEBUG o.s.t.u.ReflectionTestUtils - Invoking setter method 'setName' on target object [[PersonEntity@243ab11c id = 0, name = [null], age = 0, eyeColor = [null], likesPets = false, favoriteNumber = [null]]] with value [null]
22:41:05.961 [Test worker] DEBUG o.s.t.u.ReflectionTestUtils - Invoking setter method 'setEyeColor' on target object [[PersonEntity@243ab11c id = 0, name = [null], age = 0, eyeColor = [null], likesPets = false, favoriteNumber = [null]]] with value [null]
22:41:05.961 [Test worker] DEBUG o.s.t.u.ReflectionTestUtils - Invoking setter method 'setFavoriteNumber' on target object [[PersonEntity@243ab11c id = 0, name = [null], age = 0, eyeColor = [null], likesPets = false, favoriteNumber = [null]]] with value [null]
22:41:05.961 [Test worker] DEBUG o.s.t.u.ReflectionTestUtils - Setting field 'publicField' of type [class java.lang.String] on target object [null] or target class [class org.springframework.test.util.subpackage.StaticFields] to value [xxx]
22:41:05.961 [Test worker] DEBUG o.s.t.u.ReflectionTestUtils - Setting field 'privateField' of type [class java.lang.String] on target object [null] or target class [class org.springframework.test.util.subpackage.StaticFields] to value [yyy]
22:41:05.962 [Test worker] DEBUG o.s.t.u.ReflectionTestUtils - Invoking setter method 'setCollaborator' on target of type [org.springframework.test.util.subpackage.LegacyEntity] whose toString() method threw [org.springframework.test.util.subpackage.LegacyEntityException: Invoking toString() on the default collaborator causes an undesirable side effect] with value [test collaborator]
22:41:05.962 [Test worker] DEBUG o.s.t.u.ReflectionTestUtils - Invoking setter method 'setId' on target object [[PersonEntity@565e0377 id = 0, name = [null], age = 0, eyeColor = [null], likesPets = false, favoriteNumber = [null]]] with value [null]
22:41:05.963 [Test worker] DEBUG o.s.t.u.ReflectionTestUtils - Invoking method 'configure' on target of type [org.springframework.test.util.subpackage.LegacyEntity] whose toString() method threw [org.springframework.test.util.subpackage.LegacyEntityException: Invoking toString() on the default collaborator causes an undesirable side effect] with arguments {42, enigma}
22:41:05.963 [Test worker] DEBUG o.s.t.u.ReflectionTestUtils - Invoking method 'init' on target object [org.springframework.test.util.subpackage.Component@339aa6f7] with arguments {}
22:41:05.964 [Test worker] DEBUG o.s.t.u.ReflectionTestUtils - Invoking setter method 'setLikesPets' on target object [[PersonEntity@1d9c1a44 id = 0, name = [null], age = 0, eyeColor = [null], likesPets = false, favoriteNumber = [null]]] with value [null]
22:41:05.964 [Test worker] DEBUG o.s.t.u.ReflectionTestUtils - Getting field 'publicField' from target object [null] or target class [class org.springframework.test.util.subpackage.StaticFields]
22:41:05.964 [Test worker] DEBUG o.s.t.u.ReflectionTestUtils - Getting field 'privateField' from target object [null] or target class [class org.springframework.test.util.subpackage.StaticFields]
22:41:05.964 [Test worker] DEBUG o.s.t.u.ReflectionTestUtils - Getting field 'collaborator' from target of type [org.springframework.test.util.subpackage.LegacyEntity] whose toString() method threw [org.springframework.test.util.subpackage.LegacyEntityException: Invoking toString() on the default collaborator causes an undesirable side effect] or target class [class org.springframework.test.util.subpackage.LegacyEntity]
22:41:05.964 [Test worker] DEBUG o.s.t.u.ReflectionTestUtils - Getting field 'publicField' from target object [org.springframework.test.util.subpackage.StaticFields@24a565bd] or target class [class org.springframework.test.util.subpackage.StaticFields]
22:41:05.964 [Test worker] DEBUG o.s.t.u.ReflectionTestUtils - Getting field 'privateField' from target object [org.springframework.test.util.subpackage.StaticFields@24a565bd] or target class [class org.springframework.test.util.subpackage.StaticFields]
22:41:05.965 [Test worker] DEBUG o.s.t.u.ReflectionTestUtils - Setting field 'publicField' of type [null] on target object [org.springframework.test.util.subpackage.StaticFields@30c0e9b4] or target class [class org.springframework.test.util.subpackage.StaticFields] to value [xxx]
22:41:05.965 [Test worker] DEBUG o.s.t.u.ReflectionTestUtils - Setting field 'privateField' of type [null] on target object [org.springframework.test.util.subpackage.StaticFields@30c0e9b4] or target class [class org.springframework.test.util.subpackage.StaticFields] to value [yyy]
22:41:05.965 [Test worker] DEBUG o.s.t.u.ReflectionTestUtils - Invoking setter method 'setId' on target object [[PersonEntity@bed621e id = 0, name = [null], age = 0, eyeColor = [null], likesPets = false, favoriteNumber = [null]]] with value [99]
22:41:05.965 [Test worker] DEBUG o.s.t.u.ReflectionTestUtils - Invoking setter method 'setName' on target object [[PersonEntity@bed621e id = 99, name = [null], age = 0, eyeColor = [null], likesPets = false, favoriteNumber = [null]]] with value [Tom]
22:41:05.965 [Test worker] DEBUG o.s.t.u.ReflectionTestUtils - Invoking setter method 'setAge' on target object [[PersonEntity@bed621e id = 99, name = 'Tom', age = 0, eyeColor = [null], likesPets = false, favoriteNumber = [null]]] with value [42]
22:41:05.966 [Test worker] DEBUG o.s.t.u.ReflectionTestUtils - Invoking setter method 'setEyeColor' on target object [[PersonEntity@bed621e id = 99, name = 'Tom', age = 42, eyeColor = [null], likesPets = false, favoriteNumber = [null]]] with value [blue]
22:41:05.966 [Test worker] DEBUG o.s.t.u.ReflectionTestUtils - Invoking setter method 'setLikesPets' on target object [[PersonEntity@bed621e id = 99, name = 'Tom', age = 42, eyeColor = 'blue', likesPets = false, favoriteNumber = [null]]] with value [true]
22:41:05.966 [Test worker] DEBUG o.s.t.u.ReflectionTestUtils - Invoking setter method 'setFavoriteNumber' on target object [[PersonEntity@bed621e id = 99, name = 'Tom', age = 42, eyeColor = 'blue', likesPets = true, favoriteNumber = [null]]] with value [3.142857]
22:41:05.966 [Test worker] DEBUG o.s.t.u.ReflectionTestUtils - Invoking getter method 'getId' on target object [[PersonEntity@bed621e id = 99, name = 'Tom', age = 42, eyeColor = 'blue', likesPets = true, favoriteNumber = 3.142857]]
22:41:05.966 [Test worker] DEBUG o.s.t.u.ReflectionTestUtils - Invoking getter method 'getName' on target object [[PersonEntity@bed621e id = 99, name = 'Tom', age = 42, eyeColor = 'blue', likesPets = true, favoriteNumber = 3.142857]]
22:41:05.966 [Test worker] DEBUG o.s.t.u.ReflectionTestUtils - Invoking getter method 'getAge' on target object [[PersonEntity@bed621e id = 99, name = 'Tom', age = 42, eyeColor = 'blue', likesPets = true, favoriteNumber = 3.142857]]
22:41:05.966 [Test worker] DEBUG o.s.t.u.ReflectionTestUtils - Invoking getter method 'getEyeColor' on target object [[PersonEntity@bed621e id = 99, name = 'Tom', age = 42, eyeColor = 'blue', likesPets = true, favoriteNumber = 3.142857]]
22:41:05.966 [Test worker] DEBUG o.s.t.u.ReflectionTestUtils - Invoking getter method 'likesPets' on target object [[PersonEntity@bed621e id = 99, name = 'Tom', age = 42, eyeColor = 'blue', likesPets = true, favoriteNumber = 3.142857]]
22:41:05.966 [Test worker] DEBUG o.s.t.u.ReflectionTestUtils - Invoking getter method 'getFavoriteNumber' on target object [[PersonEntity@bed621e id = 99, name = 'Tom', age = 42, eyeColor = 'blue', likesPets = true, favoriteNumber = 3.142857]]
22:41:05.966 [Test worker] DEBUG o.s.t.u.ReflectionTestUtils - Setting field 'publicField' of type [null] on target object [null] or target class [class org.springframework.test.util.subpackage.StaticFields] to value [xxx]
22:41:05.967 [Test worker] DEBUG o.s.t.u.ReflectionTestUtils - Setting field 'privateField' of type [null] on target object [null] or target class [class org.springframework.test.util.subpackage.StaticFields] to value [yyy]
22:41:05.967 [Test worker] DEBUG o.s.t.u.ReflectionTestUtils - Invoking setter method 'setAge' on target object [[PersonEntity@3ad67d65 id = 0, name = [null], age = 0, eyeColor = [null], likesPets = false, favoriteNumber = [null]]] with value [null]
22:41:05.967 [Test worker] DEBUG o.s.t.u.ReflectionTestUtils - Setting field 'likesPets' of type [boolean] on target object [[PersonEntity@3259e5dc id = 0, name = [null], age = 0, eyeColor = [null], likesPets = false, favoriteNumber = [null]]] or target class [class org.springframework.test.util.subpackage.PersonEntity] to value [null]
22:41:05.968 [Test worker] DEBUG o.s.t.u.ReflectionTestUtils - Invoking method 'configure' on target object [org.springframework.test.util.subpackage.Component@1937944] with arguments {42, enigma}
22:41:05.968 [Test worker] DEBUG o.s.t.u.ReflectionTestUtils - Invoking method 'init' on target object [org.springframework.test.util.subpackage.Component@1937944] with arguments {}
22:41:05.968 [Test worker] DEBUG o.s.t.u.ReflectionTestUtils - Invoking method 'destroy' on target object [org.springframework.test.util.subpackage.Component@1937944] with arguments {}
]]></system-out>
  <system-err><![CDATA[]]></system-err>
</testsuite>
