<?xml version="1.0" encoding="UTF-8"?>
<testsuite name="org.springframework.test.web.servlet.setup.StandaloneMockMvcBuilderTests" tests="8" skipped="0" failures="0" errors="0" timestamp="2020-11-25T14:41:06" hostname="lichangbaodeMacBook-Pro.local" time="0.137">
  <properties/>
  <testcase name="addFilterPatternsNull" classname="org.springframework.test.web.servlet.setup.StandaloneMockMvcBuilderTests" time="0.003"/>
  <testcase name="springHandlerInstantiator" classname="org.springframework.test.web.servlet.setup.StandaloneMockMvcBuilderTests" time="0.047"/>
  <testcase name="addFilterPatternContainsNull" classname="org.springframework.test.web.servlet.setup.StandaloneMockMvcBuilderTests" time="0.0"/>
  <testcase name="placeHoldersInRequestMapping" classname="org.springframework.test.web.servlet.setup.StandaloneMockMvcBuilderTests" time="0.035"/>
  <testcase name="applicationContextAttribute" classname="org.springframework.test.web.servlet.setup.StandaloneMockMvcBuilderTests" time="0.024"/>
  <testcase name="addFiltersFiltersNull" classname="org.springframework.test.web.servlet.setup.StandaloneMockMvcBuilderTests" time="0.001"/>
  <testcase name="suffixPatternMatch" classname="org.springframework.test.web.servlet.setup.StandaloneMockMvcBuilderTests" time="0.026"/>
  <testcase name="addFiltersFiltersContainsNull" classname="org.springframework.test.web.servlet.setup.StandaloneMockMvcBuilderTests" time="0.0"/>
  <system-out><![CDATA[]]></system-out>
  <system-err><![CDATA[]]></system-err>
</testsuite>
