<?xml version="1.0" encoding="UTF-8"?>
<testsuite name="org.springframework.test.context.cache.MethodLevelDirtiesContextTests" tests="4" skipped="0" failures="0" errors="0" timestamp="2020-11-25T14:40:53" hostname="lichangbaodeMacBook-Pro.local" time="0.008">
  <properties/>
  <testcase name="test01" classname="org.springframework.test.context.cache.MethodLevelDirtiesContextTests" time="0.001"/>
  <testcase name="test02_dirtyContextBeforeTestMethod" classname="org.springframework.test.context.cache.MethodLevelDirtiesContextTests" time="0.003"/>
  <testcase name="test03_dirtyContextAfterTestMethod" classname="org.springframework.test.context.cache.MethodLevelDirtiesContextTests" time="0.0"/>
  <testcase name="test04" classname="org.springframework.test.context.cache.MethodLevelDirtiesContextTests" time="0.0"/>
  <system-out><![CDATA[]]></system-out>
  <system-err><![CDATA[]]></system-err>
</testsuite>
