<?xml version="1.0" encoding="UTF-8"?>
<testsuite name="org.springframework.test.context.junit4.spr9604.LookUpTxMgrViaTransactionManagementConfigurerTests" tests="1" skipped="0" failures="0" errors="0" timestamp="2019-06-21T11:45:03" hostname="Macbook-Air.local" time="0.001">
  <properties/>
  <testcase name="transactionalTest" classname="org.springframework.test.context.junit4.spr9604.LookUpTxMgrViaTransactionManagementConfigurerTests" time="0.001"/>
  <system-out><![CDATA[]]></system-out>
  <system-err><![CDATA[]]></system-err>
</testsuite>
