<?xml version="1.0" encoding="UTF-8"?>
<testsuite name="org.springframework.test.web.reactive.server.WebTestClientExtensionsTests" tests="7" skipped="0" failures="0" errors="0" timestamp="2019-06-21T11:45:40" hostname="Macbook-Air.local" time="1.209">
  <properties/>
  <testcase name="ResponseSpec#expectBody with reified type parameters" classname="org.springframework.test.web.reactive.server.WebTestClientExtensionsTests" time="0.678"/>
  <testcase name="ResponseSpec#expectBodyList with reified type parameters" classname="org.springframework.test.web.reactive.server.WebTestClientExtensionsTests" time="0.129"/>
  <testcase name="KotlinBodySpec#isEqualTo" classname="org.springframework.test.web.reactive.server.WebTestClientExtensionsTests" time="0.091"/>
  <testcase name="RequestBodySpec#body with Publisher and reified type parameters" classname="org.springframework.test.web.reactive.server.WebTestClientExtensionsTests" time="0.165"/>
  <testcase name="ResponseSpec#returnResult with reified type parameters" classname="org.springframework.test.web.reactive.server.WebTestClientExtensionsTests" time="0.059"/>
  <testcase name="KotlinBodySpec#consumeWith" classname="org.springframework.test.web.reactive.server.WebTestClientExtensionsTests" time="0.047"/>
  <testcase name="KotlinBodySpec#returnResult" classname="org.springframework.test.web.reactive.server.WebTestClientExtensionsTests" time="0.038"/>
  <system-out><![CDATA[]]></system-out>
  <system-err><![CDATA[]]></system-err>
</testsuite>
