<?xml version="1.0" encoding="UTF-8"?>
<testsuite name="org.springframework.test.web.reactive.server.samples.HeaderAndCookieTests" tests="3" skipped="0" failures="0" errors="0" timestamp="2019-06-21T11:45:31" hostname="Macbook-Air.local" time="0.355">
  <properties/>
  <testcase name="requestResponseHeaderPair" classname="org.springframework.test.web.reactive.server.samples.HeaderAndCookieTests" time="0.112"/>
  <testcase name="setCookies" classname="org.springframework.test.web.reactive.server.samples.HeaderAndCookieTests" time="0.111"/>
  <testcase name="headerMultipleValues" classname="org.springframework.test.web.reactive.server.samples.HeaderAndCookieTests" time="0.132"/>
  <system-out><![CDATA[]]></system-out>
  <system-err><![CDATA[]]></system-err>
</testsuite>
