<?xml version="1.0" encoding="UTF-8"?>
<testsuite name="org.springframework.test.web.client.samples.MockMvcClientHttpRequestFactoryTests" tests="2" skipped="0" failures="0" errors="0" timestamp="2020-11-25T14:41:22" hostname="lichangbaodeMacBook-Pro.local" time="0.031">
  <properties/>
  <testcase name="testAsyncTemplate" classname="org.springframework.test.web.client.samples.MockMvcClientHttpRequestFactoryTests" time="0.02"/>
  <testcase name="test" classname="org.springframework.test.web.client.samples.MockMvcClientHttpRequestFactoryTests" time="0.01"/>
  <system-out><![CDATA[]]></system-out>
  <system-err><![CDATA[]]></system-err>
</testsuite>
