<?xml version="1.0" encoding="UTF-8"?>
<testsuite name="org.springframework.test.web.reactive.server.WiretapConnectorTests" tests="1" skipped="0" failures="0" errors="0" timestamp="2019-06-21T11:45:28" hostname="Macbook-Air.local" time="0.018">
  <properties/>
  <testcase name="captureAndClaim" classname="org.springframework.test.web.reactive.server.WiretapConnectorTests" time="0.018"/>
  <system-out><![CDATA[]]></system-out>
  <system-err><![CDATA[]]></system-err>
</testsuite>
