<?xml version="1.0" encoding="UTF-8"?>
<testsuite name="org.springframework.test.web.reactive.server.MockServerSpecTests" tests="2" skipped="0" failures="0" errors="0" timestamp="2019-06-21T11:45:27" hostname="Macbook-Air.local" time="0.019">
  <properties/>
  <testcase name="applyFiltersAfterConfigurerAdded" classname="org.springframework.test.web.reactive.server.MockServerSpecTests" time="0.013"/>
  <testcase name="applyFiltersBeforeServerCreated" classname="org.springframework.test.web.reactive.server.MockServerSpecTests" time="0.006"/>
  <system-out><![CDATA[]]></system-out>
  <system-err><![CDATA[]]></system-err>
</testsuite>
