<?xml version="1.0" encoding="UTF-8"?>
<testsuite name="org.springframework.test.context.junit4.rules.Subclass2AppCtxRuleTests" tests="2" skipped="0" failures="0" errors="0" timestamp="2019-06-21T11:44:57" hostname="Macbook-Air.local" time="0.009">
  <properties/>
  <testcase name="baz" classname="org.springframework.test.context.junit4.rules.Subclass2AppCtxRuleTests" time="0.008"/>
  <testcase name="foo" classname="org.springframework.test.context.junit4.rules.Subclass2AppCtxRuleTests" time="0.001"/>
  <system-out><![CDATA[]]></system-out>
  <system-err><![CDATA[]]></system-err>
</testsuite>
