<?xml version="1.0" encoding="UTF-8"?>
<testsuite name="org.springframework.test.web.reactive.server.DefaultRouterFunctionSpecTests" tests="2" skipped="0" failures="0" errors="0" timestamp="2020-11-25T14:41:21" hostname="lichangbaodeMacBook-Pro.local" time="0.054">
  <properties/>
  <testcase name="webFilter" classname="org.springframework.test.web.reactive.server.DefaultRouterFunctionSpecTests" time="0.031"/>
  <testcase name="exceptionHandler" classname="org.springframework.test.web.reactive.server.DefaultRouterFunctionSpecTests" time="0.023"/>
  <system-out><![CDATA[]]></system-out>
  <system-err><![CDATA[]]></system-err>
</testsuite>
