<?xml version="1.0" encoding="UTF-8"?>
<testsuite name="org.springframework.test.context.env.MergedPropertiesFilesTestPropertySourceTests" tests="2" skipped="0" failures="0" errors="0" timestamp="2020-11-25T14:40:55" hostname="lichangbaodeMacBook-Pro.local" time="0.002">
  <properties/>
  <testcase name="verifyExtendedPropertiesAreAvailableInEnvironment" classname="org.springframework.test.context.env.MergedPropertiesFilesTestPropertySourceTests" time="0.002"/>
  <testcase name="verifyPropertiesAreAvailableInEnvironment" classname="org.springframework.test.context.env.MergedPropertiesFilesTestPropertySourceTests" time="0.0"/>
  <system-out><![CDATA[]]></system-out>
  <system-err><![CDATA[]]></system-err>
</testsuite>
