<?xml version="1.0" encoding="UTF-8"?>
<testsuite name="org.springframework.test.util.XmlExpectationsHelperTests" tests="5" skipped="0" failures="0" errors="0" timestamp="2020-11-25T14:41:05" hostname="lichangbaodeMacBook-Pro.local" time="0.464">
  <properties/>
  <testcase name="assertXmlEqualForEqual" classname="org.springframework.test.util.XmlExpectationsHelperTests" time="0.362"/>
  <testcase name="assertXmlEqualExceptionForIncorrectValue" classname="org.springframework.test.util.XmlExpectationsHelperTests" time="0.029"/>
  <testcase name="assertXmlEqualForOutOfOrder" classname="org.springframework.test.util.XmlExpectationsHelperTests" time="0.024"/>
  <testcase name="assertXmlEqualExceptionForMoreEntries" classname="org.springframework.test.util.XmlExpectationsHelperTests" time="0.026"/>
  <testcase name="assertXmlEqualExceptionForLessEntries" classname="org.springframework.test.util.XmlExpectationsHelperTests" time="0.022"/>
  <system-out><![CDATA[]]></system-out>
  <system-err><![CDATA[]]></system-err>
</testsuite>
