<?xml version="1.0" encoding="UTF-8"?>
<testsuite name="org.springframework.test.context.junit4.SpringJUnit4ClassRunnerTests" tests="3" skipped="0" failures="0" errors="0" timestamp="2020-11-25T14:41:03" hostname="lichangbaodeMacBook-Pro.local" time="0.022">
  <properties/>
  <testcase name="getSpringTimeoutViaMetaAnnotationWithOverride" classname="org.springframework.test.context.junit4.SpringJUnit4ClassRunnerTests" time="0.006"/>
  <testcase name="checkThatExceptionsAreNotSilentlySwallowed" classname="org.springframework.test.context.junit4.SpringJUnit4ClassRunnerTests" time="0.009"/>
  <testcase name="getSpringTimeoutViaMetaAnnotation" classname="org.springframework.test.context.junit4.SpringJUnit4ClassRunnerTests" time="0.007"/>
  <system-out><![CDATA[]]></system-out>
  <system-err><![CDATA[]]></system-err>
</testsuite>
