<?xml version="1.0" encoding="UTF-8"?>
<testsuite name="org.springframework.test.web.servlet.result.StatusResultMatchersExtensionsTests" tests="2" skipped="0" failures="0" errors="0" timestamp="2019-06-21T11:45:38" hostname="Macbook-Air.local" time="2.508">
  <properties/>
  <testcase name="StatusResultMatchers#is with int parameter is called as expected when using isEqualTo extension" classname="org.springframework.test.web.servlet.result.StatusResultMatchersExtensionsTests" time="2.34"/>
  <testcase name="StatusResultMatchers#is with Matcher parameter is called as expected when using isEqualTo extension" classname="org.springframework.test.web.servlet.result.StatusResultMatchersExtensionsTests" time="0.167"/>
  <system-out><![CDATA[]]></system-out>
  <system-err><![CDATA[]]></system-err>
</testsuite>
