<?xml version="1.0" encoding="UTF-8"?>
<testsuite name="org.springframework.test.web.servlet.samples.standalone.resultmatchers.ViewNameAssertionTests" tests="2" skipped="0" failures="0" errors="0" timestamp="2019-06-21T11:45:18" hostname="Macbook-Air.local" time="0.077">
  <properties/>
  <testcase name="testHamcrestMatcher" classname="org.springframework.test.web.servlet.samples.standalone.resultmatchers.ViewNameAssertionTests" time="0.042"/>
  <testcase name="testEqualTo" classname="org.springframework.test.web.servlet.samples.standalone.resultmatchers.ViewNameAssertionTests" time="0.035"/>
  <system-out><![CDATA[]]></system-out>
  <system-err><![CDATA[]]></system-err>
</testsuite>
