<?xml version="1.0" encoding="UTF-8"?>
<testsuite name="org.springframework.test.context.support.AnnotationConfigContextLoaderTests" tests="7" skipped="0" failures="0" errors="0" timestamp="2019-06-21T11:45:04" hostname="Macbook-Air.local" time="0.009">
  <properties/>
  <testcase name="detectDefaultConfigurationClassesForNonAnnotatedInnerClass" classname="org.springframework.test.context.support.AnnotationConfigContextLoaderTests" time="0.001"/>
  <testcase name="detectDefaultConfigurationClassesForPrivateAnnotatedInnerClass" classname="org.springframework.test.context.support.AnnotationConfigContextLoaderTests" time="0.001"/>
  <testcase name="detectDefaultConfigurationClassesForMultipleAnnotatedInnerClasses" classname="org.springframework.test.context.support.AnnotationConfigContextLoaderTests" time="0.001"/>
  <testcase name="detectDefaultConfigurationClassesForAnnotatedInnerClass" classname="org.springframework.test.context.support.AnnotationConfigContextLoaderTests" time="0.002"/>
  <testcase name="detectDefaultConfigurationClassesForFinalAnnotatedInnerClass" classname="org.springframework.test.context.support.AnnotationConfigContextLoaderTests" time="0.001"/>
  <testcase name="detectDefaultConfigurationClassesForNonStaticAnnotatedInnerClass" classname="org.springframework.test.context.support.AnnotationConfigContextLoaderTests" time="0.001"/>
  <testcase name="configMustNotContainLocations" classname="org.springframework.test.context.support.AnnotationConfigContextLoaderTests" time="0.002"/>
  <system-out><![CDATA[19:45:04.598 [Test worker] ERROR o.s.t.c.s.AnnotationConfigContextLoader - Test class [org.springframework.test.context.support.AnnotationConfigContextLoaderTests] has been configured with @ContextConfiguration's 'locations' (or 'value') attribute {config.xml}, but AnnotationConfigContextLoader does not support resource locations.
]]></system-out>
  <system-err><![CDATA[]]></system-err>
</testsuite>
