<?xml version="1.0" encoding="UTF-8"?>
<testsuite name="org.springframework.context.event.LifecycleEventTests" tests="2" skipped="0" failures="0" errors="0" timestamp="2019-06-21T11:40:18" hostname="Macbook-Air.local" time="0.006">
  <properties/>
  <testcase name="contextStoppedEvent" classname="org.springframework.context.event.LifecycleEventTests" time="0.005"/>
  <testcase name="contextStartedEvent" classname="org.springframework.context.event.LifecycleEventTests" time="0.001"/>
  <system-out><![CDATA[]]></system-out>
  <system-err><![CDATA[]]></system-err>
</testsuite>
