<?xml version="1.0" encoding="UTF-8"?>
<testsuite name="org.springframework.cache.config.CustomInterceptorTests" tests="3" skipped="0" failures="0" errors="0" timestamp="2020-11-25T14:38:29" hostname="lichangbaodeMacBook-Pro.local" time="0.04">
  <properties/>
  <testcase name="customInterceptorAppliesWithCheckedException" classname="org.springframework.cache.config.CustomInterceptorTests" time="0.03"/>
  <testcase name="customInterceptorAppliesWithRuntimeException" classname="org.springframework.cache.config.CustomInterceptorTests" time="0.006"/>
  <testcase name="onlyOneInterceptorIsAvailable" classname="org.springframework.cache.config.CustomInterceptorTests" time="0.004"/>
  <system-out><![CDATA[]]></system-out>
  <system-err><![CDATA[]]></system-err>
</testsuite>
