<?xml version="1.0" encoding="UTF-8"?>
<testsuite name="org.springframework.aop.aspectj.AfterAdviceBindingTests" tests="6" skipped="0" failures="0" errors="0" timestamp="2020-11-25T14:38:40" hostname="lichangbaodeMacBook-Pro.local" time="0.05">
  <properties/>
  <testcase name="testNeedsJoinPoint" classname="org.springframework.aop.aspectj.AfterAdviceBindingTests" time="0.007"/>
  <testcase name="testOneObjectArgBindingTarget" classname="org.springframework.aop.aspectj.AfterAdviceBindingTests" time="0.008"/>
  <testcase name="testOneIntAndOneObjectArgs" classname="org.springframework.aop.aspectj.AfterAdviceBindingTests" time="0.008"/>
  <testcase name="testNeedsJoinPointStaticPart" classname="org.springframework.aop.aspectj.AfterAdviceBindingTests" time="0.009"/>
  <testcase name="testOneIntArg" classname="org.springframework.aop.aspectj.AfterAdviceBindingTests" time="0.008"/>
  <testcase name="testOneObjectArgBindingProxyWithThis" classname="org.springframework.aop.aspectj.AfterAdviceBindingTests" time="0.01"/>
  <system-out><![CDATA[]]></system-out>
  <system-err><![CDATA[]]></system-err>
</testsuite>
