<?xml version="1.0" encoding="UTF-8"?>
<testsuite name="org.springframework.context.annotation.configuration.ImportAnnotationDetectionTests" tests="4" skipped="0" failures="0" errors="0" timestamp="2020-11-25T14:38:14" hostname="lichangbaodeMacBook-Pro.local" time="0.023">
  <properties/>
  <testcase name="localImportIsProcessedLast" classname="org.springframework.context.annotation.configuration.ImportAnnotationDetectionTests" time="0.011"/>
  <testcase name="importFromBean" classname="org.springframework.context.annotation.configuration.ImportAnnotationDetectionTests" time="0.002"/>
  <testcase name="localAndMetaImportsAreProcessed" classname="org.springframework.context.annotation.configuration.ImportAnnotationDetectionTests" time="0.006"/>
  <testcase name="multipleMetaImportsAreProcessed" classname="org.springframework.context.annotation.configuration.ImportAnnotationDetectionTests" time="0.004"/>
  <system-out><![CDATA[]]></system-out>
  <system-err><![CDATA[]]></system-err>
</testsuite>
