<?xml version="1.0" encoding="UTF-8"?>
<testsuite name="org.springframework.context.annotation.SimpleScanTests" tests="1" skipped="0" failures="0" errors="0" timestamp="2020-11-25T14:38:11" hostname="lichangbaodeMacBook-Pro.local" time="0.255">
  <properties/>
  <testcase name="testFooService" classname="org.springframework.context.annotation.SimpleScanTests" time="0.255"/>
  <system-out><![CDATA[]]></system-out>
  <system-err><![CDATA[]]></system-err>
</testsuite>
