<?xml version="1.0" encoding="UTF-8"?>
<testsuite name="org.springframework.aop.config.AopNamespaceHandlerThrowingTests" tests="2" skipped="0" failures="0" errors="0" timestamp="2019-06-21T11:40:50" hostname="Macbook-Air.local" time="0.033">
  <properties/>
  <testcase name="testThrowingOnThrowingAdvice" classname="org.springframework.aop.config.AopNamespaceHandlerThrowingTests" time="0.02"/>
  <testcase name="testParseThrowingOnOtherAdviceType" classname="org.springframework.aop.config.AopNamespaceHandlerThrowingTests" time="0.013"/>
  <system-out><![CDATA[]]></system-out>
  <system-err><![CDATA[]]></system-err>
</testsuite>
