<?xml version="1.0" encoding="UTF-8"?>
<testsuite name="org.springframework.aop.aspectj.ProceedTests" tests="4" skipped="0" failures="0" errors="0" timestamp="2020-11-25T14:38:39" hostname="lichangbaodeMacBook-Pro.local" time="0.044">
  <properties/>
  <testcase name="testProceedWithArgsInSameAspect" classname="org.springframework.aop.aspectj.ProceedTests" time="0.017"/>
  <testcase name="testGetArgsIsDefensive" classname="org.springframework.aop.aspectj.ProceedTests" time="0.009"/>
  <testcase name="testProceedWithArgsAcrossAspects" classname="org.springframework.aop.aspectj.ProceedTests" time="0.01"/>
  <testcase name="testSimpleProceedWithChangedArgs" classname="org.springframework.aop.aspectj.ProceedTests" time="0.008"/>
  <system-out><![CDATA[]]></system-out>
  <system-err><![CDATA[]]></system-err>
</testsuite>
