<?xml version="1.0" encoding="UTF-8"?>
<testsuite name="org.springframework.cache.config.EnableCachingIntegrationTests" tests="4" skipped="0" failures="0" errors="0" timestamp="2020-11-25T14:38:31" hostname="lichangbaodeMacBook-Pro.local" time="0.028">
  <properties/>
  <testcase name="beanConditionOff" classname="org.springframework.cache.config.EnableCachingIntegrationTests" time="0.012"/>
  <testcase name="beanConditionOn" classname="org.springframework.cache.config.EnableCachingIntegrationTests" time="0.003"/>
  <testcase name="fooServiceWithInterfaceCglib" classname="org.springframework.cache.config.EnableCachingIntegrationTests" time="0.009"/>
  <testcase name="fooServiceWithInterface" classname="org.springframework.cache.config.EnableCachingIntegrationTests" time="0.004"/>
  <system-out><![CDATA[]]></system-out>
  <system-err><![CDATA[]]></system-err>
</testsuite>
