<?xml version="1.0" encoding="UTF-8"?>
<testsuite name="org.springframework.jmx.support.JmxUtilsTests" tests="12" skipped="0" failures="0" errors="0" timestamp="2019-06-21T11:40:44" hostname="Macbook-Air.local" time="0.054">
  <properties/>
  <testcase name="testSimpleMBean" classname="org.springframework.jmx.support.JmxUtilsTests" time="0.007"/>
  <testcase name="testIsMBeanWithDynamicMBean" classname="org.springframework.jmx.support.JmxUtilsTests" time="0.004"/>
  <testcase name="testLocatePlatformMBeanServer" classname="org.springframework.jmx.support.JmxUtilsTests" time="0.008"/>
  <testcase name="testGetAttributeNameWithoutStrictCasing" classname="org.springframework.jmx.support.JmxUtilsTests" time="0.006"/>
  <testcase name="testAppendIdentityToObjectName" classname="org.springframework.jmx.support.JmxUtilsTests" time="0.0"/>
  <testcase name="testIsMBeanWithStandardMBeanInherited" classname="org.springframework.jmx.support.JmxUtilsTests" time="0.004"/>
  <testcase name="testSimpleMXBean" classname="org.springframework.jmx.support.JmxUtilsTests" time="0.003"/>
  <testcase name="testGetAttributeNameWithStrictCasing" classname="org.springframework.jmx.support.JmxUtilsTests" time="0.0"/>
  <testcase name="testIsMBeanWithStandardMBeanWrapper" classname="org.springframework.jmx.support.JmxUtilsTests" time="0.0"/>
  <testcase name="testSimpleMBeanThroughInheritance" classname="org.springframework.jmx.support.JmxUtilsTests" time="0.009"/>
  <testcase name="testNotAnMBean" classname="org.springframework.jmx.support.JmxUtilsTests" time="0.0"/>
  <testcase name="testIsMBean" classname="org.springframework.jmx.support.JmxUtilsTests" time="0.011"/>
  <system-out><![CDATA[]]></system-out>
  <system-err><![CDATA[]]></system-err>
</testsuite>
