<?xml version="1.0" encoding="UTF-8"?>
<testsuite name="org.springframework.context.support.BeanDefinitionDslTests" tests="7" skipped="0" failures="0" errors="0" timestamp="2020-11-25T14:38:43" hostname="lichangbaodeMacBook-Pro.local" time="0.03">
  <properties/>
  <testcase name="Declare beans leveraging constructor injection" classname="org.springframework.context.support.BeanDefinitionDslTests" time="0.009"/>
  <testcase name="Declare beans with the functional Kotlin DSL" classname="org.springframework.context.support.BeanDefinitionDslTests" time="0.004"/>
  <testcase name="Declare beans using profile condition with the functional Kotlin DSL" classname="org.springframework.context.support.BeanDefinitionDslTests" time="0.004"/>
  <testcase name="Retrieve multiple beans via a bean provider" classname="org.springframework.context.support.BeanDefinitionDslTests" time="0.004"/>
  <testcase name="Declare beans leveraging callable reference" classname="org.springframework.context.support.BeanDefinitionDslTests" time="0.002"/>
  <testcase name="Declare beans using environment condition with the functional Kotlin DSL" classname="org.springframework.context.support.BeanDefinitionDslTests" time="0.006"/>
  <testcase name="Declare beans depending on environment properties" classname="org.springframework.context.support.BeanDefinitionDslTests" time="0.001"/>
  <system-out><![CDATA[]]></system-out>
  <system-err><![CDATA[]]></system-err>
</testsuite>
