<?xml version="1.0" encoding="UTF-8"?>
<testsuite name="org.springframework.ui.ModelExtensionsTests" tests="1" skipped="0" failures="0" errors="0" timestamp="2019-06-21T11:40:59" hostname="Macbook-Air.local" time="0.014">
  <properties/>
  <testcase name="setAttribute" classname="org.springframework.ui.ModelExtensionsTests" time="0.014"/>
  <system-out><![CDATA[]]></system-out>
  <system-err><![CDATA[]]></system-err>
</testsuite>
