<?xml version="1.0" encoding="UTF-8"?>
<testsuite name="org.springframework.context.support.ConversionServiceFactoryBeanTests" tests="5" skipped="0" failures="0" errors="0" timestamp="2019-06-21T11:40:14" hostname="Macbook-Air.local" time="0.057">
  <properties/>
  <testcase name="createDefaultConversionService" classname="org.springframework.context.support.ConversionServiceFactoryBeanTests" time="0.001"/>
  <testcase name="conversionServiceInApplicationContext" classname="org.springframework.context.support.ConversionServiceFactoryBeanTests" time="0.016"/>
  <testcase name="conversionServiceInApplicationContextWithResourceOverriding" classname="org.springframework.context.support.ConversionServiceFactoryBeanTests" time="0.013"/>
  <testcase name="createDefaultConversionServiceWithInvalidSupplements" classname="org.springframework.context.support.ConversionServiceFactoryBeanTests" time="0.001"/>
  <testcase name="createDefaultConversionServiceWithSupplements" classname="org.springframework.context.support.ConversionServiceFactoryBeanTests" time="0.025"/>
  <system-out><![CDATA[]]></system-out>
  <system-err><![CDATA[]]></system-err>
</testsuite>
