<?xml version="1.0" encoding="UTF-8"?>
<testsuite name="org.springframework.aop.config.PrototypeProxyTests" tests="1" skipped="0" failures="0" errors="0" timestamp="2019-06-21T11:40:50" hostname="Macbook-Air.local" time="0.022">
  <properties/>
  <testcase name="testInjectionBeforeWrappingCheckDoesNotKickInForPrototypeProxy" classname="org.springframework.aop.config.PrototypeProxyTests" time="0.022"/>
  <system-out><![CDATA[]]></system-out>
  <system-err><![CDATA[]]></system-err>
</testsuite>
