<?xml version="1.0" encoding="UTF-8"?>
<testsuite name="org.springframework.context.annotation.spr8761.Spr8761Tests" tests="1" skipped="0" failures="0" errors="0" timestamp="2020-11-25T14:38:14" hostname="lichangbaodeMacBook-Pro.local" time="0.004">
  <properties/>
  <testcase name="repro" classname="org.springframework.context.annotation.spr8761.Spr8761Tests" time="0.004"/>
  <system-out><![CDATA[]]></system-out>
  <system-err><![CDATA[]]></system-err>
</testsuite>
