<?xml version="1.0" encoding="UTF-8"?>
<testsuite name="org.springframework.context.support.LiveBeansViewTests" tests="4" skipped="0" failures="0" errors="0" timestamp="2019-06-21T11:40:08" hostname="Macbook-Air.local" time="0.088">
  <properties/>
  <testcase name="registerUnregisterSingleContext" classname="org.springframework.context.support.LiveBeansViewTests" time="0.083"/>
  <testcase name="registerUnregisterSeveralContexts" classname="org.springframework.context.support.LiveBeansViewTests" time="0.002"/>
  <testcase name="registerIgnoredIfPropertyIsNotSet" classname="org.springframework.context.support.LiveBeansViewTests" time="0.001"/>
  <testcase name="registerUnregisterSeveralContextsDifferentOrder" classname="org.springframework.context.support.LiveBeansViewTests" time="0.002"/>
  <system-out><![CDATA[]]></system-out>
  <system-err><![CDATA[]]></system-err>
</testsuite>
