<?xml version="1.0" encoding="UTF-8"?>
<testsuite name="org.springframework.context.annotation.AggressiveFactoryBeanInstantiationTests" tests="2" skipped="0" failures="0" errors="0" timestamp="2019-06-21T11:40:05" hostname="Macbook-Air.local" time="0.012">
  <properties/>
  <testcase name="directlyRegisteredFactoryBean" classname="org.springframework.context.annotation.AggressiveFactoryBeanInstantiationTests" time="0.005"/>
  <testcase name="beanMethodFactoryBean" classname="org.springframework.context.annotation.AggressiveFactoryBeanInstantiationTests" time="0.007"/>
  <system-out><![CDATA[]]></system-out>
  <system-err><![CDATA[]]></system-err>
</testsuite>
