<?xml version="1.0" encoding="UTF-8"?>
<testsuite name="org.springframework.aop.aspectj.AspectAndAdvicePrecedenceTests" tests="1" skipped="0" failures="0" errors="0" timestamp="2019-06-21T11:40:53" hostname="Macbook-Air.local" time="0.04">
  <properties/>
  <testcase name="testAdviceOrder" classname="org.springframework.aop.aspectj.AspectAndAdvicePrecedenceTests" time="0.04"/>
  <system-out><![CDATA[]]></system-out>
  <system-err><![CDATA[]]></system-err>
</testsuite>
