<?xml version="1.0" encoding="UTF-8"?>
<testsuite name="org.springframework.jndi.JndiLocatorDelegateTests" tests="1" skipped="0" failures="0" errors="0" timestamp="2020-11-25T14:38:41" hostname="lichangbaodeMacBook-Pro.local" time="0.001">
  <properties/>
  <testcase name="isDefaultJndiEnvironmentAvailableFalse" classname="org.springframework.jndi.JndiLocatorDelegateTests" time="0.001"/>
  <system-out><![CDATA[]]></system-out>
  <system-err><![CDATA[]]></system-err>
</testsuite>
