<?xml version="1.0" encoding="UTF-8"?>
<testsuite name="org.springframework.aop.framework.adapter.AdvisorAdapterRegistrationTests" tests="2" skipped="0" failures="0" errors="0" timestamp="2019-06-21T11:40:49" hostname="Macbook-Air.local" time="0.03">
  <properties/>
  <testcase name="testAdvisorAdapterRegistrationManagerPresentInContext" classname="org.springframework.aop.framework.adapter.AdvisorAdapterRegistrationTests" time="0.018"/>
  <testcase name="testAdvisorAdapterRegistrationManagerNotPresentInContext" classname="org.springframework.aop.framework.adapter.AdvisorAdapterRegistrationTests" time="0.011"/>
  <system-out><![CDATA[]]></system-out>
  <system-err><![CDATA[]]></system-err>
</testsuite>
