<?xml version="1.0" encoding="UTF-8"?>
<testsuite name="org.springframework.ejb.config.JeeNamespaceHandlerEventTests" tests="3" skipped="0" failures="0" errors="0" timestamp="2019-06-21T11:40:58" hostname="Macbook-Air.local" time="0.068">
  <properties/>
  <testcase name="testLocalSlsbComponentEventReceived" classname="org.springframework.ejb.config.JeeNamespaceHandlerEventTests" time="0.041"/>
  <testcase name="testJndiLookupComponentEventReceived" classname="org.springframework.ejb.config.JeeNamespaceHandlerEventTests" time="0.014"/>
  <testcase name="testRemoteSlsbComponentEventReceived" classname="org.springframework.ejb.config.JeeNamespaceHandlerEventTests" time="0.013"/>
  <system-out><![CDATA[]]></system-out>
  <system-err><![CDATA[]]></system-err>
</testsuite>
