<?xml version="1.0" encoding="UTF-8"?>
<testsuite name="org.springframework.cache.config.CacheAdviceNamespaceTests" tests="60" skipped="0" failures="0" errors="0" timestamp="2019-06-21T11:40:32" hostname="Macbook-Air.local" time="2.471">
  <properties/>
  <testcase name="testKeyStrategy" classname="org.springframework.cache.config.CacheAdviceNamespaceTests" time="0.068"/>
  <testcase name="testMultiConditionalCacheAndEvict" classname="org.springframework.cache.config.CacheAdviceNamespaceTests" time="0.046"/>
  <testcase name="testClassCheckedExceptionSync" classname="org.springframework.cache.config.CacheAdviceNamespaceTests" time="0.039"/>
  <testcase name="testKeyExpression" classname="org.springframework.cache.config.CacheAdviceNamespaceTests" time="0.033"/>
  <testcase name="testConditionalUpdate" classname="org.springframework.cache.config.CacheAdviceNamespaceTests" time="0.041"/>
  <testcase name="testClassMultiCacheAndEvict" classname="org.springframework.cache.config.CacheAdviceNamespaceTests" time="0.04"/>
  <testcase name="testCacheableSyncNull" classname="org.springframework.cache.config.CacheAdviceNamespaceTests" time="0.041"/>
  <testcase name="testUnknownCustomKeyGenerator" classname="org.springframework.cache.config.CacheAdviceNamespaceTests" time="0.047"/>
  <testcase name="testClassRootVars" classname="org.springframework.cache.config.CacheAdviceNamespaceTests" time="0.062"/>
  <testcase name="testMethodName" classname="org.springframework.cache.config.CacheAdviceNamespaceTests" time="0.057"/>
  <testcase name="testEvictWithException" classname="org.springframework.cache.config.CacheAdviceNamespaceTests" time="0.043"/>
  <testcase name="testClassUpdate" classname="org.springframework.cache.config.CacheAdviceNamespaceTests" time="0.046"/>
  <testcase name="testClassEarlyInvalidate" classname="org.springframework.cache.config.CacheAdviceNamespaceTests" time="0.04"/>
  <testcase name="testCustomCacheManager" classname="org.springframework.cache.config.CacheAdviceNamespaceTests" time="0.045"/>
  <testcase name="testCheckedExceptionSync" classname="org.springframework.cache.config.CacheAdviceNamespaceTests" time="0.038"/>
  <testcase name="testClassNullArg" classname="org.springframework.cache.config.CacheAdviceNamespaceTests" time="0.046"/>
  <testcase name="testClassEvictAll" classname="org.springframework.cache.config.CacheAdviceNamespaceTests" time="0.039"/>
  <testcase name="testPutRefersToResult" classname="org.springframework.cache.config.CacheAdviceNamespaceTests" time="0.041"/>
  <testcase name="testClassCacheUnlessExpression" classname="org.springframework.cache.config.CacheAdviceNamespaceTests" time="0.043"/>
  <testcase name="testConditionalExpressionSync" classname="org.springframework.cache.config.CacheAdviceNamespaceTests" time="0.037"/>
  <testcase name="testClassConditionalUpdate" classname="org.springframework.cache.config.CacheAdviceNamespaceTests" time="0.035"/>
  <testcase name="testConditionalExpression" classname="org.springframework.cache.config.CacheAdviceNamespaceTests" time="0.039"/>
  <testcase name="testClassMultiPut" classname="org.springframework.cache.config.CacheAdviceNamespaceTests" time="0.034"/>
  <testcase name="testInvalidateWithKey" classname="org.springframework.cache.config.CacheAdviceNamespaceTests" time="0.042"/>
  <testcase name="testEarlyInvalidate" classname="org.springframework.cache.config.CacheAdviceNamespaceTests" time="0.035"/>
  <testcase name="testClassUncheckedException" classname="org.springframework.cache.config.CacheAdviceNamespaceTests" time="0.042"/>
  <testcase name="testClassNullValue" classname="org.springframework.cache.config.CacheAdviceNamespaceTests" time="0.05"/>
  <testcase name="testEarlyInvalidateWithKey" classname="org.springframework.cache.config.CacheAdviceNamespaceTests" time="0.037"/>
  <testcase name="testClassEarlyInvalidateWithKey" classname="org.springframework.cache.config.CacheAdviceNamespaceTests" time="0.046"/>
  <testcase name="testUncheckedExceptionSync" classname="org.springframework.cache.config.CacheAdviceNamespaceTests" time="0.038"/>
  <testcase name="testClassUncheckedExceptionSync" classname="org.springframework.cache.config.CacheAdviceNamespaceTests" time="0.042"/>
  <testcase name="testClassCacheCacheable" classname="org.springframework.cache.config.CacheAdviceNamespaceTests" time="0.032"/>
  <testcase name="testClassMethodName" classname="org.springframework.cache.config.CacheAdviceNamespaceTests" time="0.039"/>
  <testcase name="testCustomKeyGenerator" classname="org.springframework.cache.config.CacheAdviceNamespaceTests" time="0.036"/>
  <testcase name="testCacheable" classname="org.springframework.cache.config.CacheAdviceNamespaceTests" time="0.039"/>
  <testcase name="testCheckedException" classname="org.springframework.cache.config.CacheAdviceNamespaceTests" time="0.037"/>
  <testcase name="testClassPutRefersToResult" classname="org.springframework.cache.config.CacheAdviceNamespaceTests" time="0.04"/>
  <testcase name="testVarArgsKey" classname="org.springframework.cache.config.CacheAdviceNamespaceTests" time="0.033"/>
  <testcase name="testMultiCache" classname="org.springframework.cache.config.CacheAdviceNamespaceTests" time="0.035"/>
  <testcase name="testMultiEvict" classname="org.springframework.cache.config.CacheAdviceNamespaceTests" time="0.039"/>
  <testcase name="testMultiCacheAndEvict" classname="org.springframework.cache.config.CacheAdviceNamespaceTests" time="0.039"/>
  <testcase name="testRootVars" classname="org.springframework.cache.config.CacheAdviceNamespaceTests" time="0.041"/>
  <testcase name="testClassMultiConditionalCacheAndEvict" classname="org.springframework.cache.config.CacheAdviceNamespaceTests" time="0.05"/>
  <testcase name="testClassCacheInvalidateWKey" classname="org.springframework.cache.config.CacheAdviceNamespaceTests" time="0.053"/>
  <testcase name="testClassEvictWithException" classname="org.springframework.cache.config.CacheAdviceNamespaceTests" time="0.056"/>
  <testcase name="testClassCheckedException" classname="org.springframework.cache.config.CacheAdviceNamespaceTests" time="0.041"/>
  <testcase name="testUnlessExpression" classname="org.springframework.cache.config.CacheAdviceNamespaceTests" time="0.032"/>
  <testcase name="testEvictAll" classname="org.springframework.cache.config.CacheAdviceNamespaceTests" time="0.039"/>
  <testcase name="testCacheableNull" classname="org.springframework.cache.config.CacheAdviceNamespaceTests" time="0.043"/>
  <testcase name="testCacheableSync" classname="org.springframework.cache.config.CacheAdviceNamespaceTests" time="0.03"/>
  <testcase name="testClassCacheInvalidate" classname="org.springframework.cache.config.CacheAdviceNamespaceTests" time="0.03"/>
  <testcase name="testMultiPut" classname="org.springframework.cache.config.CacheAdviceNamespaceTests" time="0.041"/>
  <testcase name="testUnknownCustomCacheManager" classname="org.springframework.cache.config.CacheAdviceNamespaceTests" time="0.035"/>
  <testcase name="testUncheckedException" classname="org.springframework.cache.config.CacheAdviceNamespaceTests" time="0.034"/>
  <testcase name="testNullValue" classname="org.springframework.cache.config.CacheAdviceNamespaceTests" time="0.043"/>
  <testcase name="testInvalidate" classname="org.springframework.cache.config.CacheAdviceNamespaceTests" time="0.05"/>
  <testcase name="testUpdate" classname="org.springframework.cache.config.CacheAdviceNamespaceTests" time="0.037"/>
  <testcase name="testNullArg" classname="org.springframework.cache.config.CacheAdviceNamespaceTests" time="0.038"/>
  <testcase name="testClassMultiCache" classname="org.springframework.cache.config.CacheAdviceNamespaceTests" time="0.037"/>
  <testcase name="testClassMultiEvict" classname="org.springframework.cache.config.CacheAdviceNamespaceTests" time="0.03"/>
  <system-out><![CDATA[]]></system-out>
  <system-err><![CDATA[]]></system-err>
</testsuite>
