<?xml version="1.0" encoding="UTF-8"?>
<testsuite name="org.springframework.aop.framework.autoproxy.BeanNameAutoProxyCreatorTests" tests="8" skipped="0" failures="0" errors="0" timestamp="2020-11-25T14:38:38" hostname="lichangbaodeMacBook-Pro.local" time="0.052">
  <properties/>
  <testcase name="testJdkProxyWithExactNameMatch" classname="org.springframework.aop.framework.autoproxy.BeanNameAutoProxyCreatorTests" time="0.019"/>
  <testcase name="testCglibProxyWithWildcardMatch" classname="org.springframework.aop.framework.autoproxy.BeanNameAutoProxyCreatorTests" time="0.009"/>
  <testcase name="testJdkIntroductionAppliesToCreatedObjectsNotFactoryBean" classname="org.springframework.aop.framework.autoproxy.BeanNameAutoProxyCreatorTests" time="0.005"/>
  <testcase name="testJdkProxyWithWildcardMatch" classname="org.springframework.aop.framework.autoproxy.BeanNameAutoProxyCreatorTests" time="0.003"/>
  <testcase name="testNoProxy" classname="org.springframework.aop.framework.autoproxy.BeanNameAutoProxyCreatorTests" time="0.003"/>
  <testcase name="testJdkProxyWithDoubleProxying" classname="org.springframework.aop.framework.autoproxy.BeanNameAutoProxyCreatorTests" time="0.004"/>
  <testcase name="testJdkIntroduction" classname="org.springframework.aop.framework.autoproxy.BeanNameAutoProxyCreatorTests" time="0.005"/>
  <testcase name="testWithFrozenProxy" classname="org.springframework.aop.framework.autoproxy.BeanNameAutoProxyCreatorTests" time="0.004"/>
  <system-out><![CDATA[]]></system-out>
  <system-err><![CDATA[]]></system-err>
</testsuite>
