<?xml version="1.0" encoding="UTF-8"?>
<testsuite name="org.springframework.aop.aspectj.generic.AfterReturningGenericTypeMatchingTests" tests="4" skipped="0" failures="0" errors="0" timestamp="2020-11-25T14:38:40" hostname="lichangbaodeMacBook-Pro.local" time="0.033">
  <properties/>
  <testcase name="testReturnTypeLowerBoundMatching" classname="org.springframework.aop.aspectj.generic.AfterReturningGenericTypeMatchingTests" time="0.013"/>
  <testcase name="testReturnTypeUpperBoundMatching" classname="org.springframework.aop.aspectj.generic.AfterReturningGenericTypeMatchingTests" time="0.007"/>
  <testcase name="testReturnTypeRawMatching" classname="org.springframework.aop.aspectj.generic.AfterReturningGenericTypeMatchingTests" time="0.006"/>
  <testcase name="testReturnTypeExactMatching" classname="org.springframework.aop.aspectj.generic.AfterReturningGenericTypeMatchingTests" time="0.006"/>
  <system-out><![CDATA[]]></system-out>
  <system-err><![CDATA[]]></system-err>
</testsuite>
