<?xml version="1.0" encoding="UTF-8"?>
<testsuite name="org.springframework.context.annotation.ConfigurationClassPostConstructAndAutowiringTests" tests="2" skipped="0" failures="0" errors="0" timestamp="2020-11-25T14:38:17" hostname="lichangbaodeMacBook-Pro.local" time="0.007">
  <properties/>
  <testcase name="originalReproCase" classname="org.springframework.context.annotation.ConfigurationClassPostConstructAndAutowiringTests" time="0.006"/>
  <testcase name="control" classname="org.springframework.context.annotation.ConfigurationClassPostConstructAndAutowiringTests" time="0.001"/>
  <system-out><![CDATA[]]></system-out>
  <system-err><![CDATA[]]></system-err>
</testsuite>
