<?xml version="1.0" encoding="UTF-8"?>
<testsuite name="org.springframework.format.number.CurrencyStyleFormatterTests" tests="6" skipped="0" failures="0" errors="0" timestamp="2019-06-21T11:40:57" hostname="Macbook-Air.local" time="0.006">
  <properties/>
  <testcase name="parseWholeValue" classname="org.springframework.format.number.CurrencyStyleFormatterTests" time="0.002"/>
  <testcase name="parseValue" classname="org.springframework.format.number.CurrencyStyleFormatterTests" time="0.001"/>
  <testcase name="parseValueDefaultRoundDown" classname="org.springframework.format.number.CurrencyStyleFormatterTests" time="0.001"/>
  <testcase name="parseValueNotLenientFailure" classname="org.springframework.format.number.CurrencyStyleFormatterTests" time="0.001"/>
  <testcase name="parseBogusValue" classname="org.springframework.format.number.CurrencyStyleFormatterTests" time="0.001"/>
  <testcase name="formatValue" classname="org.springframework.format.number.CurrencyStyleFormatterTests" time="0.0"/>
  <system-out><![CDATA[]]></system-out>
  <system-err><![CDATA[]]></system-err>
</testsuite>
