<?xml version="1.0" encoding="UTF-8"?>
<testsuite name="org.springframework.scheduling.config.ExecutorBeanDefinitionParserTests" tests="11" skipped="0" failures="0" errors="0" timestamp="2020-11-25T14:38:32" hostname="lichangbaodeMacBook-Pro.local" time="0.066">
  <properties/>
  <testcase name="propertyPlaceholderWithInvalidPoolSize" classname="org.springframework.scheduling.config.ExecutorBeanDefinitionParserTests" time="0.01"/>
  <testcase name="threadNamePrefix" classname="org.springframework.scheduling.config.ExecutorBeanDefinitionParserTests" time="0.006"/>
  <testcase name="rangeWithUnboundedQueue" classname="org.springframework.scheduling.config.ExecutorBeanDefinitionParserTests" time="0.006"/>
  <testcase name="invalidPoolSize" classname="org.springframework.scheduling.config.ExecutorBeanDefinitionParserTests" time="0.006"/>
  <testcase name="defaultExecutor" classname="org.springframework.scheduling.config.ExecutorBeanDefinitionParserTests" time="0.006"/>
  <testcase name="propertyPlaceholderWithRange" classname="org.springframework.scheduling.config.ExecutorBeanDefinitionParserTests" time="0.006"/>
  <testcase name="typeCheck" classname="org.springframework.scheduling.config.ExecutorBeanDefinitionParserTests" time="0.005"/>
  <testcase name="propertyPlaceholderWithSingleSize" classname="org.springframework.scheduling.config.ExecutorBeanDefinitionParserTests" time="0.005"/>
  <testcase name="singleSize" classname="org.springframework.scheduling.config.ExecutorBeanDefinitionParserTests" time="0.006"/>
  <testcase name="propertyPlaceholderWithRangeAndCoreThreadTimeout" classname="org.springframework.scheduling.config.ExecutorBeanDefinitionParserTests" time="0.005"/>
  <testcase name="rangeWithBoundedQueue" classname="org.springframework.scheduling.config.ExecutorBeanDefinitionParserTests" time="0.005"/>
  <system-out><![CDATA[]]></system-out>
  <system-err><![CDATA[]]></system-err>
</testsuite>
