<?xml version="1.0" encoding="UTF-8"?>
<testsuite name="org.springframework.scheduling.concurrent.ThreadPoolTaskExecutorTests" tests="14" skipped="0" failures="0" errors="0" timestamp="2019-06-21T11:40:40" hostname="Macbook-Air.local" time="0.161">
  <properties/>
  <testcase name="submitCallableWithGetAfterShutdown" classname="org.springframework.scheduling.concurrent.ThreadPoolTaskExecutorTests" time="0.015"/>
  <testcase name="submitListenableCallableWithGetAfterShutdown" classname="org.springframework.scheduling.concurrent.ThreadPoolTaskExecutorTests" time="0.001"/>
  <testcase name="submitListenableCallable" classname="org.springframework.scheduling.concurrent.ThreadPoolTaskExecutorTests" time="0.013"/>
  <testcase name="executeRunnable" classname="org.springframework.scheduling.concurrent.ThreadPoolTaskExecutorTests" time="0.016"/>
  <testcase name="submitListenableRunnable" classname="org.springframework.scheduling.concurrent.ThreadPoolTaskExecutorTests" time="0.013"/>
  <testcase name="submitFailingCallable" classname="org.springframework.scheduling.concurrent.ThreadPoolTaskExecutorTests" time="0.015"/>
  <testcase name="submitCallable" classname="org.springframework.scheduling.concurrent.ThreadPoolTaskExecutorTests" time="0.015"/>
  <testcase name="submitFailingListenableCallable" classname="org.springframework.scheduling.concurrent.ThreadPoolTaskExecutorTests" time="0.016"/>
  <testcase name="submitRunnableWithGetAfterShutdown" classname="org.springframework.scheduling.concurrent.ThreadPoolTaskExecutorTests" time="0.0"/>
  <testcase name="submitListenableRunnableWithGetAfterShutdown" classname="org.springframework.scheduling.concurrent.ThreadPoolTaskExecutorTests" time="0.013"/>
  <testcase name="submitFailingRunnable" classname="org.springframework.scheduling.concurrent.ThreadPoolTaskExecutorTests" time="0.015"/>
  <testcase name="submitRunnable" classname="org.springframework.scheduling.concurrent.ThreadPoolTaskExecutorTests" time="0.012"/>
  <testcase name="executeFailingRunnable" classname="org.springframework.scheduling.concurrent.ThreadPoolTaskExecutorTests" time="0.001"/>
  <testcase name="submitFailingListenableRunnable" classname="org.springframework.scheduling.concurrent.ThreadPoolTaskExecutorTests" time="0.015"/>
  <system-out><![CDATA[]]></system-out>
  <system-err><![CDATA[]]></system-err>
</testsuite>
