<?xml version="1.0" encoding="UTF-8"?>
<testsuite name="org.springframework.aop.framework.adapter.AdvisorAdapterRegistrationTests" tests="2" skipped="0" failures="0" errors="0" timestamp="2020-11-25T14:38:38" hostname="lichangbaodeMacBook-Pro.local" time="0.01">
  <properties/>
  <testcase name="testAdvisorAdapterRegistrationManagerPresentInContext" classname="org.springframework.aop.framework.adapter.AdvisorAdapterRegistrationTests" time="0.006"/>
  <testcase name="testAdvisorAdapterRegistrationManagerNotPresentInContext" classname="org.springframework.aop.framework.adapter.AdvisorAdapterRegistrationTests" time="0.004"/>
  <system-out><![CDATA[]]></system-out>
  <system-err><![CDATA[]]></system-err>
</testsuite>
