<?xml version="1.0" encoding="UTF-8"?>
<testsuite name="org.springframework.scheduling.annotation.EnableAsyncTests" tests="17" skipped="0" failures="0" errors="0" timestamp="2019-06-21T11:40:38" hostname="Macbook-Air.local" time="0.431">
  <properties/>
  <testcase name="customAsyncAnnotationIsPropagated" classname="org.springframework.scheduling.annotation.EnableAsyncTests" time="0.029"/>
  <testcase name="properExceptionForResolvedProxyDependencyMismatch" classname="org.springframework.scheduling.annotation.EnableAsyncTests" time="0.06"/>
  <testcase name="customExecutorConfig" classname="org.springframework.scheduling.annotation.EnableAsyncTests" time="0.036"/>
  <testcase name="aspectModeAspectJAttemptsToRegisterAsyncAspect" classname="org.springframework.scheduling.annotation.EnableAsyncTests" time="0.003"/>
  <testcase name="proxyingOccurs" classname="org.springframework.scheduling.annotation.EnableAsyncTests" time="0.011"/>
  <testcase name="asyncProcessorIsOrderedLowestPrecedenceByDefault" classname="org.springframework.scheduling.annotation.EnableAsyncTests" time="0.011"/>
  <testcase name="exceptionThrownWithBeanNotOfRequiredTypeRootCause" classname="org.springframework.scheduling.annotation.EnableAsyncTests" time="0.013"/>
  <testcase name="customExecutorBeanConfigWithThrowsException" classname="org.springframework.scheduling.annotation.EnableAsyncTests" time="0.043"/>
  <testcase name="customExecutorBeanConfig" classname="org.springframework.scheduling.annotation.EnableAsyncTests" time="0.026"/>
  <testcase name="properExceptionForExistingProxyDependencyMismatch" classname="org.springframework.scheduling.annotation.EnableAsyncTests" time="0.007"/>
  <testcase name="findOnInterfaceWithInterfaceProxy" classname="org.springframework.scheduling.annotation.EnableAsyncTests" time="0.028"/>
  <testcase name="findOnInterfaceWithCglibProxy" classname="org.springframework.scheduling.annotation.EnableAsyncTests" time="0.03"/>
  <testcase name="customExecutorBean" classname="org.springframework.scheduling.annotation.EnableAsyncTests" time="0.033"/>
  <testcase name="customExecutorConfigWithThrowsException" classname="org.springframework.scheduling.annotation.EnableAsyncTests" time="0.026"/>
  <testcase name="proxyingOccursWithMockitoStub" classname="org.springframework.scheduling.annotation.EnableAsyncTests" time="0.026"/>
  <testcase name="withAsyncBeanWithExecutorQualifiedByName" classname="org.springframework.scheduling.annotation.EnableAsyncTests" time="0.031"/>
  <testcase name="orderAttributeIsPropagated" classname="org.springframework.scheduling.annotation.EnableAsyncTests" time="0.016"/>
  <system-out><![CDATA[19:40:38.935 [Test worker] WARN  o.s.c.a.AnnotationConfigApplicationContext - Exception encountered during context initialization - cancelling refresh attempt: org.springframework.beans.factory.UnsatisfiedDependencyException: Error creating bean with name 'enableAsyncTests.AsyncBeanUser': Unsatisfied dependency expressed through constructor parameter 0; nested exception is org.springframework.beans.factory.BeanNotOfRequiredTypeException: Bean named 'asyncBean' is expected to be of type 'org.springframework.scheduling.annotation.EnableAsyncTests$AsyncBean' but was actually of type 'com.sun.proxy.$Proxy91'
19:40:38.974 [Test worker] WARN  o.s.c.a.AnnotationConfigApplicationContext - Exception encountered during context initialization - cancelling refresh attempt: org.springframework.beans.factory.BeanDefinitionStoreException: Failed to process import candidates for configuration class [org.springframework.scheduling.annotation.EnableAsyncTests$AspectJAsyncAnnotationConfig]; nested exception is java.io.FileNotFoundException: class path resource [org/springframework/scheduling/aspectj/AspectJAsyncConfiguration.class] cannot be opened because it does not exist
19:40:39.009 [Test worker] WARN  o.s.c.a.AnnotationConfigApplicationContext - Exception encountered during context initialization - cancelling refresh attempt: org.springframework.beans.factory.UnsatisfiedDependencyException: Error creating bean with name 'user' defined in org.springframework.scheduling.annotation.EnableAsyncTests$UserConfiguration: Unsatisfied dependency expressed through method 'user' parameter 0; nested exception is org.springframework.beans.factory.BeanNotOfRequiredTypeException: Bean named 'asyncBean' is expected to be of type 'org.springframework.scheduling.annotation.EnableAsyncTests$AsyncBeanWithInterface' but was actually of type 'com.sun.proxy.$Proxy91'
19:40:39.085 [Test worker] WARN  o.s.c.a.AnnotationConfigApplicationContext - Exception encountered during context initialization - cancelling refresh attempt: org.springframework.beans.factory.UnsatisfiedDependencyException: Error creating bean with name 'enableAsyncTests.AsyncBeanUser': Unsatisfied dependency expressed through constructor parameter 0; nested exception is org.springframework.beans.factory.BeanNotOfRequiredTypeException: Bean named 'asyncBean' is expected to be of type 'org.springframework.scheduling.annotation.EnableAsyncTests$AsyncBean' but was actually of type 'com.sun.proxy.$Proxy91'
]]></system-out>
  <system-err><![CDATA[]]></system-err>
</testsuite>
