<?xml version="1.0" encoding="UTF-8"?>
<testsuite name="org.springframework.aop.aspectj.generic.GenericParameterMatchingTests" tests="3" skipped="0" failures="0" errors="0" timestamp="2019-06-21T11:40:53" hostname="Macbook-Air.local" time="0.069">
  <properties/>
  <testcase name="testGenericInterfaceSubtypeGenericCollectionArgExecution" classname="org.springframework.aop.aspectj.generic.GenericParameterMatchingTests" time="0.024"/>
  <testcase name="testGenericInterfaceGenericArgExecution" classname="org.springframework.aop.aspectj.generic.GenericParameterMatchingTests" time="0.022"/>
  <testcase name="testGenericInterfaceGenericCollectionArgExecution" classname="org.springframework.aop.aspectj.generic.GenericParameterMatchingTests" time="0.023"/>
  <system-out><![CDATA[]]></system-out>
  <system-err><![CDATA[]]></system-err>
</testsuite>
