<?xml version="1.0" encoding="UTF-8"?>
<testsuite name="org.springframework.aop.config.AopNamespaceHandlerReturningTests" tests="2" skipped="0" failures="0" errors="0" timestamp="2020-11-25T14:38:39" hostname="lichangbaodeMacBook-Pro.local" time="0.011">
  <properties/>
  <testcase name="testParseReturningOnOtherAdviceType" classname="org.springframework.aop.config.AopNamespaceHandlerReturningTests" time="0.004"/>
  <testcase name="testReturningOnReturningAdvice" classname="org.springframework.aop.config.AopNamespaceHandlerReturningTests" time="0.007"/>
  <system-out><![CDATA[]]></system-out>
  <system-err><![CDATA[]]></system-err>
</testsuite>
