<?xml version="1.0" encoding="UTF-8"?>
<testsuite name="org.springframework.jmx.export.CustomEditorConfigurerTests" tests="2" skipped="0" failures="0" errors="0" timestamp="2020-11-25T14:38:38" hostname="lichangbaodeMacBook-Pro.local" time="0.009">
  <properties/>
  <testcase name="testGetDates" classname="org.springframework.jmx.export.CustomEditorConfigurerTests" time="0.007"/>
  <testcase name="testDatesInJmx" classname="org.springframework.jmx.export.CustomEditorConfigurerTests" time="0.002"/>
  <system-out><![CDATA[]]></system-out>
  <system-err><![CDATA[]]></system-err>
</testsuite>
