<?xml version="1.0" encoding="UTF-8"?>
<testsuite name="org.springframework.remoting.support.RemoteInvocationUtilsTests" tests="2" skipped="0" failures="0" errors="0" timestamp="2020-11-25T14:38:10" hostname="lichangbaodeMacBook-Pro.local" time="0.054">
  <properties/>
  <testcase name="fillInClientStackTraceIfPossibleWithNullThrowable" classname="org.springframework.remoting.support.RemoteInvocationUtilsTests" time="0.004"/>
  <testcase name="fillInClientStackTraceIfPossibleSunnyDay" classname="org.springframework.remoting.support.RemoteInvocationUtilsTests" time="0.05"/>
  <system-out><![CDATA[]]></system-out>
  <system-err><![CDATA[]]></system-err>
</testsuite>
