<?xml version="1.0" encoding="UTF-8"?>
<testsuite name="org.springframework.aop.config.AopNamespaceHandlerTests" tests="5" skipped="0" failures="0" errors="0" timestamp="2020-11-25T14:38:39" hostname="lichangbaodeMacBook-Pro.local" time="0.062">
  <properties/>
  <testcase name="testAspectAppliedForInitializeBeanWithEmptyName" classname="org.springframework.aop.config.AopNamespaceHandlerTests" time="0.013"/>
  <testcase name="testAdviceInvokedCorrectly" classname="org.springframework.aop.config.AopNamespaceHandlerTests" time="0.01"/>
  <testcase name="testAspectAppliedForInitializeBeanWithNullName" classname="org.springframework.aop.config.AopNamespaceHandlerTests" time="0.014"/>
  <testcase name="testIsProxy" classname="org.springframework.aop.config.AopNamespaceHandlerTests" time="0.012"/>
  <testcase name="testAspectApplied" classname="org.springframework.aop.config.AopNamespaceHandlerTests" time="0.013"/>
  <system-out><![CDATA[]]></system-out>
  <system-err><![CDATA[]]></system-err>
</testsuite>
