<?xml version="1.0" encoding="UTF-8"?>
<testsuite name="org.springframework.aop.aspectj.PropertyDependentAspectTests" tests="4" skipped="0" failures="0" errors="0" timestamp="2019-06-21T11:40:51" hostname="Macbook-Air.local" time="0.083">
  <properties/>
  <testcase name="propertyDependentAtAspectJAspectWithPropertyDeclaredAfterAdvice" classname="org.springframework.aop.aspectj.PropertyDependentAspectTests" time="0.028"/>
  <testcase name="propertyDependentAtAspectJAspectWithPropertyDeclaredBeforeAdvice" classname="org.springframework.aop.aspectj.PropertyDependentAspectTests" time="0.022"/>
  <testcase name="propertyDependentAspectWithPropertyDeclaredAfterAdvice" classname="org.springframework.aop.aspectj.PropertyDependentAspectTests" time="0.019"/>
  <testcase name="propertyDependentAspectWithPropertyDeclaredBeforeAdvice" classname="org.springframework.aop.aspectj.PropertyDependentAspectTests" time="0.014"/>
  <system-out><![CDATA[]]></system-out>
  <system-err><![CDATA[]]></system-err>
</testsuite>
