<?xml version="1.0" encoding="UTF-8"?>
<testsuite name="org.springframework.context.annotation.configuration.ImportResourceTests" tests="8" skipped="0" failures="0" errors="0" timestamp="2020-11-25T14:38:13" hostname="lichangbaodeMacBook-Pro.local" time="0.188">
  <properties/>
  <testcase name="importNonXmlResource" classname="org.springframework.context.annotation.configuration.ImportResourceTests" time="0.008"/>
  <testcase name="importXml" classname="org.springframework.context.annotation.configuration.ImportResourceTests" time="0.029"/>
  <testcase name="importWithPlaceholder" classname="org.springframework.context.annotation.configuration.ImportResourceTests" time="0.018"/>
  <testcase name="importXmlWithNamespaceConfig" classname="org.springframework.context.annotation.configuration.ImportResourceTests" time="0.025"/>
  <testcase name="importXmlWithAutowiredConfig" classname="org.springframework.context.annotation.configuration.ImportResourceTests" time="0.018"/>
  <testcase name="importXmlIsInheritedFromSuperclassDeclarations" classname="org.springframework.context.annotation.configuration.ImportResourceTests" time="0.02"/>
  <testcase name="importXmlIsMergedFromSuperclassDeclarations" classname="org.springframework.context.annotation.configuration.ImportResourceTests" time="0.031"/>
  <testcase name="importXmlWithOtherConfigurationClass" classname="org.springframework.context.annotation.configuration.ImportResourceTests" time="0.037"/>
  <system-out><![CDATA[]]></system-out>
  <system-err><![CDATA[]]></system-err>
</testsuite>
