<?xml version="1.0" encoding="UTF-8"?>
<testsuite name="org.springframework.aop.aspectj.DeclarationOrderIndependenceTests" tests="5" skipped="0" failures="0" errors="0" timestamp="2019-06-21T11:40:52" hostname="Macbook-Air.local" time="0.106">
  <properties/>
  <testcase name="testBeforeAdviceFiringOk" classname="org.springframework.aop.aspectj.DeclarationOrderIndependenceTests" time="0.034"/>
  <testcase name="testTargetIsBeanNameAware" classname="org.springframework.aop.aspectj.DeclarationOrderIndependenceTests" time="0.017"/>
  <testcase name="testTargetIsSerializable" classname="org.springframework.aop.aspectj.DeclarationOrderIndependenceTests" time="0.021"/>
  <testcase name="testAroundAdviceFiringOk" classname="org.springframework.aop.aspectj.DeclarationOrderIndependenceTests" time="0.018"/>
  <testcase name="testAfterReturningFiringOk" classname="org.springframework.aop.aspectj.DeclarationOrderIndependenceTests" time="0.014"/>
  <system-out><![CDATA[]]></system-out>
  <system-err><![CDATA[]]></system-err>
</testsuite>
