<?xml version="1.0" encoding="UTF-8"?>
<testsuite name="org.springframework.format.number.money.MoneyFormattingTests" tests="6" skipped="0" failures="0" errors="0" timestamp="2020-11-25T14:38:42" hostname="lichangbaodeMacBook-Pro.local" time="0.068">
  <properties/>
  <testcase name="testAmountWithNumberFormat1" classname="org.springframework.format.number.money.MoneyFormattingTests" time="0.042"/>
  <testcase name="testAmountWithNumberFormat2" classname="org.springframework.format.number.money.MoneyFormattingTests" time="0.002"/>
  <testcase name="testAmountWithNumberFormat3" classname="org.springframework.format.number.money.MoneyFormattingTests" time="0.002"/>
  <testcase name="testAmountWithNumberFormat4" classname="org.springframework.format.number.money.MoneyFormattingTests" time="0.002"/>
  <testcase name="testAmountWithNumberFormat5" classname="org.springframework.format.number.money.MoneyFormattingTests" time="0.002"/>
  <testcase name="testAmountAndUnit" classname="org.springframework.format.number.money.MoneyFormattingTests" time="0.018"/>
  <system-out><![CDATA[]]></system-out>
  <system-err><![CDATA[Nov 25, 2020 10:38:42 PM org.javamoney.moneta.DefaultMonetaryContextFactory createMonetaryContextNonNullConfig
INFORMATION: Using custom MathContext: precision=256, roundingMode=HALF_EVEN
]]></system-err>
</testsuite>
