<?xml version="1.0" encoding="UTF-8"?>
<testsuite name="org.springframework.scheduling.config.SchedulerBeanDefinitionParserTests" tests="3" skipped="0" failures="0" errors="0" timestamp="2019-06-21T11:40:37" hostname="Macbook-Air.local" time="0.108">
  <properties/>
  <testcase name="customScheduler" classname="org.springframework.scheduling.config.SchedulerBeanDefinitionParserTests" time="0.088"/>
  <testcase name="threadNamePrefix" classname="org.springframework.scheduling.config.SchedulerBeanDefinitionParserTests" time="0.011"/>
  <testcase name="defaultScheduler" classname="org.springframework.scheduling.config.SchedulerBeanDefinitionParserTests" time="0.008"/>
  <system-out><![CDATA[]]></system-out>
  <system-err><![CDATA[]]></system-err>
</testsuite>
