<?xml version="1.0" encoding="UTF-8"?>
<testsuite name="org.springframework.aop.aspectj.AroundAdviceBindingTests" tests="4" skipped="0" failures="0" errors="0" timestamp="2019-06-21T11:40:52" hostname="Macbook-Air.local" time="0.056">
  <properties/>
  <testcase name="testJustJoinPoint" classname="org.springframework.aop.aspectj.AroundAdviceBindingTests" time="0.014"/>
  <testcase name="testOneObjectArgBoundToTarget" classname="org.springframework.aop.aspectj.AroundAdviceBindingTests" time="0.014"/>
  <testcase name="testOneIntAndOneObjectArgs" classname="org.springframework.aop.aspectj.AroundAdviceBindingTests" time="0.014"/>
  <testcase name="testOneIntArg" classname="org.springframework.aop.aspectj.AroundAdviceBindingTests" time="0.014"/>
  <system-out><![CDATA[]]></system-out>
  <system-err><![CDATA[]]></system-err>
</testsuite>
