<?xml version="1.0" encoding="UTF-8"?>
<testsuite name="org.springframework.aop.aspectj.ImplicitJPArgumentMatchingTests" tests="1" skipped="0" failures="0" errors="0" timestamp="2019-06-21T11:40:51" hostname="Macbook-Air.local" time="0.044">
  <properties/>
  <testcase name="testAspect" classname="org.springframework.aop.aspectj.ImplicitJPArgumentMatchingTests" time="0.044"/>
  <system-out><![CDATA[]]></system-out>
  <system-err><![CDATA[]]></system-err>
</testsuite>
