<?xml version="1.0" encoding="UTF-8"?>
<testsuite name="org.springframework.context.annotation.PrimitiveBeanLookupAndAutowiringTests" tests="4" skipped="0" failures="0" errors="0" timestamp="2020-11-25T14:38:16" hostname="lichangbaodeMacBook-Pro.local" time="0.01">
  <properties/>
  <testcase name="primitiveAutowiredInjection" classname="org.springframework.context.annotation.PrimitiveBeanLookupAndAutowiringTests" time="0.004"/>
  <testcase name="primitiveLookupByName" classname="org.springframework.context.annotation.PrimitiveBeanLookupAndAutowiringTests" time="0.002"/>
  <testcase name="primitiveLookupByType" classname="org.springframework.context.annotation.PrimitiveBeanLookupAndAutowiringTests" time="0.002"/>
  <testcase name="primitiveResourceInjection" classname="org.springframework.context.annotation.PrimitiveBeanLookupAndAutowiringTests" time="0.002"/>
  <system-out><![CDATA[]]></system-out>
  <system-err><![CDATA[]]></system-err>
</testsuite>
