<?xml version="1.0" encoding="UTF-8"?>
<testsuite name="org.springframework.context.expression.FactoryBeanAccessTests" tests="1" skipped="0" failures="0" errors="0" timestamp="2019-06-21T11:40:16" hostname="Macbook-Air.local" time="0.017">
  <properties/>
  <testcase name="factoryBeanAccess" classname="org.springframework.context.expression.FactoryBeanAccessTests" time="0.017"/>
  <system-out><![CDATA[]]></system-out>
  <system-err><![CDATA[]]></system-err>
</testsuite>
