<?xml version="1.0" encoding="UTF-8"?>
<testsuite name="org.springframework.context.support.SimpleThreadScopeTests" tests="2" skipped="0" failures="0" errors="0" timestamp="2020-11-25T14:38:21" hostname="lichangbaodeMacBook-Pro.local" time="0.041">
  <properties/>
  <testcase name="getMultipleInstances" classname="org.springframework.context.support.SimpleThreadScopeTests" time="0.037"/>
  <testcase name="getFromScope" classname="org.springframework.context.support.SimpleThreadScopeTests" time="0.004"/>
  <system-out><![CDATA[]]></system-out>
  <system-err><![CDATA[]]></system-err>
</testsuite>
