<?xml version="1.0" encoding="UTF-8"?>
<testsuite name="org.springframework.aop.aspectj.ProceedTests" tests="4" skipped="0" failures="0" errors="0" timestamp="2019-06-21T11:40:50" hostname="Macbook-Air.local" time="0.099">
  <properties/>
  <testcase name="testProceedWithArgsInSameAspect" classname="org.springframework.aop.aspectj.ProceedTests" time="0.037"/>
  <testcase name="testGetArgsIsDefensive" classname="org.springframework.aop.aspectj.ProceedTests" time="0.027"/>
  <testcase name="testProceedWithArgsAcrossAspects" classname="org.springframework.aop.aspectj.ProceedTests" time="0.018"/>
  <testcase name="testSimpleProceedWithChangedArgs" classname="org.springframework.aop.aspectj.ProceedTests" time="0.017"/>
  <system-out><![CDATA[]]></system-out>
  <system-err><![CDATA[]]></system-err>
</testsuite>
