<?xml version="1.0" encoding="UTF-8"?>
<testsuite name="org.springframework.cache.interceptor.CacheSyncFailureTests" tests="5" skipped="0" failures="0" errors="0" timestamp="2019-06-21T11:40:37" hostname="Macbook-Air.local" time="0.063">
  <properties/>
  <testcase name="syncWithTwoGetOperations" classname="org.springframework.cache.interceptor.CacheSyncFailureTests" time="0.024"/>
  <testcase name="unlessSync" classname="org.springframework.cache.interceptor.CacheSyncFailureTests" time="0.008"/>
  <testcase name="severalCachesWithResolvedSync" classname="org.springframework.cache.interceptor.CacheSyncFailureTests" time="0.009"/>
  <testcase name="severalCachesSync" classname="org.springframework.cache.interceptor.CacheSyncFailureTests" time="0.011"/>
  <testcase name="syncWithAnotherOperation" classname="org.springframework.cache.interceptor.CacheSyncFailureTests" time="0.01"/>
  <system-out><![CDATA[]]></system-out>
  <system-err><![CDATA[]]></system-err>
</testsuite>
