<?xml version="1.0" encoding="UTF-8"?>
<testsuite name="org.springframework.jmx.export.CustomEditorConfigurerTests" tests="2" skipped="0" failures="0" errors="0" timestamp="2019-06-21T11:40:47" hostname="Macbook-Air.local" time="0.031">
  <properties/>
  <testcase name="testGetDates" classname="org.springframework.jmx.export.CustomEditorConfigurerTests" time="0.024"/>
  <testcase name="testDatesInJmx" classname="org.springframework.jmx.export.CustomEditorConfigurerTests" time="0.007"/>
  <system-out><![CDATA[]]></system-out>
  <system-err><![CDATA[]]></system-err>
</testsuite>
