<?xml version="1.0" encoding="UTF-8"?>
<testsuite name="org.springframework.context.annotation.ComponentScanAnnotationRecursionTests" tests="1" skipped="0" failures="0" errors="0" timestamp="2020-11-25T14:38:14" hostname="lichangbaodeMacBook-Pro.local" time="0.009">
  <properties/>
  <testcase name="recursion" classname="org.springframework.context.annotation.ComponentScanAnnotationRecursionTests" time="0.009"/>
  <system-out><![CDATA[]]></system-out>
  <system-err><![CDATA[]]></system-err>
</testsuite>
