<?xml version="1.0" encoding="UTF-8"?>
<testsuite name="org.springframework.aop.aspectj.ImplicitJPArgumentMatchingTests" tests="1" skipped="0" failures="0" errors="0" timestamp="2020-11-25T14:38:39" hostname="lichangbaodeMacBook-Pro.local" time="0.024">
  <properties/>
  <testcase name="testAspect" classname="org.springframework.aop.aspectj.ImplicitJPArgumentMatchingTests" time="0.024"/>
  <system-out><![CDATA[]]></system-out>
  <system-err><![CDATA[]]></system-err>
</testsuite>
