<?xml version="1.0" encoding="UTF-8"?>
<testsuite name="org.springframework.aop.aspectj.AfterReturningAdviceBindingTests" tests="12" skipped="0" failures="0" errors="0" timestamp="2019-06-21T11:40:53" hostname="Macbook-Air.local" time="0.375">
  <properties/>
  <testcase name="testNoInvokeWhenReturningParameterTypeDoesNotMatch" classname="org.springframework.aop.aspectj.AfterReturningAdviceBindingTests" time="0.044"/>
  <testcase name="testReturningBeanArray" classname="org.springframework.aop.aspectj.AfterReturningAdviceBindingTests" time="0.028"/>
  <testcase name="testReturningPrimitive" classname="org.springframework.aop.aspectj.AfterReturningAdviceBindingTests" time="0.027"/>
  <testcase name="testReturningBean" classname="org.springframework.aop.aspectj.AfterReturningAdviceBindingTests" time="0.031"/>
  <testcase name="testOneObjectArg" classname="org.springframework.aop.aspectj.AfterReturningAdviceBindingTests" time="0.044"/>
  <testcase name="testNeedsJoinPoint" classname="org.springframework.aop.aspectj.AfterReturningAdviceBindingTests" time="0.025"/>
  <testcase name="testReturningByType" classname="org.springframework.aop.aspectj.AfterReturningAdviceBindingTests" time="0.026"/>
  <testcase name="testReturningObject" classname="org.springframework.aop.aspectj.AfterReturningAdviceBindingTests" time="0.026"/>
  <testcase name="testReturningString" classname="org.springframework.aop.aspectj.AfterReturningAdviceBindingTests" time="0.029"/>
  <testcase name="testOneIntAndOneObjectArgs" classname="org.springframework.aop.aspectj.AfterReturningAdviceBindingTests" time="0.034"/>
  <testcase name="testNeedsJoinPointStaticPart" classname="org.springframework.aop.aspectj.AfterReturningAdviceBindingTests" time="0.034"/>
  <testcase name="testOneIntArg" classname="org.springframework.aop.aspectj.AfterReturningAdviceBindingTests" time="0.026"/>
  <system-out><![CDATA[]]></system-out>
  <system-err><![CDATA[]]></system-err>
</testsuite>
