<?xml version="1.0" encoding="UTF-8"?>
<testsuite name="org.springframework.cache.interceptor.CacheProxyFactoryBeanTests" tests="1" skipped="0" failures="0" errors="0" timestamp="2020-11-25T14:38:32" hostname="lichangbaodeMacBook-Pro.local" time="0.011">
  <properties/>
  <testcase name="configurationClassWithCacheProxyFactoryBean" classname="org.springframework.cache.interceptor.CacheProxyFactoryBeanTests" time="0.011"/>
  <system-out><![CDATA[]]></system-out>
  <system-err><![CDATA[]]></system-err>
</testsuite>
