<?xml version="1.0" encoding="UTF-8"?>
<testsuite name="org.springframework.context.annotation.ComponentScanAndImportAnnotationInteractionTests" tests="6" skipped="0" failures="0" errors="0" timestamp="2020-11-25T14:38:15" hostname="lichangbaodeMacBook-Pro.local" time="0.054">
  <properties/>
  <testcase name="componentScanViaImport" classname="org.springframework.context.annotation.ComponentScanAndImportAnnotationInteractionTests" time="0.011"/>
  <testcase name="circularImportViaComponentScan" classname="org.springframework.context.annotation.ComponentScanAndImportAnnotationInteractionTests" time="0.01"/>
  <testcase name="componentScanViaImportUsingScan" classname="org.springframework.context.annotation.ComponentScanAndImportAnnotationInteractionTests" time="0.007"/>
  <testcase name="componentScanViaImportUsingAsm" classname="org.springframework.context.annotation.ComponentScanAndImportAnnotationInteractionTests" time="0.017"/>
  <testcase name="componentScanOverlapsWithImport" classname="org.springframework.context.annotation.ComponentScanAndImportAnnotationInteractionTests" time="0.005"/>
  <testcase name="componentScanOverlapsWithImportUsingAsm" classname="org.springframework.context.annotation.ComponentScanAndImportAnnotationInteractionTests" time="0.004"/>
  <system-out><![CDATA[]]></system-out>
  <system-err><![CDATA[]]></system-err>
</testsuite>
