<?xml version="1.0" encoding="UTF-8"?>
<testsuite name="org.springframework.cache.interceptor.CacheSyncFailureTests" tests="5" skipped="0" failures="0" errors="0" timestamp="2020-11-25T14:38:31" hostname="lichangbaodeMacBook-Pro.local" time="0.029">
  <properties/>
  <testcase name="syncWithTwoGetOperations" classname="org.springframework.cache.interceptor.CacheSyncFailureTests" time="0.01"/>
  <testcase name="unlessSync" classname="org.springframework.cache.interceptor.CacheSyncFailureTests" time="0.004"/>
  <testcase name="severalCachesWithResolvedSync" classname="org.springframework.cache.interceptor.CacheSyncFailureTests" time="0.005"/>
  <testcase name="severalCachesSync" classname="org.springframework.cache.interceptor.CacheSyncFailureTests" time="0.005"/>
  <testcase name="syncWithAnotherOperation" classname="org.springframework.cache.interceptor.CacheSyncFailureTests" time="0.005"/>
  <system-out><![CDATA[]]></system-out>
  <system-err><![CDATA[]]></system-err>
</testsuite>
