<?xml version="1.0" encoding="UTF-8"?>
<testsuite name="org.springframework.jmx.export.assembler.InterfaceBasedMBeanInfoAssemblerTests" tests="13" skipped="0" failures="0" errors="0" timestamp="2020-11-25T14:38:37" hostname="lichangbaodeMacBook-Pro.local" time="0.038">
  <properties/>
  <testcase name="testDescriptionNotNull" classname="org.springframework.jmx.export.assembler.InterfaceBasedMBeanInfoAssemblerTests" time="0.004"/>
  <testcase name="testGetMBeanAttributeInfo" classname="org.springframework.jmx.export.assembler.InterfaceBasedMBeanInfoAssemblerTests" time="0.003"/>
  <testcase name="testSetAttribute" classname="org.springframework.jmx.export.assembler.InterfaceBasedMBeanInfoAssemblerTests" time="0.003"/>
  <testcase name="testAttributeInfoHasDescriptors" classname="org.springframework.jmx.export.assembler.InterfaceBasedMBeanInfoAssemblerTests" time="0.003"/>
  <testcase name="testGetMBeanInfo" classname="org.springframework.jmx.export.assembler.InterfaceBasedMBeanInfoAssemblerTests" time="0.002"/>
  <testcase name="testGetMBeanOperationInfo" classname="org.springframework.jmx.export.assembler.InterfaceBasedMBeanInfoAssemblerTests" time="0.003"/>
  <testcase name="testRegisterOperations" classname="org.springframework.jmx.export.assembler.InterfaceBasedMBeanInfoAssemblerTests" time="0.003"/>
  <testcase name="testRegisterAttributes" classname="org.springframework.jmx.export.assembler.InterfaceBasedMBeanInfoAssemblerTests" time="0.003"/>
  <testcase name="testNotificationMetadata" classname="org.springframework.jmx.export.assembler.InterfaceBasedMBeanInfoAssemblerTests" time="0.003"/>
  <testcase name="testAttributeHasCorrespondingOperations" classname="org.springframework.jmx.export.assembler.InterfaceBasedMBeanInfoAssemblerTests" time="0.002"/>
  <testcase name="testMBeanRegistration" classname="org.springframework.jmx.export.assembler.InterfaceBasedMBeanInfoAssemblerTests" time="0.002"/>
  <testcase name="testGetAttribute" classname="org.springframework.jmx.export.assembler.InterfaceBasedMBeanInfoAssemblerTests" time="0.003"/>
  <testcase name="testOperationInvocation" classname="org.springframework.jmx.export.assembler.InterfaceBasedMBeanInfoAssemblerTests" time="0.003"/>
  <system-out><![CDATA[]]></system-out>
  <system-err><![CDATA[]]></system-err>
</testsuite>
