<?xml version="1.0" encoding="UTF-8"?>
<testsuite name="org.springframework.context.annotation.ClassPathFactoryBeanDefinitionScannerTests" tests="1" skipped="0" failures="0" errors="0" timestamp="2019-06-21T11:40:01" hostname="Macbook-Air.local" time="0.027">
  <properties/>
  <testcase name="testSingletonScopedFactoryMethod" classname="org.springframework.context.annotation.ClassPathFactoryBeanDefinitionScannerTests" time="0.027"/>
  <system-out><![CDATA[]]></system-out>
  <system-err><![CDATA[]]></system-err>
</testsuite>
