<?xml version="1.0" encoding="UTF-8"?>
<testsuite name="org.springframework.context.annotation.configuration.ImportResourceTests" tests="8" skipped="0" failures="0" errors="0" timestamp="2019-06-21T11:39:55" hostname="Macbook-Air.local" time="0.355">
  <properties/>
  <testcase name="importNonXmlResource" classname="org.springframework.context.annotation.configuration.ImportResourceTests" time="0.017"/>
  <testcase name="importXml" classname="org.springframework.context.annotation.configuration.ImportResourceTests" time="0.056"/>
  <testcase name="importWithPlaceholder" classname="org.springframework.context.annotation.configuration.ImportResourceTests" time="0.032"/>
  <testcase name="importXmlWithNamespaceConfig" classname="org.springframework.context.annotation.configuration.ImportResourceTests" time="0.074"/>
  <testcase name="importXmlWithAutowiredConfig" classname="org.springframework.context.annotation.configuration.ImportResourceTests" time="0.037"/>
  <testcase name="importXmlIsInheritedFromSuperclassDeclarations" classname="org.springframework.context.annotation.configuration.ImportResourceTests" time="0.039"/>
  <testcase name="importXmlIsMergedFromSuperclassDeclarations" classname="org.springframework.context.annotation.configuration.ImportResourceTests" time="0.042"/>
  <testcase name="importXmlWithOtherConfigurationClass" classname="org.springframework.context.annotation.configuration.ImportResourceTests" time="0.053"/>
  <system-out><![CDATA[]]></system-out>
  <system-err><![CDATA[]]></system-err>
</testsuite>
