<?xml version="1.0" encoding="UTF-8"?>
<testsuite name="org.springframework.context.annotation.AnnotationConfigApplicationContextExtensionsTests" tests="1" skipped="0" failures="0" errors="0" timestamp="2019-06-21T11:41:00" hostname="Macbook-Air.local" time="0.015">
  <properties/>
  <testcase name="Instantiate AnnotationConfigApplicationContext" classname="org.springframework.context.annotation.AnnotationConfigApplicationContextExtensionsTests" time="0.015"/>
  <system-out><![CDATA[]]></system-out>
  <system-err><![CDATA[]]></system-err>
</testsuite>
