<?xml version="1.0" encoding="UTF-8"?>
<testsuite name="org.springframework.validation.beanvalidation.MethodValidationTests" tests="4" skipped="0" failures="0" errors="0" timestamp="2020-11-25T14:38:42" hostname="lichangbaodeMacBook-Pro.local" time="0.061">
  <properties/>
  <testcase name="testLazyValidatorForMethodValidation" classname="org.springframework.validation.beanvalidation.MethodValidationTests" time="0.024"/>
  <testcase name="testMethodValidationInterceptor" classname="org.springframework.validation.beanvalidation.MethodValidationTests" time="0.008"/>
  <testcase name="testLazyValidatorForMethodValidationWithProxyTargetClass" classname="org.springframework.validation.beanvalidation.MethodValidationTests" time="0.021"/>
  <testcase name="testMethodValidationPostProcessor" classname="org.springframework.validation.beanvalidation.MethodValidationTests" time="0.008"/>
  <system-out><![CDATA[]]></system-out>
  <system-err><![CDATA[]]></system-err>
</testsuite>
