<?xml version="1.0" encoding="UTF-8"?>
<testsuite name="org.springframework.scheduling.config.ExecutorBeanDefinitionParserTests" tests="11" skipped="0" failures="0" errors="0" timestamp="2019-06-21T11:40:38" hostname="Macbook-Air.local" time="0.168">
  <properties/>
  <testcase name="propertyPlaceholderWithInvalidPoolSize" classname="org.springframework.scheduling.config.ExecutorBeanDefinitionParserTests" time="0.035"/>
  <testcase name="threadNamePrefix" classname="org.springframework.scheduling.config.ExecutorBeanDefinitionParserTests" time="0.013"/>
  <testcase name="rangeWithUnboundedQueue" classname="org.springframework.scheduling.config.ExecutorBeanDefinitionParserTests" time="0.015"/>
  <testcase name="invalidPoolSize" classname="org.springframework.scheduling.config.ExecutorBeanDefinitionParserTests" time="0.013"/>
  <testcase name="defaultExecutor" classname="org.springframework.scheduling.config.ExecutorBeanDefinitionParserTests" time="0.014"/>
  <testcase name="propertyPlaceholderWithRange" classname="org.springframework.scheduling.config.ExecutorBeanDefinitionParserTests" time="0.017"/>
  <testcase name="typeCheck" classname="org.springframework.scheduling.config.ExecutorBeanDefinitionParserTests" time="0.012"/>
  <testcase name="propertyPlaceholderWithSingleSize" classname="org.springframework.scheduling.config.ExecutorBeanDefinitionParserTests" time="0.012"/>
  <testcase name="singleSize" classname="org.springframework.scheduling.config.ExecutorBeanDefinitionParserTests" time="0.01"/>
  <testcase name="propertyPlaceholderWithRangeAndCoreThreadTimeout" classname="org.springframework.scheduling.config.ExecutorBeanDefinitionParserTests" time="0.013"/>
  <testcase name="rangeWithBoundedQueue" classname="org.springframework.scheduling.config.ExecutorBeanDefinitionParserTests" time="0.012"/>
  <system-out><![CDATA[]]></system-out>
  <system-err><![CDATA[]]></system-err>
</testsuite>
