<?xml version="1.0" encoding="UTF-8"?>
<testsuite name="org.springframework.context.annotation.Spr6602Tests" tests="2" skipped="0" failures="0" errors="0" timestamp="2019-06-21T11:40:02" hostname="Macbook-Air.local" time="0.033">
  <properties/>
  <testcase name="testXmlBehavior" classname="org.springframework.context.annotation.Spr6602Tests" time="0.02"/>
  <testcase name="testConfigurationClassBehavior" classname="org.springframework.context.annotation.Spr6602Tests" time="0.013"/>
  <system-out><![CDATA[]]></system-out>
  <system-err><![CDATA[]]></system-err>
</testsuite>
