<?xml version="1.0" encoding="UTF-8"?>
<testsuite name="org.springframework.aop.config.AopNamespaceHandlerAdviceTypeTests" tests="2" skipped="0" failures="0" errors="0" timestamp="2019-06-21T11:40:50" hostname="Macbook-Air.local" time="0.062">
  <properties/>
  <testcase name="testParsingOfAdviceTypes" classname="org.springframework.aop.config.AopNamespaceHandlerAdviceTypeTests" time="0.041"/>
  <testcase name="testParsingOfAdviceTypesWithError" classname="org.springframework.aop.config.AopNamespaceHandlerAdviceTypeTests" time="0.02"/>
  <system-out><![CDATA[]]></system-out>
  <system-err><![CDATA[]]></system-err>
</testsuite>
