<?xml version="1.0" encoding="UTF-8"?>
<testsuite name="org.springframework.context.annotation.NestedConfigurationClassTests" tests="8" skipped="0" failures="0" errors="0" timestamp="2019-06-21T11:40:05" hostname="Macbook-Air.local" time="0.123">
  <properties/>
  <testcase name="twoLevelsWithNoBeanMethods" classname="org.springframework.context.annotation.NestedConfigurationClassTests" time="0.012"/>
  <testcase name="twoLevelsDeepWithInheritanceThroughImport" classname="org.springframework.context.annotation.NestedConfigurationClassTests" time="0.03"/>
  <testcase name="twoLevelsDeep" classname="org.springframework.context.annotation.NestedConfigurationClassTests" time="0.008"/>
  <testcase name="oneLevelDeep" classname="org.springframework.context.annotation.NestedConfigurationClassTests" time="0.007"/>
  <testcase name="twoLevelsDeepWithInheritance" classname="org.springframework.context.annotation.NestedConfigurationClassTests" time="0.007"/>
  <testcase name="twoLevelsInLiteMode" classname="org.springframework.context.annotation.NestedConfigurationClassTests" time="0.011"/>
  <testcase name="twoLevelsDeepWithInheritanceAndScopedProxy" classname="org.springframework.context.annotation.NestedConfigurationClassTests" time="0.032"/>
  <testcase name="twoLevelsOnNonAnnotatedBaseClass" classname="org.springframework.context.annotation.NestedConfigurationClassTests" time="0.015"/>
  <system-out><![CDATA[]]></system-out>
  <system-err><![CDATA[]]></system-err>
</testsuite>
