<?xml version="1.0" encoding="UTF-8"?>
<testsuite name="org.springframework.context.annotation.configuration.spr9031.Spr9031Tests" tests="2" skipped="0" failures="0" errors="0" timestamp="2020-11-25T14:38:14" hostname="lichangbaodeMacBook-Pro.local" time="0.015">
  <properties/>
  <testcase name="withoutAsmAnnotationProcessing" classname="org.springframework.context.annotation.configuration.spr9031.Spr9031Tests" time="0.01"/>
  <testcase name="withAsmAnnotationProcessing" classname="org.springframework.context.annotation.configuration.spr9031.Spr9031Tests" time="0.005"/>
  <system-out><![CDATA[]]></system-out>
  <system-err><![CDATA[]]></system-err>
</testsuite>
