<?xml version="1.0" encoding="UTF-8"?>
<testsuite name="org.springframework.cache.config.AnnotationNamespaceDrivenTests" tests="63" skipped="0" failures="0" errors="0" timestamp="2019-06-21T11:40:35" hostname="Macbook-Air.local" time="1.484">
  <properties/>
  <testcase name="bothSetOnlyResolverIsUsed" classname="org.springframework.cache.config.AnnotationNamespaceDrivenTests" time="0.051"/>
  <testcase name="testKeyStrategy" classname="org.springframework.cache.config.AnnotationNamespaceDrivenTests" time="0.022"/>
  <testcase name="testCacheErrorHandler" classname="org.springframework.cache.config.AnnotationNamespaceDrivenTests" time="0.02"/>
  <testcase name="cacheResolver" classname="org.springframework.cache.config.AnnotationNamespaceDrivenTests" time="0.03"/>
  <testcase name="testMultiConditionalCacheAndEvict" classname="org.springframework.cache.config.AnnotationNamespaceDrivenTests" time="0.033"/>
  <testcase name="testClassCheckedExceptionSync" classname="org.springframework.cache.config.AnnotationNamespaceDrivenTests" time="0.021"/>
  <testcase name="testKeyExpression" classname="org.springframework.cache.config.AnnotationNamespaceDrivenTests" time="0.019"/>
  <testcase name="testConditionalUpdate" classname="org.springframework.cache.config.AnnotationNamespaceDrivenTests" time="0.021"/>
  <testcase name="testClassMultiCacheAndEvict" classname="org.springframework.cache.config.AnnotationNamespaceDrivenTests" time="0.026"/>
  <testcase name="testCacheableSyncNull" classname="org.springframework.cache.config.AnnotationNamespaceDrivenTests" time="0.024"/>
  <testcase name="testUnknownCustomKeyGenerator" classname="org.springframework.cache.config.AnnotationNamespaceDrivenTests" time="0.02"/>
  <testcase name="testClassRootVars" classname="org.springframework.cache.config.AnnotationNamespaceDrivenTests" time="0.024"/>
  <testcase name="testMethodName" classname="org.springframework.cache.config.AnnotationNamespaceDrivenTests" time="0.023"/>
  <testcase name="testEvictWithException" classname="org.springframework.cache.config.AnnotationNamespaceDrivenTests" time="0.022"/>
  <testcase name="testClassUpdate" classname="org.springframework.cache.config.AnnotationNamespaceDrivenTests" time="0.022"/>
  <testcase name="testClassEarlyInvalidate" classname="org.springframework.cache.config.AnnotationNamespaceDrivenTests" time="0.019"/>
  <testcase name="testCustomCacheManager" classname="org.springframework.cache.config.AnnotationNamespaceDrivenTests" time="0.022"/>
  <testcase name="testCheckedExceptionSync" classname="org.springframework.cache.config.AnnotationNamespaceDrivenTests" time="0.024"/>
  <testcase name="testClassNullArg" classname="org.springframework.cache.config.AnnotationNamespaceDrivenTests" time="0.023"/>
  <testcase name="testClassEvictAll" classname="org.springframework.cache.config.AnnotationNamespaceDrivenTests" time="0.02"/>
  <testcase name="testPutRefersToResult" classname="org.springframework.cache.config.AnnotationNamespaceDrivenTests" time="0.019"/>
  <testcase name="testClassCacheUnlessExpression" classname="org.springframework.cache.config.AnnotationNamespaceDrivenTests" time="0.025"/>
  <testcase name="testConditionalExpressionSync" classname="org.springframework.cache.config.AnnotationNamespaceDrivenTests" time="0.025"/>
  <testcase name="testClassConditionalUpdate" classname="org.springframework.cache.config.AnnotationNamespaceDrivenTests" time="0.026"/>
  <testcase name="testConditionalExpression" classname="org.springframework.cache.config.AnnotationNamespaceDrivenTests" time="0.02"/>
  <testcase name="testClassMultiPut" classname="org.springframework.cache.config.AnnotationNamespaceDrivenTests" time="0.022"/>
  <testcase name="testInvalidateWithKey" classname="org.springframework.cache.config.AnnotationNamespaceDrivenTests" time="0.026"/>
  <testcase name="testEarlyInvalidate" classname="org.springframework.cache.config.AnnotationNamespaceDrivenTests" time="0.024"/>
  <testcase name="testClassUncheckedException" classname="org.springframework.cache.config.AnnotationNamespaceDrivenTests" time="0.021"/>
  <testcase name="testClassNullValue" classname="org.springframework.cache.config.AnnotationNamespaceDrivenTests" time="0.023"/>
  <testcase name="testEarlyInvalidateWithKey" classname="org.springframework.cache.config.AnnotationNamespaceDrivenTests" time="0.025"/>
  <testcase name="testClassEarlyInvalidateWithKey" classname="org.springframework.cache.config.AnnotationNamespaceDrivenTests" time="0.023"/>
  <testcase name="testUncheckedExceptionSync" classname="org.springframework.cache.config.AnnotationNamespaceDrivenTests" time="0.024"/>
  <testcase name="testClassUncheckedExceptionSync" classname="org.springframework.cache.config.AnnotationNamespaceDrivenTests" time="0.021"/>
  <testcase name="testClassCacheCacheable" classname="org.springframework.cache.config.AnnotationNamespaceDrivenTests" time="0.02"/>
  <testcase name="testClassMethodName" classname="org.springframework.cache.config.AnnotationNamespaceDrivenTests" time="0.029"/>
  <testcase name="testCustomKeyGenerator" classname="org.springframework.cache.config.AnnotationNamespaceDrivenTests" time="0.022"/>
  <testcase name="testCacheable" classname="org.springframework.cache.config.AnnotationNamespaceDrivenTests" time="0.021"/>
  <testcase name="testCheckedException" classname="org.springframework.cache.config.AnnotationNamespaceDrivenTests" time="0.022"/>
  <testcase name="testClassPutRefersToResult" classname="org.springframework.cache.config.AnnotationNamespaceDrivenTests" time="0.02"/>
  <testcase name="testVarArgsKey" classname="org.springframework.cache.config.AnnotationNamespaceDrivenTests" time="0.026"/>
  <testcase name="testMultiCache" classname="org.springframework.cache.config.AnnotationNamespaceDrivenTests" time="0.022"/>
  <testcase name="testMultiEvict" classname="org.springframework.cache.config.AnnotationNamespaceDrivenTests" time="0.033"/>
  <testcase name="testMultiCacheAndEvict" classname="org.springframework.cache.config.AnnotationNamespaceDrivenTests" time="0.029"/>
  <testcase name="testRootVars" classname="org.springframework.cache.config.AnnotationNamespaceDrivenTests" time="0.038"/>
  <testcase name="testClassMultiConditionalCacheAndEvict" classname="org.springframework.cache.config.AnnotationNamespaceDrivenTests" time="0.022"/>
  <testcase name="testClassCacheInvalidateWKey" classname="org.springframework.cache.config.AnnotationNamespaceDrivenTests" time="0.023"/>
  <testcase name="testClassEvictWithException" classname="org.springframework.cache.config.AnnotationNamespaceDrivenTests" time="0.023"/>
  <testcase name="testClassCheckedException" classname="org.springframework.cache.config.AnnotationNamespaceDrivenTests" time="0.017"/>
  <testcase name="testUnlessExpression" classname="org.springframework.cache.config.AnnotationNamespaceDrivenTests" time="0.021"/>
  <testcase name="testEvictAll" classname="org.springframework.cache.config.AnnotationNamespaceDrivenTests" time="0.023"/>
  <testcase name="testCacheableNull" classname="org.springframework.cache.config.AnnotationNamespaceDrivenTests" time="0.021"/>
  <testcase name="testCacheableSync" classname="org.springframework.cache.config.AnnotationNamespaceDrivenTests" time="0.026"/>
  <testcase name="testClassCacheInvalidate" classname="org.springframework.cache.config.AnnotationNamespaceDrivenTests" time="0.02"/>
  <testcase name="testMultiPut" classname="org.springframework.cache.config.AnnotationNamespaceDrivenTests" time="0.022"/>
  <testcase name="testUnknownCustomCacheManager" classname="org.springframework.cache.config.AnnotationNamespaceDrivenTests" time="0.024"/>
  <testcase name="testUncheckedException" classname="org.springframework.cache.config.AnnotationNamespaceDrivenTests" time="0.021"/>
  <testcase name="testNullValue" classname="org.springframework.cache.config.AnnotationNamespaceDrivenTests" time="0.018"/>
  <testcase name="testInvalidate" classname="org.springframework.cache.config.AnnotationNamespaceDrivenTests" time="0.017"/>
  <testcase name="testUpdate" classname="org.springframework.cache.config.AnnotationNamespaceDrivenTests" time="0.021"/>
  <testcase name="testNullArg" classname="org.springframework.cache.config.AnnotationNamespaceDrivenTests" time="0.021"/>
  <testcase name="testClassMultiCache" classname="org.springframework.cache.config.AnnotationNamespaceDrivenTests" time="0.026"/>
  <testcase name="testClassMultiEvict" classname="org.springframework.cache.config.AnnotationNamespaceDrivenTests" time="0.019"/>
  <system-out><![CDATA[]]></system-out>
  <system-err><![CDATA[]]></system-err>
</testsuite>
