<?xml version="1.0" encoding="UTF-8"?>
<testsuite name="org.springframework.context.annotation.NestedConfigurationClassTests" tests="8" skipped="0" failures="0" errors="0" timestamp="2020-11-25T14:38:16" hostname="lichangbaodeMacBook-Pro.local" time="0.049">
  <properties/>
  <testcase name="twoLevelsWithNoBeanMethods" classname="org.springframework.context.annotation.NestedConfigurationClassTests" time="0.005"/>
  <testcase name="twoLevelsDeepWithInheritanceThroughImport" classname="org.springframework.context.annotation.NestedConfigurationClassTests" time="0.012"/>
  <testcase name="twoLevelsDeep" classname="org.springframework.context.annotation.NestedConfigurationClassTests" time="0.005"/>
  <testcase name="oneLevelDeep" classname="org.springframework.context.annotation.NestedConfigurationClassTests" time="0.002"/>
  <testcase name="twoLevelsDeepWithInheritance" classname="org.springframework.context.annotation.NestedConfigurationClassTests" time="0.004"/>
  <testcase name="twoLevelsInLiteMode" classname="org.springframework.context.annotation.NestedConfigurationClassTests" time="0.004"/>
  <testcase name="twoLevelsDeepWithInheritanceAndScopedProxy" classname="org.springframework.context.annotation.NestedConfigurationClassTests" time="0.012"/>
  <testcase name="twoLevelsOnNonAnnotatedBaseClass" classname="org.springframework.context.annotation.NestedConfigurationClassTests" time="0.005"/>
  <system-out><![CDATA[]]></system-out>
  <system-err><![CDATA[]]></system-err>
</testsuite>
