<?xml version="1.0" encoding="UTF-8"?>
<testsuite name="org.springframework.cache.config.EnableCachingIntegrationTests" tests="4" skipped="0" failures="0" errors="0" timestamp="2019-06-21T11:40:37" hostname="Macbook-Air.local" time="0.093">
  <properties/>
  <testcase name="beanConditionOff" classname="org.springframework.cache.config.EnableCachingIntegrationTests" time="0.047"/>
  <testcase name="beanConditionOn" classname="org.springframework.cache.config.EnableCachingIntegrationTests" time="0.01"/>
  <testcase name="fooServiceWithInterfaceCglib" classname="org.springframework.cache.config.EnableCachingIntegrationTests" time="0.027"/>
  <testcase name="fooServiceWithInterface" classname="org.springframework.cache.config.EnableCachingIntegrationTests" time="0.009"/>
  <system-out><![CDATA[]]></system-out>
  <system-err><![CDATA[]]></system-err>
</testsuite>
