<?xml version="1.0" encoding="UTF-8"?>
<testsuite name="org.springframework.context.event.ApplicationContextEventTests" tests="28" skipped="0" failures="0" errors="0" timestamp="2019-06-21T11:40:18" hostname="Macbook-Air.local" time="0.202">
  <properties/>
  <testcase name="nonSingletonListenerInApplicationContext" classname="org.springframework.context.event.ApplicationContextEventTests" time="0.003"/>
  <testcase name="orderedListenersWithAnnotation" classname="org.springframework.context.event.ApplicationContextEventTests" time="0.006"/>
  <testcase name="lambdaAsListenerWithJava9StyleClassCastMessage" classname="org.springframework.context.event.ApplicationContextEventTests" time="0.001"/>
  <testcase name="multicastSimpleEvent" classname="org.springframework.context.event.ApplicationContextEventTests" time="0.008"/>
  <testcase name="listenerAndBroadcasterWithCircularReference" classname="org.springframework.context.event.ApplicationContextEventTests" time="0.002"/>
  <testcase name="innerBeanAsListener" classname="org.springframework.context.event.ApplicationContextEventTests" time="0.003"/>
  <testcase name="lambdaAsListenerWithErrorHandler" classname="org.springframework.context.event.ApplicationContextEventTests" time="0.003"/>
  <testcase name="multicastSmartGenericWrongTypeGenericListener" classname="org.springframework.context.event.ApplicationContextEventTests" time="0.001"/>
  <testcase name="simpleApplicationEventMulticasterWithTaskExecutor" classname="org.springframework.context.event.ApplicationContextEventTests" time="0.005"/>
  <testcase name="multicastConcreteTypeGenericListener" classname="org.springframework.context.event.ApplicationContextEventTests" time="0.003"/>
  <testcase name="beanPostProcessorPublishesEvents" classname="org.springframework.context.event.ApplicationContextEventTests" time="0.003"/>
  <testcase name="multicastConcreteWrongTypeGenericListener" classname="org.springframework.context.event.ApplicationContextEventTests" time="0.001"/>
  <testcase name="orderedListeners" classname="org.springframework.context.event.ApplicationContextEventTests" time="0.023"/>
  <testcase name="multicastGenericEvent" classname="org.springframework.context.event.ApplicationContextEventTests" time="0.001"/>
  <testcase name="proxiedListeners" classname="org.springframework.context.event.ApplicationContextEventTests" time="0.007"/>
  <testcase name="simpleApplicationEventMulticasterWithErrorHandler" classname="org.springframework.context.event.ApplicationContextEventTests" time="0.017"/>
  <testcase name="multicastSmartGenericTypeGenericListener" classname="org.springframework.context.event.ApplicationContextEventTests" time="0.001"/>
  <testcase name="lambdaAsListenerWithJava8StyleClassCastMessage" classname="org.springframework.context.event.ApplicationContextEventTests" time="0.001"/>
  <testcase name="anonymousClassAsListener" classname="org.springframework.context.event.ApplicationContextEventTests" time="0.003"/>
  <testcase name="lambdaAsListener" classname="org.springframework.context.event.ApplicationContextEventTests" time="0.001"/>
  <testcase name="proxiedListenersMixedWithTargetListeners" classname="org.springframework.context.event.ApplicationContextEventTests" time="0.001"/>
  <testcase name="testEventPublicationInterceptor" classname="org.springframework.context.event.ApplicationContextEventTests" time="0.065"/>
  <testcase name="multicastGenericEventWrongType" classname="org.springframework.context.event.ApplicationContextEventTests" time="0.0"/>
  <testcase name="simpleApplicationEventMulticasterWithException" classname="org.springframework.context.event.ApplicationContextEventTests" time="0.002"/>
  <testcase name="listenersInApplicationContext" classname="org.springframework.context.event.ApplicationContextEventTests" time="0.001"/>
  <testcase name="listenersInApplicationContextWithPayloadEvents" classname="org.springframework.context.event.ApplicationContextEventTests" time="0.001"/>
  <testcase name="multicastGenericEventWildcardSubType" classname="org.springframework.context.event.ApplicationContextEventTests" time="0.001"/>
  <testcase name="listenersInApplicationContextWithNestedChild" classname="org.springframework.context.event.ApplicationContextEventTests" time="0.033"/>
  <system-out><![CDATA[19:40:18.384 [Test worker] ERROR o.s.s.s.TaskUtils$LoggingErrorHandler - Unexpected error occurred in scheduled task.
java.lang.RuntimeException: null
	at org.springframework.context.event.SimpleApplicationEventMulticaster.doInvokeListener(SimpleApplicationEventMulticaster.java:172) ~[main/:?]
	at org.springframework.context.event.SimpleApplicationEventMulticaster.invokeListener(SimpleApplicationEventMulticaster.java:158) [main/:?]
	at org.springframework.context.event.SimpleApplicationEventMulticaster.multicastEvent(SimpleApplicationEventMulticaster.java:139) [main/:?]
	at org.springframework.context.event.SimpleApplicationEventMulticaster.multicastEvent(SimpleApplicationEventMulticaster.java:127) [main/:?]
	at org.springframework.context.event.ApplicationContextEventTests.simpleApplicationEventMulticasterWithErrorHandler(ApplicationContextEventTests.java:180) [test/:?]
	at sun.reflect.NativeMethodAccessorImpl.invoke0(Native Method) ~[?:1.8.0_144]
	at sun.reflect.NativeMethodAccessorImpl.invoke(NativeMethodAccessorImpl.java:62) ~[?:1.8.0_144]
	at sun.reflect.DelegatingMethodAccessorImpl.invoke(DelegatingMethodAccessorImpl.java:43) ~[?:1.8.0_144]
	at java.lang.reflect.Method.invoke(Method.java:498) ~[?:1.8.0_144]
	at org.junit.runners.model.FrameworkMethod$1.runReflectiveCall(FrameworkMethod.java:59) [junit-4.13-beta-3.jar:4.13-beta-3]
	at org.junit.internal.runners.model.ReflectiveCallable.run(ReflectiveCallable.java:12) [junit-4.13-beta-3.jar:4.13-beta-3]
	at org.junit.runners.model.FrameworkMethod.invokeExplosively(FrameworkMethod.java:56) [junit-4.13-beta-3.jar:4.13-beta-3]
	at org.junit.internal.runners.statements.InvokeMethod.evaluate(InvokeMethod.java:17) [junit-4.13-beta-3.jar:4.13-beta-3]
	at org.junit.runners.ParentRunner$3.evaluate(ParentRunner.java:305) [junit-4.13-beta-3.jar:4.13-beta-3]
	at org.junit.runners.BlockJUnit4ClassRunner$1.evaluate(BlockJUnit4ClassRunner.java:100) [junit-4.13-beta-3.jar:4.13-beta-3]
	at org.junit.runners.ParentRunner.runLeaf(ParentRunner.java:365) [junit-4.13-beta-3.jar:4.13-beta-3]
	at org.junit.runners.BlockJUnit4ClassRunner.runChild(BlockJUnit4ClassRunner.java:103) [junit-4.13-beta-3.jar:4.13-beta-3]
	at org.junit.runners.BlockJUnit4ClassRunner.runChild(BlockJUnit4ClassRunner.java:63) [junit-4.13-beta-3.jar:4.13-beta-3]
	at org.junit.runners.ParentRunner$4.run(ParentRunner.java:330) [junit-4.13-beta-3.jar:4.13-beta-3]
	at org.junit.runners.ParentRunner$1.schedule(ParentRunner.java:78) [junit-4.13-beta-3.jar:4.13-beta-3]
	at org.junit.runners.ParentRunner.runChildren(ParentRunner.java:328) [junit-4.13-beta-3.jar:4.13-beta-3]
	at org.junit.runners.ParentRunner.access$100(ParentRunner.java:65) [junit-4.13-beta-3.jar:4.13-beta-3]
	at org.junit.runners.ParentRunner$2.evaluate(ParentRunner.java:292) [junit-4.13-beta-3.jar:4.13-beta-3]
	at org.junit.runners.ParentRunner$3.evaluate(ParentRunner.java:305) [junit-4.13-beta-3.jar:4.13-beta-3]
	at org.junit.runners.ParentRunner.run(ParentRunner.java:412) [junit-4.13-beta-3.jar:4.13-beta-3]
	at org.gradle.api.internal.tasks.testing.junit.JUnitTestClassExecutor.runTestClass(JUnitTestClassExecutor.java:110) [gradle-testing-jvm-5.0.jar:5.0]
	at org.gradle.api.internal.tasks.testing.junit.JUnitTestClassExecutor.execute(JUnitTestClassExecutor.java:58) [gradle-testing-jvm-5.0.jar:5.0]
	at org.gradle.api.internal.tasks.testing.junit.JUnitTestClassExecutor.execute(JUnitTestClassExecutor.java:38) [gradle-testing-jvm-5.0.jar:5.0]
	at org.gradle.api.internal.tasks.testing.junit.AbstractJUnitTestClassProcessor.processTestClass(AbstractJUnitTestClassProcessor.java:66) [gradle-testing-jvm-5.0.jar:5.0]
	at org.gradle.api.internal.tasks.testing.SuiteTestClassProcessor.processTestClass(SuiteTestClassProcessor.java:51) [gradle-testing-base-5.0.jar:5.0]
	at sun.reflect.GeneratedMethodAccessor58.invoke(Unknown Source) ~[?:?]
	at sun.reflect.DelegatingMethodAccessorImpl.invoke(DelegatingMethodAccessorImpl.java:43) ~[?:1.8.0_144]
	at java.lang.reflect.Method.invoke(Method.java:498) ~[?:1.8.0_144]
	at org.gradle.internal.dispatch.ReflectionDispatch.dispatch(ReflectionDispatch.java:35) [gradle-messaging-5.0.jar:5.0]
	at org.gradle.internal.dispatch.ReflectionDispatch.dispatch(ReflectionDispatch.java:24) [gradle-messaging-5.0.jar:5.0]
	at org.gradle.internal.dispatch.ContextClassLoaderDispatch.dispatch(ContextClassLoaderDispatch.java:32) [gradle-messaging-5.0.jar:5.0]
	at org.gradle.internal.dispatch.ProxyDispatchAdapter$DispatchingInvocationHandler.invoke(ProxyDispatchAdapter.java:93) [gradle-messaging-5.0.jar:5.0]
	at com.sun.proxy.$Proxy2.processTestClass(Unknown Source) [?:?]
	at org.gradle.api.internal.tasks.testing.worker.TestWorker.processTestClass(TestWorker.java:118) [gradle-testing-base-5.0.jar:5.0]
	at sun.reflect.GeneratedMethodAccessor57.invoke(Unknown Source) ~[?:?]
	at sun.reflect.DelegatingMethodAccessorImpl.invoke(DelegatingMethodAccessorImpl.java:43) ~[?:1.8.0_144]
	at java.lang.reflect.Method.invoke(Method.java:498) ~[?:1.8.0_144]
	at org.gradle.internal.dispatch.ReflectionDispatch.dispatch(ReflectionDispatch.java:35) [gradle-messaging-5.0.jar:5.0]
	at org.gradle.internal.dispatch.ReflectionDispatch.dispatch(ReflectionDispatch.java:24) [gradle-messaging-5.0.jar:5.0]
	at org.gradle.internal.remote.internal.hub.MessageHubBackedObjectConnection$DispatchWrapper.dispatch(MessageHubBackedObjectConnection.java:175) [gradle-messaging-5.0.jar:5.0]
	at org.gradle.internal.remote.internal.hub.MessageHubBackedObjectConnection$DispatchWrapper.dispatch(MessageHubBackedObjectConnection.java:157) [gradle-messaging-5.0.jar:5.0]
	at org.gradle.internal.remote.internal.hub.MessageHub$Handler.run(MessageHub.java:404) [gradle-messaging-5.0.jar:5.0]
	at org.gradle.internal.concurrent.ExecutorPolicy$CatchAndRecordFailures.onExecute(ExecutorPolicy.java:63) [gradle-base-services-5.0.jar:5.0]
	at org.gradle.internal.concurrent.ManagedExecutorImpl$1.run(ManagedExecutorImpl.java:46) [gradle-base-services-5.0.jar:5.0]
	at java.util.concurrent.ThreadPoolExecutor.runWorker(ThreadPoolExecutor.java:1149) [?:1.8.0_144]
	at java.util.concurrent.ThreadPoolExecutor$Worker.run(ThreadPoolExecutor.java:624) [?:1.8.0_144]
	at org.gradle.internal.concurrent.ThreadFactoryImpl$ManagedThreadRunnable.run(ThreadFactoryImpl.java:55) [gradle-base-services-5.0.jar:5.0]
	at java.lang.Thread.run(Thread.java:748) [?:1.8.0_144]
]]></system-out>
  <system-err><![CDATA[]]></system-err>
</testsuite>
