<?xml version="1.0" encoding="UTF-8"?>
<testsuite name="org.springframework.aop.aspectj.generic.GenericParameterMatchingTests" tests="3" skipped="0" failures="0" errors="0" timestamp="2020-11-25T14:38:40" hostname="lichangbaodeMacBook-Pro.local" time="0.035">
  <properties/>
  <testcase name="testGenericInterfaceSubtypeGenericCollectionArgExecution" classname="org.springframework.aop.aspectj.generic.GenericParameterMatchingTests" time="0.015"/>
  <testcase name="testGenericInterfaceGenericArgExecution" classname="org.springframework.aop.aspectj.generic.GenericParameterMatchingTests" time="0.01"/>
  <testcase name="testGenericInterfaceGenericCollectionArgExecution" classname="org.springframework.aop.aspectj.generic.GenericParameterMatchingTests" time="0.01"/>
  <system-out><![CDATA[]]></system-out>
  <system-err><![CDATA[]]></system-err>
</testsuite>
