<?xml version="1.0" encoding="UTF-8"?>
<testsuite name="org.springframework.context.annotation.AsmCircularImportDetectionTests" tests="2" skipped="0" failures="0" errors="0" timestamp="2019-06-21T11:40:05" hostname="Macbook-Air.local" time="0.008">
  <properties/>
  <testcase name="complexCircularImportIsDetected" classname="org.springframework.context.annotation.AsmCircularImportDetectionTests" time="0.005"/>
  <testcase name="simpleCircularImportIsDetected" classname="org.springframework.context.annotation.AsmCircularImportDetectionTests" time="0.003"/>
  <system-out><![CDATA[]]></system-out>
  <system-err><![CDATA[]]></system-err>
</testsuite>
