<?xml version="1.0" encoding="UTF-8"?>
<testsuite name="org.springframework.context.groovy.GroovyBeanDefinitionReaderTests" tests="36" skipped="0" failures="0" errors="0" timestamp="2019-06-21T11:41:01" hostname="Macbook-Air.local" time="1.22">
  <properties/>
  <testcase name="importSpringXml" classname="org.springframework.context.groovy.GroovyBeanDefinitionReaderTests" time="0.026"/>
  <testcase name="abstractBeanDefinition" classname="org.springframework.context.groovy.GroovyBeanDefinitionReaderTests" time="0.038"/>
  <testcase name="loadExternalBeansWithExplicitRefresh" classname="org.springframework.context.groovy.GroovyBeanDefinitionReaderTests" time="0.053"/>
  <testcase name="beanWithFactoryBean" classname="org.springframework.context.groovy.GroovyBeanDefinitionReaderTests" time="0.023"/>
  <testcase name="useSpringNamespaceAsMethod" classname="org.springframework.context.groovy.GroovyBeanDefinitionReaderTests" time="0.337"/>
  <testcase name="simpleBean" classname="org.springframework.context.groovy.GroovyBeanDefinitionReaderTests" time="0.019"/>
  <testcase name="registerBeans" classname="org.springframework.context.groovy.GroovyBeanDefinitionReaderTests" time="0.016"/>
  <testcase name="namedArgumentConstructor" classname="org.springframework.context.groovy.GroovyBeanDefinitionReaderTests" time="0.006"/>
  <testcase name="scopes" classname="org.springframework.context.groovy.GroovyBeanDefinitionReaderTests" time="0.034"/>
  <testcase name="beanWithParentRef" classname="org.springframework.context.groovy.GroovyBeanDefinitionReaderTests" time="0.028"/>
  <testcase name="beanWithFactoryMethodWithConstructorArgs" classname="org.springframework.context.groovy.GroovyBeanDefinitionReaderTests" time="0.024"/>
  <testcase name="importBeansFromGroovy" classname="org.springframework.context.groovy.GroovyBeanDefinitionReaderTests" time="0.022"/>
  <testcase name="useTwoSpringNamespaces" classname="org.springframework.context.groovy.GroovyBeanDefinitionReaderTests" time="0.084"/>
  <testcase name="anonymousInnerBeanViaBeanMethod" classname="org.springframework.context.groovy.GroovyBeanDefinitionReaderTests" time="0.021"/>
  <testcase name="withAnonymousInnerBean" classname="org.springframework.context.groovy.GroovyBeanDefinitionReaderTests" time="0.03"/>
  <testcase name="springAopSupport" classname="org.springframework.context.groovy.GroovyBeanDefinitionReaderTests" time="0.036"/>
  <testcase name="anonymousInnerBeanViaBeanMethodWithConstructorArgs" classname="org.springframework.context.groovy.GroovyBeanDefinitionReaderTests" time="0.032"/>
  <testcase name="inheritPropertiesFromAbstractBean" classname="org.springframework.context.groovy.GroovyBeanDefinitionReaderTests" time="0.019"/>
  <testcase name="groovyBeanDefinitionReaderWithScript" classname="org.springframework.context.groovy.GroovyBeanDefinitionReaderTests" time="0.089"/>
  <testcase name="withUntypedAnonymousInnerBean" classname="org.springframework.context.groovy.GroovyBeanDefinitionReaderTests" time="0.029"/>
  <testcase name="listOfBeansAsConstructorArg" classname="org.springframework.context.groovy.GroovyBeanDefinitionReaderTests" time="0.013"/>
  <testcase name="singletonPropertyOnBeanDefinition" classname="org.springframework.context.groovy.GroovyBeanDefinitionReaderTests" time="0.015"/>
  <testcase name="getBeanDefinitions" classname="org.springframework.context.groovy.GroovyBeanDefinitionReaderTests" time="0.017"/>
  <testcase name="beanWithConstructor" classname="org.springframework.context.groovy.GroovyBeanDefinitionReaderTests" time="0.014"/>
  <testcase name="beanReferences" classname="org.springframework.context.groovy.GroovyBeanDefinitionReaderTests" time="0.022"/>
  <testcase name="beanWithFactoryBeanAndMethod" classname="org.springframework.context.groovy.GroovyBeanDefinitionReaderTests" time="0.01"/>
  <testcase name="beanWithFactoryMethodUsingClosureArgs" classname="org.springframework.context.groovy.GroovyBeanDefinitionReaderTests" time="0.02"/>
  <testcase name="loadExternalBeans" classname="org.springframework.context.groovy.GroovyBeanDefinitionReaderTests" time="0.019"/>
  <testcase name="beanWithListAndMapConstructor" classname="org.springframework.context.groovy.GroovyBeanDefinitionReaderTests" time="0.028"/>
  <testcase name="contextComponentScanSpringTag" classname="org.springframework.context.groovy.GroovyBeanDefinitionReaderTests" time="0.046"/>
  <testcase name="springScopedProxyBean" classname="org.springframework.context.groovy.GroovyBeanDefinitionReaderTests" time="0.008"/>
  <testcase name="abstractBeanDefinitionWithClass" classname="org.springframework.context.groovy.GroovyBeanDefinitionReaderTests" time="0.008"/>
  <testcase name="abstractBeanSpecifyingClass" classname="org.springframework.context.groovy.GroovyBeanDefinitionReaderTests" time="0.012"/>
  <testcase name="springNamespaceBean" classname="org.springframework.context.groovy.GroovyBeanDefinitionReaderTests" time="0.008"/>
  <testcase name="holyGrailWiring" classname="org.springframework.context.groovy.GroovyBeanDefinitionReaderTests" time="0.004"/>
  <testcase name="beanWithFactoryMethod" classname="org.springframework.context.groovy.GroovyBeanDefinitionReaderTests" time="0.006"/>
  <system-out><![CDATA[lets begin
lets begin
]]></system-out>
  <system-err><![CDATA[]]></system-err>
</testsuite>
