<?xml version="1.0" encoding="UTF-8"?>
<testsuite name="org.springframework.jmx.export.annotation.JmxUtilsAnnotationTests" tests="2" skipped="0" failures="0" errors="0" timestamp="2019-06-21T11:40:46" hostname="Macbook-Air.local" time="0.011">
  <properties/>
  <testcase name="notMXBean" classname="org.springframework.jmx.export.annotation.JmxUtilsAnnotationTests" time="0.005"/>
  <testcase name="annotatedMXBean" classname="org.springframework.jmx.export.annotation.JmxUtilsAnnotationTests" time="0.006"/>
  <system-out><![CDATA[]]></system-out>
  <system-err><![CDATA[]]></system-err>
</testsuite>
