<?xml version="1.0" encoding="UTF-8"?>
<testsuite name="org.springframework.scripting.groovy.GroovyAspectIntegrationTests" tests="4" skipped="0" failures="0" errors="0" timestamp="2020-11-25T14:38:27" hostname="lichangbaodeMacBook-Pro.local" time="0.086">
  <properties/>
  <testcase name="testJavaBean" classname="org.springframework.scripting.groovy.GroovyAspectIntegrationTests" time="0.015"/>
  <testcase name="testGroovyBeanProxyTargetClass" classname="org.springframework.scripting.groovy.GroovyAspectIntegrationTests" time="0.036"/>
  <testcase name="testGroovyBeanDynamic" classname="org.springframework.scripting.groovy.GroovyAspectIntegrationTests" time="0.019"/>
  <testcase name="testGroovyBeanInterface" classname="org.springframework.scripting.groovy.GroovyAspectIntegrationTests" time="0.016"/>
  <system-out><![CDATA[]]></system-out>
  <system-err><![CDATA[]]></system-err>
</testsuite>
