<?xml version="1.0" encoding="UTF-8"?>
<testsuite name="org.springframework.context.annotation.configuration.Spr10744Tests" tests="1" skipped="0" failures="0" errors="0" timestamp="2020-11-25T14:38:13" hostname="lichangbaodeMacBook-Pro.local" time="0.021">
  <properties/>
  <testcase name="testSpr10744" classname="org.springframework.context.annotation.configuration.Spr10744Tests" time="0.021"/>
  <system-out><![CDATA[]]></system-out>
  <system-err><![CDATA[]]></system-err>
</testsuite>
