<?xml version="1.0" encoding="UTF-8"?>
<testsuite name="org.springframework.context.annotation.AnnotationScopeMetadataResolverTests" tests="9" skipped="0" failures="0" errors="0" timestamp="2019-06-21T11:39:55" hostname="Macbook-Air.local" time="0.035">
  <properties/>
  <testcase name="customRequestScopeViaAsm" classname="org.springframework.context.annotation.AnnotationScopeMetadataResolverTests" time="0.008"/>
  <testcase name="customRequestScopeWithAttributeViaAsm" classname="org.springframework.context.annotation.AnnotationScopeMetadataResolverTests" time="0.009"/>
  <testcase name="customRequestScope" classname="org.springframework.context.annotation.AnnotationScopeMetadataResolverTests" time="0.003"/>
  <testcase name="resolveScopeMetadataShouldNotApplyScopedProxyModeToSingleton" classname="org.springframework.context.annotation.AnnotationScopeMetadataResolverTests" time="0.004"/>
  <testcase name="resolveScopeMetadataShouldReadScopedProxyModeFromAnnotation" classname="org.springframework.context.annotation.AnnotationScopeMetadataResolverTests" time="0.003"/>
  <testcase name="setScopeAnnotationTypeWithNullType" classname="org.springframework.context.annotation.AnnotationScopeMetadataResolverTests" time="0.002"/>
  <testcase name="ctorWithNullScopedProxyMode" classname="org.springframework.context.annotation.AnnotationScopeMetadataResolverTests" time="0.001"/>
  <testcase name="resolveScopeMetadataShouldApplyScopedProxyModeToPrototype" classname="org.springframework.context.annotation.AnnotationScopeMetadataResolverTests" time="0.003"/>
  <testcase name="customRequestScopeWithAttribute" classname="org.springframework.context.annotation.AnnotationScopeMetadataResolverTests" time="0.001"/>
  <system-out><![CDATA[]]></system-out>
  <system-err><![CDATA[]]></system-err>
</testsuite>
