<?xml version="1.0" encoding="UTF-8"?>
<testsuite name="org.springframework.scheduling.annotation.AsyncExecutionTests" tests="18" skipped="0" failures="0" errors="0" timestamp="2019-06-21T11:40:38" hostname="Macbook-Air.local" time="0.26">
  <properties/>
  <testcase name="asyncClass" classname="org.springframework.scheduling.annotation.AsyncExecutionTests" time="0.024"/>
  <testcase name="asyncMethods" classname="org.springframework.scheduling.annotation.AsyncExecutionTests" time="0.024"/>
  <testcase name="asyncMethodsInInterface" classname="org.springframework.scheduling.annotation.AsyncExecutionTests" time="0.013"/>
  <testcase name="asyncClassWithInterface" classname="org.springframework.scheduling.annotation.AsyncExecutionTests" time="0.011"/>
  <testcase name="asyncPrototypeClassListener" classname="org.springframework.scheduling.annotation.AsyncExecutionTests" time="0.023"/>
  <testcase name="dynamicAsyncMethodsInInterfaceWithPostProcessor" classname="org.springframework.scheduling.annotation.AsyncExecutionTests" time="0.014"/>
  <testcase name="asyncMethodsInInterfaceWithPostProcessor" classname="org.springframework.scheduling.annotation.AsyncExecutionTests" time="0.002"/>
  <testcase name="asyncClassWithInterfaceAndPostProcessor" classname="org.springframework.scheduling.annotation.AsyncExecutionTests" time="0.002"/>
  <testcase name="dynamicAsyncInterfaceWithPostProcessor" classname="org.springframework.scheduling.annotation.AsyncExecutionTests" time="0.015"/>
  <testcase name="asyncInterfaceWithPostProcessor" classname="org.springframework.scheduling.annotation.AsyncExecutionTests" time="0.009"/>
  <testcase name="dynamicAsyncInterface" classname="org.springframework.scheduling.annotation.AsyncExecutionTests" time="0.002"/>
  <testcase name="asyncClassListener" classname="org.springframework.scheduling.annotation.AsyncExecutionTests" time="0.016"/>
  <testcase name="asyncClassWithPostProcessor" classname="org.springframework.scheduling.annotation.AsyncExecutionTests" time="0.014"/>
  <testcase name="asyncMethodsWithQualifier" classname="org.springframework.scheduling.annotation.AsyncExecutionTests" time="0.049"/>
  <testcase name="asyncMethodsWithQualifierThroughInterface" classname="org.springframework.scheduling.annotation.AsyncExecutionTests" time="0.015"/>
  <testcase name="asyncMethodListener" classname="org.springframework.scheduling.annotation.AsyncExecutionTests" time="0.02"/>
  <testcase name="asyncMethodsThroughInterface" classname="org.springframework.scheduling.annotation.AsyncExecutionTests" time="0.005"/>
  <testcase name="asyncInterface" classname="org.springframework.scheduling.annotation.AsyncExecutionTests" time="0.002"/>
  <system-out><![CDATA[19:40:38.786 [e0-1] ERROR o.s.a.i.SimpleAsyncUncaughtExceptionHandler - Unexpected exception occurred invoking async method: public void org.springframework.scheduling.annotation.AsyncExecutionTests$AsyncMethodWithQualifierBean.doNothing(int)
org.junit.ComparisonFailure: expected:<[tru]e> but was:<[fals]e>
	at sun.reflect.NativeConstructorAccessorImpl.newInstance0(Native Method) ~[?:1.8.0_144]
	at sun.reflect.NativeConstructorAccessorImpl.newInstance(NativeConstructorAccessorImpl.java:62) ~[?:1.8.0_144]
	at sun.reflect.DelegatingConstructorAccessorImpl.newInstance(DelegatingConstructorAccessorImpl.java:45) ~[?:1.8.0_144]
	at org.springframework.scheduling.annotation.AsyncExecutionTests$AsyncMethodWithQualifierBean.doNothing(AsyncExecutionTests.java:477) ~[test/:?]
	at org.springframework.scheduling.annotation.AsyncExecutionTests$AsyncMethodWithQualifierBean$$FastClassBySpringCGLIB$$85bd9822.invoke(<generated>) ~[test/:?]
	at org.springframework.cglib.proxy.MethodProxy.invoke(MethodProxy.java:218) ~[spring-core-5.2.0.BUILD-SNAPSHOT.jar:5.2.0.BUILD-SNAPSHOT]
	at org.springframework.aop.framework.CglibAopProxy$CglibMethodInvocation.invokeJoinpoint(CglibAopProxy.java:750) ~[spring-aop-5.2.0.BUILD-SNAPSHOT.jar:5.2.0.BUILD-SNAPSHOT]
	at org.springframework.aop.framework.ReflectiveMethodInvocation.proceed(ReflectiveMethodInvocation.java:163) ~[spring-aop-5.2.0.BUILD-SNAPSHOT.jar:5.2.0.BUILD-SNAPSHOT]
	at org.springframework.aop.interceptor.AsyncExecutionInterceptor.lambda$invoke$0(AsyncExecutionInterceptor.java:115) ~[spring-aop-5.2.0.BUILD-SNAPSHOT.jar:5.2.0.BUILD-SNAPSHOT]
	at java.util.concurrent.FutureTask.run(FutureTask.java:266) [?:1.8.0_144]
	at java.util.concurrent.ThreadPoolExecutor.runWorker(ThreadPoolExecutor.java:1149) [?:1.8.0_144]
	at java.util.concurrent.ThreadPoolExecutor$Worker.run(ThreadPoolExecutor.java:624) [?:1.8.0_144]
	at java.lang.Thread.run(Thread.java:748) [?:1.8.0_144]
19:40:38.804 [e0-1] ERROR o.s.a.i.SimpleAsyncUncaughtExceptionHandler - Unexpected exception occurred invoking async method: public void org.springframework.scheduling.annotation.AsyncExecutionTests$AsyncMethodWithQualifierBean.doNothing(int)
org.junit.ComparisonFailure: expected:<[tru]e> but was:<[fals]e>
	at sun.reflect.NativeConstructorAccessorImpl.newInstance0(Native Method) ~[?:1.8.0_144]
	at sun.reflect.NativeConstructorAccessorImpl.newInstance(NativeConstructorAccessorImpl.java:62) ~[?:1.8.0_144]
	at sun.reflect.DelegatingConstructorAccessorImpl.newInstance(DelegatingConstructorAccessorImpl.java:45) ~[?:1.8.0_144]
	at org.springframework.scheduling.annotation.AsyncExecutionTests$AsyncMethodWithQualifierBean.doNothing(AsyncExecutionTests.java:477) ~[test/:?]
	at sun.reflect.NativeMethodAccessorImpl.invoke0(Native Method) ~[?:1.8.0_144]
	at sun.reflect.NativeMethodAccessorImpl.invoke(NativeMethodAccessorImpl.java:62) ~[?:1.8.0_144]
	at sun.reflect.DelegatingMethodAccessorImpl.invoke(DelegatingMethodAccessorImpl.java:43) ~[?:1.8.0_144]
	at java.lang.reflect.Method.invoke(Method.java:498) ~[?:1.8.0_144]
	at org.springframework.aop.support.AopUtils.invokeJoinpointUsingReflection(AopUtils.java:344) ~[spring-aop-5.2.0.BUILD-SNAPSHOT.jar:5.2.0.BUILD-SNAPSHOT]
	at org.springframework.aop.framework.ReflectiveMethodInvocation.invokeJoinpoint(ReflectiveMethodInvocation.java:198) ~[spring-aop-5.2.0.BUILD-SNAPSHOT.jar:5.2.0.BUILD-SNAPSHOT]
	at org.springframework.aop.framework.ReflectiveMethodInvocation.proceed(ReflectiveMethodInvocation.java:163) ~[spring-aop-5.2.0.BUILD-SNAPSHOT.jar:5.2.0.BUILD-SNAPSHOT]
	at org.springframework.aop.interceptor.AsyncExecutionInterceptor.lambda$invoke$0(AsyncExecutionInterceptor.java:115) ~[spring-aop-5.2.0.BUILD-SNAPSHOT.jar:5.2.0.BUILD-SNAPSHOT]
	at java.util.concurrent.FutureTask.run(FutureTask.java:266) [?:1.8.0_144]
	at java.util.concurrent.ThreadPoolExecutor.runWorker(ThreadPoolExecutor.java:1149) [?:1.8.0_144]
	at java.util.concurrent.ThreadPoolExecutor$Worker.run(ThreadPoolExecutor.java:624) [?:1.8.0_144]
	at java.lang.Thread.run(Thread.java:748) [?:1.8.0_144]
]]></system-out>
  <system-err><![CDATA[]]></system-err>
</testsuite>
