<?xml version="1.0" encoding="UTF-8"?>
<testsuite name="org.springframework.aop.aspectj.autoproxy.AnnotationBindingTests" tests="2" skipped="0" failures="0" errors="0" timestamp="2019-06-21T11:40:52" hostname="Macbook-Air.local" time="0.026">
  <properties/>
  <testcase name="testAnnotationBindingInAroundAdvice" classname="org.springframework.aop.aspectj.autoproxy.AnnotationBindingTests" time="0.013"/>
  <testcase name="testNoMatchingWithoutAnnotationPresent" classname="org.springframework.aop.aspectj.autoproxy.AnnotationBindingTests" time="0.013"/>
  <system-out><![CDATA[]]></system-out>
  <system-err><![CDATA[]]></system-err>
</testsuite>
