<?xml version="1.0" encoding="UTF-8"?>
<testsuite name="org.springframework.scripting.groovy.GroovyScriptEvaluatorTests" tests="8" skipped="0" failures="0" errors="0" timestamp="2020-11-25T14:38:27" hostname="lichangbaodeMacBook-Pro.local" time="0.055">
  <properties/>
  <testcase name="testGroovyScriptWithArguments" classname="org.springframework.scripting.groovy.GroovyScriptEvaluatorTests" time="0.017"/>
  <testcase name="testGroovyScriptWithImportCustomizer" classname="org.springframework.scripting.groovy.GroovyScriptEvaluatorTests" time="0.009"/>
  <testcase name="testGroovyScriptFromFileUsingJsr223" classname="org.springframework.scripting.groovy.GroovyScriptEvaluatorTests" time="0.006"/>
  <testcase name="testGroovyScriptWithArgumentsUsingJsr223" classname="org.springframework.scripting.groovy.GroovyScriptEvaluatorTests" time="0.006"/>
  <testcase name="testGroovyScriptFromFile" classname="org.springframework.scripting.groovy.GroovyScriptEvaluatorTests" time="0.005"/>
  <testcase name="testGroovyScriptFromStringUsingJsr223" classname="org.springframework.scripting.groovy.GroovyScriptEvaluatorTests" time="0.004"/>
  <testcase name="testGroovyScriptWithCompilerConfiguration" classname="org.springframework.scripting.groovy.GroovyScriptEvaluatorTests" time="0.004"/>
  <testcase name="testGroovyScriptFromString" classname="org.springframework.scripting.groovy.GroovyScriptEvaluatorTests" time="0.004"/>
  <system-out><![CDATA[]]></system-out>
  <system-err><![CDATA[]]></system-err>
</testsuite>
