<?xml version="1.0" encoding="UTF-8"?>
<testsuite name="org.springframework.aop.aspectj.autoproxy.AspectImplementingInterfaceTests" tests="1" skipped="0" failures="0" errors="0" timestamp="2020-11-25T14:38:40" hostname="lichangbaodeMacBook-Pro.local" time="0.01">
  <properties/>
  <testcase name="testProxyCreation" classname="org.springframework.aop.aspectj.autoproxy.AspectImplementingInterfaceTests" time="0.01"/>
  <system-out><![CDATA[]]></system-out>
  <system-err><![CDATA[]]></system-err>
</testsuite>
