<?xml version="1.0" encoding="UTF-8"?>
<testsuite name="org.springframework.aop.aspectj.AfterAdviceBindingTests" tests="6" skipped="0" failures="0" errors="0" timestamp="2019-06-21T11:40:53" hostname="Macbook-Air.local" time="0.124">
  <properties/>
  <testcase name="testNeedsJoinPoint" classname="org.springframework.aop.aspectj.AfterAdviceBindingTests" time="0.026"/>
  <testcase name="testOneObjectArgBindingTarget" classname="org.springframework.aop.aspectj.AfterAdviceBindingTests" time="0.019"/>
  <testcase name="testOneIntAndOneObjectArgs" classname="org.springframework.aop.aspectj.AfterAdviceBindingTests" time="0.019"/>
  <testcase name="testNeedsJoinPointStaticPart" classname="org.springframework.aop.aspectj.AfterAdviceBindingTests" time="0.019"/>
  <testcase name="testOneIntArg" classname="org.springframework.aop.aspectj.AfterAdviceBindingTests" time="0.02"/>
  <testcase name="testOneObjectArgBindingProxyWithThis" classname="org.springframework.aop.aspectj.AfterAdviceBindingTests" time="0.021"/>
  <system-out><![CDATA[]]></system-out>
  <system-err><![CDATA[]]></system-err>
</testsuite>
