<?xml version="1.0" encoding="UTF-8"?>
<testsuite name="org.springframework.aop.config.AopNamespaceHandlerTests" tests="5" skipped="0" failures="0" errors="0" timestamp="2019-06-21T11:40:50" hostname="Macbook-Air.local" time="0.112">
  <properties/>
  <testcase name="testAspectAppliedForInitializeBeanWithEmptyName" classname="org.springframework.aop.config.AopNamespaceHandlerTests" time="0.027"/>
  <testcase name="testAdviceInvokedCorrectly" classname="org.springframework.aop.config.AopNamespaceHandlerTests" time="0.017"/>
  <testcase name="testAspectAppliedForInitializeBeanWithNullName" classname="org.springframework.aop.config.AopNamespaceHandlerTests" time="0.024"/>
  <testcase name="testIsProxy" classname="org.springframework.aop.config.AopNamespaceHandlerTests" time="0.021"/>
  <testcase name="testAspectApplied" classname="org.springframework.aop.config.AopNamespaceHandlerTests" time="0.021"/>
  <system-out><![CDATA[]]></system-out>
  <system-err><![CDATA[]]></system-err>
</testsuite>
