<?xml version="1.0" encoding="UTF-8"?>
<testsuite name="org.springframework.context.annotation.AggressiveFactoryBeanInstantiationTests" tests="2" skipped="0" failures="0" errors="0" timestamp="2020-11-25T14:38:16" hostname="lichangbaodeMacBook-Pro.local" time="0.005">
  <properties/>
  <testcase name="directlyRegisteredFactoryBean" classname="org.springframework.context.annotation.AggressiveFactoryBeanInstantiationTests" time="0.002"/>
  <testcase name="beanMethodFactoryBean" classname="org.springframework.context.annotation.AggressiveFactoryBeanInstantiationTests" time="0.003"/>
  <system-out><![CDATA[]]></system-out>
  <system-err><![CDATA[]]></system-err>
</testsuite>
