<?xml version="1.0" encoding="UTF-8"?>
<testsuite name="org.springframework.aop.aspectj.AroundAdviceCircularTests" tests="5" skipped="0" failures="0" errors="0" timestamp="2020-11-25T14:38:39" hostname="lichangbaodeMacBook-Pro.local" time="0.05">
  <properties/>
  <testcase name="testBothBeansAreProxies" classname="org.springframework.aop.aspectj.AroundAdviceCircularTests" time="0.019"/>
  <testcase name="testJustJoinPoint" classname="org.springframework.aop.aspectj.AroundAdviceCircularTests" time="0.009"/>
  <testcase name="testOneObjectArgBoundToTarget" classname="org.springframework.aop.aspectj.AroundAdviceCircularTests" time="0.007"/>
  <testcase name="testOneIntAndOneObjectArgs" classname="org.springframework.aop.aspectj.AroundAdviceCircularTests" time="0.007"/>
  <testcase name="testOneIntArg" classname="org.springframework.aop.aspectj.AroundAdviceCircularTests" time="0.008"/>
  <system-out><![CDATA[]]></system-out>
  <system-err><![CDATA[]]></system-err>
</testsuite>
