<?xml version="1.0" encoding="UTF-8"?>
<testsuite name="org.springframework.context.support.BeanDefinitionDslTests" tests="7" skipped="0" failures="0" errors="0" timestamp="2019-06-21T11:41:00" hostname="Macbook-Air.local" time="0.189">
  <properties/>
  <testcase name="Declare beans leveraging constructor injection" classname="org.springframework.context.support.BeanDefinitionDslTests" time="0.033"/>
  <testcase name="Declare beans with the functional Kotlin DSL" classname="org.springframework.context.support.BeanDefinitionDslTests" time="0.031"/>
  <testcase name="Declare beans using profile condition with the functional Kotlin DSL" classname="org.springframework.context.support.BeanDefinitionDslTests" time="0.027"/>
  <testcase name="Retrieve multiple beans via a bean provider" classname="org.springframework.context.support.BeanDefinitionDslTests" time="0.025"/>
  <testcase name="Declare beans leveraging callable reference" classname="org.springframework.context.support.BeanDefinitionDslTests" time="0.018"/>
  <testcase name="Declare beans using environment condition with the functional Kotlin DSL" classname="org.springframework.context.support.BeanDefinitionDslTests" time="0.044"/>
  <testcase name="Declare beans depending on environment properties" classname="org.springframework.context.support.BeanDefinitionDslTests" time="0.011"/>
  <system-out><![CDATA[]]></system-out>
  <system-err><![CDATA[]]></system-err>
</testsuite>
