<?xml version="1.0" encoding="UTF-8"?>
<testsuite name="org.springframework.context.support.LiveBeansViewTests" tests="4" skipped="0" failures="0" errors="0" timestamp="2020-11-25T14:38:17" hostname="lichangbaodeMacBook-Pro.local" time="0.041">
  <properties/>
  <testcase name="registerUnregisterSingleContext" classname="org.springframework.context.support.LiveBeansViewTests" time="0.039"/>
  <testcase name="registerUnregisterSeveralContexts" classname="org.springframework.context.support.LiveBeansViewTests" time="0.0"/>
  <testcase name="registerIgnoredIfPropertyIsNotSet" classname="org.springframework.context.support.LiveBeansViewTests" time="0.001"/>
  <testcase name="registerUnregisterSeveralContextsDifferentOrder" classname="org.springframework.context.support.LiveBeansViewTests" time="0.001"/>
  <system-out><![CDATA[]]></system-out>
  <system-err><![CDATA[]]></system-err>
</testsuite>
