<?xml version="1.0" encoding="UTF-8"?>
<testsuite name="org.springframework.aop.aspectj.generic.AfterReturningGenericTypeMatchingTests" tests="4" skipped="0" failures="0" errors="0" timestamp="2019-06-21T11:40:53" hostname="Macbook-Air.local" time="0.071">
  <properties/>
  <testcase name="testReturnTypeLowerBoundMatching" classname="org.springframework.aop.aspectj.generic.AfterReturningGenericTypeMatchingTests" time="0.027"/>
  <testcase name="testReturnTypeUpperBoundMatching" classname="org.springframework.aop.aspectj.generic.AfterReturningGenericTypeMatchingTests" time="0.015"/>
  <testcase name="testReturnTypeRawMatching" classname="org.springframework.aop.aspectj.generic.AfterReturningGenericTypeMatchingTests" time="0.015"/>
  <testcase name="testReturnTypeExactMatching" classname="org.springframework.aop.aspectj.generic.AfterReturningGenericTypeMatchingTests" time="0.013"/>
  <system-out><![CDATA[]]></system-out>
  <system-err><![CDATA[]]></system-err>
</testsuite>
