<?xml version="1.0" encoding="UTF-8"?>
<testsuite name="org.springframework.context.annotation.configuration.ImportWithConditionTests" tests="2" skipped="0" failures="0" errors="0" timestamp="2019-06-21T11:39:58" hostname="Macbook-Air.local" time="0.063">
  <properties/>
  <testcase name="unconditionalThenConditional" classname="org.springframework.context.annotation.configuration.ImportWithConditionTests" time="0.052"/>
  <testcase name="conditionalThenUnconditional" classname="org.springframework.context.annotation.configuration.ImportWithConditionTests" time="0.01"/>
  <system-out><![CDATA[]]></system-out>
  <system-err><![CDATA[]]></system-err>
</testsuite>
