<?xml version="1.0" encoding="UTF-8"?>
<testsuite name="org.springframework.context.annotation.AsmCircularImportDetectionTests" tests="2" skipped="0" failures="0" errors="0" timestamp="2020-11-25T14:38:16" hostname="lichangbaodeMacBook-Pro.local" time="0.002">
  <properties/>
  <testcase name="complexCircularImportIsDetected" classname="org.springframework.context.annotation.AsmCircularImportDetectionTests" time="0.001"/>
  <testcase name="simpleCircularImportIsDetected" classname="org.springframework.context.annotation.AsmCircularImportDetectionTests" time="0.001"/>
  <system-out><![CDATA[]]></system-out>
  <system-err><![CDATA[]]></system-err>
</testsuite>
