<?xml version="1.0" encoding="UTF-8"?>
<testsuite name="org.springframework.context.annotation.Spr11310Tests" tests="2" skipped="0" failures="0" errors="0" timestamp="2019-06-21T11:40:08" hostname="Macbook-Air.local" time="0.016">
  <properties/>
  <testcase name="orderedArray" classname="org.springframework.context.annotation.Spr11310Tests" time="0.012"/>
  <testcase name="orderedList" classname="org.springframework.context.annotation.Spr11310Tests" time="0.004"/>
  <system-out><![CDATA[]]></system-out>
  <system-err><![CDATA[]]></system-err>
</testsuite>
