<?xml version="1.0" encoding="UTF-8"?>
<testsuite name="org.springframework.context.annotation.Spr15275Tests" tests="6" skipped="0" failures="0" errors="0" timestamp="2019-06-21T11:40:03" hostname="Macbook-Air.local" time="0.079">
  <properties/>
  <testcase name="testWithAbstractFactoryBeanForInterface" classname="org.springframework.context.annotation.Spr15275Tests" time="0.016"/>
  <testcase name="testWithFactoryBean" classname="org.springframework.context.annotation.Spr15275Tests" time="0.017"/>
  <testcase name="testWithAbstractFactoryBean" classname="org.springframework.context.annotation.Spr15275Tests" time="0.011"/>
  <testcase name="testWithFinalFactoryBean" classname="org.springframework.context.annotation.Spr15275Tests" time="0.011"/>
  <testcase name="testWithAbstractFactoryBeanAsReturnType" classname="org.springframework.context.annotation.Spr15275Tests" time="0.012"/>
  <testcase name="testWithFinalFactoryBeanAsReturnType" classname="org.springframework.context.annotation.Spr15275Tests" time="0.011"/>
  <system-out><![CDATA[]]></system-out>
  <system-err><![CDATA[]]></system-err>
</testsuite>
