<?xml version="1.0" encoding="UTF-8"?>
<testsuite name="org.springframework.cache.config.CustomInterceptorTests" tests="3" skipped="0" failures="0" errors="0" timestamp="2019-06-21T11:40:32" hostname="Macbook-Air.local" time="0.05">
  <properties/>
  <testcase name="customInterceptorAppliesWithCheckedException" classname="org.springframework.cache.config.CustomInterceptorTests" time="0.027"/>
  <testcase name="customInterceptorAppliesWithRuntimeException" classname="org.springframework.cache.config.CustomInterceptorTests" time="0.013"/>
  <testcase name="onlyOneInterceptorIsAvailable" classname="org.springframework.cache.config.CustomInterceptorTests" time="0.01"/>
  <system-out><![CDATA[]]></system-out>
  <system-err><![CDATA[]]></system-err>
</testsuite>
