<?xml version="1.0" encoding="UTF-8"?>
<testsuite name="org.springframework.web.servlet.config.annotation.WebMvcConfigurationSupportTests" tests="11" skipped="0" failures="0" errors="0" timestamp="2019-06-21T11:49:56" hostname="Macbook-Air.local" time="1.317">
  <properties/>
  <testcase name="uriComponentsContributor" classname="org.springframework.web.servlet.config.annotation.WebMvcConfigurationSupportTests" time="0.14"/>
  <testcase name="emptyHandlerMappings" classname="org.springframework.web.servlet.config.annotation.WebMvcConfigurationSupportTests" time="0.122"/>
  <testcase name="requestMappingHandlerAdapter" classname="org.springframework.web.servlet.config.annotation.WebMvcConfigurationSupportTests" time="0.106"/>
  <testcase name="mvcViewResolverWithOrderSet" classname="org.springframework.web.servlet.config.annotation.WebMvcConfigurationSupportTests" time="0.119"/>
  <testcase name="customArgumentResolvers" classname="org.springframework.web.servlet.config.annotation.WebMvcConfigurationSupportTests" time="0.112"/>
  <testcase name="requestMappingHandlerMapping" classname="org.springframework.web.servlet.config.annotation.WebMvcConfigurationSupportTests" time="0.154"/>
  <testcase name="mvcViewResolverWithExistingResolver" classname="org.springframework.web.servlet.config.annotation.WebMvcConfigurationSupportTests" time="0.098"/>
  <testcase name="beanNameHandlerMapping" classname="org.springframework.web.servlet.config.annotation.WebMvcConfigurationSupportTests" time="0.118"/>
  <testcase name="defaultPathMatchConfiguration" classname="org.springframework.web.servlet.config.annotation.WebMvcConfigurationSupportTests" time="0.121"/>
  <testcase name="handlerExceptionResolver" classname="org.springframework.web.servlet.config.annotation.WebMvcConfigurationSupportTests" time="0.111"/>
  <testcase name="mvcViewResolver" classname="org.springframework.web.servlet.config.annotation.WebMvcConfigurationSupportTests" time="0.116"/>
  <system-out><![CDATA[]]></system-out>
  <system-err><![CDATA[]]></system-err>
</testsuite>
