<?xml version="1.0" encoding="UTF-8"?>
<testsuite name="org.springframework.web.servlet.handler.HandlerMethodMappingTests" tests="9" skipped="0" failures="0" errors="0" timestamp="2019-06-21T11:49:32" hostname="Macbook-Air.local" time="1.895">
  <properties/>
  <testcase name="directMatch" classname="org.springframework.web.servlet.handler.HandlerMethodMappingTests" time="1.64"/>
  <testcase name="getCorsConfigWithBeanNameHandler" classname="org.springframework.web.servlet.handler.HandlerMethodMappingTests" time="0.205"/>
  <testcase name="detectHandlerMethodsInAncestorContexts" classname="org.springframework.web.servlet.handler.HandlerMethodMappingTests" time="0.024"/>
  <testcase name="patternMatch" classname="org.springframework.web.servlet.handler.HandlerMethodMappingTests" time="0.002"/>
  <testcase name="unregisterMapping" classname="org.springframework.web.servlet.handler.HandlerMethodMappingTests" time="0.012"/>
  <testcase name="registerMappingWithSameMethodAndTwoHandlerInstances" classname="org.springframework.web.servlet.handler.HandlerMethodMappingTests" time="0.0"/>
  <testcase name="registerDuplicates" classname="org.springframework.web.servlet.handler.HandlerMethodMappingTests" time="0.006"/>
  <testcase name="registerMapping" classname="org.springframework.web.servlet.handler.HandlerMethodMappingTests" time="0.001"/>
  <testcase name="ambiguousMatch" classname="org.springframework.web.servlet.handler.HandlerMethodMappingTests" time="0.001"/>
  <system-out><![CDATA[]]></system-out>
  <system-err><![CDATA[]]></system-err>
</testsuite>
