<?xml version="1.0" encoding="UTF-8"?>
<testsuite name="org.springframework.web.servlet.mvc.WebContentInterceptorTests" tests="8" skipped="0" failures="0" errors="0" timestamp="2019-06-21T11:49:36" hostname="Macbook-Air.local" time="0.023">
  <properties/>
  <testcase name="preventCacheConfiguration" classname="org.springframework.web.servlet.mvc.WebContentInterceptorTests" time="0.008"/>
  <testcase name="cachingConfigAndPragmaHeader" classname="org.springframework.web.servlet.mvc.WebContentInterceptorTests" time="0.001"/>
  <testcase name="emptyCacheConfiguration" classname="org.springframework.web.servlet.mvc.WebContentInterceptorTests" time="0.001"/>
  <testcase name="mappedCacheConfigurationOverridesGlobal" classname="org.springframework.web.servlet.mvc.WebContentInterceptorTests" time="0.001"/>
  <testcase name="http10CachingConfigAndSpecificMapping" classname="org.springframework.web.servlet.mvc.WebContentInterceptorTests" time="0.009"/>
  <testcase name="http10CachingConfigAndPragmaHeader" classname="org.springframework.web.servlet.mvc.WebContentInterceptorTests" time="0.001"/>
  <testcase name="throwsExceptionWithNullPathMatcher" classname="org.springframework.web.servlet.mvc.WebContentInterceptorTests" time="0.001"/>
  <testcase name="cacheResourcesConfiguration" classname="org.springframework.web.servlet.mvc.WebContentInterceptorTests" time="0.0"/>
  <system-out><![CDATA[]]></system-out>
  <system-err><![CDATA[]]></system-err>
</testsuite>
