<?xml version="1.0" encoding="UTF-8"?>
<testsuite name="org.springframework.web.servlet.function.RouterFunctionTests" tests="4" skipped="0" failures="0" errors="0" timestamp="2019-06-21T11:50:10" hostname="Macbook-Air.local" time="0.02">
  <properties/>
  <testcase name="filter" classname="org.springframework.web.servlet.function.RouterFunctionTests" time="0.01"/>
  <testcase name="andOther" classname="org.springframework.web.servlet.function.RouterFunctionTests" time="0.005"/>
  <testcase name="andRoute" classname="org.springframework.web.servlet.function.RouterFunctionTests" time="0.004"/>
  <testcase name="and" classname="org.springframework.web.servlet.function.RouterFunctionTests" time="0.001"/>
  <system-out><![CDATA[]]></system-out>
  <system-err><![CDATA[]]></system-err>
</testsuite>
