<?xml version="1.0" encoding="UTF-8"?>
<testsuite name="org.springframework.web.servlet.theme.ThemeResolverTests" tests="4" skipped="0" failures="0" errors="0" timestamp="2019-06-21T11:50:14" hostname="Macbook-Air.local" time="0.006">
  <properties/>
  <testcase name="cookieThemeResolver" classname="org.springframework.web.servlet.theme.ThemeResolverTests" time="0.005"/>
  <testcase name="sessionThemeResolver" classname="org.springframework.web.servlet.theme.ThemeResolverTests" time="0.0"/>
  <testcase name="sessionThemeResolverWithDefault" classname="org.springframework.web.servlet.theme.ThemeResolverTests" time="0.0"/>
  <testcase name="fixedThemeResolver" classname="org.springframework.web.servlet.theme.ThemeResolverTests" time="0.0"/>
  <system-out><![CDATA[]]></system-out>
  <system-err><![CDATA[]]></system-err>
</testsuite>
