<?xml version="1.0" encoding="UTF-8"?>
<testsuite name="org.springframework.web.servlet.mvc.method.annotation.HttpEntityMethodProcessorTests" tests="6" skipped="0" failures="0" errors="0" timestamp="2019-06-21T11:49:47" hostname="Macbook-Air.local" time="0.244">
  <properties/>
  <testcase name="resolveArgumentWithEmptyBody" classname="org.springframework.web.servlet.mvc.method.annotation.HttpEntityMethodProcessorTests" time="0.137"/>
  <testcase name="resolveArgumentTypeVariable" classname="org.springframework.web.servlet.mvc.method.annotation.HttpEntityMethodProcessorTests" time="0.036"/>
  <testcase name="resolveArgument" classname="org.springframework.web.servlet.mvc.method.annotation.HttpEntityMethodProcessorTests" time="0.005"/>
  <testcase name="jacksonTypeInfoList" classname="org.springframework.web.servlet.mvc.method.annotation.HttpEntityMethodProcessorTests" time="0.054"/>
  <testcase name="resolveGenericArgument" classname="org.springframework.web.servlet.mvc.method.annotation.HttpEntityMethodProcessorTests" time="0.01"/>
  <testcase name="handleReturnValueCharSequence" classname="org.springframework.web.servlet.mvc.method.annotation.HttpEntityMethodProcessorTests" time="0.001"/>
  <system-out><![CDATA[]]></system-out>
  <system-err><![CDATA[]]></system-err>
</testsuite>
