<?xml version="1.0" encoding="UTF-8"?>
<testsuite name="org.springframework.web.servlet.mvc.method.annotation.ModelAndViewResolverMethodReturnValueHandlerTests" tests="5" skipped="0" failures="0" errors="0" timestamp="2019-06-21T11:49:53" hostname="Macbook-Air.local" time="0.006">
  <properties/>
  <testcase name="handleNonSimpleType" classname="org.springframework.web.servlet.mvc.method.annotation.ModelAndViewResolverMethodReturnValueHandlerTests" time="0.001"/>
  <testcase name="handleSimpleType" classname="org.springframework.web.servlet.mvc.method.annotation.ModelAndViewResolverMethodReturnValueHandlerTests" time="0.001"/>
  <testcase name="modelAndViewResolverUnresolved" classname="org.springframework.web.servlet.mvc.method.annotation.ModelAndViewResolverMethodReturnValueHandlerTests" time="0.003"/>
  <testcase name="handleNull" classname="org.springframework.web.servlet.mvc.method.annotation.ModelAndViewResolverMethodReturnValueHandlerTests" time="0.0"/>
  <testcase name="modelAndViewResolver" classname="org.springframework.web.servlet.mvc.method.annotation.ModelAndViewResolverMethodReturnValueHandlerTests" time="0.001"/>
  <system-out><![CDATA[]]></system-out>
  <system-err><![CDATA[]]></system-err>
</testsuite>
