<?xml version="1.0" encoding="UTF-8"?>
<testsuite name="org.springframework.web.servlet.config.annotation.ViewResolutionIntegrationTests" tests="7" skipped="0" failures="0" errors="0" timestamp="2019-06-21T11:49:57" hostname="Macbook-Air.local" time="4.06">
  <properties/>
  <testcase name="existingViewResolver" classname="org.springframework.web.servlet.config.annotation.ViewResolutionIntegrationTests" time="1.007"/>
  <testcase name="freemarkerInvalidConfig" classname="org.springframework.web.servlet.config.annotation.ViewResolutionIntegrationTests" time="0.114"/>
  <testcase name="freemarker" classname="org.springframework.web.servlet.config.annotation.ViewResolutionIntegrationTests" time="0.11"/>
  <testcase name="tiles" classname="org.springframework.web.servlet.config.annotation.ViewResolutionIntegrationTests" time="0.392"/>
  <testcase name="groovyMarkup" classname="org.springframework.web.servlet.config.annotation.ViewResolutionIntegrationTests" time="2.211"/>
  <testcase name="tilesInvalidConfig" classname="org.springframework.web.servlet.config.annotation.ViewResolutionIntegrationTests" time="0.114"/>
  <testcase name="groovyMarkupInvalidConfig" classname="org.springframework.web.servlet.config.annotation.ViewResolutionIntegrationTests" time="0.111"/>
  <system-out><![CDATA[]]></system-out>
  <system-err><![CDATA[]]></system-err>
</testsuite>
