<?xml version="1.0" encoding="UTF-8"?>
<testsuite name="org.springframework.web.servlet.function.PathResourceLookupFunctionTests" tests="4" skipped="0" failures="0" errors="0" timestamp="2019-06-21T11:50:10" hostname="Macbook-Air.local" time="0.015">
  <properties/>
  <testcase name="subPath" classname="org.springframework.web.servlet.function.PathResourceLookupFunctionTests" time="0.012"/>
  <testcase name="normal" classname="org.springframework.web.servlet.function.PathResourceLookupFunctionTests" time="0.001"/>
  <testcase name="composeResourceLookupFunction" classname="org.springframework.web.servlet.function.PathResourceLookupFunctionTests" time="0.002"/>
  <testcase name="notFound" classname="org.springframework.web.servlet.function.PathResourceLookupFunctionTests" time="0.0"/>
  <system-out><![CDATA[]]></system-out>
  <system-err><![CDATA[]]></system-err>
</testsuite>
