<?xml version="1.0" encoding="UTF-8"?>
<testsuite name="org.springframework.web.context.support.HttpRequestHandlerTests" tests="1" skipped="0" failures="0" errors="0" timestamp="2019-06-21T11:50:42" hostname="Macbook-Air.local" time="0.006">
  <properties/>
  <testcase name="testHttpRequestHandlerServletPassThrough" classname="org.springframework.web.context.support.HttpRequestHandlerTests" time="0.006"/>
  <system-out><![CDATA[]]></system-out>
  <system-err><![CDATA[]]></system-err>
</testsuite>
