<?xml version="1.0" encoding="UTF-8"?>
<testsuite name="org.springframework.web.servlet.handler.BeanNameUrlHandlerMappingTests" tests="7" skipped="0" failures="0" errors="0" timestamp="2019-06-21T11:49:34" hostname="Macbook-Air.local" time="0.17">
  <properties/>
  <testcase name="requestsWithoutHandlers" classname="org.springframework.web.servlet.handler.BeanNameUrlHandlerMappingTests" time="0.068"/>
  <testcase name="requestsWithSubPathsInParentContext" classname="org.springframework.web.servlet.handler.BeanNameUrlHandlerMappingTests" time="0.017"/>
  <testcase name="asteriskMatches" classname="org.springframework.web.servlet.handler.BeanNameUrlHandlerMappingTests" time="0.017"/>
  <testcase name="doubleMappings" classname="org.springframework.web.servlet.handler.BeanNameUrlHandlerMappingTests" time="0.014"/>
  <testcase name="requestsWithSubPaths" classname="org.springframework.web.servlet.handler.BeanNameUrlHandlerMappingTests" time="0.014"/>
  <testcase name="requestsWithFullPaths" classname="org.springframework.web.servlet.handler.BeanNameUrlHandlerMappingTests" time="0.025"/>
  <testcase name="overlappingMappings" classname="org.springframework.web.servlet.handler.BeanNameUrlHandlerMappingTests" time="0.013"/>
  <system-out><![CDATA[]]></system-out>
  <system-err><![CDATA[]]></system-err>
</testsuite>
