<?xml version="1.0" encoding="UTF-8"?>
<testsuite name="org.springframework.web.servlet.config.annotation.DelegatingWebMvcConfigurationTests" tests="7" skipped="0" failures="0" errors="0" timestamp="2019-06-21T11:49:57" hostname="Macbook-Air.local" time="0.25">
  <properties/>
  <testcase name="requestMappingHandlerAdapter" classname="org.springframework.web.servlet.config.annotation.DelegatingWebMvcConfigurationTests" time="0.092"/>
  <testcase name="configureExceptionResolvers" classname="org.springframework.web.servlet.config.annotation.DelegatingWebMvcConfigurationTests" time="0.003"/>
  <testcase name="configurePathMatch" classname="org.springframework.web.servlet.config.annotation.DelegatingWebMvcConfigurationTests" time="0.067"/>
  <testcase name="getCustomMessageCodesResolver" classname="org.springframework.web.servlet.config.annotation.DelegatingWebMvcConfigurationTests" time="0.001"/>
  <testcase name="getCustomValidator" classname="org.springframework.web.servlet.config.annotation.DelegatingWebMvcConfigurationTests" time="0.001"/>
  <testcase name="configureMessageConverters" classname="org.springframework.web.servlet.config.annotation.DelegatingWebMvcConfigurationTests" time="0.023"/>
  <testcase name="handlerExceptionResolver" classname="org.springframework.web.servlet.config.annotation.DelegatingWebMvcConfigurationTests" time="0.063"/>
  <system-out><![CDATA[]]></system-out>
  <system-err><![CDATA[]]></system-err>
</testsuite>
