<?xml version="1.0" encoding="UTF-8"?>
<testsuite name="org.springframework.web.servlet.handler.SimpleUrlHandlerMappingTests" tests="4" skipped="0" failures="0" errors="0" timestamp="2019-06-21T11:49:34" hostname="Macbook-Air.local" time="0.139">
  <properties/>
  <testcase name="urlMappingWithProps" classname="org.springframework.web.servlet.handler.SimpleUrlHandlerMappingTests" time="0.079"/>
  <testcase name="testNewlineInRequest" classname="org.springframework.web.servlet.handler.SimpleUrlHandlerMappingTests" time="0.002"/>
  <testcase name="urlMappingWithUrlMap" classname="org.springframework.web.servlet.handler.SimpleUrlHandlerMappingTests" time="0.026"/>
  <testcase name="handlerBeanNotFound" classname="org.springframework.web.servlet.handler.SimpleUrlHandlerMappingTests" time="0.032"/>
  <system-out><![CDATA[]]></system-out>
  <system-err><![CDATA[]]></system-err>
</testsuite>
