<?xml version="1.0" encoding="UTF-8"?>
<testsuite name="org.springframework.web.servlet.support.AnnotationConfigDispatcherServletInitializerTests" tests="4" skipped="0" failures="0" errors="0" timestamp="2019-06-21T11:50:14" hostname="Macbook-Air.local" time="0.177">
  <properties/>
  <testcase name="register" classname="org.springframework.web.servlet.support.AnnotationConfigDispatcherServletInitializerTests" time="0.021"/>
  <testcase name="noFilters" classname="org.springframework.web.servlet.support.AnnotationConfigDispatcherServletInitializerTests" time="0.001"/>
  <testcase name="rootContextOnly" classname="org.springframework.web.servlet.support.AnnotationConfigDispatcherServletInitializerTests" time="0.154"/>
  <testcase name="asyncSupportedFalse" classname="org.springframework.web.servlet.support.AnnotationConfigDispatcherServletInitializerTests" time="0.0"/>
  <system-out><![CDATA[]]></system-out>
  <system-err><![CDATA[]]></system-err>
</testsuite>
