<?xml version="1.0" encoding="UTF-8"?>
<testsuite name="org.springframework.web.servlet.config.annotation.WebMvcConfigurationSupportExtensionTests" tests="7" skipped="0" failures="0" errors="0" timestamp="2019-06-21T11:49:55" hostname="Macbook-Air.local" time="0.157">
  <properties/>
  <testcase name="exceptionResolvers" classname="org.springframework.web.servlet.config.annotation.WebMvcConfigurationSupportExtensionTests" time="0.013"/>
  <testcase name="crossOrigin" classname="org.springframework.web.servlet.config.annotation.WebMvcConfigurationSupportExtensionTests" time="0.0"/>
  <testcase name="webBindingInitializer" classname="org.springframework.web.servlet.config.annotation.WebMvcConfigurationSupportExtensionTests" time="0.052"/>
  <testcase name="requestMappingHandlerAdapter" classname="org.springframework.web.servlet.config.annotation.WebMvcConfigurationSupportExtensionTests" time="0.021"/>
  <testcase name="contentNegotiation" classname="org.springframework.web.servlet.config.annotation.WebMvcConfigurationSupportExtensionTests" time="0.036"/>
  <testcase name="handlerMappings" classname="org.springframework.web.servlet.config.annotation.WebMvcConfigurationSupportExtensionTests" time="0.019"/>
  <testcase name="viewResolvers" classname="org.springframework.web.servlet.config.annotation.WebMvcConfigurationSupportExtensionTests" time="0.016"/>
  <system-out><![CDATA[]]></system-out>
  <system-err><![CDATA[]]></system-err>
</testsuite>
