<?xml version="1.0" encoding="UTF-8"?>
<testsuite name="org.springframework.web.servlet.mvc.method.annotation.RequestMappingHandlerAdapterIntegrationTests" tests="9" skipped="0" failures="0" errors="0" timestamp="2019-06-21T11:49:47" hostname="Macbook-Air.local" time="0.28">
  <properties/>
  <testcase name="handleHttpEntityWithCacheControl" classname="org.springframework.web.servlet.mvc.method.annotation.RequestMappingHandlerAdapterIntegrationTests" time="0.039"/>
  <testcase name="handle" classname="org.springframework.web.servlet.mvc.method.annotation.RequestMappingHandlerAdapterIntegrationTests" time="0.078"/>
  <testcase name="handleInInterface" classname="org.springframework.web.servlet.mvc.method.annotation.RequestMappingHandlerAdapterIntegrationTests" time="0.032"/>
  <testcase name="handleAndValidateRequestBody" classname="org.springframework.web.servlet.mvc.method.annotation.RequestMappingHandlerAdapterIntegrationTests" time="0.016"/>
  <testcase name="handleAndValidateRequestPart" classname="org.springframework.web.servlet.mvc.method.annotation.RequestMappingHandlerAdapterIntegrationTests" time="0.027"/>
  <testcase name="handleAndCompleteSession" classname="org.springframework.web.servlet.mvc.method.annotation.RequestMappingHandlerAdapterIntegrationTests" time="0.025"/>
  <testcase name="handleRequestBody" classname="org.springframework.web.servlet.mvc.method.annotation.RequestMappingHandlerAdapterIntegrationTests" time="0.018"/>
  <testcase name="handleRequestPart" classname="org.springframework.web.servlet.mvc.method.annotation.RequestMappingHandlerAdapterIntegrationTests" time="0.023"/>
  <testcase name="handleHttpEntity" classname="org.springframework.web.servlet.mvc.method.annotation.RequestMappingHandlerAdapterIntegrationTests" time="0.021"/>
  <system-out><![CDATA[]]></system-out>
  <system-err><![CDATA[]]></system-err>
</testsuite>
