<?xml version="1.0" encoding="UTF-8"?>
<testsuite name="org.springframework.web.servlet.i18n.LocaleResolverTests" tests="4" skipped="0" failures="0" errors="0" timestamp="2019-06-21T11:50:41" hostname="Macbook-Air.local" time="0.012">
  <properties/>
  <testcase name="testSessionLocaleResolver" classname="org.springframework.web.servlet.i18n.LocaleResolverTests" time="0.001"/>
  <testcase name="testCookieLocaleResolver" classname="org.springframework.web.servlet.i18n.LocaleResolverTests" time="0.01"/>
  <testcase name="testAcceptHeaderLocaleResolver" classname="org.springframework.web.servlet.i18n.LocaleResolverTests" time="0.0"/>
  <testcase name="testFixedLocaleResolver" classname="org.springframework.web.servlet.i18n.LocaleResolverTests" time="0.001"/>
  <system-out><![CDATA[]]></system-out>
  <system-err><![CDATA[]]></system-err>
</testsuite>
