<?xml version="1.0" encoding="UTF-8"?>
<testsuite name="org.springframework.web.servlet.view.script.JythonScriptTemplateTests" tests="1" skipped="0" failures="0" errors="0" timestamp="2019-06-21T11:50:22" hostname="Macbook-Air.local" time="4.534">
  <properties/>
  <testcase name="renderTemplate" classname="org.springframework.web.servlet.view.script.JythonScriptTemplateTests" time="4.534"/>
  <system-out><![CDATA[]]></system-out>
  <system-err><![CDATA[]]></system-err>
</testsuite>
