<?xml version="1.0" encoding="UTF-8"?>
<testsuite name="org.springframework.web.servlet.tags.form.OptionsTagTests" tests="7" skipped="0" failures="0" errors="0" timestamp="2019-06-21T11:50:12" hostname="Macbook-Air.local" time="0.302">
  <properties/>
  <testcase name="withoutItems" classname="org.springframework.web.servlet.tags.form.OptionsTagTests" time="0.014"/>
  <testcase name="withItemsNullReference" classname="org.springframework.web.servlet.tags.form.OptionsTagTests" time="0.012"/>
  <testcase name="withCollection" classname="org.springframework.web.servlet.tags.form.OptionsTagTests" time="0.21"/>
  <testcase name="withoutItemsEnumParent" classname="org.springframework.web.servlet.tags.form.OptionsTagTests" time="0.025"/>
  <testcase name="withCollectionAndCustomEditor" classname="org.springframework.web.servlet.tags.form.OptionsTagTests" time="0.016"/>
  <testcase name="withCollectionAndDynamicAttributes" classname="org.springframework.web.servlet.tags.form.OptionsTagTests" time="0.008"/>
  <testcase name="withoutItemsEnumParentWithExplicitLabelsAndValues" classname="org.springframework.web.servlet.tags.form.OptionsTagTests" time="0.016"/>
  <system-out><![CDATA[]]></system-out>
  <system-err><![CDATA[]]></system-err>
</testsuite>
