<?xml version="1.0" encoding="UTF-8"?>
<testsuite name="org.springframework.web.servlet.mvc.method.RequestMappingInfoHandlerMethodMappingNamingStrategyTests" tests="2" skipped="0" failures="0" errors="0" timestamp="2019-06-21T11:49:55" hostname="Macbook-Air.local" time="0.003">
  <properties/>
  <testcase name="getNameExplicit" classname="org.springframework.web.servlet.mvc.method.RequestMappingInfoHandlerMethodMappingNamingStrategyTests" time="0.003"/>
  <testcase name="getNameConvention" classname="org.springframework.web.servlet.mvc.method.RequestMappingInfoHandlerMethodMappingNamingStrategyTests" time="0.0"/>
  <system-out><![CDATA[]]></system-out>
  <system-err><![CDATA[]]></system-err>
</testsuite>
