<?xml version="1.0" encoding="UTF-8"?>
<testsuite name="org.springframework.web.servlet.handler.HandlerMappingTests" tests="1" skipped="0" failures="0" errors="0" timestamp="2019-06-21T11:49:36" hostname="Macbook-Air.local" time="0.012">
  <properties/>
  <testcase name="orderedInterceptors" classname="org.springframework.web.servlet.handler.HandlerMappingTests" time="0.012"/>
  <system-out><![CDATA[]]></system-out>
  <system-err><![CDATA[]]></system-err>
</testsuite>
