<?xml version="1.0" encoding="UTF-8"?>
<testsuite name="org.springframework.web.servlet.resource.AppCacheManifestTransformerTests" tests="3" skipped="0" failures="0" errors="0" timestamp="2019-06-21T11:50:41" hostname="Macbook-Air.local" time="0.019">
  <properties/>
  <testcase name="noTransformIfExtensionDoesNotMatch" classname="org.springframework.web.servlet.resource.AppCacheManifestTransformerTests" time="0.001"/>
  <testcase name="transformManifest" classname="org.springframework.web.servlet.resource.AppCacheManifestTransformerTests" time="0.015"/>
  <testcase name="syntaxErrorInManifest" classname="org.springframework.web.servlet.resource.AppCacheManifestTransformerTests" time="0.003"/>
  <system-out><![CDATA[]]></system-out>
  <system-err><![CDATA[]]></system-err>
</testsuite>
