<?xml version="1.0" encoding="UTF-8"?>
<testsuite name="org.springframework.web.servlet.tags.form.HiddenInputTagTests" tests="5" skipped="0" failures="0" errors="0" timestamp="2019-06-21T11:50:11" hostname="Macbook-Air.local" time="0.039">
  <properties/>
  <testcase name="disabledTrue" classname="org.springframework.web.servlet.tags.form.HiddenInputTagTests" time="0.01"/>
  <testcase name="render" classname="org.springframework.web.servlet.tags.form.HiddenInputTagTests" time="0.007"/>
  <testcase name="dynamicTypeAttribute" classname="org.springframework.web.servlet.tags.form.HiddenInputTagTests" time="0.007"/>
  <testcase name="disabledFalse" classname="org.springframework.web.servlet.tags.form.HiddenInputTagTests" time="0.007"/>
  <testcase name="withCustomBinder" classname="org.springframework.web.servlet.tags.form.HiddenInputTagTests" time="0.008"/>
  <system-out><![CDATA[]]></system-out>
  <system-err><![CDATA[]]></system-err>
</testsuite>
