<?xml version="1.0" encoding="UTF-8"?>
<testsuite name="org.springframework.web.servlet.resource.WebJarsResourceResolverTests" tests="7" skipped="0" failures="0" errors="0" timestamp="2019-06-21T11:50:41" hostname="Macbook-Air.local" time="0.031">
  <properties/>
  <testcase name="resolveResourceWebJar" classname="org.springframework.web.servlet.resource.WebJarsResourceResolverTests" time="0.018"/>
  <testcase name="resolveUrlExistingNotInJarFile" classname="org.springframework.web.servlet.resource.WebJarsResourceResolverTests" time="0.002"/>
  <testcase name="resolveUrlWebJarResource" classname="org.springframework.web.servlet.resource.WebJarsResourceResolverTests" time="0.002"/>
  <testcase name="resolveResourceNotFound" classname="org.springframework.web.servlet.resource.WebJarsResourceResolverTests" time="0.002"/>
  <testcase name="resolveUrlExisting" classname="org.springframework.web.servlet.resource.WebJarsResourceResolverTests" time="0.003"/>
  <testcase name="resolveUrlWebJarResourceNotFound" classname="org.springframework.web.servlet.resource.WebJarsResourceResolverTests" time="0.002"/>
  <testcase name="resolveResourceExisting" classname="org.springframework.web.servlet.resource.WebJarsResourceResolverTests" time="0.001"/>
  <system-out><![CDATA[]]></system-out>
  <system-err><![CDATA[]]></system-err>
</testsuite>
