<?xml version="1.0" encoding="UTF-8"?>
<testsuite name="org.springframework.web.servlet.view.script.ScriptTemplateViewResolverTests" tests="1" skipped="0" failures="0" errors="0" timestamp="2019-06-21T11:50:38" hostname="Macbook-Air.local" time="0.0">
  <properties/>
  <testcase name="viewClass" classname="org.springframework.web.servlet.view.script.ScriptTemplateViewResolverTests" time="0.0"/>
  <system-out><![CDATA[]]></system-out>
  <system-err><![CDATA[]]></system-err>
</testsuite>
