<?xml version="1.0" encoding="UTF-8"?>
<testsuite name="org.springframework.web.servlet.mvc.support.ParameterizableViewControllerTests" tests="8" skipped="0" failures="0" errors="0" timestamp="2019-06-21T11:49:39" hostname="Macbook-Air.local" time="0.008">
  <properties/>
  <testcase name="viewNameAndStatus204" classname="org.springframework.web.servlet.mvc.support.ParameterizableViewControllerTests" time="0.002"/>
  <testcase name="defaultViewName" classname="org.springframework.web.servlet.mvc.support.ParameterizableViewControllerTests" time="0.001"/>
  <testcase name="redirectStatus" classname="org.springframework.web.servlet.mvc.support.ParameterizableViewControllerTests" time="0.001"/>
  <testcase name="redirectStatusWithRedirectPrefix" classname="org.springframework.web.servlet.mvc.support.ParameterizableViewControllerTests" time="0.001"/>
  <testcase name="viewNameAndStatus" classname="org.springframework.web.servlet.mvc.support.ParameterizableViewControllerTests" time="0.0"/>
  <testcase name="statusOnly" classname="org.springframework.web.servlet.mvc.support.ParameterizableViewControllerTests" time="0.001"/>
  <testcase name="redirectView" classname="org.springframework.web.servlet.mvc.support.ParameterizableViewControllerTests" time="0.001"/>
  <testcase name="viewName" classname="org.springframework.web.servlet.mvc.support.ParameterizableViewControllerTests" time="0.0"/>
  <system-out><![CDATA[]]></system-out>
  <system-err><![CDATA[]]></system-err>
</testsuite>
