<?xml version="1.0" encoding="UTF-8"?>
<testsuite name="org.springframework.web.servlet.tags.ThemeTagTests" tests="2" skipped="0" failures="0" errors="0" timestamp="2019-06-21T11:50:10" hostname="Macbook-Air.local" time="0.023">
  <properties/>
  <testcase name="requestContext" classname="org.springframework.web.servlet.tags.ThemeTagTests" time="0.014"/>
  <testcase name="themeTag" classname="org.springframework.web.servlet.tags.ThemeTagTests" time="0.009"/>
  <system-out><![CDATA[]]></system-out>
  <system-err><![CDATA[]]></system-err>
</testsuite>
