<?xml version="1.0" encoding="UTF-8"?>
<testsuite name="org.springframework.web.servlet.mvc.method.annotation.UriTemplateServletAnnotationControllerHandlerMethodTests" tests="18" skipped="0" failures="0" errors="0" timestamp="2019-06-21T11:49:49" hostname="Macbook-Air.local" time="0.809">
  <properties/>
  <testcase name="customRegex" classname="org.springframework.web.servlet.mvc.method.annotation.UriTemplateServletAnnotationControllerHandlerMethodTests" time="0.063"/>
  <testcase name="simple" classname="org.springframework.web.servlet.mvc.method.annotation.UriTemplateServletAnnotationControllerHandlerMethodTests" time="0.05"/>
  <testcase name="extension" classname="org.springframework.web.servlet.mvc.method.annotation.UriTemplateServletAnnotationControllerHandlerMethodTests" time="0.042"/>
  <testcase name="menuTree" classname="org.springframework.web.servlet.mvc.method.annotation.UriTemplateServletAnnotationControllerHandlerMethodTests" time="0.042"/>
  <testcase name="relative" classname="org.springframework.web.servlet.mvc.method.annotation.UriTemplateServletAnnotationControllerHandlerMethodTests" time="0.043"/>
  <testcase name="binding" classname="org.springframework.web.servlet.mvc.method.annotation.UriTemplateServletAnnotationControllerHandlerMethodTests" time="0.077"/>
  <testcase name="implicitSubPath" classname="org.springframework.web.servlet.mvc.method.annotation.UriTemplateServletAnnotationControllerHandlerMethodTests" time="0.043"/>
  <testcase name="crud" classname="org.springframework.web.servlet.mvc.method.annotation.UriTemplateServletAnnotationControllerHandlerMethodTests" time="0.048"/>
  <testcase name="doIt" classname="org.springframework.web.servlet.mvc.method.annotation.UriTemplateServletAnnotationControllerHandlerMethodTests" time="0.038"/>
  <testcase name="multiple" classname="org.springframework.web.servlet.mvc.method.annotation.UriTemplateServletAnnotationControllerHandlerMethodTests" time="0.039"/>
  <testcase name="pathVarsInModel" classname="org.springframework.web.servlet.mvc.method.annotation.UriTemplateServletAnnotationControllerHandlerMethodTests" time="0.083"/>
  <testcase name="multiPaths" classname="org.springframework.web.servlet.mvc.method.annotation.UriTemplateServletAnnotationControllerHandlerMethodTests" time="0.041"/>
  <testcase name="typeConversionError" classname="org.springframework.web.servlet.mvc.method.annotation.UriTemplateServletAnnotationControllerHandlerMethodTests" time="0.03"/>
  <testcase name="explicitSubPath" classname="org.springframework.web.servlet.mvc.method.annotation.UriTemplateServletAnnotationControllerHandlerMethodTests" time="0.032"/>
  <testcase name="variableNames" classname="org.springframework.web.servlet.mvc.method.annotation.UriTemplateServletAnnotationControllerHandlerMethodTests" time="0.029"/>
  <testcase name="ambiguous" classname="org.springframework.web.servlet.mvc.method.annotation.UriTemplateServletAnnotationControllerHandlerMethodTests" time="0.036"/>
  <testcase name="methodNotSupported" classname="org.springframework.web.servlet.mvc.method.annotation.UriTemplateServletAnnotationControllerHandlerMethodTests" time="0.037"/>
  <testcase name="variableNamesWithUrlExtension" classname="org.springframework.web.servlet.mvc.method.annotation.UriTemplateServletAnnotationControllerHandlerMethodTests" time="0.03"/>
  <system-out><![CDATA[19:49:49.324 [Test worker] WARN  o.s.w.s.m.s.DefaultHandlerExceptionResolver - Resolved [org.springframework.web.method.annotation.MethodArgumentTypeMismatchException: Failed to convert value of type 'java.lang.String' to required type 'java.util.Date'; nested exception is java.lang.IllegalArgumentException: Could not parse date: Unparseable date: "2008-foo-bar"]
19:49:49.365 [Test worker] WARN  o.s.w.s.m.s.DefaultHandlerExceptionResolver - Resolved [org.springframework.web.method.annotation.MethodArgumentConversionNotSupportedException: Failed to convert value of type 'java.lang.String' to required type 'java.util.Date'; nested exception is java.lang.IllegalStateException: Cannot convert value of type 'java.lang.String' to required type 'java.util.Date': no matching editors or conversion strategy found]
19:49:49.692 [Test worker] WARN  o.s.w.s.m.s.DefaultHandlerExceptionResolver - Resolved [org.springframework.web.method.annotation.MethodArgumentTypeMismatchException: Failed to convert value of type 'java.lang.String' to required type 'int'; nested exception is java.lang.NumberFormatException: For input string: "foo"]
19:49:49.825 [Test worker] WARN  o.s.w.s.m.s.DefaultHandlerExceptionResolver - Resolved [org.springframework.web.HttpRequestMethodNotSupportedException: Request method 'POST' not supported]
19:49:49.826 [Test worker] WARN  o.s.w.s.m.s.DefaultHandlerExceptionResolver - Resolved [org.springframework.web.HttpRequestMethodNotSupportedException: Request method 'POST' not supported]
]]></system-out>
  <system-err><![CDATA[]]></system-err>
</testsuite>
