<?xml version="1.0" encoding="UTF-8"?>
<testsuite name="org.springframework.web.servlet.view.xslt.XsltViewTests" tests="12" skipped="0" failures="0" errors="0" timestamp="2019-06-21T11:50:40" hostname="Macbook-Air.local" time="0.821">
  <properties/>
  <testcase name="withoutUrl" classname="org.springframework.web.servlet.view.xslt.XsltViewTests" time="0.001"/>
  <testcase name="testSimpleTransformWithInputStream" classname="org.springframework.web.servlet.view.xslt.XsltViewTests" time="0.563"/>
  <testcase name="withNoSource" classname="org.springframework.web.servlet.view.xslt.XsltViewTests" time="0.035"/>
  <testcase name="testSimpleTransformWithReader" classname="org.springframework.web.servlet.view.xslt.XsltViewTests" time="0.023"/>
  <testcase name="testStaticAttributesCarriedAcross" classname="org.springframework.web.servlet.view.xslt.XsltViewTests" time="0.022"/>
  <testcase name="simpleTransformWithSource" classname="org.springframework.web.servlet.view.xslt.XsltViewTests" time="0.027"/>
  <testcase name="testSimpleTransformWithNode" classname="org.springframework.web.servlet.view.xslt.XsltViewTests" time="0.045"/>
  <testcase name="testContentTypeCarriedFromTemplate" classname="org.springframework.web.servlet.view.xslt.XsltViewTests" time="0.021"/>
  <testcase name="testSimpleTransformWithResource" classname="org.springframework.web.servlet.view.xslt.XsltViewTests" time="0.022"/>
  <testcase name="testWithSourceKey" classname="org.springframework.web.servlet.view.xslt.XsltViewTests" time="0.025"/>
  <testcase name="testSimpleTransformWithDocument" classname="org.springframework.web.servlet.view.xslt.XsltViewTests" time="0.019"/>
  <testcase name="testModelParametersCarriedAcross" classname="org.springframework.web.servlet.view.xslt.XsltViewTests" time="0.018"/>
  <system-out><![CDATA[]]></system-out>
  <system-err><![CDATA[]]></system-err>
</testsuite>
