<?xml version="1.0" encoding="UTF-8"?>
<testsuite name="org.springframework.web.servlet.function.RouterFunctionsTests" tests="4" skipped="0" failures="0" errors="0" timestamp="2019-06-21T11:50:10" hostname="Macbook-Air.local" time="0.026">
  <properties/>
  <testcase name="routeNoMatch" classname="org.springframework.web.servlet.function.RouterFunctionsTests" time="0.02"/>
  <testcase name="nestNoMatch" classname="org.springframework.web.servlet.function.RouterFunctionsTests" time="0.003"/>
  <testcase name="routeMatch" classname="org.springframework.web.servlet.function.RouterFunctionsTests" time="0.0"/>
  <testcase name="nestMatch" classname="org.springframework.web.servlet.function.RouterFunctionsTests" time="0.001"/>
  <system-out><![CDATA[]]></system-out>
  <system-err><![CDATA[]]></system-err>
</testsuite>
