<?xml version="1.0" encoding="UTF-8"?>
<testsuite name="org.springframework.web.servlet.FlashMapTests" tests="7" skipped="0" failures="0" errors="0" timestamp="2019-06-21T11:49:36" hostname="Macbook-Air.local" time="0.225">
  <properties/>
  <testcase name="isExpired" classname="org.springframework.web.servlet.FlashMapTests" time="0.111"/>
  <testcase name="compareTo" classname="org.springframework.web.servlet.FlashMapTests" time="0.001"/>
  <testcase name="addTargetRequestParamNullValue" classname="org.springframework.web.servlet.FlashMapTests" time="0.001"/>
  <testcase name="addTargetRequestParamsNullValue" classname="org.springframework.web.servlet.FlashMapTests" time="0.002"/>
  <testcase name="addTargetRequestParamNullKey" classname="org.springframework.web.servlet.FlashMapTests" time="0.001"/>
  <testcase name="addTargetRequestParamsNullKey" classname="org.springframework.web.servlet.FlashMapTests" time="0.001"/>
  <testcase name="notExpired" classname="org.springframework.web.servlet.FlashMapTests" time="0.108"/>
  <system-out><![CDATA[]]></system-out>
  <system-err><![CDATA[]]></system-err>
</testsuite>
