<?xml version="1.0" encoding="UTF-8"?>
<testsuite name="org.springframework.web.servlet.mvc.method.annotation.RequestResponseBodyAdviceChainTests" tests="4" skipped="0" failures="0" errors="0" timestamp="2019-06-21T11:49:47" hostname="Macbook-Air.local" time="0.039">
  <properties/>
  <testcase name="controllerAdviceNotApplicable" classname="org.springframework.web.servlet.mvc.method.annotation.RequestResponseBodyAdviceChainTests" time="0.008"/>
  <testcase name="controllerAdvice" classname="org.springframework.web.servlet.mvc.method.annotation.RequestResponseBodyAdviceChainTests" time="0.003"/>
  <testcase name="responseBodyAdvice" classname="org.springframework.web.servlet.mvc.method.annotation.RequestResponseBodyAdviceChainTests" time="0.026"/>
  <testcase name="requestBodyAdvice" classname="org.springframework.web.servlet.mvc.method.annotation.RequestResponseBodyAdviceChainTests" time="0.002"/>
  <system-out><![CDATA[]]></system-out>
  <system-err><![CDATA[]]></system-err>
</testsuite>
