<?xml version="1.0" encoding="UTF-8"?>
<testsuite name="org.springframework.web.servlet.tags.form.SelectTagTests" tests="33" skipped="0" failures="0" errors="0" timestamp="2019-06-21T11:50:13" hostname="Macbook-Air.local" time="0.318">
  <properties/>
  <testcase name="withListAndEditorAndNullValue" classname="org.springframework.web.servlet.tags.form.SelectTagTests" time="0.014"/>
  <testcase name="withMultiListAndElementFormatter" classname="org.springframework.web.servlet.tags.form.SelectTagTests" time="0.013"/>
  <testcase name="withStringArray" classname="org.springframework.web.servlet.tags.form.SelectTagTests" time="0.006"/>
  <testcase name="withListAndTransformTagAndEditor" classname="org.springframework.web.servlet.tags.form.SelectTagTests" time="0.009"/>
  <testcase name="withMultiMap" classname="org.springframework.web.servlet.tags.form.SelectTagTests" time="0.008"/>
  <testcase name="emptyItems" classname="org.springframework.web.servlet.tags.form.SelectTagTests" time="0.006"/>
  <testcase name="withIntegerArray" classname="org.springframework.web.servlet.tags.form.SelectTagTests" time="0.011"/>
  <testcase name="multipleForCollection" classname="org.springframework.web.servlet.tags.form.SelectTagTests" time="0.008"/>
  <testcase name="withInvalidList" classname="org.springframework.web.servlet.tags.form.SelectTagTests" time="0.013"/>
  <testcase name="withList" classname="org.springframework.web.servlet.tags.form.SelectTagTests" time="0.008"/>
  <testcase name="nestedPathWithListAndEditorAndNullValue" classname="org.springframework.web.servlet.tags.form.SelectTagTests" time="0.017"/>
  <testcase name="withElementFormatter" classname="org.springframework.web.servlet.tags.form.SelectTagTests" time="0.013"/>
  <testcase name="nestedPathWithListAndEditor" classname="org.springframework.web.servlet.tags.form.SelectTagTests" time="0.01"/>
  <testcase name="withMultiList" classname="org.springframework.web.servlet.tags.form.SelectTagTests" time="0.008"/>
  <testcase name="withNestedOptions" classname="org.springframework.web.servlet.tags.form.SelectTagTests" time="0.006"/>
  <testcase name="multipleWithBooleanFalse" classname="org.springframework.web.servlet.tags.form.SelectTagTests" time="0.007"/>
  <testcase name="multipleExplicitlyFalse" classname="org.springframework.web.servlet.tags.form.SelectTagTests" time="0.007"/>
  <testcase name="multipleWithBooleanTrue" classname="org.springframework.web.servlet.tags.form.SelectTagTests" time="0.009"/>
  <testcase name="withResolvedList" classname="org.springframework.web.servlet.tags.form.SelectTagTests" time="0.008"/>
  <testcase name="withResolvedStringArray" classname="org.springframework.web.servlet.tags.form.SelectTagTests" time="0.008"/>
  <testcase name="multipleWithStringValue" classname="org.springframework.web.servlet.tags.form.SelectTagTests" time="0.006"/>
  <testcase name="withListAndNoLabel" classname="org.springframework.web.servlet.tags.form.SelectTagTests" time="0.007"/>
  <testcase name="dynamicAttributes" classname="org.springframework.web.servlet.tags.form.SelectTagTests" time="0.006"/>
  <testcase name="multipleExplicitlyTrue" classname="org.springframework.web.servlet.tags.form.SelectTagTests" time="0.007"/>
  <testcase name="withOtherValue" classname="org.springframework.web.servlet.tags.form.SelectTagTests" time="0.009"/>
  <testcase name="nullItems" classname="org.springframework.web.servlet.tags.form.SelectTagTests" time="0.005"/>
  <testcase name="withListAndTransformTag" classname="org.springframework.web.servlet.tags.form.SelectTagTests" time="0.007"/>
  <testcase name="withMap" classname="org.springframework.web.servlet.tags.form.SelectTagTests" time="0.006"/>
  <testcase name="withMultiListAndCustomEditor" classname="org.springframework.web.servlet.tags.form.SelectTagTests" time="0.012"/>
  <testcase name="withMultiMapWithItemValueAndItemLabel" classname="org.springframework.web.servlet.tags.form.SelectTagTests" time="0.031"/>
  <testcase name="withNullValue" classname="org.springframework.web.servlet.tags.form.SelectTagTests" time="0.008"/>
  <testcase name="withListAndEditor" classname="org.springframework.web.servlet.tags.form.SelectTagTests" time="0.01"/>
  <testcase name="withFloatCustom" classname="org.springframework.web.servlet.tags.form.SelectTagTests" time="0.01"/>
  <system-out><![CDATA[19:50:13.114 [Test worker] ERROR o.s.w.s.t.f.SelectTagTests$1 - Type [org.springframework.tests.sample.beans.TestBean] is not valid for option items
javax.servlet.jsp.JspException: Type [org.springframework.tests.sample.beans.TestBean] is not valid for option items
	at org.springframework.web.servlet.tags.form.OptionWriter.writeOptions(OptionWriter.java:146) ~[main/:?]
	at org.springframework.web.servlet.tags.form.SelectTag.writeTagContent(SelectTag.java:428) ~[main/:?]
	at org.springframework.web.servlet.tags.form.AbstractFormTag.doStartTagInternal(AbstractFormTag.java:86) ~[main/:?]
	at org.springframework.web.servlet.tags.RequestContextAwareTag.doStartTag(RequestContextAwareTag.java:83) ~[main/:?]
	at org.assertj.core.api.ThrowableAssert.catchThrowable(ThrowableAssert.java:62) [assertj-core-3.12.2.jar:?]
	at org.assertj.core.api.ThrowableTypeAssert.isThrownBy(ThrowableTypeAssert.java:59) [assertj-core-3.12.2.jar:?]
	at org.springframework.web.servlet.tags.form.SelectTagTests.withInvalidList(SelectTagTests.java:350) [test/:?]
	at sun.reflect.NativeMethodAccessorImpl.invoke0(Native Method) ~[?:1.8.0_144]
	at sun.reflect.NativeMethodAccessorImpl.invoke(NativeMethodAccessorImpl.java:62) ~[?:1.8.0_144]
	at sun.reflect.DelegatingMethodAccessorImpl.invoke(DelegatingMethodAccessorImpl.java:43) ~[?:1.8.0_144]
	at java.lang.reflect.Method.invoke(Method.java:498) ~[?:1.8.0_144]
	at org.junit.runners.model.FrameworkMethod$1.runReflectiveCall(FrameworkMethod.java:59) [junit-4.13-beta-3.jar:4.13-beta-3]
	at org.junit.internal.runners.model.ReflectiveCallable.run(ReflectiveCallable.java:12) [junit-4.13-beta-3.jar:4.13-beta-3]
	at org.junit.runners.model.FrameworkMethod.invokeExplosively(FrameworkMethod.java:56) [junit-4.13-beta-3.jar:4.13-beta-3]
	at org.junit.internal.runners.statements.InvokeMethod.evaluate(InvokeMethod.java:17) [junit-4.13-beta-3.jar:4.13-beta-3]
	at org.junit.internal.runners.statements.RunBefores.evaluate(RunBefores.java:26) [junit-4.13-beta-3.jar:4.13-beta-3]
	at org.junit.runners.ParentRunner$3.evaluate(ParentRunner.java:305) [junit-4.13-beta-3.jar:4.13-beta-3]
	at org.junit.runners.BlockJUnit4ClassRunner$1.evaluate(BlockJUnit4ClassRunner.java:100) [junit-4.13-beta-3.jar:4.13-beta-3]
	at org.junit.runners.ParentRunner.runLeaf(ParentRunner.java:365) [junit-4.13-beta-3.jar:4.13-beta-3]
	at org.junit.runners.BlockJUnit4ClassRunner.runChild(BlockJUnit4ClassRunner.java:103) [junit-4.13-beta-3.jar:4.13-beta-3]
	at org.junit.runners.BlockJUnit4ClassRunner.runChild(BlockJUnit4ClassRunner.java:63) [junit-4.13-beta-3.jar:4.13-beta-3]
	at org.junit.runners.ParentRunner$4.run(ParentRunner.java:330) [junit-4.13-beta-3.jar:4.13-beta-3]
	at org.junit.runners.ParentRunner$1.schedule(ParentRunner.java:78) [junit-4.13-beta-3.jar:4.13-beta-3]
	at org.junit.runners.ParentRunner.runChildren(ParentRunner.java:328) [junit-4.13-beta-3.jar:4.13-beta-3]
	at org.junit.runners.ParentRunner.access$100(ParentRunner.java:65) [junit-4.13-beta-3.jar:4.13-beta-3]
	at org.junit.runners.ParentRunner$2.evaluate(ParentRunner.java:292) [junit-4.13-beta-3.jar:4.13-beta-3]
	at org.junit.runners.ParentRunner$3.evaluate(ParentRunner.java:305) [junit-4.13-beta-3.jar:4.13-beta-3]
	at org.junit.runners.ParentRunner.run(ParentRunner.java:412) [junit-4.13-beta-3.jar:4.13-beta-3]
	at org.gradle.api.internal.tasks.testing.junit.JUnitTestClassExecutor.runTestClass(JUnitTestClassExecutor.java:110) [gradle-testing-jvm-5.0.jar:5.0]
	at org.gradle.api.internal.tasks.testing.junit.JUnitTestClassExecutor.execute(JUnitTestClassExecutor.java:58) [gradle-testing-jvm-5.0.jar:5.0]
	at org.gradle.api.internal.tasks.testing.junit.JUnitTestClassExecutor.execute(JUnitTestClassExecutor.java:38) [gradle-testing-jvm-5.0.jar:5.0]
	at org.gradle.api.internal.tasks.testing.junit.AbstractJUnitTestClassProcessor.processTestClass(AbstractJUnitTestClassProcessor.java:66) [gradle-testing-jvm-5.0.jar:5.0]
	at org.gradle.api.internal.tasks.testing.SuiteTestClassProcessor.processTestClass(SuiteTestClassProcessor.java:51) [gradle-testing-base-5.0.jar:5.0]
	at sun.reflect.GeneratedMethodAccessor43.invoke(Unknown Source) ~[?:?]
	at sun.reflect.DelegatingMethodAccessorImpl.invoke(DelegatingMethodAccessorImpl.java:43) ~[?:1.8.0_144]
	at java.lang.reflect.Method.invoke(Method.java:498) ~[?:1.8.0_144]
	at org.gradle.internal.dispatch.ReflectionDispatch.dispatch(ReflectionDispatch.java:35) [gradle-messaging-5.0.jar:5.0]
	at org.gradle.internal.dispatch.ReflectionDispatch.dispatch(ReflectionDispatch.java:24) [gradle-messaging-5.0.jar:5.0]
	at org.gradle.internal.dispatch.ContextClassLoaderDispatch.dispatch(ContextClassLoaderDispatch.java:32) [gradle-messaging-5.0.jar:5.0]
	at org.gradle.internal.dispatch.ProxyDispatchAdapter$DispatchingInvocationHandler.invoke(ProxyDispatchAdapter.java:93) [gradle-messaging-5.0.jar:5.0]
	at com.sun.proxy.$Proxy2.processTestClass(Unknown Source) [?:?]
	at org.gradle.api.internal.tasks.testing.worker.TestWorker.processTestClass(TestWorker.java:118) [gradle-testing-base-5.0.jar:5.0]
	at sun.reflect.GeneratedMethodAccessor42.invoke(Unknown Source) ~[?:?]
	at sun.reflect.DelegatingMethodAccessorImpl.invoke(DelegatingMethodAccessorImpl.java:43) ~[?:1.8.0_144]
	at java.lang.reflect.Method.invoke(Method.java:498) ~[?:1.8.0_144]
	at org.gradle.internal.dispatch.ReflectionDispatch.dispatch(ReflectionDispatch.java:35) [gradle-messaging-5.0.jar:5.0]
	at org.gradle.internal.dispatch.ReflectionDispatch.dispatch(ReflectionDispatch.java:24) [gradle-messaging-5.0.jar:5.0]
	at org.gradle.internal.remote.internal.hub.MessageHubBackedObjectConnection$DispatchWrapper.dispatch(MessageHubBackedObjectConnection.java:175) [gradle-messaging-5.0.jar:5.0]
	at org.gradle.internal.remote.internal.hub.MessageHubBackedObjectConnection$DispatchWrapper.dispatch(MessageHubBackedObjectConnection.java:157) [gradle-messaging-5.0.jar:5.0]
	at org.gradle.internal.remote.internal.hub.MessageHub$Handler.run(MessageHub.java:404) [gradle-messaging-5.0.jar:5.0]
	at org.gradle.internal.concurrent.ExecutorPolicy$CatchAndRecordFailures.onExecute(ExecutorPolicy.java:63) [gradle-base-services-5.0.jar:5.0]
	at org.gradle.internal.concurrent.ManagedExecutorImpl$1.run(ManagedExecutorImpl.java:46) [gradle-base-services-5.0.jar:5.0]
	at java.util.concurrent.ThreadPoolExecutor.runWorker(ThreadPoolExecutor.java:1149) [?:1.8.0_144]
	at java.util.concurrent.ThreadPoolExecutor$Worker.run(ThreadPoolExecutor.java:624) [?:1.8.0_144]
	at org.gradle.internal.concurrent.ThreadFactoryImpl$ManagedThreadRunnable.run(ThreadFactoryImpl.java:55) [gradle-base-services-5.0.jar:5.0]
	at java.lang.Thread.run(Thread.java:748) [?:1.8.0_144]
]]></system-out>
  <system-err><![CDATA[]]></system-err>
</testsuite>
