<?xml version="1.0" encoding="UTF-8"?>
<testsuite name="org.springframework.web.servlet.tags.form.ButtonTagTests" tests="2" skipped="0" failures="0" errors="0" timestamp="2019-06-21T11:50:13" hostname="Macbook-Air.local" time="0.011">
  <properties/>
  <testcase name="buttonTag" classname="org.springframework.web.servlet.tags.form.ButtonTagTests" time="0.006"/>
  <testcase name="disabled" classname="org.springframework.web.servlet.tags.form.ButtonTagTests" time="0.005"/>
  <system-out><![CDATA[]]></system-out>
  <system-err><![CDATA[]]></system-err>
</testsuite>
