<?xml version="1.0" encoding="UTF-8"?>
<testsuite name="org.springframework.web.servlet.view.script.ScriptTemplateViewTests" tests="12" skipped="0" failures="0" errors="0" timestamp="2019-06-21T11:50:21" hostname="Macbook-Air.local" time="0.494">
  <properties/>
  <testcase name="detectScriptTemplateConfigWithEngineName" classname="org.springframework.web.servlet.view.script.ScriptTemplateViewTests" time="0.394"/>
  <testcase name="nonInvocableScriptEngineWithRenderFunction" classname="org.springframework.web.servlet.view.script.ScriptTemplateViewTests" time="0.021"/>
  <testcase name="engineAndEngineNameBothDefined" classname="org.springframework.web.servlet.view.script.ScriptTemplateViewTests" time="0.022"/>
  <testcase name="nonSharedEngine" classname="org.springframework.web.servlet.view.script.ScriptTemplateViewTests" time="0.03"/>
  <testcase name="missingTemplate" classname="org.springframework.web.servlet.view.script.ScriptTemplateViewTests" time="0.002"/>
  <testcase name="contentType" classname="org.springframework.web.servlet.view.script.ScriptTemplateViewTests" time="0.015"/>
  <testcase name="missingScriptTemplateConfig" classname="org.springframework.web.servlet.view.script.ScriptTemplateViewTests" time="0.001"/>
  <testcase name="engineSetterAndNonSharedEngine" classname="org.springframework.web.servlet.view.script.ScriptTemplateViewTests" time="0.001"/>
  <testcase name="customEngineAndRenderFunction" classname="org.springframework.web.servlet.view.script.ScriptTemplateViewTests" time="0.001"/>
  <testcase name="resourceLoaderPath" classname="org.springframework.web.servlet.view.script.ScriptTemplateViewTests" time="0.004"/>
  <testcase name="nonInvocableScriptEngine" classname="org.springframework.web.servlet.view.script.ScriptTemplateViewTests" time="0.0"/>
  <testcase name="detectScriptTemplateConfigWithEngine" classname="org.springframework.web.servlet.view.script.ScriptTemplateViewTests" time="0.001"/>
  <system-out><![CDATA[]]></system-out>
  <system-err><![CDATA[]]></system-err>
</testsuite>
