<?xml version="1.0" encoding="UTF-8"?>
<testsuite name="org.springframework.web.servlet.handler.MappedInterceptorTests" tests="9" skipped="0" failures="0" errors="0" timestamp="2019-06-21T11:49:36" hostname="Macbook-Air.local" time="0.379">
  <properties/>
  <testcase name="noPatterns" classname="org.springframework.web.servlet.handler.MappedInterceptorTests" time="0.0"/>
  <testcase name="includePatternWithMatrixVariables" classname="org.springframework.web.servlet.handler.MappedInterceptorTests" time="0.001"/>
  <testcase name="includePattern" classname="org.springframework.web.servlet.handler.MappedInterceptorTests" time="0.0"/>
  <testcase name="customPathMatcher" classname="org.springframework.web.servlet.handler.MappedInterceptorTests" time="0.003"/>
  <testcase name="afterCompletion" classname="org.springframework.web.servlet.handler.MappedInterceptorTests" time="0.306"/>
  <testcase name="includeAndExcludePatterns" classname="org.springframework.web.servlet.handler.MappedInterceptorTests" time="0.0"/>
  <testcase name="postHandle" classname="org.springframework.web.servlet.handler.MappedInterceptorTests" time="0.067"/>
  <testcase name="excludePattern" classname="org.springframework.web.servlet.handler.MappedInterceptorTests" time="0.0"/>
  <testcase name="preHandle" classname="org.springframework.web.servlet.handler.MappedInterceptorTests" time="0.002"/>
  <system-out><![CDATA[]]></system-out>
  <system-err><![CDATA[]]></system-err>
</testsuite>
