<?xml version="1.0" encoding="UTF-8"?>
<testsuite name="org.springframework.web.context.support.WebApplicationObjectSupportTests" tests="2" skipped="0" failures="0" errors="0" timestamp="2019-06-21T11:50:42" hostname="Macbook-Air.local" time="0.005">
  <properties/>
  <testcase name="testWebApplicationObjectSupportWithWrongContext" classname="org.springframework.web.context.support.WebApplicationObjectSupportTests" time="0.004"/>
  <testcase name="testWebApplicationObjectSupport" classname="org.springframework.web.context.support.WebApplicationObjectSupportTests" time="0.001"/>
  <system-out><![CDATA[]]></system-out>
  <system-err><![CDATA[]]></system-err>
</testsuite>
