<?xml version="1.0" encoding="UTF-8"?>
<testsuite name="org.springframework.web.servlet.config.annotation.ResourceHandlerRegistryTests" tests="11" skipped="0" failures="0" errors="0" timestamp="2019-06-21T11:49:55" hostname="Macbook-Air.local" time="0.233">
  <properties/>
  <testcase name="resourceChainWithVersionResolver" classname="org.springframework.web.servlet.config.annotation.ResourceHandlerRegistryTests" time="0.079"/>
  <testcase name="cacheControl" classname="org.springframework.web.servlet.config.annotation.ResourceHandlerRegistryTests" time="0.001"/>
  <testcase name="hasMappingForPattern" classname="org.springframework.web.servlet.config.annotation.ResourceHandlerRegistryTests" time="0.001"/>
  <testcase name="noResourceHandlers" classname="org.springframework.web.servlet.config.annotation.ResourceHandlerRegistryTests" time="0.0"/>
  <testcase name="urlResourceWithCharset" classname="org.springframework.web.servlet.config.annotation.ResourceHandlerRegistryTests" time="0.004"/>
  <testcase name="mapPathToLocation" classname="org.springframework.web.servlet.config.annotation.ResourceHandlerRegistryTests" time="0.009"/>
  <testcase name="resourceChainWithOverrides" classname="org.springframework.web.servlet.config.annotation.ResourceHandlerRegistryTests" time="0.11"/>
  <testcase name="order" classname="org.springframework.web.servlet.config.annotation.ResourceHandlerRegistryTests" time="0.0"/>
  <testcase name="cachePeriod" classname="org.springframework.web.servlet.config.annotation.ResourceHandlerRegistryTests" time="0.007"/>
  <testcase name="resourceChainWithoutCaching" classname="org.springframework.web.servlet.config.annotation.ResourceHandlerRegistryTests" time="0.002"/>
  <testcase name="resourceChain" classname="org.springframework.web.servlet.config.annotation.ResourceHandlerRegistryTests" time="0.017"/>
  <system-out><![CDATA[]]></system-out>
  <system-err><![CDATA[]]></system-err>
</testsuite>
