<?xml version="1.0" encoding="UTF-8"?>
<testsuite name="org.springframework.web.servlet.mvc.method.annotation.ReactiveTypeHandlerTests" tests="12" skipped="0" failures="0" errors="0" timestamp="2019-06-21T11:49:50" hostname="Macbook-Air.local" time="0.144">
  <properties/>
  <testcase name="writeStreamJson" classname="org.springframework.web.servlet.mvc.method.annotation.ReactiveTypeHandlerTests" time="0.012"/>
  <testcase name="supportsType" classname="org.springframework.web.servlet.mvc.method.annotation.ReactiveTypeHandlerTests" time="0.0"/>
  <testcase name="writeText" classname="org.springframework.web.servlet.mvc.method.annotation.ReactiveTypeHandlerTests" time="0.003"/>
  <testcase name="deferredResultSubscriberWithNoValues" classname="org.springframework.web.servlet.mvc.method.annotation.ReactiveTypeHandlerTests" time="0.007"/>
  <testcase name="doesNotSupportType" classname="org.springframework.web.servlet.mvc.method.annotation.ReactiveTypeHandlerTests" time="0.0"/>
  <testcase name="deferredResultSubscriberWithMultipleValues" classname="org.springframework.web.servlet.mvc.method.annotation.ReactiveTypeHandlerTests" time="0.001"/>
  <testcase name="deferredResultSubscriberWithOneValue" classname="org.springframework.web.servlet.mvc.method.annotation.ReactiveTypeHandlerTests" time="0.102"/>
  <testcase name="writeFluxOfString" classname="org.springframework.web.servlet.mvc.method.annotation.ReactiveTypeHandlerTests" time="0.004"/>
  <testcase name="deferredResultSubscriberWithError" classname="org.springframework.web.servlet.mvc.method.annotation.ReactiveTypeHandlerTests" time="0.007"/>
  <testcase name="writeServerSentEventsWithBuilder" classname="org.springframework.web.servlet.mvc.method.annotation.ReactiveTypeHandlerTests" time="0.003"/>
  <testcase name="mediaTypes" classname="org.springframework.web.servlet.mvc.method.annotation.ReactiveTypeHandlerTests" time="0.003"/>
  <testcase name="writeServerSentEvents" classname="org.springframework.web.servlet.mvc.method.annotation.ReactiveTypeHandlerTests" time="0.001"/>
  <system-out><![CDATA[19:49:50.113 [Test worker] WARN  o.s.w.s.m.m.a.ReactiveTypeHandler - 
!!!
Streaming through a reactive type requires an Executor to write to the response.
Please, configure a TaskExecutor in the MVC config under "async support".
The SyncTaskExecutor currently in use is not suitable under load.
-------------------------------
Controller:	org.springframework.web.servlet.mvc.method.annotation.ReactiveTypeHandlerTests$TestController
Method:		handleFlux
Returning:	reactor.core.publisher.Flux<org.springframework.web.servlet.mvc.method.annotation.ReactiveTypeHandlerTests$Bar>
!!!
19:49:50.122 [Test worker] WARN  o.s.w.s.m.m.a.ReactiveTypeHandler - 
!!!
Streaming through a reactive type requires an Executor to write to the response.
Please, configure a TaskExecutor in the MVC config under "async support".
The SyncTaskExecutor currently in use is not suitable under load.
-------------------------------
Controller:	org.springframework.web.servlet.mvc.method.annotation.ReactiveTypeHandlerTests$TestController
Method:		handleFluxString
Returning:	reactor.core.publisher.Flux<java.lang.String>
!!!
19:49:50.236 [Test worker] WARN  o.s.w.s.m.m.a.ReactiveTypeHandler - 
!!!
Streaming through a reactive type requires an Executor to write to the response.
Please, configure a TaskExecutor in the MVC config under "async support".
The SyncTaskExecutor currently in use is not suitable under load.
-------------------------------
Controller:	org.springframework.web.servlet.mvc.method.annotation.ReactiveTypeHandlerTests$TestController
Method:		handleFluxString
Returning:	reactor.core.publisher.Flux<java.lang.String>
!!!
19:49:50.245 [Test worker] WARN  o.s.w.s.m.m.a.ReactiveTypeHandler - 
!!!
Streaming through a reactive type requires an Executor to write to the response.
Please, configure a TaskExecutor in the MVC config under "async support".
The SyncTaskExecutor currently in use is not suitable under load.
-------------------------------
Controller:	org.springframework.web.servlet.mvc.method.annotation.ReactiveTypeHandlerTests$TestController
Method:		handleFluxSseEventBuilder
Returning:	reactor.core.publisher.Flux<org.springframework.http.codec.ServerSentEvent<java.lang.String>>
!!!
19:49:50.251 [Test worker] WARN  o.s.w.s.m.m.a.ReactiveTypeHandler - 
!!!
Streaming through a reactive type requires an Executor to write to the response.
Please, configure a TaskExecutor in the MVC config under "async support".
The SyncTaskExecutor currently in use is not suitable under load.
-------------------------------
Controller:	org.springframework.web.servlet.mvc.method.annotation.ReactiveTypeHandlerTests$TestController
Method:		handleFluxString
Returning:	reactor.core.publisher.Flux<java.lang.String>
!!!
19:49:50.253 [Test worker] WARN  o.s.w.s.m.m.a.ReactiveTypeHandler - 
!!!
Streaming through a reactive type requires an Executor to write to the response.
Please, configure a TaskExecutor in the MVC config under "async support".
The SyncTaskExecutor currently in use is not suitable under load.
-------------------------------
Controller:	org.springframework.web.servlet.mvc.method.annotation.ReactiveTypeHandlerTests$TestController
Method:		handleFluxString
Returning:	reactor.core.publisher.Flux<java.lang.String>
!!!
]]></system-out>
  <system-err><![CDATA[]]></system-err>
</testsuite>
