<?xml version="1.0" encoding="UTF-8"?>
<testsuite name="org.springframework.web.servlet.view.feed.RssFeedViewTests" tests="1" skipped="0" failures="0" errors="0" timestamp="2019-06-21T11:50:39" hostname="Macbook-Air.local" time="0.458">
  <properties/>
  <testcase name="render" classname="org.springframework.web.servlet.view.feed.RssFeedViewTests" time="0.458"/>
  <system-out><![CDATA[]]></system-out>
  <system-err><![CDATA[]]></system-err>
</testsuite>
