<?xml version="1.0" encoding="UTF-8"?>
<testsuite name="org.springframework.web.servlet.handler.PathMatchingUrlHandlerMappingTests" tests="4" skipped="0" failures="0" errors="0" timestamp="2019-06-21T11:49:35" hostname="Macbook-Air.local" time="0.072">
  <properties/>
  <testcase name="defaultMapping" classname="org.springframework.web.servlet.handler.PathMatchingUrlHandlerMappingTests" time="0.017"/>
  <testcase name="actualPathMatching" classname="org.springframework.web.servlet.handler.PathMatchingUrlHandlerMappingTests" time="0.026"/>
  <testcase name="mappingExposedInRequest" classname="org.springframework.web.servlet.handler.PathMatchingUrlHandlerMappingTests" time="0.015"/>
  <testcase name="requestsWithHandlers" classname="org.springframework.web.servlet.handler.PathMatchingUrlHandlerMappingTests" time="0.012"/>
  <system-out><![CDATA[]]></system-out>
  <system-err><![CDATA[]]></system-err>
</testsuite>
