<?xml version="1.0" encoding="UTF-8"?>
<testsuite name="org.springframework.web.servlet.mvc.method.annotation.PathVariableMapMethodArgumentResolverTests" tests="3" skipped="0" failures="0" errors="0" timestamp="2019-06-21T11:49:47" hostname="Macbook-Air.local" time="0.002">
  <properties/>
  <testcase name="resolveArgumentNoUriVars" classname="org.springframework.web.servlet.mvc.method.annotation.PathVariableMapMethodArgumentResolverTests" time="0.001"/>
  <testcase name="resolveArgument" classname="org.springframework.web.servlet.mvc.method.annotation.PathVariableMapMethodArgumentResolverTests" time="0.001"/>
  <testcase name="supportsParameter" classname="org.springframework.web.servlet.mvc.method.annotation.PathVariableMapMethodArgumentResolverTests" time="0.0"/>
  <system-out><![CDATA[]]></system-out>
  <system-err><![CDATA[]]></system-err>
</testsuite>
