<?xml version="1.0" encoding="UTF-8"?>
<testsuite name="org.springframework.web.servlet.mvc.method.annotation.HandlerMethodAnnotationDetectionTests" tests="13" skipped="0" failures="0" errors="0" timestamp="2019-06-21T11:49:52" hostname="Macbook-Air.local" time="1.164">
  <properties/>
  <testcase name="testRequestMappingMethod[controller [class org.springframework.web.servlet.mvc.method.annotation.HandlerMethodAnnotationDetectionTests$SimpleController], auto-proxy [true]]" classname="org.springframework.web.servlet.mvc.method.annotation.HandlerMethodAnnotationDetectionTests" time="0.126"/>
  <testcase name="testRequestMappingMethod[controller [class org.springframework.web.servlet.mvc.method.annotation.HandlerMethodAnnotationDetectionTests$SimpleController], auto-proxy [false]]" classname="org.springframework.web.servlet.mvc.method.annotation.HandlerMethodAnnotationDetectionTests" time="0.079"/>
  <testcase name="testRequestMappingMethod[controller [class org.springframework.web.servlet.mvc.method.annotation.HandlerMethodAnnotationDetectionTests$AbstractClassController], auto-proxy [true]]" classname="org.springframework.web.servlet.mvc.method.annotation.HandlerMethodAnnotationDetectionTests" time="0.098"/>
  <testcase name="testRequestMappingMethod[controller [class org.springframework.web.servlet.mvc.method.annotation.HandlerMethodAnnotationDetectionTests$AbstractClassController], auto-proxy [false]]" classname="org.springframework.web.servlet.mvc.method.annotation.HandlerMethodAnnotationDetectionTests" time="0.08"/>
  <testcase name="testRequestMappingMethod[controller [class org.springframework.web.servlet.mvc.method.annotation.HandlerMethodAnnotationDetectionTests$ParameterizedAbstractClassController], auto-proxy [true]]" classname="org.springframework.web.servlet.mvc.method.annotation.HandlerMethodAnnotationDetectionTests" time="0.111"/>
  <testcase name="testRequestMappingMethod[controller [class org.springframework.web.servlet.mvc.method.annotation.HandlerMethodAnnotationDetectionTests$ParameterizedAbstractClassController], auto-proxy [false]]" classname="org.springframework.web.servlet.mvc.method.annotation.HandlerMethodAnnotationDetectionTests" time="0.068"/>
  <testcase name="testRequestMappingMethod[controller [class org.springframework.web.servlet.mvc.method.annotation.HandlerMethodAnnotationDetectionTests$ParameterizedSubclassOverridesDefaultMappings], auto-proxy [true]]" classname="org.springframework.web.servlet.mvc.method.annotation.HandlerMethodAnnotationDetectionTests" time="0.109"/>
  <testcase name="testRequestMappingMethod[controller [class org.springframework.web.servlet.mvc.method.annotation.HandlerMethodAnnotationDetectionTests$ParameterizedSubclassOverridesDefaultMappings], auto-proxy [false]]" classname="org.springframework.web.servlet.mvc.method.annotation.HandlerMethodAnnotationDetectionTests" time="0.075"/>
  <testcase name="testRequestMappingMethod[controller [class org.springframework.web.servlet.mvc.method.annotation.HandlerMethodAnnotationDetectionTests$InterfaceController], auto-proxy [true]]" classname="org.springframework.web.servlet.mvc.method.annotation.HandlerMethodAnnotationDetectionTests" time="0.085"/>
  <testcase name="testRequestMappingMethod[controller [class org.springframework.web.servlet.mvc.method.annotation.HandlerMethodAnnotationDetectionTests$InterfaceController], auto-proxy [false]]" classname="org.springframework.web.servlet.mvc.method.annotation.HandlerMethodAnnotationDetectionTests" time="0.076"/>
  <testcase name="testRequestMappingMethod[controller [class org.springframework.web.servlet.mvc.method.annotation.HandlerMethodAnnotationDetectionTests$ParameterizedInterfaceController], auto-proxy [false]]" classname="org.springframework.web.servlet.mvc.method.annotation.HandlerMethodAnnotationDetectionTests" time="0.086"/>
  <testcase name="testRequestMappingMethod[controller [class org.springframework.web.servlet.mvc.method.annotation.HandlerMethodAnnotationDetectionTests$SupportClassController], auto-proxy [true]]" classname="org.springframework.web.servlet.mvc.method.annotation.HandlerMethodAnnotationDetectionTests" time="0.089"/>
  <testcase name="testRequestMappingMethod[controller [class org.springframework.web.servlet.mvc.method.annotation.HandlerMethodAnnotationDetectionTests$SupportClassController], auto-proxy [false]]" classname="org.springframework.web.servlet.mvc.method.annotation.HandlerMethodAnnotationDetectionTests" time="0.079"/>
  <system-out><![CDATA[]]></system-out>
  <system-err><![CDATA[]]></system-err>
</testsuite>
