<?xml version="1.0" encoding="UTF-8"?>
<testsuite name="org.springframework.web.servlet.view.script.NashornScriptTemplateTests" tests="2" skipped="0" failures="0" errors="0" timestamp="2019-06-21T11:50:22" hostname="Macbook-Air.local" time="0.319">
  <properties/>
  <testcase name="renderTemplateWithUrl" classname="org.springframework.web.servlet.view.script.NashornScriptTemplateTests" time="0.269"/>
  <testcase name="renderTemplate" classname="org.springframework.web.servlet.view.script.NashornScriptTemplateTests" time="0.05"/>
  <system-out><![CDATA[]]></system-out>
  <system-err><![CDATA[]]></system-err>
</testsuite>
