<?xml version="1.0" encoding="UTF-8"?>
<testsuite name="org.springframework.web.servlet.resource.CssLinkResourceTransformerTests" tests="6" skipped="0" failures="0" errors="0" timestamp="2019-06-21T11:50:41" hostname="Macbook-Air.local" time="0.044">
  <properties/>
  <testcase name="transformSkippedForNonCssResource" classname="org.springframework.web.servlet.resource.CssLinkResourceTransformerTests" time="0.001"/>
  <testcase name="transformEmptyUrlFunction" classname="org.springframework.web.servlet.resource.CssLinkResourceTransformerTests" time="0.015"/>
  <testcase name="transformSkippedForGzippedResource" classname="org.springframework.web.servlet.resource.CssLinkResourceTransformerTests" time="0.004"/>
  <testcase name="transformNoLinks" classname="org.springframework.web.servlet.resource.CssLinkResourceTransformerTests" time="0.0"/>
  <testcase name="transformExtLinksNotAllowed" classname="org.springframework.web.servlet.resource.CssLinkResourceTransformerTests" time="0.016"/>
  <testcase name="transform" classname="org.springframework.web.servlet.resource.CssLinkResourceTransformerTests" time="0.008"/>
  <system-out><![CDATA[]]></system-out>
  <system-err><![CDATA[]]></system-err>
</testsuite>
