<?xml version="1.0" encoding="UTF-8"?>
<testsuite name="org.springframework.web.servlet.mvc.method.annotation.StreamingResponseBodyReturnValueHandlerTests" tests="5" skipped="0" failures="0" errors="0" timestamp="2019-06-21T11:49:55" hostname="Macbook-Air.local" time="0.014">
  <properties/>
  <testcase name="streamingResponseBody" classname="org.springframework.web.servlet.mvc.method.annotation.StreamingResponseBodyReturnValueHandlerTests" time="0.011"/>
  <testcase name="responseEntity" classname="org.springframework.web.servlet.mvc.method.annotation.StreamingResponseBodyReturnValueHandlerTests" time="0.002"/>
  <testcase name="responseEntityNoContent" classname="org.springframework.web.servlet.mvc.method.annotation.StreamingResponseBodyReturnValueHandlerTests" time="0.0"/>
  <testcase name="responseEntityWithHeadersAndNoContent" classname="org.springframework.web.servlet.mvc.method.annotation.StreamingResponseBodyReturnValueHandlerTests" time="0.001"/>
  <testcase name="supportsReturnType" classname="org.springframework.web.servlet.mvc.method.annotation.StreamingResponseBodyReturnValueHandlerTests" time="0.0"/>
  <system-out><![CDATA[]]></system-out>
  <system-err><![CDATA[]]></system-err>
</testsuite>
