<?xml version="1.0" encoding="UTF-8"?>
<testsuite name="org.springframework.web.servlet.config.AnnotationDrivenBeanDefinitionParserTests" tests="7" skipped="0" failures="0" errors="0" timestamp="2019-06-21T11:50:05" hostname="Macbook-Air.local" time="1.258">
  <properties/>
  <testcase name="testMessageConvertersWithoutDefaultRegistrations" classname="org.springframework.web.servlet.config.AnnotationDrivenBeanDefinitionParserTests" time="0.077"/>
  <testcase name="testMessageCodesResolver" classname="org.springframework.web.servlet.config.AnnotationDrivenBeanDefinitionParserTests" time="0.227"/>
  <testcase name="testPathMatchingConfiguration" classname="org.springframework.web.servlet.config.AnnotationDrivenBeanDefinitionParserTests" time="0.23"/>
  <testcase name="beanNameUrlHandlerMapping" classname="org.springframework.web.servlet.config.AnnotationDrivenBeanDefinitionParserTests" time="0.191"/>
  <testcase name="testMessageConverters" classname="org.springframework.web.servlet.config.AnnotationDrivenBeanDefinitionParserTests" time="0.211"/>
  <testcase name="testArgumentResolvers" classname="org.springframework.web.servlet.config.AnnotationDrivenBeanDefinitionParserTests" time="0.168"/>
  <testcase name="testReturnValueHandlers" classname="org.springframework.web.servlet.config.AnnotationDrivenBeanDefinitionParserTests" time="0.153"/>
  <system-out><![CDATA[]]></system-out>
  <system-err><![CDATA[]]></system-err>
</testsuite>
