<?xml version="1.0" encoding="UTF-8"?>
<testsuite name="org.springframework.cache.jcache.JCacheEhCacheApiTests" tests="13" skipped="0" failures="0" errors="0" timestamp="2019-06-21T11:41:12" hostname="Macbook-Air.local" time="1.13">
  <properties/>
  <testcase name="testCachePutNullValueAllowNullFalse" classname="org.springframework.cache.jcache.JCacheEhCacheApiTests" time="0.756"/>
  <testcase name="testCacheGetCallableNotInvokedWithHitNull" classname="org.springframework.cache.jcache.JCacheEhCacheApiTests" time="0.041"/>
  <testcase name="testCacheGetSynchronized" classname="org.springframework.cache.jcache.JCacheEhCacheApiTests" time="0.094"/>
  <testcase name="testCachePutIfAbsent" classname="org.springframework.cache.jcache.JCacheEhCacheApiTests" time="0.029"/>
  <testcase name="testCacheClear" classname="org.springframework.cache.jcache.JCacheEhCacheApiTests" time="0.032"/>
  <testcase name="testCacheRemove" classname="org.springframework.cache.jcache.JCacheEhCacheApiTests" time="0.025"/>
  <testcase name="testCacheGetCallableNotInvokedWithHit" classname="org.springframework.cache.jcache.JCacheEhCacheApiTests" time="0.022"/>
  <testcase name="testCacheName" classname="org.springframework.cache.jcache.JCacheEhCacheApiTests" time="0.021"/>
  <testcase name="testCachePut" classname="org.springframework.cache.jcache.JCacheEhCacheApiTests" time="0.026"/>
  <testcase name="testCacheGetCallable" classname="org.springframework.cache.jcache.JCacheEhCacheApiTests" time="0.019"/>
  <testcase name="testNativeCache" classname="org.springframework.cache.jcache.JCacheEhCacheApiTests" time="0.022"/>
  <testcase name="testCacheGetCallableFail" classname="org.springframework.cache.jcache.JCacheEhCacheApiTests" time="0.024"/>
  <testcase name="testCacheGetCallableWithNull" classname="org.springframework.cache.jcache.JCacheEhCacheApiTests" time="0.017"/>
  <system-out><![CDATA[]]></system-out>
  <system-err><![CDATA[]]></system-err>
</testsuite>
