<?xml version="1.0" encoding="UTF-8"?>
<testsuite name="org.springframework.validation.beanvalidation2.BeanValidationPostProcessorTests" tests="5" skipped="0" failures="0" errors="0" timestamp="2019-06-21T11:41:28" hostname="Macbook-Air.local" time="1.281">
  <properties/>
  <testcase name="testSizeConstraintSatisfied" classname="org.springframework.validation.beanvalidation2.BeanValidationPostProcessorTests" time="1.139"/>
  <testcase name="testNotNullConstraintAfterInitialization" classname="org.springframework.validation.beanvalidation2.BeanValidationPostProcessorTests" time="0.021"/>
  <testcase name="testNotNullConstraintSatisfied" classname="org.springframework.validation.beanvalidation2.BeanValidationPostProcessorTests" time="0.019"/>
  <testcase name="testSizeConstraint" classname="org.springframework.validation.beanvalidation2.BeanValidationPostProcessorTests" time="0.081"/>
  <testcase name="testNotNullConstraint" classname="org.springframework.validation.beanvalidation2.BeanValidationPostProcessorTests" time="0.021"/>
  <system-out><![CDATA[]]></system-out>
  <system-err><![CDATA[]]></system-err>
</testsuite>
