<?xml version="1.0" encoding="UTF-8"?>
<testsuite name="org.springframework.scheduling.quartz.QuartzSchedulerLifecycleTests" tests="2" skipped="0" failures="0" errors="0" timestamp="2019-06-21T11:41:26" hostname="Macbook-Air.local" time="0.297">
  <properties/>
  <testcase name="destroyLazyInitSchedulerWithCustomShutdownOrderDoesNotHang" classname="org.springframework.scheduling.quartz.QuartzSchedulerLifecycleTests" time="0.272"/>
  <testcase name="destroyLazyInitSchedulerWithDefaultShutdownOrderDoesNotHang" classname="org.springframework.scheduling.quartz.QuartzSchedulerLifecycleTests" time="0.025"/>
  <system-out><![CDATA[]]></system-out>
  <system-err><![CDATA[]]></system-err>
</testsuite>
