<?xml version="1.0" encoding="UTF-8"?>
<testsuite name="org.springframework.ui.freemarker.FreeMarkerConfigurationFactoryBeanTests" tests="4" skipped="0" failures="0" errors="0" timestamp="2019-06-21T11:41:10" hostname="Macbook-Air.local" time="1.551">
  <properties/>
  <testcase name="freeMarkerConfigurationFactoryBeanWithResourceLoaderPath" classname="org.springframework.ui.freemarker.FreeMarkerConfigurationFactoryBeanTests" time="1.062"/>
  <testcase name="freeMarkerConfigurationAsBean" classname="org.springframework.ui.freemarker.FreeMarkerConfigurationFactoryBeanTests" time="0.21"/>
  <testcase name="freeMarkerConfigurationFactoryBeanWithConfigLocation" classname="org.springframework.ui.freemarker.FreeMarkerConfigurationFactoryBeanTests" time="0.013"/>
  <testcase name="freeMarkerConfigurationFactoryBeanWithNonFileResourceLoaderPath" classname="org.springframework.ui.freemarker.FreeMarkerConfigurationFactoryBeanTests" time="0.266"/>
  <system-out><![CDATA[]]></system-out>
  <system-err><![CDATA[]]></system-err>
</testsuite>
