<?xml version="1.0" encoding="UTF-8"?>
<testsuite name="org.springframework.cache.jcache.JCacheCacheManagerTests" tests="5" skipped="0" failures="0" errors="0" timestamp="2020-11-25T14:38:57" hostname="lichangbaodeMacBook-Pro.local" time="0.103">
  <properties/>
  <testcase name="getTransactionalOnExistingCache" classname="org.springframework.cache.jcache.JCacheCacheManagerTests" time="0.09"/>
  <testcase name="getOnExistingCache" classname="org.springframework.cache.jcache.JCacheCacheManagerTests" time="0.009"/>
  <testcase name="getOnNewCache" classname="org.springframework.cache.jcache.JCacheCacheManagerTests" time="0.001"/>
  <testcase name="getOnUnknownCache" classname="org.springframework.cache.jcache.JCacheCacheManagerTests" time="0.001"/>
  <testcase name="getTransactionalOnNewCache" classname="org.springframework.cache.jcache.JCacheCacheManagerTests" time="0.002"/>
  <system-out><![CDATA[]]></system-out>
  <system-err><![CDATA[]]></system-err>
</testsuite>
