<?xml version="1.0" encoding="UTF-8"?>
<testsuite name="org.springframework.cache.jcache.JCacheEhCacheApiTests" tests="13" skipped="0" failures="0" errors="0" timestamp="2020-11-25T14:38:54" hostname="lichangbaodeMacBook-Pro.local" time="0.398">
  <properties/>
  <testcase name="testCachePutNullValueAllowNullFalse" classname="org.springframework.cache.jcache.JCacheEhCacheApiTests" time="0.209"/>
  <testcase name="testCacheGetCallableNotInvokedWithHitNull" classname="org.springframework.cache.jcache.JCacheEhCacheApiTests" time="0.022"/>
  <testcase name="testCacheGetSynchronized" classname="org.springframework.cache.jcache.JCacheEhCacheApiTests" time="0.069"/>
  <testcase name="testCachePutIfAbsent" classname="org.springframework.cache.jcache.JCacheEhCacheApiTests" time="0.013"/>
  <testcase name="testCacheClear" classname="org.springframework.cache.jcache.JCacheEhCacheApiTests" time="0.015"/>
  <testcase name="testCacheRemove" classname="org.springframework.cache.jcache.JCacheEhCacheApiTests" time="0.01"/>
  <testcase name="testCacheGetCallableNotInvokedWithHit" classname="org.springframework.cache.jcache.JCacheEhCacheApiTests" time="0.009"/>
  <testcase name="testCacheName" classname="org.springframework.cache.jcache.JCacheEhCacheApiTests" time="0.008"/>
  <testcase name="testCachePut" classname="org.springframework.cache.jcache.JCacheEhCacheApiTests" time="0.009"/>
  <testcase name="testCacheGetCallable" classname="org.springframework.cache.jcache.JCacheEhCacheApiTests" time="0.01"/>
  <testcase name="testNativeCache" classname="org.springframework.cache.jcache.JCacheEhCacheApiTests" time="0.008"/>
  <testcase name="testCacheGetCallableFail" classname="org.springframework.cache.jcache.JCacheEhCacheApiTests" time="0.008"/>
  <testcase name="testCacheGetCallableWithNull" classname="org.springframework.cache.jcache.JCacheEhCacheApiTests" time="0.008"/>
  <system-out><![CDATA[]]></system-out>
  <system-err><![CDATA[]]></system-err>
</testsuite>
