<?xml version="1.0" encoding="UTF-8"?>
<testsuite name="org.springframework.validation.beanvalidation2.ValidatorFactoryTests" tests="12" skipped="0" failures="0" errors="0" timestamp="2019-06-21T11:41:30" hostname="Macbook-Air.local" time="0.673">
  <properties/>
  <testcase name="testValidationWithOptionalField" classname="org.springframework.validation.beanvalidation2.ValidatorFactoryTests" time="0.044"/>
  <testcase name="testSpringValidationFieldType" classname="org.springframework.validation.beanvalidation2.ValidatorFactoryTests" time="0.094"/>
  <testcase name="testSpringValidationWithErrorInListElement" classname="org.springframework.validation.beanvalidation2.ValidatorFactoryTests" time="0.066"/>
  <testcase name="testSpringValidationWithClassLevel" classname="org.springframework.validation.beanvalidation2.ValidatorFactoryTests" time="0.065"/>
  <testcase name="testInnerBeanValidation" classname="org.springframework.validation.beanvalidation2.ValidatorFactoryTests" time="0.014"/>
  <testcase name="testSpringValidationWithErrorInSetElement" classname="org.springframework.validation.beanvalidation2.ValidatorFactoryTests" time="0.059"/>
  <testcase name="testSpringValidationWithAutowiredValidator" classname="org.springframework.validation.beanvalidation2.ValidatorFactoryTests" time="0.071"/>
  <testcase name="testSimpleValidation" classname="org.springframework.validation.beanvalidation2.ValidatorFactoryTests" time="0.056"/>
  <testcase name="testListValidation" classname="org.springframework.validation.beanvalidation2.ValidatorFactoryTests" time="0.021"/>
  <testcase name="testSimpleValidationWithClassLevel" classname="org.springframework.validation.beanvalidation2.ValidatorFactoryTests" time="0.059"/>
  <testcase name="testSimpleValidationWithCustomProvider" classname="org.springframework.validation.beanvalidation2.ValidatorFactoryTests" time="0.069"/>
  <testcase name="testSpringValidation" classname="org.springframework.validation.beanvalidation2.ValidatorFactoryTests" time="0.054"/>
  <system-out><![CDATA[]]></system-out>
  <system-err><![CDATA[]]></system-err>
</testsuite>
