<?xml version="1.0" encoding="UTF-8"?>
<testsuite name="org.springframework.validation.beanvalidation2.MethodValidationTests" tests="4" skipped="0" failures="0" errors="0" timestamp="2020-11-25T14:39:01" hostname="lichangbaodeMacBook-Pro.local" time="0.131">
  <properties/>
  <testcase name="testLazyValidatorForMethodValidation" classname="org.springframework.validation.beanvalidation2.MethodValidationTests" time="0.05"/>
  <testcase name="testMethodValidationInterceptor" classname="org.springframework.validation.beanvalidation2.MethodValidationTests" time="0.028"/>
  <testcase name="testLazyValidatorForMethodValidationWithProxyTargetClass" classname="org.springframework.validation.beanvalidation2.MethodValidationTests" time="0.035"/>
  <testcase name="testMethodValidationPostProcessor" classname="org.springframework.validation.beanvalidation2.MethodValidationTests" time="0.018"/>
  <system-out><![CDATA[]]></system-out>
  <system-err><![CDATA[]]></system-err>
</testsuite>
