<?xml version="1.0" encoding="UTF-8"?>
<testsuite name="org.springframework.ui.freemarker.FreeMarkerConfigurationFactoryBeanTests" tests="4" skipped="0" failures="0" errors="0" timestamp="2020-11-25T14:38:53" hostname="lichangbaodeMacBook-Pro.local" time="0.656">
  <properties/>
  <testcase name="freeMarkerConfigurationFactoryBeanWithResourceLoaderPath" classname="org.springframework.ui.freemarker.FreeMarkerConfigurationFactoryBeanTests" time="0.462"/>
  <testcase name="freeMarkerConfigurationAsBean" classname="org.springframework.ui.freemarker.FreeMarkerConfigurationFactoryBeanTests" time="0.113"/>
  <testcase name="freeMarkerConfigurationFactoryBeanWithConfigLocation" classname="org.springframework.ui.freemarker.FreeMarkerConfigurationFactoryBeanTests" time="0.007"/>
  <testcase name="freeMarkerConfigurationFactoryBeanWithNonFileResourceLoaderPath" classname="org.springframework.ui.freemarker.FreeMarkerConfigurationFactoryBeanTests" time="0.074"/>
  <system-out><![CDATA[]]></system-out>
  <system-err><![CDATA[]]></system-err>
</testsuite>
