<?xml version="1.0" encoding="UTF-8"?>
<testsuite name="org.springframework.cache.jcache.interceptor.CacheResolverAdapterTests" tests="2" skipped="0" failures="0" errors="0" timestamp="2020-11-25T14:38:59" hostname="lichangbaodeMacBook-Pro.local" time="0.014">
  <properties/>
  <testcase name="resolveSimpleCache" classname="org.springframework.cache.jcache.interceptor.CacheResolverAdapterTests" time="0.012"/>
  <testcase name="resolveUnknownCache" classname="org.springframework.cache.jcache.interceptor.CacheResolverAdapterTests" time="0.002"/>
  <system-out><![CDATA[]]></system-out>
  <system-err><![CDATA[]]></system-err>
</testsuite>
