<?xml version="1.0" encoding="UTF-8"?>
<testsuite name="org.springframework.cache.ehcache.EhCacheCacheManagerTests" tests="5" skipped="0" failures="0" errors="0" timestamp="2019-06-21T11:41:25" hostname="Macbook-Air.local" time="0.044">
  <properties/>
  <testcase name="getTransactionalOnExistingCache" classname="org.springframework.cache.ehcache.EhCacheCacheManagerTests" time="0.01"/>
  <testcase name="getOnExistingCache" classname="org.springframework.cache.ehcache.EhCacheCacheManagerTests" time="0.006"/>
  <testcase name="getOnNewCache" classname="org.springframework.cache.ehcache.EhCacheCacheManagerTests" time="0.012"/>
  <testcase name="getOnUnknownCache" classname="org.springframework.cache.ehcache.EhCacheCacheManagerTests" time="0.009"/>
  <testcase name="getTransactionalOnNewCache" classname="org.springframework.cache.ehcache.EhCacheCacheManagerTests" time="0.007"/>
  <system-out><![CDATA[]]></system-out>
  <system-err><![CDATA[]]></system-err>
</testsuite>
