<?xml version="1.0" encoding="UTF-8"?>
<testsuite name="org.springframework.validation.beanvalidation2.ValidatorFactoryTests" tests="12" skipped="0" failures="0" errors="0" timestamp="2020-11-25T14:39:01" hostname="lichangbaodeMacBook-Pro.local" time="0.249">
  <properties/>
  <testcase name="testValidationWithOptionalField" classname="org.springframework.validation.beanvalidation2.ValidatorFactoryTests" time="0.015"/>
  <testcase name="testSpringValidationFieldType" classname="org.springframework.validation.beanvalidation2.ValidatorFactoryTests" time="0.034"/>
  <testcase name="testSpringValidationWithErrorInListElement" classname="org.springframework.validation.beanvalidation2.ValidatorFactoryTests" time="0.026"/>
  <testcase name="testSpringValidationWithClassLevel" classname="org.springframework.validation.beanvalidation2.ValidatorFactoryTests" time="0.029"/>
  <testcase name="testInnerBeanValidation" classname="org.springframework.validation.beanvalidation2.ValidatorFactoryTests" time="0.008"/>
  <testcase name="testSpringValidationWithErrorInSetElement" classname="org.springframework.validation.beanvalidation2.ValidatorFactoryTests" time="0.023"/>
  <testcase name="testSpringValidationWithAutowiredValidator" classname="org.springframework.validation.beanvalidation2.ValidatorFactoryTests" time="0.025"/>
  <testcase name="testSimpleValidation" classname="org.springframework.validation.beanvalidation2.ValidatorFactoryTests" time="0.022"/>
  <testcase name="testListValidation" classname="org.springframework.validation.beanvalidation2.ValidatorFactoryTests" time="0.01"/>
  <testcase name="testSimpleValidationWithClassLevel" classname="org.springframework.validation.beanvalidation2.ValidatorFactoryTests" time="0.018"/>
  <testcase name="testSimpleValidationWithCustomProvider" classname="org.springframework.validation.beanvalidation2.ValidatorFactoryTests" time="0.019"/>
  <testcase name="testSpringValidation" classname="org.springframework.validation.beanvalidation2.ValidatorFactoryTests" time="0.02"/>
  <system-out><![CDATA[]]></system-out>
  <system-err><![CDATA[]]></system-err>
</testsuite>
