<?xml version="1.0" encoding="UTF-8"?>
<testsuite name="org.springframework.validation.beanvalidation2.BeanValidationPostProcessorTests" tests="5" skipped="0" failures="0" errors="0" timestamp="2020-11-25T14:39:00" hostname="lichangbaodeMacBook-Pro.local" time="0.37">
  <properties/>
  <testcase name="testSizeConstraintSatisfied" classname="org.springframework.validation.beanvalidation2.BeanValidationPostProcessorTests" time="0.31"/>
  <testcase name="testNotNullConstraintAfterInitialization" classname="org.springframework.validation.beanvalidation2.BeanValidationPostProcessorTests" time="0.012"/>
  <testcase name="testNotNullConstraintSatisfied" classname="org.springframework.validation.beanvalidation2.BeanValidationPostProcessorTests" time="0.009"/>
  <testcase name="testSizeConstraint" classname="org.springframework.validation.beanvalidation2.BeanValidationPostProcessorTests" time="0.028"/>
  <testcase name="testNotNullConstraint" classname="org.springframework.validation.beanvalidation2.BeanValidationPostProcessorTests" time="0.01"/>
  <system-out><![CDATA[]]></system-out>
  <system-err><![CDATA[]]></system-err>
</testsuite>
