<?xml version="1.0" encoding="UTF-8"?>
<testsuite name="org.springframework.cache.jcache.JCacheEhCacheAnnotationTests" tests="59" skipped="1" failures="0" errors="0" timestamp="2019-06-21T11:41:14" hostname="Macbook-Air.local" time="4.646">
  <properties/>
  <testcase name="testCustomCacheManager" classname="org.springframework.cache.jcache.JCacheEhCacheAnnotationTests" time="0.001">
    <skipped/>
  </testcase>
  <testcase name="testMultiConditionalCacheAndEvict" classname="org.springframework.cache.jcache.JCacheEhCacheAnnotationTests" time="1.133"/>
  <testcase name="testClassCheckedExceptionSync" classname="org.springframework.cache.jcache.JCacheEhCacheAnnotationTests" time="0.104"/>
  <testcase name="testKeyExpression" classname="org.springframework.cache.jcache.JCacheEhCacheAnnotationTests" time="0.131"/>
  <testcase name="testConditionalUpdate" classname="org.springframework.cache.jcache.JCacheEhCacheAnnotationTests" time="0.119"/>
  <testcase name="testClassMultiCacheAndEvict" classname="org.springframework.cache.jcache.JCacheEhCacheAnnotationTests" time="0.104"/>
  <testcase name="testCacheableSyncNull" classname="org.springframework.cache.jcache.JCacheEhCacheAnnotationTests" time="0.09"/>
  <testcase name="testUnknownCustomKeyGenerator" classname="org.springframework.cache.jcache.JCacheEhCacheAnnotationTests" time="0.116"/>
  <testcase name="testClassRootVars" classname="org.springframework.cache.jcache.JCacheEhCacheAnnotationTests" time="0.077"/>
  <testcase name="testMethodName" classname="org.springframework.cache.jcache.JCacheEhCacheAnnotationTests" time="0.066"/>
  <testcase name="testEvictWithException" classname="org.springframework.cache.jcache.JCacheEhCacheAnnotationTests" time="0.067"/>
  <testcase name="testClassUpdate" classname="org.springframework.cache.jcache.JCacheEhCacheAnnotationTests" time="0.104"/>
  <testcase name="testClassEarlyInvalidate" classname="org.springframework.cache.jcache.JCacheEhCacheAnnotationTests" time="0.081"/>
  <testcase name="testCheckedExceptionSync" classname="org.springframework.cache.jcache.JCacheEhCacheAnnotationTests" time="0.075"/>
  <testcase name="testClassNullArg" classname="org.springframework.cache.jcache.JCacheEhCacheAnnotationTests" time="0.06"/>
  <testcase name="testClassEvictAll" classname="org.springframework.cache.jcache.JCacheEhCacheAnnotationTests" time="0.065"/>
  <testcase name="testPutRefersToResult" classname="org.springframework.cache.jcache.JCacheEhCacheAnnotationTests" time="0.078"/>
  <testcase name="testClassCacheUnlessExpression" classname="org.springframework.cache.jcache.JCacheEhCacheAnnotationTests" time="0.065"/>
  <testcase name="testConditionalExpressionSync" classname="org.springframework.cache.jcache.JCacheEhCacheAnnotationTests" time="0.063"/>
  <testcase name="testClassConditionalUpdate" classname="org.springframework.cache.jcache.JCacheEhCacheAnnotationTests" time="0.059"/>
  <testcase name="testConditionalExpression" classname="org.springframework.cache.jcache.JCacheEhCacheAnnotationTests" time="0.081"/>
  <testcase name="testClassMultiPut" classname="org.springframework.cache.jcache.JCacheEhCacheAnnotationTests" time="0.068"/>
  <testcase name="testInvalidateWithKey" classname="org.springframework.cache.jcache.JCacheEhCacheAnnotationTests" time="0.101"/>
  <testcase name="testEarlyInvalidate" classname="org.springframework.cache.jcache.JCacheEhCacheAnnotationTests" time="0.064"/>
  <testcase name="testClassUncheckedException" classname="org.springframework.cache.jcache.JCacheEhCacheAnnotationTests" time="0.06"/>
  <testcase name="testClassNullValue" classname="org.springframework.cache.jcache.JCacheEhCacheAnnotationTests" time="0.062"/>
  <testcase name="testEarlyInvalidateWithKey" classname="org.springframework.cache.jcache.JCacheEhCacheAnnotationTests" time="0.055"/>
  <testcase name="testClassEarlyInvalidateWithKey" classname="org.springframework.cache.jcache.JCacheEhCacheAnnotationTests" time="0.043"/>
  <testcase name="testUncheckedExceptionSync" classname="org.springframework.cache.jcache.JCacheEhCacheAnnotationTests" time="0.052"/>
  <testcase name="testClassUncheckedExceptionSync" classname="org.springframework.cache.jcache.JCacheEhCacheAnnotationTests" time="0.049"/>
  <testcase name="testClassCacheCacheable" classname="org.springframework.cache.jcache.JCacheEhCacheAnnotationTests" time="0.049"/>
  <testcase name="testClassMethodName" classname="org.springframework.cache.jcache.JCacheEhCacheAnnotationTests" time="0.063"/>
  <testcase name="testCustomKeyGenerator" classname="org.springframework.cache.jcache.JCacheEhCacheAnnotationTests" time="0.049"/>
  <testcase name="testCacheable" classname="org.springframework.cache.jcache.JCacheEhCacheAnnotationTests" time="0.04"/>
  <testcase name="testCheckedException" classname="org.springframework.cache.jcache.JCacheEhCacheAnnotationTests" time="0.044"/>
  <testcase name="testClassPutRefersToResult" classname="org.springframework.cache.jcache.JCacheEhCacheAnnotationTests" time="0.052"/>
  <testcase name="testVarArgsKey" classname="org.springframework.cache.jcache.JCacheEhCacheAnnotationTests" time="0.043"/>
  <testcase name="testMultiCache" classname="org.springframework.cache.jcache.JCacheEhCacheAnnotationTests" time="0.053"/>
  <testcase name="testMultiEvict" classname="org.springframework.cache.jcache.JCacheEhCacheAnnotationTests" time="0.058"/>
  <testcase name="testMultiCacheAndEvict" classname="org.springframework.cache.jcache.JCacheEhCacheAnnotationTests" time="0.045"/>
  <testcase name="testRootVars" classname="org.springframework.cache.jcache.JCacheEhCacheAnnotationTests" time="0.046"/>
  <testcase name="testClassMultiConditionalCacheAndEvict" classname="org.springframework.cache.jcache.JCacheEhCacheAnnotationTests" time="0.047"/>
  <testcase name="testClassCacheInvalidateWKey" classname="org.springframework.cache.jcache.JCacheEhCacheAnnotationTests" time="0.036"/>
  <testcase name="testClassEvictWithException" classname="org.springframework.cache.jcache.JCacheEhCacheAnnotationTests" time="0.05"/>
  <testcase name="testClassCheckedException" classname="org.springframework.cache.jcache.JCacheEhCacheAnnotationTests" time="0.041"/>
  <testcase name="testUnlessExpression" classname="org.springframework.cache.jcache.JCacheEhCacheAnnotationTests" time="0.052"/>
  <testcase name="testEvictAll" classname="org.springframework.cache.jcache.JCacheEhCacheAnnotationTests" time="0.039"/>
  <testcase name="testCacheableNull" classname="org.springframework.cache.jcache.JCacheEhCacheAnnotationTests" time="0.044"/>
  <testcase name="testCacheableSync" classname="org.springframework.cache.jcache.JCacheEhCacheAnnotationTests" time="0.042"/>
  <testcase name="testClassCacheInvalidate" classname="org.springframework.cache.jcache.JCacheEhCacheAnnotationTests" time="0.043"/>
  <testcase name="testMultiPut" classname="org.springframework.cache.jcache.JCacheEhCacheAnnotationTests" time="0.046"/>
  <testcase name="testUnknownCustomCacheManager" classname="org.springframework.cache.jcache.JCacheEhCacheAnnotationTests" time="0.044"/>
  <testcase name="testUncheckedException" classname="org.springframework.cache.jcache.JCacheEhCacheAnnotationTests" time="0.039"/>
  <testcase name="testNullValue" classname="org.springframework.cache.jcache.JCacheEhCacheAnnotationTests" time="0.036"/>
  <testcase name="testInvalidate" classname="org.springframework.cache.jcache.JCacheEhCacheAnnotationTests" time="0.056"/>
  <testcase name="testUpdate" classname="org.springframework.cache.jcache.JCacheEhCacheAnnotationTests" time="0.04"/>
  <testcase name="testNullArg" classname="org.springframework.cache.jcache.JCacheEhCacheAnnotationTests" time="0.04"/>
  <testcase name="testClassMultiCache" classname="org.springframework.cache.jcache.JCacheEhCacheAnnotationTests" time="0.047"/>
  <testcase name="testClassMultiEvict" classname="org.springframework.cache.jcache.JCacheEhCacheAnnotationTests" time="0.048"/>
  <system-out><![CDATA[]]></system-out>
  <system-err><![CDATA[]]></system-err>
</testsuite>
