<?xml version="1.0" encoding="UTF-8"?>
<testsuite name="org.springframework.cache.jcache.JCacheEhCache3ApiTests" tests="13" skipped="0" failures="0" errors="0" timestamp="2019-06-21T11:41:24" hostname="Macbook-Air.local" time="0.17">
  <properties/>
  <testcase name="testCachePutNullValueAllowNullFalse" classname="org.springframework.cache.jcache.JCacheEhCache3ApiTests" time="0.01"/>
  <testcase name="testCacheGetCallableNotInvokedWithHitNull" classname="org.springframework.cache.jcache.JCacheEhCache3ApiTests" time="0.015"/>
  <testcase name="testCacheGetSynchronized" classname="org.springframework.cache.jcache.JCacheEhCache3ApiTests" time="0.068"/>
  <testcase name="testCachePutIfAbsent" classname="org.springframework.cache.jcache.JCacheEhCache3ApiTests" time="0.011"/>
  <testcase name="testCacheClear" classname="org.springframework.cache.jcache.JCacheEhCache3ApiTests" time="0.01"/>
  <testcase name="testCacheRemove" classname="org.springframework.cache.jcache.JCacheEhCache3ApiTests" time="0.007"/>
  <testcase name="testCacheGetCallableNotInvokedWithHit" classname="org.springframework.cache.jcache.JCacheEhCache3ApiTests" time="0.008"/>
  <testcase name="testCacheName" classname="org.springframework.cache.jcache.JCacheEhCache3ApiTests" time="0.007"/>
  <testcase name="testCachePut" classname="org.springframework.cache.jcache.JCacheEhCache3ApiTests" time="0.009"/>
  <testcase name="testCacheGetCallable" classname="org.springframework.cache.jcache.JCacheEhCache3ApiTests" time="0.006"/>
  <testcase name="testNativeCache" classname="org.springframework.cache.jcache.JCacheEhCache3ApiTests" time="0.006"/>
  <testcase name="testCacheGetCallableFail" classname="org.springframework.cache.jcache.JCacheEhCache3ApiTests" time="0.007"/>
  <testcase name="testCacheGetCallableWithNull" classname="org.springframework.cache.jcache.JCacheEhCache3ApiTests" time="0.004"/>
  <system-out><![CDATA[]]></system-out>
  <system-err><![CDATA[]]></system-err>
</testsuite>
