<?xml version="1.0" encoding="UTF-8"?>
<testsuite name="org.springframework.cache.jcache.JCacheEhCacheAnnotationTests" tests="59" skipped="1" failures="0" errors="0" timestamp="2020-11-25T14:38:55" hostname="lichangbaodeMacBook-Pro.local" time="2.069">
  <properties/>
  <testcase name="testCustomCacheManager" classname="org.springframework.cache.jcache.JCacheEhCacheAnnotationTests" time="0.001">
    <skipped/>
  </testcase>
  <testcase name="testMultiConditionalCacheAndEvict" classname="org.springframework.cache.jcache.JCacheEhCacheAnnotationTests" time="0.538"/>
  <testcase name="testClassCheckedExceptionSync" classname="org.springframework.cache.jcache.JCacheEhCacheAnnotationTests" time="0.039"/>
  <testcase name="testKeyExpression" classname="org.springframework.cache.jcache.JCacheEhCacheAnnotationTests" time="0.034"/>
  <testcase name="testConditionalUpdate" classname="org.springframework.cache.jcache.JCacheEhCacheAnnotationTests" time="0.041"/>
  <testcase name="testClassMultiCacheAndEvict" classname="org.springframework.cache.jcache.JCacheEhCacheAnnotationTests" time="0.039"/>
  <testcase name="testCacheableSyncNull" classname="org.springframework.cache.jcache.JCacheEhCacheAnnotationTests" time="0.036"/>
  <testcase name="testUnknownCustomKeyGenerator" classname="org.springframework.cache.jcache.JCacheEhCacheAnnotationTests" time="0.036"/>
  <testcase name="testClassRootVars" classname="org.springframework.cache.jcache.JCacheEhCacheAnnotationTests" time="0.039"/>
  <testcase name="testMethodName" classname="org.springframework.cache.jcache.JCacheEhCacheAnnotationTests" time="0.036"/>
  <testcase name="testEvictWithException" classname="org.springframework.cache.jcache.JCacheEhCacheAnnotationTests" time="0.031"/>
  <testcase name="testClassUpdate" classname="org.springframework.cache.jcache.JCacheEhCacheAnnotationTests" time="0.03"/>
  <testcase name="testClassEarlyInvalidate" classname="org.springframework.cache.jcache.JCacheEhCacheAnnotationTests" time="0.032"/>
  <testcase name="testCheckedExceptionSync" classname="org.springframework.cache.jcache.JCacheEhCacheAnnotationTests" time="0.032"/>
  <testcase name="testClassNullArg" classname="org.springframework.cache.jcache.JCacheEhCacheAnnotationTests" time="0.031"/>
  <testcase name="testClassEvictAll" classname="org.springframework.cache.jcache.JCacheEhCacheAnnotationTests" time="0.034"/>
  <testcase name="testPutRefersToResult" classname="org.springframework.cache.jcache.JCacheEhCacheAnnotationTests" time="0.04"/>
  <testcase name="testClassCacheUnlessExpression" classname="org.springframework.cache.jcache.JCacheEhCacheAnnotationTests" time="0.031"/>
  <testcase name="testConditionalExpressionSync" classname="org.springframework.cache.jcache.JCacheEhCacheAnnotationTests" time="0.032"/>
  <testcase name="testClassConditionalUpdate" classname="org.springframework.cache.jcache.JCacheEhCacheAnnotationTests" time="0.034"/>
  <testcase name="testConditionalExpression" classname="org.springframework.cache.jcache.JCacheEhCacheAnnotationTests" time="0.029"/>
  <testcase name="testClassMultiPut" classname="org.springframework.cache.jcache.JCacheEhCacheAnnotationTests" time="0.034"/>
  <testcase name="testInvalidateWithKey" classname="org.springframework.cache.jcache.JCacheEhCacheAnnotationTests" time="0.03"/>
  <testcase name="testEarlyInvalidate" classname="org.springframework.cache.jcache.JCacheEhCacheAnnotationTests" time="0.035"/>
  <testcase name="testClassUncheckedException" classname="org.springframework.cache.jcache.JCacheEhCacheAnnotationTests" time="0.027"/>
  <testcase name="testClassNullValue" classname="org.springframework.cache.jcache.JCacheEhCacheAnnotationTests" time="0.041"/>
  <testcase name="testEarlyInvalidateWithKey" classname="org.springframework.cache.jcache.JCacheEhCacheAnnotationTests" time="0.025"/>
  <testcase name="testClassEarlyInvalidateWithKey" classname="org.springframework.cache.jcache.JCacheEhCacheAnnotationTests" time="0.024"/>
  <testcase name="testUncheckedExceptionSync" classname="org.springframework.cache.jcache.JCacheEhCacheAnnotationTests" time="0.021"/>
  <testcase name="testClassUncheckedExceptionSync" classname="org.springframework.cache.jcache.JCacheEhCacheAnnotationTests" time="0.021"/>
  <testcase name="testClassCacheCacheable" classname="org.springframework.cache.jcache.JCacheEhCacheAnnotationTests" time="0.021"/>
  <testcase name="testClassMethodName" classname="org.springframework.cache.jcache.JCacheEhCacheAnnotationTests" time="0.023"/>
  <testcase name="testCustomKeyGenerator" classname="org.springframework.cache.jcache.JCacheEhCacheAnnotationTests" time="0.019"/>
  <testcase name="testCacheable" classname="org.springframework.cache.jcache.JCacheEhCacheAnnotationTests" time="0.022"/>
  <testcase name="testCheckedException" classname="org.springframework.cache.jcache.JCacheEhCacheAnnotationTests" time="0.02"/>
  <testcase name="testClassPutRefersToResult" classname="org.springframework.cache.jcache.JCacheEhCacheAnnotationTests" time="0.016"/>
  <testcase name="testVarArgsKey" classname="org.springframework.cache.jcache.JCacheEhCacheAnnotationTests" time="0.02"/>
  <testcase name="testMultiCache" classname="org.springframework.cache.jcache.JCacheEhCacheAnnotationTests" time="0.018"/>
  <testcase name="testMultiEvict" classname="org.springframework.cache.jcache.JCacheEhCacheAnnotationTests" time="0.018"/>
  <testcase name="testMultiCacheAndEvict" classname="org.springframework.cache.jcache.JCacheEhCacheAnnotationTests" time="0.019"/>
  <testcase name="testRootVars" classname="org.springframework.cache.jcache.JCacheEhCacheAnnotationTests" time="0.02"/>
  <testcase name="testClassMultiConditionalCacheAndEvict" classname="org.springframework.cache.jcache.JCacheEhCacheAnnotationTests" time="0.022"/>
  <testcase name="testClassCacheInvalidateWKey" classname="org.springframework.cache.jcache.JCacheEhCacheAnnotationTests" time="0.018"/>
  <testcase name="testClassEvictWithException" classname="org.springframework.cache.jcache.JCacheEhCacheAnnotationTests" time="0.023"/>
  <testcase name="testClassCheckedException" classname="org.springframework.cache.jcache.JCacheEhCacheAnnotationTests" time="0.018"/>
  <testcase name="testUnlessExpression" classname="org.springframework.cache.jcache.JCacheEhCacheAnnotationTests" time="0.018"/>
  <testcase name="testEvictAll" classname="org.springframework.cache.jcache.JCacheEhCacheAnnotationTests" time="0.022"/>
  <testcase name="testCacheableNull" classname="org.springframework.cache.jcache.JCacheEhCacheAnnotationTests" time="0.016"/>
  <testcase name="testCacheableSync" classname="org.springframework.cache.jcache.JCacheEhCacheAnnotationTests" time="0.018"/>
  <testcase name="testClassCacheInvalidate" classname="org.springframework.cache.jcache.JCacheEhCacheAnnotationTests" time="0.02"/>
  <testcase name="testMultiPut" classname="org.springframework.cache.jcache.JCacheEhCacheAnnotationTests" time="0.026"/>
  <testcase name="testUnknownCustomCacheManager" classname="org.springframework.cache.jcache.JCacheEhCacheAnnotationTests" time="0.024"/>
  <testcase name="testUncheckedException" classname="org.springframework.cache.jcache.JCacheEhCacheAnnotationTests" time="0.022"/>
  <testcase name="testNullValue" classname="org.springframework.cache.jcache.JCacheEhCacheAnnotationTests" time="0.022"/>
  <testcase name="testInvalidate" classname="org.springframework.cache.jcache.JCacheEhCacheAnnotationTests" time="0.022"/>
  <testcase name="testUpdate" classname="org.springframework.cache.jcache.JCacheEhCacheAnnotationTests" time="0.027"/>
  <testcase name="testNullArg" classname="org.springframework.cache.jcache.JCacheEhCacheAnnotationTests" time="0.028"/>
  <testcase name="testClassMultiCache" classname="org.springframework.cache.jcache.JCacheEhCacheAnnotationTests" time="0.026"/>
  <testcase name="testClassMultiEvict" classname="org.springframework.cache.jcache.JCacheEhCacheAnnotationTests" time="0.027"/>
  <system-out><![CDATA[]]></system-out>
  <system-err><![CDATA[]]></system-err>
</testsuite>
