<?xml version="1.0" encoding="UTF-8"?>
<testsuite name="org.springframework.validation.beanvalidation2.SpringValidatorAdapterTests" tests="11" skipped="0" failures="0" errors="0" timestamp="2019-06-21T11:41:29" hostname="Macbook-Air.local" time="0.624">
  <properties/>
  <testcase name="testPatternMessage" classname="org.springframework.validation.beanvalidation2.SpringValidatorAdapterTests" time="0.096"/>
  <testcase name="testMapValueConstraint" classname="org.springframework.validation.beanvalidation2.SpringValidatorAdapterTests" time="0.122"/>
  <testcase name="testListElementConstraint" classname="org.springframework.validation.beanvalidation2.SpringValidatorAdapterTests" time="0.077"/>
  <testcase name="testNoStringArgumentValue" classname="org.springframework.validation.beanvalidation2.SpringValidatorAdapterTests" time="0.018"/>
  <testcase name="testWithList" classname="org.springframework.validation.beanvalidation2.SpringValidatorAdapterTests" time="0.116"/>
  <testcase name="testApplyMessageSourceResolvableToStringArgumentValueWithUnresolvedLogicalFieldName" classname="org.springframework.validation.beanvalidation2.SpringValidatorAdapterTests" time="0.02"/>
  <testcase name="testMapEntryConstraint" classname="org.springframework.validation.beanvalidation2.SpringValidatorAdapterTests" time="0.034"/>
  <testcase name="testWithSet" classname="org.springframework.validation.beanvalidation2.SpringValidatorAdapterTests" time="0.092"/>
  <testcase name="testApplyMessageSourceResolvableToStringArgumentValueWithAlwaysUseMessageFormat" classname="org.springframework.validation.beanvalidation2.SpringValidatorAdapterTests" time="0.016"/>
  <testcase name="testUnwrap" classname="org.springframework.validation.beanvalidation2.SpringValidatorAdapterTests" time="0.012"/>
  <testcase name="testApplyMessageSourceResolvableToStringArgumentValueWithResolvedLogicalFieldName" classname="org.springframework.validation.beanvalidation2.SpringValidatorAdapterTests" time="0.018"/>
  <system-out><![CDATA[]]></system-out>
  <system-err><![CDATA[]]></system-err>
</testsuite>
