<?xml version="1.0" encoding="UTF-8"?>
<testsuite name="org.springframework.cache.jcache.config.JCacheCustomInterceptorTests" tests="3" skipped="0" failures="0" errors="0" timestamp="2020-11-25T14:38:58" hostname="lichangbaodeMacBook-Pro.local" time="0.039">
  <properties/>
  <testcase name="customInterceptorAppliesWithCheckedException" classname="org.springframework.cache.jcache.config.JCacheCustomInterceptorTests" time="0.019"/>
  <testcase name="customInterceptorAppliesWithRuntimeException" classname="org.springframework.cache.jcache.config.JCacheCustomInterceptorTests" time="0.011"/>
  <testcase name="onlyOneInterceptorIsAvailable" classname="org.springframework.cache.jcache.config.JCacheCustomInterceptorTests" time="0.009"/>
  <system-out><![CDATA[]]></system-out>
  <system-err><![CDATA[]]></system-err>
</testsuite>
