<?xml version="1.0" encoding="UTF-8"?>
<testsuite name="org.springframework.messaging.simp.stomp.StompClientSupportTests" tests="5" skipped="0" failures="0" errors="0" timestamp="2020-11-25T14:39:41" hostname="lichangbaodeMacBook-Pro.local" time="0.001">
  <properties/>
  <testcase name="defaultHeartbeatValue" classname="org.springframework.messaging.simp.stomp.StompClientSupportTests" time="0.0"/>
  <testcase name="defaultHeartbeatValidation" classname="org.springframework.messaging.simp.stomp.StompClientSupportTests" time="0.001"/>
  <testcase name="processConnectHeadersDefault" classname="org.springframework.messaging.simp.stomp.StompClientSupportTests" time="0.0"/>
  <testcase name="processConnectHeadersWithExplicitHeartbeat" classname="org.springframework.messaging.simp.stomp.StompClientSupportTests" time="0.0"/>
  <testcase name="isDefaultHeartbeatEnabled" classname="org.springframework.messaging.simp.stomp.StompClientSupportTests" time="0.0"/>
  <system-out><![CDATA[]]></system-out>
  <system-err><![CDATA[]]></system-err>
</testsuite>
