<?xml version="1.0" encoding="UTF-8"?>
<testsuite name="org.springframework.messaging.simp.user.UserRegistryMessageHandlerTests" tests="5" skipped="0" failures="0" errors="0" timestamp="2019-06-21T11:42:48" hostname="Macbook-Air.local" time="0.04">
  <properties/>
  <testcase name="brokerUnavailableEvent" classname="org.springframework.messaging.simp.user.UserRegistryMessageHandlerTests" time="0.003"/>
  <testcase name="broadcastRegistry" classname="org.springframework.messaging.simp.user.UserRegistryMessageHandlerTests" time="0.014"/>
  <testcase name="handleMessageFromOwnBroadcast" classname="org.springframework.messaging.simp.user.UserRegistryMessageHandlerTests" time="0.011"/>
  <testcase name="handleMessage" classname="org.springframework.messaging.simp.user.UserRegistryMessageHandlerTests" time="0.01"/>
  <testcase name="brokerAvailableEvent" classname="org.springframework.messaging.simp.user.UserRegistryMessageHandlerTests" time="0.002"/>
  <system-out><![CDATA[]]></system-out>
  <system-err><![CDATA[]]></system-err>
</testsuite>
