<?xml version="1.0" encoding="UTF-8"?>
<testsuite name="org.springframework.messaging.simp.annotation.support.SimpAnnotationMethodMessageHandlerKotlinTests" tests="8" skipped="0" failures="0" errors="0" timestamp="2019-06-21T11:43:25" hostname="Macbook-Air.local" time="2.721">
  <properties/>
  <testcase name="nonNullableHeaderWithoutHeader" classname="org.springframework.messaging.simp.annotation.support.SimpAnnotationMethodMessageHandlerKotlinTests" time="2.676"/>
  <testcase name="nullableHeaderNotRequiredWithHeader" classname="org.springframework.messaging.simp.annotation.support.SimpAnnotationMethodMessageHandlerKotlinTests" time="0.008"/>
  <testcase name="nonNullableHeaderNotRequiredWithoutHeader" classname="org.springframework.messaging.simp.annotation.support.SimpAnnotationMethodMessageHandlerKotlinTests" time="0.007"/>
  <testcase name="nonNullableHeaderNotRequiredWithHeader" classname="org.springframework.messaging.simp.annotation.support.SimpAnnotationMethodMessageHandlerKotlinTests" time="0.005"/>
  <testcase name="nonNullableHeaderWithHeader" classname="org.springframework.messaging.simp.annotation.support.SimpAnnotationMethodMessageHandlerKotlinTests" time="0.005"/>
  <testcase name="nullableHeaderWithoutHeader" classname="org.springframework.messaging.simp.annotation.support.SimpAnnotationMethodMessageHandlerKotlinTests" time="0.005"/>
  <testcase name="nullableHeaderNotRequiredWithoutHeader" classname="org.springframework.messaging.simp.annotation.support.SimpAnnotationMethodMessageHandlerKotlinTests" time="0.004"/>
  <testcase name="nullableHeaderWithHeader" classname="org.springframework.messaging.simp.annotation.support.SimpAnnotationMethodMessageHandlerKotlinTests" time="0.006"/>
  <system-out><![CDATA[]]></system-out>
  <system-err><![CDATA[]]></system-err>
</testsuite>
