<?xml version="1.0" encoding="UTF-8"?>
<testsuite name="org.springframework.messaging.rsocket.RSocketServerToClientIntegrationTests" tests="4" skipped="0" failures="0" errors="0" timestamp="2019-06-21T11:43:23" hostname="Macbook-Air.local" time="0.633">
  <properties/>
  <testcase name="echoAsync" classname="org.springframework.messaging.rsocket.RSocketServerToClientIntegrationTests" time="0.304"/>
  <testcase name="echo" classname="org.springframework.messaging.rsocket.RSocketServerToClientIntegrationTests" time="0.029"/>
  <testcase name="echoChannel" classname="org.springframework.messaging.rsocket.RSocketServerToClientIntegrationTests" time="0.198"/>
  <testcase name="echoStream" classname="org.springframework.messaging.rsocket.RSocketServerToClientIntegrationTests" time="0.101"/>
  <system-out><![CDATA[19:43:23.665 [Test worker] WARN  o.s.m.r.a.s.RSocketMessageHandler - [clientMessageHandler] Auto-detection of message handling methods is off.
]]></system-out>
  <system-err><![CDATA[]]></system-err>
</testsuite>
