<?xml version="1.0" encoding="UTF-8"?>
<testsuite name="org.springframework.messaging.handler.invocation.InvocableHandlerMethodTests" tests="9" skipped="0" failures="0" errors="0" timestamp="2020-11-25T14:39:34" hostname="lichangbaodeMacBook-Pro.local" time="0.011">
  <properties/>
  <testcase name="resolveArg" classname="org.springframework.messaging.handler.invocation.InvocableHandlerMethodTests" time="0.005"/>
  <testcase name="cannotResolveArg" classname="org.springframework.messaging.handler.invocation.InvocableHandlerMethodTests" time="0.001"/>
  <testcase name="resolveProvidedArg" classname="org.springframework.messaging.handler.invocation.InvocableHandlerMethodTests" time="0.0"/>
  <testcase name="illegalArgumentException" classname="org.springframework.messaging.handler.invocation.InvocableHandlerMethodTests" time="0.001"/>
  <testcase name="invocationErrorMessage" classname="org.springframework.messaging.handler.invocation.InvocableHandlerMethodTests" time="0.0"/>
  <testcase name="invocationTargetException" classname="org.springframework.messaging.handler.invocation.InvocableHandlerMethodTests" time="0.001"/>
  <testcase name="resolveProvidedArgFirst" classname="org.springframework.messaging.handler.invocation.InvocableHandlerMethodTests" time="0.0"/>
  <testcase name="exceptionInResolvingArg" classname="org.springframework.messaging.handler.invocation.InvocableHandlerMethodTests" time="0.001"/>
  <testcase name="resolveNoArgValue" classname="org.springframework.messaging.handler.invocation.InvocableHandlerMethodTests" time="0.0"/>
  <system-out><![CDATA[]]></system-out>
  <system-err><![CDATA[]]></system-err>
</testsuite>
