<?xml version="1.0" encoding="UTF-8"?>
<testsuite name="org.springframework.messaging.handler.invocation.MethodMessageHandlerTests" tests="6" skipped="0" failures="0" errors="0" timestamp="2019-06-21T11:42:36" hostname="Macbook-Air.local" time="1.032">
  <properties/>
  <testcase name="handleException" classname="org.springframework.messaging.handler.invocation.MethodMessageHandlerTests" time="0.988"/>
  <testcase name="duplicateMapping" classname="org.springframework.messaging.handler.invocation.MethodMessageHandlerTests" time="0.014"/>
  <testcase name="patternMatch" classname="org.springframework.messaging.handler.invocation.MethodMessageHandlerTests" time="0.004"/>
  <testcase name="registeredMappings" classname="org.springframework.messaging.handler.invocation.MethodMessageHandlerTests" time="0.007"/>
  <testcase name="bestMatch" classname="org.springframework.messaging.handler.invocation.MethodMessageHandlerTests" time="0.016"/>
  <testcase name="argumentResolution" classname="org.springframework.messaging.handler.invocation.MethodMessageHandlerTests" time="0.002"/>
  <system-out><![CDATA[]]></system-out>
  <system-err><![CDATA[]]></system-err>
</testsuite>
