<?xml version="1.0" encoding="UTF-8"?>
<testsuite name="org.springframework.messaging.simp.SimpAttributesTests" tests="9" skipped="0" failures="0" errors="0" timestamp="2020-11-25T14:39:39" hostname="lichangbaodeMacBook-Pro.local" time="0.006">
  <properties/>
  <testcase name="sessionCompletedIsIdempotent" classname="org.springframework.messaging.simp.SimpAttributesTests" time="0.004"/>
  <testcase name="removeDestructionCallback" classname="org.springframework.messaging.simp.SimpAttributesTests" time="0.001"/>
  <testcase name="getAttribute" classname="org.springframework.messaging.simp.SimpAttributesTests" time="0.0"/>
  <testcase name="registerDestructionCallbackAfterSessionCompleted" classname="org.springframework.messaging.simp.SimpAttributesTests" time="0.0"/>
  <testcase name="getSessionMutexExplicit" classname="org.springframework.messaging.simp.SimpAttributesTests" time="0.0"/>
  <testcase name="sessionCompleted" classname="org.springframework.messaging.simp.SimpAttributesTests" time="0.0"/>
  <testcase name="getSessionMutex" classname="org.springframework.messaging.simp.SimpAttributesTests" time="0.0"/>
  <testcase name="getAttributeNames" classname="org.springframework.messaging.simp.SimpAttributesTests" time="0.0"/>
  <testcase name="registerDestructionCallback" classname="org.springframework.messaging.simp.SimpAttributesTests" time="0.001"/>
  <system-out><![CDATA[]]></system-out>
  <system-err><![CDATA[]]></system-err>
</testsuite>
