<?xml version="1.0" encoding="UTF-8"?>
<testsuite name="org.springframework.messaging.handler.invocation.reactive.MethodMessageHandlerTests" tests="5" skipped="0" failures="0" errors="0" timestamp="2019-06-21T11:42:38" hostname="Macbook-Air.local" time="0.681">
  <properties/>
  <testcase name="handleException" classname="org.springframework.messaging.handler.invocation.reactive.MethodMessageHandlerTests" time="0.622"/>
  <testcase name="duplicateMapping" classname="org.springframework.messaging.handler.invocation.reactive.MethodMessageHandlerTests" time="0.004"/>
  <testcase name="registeredMappings" classname="org.springframework.messaging.handler.invocation.reactive.MethodMessageHandlerTests" time="0.004"/>
  <testcase name="bestMatch" classname="org.springframework.messaging.handler.invocation.reactive.MethodMessageHandlerTests" time="0.028"/>
  <testcase name="argumentResolution" classname="org.springframework.messaging.handler.invocation.reactive.MethodMessageHandlerTests" time="0.022"/>
  <system-out><![CDATA[19:42:38.649 [Test worker] WARN  o.s.m.h.i.r.MethodMessageHandlerTests$TestMethodMessageHandler - No ApplicationContext available for auto-detection of beans with message handling methods.
]]></system-out>
  <system-err><![CDATA[]]></system-err>
</testsuite>
