<?xml version="1.0" encoding="UTF-8"?>
<testsuite name="org.springframework.messaging.handler.invocation.reactive.MethodMessageHandlerTests" tests="5" skipped="0" failures="0" errors="0" timestamp="2020-11-25T14:39:33" hostname="lichangbaodeMacBook-Pro.local" time="0.384">
  <properties/>
  <testcase name="handleException" classname="org.springframework.messaging.handler.invocation.reactive.MethodMessageHandlerTests" time="0.342"/>
  <testcase name="duplicateMapping" classname="org.springframework.messaging.handler.invocation.reactive.MethodMessageHandlerTests" time="0.001"/>
  <testcase name="registeredMappings" classname="org.springframework.messaging.handler.invocation.reactive.MethodMessageHandlerTests" time="0.002"/>
  <testcase name="bestMatch" classname="org.springframework.messaging.handler.invocation.reactive.MethodMessageHandlerTests" time="0.023"/>
  <testcase name="argumentResolution" classname="org.springframework.messaging.handler.invocation.reactive.MethodMessageHandlerTests" time="0.016"/>
  <system-out><![CDATA[22:39:34.197 [Test worker] WARN  o.s.m.h.i.r.MethodMessageHandlerTests$TestMethodMessageHandler - No ApplicationContext available for auto-detection of beans with message handling methods.
]]></system-out>
  <system-err><![CDATA[]]></system-err>
</testsuite>
