<?xml version="1.0" encoding="UTF-8"?>
<testsuite name="org.springframework.messaging.simp.broker.OrderedMessageSenderTests" tests="1" skipped="0" failures="0" errors="0" timestamp="2020-11-25T14:39:37" hostname="lichangbaodeMacBook-Pro.local" time="0.431">
  <properties/>
  <testcase name="test" classname="org.springframework.messaging.simp.broker.OrderedMessageSenderTests" time="0.431"/>
  <system-out><![CDATA[]]></system-out>
  <system-err><![CDATA[]]></system-err>
</testsuite>
