<?xml version="1.0" encoding="UTF-8"?>
<testsuite name="org.springframework.messaging.handler.invocation.reactive.InvocableHandlerMethodTests" tests="10" skipped="0" failures="0" errors="0" timestamp="2019-06-21T11:42:38" hostname="Macbook-Air.local" time="1.04">
  <properties/>
  <testcase name="resolveArg" classname="org.springframework.messaging.handler.invocation.reactive.InvocableHandlerMethodTests" time="0.866"/>
  <testcase name="voidMethod" classname="org.springframework.messaging.handler.invocation.reactive.InvocableHandlerMethodTests" time="0.001"/>
  <testcase name="cannotResolveArg" classname="org.springframework.messaging.handler.invocation.reactive.InvocableHandlerMethodTests" time="0.004"/>
  <testcase name="voidMonoMethod" classname="org.springframework.messaging.handler.invocation.reactive.InvocableHandlerMethodTests" time="0.117"/>
  <testcase name="resolveProvidedArg" classname="org.springframework.messaging.handler.invocation.reactive.InvocableHandlerMethodTests" time="0.005"/>
  <testcase name="illegalArgumentException" classname="org.springframework.messaging.handler.invocation.reactive.InvocableHandlerMethodTests" time="0.02"/>
  <testcase name="invocationTargetException" classname="org.springframework.messaging.handler.invocation.reactive.InvocableHandlerMethodTests" time="0.013"/>
  <testcase name="resolveProvidedArgFirst" classname="org.springframework.messaging.handler.invocation.reactive.InvocableHandlerMethodTests" time="0.002"/>
  <testcase name="exceptionInResolvingArg" classname="org.springframework.messaging.handler.invocation.reactive.InvocableHandlerMethodTests" time="0.01"/>
  <testcase name="resolveNoArgValue" classname="org.springframework.messaging.handler.invocation.reactive.InvocableHandlerMethodTests" time="0.001"/>
  <system-out><![CDATA[]]></system-out>
  <system-err><![CDATA[]]></system-err>
</testsuite>
