<?xml version="1.0" encoding="UTF-8"?>
<testsuite name="org.springframework.messaging.converter.MessageConverterTests" tests="10" skipped="0" failures="0" errors="0" timestamp="2020-11-25T14:39:37" hostname="lichangbaodeMacBook-Pro.local" time="0.006">
  <properties/>
  <testcase name="supportsMimeTypeNotSpecified" classname="org.springframework.messaging.converter.MessageConverterTests" time="0.0"/>
  <testcase name="setStrictContentTypeMatchWithNoSupportedMimeTypes" classname="org.springframework.messaging.converter.MessageConverterTests" time="0.001"/>
  <testcase name="toMessageWithMutableMessageHeaders" classname="org.springframework.messaging.converter.MessageConverterTests" time="0.004"/>
  <testcase name="supportsMimeTypeNoneConfigured" classname="org.springframework.messaging.converter.MessageConverterTests" time="0.0"/>
  <testcase name="supportsMimeTypeNotSupported" classname="org.springframework.messaging.converter.MessageConverterTests" time="0.0"/>
  <testcase name="canConvertFromStrictContentTypeMatch" classname="org.springframework.messaging.converter.MessageConverterTests" time="0.0"/>
  <testcase name="toMessageWithHeaders" classname="org.springframework.messaging.converter.MessageConverterTests" time="0.0"/>
  <testcase name="supportsTargetClass" classname="org.springframework.messaging.converter.MessageConverterTests" time="0.0"/>
  <testcase name="toMessageContentTypeHeader" classname="org.springframework.messaging.converter.MessageConverterTests" time="0.001"/>
  <testcase name="supportsMimeType" classname="org.springframework.messaging.converter.MessageConverterTests" time="0.0"/>
  <system-out><![CDATA[]]></system-out>
  <system-err><![CDATA[]]></system-err>
</testsuite>
