<?xml version="1.0" encoding="UTF-8"?>
<testsuite name="org.springframework.messaging.handler.annotation.support.HeadersMethodArgumentResolverTests" tests="6" skipped="0" failures="0" errors="0" timestamp="2020-11-25T14:39:35" hostname="lichangbaodeMacBook-Pro.local" time="0.004">
  <properties/>
  <testcase name="resolveArgumentAnnotatedNotMap" classname="org.springframework.messaging.handler.annotation.support.HeadersMethodArgumentResolverTests" time="0.001"/>
  <testcase name="resolveArgumentAnnotated" classname="org.springframework.messaging.handler.annotation.support.HeadersMethodArgumentResolverTests" time="0.001"/>
  <testcase name="resolveArgumentMessageHeaderAccessor" classname="org.springframework.messaging.handler.annotation.support.HeadersMethodArgumentResolverTests" time="0.0"/>
  <testcase name="resolveArgumentMessageHeaders" classname="org.springframework.messaging.handler.annotation.support.HeadersMethodArgumentResolverTests" time="0.0"/>
  <testcase name="supportsParameter" classname="org.springframework.messaging.handler.annotation.support.HeadersMethodArgumentResolverTests" time="0.001"/>
  <testcase name="resolveArgumentMessageHeaderAccessorSubclass" classname="org.springframework.messaging.handler.annotation.support.HeadersMethodArgumentResolverTests" time="0.001"/>
  <system-out><![CDATA[]]></system-out>
  <system-err><![CDATA[]]></system-err>
</testsuite>
