<?xml version="1.0" encoding="UTF-8"?>
<testsuite name="org.springframework.messaging.handler.annotation.reactive.HeadersMethodArgumentResolverTests" tests="6" skipped="0" failures="0" errors="0" timestamp="2019-06-21T11:42:40" hostname="Macbook-Air.local" time="0.011">
  <properties/>
  <testcase name="resolveArgumentAnnotatedNotMap" classname="org.springframework.messaging.handler.annotation.reactive.HeadersMethodArgumentResolverTests" time="0.006"/>
  <testcase name="resolveArgumentAnnotated" classname="org.springframework.messaging.handler.annotation.reactive.HeadersMethodArgumentResolverTests" time="0.001"/>
  <testcase name="resolveArgumentMessageHeaderAccessor" classname="org.springframework.messaging.handler.annotation.reactive.HeadersMethodArgumentResolverTests" time="0.0"/>
  <testcase name="resolveArgumentMessageHeaders" classname="org.springframework.messaging.handler.annotation.reactive.HeadersMethodArgumentResolverTests" time="0.001"/>
  <testcase name="supportsParameter" classname="org.springframework.messaging.handler.annotation.reactive.HeadersMethodArgumentResolverTests" time="0.002"/>
  <testcase name="resolveArgumentMessageHeaderAccessorSubclass" classname="org.springframework.messaging.handler.annotation.reactive.HeadersMethodArgumentResolverTests" time="0.0"/>
  <system-out><![CDATA[]]></system-out>
  <system-err><![CDATA[]]></system-err>
</testsuite>
