<?xml version="1.0" encoding="UTF-8"?>
<testsuite name="org.springframework.messaging.handler.annotation.support.HeaderMethodArgumentResolverTests" tests="10" skipped="0" failures="0" errors="0" timestamp="2019-06-21T11:42:40" hostname="Macbook-Air.local" time="0.057">
  <properties/>
  <testcase name="resolveOptionalHeaderWithValue" classname="org.springframework.messaging.handler.annotation.support.HeaderMethodArgumentResolverTests" time="0.015"/>
  <testcase name="resolveNameFromSystemProperty" classname="org.springframework.messaging.handler.annotation.support.HeaderMethodArgumentResolverTests" time="0.004"/>
  <testcase name="resolveArgumentNativeHeaderAmbiguity" classname="org.springframework.messaging.handler.annotation.support.HeaderMethodArgumentResolverTests" time="0.006"/>
  <testcase name="resolveArgumentNativeHeader" classname="org.springframework.messaging.handler.annotation.support.HeaderMethodArgumentResolverTests" time="0.003"/>
  <testcase name="resolveDefaultValueSystemProperty" classname="org.springframework.messaging.handler.annotation.support.HeaderMethodArgumentResolverTests" time="0.003"/>
  <testcase name="resolveOptionalHeaderAsEmpty" classname="org.springframework.messaging.handler.annotation.support.HeaderMethodArgumentResolverTests" time="0.004"/>
  <testcase name="resolveArgumentDefaultValue" classname="org.springframework.messaging.handler.annotation.support.HeaderMethodArgumentResolverTests" time="0.004"/>
  <testcase name="resolveArgumentNotFound" classname="org.springframework.messaging.handler.annotation.support.HeaderMethodArgumentResolverTests" time="0.006"/>
  <testcase name="resolveArgument" classname="org.springframework.messaging.handler.annotation.support.HeaderMethodArgumentResolverTests" time="0.003"/>
  <testcase name="supportsParameter" classname="org.springframework.messaging.handler.annotation.support.HeaderMethodArgumentResolverTests" time="0.007"/>
  <system-out><![CDATA[]]></system-out>
  <system-err><![CDATA[]]></system-err>
</testsuite>
