<?xml version="1.0" encoding="UTF-8"?>
<testsuite name="org.springframework.messaging.simp.stomp.StompEncoderTests" tests="5" skipped="0" failures="0" errors="0" timestamp="2019-06-21T11:43:23" hostname="Macbook-Air.local" time="0.002">
  <properties/>
  <testcase name="encodeFrameWithHeadersThatShouldBeEscaped" classname="org.springframework.messaging.simp.stomp.StompEncoderTests" time="0.001"/>
  <testcase name="encodeFrameWithContentLengthPresent" classname="org.springframework.messaging.simp.stomp.StompEncoderTests" time="0.0"/>
  <testcase name="encodeFrameWithNoHeadersAndNoBody" classname="org.springframework.messaging.simp.stomp.StompEncoderTests" time="0.0"/>
  <testcase name="encodeFrameWithHeadersBody" classname="org.springframework.messaging.simp.stomp.StompEncoderTests" time="0.0"/>
  <testcase name="encodeFrameWithHeaders" classname="org.springframework.messaging.simp.stomp.StompEncoderTests" time="0.001"/>
  <system-out><![CDATA[]]></system-out>
  <system-err><![CDATA[]]></system-err>
</testsuite>
