<?xml version="1.0" encoding="UTF-8"?>
<testsuite name="org.springframework.messaging.core.CachingDestinationResolverTests" tests="3" skipped="0" failures="0" errors="0" timestamp="2020-11-25T14:39:37" hostname="lichangbaodeMacBook-Pro.local" time="0.014">
  <properties/>
  <testcase name="nullTargetThroughConstructor" classname="org.springframework.messaging.core.CachingDestinationResolverTests" time="0.001"/>
  <testcase name="noTargetSet" classname="org.springframework.messaging.core.CachingDestinationResolverTests" time="0.001"/>
  <testcase name="cachedDestination" classname="org.springframework.messaging.core.CachingDestinationResolverTests" time="0.012"/>
  <system-out><![CDATA[]]></system-out>
  <system-err><![CDATA[]]></system-err>
</testsuite>
