<?xml version="1.0" encoding="UTF-8"?>
<testsuite name="org.springframework.messaging.simp.SimpMessageHeaderAccessorTests" tests="3" skipped="0" failures="0" errors="0" timestamp="2019-06-21T11:42:44" hostname="Macbook-Air.local" time="0.003">
  <properties/>
  <testcase name="getShortLogMessage" classname="org.springframework.messaging.simp.SimpMessageHeaderAccessorTests" time="0.0"/>
  <testcase name="getLogMessageWithValuesSet" classname="org.springframework.messaging.simp.SimpMessageHeaderAccessorTests" time="0.003"/>
  <testcase name="getDetailedLogMessageWithValuesSet" classname="org.springframework.messaging.simp.SimpMessageHeaderAccessorTests" time="0.0"/>
  <system-out><![CDATA[]]></system-out>
  <system-err><![CDATA[]]></system-err>
</testsuite>
