<?xml version="1.0" encoding="UTF-8"?>
<testsuite name="org.springframework.messaging.simp.annotation.support.SimpAnnotationMethodMessageHandlerKotlinTests" tests="8" skipped="0" failures="0" errors="0" timestamp="2020-11-25T14:40:14" hostname="lichangbaodeMacBook-Pro.local" time="1.378">
  <properties/>
  <testcase name="nonNullableHeaderWithoutHeader" classname="org.springframework.messaging.simp.annotation.support.SimpAnnotationMethodMessageHandlerKotlinTests" time="1.355"/>
  <testcase name="nullableHeaderNotRequiredWithHeader" classname="org.springframework.messaging.simp.annotation.support.SimpAnnotationMethodMessageHandlerKotlinTests" time="0.006"/>
  <testcase name="nonNullableHeaderNotRequiredWithoutHeader" classname="org.springframework.messaging.simp.annotation.support.SimpAnnotationMethodMessageHandlerKotlinTests" time="0.004"/>
  <testcase name="nonNullableHeaderNotRequiredWithHeader" classname="org.springframework.messaging.simp.annotation.support.SimpAnnotationMethodMessageHandlerKotlinTests" time="0.004"/>
  <testcase name="nonNullableHeaderWithHeader" classname="org.springframework.messaging.simp.annotation.support.SimpAnnotationMethodMessageHandlerKotlinTests" time="0.003"/>
  <testcase name="nullableHeaderWithoutHeader" classname="org.springframework.messaging.simp.annotation.support.SimpAnnotationMethodMessageHandlerKotlinTests" time="0.001"/>
  <testcase name="nullableHeaderNotRequiredWithoutHeader" classname="org.springframework.messaging.simp.annotation.support.SimpAnnotationMethodMessageHandlerKotlinTests" time="0.002"/>
  <testcase name="nullableHeaderWithHeader" classname="org.springframework.messaging.simp.annotation.support.SimpAnnotationMethodMessageHandlerKotlinTests" time="0.002"/>
  <system-out><![CDATA[]]></system-out>
  <system-err><![CDATA[]]></system-err>
</testsuite>
