<?xml version="1.0" encoding="UTF-8"?>
<testsuite name="org.springframework.messaging.simp.broker.SimpleBrokerMessageHandlerTests" tests="10" skipped="0" failures="0" errors="0" timestamp="2019-06-21T11:42:45" hostname="Macbook-Air.local" time="0.193">
  <properties/>
  <testcase name="subscribePublish" classname="org.springframework.messaging.simp.broker.SimpleBrokerMessageHandlerTests" time="0.094"/>
  <testcase name="readWriteIntervalCalculation" classname="org.springframework.messaging.simp.broker.SimpleBrokerMessageHandlerTests" time="0.016"/>
  <testcase name="readInactivity" classname="org.springframework.messaging.simp.broker.SimpleBrokerMessageHandlerTests" time="0.019"/>
  <testcase name="heartbeatValueWithAndWithoutTaskScheduler" classname="org.springframework.messaging.simp.broker.SimpleBrokerMessageHandlerTests" time="0.004"/>
  <testcase name="startWithHeartbeatValueWithoutTaskScheduler" classname="org.springframework.messaging.simp.broker.SimpleBrokerMessageHandlerTests" time="0.002"/>
  <testcase name="startAndStopWithHeartbeatValue" classname="org.springframework.messaging.simp.broker.SimpleBrokerMessageHandlerTests" time="0.031"/>
  <testcase name="startWithOneZeroHeartbeatValue" classname="org.springframework.messaging.simp.broker.SimpleBrokerMessageHandlerTests" time="0.001"/>
  <testcase name="connect" classname="org.springframework.messaging.simp.broker.SimpleBrokerMessageHandlerTests" time="0.002"/>
  <testcase name="writeInactivity" classname="org.springframework.messaging.simp.broker.SimpleBrokerMessageHandlerTests" time="0.016"/>
  <testcase name="subscribeDisconnectPublish" classname="org.springframework.messaging.simp.broker.SimpleBrokerMessageHandlerTests" time="0.005"/>
  <system-out><![CDATA[]]></system-out>
  <system-err><![CDATA[]]></system-err>
</testsuite>
