<?xml version="1.0" encoding="UTF-8"?>
<testsuite name="org.springframework.messaging.simp.stomp.StompBrokerRelayMessageHandlerIntegrationTests" tests="6" skipped="0" failures="0" errors="0" timestamp="2020-11-25T14:39:41" hostname="lichangbaodeMacBook-Pro.local" time="31.782">
  <properties/>
  <testcase name="messageDeliveryExceptionIfSystemSessionForwardFails" classname="org.springframework.messaging.simp.stomp.StompBrokerRelayMessageHandlerIntegrationTests" time="4.231"/>
  <testcase name="publishSubscribe" classname="org.springframework.messaging.simp.stomp.StompBrokerRelayMessageHandlerIntegrationTests" time="4.035"/>
  <testcase name="brokerAvailabilityEventWhenStopped" classname="org.springframework.messaging.simp.stomp.StompBrokerRelayMessageHandlerIntegrationTests" time="4.233"/>
  <testcase name="relayReconnectsIfBrokerComesBackUp" classname="org.springframework.messaging.simp.stomp.StompBrokerRelayMessageHandlerIntegrationTests" time="11.027"/>
  <testcase name="brokerBecomingUnavailableTriggersErrorFrame" classname="org.springframework.messaging.simp.stomp.StompBrokerRelayMessageHandlerIntegrationTests" time="4.236"/>
  <testcase name="disconnectWithReceipt" classname="org.springframework.messaging.simp.stomp.StompBrokerRelayMessageHandlerIntegrationTests" time="4.02"/>
  <system-out><![CDATA[22:39:41.654 [Test worker] INFO  o.a.a.b.BrokerService - Using Persistence Adapter: MemoryPersistenceAdapter
22:39:41.654 [Test worker] INFO  o.a.a.b.BrokerService - Apache ActiveMQ 5.8.0 (localhost, ID:lichangbaodeMacBook-Pro.local-52440-1606315179280-0:2) is starting
22:39:41.655 [Test worker] INFO  o.a.a.t.TransportServerThreadSupport - Listening for connections at: stomp://localhost:65129
22:39:41.655 [Test worker] INFO  o.a.a.b.TransportConnector - Connector stomp://localhost:65129 Started
22:39:41.655 [Test worker] INFO  o.a.a.b.BrokerService - Apache ActiveMQ 5.8.0 (localhost, ID:lichangbaodeMacBook-Pro.local-52440-1606315179280-0:2) started
22:39:41.655 [Test worker] INFO  o.a.a.b.BrokerService - For help or more information please see: http://activemq.apache.org
22:39:41.665 [Test worker] INFO  o.a.a.b.BrokerService - Apache ActiveMQ 5.8.0 (localhost, ID:lichangbaodeMacBook-Pro.local-52440-1606315179280-0:2) is shutting down
22:39:43.669 [Test worker] INFO  o.a.a.b.TransportConnector - Connector stomp://localhost:65129 Stopped
22:39:43.670 [Test worker] INFO  o.a.a.b.BrokerService - Apache ActiveMQ 5.8.0 (localhost, ID:lichangbaodeMacBook-Pro.local-52440-1606315179280-0:2) uptime 2.015 seconds
22:39:43.670 [Test worker] INFO  o.a.a.b.BrokerService - Apache ActiveMQ 5.8.0 (localhost, ID:lichangbaodeMacBook-Pro.local-52440-1606315179280-0:2) is shutdown
22:39:45.885 [Test worker] INFO  o.a.a.b.BrokerService - Using Persistence Adapter: MemoryPersistenceAdapter
22:39:45.885 [Test worker] INFO  o.a.a.b.BrokerService - Apache ActiveMQ 5.8.0 (localhost, ID:lichangbaodeMacBook-Pro.local-52440-1606315179280-0:3) is starting
22:39:45.886 [Test worker] INFO  o.a.a.t.TransportServerThreadSupport - Listening for connections at: stomp://localhost:64365
22:39:45.886 [Test worker] INFO  o.a.a.b.TransportConnector - Connector stomp://localhost:64365 Started
22:39:45.886 [Test worker] INFO  o.a.a.b.BrokerService - Apache ActiveMQ 5.8.0 (localhost, ID:lichangbaodeMacBook-Pro.local-52440-1606315179280-0:3) started
22:39:45.886 [Test worker] INFO  o.a.a.b.BrokerService - For help or more information please see: http://activemq.apache.org
22:39:48.143 [Test worker] INFO  o.a.a.b.BrokerService - Apache ActiveMQ 5.8.0 (localhost, ID:lichangbaodeMacBook-Pro.local-52440-1606315179280-0:3) is shutting down
22:39:49.918 [Test worker] INFO  o.a.a.b.TransportConnector - Connector stomp://localhost:64365 Stopped
22:39:49.919 [Test worker] INFO  o.a.a.b.BrokerService - Apache ActiveMQ 5.8.0 (localhost, ID:lichangbaodeMacBook-Pro.local-52440-1606315179280-0:3) uptime 4.034 seconds
22:39:49.919 [Test worker] INFO  o.a.a.b.BrokerService - Apache ActiveMQ 5.8.0 (localhost, ID:lichangbaodeMacBook-Pro.local-52440-1606315179280-0:3) is shutdown
22:39:49.920 [Test worker] INFO  o.a.a.b.BrokerService - Using Persistence Adapter: MemoryPersistenceAdapter
22:39:49.921 [Test worker] INFO  o.a.a.b.BrokerService - Apache ActiveMQ 5.8.0 (localhost, ID:lichangbaodeMacBook-Pro.local-52440-1606315179280-0:4) is starting
22:39:49.921 [Test worker] INFO  o.a.a.t.TransportServerThreadSupport - Listening for connections at: stomp://localhost:62124
22:39:49.922 [Test worker] INFO  o.a.a.b.TransportConnector - Connector stomp://localhost:62124 Started
22:39:49.922 [Test worker] INFO  o.a.a.b.BrokerService - Apache ActiveMQ 5.8.0 (localhost, ID:lichangbaodeMacBook-Pro.local-52440-1606315179280-0:4) started
22:39:49.922 [Test worker] INFO  o.a.a.b.BrokerService - For help or more information please see: http://activemq.apache.org
22:39:49.932 [Test worker] INFO  o.a.a.b.BrokerService - Apache ActiveMQ 5.8.0 (localhost, ID:lichangbaodeMacBook-Pro.local-52440-1606315179280-0:4) is shutting down
22:39:51.937 [Test worker] INFO  o.a.a.b.TransportConnector - Connector stomp://localhost:62124 Stopped
22:39:51.938 [Test worker] INFO  o.a.a.b.BrokerService - Apache ActiveMQ 5.8.0 (localhost, ID:lichangbaodeMacBook-Pro.local-52440-1606315179280-0:4) uptime 2.018 seconds
22:39:51.938 [Test worker] INFO  o.a.a.b.BrokerService - Apache ActiveMQ 5.8.0 (localhost, ID:lichangbaodeMacBook-Pro.local-52440-1606315179280-0:4) is shutdown
22:39:54.153 [Test worker] INFO  o.a.a.b.BrokerService - Using Persistence Adapter: MemoryPersistenceAdapter
22:39:54.153 [Test worker] INFO  o.a.a.b.BrokerService - Apache ActiveMQ 5.8.0 (localhost, ID:lichangbaodeMacBook-Pro.local-52440-1606315179280-0:5) is starting
22:39:54.154 [Test worker] INFO  o.a.a.t.TransportServerThreadSupport - Listening for connections at: stomp://localhost:61613
22:39:54.154 [Test worker] INFO  o.a.a.b.TransportConnector - Connector stomp://localhost:61613 Started
22:39:54.154 [Test worker] INFO  o.a.a.b.BrokerService - Apache ActiveMQ 5.8.0 (localhost, ID:lichangbaodeMacBook-Pro.local-52440-1606315179280-0:5) started
22:39:54.154 [Test worker] INFO  o.a.a.b.BrokerService - For help or more information please see: http://activemq.apache.org
22:39:54.171 [Test worker] INFO  o.a.a.b.BrokerService - Apache ActiveMQ 5.8.0 (localhost, ID:lichangbaodeMacBook-Pro.local-52440-1606315179280-0:5) is shutting down
22:39:56.175 [Test worker] INFO  o.a.a.b.TransportConnector - Connector stomp://localhost:61613 Stopped
22:39:56.175 [Test worker] INFO  o.a.a.b.BrokerService - Apache ActiveMQ 5.8.0 (localhost, ID:lichangbaodeMacBook-Pro.local-52440-1606315179280-0:5) uptime 2.022 seconds
22:39:56.175 [Test worker] INFO  o.a.a.b.BrokerService - Apache ActiveMQ 5.8.0 (localhost, ID:lichangbaodeMacBook-Pro.local-52440-1606315179280-0:5) is shutdown
22:39:56.176 [Test worker] INFO  o.a.a.b.BrokerService - Using Persistence Adapter: MemoryPersistenceAdapter
22:39:56.176 [Test worker] INFO  o.a.a.b.BrokerService - Apache ActiveMQ 5.8.0 (localhost, ID:lichangbaodeMacBook-Pro.local-52440-1606315179280-0:6) is starting
22:39:56.177 [Test worker] INFO  o.a.a.t.TransportServerThreadSupport - Listening for connections at: stomp://localhost:61613
22:39:56.177 [Test worker] INFO  o.a.a.b.TransportConnector - Connector stomp://localhost:61613 Started
22:39:56.177 [Test worker] INFO  o.a.a.b.BrokerService - Apache ActiveMQ 5.8.0 (localhost, ID:lichangbaodeMacBook-Pro.local-52440-1606315179280-0:6) started
22:39:56.177 [Test worker] INFO  o.a.a.b.BrokerService - For help or more information please see: http://activemq.apache.org
22:39:58.752 [MessageBroker-1] ERROR o.s.s.s.TaskUtils$LoggingErrorHandler - Unexpected error occurred in scheduled task.
java.lang.NullPointerException: null
	at org.springframework.messaging.simp.user.MultiServerUserRegistry$UserRegistrySnapshot.<init>(MultiServerUserRegistry.java:212) ~[main/:?]
	at org.springframework.messaging.simp.user.MultiServerUserRegistry.getLocalRegistryDto(MultiServerUserRegistry.java:164) ~[main/:?]
	at org.springframework.messaging.simp.user.UserRegistryMessageHandler$UserRegistryTask.run(UserRegistryMessageHandler.java:141) ~[main/:?]
	at org.springframework.scheduling.support.DelegatingErrorHandlingRunnable.run(DelegatingErrorHandlingRunnable.java:54) [spring-context-5.2.0.BUILD-SNAPSHOT.jar:5.2.0.BUILD-SNAPSHOT]
	at java.util.concurrent.Executors$RunnableAdapter.call(Executors.java:511) [?:1.8.0_211]
	at java.util.concurrent.FutureTask.runAndReset(FutureTask.java:308) [?:1.8.0_211]
	at java.util.concurrent.ScheduledThreadPoolExecutor$ScheduledFutureTask.access$301(ScheduledThreadPoolExecutor.java:180) [?:1.8.0_211]
	at java.util.concurrent.ScheduledThreadPoolExecutor$ScheduledFutureTask.run(ScheduledThreadPoolExecutor.java:294) [?:1.8.0_211]
	at java.util.concurrent.ThreadPoolExecutor.runWorker(ThreadPoolExecutor.java:1149) [?:1.8.0_211]
	at java.util.concurrent.ThreadPoolExecutor$Worker.run(ThreadPoolExecutor.java:624) [?:1.8.0_211]
	at java.lang.Thread.run(Thread.java:748) [?:1.8.0_211]
22:39:58.890 [MessageBroker-1] ERROR o.s.s.s.TaskUtils$LoggingErrorHandler - Unexpected error occurred in scheduled task.
java.lang.NullPointerException: null
	at org.springframework.messaging.simp.user.MultiServerUserRegistry$UserRegistrySnapshot.<init>(MultiServerUserRegistry.java:212) ~[main/:?]
	at org.springframework.messaging.simp.user.MultiServerUserRegistry.getLocalRegistryDto(MultiServerUserRegistry.java:164) ~[main/:?]
	at org.springframework.messaging.simp.user.UserRegistryMessageHandler$UserRegistryTask.run(UserRegistryMessageHandler.java:141) ~[main/:?]
	at org.springframework.scheduling.support.DelegatingErrorHandlingRunnable.run(DelegatingErrorHandlingRunnable.java:54) [spring-context-5.2.0.BUILD-SNAPSHOT.jar:5.2.0.BUILD-SNAPSHOT]
	at java.util.concurrent.Executors$RunnableAdapter.call(Executors.java:511) [?:1.8.0_211]
	at java.util.concurrent.FutureTask.runAndReset(FutureTask.java:308) [?:1.8.0_211]
	at java.util.concurrent.ScheduledThreadPoolExecutor$ScheduledFutureTask.access$301(ScheduledThreadPoolExecutor.java:180) [?:1.8.0_211]
	at java.util.concurrent.ScheduledThreadPoolExecutor$ScheduledFutureTask.run(ScheduledThreadPoolExecutor.java:294) [?:1.8.0_211]
	at java.util.concurrent.ThreadPoolExecutor.runWorker(ThreadPoolExecutor.java:1149) [?:1.8.0_211]
	at java.util.concurrent.ThreadPoolExecutor$Worker.run(ThreadPoolExecutor.java:624) [?:1.8.0_211]
	at java.lang.Thread.run(Thread.java:748) [?:1.8.0_211]
22:39:58.974 [MessageBroker-1] ERROR o.s.s.s.TaskUtils$LoggingErrorHandler - Unexpected error occurred in scheduled task.
java.lang.NullPointerException: null
	at org.springframework.messaging.simp.user.MultiServerUserRegistry$UserRegistrySnapshot.<init>(MultiServerUserRegistry.java:212) ~[main/:?]
	at org.springframework.messaging.simp.user.MultiServerUserRegistry.getLocalRegistryDto(MultiServerUserRegistry.java:164) ~[main/:?]
	at org.springframework.messaging.simp.user.UserRegistryMessageHandler$UserRegistryTask.run(UserRegistryMessageHandler.java:141) ~[main/:?]
	at org.springframework.scheduling.support.DelegatingErrorHandlingRunnable.run(DelegatingErrorHandlingRunnable.java:54) [spring-context-5.2.0.BUILD-SNAPSHOT.jar:5.2.0.BUILD-SNAPSHOT]
	at java.util.concurrent.Executors$RunnableAdapter.call(Executors.java:511) [?:1.8.0_211]
	at java.util.concurrent.FutureTask.runAndReset(FutureTask.java:308) [?:1.8.0_211]
	at java.util.concurrent.ScheduledThreadPoolExecutor$ScheduledFutureTask.access$301(ScheduledThreadPoolExecutor.java:180) [?:1.8.0_211]
	at java.util.concurrent.ScheduledThreadPoolExecutor$ScheduledFutureTask.run(ScheduledThreadPoolExecutor.java:294) [?:1.8.0_211]
	at java.util.concurrent.ThreadPoolExecutor.runWorker(ThreadPoolExecutor.java:1149) [?:1.8.0_211]
	at java.util.concurrent.ThreadPoolExecutor$Worker.run(ThreadPoolExecutor.java:624) [?:1.8.0_211]
	at java.lang.Thread.run(Thread.java:748) [?:1.8.0_211]
22:40:03.392 [Test worker] INFO  o.a.a.b.BrokerService - Apache ActiveMQ 5.8.0 (localhost, ID:lichangbaodeMacBook-Pro.local-52440-1606315179280-0:6) is shutting down
22:40:05.178 [Test worker] INFO  o.a.a.b.TransportConnector - Connector stomp://localhost:61613 Stopped
22:40:05.179 [Test worker] INFO  o.a.a.b.BrokerService - Apache ActiveMQ 5.8.0 (localhost, ID:lichangbaodeMacBook-Pro.local-52440-1606315179280-0:6) uptime 9.003 seconds
22:40:05.179 [Test worker] INFO  o.a.a.b.BrokerService - Apache ActiveMQ 5.8.0 (localhost, ID:lichangbaodeMacBook-Pro.local-52440-1606315179280-0:6) is shutdown
22:40:05.180 [Test worker] INFO  o.a.a.b.BrokerService - Using Persistence Adapter: MemoryPersistenceAdapter
22:40:05.180 [Test worker] INFO  o.a.a.b.BrokerService - Apache ActiveMQ 5.8.0 (localhost, ID:lichangbaodeMacBook-Pro.local-52440-1606315179280-0:7) is starting
22:40:05.180 [Test worker] INFO  o.a.a.t.TransportServerThreadSupport - Listening for connections at: stomp://localhost:63334
22:40:05.180 [Test worker] INFO  o.a.a.b.TransportConnector - Connector stomp://localhost:63334 Started
22:40:05.181 [Test worker] INFO  o.a.a.b.BrokerService - Apache ActiveMQ 5.8.0 (localhost, ID:lichangbaodeMacBook-Pro.local-52440-1606315179280-0:7) started
22:40:05.181 [Test worker] INFO  o.a.a.b.BrokerService - For help or more information please see: http://activemq.apache.org
22:40:05.195 [Test worker] INFO  o.a.a.b.BrokerService - Apache ActiveMQ 5.8.0 (localhost, ID:lichangbaodeMacBook-Pro.local-52440-1606315179280-0:7) is shutting down
22:40:07.200 [Test worker] INFO  o.a.a.b.TransportConnector - Connector stomp://localhost:63334 Stopped
22:40:07.200 [Test worker] INFO  o.a.a.b.BrokerService - Apache ActiveMQ 5.8.0 (localhost, ID:lichangbaodeMacBook-Pro.local-52440-1606315179280-0:7) uptime 2.020 seconds
22:40:07.200 [Test worker] INFO  o.a.a.b.BrokerService - Apache ActiveMQ 5.8.0 (localhost, ID:lichangbaodeMacBook-Pro.local-52440-1606315179280-0:7) is shutdown
22:40:09.416 [Test worker] INFO  o.a.a.b.BrokerService - Using Persistence Adapter: MemoryPersistenceAdapter
22:40:09.417 [Test worker] INFO  o.a.a.b.BrokerService - Apache ActiveMQ 5.8.0 (localhost, ID:lichangbaodeMacBook-Pro.local-52440-1606315179280-0:8) is starting
22:40:09.417 [Test worker] INFO  o.a.a.t.TransportServerThreadSupport - Listening for connections at: stomp://localhost:65449
22:40:09.417 [Test worker] INFO  o.a.a.b.TransportConnector - Connector stomp://localhost:65449 Started
22:40:09.418 [Test worker] INFO  o.a.a.b.BrokerService - Apache ActiveMQ 5.8.0 (localhost, ID:lichangbaodeMacBook-Pro.local-52440-1606315179280-0:8) started
22:40:09.418 [Test worker] INFO  o.a.a.b.BrokerService - For help or more information please see: http://activemq.apache.org
22:40:11.650 [Test worker] INFO  o.a.a.b.BrokerService - Apache ActiveMQ 5.8.0 (localhost, ID:lichangbaodeMacBook-Pro.local-52440-1606315179280-0:8) is shutting down
22:40:13.434 [Test worker] INFO  o.a.a.b.TransportConnector - Connector stomp://localhost:65449 Stopped
22:40:13.435 [Test worker] INFO  o.a.a.b.BrokerService - Apache ActiveMQ 5.8.0 (localhost, ID:lichangbaodeMacBook-Pro.local-52440-1606315179280-0:8) uptime 4.018 seconds
22:40:13.435 [Test worker] INFO  o.a.a.b.BrokerService - Apache ActiveMQ 5.8.0 (localhost, ID:lichangbaodeMacBook-Pro.local-52440-1606315179280-0:8) is shutdown
]]></system-out>
  <system-err><![CDATA[]]></system-err>
</testsuite>
