<?xml version="1.0" encoding="UTF-8"?>
<testsuite name="org.springframework.messaging.handler.annotation.reactive.HeaderMethodArgumentResolverTests" tests="10" skipped="0" failures="0" errors="0" timestamp="2019-06-21T11:42:39" hostname="Macbook-Air.local" time="0.266">
  <properties/>
  <testcase name="resolveOptionalHeaderWithValue" classname="org.springframework.messaging.handler.annotation.reactive.HeaderMethodArgumentResolverTests" time="0.169"/>
  <testcase name="resolveNameFromSystemProperty" classname="org.springframework.messaging.handler.annotation.reactive.HeaderMethodArgumentResolverTests" time="0.044"/>
  <testcase name="resolveArgumentNativeHeaderAmbiguity" classname="org.springframework.messaging.handler.annotation.reactive.HeaderMethodArgumentResolverTests" time="0.013"/>
  <testcase name="resolveArgumentNativeHeader" classname="org.springframework.messaging.handler.annotation.reactive.HeaderMethodArgumentResolverTests" time="0.005"/>
  <testcase name="resolveDefaultValueSystemProperty" classname="org.springframework.messaging.handler.annotation.reactive.HeaderMethodArgumentResolverTests" time="0.005"/>
  <testcase name="resolveOptionalHeaderAsEmpty" classname="org.springframework.messaging.handler.annotation.reactive.HeaderMethodArgumentResolverTests" time="0.006"/>
  <testcase name="resolveArgumentDefaultValue" classname="org.springframework.messaging.handler.annotation.reactive.HeaderMethodArgumentResolverTests" time="0.004"/>
  <testcase name="resolveArgumentNotFound" classname="org.springframework.messaging.handler.annotation.reactive.HeaderMethodArgumentResolverTests" time="0.007"/>
  <testcase name="resolveArgument" classname="org.springframework.messaging.handler.annotation.reactive.HeaderMethodArgumentResolverTests" time="0.003"/>
  <testcase name="supportsParameter" classname="org.springframework.messaging.handler.annotation.reactive.HeaderMethodArgumentResolverTests" time="0.008"/>
  <system-out><![CDATA[]]></system-out>
  <system-err><![CDATA[]]></system-err>
</testsuite>
