<?xml version="1.0" encoding="UTF-8"?>
<testsuite name="org.springframework.messaging.simp.stomp.ReactorNettyTcpStompClientTests" tests="1" skipped="0" failures="0" errors="0" timestamp="2020-11-25T14:39:39" hostname="lichangbaodeMacBook-Pro.local" time="2.39">
  <properties/>
  <testcase name="publishSubscribe" classname="org.springframework.messaging.simp.stomp.ReactorNettyTcpStompClientTests" time="2.39"/>
  <system-out><![CDATA[22:39:39.263 [Test worker] INFO  o.a.a.b.BrokerService - Using Persistence Adapter: MemoryPersistenceAdapter
22:39:39.427 [Test worker] INFO  o.a.a.b.BrokerService - Apache ActiveMQ 5.8.0 (localhost, ID:lichangbaodeMacBook-Pro.local-52440-1606315179280-0:1) is starting
22:39:39.434 [Test worker] INFO  o.a.a.t.TransportServerThreadSupport - Listening for connections at: stomp://localhost:64257
22:39:39.434 [Test worker] INFO  o.a.a.b.TransportConnector - Connector stomp://localhost:64257 Started
22:39:39.436 [Test worker] INFO  o.a.a.b.BrokerService - Apache ActiveMQ 5.8.0 (localhost, ID:lichangbaodeMacBook-Pro.local-52440-1606315179280-0:1) started
22:39:39.436 [Test worker] INFO  o.a.a.b.BrokerService - For help or more information please see: http://activemq.apache.org
22:39:40.092 [Test worker] INFO  o.a.a.b.BrokerService - Apache ActiveMQ 5.8.0 (localhost, ID:lichangbaodeMacBook-Pro.local-52440-1606315179280-0:1) is shutting down
22:39:41.572 [Test worker] INFO  o.a.a.b.TransportConnector - Connector stomp://localhost:64257 Stopped
22:39:41.584 [Test worker] INFO  o.a.a.b.BrokerService - Apache ActiveMQ 5.8.0 (localhost, ID:lichangbaodeMacBook-Pro.local-52440-1606315179280-0:1) uptime 2.323 seconds
22:39:41.584 [Test worker] INFO  o.a.a.b.BrokerService - Apache ActiveMQ 5.8.0 (localhost, ID:lichangbaodeMacBook-Pro.local-52440-1606315179280-0:1) is shutdown
]]></system-out>
  <system-err><![CDATA[]]></system-err>
</testsuite>
