<?xml version="1.0" encoding="UTF-8"?>
<testsuite name="org.springframework.messaging.core.GenericMessagingTemplateTests" tests="7" skipped="0" failures="0" errors="0" timestamp="2020-11-25T14:39:35" hostname="lichangbaodeMacBook-Pro.local" time="1.556">
  <properties/>
  <testcase name="sendAndReceiveVariableTimeoutCustomHeaders" classname="org.springframework.messaging.core.GenericMessagingTemplateTests" time="0.539"/>
  <testcase name="sendAndReceive" classname="org.springframework.messaging.core.GenericMessagingTemplateTests" time="0.003"/>
  <testcase name="sendAndReceiveVariableTimeout" classname="org.springframework.messaging.core.GenericMessagingTemplateTests" time="0.502"/>
  <testcase name="sendWithTimeout" classname="org.springframework.messaging.core.GenericMessagingTemplateTests" time="0.001"/>
  <testcase name="convertAndSendWithSimpMessageHeaders" classname="org.springframework.messaging.core.GenericMessagingTemplateTests" time="0.0"/>
  <testcase name="sendWithTimeoutMutable" classname="org.springframework.messaging.core.GenericMessagingTemplateTests" time="0.001"/>
  <testcase name="sendAndReceiveTimeout" classname="org.springframework.messaging.core.GenericMessagingTemplateTests" time="0.508"/>
  <system-out><![CDATA[22:39:36.109 [ThreadPoolTaskExecutor-1] WARN  o.s.m.c.GenericMessagingTemplate$TemporaryReplyChannel - Reply message received but the receiving thread has exited due to a timeout: GenericMessage [payload=response, headers={id=94c3bb77-2b9c-57d4-d04a-a1f83d50b46e, timestamp=1606315176108}]
22:39:36.625 [ThreadPoolTaskExecutor-1] WARN  o.s.m.c.GenericMessagingTemplate$TemporaryReplyChannel - Reply message received but the receiving thread has exited due to a timeout: GenericMessage [payload=response, headers={id=04b19261-1347-7942-a2fb-acf0a4b5c2ce, timestamp=1606315176625}]
22:39:37.136 [ThreadPoolTaskExecutor-1] WARN  o.s.m.c.GenericMessagingTemplate$TemporaryReplyChannel - Reply message received but the receiving thread has exited due to a timeout: GenericMessage [payload=response, headers={id=5b4c8e81-0d28-8f55-1031-5bcf42be1b9c, timestamp=1606315177135}]
]]></system-out>
  <system-err><![CDATA[]]></system-err>
</testsuite>
