<?xml version="1.0" encoding="UTF-8"?>
<testsuite name="org.springframework.messaging.converter.MarshallingMessageConverterTests" tests="4" skipped="0" failures="0" errors="0" timestamp="2020-11-25T14:39:37" hostname="lichangbaodeMacBook-Pro.local" time="0.22">
  <properties/>
  <testcase name="fromMessageValidXmlWithUnknownProperty" classname="org.springframework.messaging.converter.MarshallingMessageConverterTests" time="0.166"/>
  <testcase name="toMessage" classname="org.springframework.messaging.converter.MarshallingMessageConverterTests" time="0.05"/>
  <testcase name="fromMessage" classname="org.springframework.messaging.converter.MarshallingMessageConverterTests" time="0.002"/>
  <testcase name="fromMessageInvalidXml" classname="org.springframework.messaging.converter.MarshallingMessageConverterTests" time="0.002"/>
  <system-out><![CDATA[]]></system-out>
  <system-err><![CDATA[]]></system-err>
</testsuite>
