<?xml version="1.0" encoding="UTF-8"?>
<testsuite name="org.springframework.messaging.rsocket.DefaultRSocketRequesterTests" tests="9" skipped="0" failures="0" errors="0" timestamp="2020-11-25T14:40:14" hostname="lichangbaodeMacBook-Pro.local" time="0.353">
  <properties/>
  <testcase name="supportedMetadataMimeTypes" classname="org.springframework.messaging.rsocket.DefaultRSocketRequesterTests" time="0.001"/>
  <testcase name="retrieveFluxVoid" classname="org.springframework.messaging.rsocket.DefaultRSocketRequesterTests" time="0.026"/>
  <testcase name="fluxToMonoIsRejected" classname="org.springframework.messaging.rsocket.DefaultRSocketRequesterTests" time="0.001"/>
  <testcase name="retrieveFlux" classname="org.springframework.messaging.rsocket.DefaultRSocketRequesterTests" time="0.037"/>
  <testcase name="retrieveMono" classname="org.springframework.messaging.rsocket.DefaultRSocketRequesterTests" time="0.012"/>
  <testcase name="sendCompositeMetadata" classname="org.springframework.messaging.rsocket.DefaultRSocketRequesterTests" time="0.001"/>
  <testcase name="sendFlux" classname="org.springframework.messaging.rsocket.DefaultRSocketRequesterTests" time="0.163"/>
  <testcase name="sendMono" classname="org.springframework.messaging.rsocket.DefaultRSocketRequesterTests" time="0.099"/>
  <testcase name="retrieveMonoVoid" classname="org.springframework.messaging.rsocket.DefaultRSocketRequesterTests" time="0.013"/>
  <system-out><![CDATA[]]></system-out>
  <system-err><![CDATA[]]></system-err>
</testsuite>
