<?xml version="1.0" encoding="UTF-8"?>
<testsuite name="org.springframework.messaging.support.ErrorMessageTests" tests="1" skipped="0" failures="0" errors="0" timestamp="2019-06-21T11:43:25" hostname="Macbook-Air.local" time="0.001">
  <properties/>
  <testcase name="testToString" classname="org.springframework.messaging.support.ErrorMessageTests" time="0.001"/>
  <system-out><![CDATA[]]></system-out>
  <system-err><![CDATA[]]></system-err>
</testsuite>
