<?xml version="1.0" encoding="UTF-8"?>
<testsuite name="org.springframework.messaging.rsocket.RSocketServerToClientIntegrationTests" tests="4" skipped="0" failures="0" errors="0" timestamp="2020-11-25T14:40:13" hostname="lichangbaodeMacBook-Pro.local" time="0.373">
  <properties/>
  <testcase name="echoAsync" classname="org.springframework.messaging.rsocket.RSocketServerToClientIntegrationTests" time="0.13"/>
  <testcase name="echo" classname="org.springframework.messaging.rsocket.RSocketServerToClientIntegrationTests" time="0.014"/>
  <testcase name="echoChannel" classname="org.springframework.messaging.rsocket.RSocketServerToClientIntegrationTests" time="0.138"/>
  <testcase name="echoStream" classname="org.springframework.messaging.rsocket.RSocketServerToClientIntegrationTests" time="0.091"/>
  <system-out><![CDATA[22:40:13.475 [Test worker] WARN  o.s.m.r.a.s.RSocketMessageHandler - [clientMessageHandler] Auto-detection of message handling methods is off.
]]></system-out>
  <system-err><![CDATA[]]></system-err>
</testsuite>
