<?xml version="1.0" encoding="UTF-8"?>
<testsuite name="org.springframework.messaging.rsocket.DefaultRSocketRequesterTests" tests="9" skipped="0" failures="0" errors="0" timestamp="2019-06-21T11:43:24" hostname="Macbook-Air.local" time="0.42">
  <properties/>
  <testcase name="supportedMetadataMimeTypes" classname="org.springframework.messaging.rsocket.DefaultRSocketRequesterTests" time="0.001"/>
  <testcase name="retrieveFluxVoid" classname="org.springframework.messaging.rsocket.DefaultRSocketRequesterTests" time="0.03"/>
  <testcase name="fluxToMonoIsRejected" classname="org.springframework.messaging.rsocket.DefaultRSocketRequesterTests" time="0.001"/>
  <testcase name="retrieveFlux" classname="org.springframework.messaging.rsocket.DefaultRSocketRequesterTests" time="0.038"/>
  <testcase name="retrieveMono" classname="org.springframework.messaging.rsocket.DefaultRSocketRequesterTests" time="0.011"/>
  <testcase name="sendCompositeMetadata" classname="org.springframework.messaging.rsocket.DefaultRSocketRequesterTests" time="0.003"/>
  <testcase name="sendFlux" classname="org.springframework.messaging.rsocket.DefaultRSocketRequesterTests" time="0.201"/>
  <testcase name="sendMono" classname="org.springframework.messaging.rsocket.DefaultRSocketRequesterTests" time="0.119"/>
  <testcase name="retrieveMonoVoid" classname="org.springframework.messaging.rsocket.DefaultRSocketRequesterTests" time="0.016"/>
  <system-out><![CDATA[]]></system-out>
  <system-err><![CDATA[]]></system-err>
</testsuite>
