<?xml version="1.0" encoding="UTF-8"?>
<testsuite name="org.springframework.messaging.converter.MarshallingMessageConverterTests" tests="4" skipped="0" failures="0" errors="0" timestamp="2019-06-21T11:42:43" hostname="Macbook-Air.local" time="1.028">
  <properties/>
  <testcase name="fromMessageValidXmlWithUnknownProperty" classname="org.springframework.messaging.converter.MarshallingMessageConverterTests" time="0.871"/>
  <testcase name="toMessage" classname="org.springframework.messaging.converter.MarshallingMessageConverterTests" time="0.149"/>
  <testcase name="fromMessage" classname="org.springframework.messaging.converter.MarshallingMessageConverterTests" time="0.003"/>
  <testcase name="fromMessageInvalidXml" classname="org.springframework.messaging.converter.MarshallingMessageConverterTests" time="0.004"/>
  <system-out><![CDATA[]]></system-out>
  <system-err><![CDATA[]]></system-err>
</testsuite>
