<?xml version="1.0" encoding="UTF-8"?>
<testsuite name="org.springframework.messaging.simp.broker.OrderedMessageSenderTests" tests="1" skipped="0" failures="0" errors="0" timestamp="2019-06-21T11:42:44" hostname="Macbook-Air.local" time="0.461">
  <properties/>
  <testcase name="test" classname="org.springframework.messaging.simp.broker.OrderedMessageSenderTests" time="0.461"/>
  <system-out><![CDATA[]]></system-out>
  <system-err><![CDATA[]]></system-err>
</testsuite>
