<?xml version="1.0" encoding="UTF-8"?>
<testsuite name="org.springframework.core.codec.ByteBufferEncoderTests" tests="2" skipped="0" failures="0" errors="0" timestamp="2019-06-21T11:41:36" hostname="Macbook-Air.local" time="0.008">
  <properties/>
  <testcase name="encode" classname="org.springframework.core.codec.ByteBufferEncoderTests" time="0.007"/>
  <testcase name="canEncode" classname="org.springframework.core.codec.ByteBufferEncoderTests" time="0.001"/>
  <system-out><![CDATA[]]></system-out>
  <system-err><![CDATA[]]></system-err>
</testsuite>
