<?xml version="1.0" encoding="UTF-8"?>
<testsuite name="org.springframework.core.SimpleAliasRegistryTests" tests="2" skipped="0" failures="0" errors="0" timestamp="2019-06-21T11:41:49" hostname="Macbook-Air.local" time="0.008">
  <properties/>
  <testcase name="testAliasChaining" classname="org.springframework.core.SimpleAliasRegistryTests" time="0.008"/>
  <testcase name="testAliasChainingWithMultipleAliases" classname="org.springframework.core.SimpleAliasRegistryTests" time="0.0"/>
  <system-out><![CDATA[]]></system-out>
  <system-err><![CDATA[]]></system-err>
</testsuite>
