<?xml version="1.0" encoding="UTF-8"?>
<testsuite name="org.springframework.core.annotation.MergedAnnotationsTests" tests="164" skipped="0" failures="0" errors="0" timestamp="2019-06-21T11:41:46" hostname="Macbook-Air.local" time="0.492">
  <properties/>
  <testcase name="getWithInheritedAnnotationsFromInvalidConventionBasedComposedAnnotation" classname="org.springframework.core.annotation.MergedAnnotationsTests" time="0.009"/>
  <testcase name="synthesizeWhenAliasForHasDuplicateAttributeDeclaration" classname="org.springframework.core.annotation.MergedAnnotationsTests" time="0.003"/>
  <testcase name="getWithInheritedAnnotationsFromHalfConventionBasedAndHalfAliasedComposedAnnotation1" classname="org.springframework.core.annotation.MergedAnnotationsTests" time="0.004"/>
  <testcase name="getDirectWithAttributeAliasesWithDifferentValues" classname="org.springframework.core.annotation.MergedAnnotationsTests" time="0.008"/>
  <testcase name="isPresentWhenFromSubclassWithMetaDepth0" classname="org.springframework.core.annotation.MergedAnnotationsTests" time="0.004"/>
  <testcase name="synthesizeWithImplicitAliasesWithDuplicateValues" classname="org.springframework.core.annotation.MergedAnnotationsTests" time="0.012"/>
  <testcase name="getRepeatableDeclaredOnMultipleSuperclasses" classname="org.springframework.core.annotation.MergedAnnotationsTests" time="0.021"/>
  <testcase name="getFromMethodWithInterfaceOnSuper" classname="org.springframework.core.annotation.MergedAnnotationsTests" time="0.006"/>
  <testcase name="getWithInheritedAnnotationsFromClassWithLocalAnnotationThatShadowsAnnotationFromSuperclass" classname="org.springframework.core.annotation.MergedAnnotationsTests" time="0.009"/>
  <testcase name="getWithInheritedAnnotationsFromNonInheritedAnnotationInterface" classname="org.springframework.core.annotation.MergedAnnotationsTests" time="0.002"/>
  <testcase name="getWithExhaustiveInheritedFromInterfaceMethod" classname="org.springframework.core.annotation.MergedAnnotationsTests" time="0.011"/>
  <testcase name="synthesizeWithImplicitAliases" classname="org.springframework.core.annotation.MergedAnnotationsTests" time="0.025"/>
  <testcase name="getWithInheritedAnnotationsFavorsInheritedAnnotationsOverMoreLocallyDeclaredComposedAnnotations" classname="org.springframework.core.annotation.MergedAnnotationsTests" time="0.005"/>
  <testcase name="getWithInheritedAnnotationsFromClassWithLocalAnnotation" classname="org.springframework.core.annotation.MergedAnnotationsTests" time="0.001"/>
  <testcase name="asAnnotationAttributesReturnsPopulatedAnnotationAttributes" classname="org.springframework.core.annotation.MergedAnnotationsTests" time="0.004"/>
  <testcase name="getDirectFromClassWithMetaCycleAnnotatedClassWithMissingTargetMetaAnnotation" classname="org.springframework.core.annotation.MergedAnnotationsTests" time="0.008"/>
  <testcase name="getFromMethodWithBridgedMethod" classname="org.springframework.core.annotation.MergedAnnotationsTests" time="0.044"/>
  <testcase name="synthesizeWithTransitiveImplicitAliases" classname="org.springframework.core.annotation.MergedAnnotationsTests" time="0.003"/>
  <testcase name="getWithAnnotationOnRoot" classname="org.springframework.core.annotation.MergedAnnotationsTests" time="0.004"/>
  <testcase name="streamWhenFromNonAnnotatedClass" classname="org.springframework.core.annotation.MergedAnnotationsTests" time="0.003"/>
  <testcase name="getWithExhaustiveFromSubSubInheritedAnnotationInterface" classname="org.springframework.core.annotation.MergedAnnotationsTests" time="0.005"/>
  <testcase name="synthesizeFromMapWithoutAttributeAliases" classname="org.springframework.core.annotation.MergedAnnotationsTests" time="0.0"/>
  <testcase name="getFromMethodWithNotAnnotated" classname="org.springframework.core.annotation.MergedAnnotationsTests" time="0.004"/>
  <testcase name="getFromMethodWithInterface" classname="org.springframework.core.annotation.MergedAnnotationsTests" time="0.0"/>
  <testcase name="getDirectWithJavaxAnnotationType" classname="org.springframework.core.annotation.MergedAnnotationsTests" time="0.003"/>
  <testcase name="synthesizeWhenAttributeAliasForWithMissingDefaultValues" classname="org.springframework.core.annotation.MergedAnnotationsTests" time="0.002"/>
  <testcase name="synthesizeAlreadySynthesized" classname="org.springframework.core.annotation.MergedAnnotationsTests" time="0.001"/>
  <testcase name="synthesizeFromMapWithMissingAttributeValue" classname="org.springframework.core.annotation.MergedAnnotationsTests" time="0.001"/>
  <testcase name="synthesizeWhenAttributeAliasForNonexistentAttribute" classname="org.springframework.core.annotation.MergedAnnotationsTests" time="0.002"/>
  <testcase name="getWithInheritedAnnotationsFromTransitiveImplicitAliasesWithSkippedLevelWithSingleElementOverridingAnArrayViaAliasFor" classname="org.springframework.core.annotation.MergedAnnotationsTests" time="0.006"/>
  <testcase name="collectMultiValueMapFavorsInheritedComposedAnnotationsOverMoreLocallyDeclaredComposedAnnotations" classname="org.springframework.core.annotation.MergedAnnotationsTests" time="0.004"/>
  <testcase name="getWithExhaustiveFromInheritedAnnotationInterface" classname="org.springframework.core.annotation.MergedAnnotationsTests" time="0.0"/>
  <testcase name="synthesizeFromAnnotationAttributesWithoutAttributeAliases" classname="org.springframework.core.annotation.MergedAnnotationsTests" time="0.001"/>
  <testcase name="getDirectFromClassWithSubInheritedAnnotationInterface" classname="org.springframework.core.annotation.MergedAnnotationsTests" time="0.0"/>
  <testcase name="synthesizeWhenAttributeAliasWithoutMirroredAliasFor" classname="org.springframework.core.annotation.MergedAnnotationsTests" time="0.001"/>
  <testcase name="getDirectRepeatablesDeclaredOnSuperclass" classname="org.springframework.core.annotation.MergedAnnotationsTests" time="0.001"/>
  <testcase name="synthesizeFromMapWithNestedMap" classname="org.springframework.core.annotation.MergedAnnotationsTests" time="0.005"/>
  <testcase name="getMetaTypes" classname="org.springframework.core.annotation.MergedAnnotationsTests" time="0.004"/>
  <testcase name="collectMultiValueMapFromClassWithMultipleComposedAnnotations" classname="org.springframework.core.annotation.MergedAnnotationsTests" time="0.008"/>
  <testcase name="getWithInheritedAnnotationsFromTransitiveImplicitAliases" classname="org.springframework.core.annotation.MergedAnnotationsTests" time="0.004"/>
  <testcase name="getRepeatableDeclaredOnClassWithMissingAttributeAliasDeclaration" classname="org.springframework.core.annotation.MergedAnnotationsTests" time="0.003"/>
  <testcase name="synthesizeWhenAttributeAliasForMetaAnnotationThatIsNotMetaPresent" classname="org.springframework.core.annotation.MergedAnnotationsTests" time="0.002"/>
  <testcase name="isPresentWhenFromNonAnnotatedClass" classname="org.springframework.core.annotation.MergedAnnotationsTests" time="0.001"/>
  <testcase name="getValueWhenHasDefaultOverrideWithExplicitAlias" classname="org.springframework.core.annotation.MergedAnnotationsTests" time="0.004"/>
  <testcase name="getFromMethodWithGenericSuperclass" classname="org.springframework.core.annotation.MergedAnnotationsTests" time="0.001"/>
  <testcase name="synthesizeFromMapWithImplicitAttributeAliases" classname="org.springframework.core.annotation.MergedAnnotationsTests" time="0.0"/>
  <testcase name="getWithInheritedAnnotationsFromImplicitAliasesInMetaAnnotationOnComposedAnnotation" classname="org.springframework.core.annotation.MergedAnnotationsTests" time="0.009"/>
  <testcase name="WithInheritedAnnotationsFromAliasedComposedAnnotation" classname="org.springframework.core.annotation.MergedAnnotationsTests" time="0.004"/>
  <testcase name="synthesizeWithArrayOfChars" classname="org.springframework.core.annotation.MergedAnnotationsTests" time="0.002"/>
  <testcase name="getDefaultValueFromAnnotationType" classname="org.springframework.core.annotation.MergedAnnotationsTests" time="0.001"/>
  <testcase name="getWithExhaustiveFromClassWithAttributeAliasesInTargetAnnotation" classname="org.springframework.core.annotation.MergedAnnotationsTests" time="0.011"/>
  <testcase name="synthesizeWhenAliasForIsMissingAttributeDeclaration" classname="org.springframework.core.annotation.MergedAnnotationsTests" time="0.002"/>
  <testcase name="synthesizeWithAttributeAliasesInNestedAnnotations" classname="org.springframework.core.annotation.MergedAnnotationsTests" time="0.005"/>
  <testcase name="getFromMethodWithBridgeMethod" classname="org.springframework.core.annotation.MergedAnnotationsTests" time="0.001"/>
  <testcase name="getDefaultValueFromNonPublicAnnotation" classname="org.springframework.core.annotation.MergedAnnotationsTests" time="0.0"/>
  <testcase name="getWithExhaustiveFromSubInheritedAnnotationInterface" classname="org.springframework.core.annotation.MergedAnnotationsTests" time="0.0"/>
  <testcase name="synthesizeFromMapWithNestedArrayOfMaps" classname="org.springframework.core.annotation.MergedAnnotationsTests" time="0.006"/>
  <testcase name="getWithExhaustiveWhenMultipleMetaAnnotationsHaveClashingAttributeNames" classname="org.springframework.core.annotation.MergedAnnotationsTests" time="0.013"/>
  <testcase name="getDirectFromClassFavorsMoreLocallyDeclaredComposedAnnotationsOverInheritedAnnotations" classname="org.springframework.core.annotation.MergedAnnotationsTests" time="0.0"/>
  <testcase name="getWithExhaustiveFromSubSubNonInheritedAnnotationInterface" classname="org.springframework.core.annotation.MergedAnnotationsTests" time="0.003"/>
  <testcase name="getFromMethodWithMethodAnnotationOnLeaf" classname="org.springframework.core.annotation.MergedAnnotationsTests" time="0.0"/>
  <testcase name="synthesizeWhenAttributeAliasForAttributeWithDifferentDefaultValue" classname="org.springframework.core.annotation.MergedAnnotationsTests" time="0.002"/>
  <testcase name="getRootWhenNotDirect" classname="org.springframework.core.annotation.MergedAnnotationsTests" time="0.0"/>
  <testcase name="synthesizeWhenAttributeAliasesWithDifferentValues" classname="org.springframework.core.annotation.MergedAnnotationsTests" time="0.001"/>
  <testcase name="getWithExhaustiveWithSingleElementOverridingAnArrayViaConvention" classname="org.springframework.core.annotation.MergedAnnotationsTests" time="0.004"/>
  <testcase name="getWithInheritedAnnotationsAttributesWithConventionBasedComposedAnnotation" classname="org.springframework.core.annotation.MergedAnnotationsTests" time="0.003"/>
  <testcase name="getWithInheritedAnnotationsFromInterfaceImplementedBySuperclass" classname="org.springframework.core.annotation.MergedAnnotationsTests" time="0.0"/>
  <testcase name="getWithInheritedAnnotationsFromImplicitAliasesForSameAttributeInComposedAnnotation" classname="org.springframework.core.annotation.MergedAnnotationsTests" time="0.01"/>
  <testcase name="getValueFromNonPublicAnnotation" classname="org.springframework.core.annotation.MergedAnnotationsTests" time="0.001"/>
  <testcase name="getRepeatableDeclaredOnClassWithAttributeAliases" classname="org.springframework.core.annotation.MergedAnnotationsTests" time="0.001"/>
  <testcase name="getSuperClassSourceForTypesWithMultipleCandidateTypes" classname="org.springframework.core.annotation.MergedAnnotationsTests" time="0.004"/>
  <testcase name="getDirectFromClassWithSubSubInheritedAnnotationInterface" classname="org.springframework.core.annotation.MergedAnnotationsTests" time="0.0"/>
  <testcase name="getFromMethodWithOnRootButOverridden" classname="org.springframework.core.annotation.MergedAnnotationsTests" time="0.0"/>
  <testcase name="getRepeatableDeclaredOnMethod" classname="org.springframework.core.annotation.MergedAnnotationsTests" time="0.001"/>
  <testcase name="WithInheritedAnnotationsFromHalfConventionBasedAndHalfAliasedComposedAnnotation2" classname="org.springframework.core.annotation.MergedAnnotationsTests" time="0.002"/>
  <testcase name="getValueWhenHasDefaultOverride" classname="org.springframework.core.annotation.MergedAnnotationsTests" time="0.003"/>
  <testcase name="synthesizeWithImplicitAliasesWithDifferentDefaultValues" classname="org.springframework.core.annotation.MergedAnnotationsTests" time="0.002"/>
  <testcase name="getWithExhaustiveFromClassWithBothAttributesOfAnAliasPairDeclared" classname="org.springframework.core.annotation.MergedAnnotationsTests" time="0.003"/>
  <testcase name="getValueFromAnnotation" classname="org.springframework.core.annotation.MergedAnnotationsTests" time="0.001"/>
  <testcase name="getSuperClassSourceForTypesWithSingleCandidateType" classname="org.springframework.core.annotation.MergedAnnotationsTests" time="0.001"/>
  <testcase name="getFromMethodWhenInterfaceWhenSuperDoesNotImplementMethod" classname="org.springframework.core.annotation.MergedAnnotationsTests" time="0.0"/>
  <testcase name="getWithExhaustiveFromBridgeMethod" classname="org.springframework.core.annotation.MergedAnnotationsTests" time="0.004"/>
  <testcase name="synthesizeWithImplicitAliasesForAliasPair" classname="org.springframework.core.annotation.MergedAnnotationsTests" time="0.002"/>
  <testcase name="collectMultiValueMapFromClassWithLocalAnnotationThatShadowsAnnotationFromSuperclass" classname="org.springframework.core.annotation.MergedAnnotationsTests" time="0.0"/>
  <testcase name="synthesizeFromMapWithMinimalAttributesWithAttributeAliases" classname="org.springframework.core.annotation.MergedAnnotationsTests" time="0.001"/>
  <testcase name="getRepeatableDeclaredOnClassAndSuperclass" classname="org.springframework.core.annotation.MergedAnnotationsTests" time="0.001"/>
  <testcase name="synthesizeWithImplicitAliasesWithMissingDefaultValues" classname="org.springframework.core.annotation.MergedAnnotationsTests" time="0.002"/>
  <testcase name="streamWhenFromClassWithMetaDepth1" classname="org.springframework.core.annotation.MergedAnnotationsTests" time="0.001"/>
  <testcase name="streamWhenFromClassWithMetaDepth2" classname="org.springframework.core.annotation.MergedAnnotationsTests" time="0.0"/>
  <testcase name="synthesizeWhenAttributeAliasForAttributeOfDifferentType" classname="org.springframework.core.annotation.MergedAnnotationsTests" time="0.002"/>
  <testcase name="getFromMethodWithMetaAnnotationOnLeaf" classname="org.springframework.core.annotation.MergedAnnotationsTests" time="0.001"/>
  <testcase name="getFromMethodWithMetaAnnotationOnRoot" classname="org.springframework.core.annotation.MergedAnnotationsTests" time="0.0"/>
  <testcase name="getDirectWithoutAttributeAliases" classname="org.springframework.core.annotation.MergedAnnotationsTests" time="0.0"/>
  <testcase name="getWithInheritedAnnotationsFromInheritedAnnotationInterface" classname="org.springframework.core.annotation.MergedAnnotationsTests" time="0.001"/>
  <testcase name="getDirectFromClassWithMetaMetaMetaAnnotatedClass" classname="org.springframework.core.annotation.MergedAnnotationsTests" time="0.011"/>
  <testcase name="streamExhaustiveFromClassWithInterface" classname="org.springframework.core.annotation.MergedAnnotationsTests" time="0.003"/>
  <testcase name="getDirectFromClassWithSubSubNonInheritedAnnotationInterface" classname="org.springframework.core.annotation.MergedAnnotationsTests" time="0.0"/>
  <testcase name="getWithInheritedAnnotationsFromMetaCycleAnnotatedClassWithMissingTargetMetaAnnotation" classname="org.springframework.core.annotation.MergedAnnotationsTests" time="0.0"/>
  <testcase name="getWithInheritedAnnotationsFromAliasedValueComposedAnnotation" classname="org.springframework.core.annotation.MergedAnnotationsTests" time="0.005"/>
  <testcase name="getWithExhaustiveOnMethodWithSingleElementOverridingAnArrayViaConvention" classname="org.springframework.core.annotation.MergedAnnotationsTests" time="0.002"/>
  <testcase name="collectMultiValueMapFromNonAnnotatedClass" classname="org.springframework.core.annotation.MergedAnnotationsTests" time="0.0"/>
  <testcase name="getWithExhaustiveFromSubNonInheritedAnnotationInterface" classname="org.springframework.core.annotation.MergedAnnotationsTests" time="0.0"/>
  <testcase name="getFromMethodWithGenericInterface" classname="org.springframework.core.annotation.MergedAnnotationsTests" time="0.001"/>
  <testcase name="getParent" classname="org.springframework.core.annotation.MergedAnnotationsTests" time="0.0"/>
  <testcase name="getDirectFromClassFavorsMoreLocallyDeclaredComposedAnnotationsOverAnnotationsOnInterfaces" classname="org.springframework.core.annotation.MergedAnnotationsTests" time="0.003"/>
  <testcase name="getDirectFromClassgetDirectFromClassMetaMetaAnnotatedClass" classname="org.springframework.core.annotation.MergedAnnotationsTests" time="0.003"/>
  <testcase name="getRootWhenDirect" classname="org.springframework.core.annotation.MergedAnnotationsTests" time="0.001"/>
  <testcase name="WithInheritedAnnotationsFromAliasedValueComposedAnnotation" classname="org.springframework.core.annotation.MergedAnnotationsTests" time="0.0"/>
  <testcase name="getWithInheritedAnnotationsFavorsLocalComposedAnnotationOverInheritedAnnotation" classname="org.springframework.core.annotation.MergedAnnotationsTests" time="0.0"/>
  <testcase name="collectMultiValueMapFromClassWithLocalAnnotation" classname="org.springframework.core.annotation.MergedAnnotationsTests" time="0.0"/>
  <testcase name="equalsForSynthesizedAnnotations" classname="org.springframework.core.annotation.MergedAnnotationsTests" time="0.002"/>
  <testcase name="getValueWhenHasDefaultOverrideWithImplicitAlias" classname="org.springframework.core.annotation.MergedAnnotationsTests" time="0.002"/>
  <testcase name="getWithExhaustiveFromClassWithMetaAndLocalTxConfig" classname="org.springframework.core.annotation.MergedAnnotationsTests" time="0.005"/>
  <testcase name="toStringForSynthesizedAnnotations" classname="org.springframework.core.annotation.MergedAnnotationsTests" time="0.001"/>
  <testcase name="getWithExhaustiveFromClassWithAttributeAliasInComposedAnnotationAndNestedAnnotationsInTargetAnnotation" classname="org.springframework.core.annotation.MergedAnnotationsTests" time="0.008"/>
  <testcase name="getDirectFromClassWithNonInheritedAnnotationInterface" classname="org.springframework.core.annotation.MergedAnnotationsTests" time="0.0"/>
  <testcase name="getWithInheritedAnnotationsFromShadowedAliasComposedAnnotation" classname="org.springframework.core.annotation.MergedAnnotationsTests" time="0.004"/>
  <testcase name="getValueWhenThreeDeepMetaWithValue" classname="org.springframework.core.annotation.MergedAnnotationsTests" time="0.003"/>
  <testcase name="synthesizeWithArrayOfAnnotations" classname="org.springframework.core.annotation.MergedAnnotationsTests" time="0.002"/>
  <testcase name="collectMultiValueMapFromClassWithLocalComposedAnnotationAndInheritedAnnotation" classname="org.springframework.core.annotation.MergedAnnotationsTests" time="0.0"/>
  <testcase name="hashCodeForSynthesizedAnnotations" classname="org.springframework.core.annotation.MergedAnnotationsTests" time="0.0"/>
  <testcase name="getDirectFromClassWithInheritedAnnotationInterface" classname="org.springframework.core.annotation.MergedAnnotationsTests" time="0.0"/>
  <testcase name="getWithInheritedAnnotationsFavorsInheritedComposedAnnotationsOverMoreLocallyDeclaredComposedAnnotations" classname="org.springframework.core.annotation.MergedAnnotationsTests" time="0.001"/>
  <testcase name="synthesizeWithTransitiveImplicitAliasesForAliasPair" classname="org.springframework.core.annotation.MergedAnnotationsTests" time="0.002"/>
  <testcase name="getWithInheritedAnnotationsFromTransitiveImplicitAliasesWithSkippedLevel" classname="org.springframework.core.annotation.MergedAnnotationsTests" time="0.009"/>
  <testcase name="getDirectRepeatablesDeclaredOnClass" classname="org.springframework.core.annotation.MergedAnnotationsTests" time="0.001"/>
  <testcase name="synthesizeFromDefaultsWithAttributeAliases" classname="org.springframework.core.annotation.MergedAnnotationsTests" time="0.0"/>
  <testcase name="isPresentWhenFromAnnotationClassWithMetaDepth0" classname="org.springframework.core.annotation.MergedAnnotationsTests" time="0.0"/>
  <testcase name="isPresentWhenFromAnnotationClassWithMetaDepth1" classname="org.springframework.core.annotation.MergedAnnotationsTests" time="0.001"/>
  <testcase name="isPresentWhenFromAnnotationClassWithMetaDepth2" classname="org.springframework.core.annotation.MergedAnnotationsTests" time="0.0"/>
  <testcase name="getWithExhaustiveWithSingleElementOverridingAnArrayViaAliasFor" classname="org.springframework.core.annotation.MergedAnnotationsTests" time="0.007"/>
  <testcase name="synthesizeFromMapWithAttributeAliasesThatOverrideArraysWithSingleElements" classname="org.springframework.core.annotation.MergedAnnotationsTests" time="0.003"/>
  <testcase name="synthesizeFromMapWithNullAttributeValue" classname="org.springframework.core.annotation.MergedAnnotationsTests" time="0.001"/>
  <testcase name="synthesizeFromDefaultsWithoutAttributeAliases" classname="org.springframework.core.annotation.MergedAnnotationsTests" time="0.002"/>
  <testcase name="getWithExhaustiveWithLocalAliasesThatConflictWithAttributesInMetaAnnotationByConvention" classname="org.springframework.core.annotation.MergedAnnotationsTests" time="0.001"/>
  <testcase name="getDirectWithAttributeAliases1" classname="org.springframework.core.annotation.MergedAnnotationsTests" time="0.0"/>
  <testcase name="getDirectWithAttributeAliases2" classname="org.springframework.core.annotation.MergedAnnotationsTests" time="0.0"/>
  <testcase name="synthesizeWithoutAttributeAliases" classname="org.springframework.core.annotation.MergedAnnotationsTests" time="0.0"/>
  <testcase name="isPresentWhenFromClassWithMetaDepth0" classname="org.springframework.core.annotation.MergedAnnotationsTests" time="0.001"/>
  <testcase name="isPresentWhenFromClassWithMetaDepth1" classname="org.springframework.core.annotation.MergedAnnotationsTests" time="0.0"/>
  <testcase name="isPresentWhenFromClassWithMetaDepth2" classname="org.springframework.core.annotation.MergedAnnotationsTests" time="0.0"/>
  <testcase name="getSuperClassForAllScenarios" classname="org.springframework.core.annotation.MergedAnnotationsTests" time="0.0"/>
  <testcase name="synthesizeWhenAttributeAliasWithMirroredAliasForWrongAttribute" classname="org.springframework.core.annotation.MergedAnnotationsTests" time="0.002"/>
  <testcase name="getAggregateIndexForAllScenarios" classname="org.springframework.core.annotation.MergedAnnotationsTests" time="0.0"/>
  <testcase name="getWithExhaustiveOnMethodWithSingleElementOverridingAnArrayViaAliasFor" classname="org.springframework.core.annotation.MergedAnnotationsTests" time="0.001"/>
  <testcase name="getRepeatableDeclaredOnClass" classname="org.springframework.core.annotation.MergedAnnotationsTests" time="0.002"/>
  <testcase name="getWithExhaustiveInheritedFromBridgedMethod" classname="org.springframework.core.annotation.MergedAnnotationsTests" time="0.01"/>
  <testcase name="getWithExhaustiveFromNonInheritedAnnotationInterface" classname="org.springframework.core.annotation.MergedAnnotationsTests" time="0.001"/>
  <testcase name="streamInheritedFromClassWithInterface" classname="org.springframework.core.annotation.MergedAnnotationsTests" time="0.0"/>
  <testcase name="getDirectFromClassFavorsMoreLocallyDeclaredComposedAnnotationsOverInheritedComposedAnnotations" classname="org.springframework.core.annotation.MergedAnnotationsTests" time="0.001"/>
  <testcase name="synthesizeWithImplicitAliasesWithImpliedAliasNamesOmitted" classname="org.springframework.core.annotation.MergedAnnotationsTests" time="0.002"/>
  <testcase name="getRepeatableDeclaredOnSuperclass" classname="org.springframework.core.annotation.MergedAnnotationsTests" time="0.0"/>
  <testcase name="synthesizeNonPublicWithAttributeAliasesFromDifferentPackage" classname="org.springframework.core.annotation.MergedAnnotationsTests" time="0.008"/>
  <testcase name="collectMultiValueMapFavorsInheritedAnnotationsOverMoreLocallyDeclaredComposedAnnotations" classname="org.springframework.core.annotation.MergedAnnotationsTests" time="0.001"/>
  <testcase name="getWithExhaustiveInheritedFromAbstractMethod" classname="org.springframework.core.annotation.MergedAnnotationsTests" time="0.0"/>
  <testcase name="synthesizeFromMapWithAttributeOfIncorrectType" classname="org.springframework.core.annotation.MergedAnnotationsTests" time="0.0"/>
  <testcase name="getWithInheritedAnnotationsFromTransitiveImplicitAliasesWithSingleElementOverridingAnArrayViaAliasFor" classname="org.springframework.core.annotation.MergedAnnotationsTests" time="0.004"/>
  <testcase name="getDefaultValueFromAnnotation" classname="org.springframework.core.annotation.MergedAnnotationsTests" time="0.0"/>
  <testcase name="getFromMethodWithMetaMetaAnnotationOnLeaf" classname="org.springframework.core.annotation.MergedAnnotationsTests" time="0.001"/>
  <testcase name="getDirectFromClassWithAnnotatedClassWithMissingTargetMetaAnnotation" classname="org.springframework.core.annotation.MergedAnnotationsTests" time="0.0"/>
  <testcase name="getDirectFromClassWithSubNonInheritedAnnotationInterface" classname="org.springframework.core.annotation.MergedAnnotationsTests" time="0.0"/>
  <testcase name="isDirectlyPresentForAllScenarios" classname="org.springframework.core.annotation.MergedAnnotationsTests" time="0.0"/>
  <testcase name="getFromMethodWithAnnotationOnMethodInInterface" classname="org.springframework.core.annotation.MergedAnnotationsTests" time="0.0"/>
  <testcase name="getDirectWithNestedAnnotations" classname="org.springframework.core.annotation.MergedAnnotationsTests" time="0.001"/>
  <system-out><![CDATA[]]></system-out>
  <system-err><![CDATA[]]></system-err>
</testsuite>
