<?xml version="1.0" encoding="UTF-8"?>
<testsuite name="org.springframework.core.codec.StringDecoderTests" tests="9" skipped="0" failures="0" errors="0" timestamp="2020-11-25T14:39:03" hostname="lichangbaodeMacBook-Pro.local" time="0.031">
  <properties/>
  <testcase name="decodeToMono" classname="org.springframework.core.codec.StringDecoderTests" time="0.005"/>
  <testcase name="decode" classname="org.springframework.core.codec.StringDecoderTests" time="0.013"/>
  <testcase name="decodeToMonoWithEmptyFlux" classname="org.springframework.core.codec.StringDecoderTests" time="0.001"/>
  <testcase name="decodeEmptyDataBuffer" classname="org.springframework.core.codec.StringDecoderTests" time="0.001"/>
  <testcase name="canDecode" classname="org.springframework.core.codec.StringDecoderTests" time="0.0"/>
  <testcase name="decodeNewLineIncludeDelimiters" classname="org.springframework.core.codec.StringDecoderTests" time="0.004"/>
  <testcase name="decodeNewLine" classname="org.springframework.core.codec.StringDecoderTests" time="0.004"/>
  <testcase name="decodeEmptyFlux" classname="org.springframework.core.codec.StringDecoderTests" time="0.001"/>
  <testcase name="decodeMultibyteCharacterUtf16" classname="org.springframework.core.codec.StringDecoderTests" time="0.002"/>
  <system-out><![CDATA[]]></system-out>
  <system-err><![CDATA[]]></system-err>
</testsuite>
