<?xml version="1.0" encoding="UTF-8"?>
<testsuite name="org.springframework.core.KotlinGenericTypeResolverTests" tests="1" skipped="0" failures="0" errors="0" timestamp="2020-11-25T14:39:12" hostname="lichangbaodeMacBook-Pro.local" time="0.276">
  <properties/>
  <testcase name="methodReturnTypes" classname="org.springframework.core.KotlinGenericTypeResolverTests" time="0.276"/>
  <system-out><![CDATA[]]></system-out>
  <system-err><![CDATA[]]></system-err>
</testsuite>
