<?xml version="1.0" encoding="UTF-8"?>
<testsuite name="org.springframework.core.annotation.AnnotationIntrospectionFailureTests" tests="3" skipped="0" failures="0" errors="0" timestamp="2019-06-21T11:41:46" hostname="Macbook-Air.local" time="0.018">
  <properties/>
  <testcase name="filteredTypeThrowsTypeNotPresentException" classname="org.springframework.core.annotation.AnnotationIntrospectionFailureTests" time="0.009"/>
  <testcase name="filteredTypeInMetaAnnotationWhenUsingAnnotatedElementUtilsHandlesException" classname="org.springframework.core.annotation.AnnotationIntrospectionFailureTests" time="0.007"/>
  <testcase name="filteredTypeInMetaAnnotationWhenUsingMergedAnnotationsHandlesException" classname="org.springframework.core.annotation.AnnotationIntrospectionFailureTests" time="0.002"/>
  <system-out><![CDATA[]]></system-out>
  <system-err><![CDATA[]]></system-err>
</testsuite>
