<?xml version="1.0" encoding="UTF-8"?>
<testsuite name="org.springframework.core.annotation.AnnotationIntrospectionFailureTests" tests="3" skipped="0" failures="0" errors="0" timestamp="2020-11-25T14:39:09" hostname="lichangbaodeMacBook-Pro.local" time="0.004">
  <properties/>
  <testcase name="filteredTypeThrowsTypeNotPresentException" classname="org.springframework.core.annotation.AnnotationIntrospectionFailureTests" time="0.002"/>
  <testcase name="filteredTypeInMetaAnnotationWhenUsingAnnotatedElementUtilsHandlesException" classname="org.springframework.core.annotation.AnnotationIntrospectionFailureTests" time="0.001"/>
  <testcase name="filteredTypeInMetaAnnotationWhenUsingMergedAnnotationsHandlesException" classname="org.springframework.core.annotation.AnnotationIntrospectionFailureTests" time="0.001"/>
  <system-out><![CDATA[]]></system-out>
  <system-err><![CDATA[]]></system-err>
</testsuite>
