<?xml version="1.0" encoding="UTF-8"?>
<testsuite name="org.springframework.core.annotation.OrderUtilsTests" tests="6" skipped="0" failures="0" errors="0" timestamp="2019-06-21T11:41:44" hostname="Macbook-Air.local" time="0.021">
  <properties/>
  <testcase name="getSimpleOrder" classname="org.springframework.core.annotation.OrderUtilsTests" time="0.003"/>
  <testcase name="getPriorityOrder" classname="org.springframework.core.annotation.OrderUtilsTests" time="0.01"/>
  <testcase name="getPriorityValue" classname="org.springframework.core.annotation.OrderUtilsTests" time="0.004"/>
  <testcase name="getOrderWithBoth" classname="org.springframework.core.annotation.OrderUtilsTests" time="0.0"/>
  <testcase name="getPriorityValueNoAnnotation" classname="org.springframework.core.annotation.OrderUtilsTests" time="0.001"/>
  <testcase name="getDefaultOrder" classname="org.springframework.core.annotation.OrderUtilsTests" time="0.003"/>
  <system-out><![CDATA[]]></system-out>
  <system-err><![CDATA[]]></system-err>
</testsuite>
