<?xml version="1.0" encoding="UTF-8"?>
<testsuite name="org.springframework.core.annotation.AnnotationBackCompatibiltyTests" tests="2" skipped="0" failures="0" errors="0" timestamp="2019-06-21T11:41:46" hostname="Macbook-Air.local" time="0.02">
  <properties/>
  <testcase name="defaultValue" classname="org.springframework.core.annotation.AnnotationBackCompatibiltyTests" time="0.007"/>
  <testcase name="multiplRoutesToMetaAnnotation" classname="org.springframework.core.annotation.AnnotationBackCompatibiltyTests" time="0.013"/>
  <system-out><![CDATA[]]></system-out>
  <system-err><![CDATA[]]></system-err>
</testsuite>
