<?xml version="1.0" encoding="UTF-8"?>
<testsuite name="org.springframework.core.type.classreading.MergedAnnotationMetadataVisitorTests" tests="6" skipped="0" failures="0" errors="0" timestamp="2019-06-21T11:41:48" hostname="Macbook-Air.local" time="0.047">
  <properties/>
  <testcase name="visitWhenHasSimpleArrayTypesCreatesAnnotation" classname="org.springframework.core.type.classreading.MergedAnnotationMetadataVisitorTests" time="0.007"/>
  <testcase name="visitWhenHasSimpleTypesCreatesAnnotation" classname="org.springframework.core.type.classreading.MergedAnnotationMetadataVisitorTests" time="0.007"/>
  <testcase name="visitWhenHasAnnotationAttributesCreatesAnnotation" classname="org.springframework.core.type.classreading.MergedAnnotationMetadataVisitorTests" time="0.011"/>
  <testcase name="visitWhenHasEmptySimpleArrayTypesCreatesAnnotation" classname="org.springframework.core.type.classreading.MergedAnnotationMetadataVisitorTests" time="0.004"/>
  <testcase name="visitWhenHasClassAttributesCreatesAnnotation" classname="org.springframework.core.type.classreading.MergedAnnotationMetadataVisitorTests" time="0.007"/>
  <testcase name="visitWhenHasEnumAttributesCreatesAnnotation" classname="org.springframework.core.type.classreading.MergedAnnotationMetadataVisitorTests" time="0.011"/>
  <system-out><![CDATA[]]></system-out>
  <system-err><![CDATA[]]></system-err>
</testsuite>
