<?xml version="1.0" encoding="UTF-8"?>
<testsuite name="org.springframework.util.MimeTypeTests" tests="35" skipped="0" failures="0" errors="0" timestamp="2019-06-21T11:41:53" hostname="Macbook-Air.local" time="0.017">
  <properties/>
  <testcase name="parseMimeTypeIllegalQuotedParameterValue" classname="org.springframework.util.MimeTypeTests" time="0.0"/>
  <testcase name="parseMimeTypeIllegalSubtype" classname="org.springframework.util.MimeTypeTests" time="0.001"/>
  <testcase name="parseMimeTypeIllegalParameterValue" classname="org.springframework.util.MimeTypeTests" time="0.0"/>
  <testcase name="parseMimeTypeEmptyParameterAttribute" classname="org.springframework.util.MimeTypeTests" time="0.001"/>
  <testcase name="parseQuotedSeparator" classname="org.springframework.util.MimeTypeTests" time="0.0"/>
  <testcase name="equalsIsCaseInsensitiveForCharsets" classname="org.springframework.util.MimeTypeTests" time="0.001"/>
  <testcase name="compareTo" classname="org.springframework.util.MimeTypeTests" time="0.0"/>
  <testcase name="valueOfIllegalSubtype" classname="org.springframework.util.MimeTypeTests" time="0.001"/>
  <testcase name="parseMimeTypeNoSubtypeSlash" classname="org.springframework.util.MimeTypeTests" time="0.0"/>
  <testcase name="parseCharset" classname="org.springframework.util.MimeTypeTests" time="0.001"/>
  <testcase name="testToString" classname="org.springframework.util.MimeTypeTests" time="0.0"/>
  <testcase name="parseMimeTypeIllegalType" classname="org.springframework.util.MimeTypeTests" time="0.0"/>
  <testcase name="valueOfNoSubtype" classname="org.springframework.util.MimeTypeTests" time="0.001"/>
  <testcase name="valueOfNoSubtypeSlash" classname="org.springframework.util.MimeTypeTests" time="0.0"/>
  <testcase name="parseMimeTypeTypeRange" classname="org.springframework.util.MimeTypeTests" time="0.0"/>
  <testcase name="parseMimeTypesWithQuotedParameters" classname="org.springframework.util.MimeTypeTests" time="0.002"/>
  <testcase name="withConversionService" classname="org.springframework.util.MimeTypeTests" time="0.001"/>
  <testcase name="parseMimeTypeMissingTypeAndSubtype" classname="org.springframework.util.MimeTypeTests" time="0.0"/>
  <testcase name="slashInSubtype" classname="org.springframework.util.MimeTypeTests" time="0.001"/>
  <testcase name="includes" classname="org.springframework.util.MimeTypeTests" time="0.0"/>
  <testcase name="parseMimeTypeEmptyParameterValue" classname="org.springframework.util.MimeTypeTests" time="0.0"/>
  <testcase name="parseMimeTypeWithSpacesAroundEquals" classname="org.springframework.util.MimeTypeTests" time="0.001"/>
  <testcase name="parseMimeTypeIllegalCharset" classname="org.springframework.util.MimeTypeTests" time="0.001"/>
  <testcase name="parseMimeTypeSingleQuotedParameterValue" classname="org.springframework.util.MimeTypeTests" time="0.0"/>
  <testcase name="valueOfIllegalType" classname="org.springframework.util.MimeTypeTests" time="0.0"/>
  <testcase name="parseMimeTypeQuotedParameterValue" classname="org.springframework.util.MimeTypeTests" time="0.001"/>
  <testcase name="parseMimeTypeWithSpacesAroundEqualsAndQuotedValue" classname="org.springframework.util.MimeTypeTests" time="0.0"/>
  <testcase name="valueOfIllegalCharset" classname="org.springframework.util.MimeTypeTests" time="0.0"/>
  <testcase name="parseMimeTypes" classname="org.springframework.util.MimeTypeTests" time="0.001"/>
  <testcase name="isCompatible" classname="org.springframework.util.MimeTypeTests" time="0.0"/>
  <testcase name="parseQuotedCharset" classname="org.springframework.util.MimeTypeTests" time="0.0"/>
  <testcase name="compareToCaseSensitivity" classname="org.springframework.util.MimeTypeTests" time="0.0"/>
  <testcase name="parseMimeTypeIllegalParameterAttribute" classname="org.springframework.util.MimeTypeTests" time="0.001"/>
  <testcase name="parseMimeTypeNoSubtype" classname="org.springframework.util.MimeTypeTests" time="0.0"/>
  <testcase name="parseMimeType" classname="org.springframework.util.MimeTypeTests" time="0.001"/>
  <system-out><![CDATA[]]></system-out>
  <system-err><![CDATA[]]></system-err>
</testsuite>
