<?xml version="1.0" encoding="UTF-8"?>
<testsuite name="org.springframework.util.xml.StaxEventXMLReaderTests" tests="6" skipped="0" failures="0" errors="0" timestamp="2019-06-21T11:41:52" hostname="Macbook-Air.local" time="0.208">
  <properties/>
  <testcase name="partial" classname="org.springframework.util.xml.StaxEventXMLReaderTests" time="0.06"/>
  <testcase name="contentHandlerNamespacesPrefixes" classname="org.springframework.util.xml.StaxEventXMLReaderTests" time="0.044"/>
  <testcase name="whitespace" classname="org.springframework.util.xml.StaxEventXMLReaderTests" time="0.014"/>
  <testcase name="contentHandlerNoNamespacesPrefixes" classname="org.springframework.util.xml.StaxEventXMLReaderTests" time="0.006"/>
  <testcase name="lexicalHandler" classname="org.springframework.util.xml.StaxEventXMLReaderTests" time="0.074"/>
  <testcase name="contentHandlerNamespacesNoPrefixes" classname="org.springframework.util.xml.StaxEventXMLReaderTests" time="0.01"/>
  <system-out><![CDATA[]]></system-out>
  <system-err><![CDATA[]]></system-err>
</testsuite>
