<?xml version="1.0" encoding="UTF-8"?>
<testsuite name="org.springframework.core.codec.DataBufferEncoderTests" tests="2" skipped="0" failures="0" errors="0" timestamp="2020-11-25T14:39:03" hostname="lichangbaodeMacBook-Pro.local" time="0.008">
  <properties/>
  <testcase name="canEncode" classname="org.springframework.core.codec.DataBufferEncoderTests" time="0.001"/>
  <testcase name="encode" classname="org.springframework.core.codec.DataBufferEncoderTests" time="0.007"/>
  <system-out><![CDATA[]]></system-out>
  <system-err><![CDATA[]]></system-err>
</testsuite>
