<?xml version="1.0" encoding="UTF-8"?>
<testsuite name="org.springframework.core.annotation.MergedAnnotationCollectorsTests" tests="5" skipped="0" failures="0" errors="0" timestamp="2020-11-25T14:39:09" hostname="lichangbaodeMacBook-Pro.local" time="0.007">
  <properties/>
  <testcase name="toAnnotationArrayCollectsAnnotationArrayWithSynthesizedAnnotations" classname="org.springframework.core.annotation.MergedAnnotationCollectorsTests" time="0.003"/>
  <testcase name="toAnnotationSetCollectsLinkedHashSetWithSynthesizedAnnotations" classname="org.springframework.core.annotation.MergedAnnotationCollectorsTests" time="0.001"/>
  <testcase name="toFinishedMultiValueMapCollectsMultiValueMap" classname="org.springframework.core.annotation.MergedAnnotationCollectorsTests" time="0.001"/>
  <testcase name="toSuppliedAnnotationArrayCollectsAnnotationArrayWithSynthesizedAnnotations" classname="org.springframework.core.annotation.MergedAnnotationCollectorsTests" time="0.001"/>
  <testcase name="toMultiValueMapCollectsMultiValueMap" classname="org.springframework.core.annotation.MergedAnnotationCollectorsTests" time="0.001"/>
  <system-out><![CDATA[]]></system-out>
  <system-err><![CDATA[]]></system-err>
</testsuite>
