<?xml version="1.0" encoding="UTF-8"?>
<testsuite name="org.springframework.util.concurrent.MonoToListenableFutureAdapterTests" tests="4" skipped="0" failures="0" errors="0" timestamp="2020-11-25T14:39:12" hostname="lichangbaodeMacBook-Pro.local" time="0.017">
  <properties/>
  <testcase name="success" classname="org.springframework.util.concurrent.MonoToListenableFutureAdapterTests" time="0.009"/>
  <testcase name="cancellation" classname="org.springframework.util.concurrent.MonoToListenableFutureAdapterTests" time="0.007"/>
  <testcase name="failure" classname="org.springframework.util.concurrent.MonoToListenableFutureAdapterTests" time="0.001"/>
  <testcase name="cancellationAfterTerminated" classname="org.springframework.util.concurrent.MonoToListenableFutureAdapterTests" time="0.0"/>
  <system-out><![CDATA[]]></system-out>
  <system-err><![CDATA[]]></system-err>
</testsuite>
