<?xml version="1.0" encoding="UTF-8"?>
<testsuite name="org.springframework.core.env.PropertySourceTests" tests="2" skipped="0" failures="0" errors="0" timestamp="2019-06-21T11:41:47" hostname="Macbook-Air.local" time="0.014">
  <properties/>
  <testcase name="equals" classname="org.springframework.core.env.PropertySourceTests" time="0.007"/>
  <testcase name="collectionsOperations" classname="org.springframework.core.env.PropertySourceTests" time="0.007"/>
  <system-out><![CDATA[]]></system-out>
  <system-err><![CDATA[]]></system-err>
</testsuite>
