<?xml version="1.0" encoding="UTF-8"?>
<testsuite name="org.springframework.core.env.PropertySourceTests" tests="2" skipped="0" failures="0" errors="0" timestamp="2020-11-25T14:39:10" hostname="lichangbaodeMacBook-Pro.local" time="0.001">
  <properties/>
  <testcase name="equals" classname="org.springframework.core.env.PropertySourceTests" time="0.0"/>
  <testcase name="collectionsOperations" classname="org.springframework.core.env.PropertySourceTests" time="0.001"/>
  <system-out><![CDATA[]]></system-out>
  <system-err><![CDATA[]]></system-err>
</testsuite>
