<?xml version="1.0" encoding="UTF-8"?>
<testsuite name="org.springframework.util.SerializationUtilsTests" tests="6" skipped="0" failures="0" errors="0" timestamp="2019-06-21T11:41:53" hostname="Macbook-Air.local" time="0.008">
  <properties/>
  <testcase name="serializeCycleSunnyDay" classname="org.springframework.util.SerializationUtilsTests" time="0.004"/>
  <testcase name="deserializeUndefined" classname="org.springframework.util.SerializationUtilsTests" time="0.001"/>
  <testcase name="deserializeNonSerializable" classname="org.springframework.util.SerializationUtilsTests" time="0.001"/>
  <testcase name="serializeNonSerializable" classname="org.springframework.util.SerializationUtilsTests" time="0.002"/>
  <testcase name="serializeNull" classname="org.springframework.util.SerializationUtilsTests" time="0.0"/>
  <testcase name="deserializeNull" classname="org.springframework.util.SerializationUtilsTests" time="0.0"/>
  <system-out><![CDATA[]]></system-out>
  <system-err><![CDATA[]]></system-err>
</testsuite>
