<?xml version="1.0" encoding="UTF-8"?>
<testsuite name="org.springframework.core.annotation.MergedAnnotationsComposedOnSingleAnnotatedElementTests" tests="18" skipped="0" failures="0" errors="0" timestamp="2020-11-25T14:39:09" hostname="lichangbaodeMacBook-Pro.local" time="0.01">
  <properties/>
  <testcase name="exhaustiveStrategyMultipleNoninheritedComposedAnnotationsOnClass" classname="org.springframework.core.annotation.MergedAnnotationsComposedOnSingleAnnotatedElementTests" time="0.002"/>
  <testcase name="exhaustiveStrategyMultipleInheritedComposedAnnotationsOnSuperclass" classname="org.springframework.core.annotation.MergedAnnotationsComposedOnSingleAnnotatedElementTests" time="0.002"/>
  <testcase name="exhaustiveStrategyComposedPlusLocalAnnotationsOnClass" classname="org.springframework.core.annotation.MergedAnnotationsComposedOnSingleAnnotatedElementTests" time="0.0"/>
  <testcase name="exhaustiveStrategyMultipleComposedAnnotationsOnMethod" classname="org.springframework.core.annotation.MergedAnnotationsComposedOnSingleAnnotatedElementTests" time="0.001"/>
  <testcase name="exhaustiveStrategyMultipleComposedAnnotationsOnInterface" classname="org.springframework.core.annotation.MergedAnnotationsComposedOnSingleAnnotatedElementTests" time="0.001"/>
  <testcase name="inheritedStrategyMultipleInheritedComposedAnnotationsOnSuperclass" classname="org.springframework.core.annotation.MergedAnnotationsComposedOnSingleAnnotatedElementTests" time="0.0"/>
  <testcase name="exhaustiveStrategyMultipleComposedAnnotationsOnClass" classname="org.springframework.core.annotation.MergedAnnotationsComposedOnSingleAnnotatedElementTests" time="0.0"/>
  <testcase name="inheritedStrategyComposedPlusLocalAnnotationsOnMethod" classname="org.springframework.core.annotation.MergedAnnotationsComposedOnSingleAnnotatedElementTests" time="0.0"/>
  <testcase name="inheritedStrategyMultipleNoninheritedComposedAnnotationsOnClass" classname="org.springframework.core.annotation.MergedAnnotationsComposedOnSingleAnnotatedElementTests" time="0.0"/>
  <testcase name="exhaustiveStrategyComposedPlusLocalAnnotationsOnMethod" classname="org.springframework.core.annotation.MergedAnnotationsComposedOnSingleAnnotatedElementTests" time="0.0"/>
  <testcase name="inheritedStrategyMultipleNoninheritedComposedAnnotationsOnSuperclass" classname="org.springframework.core.annotation.MergedAnnotationsComposedOnSingleAnnotatedElementTests" time="0.0"/>
  <testcase name="exhaustiveStrategyMultipleComposedAnnotationsOnBridgeMethod" classname="org.springframework.core.annotation.MergedAnnotationsComposedOnSingleAnnotatedElementTests" time="0.001"/>
  <testcase name="inheritedStrategyComposedPlusLocalAnnotationsOnClass" classname="org.springframework.core.annotation.MergedAnnotationsComposedOnSingleAnnotatedElementTests" time="0.0"/>
  <testcase name="inheritedStrategyMultipleComposedAnnotationsOnMethod" classname="org.springframework.core.annotation.MergedAnnotationsComposedOnSingleAnnotatedElementTests" time="0.0"/>
  <testcase name="inheritedStrategyMultipleComposedAnnotationsOnClass" classname="org.springframework.core.annotation.MergedAnnotationsComposedOnSingleAnnotatedElementTests" time="0.0"/>
  <testcase name="exhaustiveStrategyMultipleNoninheritedComposedAnnotationsOnSuperclass" classname="org.springframework.core.annotation.MergedAnnotationsComposedOnSingleAnnotatedElementTests" time="0.0"/>
  <testcase name="exhaustiveStrategyComposedCacheOnInterfaceAndLocalCacheOnClass" classname="org.springframework.core.annotation.MergedAnnotationsComposedOnSingleAnnotatedElementTests" time="0.001"/>
  <testcase name="inheritedStrategyMultipleComposedAnnotationsOnInterface" classname="org.springframework.core.annotation.MergedAnnotationsComposedOnSingleAnnotatedElementTests" time="0.0"/>
  <system-out><![CDATA[]]></system-out>
  <system-err><![CDATA[]]></system-err>
</testsuite>
