<?xml version="1.0" encoding="UTF-8"?>
<testsuite name="org.springframework.util.StreamUtilsTests" tests="8" skipped="0" failures="0" errors="0" timestamp="2020-11-25T14:39:11" hostname="lichangbaodeMacBook-Pro.local" time="0.072">
  <properties/>
  <testcase name="nonClosingOutputStream" classname="org.springframework.util.StreamUtilsTests" time="0.016"/>
  <testcase name="copyStream" classname="org.springframework.util.StreamUtilsTests" time="0.02"/>
  <testcase name="copyString" classname="org.springframework.util.StreamUtilsTests" time="0.002"/>
  <testcase name="copyToString" classname="org.springframework.util.StreamUtilsTests" time="0.017"/>
  <testcase name="copyBytes" classname="org.springframework.util.StreamUtilsTests" time="0.002"/>
  <testcase name="copyRange" classname="org.springframework.util.StreamUtilsTests" time="0.001"/>
  <testcase name="nonClosingInputStream" classname="org.springframework.util.StreamUtilsTests" time="0.012"/>
  <testcase name="copyToByteArray" classname="org.springframework.util.StreamUtilsTests" time="0.002"/>
  <system-out><![CDATA[]]></system-out>
  <system-err><![CDATA[]]></system-err>
</testsuite>
