<?xml version="1.0" encoding="UTF-8"?>
<testsuite name="org.springframework.core.io.support.ResourcePropertySourceTests" tests="8" skipped="0" failures="0" errors="0" timestamp="2020-11-25T14:39:03" hostname="lichangbaodeMacBook-Pro.local" time="0.01">
  <properties/>
  <testcase name="withLocationAndExplicitName" classname="org.springframework.core.io.support.ResourcePropertySourceTests" time="0.002"/>
  <testcase name="withLocationAndGeneratedName" classname="org.springframework.core.io.support.ResourcePropertySourceTests" time="0.0"/>
  <testcase name="withResourceHavingNoDescription" classname="org.springframework.core.io.support.ResourcePropertySourceTests" time="0.0"/>
  <testcase name="withResourceAndGeneratedName" classname="org.springframework.core.io.support.ResourcePropertySourceTests" time="0.001"/>
  <testcase name="xmlWithLocationAndGeneratedName" classname="org.springframework.core.io.support.ResourcePropertySourceTests" time="0.006"/>
  <testcase name="withLocationAndGeneratedNameAndExplicitClassLoader" classname="org.springframework.core.io.support.ResourcePropertySourceTests" time="0.0"/>
  <testcase name="withLocationAndExplicitNameAndExplicitClassLoader" classname="org.springframework.core.io.support.ResourcePropertySourceTests" time="0.0"/>
  <testcase name="withResourceAndExplicitName" classname="org.springframework.core.io.support.ResourcePropertySourceTests" time="0.001"/>
  <system-out><![CDATA[]]></system-out>
  <system-err><![CDATA[]]></system-err>
</testsuite>
