<?xml version="1.0" encoding="UTF-8"?>
<testsuite name="org.springframework.util.xml.StaxEventHandlerTests" tests="4" skipped="0" failures="0" errors="0" timestamp="2019-06-21T11:41:52" hostname="Macbook-Air.local" time="0.06">
  <properties/>
  <testcase name="noNamespacePrefixesDom" classname="org.springframework.util.xml.StaxEventHandlerTests" time="0.032"/>
  <testcase name="noNamespacePrefixes" classname="org.springframework.util.xml.StaxEventHandlerTests" time="0.01"/>
  <testcase name="namespacePrefixes" classname="org.springframework.util.xml.StaxEventHandlerTests" time="0.011"/>
  <testcase name="namespacePrefixesDom" classname="org.springframework.util.xml.StaxEventHandlerTests" time="0.007"/>
  <system-out><![CDATA[]]></system-out>
  <system-err><![CDATA[]]></system-err>
</testsuite>
