<?xml version="1.0" encoding="UTF-8"?>
<testsuite name="org.springframework.util.xml.StaxUtilsTests" tests="6" skipped="0" failures="0" errors="0" timestamp="2020-11-25T14:39:11" hostname="lichangbaodeMacBook-Pro.local" time="0.055">
  <properties/>
  <testcase name="isStaxSourceInvalid" classname="org.springframework.util.xml.StaxUtilsTests" time="0.002"/>
  <testcase name="isStaxResultJaxp14" classname="org.springframework.util.xml.StaxUtilsTests" time="0.021"/>
  <testcase name="isStaxResult" classname="org.springframework.util.xml.StaxUtilsTests" time="0.002"/>
  <testcase name="isStaxSource" classname="org.springframework.util.xml.StaxUtilsTests" time="0.029"/>
  <testcase name="isStaxResultInvalid" classname="org.springframework.util.xml.StaxUtilsTests" time="0.0"/>
  <testcase name="isStaxSourceJaxp14" classname="org.springframework.util.xml.StaxUtilsTests" time="0.001"/>
  <system-out><![CDATA[]]></system-out>
  <system-err><![CDATA[]]></system-err>
</testsuite>
