<?xml version="1.0" encoding="UTF-8"?>
<testsuite name="org.springframework.core.KotlinGenericTypeResolverTests" tests="1" skipped="0" failures="0" errors="0" timestamp="2019-06-21T11:41:53" hostname="Macbook-Air.local" time="0.809">
  <properties/>
  <testcase name="methodReturnTypes" classname="org.springframework.core.KotlinGenericTypeResolverTests" time="0.809"/>
  <system-out><![CDATA[]]></system-out>
  <system-err><![CDATA[]]></system-err>
</testsuite>
