<?xml version="1.0" encoding="UTF-8"?>
<testsuite name="org.springframework.core.convert.support.ByteBufferConverterTests" tests="5" skipped="0" failures="0" errors="0" timestamp="2019-06-21T11:41:49" hostname="Macbook-Air.local" time="0.013">
  <properties/>
  <testcase name="byteBufferToByteBuffer" classname="org.springframework.core.convert.support.ByteBufferConverterTests" time="0.011"/>
  <testcase name="byteArrayToByteBuffer" classname="org.springframework.core.convert.support.ByteBufferConverterTests" time="0.001"/>
  <testcase name="byteBufferToByteArray" classname="org.springframework.core.convert.support.ByteBufferConverterTests" time="0.0"/>
  <testcase name="byteBufferToOtherType" classname="org.springframework.core.convert.support.ByteBufferConverterTests" time="0.001"/>
  <testcase name="otherTypeToByteBuffer" classname="org.springframework.core.convert.support.ByteBufferConverterTests" time="0.0"/>
  <system-out><![CDATA[]]></system-out>
  <system-err><![CDATA[]]></system-err>
</testsuite>
