<?xml version="1.0" encoding="UTF-8"?>
<testsuite name="org.springframework.core.annotation.AnnotationTypeMappingsTests" tests="44" skipped="0" failures="0" errors="0" timestamp="2019-06-21T11:41:46" hostname="Macbook-Air.local" time="0.194">
  <properties/>
  <testcase name="getMirrorSetWhenThreeDeepReturnsMirrors" classname="org.springframework.core.annotation.AnnotationTypeMappingsTests" time="0.013"/>
  <testcase name="getAliasMappingReturnsAttributes" classname="org.springframework.core.annotation.AnnotationTypeMappingsTests" time="0.007"/>
  <testcase name="isEquivalentToDefaultValueWhenClassAndStringNamesMatchReturnsTrue" classname="org.springframework.core.annotation.AnnotationTypeMappingsTests" time="0.003"/>
  <testcase name="forAnnotationTypeWhenAliasForSelfWithDifferentDefaults" classname="org.springframework.core.annotation.AnnotationTypeMappingsTests" time="0.004"/>
  <testcase name="resolveMirrorsWhenHasWithMulipleRoutesToAliasReturnsMirrors" classname="org.springframework.core.annotation.AnnotationTypeMappingsTests" time="0.013"/>
  <testcase name="forAnnotationTypeWhenAliasForToOtherNonExistingAttribute" classname="org.springframework.core.annotation.AnnotationTypeMappingsTests" time="0.006"/>
  <testcase name="getDistanceReturnsDistance" classname="org.springframework.core.annotation.AnnotationTypeMappingsTests" time="0.0"/>
  <testcase name="isEquivalentToDefaultValueWhenNotMatchingReturnsFalse" classname="org.springframework.core.annotation.AnnotationTypeMappingsTests" time="0.001"/>
  <testcase name="getAnnotationWhenMetaAnnotationReturnsAnnotation" classname="org.springframework.core.annotation.AnnotationTypeMappingsTests" time="0.0"/>
  <testcase name="isEquivalentToDefaultValueWhenValueAndDefaultAreNullReturnsTrue" classname="org.springframework.core.annotation.AnnotationTypeMappingsTests" time="0.003"/>
  <testcase name="getAnnotationTypeReturnsAnnotationType" classname="org.springframework.core.annotation.AnnotationTypeMappingsTests" time="0.0"/>
  <testcase name="forAnnotationTypeWhenMetaAnnotationsReturnsMappings" classname="org.springframework.core.annotation.AnnotationTypeMappingsTests" time="0.017"/>
  <testcase name="forAnnotationTypeWhenAliasForSelfWithMissingDefault" classname="org.springframework.core.annotation.AnnotationTypeMappingsTests" time="0.004"/>
  <testcase name="getConventionMappingReturnsAttributes" classname="org.springframework.core.annotation.AnnotationTypeMappingsTests" time="0.0"/>
  <testcase name="resolveMirrorsWhenHasSameValuesUsesFirst" classname="org.springframework.core.annotation.AnnotationTypeMappingsTests" time="0.007"/>
  <testcase name="forAnnotationTypeWhenAliasForNonMetaAnnotated" classname="org.springframework.core.annotation.AnnotationTypeMappingsTests" time="0.006"/>
  <testcase name="getMetaTypeReturnsTypes" classname="org.springframework.core.annotation.AnnotationTypeMappingsTests" time="0.0"/>
  <testcase name="forAnnotationTypeWhenAliasForToSelfNonAnnotatedAttribute" classname="org.springframework.core.annotation.AnnotationTypeMappingsTests" time="0.004"/>
  <testcase name="getConventionMappingWhenConventionToExplicitAliasesReturnsMappedAttributes" classname="org.springframework.core.annotation.AnnotationTypeMappingsTests" time="0.005"/>
  <testcase name="forAnnotationTypeWhenHasAliasForWithBothValueAndAttributeThrowsException" classname="org.springframework.core.annotation.AnnotationTypeMappingsTests" time="0.003"/>
  <testcase name="resolveMirrorsWhenOnlyHasDefaultValuesResolvesNone" classname="org.springframework.core.annotation.AnnotationTypeMappingsTests" time="0.004"/>
  <testcase name="getAttributesReturnsAttributes" classname="org.springframework.core.annotation.AnnotationTypeMappingsTests" time="0.0"/>
  <testcase name="getAnnotationWhenRootReturnsNull" classname="org.springframework.core.annotation.AnnotationTypeMappingsTests" time="0.0"/>
  <testcase name="forAnnotationTypeWhenSelfAnnotatedReturnsMapping" classname="org.springframework.core.annotation.AnnotationTypeMappingsTests" time="0.004"/>
  <testcase name="forAnnotationTypeWhenAliasForToSelf" classname="org.springframework.core.annotation.AnnotationTypeMappingsTests" time="0.003"/>
  <testcase name="forAnnotationTypeWhenAliasForWithArrayCompatibleReturnTypes" classname="org.springframework.core.annotation.AnnotationTypeMappingsTests" time="0.004"/>
  <testcase name="forAnnotationTypeWhenAliasWithExplicitMirrorAndDifferentDefaults" classname="org.springframework.core.annotation.AnnotationTypeMappingsTests" time="0.008"/>
  <testcase name="resolveMirrorsWhenHasDifferentValuesThrowsException" classname="org.springframework.core.annotation.AnnotationTypeMappingsTests" time="0.003"/>
  <testcase name="forAnnotationTypeWhenFormsLoopReturnsMapping" classname="org.springframework.core.annotation.AnnotationTypeMappingsTests" time="0.008"/>
  <testcase name="isEquivalentToDefaultValueWhenValueAndDefaultMatchReturnsTrue" classname="org.springframework.core.annotation.AnnotationTypeMappingsTests" time="0.001"/>
  <testcase name="isEquivalentToDefaultValueWhenClassArrayAndStringArrayNamesMatchReturnsTrue" classname="org.springframework.core.annotation.AnnotationTypeMappingsTests" time="0.004"/>
  <testcase name="forAnnotationTypeWhenAliasForToSelfNonExistingAttribute" classname="org.springframework.core.annotation.AnnotationTypeMappingsTests" time="0.003"/>
  <testcase name="getAliasMappingWhenHasWithMulipleRoutesToAliasReturnsMappedAttributes" classname="org.springframework.core.annotation.AnnotationTypeMappingsTests" time="0.0"/>
  <testcase name="getAliasMappingsWhenHasDefinedAttributesReturnsMappedAttributes" classname="org.springframework.core.annotation.AnnotationTypeMappingsTests" time="0.008"/>
  <testcase name="forAnnotationWhenHasSpringAnnotationReturnsFilteredMappings" classname="org.springframework.core.annotation.AnnotationTypeMappingsTests" time="0.003"/>
  <testcase name="forAnnotationTypeWhenHasRepeatingMetaAnnotationReturnsMapping" classname="org.springframework.core.annotation.AnnotationTypeMappingsTests" time="0.013"/>
  <testcase name="forAnnotationTypeWhenAliasForToSelfAnnotatedToOtherAttribute" classname="org.springframework.core.annotation.AnnotationTypeMappingsTests" time="0.003"/>
  <testcase name="forAnnotationTypeWhenAliasForWithIncompatibleReturnTypes" classname="org.springframework.core.annotation.AnnotationTypeMappingsTests" time="0.007"/>
  <testcase name="isEquivalentToDefaultValueWhenNestedAnnotationAndExtractedValuesMatchReturnsTrue" classname="org.springframework.core.annotation.AnnotationTypeMappingsTests" time="0.005"/>
  <testcase name="getMirrorSetWhenAliasPairReturnsMirrors" classname="org.springframework.core.annotation.AnnotationTypeMappingsTests" time="0.001"/>
  <testcase name="getMirrorSetWhenImplicitMirrorsReturnsMirrors" classname="org.springframework.core.annotation.AnnotationTypeMappingsTests" time="0.004"/>
  <testcase name="getAliasMappingWhenThreeDeepReturnsMappedAttributes" classname="org.springframework.core.annotation.AnnotationTypeMappingsTests" time="0.001"/>
  <testcase name="forAnnotationTypeWhenNoMetaAnnotationsReturnsMappings" classname="org.springframework.core.annotation.AnnotationTypeMappingsTests" time="0.002"/>
  <testcase name="resolveMirrorsWhenAliasPairResolves" classname="org.springframework.core.annotation.AnnotationTypeMappingsTests" time="0.006"/>
  <system-out><![CDATA[]]></system-out>
  <system-err><![CDATA[]]></system-err>
</testsuite>
