<?xml version="1.0" encoding="UTF-8"?>
<testsuite name="org.springframework.core.io.support.ResourceRegionTests" tests="3" skipped="0" failures="0" errors="0" timestamp="2019-06-21T11:41:37" hostname="Macbook-Air.local" time="0.656">
  <properties/>
  <testcase name="shouldThrowExceptionForNegativePosition" classname="org.springframework.core.io.support.ResourceRegionTests" time="0.655"/>
  <testcase name="shouldThrowExceptionWithNullResource" classname="org.springframework.core.io.support.ResourceRegionTests" time="0.0"/>
  <testcase name="shouldThrowExceptionForNegativeCount" classname="org.springframework.core.io.support.ResourceRegionTests" time="0.001"/>
  <system-out><![CDATA[]]></system-out>
  <system-err><![CDATA[]]></system-err>
</testsuite>
