<?xml version="1.0" encoding="UTF-8"?>
<testsuite name="org.springframework.util.concurrent.FutureAdapterTests" tests="5" skipped="0" failures="0" errors="0" timestamp="2019-06-21T11:41:53" hostname="Macbook-Air.local" time="0.022">
  <properties/>
  <testcase name="cancel" classname="org.springframework.util.concurrent.FutureAdapterTests" time="0.017"/>
  <testcase name="isDone" classname="org.springframework.util.concurrent.FutureAdapterTests" time="0.0"/>
  <testcase name="getTimeOut" classname="org.springframework.util.concurrent.FutureAdapterTests" time="0.004"/>
  <testcase name="get" classname="org.springframework.util.concurrent.FutureAdapterTests" time="0.001"/>
  <testcase name="isCancelled" classname="org.springframework.util.concurrent.FutureAdapterTests" time="0.0"/>
  <system-out><![CDATA[]]></system-out>
  <system-err><![CDATA[]]></system-err>
</testsuite>
