<?xml version="1.0" encoding="UTF-8"?>
<testsuite name="org.springframework.util.ResourceUtilsTests" tests="3" skipped="0" failures="0" errors="0" timestamp="2019-06-21T11:41:50" hostname="Macbook-Air.local" time="0.005">
  <properties/>
  <testcase name="isJarURL" classname="org.springframework.util.ResourceUtilsTests" time="0.002"/>
  <testcase name="extractJarFileURL" classname="org.springframework.util.ResourceUtilsTests" time="0.002"/>
  <testcase name="extractArchiveURL" classname="org.springframework.util.ResourceUtilsTests" time="0.001"/>
  <system-out><![CDATA[]]></system-out>
  <system-err><![CDATA[]]></system-err>
</testsuite>
