<?xml version="1.0" encoding="UTF-8"?>
<testsuite name="org.springframework.core.ReactiveAdapterRegistryTests" tests="20" skipped="0" failures="0" errors="0" timestamp="2019-06-21T11:41:32" hostname="Macbook-Air.local" time="2.693">
  <properties/>
  <testcase name="publisherToRxSingle" classname="org.springframework.core.ReactiveAdapterRegistryTests" time="1.808"/>
  <testcase name="reactivexFlowableToPublisher" classname="org.springframework.core.ReactiveAdapterRegistryTests" time="0.592"/>
  <testcase name="publisherToReactivexObservable" classname="org.springframework.core.ReactiveAdapterRegistryTests" time="0.135"/>
  <testcase name="publisherToReactivexFlowable" classname="org.springframework.core.ReactiveAdapterRegistryTests" time="0.012"/>
  <testcase name="reactivexObservableToPublisher" classname="org.springframework.core.ReactiveAdapterRegistryTests" time="0.019"/>
  <testcase name="reactivexSingleToPublisher" classname="org.springframework.core.ReactiveAdapterRegistryTests" time="0.005"/>
  <testcase name="CompletableFutureToPublisher" classname="org.springframework.core.ReactiveAdapterRegistryTests" time="0.007"/>
  <testcase name="publisherToCompletableFuture" classname="org.springframework.core.ReactiveAdapterRegistryTests" time="0.002"/>
  <testcase name="rxCompletableToPublisher" classname="org.springframework.core.ReactiveAdapterRegistryTests" time="0.014"/>
  <testcase name="rxSingleToPublisher" classname="org.springframework.core.ReactiveAdapterRegistryTests" time="0.002"/>
  <testcase name="publisherToRxObservable" classname="org.springframework.core.ReactiveAdapterRegistryTests" time="0.054"/>
  <testcase name="reactivexCompletableToPublisher" classname="org.springframework.core.ReactiveAdapterRegistryTests" time="0.004"/>
  <testcase name="rxObservableToPublisher" classname="org.springframework.core.ReactiveAdapterRegistryTests" time="0.021"/>
  <testcase name="defaultAdapterRegistrations" classname="org.springframework.core.ReactiveAdapterRegistryTests" time="0.002"/>
  <testcase name="publisherToFlux" classname="org.springframework.core.ReactiveAdapterRegistryTests" time="0.001"/>
  <testcase name="publisherToMono" classname="org.springframework.core.ReactiveAdapterRegistryTests" time="0.001"/>
  <testcase name="getAdapterForReactiveSubType" classname="org.springframework.core.ReactiveAdapterRegistryTests" time="0.003"/>
  <testcase name="publisherToReactivexCompletable" classname="org.springframework.core.ReactiveAdapterRegistryTests" time="0.004"/>
  <testcase name="publisherToRxCompletable" classname="org.springframework.core.ReactiveAdapterRegistryTests" time="0.002"/>
  <testcase name="publisherToReactivexSingle" classname="org.springframework.core.ReactiveAdapterRegistryTests" time="0.001"/>
  <system-out><![CDATA[]]></system-out>
  <system-err><![CDATA[]]></system-err>
</testsuite>
