<?xml version="1.0" encoding="UTF-8"?>
<testsuite name="org.springframework.core.log.LogSupportTests" tests="6" skipped="0" failures="0" errors="0" timestamp="2019-06-21T11:41:48" hostname="Macbook-Air.local" time="0.031">
  <properties/>
  <testcase name="testLogMessageWithSupplier" classname="org.springframework.core.log.LogSupportTests" time="0.029"/>
  <testcase name="testLogMessageWithFormat1" classname="org.springframework.core.log.LogSupportTests" time="0.001"/>
  <testcase name="testLogMessageWithFormat2" classname="org.springframework.core.log.LogSupportTests" time="0.0"/>
  <testcase name="testLogMessageWithFormat3" classname="org.springframework.core.log.LogSupportTests" time="0.0"/>
  <testcase name="testLogMessageWithFormat4" classname="org.springframework.core.log.LogSupportTests" time="0.0"/>
  <testcase name="testLogMessageWithFormatX" classname="org.springframework.core.log.LogSupportTests" time="0.0"/>
  <system-out><![CDATA[]]></system-out>
  <system-err><![CDATA[]]></system-err>
</testsuite>
