<?xml version="1.0" encoding="UTF-8"?>
<testsuite name="org.springframework.core.KotlinMethodParameterTests" tests="5" skipped="0" failures="0" errors="0" timestamp="2020-11-25T14:39:13" hostname="lichangbaodeMacBook-Pro.local" time="0.052">
  <properties/>
  <testcase name="Inner class constructor" classname="org.springframework.core.KotlinMethodParameterTests" time="0.021"/>
  <testcase name="Regular class constructor" classname="org.springframework.core.KotlinMethodParameterTests" time="0.001"/>
  <testcase name="Method return type nullability" classname="org.springframework.core.KotlinMethodParameterTests" time="0.024"/>
  <testcase name="Suspending function return type" classname="org.springframework.core.KotlinMethodParameterTests" time="0.004"/>
  <testcase name="Method parameter nullability" classname="org.springframework.core.KotlinMethodParameterTests" time="0.001"/>
  <system-out><![CDATA[]]></system-out>
  <system-err><![CDATA[]]></system-err>
</testsuite>
