<?xml version="1.0" encoding="UTF-8"?>
<testsuite name="org.springframework.core.env.PropertyResolverExtensionsTests" tests="3" skipped="0" failures="0" errors="0" timestamp="2020-11-25T14:39:12" hostname="lichangbaodeMacBook-Pro.local" time="1.015">
  <properties/>
  <testcase name="getProperty extension" classname="org.springframework.core.env.PropertyResolverExtensionsTests" time="1.005"/>
  <testcase name="get operator" classname="org.springframework.core.env.PropertyResolverExtensionsTests" time="0.005"/>
  <testcase name="getRequiredProperty extension" classname="org.springframework.core.env.PropertyResolverExtensionsTests" time="0.004"/>
  <system-out><![CDATA[]]></system-out>
  <system-err><![CDATA[]]></system-err>
</testsuite>
