<?xml version="1.0" encoding="UTF-8"?>
<testsuite name="org.springframework.util.FileSystemUtilsTests" tests="2" skipped="0" failures="0" errors="0" timestamp="2019-06-21T11:41:50" hostname="Macbook-Air.local" time="0.038">
  <properties/>
  <testcase name="deleteRecursively" classname="org.springframework.util.FileSystemUtilsTests" time="0.018"/>
  <testcase name="copyRecursively" classname="org.springframework.util.FileSystemUtilsTests" time="0.02"/>
  <system-out><![CDATA[]]></system-out>
  <system-err><![CDATA[]]></system-err>
</testsuite>
