<?xml version="1.0" encoding="UTF-8"?>
<testsuite name="org.springframework.core.codec.ByteArrayDecoderTests" tests="3" skipped="0" failures="0" errors="0" timestamp="2019-06-21T11:41:36" hostname="Macbook-Air.local" time="0.015">
  <properties/>
  <testcase name="decodeToMono" classname="org.springframework.core.codec.ByteArrayDecoderTests" time="0.009"/>
  <testcase name="decode" classname="org.springframework.core.codec.ByteArrayDecoderTests" time="0.004"/>
  <testcase name="canDecode" classname="org.springframework.core.codec.ByteArrayDecoderTests" time="0.001"/>
  <system-out><![CDATA[]]></system-out>
  <system-err><![CDATA[]]></system-err>
</testsuite>
