<?xml version="1.0" encoding="UTF-8"?>
<testsuite name="org.springframework.core.codec.ByteArrayEncoderTests" tests="2" skipped="0" failures="0" errors="0" timestamp="2019-06-21T11:41:35" hostname="Macbook-Air.local" time="0.507">
  <properties/>
  <testcase name="canEncode" classname="org.springframework.core.codec.ByteArrayEncoderTests" time="0.36"/>
  <testcase name="encode" classname="org.springframework.core.codec.ByteArrayEncoderTests" time="0.147"/>
  <system-out><![CDATA[]]></system-out>
  <system-err><![CDATA[]]></system-err>
</testsuite>
