<?xml version="1.0" encoding="UTF-8"?>
<testsuite name="org.springframework.util.xml.StaxEventHandlerTests" tests="4" skipped="0" failures="0" errors="0" timestamp="2020-11-25T14:39:11" hostname="lichangbaodeMacBook-Pro.local" time="0.02">
  <properties/>
  <testcase name="noNamespacePrefixesDom" classname="org.springframework.util.xml.StaxEventHandlerTests" time="0.009"/>
  <testcase name="noNamespacePrefixes" classname="org.springframework.util.xml.StaxEventHandlerTests" time="0.004"/>
  <testcase name="namespacePrefixes" classname="org.springframework.util.xml.StaxEventHandlerTests" time="0.004"/>
  <testcase name="namespacePrefixesDom" classname="org.springframework.util.xml.StaxEventHandlerTests" time="0.003"/>
  <system-out><![CDATA[]]></system-out>
  <system-err><![CDATA[]]></system-err>
</testsuite>
