<?xml version="1.0" encoding="UTF-8"?>
<testsuite name="org.springframework.core.codec.CharSequenceEncoderTests" tests="3" skipped="0" failures="0" errors="0" timestamp="2020-11-25T14:39:03" hostname="lichangbaodeMacBook-Pro.local" time="0.034">
  <properties/>
  <testcase name="calculateCapacity" classname="org.springframework.core.codec.CharSequenceEncoderTests" time="0.011"/>
  <testcase name="encode" classname="org.springframework.core.codec.CharSequenceEncoderTests" time="0.023"/>
  <testcase name="canEncode" classname="org.springframework.core.codec.CharSequenceEncoderTests" time="0.0"/>
  <system-out><![CDATA[]]></system-out>
  <system-err><![CDATA[]]></system-err>
</testsuite>
