<?xml version="1.0" encoding="UTF-8"?>
<testsuite name="org.springframework.core.codec.StringDecoderTests" tests="9" skipped="0" failures="0" errors="0" timestamp="2019-06-21T11:41:36" hostname="Macbook-Air.local" time="0.094">
  <properties/>
  <testcase name="decodeToMono" classname="org.springframework.core.codec.StringDecoderTests" time="0.012"/>
  <testcase name="decode" classname="org.springframework.core.codec.StringDecoderTests" time="0.055"/>
  <testcase name="decodeToMonoWithEmptyFlux" classname="org.springframework.core.codec.StringDecoderTests" time="0.002"/>
  <testcase name="decodeEmptyDataBuffer" classname="org.springframework.core.codec.StringDecoderTests" time="0.005"/>
  <testcase name="canDecode" classname="org.springframework.core.codec.StringDecoderTests" time="0.0"/>
  <testcase name="decodeNewLineIncludeDelimiters" classname="org.springframework.core.codec.StringDecoderTests" time="0.007"/>
  <testcase name="decodeNewLine" classname="org.springframework.core.codec.StringDecoderTests" time="0.007"/>
  <testcase name="decodeEmptyFlux" classname="org.springframework.core.codec.StringDecoderTests" time="0.001"/>
  <testcase name="decodeMultibyteCharacterUtf16" classname="org.springframework.core.codec.StringDecoderTests" time="0.005"/>
  <system-out><![CDATA[]]></system-out>
  <system-err><![CDATA[]]></system-err>
</testsuite>
