<?xml version="1.0" encoding="UTF-8"?>
<testsuite name="org.springframework.web.reactive.result.view.script.NashornScriptTemplateTests" tests="3" skipped="0" failures="0" errors="0" timestamp="2020-11-25T14:42:14" hostname="lichangbaodeMacBook-Pro.local" time="0.194">
  <properties/>
  <testcase name="renderTemplateWithUrl" classname="org.springframework.web.reactive.result.view.script.NashornScriptTemplateTests" time="0.147"/>
  <testcase name="renderTemplate" classname="org.springframework.web.reactive.result.view.script.NashornScriptTemplateTests" time="0.023"/>
  <testcase name="subscribeWithoutDemand" classname="org.springframework.web.reactive.result.view.script.NashornScriptTemplateTests" time="0.024"/>
  <system-out><![CDATA[22:42:15.069 [Test worker] DEBUG o.s.w.r.r.v.s.ScriptTemplateView - [2b2497e3] View [ScriptTemplateView], model {title=Layout example, body=This is the body}
]]></system-out>
  <system-err><![CDATA[]]></system-err>
</testsuite>
