<?xml version="1.0" encoding="UTF-8"?>
<testsuite name="org.springframework.web.reactive.function.server.HandlerStrategiesTests" tests="2" skipped="0" failures="0" errors="0" timestamp="2019-06-21T11:48:56" hostname="Macbook-Air.local" time="0.018">
  <properties/>
  <testcase name="withDefaults" classname="org.springframework.web.reactive.function.server.HandlerStrategiesTests" time="0.018"/>
  <testcase name="empty" classname="org.springframework.web.reactive.function.server.HandlerStrategiesTests" time="0.0"/>
  <system-out><![CDATA[]]></system-out>
  <system-err><![CDATA[]]></system-err>
</testsuite>
