<?xml version="1.0" encoding="UTF-8"?>
<testsuite name="org.springframework.web.reactive.result.view.script.JythonScriptTemplateTests" tests="1" skipped="0" failures="0" errors="0" timestamp="2020-11-25T14:42:15" hostname="lichangbaodeMacBook-Pro.local" time="3.487">
  <properties/>
  <testcase name="renderTemplate" classname="org.springframework.web.reactive.result.view.script.JythonScriptTemplateTests" time="3.487"/>
  <system-out><![CDATA[]]></system-out>
  <system-err><![CDATA[]]></system-err>
</testsuite>
