<?xml version="1.0" encoding="UTF-8"?>
<testsuite name="org.springframework.web.reactive.result.view.RequestContextTests" tests="3" skipped="0" failures="0" errors="0" timestamp="2020-11-25T14:42:24" hostname="lichangbaodeMacBook-Pro.local" time="0.001">
  <properties/>
  <testcase name="testGetContextUrlWithMap" classname="org.springframework.web.reactive.result.view.RequestContextTests" time="0.001"/>
  <testcase name="testGetContextUrlWithMapEscaping" classname="org.springframework.web.reactive.result.view.RequestContextTests" time="0.0"/>
  <testcase name="testGetContextUrl" classname="org.springframework.web.reactive.result.view.RequestContextTests" time="0.0"/>
  <system-out><![CDATA[]]></system-out>
  <system-err><![CDATA[]]></system-err>
</testsuite>
