<?xml version="1.0" encoding="UTF-8"?>
<testsuite name="org.springframework.web.reactive.function.server.RenderingResponseExtensionsTests" tests="1" skipped="0" failures="0" errors="0" timestamp="2020-11-25T14:43:44" hostname="lichangbaodeMacBook-Pro.local" time="0.203">
  <properties/>
  <testcase name="buildAndAwait" classname="org.springframework.web.reactive.function.server.RenderingResponseExtensionsTests" time="0.203"/>
  <system-out><![CDATA[]]></system-out>
  <system-err><![CDATA[]]></system-err>
</testsuite>
