<?xml version="1.0" encoding="UTF-8"?>
<testsuite name="org.springframework.web.reactive.result.view.HttpMessageWriterViewTests" tests="7" skipped="0" failures="0" errors="0" timestamp="2019-06-21T11:46:48" hostname="Macbook-Air.local" time="0.125">
  <properties/>
  <testcase name="singleMatch" classname="org.springframework.web.reactive.result.view.HttpMessageWriterViewTests" time="0.065"/>
  <testcase name="multipleMatches" classname="org.springframework.web.reactive.result.view.HttpMessageWriterViewTests" time="0.015"/>
  <testcase name="render" classname="org.springframework.web.reactive.result.view.HttpMessageWriterViewTests" time="0.012"/>
  <testcase name="noMatchBecauseNotSupported" classname="org.springframework.web.reactive.result.view.HttpMessageWriterViewTests" time="0.01"/>
  <testcase name="supportedMediaTypes" classname="org.springframework.web.reactive.result.view.HttpMessageWriterViewTests" time="0.01"/>
  <testcase name="multipleMatchesNotSupported" classname="org.springframework.web.reactive.result.view.HttpMessageWriterViewTests" time="0.005"/>
  <testcase name="noMatch" classname="org.springframework.web.reactive.result.view.HttpMessageWriterViewTests" time="0.006"/>
  <system-out><![CDATA[19:46:48.902 [Test worker] DEBUG o.s.h.c.j.Jackson2JsonEncoder - [24af0bb2] Encoding [[bar2]]
19:46:48.942 [Test worker] DEBUG o.s.h.c.j.Jackson2JsonEncoder - [4873a786] Encoding [{foo1=[bar1], foo2=[bar2]}]
19:46:48.955 [Test worker] DEBUG o.s.h.c.j.Jackson2JsonEncoder - [43da3f3d] Encoding [{foo=f, bar=b}]
]]></system-out>
  <system-err><![CDATA[]]></system-err>
</testsuite>
