<?xml version="1.0" encoding="UTF-8"?>
<testsuite name="org.springframework.web.reactive.function.client.ServerRequestExtensionsTests" tests="9" skipped="0" failures="0" errors="0" timestamp="2019-06-21T11:49:28" hostname="Macbook-Air.local" time="0.838">
  <properties/>
  <testcase name="awaitMultipartData" classname="org.springframework.web.reactive.function.client.ServerRequestExtensionsTests" time="0.419"/>
  <testcase name="bodyToMono with reified type parameters" classname="org.springframework.web.reactive.function.client.ServerRequestExtensionsTests" time="0.019"/>
  <testcase name="bodyToFlow with reified type parameters" classname="org.springframework.web.reactive.function.client.ServerRequestExtensionsTests" time="0.017"/>
  <testcase name="awaitFormData" classname="org.springframework.web.reactive.function.client.ServerRequestExtensionsTests" time="0.018"/>
  <testcase name="bodyToFlux with reified type parameters" classname="org.springframework.web.reactive.function.client.ServerRequestExtensionsTests" time="0.013"/>
  <testcase name="awaitPrincipal" classname="org.springframework.web.reactive.function.client.ServerRequestExtensionsTests" time="0.141"/>
  <testcase name="awaitBody" classname="org.springframework.web.reactive.function.client.ServerRequestExtensionsTests" time="0.017"/>
  <testcase name="awaitSession" classname="org.springframework.web.reactive.function.client.ServerRequestExtensionsTests" time="0.174"/>
  <testcase name="awaitBodyOrNull" classname="org.springframework.web.reactive.function.client.ServerRequestExtensionsTests" time="0.017"/>
  <system-out><![CDATA[]]></system-out>
  <system-err><![CDATA[]]></system-err>
</testsuite>
