<?xml version="1.0" encoding="UTF-8"?>
<testsuite name="org.springframework.web.reactive.result.method.annotation.SseIntegrationTests" tests="40" skipped="14" failures="0" errors="0" timestamp="2020-11-25T14:42:44" hostname="lichangbaodeMacBook-Pro.local" time="11.516">
  <properties/>
  <testcase name="sseAsEvent[server [org.springframework.http.server.reactive.bootstrap.JettyHttpServer@5886520a] webClient [org.springframework.http.client.reactive.ReactorClientHttpConnector@121101e1]]" classname="org.springframework.web.reactive.result.method.annotation.SseIntegrationTests" time="0.27"/>
  <testcase name="sseAsPerson[server [org.springframework.http.server.reactive.bootstrap.JettyHttpServer@5886520a] webClient [org.springframework.http.client.reactive.ReactorClientHttpConnector@121101e1]]" classname="org.springframework.web.reactive.result.method.annotation.SseIntegrationTests" time="0.251"/>
  <testcase name="sseAsString[server [org.springframework.http.server.reactive.bootstrap.JettyHttpServer@5886520a] webClient [org.springframework.http.client.reactive.ReactorClientHttpConnector@121101e1]]" classname="org.springframework.web.reactive.result.method.annotation.SseIntegrationTests" time="0.251"/>
  <testcase name="serverDetectsClientDisconnect[server [org.springframework.http.server.reactive.bootstrap.JettyHttpServer@5886520a] webClient [org.springframework.http.client.reactive.ReactorClientHttpConnector@121101e1]]" classname="org.springframework.web.reactive.result.method.annotation.SseIntegrationTests" time="0.0">
    <skipped/>
  </testcase>
  <testcase name="sseAsEventWithoutAcceptHeader[server [org.springframework.http.server.reactive.bootstrap.JettyHttpServer@5886520a] webClient [org.springframework.http.client.reactive.ReactorClientHttpConnector@121101e1]]" classname="org.springframework.web.reactive.result.method.annotation.SseIntegrationTests" time="0.256"/>
  <testcase name="sseAsEvent[server [org.springframework.http.server.reactive.bootstrap.JettyHttpServer@637b19ea] webClient [org.springframework.http.client.reactive.JettyClientHttpConnector@25fe39f4]]" classname="org.springframework.web.reactive.result.method.annotation.SseIntegrationTests" time="0.336"/>
  <testcase name="sseAsPerson[server [org.springframework.http.server.reactive.bootstrap.JettyHttpServer@637b19ea] webClient [org.springframework.http.client.reactive.JettyClientHttpConnector@25fe39f4]]" classname="org.springframework.web.reactive.result.method.annotation.SseIntegrationTests" time="0.248"/>
  <testcase name="sseAsString[server [org.springframework.http.server.reactive.bootstrap.JettyHttpServer@637b19ea] webClient [org.springframework.http.client.reactive.JettyClientHttpConnector@25fe39f4]]" classname="org.springframework.web.reactive.result.method.annotation.SseIntegrationTests" time="0.25"/>
  <testcase name="serverDetectsClientDisconnect[server [org.springframework.http.server.reactive.bootstrap.JettyHttpServer@637b19ea] webClient [org.springframework.http.client.reactive.JettyClientHttpConnector@25fe39f4]]" classname="org.springframework.web.reactive.result.method.annotation.SseIntegrationTests" time="0.0">
    <skipped/>
  </testcase>
  <testcase name="sseAsEventWithoutAcceptHeader[server [org.springframework.http.server.reactive.bootstrap.JettyHttpServer@637b19ea] webClient [org.springframework.http.client.reactive.JettyClientHttpConnector@25fe39f4]]" classname="org.springframework.web.reactive.result.method.annotation.SseIntegrationTests" time="0.251"/>
  <testcase name="sseAsEvent[server [org.springframework.http.server.reactive.bootstrap.ReactorHttpServer@4f823943] webClient [org.springframework.http.client.reactive.ReactorClientHttpConnector@5506375b]]" classname="org.springframework.web.reactive.result.method.annotation.SseIntegrationTests" time="0.041">
    <skipped/>
  </testcase>
  <testcase name="sseAsPerson[server [org.springframework.http.server.reactive.bootstrap.ReactorHttpServer@4f823943] webClient [org.springframework.http.client.reactive.ReactorClientHttpConnector@5506375b]]" classname="org.springframework.web.reactive.result.method.annotation.SseIntegrationTests" time="0.251"/>
  <testcase name="sseAsString[server [org.springframework.http.server.reactive.bootstrap.ReactorHttpServer@4f823943] webClient [org.springframework.http.client.reactive.ReactorClientHttpConnector@5506375b]]" classname="org.springframework.web.reactive.result.method.annotation.SseIntegrationTests" time="0.245"/>
  <testcase name="serverDetectsClientDisconnect[server [org.springframework.http.server.reactive.bootstrap.ReactorHttpServer@4f823943] webClient [org.springframework.http.client.reactive.ReactorClientHttpConnector@5506375b]]" classname="org.springframework.web.reactive.result.method.annotation.SseIntegrationTests" time="0.0">
    <skipped/>
  </testcase>
  <testcase name="sseAsEventWithoutAcceptHeader[server [org.springframework.http.server.reactive.bootstrap.ReactorHttpServer@4f823943] webClient [org.springframework.http.client.reactive.ReactorClientHttpConnector@5506375b]]" classname="org.springframework.web.reactive.result.method.annotation.SseIntegrationTests" time="0.247"/>
  <testcase name="sseAsEvent[server [org.springframework.http.server.reactive.bootstrap.ReactorHttpServer@6e09c058] webClient [org.springframework.http.client.reactive.JettyClientHttpConnector@3a6c75f4]]" classname="org.springframework.web.reactive.result.method.annotation.SseIntegrationTests" time="0.039">
    <skipped/>
  </testcase>
  <testcase name="sseAsPerson[server [org.springframework.http.server.reactive.bootstrap.ReactorHttpServer@6e09c058] webClient [org.springframework.http.client.reactive.JettyClientHttpConnector@3a6c75f4]]" classname="org.springframework.web.reactive.result.method.annotation.SseIntegrationTests" time="0.247"/>
  <testcase name="sseAsString[server [org.springframework.http.server.reactive.bootstrap.ReactorHttpServer@6e09c058] webClient [org.springframework.http.client.reactive.JettyClientHttpConnector@3a6c75f4]]" classname="org.springframework.web.reactive.result.method.annotation.SseIntegrationTests" time="0.245"/>
  <testcase name="serverDetectsClientDisconnect[server [org.springframework.http.server.reactive.bootstrap.ReactorHttpServer@6e09c058] webClient [org.springframework.http.client.reactive.JettyClientHttpConnector@3a6c75f4]]" classname="org.springframework.web.reactive.result.method.annotation.SseIntegrationTests" time="0.0">
    <skipped/>
  </testcase>
  <testcase name="sseAsEventWithoutAcceptHeader[server [org.springframework.http.server.reactive.bootstrap.ReactorHttpServer@6e09c058] webClient [org.springframework.http.client.reactive.JettyClientHttpConnector@3a6c75f4]]" classname="org.springframework.web.reactive.result.method.annotation.SseIntegrationTests" time="0.249"/>
  <testcase name="sseAsEvent[server [org.springframework.http.server.reactive.bootstrap.TomcatHttpServer@64fa0bdb] webClient [org.springframework.http.client.reactive.ReactorClientHttpConnector@2254f0]]" classname="org.springframework.web.reactive.result.method.annotation.SseIntegrationTests" time="0.055">
    <skipped/>
  </testcase>
  <testcase name="sseAsPerson[server [org.springframework.http.server.reactive.bootstrap.TomcatHttpServer@64fa0bdb] webClient [org.springframework.http.client.reactive.ReactorClientHttpConnector@2254f0]]" classname="org.springframework.web.reactive.result.method.annotation.SseIntegrationTests" time="0.473"/>
  <testcase name="sseAsString[server [org.springframework.http.server.reactive.bootstrap.TomcatHttpServer@64fa0bdb] webClient [org.springframework.http.client.reactive.ReactorClientHttpConnector@2254f0]]" classname="org.springframework.web.reactive.result.method.annotation.SseIntegrationTests" time="0.492"/>
  <testcase name="serverDetectsClientDisconnect[server [org.springframework.http.server.reactive.bootstrap.TomcatHttpServer@64fa0bdb] webClient [org.springframework.http.client.reactive.ReactorClientHttpConnector@2254f0]]" classname="org.springframework.web.reactive.result.method.annotation.SseIntegrationTests" time="0.0">
    <skipped/>
  </testcase>
  <testcase name="sseAsEventWithoutAcceptHeader[server [org.springframework.http.server.reactive.bootstrap.TomcatHttpServer@64fa0bdb] webClient [org.springframework.http.client.reactive.ReactorClientHttpConnector@2254f0]]" classname="org.springframework.web.reactive.result.method.annotation.SseIntegrationTests" time="0.281"/>
  <testcase name="sseAsEvent[server [org.springframework.http.server.reactive.bootstrap.TomcatHttpServer@20895fac] webClient [org.springframework.http.client.reactive.JettyClientHttpConnector@79935d9c]]" classname="org.springframework.web.reactive.result.method.annotation.SseIntegrationTests" time="0.064">
    <skipped/>
  </testcase>
  <testcase name="sseAsPerson[server [org.springframework.http.server.reactive.bootstrap.TomcatHttpServer@20895fac] webClient [org.springframework.http.client.reactive.JettyClientHttpConnector@79935d9c]]" classname="org.springframework.web.reactive.result.method.annotation.SseIntegrationTests" time="2.314"/>
  <testcase name="sseAsString[server [org.springframework.http.server.reactive.bootstrap.TomcatHttpServer@20895fac] webClient [org.springframework.http.client.reactive.JettyClientHttpConnector@79935d9c]]" classname="org.springframework.web.reactive.result.method.annotation.SseIntegrationTests" time="2.285"/>
  <testcase name="serverDetectsClientDisconnect[server [org.springframework.http.server.reactive.bootstrap.TomcatHttpServer@20895fac] webClient [org.springframework.http.client.reactive.JettyClientHttpConnector@79935d9c]]" classname="org.springframework.web.reactive.result.method.annotation.SseIntegrationTests" time="0.0">
    <skipped/>
  </testcase>
  <testcase name="sseAsEventWithoutAcceptHeader[server [org.springframework.http.server.reactive.bootstrap.TomcatHttpServer@20895fac] webClient [org.springframework.http.client.reactive.JettyClientHttpConnector@79935d9c]]" classname="org.springframework.web.reactive.result.method.annotation.SseIntegrationTests" time="0.285"/>
  <testcase name="sseAsEvent[server [org.springframework.http.server.reactive.bootstrap.UndertowHttpServer@4d8325a6] webClient [org.springframework.http.client.reactive.ReactorClientHttpConnector@5f146d32]]" classname="org.springframework.web.reactive.result.method.annotation.SseIntegrationTests" time="0.052">
    <skipped/>
  </testcase>
  <testcase name="sseAsPerson[server [org.springframework.http.server.reactive.bootstrap.UndertowHttpServer@4d8325a6] webClient [org.springframework.http.client.reactive.ReactorClientHttpConnector@5f146d32]]" classname="org.springframework.web.reactive.result.method.annotation.SseIntegrationTests" time="0.247"/>
  <testcase name="sseAsString[server [org.springframework.http.server.reactive.bootstrap.UndertowHttpServer@4d8325a6] webClient [org.springframework.http.client.reactive.ReactorClientHttpConnector@5f146d32]]" classname="org.springframework.web.reactive.result.method.annotation.SseIntegrationTests" time="0.25"/>
  <testcase name="serverDetectsClientDisconnect[server [org.springframework.http.server.reactive.bootstrap.UndertowHttpServer@4d8325a6] webClient [org.springframework.http.client.reactive.ReactorClientHttpConnector@5f146d32]]" classname="org.springframework.web.reactive.result.method.annotation.SseIntegrationTests" time="0.0">
    <skipped/>
  </testcase>
  <testcase name="sseAsEventWithoutAcceptHeader[server [org.springframework.http.server.reactive.bootstrap.UndertowHttpServer@4d8325a6] webClient [org.springframework.http.client.reactive.ReactorClientHttpConnector@5f146d32]]" classname="org.springframework.web.reactive.result.method.annotation.SseIntegrationTests" time="0.252"/>
  <testcase name="sseAsEvent[server [org.springframework.http.server.reactive.bootstrap.UndertowHttpServer@358a3d43] webClient [org.springframework.http.client.reactive.JettyClientHttpConnector@5616f9d3]]" classname="org.springframework.web.reactive.result.method.annotation.SseIntegrationTests" time="0.04">
    <skipped/>
  </testcase>
  <testcase name="sseAsPerson[server [org.springframework.http.server.reactive.bootstrap.UndertowHttpServer@358a3d43] webClient [org.springframework.http.client.reactive.JettyClientHttpConnector@5616f9d3]]" classname="org.springframework.web.reactive.result.method.annotation.SseIntegrationTests" time="0.249"/>
  <testcase name="sseAsString[server [org.springframework.http.server.reactive.bootstrap.UndertowHttpServer@358a3d43] webClient [org.springframework.http.client.reactive.JettyClientHttpConnector@5616f9d3]]" classname="org.springframework.web.reactive.result.method.annotation.SseIntegrationTests" time="0.246"/>
  <testcase name="serverDetectsClientDisconnect[server [org.springframework.http.server.reactive.bootstrap.UndertowHttpServer@358a3d43] webClient [org.springframework.http.client.reactive.JettyClientHttpConnector@5616f9d3]]" classname="org.springframework.web.reactive.result.method.annotation.SseIntegrationTests" time="0.0">
    <skipped/>
  </testcase>
  <testcase name="sseAsEventWithoutAcceptHeader[server [org.springframework.http.server.reactive.bootstrap.UndertowHttpServer@358a3d43] webClient [org.springframework.http.client.reactive.JettyClientHttpConnector@5616f9d3]]" classname="org.springframework.web.reactive.result.method.annotation.SseIntegrationTests" time="0.254"/>
  <system-out><![CDATA[22:42:44.968 [Test worker] DEBUG o.s.w.r.r.m.a.RequestMappingHandlerMapping - 4 mappings in 'requestMappingHandlerMapping'
22:42:44.986 [Test worker] DEBUG o.s.w.r.r.m.a.ControllerMethodResolver - ControllerAdvice beans: none
22:42:45.010 [Test worker] DEBUG o.s.w.s.a.HttpWebHandlerAdapter - enableLoggingRequestDetails='false': form data and headers will be masked to prevent unsafe logging of potentially sensitive data
22:42:45.010 [Test worker] WARN  o.e.j.s.h.ContextHandler - Empty contextPath
22:42:45.010 [Test worker] INFO  o.e.j.s.h.ContextHandler - Started o.e.j.s.ServletContextHandler@69c4594d{/,null,AVAILABLE}
22:42:45.010 [Test worker] DEBUG o.s.h.s.r.b.JettyHttpServer - Starting JettyHttpServer...
22:42:45.010 [Test worker] INFO  o.e.j.s.Server - jetty-9.4.18.v20190429; built: 2019-04-29T20:42:08.989Z; git: e1bc35120a6617ee3df052294e433f3a25ce7097; jvm 1.8.0_211-b12
22:42:45.011 [Test worker] INFO  o.e.j.s.AbstractConnector - Started ServerConnector@7cb2de3b{HTTP/1.1,[http/1.1]}{0.0.0.0:54076}
22:42:45.011 [Test worker] INFO  o.e.j.s.Server - Started @37438ms
22:42:45.011 [Test worker] DEBUG o.s.h.s.r.b.JettyHttpServer - Server started on port 54076(0 millis).
22:42:45.015 [Test worker] DEBUG o.s.w.r.f.c.ExchangeFunctions - [271ab7bf] HTTP GET http://localhost:54076/sse/event
22:42:45.017 [qtp949976511-2160] DEBUG o.s.w.s.a.HttpWebHandlerAdapter - [41f5ebf8] HTTP GET "/sse/event"
22:42:45.017 [qtp949976511-2160] DEBUG o.s.w.r.r.m.a.RequestMappingHandlerMapping - [41f5ebf8] Mapped to org.springframework.web.reactive.result.method.annotation.SseIntegrationTests$SseController#sse()
22:42:45.019 [qtp949976511-2160] DEBUG o.s.w.r.r.m.a.ResponseBodyResultHandler - Using 'text/event-stream' given [text/event-stream] and supported [text/event-stream]
22:42:45.019 [qtp949976511-2160] DEBUG o.s.w.r.r.m.a.ResponseBodyResultHandler - [41f5ebf8] 0..N [org.springframework.http.codec.ServerSentEvent<org.springframework.web.reactive.result.method.annotation.SseIntegrationTests$Person>]
22:42:45.123 [parallel-1] DEBUG o.s.h.c.j.Jackson2JsonEncoder - [41f5ebf8] Encoding [Person{name='foo 0'}]
22:42:45.124 [reactor-http-nio-16] DEBUG o.s.w.r.f.c.ExchangeFunctions - [271ab7bf] Response 200 OK
22:42:45.130 [reactor-http-nio-16] DEBUG o.s.c.c.StringDecoder - [271ab7bf] Decoded "id:0"
22:42:45.130 [reactor-http-nio-16] DEBUG o.s.c.c.StringDecoder - [271ab7bf] Decoded ":bar 0"
22:42:45.130 [reactor-http-nio-16] DEBUG o.s.c.c.StringDecoder - [271ab7bf] Decoded "data:{"name":"foo 0"}"
22:42:45.130 [reactor-http-nio-16] DEBUG o.s.c.c.StringDecoder - [271ab7bf] Decoded ""
22:42:45.131 [reactor-http-nio-16] DEBUG o.s.h.c.j.Jackson2JsonDecoder - [271ab7bf] Decoded [Person{name='foo 0'}]
22:42:45.225 [parallel-1] DEBUG o.s.h.c.j.Jackson2JsonEncoder - [41f5ebf8] Encoding [Person{name='foo 1'}]
22:42:45.226 [parallel-1] DEBUG o.s.w.s.a.HttpWebHandlerAdapter - [41f5ebf8] Completed 200 OK
22:42:45.228 [reactor-http-nio-16] DEBUG o.s.c.c.StringDecoder - [271ab7bf] Decoded "id:1"
22:42:45.228 [reactor-http-nio-16] DEBUG o.s.c.c.StringDecoder - [271ab7bf] Decoded ":bar 1"
22:42:45.228 [reactor-http-nio-16] DEBUG o.s.c.c.StringDecoder - [271ab7bf] Decoded "data:{"name":"foo 1"}"
22:42:45.228 [reactor-http-nio-16] DEBUG o.s.c.c.StringDecoder - [271ab7bf] Decoded ""
22:42:45.228 [reactor-http-nio-16] DEBUG o.s.h.c.j.Jackson2JsonDecoder - [271ab7bf] Decoded [Person{name='foo 1'}]
22:42:45.228 [reactor-http-nio-16] DEBUG o.s.w.r.f.c.ExchangeFunctions - [271ab7bf] Cancel signal (to close connection)
22:42:45.228 [Test worker] DEBUG o.s.h.s.r.b.JettyHttpServer - Stopping JettyHttpServer...
22:42:45.228 [Test worker] INFO  o.e.j.s.h.ContextHandler - Stopped o.e.j.s.ServletContextHandler@69c4594d{/,null,UNAVAILABLE}
22:42:45.229 [Test worker] INFO  o.e.j.s.AbstractConnector - Stopped ServerConnector@7cb2de3b{HTTP/1.1,[http/1.1]}{0.0.0.0:0}
22:42:45.230 [Test worker] DEBUG o.s.h.s.r.b.JettyHttpServer - Server stopped (0 millis).
22:42:45.234 [Test worker] DEBUG o.s.w.r.r.m.a.RequestMappingHandlerMapping - 4 mappings in 'requestMappingHandlerMapping'
22:42:45.249 [Test worker] DEBUG o.s.w.r.r.m.a.ControllerMethodResolver - ControllerAdvice beans: none
22:42:45.268 [Test worker] DEBUG o.s.w.s.a.HttpWebHandlerAdapter - enableLoggingRequestDetails='false': form data and headers will be masked to prevent unsafe logging of potentially sensitive data
22:42:45.268 [Test worker] WARN  o.e.j.s.h.ContextHandler - Empty contextPath
22:42:45.268 [Test worker] INFO  o.e.j.s.h.ContextHandler - Started o.e.j.s.ServletContextHandler@4e847b8c{/,null,AVAILABLE}
22:42:45.269 [Test worker] DEBUG o.s.h.s.r.b.JettyHttpServer - Starting JettyHttpServer...
22:42:45.269 [Test worker] INFO  o.e.j.s.Server - jetty-9.4.18.v20190429; built: 2019-04-29T20:42:08.989Z; git: e1bc35120a6617ee3df052294e433f3a25ce7097; jvm 1.8.0_211-b12
22:42:45.270 [Test worker] INFO  o.e.j.s.AbstractConnector - Started ServerConnector@74fc2cce{HTTP/1.1,[http/1.1]}{0.0.0.0:54078}
22:42:45.270 [Test worker] INFO  o.e.j.s.Server - Started @37696ms
22:42:45.270 [Test worker] DEBUG o.s.h.s.r.b.JettyHttpServer - Server started on port 54078(0 millis).
22:42:45.271 [Test worker] DEBUG o.s.w.r.f.c.ExchangeFunctions - [4176a695] HTTP GET http://localhost:54078/sse/person
22:42:45.272 [qtp502543868-2174] DEBUG o.s.w.s.a.HttpWebHandlerAdapter - [12bceb31] HTTP GET "/sse/person"
22:42:45.273 [qtp502543868-2174] DEBUG o.s.w.r.r.m.a.RequestMappingHandlerMapping - [12bceb31] Mapped to org.springframework.web.reactive.result.method.annotation.SseIntegrationTests$SseController#person()
22:42:45.273 [qtp502543868-2174] DEBUG o.s.w.r.r.m.a.ResponseBodyResultHandler - Using 'text/event-stream' given [text/event-stream] and supported [application/json, application/*+json, application/x-jackson-smile, application/*+x-jackson-smile, text/event-stream]
22:42:45.273 [qtp502543868-2174] DEBUG o.s.w.r.r.m.a.ResponseBodyResultHandler - [12bceb31] 0..N [org.springframework.web.reactive.result.method.annotation.SseIntegrationTests$Person]
22:42:45.375 [parallel-2] DEBUG o.s.h.c.j.Jackson2JsonEncoder - [12bceb31] Encoding [Person{name='foo 0'}]
22:42:45.375 [reactor-http-nio-4] DEBUG o.s.w.r.f.c.ExchangeFunctions - [4176a695] Response 200 OK
22:42:45.377 [reactor-http-nio-4] DEBUG o.s.c.c.StringDecoder - [4176a695] Decoded "data:{"name":"foo 0"}"
22:42:45.377 [reactor-http-nio-4] DEBUG o.s.c.c.StringDecoder - [4176a695] Decoded ""
22:42:45.377 [reactor-http-nio-4] DEBUG o.s.h.c.j.Jackson2JsonDecoder - [4176a695] Decoded [Person{name='foo 0'}]
22:42:45.477 [parallel-2] DEBUG o.s.h.c.j.Jackson2JsonEncoder - [12bceb31] Encoding [Person{name='foo 1'}]
22:42:45.478 [reactor-http-nio-4] DEBUG o.s.c.c.StringDecoder - [4176a695] Decoded "data:{"name":"foo 1"}"
22:42:45.478 [reactor-http-nio-4] DEBUG o.s.c.c.StringDecoder - [4176a695] Decoded ""
22:42:45.478 [reactor-http-nio-4] DEBUG o.s.h.c.j.Jackson2JsonDecoder - [4176a695] Decoded [Person{name='foo 1'}]
22:42:45.478 [reactor-http-nio-4] DEBUG o.s.w.r.f.c.ExchangeFunctions - [4176a695] Cancel signal (to close connection)
22:42:45.478 [Test worker] DEBUG o.s.h.s.r.b.JettyHttpServer - Stopping JettyHttpServer...
22:42:45.478 [Test worker] INFO  o.e.j.s.h.ContextHandler - Stopped o.e.j.s.ServletContextHandler@4e847b8c{/,null,UNAVAILABLE}
22:42:45.479 [Test worker] INFO  o.e.j.s.AbstractConnector - Stopped ServerConnector@74fc2cce{HTTP/1.1,[http/1.1]}{0.0.0.0:0}
22:42:45.480 [Test worker] DEBUG o.s.h.s.r.b.JettyHttpServer - Server stopped (0 millis).
22:42:45.484 [Test worker] DEBUG o.s.w.r.r.m.a.RequestMappingHandlerMapping - 4 mappings in 'requestMappingHandlerMapping'
22:42:45.500 [Test worker] DEBUG o.s.w.r.r.m.a.ControllerMethodResolver - ControllerAdvice beans: none
22:42:45.519 [Test worker] DEBUG o.s.w.s.a.HttpWebHandlerAdapter - enableLoggingRequestDetails='false': form data and headers will be masked to prevent unsafe logging of potentially sensitive data
22:42:45.519 [Test worker] WARN  o.e.j.s.h.ContextHandler - Empty contextPath
22:42:45.519 [Test worker] INFO  o.e.j.s.h.ContextHandler - Started o.e.j.s.ServletContextHandler@bcadbc3{/,null,AVAILABLE}
22:42:45.519 [Test worker] DEBUG o.s.h.s.r.b.JettyHttpServer - Starting JettyHttpServer...
22:42:45.519 [Test worker] INFO  o.e.j.s.Server - jetty-9.4.18.v20190429; built: 2019-04-29T20:42:08.989Z; git: e1bc35120a6617ee3df052294e433f3a25ce7097; jvm 1.8.0_211-b12
22:42:45.521 [Test worker] INFO  o.e.j.s.AbstractConnector - Started ServerConnector@69ab5ae1{HTTP/1.1,[http/1.1]}{0.0.0.0:54080}
22:42:45.521 [Test worker] INFO  o.e.j.s.Server - Started @37948ms
22:42:45.521 [Test worker] DEBUG o.s.h.s.r.b.JettyHttpServer - Server started on port 54080(0 millis).
22:42:45.522 [Test worker] DEBUG o.s.w.r.f.c.ExchangeFunctions - [215e44a7] HTTP GET http://localhost:54080/sse/string
22:42:45.524 [qtp719892870-2188] DEBUG o.s.w.s.a.HttpWebHandlerAdapter - [7dca8c70] HTTP GET "/sse/string"
22:42:45.524 [qtp719892870-2188] DEBUG o.s.w.r.r.m.a.RequestMappingHandlerMapping - [7dca8c70] Mapped to org.springframework.web.reactive.result.method.annotation.SseIntegrationTests$SseController#string()
22:42:45.525 [qtp719892870-2188] DEBUG o.s.w.r.r.m.a.ResponseBodyResultHandler - Using 'text/event-stream' given [text/event-stream] and supported [text/plain;charset=UTF-8, text/event-stream, text/plain;charset=UTF-8, */*]
22:42:45.525 [qtp719892870-2188] DEBUG o.s.w.r.r.m.a.ResponseBodyResultHandler - [7dca8c70] 0..N [java.lang.String]
22:42:45.576 [parallel-2] DEBUG o.s.h.c.j.Jackson2JsonEncoder - [12bceb31] Encoding [Person{name='foo 2'}]
22:42:45.576 [parallel-2] WARN  o.e.j.u.t.QueuedThreadPool - QueuedThreadPool[qtp502543868]@1df435fc{STOPPED,8<=0<=200,i=0,r=-1,q=0}[NO_TRY] rejected HttpChannelOverHttp@19ffb57e{r=1,c=true,c=false/false,a=ASYNC_WOKEN,uri=//localhost:54078/sse/person,age=304}
22:42:45.630 [reactor-http-nio-8] DEBUG o.s.w.r.f.c.ExchangeFunctions - [215e44a7] Response 200 OK
22:42:45.631 [reactor-http-nio-8] DEBUG o.s.c.c.StringDecoder - [215e44a7] Decoded "data:foo 0"
22:42:45.631 [reactor-http-nio-8] DEBUG o.s.c.c.StringDecoder - [215e44a7] Decoded ""
22:42:45.675 [parallel-2] DEBUG o.s.h.c.j.Jackson2JsonEncoder - [12bceb31] Encoding [Person{name='foo 3'}]
22:42:45.730 [reactor-http-nio-8] DEBUG o.s.c.c.StringDecoder - [215e44a7] Decoded "data:foo 1"
22:42:45.730 [reactor-http-nio-8] DEBUG o.s.c.c.StringDecoder - [215e44a7] Decoded ""
22:42:45.730 [reactor-http-nio-8] DEBUG o.s.w.r.f.c.ExchangeFunctions - [215e44a7] Cancel signal (to close connection)
22:42:45.730 [Test worker] DEBUG o.s.h.s.r.b.JettyHttpServer - Stopping JettyHttpServer...
22:42:45.730 [Test worker] INFO  o.e.j.s.h.ContextHandler - Stopped o.e.j.s.ServletContextHandler@bcadbc3{/,null,UNAVAILABLE}
22:42:45.731 [Test worker] INFO  o.e.j.s.AbstractConnector - Stopped ServerConnector@69ab5ae1{HTTP/1.1,[http/1.1]}{0.0.0.0:0}
22:42:45.731 [Test worker] DEBUG o.s.h.s.r.b.JettyHttpServer - Server stopped (0 millis).
22:42:45.736 [Test worker] DEBUG o.s.w.r.r.m.a.RequestMappingHandlerMapping - 4 mappings in 'requestMappingHandlerMapping'
22:42:45.753 [Test worker] DEBUG o.s.w.r.r.m.a.ControllerMethodResolver - ControllerAdvice beans: none
22:42:45.774 [Test worker] DEBUG o.s.w.s.a.HttpWebHandlerAdapter - enableLoggingRequestDetails='false': form data and headers will be masked to prevent unsafe logging of potentially sensitive data
22:42:45.774 [Test worker] WARN  o.e.j.s.h.ContextHandler - Empty contextPath
22:42:45.774 [Test worker] INFO  o.e.j.s.h.ContextHandler - Started o.e.j.s.ServletContextHandler@1cbe8fa1{/,null,AVAILABLE}
22:42:45.774 [Test worker] DEBUG o.s.h.s.r.b.JettyHttpServer - Starting JettyHttpServer...
22:42:45.774 [Test worker] INFO  o.e.j.s.Server - jetty-9.4.18.v20190429; built: 2019-04-29T20:42:08.989Z; git: e1bc35120a6617ee3df052294e433f3a25ce7097; jvm 1.8.0_211-b12
22:42:45.775 [Test worker] INFO  o.e.j.s.AbstractConnector - Started ServerConnector@40ce1c1{HTTP/1.1,[http/1.1]}{0.0.0.0:54085}
22:42:45.775 [Test worker] INFO  o.e.j.s.Server - Started @38202ms
22:42:45.775 [Test worker] DEBUG o.s.h.s.r.b.JettyHttpServer - Server started on port 54085(0 millis).
22:42:45.776 [Test worker] DEBUG o.s.w.r.f.c.ExchangeFunctions - [254d1c2a] HTTP GET http://localhost:54085/sse/event
22:42:45.779 [qtp1035016376-2202] DEBUG o.s.w.s.a.HttpWebHandlerAdapter - [2e2a5c2f] HTTP GET "/sse/event"
22:42:45.779 [qtp1035016376-2202] DEBUG o.s.w.r.r.m.a.RequestMappingHandlerMapping - [2e2a5c2f] Mapped to org.springframework.web.reactive.result.method.annotation.SseIntegrationTests$SseController#sse()
22:42:45.780 [qtp1035016376-2202] DEBUG o.s.w.r.r.m.a.ResponseBodyResultHandler - Using 'text/event-stream' given [text/event-stream] and supported [text/event-stream]
22:42:45.780 [qtp1035016376-2202] DEBUG o.s.w.r.r.m.a.ResponseBodyResultHandler - [2e2a5c2f] 0..N [org.springframework.http.codec.ServerSentEvent<org.springframework.web.reactive.result.method.annotation.SseIntegrationTests$Person>]
22:42:45.830 [parallel-3] WARN  o.e.j.u.t.QueuedThreadPool - QueuedThreadPool[qtp719892870]@2ae8b186{STOPPED,8<=0<=200,i=0,r=-1,q=0}[NO_TRY] rejected HttpChannelOverHttp@3f6f84c1{r=1,c=true,c=false/false,a=ASYNC_WOKEN,uri=//localhost:54080/sse/string,age=306}
22:42:45.883 [parallel-4] DEBUG o.s.h.c.j.Jackson2JsonEncoder - [2e2a5c2f] Encoding [Person{name='foo 0'}]
22:42:45.883 [reactor-http-nio-12] DEBUG o.s.w.r.f.c.ExchangeFunctions - [254d1c2a] Response 200 OK
22:42:45.884 [reactor-http-nio-12] DEBUG o.s.c.c.StringDecoder - [254d1c2a] Decoded "id:0"
22:42:45.884 [reactor-http-nio-12] DEBUG o.s.c.c.StringDecoder - [254d1c2a] Decoded ":bar 0"
22:42:45.885 [reactor-http-nio-12] DEBUG o.s.c.c.StringDecoder - [254d1c2a] Decoded "data:{"name":"foo 0"}"
22:42:45.885 [reactor-http-nio-12] DEBUG o.s.c.c.StringDecoder - [254d1c2a] Decoded ""
22:42:45.885 [reactor-http-nio-12] DEBUG o.s.h.c.j.Jackson2JsonDecoder - [254d1c2a] Decoded [Person{name='foo 0'}]
22:42:45.983 [parallel-4] DEBUG o.s.h.c.j.Jackson2JsonEncoder - [2e2a5c2f] Encoding [Person{name='foo 1'}]
22:42:45.984 [parallel-4] DEBUG o.s.w.s.a.HttpWebHandlerAdapter - [2e2a5c2f] Completed 200 OK
22:42:45.984 [reactor-http-nio-12] DEBUG o.s.c.c.StringDecoder - [254d1c2a] Decoded "id:1"
22:42:45.985 [reactor-http-nio-12] DEBUG o.s.c.c.StringDecoder - [254d1c2a] Decoded ":bar 1"
22:42:45.985 [reactor-http-nio-12] DEBUG o.s.c.c.StringDecoder - [254d1c2a] Decoded "data:{"name":"foo 1"}"
22:42:45.985 [reactor-http-nio-12] DEBUG o.s.c.c.StringDecoder - [254d1c2a] Decoded ""
22:42:45.985 [reactor-http-nio-12] DEBUG o.s.h.c.j.Jackson2JsonDecoder - [254d1c2a] Decoded [Person{name='foo 1'}]
22:42:45.985 [reactor-http-nio-12] DEBUG o.s.w.r.f.c.ExchangeFunctions - [254d1c2a] Cancel signal (to close connection)
22:42:45.985 [Test worker] DEBUG o.s.h.s.r.b.JettyHttpServer - Stopping JettyHttpServer...
22:42:45.985 [Test worker] INFO  o.e.j.s.h.ContextHandler - Stopped o.e.j.s.ServletContextHandler@1cbe8fa1{/,null,UNAVAILABLE}
22:42:45.986 [Test worker] INFO  o.e.j.s.AbstractConnector - Stopped ServerConnector@40ce1c1{HTTP/1.1,[http/1.1]}{0.0.0.0:0}
22:42:45.987 [Test worker] DEBUG o.s.h.s.r.b.JettyHttpServer - Server stopped (0 millis).
22:42:45.992 [Test worker] DEBUG o.s.w.r.r.m.a.RequestMappingHandlerMapping - 4 mappings in 'requestMappingHandlerMapping'
22:42:46.008 [Test worker] DEBUG o.s.w.r.r.m.a.ControllerMethodResolver - ControllerAdvice beans: none
22:42:46.028 [Test worker] DEBUG o.s.w.s.a.HttpWebHandlerAdapter - enableLoggingRequestDetails='false': form data and headers will be masked to prevent unsafe logging of potentially sensitive data
22:42:46.028 [Test worker] WARN  o.e.j.s.h.ContextHandler - Empty contextPath
22:42:46.028 [Test worker] INFO  o.e.j.s.h.ContextHandler - Started o.e.j.s.ServletContextHandler@3bfeecbe{/,null,AVAILABLE}
22:42:46.028 [Test worker] DEBUG o.s.h.s.r.b.JettyHttpServer - Starting JettyHttpServer...
22:42:46.028 [Test worker] INFO  o.e.j.s.Server - jetty-9.4.18.v20190429; built: 2019-04-29T20:42:08.989Z; git: e1bc35120a6617ee3df052294e433f3a25ce7097; jvm 1.8.0_211-b12
22:42:46.029 [Test worker] INFO  o.e.j.s.AbstractConnector - Started ServerConnector@33ef1646{HTTP/1.1,[http/1.1]}{0.0.0.0:54087}
22:42:46.030 [Test worker] INFO  o.e.j.s.Server - Started @38456ms
22:42:46.030 [Test worker] DEBUG o.s.h.s.r.b.JettyHttpServer - Server started on port 54087(0 millis).
22:42:46.071 [Test worker] DEBUG o.s.w.r.f.c.ExchangeFunctions - [5e4ce0ac] HTTP GET http://localhost:54087/sse/event
22:42:46.118 [qtp1657334297-2216] DEBUG o.s.w.s.a.HttpWebHandlerAdapter - [6d46738] HTTP GET "/sse/event"
22:42:46.119 [qtp1657334297-2216] DEBUG o.s.w.r.r.m.a.RequestMappingHandlerMapping - [6d46738] Mapped to org.springframework.web.reactive.result.method.annotation.SseIntegrationTests$SseController#sse()
22:42:46.119 [qtp1657334297-2216] DEBUG o.s.w.r.r.m.a.ResponseBodyResultHandler - Using 'text/event-stream' given [text/event-stream] and supported [text/event-stream]
22:42:46.119 [qtp1657334297-2216] DEBUG o.s.w.r.r.m.a.ResponseBodyResultHandler - [6d46738] 0..N [org.springframework.http.codec.ServerSentEvent<org.springframework.web.reactive.result.method.annotation.SseIntegrationTests$Person>]
22:42:46.220 [parallel-5] DEBUG o.s.h.c.j.Jackson2JsonEncoder - [6d46738] Encoding [Person{name='foo 0'}]
22:42:46.225 [HttpClient@437021f2-2226] DEBUG o.s.w.r.f.c.ExchangeFunctions - [5e4ce0ac] Response 200 OK
22:42:46.230 [HttpClient@437021f2-2226] DEBUG o.s.c.c.StringDecoder - [5e4ce0ac] Decoded "id:0"
22:42:46.230 [HttpClient@437021f2-2226] DEBUG o.s.c.c.StringDecoder - [5e4ce0ac] Decoded ":bar 0"
22:42:46.230 [HttpClient@437021f2-2226] DEBUG o.s.c.c.StringDecoder - [5e4ce0ac] Decoded "data:{"name":"foo 0"}"
22:42:46.230 [HttpClient@437021f2-2226] DEBUG o.s.c.c.StringDecoder - [5e4ce0ac] Decoded ""
22:42:46.230 [HttpClient@437021f2-2226] DEBUG o.s.h.c.j.Jackson2JsonDecoder - [5e4ce0ac] Decoded [Person{name='foo 0'}]
22:42:46.320 [parallel-5] DEBUG o.s.h.c.j.Jackson2JsonEncoder - [6d46738] Encoding [Person{name='foo 1'}]
22:42:46.320 [parallel-5] DEBUG o.s.w.s.a.HttpWebHandlerAdapter - [6d46738] Completed 200 OK
22:42:46.321 [HttpClient@437021f2-2218] DEBUG o.s.c.c.StringDecoder - [5e4ce0ac] Decoded "id:1"
22:42:46.321 [HttpClient@437021f2-2218] DEBUG o.s.c.c.StringDecoder - [5e4ce0ac] Decoded ":bar 1"
22:42:46.321 [HttpClient@437021f2-2218] DEBUG o.s.c.c.StringDecoder - [5e4ce0ac] Decoded "data:{"name":"foo 1"}"
22:42:46.321 [HttpClient@437021f2-2218] DEBUG o.s.c.c.StringDecoder - [5e4ce0ac] Decoded ""
22:42:46.322 [HttpClient@437021f2-2218] DEBUG o.s.h.c.j.Jackson2JsonDecoder - [5e4ce0ac] Decoded [Person{name='foo 1'}]
22:42:46.322 [HttpClient@437021f2-2218] DEBUG o.s.w.r.f.c.ExchangeFunctions - [5e4ce0ac] Cancel signal (to close connection)
22:42:46.322 [Test worker] DEBUG o.s.h.s.r.b.JettyHttpServer - Stopping JettyHttpServer...
22:42:46.322 [Test worker] INFO  o.e.j.s.h.ContextHandler - Stopped o.e.j.s.ServletContextHandler@3bfeecbe{/,null,UNAVAILABLE}
22:42:46.323 [Test worker] INFO  o.e.j.s.AbstractConnector - Stopped ServerConnector@33ef1646{HTTP/1.1,[http/1.1]}{0.0.0.0:0}
22:42:46.323 [Test worker] DEBUG o.s.h.s.r.b.JettyHttpServer - Server stopped (0 millis).
22:42:46.328 [Test worker] DEBUG o.s.w.r.r.m.a.RequestMappingHandlerMapping - 4 mappings in 'requestMappingHandlerMapping'
22:42:46.343 [Test worker] DEBUG o.s.w.r.r.m.a.ControllerMethodResolver - ControllerAdvice beans: none
22:42:46.362 [Test worker] DEBUG o.s.w.s.a.HttpWebHandlerAdapter - enableLoggingRequestDetails='false': form data and headers will be masked to prevent unsafe logging of potentially sensitive data
22:42:46.362 [Test worker] WARN  o.e.j.s.h.ContextHandler - Empty contextPath
22:42:46.362 [Test worker] INFO  o.e.j.s.h.ContextHandler - Started o.e.j.s.ServletContextHandler@599bf406{/,null,AVAILABLE}
22:42:46.363 [Test worker] DEBUG o.s.h.s.r.b.JettyHttpServer - Starting JettyHttpServer...
22:42:46.363 [Test worker] INFO  o.e.j.s.Server - jetty-9.4.18.v20190429; built: 2019-04-29T20:42:08.989Z; git: e1bc35120a6617ee3df052294e433f3a25ce7097; jvm 1.8.0_211-b12
22:42:46.364 [Test worker] INFO  o.e.j.s.AbstractConnector - Started ServerConnector@7fe16020{HTTP/1.1,[http/1.1]}{0.0.0.0:54089}
22:42:46.364 [Test worker] INFO  o.e.j.s.Server - Started @38791ms
22:42:46.364 [Test worker] DEBUG o.s.h.s.r.b.JettyHttpServer - Server started on port 54089(0 millis).
22:42:46.365 [Test worker] DEBUG o.s.w.r.f.c.ExchangeFunctions - [6e94c217] HTTP GET http://localhost:54089/sse/person
22:42:46.367 [qtp1202947864-2244] DEBUG o.s.w.s.a.HttpWebHandlerAdapter - [3174d52a] HTTP GET "/sse/person"
22:42:46.367 [qtp1202947864-2244] DEBUG o.s.w.r.r.m.a.RequestMappingHandlerMapping - [3174d52a] Mapped to org.springframework.web.reactive.result.method.annotation.SseIntegrationTests$SseController#person()
22:42:46.368 [qtp1202947864-2244] DEBUG o.s.w.r.r.m.a.ResponseBodyResultHandler - Using 'text/event-stream' given [text/event-stream] and supported [application/json, application/*+json, application/x-jackson-smile, application/*+x-jackson-smile, text/event-stream]
22:42:46.368 [qtp1202947864-2244] DEBUG o.s.w.r.r.m.a.ResponseBodyResultHandler - [3174d52a] 0..N [org.springframework.web.reactive.result.method.annotation.SseIntegrationTests$Person]
22:42:46.471 [parallel-6] DEBUG o.s.h.c.j.Jackson2JsonEncoder - [3174d52a] Encoding [Person{name='foo 0'}]
22:42:46.473 [HttpClient@437021f2-2219] DEBUG o.s.w.r.f.c.ExchangeFunctions - [6e94c217] Response 200 OK
22:42:46.473 [HttpClient@437021f2-2219] DEBUG o.s.c.c.StringDecoder - [6e94c217] Decoded "data:{"name":"foo 0"}"
22:42:46.473 [HttpClient@437021f2-2219] DEBUG o.s.c.c.StringDecoder - [6e94c217] Decoded ""
22:42:46.473 [HttpClient@437021f2-2219] DEBUG o.s.h.c.j.Jackson2JsonDecoder - [6e94c217] Decoded [Person{name='foo 0'}]
22:42:46.568 [parallel-6] DEBUG o.s.h.c.j.Jackson2JsonEncoder - [3174d52a] Encoding [Person{name='foo 1'}]
22:42:46.569 [HttpClient@437021f2-2231] DEBUG o.s.c.c.StringDecoder - [6e94c217] Decoded "data:{"name":"foo 1"}"
22:42:46.570 [HttpClient@437021f2-2231] DEBUG o.s.c.c.StringDecoder - [6e94c217] Decoded ""
22:42:46.570 [HttpClient@437021f2-2231] DEBUG o.s.h.c.j.Jackson2JsonDecoder - [6e94c217] Decoded [Person{name='foo 1'}]
22:42:46.570 [HttpClient@437021f2-2231] DEBUG o.s.w.r.f.c.ExchangeFunctions - [6e94c217] Cancel signal (to close connection)
22:42:46.570 [Test worker] DEBUG o.s.h.s.r.b.JettyHttpServer - Stopping JettyHttpServer...
22:42:46.570 [Test worker] INFO  o.e.j.s.h.ContextHandler - Stopped o.e.j.s.ServletContextHandler@599bf406{/,null,UNAVAILABLE}
22:42:46.571 [Test worker] INFO  o.e.j.s.AbstractConnector - Stopped ServerConnector@7fe16020{HTTP/1.1,[http/1.1]}{0.0.0.0:0}
22:42:46.571 [Test worker] DEBUG o.s.h.s.r.b.JettyHttpServer - Server stopped (0 millis).
22:42:46.576 [Test worker] DEBUG o.s.w.r.r.m.a.RequestMappingHandlerMapping - 4 mappings in 'requestMappingHandlerMapping'
22:42:46.591 [Test worker] DEBUG o.s.w.r.r.m.a.ControllerMethodResolver - ControllerAdvice beans: none
22:42:46.611 [Test worker] DEBUG o.s.w.s.a.HttpWebHandlerAdapter - enableLoggingRequestDetails='false': form data and headers will be masked to prevent unsafe logging of potentially sensitive data
22:42:46.611 [Test worker] WARN  o.e.j.s.h.ContextHandler - Empty contextPath
22:42:46.611 [Test worker] INFO  o.e.j.s.h.ContextHandler - Started o.e.j.s.ServletContextHandler@2c13feac{/,null,AVAILABLE}
22:42:46.611 [Test worker] DEBUG o.s.h.s.r.b.JettyHttpServer - Starting JettyHttpServer...
22:42:46.611 [Test worker] INFO  o.e.j.s.Server - jetty-9.4.18.v20190429; built: 2019-04-29T20:42:08.989Z; git: e1bc35120a6617ee3df052294e433f3a25ce7097; jvm 1.8.0_211-b12
22:42:46.613 [Test worker] INFO  o.e.j.s.AbstractConnector - Started ServerConnector@271dc2eb{HTTP/1.1,[http/1.1]}{0.0.0.0:54091}
22:42:46.613 [Test worker] INFO  o.e.j.s.Server - Started @39039ms
22:42:46.613 [Test worker] DEBUG o.s.h.s.r.b.JettyHttpServer - Server started on port 54091(0 millis).
22:42:46.613 [Test worker] DEBUG o.s.w.r.f.c.ExchangeFunctions - [3622a7aa] HTTP GET http://localhost:54091/sse/string
22:42:46.614 [qtp2053883150-2258] DEBUG o.s.w.s.a.HttpWebHandlerAdapter - [543519ed] HTTP GET "/sse/string"
22:42:46.615 [qtp2053883150-2258] DEBUG o.s.w.r.r.m.a.RequestMappingHandlerMapping - [543519ed] Mapped to org.springframework.web.reactive.result.method.annotation.SseIntegrationTests$SseController#string()
22:42:46.615 [qtp2053883150-2258] DEBUG o.s.w.r.r.m.a.ResponseBodyResultHandler - Using 'text/event-stream' given [text/event-stream] and supported [text/plain;charset=UTF-8, text/event-stream, text/plain;charset=UTF-8, */*]
22:42:46.615 [qtp2053883150-2258] DEBUG o.s.w.r.r.m.a.ResponseBodyResultHandler - [543519ed] 0..N [java.lang.String]
22:42:46.671 [parallel-6] DEBUG o.s.h.c.j.Jackson2JsonEncoder - [3174d52a] Encoding [Person{name='foo 2'}]
22:42:46.671 [parallel-6] WARN  o.e.j.u.t.QueuedThreadPool - QueuedThreadPool[qtp1202947864]@47b38718{STOPPED,8<=0<=200,i=0,r=-1,q=0}[NO_TRY] rejected HttpChannelOverHttp@19a9aca1{r=1,c=true,c=false/false,a=ASYNC_WOKEN,uri=//localhost:54089/sse/person,age=304}
22:42:46.717 [HttpClient@437021f2-2220] DEBUG o.s.w.r.f.c.ExchangeFunctions - [3622a7aa] Response 200 OK
22:42:46.718 [HttpClient@437021f2-2220] DEBUG o.s.c.c.StringDecoder - [3622a7aa] Decoded "data:foo 0"
22:42:46.718 [HttpClient@437021f2-2220] DEBUG o.s.c.c.StringDecoder - [3622a7aa] Decoded ""
22:42:46.769 [parallel-6] DEBUG o.s.h.c.j.Jackson2JsonEncoder - [3174d52a] Encoding [Person{name='foo 3'}]
22:42:46.819 [HttpClient@437021f2-2232] DEBUG o.s.c.c.StringDecoder - [3622a7aa] Decoded "data:foo 1"
22:42:46.819 [HttpClient@437021f2-2232] DEBUG o.s.c.c.StringDecoder - [3622a7aa] Decoded ""
22:42:46.819 [HttpClient@437021f2-2232] DEBUG o.s.w.r.f.c.ExchangeFunctions - [3622a7aa] Cancel signal (to close connection)
22:42:46.819 [Test worker] DEBUG o.s.h.s.r.b.JettyHttpServer - Stopping JettyHttpServer...
22:42:46.819 [Test worker] INFO  o.e.j.s.h.ContextHandler - Stopped o.e.j.s.ServletContextHandler@2c13feac{/,null,UNAVAILABLE}
22:42:46.820 [Test worker] INFO  o.e.j.s.AbstractConnector - Stopped ServerConnector@271dc2eb{HTTP/1.1,[http/1.1]}{0.0.0.0:0}
22:42:46.821 [Test worker] DEBUG o.s.h.s.r.b.JettyHttpServer - Server stopped (0 millis).
22:42:46.825 [Test worker] DEBUG o.s.w.r.r.m.a.RequestMappingHandlerMapping - 4 mappings in 'requestMappingHandlerMapping'
22:42:46.840 [Test worker] DEBUG o.s.w.r.r.m.a.ControllerMethodResolver - ControllerAdvice beans: none
22:42:46.861 [Test worker] DEBUG o.s.w.s.a.HttpWebHandlerAdapter - enableLoggingRequestDetails='false': form data and headers will be masked to prevent unsafe logging of potentially sensitive data
22:42:46.861 [Test worker] WARN  o.e.j.s.h.ContextHandler - Empty contextPath
22:42:46.861 [Test worker] INFO  o.e.j.s.h.ContextHandler - Started o.e.j.s.ServletContextHandler@449db6d6{/,null,AVAILABLE}
22:42:46.861 [Test worker] DEBUG o.s.h.s.r.b.JettyHttpServer - Starting JettyHttpServer...
22:42:46.861 [Test worker] INFO  o.e.j.s.Server - jetty-9.4.18.v20190429; built: 2019-04-29T20:42:08.989Z; git: e1bc35120a6617ee3df052294e433f3a25ce7097; jvm 1.8.0_211-b12
22:42:46.863 [Test worker] INFO  o.e.j.s.AbstractConnector - Started ServerConnector@714716b{HTTP/1.1,[http/1.1]}{0.0.0.0:54093}
22:42:46.863 [Test worker] INFO  o.e.j.s.Server - Started @39289ms
22:42:46.863 [Test worker] DEBUG o.s.h.s.r.b.JettyHttpServer - Server started on port 54093(0 millis).
22:42:46.863 [Test worker] DEBUG o.s.w.r.f.c.ExchangeFunctions - [2296f8b8] HTTP GET http://localhost:54093/sse/event
22:42:46.865 [qtp718404128-2271] DEBUG o.s.w.s.a.HttpWebHandlerAdapter - [f6d99a] HTTP GET "/sse/event"
22:42:46.866 [qtp718404128-2271] DEBUG o.s.w.r.r.m.a.RequestMappingHandlerMapping - [f6d99a] Mapped to org.springframework.web.reactive.result.method.annotation.SseIntegrationTests$SseController#sse()
22:42:46.867 [qtp718404128-2271] DEBUG o.s.w.r.r.m.a.ResponseBodyResultHandler - Using 'text/event-stream' given [text/event-stream] and supported [text/event-stream]
22:42:46.867 [qtp718404128-2271] DEBUG o.s.w.r.r.m.a.ResponseBodyResultHandler - [f6d99a] 0..N [org.springframework.http.codec.ServerSentEvent<org.springframework.web.reactive.result.method.annotation.SseIntegrationTests$Person>]
22:42:46.918 [parallel-7] WARN  o.e.j.u.t.QueuedThreadPool - QueuedThreadPool[qtp2053883150]@7a6bc50e{STOPPED,8<=0<=200,i=0,r=-1,q=0}[NO_TRY] rejected HttpChannelOverHttp@760ab1f3{r=1,c=true,c=false/false,a=ASYNC_WOKEN,uri=//localhost:54091/sse/string,age=304}
22:42:46.970 [parallel-8] DEBUG o.s.h.c.j.Jackson2JsonEncoder - [f6d99a] Encoding [Person{name='foo 0'}]
22:42:46.971 [HttpClient@437021f2-2221] DEBUG o.s.w.r.f.c.ExchangeFunctions - [2296f8b8] Response 200 OK
22:42:46.971 [HttpClient@437021f2-2221] DEBUG o.s.c.c.StringDecoder - [2296f8b8] Decoded "id:0"
22:42:46.971 [HttpClient@437021f2-2221] DEBUG o.s.c.c.StringDecoder - [2296f8b8] Decoded ":bar 0"
22:42:46.972 [HttpClient@437021f2-2221] DEBUG o.s.c.c.StringDecoder - [2296f8b8] Decoded "data:{"name":"foo 0"}"
22:42:46.972 [HttpClient@437021f2-2221] DEBUG o.s.c.c.StringDecoder - [2296f8b8] Decoded ""
22:42:46.972 [HttpClient@437021f2-2221] DEBUG o.s.h.c.j.Jackson2JsonDecoder - [2296f8b8] Decoded [Person{name='foo 0'}]
22:42:47.068 [parallel-8] DEBUG o.s.h.c.j.Jackson2JsonEncoder - [f6d99a] Encoding [Person{name='foo 1'}]
22:42:47.069 [parallel-8] DEBUG o.s.w.s.a.HttpWebHandlerAdapter - [f6d99a] Completed 200 OK
22:42:47.070 [HttpClient@437021f2-2218] DEBUG o.s.c.c.StringDecoder - [2296f8b8] Decoded "id:1"
22:42:47.070 [HttpClient@437021f2-2218] DEBUG o.s.c.c.StringDecoder - [2296f8b8] Decoded ":bar 1"
22:42:47.070 [HttpClient@437021f2-2218] DEBUG o.s.c.c.StringDecoder - [2296f8b8] Decoded "data:{"name":"foo 1"}"
22:42:47.070 [HttpClient@437021f2-2218] DEBUG o.s.c.c.StringDecoder - [2296f8b8] Decoded ""
22:42:47.070 [HttpClient@437021f2-2218] DEBUG o.s.h.c.j.Jackson2JsonDecoder - [2296f8b8] Decoded [Person{name='foo 1'}]
22:42:47.070 [HttpClient@437021f2-2218] DEBUG o.s.w.r.f.c.ExchangeFunctions - [2296f8b8] Cancel signal (to close connection)
22:42:47.070 [Test worker] DEBUG o.s.h.s.r.b.JettyHttpServer - Stopping JettyHttpServer...
22:42:47.071 [Test worker] INFO  o.e.j.s.h.ContextHandler - Stopped o.e.j.s.ServletContextHandler@449db6d6{/,null,UNAVAILABLE}
22:42:47.072 [Test worker] INFO  o.e.j.s.AbstractConnector - Stopped ServerConnector@714716b{HTTP/1.1,[http/1.1]}{0.0.0.0:0}
22:42:47.073 [Test worker] DEBUG o.s.h.s.r.b.JettyHttpServer - Server stopped (0 millis).
22:42:47.077 [Test worker] DEBUG o.s.w.r.r.m.a.RequestMappingHandlerMapping - 4 mappings in 'requestMappingHandlerMapping'
22:42:47.092 [Test worker] DEBUG o.s.w.r.r.m.a.ControllerMethodResolver - ControllerAdvice beans: none
22:42:47.111 [Test worker] DEBUG o.s.w.s.a.HttpWebHandlerAdapter - enableLoggingRequestDetails='false': form data and headers will be masked to prevent unsafe logging of potentially sensitive data
22:42:47.111 [Test worker] DEBUG o.s.h.s.r.b.ReactorHttpServer - Starting ReactorHttpServer...
22:42:47.111 [Test worker] DEBUG o.s.h.s.r.b.ReactorHttpServer - Server started on port 54098(0 millis).
22:42:47.112 [Test worker] DEBUG o.s.h.s.r.b.ReactorHttpServer - Stopping ReactorHttpServer...
22:42:47.112 [Test worker] DEBUG o.s.h.s.r.b.ReactorHttpServer - Server stopped (0 millis).
22:42:47.118 [Test worker] DEBUG o.s.w.r.r.m.a.RequestMappingHandlerMapping - 4 mappings in 'requestMappingHandlerMapping'
22:42:47.134 [Test worker] DEBUG o.s.w.r.r.m.a.ControllerMethodResolver - ControllerAdvice beans: none
22:42:47.154 [Test worker] DEBUG o.s.w.s.a.HttpWebHandlerAdapter - enableLoggingRequestDetails='false': form data and headers will be masked to prevent unsafe logging of potentially sensitive data
22:42:47.154 [Test worker] DEBUG o.s.h.s.r.b.ReactorHttpServer - Starting ReactorHttpServer...
22:42:47.154 [Test worker] DEBUG o.s.h.s.r.b.ReactorHttpServer - Server started on port 54099(0 millis).
22:42:47.155 [Test worker] DEBUG o.s.w.r.f.c.ExchangeFunctions - [6538232] HTTP GET http://localhost:54099/sse/person
22:42:47.157 [reactor-http-nio-3] DEBUG o.s.w.s.a.HttpWebHandlerAdapter - [7d8f003f] HTTP GET "/sse/person"
22:42:47.157 [reactor-http-nio-3] DEBUG o.s.w.r.r.m.a.RequestMappingHandlerMapping - [7d8f003f] Mapped to org.springframework.web.reactive.result.method.annotation.SseIntegrationTests$SseController#person()
22:42:47.158 [reactor-http-nio-3] DEBUG o.s.w.r.r.m.a.ResponseBodyResultHandler - Using 'text/event-stream' given [text/event-stream] and supported [application/json, application/*+json, application/x-jackson-smile, application/*+x-jackson-smile, text/event-stream]
22:42:47.158 [reactor-http-nio-3] DEBUG o.s.w.r.r.m.a.ResponseBodyResultHandler - [7d8f003f] 0..N [org.springframework.web.reactive.result.method.annotation.SseIntegrationTests$Person]
22:42:47.263 [reactor-http-nio-3] DEBUG o.s.h.c.j.Jackson2JsonEncoder - [7d8f003f] Encoding [Person{name='foo 0'}]
22:42:47.263 [reactor-http-nio-2] DEBUG o.s.w.r.f.c.ExchangeFunctions - [6538232] Response 200 OK
22:42:47.271 [reactor-http-nio-2] DEBUG o.s.c.c.StringDecoder - [6538232] Decoded "data:{"name":"foo 0"}"
22:42:47.271 [reactor-http-nio-2] DEBUG o.s.c.c.StringDecoder - [6538232] Decoded ""
22:42:47.271 [reactor-http-nio-2] DEBUG o.s.h.c.j.Jackson2JsonDecoder - [6538232] Decoded [Person{name='foo 0'}]
22:42:47.363 [parallel-9] DEBUG o.s.h.c.j.Jackson2JsonEncoder - [7d8f003f] Encoding [Person{name='foo 1'}]
22:42:47.364 [reactor-http-nio-2] DEBUG o.s.c.c.StringDecoder - [6538232] Decoded "data:{"name":"foo 1"}"
22:42:47.364 [reactor-http-nio-2] DEBUG o.s.c.c.StringDecoder - [6538232] Decoded ""
22:42:47.364 [reactor-http-nio-2] DEBUG o.s.h.c.j.Jackson2JsonDecoder - [6538232] Decoded [Person{name='foo 1'}]
22:42:47.364 [reactor-http-nio-2] DEBUG o.s.w.r.f.c.ExchangeFunctions - [6538232] Cancel signal (to close connection)
22:42:47.364 [Test worker] DEBUG o.s.h.s.r.b.ReactorHttpServer - Stopping ReactorHttpServer...
22:42:47.364 [Test worker] DEBUG o.s.h.s.r.b.ReactorHttpServer - Server stopped (0 millis).
22:42:47.369 [Test worker] DEBUG o.s.w.r.r.m.a.RequestMappingHandlerMapping - 4 mappings in 'requestMappingHandlerMapping'
22:42:47.384 [Test worker] DEBUG o.s.w.r.r.m.a.ControllerMethodResolver - ControllerAdvice beans: none
22:42:47.402 [Test worker] DEBUG o.s.w.s.a.HttpWebHandlerAdapter - enableLoggingRequestDetails='false': form data and headers will be masked to prevent unsafe logging of potentially sensitive data
22:42:47.402 [Test worker] DEBUG o.s.h.s.r.b.ReactorHttpServer - Starting ReactorHttpServer...
22:42:47.403 [Test worker] DEBUG o.s.h.s.r.b.ReactorHttpServer - Server started on port 54101(0 millis).
22:42:47.404 [Test worker] DEBUG o.s.w.r.f.c.ExchangeFunctions - [2da80df0] HTTP GET http://localhost:54101/sse/string
22:42:47.405 [reactor-http-nio-9] DEBUG o.s.w.s.a.HttpWebHandlerAdapter - [b11be3e1] HTTP GET "/sse/string"
22:42:47.406 [reactor-http-nio-9] DEBUG o.s.w.r.r.m.a.RequestMappingHandlerMapping - [b11be3e1] Mapped to org.springframework.web.reactive.result.method.annotation.SseIntegrationTests$SseController#string()
22:42:47.406 [reactor-http-nio-9] DEBUG o.s.w.r.r.m.a.ResponseBodyResultHandler - Using 'text/event-stream' given [text/event-stream] and supported [text/plain;charset=UTF-8, text/event-stream, text/plain;charset=UTF-8, */*]
22:42:47.406 [reactor-http-nio-9] DEBUG o.s.w.r.r.m.a.ResponseBodyResultHandler - [b11be3e1] 0..N [java.lang.String]
22:42:47.463 [parallel-9] DEBUG o.s.h.c.j.Jackson2JsonEncoder - [7d8f003f] Encoding [Person{name='foo 2'}]
22:42:47.511 [reactor-http-nio-8] DEBUG o.s.w.r.f.c.ExchangeFunctions - [2da80df0] Response 200 OK
22:42:47.512 [reactor-http-nio-8] DEBUG o.s.c.c.StringDecoder - [2da80df0] Decoded "data:foo 0"
22:42:47.512 [reactor-http-nio-8] DEBUG o.s.c.c.StringDecoder - [2da80df0] Decoded ""
22:42:47.563 [parallel-9] DEBUG o.s.h.c.j.Jackson2JsonEncoder - [7d8f003f] Encoding [Person{name='foo 3'}]
22:42:47.563 [reactor-http-nio-3] DEBUG o.s.w.s.DisconnectedClient - [7d8f003f] Client went away: java.io.IOException: Broken pipe (stacktrace at TRACE level for 'org.springframework.web.server.DisconnectedClient')
22:42:47.609 [reactor-http-nio-8] DEBUG o.s.c.c.StringDecoder - [2da80df0] Decoded "data:foo 1"
22:42:47.609 [reactor-http-nio-8] DEBUG o.s.c.c.StringDecoder - [2da80df0] Decoded ""
22:42:47.609 [reactor-http-nio-8] DEBUG o.s.w.r.f.c.ExchangeFunctions - [2da80df0] Cancel signal (to close connection)
22:42:47.609 [Test worker] DEBUG o.s.h.s.r.b.ReactorHttpServer - Stopping ReactorHttpServer...
22:42:47.610 [Test worker] DEBUG o.s.h.s.r.b.ReactorHttpServer - Server stopped (0 millis).
22:42:47.614 [Test worker] DEBUG o.s.w.r.r.m.a.RequestMappingHandlerMapping - 4 mappings in 'requestMappingHandlerMapping'
22:42:47.628 [Test worker] DEBUG o.s.w.r.r.m.a.ControllerMethodResolver - ControllerAdvice beans: none
22:42:47.647 [Test worker] DEBUG o.s.w.s.a.HttpWebHandlerAdapter - enableLoggingRequestDetails='false': form data and headers will be masked to prevent unsafe logging of potentially sensitive data
22:42:47.647 [Test worker] DEBUG o.s.h.s.r.b.ReactorHttpServer - Starting ReactorHttpServer...
22:42:47.647 [Test worker] DEBUG o.s.h.s.r.b.ReactorHttpServer - Server started on port 54103(0 millis).
22:42:47.648 [Test worker] DEBUG o.s.w.r.f.c.ExchangeFunctions - [243dd703] HTTP GET http://localhost:54103/sse/event
22:42:47.650 [reactor-http-nio-15] DEBUG o.s.w.s.a.HttpWebHandlerAdapter - [cd074713] HTTP GET "/sse/event"
22:42:47.650 [reactor-http-nio-15] DEBUG o.s.w.r.r.m.a.RequestMappingHandlerMapping - [cd074713] Mapped to org.springframework.web.reactive.result.method.annotation.SseIntegrationTests$SseController#sse()
22:42:47.651 [reactor-http-nio-15] DEBUG o.s.w.r.r.m.a.ResponseBodyResultHandler - Using 'text/event-stream' given [text/event-stream] and supported [text/event-stream]
22:42:47.651 [reactor-http-nio-15] DEBUG o.s.w.r.r.m.a.ResponseBodyResultHandler - [cd074713] 0..N [org.springframework.http.codec.ServerSentEvent<org.springframework.web.reactive.result.method.annotation.SseIntegrationTests$Person>]
22:42:47.753 [reactor-http-nio-15] DEBUG o.s.h.c.j.Jackson2JsonEncoder - [cd074713] Encoding [Person{name='foo 0'}]
22:42:47.754 [reactor-http-nio-14] DEBUG o.s.w.r.f.c.ExchangeFunctions - [243dd703] Response 200 OK
22:42:47.755 [reactor-http-nio-14] DEBUG o.s.c.c.StringDecoder - [243dd703] Decoded "id:0"
22:42:47.755 [reactor-http-nio-14] DEBUG o.s.c.c.StringDecoder - [243dd703] Decoded ":bar 0"
22:42:47.755 [reactor-http-nio-14] DEBUG o.s.c.c.StringDecoder - [243dd703] Decoded "data:{"name":"foo 0"}"
22:42:47.755 [reactor-http-nio-14] DEBUG o.s.c.c.StringDecoder - [243dd703] Decoded ""
22:42:47.755 [reactor-http-nio-14] DEBUG o.s.h.c.j.Jackson2JsonDecoder - [243dd703] Decoded [Person{name='foo 0'}]
22:42:47.810 [reactor-http-nio-9] DEBUG o.s.w.s.DisconnectedClient - [b11be3e1] Client went away: java.io.IOException: Broken pipe (stacktrace at TRACE level for 'org.springframework.web.server.DisconnectedClient')
22:42:47.853 [parallel-11] DEBUG o.s.h.c.j.Jackson2JsonEncoder - [cd074713] Encoding [Person{name='foo 1'}]
22:42:47.855 [reactor-http-nio-15] DEBUG o.s.w.s.a.HttpWebHandlerAdapter - [cd074713] Completed 200 OK
22:42:47.855 [reactor-http-nio-14] DEBUG o.s.c.c.StringDecoder - [243dd703] Decoded "id:1"
22:42:47.855 [reactor-http-nio-14] DEBUG o.s.c.c.StringDecoder - [243dd703] Decoded ":bar 1"
22:42:47.855 [reactor-http-nio-14] DEBUG o.s.c.c.StringDecoder - [243dd703] Decoded "data:{"name":"foo 1"}"
22:42:47.855 [reactor-http-nio-14] DEBUG o.s.c.c.StringDecoder - [243dd703] Decoded ""
22:42:47.856 [reactor-http-nio-14] DEBUG o.s.h.c.j.Jackson2JsonDecoder - [243dd703] Decoded [Person{name='foo 1'}]
22:42:47.856 [reactor-http-nio-14] DEBUG o.s.w.r.f.c.ExchangeFunctions - [243dd703] Cancel signal (to close connection)
22:42:47.856 [Test worker] DEBUG o.s.h.s.r.b.ReactorHttpServer - Stopping ReactorHttpServer...
22:42:47.856 [Test worker] DEBUG o.s.h.s.r.b.ReactorHttpServer - Server stopped (0 millis).
22:42:47.861 [Test worker] DEBUG o.s.w.r.r.m.a.RequestMappingHandlerMapping - 4 mappings in 'requestMappingHandlerMapping'
22:42:47.876 [Test worker] DEBUG o.s.w.r.r.m.a.ControllerMethodResolver - ControllerAdvice beans: none
22:42:47.894 [Test worker] DEBUG o.s.w.s.a.HttpWebHandlerAdapter - enableLoggingRequestDetails='false': form data and headers will be masked to prevent unsafe logging of potentially sensitive data
22:42:47.894 [Test worker] DEBUG o.s.h.s.r.b.ReactorHttpServer - Starting ReactorHttpServer...
22:42:47.895 [Test worker] DEBUG o.s.h.s.r.b.ReactorHttpServer - Server started on port 54105(0 millis).
22:42:47.895 [Test worker] DEBUG o.s.h.s.r.b.ReactorHttpServer - Stopping ReactorHttpServer...
22:42:47.895 [Test worker] DEBUG o.s.h.s.r.b.ReactorHttpServer - Server stopped (0 millis).
22:42:47.899 [Test worker] DEBUG o.s.w.r.r.m.a.RequestMappingHandlerMapping - 4 mappings in 'requestMappingHandlerMapping'
22:42:47.915 [Test worker] DEBUG o.s.w.r.r.m.a.ControllerMethodResolver - ControllerAdvice beans: none
22:42:47.934 [Test worker] DEBUG o.s.w.s.a.HttpWebHandlerAdapter - enableLoggingRequestDetails='false': form data and headers will be masked to prevent unsafe logging of potentially sensitive data
22:42:47.934 [Test worker] DEBUG o.s.h.s.r.b.ReactorHttpServer - Starting ReactorHttpServer...
22:42:47.935 [Test worker] DEBUG o.s.h.s.r.b.ReactorHttpServer - Server started on port 54106(0 millis).
22:42:47.936 [Test worker] DEBUG o.s.w.r.f.c.ExchangeFunctions - [489db456] HTTP GET http://localhost:54106/sse/person
22:42:47.938 [reactor-http-nio-2] DEBUG o.s.w.s.a.HttpWebHandlerAdapter - [c4064284] HTTP GET "/sse/person"
22:42:47.938 [reactor-http-nio-2] DEBUG o.s.w.r.r.m.a.RequestMappingHandlerMapping - [c4064284] Mapped to org.springframework.web.reactive.result.method.annotation.SseIntegrationTests$SseController#person()
22:42:47.939 [reactor-http-nio-2] DEBUG o.s.w.r.r.m.a.ResponseBodyResultHandler - Using 'text/event-stream' given [text/event-stream] and supported [application/json, application/*+json, application/x-jackson-smile, application/*+x-jackson-smile, text/event-stream]
22:42:47.939 [reactor-http-nio-2] DEBUG o.s.w.r.r.m.a.ResponseBodyResultHandler - [c4064284] 0..N [org.springframework.web.reactive.result.method.annotation.SseIntegrationTests$Person]
22:42:48.041 [reactor-http-nio-2] DEBUG o.s.h.c.j.Jackson2JsonEncoder - [c4064284] Encoding [Person{name='foo 0'}]
22:42:48.042 [HttpClient@7976757e-2284] DEBUG o.s.w.r.f.c.ExchangeFunctions - [489db456] Response 200 OK
22:42:48.043 [HttpClient@7976757e-2276] DEBUG o.s.c.c.StringDecoder - [489db456] Decoded "data:{"name":"foo 0"}"
22:42:48.043 [HttpClient@7976757e-2276] DEBUG o.s.c.c.StringDecoder - [489db456] Decoded ""
22:42:48.044 [HttpClient@7976757e-2276] DEBUG o.s.h.c.j.Jackson2JsonDecoder - [489db456] Decoded [Person{name='foo 0'}]
22:42:48.140 [parallel-12] DEBUG o.s.h.c.j.Jackson2JsonEncoder - [c4064284] Encoding [Person{name='foo 1'}]
22:42:48.142 [HttpClient@7976757e-2283] DEBUG o.s.c.c.StringDecoder - [489db456] Decoded "data:{"name":"foo 1"}"
22:42:48.142 [HttpClient@7976757e-2283] DEBUG o.s.c.c.StringDecoder - [489db456] Decoded ""
22:42:48.142 [HttpClient@7976757e-2283] DEBUG o.s.h.c.j.Jackson2JsonDecoder - [489db456] Decoded [Person{name='foo 1'}]
22:42:48.142 [HttpClient@7976757e-2283] DEBUG o.s.w.r.f.c.ExchangeFunctions - [489db456] Cancel signal (to close connection)
22:42:48.142 [Test worker] DEBUG o.s.h.s.r.b.ReactorHttpServer - Stopping ReactorHttpServer...
22:42:48.143 [Test worker] DEBUG o.s.h.s.r.b.ReactorHttpServer - Server stopped (0 millis).
22:42:48.147 [Test worker] DEBUG o.s.w.r.r.m.a.RequestMappingHandlerMapping - 4 mappings in 'requestMappingHandlerMapping'
22:42:48.161 [Test worker] DEBUG o.s.w.r.r.m.a.ControllerMethodResolver - ControllerAdvice beans: none
22:42:48.180 [Test worker] DEBUG o.s.w.s.a.HttpWebHandlerAdapter - enableLoggingRequestDetails='false': form data and headers will be masked to prevent unsafe logging of potentially sensitive data
22:42:48.180 [Test worker] DEBUG o.s.h.s.r.b.ReactorHttpServer - Starting ReactorHttpServer...
22:42:48.181 [Test worker] DEBUG o.s.h.s.r.b.ReactorHttpServer - Server started on port 54108(0 millis).
22:42:48.181 [Test worker] DEBUG o.s.w.r.f.c.ExchangeFunctions - [5cd05495] HTTP GET http://localhost:54108/sse/string
22:42:48.183 [reactor-http-nio-4] DEBUG o.s.w.s.a.HttpWebHandlerAdapter - [d59fda07] HTTP GET "/sse/string"
22:42:48.183 [reactor-http-nio-4] DEBUG o.s.w.r.r.m.a.RequestMappingHandlerMapping - [d59fda07] Mapped to org.springframework.web.reactive.result.method.annotation.SseIntegrationTests$SseController#string()
22:42:48.184 [reactor-http-nio-4] DEBUG o.s.w.r.r.m.a.ResponseBodyResultHandler - Using 'text/event-stream' given [text/event-stream] and supported [text/plain;charset=UTF-8, text/event-stream, text/plain;charset=UTF-8, */*]
22:42:48.184 [reactor-http-nio-4] DEBUG o.s.w.r.r.m.a.ResponseBodyResultHandler - [d59fda07] 0..N [java.lang.String]
22:42:48.244 [parallel-12] DEBUG o.s.h.c.j.Jackson2JsonEncoder - [c4064284] Encoding [Person{name='foo 2'}]
22:42:48.288 [HttpClient@7976757e-2277] DEBUG o.s.w.r.f.c.ExchangeFunctions - [5cd05495] Response 200 OK
22:42:48.289 [HttpClient@7976757e-2286] DEBUG o.s.c.c.StringDecoder - [5cd05495] Decoded "data:foo 0"
22:42:48.289 [HttpClient@7976757e-2286] DEBUG o.s.c.c.StringDecoder - [5cd05495] Decoded ""
22:42:48.344 [parallel-12] DEBUG o.s.h.c.j.Jackson2JsonEncoder - [c4064284] Encoding [Person{name='foo 3'}]
22:42:48.387 [HttpClient@7976757e-2284] DEBUG o.s.c.c.StringDecoder - [5cd05495] Decoded "data:foo 1"
22:42:48.387 [HttpClient@7976757e-2284] DEBUG o.s.c.c.StringDecoder - [5cd05495] Decoded ""
22:42:48.387 [HttpClient@7976757e-2284] DEBUG o.s.w.r.f.c.ExchangeFunctions - [5cd05495] Cancel signal (to close connection)
22:42:48.387 [Test worker] DEBUG o.s.h.s.r.b.ReactorHttpServer - Stopping ReactorHttpServer...
22:42:48.387 [Test worker] DEBUG o.s.h.s.r.b.ReactorHttpServer - Server stopped (0 millis).
22:42:48.392 [Test worker] DEBUG o.s.w.r.r.m.a.RequestMappingHandlerMapping - 4 mappings in 'requestMappingHandlerMapping'
22:42:48.407 [Test worker] DEBUG o.s.w.r.r.m.a.ControllerMethodResolver - ControllerAdvice beans: none
22:42:48.425 [Test worker] DEBUG o.s.w.s.a.HttpWebHandlerAdapter - enableLoggingRequestDetails='false': form data and headers will be masked to prevent unsafe logging of potentially sensitive data
22:42:48.425 [Test worker] DEBUG o.s.h.s.r.b.ReactorHttpServer - Starting ReactorHttpServer...
22:42:48.426 [Test worker] DEBUG o.s.h.s.r.b.ReactorHttpServer - Server started on port 54113(0 millis).
22:42:48.426 [Test worker] DEBUG o.s.w.r.f.c.ExchangeFunctions - [ff7dca2] HTTP GET http://localhost:54113/sse/event
22:42:48.428 [reactor-http-nio-6] DEBUG o.s.w.s.a.HttpWebHandlerAdapter - [dd5130e9] HTTP GET "/sse/event"
22:42:48.428 [reactor-http-nio-6] DEBUG o.s.w.r.r.m.a.RequestMappingHandlerMapping - [dd5130e9] Mapped to org.springframework.web.reactive.result.method.annotation.SseIntegrationTests$SseController#sse()
22:42:48.429 [reactor-http-nio-6] DEBUG o.s.w.r.r.m.a.ResponseBodyResultHandler - Using 'text/event-stream' given [text/event-stream] and supported [text/event-stream]
22:42:48.429 [reactor-http-nio-6] DEBUG o.s.w.r.r.m.a.ResponseBodyResultHandler - [dd5130e9] 0..N [org.springframework.http.codec.ServerSentEvent<org.springframework.web.reactive.result.method.annotation.SseIntegrationTests$Person>]
22:42:48.442 [parallel-12] DEBUG o.s.h.c.j.Jackson2JsonEncoder - [c4064284] Encoding [Person{name='foo 4'}]
22:42:48.535 [reactor-http-nio-6] DEBUG o.s.h.c.j.Jackson2JsonEncoder - [dd5130e9] Encoding [Person{name='foo 0'}]
22:42:48.536 [HttpClient@7976757e-2278] DEBUG o.s.w.r.f.c.ExchangeFunctions - [ff7dca2] Response 200 OK
22:42:48.538 [HttpClient@7976757e-2286] DEBUG o.s.c.c.StringDecoder - [ff7dca2] Decoded "id:0"
22:42:48.538 [HttpClient@7976757e-2286] DEBUG o.s.c.c.StringDecoder - [ff7dca2] Decoded ":bar 0"
22:42:48.538 [HttpClient@7976757e-2286] DEBUG o.s.c.c.StringDecoder - [ff7dca2] Decoded "data:{"name":"foo 0"}"
22:42:48.538 [HttpClient@7976757e-2286] DEBUG o.s.c.c.StringDecoder - [ff7dca2] Decoded ""
22:42:48.538 [HttpClient@7976757e-2286] DEBUG o.s.h.c.j.Jackson2JsonDecoder - [ff7dca2] Decoded [Person{name='foo 0'}]
22:42:48.544 [parallel-12] DEBUG o.s.h.c.j.Jackson2JsonEncoder - [c4064284] Encoding [Person{name='foo 5'}]
22:42:48.633 [parallel-14] DEBUG o.s.h.c.j.Jackson2JsonEncoder - [dd5130e9] Encoding [Person{name='foo 1'}]
22:42:48.634 [reactor-http-nio-6] DEBUG o.s.w.s.a.HttpWebHandlerAdapter - [dd5130e9] Completed 200 OK
22:42:48.635 [HttpClient@7976757e-2276] DEBUG o.s.c.c.StringDecoder - [ff7dca2] Decoded "id:1"
22:42:48.635 [HttpClient@7976757e-2276] DEBUG o.s.c.c.StringDecoder - [ff7dca2] Decoded ":bar 1"
22:42:48.635 [HttpClient@7976757e-2276] DEBUG o.s.c.c.StringDecoder - [ff7dca2] Decoded "data:{"name":"foo 1"}"
22:42:48.635 [HttpClient@7976757e-2276] DEBUG o.s.c.c.StringDecoder - [ff7dca2] Decoded ""
22:42:48.635 [HttpClient@7976757e-2276] DEBUG o.s.h.c.j.Jackson2JsonDecoder - [ff7dca2] Decoded [Person{name='foo 1'}]
22:42:48.635 [HttpClient@7976757e-2276] DEBUG o.s.w.r.f.c.ExchangeFunctions - [ff7dca2] Cancel signal (to close connection)
22:42:48.635 [Test worker] DEBUG o.s.h.s.r.b.ReactorHttpServer - Stopping ReactorHttpServer...
22:42:48.636 [Test worker] DEBUG o.s.h.s.r.b.ReactorHttpServer - Server stopped (0 millis).
22:42:48.640 [parallel-12] DEBUG o.s.h.c.j.Jackson2JsonEncoder - [c4064284] Encoding [Person{name='foo 6'}]
22:42:48.641 [Test worker] DEBUG o.s.w.r.r.m.a.RequestMappingHandlerMapping - 4 mappings in 'requestMappingHandlerMapping'
22:42:48.656 [Test worker] DEBUG o.s.w.r.r.m.a.ControllerMethodResolver - ControllerAdvice beans: none
22:42:48.675 [Test worker] DEBUG o.s.w.s.a.HttpWebHandlerAdapter - enableLoggingRequestDetails='false': form data and headers will be masked to prevent unsafe logging of potentially sensitive data
22:42:48.676 [Test worker] DEBUG o.s.h.s.r.b.TomcatHttpServer - Starting TomcatHttpServer...
22:42:48.681 [Test worker] DEBUG o.s.h.s.r.b.TomcatHttpServer - Server started on port 54115(0 millis).
22:42:48.681 [Test worker] DEBUG o.s.h.s.r.b.TomcatHttpServer - Stopping TomcatHttpServer...
22:42:48.691 [Test worker] DEBUG o.s.h.s.r.b.TomcatHttpServer - Server stopped (0 millis).
22:42:48.701 [Test worker] DEBUG o.s.w.r.r.m.a.RequestMappingHandlerMapping - 4 mappings in 'requestMappingHandlerMapping'
22:42:48.716 [Test worker] DEBUG o.s.w.r.r.m.a.ControllerMethodResolver - ControllerAdvice beans: none
22:42:48.735 [Test worker] DEBUG o.s.w.s.a.HttpWebHandlerAdapter - enableLoggingRequestDetails='false': form data and headers will be masked to prevent unsafe logging of potentially sensitive data
22:42:48.735 [Test worker] DEBUG o.s.h.s.r.b.TomcatHttpServer - Starting TomcatHttpServer...
22:42:48.739 [parallel-12] DEBUG o.s.h.c.j.Jackson2JsonEncoder - [c4064284] Encoding [Person{name='foo 7'}]
22:42:48.740 [Test worker] DEBUG o.s.h.s.r.b.TomcatHttpServer - Server started on port 54117(0 millis).
22:42:48.740 [Test worker] DEBUG o.s.w.r.f.c.ExchangeFunctions - [57027dba] HTTP GET http://localhost:54117/sse/person
22:42:48.742 [http-nio-auto-48-exec-1] DEBUG o.s.w.s.a.HttpWebHandlerAdapter - [4b61bffe] HTTP GET "/sse/person"
22:42:48.742 [http-nio-auto-48-exec-1] DEBUG o.s.w.r.r.m.a.RequestMappingHandlerMapping - [4b61bffe] Mapped to org.springframework.web.reactive.result.method.annotation.SseIntegrationTests$SseController#person()
22:42:48.742 [http-nio-auto-48-exec-1] DEBUG o.s.w.r.r.m.a.ResponseBodyResultHandler - Using 'text/event-stream' given [text/event-stream] and supported [application/json, application/*+json, application/x-jackson-smile, application/*+x-jackson-smile, text/event-stream]
22:42:48.742 [http-nio-auto-48-exec-1] DEBUG o.s.w.r.r.m.a.ResponseBodyResultHandler - [4b61bffe] 0..N [org.springframework.web.reactive.result.method.annotation.SseIntegrationTests$Person]
22:42:48.841 [parallel-12] DEBUG o.s.h.c.j.Jackson2JsonEncoder - [c4064284] Encoding [Person{name='foo 8'}]
22:42:48.846 [parallel-15] DEBUG o.s.h.c.j.Jackson2JsonEncoder - [4b61bffe] Encoding [Person{name='foo 0'}]
22:42:48.847 [reactor-http-nio-10] DEBUG o.s.w.r.f.c.ExchangeFunctions - [57027dba] Response 200 OK
22:42:48.848 [reactor-http-nio-10] DEBUG o.s.c.c.StringDecoder - [57027dba] Decoded "data:{"name":"foo 0"}"
22:42:48.848 [reactor-http-nio-10] DEBUG o.s.c.c.StringDecoder - [57027dba] Decoded ""
22:42:48.848 [reactor-http-nio-10] DEBUG o.s.h.c.j.Jackson2JsonDecoder - [57027dba] Decoded [Person{name='foo 0'}]
22:42:48.944 [parallel-12] DEBUG o.s.h.c.j.Jackson2JsonEncoder - [c4064284] Encoding [Person{name='foo 9'}]
22:42:48.944 [parallel-15] DEBUG o.s.h.c.j.Jackson2JsonEncoder - [4b61bffe] Encoding [Person{name='foo 1'}]
22:42:48.945 [reactor-http-nio-10] DEBUG o.s.c.c.StringDecoder - [57027dba] Decoded "data:{"name":"foo 1"}"
22:42:48.945 [reactor-http-nio-10] DEBUG o.s.c.c.StringDecoder - [57027dba] Decoded ""
22:42:48.945 [reactor-http-nio-10] DEBUG o.s.h.c.j.Jackson2JsonDecoder - [57027dba] Decoded [Person{name='foo 1'}]
22:42:48.945 [reactor-http-nio-10] DEBUG o.s.w.r.f.c.ExchangeFunctions - [57027dba] Cancel signal (to close connection)
22:42:48.945 [Test worker] DEBUG o.s.h.s.r.b.TomcatHttpServer - Stopping TomcatHttpServer...
22:42:49.042 [parallel-12] DEBUG o.s.h.c.j.Jackson2JsonEncoder - [c4064284] Encoding [Person{name='foo 10'}]
22:42:49.043 [parallel-15] DEBUG o.s.h.c.j.Jackson2JsonEncoder - [4b61bffe] Encoding [Person{name='foo 2'}]
22:42:49.144 [parallel-12] DEBUG o.s.h.c.j.Jackson2JsonEncoder - [c4064284] Encoding [Person{name='foo 11'}]
22:42:49.145 [parallel-15] DEBUG o.s.h.c.j.Jackson2JsonEncoder - [4b61bffe] Encoding [Person{name='foo 3'}]
22:42:49.148 [http-nio-auto-48-exec-2] DEBUG o.s.w.s.DisconnectedClient - [4b61bffe] Client went away: java.io.IOException: Broken pipe (stacktrace at TRACE level for 'org.springframework.web.server.DisconnectedClient')
22:42:49.148 [http-nio-auto-48-exec-2] DEBUG o.s.h.s.r.ServletHttpHandlerAdapter - [4b61bffe] Error notification: java.io.IOException: Broken pipe
22:42:49.164 [Test worker] DEBUG o.s.h.s.r.b.TomcatHttpServer - Server stopped (0 millis).
22:42:49.179 [Test worker] DEBUG o.s.w.r.r.m.a.RequestMappingHandlerMapping - 4 mappings in 'requestMappingHandlerMapping'
22:42:49.199 [Test worker] DEBUG o.s.w.r.r.m.a.ControllerMethodResolver - ControllerAdvice beans: none
22:42:49.222 [Test worker] DEBUG o.s.w.s.a.HttpWebHandlerAdapter - enableLoggingRequestDetails='false': form data and headers will be masked to prevent unsafe logging of potentially sensitive data
22:42:49.222 [Test worker] DEBUG o.s.h.s.r.b.TomcatHttpServer - Starting TomcatHttpServer...
22:42:49.226 [Test worker] DEBUG o.s.h.s.r.b.TomcatHttpServer - Server started on port 54120(0 millis).
22:42:49.227 [Test worker] DEBUG o.s.w.r.f.c.ExchangeFunctions - [482c93c4] HTTP GET http://localhost:54120/sse/string
22:42:49.228 [http-nio-auto-49-exec-1] DEBUG o.s.w.s.a.HttpWebHandlerAdapter - [173d24c9] HTTP GET "/sse/string"
22:42:49.228 [http-nio-auto-49-exec-1] DEBUG o.s.w.r.r.m.a.RequestMappingHandlerMapping - [173d24c9] Mapped to org.springframework.web.reactive.result.method.annotation.SseIntegrationTests$SseController#string()
22:42:49.229 [http-nio-auto-49-exec-1] DEBUG o.s.w.r.r.m.a.ResponseBodyResultHandler - Using 'text/event-stream' given [text/event-stream] and supported [text/plain;charset=UTF-8, text/event-stream, text/plain;charset=UTF-8, */*]
22:42:49.229 [http-nio-auto-49-exec-1] DEBUG o.s.w.r.r.m.a.ResponseBodyResultHandler - [173d24c9] 0..N [java.lang.String]
22:42:49.240 [parallel-12] DEBUG o.s.h.c.j.Jackson2JsonEncoder - [c4064284] Encoding [Person{name='foo 12'}]
22:42:49.333 [reactor-http-nio-14] DEBUG o.s.w.r.f.c.ExchangeFunctions - [482c93c4] Response 200 OK
22:42:49.334 [reactor-http-nio-14] DEBUG o.s.c.c.StringDecoder - [482c93c4] Decoded "data:foo 0"
22:42:49.334 [reactor-http-nio-14] DEBUG o.s.c.c.StringDecoder - [482c93c4] Decoded ""
22:42:49.343 [parallel-12] DEBUG o.s.h.c.j.Jackson2JsonEncoder - [c4064284] Encoding [Person{name='foo 13'}]
22:42:49.433 [reactor-http-nio-14] DEBUG o.s.c.c.StringDecoder - [482c93c4] Decoded "data:foo 1"
22:42:49.434 [reactor-http-nio-14] DEBUG o.s.c.c.StringDecoder - [482c93c4] Decoded ""
22:42:49.434 [reactor-http-nio-14] DEBUG o.s.w.r.f.c.ExchangeFunctions - [482c93c4] Cancel signal (to close connection)
22:42:49.434 [Test worker] DEBUG o.s.h.s.r.b.TomcatHttpServer - Stopping TomcatHttpServer...
22:42:49.441 [parallel-12] DEBUG o.s.h.c.j.Jackson2JsonEncoder - [c4064284] Encoding [Person{name='foo 14'}]
22:42:49.543 [parallel-12] DEBUG o.s.h.c.j.Jackson2JsonEncoder - [c4064284] Encoding [Person{name='foo 15'}]
22:42:49.635 [http-nio-auto-49-exec-2] DEBUG o.s.w.s.DisconnectedClient - [173d24c9] Client went away: java.io.IOException: Broken pipe (stacktrace at TRACE level for 'org.springframework.web.server.DisconnectedClient')
22:42:49.636 [http-nio-auto-49-exec-2] DEBUG o.s.h.s.r.ServletHttpHandlerAdapter - [173d24c9] Error notification: java.io.IOException: Broken pipe
22:42:49.640 [parallel-12] DEBUG o.s.h.c.j.Jackson2JsonEncoder - [c4064284] Encoding [Person{name='foo 16'}]
22:42:49.657 [Test worker] DEBUG o.s.h.s.r.b.TomcatHttpServer - Server stopped (0 millis).
22:42:49.672 [Test worker] DEBUG o.s.w.r.r.m.a.RequestMappingHandlerMapping - 4 mappings in 'requestMappingHandlerMapping'
22:42:49.692 [Test worker] DEBUG o.s.w.r.r.m.a.ControllerMethodResolver - ControllerAdvice beans: none
22:42:49.715 [Test worker] DEBUG o.s.w.s.a.HttpWebHandlerAdapter - enableLoggingRequestDetails='false': form data and headers will be masked to prevent unsafe logging of potentially sensitive data
22:42:49.715 [Test worker] DEBUG o.s.h.s.r.b.TomcatHttpServer - Starting TomcatHttpServer...
22:42:49.719 [Test worker] DEBUG o.s.h.s.r.b.TomcatHttpServer - Server started on port 54126(0 millis).
22:42:49.719 [Test worker] DEBUG o.s.w.r.f.c.ExchangeFunctions - [24cb8cac] HTTP GET http://localhost:54126/sse/event
22:42:49.721 [http-nio-auto-50-exec-1] DEBUG o.s.w.s.a.HttpWebHandlerAdapter - [78bbaf10] HTTP GET "/sse/event"
22:42:49.721 [http-nio-auto-50-exec-1] DEBUG o.s.w.r.r.m.a.RequestMappingHandlerMapping - [78bbaf10] Mapped to org.springframework.web.reactive.result.method.annotation.SseIntegrationTests$SseController#sse()
22:42:49.721 [http-nio-auto-50-exec-1] DEBUG o.s.w.r.r.m.a.ResponseBodyResultHandler - Using 'text/event-stream' given [text/event-stream] and supported [text/event-stream]
22:42:49.721 [http-nio-auto-50-exec-1] DEBUG o.s.w.r.r.m.a.ResponseBodyResultHandler - [78bbaf10] 0..N [org.springframework.http.codec.ServerSentEvent<org.springframework.web.reactive.result.method.annotation.SseIntegrationTests$Person>]
22:42:49.742 [parallel-12] DEBUG o.s.h.c.j.Jackson2JsonEncoder - [c4064284] Encoding [Person{name='foo 17'}]
22:42:49.827 [parallel-1] DEBUG o.s.h.c.j.Jackson2JsonEncoder - [78bbaf10] Encoding [Person{name='foo 0'}]
22:42:49.827 [reactor-http-nio-2] DEBUG o.s.w.r.f.c.ExchangeFunctions - [24cb8cac] Response 200 OK
22:42:49.829 [reactor-http-nio-2] DEBUG o.s.c.c.StringDecoder - [24cb8cac] Decoded "id:0"
22:42:49.829 [reactor-http-nio-2] DEBUG o.s.c.c.StringDecoder - [24cb8cac] Decoded ":bar 0"
22:42:49.829 [reactor-http-nio-2] DEBUG o.s.c.c.StringDecoder - [24cb8cac] Decoded "data:{"name":"foo 0"}"
22:42:49.829 [reactor-http-nio-2] DEBUG o.s.c.c.StringDecoder - [24cb8cac] Decoded ""
22:42:49.829 [reactor-http-nio-2] DEBUG o.s.h.c.j.Jackson2JsonDecoder - [24cb8cac] Decoded [Person{name='foo 0'}]
22:42:49.842 [parallel-12] DEBUG o.s.h.c.j.Jackson2JsonEncoder - [c4064284] Encoding [Person{name='foo 18'}]
22:42:49.926 [parallel-1] DEBUG o.s.h.c.j.Jackson2JsonEncoder - [78bbaf10] Encoding [Person{name='foo 1'}]
22:42:49.927 [parallel-1] DEBUG o.s.w.s.a.HttpWebHandlerAdapter - [78bbaf10] Completed 200 OK
22:42:49.928 [reactor-http-nio-2] DEBUG o.s.c.c.StringDecoder - [24cb8cac] Decoded "id:1"
22:42:49.928 [reactor-http-nio-2] DEBUG o.s.c.c.StringDecoder - [24cb8cac] Decoded ":bar 1"
22:42:49.928 [reactor-http-nio-2] DEBUG o.s.c.c.StringDecoder - [24cb8cac] Decoded "data:{"name":"foo 1"}"
22:42:49.928 [reactor-http-nio-2] DEBUG o.s.c.c.StringDecoder - [24cb8cac] Decoded ""
22:42:49.928 [reactor-http-nio-2] DEBUG o.s.h.c.j.Jackson2JsonDecoder - [24cb8cac] Decoded [Person{name='foo 1'}]
22:42:49.928 [reactor-http-nio-2] DEBUG o.s.w.r.f.c.ExchangeFunctions - [24cb8cac] Cancel signal (to close connection)
22:42:49.928 [Test worker] DEBUG o.s.h.s.r.b.TomcatHttpServer - Stopping TomcatHttpServer...
22:42:49.937 [Test worker] DEBUG o.s.h.s.r.b.TomcatHttpServer - Server stopped (0 millis).
22:42:49.940 [parallel-12] DEBUG o.s.h.c.j.Jackson2JsonEncoder - [c4064284] Encoding [Person{name='foo 19'}]
22:42:49.949 [Test worker] DEBUG o.s.w.r.r.m.a.RequestMappingHandlerMapping - 4 mappings in 'requestMappingHandlerMapping'
22:42:49.966 [Test worker] DEBUG o.s.w.r.r.m.a.ControllerMethodResolver - ControllerAdvice beans: none
22:42:49.987 [Test worker] DEBUG o.s.w.s.a.HttpWebHandlerAdapter - enableLoggingRequestDetails='false': form data and headers will be masked to prevent unsafe logging of potentially sensitive data
22:42:49.987 [Test worker] DEBUG o.s.h.s.r.b.TomcatHttpServer - Starting TomcatHttpServer...
22:42:49.992 [Test worker] DEBUG o.s.h.s.r.b.TomcatHttpServer - Server started on port 54129(0 millis).
22:42:49.992 [Test worker] DEBUG o.s.h.s.r.b.TomcatHttpServer - Stopping TomcatHttpServer...
22:42:50.002 [Test worker] DEBUG o.s.h.s.r.b.TomcatHttpServer - Server stopped (0 millis).
22:42:50.011 [Test worker] DEBUG o.s.w.r.r.m.a.RequestMappingHandlerMapping - 4 mappings in 'requestMappingHandlerMapping'
22:42:50.027 [Test worker] DEBUG o.s.w.r.r.m.a.ControllerMethodResolver - ControllerAdvice beans: none
22:42:50.039 [parallel-12] DEBUG o.s.h.c.j.Jackson2JsonEncoder - [c4064284] Encoding [Person{name='foo 20'}]
22:42:50.047 [Test worker] DEBUG o.s.w.s.a.HttpWebHandlerAdapter - enableLoggingRequestDetails='false': form data and headers will be masked to prevent unsafe logging of potentially sensitive data
22:42:50.047 [Test worker] DEBUG o.s.h.s.r.b.TomcatHttpServer - Starting TomcatHttpServer...
22:42:50.052 [Test worker] DEBUG o.s.h.s.r.b.TomcatHttpServer - Server started on port 54131(0 millis).
22:42:50.054 [Test worker] DEBUG o.s.w.r.f.c.ExchangeFunctions - [2ecc69ed] HTTP GET http://localhost:54131/sse/person
22:42:50.056 [http-nio-auto-52-exec-1] DEBUG o.s.w.s.a.HttpWebHandlerAdapter - [39fa1c3c] HTTP GET "/sse/person"
22:42:50.057 [http-nio-auto-52-exec-1] DEBUG o.s.w.r.r.m.a.RequestMappingHandlerMapping - [39fa1c3c] Mapped to org.springframework.web.reactive.result.method.annotation.SseIntegrationTests$SseController#person()
22:42:50.057 [http-nio-auto-52-exec-1] DEBUG o.s.w.r.r.m.a.ResponseBodyResultHandler - Using 'text/event-stream' given [text/event-stream] and supported [application/json, application/*+json, application/x-jackson-smile, application/*+x-jackson-smile, text/event-stream]
22:42:50.057 [http-nio-auto-52-exec-1] DEBUG o.s.w.r.r.m.a.ResponseBodyResultHandler - [39fa1c3c] 0..N [org.springframework.web.reactive.result.method.annotation.SseIntegrationTests$Person]
22:42:50.140 [parallel-12] DEBUG o.s.h.c.j.Jackson2JsonEncoder - [c4064284] Encoding [Person{name='foo 21'}]
22:42:50.162 [parallel-2] DEBUG o.s.h.c.j.Jackson2JsonEncoder - [39fa1c3c] Encoding [Person{name='foo 0'}]
22:42:50.163 [HttpClient@7b114148-2387] DEBUG o.s.w.r.f.c.ExchangeFunctions - [2ecc69ed] Response 200 OK
22:42:50.163 [HttpClient@7b114148-2387] DEBUG o.s.c.c.StringDecoder - [2ecc69ed] Decoded "data:{"name":"foo 0"}"
22:42:50.163 [HttpClient@7b114148-2387] DEBUG o.s.c.c.StringDecoder - [2ecc69ed] Decoded ""
22:42:50.163 [HttpClient@7b114148-2387] DEBUG o.s.h.c.j.Jackson2JsonDecoder - [2ecc69ed] Decoded [Person{name='foo 0'}]
22:42:50.240 [parallel-12] DEBUG o.s.h.c.j.Jackson2JsonEncoder - [c4064284] Encoding [Person{name='foo 22'}]
22:42:50.262 [parallel-2] DEBUG o.s.h.c.j.Jackson2JsonEncoder - [39fa1c3c] Encoding [Person{name='foo 1'}]
22:42:50.263 [HttpClient@7b114148-2379] DEBUG o.s.c.c.StringDecoder - [2ecc69ed] Decoded "data:{"name":"foo 1"}"
22:42:50.263 [HttpClient@7b114148-2379] DEBUG o.s.c.c.StringDecoder - [2ecc69ed] Decoded ""
22:42:50.263 [HttpClient@7b114148-2379] DEBUG o.s.h.c.j.Jackson2JsonDecoder - [2ecc69ed] Decoded [Person{name='foo 1'}]
22:42:50.263 [HttpClient@7b114148-2379] DEBUG o.s.w.r.f.c.ExchangeFunctions - [2ecc69ed] Cancel signal (to close connection)
22:42:50.263 [Test worker] DEBUG o.s.h.s.r.b.TomcatHttpServer - Stopping TomcatHttpServer...
22:42:50.339 [parallel-12] DEBUG o.s.h.c.j.Jackson2JsonEncoder - [c4064284] Encoding [Person{name='foo 23'}]
22:42:50.361 [parallel-2] DEBUG o.s.h.c.j.Jackson2JsonEncoder - [39fa1c3c] Encoding [Person{name='foo 2'}]
22:42:50.443 [parallel-12] DEBUG o.s.h.c.j.Jackson2JsonEncoder - [c4064284] Encoding [Person{name='foo 24'}]
22:42:50.461 [parallel-2] DEBUG o.s.h.c.j.Jackson2JsonEncoder - [39fa1c3c] Encoding [Person{name='foo 3'}]
22:42:50.543 [parallel-12] DEBUG o.s.h.c.j.Jackson2JsonEncoder - [c4064284] Encoding [Person{name='foo 25'}]
22:42:50.561 [parallel-2] DEBUG o.s.h.c.j.Jackson2JsonEncoder - [39fa1c3c] Encoding [Person{name='foo 4'}]
22:42:50.639 [parallel-12] DEBUG o.s.h.c.j.Jackson2JsonEncoder - [c4064284] Encoding [Person{name='foo 26'}]
22:42:50.660 [parallel-2] DEBUG o.s.h.c.j.Jackson2JsonEncoder - [39fa1c3c] Encoding [Person{name='foo 5'}]
22:42:50.742 [parallel-12] DEBUG o.s.h.c.j.Jackson2JsonEncoder - [c4064284] Encoding [Person{name='foo 27'}]
22:42:50.758 [parallel-2] DEBUG o.s.h.c.j.Jackson2JsonEncoder - [39fa1c3c] Encoding [Person{name='foo 6'}]
22:42:50.844 [parallel-12] DEBUG o.s.h.c.j.Jackson2JsonEncoder - [c4064284] Encoding [Person{name='foo 28'}]
22:42:50.862 [parallel-2] DEBUG o.s.h.c.j.Jackson2JsonEncoder - [39fa1c3c] Encoding [Person{name='foo 7'}]
22:42:50.942 [parallel-12] DEBUG o.s.h.c.j.Jackson2JsonEncoder - [c4064284] Encoding [Person{name='foo 29'}]
22:42:50.959 [parallel-2] DEBUG o.s.h.c.j.Jackson2JsonEncoder - [39fa1c3c] Encoding [Person{name='foo 8'}]
22:42:51.040 [parallel-12] DEBUG o.s.h.c.j.Jackson2JsonEncoder - [c4064284] Encoding [Person{name='foo 30'}]
22:42:51.062 [parallel-2] DEBUG o.s.h.c.j.Jackson2JsonEncoder - [39fa1c3c] Encoding [Person{name='foo 9'}]
22:42:51.144 [parallel-12] DEBUG o.s.h.c.j.Jackson2JsonEncoder - [c4064284] Encoding [Person{name='foo 31'}]
22:42:51.159 [parallel-2] DEBUG o.s.h.c.j.Jackson2JsonEncoder - [39fa1c3c] Encoding [Person{name='foo 10'}]
22:42:51.244 [parallel-12] DEBUG o.s.h.c.j.Jackson2JsonEncoder - [c4064284] Encoding [Person{name='foo 32'}]
22:42:51.262 [parallel-2] DEBUG o.s.h.c.j.Jackson2JsonEncoder - [39fa1c3c] Encoding [Person{name='foo 11'}]
22:42:51.342 [parallel-12] DEBUG o.s.h.c.j.Jackson2JsonEncoder - [c4064284] Encoding [Person{name='foo 33'}]
22:42:51.360 [parallel-2] DEBUG o.s.h.c.j.Jackson2JsonEncoder - [39fa1c3c] Encoding [Person{name='foo 12'}]
22:42:51.441 [parallel-12] DEBUG o.s.h.c.j.Jackson2JsonEncoder - [c4064284] Encoding [Person{name='foo 34'}]
22:42:51.458 [parallel-2] DEBUG o.s.h.c.j.Jackson2JsonEncoder - [39fa1c3c] Encoding [Person{name='foo 13'}]
22:42:51.540 [parallel-12] DEBUG o.s.h.c.j.Jackson2JsonEncoder - [c4064284] Encoding [Person{name='foo 35'}]
22:42:51.561 [parallel-2] DEBUG o.s.h.c.j.Jackson2JsonEncoder - [39fa1c3c] Encoding [Person{name='foo 14'}]
22:42:51.644 [parallel-12] DEBUG o.s.h.c.j.Jackson2JsonEncoder - [c4064284] Encoding [Person{name='foo 36'}]
22:42:51.660 [parallel-2] DEBUG o.s.h.c.j.Jackson2JsonEncoder - [39fa1c3c] Encoding [Person{name='foo 15'}]
22:42:51.740 [parallel-12] DEBUG o.s.h.c.j.Jackson2JsonEncoder - [c4064284] Encoding [Person{name='foo 37'}]
22:42:51.763 [parallel-2] DEBUG o.s.h.c.j.Jackson2JsonEncoder - [39fa1c3c] Encoding [Person{name='foo 16'}]
22:42:51.842 [parallel-12] DEBUG o.s.h.c.j.Jackson2JsonEncoder - [c4064284] Encoding [Person{name='foo 38'}]
22:42:51.862 [parallel-2] DEBUG o.s.h.c.j.Jackson2JsonEncoder - [39fa1c3c] Encoding [Person{name='foo 17'}]
22:42:51.941 [parallel-12] DEBUG o.s.h.c.j.Jackson2JsonEncoder - [c4064284] Encoding [Person{name='foo 39'}]
22:42:51.960 [parallel-2] DEBUG o.s.h.c.j.Jackson2JsonEncoder - [39fa1c3c] Encoding [Person{name='foo 18'}]
22:42:52.042 [parallel-12] DEBUG o.s.h.c.j.Jackson2JsonEncoder - [c4064284] Encoding [Person{name='foo 40'}]
22:42:52.061 [parallel-2] DEBUG o.s.h.c.j.Jackson2JsonEncoder - [39fa1c3c] Encoding [Person{name='foo 19'}]
22:42:52.144 [parallel-12] DEBUG o.s.h.c.j.Jackson2JsonEncoder - [c4064284] Encoding [Person{name='foo 41'}]
22:42:52.161 [parallel-2] DEBUG o.s.h.c.j.Jackson2JsonEncoder - [39fa1c3c] Encoding [Person{name='foo 20'}]
22:42:52.242 [parallel-12] DEBUG o.s.h.c.j.Jackson2JsonEncoder - [c4064284] Encoding [Person{name='foo 42'}]
22:42:52.257 [parallel-2] DEBUG o.s.h.c.j.Jackson2JsonEncoder - [39fa1c3c] Encoding [Person{name='foo 21'}]
22:42:52.315 [Test worker] DEBUG o.s.h.s.r.b.TomcatHttpServer - Server stopped (0 millis).
22:42:52.329 [Test worker] DEBUG o.s.w.r.r.m.a.RequestMappingHandlerMapping - 4 mappings in 'requestMappingHandlerMapping'
22:42:52.342 [parallel-12] DEBUG o.s.h.c.j.Jackson2JsonEncoder - [c4064284] Encoding [Person{name='foo 43'}]
22:42:52.349 [Test worker] DEBUG o.s.w.r.r.m.a.ControllerMethodResolver - ControllerAdvice beans: none
22:42:52.358 [parallel-2] DEBUG o.s.h.c.j.Jackson2JsonEncoder - [39fa1c3c] Encoding [Person{name='foo 22'}]
22:42:52.372 [Test worker] DEBUG o.s.w.s.a.HttpWebHandlerAdapter - enableLoggingRequestDetails='false': form data and headers will be masked to prevent unsafe logging of potentially sensitive data
22:42:52.372 [Test worker] DEBUG o.s.h.s.r.b.TomcatHttpServer - Starting TomcatHttpServer...
22:42:52.378 [Test worker] DEBUG o.s.h.s.r.b.TomcatHttpServer - Server started on port 54141(0 millis).
22:42:52.378 [Test worker] DEBUG o.s.w.r.f.c.ExchangeFunctions - [55f16231] HTTP GET http://localhost:54141/sse/string
22:42:52.380 [http-nio-auto-53-exec-1] DEBUG o.s.w.s.a.HttpWebHandlerAdapter - [7c2bb0dc] HTTP GET "/sse/string"
22:42:52.380 [http-nio-auto-53-exec-1] DEBUG o.s.w.r.r.m.a.RequestMappingHandlerMapping - [7c2bb0dc] Mapped to org.springframework.web.reactive.result.method.annotation.SseIntegrationTests$SseController#string()
22:42:52.380 [http-nio-auto-53-exec-1] DEBUG o.s.w.r.r.m.a.ResponseBodyResultHandler - Using 'text/event-stream' given [text/event-stream] and supported [text/plain;charset=UTF-8, text/event-stream, text/plain;charset=UTF-8, */*]
22:42:52.380 [http-nio-auto-53-exec-1] DEBUG o.s.w.r.r.m.a.ResponseBodyResultHandler - [7c2bb0dc] 0..N [java.lang.String]
22:42:52.440 [parallel-12] DEBUG o.s.h.c.j.Jackson2JsonEncoder - [c4064284] Encoding [Person{name='foo 44'}]
22:42:52.484 [HttpClient@7b114148-2380] DEBUG o.s.w.r.f.c.ExchangeFunctions - [55f16231] Response 200 OK
22:42:52.484 [HttpClient@7b114148-2380] DEBUG o.s.c.c.StringDecoder - [55f16231] Decoded "data:foo 0"
22:42:52.484 [HttpClient@7b114148-2380] DEBUG o.s.c.c.StringDecoder - [55f16231] Decoded ""
22:42:52.544 [parallel-12] DEBUG o.s.h.c.j.Jackson2JsonEncoder - [c4064284] Encoding [Person{name='foo 45'}]
22:42:52.584 [HttpClient@7b114148-2386] DEBUG o.s.c.c.StringDecoder - [55f16231] Decoded "data:foo 1"
22:42:52.584 [HttpClient@7b114148-2386] DEBUG o.s.c.c.StringDecoder - [55f16231] Decoded ""
22:42:52.584 [HttpClient@7b114148-2386] DEBUG o.s.w.r.f.c.ExchangeFunctions - [55f16231] Cancel signal (to close connection)
22:42:52.584 [Test worker] DEBUG o.s.h.s.r.b.TomcatHttpServer - Stopping TomcatHttpServer...
22:42:52.644 [parallel-12] DEBUG o.s.h.c.j.Jackson2JsonEncoder - [c4064284] Encoding [Person{name='foo 46'}]
22:42:52.742 [parallel-12] DEBUG o.s.h.c.j.Jackson2JsonEncoder - [c4064284] Encoding [Person{name='foo 47'}]
22:42:52.844 [parallel-12] DEBUG o.s.h.c.j.Jackson2JsonEncoder - [c4064284] Encoding [Person{name='foo 48'}]
22:42:52.942 [parallel-12] DEBUG o.s.h.c.j.Jackson2JsonEncoder - [c4064284] Encoding [Person{name='foo 49'}]
22:42:52.943 [reactor-http-nio-2] DEBUG o.s.w.s.a.HttpWebHandlerAdapter - [c4064284] Completed 200 OK
22:42:53.187 [reactor-http-nio-4] DEBUG o.s.w.s.a.HttpWebHandlerAdapter - [d59fda07] Completed 200 OK
22:42:54.601 [Test worker] DEBUG o.s.h.s.r.b.TomcatHttpServer - Server stopped (0 millis).
22:42:54.616 [Test worker] DEBUG o.s.w.r.r.m.a.RequestMappingHandlerMapping - 4 mappings in 'requestMappingHandlerMapping'
22:42:54.637 [Test worker] DEBUG o.s.w.r.r.m.a.ControllerMethodResolver - ControllerAdvice beans: none
22:42:54.662 [Test worker] DEBUG o.s.w.s.a.HttpWebHandlerAdapter - enableLoggingRequestDetails='false': form data and headers will be masked to prevent unsafe logging of potentially sensitive data
22:42:54.662 [Test worker] DEBUG o.s.h.s.r.b.TomcatHttpServer - Starting TomcatHttpServer...
22:42:54.666 [Test worker] DEBUG o.s.h.s.r.b.TomcatHttpServer - Server started on port 54152(0 millis).
22:42:54.667 [Test worker] DEBUG o.s.w.r.f.c.ExchangeFunctions - [3ba336c3] HTTP GET http://localhost:54152/sse/event
22:42:54.668 [http-nio-auto-54-exec-1] DEBUG o.s.w.s.a.HttpWebHandlerAdapter - [1725a17a] HTTP GET "/sse/event"
22:42:54.669 [http-nio-auto-54-exec-1] DEBUG o.s.w.r.r.m.a.RequestMappingHandlerMapping - [1725a17a] Mapped to org.springframework.web.reactive.result.method.annotation.SseIntegrationTests$SseController#sse()
22:42:54.669 [http-nio-auto-54-exec-1] DEBUG o.s.w.r.r.m.a.ResponseBodyResultHandler - Using 'text/event-stream' given [text/event-stream] and supported [text/event-stream]
22:42:54.669 [http-nio-auto-54-exec-1] DEBUG o.s.w.r.r.m.a.ResponseBodyResultHandler - [1725a17a] 0..N [org.springframework.http.codec.ServerSentEvent<org.springframework.web.reactive.result.method.annotation.SseIntegrationTests$Person>]
22:42:54.771 [parallel-4] DEBUG o.s.h.c.j.Jackson2JsonEncoder - [1725a17a] Encoding [Person{name='foo 0'}]
22:42:54.772 [HttpClient@7b114148-2381] DEBUG o.s.w.r.f.c.ExchangeFunctions - [3ba336c3] Response 200 OK
22:42:54.772 [HttpClient@7b114148-2381] DEBUG o.s.c.c.StringDecoder - [3ba336c3] Decoded "id:0"
22:42:54.772 [HttpClient@7b114148-2381] DEBUG o.s.c.c.StringDecoder - [3ba336c3] Decoded ":bar 0"
22:42:54.773 [HttpClient@7b114148-2381] DEBUG o.s.c.c.StringDecoder - [3ba336c3] Decoded "data:{"name":"foo 0"}"
22:42:54.773 [HttpClient@7b114148-2381] DEBUG o.s.c.c.StringDecoder - [3ba336c3] Decoded ""
22:42:54.773 [HttpClient@7b114148-2381] DEBUG o.s.h.c.j.Jackson2JsonDecoder - [3ba336c3] Decoded [Person{name='foo 0'}]
22:42:54.871 [parallel-4] DEBUG o.s.h.c.j.Jackson2JsonEncoder - [1725a17a] Encoding [Person{name='foo 1'}]
22:42:54.872 [parallel-4] DEBUG o.s.w.s.a.HttpWebHandlerAdapter - [1725a17a] Completed 200 OK
22:42:54.873 [HttpClient@7b114148-2387] DEBUG o.s.c.c.StringDecoder - [3ba336c3] Decoded "id:1"
22:42:54.874 [HttpClient@7b114148-2387] DEBUG o.s.c.c.StringDecoder - [3ba336c3] Decoded ":bar 1"
22:42:54.874 [HttpClient@7b114148-2387] DEBUG o.s.c.c.StringDecoder - [3ba336c3] Decoded "data:{"name":"foo 1"}"
22:42:54.874 [HttpClient@7b114148-2387] DEBUG o.s.c.c.StringDecoder - [3ba336c3] Decoded ""
22:42:54.874 [HttpClient@7b114148-2387] DEBUG o.s.h.c.j.Jackson2JsonDecoder - [3ba336c3] Decoded [Person{name='foo 1'}]
22:42:54.874 [HttpClient@7b114148-2387] DEBUG o.s.w.r.f.c.ExchangeFunctions - [3ba336c3] Cancel signal (to close connection)
22:42:54.874 [Test worker] DEBUG o.s.h.s.r.b.TomcatHttpServer - Stopping TomcatHttpServer...
22:42:54.885 [Test worker] DEBUG o.s.h.s.r.b.TomcatHttpServer - Server stopped (0 millis).
22:42:54.897 [Test worker] DEBUG o.s.w.r.r.m.a.RequestMappingHandlerMapping - 4 mappings in 'requestMappingHandlerMapping'
22:42:54.914 [Test worker] DEBUG o.s.w.r.r.m.a.ControllerMethodResolver - ControllerAdvice beans: none
22:42:54.934 [Test worker] DEBUG o.s.w.s.a.HttpWebHandlerAdapter - enableLoggingRequestDetails='false': form data and headers will be masked to prevent unsafe logging of potentially sensitive data
22:42:54.934 [Test worker] DEBUG o.s.h.s.r.b.UndertowHttpServer - Starting UndertowHttpServer...
22:42:54.937 [Test worker] DEBUG o.s.h.s.r.b.UndertowHttpServer - Server started on port 54155(0 millis).
22:42:54.937 [Test worker] DEBUG o.s.h.s.r.b.UndertowHttpServer - Stopping UndertowHttpServer...
22:42:54.938 [Test worker] DEBUG o.s.h.s.r.b.UndertowHttpServer - Server stopped (0 millis).
22:42:54.942 [Test worker] DEBUG o.s.w.r.r.m.a.RequestMappingHandlerMapping - 4 mappings in 'requestMappingHandlerMapping'
22:42:54.957 [Test worker] DEBUG o.s.w.r.r.m.a.ControllerMethodResolver - ControllerAdvice beans: none
22:42:54.976 [Test worker] DEBUG o.s.w.s.a.HttpWebHandlerAdapter - enableLoggingRequestDetails='false': form data and headers will be masked to prevent unsafe logging of potentially sensitive data
22:42:54.976 [Test worker] DEBUG o.s.h.s.r.b.UndertowHttpServer - Starting UndertowHttpServer...
22:42:54.978 [Test worker] DEBUG o.s.h.s.r.b.UndertowHttpServer - Server started on port 54156(0 millis).
22:42:54.979 [Test worker] DEBUG o.s.w.r.f.c.ExchangeFunctions - [6d8b0cbd] HTTP GET http://localhost:54156/sse/person
22:42:54.980 [XNIO-47 I/O-2] DEBUG o.s.w.s.a.HttpWebHandlerAdapter - [5e00509b] HTTP GET "/sse/person"
22:42:54.980 [XNIO-47 I/O-2] DEBUG o.s.w.r.r.m.a.RequestMappingHandlerMapping - [5e00509b] Mapped to org.springframework.web.reactive.result.method.annotation.SseIntegrationTests$SseController#person()
22:42:54.981 [XNIO-47 I/O-2] DEBUG o.s.w.r.r.m.a.ResponseBodyResultHandler - Using 'text/event-stream' given [text/event-stream] and supported [application/json, application/*+json, application/x-jackson-smile, application/*+x-jackson-smile, text/event-stream]
22:42:54.981 [XNIO-47 I/O-2] DEBUG o.s.w.r.r.m.a.ResponseBodyResultHandler - [5e00509b] 0..N [org.springframework.web.reactive.result.method.annotation.SseIntegrationTests$Person]
22:42:55.083 [parallel-5] DEBUG o.s.h.c.j.Jackson2JsonEncoder - [5e00509b] Encoding [Person{name='foo 0'}]
22:42:55.083 [reactor-http-nio-6] DEBUG o.s.w.r.f.c.ExchangeFunctions - [6d8b0cbd] Response 200 OK
22:42:55.084 [reactor-http-nio-6] DEBUG o.s.c.c.StringDecoder - [6d8b0cbd] Decoded "data:{"name":"foo 0"}"
22:42:55.084 [reactor-http-nio-6] DEBUG o.s.c.c.StringDecoder - [6d8b0cbd] Decoded ""
22:42:55.084 [reactor-http-nio-6] DEBUG o.s.h.c.j.Jackson2JsonDecoder - [6d8b0cbd] Decoded [Person{name='foo 0'}]
22:42:55.183 [parallel-5] DEBUG o.s.h.c.j.Jackson2JsonEncoder - [5e00509b] Encoding [Person{name='foo 1'}]
22:42:55.184 [reactor-http-nio-6] DEBUG o.s.c.c.StringDecoder - [6d8b0cbd] Decoded "data:{"name":"foo 1"}"
22:42:55.184 [reactor-http-nio-6] DEBUG o.s.c.c.StringDecoder - [6d8b0cbd] Decoded ""
22:42:55.184 [reactor-http-nio-6] DEBUG o.s.h.c.j.Jackson2JsonDecoder - [6d8b0cbd] Decoded [Person{name='foo 1'}]
22:42:55.184 [reactor-http-nio-6] DEBUG o.s.w.r.f.c.ExchangeFunctions - [6d8b0cbd] Cancel signal (to close connection)
22:42:55.184 [Test worker] DEBUG o.s.h.s.r.b.UndertowHttpServer - Stopping UndertowHttpServer...
22:42:55.184 [Test worker] DEBUG o.s.h.s.r.b.UndertowHttpServer - Server stopped (0 millis).
22:42:55.189 [Test worker] DEBUG o.s.w.r.r.m.a.RequestMappingHandlerMapping - 4 mappings in 'requestMappingHandlerMapping'
22:42:55.204 [Test worker] DEBUG o.s.w.r.r.m.a.ControllerMethodResolver - ControllerAdvice beans: none
22:42:55.223 [Test worker] DEBUG o.s.w.s.a.HttpWebHandlerAdapter - enableLoggingRequestDetails='false': form data and headers will be masked to prevent unsafe logging of potentially sensitive data
22:42:55.223 [Test worker] DEBUG o.s.h.s.r.b.UndertowHttpServer - Starting UndertowHttpServer...
22:42:55.225 [Test worker] DEBUG o.s.h.s.r.b.UndertowHttpServer - Server started on port 54158(0 millis).
22:42:55.225 [Test worker] DEBUG o.s.w.r.f.c.ExchangeFunctions - [28300524] HTTP GET http://localhost:54158/sse/string
22:42:55.227 [XNIO-48 I/O-2] DEBUG o.s.w.s.a.HttpWebHandlerAdapter - [2206d5ee] HTTP GET "/sse/string"
22:42:55.227 [XNIO-48 I/O-2] DEBUG o.s.w.r.r.m.a.RequestMappingHandlerMapping - [2206d5ee] Mapped to org.springframework.web.reactive.result.method.annotation.SseIntegrationTests$SseController#string()
22:42:55.227 [XNIO-48 I/O-2] DEBUG o.s.w.r.r.m.a.ResponseBodyResultHandler - Using 'text/event-stream' given [text/event-stream] and supported [text/plain;charset=UTF-8, text/event-stream, text/plain;charset=UTF-8, */*]
22:42:55.227 [XNIO-48 I/O-2] DEBUG o.s.w.r.r.m.a.ResponseBodyResultHandler - [2206d5ee] 0..N [java.lang.String]
22:42:55.283 [parallel-5] DEBUG o.s.h.c.j.Jackson2JsonEncoder - [5e00509b] Encoding [Person{name='foo 2'}]
22:42:55.329 [reactor-http-nio-10] DEBUG o.s.w.r.f.c.ExchangeFunctions - [28300524] Response 200 OK
22:42:55.329 [reactor-http-nio-10] DEBUG o.s.c.c.StringDecoder - [28300524] Decoded "data:foo 0"
22:42:55.329 [reactor-http-nio-10] DEBUG o.s.c.c.StringDecoder - [28300524] Decoded ""
22:42:55.434 [reactor-http-nio-10] DEBUG o.s.c.c.StringDecoder - [28300524] Decoded "data:foo 1"
22:42:55.434 [reactor-http-nio-10] DEBUG o.s.c.c.StringDecoder - [28300524] Decoded ""
22:42:55.434 [reactor-http-nio-10] DEBUG o.s.w.r.f.c.ExchangeFunctions - [28300524] Cancel signal (to close connection)
22:42:55.434 [Test worker] DEBUG o.s.h.s.r.b.UndertowHttpServer - Stopping UndertowHttpServer...
22:42:55.434 [Test worker] DEBUG o.s.h.s.r.b.UndertowHttpServer - Server stopped (0 millis).
22:42:55.439 [Test worker] DEBUG o.s.w.r.r.m.a.RequestMappingHandlerMapping - 4 mappings in 'requestMappingHandlerMapping'
22:42:55.454 [Test worker] DEBUG o.s.w.r.r.m.a.ControllerMethodResolver - ControllerAdvice beans: none
22:42:55.474 [Test worker] DEBUG o.s.w.s.a.HttpWebHandlerAdapter - enableLoggingRequestDetails='false': form data and headers will be masked to prevent unsafe logging of potentially sensitive data
22:42:55.474 [Test worker] DEBUG o.s.h.s.r.b.UndertowHttpServer - Starting UndertowHttpServer...
22:42:55.476 [Test worker] DEBUG o.s.h.s.r.b.UndertowHttpServer - Server started on port 54160(0 millis).
22:42:55.476 [Test worker] DEBUG o.s.w.r.f.c.ExchangeFunctions - [7d9903b1] HTTP GET http://localhost:54160/sse/event
22:42:55.478 [XNIO-49 I/O-2] DEBUG o.s.w.s.a.HttpWebHandlerAdapter - [3b47c101] HTTP GET "/sse/event"
22:42:55.478 [XNIO-49 I/O-2] DEBUG o.s.w.r.r.m.a.RequestMappingHandlerMapping - [3b47c101] Mapped to org.springframework.web.reactive.result.method.annotation.SseIntegrationTests$SseController#sse()
22:42:55.478 [XNIO-49 I/O-2] DEBUG o.s.w.r.r.m.a.ResponseBodyResultHandler - Using 'text/event-stream' given [text/event-stream] and supported [text/event-stream]
22:42:55.478 [XNIO-49 I/O-2] DEBUG o.s.w.r.r.m.a.ResponseBodyResultHandler - [3b47c101] 0..N [org.springframework.http.codec.ServerSentEvent<org.springframework.web.reactive.result.method.annotation.SseIntegrationTests$Person>]
22:42:55.579 [parallel-7] DEBUG o.s.h.c.j.Jackson2JsonEncoder - [3b47c101] Encoding [Person{name='foo 0'}]
22:42:55.580 [reactor-http-nio-14] DEBUG o.s.w.r.f.c.ExchangeFunctions - [7d9903b1] Response 200 OK
22:42:55.581 [reactor-http-nio-14] DEBUG o.s.c.c.StringDecoder - [7d9903b1] Decoded "id:0"
22:42:55.581 [reactor-http-nio-14] DEBUG o.s.c.c.StringDecoder - [7d9903b1] Decoded ":bar 0"
22:42:55.581 [reactor-http-nio-14] DEBUG o.s.c.c.StringDecoder - [7d9903b1] Decoded "data:{"name":"foo 0"}"
22:42:55.581 [reactor-http-nio-14] DEBUG o.s.c.c.StringDecoder - [7d9903b1] Decoded ""
22:42:55.581 [reactor-http-nio-14] DEBUG o.s.h.c.j.Jackson2JsonDecoder - [7d9903b1] Decoded [Person{name='foo 0'}]
22:42:55.684 [parallel-7] DEBUG o.s.h.c.j.Jackson2JsonEncoder - [3b47c101] Encoding [Person{name='foo 1'}]
22:42:55.684 [parallel-7] DEBUG o.s.w.s.a.HttpWebHandlerAdapter - [3b47c101] Completed 200 OK
22:42:55.685 [reactor-http-nio-14] DEBUG o.s.c.c.StringDecoder - [7d9903b1] Decoded "id:1"
22:42:55.685 [reactor-http-nio-14] DEBUG o.s.c.c.StringDecoder - [7d9903b1] Decoded ":bar 1"
22:42:55.686 [reactor-http-nio-14] DEBUG o.s.c.c.StringDecoder - [7d9903b1] Decoded "data:{"name":"foo 1"}"
22:42:55.686 [reactor-http-nio-14] DEBUG o.s.c.c.StringDecoder - [7d9903b1] Decoded ""
22:42:55.686 [reactor-http-nio-14] DEBUG o.s.h.c.j.Jackson2JsonDecoder - [7d9903b1] Decoded [Person{name='foo 1'}]
22:42:55.686 [reactor-http-nio-14] DEBUG o.s.w.r.f.c.ExchangeFunctions - [7d9903b1] Cancel signal (to close connection)
22:42:55.686 [Test worker] DEBUG o.s.h.s.r.b.UndertowHttpServer - Stopping UndertowHttpServer...
22:42:55.687 [Test worker] DEBUG o.s.h.s.r.b.UndertowHttpServer - Server stopped (0 millis).
22:42:55.691 [Test worker] DEBUG o.s.w.r.r.m.a.RequestMappingHandlerMapping - 4 mappings in 'requestMappingHandlerMapping'
22:42:55.706 [Test worker] DEBUG o.s.w.r.r.m.a.ControllerMethodResolver - ControllerAdvice beans: none
22:42:55.725 [Test worker] DEBUG o.s.w.s.a.HttpWebHandlerAdapter - enableLoggingRequestDetails='false': form data and headers will be masked to prevent unsafe logging of potentially sensitive data
22:42:55.725 [Test worker] DEBUG o.s.h.s.r.b.UndertowHttpServer - Starting UndertowHttpServer...
22:42:55.727 [Test worker] DEBUG o.s.h.s.r.b.UndertowHttpServer - Server started on port 54165(0 millis).
22:42:55.727 [Test worker] DEBUG o.s.h.s.r.b.UndertowHttpServer - Stopping UndertowHttpServer...
22:42:55.727 [Test worker] DEBUG o.s.h.s.r.b.UndertowHttpServer - Server stopped (0 millis).
22:42:55.731 [Test worker] DEBUG o.s.w.r.r.m.a.RequestMappingHandlerMapping - 4 mappings in 'requestMappingHandlerMapping'
22:42:55.746 [Test worker] DEBUG o.s.w.r.r.m.a.ControllerMethodResolver - ControllerAdvice beans: none
22:42:55.765 [Test worker] DEBUG o.s.w.s.a.HttpWebHandlerAdapter - enableLoggingRequestDetails='false': form data and headers will be masked to prevent unsafe logging of potentially sensitive data
22:42:55.765 [Test worker] DEBUG o.s.h.s.r.b.UndertowHttpServer - Starting UndertowHttpServer...
22:42:55.767 [Test worker] DEBUG o.s.h.s.r.b.UndertowHttpServer - Server started on port 54166(0 millis).
22:42:55.769 [Test worker] DEBUG o.s.w.r.f.c.ExchangeFunctions - [10d40af4] HTTP GET http://localhost:54166/sse/person
22:42:55.771 [XNIO-51 I/O-2] DEBUG o.s.w.s.a.HttpWebHandlerAdapter - [59fcca6d] HTTP GET "/sse/person"
22:42:55.771 [XNIO-51 I/O-2] DEBUG o.s.w.r.r.m.a.RequestMappingHandlerMapping - [59fcca6d] Mapped to org.springframework.web.reactive.result.method.annotation.SseIntegrationTests$SseController#person()
22:42:55.772 [XNIO-51 I/O-2] DEBUG o.s.w.r.r.m.a.ResponseBodyResultHandler - Using 'text/event-stream' given [text/event-stream] and supported [application/json, application/*+json, application/x-jackson-smile, application/*+x-jackson-smile, text/event-stream]
22:42:55.772 [XNIO-51 I/O-2] DEBUG o.s.w.r.r.m.a.ResponseBodyResultHandler - [59fcca6d] 0..N [org.springframework.web.reactive.result.method.annotation.SseIntegrationTests$Person]
22:42:55.873 [parallel-8] DEBUG o.s.h.c.j.Jackson2JsonEncoder - [59fcca6d] Encoding [Person{name='foo 0'}]
22:42:55.874 [HttpClient@1abb9f1e-2532] DEBUG o.s.w.r.f.c.ExchangeFunctions - [10d40af4] Response 200 OK
22:42:55.875 [HttpClient@1abb9f1e-2532] DEBUG o.s.c.c.StringDecoder - [10d40af4] Decoded "data:{"name":"foo 0"}"
22:42:55.875 [HttpClient@1abb9f1e-2532] DEBUG o.s.c.c.StringDecoder - [10d40af4] Decoded ""
22:42:55.875 [HttpClient@1abb9f1e-2532] DEBUG o.s.h.c.j.Jackson2JsonDecoder - [10d40af4] Decoded [Person{name='foo 0'}]
22:42:55.973 [parallel-8] DEBUG o.s.h.c.j.Jackson2JsonEncoder - [59fcca6d] Encoding [Person{name='foo 1'}]
22:42:55.974 [HttpClient@1abb9f1e-2524] DEBUG o.s.c.c.StringDecoder - [10d40af4] Decoded "data:{"name":"foo 1"}"
22:42:55.975 [HttpClient@1abb9f1e-2524] DEBUG o.s.c.c.StringDecoder - [10d40af4] Decoded ""
22:42:55.975 [HttpClient@1abb9f1e-2524] DEBUG o.s.h.c.j.Jackson2JsonDecoder - [10d40af4] Decoded [Person{name='foo 1'}]
22:42:55.975 [HttpClient@1abb9f1e-2524] DEBUG o.s.w.r.f.c.ExchangeFunctions - [10d40af4] Cancel signal (to close connection)
22:42:55.975 [Test worker] DEBUG o.s.h.s.r.b.UndertowHttpServer - Stopping UndertowHttpServer...
22:42:55.975 [Test worker] DEBUG o.s.h.s.r.b.UndertowHttpServer - Server stopped (0 millis).
22:42:55.980 [Test worker] DEBUG o.s.w.r.r.m.a.RequestMappingHandlerMapping - 4 mappings in 'requestMappingHandlerMapping'
22:42:55.995 [Test worker] DEBUG o.s.w.r.r.m.a.ControllerMethodResolver - ControllerAdvice beans: none
22:42:56.013 [Test worker] DEBUG o.s.w.s.a.HttpWebHandlerAdapter - enableLoggingRequestDetails='false': form data and headers will be masked to prevent unsafe logging of potentially sensitive data
22:42:56.013 [Test worker] DEBUG o.s.h.s.r.b.UndertowHttpServer - Starting UndertowHttpServer...
22:42:56.015 [Test worker] DEBUG o.s.h.s.r.b.UndertowHttpServer - Server started on port 54168(0 millis).
22:42:56.016 [Test worker] DEBUG o.s.w.r.f.c.ExchangeFunctions - [4707a2e0] HTTP GET http://localhost:54168/sse/string
22:42:56.018 [XNIO-52 I/O-2] DEBUG o.s.w.s.a.HttpWebHandlerAdapter - [4cab30f0] HTTP GET "/sse/string"
22:42:56.018 [XNIO-52 I/O-2] DEBUG o.s.w.r.r.m.a.RequestMappingHandlerMapping - [4cab30f0] Mapped to org.springframework.web.reactive.result.method.annotation.SseIntegrationTests$SseController#string()
22:42:56.018 [XNIO-52 I/O-2] DEBUG o.s.w.r.r.m.a.ResponseBodyResultHandler - Using 'text/event-stream' given [text/event-stream] and supported [text/plain;charset=UTF-8, text/event-stream, text/plain;charset=UTF-8, */*]
22:42:56.018 [XNIO-52 I/O-2] DEBUG o.s.w.r.r.m.a.ResponseBodyResultHandler - [4cab30f0] 0..N [java.lang.String]
22:42:56.072 [parallel-8] DEBUG o.s.h.c.j.Jackson2JsonEncoder - [59fcca6d] Encoding [Person{name='foo 2'}]
22:42:56.120 [HttpClient@1abb9f1e-2525] DEBUG o.s.w.r.f.c.ExchangeFunctions - [4707a2e0] Response 200 OK
22:42:56.120 [HttpClient@1abb9f1e-2525] DEBUG o.s.c.c.StringDecoder - [4707a2e0] Decoded "data:foo 0"
22:42:56.121 [HttpClient@1abb9f1e-2525] DEBUG o.s.c.c.StringDecoder - [4707a2e0] Decoded ""
22:42:56.221 [HttpClient@1abb9f1e-2531] DEBUG o.s.c.c.StringDecoder - [4707a2e0] Decoded "data:foo 1"
22:42:56.221 [HttpClient@1abb9f1e-2531] DEBUG o.s.c.c.StringDecoder - [4707a2e0] Decoded ""
22:42:56.221 [HttpClient@1abb9f1e-2531] DEBUG o.s.w.r.f.c.ExchangeFunctions - [4707a2e0] Cancel signal (to close connection)
22:42:56.221 [Test worker] DEBUG o.s.h.s.r.b.UndertowHttpServer - Stopping UndertowHttpServer...
22:42:56.222 [Test worker] DEBUG o.s.h.s.r.b.UndertowHttpServer - Server stopped (0 millis).
22:42:56.226 [Test worker] DEBUG o.s.w.r.r.m.a.RequestMappingHandlerMapping - 4 mappings in 'requestMappingHandlerMapping'
22:42:56.241 [Test worker] DEBUG o.s.w.r.r.m.a.ControllerMethodResolver - ControllerAdvice beans: none
22:42:56.263 [Test worker] DEBUG o.s.w.s.a.HttpWebHandlerAdapter - enableLoggingRequestDetails='false': form data and headers will be masked to prevent unsafe logging of potentially sensitive data
22:42:56.263 [Test worker] DEBUG o.s.h.s.r.b.UndertowHttpServer - Starting UndertowHttpServer...
22:42:56.266 [Test worker] DEBUG o.s.h.s.r.b.UndertowHttpServer - Server started on port 54170(0 millis).
22:42:56.266 [Test worker] DEBUG o.s.w.r.f.c.ExchangeFunctions - [1f9ce4e1] HTTP GET http://localhost:54170/sse/event
22:42:56.268 [XNIO-53 I/O-2] DEBUG o.s.w.s.a.HttpWebHandlerAdapter - [1979d1ff] HTTP GET "/sse/event"
22:42:56.268 [XNIO-53 I/O-2] DEBUG o.s.w.r.r.m.a.RequestMappingHandlerMapping - [1979d1ff] Mapped to org.springframework.web.reactive.result.method.annotation.SseIntegrationTests$SseController#sse()
22:42:56.269 [XNIO-53 I/O-2] DEBUG o.s.w.r.r.m.a.ResponseBodyResultHandler - Using 'text/event-stream' given [text/event-stream] and supported [text/event-stream]
22:42:56.269 [XNIO-53 I/O-2] DEBUG o.s.w.r.r.m.a.ResponseBodyResultHandler - [1979d1ff] 0..N [org.springframework.http.codec.ServerSentEvent<org.springframework.web.reactive.result.method.annotation.SseIntegrationTests$Person>]
22:42:56.374 [parallel-10] DEBUG o.s.h.c.j.Jackson2JsonEncoder - [1979d1ff] Encoding [Person{name='foo 0'}]
22:42:56.376 [HttpClient@1abb9f1e-2526] DEBUG o.s.w.r.f.c.ExchangeFunctions - [1f9ce4e1] Response 200 OK
22:42:56.376 [HttpClient@1abb9f1e-2526] DEBUG o.s.c.c.StringDecoder - [1f9ce4e1] Decoded "id:0"
22:42:56.376 [HttpClient@1abb9f1e-2526] DEBUG o.s.c.c.StringDecoder - [1f9ce4e1] Decoded ":bar 0"
22:42:56.376 [HttpClient@1abb9f1e-2526] DEBUG o.s.c.c.StringDecoder - [1f9ce4e1] Decoded "data:{"name":"foo 0"}"
22:42:56.376 [HttpClient@1abb9f1e-2526] DEBUG o.s.c.c.StringDecoder - [1f9ce4e1] Decoded ""
22:42:56.376 [HttpClient@1abb9f1e-2526] DEBUG o.s.h.c.j.Jackson2JsonDecoder - [1f9ce4e1] Decoded [Person{name='foo 0'}]
22:42:56.473 [parallel-10] DEBUG o.s.h.c.j.Jackson2JsonEncoder - [1979d1ff] Encoding [Person{name='foo 1'}]
22:42:56.474 [XNIO-53 I/O-2] DEBUG o.s.w.s.a.HttpWebHandlerAdapter - [1979d1ff] Completed 200 OK
22:42:56.475 [HttpClient@1abb9f1e-2532] DEBUG o.s.c.c.StringDecoder - [1f9ce4e1] Decoded "id:1"
22:42:56.475 [HttpClient@1abb9f1e-2532] DEBUG o.s.c.c.StringDecoder - [1f9ce4e1] Decoded ":bar 1"
22:42:56.475 [HttpClient@1abb9f1e-2532] DEBUG o.s.c.c.StringDecoder - [1f9ce4e1] Decoded "data:{"name":"foo 1"}"
22:42:56.475 [HttpClient@1abb9f1e-2532] DEBUG o.s.c.c.StringDecoder - [1f9ce4e1] Decoded ""
22:42:56.475 [HttpClient@1abb9f1e-2532] DEBUG o.s.h.c.j.Jackson2JsonDecoder - [1f9ce4e1] Decoded [Person{name='foo 1'}]
22:42:56.475 [HttpClient@1abb9f1e-2532] DEBUG o.s.w.r.f.c.ExchangeFunctions - [1f9ce4e1] Cancel signal (to close connection)
22:42:56.475 [Test worker] DEBUG o.s.h.s.r.b.UndertowHttpServer - Stopping UndertowHttpServer...
22:42:56.476 [Test worker] DEBUG o.s.h.s.r.b.UndertowHttpServer - Server stopped (0 millis).
]]></system-out>
  <system-err><![CDATA[十一月 25, 2020 10:42:48 下午 org.apache.catalina.core.StandardService startInternal
信息: Starting service [Tomcat]
十一月 25, 2020 10:42:48 下午 org.apache.catalina.core.StandardEngine startInternal
信息: Starting Servlet engine: [Apache Tomcat/9.0.21]
十一月 25, 2020 10:42:48 下午 org.apache.coyote.AbstractProtocol init
信息: Initializing ProtocolHandler ["http-nio-auto-47"]
十一月 25, 2020 10:42:48 下午 org.apache.coyote.AbstractProtocol start
信息: Starting ProtocolHandler ["http-nio-auto-47-54115"]
十一月 25, 2020 10:42:48 下午 org.apache.coyote.AbstractProtocol pause
信息: Pausing ProtocolHandler ["http-nio-auto-47-54115"]
十一月 25, 2020 10:42:48 下午 org.apache.catalina.core.StandardService stopInternal
信息: Stopping service [Tomcat]
十一月 25, 2020 10:42:48 下午 org.apache.coyote.AbstractProtocol stop
信息: Stopping ProtocolHandler ["http-nio-auto-47-54115"]
十一月 25, 2020 10:42:48 下午 org.apache.coyote.AbstractProtocol destroy
信息: Destroying ProtocolHandler ["http-nio-auto-47-54115"]
十一月 25, 2020 10:42:48 下午 org.apache.catalina.core.StandardService startInternal
信息: Starting service [Tomcat]
十一月 25, 2020 10:42:48 下午 org.apache.catalina.core.StandardEngine startInternal
信息: Starting Servlet engine: [Apache Tomcat/9.0.21]
十一月 25, 2020 10:42:48 下午 org.apache.coyote.AbstractProtocol init
信息: Initializing ProtocolHandler ["http-nio-auto-48"]
十一月 25, 2020 10:42:48 下午 org.apache.coyote.AbstractProtocol start
信息: Starting ProtocolHandler ["http-nio-auto-48-54117"]
十一月 25, 2020 10:42:48 下午 org.apache.coyote.AbstractProtocol pause
信息: Pausing ProtocolHandler ["http-nio-auto-48-54117"]
十一月 25, 2020 10:42:48 下午 org.apache.catalina.core.StandardService stopInternal
信息: Stopping service [Tomcat]
十一月 25, 2020 10:42:49 下午 org.apache.coyote.AbstractProtocol stop
信息: Stopping ProtocolHandler ["http-nio-auto-48-54117"]
十一月 25, 2020 10:42:49 下午 org.apache.coyote.AbstractProtocol destroy
信息: Destroying ProtocolHandler ["http-nio-auto-48-54117"]
十一月 25, 2020 10:42:49 下午 org.apache.catalina.core.StandardService startInternal
信息: Starting service [Tomcat]
十一月 25, 2020 10:42:49 下午 org.apache.catalina.core.StandardEngine startInternal
信息: Starting Servlet engine: [Apache Tomcat/9.0.21]
十一月 25, 2020 10:42:49 下午 org.apache.coyote.AbstractProtocol init
信息: Initializing ProtocolHandler ["http-nio-auto-49"]
十一月 25, 2020 10:42:49 下午 org.apache.coyote.AbstractProtocol start
信息: Starting ProtocolHandler ["http-nio-auto-49-54120"]
十一月 25, 2020 10:42:49 下午 org.apache.coyote.AbstractProtocol pause
信息: Pausing ProtocolHandler ["http-nio-auto-49-54120"]
十一月 25, 2020 10:42:49 下午 org.apache.catalina.core.StandardService stopInternal
信息: Stopping service [Tomcat]
十一月 25, 2020 10:42:49 下午 org.apache.coyote.AbstractProtocol stop
信息: Stopping ProtocolHandler ["http-nio-auto-49-54120"]
十一月 25, 2020 10:42:49 下午 org.apache.coyote.AbstractProtocol destroy
信息: Destroying ProtocolHandler ["http-nio-auto-49-54120"]
十一月 25, 2020 10:42:49 下午 org.apache.catalina.core.StandardService startInternal
信息: Starting service [Tomcat]
十一月 25, 2020 10:42:49 下午 org.apache.catalina.core.StandardEngine startInternal
信息: Starting Servlet engine: [Apache Tomcat/9.0.21]
十一月 25, 2020 10:42:49 下午 org.apache.coyote.AbstractProtocol init
信息: Initializing ProtocolHandler ["http-nio-auto-50"]
十一月 25, 2020 10:42:49 下午 org.apache.coyote.AbstractProtocol start
信息: Starting ProtocolHandler ["http-nio-auto-50-54126"]
十一月 25, 2020 10:42:49 下午 org.apache.coyote.AbstractProtocol pause
信息: Pausing ProtocolHandler ["http-nio-auto-50-54126"]
十一月 25, 2020 10:42:49 下午 org.apache.catalina.core.StandardService stopInternal
信息: Stopping service [Tomcat]
十一月 25, 2020 10:42:49 下午 org.apache.coyote.AbstractProtocol stop
信息: Stopping ProtocolHandler ["http-nio-auto-50-54126"]
十一月 25, 2020 10:42:49 下午 org.apache.coyote.AbstractProtocol destroy
信息: Destroying ProtocolHandler ["http-nio-auto-50-54126"]
十一月 25, 2020 10:42:49 下午 org.apache.catalina.core.StandardService startInternal
信息: Starting service [Tomcat]
十一月 25, 2020 10:42:49 下午 org.apache.catalina.core.StandardEngine startInternal
信息: Starting Servlet engine: [Apache Tomcat/9.0.21]
十一月 25, 2020 10:42:49 下午 org.apache.coyote.AbstractProtocol init
信息: Initializing ProtocolHandler ["http-nio-auto-51"]
十一月 25, 2020 10:42:49 下午 org.apache.coyote.AbstractProtocol start
信息: Starting ProtocolHandler ["http-nio-auto-51-54129"]
十一月 25, 2020 10:42:49 下午 org.apache.coyote.AbstractProtocol pause
信息: Pausing ProtocolHandler ["http-nio-auto-51-54129"]
十一月 25, 2020 10:42:49 下午 org.apache.catalina.core.StandardService stopInternal
信息: Stopping service [Tomcat]
十一月 25, 2020 10:42:50 下午 org.apache.coyote.AbstractProtocol stop
信息: Stopping ProtocolHandler ["http-nio-auto-51-54129"]
十一月 25, 2020 10:42:50 下午 org.apache.coyote.AbstractProtocol destroy
信息: Destroying ProtocolHandler ["http-nio-auto-51-54129"]
十一月 25, 2020 10:42:50 下午 org.apache.catalina.core.StandardService startInternal
信息: Starting service [Tomcat]
十一月 25, 2020 10:42:50 下午 org.apache.catalina.core.StandardEngine startInternal
信息: Starting Servlet engine: [Apache Tomcat/9.0.21]
十一月 25, 2020 10:42:50 下午 org.apache.coyote.AbstractProtocol init
信息: Initializing ProtocolHandler ["http-nio-auto-52"]
十一月 25, 2020 10:42:50 下午 org.apache.coyote.AbstractProtocol start
信息: Starting ProtocolHandler ["http-nio-auto-52-54131"]
十一月 25, 2020 10:42:50 下午 org.apache.coyote.AbstractProtocol pause
信息: Pausing ProtocolHandler ["http-nio-auto-52-54131"]
十一月 25, 2020 10:42:50 下午 org.apache.catalina.core.StandardService stopInternal
信息: Stopping service [Tomcat]
十一月 25, 2020 10:42:52 下午 org.apache.coyote.AbstractProtocol stop
信息: Stopping ProtocolHandler ["http-nio-auto-52-54131"]
十一月 25, 2020 10:42:52 下午 org.apache.coyote.AbstractProtocol destroy
信息: Destroying ProtocolHandler ["http-nio-auto-52-54131"]
十一月 25, 2020 10:42:52 下午 org.apache.catalina.core.StandardService startInternal
信息: Starting service [Tomcat]
十一月 25, 2020 10:42:52 下午 org.apache.catalina.core.StandardEngine startInternal
信息: Starting Servlet engine: [Apache Tomcat/9.0.21]
十一月 25, 2020 10:42:52 下午 org.apache.coyote.AbstractProtocol init
信息: Initializing ProtocolHandler ["http-nio-auto-53"]
十一月 25, 2020 10:42:52 下午 org.apache.coyote.AbstractProtocol start
信息: Starting ProtocolHandler ["http-nio-auto-53-54141"]
十一月 25, 2020 10:42:52 下午 org.apache.coyote.AbstractProtocol pause
信息: Pausing ProtocolHandler ["http-nio-auto-53-54141"]
十一月 25, 2020 10:42:52 下午 org.apache.catalina.core.StandardService stopInternal
信息: Stopping service [Tomcat]
十一月 25, 2020 10:42:54 下午 org.apache.coyote.AbstractProtocol stop
信息: Stopping ProtocolHandler ["http-nio-auto-53-54141"]
十一月 25, 2020 10:42:54 下午 org.apache.coyote.AbstractProtocol destroy
信息: Destroying ProtocolHandler ["http-nio-auto-53-54141"]
十一月 25, 2020 10:42:54 下午 org.apache.catalina.core.StandardService startInternal
信息: Starting service [Tomcat]
十一月 25, 2020 10:42:54 下午 org.apache.catalina.core.StandardEngine startInternal
信息: Starting Servlet engine: [Apache Tomcat/9.0.21]
十一月 25, 2020 10:42:54 下午 org.apache.coyote.AbstractProtocol init
信息: Initializing ProtocolHandler ["http-nio-auto-54"]
十一月 25, 2020 10:42:54 下午 org.apache.coyote.AbstractProtocol start
信息: Starting ProtocolHandler ["http-nio-auto-54-54152"]
十一月 25, 2020 10:42:54 下午 org.apache.coyote.AbstractProtocol pause
信息: Pausing ProtocolHandler ["http-nio-auto-54-54152"]
十一月 25, 2020 10:42:54 下午 org.apache.catalina.core.StandardService stopInternal
信息: Stopping service [Tomcat]
十一月 25, 2020 10:42:54 下午 org.apache.coyote.AbstractProtocol stop
信息: Stopping ProtocolHandler ["http-nio-auto-54-54152"]
十一月 25, 2020 10:42:54 下午 org.apache.coyote.AbstractProtocol destroy
信息: Destroying ProtocolHandler ["http-nio-auto-54-54152"]
]]></system-err>
</testsuite>
