<?xml version="1.0" encoding="UTF-8"?>
<testsuite name="org.springframework.web.reactive.function.client.ClientResponseExtensionsTests" tests="9" skipped="0" failures="0" errors="0" timestamp="2020-11-25T14:43:45" hostname="lichangbaodeMacBook-Pro.local" time="0.05">
  <properties/>
  <testcase name="bodyToMono with reified type parameters" classname="org.springframework.web.reactive.function.client.ClientResponseExtensionsTests" time="0.02"/>
  <testcase name="bodyToFlow with reified type parameters" classname="org.springframework.web.reactive.function.client.ClientResponseExtensionsTests" time="0.003"/>
  <testcase name="awaitEntityList" classname="org.springframework.web.reactive.function.client.ClientResponseExtensionsTests" time="0.006"/>
  <testcase name="bodyToFlux with reified type parameters" classname="org.springframework.web.reactive.function.client.ClientResponseExtensionsTests" time="0.003"/>
  <testcase name="awaitEntity" classname="org.springframework.web.reactive.function.client.ClientResponseExtensionsTests" time="0.005"/>
  <testcase name="awaitBody" classname="org.springframework.web.reactive.function.client.ClientResponseExtensionsTests" time="0.004"/>
  <testcase name="ResponseSpec#toEntityList with reified type parameters" classname="org.springframework.web.reactive.function.client.ClientResponseExtensionsTests" time="0.003"/>
  <testcase name="toEntity with reified type parameters" classname="org.springframework.web.reactive.function.client.ClientResponseExtensionsTests" time="0.002"/>
  <testcase name="awaitBodyOrNull" classname="org.springframework.web.reactive.function.client.ClientResponseExtensionsTests" time="0.004"/>
  <system-out><![CDATA[]]></system-out>
  <system-err><![CDATA[]]></system-err>
</testsuite>
