<?xml version="1.0" encoding="UTF-8"?>
<testsuite name="org.springframework.web.reactive.function.server.DispatcherHandlerIntegrationTests" tests="16" skipped="0" failures="0" errors="0" timestamp="2020-11-25T14:43:22" hostname="lichangbaodeMacBook-Pro.local" time="0.95">
  <properties/>
  <testcase name="flux[server [org.springframework.http.server.reactive.bootstrap.JettyHttpServer@5bda035a]]" classname="org.springframework.web.reactive.function.server.DispatcherHandlerIntegrationTests" time="0.072"/>
  <testcase name="mono[server [org.springframework.http.server.reactive.bootstrap.JettyHttpServer@5bda035a]]" classname="org.springframework.web.reactive.function.server.DispatcherHandlerIntegrationTests" time="0.057"/>
  <testcase name="attributes[server [org.springframework.http.server.reactive.bootstrap.JettyHttpServer@5bda035a]]" classname="org.springframework.web.reactive.function.server.DispatcherHandlerIntegrationTests" time="0.062"/>
  <testcase name="controller[server [org.springframework.http.server.reactive.bootstrap.JettyHttpServer@5bda035a]]" classname="org.springframework.web.reactive.function.server.DispatcherHandlerIntegrationTests" time="0.056"/>
  <testcase name="flux[server [org.springframework.http.server.reactive.bootstrap.ReactorHttpServer@113536de]]" classname="org.springframework.web.reactive.function.server.DispatcherHandlerIntegrationTests" time="0.051"/>
  <testcase name="mono[server [org.springframework.http.server.reactive.bootstrap.ReactorHttpServer@113536de]]" classname="org.springframework.web.reactive.function.server.DispatcherHandlerIntegrationTests" time="0.049"/>
  <testcase name="attributes[server [org.springframework.http.server.reactive.bootstrap.ReactorHttpServer@113536de]]" classname="org.springframework.web.reactive.function.server.DispatcherHandlerIntegrationTests" time="0.05"/>
  <testcase name="controller[server [org.springframework.http.server.reactive.bootstrap.ReactorHttpServer@113536de]]" classname="org.springframework.web.reactive.function.server.DispatcherHandlerIntegrationTests" time="0.051"/>
  <testcase name="flux[server [org.springframework.http.server.reactive.bootstrap.TomcatHttpServer@14331225]]" classname="org.springframework.web.reactive.function.server.DispatcherHandlerIntegrationTests" time="0.065"/>
  <testcase name="mono[server [org.springframework.http.server.reactive.bootstrap.TomcatHttpServer@14331225]]" classname="org.springframework.web.reactive.function.server.DispatcherHandlerIntegrationTests" time="0.077"/>
  <testcase name="attributes[server [org.springframework.http.server.reactive.bootstrap.TomcatHttpServer@14331225]]" classname="org.springframework.web.reactive.function.server.DispatcherHandlerIntegrationTests" time="0.073"/>
  <testcase name="controller[server [org.springframework.http.server.reactive.bootstrap.TomcatHttpServer@14331225]]" classname="org.springframework.web.reactive.function.server.DispatcherHandlerIntegrationTests" time="0.069"/>
  <testcase name="flux[server [org.springframework.http.server.reactive.bootstrap.UndertowHttpServer@425309b2]]" classname="org.springframework.web.reactive.function.server.DispatcherHandlerIntegrationTests" time="0.06"/>
  <testcase name="mono[server [org.springframework.http.server.reactive.bootstrap.UndertowHttpServer@425309b2]]" classname="org.springframework.web.reactive.function.server.DispatcherHandlerIntegrationTests" time="0.053"/>
  <testcase name="attributes[server [org.springframework.http.server.reactive.bootstrap.UndertowHttpServer@425309b2]]" classname="org.springframework.web.reactive.function.server.DispatcherHandlerIntegrationTests" time="0.051"/>
  <testcase name="controller[server [org.springframework.http.server.reactive.bootstrap.UndertowHttpServer@425309b2]]" classname="org.springframework.web.reactive.function.server.DispatcherHandlerIntegrationTests" time="0.053"/>
  <system-out><![CDATA[22:43:22.704 [Test worker] DEBUG o.s.w.r.r.m.a.RequestMappingHandlerMapping - 1 mappings in 'requestMappingHandlerMapping'
22:43:22.713 [Test worker] DEBUG o.s.w.r.f.s.s.RouterFunctionMapping - 3 RouterFunction(s) in 'routerFunctionMapping'
22:43:22.724 [Test worker] DEBUG o.s.w.r.r.m.a.ControllerMethodResolver - ControllerAdvice beans: none
22:43:22.744 [Test worker] DEBUG o.s.w.s.a.HttpWebHandlerAdapter - enableLoggingRequestDetails='false': form data and headers will be masked to prevent unsafe logging of potentially sensitive data
22:43:22.744 [Test worker] WARN  o.e.j.s.h.ContextHandler - Empty contextPath
22:43:22.744 [Test worker] INFO  o.e.j.s.h.ContextHandler - Started o.e.j.s.ServletContextHandler@5c215e53{/,null,AVAILABLE}
22:43:22.744 [Test worker] DEBUG o.s.h.s.r.b.JettyHttpServer - Starting JettyHttpServer...
22:43:22.744 [Test worker] INFO  o.e.j.s.Server - jetty-9.4.18.v20190429; built: 2019-04-29T20:42:08.989Z; git: e1bc35120a6617ee3df052294e433f3a25ce7097; jvm 1.8.0_211-b12
22:43:22.746 [Test worker] INFO  o.e.j.s.AbstractConnector - Started ServerConnector@590f8106{HTTP/1.1,[http/1.1]}{0.0.0.0:54859}
22:43:22.746 [Test worker] INFO  o.e.j.s.Server - Started @75173ms
22:43:22.746 [Test worker] DEBUG o.s.h.s.r.b.JettyHttpServer - Server started on port 54859(0 millis).
22:43:22.746 [Test worker] DEBUG o.s.w.c.RestTemplate - HTTP GET http://localhost:54859/flux
22:43:22.747 [Test worker] DEBUG o.s.w.c.RestTemplate - Accept=[application/json, application/x-jackson-smile, application/*+json]
22:43:22.749 [qtp1725290650-5762] DEBUG o.s.w.s.a.HttpWebHandlerAdapter - [1e750299] HTTP GET "/flux"
22:43:22.750 [qtp1725290650-5762] DEBUG o.s.w.r.f.s.s.RouterFunctionMapping - [1e750299] Mapped to org.springframework.web.reactive.function.server.DispatcherHandlerIntegrationTests$TestConfiguration$$Lambda$1432/1279402484@1f29abaf
22:43:22.751 [qtp1725290650-5762] DEBUG o.s.h.c.j.Jackson2JsonEncoder - [1e750299] Encoding [[Person{name='John'}, Person{name='Jane'}]]
22:43:22.751 [qtp1725290650-5762] DEBUG o.s.w.s.a.HttpWebHandlerAdapter - [1e750299] Completed 200 OK
22:43:22.752 [Test worker] DEBUG o.s.w.c.RestTemplate - Response 200 OK
22:43:22.752 [Test worker] DEBUG o.s.w.c.RestTemplate - Reading to [java.util.List<org.springframework.web.reactive.function.server.DispatcherHandlerIntegrationTests$Person>]
22:43:22.753 [Test worker] DEBUG o.s.h.s.r.b.JettyHttpServer - Stopping JettyHttpServer...
22:43:22.753 [Test worker] INFO  o.e.j.s.h.ContextHandler - Stopped o.e.j.s.ServletContextHandler@5c215e53{/,null,UNAVAILABLE}
22:43:22.754 [Test worker] INFO  o.e.j.s.AbstractConnector - Stopped ServerConnector@590f8106{HTTP/1.1,[http/1.1]}{0.0.0.0:0}
22:43:22.755 [Test worker] DEBUG o.s.h.s.r.b.JettyHttpServer - Server stopped (0 millis).
22:43:22.770 [Test worker] DEBUG o.s.w.r.r.m.a.RequestMappingHandlerMapping - 1 mappings in 'requestMappingHandlerMapping'
22:43:22.774 [Test worker] DEBUG o.s.w.r.f.s.s.RouterFunctionMapping - 3 RouterFunction(s) in 'routerFunctionMapping'
22:43:22.785 [Test worker] DEBUG o.s.w.r.r.m.a.ControllerMethodResolver - ControllerAdvice beans: none
22:43:22.804 [Test worker] DEBUG o.s.w.s.a.HttpWebHandlerAdapter - enableLoggingRequestDetails='false': form data and headers will be masked to prevent unsafe logging of potentially sensitive data
22:43:22.805 [Test worker] WARN  o.e.j.s.h.ContextHandler - Empty contextPath
22:43:22.805 [Test worker] INFO  o.e.j.s.h.ContextHandler - Started o.e.j.s.ServletContextHandler@7335110f{/,null,AVAILABLE}
22:43:22.805 [Test worker] DEBUG o.s.h.s.r.b.JettyHttpServer - Starting JettyHttpServer...
22:43:22.805 [Test worker] INFO  o.e.j.s.Server - jetty-9.4.18.v20190429; built: 2019-04-29T20:42:08.989Z; git: e1bc35120a6617ee3df052294e433f3a25ce7097; jvm 1.8.0_211-b12
22:43:22.806 [Test worker] INFO  o.e.j.s.AbstractConnector - Started ServerConnector@425d7991{HTTP/1.1,[http/1.1]}{0.0.0.0:54861}
22:43:22.807 [Test worker] INFO  o.e.j.s.Server - Started @75233ms
22:43:22.807 [Test worker] DEBUG o.s.h.s.r.b.JettyHttpServer - Server started on port 54861(0 millis).
22:43:22.807 [Test worker] DEBUG o.s.w.c.RestTemplate - HTTP GET http://localhost:54861/mono
22:43:22.807 [Test worker] DEBUG o.s.w.c.RestTemplate - Accept=[application/json, application/x-jackson-smile, application/*+json]
22:43:22.809 [qtp2012594465-5774] DEBUG o.s.w.s.a.HttpWebHandlerAdapter - [73b5446e] HTTP GET "/mono"
22:43:22.809 [qtp2012594465-5774] DEBUG o.s.w.r.f.s.s.RouterFunctionMapping - [73b5446e] Mapped to org.springframework.web.reactive.function.server.DispatcherHandlerIntegrationTests$TestConfiguration$$Lambda$1431/565923758@1b6d22d7
22:43:22.810 [qtp2012594465-5774] DEBUG o.s.h.c.j.Jackson2JsonEncoder - [73b5446e] Encoding [Person{name='John'}]
22:43:22.810 [qtp2012594465-5774] DEBUG o.s.w.s.a.HttpWebHandlerAdapter - [73b5446e] Completed 200 OK
22:43:22.810 [Test worker] DEBUG o.s.w.c.RestTemplate - Response 200 OK
22:43:22.810 [Test worker] DEBUG o.s.w.c.RestTemplate - Reading to [org.springframework.web.reactive.function.server.DispatcherHandlerIntegrationTests$Person]
22:43:22.810 [Test worker] DEBUG o.s.h.s.r.b.JettyHttpServer - Stopping JettyHttpServer...
22:43:22.810 [Test worker] INFO  o.e.j.s.h.ContextHandler - Stopped o.e.j.s.ServletContextHandler@7335110f{/,null,UNAVAILABLE}
22:43:22.811 [Test worker] INFO  o.e.j.s.AbstractConnector - Stopped ServerConnector@425d7991{HTTP/1.1,[http/1.1]}{0.0.0.0:0}
22:43:22.811 [Test worker] DEBUG o.s.h.s.r.b.JettyHttpServer - Server stopped (0 millis).
22:43:22.826 [Test worker] DEBUG o.s.w.r.r.m.a.RequestMappingHandlerMapping - 1 mappings in 'requestMappingHandlerMapping'
22:43:22.832 [Test worker] DEBUG o.s.w.r.f.s.s.RouterFunctionMapping - 3 RouterFunction(s) in 'routerFunctionMapping'
22:43:22.844 [Test worker] DEBUG o.s.w.r.r.m.a.ControllerMethodResolver - ControllerAdvice beans: none
22:43:22.866 [Test worker] DEBUG o.s.w.s.a.HttpWebHandlerAdapter - enableLoggingRequestDetails='false': form data and headers will be masked to prevent unsafe logging of potentially sensitive data
22:43:22.866 [Test worker] WARN  o.e.j.s.h.ContextHandler - Empty contextPath
22:43:22.867 [Test worker] INFO  o.e.j.s.h.ContextHandler - Started o.e.j.s.ServletContextHandler@29cd40bc{/,null,AVAILABLE}
22:43:22.867 [Test worker] DEBUG o.s.h.s.r.b.JettyHttpServer - Starting JettyHttpServer...
22:43:22.867 [Test worker] INFO  o.e.j.s.Server - jetty-9.4.18.v20190429; built: 2019-04-29T20:42:08.989Z; git: e1bc35120a6617ee3df052294e433f3a25ce7097; jvm 1.8.0_211-b12
22:43:22.868 [Test worker] INFO  o.e.j.s.AbstractConnector - Started ServerConnector@7e4d1a0f{HTTP/1.1,[http/1.1]}{0.0.0.0:54863}
22:43:22.868 [Test worker] INFO  o.e.j.s.Server - Started @75294ms
22:43:22.868 [Test worker] DEBUG o.s.h.s.r.b.JettyHttpServer - Server started on port 54863(0 millis).
22:43:22.868 [Test worker] DEBUG o.s.w.c.RestTemplate - HTTP GET http://localhost:54863/attributes/bar
22:43:22.868 [Test worker] DEBUG o.s.w.c.RestTemplate - Accept=[text/plain, application/json, application/x-jackson-smile, application/*+json, */*]
22:43:22.869 [qtp1028450191-5788] DEBUG o.s.w.s.a.HttpWebHandlerAdapter - [3d0c62c3] HTTP GET "/attributes/bar"
22:43:22.872 [qtp1028450191-5788] DEBUG o.s.w.r.f.s.s.RouterFunctionMapping - [3d0c62c3] Mapped to org.springframework.web.reactive.function.server.DispatcherHandlerIntegrationTests$TestConfiguration$$Lambda$1433/1421042151@5f2b1593
22:43:22.872 [qtp1028450191-5788] DEBUG o.s.w.s.a.HttpWebHandlerAdapter - [3d0c62c3] Completed 200 OK
22:43:22.872 [Test worker] DEBUG o.s.w.c.RestTemplate - Response 200 OK
22:43:22.872 [Test worker] DEBUG o.s.h.s.r.b.JettyHttpServer - Stopping JettyHttpServer...
22:43:22.872 [Test worker] INFO  o.e.j.s.h.ContextHandler - Stopped o.e.j.s.ServletContextHandler@29cd40bc{/,null,UNAVAILABLE}
22:43:22.873 [Test worker] INFO  o.e.j.s.AbstractConnector - Stopped ServerConnector@7e4d1a0f{HTTP/1.1,[http/1.1]}{0.0.0.0:0}
22:43:22.873 [Test worker] DEBUG o.s.h.s.r.b.JettyHttpServer - Server stopped (0 millis).
22:43:22.889 [Test worker] DEBUG o.s.w.r.r.m.a.RequestMappingHandlerMapping - 1 mappings in 'requestMappingHandlerMapping'
22:43:22.894 [Test worker] DEBUG o.s.w.r.f.s.s.RouterFunctionMapping - 3 RouterFunction(s) in 'routerFunctionMapping'
22:43:22.906 [Test worker] DEBUG o.s.w.r.r.m.a.ControllerMethodResolver - ControllerAdvice beans: none
22:43:22.925 [Test worker] DEBUG o.s.w.s.a.HttpWebHandlerAdapter - enableLoggingRequestDetails='false': form data and headers will be masked to prevent unsafe logging of potentially sensitive data
22:43:22.925 [Test worker] WARN  o.e.j.s.h.ContextHandler - Empty contextPath
22:43:22.925 [Test worker] INFO  o.e.j.s.h.ContextHandler - Started o.e.j.s.ServletContextHandler@5f56eaae{/,null,AVAILABLE}
22:43:22.925 [Test worker] DEBUG o.s.h.s.r.b.JettyHttpServer - Starting JettyHttpServer...
22:43:22.925 [Test worker] INFO  o.e.j.s.Server - jetty-9.4.18.v20190429; built: 2019-04-29T20:42:08.989Z; git: e1bc35120a6617ee3df052294e433f3a25ce7097; jvm 1.8.0_211-b12
22:43:22.926 [Test worker] INFO  o.e.j.s.AbstractConnector - Started ServerConnector@5df181c9{HTTP/1.1,[http/1.1]}{0.0.0.0:54865}
22:43:22.926 [Test worker] INFO  o.e.j.s.Server - Started @75353ms
22:43:22.926 [Test worker] DEBUG o.s.h.s.r.b.JettyHttpServer - Server started on port 54865(0 millis).
22:43:22.926 [Test worker] DEBUG o.s.w.c.RestTemplate - HTTP GET http://localhost:54865/controller
22:43:22.927 [Test worker] DEBUG o.s.w.c.RestTemplate - Accept=[application/json, application/x-jackson-smile, application/*+json]
22:43:22.928 [qtp1191104829-5802] DEBUG o.s.w.s.a.HttpWebHandlerAdapter - [56b228b2] HTTP GET "/controller"
22:43:22.928 [qtp1191104829-5802] DEBUG o.s.w.r.r.m.a.RequestMappingHandlerMapping - [56b228b2] Mapped to org.springframework.web.reactive.function.server.DispatcherHandlerIntegrationTests$PersonController#controller()
22:43:22.928 [qtp1191104829-5802] DEBUG o.s.w.r.r.m.a.ResponseBodyResultHandler - Using 'application/json' given [application/json, application/x-jackson-smile, application/*+json] and supported [application/json, application/*+json, application/x-jackson-smile, application/*+x-jackson-smile, text/event-stream]
22:43:22.928 [qtp1191104829-5802] DEBUG o.s.w.r.r.m.a.ResponseBodyResultHandler - [56b228b2] 0..1 [org.springframework.web.reactive.function.server.DispatcherHandlerIntegrationTests$Person]
22:43:22.928 [qtp1191104829-5802] DEBUG o.s.h.c.j.Jackson2JsonEncoder - [56b228b2] Encoding [Person{name='John'}]
22:43:22.929 [Test worker] DEBUG o.s.w.c.RestTemplate - Response 200 OK
22:43:22.929 [qtp1191104829-5802] DEBUG o.s.w.s.a.HttpWebHandlerAdapter - [56b228b2] Completed 200 OK
22:43:22.929 [Test worker] DEBUG o.s.w.c.RestTemplate - Reading to [org.springframework.web.reactive.function.server.DispatcherHandlerIntegrationTests$Person]
22:43:22.929 [Test worker] DEBUG o.s.h.s.r.b.JettyHttpServer - Stopping JettyHttpServer...
22:43:22.929 [Test worker] INFO  o.e.j.s.h.ContextHandler - Stopped o.e.j.s.ServletContextHandler@5f56eaae{/,null,UNAVAILABLE}
22:43:22.930 [Test worker] INFO  o.e.j.s.AbstractConnector - Stopped ServerConnector@5df181c9{HTTP/1.1,[http/1.1]}{0.0.0.0:0}
22:43:22.930 [Test worker] DEBUG o.s.h.s.r.b.JettyHttpServer - Server stopped (0 millis).
22:43:22.943 [Test worker] DEBUG o.s.w.r.r.m.a.RequestMappingHandlerMapping - 1 mappings in 'requestMappingHandlerMapping'
22:43:22.948 [Test worker] DEBUG o.s.w.r.f.s.s.RouterFunctionMapping - 3 RouterFunction(s) in 'routerFunctionMapping'
22:43:22.958 [Test worker] DEBUG o.s.w.r.r.m.a.ControllerMethodResolver - ControllerAdvice beans: none
22:43:22.978 [Test worker] DEBUG o.s.w.s.a.HttpWebHandlerAdapter - enableLoggingRequestDetails='false': form data and headers will be masked to prevent unsafe logging of potentially sensitive data
22:43:22.978 [Test worker] DEBUG o.s.h.s.r.b.ReactorHttpServer - Starting ReactorHttpServer...
22:43:22.978 [Test worker] DEBUG o.s.h.s.r.b.ReactorHttpServer - Server started on port 54867(0 millis).
22:43:22.978 [Test worker] DEBUG o.s.w.c.RestTemplate - HTTP GET http://localhost:54867/flux
22:43:22.978 [Test worker] DEBUG o.s.w.c.RestTemplate - Accept=[application/json, application/x-jackson-smile, application/*+json]
22:43:22.979 [reactor-http-nio-10] DEBUG o.s.w.s.a.HttpWebHandlerAdapter - [f1c398c2] HTTP GET "/flux"
22:43:22.979 [reactor-http-nio-10] DEBUG o.s.w.r.f.s.s.RouterFunctionMapping - [f1c398c2] Mapped to org.springframework.web.reactive.function.server.DispatcherHandlerIntegrationTests$TestConfiguration$$Lambda$1432/1279402484@ee4e98d
22:43:22.980 [reactor-http-nio-10] DEBUG o.s.h.c.j.Jackson2JsonEncoder - [f1c398c2] Encoding [[Person{name='John'}, Person{name='Jane'}]]
22:43:22.980 [Test worker] DEBUG o.s.w.c.RestTemplate - Response 200 OK
22:43:22.980 [reactor-http-nio-10] DEBUG o.s.w.s.a.HttpWebHandlerAdapter - [f1c398c2] Completed 200 OK
22:43:22.981 [Test worker] DEBUG o.s.w.c.RestTemplate - Reading to [java.util.List<org.springframework.web.reactive.function.server.DispatcherHandlerIntegrationTests$Person>]
22:43:22.981 [Test worker] DEBUG o.s.h.s.r.b.ReactorHttpServer - Stopping ReactorHttpServer...
22:43:22.981 [Test worker] DEBUG o.s.h.s.r.b.ReactorHttpServer - Server stopped (0 millis).
22:43:22.994 [Test worker] DEBUG o.s.w.r.r.m.a.RequestMappingHandlerMapping - 1 mappings in 'requestMappingHandlerMapping'
22:43:22.999 [Test worker] DEBUG o.s.w.r.f.s.s.RouterFunctionMapping - 3 RouterFunction(s) in 'routerFunctionMapping'
22:43:23.010 [Test worker] DEBUG o.s.w.r.r.m.a.ControllerMethodResolver - ControllerAdvice beans: none
22:43:23.028 [Test worker] DEBUG o.s.w.s.a.HttpWebHandlerAdapter - enableLoggingRequestDetails='false': form data and headers will be masked to prevent unsafe logging of potentially sensitive data
22:43:23.028 [Test worker] DEBUG o.s.h.s.r.b.ReactorHttpServer - Starting ReactorHttpServer...
22:43:23.029 [Test worker] DEBUG o.s.h.s.r.b.ReactorHttpServer - Server started on port 54872(0 millis).
22:43:23.029 [Test worker] DEBUG o.s.w.c.RestTemplate - HTTP GET http://localhost:54872/mono
22:43:23.029 [Test worker] DEBUG o.s.w.c.RestTemplate - Accept=[application/json, application/x-jackson-smile, application/*+json]
22:43:23.030 [reactor-http-nio-12] DEBUG o.s.w.s.a.HttpWebHandlerAdapter - [e2886be7] HTTP GET "/mono"
22:43:23.030 [reactor-http-nio-12] DEBUG o.s.w.r.f.s.s.RouterFunctionMapping - [e2886be7] Mapped to org.springframework.web.reactive.function.server.DispatcherHandlerIntegrationTests$TestConfiguration$$Lambda$1431/565923758@49bd00bf
22:43:23.030 [reactor-http-nio-12] DEBUG o.s.h.c.j.Jackson2JsonEncoder - [e2886be7] Encoding [Person{name='John'}]
22:43:23.031 [Test worker] DEBUG o.s.w.c.RestTemplate - Response 200 OK
22:43:23.031 [Test worker] DEBUG o.s.w.c.RestTemplate - Reading to [org.springframework.web.reactive.function.server.DispatcherHandlerIntegrationTests$Person]
22:43:23.031 [Test worker] DEBUG o.s.h.s.r.b.ReactorHttpServer - Stopping ReactorHttpServer...
22:43:23.031 [Test worker] DEBUG o.s.h.s.r.b.ReactorHttpServer - Server stopped (0 millis).
22:43:23.044 [Test worker] DEBUG o.s.w.r.r.m.a.RequestMappingHandlerMapping - 1 mappings in 'requestMappingHandlerMapping'
22:43:23.049 [Test worker] DEBUG o.s.w.r.f.s.s.RouterFunctionMapping - 3 RouterFunction(s) in 'routerFunctionMapping'
22:43:23.059 [Test worker] DEBUG o.s.w.r.r.m.a.ControllerMethodResolver - ControllerAdvice beans: none
22:43:23.078 [Test worker] DEBUG o.s.w.s.a.HttpWebHandlerAdapter - enableLoggingRequestDetails='false': form data and headers will be masked to prevent unsafe logging of potentially sensitive data
22:43:23.078 [Test worker] DEBUG o.s.h.s.r.b.ReactorHttpServer - Starting ReactorHttpServer...
22:43:23.078 [Test worker] DEBUG o.s.h.s.r.b.ReactorHttpServer - Server started on port 54874(0 millis).
22:43:23.078 [Test worker] DEBUG o.s.w.c.RestTemplate - HTTP GET http://localhost:54874/attributes/bar
22:43:23.078 [Test worker] DEBUG o.s.w.c.RestTemplate - Accept=[text/plain, application/json, application/x-jackson-smile, application/*+json, */*]
22:43:23.079 [reactor-http-nio-14] DEBUG o.s.w.s.a.HttpWebHandlerAdapter - [59e16578] HTTP GET "/attributes/bar"
22:43:23.080 [reactor-http-nio-14] DEBUG o.s.w.r.f.s.s.RouterFunctionMapping - [59e16578] Mapped to org.springframework.web.reactive.function.server.DispatcherHandlerIntegrationTests$TestConfiguration$$Lambda$1433/1421042151@4e9db59d
22:43:23.080 [reactor-http-nio-14] DEBUG o.s.w.s.a.HttpWebHandlerAdapter - [59e16578] Completed 200 OK
22:43:23.081 [Test worker] DEBUG o.s.w.c.RestTemplate - Response 200 OK
22:43:23.081 [Test worker] DEBUG o.s.h.s.r.b.ReactorHttpServer - Stopping ReactorHttpServer...
22:43:23.081 [Test worker] DEBUG o.s.h.s.r.b.ReactorHttpServer - Server stopped (0 millis).
22:43:23.094 [Test worker] DEBUG o.s.w.r.r.m.a.RequestMappingHandlerMapping - 1 mappings in 'requestMappingHandlerMapping'
22:43:23.099 [Test worker] DEBUG o.s.w.r.f.s.s.RouterFunctionMapping - 3 RouterFunction(s) in 'routerFunctionMapping'
22:43:23.109 [Test worker] DEBUG o.s.w.r.r.m.a.ControllerMethodResolver - ControllerAdvice beans: none
22:43:23.128 [Test worker] DEBUG o.s.w.s.a.HttpWebHandlerAdapter - enableLoggingRequestDetails='false': form data and headers will be masked to prevent unsafe logging of potentially sensitive data
22:43:23.128 [Test worker] DEBUG o.s.h.s.r.b.ReactorHttpServer - Starting ReactorHttpServer...
22:43:23.129 [Test worker] DEBUG o.s.h.s.r.b.ReactorHttpServer - Server started on port 54876(0 millis).
22:43:23.129 [Test worker] DEBUG o.s.w.c.RestTemplate - HTTP GET http://localhost:54876/controller
22:43:23.129 [Test worker] DEBUG o.s.w.c.RestTemplate - Accept=[application/json, application/x-jackson-smile, application/*+json]
22:43:23.130 [reactor-http-nio-16] DEBUG o.s.w.s.a.HttpWebHandlerAdapter - [d95fc3b5] HTTP GET "/controller"
22:43:23.130 [reactor-http-nio-16] DEBUG o.s.w.r.r.m.a.RequestMappingHandlerMapping - [d95fc3b5] Mapped to org.springframework.web.reactive.function.server.DispatcherHandlerIntegrationTests$PersonController#controller()
22:43:23.131 [reactor-http-nio-16] DEBUG o.s.w.r.r.m.a.ResponseBodyResultHandler - Using 'application/json' given [application/json, application/x-jackson-smile, application/*+json] and supported [application/json, application/*+json, application/x-jackson-smile, application/*+x-jackson-smile, text/event-stream]
22:43:23.131 [reactor-http-nio-16] DEBUG o.s.w.r.r.m.a.ResponseBodyResultHandler - [d95fc3b5] 0..1 [org.springframework.web.reactive.function.server.DispatcherHandlerIntegrationTests$Person]
22:43:23.131 [reactor-http-nio-16] DEBUG o.s.h.c.j.Jackson2JsonEncoder - [d95fc3b5] Encoding [Person{name='John'}]
22:43:23.131 [Test worker] DEBUG o.s.w.c.RestTemplate - Response 200 OK
22:43:23.131 [Test worker] DEBUG o.s.w.c.RestTemplate - Reading to [org.springframework.web.reactive.function.server.DispatcherHandlerIntegrationTests$Person]
22:43:23.131 [Test worker] DEBUG o.s.h.s.r.b.ReactorHttpServer - Stopping ReactorHttpServer...
22:43:23.131 [Test worker] DEBUG o.s.h.s.r.b.ReactorHttpServer - Server stopped (0 millis).
22:43:23.145 [Test worker] DEBUG o.s.w.r.r.m.a.RequestMappingHandlerMapping - 1 mappings in 'requestMappingHandlerMapping'
22:43:23.149 [Test worker] DEBUG o.s.w.r.f.s.s.RouterFunctionMapping - 3 RouterFunction(s) in 'routerFunctionMapping'
22:43:23.160 [Test worker] DEBUG o.s.w.r.r.m.a.ControllerMethodResolver - ControllerAdvice beans: none
22:43:23.179 [Test worker] DEBUG o.s.w.s.a.HttpWebHandlerAdapter - enableLoggingRequestDetails='false': form data and headers will be masked to prevent unsafe logging of potentially sensitive data
22:43:23.179 [Test worker] DEBUG o.s.h.s.r.b.TomcatHttpServer - Starting TomcatHttpServer...
22:43:23.184 [Test worker] DEBUG o.s.h.s.r.b.TomcatHttpServer - Server started on port 54878(0 millis).
22:43:23.184 [Test worker] DEBUG o.s.w.c.RestTemplate - HTTP GET http://localhost:54878/flux
22:43:23.184 [Test worker] DEBUG o.s.w.c.RestTemplate - Accept=[application/json, application/x-jackson-smile, application/*+json]
22:43:23.185 [http-nio-auto-124-exec-1] DEBUG o.s.w.s.a.HttpWebHandlerAdapter - [10a2640a] HTTP GET "/flux"
22:43:23.185 [http-nio-auto-124-exec-1] DEBUG o.s.w.r.f.s.s.RouterFunctionMapping - [10a2640a] Mapped to org.springframework.web.reactive.function.server.DispatcherHandlerIntegrationTests$TestConfiguration$$Lambda$1432/1279402484@149de2c6
22:43:23.186 [http-nio-auto-124-exec-1] DEBUG o.s.h.c.j.Jackson2JsonEncoder - [10a2640a] Encoding [[Person{name='John'}, Person{name='Jane'}]]
22:43:23.186 [http-nio-auto-124-exec-1] DEBUG o.s.w.s.a.HttpWebHandlerAdapter - [10a2640a] Completed 200 OK
22:43:23.186 [Test worker] DEBUG o.s.w.c.RestTemplate - Response 200 OK
22:43:23.186 [Test worker] DEBUG o.s.w.c.RestTemplate - Reading to [java.util.List<org.springframework.web.reactive.function.server.DispatcherHandlerIntegrationTests$Person>]
22:43:23.186 [Test worker] DEBUG o.s.h.s.r.b.TomcatHttpServer - Stopping TomcatHttpServer...
22:43:23.197 [Test worker] DEBUG o.s.h.s.r.b.TomcatHttpServer - Server stopped (0 millis).
22:43:23.219 [Test worker] DEBUG o.s.w.r.r.m.a.RequestMappingHandlerMapping - 1 mappings in 'requestMappingHandlerMapping'
22:43:23.224 [Test worker] DEBUG o.s.w.r.f.s.s.RouterFunctionMapping - 3 RouterFunction(s) in 'routerFunctionMapping'
22:43:23.236 [Test worker] DEBUG o.s.w.r.r.m.a.ControllerMethodResolver - ControllerAdvice beans: none
22:43:23.256 [Test worker] DEBUG o.s.w.s.a.HttpWebHandlerAdapter - enableLoggingRequestDetails='false': form data and headers will be masked to prevent unsafe logging of potentially sensitive data
22:43:23.256 [Test worker] DEBUG o.s.h.s.r.b.TomcatHttpServer - Starting TomcatHttpServer...
22:43:23.260 [Test worker] DEBUG o.s.h.s.r.b.TomcatHttpServer - Server started on port 54881(0 millis).
22:43:23.260 [Test worker] DEBUG o.s.w.c.RestTemplate - HTTP GET http://localhost:54881/mono
22:43:23.260 [Test worker] DEBUG o.s.w.c.RestTemplate - Accept=[application/json, application/x-jackson-smile, application/*+json]
22:43:23.261 [http-nio-auto-125-exec-1] DEBUG o.s.w.s.a.HttpWebHandlerAdapter - [684c9bc] HTTP GET "/mono"
22:43:23.261 [http-nio-auto-125-exec-1] DEBUG o.s.w.r.f.s.s.RouterFunctionMapping - [684c9bc] Mapped to org.springframework.web.reactive.function.server.DispatcherHandlerIntegrationTests$TestConfiguration$$Lambda$1431/565923758@2bb4db4
22:43:23.261 [http-nio-auto-125-exec-1] DEBUG o.s.h.c.j.Jackson2JsonEncoder - [684c9bc] Encoding [Person{name='John'}]
22:43:23.262 [http-nio-auto-125-exec-1] DEBUG o.s.w.s.a.HttpWebHandlerAdapter - [684c9bc] Completed 200 OK
22:43:23.262 [Test worker] DEBUG o.s.w.c.RestTemplate - Response 200 OK
22:43:23.262 [Test worker] DEBUG o.s.w.c.RestTemplate - Reading to [org.springframework.web.reactive.function.server.DispatcherHandlerIntegrationTests$Person]
22:43:23.262 [Test worker] DEBUG o.s.h.s.r.b.TomcatHttpServer - Stopping TomcatHttpServer...
22:43:23.273 [Test worker] DEBUG o.s.h.s.r.b.TomcatHttpServer - Server stopped (0 millis).
22:43:23.296 [Test worker] DEBUG o.s.w.r.r.m.a.RequestMappingHandlerMapping - 1 mappings in 'requestMappingHandlerMapping'
22:43:23.301 [Test worker] DEBUG o.s.w.r.f.s.s.RouterFunctionMapping - 3 RouterFunction(s) in 'routerFunctionMapping'
22:43:23.312 [Test worker] DEBUG o.s.w.r.r.m.a.ControllerMethodResolver - ControllerAdvice beans: none
22:43:23.332 [Test worker] DEBUG o.s.w.s.a.HttpWebHandlerAdapter - enableLoggingRequestDetails='false': form data and headers will be masked to prevent unsafe logging of potentially sensitive data
22:43:23.332 [Test worker] DEBUG o.s.h.s.r.b.TomcatHttpServer - Starting TomcatHttpServer...
22:43:23.336 [Test worker] DEBUG o.s.h.s.r.b.TomcatHttpServer - Server started on port 54884(0 millis).
22:43:23.336 [Test worker] DEBUG o.s.w.c.RestTemplate - HTTP GET http://localhost:54884/attributes/bar
22:43:23.336 [Test worker] DEBUG o.s.w.c.RestTemplate - Accept=[text/plain, application/json, application/x-jackson-smile, application/*+json, */*]
22:43:23.337 [http-nio-auto-126-exec-1] DEBUG o.s.w.s.a.HttpWebHandlerAdapter - [46242bec] HTTP GET "/attributes/bar"
22:43:23.338 [http-nio-auto-126-exec-1] DEBUG o.s.w.r.f.s.s.RouterFunctionMapping - [46242bec] Mapped to org.springframework.web.reactive.function.server.DispatcherHandlerIntegrationTests$TestConfiguration$$Lambda$1433/1421042151@421bb7f0
22:43:23.338 [http-nio-auto-126-exec-1] DEBUG o.s.w.s.a.HttpWebHandlerAdapter - [46242bec] Completed 200 OK
22:43:23.338 [Test worker] DEBUG o.s.w.c.RestTemplate - Response 200 OK
22:43:23.338 [Test worker] DEBUG o.s.h.s.r.b.TomcatHttpServer - Stopping TomcatHttpServer...
22:43:23.347 [Test worker] DEBUG o.s.h.s.r.b.TomcatHttpServer - Server stopped (0 millis).
22:43:23.365 [Test worker] DEBUG o.s.w.r.r.m.a.RequestMappingHandlerMapping - 1 mappings in 'requestMappingHandlerMapping'
22:43:23.370 [Test worker] DEBUG o.s.w.r.f.s.s.RouterFunctionMapping - 3 RouterFunction(s) in 'routerFunctionMapping'
22:43:23.380 [Test worker] DEBUG o.s.w.r.r.m.a.ControllerMethodResolver - ControllerAdvice beans: none
22:43:23.398 [Test worker] DEBUG o.s.w.s.a.HttpWebHandlerAdapter - enableLoggingRequestDetails='false': form data and headers will be masked to prevent unsafe logging of potentially sensitive data
22:43:23.399 [Test worker] DEBUG o.s.h.s.r.b.TomcatHttpServer - Starting TomcatHttpServer...
22:43:23.403 [Test worker] DEBUG o.s.h.s.r.b.TomcatHttpServer - Server started on port 54887(0 millis).
22:43:23.403 [Test worker] DEBUG o.s.w.c.RestTemplate - HTTP GET http://localhost:54887/controller
22:43:23.403 [Test worker] DEBUG o.s.w.c.RestTemplate - Accept=[application/json, application/x-jackson-smile, application/*+json]
22:43:23.404 [http-nio-auto-127-exec-1] DEBUG o.s.w.s.a.HttpWebHandlerAdapter - [4e158d3a] HTTP GET "/controller"
22:43:23.404 [http-nio-auto-127-exec-1] DEBUG o.s.w.r.r.m.a.RequestMappingHandlerMapping - [4e158d3a] Mapped to org.springframework.web.reactive.function.server.DispatcherHandlerIntegrationTests$PersonController#controller()
22:43:23.405 [http-nio-auto-127-exec-1] DEBUG o.s.w.r.r.m.a.ResponseBodyResultHandler - Using 'application/json' given [application/json, application/x-jackson-smile, application/*+json] and supported [application/json, application/*+json, application/x-jackson-smile, application/*+x-jackson-smile, text/event-stream]
22:43:23.405 [http-nio-auto-127-exec-1] DEBUG o.s.w.r.r.m.a.ResponseBodyResultHandler - [4e158d3a] 0..1 [org.springframework.web.reactive.function.server.DispatcherHandlerIntegrationTests$Person]
22:43:23.405 [http-nio-auto-127-exec-1] DEBUG o.s.h.c.j.Jackson2JsonEncoder - [4e158d3a] Encoding [Person{name='John'}]
22:43:23.405 [http-nio-auto-127-exec-1] DEBUG o.s.w.s.a.HttpWebHandlerAdapter - [4e158d3a] Completed 200 OK
22:43:23.405 [Test worker] DEBUG o.s.w.c.RestTemplate - Response 200 OK
22:43:23.405 [Test worker] DEBUG o.s.w.c.RestTemplate - Reading to [org.springframework.web.reactive.function.server.DispatcherHandlerIntegrationTests$Person]
22:43:23.406 [Test worker] DEBUG o.s.h.s.r.b.TomcatHttpServer - Stopping TomcatHttpServer...
22:43:23.416 [Test worker] DEBUG o.s.h.s.r.b.TomcatHttpServer - Server stopped (0 millis).
22:43:23.438 [Test worker] DEBUG o.s.w.r.r.m.a.RequestMappingHandlerMapping - 1 mappings in 'requestMappingHandlerMapping'
22:43:23.443 [Test worker] DEBUG o.s.w.r.f.s.s.RouterFunctionMapping - 3 RouterFunction(s) in 'routerFunctionMapping'
22:43:23.453 [Test worker] DEBUG o.s.w.r.r.m.a.ControllerMethodResolver - ControllerAdvice beans: none
22:43:23.472 [Test worker] DEBUG o.s.w.s.a.HttpWebHandlerAdapter - enableLoggingRequestDetails='false': form data and headers will be masked to prevent unsafe logging of potentially sensitive data
22:43:23.472 [Test worker] DEBUG o.s.h.s.r.b.UndertowHttpServer - Starting UndertowHttpServer...
22:43:23.474 [Test worker] DEBUG o.s.h.s.r.b.UndertowHttpServer - Server started on port 54890(0 millis).
22:43:23.474 [Test worker] DEBUG o.s.w.c.RestTemplate - HTTP GET http://localhost:54890/flux
22:43:23.474 [Test worker] DEBUG o.s.w.c.RestTemplate - Accept=[application/json, application/x-jackson-smile, application/*+json]
22:43:23.475 [XNIO-123 I/O-2] DEBUG o.s.w.s.a.HttpWebHandlerAdapter - [5838564b] HTTP GET "/flux"
22:43:23.475 [XNIO-123 I/O-2] DEBUG o.s.w.r.f.s.s.RouterFunctionMapping - [5838564b] Mapped to org.springframework.web.reactive.function.server.DispatcherHandlerIntegrationTests$TestConfiguration$$Lambda$1432/1279402484@5c07c994
22:43:23.475 [XNIO-123 I/O-2] DEBUG o.s.h.c.j.Jackson2JsonEncoder - [5838564b] Encoding [[Person{name='John'}, Person{name='Jane'}]]
22:43:23.475 [XNIO-123 I/O-2] DEBUG o.s.w.s.a.HttpWebHandlerAdapter - [5838564b] Completed 200 OK
22:43:23.475 [Test worker] DEBUG o.s.w.c.RestTemplate - Response 200 OK
22:43:23.476 [Test worker] DEBUG o.s.w.c.RestTemplate - Reading to [java.util.List<org.springframework.web.reactive.function.server.DispatcherHandlerIntegrationTests$Person>]
22:43:23.476 [Test worker] DEBUG o.s.h.s.r.b.UndertowHttpServer - Stopping UndertowHttpServer...
22:43:23.476 [Test worker] DEBUG o.s.h.s.r.b.UndertowHttpServer - Server stopped (0 millis).
22:43:23.489 [Test worker] DEBUG o.s.w.r.r.m.a.RequestMappingHandlerMapping - 1 mappings in 'requestMappingHandlerMapping'
22:43:23.494 [Test worker] DEBUG o.s.w.r.f.s.s.RouterFunctionMapping - 3 RouterFunction(s) in 'routerFunctionMapping'
22:43:23.505 [Test worker] DEBUG o.s.w.r.r.m.a.ControllerMethodResolver - ControllerAdvice beans: none
22:43:23.524 [Test worker] DEBUG o.s.w.s.a.HttpWebHandlerAdapter - enableLoggingRequestDetails='false': form data and headers will be masked to prevent unsafe logging of potentially sensitive data
22:43:23.524 [Test worker] DEBUG o.s.h.s.r.b.UndertowHttpServer - Starting UndertowHttpServer...
22:43:23.525 [Test worker] DEBUG o.s.h.s.r.b.UndertowHttpServer - Server started on port 54892(0 millis).
22:43:23.526 [Test worker] DEBUG o.s.w.c.RestTemplate - HTTP GET http://localhost:54892/mono
22:43:23.526 [Test worker] DEBUG o.s.w.c.RestTemplate - Accept=[application/json, application/x-jackson-smile, application/*+json]
22:43:23.527 [XNIO-124 I/O-2] DEBUG o.s.w.s.a.HttpWebHandlerAdapter - [5a07363] HTTP GET "/mono"
22:43:23.527 [XNIO-124 I/O-2] DEBUG o.s.w.r.f.s.s.RouterFunctionMapping - [5a07363] Mapped to org.springframework.web.reactive.function.server.DispatcherHandlerIntegrationTests$TestConfiguration$$Lambda$1431/565923758@19ff70f
22:43:23.527 [XNIO-124 I/O-2] DEBUG o.s.h.c.j.Jackson2JsonEncoder - [5a07363] Encoding [Person{name='John'}]
22:43:23.527 [XNIO-124 I/O-2] DEBUG o.s.w.s.a.HttpWebHandlerAdapter - [5a07363] Completed 200 OK
22:43:23.527 [Test worker] DEBUG o.s.w.c.RestTemplate - Response 200 OK
22:43:23.528 [Test worker] DEBUG o.s.w.c.RestTemplate - Reading to [org.springframework.web.reactive.function.server.DispatcherHandlerIntegrationTests$Person]
22:43:23.528 [Test worker] DEBUG o.s.h.s.r.b.UndertowHttpServer - Stopping UndertowHttpServer...
22:43:23.528 [Test worker] DEBUG o.s.h.s.r.b.UndertowHttpServer - Server stopped (0 millis).
22:43:23.541 [Test worker] DEBUG o.s.w.r.r.m.a.RequestMappingHandlerMapping - 1 mappings in 'requestMappingHandlerMapping'
22:43:23.546 [Test worker] DEBUG o.s.w.r.f.s.s.RouterFunctionMapping - 3 RouterFunction(s) in 'routerFunctionMapping'
22:43:23.558 [Test worker] DEBUG o.s.w.r.r.m.a.ControllerMethodResolver - ControllerAdvice beans: none
22:43:23.576 [Test worker] DEBUG o.s.w.s.a.HttpWebHandlerAdapter - enableLoggingRequestDetails='false': form data and headers will be masked to prevent unsafe logging of potentially sensitive data
22:43:23.576 [Test worker] DEBUG o.s.h.s.r.b.UndertowHttpServer - Starting UndertowHttpServer...
22:43:23.578 [Test worker] DEBUG o.s.h.s.r.b.UndertowHttpServer - Server started on port 54894(0 millis).
22:43:23.578 [Test worker] DEBUG o.s.w.c.RestTemplate - HTTP GET http://localhost:54894/attributes/bar
22:43:23.578 [Test worker] DEBUG o.s.w.c.RestTemplate - Accept=[text/plain, application/json, application/x-jackson-smile, application/*+json, */*]
22:43:23.579 [XNIO-125 I/O-2] DEBUG o.s.w.s.a.HttpWebHandlerAdapter - [694a086c] HTTP GET "/attributes/bar"
22:43:23.579 [XNIO-125 I/O-2] DEBUG o.s.w.r.f.s.s.RouterFunctionMapping - [694a086c] Mapped to org.springframework.web.reactive.function.server.DispatcherHandlerIntegrationTests$TestConfiguration$$Lambda$1433/1421042151@6d75819d
22:43:23.579 [XNIO-125 I/O-2] DEBUG o.s.w.s.a.HttpWebHandlerAdapter - [694a086c] Completed 200 OK
22:43:23.579 [Test worker] DEBUG o.s.w.c.RestTemplate - Response 200 OK
22:43:23.579 [Test worker] DEBUG o.s.h.s.r.b.UndertowHttpServer - Stopping UndertowHttpServer...
22:43:23.580 [Test worker] DEBUG o.s.h.s.r.b.UndertowHttpServer - Server stopped (0 millis).
22:43:23.593 [Test worker] DEBUG o.s.w.r.r.m.a.RequestMappingHandlerMapping - 1 mappings in 'requestMappingHandlerMapping'
22:43:23.598 [Test worker] DEBUG o.s.w.r.f.s.s.RouterFunctionMapping - 3 RouterFunction(s) in 'routerFunctionMapping'
22:43:23.608 [Test worker] DEBUG o.s.w.r.r.m.a.ControllerMethodResolver - ControllerAdvice beans: none
22:43:23.628 [Test worker] DEBUG o.s.w.s.a.HttpWebHandlerAdapter - enableLoggingRequestDetails='false': form data and headers will be masked to prevent unsafe logging of potentially sensitive data
22:43:23.628 [Test worker] DEBUG o.s.h.s.r.b.UndertowHttpServer - Starting UndertowHttpServer...
22:43:23.630 [Test worker] DEBUG o.s.h.s.r.b.UndertowHttpServer - Server started on port 54896(0 millis).
22:43:23.630 [Test worker] DEBUG o.s.w.c.RestTemplate - HTTP GET http://localhost:54896/controller
22:43:23.630 [Test worker] DEBUG o.s.w.c.RestTemplate - Accept=[application/json, application/x-jackson-smile, application/*+json]
22:43:23.630 [XNIO-126 I/O-2] DEBUG o.s.w.s.a.HttpWebHandlerAdapter - [4d815eb7] HTTP GET "/controller"
22:43:23.631 [XNIO-126 I/O-2] DEBUG o.s.w.r.r.m.a.RequestMappingHandlerMapping - [4d815eb7] Mapped to org.springframework.web.reactive.function.server.DispatcherHandlerIntegrationTests$PersonController#controller()
22:43:23.631 [XNIO-126 I/O-2] DEBUG o.s.w.r.r.m.a.ResponseBodyResultHandler - Using 'application/json' given [application/json, application/x-jackson-smile, application/*+json] and supported [application/json, application/*+json, application/x-jackson-smile, application/*+x-jackson-smile, text/event-stream]
22:43:23.631 [XNIO-126 I/O-2] DEBUG o.s.w.r.r.m.a.ResponseBodyResultHandler - [4d815eb7] 0..1 [org.springframework.web.reactive.function.server.DispatcherHandlerIntegrationTests$Person]
22:43:23.631 [XNIO-126 I/O-2] DEBUG o.s.h.c.j.Jackson2JsonEncoder - [4d815eb7] Encoding [Person{name='John'}]
22:43:23.631 [XNIO-126 I/O-2] DEBUG o.s.w.s.a.HttpWebHandlerAdapter - [4d815eb7] Completed 200 OK
22:43:23.631 [Test worker] DEBUG o.s.w.c.RestTemplate - Response 200 OK
22:43:23.632 [Test worker] DEBUG o.s.w.c.RestTemplate - Reading to [org.springframework.web.reactive.function.server.DispatcherHandlerIntegrationTests$Person]
22:43:23.632 [Test worker] DEBUG o.s.h.s.r.b.UndertowHttpServer - Stopping UndertowHttpServer...
22:43:23.633 [Test worker] DEBUG o.s.h.s.r.b.UndertowHttpServer - Server stopped (0 millis).
]]></system-out>
  <system-err><![CDATA[十一月 25, 2020 10:43:23 下午 org.apache.catalina.core.StandardService startInternal
信息: Starting service [Tomcat]
十一月 25, 2020 10:43:23 下午 org.apache.catalina.core.StandardEngine startInternal
信息: Starting Servlet engine: [Apache Tomcat/9.0.21]
十一月 25, 2020 10:43:23 下午 org.apache.coyote.AbstractProtocol init
信息: Initializing ProtocolHandler ["http-nio-auto-124"]
十一月 25, 2020 10:43:23 下午 org.apache.coyote.AbstractProtocol start
信息: Starting ProtocolHandler ["http-nio-auto-124-54878"]
十一月 25, 2020 10:43:23 下午 org.apache.coyote.AbstractProtocol pause
信息: Pausing ProtocolHandler ["http-nio-auto-124-54878"]
十一月 25, 2020 10:43:23 下午 org.apache.catalina.core.StandardService stopInternal
信息: Stopping service [Tomcat]
十一月 25, 2020 10:43:23 下午 org.apache.coyote.AbstractProtocol stop
信息: Stopping ProtocolHandler ["http-nio-auto-124-54878"]
十一月 25, 2020 10:43:23 下午 org.apache.coyote.AbstractProtocol destroy
信息: Destroying ProtocolHandler ["http-nio-auto-124-54878"]
十一月 25, 2020 10:43:23 下午 org.apache.catalina.core.StandardService startInternal
信息: Starting service [Tomcat]
十一月 25, 2020 10:43:23 下午 org.apache.catalina.core.StandardEngine startInternal
信息: Starting Servlet engine: [Apache Tomcat/9.0.21]
十一月 25, 2020 10:43:23 下午 org.apache.coyote.AbstractProtocol init
信息: Initializing ProtocolHandler ["http-nio-auto-125"]
十一月 25, 2020 10:43:23 下午 org.apache.coyote.AbstractProtocol start
信息: Starting ProtocolHandler ["http-nio-auto-125-54881"]
十一月 25, 2020 10:43:23 下午 org.apache.coyote.AbstractProtocol pause
信息: Pausing ProtocolHandler ["http-nio-auto-125-54881"]
十一月 25, 2020 10:43:23 下午 org.apache.catalina.core.StandardService stopInternal
信息: Stopping service [Tomcat]
十一月 25, 2020 10:43:23 下午 org.apache.coyote.AbstractProtocol stop
信息: Stopping ProtocolHandler ["http-nio-auto-125-54881"]
十一月 25, 2020 10:43:23 下午 org.apache.coyote.AbstractProtocol destroy
信息: Destroying ProtocolHandler ["http-nio-auto-125-54881"]
十一月 25, 2020 10:43:23 下午 org.apache.catalina.core.StandardService startInternal
信息: Starting service [Tomcat]
十一月 25, 2020 10:43:23 下午 org.apache.catalina.core.StandardEngine startInternal
信息: Starting Servlet engine: [Apache Tomcat/9.0.21]
十一月 25, 2020 10:43:23 下午 org.apache.coyote.AbstractProtocol init
信息: Initializing ProtocolHandler ["http-nio-auto-126"]
十一月 25, 2020 10:43:23 下午 org.apache.coyote.AbstractProtocol start
信息: Starting ProtocolHandler ["http-nio-auto-126-54884"]
十一月 25, 2020 10:43:23 下午 org.apache.coyote.AbstractProtocol pause
信息: Pausing ProtocolHandler ["http-nio-auto-126-54884"]
十一月 25, 2020 10:43:23 下午 org.apache.catalina.core.StandardService stopInternal
信息: Stopping service [Tomcat]
十一月 25, 2020 10:43:23 下午 org.apache.coyote.AbstractProtocol stop
信息: Stopping ProtocolHandler ["http-nio-auto-126-54884"]
十一月 25, 2020 10:43:23 下午 org.apache.coyote.AbstractProtocol destroy
信息: Destroying ProtocolHandler ["http-nio-auto-126-54884"]
十一月 25, 2020 10:43:23 下午 org.apache.catalina.core.StandardService startInternal
信息: Starting service [Tomcat]
十一月 25, 2020 10:43:23 下午 org.apache.catalina.core.StandardEngine startInternal
信息: Starting Servlet engine: [Apache Tomcat/9.0.21]
十一月 25, 2020 10:43:23 下午 org.apache.coyote.AbstractProtocol init
信息: Initializing ProtocolHandler ["http-nio-auto-127"]
十一月 25, 2020 10:43:23 下午 org.apache.coyote.AbstractProtocol start
信息: Starting ProtocolHandler ["http-nio-auto-127-54887"]
十一月 25, 2020 10:43:23 下午 org.apache.coyote.AbstractProtocol pause
信息: Pausing ProtocolHandler ["http-nio-auto-127-54887"]
十一月 25, 2020 10:43:23 下午 org.apache.catalina.core.StandardService stopInternal
信息: Stopping service [Tomcat]
十一月 25, 2020 10:43:23 下午 org.apache.coyote.AbstractProtocol stop
信息: Stopping ProtocolHandler ["http-nio-auto-127-54887"]
十一月 25, 2020 10:43:23 下午 org.apache.coyote.AbstractProtocol destroy
信息: Destroying ProtocolHandler ["http-nio-auto-127-54887"]
]]></system-err>
</testsuite>
