<?xml version="1.0" encoding="UTF-8"?>
<testsuite name="org.springframework.web.reactive.result.method.annotation.ResponseBodyResultHandlerTests" tests="3" skipped="0" failures="0" errors="0" timestamp="2019-06-21T11:47:35" hostname="Macbook-Air.local" time="0.022">
  <properties/>
  <testcase name="supports" classname="org.springframework.web.reactive.result.method.annotation.ResponseBodyResultHandlerTests" time="0.011"/>
  <testcase name="defaultOrder" classname="org.springframework.web.reactive.result.method.annotation.ResponseBodyResultHandlerTests" time="0.003"/>
  <testcase name="supportsRestController" classname="org.springframework.web.reactive.result.method.annotation.ResponseBodyResultHandlerTests" time="0.008"/>
  <system-out><![CDATA[]]></system-out>
  <system-err><![CDATA[]]></system-err>
</testsuite>
