<?xml version="1.0" encoding="UTF-8"?>
<testsuite name="org.springframework.web.reactive.result.method.annotation.RequestMappingExceptionHandlingIntegrationTests" tests="24" skipped="0" failures="0" errors="0" timestamp="2020-11-25T14:42:25" hostname="lichangbaodeMacBook-Pro.local" time="2.981">
  <properties/>
  <testcase name="errorBeforeFirstItem[server [org.springframework.http.server.reactive.bootstrap.JettyHttpServer@3b957dc3]]" classname="org.springframework.web.reactive.result.method.annotation.RequestMappingExceptionHandlingIntegrationTests" time="0.162"/>
  <testcase name="thrownExceptionWithCauseToHandle[server [org.springframework.http.server.reactive.bootstrap.JettyHttpServer@3b957dc3]]" classname="org.springframework.web.reactive.result.method.annotation.RequestMappingExceptionHandlingIntegrationTests" time="0.141"/>
  <testcase name="exceptionFromMethodWithProducesCondition[server [org.springframework.http.server.reactive.bootstrap.JettyHttpServer@3b957dc3]]" classname="org.springframework.web.reactive.result.method.annotation.RequestMappingExceptionHandlingIntegrationTests" time="0.183"/>
  <testcase name="thrownException[server [org.springframework.http.server.reactive.bootstrap.JettyHttpServer@3b957dc3]]" classname="org.springframework.web.reactive.result.method.annotation.RequestMappingExceptionHandlingIntegrationTests" time="0.108"/>
  <testcase name="exceptionAfterSeveralItems[server [org.springframework.http.server.reactive.bootstrap.JettyHttpServer@3b957dc3]]" classname="org.springframework.web.reactive.result.method.annotation.RequestMappingExceptionHandlingIntegrationTests" time="0.222"/>
  <testcase name="thrownExceptionWithCause[server [org.springframework.http.server.reactive.bootstrap.JettyHttpServer@3b957dc3]]" classname="org.springframework.web.reactive.result.method.annotation.RequestMappingExceptionHandlingIntegrationTests" time="0.101"/>
  <testcase name="errorBeforeFirstItem[server [org.springframework.http.server.reactive.bootstrap.ReactorHttpServer@3897ffa4]]" classname="org.springframework.web.reactive.result.method.annotation.RequestMappingExceptionHandlingIntegrationTests" time="0.09"/>
  <testcase name="thrownExceptionWithCauseToHandle[server [org.springframework.http.server.reactive.bootstrap.ReactorHttpServer@3897ffa4]]" classname="org.springframework.web.reactive.result.method.annotation.RequestMappingExceptionHandlingIntegrationTests" time="0.085"/>
  <testcase name="exceptionFromMethodWithProducesCondition[server [org.springframework.http.server.reactive.bootstrap.ReactorHttpServer@3897ffa4]]" classname="org.springframework.web.reactive.result.method.annotation.RequestMappingExceptionHandlingIntegrationTests" time="0.086"/>
  <testcase name="thrownException[server [org.springframework.http.server.reactive.bootstrap.ReactorHttpServer@3897ffa4]]" classname="org.springframework.web.reactive.result.method.annotation.RequestMappingExceptionHandlingIntegrationTests" time="0.083"/>
  <testcase name="exceptionAfterSeveralItems[server [org.springframework.http.server.reactive.bootstrap.ReactorHttpServer@3897ffa4]]" classname="org.springframework.web.reactive.result.method.annotation.RequestMappingExceptionHandlingIntegrationTests" time="0.226"/>
  <testcase name="thrownExceptionWithCause[server [org.springframework.http.server.reactive.bootstrap.ReactorHttpServer@3897ffa4]]" classname="org.springframework.web.reactive.result.method.annotation.RequestMappingExceptionHandlingIntegrationTests" time="0.089"/>
  <testcase name="errorBeforeFirstItem[server [org.springframework.http.server.reactive.bootstrap.TomcatHttpServer@516a66ba]]" classname="org.springframework.web.reactive.result.method.annotation.RequestMappingExceptionHandlingIntegrationTests" time="0.105"/>
  <testcase name="thrownExceptionWithCauseToHandle[server [org.springframework.http.server.reactive.bootstrap.TomcatHttpServer@516a66ba]]" classname="org.springframework.web.reactive.result.method.annotation.RequestMappingExceptionHandlingIntegrationTests" time="0.106"/>
  <testcase name="exceptionFromMethodWithProducesCondition[server [org.springframework.http.server.reactive.bootstrap.TomcatHttpServer@516a66ba]]" classname="org.springframework.web.reactive.result.method.annotation.RequestMappingExceptionHandlingIntegrationTests" time="0.13"/>
  <testcase name="thrownException[server [org.springframework.http.server.reactive.bootstrap.TomcatHttpServer@516a66ba]]" classname="org.springframework.web.reactive.result.method.annotation.RequestMappingExceptionHandlingIntegrationTests" time="0.124"/>
  <testcase name="exceptionAfterSeveralItems[server [org.springframework.http.server.reactive.bootstrap.TomcatHttpServer@516a66ba]]" classname="org.springframework.web.reactive.result.method.annotation.RequestMappingExceptionHandlingIntegrationTests" time="0.16"/>
  <testcase name="thrownExceptionWithCause[server [org.springframework.http.server.reactive.bootstrap.TomcatHttpServer@516a66ba]]" classname="org.springframework.web.reactive.result.method.annotation.RequestMappingExceptionHandlingIntegrationTests" time="0.126"/>
  <testcase name="errorBeforeFirstItem[server [org.springframework.http.server.reactive.bootstrap.UndertowHttpServer@53943a02]]" classname="org.springframework.web.reactive.result.method.annotation.RequestMappingExceptionHandlingIntegrationTests" time="0.117"/>
  <testcase name="thrownExceptionWithCauseToHandle[server [org.springframework.http.server.reactive.bootstrap.UndertowHttpServer@53943a02]]" classname="org.springframework.web.reactive.result.method.annotation.RequestMappingExceptionHandlingIntegrationTests" time="0.126"/>
  <testcase name="exceptionFromMethodWithProducesCondition[server [org.springframework.http.server.reactive.bootstrap.UndertowHttpServer@53943a02]]" classname="org.springframework.web.reactive.result.method.annotation.RequestMappingExceptionHandlingIntegrationTests" time="0.089"/>
  <testcase name="thrownException[server [org.springframework.http.server.reactive.bootstrap.UndertowHttpServer@53943a02]]" classname="org.springframework.web.reactive.result.method.annotation.RequestMappingExceptionHandlingIntegrationTests" time="0.097"/>
  <testcase name="exceptionAfterSeveralItems[server [org.springframework.http.server.reactive.bootstrap.UndertowHttpServer@53943a02]]" classname="org.springframework.web.reactive.result.method.annotation.RequestMappingExceptionHandlingIntegrationTests" time="0.133"/>
  <testcase name="thrownExceptionWithCause[server [org.springframework.http.server.reactive.bootstrap.UndertowHttpServer@53943a02]]" classname="org.springframework.web.reactive.result.method.annotation.RequestMappingExceptionHandlingIntegrationTests" time="0.091"/>
  <system-out><![CDATA[22:42:25.851 [Test worker] DEBUG o.s.w.r.r.m.a.RequestMappingHandlerMapping - 6 mappings in 'requestMappingHandlerMapping'
22:42:25.879 [Test worker] DEBUG o.s.w.r.r.m.a.ControllerMethodResolver - ControllerAdvice beans: none
22:42:25.923 [Test worker] DEBUG o.s.w.s.a.HttpWebHandlerAdapter - enableLoggingRequestDetails='false': form data and headers will be masked to prevent unsafe logging of potentially sensitive data
22:42:25.923 [Test worker] WARN  o.e.j.s.h.ContextHandler - Empty contextPath
22:42:25.923 [Test worker] INFO  o.e.j.s.h.ContextHandler - Started o.e.j.s.ServletContextHandler@7822d2e7{/,null,AVAILABLE}
22:42:25.924 [Test worker] DEBUG o.s.h.s.r.b.JettyHttpServer - Starting JettyHttpServer...
22:42:25.924 [Test worker] INFO  o.e.j.s.Server - jetty-9.4.18.v20190429; built: 2019-04-29T20:42:08.989Z; git: e1bc35120a6617ee3df052294e433f3a25ce7097; jvm 1.8.0_211-b12
22:42:25.928 [Test worker] INFO  o.e.j.s.AbstractConnector - Started ServerConnector@590b641c{HTTP/1.1,[http/1.1]}{0.0.0.0:53662}
22:42:25.928 [Test worker] INFO  o.e.j.s.Server - Started @18354ms
22:42:25.928 [Test worker] DEBUG o.s.h.s.r.b.JettyHttpServer - Server started on port 53662(0 millis).
22:42:25.928 [Test worker] DEBUG o.s.w.c.RestTemplate - HTTP GET http://localhost:53662/mono-error
22:42:25.928 [Test worker] DEBUG o.s.w.c.RestTemplate - Accept=[text/plain, application/json, application/x-jackson-smile, application/*+json, */*]
22:42:25.930 [qtp1947529748-287] DEBUG o.s.w.s.a.HttpWebHandlerAdapter - [2c8dd73d] HTTP GET "/mono-error"
22:42:25.930 [qtp1947529748-287] DEBUG o.s.w.r.r.m.a.RequestMappingHandlerMapping - [2c8dd73d] Mapped to org.springframework.web.reactive.result.method.annotation.RequestMappingExceptionHandlingIntegrationTests$TestController#handleWithError()
22:42:25.932 [qtp1947529748-287] DEBUG o.s.w.r.r.m.a.ResponseBodyResultHandler - Using 'text/plain;charset=UTF-8' given [text/plain, application/json, application/x-jackson-smile, application/*+json, */*] and supported [text/plain;charset=UTF-8, text/event-stream, text/plain;charset=UTF-8, */*]
22:42:25.932 [qtp1947529748-287] DEBUG o.s.w.r.r.m.a.ResponseBodyResultHandler - [2c8dd73d] 0..1 [java.lang.String]
22:42:25.934 [qtp1947529748-287] DEBUG o.s.w.r.r.m.a.RequestMappingHandlerAdapter - [2c8dd73d] Using @ExceptionHandler org.springframework.web.reactive.result.method.annotation.RequestMappingExceptionHandlingIntegrationTests$TestController#handleArgumentException(IllegalArgumentException)
22:42:25.934 [qtp1947529748-287] DEBUG o.s.w.r.r.m.a.ResponseBodyResultHandler - Using 'text/plain;charset=UTF-8' given [text/plain, application/json, application/x-jackson-smile, application/*+json, */*] and supported [text/plain;charset=UTF-8, text/event-stream, text/plain;charset=UTF-8, */*]
22:42:25.934 [qtp1947529748-287] DEBUG o.s.w.r.r.m.a.ResponseBodyResultHandler - [2c8dd73d] 0..1 [java.lang.String]
22:42:25.935 [qtp1947529748-287] DEBUG o.s.c.c.CharSequenceEncoder - [2c8dd73d] Writing "Recovered from error: Argument"
22:42:25.936 [qtp1947529748-287] DEBUG o.s.w.s.a.HttpWebHandlerAdapter - [2c8dd73d] Completed 200 OK
22:42:25.938 [Test worker] DEBUG o.s.w.c.RestTemplate - Response 200 OK
22:42:25.938 [Test worker] DEBUG o.s.w.c.RestTemplate - Reading to [java.lang.String] as "text/plain;charset=utf-8"
22:42:25.938 [Test worker] DEBUG o.s.h.s.r.b.JettyHttpServer - Stopping JettyHttpServer...
22:42:25.938 [Test worker] INFO  o.e.j.s.h.ContextHandler - Stopped o.e.j.s.ServletContextHandler@7822d2e7{/,null,UNAVAILABLE}
22:42:25.939 [Test worker] INFO  o.e.j.s.AbstractConnector - Stopped ServerConnector@590b641c{HTTP/1.1,[http/1.1]}{0.0.0.0:0}
22:42:25.940 [Test worker] DEBUG o.s.h.s.r.b.JettyHttpServer - Server stopped (0 millis).
22:42:25.994 [Test worker] DEBUG o.s.w.r.r.m.a.RequestMappingHandlerMapping - 6 mappings in 'requestMappingHandlerMapping'
22:42:26.026 [Test worker] DEBUG o.s.w.r.r.m.a.ControllerMethodResolver - ControllerAdvice beans: none
22:42:26.070 [Test worker] DEBUG o.s.w.s.a.HttpWebHandlerAdapter - enableLoggingRequestDetails='false': form data and headers will be masked to prevent unsafe logging of potentially sensitive data
22:42:26.070 [Test worker] WARN  o.e.j.s.h.ContextHandler - Empty contextPath
22:42:26.071 [Test worker] INFO  o.e.j.s.h.ContextHandler - Started o.e.j.s.ServletContextHandler@21d447ad{/,null,AVAILABLE}
22:42:26.071 [Test worker] DEBUG o.s.h.s.r.b.JettyHttpServer - Starting JettyHttpServer...
22:42:26.071 [Test worker] INFO  o.e.j.s.Server - jetty-9.4.18.v20190429; built: 2019-04-29T20:42:08.989Z; git: e1bc35120a6617ee3df052294e433f3a25ce7097; jvm 1.8.0_211-b12
22:42:26.073 [Test worker] INFO  o.e.j.s.AbstractConnector - Started ServerConnector@14b4bc73{HTTP/1.1,[http/1.1]}{0.0.0.0:53664}
22:42:26.073 [Test worker] INFO  o.e.j.s.Server - Started @18500ms
22:42:26.074 [Test worker] DEBUG o.s.h.s.r.b.JettyHttpServer - Server started on port 53664(0 millis).
22:42:26.074 [Test worker] DEBUG o.s.w.c.RestTemplate - HTTP GET http://localhost:53664/thrown-exception-with-cause-to-handle
22:42:26.074 [Test worker] DEBUG o.s.w.c.RestTemplate - Accept=[text/plain, application/json, application/x-jackson-smile, application/*+json, */*]
22:42:26.075 [qtp874865695-300] DEBUG o.s.w.s.a.HttpWebHandlerAdapter - [26641244] HTTP GET "/thrown-exception-with-cause-to-handle"
22:42:26.076 [qtp874865695-300] DEBUG o.s.w.r.r.m.a.RequestMappingHandlerMapping - [26641244] Mapped to org.springframework.web.reactive.result.method.annotation.RequestMappingExceptionHandlingIntegrationTests$TestController#handleAndThrowExceptionWithCauseToHandle()
22:42:26.077 [qtp874865695-300] DEBUG o.s.w.r.r.m.a.RequestMappingHandlerAdapter - [26641244] Using @ExceptionHandler org.springframework.web.reactive.result.method.annotation.RequestMappingExceptionHandlingIntegrationTests$TestController#handleArgumentException(IOException)
22:42:26.077 [qtp874865695-300] DEBUG o.s.w.r.r.m.a.ResponseBodyResultHandler - Using 'text/plain;charset=UTF-8' given [text/plain, application/json, application/x-jackson-smile, application/*+json, */*] and supported [text/plain;charset=UTF-8, text/event-stream, text/plain;charset=UTF-8, */*]
22:42:26.077 [qtp874865695-300] DEBUG o.s.w.r.r.m.a.ResponseBodyResultHandler - [26641244] 0..1 [java.lang.String]
22:42:26.077 [qtp874865695-300] DEBUG o.s.c.c.CharSequenceEncoder - [26641244] Writing "Recovered from error: IO"
22:42:26.078 [qtp874865695-300] DEBUG o.s.w.s.a.HttpWebHandlerAdapter - [26641244] Completed 200 OK
22:42:26.078 [Test worker] DEBUG o.s.w.c.RestTemplate - Response 200 OK
22:42:26.078 [Test worker] DEBUG o.s.w.c.RestTemplate - Reading to [java.lang.String] as "text/plain;charset=utf-8"
22:42:26.078 [Test worker] DEBUG o.s.h.s.r.b.JettyHttpServer - Stopping JettyHttpServer...
22:42:26.078 [Test worker] INFO  o.e.j.s.h.ContextHandler - Stopped o.e.j.s.ServletContextHandler@21d447ad{/,null,UNAVAILABLE}
22:42:26.080 [Test worker] INFO  o.e.j.s.AbstractConnector - Stopped ServerConnector@14b4bc73{HTTP/1.1,[http/1.1]}{0.0.0.0:0}
22:42:26.080 [Test worker] DEBUG o.s.h.s.r.b.JettyHttpServer - Server stopped (0 millis).
22:42:26.133 [Test worker] DEBUG o.s.w.r.r.m.a.RequestMappingHandlerMapping - 6 mappings in 'requestMappingHandlerMapping'
22:42:26.215 [Test worker] DEBUG o.s.w.r.r.m.a.ControllerMethodResolver - ControllerAdvice beans: none
22:42:26.246 [Test worker] DEBUG o.s.w.s.a.HttpWebHandlerAdapter - enableLoggingRequestDetails='false': form data and headers will be masked to prevent unsafe logging of potentially sensitive data
22:42:26.246 [Test worker] WARN  o.e.j.s.h.ContextHandler - Empty contextPath
22:42:26.246 [Test worker] INFO  o.e.j.s.h.ContextHandler - Started o.e.j.s.ServletContextHandler@5d4a624e{/,null,AVAILABLE}
22:42:26.246 [Test worker] DEBUG o.s.h.s.r.b.JettyHttpServer - Starting JettyHttpServer...
22:42:26.246 [Test worker] INFO  o.e.j.s.Server - jetty-9.4.18.v20190429; built: 2019-04-29T20:42:08.989Z; git: e1bc35120a6617ee3df052294e433f3a25ce7097; jvm 1.8.0_211-b12
22:42:26.250 [Test worker] INFO  o.e.j.s.AbstractConnector - Started ServerConnector@2a68e022{HTTP/1.1,[http/1.1]}{0.0.0.0:53666}
22:42:26.250 [Test worker] INFO  o.e.j.s.Server - Started @18676ms
22:42:26.250 [Test worker] DEBUG o.s.h.s.r.b.JettyHttpServer - Server started on port 53666(0 millis).
22:42:26.251 [Test worker] DEBUG o.s.w.c.RestTemplate - HTTP GET http://localhost:53666/SPR-16318
22:42:26.251 [Test worker] DEBUG o.s.w.c.RestTemplate - Accept=[text/plain, application/json, application/x-jackson-smile, application/*+json, */*]
22:42:26.253 [qtp1694569973-314] DEBUG o.s.w.s.a.HttpWebHandlerAdapter - [1fea6c6e] HTTP GET "/SPR-16318"
22:42:26.253 [qtp1694569973-314] DEBUG o.s.w.r.r.m.a.RequestMappingHandlerMapping - [1fea6c6e] Mapped to org.springframework.web.reactive.result.method.annotation.RequestMappingExceptionHandlingIntegrationTests$TestController#handleTextPlain()
22:42:26.254 [qtp1694569973-314] DEBUG o.s.w.r.r.m.a.ResponseBodyResultHandler - Using 'text/plain' given [text/plain, application/problem+json] and supported [text/plain]
22:42:26.254 [qtp1694569973-314] DEBUG o.s.w.r.r.m.a.ResponseBodyResultHandler - [1fea6c6e] 0..1 [java.lang.String]
22:42:26.255 [qtp1694569973-314] DEBUG o.s.w.r.r.m.a.RequestMappingHandlerAdapter - [1fea6c6e] Using @ExceptionHandler org.springframework.web.reactive.result.method.annotation.RequestMappingExceptionHandlingIntegrationTests$TestController#handle(Spr16318Exception)
22:42:26.256 [qtp1694569973-314] DEBUG o.s.w.r.r.m.a.ResponseEntityResultHandler - Using 'application/problem+json' given [text/plain, application/problem+json] and supported [application/json, application/*+json, application/x-jackson-smile, application/*+x-jackson-smile, text/event-stream]
22:42:26.256 [qtp1694569973-314] DEBUG o.s.w.r.r.m.a.ResponseEntityResultHandler - [1fea6c6e] 0..1 [java.util.Map<java.lang.String, java.lang.String>]
22:42:26.257 [qtp1694569973-314] DEBUG o.s.h.c.j.Jackson2JsonEncoder - [1fea6c6e] Encoding [{reason=error}]
22:42:26.258 [qtp1694569973-314] DEBUG o.s.w.s.a.HttpWebHandlerAdapter - [1fea6c6e] Completed 500 INTERNAL_SERVER_ERROR
22:42:26.258 [Test worker] DEBUG o.s.w.c.RestTemplate - Response 500 INTERNAL_SERVER_ERROR
22:42:26.261 [Test worker] DEBUG o.s.h.s.r.b.JettyHttpServer - Stopping JettyHttpServer...
22:42:26.262 [Test worker] INFO  o.e.j.s.h.ContextHandler - Stopped o.e.j.s.ServletContextHandler@5d4a624e{/,null,UNAVAILABLE}
22:42:26.263 [Test worker] INFO  o.e.j.s.AbstractConnector - Stopped ServerConnector@2a68e022{HTTP/1.1,[http/1.1]}{0.0.0.0:0}
22:42:26.264 [Test worker] DEBUG o.s.h.s.r.b.JettyHttpServer - Server stopped (0 millis).
22:42:26.308 [Test worker] DEBUG o.s.w.r.r.m.a.RequestMappingHandlerMapping - 6 mappings in 'requestMappingHandlerMapping'
22:42:26.332 [Test worker] DEBUG o.s.w.r.r.m.a.ControllerMethodResolver - ControllerAdvice beans: none
22:42:26.363 [Test worker] DEBUG o.s.w.s.a.HttpWebHandlerAdapter - enableLoggingRequestDetails='false': form data and headers will be masked to prevent unsafe logging of potentially sensitive data
22:42:26.363 [Test worker] WARN  o.e.j.s.h.ContextHandler - Empty contextPath
22:42:26.363 [Test worker] INFO  o.e.j.s.h.ContextHandler - Started o.e.j.s.ServletContextHandler@9118078{/,null,AVAILABLE}
22:42:26.363 [Test worker] DEBUG o.s.h.s.r.b.JettyHttpServer - Starting JettyHttpServer...
22:42:26.363 [Test worker] INFO  o.e.j.s.Server - jetty-9.4.18.v20190429; built: 2019-04-29T20:42:08.989Z; git: e1bc35120a6617ee3df052294e433f3a25ce7097; jvm 1.8.0_211-b12
22:42:26.367 [Test worker] INFO  o.e.j.s.AbstractConnector - Started ServerConnector@702bbb30{HTTP/1.1,[http/1.1]}{0.0.0.0:53668}
22:42:26.367 [Test worker] INFO  o.e.j.s.Server - Started @18794ms
22:42:26.367 [Test worker] DEBUG o.s.h.s.r.b.JettyHttpServer - Server started on port 53668(0 millis).
22:42:26.367 [Test worker] DEBUG o.s.w.c.RestTemplate - HTTP GET http://localhost:53668/thrown-exception
22:42:26.367 [Test worker] DEBUG o.s.w.c.RestTemplate - Accept=[text/plain, application/json, application/x-jackson-smile, application/*+json, */*]
22:42:26.369 [qtp1027460980-330] DEBUG o.s.w.s.a.HttpWebHandlerAdapter - [31c99bc3] HTTP GET "/thrown-exception"
22:42:26.369 [qtp1027460980-330] DEBUG o.s.w.r.r.m.a.RequestMappingHandlerMapping - [31c99bc3] Mapped to org.springframework.web.reactive.result.method.annotation.RequestMappingExceptionHandlingIntegrationTests$TestController#handleAndThrowException()
22:42:26.370 [qtp1027460980-330] DEBUG o.s.w.r.r.m.a.RequestMappingHandlerAdapter - [31c99bc3] Using @ExceptionHandler org.springframework.web.reactive.result.method.annotation.RequestMappingExceptionHandlingIntegrationTests$TestController#handleStateException(IllegalStateException)
22:42:26.370 [qtp1027460980-330] DEBUG o.s.w.r.r.m.a.ResponseEntityResultHandler - Using 'text/plain;charset=UTF-8' given [text/plain, application/json, application/x-jackson-smile, application/*+json, */*] and supported [text/plain;charset=UTF-8, text/event-stream, text/plain;charset=UTF-8, */*]
22:42:26.370 [qtp1027460980-330] DEBUG o.s.w.r.r.m.a.ResponseEntityResultHandler - [31c99bc3] 0..1 [java.lang.String]
22:42:26.370 [qtp1027460980-330] DEBUG o.s.c.c.CharSequenceEncoder - [31c99bc3] Writing "Recovered from error: State"
22:42:26.371 [qtp1027460980-330] DEBUG o.s.w.s.a.HttpWebHandlerAdapter - [31c99bc3] Completed 200 OK
22:42:26.371 [Test worker] DEBUG o.s.w.c.RestTemplate - Response 200 OK
22:42:26.371 [Test worker] DEBUG o.s.w.c.RestTemplate - Reading to [java.lang.String] as "text/plain;charset=utf-8"
22:42:26.371 [Test worker] DEBUG o.s.h.s.r.b.JettyHttpServer - Stopping JettyHttpServer...
22:42:26.371 [Test worker] INFO  o.e.j.s.h.ContextHandler - Stopped o.e.j.s.ServletContextHandler@9118078{/,null,UNAVAILABLE}
22:42:26.372 [Test worker] INFO  o.e.j.s.AbstractConnector - Stopped ServerConnector@702bbb30{HTTP/1.1,[http/1.1]}{0.0.0.0:0}
22:42:26.372 [Test worker] DEBUG o.s.h.s.r.b.JettyHttpServer - Server stopped (0 millis).
22:42:26.415 [Test worker] DEBUG o.s.w.r.r.m.a.RequestMappingHandlerMapping - 6 mappings in 'requestMappingHandlerMapping'
22:42:26.444 [Test worker] DEBUG o.s.w.r.r.m.a.ControllerMethodResolver - ControllerAdvice beans: none
22:42:26.488 [Test worker] DEBUG o.s.w.s.a.HttpWebHandlerAdapter - enableLoggingRequestDetails='false': form data and headers will be masked to prevent unsafe logging of potentially sensitive data
22:42:26.488 [Test worker] WARN  o.e.j.s.h.ContextHandler - Empty contextPath
22:42:26.488 [Test worker] INFO  o.e.j.s.h.ContextHandler - Started o.e.j.s.ServletContextHandler@b43f9c8{/,null,AVAILABLE}
22:42:26.489 [Test worker] DEBUG o.s.h.s.r.b.JettyHttpServer - Starting JettyHttpServer...
22:42:26.489 [Test worker] INFO  o.e.j.s.Server - jetty-9.4.18.v20190429; built: 2019-04-29T20:42:08.989Z; git: e1bc35120a6617ee3df052294e433f3a25ce7097; jvm 1.8.0_211-b12
22:42:26.491 [Test worker] INFO  o.e.j.s.AbstractConnector - Started ServerConnector@5d87215a{HTTP/1.1,[http/1.1]}{0.0.0.0:53670}
22:42:26.491 [Test worker] INFO  o.e.j.s.Server - Started @18918ms
22:42:26.491 [Test worker] DEBUG o.s.h.s.r.b.JettyHttpServer - Server started on port 53670(0 millis).
22:42:26.492 [Test worker] DEBUG o.s.w.c.RestTemplate - HTTP GET http://localhost:53670/SPR-16051
22:42:26.492 [Test worker] DEBUG o.s.w.c.RestTemplate - Accept=[text/plain, application/json, application/x-jackson-smile, application/*+json, */*]
22:42:26.494 [qtp817009784-342] DEBUG o.s.w.s.a.HttpWebHandlerAdapter - [7c801070] HTTP GET "/SPR-16051"
22:42:26.494 [qtp817009784-342] DEBUG o.s.w.r.r.m.a.RequestMappingHandlerMapping - [7c801070] Mapped to org.springframework.web.reactive.result.method.annotation.RequestMappingExceptionHandlingIntegrationTests$TestController#errors()
22:42:26.497 [qtp817009784-342] DEBUG o.s.w.r.r.m.a.ResponseBodyResultHandler - Using 'text/plain;charset=UTF-8' given [text/plain, application/json, application/x-jackson-smile, application/*+json, */*] and supported [text/plain;charset=UTF-8, text/event-stream, text/plain;charset=UTF-8, */*]
22:42:26.497 [qtp817009784-342] DEBUG o.s.w.r.r.m.a.ResponseBodyResultHandler - [7c801070] 0..N [java.lang.String]
22:42:26.499 [qtp817009784-342] DEBUG o.s.c.c.CharSequenceEncoder - [7c801070] Writing "1. foo bar"
22:42:26.500 [qtp817009784-342] DEBUG o.s.c.c.CharSequenceEncoder - [7c801070] Writing "2. foo bar"
22:42:26.500 [Test worker] DEBUG o.s.w.c.RestTemplate - Response 200 OK
22:42:26.500 [qtp817009784-342] DEBUG o.s.c.c.CharSequenceEncoder - [7c801070] Writing "3. foo bar"
22:42:26.500 [Test worker] DEBUG o.s.w.c.RestTemplate - Reading to [java.lang.String] as "text/plain;charset=utf-8"
22:42:26.500 [qtp817009784-342] DEBUG o.s.c.c.CharSequenceEncoder - [7c801070] Writing "4. foo bar"
22:42:26.501 [qtp817009784-342] DEBUG o.s.c.c.CharSequenceEncoder - [7c801070] Writing "5. foo bar"
22:42:26.501 [qtp817009784-342] DEBUG o.s.c.c.CharSequenceEncoder - [7c801070] Writing "6. foo bar"
22:42:26.501 [qtp817009784-342] DEBUG o.s.c.c.CharSequenceEncoder - [7c801070] Writing "7. foo bar"
22:42:26.501 [qtp817009784-342] DEBUG o.s.c.c.CharSequenceEncoder - [7c801070] Writing "8. foo bar"
22:42:26.501 [qtp817009784-342] DEBUG o.s.c.c.CharSequenceEncoder - [7c801070] Writing "9. foo bar"
22:42:26.501 [qtp817009784-342] DEBUG o.s.c.c.CharSequenceEncoder - [7c801070] Writing "10. foo bar"
22:42:26.502 [qtp817009784-342] DEBUG o.s.c.c.CharSequenceEncoder - [7c801070] Writing "11. foo bar"
22:42:26.502 [qtp817009784-342] DEBUG o.s.c.c.CharSequenceEncoder - [7c801070] Writing "12. foo bar"
22:42:26.502 [qtp817009784-342] DEBUG o.s.c.c.CharSequenceEncoder - [7c801070] Writing "13. foo bar"
22:42:26.502 [qtp817009784-342] DEBUG o.s.c.c.CharSequenceEncoder - [7c801070] Writing "14. foo bar"
22:42:26.502 [qtp817009784-342] DEBUG o.s.c.c.CharSequenceEncoder - [7c801070] Writing "15. foo bar"
22:42:26.503 [qtp817009784-342] DEBUG o.s.c.c.CharSequenceEncoder - [7c801070] Writing "16. foo bar"
22:42:26.503 [qtp817009784-342] DEBUG o.s.c.c.CharSequenceEncoder - [7c801070] Writing "17. foo bar"
22:42:26.503 [qtp817009784-342] DEBUG o.s.c.c.CharSequenceEncoder - [7c801070] Writing "18. foo bar"
22:42:26.503 [qtp817009784-342] DEBUG o.s.c.c.CharSequenceEncoder - [7c801070] Writing "19. foo bar"
22:42:26.503 [qtp817009784-342] DEBUG o.s.c.c.CharSequenceEncoder - [7c801070] Writing "20. foo bar"
22:42:26.503 [qtp817009784-342] DEBUG o.s.c.c.CharSequenceEncoder - [7c801070] Writing "21. foo bar"
22:42:26.504 [qtp817009784-342] DEBUG o.s.c.c.CharSequenceEncoder - [7c801070] Writing "22. foo bar"
22:42:26.504 [qtp817009784-342] DEBUG o.s.c.c.CharSequenceEncoder - [7c801070] Writing "23. foo bar"
22:42:26.504 [qtp817009784-342] DEBUG o.s.c.c.CharSequenceEncoder - [7c801070] Writing "24. foo bar"
22:42:26.504 [qtp817009784-342] DEBUG o.s.c.c.CharSequenceEncoder - [7c801070] Writing "25. foo bar"
22:42:26.504 [qtp817009784-342] DEBUG o.s.c.c.CharSequenceEncoder - [7c801070] Writing "26. foo bar"
22:42:26.505 [qtp817009784-342] DEBUG o.s.c.c.CharSequenceEncoder - [7c801070] Writing "27. foo bar"
22:42:26.505 [qtp817009784-342] DEBUG o.s.c.c.CharSequenceEncoder - [7c801070] Writing "28. foo bar"
22:42:26.505 [qtp817009784-342] DEBUG o.s.c.c.CharSequenceEncoder - [7c801070] Writing "29. foo bar"
22:42:26.505 [qtp817009784-342] DEBUG o.s.c.c.CharSequenceEncoder - [7c801070] Writing "30. foo bar"
22:42:26.505 [qtp817009784-342] DEBUG o.s.c.c.CharSequenceEncoder - [7c801070] Writing "31. foo bar"
22:42:26.506 [qtp817009784-342] DEBUG o.s.c.c.CharSequenceEncoder - [7c801070] Writing "32. foo bar"
22:42:26.506 [qtp817009784-342] DEBUG o.s.c.c.CharSequenceEncoder - [7c801070] Writing "33. foo bar"
22:42:26.506 [qtp817009784-342] DEBUG o.s.c.c.CharSequenceEncoder - [7c801070] Writing "34. foo bar"
22:42:26.506 [qtp817009784-342] DEBUG o.s.c.c.CharSequenceEncoder - [7c801070] Writing "35. foo bar"
22:42:26.506 [qtp817009784-342] DEBUG o.s.c.c.CharSequenceEncoder - [7c801070] Writing "36. foo bar"
22:42:26.509 [qtp817009784-342] DEBUG o.s.c.c.CharSequenceEncoder - [7c801070] Writing "37. foo bar"
22:42:26.510 [qtp817009784-342] DEBUG o.s.c.c.CharSequenceEncoder - [7c801070] Writing "38. foo bar"
22:42:26.510 [qtp817009784-342] DEBUG o.s.c.c.CharSequenceEncoder - [7c801070] Writing "39. foo bar"
22:42:26.510 [qtp817009784-342] DEBUG o.s.c.c.CharSequenceEncoder - [7c801070] Writing "40. foo bar"
22:42:26.510 [qtp817009784-342] DEBUG o.s.c.c.CharSequenceEncoder - [7c801070] Writing "41. foo bar"
22:42:26.510 [qtp817009784-342] DEBUG o.s.c.c.CharSequenceEncoder - [7c801070] Writing "42. foo bar"
22:42:26.511 [qtp817009784-342] DEBUG o.s.c.c.CharSequenceEncoder - [7c801070] Writing "43. foo bar"
22:42:26.511 [qtp817009784-342] DEBUG o.s.c.c.CharSequenceEncoder - [7c801070] Writing "44. foo bar"
22:42:26.511 [qtp817009784-342] DEBUG o.s.c.c.CharSequenceEncoder - [7c801070] Writing "45. foo bar"
22:42:26.511 [qtp817009784-342] DEBUG o.s.c.c.CharSequenceEncoder - [7c801070] Writing "46. foo bar"
22:42:26.511 [qtp817009784-342] DEBUG o.s.c.c.CharSequenceEncoder - [7c801070] Writing "47. foo bar"
22:42:26.511 [qtp817009784-342] DEBUG o.s.c.c.CharSequenceEncoder - [7c801070] Writing "48. foo bar"
22:42:26.512 [qtp817009784-342] DEBUG o.s.c.c.CharSequenceEncoder - [7c801070] Writing "49. foo bar"
22:42:26.512 [qtp817009784-342] DEBUG o.s.c.c.CharSequenceEncoder - [7c801070] Writing "50. foo bar"
22:42:26.512 [qtp817009784-342] DEBUG o.s.c.c.CharSequenceEncoder - [7c801070] Writing "51. foo bar"
22:42:26.512 [qtp817009784-342] DEBUG o.s.c.c.CharSequenceEncoder - [7c801070] Writing "52. foo bar"
22:42:26.513 [qtp817009784-342] DEBUG o.s.c.c.CharSequenceEncoder - [7c801070] Writing "53. foo bar"
22:42:26.513 [qtp817009784-342] DEBUG o.s.c.c.CharSequenceEncoder - [7c801070] Writing "54. foo bar"
22:42:26.513 [qtp817009784-342] DEBUG o.s.c.c.CharSequenceEncoder - [7c801070] Writing "55. foo bar"
22:42:26.513 [qtp817009784-342] DEBUG o.s.c.c.CharSequenceEncoder - [7c801070] Writing "56. foo bar"
22:42:26.513 [qtp817009784-342] DEBUG o.s.c.c.CharSequenceEncoder - [7c801070] Writing "57. foo bar"
22:42:26.513 [qtp817009784-342] DEBUG o.s.c.c.CharSequenceEncoder - [7c801070] Writing "58. foo bar"
22:42:26.513 [qtp817009784-342] DEBUG o.s.c.c.CharSequenceEncoder - [7c801070] Writing "59. foo bar"
22:42:26.514 [qtp817009784-342] DEBUG o.s.c.c.CharSequenceEncoder - [7c801070] Writing "60. foo bar"
22:42:26.514 [qtp817009784-342] DEBUG o.s.c.c.CharSequenceEncoder - [7c801070] Writing "61. foo bar"
22:42:26.514 [qtp817009784-342] DEBUG o.s.c.c.CharSequenceEncoder - [7c801070] Writing "62. foo bar"
22:42:26.514 [qtp817009784-342] DEBUG o.s.c.c.CharSequenceEncoder - [7c801070] Writing "63. foo bar"
22:42:26.514 [qtp817009784-342] DEBUG o.s.c.c.CharSequenceEncoder - [7c801070] Writing "64. foo bar"
22:42:26.514 [qtp817009784-342] DEBUG o.s.c.c.CharSequenceEncoder - [7c801070] Writing "65. foo bar"
22:42:26.515 [qtp817009784-342] DEBUG o.s.c.c.CharSequenceEncoder - [7c801070] Writing "66. foo bar"
22:42:26.515 [qtp817009784-342] DEBUG o.s.c.c.CharSequenceEncoder - [7c801070] Writing "67. foo bar"
22:42:26.515 [qtp817009784-342] DEBUG o.s.c.c.CharSequenceEncoder - [7c801070] Writing "68. foo bar"
22:42:26.515 [qtp817009784-342] DEBUG o.s.c.c.CharSequenceEncoder - [7c801070] Writing "69. foo bar"
22:42:26.515 [qtp817009784-342] DEBUG o.s.c.c.CharSequenceEncoder - [7c801070] Writing "70. foo bar"
22:42:26.515 [qtp817009784-342] DEBUG o.s.c.c.CharSequenceEncoder - [7c801070] Writing "71. foo bar"
22:42:26.516 [qtp817009784-342] DEBUG o.s.c.c.CharSequenceEncoder - [7c801070] Writing "72. foo bar"
22:42:26.516 [qtp817009784-342] DEBUG o.s.c.c.CharSequenceEncoder - [7c801070] Writing "73. foo bar"
22:42:26.516 [qtp817009784-342] DEBUG o.s.c.c.CharSequenceEncoder - [7c801070] Writing "74. foo bar"
22:42:26.516 [qtp817009784-342] DEBUG o.s.c.c.CharSequenceEncoder - [7c801070] Writing "75. foo bar"
22:42:26.516 [qtp817009784-342] DEBUG o.s.c.c.CharSequenceEncoder - [7c801070] Writing "76. foo bar"
22:42:26.516 [qtp817009784-342] DEBUG o.s.c.c.CharSequenceEncoder - [7c801070] Writing "77. foo bar"
22:42:26.516 [qtp817009784-342] DEBUG o.s.c.c.CharSequenceEncoder - [7c801070] Writing "78. foo bar"
22:42:26.517 [qtp817009784-342] DEBUG o.s.c.c.CharSequenceEncoder - [7c801070] Writing "79. foo bar"
22:42:26.517 [qtp817009784-342] DEBUG o.s.c.c.CharSequenceEncoder - [7c801070] Writing "80. foo bar"
22:42:26.517 [qtp817009784-342] DEBUG o.s.c.c.CharSequenceEncoder - [7c801070] Writing "81. foo bar"
22:42:26.517 [qtp817009784-342] DEBUG o.s.c.c.CharSequenceEncoder - [7c801070] Writing "82. foo bar"
22:42:26.517 [qtp817009784-342] DEBUG o.s.c.c.CharSequenceEncoder - [7c801070] Writing "83. foo bar"
22:42:26.517 [qtp817009784-342] DEBUG o.s.c.c.CharSequenceEncoder - [7c801070] Writing "84. foo bar"
22:42:26.517 [qtp817009784-342] DEBUG o.s.c.c.CharSequenceEncoder - [7c801070] Writing "85. foo bar"
22:42:26.518 [qtp817009784-342] DEBUG o.s.c.c.CharSequenceEncoder - [7c801070] Writing "86. foo bar"
22:42:26.518 [qtp817009784-342] DEBUG o.s.c.c.CharSequenceEncoder - [7c801070] Writing "87. foo bar"
22:42:26.518 [qtp817009784-342] DEBUG o.s.c.c.CharSequenceEncoder - [7c801070] Writing "88. foo bar"
22:42:26.518 [qtp817009784-342] DEBUG o.s.c.c.CharSequenceEncoder - [7c801070] Writing "89. foo bar"
22:42:26.518 [qtp817009784-342] DEBUG o.s.c.c.CharSequenceEncoder - [7c801070] Writing "90. foo bar"
22:42:26.518 [qtp817009784-342] DEBUG o.s.c.c.CharSequenceEncoder - [7c801070] Writing "91. foo bar"
22:42:26.518 [qtp817009784-342] DEBUG o.s.c.c.CharSequenceEncoder - [7c801070] Writing "92. foo bar"
22:42:26.518 [qtp817009784-342] DEBUG o.s.c.c.CharSequenceEncoder - [7c801070] Writing "93. foo bar"
22:42:26.518 [qtp817009784-342] DEBUG o.s.c.c.CharSequenceEncoder - [7c801070] Writing "94. foo bar"
22:42:26.519 [qtp817009784-342] DEBUG o.s.c.c.CharSequenceEncoder - [7c801070] Writing "95. foo bar"
22:42:26.519 [qtp817009784-342] DEBUG o.s.c.c.CharSequenceEncoder - [7c801070] Writing "96. foo bar"
22:42:26.519 [qtp817009784-342] DEBUG o.s.c.c.CharSequenceEncoder - [7c801070] Writing "97. foo bar"
22:42:26.519 [qtp817009784-342] DEBUG o.s.c.c.CharSequenceEncoder - [7c801070] Writing "98. foo bar"
22:42:26.519 [qtp817009784-342] DEBUG o.s.c.c.CharSequenceEncoder - [7c801070] Writing "99. foo bar"
22:42:26.519 [qtp817009784-342] DEBUG o.s.c.c.CharSequenceEncoder - [7c801070] Writing "100. foo bar"
22:42:26.519 [qtp817009784-342] DEBUG o.s.c.c.CharSequenceEncoder - [7c801070] Writing "101. foo bar"
22:42:26.519 [qtp817009784-342] DEBUG o.s.c.c.CharSequenceEncoder - [7c801070] Writing "102. foo bar"
22:42:26.519 [qtp817009784-342] DEBUG o.s.c.c.CharSequenceEncoder - [7c801070] Writing "103. foo bar"
22:42:26.520 [qtp817009784-342] DEBUG o.s.c.c.CharSequenceEncoder - [7c801070] Writing "104. foo bar"
22:42:26.520 [qtp817009784-342] DEBUG o.s.c.c.CharSequenceEncoder - [7c801070] Writing "105. foo bar"
22:42:26.520 [qtp817009784-342] DEBUG o.s.c.c.CharSequenceEncoder - [7c801070] Writing "106. foo bar"
22:42:26.520 [qtp817009784-342] DEBUG o.s.c.c.CharSequenceEncoder - [7c801070] Writing "107. foo bar"
22:42:26.520 [qtp817009784-342] DEBUG o.s.c.c.CharSequenceEncoder - [7c801070] Writing "108. foo bar"
22:42:26.520 [qtp817009784-342] DEBUG o.s.c.c.CharSequenceEncoder - [7c801070] Writing "109. foo bar"
22:42:26.521 [qtp817009784-342] DEBUG o.s.c.c.CharSequenceEncoder - [7c801070] Writing "110. foo bar"
22:42:26.521 [qtp817009784-342] DEBUG o.s.c.c.CharSequenceEncoder - [7c801070] Writing "111. foo bar"
22:42:26.521 [qtp817009784-342] DEBUG o.s.c.c.CharSequenceEncoder - [7c801070] Writing "112. foo bar"
22:42:26.521 [qtp817009784-342] DEBUG o.s.c.c.CharSequenceEncoder - [7c801070] Writing "113. foo bar"
22:42:26.521 [qtp817009784-342] DEBUG o.s.c.c.CharSequenceEncoder - [7c801070] Writing "114. foo bar"
22:42:26.522 [qtp817009784-342] DEBUG o.s.c.c.CharSequenceEncoder - [7c801070] Writing "115. foo bar"
22:42:26.522 [qtp817009784-342] DEBUG o.s.c.c.CharSequenceEncoder - [7c801070] Writing "116. foo bar"
22:42:26.522 [qtp817009784-342] DEBUG o.s.c.c.CharSequenceEncoder - [7c801070] Writing "117. foo bar"
22:42:26.522 [qtp817009784-342] DEBUG o.s.c.c.CharSequenceEncoder - [7c801070] Writing "118. foo bar"
22:42:26.522 [qtp817009784-342] DEBUG o.s.c.c.CharSequenceEncoder - [7c801070] Writing "119. foo bar"
22:42:26.523 [qtp817009784-342] DEBUG o.s.c.c.CharSequenceEncoder - [7c801070] Writing "120. foo bar"
22:42:26.523 [qtp817009784-342] DEBUG o.s.c.c.CharSequenceEncoder - [7c801070] Writing "121. foo bar"
22:42:26.523 [qtp817009784-342] DEBUG o.s.c.c.CharSequenceEncoder - [7c801070] Writing "122. foo bar"
22:42:26.523 [qtp817009784-342] DEBUG o.s.c.c.CharSequenceEncoder - [7c801070] Writing "123. foo bar"
22:42:26.523 [qtp817009784-342] DEBUG o.s.c.c.CharSequenceEncoder - [7c801070] Writing "124. foo bar"
22:42:26.523 [qtp817009784-342] DEBUG o.s.c.c.CharSequenceEncoder - [7c801070] Writing "125. foo bar"
22:42:26.524 [qtp817009784-342] DEBUG o.s.c.c.CharSequenceEncoder - [7c801070] Writing "126. foo bar"
22:42:26.524 [qtp817009784-342] DEBUG o.s.c.c.CharSequenceEncoder - [7c801070] Writing "127. foo bar"
22:42:26.524 [qtp817009784-342] DEBUG o.s.c.c.CharSequenceEncoder - [7c801070] Writing "128. foo bar"
22:42:26.524 [qtp817009784-342] DEBUG o.s.c.c.CharSequenceEncoder - [7c801070] Writing "129. foo bar"
22:42:26.524 [qtp817009784-342] DEBUG o.s.c.c.CharSequenceEncoder - [7c801070] Writing "130. foo bar"
22:42:26.524 [qtp817009784-342] DEBUG o.s.c.c.CharSequenceEncoder - [7c801070] Writing "131. foo bar"
22:42:26.524 [qtp817009784-342] DEBUG o.s.c.c.CharSequenceEncoder - [7c801070] Writing "132. foo bar"
22:42:26.525 [qtp817009784-342] DEBUG o.s.c.c.CharSequenceEncoder - [7c801070] Writing "133. foo bar"
22:42:26.525 [qtp817009784-342] DEBUG o.s.c.c.CharSequenceEncoder - [7c801070] Writing "134. foo bar"
22:42:26.525 [qtp817009784-342] DEBUG o.s.c.c.CharSequenceEncoder - [7c801070] Writing "135. foo bar"
22:42:26.525 [qtp817009784-342] DEBUG o.s.c.c.CharSequenceEncoder - [7c801070] Writing "136. foo bar"
22:42:26.525 [qtp817009784-342] DEBUG o.s.c.c.CharSequenceEncoder - [7c801070] Writing "137. foo bar"
22:42:26.525 [qtp817009784-342] DEBUG o.s.c.c.CharSequenceEncoder - [7c801070] Writing "138. foo bar"
22:42:26.525 [qtp817009784-342] DEBUG o.s.c.c.CharSequenceEncoder - [7c801070] Writing "139. foo bar"
22:42:26.525 [qtp817009784-342] DEBUG o.s.c.c.CharSequenceEncoder - [7c801070] Writing "140. foo bar"
22:42:26.526 [qtp817009784-342] DEBUG o.s.c.c.CharSequenceEncoder - [7c801070] Writing "141. foo bar"
22:42:26.526 [qtp817009784-342] DEBUG o.s.c.c.CharSequenceEncoder - [7c801070] Writing "142. foo bar"
22:42:26.526 [qtp817009784-342] DEBUG o.s.c.c.CharSequenceEncoder - [7c801070] Writing "143. foo bar"
22:42:26.526 [qtp817009784-342] DEBUG o.s.c.c.CharSequenceEncoder - [7c801070] Writing "144. foo bar"
22:42:26.526 [qtp817009784-342] DEBUG o.s.c.c.CharSequenceEncoder - [7c801070] Writing "145. foo bar"
22:42:26.527 [qtp817009784-342] DEBUG o.s.c.c.CharSequenceEncoder - [7c801070] Writing "146. foo bar"
22:42:26.527 [qtp817009784-342] DEBUG o.s.c.c.CharSequenceEncoder - [7c801070] Writing "147. foo bar"
22:42:26.527 [qtp817009784-342] DEBUG o.s.c.c.CharSequenceEncoder - [7c801070] Writing "148. foo bar"
22:42:26.527 [qtp817009784-342] DEBUG o.s.c.c.CharSequenceEncoder - [7c801070] Writing "149. foo bar"
22:42:26.527 [qtp817009784-342] DEBUG o.s.c.c.CharSequenceEncoder - [7c801070] Writing "150. foo bar"
22:42:26.527 [qtp817009784-342] DEBUG o.s.c.c.CharSequenceEncoder - [7c801070] Writing "151. foo bar"
22:42:26.527 [qtp817009784-342] DEBUG o.s.c.c.CharSequenceEncoder - [7c801070] Writing "152. foo bar"
22:42:26.527 [qtp817009784-342] DEBUG o.s.c.c.CharSequenceEncoder - [7c801070] Writing "153. foo bar"
22:42:26.528 [qtp817009784-342] DEBUG o.s.c.c.CharSequenceEncoder - [7c801070] Writing "154. foo bar"
22:42:26.528 [qtp817009784-342] DEBUG o.s.c.c.CharSequenceEncoder - [7c801070] Writing "155. foo bar"
22:42:26.528 [qtp817009784-342] DEBUG o.s.c.c.CharSequenceEncoder - [7c801070] Writing "156. foo bar"
22:42:26.528 [qtp817009784-342] DEBUG o.s.c.c.CharSequenceEncoder - [7c801070] Writing "157. foo bar"
22:42:26.528 [qtp817009784-342] DEBUG o.s.c.c.CharSequenceEncoder - [7c801070] Writing "158. foo bar"
22:42:26.528 [qtp817009784-342] DEBUG o.s.c.c.CharSequenceEncoder - [7c801070] Writing "159. foo bar"
22:42:26.528 [qtp817009784-342] DEBUG o.s.c.c.CharSequenceEncoder - [7c801070] Writing "160. foo bar"
22:42:26.528 [qtp817009784-342] DEBUG o.s.c.c.CharSequenceEncoder - [7c801070] Writing "161. foo bar"
22:42:26.529 [qtp817009784-342] DEBUG o.s.c.c.CharSequenceEncoder - [7c801070] Writing "162. foo bar"
22:42:26.529 [qtp817009784-342] DEBUG o.s.c.c.CharSequenceEncoder - [7c801070] Writing "163. foo bar"
22:42:26.529 [qtp817009784-342] DEBUG o.s.c.c.CharSequenceEncoder - [7c801070] Writing "164. foo bar"
22:42:26.529 [qtp817009784-342] DEBUG o.s.c.c.CharSequenceEncoder - [7c801070] Writing "165. foo bar"
22:42:26.529 [qtp817009784-342] DEBUG o.s.c.c.CharSequenceEncoder - [7c801070] Writing "166. foo bar"
22:42:26.529 [qtp817009784-342] DEBUG o.s.c.c.CharSequenceEncoder - [7c801070] Writing "167. foo bar"
22:42:26.529 [qtp817009784-342] DEBUG o.s.c.c.CharSequenceEncoder - [7c801070] Writing "168. foo bar"
22:42:26.530 [qtp817009784-342] DEBUG o.s.c.c.CharSequenceEncoder - [7c801070] Writing "169. foo bar"
22:42:26.530 [qtp817009784-342] DEBUG o.s.c.c.CharSequenceEncoder - [7c801070] Writing "170. foo bar"
22:42:26.530 [qtp817009784-342] DEBUG o.s.c.c.CharSequenceEncoder - [7c801070] Writing "171. foo bar"
22:42:26.530 [qtp817009784-342] DEBUG o.s.c.c.CharSequenceEncoder - [7c801070] Writing "172. foo bar"
22:42:26.530 [qtp817009784-342] DEBUG o.s.c.c.CharSequenceEncoder - [7c801070] Writing "173. foo bar"
22:42:26.530 [qtp817009784-342] DEBUG o.s.c.c.CharSequenceEncoder - [7c801070] Writing "174. foo bar"
22:42:26.530 [qtp817009784-342] DEBUG o.s.c.c.CharSequenceEncoder - [7c801070] Writing "175. foo bar"
22:42:26.531 [qtp817009784-342] DEBUG o.s.c.c.CharSequenceEncoder - [7c801070] Writing "176. foo bar"
22:42:26.531 [qtp817009784-342] DEBUG o.s.c.c.CharSequenceEncoder - [7c801070] Writing "177. foo bar"
22:42:26.531 [qtp817009784-342] DEBUG o.s.c.c.CharSequenceEncoder - [7c801070] Writing "178. foo bar"
22:42:26.531 [qtp817009784-342] DEBUG o.s.c.c.CharSequenceEncoder - [7c801070] Writing "179. foo bar"
22:42:26.531 [qtp817009784-342] DEBUG o.s.c.c.CharSequenceEncoder - [7c801070] Writing "180. foo bar"
22:42:26.532 [qtp817009784-342] DEBUG o.s.c.c.CharSequenceEncoder - [7c801070] Writing "181. foo bar"
22:42:26.532 [qtp817009784-342] DEBUG o.s.c.c.CharSequenceEncoder - [7c801070] Writing "182. foo bar"
22:42:26.532 [qtp817009784-342] DEBUG o.s.c.c.CharSequenceEncoder - [7c801070] Writing "183. foo bar"
22:42:26.532 [qtp817009784-342] DEBUG o.s.c.c.CharSequenceEncoder - [7c801070] Writing "184. foo bar"
22:42:26.532 [qtp817009784-342] DEBUG o.s.c.c.CharSequenceEncoder - [7c801070] Writing "185. foo bar"
22:42:26.533 [qtp817009784-342] DEBUG o.s.c.c.CharSequenceEncoder - [7c801070] Writing "186. foo bar"
22:42:26.533 [qtp817009784-342] DEBUG o.s.c.c.CharSequenceEncoder - [7c801070] Writing "187. foo bar"
22:42:26.533 [qtp817009784-342] DEBUG o.s.c.c.CharSequenceEncoder - [7c801070] Writing "188. foo bar"
22:42:26.533 [qtp817009784-342] DEBUG o.s.c.c.CharSequenceEncoder - [7c801070] Writing "189. foo bar"
22:42:26.533 [qtp817009784-342] DEBUG o.s.c.c.CharSequenceEncoder - [7c801070] Writing "190. foo bar"
22:42:26.533 [qtp817009784-342] DEBUG o.s.c.c.CharSequenceEncoder - [7c801070] Writing "191. foo bar"
22:42:26.534 [qtp817009784-342] DEBUG o.s.c.c.CharSequenceEncoder - [7c801070] Writing "192. foo bar"
22:42:26.534 [qtp817009784-342] DEBUG o.s.c.c.CharSequenceEncoder - [7c801070] Writing "193. foo bar"
22:42:26.534 [qtp817009784-342] DEBUG o.s.c.c.CharSequenceEncoder - [7c801070] Writing "194. foo bar"
22:42:26.534 [qtp817009784-342] DEBUG o.s.c.c.CharSequenceEncoder - [7c801070] Writing "195. foo bar"
22:42:26.534 [qtp817009784-342] DEBUG o.s.c.c.CharSequenceEncoder - [7c801070] Writing "196. foo bar"
22:42:26.534 [qtp817009784-342] DEBUG o.s.c.c.CharSequenceEncoder - [7c801070] Writing "197. foo bar"
22:42:26.534 [qtp817009784-342] DEBUG o.s.c.c.CharSequenceEncoder - [7c801070] Writing "198. foo bar"
22:42:26.534 [qtp817009784-342] DEBUG o.s.c.c.CharSequenceEncoder - [7c801070] Writing "199. foo bar"
22:42:26.535 [qtp817009784-342] DEBUG o.s.c.c.CharSequenceEncoder - [7c801070] Writing "200. foo bar"
22:42:26.535 [qtp817009784-342] DEBUG o.s.c.c.CharSequenceEncoder - [7c801070] Writing "201. foo bar"
22:42:26.535 [qtp817009784-342] DEBUG o.s.c.c.CharSequenceEncoder - [7c801070] Writing "202. foo bar"
22:42:26.535 [qtp817009784-342] DEBUG o.s.c.c.CharSequenceEncoder - [7c801070] Writing "203. foo bar"
22:42:26.535 [qtp817009784-342] DEBUG o.s.c.c.CharSequenceEncoder - [7c801070] Writing "204. foo bar"
22:42:26.536 [qtp817009784-342] DEBUG o.s.c.c.CharSequenceEncoder - [7c801070] Writing "205. foo bar"
22:42:26.536 [qtp817009784-342] DEBUG o.s.c.c.CharSequenceEncoder - [7c801070] Writing "206. foo bar"
22:42:26.536 [qtp817009784-342] DEBUG o.s.c.c.CharSequenceEncoder - [7c801070] Writing "207. foo bar"
22:42:26.536 [qtp817009784-342] DEBUG o.s.c.c.CharSequenceEncoder - [7c801070] Writing "208. foo bar"
22:42:26.536 [qtp817009784-342] DEBUG o.s.c.c.CharSequenceEncoder - [7c801070] Writing "209. foo bar"
22:42:26.536 [qtp817009784-342] DEBUG o.s.c.c.CharSequenceEncoder - [7c801070] Writing "210. foo bar"
22:42:26.536 [qtp817009784-342] DEBUG o.s.c.c.CharSequenceEncoder - [7c801070] Writing "211. foo bar"
22:42:26.536 [qtp817009784-342] DEBUG o.s.c.c.CharSequenceEncoder - [7c801070] Writing "212. foo bar"
22:42:26.537 [qtp817009784-342] DEBUG o.s.c.c.CharSequenceEncoder - [7c801070] Writing "213. foo bar"
22:42:26.537 [qtp817009784-342] DEBUG o.s.c.c.CharSequenceEncoder - [7c801070] Writing "214. foo bar"
22:42:26.537 [qtp817009784-342] DEBUG o.s.c.c.CharSequenceEncoder - [7c801070] Writing "215. foo bar"
22:42:26.537 [qtp817009784-342] DEBUG o.s.c.c.CharSequenceEncoder - [7c801070] Writing "216. foo bar"
22:42:26.537 [qtp817009784-342] DEBUG o.s.c.c.CharSequenceEncoder - [7c801070] Writing "217. foo bar"
22:42:26.537 [qtp817009784-342] DEBUG o.s.c.c.CharSequenceEncoder - [7c801070] Writing "218. foo bar"
22:42:26.537 [qtp817009784-342] DEBUG o.s.c.c.CharSequenceEncoder - [7c801070] Writing "219. foo bar"
22:42:26.537 [qtp817009784-342] DEBUG o.s.c.c.CharSequenceEncoder - [7c801070] Writing "220. foo bar"
22:42:26.538 [qtp817009784-342] DEBUG o.s.c.c.CharSequenceEncoder - [7c801070] Writing "221. foo bar"
22:42:26.538 [qtp817009784-342] DEBUG o.s.c.c.CharSequenceEncoder - [7c801070] Writing "222. foo bar"
22:42:26.538 [qtp817009784-342] DEBUG o.s.c.c.CharSequenceEncoder - [7c801070] Writing "223. foo bar"
22:42:26.538 [qtp817009784-342] DEBUG o.s.c.c.CharSequenceEncoder - [7c801070] Writing "224. foo bar"
22:42:26.538 [qtp817009784-342] DEBUG o.s.c.c.CharSequenceEncoder - [7c801070] Writing "225. foo bar"
22:42:26.538 [qtp817009784-342] DEBUG o.s.c.c.CharSequenceEncoder - [7c801070] Writing "226. foo bar"
22:42:26.538 [qtp817009784-342] DEBUG o.s.c.c.CharSequenceEncoder - [7c801070] Writing "227. foo bar"
22:42:26.539 [qtp817009784-342] DEBUG o.s.c.c.CharSequenceEncoder - [7c801070] Writing "228. foo bar"
22:42:26.539 [qtp817009784-342] DEBUG o.s.c.c.CharSequenceEncoder - [7c801070] Writing "229. foo bar"
22:42:26.539 [qtp817009784-342] DEBUG o.s.c.c.CharSequenceEncoder - [7c801070] Writing "230. foo bar"
22:42:26.539 [qtp817009784-342] DEBUG o.s.c.c.CharSequenceEncoder - [7c801070] Writing "231. foo bar"
22:42:26.539 [qtp817009784-342] DEBUG o.s.c.c.CharSequenceEncoder - [7c801070] Writing "232. foo bar"
22:42:26.539 [qtp817009784-342] DEBUG o.s.c.c.CharSequenceEncoder - [7c801070] Writing "233. foo bar"
22:42:26.539 [qtp817009784-342] DEBUG o.s.c.c.CharSequenceEncoder - [7c801070] Writing "234. foo bar"
22:42:26.540 [qtp817009784-342] DEBUG o.s.c.c.CharSequenceEncoder - [7c801070] Writing "235. foo bar"
22:42:26.540 [qtp817009784-342] DEBUG o.s.c.c.CharSequenceEncoder - [7c801070] Writing "236. foo bar"
22:42:26.540 [qtp817009784-342] DEBUG o.s.c.c.CharSequenceEncoder - [7c801070] Writing "237. foo bar"
22:42:26.540 [qtp817009784-342] DEBUG o.s.c.c.CharSequenceEncoder - [7c801070] Writing "238. foo bar"
22:42:26.540 [qtp817009784-342] DEBUG o.s.c.c.CharSequenceEncoder - [7c801070] Writing "239. foo bar"
22:42:26.540 [qtp817009784-342] DEBUG o.s.c.c.CharSequenceEncoder - [7c801070] Writing "240. foo bar"
22:42:26.540 [qtp817009784-342] DEBUG o.s.c.c.CharSequenceEncoder - [7c801070] Writing "241. foo bar"
22:42:26.541 [qtp817009784-342] DEBUG o.s.c.c.CharSequenceEncoder - [7c801070] Writing "242. foo bar"
22:42:26.541 [qtp817009784-342] DEBUG o.s.c.c.CharSequenceEncoder - [7c801070] Writing "243. foo bar"
22:42:26.541 [qtp817009784-342] DEBUG o.s.c.c.CharSequenceEncoder - [7c801070] Writing "244. foo bar"
22:42:26.541 [qtp817009784-342] DEBUG o.s.c.c.CharSequenceEncoder - [7c801070] Writing "245. foo bar"
22:42:26.541 [qtp817009784-342] DEBUG o.s.c.c.CharSequenceEncoder - [7c801070] Writing "246. foo bar"
22:42:26.541 [qtp817009784-342] DEBUG o.s.c.c.CharSequenceEncoder - [7c801070] Writing "247. foo bar"
22:42:26.541 [qtp817009784-342] DEBUG o.s.c.c.CharSequenceEncoder - [7c801070] Writing "248. foo bar"
22:42:26.542 [qtp817009784-342] DEBUG o.s.c.c.CharSequenceEncoder - [7c801070] Writing "249. foo bar"
22:42:26.542 [qtp817009784-342] DEBUG o.s.c.c.CharSequenceEncoder - [7c801070] Writing "250. foo bar"
22:42:26.542 [qtp817009784-342] DEBUG o.s.c.c.CharSequenceEncoder - [7c801070] Writing "251. foo bar"
22:42:26.542 [qtp817009784-342] DEBUG o.s.c.c.CharSequenceEncoder - [7c801070] Writing "252. foo bar"
22:42:26.542 [qtp817009784-342] DEBUG o.s.c.c.CharSequenceEncoder - [7c801070] Writing "253. foo bar"
22:42:26.542 [qtp817009784-342] DEBUG o.s.c.c.CharSequenceEncoder - [7c801070] Writing "254. foo bar"
22:42:26.543 [qtp817009784-342] DEBUG o.s.c.c.CharSequenceEncoder - [7c801070] Writing "255. foo bar"
22:42:26.543 [qtp817009784-342] DEBUG o.s.c.c.CharSequenceEncoder - [7c801070] Writing "256. foo bar"
22:42:26.543 [qtp817009784-342] DEBUG o.s.c.c.CharSequenceEncoder - [7c801070] Writing "257. foo bar"
22:42:26.543 [qtp817009784-342] DEBUG o.s.c.c.CharSequenceEncoder - [7c801070] Writing "258. foo bar"
22:42:26.543 [qtp817009784-342] DEBUG o.s.c.c.CharSequenceEncoder - [7c801070] Writing "259. foo bar"
22:42:26.543 [qtp817009784-342] DEBUG o.s.c.c.CharSequenceEncoder - [7c801070] Writing "260. foo bar"
22:42:26.543 [qtp817009784-342] DEBUG o.s.c.c.CharSequenceEncoder - [7c801070] Writing "261. foo bar"
22:42:26.544 [qtp817009784-342] DEBUG o.s.c.c.CharSequenceEncoder - [7c801070] Writing "262. foo bar"
22:42:26.544 [qtp817009784-342] DEBUG o.s.c.c.CharSequenceEncoder - [7c801070] Writing "263. foo bar"
22:42:26.544 [qtp817009784-342] DEBUG o.s.c.c.CharSequenceEncoder - [7c801070] Writing "264. foo bar"
22:42:26.544 [qtp817009784-342] DEBUG o.s.c.c.CharSequenceEncoder - [7c801070] Writing "265. foo bar"
22:42:26.544 [qtp817009784-342] DEBUG o.s.c.c.CharSequenceEncoder - [7c801070] Writing "266. foo bar"
22:42:26.544 [qtp817009784-342] DEBUG o.s.c.c.CharSequenceEncoder - [7c801070] Writing "267. foo bar"
22:42:26.544 [qtp817009784-342] DEBUG o.s.c.c.CharSequenceEncoder - [7c801070] Writing "268. foo bar"
22:42:26.544 [qtp817009784-342] DEBUG o.s.c.c.CharSequenceEncoder - [7c801070] Writing "269. foo bar"
22:42:26.545 [qtp817009784-342] DEBUG o.s.c.c.CharSequenceEncoder - [7c801070] Writing "270. foo bar"
22:42:26.545 [qtp817009784-342] DEBUG o.s.c.c.CharSequenceEncoder - [7c801070] Writing "271. foo bar"
22:42:26.545 [qtp817009784-342] DEBUG o.s.c.c.CharSequenceEncoder - [7c801070] Writing "272. foo bar"
22:42:26.545 [qtp817009784-342] DEBUG o.s.c.c.CharSequenceEncoder - [7c801070] Writing "273. foo bar"
22:42:26.545 [qtp817009784-342] DEBUG o.s.c.c.CharSequenceEncoder - [7c801070] Writing "274. foo bar"
22:42:26.545 [qtp817009784-342] DEBUG o.s.c.c.CharSequenceEncoder - [7c801070] Writing "275. foo bar"
22:42:26.545 [qtp817009784-342] DEBUG o.s.c.c.CharSequenceEncoder - [7c801070] Writing "276. foo bar"
22:42:26.545 [qtp817009784-342] DEBUG o.s.c.c.CharSequenceEncoder - [7c801070] Writing "277. foo bar"
22:42:26.545 [qtp817009784-342] DEBUG o.s.c.c.CharSequenceEncoder - [7c801070] Writing "278. foo bar"
22:42:26.546 [qtp817009784-342] DEBUG o.s.c.c.CharSequenceEncoder - [7c801070] Writing "279. foo bar"
22:42:26.546 [qtp817009784-342] DEBUG o.s.c.c.CharSequenceEncoder - [7c801070] Writing "280. foo bar"
22:42:26.546 [qtp817009784-342] DEBUG o.s.c.c.CharSequenceEncoder - [7c801070] Writing "281. foo bar"
22:42:26.546 [qtp817009784-342] DEBUG o.s.c.c.CharSequenceEncoder - [7c801070] Writing "282. foo bar"
22:42:26.546 [qtp817009784-342] DEBUG o.s.c.c.CharSequenceEncoder - [7c801070] Writing "283. foo bar"
22:42:26.546 [qtp817009784-342] DEBUG o.s.c.c.CharSequenceEncoder - [7c801070] Writing "284. foo bar"
22:42:26.546 [qtp817009784-342] DEBUG o.s.c.c.CharSequenceEncoder - [7c801070] Writing "285. foo bar"
22:42:26.546 [qtp817009784-342] DEBUG o.s.c.c.CharSequenceEncoder - [7c801070] Writing "286. foo bar"
22:42:26.546 [qtp817009784-342] DEBUG o.s.c.c.CharSequenceEncoder - [7c801070] Writing "287. foo bar"
22:42:26.546 [qtp817009784-342] DEBUG o.s.c.c.CharSequenceEncoder - [7c801070] Writing "288. foo bar"
22:42:26.547 [qtp817009784-342] DEBUG o.s.c.c.CharSequenceEncoder - [7c801070] Writing "289. foo bar"
22:42:26.547 [qtp817009784-342] DEBUG o.s.c.c.CharSequenceEncoder - [7c801070] Writing "290. foo bar"
22:42:26.547 [qtp817009784-342] DEBUG o.s.c.c.CharSequenceEncoder - [7c801070] Writing "291. foo bar"
22:42:26.547 [qtp817009784-342] DEBUG o.s.c.c.CharSequenceEncoder - [7c801070] Writing "292. foo bar"
22:42:26.547 [qtp817009784-342] DEBUG o.s.c.c.CharSequenceEncoder - [7c801070] Writing "293. foo bar"
22:42:26.547 [qtp817009784-342] DEBUG o.s.c.c.CharSequenceEncoder - [7c801070] Writing "294. foo bar"
22:42:26.547 [qtp817009784-342] DEBUG o.s.c.c.CharSequenceEncoder - [7c801070] Writing "295. foo bar"
22:42:26.547 [qtp817009784-342] DEBUG o.s.c.c.CharSequenceEncoder - [7c801070] Writing "296. foo bar"
22:42:26.547 [qtp817009784-342] DEBUG o.s.c.c.CharSequenceEncoder - [7c801070] Writing "297. foo bar"
22:42:26.548 [qtp817009784-342] DEBUG o.s.c.c.CharSequenceEncoder - [7c801070] Writing "298. foo bar"
22:42:26.548 [qtp817009784-342] DEBUG o.s.c.c.CharSequenceEncoder - [7c801070] Writing "299. foo bar"
22:42:26.548 [qtp817009784-342] DEBUG o.s.c.c.CharSequenceEncoder - [7c801070] Writing "300. foo bar"
22:42:26.548 [qtp817009784-342] DEBUG o.s.c.c.CharSequenceEncoder - [7c801070] Writing "301. foo bar"
22:42:26.548 [qtp817009784-342] DEBUG o.s.c.c.CharSequenceEncoder - [7c801070] Writing "302. foo bar"
22:42:26.548 [qtp817009784-342] DEBUG o.s.c.c.CharSequenceEncoder - [7c801070] Writing "303. foo bar"
22:42:26.548 [qtp817009784-342] DEBUG o.s.c.c.CharSequenceEncoder - [7c801070] Writing "304. foo bar"
22:42:26.548 [qtp817009784-342] DEBUG o.s.c.c.CharSequenceEncoder - [7c801070] Writing "305. foo bar"
22:42:26.548 [qtp817009784-342] DEBUG o.s.c.c.CharSequenceEncoder - [7c801070] Writing "306. foo bar"
22:42:26.548 [qtp817009784-342] DEBUG o.s.c.c.CharSequenceEncoder - [7c801070] Writing "307. foo bar"
22:42:26.549 [qtp817009784-342] DEBUG o.s.c.c.CharSequenceEncoder - [7c801070] Writing "308. foo bar"
22:42:26.549 [qtp817009784-342] DEBUG o.s.c.c.CharSequenceEncoder - [7c801070] Writing "309. foo bar"
22:42:26.549 [qtp817009784-342] DEBUG o.s.c.c.CharSequenceEncoder - [7c801070] Writing "310. foo bar"
22:42:26.549 [qtp817009784-342] DEBUG o.s.c.c.CharSequenceEncoder - [7c801070] Writing "311. foo bar"
22:42:26.549 [qtp817009784-342] DEBUG o.s.c.c.CharSequenceEncoder - [7c801070] Writing "312. foo bar"
22:42:26.549 [qtp817009784-342] DEBUG o.s.c.c.CharSequenceEncoder - [7c801070] Writing "313. foo bar"
22:42:26.549 [qtp817009784-342] DEBUG o.s.c.c.CharSequenceEncoder - [7c801070] Writing "314. foo bar"
22:42:26.549 [qtp817009784-342] DEBUG o.s.c.c.CharSequenceEncoder - [7c801070] Writing "315. foo bar"
22:42:26.549 [qtp817009784-342] DEBUG o.s.c.c.CharSequenceEncoder - [7c801070] Writing "316. foo bar"
22:42:26.549 [qtp817009784-342] DEBUG o.s.c.c.CharSequenceEncoder - [7c801070] Writing "317. foo bar"
22:42:26.549 [qtp817009784-342] DEBUG o.s.c.c.CharSequenceEncoder - [7c801070] Writing "318. foo bar"
22:42:26.550 [qtp817009784-342] DEBUG o.s.c.c.CharSequenceEncoder - [7c801070] Writing "319. foo bar"
22:42:26.550 [qtp817009784-342] DEBUG o.s.c.c.CharSequenceEncoder - [7c801070] Writing "320. foo bar"
22:42:26.550 [qtp817009784-342] DEBUG o.s.c.c.CharSequenceEncoder - [7c801070] Writing "321. foo bar"
22:42:26.550 [qtp817009784-342] DEBUG o.s.c.c.CharSequenceEncoder - [7c801070] Writing "322. foo bar"
22:42:26.550 [qtp817009784-342] DEBUG o.s.c.c.CharSequenceEncoder - [7c801070] Writing "323. foo bar"
22:42:26.550 [qtp817009784-342] DEBUG o.s.c.c.CharSequenceEncoder - [7c801070] Writing "324. foo bar"
22:42:26.550 [qtp817009784-342] DEBUG o.s.c.c.CharSequenceEncoder - [7c801070] Writing "325. foo bar"
22:42:26.550 [qtp817009784-342] DEBUG o.s.c.c.CharSequenceEncoder - [7c801070] Writing "326. foo bar"
22:42:26.550 [qtp817009784-342] DEBUG o.s.c.c.CharSequenceEncoder - [7c801070] Writing "327. foo bar"
22:42:26.551 [qtp817009784-342] DEBUG o.s.c.c.CharSequenceEncoder - [7c801070] Writing "328. foo bar"
22:42:26.551 [qtp817009784-342] DEBUG o.s.c.c.CharSequenceEncoder - [7c801070] Writing "329. foo bar"
22:42:26.551 [qtp817009784-342] DEBUG o.s.c.c.CharSequenceEncoder - [7c801070] Writing "330. foo bar"
22:42:26.551 [qtp817009784-342] DEBUG o.s.c.c.CharSequenceEncoder - [7c801070] Writing "331. foo bar"
22:42:26.551 [qtp817009784-342] DEBUG o.s.c.c.CharSequenceEncoder - [7c801070] Writing "332. foo bar"
22:42:26.551 [qtp817009784-342] DEBUG o.s.c.c.CharSequenceEncoder - [7c801070] Writing "333. foo bar"
22:42:26.551 [qtp817009784-342] DEBUG o.s.c.c.CharSequenceEncoder - [7c801070] Writing "334. foo bar"
22:42:26.551 [qtp817009784-342] DEBUG o.s.c.c.CharSequenceEncoder - [7c801070] Writing "335. foo bar"
22:42:26.551 [qtp817009784-342] DEBUG o.s.c.c.CharSequenceEncoder - [7c801070] Writing "336. foo bar"
22:42:26.551 [qtp817009784-342] DEBUG o.s.c.c.CharSequenceEncoder - [7c801070] Writing "337. foo bar"
22:42:26.551 [qtp817009784-342] DEBUG o.s.c.c.CharSequenceEncoder - [7c801070] Writing "338. foo bar"
22:42:26.552 [qtp817009784-342] DEBUG o.s.c.c.CharSequenceEncoder - [7c801070] Writing "339. foo bar"
22:42:26.552 [qtp817009784-342] DEBUG o.s.c.c.CharSequenceEncoder - [7c801070] Writing "340. foo bar"
22:42:26.552 [qtp817009784-342] DEBUG o.s.c.c.CharSequenceEncoder - [7c801070] Writing "341. foo bar"
22:42:26.552 [qtp817009784-342] DEBUG o.s.c.c.CharSequenceEncoder - [7c801070] Writing "342. foo bar"
22:42:26.552 [qtp817009784-342] DEBUG o.s.c.c.CharSequenceEncoder - [7c801070] Writing "343. foo bar"
22:42:26.552 [qtp817009784-342] DEBUG o.s.c.c.CharSequenceEncoder - [7c801070] Writing "344. foo bar"
22:42:26.552 [qtp817009784-342] DEBUG o.s.c.c.CharSequenceEncoder - [7c801070] Writing "345. foo bar"
22:42:26.552 [qtp817009784-342] DEBUG o.s.c.c.CharSequenceEncoder - [7c801070] Writing "346. foo bar"
22:42:26.552 [qtp817009784-342] DEBUG o.s.c.c.CharSequenceEncoder - [7c801070] Writing "347. foo bar"
22:42:26.552 [qtp817009784-342] DEBUG o.s.c.c.CharSequenceEncoder - [7c801070] Writing "348. foo bar"
22:42:26.552 [qtp817009784-342] DEBUG o.s.c.c.CharSequenceEncoder - [7c801070] Writing "349. foo bar"
22:42:26.552 [qtp817009784-342] DEBUG o.s.c.c.CharSequenceEncoder - [7c801070] Writing "350. foo bar"
22:42:26.553 [qtp817009784-342] DEBUG o.s.c.c.CharSequenceEncoder - [7c801070] Writing "351. foo bar"
22:42:26.553 [qtp817009784-342] DEBUG o.s.c.c.CharSequenceEncoder - [7c801070] Writing "352. foo bar"
22:42:26.553 [qtp817009784-342] DEBUG o.s.c.c.CharSequenceEncoder - [7c801070] Writing "353. foo bar"
22:42:26.553 [qtp817009784-342] DEBUG o.s.c.c.CharSequenceEncoder - [7c801070] Writing "354. foo bar"
22:42:26.553 [qtp817009784-342] DEBUG o.s.c.c.CharSequenceEncoder - [7c801070] Writing "355. foo bar"
22:42:26.553 [qtp817009784-342] DEBUG o.s.c.c.CharSequenceEncoder - [7c801070] Writing "356. foo bar"
22:42:26.553 [qtp817009784-342] DEBUG o.s.c.c.CharSequenceEncoder - [7c801070] Writing "357. foo bar"
22:42:26.553 [qtp817009784-342] DEBUG o.s.c.c.CharSequenceEncoder - [7c801070] Writing "358. foo bar"
22:42:26.553 [qtp817009784-342] DEBUG o.s.c.c.CharSequenceEncoder - [7c801070] Writing "359. foo bar"
22:42:26.553 [qtp817009784-342] DEBUG o.s.c.c.CharSequenceEncoder - [7c801070] Writing "360. foo bar"
22:42:26.553 [qtp817009784-342] DEBUG o.s.c.c.CharSequenceEncoder - [7c801070] Writing "361. foo bar"
22:42:26.553 [qtp817009784-342] DEBUG o.s.c.c.CharSequenceEncoder - [7c801070] Writing "362. foo bar"
22:42:26.554 [qtp817009784-342] DEBUG o.s.c.c.CharSequenceEncoder - [7c801070] Writing "363. foo bar"
22:42:26.554 [qtp817009784-342] DEBUG o.s.c.c.CharSequenceEncoder - [7c801070] Writing "364. foo bar"
22:42:26.554 [qtp817009784-342] DEBUG o.s.c.c.CharSequenceEncoder - [7c801070] Writing "365. foo bar"
22:42:26.554 [qtp817009784-342] DEBUG o.s.c.c.CharSequenceEncoder - [7c801070] Writing "366. foo bar"
22:42:26.554 [qtp817009784-342] DEBUG o.s.c.c.CharSequenceEncoder - [7c801070] Writing "367. foo bar"
22:42:26.554 [qtp817009784-342] DEBUG o.s.c.c.CharSequenceEncoder - [7c801070] Writing "368. foo bar"
22:42:26.554 [qtp817009784-342] DEBUG o.s.c.c.CharSequenceEncoder - [7c801070] Writing "369. foo bar"
22:42:26.554 [qtp817009784-342] DEBUG o.s.c.c.CharSequenceEncoder - [7c801070] Writing "370. foo bar"
22:42:26.555 [qtp817009784-342] DEBUG o.s.c.c.CharSequenceEncoder - [7c801070] Writing "371. foo bar"
22:42:26.555 [qtp817009784-342] DEBUG o.s.c.c.CharSequenceEncoder - [7c801070] Writing "372. foo bar"
22:42:26.555 [qtp817009784-342] DEBUG o.s.c.c.CharSequenceEncoder - [7c801070] Writing "373. foo bar"
22:42:26.555 [qtp817009784-342] DEBUG o.s.c.c.CharSequenceEncoder - [7c801070] Writing "374. foo bar"
22:42:26.555 [qtp817009784-342] DEBUG o.s.c.c.CharSequenceEncoder - [7c801070] Writing "375. foo bar"
22:42:26.555 [qtp817009784-342] DEBUG o.s.c.c.CharSequenceEncoder - [7c801070] Writing "376. foo bar"
22:42:26.556 [qtp817009784-342] DEBUG o.s.c.c.CharSequenceEncoder - [7c801070] Writing "377. foo bar"
22:42:26.556 [qtp817009784-342] DEBUG o.s.c.c.CharSequenceEncoder - [7c801070] Writing "378. foo bar"
22:42:26.556 [qtp817009784-342] DEBUG o.s.c.c.CharSequenceEncoder - [7c801070] Writing "379. foo bar"
22:42:26.556 [qtp817009784-342] DEBUG o.s.c.c.CharSequenceEncoder - [7c801070] Writing "380. foo bar"
22:42:26.556 [qtp817009784-342] DEBUG o.s.c.c.CharSequenceEncoder - [7c801070] Writing "381. foo bar"
22:42:26.556 [qtp817009784-342] DEBUG o.s.c.c.CharSequenceEncoder - [7c801070] Writing "382. foo bar"
22:42:26.556 [qtp817009784-342] DEBUG o.s.c.c.CharSequenceEncoder - [7c801070] Writing "383. foo bar"
22:42:26.556 [qtp817009784-342] DEBUG o.s.c.c.CharSequenceEncoder - [7c801070] Writing "384. foo bar"
22:42:26.556 [qtp817009784-342] DEBUG o.s.c.c.CharSequenceEncoder - [7c801070] Writing "385. foo bar"
22:42:26.556 [qtp817009784-342] DEBUG o.s.c.c.CharSequenceEncoder - [7c801070] Writing "386. foo bar"
22:42:26.557 [qtp817009784-342] DEBUG o.s.c.c.CharSequenceEncoder - [7c801070] Writing "387. foo bar"
22:42:26.557 [qtp817009784-342] DEBUG o.s.c.c.CharSequenceEncoder - [7c801070] Writing "388. foo bar"
22:42:26.557 [qtp817009784-342] DEBUG o.s.c.c.CharSequenceEncoder - [7c801070] Writing "389. foo bar"
22:42:26.557 [qtp817009784-342] DEBUG o.s.c.c.CharSequenceEncoder - [7c801070] Writing "390. foo bar"
22:42:26.557 [qtp817009784-342] DEBUG o.s.c.c.CharSequenceEncoder - [7c801070] Writing "391. foo bar"
22:42:26.557 [qtp817009784-342] DEBUG o.s.c.c.CharSequenceEncoder - [7c801070] Writing "392. foo bar"
22:42:26.557 [qtp817009784-342] DEBUG o.s.c.c.CharSequenceEncoder - [7c801070] Writing "393. foo bar"
22:42:26.557 [qtp817009784-342] DEBUG o.s.c.c.CharSequenceEncoder - [7c801070] Writing "394. foo bar"
22:42:26.557 [qtp817009784-342] DEBUG o.s.c.c.CharSequenceEncoder - [7c801070] Writing "395. foo bar"
22:42:26.557 [qtp817009784-342] DEBUG o.s.c.c.CharSequenceEncoder - [7c801070] Writing "396. foo bar"
22:42:26.557 [qtp817009784-342] DEBUG o.s.c.c.CharSequenceEncoder - [7c801070] Writing "397. foo bar"
22:42:26.557 [qtp817009784-342] DEBUG o.s.c.c.CharSequenceEncoder - [7c801070] Writing "398. foo bar"
22:42:26.558 [qtp817009784-342] DEBUG o.s.c.c.CharSequenceEncoder - [7c801070] Writing "399. foo bar"
22:42:26.558 [qtp817009784-342] DEBUG o.s.c.c.CharSequenceEncoder - [7c801070] Writing "400. foo bar"
22:42:26.558 [qtp817009784-342] DEBUG o.s.c.c.CharSequenceEncoder - [7c801070] Writing "401. foo bar"
22:42:26.558 [qtp817009784-342] DEBUG o.s.c.c.CharSequenceEncoder - [7c801070] Writing "402. foo bar"
22:42:26.558 [qtp817009784-342] DEBUG o.s.c.c.CharSequenceEncoder - [7c801070] Writing "403. foo bar"
22:42:26.558 [qtp817009784-342] DEBUG o.s.c.c.CharSequenceEncoder - [7c801070] Writing "404. foo bar"
22:42:26.558 [qtp817009784-342] DEBUG o.s.c.c.CharSequenceEncoder - [7c801070] Writing "405. foo bar"
22:42:26.558 [qtp817009784-342] DEBUG o.s.c.c.CharSequenceEncoder - [7c801070] Writing "406. foo bar"
22:42:26.558 [qtp817009784-342] DEBUG o.s.c.c.CharSequenceEncoder - [7c801070] Writing "407. foo bar"
22:42:26.558 [qtp817009784-342] DEBUG o.s.c.c.CharSequenceEncoder - [7c801070] Writing "408. foo bar"
22:42:26.558 [qtp817009784-342] DEBUG o.s.c.c.CharSequenceEncoder - [7c801070] Writing "409. foo bar"
22:42:26.558 [qtp817009784-342] DEBUG o.s.c.c.CharSequenceEncoder - [7c801070] Writing "410. foo bar"
22:42:26.559 [qtp817009784-342] DEBUG o.s.c.c.CharSequenceEncoder - [7c801070] Writing "411. foo bar"
22:42:26.559 [qtp817009784-342] DEBUG o.s.c.c.CharSequenceEncoder - [7c801070] Writing "412. foo bar"
22:42:26.559 [qtp817009784-342] DEBUG o.s.c.c.CharSequenceEncoder - [7c801070] Writing "413. foo bar"
22:42:26.559 [qtp817009784-342] DEBUG o.s.c.c.CharSequenceEncoder - [7c801070] Writing "414. foo bar"
22:42:26.559 [qtp817009784-342] DEBUG o.s.c.c.CharSequenceEncoder - [7c801070] Writing "415. foo bar"
22:42:26.559 [qtp817009784-342] DEBUG o.s.c.c.CharSequenceEncoder - [7c801070] Writing "416. foo bar"
22:42:26.559 [qtp817009784-342] DEBUG o.s.c.c.CharSequenceEncoder - [7c801070] Writing "417. foo bar"
22:42:26.559 [qtp817009784-342] DEBUG o.s.c.c.CharSequenceEncoder - [7c801070] Writing "418. foo bar"
22:42:26.559 [qtp817009784-342] DEBUG o.s.c.c.CharSequenceEncoder - [7c801070] Writing "419. foo bar"
22:42:26.559 [qtp817009784-342] DEBUG o.s.c.c.CharSequenceEncoder - [7c801070] Writing "420. foo bar"
22:42:26.559 [qtp817009784-342] DEBUG o.s.c.c.CharSequenceEncoder - [7c801070] Writing "421. foo bar"
22:42:26.560 [qtp817009784-342] DEBUG o.s.c.c.CharSequenceEncoder - [7c801070] Writing "422. foo bar"
22:42:26.560 [qtp817009784-342] DEBUG o.s.c.c.CharSequenceEncoder - [7c801070] Writing "423. foo bar"
22:42:26.560 [qtp817009784-342] DEBUG o.s.c.c.CharSequenceEncoder - [7c801070] Writing "424. foo bar"
22:42:26.560 [qtp817009784-342] DEBUG o.s.c.c.CharSequenceEncoder - [7c801070] Writing "425. foo bar"
22:42:26.560 [qtp817009784-342] DEBUG o.s.c.c.CharSequenceEncoder - [7c801070] Writing "426. foo bar"
22:42:26.560 [qtp817009784-342] DEBUG o.s.c.c.CharSequenceEncoder - [7c801070] Writing "427. foo bar"
22:42:26.560 [qtp817009784-342] DEBUG o.s.c.c.CharSequenceEncoder - [7c801070] Writing "428. foo bar"
22:42:26.560 [qtp817009784-342] DEBUG o.s.c.c.CharSequenceEncoder - [7c801070] Writing "429. foo bar"
22:42:26.560 [qtp817009784-342] DEBUG o.s.c.c.CharSequenceEncoder - [7c801070] Writing "430. foo bar"
22:42:26.560 [qtp817009784-342] DEBUG o.s.c.c.CharSequenceEncoder - [7c801070] Writing "431. foo bar"
22:42:26.560 [qtp817009784-342] DEBUG o.s.c.c.CharSequenceEncoder - [7c801070] Writing "432. foo bar"
22:42:26.561 [qtp817009784-342] DEBUG o.s.c.c.CharSequenceEncoder - [7c801070] Writing "433. foo bar"
22:42:26.561 [qtp817009784-342] DEBUG o.s.c.c.CharSequenceEncoder - [7c801070] Writing "434. foo bar"
22:42:26.561 [qtp817009784-342] DEBUG o.s.c.c.CharSequenceEncoder - [7c801070] Writing "435. foo bar"
22:42:26.561 [qtp817009784-342] DEBUG o.s.c.c.CharSequenceEncoder - [7c801070] Writing "436. foo bar"
22:42:26.561 [qtp817009784-342] DEBUG o.s.c.c.CharSequenceEncoder - [7c801070] Writing "437. foo bar"
22:42:26.561 [qtp817009784-342] DEBUG o.s.c.c.CharSequenceEncoder - [7c801070] Writing "438. foo bar"
22:42:26.561 [qtp817009784-342] DEBUG o.s.c.c.CharSequenceEncoder - [7c801070] Writing "439. foo bar"
22:42:26.561 [qtp817009784-342] DEBUG o.s.c.c.CharSequenceEncoder - [7c801070] Writing "440. foo bar"
22:42:26.561 [qtp817009784-342] DEBUG o.s.c.c.CharSequenceEncoder - [7c801070] Writing "441. foo bar"
22:42:26.561 [qtp817009784-342] DEBUG o.s.c.c.CharSequenceEncoder - [7c801070] Writing "442. foo bar"
22:42:26.561 [qtp817009784-342] DEBUG o.s.c.c.CharSequenceEncoder - [7c801070] Writing "443. foo bar"
22:42:26.561 [qtp817009784-342] DEBUG o.s.c.c.CharSequenceEncoder - [7c801070] Writing "444. foo bar"
22:42:26.561 [qtp817009784-342] DEBUG o.s.c.c.CharSequenceEncoder - [7c801070] Writing "445. foo bar"
22:42:26.561 [qtp817009784-342] DEBUG o.s.c.c.CharSequenceEncoder - [7c801070] Writing "446. foo bar"
22:42:26.562 [qtp817009784-342] DEBUG o.s.c.c.CharSequenceEncoder - [7c801070] Writing "447. foo bar"
22:42:26.562 [qtp817009784-342] DEBUG o.s.c.c.CharSequenceEncoder - [7c801070] Writing "448. foo bar"
22:42:26.562 [qtp817009784-342] DEBUG o.s.c.c.CharSequenceEncoder - [7c801070] Writing "449. foo bar"
22:42:26.562 [qtp817009784-342] DEBUG o.s.c.c.CharSequenceEncoder - [7c801070] Writing "450. foo bar"
22:42:26.562 [qtp817009784-342] DEBUG o.s.c.c.CharSequenceEncoder - [7c801070] Writing "451. foo bar"
22:42:26.562 [qtp817009784-342] DEBUG o.s.c.c.CharSequenceEncoder - [7c801070] Writing "452. foo bar"
22:42:26.562 [qtp817009784-342] DEBUG o.s.c.c.CharSequenceEncoder - [7c801070] Writing "453. foo bar"
22:42:26.562 [qtp817009784-342] DEBUG o.s.c.c.CharSequenceEncoder - [7c801070] Writing "454. foo bar"
22:42:26.562 [qtp817009784-342] DEBUG o.s.c.c.CharSequenceEncoder - [7c801070] Writing "455. foo bar"
22:42:26.562 [qtp817009784-342] DEBUG o.s.c.c.CharSequenceEncoder - [7c801070] Writing "456. foo bar"
22:42:26.562 [qtp817009784-342] DEBUG o.s.c.c.CharSequenceEncoder - [7c801070] Writing "457. foo bar"
22:42:26.562 [qtp817009784-342] DEBUG o.s.c.c.CharSequenceEncoder - [7c801070] Writing "458. foo bar"
22:42:26.562 [qtp817009784-342] DEBUG o.s.c.c.CharSequenceEncoder - [7c801070] Writing "459. foo bar"
22:42:26.562 [qtp817009784-342] DEBUG o.s.c.c.CharSequenceEncoder - [7c801070] Writing "460. foo bar"
22:42:26.562 [qtp817009784-342] DEBUG o.s.c.c.CharSequenceEncoder - [7c801070] Writing "461. foo bar"
22:42:26.563 [qtp817009784-342] DEBUG o.s.c.c.CharSequenceEncoder - [7c801070] Writing "462. foo bar"
22:42:26.563 [qtp817009784-342] DEBUG o.s.c.c.CharSequenceEncoder - [7c801070] Writing "463. foo bar"
22:42:26.563 [qtp817009784-342] DEBUG o.s.c.c.CharSequenceEncoder - [7c801070] Writing "464. foo bar"
22:42:26.563 [qtp817009784-342] DEBUG o.s.c.c.CharSequenceEncoder - [7c801070] Writing "465. foo bar"
22:42:26.563 [qtp817009784-342] DEBUG o.s.c.c.CharSequenceEncoder - [7c801070] Writing "466. foo bar"
22:42:26.563 [qtp817009784-342] DEBUG o.s.c.c.CharSequenceEncoder - [7c801070] Writing "467. foo bar"
22:42:26.563 [qtp817009784-342] DEBUG o.s.c.c.CharSequenceEncoder - [7c801070] Writing "468. foo bar"
22:42:26.563 [qtp817009784-342] DEBUG o.s.c.c.CharSequenceEncoder - [7c801070] Writing "469. foo bar"
22:42:26.563 [qtp817009784-342] DEBUG o.s.c.c.CharSequenceEncoder - [7c801070] Writing "470. foo bar"
22:42:26.563 [qtp817009784-342] DEBUG o.s.c.c.CharSequenceEncoder - [7c801070] Writing "471. foo bar"
22:42:26.563 [qtp817009784-342] DEBUG o.s.c.c.CharSequenceEncoder - [7c801070] Writing "472. foo bar"
22:42:26.563 [qtp817009784-342] DEBUG o.s.c.c.CharSequenceEncoder - [7c801070] Writing "473. foo bar"
22:42:26.563 [qtp817009784-342] DEBUG o.s.c.c.CharSequenceEncoder - [7c801070] Writing "474. foo bar"
22:42:26.563 [qtp817009784-342] DEBUG o.s.c.c.CharSequenceEncoder - [7c801070] Writing "475. foo bar"
22:42:26.563 [qtp817009784-342] DEBUG o.s.c.c.CharSequenceEncoder - [7c801070] Writing "476. foo bar"
22:42:26.563 [qtp817009784-342] DEBUG o.s.c.c.CharSequenceEncoder - [7c801070] Writing "477. foo bar"
22:42:26.564 [qtp817009784-342] DEBUG o.s.c.c.CharSequenceEncoder - [7c801070] Writing "478. foo bar"
22:42:26.564 [qtp817009784-342] DEBUG o.s.c.c.CharSequenceEncoder - [7c801070] Writing "479. foo bar"
22:42:26.564 [qtp817009784-342] DEBUG o.s.c.c.CharSequenceEncoder - [7c801070] Writing "480. foo bar"
22:42:26.564 [qtp817009784-342] DEBUG o.s.c.c.CharSequenceEncoder - [7c801070] Writing "481. foo bar"
22:42:26.564 [qtp817009784-342] DEBUG o.s.c.c.CharSequenceEncoder - [7c801070] Writing "482. foo bar"
22:42:26.564 [qtp817009784-342] DEBUG o.s.c.c.CharSequenceEncoder - [7c801070] Writing "483. foo bar"
22:42:26.564 [qtp817009784-342] DEBUG o.s.c.c.CharSequenceEncoder - [7c801070] Writing "484. foo bar"
22:42:26.564 [qtp817009784-342] DEBUG o.s.c.c.CharSequenceEncoder - [7c801070] Writing "485. foo bar"
22:42:26.564 [qtp817009784-342] DEBUG o.s.c.c.CharSequenceEncoder - [7c801070] Writing "486. foo bar"
22:42:26.564 [qtp817009784-342] DEBUG o.s.c.c.CharSequenceEncoder - [7c801070] Writing "487. foo bar"
22:42:26.564 [qtp817009784-342] DEBUG o.s.c.c.CharSequenceEncoder - [7c801070] Writing "488. foo bar"
22:42:26.564 [qtp817009784-342] DEBUG o.s.c.c.CharSequenceEncoder - [7c801070] Writing "489. foo bar"
22:42:26.564 [qtp817009784-342] DEBUG o.s.c.c.CharSequenceEncoder - [7c801070] Writing "490. foo bar"
22:42:26.564 [qtp817009784-342] DEBUG o.s.c.c.CharSequenceEncoder - [7c801070] Writing "491. foo bar"
22:42:26.565 [qtp817009784-342] DEBUG o.s.c.c.CharSequenceEncoder - [7c801070] Writing "492. foo bar"
22:42:26.565 [qtp817009784-342] DEBUG o.s.c.c.CharSequenceEncoder - [7c801070] Writing "493. foo bar"
22:42:26.565 [qtp817009784-342] DEBUG o.s.c.c.CharSequenceEncoder - [7c801070] Writing "494. foo bar"
22:42:26.565 [qtp817009784-342] DEBUG o.s.c.c.CharSequenceEncoder - [7c801070] Writing "495. foo bar"
22:42:26.565 [qtp817009784-342] DEBUG o.s.c.c.CharSequenceEncoder - [7c801070] Writing "496. foo bar"
22:42:26.565 [qtp817009784-342] DEBUG o.s.c.c.CharSequenceEncoder - [7c801070] Writing "497. foo bar"
22:42:26.565 [qtp817009784-342] DEBUG o.s.c.c.CharSequenceEncoder - [7c801070] Writing "498. foo bar"
22:42:26.565 [qtp817009784-342] DEBUG o.s.c.c.CharSequenceEncoder - [7c801070] Writing "499. foo bar"
22:42:26.565 [qtp817009784-342] DEBUG o.s.c.c.CharSequenceEncoder - [7c801070] Writing "500. foo bar"
22:42:26.565 [qtp817009784-342] DEBUG o.s.c.c.CharSequenceEncoder - [7c801070] Writing "501. foo bar"
22:42:26.565 [qtp817009784-342] DEBUG o.s.c.c.CharSequenceEncoder - [7c801070] Writing "502. foo bar"
22:42:26.565 [qtp817009784-342] DEBUG o.s.c.c.CharSequenceEncoder - [7c801070] Writing "503. foo bar"
22:42:26.565 [qtp817009784-342] DEBUG o.s.c.c.CharSequenceEncoder - [7c801070] Writing "504. foo bar"
22:42:26.566 [qtp817009784-342] DEBUG o.s.c.c.CharSequenceEncoder - [7c801070] Writing "505. foo bar"
22:42:26.566 [qtp817009784-342] DEBUG o.s.c.c.CharSequenceEncoder - [7c801070] Writing "506. foo bar"
22:42:26.566 [qtp817009784-342] DEBUG o.s.c.c.CharSequenceEncoder - [7c801070] Writing "507. foo bar"
22:42:26.566 [qtp817009784-342] DEBUG o.s.c.c.CharSequenceEncoder - [7c801070] Writing "508. foo bar"
22:42:26.566 [qtp817009784-342] DEBUG o.s.c.c.CharSequenceEncoder - [7c801070] Writing "509. foo bar"
22:42:26.566 [qtp817009784-342] DEBUG o.s.c.c.CharSequenceEncoder - [7c801070] Writing "510. foo bar"
22:42:26.566 [qtp817009784-342] DEBUG o.s.c.c.CharSequenceEncoder - [7c801070] Writing "511. foo bar"
22:42:26.566 [qtp817009784-342] DEBUG o.s.c.c.CharSequenceEncoder - [7c801070] Writing "512. foo bar"
22:42:26.566 [qtp817009784-342] DEBUG o.s.c.c.CharSequenceEncoder - [7c801070] Writing "513. foo bar"
22:42:26.566 [qtp817009784-342] DEBUG o.s.c.c.CharSequenceEncoder - [7c801070] Writing "514. foo bar"
22:42:26.567 [qtp817009784-342] DEBUG o.s.c.c.CharSequenceEncoder - [7c801070] Writing "515. foo bar"
22:42:26.567 [qtp817009784-342] DEBUG o.s.c.c.CharSequenceEncoder - [7c801070] Writing "516. foo bar"
22:42:26.567 [qtp817009784-342] DEBUG o.s.c.c.CharSequenceEncoder - [7c801070] Writing "517. foo bar"
22:42:26.567 [qtp817009784-342] DEBUG o.s.c.c.CharSequenceEncoder - [7c801070] Writing "518. foo bar"
22:42:26.567 [qtp817009784-342] DEBUG o.s.c.c.CharSequenceEncoder - [7c801070] Writing "519. foo bar"
22:42:26.567 [qtp817009784-342] DEBUG o.s.c.c.CharSequenceEncoder - [7c801070] Writing "520. foo bar"
22:42:26.567 [qtp817009784-342] DEBUG o.s.c.c.CharSequenceEncoder - [7c801070] Writing "521. foo bar"
22:42:26.567 [qtp817009784-342] DEBUG o.s.c.c.CharSequenceEncoder - [7c801070] Writing "522. foo bar"
22:42:26.567 [qtp817009784-342] DEBUG o.s.c.c.CharSequenceEncoder - [7c801070] Writing "523. foo bar"
22:42:26.567 [qtp817009784-342] DEBUG o.s.c.c.CharSequenceEncoder - [7c801070] Writing "524. foo bar"
22:42:26.567 [qtp817009784-342] DEBUG o.s.c.c.CharSequenceEncoder - [7c801070] Writing "525. foo bar"
22:42:26.567 [qtp817009784-342] DEBUG o.s.c.c.CharSequenceEncoder - [7c801070] Writing "526. foo bar"
22:42:26.567 [qtp817009784-342] DEBUG o.s.c.c.CharSequenceEncoder - [7c801070] Writing "527. foo bar"
22:42:26.567 [qtp817009784-342] DEBUG o.s.c.c.CharSequenceEncoder - [7c801070] Writing "528. foo bar"
22:42:26.568 [qtp817009784-342] DEBUG o.s.c.c.CharSequenceEncoder - [7c801070] Writing "529. foo bar"
22:42:26.568 [qtp817009784-342] DEBUG o.s.c.c.CharSequenceEncoder - [7c801070] Writing "530. foo bar"
22:42:26.568 [qtp817009784-342] DEBUG o.s.c.c.CharSequenceEncoder - [7c801070] Writing "531. foo bar"
22:42:26.568 [qtp817009784-342] DEBUG o.s.c.c.CharSequenceEncoder - [7c801070] Writing "532. foo bar"
22:42:26.568 [qtp817009784-342] DEBUG o.s.c.c.CharSequenceEncoder - [7c801070] Writing "533. foo bar"
22:42:26.568 [qtp817009784-342] DEBUG o.s.c.c.CharSequenceEncoder - [7c801070] Writing "534. foo bar"
22:42:26.568 [qtp817009784-342] DEBUG o.s.c.c.CharSequenceEncoder - [7c801070] Writing "535. foo bar"
22:42:26.568 [qtp817009784-342] DEBUG o.s.c.c.CharSequenceEncoder - [7c801070] Writing "536. foo bar"
22:42:26.568 [qtp817009784-342] DEBUG o.s.c.c.CharSequenceEncoder - [7c801070] Writing "537. foo bar"
22:42:26.568 [qtp817009784-342] DEBUG o.s.c.c.CharSequenceEncoder - [7c801070] Writing "538. foo bar"
22:42:26.568 [qtp817009784-342] DEBUG o.s.c.c.CharSequenceEncoder - [7c801070] Writing "539. foo bar"
22:42:26.568 [qtp817009784-342] DEBUG o.s.c.c.CharSequenceEncoder - [7c801070] Writing "540. foo bar"
22:42:26.568 [qtp817009784-342] DEBUG o.s.c.c.CharSequenceEncoder - [7c801070] Writing "541. foo bar"
22:42:26.568 [qtp817009784-342] DEBUG o.s.c.c.CharSequenceEncoder - [7c801070] Writing "542. foo bar"
22:42:26.568 [qtp817009784-342] DEBUG o.s.c.c.CharSequenceEncoder - [7c801070] Writing "543. foo bar"
22:42:26.568 [qtp817009784-342] DEBUG o.s.c.c.CharSequenceEncoder - [7c801070] Writing "544. foo bar"
22:42:26.568 [qtp817009784-342] DEBUG o.s.c.c.CharSequenceEncoder - [7c801070] Writing "545. foo bar"
22:42:26.568 [qtp817009784-342] DEBUG o.s.c.c.CharSequenceEncoder - [7c801070] Writing "546. foo bar"
22:42:26.568 [qtp817009784-342] DEBUG o.s.c.c.CharSequenceEncoder - [7c801070] Writing "547. foo bar"
22:42:26.568 [qtp817009784-342] DEBUG o.s.c.c.CharSequenceEncoder - [7c801070] Writing "548. foo bar"
22:42:26.569 [qtp817009784-342] DEBUG o.s.c.c.CharSequenceEncoder - [7c801070] Writing "549. foo bar"
22:42:26.569 [qtp817009784-342] DEBUG o.s.c.c.CharSequenceEncoder - [7c801070] Writing "550. foo bar"
22:42:26.569 [qtp817009784-342] DEBUG o.s.c.c.CharSequenceEncoder - [7c801070] Writing "551. foo bar"
22:42:26.569 [qtp817009784-342] DEBUG o.s.c.c.CharSequenceEncoder - [7c801070] Writing "552. foo bar"
22:42:26.569 [qtp817009784-342] DEBUG o.s.c.c.CharSequenceEncoder - [7c801070] Writing "553. foo bar"
22:42:26.569 [qtp817009784-342] DEBUG o.s.c.c.CharSequenceEncoder - [7c801070] Writing "554. foo bar"
22:42:26.569 [qtp817009784-342] DEBUG o.s.c.c.CharSequenceEncoder - [7c801070] Writing "555. foo bar"
22:42:26.569 [qtp817009784-342] DEBUG o.s.c.c.CharSequenceEncoder - [7c801070] Writing "556. foo bar"
22:42:26.569 [qtp817009784-342] DEBUG o.s.c.c.CharSequenceEncoder - [7c801070] Writing "557. foo bar"
22:42:26.569 [qtp817009784-342] DEBUG o.s.c.c.CharSequenceEncoder - [7c801070] Writing "558. foo bar"
22:42:26.569 [qtp817009784-342] DEBUG o.s.c.c.CharSequenceEncoder - [7c801070] Writing "559. foo bar"
22:42:26.569 [qtp817009784-342] DEBUG o.s.c.c.CharSequenceEncoder - [7c801070] Writing "560. foo bar"
22:42:26.569 [qtp817009784-342] DEBUG o.s.c.c.CharSequenceEncoder - [7c801070] Writing "561. foo bar"
22:42:26.569 [qtp817009784-342] DEBUG o.s.c.c.CharSequenceEncoder - [7c801070] Writing "562. foo bar"
22:42:26.569 [qtp817009784-342] DEBUG o.s.c.c.CharSequenceEncoder - [7c801070] Writing "563. foo bar"
22:42:26.569 [qtp817009784-342] DEBUG o.s.c.c.CharSequenceEncoder - [7c801070] Writing "564. foo bar"
22:42:26.569 [qtp817009784-342] DEBUG o.s.c.c.CharSequenceEncoder - [7c801070] Writing "565. foo bar"
22:42:26.569 [qtp817009784-342] DEBUG o.s.c.c.CharSequenceEncoder - [7c801070] Writing "566. foo bar"
22:42:26.569 [qtp817009784-342] DEBUG o.s.c.c.CharSequenceEncoder - [7c801070] Writing "567. foo bar"
22:42:26.570 [qtp817009784-342] DEBUG o.s.c.c.CharSequenceEncoder - [7c801070] Writing "568. foo bar"
22:42:26.570 [qtp817009784-342] DEBUG o.s.c.c.CharSequenceEncoder - [7c801070] Writing "569. foo bar"
22:42:26.570 [qtp817009784-342] DEBUG o.s.c.c.CharSequenceEncoder - [7c801070] Writing "570. foo bar"
22:42:26.570 [qtp817009784-342] DEBUG o.s.c.c.CharSequenceEncoder - [7c801070] Writing "571. foo bar"
22:42:26.570 [qtp817009784-342] DEBUG o.s.c.c.CharSequenceEncoder - [7c801070] Writing "572. foo bar"
22:42:26.570 [qtp817009784-342] DEBUG o.s.c.c.CharSequenceEncoder - [7c801070] Writing "573. foo bar"
22:42:26.570 [qtp817009784-342] DEBUG o.s.c.c.CharSequenceEncoder - [7c801070] Writing "574. foo bar"
22:42:26.570 [qtp817009784-342] DEBUG o.s.c.c.CharSequenceEncoder - [7c801070] Writing "575. foo bar"
22:42:26.570 [qtp817009784-342] DEBUG o.s.c.c.CharSequenceEncoder - [7c801070] Writing "576. foo bar"
22:42:26.570 [qtp817009784-342] DEBUG o.s.c.c.CharSequenceEncoder - [7c801070] Writing "577. foo bar"
22:42:26.570 [qtp817009784-342] DEBUG o.s.c.c.CharSequenceEncoder - [7c801070] Writing "578. foo bar"
22:42:26.570 [qtp817009784-342] DEBUG o.s.c.c.CharSequenceEncoder - [7c801070] Writing "579. foo bar"
22:42:26.570 [qtp817009784-342] DEBUG o.s.c.c.CharSequenceEncoder - [7c801070] Writing "580. foo bar"
22:42:26.570 [qtp817009784-342] DEBUG o.s.c.c.CharSequenceEncoder - [7c801070] Writing "581. foo bar"
22:42:26.570 [qtp817009784-342] DEBUG o.s.c.c.CharSequenceEncoder - [7c801070] Writing "582. foo bar"
22:42:26.570 [qtp817009784-342] DEBUG o.s.c.c.CharSequenceEncoder - [7c801070] Writing "583. foo bar"
22:42:26.570 [qtp817009784-342] DEBUG o.s.c.c.CharSequenceEncoder - [7c801070] Writing "584. foo bar"
22:42:26.570 [qtp817009784-342] DEBUG o.s.c.c.CharSequenceEncoder - [7c801070] Writing "585. foo bar"
22:42:26.571 [qtp817009784-342] DEBUG o.s.c.c.CharSequenceEncoder - [7c801070] Writing "586. foo bar"
22:42:26.571 [qtp817009784-342] DEBUG o.s.c.c.CharSequenceEncoder - [7c801070] Writing "587. foo bar"
22:42:26.571 [qtp817009784-342] DEBUG o.s.c.c.CharSequenceEncoder - [7c801070] Writing "588. foo bar"
22:42:26.571 [qtp817009784-342] DEBUG o.s.c.c.CharSequenceEncoder - [7c801070] Writing "589. foo bar"
22:42:26.571 [qtp817009784-342] DEBUG o.s.c.c.CharSequenceEncoder - [7c801070] Writing "590. foo bar"
22:42:26.571 [qtp817009784-342] DEBUG o.s.c.c.CharSequenceEncoder - [7c801070] Writing "591. foo bar"
22:42:26.571 [qtp817009784-342] DEBUG o.s.c.c.CharSequenceEncoder - [7c801070] Writing "592. foo bar"
22:42:26.571 [qtp817009784-342] DEBUG o.s.c.c.CharSequenceEncoder - [7c801070] Writing "593. foo bar"
22:42:26.571 [qtp817009784-342] DEBUG o.s.c.c.CharSequenceEncoder - [7c801070] Writing "594. foo bar"
22:42:26.571 [qtp817009784-342] DEBUG o.s.c.c.CharSequenceEncoder - [7c801070] Writing "595. foo bar"
22:42:26.571 [qtp817009784-342] DEBUG o.s.c.c.CharSequenceEncoder - [7c801070] Writing "596. foo bar"
22:42:26.571 [qtp817009784-342] DEBUG o.s.c.c.CharSequenceEncoder - [7c801070] Writing "597. foo bar"
22:42:26.571 [qtp817009784-342] DEBUG o.s.c.c.CharSequenceEncoder - [7c801070] Writing "598. foo bar"
22:42:26.571 [qtp817009784-342] DEBUG o.s.c.c.CharSequenceEncoder - [7c801070] Writing "599. foo bar"
22:42:26.571 [qtp817009784-342] DEBUG o.s.c.c.CharSequenceEncoder - [7c801070] Writing "600. foo bar"
22:42:26.571 [qtp817009784-342] DEBUG o.s.c.c.CharSequenceEncoder - [7c801070] Writing "601. foo bar"
22:42:26.571 [qtp817009784-342] DEBUG o.s.c.c.CharSequenceEncoder - [7c801070] Writing "602. foo bar"
22:42:26.571 [qtp817009784-342] DEBUG o.s.c.c.CharSequenceEncoder - [7c801070] Writing "603. foo bar"
22:42:26.571 [qtp817009784-342] DEBUG o.s.c.c.CharSequenceEncoder - [7c801070] Writing "604. foo bar"
22:42:26.571 [qtp817009784-342] DEBUG o.s.c.c.CharSequenceEncoder - [7c801070] Writing "605. foo bar"
22:42:26.571 [qtp817009784-342] DEBUG o.s.c.c.CharSequenceEncoder - [7c801070] Writing "606. foo bar"
22:42:26.571 [qtp817009784-342] DEBUG o.s.c.c.CharSequenceEncoder - [7c801070] Writing "607. foo bar"
22:42:26.572 [qtp817009784-342] DEBUG o.s.c.c.CharSequenceEncoder - [7c801070] Writing "608. foo bar"
22:42:26.572 [qtp817009784-342] DEBUG o.s.c.c.CharSequenceEncoder - [7c801070] Writing "609. foo bar"
22:42:26.572 [qtp817009784-342] DEBUG o.s.c.c.CharSequenceEncoder - [7c801070] Writing "610. foo bar"
22:42:26.572 [qtp817009784-342] DEBUG o.s.c.c.CharSequenceEncoder - [7c801070] Writing "611. foo bar"
22:42:26.572 [qtp817009784-342] DEBUG o.s.c.c.CharSequenceEncoder - [7c801070] Writing "612. foo bar"
22:42:26.572 [qtp817009784-342] DEBUG o.s.c.c.CharSequenceEncoder - [7c801070] Writing "613. foo bar"
22:42:26.572 [qtp817009784-342] DEBUG o.s.c.c.CharSequenceEncoder - [7c801070] Writing "614. foo bar"
22:42:26.572 [qtp817009784-342] DEBUG o.s.c.c.CharSequenceEncoder - [7c801070] Writing "615. foo bar"
22:42:26.572 [qtp817009784-342] DEBUG o.s.c.c.CharSequenceEncoder - [7c801070] Writing "616. foo bar"
22:42:26.572 [qtp817009784-342] DEBUG o.s.c.c.CharSequenceEncoder - [7c801070] Writing "617. foo bar"
22:42:26.572 [qtp817009784-342] DEBUG o.s.c.c.CharSequenceEncoder - [7c801070] Writing "618. foo bar"
22:42:26.572 [qtp817009784-342] DEBUG o.s.c.c.CharSequenceEncoder - [7c801070] Writing "619. foo bar"
22:42:26.572 [qtp817009784-342] DEBUG o.s.c.c.CharSequenceEncoder - [7c801070] Writing "620. foo bar"
22:42:26.572 [qtp817009784-342] DEBUG o.s.c.c.CharSequenceEncoder - [7c801070] Writing "621. foo bar"
22:42:26.572 [qtp817009784-342] DEBUG o.s.c.c.CharSequenceEncoder - [7c801070] Writing "622. foo bar"
22:42:26.572 [qtp817009784-342] DEBUG o.s.c.c.CharSequenceEncoder - [7c801070] Writing "623. foo bar"
22:42:26.572 [qtp817009784-342] DEBUG o.s.c.c.CharSequenceEncoder - [7c801070] Writing "624. foo bar"
22:42:26.572 [qtp817009784-342] DEBUG o.s.c.c.CharSequenceEncoder - [7c801070] Writing "625. foo bar"
22:42:26.572 [qtp817009784-342] DEBUG o.s.c.c.CharSequenceEncoder - [7c801070] Writing "626. foo bar"
22:42:26.572 [qtp817009784-342] DEBUG o.s.c.c.CharSequenceEncoder - [7c801070] Writing "627. foo bar"
22:42:26.573 [qtp817009784-342] DEBUG o.s.c.c.CharSequenceEncoder - [7c801070] Writing "628. foo bar"
22:42:26.573 [qtp817009784-342] DEBUG o.s.c.c.CharSequenceEncoder - [7c801070] Writing "629. foo bar"
22:42:26.573 [qtp817009784-342] DEBUG o.s.c.c.CharSequenceEncoder - [7c801070] Writing "630. foo bar"
22:42:26.573 [qtp817009784-342] DEBUG o.s.c.c.CharSequenceEncoder - [7c801070] Writing "631. foo bar"
22:42:26.573 [qtp817009784-342] DEBUG o.s.c.c.CharSequenceEncoder - [7c801070] Writing "632. foo bar"
22:42:26.573 [qtp817009784-342] DEBUG o.s.c.c.CharSequenceEncoder - [7c801070] Writing "633. foo bar"
22:42:26.573 [qtp817009784-342] DEBUG o.s.c.c.CharSequenceEncoder - [7c801070] Writing "634. foo bar"
22:42:26.573 [qtp817009784-342] DEBUG o.s.c.c.CharSequenceEncoder - [7c801070] Writing "635. foo bar"
22:42:26.573 [qtp817009784-342] DEBUG o.s.c.c.CharSequenceEncoder - [7c801070] Writing "636. foo bar"
22:42:26.573 [qtp817009784-342] DEBUG o.s.c.c.CharSequenceEncoder - [7c801070] Writing "637. foo bar"
22:42:26.573 [qtp817009784-342] DEBUG o.s.c.c.CharSequenceEncoder - [7c801070] Writing "638. foo bar"
22:42:26.573 [qtp817009784-342] DEBUG o.s.c.c.CharSequenceEncoder - [7c801070] Writing "639. foo bar"
22:42:26.573 [qtp817009784-342] DEBUG o.s.c.c.CharSequenceEncoder - [7c801070] Writing "640. foo bar"
22:42:26.573 [qtp817009784-342] DEBUG o.s.c.c.CharSequenceEncoder - [7c801070] Writing "641. foo bar"
22:42:26.573 [qtp817009784-342] DEBUG o.s.c.c.CharSequenceEncoder - [7c801070] Writing "642. foo bar"
22:42:26.573 [qtp817009784-342] DEBUG o.s.c.c.CharSequenceEncoder - [7c801070] Writing "643. foo bar"
22:42:26.573 [qtp817009784-342] DEBUG o.s.c.c.CharSequenceEncoder - [7c801070] Writing "644. foo bar"
22:42:26.573 [qtp817009784-342] DEBUG o.s.c.c.CharSequenceEncoder - [7c801070] Writing "645. foo bar"
22:42:26.573 [qtp817009784-342] DEBUG o.s.c.c.CharSequenceEncoder - [7c801070] Writing "646. foo bar"
22:42:26.573 [qtp817009784-342] DEBUG o.s.c.c.CharSequenceEncoder - [7c801070] Writing "647. foo bar"
22:42:26.573 [qtp817009784-342] DEBUG o.s.c.c.CharSequenceEncoder - [7c801070] Writing "648. foo bar"
22:42:26.573 [qtp817009784-342] DEBUG o.s.c.c.CharSequenceEncoder - [7c801070] Writing "649. foo bar"
22:42:26.573 [qtp817009784-342] DEBUG o.s.c.c.CharSequenceEncoder - [7c801070] Writing "650. foo bar"
22:42:26.573 [qtp817009784-342] DEBUG o.s.c.c.CharSequenceEncoder - [7c801070] Writing "651. foo bar"
22:42:26.574 [qtp817009784-342] DEBUG o.s.c.c.CharSequenceEncoder - [7c801070] Writing "652. foo bar"
22:42:26.574 [qtp817009784-342] DEBUG o.s.c.c.CharSequenceEncoder - [7c801070] Writing "653. foo bar"
22:42:26.574 [qtp817009784-342] DEBUG o.s.c.c.CharSequenceEncoder - [7c801070] Writing "654. foo bar"
22:42:26.574 [qtp817009784-342] DEBUG o.s.c.c.CharSequenceEncoder - [7c801070] Writing "655. foo bar"
22:42:26.574 [qtp817009784-342] DEBUG o.s.c.c.CharSequenceEncoder - [7c801070] Writing "656. foo bar"
22:42:26.574 [qtp817009784-342] DEBUG o.s.c.c.CharSequenceEncoder - [7c801070] Writing "657. foo bar"
22:42:26.574 [qtp817009784-342] DEBUG o.s.c.c.CharSequenceEncoder - [7c801070] Writing "658. foo bar"
22:42:26.574 [qtp817009784-342] DEBUG o.s.c.c.CharSequenceEncoder - [7c801070] Writing "659. foo bar"
22:42:26.574 [qtp817009784-342] DEBUG o.s.c.c.CharSequenceEncoder - [7c801070] Writing "660. foo bar"
22:42:26.574 [qtp817009784-342] DEBUG o.s.c.c.CharSequenceEncoder - [7c801070] Writing "661. foo bar"
22:42:26.574 [qtp817009784-342] DEBUG o.s.c.c.CharSequenceEncoder - [7c801070] Writing "662. foo bar"
22:42:26.574 [qtp817009784-342] DEBUG o.s.c.c.CharSequenceEncoder - [7c801070] Writing "663. foo bar"
22:42:26.574 [qtp817009784-342] DEBUG o.s.c.c.CharSequenceEncoder - [7c801070] Writing "664. foo bar"
22:42:26.574 [qtp817009784-342] DEBUG o.s.c.c.CharSequenceEncoder - [7c801070] Writing "665. foo bar"
22:42:26.574 [qtp817009784-342] DEBUG o.s.c.c.CharSequenceEncoder - [7c801070] Writing "666. foo bar"
22:42:26.574 [qtp817009784-342] DEBUG o.s.c.c.CharSequenceEncoder - [7c801070] Writing "667. foo bar"
22:42:26.574 [qtp817009784-342] DEBUG o.s.c.c.CharSequenceEncoder - [7c801070] Writing "668. foo bar"
22:42:26.574 [qtp817009784-342] DEBUG o.s.c.c.CharSequenceEncoder - [7c801070] Writing "669. foo bar"
22:42:26.574 [qtp817009784-342] DEBUG o.s.c.c.CharSequenceEncoder - [7c801070] Writing "670. foo bar"
22:42:26.574 [qtp817009784-342] DEBUG o.s.c.c.CharSequenceEncoder - [7c801070] Writing "671. foo bar"
22:42:26.574 [qtp817009784-342] DEBUG o.s.c.c.CharSequenceEncoder - [7c801070] Writing "672. foo bar"
22:42:26.574 [qtp817009784-342] DEBUG o.s.c.c.CharSequenceEncoder - [7c801070] Writing "673. foo bar"
22:42:26.575 [qtp817009784-342] DEBUG o.s.c.c.CharSequenceEncoder - [7c801070] Writing "674. foo bar"
22:42:26.575 [qtp817009784-342] DEBUG o.s.c.c.CharSequenceEncoder - [7c801070] Writing "675. foo bar"
22:42:26.575 [qtp817009784-342] DEBUG o.s.c.c.CharSequenceEncoder - [7c801070] Writing "676. foo bar"
22:42:26.575 [qtp817009784-342] DEBUG o.s.c.c.CharSequenceEncoder - [7c801070] Writing "677. foo bar"
22:42:26.575 [qtp817009784-342] DEBUG o.s.c.c.CharSequenceEncoder - [7c801070] Writing "678. foo bar"
22:42:26.575 [qtp817009784-342] DEBUG o.s.c.c.CharSequenceEncoder - [7c801070] Writing "679. foo bar"
22:42:26.575 [qtp817009784-342] DEBUG o.s.c.c.CharSequenceEncoder - [7c801070] Writing "680. foo bar"
22:42:26.575 [qtp817009784-342] DEBUG o.s.c.c.CharSequenceEncoder - [7c801070] Writing "681. foo bar"
22:42:26.575 [qtp817009784-342] DEBUG o.s.c.c.CharSequenceEncoder - [7c801070] Writing "682. foo bar"
22:42:26.575 [qtp817009784-342] DEBUG o.s.c.c.CharSequenceEncoder - [7c801070] Writing "683. foo bar"
22:42:26.575 [qtp817009784-342] DEBUG o.s.c.c.CharSequenceEncoder - [7c801070] Writing "684. foo bar"
22:42:26.575 [qtp817009784-342] DEBUG o.s.c.c.CharSequenceEncoder - [7c801070] Writing "685. foo bar"
22:42:26.575 [qtp817009784-342] DEBUG o.s.c.c.CharSequenceEncoder - [7c801070] Writing "686. foo bar"
22:42:26.575 [qtp817009784-342] DEBUG o.s.c.c.CharSequenceEncoder - [7c801070] Writing "687. foo bar"
22:42:26.575 [qtp817009784-342] DEBUG o.s.c.c.CharSequenceEncoder - [7c801070] Writing "688. foo bar"
22:42:26.575 [qtp817009784-342] DEBUG o.s.c.c.CharSequenceEncoder - [7c801070] Writing "689. foo bar"
22:42:26.575 [qtp817009784-342] DEBUG o.s.c.c.CharSequenceEncoder - [7c801070] Writing "690. foo bar"
22:42:26.575 [qtp817009784-342] DEBUG o.s.c.c.CharSequenceEncoder - [7c801070] Writing "691. foo bar"
22:42:26.575 [qtp817009784-342] DEBUG o.s.c.c.CharSequenceEncoder - [7c801070] Writing "692. foo bar"
22:42:26.575 [qtp817009784-342] DEBUG o.s.c.c.CharSequenceEncoder - [7c801070] Writing "693. foo bar"
22:42:26.575 [qtp817009784-342] DEBUG o.s.c.c.CharSequenceEncoder - [7c801070] Writing "694. foo bar"
22:42:26.576 [qtp817009784-342] DEBUG o.s.c.c.CharSequenceEncoder - [7c801070] Writing "695. foo bar"
22:42:26.576 [qtp817009784-342] DEBUG o.s.c.c.CharSequenceEncoder - [7c801070] Writing "696. foo bar"
22:42:26.576 [qtp817009784-342] DEBUG o.s.c.c.CharSequenceEncoder - [7c801070] Writing "697. foo bar"
22:42:26.576 [qtp817009784-342] DEBUG o.s.c.c.CharSequenceEncoder - [7c801070] Writing "698. foo bar"
22:42:26.576 [qtp817009784-342] DEBUG o.s.c.c.CharSequenceEncoder - [7c801070] Writing "699. foo bar"
22:42:26.576 [qtp817009784-342] DEBUG o.s.c.c.CharSequenceEncoder - [7c801070] Writing "700. foo bar"
22:42:26.576 [qtp817009784-342] DEBUG o.s.c.c.CharSequenceEncoder - [7c801070] Writing "701. foo bar"
22:42:26.576 [qtp817009784-342] DEBUG o.s.c.c.CharSequenceEncoder - [7c801070] Writing "702. foo bar"
22:42:26.576 [qtp817009784-342] DEBUG o.s.c.c.CharSequenceEncoder - [7c801070] Writing "703. foo bar"
22:42:26.576 [qtp817009784-342] DEBUG o.s.c.c.CharSequenceEncoder - [7c801070] Writing "704. foo bar"
22:42:26.576 [qtp817009784-342] DEBUG o.s.c.c.CharSequenceEncoder - [7c801070] Writing "705. foo bar"
22:42:26.576 [qtp817009784-342] DEBUG o.s.c.c.CharSequenceEncoder - [7c801070] Writing "706. foo bar"
22:42:26.576 [qtp817009784-342] DEBUG o.s.c.c.CharSequenceEncoder - [7c801070] Writing "707. foo bar"
22:42:26.576 [qtp817009784-342] DEBUG o.s.c.c.CharSequenceEncoder - [7c801070] Writing "708. foo bar"
22:42:26.576 [qtp817009784-342] DEBUG o.s.c.c.CharSequenceEncoder - [7c801070] Writing "709. foo bar"
22:42:26.576 [qtp817009784-342] DEBUG o.s.c.c.CharSequenceEncoder - [7c801070] Writing "710. foo bar"
22:42:26.576 [qtp817009784-342] DEBUG o.s.c.c.CharSequenceEncoder - [7c801070] Writing "711. foo bar"
22:42:26.576 [qtp817009784-342] DEBUG o.s.c.c.CharSequenceEncoder - [7c801070] Writing "712. foo bar"
22:42:26.576 [qtp817009784-342] DEBUG o.s.c.c.CharSequenceEncoder - [7c801070] Writing "713. foo bar"
22:42:26.576 [qtp817009784-342] DEBUG o.s.c.c.CharSequenceEncoder - [7c801070] Writing "714. foo bar"
22:42:26.576 [qtp817009784-342] DEBUG o.s.c.c.CharSequenceEncoder - [7c801070] Writing "715. foo bar"
22:42:26.577 [qtp817009784-342] DEBUG o.s.c.c.CharSequenceEncoder - [7c801070] Writing "716. foo bar"
22:42:26.577 [qtp817009784-342] DEBUG o.s.c.c.CharSequenceEncoder - [7c801070] Writing "717. foo bar"
22:42:26.577 [qtp817009784-342] DEBUG o.s.c.c.CharSequenceEncoder - [7c801070] Writing "718. foo bar"
22:42:26.577 [qtp817009784-342] DEBUG o.s.c.c.CharSequenceEncoder - [7c801070] Writing "719. foo bar"
22:42:26.577 [qtp817009784-342] DEBUG o.s.c.c.CharSequenceEncoder - [7c801070] Writing "720. foo bar"
22:42:26.577 [qtp817009784-342] DEBUG o.s.c.c.CharSequenceEncoder - [7c801070] Writing "721. foo bar"
22:42:26.577 [qtp817009784-342] DEBUG o.s.c.c.CharSequenceEncoder - [7c801070] Writing "722. foo bar"
22:42:26.577 [qtp817009784-342] DEBUG o.s.c.c.CharSequenceEncoder - [7c801070] Writing "723. foo bar"
22:42:26.577 [qtp817009784-342] DEBUG o.s.c.c.CharSequenceEncoder - [7c801070] Writing "724. foo bar"
22:42:26.577 [qtp817009784-342] DEBUG o.s.c.c.CharSequenceEncoder - [7c801070] Writing "725. foo bar"
22:42:26.577 [qtp817009784-342] DEBUG o.s.c.c.CharSequenceEncoder - [7c801070] Writing "726. foo bar"
22:42:26.577 [qtp817009784-342] DEBUG o.s.c.c.CharSequenceEncoder - [7c801070] Writing "727. foo bar"
22:42:26.577 [qtp817009784-342] DEBUG o.s.c.c.CharSequenceEncoder - [7c801070] Writing "728. foo bar"
22:42:26.577 [qtp817009784-342] DEBUG o.s.c.c.CharSequenceEncoder - [7c801070] Writing "729. foo bar"
22:42:26.577 [qtp817009784-342] DEBUG o.s.c.c.CharSequenceEncoder - [7c801070] Writing "730. foo bar"
22:42:26.577 [qtp817009784-342] DEBUG o.s.c.c.CharSequenceEncoder - [7c801070] Writing "731. foo bar"
22:42:26.577 [qtp817009784-342] DEBUG o.s.c.c.CharSequenceEncoder - [7c801070] Writing "732. foo bar"
22:42:26.577 [qtp817009784-342] DEBUG o.s.c.c.CharSequenceEncoder - [7c801070] Writing "733. foo bar"
22:42:26.577 [qtp817009784-342] DEBUG o.s.c.c.CharSequenceEncoder - [7c801070] Writing "734. foo bar"
22:42:26.577 [qtp817009784-342] DEBUG o.s.c.c.CharSequenceEncoder - [7c801070] Writing "735. foo bar"
22:42:26.578 [qtp817009784-342] DEBUG o.s.c.c.CharSequenceEncoder - [7c801070] Writing "736. foo bar"
22:42:26.578 [qtp817009784-342] DEBUG o.s.c.c.CharSequenceEncoder - [7c801070] Writing "737. foo bar"
22:42:26.578 [qtp817009784-342] DEBUG o.s.c.c.CharSequenceEncoder - [7c801070] Writing "738. foo bar"
22:42:26.578 [qtp817009784-342] DEBUG o.s.c.c.CharSequenceEncoder - [7c801070] Writing "739. foo bar"
22:42:26.578 [qtp817009784-342] DEBUG o.s.c.c.CharSequenceEncoder - [7c801070] Writing "740. foo bar"
22:42:26.578 [qtp817009784-342] DEBUG o.s.c.c.CharSequenceEncoder - [7c801070] Writing "741. foo bar"
22:42:26.578 [qtp817009784-342] DEBUG o.s.c.c.CharSequenceEncoder - [7c801070] Writing "742. foo bar"
22:42:26.578 [qtp817009784-342] DEBUG o.s.c.c.CharSequenceEncoder - [7c801070] Writing "743. foo bar"
22:42:26.578 [qtp817009784-342] DEBUG o.s.c.c.CharSequenceEncoder - [7c801070] Writing "744. foo bar"
22:42:26.578 [qtp817009784-342] DEBUG o.s.c.c.CharSequenceEncoder - [7c801070] Writing "745. foo bar"
22:42:26.578 [qtp817009784-342] DEBUG o.s.c.c.CharSequenceEncoder - [7c801070] Writing "746. foo bar"
22:42:26.578 [qtp817009784-342] DEBUG o.s.c.c.CharSequenceEncoder - [7c801070] Writing "747. foo bar"
22:42:26.578 [qtp817009784-342] DEBUG o.s.c.c.CharSequenceEncoder - [7c801070] Writing "748. foo bar"
22:42:26.578 [qtp817009784-342] DEBUG o.s.c.c.CharSequenceEncoder - [7c801070] Writing "749. foo bar"
22:42:26.578 [qtp817009784-342] DEBUG o.s.c.c.CharSequenceEncoder - [7c801070] Writing "750. foo bar"
22:42:26.578 [qtp817009784-342] DEBUG o.s.c.c.CharSequenceEncoder - [7c801070] Writing "751. foo bar"
22:42:26.578 [qtp817009784-342] DEBUG o.s.c.c.CharSequenceEncoder - [7c801070] Writing "752. foo bar"
22:42:26.578 [qtp817009784-342] DEBUG o.s.c.c.CharSequenceEncoder - [7c801070] Writing "753. foo bar"
22:42:26.578 [qtp817009784-342] DEBUG o.s.c.c.CharSequenceEncoder - [7c801070] Writing "754. foo bar"
22:42:26.578 [qtp817009784-342] DEBUG o.s.c.c.CharSequenceEncoder - [7c801070] Writing "755. foo bar"
22:42:26.579 [qtp817009784-342] DEBUG o.s.c.c.CharSequenceEncoder - [7c801070] Writing "756. foo bar"
22:42:26.579 [qtp817009784-342] DEBUG o.s.c.c.CharSequenceEncoder - [7c801070] Writing "757. foo bar"
22:42:26.579 [qtp817009784-342] DEBUG o.s.c.c.CharSequenceEncoder - [7c801070] Writing "758. foo bar"
22:42:26.579 [qtp817009784-342] DEBUG o.s.c.c.CharSequenceEncoder - [7c801070] Writing "759. foo bar"
22:42:26.579 [qtp817009784-342] DEBUG o.s.c.c.CharSequenceEncoder - [7c801070] Writing "760. foo bar"
22:42:26.579 [qtp817009784-342] DEBUG o.s.c.c.CharSequenceEncoder - [7c801070] Writing "761. foo bar"
22:42:26.579 [qtp817009784-342] DEBUG o.s.c.c.CharSequenceEncoder - [7c801070] Writing "762. foo bar"
22:42:26.579 [qtp817009784-342] DEBUG o.s.c.c.CharSequenceEncoder - [7c801070] Writing "763. foo bar"
22:42:26.579 [qtp817009784-342] DEBUG o.s.c.c.CharSequenceEncoder - [7c801070] Writing "764. foo bar"
22:42:26.579 [qtp817009784-342] DEBUG o.s.c.c.CharSequenceEncoder - [7c801070] Writing "765. foo bar"
22:42:26.579 [qtp817009784-342] DEBUG o.s.c.c.CharSequenceEncoder - [7c801070] Writing "766. foo bar"
22:42:26.579 [qtp817009784-342] DEBUG o.s.c.c.CharSequenceEncoder - [7c801070] Writing "767. foo bar"
22:42:26.579 [qtp817009784-342] DEBUG o.s.c.c.CharSequenceEncoder - [7c801070] Writing "768. foo bar"
22:42:26.579 [qtp817009784-342] DEBUG o.s.c.c.CharSequenceEncoder - [7c801070] Writing "769. foo bar"
22:42:26.579 [qtp817009784-342] DEBUG o.s.c.c.CharSequenceEncoder - [7c801070] Writing "770. foo bar"
22:42:26.579 [qtp817009784-342] DEBUG o.s.c.c.CharSequenceEncoder - [7c801070] Writing "771. foo bar"
22:42:26.579 [qtp817009784-342] DEBUG o.s.c.c.CharSequenceEncoder - [7c801070] Writing "772. foo bar"
22:42:26.579 [qtp817009784-342] DEBUG o.s.c.c.CharSequenceEncoder - [7c801070] Writing "773. foo bar"
22:42:26.579 [qtp817009784-342] DEBUG o.s.c.c.CharSequenceEncoder - [7c801070] Writing "774. foo bar"
22:42:26.579 [qtp817009784-342] DEBUG o.s.c.c.CharSequenceEncoder - [7c801070] Writing "775. foo bar"
22:42:26.579 [qtp817009784-342] DEBUG o.s.c.c.CharSequenceEncoder - [7c801070] Writing "776. foo bar"
22:42:26.580 [qtp817009784-342] DEBUG o.s.c.c.CharSequenceEncoder - [7c801070] Writing "777. foo bar"
22:42:26.580 [qtp817009784-342] DEBUG o.s.c.c.CharSequenceEncoder - [7c801070] Writing "778. foo bar"
22:42:26.580 [qtp817009784-342] DEBUG o.s.c.c.CharSequenceEncoder - [7c801070] Writing "779. foo bar"
22:42:26.580 [qtp817009784-342] DEBUG o.s.c.c.CharSequenceEncoder - [7c801070] Writing "780. foo bar"
22:42:26.580 [qtp817009784-342] DEBUG o.s.c.c.CharSequenceEncoder - [7c801070] Writing "781. foo bar"
22:42:26.580 [qtp817009784-342] DEBUG o.s.c.c.CharSequenceEncoder - [7c801070] Writing "782. foo bar"
22:42:26.580 [qtp817009784-342] DEBUG o.s.c.c.CharSequenceEncoder - [7c801070] Writing "783. foo bar"
22:42:26.580 [qtp817009784-342] DEBUG o.s.c.c.CharSequenceEncoder - [7c801070] Writing "784. foo bar"
22:42:26.580 [qtp817009784-342] DEBUG o.s.c.c.CharSequenceEncoder - [7c801070] Writing "785. foo bar"
22:42:26.580 [qtp817009784-342] DEBUG o.s.c.c.CharSequenceEncoder - [7c801070] Writing "786. foo bar"
22:42:26.580 [qtp817009784-342] DEBUG o.s.c.c.CharSequenceEncoder - [7c801070] Writing "787. foo bar"
22:42:26.580 [qtp817009784-342] DEBUG o.s.c.c.CharSequenceEncoder - [7c801070] Writing "788. foo bar"
22:42:26.580 [qtp817009784-342] DEBUG o.s.c.c.CharSequenceEncoder - [7c801070] Writing "789. foo bar"
22:42:26.580 [qtp817009784-342] DEBUG o.s.c.c.CharSequenceEncoder - [7c801070] Writing "790. foo bar"
22:42:26.580 [qtp817009784-342] DEBUG o.s.c.c.CharSequenceEncoder - [7c801070] Writing "791. foo bar"
22:42:26.580 [qtp817009784-342] DEBUG o.s.c.c.CharSequenceEncoder - [7c801070] Writing "792. foo bar"
22:42:26.580 [qtp817009784-342] DEBUG o.s.c.c.CharSequenceEncoder - [7c801070] Writing "793. foo bar"
22:42:26.580 [qtp817009784-342] DEBUG o.s.c.c.CharSequenceEncoder - [7c801070] Writing "794. foo bar"
22:42:26.580 [qtp817009784-342] DEBUG o.s.c.c.CharSequenceEncoder - [7c801070] Writing "795. foo bar"
22:42:26.581 [qtp817009784-342] DEBUG o.s.c.c.CharSequenceEncoder - [7c801070] Writing "796. foo bar"
22:42:26.581 [qtp817009784-342] DEBUG o.s.c.c.CharSequenceEncoder - [7c801070] Writing "797. foo bar"
22:42:26.581 [qtp817009784-342] DEBUG o.s.c.c.CharSequenceEncoder - [7c801070] Writing "798. foo bar"
22:42:26.581 [qtp817009784-342] DEBUG o.s.c.c.CharSequenceEncoder - [7c801070] Writing "799. foo bar"
22:42:26.581 [qtp817009784-342] DEBUG o.s.c.c.CharSequenceEncoder - [7c801070] Writing "800. foo bar"
22:42:26.581 [qtp817009784-342] DEBUG o.s.c.c.CharSequenceEncoder - [7c801070] Writing "801. foo bar"
22:42:26.581 [qtp817009784-342] DEBUG o.s.c.c.CharSequenceEncoder - [7c801070] Writing "802. foo bar"
22:42:26.581 [qtp817009784-342] DEBUG o.s.c.c.CharSequenceEncoder - [7c801070] Writing "803. foo bar"
22:42:26.581 [qtp817009784-342] DEBUG o.s.c.c.CharSequenceEncoder - [7c801070] Writing "804. foo bar"
22:42:26.581 [qtp817009784-342] DEBUG o.s.c.c.CharSequenceEncoder - [7c801070] Writing "805. foo bar"
22:42:26.581 [qtp817009784-342] DEBUG o.s.c.c.CharSequenceEncoder - [7c801070] Writing "806. foo bar"
22:42:26.581 [qtp817009784-342] DEBUG o.s.c.c.CharSequenceEncoder - [7c801070] Writing "807. foo bar"
22:42:26.581 [qtp817009784-342] DEBUG o.s.c.c.CharSequenceEncoder - [7c801070] Writing "808. foo bar"
22:42:26.581 [qtp817009784-342] DEBUG o.s.c.c.CharSequenceEncoder - [7c801070] Writing "809. foo bar"
22:42:26.581 [qtp817009784-342] DEBUG o.s.c.c.CharSequenceEncoder - [7c801070] Writing "810. foo bar"
22:42:26.581 [qtp817009784-342] DEBUG o.s.c.c.CharSequenceEncoder - [7c801070] Writing "811. foo bar"
22:42:26.581 [qtp817009784-342] DEBUG o.s.c.c.CharSequenceEncoder - [7c801070] Writing "812. foo bar"
22:42:26.581 [qtp817009784-342] DEBUG o.s.c.c.CharSequenceEncoder - [7c801070] Writing "813. foo bar"
22:42:26.581 [qtp817009784-342] DEBUG o.s.c.c.CharSequenceEncoder - [7c801070] Writing "814. foo bar"
22:42:26.581 [qtp817009784-342] DEBUG o.s.c.c.CharSequenceEncoder - [7c801070] Writing "815. foo bar"
22:42:26.581 [qtp817009784-342] DEBUG o.s.c.c.CharSequenceEncoder - [7c801070] Writing "816. foo bar"
22:42:26.581 [qtp817009784-342] DEBUG o.s.c.c.CharSequenceEncoder - [7c801070] Writing "817. foo bar"
22:42:26.581 [qtp817009784-342] DEBUG o.s.c.c.CharSequenceEncoder - [7c801070] Writing "818. foo bar"
22:42:26.582 [qtp817009784-342] DEBUG o.s.c.c.CharSequenceEncoder - [7c801070] Writing "819. foo bar"
22:42:26.582 [qtp817009784-342] DEBUG o.s.c.c.CharSequenceEncoder - [7c801070] Writing "820. foo bar"
22:42:26.582 [qtp817009784-342] DEBUG o.s.c.c.CharSequenceEncoder - [7c801070] Writing "821. foo bar"
22:42:26.582 [qtp817009784-342] DEBUG o.s.c.c.CharSequenceEncoder - [7c801070] Writing "822. foo bar"
22:42:26.582 [qtp817009784-342] DEBUG o.s.c.c.CharSequenceEncoder - [7c801070] Writing "823. foo bar"
22:42:26.582 [qtp817009784-342] DEBUG o.s.c.c.CharSequenceEncoder - [7c801070] Writing "824. foo bar"
22:42:26.582 [qtp817009784-342] DEBUG o.s.c.c.CharSequenceEncoder - [7c801070] Writing "825. foo bar"
22:42:26.582 [qtp817009784-342] DEBUG o.s.c.c.CharSequenceEncoder - [7c801070] Writing "826. foo bar"
22:42:26.582 [qtp817009784-342] DEBUG o.s.c.c.CharSequenceEncoder - [7c801070] Writing "827. foo bar"
22:42:26.582 [qtp817009784-342] DEBUG o.s.c.c.CharSequenceEncoder - [7c801070] Writing "828. foo bar"
22:42:26.582 [qtp817009784-342] DEBUG o.s.c.c.CharSequenceEncoder - [7c801070] Writing "829. foo bar"
22:42:26.582 [qtp817009784-342] DEBUG o.s.c.c.CharSequenceEncoder - [7c801070] Writing "830. foo bar"
22:42:26.582 [qtp817009784-342] DEBUG o.s.c.c.CharSequenceEncoder - [7c801070] Writing "831. foo bar"
22:42:26.582 [qtp817009784-342] DEBUG o.s.c.c.CharSequenceEncoder - [7c801070] Writing "832. foo bar"
22:42:26.582 [qtp817009784-342] DEBUG o.s.c.c.CharSequenceEncoder - [7c801070] Writing "833. foo bar"
22:42:26.582 [qtp817009784-342] DEBUG o.s.c.c.CharSequenceEncoder - [7c801070] Writing "834. foo bar"
22:42:26.582 [qtp817009784-342] DEBUG o.s.c.c.CharSequenceEncoder - [7c801070] Writing "835. foo bar"
22:42:26.582 [qtp817009784-342] DEBUG o.s.c.c.CharSequenceEncoder - [7c801070] Writing "836. foo bar"
22:42:26.582 [qtp817009784-342] DEBUG o.s.c.c.CharSequenceEncoder - [7c801070] Writing "837. foo bar"
22:42:26.582 [qtp817009784-342] DEBUG o.s.c.c.CharSequenceEncoder - [7c801070] Writing "838. foo bar"
22:42:26.582 [qtp817009784-342] DEBUG o.s.c.c.CharSequenceEncoder - [7c801070] Writing "839. foo bar"
22:42:26.582 [qtp817009784-342] DEBUG o.s.c.c.CharSequenceEncoder - [7c801070] Writing "840. foo bar"
22:42:26.582 [qtp817009784-342] DEBUG o.s.c.c.CharSequenceEncoder - [7c801070] Writing "841. foo bar"
22:42:26.582 [qtp817009784-342] DEBUG o.s.c.c.CharSequenceEncoder - [7c801070] Writing "842. foo bar"
22:42:26.582 [qtp817009784-342] DEBUG o.s.c.c.CharSequenceEncoder - [7c801070] Writing "843. foo bar"
22:42:26.582 [qtp817009784-342] DEBUG o.s.c.c.CharSequenceEncoder - [7c801070] Writing "844. foo bar"
22:42:26.582 [qtp817009784-342] DEBUG o.s.c.c.CharSequenceEncoder - [7c801070] Writing "845. foo bar"
22:42:26.582 [qtp817009784-342] DEBUG o.s.c.c.CharSequenceEncoder - [7c801070] Writing "846. foo bar"
22:42:26.582 [qtp817009784-342] DEBUG o.s.c.c.CharSequenceEncoder - [7c801070] Writing "847. foo bar"
22:42:26.582 [qtp817009784-342] DEBUG o.s.c.c.CharSequenceEncoder - [7c801070] Writing "848. foo bar"
22:42:26.582 [qtp817009784-342] DEBUG o.s.c.c.CharSequenceEncoder - [7c801070] Writing "849. foo bar"
22:42:26.582 [qtp817009784-342] DEBUG o.s.c.c.CharSequenceEncoder - [7c801070] Writing "850. foo bar"
22:42:26.582 [qtp817009784-342] DEBUG o.s.c.c.CharSequenceEncoder - [7c801070] Writing "851. foo bar"
22:42:26.583 [qtp817009784-342] DEBUG o.s.c.c.CharSequenceEncoder - [7c801070] Writing "852. foo bar"
22:42:26.583 [qtp817009784-342] DEBUG o.s.c.c.CharSequenceEncoder - [7c801070] Writing "853. foo bar"
22:42:26.583 [qtp817009784-342] DEBUG o.s.c.c.CharSequenceEncoder - [7c801070] Writing "854. foo bar"
22:42:26.583 [qtp817009784-342] DEBUG o.s.c.c.CharSequenceEncoder - [7c801070] Writing "855. foo bar"
22:42:26.583 [qtp817009784-342] DEBUG o.s.c.c.CharSequenceEncoder - [7c801070] Writing "856. foo bar"
22:42:26.583 [qtp817009784-342] DEBUG o.s.c.c.CharSequenceEncoder - [7c801070] Writing "857. foo bar"
22:42:26.583 [qtp817009784-342] DEBUG o.s.c.c.CharSequenceEncoder - [7c801070] Writing "858. foo bar"
22:42:26.583 [qtp817009784-342] DEBUG o.s.c.c.CharSequenceEncoder - [7c801070] Writing "859. foo bar"
22:42:26.583 [qtp817009784-342] DEBUG o.s.c.c.CharSequenceEncoder - [7c801070] Writing "860. foo bar"
22:42:26.583 [qtp817009784-342] DEBUG o.s.c.c.CharSequenceEncoder - [7c801070] Writing "861. foo bar"
22:42:26.583 [qtp817009784-342] DEBUG o.s.c.c.CharSequenceEncoder - [7c801070] Writing "862. foo bar"
22:42:26.583 [qtp817009784-342] DEBUG o.s.c.c.CharSequenceEncoder - [7c801070] Writing "863. foo bar"
22:42:26.583 [qtp817009784-342] DEBUG o.s.c.c.CharSequenceEncoder - [7c801070] Writing "864. foo bar"
22:42:26.583 [qtp817009784-342] DEBUG o.s.c.c.CharSequenceEncoder - [7c801070] Writing "865. foo bar"
22:42:26.583 [qtp817009784-342] DEBUG o.s.c.c.CharSequenceEncoder - [7c801070] Writing "866. foo bar"
22:42:26.583 [qtp817009784-342] DEBUG o.s.c.c.CharSequenceEncoder - [7c801070] Writing "867. foo bar"
22:42:26.583 [qtp817009784-342] DEBUG o.s.c.c.CharSequenceEncoder - [7c801070] Writing "868. foo bar"
22:42:26.583 [qtp817009784-342] DEBUG o.s.c.c.CharSequenceEncoder - [7c801070] Writing "869. foo bar"
22:42:26.583 [qtp817009784-342] DEBUG o.s.c.c.CharSequenceEncoder - [7c801070] Writing "870. foo bar"
22:42:26.583 [qtp817009784-342] DEBUG o.s.c.c.CharSequenceEncoder - [7c801070] Writing "871. foo bar"
22:42:26.583 [qtp817009784-342] DEBUG o.s.c.c.CharSequenceEncoder - [7c801070] Writing "872. foo bar"
22:42:26.583 [qtp817009784-342] DEBUG o.s.c.c.CharSequenceEncoder - [7c801070] Writing "873. foo bar"
22:42:26.583 [qtp817009784-342] DEBUG o.s.c.c.CharSequenceEncoder - [7c801070] Writing "874. foo bar"
22:42:26.583 [qtp817009784-342] DEBUG o.s.c.c.CharSequenceEncoder - [7c801070] Writing "875. foo bar"
22:42:26.583 [qtp817009784-342] DEBUG o.s.c.c.CharSequenceEncoder - [7c801070] Writing "876. foo bar"
22:42:26.583 [qtp817009784-342] DEBUG o.s.c.c.CharSequenceEncoder - [7c801070] Writing "877. foo bar"
22:42:26.583 [qtp817009784-342] DEBUG o.s.c.c.CharSequenceEncoder - [7c801070] Writing "878. foo bar"
22:42:26.583 [qtp817009784-342] DEBUG o.s.c.c.CharSequenceEncoder - [7c801070] Writing "879. foo bar"
22:42:26.583 [qtp817009784-342] DEBUG o.s.c.c.CharSequenceEncoder - [7c801070] Writing "880. foo bar"
22:42:26.583 [qtp817009784-342] DEBUG o.s.c.c.CharSequenceEncoder - [7c801070] Writing "881. foo bar"
22:42:26.584 [qtp817009784-342] DEBUG o.s.c.c.CharSequenceEncoder - [7c801070] Writing "882. foo bar"
22:42:26.584 [qtp817009784-342] DEBUG o.s.c.c.CharSequenceEncoder - [7c801070] Writing "883. foo bar"
22:42:26.584 [qtp817009784-342] DEBUG o.s.c.c.CharSequenceEncoder - [7c801070] Writing "884. foo bar"
22:42:26.584 [qtp817009784-342] DEBUG o.s.c.c.CharSequenceEncoder - [7c801070] Writing "885. foo bar"
22:42:26.584 [qtp817009784-342] DEBUG o.s.c.c.CharSequenceEncoder - [7c801070] Writing "886. foo bar"
22:42:26.584 [qtp817009784-342] DEBUG o.s.c.c.CharSequenceEncoder - [7c801070] Writing "887. foo bar"
22:42:26.584 [qtp817009784-342] DEBUG o.s.c.c.CharSequenceEncoder - [7c801070] Writing "888. foo bar"
22:42:26.584 [qtp817009784-342] DEBUG o.s.c.c.CharSequenceEncoder - [7c801070] Writing "889. foo bar"
22:42:26.584 [qtp817009784-342] DEBUG o.s.c.c.CharSequenceEncoder - [7c801070] Writing "890. foo bar"
22:42:26.584 [qtp817009784-342] DEBUG o.s.c.c.CharSequenceEncoder - [7c801070] Writing "891. foo bar"
22:42:26.584 [qtp817009784-342] DEBUG o.s.c.c.CharSequenceEncoder - [7c801070] Writing "892. foo bar"
22:42:26.584 [qtp817009784-342] DEBUG o.s.c.c.CharSequenceEncoder - [7c801070] Writing "893. foo bar"
22:42:26.584 [qtp817009784-342] DEBUG o.s.c.c.CharSequenceEncoder - [7c801070] Writing "894. foo bar"
22:42:26.584 [qtp817009784-342] DEBUG o.s.c.c.CharSequenceEncoder - [7c801070] Writing "895. foo bar"
22:42:26.584 [qtp817009784-342] DEBUG o.s.c.c.CharSequenceEncoder - [7c801070] Writing "896. foo bar"
22:42:26.584 [qtp817009784-342] DEBUG o.s.c.c.CharSequenceEncoder - [7c801070] Writing "897. foo bar"
22:42:26.584 [qtp817009784-342] DEBUG o.s.c.c.CharSequenceEncoder - [7c801070] Writing "898. foo bar"
22:42:26.584 [qtp817009784-342] DEBUG o.s.c.c.CharSequenceEncoder - [7c801070] Writing "899. foo bar"
22:42:26.584 [qtp817009784-342] DEBUG o.s.c.c.CharSequenceEncoder - [7c801070] Writing "900. foo bar"
22:42:26.584 [qtp817009784-342] DEBUG o.s.c.c.CharSequenceEncoder - [7c801070] Writing "901. foo bar"
22:42:26.584 [qtp817009784-342] DEBUG o.s.c.c.CharSequenceEncoder - [7c801070] Writing "902. foo bar"
22:42:26.584 [qtp817009784-342] DEBUG o.s.c.c.CharSequenceEncoder - [7c801070] Writing "903. foo bar"
22:42:26.584 [qtp817009784-342] DEBUG o.s.c.c.CharSequenceEncoder - [7c801070] Writing "904. foo bar"
22:42:26.584 [qtp817009784-342] DEBUG o.s.c.c.CharSequenceEncoder - [7c801070] Writing "905. foo bar"
22:42:26.584 [qtp817009784-342] DEBUG o.s.c.c.CharSequenceEncoder - [7c801070] Writing "906. foo bar"
22:42:26.584 [qtp817009784-342] DEBUG o.s.c.c.CharSequenceEncoder - [7c801070] Writing "907. foo bar"
22:42:26.584 [qtp817009784-342] DEBUG o.s.c.c.CharSequenceEncoder - [7c801070] Writing "908. foo bar"
22:42:26.584 [qtp817009784-342] DEBUG o.s.c.c.CharSequenceEncoder - [7c801070] Writing "909. foo bar"
22:42:26.585 [qtp817009784-342] DEBUG o.s.c.c.CharSequenceEncoder - [7c801070] Writing "910. foo bar"
22:42:26.585 [qtp817009784-342] DEBUG o.s.c.c.CharSequenceEncoder - [7c801070] Writing "911. foo bar"
22:42:26.585 [qtp817009784-342] DEBUG o.s.c.c.CharSequenceEncoder - [7c801070] Writing "912. foo bar"
22:42:26.585 [qtp817009784-342] DEBUG o.s.c.c.CharSequenceEncoder - [7c801070] Writing "913. foo bar"
22:42:26.585 [qtp817009784-342] DEBUG o.s.c.c.CharSequenceEncoder - [7c801070] Writing "914. foo bar"
22:42:26.585 [qtp817009784-342] DEBUG o.s.c.c.CharSequenceEncoder - [7c801070] Writing "915. foo bar"
22:42:26.585 [qtp817009784-342] DEBUG o.s.c.c.CharSequenceEncoder - [7c801070] Writing "916. foo bar"
22:42:26.585 [qtp817009784-342] DEBUG o.s.c.c.CharSequenceEncoder - [7c801070] Writing "917. foo bar"
22:42:26.585 [qtp817009784-342] DEBUG o.s.c.c.CharSequenceEncoder - [7c801070] Writing "918. foo bar"
22:42:26.585 [qtp817009784-342] DEBUG o.s.c.c.CharSequenceEncoder - [7c801070] Writing "919. foo bar"
22:42:26.585 [qtp817009784-342] DEBUG o.s.c.c.CharSequenceEncoder - [7c801070] Writing "920. foo bar"
22:42:26.585 [qtp817009784-342] DEBUG o.s.c.c.CharSequenceEncoder - [7c801070] Writing "921. foo bar"
22:42:26.585 [qtp817009784-342] DEBUG o.s.c.c.CharSequenceEncoder - [7c801070] Writing "922. foo bar"
22:42:26.585 [qtp817009784-342] DEBUG o.s.c.c.CharSequenceEncoder - [7c801070] Writing "923. foo bar"
22:42:26.585 [qtp817009784-342] DEBUG o.s.c.c.CharSequenceEncoder - [7c801070] Writing "924. foo bar"
22:42:26.585 [qtp817009784-342] DEBUG o.s.c.c.CharSequenceEncoder - [7c801070] Writing "925. foo bar"
22:42:26.585 [qtp817009784-342] DEBUG o.s.c.c.CharSequenceEncoder - [7c801070] Writing "926. foo bar"
22:42:26.585 [qtp817009784-342] DEBUG o.s.c.c.CharSequenceEncoder - [7c801070] Writing "927. foo bar"
22:42:26.585 [qtp817009784-342] DEBUG o.s.c.c.CharSequenceEncoder - [7c801070] Writing "928. foo bar"
22:42:26.585 [qtp817009784-342] DEBUG o.s.c.c.CharSequenceEncoder - [7c801070] Writing "929. foo bar"
22:42:26.585 [qtp817009784-342] DEBUG o.s.c.c.CharSequenceEncoder - [7c801070] Writing "930. foo bar"
22:42:26.585 [qtp817009784-342] DEBUG o.s.c.c.CharSequenceEncoder - [7c801070] Writing "931. foo bar"
22:42:26.585 [qtp817009784-342] DEBUG o.s.c.c.CharSequenceEncoder - [7c801070] Writing "932. foo bar"
22:42:26.585 [qtp817009784-342] DEBUG o.s.c.c.CharSequenceEncoder - [7c801070] Writing "933. foo bar"
22:42:26.585 [qtp817009784-342] DEBUG o.s.c.c.CharSequenceEncoder - [7c801070] Writing "934. foo bar"
22:42:26.585 [qtp817009784-342] DEBUG o.s.c.c.CharSequenceEncoder - [7c801070] Writing "935. foo bar"
22:42:26.586 [qtp817009784-342] DEBUG o.s.c.c.CharSequenceEncoder - [7c801070] Writing "936. foo bar"
22:42:26.586 [qtp817009784-342] DEBUG o.s.c.c.CharSequenceEncoder - [7c801070] Writing "937. foo bar"
22:42:26.586 [qtp817009784-342] DEBUG o.s.c.c.CharSequenceEncoder - [7c801070] Writing "938. foo bar"
22:42:26.586 [qtp817009784-342] DEBUG o.s.c.c.CharSequenceEncoder - [7c801070] Writing "939. foo bar"
22:42:26.586 [qtp817009784-342] DEBUG o.s.c.c.CharSequenceEncoder - [7c801070] Writing "940. foo bar"
22:42:26.586 [qtp817009784-342] DEBUG o.s.c.c.CharSequenceEncoder - [7c801070] Writing "941. foo bar"
22:42:26.586 [qtp817009784-342] DEBUG o.s.c.c.CharSequenceEncoder - [7c801070] Writing "942. foo bar"
22:42:26.586 [qtp817009784-342] DEBUG o.s.c.c.CharSequenceEncoder - [7c801070] Writing "943. foo bar"
22:42:26.586 [qtp817009784-342] DEBUG o.s.c.c.CharSequenceEncoder - [7c801070] Writing "944. foo bar"
22:42:26.586 [qtp817009784-342] DEBUG o.s.c.c.CharSequenceEncoder - [7c801070] Writing "945. foo bar"
22:42:26.586 [qtp817009784-342] DEBUG o.s.c.c.CharSequenceEncoder - [7c801070] Writing "946. foo bar"
22:42:26.586 [qtp817009784-342] DEBUG o.s.c.c.CharSequenceEncoder - [7c801070] Writing "947. foo bar"
22:42:26.586 [qtp817009784-342] DEBUG o.s.c.c.CharSequenceEncoder - [7c801070] Writing "948. foo bar"
22:42:26.586 [qtp817009784-342] DEBUG o.s.c.c.CharSequenceEncoder - [7c801070] Writing "949. foo bar"
22:42:26.586 [qtp817009784-342] DEBUG o.s.c.c.CharSequenceEncoder - [7c801070] Writing "950. foo bar"
22:42:26.586 [qtp817009784-342] DEBUG o.s.c.c.CharSequenceEncoder - [7c801070] Writing "951. foo bar"
22:42:26.586 [qtp817009784-342] DEBUG o.s.c.c.CharSequenceEncoder - [7c801070] Writing "952. foo bar"
22:42:26.586 [qtp817009784-342] DEBUG o.s.c.c.CharSequenceEncoder - [7c801070] Writing "953. foo bar"
22:42:26.586 [qtp817009784-342] DEBUG o.s.c.c.CharSequenceEncoder - [7c801070] Writing "954. foo bar"
22:42:26.586 [qtp817009784-342] DEBUG o.s.c.c.CharSequenceEncoder - [7c801070] Writing "955. foo bar"
22:42:26.586 [qtp817009784-342] DEBUG o.s.c.c.CharSequenceEncoder - [7c801070] Writing "956. foo bar"
22:42:26.586 [qtp817009784-342] DEBUG o.s.c.c.CharSequenceEncoder - [7c801070] Writing "957. foo bar"
22:42:26.587 [qtp817009784-342] DEBUG o.s.c.c.CharSequenceEncoder - [7c801070] Writing "958. foo bar"
22:42:26.587 [qtp817009784-342] DEBUG o.s.c.c.CharSequenceEncoder - [7c801070] Writing "959. foo bar"
22:42:26.587 [qtp817009784-342] DEBUG o.s.c.c.CharSequenceEncoder - [7c801070] Writing "960. foo bar"
22:42:26.587 [qtp817009784-342] DEBUG o.s.c.c.CharSequenceEncoder - [7c801070] Writing "961. foo bar"
22:42:26.587 [qtp817009784-342] DEBUG o.s.c.c.CharSequenceEncoder - [7c801070] Writing "962. foo bar"
22:42:26.587 [qtp817009784-342] DEBUG o.s.c.c.CharSequenceEncoder - [7c801070] Writing "963. foo bar"
22:42:26.587 [qtp817009784-342] DEBUG o.s.c.c.CharSequenceEncoder - [7c801070] Writing "964. foo bar"
22:42:26.587 [qtp817009784-342] DEBUG o.s.c.c.CharSequenceEncoder - [7c801070] Writing "965. foo bar"
22:42:26.587 [qtp817009784-342] DEBUG o.s.c.c.CharSequenceEncoder - [7c801070] Writing "966. foo bar"
22:42:26.587 [qtp817009784-342] DEBUG o.s.c.c.CharSequenceEncoder - [7c801070] Writing "967. foo bar"
22:42:26.587 [qtp817009784-342] DEBUG o.s.c.c.CharSequenceEncoder - [7c801070] Writing "968. foo bar"
22:42:26.587 [qtp817009784-342] DEBUG o.s.c.c.CharSequenceEncoder - [7c801070] Writing "969. foo bar"
22:42:26.587 [qtp817009784-342] DEBUG o.s.c.c.CharSequenceEncoder - [7c801070] Writing "970. foo bar"
22:42:26.587 [qtp817009784-342] DEBUG o.s.c.c.CharSequenceEncoder - [7c801070] Writing "971. foo bar"
22:42:26.587 [qtp817009784-342] DEBUG o.s.c.c.CharSequenceEncoder - [7c801070] Writing "972. foo bar"
22:42:26.587 [qtp817009784-342] DEBUG o.s.c.c.CharSequenceEncoder - [7c801070] Writing "973. foo bar"
22:42:26.587 [qtp817009784-342] DEBUG o.s.c.c.CharSequenceEncoder - [7c801070] Writing "974. foo bar"
22:42:26.587 [qtp817009784-342] DEBUG o.s.c.c.CharSequenceEncoder - [7c801070] Writing "975. foo bar"
22:42:26.587 [qtp817009784-342] DEBUG o.s.c.c.CharSequenceEncoder - [7c801070] Writing "976. foo bar"
22:42:26.587 [qtp817009784-342] DEBUG o.s.c.c.CharSequenceEncoder - [7c801070] Writing "977. foo bar"
22:42:26.587 [qtp817009784-342] DEBUG o.s.c.c.CharSequenceEncoder - [7c801070] Writing "978. foo bar"
22:42:26.587 [qtp817009784-342] DEBUG o.s.c.c.CharSequenceEncoder - [7c801070] Writing "979. foo bar"
22:42:26.587 [qtp817009784-342] DEBUG o.s.c.c.CharSequenceEncoder - [7c801070] Writing "980. foo bar"
22:42:26.587 [qtp817009784-342] DEBUG o.s.c.c.CharSequenceEncoder - [7c801070] Writing "981. foo bar"
22:42:26.587 [qtp817009784-342] DEBUG o.s.c.c.CharSequenceEncoder - [7c801070] Writing "982. foo bar"
22:42:26.587 [qtp817009784-342] DEBUG o.s.c.c.CharSequenceEncoder - [7c801070] Writing "983. foo bar"
22:42:26.588 [qtp817009784-342] DEBUG o.s.c.c.CharSequenceEncoder - [7c801070] Writing "984. foo bar"
22:42:26.588 [qtp817009784-342] DEBUG o.s.c.c.CharSequenceEncoder - [7c801070] Writing "985. foo bar"
22:42:26.588 [qtp817009784-342] DEBUG o.s.c.c.CharSequenceEncoder - [7c801070] Writing "986. foo bar"
22:42:26.588 [qtp817009784-342] DEBUG o.s.c.c.CharSequenceEncoder - [7c801070] Writing "987. foo bar"
22:42:26.588 [qtp817009784-342] DEBUG o.s.c.c.CharSequenceEncoder - [7c801070] Writing "988. foo bar"
22:42:26.588 [qtp817009784-342] DEBUG o.s.c.c.CharSequenceEncoder - [7c801070] Writing "989. foo bar"
22:42:26.588 [qtp817009784-342] DEBUG o.s.c.c.CharSequenceEncoder - [7c801070] Writing "990. foo bar"
22:42:26.588 [qtp817009784-342] DEBUG o.s.c.c.CharSequenceEncoder - [7c801070] Writing "991. foo bar"
22:42:26.588 [qtp817009784-342] DEBUG o.s.c.c.CharSequenceEncoder - [7c801070] Writing "992. foo bar"
22:42:26.588 [qtp817009784-342] DEBUG o.s.c.c.CharSequenceEncoder - [7c801070] Writing "993. foo bar"
22:42:26.588 [qtp817009784-342] DEBUG o.s.c.c.CharSequenceEncoder - [7c801070] Writing "994. foo bar"
22:42:26.588 [qtp817009784-342] DEBUG o.s.c.c.CharSequenceEncoder - [7c801070] Writing "995. foo bar"
22:42:26.588 [qtp817009784-342] DEBUG o.s.c.c.CharSequenceEncoder - [7c801070] Writing "996. foo bar"
22:42:26.588 [qtp817009784-342] DEBUG o.s.c.c.CharSequenceEncoder - [7c801070] Writing "997. foo bar"
22:42:26.588 [qtp817009784-342] DEBUG o.s.c.c.CharSequenceEncoder - [7c801070] Writing "998. foo bar"
22:42:26.588 [qtp817009784-342] DEBUG o.s.c.c.CharSequenceEncoder - [7c801070] Writing "999. foo bar"
22:42:26.589 [qtp817009784-342] ERROR o.s.w.s.a.HttpWebHandlerAdapter - [7c801070] Error [java.lang.RuntimeException: Random error] for HTTP GET "/SPR-16051", but ServerHttpResponse already committed (200 OK)
22:42:26.590 [qtp817009784-342] WARN  o.e.j.s.HttpChannel - /SPR-16051
javax.servlet.ServletException: Failed to create response content
	at org.springframework.http.server.reactive.ServletHttpHandlerAdapter.service(ServletHttpHandlerAdapter.java:162) ~[spring-web-5.2.0.BUILD-SNAPSHOT.jar:5.2.0.BUILD-SNAPSHOT]
	at org.eclipse.jetty.servlet.ServletHolder.handle(ServletHolder.java:873) ~[jetty-servlet-9.4.18.v20190429.jar:9.4.18.v20190429]
	at org.eclipse.jetty.servlet.ServletHandler.doHandle(ServletHandler.java:542) ~[jetty-servlet-9.4.18.v20190429.jar:9.4.18.v20190429]
	at org.eclipse.jetty.server.handler.ScopedHandler.nextHandle(ScopedHandler.java:255) ~[jetty-server-9.4.18.v20190429.jar:9.4.18.v20190429]
	at org.eclipse.jetty.server.handler.ContextHandler.doHandle(ContextHandler.java:1345) ~[jetty-server-9.4.18.v20190429.jar:9.4.18.v20190429]
	at org.eclipse.jetty.server.handler.ScopedHandler.nextScope(ScopedHandler.java:203) ~[jetty-server-9.4.18.v20190429.jar:9.4.18.v20190429]
	at org.eclipse.jetty.servlet.ServletHandler.doScope(ServletHandler.java:480) ~[jetty-servlet-9.4.18.v20190429.jar:9.4.18.v20190429]
	at org.eclipse.jetty.server.handler.ScopedHandler.nextScope(ScopedHandler.java:201) ~[jetty-server-9.4.18.v20190429.jar:9.4.18.v20190429]
	at org.eclipse.jetty.server.handler.ContextHandler.doScope(ContextHandler.java:1247) ~[jetty-server-9.4.18.v20190429.jar:9.4.18.v20190429]
	at org.eclipse.jetty.server.handler.ScopedHandler.handle(ScopedHandler.java:144) ~[jetty-server-9.4.18.v20190429.jar:9.4.18.v20190429]
	at org.eclipse.jetty.server.handler.HandlerWrapper.handle(HandlerWrapper.java:132) ~[jetty-server-9.4.18.v20190429.jar:9.4.18.v20190429]
	at org.eclipse.jetty.server.Server.handleAsync(Server.java:550) ~[jetty-server-9.4.18.v20190429.jar:9.4.18.v20190429]
	at org.eclipse.jetty.server.HttpChannel.handle(HttpChannel.java:394) [jetty-server-9.4.18.v20190429.jar:9.4.18.v20190429]
	at org.eclipse.jetty.server.HttpConnection.onFillable(HttpConnection.java:267) [jetty-server-9.4.18.v20190429.jar:9.4.18.v20190429]
	at org.eclipse.jetty.io.AbstractConnection$ReadCallback.succeeded(AbstractConnection.java:305) [jetty-io-9.4.18.v20190429.jar:9.4.18.v20190429]
	at org.eclipse.jetty.io.FillInterest.fillable(FillInterest.java:103) [jetty-io-9.4.18.v20190429.jar:9.4.18.v20190429]
	at org.eclipse.jetty.io.ChannelEndPoint$2.run(ChannelEndPoint.java:117) [jetty-io-9.4.18.v20190429.jar:9.4.18.v20190429]
	at org.eclipse.jetty.util.thread.QueuedThreadPool.runJob(QueuedThreadPool.java:698) [jetty-util-9.4.18.v20190429.jar:9.4.18.v20190429]
	at org.eclipse.jetty.util.thread.QueuedThreadPool$Runner.run(QueuedThreadPool.java:804) [jetty-util-9.4.18.v20190429.jar:9.4.18.v20190429]
	at java.lang.Thread.run(Thread.java:748) [?:1.8.0_211]
Caused by: java.lang.RuntimeException: Random error
	at org.springframework.web.reactive.result.method.annotation.RequestMappingExceptionHandlingIntegrationTests$TestController.lambda$errors$0(RequestMappingExceptionHandlingIntegrationTests.java:142) ~[test/:?]
	at reactor.core.publisher.FluxMapFuseable$MapFuseableSubscriber.onNext(FluxMapFuseable.java:107) ~[reactor-core-3.3.0.M2.jar:3.3.0.M2]
	at reactor.core.publisher.FluxRange$RangeSubscription.slowPath(FluxRange.java:154) ~[reactor-core-3.3.0.M2.jar:3.3.0.M2]
	at reactor.core.publisher.FluxRange$RangeSubscription.request(FluxRange.java:109) ~[reactor-core-3.3.0.M2.jar:3.3.0.M2]
	at reactor.core.publisher.FluxMapFuseable$MapFuseableSubscriber.request(FluxMapFuseable.java:162) ~[reactor-core-3.3.0.M2.jar:3.3.0.M2]
	at reactor.core.publisher.FluxMapFuseable$MapFuseableSubscriber.request(FluxMapFuseable.java:162) ~[reactor-core-3.3.0.M2.jar:3.3.0.M2]
	at org.springframework.http.server.reactive.ChannelSendOperator$WriteBarrier.onSubscribe(ChannelSendOperator.java:166) ~[spring-web-5.2.0.BUILD-SNAPSHOT.jar:5.2.0.BUILD-SNAPSHOT]
	at reactor.core.publisher.FluxMapFuseable$MapFuseableSubscriber.onSubscribe(FluxMapFuseable.java:90) ~[reactor-core-3.3.0.M2.jar:3.3.0.M2]
	at reactor.core.publisher.FluxMapFuseable$MapFuseableSubscriber.onSubscribe(FluxMapFuseable.java:90) ~[reactor-core-3.3.0.M2.jar:3.3.0.M2]
	at reactor.core.publisher.FluxRange.subscribe(FluxRange.java:68) ~[reactor-core-3.3.0.M2.jar:3.3.0.M2]
	at reactor.core.publisher.FluxMapFuseable.subscribe(FluxMapFuseable.java:63) ~[reactor-core-3.3.0.M2.jar:3.3.0.M2]
	at reactor.core.publisher.FluxMapFuseable.subscribe(FluxMapFuseable.java:63) ~[reactor-core-3.3.0.M2.jar:3.3.0.M2]
	at org.springframework.http.server.reactive.ChannelSendOperator.subscribe(ChannelSendOperator.java:77) ~[spring-web-5.2.0.BUILD-SNAPSHOT.jar:5.2.0.BUILD-SNAPSHOT]
	at reactor.core.publisher.MonoPeek.subscribe(MonoPeek.java:71) ~[reactor-core-3.3.0.M2.jar:3.3.0.M2]
	at reactor.core.publisher.MonoOnAssembly.subscribe(MonoOnAssembly.java:61) ~[reactor-core-3.3.0.M2.jar:3.3.0.M2]
	at reactor.core.publisher.MonoOnErrorResume.subscribe(MonoOnErrorResume.java:44) ~[reactor-core-3.3.0.M2.jar:3.3.0.M2]
	at reactor.core.publisher.MonoFlatMap$FlatMapMain.onNext(MonoFlatMap.java:150) ~[reactor-core-3.3.0.M2.jar:3.3.0.M2]
	at reactor.core.publisher.Operators$MonoSubscriber.complete(Operators.java:1575) ~[reactor-core-3.3.0.M2.jar:3.3.0.M2]
	at reactor.core.publisher.MonoFlatMap$FlatMapInner.onNext(MonoFlatMap.java:241) ~[reactor-core-3.3.0.M2.jar:3.3.0.M2]
	at reactor.core.publisher.FluxOnErrorResume$ResumeSubscriber.onNext(FluxOnErrorResume.java:73) ~[reactor-core-3.3.0.M2.jar:3.3.0.M2]
	at reactor.core.publisher.FluxPeekFuseable$PeekFuseableSubscriber.onNext(FluxPeekFuseable.java:204) ~[reactor-core-3.3.0.M2.jar:3.3.0.M2]
	at reactor.core.publisher.FluxPeekFuseable$PeekFuseableSubscriber.onNext(FluxPeekFuseable.java:204) ~[reactor-core-3.3.0.M2.jar:3.3.0.M2]
	at reactor.core.publisher.Operators$MonoSubscriber.complete(Operators.java:1575) ~[reactor-core-3.3.0.M2.jar:3.3.0.M2]
	at reactor.core.publisher.MonoIgnoreThen$ThenAcceptInner.onNext(MonoIgnoreThen.java:296) ~[reactor-core-3.3.0.M2.jar:3.3.0.M2]
	at reactor.core.publisher.Operators$ScalarSubscription.request(Operators.java:2131) ~[reactor-core-3.3.0.M2.jar:3.3.0.M2]
	at reactor.core.publisher.MonoIgnoreThen$ThenAcceptInner.onSubscribe(MonoIgnoreThen.java:285) ~[reactor-core-3.3.0.M2.jar:3.3.0.M2]
	at reactor.core.publisher.FluxFlatMap.trySubscribeScalarMap(FluxFlatMap.java:161) ~[reactor-core-3.3.0.M2.jar:3.3.0.M2]
	at reactor.core.publisher.MonoFlatMap.subscribe(MonoFlatMap.java:53) ~[reactor-core-3.3.0.M2.jar:3.3.0.M2]
	at reactor.core.publisher.MonoDefer.subscribe(MonoDefer.java:52) ~[reactor-core-3.3.0.M2.jar:3.3.0.M2]
	at reactor.core.publisher.MonoIgnoreThen$ThenIgnoreMain.drain(MonoIgnoreThen.java:153) ~[reactor-core-3.3.0.M2.jar:3.3.0.M2]
	at reactor.core.publisher.MonoIgnoreThen.subscribe(MonoIgnoreThen.java:56) ~[reactor-core-3.3.0.M2.jar:3.3.0.M2]
	at reactor.core.publisher.MonoPeekFuseable.subscribe(MonoPeekFuseable.java:74) ~[reactor-core-3.3.0.M2.jar:3.3.0.M2]
	at reactor.core.publisher.MonoPeekFuseable.subscribe(MonoPeekFuseable.java:74) ~[reactor-core-3.3.0.M2.jar:3.3.0.M2]
	at reactor.core.publisher.MonoOnErrorResume.subscribe(MonoOnErrorResume.java:44) ~[reactor-core-3.3.0.M2.jar:3.3.0.M2]
	at reactor.core.publisher.MonoFlatMap$FlatMapMain.onNext(MonoFlatMap.java:150) ~[reactor-core-3.3.0.M2.jar:3.3.0.M2]
	at reactor.core.publisher.FluxSwitchIfEmpty$SwitchIfEmptySubscriber.onNext(FluxSwitchIfEmpty.java:67) ~[reactor-core-3.3.0.M2.jar:3.3.0.M2]
	at reactor.core.publisher.MonoNext$NextSubscriber.onNext(MonoNext.java:76) ~[reactor-core-3.3.0.M2.jar:3.3.0.M2]
	at reactor.core.publisher.FluxConcatMap$ConcatMapImmediate.innerNext(FluxConcatMap.java:275) ~[reactor-core-3.3.0.M2.jar:3.3.0.M2]
	at reactor.core.publisher.FluxConcatMap$ConcatMapInner.onNext(FluxConcatMap.java:849) ~[reactor-core-3.3.0.M2.jar:3.3.0.M2]
	at reactor.core.publisher.FluxMapFuseable$MapFuseableSubscriber.onNext(FluxMapFuseable.java:121) ~[reactor-core-3.3.0.M2.jar:3.3.0.M2]
	at reactor.core.publisher.FluxPeekFuseable$PeekFuseableSubscriber.onNext(FluxPeekFuseable.java:204) ~[reactor-core-3.3.0.M2.jar:3.3.0.M2]
	at reactor.core.publisher.Operators$ScalarSubscription.request(Operators.java:2131) ~[reactor-core-3.3.0.M2.jar:3.3.0.M2]
	at reactor.core.publisher.FluxPeekFuseable$PeekFuseableSubscriber.request(FluxPeekFuseable.java:138) ~[reactor-core-3.3.0.M2.jar:3.3.0.M2]
	at reactor.core.publisher.FluxMapFuseable$MapFuseableSubscriber.request(FluxMapFuseable.java:162) ~[reactor-core-3.3.0.M2.jar:3.3.0.M2]
	at reactor.core.publisher.Operators$MultiSubscriptionSubscriber.set(Operators.java:1939) ~[reactor-core-3.3.0.M2.jar:3.3.0.M2]
	at reactor.core.publisher.Operators$MultiSubscriptionSubscriber.onSubscribe(Operators.java:1813) ~[reactor-core-3.3.0.M2.jar:3.3.0.M2]
	at reactor.core.publisher.FluxMapFuseable$MapFuseableSubscriber.onSubscribe(FluxMapFuseable.java:90) ~[reactor-core-3.3.0.M2.jar:3.3.0.M2]
	at reactor.core.publisher.FluxPeekFuseable$PeekFuseableSubscriber.onSubscribe(FluxPeekFuseable.java:172) ~[reactor-core-3.3.0.M2.jar:3.3.0.M2]
	at reactor.core.publisher.MonoJust.subscribe(MonoJust.java:54) ~[reactor-core-3.3.0.M2.jar:3.3.0.M2]
	at reactor.core.publisher.MonoPeekFuseable.subscribe(MonoPeekFuseable.java:74) ~[reactor-core-3.3.0.M2.jar:3.3.0.M2]
	at reactor.core.publisher.MonoMapFuseable.subscribe(MonoMapFuseable.java:59) ~[reactor-core-3.3.0.M2.jar:3.3.0.M2]
	at reactor.core.publisher.Mono.subscribe(Mono.java:3850) ~[reactor-core-3.3.0.M2.jar:3.3.0.M2]
	at reactor.core.publisher.FluxConcatMap$ConcatMapImmediate.drain(FluxConcatMap.java:442) ~[reactor-core-3.3.0.M2.jar:3.3.0.M2]
	at reactor.core.publisher.FluxConcatMap$ConcatMapImmediate.onSubscribe(FluxConcatMap.java:212) ~[reactor-core-3.3.0.M2.jar:3.3.0.M2]
	at reactor.core.publisher.FluxIterable.subscribe(FluxIterable.java:139) ~[reactor-core-3.3.0.M2.jar:3.3.0.M2]
	at reactor.core.publisher.FluxIterable.subscribe(FluxIterable.java:63) ~[reactor-core-3.3.0.M2.jar:3.3.0.M2]
	at reactor.core.publisher.FluxConcatMap.subscribe(FluxConcatMap.java:121) ~[reactor-core-3.3.0.M2.jar:3.3.0.M2]
	at reactor.core.publisher.MonoNext.subscribe(MonoNext.java:40) ~[reactor-core-3.3.0.M2.jar:3.3.0.M2]
	at reactor.core.publisher.MonoSwitchIfEmpty.subscribe(MonoSwitchIfEmpty.java:44) ~[reactor-core-3.3.0.M2.jar:3.3.0.M2]
	at reactor.core.publisher.MonoFlatMap.subscribe(MonoFlatMap.java:60) ~[reactor-core-3.3.0.M2.jar:3.3.0.M2]
	at reactor.core.publisher.MonoFlatMap.subscribe(MonoFlatMap.java:60) ~[reactor-core-3.3.0.M2.jar:3.3.0.M2]
	at reactor.core.publisher.MonoDefer.subscribe(MonoDefer.java:52) ~[reactor-core-3.3.0.M2.jar:3.3.0.M2]
	at reactor.core.publisher.MonoOnErrorResume.subscribe(MonoOnErrorResume.java:44) ~[reactor-core-3.3.0.M2.jar:3.3.0.M2]
	at reactor.core.publisher.MonoOnErrorResume.subscribe(MonoOnErrorResume.java:44) ~[reactor-core-3.3.0.M2.jar:3.3.0.M2]
	at reactor.core.publisher.MonoPeekTerminal.subscribe(MonoPeekTerminal.java:61) ~[reactor-core-3.3.0.M2.jar:3.3.0.M2]
	at reactor.core.publisher.MonoOnErrorResume.subscribe(MonoOnErrorResume.java:44) ~[reactor-core-3.3.0.M2.jar:3.3.0.M2]
	at reactor.core.publisher.Mono.subscribe(Mono.java:3850) ~[reactor-core-3.3.0.M2.jar:3.3.0.M2]
	at reactor.core.publisher.MonoIgnoreThen$ThenIgnoreMain.drain(MonoIgnoreThen.java:172) ~[reactor-core-3.3.0.M2.jar:3.3.0.M2]
	at reactor.core.publisher.MonoIgnoreThen.subscribe(MonoIgnoreThen.java:56) ~[reactor-core-3.3.0.M2.jar:3.3.0.M2]
	at reactor.core.publisher.Mono.subscribe(Mono.java:3850) ~[reactor-core-3.3.0.M2.jar:3.3.0.M2]
	at org.springframework.http.server.reactive.ServletHttpHandlerAdapter.service(ServletHttpHandlerAdapter.java:192) ~[spring-web-5.2.0.BUILD-SNAPSHOT.jar:5.2.0.BUILD-SNAPSHOT]
	at org.eclipse.jetty.servlet.ServletHolder.handle(ServletHolder.java:873) ~[jetty-servlet-9.4.18.v20190429.jar:9.4.18.v20190429]
	at org.eclipse.jetty.servlet.ServletHandler.doHandle(ServletHandler.java:542) ~[jetty-servlet-9.4.18.v20190429.jar:9.4.18.v20190429]
	at org.eclipse.jetty.server.handler.ScopedHandler.nextHandle(ScopedHandler.java:255) ~[jetty-server-9.4.18.v20190429.jar:9.4.18.v20190429]
	at org.eclipse.jetty.server.handler.ContextHandler.doHandle(ContextHandler.java:1345) ~[jetty-server-9.4.18.v20190429.jar:9.4.18.v20190429]
	at org.eclipse.jetty.server.handler.ScopedHandler.nextScope(ScopedHandler.java:203) ~[jetty-server-9.4.18.v20190429.jar:9.4.18.v20190429]
	at org.eclipse.jetty.servlet.ServletHandler.doScope(ServletHandler.java:480) ~[jetty-servlet-9.4.18.v20190429.jar:9.4.18.v20190429]
	at org.eclipse.jetty.server.handler.ScopedHandler.nextScope(ScopedHandler.java:201) ~[jetty-server-9.4.18.v20190429.jar:9.4.18.v20190429]
	at org.eclipse.jetty.server.handler.ContextHandler.doScope(ContextHandler.java:1247) ~[jetty-server-9.4.18.v20190429.jar:9.4.18.v20190429]
	at org.eclipse.jetty.server.handler.ScopedHandler.handle(ScopedHandler.java:144) ~[jetty-server-9.4.18.v20190429.jar:9.4.18.v20190429]
	at org.eclipse.jetty.server.handler.HandlerWrapper.handle(HandlerWrapper.java:132) ~[jetty-server-9.4.18.v20190429.jar:9.4.18.v20190429]
	at org.eclipse.jetty.server.Server.handle(Server.java:505) ~[jetty-server-9.4.18.v20190429.jar:9.4.18.v20190429]
	at org.eclipse.jetty.server.HttpChannel.handle(HttpChannel.java:370) ~[jetty-server-9.4.18.v20190429.jar:9.4.18.v20190429]
	... 7 more
	Suppressed: reactor.core.publisher.FluxOnAssembly$OnAssemblyException: 
Error has been observed at the following site(s):
	|_ checkpoint ⇢ Handler org.springframework.web.reactive.result.method.annotation.RequestMappingExceptionHandlingIntegrationTests$TestController#errors() [DispatcherHandler]
	|_ checkpoint ⇢ HTTP GET "/SPR-16051" [ExceptionHandlingWebHandler]

22:42:26.592 [Test worker] DEBUG o.s.h.s.r.b.JettyHttpServer - Stopping JettyHttpServer...
22:42:26.593 [Test worker] INFO  o.e.j.s.h.ContextHandler - Stopped o.e.j.s.ServletContextHandler@b43f9c8{/,null,UNAVAILABLE}
22:42:26.594 [Test worker] INFO  o.e.j.s.AbstractConnector - Stopped ServerConnector@5d87215a{HTTP/1.1,[http/1.1]}{0.0.0.0:0}
22:42:26.594 [Test worker] DEBUG o.s.h.s.r.b.JettyHttpServer - Server stopped (0 millis).
22:42:26.634 [Test worker] DEBUG o.s.w.r.r.m.a.RequestMappingHandlerMapping - 6 mappings in 'requestMappingHandlerMapping'
22:42:26.656 [Test worker] DEBUG o.s.w.r.r.m.a.ControllerMethodResolver - ControllerAdvice beans: none
22:42:26.687 [Test worker] DEBUG o.s.w.s.a.HttpWebHandlerAdapter - enableLoggingRequestDetails='false': form data and headers will be masked to prevent unsafe logging of potentially sensitive data
22:42:26.687 [Test worker] WARN  o.e.j.s.h.ContextHandler - Empty contextPath
22:42:26.687 [Test worker] INFO  o.e.j.s.h.ContextHandler - Started o.e.j.s.ServletContextHandler@55f376ea{/,null,AVAILABLE}
22:42:26.687 [Test worker] DEBUG o.s.h.s.r.b.JettyHttpServer - Starting JettyHttpServer...
22:42:26.687 [Test worker] INFO  o.e.j.s.Server - jetty-9.4.18.v20190429; built: 2019-04-29T20:42:08.989Z; git: e1bc35120a6617ee3df052294e433f3a25ce7097; jvm 1.8.0_211-b12
22:42:26.690 [Test worker] INFO  o.e.j.s.AbstractConnector - Started ServerConnector@5902cba8{HTTP/1.1,[http/1.1]}{0.0.0.0:53672}
22:42:26.690 [Test worker] INFO  o.e.j.s.Server - Started @19116ms
22:42:26.690 [Test worker] DEBUG o.s.h.s.r.b.JettyHttpServer - Server started on port 53672(0 millis).
22:42:26.690 [Test worker] DEBUG o.s.w.c.RestTemplate - HTTP GET http://localhost:53672/thrown-exception-with-cause
22:42:26.690 [Test worker] DEBUG o.s.w.c.RestTemplate - Accept=[text/plain, application/json, application/x-jackson-smile, application/*+json, */*]
22:42:26.692 [qtp1153220608-357] DEBUG o.s.w.s.a.HttpWebHandlerAdapter - [2dd42842] HTTP GET "/thrown-exception-with-cause"
22:42:26.692 [qtp1153220608-357] DEBUG o.s.w.r.r.m.a.RequestMappingHandlerMapping - [2dd42842] Mapped to org.springframework.web.reactive.result.method.annotation.RequestMappingExceptionHandlingIntegrationTests$TestController#handleAndThrowExceptionWithCause()
22:42:26.693 [qtp1153220608-357] DEBUG o.s.w.r.r.m.a.RequestMappingHandlerAdapter - [2dd42842] Using @ExceptionHandler org.springframework.web.reactive.result.method.annotation.RequestMappingExceptionHandlingIntegrationTests$TestController#handleStateException(IllegalStateException)
22:42:26.693 [qtp1153220608-357] DEBUG o.s.w.r.r.m.a.ResponseEntityResultHandler - Using 'text/plain;charset=UTF-8' given [text/plain, application/json, application/x-jackson-smile, application/*+json, */*] and supported [text/plain;charset=UTF-8, text/event-stream, text/plain;charset=UTF-8, */*]
22:42:26.693 [qtp1153220608-357] DEBUG o.s.w.r.r.m.a.ResponseEntityResultHandler - [2dd42842] 0..1 [java.lang.String]
22:42:26.693 [qtp1153220608-357] DEBUG o.s.c.c.CharSequenceEncoder - [2dd42842] Writing "Recovered from error: State"
22:42:26.694 [qtp1153220608-357] DEBUG o.s.w.s.a.HttpWebHandlerAdapter - [2dd42842] Completed 200 OK
22:42:26.694 [Test worker] DEBUG o.s.w.c.RestTemplate - Response 200 OK
22:42:26.694 [Test worker] DEBUG o.s.w.c.RestTemplate - Reading to [java.lang.String] as "text/plain;charset=utf-8"
22:42:26.694 [Test worker] DEBUG o.s.h.s.r.b.JettyHttpServer - Stopping JettyHttpServer...
22:42:26.694 [Test worker] INFO  o.e.j.s.h.ContextHandler - Stopped o.e.j.s.ServletContextHandler@55f376ea{/,null,UNAVAILABLE}
22:42:26.695 [Test worker] INFO  o.e.j.s.AbstractConnector - Stopped ServerConnector@5902cba8{HTTP/1.1,[http/1.1]}{0.0.0.0:0}
22:42:26.696 [Test worker] DEBUG o.s.h.s.r.b.JettyHttpServer - Server stopped (0 millis).
22:42:26.729 [Test worker] DEBUG o.s.w.r.r.m.a.RequestMappingHandlerMapping - 6 mappings in 'requestMappingHandlerMapping'
22:42:26.750 [Test worker] DEBUG o.s.w.r.r.m.a.ControllerMethodResolver - ControllerAdvice beans: none
22:42:26.778 [Test worker] DEBUG o.s.w.s.a.HttpWebHandlerAdapter - enableLoggingRequestDetails='false': form data and headers will be masked to prevent unsafe logging of potentially sensitive data
22:42:26.778 [Test worker] DEBUG o.s.h.s.r.b.ReactorHttpServer - Starting ReactorHttpServer...
22:42:26.779 [Test worker] DEBUG o.s.h.s.r.b.ReactorHttpServer - Server started on port 53674(0 millis).
22:42:26.779 [Test worker] DEBUG o.s.w.c.RestTemplate - HTTP GET http://localhost:53674/mono-error
22:42:26.779 [Test worker] DEBUG o.s.w.c.RestTemplate - Accept=[text/plain, application/json, application/x-jackson-smile, application/*+json, */*]
22:42:26.781 [reactor-http-nio-12] DEBUG o.s.w.s.a.HttpWebHandlerAdapter - [2d216d22] HTTP GET "/mono-error"
22:42:26.781 [reactor-http-nio-12] DEBUG o.s.w.r.r.m.a.RequestMappingHandlerMapping - [2d216d22] Mapped to org.springframework.web.reactive.result.method.annotation.RequestMappingExceptionHandlingIntegrationTests$TestController#handleWithError()
22:42:26.781 [reactor-http-nio-12] DEBUG o.s.w.r.r.m.a.ResponseBodyResultHandler - Using 'text/plain;charset=UTF-8' given [text/plain, application/json, application/x-jackson-smile, application/*+json, */*] and supported [text/plain;charset=UTF-8, text/event-stream, text/plain;charset=UTF-8, */*]
22:42:26.781 [reactor-http-nio-12] DEBUG o.s.w.r.r.m.a.ResponseBodyResultHandler - [2d216d22] 0..1 [java.lang.String]
22:42:26.782 [reactor-http-nio-12] DEBUG o.s.w.r.r.m.a.RequestMappingHandlerAdapter - [2d216d22] Using @ExceptionHandler org.springframework.web.reactive.result.method.annotation.RequestMappingExceptionHandlingIntegrationTests$TestController#handleArgumentException(IllegalArgumentException)
22:42:26.782 [reactor-http-nio-12] DEBUG o.s.w.r.r.m.a.ResponseBodyResultHandler - Using 'text/plain;charset=UTF-8' given [text/plain, application/json, application/x-jackson-smile, application/*+json, */*] and supported [text/plain;charset=UTF-8, text/event-stream, text/plain;charset=UTF-8, */*]
22:42:26.782 [reactor-http-nio-12] DEBUG o.s.w.r.r.m.a.ResponseBodyResultHandler - [2d216d22] 0..1 [java.lang.String]
22:42:26.782 [reactor-http-nio-12] DEBUG o.s.c.c.CharSequenceEncoder - [2d216d22] Writing "Recovered from error: Argument"
22:42:26.785 [Test worker] DEBUG o.s.w.c.RestTemplate - Response 200 OK
22:42:26.785 [Test worker] DEBUG o.s.w.c.RestTemplate - Reading to [java.lang.String] as "text/plain;charset=UTF-8"
22:42:26.785 [Test worker] DEBUG o.s.h.s.r.b.ReactorHttpServer - Stopping ReactorHttpServer...
22:42:26.785 [Test worker] DEBUG o.s.h.s.r.b.ReactorHttpServer - Server stopped (0 millis).
22:42:26.820 [Test worker] DEBUG o.s.w.r.r.m.a.RequestMappingHandlerMapping - 6 mappings in 'requestMappingHandlerMapping'
22:42:26.838 [Test worker] DEBUG o.s.w.r.r.m.a.ControllerMethodResolver - ControllerAdvice beans: none
22:42:26.865 [Test worker] DEBUG o.s.w.s.a.HttpWebHandlerAdapter - enableLoggingRequestDetails='false': form data and headers will be masked to prevent unsafe logging of potentially sensitive data
22:42:26.865 [Test worker] DEBUG o.s.h.s.r.b.ReactorHttpServer - Starting ReactorHttpServer...
22:42:26.866 [Test worker] DEBUG o.s.h.s.r.b.ReactorHttpServer - Server started on port 53676(0 millis).
22:42:26.866 [Test worker] DEBUG o.s.w.c.RestTemplate - HTTP GET http://localhost:53676/thrown-exception-with-cause-to-handle
22:42:26.866 [Test worker] DEBUG o.s.w.c.RestTemplate - Accept=[text/plain, application/json, application/x-jackson-smile, application/*+json, */*]
22:42:26.868 [reactor-http-nio-14] DEBUG o.s.w.s.a.HttpWebHandlerAdapter - [7904a49b] HTTP GET "/thrown-exception-with-cause-to-handle"
22:42:26.868 [reactor-http-nio-14] DEBUG o.s.w.r.r.m.a.RequestMappingHandlerMapping - [7904a49b] Mapped to org.springframework.web.reactive.result.method.annotation.RequestMappingExceptionHandlingIntegrationTests$TestController#handleAndThrowExceptionWithCauseToHandle()
22:42:26.869 [reactor-http-nio-14] DEBUG o.s.w.r.r.m.a.RequestMappingHandlerAdapter - [7904a49b] Using @ExceptionHandler org.springframework.web.reactive.result.method.annotation.RequestMappingExceptionHandlingIntegrationTests$TestController#handleArgumentException(IOException)
22:42:26.869 [reactor-http-nio-14] DEBUG o.s.w.r.r.m.a.ResponseBodyResultHandler - Using 'text/plain;charset=UTF-8' given [text/plain, application/json, application/x-jackson-smile, application/*+json, */*] and supported [text/plain;charset=UTF-8, text/event-stream, text/plain;charset=UTF-8, */*]
22:42:26.869 [reactor-http-nio-14] DEBUG o.s.w.r.r.m.a.ResponseBodyResultHandler - [7904a49b] 0..1 [java.lang.String]
22:42:26.869 [reactor-http-nio-14] DEBUG o.s.c.c.CharSequenceEncoder - [7904a49b] Writing "Recovered from error: IO"
22:42:26.870 [Test worker] DEBUG o.s.w.c.RestTemplate - Response 200 OK
22:42:26.870 [Test worker] DEBUG o.s.w.c.RestTemplate - Reading to [java.lang.String] as "text/plain;charset=UTF-8"
22:42:26.870 [Test worker] DEBUG o.s.h.s.r.b.ReactorHttpServer - Stopping ReactorHttpServer...
22:42:26.870 [Test worker] DEBUG o.s.h.s.r.b.ReactorHttpServer - Server stopped (0 millis).
22:42:26.903 [Test worker] DEBUG o.s.w.r.r.m.a.RequestMappingHandlerMapping - 6 mappings in 'requestMappingHandlerMapping'
22:42:26.922 [Test worker] DEBUG o.s.w.r.r.m.a.ControllerMethodResolver - ControllerAdvice beans: none
22:42:26.949 [Test worker] DEBUG o.s.w.s.a.HttpWebHandlerAdapter - enableLoggingRequestDetails='false': form data and headers will be masked to prevent unsafe logging of potentially sensitive data
22:42:26.949 [Test worker] DEBUG o.s.h.s.r.b.ReactorHttpServer - Starting ReactorHttpServer...
22:42:26.950 [Test worker] DEBUG o.s.h.s.r.b.ReactorHttpServer - Server started on port 53678(0 millis).
22:42:26.950 [Test worker] DEBUG o.s.w.c.RestTemplate - HTTP GET http://localhost:53678/SPR-16318
22:42:26.951 [Test worker] DEBUG o.s.w.c.RestTemplate - Accept=[text/plain, application/json, application/x-jackson-smile, application/*+json, */*]
22:42:26.953 [reactor-http-nio-16] DEBUG o.s.w.s.a.HttpWebHandlerAdapter - [6a41d84a] HTTP GET "/SPR-16318"
22:42:26.953 [reactor-http-nio-16] DEBUG o.s.w.r.r.m.a.RequestMappingHandlerMapping - [6a41d84a] Mapped to org.springframework.web.reactive.result.method.annotation.RequestMappingExceptionHandlingIntegrationTests$TestController#handleTextPlain()
22:42:26.954 [reactor-http-nio-16] DEBUG o.s.w.r.r.m.a.ResponseBodyResultHandler - Using 'text/plain' given [text/plain, application/problem+json] and supported [text/plain]
22:42:26.954 [reactor-http-nio-16] DEBUG o.s.w.r.r.m.a.ResponseBodyResultHandler - [6a41d84a] 0..1 [java.lang.String]
22:42:26.954 [reactor-http-nio-16] DEBUG o.s.w.r.r.m.a.RequestMappingHandlerAdapter - [6a41d84a] Using @ExceptionHandler org.springframework.web.reactive.result.method.annotation.RequestMappingExceptionHandlingIntegrationTests$TestController#handle(Spr16318Exception)
22:42:26.955 [reactor-http-nio-16] DEBUG o.s.w.r.r.m.a.ResponseEntityResultHandler - Using 'application/problem+json' given [text/plain, application/problem+json] and supported [application/json, application/*+json, application/x-jackson-smile, application/*+x-jackson-smile, text/event-stream]
22:42:26.955 [reactor-http-nio-16] DEBUG o.s.w.r.r.m.a.ResponseEntityResultHandler - [6a41d84a] 0..1 [java.util.Map<java.lang.String, java.lang.String>]
22:42:26.955 [reactor-http-nio-16] DEBUG o.s.h.c.j.Jackson2JsonEncoder - [6a41d84a] Encoding [{reason=error}]
22:42:26.956 [Test worker] DEBUG o.s.w.c.RestTemplate - Response 500 INTERNAL_SERVER_ERROR
22:42:26.957 [Test worker] DEBUG o.s.h.s.r.b.ReactorHttpServer - Stopping ReactorHttpServer...
22:42:26.957 [Test worker] DEBUG o.s.h.s.r.b.ReactorHttpServer - Server stopped (0 millis).
22:42:26.992 [Test worker] DEBUG o.s.w.r.r.m.a.RequestMappingHandlerMapping - 6 mappings in 'requestMappingHandlerMapping'
22:42:27.009 [Test worker] DEBUG o.s.w.r.r.m.a.ControllerMethodResolver - ControllerAdvice beans: none
22:42:27.035 [Test worker] DEBUG o.s.w.s.a.HttpWebHandlerAdapter - enableLoggingRequestDetails='false': form data and headers will be masked to prevent unsafe logging of potentially sensitive data
22:42:27.035 [Test worker] DEBUG o.s.h.s.r.b.ReactorHttpServer - Starting ReactorHttpServer...
22:42:27.036 [Test worker] DEBUG o.s.h.s.r.b.ReactorHttpServer - Server started on port 53683(0 millis).
22:42:27.036 [Test worker] DEBUG o.s.w.c.RestTemplate - HTTP GET http://localhost:53683/thrown-exception
22:42:27.036 [Test worker] DEBUG o.s.w.c.RestTemplate - Accept=[text/plain, application/json, application/x-jackson-smile, application/*+json, */*]
22:42:27.037 [reactor-http-nio-2] DEBUG o.s.w.s.a.HttpWebHandlerAdapter - [c3ea5a0e] HTTP GET "/thrown-exception"
22:42:27.037 [reactor-http-nio-2] DEBUG o.s.w.r.r.m.a.RequestMappingHandlerMapping - [c3ea5a0e] Mapped to org.springframework.web.reactive.result.method.annotation.RequestMappingExceptionHandlingIntegrationTests$TestController#handleAndThrowException()
22:42:27.038 [reactor-http-nio-2] DEBUG o.s.w.r.r.m.a.RequestMappingHandlerAdapter - [c3ea5a0e] Using @ExceptionHandler org.springframework.web.reactive.result.method.annotation.RequestMappingExceptionHandlingIntegrationTests$TestController#handleStateException(IllegalStateException)
22:42:27.039 [reactor-http-nio-2] DEBUG o.s.w.r.r.m.a.ResponseEntityResultHandler - Using 'text/plain;charset=UTF-8' given [text/plain, application/json, application/x-jackson-smile, application/*+json, */*] and supported [text/plain;charset=UTF-8, text/event-stream, text/plain;charset=UTF-8, */*]
22:42:27.039 [reactor-http-nio-2] DEBUG o.s.w.r.r.m.a.ResponseEntityResultHandler - [c3ea5a0e] 0..1 [java.lang.String]
22:42:27.039 [reactor-http-nio-2] DEBUG o.s.c.c.CharSequenceEncoder - [c3ea5a0e] Writing "Recovered from error: State"
22:42:27.040 [Test worker] DEBUG o.s.w.c.RestTemplate - Response 200 OK
22:42:27.040 [Test worker] DEBUG o.s.w.c.RestTemplate - Reading to [java.lang.String] as "text/plain;charset=UTF-8"
22:42:27.040 [Test worker] DEBUG o.s.h.s.r.b.ReactorHttpServer - Stopping ReactorHttpServer...
22:42:27.040 [Test worker] DEBUG o.s.h.s.r.b.ReactorHttpServer - Server stopped (0 millis).
22:42:27.073 [Test worker] DEBUG o.s.w.r.r.m.a.RequestMappingHandlerMapping - 6 mappings in 'requestMappingHandlerMapping'
22:42:27.094 [Test worker] DEBUG o.s.w.r.r.m.a.ControllerMethodResolver - ControllerAdvice beans: none
22:42:27.123 [Test worker] DEBUG o.s.w.s.a.HttpWebHandlerAdapter - enableLoggingRequestDetails='false': form data and headers will be masked to prevent unsafe logging of potentially sensitive data
22:42:27.123 [Test worker] DEBUG o.s.h.s.r.b.ReactorHttpServer - Starting ReactorHttpServer...
22:42:27.124 [Test worker] DEBUG o.s.h.s.r.b.ReactorHttpServer - Server started on port 53685(0 millis).
22:42:27.124 [Test worker] DEBUG o.s.w.c.RestTemplate - HTTP GET http://localhost:53685/SPR-16051
22:42:27.124 [Test worker] DEBUG o.s.w.c.RestTemplate - Accept=[text/plain, application/json, application/x-jackson-smile, application/*+json, */*]
22:42:27.126 [reactor-http-nio-4] DEBUG o.s.w.s.a.HttpWebHandlerAdapter - [8bf09cf4] HTTP GET "/SPR-16051"
22:42:27.126 [reactor-http-nio-4] DEBUG o.s.w.r.r.m.a.RequestMappingHandlerMapping - [8bf09cf4] Mapped to org.springframework.web.reactive.result.method.annotation.RequestMappingExceptionHandlingIntegrationTests$TestController#errors()
22:42:27.127 [reactor-http-nio-4] DEBUG o.s.w.r.r.m.a.ResponseBodyResultHandler - Using 'text/plain;charset=UTF-8' given [text/plain, application/json, application/x-jackson-smile, application/*+json, */*] and supported [text/plain;charset=UTF-8, text/event-stream, text/plain;charset=UTF-8, */*]
22:42:27.127 [reactor-http-nio-4] DEBUG o.s.w.r.r.m.a.ResponseBodyResultHandler - [8bf09cf4] 0..N [java.lang.String]
22:42:27.127 [reactor-http-nio-4] DEBUG o.s.c.c.CharSequenceEncoder - [8bf09cf4] Writing "1. foo bar"
22:42:27.128 [Test worker] DEBUG o.s.w.c.RestTemplate - Response 200 OK
22:42:27.128 [reactor-http-nio-4] DEBUG o.s.c.c.CharSequenceEncoder - [8bf09cf4] Writing "2. foo bar"
22:42:27.128 [reactor-http-nio-4] DEBUG o.s.c.c.CharSequenceEncoder - [8bf09cf4] Writing "3. foo bar"
22:42:27.129 [reactor-http-nio-4] DEBUG o.s.c.c.CharSequenceEncoder - [8bf09cf4] Writing "4. foo bar"
22:42:27.129 [reactor-http-nio-4] DEBUG o.s.c.c.CharSequenceEncoder - [8bf09cf4] Writing "5. foo bar"
22:42:27.129 [reactor-http-nio-4] DEBUG o.s.c.c.CharSequenceEncoder - [8bf09cf4] Writing "6. foo bar"
22:42:27.130 [reactor-http-nio-4] DEBUG o.s.c.c.CharSequenceEncoder - [8bf09cf4] Writing "7. foo bar"
22:42:27.130 [reactor-http-nio-4] DEBUG o.s.c.c.CharSequenceEncoder - [8bf09cf4] Writing "8. foo bar"
22:42:27.130 [reactor-http-nio-4] DEBUG o.s.c.c.CharSequenceEncoder - [8bf09cf4] Writing "9. foo bar"
22:42:27.131 [reactor-http-nio-4] DEBUG o.s.c.c.CharSequenceEncoder - [8bf09cf4] Writing "10. foo bar"
22:42:27.131 [reactor-http-nio-4] DEBUG o.s.c.c.CharSequenceEncoder - [8bf09cf4] Writing "11. foo bar"
22:42:27.131 [reactor-http-nio-4] DEBUG o.s.c.c.CharSequenceEncoder - [8bf09cf4] Writing "12. foo bar"
22:42:27.131 [reactor-http-nio-4] DEBUG o.s.c.c.CharSequenceEncoder - [8bf09cf4] Writing "13. foo bar"
22:42:27.132 [reactor-http-nio-4] DEBUG o.s.c.c.CharSequenceEncoder - [8bf09cf4] Writing "14. foo bar"
22:42:27.132 [reactor-http-nio-4] DEBUG o.s.c.c.CharSequenceEncoder - [8bf09cf4] Writing "15. foo bar"
22:42:27.132 [reactor-http-nio-4] DEBUG o.s.c.c.CharSequenceEncoder - [8bf09cf4] Writing "16. foo bar"
22:42:27.133 [reactor-http-nio-4] DEBUG o.s.c.c.CharSequenceEncoder - [8bf09cf4] Writing "17. foo bar"
22:42:27.133 [reactor-http-nio-4] DEBUG o.s.c.c.CharSequenceEncoder - [8bf09cf4] Writing "18. foo bar"
22:42:27.133 [reactor-http-nio-4] DEBUG o.s.c.c.CharSequenceEncoder - [8bf09cf4] Writing "19. foo bar"
22:42:27.134 [reactor-http-nio-4] DEBUG o.s.c.c.CharSequenceEncoder - [8bf09cf4] Writing "20. foo bar"
22:42:27.134 [reactor-http-nio-4] DEBUG o.s.c.c.CharSequenceEncoder - [8bf09cf4] Writing "21. foo bar"
22:42:27.134 [reactor-http-nio-4] DEBUG o.s.c.c.CharSequenceEncoder - [8bf09cf4] Writing "22. foo bar"
22:42:27.135 [reactor-http-nio-4] DEBUG o.s.c.c.CharSequenceEncoder - [8bf09cf4] Writing "23. foo bar"
22:42:27.135 [reactor-http-nio-4] DEBUG o.s.c.c.CharSequenceEncoder - [8bf09cf4] Writing "24. foo bar"
22:42:27.135 [reactor-http-nio-4] DEBUG o.s.c.c.CharSequenceEncoder - [8bf09cf4] Writing "25. foo bar"
22:42:27.135 [reactor-http-nio-4] DEBUG o.s.c.c.CharSequenceEncoder - [8bf09cf4] Writing "26. foo bar"
22:42:27.136 [reactor-http-nio-4] DEBUG o.s.c.c.CharSequenceEncoder - [8bf09cf4] Writing "27. foo bar"
22:42:27.136 [reactor-http-nio-4] DEBUG o.s.c.c.CharSequenceEncoder - [8bf09cf4] Writing "28. foo bar"
22:42:27.136 [reactor-http-nio-4] DEBUG o.s.c.c.CharSequenceEncoder - [8bf09cf4] Writing "29. foo bar"
22:42:27.137 [reactor-http-nio-4] DEBUG o.s.c.c.CharSequenceEncoder - [8bf09cf4] Writing "30. foo bar"
22:42:27.137 [reactor-http-nio-4] DEBUG o.s.c.c.CharSequenceEncoder - [8bf09cf4] Writing "31. foo bar"
22:42:27.137 [reactor-http-nio-4] DEBUG o.s.c.c.CharSequenceEncoder - [8bf09cf4] Writing "32. foo bar"
22:42:27.138 [reactor-http-nio-4] DEBUG o.s.c.c.CharSequenceEncoder - [8bf09cf4] Writing "33. foo bar"
22:42:27.138 [reactor-http-nio-4] DEBUG o.s.c.c.CharSequenceEncoder - [8bf09cf4] Writing "34. foo bar"
22:42:27.138 [reactor-http-nio-4] DEBUG o.s.c.c.CharSequenceEncoder - [8bf09cf4] Writing "35. foo bar"
22:42:27.139 [reactor-http-nio-4] DEBUG o.s.c.c.CharSequenceEncoder - [8bf09cf4] Writing "36. foo bar"
22:42:27.139 [reactor-http-nio-4] DEBUG o.s.c.c.CharSequenceEncoder - [8bf09cf4] Writing "37. foo bar"
22:42:27.139 [reactor-http-nio-4] DEBUG o.s.c.c.CharSequenceEncoder - [8bf09cf4] Writing "38. foo bar"
22:42:27.139 [reactor-http-nio-4] DEBUG o.s.c.c.CharSequenceEncoder - [8bf09cf4] Writing "39. foo bar"
22:42:27.140 [reactor-http-nio-4] DEBUG o.s.c.c.CharSequenceEncoder - [8bf09cf4] Writing "40. foo bar"
22:42:27.140 [reactor-http-nio-4] DEBUG o.s.c.c.CharSequenceEncoder - [8bf09cf4] Writing "41. foo bar"
22:42:27.140 [reactor-http-nio-4] DEBUG o.s.c.c.CharSequenceEncoder - [8bf09cf4] Writing "42. foo bar"
22:42:27.140 [reactor-http-nio-4] DEBUG o.s.c.c.CharSequenceEncoder - [8bf09cf4] Writing "43. foo bar"
22:42:27.141 [reactor-http-nio-4] DEBUG o.s.c.c.CharSequenceEncoder - [8bf09cf4] Writing "44. foo bar"
22:42:27.141 [reactor-http-nio-4] DEBUG o.s.c.c.CharSequenceEncoder - [8bf09cf4] Writing "45. foo bar"
22:42:27.141 [reactor-http-nio-4] DEBUG o.s.c.c.CharSequenceEncoder - [8bf09cf4] Writing "46. foo bar"
22:42:27.141 [reactor-http-nio-4] DEBUG o.s.c.c.CharSequenceEncoder - [8bf09cf4] Writing "47. foo bar"
22:42:27.141 [reactor-http-nio-4] DEBUG o.s.c.c.CharSequenceEncoder - [8bf09cf4] Writing "48. foo bar"
22:42:27.142 [reactor-http-nio-4] DEBUG o.s.c.c.CharSequenceEncoder - [8bf09cf4] Writing "49. foo bar"
22:42:27.142 [reactor-http-nio-4] DEBUG o.s.c.c.CharSequenceEncoder - [8bf09cf4] Writing "50. foo bar"
22:42:27.142 [reactor-http-nio-4] DEBUG o.s.c.c.CharSequenceEncoder - [8bf09cf4] Writing "51. foo bar"
22:42:27.142 [reactor-http-nio-4] DEBUG o.s.c.c.CharSequenceEncoder - [8bf09cf4] Writing "52. foo bar"
22:42:27.143 [reactor-http-nio-4] DEBUG o.s.c.c.CharSequenceEncoder - [8bf09cf4] Writing "53. foo bar"
22:42:27.143 [reactor-http-nio-4] DEBUG o.s.c.c.CharSequenceEncoder - [8bf09cf4] Writing "54. foo bar"
22:42:27.144 [reactor-http-nio-4] DEBUG o.s.c.c.CharSequenceEncoder - [8bf09cf4] Writing "55. foo bar"
22:42:27.144 [reactor-http-nio-4] DEBUG o.s.c.c.CharSequenceEncoder - [8bf09cf4] Writing "56. foo bar"
22:42:27.144 [reactor-http-nio-4] DEBUG o.s.c.c.CharSequenceEncoder - [8bf09cf4] Writing "57. foo bar"
22:42:27.145 [reactor-http-nio-4] DEBUG o.s.c.c.CharSequenceEncoder - [8bf09cf4] Writing "58. foo bar"
22:42:27.145 [reactor-http-nio-4] DEBUG o.s.c.c.CharSequenceEncoder - [8bf09cf4] Writing "59. foo bar"
22:42:27.145 [reactor-http-nio-4] DEBUG o.s.c.c.CharSequenceEncoder - [8bf09cf4] Writing "60. foo bar"
22:42:27.145 [reactor-http-nio-4] DEBUG o.s.c.c.CharSequenceEncoder - [8bf09cf4] Writing "61. foo bar"
22:42:27.146 [reactor-http-nio-4] DEBUG o.s.c.c.CharSequenceEncoder - [8bf09cf4] Writing "62. foo bar"
22:42:27.146 [reactor-http-nio-4] DEBUG o.s.c.c.CharSequenceEncoder - [8bf09cf4] Writing "63. foo bar"
22:42:27.146 [reactor-http-nio-4] DEBUG o.s.c.c.CharSequenceEncoder - [8bf09cf4] Writing "64. foo bar"
22:42:27.146 [reactor-http-nio-4] DEBUG o.s.c.c.CharSequenceEncoder - [8bf09cf4] Writing "65. foo bar"
22:42:27.146 [reactor-http-nio-4] DEBUG o.s.c.c.CharSequenceEncoder - [8bf09cf4] Writing "66. foo bar"
22:42:27.147 [reactor-http-nio-4] DEBUG o.s.c.c.CharSequenceEncoder - [8bf09cf4] Writing "67. foo bar"
22:42:27.147 [reactor-http-nio-4] DEBUG o.s.c.c.CharSequenceEncoder - [8bf09cf4] Writing "68. foo bar"
22:42:27.147 [reactor-http-nio-4] DEBUG o.s.c.c.CharSequenceEncoder - [8bf09cf4] Writing "69. foo bar"
22:42:27.148 [reactor-http-nio-4] DEBUG o.s.c.c.CharSequenceEncoder - [8bf09cf4] Writing "70. foo bar"
22:42:27.148 [reactor-http-nio-4] DEBUG o.s.c.c.CharSequenceEncoder - [8bf09cf4] Writing "71. foo bar"
22:42:27.148 [reactor-http-nio-4] DEBUG o.s.c.c.CharSequenceEncoder - [8bf09cf4] Writing "72. foo bar"
22:42:27.148 [reactor-http-nio-4] DEBUG o.s.c.c.CharSequenceEncoder - [8bf09cf4] Writing "73. foo bar"
22:42:27.149 [reactor-http-nio-4] DEBUG o.s.c.c.CharSequenceEncoder - [8bf09cf4] Writing "74. foo bar"
22:42:27.149 [reactor-http-nio-4] DEBUG o.s.c.c.CharSequenceEncoder - [8bf09cf4] Writing "75. foo bar"
22:42:27.149 [reactor-http-nio-4] DEBUG o.s.c.c.CharSequenceEncoder - [8bf09cf4] Writing "76. foo bar"
22:42:27.149 [reactor-http-nio-4] DEBUG o.s.c.c.CharSequenceEncoder - [8bf09cf4] Writing "77. foo bar"
22:42:27.150 [reactor-http-nio-4] DEBUG o.s.c.c.CharSequenceEncoder - [8bf09cf4] Writing "78. foo bar"
22:42:27.150 [reactor-http-nio-4] DEBUG o.s.c.c.CharSequenceEncoder - [8bf09cf4] Writing "79. foo bar"
22:42:27.150 [reactor-http-nio-4] DEBUG o.s.c.c.CharSequenceEncoder - [8bf09cf4] Writing "80. foo bar"
22:42:27.150 [reactor-http-nio-4] DEBUG o.s.c.c.CharSequenceEncoder - [8bf09cf4] Writing "81. foo bar"
22:42:27.151 [reactor-http-nio-4] DEBUG o.s.c.c.CharSequenceEncoder - [8bf09cf4] Writing "82. foo bar"
22:42:27.151 [reactor-http-nio-4] DEBUG o.s.c.c.CharSequenceEncoder - [8bf09cf4] Writing "83. foo bar"
22:42:27.151 [reactor-http-nio-4] DEBUG o.s.c.c.CharSequenceEncoder - [8bf09cf4] Writing "84. foo bar"
22:42:27.152 [reactor-http-nio-4] DEBUG o.s.c.c.CharSequenceEncoder - [8bf09cf4] Writing "85. foo bar"
22:42:27.152 [reactor-http-nio-4] DEBUG o.s.c.c.CharSequenceEncoder - [8bf09cf4] Writing "86. foo bar"
22:42:27.152 [reactor-http-nio-4] DEBUG o.s.c.c.CharSequenceEncoder - [8bf09cf4] Writing "87. foo bar"
22:42:27.152 [reactor-http-nio-4] DEBUG o.s.c.c.CharSequenceEncoder - [8bf09cf4] Writing "88. foo bar"
22:42:27.153 [reactor-http-nio-4] DEBUG o.s.c.c.CharSequenceEncoder - [8bf09cf4] Writing "89. foo bar"
22:42:27.153 [reactor-http-nio-4] DEBUG o.s.c.c.CharSequenceEncoder - [8bf09cf4] Writing "90. foo bar"
22:42:27.153 [reactor-http-nio-4] DEBUG o.s.c.c.CharSequenceEncoder - [8bf09cf4] Writing "91. foo bar"
22:42:27.154 [reactor-http-nio-4] DEBUG o.s.c.c.CharSequenceEncoder - [8bf09cf4] Writing "92. foo bar"
22:42:27.154 [reactor-http-nio-4] DEBUG o.s.c.c.CharSequenceEncoder - [8bf09cf4] Writing "93. foo bar"
22:42:27.154 [reactor-http-nio-4] DEBUG o.s.c.c.CharSequenceEncoder - [8bf09cf4] Writing "94. foo bar"
22:42:27.154 [reactor-http-nio-4] DEBUG o.s.c.c.CharSequenceEncoder - [8bf09cf4] Writing "95. foo bar"
22:42:27.155 [reactor-http-nio-4] DEBUG o.s.c.c.CharSequenceEncoder - [8bf09cf4] Writing "96. foo bar"
22:42:27.155 [reactor-http-nio-4] DEBUG o.s.c.c.CharSequenceEncoder - [8bf09cf4] Writing "97. foo bar"
22:42:27.155 [reactor-http-nio-4] DEBUG o.s.c.c.CharSequenceEncoder - [8bf09cf4] Writing "98. foo bar"
22:42:27.155 [reactor-http-nio-4] DEBUG o.s.c.c.CharSequenceEncoder - [8bf09cf4] Writing "99. foo bar"
22:42:27.156 [reactor-http-nio-4] DEBUG o.s.c.c.CharSequenceEncoder - [8bf09cf4] Writing "100. foo bar"
22:42:27.156 [reactor-http-nio-4] DEBUG o.s.c.c.CharSequenceEncoder - [8bf09cf4] Writing "101. foo bar"
22:42:27.156 [reactor-http-nio-4] DEBUG o.s.c.c.CharSequenceEncoder - [8bf09cf4] Writing "102. foo bar"
22:42:27.156 [reactor-http-nio-4] DEBUG o.s.c.c.CharSequenceEncoder - [8bf09cf4] Writing "103. foo bar"
22:42:27.157 [reactor-http-nio-4] DEBUG o.s.c.c.CharSequenceEncoder - [8bf09cf4] Writing "104. foo bar"
22:42:27.157 [reactor-http-nio-4] DEBUG o.s.c.c.CharSequenceEncoder - [8bf09cf4] Writing "105. foo bar"
22:42:27.158 [reactor-http-nio-4] DEBUG o.s.c.c.CharSequenceEncoder - [8bf09cf4] Writing "106. foo bar"
22:42:27.158 [reactor-http-nio-4] DEBUG o.s.c.c.CharSequenceEncoder - [8bf09cf4] Writing "107. foo bar"
22:42:27.158 [reactor-http-nio-4] DEBUG o.s.c.c.CharSequenceEncoder - [8bf09cf4] Writing "108. foo bar"
22:42:27.159 [reactor-http-nio-4] DEBUG o.s.c.c.CharSequenceEncoder - [8bf09cf4] Writing "109. foo bar"
22:42:27.159 [reactor-http-nio-4] DEBUG o.s.c.c.CharSequenceEncoder - [8bf09cf4] Writing "110. foo bar"
22:42:27.159 [reactor-http-nio-4] DEBUG o.s.c.c.CharSequenceEncoder - [8bf09cf4] Writing "111. foo bar"
22:42:27.159 [reactor-http-nio-4] DEBUG o.s.c.c.CharSequenceEncoder - [8bf09cf4] Writing "112. foo bar"
22:42:27.160 [reactor-http-nio-4] DEBUG o.s.c.c.CharSequenceEncoder - [8bf09cf4] Writing "113. foo bar"
22:42:27.160 [reactor-http-nio-4] DEBUG o.s.c.c.CharSequenceEncoder - [8bf09cf4] Writing "114. foo bar"
22:42:27.160 [reactor-http-nio-4] DEBUG o.s.c.c.CharSequenceEncoder - [8bf09cf4] Writing "115. foo bar"
22:42:27.161 [reactor-http-nio-4] DEBUG o.s.c.c.CharSequenceEncoder - [8bf09cf4] Writing "116. foo bar"
22:42:27.161 [reactor-http-nio-4] DEBUG o.s.c.c.CharSequenceEncoder - [8bf09cf4] Writing "117. foo bar"
22:42:27.161 [reactor-http-nio-4] DEBUG o.s.c.c.CharSequenceEncoder - [8bf09cf4] Writing "118. foo bar"
22:42:27.161 [reactor-http-nio-4] DEBUG o.s.c.c.CharSequenceEncoder - [8bf09cf4] Writing "119. foo bar"
22:42:27.162 [reactor-http-nio-4] DEBUG o.s.c.c.CharSequenceEncoder - [8bf09cf4] Writing "120. foo bar"
22:42:27.162 [reactor-http-nio-4] DEBUG o.s.c.c.CharSequenceEncoder - [8bf09cf4] Writing "121. foo bar"
22:42:27.163 [reactor-http-nio-4] DEBUG o.s.c.c.CharSequenceEncoder - [8bf09cf4] Writing "122. foo bar"
22:42:27.163 [reactor-http-nio-4] DEBUG o.s.c.c.CharSequenceEncoder - [8bf09cf4] Writing "123. foo bar"
22:42:27.163 [reactor-http-nio-4] DEBUG o.s.c.c.CharSequenceEncoder - [8bf09cf4] Writing "124. foo bar"
22:42:27.164 [reactor-http-nio-4] DEBUG o.s.c.c.CharSequenceEncoder - [8bf09cf4] Writing "125. foo bar"
22:42:27.164 [reactor-http-nio-4] DEBUG o.s.c.c.CharSequenceEncoder - [8bf09cf4] Writing "126. foo bar"
22:42:27.165 [reactor-http-nio-4] DEBUG o.s.c.c.CharSequenceEncoder - [8bf09cf4] Writing "127. foo bar"
22:42:27.165 [reactor-http-nio-4] DEBUG o.s.c.c.CharSequenceEncoder - [8bf09cf4] Writing "128. foo bar"
22:42:27.168 [Test worker] DEBUG o.s.w.c.RestTemplate - Reading to [java.lang.String] as "text/plain;charset=UTF-8"
22:42:27.171 [reactor-http-nio-4] DEBUG o.s.c.c.CharSequenceEncoder - [8bf09cf4] Writing "129. foo bar"
22:42:27.171 [reactor-http-nio-4] DEBUG o.s.c.c.CharSequenceEncoder - [8bf09cf4] Writing "130. foo bar"
22:42:27.171 [reactor-http-nio-4] DEBUG o.s.c.c.CharSequenceEncoder - [8bf09cf4] Writing "131. foo bar"
22:42:27.171 [reactor-http-nio-4] DEBUG o.s.c.c.CharSequenceEncoder - [8bf09cf4] Writing "132. foo bar"
22:42:27.171 [reactor-http-nio-4] DEBUG o.s.c.c.CharSequenceEncoder - [8bf09cf4] Writing "133. foo bar"
22:42:27.171 [reactor-http-nio-4] DEBUG o.s.c.c.CharSequenceEncoder - [8bf09cf4] Writing "134. foo bar"
22:42:27.171 [reactor-http-nio-4] DEBUG o.s.c.c.CharSequenceEncoder - [8bf09cf4] Writing "135. foo bar"
22:42:27.171 [reactor-http-nio-4] DEBUG o.s.c.c.CharSequenceEncoder - [8bf09cf4] Writing "136. foo bar"
22:42:27.171 [reactor-http-nio-4] DEBUG o.s.c.c.CharSequenceEncoder - [8bf09cf4] Writing "137. foo bar"
22:42:27.171 [reactor-http-nio-4] DEBUG o.s.c.c.CharSequenceEncoder - [8bf09cf4] Writing "138. foo bar"
22:42:27.171 [reactor-http-nio-4] DEBUG o.s.c.c.CharSequenceEncoder - [8bf09cf4] Writing "139. foo bar"
22:42:27.172 [reactor-http-nio-4] DEBUG o.s.c.c.CharSequenceEncoder - [8bf09cf4] Writing "140. foo bar"
22:42:27.172 [reactor-http-nio-4] DEBUG o.s.c.c.CharSequenceEncoder - [8bf09cf4] Writing "141. foo bar"
22:42:27.172 [reactor-http-nio-4] DEBUG o.s.c.c.CharSequenceEncoder - [8bf09cf4] Writing "142. foo bar"
22:42:27.172 [reactor-http-nio-4] DEBUG o.s.c.c.CharSequenceEncoder - [8bf09cf4] Writing "143. foo bar"
22:42:27.172 [reactor-http-nio-4] DEBUG o.s.c.c.CharSequenceEncoder - [8bf09cf4] Writing "144. foo bar"
22:42:27.172 [reactor-http-nio-4] DEBUG o.s.c.c.CharSequenceEncoder - [8bf09cf4] Writing "145. foo bar"
22:42:27.172 [reactor-http-nio-4] DEBUG o.s.c.c.CharSequenceEncoder - [8bf09cf4] Writing "146. foo bar"
22:42:27.172 [reactor-http-nio-4] DEBUG o.s.c.c.CharSequenceEncoder - [8bf09cf4] Writing "147. foo bar"
22:42:27.172 [reactor-http-nio-4] DEBUG o.s.c.c.CharSequenceEncoder - [8bf09cf4] Writing "148. foo bar"
22:42:27.172 [reactor-http-nio-4] DEBUG o.s.c.c.CharSequenceEncoder - [8bf09cf4] Writing "149. foo bar"
22:42:27.172 [reactor-http-nio-4] DEBUG o.s.c.c.CharSequenceEncoder - [8bf09cf4] Writing "150. foo bar"
22:42:27.172 [reactor-http-nio-4] DEBUG o.s.c.c.CharSequenceEncoder - [8bf09cf4] Writing "151. foo bar"
22:42:27.172 [reactor-http-nio-4] DEBUG o.s.c.c.CharSequenceEncoder - [8bf09cf4] Writing "152. foo bar"
22:42:27.172 [reactor-http-nio-4] DEBUG o.s.c.c.CharSequenceEncoder - [8bf09cf4] Writing "153. foo bar"
22:42:27.172 [reactor-http-nio-4] DEBUG o.s.c.c.CharSequenceEncoder - [8bf09cf4] Writing "154. foo bar"
22:42:27.172 [reactor-http-nio-4] DEBUG o.s.c.c.CharSequenceEncoder - [8bf09cf4] Writing "155. foo bar"
22:42:27.172 [reactor-http-nio-4] DEBUG o.s.c.c.CharSequenceEncoder - [8bf09cf4] Writing "156. foo bar"
22:42:27.172 [reactor-http-nio-4] DEBUG o.s.c.c.CharSequenceEncoder - [8bf09cf4] Writing "157. foo bar"
22:42:27.173 [reactor-http-nio-4] DEBUG o.s.c.c.CharSequenceEncoder - [8bf09cf4] Writing "158. foo bar"
22:42:27.173 [reactor-http-nio-4] DEBUG o.s.c.c.CharSequenceEncoder - [8bf09cf4] Writing "159. foo bar"
22:42:27.173 [reactor-http-nio-4] DEBUG o.s.c.c.CharSequenceEncoder - [8bf09cf4] Writing "160. foo bar"
22:42:27.173 [reactor-http-nio-4] DEBUG o.s.c.c.CharSequenceEncoder - [8bf09cf4] Writing "161. foo bar"
22:42:27.173 [reactor-http-nio-4] DEBUG o.s.c.c.CharSequenceEncoder - [8bf09cf4] Writing "162. foo bar"
22:42:27.173 [reactor-http-nio-4] DEBUG o.s.c.c.CharSequenceEncoder - [8bf09cf4] Writing "163. foo bar"
22:42:27.173 [reactor-http-nio-4] DEBUG o.s.c.c.CharSequenceEncoder - [8bf09cf4] Writing "164. foo bar"
22:42:27.173 [reactor-http-nio-4] DEBUG o.s.c.c.CharSequenceEncoder - [8bf09cf4] Writing "165. foo bar"
22:42:27.173 [reactor-http-nio-4] DEBUG o.s.c.c.CharSequenceEncoder - [8bf09cf4] Writing "166. foo bar"
22:42:27.173 [reactor-http-nio-4] DEBUG o.s.c.c.CharSequenceEncoder - [8bf09cf4] Writing "167. foo bar"
22:42:27.173 [reactor-http-nio-4] DEBUG o.s.c.c.CharSequenceEncoder - [8bf09cf4] Writing "168. foo bar"
22:42:27.173 [reactor-http-nio-4] DEBUG o.s.c.c.CharSequenceEncoder - [8bf09cf4] Writing "169. foo bar"
22:42:27.173 [reactor-http-nio-4] DEBUG o.s.c.c.CharSequenceEncoder - [8bf09cf4] Writing "170. foo bar"
22:42:27.173 [reactor-http-nio-4] DEBUG o.s.c.c.CharSequenceEncoder - [8bf09cf4] Writing "171. foo bar"
22:42:27.173 [reactor-http-nio-4] DEBUG o.s.c.c.CharSequenceEncoder - [8bf09cf4] Writing "172. foo bar"
22:42:27.173 [reactor-http-nio-4] DEBUG o.s.c.c.CharSequenceEncoder - [8bf09cf4] Writing "173. foo bar"
22:42:27.173 [reactor-http-nio-4] DEBUG o.s.c.c.CharSequenceEncoder - [8bf09cf4] Writing "174. foo bar"
22:42:27.173 [reactor-http-nio-4] DEBUG o.s.c.c.CharSequenceEncoder - [8bf09cf4] Writing "175. foo bar"
22:42:27.173 [reactor-http-nio-4] DEBUG o.s.c.c.CharSequenceEncoder - [8bf09cf4] Writing "176. foo bar"
22:42:27.174 [reactor-http-nio-4] DEBUG o.s.c.c.CharSequenceEncoder - [8bf09cf4] Writing "177. foo bar"
22:42:27.174 [reactor-http-nio-4] DEBUG o.s.c.c.CharSequenceEncoder - [8bf09cf4] Writing "178. foo bar"
22:42:27.174 [reactor-http-nio-4] DEBUG o.s.c.c.CharSequenceEncoder - [8bf09cf4] Writing "179. foo bar"
22:42:27.174 [reactor-http-nio-4] DEBUG o.s.c.c.CharSequenceEncoder - [8bf09cf4] Writing "180. foo bar"
22:42:27.174 [reactor-http-nio-4] DEBUG o.s.c.c.CharSequenceEncoder - [8bf09cf4] Writing "181. foo bar"
22:42:27.174 [reactor-http-nio-4] DEBUG o.s.c.c.CharSequenceEncoder - [8bf09cf4] Writing "182. foo bar"
22:42:27.174 [reactor-http-nio-4] DEBUG o.s.c.c.CharSequenceEncoder - [8bf09cf4] Writing "183. foo bar"
22:42:27.174 [reactor-http-nio-4] DEBUG o.s.c.c.CharSequenceEncoder - [8bf09cf4] Writing "184. foo bar"
22:42:27.174 [reactor-http-nio-4] DEBUG o.s.c.c.CharSequenceEncoder - [8bf09cf4] Writing "185. foo bar"
22:42:27.174 [reactor-http-nio-4] DEBUG o.s.c.c.CharSequenceEncoder - [8bf09cf4] Writing "186. foo bar"
22:42:27.174 [reactor-http-nio-4] DEBUG o.s.c.c.CharSequenceEncoder - [8bf09cf4] Writing "187. foo bar"
22:42:27.174 [reactor-http-nio-4] DEBUG o.s.c.c.CharSequenceEncoder - [8bf09cf4] Writing "188. foo bar"
22:42:27.174 [reactor-http-nio-4] DEBUG o.s.c.c.CharSequenceEncoder - [8bf09cf4] Writing "189. foo bar"
22:42:27.174 [reactor-http-nio-4] DEBUG o.s.c.c.CharSequenceEncoder - [8bf09cf4] Writing "190. foo bar"
22:42:27.174 [reactor-http-nio-4] DEBUG o.s.c.c.CharSequenceEncoder - [8bf09cf4] Writing "191. foo bar"
22:42:27.174 [reactor-http-nio-4] DEBUG o.s.c.c.CharSequenceEncoder - [8bf09cf4] Writing "192. foo bar"
22:42:27.182 [reactor-http-nio-4] DEBUG o.s.c.c.CharSequenceEncoder - [8bf09cf4] Writing "193. foo bar"
22:42:27.182 [reactor-http-nio-4] DEBUG o.s.c.c.CharSequenceEncoder - [8bf09cf4] Writing "194. foo bar"
22:42:27.182 [reactor-http-nio-4] DEBUG o.s.c.c.CharSequenceEncoder - [8bf09cf4] Writing "195. foo bar"
22:42:27.182 [reactor-http-nio-4] DEBUG o.s.c.c.CharSequenceEncoder - [8bf09cf4] Writing "196. foo bar"
22:42:27.182 [reactor-http-nio-4] DEBUG o.s.c.c.CharSequenceEncoder - [8bf09cf4] Writing "197. foo bar"
22:42:27.182 [reactor-http-nio-4] DEBUG o.s.c.c.CharSequenceEncoder - [8bf09cf4] Writing "198. foo bar"
22:42:27.182 [reactor-http-nio-4] DEBUG o.s.c.c.CharSequenceEncoder - [8bf09cf4] Writing "199. foo bar"
22:42:27.182 [reactor-http-nio-4] DEBUG o.s.c.c.CharSequenceEncoder - [8bf09cf4] Writing "200. foo bar"
22:42:27.182 [reactor-http-nio-4] DEBUG o.s.c.c.CharSequenceEncoder - [8bf09cf4] Writing "201. foo bar"
22:42:27.182 [reactor-http-nio-4] DEBUG o.s.c.c.CharSequenceEncoder - [8bf09cf4] Writing "202. foo bar"
22:42:27.182 [reactor-http-nio-4] DEBUG o.s.c.c.CharSequenceEncoder - [8bf09cf4] Writing "203. foo bar"
22:42:27.182 [reactor-http-nio-4] DEBUG o.s.c.c.CharSequenceEncoder - [8bf09cf4] Writing "204. foo bar"
22:42:27.182 [reactor-http-nio-4] DEBUG o.s.c.c.CharSequenceEncoder - [8bf09cf4] Writing "205. foo bar"
22:42:27.182 [reactor-http-nio-4] DEBUG o.s.c.c.CharSequenceEncoder - [8bf09cf4] Writing "206. foo bar"
22:42:27.182 [reactor-http-nio-4] DEBUG o.s.c.c.CharSequenceEncoder - [8bf09cf4] Writing "207. foo bar"
22:42:27.182 [reactor-http-nio-4] DEBUG o.s.c.c.CharSequenceEncoder - [8bf09cf4] Writing "208. foo bar"
22:42:27.182 [reactor-http-nio-4] DEBUG o.s.c.c.CharSequenceEncoder - [8bf09cf4] Writing "209. foo bar"
22:42:27.182 [reactor-http-nio-4] DEBUG o.s.c.c.CharSequenceEncoder - [8bf09cf4] Writing "210. foo bar"
22:42:27.182 [reactor-http-nio-4] DEBUG o.s.c.c.CharSequenceEncoder - [8bf09cf4] Writing "211. foo bar"
22:42:27.182 [reactor-http-nio-4] DEBUG o.s.c.c.CharSequenceEncoder - [8bf09cf4] Writing "212. foo bar"
22:42:27.182 [reactor-http-nio-4] DEBUG o.s.c.c.CharSequenceEncoder - [8bf09cf4] Writing "213. foo bar"
22:42:27.182 [reactor-http-nio-4] DEBUG o.s.c.c.CharSequenceEncoder - [8bf09cf4] Writing "214. foo bar"
22:42:27.182 [reactor-http-nio-4] DEBUG o.s.c.c.CharSequenceEncoder - [8bf09cf4] Writing "215. foo bar"
22:42:27.182 [reactor-http-nio-4] DEBUG o.s.c.c.CharSequenceEncoder - [8bf09cf4] Writing "216. foo bar"
22:42:27.182 [reactor-http-nio-4] DEBUG o.s.c.c.CharSequenceEncoder - [8bf09cf4] Writing "217. foo bar"
22:42:27.182 [reactor-http-nio-4] DEBUG o.s.c.c.CharSequenceEncoder - [8bf09cf4] Writing "218. foo bar"
22:42:27.182 [reactor-http-nio-4] DEBUG o.s.c.c.CharSequenceEncoder - [8bf09cf4] Writing "219. foo bar"
22:42:27.182 [reactor-http-nio-4] DEBUG o.s.c.c.CharSequenceEncoder - [8bf09cf4] Writing "220. foo bar"
22:42:27.182 [reactor-http-nio-4] DEBUG o.s.c.c.CharSequenceEncoder - [8bf09cf4] Writing "221. foo bar"
22:42:27.182 [reactor-http-nio-4] DEBUG o.s.c.c.CharSequenceEncoder - [8bf09cf4] Writing "222. foo bar"
22:42:27.182 [reactor-http-nio-4] DEBUG o.s.c.c.CharSequenceEncoder - [8bf09cf4] Writing "223. foo bar"
22:42:27.182 [reactor-http-nio-4] DEBUG o.s.c.c.CharSequenceEncoder - [8bf09cf4] Writing "224. foo bar"
22:42:27.182 [reactor-http-nio-4] DEBUG o.s.c.c.CharSequenceEncoder - [8bf09cf4] Writing "225. foo bar"
22:42:27.182 [reactor-http-nio-4] DEBUG o.s.c.c.CharSequenceEncoder - [8bf09cf4] Writing "226. foo bar"
22:42:27.182 [reactor-http-nio-4] DEBUG o.s.c.c.CharSequenceEncoder - [8bf09cf4] Writing "227. foo bar"
22:42:27.182 [reactor-http-nio-4] DEBUG o.s.c.c.CharSequenceEncoder - [8bf09cf4] Writing "228. foo bar"
22:42:27.182 [reactor-http-nio-4] DEBUG o.s.c.c.CharSequenceEncoder - [8bf09cf4] Writing "229. foo bar"
22:42:27.183 [reactor-http-nio-4] DEBUG o.s.c.c.CharSequenceEncoder - [8bf09cf4] Writing "230. foo bar"
22:42:27.183 [reactor-http-nio-4] DEBUG o.s.c.c.CharSequenceEncoder - [8bf09cf4] Writing "231. foo bar"
22:42:27.183 [reactor-http-nio-4] DEBUG o.s.c.c.CharSequenceEncoder - [8bf09cf4] Writing "232. foo bar"
22:42:27.183 [reactor-http-nio-4] DEBUG o.s.c.c.CharSequenceEncoder - [8bf09cf4] Writing "233. foo bar"
22:42:27.183 [reactor-http-nio-4] DEBUG o.s.c.c.CharSequenceEncoder - [8bf09cf4] Writing "234. foo bar"
22:42:27.183 [reactor-http-nio-4] DEBUG o.s.c.c.CharSequenceEncoder - [8bf09cf4] Writing "235. foo bar"
22:42:27.183 [reactor-http-nio-4] DEBUG o.s.c.c.CharSequenceEncoder - [8bf09cf4] Writing "236. foo bar"
22:42:27.183 [reactor-http-nio-4] DEBUG o.s.c.c.CharSequenceEncoder - [8bf09cf4] Writing "237. foo bar"
22:42:27.183 [reactor-http-nio-4] DEBUG o.s.c.c.CharSequenceEncoder - [8bf09cf4] Writing "238. foo bar"
22:42:27.183 [reactor-http-nio-4] DEBUG o.s.c.c.CharSequenceEncoder - [8bf09cf4] Writing "239. foo bar"
22:42:27.183 [reactor-http-nio-4] DEBUG o.s.c.c.CharSequenceEncoder - [8bf09cf4] Writing "240. foo bar"
22:42:27.183 [reactor-http-nio-4] DEBUG o.s.c.c.CharSequenceEncoder - [8bf09cf4] Writing "241. foo bar"
22:42:27.183 [reactor-http-nio-4] DEBUG o.s.c.c.CharSequenceEncoder - [8bf09cf4] Writing "242. foo bar"
22:42:27.183 [reactor-http-nio-4] DEBUG o.s.c.c.CharSequenceEncoder - [8bf09cf4] Writing "243. foo bar"
22:42:27.183 [reactor-http-nio-4] DEBUG o.s.c.c.CharSequenceEncoder - [8bf09cf4] Writing "244. foo bar"
22:42:27.183 [reactor-http-nio-4] DEBUG o.s.c.c.CharSequenceEncoder - [8bf09cf4] Writing "245. foo bar"
22:42:27.183 [reactor-http-nio-4] DEBUG o.s.c.c.CharSequenceEncoder - [8bf09cf4] Writing "246. foo bar"
22:42:27.183 [reactor-http-nio-4] DEBUG o.s.c.c.CharSequenceEncoder - [8bf09cf4] Writing "247. foo bar"
22:42:27.183 [reactor-http-nio-4] DEBUG o.s.c.c.CharSequenceEncoder - [8bf09cf4] Writing "248. foo bar"
22:42:27.183 [reactor-http-nio-4] DEBUG o.s.c.c.CharSequenceEncoder - [8bf09cf4] Writing "249. foo bar"
22:42:27.183 [reactor-http-nio-4] DEBUG o.s.c.c.CharSequenceEncoder - [8bf09cf4] Writing "250. foo bar"
22:42:27.183 [reactor-http-nio-4] DEBUG o.s.c.c.CharSequenceEncoder - [8bf09cf4] Writing "251. foo bar"
22:42:27.183 [reactor-http-nio-4] DEBUG o.s.c.c.CharSequenceEncoder - [8bf09cf4] Writing "252. foo bar"
22:42:27.183 [reactor-http-nio-4] DEBUG o.s.c.c.CharSequenceEncoder - [8bf09cf4] Writing "253. foo bar"
22:42:27.183 [reactor-http-nio-4] DEBUG o.s.c.c.CharSequenceEncoder - [8bf09cf4] Writing "254. foo bar"
22:42:27.184 [reactor-http-nio-4] DEBUG o.s.c.c.CharSequenceEncoder - [8bf09cf4] Writing "255. foo bar"
22:42:27.184 [reactor-http-nio-4] DEBUG o.s.c.c.CharSequenceEncoder - [8bf09cf4] Writing "256. foo bar"
22:42:27.192 [reactor-http-nio-4] DEBUG o.s.c.c.CharSequenceEncoder - [8bf09cf4] Writing "257. foo bar"
22:42:27.192 [reactor-http-nio-4] DEBUG o.s.c.c.CharSequenceEncoder - [8bf09cf4] Writing "258. foo bar"
22:42:27.192 [reactor-http-nio-4] DEBUG o.s.c.c.CharSequenceEncoder - [8bf09cf4] Writing "259. foo bar"
22:42:27.192 [reactor-http-nio-4] DEBUG o.s.c.c.CharSequenceEncoder - [8bf09cf4] Writing "260. foo bar"
22:42:27.192 [reactor-http-nio-4] DEBUG o.s.c.c.CharSequenceEncoder - [8bf09cf4] Writing "261. foo bar"
22:42:27.192 [reactor-http-nio-4] DEBUG o.s.c.c.CharSequenceEncoder - [8bf09cf4] Writing "262. foo bar"
22:42:27.192 [reactor-http-nio-4] DEBUG o.s.c.c.CharSequenceEncoder - [8bf09cf4] Writing "263. foo bar"
22:42:27.192 [reactor-http-nio-4] DEBUG o.s.c.c.CharSequenceEncoder - [8bf09cf4] Writing "264. foo bar"
22:42:27.192 [reactor-http-nio-4] DEBUG o.s.c.c.CharSequenceEncoder - [8bf09cf4] Writing "265. foo bar"
22:42:27.192 [reactor-http-nio-4] DEBUG o.s.c.c.CharSequenceEncoder - [8bf09cf4] Writing "266. foo bar"
22:42:27.192 [reactor-http-nio-4] DEBUG o.s.c.c.CharSequenceEncoder - [8bf09cf4] Writing "267. foo bar"
22:42:27.192 [reactor-http-nio-4] DEBUG o.s.c.c.CharSequenceEncoder - [8bf09cf4] Writing "268. foo bar"
22:42:27.192 [reactor-http-nio-4] DEBUG o.s.c.c.CharSequenceEncoder - [8bf09cf4] Writing "269. foo bar"
22:42:27.192 [reactor-http-nio-4] DEBUG o.s.c.c.CharSequenceEncoder - [8bf09cf4] Writing "270. foo bar"
22:42:27.192 [reactor-http-nio-4] DEBUG o.s.c.c.CharSequenceEncoder - [8bf09cf4] Writing "271. foo bar"
22:42:27.192 [reactor-http-nio-4] DEBUG o.s.c.c.CharSequenceEncoder - [8bf09cf4] Writing "272. foo bar"
22:42:27.193 [reactor-http-nio-4] DEBUG o.s.c.c.CharSequenceEncoder - [8bf09cf4] Writing "273. foo bar"
22:42:27.193 [reactor-http-nio-4] DEBUG o.s.c.c.CharSequenceEncoder - [8bf09cf4] Writing "274. foo bar"
22:42:27.193 [reactor-http-nio-4] DEBUG o.s.c.c.CharSequenceEncoder - [8bf09cf4] Writing "275. foo bar"
22:42:27.193 [reactor-http-nio-4] DEBUG o.s.c.c.CharSequenceEncoder - [8bf09cf4] Writing "276. foo bar"
22:42:27.193 [reactor-http-nio-4] DEBUG o.s.c.c.CharSequenceEncoder - [8bf09cf4] Writing "277. foo bar"
22:42:27.193 [reactor-http-nio-4] DEBUG o.s.c.c.CharSequenceEncoder - [8bf09cf4] Writing "278. foo bar"
22:42:27.193 [reactor-http-nio-4] DEBUG o.s.c.c.CharSequenceEncoder - [8bf09cf4] Writing "279. foo bar"
22:42:27.193 [reactor-http-nio-4] DEBUG o.s.c.c.CharSequenceEncoder - [8bf09cf4] Writing "280. foo bar"
22:42:27.193 [reactor-http-nio-4] DEBUG o.s.c.c.CharSequenceEncoder - [8bf09cf4] Writing "281. foo bar"
22:42:27.193 [reactor-http-nio-4] DEBUG o.s.c.c.CharSequenceEncoder - [8bf09cf4] Writing "282. foo bar"
22:42:27.193 [reactor-http-nio-4] DEBUG o.s.c.c.CharSequenceEncoder - [8bf09cf4] Writing "283. foo bar"
22:42:27.193 [reactor-http-nio-4] DEBUG o.s.c.c.CharSequenceEncoder - [8bf09cf4] Writing "284. foo bar"
22:42:27.193 [reactor-http-nio-4] DEBUG o.s.c.c.CharSequenceEncoder - [8bf09cf4] Writing "285. foo bar"
22:42:27.193 [reactor-http-nio-4] DEBUG o.s.c.c.CharSequenceEncoder - [8bf09cf4] Writing "286. foo bar"
22:42:27.193 [reactor-http-nio-4] DEBUG o.s.c.c.CharSequenceEncoder - [8bf09cf4] Writing "287. foo bar"
22:42:27.193 [reactor-http-nio-4] DEBUG o.s.c.c.CharSequenceEncoder - [8bf09cf4] Writing "288. foo bar"
22:42:27.193 [reactor-http-nio-4] DEBUG o.s.c.c.CharSequenceEncoder - [8bf09cf4] Writing "289. foo bar"
22:42:27.193 [reactor-http-nio-4] DEBUG o.s.c.c.CharSequenceEncoder - [8bf09cf4] Writing "290. foo bar"
22:42:27.193 [reactor-http-nio-4] DEBUG o.s.c.c.CharSequenceEncoder - [8bf09cf4] Writing "291. foo bar"
22:42:27.193 [reactor-http-nio-4] DEBUG o.s.c.c.CharSequenceEncoder - [8bf09cf4] Writing "292. foo bar"
22:42:27.194 [reactor-http-nio-4] DEBUG o.s.c.c.CharSequenceEncoder - [8bf09cf4] Writing "293. foo bar"
22:42:27.194 [reactor-http-nio-4] DEBUG o.s.c.c.CharSequenceEncoder - [8bf09cf4] Writing "294. foo bar"
22:42:27.194 [reactor-http-nio-4] DEBUG o.s.c.c.CharSequenceEncoder - [8bf09cf4] Writing "295. foo bar"
22:42:27.194 [reactor-http-nio-4] DEBUG o.s.c.c.CharSequenceEncoder - [8bf09cf4] Writing "296. foo bar"
22:42:27.194 [reactor-http-nio-4] DEBUG o.s.c.c.CharSequenceEncoder - [8bf09cf4] Writing "297. foo bar"
22:42:27.194 [reactor-http-nio-4] DEBUG o.s.c.c.CharSequenceEncoder - [8bf09cf4] Writing "298. foo bar"
22:42:27.194 [reactor-http-nio-4] DEBUG o.s.c.c.CharSequenceEncoder - [8bf09cf4] Writing "299. foo bar"
22:42:27.194 [reactor-http-nio-4] DEBUG o.s.c.c.CharSequenceEncoder - [8bf09cf4] Writing "300. foo bar"
22:42:27.194 [reactor-http-nio-4] DEBUG o.s.c.c.CharSequenceEncoder - [8bf09cf4] Writing "301. foo bar"
22:42:27.194 [reactor-http-nio-4] DEBUG o.s.c.c.CharSequenceEncoder - [8bf09cf4] Writing "302. foo bar"
22:42:27.194 [reactor-http-nio-4] DEBUG o.s.c.c.CharSequenceEncoder - [8bf09cf4] Writing "303. foo bar"
22:42:27.194 [reactor-http-nio-4] DEBUG o.s.c.c.CharSequenceEncoder - [8bf09cf4] Writing "304. foo bar"
22:42:27.194 [reactor-http-nio-4] DEBUG o.s.c.c.CharSequenceEncoder - [8bf09cf4] Writing "305. foo bar"
22:42:27.194 [reactor-http-nio-4] DEBUG o.s.c.c.CharSequenceEncoder - [8bf09cf4] Writing "306. foo bar"
22:42:27.194 [reactor-http-nio-4] DEBUG o.s.c.c.CharSequenceEncoder - [8bf09cf4] Writing "307. foo bar"
22:42:27.194 [reactor-http-nio-4] DEBUG o.s.c.c.CharSequenceEncoder - [8bf09cf4] Writing "308. foo bar"
22:42:27.194 [reactor-http-nio-4] DEBUG o.s.c.c.CharSequenceEncoder - [8bf09cf4] Writing "309. foo bar"
22:42:27.194 [reactor-http-nio-4] DEBUG o.s.c.c.CharSequenceEncoder - [8bf09cf4] Writing "310. foo bar"
22:42:27.194 [reactor-http-nio-4] DEBUG o.s.c.c.CharSequenceEncoder - [8bf09cf4] Writing "311. foo bar"
22:42:27.194 [reactor-http-nio-4] DEBUG o.s.c.c.CharSequenceEncoder - [8bf09cf4] Writing "312. foo bar"
22:42:27.194 [reactor-http-nio-4] DEBUG o.s.c.c.CharSequenceEncoder - [8bf09cf4] Writing "313. foo bar"
22:42:27.194 [reactor-http-nio-4] DEBUG o.s.c.c.CharSequenceEncoder - [8bf09cf4] Writing "314. foo bar"
22:42:27.194 [reactor-http-nio-4] DEBUG o.s.c.c.CharSequenceEncoder - [8bf09cf4] Writing "315. foo bar"
22:42:27.194 [reactor-http-nio-4] DEBUG o.s.c.c.CharSequenceEncoder - [8bf09cf4] Writing "316. foo bar"
22:42:27.194 [reactor-http-nio-4] DEBUG o.s.c.c.CharSequenceEncoder - [8bf09cf4] Writing "317. foo bar"
22:42:27.194 [reactor-http-nio-4] DEBUG o.s.c.c.CharSequenceEncoder - [8bf09cf4] Writing "318. foo bar"
22:42:27.194 [reactor-http-nio-4] DEBUG o.s.c.c.CharSequenceEncoder - [8bf09cf4] Writing "319. foo bar"
22:42:27.194 [reactor-http-nio-4] DEBUG o.s.c.c.CharSequenceEncoder - [8bf09cf4] Writing "320. foo bar"
22:42:27.198 [reactor-http-nio-4] DEBUG o.s.c.c.CharSequenceEncoder - [8bf09cf4] Writing "321. foo bar"
22:42:27.198 [reactor-http-nio-4] DEBUG o.s.c.c.CharSequenceEncoder - [8bf09cf4] Writing "322. foo bar"
22:42:27.198 [reactor-http-nio-4] DEBUG o.s.c.c.CharSequenceEncoder - [8bf09cf4] Writing "323. foo bar"
22:42:27.198 [reactor-http-nio-4] DEBUG o.s.c.c.CharSequenceEncoder - [8bf09cf4] Writing "324. foo bar"
22:42:27.198 [reactor-http-nio-4] DEBUG o.s.c.c.CharSequenceEncoder - [8bf09cf4] Writing "325. foo bar"
22:42:27.198 [reactor-http-nio-4] DEBUG o.s.c.c.CharSequenceEncoder - [8bf09cf4] Writing "326. foo bar"
22:42:27.198 [reactor-http-nio-4] DEBUG o.s.c.c.CharSequenceEncoder - [8bf09cf4] Writing "327. foo bar"
22:42:27.199 [reactor-http-nio-4] DEBUG o.s.c.c.CharSequenceEncoder - [8bf09cf4] Writing "328. foo bar"
22:42:27.199 [reactor-http-nio-4] DEBUG o.s.c.c.CharSequenceEncoder - [8bf09cf4] Writing "329. foo bar"
22:42:27.199 [reactor-http-nio-4] DEBUG o.s.c.c.CharSequenceEncoder - [8bf09cf4] Writing "330. foo bar"
22:42:27.199 [reactor-http-nio-4] DEBUG o.s.c.c.CharSequenceEncoder - [8bf09cf4] Writing "331. foo bar"
22:42:27.199 [reactor-http-nio-4] DEBUG o.s.c.c.CharSequenceEncoder - [8bf09cf4] Writing "332. foo bar"
22:42:27.199 [reactor-http-nio-4] DEBUG o.s.c.c.CharSequenceEncoder - [8bf09cf4] Writing "333. foo bar"
22:42:27.199 [reactor-http-nio-4] DEBUG o.s.c.c.CharSequenceEncoder - [8bf09cf4] Writing "334. foo bar"
22:42:27.199 [reactor-http-nio-4] DEBUG o.s.c.c.CharSequenceEncoder - [8bf09cf4] Writing "335. foo bar"
22:42:27.199 [reactor-http-nio-4] DEBUG o.s.c.c.CharSequenceEncoder - [8bf09cf4] Writing "336. foo bar"
22:42:27.199 [reactor-http-nio-4] DEBUG o.s.c.c.CharSequenceEncoder - [8bf09cf4] Writing "337. foo bar"
22:42:27.199 [reactor-http-nio-4] DEBUG o.s.c.c.CharSequenceEncoder - [8bf09cf4] Writing "338. foo bar"
22:42:27.199 [reactor-http-nio-4] DEBUG o.s.c.c.CharSequenceEncoder - [8bf09cf4] Writing "339. foo bar"
22:42:27.199 [reactor-http-nio-4] DEBUG o.s.c.c.CharSequenceEncoder - [8bf09cf4] Writing "340. foo bar"
22:42:27.199 [reactor-http-nio-4] DEBUG o.s.c.c.CharSequenceEncoder - [8bf09cf4] Writing "341. foo bar"
22:42:27.199 [reactor-http-nio-4] DEBUG o.s.c.c.CharSequenceEncoder - [8bf09cf4] Writing "342. foo bar"
22:42:27.199 [reactor-http-nio-4] DEBUG o.s.c.c.CharSequenceEncoder - [8bf09cf4] Writing "343. foo bar"
22:42:27.199 [reactor-http-nio-4] DEBUG o.s.c.c.CharSequenceEncoder - [8bf09cf4] Writing "344. foo bar"
22:42:27.199 [reactor-http-nio-4] DEBUG o.s.c.c.CharSequenceEncoder - [8bf09cf4] Writing "345. foo bar"
22:42:27.199 [reactor-http-nio-4] DEBUG o.s.c.c.CharSequenceEncoder - [8bf09cf4] Writing "346. foo bar"
22:42:27.199 [reactor-http-nio-4] DEBUG o.s.c.c.CharSequenceEncoder - [8bf09cf4] Writing "347. foo bar"
22:42:27.199 [reactor-http-nio-4] DEBUG o.s.c.c.CharSequenceEncoder - [8bf09cf4] Writing "348. foo bar"
22:42:27.199 [reactor-http-nio-4] DEBUG o.s.c.c.CharSequenceEncoder - [8bf09cf4] Writing "349. foo bar"
22:42:27.199 [reactor-http-nio-4] DEBUG o.s.c.c.CharSequenceEncoder - [8bf09cf4] Writing "350. foo bar"
22:42:27.199 [reactor-http-nio-4] DEBUG o.s.c.c.CharSequenceEncoder - [8bf09cf4] Writing "351. foo bar"
22:42:27.199 [reactor-http-nio-4] DEBUG o.s.c.c.CharSequenceEncoder - [8bf09cf4] Writing "352. foo bar"
22:42:27.199 [reactor-http-nio-4] DEBUG o.s.c.c.CharSequenceEncoder - [8bf09cf4] Writing "353. foo bar"
22:42:27.199 [reactor-http-nio-4] DEBUG o.s.c.c.CharSequenceEncoder - [8bf09cf4] Writing "354. foo bar"
22:42:27.199 [reactor-http-nio-4] DEBUG o.s.c.c.CharSequenceEncoder - [8bf09cf4] Writing "355. foo bar"
22:42:27.199 [reactor-http-nio-4] DEBUG o.s.c.c.CharSequenceEncoder - [8bf09cf4] Writing "356. foo bar"
22:42:27.199 [reactor-http-nio-4] DEBUG o.s.c.c.CharSequenceEncoder - [8bf09cf4] Writing "357. foo bar"
22:42:27.199 [reactor-http-nio-4] DEBUG o.s.c.c.CharSequenceEncoder - [8bf09cf4] Writing "358. foo bar"
22:42:27.199 [reactor-http-nio-4] DEBUG o.s.c.c.CharSequenceEncoder - [8bf09cf4] Writing "359. foo bar"
22:42:27.200 [reactor-http-nio-4] DEBUG o.s.c.c.CharSequenceEncoder - [8bf09cf4] Writing "360. foo bar"
22:42:27.200 [reactor-http-nio-4] DEBUG o.s.c.c.CharSequenceEncoder - [8bf09cf4] Writing "361. foo bar"
22:42:27.200 [reactor-http-nio-4] DEBUG o.s.c.c.CharSequenceEncoder - [8bf09cf4] Writing "362. foo bar"
22:42:27.200 [reactor-http-nio-4] DEBUG o.s.c.c.CharSequenceEncoder - [8bf09cf4] Writing "363. foo bar"
22:42:27.200 [reactor-http-nio-4] DEBUG o.s.c.c.CharSequenceEncoder - [8bf09cf4] Writing "364. foo bar"
22:42:27.200 [reactor-http-nio-4] DEBUG o.s.c.c.CharSequenceEncoder - [8bf09cf4] Writing "365. foo bar"
22:42:27.200 [reactor-http-nio-4] DEBUG o.s.c.c.CharSequenceEncoder - [8bf09cf4] Writing "366. foo bar"
22:42:27.200 [reactor-http-nio-4] DEBUG o.s.c.c.CharSequenceEncoder - [8bf09cf4] Writing "367. foo bar"
22:42:27.200 [reactor-http-nio-4] DEBUG o.s.c.c.CharSequenceEncoder - [8bf09cf4] Writing "368. foo bar"
22:42:27.200 [reactor-http-nio-4] DEBUG o.s.c.c.CharSequenceEncoder - [8bf09cf4] Writing "369. foo bar"
22:42:27.200 [reactor-http-nio-4] DEBUG o.s.c.c.CharSequenceEncoder - [8bf09cf4] Writing "370. foo bar"
22:42:27.200 [reactor-http-nio-4] DEBUG o.s.c.c.CharSequenceEncoder - [8bf09cf4] Writing "371. foo bar"
22:42:27.200 [reactor-http-nio-4] DEBUG o.s.c.c.CharSequenceEncoder - [8bf09cf4] Writing "372. foo bar"
22:42:27.200 [reactor-http-nio-4] DEBUG o.s.c.c.CharSequenceEncoder - [8bf09cf4] Writing "373. foo bar"
22:42:27.200 [reactor-http-nio-4] DEBUG o.s.c.c.CharSequenceEncoder - [8bf09cf4] Writing "374. foo bar"
22:42:27.200 [reactor-http-nio-4] DEBUG o.s.c.c.CharSequenceEncoder - [8bf09cf4] Writing "375. foo bar"
22:42:27.200 [reactor-http-nio-4] DEBUG o.s.c.c.CharSequenceEncoder - [8bf09cf4] Writing "376. foo bar"
22:42:27.200 [reactor-http-nio-4] DEBUG o.s.c.c.CharSequenceEncoder - [8bf09cf4] Writing "377. foo bar"
22:42:27.200 [reactor-http-nio-4] DEBUG o.s.c.c.CharSequenceEncoder - [8bf09cf4] Writing "378. foo bar"
22:42:27.200 [reactor-http-nio-4] DEBUG o.s.c.c.CharSequenceEncoder - [8bf09cf4] Writing "379. foo bar"
22:42:27.200 [reactor-http-nio-4] DEBUG o.s.c.c.CharSequenceEncoder - [8bf09cf4] Writing "380. foo bar"
22:42:27.200 [reactor-http-nio-4] DEBUG o.s.c.c.CharSequenceEncoder - [8bf09cf4] Writing "381. foo bar"
22:42:27.200 [reactor-http-nio-4] DEBUG o.s.c.c.CharSequenceEncoder - [8bf09cf4] Writing "382. foo bar"
22:42:27.200 [reactor-http-nio-4] DEBUG o.s.c.c.CharSequenceEncoder - [8bf09cf4] Writing "383. foo bar"
22:42:27.200 [reactor-http-nio-4] DEBUG o.s.c.c.CharSequenceEncoder - [8bf09cf4] Writing "384. foo bar"
22:42:27.207 [reactor-http-nio-4] DEBUG o.s.c.c.CharSequenceEncoder - [8bf09cf4] Writing "385. foo bar"
22:42:27.207 [reactor-http-nio-4] DEBUG o.s.c.c.CharSequenceEncoder - [8bf09cf4] Writing "386. foo bar"
22:42:27.207 [reactor-http-nio-4] DEBUG o.s.c.c.CharSequenceEncoder - [8bf09cf4] Writing "387. foo bar"
22:42:27.207 [reactor-http-nio-4] DEBUG o.s.c.c.CharSequenceEncoder - [8bf09cf4] Writing "388. foo bar"
22:42:27.207 [reactor-http-nio-4] DEBUG o.s.c.c.CharSequenceEncoder - [8bf09cf4] Writing "389. foo bar"
22:42:27.207 [reactor-http-nio-4] DEBUG o.s.c.c.CharSequenceEncoder - [8bf09cf4] Writing "390. foo bar"
22:42:27.207 [reactor-http-nio-4] DEBUG o.s.c.c.CharSequenceEncoder - [8bf09cf4] Writing "391. foo bar"
22:42:27.207 [reactor-http-nio-4] DEBUG o.s.c.c.CharSequenceEncoder - [8bf09cf4] Writing "392. foo bar"
22:42:27.207 [reactor-http-nio-4] DEBUG o.s.c.c.CharSequenceEncoder - [8bf09cf4] Writing "393. foo bar"
22:42:27.207 [reactor-http-nio-4] DEBUG o.s.c.c.CharSequenceEncoder - [8bf09cf4] Writing "394. foo bar"
22:42:27.207 [reactor-http-nio-4] DEBUG o.s.c.c.CharSequenceEncoder - [8bf09cf4] Writing "395. foo bar"
22:42:27.207 [reactor-http-nio-4] DEBUG o.s.c.c.CharSequenceEncoder - [8bf09cf4] Writing "396. foo bar"
22:42:27.208 [reactor-http-nio-4] DEBUG o.s.c.c.CharSequenceEncoder - [8bf09cf4] Writing "397. foo bar"
22:42:27.208 [reactor-http-nio-4] DEBUG o.s.c.c.CharSequenceEncoder - [8bf09cf4] Writing "398. foo bar"
22:42:27.208 [reactor-http-nio-4] DEBUG o.s.c.c.CharSequenceEncoder - [8bf09cf4] Writing "399. foo bar"
22:42:27.208 [reactor-http-nio-4] DEBUG o.s.c.c.CharSequenceEncoder - [8bf09cf4] Writing "400. foo bar"
22:42:27.208 [reactor-http-nio-4] DEBUG o.s.c.c.CharSequenceEncoder - [8bf09cf4] Writing "401. foo bar"
22:42:27.208 [reactor-http-nio-4] DEBUG o.s.c.c.CharSequenceEncoder - [8bf09cf4] Writing "402. foo bar"
22:42:27.208 [reactor-http-nio-4] DEBUG o.s.c.c.CharSequenceEncoder - [8bf09cf4] Writing "403. foo bar"
22:42:27.208 [reactor-http-nio-4] DEBUG o.s.c.c.CharSequenceEncoder - [8bf09cf4] Writing "404. foo bar"
22:42:27.208 [reactor-http-nio-4] DEBUG o.s.c.c.CharSequenceEncoder - [8bf09cf4] Writing "405. foo bar"
22:42:27.208 [reactor-http-nio-4] DEBUG o.s.c.c.CharSequenceEncoder - [8bf09cf4] Writing "406. foo bar"
22:42:27.208 [reactor-http-nio-4] DEBUG o.s.c.c.CharSequenceEncoder - [8bf09cf4] Writing "407. foo bar"
22:42:27.208 [reactor-http-nio-4] DEBUG o.s.c.c.CharSequenceEncoder - [8bf09cf4] Writing "408. foo bar"
22:42:27.208 [reactor-http-nio-4] DEBUG o.s.c.c.CharSequenceEncoder - [8bf09cf4] Writing "409. foo bar"
22:42:27.208 [reactor-http-nio-4] DEBUG o.s.c.c.CharSequenceEncoder - [8bf09cf4] Writing "410. foo bar"
22:42:27.208 [reactor-http-nio-4] DEBUG o.s.c.c.CharSequenceEncoder - [8bf09cf4] Writing "411. foo bar"
22:42:27.208 [reactor-http-nio-4] DEBUG o.s.c.c.CharSequenceEncoder - [8bf09cf4] Writing "412. foo bar"
22:42:27.208 [reactor-http-nio-4] DEBUG o.s.c.c.CharSequenceEncoder - [8bf09cf4] Writing "413. foo bar"
22:42:27.208 [reactor-http-nio-4] DEBUG o.s.c.c.CharSequenceEncoder - [8bf09cf4] Writing "414. foo bar"
22:42:27.208 [reactor-http-nio-4] DEBUG o.s.c.c.CharSequenceEncoder - [8bf09cf4] Writing "415. foo bar"
22:42:27.208 [reactor-http-nio-4] DEBUG o.s.c.c.CharSequenceEncoder - [8bf09cf4] Writing "416. foo bar"
22:42:27.208 [reactor-http-nio-4] DEBUG o.s.c.c.CharSequenceEncoder - [8bf09cf4] Writing "417. foo bar"
22:42:27.208 [reactor-http-nio-4] DEBUG o.s.c.c.CharSequenceEncoder - [8bf09cf4] Writing "418. foo bar"
22:42:27.208 [reactor-http-nio-4] DEBUG o.s.c.c.CharSequenceEncoder - [8bf09cf4] Writing "419. foo bar"
22:42:27.208 [reactor-http-nio-4] DEBUG o.s.c.c.CharSequenceEncoder - [8bf09cf4] Writing "420. foo bar"
22:42:27.208 [reactor-http-nio-4] DEBUG o.s.c.c.CharSequenceEncoder - [8bf09cf4] Writing "421. foo bar"
22:42:27.208 [reactor-http-nio-4] DEBUG o.s.c.c.CharSequenceEncoder - [8bf09cf4] Writing "422. foo bar"
22:42:27.208 [reactor-http-nio-4] DEBUG o.s.c.c.CharSequenceEncoder - [8bf09cf4] Writing "423. foo bar"
22:42:27.209 [reactor-http-nio-4] DEBUG o.s.c.c.CharSequenceEncoder - [8bf09cf4] Writing "424. foo bar"
22:42:27.209 [reactor-http-nio-4] DEBUG o.s.c.c.CharSequenceEncoder - [8bf09cf4] Writing "425. foo bar"
22:42:27.209 [reactor-http-nio-4] DEBUG o.s.c.c.CharSequenceEncoder - [8bf09cf4] Writing "426. foo bar"
22:42:27.209 [reactor-http-nio-4] DEBUG o.s.c.c.CharSequenceEncoder - [8bf09cf4] Writing "427. foo bar"
22:42:27.209 [reactor-http-nio-4] DEBUG o.s.c.c.CharSequenceEncoder - [8bf09cf4] Writing "428. foo bar"
22:42:27.209 [reactor-http-nio-4] DEBUG o.s.c.c.CharSequenceEncoder - [8bf09cf4] Writing "429. foo bar"
22:42:27.209 [reactor-http-nio-4] DEBUG o.s.c.c.CharSequenceEncoder - [8bf09cf4] Writing "430. foo bar"
22:42:27.209 [reactor-http-nio-4] DEBUG o.s.c.c.CharSequenceEncoder - [8bf09cf4] Writing "431. foo bar"
22:42:27.209 [reactor-http-nio-4] DEBUG o.s.c.c.CharSequenceEncoder - [8bf09cf4] Writing "432. foo bar"
22:42:27.209 [reactor-http-nio-4] DEBUG o.s.c.c.CharSequenceEncoder - [8bf09cf4] Writing "433. foo bar"
22:42:27.209 [reactor-http-nio-4] DEBUG o.s.c.c.CharSequenceEncoder - [8bf09cf4] Writing "434. foo bar"
22:42:27.209 [reactor-http-nio-4] DEBUG o.s.c.c.CharSequenceEncoder - [8bf09cf4] Writing "435. foo bar"
22:42:27.209 [reactor-http-nio-4] DEBUG o.s.c.c.CharSequenceEncoder - [8bf09cf4] Writing "436. foo bar"
22:42:27.209 [reactor-http-nio-4] DEBUG o.s.c.c.CharSequenceEncoder - [8bf09cf4] Writing "437. foo bar"
22:42:27.209 [reactor-http-nio-4] DEBUG o.s.c.c.CharSequenceEncoder - [8bf09cf4] Writing "438. foo bar"
22:42:27.209 [reactor-http-nio-4] DEBUG o.s.c.c.CharSequenceEncoder - [8bf09cf4] Writing "439. foo bar"
22:42:27.209 [reactor-http-nio-4] DEBUG o.s.c.c.CharSequenceEncoder - [8bf09cf4] Writing "440. foo bar"
22:42:27.209 [reactor-http-nio-4] DEBUG o.s.c.c.CharSequenceEncoder - [8bf09cf4] Writing "441. foo bar"
22:42:27.209 [reactor-http-nio-4] DEBUG o.s.c.c.CharSequenceEncoder - [8bf09cf4] Writing "442. foo bar"
22:42:27.209 [reactor-http-nio-4] DEBUG o.s.c.c.CharSequenceEncoder - [8bf09cf4] Writing "443. foo bar"
22:42:27.209 [reactor-http-nio-4] DEBUG o.s.c.c.CharSequenceEncoder - [8bf09cf4] Writing "444. foo bar"
22:42:27.209 [reactor-http-nio-4] DEBUG o.s.c.c.CharSequenceEncoder - [8bf09cf4] Writing "445. foo bar"
22:42:27.209 [reactor-http-nio-4] DEBUG o.s.c.c.CharSequenceEncoder - [8bf09cf4] Writing "446. foo bar"
22:42:27.209 [reactor-http-nio-4] DEBUG o.s.c.c.CharSequenceEncoder - [8bf09cf4] Writing "447. foo bar"
22:42:27.209 [reactor-http-nio-4] DEBUG o.s.c.c.CharSequenceEncoder - [8bf09cf4] Writing "448. foo bar"
22:42:27.213 [reactor-http-nio-4] DEBUG o.s.c.c.CharSequenceEncoder - [8bf09cf4] Writing "449. foo bar"
22:42:27.213 [reactor-http-nio-4] DEBUG o.s.c.c.CharSequenceEncoder - [8bf09cf4] Writing "450. foo bar"
22:42:27.213 [reactor-http-nio-4] DEBUG o.s.c.c.CharSequenceEncoder - [8bf09cf4] Writing "451. foo bar"
22:42:27.213 [reactor-http-nio-4] DEBUG o.s.c.c.CharSequenceEncoder - [8bf09cf4] Writing "452. foo bar"
22:42:27.213 [reactor-http-nio-4] DEBUG o.s.c.c.CharSequenceEncoder - [8bf09cf4] Writing "453. foo bar"
22:42:27.213 [reactor-http-nio-4] DEBUG o.s.c.c.CharSequenceEncoder - [8bf09cf4] Writing "454. foo bar"
22:42:27.213 [reactor-http-nio-4] DEBUG o.s.c.c.CharSequenceEncoder - [8bf09cf4] Writing "455. foo bar"
22:42:27.213 [reactor-http-nio-4] DEBUG o.s.c.c.CharSequenceEncoder - [8bf09cf4] Writing "456. foo bar"
22:42:27.213 [reactor-http-nio-4] DEBUG o.s.c.c.CharSequenceEncoder - [8bf09cf4] Writing "457. foo bar"
22:42:27.213 [reactor-http-nio-4] DEBUG o.s.c.c.CharSequenceEncoder - [8bf09cf4] Writing "458. foo bar"
22:42:27.213 [reactor-http-nio-4] DEBUG o.s.c.c.CharSequenceEncoder - [8bf09cf4] Writing "459. foo bar"
22:42:27.213 [reactor-http-nio-4] DEBUG o.s.c.c.CharSequenceEncoder - [8bf09cf4] Writing "460. foo bar"
22:42:27.213 [reactor-http-nio-4] DEBUG o.s.c.c.CharSequenceEncoder - [8bf09cf4] Writing "461. foo bar"
22:42:27.213 [reactor-http-nio-4] DEBUG o.s.c.c.CharSequenceEncoder - [8bf09cf4] Writing "462. foo bar"
22:42:27.213 [reactor-http-nio-4] DEBUG o.s.c.c.CharSequenceEncoder - [8bf09cf4] Writing "463. foo bar"
22:42:27.213 [reactor-http-nio-4] DEBUG o.s.c.c.CharSequenceEncoder - [8bf09cf4] Writing "464. foo bar"
22:42:27.213 [reactor-http-nio-4] DEBUG o.s.c.c.CharSequenceEncoder - [8bf09cf4] Writing "465. foo bar"
22:42:27.213 [reactor-http-nio-4] DEBUG o.s.c.c.CharSequenceEncoder - [8bf09cf4] Writing "466. foo bar"
22:42:27.213 [reactor-http-nio-4] DEBUG o.s.c.c.CharSequenceEncoder - [8bf09cf4] Writing "467. foo bar"
22:42:27.213 [reactor-http-nio-4] DEBUG o.s.c.c.CharSequenceEncoder - [8bf09cf4] Writing "468. foo bar"
22:42:27.213 [reactor-http-nio-4] DEBUG o.s.c.c.CharSequenceEncoder - [8bf09cf4] Writing "469. foo bar"
22:42:27.213 [reactor-http-nio-4] DEBUG o.s.c.c.CharSequenceEncoder - [8bf09cf4] Writing "470. foo bar"
22:42:27.213 [reactor-http-nio-4] DEBUG o.s.c.c.CharSequenceEncoder - [8bf09cf4] Writing "471. foo bar"
22:42:27.213 [reactor-http-nio-4] DEBUG o.s.c.c.CharSequenceEncoder - [8bf09cf4] Writing "472. foo bar"
22:42:27.213 [reactor-http-nio-4] DEBUG o.s.c.c.CharSequenceEncoder - [8bf09cf4] Writing "473. foo bar"
22:42:27.213 [reactor-http-nio-4] DEBUG o.s.c.c.CharSequenceEncoder - [8bf09cf4] Writing "474. foo bar"
22:42:27.213 [reactor-http-nio-4] DEBUG o.s.c.c.CharSequenceEncoder - [8bf09cf4] Writing "475. foo bar"
22:42:27.213 [reactor-http-nio-4] DEBUG o.s.c.c.CharSequenceEncoder - [8bf09cf4] Writing "476. foo bar"
22:42:27.213 [reactor-http-nio-4] DEBUG o.s.c.c.CharSequenceEncoder - [8bf09cf4] Writing "477. foo bar"
22:42:27.213 [reactor-http-nio-4] DEBUG o.s.c.c.CharSequenceEncoder - [8bf09cf4] Writing "478. foo bar"
22:42:27.213 [reactor-http-nio-4] DEBUG o.s.c.c.CharSequenceEncoder - [8bf09cf4] Writing "479. foo bar"
22:42:27.213 [reactor-http-nio-4] DEBUG o.s.c.c.CharSequenceEncoder - [8bf09cf4] Writing "480. foo bar"
22:42:27.213 [reactor-http-nio-4] DEBUG o.s.c.c.CharSequenceEncoder - [8bf09cf4] Writing "481. foo bar"
22:42:27.214 [reactor-http-nio-4] DEBUG o.s.c.c.CharSequenceEncoder - [8bf09cf4] Writing "482. foo bar"
22:42:27.214 [reactor-http-nio-4] DEBUG o.s.c.c.CharSequenceEncoder - [8bf09cf4] Writing "483. foo bar"
22:42:27.214 [reactor-http-nio-4] DEBUG o.s.c.c.CharSequenceEncoder - [8bf09cf4] Writing "484. foo bar"
22:42:27.214 [reactor-http-nio-4] DEBUG o.s.c.c.CharSequenceEncoder - [8bf09cf4] Writing "485. foo bar"
22:42:27.214 [reactor-http-nio-4] DEBUG o.s.c.c.CharSequenceEncoder - [8bf09cf4] Writing "486. foo bar"
22:42:27.214 [reactor-http-nio-4] DEBUG o.s.c.c.CharSequenceEncoder - [8bf09cf4] Writing "487. foo bar"
22:42:27.214 [reactor-http-nio-4] DEBUG o.s.c.c.CharSequenceEncoder - [8bf09cf4] Writing "488. foo bar"
22:42:27.214 [reactor-http-nio-4] DEBUG o.s.c.c.CharSequenceEncoder - [8bf09cf4] Writing "489. foo bar"
22:42:27.214 [reactor-http-nio-4] DEBUG o.s.c.c.CharSequenceEncoder - [8bf09cf4] Writing "490. foo bar"
22:42:27.214 [reactor-http-nio-4] DEBUG o.s.c.c.CharSequenceEncoder - [8bf09cf4] Writing "491. foo bar"
22:42:27.214 [reactor-http-nio-4] DEBUG o.s.c.c.CharSequenceEncoder - [8bf09cf4] Writing "492. foo bar"
22:42:27.214 [reactor-http-nio-4] DEBUG o.s.c.c.CharSequenceEncoder - [8bf09cf4] Writing "493. foo bar"
22:42:27.214 [reactor-http-nio-4] DEBUG o.s.c.c.CharSequenceEncoder - [8bf09cf4] Writing "494. foo bar"
22:42:27.214 [reactor-http-nio-4] DEBUG o.s.c.c.CharSequenceEncoder - [8bf09cf4] Writing "495. foo bar"
22:42:27.214 [reactor-http-nio-4] DEBUG o.s.c.c.CharSequenceEncoder - [8bf09cf4] Writing "496. foo bar"
22:42:27.214 [reactor-http-nio-4] DEBUG o.s.c.c.CharSequenceEncoder - [8bf09cf4] Writing "497. foo bar"
22:42:27.214 [reactor-http-nio-4] DEBUG o.s.c.c.CharSequenceEncoder - [8bf09cf4] Writing "498. foo bar"
22:42:27.214 [reactor-http-nio-4] DEBUG o.s.c.c.CharSequenceEncoder - [8bf09cf4] Writing "499. foo bar"
22:42:27.214 [reactor-http-nio-4] DEBUG o.s.c.c.CharSequenceEncoder - [8bf09cf4] Writing "500. foo bar"
22:42:27.214 [reactor-http-nio-4] DEBUG o.s.c.c.CharSequenceEncoder - [8bf09cf4] Writing "501. foo bar"
22:42:27.214 [reactor-http-nio-4] DEBUG o.s.c.c.CharSequenceEncoder - [8bf09cf4] Writing "502. foo bar"
22:42:27.214 [reactor-http-nio-4] DEBUG o.s.c.c.CharSequenceEncoder - [8bf09cf4] Writing "503. foo bar"
22:42:27.214 [reactor-http-nio-4] DEBUG o.s.c.c.CharSequenceEncoder - [8bf09cf4] Writing "504. foo bar"
22:42:27.214 [reactor-http-nio-4] DEBUG o.s.c.c.CharSequenceEncoder - [8bf09cf4] Writing "505. foo bar"
22:42:27.214 [reactor-http-nio-4] DEBUG o.s.c.c.CharSequenceEncoder - [8bf09cf4] Writing "506. foo bar"
22:42:27.214 [reactor-http-nio-4] DEBUG o.s.c.c.CharSequenceEncoder - [8bf09cf4] Writing "507. foo bar"
22:42:27.214 [reactor-http-nio-4] DEBUG o.s.c.c.CharSequenceEncoder - [8bf09cf4] Writing "508. foo bar"
22:42:27.214 [reactor-http-nio-4] DEBUG o.s.c.c.CharSequenceEncoder - [8bf09cf4] Writing "509. foo bar"
22:42:27.214 [reactor-http-nio-4] DEBUG o.s.c.c.CharSequenceEncoder - [8bf09cf4] Writing "510. foo bar"
22:42:27.214 [reactor-http-nio-4] DEBUG o.s.c.c.CharSequenceEncoder - [8bf09cf4] Writing "511. foo bar"
22:42:27.214 [reactor-http-nio-4] DEBUG o.s.c.c.CharSequenceEncoder - [8bf09cf4] Writing "512. foo bar"
22:42:27.220 [reactor-http-nio-4] DEBUG o.s.c.c.CharSequenceEncoder - [8bf09cf4] Writing "513. foo bar"
22:42:27.220 [reactor-http-nio-4] DEBUG o.s.c.c.CharSequenceEncoder - [8bf09cf4] Writing "514. foo bar"
22:42:27.220 [reactor-http-nio-4] DEBUG o.s.c.c.CharSequenceEncoder - [8bf09cf4] Writing "515. foo bar"
22:42:27.220 [reactor-http-nio-4] DEBUG o.s.c.c.CharSequenceEncoder - [8bf09cf4] Writing "516. foo bar"
22:42:27.220 [reactor-http-nio-4] DEBUG o.s.c.c.CharSequenceEncoder - [8bf09cf4] Writing "517. foo bar"
22:42:27.220 [reactor-http-nio-4] DEBUG o.s.c.c.CharSequenceEncoder - [8bf09cf4] Writing "518. foo bar"
22:42:27.220 [reactor-http-nio-4] DEBUG o.s.c.c.CharSequenceEncoder - [8bf09cf4] Writing "519. foo bar"
22:42:27.220 [reactor-http-nio-4] DEBUG o.s.c.c.CharSequenceEncoder - [8bf09cf4] Writing "520. foo bar"
22:42:27.220 [reactor-http-nio-4] DEBUG o.s.c.c.CharSequenceEncoder - [8bf09cf4] Writing "521. foo bar"
22:42:27.220 [reactor-http-nio-4] DEBUG o.s.c.c.CharSequenceEncoder - [8bf09cf4] Writing "522. foo bar"
22:42:27.220 [reactor-http-nio-4] DEBUG o.s.c.c.CharSequenceEncoder - [8bf09cf4] Writing "523. foo bar"
22:42:27.220 [reactor-http-nio-4] DEBUG o.s.c.c.CharSequenceEncoder - [8bf09cf4] Writing "524. foo bar"
22:42:27.220 [reactor-http-nio-4] DEBUG o.s.c.c.CharSequenceEncoder - [8bf09cf4] Writing "525. foo bar"
22:42:27.220 [reactor-http-nio-4] DEBUG o.s.c.c.CharSequenceEncoder - [8bf09cf4] Writing "526. foo bar"
22:42:27.220 [reactor-http-nio-4] DEBUG o.s.c.c.CharSequenceEncoder - [8bf09cf4] Writing "527. foo bar"
22:42:27.220 [reactor-http-nio-4] DEBUG o.s.c.c.CharSequenceEncoder - [8bf09cf4] Writing "528. foo bar"
22:42:27.220 [reactor-http-nio-4] DEBUG o.s.c.c.CharSequenceEncoder - [8bf09cf4] Writing "529. foo bar"
22:42:27.220 [reactor-http-nio-4] DEBUG o.s.c.c.CharSequenceEncoder - [8bf09cf4] Writing "530. foo bar"
22:42:27.220 [reactor-http-nio-4] DEBUG o.s.c.c.CharSequenceEncoder - [8bf09cf4] Writing "531. foo bar"
22:42:27.220 [reactor-http-nio-4] DEBUG o.s.c.c.CharSequenceEncoder - [8bf09cf4] Writing "532. foo bar"
22:42:27.220 [reactor-http-nio-4] DEBUG o.s.c.c.CharSequenceEncoder - [8bf09cf4] Writing "533. foo bar"
22:42:27.220 [reactor-http-nio-4] DEBUG o.s.c.c.CharSequenceEncoder - [8bf09cf4] Writing "534. foo bar"
22:42:27.220 [reactor-http-nio-4] DEBUG o.s.c.c.CharSequenceEncoder - [8bf09cf4] Writing "535. foo bar"
22:42:27.220 [reactor-http-nio-4] DEBUG o.s.c.c.CharSequenceEncoder - [8bf09cf4] Writing "536. foo bar"
22:42:27.221 [reactor-http-nio-4] DEBUG o.s.c.c.CharSequenceEncoder - [8bf09cf4] Writing "537. foo bar"
22:42:27.221 [reactor-http-nio-4] DEBUG o.s.c.c.CharSequenceEncoder - [8bf09cf4] Writing "538. foo bar"
22:42:27.221 [reactor-http-nio-4] DEBUG o.s.c.c.CharSequenceEncoder - [8bf09cf4] Writing "539. foo bar"
22:42:27.221 [reactor-http-nio-4] DEBUG o.s.c.c.CharSequenceEncoder - [8bf09cf4] Writing "540. foo bar"
22:42:27.221 [reactor-http-nio-4] DEBUG o.s.c.c.CharSequenceEncoder - [8bf09cf4] Writing "541. foo bar"
22:42:27.221 [reactor-http-nio-4] DEBUG o.s.c.c.CharSequenceEncoder - [8bf09cf4] Writing "542. foo bar"
22:42:27.221 [reactor-http-nio-4] DEBUG o.s.c.c.CharSequenceEncoder - [8bf09cf4] Writing "543. foo bar"
22:42:27.221 [reactor-http-nio-4] DEBUG o.s.c.c.CharSequenceEncoder - [8bf09cf4] Writing "544. foo bar"
22:42:27.221 [reactor-http-nio-4] DEBUG o.s.c.c.CharSequenceEncoder - [8bf09cf4] Writing "545. foo bar"
22:42:27.221 [reactor-http-nio-4] DEBUG o.s.c.c.CharSequenceEncoder - [8bf09cf4] Writing "546. foo bar"
22:42:27.221 [reactor-http-nio-4] DEBUG o.s.c.c.CharSequenceEncoder - [8bf09cf4] Writing "547. foo bar"
22:42:27.221 [reactor-http-nio-4] DEBUG o.s.c.c.CharSequenceEncoder - [8bf09cf4] Writing "548. foo bar"
22:42:27.221 [reactor-http-nio-4] DEBUG o.s.c.c.CharSequenceEncoder - [8bf09cf4] Writing "549. foo bar"
22:42:27.221 [reactor-http-nio-4] DEBUG o.s.c.c.CharSequenceEncoder - [8bf09cf4] Writing "550. foo bar"
22:42:27.221 [reactor-http-nio-4] DEBUG o.s.c.c.CharSequenceEncoder - [8bf09cf4] Writing "551. foo bar"
22:42:27.221 [reactor-http-nio-4] DEBUG o.s.c.c.CharSequenceEncoder - [8bf09cf4] Writing "552. foo bar"
22:42:27.221 [reactor-http-nio-4] DEBUG o.s.c.c.CharSequenceEncoder - [8bf09cf4] Writing "553. foo bar"
22:42:27.221 [reactor-http-nio-4] DEBUG o.s.c.c.CharSequenceEncoder - [8bf09cf4] Writing "554. foo bar"
22:42:27.221 [reactor-http-nio-4] DEBUG o.s.c.c.CharSequenceEncoder - [8bf09cf4] Writing "555. foo bar"
22:42:27.221 [reactor-http-nio-4] DEBUG o.s.c.c.CharSequenceEncoder - [8bf09cf4] Writing "556. foo bar"
22:42:27.221 [reactor-http-nio-4] DEBUG o.s.c.c.CharSequenceEncoder - [8bf09cf4] Writing "557. foo bar"
22:42:27.221 [reactor-http-nio-4] DEBUG o.s.c.c.CharSequenceEncoder - [8bf09cf4] Writing "558. foo bar"
22:42:27.221 [reactor-http-nio-4] DEBUG o.s.c.c.CharSequenceEncoder - [8bf09cf4] Writing "559. foo bar"
22:42:27.221 [reactor-http-nio-4] DEBUG o.s.c.c.CharSequenceEncoder - [8bf09cf4] Writing "560. foo bar"
22:42:27.221 [reactor-http-nio-4] DEBUG o.s.c.c.CharSequenceEncoder - [8bf09cf4] Writing "561. foo bar"
22:42:27.221 [reactor-http-nio-4] DEBUG o.s.c.c.CharSequenceEncoder - [8bf09cf4] Writing "562. foo bar"
22:42:27.221 [reactor-http-nio-4] DEBUG o.s.c.c.CharSequenceEncoder - [8bf09cf4] Writing "563. foo bar"
22:42:27.222 [reactor-http-nio-4] DEBUG o.s.c.c.CharSequenceEncoder - [8bf09cf4] Writing "564. foo bar"
22:42:27.222 [reactor-http-nio-4] DEBUG o.s.c.c.CharSequenceEncoder - [8bf09cf4] Writing "565. foo bar"
22:42:27.222 [reactor-http-nio-4] DEBUG o.s.c.c.CharSequenceEncoder - [8bf09cf4] Writing "566. foo bar"
22:42:27.222 [reactor-http-nio-4] DEBUG o.s.c.c.CharSequenceEncoder - [8bf09cf4] Writing "567. foo bar"
22:42:27.222 [reactor-http-nio-4] DEBUG o.s.c.c.CharSequenceEncoder - [8bf09cf4] Writing "568. foo bar"
22:42:27.222 [reactor-http-nio-4] DEBUG o.s.c.c.CharSequenceEncoder - [8bf09cf4] Writing "569. foo bar"
22:42:27.222 [reactor-http-nio-4] DEBUG o.s.c.c.CharSequenceEncoder - [8bf09cf4] Writing "570. foo bar"
22:42:27.222 [reactor-http-nio-4] DEBUG o.s.c.c.CharSequenceEncoder - [8bf09cf4] Writing "571. foo bar"
22:42:27.222 [reactor-http-nio-4] DEBUG o.s.c.c.CharSequenceEncoder - [8bf09cf4] Writing "572. foo bar"
22:42:27.222 [reactor-http-nio-4] DEBUG o.s.c.c.CharSequenceEncoder - [8bf09cf4] Writing "573. foo bar"
22:42:27.222 [reactor-http-nio-4] DEBUG o.s.c.c.CharSequenceEncoder - [8bf09cf4] Writing "574. foo bar"
22:42:27.222 [reactor-http-nio-4] DEBUG o.s.c.c.CharSequenceEncoder - [8bf09cf4] Writing "575. foo bar"
22:42:27.222 [reactor-http-nio-4] DEBUG o.s.c.c.CharSequenceEncoder - [8bf09cf4] Writing "576. foo bar"
22:42:27.225 [reactor-http-nio-4] DEBUG o.s.c.c.CharSequenceEncoder - [8bf09cf4] Writing "577. foo bar"
22:42:27.225 [reactor-http-nio-4] DEBUG o.s.c.c.CharSequenceEncoder - [8bf09cf4] Writing "578. foo bar"
22:42:27.225 [reactor-http-nio-4] DEBUG o.s.c.c.CharSequenceEncoder - [8bf09cf4] Writing "579. foo bar"
22:42:27.225 [reactor-http-nio-4] DEBUG o.s.c.c.CharSequenceEncoder - [8bf09cf4] Writing "580. foo bar"
22:42:27.225 [reactor-http-nio-4] DEBUG o.s.c.c.CharSequenceEncoder - [8bf09cf4] Writing "581. foo bar"
22:42:27.225 [reactor-http-nio-4] DEBUG o.s.c.c.CharSequenceEncoder - [8bf09cf4] Writing "582. foo bar"
22:42:27.225 [reactor-http-nio-4] DEBUG o.s.c.c.CharSequenceEncoder - [8bf09cf4] Writing "583. foo bar"
22:42:27.225 [reactor-http-nio-4] DEBUG o.s.c.c.CharSequenceEncoder - [8bf09cf4] Writing "584. foo bar"
22:42:27.225 [reactor-http-nio-4] DEBUG o.s.c.c.CharSequenceEncoder - [8bf09cf4] Writing "585. foo bar"
22:42:27.225 [reactor-http-nio-4] DEBUG o.s.c.c.CharSequenceEncoder - [8bf09cf4] Writing "586. foo bar"
22:42:27.225 [reactor-http-nio-4] DEBUG o.s.c.c.CharSequenceEncoder - [8bf09cf4] Writing "587. foo bar"
22:42:27.225 [reactor-http-nio-4] DEBUG o.s.c.c.CharSequenceEncoder - [8bf09cf4] Writing "588. foo bar"
22:42:27.226 [reactor-http-nio-4] DEBUG o.s.c.c.CharSequenceEncoder - [8bf09cf4] Writing "589. foo bar"
22:42:27.226 [reactor-http-nio-4] DEBUG o.s.c.c.CharSequenceEncoder - [8bf09cf4] Writing "590. foo bar"
22:42:27.226 [reactor-http-nio-4] DEBUG o.s.c.c.CharSequenceEncoder - [8bf09cf4] Writing "591. foo bar"
22:42:27.226 [reactor-http-nio-4] DEBUG o.s.c.c.CharSequenceEncoder - [8bf09cf4] Writing "592. foo bar"
22:42:27.226 [reactor-http-nio-4] DEBUG o.s.c.c.CharSequenceEncoder - [8bf09cf4] Writing "593. foo bar"
22:42:27.226 [reactor-http-nio-4] DEBUG o.s.c.c.CharSequenceEncoder - [8bf09cf4] Writing "594. foo bar"
22:42:27.226 [reactor-http-nio-4] DEBUG o.s.c.c.CharSequenceEncoder - [8bf09cf4] Writing "595. foo bar"
22:42:27.226 [reactor-http-nio-4] DEBUG o.s.c.c.CharSequenceEncoder - [8bf09cf4] Writing "596. foo bar"
22:42:27.226 [reactor-http-nio-4] DEBUG o.s.c.c.CharSequenceEncoder - [8bf09cf4] Writing "597. foo bar"
22:42:27.226 [reactor-http-nio-4] DEBUG o.s.c.c.CharSequenceEncoder - [8bf09cf4] Writing "598. foo bar"
22:42:27.226 [reactor-http-nio-4] DEBUG o.s.c.c.CharSequenceEncoder - [8bf09cf4] Writing "599. foo bar"
22:42:27.226 [reactor-http-nio-4] DEBUG o.s.c.c.CharSequenceEncoder - [8bf09cf4] Writing "600. foo bar"
22:42:27.226 [reactor-http-nio-4] DEBUG o.s.c.c.CharSequenceEncoder - [8bf09cf4] Writing "601. foo bar"
22:42:27.226 [reactor-http-nio-4] DEBUG o.s.c.c.CharSequenceEncoder - [8bf09cf4] Writing "602. foo bar"
22:42:27.226 [reactor-http-nio-4] DEBUG o.s.c.c.CharSequenceEncoder - [8bf09cf4] Writing "603. foo bar"
22:42:27.226 [reactor-http-nio-4] DEBUG o.s.c.c.CharSequenceEncoder - [8bf09cf4] Writing "604. foo bar"
22:42:27.226 [reactor-http-nio-4] DEBUG o.s.c.c.CharSequenceEncoder - [8bf09cf4] Writing "605. foo bar"
22:42:27.226 [reactor-http-nio-4] DEBUG o.s.c.c.CharSequenceEncoder - [8bf09cf4] Writing "606. foo bar"
22:42:27.226 [reactor-http-nio-4] DEBUG o.s.c.c.CharSequenceEncoder - [8bf09cf4] Writing "607. foo bar"
22:42:27.226 [reactor-http-nio-4] DEBUG o.s.c.c.CharSequenceEncoder - [8bf09cf4] Writing "608. foo bar"
22:42:27.226 [reactor-http-nio-4] DEBUG o.s.c.c.CharSequenceEncoder - [8bf09cf4] Writing "609. foo bar"
22:42:27.226 [reactor-http-nio-4] DEBUG o.s.c.c.CharSequenceEncoder - [8bf09cf4] Writing "610. foo bar"
22:42:27.226 [reactor-http-nio-4] DEBUG o.s.c.c.CharSequenceEncoder - [8bf09cf4] Writing "611. foo bar"
22:42:27.226 [reactor-http-nio-4] DEBUG o.s.c.c.CharSequenceEncoder - [8bf09cf4] Writing "612. foo bar"
22:42:27.226 [reactor-http-nio-4] DEBUG o.s.c.c.CharSequenceEncoder - [8bf09cf4] Writing "613. foo bar"
22:42:27.226 [reactor-http-nio-4] DEBUG o.s.c.c.CharSequenceEncoder - [8bf09cf4] Writing "614. foo bar"
22:42:27.226 [reactor-http-nio-4] DEBUG o.s.c.c.CharSequenceEncoder - [8bf09cf4] Writing "615. foo bar"
22:42:27.226 [reactor-http-nio-4] DEBUG o.s.c.c.CharSequenceEncoder - [8bf09cf4] Writing "616. foo bar"
22:42:27.226 [reactor-http-nio-4] DEBUG o.s.c.c.CharSequenceEncoder - [8bf09cf4] Writing "617. foo bar"
22:42:27.226 [reactor-http-nio-4] DEBUG o.s.c.c.CharSequenceEncoder - [8bf09cf4] Writing "618. foo bar"
22:42:27.226 [reactor-http-nio-4] DEBUG o.s.c.c.CharSequenceEncoder - [8bf09cf4] Writing "619. foo bar"
22:42:27.226 [reactor-http-nio-4] DEBUG o.s.c.c.CharSequenceEncoder - [8bf09cf4] Writing "620. foo bar"
22:42:27.226 [reactor-http-nio-4] DEBUG o.s.c.c.CharSequenceEncoder - [8bf09cf4] Writing "621. foo bar"
22:42:27.226 [reactor-http-nio-4] DEBUG o.s.c.c.CharSequenceEncoder - [8bf09cf4] Writing "622. foo bar"
22:42:27.226 [reactor-http-nio-4] DEBUG o.s.c.c.CharSequenceEncoder - [8bf09cf4] Writing "623. foo bar"
22:42:27.227 [reactor-http-nio-4] DEBUG o.s.c.c.CharSequenceEncoder - [8bf09cf4] Writing "624. foo bar"
22:42:27.227 [reactor-http-nio-4] DEBUG o.s.c.c.CharSequenceEncoder - [8bf09cf4] Writing "625. foo bar"
22:42:27.227 [reactor-http-nio-4] DEBUG o.s.c.c.CharSequenceEncoder - [8bf09cf4] Writing "626. foo bar"
22:42:27.227 [reactor-http-nio-4] DEBUG o.s.c.c.CharSequenceEncoder - [8bf09cf4] Writing "627. foo bar"
22:42:27.227 [reactor-http-nio-4] DEBUG o.s.c.c.CharSequenceEncoder - [8bf09cf4] Writing "628. foo bar"
22:42:27.227 [reactor-http-nio-4] DEBUG o.s.c.c.CharSequenceEncoder - [8bf09cf4] Writing "629. foo bar"
22:42:27.227 [reactor-http-nio-4] DEBUG o.s.c.c.CharSequenceEncoder - [8bf09cf4] Writing "630. foo bar"
22:42:27.227 [reactor-http-nio-4] DEBUG o.s.c.c.CharSequenceEncoder - [8bf09cf4] Writing "631. foo bar"
22:42:27.227 [reactor-http-nio-4] DEBUG o.s.c.c.CharSequenceEncoder - [8bf09cf4] Writing "632. foo bar"
22:42:27.227 [reactor-http-nio-4] DEBUG o.s.c.c.CharSequenceEncoder - [8bf09cf4] Writing "633. foo bar"
22:42:27.227 [reactor-http-nio-4] DEBUG o.s.c.c.CharSequenceEncoder - [8bf09cf4] Writing "634. foo bar"
22:42:27.227 [reactor-http-nio-4] DEBUG o.s.c.c.CharSequenceEncoder - [8bf09cf4] Writing "635. foo bar"
22:42:27.227 [reactor-http-nio-4] DEBUG o.s.c.c.CharSequenceEncoder - [8bf09cf4] Writing "636. foo bar"
22:42:27.227 [reactor-http-nio-4] DEBUG o.s.c.c.CharSequenceEncoder - [8bf09cf4] Writing "637. foo bar"
22:42:27.227 [reactor-http-nio-4] DEBUG o.s.c.c.CharSequenceEncoder - [8bf09cf4] Writing "638. foo bar"
22:42:27.227 [reactor-http-nio-4] DEBUG o.s.c.c.CharSequenceEncoder - [8bf09cf4] Writing "639. foo bar"
22:42:27.227 [reactor-http-nio-4] DEBUG o.s.c.c.CharSequenceEncoder - [8bf09cf4] Writing "640. foo bar"
22:42:27.232 [reactor-http-nio-4] DEBUG o.s.c.c.CharSequenceEncoder - [8bf09cf4] Writing "641. foo bar"
22:42:27.232 [reactor-http-nio-4] DEBUG o.s.c.c.CharSequenceEncoder - [8bf09cf4] Writing "642. foo bar"
22:42:27.232 [reactor-http-nio-4] DEBUG o.s.c.c.CharSequenceEncoder - [8bf09cf4] Writing "643. foo bar"
22:42:27.232 [reactor-http-nio-4] DEBUG o.s.c.c.CharSequenceEncoder - [8bf09cf4] Writing "644. foo bar"
22:42:27.232 [reactor-http-nio-4] DEBUG o.s.c.c.CharSequenceEncoder - [8bf09cf4] Writing "645. foo bar"
22:42:27.232 [reactor-http-nio-4] DEBUG o.s.c.c.CharSequenceEncoder - [8bf09cf4] Writing "646. foo bar"
22:42:27.232 [reactor-http-nio-4] DEBUG o.s.c.c.CharSequenceEncoder - [8bf09cf4] Writing "647. foo bar"
22:42:27.232 [reactor-http-nio-4] DEBUG o.s.c.c.CharSequenceEncoder - [8bf09cf4] Writing "648. foo bar"
22:42:27.232 [reactor-http-nio-4] DEBUG o.s.c.c.CharSequenceEncoder - [8bf09cf4] Writing "649. foo bar"
22:42:27.232 [reactor-http-nio-4] DEBUG o.s.c.c.CharSequenceEncoder - [8bf09cf4] Writing "650. foo bar"
22:42:27.232 [reactor-http-nio-4] DEBUG o.s.c.c.CharSequenceEncoder - [8bf09cf4] Writing "651. foo bar"
22:42:27.232 [reactor-http-nio-4] DEBUG o.s.c.c.CharSequenceEncoder - [8bf09cf4] Writing "652. foo bar"
22:42:27.233 [reactor-http-nio-4] DEBUG o.s.c.c.CharSequenceEncoder - [8bf09cf4] Writing "653. foo bar"
22:42:27.233 [reactor-http-nio-4] DEBUG o.s.c.c.CharSequenceEncoder - [8bf09cf4] Writing "654. foo bar"
22:42:27.233 [reactor-http-nio-4] DEBUG o.s.c.c.CharSequenceEncoder - [8bf09cf4] Writing "655. foo bar"
22:42:27.233 [reactor-http-nio-4] DEBUG o.s.c.c.CharSequenceEncoder - [8bf09cf4] Writing "656. foo bar"
22:42:27.233 [reactor-http-nio-4] DEBUG o.s.c.c.CharSequenceEncoder - [8bf09cf4] Writing "657. foo bar"
22:42:27.233 [reactor-http-nio-4] DEBUG o.s.c.c.CharSequenceEncoder - [8bf09cf4] Writing "658. foo bar"
22:42:27.233 [reactor-http-nio-4] DEBUG o.s.c.c.CharSequenceEncoder - [8bf09cf4] Writing "659. foo bar"
22:42:27.233 [reactor-http-nio-4] DEBUG o.s.c.c.CharSequenceEncoder - [8bf09cf4] Writing "660. foo bar"
22:42:27.233 [reactor-http-nio-4] DEBUG o.s.c.c.CharSequenceEncoder - [8bf09cf4] Writing "661. foo bar"
22:42:27.233 [reactor-http-nio-4] DEBUG o.s.c.c.CharSequenceEncoder - [8bf09cf4] Writing "662. foo bar"
22:42:27.233 [reactor-http-nio-4] DEBUG o.s.c.c.CharSequenceEncoder - [8bf09cf4] Writing "663. foo bar"
22:42:27.233 [reactor-http-nio-4] DEBUG o.s.c.c.CharSequenceEncoder - [8bf09cf4] Writing "664. foo bar"
22:42:27.233 [reactor-http-nio-4] DEBUG o.s.c.c.CharSequenceEncoder - [8bf09cf4] Writing "665. foo bar"
22:42:27.233 [reactor-http-nio-4] DEBUG o.s.c.c.CharSequenceEncoder - [8bf09cf4] Writing "666. foo bar"
22:42:27.233 [reactor-http-nio-4] DEBUG o.s.c.c.CharSequenceEncoder - [8bf09cf4] Writing "667. foo bar"
22:42:27.233 [reactor-http-nio-4] DEBUG o.s.c.c.CharSequenceEncoder - [8bf09cf4] Writing "668. foo bar"
22:42:27.233 [reactor-http-nio-4] DEBUG o.s.c.c.CharSequenceEncoder - [8bf09cf4] Writing "669. foo bar"
22:42:27.233 [reactor-http-nio-4] DEBUG o.s.c.c.CharSequenceEncoder - [8bf09cf4] Writing "670. foo bar"
22:42:27.233 [reactor-http-nio-4] DEBUG o.s.c.c.CharSequenceEncoder - [8bf09cf4] Writing "671. foo bar"
22:42:27.233 [reactor-http-nio-4] DEBUG o.s.c.c.CharSequenceEncoder - [8bf09cf4] Writing "672. foo bar"
22:42:27.233 [reactor-http-nio-4] DEBUG o.s.c.c.CharSequenceEncoder - [8bf09cf4] Writing "673. foo bar"
22:42:27.233 [reactor-http-nio-4] DEBUG o.s.c.c.CharSequenceEncoder - [8bf09cf4] Writing "674. foo bar"
22:42:27.233 [reactor-http-nio-4] DEBUG o.s.c.c.CharSequenceEncoder - [8bf09cf4] Writing "675. foo bar"
22:42:27.233 [reactor-http-nio-4] DEBUG o.s.c.c.CharSequenceEncoder - [8bf09cf4] Writing "676. foo bar"
22:42:27.233 [reactor-http-nio-4] DEBUG o.s.c.c.CharSequenceEncoder - [8bf09cf4] Writing "677. foo bar"
22:42:27.233 [reactor-http-nio-4] DEBUG o.s.c.c.CharSequenceEncoder - [8bf09cf4] Writing "678. foo bar"
22:42:27.234 [reactor-http-nio-4] DEBUG o.s.c.c.CharSequenceEncoder - [8bf09cf4] Writing "679. foo bar"
22:42:27.234 [reactor-http-nio-4] DEBUG o.s.c.c.CharSequenceEncoder - [8bf09cf4] Writing "680. foo bar"
22:42:27.234 [reactor-http-nio-4] DEBUG o.s.c.c.CharSequenceEncoder - [8bf09cf4] Writing "681. foo bar"
22:42:27.234 [reactor-http-nio-4] DEBUG o.s.c.c.CharSequenceEncoder - [8bf09cf4] Writing "682. foo bar"
22:42:27.234 [reactor-http-nio-4] DEBUG o.s.c.c.CharSequenceEncoder - [8bf09cf4] Writing "683. foo bar"
22:42:27.234 [reactor-http-nio-4] DEBUG o.s.c.c.CharSequenceEncoder - [8bf09cf4] Writing "684. foo bar"
22:42:27.234 [reactor-http-nio-4] DEBUG o.s.c.c.CharSequenceEncoder - [8bf09cf4] Writing "685. foo bar"
22:42:27.234 [reactor-http-nio-4] DEBUG o.s.c.c.CharSequenceEncoder - [8bf09cf4] Writing "686. foo bar"
22:42:27.234 [reactor-http-nio-4] DEBUG o.s.c.c.CharSequenceEncoder - [8bf09cf4] Writing "687. foo bar"
22:42:27.234 [reactor-http-nio-4] DEBUG o.s.c.c.CharSequenceEncoder - [8bf09cf4] Writing "688. foo bar"
22:42:27.234 [reactor-http-nio-4] DEBUG o.s.c.c.CharSequenceEncoder - [8bf09cf4] Writing "689. foo bar"
22:42:27.234 [reactor-http-nio-4] DEBUG o.s.c.c.CharSequenceEncoder - [8bf09cf4] Writing "690. foo bar"
22:42:27.234 [reactor-http-nio-4] DEBUG o.s.c.c.CharSequenceEncoder - [8bf09cf4] Writing "691. foo bar"
22:42:27.234 [reactor-http-nio-4] DEBUG o.s.c.c.CharSequenceEncoder - [8bf09cf4] Writing "692. foo bar"
22:42:27.234 [reactor-http-nio-4] DEBUG o.s.c.c.CharSequenceEncoder - [8bf09cf4] Writing "693. foo bar"
22:42:27.234 [reactor-http-nio-4] DEBUG o.s.c.c.CharSequenceEncoder - [8bf09cf4] Writing "694. foo bar"
22:42:27.234 [reactor-http-nio-4] DEBUG o.s.c.c.CharSequenceEncoder - [8bf09cf4] Writing "695. foo bar"
22:42:27.234 [reactor-http-nio-4] DEBUG o.s.c.c.CharSequenceEncoder - [8bf09cf4] Writing "696. foo bar"
22:42:27.234 [reactor-http-nio-4] DEBUG o.s.c.c.CharSequenceEncoder - [8bf09cf4] Writing "697. foo bar"
22:42:27.234 [reactor-http-nio-4] DEBUG o.s.c.c.CharSequenceEncoder - [8bf09cf4] Writing "698. foo bar"
22:42:27.234 [reactor-http-nio-4] DEBUG o.s.c.c.CharSequenceEncoder - [8bf09cf4] Writing "699. foo bar"
22:42:27.234 [reactor-http-nio-4] DEBUG o.s.c.c.CharSequenceEncoder - [8bf09cf4] Writing "700. foo bar"
22:42:27.234 [reactor-http-nio-4] DEBUG o.s.c.c.CharSequenceEncoder - [8bf09cf4] Writing "701. foo bar"
22:42:27.234 [reactor-http-nio-4] DEBUG o.s.c.c.CharSequenceEncoder - [8bf09cf4] Writing "702. foo bar"
22:42:27.234 [reactor-http-nio-4] DEBUG o.s.c.c.CharSequenceEncoder - [8bf09cf4] Writing "703. foo bar"
22:42:27.234 [reactor-http-nio-4] DEBUG o.s.c.c.CharSequenceEncoder - [8bf09cf4] Writing "704. foo bar"
22:42:27.238 [reactor-http-nio-4] DEBUG o.s.c.c.CharSequenceEncoder - [8bf09cf4] Writing "705. foo bar"
22:42:27.238 [reactor-http-nio-4] DEBUG o.s.c.c.CharSequenceEncoder - [8bf09cf4] Writing "706. foo bar"
22:42:27.238 [reactor-http-nio-4] DEBUG o.s.c.c.CharSequenceEncoder - [8bf09cf4] Writing "707. foo bar"
22:42:27.238 [reactor-http-nio-4] DEBUG o.s.c.c.CharSequenceEncoder - [8bf09cf4] Writing "708. foo bar"
22:42:27.238 [reactor-http-nio-4] DEBUG o.s.c.c.CharSequenceEncoder - [8bf09cf4] Writing "709. foo bar"
22:42:27.238 [reactor-http-nio-4] DEBUG o.s.c.c.CharSequenceEncoder - [8bf09cf4] Writing "710. foo bar"
22:42:27.238 [reactor-http-nio-4] DEBUG o.s.c.c.CharSequenceEncoder - [8bf09cf4] Writing "711. foo bar"
22:42:27.238 [reactor-http-nio-4] DEBUG o.s.c.c.CharSequenceEncoder - [8bf09cf4] Writing "712. foo bar"
22:42:27.238 [reactor-http-nio-4] DEBUG o.s.c.c.CharSequenceEncoder - [8bf09cf4] Writing "713. foo bar"
22:42:27.238 [reactor-http-nio-4] DEBUG o.s.c.c.CharSequenceEncoder - [8bf09cf4] Writing "714. foo bar"
22:42:27.238 [reactor-http-nio-4] DEBUG o.s.c.c.CharSequenceEncoder - [8bf09cf4] Writing "715. foo bar"
22:42:27.238 [reactor-http-nio-4] DEBUG o.s.c.c.CharSequenceEncoder - [8bf09cf4] Writing "716. foo bar"
22:42:27.238 [reactor-http-nio-4] DEBUG o.s.c.c.CharSequenceEncoder - [8bf09cf4] Writing "717. foo bar"
22:42:27.238 [reactor-http-nio-4] DEBUG o.s.c.c.CharSequenceEncoder - [8bf09cf4] Writing "718. foo bar"
22:42:27.238 [reactor-http-nio-4] DEBUG o.s.c.c.CharSequenceEncoder - [8bf09cf4] Writing "719. foo bar"
22:42:27.238 [reactor-http-nio-4] DEBUG o.s.c.c.CharSequenceEncoder - [8bf09cf4] Writing "720. foo bar"
22:42:27.238 [reactor-http-nio-4] DEBUG o.s.c.c.CharSequenceEncoder - [8bf09cf4] Writing "721. foo bar"
22:42:27.238 [reactor-http-nio-4] DEBUG o.s.c.c.CharSequenceEncoder - [8bf09cf4] Writing "722. foo bar"
22:42:27.238 [reactor-http-nio-4] DEBUG o.s.c.c.CharSequenceEncoder - [8bf09cf4] Writing "723. foo bar"
22:42:27.238 [reactor-http-nio-4] DEBUG o.s.c.c.CharSequenceEncoder - [8bf09cf4] Writing "724. foo bar"
22:42:27.238 [reactor-http-nio-4] DEBUG o.s.c.c.CharSequenceEncoder - [8bf09cf4] Writing "725. foo bar"
22:42:27.238 [reactor-http-nio-4] DEBUG o.s.c.c.CharSequenceEncoder - [8bf09cf4] Writing "726. foo bar"
22:42:27.238 [reactor-http-nio-4] DEBUG o.s.c.c.CharSequenceEncoder - [8bf09cf4] Writing "727. foo bar"
22:42:27.238 [reactor-http-nio-4] DEBUG o.s.c.c.CharSequenceEncoder - [8bf09cf4] Writing "728. foo bar"
22:42:27.239 [reactor-http-nio-4] DEBUG o.s.c.c.CharSequenceEncoder - [8bf09cf4] Writing "729. foo bar"
22:42:27.239 [reactor-http-nio-4] DEBUG o.s.c.c.CharSequenceEncoder - [8bf09cf4] Writing "730. foo bar"
22:42:27.239 [reactor-http-nio-4] DEBUG o.s.c.c.CharSequenceEncoder - [8bf09cf4] Writing "731. foo bar"
22:42:27.239 [reactor-http-nio-4] DEBUG o.s.c.c.CharSequenceEncoder - [8bf09cf4] Writing "732. foo bar"
22:42:27.239 [reactor-http-nio-4] DEBUG o.s.c.c.CharSequenceEncoder - [8bf09cf4] Writing "733. foo bar"
22:42:27.239 [reactor-http-nio-4] DEBUG o.s.c.c.CharSequenceEncoder - [8bf09cf4] Writing "734. foo bar"
22:42:27.239 [reactor-http-nio-4] DEBUG o.s.c.c.CharSequenceEncoder - [8bf09cf4] Writing "735. foo bar"
22:42:27.239 [reactor-http-nio-4] DEBUG o.s.c.c.CharSequenceEncoder - [8bf09cf4] Writing "736. foo bar"
22:42:27.239 [reactor-http-nio-4] DEBUG o.s.c.c.CharSequenceEncoder - [8bf09cf4] Writing "737. foo bar"
22:42:27.239 [reactor-http-nio-4] DEBUG o.s.c.c.CharSequenceEncoder - [8bf09cf4] Writing "738. foo bar"
22:42:27.239 [reactor-http-nio-4] DEBUG o.s.c.c.CharSequenceEncoder - [8bf09cf4] Writing "739. foo bar"
22:42:27.239 [reactor-http-nio-4] DEBUG o.s.c.c.CharSequenceEncoder - [8bf09cf4] Writing "740. foo bar"
22:42:27.239 [reactor-http-nio-4] DEBUG o.s.c.c.CharSequenceEncoder - [8bf09cf4] Writing "741. foo bar"
22:42:27.239 [reactor-http-nio-4] DEBUG o.s.c.c.CharSequenceEncoder - [8bf09cf4] Writing "742. foo bar"
22:42:27.239 [reactor-http-nio-4] DEBUG o.s.c.c.CharSequenceEncoder - [8bf09cf4] Writing "743. foo bar"
22:42:27.239 [reactor-http-nio-4] DEBUG o.s.c.c.CharSequenceEncoder - [8bf09cf4] Writing "744. foo bar"
22:42:27.239 [reactor-http-nio-4] DEBUG o.s.c.c.CharSequenceEncoder - [8bf09cf4] Writing "745. foo bar"
22:42:27.239 [reactor-http-nio-4] DEBUG o.s.c.c.CharSequenceEncoder - [8bf09cf4] Writing "746. foo bar"
22:42:27.239 [reactor-http-nio-4] DEBUG o.s.c.c.CharSequenceEncoder - [8bf09cf4] Writing "747. foo bar"
22:42:27.239 [reactor-http-nio-4] DEBUG o.s.c.c.CharSequenceEncoder - [8bf09cf4] Writing "748. foo bar"
22:42:27.239 [reactor-http-nio-4] DEBUG o.s.c.c.CharSequenceEncoder - [8bf09cf4] Writing "749. foo bar"
22:42:27.239 [reactor-http-nio-4] DEBUG o.s.c.c.CharSequenceEncoder - [8bf09cf4] Writing "750. foo bar"
22:42:27.239 [reactor-http-nio-4] DEBUG o.s.c.c.CharSequenceEncoder - [8bf09cf4] Writing "751. foo bar"
22:42:27.239 [reactor-http-nio-4] DEBUG o.s.c.c.CharSequenceEncoder - [8bf09cf4] Writing "752. foo bar"
22:42:27.239 [reactor-http-nio-4] DEBUG o.s.c.c.CharSequenceEncoder - [8bf09cf4] Writing "753. foo bar"
22:42:27.239 [reactor-http-nio-4] DEBUG o.s.c.c.CharSequenceEncoder - [8bf09cf4] Writing "754. foo bar"
22:42:27.239 [reactor-http-nio-4] DEBUG o.s.c.c.CharSequenceEncoder - [8bf09cf4] Writing "755. foo bar"
22:42:27.239 [reactor-http-nio-4] DEBUG o.s.c.c.CharSequenceEncoder - [8bf09cf4] Writing "756. foo bar"
22:42:27.239 [reactor-http-nio-4] DEBUG o.s.c.c.CharSequenceEncoder - [8bf09cf4] Writing "757. foo bar"
22:42:27.240 [reactor-http-nio-4] DEBUG o.s.c.c.CharSequenceEncoder - [8bf09cf4] Writing "758. foo bar"
22:42:27.240 [reactor-http-nio-4] DEBUG o.s.c.c.CharSequenceEncoder - [8bf09cf4] Writing "759. foo bar"
22:42:27.240 [reactor-http-nio-4] DEBUG o.s.c.c.CharSequenceEncoder - [8bf09cf4] Writing "760. foo bar"
22:42:27.240 [reactor-http-nio-4] DEBUG o.s.c.c.CharSequenceEncoder - [8bf09cf4] Writing "761. foo bar"
22:42:27.240 [reactor-http-nio-4] DEBUG o.s.c.c.CharSequenceEncoder - [8bf09cf4] Writing "762. foo bar"
22:42:27.240 [reactor-http-nio-4] DEBUG o.s.c.c.CharSequenceEncoder - [8bf09cf4] Writing "763. foo bar"
22:42:27.240 [reactor-http-nio-4] DEBUG o.s.c.c.CharSequenceEncoder - [8bf09cf4] Writing "764. foo bar"
22:42:27.240 [reactor-http-nio-4] DEBUG o.s.c.c.CharSequenceEncoder - [8bf09cf4] Writing "765. foo bar"
22:42:27.240 [reactor-http-nio-4] DEBUG o.s.c.c.CharSequenceEncoder - [8bf09cf4] Writing "766. foo bar"
22:42:27.240 [reactor-http-nio-4] DEBUG o.s.c.c.CharSequenceEncoder - [8bf09cf4] Writing "767. foo bar"
22:42:27.240 [reactor-http-nio-4] DEBUG o.s.c.c.CharSequenceEncoder - [8bf09cf4] Writing "768. foo bar"
22:42:27.245 [reactor-http-nio-4] DEBUG o.s.c.c.CharSequenceEncoder - [8bf09cf4] Writing "769. foo bar"
22:42:27.245 [reactor-http-nio-4] DEBUG o.s.c.c.CharSequenceEncoder - [8bf09cf4] Writing "770. foo bar"
22:42:27.245 [reactor-http-nio-4] DEBUG o.s.c.c.CharSequenceEncoder - [8bf09cf4] Writing "771. foo bar"
22:42:27.245 [reactor-http-nio-4] DEBUG o.s.c.c.CharSequenceEncoder - [8bf09cf4] Writing "772. foo bar"
22:42:27.245 [reactor-http-nio-4] DEBUG o.s.c.c.CharSequenceEncoder - [8bf09cf4] Writing "773. foo bar"
22:42:27.245 [reactor-http-nio-4] DEBUG o.s.c.c.CharSequenceEncoder - [8bf09cf4] Writing "774. foo bar"
22:42:27.245 [reactor-http-nio-4] DEBUG o.s.c.c.CharSequenceEncoder - [8bf09cf4] Writing "775. foo bar"
22:42:27.245 [reactor-http-nio-4] DEBUG o.s.c.c.CharSequenceEncoder - [8bf09cf4] Writing "776. foo bar"
22:42:27.245 [reactor-http-nio-4] DEBUG o.s.c.c.CharSequenceEncoder - [8bf09cf4] Writing "777. foo bar"
22:42:27.245 [reactor-http-nio-4] DEBUG o.s.c.c.CharSequenceEncoder - [8bf09cf4] Writing "778. foo bar"
22:42:27.245 [reactor-http-nio-4] DEBUG o.s.c.c.CharSequenceEncoder - [8bf09cf4] Writing "779. foo bar"
22:42:27.245 [reactor-http-nio-4] DEBUG o.s.c.c.CharSequenceEncoder - [8bf09cf4] Writing "780. foo bar"
22:42:27.245 [reactor-http-nio-4] DEBUG o.s.c.c.CharSequenceEncoder - [8bf09cf4] Writing "781. foo bar"
22:42:27.245 [reactor-http-nio-4] DEBUG o.s.c.c.CharSequenceEncoder - [8bf09cf4] Writing "782. foo bar"
22:42:27.245 [reactor-http-nio-4] DEBUG o.s.c.c.CharSequenceEncoder - [8bf09cf4] Writing "783. foo bar"
22:42:27.245 [reactor-http-nio-4] DEBUG o.s.c.c.CharSequenceEncoder - [8bf09cf4] Writing "784. foo bar"
22:42:27.245 [reactor-http-nio-4] DEBUG o.s.c.c.CharSequenceEncoder - [8bf09cf4] Writing "785. foo bar"
22:42:27.245 [reactor-http-nio-4] DEBUG o.s.c.c.CharSequenceEncoder - [8bf09cf4] Writing "786. foo bar"
22:42:27.245 [reactor-http-nio-4] DEBUG o.s.c.c.CharSequenceEncoder - [8bf09cf4] Writing "787. foo bar"
22:42:27.245 [reactor-http-nio-4] DEBUG o.s.c.c.CharSequenceEncoder - [8bf09cf4] Writing "788. foo bar"
22:42:27.245 [reactor-http-nio-4] DEBUG o.s.c.c.CharSequenceEncoder - [8bf09cf4] Writing "789. foo bar"
22:42:27.245 [reactor-http-nio-4] DEBUG o.s.c.c.CharSequenceEncoder - [8bf09cf4] Writing "790. foo bar"
22:42:27.245 [reactor-http-nio-4] DEBUG o.s.c.c.CharSequenceEncoder - [8bf09cf4] Writing "791. foo bar"
22:42:27.245 [reactor-http-nio-4] DEBUG o.s.c.c.CharSequenceEncoder - [8bf09cf4] Writing "792. foo bar"
22:42:27.245 [reactor-http-nio-4] DEBUG o.s.c.c.CharSequenceEncoder - [8bf09cf4] Writing "793. foo bar"
22:42:27.246 [reactor-http-nio-4] DEBUG o.s.c.c.CharSequenceEncoder - [8bf09cf4] Writing "794. foo bar"
22:42:27.246 [reactor-http-nio-4] DEBUG o.s.c.c.CharSequenceEncoder - [8bf09cf4] Writing "795. foo bar"
22:42:27.246 [reactor-http-nio-4] DEBUG o.s.c.c.CharSequenceEncoder - [8bf09cf4] Writing "796. foo bar"
22:42:27.246 [reactor-http-nio-4] DEBUG o.s.c.c.CharSequenceEncoder - [8bf09cf4] Writing "797. foo bar"
22:42:27.246 [reactor-http-nio-4] DEBUG o.s.c.c.CharSequenceEncoder - [8bf09cf4] Writing "798. foo bar"
22:42:27.246 [reactor-http-nio-4] DEBUG o.s.c.c.CharSequenceEncoder - [8bf09cf4] Writing "799. foo bar"
22:42:27.246 [reactor-http-nio-4] DEBUG o.s.c.c.CharSequenceEncoder - [8bf09cf4] Writing "800. foo bar"
22:42:27.246 [reactor-http-nio-4] DEBUG o.s.c.c.CharSequenceEncoder - [8bf09cf4] Writing "801. foo bar"
22:42:27.246 [reactor-http-nio-4] DEBUG o.s.c.c.CharSequenceEncoder - [8bf09cf4] Writing "802. foo bar"
22:42:27.246 [reactor-http-nio-4] DEBUG o.s.c.c.CharSequenceEncoder - [8bf09cf4] Writing "803. foo bar"
22:42:27.246 [reactor-http-nio-4] DEBUG o.s.c.c.CharSequenceEncoder - [8bf09cf4] Writing "804. foo bar"
22:42:27.246 [reactor-http-nio-4] DEBUG o.s.c.c.CharSequenceEncoder - [8bf09cf4] Writing "805. foo bar"
22:42:27.246 [reactor-http-nio-4] DEBUG o.s.c.c.CharSequenceEncoder - [8bf09cf4] Writing "806. foo bar"
22:42:27.246 [reactor-http-nio-4] DEBUG o.s.c.c.CharSequenceEncoder - [8bf09cf4] Writing "807. foo bar"
22:42:27.246 [reactor-http-nio-4] DEBUG o.s.c.c.CharSequenceEncoder - [8bf09cf4] Writing "808. foo bar"
22:42:27.246 [reactor-http-nio-4] DEBUG o.s.c.c.CharSequenceEncoder - [8bf09cf4] Writing "809. foo bar"
22:42:27.246 [reactor-http-nio-4] DEBUG o.s.c.c.CharSequenceEncoder - [8bf09cf4] Writing "810. foo bar"
22:42:27.246 [reactor-http-nio-4] DEBUG o.s.c.c.CharSequenceEncoder - [8bf09cf4] Writing "811. foo bar"
22:42:27.246 [reactor-http-nio-4] DEBUG o.s.c.c.CharSequenceEncoder - [8bf09cf4] Writing "812. foo bar"
22:42:27.246 [reactor-http-nio-4] DEBUG o.s.c.c.CharSequenceEncoder - [8bf09cf4] Writing "813. foo bar"
22:42:27.246 [reactor-http-nio-4] DEBUG o.s.c.c.CharSequenceEncoder - [8bf09cf4] Writing "814. foo bar"
22:42:27.246 [reactor-http-nio-4] DEBUG o.s.c.c.CharSequenceEncoder - [8bf09cf4] Writing "815. foo bar"
22:42:27.246 [reactor-http-nio-4] DEBUG o.s.c.c.CharSequenceEncoder - [8bf09cf4] Writing "816. foo bar"
22:42:27.246 [reactor-http-nio-4] DEBUG o.s.c.c.CharSequenceEncoder - [8bf09cf4] Writing "817. foo bar"
22:42:27.246 [reactor-http-nio-4] DEBUG o.s.c.c.CharSequenceEncoder - [8bf09cf4] Writing "818. foo bar"
22:42:27.246 [reactor-http-nio-4] DEBUG o.s.c.c.CharSequenceEncoder - [8bf09cf4] Writing "819. foo bar"
22:42:27.246 [reactor-http-nio-4] DEBUG o.s.c.c.CharSequenceEncoder - [8bf09cf4] Writing "820. foo bar"
22:42:27.246 [reactor-http-nio-4] DEBUG o.s.c.c.CharSequenceEncoder - [8bf09cf4] Writing "821. foo bar"
22:42:27.246 [reactor-http-nio-4] DEBUG o.s.c.c.CharSequenceEncoder - [8bf09cf4] Writing "822. foo bar"
22:42:27.246 [reactor-http-nio-4] DEBUG o.s.c.c.CharSequenceEncoder - [8bf09cf4] Writing "823. foo bar"
22:42:27.246 [reactor-http-nio-4] DEBUG o.s.c.c.CharSequenceEncoder - [8bf09cf4] Writing "824. foo bar"
22:42:27.246 [reactor-http-nio-4] DEBUG o.s.c.c.CharSequenceEncoder - [8bf09cf4] Writing "825. foo bar"
22:42:27.246 [reactor-http-nio-4] DEBUG o.s.c.c.CharSequenceEncoder - [8bf09cf4] Writing "826. foo bar"
22:42:27.246 [reactor-http-nio-4] DEBUG o.s.c.c.CharSequenceEncoder - [8bf09cf4] Writing "827. foo bar"
22:42:27.246 [reactor-http-nio-4] DEBUG o.s.c.c.CharSequenceEncoder - [8bf09cf4] Writing "828. foo bar"
22:42:27.246 [reactor-http-nio-4] DEBUG o.s.c.c.CharSequenceEncoder - [8bf09cf4] Writing "829. foo bar"
22:42:27.246 [reactor-http-nio-4] DEBUG o.s.c.c.CharSequenceEncoder - [8bf09cf4] Writing "830. foo bar"
22:42:27.246 [reactor-http-nio-4] DEBUG o.s.c.c.CharSequenceEncoder - [8bf09cf4] Writing "831. foo bar"
22:42:27.246 [reactor-http-nio-4] DEBUG o.s.c.c.CharSequenceEncoder - [8bf09cf4] Writing "832. foo bar"
22:42:27.250 [reactor-http-nio-4] DEBUG o.s.c.c.CharSequenceEncoder - [8bf09cf4] Writing "833. foo bar"
22:42:27.250 [reactor-http-nio-4] DEBUG o.s.c.c.CharSequenceEncoder - [8bf09cf4] Writing "834. foo bar"
22:42:27.250 [reactor-http-nio-4] DEBUG o.s.c.c.CharSequenceEncoder - [8bf09cf4] Writing "835. foo bar"
22:42:27.250 [reactor-http-nio-4] DEBUG o.s.c.c.CharSequenceEncoder - [8bf09cf4] Writing "836. foo bar"
22:42:27.250 [reactor-http-nio-4] DEBUG o.s.c.c.CharSequenceEncoder - [8bf09cf4] Writing "837. foo bar"
22:42:27.250 [reactor-http-nio-4] DEBUG o.s.c.c.CharSequenceEncoder - [8bf09cf4] Writing "838. foo bar"
22:42:27.250 [reactor-http-nio-4] DEBUG o.s.c.c.CharSequenceEncoder - [8bf09cf4] Writing "839. foo bar"
22:42:27.250 [reactor-http-nio-4] DEBUG o.s.c.c.CharSequenceEncoder - [8bf09cf4] Writing "840. foo bar"
22:42:27.250 [reactor-http-nio-4] DEBUG o.s.c.c.CharSequenceEncoder - [8bf09cf4] Writing "841. foo bar"
22:42:27.250 [reactor-http-nio-4] DEBUG o.s.c.c.CharSequenceEncoder - [8bf09cf4] Writing "842. foo bar"
22:42:27.250 [reactor-http-nio-4] DEBUG o.s.c.c.CharSequenceEncoder - [8bf09cf4] Writing "843. foo bar"
22:42:27.250 [reactor-http-nio-4] DEBUG o.s.c.c.CharSequenceEncoder - [8bf09cf4] Writing "844. foo bar"
22:42:27.250 [reactor-http-nio-4] DEBUG o.s.c.c.CharSequenceEncoder - [8bf09cf4] Writing "845. foo bar"
22:42:27.250 [reactor-http-nio-4] DEBUG o.s.c.c.CharSequenceEncoder - [8bf09cf4] Writing "846. foo bar"
22:42:27.250 [reactor-http-nio-4] DEBUG o.s.c.c.CharSequenceEncoder - [8bf09cf4] Writing "847. foo bar"
22:42:27.250 [reactor-http-nio-4] DEBUG o.s.c.c.CharSequenceEncoder - [8bf09cf4] Writing "848. foo bar"
22:42:27.250 [reactor-http-nio-4] DEBUG o.s.c.c.CharSequenceEncoder - [8bf09cf4] Writing "849. foo bar"
22:42:27.250 [reactor-http-nio-4] DEBUG o.s.c.c.CharSequenceEncoder - [8bf09cf4] Writing "850. foo bar"
22:42:27.250 [reactor-http-nio-4] DEBUG o.s.c.c.CharSequenceEncoder - [8bf09cf4] Writing "851. foo bar"
22:42:27.250 [reactor-http-nio-4] DEBUG o.s.c.c.CharSequenceEncoder - [8bf09cf4] Writing "852. foo bar"
22:42:27.250 [reactor-http-nio-4] DEBUG o.s.c.c.CharSequenceEncoder - [8bf09cf4] Writing "853. foo bar"
22:42:27.250 [reactor-http-nio-4] DEBUG o.s.c.c.CharSequenceEncoder - [8bf09cf4] Writing "854. foo bar"
22:42:27.250 [reactor-http-nio-4] DEBUG o.s.c.c.CharSequenceEncoder - [8bf09cf4] Writing "855. foo bar"
22:42:27.251 [reactor-http-nio-4] DEBUG o.s.c.c.CharSequenceEncoder - [8bf09cf4] Writing "856. foo bar"
22:42:27.251 [reactor-http-nio-4] DEBUG o.s.c.c.CharSequenceEncoder - [8bf09cf4] Writing "857. foo bar"
22:42:27.251 [reactor-http-nio-4] DEBUG o.s.c.c.CharSequenceEncoder - [8bf09cf4] Writing "858. foo bar"
22:42:27.251 [reactor-http-nio-4] DEBUG o.s.c.c.CharSequenceEncoder - [8bf09cf4] Writing "859. foo bar"
22:42:27.251 [reactor-http-nio-4] DEBUG o.s.c.c.CharSequenceEncoder - [8bf09cf4] Writing "860. foo bar"
22:42:27.251 [reactor-http-nio-4] DEBUG o.s.c.c.CharSequenceEncoder - [8bf09cf4] Writing "861. foo bar"
22:42:27.251 [reactor-http-nio-4] DEBUG o.s.c.c.CharSequenceEncoder - [8bf09cf4] Writing "862. foo bar"
22:42:27.251 [reactor-http-nio-4] DEBUG o.s.c.c.CharSequenceEncoder - [8bf09cf4] Writing "863. foo bar"
22:42:27.251 [reactor-http-nio-4] DEBUG o.s.c.c.CharSequenceEncoder - [8bf09cf4] Writing "864. foo bar"
22:42:27.251 [reactor-http-nio-4] DEBUG o.s.c.c.CharSequenceEncoder - [8bf09cf4] Writing "865. foo bar"
22:42:27.251 [reactor-http-nio-4] DEBUG o.s.c.c.CharSequenceEncoder - [8bf09cf4] Writing "866. foo bar"
22:42:27.251 [reactor-http-nio-4] DEBUG o.s.c.c.CharSequenceEncoder - [8bf09cf4] Writing "867. foo bar"
22:42:27.251 [reactor-http-nio-4] DEBUG o.s.c.c.CharSequenceEncoder - [8bf09cf4] Writing "868. foo bar"
22:42:27.251 [reactor-http-nio-4] DEBUG o.s.c.c.CharSequenceEncoder - [8bf09cf4] Writing "869. foo bar"
22:42:27.251 [reactor-http-nio-4] DEBUG o.s.c.c.CharSequenceEncoder - [8bf09cf4] Writing "870. foo bar"
22:42:27.251 [reactor-http-nio-4] DEBUG o.s.c.c.CharSequenceEncoder - [8bf09cf4] Writing "871. foo bar"
22:42:27.251 [reactor-http-nio-4] DEBUG o.s.c.c.CharSequenceEncoder - [8bf09cf4] Writing "872. foo bar"
22:42:27.251 [reactor-http-nio-4] DEBUG o.s.c.c.CharSequenceEncoder - [8bf09cf4] Writing "873. foo bar"
22:42:27.251 [reactor-http-nio-4] DEBUG o.s.c.c.CharSequenceEncoder - [8bf09cf4] Writing "874. foo bar"
22:42:27.251 [reactor-http-nio-4] DEBUG o.s.c.c.CharSequenceEncoder - [8bf09cf4] Writing "875. foo bar"
22:42:27.251 [reactor-http-nio-4] DEBUG o.s.c.c.CharSequenceEncoder - [8bf09cf4] Writing "876. foo bar"
22:42:27.251 [reactor-http-nio-4] DEBUG o.s.c.c.CharSequenceEncoder - [8bf09cf4] Writing "877. foo bar"
22:42:27.251 [reactor-http-nio-4] DEBUG o.s.c.c.CharSequenceEncoder - [8bf09cf4] Writing "878. foo bar"
22:42:27.251 [reactor-http-nio-4] DEBUG o.s.c.c.CharSequenceEncoder - [8bf09cf4] Writing "879. foo bar"
22:42:27.251 [reactor-http-nio-4] DEBUG o.s.c.c.CharSequenceEncoder - [8bf09cf4] Writing "880. foo bar"
22:42:27.251 [reactor-http-nio-4] DEBUG o.s.c.c.CharSequenceEncoder - [8bf09cf4] Writing "881. foo bar"
22:42:27.251 [reactor-http-nio-4] DEBUG o.s.c.c.CharSequenceEncoder - [8bf09cf4] Writing "882. foo bar"
22:42:27.251 [reactor-http-nio-4] DEBUG o.s.c.c.CharSequenceEncoder - [8bf09cf4] Writing "883. foo bar"
22:42:27.251 [reactor-http-nio-4] DEBUG o.s.c.c.CharSequenceEncoder - [8bf09cf4] Writing "884. foo bar"
22:42:27.251 [reactor-http-nio-4] DEBUG o.s.c.c.CharSequenceEncoder - [8bf09cf4] Writing "885. foo bar"
22:42:27.251 [reactor-http-nio-4] DEBUG o.s.c.c.CharSequenceEncoder - [8bf09cf4] Writing "886. foo bar"
22:42:27.251 [reactor-http-nio-4] DEBUG o.s.c.c.CharSequenceEncoder - [8bf09cf4] Writing "887. foo bar"
22:42:27.251 [reactor-http-nio-4] DEBUG o.s.c.c.CharSequenceEncoder - [8bf09cf4] Writing "888. foo bar"
22:42:27.251 [reactor-http-nio-4] DEBUG o.s.c.c.CharSequenceEncoder - [8bf09cf4] Writing "889. foo bar"
22:42:27.252 [reactor-http-nio-4] DEBUG o.s.c.c.CharSequenceEncoder - [8bf09cf4] Writing "890. foo bar"
22:42:27.252 [reactor-http-nio-4] DEBUG o.s.c.c.CharSequenceEncoder - [8bf09cf4] Writing "891. foo bar"
22:42:27.252 [reactor-http-nio-4] DEBUG o.s.c.c.CharSequenceEncoder - [8bf09cf4] Writing "892. foo bar"
22:42:27.252 [reactor-http-nio-4] DEBUG o.s.c.c.CharSequenceEncoder - [8bf09cf4] Writing "893. foo bar"
22:42:27.252 [reactor-http-nio-4] DEBUG o.s.c.c.CharSequenceEncoder - [8bf09cf4] Writing "894. foo bar"
22:42:27.252 [reactor-http-nio-4] DEBUG o.s.c.c.CharSequenceEncoder - [8bf09cf4] Writing "895. foo bar"
22:42:27.252 [reactor-http-nio-4] DEBUG o.s.c.c.CharSequenceEncoder - [8bf09cf4] Writing "896. foo bar"
22:42:27.257 [reactor-http-nio-4] DEBUG o.s.c.c.CharSequenceEncoder - [8bf09cf4] Writing "897. foo bar"
22:42:27.257 [reactor-http-nio-4] DEBUG o.s.c.c.CharSequenceEncoder - [8bf09cf4] Writing "898. foo bar"
22:42:27.257 [reactor-http-nio-4] DEBUG o.s.c.c.CharSequenceEncoder - [8bf09cf4] Writing "899. foo bar"
22:42:27.257 [reactor-http-nio-4] DEBUG o.s.c.c.CharSequenceEncoder - [8bf09cf4] Writing "900. foo bar"
22:42:27.257 [reactor-http-nio-4] DEBUG o.s.c.c.CharSequenceEncoder - [8bf09cf4] Writing "901. foo bar"
22:42:27.257 [reactor-http-nio-4] DEBUG o.s.c.c.CharSequenceEncoder - [8bf09cf4] Writing "902. foo bar"
22:42:27.257 [reactor-http-nio-4] DEBUG o.s.c.c.CharSequenceEncoder - [8bf09cf4] Writing "903. foo bar"
22:42:27.257 [reactor-http-nio-4] DEBUG o.s.c.c.CharSequenceEncoder - [8bf09cf4] Writing "904. foo bar"
22:42:27.257 [reactor-http-nio-4] DEBUG o.s.c.c.CharSequenceEncoder - [8bf09cf4] Writing "905. foo bar"
22:42:27.257 [reactor-http-nio-4] DEBUG o.s.c.c.CharSequenceEncoder - [8bf09cf4] Writing "906. foo bar"
22:42:27.257 [reactor-http-nio-4] DEBUG o.s.c.c.CharSequenceEncoder - [8bf09cf4] Writing "907. foo bar"
22:42:27.257 [reactor-http-nio-4] DEBUG o.s.c.c.CharSequenceEncoder - [8bf09cf4] Writing "908. foo bar"
22:42:27.257 [reactor-http-nio-4] DEBUG o.s.c.c.CharSequenceEncoder - [8bf09cf4] Writing "909. foo bar"
22:42:27.257 [reactor-http-nio-4] DEBUG o.s.c.c.CharSequenceEncoder - [8bf09cf4] Writing "910. foo bar"
22:42:27.257 [reactor-http-nio-4] DEBUG o.s.c.c.CharSequenceEncoder - [8bf09cf4] Writing "911. foo bar"
22:42:27.257 [reactor-http-nio-4] DEBUG o.s.c.c.CharSequenceEncoder - [8bf09cf4] Writing "912. foo bar"
22:42:27.257 [reactor-http-nio-4] DEBUG o.s.c.c.CharSequenceEncoder - [8bf09cf4] Writing "913. foo bar"
22:42:27.257 [reactor-http-nio-4] DEBUG o.s.c.c.CharSequenceEncoder - [8bf09cf4] Writing "914. foo bar"
22:42:27.257 [reactor-http-nio-4] DEBUG o.s.c.c.CharSequenceEncoder - [8bf09cf4] Writing "915. foo bar"
22:42:27.257 [reactor-http-nio-4] DEBUG o.s.c.c.CharSequenceEncoder - [8bf09cf4] Writing "916. foo bar"
22:42:27.257 [reactor-http-nio-4] DEBUG o.s.c.c.CharSequenceEncoder - [8bf09cf4] Writing "917. foo bar"
22:42:27.257 [reactor-http-nio-4] DEBUG o.s.c.c.CharSequenceEncoder - [8bf09cf4] Writing "918. foo bar"
22:42:27.257 [reactor-http-nio-4] DEBUG o.s.c.c.CharSequenceEncoder - [8bf09cf4] Writing "919. foo bar"
22:42:27.257 [reactor-http-nio-4] DEBUG o.s.c.c.CharSequenceEncoder - [8bf09cf4] Writing "920. foo bar"
22:42:27.257 [reactor-http-nio-4] DEBUG o.s.c.c.CharSequenceEncoder - [8bf09cf4] Writing "921. foo bar"
22:42:27.257 [reactor-http-nio-4] DEBUG o.s.c.c.CharSequenceEncoder - [8bf09cf4] Writing "922. foo bar"
22:42:27.257 [reactor-http-nio-4] DEBUG o.s.c.c.CharSequenceEncoder - [8bf09cf4] Writing "923. foo bar"
22:42:27.257 [reactor-http-nio-4] DEBUG o.s.c.c.CharSequenceEncoder - [8bf09cf4] Writing "924. foo bar"
22:42:27.257 [reactor-http-nio-4] DEBUG o.s.c.c.CharSequenceEncoder - [8bf09cf4] Writing "925. foo bar"
22:42:27.257 [reactor-http-nio-4] DEBUG o.s.c.c.CharSequenceEncoder - [8bf09cf4] Writing "926. foo bar"
22:42:27.257 [reactor-http-nio-4] DEBUG o.s.c.c.CharSequenceEncoder - [8bf09cf4] Writing "927. foo bar"
22:42:27.257 [reactor-http-nio-4] DEBUG o.s.c.c.CharSequenceEncoder - [8bf09cf4] Writing "928. foo bar"
22:42:27.257 [reactor-http-nio-4] DEBUG o.s.c.c.CharSequenceEncoder - [8bf09cf4] Writing "929. foo bar"
22:42:27.257 [reactor-http-nio-4] DEBUG o.s.c.c.CharSequenceEncoder - [8bf09cf4] Writing "930. foo bar"
22:42:27.257 [reactor-http-nio-4] DEBUG o.s.c.c.CharSequenceEncoder - [8bf09cf4] Writing "931. foo bar"
22:42:27.257 [reactor-http-nio-4] DEBUG o.s.c.c.CharSequenceEncoder - [8bf09cf4] Writing "932. foo bar"
22:42:27.257 [reactor-http-nio-4] DEBUG o.s.c.c.CharSequenceEncoder - [8bf09cf4] Writing "933. foo bar"
22:42:27.257 [reactor-http-nio-4] DEBUG o.s.c.c.CharSequenceEncoder - [8bf09cf4] Writing "934. foo bar"
22:42:27.257 [reactor-http-nio-4] DEBUG o.s.c.c.CharSequenceEncoder - [8bf09cf4] Writing "935. foo bar"
22:42:27.258 [reactor-http-nio-4] DEBUG o.s.c.c.CharSequenceEncoder - [8bf09cf4] Writing "936. foo bar"
22:42:27.258 [reactor-http-nio-4] DEBUG o.s.c.c.CharSequenceEncoder - [8bf09cf4] Writing "937. foo bar"
22:42:27.258 [reactor-http-nio-4] DEBUG o.s.c.c.CharSequenceEncoder - [8bf09cf4] Writing "938. foo bar"
22:42:27.258 [reactor-http-nio-4] DEBUG o.s.c.c.CharSequenceEncoder - [8bf09cf4] Writing "939. foo bar"
22:42:27.258 [reactor-http-nio-4] DEBUG o.s.c.c.CharSequenceEncoder - [8bf09cf4] Writing "940. foo bar"
22:42:27.258 [reactor-http-nio-4] DEBUG o.s.c.c.CharSequenceEncoder - [8bf09cf4] Writing "941. foo bar"
22:42:27.258 [reactor-http-nio-4] DEBUG o.s.c.c.CharSequenceEncoder - [8bf09cf4] Writing "942. foo bar"
22:42:27.258 [reactor-http-nio-4] DEBUG o.s.c.c.CharSequenceEncoder - [8bf09cf4] Writing "943. foo bar"
22:42:27.258 [reactor-http-nio-4] DEBUG o.s.c.c.CharSequenceEncoder - [8bf09cf4] Writing "944. foo bar"
22:42:27.258 [reactor-http-nio-4] DEBUG o.s.c.c.CharSequenceEncoder - [8bf09cf4] Writing "945. foo bar"
22:42:27.258 [reactor-http-nio-4] DEBUG o.s.c.c.CharSequenceEncoder - [8bf09cf4] Writing "946. foo bar"
22:42:27.258 [reactor-http-nio-4] DEBUG o.s.c.c.CharSequenceEncoder - [8bf09cf4] Writing "947. foo bar"
22:42:27.258 [reactor-http-nio-4] DEBUG o.s.c.c.CharSequenceEncoder - [8bf09cf4] Writing "948. foo bar"
22:42:27.258 [reactor-http-nio-4] DEBUG o.s.c.c.CharSequenceEncoder - [8bf09cf4] Writing "949. foo bar"
22:42:27.258 [reactor-http-nio-4] DEBUG o.s.c.c.CharSequenceEncoder - [8bf09cf4] Writing "950. foo bar"
22:42:27.258 [reactor-http-nio-4] DEBUG o.s.c.c.CharSequenceEncoder - [8bf09cf4] Writing "951. foo bar"
22:42:27.258 [reactor-http-nio-4] DEBUG o.s.c.c.CharSequenceEncoder - [8bf09cf4] Writing "952. foo bar"
22:42:27.258 [reactor-http-nio-4] DEBUG o.s.c.c.CharSequenceEncoder - [8bf09cf4] Writing "953. foo bar"
22:42:27.258 [reactor-http-nio-4] DEBUG o.s.c.c.CharSequenceEncoder - [8bf09cf4] Writing "954. foo bar"
22:42:27.258 [reactor-http-nio-4] DEBUG o.s.c.c.CharSequenceEncoder - [8bf09cf4] Writing "955. foo bar"
22:42:27.258 [reactor-http-nio-4] DEBUG o.s.c.c.CharSequenceEncoder - [8bf09cf4] Writing "956. foo bar"
22:42:27.258 [reactor-http-nio-4] DEBUG o.s.c.c.CharSequenceEncoder - [8bf09cf4] Writing "957. foo bar"
22:42:27.258 [reactor-http-nio-4] DEBUG o.s.c.c.CharSequenceEncoder - [8bf09cf4] Writing "958. foo bar"
22:42:27.258 [reactor-http-nio-4] DEBUG o.s.c.c.CharSequenceEncoder - [8bf09cf4] Writing "959. foo bar"
22:42:27.258 [reactor-http-nio-4] DEBUG o.s.c.c.CharSequenceEncoder - [8bf09cf4] Writing "960. foo bar"
22:42:27.261 [reactor-http-nio-4] DEBUG o.s.c.c.CharSequenceEncoder - [8bf09cf4] Writing "961. foo bar"
22:42:27.261 [reactor-http-nio-4] DEBUG o.s.c.c.CharSequenceEncoder - [8bf09cf4] Writing "962. foo bar"
22:42:27.261 [reactor-http-nio-4] DEBUG o.s.c.c.CharSequenceEncoder - [8bf09cf4] Writing "963. foo bar"
22:42:27.261 [reactor-http-nio-4] DEBUG o.s.c.c.CharSequenceEncoder - [8bf09cf4] Writing "964. foo bar"
22:42:27.262 [reactor-http-nio-4] DEBUG o.s.c.c.CharSequenceEncoder - [8bf09cf4] Writing "965. foo bar"
22:42:27.262 [reactor-http-nio-4] DEBUG o.s.c.c.CharSequenceEncoder - [8bf09cf4] Writing "966. foo bar"
22:42:27.262 [reactor-http-nio-4] DEBUG o.s.c.c.CharSequenceEncoder - [8bf09cf4] Writing "967. foo bar"
22:42:27.262 [reactor-http-nio-4] DEBUG o.s.c.c.CharSequenceEncoder - [8bf09cf4] Writing "968. foo bar"
22:42:27.262 [reactor-http-nio-4] DEBUG o.s.c.c.CharSequenceEncoder - [8bf09cf4] Writing "969. foo bar"
22:42:27.262 [reactor-http-nio-4] DEBUG o.s.c.c.CharSequenceEncoder - [8bf09cf4] Writing "970. foo bar"
22:42:27.262 [reactor-http-nio-4] DEBUG o.s.c.c.CharSequenceEncoder - [8bf09cf4] Writing "971. foo bar"
22:42:27.262 [reactor-http-nio-4] DEBUG o.s.c.c.CharSequenceEncoder - [8bf09cf4] Writing "972. foo bar"
22:42:27.262 [reactor-http-nio-4] DEBUG o.s.c.c.CharSequenceEncoder - [8bf09cf4] Writing "973. foo bar"
22:42:27.262 [reactor-http-nio-4] DEBUG o.s.c.c.CharSequenceEncoder - [8bf09cf4] Writing "974. foo bar"
22:42:27.262 [reactor-http-nio-4] DEBUG o.s.c.c.CharSequenceEncoder - [8bf09cf4] Writing "975. foo bar"
22:42:27.262 [reactor-http-nio-4] DEBUG o.s.c.c.CharSequenceEncoder - [8bf09cf4] Writing "976. foo bar"
22:42:27.262 [reactor-http-nio-4] DEBUG o.s.c.c.CharSequenceEncoder - [8bf09cf4] Writing "977. foo bar"
22:42:27.262 [reactor-http-nio-4] DEBUG o.s.c.c.CharSequenceEncoder - [8bf09cf4] Writing "978. foo bar"
22:42:27.262 [reactor-http-nio-4] DEBUG o.s.c.c.CharSequenceEncoder - [8bf09cf4] Writing "979. foo bar"
22:42:27.262 [reactor-http-nio-4] DEBUG o.s.c.c.CharSequenceEncoder - [8bf09cf4] Writing "980. foo bar"
22:42:27.262 [reactor-http-nio-4] DEBUG o.s.c.c.CharSequenceEncoder - [8bf09cf4] Writing "981. foo bar"
22:42:27.262 [reactor-http-nio-4] DEBUG o.s.c.c.CharSequenceEncoder - [8bf09cf4] Writing "982. foo bar"
22:42:27.262 [reactor-http-nio-4] DEBUG o.s.c.c.CharSequenceEncoder - [8bf09cf4] Writing "983. foo bar"
22:42:27.262 [reactor-http-nio-4] DEBUG o.s.c.c.CharSequenceEncoder - [8bf09cf4] Writing "984. foo bar"
22:42:27.262 [reactor-http-nio-4] DEBUG o.s.c.c.CharSequenceEncoder - [8bf09cf4] Writing "985. foo bar"
22:42:27.262 [reactor-http-nio-4] DEBUG o.s.c.c.CharSequenceEncoder - [8bf09cf4] Writing "986. foo bar"
22:42:27.262 [reactor-http-nio-4] DEBUG o.s.c.c.CharSequenceEncoder - [8bf09cf4] Writing "987. foo bar"
22:42:27.262 [reactor-http-nio-4] DEBUG o.s.c.c.CharSequenceEncoder - [8bf09cf4] Writing "988. foo bar"
22:42:27.262 [reactor-http-nio-4] DEBUG o.s.c.c.CharSequenceEncoder - [8bf09cf4] Writing "989. foo bar"
22:42:27.262 [reactor-http-nio-4] DEBUG o.s.c.c.CharSequenceEncoder - [8bf09cf4] Writing "990. foo bar"
22:42:27.262 [reactor-http-nio-4] DEBUG o.s.c.c.CharSequenceEncoder - [8bf09cf4] Writing "991. foo bar"
22:42:27.262 [reactor-http-nio-4] DEBUG o.s.c.c.CharSequenceEncoder - [8bf09cf4] Writing "992. foo bar"
22:42:27.262 [reactor-http-nio-4] DEBUG o.s.c.c.CharSequenceEncoder - [8bf09cf4] Writing "993. foo bar"
22:42:27.263 [reactor-http-nio-4] DEBUG o.s.c.c.CharSequenceEncoder - [8bf09cf4] Writing "994. foo bar"
22:42:27.263 [reactor-http-nio-4] DEBUG o.s.c.c.CharSequenceEncoder - [8bf09cf4] Writing "995. foo bar"
22:42:27.263 [reactor-http-nio-4] DEBUG o.s.c.c.CharSequenceEncoder - [8bf09cf4] Writing "996. foo bar"
22:42:27.263 [reactor-http-nio-4] DEBUG o.s.c.c.CharSequenceEncoder - [8bf09cf4] Writing "997. foo bar"
22:42:27.263 [reactor-http-nio-4] DEBUG o.s.c.c.CharSequenceEncoder - [8bf09cf4] Writing "998. foo bar"
22:42:27.263 [reactor-http-nio-4] DEBUG o.s.c.c.CharSequenceEncoder - [8bf09cf4] Writing "999. foo bar"
22:42:27.263 [reactor-http-nio-4] ERROR o.s.w.s.a.HttpWebHandlerAdapter - [8bf09cf4] Error [java.lang.RuntimeException: Random error] for HTTP GET "/SPR-16051", but ServerHttpResponse already committed (200 OK)
22:42:27.263 [reactor-http-nio-4] ERROR r.n.h.s.HttpServerOperations - [id: 0x8bf09cf4, L:/127.0.0.1:53685 - R:/127.0.0.1:53686] Error finishing response. Closing connection
java.lang.RuntimeException: Random error
	at org.springframework.web.reactive.result.method.annotation.RequestMappingExceptionHandlingIntegrationTests$TestController.lambda$errors$0(RequestMappingExceptionHandlingIntegrationTests.java:142) ~[test/:?]
	at reactor.core.publisher.FluxMapFuseable$MapFuseableSubscriber.onNext(FluxMapFuseable.java:107) [reactor-core-3.3.0.M2.jar:3.3.0.M2]
	at reactor.core.publisher.FluxRange$RangeSubscription.slowPath(FluxRange.java:154) [reactor-core-3.3.0.M2.jar:3.3.0.M2]
	at reactor.core.publisher.FluxRange$RangeSubscription.request(FluxRange.java:109) [reactor-core-3.3.0.M2.jar:3.3.0.M2]
	at reactor.core.publisher.FluxMapFuseable$MapFuseableSubscriber.request(FluxMapFuseable.java:162) [reactor-core-3.3.0.M2.jar:3.3.0.M2]
	at reactor.core.publisher.FluxMapFuseable$MapFuseableSubscriber.request(FluxMapFuseable.java:162) [reactor-core-3.3.0.M2.jar:3.3.0.M2]
	at org.springframework.http.server.reactive.ChannelSendOperator$WriteBarrier.request(ChannelSendOperator.java:256) [spring-web-5.2.0.BUILD-SNAPSHOT.jar:5.2.0.BUILD-SNAPSHOT]
	at reactor.core.publisher.FluxMap$MapSubscriber.request(FluxMap.java:155) [reactor-core-3.3.0.M2.jar:3.3.0.M2]
	at reactor.netty.channel.MonoSendMany$SendManyInner.run(MonoSendMany.java:314) [reactor-netty-0.9.0.M2.jar:0.9.0.M2]
	at reactor.netty.channel.MonoSendMany$SendManyInner.trySchedule(MonoSendMany.java:371) [reactor-netty-0.9.0.M2.jar:0.9.0.M2]
	at reactor.netty.channel.MonoSendMany$SendManyInner.trySuccess(MonoSendMany.java:493) [reactor-netty-0.9.0.M2.jar:0.9.0.M2]
	at reactor.netty.channel.MonoSendMany$SendManyInner.trySuccess(MonoSendMany.java:92) [reactor-netty-0.9.0.M2.jar:0.9.0.M2]
	at io.netty.util.concurrent.PromiseCombiner.tryPromise(PromiseCombiner.java:170) [netty-common-4.1.36.Final.jar:4.1.36.Final]
	at io.netty.util.concurrent.PromiseCombiner.access$600(PromiseCombiner.java:35) [netty-common-4.1.36.Final.jar:4.1.36.Final]
	at io.netty.util.concurrent.PromiseCombiner$1.operationComplete0(PromiseCombiner.java:62) [netty-common-4.1.36.Final.jar:4.1.36.Final]
	at io.netty.util.concurrent.PromiseCombiner$1.operationComplete(PromiseCombiner.java:44) [netty-common-4.1.36.Final.jar:4.1.36.Final]
	at io.netty.util.concurrent.DefaultPromise.notifyListener0(DefaultPromise.java:502) [netty-common-4.1.36.Final.jar:4.1.36.Final]
	at io.netty.util.concurrent.DefaultPromise.notifyListenersNow(DefaultPromise.java:476) [netty-common-4.1.36.Final.jar:4.1.36.Final]
	at io.netty.util.concurrent.DefaultPromise.notifyListeners(DefaultPromise.java:415) [netty-common-4.1.36.Final.jar:4.1.36.Final]
	at io.netty.util.concurrent.DefaultPromise.setValue0(DefaultPromise.java:540) [netty-common-4.1.36.Final.jar:4.1.36.Final]
	at io.netty.util.concurrent.DefaultPromise.setSuccess0(DefaultPromise.java:529) [netty-common-4.1.36.Final.jar:4.1.36.Final]
	at io.netty.util.concurrent.DefaultPromise.trySuccess(DefaultPromise.java:101) [netty-common-4.1.36.Final.jar:4.1.36.Final]
	at io.netty.util.internal.PromiseNotificationUtil.trySuccess(PromiseNotificationUtil.java:48) [netty-common-4.1.36.Final.jar:4.1.36.Final]
	at io.netty.channel.ChannelOutboundBuffer.safeSuccess(ChannelOutboundBuffer.java:715) [netty-transport-4.1.36.Final.jar:4.1.36.Final]
	at io.netty.channel.ChannelOutboundBuffer.remove(ChannelOutboundBuffer.java:270) [netty-transport-4.1.36.Final.jar:4.1.36.Final]
	at io.netty.channel.ChannelOutboundBuffer.removeBytes(ChannelOutboundBuffer.java:350) [netty-transport-4.1.36.Final.jar:4.1.36.Final]
	at io.netty.channel.socket.nio.NioSocketChannel.doWrite(NioSocketChannel.java:428) [netty-transport-4.1.36.Final.jar:4.1.36.Final]
	at io.netty.channel.AbstractChannel$AbstractUnsafe.flush0(AbstractChannel.java:939) [netty-transport-4.1.36.Final.jar:4.1.36.Final]
	at io.netty.channel.nio.AbstractNioChannel$AbstractNioUnsafe.flush0(AbstractNioChannel.java:360) [netty-transport-4.1.36.Final.jar:4.1.36.Final]
	at io.netty.channel.AbstractChannel$AbstractUnsafe.flush(AbstractChannel.java:906) [netty-transport-4.1.36.Final.jar:4.1.36.Final]
	at io.netty.channel.DefaultChannelPipeline$HeadContext.flush(DefaultChannelPipeline.java:1370) [netty-transport-4.1.36.Final.jar:4.1.36.Final]
	at io.netty.channel.AbstractChannelHandlerContext.invokeFlush0(AbstractChannelHandlerContext.java:749) [netty-transport-4.1.36.Final.jar:4.1.36.Final]
	at io.netty.channel.AbstractChannelHandlerContext.invokeFlush(AbstractChannelHandlerContext.java:741) [netty-transport-4.1.36.Final.jar:4.1.36.Final]
	at io.netty.channel.AbstractChannelHandlerContext.flush(AbstractChannelHandlerContext.java:727) [netty-transport-4.1.36.Final.jar:4.1.36.Final]
	at io.netty.channel.CombinedChannelDuplexHandler$DelegatingChannelHandlerContext.flush(CombinedChannelDuplexHandler.java:533) [netty-transport-4.1.36.Final.jar:4.1.36.Final]
	at io.netty.channel.ChannelOutboundHandlerAdapter.flush(ChannelOutboundHandlerAdapter.java:125) [netty-transport-4.1.36.Final.jar:4.1.36.Final]
	at io.netty.channel.CombinedChannelDuplexHandler.flush(CombinedChannelDuplexHandler.java:358) [netty-transport-4.1.36.Final.jar:4.1.36.Final]
	at io.netty.channel.AbstractChannelHandlerContext.invokeFlush0(AbstractChannelHandlerContext.java:749) [netty-transport-4.1.36.Final.jar:4.1.36.Final]
	at io.netty.channel.AbstractChannelHandlerContext.invokeFlush(AbstractChannelHandlerContext.java:741) [netty-transport-4.1.36.Final.jar:4.1.36.Final]
	at io.netty.channel.AbstractChannelHandlerContext.flush(AbstractChannelHandlerContext.java:727) [netty-transport-4.1.36.Final.jar:4.1.36.Final]
	at reactor.netty.channel.MonoSendMany$SendManyInner$AsyncFlush.run(MonoSendMany.java:589) [reactor-netty-0.9.0.M2.jar:0.9.0.M2]
	at io.netty.util.concurrent.AbstractEventExecutor.safeExecute(AbstractEventExecutor.java:163) [netty-common-4.1.36.Final.jar:4.1.36.Final]
	at io.netty.util.concurrent.SingleThreadEventExecutor.runAllTasks(SingleThreadEventExecutor.java:405) [netty-common-4.1.36.Final.jar:4.1.36.Final]
	at io.netty.channel.nio.NioEventLoop.run(NioEventLoop.java:500) [netty-transport-4.1.36.Final.jar:4.1.36.Final]
	at io.netty.util.concurrent.SingleThreadEventExecutor$5.run(SingleThreadEventExecutor.java:906) [netty-common-4.1.36.Final.jar:4.1.36.Final]
	at io.netty.util.internal.ThreadExecutorMap$2.run(ThreadExecutorMap.java:74) [netty-common-4.1.36.Final.jar:4.1.36.Final]
	at io.netty.util.concurrent.FastThreadLocalRunnable.run(FastThreadLocalRunnable.java:30) [netty-common-4.1.36.Final.jar:4.1.36.Final]
	at java.lang.Thread.run(Thread.java:748) [?:1.8.0_211]
	Suppressed: reactor.core.publisher.FluxOnAssembly$OnAssemblyException: 
Error has been observed at the following site(s):
	|_ checkpoint ⇢ Handler org.springframework.web.reactive.result.method.annotation.RequestMappingExceptionHandlingIntegrationTests$TestController#errors() [DispatcherHandler]
	|_ checkpoint ⇢ HTTP GET "/SPR-16051" [ExceptionHandlingWebHandler]

22:42:27.265 [Test worker] DEBUG o.s.h.s.r.b.ReactorHttpServer - Stopping ReactorHttpServer...
22:42:27.266 [Test worker] DEBUG o.s.h.s.r.b.ReactorHttpServer - Server stopped (0 millis).
22:42:27.302 [Test worker] DEBUG o.s.w.r.r.m.a.RequestMappingHandlerMapping - 6 mappings in 'requestMappingHandlerMapping'
22:42:27.322 [Test worker] DEBUG o.s.w.r.r.m.a.ControllerMethodResolver - ControllerAdvice beans: none
22:42:27.349 [Test worker] DEBUG o.s.w.s.a.HttpWebHandlerAdapter - enableLoggingRequestDetails='false': form data and headers will be masked to prevent unsafe logging of potentially sensitive data
22:42:27.349 [Test worker] DEBUG o.s.h.s.r.b.ReactorHttpServer - Starting ReactorHttpServer...
22:42:27.350 [Test worker] DEBUG o.s.h.s.r.b.ReactorHttpServer - Server started on port 53687(0 millis).
22:42:27.350 [Test worker] DEBUG o.s.w.c.RestTemplate - HTTP GET http://localhost:53687/thrown-exception-with-cause
22:42:27.350 [Test worker] DEBUG o.s.w.c.RestTemplate - Accept=[text/plain, application/json, application/x-jackson-smile, application/*+json, */*]
22:42:27.351 [reactor-http-nio-6] DEBUG o.s.w.s.a.HttpWebHandlerAdapter - [37659376] HTTP GET "/thrown-exception-with-cause"
22:42:27.352 [reactor-http-nio-6] DEBUG o.s.w.r.r.m.a.RequestMappingHandlerMapping - [37659376] Mapped to org.springframework.web.reactive.result.method.annotation.RequestMappingExceptionHandlingIntegrationTests$TestController#handleAndThrowExceptionWithCause()
22:42:27.352 [reactor-http-nio-6] DEBUG o.s.w.r.r.m.a.RequestMappingHandlerAdapter - [37659376] Using @ExceptionHandler org.springframework.web.reactive.result.method.annotation.RequestMappingExceptionHandlingIntegrationTests$TestController#handleStateException(IllegalStateException)
22:42:27.353 [reactor-http-nio-6] DEBUG o.s.w.r.r.m.a.ResponseEntityResultHandler - Using 'text/plain;charset=UTF-8' given [text/plain, application/json, application/x-jackson-smile, application/*+json, */*] and supported [text/plain;charset=UTF-8, text/event-stream, text/plain;charset=UTF-8, */*]
22:42:27.353 [reactor-http-nio-6] DEBUG o.s.w.r.r.m.a.ResponseEntityResultHandler - [37659376] 0..1 [java.lang.String]
22:42:27.353 [reactor-http-nio-6] DEBUG o.s.c.c.CharSequenceEncoder - [37659376] Writing "Recovered from error: State"
22:42:27.354 [Test worker] DEBUG o.s.w.c.RestTemplate - Response 200 OK
22:42:27.354 [Test worker] DEBUG o.s.w.c.RestTemplate - Reading to [java.lang.String] as "text/plain;charset=UTF-8"
22:42:27.354 [Test worker] DEBUG o.s.h.s.r.b.ReactorHttpServer - Stopping ReactorHttpServer...
22:42:27.354 [Test worker] DEBUG o.s.h.s.r.b.ReactorHttpServer - Server stopped (0 millis).
22:42:27.387 [Test worker] DEBUG o.s.w.r.r.m.a.RequestMappingHandlerMapping - 6 mappings in 'requestMappingHandlerMapping'
22:42:27.406 [Test worker] DEBUG o.s.w.r.r.m.a.ControllerMethodResolver - ControllerAdvice beans: none
22:42:27.432 [Test worker] DEBUG o.s.w.s.a.HttpWebHandlerAdapter - enableLoggingRequestDetails='false': form data and headers will be masked to prevent unsafe logging of potentially sensitive data
22:42:27.433 [Test worker] DEBUG o.s.h.s.r.b.TomcatHttpServer - Starting TomcatHttpServer...
22:42:27.441 [Test worker] DEBUG o.s.h.s.r.b.TomcatHttpServer - Server started on port 53689(0 millis).
22:42:27.441 [Test worker] DEBUG o.s.w.c.RestTemplate - HTTP GET http://localhost:53689/mono-error
22:42:27.441 [Test worker] DEBUG o.s.w.c.RestTemplate - Accept=[text/plain, application/json, application/x-jackson-smile, application/*+json, */*]
22:42:27.443 [http-nio-auto-6-exec-1] DEBUG o.s.w.s.a.HttpWebHandlerAdapter - [c8a9de6] HTTP GET "/mono-error"
22:42:27.443 [http-nio-auto-6-exec-1] DEBUG o.s.w.r.r.m.a.RequestMappingHandlerMapping - [c8a9de6] Mapped to org.springframework.web.reactive.result.method.annotation.RequestMappingExceptionHandlingIntegrationTests$TestController#handleWithError()
22:42:27.444 [http-nio-auto-6-exec-1] DEBUG o.s.w.r.r.m.a.ResponseBodyResultHandler - Using 'text/plain;charset=UTF-8' given [text/plain, application/json, application/x-jackson-smile, application/*+json, */*] and supported [text/plain;charset=UTF-8, text/event-stream, text/plain;charset=UTF-8, */*]
22:42:27.444 [http-nio-auto-6-exec-1] DEBUG o.s.w.r.r.m.a.ResponseBodyResultHandler - [c8a9de6] 0..1 [java.lang.String]
22:42:27.444 [http-nio-auto-6-exec-1] DEBUG o.s.w.r.r.m.a.RequestMappingHandlerAdapter - [c8a9de6] Using @ExceptionHandler org.springframework.web.reactive.result.method.annotation.RequestMappingExceptionHandlingIntegrationTests$TestController#handleArgumentException(IllegalArgumentException)
22:42:27.445 [http-nio-auto-6-exec-1] DEBUG o.s.w.r.r.m.a.ResponseBodyResultHandler - Using 'text/plain;charset=UTF-8' given [text/plain, application/json, application/x-jackson-smile, application/*+json, */*] and supported [text/plain;charset=UTF-8, text/event-stream, text/plain;charset=UTF-8, */*]
22:42:27.445 [http-nio-auto-6-exec-1] DEBUG o.s.w.r.r.m.a.ResponseBodyResultHandler - [c8a9de6] 0..1 [java.lang.String]
22:42:27.445 [http-nio-auto-6-exec-1] DEBUG o.s.c.c.CharSequenceEncoder - [c8a9de6] Writing "Recovered from error: Argument"
22:42:27.447 [http-nio-auto-6-exec-1] DEBUG o.s.w.s.a.HttpWebHandlerAdapter - [c8a9de6] Completed 200 OK
22:42:27.447 [Test worker] DEBUG o.s.w.c.RestTemplate - Response 200 OK
22:42:27.447 [Test worker] DEBUG o.s.w.c.RestTemplate - Reading to [java.lang.String] as "text/plain;charset=UTF-8"
22:42:27.448 [Test worker] DEBUG o.s.h.s.r.b.TomcatHttpServer - Stopping TomcatHttpServer...
22:42:27.460 [Test worker] DEBUG o.s.h.s.r.b.TomcatHttpServer - Server stopped (0 millis).
22:42:27.504 [Test worker] DEBUG o.s.w.r.r.m.a.RequestMappingHandlerMapping - 6 mappings in 'requestMappingHandlerMapping'
22:42:27.523 [Test worker] DEBUG o.s.w.r.r.m.a.ControllerMethodResolver - ControllerAdvice beans: none
22:42:27.548 [Test worker] DEBUG o.s.w.s.a.HttpWebHandlerAdapter - enableLoggingRequestDetails='false': form data and headers will be masked to prevent unsafe logging of potentially sensitive data
22:42:27.549 [Test worker] DEBUG o.s.h.s.r.b.TomcatHttpServer - Starting TomcatHttpServer...
22:42:27.555 [Test worker] DEBUG o.s.h.s.r.b.TomcatHttpServer - Server started on port 53692(0 millis).
22:42:27.555 [Test worker] DEBUG o.s.w.c.RestTemplate - HTTP GET http://localhost:53692/thrown-exception-with-cause-to-handle
22:42:27.556 [Test worker] DEBUG o.s.w.c.RestTemplate - Accept=[text/plain, application/json, application/x-jackson-smile, application/*+json, */*]
22:42:27.558 [http-nio-auto-7-exec-1] DEBUG o.s.w.s.a.HttpWebHandlerAdapter - [29a4a077] HTTP GET "/thrown-exception-with-cause-to-handle"
22:42:27.558 [http-nio-auto-7-exec-1] DEBUG o.s.w.r.r.m.a.RequestMappingHandlerMapping - [29a4a077] Mapped to org.springframework.web.reactive.result.method.annotation.RequestMappingExceptionHandlingIntegrationTests$TestController#handleAndThrowExceptionWithCauseToHandle()
22:42:27.559 [http-nio-auto-7-exec-1] DEBUG o.s.w.r.r.m.a.RequestMappingHandlerAdapter - [29a4a077] Using @ExceptionHandler org.springframework.web.reactive.result.method.annotation.RequestMappingExceptionHandlingIntegrationTests$TestController#handleArgumentException(IOException)
22:42:27.559 [http-nio-auto-7-exec-1] DEBUG o.s.w.r.r.m.a.ResponseBodyResultHandler - Using 'text/plain;charset=UTF-8' given [text/plain, application/json, application/x-jackson-smile, application/*+json, */*] and supported [text/plain;charset=UTF-8, text/event-stream, text/plain;charset=UTF-8, */*]
22:42:27.559 [http-nio-auto-7-exec-1] DEBUG o.s.w.r.r.m.a.ResponseBodyResultHandler - [29a4a077] 0..1 [java.lang.String]
22:42:27.559 [http-nio-auto-7-exec-1] DEBUG o.s.c.c.CharSequenceEncoder - [29a4a077] Writing "Recovered from error: IO"
22:42:27.560 [http-nio-auto-7-exec-1] DEBUG o.s.w.s.a.HttpWebHandlerAdapter - [29a4a077] Completed 200 OK
22:42:27.560 [Test worker] DEBUG o.s.w.c.RestTemplate - Response 200 OK
22:42:27.560 [Test worker] DEBUG o.s.w.c.RestTemplate - Reading to [java.lang.String] as "text/plain;charset=UTF-8"
22:42:27.561 [Test worker] DEBUG o.s.h.s.r.b.TomcatHttpServer - Stopping TomcatHttpServer...
22:42:27.566 [Test worker] DEBUG o.s.h.s.r.b.TomcatHttpServer - Server stopped (0 millis).
22:42:27.615 [Test worker] DEBUG o.s.w.r.r.m.a.RequestMappingHandlerMapping - 6 mappings in 'requestMappingHandlerMapping'
22:42:27.635 [Test worker] DEBUG o.s.w.r.r.m.a.ControllerMethodResolver - ControllerAdvice beans: none
22:42:27.669 [Test worker] DEBUG o.s.w.s.a.HttpWebHandlerAdapter - enableLoggingRequestDetails='false': form data and headers will be masked to prevent unsafe logging of potentially sensitive data
22:42:27.670 [Test worker] DEBUG o.s.h.s.r.b.TomcatHttpServer - Starting TomcatHttpServer...
22:42:27.678 [Test worker] DEBUG o.s.h.s.r.b.TomcatHttpServer - Server started on port 53695(0 millis).
22:42:27.678 [Test worker] DEBUG o.s.w.c.RestTemplate - HTTP GET http://localhost:53695/SPR-16318
22:42:27.678 [Test worker] DEBUG o.s.w.c.RestTemplate - Accept=[text/plain, application/json, application/x-jackson-smile, application/*+json, */*]
22:42:27.680 [http-nio-auto-8-exec-1] DEBUG o.s.w.s.a.HttpWebHandlerAdapter - [7a452958] HTTP GET "/SPR-16318"
22:42:27.681 [http-nio-auto-8-exec-1] DEBUG o.s.w.r.r.m.a.RequestMappingHandlerMapping - [7a452958] Mapped to org.springframework.web.reactive.result.method.annotation.RequestMappingExceptionHandlingIntegrationTests$TestController#handleTextPlain()
22:42:27.681 [http-nio-auto-8-exec-1] DEBUG o.s.w.r.r.m.a.ResponseBodyResultHandler - Using 'text/plain' given [text/plain, application/problem+json] and supported [text/plain]
22:42:27.681 [http-nio-auto-8-exec-1] DEBUG o.s.w.r.r.m.a.ResponseBodyResultHandler - [7a452958] 0..1 [java.lang.String]
22:42:27.682 [http-nio-auto-8-exec-1] DEBUG o.s.w.r.r.m.a.RequestMappingHandlerAdapter - [7a452958] Using @ExceptionHandler org.springframework.web.reactive.result.method.annotation.RequestMappingExceptionHandlingIntegrationTests$TestController#handle(Spr16318Exception)
22:42:27.682 [http-nio-auto-8-exec-1] DEBUG o.s.w.r.r.m.a.ResponseEntityResultHandler - Using 'application/problem+json' given [text/plain, application/problem+json] and supported [application/json, application/*+json, application/x-jackson-smile, application/*+x-jackson-smile, text/event-stream]
22:42:27.682 [http-nio-auto-8-exec-1] DEBUG o.s.w.r.r.m.a.ResponseEntityResultHandler - [7a452958] 0..1 [java.util.Map<java.lang.String, java.lang.String>]
22:42:27.682 [http-nio-auto-8-exec-1] DEBUG o.s.h.c.j.Jackson2JsonEncoder - [7a452958] Encoding [{reason=error}]
22:42:27.683 [http-nio-auto-8-exec-1] DEBUG o.s.w.s.a.HttpWebHandlerAdapter - [7a452958] Completed 500 INTERNAL_SERVER_ERROR
22:42:27.683 [Test worker] DEBUG o.s.w.c.RestTemplate - Response 500 INTERNAL_SERVER_ERROR
22:42:27.683 [Test worker] DEBUG o.s.h.s.r.b.TomcatHttpServer - Stopping TomcatHttpServer...
22:42:27.695 [Test worker] DEBUG o.s.h.s.r.b.TomcatHttpServer - Server stopped (0 millis).
22:42:27.744 [Test worker] DEBUG o.s.w.r.r.m.a.RequestMappingHandlerMapping - 6 mappings in 'requestMappingHandlerMapping'
22:42:27.766 [Test worker] DEBUG o.s.w.r.r.m.a.ControllerMethodResolver - ControllerAdvice beans: none
22:42:27.797 [Test worker] DEBUG o.s.w.s.a.HttpWebHandlerAdapter - enableLoggingRequestDetails='false': form data and headers will be masked to prevent unsafe logging of potentially sensitive data
22:42:27.797 [Test worker] DEBUG o.s.h.s.r.b.TomcatHttpServer - Starting TomcatHttpServer...
22:42:27.804 [Test worker] DEBUG o.s.h.s.r.b.TomcatHttpServer - Server started on port 53698(0 millis).
22:42:27.804 [Test worker] DEBUG o.s.w.c.RestTemplate - HTTP GET http://localhost:53698/thrown-exception
22:42:27.804 [Test worker] DEBUG o.s.w.c.RestTemplate - Accept=[text/plain, application/json, application/x-jackson-smile, application/*+json, */*]
22:42:27.806 [http-nio-auto-9-exec-1] DEBUG o.s.w.s.a.HttpWebHandlerAdapter - [36c3ce10] HTTP GET "/thrown-exception"
22:42:27.807 [http-nio-auto-9-exec-1] DEBUG o.s.w.r.r.m.a.RequestMappingHandlerMapping - [36c3ce10] Mapped to org.springframework.web.reactive.result.method.annotation.RequestMappingExceptionHandlingIntegrationTests$TestController#handleAndThrowException()
22:42:27.807 [http-nio-auto-9-exec-1] DEBUG o.s.w.r.r.m.a.RequestMappingHandlerAdapter - [36c3ce10] Using @ExceptionHandler org.springframework.web.reactive.result.method.annotation.RequestMappingExceptionHandlingIntegrationTests$TestController#handleStateException(IllegalStateException)
22:42:27.808 [http-nio-auto-9-exec-1] DEBUG o.s.w.r.r.m.a.ResponseEntityResultHandler - Using 'text/plain;charset=UTF-8' given [text/plain, application/json, application/x-jackson-smile, application/*+json, */*] and supported [text/plain;charset=UTF-8, text/event-stream, text/plain;charset=UTF-8, */*]
22:42:27.808 [http-nio-auto-9-exec-1] DEBUG o.s.w.r.r.m.a.ResponseEntityResultHandler - [36c3ce10] 0..1 [java.lang.String]
22:42:27.808 [http-nio-auto-9-exec-1] DEBUG o.s.c.c.CharSequenceEncoder - [36c3ce10] Writing "Recovered from error: State"
22:42:27.808 [http-nio-auto-9-exec-1] DEBUG o.s.w.s.a.HttpWebHandlerAdapter - [36c3ce10] Completed 200 OK
22:42:27.808 [Test worker] DEBUG o.s.w.c.RestTemplate - Response 200 OK
22:42:27.808 [Test worker] DEBUG o.s.w.c.RestTemplate - Reading to [java.lang.String] as "text/plain;charset=UTF-8"
22:42:27.809 [Test worker] DEBUG o.s.h.s.r.b.TomcatHttpServer - Stopping TomcatHttpServer...
22:42:27.820 [Test worker] DEBUG o.s.h.s.r.b.TomcatHttpServer - Server stopped (0 millis).
22:42:27.866 [Test worker] DEBUG o.s.w.r.r.m.a.RequestMappingHandlerMapping - 6 mappings in 'requestMappingHandlerMapping'
22:42:27.891 [Test worker] DEBUG o.s.w.r.r.m.a.ControllerMethodResolver - ControllerAdvice beans: none
22:42:27.930 [Test worker] DEBUG o.s.w.s.a.HttpWebHandlerAdapter - enableLoggingRequestDetails='false': form data and headers will be masked to prevent unsafe logging of potentially sensitive data
22:42:27.930 [Test worker] DEBUG o.s.h.s.r.b.TomcatHttpServer - Starting TomcatHttpServer...
22:42:27.936 [Test worker] DEBUG o.s.h.s.r.b.TomcatHttpServer - Server started on port 53701(0 millis).
22:42:27.937 [Test worker] DEBUG o.s.w.c.RestTemplate - HTTP GET http://localhost:53701/SPR-16051
22:42:27.937 [Test worker] DEBUG o.s.w.c.RestTemplate - Accept=[text/plain, application/json, application/x-jackson-smile, application/*+json, */*]
22:42:27.938 [http-nio-auto-10-exec-1] DEBUG o.s.w.s.a.HttpWebHandlerAdapter - [157a49df] HTTP GET "/SPR-16051"
22:42:27.939 [http-nio-auto-10-exec-1] DEBUG o.s.w.r.r.m.a.RequestMappingHandlerMapping - [157a49df] Mapped to org.springframework.web.reactive.result.method.annotation.RequestMappingExceptionHandlingIntegrationTests$TestController#errors()
22:42:27.939 [http-nio-auto-10-exec-1] DEBUG o.s.w.r.r.m.a.ResponseBodyResultHandler - Using 'text/plain;charset=UTF-8' given [text/plain, application/json, application/x-jackson-smile, application/*+json, */*] and supported [text/plain;charset=UTF-8, text/event-stream, text/plain;charset=UTF-8, */*]
22:42:27.939 [http-nio-auto-10-exec-1] DEBUG o.s.w.r.r.m.a.ResponseBodyResultHandler - [157a49df] 0..N [java.lang.String]
22:42:27.939 [http-nio-auto-10-exec-1] DEBUG o.s.c.c.CharSequenceEncoder - [157a49df] Writing "1. foo bar"
22:42:27.939 [http-nio-auto-10-exec-1] DEBUG o.s.c.c.CharSequenceEncoder - [157a49df] Writing "2. foo bar"
22:42:27.939 [http-nio-auto-10-exec-1] DEBUG o.s.c.c.CharSequenceEncoder - [157a49df] Writing "3. foo bar"
22:42:27.939 [http-nio-auto-10-exec-1] DEBUG o.s.c.c.CharSequenceEncoder - [157a49df] Writing "4. foo bar"
22:42:27.939 [http-nio-auto-10-exec-1] DEBUG o.s.c.c.CharSequenceEncoder - [157a49df] Writing "5. foo bar"
22:42:27.939 [http-nio-auto-10-exec-1] DEBUG o.s.c.c.CharSequenceEncoder - [157a49df] Writing "6. foo bar"
22:42:27.940 [http-nio-auto-10-exec-1] DEBUG o.s.c.c.CharSequenceEncoder - [157a49df] Writing "7. foo bar"
22:42:27.940 [http-nio-auto-10-exec-1] DEBUG o.s.c.c.CharSequenceEncoder - [157a49df] Writing "8. foo bar"
22:42:27.940 [http-nio-auto-10-exec-1] DEBUG o.s.c.c.CharSequenceEncoder - [157a49df] Writing "9. foo bar"
22:42:27.940 [http-nio-auto-10-exec-1] DEBUG o.s.c.c.CharSequenceEncoder - [157a49df] Writing "10. foo bar"
22:42:27.940 [http-nio-auto-10-exec-1] DEBUG o.s.c.c.CharSequenceEncoder - [157a49df] Writing "11. foo bar"
22:42:27.940 [http-nio-auto-10-exec-1] DEBUG o.s.c.c.CharSequenceEncoder - [157a49df] Writing "12. foo bar"
22:42:27.940 [http-nio-auto-10-exec-1] DEBUG o.s.c.c.CharSequenceEncoder - [157a49df] Writing "13. foo bar"
22:42:27.940 [http-nio-auto-10-exec-1] DEBUG o.s.c.c.CharSequenceEncoder - [157a49df] Writing "14. foo bar"
22:42:27.940 [http-nio-auto-10-exec-1] DEBUG o.s.c.c.CharSequenceEncoder - [157a49df] Writing "15. foo bar"
22:42:27.940 [http-nio-auto-10-exec-1] DEBUG o.s.c.c.CharSequenceEncoder - [157a49df] Writing "16. foo bar"
22:42:27.940 [http-nio-auto-10-exec-1] DEBUG o.s.c.c.CharSequenceEncoder - [157a49df] Writing "17. foo bar"
22:42:27.940 [http-nio-auto-10-exec-1] DEBUG o.s.c.c.CharSequenceEncoder - [157a49df] Writing "18. foo bar"
22:42:27.940 [http-nio-auto-10-exec-1] DEBUG o.s.c.c.CharSequenceEncoder - [157a49df] Writing "19. foo bar"
22:42:27.940 [http-nio-auto-10-exec-1] DEBUG o.s.c.c.CharSequenceEncoder - [157a49df] Writing "20. foo bar"
22:42:27.940 [http-nio-auto-10-exec-1] DEBUG o.s.c.c.CharSequenceEncoder - [157a49df] Writing "21. foo bar"
22:42:27.940 [http-nio-auto-10-exec-1] DEBUG o.s.c.c.CharSequenceEncoder - [157a49df] Writing "22. foo bar"
22:42:27.940 [http-nio-auto-10-exec-1] DEBUG o.s.c.c.CharSequenceEncoder - [157a49df] Writing "23. foo bar"
22:42:27.940 [http-nio-auto-10-exec-1] DEBUG o.s.c.c.CharSequenceEncoder - [157a49df] Writing "24. foo bar"
22:42:27.940 [http-nio-auto-10-exec-1] DEBUG o.s.c.c.CharSequenceEncoder - [157a49df] Writing "25. foo bar"
22:42:27.940 [http-nio-auto-10-exec-1] DEBUG o.s.c.c.CharSequenceEncoder - [157a49df] Writing "26. foo bar"
22:42:27.940 [http-nio-auto-10-exec-1] DEBUG o.s.c.c.CharSequenceEncoder - [157a49df] Writing "27. foo bar"
22:42:27.940 [http-nio-auto-10-exec-1] DEBUG o.s.c.c.CharSequenceEncoder - [157a49df] Writing "28. foo bar"
22:42:27.940 [http-nio-auto-10-exec-1] DEBUG o.s.c.c.CharSequenceEncoder - [157a49df] Writing "29. foo bar"
22:42:27.940 [http-nio-auto-10-exec-1] DEBUG o.s.c.c.CharSequenceEncoder - [157a49df] Writing "30. foo bar"
22:42:27.940 [http-nio-auto-10-exec-1] DEBUG o.s.c.c.CharSequenceEncoder - [157a49df] Writing "31. foo bar"
22:42:27.940 [http-nio-auto-10-exec-1] DEBUG o.s.c.c.CharSequenceEncoder - [157a49df] Writing "32. foo bar"
22:42:27.940 [http-nio-auto-10-exec-1] DEBUG o.s.c.c.CharSequenceEncoder - [157a49df] Writing "33. foo bar"
22:42:27.940 [http-nio-auto-10-exec-1] DEBUG o.s.c.c.CharSequenceEncoder - [157a49df] Writing "34. foo bar"
22:42:27.940 [http-nio-auto-10-exec-1] DEBUG o.s.c.c.CharSequenceEncoder - [157a49df] Writing "35. foo bar"
22:42:27.940 [http-nio-auto-10-exec-1] DEBUG o.s.c.c.CharSequenceEncoder - [157a49df] Writing "36. foo bar"
22:42:27.940 [http-nio-auto-10-exec-1] DEBUG o.s.c.c.CharSequenceEncoder - [157a49df] Writing "37. foo bar"
22:42:27.940 [http-nio-auto-10-exec-1] DEBUG o.s.c.c.CharSequenceEncoder - [157a49df] Writing "38. foo bar"
22:42:27.940 [http-nio-auto-10-exec-1] DEBUG o.s.c.c.CharSequenceEncoder - [157a49df] Writing "39. foo bar"
22:42:27.940 [http-nio-auto-10-exec-1] DEBUG o.s.c.c.CharSequenceEncoder - [157a49df] Writing "40. foo bar"
22:42:27.940 [http-nio-auto-10-exec-1] DEBUG o.s.c.c.CharSequenceEncoder - [157a49df] Writing "41. foo bar"
22:42:27.940 [http-nio-auto-10-exec-1] DEBUG o.s.c.c.CharSequenceEncoder - [157a49df] Writing "42. foo bar"
22:42:27.940 [http-nio-auto-10-exec-1] DEBUG o.s.c.c.CharSequenceEncoder - [157a49df] Writing "43. foo bar"
22:42:27.940 [http-nio-auto-10-exec-1] DEBUG o.s.c.c.CharSequenceEncoder - [157a49df] Writing "44. foo bar"
22:42:27.941 [http-nio-auto-10-exec-1] DEBUG o.s.c.c.CharSequenceEncoder - [157a49df] Writing "45. foo bar"
22:42:27.941 [http-nio-auto-10-exec-1] DEBUG o.s.c.c.CharSequenceEncoder - [157a49df] Writing "46. foo bar"
22:42:27.941 [http-nio-auto-10-exec-1] DEBUG o.s.c.c.CharSequenceEncoder - [157a49df] Writing "47. foo bar"
22:42:27.941 [http-nio-auto-10-exec-1] DEBUG o.s.c.c.CharSequenceEncoder - [157a49df] Writing "48. foo bar"
22:42:27.941 [http-nio-auto-10-exec-1] DEBUG o.s.c.c.CharSequenceEncoder - [157a49df] Writing "49. foo bar"
22:42:27.941 [http-nio-auto-10-exec-1] DEBUG o.s.c.c.CharSequenceEncoder - [157a49df] Writing "50. foo bar"
22:42:27.941 [http-nio-auto-10-exec-1] DEBUG o.s.c.c.CharSequenceEncoder - [157a49df] Writing "51. foo bar"
22:42:27.941 [http-nio-auto-10-exec-1] DEBUG o.s.c.c.CharSequenceEncoder - [157a49df] Writing "52. foo bar"
22:42:27.941 [http-nio-auto-10-exec-1] DEBUG o.s.c.c.CharSequenceEncoder - [157a49df] Writing "53. foo bar"
22:42:27.941 [http-nio-auto-10-exec-1] DEBUG o.s.c.c.CharSequenceEncoder - [157a49df] Writing "54. foo bar"
22:42:27.941 [http-nio-auto-10-exec-1] DEBUG o.s.c.c.CharSequenceEncoder - [157a49df] Writing "55. foo bar"
22:42:27.941 [http-nio-auto-10-exec-1] DEBUG o.s.c.c.CharSequenceEncoder - [157a49df] Writing "56. foo bar"
22:42:27.941 [http-nio-auto-10-exec-1] DEBUG o.s.c.c.CharSequenceEncoder - [157a49df] Writing "57. foo bar"
22:42:27.941 [http-nio-auto-10-exec-1] DEBUG o.s.c.c.CharSequenceEncoder - [157a49df] Writing "58. foo bar"
22:42:27.941 [http-nio-auto-10-exec-1] DEBUG o.s.c.c.CharSequenceEncoder - [157a49df] Writing "59. foo bar"
22:42:27.941 [http-nio-auto-10-exec-1] DEBUG o.s.c.c.CharSequenceEncoder - [157a49df] Writing "60. foo bar"
22:42:27.941 [http-nio-auto-10-exec-1] DEBUG o.s.c.c.CharSequenceEncoder - [157a49df] Writing "61. foo bar"
22:42:27.941 [http-nio-auto-10-exec-1] DEBUG o.s.c.c.CharSequenceEncoder - [157a49df] Writing "62. foo bar"
22:42:27.941 [http-nio-auto-10-exec-1] DEBUG o.s.c.c.CharSequenceEncoder - [157a49df] Writing "63. foo bar"
22:42:27.941 [http-nio-auto-10-exec-1] DEBUG o.s.c.c.CharSequenceEncoder - [157a49df] Writing "64. foo bar"
22:42:27.941 [http-nio-auto-10-exec-1] DEBUG o.s.c.c.CharSequenceEncoder - [157a49df] Writing "65. foo bar"
22:42:27.941 [http-nio-auto-10-exec-1] DEBUG o.s.c.c.CharSequenceEncoder - [157a49df] Writing "66. foo bar"
22:42:27.941 [http-nio-auto-10-exec-1] DEBUG o.s.c.c.CharSequenceEncoder - [157a49df] Writing "67. foo bar"
22:42:27.941 [http-nio-auto-10-exec-1] DEBUG o.s.c.c.CharSequenceEncoder - [157a49df] Writing "68. foo bar"
22:42:27.941 [http-nio-auto-10-exec-1] DEBUG o.s.c.c.CharSequenceEncoder - [157a49df] Writing "69. foo bar"
22:42:27.941 [http-nio-auto-10-exec-1] DEBUG o.s.c.c.CharSequenceEncoder - [157a49df] Writing "70. foo bar"
22:42:27.941 [http-nio-auto-10-exec-1] DEBUG o.s.c.c.CharSequenceEncoder - [157a49df] Writing "71. foo bar"
22:42:27.941 [http-nio-auto-10-exec-1] DEBUG o.s.c.c.CharSequenceEncoder - [157a49df] Writing "72. foo bar"
22:42:27.941 [http-nio-auto-10-exec-1] DEBUG o.s.c.c.CharSequenceEncoder - [157a49df] Writing "73. foo bar"
22:42:27.941 [http-nio-auto-10-exec-1] DEBUG o.s.c.c.CharSequenceEncoder - [157a49df] Writing "74. foo bar"
22:42:27.941 [http-nio-auto-10-exec-1] DEBUG o.s.c.c.CharSequenceEncoder - [157a49df] Writing "75. foo bar"
22:42:27.941 [http-nio-auto-10-exec-1] DEBUG o.s.c.c.CharSequenceEncoder - [157a49df] Writing "76. foo bar"
22:42:27.942 [http-nio-auto-10-exec-1] DEBUG o.s.c.c.CharSequenceEncoder - [157a49df] Writing "77. foo bar"
22:42:27.942 [http-nio-auto-10-exec-1] DEBUG o.s.c.c.CharSequenceEncoder - [157a49df] Writing "78. foo bar"
22:42:27.942 [http-nio-auto-10-exec-1] DEBUG o.s.c.c.CharSequenceEncoder - [157a49df] Writing "79. foo bar"
22:42:27.942 [http-nio-auto-10-exec-1] DEBUG o.s.c.c.CharSequenceEncoder - [157a49df] Writing "80. foo bar"
22:42:27.942 [http-nio-auto-10-exec-1] DEBUG o.s.c.c.CharSequenceEncoder - [157a49df] Writing "81. foo bar"
22:42:27.942 [http-nio-auto-10-exec-1] DEBUG o.s.c.c.CharSequenceEncoder - [157a49df] Writing "82. foo bar"
22:42:27.942 [http-nio-auto-10-exec-1] DEBUG o.s.c.c.CharSequenceEncoder - [157a49df] Writing "83. foo bar"
22:42:27.942 [http-nio-auto-10-exec-1] DEBUG o.s.c.c.CharSequenceEncoder - [157a49df] Writing "84. foo bar"
22:42:27.942 [http-nio-auto-10-exec-1] DEBUG o.s.c.c.CharSequenceEncoder - [157a49df] Writing "85. foo bar"
22:42:27.942 [http-nio-auto-10-exec-1] DEBUG o.s.c.c.CharSequenceEncoder - [157a49df] Writing "86. foo bar"
22:42:27.942 [http-nio-auto-10-exec-1] DEBUG o.s.c.c.CharSequenceEncoder - [157a49df] Writing "87. foo bar"
22:42:27.942 [http-nio-auto-10-exec-1] DEBUG o.s.c.c.CharSequenceEncoder - [157a49df] Writing "88. foo bar"
22:42:27.942 [http-nio-auto-10-exec-1] DEBUG o.s.c.c.CharSequenceEncoder - [157a49df] Writing "89. foo bar"
22:42:27.942 [http-nio-auto-10-exec-1] DEBUG o.s.c.c.CharSequenceEncoder - [157a49df] Writing "90. foo bar"
22:42:27.942 [http-nio-auto-10-exec-1] DEBUG o.s.c.c.CharSequenceEncoder - [157a49df] Writing "91. foo bar"
22:42:27.942 [http-nio-auto-10-exec-1] DEBUG o.s.c.c.CharSequenceEncoder - [157a49df] Writing "92. foo bar"
22:42:27.942 [http-nio-auto-10-exec-1] DEBUG o.s.c.c.CharSequenceEncoder - [157a49df] Writing "93. foo bar"
22:42:27.942 [http-nio-auto-10-exec-1] DEBUG o.s.c.c.CharSequenceEncoder - [157a49df] Writing "94. foo bar"
22:42:27.942 [http-nio-auto-10-exec-1] DEBUG o.s.c.c.CharSequenceEncoder - [157a49df] Writing "95. foo bar"
22:42:27.942 [http-nio-auto-10-exec-1] DEBUG o.s.c.c.CharSequenceEncoder - [157a49df] Writing "96. foo bar"
22:42:27.942 [http-nio-auto-10-exec-1] DEBUG o.s.c.c.CharSequenceEncoder - [157a49df] Writing "97. foo bar"
22:42:27.942 [http-nio-auto-10-exec-1] DEBUG o.s.c.c.CharSequenceEncoder - [157a49df] Writing "98. foo bar"
22:42:27.942 [http-nio-auto-10-exec-1] DEBUG o.s.c.c.CharSequenceEncoder - [157a49df] Writing "99. foo bar"
22:42:27.942 [http-nio-auto-10-exec-1] DEBUG o.s.c.c.CharSequenceEncoder - [157a49df] Writing "100. foo bar"
22:42:27.942 [http-nio-auto-10-exec-1] DEBUG o.s.c.c.CharSequenceEncoder - [157a49df] Writing "101. foo bar"
22:42:27.942 [http-nio-auto-10-exec-1] DEBUG o.s.c.c.CharSequenceEncoder - [157a49df] Writing "102. foo bar"
22:42:27.942 [http-nio-auto-10-exec-1] DEBUG o.s.c.c.CharSequenceEncoder - [157a49df] Writing "103. foo bar"
22:42:27.942 [http-nio-auto-10-exec-1] DEBUG o.s.c.c.CharSequenceEncoder - [157a49df] Writing "104. foo bar"
22:42:27.942 [http-nio-auto-10-exec-1] DEBUG o.s.c.c.CharSequenceEncoder - [157a49df] Writing "105. foo bar"
22:42:27.942 [http-nio-auto-10-exec-1] DEBUG o.s.c.c.CharSequenceEncoder - [157a49df] Writing "106. foo bar"
22:42:27.942 [http-nio-auto-10-exec-1] DEBUG o.s.c.c.CharSequenceEncoder - [157a49df] Writing "107. foo bar"
22:42:27.942 [http-nio-auto-10-exec-1] DEBUG o.s.c.c.CharSequenceEncoder - [157a49df] Writing "108. foo bar"
22:42:27.942 [http-nio-auto-10-exec-1] DEBUG o.s.c.c.CharSequenceEncoder - [157a49df] Writing "109. foo bar"
22:42:27.942 [http-nio-auto-10-exec-1] DEBUG o.s.c.c.CharSequenceEncoder - [157a49df] Writing "110. foo bar"
22:42:27.942 [http-nio-auto-10-exec-1] DEBUG o.s.c.c.CharSequenceEncoder - [157a49df] Writing "111. foo bar"
22:42:27.942 [http-nio-auto-10-exec-1] DEBUG o.s.c.c.CharSequenceEncoder - [157a49df] Writing "112. foo bar"
22:42:27.942 [http-nio-auto-10-exec-1] DEBUG o.s.c.c.CharSequenceEncoder - [157a49df] Writing "113. foo bar"
22:42:27.942 [http-nio-auto-10-exec-1] DEBUG o.s.c.c.CharSequenceEncoder - [157a49df] Writing "114. foo bar"
22:42:27.942 [http-nio-auto-10-exec-1] DEBUG o.s.c.c.CharSequenceEncoder - [157a49df] Writing "115. foo bar"
22:42:27.942 [http-nio-auto-10-exec-1] DEBUG o.s.c.c.CharSequenceEncoder - [157a49df] Writing "116. foo bar"
22:42:27.942 [http-nio-auto-10-exec-1] DEBUG o.s.c.c.CharSequenceEncoder - [157a49df] Writing "117. foo bar"
22:42:27.942 [http-nio-auto-10-exec-1] DEBUG o.s.c.c.CharSequenceEncoder - [157a49df] Writing "118. foo bar"
22:42:27.942 [http-nio-auto-10-exec-1] DEBUG o.s.c.c.CharSequenceEncoder - [157a49df] Writing "119. foo bar"
22:42:27.942 [http-nio-auto-10-exec-1] DEBUG o.s.c.c.CharSequenceEncoder - [157a49df] Writing "120. foo bar"
22:42:27.943 [http-nio-auto-10-exec-1] DEBUG o.s.c.c.CharSequenceEncoder - [157a49df] Writing "121. foo bar"
22:42:27.943 [http-nio-auto-10-exec-1] DEBUG o.s.c.c.CharSequenceEncoder - [157a49df] Writing "122. foo bar"
22:42:27.943 [http-nio-auto-10-exec-1] DEBUG o.s.c.c.CharSequenceEncoder - [157a49df] Writing "123. foo bar"
22:42:27.943 [http-nio-auto-10-exec-1] DEBUG o.s.c.c.CharSequenceEncoder - [157a49df] Writing "124. foo bar"
22:42:27.943 [http-nio-auto-10-exec-1] DEBUG o.s.c.c.CharSequenceEncoder - [157a49df] Writing "125. foo bar"
22:42:27.943 [http-nio-auto-10-exec-1] DEBUG o.s.c.c.CharSequenceEncoder - [157a49df] Writing "126. foo bar"
22:42:27.943 [http-nio-auto-10-exec-1] DEBUG o.s.c.c.CharSequenceEncoder - [157a49df] Writing "127. foo bar"
22:42:27.943 [http-nio-auto-10-exec-1] DEBUG o.s.c.c.CharSequenceEncoder - [157a49df] Writing "128. foo bar"
22:42:27.943 [http-nio-auto-10-exec-1] DEBUG o.s.c.c.CharSequenceEncoder - [157a49df] Writing "129. foo bar"
22:42:27.943 [http-nio-auto-10-exec-1] DEBUG o.s.c.c.CharSequenceEncoder - [157a49df] Writing "130. foo bar"
22:42:27.943 [http-nio-auto-10-exec-1] DEBUG o.s.c.c.CharSequenceEncoder - [157a49df] Writing "131. foo bar"
22:42:27.943 [http-nio-auto-10-exec-1] DEBUG o.s.c.c.CharSequenceEncoder - [157a49df] Writing "132. foo bar"
22:42:27.943 [http-nio-auto-10-exec-1] DEBUG o.s.c.c.CharSequenceEncoder - [157a49df] Writing "133. foo bar"
22:42:27.943 [http-nio-auto-10-exec-1] DEBUG o.s.c.c.CharSequenceEncoder - [157a49df] Writing "134. foo bar"
22:42:27.943 [http-nio-auto-10-exec-1] DEBUG o.s.c.c.CharSequenceEncoder - [157a49df] Writing "135. foo bar"
22:42:27.943 [http-nio-auto-10-exec-1] DEBUG o.s.c.c.CharSequenceEncoder - [157a49df] Writing "136. foo bar"
22:42:27.943 [http-nio-auto-10-exec-1] DEBUG o.s.c.c.CharSequenceEncoder - [157a49df] Writing "137. foo bar"
22:42:27.943 [http-nio-auto-10-exec-1] DEBUG o.s.c.c.CharSequenceEncoder - [157a49df] Writing "138. foo bar"
22:42:27.943 [http-nio-auto-10-exec-1] DEBUG o.s.c.c.CharSequenceEncoder - [157a49df] Writing "139. foo bar"
22:42:27.943 [http-nio-auto-10-exec-1] DEBUG o.s.c.c.CharSequenceEncoder - [157a49df] Writing "140. foo bar"
22:42:27.943 [http-nio-auto-10-exec-1] DEBUG o.s.c.c.CharSequenceEncoder - [157a49df] Writing "141. foo bar"
22:42:27.943 [http-nio-auto-10-exec-1] DEBUG o.s.c.c.CharSequenceEncoder - [157a49df] Writing "142. foo bar"
22:42:27.943 [http-nio-auto-10-exec-1] DEBUG o.s.c.c.CharSequenceEncoder - [157a49df] Writing "143. foo bar"
22:42:27.943 [http-nio-auto-10-exec-1] DEBUG o.s.c.c.CharSequenceEncoder - [157a49df] Writing "144. foo bar"
22:42:27.943 [http-nio-auto-10-exec-1] DEBUG o.s.c.c.CharSequenceEncoder - [157a49df] Writing "145. foo bar"
22:42:27.943 [http-nio-auto-10-exec-1] DEBUG o.s.c.c.CharSequenceEncoder - [157a49df] Writing "146. foo bar"
22:42:27.943 [http-nio-auto-10-exec-1] DEBUG o.s.c.c.CharSequenceEncoder - [157a49df] Writing "147. foo bar"
22:42:27.943 [http-nio-auto-10-exec-1] DEBUG o.s.c.c.CharSequenceEncoder - [157a49df] Writing "148. foo bar"
22:42:27.943 [http-nio-auto-10-exec-1] DEBUG o.s.c.c.CharSequenceEncoder - [157a49df] Writing "149. foo bar"
22:42:27.943 [http-nio-auto-10-exec-1] DEBUG o.s.c.c.CharSequenceEncoder - [157a49df] Writing "150. foo bar"
22:42:27.943 [http-nio-auto-10-exec-1] DEBUG o.s.c.c.CharSequenceEncoder - [157a49df] Writing "151. foo bar"
22:42:27.943 [http-nio-auto-10-exec-1] DEBUG o.s.c.c.CharSequenceEncoder - [157a49df] Writing "152. foo bar"
22:42:27.943 [http-nio-auto-10-exec-1] DEBUG o.s.c.c.CharSequenceEncoder - [157a49df] Writing "153. foo bar"
22:42:27.943 [http-nio-auto-10-exec-1] DEBUG o.s.c.c.CharSequenceEncoder - [157a49df] Writing "154. foo bar"
22:42:27.943 [http-nio-auto-10-exec-1] DEBUG o.s.c.c.CharSequenceEncoder - [157a49df] Writing "155. foo bar"
22:42:27.943 [http-nio-auto-10-exec-1] DEBUG o.s.c.c.CharSequenceEncoder - [157a49df] Writing "156. foo bar"
22:42:27.943 [http-nio-auto-10-exec-1] DEBUG o.s.c.c.CharSequenceEncoder - [157a49df] Writing "157. foo bar"
22:42:27.943 [http-nio-auto-10-exec-1] DEBUG o.s.c.c.CharSequenceEncoder - [157a49df] Writing "158. foo bar"
22:42:27.943 [http-nio-auto-10-exec-1] DEBUG o.s.c.c.CharSequenceEncoder - [157a49df] Writing "159. foo bar"
22:42:27.943 [http-nio-auto-10-exec-1] DEBUG o.s.c.c.CharSequenceEncoder - [157a49df] Writing "160. foo bar"
22:42:27.943 [http-nio-auto-10-exec-1] DEBUG o.s.c.c.CharSequenceEncoder - [157a49df] Writing "161. foo bar"
22:42:27.943 [http-nio-auto-10-exec-1] DEBUG o.s.c.c.CharSequenceEncoder - [157a49df] Writing "162. foo bar"
22:42:27.943 [http-nio-auto-10-exec-1] DEBUG o.s.c.c.CharSequenceEncoder - [157a49df] Writing "163. foo bar"
22:42:27.943 [http-nio-auto-10-exec-1] DEBUG o.s.c.c.CharSequenceEncoder - [157a49df] Writing "164. foo bar"
22:42:27.943 [http-nio-auto-10-exec-1] DEBUG o.s.c.c.CharSequenceEncoder - [157a49df] Writing "165. foo bar"
22:42:27.943 [http-nio-auto-10-exec-1] DEBUG o.s.c.c.CharSequenceEncoder - [157a49df] Writing "166. foo bar"
22:42:27.943 [http-nio-auto-10-exec-1] DEBUG o.s.c.c.CharSequenceEncoder - [157a49df] Writing "167. foo bar"
22:42:27.943 [http-nio-auto-10-exec-1] DEBUG o.s.c.c.CharSequenceEncoder - [157a49df] Writing "168. foo bar"
22:42:27.943 [http-nio-auto-10-exec-1] DEBUG o.s.c.c.CharSequenceEncoder - [157a49df] Writing "169. foo bar"
22:42:27.943 [http-nio-auto-10-exec-1] DEBUG o.s.c.c.CharSequenceEncoder - [157a49df] Writing "170. foo bar"
22:42:27.943 [http-nio-auto-10-exec-1] DEBUG o.s.c.c.CharSequenceEncoder - [157a49df] Writing "171. foo bar"
22:42:27.943 [http-nio-auto-10-exec-1] DEBUG o.s.c.c.CharSequenceEncoder - [157a49df] Writing "172. foo bar"
22:42:27.943 [http-nio-auto-10-exec-1] DEBUG o.s.c.c.CharSequenceEncoder - [157a49df] Writing "173. foo bar"
22:42:27.944 [http-nio-auto-10-exec-1] DEBUG o.s.c.c.CharSequenceEncoder - [157a49df] Writing "174. foo bar"
22:42:27.944 [http-nio-auto-10-exec-1] DEBUG o.s.c.c.CharSequenceEncoder - [157a49df] Writing "175. foo bar"
22:42:27.944 [http-nio-auto-10-exec-1] DEBUG o.s.c.c.CharSequenceEncoder - [157a49df] Writing "176. foo bar"
22:42:27.944 [http-nio-auto-10-exec-1] DEBUG o.s.c.c.CharSequenceEncoder - [157a49df] Writing "177. foo bar"
22:42:27.944 [http-nio-auto-10-exec-1] DEBUG o.s.c.c.CharSequenceEncoder - [157a49df] Writing "178. foo bar"
22:42:27.944 [http-nio-auto-10-exec-1] DEBUG o.s.c.c.CharSequenceEncoder - [157a49df] Writing "179. foo bar"
22:42:27.944 [http-nio-auto-10-exec-1] DEBUG o.s.c.c.CharSequenceEncoder - [157a49df] Writing "180. foo bar"
22:42:27.944 [http-nio-auto-10-exec-1] DEBUG o.s.c.c.CharSequenceEncoder - [157a49df] Writing "181. foo bar"
22:42:27.944 [http-nio-auto-10-exec-1] DEBUG o.s.c.c.CharSequenceEncoder - [157a49df] Writing "182. foo bar"
22:42:27.944 [http-nio-auto-10-exec-1] DEBUG o.s.c.c.CharSequenceEncoder - [157a49df] Writing "183. foo bar"
22:42:27.944 [http-nio-auto-10-exec-1] DEBUG o.s.c.c.CharSequenceEncoder - [157a49df] Writing "184. foo bar"
22:42:27.944 [http-nio-auto-10-exec-1] DEBUG o.s.c.c.CharSequenceEncoder - [157a49df] Writing "185. foo bar"
22:42:27.944 [http-nio-auto-10-exec-1] DEBUG o.s.c.c.CharSequenceEncoder - [157a49df] Writing "186. foo bar"
22:42:27.944 [http-nio-auto-10-exec-1] DEBUG o.s.c.c.CharSequenceEncoder - [157a49df] Writing "187. foo bar"
22:42:27.944 [http-nio-auto-10-exec-1] DEBUG o.s.c.c.CharSequenceEncoder - [157a49df] Writing "188. foo bar"
22:42:27.944 [http-nio-auto-10-exec-1] DEBUG o.s.c.c.CharSequenceEncoder - [157a49df] Writing "189. foo bar"
22:42:27.944 [http-nio-auto-10-exec-1] DEBUG o.s.c.c.CharSequenceEncoder - [157a49df] Writing "190. foo bar"
22:42:27.944 [http-nio-auto-10-exec-1] DEBUG o.s.c.c.CharSequenceEncoder - [157a49df] Writing "191. foo bar"
22:42:27.944 [http-nio-auto-10-exec-1] DEBUG o.s.c.c.CharSequenceEncoder - [157a49df] Writing "192. foo bar"
22:42:27.944 [http-nio-auto-10-exec-1] DEBUG o.s.c.c.CharSequenceEncoder - [157a49df] Writing "193. foo bar"
22:42:27.944 [http-nio-auto-10-exec-1] DEBUG o.s.c.c.CharSequenceEncoder - [157a49df] Writing "194. foo bar"
22:42:27.944 [http-nio-auto-10-exec-1] DEBUG o.s.c.c.CharSequenceEncoder - [157a49df] Writing "195. foo bar"
22:42:27.944 [http-nio-auto-10-exec-1] DEBUG o.s.c.c.CharSequenceEncoder - [157a49df] Writing "196. foo bar"
22:42:27.944 [http-nio-auto-10-exec-1] DEBUG o.s.c.c.CharSequenceEncoder - [157a49df] Writing "197. foo bar"
22:42:27.944 [http-nio-auto-10-exec-1] DEBUG o.s.c.c.CharSequenceEncoder - [157a49df] Writing "198. foo bar"
22:42:27.944 [http-nio-auto-10-exec-1] DEBUG o.s.c.c.CharSequenceEncoder - [157a49df] Writing "199. foo bar"
22:42:27.944 [http-nio-auto-10-exec-1] DEBUG o.s.c.c.CharSequenceEncoder - [157a49df] Writing "200. foo bar"
22:42:27.944 [http-nio-auto-10-exec-1] DEBUG o.s.c.c.CharSequenceEncoder - [157a49df] Writing "201. foo bar"
22:42:27.944 [http-nio-auto-10-exec-1] DEBUG o.s.c.c.CharSequenceEncoder - [157a49df] Writing "202. foo bar"
22:42:27.944 [http-nio-auto-10-exec-1] DEBUG o.s.c.c.CharSequenceEncoder - [157a49df] Writing "203. foo bar"
22:42:27.944 [http-nio-auto-10-exec-1] DEBUG o.s.c.c.CharSequenceEncoder - [157a49df] Writing "204. foo bar"
22:42:27.944 [http-nio-auto-10-exec-1] DEBUG o.s.c.c.CharSequenceEncoder - [157a49df] Writing "205. foo bar"
22:42:27.944 [http-nio-auto-10-exec-1] DEBUG o.s.c.c.CharSequenceEncoder - [157a49df] Writing "206. foo bar"
22:42:27.944 [http-nio-auto-10-exec-1] DEBUG o.s.c.c.CharSequenceEncoder - [157a49df] Writing "207. foo bar"
22:42:27.944 [http-nio-auto-10-exec-1] DEBUG o.s.c.c.CharSequenceEncoder - [157a49df] Writing "208. foo bar"
22:42:27.944 [http-nio-auto-10-exec-1] DEBUG o.s.c.c.CharSequenceEncoder - [157a49df] Writing "209. foo bar"
22:42:27.944 [http-nio-auto-10-exec-1] DEBUG o.s.c.c.CharSequenceEncoder - [157a49df] Writing "210. foo bar"
22:42:27.944 [http-nio-auto-10-exec-1] DEBUG o.s.c.c.CharSequenceEncoder - [157a49df] Writing "211. foo bar"
22:42:27.944 [http-nio-auto-10-exec-1] DEBUG o.s.c.c.CharSequenceEncoder - [157a49df] Writing "212. foo bar"
22:42:27.944 [http-nio-auto-10-exec-1] DEBUG o.s.c.c.CharSequenceEncoder - [157a49df] Writing "213. foo bar"
22:42:27.944 [http-nio-auto-10-exec-1] DEBUG o.s.c.c.CharSequenceEncoder - [157a49df] Writing "214. foo bar"
22:42:27.944 [http-nio-auto-10-exec-1] DEBUG o.s.c.c.CharSequenceEncoder - [157a49df] Writing "215. foo bar"
22:42:27.945 [http-nio-auto-10-exec-1] DEBUG o.s.c.c.CharSequenceEncoder - [157a49df] Writing "216. foo bar"
22:42:27.945 [http-nio-auto-10-exec-1] DEBUG o.s.c.c.CharSequenceEncoder - [157a49df] Writing "217. foo bar"
22:42:27.945 [http-nio-auto-10-exec-1] DEBUG o.s.c.c.CharSequenceEncoder - [157a49df] Writing "218. foo bar"
22:42:27.945 [http-nio-auto-10-exec-1] DEBUG o.s.c.c.CharSequenceEncoder - [157a49df] Writing "219. foo bar"
22:42:27.945 [http-nio-auto-10-exec-1] DEBUG o.s.c.c.CharSequenceEncoder - [157a49df] Writing "220. foo bar"
22:42:27.945 [http-nio-auto-10-exec-1] DEBUG o.s.c.c.CharSequenceEncoder - [157a49df] Writing "221. foo bar"
22:42:27.945 [http-nio-auto-10-exec-1] DEBUG o.s.c.c.CharSequenceEncoder - [157a49df] Writing "222. foo bar"
22:42:27.945 [http-nio-auto-10-exec-1] DEBUG o.s.c.c.CharSequenceEncoder - [157a49df] Writing "223. foo bar"
22:42:27.945 [http-nio-auto-10-exec-1] DEBUG o.s.c.c.CharSequenceEncoder - [157a49df] Writing "224. foo bar"
22:42:27.945 [http-nio-auto-10-exec-1] DEBUG o.s.c.c.CharSequenceEncoder - [157a49df] Writing "225. foo bar"
22:42:27.945 [http-nio-auto-10-exec-1] DEBUG o.s.c.c.CharSequenceEncoder - [157a49df] Writing "226. foo bar"
22:42:27.945 [http-nio-auto-10-exec-1] DEBUG o.s.c.c.CharSequenceEncoder - [157a49df] Writing "227. foo bar"
22:42:27.945 [http-nio-auto-10-exec-1] DEBUG o.s.c.c.CharSequenceEncoder - [157a49df] Writing "228. foo bar"
22:42:27.945 [http-nio-auto-10-exec-1] DEBUG o.s.c.c.CharSequenceEncoder - [157a49df] Writing "229. foo bar"
22:42:27.945 [http-nio-auto-10-exec-1] DEBUG o.s.c.c.CharSequenceEncoder - [157a49df] Writing "230. foo bar"
22:42:27.945 [http-nio-auto-10-exec-1] DEBUG o.s.c.c.CharSequenceEncoder - [157a49df] Writing "231. foo bar"
22:42:27.945 [http-nio-auto-10-exec-1] DEBUG o.s.c.c.CharSequenceEncoder - [157a49df] Writing "232. foo bar"
22:42:27.945 [http-nio-auto-10-exec-1] DEBUG o.s.c.c.CharSequenceEncoder - [157a49df] Writing "233. foo bar"
22:42:27.945 [http-nio-auto-10-exec-1] DEBUG o.s.c.c.CharSequenceEncoder - [157a49df] Writing "234. foo bar"
22:42:27.945 [http-nio-auto-10-exec-1] DEBUG o.s.c.c.CharSequenceEncoder - [157a49df] Writing "235. foo bar"
22:42:27.945 [http-nio-auto-10-exec-1] DEBUG o.s.c.c.CharSequenceEncoder - [157a49df] Writing "236. foo bar"
22:42:27.945 [http-nio-auto-10-exec-1] DEBUG o.s.c.c.CharSequenceEncoder - [157a49df] Writing "237. foo bar"
22:42:27.945 [http-nio-auto-10-exec-1] DEBUG o.s.c.c.CharSequenceEncoder - [157a49df] Writing "238. foo bar"
22:42:27.945 [http-nio-auto-10-exec-1] DEBUG o.s.c.c.CharSequenceEncoder - [157a49df] Writing "239. foo bar"
22:42:27.945 [http-nio-auto-10-exec-1] DEBUG o.s.c.c.CharSequenceEncoder - [157a49df] Writing "240. foo bar"
22:42:27.945 [http-nio-auto-10-exec-1] DEBUG o.s.c.c.CharSequenceEncoder - [157a49df] Writing "241. foo bar"
22:42:27.945 [http-nio-auto-10-exec-1] DEBUG o.s.c.c.CharSequenceEncoder - [157a49df] Writing "242. foo bar"
22:42:27.945 [http-nio-auto-10-exec-1] DEBUG o.s.c.c.CharSequenceEncoder - [157a49df] Writing "243. foo bar"
22:42:27.945 [http-nio-auto-10-exec-1] DEBUG o.s.c.c.CharSequenceEncoder - [157a49df] Writing "244. foo bar"
22:42:27.945 [http-nio-auto-10-exec-1] DEBUG o.s.c.c.CharSequenceEncoder - [157a49df] Writing "245. foo bar"
22:42:27.945 [http-nio-auto-10-exec-1] DEBUG o.s.c.c.CharSequenceEncoder - [157a49df] Writing "246. foo bar"
22:42:27.945 [http-nio-auto-10-exec-1] DEBUG o.s.c.c.CharSequenceEncoder - [157a49df] Writing "247. foo bar"
22:42:27.945 [http-nio-auto-10-exec-1] DEBUG o.s.c.c.CharSequenceEncoder - [157a49df] Writing "248. foo bar"
22:42:27.945 [http-nio-auto-10-exec-1] DEBUG o.s.c.c.CharSequenceEncoder - [157a49df] Writing "249. foo bar"
22:42:27.945 [http-nio-auto-10-exec-1] DEBUG o.s.c.c.CharSequenceEncoder - [157a49df] Writing "250. foo bar"
22:42:27.945 [http-nio-auto-10-exec-1] DEBUG o.s.c.c.CharSequenceEncoder - [157a49df] Writing "251. foo bar"
22:42:27.946 [http-nio-auto-10-exec-1] DEBUG o.s.c.c.CharSequenceEncoder - [157a49df] Writing "252. foo bar"
22:42:27.946 [http-nio-auto-10-exec-1] DEBUG o.s.c.c.CharSequenceEncoder - [157a49df] Writing "253. foo bar"
22:42:27.946 [http-nio-auto-10-exec-1] DEBUG o.s.c.c.CharSequenceEncoder - [157a49df] Writing "254. foo bar"
22:42:27.946 [http-nio-auto-10-exec-1] DEBUG o.s.c.c.CharSequenceEncoder - [157a49df] Writing "255. foo bar"
22:42:27.946 [http-nio-auto-10-exec-1] DEBUG o.s.c.c.CharSequenceEncoder - [157a49df] Writing "256. foo bar"
22:42:27.946 [http-nio-auto-10-exec-1] DEBUG o.s.c.c.CharSequenceEncoder - [157a49df] Writing "257. foo bar"
22:42:27.946 [http-nio-auto-10-exec-1] DEBUG o.s.c.c.CharSequenceEncoder - [157a49df] Writing "258. foo bar"
22:42:27.946 [http-nio-auto-10-exec-1] DEBUG o.s.c.c.CharSequenceEncoder - [157a49df] Writing "259. foo bar"
22:42:27.946 [http-nio-auto-10-exec-1] DEBUG o.s.c.c.CharSequenceEncoder - [157a49df] Writing "260. foo bar"
22:42:27.946 [http-nio-auto-10-exec-1] DEBUG o.s.c.c.CharSequenceEncoder - [157a49df] Writing "261. foo bar"
22:42:27.946 [http-nio-auto-10-exec-1] DEBUG o.s.c.c.CharSequenceEncoder - [157a49df] Writing "262. foo bar"
22:42:27.946 [http-nio-auto-10-exec-1] DEBUG o.s.c.c.CharSequenceEncoder - [157a49df] Writing "263. foo bar"
22:42:27.946 [http-nio-auto-10-exec-1] DEBUG o.s.c.c.CharSequenceEncoder - [157a49df] Writing "264. foo bar"
22:42:27.946 [http-nio-auto-10-exec-1] DEBUG o.s.c.c.CharSequenceEncoder - [157a49df] Writing "265. foo bar"
22:42:27.946 [http-nio-auto-10-exec-1] DEBUG o.s.c.c.CharSequenceEncoder - [157a49df] Writing "266. foo bar"
22:42:27.946 [http-nio-auto-10-exec-1] DEBUG o.s.c.c.CharSequenceEncoder - [157a49df] Writing "267. foo bar"
22:42:27.946 [http-nio-auto-10-exec-1] DEBUG o.s.c.c.CharSequenceEncoder - [157a49df] Writing "268. foo bar"
22:42:27.946 [http-nio-auto-10-exec-1] DEBUG o.s.c.c.CharSequenceEncoder - [157a49df] Writing "269. foo bar"
22:42:27.946 [http-nio-auto-10-exec-1] DEBUG o.s.c.c.CharSequenceEncoder - [157a49df] Writing "270. foo bar"
22:42:27.946 [http-nio-auto-10-exec-1] DEBUG o.s.c.c.CharSequenceEncoder - [157a49df] Writing "271. foo bar"
22:42:27.946 [http-nio-auto-10-exec-1] DEBUG o.s.c.c.CharSequenceEncoder - [157a49df] Writing "272. foo bar"
22:42:27.946 [http-nio-auto-10-exec-1] DEBUG o.s.c.c.CharSequenceEncoder - [157a49df] Writing "273. foo bar"
22:42:27.946 [http-nio-auto-10-exec-1] DEBUG o.s.c.c.CharSequenceEncoder - [157a49df] Writing "274. foo bar"
22:42:27.946 [http-nio-auto-10-exec-1] DEBUG o.s.c.c.CharSequenceEncoder - [157a49df] Writing "275. foo bar"
22:42:27.946 [http-nio-auto-10-exec-1] DEBUG o.s.c.c.CharSequenceEncoder - [157a49df] Writing "276. foo bar"
22:42:27.946 [http-nio-auto-10-exec-1] DEBUG o.s.c.c.CharSequenceEncoder - [157a49df] Writing "277. foo bar"
22:42:27.946 [http-nio-auto-10-exec-1] DEBUG o.s.c.c.CharSequenceEncoder - [157a49df] Writing "278. foo bar"
22:42:27.946 [http-nio-auto-10-exec-1] DEBUG o.s.c.c.CharSequenceEncoder - [157a49df] Writing "279. foo bar"
22:42:27.946 [http-nio-auto-10-exec-1] DEBUG o.s.c.c.CharSequenceEncoder - [157a49df] Writing "280. foo bar"
22:42:27.946 [http-nio-auto-10-exec-1] DEBUG o.s.c.c.CharSequenceEncoder - [157a49df] Writing "281. foo bar"
22:42:27.946 [http-nio-auto-10-exec-1] DEBUG o.s.c.c.CharSequenceEncoder - [157a49df] Writing "282. foo bar"
22:42:27.947 [http-nio-auto-10-exec-1] DEBUG o.s.c.c.CharSequenceEncoder - [157a49df] Writing "283. foo bar"
22:42:27.947 [http-nio-auto-10-exec-1] DEBUG o.s.c.c.CharSequenceEncoder - [157a49df] Writing "284. foo bar"
22:42:27.947 [http-nio-auto-10-exec-1] DEBUG o.s.c.c.CharSequenceEncoder - [157a49df] Writing "285. foo bar"
22:42:27.947 [http-nio-auto-10-exec-1] DEBUG o.s.c.c.CharSequenceEncoder - [157a49df] Writing "286. foo bar"
22:42:27.947 [http-nio-auto-10-exec-1] DEBUG o.s.c.c.CharSequenceEncoder - [157a49df] Writing "287. foo bar"
22:42:27.947 [http-nio-auto-10-exec-1] DEBUG o.s.c.c.CharSequenceEncoder - [157a49df] Writing "288. foo bar"
22:42:27.947 [http-nio-auto-10-exec-1] DEBUG o.s.c.c.CharSequenceEncoder - [157a49df] Writing "289. foo bar"
22:42:27.947 [http-nio-auto-10-exec-1] DEBUG o.s.c.c.CharSequenceEncoder - [157a49df] Writing "290. foo bar"
22:42:27.947 [http-nio-auto-10-exec-1] DEBUG o.s.c.c.CharSequenceEncoder - [157a49df] Writing "291. foo bar"
22:42:27.947 [http-nio-auto-10-exec-1] DEBUG o.s.c.c.CharSequenceEncoder - [157a49df] Writing "292. foo bar"
22:42:27.947 [http-nio-auto-10-exec-1] DEBUG o.s.c.c.CharSequenceEncoder - [157a49df] Writing "293. foo bar"
22:42:27.947 [http-nio-auto-10-exec-1] DEBUG o.s.c.c.CharSequenceEncoder - [157a49df] Writing "294. foo bar"
22:42:27.947 [http-nio-auto-10-exec-1] DEBUG o.s.c.c.CharSequenceEncoder - [157a49df] Writing "295. foo bar"
22:42:27.947 [http-nio-auto-10-exec-1] DEBUG o.s.c.c.CharSequenceEncoder - [157a49df] Writing "296. foo bar"
22:42:27.947 [http-nio-auto-10-exec-1] DEBUG o.s.c.c.CharSequenceEncoder - [157a49df] Writing "297. foo bar"
22:42:27.947 [http-nio-auto-10-exec-1] DEBUG o.s.c.c.CharSequenceEncoder - [157a49df] Writing "298. foo bar"
22:42:27.947 [http-nio-auto-10-exec-1] DEBUG o.s.c.c.CharSequenceEncoder - [157a49df] Writing "299. foo bar"
22:42:27.947 [http-nio-auto-10-exec-1] DEBUG o.s.c.c.CharSequenceEncoder - [157a49df] Writing "300. foo bar"
22:42:27.947 [http-nio-auto-10-exec-1] DEBUG o.s.c.c.CharSequenceEncoder - [157a49df] Writing "301. foo bar"
22:42:27.947 [http-nio-auto-10-exec-1] DEBUG o.s.c.c.CharSequenceEncoder - [157a49df] Writing "302. foo bar"
22:42:27.947 [http-nio-auto-10-exec-1] DEBUG o.s.c.c.CharSequenceEncoder - [157a49df] Writing "303. foo bar"
22:42:27.947 [http-nio-auto-10-exec-1] DEBUG o.s.c.c.CharSequenceEncoder - [157a49df] Writing "304. foo bar"
22:42:27.947 [http-nio-auto-10-exec-1] DEBUG o.s.c.c.CharSequenceEncoder - [157a49df] Writing "305. foo bar"
22:42:27.947 [http-nio-auto-10-exec-1] DEBUG o.s.c.c.CharSequenceEncoder - [157a49df] Writing "306. foo bar"
22:42:27.947 [http-nio-auto-10-exec-1] DEBUG o.s.c.c.CharSequenceEncoder - [157a49df] Writing "307. foo bar"
22:42:27.947 [http-nio-auto-10-exec-1] DEBUG o.s.c.c.CharSequenceEncoder - [157a49df] Writing "308. foo bar"
22:42:27.947 [http-nio-auto-10-exec-1] DEBUG o.s.c.c.CharSequenceEncoder - [157a49df] Writing "309. foo bar"
22:42:27.947 [http-nio-auto-10-exec-1] DEBUG o.s.c.c.CharSequenceEncoder - [157a49df] Writing "310. foo bar"
22:42:27.947 [http-nio-auto-10-exec-1] DEBUG o.s.c.c.CharSequenceEncoder - [157a49df] Writing "311. foo bar"
22:42:27.947 [http-nio-auto-10-exec-1] DEBUG o.s.c.c.CharSequenceEncoder - [157a49df] Writing "312. foo bar"
22:42:27.947 [http-nio-auto-10-exec-1] DEBUG o.s.c.c.CharSequenceEncoder - [157a49df] Writing "313. foo bar"
22:42:27.947 [http-nio-auto-10-exec-1] DEBUG o.s.c.c.CharSequenceEncoder - [157a49df] Writing "314. foo bar"
22:42:27.947 [http-nio-auto-10-exec-1] DEBUG o.s.c.c.CharSequenceEncoder - [157a49df] Writing "315. foo bar"
22:42:27.947 [http-nio-auto-10-exec-1] DEBUG o.s.c.c.CharSequenceEncoder - [157a49df] Writing "316. foo bar"
22:42:27.947 [http-nio-auto-10-exec-1] DEBUG o.s.c.c.CharSequenceEncoder - [157a49df] Writing "317. foo bar"
22:42:27.947 [http-nio-auto-10-exec-1] DEBUG o.s.c.c.CharSequenceEncoder - [157a49df] Writing "318. foo bar"
22:42:27.947 [http-nio-auto-10-exec-1] DEBUG o.s.c.c.CharSequenceEncoder - [157a49df] Writing "319. foo bar"
22:42:27.947 [http-nio-auto-10-exec-1] DEBUG o.s.c.c.CharSequenceEncoder - [157a49df] Writing "320. foo bar"
22:42:27.947 [http-nio-auto-10-exec-1] DEBUG o.s.c.c.CharSequenceEncoder - [157a49df] Writing "321. foo bar"
22:42:27.947 [http-nio-auto-10-exec-1] DEBUG o.s.c.c.CharSequenceEncoder - [157a49df] Writing "322. foo bar"
22:42:27.947 [http-nio-auto-10-exec-1] DEBUG o.s.c.c.CharSequenceEncoder - [157a49df] Writing "323. foo bar"
22:42:27.947 [http-nio-auto-10-exec-1] DEBUG o.s.c.c.CharSequenceEncoder - [157a49df] Writing "324. foo bar"
22:42:27.947 [http-nio-auto-10-exec-1] DEBUG o.s.c.c.CharSequenceEncoder - [157a49df] Writing "325. foo bar"
22:42:27.947 [http-nio-auto-10-exec-1] DEBUG o.s.c.c.CharSequenceEncoder - [157a49df] Writing "326. foo bar"
22:42:27.947 [http-nio-auto-10-exec-1] DEBUG o.s.c.c.CharSequenceEncoder - [157a49df] Writing "327. foo bar"
22:42:27.947 [http-nio-auto-10-exec-1] DEBUG o.s.c.c.CharSequenceEncoder - [157a49df] Writing "328. foo bar"
22:42:27.947 [http-nio-auto-10-exec-1] DEBUG o.s.c.c.CharSequenceEncoder - [157a49df] Writing "329. foo bar"
22:42:27.947 [http-nio-auto-10-exec-1] DEBUG o.s.c.c.CharSequenceEncoder - [157a49df] Writing "330. foo bar"
22:42:27.947 [http-nio-auto-10-exec-1] DEBUG o.s.c.c.CharSequenceEncoder - [157a49df] Writing "331. foo bar"
22:42:27.947 [http-nio-auto-10-exec-1] DEBUG o.s.c.c.CharSequenceEncoder - [157a49df] Writing "332. foo bar"
22:42:27.947 [http-nio-auto-10-exec-1] DEBUG o.s.c.c.CharSequenceEncoder - [157a49df] Writing "333. foo bar"
22:42:27.947 [http-nio-auto-10-exec-1] DEBUG o.s.c.c.CharSequenceEncoder - [157a49df] Writing "334. foo bar"
22:42:27.947 [http-nio-auto-10-exec-1] DEBUG o.s.c.c.CharSequenceEncoder - [157a49df] Writing "335. foo bar"
22:42:27.947 [http-nio-auto-10-exec-1] DEBUG o.s.c.c.CharSequenceEncoder - [157a49df] Writing "336. foo bar"
22:42:27.947 [http-nio-auto-10-exec-1] DEBUG o.s.c.c.CharSequenceEncoder - [157a49df] Writing "337. foo bar"
22:42:27.947 [http-nio-auto-10-exec-1] DEBUG o.s.c.c.CharSequenceEncoder - [157a49df] Writing "338. foo bar"
22:42:27.948 [http-nio-auto-10-exec-1] DEBUG o.s.c.c.CharSequenceEncoder - [157a49df] Writing "339. foo bar"
22:42:27.948 [http-nio-auto-10-exec-1] DEBUG o.s.c.c.CharSequenceEncoder - [157a49df] Writing "340. foo bar"
22:42:27.948 [http-nio-auto-10-exec-1] DEBUG o.s.c.c.CharSequenceEncoder - [157a49df] Writing "341. foo bar"
22:42:27.948 [http-nio-auto-10-exec-1] DEBUG o.s.c.c.CharSequenceEncoder - [157a49df] Writing "342. foo bar"
22:42:27.948 [http-nio-auto-10-exec-1] DEBUG o.s.c.c.CharSequenceEncoder - [157a49df] Writing "343. foo bar"
22:42:27.948 [http-nio-auto-10-exec-1] DEBUG o.s.c.c.CharSequenceEncoder - [157a49df] Writing "344. foo bar"
22:42:27.948 [http-nio-auto-10-exec-1] DEBUG o.s.c.c.CharSequenceEncoder - [157a49df] Writing "345. foo bar"
22:42:27.948 [http-nio-auto-10-exec-1] DEBUG o.s.c.c.CharSequenceEncoder - [157a49df] Writing "346. foo bar"
22:42:27.948 [http-nio-auto-10-exec-1] DEBUG o.s.c.c.CharSequenceEncoder - [157a49df] Writing "347. foo bar"
22:42:27.948 [http-nio-auto-10-exec-1] DEBUG o.s.c.c.CharSequenceEncoder - [157a49df] Writing "348. foo bar"
22:42:27.948 [http-nio-auto-10-exec-1] DEBUG o.s.c.c.CharSequenceEncoder - [157a49df] Writing "349. foo bar"
22:42:27.948 [http-nio-auto-10-exec-1] DEBUG o.s.c.c.CharSequenceEncoder - [157a49df] Writing "350. foo bar"
22:42:27.948 [http-nio-auto-10-exec-1] DEBUG o.s.c.c.CharSequenceEncoder - [157a49df] Writing "351. foo bar"
22:42:27.948 [http-nio-auto-10-exec-1] DEBUG o.s.c.c.CharSequenceEncoder - [157a49df] Writing "352. foo bar"
22:42:27.948 [http-nio-auto-10-exec-1] DEBUG o.s.c.c.CharSequenceEncoder - [157a49df] Writing "353. foo bar"
22:42:27.948 [http-nio-auto-10-exec-1] DEBUG o.s.c.c.CharSequenceEncoder - [157a49df] Writing "354. foo bar"
22:42:27.948 [http-nio-auto-10-exec-1] DEBUG o.s.c.c.CharSequenceEncoder - [157a49df] Writing "355. foo bar"
22:42:27.948 [http-nio-auto-10-exec-1] DEBUG o.s.c.c.CharSequenceEncoder - [157a49df] Writing "356. foo bar"
22:42:27.948 [http-nio-auto-10-exec-1] DEBUG o.s.c.c.CharSequenceEncoder - [157a49df] Writing "357. foo bar"
22:42:27.948 [http-nio-auto-10-exec-1] DEBUG o.s.c.c.CharSequenceEncoder - [157a49df] Writing "358. foo bar"
22:42:27.948 [http-nio-auto-10-exec-1] DEBUG o.s.c.c.CharSequenceEncoder - [157a49df] Writing "359. foo bar"
22:42:27.948 [http-nio-auto-10-exec-1] DEBUG o.s.c.c.CharSequenceEncoder - [157a49df] Writing "360. foo bar"
22:42:27.948 [http-nio-auto-10-exec-1] DEBUG o.s.c.c.CharSequenceEncoder - [157a49df] Writing "361. foo bar"
22:42:27.948 [http-nio-auto-10-exec-1] DEBUG o.s.c.c.CharSequenceEncoder - [157a49df] Writing "362. foo bar"
22:42:27.948 [http-nio-auto-10-exec-1] DEBUG o.s.c.c.CharSequenceEncoder - [157a49df] Writing "363. foo bar"
22:42:27.948 [http-nio-auto-10-exec-1] DEBUG o.s.c.c.CharSequenceEncoder - [157a49df] Writing "364. foo bar"
22:42:27.948 [http-nio-auto-10-exec-1] DEBUG o.s.c.c.CharSequenceEncoder - [157a49df] Writing "365. foo bar"
22:42:27.948 [http-nio-auto-10-exec-1] DEBUG o.s.c.c.CharSequenceEncoder - [157a49df] Writing "366. foo bar"
22:42:27.948 [http-nio-auto-10-exec-1] DEBUG o.s.c.c.CharSequenceEncoder - [157a49df] Writing "367. foo bar"
22:42:27.948 [http-nio-auto-10-exec-1] DEBUG o.s.c.c.CharSequenceEncoder - [157a49df] Writing "368. foo bar"
22:42:27.948 [http-nio-auto-10-exec-1] DEBUG o.s.c.c.CharSequenceEncoder - [157a49df] Writing "369. foo bar"
22:42:27.948 [http-nio-auto-10-exec-1] DEBUG o.s.c.c.CharSequenceEncoder - [157a49df] Writing "370. foo bar"
22:42:27.948 [http-nio-auto-10-exec-1] DEBUG o.s.c.c.CharSequenceEncoder - [157a49df] Writing "371. foo bar"
22:42:27.948 [http-nio-auto-10-exec-1] DEBUG o.s.c.c.CharSequenceEncoder - [157a49df] Writing "372. foo bar"
22:42:27.948 [http-nio-auto-10-exec-1] DEBUG o.s.c.c.CharSequenceEncoder - [157a49df] Writing "373. foo bar"
22:42:27.948 [http-nio-auto-10-exec-1] DEBUG o.s.c.c.CharSequenceEncoder - [157a49df] Writing "374. foo bar"
22:42:27.948 [http-nio-auto-10-exec-1] DEBUG o.s.c.c.CharSequenceEncoder - [157a49df] Writing "375. foo bar"
22:42:27.948 [http-nio-auto-10-exec-1] DEBUG o.s.c.c.CharSequenceEncoder - [157a49df] Writing "376. foo bar"
22:42:27.948 [http-nio-auto-10-exec-1] DEBUG o.s.c.c.CharSequenceEncoder - [157a49df] Writing "377. foo bar"
22:42:27.948 [http-nio-auto-10-exec-1] DEBUG o.s.c.c.CharSequenceEncoder - [157a49df] Writing "378. foo bar"
22:42:27.948 [http-nio-auto-10-exec-1] DEBUG o.s.c.c.CharSequenceEncoder - [157a49df] Writing "379. foo bar"
22:42:27.948 [http-nio-auto-10-exec-1] DEBUG o.s.c.c.CharSequenceEncoder - [157a49df] Writing "380. foo bar"
22:42:27.948 [http-nio-auto-10-exec-1] DEBUG o.s.c.c.CharSequenceEncoder - [157a49df] Writing "381. foo bar"
22:42:27.948 [http-nio-auto-10-exec-1] DEBUG o.s.c.c.CharSequenceEncoder - [157a49df] Writing "382. foo bar"
22:42:27.948 [http-nio-auto-10-exec-1] DEBUG o.s.c.c.CharSequenceEncoder - [157a49df] Writing "383. foo bar"
22:42:27.948 [http-nio-auto-10-exec-1] DEBUG o.s.c.c.CharSequenceEncoder - [157a49df] Writing "384. foo bar"
22:42:27.948 [http-nio-auto-10-exec-1] DEBUG o.s.c.c.CharSequenceEncoder - [157a49df] Writing "385. foo bar"
22:42:27.948 [http-nio-auto-10-exec-1] DEBUG o.s.c.c.CharSequenceEncoder - [157a49df] Writing "386. foo bar"
22:42:27.948 [http-nio-auto-10-exec-1] DEBUG o.s.c.c.CharSequenceEncoder - [157a49df] Writing "387. foo bar"
22:42:27.948 [http-nio-auto-10-exec-1] DEBUG o.s.c.c.CharSequenceEncoder - [157a49df] Writing "388. foo bar"
22:42:27.948 [http-nio-auto-10-exec-1] DEBUG o.s.c.c.CharSequenceEncoder - [157a49df] Writing "389. foo bar"
22:42:27.948 [http-nio-auto-10-exec-1] DEBUG o.s.c.c.CharSequenceEncoder - [157a49df] Writing "390. foo bar"
22:42:27.948 [http-nio-auto-10-exec-1] DEBUG o.s.c.c.CharSequenceEncoder - [157a49df] Writing "391. foo bar"
22:42:27.948 [http-nio-auto-10-exec-1] DEBUG o.s.c.c.CharSequenceEncoder - [157a49df] Writing "392. foo bar"
22:42:27.948 [http-nio-auto-10-exec-1] DEBUG o.s.c.c.CharSequenceEncoder - [157a49df] Writing "393. foo bar"
22:42:27.948 [http-nio-auto-10-exec-1] DEBUG o.s.c.c.CharSequenceEncoder - [157a49df] Writing "394. foo bar"
22:42:27.948 [http-nio-auto-10-exec-1] DEBUG o.s.c.c.CharSequenceEncoder - [157a49df] Writing "395. foo bar"
22:42:27.948 [http-nio-auto-10-exec-1] DEBUG o.s.c.c.CharSequenceEncoder - [157a49df] Writing "396. foo bar"
22:42:27.948 [http-nio-auto-10-exec-1] DEBUG o.s.c.c.CharSequenceEncoder - [157a49df] Writing "397. foo bar"
22:42:27.948 [http-nio-auto-10-exec-1] DEBUG o.s.c.c.CharSequenceEncoder - [157a49df] Writing "398. foo bar"
22:42:27.948 [http-nio-auto-10-exec-1] DEBUG o.s.c.c.CharSequenceEncoder - [157a49df] Writing "399. foo bar"
22:42:27.949 [http-nio-auto-10-exec-1] DEBUG o.s.c.c.CharSequenceEncoder - [157a49df] Writing "400. foo bar"
22:42:27.949 [http-nio-auto-10-exec-1] DEBUG o.s.c.c.CharSequenceEncoder - [157a49df] Writing "401. foo bar"
22:42:27.949 [http-nio-auto-10-exec-1] DEBUG o.s.c.c.CharSequenceEncoder - [157a49df] Writing "402. foo bar"
22:42:27.949 [http-nio-auto-10-exec-1] DEBUG o.s.c.c.CharSequenceEncoder - [157a49df] Writing "403. foo bar"
22:42:27.949 [http-nio-auto-10-exec-1] DEBUG o.s.c.c.CharSequenceEncoder - [157a49df] Writing "404. foo bar"
22:42:27.949 [http-nio-auto-10-exec-1] DEBUG o.s.c.c.CharSequenceEncoder - [157a49df] Writing "405. foo bar"
22:42:27.949 [http-nio-auto-10-exec-1] DEBUG o.s.c.c.CharSequenceEncoder - [157a49df] Writing "406. foo bar"
22:42:27.949 [http-nio-auto-10-exec-1] DEBUG o.s.c.c.CharSequenceEncoder - [157a49df] Writing "407. foo bar"
22:42:27.949 [http-nio-auto-10-exec-1] DEBUG o.s.c.c.CharSequenceEncoder - [157a49df] Writing "408. foo bar"
22:42:27.949 [http-nio-auto-10-exec-1] DEBUG o.s.c.c.CharSequenceEncoder - [157a49df] Writing "409. foo bar"
22:42:27.949 [http-nio-auto-10-exec-1] DEBUG o.s.c.c.CharSequenceEncoder - [157a49df] Writing "410. foo bar"
22:42:27.949 [http-nio-auto-10-exec-1] DEBUG o.s.c.c.CharSequenceEncoder - [157a49df] Writing "411. foo bar"
22:42:27.949 [http-nio-auto-10-exec-1] DEBUG o.s.c.c.CharSequenceEncoder - [157a49df] Writing "412. foo bar"
22:42:27.949 [http-nio-auto-10-exec-1] DEBUG o.s.c.c.CharSequenceEncoder - [157a49df] Writing "413. foo bar"
22:42:27.949 [http-nio-auto-10-exec-1] DEBUG o.s.c.c.CharSequenceEncoder - [157a49df] Writing "414. foo bar"
22:42:27.949 [http-nio-auto-10-exec-1] DEBUG o.s.c.c.CharSequenceEncoder - [157a49df] Writing "415. foo bar"
22:42:27.949 [http-nio-auto-10-exec-1] DEBUG o.s.c.c.CharSequenceEncoder - [157a49df] Writing "416. foo bar"
22:42:27.949 [http-nio-auto-10-exec-1] DEBUG o.s.c.c.CharSequenceEncoder - [157a49df] Writing "417. foo bar"
22:42:27.949 [http-nio-auto-10-exec-1] DEBUG o.s.c.c.CharSequenceEncoder - [157a49df] Writing "418. foo bar"
22:42:27.949 [http-nio-auto-10-exec-1] DEBUG o.s.c.c.CharSequenceEncoder - [157a49df] Writing "419. foo bar"
22:42:27.949 [http-nio-auto-10-exec-1] DEBUG o.s.c.c.CharSequenceEncoder - [157a49df] Writing "420. foo bar"
22:42:27.949 [http-nio-auto-10-exec-1] DEBUG o.s.c.c.CharSequenceEncoder - [157a49df] Writing "421. foo bar"
22:42:27.949 [http-nio-auto-10-exec-1] DEBUG o.s.c.c.CharSequenceEncoder - [157a49df] Writing "422. foo bar"
22:42:27.949 [http-nio-auto-10-exec-1] DEBUG o.s.c.c.CharSequenceEncoder - [157a49df] Writing "423. foo bar"
22:42:27.949 [http-nio-auto-10-exec-1] DEBUG o.s.c.c.CharSequenceEncoder - [157a49df] Writing "424. foo bar"
22:42:27.949 [http-nio-auto-10-exec-1] DEBUG o.s.c.c.CharSequenceEncoder - [157a49df] Writing "425. foo bar"
22:42:27.949 [http-nio-auto-10-exec-1] DEBUG o.s.c.c.CharSequenceEncoder - [157a49df] Writing "426. foo bar"
22:42:27.949 [http-nio-auto-10-exec-1] DEBUG o.s.c.c.CharSequenceEncoder - [157a49df] Writing "427. foo bar"
22:42:27.949 [http-nio-auto-10-exec-1] DEBUG o.s.c.c.CharSequenceEncoder - [157a49df] Writing "428. foo bar"
22:42:27.949 [http-nio-auto-10-exec-1] DEBUG o.s.c.c.CharSequenceEncoder - [157a49df] Writing "429. foo bar"
22:42:27.949 [http-nio-auto-10-exec-1] DEBUG o.s.c.c.CharSequenceEncoder - [157a49df] Writing "430. foo bar"
22:42:27.949 [http-nio-auto-10-exec-1] DEBUG o.s.c.c.CharSequenceEncoder - [157a49df] Writing "431. foo bar"
22:42:27.949 [http-nio-auto-10-exec-1] DEBUG o.s.c.c.CharSequenceEncoder - [157a49df] Writing "432. foo bar"
22:42:27.949 [http-nio-auto-10-exec-1] DEBUG o.s.c.c.CharSequenceEncoder - [157a49df] Writing "433. foo bar"
22:42:27.949 [http-nio-auto-10-exec-1] DEBUG o.s.c.c.CharSequenceEncoder - [157a49df] Writing "434. foo bar"
22:42:27.949 [http-nio-auto-10-exec-1] DEBUG o.s.c.c.CharSequenceEncoder - [157a49df] Writing "435. foo bar"
22:42:27.949 [http-nio-auto-10-exec-1] DEBUG o.s.c.c.CharSequenceEncoder - [157a49df] Writing "436. foo bar"
22:42:27.949 [http-nio-auto-10-exec-1] DEBUG o.s.c.c.CharSequenceEncoder - [157a49df] Writing "437. foo bar"
22:42:27.949 [http-nio-auto-10-exec-1] DEBUG o.s.c.c.CharSequenceEncoder - [157a49df] Writing "438. foo bar"
22:42:27.949 [http-nio-auto-10-exec-1] DEBUG o.s.c.c.CharSequenceEncoder - [157a49df] Writing "439. foo bar"
22:42:27.949 [http-nio-auto-10-exec-1] DEBUG o.s.c.c.CharSequenceEncoder - [157a49df] Writing "440. foo bar"
22:42:27.949 [http-nio-auto-10-exec-1] DEBUG o.s.c.c.CharSequenceEncoder - [157a49df] Writing "441. foo bar"
22:42:27.949 [http-nio-auto-10-exec-1] DEBUG o.s.c.c.CharSequenceEncoder - [157a49df] Writing "442. foo bar"
22:42:27.949 [http-nio-auto-10-exec-1] DEBUG o.s.c.c.CharSequenceEncoder - [157a49df] Writing "443. foo bar"
22:42:27.949 [http-nio-auto-10-exec-1] DEBUG o.s.c.c.CharSequenceEncoder - [157a49df] Writing "444. foo bar"
22:42:27.949 [http-nio-auto-10-exec-1] DEBUG o.s.c.c.CharSequenceEncoder - [157a49df] Writing "445. foo bar"
22:42:27.949 [http-nio-auto-10-exec-1] DEBUG o.s.c.c.CharSequenceEncoder - [157a49df] Writing "446. foo bar"
22:42:27.949 [http-nio-auto-10-exec-1] DEBUG o.s.c.c.CharSequenceEncoder - [157a49df] Writing "447. foo bar"
22:42:27.949 [http-nio-auto-10-exec-1] DEBUG o.s.c.c.CharSequenceEncoder - [157a49df] Writing "448. foo bar"
22:42:27.949 [http-nio-auto-10-exec-1] DEBUG o.s.c.c.CharSequenceEncoder - [157a49df] Writing "449. foo bar"
22:42:27.949 [http-nio-auto-10-exec-1] DEBUG o.s.c.c.CharSequenceEncoder - [157a49df] Writing "450. foo bar"
22:42:27.949 [http-nio-auto-10-exec-1] DEBUG o.s.c.c.CharSequenceEncoder - [157a49df] Writing "451. foo bar"
22:42:27.949 [http-nio-auto-10-exec-1] DEBUG o.s.c.c.CharSequenceEncoder - [157a49df] Writing "452. foo bar"
22:42:27.949 [http-nio-auto-10-exec-1] DEBUG o.s.c.c.CharSequenceEncoder - [157a49df] Writing "453. foo bar"
22:42:27.949 [http-nio-auto-10-exec-1] DEBUG o.s.c.c.CharSequenceEncoder - [157a49df] Writing "454. foo bar"
22:42:27.949 [http-nio-auto-10-exec-1] DEBUG o.s.c.c.CharSequenceEncoder - [157a49df] Writing "455. foo bar"
22:42:27.949 [http-nio-auto-10-exec-1] DEBUG o.s.c.c.CharSequenceEncoder - [157a49df] Writing "456. foo bar"
22:42:27.949 [http-nio-auto-10-exec-1] DEBUG o.s.c.c.CharSequenceEncoder - [157a49df] Writing "457. foo bar"
22:42:27.949 [http-nio-auto-10-exec-1] DEBUG o.s.c.c.CharSequenceEncoder - [157a49df] Writing "458. foo bar"
22:42:27.949 [http-nio-auto-10-exec-1] DEBUG o.s.c.c.CharSequenceEncoder - [157a49df] Writing "459. foo bar"
22:42:27.949 [http-nio-auto-10-exec-1] DEBUG o.s.c.c.CharSequenceEncoder - [157a49df] Writing "460. foo bar"
22:42:27.950 [http-nio-auto-10-exec-1] DEBUG o.s.c.c.CharSequenceEncoder - [157a49df] Writing "461. foo bar"
22:42:27.950 [http-nio-auto-10-exec-1] DEBUG o.s.c.c.CharSequenceEncoder - [157a49df] Writing "462. foo bar"
22:42:27.950 [http-nio-auto-10-exec-1] DEBUG o.s.c.c.CharSequenceEncoder - [157a49df] Writing "463. foo bar"
22:42:27.950 [http-nio-auto-10-exec-1] DEBUG o.s.c.c.CharSequenceEncoder - [157a49df] Writing "464. foo bar"
22:42:27.950 [http-nio-auto-10-exec-1] DEBUG o.s.c.c.CharSequenceEncoder - [157a49df] Writing "465. foo bar"
22:42:27.950 [http-nio-auto-10-exec-1] DEBUG o.s.c.c.CharSequenceEncoder - [157a49df] Writing "466. foo bar"
22:42:27.950 [http-nio-auto-10-exec-1] DEBUG o.s.c.c.CharSequenceEncoder - [157a49df] Writing "467. foo bar"
22:42:27.950 [http-nio-auto-10-exec-1] DEBUG o.s.c.c.CharSequenceEncoder - [157a49df] Writing "468. foo bar"
22:42:27.950 [http-nio-auto-10-exec-1] DEBUG o.s.c.c.CharSequenceEncoder - [157a49df] Writing "469. foo bar"
22:42:27.950 [http-nio-auto-10-exec-1] DEBUG o.s.c.c.CharSequenceEncoder - [157a49df] Writing "470. foo bar"
22:42:27.950 [http-nio-auto-10-exec-1] DEBUG o.s.c.c.CharSequenceEncoder - [157a49df] Writing "471. foo bar"
22:42:27.950 [http-nio-auto-10-exec-1] DEBUG o.s.c.c.CharSequenceEncoder - [157a49df] Writing "472. foo bar"
22:42:27.950 [http-nio-auto-10-exec-1] DEBUG o.s.c.c.CharSequenceEncoder - [157a49df] Writing "473. foo bar"
22:42:27.950 [http-nio-auto-10-exec-1] DEBUG o.s.c.c.CharSequenceEncoder - [157a49df] Writing "474. foo bar"
22:42:27.950 [http-nio-auto-10-exec-1] DEBUG o.s.c.c.CharSequenceEncoder - [157a49df] Writing "475. foo bar"
22:42:27.950 [http-nio-auto-10-exec-1] DEBUG o.s.c.c.CharSequenceEncoder - [157a49df] Writing "476. foo bar"
22:42:27.950 [http-nio-auto-10-exec-1] DEBUG o.s.c.c.CharSequenceEncoder - [157a49df] Writing "477. foo bar"
22:42:27.950 [http-nio-auto-10-exec-1] DEBUG o.s.c.c.CharSequenceEncoder - [157a49df] Writing "478. foo bar"
22:42:27.950 [http-nio-auto-10-exec-1] DEBUG o.s.c.c.CharSequenceEncoder - [157a49df] Writing "479. foo bar"
22:42:27.950 [http-nio-auto-10-exec-1] DEBUG o.s.c.c.CharSequenceEncoder - [157a49df] Writing "480. foo bar"
22:42:27.950 [http-nio-auto-10-exec-1] DEBUG o.s.c.c.CharSequenceEncoder - [157a49df] Writing "481. foo bar"
22:42:27.950 [http-nio-auto-10-exec-1] DEBUG o.s.c.c.CharSequenceEncoder - [157a49df] Writing "482. foo bar"
22:42:27.950 [http-nio-auto-10-exec-1] DEBUG o.s.c.c.CharSequenceEncoder - [157a49df] Writing "483. foo bar"
22:42:27.950 [http-nio-auto-10-exec-1] DEBUG o.s.c.c.CharSequenceEncoder - [157a49df] Writing "484. foo bar"
22:42:27.950 [http-nio-auto-10-exec-1] DEBUG o.s.c.c.CharSequenceEncoder - [157a49df] Writing "485. foo bar"
22:42:27.950 [http-nio-auto-10-exec-1] DEBUG o.s.c.c.CharSequenceEncoder - [157a49df] Writing "486. foo bar"
22:42:27.950 [http-nio-auto-10-exec-1] DEBUG o.s.c.c.CharSequenceEncoder - [157a49df] Writing "487. foo bar"
22:42:27.950 [http-nio-auto-10-exec-1] DEBUG o.s.c.c.CharSequenceEncoder - [157a49df] Writing "488. foo bar"
22:42:27.950 [http-nio-auto-10-exec-1] DEBUG o.s.c.c.CharSequenceEncoder - [157a49df] Writing "489. foo bar"
22:42:27.950 [http-nio-auto-10-exec-1] DEBUG o.s.c.c.CharSequenceEncoder - [157a49df] Writing "490. foo bar"
22:42:27.950 [http-nio-auto-10-exec-1] DEBUG o.s.c.c.CharSequenceEncoder - [157a49df] Writing "491. foo bar"
22:42:27.950 [http-nio-auto-10-exec-1] DEBUG o.s.c.c.CharSequenceEncoder - [157a49df] Writing "492. foo bar"
22:42:27.950 [http-nio-auto-10-exec-1] DEBUG o.s.c.c.CharSequenceEncoder - [157a49df] Writing "493. foo bar"
22:42:27.950 [http-nio-auto-10-exec-1] DEBUG o.s.c.c.CharSequenceEncoder - [157a49df] Writing "494. foo bar"
22:42:27.950 [http-nio-auto-10-exec-1] DEBUG o.s.c.c.CharSequenceEncoder - [157a49df] Writing "495. foo bar"
22:42:27.950 [http-nio-auto-10-exec-1] DEBUG o.s.c.c.CharSequenceEncoder - [157a49df] Writing "496. foo bar"
22:42:27.950 [http-nio-auto-10-exec-1] DEBUG o.s.c.c.CharSequenceEncoder - [157a49df] Writing "497. foo bar"
22:42:27.950 [http-nio-auto-10-exec-1] DEBUG o.s.c.c.CharSequenceEncoder - [157a49df] Writing "498. foo bar"
22:42:27.950 [http-nio-auto-10-exec-1] DEBUG o.s.c.c.CharSequenceEncoder - [157a49df] Writing "499. foo bar"
22:42:27.950 [http-nio-auto-10-exec-1] DEBUG o.s.c.c.CharSequenceEncoder - [157a49df] Writing "500. foo bar"
22:42:27.951 [http-nio-auto-10-exec-1] DEBUG o.s.c.c.CharSequenceEncoder - [157a49df] Writing "501. foo bar"
22:42:27.951 [http-nio-auto-10-exec-1] DEBUG o.s.c.c.CharSequenceEncoder - [157a49df] Writing "502. foo bar"
22:42:27.951 [http-nio-auto-10-exec-1] DEBUG o.s.c.c.CharSequenceEncoder - [157a49df] Writing "503. foo bar"
22:42:27.951 [http-nio-auto-10-exec-1] DEBUG o.s.c.c.CharSequenceEncoder - [157a49df] Writing "504. foo bar"
22:42:27.951 [http-nio-auto-10-exec-1] DEBUG o.s.c.c.CharSequenceEncoder - [157a49df] Writing "505. foo bar"
22:42:27.951 [http-nio-auto-10-exec-1] DEBUG o.s.c.c.CharSequenceEncoder - [157a49df] Writing "506. foo bar"
22:42:27.951 [http-nio-auto-10-exec-1] DEBUG o.s.c.c.CharSequenceEncoder - [157a49df] Writing "507. foo bar"
22:42:27.951 [http-nio-auto-10-exec-1] DEBUG o.s.c.c.CharSequenceEncoder - [157a49df] Writing "508. foo bar"
22:42:27.951 [http-nio-auto-10-exec-1] DEBUG o.s.c.c.CharSequenceEncoder - [157a49df] Writing "509. foo bar"
22:42:27.951 [http-nio-auto-10-exec-1] DEBUG o.s.c.c.CharSequenceEncoder - [157a49df] Writing "510. foo bar"
22:42:27.951 [http-nio-auto-10-exec-1] DEBUG o.s.c.c.CharSequenceEncoder - [157a49df] Writing "511. foo bar"
22:42:27.951 [http-nio-auto-10-exec-1] DEBUG o.s.c.c.CharSequenceEncoder - [157a49df] Writing "512. foo bar"
22:42:27.951 [http-nio-auto-10-exec-1] DEBUG o.s.c.c.CharSequenceEncoder - [157a49df] Writing "513. foo bar"
22:42:27.951 [http-nio-auto-10-exec-1] DEBUG o.s.c.c.CharSequenceEncoder - [157a49df] Writing "514. foo bar"
22:42:27.951 [http-nio-auto-10-exec-1] DEBUG o.s.c.c.CharSequenceEncoder - [157a49df] Writing "515. foo bar"
22:42:27.951 [http-nio-auto-10-exec-1] DEBUG o.s.c.c.CharSequenceEncoder - [157a49df] Writing "516. foo bar"
22:42:27.951 [http-nio-auto-10-exec-1] DEBUG o.s.c.c.CharSequenceEncoder - [157a49df] Writing "517. foo bar"
22:42:27.951 [http-nio-auto-10-exec-1] DEBUG o.s.c.c.CharSequenceEncoder - [157a49df] Writing "518. foo bar"
22:42:27.951 [http-nio-auto-10-exec-1] DEBUG o.s.c.c.CharSequenceEncoder - [157a49df] Writing "519. foo bar"
22:42:27.951 [http-nio-auto-10-exec-1] DEBUG o.s.c.c.CharSequenceEncoder - [157a49df] Writing "520. foo bar"
22:42:27.951 [http-nio-auto-10-exec-1] DEBUG o.s.c.c.CharSequenceEncoder - [157a49df] Writing "521. foo bar"
22:42:27.951 [http-nio-auto-10-exec-1] DEBUG o.s.c.c.CharSequenceEncoder - [157a49df] Writing "522. foo bar"
22:42:27.951 [http-nio-auto-10-exec-1] DEBUG o.s.c.c.CharSequenceEncoder - [157a49df] Writing "523. foo bar"
22:42:27.951 [http-nio-auto-10-exec-1] DEBUG o.s.c.c.CharSequenceEncoder - [157a49df] Writing "524. foo bar"
22:42:27.951 [http-nio-auto-10-exec-1] DEBUG o.s.c.c.CharSequenceEncoder - [157a49df] Writing "525. foo bar"
22:42:27.951 [http-nio-auto-10-exec-1] DEBUG o.s.c.c.CharSequenceEncoder - [157a49df] Writing "526. foo bar"
22:42:27.951 [http-nio-auto-10-exec-1] DEBUG o.s.c.c.CharSequenceEncoder - [157a49df] Writing "527. foo bar"
22:42:27.951 [http-nio-auto-10-exec-1] DEBUG o.s.c.c.CharSequenceEncoder - [157a49df] Writing "528. foo bar"
22:42:27.951 [http-nio-auto-10-exec-1] DEBUG o.s.c.c.CharSequenceEncoder - [157a49df] Writing "529. foo bar"
22:42:27.951 [http-nio-auto-10-exec-1] DEBUG o.s.c.c.CharSequenceEncoder - [157a49df] Writing "530. foo bar"
22:42:27.951 [http-nio-auto-10-exec-1] DEBUG o.s.c.c.CharSequenceEncoder - [157a49df] Writing "531. foo bar"
22:42:27.951 [http-nio-auto-10-exec-1] DEBUG o.s.c.c.CharSequenceEncoder - [157a49df] Writing "532. foo bar"
22:42:27.951 [http-nio-auto-10-exec-1] DEBUG o.s.c.c.CharSequenceEncoder - [157a49df] Writing "533. foo bar"
22:42:27.951 [http-nio-auto-10-exec-1] DEBUG o.s.c.c.CharSequenceEncoder - [157a49df] Writing "534. foo bar"
22:42:27.951 [http-nio-auto-10-exec-1] DEBUG o.s.c.c.CharSequenceEncoder - [157a49df] Writing "535. foo bar"
22:42:27.951 [http-nio-auto-10-exec-1] DEBUG o.s.c.c.CharSequenceEncoder - [157a49df] Writing "536. foo bar"
22:42:27.951 [http-nio-auto-10-exec-1] DEBUG o.s.c.c.CharSequenceEncoder - [157a49df] Writing "537. foo bar"
22:42:27.951 [http-nio-auto-10-exec-1] DEBUG o.s.c.c.CharSequenceEncoder - [157a49df] Writing "538. foo bar"
22:42:27.951 [http-nio-auto-10-exec-1] DEBUG o.s.c.c.CharSequenceEncoder - [157a49df] Writing "539. foo bar"
22:42:27.951 [http-nio-auto-10-exec-1] DEBUG o.s.c.c.CharSequenceEncoder - [157a49df] Writing "540. foo bar"
22:42:27.951 [http-nio-auto-10-exec-1] DEBUG o.s.c.c.CharSequenceEncoder - [157a49df] Writing "541. foo bar"
22:42:27.951 [http-nio-auto-10-exec-1] DEBUG o.s.c.c.CharSequenceEncoder - [157a49df] Writing "542. foo bar"
22:42:27.951 [http-nio-auto-10-exec-1] DEBUG o.s.c.c.CharSequenceEncoder - [157a49df] Writing "543. foo bar"
22:42:27.951 [http-nio-auto-10-exec-1] DEBUG o.s.c.c.CharSequenceEncoder - [157a49df] Writing "544. foo bar"
22:42:27.951 [http-nio-auto-10-exec-1] DEBUG o.s.c.c.CharSequenceEncoder - [157a49df] Writing "545. foo bar"
22:42:27.951 [http-nio-auto-10-exec-1] DEBUG o.s.c.c.CharSequenceEncoder - [157a49df] Writing "546. foo bar"
22:42:27.951 [http-nio-auto-10-exec-1] DEBUG o.s.c.c.CharSequenceEncoder - [157a49df] Writing "547. foo bar"
22:42:27.951 [http-nio-auto-10-exec-1] DEBUG o.s.c.c.CharSequenceEncoder - [157a49df] Writing "548. foo bar"
22:42:27.951 [http-nio-auto-10-exec-1] DEBUG o.s.c.c.CharSequenceEncoder - [157a49df] Writing "549. foo bar"
22:42:27.951 [http-nio-auto-10-exec-1] DEBUG o.s.c.c.CharSequenceEncoder - [157a49df] Writing "550. foo bar"
22:42:27.951 [http-nio-auto-10-exec-1] DEBUG o.s.c.c.CharSequenceEncoder - [157a49df] Writing "551. foo bar"
22:42:27.951 [http-nio-auto-10-exec-1] DEBUG o.s.c.c.CharSequenceEncoder - [157a49df] Writing "552. foo bar"
22:42:27.951 [http-nio-auto-10-exec-1] DEBUG o.s.c.c.CharSequenceEncoder - [157a49df] Writing "553. foo bar"
22:42:27.952 [http-nio-auto-10-exec-1] DEBUG o.s.c.c.CharSequenceEncoder - [157a49df] Writing "554. foo bar"
22:42:27.952 [http-nio-auto-10-exec-1] DEBUG o.s.c.c.CharSequenceEncoder - [157a49df] Writing "555. foo bar"
22:42:27.952 [http-nio-auto-10-exec-1] DEBUG o.s.c.c.CharSequenceEncoder - [157a49df] Writing "556. foo bar"
22:42:27.952 [http-nio-auto-10-exec-1] DEBUG o.s.c.c.CharSequenceEncoder - [157a49df] Writing "557. foo bar"
22:42:27.952 [http-nio-auto-10-exec-1] DEBUG o.s.c.c.CharSequenceEncoder - [157a49df] Writing "558. foo bar"
22:42:27.952 [http-nio-auto-10-exec-1] DEBUG o.s.c.c.CharSequenceEncoder - [157a49df] Writing "559. foo bar"
22:42:27.952 [http-nio-auto-10-exec-1] DEBUG o.s.c.c.CharSequenceEncoder - [157a49df] Writing "560. foo bar"
22:42:27.952 [http-nio-auto-10-exec-1] DEBUG o.s.c.c.CharSequenceEncoder - [157a49df] Writing "561. foo bar"
22:42:27.952 [http-nio-auto-10-exec-1] DEBUG o.s.c.c.CharSequenceEncoder - [157a49df] Writing "562. foo bar"
22:42:27.952 [http-nio-auto-10-exec-1] DEBUG o.s.c.c.CharSequenceEncoder - [157a49df] Writing "563. foo bar"
22:42:27.952 [http-nio-auto-10-exec-1] DEBUG o.s.c.c.CharSequenceEncoder - [157a49df] Writing "564. foo bar"
22:42:27.952 [http-nio-auto-10-exec-1] DEBUG o.s.c.c.CharSequenceEncoder - [157a49df] Writing "565. foo bar"
22:42:27.952 [http-nio-auto-10-exec-1] DEBUG o.s.c.c.CharSequenceEncoder - [157a49df] Writing "566. foo bar"
22:42:27.952 [http-nio-auto-10-exec-1] DEBUG o.s.c.c.CharSequenceEncoder - [157a49df] Writing "567. foo bar"
22:42:27.952 [http-nio-auto-10-exec-1] DEBUG o.s.c.c.CharSequenceEncoder - [157a49df] Writing "568. foo bar"
22:42:27.952 [http-nio-auto-10-exec-1] DEBUG o.s.c.c.CharSequenceEncoder - [157a49df] Writing "569. foo bar"
22:42:27.952 [http-nio-auto-10-exec-1] DEBUG o.s.c.c.CharSequenceEncoder - [157a49df] Writing "570. foo bar"
22:42:27.952 [http-nio-auto-10-exec-1] DEBUG o.s.c.c.CharSequenceEncoder - [157a49df] Writing "571. foo bar"
22:42:27.952 [http-nio-auto-10-exec-1] DEBUG o.s.c.c.CharSequenceEncoder - [157a49df] Writing "572. foo bar"
22:42:27.952 [http-nio-auto-10-exec-1] DEBUG o.s.c.c.CharSequenceEncoder - [157a49df] Writing "573. foo bar"
22:42:27.952 [http-nio-auto-10-exec-1] DEBUG o.s.c.c.CharSequenceEncoder - [157a49df] Writing "574. foo bar"
22:42:27.952 [http-nio-auto-10-exec-1] DEBUG o.s.c.c.CharSequenceEncoder - [157a49df] Writing "575. foo bar"
22:42:27.952 [http-nio-auto-10-exec-1] DEBUG o.s.c.c.CharSequenceEncoder - [157a49df] Writing "576. foo bar"
22:42:27.952 [http-nio-auto-10-exec-1] DEBUG o.s.c.c.CharSequenceEncoder - [157a49df] Writing "577. foo bar"
22:42:27.952 [http-nio-auto-10-exec-1] DEBUG o.s.c.c.CharSequenceEncoder - [157a49df] Writing "578. foo bar"
22:42:27.952 [http-nio-auto-10-exec-1] DEBUG o.s.c.c.CharSequenceEncoder - [157a49df] Writing "579. foo bar"
22:42:27.952 [http-nio-auto-10-exec-1] DEBUG o.s.c.c.CharSequenceEncoder - [157a49df] Writing "580. foo bar"
22:42:27.952 [http-nio-auto-10-exec-1] DEBUG o.s.c.c.CharSequenceEncoder - [157a49df] Writing "581. foo bar"
22:42:27.952 [http-nio-auto-10-exec-1] DEBUG o.s.c.c.CharSequenceEncoder - [157a49df] Writing "582. foo bar"
22:42:27.952 [http-nio-auto-10-exec-1] DEBUG o.s.c.c.CharSequenceEncoder - [157a49df] Writing "583. foo bar"
22:42:27.952 [http-nio-auto-10-exec-1] DEBUG o.s.c.c.CharSequenceEncoder - [157a49df] Writing "584. foo bar"
22:42:27.952 [http-nio-auto-10-exec-1] DEBUG o.s.c.c.CharSequenceEncoder - [157a49df] Writing "585. foo bar"
22:42:27.952 [http-nio-auto-10-exec-1] DEBUG o.s.c.c.CharSequenceEncoder - [157a49df] Writing "586. foo bar"
22:42:27.952 [http-nio-auto-10-exec-1] DEBUG o.s.c.c.CharSequenceEncoder - [157a49df] Writing "587. foo bar"
22:42:27.952 [http-nio-auto-10-exec-1] DEBUG o.s.c.c.CharSequenceEncoder - [157a49df] Writing "588. foo bar"
22:42:27.952 [http-nio-auto-10-exec-1] DEBUG o.s.c.c.CharSequenceEncoder - [157a49df] Writing "589. foo bar"
22:42:27.952 [http-nio-auto-10-exec-1] DEBUG o.s.c.c.CharSequenceEncoder - [157a49df] Writing "590. foo bar"
22:42:27.952 [http-nio-auto-10-exec-1] DEBUG o.s.c.c.CharSequenceEncoder - [157a49df] Writing "591. foo bar"
22:42:27.952 [http-nio-auto-10-exec-1] DEBUG o.s.c.c.CharSequenceEncoder - [157a49df] Writing "592. foo bar"
22:42:27.952 [http-nio-auto-10-exec-1] DEBUG o.s.c.c.CharSequenceEncoder - [157a49df] Writing "593. foo bar"
22:42:27.952 [http-nio-auto-10-exec-1] DEBUG o.s.c.c.CharSequenceEncoder - [157a49df] Writing "594. foo bar"
22:42:27.952 [http-nio-auto-10-exec-1] DEBUG o.s.c.c.CharSequenceEncoder - [157a49df] Writing "595. foo bar"
22:42:27.952 [http-nio-auto-10-exec-1] DEBUG o.s.c.c.CharSequenceEncoder - [157a49df] Writing "596. foo bar"
22:42:27.952 [http-nio-auto-10-exec-1] DEBUG o.s.c.c.CharSequenceEncoder - [157a49df] Writing "597. foo bar"
22:42:27.952 [http-nio-auto-10-exec-1] DEBUG o.s.c.c.CharSequenceEncoder - [157a49df] Writing "598. foo bar"
22:42:27.952 [http-nio-auto-10-exec-1] DEBUG o.s.c.c.CharSequenceEncoder - [157a49df] Writing "599. foo bar"
22:42:27.952 [http-nio-auto-10-exec-1] DEBUG o.s.c.c.CharSequenceEncoder - [157a49df] Writing "600. foo bar"
22:42:27.952 [http-nio-auto-10-exec-1] DEBUG o.s.c.c.CharSequenceEncoder - [157a49df] Writing "601. foo bar"
22:42:27.952 [http-nio-auto-10-exec-1] DEBUG o.s.c.c.CharSequenceEncoder - [157a49df] Writing "602. foo bar"
22:42:27.952 [http-nio-auto-10-exec-1] DEBUG o.s.c.c.CharSequenceEncoder - [157a49df] Writing "603. foo bar"
22:42:27.952 [http-nio-auto-10-exec-1] DEBUG o.s.c.c.CharSequenceEncoder - [157a49df] Writing "604. foo bar"
22:42:27.952 [http-nio-auto-10-exec-1] DEBUG o.s.c.c.CharSequenceEncoder - [157a49df] Writing "605. foo bar"
22:42:27.952 [http-nio-auto-10-exec-1] DEBUG o.s.c.c.CharSequenceEncoder - [157a49df] Writing "606. foo bar"
22:42:27.952 [http-nio-auto-10-exec-1] DEBUG o.s.c.c.CharSequenceEncoder - [157a49df] Writing "607. foo bar"
22:42:27.952 [http-nio-auto-10-exec-1] DEBUG o.s.c.c.CharSequenceEncoder - [157a49df] Writing "608. foo bar"
22:42:27.952 [http-nio-auto-10-exec-1] DEBUG o.s.c.c.CharSequenceEncoder - [157a49df] Writing "609. foo bar"
22:42:27.952 [http-nio-auto-10-exec-1] DEBUG o.s.c.c.CharSequenceEncoder - [157a49df] Writing "610. foo bar"
22:42:27.952 [http-nio-auto-10-exec-1] DEBUG o.s.c.c.CharSequenceEncoder - [157a49df] Writing "611. foo bar"
22:42:27.952 [http-nio-auto-10-exec-1] DEBUG o.s.c.c.CharSequenceEncoder - [157a49df] Writing "612. foo bar"
22:42:27.952 [http-nio-auto-10-exec-1] DEBUG o.s.c.c.CharSequenceEncoder - [157a49df] Writing "613. foo bar"
22:42:27.952 [http-nio-auto-10-exec-1] DEBUG o.s.c.c.CharSequenceEncoder - [157a49df] Writing "614. foo bar"
22:42:27.952 [http-nio-auto-10-exec-1] DEBUG o.s.c.c.CharSequenceEncoder - [157a49df] Writing "615. foo bar"
22:42:27.952 [http-nio-auto-10-exec-1] DEBUG o.s.c.c.CharSequenceEncoder - [157a49df] Writing "616. foo bar"
22:42:27.952 [http-nio-auto-10-exec-1] DEBUG o.s.c.c.CharSequenceEncoder - [157a49df] Writing "617. foo bar"
22:42:27.952 [http-nio-auto-10-exec-1] DEBUG o.s.c.c.CharSequenceEncoder - [157a49df] Writing "618. foo bar"
22:42:27.952 [http-nio-auto-10-exec-1] DEBUG o.s.c.c.CharSequenceEncoder - [157a49df] Writing "619. foo bar"
22:42:27.952 [http-nio-auto-10-exec-1] DEBUG o.s.c.c.CharSequenceEncoder - [157a49df] Writing "620. foo bar"
22:42:27.952 [http-nio-auto-10-exec-1] DEBUG o.s.c.c.CharSequenceEncoder - [157a49df] Writing "621. foo bar"
22:42:27.952 [http-nio-auto-10-exec-1] DEBUG o.s.c.c.CharSequenceEncoder - [157a49df] Writing "622. foo bar"
22:42:27.952 [http-nio-auto-10-exec-1] DEBUG o.s.c.c.CharSequenceEncoder - [157a49df] Writing "623. foo bar"
22:42:27.952 [http-nio-auto-10-exec-1] DEBUG o.s.c.c.CharSequenceEncoder - [157a49df] Writing "624. foo bar"
22:42:27.952 [http-nio-auto-10-exec-1] DEBUG o.s.c.c.CharSequenceEncoder - [157a49df] Writing "625. foo bar"
22:42:27.952 [http-nio-auto-10-exec-1] DEBUG o.s.c.c.CharSequenceEncoder - [157a49df] Writing "626. foo bar"
22:42:27.952 [http-nio-auto-10-exec-1] DEBUG o.s.c.c.CharSequenceEncoder - [157a49df] Writing "627. foo bar"
22:42:27.952 [http-nio-auto-10-exec-1] DEBUG o.s.c.c.CharSequenceEncoder - [157a49df] Writing "628. foo bar"
22:42:27.952 [http-nio-auto-10-exec-1] DEBUG o.s.c.c.CharSequenceEncoder - [157a49df] Writing "629. foo bar"
22:42:27.952 [http-nio-auto-10-exec-1] DEBUG o.s.c.c.CharSequenceEncoder - [157a49df] Writing "630. foo bar"
22:42:27.952 [http-nio-auto-10-exec-1] DEBUG o.s.c.c.CharSequenceEncoder - [157a49df] Writing "631. foo bar"
22:42:27.952 [http-nio-auto-10-exec-1] DEBUG o.s.c.c.CharSequenceEncoder - [157a49df] Writing "632. foo bar"
22:42:27.952 [http-nio-auto-10-exec-1] DEBUG o.s.c.c.CharSequenceEncoder - [157a49df] Writing "633. foo bar"
22:42:27.952 [http-nio-auto-10-exec-1] DEBUG o.s.c.c.CharSequenceEncoder - [157a49df] Writing "634. foo bar"
22:42:27.952 [http-nio-auto-10-exec-1] DEBUG o.s.c.c.CharSequenceEncoder - [157a49df] Writing "635. foo bar"
22:42:27.952 [http-nio-auto-10-exec-1] DEBUG o.s.c.c.CharSequenceEncoder - [157a49df] Writing "636. foo bar"
22:42:27.952 [http-nio-auto-10-exec-1] DEBUG o.s.c.c.CharSequenceEncoder - [157a49df] Writing "637. foo bar"
22:42:27.952 [http-nio-auto-10-exec-1] DEBUG o.s.c.c.CharSequenceEncoder - [157a49df] Writing "638. foo bar"
22:42:27.952 [http-nio-auto-10-exec-1] DEBUG o.s.c.c.CharSequenceEncoder - [157a49df] Writing "639. foo bar"
22:42:27.953 [http-nio-auto-10-exec-1] DEBUG o.s.c.c.CharSequenceEncoder - [157a49df] Writing "640. foo bar"
22:42:27.953 [http-nio-auto-10-exec-1] DEBUG o.s.c.c.CharSequenceEncoder - [157a49df] Writing "641. foo bar"
22:42:27.953 [http-nio-auto-10-exec-1] DEBUG o.s.c.c.CharSequenceEncoder - [157a49df] Writing "642. foo bar"
22:42:27.953 [http-nio-auto-10-exec-1] DEBUG o.s.c.c.CharSequenceEncoder - [157a49df] Writing "643. foo bar"
22:42:27.953 [http-nio-auto-10-exec-1] DEBUG o.s.c.c.CharSequenceEncoder - [157a49df] Writing "644. foo bar"
22:42:27.953 [http-nio-auto-10-exec-1] DEBUG o.s.c.c.CharSequenceEncoder - [157a49df] Writing "645. foo bar"
22:42:27.953 [http-nio-auto-10-exec-1] DEBUG o.s.c.c.CharSequenceEncoder - [157a49df] Writing "646. foo bar"
22:42:27.953 [http-nio-auto-10-exec-1] DEBUG o.s.c.c.CharSequenceEncoder - [157a49df] Writing "647. foo bar"
22:42:27.953 [http-nio-auto-10-exec-1] DEBUG o.s.c.c.CharSequenceEncoder - [157a49df] Writing "648. foo bar"
22:42:27.953 [http-nio-auto-10-exec-1] DEBUG o.s.c.c.CharSequenceEncoder - [157a49df] Writing "649. foo bar"
22:42:27.953 [http-nio-auto-10-exec-1] DEBUG o.s.c.c.CharSequenceEncoder - [157a49df] Writing "650. foo bar"
22:42:27.953 [http-nio-auto-10-exec-1] DEBUG o.s.c.c.CharSequenceEncoder - [157a49df] Writing "651. foo bar"
22:42:27.953 [http-nio-auto-10-exec-1] DEBUG o.s.c.c.CharSequenceEncoder - [157a49df] Writing "652. foo bar"
22:42:27.953 [http-nio-auto-10-exec-1] DEBUG o.s.c.c.CharSequenceEncoder - [157a49df] Writing "653. foo bar"
22:42:27.953 [http-nio-auto-10-exec-1] DEBUG o.s.c.c.CharSequenceEncoder - [157a49df] Writing "654. foo bar"
22:42:27.953 [http-nio-auto-10-exec-1] DEBUG o.s.c.c.CharSequenceEncoder - [157a49df] Writing "655. foo bar"
22:42:27.953 [http-nio-auto-10-exec-1] DEBUG o.s.c.c.CharSequenceEncoder - [157a49df] Writing "656. foo bar"
22:42:27.953 [http-nio-auto-10-exec-1] DEBUG o.s.c.c.CharSequenceEncoder - [157a49df] Writing "657. foo bar"
22:42:27.953 [http-nio-auto-10-exec-1] DEBUG o.s.c.c.CharSequenceEncoder - [157a49df] Writing "658. foo bar"
22:42:27.953 [http-nio-auto-10-exec-1] DEBUG o.s.c.c.CharSequenceEncoder - [157a49df] Writing "659. foo bar"
22:42:27.953 [http-nio-auto-10-exec-1] DEBUG o.s.c.c.CharSequenceEncoder - [157a49df] Writing "660. foo bar"
22:42:27.953 [http-nio-auto-10-exec-1] DEBUG o.s.c.c.CharSequenceEncoder - [157a49df] Writing "661. foo bar"
22:42:27.953 [http-nio-auto-10-exec-1] DEBUG o.s.c.c.CharSequenceEncoder - [157a49df] Writing "662. foo bar"
22:42:27.953 [http-nio-auto-10-exec-1] DEBUG o.s.c.c.CharSequenceEncoder - [157a49df] Writing "663. foo bar"
22:42:27.953 [http-nio-auto-10-exec-1] DEBUG o.s.c.c.CharSequenceEncoder - [157a49df] Writing "664. foo bar"
22:42:27.953 [http-nio-auto-10-exec-1] DEBUG o.s.c.c.CharSequenceEncoder - [157a49df] Writing "665. foo bar"
22:42:27.953 [http-nio-auto-10-exec-1] DEBUG o.s.c.c.CharSequenceEncoder - [157a49df] Writing "666. foo bar"
22:42:27.953 [http-nio-auto-10-exec-1] DEBUG o.s.c.c.CharSequenceEncoder - [157a49df] Writing "667. foo bar"
22:42:27.953 [http-nio-auto-10-exec-1] DEBUG o.s.c.c.CharSequenceEncoder - [157a49df] Writing "668. foo bar"
22:42:27.953 [http-nio-auto-10-exec-1] DEBUG o.s.c.c.CharSequenceEncoder - [157a49df] Writing "669. foo bar"
22:42:27.953 [http-nio-auto-10-exec-1] DEBUG o.s.c.c.CharSequenceEncoder - [157a49df] Writing "670. foo bar"
22:42:27.953 [http-nio-auto-10-exec-1] DEBUG o.s.c.c.CharSequenceEncoder - [157a49df] Writing "671. foo bar"
22:42:27.953 [http-nio-auto-10-exec-1] DEBUG o.s.c.c.CharSequenceEncoder - [157a49df] Writing "672. foo bar"
22:42:27.953 [http-nio-auto-10-exec-1] DEBUG o.s.c.c.CharSequenceEncoder - [157a49df] Writing "673. foo bar"
22:42:27.953 [http-nio-auto-10-exec-1] DEBUG o.s.c.c.CharSequenceEncoder - [157a49df] Writing "674. foo bar"
22:42:27.953 [http-nio-auto-10-exec-1] DEBUG o.s.c.c.CharSequenceEncoder - [157a49df] Writing "675. foo bar"
22:42:27.953 [http-nio-auto-10-exec-1] DEBUG o.s.c.c.CharSequenceEncoder - [157a49df] Writing "676. foo bar"
22:42:27.953 [http-nio-auto-10-exec-1] DEBUG o.s.c.c.CharSequenceEncoder - [157a49df] Writing "677. foo bar"
22:42:27.953 [http-nio-auto-10-exec-1] DEBUG o.s.c.c.CharSequenceEncoder - [157a49df] Writing "678. foo bar"
22:42:27.953 [http-nio-auto-10-exec-1] DEBUG o.s.c.c.CharSequenceEncoder - [157a49df] Writing "679. foo bar"
22:42:27.953 [http-nio-auto-10-exec-1] DEBUG o.s.c.c.CharSequenceEncoder - [157a49df] Writing "680. foo bar"
22:42:27.953 [http-nio-auto-10-exec-1] DEBUG o.s.c.c.CharSequenceEncoder - [157a49df] Writing "681. foo bar"
22:42:27.953 [http-nio-auto-10-exec-1] DEBUG o.s.c.c.CharSequenceEncoder - [157a49df] Writing "682. foo bar"
22:42:27.953 [http-nio-auto-10-exec-1] DEBUG o.s.c.c.CharSequenceEncoder - [157a49df] Writing "683. foo bar"
22:42:27.953 [http-nio-auto-10-exec-1] DEBUG o.s.c.c.CharSequenceEncoder - [157a49df] Writing "684. foo bar"
22:42:27.953 [http-nio-auto-10-exec-1] DEBUG o.s.c.c.CharSequenceEncoder - [157a49df] Writing "685. foo bar"
22:42:27.953 [http-nio-auto-10-exec-1] DEBUG o.s.c.c.CharSequenceEncoder - [157a49df] Writing "686. foo bar"
22:42:27.953 [http-nio-auto-10-exec-1] DEBUG o.s.c.c.CharSequenceEncoder - [157a49df] Writing "687. foo bar"
22:42:27.953 [http-nio-auto-10-exec-1] DEBUG o.s.c.c.CharSequenceEncoder - [157a49df] Writing "688. foo bar"
22:42:27.953 [http-nio-auto-10-exec-1] DEBUG o.s.c.c.CharSequenceEncoder - [157a49df] Writing "689. foo bar"
22:42:27.953 [http-nio-auto-10-exec-1] DEBUG o.s.c.c.CharSequenceEncoder - [157a49df] Writing "690. foo bar"
22:42:27.953 [http-nio-auto-10-exec-1] DEBUG o.s.c.c.CharSequenceEncoder - [157a49df] Writing "691. foo bar"
22:42:27.953 [http-nio-auto-10-exec-1] DEBUG o.s.c.c.CharSequenceEncoder - [157a49df] Writing "692. foo bar"
22:42:27.954 [http-nio-auto-10-exec-1] DEBUG o.s.c.c.CharSequenceEncoder - [157a49df] Writing "693. foo bar"
22:42:27.954 [Test worker] DEBUG o.s.w.c.RestTemplate - Response 200 OK
22:42:27.954 [Test worker] DEBUG o.s.w.c.RestTemplate - Reading to [java.lang.String] as "text/plain;charset=UTF-8"
22:42:27.954 [http-nio-auto-10-exec-2] DEBUG o.s.c.c.CharSequenceEncoder - [157a49df] Writing "694. foo bar"
22:42:27.954 [http-nio-auto-10-exec-2] DEBUG o.s.c.c.CharSequenceEncoder - [157a49df] Writing "695. foo bar"
22:42:27.954 [http-nio-auto-10-exec-2] DEBUG o.s.c.c.CharSequenceEncoder - [157a49df] Writing "696. foo bar"
22:42:27.954 [http-nio-auto-10-exec-2] DEBUG o.s.c.c.CharSequenceEncoder - [157a49df] Writing "697. foo bar"
22:42:27.954 [http-nio-auto-10-exec-2] DEBUG o.s.c.c.CharSequenceEncoder - [157a49df] Writing "698. foo bar"
22:42:27.954 [http-nio-auto-10-exec-2] DEBUG o.s.c.c.CharSequenceEncoder - [157a49df] Writing "699. foo bar"
22:42:27.954 [http-nio-auto-10-exec-2] DEBUG o.s.c.c.CharSequenceEncoder - [157a49df] Writing "700. foo bar"
22:42:27.954 [http-nio-auto-10-exec-2] DEBUG o.s.c.c.CharSequenceEncoder - [157a49df] Writing "701. foo bar"
22:42:27.954 [http-nio-auto-10-exec-2] DEBUG o.s.c.c.CharSequenceEncoder - [157a49df] Writing "702. foo bar"
22:42:27.954 [http-nio-auto-10-exec-2] DEBUG o.s.c.c.CharSequenceEncoder - [157a49df] Writing "703. foo bar"
22:42:27.954 [http-nio-auto-10-exec-2] DEBUG o.s.c.c.CharSequenceEncoder - [157a49df] Writing "704. foo bar"
22:42:27.954 [http-nio-auto-10-exec-2] DEBUG o.s.c.c.CharSequenceEncoder - [157a49df] Writing "705. foo bar"
22:42:27.954 [http-nio-auto-10-exec-2] DEBUG o.s.c.c.CharSequenceEncoder - [157a49df] Writing "706. foo bar"
22:42:27.954 [http-nio-auto-10-exec-2] DEBUG o.s.c.c.CharSequenceEncoder - [157a49df] Writing "707. foo bar"
22:42:27.954 [http-nio-auto-10-exec-2] DEBUG o.s.c.c.CharSequenceEncoder - [157a49df] Writing "708. foo bar"
22:42:27.954 [http-nio-auto-10-exec-2] DEBUG o.s.c.c.CharSequenceEncoder - [157a49df] Writing "709. foo bar"
22:42:27.954 [http-nio-auto-10-exec-2] DEBUG o.s.c.c.CharSequenceEncoder - [157a49df] Writing "710. foo bar"
22:42:27.954 [http-nio-auto-10-exec-2] DEBUG o.s.c.c.CharSequenceEncoder - [157a49df] Writing "711. foo bar"
22:42:27.955 [http-nio-auto-10-exec-2] DEBUG o.s.c.c.CharSequenceEncoder - [157a49df] Writing "712. foo bar"
22:42:27.955 [http-nio-auto-10-exec-2] DEBUG o.s.c.c.CharSequenceEncoder - [157a49df] Writing "713. foo bar"
22:42:27.955 [http-nio-auto-10-exec-2] DEBUG o.s.c.c.CharSequenceEncoder - [157a49df] Writing "714. foo bar"
22:42:27.955 [http-nio-auto-10-exec-2] DEBUG o.s.c.c.CharSequenceEncoder - [157a49df] Writing "715. foo bar"
22:42:27.955 [http-nio-auto-10-exec-2] DEBUG o.s.c.c.CharSequenceEncoder - [157a49df] Writing "716. foo bar"
22:42:27.955 [http-nio-auto-10-exec-2] DEBUG o.s.c.c.CharSequenceEncoder - [157a49df] Writing "717. foo bar"
22:42:27.955 [http-nio-auto-10-exec-2] DEBUG o.s.c.c.CharSequenceEncoder - [157a49df] Writing "718. foo bar"
22:42:27.955 [http-nio-auto-10-exec-2] DEBUG o.s.c.c.CharSequenceEncoder - [157a49df] Writing "719. foo bar"
22:42:27.955 [http-nio-auto-10-exec-2] DEBUG o.s.c.c.CharSequenceEncoder - [157a49df] Writing "720. foo bar"
22:42:27.955 [http-nio-auto-10-exec-2] DEBUG o.s.c.c.CharSequenceEncoder - [157a49df] Writing "721. foo bar"
22:42:27.955 [http-nio-auto-10-exec-2] DEBUG o.s.c.c.CharSequenceEncoder - [157a49df] Writing "722. foo bar"
22:42:27.955 [http-nio-auto-10-exec-2] DEBUG o.s.c.c.CharSequenceEncoder - [157a49df] Writing "723. foo bar"
22:42:27.955 [http-nio-auto-10-exec-2] DEBUG o.s.c.c.CharSequenceEncoder - [157a49df] Writing "724. foo bar"
22:42:27.955 [http-nio-auto-10-exec-2] DEBUG o.s.c.c.CharSequenceEncoder - [157a49df] Writing "725. foo bar"
22:42:27.955 [http-nio-auto-10-exec-2] DEBUG o.s.c.c.CharSequenceEncoder - [157a49df] Writing "726. foo bar"
22:42:27.955 [http-nio-auto-10-exec-2] DEBUG o.s.c.c.CharSequenceEncoder - [157a49df] Writing "727. foo bar"
22:42:27.955 [http-nio-auto-10-exec-2] DEBUG o.s.c.c.CharSequenceEncoder - [157a49df] Writing "728. foo bar"
22:42:27.955 [http-nio-auto-10-exec-2] DEBUG o.s.c.c.CharSequenceEncoder - [157a49df] Writing "729. foo bar"
22:42:27.955 [http-nio-auto-10-exec-2] DEBUG o.s.c.c.CharSequenceEncoder - [157a49df] Writing "730. foo bar"
22:42:27.955 [http-nio-auto-10-exec-2] DEBUG o.s.c.c.CharSequenceEncoder - [157a49df] Writing "731. foo bar"
22:42:27.955 [http-nio-auto-10-exec-2] DEBUG o.s.c.c.CharSequenceEncoder - [157a49df] Writing "732. foo bar"
22:42:27.955 [http-nio-auto-10-exec-2] DEBUG o.s.c.c.CharSequenceEncoder - [157a49df] Writing "733. foo bar"
22:42:27.955 [http-nio-auto-10-exec-2] DEBUG o.s.c.c.CharSequenceEncoder - [157a49df] Writing "734. foo bar"
22:42:27.955 [http-nio-auto-10-exec-2] DEBUG o.s.c.c.CharSequenceEncoder - [157a49df] Writing "735. foo bar"
22:42:27.955 [http-nio-auto-10-exec-2] DEBUG o.s.c.c.CharSequenceEncoder - [157a49df] Writing "736. foo bar"
22:42:27.955 [http-nio-auto-10-exec-2] DEBUG o.s.c.c.CharSequenceEncoder - [157a49df] Writing "737. foo bar"
22:42:27.955 [http-nio-auto-10-exec-2] DEBUG o.s.c.c.CharSequenceEncoder - [157a49df] Writing "738. foo bar"
22:42:27.955 [http-nio-auto-10-exec-2] DEBUG o.s.c.c.CharSequenceEncoder - [157a49df] Writing "739. foo bar"
22:42:27.955 [http-nio-auto-10-exec-2] DEBUG o.s.c.c.CharSequenceEncoder - [157a49df] Writing "740. foo bar"
22:42:27.955 [http-nio-auto-10-exec-2] DEBUG o.s.c.c.CharSequenceEncoder - [157a49df] Writing "741. foo bar"
22:42:27.955 [http-nio-auto-10-exec-2] DEBUG o.s.c.c.CharSequenceEncoder - [157a49df] Writing "742. foo bar"
22:42:27.955 [http-nio-auto-10-exec-2] DEBUG o.s.c.c.CharSequenceEncoder - [157a49df] Writing "743. foo bar"
22:42:27.955 [http-nio-auto-10-exec-2] DEBUG o.s.c.c.CharSequenceEncoder - [157a49df] Writing "744. foo bar"
22:42:27.955 [http-nio-auto-10-exec-2] DEBUG o.s.c.c.CharSequenceEncoder - [157a49df] Writing "745. foo bar"
22:42:27.955 [http-nio-auto-10-exec-2] DEBUG o.s.c.c.CharSequenceEncoder - [157a49df] Writing "746. foo bar"
22:42:27.955 [http-nio-auto-10-exec-2] DEBUG o.s.c.c.CharSequenceEncoder - [157a49df] Writing "747. foo bar"
22:42:27.955 [http-nio-auto-10-exec-2] DEBUG o.s.c.c.CharSequenceEncoder - [157a49df] Writing "748. foo bar"
22:42:27.955 [http-nio-auto-10-exec-2] DEBUG o.s.c.c.CharSequenceEncoder - [157a49df] Writing "749. foo bar"
22:42:27.955 [http-nio-auto-10-exec-2] DEBUG o.s.c.c.CharSequenceEncoder - [157a49df] Writing "750. foo bar"
22:42:27.955 [http-nio-auto-10-exec-2] DEBUG o.s.c.c.CharSequenceEncoder - [157a49df] Writing "751. foo bar"
22:42:27.955 [http-nio-auto-10-exec-2] DEBUG o.s.c.c.CharSequenceEncoder - [157a49df] Writing "752. foo bar"
22:42:27.955 [http-nio-auto-10-exec-2] DEBUG o.s.c.c.CharSequenceEncoder - [157a49df] Writing "753. foo bar"
22:42:27.955 [http-nio-auto-10-exec-2] DEBUG o.s.c.c.CharSequenceEncoder - [157a49df] Writing "754. foo bar"
22:42:27.955 [http-nio-auto-10-exec-2] DEBUG o.s.c.c.CharSequenceEncoder - [157a49df] Writing "755. foo bar"
22:42:27.955 [http-nio-auto-10-exec-2] DEBUG o.s.c.c.CharSequenceEncoder - [157a49df] Writing "756. foo bar"
22:42:27.955 [http-nio-auto-10-exec-2] DEBUG o.s.c.c.CharSequenceEncoder - [157a49df] Writing "757. foo bar"
22:42:27.955 [http-nio-auto-10-exec-2] DEBUG o.s.c.c.CharSequenceEncoder - [157a49df] Writing "758. foo bar"
22:42:27.955 [http-nio-auto-10-exec-2] DEBUG o.s.c.c.CharSequenceEncoder - [157a49df] Writing "759. foo bar"
22:42:27.955 [http-nio-auto-10-exec-2] DEBUG o.s.c.c.CharSequenceEncoder - [157a49df] Writing "760. foo bar"
22:42:27.955 [http-nio-auto-10-exec-2] DEBUG o.s.c.c.CharSequenceEncoder - [157a49df] Writing "761. foo bar"
22:42:27.955 [http-nio-auto-10-exec-2] DEBUG o.s.c.c.CharSequenceEncoder - [157a49df] Writing "762. foo bar"
22:42:27.955 [http-nio-auto-10-exec-2] DEBUG o.s.c.c.CharSequenceEncoder - [157a49df] Writing "763. foo bar"
22:42:27.955 [http-nio-auto-10-exec-2] DEBUG o.s.c.c.CharSequenceEncoder - [157a49df] Writing "764. foo bar"
22:42:27.956 [http-nio-auto-10-exec-2] DEBUG o.s.c.c.CharSequenceEncoder - [157a49df] Writing "765. foo bar"
22:42:27.956 [http-nio-auto-10-exec-2] DEBUG o.s.c.c.CharSequenceEncoder - [157a49df] Writing "766. foo bar"
22:42:27.956 [http-nio-auto-10-exec-2] DEBUG o.s.c.c.CharSequenceEncoder - [157a49df] Writing "767. foo bar"
22:42:27.956 [http-nio-auto-10-exec-2] DEBUG o.s.c.c.CharSequenceEncoder - [157a49df] Writing "768. foo bar"
22:42:27.956 [http-nio-auto-10-exec-2] DEBUG o.s.c.c.CharSequenceEncoder - [157a49df] Writing "769. foo bar"
22:42:27.956 [http-nio-auto-10-exec-2] DEBUG o.s.c.c.CharSequenceEncoder - [157a49df] Writing "770. foo bar"
22:42:27.956 [http-nio-auto-10-exec-2] DEBUG o.s.c.c.CharSequenceEncoder - [157a49df] Writing "771. foo bar"
22:42:27.956 [http-nio-auto-10-exec-2] DEBUG o.s.c.c.CharSequenceEncoder - [157a49df] Writing "772. foo bar"
22:42:27.956 [http-nio-auto-10-exec-2] DEBUG o.s.c.c.CharSequenceEncoder - [157a49df] Writing "773. foo bar"
22:42:27.956 [http-nio-auto-10-exec-2] DEBUG o.s.c.c.CharSequenceEncoder - [157a49df] Writing "774. foo bar"
22:42:27.956 [http-nio-auto-10-exec-2] DEBUG o.s.c.c.CharSequenceEncoder - [157a49df] Writing "775. foo bar"
22:42:27.956 [http-nio-auto-10-exec-2] DEBUG o.s.c.c.CharSequenceEncoder - [157a49df] Writing "776. foo bar"
22:42:27.956 [http-nio-auto-10-exec-2] DEBUG o.s.c.c.CharSequenceEncoder - [157a49df] Writing "777. foo bar"
22:42:27.956 [http-nio-auto-10-exec-2] DEBUG o.s.c.c.CharSequenceEncoder - [157a49df] Writing "778. foo bar"
22:42:27.956 [http-nio-auto-10-exec-2] DEBUG o.s.c.c.CharSequenceEncoder - [157a49df] Writing "779. foo bar"
22:42:27.956 [http-nio-auto-10-exec-2] DEBUG o.s.c.c.CharSequenceEncoder - [157a49df] Writing "780. foo bar"
22:42:27.956 [http-nio-auto-10-exec-2] DEBUG o.s.c.c.CharSequenceEncoder - [157a49df] Writing "781. foo bar"
22:42:27.956 [http-nio-auto-10-exec-2] DEBUG o.s.c.c.CharSequenceEncoder - [157a49df] Writing "782. foo bar"
22:42:27.956 [http-nio-auto-10-exec-2] DEBUG o.s.c.c.CharSequenceEncoder - [157a49df] Writing "783. foo bar"
22:42:27.956 [http-nio-auto-10-exec-2] DEBUG o.s.c.c.CharSequenceEncoder - [157a49df] Writing "784. foo bar"
22:42:27.956 [http-nio-auto-10-exec-2] DEBUG o.s.c.c.CharSequenceEncoder - [157a49df] Writing "785. foo bar"
22:42:27.956 [http-nio-auto-10-exec-2] DEBUG o.s.c.c.CharSequenceEncoder - [157a49df] Writing "786. foo bar"
22:42:27.956 [http-nio-auto-10-exec-2] DEBUG o.s.c.c.CharSequenceEncoder - [157a49df] Writing "787. foo bar"
22:42:27.956 [http-nio-auto-10-exec-2] DEBUG o.s.c.c.CharSequenceEncoder - [157a49df] Writing "788. foo bar"
22:42:27.956 [http-nio-auto-10-exec-2] DEBUG o.s.c.c.CharSequenceEncoder - [157a49df] Writing "789. foo bar"
22:42:27.956 [http-nio-auto-10-exec-2] DEBUG o.s.c.c.CharSequenceEncoder - [157a49df] Writing "790. foo bar"
22:42:27.956 [http-nio-auto-10-exec-2] DEBUG o.s.c.c.CharSequenceEncoder - [157a49df] Writing "791. foo bar"
22:42:27.956 [http-nio-auto-10-exec-2] DEBUG o.s.c.c.CharSequenceEncoder - [157a49df] Writing "792. foo bar"
22:42:27.956 [http-nio-auto-10-exec-2] DEBUG o.s.c.c.CharSequenceEncoder - [157a49df] Writing "793. foo bar"
22:42:27.956 [http-nio-auto-10-exec-2] DEBUG o.s.c.c.CharSequenceEncoder - [157a49df] Writing "794. foo bar"
22:42:27.956 [http-nio-auto-10-exec-2] DEBUG o.s.c.c.CharSequenceEncoder - [157a49df] Writing "795. foo bar"
22:42:27.956 [http-nio-auto-10-exec-2] DEBUG o.s.c.c.CharSequenceEncoder - [157a49df] Writing "796. foo bar"
22:42:27.956 [http-nio-auto-10-exec-2] DEBUG o.s.c.c.CharSequenceEncoder - [157a49df] Writing "797. foo bar"
22:42:27.956 [http-nio-auto-10-exec-2] DEBUG o.s.c.c.CharSequenceEncoder - [157a49df] Writing "798. foo bar"
22:42:27.956 [http-nio-auto-10-exec-2] DEBUG o.s.c.c.CharSequenceEncoder - [157a49df] Writing "799. foo bar"
22:42:27.956 [http-nio-auto-10-exec-2] DEBUG o.s.c.c.CharSequenceEncoder - [157a49df] Writing "800. foo bar"
22:42:27.956 [http-nio-auto-10-exec-2] DEBUG o.s.c.c.CharSequenceEncoder - [157a49df] Writing "801. foo bar"
22:42:27.956 [http-nio-auto-10-exec-2] DEBUG o.s.c.c.CharSequenceEncoder - [157a49df] Writing "802. foo bar"
22:42:27.956 [http-nio-auto-10-exec-2] DEBUG o.s.c.c.CharSequenceEncoder - [157a49df] Writing "803. foo bar"
22:42:27.956 [http-nio-auto-10-exec-2] DEBUG o.s.c.c.CharSequenceEncoder - [157a49df] Writing "804. foo bar"
22:42:27.956 [http-nio-auto-10-exec-2] DEBUG o.s.c.c.CharSequenceEncoder - [157a49df] Writing "805. foo bar"
22:42:27.956 [http-nio-auto-10-exec-2] DEBUG o.s.c.c.CharSequenceEncoder - [157a49df] Writing "806. foo bar"
22:42:27.956 [http-nio-auto-10-exec-2] DEBUG o.s.c.c.CharSequenceEncoder - [157a49df] Writing "807. foo bar"
22:42:27.956 [http-nio-auto-10-exec-2] DEBUG o.s.c.c.CharSequenceEncoder - [157a49df] Writing "808. foo bar"
22:42:27.956 [http-nio-auto-10-exec-2] DEBUG o.s.c.c.CharSequenceEncoder - [157a49df] Writing "809. foo bar"
22:42:27.956 [http-nio-auto-10-exec-2] DEBUG o.s.c.c.CharSequenceEncoder - [157a49df] Writing "810. foo bar"
22:42:27.956 [http-nio-auto-10-exec-2] DEBUG o.s.c.c.CharSequenceEncoder - [157a49df] Writing "811. foo bar"
22:42:27.956 [http-nio-auto-10-exec-2] DEBUG o.s.c.c.CharSequenceEncoder - [157a49df] Writing "812. foo bar"
22:42:27.956 [http-nio-auto-10-exec-2] DEBUG o.s.c.c.CharSequenceEncoder - [157a49df] Writing "813. foo bar"
22:42:27.956 [http-nio-auto-10-exec-2] DEBUG o.s.c.c.CharSequenceEncoder - [157a49df] Writing "814. foo bar"
22:42:27.956 [http-nio-auto-10-exec-2] DEBUG o.s.c.c.CharSequenceEncoder - [157a49df] Writing "815. foo bar"
22:42:27.956 [http-nio-auto-10-exec-2] DEBUG o.s.c.c.CharSequenceEncoder - [157a49df] Writing "816. foo bar"
22:42:27.956 [http-nio-auto-10-exec-2] DEBUG o.s.c.c.CharSequenceEncoder - [157a49df] Writing "817. foo bar"
22:42:27.956 [http-nio-auto-10-exec-2] DEBUG o.s.c.c.CharSequenceEncoder - [157a49df] Writing "818. foo bar"
22:42:27.956 [http-nio-auto-10-exec-2] DEBUG o.s.c.c.CharSequenceEncoder - [157a49df] Writing "819. foo bar"
22:42:27.956 [http-nio-auto-10-exec-2] DEBUG o.s.c.c.CharSequenceEncoder - [157a49df] Writing "820. foo bar"
22:42:27.957 [http-nio-auto-10-exec-2] DEBUG o.s.c.c.CharSequenceEncoder - [157a49df] Writing "821. foo bar"
22:42:27.957 [http-nio-auto-10-exec-2] DEBUG o.s.c.c.CharSequenceEncoder - [157a49df] Writing "822. foo bar"
22:42:27.957 [http-nio-auto-10-exec-2] DEBUG o.s.c.c.CharSequenceEncoder - [157a49df] Writing "823. foo bar"
22:42:27.957 [http-nio-auto-10-exec-2] DEBUG o.s.c.c.CharSequenceEncoder - [157a49df] Writing "824. foo bar"
22:42:27.957 [http-nio-auto-10-exec-2] DEBUG o.s.c.c.CharSequenceEncoder - [157a49df] Writing "825. foo bar"
22:42:27.957 [http-nio-auto-10-exec-2] DEBUG o.s.c.c.CharSequenceEncoder - [157a49df] Writing "826. foo bar"
22:42:27.957 [http-nio-auto-10-exec-2] DEBUG o.s.c.c.CharSequenceEncoder - [157a49df] Writing "827. foo bar"
22:42:27.957 [http-nio-auto-10-exec-2] DEBUG o.s.c.c.CharSequenceEncoder - [157a49df] Writing "828. foo bar"
22:42:27.957 [http-nio-auto-10-exec-2] DEBUG o.s.c.c.CharSequenceEncoder - [157a49df] Writing "829. foo bar"
22:42:27.957 [http-nio-auto-10-exec-2] DEBUG o.s.c.c.CharSequenceEncoder - [157a49df] Writing "830. foo bar"
22:42:27.957 [http-nio-auto-10-exec-2] DEBUG o.s.c.c.CharSequenceEncoder - [157a49df] Writing "831. foo bar"
22:42:27.957 [http-nio-auto-10-exec-2] DEBUG o.s.c.c.CharSequenceEncoder - [157a49df] Writing "832. foo bar"
22:42:27.957 [http-nio-auto-10-exec-2] DEBUG o.s.c.c.CharSequenceEncoder - [157a49df] Writing "833. foo bar"
22:42:27.957 [http-nio-auto-10-exec-2] DEBUG o.s.c.c.CharSequenceEncoder - [157a49df] Writing "834. foo bar"
22:42:27.957 [http-nio-auto-10-exec-2] DEBUG o.s.c.c.CharSequenceEncoder - [157a49df] Writing "835. foo bar"
22:42:27.957 [http-nio-auto-10-exec-2] DEBUG o.s.c.c.CharSequenceEncoder - [157a49df] Writing "836. foo bar"
22:42:27.957 [http-nio-auto-10-exec-2] DEBUG o.s.c.c.CharSequenceEncoder - [157a49df] Writing "837. foo bar"
22:42:27.957 [http-nio-auto-10-exec-2] DEBUG o.s.c.c.CharSequenceEncoder - [157a49df] Writing "838. foo bar"
22:42:27.957 [http-nio-auto-10-exec-2] DEBUG o.s.c.c.CharSequenceEncoder - [157a49df] Writing "839. foo bar"
22:42:27.957 [http-nio-auto-10-exec-2] DEBUG o.s.c.c.CharSequenceEncoder - [157a49df] Writing "840. foo bar"
22:42:27.957 [http-nio-auto-10-exec-2] DEBUG o.s.c.c.CharSequenceEncoder - [157a49df] Writing "841. foo bar"
22:42:27.957 [http-nio-auto-10-exec-2] DEBUG o.s.c.c.CharSequenceEncoder - [157a49df] Writing "842. foo bar"
22:42:27.957 [http-nio-auto-10-exec-2] DEBUG o.s.c.c.CharSequenceEncoder - [157a49df] Writing "843. foo bar"
22:42:27.957 [http-nio-auto-10-exec-2] DEBUG o.s.c.c.CharSequenceEncoder - [157a49df] Writing "844. foo bar"
22:42:27.957 [http-nio-auto-10-exec-2] DEBUG o.s.c.c.CharSequenceEncoder - [157a49df] Writing "845. foo bar"
22:42:27.957 [http-nio-auto-10-exec-2] DEBUG o.s.c.c.CharSequenceEncoder - [157a49df] Writing "846. foo bar"
22:42:27.957 [http-nio-auto-10-exec-2] DEBUG o.s.c.c.CharSequenceEncoder - [157a49df] Writing "847. foo bar"
22:42:27.957 [http-nio-auto-10-exec-2] DEBUG o.s.c.c.CharSequenceEncoder - [157a49df] Writing "848. foo bar"
22:42:27.957 [http-nio-auto-10-exec-2] DEBUG o.s.c.c.CharSequenceEncoder - [157a49df] Writing "849. foo bar"
22:42:27.957 [http-nio-auto-10-exec-2] DEBUG o.s.c.c.CharSequenceEncoder - [157a49df] Writing "850. foo bar"
22:42:27.957 [http-nio-auto-10-exec-2] DEBUG o.s.c.c.CharSequenceEncoder - [157a49df] Writing "851. foo bar"
22:42:27.957 [http-nio-auto-10-exec-2] DEBUG o.s.c.c.CharSequenceEncoder - [157a49df] Writing "852. foo bar"
22:42:27.957 [http-nio-auto-10-exec-2] DEBUG o.s.c.c.CharSequenceEncoder - [157a49df] Writing "853. foo bar"
22:42:27.957 [http-nio-auto-10-exec-2] DEBUG o.s.c.c.CharSequenceEncoder - [157a49df] Writing "854. foo bar"
22:42:27.957 [http-nio-auto-10-exec-2] DEBUG o.s.c.c.CharSequenceEncoder - [157a49df] Writing "855. foo bar"
22:42:27.957 [http-nio-auto-10-exec-2] DEBUG o.s.c.c.CharSequenceEncoder - [157a49df] Writing "856. foo bar"
22:42:27.957 [http-nio-auto-10-exec-2] DEBUG o.s.c.c.CharSequenceEncoder - [157a49df] Writing "857. foo bar"
22:42:27.957 [http-nio-auto-10-exec-2] DEBUG o.s.c.c.CharSequenceEncoder - [157a49df] Writing "858. foo bar"
22:42:27.957 [http-nio-auto-10-exec-2] DEBUG o.s.c.c.CharSequenceEncoder - [157a49df] Writing "859. foo bar"
22:42:27.957 [http-nio-auto-10-exec-2] DEBUG o.s.c.c.CharSequenceEncoder - [157a49df] Writing "860. foo bar"
22:42:27.957 [http-nio-auto-10-exec-2] DEBUG o.s.c.c.CharSequenceEncoder - [157a49df] Writing "861. foo bar"
22:42:27.957 [http-nio-auto-10-exec-2] DEBUG o.s.c.c.CharSequenceEncoder - [157a49df] Writing "862. foo bar"
22:42:27.957 [http-nio-auto-10-exec-2] DEBUG o.s.c.c.CharSequenceEncoder - [157a49df] Writing "863. foo bar"
22:42:27.957 [http-nio-auto-10-exec-2] DEBUG o.s.c.c.CharSequenceEncoder - [157a49df] Writing "864. foo bar"
22:42:27.957 [http-nio-auto-10-exec-2] DEBUG o.s.c.c.CharSequenceEncoder - [157a49df] Writing "865. foo bar"
22:42:27.957 [http-nio-auto-10-exec-2] DEBUG o.s.c.c.CharSequenceEncoder - [157a49df] Writing "866. foo bar"
22:42:27.957 [http-nio-auto-10-exec-2] DEBUG o.s.c.c.CharSequenceEncoder - [157a49df] Writing "867. foo bar"
22:42:27.957 [http-nio-auto-10-exec-2] DEBUG o.s.c.c.CharSequenceEncoder - [157a49df] Writing "868. foo bar"
22:42:27.957 [http-nio-auto-10-exec-2] DEBUG o.s.c.c.CharSequenceEncoder - [157a49df] Writing "869. foo bar"
22:42:27.957 [http-nio-auto-10-exec-2] DEBUG o.s.c.c.CharSequenceEncoder - [157a49df] Writing "870. foo bar"
22:42:27.957 [http-nio-auto-10-exec-2] DEBUG o.s.c.c.CharSequenceEncoder - [157a49df] Writing "871. foo bar"
22:42:27.957 [http-nio-auto-10-exec-2] DEBUG o.s.c.c.CharSequenceEncoder - [157a49df] Writing "872. foo bar"
22:42:27.957 [http-nio-auto-10-exec-2] DEBUG o.s.c.c.CharSequenceEncoder - [157a49df] Writing "873. foo bar"
22:42:27.957 [http-nio-auto-10-exec-2] DEBUG o.s.c.c.CharSequenceEncoder - [157a49df] Writing "874. foo bar"
22:42:27.957 [http-nio-auto-10-exec-2] DEBUG o.s.c.c.CharSequenceEncoder - [157a49df] Writing "875. foo bar"
22:42:27.957 [http-nio-auto-10-exec-2] DEBUG o.s.c.c.CharSequenceEncoder - [157a49df] Writing "876. foo bar"
22:42:27.957 [http-nio-auto-10-exec-2] DEBUG o.s.c.c.CharSequenceEncoder - [157a49df] Writing "877. foo bar"
22:42:27.957 [http-nio-auto-10-exec-2] DEBUG o.s.c.c.CharSequenceEncoder - [157a49df] Writing "878. foo bar"
22:42:27.957 [http-nio-auto-10-exec-2] DEBUG o.s.c.c.CharSequenceEncoder - [157a49df] Writing "879. foo bar"
22:42:27.957 [http-nio-auto-10-exec-2] DEBUG o.s.c.c.CharSequenceEncoder - [157a49df] Writing "880. foo bar"
22:42:27.957 [http-nio-auto-10-exec-2] DEBUG o.s.c.c.CharSequenceEncoder - [157a49df] Writing "881. foo bar"
22:42:27.957 [http-nio-auto-10-exec-2] DEBUG o.s.c.c.CharSequenceEncoder - [157a49df] Writing "882. foo bar"
22:42:27.957 [http-nio-auto-10-exec-2] DEBUG o.s.c.c.CharSequenceEncoder - [157a49df] Writing "883. foo bar"
22:42:27.957 [http-nio-auto-10-exec-2] DEBUG o.s.c.c.CharSequenceEncoder - [157a49df] Writing "884. foo bar"
22:42:27.957 [http-nio-auto-10-exec-2] DEBUG o.s.c.c.CharSequenceEncoder - [157a49df] Writing "885. foo bar"
22:42:27.957 [http-nio-auto-10-exec-2] DEBUG o.s.c.c.CharSequenceEncoder - [157a49df] Writing "886. foo bar"
22:42:27.957 [http-nio-auto-10-exec-2] DEBUG o.s.c.c.CharSequenceEncoder - [157a49df] Writing "887. foo bar"
22:42:27.957 [http-nio-auto-10-exec-2] DEBUG o.s.c.c.CharSequenceEncoder - [157a49df] Writing "888. foo bar"
22:42:27.957 [http-nio-auto-10-exec-2] DEBUG o.s.c.c.CharSequenceEncoder - [157a49df] Writing "889. foo bar"
22:42:27.957 [http-nio-auto-10-exec-2] DEBUG o.s.c.c.CharSequenceEncoder - [157a49df] Writing "890. foo bar"
22:42:27.958 [http-nio-auto-10-exec-2] DEBUG o.s.c.c.CharSequenceEncoder - [157a49df] Writing "891. foo bar"
22:42:27.958 [http-nio-auto-10-exec-2] DEBUG o.s.c.c.CharSequenceEncoder - [157a49df] Writing "892. foo bar"
22:42:27.958 [http-nio-auto-10-exec-2] DEBUG o.s.c.c.CharSequenceEncoder - [157a49df] Writing "893. foo bar"
22:42:27.958 [http-nio-auto-10-exec-2] DEBUG o.s.c.c.CharSequenceEncoder - [157a49df] Writing "894. foo bar"
22:42:27.958 [http-nio-auto-10-exec-2] DEBUG o.s.c.c.CharSequenceEncoder - [157a49df] Writing "895. foo bar"
22:42:27.958 [http-nio-auto-10-exec-2] DEBUG o.s.c.c.CharSequenceEncoder - [157a49df] Writing "896. foo bar"
22:42:27.958 [http-nio-auto-10-exec-2] DEBUG o.s.c.c.CharSequenceEncoder - [157a49df] Writing "897. foo bar"
22:42:27.958 [http-nio-auto-10-exec-2] DEBUG o.s.c.c.CharSequenceEncoder - [157a49df] Writing "898. foo bar"
22:42:27.958 [http-nio-auto-10-exec-2] DEBUG o.s.c.c.CharSequenceEncoder - [157a49df] Writing "899. foo bar"
22:42:27.958 [http-nio-auto-10-exec-2] DEBUG o.s.c.c.CharSequenceEncoder - [157a49df] Writing "900. foo bar"
22:42:27.958 [http-nio-auto-10-exec-2] DEBUG o.s.c.c.CharSequenceEncoder - [157a49df] Writing "901. foo bar"
22:42:27.958 [http-nio-auto-10-exec-2] DEBUG o.s.c.c.CharSequenceEncoder - [157a49df] Writing "902. foo bar"
22:42:27.958 [http-nio-auto-10-exec-2] DEBUG o.s.c.c.CharSequenceEncoder - [157a49df] Writing "903. foo bar"
22:42:27.958 [http-nio-auto-10-exec-2] DEBUG o.s.c.c.CharSequenceEncoder - [157a49df] Writing "904. foo bar"
22:42:27.958 [http-nio-auto-10-exec-2] DEBUG o.s.c.c.CharSequenceEncoder - [157a49df] Writing "905. foo bar"
22:42:27.958 [http-nio-auto-10-exec-2] DEBUG o.s.c.c.CharSequenceEncoder - [157a49df] Writing "906. foo bar"
22:42:27.958 [http-nio-auto-10-exec-2] DEBUG o.s.c.c.CharSequenceEncoder - [157a49df] Writing "907. foo bar"
22:42:27.958 [http-nio-auto-10-exec-2] DEBUG o.s.c.c.CharSequenceEncoder - [157a49df] Writing "908. foo bar"
22:42:27.958 [http-nio-auto-10-exec-2] DEBUG o.s.c.c.CharSequenceEncoder - [157a49df] Writing "909. foo bar"
22:42:27.958 [http-nio-auto-10-exec-2] DEBUG o.s.c.c.CharSequenceEncoder - [157a49df] Writing "910. foo bar"
22:42:27.958 [http-nio-auto-10-exec-2] DEBUG o.s.c.c.CharSequenceEncoder - [157a49df] Writing "911. foo bar"
22:42:27.958 [http-nio-auto-10-exec-2] DEBUG o.s.c.c.CharSequenceEncoder - [157a49df] Writing "912. foo bar"
22:42:27.958 [http-nio-auto-10-exec-2] DEBUG o.s.c.c.CharSequenceEncoder - [157a49df] Writing "913. foo bar"
22:42:27.958 [http-nio-auto-10-exec-2] DEBUG o.s.c.c.CharSequenceEncoder - [157a49df] Writing "914. foo bar"
22:42:27.958 [http-nio-auto-10-exec-2] DEBUG o.s.c.c.CharSequenceEncoder - [157a49df] Writing "915. foo bar"
22:42:27.958 [http-nio-auto-10-exec-2] DEBUG o.s.c.c.CharSequenceEncoder - [157a49df] Writing "916. foo bar"
22:42:27.958 [http-nio-auto-10-exec-2] DEBUG o.s.c.c.CharSequenceEncoder - [157a49df] Writing "917. foo bar"
22:42:27.958 [http-nio-auto-10-exec-2] DEBUG o.s.c.c.CharSequenceEncoder - [157a49df] Writing "918. foo bar"
22:42:27.958 [http-nio-auto-10-exec-2] DEBUG o.s.c.c.CharSequenceEncoder - [157a49df] Writing "919. foo bar"
22:42:27.958 [http-nio-auto-10-exec-2] DEBUG o.s.c.c.CharSequenceEncoder - [157a49df] Writing "920. foo bar"
22:42:27.958 [http-nio-auto-10-exec-2] DEBUG o.s.c.c.CharSequenceEncoder - [157a49df] Writing "921. foo bar"
22:42:27.958 [http-nio-auto-10-exec-2] DEBUG o.s.c.c.CharSequenceEncoder - [157a49df] Writing "922. foo bar"
22:42:27.958 [http-nio-auto-10-exec-2] DEBUG o.s.c.c.CharSequenceEncoder - [157a49df] Writing "923. foo bar"
22:42:27.958 [http-nio-auto-10-exec-2] DEBUG o.s.c.c.CharSequenceEncoder - [157a49df] Writing "924. foo bar"
22:42:27.958 [http-nio-auto-10-exec-2] DEBUG o.s.c.c.CharSequenceEncoder - [157a49df] Writing "925. foo bar"
22:42:27.958 [http-nio-auto-10-exec-2] DEBUG o.s.c.c.CharSequenceEncoder - [157a49df] Writing "926. foo bar"
22:42:27.958 [http-nio-auto-10-exec-2] DEBUG o.s.c.c.CharSequenceEncoder - [157a49df] Writing "927. foo bar"
22:42:27.958 [http-nio-auto-10-exec-2] DEBUG o.s.c.c.CharSequenceEncoder - [157a49df] Writing "928. foo bar"
22:42:27.958 [http-nio-auto-10-exec-2] DEBUG o.s.c.c.CharSequenceEncoder - [157a49df] Writing "929. foo bar"
22:42:27.958 [http-nio-auto-10-exec-2] DEBUG o.s.c.c.CharSequenceEncoder - [157a49df] Writing "930. foo bar"
22:42:27.958 [http-nio-auto-10-exec-2] DEBUG o.s.c.c.CharSequenceEncoder - [157a49df] Writing "931. foo bar"
22:42:27.958 [http-nio-auto-10-exec-2] DEBUG o.s.c.c.CharSequenceEncoder - [157a49df] Writing "932. foo bar"
22:42:27.958 [http-nio-auto-10-exec-2] DEBUG o.s.c.c.CharSequenceEncoder - [157a49df] Writing "933. foo bar"
22:42:27.958 [http-nio-auto-10-exec-2] DEBUG o.s.c.c.CharSequenceEncoder - [157a49df] Writing "934. foo bar"
22:42:27.958 [http-nio-auto-10-exec-2] DEBUG o.s.c.c.CharSequenceEncoder - [157a49df] Writing "935. foo bar"
22:42:27.958 [http-nio-auto-10-exec-2] DEBUG o.s.c.c.CharSequenceEncoder - [157a49df] Writing "936. foo bar"
22:42:27.958 [http-nio-auto-10-exec-2] DEBUG o.s.c.c.CharSequenceEncoder - [157a49df] Writing "937. foo bar"
22:42:27.958 [http-nio-auto-10-exec-2] DEBUG o.s.c.c.CharSequenceEncoder - [157a49df] Writing "938. foo bar"
22:42:27.958 [http-nio-auto-10-exec-2] DEBUG o.s.c.c.CharSequenceEncoder - [157a49df] Writing "939. foo bar"
22:42:27.958 [http-nio-auto-10-exec-2] DEBUG o.s.c.c.CharSequenceEncoder - [157a49df] Writing "940. foo bar"
22:42:27.958 [http-nio-auto-10-exec-2] DEBUG o.s.c.c.CharSequenceEncoder - [157a49df] Writing "941. foo bar"
22:42:27.958 [http-nio-auto-10-exec-2] DEBUG o.s.c.c.CharSequenceEncoder - [157a49df] Writing "942. foo bar"
22:42:27.959 [http-nio-auto-10-exec-2] DEBUG o.s.c.c.CharSequenceEncoder - [157a49df] Writing "943. foo bar"
22:42:27.959 [http-nio-auto-10-exec-2] DEBUG o.s.c.c.CharSequenceEncoder - [157a49df] Writing "944. foo bar"
22:42:27.959 [http-nio-auto-10-exec-2] DEBUG o.s.c.c.CharSequenceEncoder - [157a49df] Writing "945. foo bar"
22:42:27.959 [http-nio-auto-10-exec-2] DEBUG o.s.c.c.CharSequenceEncoder - [157a49df] Writing "946. foo bar"
22:42:27.959 [http-nio-auto-10-exec-2] DEBUG o.s.c.c.CharSequenceEncoder - [157a49df] Writing "947. foo bar"
22:42:27.959 [http-nio-auto-10-exec-2] DEBUG o.s.c.c.CharSequenceEncoder - [157a49df] Writing "948. foo bar"
22:42:27.959 [http-nio-auto-10-exec-2] DEBUG o.s.c.c.CharSequenceEncoder - [157a49df] Writing "949. foo bar"
22:42:27.959 [http-nio-auto-10-exec-2] DEBUG o.s.c.c.CharSequenceEncoder - [157a49df] Writing "950. foo bar"
22:42:27.959 [http-nio-auto-10-exec-2] DEBUG o.s.c.c.CharSequenceEncoder - [157a49df] Writing "951. foo bar"
22:42:27.959 [http-nio-auto-10-exec-2] DEBUG o.s.c.c.CharSequenceEncoder - [157a49df] Writing "952. foo bar"
22:42:27.959 [http-nio-auto-10-exec-2] DEBUG o.s.c.c.CharSequenceEncoder - [157a49df] Writing "953. foo bar"
22:42:27.959 [http-nio-auto-10-exec-2] DEBUG o.s.c.c.CharSequenceEncoder - [157a49df] Writing "954. foo bar"
22:42:27.959 [http-nio-auto-10-exec-2] DEBUG o.s.c.c.CharSequenceEncoder - [157a49df] Writing "955. foo bar"
22:42:27.959 [http-nio-auto-10-exec-2] DEBUG o.s.c.c.CharSequenceEncoder - [157a49df] Writing "956. foo bar"
22:42:27.959 [http-nio-auto-10-exec-2] DEBUG o.s.c.c.CharSequenceEncoder - [157a49df] Writing "957. foo bar"
22:42:27.959 [http-nio-auto-10-exec-2] DEBUG o.s.c.c.CharSequenceEncoder - [157a49df] Writing "958. foo bar"
22:42:27.959 [http-nio-auto-10-exec-2] DEBUG o.s.c.c.CharSequenceEncoder - [157a49df] Writing "959. foo bar"
22:42:27.959 [http-nio-auto-10-exec-2] DEBUG o.s.c.c.CharSequenceEncoder - [157a49df] Writing "960. foo bar"
22:42:27.959 [http-nio-auto-10-exec-2] DEBUG o.s.c.c.CharSequenceEncoder - [157a49df] Writing "961. foo bar"
22:42:27.959 [http-nio-auto-10-exec-2] DEBUG o.s.c.c.CharSequenceEncoder - [157a49df] Writing "962. foo bar"
22:42:27.959 [http-nio-auto-10-exec-2] DEBUG o.s.c.c.CharSequenceEncoder - [157a49df] Writing "963. foo bar"
22:42:27.959 [http-nio-auto-10-exec-2] DEBUG o.s.c.c.CharSequenceEncoder - [157a49df] Writing "964. foo bar"
22:42:27.959 [http-nio-auto-10-exec-2] DEBUG o.s.c.c.CharSequenceEncoder - [157a49df] Writing "965. foo bar"
22:42:27.959 [http-nio-auto-10-exec-2] DEBUG o.s.c.c.CharSequenceEncoder - [157a49df] Writing "966. foo bar"
22:42:27.959 [http-nio-auto-10-exec-2] DEBUG o.s.c.c.CharSequenceEncoder - [157a49df] Writing "967. foo bar"
22:42:27.959 [http-nio-auto-10-exec-2] DEBUG o.s.c.c.CharSequenceEncoder - [157a49df] Writing "968. foo bar"
22:42:27.959 [http-nio-auto-10-exec-2] DEBUG o.s.c.c.CharSequenceEncoder - [157a49df] Writing "969. foo bar"
22:42:27.959 [http-nio-auto-10-exec-2] DEBUG o.s.c.c.CharSequenceEncoder - [157a49df] Writing "970. foo bar"
22:42:27.959 [http-nio-auto-10-exec-2] DEBUG o.s.c.c.CharSequenceEncoder - [157a49df] Writing "971. foo bar"
22:42:27.959 [http-nio-auto-10-exec-2] DEBUG o.s.c.c.CharSequenceEncoder - [157a49df] Writing "972. foo bar"
22:42:27.959 [http-nio-auto-10-exec-2] DEBUG o.s.c.c.CharSequenceEncoder - [157a49df] Writing "973. foo bar"
22:42:27.959 [http-nio-auto-10-exec-2] DEBUG o.s.c.c.CharSequenceEncoder - [157a49df] Writing "974. foo bar"
22:42:27.959 [http-nio-auto-10-exec-2] DEBUG o.s.c.c.CharSequenceEncoder - [157a49df] Writing "975. foo bar"
22:42:27.959 [http-nio-auto-10-exec-2] DEBUG o.s.c.c.CharSequenceEncoder - [157a49df] Writing "976. foo bar"
22:42:27.959 [http-nio-auto-10-exec-2] DEBUG o.s.c.c.CharSequenceEncoder - [157a49df] Writing "977. foo bar"
22:42:27.959 [http-nio-auto-10-exec-2] DEBUG o.s.c.c.CharSequenceEncoder - [157a49df] Writing "978. foo bar"
22:42:27.959 [http-nio-auto-10-exec-2] DEBUG o.s.c.c.CharSequenceEncoder - [157a49df] Writing "979. foo bar"
22:42:27.959 [http-nio-auto-10-exec-2] DEBUG o.s.c.c.CharSequenceEncoder - [157a49df] Writing "980. foo bar"
22:42:27.959 [http-nio-auto-10-exec-2] DEBUG o.s.c.c.CharSequenceEncoder - [157a49df] Writing "981. foo bar"
22:42:27.959 [http-nio-auto-10-exec-2] DEBUG o.s.c.c.CharSequenceEncoder - [157a49df] Writing "982. foo bar"
22:42:27.959 [http-nio-auto-10-exec-2] DEBUG o.s.c.c.CharSequenceEncoder - [157a49df] Writing "983. foo bar"
22:42:27.959 [http-nio-auto-10-exec-2] DEBUG o.s.c.c.CharSequenceEncoder - [157a49df] Writing "984. foo bar"
22:42:27.959 [http-nio-auto-10-exec-2] DEBUG o.s.c.c.CharSequenceEncoder - [157a49df] Writing "985. foo bar"
22:42:27.959 [http-nio-auto-10-exec-2] DEBUG o.s.c.c.CharSequenceEncoder - [157a49df] Writing "986. foo bar"
22:42:27.959 [http-nio-auto-10-exec-2] DEBUG o.s.c.c.CharSequenceEncoder - [157a49df] Writing "987. foo bar"
22:42:27.959 [http-nio-auto-10-exec-2] DEBUG o.s.c.c.CharSequenceEncoder - [157a49df] Writing "988. foo bar"
22:42:27.959 [http-nio-auto-10-exec-2] DEBUG o.s.c.c.CharSequenceEncoder - [157a49df] Writing "989. foo bar"
22:42:27.959 [http-nio-auto-10-exec-2] DEBUG o.s.c.c.CharSequenceEncoder - [157a49df] Writing "990. foo bar"
22:42:27.959 [http-nio-auto-10-exec-2] DEBUG o.s.c.c.CharSequenceEncoder - [157a49df] Writing "991. foo bar"
22:42:27.959 [http-nio-auto-10-exec-2] DEBUG o.s.c.c.CharSequenceEncoder - [157a49df] Writing "992. foo bar"
22:42:27.960 [http-nio-auto-10-exec-2] DEBUG o.s.c.c.CharSequenceEncoder - [157a49df] Writing "993. foo bar"
22:42:27.960 [http-nio-auto-10-exec-2] DEBUG o.s.c.c.CharSequenceEncoder - [157a49df] Writing "994. foo bar"
22:42:27.960 [http-nio-auto-10-exec-2] DEBUG o.s.c.c.CharSequenceEncoder - [157a49df] Writing "995. foo bar"
22:42:27.960 [http-nio-auto-10-exec-2] DEBUG o.s.c.c.CharSequenceEncoder - [157a49df] Writing "996. foo bar"
22:42:27.960 [http-nio-auto-10-exec-2] DEBUG o.s.c.c.CharSequenceEncoder - [157a49df] Writing "997. foo bar"
22:42:27.960 [http-nio-auto-10-exec-2] DEBUG o.s.c.c.CharSequenceEncoder - [157a49df] Writing "998. foo bar"
22:42:27.960 [http-nio-auto-10-exec-2] DEBUG o.s.c.c.CharSequenceEncoder - [157a49df] Writing "999. foo bar"
22:42:27.960 [http-nio-auto-10-exec-2] ERROR o.s.w.s.a.HttpWebHandlerAdapter - [157a49df] Error [java.lang.RuntimeException: Random error] for HTTP GET "/SPR-16051", but ServerHttpResponse already committed (200 OK)
22:42:27.969 [http-nio-auto-10-exec-2] DEBUG o.s.h.s.r.ServletHttpHandlerAdapter - [157a49df] Error notification: javax.servlet.ServletException: Failed to create response content
22:42:27.969 [Test worker] DEBUG o.s.h.s.r.b.TomcatHttpServer - Stopping TomcatHttpServer...
22:42:27.980 [Test worker] DEBUG o.s.h.s.r.b.TomcatHttpServer - Server stopped (0 millis).
22:42:28.034 [Test worker] DEBUG o.s.w.r.r.m.a.RequestMappingHandlerMapping - 6 mappings in 'requestMappingHandlerMapping'
22:42:28.054 [Test worker] DEBUG o.s.w.r.r.m.a.ControllerMethodResolver - ControllerAdvice beans: none
22:42:28.083 [Test worker] DEBUG o.s.w.s.a.HttpWebHandlerAdapter - enableLoggingRequestDetails='false': form data and headers will be masked to prevent unsafe logging of potentially sensitive data
22:42:28.084 [Test worker] DEBUG o.s.h.s.r.b.TomcatHttpServer - Starting TomcatHttpServer...
22:42:28.088 [Test worker] DEBUG o.s.h.s.r.b.TomcatHttpServer - Server started on port 53704(0 millis).
22:42:28.089 [Test worker] DEBUG o.s.w.c.RestTemplate - HTTP GET http://localhost:53704/thrown-exception-with-cause
22:42:28.089 [Test worker] DEBUG o.s.w.c.RestTemplate - Accept=[text/plain, application/json, application/x-jackson-smile, application/*+json, */*]
22:42:28.091 [http-nio-auto-11-exec-1] DEBUG o.s.w.s.a.HttpWebHandlerAdapter - [331ecf74] HTTP GET "/thrown-exception-with-cause"
22:42:28.092 [http-nio-auto-11-exec-1] DEBUG o.s.w.r.r.m.a.RequestMappingHandlerMapping - [331ecf74] Mapped to org.springframework.web.reactive.result.method.annotation.RequestMappingExceptionHandlingIntegrationTests$TestController#handleAndThrowExceptionWithCause()
22:42:28.092 [http-nio-auto-11-exec-1] DEBUG o.s.w.r.r.m.a.RequestMappingHandlerAdapter - [331ecf74] Using @ExceptionHandler org.springframework.web.reactive.result.method.annotation.RequestMappingExceptionHandlingIntegrationTests$TestController#handleStateException(IllegalStateException)
22:42:28.093 [http-nio-auto-11-exec-1] DEBUG o.s.w.r.r.m.a.ResponseEntityResultHandler - Using 'text/plain;charset=UTF-8' given [text/plain, application/json, application/x-jackson-smile, application/*+json, */*] and supported [text/plain;charset=UTF-8, text/event-stream, text/plain;charset=UTF-8, */*]
22:42:28.093 [http-nio-auto-11-exec-1] DEBUG o.s.w.r.r.m.a.ResponseEntityResultHandler - [331ecf74] 0..1 [java.lang.String]
22:42:28.093 [http-nio-auto-11-exec-1] DEBUG o.s.c.c.CharSequenceEncoder - [331ecf74] Writing "Recovered from error: State"
22:42:28.093 [http-nio-auto-11-exec-1] DEBUG o.s.w.s.a.HttpWebHandlerAdapter - [331ecf74] Completed 200 OK
22:42:28.093 [Test worker] DEBUG o.s.w.c.RestTemplate - Response 200 OK
22:42:28.093 [Test worker] DEBUG o.s.w.c.RestTemplate - Reading to [java.lang.String] as "text/plain;charset=UTF-8"
22:42:28.094 [Test worker] DEBUG o.s.h.s.r.b.TomcatHttpServer - Stopping TomcatHttpServer...
22:42:28.105 [Test worker] DEBUG o.s.h.s.r.b.TomcatHttpServer - Server stopped (0 millis).
22:42:28.157 [Test worker] DEBUG o.s.w.r.r.m.a.RequestMappingHandlerMapping - 6 mappings in 'requestMappingHandlerMapping'
22:42:28.183 [Test worker] DEBUG o.s.w.r.r.m.a.ControllerMethodResolver - ControllerAdvice beans: none
22:42:28.215 [Test worker] DEBUG o.s.w.s.a.HttpWebHandlerAdapter - enableLoggingRequestDetails='false': form data and headers will be masked to prevent unsafe logging of potentially sensitive data
22:42:28.215 [Test worker] DEBUG o.s.h.s.r.b.UndertowHttpServer - Starting UndertowHttpServer...
22:42:28.218 [Test worker] DEBUG o.s.h.s.r.b.UndertowHttpServer - Server started on port 53707(0 millis).
22:42:28.218 [Test worker] DEBUG o.s.w.c.RestTemplate - HTTP GET http://localhost:53707/mono-error
22:42:28.218 [Test worker] DEBUG o.s.w.c.RestTemplate - Accept=[text/plain, application/json, application/x-jackson-smile, application/*+json, */*]
22:42:28.219 [XNIO-6 I/O-10] DEBUG o.s.w.s.a.HttpWebHandlerAdapter - [4851d73c] HTTP GET "/mono-error"
22:42:28.219 [XNIO-6 I/O-10] DEBUG o.s.w.r.r.m.a.RequestMappingHandlerMapping - [4851d73c] Mapped to org.springframework.web.reactive.result.method.annotation.RequestMappingExceptionHandlingIntegrationTests$TestController#handleWithError()
22:42:28.220 [XNIO-6 I/O-10] DEBUG o.s.w.r.r.m.a.ResponseBodyResultHandler - Using 'text/plain;charset=UTF-8' given [text/plain, application/json, application/x-jackson-smile, application/*+json, */*] and supported [text/plain;charset=UTF-8, text/event-stream, text/plain;charset=UTF-8, */*]
22:42:28.220 [XNIO-6 I/O-10] DEBUG o.s.w.r.r.m.a.ResponseBodyResultHandler - [4851d73c] 0..1 [java.lang.String]
22:42:28.221 [XNIO-6 I/O-10] DEBUG o.s.w.r.r.m.a.RequestMappingHandlerAdapter - [4851d73c] Using @ExceptionHandler org.springframework.web.reactive.result.method.annotation.RequestMappingExceptionHandlingIntegrationTests$TestController#handleArgumentException(IllegalArgumentException)
22:42:28.221 [XNIO-6 I/O-10] DEBUG o.s.w.r.r.m.a.ResponseBodyResultHandler - Using 'text/plain;charset=UTF-8' given [text/plain, application/json, application/x-jackson-smile, application/*+json, */*] and supported [text/plain;charset=UTF-8, text/event-stream, text/plain;charset=UTF-8, */*]
22:42:28.221 [XNIO-6 I/O-10] DEBUG o.s.w.r.r.m.a.ResponseBodyResultHandler - [4851d73c] 0..1 [java.lang.String]
22:42:28.221 [XNIO-6 I/O-10] DEBUG o.s.c.c.CharSequenceEncoder - [4851d73c] Writing "Recovered from error: Argument"
22:42:28.221 [XNIO-6 I/O-10] DEBUG o.s.w.s.a.HttpWebHandlerAdapter - [4851d73c] Completed 200 OK
22:42:28.221 [Test worker] DEBUG o.s.w.c.RestTemplate - Response 200 OK
22:42:28.222 [Test worker] DEBUG o.s.w.c.RestTemplate - Reading to [java.lang.String] as "text/plain;charset=UTF-8"
22:42:28.222 [Test worker] DEBUG o.s.h.s.r.b.UndertowHttpServer - Stopping UndertowHttpServer...
22:42:28.223 [Test worker] DEBUG o.s.h.s.r.b.UndertowHttpServer - Server stopped (0 millis).
22:42:28.261 [Test worker] DEBUG o.s.w.r.r.m.a.RequestMappingHandlerMapping - 6 mappings in 'requestMappingHandlerMapping'
22:42:28.287 [Test worker] DEBUG o.s.w.r.r.m.a.ControllerMethodResolver - ControllerAdvice beans: none
22:42:28.343 [Test worker] DEBUG o.s.w.s.a.HttpWebHandlerAdapter - enableLoggingRequestDetails='false': form data and headers will be masked to prevent unsafe logging of potentially sensitive data
22:42:28.343 [Test worker] DEBUG o.s.h.s.r.b.UndertowHttpServer - Starting UndertowHttpServer...
22:42:28.346 [Test worker] DEBUG o.s.h.s.r.b.UndertowHttpServer - Server started on port 53714(0 millis).
22:42:28.346 [Test worker] DEBUG o.s.w.c.RestTemplate - HTTP GET http://localhost:53714/thrown-exception-with-cause-to-handle
22:42:28.346 [Test worker] DEBUG o.s.w.c.RestTemplate - Accept=[text/plain, application/json, application/x-jackson-smile, application/*+json, */*]
22:42:28.347 [XNIO-7 I/O-2] DEBUG o.s.w.s.a.HttpWebHandlerAdapter - [52570121] HTTP GET "/thrown-exception-with-cause-to-handle"
22:42:28.347 [XNIO-7 I/O-2] DEBUG o.s.w.r.r.m.a.RequestMappingHandlerMapping - [52570121] Mapped to org.springframework.web.reactive.result.method.annotation.RequestMappingExceptionHandlingIntegrationTests$TestController#handleAndThrowExceptionWithCauseToHandle()
22:42:28.347 [XNIO-7 I/O-2] DEBUG o.s.w.r.r.m.a.RequestMappingHandlerAdapter - [52570121] Using @ExceptionHandler org.springframework.web.reactive.result.method.annotation.RequestMappingExceptionHandlingIntegrationTests$TestController#handleArgumentException(IOException)
22:42:28.348 [XNIO-7 I/O-2] DEBUG o.s.w.r.r.m.a.ResponseBodyResultHandler - Using 'text/plain;charset=UTF-8' given [text/plain, application/json, application/x-jackson-smile, application/*+json, */*] and supported [text/plain;charset=UTF-8, text/event-stream, text/plain;charset=UTF-8, */*]
22:42:28.348 [XNIO-7 I/O-2] DEBUG o.s.w.r.r.m.a.ResponseBodyResultHandler - [52570121] 0..1 [java.lang.String]
22:42:28.348 [XNIO-7 I/O-2] DEBUG o.s.c.c.CharSequenceEncoder - [52570121] Writing "Recovered from error: IO"
22:42:28.348 [XNIO-7 I/O-2] DEBUG o.s.w.s.a.HttpWebHandlerAdapter - [52570121] Completed 200 OK
22:42:28.348 [Test worker] DEBUG o.s.w.c.RestTemplate - Response 200 OK
22:42:28.348 [Test worker] DEBUG o.s.w.c.RestTemplate - Reading to [java.lang.String] as "text/plain;charset=UTF-8"
22:42:28.348 [Test worker] DEBUG o.s.h.s.r.b.UndertowHttpServer - Stopping UndertowHttpServer...
22:42:28.349 [Test worker] DEBUG o.s.h.s.r.b.UndertowHttpServer - Server stopped (0 millis).
22:42:28.384 [Test worker] DEBUG o.s.w.r.r.m.a.RequestMappingHandlerMapping - 6 mappings in 'requestMappingHandlerMapping'
22:42:28.402 [Test worker] DEBUG o.s.w.r.r.m.a.ControllerMethodResolver - ControllerAdvice beans: none
22:42:28.427 [Test worker] DEBUG o.s.w.s.a.HttpWebHandlerAdapter - enableLoggingRequestDetails='false': form data and headers will be masked to prevent unsafe logging of potentially sensitive data
22:42:28.427 [Test worker] DEBUG o.s.h.s.r.b.UndertowHttpServer - Starting UndertowHttpServer...
22:42:28.432 [Test worker] DEBUG o.s.h.s.r.b.UndertowHttpServer - Server started on port 53716(0 millis).
22:42:28.432 [Test worker] DEBUG o.s.w.c.RestTemplate - HTTP GET http://localhost:53716/SPR-16318
22:42:28.433 [Test worker] DEBUG o.s.w.c.RestTemplate - Accept=[text/plain, application/json, application/x-jackson-smile, application/*+json, */*]
22:42:28.434 [XNIO-8 I/O-2] DEBUG o.s.w.s.a.HttpWebHandlerAdapter - [268b605a] HTTP GET "/SPR-16318"
22:42:28.434 [XNIO-8 I/O-2] DEBUG o.s.w.r.r.m.a.RequestMappingHandlerMapping - [268b605a] Mapped to org.springframework.web.reactive.result.method.annotation.RequestMappingExceptionHandlingIntegrationTests$TestController#handleTextPlain()
22:42:28.435 [XNIO-8 I/O-2] DEBUG o.s.w.r.r.m.a.ResponseBodyResultHandler - Using 'text/plain' given [text/plain, application/problem+json] and supported [text/plain]
22:42:28.435 [XNIO-8 I/O-2] DEBUG o.s.w.r.r.m.a.ResponseBodyResultHandler - [268b605a] 0..1 [java.lang.String]
22:42:28.435 [XNIO-8 I/O-2] DEBUG o.s.w.r.r.m.a.RequestMappingHandlerAdapter - [268b605a] Using @ExceptionHandler org.springframework.web.reactive.result.method.annotation.RequestMappingExceptionHandlingIntegrationTests$TestController#handle(Spr16318Exception)
22:42:28.436 [XNIO-8 I/O-2] DEBUG o.s.w.r.r.m.a.ResponseEntityResultHandler - Using 'application/problem+json' given [text/plain, application/problem+json] and supported [application/json, application/*+json, application/x-jackson-smile, application/*+x-jackson-smile, text/event-stream]
22:42:28.436 [XNIO-8 I/O-2] DEBUG o.s.w.r.r.m.a.ResponseEntityResultHandler - [268b605a] 0..1 [java.util.Map<java.lang.String, java.lang.String>]
22:42:28.436 [XNIO-8 I/O-2] DEBUG o.s.h.c.j.Jackson2JsonEncoder - [268b605a] Encoding [{reason=error}]
22:42:28.437 [XNIO-8 I/O-2] DEBUG o.s.w.s.a.HttpWebHandlerAdapter - [268b605a] Completed 500 INTERNAL_SERVER_ERROR
22:42:28.437 [Test worker] DEBUG o.s.w.c.RestTemplate - Response 500 INTERNAL_SERVER_ERROR
22:42:28.437 [Test worker] DEBUG o.s.h.s.r.b.UndertowHttpServer - Stopping UndertowHttpServer...
22:42:28.438 [Test worker] DEBUG o.s.h.s.r.b.UndertowHttpServer - Server stopped (0 millis).
22:42:28.475 [Test worker] DEBUG o.s.w.r.r.m.a.RequestMappingHandlerMapping - 6 mappings in 'requestMappingHandlerMapping'
22:42:28.497 [Test worker] DEBUG o.s.w.r.r.m.a.ControllerMethodResolver - ControllerAdvice beans: none
22:42:28.527 [Test worker] DEBUG o.s.w.s.a.HttpWebHandlerAdapter - enableLoggingRequestDetails='false': form data and headers will be masked to prevent unsafe logging of potentially sensitive data
22:42:28.528 [Test worker] DEBUG o.s.h.s.r.b.UndertowHttpServer - Starting UndertowHttpServer...
22:42:28.531 [Test worker] DEBUG o.s.h.s.r.b.UndertowHttpServer - Server started on port 53718(0 millis).
22:42:28.531 [Test worker] DEBUG o.s.w.c.RestTemplate - HTTP GET http://localhost:53718/thrown-exception
22:42:28.531 [Test worker] DEBUG o.s.w.c.RestTemplate - Accept=[text/plain, application/json, application/x-jackson-smile, application/*+json, */*]
22:42:28.532 [XNIO-9 I/O-2] DEBUG o.s.w.s.a.HttpWebHandlerAdapter - [2f5b6e89] HTTP GET "/thrown-exception"
22:42:28.532 [XNIO-9 I/O-2] DEBUG o.s.w.r.r.m.a.RequestMappingHandlerMapping - [2f5b6e89] Mapped to org.springframework.web.reactive.result.method.annotation.RequestMappingExceptionHandlingIntegrationTests$TestController#handleAndThrowException()
22:42:28.533 [XNIO-9 I/O-2] DEBUG o.s.w.r.r.m.a.RequestMappingHandlerAdapter - [2f5b6e89] Using @ExceptionHandler org.springframework.web.reactive.result.method.annotation.RequestMappingExceptionHandlingIntegrationTests$TestController#handleStateException(IllegalStateException)
22:42:28.533 [XNIO-9 I/O-2] DEBUG o.s.w.r.r.m.a.ResponseEntityResultHandler - Using 'text/plain;charset=UTF-8' given [text/plain, application/json, application/x-jackson-smile, application/*+json, */*] and supported [text/plain;charset=UTF-8, text/event-stream, text/plain;charset=UTF-8, */*]
22:42:28.533 [XNIO-9 I/O-2] DEBUG o.s.w.r.r.m.a.ResponseEntityResultHandler - [2f5b6e89] 0..1 [java.lang.String]
22:42:28.534 [XNIO-9 I/O-2] DEBUG o.s.c.c.CharSequenceEncoder - [2f5b6e89] Writing "Recovered from error: State"
22:42:28.534 [XNIO-9 I/O-2] DEBUG o.s.w.s.a.HttpWebHandlerAdapter - [2f5b6e89] Completed 200 OK
22:42:28.534 [Test worker] DEBUG o.s.w.c.RestTemplate - Response 200 OK
22:42:28.534 [Test worker] DEBUG o.s.w.c.RestTemplate - Reading to [java.lang.String] as "text/plain;charset=UTF-8"
22:42:28.534 [Test worker] DEBUG o.s.h.s.r.b.UndertowHttpServer - Stopping UndertowHttpServer...
22:42:28.535 [Test worker] DEBUG o.s.h.s.r.b.UndertowHttpServer - Server stopped (0 millis).
22:42:28.573 [Test worker] DEBUG o.s.w.r.r.m.a.RequestMappingHandlerMapping - 6 mappings in 'requestMappingHandlerMapping'
22:42:28.592 [Test worker] DEBUG o.s.w.r.r.m.a.ControllerMethodResolver - ControllerAdvice beans: none
22:42:28.622 [Test worker] DEBUG o.s.w.s.a.HttpWebHandlerAdapter - enableLoggingRequestDetails='false': form data and headers will be masked to prevent unsafe logging of potentially sensitive data
22:42:28.622 [Test worker] DEBUG o.s.h.s.r.b.UndertowHttpServer - Starting UndertowHttpServer...
22:42:28.625 [Test worker] DEBUG o.s.h.s.r.b.UndertowHttpServer - Server started on port 53720(0 millis).
22:42:28.625 [Test worker] DEBUG o.s.w.c.RestTemplate - HTTP GET http://localhost:53720/SPR-16051
22:42:28.625 [Test worker] DEBUG o.s.w.c.RestTemplate - Accept=[text/plain, application/json, application/x-jackson-smile, application/*+json, */*]
22:42:28.626 [XNIO-10 I/O-2] DEBUG o.s.w.s.a.HttpWebHandlerAdapter - [a0e9810] HTTP GET "/SPR-16051"
22:42:28.626 [XNIO-10 I/O-2] DEBUG o.s.w.r.r.m.a.RequestMappingHandlerMapping - [a0e9810] Mapped to org.springframework.web.reactive.result.method.annotation.RequestMappingExceptionHandlingIntegrationTests$TestController#errors()
22:42:28.627 [XNIO-10 I/O-2] DEBUG o.s.w.r.r.m.a.ResponseBodyResultHandler - Using 'text/plain;charset=UTF-8' given [text/plain, application/json, application/x-jackson-smile, application/*+json, */*] and supported [text/plain;charset=UTF-8, text/event-stream, text/plain;charset=UTF-8, */*]
22:42:28.627 [XNIO-10 I/O-2] DEBUG o.s.w.r.r.m.a.ResponseBodyResultHandler - [a0e9810] 0..N [java.lang.String]
22:42:28.627 [XNIO-10 I/O-2] DEBUG o.s.c.c.CharSequenceEncoder - [a0e9810] Writing "1. foo bar"
22:42:28.627 [XNIO-10 I/O-2] DEBUG o.s.c.c.CharSequenceEncoder - [a0e9810] Writing "2. foo bar"
22:42:28.627 [Test worker] DEBUG o.s.w.c.RestTemplate - Response 200 OK
22:42:28.627 [XNIO-10 I/O-2] DEBUG o.s.c.c.CharSequenceEncoder - [a0e9810] Writing "3. foo bar"
22:42:28.627 [XNIO-10 I/O-2] DEBUG o.s.c.c.CharSequenceEncoder - [a0e9810] Writing "4. foo bar"
22:42:28.627 [Test worker] DEBUG o.s.w.c.RestTemplate - Reading to [java.lang.String] as "text/plain;charset=UTF-8"
22:42:28.627 [XNIO-10 I/O-2] DEBUG o.s.c.c.CharSequenceEncoder - [a0e9810] Writing "5. foo bar"
22:42:28.627 [XNIO-10 I/O-2] DEBUG o.s.c.c.CharSequenceEncoder - [a0e9810] Writing "6. foo bar"
22:42:28.628 [XNIO-10 I/O-2] DEBUG o.s.c.c.CharSequenceEncoder - [a0e9810] Writing "7. foo bar"
22:42:28.628 [XNIO-10 I/O-2] DEBUG o.s.c.c.CharSequenceEncoder - [a0e9810] Writing "8. foo bar"
22:42:28.628 [XNIO-10 I/O-2] DEBUG o.s.c.c.CharSequenceEncoder - [a0e9810] Writing "9. foo bar"
22:42:28.628 [XNIO-10 I/O-2] DEBUG o.s.c.c.CharSequenceEncoder - [a0e9810] Writing "10. foo bar"
22:42:28.628 [XNIO-10 I/O-2] DEBUG o.s.c.c.CharSequenceEncoder - [a0e9810] Writing "11. foo bar"
22:42:28.628 [XNIO-10 I/O-2] DEBUG o.s.c.c.CharSequenceEncoder - [a0e9810] Writing "12. foo bar"
22:42:28.628 [XNIO-10 I/O-2] DEBUG o.s.c.c.CharSequenceEncoder - [a0e9810] Writing "13. foo bar"
22:42:28.628 [XNIO-10 I/O-2] DEBUG o.s.c.c.CharSequenceEncoder - [a0e9810] Writing "14. foo bar"
22:42:28.628 [XNIO-10 I/O-2] DEBUG o.s.c.c.CharSequenceEncoder - [a0e9810] Writing "15. foo bar"
22:42:28.628 [XNIO-10 I/O-2] DEBUG o.s.c.c.CharSequenceEncoder - [a0e9810] Writing "16. foo bar"
22:42:28.628 [XNIO-10 I/O-2] DEBUG o.s.c.c.CharSequenceEncoder - [a0e9810] Writing "17. foo bar"
22:42:28.628 [XNIO-10 I/O-2] DEBUG o.s.c.c.CharSequenceEncoder - [a0e9810] Writing "18. foo bar"
22:42:28.628 [XNIO-10 I/O-2] DEBUG o.s.c.c.CharSequenceEncoder - [a0e9810] Writing "19. foo bar"
22:42:28.628 [XNIO-10 I/O-2] DEBUG o.s.c.c.CharSequenceEncoder - [a0e9810] Writing "20. foo bar"
22:42:28.628 [XNIO-10 I/O-2] DEBUG o.s.c.c.CharSequenceEncoder - [a0e9810] Writing "21. foo bar"
22:42:28.628 [XNIO-10 I/O-2] DEBUG o.s.c.c.CharSequenceEncoder - [a0e9810] Writing "22. foo bar"
22:42:28.628 [XNIO-10 I/O-2] DEBUG o.s.c.c.CharSequenceEncoder - [a0e9810] Writing "23. foo bar"
22:42:28.628 [XNIO-10 I/O-2] DEBUG o.s.c.c.CharSequenceEncoder - [a0e9810] Writing "24. foo bar"
22:42:28.628 [XNIO-10 I/O-2] DEBUG o.s.c.c.CharSequenceEncoder - [a0e9810] Writing "25. foo bar"
22:42:28.628 [XNIO-10 I/O-2] DEBUG o.s.c.c.CharSequenceEncoder - [a0e9810] Writing "26. foo bar"
22:42:28.628 [XNIO-10 I/O-2] DEBUG o.s.c.c.CharSequenceEncoder - [a0e9810] Writing "27. foo bar"
22:42:28.628 [XNIO-10 I/O-2] DEBUG o.s.c.c.CharSequenceEncoder - [a0e9810] Writing "28. foo bar"
22:42:28.628 [XNIO-10 I/O-2] DEBUG o.s.c.c.CharSequenceEncoder - [a0e9810] Writing "29. foo bar"
22:42:28.629 [XNIO-10 I/O-2] DEBUG o.s.c.c.CharSequenceEncoder - [a0e9810] Writing "30. foo bar"
22:42:28.629 [XNIO-10 I/O-2] DEBUG o.s.c.c.CharSequenceEncoder - [a0e9810] Writing "31. foo bar"
22:42:28.629 [XNIO-10 I/O-2] DEBUG o.s.c.c.CharSequenceEncoder - [a0e9810] Writing "32. foo bar"
22:42:28.629 [XNIO-10 I/O-2] DEBUG o.s.c.c.CharSequenceEncoder - [a0e9810] Writing "33. foo bar"
22:42:28.629 [XNIO-10 I/O-2] DEBUG o.s.c.c.CharSequenceEncoder - [a0e9810] Writing "34. foo bar"
22:42:28.629 [XNIO-10 I/O-2] DEBUG o.s.c.c.CharSequenceEncoder - [a0e9810] Writing "35. foo bar"
22:42:28.629 [XNIO-10 I/O-2] DEBUG o.s.c.c.CharSequenceEncoder - [a0e9810] Writing "36. foo bar"
22:42:28.629 [XNIO-10 I/O-2] DEBUG o.s.c.c.CharSequenceEncoder - [a0e9810] Writing "37. foo bar"
22:42:28.629 [XNIO-10 I/O-2] DEBUG o.s.c.c.CharSequenceEncoder - [a0e9810] Writing "38. foo bar"
22:42:28.629 [XNIO-10 I/O-2] DEBUG o.s.c.c.CharSequenceEncoder - [a0e9810] Writing "39. foo bar"
22:42:28.629 [XNIO-10 I/O-2] DEBUG o.s.c.c.CharSequenceEncoder - [a0e9810] Writing "40. foo bar"
22:42:28.629 [XNIO-10 I/O-2] DEBUG o.s.c.c.CharSequenceEncoder - [a0e9810] Writing "41. foo bar"
22:42:28.629 [XNIO-10 I/O-2] DEBUG o.s.c.c.CharSequenceEncoder - [a0e9810] Writing "42. foo bar"
22:42:28.629 [XNIO-10 I/O-2] DEBUG o.s.c.c.CharSequenceEncoder - [a0e9810] Writing "43. foo bar"
22:42:28.629 [XNIO-10 I/O-2] DEBUG o.s.c.c.CharSequenceEncoder - [a0e9810] Writing "44. foo bar"
22:42:28.629 [XNIO-10 I/O-2] DEBUG o.s.c.c.CharSequenceEncoder - [a0e9810] Writing "45. foo bar"
22:42:28.629 [XNIO-10 I/O-2] DEBUG o.s.c.c.CharSequenceEncoder - [a0e9810] Writing "46. foo bar"
22:42:28.629 [XNIO-10 I/O-2] DEBUG o.s.c.c.CharSequenceEncoder - [a0e9810] Writing "47. foo bar"
22:42:28.629 [XNIO-10 I/O-2] DEBUG o.s.c.c.CharSequenceEncoder - [a0e9810] Writing "48. foo bar"
22:42:28.629 [XNIO-10 I/O-2] DEBUG o.s.c.c.CharSequenceEncoder - [a0e9810] Writing "49. foo bar"
22:42:28.629 [XNIO-10 I/O-2] DEBUG o.s.c.c.CharSequenceEncoder - [a0e9810] Writing "50. foo bar"
22:42:28.629 [XNIO-10 I/O-2] DEBUG o.s.c.c.CharSequenceEncoder - [a0e9810] Writing "51. foo bar"
22:42:28.629 [XNIO-10 I/O-2] DEBUG o.s.c.c.CharSequenceEncoder - [a0e9810] Writing "52. foo bar"
22:42:28.629 [XNIO-10 I/O-2] DEBUG o.s.c.c.CharSequenceEncoder - [a0e9810] Writing "53. foo bar"
22:42:28.629 [XNIO-10 I/O-2] DEBUG o.s.c.c.CharSequenceEncoder - [a0e9810] Writing "54. foo bar"
22:42:28.630 [XNIO-10 I/O-2] DEBUG o.s.c.c.CharSequenceEncoder - [a0e9810] Writing "55. foo bar"
22:42:28.630 [XNIO-10 I/O-2] DEBUG o.s.c.c.CharSequenceEncoder - [a0e9810] Writing "56. foo bar"
22:42:28.630 [XNIO-10 I/O-2] DEBUG o.s.c.c.CharSequenceEncoder - [a0e9810] Writing "57. foo bar"
22:42:28.630 [XNIO-10 I/O-2] DEBUG o.s.c.c.CharSequenceEncoder - [a0e9810] Writing "58. foo bar"
22:42:28.630 [XNIO-10 I/O-2] DEBUG o.s.c.c.CharSequenceEncoder - [a0e9810] Writing "59. foo bar"
22:42:28.630 [XNIO-10 I/O-2] DEBUG o.s.c.c.CharSequenceEncoder - [a0e9810] Writing "60. foo bar"
22:42:28.630 [XNIO-10 I/O-2] DEBUG o.s.c.c.CharSequenceEncoder - [a0e9810] Writing "61. foo bar"
22:42:28.630 [XNIO-10 I/O-2] DEBUG o.s.c.c.CharSequenceEncoder - [a0e9810] Writing "62. foo bar"
22:42:28.630 [XNIO-10 I/O-2] DEBUG o.s.c.c.CharSequenceEncoder - [a0e9810] Writing "63. foo bar"
22:42:28.630 [XNIO-10 I/O-2] DEBUG o.s.c.c.CharSequenceEncoder - [a0e9810] Writing "64. foo bar"
22:42:28.630 [XNIO-10 I/O-2] DEBUG o.s.c.c.CharSequenceEncoder - [a0e9810] Writing "65. foo bar"
22:42:28.630 [XNIO-10 I/O-2] DEBUG o.s.c.c.CharSequenceEncoder - [a0e9810] Writing "66. foo bar"
22:42:28.630 [XNIO-10 I/O-2] DEBUG o.s.c.c.CharSequenceEncoder - [a0e9810] Writing "67. foo bar"
22:42:28.630 [XNIO-10 I/O-2] DEBUG o.s.c.c.CharSequenceEncoder - [a0e9810] Writing "68. foo bar"
22:42:28.630 [XNIO-10 I/O-2] DEBUG o.s.c.c.CharSequenceEncoder - [a0e9810] Writing "69. foo bar"
22:42:28.630 [XNIO-10 I/O-2] DEBUG o.s.c.c.CharSequenceEncoder - [a0e9810] Writing "70. foo bar"
22:42:28.630 [XNIO-10 I/O-2] DEBUG o.s.c.c.CharSequenceEncoder - [a0e9810] Writing "71. foo bar"
22:42:28.630 [XNIO-10 I/O-2] DEBUG o.s.c.c.CharSequenceEncoder - [a0e9810] Writing "72. foo bar"
22:42:28.630 [XNIO-10 I/O-2] DEBUG o.s.c.c.CharSequenceEncoder - [a0e9810] Writing "73. foo bar"
22:42:28.630 [XNIO-10 I/O-2] DEBUG o.s.c.c.CharSequenceEncoder - [a0e9810] Writing "74. foo bar"
22:42:28.630 [XNIO-10 I/O-2] DEBUG o.s.c.c.CharSequenceEncoder - [a0e9810] Writing "75. foo bar"
22:42:28.630 [XNIO-10 I/O-2] DEBUG o.s.c.c.CharSequenceEncoder - [a0e9810] Writing "76. foo bar"
22:42:28.630 [XNIO-10 I/O-2] DEBUG o.s.c.c.CharSequenceEncoder - [a0e9810] Writing "77. foo bar"
22:42:28.630 [XNIO-10 I/O-2] DEBUG o.s.c.c.CharSequenceEncoder - [a0e9810] Writing "78. foo bar"
22:42:28.631 [XNIO-10 I/O-2] DEBUG o.s.c.c.CharSequenceEncoder - [a0e9810] Writing "79. foo bar"
22:42:28.631 [XNIO-10 I/O-2] DEBUG o.s.c.c.CharSequenceEncoder - [a0e9810] Writing "80. foo bar"
22:42:28.631 [XNIO-10 I/O-2] DEBUG o.s.c.c.CharSequenceEncoder - [a0e9810] Writing "81. foo bar"
22:42:28.631 [XNIO-10 I/O-2] DEBUG o.s.c.c.CharSequenceEncoder - [a0e9810] Writing "82. foo bar"
22:42:28.631 [XNIO-10 I/O-2] DEBUG o.s.c.c.CharSequenceEncoder - [a0e9810] Writing "83. foo bar"
22:42:28.631 [XNIO-10 I/O-2] DEBUG o.s.c.c.CharSequenceEncoder - [a0e9810] Writing "84. foo bar"
22:42:28.631 [XNIO-10 I/O-2] DEBUG o.s.c.c.CharSequenceEncoder - [a0e9810] Writing "85. foo bar"
22:42:28.631 [XNIO-10 I/O-2] DEBUG o.s.c.c.CharSequenceEncoder - [a0e9810] Writing "86. foo bar"
22:42:28.631 [XNIO-10 I/O-2] DEBUG o.s.c.c.CharSequenceEncoder - [a0e9810] Writing "87. foo bar"
22:42:28.631 [XNIO-10 I/O-2] DEBUG o.s.c.c.CharSequenceEncoder - [a0e9810] Writing "88. foo bar"
22:42:28.631 [XNIO-10 I/O-2] DEBUG o.s.c.c.CharSequenceEncoder - [a0e9810] Writing "89. foo bar"
22:42:28.631 [XNIO-10 I/O-2] DEBUG o.s.c.c.CharSequenceEncoder - [a0e9810] Writing "90. foo bar"
22:42:28.631 [XNIO-10 I/O-2] DEBUG o.s.c.c.CharSequenceEncoder - [a0e9810] Writing "91. foo bar"
22:42:28.631 [XNIO-10 I/O-2] DEBUG o.s.c.c.CharSequenceEncoder - [a0e9810] Writing "92. foo bar"
22:42:28.631 [XNIO-10 I/O-2] DEBUG o.s.c.c.CharSequenceEncoder - [a0e9810] Writing "93. foo bar"
22:42:28.631 [XNIO-10 I/O-2] DEBUG o.s.c.c.CharSequenceEncoder - [a0e9810] Writing "94. foo bar"
22:42:28.631 [XNIO-10 I/O-2] DEBUG o.s.c.c.CharSequenceEncoder - [a0e9810] Writing "95. foo bar"
22:42:28.631 [XNIO-10 I/O-2] DEBUG o.s.c.c.CharSequenceEncoder - [a0e9810] Writing "96. foo bar"
22:42:28.631 [XNIO-10 I/O-2] DEBUG o.s.c.c.CharSequenceEncoder - [a0e9810] Writing "97. foo bar"
22:42:28.632 [XNIO-10 I/O-2] DEBUG o.s.c.c.CharSequenceEncoder - [a0e9810] Writing "98. foo bar"
22:42:28.632 [XNIO-10 I/O-2] DEBUG o.s.c.c.CharSequenceEncoder - [a0e9810] Writing "99. foo bar"
22:42:28.632 [XNIO-10 I/O-2] DEBUG o.s.c.c.CharSequenceEncoder - [a0e9810] Writing "100. foo bar"
22:42:28.632 [XNIO-10 I/O-2] DEBUG o.s.c.c.CharSequenceEncoder - [a0e9810] Writing "101. foo bar"
22:42:28.632 [XNIO-10 I/O-2] DEBUG o.s.c.c.CharSequenceEncoder - [a0e9810] Writing "102. foo bar"
22:42:28.632 [XNIO-10 I/O-2] DEBUG o.s.c.c.CharSequenceEncoder - [a0e9810] Writing "103. foo bar"
22:42:28.632 [XNIO-10 I/O-2] DEBUG o.s.c.c.CharSequenceEncoder - [a0e9810] Writing "104. foo bar"
22:42:28.632 [XNIO-10 I/O-2] DEBUG o.s.c.c.CharSequenceEncoder - [a0e9810] Writing "105. foo bar"
22:42:28.632 [XNIO-10 I/O-2] DEBUG o.s.c.c.CharSequenceEncoder - [a0e9810] Writing "106. foo bar"
22:42:28.632 [XNIO-10 I/O-2] DEBUG o.s.c.c.CharSequenceEncoder - [a0e9810] Writing "107. foo bar"
22:42:28.632 [XNIO-10 I/O-2] DEBUG o.s.c.c.CharSequenceEncoder - [a0e9810] Writing "108. foo bar"
22:42:28.632 [XNIO-10 I/O-2] DEBUG o.s.c.c.CharSequenceEncoder - [a0e9810] Writing "109. foo bar"
22:42:28.632 [XNIO-10 I/O-2] DEBUG o.s.c.c.CharSequenceEncoder - [a0e9810] Writing "110. foo bar"
22:42:28.632 [XNIO-10 I/O-2] DEBUG o.s.c.c.CharSequenceEncoder - [a0e9810] Writing "111. foo bar"
22:42:28.632 [XNIO-10 I/O-2] DEBUG o.s.c.c.CharSequenceEncoder - [a0e9810] Writing "112. foo bar"
22:42:28.632 [XNIO-10 I/O-2] DEBUG o.s.c.c.CharSequenceEncoder - [a0e9810] Writing "113. foo bar"
22:42:28.632 [XNIO-10 I/O-2] DEBUG o.s.c.c.CharSequenceEncoder - [a0e9810] Writing "114. foo bar"
22:42:28.632 [XNIO-10 I/O-2] DEBUG o.s.c.c.CharSequenceEncoder - [a0e9810] Writing "115. foo bar"
22:42:28.632 [XNIO-10 I/O-2] DEBUG o.s.c.c.CharSequenceEncoder - [a0e9810] Writing "116. foo bar"
22:42:28.632 [XNIO-10 I/O-2] DEBUG o.s.c.c.CharSequenceEncoder - [a0e9810] Writing "117. foo bar"
22:42:28.632 [XNIO-10 I/O-2] DEBUG o.s.c.c.CharSequenceEncoder - [a0e9810] Writing "118. foo bar"
22:42:28.632 [XNIO-10 I/O-2] DEBUG o.s.c.c.CharSequenceEncoder - [a0e9810] Writing "119. foo bar"
22:42:28.632 [XNIO-10 I/O-2] DEBUG o.s.c.c.CharSequenceEncoder - [a0e9810] Writing "120. foo bar"
22:42:28.633 [XNIO-10 I/O-2] DEBUG o.s.c.c.CharSequenceEncoder - [a0e9810] Writing "121. foo bar"
22:42:28.633 [XNIO-10 I/O-2] DEBUG o.s.c.c.CharSequenceEncoder - [a0e9810] Writing "122. foo bar"
22:42:28.633 [XNIO-10 I/O-2] DEBUG o.s.c.c.CharSequenceEncoder - [a0e9810] Writing "123. foo bar"
22:42:28.633 [XNIO-10 I/O-2] DEBUG o.s.c.c.CharSequenceEncoder - [a0e9810] Writing "124. foo bar"
22:42:28.633 [XNIO-10 I/O-2] DEBUG o.s.c.c.CharSequenceEncoder - [a0e9810] Writing "125. foo bar"
22:42:28.633 [XNIO-10 I/O-2] DEBUG o.s.c.c.CharSequenceEncoder - [a0e9810] Writing "126. foo bar"
22:42:28.633 [XNIO-10 I/O-2] DEBUG o.s.c.c.CharSequenceEncoder - [a0e9810] Writing "127. foo bar"
22:42:28.633 [XNIO-10 I/O-2] DEBUG o.s.c.c.CharSequenceEncoder - [a0e9810] Writing "128. foo bar"
22:42:28.633 [XNIO-10 I/O-2] DEBUG o.s.c.c.CharSequenceEncoder - [a0e9810] Writing "129. foo bar"
22:42:28.633 [XNIO-10 I/O-2] DEBUG o.s.c.c.CharSequenceEncoder - [a0e9810] Writing "130. foo bar"
22:42:28.633 [XNIO-10 I/O-2] DEBUG o.s.c.c.CharSequenceEncoder - [a0e9810] Writing "131. foo bar"
22:42:28.633 [XNIO-10 I/O-2] DEBUG o.s.c.c.CharSequenceEncoder - [a0e9810] Writing "132. foo bar"
22:42:28.633 [XNIO-10 I/O-2] DEBUG o.s.c.c.CharSequenceEncoder - [a0e9810] Writing "133. foo bar"
22:42:28.633 [XNIO-10 I/O-2] DEBUG o.s.c.c.CharSequenceEncoder - [a0e9810] Writing "134. foo bar"
22:42:28.633 [XNIO-10 I/O-2] DEBUG o.s.c.c.CharSequenceEncoder - [a0e9810] Writing "135. foo bar"
22:42:28.633 [XNIO-10 I/O-2] DEBUG o.s.c.c.CharSequenceEncoder - [a0e9810] Writing "136. foo bar"
22:42:28.633 [XNIO-10 I/O-2] DEBUG o.s.c.c.CharSequenceEncoder - [a0e9810] Writing "137. foo bar"
22:42:28.633 [XNIO-10 I/O-2] DEBUG o.s.c.c.CharSequenceEncoder - [a0e9810] Writing "138. foo bar"
22:42:28.633 [XNIO-10 I/O-2] DEBUG o.s.c.c.CharSequenceEncoder - [a0e9810] Writing "139. foo bar"
22:42:28.633 [XNIO-10 I/O-2] DEBUG o.s.c.c.CharSequenceEncoder - [a0e9810] Writing "140. foo bar"
22:42:28.633 [XNIO-10 I/O-2] DEBUG o.s.c.c.CharSequenceEncoder - [a0e9810] Writing "141. foo bar"
22:42:28.633 [XNIO-10 I/O-2] DEBUG o.s.c.c.CharSequenceEncoder - [a0e9810] Writing "142. foo bar"
22:42:28.633 [XNIO-10 I/O-2] DEBUG o.s.c.c.CharSequenceEncoder - [a0e9810] Writing "143. foo bar"
22:42:28.633 [XNIO-10 I/O-2] DEBUG o.s.c.c.CharSequenceEncoder - [a0e9810] Writing "144. foo bar"
22:42:28.633 [XNIO-10 I/O-2] DEBUG o.s.c.c.CharSequenceEncoder - [a0e9810] Writing "145. foo bar"
22:42:28.633 [XNIO-10 I/O-2] DEBUG o.s.c.c.CharSequenceEncoder - [a0e9810] Writing "146. foo bar"
22:42:28.633 [XNIO-10 I/O-2] DEBUG o.s.c.c.CharSequenceEncoder - [a0e9810] Writing "147. foo bar"
22:42:28.633 [XNIO-10 I/O-2] DEBUG o.s.c.c.CharSequenceEncoder - [a0e9810] Writing "148. foo bar"
22:42:28.633 [XNIO-10 I/O-2] DEBUG o.s.c.c.CharSequenceEncoder - [a0e9810] Writing "149. foo bar"
22:42:28.633 [XNIO-10 I/O-2] DEBUG o.s.c.c.CharSequenceEncoder - [a0e9810] Writing "150. foo bar"
22:42:28.634 [XNIO-10 I/O-2] DEBUG o.s.c.c.CharSequenceEncoder - [a0e9810] Writing "151. foo bar"
22:42:28.634 [XNIO-10 I/O-2] DEBUG o.s.c.c.CharSequenceEncoder - [a0e9810] Writing "152. foo bar"
22:42:28.634 [XNIO-10 I/O-2] DEBUG o.s.c.c.CharSequenceEncoder - [a0e9810] Writing "153. foo bar"
22:42:28.634 [XNIO-10 I/O-2] DEBUG o.s.c.c.CharSequenceEncoder - [a0e9810] Writing "154. foo bar"
22:42:28.634 [XNIO-10 I/O-2] DEBUG o.s.c.c.CharSequenceEncoder - [a0e9810] Writing "155. foo bar"
22:42:28.634 [XNIO-10 I/O-2] DEBUG o.s.c.c.CharSequenceEncoder - [a0e9810] Writing "156. foo bar"
22:42:28.634 [XNIO-10 I/O-2] DEBUG o.s.c.c.CharSequenceEncoder - [a0e9810] Writing "157. foo bar"
22:42:28.634 [XNIO-10 I/O-2] DEBUG o.s.c.c.CharSequenceEncoder - [a0e9810] Writing "158. foo bar"
22:42:28.634 [XNIO-10 I/O-2] DEBUG o.s.c.c.CharSequenceEncoder - [a0e9810] Writing "159. foo bar"
22:42:28.634 [XNIO-10 I/O-2] DEBUG o.s.c.c.CharSequenceEncoder - [a0e9810] Writing "160. foo bar"
22:42:28.634 [XNIO-10 I/O-2] DEBUG o.s.c.c.CharSequenceEncoder - [a0e9810] Writing "161. foo bar"
22:42:28.634 [XNIO-10 I/O-2] DEBUG o.s.c.c.CharSequenceEncoder - [a0e9810] Writing "162. foo bar"
22:42:28.634 [XNIO-10 I/O-2] DEBUG o.s.c.c.CharSequenceEncoder - [a0e9810] Writing "163. foo bar"
22:42:28.634 [XNIO-10 I/O-2] DEBUG o.s.c.c.CharSequenceEncoder - [a0e9810] Writing "164. foo bar"
22:42:28.634 [XNIO-10 I/O-2] DEBUG o.s.c.c.CharSequenceEncoder - [a0e9810] Writing "165. foo bar"
22:42:28.634 [XNIO-10 I/O-2] DEBUG o.s.c.c.CharSequenceEncoder - [a0e9810] Writing "166. foo bar"
22:42:28.634 [XNIO-10 I/O-2] DEBUG o.s.c.c.CharSequenceEncoder - [a0e9810] Writing "167. foo bar"
22:42:28.634 [XNIO-10 I/O-2] DEBUG o.s.c.c.CharSequenceEncoder - [a0e9810] Writing "168. foo bar"
22:42:28.634 [XNIO-10 I/O-2] DEBUG o.s.c.c.CharSequenceEncoder - [a0e9810] Writing "169. foo bar"
22:42:28.634 [XNIO-10 I/O-2] DEBUG o.s.c.c.CharSequenceEncoder - [a0e9810] Writing "170. foo bar"
22:42:28.634 [XNIO-10 I/O-2] DEBUG o.s.c.c.CharSequenceEncoder - [a0e9810] Writing "171. foo bar"
22:42:28.634 [XNIO-10 I/O-2] DEBUG o.s.c.c.CharSequenceEncoder - [a0e9810] Writing "172. foo bar"
22:42:28.634 [XNIO-10 I/O-2] DEBUG o.s.c.c.CharSequenceEncoder - [a0e9810] Writing "173. foo bar"
22:42:28.634 [XNIO-10 I/O-2] DEBUG o.s.c.c.CharSequenceEncoder - [a0e9810] Writing "174. foo bar"
22:42:28.634 [XNIO-10 I/O-2] DEBUG o.s.c.c.CharSequenceEncoder - [a0e9810] Writing "175. foo bar"
22:42:28.635 [XNIO-10 I/O-2] DEBUG o.s.c.c.CharSequenceEncoder - [a0e9810] Writing "176. foo bar"
22:42:28.635 [XNIO-10 I/O-2] DEBUG o.s.c.c.CharSequenceEncoder - [a0e9810] Writing "177. foo bar"
22:42:28.635 [XNIO-10 I/O-2] DEBUG o.s.c.c.CharSequenceEncoder - [a0e9810] Writing "178. foo bar"
22:42:28.635 [XNIO-10 I/O-2] DEBUG o.s.c.c.CharSequenceEncoder - [a0e9810] Writing "179. foo bar"
22:42:28.635 [XNIO-10 I/O-2] DEBUG o.s.c.c.CharSequenceEncoder - [a0e9810] Writing "180. foo bar"
22:42:28.635 [XNIO-10 I/O-2] DEBUG o.s.c.c.CharSequenceEncoder - [a0e9810] Writing "181. foo bar"
22:42:28.635 [XNIO-10 I/O-2] DEBUG o.s.c.c.CharSequenceEncoder - [a0e9810] Writing "182. foo bar"
22:42:28.635 [XNIO-10 I/O-2] DEBUG o.s.c.c.CharSequenceEncoder - [a0e9810] Writing "183. foo bar"
22:42:28.635 [XNIO-10 I/O-2] DEBUG o.s.c.c.CharSequenceEncoder - [a0e9810] Writing "184. foo bar"
22:42:28.635 [XNIO-10 I/O-2] DEBUG o.s.c.c.CharSequenceEncoder - [a0e9810] Writing "185. foo bar"
22:42:28.635 [XNIO-10 I/O-2] DEBUG o.s.c.c.CharSequenceEncoder - [a0e9810] Writing "186. foo bar"
22:42:28.635 [XNIO-10 I/O-2] DEBUG o.s.c.c.CharSequenceEncoder - [a0e9810] Writing "187. foo bar"
22:42:28.635 [XNIO-10 I/O-2] DEBUG o.s.c.c.CharSequenceEncoder - [a0e9810] Writing "188. foo bar"
22:42:28.635 [XNIO-10 I/O-2] DEBUG o.s.c.c.CharSequenceEncoder - [a0e9810] Writing "189. foo bar"
22:42:28.635 [XNIO-10 I/O-2] DEBUG o.s.c.c.CharSequenceEncoder - [a0e9810] Writing "190. foo bar"
22:42:28.635 [XNIO-10 I/O-2] DEBUG o.s.c.c.CharSequenceEncoder - [a0e9810] Writing "191. foo bar"
22:42:28.635 [XNIO-10 I/O-2] DEBUG o.s.c.c.CharSequenceEncoder - [a0e9810] Writing "192. foo bar"
22:42:28.635 [XNIO-10 I/O-2] DEBUG o.s.c.c.CharSequenceEncoder - [a0e9810] Writing "193. foo bar"
22:42:28.635 [XNIO-10 I/O-2] DEBUG o.s.c.c.CharSequenceEncoder - [a0e9810] Writing "194. foo bar"
22:42:28.635 [XNIO-10 I/O-2] DEBUG o.s.c.c.CharSequenceEncoder - [a0e9810] Writing "195. foo bar"
22:42:28.635 [XNIO-10 I/O-2] DEBUG o.s.c.c.CharSequenceEncoder - [a0e9810] Writing "196. foo bar"
22:42:28.635 [XNIO-10 I/O-2] DEBUG o.s.c.c.CharSequenceEncoder - [a0e9810] Writing "197. foo bar"
22:42:28.635 [XNIO-10 I/O-2] DEBUG o.s.c.c.CharSequenceEncoder - [a0e9810] Writing "198. foo bar"
22:42:28.635 [XNIO-10 I/O-2] DEBUG o.s.c.c.CharSequenceEncoder - [a0e9810] Writing "199. foo bar"
22:42:28.636 [XNIO-10 I/O-2] DEBUG o.s.c.c.CharSequenceEncoder - [a0e9810] Writing "200. foo bar"
22:42:28.636 [XNIO-10 I/O-2] DEBUG o.s.c.c.CharSequenceEncoder - [a0e9810] Writing "201. foo bar"
22:42:28.636 [XNIO-10 I/O-2] DEBUG o.s.c.c.CharSequenceEncoder - [a0e9810] Writing "202. foo bar"
22:42:28.636 [XNIO-10 I/O-2] DEBUG o.s.c.c.CharSequenceEncoder - [a0e9810] Writing "203. foo bar"
22:42:28.636 [XNIO-10 I/O-2] DEBUG o.s.c.c.CharSequenceEncoder - [a0e9810] Writing "204. foo bar"
22:42:28.636 [XNIO-10 I/O-2] DEBUG o.s.c.c.CharSequenceEncoder - [a0e9810] Writing "205. foo bar"
22:42:28.636 [XNIO-10 I/O-2] DEBUG o.s.c.c.CharSequenceEncoder - [a0e9810] Writing "206. foo bar"
22:42:28.636 [XNIO-10 I/O-2] DEBUG o.s.c.c.CharSequenceEncoder - [a0e9810] Writing "207. foo bar"
22:42:28.636 [XNIO-10 I/O-2] DEBUG o.s.c.c.CharSequenceEncoder - [a0e9810] Writing "208. foo bar"
22:42:28.637 [XNIO-10 I/O-2] DEBUG o.s.c.c.CharSequenceEncoder - [a0e9810] Writing "209. foo bar"
22:42:28.637 [XNIO-10 I/O-2] DEBUG o.s.c.c.CharSequenceEncoder - [a0e9810] Writing "210. foo bar"
22:42:28.637 [XNIO-10 I/O-2] DEBUG o.s.c.c.CharSequenceEncoder - [a0e9810] Writing "211. foo bar"
22:42:28.637 [XNIO-10 I/O-2] DEBUG o.s.c.c.CharSequenceEncoder - [a0e9810] Writing "212. foo bar"
22:42:28.637 [XNIO-10 I/O-2] DEBUG o.s.c.c.CharSequenceEncoder - [a0e9810] Writing "213. foo bar"
22:42:28.637 [XNIO-10 I/O-2] DEBUG o.s.c.c.CharSequenceEncoder - [a0e9810] Writing "214. foo bar"
22:42:28.637 [XNIO-10 I/O-2] DEBUG o.s.c.c.CharSequenceEncoder - [a0e9810] Writing "215. foo bar"
22:42:28.637 [XNIO-10 I/O-2] DEBUG o.s.c.c.CharSequenceEncoder - [a0e9810] Writing "216. foo bar"
22:42:28.637 [XNIO-10 I/O-2] DEBUG o.s.c.c.CharSequenceEncoder - [a0e9810] Writing "217. foo bar"
22:42:28.637 [XNIO-10 I/O-2] DEBUG o.s.c.c.CharSequenceEncoder - [a0e9810] Writing "218. foo bar"
22:42:28.637 [XNIO-10 I/O-2] DEBUG o.s.c.c.CharSequenceEncoder - [a0e9810] Writing "219. foo bar"
22:42:28.637 [XNIO-10 I/O-2] DEBUG o.s.c.c.CharSequenceEncoder - [a0e9810] Writing "220. foo bar"
22:42:28.637 [XNIO-10 I/O-2] DEBUG o.s.c.c.CharSequenceEncoder - [a0e9810] Writing "221. foo bar"
22:42:28.637 [XNIO-10 I/O-2] DEBUG o.s.c.c.CharSequenceEncoder - [a0e9810] Writing "222. foo bar"
22:42:28.637 [XNIO-10 I/O-2] DEBUG o.s.c.c.CharSequenceEncoder - [a0e9810] Writing "223. foo bar"
22:42:28.637 [XNIO-10 I/O-2] DEBUG o.s.c.c.CharSequenceEncoder - [a0e9810] Writing "224. foo bar"
22:42:28.637 [XNIO-10 I/O-2] DEBUG o.s.c.c.CharSequenceEncoder - [a0e9810] Writing "225. foo bar"
22:42:28.637 [XNIO-10 I/O-2] DEBUG o.s.c.c.CharSequenceEncoder - [a0e9810] Writing "226. foo bar"
22:42:28.637 [XNIO-10 I/O-2] DEBUG o.s.c.c.CharSequenceEncoder - [a0e9810] Writing "227. foo bar"
22:42:28.637 [XNIO-10 I/O-2] DEBUG o.s.c.c.CharSequenceEncoder - [a0e9810] Writing "228. foo bar"
22:42:28.637 [XNIO-10 I/O-2] DEBUG o.s.c.c.CharSequenceEncoder - [a0e9810] Writing "229. foo bar"
22:42:28.637 [XNIO-10 I/O-2] DEBUG o.s.c.c.CharSequenceEncoder - [a0e9810] Writing "230. foo bar"
22:42:28.638 [XNIO-10 I/O-2] DEBUG o.s.c.c.CharSequenceEncoder - [a0e9810] Writing "231. foo bar"
22:42:28.638 [XNIO-10 I/O-2] DEBUG o.s.c.c.CharSequenceEncoder - [a0e9810] Writing "232. foo bar"
22:42:28.638 [XNIO-10 I/O-2] DEBUG o.s.c.c.CharSequenceEncoder - [a0e9810] Writing "233. foo bar"
22:42:28.638 [XNIO-10 I/O-2] DEBUG o.s.c.c.CharSequenceEncoder - [a0e9810] Writing "234. foo bar"
22:42:28.638 [XNIO-10 I/O-2] DEBUG o.s.c.c.CharSequenceEncoder - [a0e9810] Writing "235. foo bar"
22:42:28.638 [XNIO-10 I/O-2] DEBUG o.s.c.c.CharSequenceEncoder - [a0e9810] Writing "236. foo bar"
22:42:28.638 [XNIO-10 I/O-2] DEBUG o.s.c.c.CharSequenceEncoder - [a0e9810] Writing "237. foo bar"
22:42:28.638 [XNIO-10 I/O-2] DEBUG o.s.c.c.CharSequenceEncoder - [a0e9810] Writing "238. foo bar"
22:42:28.638 [XNIO-10 I/O-2] DEBUG o.s.c.c.CharSequenceEncoder - [a0e9810] Writing "239. foo bar"
22:42:28.638 [XNIO-10 I/O-2] DEBUG o.s.c.c.CharSequenceEncoder - [a0e9810] Writing "240. foo bar"
22:42:28.638 [XNIO-10 I/O-2] DEBUG o.s.c.c.CharSequenceEncoder - [a0e9810] Writing "241. foo bar"
22:42:28.638 [XNIO-10 I/O-2] DEBUG o.s.c.c.CharSequenceEncoder - [a0e9810] Writing "242. foo bar"
22:42:28.638 [XNIO-10 I/O-2] DEBUG o.s.c.c.CharSequenceEncoder - [a0e9810] Writing "243. foo bar"
22:42:28.638 [XNIO-10 I/O-2] DEBUG o.s.c.c.CharSequenceEncoder - [a0e9810] Writing "244. foo bar"
22:42:28.638 [XNIO-10 I/O-2] DEBUG o.s.c.c.CharSequenceEncoder - [a0e9810] Writing "245. foo bar"
22:42:28.638 [XNIO-10 I/O-2] DEBUG o.s.c.c.CharSequenceEncoder - [a0e9810] Writing "246. foo bar"
22:42:28.638 [XNIO-10 I/O-2] DEBUG o.s.c.c.CharSequenceEncoder - [a0e9810] Writing "247. foo bar"
22:42:28.639 [XNIO-10 I/O-2] DEBUG o.s.c.c.CharSequenceEncoder - [a0e9810] Writing "248. foo bar"
22:42:28.639 [XNIO-10 I/O-2] DEBUG o.s.c.c.CharSequenceEncoder - [a0e9810] Writing "249. foo bar"
22:42:28.639 [XNIO-10 I/O-2] DEBUG o.s.c.c.CharSequenceEncoder - [a0e9810] Writing "250. foo bar"
22:42:28.639 [XNIO-10 I/O-2] DEBUG o.s.c.c.CharSequenceEncoder - [a0e9810] Writing "251. foo bar"
22:42:28.639 [XNIO-10 I/O-2] DEBUG o.s.c.c.CharSequenceEncoder - [a0e9810] Writing "252. foo bar"
22:42:28.639 [XNIO-10 I/O-2] DEBUG o.s.c.c.CharSequenceEncoder - [a0e9810] Writing "253. foo bar"
22:42:28.639 [XNIO-10 I/O-2] DEBUG o.s.c.c.CharSequenceEncoder - [a0e9810] Writing "254. foo bar"
22:42:28.639 [XNIO-10 I/O-2] DEBUG o.s.c.c.CharSequenceEncoder - [a0e9810] Writing "255. foo bar"
22:42:28.639 [XNIO-10 I/O-2] DEBUG o.s.c.c.CharSequenceEncoder - [a0e9810] Writing "256. foo bar"
22:42:28.639 [XNIO-10 I/O-2] DEBUG o.s.c.c.CharSequenceEncoder - [a0e9810] Writing "257. foo bar"
22:42:28.639 [XNIO-10 I/O-2] DEBUG o.s.c.c.CharSequenceEncoder - [a0e9810] Writing "258. foo bar"
22:42:28.639 [XNIO-10 I/O-2] DEBUG o.s.c.c.CharSequenceEncoder - [a0e9810] Writing "259. foo bar"
22:42:28.639 [XNIO-10 I/O-2] DEBUG o.s.c.c.CharSequenceEncoder - [a0e9810] Writing "260. foo bar"
22:42:28.639 [XNIO-10 I/O-2] DEBUG o.s.c.c.CharSequenceEncoder - [a0e9810] Writing "261. foo bar"
22:42:28.639 [XNIO-10 I/O-2] DEBUG o.s.c.c.CharSequenceEncoder - [a0e9810] Writing "262. foo bar"
22:42:28.639 [XNIO-10 I/O-2] DEBUG o.s.c.c.CharSequenceEncoder - [a0e9810] Writing "263. foo bar"
22:42:28.639 [XNIO-10 I/O-2] DEBUG o.s.c.c.CharSequenceEncoder - [a0e9810] Writing "264. foo bar"
22:42:28.639 [XNIO-10 I/O-2] DEBUG o.s.c.c.CharSequenceEncoder - [a0e9810] Writing "265. foo bar"
22:42:28.639 [XNIO-10 I/O-2] DEBUG o.s.c.c.CharSequenceEncoder - [a0e9810] Writing "266. foo bar"
22:42:28.640 [XNIO-10 I/O-2] DEBUG o.s.c.c.CharSequenceEncoder - [a0e9810] Writing "267. foo bar"
22:42:28.640 [XNIO-10 I/O-2] DEBUG o.s.c.c.CharSequenceEncoder - [a0e9810] Writing "268. foo bar"
22:42:28.640 [XNIO-10 I/O-2] DEBUG o.s.c.c.CharSequenceEncoder - [a0e9810] Writing "269. foo bar"
22:42:28.640 [XNIO-10 I/O-2] DEBUG o.s.c.c.CharSequenceEncoder - [a0e9810] Writing "270. foo bar"
22:42:28.640 [XNIO-10 I/O-2] DEBUG o.s.c.c.CharSequenceEncoder - [a0e9810] Writing "271. foo bar"
22:42:28.640 [XNIO-10 I/O-2] DEBUG o.s.c.c.CharSequenceEncoder - [a0e9810] Writing "272. foo bar"
22:42:28.640 [XNIO-10 I/O-2] DEBUG o.s.c.c.CharSequenceEncoder - [a0e9810] Writing "273. foo bar"
22:42:28.640 [XNIO-10 I/O-2] DEBUG o.s.c.c.CharSequenceEncoder - [a0e9810] Writing "274. foo bar"
22:42:28.640 [XNIO-10 I/O-2] DEBUG o.s.c.c.CharSequenceEncoder - [a0e9810] Writing "275. foo bar"
22:42:28.640 [XNIO-10 I/O-2] DEBUG o.s.c.c.CharSequenceEncoder - [a0e9810] Writing "276. foo bar"
22:42:28.640 [XNIO-10 I/O-2] DEBUG o.s.c.c.CharSequenceEncoder - [a0e9810] Writing "277. foo bar"
22:42:28.640 [XNIO-10 I/O-2] DEBUG o.s.c.c.CharSequenceEncoder - [a0e9810] Writing "278. foo bar"
22:42:28.640 [XNIO-10 I/O-2] DEBUG o.s.c.c.CharSequenceEncoder - [a0e9810] Writing "279. foo bar"
22:42:28.640 [XNIO-10 I/O-2] DEBUG o.s.c.c.CharSequenceEncoder - [a0e9810] Writing "280. foo bar"
22:42:28.640 [XNIO-10 I/O-2] DEBUG o.s.c.c.CharSequenceEncoder - [a0e9810] Writing "281. foo bar"
22:42:28.640 [XNIO-10 I/O-2] DEBUG o.s.c.c.CharSequenceEncoder - [a0e9810] Writing "282. foo bar"
22:42:28.640 [XNIO-10 I/O-2] DEBUG o.s.c.c.CharSequenceEncoder - [a0e9810] Writing "283. foo bar"
22:42:28.640 [XNIO-10 I/O-2] DEBUG o.s.c.c.CharSequenceEncoder - [a0e9810] Writing "284. foo bar"
22:42:28.641 [XNIO-10 I/O-2] DEBUG o.s.c.c.CharSequenceEncoder - [a0e9810] Writing "285. foo bar"
22:42:28.641 [XNIO-10 I/O-2] DEBUG o.s.c.c.CharSequenceEncoder - [a0e9810] Writing "286. foo bar"
22:42:28.641 [XNIO-10 I/O-2] DEBUG o.s.c.c.CharSequenceEncoder - [a0e9810] Writing "287. foo bar"
22:42:28.641 [XNIO-10 I/O-2] DEBUG o.s.c.c.CharSequenceEncoder - [a0e9810] Writing "288. foo bar"
22:42:28.641 [XNIO-10 I/O-2] DEBUG o.s.c.c.CharSequenceEncoder - [a0e9810] Writing "289. foo bar"
22:42:28.641 [XNIO-10 I/O-2] DEBUG o.s.c.c.CharSequenceEncoder - [a0e9810] Writing "290. foo bar"
22:42:28.641 [XNIO-10 I/O-2] DEBUG o.s.c.c.CharSequenceEncoder - [a0e9810] Writing "291. foo bar"
22:42:28.641 [XNIO-10 I/O-2] DEBUG o.s.c.c.CharSequenceEncoder - [a0e9810] Writing "292. foo bar"
22:42:28.641 [XNIO-10 I/O-2] DEBUG o.s.c.c.CharSequenceEncoder - [a0e9810] Writing "293. foo bar"
22:42:28.641 [XNIO-10 I/O-2] DEBUG o.s.c.c.CharSequenceEncoder - [a0e9810] Writing "294. foo bar"
22:42:28.641 [XNIO-10 I/O-2] DEBUG o.s.c.c.CharSequenceEncoder - [a0e9810] Writing "295. foo bar"
22:42:28.641 [XNIO-10 I/O-2] DEBUG o.s.c.c.CharSequenceEncoder - [a0e9810] Writing "296. foo bar"
22:42:28.641 [XNIO-10 I/O-2] DEBUG o.s.c.c.CharSequenceEncoder - [a0e9810] Writing "297. foo bar"
22:42:28.641 [XNIO-10 I/O-2] DEBUG o.s.c.c.CharSequenceEncoder - [a0e9810] Writing "298. foo bar"
22:42:28.641 [XNIO-10 I/O-2] DEBUG o.s.c.c.CharSequenceEncoder - [a0e9810] Writing "299. foo bar"
22:42:28.641 [XNIO-10 I/O-2] DEBUG o.s.c.c.CharSequenceEncoder - [a0e9810] Writing "300. foo bar"
22:42:28.641 [XNIO-10 I/O-2] DEBUG o.s.c.c.CharSequenceEncoder - [a0e9810] Writing "301. foo bar"
22:42:28.641 [XNIO-10 I/O-2] DEBUG o.s.c.c.CharSequenceEncoder - [a0e9810] Writing "302. foo bar"
22:42:28.642 [XNIO-10 I/O-2] DEBUG o.s.c.c.CharSequenceEncoder - [a0e9810] Writing "303. foo bar"
22:42:28.642 [XNIO-10 I/O-2] DEBUG o.s.c.c.CharSequenceEncoder - [a0e9810] Writing "304. foo bar"
22:42:28.642 [XNIO-10 I/O-2] DEBUG o.s.c.c.CharSequenceEncoder - [a0e9810] Writing "305. foo bar"
22:42:28.642 [XNIO-10 I/O-2] DEBUG o.s.c.c.CharSequenceEncoder - [a0e9810] Writing "306. foo bar"
22:42:28.642 [XNIO-10 I/O-2] DEBUG o.s.c.c.CharSequenceEncoder - [a0e9810] Writing "307. foo bar"
22:42:28.642 [XNIO-10 I/O-2] DEBUG o.s.c.c.CharSequenceEncoder - [a0e9810] Writing "308. foo bar"
22:42:28.642 [XNIO-10 I/O-2] DEBUG o.s.c.c.CharSequenceEncoder - [a0e9810] Writing "309. foo bar"
22:42:28.642 [XNIO-10 I/O-2] DEBUG o.s.c.c.CharSequenceEncoder - [a0e9810] Writing "310. foo bar"
22:42:28.642 [XNIO-10 I/O-2] DEBUG o.s.c.c.CharSequenceEncoder - [a0e9810] Writing "311. foo bar"
22:42:28.642 [XNIO-10 I/O-2] DEBUG o.s.c.c.CharSequenceEncoder - [a0e9810] Writing "312. foo bar"
22:42:28.642 [XNIO-10 I/O-2] DEBUG o.s.c.c.CharSequenceEncoder - [a0e9810] Writing "313. foo bar"
22:42:28.642 [XNIO-10 I/O-2] DEBUG o.s.c.c.CharSequenceEncoder - [a0e9810] Writing "314. foo bar"
22:42:28.642 [XNIO-10 I/O-2] DEBUG o.s.c.c.CharSequenceEncoder - [a0e9810] Writing "315. foo bar"
22:42:28.642 [XNIO-10 I/O-2] DEBUG o.s.c.c.CharSequenceEncoder - [a0e9810] Writing "316. foo bar"
22:42:28.642 [XNIO-10 I/O-2] DEBUG o.s.c.c.CharSequenceEncoder - [a0e9810] Writing "317. foo bar"
22:42:28.642 [XNIO-10 I/O-2] DEBUG o.s.c.c.CharSequenceEncoder - [a0e9810] Writing "318. foo bar"
22:42:28.642 [XNIO-10 I/O-2] DEBUG o.s.c.c.CharSequenceEncoder - [a0e9810] Writing "319. foo bar"
22:42:28.642 [XNIO-10 I/O-2] DEBUG o.s.c.c.CharSequenceEncoder - [a0e9810] Writing "320. foo bar"
22:42:28.642 [XNIO-10 I/O-2] DEBUG o.s.c.c.CharSequenceEncoder - [a0e9810] Writing "321. foo bar"
22:42:28.643 [XNIO-10 I/O-2] DEBUG o.s.c.c.CharSequenceEncoder - [a0e9810] Writing "322. foo bar"
22:42:28.643 [XNIO-10 I/O-2] DEBUG o.s.c.c.CharSequenceEncoder - [a0e9810] Writing "323. foo bar"
22:42:28.643 [XNIO-10 I/O-2] DEBUG o.s.c.c.CharSequenceEncoder - [a0e9810] Writing "324. foo bar"
22:42:28.643 [XNIO-10 I/O-2] DEBUG o.s.c.c.CharSequenceEncoder - [a0e9810] Writing "325. foo bar"
22:42:28.643 [XNIO-10 I/O-2] DEBUG o.s.c.c.CharSequenceEncoder - [a0e9810] Writing "326. foo bar"
22:42:28.643 [XNIO-10 I/O-2] DEBUG o.s.c.c.CharSequenceEncoder - [a0e9810] Writing "327. foo bar"
22:42:28.643 [XNIO-10 I/O-2] DEBUG o.s.c.c.CharSequenceEncoder - [a0e9810] Writing "328. foo bar"
22:42:28.643 [XNIO-10 I/O-2] DEBUG o.s.c.c.CharSequenceEncoder - [a0e9810] Writing "329. foo bar"
22:42:28.643 [XNIO-10 I/O-2] DEBUG o.s.c.c.CharSequenceEncoder - [a0e9810] Writing "330. foo bar"
22:42:28.643 [XNIO-10 I/O-2] DEBUG o.s.c.c.CharSequenceEncoder - [a0e9810] Writing "331. foo bar"
22:42:28.643 [XNIO-10 I/O-2] DEBUG o.s.c.c.CharSequenceEncoder - [a0e9810] Writing "332. foo bar"
22:42:28.643 [XNIO-10 I/O-2] DEBUG o.s.c.c.CharSequenceEncoder - [a0e9810] Writing "333. foo bar"
22:42:28.643 [XNIO-10 I/O-2] DEBUG o.s.c.c.CharSequenceEncoder - [a0e9810] Writing "334. foo bar"
22:42:28.643 [XNIO-10 I/O-2] DEBUG o.s.c.c.CharSequenceEncoder - [a0e9810] Writing "335. foo bar"
22:42:28.643 [XNIO-10 I/O-2] DEBUG o.s.c.c.CharSequenceEncoder - [a0e9810] Writing "336. foo bar"
22:42:28.643 [XNIO-10 I/O-2] DEBUG o.s.c.c.CharSequenceEncoder - [a0e9810] Writing "337. foo bar"
22:42:28.643 [XNIO-10 I/O-2] DEBUG o.s.c.c.CharSequenceEncoder - [a0e9810] Writing "338. foo bar"
22:42:28.643 [XNIO-10 I/O-2] DEBUG o.s.c.c.CharSequenceEncoder - [a0e9810] Writing "339. foo bar"
22:42:28.643 [XNIO-10 I/O-2] DEBUG o.s.c.c.CharSequenceEncoder - [a0e9810] Writing "340. foo bar"
22:42:28.643 [XNIO-10 I/O-2] DEBUG o.s.c.c.CharSequenceEncoder - [a0e9810] Writing "341. foo bar"
22:42:28.643 [XNIO-10 I/O-2] DEBUG o.s.c.c.CharSequenceEncoder - [a0e9810] Writing "342. foo bar"
22:42:28.643 [XNIO-10 I/O-2] DEBUG o.s.c.c.CharSequenceEncoder - [a0e9810] Writing "343. foo bar"
22:42:28.643 [XNIO-10 I/O-2] DEBUG o.s.c.c.CharSequenceEncoder - [a0e9810] Writing "344. foo bar"
22:42:28.643 [XNIO-10 I/O-2] DEBUG o.s.c.c.CharSequenceEncoder - [a0e9810] Writing "345. foo bar"
22:42:28.643 [XNIO-10 I/O-2] DEBUG o.s.c.c.CharSequenceEncoder - [a0e9810] Writing "346. foo bar"
22:42:28.643 [XNIO-10 I/O-2] DEBUG o.s.c.c.CharSequenceEncoder - [a0e9810] Writing "347. foo bar"
22:42:28.644 [XNIO-10 I/O-2] DEBUG o.s.c.c.CharSequenceEncoder - [a0e9810] Writing "348. foo bar"
22:42:28.644 [XNIO-10 I/O-2] DEBUG o.s.c.c.CharSequenceEncoder - [a0e9810] Writing "349. foo bar"
22:42:28.644 [XNIO-10 I/O-2] DEBUG o.s.c.c.CharSequenceEncoder - [a0e9810] Writing "350. foo bar"
22:42:28.644 [XNIO-10 I/O-2] DEBUG o.s.c.c.CharSequenceEncoder - [a0e9810] Writing "351. foo bar"
22:42:28.644 [XNIO-10 I/O-2] DEBUG o.s.c.c.CharSequenceEncoder - [a0e9810] Writing "352. foo bar"
22:42:28.644 [XNIO-10 I/O-2] DEBUG o.s.c.c.CharSequenceEncoder - [a0e9810] Writing "353. foo bar"
22:42:28.644 [XNIO-10 I/O-2] DEBUG o.s.c.c.CharSequenceEncoder - [a0e9810] Writing "354. foo bar"
22:42:28.644 [XNIO-10 I/O-2] DEBUG o.s.c.c.CharSequenceEncoder - [a0e9810] Writing "355. foo bar"
22:42:28.644 [XNIO-10 I/O-2] DEBUG o.s.c.c.CharSequenceEncoder - [a0e9810] Writing "356. foo bar"
22:42:28.644 [XNIO-10 I/O-2] DEBUG o.s.c.c.CharSequenceEncoder - [a0e9810] Writing "357. foo bar"
22:42:28.644 [XNIO-10 I/O-2] DEBUG o.s.c.c.CharSequenceEncoder - [a0e9810] Writing "358. foo bar"
22:42:28.644 [XNIO-10 I/O-2] DEBUG o.s.c.c.CharSequenceEncoder - [a0e9810] Writing "359. foo bar"
22:42:28.644 [XNIO-10 I/O-2] DEBUG o.s.c.c.CharSequenceEncoder - [a0e9810] Writing "360. foo bar"
22:42:28.644 [XNIO-10 I/O-2] DEBUG o.s.c.c.CharSequenceEncoder - [a0e9810] Writing "361. foo bar"
22:42:28.644 [XNIO-10 I/O-2] DEBUG o.s.c.c.CharSequenceEncoder - [a0e9810] Writing "362. foo bar"
22:42:28.644 [XNIO-10 I/O-2] DEBUG o.s.c.c.CharSequenceEncoder - [a0e9810] Writing "363. foo bar"
22:42:28.644 [XNIO-10 I/O-2] DEBUG o.s.c.c.CharSequenceEncoder - [a0e9810] Writing "364. foo bar"
22:42:28.644 [XNIO-10 I/O-2] DEBUG o.s.c.c.CharSequenceEncoder - [a0e9810] Writing "365. foo bar"
22:42:28.644 [XNIO-10 I/O-2] DEBUG o.s.c.c.CharSequenceEncoder - [a0e9810] Writing "366. foo bar"
22:42:28.644 [XNIO-10 I/O-2] DEBUG o.s.c.c.CharSequenceEncoder - [a0e9810] Writing "367. foo bar"
22:42:28.644 [XNIO-10 I/O-2] DEBUG o.s.c.c.CharSequenceEncoder - [a0e9810] Writing "368. foo bar"
22:42:28.644 [XNIO-10 I/O-2] DEBUG o.s.c.c.CharSequenceEncoder - [a0e9810] Writing "369. foo bar"
22:42:28.644 [XNIO-10 I/O-2] DEBUG o.s.c.c.CharSequenceEncoder - [a0e9810] Writing "370. foo bar"
22:42:28.644 [XNIO-10 I/O-2] DEBUG o.s.c.c.CharSequenceEncoder - [a0e9810] Writing "371. foo bar"
22:42:28.644 [XNIO-10 I/O-2] DEBUG o.s.c.c.CharSequenceEncoder - [a0e9810] Writing "372. foo bar"
22:42:28.644 [XNIO-10 I/O-2] DEBUG o.s.c.c.CharSequenceEncoder - [a0e9810] Writing "373. foo bar"
22:42:28.644 [XNIO-10 I/O-2] DEBUG o.s.c.c.CharSequenceEncoder - [a0e9810] Writing "374. foo bar"
22:42:28.644 [XNIO-10 I/O-2] DEBUG o.s.c.c.CharSequenceEncoder - [a0e9810] Writing "375. foo bar"
22:42:28.645 [XNIO-10 I/O-2] DEBUG o.s.c.c.CharSequenceEncoder - [a0e9810] Writing "376. foo bar"
22:42:28.645 [XNIO-10 I/O-2] DEBUG o.s.c.c.CharSequenceEncoder - [a0e9810] Writing "377. foo bar"
22:42:28.645 [XNIO-10 I/O-2] DEBUG o.s.c.c.CharSequenceEncoder - [a0e9810] Writing "378. foo bar"
22:42:28.645 [XNIO-10 I/O-2] DEBUG o.s.c.c.CharSequenceEncoder - [a0e9810] Writing "379. foo bar"
22:42:28.645 [XNIO-10 I/O-2] DEBUG o.s.c.c.CharSequenceEncoder - [a0e9810] Writing "380. foo bar"
22:42:28.645 [XNIO-10 I/O-2] DEBUG o.s.c.c.CharSequenceEncoder - [a0e9810] Writing "381. foo bar"
22:42:28.645 [XNIO-10 I/O-2] DEBUG o.s.c.c.CharSequenceEncoder - [a0e9810] Writing "382. foo bar"
22:42:28.645 [XNIO-10 I/O-2] DEBUG o.s.c.c.CharSequenceEncoder - [a0e9810] Writing "383. foo bar"
22:42:28.645 [XNIO-10 I/O-2] DEBUG o.s.c.c.CharSequenceEncoder - [a0e9810] Writing "384. foo bar"
22:42:28.645 [XNIO-10 I/O-2] DEBUG o.s.c.c.CharSequenceEncoder - [a0e9810] Writing "385. foo bar"
22:42:28.645 [XNIO-10 I/O-2] DEBUG o.s.c.c.CharSequenceEncoder - [a0e9810] Writing "386. foo bar"
22:42:28.645 [XNIO-10 I/O-2] DEBUG o.s.c.c.CharSequenceEncoder - [a0e9810] Writing "387. foo bar"
22:42:28.645 [XNIO-10 I/O-2] DEBUG o.s.c.c.CharSequenceEncoder - [a0e9810] Writing "388. foo bar"
22:42:28.645 [XNIO-10 I/O-2] DEBUG o.s.c.c.CharSequenceEncoder - [a0e9810] Writing "389. foo bar"
22:42:28.645 [XNIO-10 I/O-2] DEBUG o.s.c.c.CharSequenceEncoder - [a0e9810] Writing "390. foo bar"
22:42:28.645 [XNIO-10 I/O-2] DEBUG o.s.c.c.CharSequenceEncoder - [a0e9810] Writing "391. foo bar"
22:42:28.645 [XNIO-10 I/O-2] DEBUG o.s.c.c.CharSequenceEncoder - [a0e9810] Writing "392. foo bar"
22:42:28.646 [XNIO-10 I/O-2] DEBUG o.s.c.c.CharSequenceEncoder - [a0e9810] Writing "393. foo bar"
22:42:28.646 [XNIO-10 I/O-2] DEBUG o.s.c.c.CharSequenceEncoder - [a0e9810] Writing "394. foo bar"
22:42:28.646 [XNIO-10 I/O-2] DEBUG o.s.c.c.CharSequenceEncoder - [a0e9810] Writing "395. foo bar"
22:42:28.646 [XNIO-10 I/O-2] DEBUG o.s.c.c.CharSequenceEncoder - [a0e9810] Writing "396. foo bar"
22:42:28.646 [XNIO-10 I/O-2] DEBUG o.s.c.c.CharSequenceEncoder - [a0e9810] Writing "397. foo bar"
22:42:28.646 [XNIO-10 I/O-2] DEBUG o.s.c.c.CharSequenceEncoder - [a0e9810] Writing "398. foo bar"
22:42:28.646 [XNIO-10 I/O-2] DEBUG o.s.c.c.CharSequenceEncoder - [a0e9810] Writing "399. foo bar"
22:42:28.646 [XNIO-10 I/O-2] DEBUG o.s.c.c.CharSequenceEncoder - [a0e9810] Writing "400. foo bar"
22:42:28.646 [XNIO-10 I/O-2] DEBUG o.s.c.c.CharSequenceEncoder - [a0e9810] Writing "401. foo bar"
22:42:28.646 [XNIO-10 I/O-2] DEBUG o.s.c.c.CharSequenceEncoder - [a0e9810] Writing "402. foo bar"
22:42:28.646 [XNIO-10 I/O-2] DEBUG o.s.c.c.CharSequenceEncoder - [a0e9810] Writing "403. foo bar"
22:42:28.646 [XNIO-10 I/O-2] DEBUG o.s.c.c.CharSequenceEncoder - [a0e9810] Writing "404. foo bar"
22:42:28.646 [XNIO-10 I/O-2] DEBUG o.s.c.c.CharSequenceEncoder - [a0e9810] Writing "405. foo bar"
22:42:28.646 [XNIO-10 I/O-2] DEBUG o.s.c.c.CharSequenceEncoder - [a0e9810] Writing "406. foo bar"
22:42:28.646 [XNIO-10 I/O-2] DEBUG o.s.c.c.CharSequenceEncoder - [a0e9810] Writing "407. foo bar"
22:42:28.646 [XNIO-10 I/O-2] DEBUG o.s.c.c.CharSequenceEncoder - [a0e9810] Writing "408. foo bar"
22:42:28.646 [XNIO-10 I/O-2] DEBUG o.s.c.c.CharSequenceEncoder - [a0e9810] Writing "409. foo bar"
22:42:28.646 [XNIO-10 I/O-2] DEBUG o.s.c.c.CharSequenceEncoder - [a0e9810] Writing "410. foo bar"
22:42:28.646 [XNIO-10 I/O-2] DEBUG o.s.c.c.CharSequenceEncoder - [a0e9810] Writing "411. foo bar"
22:42:28.646 [XNIO-10 I/O-2] DEBUG o.s.c.c.CharSequenceEncoder - [a0e9810] Writing "412. foo bar"
22:42:28.646 [XNIO-10 I/O-2] DEBUG o.s.c.c.CharSequenceEncoder - [a0e9810] Writing "413. foo bar"
22:42:28.646 [XNIO-10 I/O-2] DEBUG o.s.c.c.CharSequenceEncoder - [a0e9810] Writing "414. foo bar"
22:42:28.646 [XNIO-10 I/O-2] DEBUG o.s.c.c.CharSequenceEncoder - [a0e9810] Writing "415. foo bar"
22:42:28.646 [XNIO-10 I/O-2] DEBUG o.s.c.c.CharSequenceEncoder - [a0e9810] Writing "416. foo bar"
22:42:28.646 [XNIO-10 I/O-2] DEBUG o.s.c.c.CharSequenceEncoder - [a0e9810] Writing "417. foo bar"
22:42:28.646 [XNIO-10 I/O-2] DEBUG o.s.c.c.CharSequenceEncoder - [a0e9810] Writing "418. foo bar"
22:42:28.647 [XNIO-10 I/O-2] DEBUG o.s.c.c.CharSequenceEncoder - [a0e9810] Writing "419. foo bar"
22:42:28.647 [XNIO-10 I/O-2] DEBUG o.s.c.c.CharSequenceEncoder - [a0e9810] Writing "420. foo bar"
22:42:28.647 [XNIO-10 I/O-2] DEBUG o.s.c.c.CharSequenceEncoder - [a0e9810] Writing "421. foo bar"
22:42:28.647 [XNIO-10 I/O-2] DEBUG o.s.c.c.CharSequenceEncoder - [a0e9810] Writing "422. foo bar"
22:42:28.647 [XNIO-10 I/O-2] DEBUG o.s.c.c.CharSequenceEncoder - [a0e9810] Writing "423. foo bar"
22:42:28.647 [XNIO-10 I/O-2] DEBUG o.s.c.c.CharSequenceEncoder - [a0e9810] Writing "424. foo bar"
22:42:28.647 [XNIO-10 I/O-2] DEBUG o.s.c.c.CharSequenceEncoder - [a0e9810] Writing "425. foo bar"
22:42:28.647 [XNIO-10 I/O-2] DEBUG o.s.c.c.CharSequenceEncoder - [a0e9810] Writing "426. foo bar"
22:42:28.647 [XNIO-10 I/O-2] DEBUG o.s.c.c.CharSequenceEncoder - [a0e9810] Writing "427. foo bar"
22:42:28.647 [XNIO-10 I/O-2] DEBUG o.s.c.c.CharSequenceEncoder - [a0e9810] Writing "428. foo bar"
22:42:28.647 [XNIO-10 I/O-2] DEBUG o.s.c.c.CharSequenceEncoder - [a0e9810] Writing "429. foo bar"
22:42:28.647 [XNIO-10 I/O-2] DEBUG o.s.c.c.CharSequenceEncoder - [a0e9810] Writing "430. foo bar"
22:42:28.647 [XNIO-10 I/O-2] DEBUG o.s.c.c.CharSequenceEncoder - [a0e9810] Writing "431. foo bar"
22:42:28.647 [XNIO-10 I/O-2] DEBUG o.s.c.c.CharSequenceEncoder - [a0e9810] Writing "432. foo bar"
22:42:28.647 [XNIO-10 I/O-2] DEBUG o.s.c.c.CharSequenceEncoder - [a0e9810] Writing "433. foo bar"
22:42:28.647 [XNIO-10 I/O-2] DEBUG o.s.c.c.CharSequenceEncoder - [a0e9810] Writing "434. foo bar"
22:42:28.647 [XNIO-10 I/O-2] DEBUG o.s.c.c.CharSequenceEncoder - [a0e9810] Writing "435. foo bar"
22:42:28.647 [XNIO-10 I/O-2] DEBUG o.s.c.c.CharSequenceEncoder - [a0e9810] Writing "436. foo bar"
22:42:28.647 [XNIO-10 I/O-2] DEBUG o.s.c.c.CharSequenceEncoder - [a0e9810] Writing "437. foo bar"
22:42:28.647 [XNIO-10 I/O-2] DEBUG o.s.c.c.CharSequenceEncoder - [a0e9810] Writing "438. foo bar"
22:42:28.647 [XNIO-10 I/O-2] DEBUG o.s.c.c.CharSequenceEncoder - [a0e9810] Writing "439. foo bar"
22:42:28.647 [XNIO-10 I/O-2] DEBUG o.s.c.c.CharSequenceEncoder - [a0e9810] Writing "440. foo bar"
22:42:28.647 [XNIO-10 I/O-2] DEBUG o.s.c.c.CharSequenceEncoder - [a0e9810] Writing "441. foo bar"
22:42:28.647 [XNIO-10 I/O-2] DEBUG o.s.c.c.CharSequenceEncoder - [a0e9810] Writing "442. foo bar"
22:42:28.647 [XNIO-10 I/O-2] DEBUG o.s.c.c.CharSequenceEncoder - [a0e9810] Writing "443. foo bar"
22:42:28.647 [XNIO-10 I/O-2] DEBUG o.s.c.c.CharSequenceEncoder - [a0e9810] Writing "444. foo bar"
22:42:28.647 [XNIO-10 I/O-2] DEBUG o.s.c.c.CharSequenceEncoder - [a0e9810] Writing "445. foo bar"
22:42:28.647 [XNIO-10 I/O-2] DEBUG o.s.c.c.CharSequenceEncoder - [a0e9810] Writing "446. foo bar"
22:42:28.647 [XNIO-10 I/O-2] DEBUG o.s.c.c.CharSequenceEncoder - [a0e9810] Writing "447. foo bar"
22:42:28.647 [XNIO-10 I/O-2] DEBUG o.s.c.c.CharSequenceEncoder - [a0e9810] Writing "448. foo bar"
22:42:28.648 [XNIO-10 I/O-2] DEBUG o.s.c.c.CharSequenceEncoder - [a0e9810] Writing "449. foo bar"
22:42:28.648 [XNIO-10 I/O-2] DEBUG o.s.c.c.CharSequenceEncoder - [a0e9810] Writing "450. foo bar"
22:42:28.648 [XNIO-10 I/O-2] DEBUG o.s.c.c.CharSequenceEncoder - [a0e9810] Writing "451. foo bar"
22:42:28.648 [XNIO-10 I/O-2] DEBUG o.s.c.c.CharSequenceEncoder - [a0e9810] Writing "452. foo bar"
22:42:28.648 [XNIO-10 I/O-2] DEBUG o.s.c.c.CharSequenceEncoder - [a0e9810] Writing "453. foo bar"
22:42:28.648 [XNIO-10 I/O-2] DEBUG o.s.c.c.CharSequenceEncoder - [a0e9810] Writing "454. foo bar"
22:42:28.648 [XNIO-10 I/O-2] DEBUG o.s.c.c.CharSequenceEncoder - [a0e9810] Writing "455. foo bar"
22:42:28.648 [XNIO-10 I/O-2] DEBUG o.s.c.c.CharSequenceEncoder - [a0e9810] Writing "456. foo bar"
22:42:28.648 [XNIO-10 I/O-2] DEBUG o.s.c.c.CharSequenceEncoder - [a0e9810] Writing "457. foo bar"
22:42:28.648 [XNIO-10 I/O-2] DEBUG o.s.c.c.CharSequenceEncoder - [a0e9810] Writing "458. foo bar"
22:42:28.648 [XNIO-10 I/O-2] DEBUG o.s.c.c.CharSequenceEncoder - [a0e9810] Writing "459. foo bar"
22:42:28.648 [XNIO-10 I/O-2] DEBUG o.s.c.c.CharSequenceEncoder - [a0e9810] Writing "460. foo bar"
22:42:28.648 [XNIO-10 I/O-2] DEBUG o.s.c.c.CharSequenceEncoder - [a0e9810] Writing "461. foo bar"
22:42:28.648 [XNIO-10 I/O-2] DEBUG o.s.c.c.CharSequenceEncoder - [a0e9810] Writing "462. foo bar"
22:42:28.648 [XNIO-10 I/O-2] DEBUG o.s.c.c.CharSequenceEncoder - [a0e9810] Writing "463. foo bar"
22:42:28.648 [XNIO-10 I/O-2] DEBUG o.s.c.c.CharSequenceEncoder - [a0e9810] Writing "464. foo bar"
22:42:28.648 [XNIO-10 I/O-2] DEBUG o.s.c.c.CharSequenceEncoder - [a0e9810] Writing "465. foo bar"
22:42:28.648 [XNIO-10 I/O-2] DEBUG o.s.c.c.CharSequenceEncoder - [a0e9810] Writing "466. foo bar"
22:42:28.648 [XNIO-10 I/O-2] DEBUG o.s.c.c.CharSequenceEncoder - [a0e9810] Writing "467. foo bar"
22:42:28.648 [XNIO-10 I/O-2] DEBUG o.s.c.c.CharSequenceEncoder - [a0e9810] Writing "468. foo bar"
22:42:28.648 [XNIO-10 I/O-2] DEBUG o.s.c.c.CharSequenceEncoder - [a0e9810] Writing "469. foo bar"
22:42:28.648 [XNIO-10 I/O-2] DEBUG o.s.c.c.CharSequenceEncoder - [a0e9810] Writing "470. foo bar"
22:42:28.648 [XNIO-10 I/O-2] DEBUG o.s.c.c.CharSequenceEncoder - [a0e9810] Writing "471. foo bar"
22:42:28.648 [XNIO-10 I/O-2] DEBUG o.s.c.c.CharSequenceEncoder - [a0e9810] Writing "472. foo bar"
22:42:28.648 [XNIO-10 I/O-2] DEBUG o.s.c.c.CharSequenceEncoder - [a0e9810] Writing "473. foo bar"
22:42:28.648 [XNIO-10 I/O-2] DEBUG o.s.c.c.CharSequenceEncoder - [a0e9810] Writing "474. foo bar"
22:42:28.648 [XNIO-10 I/O-2] DEBUG o.s.c.c.CharSequenceEncoder - [a0e9810] Writing "475. foo bar"
22:42:28.648 [XNIO-10 I/O-2] DEBUG o.s.c.c.CharSequenceEncoder - [a0e9810] Writing "476. foo bar"
22:42:28.648 [XNIO-10 I/O-2] DEBUG o.s.c.c.CharSequenceEncoder - [a0e9810] Writing "477. foo bar"
22:42:28.648 [XNIO-10 I/O-2] DEBUG o.s.c.c.CharSequenceEncoder - [a0e9810] Writing "478. foo bar"
22:42:28.648 [XNIO-10 I/O-2] DEBUG o.s.c.c.CharSequenceEncoder - [a0e9810] Writing "479. foo bar"
22:42:28.648 [XNIO-10 I/O-2] DEBUG o.s.c.c.CharSequenceEncoder - [a0e9810] Writing "480. foo bar"
22:42:28.648 [XNIO-10 I/O-2] DEBUG o.s.c.c.CharSequenceEncoder - [a0e9810] Writing "481. foo bar"
22:42:28.648 [XNIO-10 I/O-2] DEBUG o.s.c.c.CharSequenceEncoder - [a0e9810] Writing "482. foo bar"
22:42:28.649 [XNIO-10 I/O-2] DEBUG o.s.c.c.CharSequenceEncoder - [a0e9810] Writing "483. foo bar"
22:42:28.649 [XNIO-10 I/O-2] DEBUG o.s.c.c.CharSequenceEncoder - [a0e9810] Writing "484. foo bar"
22:42:28.649 [XNIO-10 I/O-2] DEBUG o.s.c.c.CharSequenceEncoder - [a0e9810] Writing "485. foo bar"
22:42:28.649 [XNIO-10 I/O-2] DEBUG o.s.c.c.CharSequenceEncoder - [a0e9810] Writing "486. foo bar"
22:42:28.649 [XNIO-10 I/O-2] DEBUG o.s.c.c.CharSequenceEncoder - [a0e9810] Writing "487. foo bar"
22:42:28.649 [XNIO-10 I/O-2] DEBUG o.s.c.c.CharSequenceEncoder - [a0e9810] Writing "488. foo bar"
22:42:28.649 [XNIO-10 I/O-2] DEBUG o.s.c.c.CharSequenceEncoder - [a0e9810] Writing "489. foo bar"
22:42:28.649 [XNIO-10 I/O-2] DEBUG o.s.c.c.CharSequenceEncoder - [a0e9810] Writing "490. foo bar"
22:42:28.649 [XNIO-10 I/O-2] DEBUG o.s.c.c.CharSequenceEncoder - [a0e9810] Writing "491. foo bar"
22:42:28.649 [XNIO-10 I/O-2] DEBUG o.s.c.c.CharSequenceEncoder - [a0e9810] Writing "492. foo bar"
22:42:28.649 [XNIO-10 I/O-2] DEBUG o.s.c.c.CharSequenceEncoder - [a0e9810] Writing "493. foo bar"
22:42:28.649 [XNIO-10 I/O-2] DEBUG o.s.c.c.CharSequenceEncoder - [a0e9810] Writing "494. foo bar"
22:42:28.649 [XNIO-10 I/O-2] DEBUG o.s.c.c.CharSequenceEncoder - [a0e9810] Writing "495. foo bar"
22:42:28.649 [XNIO-10 I/O-2] DEBUG o.s.c.c.CharSequenceEncoder - [a0e9810] Writing "496. foo bar"
22:42:28.649 [XNIO-10 I/O-2] DEBUG o.s.c.c.CharSequenceEncoder - [a0e9810] Writing "497. foo bar"
22:42:28.649 [XNIO-10 I/O-2] DEBUG o.s.c.c.CharSequenceEncoder - [a0e9810] Writing "498. foo bar"
22:42:28.649 [XNIO-10 I/O-2] DEBUG o.s.c.c.CharSequenceEncoder - [a0e9810] Writing "499. foo bar"
22:42:28.649 [XNIO-10 I/O-2] DEBUG o.s.c.c.CharSequenceEncoder - [a0e9810] Writing "500. foo bar"
22:42:28.649 [XNIO-10 I/O-2] DEBUG o.s.c.c.CharSequenceEncoder - [a0e9810] Writing "501. foo bar"
22:42:28.649 [XNIO-10 I/O-2] DEBUG o.s.c.c.CharSequenceEncoder - [a0e9810] Writing "502. foo bar"
22:42:28.649 [XNIO-10 I/O-2] DEBUG o.s.c.c.CharSequenceEncoder - [a0e9810] Writing "503. foo bar"
22:42:28.649 [XNIO-10 I/O-2] DEBUG o.s.c.c.CharSequenceEncoder - [a0e9810] Writing "504. foo bar"
22:42:28.649 [XNIO-10 I/O-2] DEBUG o.s.c.c.CharSequenceEncoder - [a0e9810] Writing "505. foo bar"
22:42:28.649 [XNIO-10 I/O-2] DEBUG o.s.c.c.CharSequenceEncoder - [a0e9810] Writing "506. foo bar"
22:42:28.649 [XNIO-10 I/O-2] DEBUG o.s.c.c.CharSequenceEncoder - [a0e9810] Writing "507. foo bar"
22:42:28.649 [XNIO-10 I/O-2] DEBUG o.s.c.c.CharSequenceEncoder - [a0e9810] Writing "508. foo bar"
22:42:28.649 [XNIO-10 I/O-2] DEBUG o.s.c.c.CharSequenceEncoder - [a0e9810] Writing "509. foo bar"
22:42:28.649 [XNIO-10 I/O-2] DEBUG o.s.c.c.CharSequenceEncoder - [a0e9810] Writing "510. foo bar"
22:42:28.649 [XNIO-10 I/O-2] DEBUG o.s.c.c.CharSequenceEncoder - [a0e9810] Writing "511. foo bar"
22:42:28.649 [XNIO-10 I/O-2] DEBUG o.s.c.c.CharSequenceEncoder - [a0e9810] Writing "512. foo bar"
22:42:28.649 [XNIO-10 I/O-2] DEBUG o.s.c.c.CharSequenceEncoder - [a0e9810] Writing "513. foo bar"
22:42:28.650 [XNIO-10 I/O-2] DEBUG o.s.c.c.CharSequenceEncoder - [a0e9810] Writing "514. foo bar"
22:42:28.650 [XNIO-10 I/O-2] DEBUG o.s.c.c.CharSequenceEncoder - [a0e9810] Writing "515. foo bar"
22:42:28.650 [XNIO-10 I/O-2] DEBUG o.s.c.c.CharSequenceEncoder - [a0e9810] Writing "516. foo bar"
22:42:28.650 [XNIO-10 I/O-2] DEBUG o.s.c.c.CharSequenceEncoder - [a0e9810] Writing "517. foo bar"
22:42:28.650 [XNIO-10 I/O-2] DEBUG o.s.c.c.CharSequenceEncoder - [a0e9810] Writing "518. foo bar"
22:42:28.650 [XNIO-10 I/O-2] DEBUG o.s.c.c.CharSequenceEncoder - [a0e9810] Writing "519. foo bar"
22:42:28.650 [XNIO-10 I/O-2] DEBUG o.s.c.c.CharSequenceEncoder - [a0e9810] Writing "520. foo bar"
22:42:28.650 [XNIO-10 I/O-2] DEBUG o.s.c.c.CharSequenceEncoder - [a0e9810] Writing "521. foo bar"
22:42:28.650 [XNIO-10 I/O-2] DEBUG o.s.c.c.CharSequenceEncoder - [a0e9810] Writing "522. foo bar"
22:42:28.650 [XNIO-10 I/O-2] DEBUG o.s.c.c.CharSequenceEncoder - [a0e9810] Writing "523. foo bar"
22:42:28.650 [XNIO-10 I/O-2] DEBUG o.s.c.c.CharSequenceEncoder - [a0e9810] Writing "524. foo bar"
22:42:28.650 [XNIO-10 I/O-2] DEBUG o.s.c.c.CharSequenceEncoder - [a0e9810] Writing "525. foo bar"
22:42:28.650 [XNIO-10 I/O-2] DEBUG o.s.c.c.CharSequenceEncoder - [a0e9810] Writing "526. foo bar"
22:42:28.650 [XNIO-10 I/O-2] DEBUG o.s.c.c.CharSequenceEncoder - [a0e9810] Writing "527. foo bar"
22:42:28.650 [XNIO-10 I/O-2] DEBUG o.s.c.c.CharSequenceEncoder - [a0e9810] Writing "528. foo bar"
22:42:28.650 [XNIO-10 I/O-2] DEBUG o.s.c.c.CharSequenceEncoder - [a0e9810] Writing "529. foo bar"
22:42:28.650 [XNIO-10 I/O-2] DEBUG o.s.c.c.CharSequenceEncoder - [a0e9810] Writing "530. foo bar"
22:42:28.650 [XNIO-10 I/O-2] DEBUG o.s.c.c.CharSequenceEncoder - [a0e9810] Writing "531. foo bar"
22:42:28.650 [XNIO-10 I/O-2] DEBUG o.s.c.c.CharSequenceEncoder - [a0e9810] Writing "532. foo bar"
22:42:28.650 [XNIO-10 I/O-2] DEBUG o.s.c.c.CharSequenceEncoder - [a0e9810] Writing "533. foo bar"
22:42:28.650 [XNIO-10 I/O-2] DEBUG o.s.c.c.CharSequenceEncoder - [a0e9810] Writing "534. foo bar"
22:42:28.650 [XNIO-10 I/O-2] DEBUG o.s.c.c.CharSequenceEncoder - [a0e9810] Writing "535. foo bar"
22:42:28.650 [XNIO-10 I/O-2] DEBUG o.s.c.c.CharSequenceEncoder - [a0e9810] Writing "536. foo bar"
22:42:28.650 [XNIO-10 I/O-2] DEBUG o.s.c.c.CharSequenceEncoder - [a0e9810] Writing "537. foo bar"
22:42:28.650 [XNIO-10 I/O-2] DEBUG o.s.c.c.CharSequenceEncoder - [a0e9810] Writing "538. foo bar"
22:42:28.650 [XNIO-10 I/O-2] DEBUG o.s.c.c.CharSequenceEncoder - [a0e9810] Writing "539. foo bar"
22:42:28.650 [XNIO-10 I/O-2] DEBUG o.s.c.c.CharSequenceEncoder - [a0e9810] Writing "540. foo bar"
22:42:28.650 [XNIO-10 I/O-2] DEBUG o.s.c.c.CharSequenceEncoder - [a0e9810] Writing "541. foo bar"
22:42:28.650 [XNIO-10 I/O-2] DEBUG o.s.c.c.CharSequenceEncoder - [a0e9810] Writing "542. foo bar"
22:42:28.650 [XNIO-10 I/O-2] DEBUG o.s.c.c.CharSequenceEncoder - [a0e9810] Writing "543. foo bar"
22:42:28.650 [XNIO-10 I/O-2] DEBUG o.s.c.c.CharSequenceEncoder - [a0e9810] Writing "544. foo bar"
22:42:28.650 [XNIO-10 I/O-2] DEBUG o.s.c.c.CharSequenceEncoder - [a0e9810] Writing "545. foo bar"
22:42:28.650 [XNIO-10 I/O-2] DEBUG o.s.c.c.CharSequenceEncoder - [a0e9810] Writing "546. foo bar"
22:42:28.650 [XNIO-10 I/O-2] DEBUG o.s.c.c.CharSequenceEncoder - [a0e9810] Writing "547. foo bar"
22:42:28.651 [XNIO-10 I/O-2] DEBUG o.s.c.c.CharSequenceEncoder - [a0e9810] Writing "548. foo bar"
22:42:28.651 [XNIO-10 I/O-2] DEBUG o.s.c.c.CharSequenceEncoder - [a0e9810] Writing "549. foo bar"
22:42:28.651 [XNIO-10 I/O-2] DEBUG o.s.c.c.CharSequenceEncoder - [a0e9810] Writing "550. foo bar"
22:42:28.651 [XNIO-10 I/O-2] DEBUG o.s.c.c.CharSequenceEncoder - [a0e9810] Writing "551. foo bar"
22:42:28.651 [XNIO-10 I/O-2] DEBUG o.s.c.c.CharSequenceEncoder - [a0e9810] Writing "552. foo bar"
22:42:28.651 [XNIO-10 I/O-2] DEBUG o.s.c.c.CharSequenceEncoder - [a0e9810] Writing "553. foo bar"
22:42:28.651 [XNIO-10 I/O-2] DEBUG o.s.c.c.CharSequenceEncoder - [a0e9810] Writing "554. foo bar"
22:42:28.651 [XNIO-10 I/O-2] DEBUG o.s.c.c.CharSequenceEncoder - [a0e9810] Writing "555. foo bar"
22:42:28.651 [XNIO-10 I/O-2] DEBUG o.s.c.c.CharSequenceEncoder - [a0e9810] Writing "556. foo bar"
22:42:28.651 [XNIO-10 I/O-2] DEBUG o.s.c.c.CharSequenceEncoder - [a0e9810] Writing "557. foo bar"
22:42:28.651 [XNIO-10 I/O-2] DEBUG o.s.c.c.CharSequenceEncoder - [a0e9810] Writing "558. foo bar"
22:42:28.651 [XNIO-10 I/O-2] DEBUG o.s.c.c.CharSequenceEncoder - [a0e9810] Writing "559. foo bar"
22:42:28.651 [XNIO-10 I/O-2] DEBUG o.s.c.c.CharSequenceEncoder - [a0e9810] Writing "560. foo bar"
22:42:28.651 [XNIO-10 I/O-2] DEBUG o.s.c.c.CharSequenceEncoder - [a0e9810] Writing "561. foo bar"
22:42:28.651 [XNIO-10 I/O-2] DEBUG o.s.c.c.CharSequenceEncoder - [a0e9810] Writing "562. foo bar"
22:42:28.651 [XNIO-10 I/O-2] DEBUG o.s.c.c.CharSequenceEncoder - [a0e9810] Writing "563. foo bar"
22:42:28.651 [XNIO-10 I/O-2] DEBUG o.s.c.c.CharSequenceEncoder - [a0e9810] Writing "564. foo bar"
22:42:28.651 [XNIO-10 I/O-2] DEBUG o.s.c.c.CharSequenceEncoder - [a0e9810] Writing "565. foo bar"
22:42:28.651 [XNIO-10 I/O-2] DEBUG o.s.c.c.CharSequenceEncoder - [a0e9810] Writing "566. foo bar"
22:42:28.651 [XNIO-10 I/O-2] DEBUG o.s.c.c.CharSequenceEncoder - [a0e9810] Writing "567. foo bar"
22:42:28.651 [XNIO-10 I/O-2] DEBUG o.s.c.c.CharSequenceEncoder - [a0e9810] Writing "568. foo bar"
22:42:28.651 [XNIO-10 I/O-2] DEBUG o.s.c.c.CharSequenceEncoder - [a0e9810] Writing "569. foo bar"
22:42:28.651 [XNIO-10 I/O-2] DEBUG o.s.c.c.CharSequenceEncoder - [a0e9810] Writing "570. foo bar"
22:42:28.651 [XNIO-10 I/O-2] DEBUG o.s.c.c.CharSequenceEncoder - [a0e9810] Writing "571. foo bar"
22:42:28.651 [XNIO-10 I/O-2] DEBUG o.s.c.c.CharSequenceEncoder - [a0e9810] Writing "572. foo bar"
22:42:28.651 [XNIO-10 I/O-2] DEBUG o.s.c.c.CharSequenceEncoder - [a0e9810] Writing "573. foo bar"
22:42:28.651 [XNIO-10 I/O-2] DEBUG o.s.c.c.CharSequenceEncoder - [a0e9810] Writing "574. foo bar"
22:42:28.651 [XNIO-10 I/O-2] DEBUG o.s.c.c.CharSequenceEncoder - [a0e9810] Writing "575. foo bar"
22:42:28.651 [XNIO-10 I/O-2] DEBUG o.s.c.c.CharSequenceEncoder - [a0e9810] Writing "576. foo bar"
22:42:28.651 [XNIO-10 I/O-2] DEBUG o.s.c.c.CharSequenceEncoder - [a0e9810] Writing "577. foo bar"
22:42:28.651 [XNIO-10 I/O-2] DEBUG o.s.c.c.CharSequenceEncoder - [a0e9810] Writing "578. foo bar"
22:42:28.652 [XNIO-10 I/O-2] DEBUG o.s.c.c.CharSequenceEncoder - [a0e9810] Writing "579. foo bar"
22:42:28.652 [XNIO-10 I/O-2] DEBUG o.s.c.c.CharSequenceEncoder - [a0e9810] Writing "580. foo bar"
22:42:28.652 [XNIO-10 I/O-2] DEBUG o.s.c.c.CharSequenceEncoder - [a0e9810] Writing "581. foo bar"
22:42:28.652 [XNIO-10 I/O-2] DEBUG o.s.c.c.CharSequenceEncoder - [a0e9810] Writing "582. foo bar"
22:42:28.652 [XNIO-10 I/O-2] DEBUG o.s.c.c.CharSequenceEncoder - [a0e9810] Writing "583. foo bar"
22:42:28.652 [XNIO-10 I/O-2] DEBUG o.s.c.c.CharSequenceEncoder - [a0e9810] Writing "584. foo bar"
22:42:28.652 [XNIO-10 I/O-2] DEBUG o.s.c.c.CharSequenceEncoder - [a0e9810] Writing "585. foo bar"
22:42:28.652 [XNIO-10 I/O-2] DEBUG o.s.c.c.CharSequenceEncoder - [a0e9810] Writing "586. foo bar"
22:42:28.652 [XNIO-10 I/O-2] DEBUG o.s.c.c.CharSequenceEncoder - [a0e9810] Writing "587. foo bar"
22:42:28.652 [XNIO-10 I/O-2] DEBUG o.s.c.c.CharSequenceEncoder - [a0e9810] Writing "588. foo bar"
22:42:28.652 [XNIO-10 I/O-2] DEBUG o.s.c.c.CharSequenceEncoder - [a0e9810] Writing "589. foo bar"
22:42:28.652 [XNIO-10 I/O-2] DEBUG o.s.c.c.CharSequenceEncoder - [a0e9810] Writing "590. foo bar"
22:42:28.652 [XNIO-10 I/O-2] DEBUG o.s.c.c.CharSequenceEncoder - [a0e9810] Writing "591. foo bar"
22:42:28.652 [XNIO-10 I/O-2] DEBUG o.s.c.c.CharSequenceEncoder - [a0e9810] Writing "592. foo bar"
22:42:28.652 [XNIO-10 I/O-2] DEBUG o.s.c.c.CharSequenceEncoder - [a0e9810] Writing "593. foo bar"
22:42:28.652 [XNIO-10 I/O-2] DEBUG o.s.c.c.CharSequenceEncoder - [a0e9810] Writing "594. foo bar"
22:42:28.652 [XNIO-10 I/O-2] DEBUG o.s.c.c.CharSequenceEncoder - [a0e9810] Writing "595. foo bar"
22:42:28.652 [XNIO-10 I/O-2] DEBUG o.s.c.c.CharSequenceEncoder - [a0e9810] Writing "596. foo bar"
22:42:28.652 [XNIO-10 I/O-2] DEBUG o.s.c.c.CharSequenceEncoder - [a0e9810] Writing "597. foo bar"
22:42:28.652 [XNIO-10 I/O-2] DEBUG o.s.c.c.CharSequenceEncoder - [a0e9810] Writing "598. foo bar"
22:42:28.652 [XNIO-10 I/O-2] DEBUG o.s.c.c.CharSequenceEncoder - [a0e9810] Writing "599. foo bar"
22:42:28.652 [XNIO-10 I/O-2] DEBUG o.s.c.c.CharSequenceEncoder - [a0e9810] Writing "600. foo bar"
22:42:28.652 [XNIO-10 I/O-2] DEBUG o.s.c.c.CharSequenceEncoder - [a0e9810] Writing "601. foo bar"
22:42:28.652 [XNIO-10 I/O-2] DEBUG o.s.c.c.CharSequenceEncoder - [a0e9810] Writing "602. foo bar"
22:42:28.652 [XNIO-10 I/O-2] DEBUG o.s.c.c.CharSequenceEncoder - [a0e9810] Writing "603. foo bar"
22:42:28.652 [XNIO-10 I/O-2] DEBUG o.s.c.c.CharSequenceEncoder - [a0e9810] Writing "604. foo bar"
22:42:28.653 [XNIO-10 I/O-2] DEBUG o.s.c.c.CharSequenceEncoder - [a0e9810] Writing "605. foo bar"
22:42:28.653 [XNIO-10 I/O-2] DEBUG o.s.c.c.CharSequenceEncoder - [a0e9810] Writing "606. foo bar"
22:42:28.653 [XNIO-10 I/O-2] DEBUG o.s.c.c.CharSequenceEncoder - [a0e9810] Writing "607. foo bar"
22:42:28.653 [XNIO-10 I/O-2] DEBUG o.s.c.c.CharSequenceEncoder - [a0e9810] Writing "608. foo bar"
22:42:28.653 [XNIO-10 I/O-2] DEBUG o.s.c.c.CharSequenceEncoder - [a0e9810] Writing "609. foo bar"
22:42:28.653 [XNIO-10 I/O-2] DEBUG o.s.c.c.CharSequenceEncoder - [a0e9810] Writing "610. foo bar"
22:42:28.653 [XNIO-10 I/O-2] DEBUG o.s.c.c.CharSequenceEncoder - [a0e9810] Writing "611. foo bar"
22:42:28.653 [XNIO-10 I/O-2] DEBUG o.s.c.c.CharSequenceEncoder - [a0e9810] Writing "612. foo bar"
22:42:28.653 [XNIO-10 I/O-2] DEBUG o.s.c.c.CharSequenceEncoder - [a0e9810] Writing "613. foo bar"
22:42:28.653 [XNIO-10 I/O-2] DEBUG o.s.c.c.CharSequenceEncoder - [a0e9810] Writing "614. foo bar"
22:42:28.653 [XNIO-10 I/O-2] DEBUG o.s.c.c.CharSequenceEncoder - [a0e9810] Writing "615. foo bar"
22:42:28.653 [XNIO-10 I/O-2] DEBUG o.s.c.c.CharSequenceEncoder - [a0e9810] Writing "616. foo bar"
22:42:28.653 [XNIO-10 I/O-2] DEBUG o.s.c.c.CharSequenceEncoder - [a0e9810] Writing "617. foo bar"
22:42:28.653 [XNIO-10 I/O-2] DEBUG o.s.c.c.CharSequenceEncoder - [a0e9810] Writing "618. foo bar"
22:42:28.653 [XNIO-10 I/O-2] DEBUG o.s.c.c.CharSequenceEncoder - [a0e9810] Writing "619. foo bar"
22:42:28.653 [XNIO-10 I/O-2] DEBUG o.s.c.c.CharSequenceEncoder - [a0e9810] Writing "620. foo bar"
22:42:28.653 [XNIO-10 I/O-2] DEBUG o.s.c.c.CharSequenceEncoder - [a0e9810] Writing "621. foo bar"
22:42:28.653 [XNIO-10 I/O-2] DEBUG o.s.c.c.CharSequenceEncoder - [a0e9810] Writing "622. foo bar"
22:42:28.653 [XNIO-10 I/O-2] DEBUG o.s.c.c.CharSequenceEncoder - [a0e9810] Writing "623. foo bar"
22:42:28.653 [XNIO-10 I/O-2] DEBUG o.s.c.c.CharSequenceEncoder - [a0e9810] Writing "624. foo bar"
22:42:28.653 [XNIO-10 I/O-2] DEBUG o.s.c.c.CharSequenceEncoder - [a0e9810] Writing "625. foo bar"
22:42:28.653 [XNIO-10 I/O-2] DEBUG o.s.c.c.CharSequenceEncoder - [a0e9810] Writing "626. foo bar"
22:42:28.653 [XNIO-10 I/O-2] DEBUG o.s.c.c.CharSequenceEncoder - [a0e9810] Writing "627. foo bar"
22:42:28.653 [XNIO-10 I/O-2] DEBUG o.s.c.c.CharSequenceEncoder - [a0e9810] Writing "628. foo bar"
22:42:28.653 [XNIO-10 I/O-2] DEBUG o.s.c.c.CharSequenceEncoder - [a0e9810] Writing "629. foo bar"
22:42:28.653 [XNIO-10 I/O-2] DEBUG o.s.c.c.CharSequenceEncoder - [a0e9810] Writing "630. foo bar"
22:42:28.653 [XNIO-10 I/O-2] DEBUG o.s.c.c.CharSequenceEncoder - [a0e9810] Writing "631. foo bar"
22:42:28.653 [XNIO-10 I/O-2] DEBUG o.s.c.c.CharSequenceEncoder - [a0e9810] Writing "632. foo bar"
22:42:28.653 [XNIO-10 I/O-2] DEBUG o.s.c.c.CharSequenceEncoder - [a0e9810] Writing "633. foo bar"
22:42:28.653 [XNIO-10 I/O-2] DEBUG o.s.c.c.CharSequenceEncoder - [a0e9810] Writing "634. foo bar"
22:42:28.653 [XNIO-10 I/O-2] DEBUG o.s.c.c.CharSequenceEncoder - [a0e9810] Writing "635. foo bar"
22:42:28.654 [XNIO-10 I/O-2] DEBUG o.s.c.c.CharSequenceEncoder - [a0e9810] Writing "636. foo bar"
22:42:28.654 [XNIO-10 I/O-2] DEBUG o.s.c.c.CharSequenceEncoder - [a0e9810] Writing "637. foo bar"
22:42:28.654 [XNIO-10 I/O-2] DEBUG o.s.c.c.CharSequenceEncoder - [a0e9810] Writing "638. foo bar"
22:42:28.654 [XNIO-10 I/O-2] DEBUG o.s.c.c.CharSequenceEncoder - [a0e9810] Writing "639. foo bar"
22:42:28.654 [XNIO-10 I/O-2] DEBUG o.s.c.c.CharSequenceEncoder - [a0e9810] Writing "640. foo bar"
22:42:28.654 [XNIO-10 I/O-2] DEBUG o.s.c.c.CharSequenceEncoder - [a0e9810] Writing "641. foo bar"
22:42:28.654 [XNIO-10 I/O-2] DEBUG o.s.c.c.CharSequenceEncoder - [a0e9810] Writing "642. foo bar"
22:42:28.654 [XNIO-10 I/O-2] DEBUG o.s.c.c.CharSequenceEncoder - [a0e9810] Writing "643. foo bar"
22:42:28.654 [XNIO-10 I/O-2] DEBUG o.s.c.c.CharSequenceEncoder - [a0e9810] Writing "644. foo bar"
22:42:28.654 [XNIO-10 I/O-2] DEBUG o.s.c.c.CharSequenceEncoder - [a0e9810] Writing "645. foo bar"
22:42:28.654 [XNIO-10 I/O-2] DEBUG o.s.c.c.CharSequenceEncoder - [a0e9810] Writing "646. foo bar"
22:42:28.654 [XNIO-10 I/O-2] DEBUG o.s.c.c.CharSequenceEncoder - [a0e9810] Writing "647. foo bar"
22:42:28.654 [XNIO-10 I/O-2] DEBUG o.s.c.c.CharSequenceEncoder - [a0e9810] Writing "648. foo bar"
22:42:28.654 [XNIO-10 I/O-2] DEBUG o.s.c.c.CharSequenceEncoder - [a0e9810] Writing "649. foo bar"
22:42:28.654 [XNIO-10 I/O-2] DEBUG o.s.c.c.CharSequenceEncoder - [a0e9810] Writing "650. foo bar"
22:42:28.654 [XNIO-10 I/O-2] DEBUG o.s.c.c.CharSequenceEncoder - [a0e9810] Writing "651. foo bar"
22:42:28.654 [XNIO-10 I/O-2] DEBUG o.s.c.c.CharSequenceEncoder - [a0e9810] Writing "652. foo bar"
22:42:28.654 [XNIO-10 I/O-2] DEBUG o.s.c.c.CharSequenceEncoder - [a0e9810] Writing "653. foo bar"
22:42:28.654 [XNIO-10 I/O-2] DEBUG o.s.c.c.CharSequenceEncoder - [a0e9810] Writing "654. foo bar"
22:42:28.654 [XNIO-10 I/O-2] DEBUG o.s.c.c.CharSequenceEncoder - [a0e9810] Writing "655. foo bar"
22:42:28.654 [XNIO-10 I/O-2] DEBUG o.s.c.c.CharSequenceEncoder - [a0e9810] Writing "656. foo bar"
22:42:28.654 [XNIO-10 I/O-2] DEBUG o.s.c.c.CharSequenceEncoder - [a0e9810] Writing "657. foo bar"
22:42:28.654 [XNIO-10 I/O-2] DEBUG o.s.c.c.CharSequenceEncoder - [a0e9810] Writing "658. foo bar"
22:42:28.654 [XNIO-10 I/O-2] DEBUG o.s.c.c.CharSequenceEncoder - [a0e9810] Writing "659. foo bar"
22:42:28.654 [XNIO-10 I/O-2] DEBUG o.s.c.c.CharSequenceEncoder - [a0e9810] Writing "660. foo bar"
22:42:28.654 [XNIO-10 I/O-2] DEBUG o.s.c.c.CharSequenceEncoder - [a0e9810] Writing "661. foo bar"
22:42:28.654 [XNIO-10 I/O-2] DEBUG o.s.c.c.CharSequenceEncoder - [a0e9810] Writing "662. foo bar"
22:42:28.655 [XNIO-10 I/O-2] DEBUG o.s.c.c.CharSequenceEncoder - [a0e9810] Writing "663. foo bar"
22:42:28.655 [XNIO-10 I/O-2] DEBUG o.s.c.c.CharSequenceEncoder - [a0e9810] Writing "664. foo bar"
22:42:28.655 [XNIO-10 I/O-2] DEBUG o.s.c.c.CharSequenceEncoder - [a0e9810] Writing "665. foo bar"
22:42:28.655 [XNIO-10 I/O-2] DEBUG o.s.c.c.CharSequenceEncoder - [a0e9810] Writing "666. foo bar"
22:42:28.655 [XNIO-10 I/O-2] DEBUG o.s.c.c.CharSequenceEncoder - [a0e9810] Writing "667. foo bar"
22:42:28.655 [XNIO-10 I/O-2] DEBUG o.s.c.c.CharSequenceEncoder - [a0e9810] Writing "668. foo bar"
22:42:28.655 [XNIO-10 I/O-2] DEBUG o.s.c.c.CharSequenceEncoder - [a0e9810] Writing "669. foo bar"
22:42:28.655 [XNIO-10 I/O-2] DEBUG o.s.c.c.CharSequenceEncoder - [a0e9810] Writing "670. foo bar"
22:42:28.655 [XNIO-10 I/O-2] DEBUG o.s.c.c.CharSequenceEncoder - [a0e9810] Writing "671. foo bar"
22:42:28.655 [XNIO-10 I/O-2] DEBUG o.s.c.c.CharSequenceEncoder - [a0e9810] Writing "672. foo bar"
22:42:28.655 [XNIO-10 I/O-2] DEBUG o.s.c.c.CharSequenceEncoder - [a0e9810] Writing "673. foo bar"
22:42:28.655 [XNIO-10 I/O-2] DEBUG o.s.c.c.CharSequenceEncoder - [a0e9810] Writing "674. foo bar"
22:42:28.655 [XNIO-10 I/O-2] DEBUG o.s.c.c.CharSequenceEncoder - [a0e9810] Writing "675. foo bar"
22:42:28.655 [XNIO-10 I/O-2] DEBUG o.s.c.c.CharSequenceEncoder - [a0e9810] Writing "676. foo bar"
22:42:28.655 [XNIO-10 I/O-2] DEBUG o.s.c.c.CharSequenceEncoder - [a0e9810] Writing "677. foo bar"
22:42:28.655 [XNIO-10 I/O-2] DEBUG o.s.c.c.CharSequenceEncoder - [a0e9810] Writing "678. foo bar"
22:42:28.655 [XNIO-10 I/O-2] DEBUG o.s.c.c.CharSequenceEncoder - [a0e9810] Writing "679. foo bar"
22:42:28.655 [XNIO-10 I/O-2] DEBUG o.s.c.c.CharSequenceEncoder - [a0e9810] Writing "680. foo bar"
22:42:28.655 [XNIO-10 I/O-2] DEBUG o.s.c.c.CharSequenceEncoder - [a0e9810] Writing "681. foo bar"
22:42:28.655 [XNIO-10 I/O-2] DEBUG o.s.c.c.CharSequenceEncoder - [a0e9810] Writing "682. foo bar"
22:42:28.655 [XNIO-10 I/O-2] DEBUG o.s.c.c.CharSequenceEncoder - [a0e9810] Writing "683. foo bar"
22:42:28.655 [XNIO-10 I/O-2] DEBUG o.s.c.c.CharSequenceEncoder - [a0e9810] Writing "684. foo bar"
22:42:28.655 [XNIO-10 I/O-2] DEBUG o.s.c.c.CharSequenceEncoder - [a0e9810] Writing "685. foo bar"
22:42:28.655 [XNIO-10 I/O-2] DEBUG o.s.c.c.CharSequenceEncoder - [a0e9810] Writing "686. foo bar"
22:42:28.655 [XNIO-10 I/O-2] DEBUG o.s.c.c.CharSequenceEncoder - [a0e9810] Writing "687. foo bar"
22:42:28.655 [XNIO-10 I/O-2] DEBUG o.s.c.c.CharSequenceEncoder - [a0e9810] Writing "688. foo bar"
22:42:28.655 [XNIO-10 I/O-2] DEBUG o.s.c.c.CharSequenceEncoder - [a0e9810] Writing "689. foo bar"
22:42:28.655 [XNIO-10 I/O-2] DEBUG o.s.c.c.CharSequenceEncoder - [a0e9810] Writing "690. foo bar"
22:42:28.655 [XNIO-10 I/O-2] DEBUG o.s.c.c.CharSequenceEncoder - [a0e9810] Writing "691. foo bar"
22:42:28.655 [XNIO-10 I/O-2] DEBUG o.s.c.c.CharSequenceEncoder - [a0e9810] Writing "692. foo bar"
22:42:28.655 [XNIO-10 I/O-2] DEBUG o.s.c.c.CharSequenceEncoder - [a0e9810] Writing "693. foo bar"
22:42:28.656 [XNIO-10 I/O-2] DEBUG o.s.c.c.CharSequenceEncoder - [a0e9810] Writing "694. foo bar"
22:42:28.656 [XNIO-10 I/O-2] DEBUG o.s.c.c.CharSequenceEncoder - [a0e9810] Writing "695. foo bar"
22:42:28.656 [XNIO-10 I/O-2] DEBUG o.s.c.c.CharSequenceEncoder - [a0e9810] Writing "696. foo bar"
22:42:28.656 [XNIO-10 I/O-2] DEBUG o.s.c.c.CharSequenceEncoder - [a0e9810] Writing "697. foo bar"
22:42:28.656 [XNIO-10 I/O-2] DEBUG o.s.c.c.CharSequenceEncoder - [a0e9810] Writing "698. foo bar"
22:42:28.656 [XNIO-10 I/O-2] DEBUG o.s.c.c.CharSequenceEncoder - [a0e9810] Writing "699. foo bar"
22:42:28.656 [XNIO-10 I/O-2] DEBUG o.s.c.c.CharSequenceEncoder - [a0e9810] Writing "700. foo bar"
22:42:28.656 [XNIO-10 I/O-2] DEBUG o.s.c.c.CharSequenceEncoder - [a0e9810] Writing "701. foo bar"
22:42:28.656 [XNIO-10 I/O-2] DEBUG o.s.c.c.CharSequenceEncoder - [a0e9810] Writing "702. foo bar"
22:42:28.656 [XNIO-10 I/O-2] DEBUG o.s.c.c.CharSequenceEncoder - [a0e9810] Writing "703. foo bar"
22:42:28.656 [XNIO-10 I/O-2] DEBUG o.s.c.c.CharSequenceEncoder - [a0e9810] Writing "704. foo bar"
22:42:28.656 [XNIO-10 I/O-2] DEBUG o.s.c.c.CharSequenceEncoder - [a0e9810] Writing "705. foo bar"
22:42:28.656 [XNIO-10 I/O-2] DEBUG o.s.c.c.CharSequenceEncoder - [a0e9810] Writing "706. foo bar"
22:42:28.656 [XNIO-10 I/O-2] DEBUG o.s.c.c.CharSequenceEncoder - [a0e9810] Writing "707. foo bar"
22:42:28.656 [XNIO-10 I/O-2] DEBUG o.s.c.c.CharSequenceEncoder - [a0e9810] Writing "708. foo bar"
22:42:28.656 [XNIO-10 I/O-2] DEBUG o.s.c.c.CharSequenceEncoder - [a0e9810] Writing "709. foo bar"
22:42:28.656 [XNIO-10 I/O-2] DEBUG o.s.c.c.CharSequenceEncoder - [a0e9810] Writing "710. foo bar"
22:42:28.656 [XNIO-10 I/O-2] DEBUG o.s.c.c.CharSequenceEncoder - [a0e9810] Writing "711. foo bar"
22:42:28.656 [XNIO-10 I/O-2] DEBUG o.s.c.c.CharSequenceEncoder - [a0e9810] Writing "712. foo bar"
22:42:28.656 [XNIO-10 I/O-2] DEBUG o.s.c.c.CharSequenceEncoder - [a0e9810] Writing "713. foo bar"
22:42:28.656 [XNIO-10 I/O-2] DEBUG o.s.c.c.CharSequenceEncoder - [a0e9810] Writing "714. foo bar"
22:42:28.656 [XNIO-10 I/O-2] DEBUG o.s.c.c.CharSequenceEncoder - [a0e9810] Writing "715. foo bar"
22:42:28.656 [XNIO-10 I/O-2] DEBUG o.s.c.c.CharSequenceEncoder - [a0e9810] Writing "716. foo bar"
22:42:28.656 [XNIO-10 I/O-2] DEBUG o.s.c.c.CharSequenceEncoder - [a0e9810] Writing "717. foo bar"
22:42:28.656 [XNIO-10 I/O-2] DEBUG o.s.c.c.CharSequenceEncoder - [a0e9810] Writing "718. foo bar"
22:42:28.656 [XNIO-10 I/O-2] DEBUG o.s.c.c.CharSequenceEncoder - [a0e9810] Writing "719. foo bar"
22:42:28.657 [XNIO-10 I/O-2] DEBUG o.s.c.c.CharSequenceEncoder - [a0e9810] Writing "720. foo bar"
22:42:28.657 [XNIO-10 I/O-2] DEBUG o.s.c.c.CharSequenceEncoder - [a0e9810] Writing "721. foo bar"
22:42:28.657 [XNIO-10 I/O-2] DEBUG o.s.c.c.CharSequenceEncoder - [a0e9810] Writing "722. foo bar"
22:42:28.657 [XNIO-10 I/O-2] DEBUG o.s.c.c.CharSequenceEncoder - [a0e9810] Writing "723. foo bar"
22:42:28.657 [XNIO-10 I/O-2] DEBUG o.s.c.c.CharSequenceEncoder - [a0e9810] Writing "724. foo bar"
22:42:28.657 [XNIO-10 I/O-2] DEBUG o.s.c.c.CharSequenceEncoder - [a0e9810] Writing "725. foo bar"
22:42:28.657 [XNIO-10 I/O-2] DEBUG o.s.c.c.CharSequenceEncoder - [a0e9810] Writing "726. foo bar"
22:42:28.657 [XNIO-10 I/O-2] DEBUG o.s.c.c.CharSequenceEncoder - [a0e9810] Writing "727. foo bar"
22:42:28.657 [XNIO-10 I/O-2] DEBUG o.s.c.c.CharSequenceEncoder - [a0e9810] Writing "728. foo bar"
22:42:28.657 [XNIO-10 I/O-2] DEBUG o.s.c.c.CharSequenceEncoder - [a0e9810] Writing "729. foo bar"
22:42:28.657 [XNIO-10 I/O-2] DEBUG o.s.c.c.CharSequenceEncoder - [a0e9810] Writing "730. foo bar"
22:42:28.657 [XNIO-10 I/O-2] DEBUG o.s.c.c.CharSequenceEncoder - [a0e9810] Writing "731. foo bar"
22:42:28.657 [XNIO-10 I/O-2] DEBUG o.s.c.c.CharSequenceEncoder - [a0e9810] Writing "732. foo bar"
22:42:28.657 [XNIO-10 I/O-2] DEBUG o.s.c.c.CharSequenceEncoder - [a0e9810] Writing "733. foo bar"
22:42:28.657 [XNIO-10 I/O-2] DEBUG o.s.c.c.CharSequenceEncoder - [a0e9810] Writing "734. foo bar"
22:42:28.657 [XNIO-10 I/O-2] DEBUG o.s.c.c.CharSequenceEncoder - [a0e9810] Writing "735. foo bar"
22:42:28.657 [XNIO-10 I/O-2] DEBUG o.s.c.c.CharSequenceEncoder - [a0e9810] Writing "736. foo bar"
22:42:28.657 [XNIO-10 I/O-2] DEBUG o.s.c.c.CharSequenceEncoder - [a0e9810] Writing "737. foo bar"
22:42:28.657 [XNIO-10 I/O-2] DEBUG o.s.c.c.CharSequenceEncoder - [a0e9810] Writing "738. foo bar"
22:42:28.657 [XNIO-10 I/O-2] DEBUG o.s.c.c.CharSequenceEncoder - [a0e9810] Writing "739. foo bar"
22:42:28.657 [XNIO-10 I/O-2] DEBUG o.s.c.c.CharSequenceEncoder - [a0e9810] Writing "740. foo bar"
22:42:28.657 [XNIO-10 I/O-2] DEBUG o.s.c.c.CharSequenceEncoder - [a0e9810] Writing "741. foo bar"
22:42:28.657 [XNIO-10 I/O-2] DEBUG o.s.c.c.CharSequenceEncoder - [a0e9810] Writing "742. foo bar"
22:42:28.657 [XNIO-10 I/O-2] DEBUG o.s.c.c.CharSequenceEncoder - [a0e9810] Writing "743. foo bar"
22:42:28.657 [XNIO-10 I/O-2] DEBUG o.s.c.c.CharSequenceEncoder - [a0e9810] Writing "744. foo bar"
22:42:28.658 [XNIO-10 I/O-2] DEBUG o.s.c.c.CharSequenceEncoder - [a0e9810] Writing "745. foo bar"
22:42:28.658 [XNIO-10 I/O-2] DEBUG o.s.c.c.CharSequenceEncoder - [a0e9810] Writing "746. foo bar"
22:42:28.658 [XNIO-10 I/O-2] DEBUG o.s.c.c.CharSequenceEncoder - [a0e9810] Writing "747. foo bar"
22:42:28.658 [XNIO-10 I/O-2] DEBUG o.s.c.c.CharSequenceEncoder - [a0e9810] Writing "748. foo bar"
22:42:28.658 [XNIO-10 I/O-2] DEBUG o.s.c.c.CharSequenceEncoder - [a0e9810] Writing "749. foo bar"
22:42:28.658 [XNIO-10 I/O-2] DEBUG o.s.c.c.CharSequenceEncoder - [a0e9810] Writing "750. foo bar"
22:42:28.658 [XNIO-10 I/O-2] DEBUG o.s.c.c.CharSequenceEncoder - [a0e9810] Writing "751. foo bar"
22:42:28.658 [XNIO-10 I/O-2] DEBUG o.s.c.c.CharSequenceEncoder - [a0e9810] Writing "752. foo bar"
22:42:28.658 [XNIO-10 I/O-2] DEBUG o.s.c.c.CharSequenceEncoder - [a0e9810] Writing "753. foo bar"
22:42:28.658 [XNIO-10 I/O-2] DEBUG o.s.c.c.CharSequenceEncoder - [a0e9810] Writing "754. foo bar"
22:42:28.658 [XNIO-10 I/O-2] DEBUG o.s.c.c.CharSequenceEncoder - [a0e9810] Writing "755. foo bar"
22:42:28.658 [XNIO-10 I/O-2] DEBUG o.s.c.c.CharSequenceEncoder - [a0e9810] Writing "756. foo bar"
22:42:28.658 [XNIO-10 I/O-2] DEBUG o.s.c.c.CharSequenceEncoder - [a0e9810] Writing "757. foo bar"
22:42:28.658 [XNIO-10 I/O-2] DEBUG o.s.c.c.CharSequenceEncoder - [a0e9810] Writing "758. foo bar"
22:42:28.658 [XNIO-10 I/O-2] DEBUG o.s.c.c.CharSequenceEncoder - [a0e9810] Writing "759. foo bar"
22:42:28.658 [XNIO-10 I/O-2] DEBUG o.s.c.c.CharSequenceEncoder - [a0e9810] Writing "760. foo bar"
22:42:28.658 [XNIO-10 I/O-2] DEBUG o.s.c.c.CharSequenceEncoder - [a0e9810] Writing "761. foo bar"
22:42:28.658 [XNIO-10 I/O-2] DEBUG o.s.c.c.CharSequenceEncoder - [a0e9810] Writing "762. foo bar"
22:42:28.658 [XNIO-10 I/O-2] DEBUG o.s.c.c.CharSequenceEncoder - [a0e9810] Writing "763. foo bar"
22:42:28.658 [XNIO-10 I/O-2] DEBUG o.s.c.c.CharSequenceEncoder - [a0e9810] Writing "764. foo bar"
22:42:28.658 [XNIO-10 I/O-2] DEBUG o.s.c.c.CharSequenceEncoder - [a0e9810] Writing "765. foo bar"
22:42:28.658 [XNIO-10 I/O-2] DEBUG o.s.c.c.CharSequenceEncoder - [a0e9810] Writing "766. foo bar"
22:42:28.658 [XNIO-10 I/O-2] DEBUG o.s.c.c.CharSequenceEncoder - [a0e9810] Writing "767. foo bar"
22:42:28.658 [XNIO-10 I/O-2] DEBUG o.s.c.c.CharSequenceEncoder - [a0e9810] Writing "768. foo bar"
22:42:28.658 [XNIO-10 I/O-2] DEBUG o.s.c.c.CharSequenceEncoder - [a0e9810] Writing "769. foo bar"
22:42:28.658 [XNIO-10 I/O-2] DEBUG o.s.c.c.CharSequenceEncoder - [a0e9810] Writing "770. foo bar"
22:42:28.658 [XNIO-10 I/O-2] DEBUG o.s.c.c.CharSequenceEncoder - [a0e9810] Writing "771. foo bar"
22:42:28.659 [XNIO-10 I/O-2] DEBUG o.s.c.c.CharSequenceEncoder - [a0e9810] Writing "772. foo bar"
22:42:28.659 [XNIO-10 I/O-2] DEBUG o.s.c.c.CharSequenceEncoder - [a0e9810] Writing "773. foo bar"
22:42:28.659 [XNIO-10 I/O-2] DEBUG o.s.c.c.CharSequenceEncoder - [a0e9810] Writing "774. foo bar"
22:42:28.659 [XNIO-10 I/O-2] DEBUG o.s.c.c.CharSequenceEncoder - [a0e9810] Writing "775. foo bar"
22:42:28.659 [XNIO-10 I/O-2] DEBUG o.s.c.c.CharSequenceEncoder - [a0e9810] Writing "776. foo bar"
22:42:28.659 [XNIO-10 I/O-2] DEBUG o.s.c.c.CharSequenceEncoder - [a0e9810] Writing "777. foo bar"
22:42:28.659 [XNIO-10 I/O-2] DEBUG o.s.c.c.CharSequenceEncoder - [a0e9810] Writing "778. foo bar"
22:42:28.659 [XNIO-10 I/O-2] DEBUG o.s.c.c.CharSequenceEncoder - [a0e9810] Writing "779. foo bar"
22:42:28.659 [XNIO-10 I/O-2] DEBUG o.s.c.c.CharSequenceEncoder - [a0e9810] Writing "780. foo bar"
22:42:28.659 [XNIO-10 I/O-2] DEBUG o.s.c.c.CharSequenceEncoder - [a0e9810] Writing "781. foo bar"
22:42:28.659 [XNIO-10 I/O-2] DEBUG o.s.c.c.CharSequenceEncoder - [a0e9810] Writing "782. foo bar"
22:42:28.659 [XNIO-10 I/O-2] DEBUG o.s.c.c.CharSequenceEncoder - [a0e9810] Writing "783. foo bar"
22:42:28.659 [XNIO-10 I/O-2] DEBUG o.s.c.c.CharSequenceEncoder - [a0e9810] Writing "784. foo bar"
22:42:28.659 [XNIO-10 I/O-2] DEBUG o.s.c.c.CharSequenceEncoder - [a0e9810] Writing "785. foo bar"
22:42:28.659 [XNIO-10 I/O-2] DEBUG o.s.c.c.CharSequenceEncoder - [a0e9810] Writing "786. foo bar"
22:42:28.659 [XNIO-10 I/O-2] DEBUG o.s.c.c.CharSequenceEncoder - [a0e9810] Writing "787. foo bar"
22:42:28.659 [XNIO-10 I/O-2] DEBUG o.s.c.c.CharSequenceEncoder - [a0e9810] Writing "788. foo bar"
22:42:28.659 [XNIO-10 I/O-2] DEBUG o.s.c.c.CharSequenceEncoder - [a0e9810] Writing "789. foo bar"
22:42:28.659 [XNIO-10 I/O-2] DEBUG o.s.c.c.CharSequenceEncoder - [a0e9810] Writing "790. foo bar"
22:42:28.659 [XNIO-10 I/O-2] DEBUG o.s.c.c.CharSequenceEncoder - [a0e9810] Writing "791. foo bar"
22:42:28.659 [XNIO-10 I/O-2] DEBUG o.s.c.c.CharSequenceEncoder - [a0e9810] Writing "792. foo bar"
22:42:28.659 [XNIO-10 I/O-2] DEBUG o.s.c.c.CharSequenceEncoder - [a0e9810] Writing "793. foo bar"
22:42:28.659 [XNIO-10 I/O-2] DEBUG o.s.c.c.CharSequenceEncoder - [a0e9810] Writing "794. foo bar"
22:42:28.659 [XNIO-10 I/O-2] DEBUG o.s.c.c.CharSequenceEncoder - [a0e9810] Writing "795. foo bar"
22:42:28.659 [XNIO-10 I/O-2] DEBUG o.s.c.c.CharSequenceEncoder - [a0e9810] Writing "796. foo bar"
22:42:28.659 [XNIO-10 I/O-2] DEBUG o.s.c.c.CharSequenceEncoder - [a0e9810] Writing "797. foo bar"
22:42:28.659 [XNIO-10 I/O-2] DEBUG o.s.c.c.CharSequenceEncoder - [a0e9810] Writing "798. foo bar"
22:42:28.659 [XNIO-10 I/O-2] DEBUG o.s.c.c.CharSequenceEncoder - [a0e9810] Writing "799. foo bar"
22:42:28.659 [XNIO-10 I/O-2] DEBUG o.s.c.c.CharSequenceEncoder - [a0e9810] Writing "800. foo bar"
22:42:28.660 [XNIO-10 I/O-2] DEBUG o.s.c.c.CharSequenceEncoder - [a0e9810] Writing "801. foo bar"
22:42:28.660 [XNIO-10 I/O-2] DEBUG o.s.c.c.CharSequenceEncoder - [a0e9810] Writing "802. foo bar"
22:42:28.660 [XNIO-10 I/O-2] DEBUG o.s.c.c.CharSequenceEncoder - [a0e9810] Writing "803. foo bar"
22:42:28.660 [XNIO-10 I/O-2] DEBUG o.s.c.c.CharSequenceEncoder - [a0e9810] Writing "804. foo bar"
22:42:28.660 [XNIO-10 I/O-2] DEBUG o.s.c.c.CharSequenceEncoder - [a0e9810] Writing "805. foo bar"
22:42:28.660 [XNIO-10 I/O-2] DEBUG o.s.c.c.CharSequenceEncoder - [a0e9810] Writing "806. foo bar"
22:42:28.660 [XNIO-10 I/O-2] DEBUG o.s.c.c.CharSequenceEncoder - [a0e9810] Writing "807. foo bar"
22:42:28.660 [XNIO-10 I/O-2] DEBUG o.s.c.c.CharSequenceEncoder - [a0e9810] Writing "808. foo bar"
22:42:28.660 [XNIO-10 I/O-2] DEBUG o.s.c.c.CharSequenceEncoder - [a0e9810] Writing "809. foo bar"
22:42:28.660 [XNIO-10 I/O-2] DEBUG o.s.c.c.CharSequenceEncoder - [a0e9810] Writing "810. foo bar"
22:42:28.660 [XNIO-10 I/O-2] DEBUG o.s.c.c.CharSequenceEncoder - [a0e9810] Writing "811. foo bar"
22:42:28.660 [XNIO-10 I/O-2] DEBUG o.s.c.c.CharSequenceEncoder - [a0e9810] Writing "812. foo bar"
22:42:28.660 [XNIO-10 I/O-2] DEBUG o.s.c.c.CharSequenceEncoder - [a0e9810] Writing "813. foo bar"
22:42:28.660 [XNIO-10 I/O-2] DEBUG o.s.c.c.CharSequenceEncoder - [a0e9810] Writing "814. foo bar"
22:42:28.660 [XNIO-10 I/O-2] DEBUG o.s.c.c.CharSequenceEncoder - [a0e9810] Writing "815. foo bar"
22:42:28.660 [XNIO-10 I/O-2] DEBUG o.s.c.c.CharSequenceEncoder - [a0e9810] Writing "816. foo bar"
22:42:28.660 [XNIO-10 I/O-2] DEBUG o.s.c.c.CharSequenceEncoder - [a0e9810] Writing "817. foo bar"
22:42:28.660 [XNIO-10 I/O-2] DEBUG o.s.c.c.CharSequenceEncoder - [a0e9810] Writing "818. foo bar"
22:42:28.660 [XNIO-10 I/O-2] DEBUG o.s.c.c.CharSequenceEncoder - [a0e9810] Writing "819. foo bar"
22:42:28.660 [XNIO-10 I/O-2] DEBUG o.s.c.c.CharSequenceEncoder - [a0e9810] Writing "820. foo bar"
22:42:28.660 [XNIO-10 I/O-2] DEBUG o.s.c.c.CharSequenceEncoder - [a0e9810] Writing "821. foo bar"
22:42:28.660 [XNIO-10 I/O-2] DEBUG o.s.c.c.CharSequenceEncoder - [a0e9810] Writing "822. foo bar"
22:42:28.660 [XNIO-10 I/O-2] DEBUG o.s.c.c.CharSequenceEncoder - [a0e9810] Writing "823. foo bar"
22:42:28.660 [XNIO-10 I/O-2] DEBUG o.s.c.c.CharSequenceEncoder - [a0e9810] Writing "824. foo bar"
22:42:28.660 [XNIO-10 I/O-2] DEBUG o.s.c.c.CharSequenceEncoder - [a0e9810] Writing "825. foo bar"
22:42:28.660 [XNIO-10 I/O-2] DEBUG o.s.c.c.CharSequenceEncoder - [a0e9810] Writing "826. foo bar"
22:42:28.660 [XNIO-10 I/O-2] DEBUG o.s.c.c.CharSequenceEncoder - [a0e9810] Writing "827. foo bar"
22:42:28.660 [XNIO-10 I/O-2] DEBUG o.s.c.c.CharSequenceEncoder - [a0e9810] Writing "828. foo bar"
22:42:28.660 [XNIO-10 I/O-2] DEBUG o.s.c.c.CharSequenceEncoder - [a0e9810] Writing "829. foo bar"
22:42:28.660 [XNIO-10 I/O-2] DEBUG o.s.c.c.CharSequenceEncoder - [a0e9810] Writing "830. foo bar"
22:42:28.660 [XNIO-10 I/O-2] DEBUG o.s.c.c.CharSequenceEncoder - [a0e9810] Writing "831. foo bar"
22:42:28.660 [XNIO-10 I/O-2] DEBUG o.s.c.c.CharSequenceEncoder - [a0e9810] Writing "832. foo bar"
22:42:28.660 [XNIO-10 I/O-2] DEBUG o.s.c.c.CharSequenceEncoder - [a0e9810] Writing "833. foo bar"
22:42:28.661 [XNIO-10 I/O-2] DEBUG o.s.c.c.CharSequenceEncoder - [a0e9810] Writing "834. foo bar"
22:42:28.661 [XNIO-10 I/O-2] DEBUG o.s.c.c.CharSequenceEncoder - [a0e9810] Writing "835. foo bar"
22:42:28.661 [XNIO-10 I/O-2] DEBUG o.s.c.c.CharSequenceEncoder - [a0e9810] Writing "836. foo bar"
22:42:28.661 [XNIO-10 I/O-2] DEBUG o.s.c.c.CharSequenceEncoder - [a0e9810] Writing "837. foo bar"
22:42:28.661 [XNIO-10 I/O-2] DEBUG o.s.c.c.CharSequenceEncoder - [a0e9810] Writing "838. foo bar"
22:42:28.661 [XNIO-10 I/O-2] DEBUG o.s.c.c.CharSequenceEncoder - [a0e9810] Writing "839. foo bar"
22:42:28.661 [XNIO-10 I/O-2] DEBUG o.s.c.c.CharSequenceEncoder - [a0e9810] Writing "840. foo bar"
22:42:28.661 [XNIO-10 I/O-2] DEBUG o.s.c.c.CharSequenceEncoder - [a0e9810] Writing "841. foo bar"
22:42:28.661 [XNIO-10 I/O-2] DEBUG o.s.c.c.CharSequenceEncoder - [a0e9810] Writing "842. foo bar"
22:42:28.661 [XNIO-10 I/O-2] DEBUG o.s.c.c.CharSequenceEncoder - [a0e9810] Writing "843. foo bar"
22:42:28.661 [XNIO-10 I/O-2] DEBUG o.s.c.c.CharSequenceEncoder - [a0e9810] Writing "844. foo bar"
22:42:28.661 [XNIO-10 I/O-2] DEBUG o.s.c.c.CharSequenceEncoder - [a0e9810] Writing "845. foo bar"
22:42:28.661 [XNIO-10 I/O-2] DEBUG o.s.c.c.CharSequenceEncoder - [a0e9810] Writing "846. foo bar"
22:42:28.661 [XNIO-10 I/O-2] DEBUG o.s.c.c.CharSequenceEncoder - [a0e9810] Writing "847. foo bar"
22:42:28.661 [XNIO-10 I/O-2] DEBUG o.s.c.c.CharSequenceEncoder - [a0e9810] Writing "848. foo bar"
22:42:28.661 [XNIO-10 I/O-2] DEBUG o.s.c.c.CharSequenceEncoder - [a0e9810] Writing "849. foo bar"
22:42:28.661 [XNIO-10 I/O-2] DEBUG o.s.c.c.CharSequenceEncoder - [a0e9810] Writing "850. foo bar"
22:42:28.661 [XNIO-10 I/O-2] DEBUG o.s.c.c.CharSequenceEncoder - [a0e9810] Writing "851. foo bar"
22:42:28.661 [XNIO-10 I/O-2] DEBUG o.s.c.c.CharSequenceEncoder - [a0e9810] Writing "852. foo bar"
22:42:28.661 [XNIO-10 I/O-2] DEBUG o.s.c.c.CharSequenceEncoder - [a0e9810] Writing "853. foo bar"
22:42:28.661 [XNIO-10 I/O-2] DEBUG o.s.c.c.CharSequenceEncoder - [a0e9810] Writing "854. foo bar"
22:42:28.661 [XNIO-10 I/O-2] DEBUG o.s.c.c.CharSequenceEncoder - [a0e9810] Writing "855. foo bar"
22:42:28.661 [XNIO-10 I/O-2] DEBUG o.s.c.c.CharSequenceEncoder - [a0e9810] Writing "856. foo bar"
22:42:28.661 [XNIO-10 I/O-2] DEBUG o.s.c.c.CharSequenceEncoder - [a0e9810] Writing "857. foo bar"
22:42:28.661 [XNIO-10 I/O-2] DEBUG o.s.c.c.CharSequenceEncoder - [a0e9810] Writing "858. foo bar"
22:42:28.661 [XNIO-10 I/O-2] DEBUG o.s.c.c.CharSequenceEncoder - [a0e9810] Writing "859. foo bar"
22:42:28.662 [XNIO-10 I/O-2] DEBUG o.s.c.c.CharSequenceEncoder - [a0e9810] Writing "860. foo bar"
22:42:28.662 [XNIO-10 I/O-2] DEBUG o.s.c.c.CharSequenceEncoder - [a0e9810] Writing "861. foo bar"
22:42:28.662 [XNIO-10 I/O-2] DEBUG o.s.c.c.CharSequenceEncoder - [a0e9810] Writing "862. foo bar"
22:42:28.662 [XNIO-10 I/O-2] DEBUG o.s.c.c.CharSequenceEncoder - [a0e9810] Writing "863. foo bar"
22:42:28.662 [XNIO-10 I/O-2] DEBUG o.s.c.c.CharSequenceEncoder - [a0e9810] Writing "864. foo bar"
22:42:28.662 [XNIO-10 I/O-2] DEBUG o.s.c.c.CharSequenceEncoder - [a0e9810] Writing "865. foo bar"
22:42:28.662 [XNIO-10 I/O-2] DEBUG o.s.c.c.CharSequenceEncoder - [a0e9810] Writing "866. foo bar"
22:42:28.662 [XNIO-10 I/O-2] DEBUG o.s.c.c.CharSequenceEncoder - [a0e9810] Writing "867. foo bar"
22:42:28.662 [XNIO-10 I/O-2] DEBUG o.s.c.c.CharSequenceEncoder - [a0e9810] Writing "868. foo bar"
22:42:28.662 [XNIO-10 I/O-2] DEBUG o.s.c.c.CharSequenceEncoder - [a0e9810] Writing "869. foo bar"
22:42:28.662 [XNIO-10 I/O-2] DEBUG o.s.c.c.CharSequenceEncoder - [a0e9810] Writing "870. foo bar"
22:42:28.662 [XNIO-10 I/O-2] DEBUG o.s.c.c.CharSequenceEncoder - [a0e9810] Writing "871. foo bar"
22:42:28.662 [XNIO-10 I/O-2] DEBUG o.s.c.c.CharSequenceEncoder - [a0e9810] Writing "872. foo bar"
22:42:28.662 [XNIO-10 I/O-2] DEBUG o.s.c.c.CharSequenceEncoder - [a0e9810] Writing "873. foo bar"
22:42:28.662 [XNIO-10 I/O-2] DEBUG o.s.c.c.CharSequenceEncoder - [a0e9810] Writing "874. foo bar"
22:42:28.662 [XNIO-10 I/O-2] DEBUG o.s.c.c.CharSequenceEncoder - [a0e9810] Writing "875. foo bar"
22:42:28.662 [XNIO-10 I/O-2] DEBUG o.s.c.c.CharSequenceEncoder - [a0e9810] Writing "876. foo bar"
22:42:28.662 [XNIO-10 I/O-2] DEBUG o.s.c.c.CharSequenceEncoder - [a0e9810] Writing "877. foo bar"
22:42:28.662 [XNIO-10 I/O-2] DEBUG o.s.c.c.CharSequenceEncoder - [a0e9810] Writing "878. foo bar"
22:42:28.662 [XNIO-10 I/O-2] DEBUG o.s.c.c.CharSequenceEncoder - [a0e9810] Writing "879. foo bar"
22:42:28.662 [XNIO-10 I/O-2] DEBUG o.s.c.c.CharSequenceEncoder - [a0e9810] Writing "880. foo bar"
22:42:28.662 [XNIO-10 I/O-2] DEBUG o.s.c.c.CharSequenceEncoder - [a0e9810] Writing "881. foo bar"
22:42:28.662 [XNIO-10 I/O-2] DEBUG o.s.c.c.CharSequenceEncoder - [a0e9810] Writing "882. foo bar"
22:42:28.662 [XNIO-10 I/O-2] DEBUG o.s.c.c.CharSequenceEncoder - [a0e9810] Writing "883. foo bar"
22:42:28.663 [XNIO-10 I/O-2] DEBUG o.s.c.c.CharSequenceEncoder - [a0e9810] Writing "884. foo bar"
22:42:28.663 [XNIO-10 I/O-2] DEBUG o.s.c.c.CharSequenceEncoder - [a0e9810] Writing "885. foo bar"
22:42:28.663 [XNIO-10 I/O-2] DEBUG o.s.c.c.CharSequenceEncoder - [a0e9810] Writing "886. foo bar"
22:42:28.663 [XNIO-10 I/O-2] DEBUG o.s.c.c.CharSequenceEncoder - [a0e9810] Writing "887. foo bar"
22:42:28.663 [XNIO-10 I/O-2] DEBUG o.s.c.c.CharSequenceEncoder - [a0e9810] Writing "888. foo bar"
22:42:28.663 [XNIO-10 I/O-2] DEBUG o.s.c.c.CharSequenceEncoder - [a0e9810] Writing "889. foo bar"
22:42:28.663 [XNIO-10 I/O-2] DEBUG o.s.c.c.CharSequenceEncoder - [a0e9810] Writing "890. foo bar"
22:42:28.663 [XNIO-10 I/O-2] DEBUG o.s.c.c.CharSequenceEncoder - [a0e9810] Writing "891. foo bar"
22:42:28.663 [XNIO-10 I/O-2] DEBUG o.s.c.c.CharSequenceEncoder - [a0e9810] Writing "892. foo bar"
22:42:28.663 [XNIO-10 I/O-2] DEBUG o.s.c.c.CharSequenceEncoder - [a0e9810] Writing "893. foo bar"
22:42:28.663 [XNIO-10 I/O-2] DEBUG o.s.c.c.CharSequenceEncoder - [a0e9810] Writing "894. foo bar"
22:42:28.663 [XNIO-10 I/O-2] DEBUG o.s.c.c.CharSequenceEncoder - [a0e9810] Writing "895. foo bar"
22:42:28.663 [XNIO-10 I/O-2] DEBUG o.s.c.c.CharSequenceEncoder - [a0e9810] Writing "896. foo bar"
22:42:28.663 [XNIO-10 I/O-2] DEBUG o.s.c.c.CharSequenceEncoder - [a0e9810] Writing "897. foo bar"
22:42:28.663 [XNIO-10 I/O-2] DEBUG o.s.c.c.CharSequenceEncoder - [a0e9810] Writing "898. foo bar"
22:42:28.663 [XNIO-10 I/O-2] DEBUG o.s.c.c.CharSequenceEncoder - [a0e9810] Writing "899. foo bar"
22:42:28.663 [XNIO-10 I/O-2] DEBUG o.s.c.c.CharSequenceEncoder - [a0e9810] Writing "900. foo bar"
22:42:28.663 [XNIO-10 I/O-2] DEBUG o.s.c.c.CharSequenceEncoder - [a0e9810] Writing "901. foo bar"
22:42:28.663 [XNIO-10 I/O-2] DEBUG o.s.c.c.CharSequenceEncoder - [a0e9810] Writing "902. foo bar"
22:42:28.663 [XNIO-10 I/O-2] DEBUG o.s.c.c.CharSequenceEncoder - [a0e9810] Writing "903. foo bar"
22:42:28.663 [XNIO-10 I/O-2] DEBUG o.s.c.c.CharSequenceEncoder - [a0e9810] Writing "904. foo bar"
22:42:28.663 [XNIO-10 I/O-2] DEBUG o.s.c.c.CharSequenceEncoder - [a0e9810] Writing "905. foo bar"
22:42:28.663 [XNIO-10 I/O-2] DEBUG o.s.c.c.CharSequenceEncoder - [a0e9810] Writing "906. foo bar"
22:42:28.663 [XNIO-10 I/O-2] DEBUG o.s.c.c.CharSequenceEncoder - [a0e9810] Writing "907. foo bar"
22:42:28.663 [XNIO-10 I/O-2] DEBUG o.s.c.c.CharSequenceEncoder - [a0e9810] Writing "908. foo bar"
22:42:28.663 [XNIO-10 I/O-2] DEBUG o.s.c.c.CharSequenceEncoder - [a0e9810] Writing "909. foo bar"
22:42:28.664 [XNIO-10 I/O-2] DEBUG o.s.c.c.CharSequenceEncoder - [a0e9810] Writing "910. foo bar"
22:42:28.664 [XNIO-10 I/O-2] DEBUG o.s.c.c.CharSequenceEncoder - [a0e9810] Writing "911. foo bar"
22:42:28.664 [XNIO-10 I/O-2] DEBUG o.s.c.c.CharSequenceEncoder - [a0e9810] Writing "912. foo bar"
22:42:28.664 [XNIO-10 I/O-2] DEBUG o.s.c.c.CharSequenceEncoder - [a0e9810] Writing "913. foo bar"
22:42:28.664 [XNIO-10 I/O-2] DEBUG o.s.c.c.CharSequenceEncoder - [a0e9810] Writing "914. foo bar"
22:42:28.664 [XNIO-10 I/O-2] DEBUG o.s.c.c.CharSequenceEncoder - [a0e9810] Writing "915. foo bar"
22:42:28.664 [XNIO-10 I/O-2] DEBUG o.s.c.c.CharSequenceEncoder - [a0e9810] Writing "916. foo bar"
22:42:28.664 [XNIO-10 I/O-2] DEBUG o.s.c.c.CharSequenceEncoder - [a0e9810] Writing "917. foo bar"
22:42:28.664 [XNIO-10 I/O-2] DEBUG o.s.c.c.CharSequenceEncoder - [a0e9810] Writing "918. foo bar"
22:42:28.664 [XNIO-10 I/O-2] DEBUG o.s.c.c.CharSequenceEncoder - [a0e9810] Writing "919. foo bar"
22:42:28.664 [XNIO-10 I/O-2] DEBUG o.s.c.c.CharSequenceEncoder - [a0e9810] Writing "920. foo bar"
22:42:28.664 [XNIO-10 I/O-2] DEBUG o.s.c.c.CharSequenceEncoder - [a0e9810] Writing "921. foo bar"
22:42:28.664 [XNIO-10 I/O-2] DEBUG o.s.c.c.CharSequenceEncoder - [a0e9810] Writing "922. foo bar"
22:42:28.664 [XNIO-10 I/O-2] DEBUG o.s.c.c.CharSequenceEncoder - [a0e9810] Writing "923. foo bar"
22:42:28.664 [XNIO-10 I/O-2] DEBUG o.s.c.c.CharSequenceEncoder - [a0e9810] Writing "924. foo bar"
22:42:28.664 [XNIO-10 I/O-2] DEBUG o.s.c.c.CharSequenceEncoder - [a0e9810] Writing "925. foo bar"
22:42:28.664 [XNIO-10 I/O-2] DEBUG o.s.c.c.CharSequenceEncoder - [a0e9810] Writing "926. foo bar"
22:42:28.664 [XNIO-10 I/O-2] DEBUG o.s.c.c.CharSequenceEncoder - [a0e9810] Writing "927. foo bar"
22:42:28.664 [XNIO-10 I/O-2] DEBUG o.s.c.c.CharSequenceEncoder - [a0e9810] Writing "928. foo bar"
22:42:28.664 [XNIO-10 I/O-2] DEBUG o.s.c.c.CharSequenceEncoder - [a0e9810] Writing "929. foo bar"
22:42:28.664 [XNIO-10 I/O-2] DEBUG o.s.c.c.CharSequenceEncoder - [a0e9810] Writing "930. foo bar"
22:42:28.664 [XNIO-10 I/O-2] DEBUG o.s.c.c.CharSequenceEncoder - [a0e9810] Writing "931. foo bar"
22:42:28.664 [XNIO-10 I/O-2] DEBUG o.s.c.c.CharSequenceEncoder - [a0e9810] Writing "932. foo bar"
22:42:28.664 [XNIO-10 I/O-2] DEBUG o.s.c.c.CharSequenceEncoder - [a0e9810] Writing "933. foo bar"
22:42:28.664 [XNIO-10 I/O-2] DEBUG o.s.c.c.CharSequenceEncoder - [a0e9810] Writing "934. foo bar"
22:42:28.664 [XNIO-10 I/O-2] DEBUG o.s.c.c.CharSequenceEncoder - [a0e9810] Writing "935. foo bar"
22:42:28.664 [XNIO-10 I/O-2] DEBUG o.s.c.c.CharSequenceEncoder - [a0e9810] Writing "936. foo bar"
22:42:28.664 [XNIO-10 I/O-2] DEBUG o.s.c.c.CharSequenceEncoder - [a0e9810] Writing "937. foo bar"
22:42:28.664 [XNIO-10 I/O-2] DEBUG o.s.c.c.CharSequenceEncoder - [a0e9810] Writing "938. foo bar"
22:42:28.665 [XNIO-10 I/O-2] DEBUG o.s.c.c.CharSequenceEncoder - [a0e9810] Writing "939. foo bar"
22:42:28.665 [XNIO-10 I/O-2] DEBUG o.s.c.c.CharSequenceEncoder - [a0e9810] Writing "940. foo bar"
22:42:28.665 [XNIO-10 I/O-2] DEBUG o.s.c.c.CharSequenceEncoder - [a0e9810] Writing "941. foo bar"
22:42:28.665 [XNIO-10 I/O-2] DEBUG o.s.c.c.CharSequenceEncoder - [a0e9810] Writing "942. foo bar"
22:42:28.665 [XNIO-10 I/O-2] DEBUG o.s.c.c.CharSequenceEncoder - [a0e9810] Writing "943. foo bar"
22:42:28.665 [XNIO-10 I/O-2] DEBUG o.s.c.c.CharSequenceEncoder - [a0e9810] Writing "944. foo bar"
22:42:28.665 [XNIO-10 I/O-2] DEBUG o.s.c.c.CharSequenceEncoder - [a0e9810] Writing "945. foo bar"
22:42:28.665 [XNIO-10 I/O-2] DEBUG o.s.c.c.CharSequenceEncoder - [a0e9810] Writing "946. foo bar"
22:42:28.665 [XNIO-10 I/O-2] DEBUG o.s.c.c.CharSequenceEncoder - [a0e9810] Writing "947. foo bar"
22:42:28.665 [XNIO-10 I/O-2] DEBUG o.s.c.c.CharSequenceEncoder - [a0e9810] Writing "948. foo bar"
22:42:28.665 [XNIO-10 I/O-2] DEBUG o.s.c.c.CharSequenceEncoder - [a0e9810] Writing "949. foo bar"
22:42:28.665 [XNIO-10 I/O-2] DEBUG o.s.c.c.CharSequenceEncoder - [a0e9810] Writing "950. foo bar"
22:42:28.665 [XNIO-10 I/O-2] DEBUG o.s.c.c.CharSequenceEncoder - [a0e9810] Writing "951. foo bar"
22:42:28.665 [XNIO-10 I/O-2] DEBUG o.s.c.c.CharSequenceEncoder - [a0e9810] Writing "952. foo bar"
22:42:28.665 [XNIO-10 I/O-2] DEBUG o.s.c.c.CharSequenceEncoder - [a0e9810] Writing "953. foo bar"
22:42:28.665 [XNIO-10 I/O-2] DEBUG o.s.c.c.CharSequenceEncoder - [a0e9810] Writing "954. foo bar"
22:42:28.665 [XNIO-10 I/O-2] DEBUG o.s.c.c.CharSequenceEncoder - [a0e9810] Writing "955. foo bar"
22:42:28.665 [XNIO-10 I/O-2] DEBUG o.s.c.c.CharSequenceEncoder - [a0e9810] Writing "956. foo bar"
22:42:28.665 [XNIO-10 I/O-2] DEBUG o.s.c.c.CharSequenceEncoder - [a0e9810] Writing "957. foo bar"
22:42:28.665 [XNIO-10 I/O-2] DEBUG o.s.c.c.CharSequenceEncoder - [a0e9810] Writing "958. foo bar"
22:42:28.665 [XNIO-10 I/O-2] DEBUG o.s.c.c.CharSequenceEncoder - [a0e9810] Writing "959. foo bar"
22:42:28.665 [XNIO-10 I/O-2] DEBUG o.s.c.c.CharSequenceEncoder - [a0e9810] Writing "960. foo bar"
22:42:28.665 [XNIO-10 I/O-2] DEBUG o.s.c.c.CharSequenceEncoder - [a0e9810] Writing "961. foo bar"
22:42:28.665 [XNIO-10 I/O-2] DEBUG o.s.c.c.CharSequenceEncoder - [a0e9810] Writing "962. foo bar"
22:42:28.665 [XNIO-10 I/O-2] DEBUG o.s.c.c.CharSequenceEncoder - [a0e9810] Writing "963. foo bar"
22:42:28.665 [XNIO-10 I/O-2] DEBUG o.s.c.c.CharSequenceEncoder - [a0e9810] Writing "964. foo bar"
22:42:28.665 [XNIO-10 I/O-2] DEBUG o.s.c.c.CharSequenceEncoder - [a0e9810] Writing "965. foo bar"
22:42:28.665 [XNIO-10 I/O-2] DEBUG o.s.c.c.CharSequenceEncoder - [a0e9810] Writing "966. foo bar"
22:42:28.665 [XNIO-10 I/O-2] DEBUG o.s.c.c.CharSequenceEncoder - [a0e9810] Writing "967. foo bar"
22:42:28.665 [XNIO-10 I/O-2] DEBUG o.s.c.c.CharSequenceEncoder - [a0e9810] Writing "968. foo bar"
22:42:28.665 [XNIO-10 I/O-2] DEBUG o.s.c.c.CharSequenceEncoder - [a0e9810] Writing "969. foo bar"
22:42:28.665 [XNIO-10 I/O-2] DEBUG o.s.c.c.CharSequenceEncoder - [a0e9810] Writing "970. foo bar"
22:42:28.666 [XNIO-10 I/O-2] DEBUG o.s.c.c.CharSequenceEncoder - [a0e9810] Writing "971. foo bar"
22:42:28.666 [XNIO-10 I/O-2] DEBUG o.s.c.c.CharSequenceEncoder - [a0e9810] Writing "972. foo bar"
22:42:28.666 [XNIO-10 I/O-2] DEBUG o.s.c.c.CharSequenceEncoder - [a0e9810] Writing "973. foo bar"
22:42:28.666 [XNIO-10 I/O-2] DEBUG o.s.c.c.CharSequenceEncoder - [a0e9810] Writing "974. foo bar"
22:42:28.666 [XNIO-10 I/O-2] DEBUG o.s.c.c.CharSequenceEncoder - [a0e9810] Writing "975. foo bar"
22:42:28.666 [XNIO-10 I/O-2] DEBUG o.s.c.c.CharSequenceEncoder - [a0e9810] Writing "976. foo bar"
22:42:28.666 [XNIO-10 I/O-2] DEBUG o.s.c.c.CharSequenceEncoder - [a0e9810] Writing "977. foo bar"
22:42:28.666 [XNIO-10 I/O-2] DEBUG o.s.c.c.CharSequenceEncoder - [a0e9810] Writing "978. foo bar"
22:42:28.666 [XNIO-10 I/O-2] DEBUG o.s.c.c.CharSequenceEncoder - [a0e9810] Writing "979. foo bar"
22:42:28.666 [XNIO-10 I/O-2] DEBUG o.s.c.c.CharSequenceEncoder - [a0e9810] Writing "980. foo bar"
22:42:28.666 [XNIO-10 I/O-2] DEBUG o.s.c.c.CharSequenceEncoder - [a0e9810] Writing "981. foo bar"
22:42:28.666 [XNIO-10 I/O-2] DEBUG o.s.c.c.CharSequenceEncoder - [a0e9810] Writing "982. foo bar"
22:42:28.666 [XNIO-10 I/O-2] DEBUG o.s.c.c.CharSequenceEncoder - [a0e9810] Writing "983. foo bar"
22:42:28.666 [XNIO-10 I/O-2] DEBUG o.s.c.c.CharSequenceEncoder - [a0e9810] Writing "984. foo bar"
22:42:28.666 [XNIO-10 I/O-2] DEBUG o.s.c.c.CharSequenceEncoder - [a0e9810] Writing "985. foo bar"
22:42:28.666 [XNIO-10 I/O-2] DEBUG o.s.c.c.CharSequenceEncoder - [a0e9810] Writing "986. foo bar"
22:42:28.666 [XNIO-10 I/O-2] DEBUG o.s.c.c.CharSequenceEncoder - [a0e9810] Writing "987. foo bar"
22:42:28.666 [XNIO-10 I/O-2] DEBUG o.s.c.c.CharSequenceEncoder - [a0e9810] Writing "988. foo bar"
22:42:28.666 [XNIO-10 I/O-2] DEBUG o.s.c.c.CharSequenceEncoder - [a0e9810] Writing "989. foo bar"
22:42:28.666 [XNIO-10 I/O-2] DEBUG o.s.c.c.CharSequenceEncoder - [a0e9810] Writing "990. foo bar"
22:42:28.666 [XNIO-10 I/O-2] DEBUG o.s.c.c.CharSequenceEncoder - [a0e9810] Writing "991. foo bar"
22:42:28.666 [XNIO-10 I/O-2] DEBUG o.s.c.c.CharSequenceEncoder - [a0e9810] Writing "992. foo bar"
22:42:28.666 [XNIO-10 I/O-2] DEBUG o.s.c.c.CharSequenceEncoder - [a0e9810] Writing "993. foo bar"
22:42:28.666 [XNIO-10 I/O-2] DEBUG o.s.c.c.CharSequenceEncoder - [a0e9810] Writing "994. foo bar"
22:42:28.666 [XNIO-10 I/O-2] DEBUG o.s.c.c.CharSequenceEncoder - [a0e9810] Writing "995. foo bar"
22:42:28.666 [XNIO-10 I/O-2] DEBUG o.s.c.c.CharSequenceEncoder - [a0e9810] Writing "996. foo bar"
22:42:28.666 [XNIO-10 I/O-2] DEBUG o.s.c.c.CharSequenceEncoder - [a0e9810] Writing "997. foo bar"
22:42:28.666 [XNIO-10 I/O-2] DEBUG o.s.c.c.CharSequenceEncoder - [a0e9810] Writing "998. foo bar"
22:42:28.666 [XNIO-10 I/O-2] DEBUG o.s.c.c.CharSequenceEncoder - [a0e9810] Writing "999. foo bar"
22:42:28.667 [XNIO-10 I/O-2] ERROR o.s.w.s.a.HttpWebHandlerAdapter - [a0e9810] Error [java.lang.RuntimeException: Random error] for HTTP GET "/SPR-16051", but ServerHttpResponse already committed (200 OK)
22:42:28.667 [XNIO-10 I/O-2] DEBUG o.s.h.s.r.UndertowHttpHandlerAdapter - [a0e9810] Closing connection
22:42:28.667 [Test worker] DEBUG o.s.h.s.r.b.UndertowHttpServer - Stopping UndertowHttpServer...
22:42:28.668 [Test worker] DEBUG o.s.h.s.r.b.UndertowHttpServer - Server stopped (0 millis).
22:42:28.704 [Test worker] DEBUG o.s.w.r.r.m.a.RequestMappingHandlerMapping - 6 mappings in 'requestMappingHandlerMapping'
22:42:28.724 [Test worker] DEBUG o.s.w.r.r.m.a.ControllerMethodResolver - ControllerAdvice beans: none
22:42:28.751 [Test worker] DEBUG o.s.w.s.a.HttpWebHandlerAdapter - enableLoggingRequestDetails='false': form data and headers will be masked to prevent unsafe logging of potentially sensitive data
22:42:28.752 [Test worker] DEBUG o.s.h.s.r.b.UndertowHttpServer - Starting UndertowHttpServer...
22:42:28.755 [Test worker] DEBUG o.s.h.s.r.b.UndertowHttpServer - Server started on port 53722(0 millis).
22:42:28.755 [Test worker] DEBUG o.s.w.c.RestTemplate - HTTP GET http://localhost:53722/thrown-exception-with-cause
22:42:28.755 [Test worker] DEBUG o.s.w.c.RestTemplate - Accept=[text/plain, application/json, application/x-jackson-smile, application/*+json, */*]
22:42:28.756 [XNIO-11 I/O-2] DEBUG o.s.w.s.a.HttpWebHandlerAdapter - [4f4ef8d2] HTTP GET "/thrown-exception-with-cause"
22:42:28.756 [XNIO-11 I/O-2] DEBUG o.s.w.r.r.m.a.RequestMappingHandlerMapping - [4f4ef8d2] Mapped to org.springframework.web.reactive.result.method.annotation.RequestMappingExceptionHandlingIntegrationTests$TestController#handleAndThrowExceptionWithCause()
22:42:28.757 [XNIO-11 I/O-2] DEBUG o.s.w.r.r.m.a.RequestMappingHandlerAdapter - [4f4ef8d2] Using @ExceptionHandler org.springframework.web.reactive.result.method.annotation.RequestMappingExceptionHandlingIntegrationTests$TestController#handleStateException(IllegalStateException)
22:42:28.757 [XNIO-11 I/O-2] DEBUG o.s.w.r.r.m.a.ResponseEntityResultHandler - Using 'text/plain;charset=UTF-8' given [text/plain, application/json, application/x-jackson-smile, application/*+json, */*] and supported [text/plain;charset=UTF-8, text/event-stream, text/plain;charset=UTF-8, */*]
22:42:28.757 [XNIO-11 I/O-2] DEBUG o.s.w.r.r.m.a.ResponseEntityResultHandler - [4f4ef8d2] 0..1 [java.lang.String]
22:42:28.757 [XNIO-11 I/O-2] DEBUG o.s.c.c.CharSequenceEncoder - [4f4ef8d2] Writing "Recovered from error: State"
22:42:28.758 [XNIO-11 I/O-2] DEBUG o.s.w.s.a.HttpWebHandlerAdapter - [4f4ef8d2] Completed 200 OK
22:42:28.758 [Test worker] DEBUG o.s.w.c.RestTemplate - Response 200 OK
22:42:28.758 [Test worker] DEBUG o.s.w.c.RestTemplate - Reading to [java.lang.String] as "text/plain;charset=UTF-8"
22:42:28.758 [Test worker] DEBUG o.s.h.s.r.b.UndertowHttpServer - Stopping UndertowHttpServer...
22:42:28.758 [Test worker] DEBUG o.s.h.s.r.b.UndertowHttpServer - Server stopped (0 millis).
]]></system-out>
  <system-err><![CDATA[十一月 25, 2020 10:42:27 下午 org.apache.catalina.core.StandardService startInternal
信息: Starting service [Tomcat]
十一月 25, 2020 10:42:27 下午 org.apache.catalina.core.StandardEngine startInternal
信息: Starting Servlet engine: [Apache Tomcat/9.0.21]
十一月 25, 2020 10:42:27 下午 org.apache.coyote.AbstractProtocol init
信息: Initializing ProtocolHandler ["http-nio-auto-6"]
十一月 25, 2020 10:42:27 下午 org.apache.coyote.AbstractProtocol start
信息: Starting ProtocolHandler ["http-nio-auto-6-53689"]
十一月 25, 2020 10:42:27 下午 org.apache.coyote.AbstractProtocol pause
信息: Pausing ProtocolHandler ["http-nio-auto-6-53689"]
十一月 25, 2020 10:42:27 下午 org.apache.catalina.core.StandardService stopInternal
信息: Stopping service [Tomcat]
十一月 25, 2020 10:42:27 下午 org.apache.coyote.AbstractProtocol stop
信息: Stopping ProtocolHandler ["http-nio-auto-6-53689"]
十一月 25, 2020 10:42:27 下午 org.apache.coyote.AbstractProtocol destroy
信息: Destroying ProtocolHandler ["http-nio-auto-6-53689"]
十一月 25, 2020 10:42:27 下午 org.apache.catalina.core.StandardService startInternal
信息: Starting service [Tomcat]
十一月 25, 2020 10:42:27 下午 org.apache.catalina.core.StandardEngine startInternal
信息: Starting Servlet engine: [Apache Tomcat/9.0.21]
十一月 25, 2020 10:42:27 下午 org.apache.coyote.AbstractProtocol init
信息: Initializing ProtocolHandler ["http-nio-auto-7"]
十一月 25, 2020 10:42:27 下午 org.apache.coyote.AbstractProtocol start
信息: Starting ProtocolHandler ["http-nio-auto-7-53692"]
十一月 25, 2020 10:42:27 下午 org.apache.coyote.AbstractProtocol pause
信息: Pausing ProtocolHandler ["http-nio-auto-7-53692"]
十一月 25, 2020 10:42:27 下午 org.apache.catalina.core.StandardService stopInternal
信息: Stopping service [Tomcat]
十一月 25, 2020 10:42:27 下午 org.apache.coyote.AbstractProtocol stop
信息: Stopping ProtocolHandler ["http-nio-auto-7-53692"]
十一月 25, 2020 10:42:27 下午 org.apache.coyote.AbstractProtocol destroy
信息: Destroying ProtocolHandler ["http-nio-auto-7-53692"]
十一月 25, 2020 10:42:27 下午 org.apache.catalina.core.StandardService startInternal
信息: Starting service [Tomcat]
十一月 25, 2020 10:42:27 下午 org.apache.catalina.core.StandardEngine startInternal
信息: Starting Servlet engine: [Apache Tomcat/9.0.21]
十一月 25, 2020 10:42:27 下午 org.apache.coyote.AbstractProtocol init
信息: Initializing ProtocolHandler ["http-nio-auto-8"]
十一月 25, 2020 10:42:27 下午 org.apache.coyote.AbstractProtocol start
信息: Starting ProtocolHandler ["http-nio-auto-8-53695"]
十一月 25, 2020 10:42:27 下午 org.apache.coyote.AbstractProtocol pause
信息: Pausing ProtocolHandler ["http-nio-auto-8-53695"]
十一月 25, 2020 10:42:27 下午 org.apache.catalina.core.StandardService stopInternal
信息: Stopping service [Tomcat]
十一月 25, 2020 10:42:27 下午 org.apache.coyote.AbstractProtocol stop
信息: Stopping ProtocolHandler ["http-nio-auto-8-53695"]
十一月 25, 2020 10:42:27 下午 org.apache.coyote.AbstractProtocol destroy
信息: Destroying ProtocolHandler ["http-nio-auto-8-53695"]
十一月 25, 2020 10:42:27 下午 org.apache.catalina.core.StandardService startInternal
信息: Starting service [Tomcat]
十一月 25, 2020 10:42:27 下午 org.apache.catalina.core.StandardEngine startInternal
信息: Starting Servlet engine: [Apache Tomcat/9.0.21]
十一月 25, 2020 10:42:27 下午 org.apache.coyote.AbstractProtocol init
信息: Initializing ProtocolHandler ["http-nio-auto-9"]
十一月 25, 2020 10:42:27 下午 org.apache.coyote.AbstractProtocol start
信息: Starting ProtocolHandler ["http-nio-auto-9-53698"]
十一月 25, 2020 10:42:27 下午 org.apache.coyote.AbstractProtocol pause
信息: Pausing ProtocolHandler ["http-nio-auto-9-53698"]
十一月 25, 2020 10:42:27 下午 org.apache.catalina.core.StandardService stopInternal
信息: Stopping service [Tomcat]
十一月 25, 2020 10:42:27 下午 org.apache.coyote.AbstractProtocol stop
信息: Stopping ProtocolHandler ["http-nio-auto-9-53698"]
十一月 25, 2020 10:42:27 下午 org.apache.coyote.AbstractProtocol destroy
信息: Destroying ProtocolHandler ["http-nio-auto-9-53698"]
十一月 25, 2020 10:42:27 下午 org.apache.catalina.core.StandardService startInternal
信息: Starting service [Tomcat]
十一月 25, 2020 10:42:27 下午 org.apache.catalina.core.StandardEngine startInternal
信息: Starting Servlet engine: [Apache Tomcat/9.0.21]
十一月 25, 2020 10:42:27 下午 org.apache.coyote.AbstractProtocol init
信息: Initializing ProtocolHandler ["http-nio-auto-10"]
十一月 25, 2020 10:42:27 下午 org.apache.coyote.AbstractProtocol start
信息: Starting ProtocolHandler ["http-nio-auto-10-53701"]
十一月 25, 2020 10:42:27 下午 org.apache.catalina.core.ApplicationDispatcher invoke
严重: Servlet.service() for servlet [httpHandlerServlet] threw exception
java.lang.RuntimeException: Random error
	at org.springframework.web.reactive.result.method.annotation.RequestMappingExceptionHandlingIntegrationTests$TestController.lambda$errors$0(RequestMappingExceptionHandlingIntegrationTests.java:142)
	at reactor.core.publisher.FluxMapFuseable$MapFuseableSubscriber.onNext(FluxMapFuseable.java:107)
	at reactor.core.publisher.FluxRange$RangeSubscription.slowPath(FluxRange.java:154)
	at reactor.core.publisher.FluxRange$RangeSubscription.request(FluxRange.java:109)
	at reactor.core.publisher.FluxMapFuseable$MapFuseableSubscriber.request(FluxMapFuseable.java:162)
	at reactor.core.publisher.FluxMapFuseable$MapFuseableSubscriber.request(FluxMapFuseable.java:162)
	at org.springframework.http.server.reactive.ChannelSendOperator$WriteBarrier.request(ChannelSendOperator.java:256)
	at org.springframework.http.server.reactive.AbstractListenerWriteProcessor$State$3.onWritePossible(AbstractListenerWriteProcessor.java:362)
	at org.springframework.http.server.reactive.AbstractListenerWriteProcessor.onWritePossible(AbstractListenerWriteProcessor.java:143)
	at org.springframework.http.server.reactive.ServletServerHttpResponse$ResponseBodyWriteListener.onWritePossible(ServletServerHttpResponse.java:254)
	at org.apache.coyote.Response.onWritePossible(Response.java:760)
	at org.apache.catalina.connector.CoyoteAdapter.asyncDispatch(CoyoteAdapter.java:188)
	at org.apache.coyote.AbstractProcessor.dispatch(AbstractProcessor.java:241)
	at org.apache.coyote.AbstractProcessorLight.process(AbstractProcessorLight.java:53)
	at org.apache.coyote.AbstractProtocol$ConnectionHandler.process(AbstractProtocol.java:853)
	at org.apache.tomcat.util.net.NioEndpoint$SocketProcessor.doRun(NioEndpoint.java:1587)
	at org.apache.tomcat.util.net.SocketProcessorBase.run(SocketProcessorBase.java:49)
	at java.util.concurrent.ThreadPoolExecutor.runWorker(ThreadPoolExecutor.java:1149)
	at java.util.concurrent.ThreadPoolExecutor$Worker.run(ThreadPoolExecutor.java:624)
	at org.apache.tomcat.util.threads.TaskThread$WrappingRunnable.run(TaskThread.java:61)
	at java.lang.Thread.run(Thread.java:748)
	Suppressed: reactor.core.publisher.FluxOnAssembly$OnAssemblyException: 
Error has been observed at the following site(s):
	|_ checkpoint ⇢ Handler org.springframework.web.reactive.result.method.annotation.RequestMappingExceptionHandlingIntegrationTests$TestController#errors() [DispatcherHandler]
	|_ checkpoint ⇢ HTTP GET "/SPR-16051" [ExceptionHandlingWebHandler]


十一月 25, 2020 10:42:27 下午 org.apache.catalina.core.StandardWrapperValve invoke
严重: Servlet.service() for servlet [httpHandlerServlet] in context with path [] threw exception [Failed to create response content] with root cause
java.lang.RuntimeException: Random error
	at org.springframework.web.reactive.result.method.annotation.RequestMappingExceptionHandlingIntegrationTests$TestController.lambda$errors$0(RequestMappingExceptionHandlingIntegrationTests.java:142)
	at reactor.core.publisher.FluxMapFuseable$MapFuseableSubscriber.onNext(FluxMapFuseable.java:107)
	at reactor.core.publisher.FluxRange$RangeSubscription.slowPath(FluxRange.java:154)
	at reactor.core.publisher.FluxRange$RangeSubscription.request(FluxRange.java:109)
	at reactor.core.publisher.FluxMapFuseable$MapFuseableSubscriber.request(FluxMapFuseable.java:162)
	at reactor.core.publisher.FluxMapFuseable$MapFuseableSubscriber.request(FluxMapFuseable.java:162)
	at org.springframework.http.server.reactive.ChannelSendOperator$WriteBarrier.request(ChannelSendOperator.java:256)
	at org.springframework.http.server.reactive.AbstractListenerWriteProcessor$State$3.onWritePossible(AbstractListenerWriteProcessor.java:362)
	at org.springframework.http.server.reactive.AbstractListenerWriteProcessor.onWritePossible(AbstractListenerWriteProcessor.java:143)
	at org.springframework.http.server.reactive.ServletServerHttpResponse$ResponseBodyWriteListener.onWritePossible(ServletServerHttpResponse.java:254)
	at org.apache.coyote.Response.onWritePossible(Response.java:760)
	at org.apache.catalina.connector.CoyoteAdapter.asyncDispatch(CoyoteAdapter.java:188)
	at org.apache.coyote.AbstractProcessor.dispatch(AbstractProcessor.java:241)
	at org.apache.coyote.AbstractProcessorLight.process(AbstractProcessorLight.java:53)
	at org.apache.coyote.AbstractProtocol$ConnectionHandler.process(AbstractProtocol.java:853)
	at org.apache.tomcat.util.net.NioEndpoint$SocketProcessor.doRun(NioEndpoint.java:1587)
	at org.apache.tomcat.util.net.SocketProcessorBase.run(SocketProcessorBase.java:49)
	at java.util.concurrent.ThreadPoolExecutor.runWorker(ThreadPoolExecutor.java:1149)
	at java.util.concurrent.ThreadPoolExecutor$Worker.run(ThreadPoolExecutor.java:624)
	at org.apache.tomcat.util.threads.TaskThread$WrappingRunnable.run(TaskThread.java:61)
	at java.lang.Thread.run(Thread.java:748)
	Suppressed: reactor.core.publisher.FluxOnAssembly$OnAssemblyException: 
Error has been observed at the following site(s):
	|_ checkpoint ⇢ Handler org.springframework.web.reactive.result.method.annotation.RequestMappingExceptionHandlingIntegrationTests$TestController#errors() [DispatcherHandler]
	|_ checkpoint ⇢ HTTP GET "/SPR-16051" [ExceptionHandlingWebHandler]


十一月 25, 2020 10:42:27 下午 org.apache.coyote.AbstractProtocol pause
信息: Pausing ProtocolHandler ["http-nio-auto-10-53701"]
十一月 25, 2020 10:42:27 下午 org.apache.catalina.core.StandardService stopInternal
信息: Stopping service [Tomcat]
十一月 25, 2020 10:42:27 下午 org.apache.coyote.AbstractProtocol stop
信息: Stopping ProtocolHandler ["http-nio-auto-10-53701"]
十一月 25, 2020 10:42:27 下午 org.apache.coyote.AbstractProtocol destroy
信息: Destroying ProtocolHandler ["http-nio-auto-10-53701"]
十一月 25, 2020 10:42:28 下午 org.apache.catalina.core.StandardService startInternal
信息: Starting service [Tomcat]
十一月 25, 2020 10:42:28 下午 org.apache.catalina.core.StandardEngine startInternal
信息: Starting Servlet engine: [Apache Tomcat/9.0.21]
十一月 25, 2020 10:42:28 下午 org.apache.coyote.AbstractProtocol init
信息: Initializing ProtocolHandler ["http-nio-auto-11"]
十一月 25, 2020 10:42:28 下午 org.apache.coyote.AbstractProtocol start
信息: Starting ProtocolHandler ["http-nio-auto-11-53704"]
十一月 25, 2020 10:42:28 下午 org.apache.coyote.AbstractProtocol pause
信息: Pausing ProtocolHandler ["http-nio-auto-11-53704"]
十一月 25, 2020 10:42:28 下午 org.apache.catalina.core.StandardService stopInternal
信息: Stopping service [Tomcat]
十一月 25, 2020 10:42:28 下午 org.apache.coyote.AbstractProtocol stop
信息: Stopping ProtocolHandler ["http-nio-auto-11-53704"]
十一月 25, 2020 10:42:28 下午 org.apache.coyote.AbstractProtocol destroy
信息: Destroying ProtocolHandler ["http-nio-auto-11-53704"]
]]></system-err>
</testsuite>
