<?xml version="1.0" encoding="UTF-8"?>
<testsuite name="org.springframework.web.reactive.result.method.annotation.CrossOriginAnnotationIntegrationTests" tests="48" skipped="0" failures="0" errors="0" timestamp="2020-11-25T14:43:17" hostname="lichangbaodeMacBook-Pro.local" time="3.689">
  <properties/>
  <testcase name="customOriginDefinedViaPlaceholder[server [org.springframework.http.server.reactive.bootstrap.JettyHttpServer@50158e69]]" classname="org.springframework.web.reactive.result.method.annotation.CrossOriginAnnotationIntegrationTests" time="0.084"/>
  <testcase name="actualGetRequestWithoutAnnotation[server [org.springframework.http.server.reactive.bootstrap.JettyHttpServer@50158e69]]" classname="org.springframework.web.reactive.result.method.annotation.CrossOriginAnnotationIntegrationTests" time="0.072"/>
  <testcase name="customOriginDefinedViaValueAttribute[server [org.springframework.http.server.reactive.bootstrap.JettyHttpServer@50158e69]]" classname="org.springframework.web.reactive.result.method.annotation.CrossOriginAnnotationIntegrationTests" time="0.073"/>
  <testcase name="classLevel[server [org.springframework.http.server.reactive.bootstrap.JettyHttpServer@50158e69]]" classname="org.springframework.web.reactive.result.method.annotation.CrossOriginAnnotationIntegrationTests" time="0.075"/>
  <testcase name="actualRequestWithDefaultAnnotationAndNoOrigin[server [org.springframework.http.server.reactive.bootstrap.JettyHttpServer@50158e69]]" classname="org.springframework.web.reactive.result.method.annotation.CrossOriginAnnotationIntegrationTests" time="0.071"/>
  <testcase name="actualRequestWithCustomizedAnnotation[server [org.springframework.http.server.reactive.bootstrap.JettyHttpServer@50158e69]]" classname="org.springframework.web.reactive.result.method.annotation.CrossOriginAnnotationIntegrationTests" time="0.071"/>
  <testcase name="ambiguousHeaderPreflightRequest[server [org.springframework.http.server.reactive.bootstrap.JettyHttpServer@50158e69]]" classname="org.springframework.web.reactive.result.method.annotation.CrossOriginAnnotationIntegrationTests" time="0.071"/>
  <testcase name="ambiguousProducesPreflightRequest[server [org.springframework.http.server.reactive.bootstrap.JettyHttpServer@50158e69]]" classname="org.springframework.web.reactive.result.method.annotation.CrossOriginAnnotationIntegrationTests" time="0.073"/>
  <testcase name="preflightRequestWithDefaultAnnotation[server [org.springframework.http.server.reactive.bootstrap.JettyHttpServer@50158e69]]" classname="org.springframework.web.reactive.result.method.annotation.CrossOriginAnnotationIntegrationTests" time="0.071"/>
  <testcase name="preflightRequestWithCustomizedAnnotation[server [org.springframework.http.server.reactive.bootstrap.JettyHttpServer@50158e69]]" classname="org.springframework.web.reactive.result.method.annotation.CrossOriginAnnotationIntegrationTests" time="0.071"/>
  <testcase name="actualRequestWithDefaultAnnotation[server [org.springframework.http.server.reactive.bootstrap.JettyHttpServer@50158e69]]" classname="org.springframework.web.reactive.result.method.annotation.CrossOriginAnnotationIntegrationTests" time="0.07"/>
  <testcase name="actualPostRequestWithoutAnnotation[server [org.springframework.http.server.reactive.bootstrap.JettyHttpServer@50158e69]]" classname="org.springframework.web.reactive.result.method.annotation.CrossOriginAnnotationIntegrationTests" time="0.073"/>
  <testcase name="customOriginDefinedViaPlaceholder[server [org.springframework.http.server.reactive.bootstrap.ReactorHttpServer@799e9d09]]" classname="org.springframework.web.reactive.result.method.annotation.CrossOriginAnnotationIntegrationTests" time="0.069"/>
  <testcase name="actualGetRequestWithoutAnnotation[server [org.springframework.http.server.reactive.bootstrap.ReactorHttpServer@799e9d09]]" classname="org.springframework.web.reactive.result.method.annotation.CrossOriginAnnotationIntegrationTests" time="0.068"/>
  <testcase name="customOriginDefinedViaValueAttribute[server [org.springframework.http.server.reactive.bootstrap.ReactorHttpServer@799e9d09]]" classname="org.springframework.web.reactive.result.method.annotation.CrossOriginAnnotationIntegrationTests" time="0.067"/>
  <testcase name="classLevel[server [org.springframework.http.server.reactive.bootstrap.ReactorHttpServer@799e9d09]]" classname="org.springframework.web.reactive.result.method.annotation.CrossOriginAnnotationIntegrationTests" time="0.073"/>
  <testcase name="actualRequestWithDefaultAnnotationAndNoOrigin[server [org.springframework.http.server.reactive.bootstrap.ReactorHttpServer@799e9d09]]" classname="org.springframework.web.reactive.result.method.annotation.CrossOriginAnnotationIntegrationTests" time="0.069"/>
  <testcase name="actualRequestWithCustomizedAnnotation[server [org.springframework.http.server.reactive.bootstrap.ReactorHttpServer@799e9d09]]" classname="org.springframework.web.reactive.result.method.annotation.CrossOriginAnnotationIntegrationTests" time="0.069"/>
  <testcase name="ambiguousHeaderPreflightRequest[server [org.springframework.http.server.reactive.bootstrap.ReactorHttpServer@799e9d09]]" classname="org.springframework.web.reactive.result.method.annotation.CrossOriginAnnotationIntegrationTests" time="0.077"/>
  <testcase name="ambiguousProducesPreflightRequest[server [org.springframework.http.server.reactive.bootstrap.ReactorHttpServer@799e9d09]]" classname="org.springframework.web.reactive.result.method.annotation.CrossOriginAnnotationIntegrationTests" time="0.071"/>
  <testcase name="preflightRequestWithDefaultAnnotation[server [org.springframework.http.server.reactive.bootstrap.ReactorHttpServer@799e9d09]]" classname="org.springframework.web.reactive.result.method.annotation.CrossOriginAnnotationIntegrationTests" time="0.068"/>
  <testcase name="preflightRequestWithCustomizedAnnotation[server [org.springframework.http.server.reactive.bootstrap.ReactorHttpServer@799e9d09]]" classname="org.springframework.web.reactive.result.method.annotation.CrossOriginAnnotationIntegrationTests" time="0.073"/>
  <testcase name="actualRequestWithDefaultAnnotation[server [org.springframework.http.server.reactive.bootstrap.ReactorHttpServer@799e9d09]]" classname="org.springframework.web.reactive.result.method.annotation.CrossOriginAnnotationIntegrationTests" time="0.069"/>
  <testcase name="actualPostRequestWithoutAnnotation[server [org.springframework.http.server.reactive.bootstrap.ReactorHttpServer@799e9d09]]" classname="org.springframework.web.reactive.result.method.annotation.CrossOriginAnnotationIntegrationTests" time="0.07"/>
  <testcase name="customOriginDefinedViaPlaceholder[server [org.springframework.http.server.reactive.bootstrap.TomcatHttpServer@2a167e12]]" classname="org.springframework.web.reactive.result.method.annotation.CrossOriginAnnotationIntegrationTests" time="0.084"/>
  <testcase name="actualGetRequestWithoutAnnotation[server [org.springframework.http.server.reactive.bootstrap.TomcatHttpServer@2a167e12]]" classname="org.springframework.web.reactive.result.method.annotation.CrossOriginAnnotationIntegrationTests" time="0.09"/>
  <testcase name="customOriginDefinedViaValueAttribute[server [org.springframework.http.server.reactive.bootstrap.TomcatHttpServer@2a167e12]]" classname="org.springframework.web.reactive.result.method.annotation.CrossOriginAnnotationIntegrationTests" time="0.099"/>
  <testcase name="classLevel[server [org.springframework.http.server.reactive.bootstrap.TomcatHttpServer@2a167e12]]" classname="org.springframework.web.reactive.result.method.annotation.CrossOriginAnnotationIntegrationTests" time="0.106"/>
  <testcase name="actualRequestWithDefaultAnnotationAndNoOrigin[server [org.springframework.http.server.reactive.bootstrap.TomcatHttpServer@2a167e12]]" classname="org.springframework.web.reactive.result.method.annotation.CrossOriginAnnotationIntegrationTests" time="0.099"/>
  <testcase name="actualRequestWithCustomizedAnnotation[server [org.springframework.http.server.reactive.bootstrap.TomcatHttpServer@2a167e12]]" classname="org.springframework.web.reactive.result.method.annotation.CrossOriginAnnotationIntegrationTests" time="0.094"/>
  <testcase name="ambiguousHeaderPreflightRequest[server [org.springframework.http.server.reactive.bootstrap.TomcatHttpServer@2a167e12]]" classname="org.springframework.web.reactive.result.method.annotation.CrossOriginAnnotationIntegrationTests" time="0.089"/>
  <testcase name="ambiguousProducesPreflightRequest[server [org.springframework.http.server.reactive.bootstrap.TomcatHttpServer@2a167e12]]" classname="org.springframework.web.reactive.result.method.annotation.CrossOriginAnnotationIntegrationTests" time="0.086"/>
  <testcase name="preflightRequestWithDefaultAnnotation[server [org.springframework.http.server.reactive.bootstrap.TomcatHttpServer@2a167e12]]" classname="org.springframework.web.reactive.result.method.annotation.CrossOriginAnnotationIntegrationTests" time="0.091"/>
  <testcase name="preflightRequestWithCustomizedAnnotation[server [org.springframework.http.server.reactive.bootstrap.TomcatHttpServer@2a167e12]]" classname="org.springframework.web.reactive.result.method.annotation.CrossOriginAnnotationIntegrationTests" time="0.086"/>
  <testcase name="actualRequestWithDefaultAnnotation[server [org.springframework.http.server.reactive.bootstrap.TomcatHttpServer@2a167e12]]" classname="org.springframework.web.reactive.result.method.annotation.CrossOriginAnnotationIntegrationTests" time="0.091"/>
  <testcase name="actualPostRequestWithoutAnnotation[server [org.springframework.http.server.reactive.bootstrap.TomcatHttpServer@2a167e12]]" classname="org.springframework.web.reactive.result.method.annotation.CrossOriginAnnotationIntegrationTests" time="0.089"/>
  <testcase name="customOriginDefinedViaPlaceholder[server [org.springframework.http.server.reactive.bootstrap.UndertowHttpServer@63dabbf8]]" classname="org.springframework.web.reactive.result.method.annotation.CrossOriginAnnotationIntegrationTests" time="0.077"/>
  <testcase name="actualGetRequestWithoutAnnotation[server [org.springframework.http.server.reactive.bootstrap.UndertowHttpServer@63dabbf8]]" classname="org.springframework.web.reactive.result.method.annotation.CrossOriginAnnotationIntegrationTests" time="0.069"/>
  <testcase name="customOriginDefinedViaValueAttribute[server [org.springframework.http.server.reactive.bootstrap.UndertowHttpServer@63dabbf8]]" classname="org.springframework.web.reactive.result.method.annotation.CrossOriginAnnotationIntegrationTests" time="0.076"/>
  <testcase name="classLevel[server [org.springframework.http.server.reactive.bootstrap.UndertowHttpServer@63dabbf8]]" classname="org.springframework.web.reactive.result.method.annotation.CrossOriginAnnotationIntegrationTests" time="0.079"/>
  <testcase name="actualRequestWithDefaultAnnotationAndNoOrigin[server [org.springframework.http.server.reactive.bootstrap.UndertowHttpServer@63dabbf8]]" classname="org.springframework.web.reactive.result.method.annotation.CrossOriginAnnotationIntegrationTests" time="0.071"/>
  <testcase name="actualRequestWithCustomizedAnnotation[server [org.springframework.http.server.reactive.bootstrap.UndertowHttpServer@63dabbf8]]" classname="org.springframework.web.reactive.result.method.annotation.CrossOriginAnnotationIntegrationTests" time="0.071"/>
  <testcase name="ambiguousHeaderPreflightRequest[server [org.springframework.http.server.reactive.bootstrap.UndertowHttpServer@63dabbf8]]" classname="org.springframework.web.reactive.result.method.annotation.CrossOriginAnnotationIntegrationTests" time="0.073"/>
  <testcase name="ambiguousProducesPreflightRequest[server [org.springframework.http.server.reactive.bootstrap.UndertowHttpServer@63dabbf8]]" classname="org.springframework.web.reactive.result.method.annotation.CrossOriginAnnotationIntegrationTests" time="0.069"/>
  <testcase name="preflightRequestWithDefaultAnnotation[server [org.springframework.http.server.reactive.bootstrap.UndertowHttpServer@63dabbf8]]" classname="org.springframework.web.reactive.result.method.annotation.CrossOriginAnnotationIntegrationTests" time="0.069"/>
  <testcase name="preflightRequestWithCustomizedAnnotation[server [org.springframework.http.server.reactive.bootstrap.UndertowHttpServer@63dabbf8]]" classname="org.springframework.web.reactive.result.method.annotation.CrossOriginAnnotationIntegrationTests" time="0.069"/>
  <testcase name="actualRequestWithDefaultAnnotation[server [org.springframework.http.server.reactive.bootstrap.UndertowHttpServer@63dabbf8]]" classname="org.springframework.web.reactive.result.method.annotation.CrossOriginAnnotationIntegrationTests" time="0.068"/>
  <testcase name="actualPostRequestWithoutAnnotation[server [org.springframework.http.server.reactive.bootstrap.UndertowHttpServer@63dabbf8]]" classname="org.springframework.web.reactive.result.method.annotation.CrossOriginAnnotationIntegrationTests" time="0.076"/>
  <system-out><![CDATA[22:43:17.168 [Test worker] DEBUG o.s.w.r.r.m.a.RequestMappingHandlerMapping - 14 mappings in 'requestMappingHandlerMapping'
22:43:17.183 [Test worker] DEBUG o.s.w.r.r.m.a.ControllerMethodResolver - ControllerAdvice beans: none
22:43:17.206 [Test worker] DEBUG o.s.w.s.a.HttpWebHandlerAdapter - enableLoggingRequestDetails='false': form data and headers will be masked to prevent unsafe logging of potentially sensitive data
22:43:17.206 [Test worker] WARN  o.e.j.s.h.ContextHandler - Empty contextPath
22:43:17.206 [Test worker] INFO  o.e.j.s.h.ContextHandler - Started o.e.j.s.ServletContextHandler@719d770a{/,null,AVAILABLE}
22:43:17.206 [Test worker] DEBUG o.s.h.s.r.b.JettyHttpServer - Starting JettyHttpServer...
22:43:17.206 [Test worker] INFO  o.e.j.s.Server - jetty-9.4.18.v20190429; built: 2019-04-29T20:42:08.989Z; git: e1bc35120a6617ee3df052294e433f3a25ce7097; jvm 1.8.0_211-b12
22:43:17.208 [Test worker] INFO  o.e.j.s.AbstractConnector - Started ServerConnector@328de9bf{HTTP/1.1,[http/1.1]}{0.0.0.0:54703}
22:43:17.208 [Test worker] INFO  o.e.j.s.Server - Started @69634ms
22:43:17.208 [Test worker] DEBUG o.s.h.s.r.b.JettyHttpServer - Server started on port 54703(0 millis).
22:43:17.208 [Test worker] DEBUG o.s.w.c.RestTemplate - HTTP GET http://localhost:54703/origin-placeholder
22:43:17.208 [Test worker] DEBUG o.s.w.c.RestTemplate - Accept=[text/plain, application/json, application/x-jackson-smile, application/*+json, */*]
22:43:17.210 [qtp16639866-5019] DEBUG o.s.w.s.a.HttpWebHandlerAdapter - [558f138a] HTTP GET "/origin-placeholder"
22:43:17.210 [qtp16639866-5019] DEBUG o.s.w.r.r.m.a.RequestMappingHandlerMapping - [558f138a] Mapped to org.springframework.web.reactive.result.method.annotation.CrossOriginAnnotationIntegrationTests$MethodLevelController#customOriginDefinedViaPlaceholder()
22:43:17.211 [qtp16639866-5019] DEBUG o.s.w.r.r.m.a.ResponseBodyResultHandler - Using 'text/plain;charset=UTF-8' given [text/plain, application/json, application/x-jackson-smile, application/*+json, */*] and supported [text/plain;charset=UTF-8, text/event-stream, text/plain;charset=UTF-8, */*]
22:43:17.211 [qtp16639866-5019] DEBUG o.s.w.r.r.m.a.ResponseBodyResultHandler - [558f138a] 0..1 [java.lang.String]
22:43:17.211 [qtp16639866-5019] DEBUG o.s.c.c.CharSequenceEncoder - [558f138a] Writing "placeholder"
22:43:17.211 [qtp16639866-5019] DEBUG o.s.w.s.a.HttpWebHandlerAdapter - [558f138a] Completed 200 OK
22:43:17.211 [Test worker] DEBUG o.s.w.c.RestTemplate - Response 200 OK
22:43:17.211 [Test worker] DEBUG o.s.w.c.RestTemplate - Reading to [java.lang.String] as "text/plain;charset=utf-8"
22:43:17.212 [Test worker] DEBUG o.s.h.s.r.b.JettyHttpServer - Stopping JettyHttpServer...
22:43:17.212 [Test worker] INFO  o.e.j.s.h.ContextHandler - Stopped o.e.j.s.ServletContextHandler@719d770a{/,null,UNAVAILABLE}
22:43:17.212 [Test worker] INFO  o.e.j.s.AbstractConnector - Stopped ServerConnector@328de9bf{HTTP/1.1,[http/1.1]}{0.0.0.0:0}
22:43:17.213 [Test worker] DEBUG o.s.h.s.r.b.JettyHttpServer - Server stopped (0 millis).
22:43:17.241 [Test worker] DEBUG o.s.w.r.r.m.a.RequestMappingHandlerMapping - 14 mappings in 'requestMappingHandlerMapping'
22:43:17.257 [Test worker] DEBUG o.s.w.r.r.m.a.ControllerMethodResolver - ControllerAdvice beans: none
22:43:17.280 [Test worker] DEBUG o.s.w.s.a.HttpWebHandlerAdapter - enableLoggingRequestDetails='false': form data and headers will be masked to prevent unsafe logging of potentially sensitive data
22:43:17.280 [Test worker] WARN  o.e.j.s.h.ContextHandler - Empty contextPath
22:43:17.280 [Test worker] INFO  o.e.j.s.h.ContextHandler - Started o.e.j.s.ServletContextHandler@4d44124a{/,null,AVAILABLE}
22:43:17.280 [Test worker] DEBUG o.s.h.s.r.b.JettyHttpServer - Starting JettyHttpServer...
22:43:17.280 [Test worker] INFO  o.e.j.s.Server - jetty-9.4.18.v20190429; built: 2019-04-29T20:42:08.989Z; git: e1bc35120a6617ee3df052294e433f3a25ce7097; jvm 1.8.0_211-b12
22:43:17.281 [Test worker] INFO  o.e.j.s.AbstractConnector - Started ServerConnector@69c7408a{HTTP/1.1,[http/1.1]}{0.0.0.0:54705}
22:43:17.281 [Test worker] INFO  o.e.j.s.Server - Started @69708ms
22:43:17.281 [Test worker] DEBUG o.s.h.s.r.b.JettyHttpServer - Server started on port 54705(0 millis).
22:43:17.282 [Test worker] DEBUG o.s.w.c.RestTemplate - HTTP GET http://localhost:54705/no
22:43:17.282 [Test worker] DEBUG o.s.w.c.RestTemplate - Accept=[text/plain, application/json, application/x-jackson-smile, application/*+json, */*]
22:43:17.283 [qtp1576331546-5033] DEBUG o.s.w.s.a.HttpWebHandlerAdapter - [5e41603] HTTP GET "/no"
22:43:17.283 [qtp1576331546-5033] DEBUG o.s.w.r.r.m.a.RequestMappingHandlerMapping - [5e41603] Mapped to org.springframework.web.reactive.result.method.annotation.CrossOriginAnnotationIntegrationTests$MethodLevelController#noAnnotation()
22:43:17.283 [qtp1576331546-5033] DEBUG o.s.w.r.r.m.a.ResponseBodyResultHandler - Using 'text/plain;charset=UTF-8' given [text/plain, application/json, application/x-jackson-smile, application/*+json, */*] and supported [text/plain;charset=UTF-8, text/event-stream, text/plain;charset=UTF-8, */*]
22:43:17.283 [qtp1576331546-5033] DEBUG o.s.w.r.r.m.a.ResponseBodyResultHandler - [5e41603] 0..1 [java.lang.String]
22:43:17.284 [qtp1576331546-5033] DEBUG o.s.c.c.CharSequenceEncoder - [5e41603] Writing "no"
22:43:17.284 [qtp1576331546-5033] DEBUG o.s.w.s.a.HttpWebHandlerAdapter - [5e41603] Completed 200 OK
22:43:17.284 [Test worker] DEBUG o.s.w.c.RestTemplate - Response 200 OK
22:43:17.284 [Test worker] DEBUG o.s.w.c.RestTemplate - Reading to [java.lang.String] as "text/plain;charset=utf-8"
22:43:17.284 [Test worker] DEBUG o.s.h.s.r.b.JettyHttpServer - Stopping JettyHttpServer...
22:43:17.284 [Test worker] INFO  o.e.j.s.h.ContextHandler - Stopped o.e.j.s.ServletContextHandler@4d44124a{/,null,UNAVAILABLE}
22:43:17.285 [Test worker] INFO  o.e.j.s.AbstractConnector - Stopped ServerConnector@69c7408a{HTTP/1.1,[http/1.1]}{0.0.0.0:0}
22:43:17.286 [Test worker] DEBUG o.s.h.s.r.b.JettyHttpServer - Server stopped (0 millis).
22:43:17.315 [Test worker] DEBUG o.s.w.r.r.m.a.RequestMappingHandlerMapping - 14 mappings in 'requestMappingHandlerMapping'
22:43:17.329 [Test worker] DEBUG o.s.w.r.r.m.a.ControllerMethodResolver - ControllerAdvice beans: none
22:43:17.352 [Test worker] DEBUG o.s.w.s.a.HttpWebHandlerAdapter - enableLoggingRequestDetails='false': form data and headers will be masked to prevent unsafe logging of potentially sensitive data
22:43:17.352 [Test worker] WARN  o.e.j.s.h.ContextHandler - Empty contextPath
22:43:17.352 [Test worker] INFO  o.e.j.s.h.ContextHandler - Started o.e.j.s.ServletContextHandler@337c3543{/,null,AVAILABLE}
22:43:17.352 [Test worker] DEBUG o.s.h.s.r.b.JettyHttpServer - Starting JettyHttpServer...
22:43:17.352 [Test worker] INFO  o.e.j.s.Server - jetty-9.4.18.v20190429; built: 2019-04-29T20:42:08.989Z; git: e1bc35120a6617ee3df052294e433f3a25ce7097; jvm 1.8.0_211-b12
22:43:17.353 [Test worker] INFO  o.e.j.s.AbstractConnector - Started ServerConnector@54ec2bde{HTTP/1.1,[http/1.1]}{0.0.0.0:54707}
22:43:17.354 [Test worker] INFO  o.e.j.s.Server - Started @69780ms
22:43:17.354 [Test worker] DEBUG o.s.h.s.r.b.JettyHttpServer - Server started on port 54707(0 millis).
22:43:17.354 [Test worker] DEBUG o.s.w.c.RestTemplate - HTTP GET http://localhost:54707/origin-value-attribute
22:43:17.354 [Test worker] DEBUG o.s.w.c.RestTemplate - Accept=[text/plain, application/json, application/x-jackson-smile, application/*+json, */*]
22:43:17.355 [qtp526875275-5047] DEBUG o.s.w.s.a.HttpWebHandlerAdapter - [7be88f18] HTTP GET "/origin-value-attribute"
22:43:17.355 [qtp526875275-5047] DEBUG o.s.w.r.r.m.a.RequestMappingHandlerMapping - [7be88f18] Mapped to org.springframework.web.reactive.result.method.annotation.CrossOriginAnnotationIntegrationTests$MethodLevelController#customOriginDefinedViaValueAttribute()
22:43:17.356 [qtp526875275-5047] DEBUG o.s.w.r.r.m.a.ResponseBodyResultHandler - Using 'text/plain;charset=UTF-8' given [text/plain, application/json, application/x-jackson-smile, application/*+json, */*] and supported [text/plain;charset=UTF-8, text/event-stream, text/plain;charset=UTF-8, */*]
22:43:17.356 [qtp526875275-5047] DEBUG o.s.w.r.r.m.a.ResponseBodyResultHandler - [7be88f18] 0..1 [java.lang.String]
22:43:17.356 [qtp526875275-5047] DEBUG o.s.c.c.CharSequenceEncoder - [7be88f18] Writing "value-attribute"
22:43:17.356 [qtp526875275-5047] DEBUG o.s.w.s.a.HttpWebHandlerAdapter - [7be88f18] Completed 200 OK
22:43:17.356 [Test worker] DEBUG o.s.w.c.RestTemplate - Response 200 OK
22:43:17.356 [Test worker] DEBUG o.s.w.c.RestTemplate - Reading to [java.lang.String] as "text/plain;charset=utf-8"
22:43:17.356 [Test worker] DEBUG o.s.h.s.r.b.JettyHttpServer - Stopping JettyHttpServer...
22:43:17.356 [Test worker] INFO  o.e.j.s.h.ContextHandler - Stopped o.e.j.s.ServletContextHandler@337c3543{/,null,UNAVAILABLE}
22:43:17.357 [Test worker] INFO  o.e.j.s.AbstractConnector - Stopped ServerConnector@54ec2bde{HTTP/1.1,[http/1.1]}{0.0.0.0:0}
22:43:17.358 [Test worker] DEBUG o.s.h.s.r.b.JettyHttpServer - Server stopped (0 millis).
22:43:17.387 [Test worker] DEBUG o.s.w.r.r.m.a.RequestMappingHandlerMapping - 14 mappings in 'requestMappingHandlerMapping'
22:43:17.401 [Test worker] DEBUG o.s.w.r.r.m.a.ControllerMethodResolver - ControllerAdvice beans: none
22:43:17.423 [Test worker] DEBUG o.s.w.s.a.HttpWebHandlerAdapter - enableLoggingRequestDetails='false': form data and headers will be masked to prevent unsafe logging of potentially sensitive data
22:43:17.423 [Test worker] WARN  o.e.j.s.h.ContextHandler - Empty contextPath
22:43:17.424 [Test worker] INFO  o.e.j.s.h.ContextHandler - Started o.e.j.s.ServletContextHandler@6b0a429d{/,null,AVAILABLE}
22:43:17.424 [Test worker] DEBUG o.s.h.s.r.b.JettyHttpServer - Starting JettyHttpServer...
22:43:17.424 [Test worker] INFO  o.e.j.s.Server - jetty-9.4.18.v20190429; built: 2019-04-29T20:42:08.989Z; git: e1bc35120a6617ee3df052294e433f3a25ce7097; jvm 1.8.0_211-b12
22:43:17.425 [Test worker] INFO  o.e.j.s.AbstractConnector - Started ServerConnector@1d525738{HTTP/1.1,[http/1.1]}{0.0.0.0:54709}
22:43:17.425 [Test worker] INFO  o.e.j.s.Server - Started @69852ms
22:43:17.425 [Test worker] DEBUG o.s.h.s.r.b.JettyHttpServer - Server started on port 54709(0 millis).
22:43:17.425 [Test worker] DEBUG o.s.w.c.RestTemplate - HTTP GET http://localhost:54709/foo
22:43:17.425 [Test worker] DEBUG o.s.w.c.RestTemplate - Accept=[text/plain, application/json, application/x-jackson-smile, application/*+json, */*]
22:43:17.427 [qtp1819317151-5061] DEBUG o.s.w.s.a.HttpWebHandlerAdapter - [537e9e9f] HTTP GET "/foo"
22:43:17.427 [qtp1819317151-5061] DEBUG o.s.w.r.r.m.a.RequestMappingHandlerMapping - [537e9e9f] Mapped to org.springframework.web.reactive.result.method.annotation.CrossOriginAnnotationIntegrationTests$ClassLevelController#foo()
22:43:17.427 [qtp1819317151-5061] DEBUG o.s.w.r.r.m.a.ResponseBodyResultHandler - Using 'text/plain;charset=UTF-8' given [text/plain, application/json, application/x-jackson-smile, application/*+json, */*] and supported [text/plain;charset=UTF-8, text/event-stream, text/plain;charset=UTF-8, */*]
22:43:17.427 [qtp1819317151-5061] DEBUG o.s.w.r.r.m.a.ResponseBodyResultHandler - [537e9e9f] 0..1 [java.lang.String]
22:43:17.428 [qtp1819317151-5061] DEBUG o.s.c.c.CharSequenceEncoder - [537e9e9f] Writing "foo"
22:43:17.428 [qtp1819317151-5061] DEBUG o.s.w.s.a.HttpWebHandlerAdapter - [537e9e9f] Completed 200 OK
22:43:17.428 [Test worker] DEBUG o.s.w.c.RestTemplate - Response 200 OK
22:43:17.428 [Test worker] DEBUG o.s.w.c.RestTemplate - Reading to [java.lang.String] as "text/plain;charset=utf-8"
22:43:17.428 [Test worker] DEBUG o.s.w.c.RestTemplate - HTTP GET http://localhost:54709/bar
22:43:17.428 [Test worker] DEBUG o.s.w.c.RestTemplate - Accept=[text/plain, application/json, application/x-jackson-smile, application/*+json, */*]
22:43:17.429 [qtp1819317151-5052] DEBUG o.s.w.s.a.HttpWebHandlerAdapter - [68339454] HTTP GET "/bar"
22:43:17.430 [qtp1819317151-5052] DEBUG o.s.w.r.r.m.a.RequestMappingHandlerMapping - [68339454] Mapped to org.springframework.web.reactive.result.method.annotation.CrossOriginAnnotationIntegrationTests$ClassLevelController#bar()
22:43:17.430 [qtp1819317151-5052] DEBUG o.s.w.r.r.m.a.ResponseBodyResultHandler - Using 'text/plain;charset=UTF-8' given [text/plain, application/json, application/x-jackson-smile, application/*+json, */*] and supported [text/plain;charset=UTF-8, text/event-stream, text/plain;charset=UTF-8, */*]
22:43:17.430 [qtp1819317151-5052] DEBUG o.s.w.r.r.m.a.ResponseBodyResultHandler - [68339454] 0..1 [java.lang.String]
22:43:17.430 [qtp1819317151-5052] DEBUG o.s.c.c.CharSequenceEncoder - [68339454] Writing "bar"
22:43:17.430 [qtp1819317151-5052] DEBUG o.s.w.s.a.HttpWebHandlerAdapter - [68339454] Completed 200 OK
22:43:17.430 [Test worker] DEBUG o.s.w.c.RestTemplate - Response 200 OK
22:43:17.430 [Test worker] DEBUG o.s.w.c.RestTemplate - Reading to [java.lang.String] as "text/plain;charset=utf-8"
22:43:17.430 [Test worker] DEBUG o.s.w.c.RestTemplate - HTTP GET http://localhost:54709/baz
22:43:17.430 [Test worker] DEBUG o.s.w.c.RestTemplate - Accept=[text/plain, application/json, application/x-jackson-smile, application/*+json, */*]
22:43:17.431 [qtp1819317151-5062] DEBUG o.s.w.s.a.HttpWebHandlerAdapter - [43f76362] HTTP GET "/baz"
22:43:17.431 [qtp1819317151-5062] DEBUG o.s.w.r.r.m.a.RequestMappingHandlerMapping - [43f76362] Mapped to org.springframework.web.reactive.result.method.annotation.CrossOriginAnnotationIntegrationTests$ClassLevelController#baz()
22:43:17.431 [qtp1819317151-5062] DEBUG o.s.w.r.r.m.a.ResponseBodyResultHandler - Using 'text/plain;charset=UTF-8' given [text/plain, application/json, application/x-jackson-smile, application/*+json, */*] and supported [text/plain;charset=UTF-8, text/event-stream, text/plain;charset=UTF-8, */*]
22:43:17.431 [qtp1819317151-5062] DEBUG o.s.w.r.r.m.a.ResponseBodyResultHandler - [43f76362] 0..1 [java.lang.String]
22:43:17.431 [qtp1819317151-5062] DEBUG o.s.c.c.CharSequenceEncoder - [43f76362] Writing "baz"
22:43:17.431 [qtp1819317151-5062] DEBUG o.s.w.s.a.HttpWebHandlerAdapter - [43f76362] Completed 200 OK
22:43:17.431 [Test worker] DEBUG o.s.w.c.RestTemplate - Response 200 OK
22:43:17.431 [Test worker] DEBUG o.s.w.c.RestTemplate - Reading to [java.lang.String] as "text/plain;charset=utf-8"
22:43:17.432 [Test worker] DEBUG o.s.h.s.r.b.JettyHttpServer - Stopping JettyHttpServer...
22:43:17.432 [Test worker] INFO  o.e.j.s.h.ContextHandler - Stopped o.e.j.s.ServletContextHandler@6b0a429d{/,null,UNAVAILABLE}
22:43:17.432 [Test worker] INFO  o.e.j.s.AbstractConnector - Stopped ServerConnector@1d525738{HTTP/1.1,[http/1.1]}{0.0.0.0:0}
22:43:17.433 [Test worker] DEBUG o.s.h.s.r.b.JettyHttpServer - Server stopped (0 millis).
22:43:17.462 [Test worker] DEBUG o.s.w.r.r.m.a.RequestMappingHandlerMapping - 14 mappings in 'requestMappingHandlerMapping'
22:43:17.476 [Test worker] DEBUG o.s.w.r.r.m.a.ControllerMethodResolver - ControllerAdvice beans: none
22:43:17.499 [Test worker] DEBUG o.s.w.s.a.HttpWebHandlerAdapter - enableLoggingRequestDetails='false': form data and headers will be masked to prevent unsafe logging of potentially sensitive data
22:43:17.499 [Test worker] WARN  o.e.j.s.h.ContextHandler - Empty contextPath
22:43:17.499 [Test worker] INFO  o.e.j.s.h.ContextHandler - Started o.e.j.s.ServletContextHandler@1cfc9a0{/,null,AVAILABLE}
22:43:17.499 [Test worker] DEBUG o.s.h.s.r.b.JettyHttpServer - Starting JettyHttpServer...
22:43:17.499 [Test worker] INFO  o.e.j.s.Server - jetty-9.4.18.v20190429; built: 2019-04-29T20:42:08.989Z; git: e1bc35120a6617ee3df052294e433f3a25ce7097; jvm 1.8.0_211-b12
22:43:17.501 [Test worker] INFO  o.e.j.s.AbstractConnector - Started ServerConnector@10882c0b{HTTP/1.1,[http/1.1]}{0.0.0.0:54711}
22:43:17.501 [Test worker] INFO  o.e.j.s.Server - Started @69927ms
22:43:17.501 [Test worker] DEBUG o.s.h.s.r.b.JettyHttpServer - Server started on port 54711(0 millis).
22:43:17.501 [Test worker] DEBUG o.s.w.c.RestTemplate - HTTP GET http://localhost:54711/default
22:43:17.501 [Test worker] DEBUG o.s.w.c.RestTemplate - Accept=[text/plain, application/json, application/x-jackson-smile, application/*+json, */*]
22:43:17.502 [qtp2063826534-5075] DEBUG o.s.w.s.a.HttpWebHandlerAdapter - [6470756b] HTTP GET "/default"
22:43:17.502 [qtp2063826534-5075] DEBUG o.s.w.r.r.m.a.RequestMappingHandlerMapping - [6470756b] Mapped to org.springframework.web.reactive.result.method.annotation.CrossOriginAnnotationIntegrationTests$MethodLevelController#defaultAnnotation()
22:43:17.502 [qtp2063826534-5075] DEBUG o.s.w.r.r.m.a.ResponseBodyResultHandler - Using 'text/plain;charset=UTF-8' given [text/plain, application/json, application/x-jackson-smile, application/*+json, */*] and supported [text/plain;charset=UTF-8, text/event-stream, text/plain;charset=UTF-8, */*]
22:43:17.503 [qtp2063826534-5075] DEBUG o.s.w.r.r.m.a.ResponseBodyResultHandler - [6470756b] 0..1 [java.lang.String]
22:43:17.503 [qtp2063826534-5075] DEBUG o.s.c.c.CharSequenceEncoder - [6470756b] Writing "default"
22:43:17.503 [qtp2063826534-5075] DEBUG o.s.w.s.a.HttpWebHandlerAdapter - [6470756b] Completed 200 OK
22:43:17.503 [Test worker] DEBUG o.s.w.c.RestTemplate - Response 200 OK
22:43:17.503 [Test worker] DEBUG o.s.w.c.RestTemplate - Reading to [java.lang.String] as "text/plain;charset=utf-8"
22:43:17.503 [Test worker] DEBUG o.s.h.s.r.b.JettyHttpServer - Stopping JettyHttpServer...
22:43:17.503 [Test worker] INFO  o.e.j.s.h.ContextHandler - Stopped o.e.j.s.ServletContextHandler@1cfc9a0{/,null,UNAVAILABLE}
22:43:17.504 [Test worker] INFO  o.e.j.s.AbstractConnector - Stopped ServerConnector@10882c0b{HTTP/1.1,[http/1.1]}{0.0.0.0:0}
22:43:17.504 [Test worker] DEBUG o.s.h.s.r.b.JettyHttpServer - Server stopped (0 millis).
22:43:17.532 [Test worker] DEBUG o.s.w.r.r.m.a.RequestMappingHandlerMapping - 14 mappings in 'requestMappingHandlerMapping'
22:43:17.547 [Test worker] DEBUG o.s.w.r.r.m.a.ControllerMethodResolver - ControllerAdvice beans: none
22:43:17.569 [Test worker] DEBUG o.s.w.s.a.HttpWebHandlerAdapter - enableLoggingRequestDetails='false': form data and headers will be masked to prevent unsafe logging of potentially sensitive data
22:43:17.569 [Test worker] WARN  o.e.j.s.h.ContextHandler - Empty contextPath
22:43:17.569 [Test worker] INFO  o.e.j.s.h.ContextHandler - Started o.e.j.s.ServletContextHandler@58933ff6{/,null,AVAILABLE}
22:43:17.569 [Test worker] DEBUG o.s.h.s.r.b.JettyHttpServer - Starting JettyHttpServer...
22:43:17.569 [Test worker] INFO  o.e.j.s.Server - jetty-9.4.18.v20190429; built: 2019-04-29T20:42:08.989Z; git: e1bc35120a6617ee3df052294e433f3a25ce7097; jvm 1.8.0_211-b12
22:43:17.571 [Test worker] INFO  o.e.j.s.AbstractConnector - Started ServerConnector@68d41d4e{HTTP/1.1,[http/1.1]}{0.0.0.0:54713}
22:43:17.571 [Test worker] INFO  o.e.j.s.Server - Started @69997ms
22:43:17.571 [Test worker] DEBUG o.s.h.s.r.b.JettyHttpServer - Server started on port 54713(0 millis).
22:43:17.571 [Test worker] DEBUG o.s.w.c.RestTemplate - HTTP GET http://localhost:54713/customized
22:43:17.571 [Test worker] DEBUG o.s.w.c.RestTemplate - Accept=[text/plain, application/json, application/x-jackson-smile, application/*+json, */*]
22:43:17.572 [qtp159376502-5089] DEBUG o.s.w.s.a.HttpWebHandlerAdapter - [1b1aef6f] HTTP GET "/customized"
22:43:17.573 [qtp159376502-5089] DEBUG o.s.w.r.r.m.a.RequestMappingHandlerMapping - [1b1aef6f] Mapped to org.springframework.web.reactive.result.method.annotation.CrossOriginAnnotationIntegrationTests$MethodLevelController#customized()
22:43:17.573 [qtp159376502-5089] DEBUG o.s.w.r.r.m.a.ResponseBodyResultHandler - Using 'text/plain;charset=UTF-8' given [text/plain, application/json, application/x-jackson-smile, application/*+json, */*] and supported [text/plain;charset=UTF-8, text/event-stream, text/plain;charset=UTF-8, */*]
22:43:17.573 [qtp159376502-5089] DEBUG o.s.w.r.r.m.a.ResponseBodyResultHandler - [1b1aef6f] 0..1 [java.lang.String]
22:43:17.573 [qtp159376502-5089] DEBUG o.s.c.c.CharSequenceEncoder - [1b1aef6f] Writing "customized"
22:43:17.573 [qtp159376502-5089] DEBUG o.s.w.s.a.HttpWebHandlerAdapter - [1b1aef6f] Completed 200 OK
22:43:17.573 [Test worker] DEBUG o.s.w.c.RestTemplate - Response 200 OK
22:43:17.573 [Test worker] DEBUG o.s.w.c.RestTemplate - Reading to [java.lang.String] as "text/plain;charset=utf-8"
22:43:17.574 [Test worker] DEBUG o.s.h.s.r.b.JettyHttpServer - Stopping JettyHttpServer...
22:43:17.574 [Test worker] INFO  o.e.j.s.h.ContextHandler - Stopped o.e.j.s.ServletContextHandler@58933ff6{/,null,UNAVAILABLE}
22:43:17.574 [Test worker] INFO  o.e.j.s.AbstractConnector - Stopped ServerConnector@68d41d4e{HTTP/1.1,[http/1.1]}{0.0.0.0:0}
22:43:17.575 [Test worker] DEBUG o.s.h.s.r.b.JettyHttpServer - Server stopped (0 millis).
22:43:17.603 [Test worker] DEBUG o.s.w.r.r.m.a.RequestMappingHandlerMapping - 14 mappings in 'requestMappingHandlerMapping'
22:43:17.618 [Test worker] DEBUG o.s.w.r.r.m.a.ControllerMethodResolver - ControllerAdvice beans: none
22:43:17.640 [Test worker] DEBUG o.s.w.s.a.HttpWebHandlerAdapter - enableLoggingRequestDetails='false': form data and headers will be masked to prevent unsafe logging of potentially sensitive data
22:43:17.640 [Test worker] WARN  o.e.j.s.h.ContextHandler - Empty contextPath
22:43:17.641 [Test worker] INFO  o.e.j.s.h.ContextHandler - Started o.e.j.s.ServletContextHandler@1ec67536{/,null,AVAILABLE}
22:43:17.641 [Test worker] DEBUG o.s.h.s.r.b.JettyHttpServer - Starting JettyHttpServer...
22:43:17.641 [Test worker] INFO  o.e.j.s.Server - jetty-9.4.18.v20190429; built: 2019-04-29T20:42:08.989Z; git: e1bc35120a6617ee3df052294e433f3a25ce7097; jvm 1.8.0_211-b12
22:43:17.642 [Test worker] INFO  o.e.j.s.AbstractConnector - Started ServerConnector@b6e6b9d{HTTP/1.1,[http/1.1]}{0.0.0.0:54715}
22:43:17.642 [Test worker] INFO  o.e.j.s.Server - Started @70069ms
22:43:17.642 [Test worker] DEBUG o.s.h.s.r.b.JettyHttpServer - Server started on port 54715(0 millis).
22:43:17.642 [Test worker] DEBUG o.s.w.c.RestTemplate - HTTP OPTIONS http://localhost:54715/ambiguous-header
22:43:17.643 [Test worker] DEBUG o.s.w.c.RestTemplate - Accept=[text/plain, application/json, application/x-jackson-smile, application/*+json, */*]
22:43:17.644 [qtp1739042258-5105] DEBUG o.s.w.s.a.HttpWebHandlerAdapter - [6caf3746] HTTP OPTIONS "/ambiguous-header"
22:43:17.644 [qtp1739042258-5105] DEBUG o.s.w.r.r.m.a.RequestMappingHandlerMapping - [6caf3746] Mapped to org.springframework.web.reactive.result.method.AbstractHandlerMethodMapping$PreFlightAmbiguousMatchHandler#handle()
22:43:17.644 [qtp1739042258-5105] DEBUG o.s.w.s.a.HttpWebHandlerAdapter - [6caf3746] Completed 200 OK
22:43:17.644 [Test worker] DEBUG o.s.w.c.RestTemplate - Response 200 OK
22:43:17.645 [Test worker] DEBUG o.s.h.s.r.b.JettyHttpServer - Stopping JettyHttpServer...
22:43:17.645 [Test worker] INFO  o.e.j.s.h.ContextHandler - Stopped o.e.j.s.ServletContextHandler@1ec67536{/,null,UNAVAILABLE}
22:43:17.645 [Test worker] INFO  o.e.j.s.AbstractConnector - Stopped ServerConnector@b6e6b9d{HTTP/1.1,[http/1.1]}{0.0.0.0:0}
22:43:17.646 [Test worker] DEBUG o.s.h.s.r.b.JettyHttpServer - Server stopped (0 millis).
22:43:17.675 [Test worker] DEBUG o.s.w.r.r.m.a.RequestMappingHandlerMapping - 14 mappings in 'requestMappingHandlerMapping'
22:43:17.691 [Test worker] DEBUG o.s.w.r.r.m.a.ControllerMethodResolver - ControllerAdvice beans: none
22:43:17.714 [Test worker] DEBUG o.s.w.s.a.HttpWebHandlerAdapter - enableLoggingRequestDetails='false': form data and headers will be masked to prevent unsafe logging of potentially sensitive data
22:43:17.714 [Test worker] WARN  o.e.j.s.h.ContextHandler - Empty contextPath
22:43:17.715 [Test worker] INFO  o.e.j.s.h.ContextHandler - Started o.e.j.s.ServletContextHandler@1ae903b{/,null,AVAILABLE}
22:43:17.715 [Test worker] DEBUG o.s.h.s.r.b.JettyHttpServer - Starting JettyHttpServer...
22:43:17.715 [Test worker] INFO  o.e.j.s.Server - jetty-9.4.18.v20190429; built: 2019-04-29T20:42:08.989Z; git: e1bc35120a6617ee3df052294e433f3a25ce7097; jvm 1.8.0_211-b12
22:43:17.716 [Test worker] INFO  o.e.j.s.AbstractConnector - Started ServerConnector@1cd31dc9{HTTP/1.1,[http/1.1]}{0.0.0.0:54717}
22:43:17.716 [Test worker] INFO  o.e.j.s.Server - Started @70142ms
22:43:17.716 [Test worker] DEBUG o.s.h.s.r.b.JettyHttpServer - Server started on port 54717(0 millis).
22:43:17.716 [Test worker] DEBUG o.s.w.c.RestTemplate - HTTP OPTIONS http://localhost:54717/ambiguous-produces
22:43:17.716 [Test worker] DEBUG o.s.w.c.RestTemplate - Accept=[text/plain, application/json, application/x-jackson-smile, application/*+json, */*]
22:43:17.717 [qtp635223405-5117] DEBUG o.s.w.s.a.HttpWebHandlerAdapter - [6cb6458] HTTP OPTIONS "/ambiguous-produces"
22:43:17.717 [qtp635223405-5117] DEBUG o.s.w.r.r.m.a.RequestMappingHandlerMapping - [6cb6458] Mapped to org.springframework.web.reactive.result.method.AbstractHandlerMethodMapping$PreFlightAmbiguousMatchHandler#handle()
22:43:17.717 [qtp635223405-5117] DEBUG o.s.w.s.a.HttpWebHandlerAdapter - [6cb6458] Completed 200 OK
22:43:17.718 [Test worker] DEBUG o.s.w.c.RestTemplate - Response 200 OK
22:43:17.718 [Test worker] DEBUG o.s.h.s.r.b.JettyHttpServer - Stopping JettyHttpServer...
22:43:17.718 [Test worker] INFO  o.e.j.s.h.ContextHandler - Stopped o.e.j.s.ServletContextHandler@1ae903b{/,null,UNAVAILABLE}
22:43:17.718 [Test worker] INFO  o.e.j.s.AbstractConnector - Stopped ServerConnector@1cd31dc9{HTTP/1.1,[http/1.1]}{0.0.0.0:0}
22:43:17.719 [Test worker] DEBUG o.s.h.s.r.b.JettyHttpServer - Server stopped (0 millis).
22:43:17.748 [Test worker] DEBUG o.s.w.r.r.m.a.RequestMappingHandlerMapping - 14 mappings in 'requestMappingHandlerMapping'
22:43:17.763 [Test worker] DEBUG o.s.w.r.r.m.a.ControllerMethodResolver - ControllerAdvice beans: none
22:43:17.786 [Test worker] DEBUG o.s.w.s.a.HttpWebHandlerAdapter - enableLoggingRequestDetails='false': form data and headers will be masked to prevent unsafe logging of potentially sensitive data
22:43:17.786 [Test worker] WARN  o.e.j.s.h.ContextHandler - Empty contextPath
22:43:17.787 [Test worker] INFO  o.e.j.s.h.ContextHandler - Started o.e.j.s.ServletContextHandler@5f8d3e8{/,null,AVAILABLE}
22:43:17.787 [Test worker] DEBUG o.s.h.s.r.b.JettyHttpServer - Starting JettyHttpServer...
22:43:17.787 [Test worker] INFO  o.e.j.s.Server - jetty-9.4.18.v20190429; built: 2019-04-29T20:42:08.989Z; git: e1bc35120a6617ee3df052294e433f3a25ce7097; jvm 1.8.0_211-b12
22:43:17.788 [Test worker] INFO  o.e.j.s.AbstractConnector - Started ServerConnector@2f293a30{HTTP/1.1,[http/1.1]}{0.0.0.0:54719}
22:43:17.788 [Test worker] INFO  o.e.j.s.Server - Started @70214ms
22:43:17.788 [Test worker] DEBUG o.s.h.s.r.b.JettyHttpServer - Server started on port 54719(0 millis).
22:43:17.788 [Test worker] DEBUG o.s.w.c.RestTemplate - HTTP OPTIONS http://localhost:54719/default
22:43:17.788 [Test worker] DEBUG o.s.w.c.RestTemplate - Accept=[application/json, application/x-jackson-smile, application/*+json]
22:43:17.789 [qtp1383242443-5131] DEBUG o.s.w.s.a.HttpWebHandlerAdapter - [542dd384] HTTP OPTIONS "/default"
22:43:17.789 [qtp1383242443-5131] DEBUG o.s.w.r.r.m.a.RequestMappingHandlerMapping - [542dd384] Mapped to org.springframework.web.reactive.result.method.annotation.CrossOriginAnnotationIntegrationTests$MethodLevelController#defaultAnnotation()
22:43:17.789 [qtp1383242443-5131] DEBUG o.s.w.s.a.HttpWebHandlerAdapter - [542dd384] Completed 200 OK
22:43:17.790 [Test worker] DEBUG o.s.w.c.RestTemplate - Response 200 OK
22:43:17.790 [Test worker] DEBUG o.s.h.s.r.b.JettyHttpServer - Stopping JettyHttpServer...
22:43:17.790 [Test worker] INFO  o.e.j.s.h.ContextHandler - Stopped o.e.j.s.ServletContextHandler@5f8d3e8{/,null,UNAVAILABLE}
22:43:17.790 [Test worker] INFO  o.e.j.s.AbstractConnector - Stopped ServerConnector@2f293a30{HTTP/1.1,[http/1.1]}{0.0.0.0:0}
22:43:17.790 [Test worker] DEBUG o.s.h.s.r.b.JettyHttpServer - Server stopped (0 millis).
22:43:17.820 [Test worker] DEBUG o.s.w.r.r.m.a.RequestMappingHandlerMapping - 14 mappings in 'requestMappingHandlerMapping'
22:43:17.834 [Test worker] DEBUG o.s.w.r.r.m.a.ControllerMethodResolver - ControllerAdvice beans: none
22:43:17.856 [Test worker] DEBUG o.s.w.s.a.HttpWebHandlerAdapter - enableLoggingRequestDetails='false': form data and headers will be masked to prevent unsafe logging of potentially sensitive data
22:43:17.857 [Test worker] WARN  o.e.j.s.h.ContextHandler - Empty contextPath
22:43:17.857 [Test worker] INFO  o.e.j.s.h.ContextHandler - Started o.e.j.s.ServletContextHandler@7d96bfbc{/,null,AVAILABLE}
22:43:17.857 [Test worker] DEBUG o.s.h.s.r.b.JettyHttpServer - Starting JettyHttpServer...
22:43:17.857 [Test worker] INFO  o.e.j.s.Server - jetty-9.4.18.v20190429; built: 2019-04-29T20:42:08.989Z; git: e1bc35120a6617ee3df052294e433f3a25ce7097; jvm 1.8.0_211-b12
22:43:17.858 [Test worker] INFO  o.e.j.s.AbstractConnector - Started ServerConnector@6f796dd6{HTTP/1.1,[http/1.1]}{0.0.0.0:54721}
22:43:17.858 [Test worker] INFO  o.e.j.s.Server - Started @70285ms
22:43:17.858 [Test worker] DEBUG o.s.h.s.r.b.JettyHttpServer - Server started on port 54721(0 millis).
22:43:17.858 [Test worker] DEBUG o.s.w.c.RestTemplate - HTTP OPTIONS http://localhost:54721/customized
22:43:17.858 [Test worker] DEBUG o.s.w.c.RestTemplate - Accept=[text/plain, application/json, application/x-jackson-smile, application/*+json, */*]
22:43:17.859 [qtp1541524514-5145] DEBUG o.s.w.s.a.HttpWebHandlerAdapter - [249dc8d3] HTTP OPTIONS "/customized"
22:43:17.860 [qtp1541524514-5145] DEBUG o.s.w.r.r.m.a.RequestMappingHandlerMapping - [249dc8d3] Mapped to org.springframework.web.reactive.result.method.annotation.CrossOriginAnnotationIntegrationTests$MethodLevelController#customized()
22:43:17.860 [qtp1541524514-5145] DEBUG o.s.w.s.a.HttpWebHandlerAdapter - [249dc8d3] Completed 200 OK
22:43:17.860 [Test worker] DEBUG o.s.w.c.RestTemplate - Response 200 OK
22:43:17.860 [Test worker] DEBUG o.s.h.s.r.b.JettyHttpServer - Stopping JettyHttpServer...
22:43:17.860 [Test worker] INFO  o.e.j.s.h.ContextHandler - Stopped o.e.j.s.ServletContextHandler@7d96bfbc{/,null,UNAVAILABLE}
22:43:17.861 [Test worker] INFO  o.e.j.s.AbstractConnector - Stopped ServerConnector@6f796dd6{HTTP/1.1,[http/1.1]}{0.0.0.0:0}
22:43:17.861 [Test worker] DEBUG o.s.h.s.r.b.JettyHttpServer - Server stopped (0 millis).
22:43:17.889 [Test worker] DEBUG o.s.w.r.r.m.a.RequestMappingHandlerMapping - 14 mappings in 'requestMappingHandlerMapping'
22:43:17.904 [Test worker] DEBUG o.s.w.r.r.m.a.ControllerMethodResolver - ControllerAdvice beans: none
22:43:17.926 [Test worker] DEBUG o.s.w.s.a.HttpWebHandlerAdapter - enableLoggingRequestDetails='false': form data and headers will be masked to prevent unsafe logging of potentially sensitive data
22:43:17.926 [Test worker] WARN  o.e.j.s.h.ContextHandler - Empty contextPath
22:43:17.926 [Test worker] INFO  o.e.j.s.h.ContextHandler - Started o.e.j.s.ServletContextHandler@403a138c{/,null,AVAILABLE}
22:43:17.926 [Test worker] DEBUG o.s.h.s.r.b.JettyHttpServer - Starting JettyHttpServer...
22:43:17.926 [Test worker] INFO  o.e.j.s.Server - jetty-9.4.18.v20190429; built: 2019-04-29T20:42:08.989Z; git: e1bc35120a6617ee3df052294e433f3a25ce7097; jvm 1.8.0_211-b12
22:43:17.928 [Test worker] INFO  o.e.j.s.AbstractConnector - Started ServerConnector@61ca6687{HTTP/1.1,[http/1.1]}{0.0.0.0:54723}
22:43:17.928 [Test worker] INFO  o.e.j.s.Server - Started @70355ms
22:43:17.928 [Test worker] DEBUG o.s.h.s.r.b.JettyHttpServer - Server started on port 54723(0 millis).
22:43:17.928 [Test worker] DEBUG o.s.w.c.RestTemplate - HTTP GET http://localhost:54723/default
22:43:17.928 [Test worker] DEBUG o.s.w.c.RestTemplate - Accept=[text/plain, application/json, application/x-jackson-smile, application/*+json, */*]
22:43:17.930 [qtp1447314768-5160] DEBUG o.s.w.s.a.HttpWebHandlerAdapter - [79779b98] HTTP GET "/default"
22:43:17.930 [qtp1447314768-5160] DEBUG o.s.w.r.r.m.a.RequestMappingHandlerMapping - [79779b98] Mapped to org.springframework.web.reactive.result.method.annotation.CrossOriginAnnotationIntegrationTests$MethodLevelController#defaultAnnotation()
22:43:17.930 [qtp1447314768-5160] DEBUG o.s.w.r.r.m.a.ResponseBodyResultHandler - Using 'text/plain;charset=UTF-8' given [text/plain, application/json, application/x-jackson-smile, application/*+json, */*] and supported [text/plain;charset=UTF-8, text/event-stream, text/plain;charset=UTF-8, */*]
22:43:17.930 [qtp1447314768-5160] DEBUG o.s.w.r.r.m.a.ResponseBodyResultHandler - [79779b98] 0..1 [java.lang.String]
22:43:17.930 [qtp1447314768-5160] DEBUG o.s.c.c.CharSequenceEncoder - [79779b98] Writing "default"
22:43:17.930 [qtp1447314768-5160] DEBUG o.s.w.s.a.HttpWebHandlerAdapter - [79779b98] Completed 200 OK
22:43:17.930 [Test worker] DEBUG o.s.w.c.RestTemplate - Response 200 OK
22:43:17.930 [Test worker] DEBUG o.s.w.c.RestTemplate - Reading to [java.lang.String] as "text/plain;charset=utf-8"
22:43:17.930 [Test worker] DEBUG o.s.h.s.r.b.JettyHttpServer - Stopping JettyHttpServer...
22:43:17.930 [Test worker] INFO  o.e.j.s.h.ContextHandler - Stopped o.e.j.s.ServletContextHandler@403a138c{/,null,UNAVAILABLE}
22:43:17.931 [Test worker] INFO  o.e.j.s.AbstractConnector - Stopped ServerConnector@61ca6687{HTTP/1.1,[http/1.1]}{0.0.0.0:0}
22:43:17.931 [Test worker] DEBUG o.s.h.s.r.b.JettyHttpServer - Server stopped (0 millis).
22:43:17.959 [Test worker] DEBUG o.s.w.r.r.m.a.RequestMappingHandlerMapping - 14 mappings in 'requestMappingHandlerMapping'
22:43:17.974 [Test worker] DEBUG o.s.w.r.r.m.a.ControllerMethodResolver - ControllerAdvice beans: none
22:43:17.995 [Test worker] DEBUG o.s.w.s.a.HttpWebHandlerAdapter - enableLoggingRequestDetails='false': form data and headers will be masked to prevent unsafe logging of potentially sensitive data
22:43:17.995 [Test worker] WARN  o.e.j.s.h.ContextHandler - Empty contextPath
22:43:17.996 [Test worker] INFO  o.e.j.s.h.ContextHandler - Started o.e.j.s.ServletContextHandler@7f596318{/,null,AVAILABLE}
22:43:17.996 [Test worker] DEBUG o.s.h.s.r.b.JettyHttpServer - Starting JettyHttpServer...
22:43:17.996 [Test worker] INFO  o.e.j.s.Server - jetty-9.4.18.v20190429; built: 2019-04-29T20:42:08.989Z; git: e1bc35120a6617ee3df052294e433f3a25ce7097; jvm 1.8.0_211-b12
22:43:17.998 [Test worker] INFO  o.e.j.s.AbstractConnector - Started ServerConnector@6594e000{HTTP/1.1,[http/1.1]}{0.0.0.0:54725}
22:43:17.998 [Test worker] INFO  o.e.j.s.Server - Started @70424ms
22:43:17.998 [Test worker] DEBUG o.s.h.s.r.b.JettyHttpServer - Server started on port 54725(0 millis).
22:43:17.999 [Test worker] DEBUG o.s.w.c.RestTemplate - HTTP POST http://localhost:54725/no
22:43:17.999 [Test worker] DEBUG o.s.w.c.RestTemplate - Accept=[text/plain, application/json, application/x-jackson-smile, application/*+json, */*]
22:43:18.001 [qtp1217815660-5174] DEBUG o.s.w.s.a.HttpWebHandlerAdapter - [2a5d60d5] HTTP POST "/no"
22:43:18.001 [qtp1217815660-5174] DEBUG o.s.w.r.r.m.a.RequestMappingHandlerMapping - [2a5d60d5] Mapped to org.springframework.web.reactive.result.method.annotation.CrossOriginAnnotationIntegrationTests$MethodLevelController#noAnnotationPost()
22:43:18.002 [qtp1217815660-5174] DEBUG o.s.w.r.r.m.a.ResponseBodyResultHandler - Using 'text/plain;charset=UTF-8' given [text/plain, application/json, application/x-jackson-smile, application/*+json, */*] and supported [text/plain;charset=UTF-8, text/event-stream, text/plain;charset=UTF-8, */*]
22:43:18.002 [qtp1217815660-5174] DEBUG o.s.w.r.r.m.a.ResponseBodyResultHandler - [2a5d60d5] 0..1 [java.lang.String]
22:43:18.002 [qtp1217815660-5174] DEBUG o.s.c.c.CharSequenceEncoder - [2a5d60d5] Writing "no-post"
22:43:18.002 [qtp1217815660-5174] DEBUG o.s.w.s.a.HttpWebHandlerAdapter - [2a5d60d5] Completed 200 OK
22:43:18.002 [Test worker] DEBUG o.s.w.c.RestTemplate - Response 200 OK
22:43:18.002 [Test worker] DEBUG o.s.w.c.RestTemplate - Reading to [java.lang.String] as "text/plain;charset=utf-8"
22:43:18.002 [Test worker] DEBUG o.s.h.s.r.b.JettyHttpServer - Stopping JettyHttpServer...
22:43:18.003 [Test worker] INFO  o.e.j.s.h.ContextHandler - Stopped o.e.j.s.ServletContextHandler@7f596318{/,null,UNAVAILABLE}
22:43:18.003 [Test worker] INFO  o.e.j.s.AbstractConnector - Stopped ServerConnector@6594e000{HTTP/1.1,[http/1.1]}{0.0.0.0:0}
22:43:18.004 [Test worker] DEBUG o.s.h.s.r.b.JettyHttpServer - Server stopped (0 millis).
22:43:18.032 [Test worker] DEBUG o.s.w.r.r.m.a.RequestMappingHandlerMapping - 14 mappings in 'requestMappingHandlerMapping'
22:43:18.047 [Test worker] DEBUG o.s.w.r.r.m.a.ControllerMethodResolver - ControllerAdvice beans: none
22:43:18.070 [Test worker] DEBUG o.s.w.s.a.HttpWebHandlerAdapter - enableLoggingRequestDetails='false': form data and headers will be masked to prevent unsafe logging of potentially sensitive data
22:43:18.070 [Test worker] DEBUG o.s.h.s.r.b.ReactorHttpServer - Starting ReactorHttpServer...
22:43:18.071 [Test worker] DEBUG o.s.h.s.r.b.ReactorHttpServer - Server started on port 54730(0 millis).
22:43:18.071 [Test worker] DEBUG o.s.w.c.RestTemplate - HTTP GET http://localhost:54730/origin-placeholder
22:43:18.071 [Test worker] DEBUG o.s.w.c.RestTemplate - Accept=[text/plain, application/json, application/x-jackson-smile, application/*+json, */*]
22:43:18.072 [reactor-http-nio-10] DEBUG o.s.w.s.a.HttpWebHandlerAdapter - [8b327994] HTTP GET "/origin-placeholder"
22:43:18.072 [reactor-http-nio-10] DEBUG o.s.w.r.r.m.a.RequestMappingHandlerMapping - [8b327994] Mapped to org.springframework.web.reactive.result.method.annotation.CrossOriginAnnotationIntegrationTests$MethodLevelController#customOriginDefinedViaPlaceholder()
22:43:18.072 [reactor-http-nio-10] DEBUG o.s.w.r.r.m.a.ResponseBodyResultHandler - Using 'text/plain;charset=UTF-8' given [text/plain, application/json, application/x-jackson-smile, application/*+json, */*] and supported [text/plain;charset=UTF-8, text/event-stream, text/plain;charset=UTF-8, */*]
22:43:18.072 [reactor-http-nio-10] DEBUG o.s.w.r.r.m.a.ResponseBodyResultHandler - [8b327994] 0..1 [java.lang.String]
22:43:18.072 [reactor-http-nio-10] DEBUG o.s.c.c.CharSequenceEncoder - [8b327994] Writing "placeholder"
22:43:18.073 [Test worker] DEBUG o.s.w.c.RestTemplate - Response 200 OK
22:43:18.073 [Test worker] DEBUG o.s.w.c.RestTemplate - Reading to [java.lang.String] as "text/plain;charset=UTF-8"
22:43:18.073 [Test worker] DEBUG o.s.h.s.r.b.ReactorHttpServer - Stopping ReactorHttpServer...
22:43:18.074 [Test worker] DEBUG o.s.h.s.r.b.ReactorHttpServer - Server stopped (0 millis).
22:43:18.101 [Test worker] DEBUG o.s.w.r.r.m.a.RequestMappingHandlerMapping - 14 mappings in 'requestMappingHandlerMapping'
22:43:18.115 [Test worker] DEBUG o.s.w.r.r.m.a.ControllerMethodResolver - ControllerAdvice beans: none
22:43:18.137 [Test worker] DEBUG o.s.w.s.a.HttpWebHandlerAdapter - enableLoggingRequestDetails='false': form data and headers will be masked to prevent unsafe logging of potentially sensitive data
22:43:18.137 [Test worker] DEBUG o.s.h.s.r.b.ReactorHttpServer - Starting ReactorHttpServer...
22:43:18.138 [Test worker] DEBUG o.s.h.s.r.b.ReactorHttpServer - Server started on port 54732(0 millis).
22:43:18.138 [Test worker] DEBUG o.s.w.c.RestTemplate - HTTP GET http://localhost:54732/no
22:43:18.138 [Test worker] DEBUG o.s.w.c.RestTemplate - Accept=[text/plain, application/json, application/x-jackson-smile, application/*+json, */*]
22:43:18.139 [reactor-http-nio-12] DEBUG o.s.w.s.a.HttpWebHandlerAdapter - [a1d88ff4] HTTP GET "/no"
22:43:18.139 [reactor-http-nio-12] DEBUG o.s.w.r.r.m.a.RequestMappingHandlerMapping - [a1d88ff4] Mapped to org.springframework.web.reactive.result.method.annotation.CrossOriginAnnotationIntegrationTests$MethodLevelController#noAnnotation()
22:43:18.140 [reactor-http-nio-12] DEBUG o.s.w.r.r.m.a.ResponseBodyResultHandler - Using 'text/plain;charset=UTF-8' given [text/plain, application/json, application/x-jackson-smile, application/*+json, */*] and supported [text/plain;charset=UTF-8, text/event-stream, text/plain;charset=UTF-8, */*]
22:43:18.140 [reactor-http-nio-12] DEBUG o.s.w.r.r.m.a.ResponseBodyResultHandler - [a1d88ff4] 0..1 [java.lang.String]
22:43:18.140 [reactor-http-nio-12] DEBUG o.s.c.c.CharSequenceEncoder - [a1d88ff4] Writing "no"
22:43:18.140 [Test worker] DEBUG o.s.w.c.RestTemplate - Response 200 OK
22:43:18.141 [Test worker] DEBUG o.s.w.c.RestTemplate - Reading to [java.lang.String] as "text/plain;charset=UTF-8"
22:43:18.141 [Test worker] DEBUG o.s.h.s.r.b.ReactorHttpServer - Stopping ReactorHttpServer...
22:43:18.141 [Test worker] DEBUG o.s.h.s.r.b.ReactorHttpServer - Server stopped (0 millis).
22:43:18.168 [Test worker] DEBUG o.s.w.r.r.m.a.RequestMappingHandlerMapping - 14 mappings in 'requestMappingHandlerMapping'
22:43:18.182 [Test worker] DEBUG o.s.w.r.r.m.a.ControllerMethodResolver - ControllerAdvice beans: none
22:43:18.204 [Test worker] DEBUG o.s.w.s.a.HttpWebHandlerAdapter - enableLoggingRequestDetails='false': form data and headers will be masked to prevent unsafe logging of potentially sensitive data
22:43:18.204 [Test worker] DEBUG o.s.h.s.r.b.ReactorHttpServer - Starting ReactorHttpServer...
22:43:18.205 [Test worker] DEBUG o.s.h.s.r.b.ReactorHttpServer - Server started on port 54734(0 millis).
22:43:18.205 [Test worker] DEBUG o.s.w.c.RestTemplate - HTTP GET http://localhost:54734/origin-value-attribute
22:43:18.205 [Test worker] DEBUG o.s.w.c.RestTemplate - Accept=[text/plain, application/json, application/x-jackson-smile, application/*+json, */*]
22:43:18.206 [reactor-http-nio-14] DEBUG o.s.w.s.a.HttpWebHandlerAdapter - [a3923850] HTTP GET "/origin-value-attribute"
22:43:18.207 [reactor-http-nio-14] DEBUG o.s.w.r.r.m.a.RequestMappingHandlerMapping - [a3923850] Mapped to org.springframework.web.reactive.result.method.annotation.CrossOriginAnnotationIntegrationTests$MethodLevelController#customOriginDefinedViaValueAttribute()
22:43:18.207 [reactor-http-nio-14] DEBUG o.s.w.r.r.m.a.ResponseBodyResultHandler - Using 'text/plain;charset=UTF-8' given [text/plain, application/json, application/x-jackson-smile, application/*+json, */*] and supported [text/plain;charset=UTF-8, text/event-stream, text/plain;charset=UTF-8, */*]
22:43:18.207 [reactor-http-nio-14] DEBUG o.s.w.r.r.m.a.ResponseBodyResultHandler - [a3923850] 0..1 [java.lang.String]
22:43:18.207 [reactor-http-nio-14] DEBUG o.s.c.c.CharSequenceEncoder - [a3923850] Writing "value-attribute"
22:43:18.208 [Test worker] DEBUG o.s.w.c.RestTemplate - Response 200 OK
22:43:18.208 [Test worker] DEBUG o.s.w.c.RestTemplate - Reading to [java.lang.String] as "text/plain;charset=UTF-8"
22:43:18.208 [Test worker] DEBUG o.s.h.s.r.b.ReactorHttpServer - Stopping ReactorHttpServer...
22:43:18.208 [Test worker] DEBUG o.s.h.s.r.b.ReactorHttpServer - Server stopped (0 millis).
22:43:18.237 [Test worker] DEBUG o.s.w.r.r.m.a.RequestMappingHandlerMapping - 14 mappings in 'requestMappingHandlerMapping'
22:43:18.251 [Test worker] DEBUG o.s.w.r.r.m.a.ControllerMethodResolver - ControllerAdvice beans: none
22:43:18.274 [Test worker] DEBUG o.s.w.s.a.HttpWebHandlerAdapter - enableLoggingRequestDetails='false': form data and headers will be masked to prevent unsafe logging of potentially sensitive data
22:43:18.274 [Test worker] DEBUG o.s.h.s.r.b.ReactorHttpServer - Starting ReactorHttpServer...
22:43:18.275 [Test worker] DEBUG o.s.h.s.r.b.ReactorHttpServer - Server started on port 54736(0 millis).
22:43:18.275 [Test worker] DEBUG o.s.w.c.RestTemplate - HTTP GET http://localhost:54736/foo
22:43:18.275 [Test worker] DEBUG o.s.w.c.RestTemplate - Accept=[text/plain, application/json, application/x-jackson-smile, application/*+json, */*]
22:43:18.276 [reactor-http-nio-16] DEBUG o.s.w.s.a.HttpWebHandlerAdapter - [6e5c5204] HTTP GET "/foo"
22:43:18.276 [reactor-http-nio-16] DEBUG o.s.w.r.r.m.a.RequestMappingHandlerMapping - [6e5c5204] Mapped to org.springframework.web.reactive.result.method.annotation.CrossOriginAnnotationIntegrationTests$ClassLevelController#foo()
22:43:18.276 [reactor-http-nio-16] DEBUG o.s.w.r.r.m.a.ResponseBodyResultHandler - Using 'text/plain;charset=UTF-8' given [text/plain, application/json, application/x-jackson-smile, application/*+json, */*] and supported [text/plain;charset=UTF-8, text/event-stream, text/plain;charset=UTF-8, */*]
22:43:18.276 [reactor-http-nio-16] DEBUG o.s.w.r.r.m.a.ResponseBodyResultHandler - [6e5c5204] 0..1 [java.lang.String]
22:43:18.276 [reactor-http-nio-16] DEBUG o.s.c.c.CharSequenceEncoder - [6e5c5204] Writing "foo"
22:43:18.277 [Test worker] DEBUG o.s.w.c.RestTemplate - Response 200 OK
22:43:18.277 [Test worker] DEBUG o.s.w.c.RestTemplate - Reading to [java.lang.String] as "text/plain;charset=UTF-8"
22:43:18.277 [Test worker] DEBUG o.s.w.c.RestTemplate - HTTP GET http://localhost:54736/bar
22:43:18.277 [Test worker] DEBUG o.s.w.c.RestTemplate - Accept=[text/plain, application/json, application/x-jackson-smile, application/*+json, */*]
22:43:18.278 [reactor-http-nio-16] DEBUG o.s.w.s.a.HttpWebHandlerAdapter - [6e5c5204] HTTP GET "/bar"
22:43:18.278 [reactor-http-nio-16] DEBUG o.s.w.r.r.m.a.RequestMappingHandlerMapping - [6e5c5204] Mapped to org.springframework.web.reactive.result.method.annotation.CrossOriginAnnotationIntegrationTests$ClassLevelController#bar()
22:43:18.278 [reactor-http-nio-16] DEBUG o.s.w.r.r.m.a.ResponseBodyResultHandler - Using 'text/plain;charset=UTF-8' given [text/plain, application/json, application/x-jackson-smile, application/*+json, */*] and supported [text/plain;charset=UTF-8, text/event-stream, text/plain;charset=UTF-8, */*]
22:43:18.278 [reactor-http-nio-16] DEBUG o.s.w.r.r.m.a.ResponseBodyResultHandler - [6e5c5204] 0..1 [java.lang.String]
22:43:18.278 [reactor-http-nio-16] DEBUG o.s.c.c.CharSequenceEncoder - [6e5c5204] Writing "bar"
22:43:18.279 [Test worker] DEBUG o.s.w.c.RestTemplate - Response 200 OK
22:43:18.279 [Test worker] DEBUG o.s.w.c.RestTemplate - Reading to [java.lang.String] as "text/plain;charset=UTF-8"
22:43:18.279 [Test worker] DEBUG o.s.w.c.RestTemplate - HTTP GET http://localhost:54736/baz
22:43:18.279 [Test worker] DEBUG o.s.w.c.RestTemplate - Accept=[text/plain, application/json, application/x-jackson-smile, application/*+json, */*]
22:43:18.280 [reactor-http-nio-16] DEBUG o.s.w.s.a.HttpWebHandlerAdapter - [6e5c5204] HTTP GET "/baz"
22:43:18.280 [reactor-http-nio-16] DEBUG o.s.w.r.r.m.a.RequestMappingHandlerMapping - [6e5c5204] Mapped to org.springframework.web.reactive.result.method.annotation.CrossOriginAnnotationIntegrationTests$ClassLevelController#baz()
22:43:18.280 [reactor-http-nio-16] DEBUG o.s.w.r.r.m.a.ResponseBodyResultHandler - Using 'text/plain;charset=UTF-8' given [text/plain, application/json, application/x-jackson-smile, application/*+json, */*] and supported [text/plain;charset=UTF-8, text/event-stream, text/plain;charset=UTF-8, */*]
22:43:18.280 [reactor-http-nio-16] DEBUG o.s.w.r.r.m.a.ResponseBodyResultHandler - [6e5c5204] 0..1 [java.lang.String]
22:43:18.280 [reactor-http-nio-16] DEBUG o.s.c.c.CharSequenceEncoder - [6e5c5204] Writing "baz"
22:43:18.281 [Test worker] DEBUG o.s.w.c.RestTemplate - Response 200 OK
22:43:18.281 [Test worker] DEBUG o.s.w.c.RestTemplate - Reading to [java.lang.String] as "text/plain;charset=UTF-8"
22:43:18.281 [Test worker] DEBUG o.s.h.s.r.b.ReactorHttpServer - Stopping ReactorHttpServer...
22:43:18.281 [Test worker] DEBUG o.s.h.s.r.b.ReactorHttpServer - Server stopped (0 millis).
22:43:18.309 [Test worker] DEBUG o.s.w.r.r.m.a.RequestMappingHandlerMapping - 14 mappings in 'requestMappingHandlerMapping'
22:43:18.324 [Test worker] DEBUG o.s.w.r.r.m.a.ControllerMethodResolver - ControllerAdvice beans: none
22:43:18.346 [Test worker] DEBUG o.s.w.s.a.HttpWebHandlerAdapter - enableLoggingRequestDetails='false': form data and headers will be masked to prevent unsafe logging of potentially sensitive data
22:43:18.346 [Test worker] DEBUG o.s.h.s.r.b.ReactorHttpServer - Starting ReactorHttpServer...
22:43:18.347 [Test worker] DEBUG o.s.h.s.r.b.ReactorHttpServer - Server started on port 54738(0 millis).
22:43:18.347 [Test worker] DEBUG o.s.w.c.RestTemplate - HTTP GET http://localhost:54738/default
22:43:18.347 [Test worker] DEBUG o.s.w.c.RestTemplate - Accept=[text/plain, application/json, application/x-jackson-smile, application/*+json, */*]
22:43:18.348 [reactor-http-nio-2] DEBUG o.s.w.s.a.HttpWebHandlerAdapter - [1db8d153] HTTP GET "/default"
22:43:18.348 [reactor-http-nio-2] DEBUG o.s.w.r.r.m.a.RequestMappingHandlerMapping - [1db8d153] Mapped to org.springframework.web.reactive.result.method.annotation.CrossOriginAnnotationIntegrationTests$MethodLevelController#defaultAnnotation()
22:43:18.348 [reactor-http-nio-2] DEBUG o.s.w.r.r.m.a.ResponseBodyResultHandler - Using 'text/plain;charset=UTF-8' given [text/plain, application/json, application/x-jackson-smile, application/*+json, */*] and supported [text/plain;charset=UTF-8, text/event-stream, text/plain;charset=UTF-8, */*]
22:43:18.348 [reactor-http-nio-2] DEBUG o.s.w.r.r.m.a.ResponseBodyResultHandler - [1db8d153] 0..1 [java.lang.String]
22:43:18.348 [reactor-http-nio-2] DEBUG o.s.c.c.CharSequenceEncoder - [1db8d153] Writing "default"
22:43:18.349 [Test worker] DEBUG o.s.w.c.RestTemplate - Response 200 OK
22:43:18.349 [Test worker] DEBUG o.s.w.c.RestTemplate - Reading to [java.lang.String] as "text/plain;charset=UTF-8"
22:43:18.349 [Test worker] DEBUG o.s.h.s.r.b.ReactorHttpServer - Stopping ReactorHttpServer...
22:43:18.350 [Test worker] DEBUG o.s.h.s.r.b.ReactorHttpServer - Server stopped (0 millis).
22:43:18.379 [Test worker] DEBUG o.s.w.r.r.m.a.RequestMappingHandlerMapping - 14 mappings in 'requestMappingHandlerMapping'
22:43:18.393 [Test worker] DEBUG o.s.w.r.r.m.a.ControllerMethodResolver - ControllerAdvice beans: none
22:43:18.416 [Test worker] DEBUG o.s.w.s.a.HttpWebHandlerAdapter - enableLoggingRequestDetails='false': form data and headers will be masked to prevent unsafe logging of potentially sensitive data
22:43:18.416 [Test worker] DEBUG o.s.h.s.r.b.ReactorHttpServer - Starting ReactorHttpServer...
22:43:18.416 [Test worker] DEBUG o.s.h.s.r.b.ReactorHttpServer - Server started on port 54740(0 millis).
22:43:18.416 [Test worker] DEBUG o.s.w.c.RestTemplate - HTTP GET http://localhost:54740/customized
22:43:18.416 [Test worker] DEBUG o.s.w.c.RestTemplate - Accept=[text/plain, application/json, application/x-jackson-smile, application/*+json, */*]
22:43:18.417 [reactor-http-nio-4] DEBUG o.s.w.s.a.HttpWebHandlerAdapter - [bcd98130] HTTP GET "/customized"
22:43:18.417 [reactor-http-nio-4] DEBUG o.s.w.r.r.m.a.RequestMappingHandlerMapping - [bcd98130] Mapped to org.springframework.web.reactive.result.method.annotation.CrossOriginAnnotationIntegrationTests$MethodLevelController#customized()
22:43:18.418 [reactor-http-nio-4] DEBUG o.s.w.r.r.m.a.ResponseBodyResultHandler - Using 'text/plain;charset=UTF-8' given [text/plain, application/json, application/x-jackson-smile, application/*+json, */*] and supported [text/plain;charset=UTF-8, text/event-stream, text/plain;charset=UTF-8, */*]
22:43:18.418 [reactor-http-nio-4] DEBUG o.s.w.r.r.m.a.ResponseBodyResultHandler - [bcd98130] 0..1 [java.lang.String]
22:43:18.418 [reactor-http-nio-4] DEBUG o.s.c.c.CharSequenceEncoder - [bcd98130] Writing "customized"
22:43:18.419 [Test worker] DEBUG o.s.w.c.RestTemplate - Response 200 OK
22:43:18.419 [Test worker] DEBUG o.s.w.c.RestTemplate - Reading to [java.lang.String] as "text/plain;charset=UTF-8"
22:43:18.419 [Test worker] DEBUG o.s.h.s.r.b.ReactorHttpServer - Stopping ReactorHttpServer...
22:43:18.419 [Test worker] DEBUG o.s.h.s.r.b.ReactorHttpServer - Server stopped (0 millis).
22:43:18.448 [Test worker] DEBUG o.s.w.r.r.m.a.RequestMappingHandlerMapping - 14 mappings in 'requestMappingHandlerMapping'
22:43:18.463 [Test worker] DEBUG o.s.w.r.r.m.a.ControllerMethodResolver - ControllerAdvice beans: none
22:43:18.493 [Test worker] DEBUG o.s.w.s.a.HttpWebHandlerAdapter - enableLoggingRequestDetails='false': form data and headers will be masked to prevent unsafe logging of potentially sensitive data
22:43:18.493 [Test worker] DEBUG o.s.h.s.r.b.ReactorHttpServer - Starting ReactorHttpServer...
22:43:18.494 [Test worker] DEBUG o.s.h.s.r.b.ReactorHttpServer - Server started on port 54742(0 millis).
22:43:18.494 [Test worker] DEBUG o.s.w.c.RestTemplate - HTTP OPTIONS http://localhost:54742/ambiguous-header
22:43:18.494 [Test worker] DEBUG o.s.w.c.RestTemplate - Accept=[text/plain, application/json, application/x-jackson-smile, application/*+json, */*]
22:43:18.494 [reactor-http-nio-6] DEBUG o.s.w.s.a.HttpWebHandlerAdapter - [777a5225] HTTP OPTIONS "/ambiguous-header"
22:43:18.495 [reactor-http-nio-6] DEBUG o.s.w.r.r.m.a.RequestMappingHandlerMapping - [777a5225] Mapped to org.springframework.web.reactive.result.method.AbstractHandlerMethodMapping$PreFlightAmbiguousMatchHandler#handle()
22:43:18.495 [reactor-http-nio-6] DEBUG o.s.w.s.a.HttpWebHandlerAdapter - [777a5225] Completed 200 OK
22:43:18.495 [Test worker] DEBUG o.s.w.c.RestTemplate - Response 200 OK
22:43:18.496 [Test worker] DEBUG o.s.h.s.r.b.ReactorHttpServer - Stopping ReactorHttpServer...
22:43:18.496 [Test worker] DEBUG o.s.h.s.r.b.ReactorHttpServer - Server stopped (0 millis).
22:43:18.527 [Test worker] DEBUG o.s.w.r.r.m.a.RequestMappingHandlerMapping - 14 mappings in 'requestMappingHandlerMapping'
22:43:18.541 [Test worker] DEBUG o.s.w.r.r.m.a.ControllerMethodResolver - ControllerAdvice beans: none
22:43:18.564 [Test worker] DEBUG o.s.w.s.a.HttpWebHandlerAdapter - enableLoggingRequestDetails='false': form data and headers will be masked to prevent unsafe logging of potentially sensitive data
22:43:18.564 [Test worker] DEBUG o.s.h.s.r.b.ReactorHttpServer - Starting ReactorHttpServer...
22:43:18.565 [Test worker] DEBUG o.s.h.s.r.b.ReactorHttpServer - Server started on port 54744(0 millis).
22:43:18.565 [Test worker] DEBUG o.s.w.c.RestTemplate - HTTP OPTIONS http://localhost:54744/ambiguous-produces
22:43:18.565 [Test worker] DEBUG o.s.w.c.RestTemplate - Accept=[text/plain, application/json, application/x-jackson-smile, application/*+json, */*]
22:43:18.566 [reactor-http-nio-8] DEBUG o.s.w.s.a.HttpWebHandlerAdapter - [ad5d3c49] HTTP OPTIONS "/ambiguous-produces"
22:43:18.566 [reactor-http-nio-8] DEBUG o.s.w.r.r.m.a.RequestMappingHandlerMapping - [ad5d3c49] Mapped to org.springframework.web.reactive.result.method.AbstractHandlerMethodMapping$PreFlightAmbiguousMatchHandler#handle()
22:43:18.566 [reactor-http-nio-8] DEBUG o.s.w.s.a.HttpWebHandlerAdapter - [ad5d3c49] Completed 200 OK
22:43:18.567 [Test worker] DEBUG o.s.w.c.RestTemplate - Response 200 OK
22:43:18.567 [Test worker] DEBUG o.s.h.s.r.b.ReactorHttpServer - Stopping ReactorHttpServer...
22:43:18.567 [Test worker] DEBUG o.s.h.s.r.b.ReactorHttpServer - Server stopped (0 millis).
22:43:18.595 [Test worker] DEBUG o.s.w.r.r.m.a.RequestMappingHandlerMapping - 14 mappings in 'requestMappingHandlerMapping'
22:43:18.610 [Test worker] DEBUG o.s.w.r.r.m.a.ControllerMethodResolver - ControllerAdvice beans: none
22:43:18.632 [Test worker] DEBUG o.s.w.s.a.HttpWebHandlerAdapter - enableLoggingRequestDetails='false': form data and headers will be masked to prevent unsafe logging of potentially sensitive data
22:43:18.632 [Test worker] DEBUG o.s.h.s.r.b.ReactorHttpServer - Starting ReactorHttpServer...
22:43:18.633 [Test worker] DEBUG o.s.h.s.r.b.ReactorHttpServer - Server started on port 54746(0 millis).
22:43:18.633 [Test worker] DEBUG o.s.w.c.RestTemplate - HTTP OPTIONS http://localhost:54746/default
22:43:18.633 [Test worker] DEBUG o.s.w.c.RestTemplate - Accept=[application/json, application/x-jackson-smile, application/*+json]
22:43:18.634 [reactor-http-nio-10] DEBUG o.s.w.s.a.HttpWebHandlerAdapter - [de108d70] HTTP OPTIONS "/default"
22:43:18.634 [reactor-http-nio-10] DEBUG o.s.w.r.r.m.a.RequestMappingHandlerMapping - [de108d70] Mapped to org.springframework.web.reactive.result.method.annotation.CrossOriginAnnotationIntegrationTests$MethodLevelController#defaultAnnotation()
22:43:18.634 [reactor-http-nio-10] DEBUG o.s.w.s.a.HttpWebHandlerAdapter - [de108d70] Completed 200 OK
22:43:18.635 [Test worker] DEBUG o.s.w.c.RestTemplate - Response 200 OK
22:43:18.635 [Test worker] DEBUG o.s.h.s.r.b.ReactorHttpServer - Stopping ReactorHttpServer...
22:43:18.635 [Test worker] DEBUG o.s.h.s.r.b.ReactorHttpServer - Server stopped (0 millis).
22:43:18.663 [Test worker] DEBUG o.s.w.r.r.m.a.RequestMappingHandlerMapping - 14 mappings in 'requestMappingHandlerMapping'
22:43:18.680 [Test worker] DEBUG o.s.w.r.r.m.a.ControllerMethodResolver - ControllerAdvice beans: none
22:43:18.705 [Test worker] DEBUG o.s.w.s.a.HttpWebHandlerAdapter - enableLoggingRequestDetails='false': form data and headers will be masked to prevent unsafe logging of potentially sensitive data
22:43:18.705 [Test worker] DEBUG o.s.h.s.r.b.ReactorHttpServer - Starting ReactorHttpServer...
22:43:18.706 [Test worker] DEBUG o.s.h.s.r.b.ReactorHttpServer - Server started on port 54748(0 millis).
22:43:18.706 [Test worker] DEBUG o.s.w.c.RestTemplate - HTTP OPTIONS http://localhost:54748/customized
22:43:18.706 [Test worker] DEBUG o.s.w.c.RestTemplate - Accept=[text/plain, application/json, application/x-jackson-smile, application/*+json, */*]
22:43:18.707 [reactor-http-nio-12] DEBUG o.s.w.s.a.HttpWebHandlerAdapter - [2fdbff89] HTTP OPTIONS "/customized"
22:43:18.707 [reactor-http-nio-12] DEBUG o.s.w.r.r.m.a.RequestMappingHandlerMapping - [2fdbff89] Mapped to org.springframework.web.reactive.result.method.annotation.CrossOriginAnnotationIntegrationTests$MethodLevelController#customized()
22:43:18.707 [reactor-http-nio-12] DEBUG o.s.w.s.a.HttpWebHandlerAdapter - [2fdbff89] Completed 200 OK
22:43:18.708 [Test worker] DEBUG o.s.w.c.RestTemplate - Response 200 OK
22:43:18.708 [Test worker] DEBUG o.s.h.s.r.b.ReactorHttpServer - Stopping ReactorHttpServer...
22:43:18.708 [Test worker] DEBUG o.s.h.s.r.b.ReactorHttpServer - Server stopped (0 millis).
22:43:18.736 [Test worker] DEBUG o.s.w.r.r.m.a.RequestMappingHandlerMapping - 14 mappings in 'requestMappingHandlerMapping'
22:43:18.751 [Test worker] DEBUG o.s.w.r.r.m.a.ControllerMethodResolver - ControllerAdvice beans: none
22:43:18.774 [Test worker] DEBUG o.s.w.s.a.HttpWebHandlerAdapter - enableLoggingRequestDetails='false': form data and headers will be masked to prevent unsafe logging of potentially sensitive data
22:43:18.774 [Test worker] DEBUG o.s.h.s.r.b.ReactorHttpServer - Starting ReactorHttpServer...
22:43:18.774 [Test worker] DEBUG o.s.h.s.r.b.ReactorHttpServer - Server started on port 54750(0 millis).
22:43:18.774 [Test worker] DEBUG o.s.w.c.RestTemplate - HTTP GET http://localhost:54750/default
22:43:18.774 [Test worker] DEBUG o.s.w.c.RestTemplate - Accept=[text/plain, application/json, application/x-jackson-smile, application/*+json, */*]
22:43:18.776 [reactor-http-nio-14] DEBUG o.s.w.s.a.HttpWebHandlerAdapter - [ff2404eb] HTTP GET "/default"
22:43:18.776 [reactor-http-nio-14] DEBUG o.s.w.r.r.m.a.RequestMappingHandlerMapping - [ff2404eb] Mapped to org.springframework.web.reactive.result.method.annotation.CrossOriginAnnotationIntegrationTests$MethodLevelController#defaultAnnotation()
22:43:18.776 [reactor-http-nio-14] DEBUG o.s.w.r.r.m.a.ResponseBodyResultHandler - Using 'text/plain;charset=UTF-8' given [text/plain, application/json, application/x-jackson-smile, application/*+json, */*] and supported [text/plain;charset=UTF-8, text/event-stream, text/plain;charset=UTF-8, */*]
22:43:18.776 [reactor-http-nio-14] DEBUG o.s.w.r.r.m.a.ResponseBodyResultHandler - [ff2404eb] 0..1 [java.lang.String]
22:43:18.776 [reactor-http-nio-14] DEBUG o.s.c.c.CharSequenceEncoder - [ff2404eb] Writing "default"
22:43:18.777 [Test worker] DEBUG o.s.w.c.RestTemplate - Response 200 OK
22:43:18.777 [Test worker] DEBUG o.s.w.c.RestTemplate - Reading to [java.lang.String] as "text/plain;charset=UTF-8"
22:43:18.777 [Test worker] DEBUG o.s.h.s.r.b.ReactorHttpServer - Stopping ReactorHttpServer...
22:43:18.777 [Test worker] DEBUG o.s.h.s.r.b.ReactorHttpServer - Server stopped (0 millis).
22:43:18.805 [Test worker] DEBUG o.s.w.r.r.m.a.RequestMappingHandlerMapping - 14 mappings in 'requestMappingHandlerMapping'
22:43:18.819 [Test worker] DEBUG o.s.w.r.r.m.a.ControllerMethodResolver - ControllerAdvice beans: none
22:43:18.843 [Test worker] DEBUG o.s.w.s.a.HttpWebHandlerAdapter - enableLoggingRequestDetails='false': form data and headers will be masked to prevent unsafe logging of potentially sensitive data
22:43:18.843 [Test worker] DEBUG o.s.h.s.r.b.ReactorHttpServer - Starting ReactorHttpServer...
22:43:18.843 [Test worker] DEBUG o.s.h.s.r.b.ReactorHttpServer - Server started on port 54752(0 millis).
22:43:18.843 [Test worker] DEBUG o.s.w.c.RestTemplate - HTTP POST http://localhost:54752/no
22:43:18.844 [Test worker] DEBUG o.s.w.c.RestTemplate - Accept=[text/plain, application/json, application/x-jackson-smile, application/*+json, */*]
22:43:18.845 [reactor-http-nio-16] DEBUG o.s.w.s.a.HttpWebHandlerAdapter - [25d6dcb2] HTTP POST "/no"
22:43:18.845 [reactor-http-nio-16] DEBUG o.s.w.r.r.m.a.RequestMappingHandlerMapping - [25d6dcb2] Mapped to org.springframework.web.reactive.result.method.annotation.CrossOriginAnnotationIntegrationTests$MethodLevelController#noAnnotationPost()
22:43:18.845 [reactor-http-nio-16] DEBUG o.s.w.r.r.m.a.ResponseBodyResultHandler - Using 'text/plain;charset=UTF-8' given [text/plain, application/json, application/x-jackson-smile, application/*+json, */*] and supported [text/plain;charset=UTF-8, text/event-stream, text/plain;charset=UTF-8, */*]
22:43:18.846 [reactor-http-nio-16] DEBUG o.s.w.r.r.m.a.ResponseBodyResultHandler - [25d6dcb2] 0..1 [java.lang.String]
22:43:18.846 [reactor-http-nio-16] DEBUG o.s.c.c.CharSequenceEncoder - [25d6dcb2] Writing "no-post"
22:43:18.846 [Test worker] DEBUG o.s.w.c.RestTemplate - Response 200 OK
22:43:18.846 [Test worker] DEBUG o.s.w.c.RestTemplate - Reading to [java.lang.String] as "text/plain;charset=UTF-8"
22:43:18.847 [Test worker] DEBUG o.s.h.s.r.b.ReactorHttpServer - Stopping ReactorHttpServer...
22:43:18.847 [Test worker] DEBUG o.s.h.s.r.b.ReactorHttpServer - Server stopped (0 millis).
22:43:18.876 [Test worker] DEBUG o.s.w.r.r.m.a.RequestMappingHandlerMapping - 14 mappings in 'requestMappingHandlerMapping'
22:43:18.892 [Test worker] DEBUG o.s.w.r.r.m.a.ControllerMethodResolver - ControllerAdvice beans: none
22:43:18.914 [Test worker] DEBUG o.s.w.s.a.HttpWebHandlerAdapter - enableLoggingRequestDetails='false': form data and headers will be masked to prevent unsafe logging of potentially sensitive data
22:43:18.915 [Test worker] DEBUG o.s.h.s.r.b.TomcatHttpServer - Starting TomcatHttpServer...
22:43:18.919 [Test worker] DEBUG o.s.h.s.r.b.TomcatHttpServer - Server started on port 54754(0 millis).
22:43:18.919 [Test worker] DEBUG o.s.w.c.RestTemplate - HTTP GET http://localhost:54754/origin-placeholder
22:43:18.919 [Test worker] DEBUG o.s.w.c.RestTemplate - Accept=[text/plain, application/json, application/x-jackson-smile, application/*+json, */*]
22:43:18.920 [http-nio-auto-108-exec-1] DEBUG o.s.w.s.a.HttpWebHandlerAdapter - [53851919] HTTP GET "/origin-placeholder"
22:43:18.921 [http-nio-auto-108-exec-1] DEBUG o.s.w.r.r.m.a.RequestMappingHandlerMapping - [53851919] Mapped to org.springframework.web.reactive.result.method.annotation.CrossOriginAnnotationIntegrationTests$MethodLevelController#customOriginDefinedViaPlaceholder()
22:43:18.921 [http-nio-auto-108-exec-1] DEBUG o.s.w.r.r.m.a.ResponseBodyResultHandler - Using 'text/plain;charset=UTF-8' given [text/plain, application/json, application/x-jackson-smile, application/*+json, */*] and supported [text/plain;charset=UTF-8, text/event-stream, text/plain;charset=UTF-8, */*]
22:43:18.921 [http-nio-auto-108-exec-1] DEBUG o.s.w.r.r.m.a.ResponseBodyResultHandler - [53851919] 0..1 [java.lang.String]
22:43:18.921 [http-nio-auto-108-exec-1] DEBUG o.s.c.c.CharSequenceEncoder - [53851919] Writing "placeholder"
22:43:18.921 [http-nio-auto-108-exec-1] DEBUG o.s.w.s.a.HttpWebHandlerAdapter - [53851919] Completed 200 OK
22:43:18.921 [Test worker] DEBUG o.s.w.c.RestTemplate - Response 200 OK
22:43:18.922 [Test worker] DEBUG o.s.w.c.RestTemplate - Reading to [java.lang.String] as "text/plain;charset=UTF-8"
22:43:18.922 [Test worker] DEBUG o.s.h.s.r.b.TomcatHttpServer - Stopping TomcatHttpServer...
22:43:18.931 [Test worker] DEBUG o.s.h.s.r.b.TomcatHttpServer - Server stopped (0 millis).
22:43:18.965 [Test worker] DEBUG o.s.w.r.r.m.a.RequestMappingHandlerMapping - 14 mappings in 'requestMappingHandlerMapping'
22:43:18.981 [Test worker] DEBUG o.s.w.r.r.m.a.ControllerMethodResolver - ControllerAdvice beans: none
22:43:19.005 [Test worker] DEBUG o.s.w.s.a.HttpWebHandlerAdapter - enableLoggingRequestDetails='false': form data and headers will be masked to prevent unsafe logging of potentially sensitive data
22:43:19.005 [Test worker] DEBUG o.s.h.s.r.b.TomcatHttpServer - Starting TomcatHttpServer...
22:43:19.009 [Test worker] DEBUG o.s.h.s.r.b.TomcatHttpServer - Server started on port 54757(0 millis).
22:43:19.010 [Test worker] DEBUG o.s.w.c.RestTemplate - HTTP GET http://localhost:54757/no
22:43:19.010 [Test worker] DEBUG o.s.w.c.RestTemplate - Accept=[text/plain, application/json, application/x-jackson-smile, application/*+json, */*]
22:43:19.011 [http-nio-auto-109-exec-1] DEBUG o.s.w.s.a.HttpWebHandlerAdapter - [3d600647] HTTP GET "/no"
22:43:19.011 [http-nio-auto-109-exec-1] DEBUG o.s.w.r.r.m.a.RequestMappingHandlerMapping - [3d600647] Mapped to org.springframework.web.reactive.result.method.annotation.CrossOriginAnnotationIntegrationTests$MethodLevelController#noAnnotation()
22:43:19.011 [http-nio-auto-109-exec-1] DEBUG o.s.w.r.r.m.a.ResponseBodyResultHandler - Using 'text/plain;charset=UTF-8' given [text/plain, application/json, application/x-jackson-smile, application/*+json, */*] and supported [text/plain;charset=UTF-8, text/event-stream, text/plain;charset=UTF-8, */*]
22:43:19.011 [http-nio-auto-109-exec-1] DEBUG o.s.w.r.r.m.a.ResponseBodyResultHandler - [3d600647] 0..1 [java.lang.String]
22:43:19.011 [http-nio-auto-109-exec-1] DEBUG o.s.c.c.CharSequenceEncoder - [3d600647] Writing "no"
22:43:19.012 [http-nio-auto-109-exec-1] DEBUG o.s.w.s.a.HttpWebHandlerAdapter - [3d600647] Completed 200 OK
22:43:19.012 [Test worker] DEBUG o.s.w.c.RestTemplate - Response 200 OK
22:43:19.012 [Test worker] DEBUG o.s.w.c.RestTemplate - Reading to [java.lang.String] as "text/plain;charset=UTF-8"
22:43:19.012 [Test worker] DEBUG o.s.h.s.r.b.TomcatHttpServer - Stopping TomcatHttpServer...
22:43:19.021 [Test worker] DEBUG o.s.h.s.r.b.TomcatHttpServer - Server stopped (0 millis).
22:43:19.057 [Test worker] DEBUG o.s.w.r.r.m.a.RequestMappingHandlerMapping - 14 mappings in 'requestMappingHandlerMapping'
22:43:19.075 [Test worker] DEBUG o.s.w.r.r.m.a.ControllerMethodResolver - ControllerAdvice beans: none
22:43:19.102 [Test worker] DEBUG o.s.w.s.a.HttpWebHandlerAdapter - enableLoggingRequestDetails='false': form data and headers will be masked to prevent unsafe logging of potentially sensitive data
22:43:19.102 [Test worker] DEBUG o.s.h.s.r.b.TomcatHttpServer - Starting TomcatHttpServer...
22:43:19.107 [Test worker] DEBUG o.s.h.s.r.b.TomcatHttpServer - Server started on port 54760(0 millis).
22:43:19.107 [Test worker] DEBUG o.s.w.c.RestTemplate - HTTP GET http://localhost:54760/origin-value-attribute
22:43:19.107 [Test worker] DEBUG o.s.w.c.RestTemplate - Accept=[text/plain, application/json, application/x-jackson-smile, application/*+json, */*]
22:43:19.108 [http-nio-auto-110-exec-1] DEBUG o.s.w.s.a.HttpWebHandlerAdapter - [79db5221] HTTP GET "/origin-value-attribute"
22:43:19.109 [http-nio-auto-110-exec-1] DEBUG o.s.w.r.r.m.a.RequestMappingHandlerMapping - [79db5221] Mapped to org.springframework.web.reactive.result.method.annotation.CrossOriginAnnotationIntegrationTests$MethodLevelController#customOriginDefinedViaValueAttribute()
22:43:19.109 [http-nio-auto-110-exec-1] DEBUG o.s.w.r.r.m.a.ResponseBodyResultHandler - Using 'text/plain;charset=UTF-8' given [text/plain, application/json, application/x-jackson-smile, application/*+json, */*] and supported [text/plain;charset=UTF-8, text/event-stream, text/plain;charset=UTF-8, */*]
22:43:19.109 [http-nio-auto-110-exec-1] DEBUG o.s.w.r.r.m.a.ResponseBodyResultHandler - [79db5221] 0..1 [java.lang.String]
22:43:19.109 [http-nio-auto-110-exec-1] DEBUG o.s.c.c.CharSequenceEncoder - [79db5221] Writing "value-attribute"
22:43:19.109 [http-nio-auto-110-exec-1] DEBUG o.s.w.s.a.HttpWebHandlerAdapter - [79db5221] Completed 200 OK
22:43:19.110 [Test worker] DEBUG o.s.w.c.RestTemplate - Response 200 OK
22:43:19.110 [Test worker] DEBUG o.s.w.c.RestTemplate - Reading to [java.lang.String] as "text/plain;charset=UTF-8"
22:43:19.110 [Test worker] DEBUG o.s.h.s.r.b.TomcatHttpServer - Stopping TomcatHttpServer...
22:43:19.120 [Test worker] DEBUG o.s.h.s.r.b.TomcatHttpServer - Server stopped (0 millis).
22:43:19.161 [Test worker] DEBUG o.s.w.r.r.m.a.RequestMappingHandlerMapping - 14 mappings in 'requestMappingHandlerMapping'
22:43:19.178 [Test worker] DEBUG o.s.w.r.r.m.a.ControllerMethodResolver - ControllerAdvice beans: none
22:43:19.206 [Test worker] DEBUG o.s.w.s.a.HttpWebHandlerAdapter - enableLoggingRequestDetails='false': form data and headers will be masked to prevent unsafe logging of potentially sensitive data
22:43:19.206 [Test worker] DEBUG o.s.h.s.r.b.TomcatHttpServer - Starting TomcatHttpServer...
22:43:19.210 [Test worker] DEBUG o.s.h.s.r.b.TomcatHttpServer - Server started on port 54763(0 millis).
22:43:19.211 [Test worker] DEBUG o.s.w.c.RestTemplate - HTTP GET http://localhost:54763/foo
22:43:19.211 [Test worker] DEBUG o.s.w.c.RestTemplate - Accept=[text/plain, application/json, application/x-jackson-smile, application/*+json, */*]
22:43:19.212 [http-nio-auto-111-exec-1] DEBUG o.s.w.s.a.HttpWebHandlerAdapter - [1e55e071] HTTP GET "/foo"
22:43:19.212 [http-nio-auto-111-exec-1] DEBUG o.s.w.r.r.m.a.RequestMappingHandlerMapping - [1e55e071] Mapped to org.springframework.web.reactive.result.method.annotation.CrossOriginAnnotationIntegrationTests$ClassLevelController#foo()
22:43:19.212 [http-nio-auto-111-exec-1] DEBUG o.s.w.r.r.m.a.ResponseBodyResultHandler - Using 'text/plain;charset=UTF-8' given [text/plain, application/json, application/x-jackson-smile, application/*+json, */*] and supported [text/plain;charset=UTF-8, text/event-stream, text/plain;charset=UTF-8, */*]
22:43:19.212 [http-nio-auto-111-exec-1] DEBUG o.s.w.r.r.m.a.ResponseBodyResultHandler - [1e55e071] 0..1 [java.lang.String]
22:43:19.212 [http-nio-auto-111-exec-1] DEBUG o.s.c.c.CharSequenceEncoder - [1e55e071] Writing "foo"
22:43:19.212 [http-nio-auto-111-exec-1] DEBUG o.s.w.s.a.HttpWebHandlerAdapter - [1e55e071] Completed 200 OK
22:43:19.213 [Test worker] DEBUG o.s.w.c.RestTemplate - Response 200 OK
22:43:19.213 [Test worker] DEBUG o.s.w.c.RestTemplate - Reading to [java.lang.String] as "text/plain;charset=UTF-8"
22:43:19.213 [Test worker] DEBUG o.s.w.c.RestTemplate - HTTP GET http://localhost:54763/bar
22:43:19.213 [Test worker] DEBUG o.s.w.c.RestTemplate - Accept=[text/plain, application/json, application/x-jackson-smile, application/*+json, */*]
22:43:19.214 [http-nio-auto-111-exec-2] DEBUG o.s.w.s.a.HttpWebHandlerAdapter - [61ec313d] HTTP GET "/bar"
22:43:19.214 [http-nio-auto-111-exec-2] DEBUG o.s.w.r.r.m.a.RequestMappingHandlerMapping - [61ec313d] Mapped to org.springframework.web.reactive.result.method.annotation.CrossOriginAnnotationIntegrationTests$ClassLevelController#bar()
22:43:19.214 [http-nio-auto-111-exec-2] DEBUG o.s.w.r.r.m.a.ResponseBodyResultHandler - Using 'text/plain;charset=UTF-8' given [text/plain, application/json, application/x-jackson-smile, application/*+json, */*] and supported [text/plain;charset=UTF-8, text/event-stream, text/plain;charset=UTF-8, */*]
22:43:19.214 [http-nio-auto-111-exec-2] DEBUG o.s.w.r.r.m.a.ResponseBodyResultHandler - [61ec313d] 0..1 [java.lang.String]
22:43:19.214 [http-nio-auto-111-exec-2] DEBUG o.s.c.c.CharSequenceEncoder - [61ec313d] Writing "bar"
22:43:19.215 [http-nio-auto-111-exec-2] DEBUG o.s.w.s.a.HttpWebHandlerAdapter - [61ec313d] Completed 200 OK
22:43:19.215 [Test worker] DEBUG o.s.w.c.RestTemplate - Response 200 OK
22:43:19.215 [Test worker] DEBUG o.s.w.c.RestTemplate - Reading to [java.lang.String] as "text/plain;charset=UTF-8"
22:43:19.215 [Test worker] DEBUG o.s.w.c.RestTemplate - HTTP GET http://localhost:54763/baz
22:43:19.215 [Test worker] DEBUG o.s.w.c.RestTemplate - Accept=[text/plain, application/json, application/x-jackson-smile, application/*+json, */*]
22:43:19.215 [http-nio-auto-111-exec-3] DEBUG o.s.w.s.a.HttpWebHandlerAdapter - [2ed7df68] HTTP GET "/baz"
22:43:19.216 [http-nio-auto-111-exec-3] DEBUG o.s.w.r.r.m.a.RequestMappingHandlerMapping - [2ed7df68] Mapped to org.springframework.web.reactive.result.method.annotation.CrossOriginAnnotationIntegrationTests$ClassLevelController#baz()
22:43:19.216 [http-nio-auto-111-exec-3] DEBUG o.s.w.r.r.m.a.ResponseBodyResultHandler - Using 'text/plain;charset=UTF-8' given [text/plain, application/json, application/x-jackson-smile, application/*+json, */*] and supported [text/plain;charset=UTF-8, text/event-stream, text/plain;charset=UTF-8, */*]
22:43:19.216 [http-nio-auto-111-exec-3] DEBUG o.s.w.r.r.m.a.ResponseBodyResultHandler - [2ed7df68] 0..1 [java.lang.String]
22:43:19.216 [http-nio-auto-111-exec-3] DEBUG o.s.c.c.CharSequenceEncoder - [2ed7df68] Writing "baz"
22:43:19.216 [http-nio-auto-111-exec-3] DEBUG o.s.w.s.a.HttpWebHandlerAdapter - [2ed7df68] Completed 200 OK
22:43:19.216 [Test worker] DEBUG o.s.w.c.RestTemplate - Response 200 OK
22:43:19.216 [Test worker] DEBUG o.s.w.c.RestTemplate - Reading to [java.lang.String] as "text/plain;charset=UTF-8"
22:43:19.216 [Test worker] DEBUG o.s.h.s.r.b.TomcatHttpServer - Stopping TomcatHttpServer...
22:43:19.226 [Test worker] DEBUG o.s.h.s.r.b.TomcatHttpServer - Server stopped (0 millis).
22:43:19.266 [Test worker] DEBUG o.s.w.r.r.m.a.RequestMappingHandlerMapping - 14 mappings in 'requestMappingHandlerMapping'
22:43:19.283 [Test worker] DEBUG o.s.w.r.r.m.a.ControllerMethodResolver - ControllerAdvice beans: none
22:43:19.309 [Test worker] DEBUG o.s.w.s.a.HttpWebHandlerAdapter - enableLoggingRequestDetails='false': form data and headers will be masked to prevent unsafe logging of potentially sensitive data
22:43:19.309 [Test worker] DEBUG o.s.h.s.r.b.TomcatHttpServer - Starting TomcatHttpServer...
22:43:19.313 [Test worker] DEBUG o.s.h.s.r.b.TomcatHttpServer - Server started on port 54767(0 millis).
22:43:19.313 [Test worker] DEBUG o.s.w.c.RestTemplate - HTTP GET http://localhost:54767/default
22:43:19.313 [Test worker] DEBUG o.s.w.c.RestTemplate - Accept=[text/plain, application/json, application/x-jackson-smile, application/*+json, */*]
22:43:19.314 [http-nio-auto-112-exec-1] DEBUG o.s.w.s.a.HttpWebHandlerAdapter - [20fb6d7d] HTTP GET "/default"
22:43:19.314 [http-nio-auto-112-exec-1] DEBUG o.s.w.r.r.m.a.RequestMappingHandlerMapping - [20fb6d7d] Mapped to org.springframework.web.reactive.result.method.annotation.CrossOriginAnnotationIntegrationTests$MethodLevelController#defaultAnnotation()
22:43:19.314 [http-nio-auto-112-exec-1] DEBUG o.s.w.r.r.m.a.ResponseBodyResultHandler - Using 'text/plain;charset=UTF-8' given [text/plain, application/json, application/x-jackson-smile, application/*+json, */*] and supported [text/plain;charset=UTF-8, text/event-stream, text/plain;charset=UTF-8, */*]
22:43:19.314 [http-nio-auto-112-exec-1] DEBUG o.s.w.r.r.m.a.ResponseBodyResultHandler - [20fb6d7d] 0..1 [java.lang.String]
22:43:19.314 [http-nio-auto-112-exec-1] DEBUG o.s.c.c.CharSequenceEncoder - [20fb6d7d] Writing "default"
22:43:19.315 [http-nio-auto-112-exec-1] DEBUG o.s.w.s.a.HttpWebHandlerAdapter - [20fb6d7d] Completed 200 OK
22:43:19.315 [Test worker] DEBUG o.s.w.c.RestTemplate - Response 200 OK
22:43:19.315 [Test worker] DEBUG o.s.w.c.RestTemplate - Reading to [java.lang.String] as "text/plain;charset=UTF-8"
22:43:19.315 [Test worker] DEBUG o.s.h.s.r.b.TomcatHttpServer - Stopping TomcatHttpServer...
22:43:19.325 [Test worker] DEBUG o.s.h.s.r.b.TomcatHttpServer - Server stopped (0 millis).
22:43:19.360 [Test worker] DEBUG o.s.w.r.r.m.a.RequestMappingHandlerMapping - 14 mappings in 'requestMappingHandlerMapping'
22:43:19.378 [Test worker] DEBUG o.s.w.r.r.m.a.ControllerMethodResolver - ControllerAdvice beans: none
22:43:19.403 [Test worker] DEBUG o.s.w.s.a.HttpWebHandlerAdapter - enableLoggingRequestDetails='false': form data and headers will be masked to prevent unsafe logging of potentially sensitive data
22:43:19.403 [Test worker] DEBUG o.s.h.s.r.b.TomcatHttpServer - Starting TomcatHttpServer...
22:43:19.407 [Test worker] DEBUG o.s.h.s.r.b.TomcatHttpServer - Server started on port 54772(0 millis).
22:43:19.407 [Test worker] DEBUG o.s.w.c.RestTemplate - HTTP GET http://localhost:54772/customized
22:43:19.407 [Test worker] DEBUG o.s.w.c.RestTemplate - Accept=[text/plain, application/json, application/x-jackson-smile, application/*+json, */*]
22:43:19.408 [http-nio-auto-113-exec-1] DEBUG o.s.w.s.a.HttpWebHandlerAdapter - [7b8a6aa9] HTTP GET "/customized"
22:43:19.408 [http-nio-auto-113-exec-1] DEBUG o.s.w.r.r.m.a.RequestMappingHandlerMapping - [7b8a6aa9] Mapped to org.springframework.web.reactive.result.method.annotation.CrossOriginAnnotationIntegrationTests$MethodLevelController#customized()
22:43:19.409 [http-nio-auto-113-exec-1] DEBUG o.s.w.r.r.m.a.ResponseBodyResultHandler - Using 'text/plain;charset=UTF-8' given [text/plain, application/json, application/x-jackson-smile, application/*+json, */*] and supported [text/plain;charset=UTF-8, text/event-stream, text/plain;charset=UTF-8, */*]
22:43:19.409 [http-nio-auto-113-exec-1] DEBUG o.s.w.r.r.m.a.ResponseBodyResultHandler - [7b8a6aa9] 0..1 [java.lang.String]
22:43:19.409 [http-nio-auto-113-exec-1] DEBUG o.s.c.c.CharSequenceEncoder - [7b8a6aa9] Writing "customized"
22:43:19.409 [http-nio-auto-113-exec-1] DEBUG o.s.w.s.a.HttpWebHandlerAdapter - [7b8a6aa9] Completed 200 OK
22:43:19.409 [Test worker] DEBUG o.s.w.c.RestTemplate - Response 200 OK
22:43:19.409 [Test worker] DEBUG o.s.w.c.RestTemplate - Reading to [java.lang.String] as "text/plain;charset=UTF-8"
22:43:19.409 [Test worker] DEBUG o.s.h.s.r.b.TomcatHttpServer - Stopping TomcatHttpServer...
22:43:19.419 [Test worker] DEBUG o.s.h.s.r.b.TomcatHttpServer - Server stopped (0 millis).
22:43:19.453 [Test worker] DEBUG o.s.w.r.r.m.a.RequestMappingHandlerMapping - 14 mappings in 'requestMappingHandlerMapping'
22:43:19.469 [Test worker] DEBUG o.s.w.r.r.m.a.ControllerMethodResolver - ControllerAdvice beans: none
22:43:19.491 [Test worker] DEBUG o.s.w.s.a.HttpWebHandlerAdapter - enableLoggingRequestDetails='false': form data and headers will be masked to prevent unsafe logging of potentially sensitive data
22:43:19.492 [Test worker] DEBUG o.s.h.s.r.b.TomcatHttpServer - Starting TomcatHttpServer...
22:43:19.496 [Test worker] DEBUG o.s.h.s.r.b.TomcatHttpServer - Server started on port 54775(0 millis).
22:43:19.496 [Test worker] DEBUG o.s.w.c.RestTemplate - HTTP OPTIONS http://localhost:54775/ambiguous-header
22:43:19.496 [Test worker] DEBUG o.s.w.c.RestTemplate - Accept=[text/plain, application/json, application/x-jackson-smile, application/*+json, */*]
22:43:19.497 [http-nio-auto-114-exec-1] DEBUG o.s.w.s.a.HttpWebHandlerAdapter - [1e0e7348] HTTP OPTIONS "/ambiguous-header"
22:43:19.497 [http-nio-auto-114-exec-1] DEBUG o.s.w.r.r.m.a.RequestMappingHandlerMapping - [1e0e7348] Mapped to org.springframework.web.reactive.result.method.AbstractHandlerMethodMapping$PreFlightAmbiguousMatchHandler#handle()
22:43:19.497 [http-nio-auto-114-exec-1] DEBUG o.s.w.s.a.HttpWebHandlerAdapter - [1e0e7348] Completed 200 OK
22:43:19.498 [Test worker] DEBUG o.s.w.c.RestTemplate - Response 200 OK
22:43:19.498 [Test worker] DEBUG o.s.h.s.r.b.TomcatHttpServer - Stopping TomcatHttpServer...
22:43:19.508 [Test worker] DEBUG o.s.h.s.r.b.TomcatHttpServer - Server stopped (0 millis).
22:43:19.541 [Test worker] DEBUG o.s.w.r.r.m.a.RequestMappingHandlerMapping - 14 mappings in 'requestMappingHandlerMapping'
22:43:19.555 [Test worker] DEBUG o.s.w.r.r.m.a.ControllerMethodResolver - ControllerAdvice beans: none
22:43:19.578 [Test worker] DEBUG o.s.w.s.a.HttpWebHandlerAdapter - enableLoggingRequestDetails='false': form data and headers will be masked to prevent unsafe logging of potentially sensitive data
22:43:19.578 [Test worker] DEBUG o.s.h.s.r.b.TomcatHttpServer - Starting TomcatHttpServer...
22:43:19.582 [Test worker] DEBUG o.s.h.s.r.b.TomcatHttpServer - Server started on port 54778(0 millis).
22:43:19.582 [Test worker] DEBUG o.s.w.c.RestTemplate - HTTP OPTIONS http://localhost:54778/ambiguous-produces
22:43:19.582 [Test worker] DEBUG o.s.w.c.RestTemplate - Accept=[text/plain, application/json, application/x-jackson-smile, application/*+json, */*]
22:43:19.583 [http-nio-auto-115-exec-1] DEBUG o.s.w.s.a.HttpWebHandlerAdapter - [75c7fb2e] HTTP OPTIONS "/ambiguous-produces"
22:43:19.583 [http-nio-auto-115-exec-1] DEBUG o.s.w.r.r.m.a.RequestMappingHandlerMapping - [75c7fb2e] Mapped to org.springframework.web.reactive.result.method.AbstractHandlerMethodMapping$PreFlightAmbiguousMatchHandler#handle()
22:43:19.584 [http-nio-auto-115-exec-1] DEBUG o.s.w.s.a.HttpWebHandlerAdapter - [75c7fb2e] Completed 200 OK
22:43:19.584 [Test worker] DEBUG o.s.w.c.RestTemplate - Response 200 OK
22:43:19.584 [Test worker] DEBUG o.s.h.s.r.b.TomcatHttpServer - Stopping TomcatHttpServer...
22:43:19.594 [Test worker] DEBUG o.s.h.s.r.b.TomcatHttpServer - Server stopped (0 millis).
22:43:19.632 [Test worker] DEBUG o.s.w.r.r.m.a.RequestMappingHandlerMapping - 14 mappings in 'requestMappingHandlerMapping'
22:43:19.647 [Test worker] DEBUG o.s.w.r.r.m.a.ControllerMethodResolver - ControllerAdvice beans: none
22:43:19.670 [Test worker] DEBUG o.s.w.s.a.HttpWebHandlerAdapter - enableLoggingRequestDetails='false': form data and headers will be masked to prevent unsafe logging of potentially sensitive data
22:43:19.670 [Test worker] DEBUG o.s.h.s.r.b.TomcatHttpServer - Starting TomcatHttpServer...
22:43:19.674 [Test worker] DEBUG o.s.h.s.r.b.TomcatHttpServer - Server started on port 54781(0 millis).
22:43:19.674 [Test worker] DEBUG o.s.w.c.RestTemplate - HTTP OPTIONS http://localhost:54781/default
22:43:19.674 [Test worker] DEBUG o.s.w.c.RestTemplate - Accept=[application/json, application/x-jackson-smile, application/*+json]
22:43:19.675 [http-nio-auto-116-exec-1] DEBUG o.s.w.s.a.HttpWebHandlerAdapter - [458f96e3] HTTP OPTIONS "/default"
22:43:19.676 [http-nio-auto-116-exec-1] DEBUG o.s.w.r.r.m.a.RequestMappingHandlerMapping - [458f96e3] Mapped to org.springframework.web.reactive.result.method.annotation.CrossOriginAnnotationIntegrationTests$MethodLevelController#defaultAnnotation()
22:43:19.676 [http-nio-auto-116-exec-1] DEBUG o.s.w.s.a.HttpWebHandlerAdapter - [458f96e3] Completed 200 OK
22:43:19.676 [Test worker] DEBUG o.s.w.c.RestTemplate - Response 200 OK
22:43:19.676 [Test worker] DEBUG o.s.h.s.r.b.TomcatHttpServer - Stopping TomcatHttpServer...
22:43:19.685 [Test worker] DEBUG o.s.h.s.r.b.TomcatHttpServer - Server stopped (0 millis).
22:43:19.718 [Test worker] DEBUG o.s.w.r.r.m.a.RequestMappingHandlerMapping - 14 mappings in 'requestMappingHandlerMapping'
22:43:19.733 [Test worker] DEBUG o.s.w.r.r.m.a.ControllerMethodResolver - ControllerAdvice beans: none
22:43:19.755 [Test worker] DEBUG o.s.w.s.a.HttpWebHandlerAdapter - enableLoggingRequestDetails='false': form data and headers will be masked to prevent unsafe logging of potentially sensitive data
22:43:19.756 [Test worker] DEBUG o.s.h.s.r.b.TomcatHttpServer - Starting TomcatHttpServer...
22:43:19.759 [Test worker] DEBUG o.s.h.s.r.b.TomcatHttpServer - Server started on port 54784(0 millis).
22:43:19.759 [Test worker] DEBUG o.s.w.c.RestTemplate - HTTP OPTIONS http://localhost:54784/customized
22:43:19.759 [Test worker] DEBUG o.s.w.c.RestTemplate - Accept=[text/plain, application/json, application/x-jackson-smile, application/*+json, */*]
22:43:19.760 [http-nio-auto-117-exec-1] DEBUG o.s.w.s.a.HttpWebHandlerAdapter - [5e358e1d] HTTP OPTIONS "/customized"
22:43:19.761 [http-nio-auto-117-exec-1] DEBUG o.s.w.r.r.m.a.RequestMappingHandlerMapping - [5e358e1d] Mapped to org.springframework.web.reactive.result.method.annotation.CrossOriginAnnotationIntegrationTests$MethodLevelController#customized()
22:43:19.761 [http-nio-auto-117-exec-1] DEBUG o.s.w.s.a.HttpWebHandlerAdapter - [5e358e1d] Completed 200 OK
22:43:19.761 [Test worker] DEBUG o.s.w.c.RestTemplate - Response 200 OK
22:43:19.761 [Test worker] DEBUG o.s.h.s.r.b.TomcatHttpServer - Stopping TomcatHttpServer...
22:43:19.771 [Test worker] DEBUG o.s.h.s.r.b.TomcatHttpServer - Server stopped (0 millis).
22:43:19.807 [Test worker] DEBUG o.s.w.r.r.m.a.RequestMappingHandlerMapping - 14 mappings in 'requestMappingHandlerMapping'
22:43:19.822 [Test worker] DEBUG o.s.w.r.r.m.a.ControllerMethodResolver - ControllerAdvice beans: none
22:43:19.845 [Test worker] DEBUG o.s.w.s.a.HttpWebHandlerAdapter - enableLoggingRequestDetails='false': form data and headers will be masked to prevent unsafe logging of potentially sensitive data
22:43:19.845 [Test worker] DEBUG o.s.h.s.r.b.TomcatHttpServer - Starting TomcatHttpServer...
22:43:19.849 [Test worker] DEBUG o.s.h.s.r.b.TomcatHttpServer - Server started on port 54787(0 millis).
22:43:19.849 [Test worker] DEBUG o.s.w.c.RestTemplate - HTTP GET http://localhost:54787/default
22:43:19.849 [Test worker] DEBUG o.s.w.c.RestTemplate - Accept=[text/plain, application/json, application/x-jackson-smile, application/*+json, */*]
22:43:19.850 [http-nio-auto-118-exec-1] DEBUG o.s.w.s.a.HttpWebHandlerAdapter - [4551a3d0] HTTP GET "/default"
22:43:19.851 [http-nio-auto-118-exec-1] DEBUG o.s.w.r.r.m.a.RequestMappingHandlerMapping - [4551a3d0] Mapped to org.springframework.web.reactive.result.method.annotation.CrossOriginAnnotationIntegrationTests$MethodLevelController#defaultAnnotation()
22:43:19.851 [http-nio-auto-118-exec-1] DEBUG o.s.w.r.r.m.a.ResponseBodyResultHandler - Using 'text/plain;charset=UTF-8' given [text/plain, application/json, application/x-jackson-smile, application/*+json, */*] and supported [text/plain;charset=UTF-8, text/event-stream, text/plain;charset=UTF-8, */*]
22:43:19.851 [http-nio-auto-118-exec-1] DEBUG o.s.w.r.r.m.a.ResponseBodyResultHandler - [4551a3d0] 0..1 [java.lang.String]
22:43:19.851 [http-nio-auto-118-exec-1] DEBUG o.s.c.c.CharSequenceEncoder - [4551a3d0] Writing "default"
22:43:19.851 [http-nio-auto-118-exec-1] DEBUG o.s.w.s.a.HttpWebHandlerAdapter - [4551a3d0] Completed 200 OK
22:43:19.851 [Test worker] DEBUG o.s.w.c.RestTemplate - Response 200 OK
22:43:19.851 [Test worker] DEBUG o.s.w.c.RestTemplate - Reading to [java.lang.String] as "text/plain;charset=UTF-8"
22:43:19.851 [Test worker] DEBUG o.s.h.s.r.b.TomcatHttpServer - Stopping TomcatHttpServer...
22:43:19.862 [Test worker] DEBUG o.s.h.s.r.b.TomcatHttpServer - Server stopped (0 millis).
22:43:19.898 [Test worker] DEBUG o.s.w.r.r.m.a.RequestMappingHandlerMapping - 14 mappings in 'requestMappingHandlerMapping'
22:43:19.912 [Test worker] DEBUG o.s.w.r.r.m.a.ControllerMethodResolver - ControllerAdvice beans: none
22:43:19.934 [Test worker] DEBUG o.s.w.s.a.HttpWebHandlerAdapter - enableLoggingRequestDetails='false': form data and headers will be masked to prevent unsafe logging of potentially sensitive data
22:43:19.934 [Test worker] DEBUG o.s.h.s.r.b.TomcatHttpServer - Starting TomcatHttpServer...
22:43:19.938 [Test worker] DEBUG o.s.h.s.r.b.TomcatHttpServer - Server started on port 54790(0 millis).
22:43:19.938 [Test worker] DEBUG o.s.w.c.RestTemplate - HTTP POST http://localhost:54790/no
22:43:19.938 [Test worker] DEBUG o.s.w.c.RestTemplate - Accept=[text/plain, application/json, application/x-jackson-smile, application/*+json, */*]
22:43:19.940 [http-nio-auto-119-exec-1] DEBUG o.s.w.s.a.HttpWebHandlerAdapter - [2f5ae24] HTTP POST "/no"
22:43:19.940 [http-nio-auto-119-exec-1] DEBUG o.s.w.r.r.m.a.RequestMappingHandlerMapping - [2f5ae24] Mapped to org.springframework.web.reactive.result.method.annotation.CrossOriginAnnotationIntegrationTests$MethodLevelController#noAnnotationPost()
22:43:19.940 [http-nio-auto-119-exec-1] DEBUG o.s.w.r.r.m.a.ResponseBodyResultHandler - Using 'text/plain;charset=UTF-8' given [text/plain, application/json, application/x-jackson-smile, application/*+json, */*] and supported [text/plain;charset=UTF-8, text/event-stream, text/plain;charset=UTF-8, */*]
22:43:19.940 [http-nio-auto-119-exec-1] DEBUG o.s.w.r.r.m.a.ResponseBodyResultHandler - [2f5ae24] 0..1 [java.lang.String]
22:43:19.940 [http-nio-auto-119-exec-1] DEBUG o.s.c.c.CharSequenceEncoder - [2f5ae24] Writing "no-post"
22:43:19.940 [http-nio-auto-119-exec-1] DEBUG o.s.w.s.a.HttpWebHandlerAdapter - [2f5ae24] Completed 200 OK
22:43:19.941 [Test worker] DEBUG o.s.w.c.RestTemplate - Response 200 OK
22:43:19.941 [Test worker] DEBUG o.s.w.c.RestTemplate - Reading to [java.lang.String] as "text/plain;charset=UTF-8"
22:43:19.941 [Test worker] DEBUG o.s.h.s.r.b.TomcatHttpServer - Stopping TomcatHttpServer...
22:43:19.951 [Test worker] DEBUG o.s.h.s.r.b.TomcatHttpServer - Server stopped (0 millis).
22:43:19.988 [Test worker] DEBUG o.s.w.r.r.m.a.RequestMappingHandlerMapping - 14 mappings in 'requestMappingHandlerMapping'
22:43:20.002 [Test worker] DEBUG o.s.w.r.r.m.a.ControllerMethodResolver - ControllerAdvice beans: none
22:43:20.023 [Test worker] DEBUG o.s.w.s.a.HttpWebHandlerAdapter - enableLoggingRequestDetails='false': form data and headers will be masked to prevent unsafe logging of potentially sensitive data
22:43:20.023 [Test worker] DEBUG o.s.h.s.r.b.UndertowHttpServer - Starting UndertowHttpServer...
22:43:20.025 [Test worker] DEBUG o.s.h.s.r.b.UndertowHttpServer - Server started on port 54793(0 millis).
22:43:20.026 [Test worker] DEBUG o.s.w.c.RestTemplate - HTTP GET http://localhost:54793/origin-placeholder
22:43:20.026 [Test worker] DEBUG o.s.w.c.RestTemplate - Accept=[text/plain, application/json, application/x-jackson-smile, application/*+json, */*]
22:43:20.026 [XNIO-107 I/O-10] DEBUG o.s.w.s.a.HttpWebHandlerAdapter - [30690c34] HTTP GET "/origin-placeholder"
22:43:20.027 [XNIO-107 I/O-10] DEBUG o.s.w.r.r.m.a.RequestMappingHandlerMapping - [30690c34] Mapped to org.springframework.web.reactive.result.method.annotation.CrossOriginAnnotationIntegrationTests$MethodLevelController#customOriginDefinedViaPlaceholder()
22:43:20.027 [XNIO-107 I/O-10] DEBUG o.s.w.r.r.m.a.ResponseBodyResultHandler - Using 'text/plain;charset=UTF-8' given [text/plain, application/json, application/x-jackson-smile, application/*+json, */*] and supported [text/plain;charset=UTF-8, text/event-stream, text/plain;charset=UTF-8, */*]
22:43:20.027 [XNIO-107 I/O-10] DEBUG o.s.w.r.r.m.a.ResponseBodyResultHandler - [30690c34] 0..1 [java.lang.String]
22:43:20.027 [XNIO-107 I/O-10] DEBUG o.s.c.c.CharSequenceEncoder - [30690c34] Writing "placeholder"
22:43:20.027 [XNIO-107 I/O-10] DEBUG o.s.w.s.a.HttpWebHandlerAdapter - [30690c34] Completed 200 OK
22:43:20.027 [Test worker] DEBUG o.s.w.c.RestTemplate - Response 200 OK
22:43:20.027 [Test worker] DEBUG o.s.w.c.RestTemplate - Reading to [java.lang.String] as "text/plain;charset=UTF-8"
22:43:20.028 [Test worker] DEBUG o.s.h.s.r.b.UndertowHttpServer - Stopping UndertowHttpServer...
22:43:20.028 [Test worker] DEBUG o.s.h.s.r.b.UndertowHttpServer - Server stopped (0 millis).
22:43:20.056 [Test worker] DEBUG o.s.w.r.r.m.a.RequestMappingHandlerMapping - 14 mappings in 'requestMappingHandlerMapping'
22:43:20.070 [Test worker] DEBUG o.s.w.r.r.m.a.ControllerMethodResolver - ControllerAdvice beans: none
22:43:20.092 [Test worker] DEBUG o.s.w.s.a.HttpWebHandlerAdapter - enableLoggingRequestDetails='false': form data and headers will be masked to prevent unsafe logging of potentially sensitive data
22:43:20.092 [Test worker] DEBUG o.s.h.s.r.b.UndertowHttpServer - Starting UndertowHttpServer...
22:43:20.095 [Test worker] DEBUG o.s.h.s.r.b.UndertowHttpServer - Server started on port 54795(0 millis).
22:43:20.095 [Test worker] DEBUG o.s.w.c.RestTemplate - HTTP GET http://localhost:54795/no
22:43:20.095 [Test worker] DEBUG o.s.w.c.RestTemplate - Accept=[text/plain, application/json, application/x-jackson-smile, application/*+json, */*]
22:43:20.096 [XNIO-108 I/O-10] DEBUG o.s.w.s.a.HttpWebHandlerAdapter - [7d089071] HTTP GET "/no"
22:43:20.096 [XNIO-108 I/O-10] DEBUG o.s.w.r.r.m.a.RequestMappingHandlerMapping - [7d089071] Mapped to org.springframework.web.reactive.result.method.annotation.CrossOriginAnnotationIntegrationTests$MethodLevelController#noAnnotation()
22:43:20.096 [XNIO-108 I/O-10] DEBUG o.s.w.r.r.m.a.ResponseBodyResultHandler - Using 'text/plain;charset=UTF-8' given [text/plain, application/json, application/x-jackson-smile, application/*+json, */*] and supported [text/plain;charset=UTF-8, text/event-stream, text/plain;charset=UTF-8, */*]
22:43:20.096 [XNIO-108 I/O-10] DEBUG o.s.w.r.r.m.a.ResponseBodyResultHandler - [7d089071] 0..1 [java.lang.String]
22:43:20.096 [XNIO-108 I/O-10] DEBUG o.s.c.c.CharSequenceEncoder - [7d089071] Writing "no"
22:43:20.097 [XNIO-108 I/O-10] DEBUG o.s.w.s.a.HttpWebHandlerAdapter - [7d089071] Completed 200 OK
22:43:20.097 [Test worker] DEBUG o.s.w.c.RestTemplate - Response 200 OK
22:43:20.097 [Test worker] DEBUG o.s.w.c.RestTemplate - Reading to [java.lang.String] as "text/plain;charset=UTF-8"
22:43:20.097 [Test worker] DEBUG o.s.h.s.r.b.UndertowHttpServer - Stopping UndertowHttpServer...
22:43:20.097 [Test worker] DEBUG o.s.h.s.r.b.UndertowHttpServer - Server stopped (0 millis).
22:43:20.125 [Test worker] DEBUG o.s.w.r.r.m.a.RequestMappingHandlerMapping - 14 mappings in 'requestMappingHandlerMapping'
22:43:20.138 [Test worker] DEBUG o.s.w.r.r.m.a.ControllerMethodResolver - ControllerAdvice beans: none
22:43:20.161 [Test worker] DEBUG o.s.w.s.a.HttpWebHandlerAdapter - enableLoggingRequestDetails='false': form data and headers will be masked to prevent unsafe logging of potentially sensitive data
22:43:20.161 [Test worker] DEBUG o.s.h.s.r.b.UndertowHttpServer - Starting UndertowHttpServer...
22:43:20.171 [Test worker] DEBUG o.s.h.s.r.b.UndertowHttpServer - Server started on port 54797(0 millis).
22:43:20.171 [Test worker] DEBUG o.s.w.c.RestTemplate - HTTP GET http://localhost:54797/origin-value-attribute
22:43:20.171 [Test worker] DEBUG o.s.w.c.RestTemplate - Accept=[text/plain, application/json, application/x-jackson-smile, application/*+json, */*]
22:43:20.172 [XNIO-109 I/O-10] DEBUG o.s.w.s.a.HttpWebHandlerAdapter - [111d7711] HTTP GET "/origin-value-attribute"
22:43:20.172 [XNIO-109 I/O-10] DEBUG o.s.w.r.r.m.a.RequestMappingHandlerMapping - [111d7711] Mapped to org.springframework.web.reactive.result.method.annotation.CrossOriginAnnotationIntegrationTests$MethodLevelController#customOriginDefinedViaValueAttribute()
22:43:20.173 [XNIO-109 I/O-10] DEBUG o.s.w.r.r.m.a.ResponseBodyResultHandler - Using 'text/plain;charset=UTF-8' given [text/plain, application/json, application/x-jackson-smile, application/*+json, */*] and supported [text/plain;charset=UTF-8, text/event-stream, text/plain;charset=UTF-8, */*]
22:43:20.173 [XNIO-109 I/O-10] DEBUG o.s.w.r.r.m.a.ResponseBodyResultHandler - [111d7711] 0..1 [java.lang.String]
22:43:20.173 [XNIO-109 I/O-10] DEBUG o.s.c.c.CharSequenceEncoder - [111d7711] Writing "value-attribute"
22:43:20.173 [XNIO-109 I/O-10] DEBUG o.s.w.s.a.HttpWebHandlerAdapter - [111d7711] Completed 200 OK
22:43:20.173 [Test worker] DEBUG o.s.w.c.RestTemplate - Response 200 OK
22:43:20.173 [Test worker] DEBUG o.s.w.c.RestTemplate - Reading to [java.lang.String] as "text/plain;charset=UTF-8"
22:43:20.173 [Test worker] DEBUG o.s.h.s.r.b.UndertowHttpServer - Stopping UndertowHttpServer...
22:43:20.174 [Test worker] DEBUG o.s.h.s.r.b.UndertowHttpServer - Server stopped (0 millis).
22:43:20.205 [Test worker] DEBUG o.s.w.r.r.m.a.RequestMappingHandlerMapping - 14 mappings in 'requestMappingHandlerMapping'
22:43:20.220 [Test worker] DEBUG o.s.w.r.r.m.a.ControllerMethodResolver - ControllerAdvice beans: none
22:43:20.245 [Test worker] DEBUG o.s.w.s.a.HttpWebHandlerAdapter - enableLoggingRequestDetails='false': form data and headers will be masked to prevent unsafe logging of potentially sensitive data
22:43:20.245 [Test worker] DEBUG o.s.h.s.r.b.UndertowHttpServer - Starting UndertowHttpServer...
22:43:20.247 [Test worker] DEBUG o.s.h.s.r.b.UndertowHttpServer - Server started on port 54799(0 millis).
22:43:20.247 [Test worker] DEBUG o.s.w.c.RestTemplate - HTTP GET http://localhost:54799/foo
22:43:20.247 [Test worker] DEBUG o.s.w.c.RestTemplate - Accept=[text/plain, application/json, application/x-jackson-smile, application/*+json, */*]
22:43:20.248 [XNIO-110 I/O-10] DEBUG o.s.w.s.a.HttpWebHandlerAdapter - [6887c6a8] HTTP GET "/foo"
22:43:20.248 [XNIO-110 I/O-10] DEBUG o.s.w.r.r.m.a.RequestMappingHandlerMapping - [6887c6a8] Mapped to org.springframework.web.reactive.result.method.annotation.CrossOriginAnnotationIntegrationTests$ClassLevelController#foo()
22:43:20.249 [XNIO-110 I/O-10] DEBUG o.s.w.r.r.m.a.ResponseBodyResultHandler - Using 'text/plain;charset=UTF-8' given [text/plain, application/json, application/x-jackson-smile, application/*+json, */*] and supported [text/plain;charset=UTF-8, text/event-stream, text/plain;charset=UTF-8, */*]
22:43:20.249 [XNIO-110 I/O-10] DEBUG o.s.w.r.r.m.a.ResponseBodyResultHandler - [6887c6a8] 0..1 [java.lang.String]
22:43:20.249 [XNIO-110 I/O-10] DEBUG o.s.c.c.CharSequenceEncoder - [6887c6a8] Writing "foo"
22:43:20.249 [XNIO-110 I/O-10] DEBUG o.s.w.s.a.HttpWebHandlerAdapter - [6887c6a8] Completed 200 OK
22:43:20.249 [Test worker] DEBUG o.s.w.c.RestTemplate - Response 200 OK
22:43:20.249 [Test worker] DEBUG o.s.w.c.RestTemplate - Reading to [java.lang.String] as "text/plain;charset=UTF-8"
22:43:20.250 [Test worker] DEBUG o.s.w.c.RestTemplate - HTTP GET http://localhost:54799/bar
22:43:20.250 [Test worker] DEBUG o.s.w.c.RestTemplate - Accept=[text/plain, application/json, application/x-jackson-smile, application/*+json, */*]
22:43:20.250 [XNIO-110 I/O-10] DEBUG o.s.w.s.a.HttpWebHandlerAdapter - [6887c6a8] HTTP GET "/bar"
22:43:20.250 [XNIO-110 I/O-10] DEBUG o.s.w.r.r.m.a.RequestMappingHandlerMapping - [6887c6a8] Mapped to org.springframework.web.reactive.result.method.annotation.CrossOriginAnnotationIntegrationTests$ClassLevelController#bar()
22:43:20.250 [XNIO-110 I/O-10] DEBUG o.s.w.r.r.m.a.ResponseBodyResultHandler - Using 'text/plain;charset=UTF-8' given [text/plain, application/json, application/x-jackson-smile, application/*+json, */*] and supported [text/plain;charset=UTF-8, text/event-stream, text/plain;charset=UTF-8, */*]
22:43:20.250 [XNIO-110 I/O-10] DEBUG o.s.w.r.r.m.a.ResponseBodyResultHandler - [6887c6a8] 0..1 [java.lang.String]
22:43:20.250 [XNIO-110 I/O-10] DEBUG o.s.c.c.CharSequenceEncoder - [6887c6a8] Writing "bar"
22:43:20.251 [XNIO-110 I/O-10] DEBUG o.s.w.s.a.HttpWebHandlerAdapter - [6887c6a8] Completed 200 OK
22:43:20.251 [Test worker] DEBUG o.s.w.c.RestTemplate - Response 200 OK
22:43:20.251 [Test worker] DEBUG o.s.w.c.RestTemplate - Reading to [java.lang.String] as "text/plain;charset=UTF-8"
22:43:20.251 [Test worker] DEBUG o.s.w.c.RestTemplate - HTTP GET http://localhost:54799/baz
22:43:20.251 [Test worker] DEBUG o.s.w.c.RestTemplate - Accept=[text/plain, application/json, application/x-jackson-smile, application/*+json, */*]
22:43:20.251 [XNIO-110 I/O-10] DEBUG o.s.w.s.a.HttpWebHandlerAdapter - [6887c6a8] HTTP GET "/baz"
22:43:20.251 [XNIO-110 I/O-10] DEBUG o.s.w.r.r.m.a.RequestMappingHandlerMapping - [6887c6a8] Mapped to org.springframework.web.reactive.result.method.annotation.CrossOriginAnnotationIntegrationTests$ClassLevelController#baz()
22:43:20.251 [XNIO-110 I/O-10] DEBUG o.s.w.r.r.m.a.ResponseBodyResultHandler - Using 'text/plain;charset=UTF-8' given [text/plain, application/json, application/x-jackson-smile, application/*+json, */*] and supported [text/plain;charset=UTF-8, text/event-stream, text/plain;charset=UTF-8, */*]
22:43:20.251 [XNIO-110 I/O-10] DEBUG o.s.w.r.r.m.a.ResponseBodyResultHandler - [6887c6a8] 0..1 [java.lang.String]
22:43:20.251 [XNIO-110 I/O-10] DEBUG o.s.c.c.CharSequenceEncoder - [6887c6a8] Writing "baz"
22:43:20.252 [XNIO-110 I/O-10] DEBUG o.s.w.s.a.HttpWebHandlerAdapter - [6887c6a8] Completed 200 OK
22:43:20.252 [Test worker] DEBUG o.s.w.c.RestTemplate - Response 200 OK
22:43:20.252 [Test worker] DEBUG o.s.w.c.RestTemplate - Reading to [java.lang.String] as "text/plain;charset=UTF-8"
22:43:20.252 [Test worker] DEBUG o.s.h.s.r.b.UndertowHttpServer - Stopping UndertowHttpServer...
22:43:20.252 [Test worker] DEBUG o.s.h.s.r.b.UndertowHttpServer - Server stopped (0 millis).
22:43:20.282 [Test worker] DEBUG o.s.w.r.r.m.a.RequestMappingHandlerMapping - 14 mappings in 'requestMappingHandlerMapping'
22:43:20.297 [Test worker] DEBUG o.s.w.r.r.m.a.ControllerMethodResolver - ControllerAdvice beans: none
22:43:20.319 [Test worker] DEBUG o.s.w.s.a.HttpWebHandlerAdapter - enableLoggingRequestDetails='false': form data and headers will be masked to prevent unsafe logging of potentially sensitive data
22:43:20.319 [Test worker] DEBUG o.s.h.s.r.b.UndertowHttpServer - Starting UndertowHttpServer...
22:43:20.321 [Test worker] DEBUG o.s.h.s.r.b.UndertowHttpServer - Server started on port 54801(0 millis).
22:43:20.321 [Test worker] DEBUG o.s.w.c.RestTemplate - HTTP GET http://localhost:54801/default
22:43:20.321 [Test worker] DEBUG o.s.w.c.RestTemplate - Accept=[text/plain, application/json, application/x-jackson-smile, application/*+json, */*]
22:43:20.322 [XNIO-111 I/O-10] DEBUG o.s.w.s.a.HttpWebHandlerAdapter - [357f8da5] HTTP GET "/default"
22:43:20.322 [XNIO-111 I/O-10] DEBUG o.s.w.r.r.m.a.RequestMappingHandlerMapping - [357f8da5] Mapped to org.springframework.web.reactive.result.method.annotation.CrossOriginAnnotationIntegrationTests$MethodLevelController#defaultAnnotation()
22:43:20.322 [XNIO-111 I/O-10] DEBUG o.s.w.r.r.m.a.ResponseBodyResultHandler - Using 'text/plain;charset=UTF-8' given [text/plain, application/json, application/x-jackson-smile, application/*+json, */*] and supported [text/plain;charset=UTF-8, text/event-stream, text/plain;charset=UTF-8, */*]
22:43:20.322 [XNIO-111 I/O-10] DEBUG o.s.w.r.r.m.a.ResponseBodyResultHandler - [357f8da5] 0..1 [java.lang.String]
22:43:20.322 [XNIO-111 I/O-10] DEBUG o.s.c.c.CharSequenceEncoder - [357f8da5] Writing "default"
22:43:20.323 [XNIO-111 I/O-10] DEBUG o.s.w.s.a.HttpWebHandlerAdapter - [357f8da5] Completed 200 OK
22:43:20.323 [Test worker] DEBUG o.s.w.c.RestTemplate - Response 200 OK
22:43:20.323 [Test worker] DEBUG o.s.w.c.RestTemplate - Reading to [java.lang.String] as "text/plain;charset=UTF-8"
22:43:20.323 [Test worker] DEBUG o.s.h.s.r.b.UndertowHttpServer - Stopping UndertowHttpServer...
22:43:20.324 [Test worker] DEBUG o.s.h.s.r.b.UndertowHttpServer - Server stopped (0 millis).
22:43:20.352 [Test worker] DEBUG o.s.w.r.r.m.a.RequestMappingHandlerMapping - 14 mappings in 'requestMappingHandlerMapping'
22:43:20.366 [Test worker] DEBUG o.s.w.r.r.m.a.ControllerMethodResolver - ControllerAdvice beans: none
22:43:20.389 [Test worker] DEBUG o.s.w.s.a.HttpWebHandlerAdapter - enableLoggingRequestDetails='false': form data and headers will be masked to prevent unsafe logging of potentially sensitive data
22:43:20.389 [Test worker] DEBUG o.s.h.s.r.b.UndertowHttpServer - Starting UndertowHttpServer...
22:43:20.391 [Test worker] DEBUG o.s.h.s.r.b.UndertowHttpServer - Server started on port 54803(0 millis).
22:43:20.391 [Test worker] DEBUG o.s.w.c.RestTemplate - HTTP GET http://localhost:54803/customized
22:43:20.391 [Test worker] DEBUG o.s.w.c.RestTemplate - Accept=[text/plain, application/json, application/x-jackson-smile, application/*+json, */*]
22:43:20.392 [XNIO-112 I/O-10] DEBUG o.s.w.s.a.HttpWebHandlerAdapter - [776365ac] HTTP GET "/customized"
22:43:20.393 [XNIO-112 I/O-10] DEBUG o.s.w.r.r.m.a.RequestMappingHandlerMapping - [776365ac] Mapped to org.springframework.web.reactive.result.method.annotation.CrossOriginAnnotationIntegrationTests$MethodLevelController#customized()
22:43:20.393 [XNIO-112 I/O-10] DEBUG o.s.w.r.r.m.a.ResponseBodyResultHandler - Using 'text/plain;charset=UTF-8' given [text/plain, application/json, application/x-jackson-smile, application/*+json, */*] and supported [text/plain;charset=UTF-8, text/event-stream, text/plain;charset=UTF-8, */*]
22:43:20.393 [XNIO-112 I/O-10] DEBUG o.s.w.r.r.m.a.ResponseBodyResultHandler - [776365ac] 0..1 [java.lang.String]
22:43:20.393 [XNIO-112 I/O-10] DEBUG o.s.c.c.CharSequenceEncoder - [776365ac] Writing "customized"
22:43:20.394 [XNIO-112 I/O-10] DEBUG o.s.w.s.a.HttpWebHandlerAdapter - [776365ac] Completed 200 OK
22:43:20.394 [Test worker] DEBUG o.s.w.c.RestTemplate - Response 200 OK
22:43:20.394 [Test worker] DEBUG o.s.w.c.RestTemplate - Reading to [java.lang.String] as "text/plain;charset=UTF-8"
22:43:20.394 [Test worker] DEBUG o.s.h.s.r.b.UndertowHttpServer - Stopping UndertowHttpServer...
22:43:20.395 [Test worker] DEBUG o.s.h.s.r.b.UndertowHttpServer - Server stopped (0 millis).
22:43:20.423 [Test worker] DEBUG o.s.w.r.r.m.a.RequestMappingHandlerMapping - 14 mappings in 'requestMappingHandlerMapping'
22:43:20.438 [Test worker] DEBUG o.s.w.r.r.m.a.ControllerMethodResolver - ControllerAdvice beans: none
22:43:20.462 [Test worker] DEBUG o.s.w.s.a.HttpWebHandlerAdapter - enableLoggingRequestDetails='false': form data and headers will be masked to prevent unsafe logging of potentially sensitive data
22:43:20.462 [Test worker] DEBUG o.s.h.s.r.b.UndertowHttpServer - Starting UndertowHttpServer...
22:43:20.464 [Test worker] DEBUG o.s.h.s.r.b.UndertowHttpServer - Server started on port 54805(0 millis).
22:43:20.464 [Test worker] DEBUG o.s.w.c.RestTemplate - HTTP OPTIONS http://localhost:54805/ambiguous-header
22:43:20.464 [Test worker] DEBUG o.s.w.c.RestTemplate - Accept=[text/plain, application/json, application/x-jackson-smile, application/*+json, */*]
22:43:20.465 [XNIO-113 I/O-10] DEBUG o.s.w.s.a.HttpWebHandlerAdapter - [648dc25d] HTTP OPTIONS "/ambiguous-header"
22:43:20.466 [XNIO-113 I/O-10] DEBUG o.s.w.r.r.m.a.RequestMappingHandlerMapping - [648dc25d] Mapped to org.springframework.web.reactive.result.method.AbstractHandlerMethodMapping$PreFlightAmbiguousMatchHandler#handle()
22:43:20.466 [XNIO-113 I/O-10] DEBUG o.s.w.s.a.HttpWebHandlerAdapter - [648dc25d] Completed 200 OK
22:43:20.466 [Test worker] DEBUG o.s.w.c.RestTemplate - Response 200 OK
22:43:20.467 [Test worker] DEBUG o.s.h.s.r.b.UndertowHttpServer - Stopping UndertowHttpServer...
22:43:20.467 [Test worker] DEBUG o.s.h.s.r.b.UndertowHttpServer - Server stopped (0 millis).
22:43:20.496 [Test worker] DEBUG o.s.w.r.r.m.a.RequestMappingHandlerMapping - 14 mappings in 'requestMappingHandlerMapping'
22:43:20.510 [Test worker] DEBUG o.s.w.r.r.m.a.ControllerMethodResolver - ControllerAdvice beans: none
22:43:20.533 [Test worker] DEBUG o.s.w.s.a.HttpWebHandlerAdapter - enableLoggingRequestDetails='false': form data and headers will be masked to prevent unsafe logging of potentially sensitive data
22:43:20.533 [Test worker] DEBUG o.s.h.s.r.b.UndertowHttpServer - Starting UndertowHttpServer...
22:43:20.534 [Test worker] DEBUG o.s.h.s.r.b.UndertowHttpServer - Server started on port 54810(0 millis).
22:43:20.534 [Test worker] DEBUG o.s.w.c.RestTemplate - HTTP OPTIONS http://localhost:54810/ambiguous-produces
22:43:20.535 [Test worker] DEBUG o.s.w.c.RestTemplate - Accept=[text/plain, application/json, application/x-jackson-smile, application/*+json, */*]
22:43:20.535 [XNIO-114 I/O-2] DEBUG o.s.w.s.a.HttpWebHandlerAdapter - [10070cbc] HTTP OPTIONS "/ambiguous-produces"
22:43:20.536 [XNIO-114 I/O-2] DEBUG o.s.w.r.r.m.a.RequestMappingHandlerMapping - [10070cbc] Mapped to org.springframework.web.reactive.result.method.AbstractHandlerMethodMapping$PreFlightAmbiguousMatchHandler#handle()
22:43:20.536 [XNIO-114 I/O-2] DEBUG o.s.w.s.a.HttpWebHandlerAdapter - [10070cbc] Completed 200 OK
22:43:20.536 [Test worker] DEBUG o.s.w.c.RestTemplate - Response 200 OK
22:43:20.536 [Test worker] DEBUG o.s.h.s.r.b.UndertowHttpServer - Stopping UndertowHttpServer...
22:43:20.537 [Test worker] DEBUG o.s.h.s.r.b.UndertowHttpServer - Server stopped (0 millis).
22:43:20.565 [Test worker] DEBUG o.s.w.r.r.m.a.RequestMappingHandlerMapping - 14 mappings in 'requestMappingHandlerMapping'
22:43:20.579 [Test worker] DEBUG o.s.w.r.r.m.a.ControllerMethodResolver - ControllerAdvice beans: none
22:43:20.601 [Test worker] DEBUG o.s.w.s.a.HttpWebHandlerAdapter - enableLoggingRequestDetails='false': form data and headers will be masked to prevent unsafe logging of potentially sensitive data
22:43:20.601 [Test worker] DEBUG o.s.h.s.r.b.UndertowHttpServer - Starting UndertowHttpServer...
22:43:20.603 [Test worker] DEBUG o.s.h.s.r.b.UndertowHttpServer - Server started on port 54812(0 millis).
22:43:20.603 [Test worker] DEBUG o.s.w.c.RestTemplate - HTTP OPTIONS http://localhost:54812/default
22:43:20.603 [Test worker] DEBUG o.s.w.c.RestTemplate - Accept=[application/json, application/x-jackson-smile, application/*+json]
22:43:20.604 [XNIO-115 I/O-2] DEBUG o.s.w.s.a.HttpWebHandlerAdapter - [6338eea3] HTTP OPTIONS "/default"
22:43:20.604 [XNIO-115 I/O-2] DEBUG o.s.w.r.r.m.a.RequestMappingHandlerMapping - [6338eea3] Mapped to org.springframework.web.reactive.result.method.annotation.CrossOriginAnnotationIntegrationTests$MethodLevelController#defaultAnnotation()
22:43:20.604 [XNIO-115 I/O-2] DEBUG o.s.w.s.a.HttpWebHandlerAdapter - [6338eea3] Completed 200 OK
22:43:20.605 [Test worker] DEBUG o.s.w.c.RestTemplate - Response 200 OK
22:43:20.605 [Test worker] DEBUG o.s.h.s.r.b.UndertowHttpServer - Stopping UndertowHttpServer...
22:43:20.605 [Test worker] DEBUG o.s.h.s.r.b.UndertowHttpServer - Server stopped (0 millis).
22:43:20.633 [Test worker] DEBUG o.s.w.r.r.m.a.RequestMappingHandlerMapping - 14 mappings in 'requestMappingHandlerMapping'
22:43:20.647 [Test worker] DEBUG o.s.w.r.r.m.a.ControllerMethodResolver - ControllerAdvice beans: none
22:43:20.670 [Test worker] DEBUG o.s.w.s.a.HttpWebHandlerAdapter - enableLoggingRequestDetails='false': form data and headers will be masked to prevent unsafe logging of potentially sensitive data
22:43:20.670 [Test worker] DEBUG o.s.h.s.r.b.UndertowHttpServer - Starting UndertowHttpServer...
22:43:20.672 [Test worker] DEBUG o.s.h.s.r.b.UndertowHttpServer - Server started on port 54814(0 millis).
22:43:20.672 [Test worker] DEBUG o.s.w.c.RestTemplate - HTTP OPTIONS http://localhost:54814/customized
22:43:20.672 [Test worker] DEBUG o.s.w.c.RestTemplate - Accept=[text/plain, application/json, application/x-jackson-smile, application/*+json, */*]
22:43:20.673 [XNIO-116 I/O-2] DEBUG o.s.w.s.a.HttpWebHandlerAdapter - [36166555] HTTP OPTIONS "/customized"
22:43:20.673 [XNIO-116 I/O-2] DEBUG o.s.w.r.r.m.a.RequestMappingHandlerMapping - [36166555] Mapped to org.springframework.web.reactive.result.method.annotation.CrossOriginAnnotationIntegrationTests$MethodLevelController#customized()
22:43:20.673 [XNIO-116 I/O-2] DEBUG o.s.w.s.a.HttpWebHandlerAdapter - [36166555] Completed 200 OK
22:43:20.673 [Test worker] DEBUG o.s.w.c.RestTemplate - Response 200 OK
22:43:20.673 [Test worker] DEBUG o.s.h.s.r.b.UndertowHttpServer - Stopping UndertowHttpServer...
22:43:20.674 [Test worker] DEBUG o.s.h.s.r.b.UndertowHttpServer - Server stopped (0 millis).
22:43:20.702 [Test worker] DEBUG o.s.w.r.r.m.a.RequestMappingHandlerMapping - 14 mappings in 'requestMappingHandlerMapping'
22:43:20.716 [Test worker] DEBUG o.s.w.r.r.m.a.ControllerMethodResolver - ControllerAdvice beans: none
22:43:20.738 [Test worker] DEBUG o.s.w.s.a.HttpWebHandlerAdapter - enableLoggingRequestDetails='false': form data and headers will be masked to prevent unsafe logging of potentially sensitive data
22:43:20.738 [Test worker] DEBUG o.s.h.s.r.b.UndertowHttpServer - Starting UndertowHttpServer...
22:43:20.740 [Test worker] DEBUG o.s.h.s.r.b.UndertowHttpServer - Server started on port 54816(0 millis).
22:43:20.740 [Test worker] DEBUG o.s.w.c.RestTemplate - HTTP GET http://localhost:54816/default
22:43:20.740 [Test worker] DEBUG o.s.w.c.RestTemplate - Accept=[text/plain, application/json, application/x-jackson-smile, application/*+json, */*]
22:43:20.741 [XNIO-117 I/O-2] DEBUG o.s.w.s.a.HttpWebHandlerAdapter - [220fbaa] HTTP GET "/default"
22:43:20.741 [XNIO-117 I/O-2] DEBUG o.s.w.r.r.m.a.RequestMappingHandlerMapping - [220fbaa] Mapped to org.springframework.web.reactive.result.method.annotation.CrossOriginAnnotationIntegrationTests$MethodLevelController#defaultAnnotation()
22:43:20.742 [XNIO-117 I/O-2] DEBUG o.s.w.r.r.m.a.ResponseBodyResultHandler - Using 'text/plain;charset=UTF-8' given [text/plain, application/json, application/x-jackson-smile, application/*+json, */*] and supported [text/plain;charset=UTF-8, text/event-stream, text/plain;charset=UTF-8, */*]
22:43:20.742 [XNIO-117 I/O-2] DEBUG o.s.w.r.r.m.a.ResponseBodyResultHandler - [220fbaa] 0..1 [java.lang.String]
22:43:20.742 [XNIO-117 I/O-2] DEBUG o.s.c.c.CharSequenceEncoder - [220fbaa] Writing "default"
22:43:20.742 [XNIO-117 I/O-2] DEBUG o.s.w.s.a.HttpWebHandlerAdapter - [220fbaa] Completed 200 OK
22:43:20.742 [Test worker] DEBUG o.s.w.c.RestTemplate - Response 200 OK
22:43:20.742 [Test worker] DEBUG o.s.w.c.RestTemplate - Reading to [java.lang.String] as "text/plain;charset=UTF-8"
22:43:20.742 [Test worker] DEBUG o.s.h.s.r.b.UndertowHttpServer - Stopping UndertowHttpServer...
22:43:20.743 [Test worker] DEBUG o.s.h.s.r.b.UndertowHttpServer - Server stopped (0 millis).
22:43:20.771 [Test worker] DEBUG o.s.w.r.r.m.a.RequestMappingHandlerMapping - 14 mappings in 'requestMappingHandlerMapping'
22:43:20.786 [Test worker] DEBUG o.s.w.r.r.m.a.ControllerMethodResolver - ControllerAdvice beans: none
22:43:20.814 [Test worker] DEBUG o.s.w.s.a.HttpWebHandlerAdapter - enableLoggingRequestDetails='false': form data and headers will be masked to prevent unsafe logging of potentially sensitive data
22:43:20.814 [Test worker] DEBUG o.s.h.s.r.b.UndertowHttpServer - Starting UndertowHttpServer...
22:43:20.816 [Test worker] DEBUG o.s.h.s.r.b.UndertowHttpServer - Server started on port 54818(0 millis).
22:43:20.816 [Test worker] DEBUG o.s.w.c.RestTemplate - HTTP POST http://localhost:54818/no
22:43:20.816 [Test worker] DEBUG o.s.w.c.RestTemplate - Accept=[text/plain, application/json, application/x-jackson-smile, application/*+json, */*]
22:43:20.817 [XNIO-118 I/O-2] DEBUG o.s.w.s.a.HttpWebHandlerAdapter - [79aa346c] HTTP POST "/no"
22:43:20.817 [XNIO-118 I/O-2] DEBUG o.s.w.r.r.m.a.RequestMappingHandlerMapping - [79aa346c] Mapped to org.springframework.web.reactive.result.method.annotation.CrossOriginAnnotationIntegrationTests$MethodLevelController#noAnnotationPost()
22:43:20.817 [XNIO-118 I/O-2] DEBUG o.s.w.r.r.m.a.ResponseBodyResultHandler - Using 'text/plain;charset=UTF-8' given [text/plain, application/json, application/x-jackson-smile, application/*+json, */*] and supported [text/plain;charset=UTF-8, text/event-stream, text/plain;charset=UTF-8, */*]
22:43:20.817 [XNIO-118 I/O-2] DEBUG o.s.w.r.r.m.a.ResponseBodyResultHandler - [79aa346c] 0..1 [java.lang.String]
22:43:20.817 [XNIO-118 I/O-2] DEBUG o.s.c.c.CharSequenceEncoder - [79aa346c] Writing "no-post"
22:43:20.818 [XNIO-118 I/O-2] DEBUG o.s.w.s.a.HttpWebHandlerAdapter - [79aa346c] Completed 200 OK
22:43:20.818 [Test worker] DEBUG o.s.w.c.RestTemplate - Response 200 OK
22:43:20.818 [Test worker] DEBUG o.s.w.c.RestTemplate - Reading to [java.lang.String] as "text/plain;charset=UTF-8"
22:43:20.818 [Test worker] DEBUG o.s.h.s.r.b.UndertowHttpServer - Stopping UndertowHttpServer...
22:43:20.818 [Test worker] DEBUG o.s.h.s.r.b.UndertowHttpServer - Server stopped (0 millis).
]]></system-out>
  <system-err><![CDATA[十一月 25, 2020 10:43:18 下午 org.apache.catalina.core.StandardService startInternal
信息: Starting service [Tomcat]
十一月 25, 2020 10:43:18 下午 org.apache.catalina.core.StandardEngine startInternal
信息: Starting Servlet engine: [Apache Tomcat/9.0.21]
十一月 25, 2020 10:43:18 下午 org.apache.coyote.AbstractProtocol init
信息: Initializing ProtocolHandler ["http-nio-auto-108"]
十一月 25, 2020 10:43:18 下午 org.apache.coyote.AbstractProtocol start
信息: Starting ProtocolHandler ["http-nio-auto-108-54754"]
十一月 25, 2020 10:43:18 下午 org.apache.coyote.AbstractProtocol pause
信息: Pausing ProtocolHandler ["http-nio-auto-108-54754"]
十一月 25, 2020 10:43:18 下午 org.apache.catalina.core.StandardService stopInternal
信息: Stopping service [Tomcat]
十一月 25, 2020 10:43:18 下午 org.apache.coyote.AbstractProtocol stop
信息: Stopping ProtocolHandler ["http-nio-auto-108-54754"]
十一月 25, 2020 10:43:18 下午 org.apache.coyote.AbstractProtocol destroy
信息: Destroying ProtocolHandler ["http-nio-auto-108-54754"]
十一月 25, 2020 10:43:19 下午 org.apache.catalina.core.StandardService startInternal
信息: Starting service [Tomcat]
十一月 25, 2020 10:43:19 下午 org.apache.catalina.core.StandardEngine startInternal
信息: Starting Servlet engine: [Apache Tomcat/9.0.21]
十一月 25, 2020 10:43:19 下午 org.apache.coyote.AbstractProtocol init
信息: Initializing ProtocolHandler ["http-nio-auto-109"]
十一月 25, 2020 10:43:19 下午 org.apache.coyote.AbstractProtocol start
信息: Starting ProtocolHandler ["http-nio-auto-109-54757"]
十一月 25, 2020 10:43:19 下午 org.apache.coyote.AbstractProtocol pause
信息: Pausing ProtocolHandler ["http-nio-auto-109-54757"]
十一月 25, 2020 10:43:19 下午 org.apache.catalina.core.StandardService stopInternal
信息: Stopping service [Tomcat]
十一月 25, 2020 10:43:19 下午 org.apache.coyote.AbstractProtocol stop
信息: Stopping ProtocolHandler ["http-nio-auto-109-54757"]
十一月 25, 2020 10:43:19 下午 org.apache.coyote.AbstractProtocol destroy
信息: Destroying ProtocolHandler ["http-nio-auto-109-54757"]
十一月 25, 2020 10:43:19 下午 org.apache.catalina.core.StandardService startInternal
信息: Starting service [Tomcat]
十一月 25, 2020 10:43:19 下午 org.apache.catalina.core.StandardEngine startInternal
信息: Starting Servlet engine: [Apache Tomcat/9.0.21]
十一月 25, 2020 10:43:19 下午 org.apache.coyote.AbstractProtocol init
信息: Initializing ProtocolHandler ["http-nio-auto-110"]
十一月 25, 2020 10:43:19 下午 org.apache.coyote.AbstractProtocol start
信息: Starting ProtocolHandler ["http-nio-auto-110-54760"]
十一月 25, 2020 10:43:19 下午 org.apache.coyote.AbstractProtocol pause
信息: Pausing ProtocolHandler ["http-nio-auto-110-54760"]
十一月 25, 2020 10:43:19 下午 org.apache.catalina.core.StandardService stopInternal
信息: Stopping service [Tomcat]
十一月 25, 2020 10:43:19 下午 org.apache.coyote.AbstractProtocol stop
信息: Stopping ProtocolHandler ["http-nio-auto-110-54760"]
十一月 25, 2020 10:43:19 下午 org.apache.coyote.AbstractProtocol destroy
信息: Destroying ProtocolHandler ["http-nio-auto-110-54760"]
十一月 25, 2020 10:43:19 下午 org.apache.catalina.core.StandardService startInternal
信息: Starting service [Tomcat]
十一月 25, 2020 10:43:19 下午 org.apache.catalina.core.StandardEngine startInternal
信息: Starting Servlet engine: [Apache Tomcat/9.0.21]
十一月 25, 2020 10:43:19 下午 org.apache.coyote.AbstractProtocol init
信息: Initializing ProtocolHandler ["http-nio-auto-111"]
十一月 25, 2020 10:43:19 下午 org.apache.coyote.AbstractProtocol start
信息: Starting ProtocolHandler ["http-nio-auto-111-54763"]
十一月 25, 2020 10:43:19 下午 org.apache.coyote.AbstractProtocol pause
信息: Pausing ProtocolHandler ["http-nio-auto-111-54763"]
十一月 25, 2020 10:43:19 下午 org.apache.catalina.core.StandardService stopInternal
信息: Stopping service [Tomcat]
十一月 25, 2020 10:43:19 下午 org.apache.coyote.AbstractProtocol stop
信息: Stopping ProtocolHandler ["http-nio-auto-111-54763"]
十一月 25, 2020 10:43:19 下午 org.apache.coyote.AbstractProtocol destroy
信息: Destroying ProtocolHandler ["http-nio-auto-111-54763"]
十一月 25, 2020 10:43:19 下午 org.apache.catalina.core.StandardService startInternal
信息: Starting service [Tomcat]
十一月 25, 2020 10:43:19 下午 org.apache.catalina.core.StandardEngine startInternal
信息: Starting Servlet engine: [Apache Tomcat/9.0.21]
十一月 25, 2020 10:43:19 下午 org.apache.coyote.AbstractProtocol init
信息: Initializing ProtocolHandler ["http-nio-auto-112"]
十一月 25, 2020 10:43:19 下午 org.apache.coyote.AbstractProtocol start
信息: Starting ProtocolHandler ["http-nio-auto-112-54767"]
十一月 25, 2020 10:43:19 下午 org.apache.coyote.AbstractProtocol pause
信息: Pausing ProtocolHandler ["http-nio-auto-112-54767"]
十一月 25, 2020 10:43:19 下午 org.apache.catalina.core.StandardService stopInternal
信息: Stopping service [Tomcat]
十一月 25, 2020 10:43:19 下午 org.apache.coyote.AbstractProtocol stop
信息: Stopping ProtocolHandler ["http-nio-auto-112-54767"]
十一月 25, 2020 10:43:19 下午 org.apache.coyote.AbstractProtocol destroy
信息: Destroying ProtocolHandler ["http-nio-auto-112-54767"]
十一月 25, 2020 10:43:19 下午 org.apache.catalina.core.StandardService startInternal
信息: Starting service [Tomcat]
十一月 25, 2020 10:43:19 下午 org.apache.catalina.core.StandardEngine startInternal
信息: Starting Servlet engine: [Apache Tomcat/9.0.21]
十一月 25, 2020 10:43:19 下午 org.apache.coyote.AbstractProtocol init
信息: Initializing ProtocolHandler ["http-nio-auto-113"]
十一月 25, 2020 10:43:19 下午 org.apache.coyote.AbstractProtocol start
信息: Starting ProtocolHandler ["http-nio-auto-113-54772"]
十一月 25, 2020 10:43:19 下午 org.apache.coyote.AbstractProtocol pause
信息: Pausing ProtocolHandler ["http-nio-auto-113-54772"]
十一月 25, 2020 10:43:19 下午 org.apache.catalina.core.StandardService stopInternal
信息: Stopping service [Tomcat]
十一月 25, 2020 10:43:19 下午 org.apache.coyote.AbstractProtocol stop
信息: Stopping ProtocolHandler ["http-nio-auto-113-54772"]
十一月 25, 2020 10:43:19 下午 org.apache.coyote.AbstractProtocol destroy
信息: Destroying ProtocolHandler ["http-nio-auto-113-54772"]
十一月 25, 2020 10:43:19 下午 org.apache.catalina.core.StandardService startInternal
信息: Starting service [Tomcat]
十一月 25, 2020 10:43:19 下午 org.apache.catalina.core.StandardEngine startInternal
信息: Starting Servlet engine: [Apache Tomcat/9.0.21]
十一月 25, 2020 10:43:19 下午 org.apache.coyote.AbstractProtocol init
信息: Initializing ProtocolHandler ["http-nio-auto-114"]
十一月 25, 2020 10:43:19 下午 org.apache.coyote.AbstractProtocol start
信息: Starting ProtocolHandler ["http-nio-auto-114-54775"]
十一月 25, 2020 10:43:19 下午 org.apache.coyote.AbstractProtocol pause
信息: Pausing ProtocolHandler ["http-nio-auto-114-54775"]
十一月 25, 2020 10:43:19 下午 org.apache.catalina.core.StandardService stopInternal
信息: Stopping service [Tomcat]
十一月 25, 2020 10:43:19 下午 org.apache.coyote.AbstractProtocol stop
信息: Stopping ProtocolHandler ["http-nio-auto-114-54775"]
十一月 25, 2020 10:43:19 下午 org.apache.coyote.AbstractProtocol destroy
信息: Destroying ProtocolHandler ["http-nio-auto-114-54775"]
十一月 25, 2020 10:43:19 下午 org.apache.catalina.core.StandardService startInternal
信息: Starting service [Tomcat]
十一月 25, 2020 10:43:19 下午 org.apache.catalina.core.StandardEngine startInternal
信息: Starting Servlet engine: [Apache Tomcat/9.0.21]
十一月 25, 2020 10:43:19 下午 org.apache.coyote.AbstractProtocol init
信息: Initializing ProtocolHandler ["http-nio-auto-115"]
十一月 25, 2020 10:43:19 下午 org.apache.coyote.AbstractProtocol start
信息: Starting ProtocolHandler ["http-nio-auto-115-54778"]
十一月 25, 2020 10:43:19 下午 org.apache.coyote.AbstractProtocol pause
信息: Pausing ProtocolHandler ["http-nio-auto-115-54778"]
十一月 25, 2020 10:43:19 下午 org.apache.catalina.core.StandardService stopInternal
信息: Stopping service [Tomcat]
十一月 25, 2020 10:43:19 下午 org.apache.coyote.AbstractProtocol stop
信息: Stopping ProtocolHandler ["http-nio-auto-115-54778"]
十一月 25, 2020 10:43:19 下午 org.apache.coyote.AbstractProtocol destroy
信息: Destroying ProtocolHandler ["http-nio-auto-115-54778"]
十一月 25, 2020 10:43:19 下午 org.apache.catalina.core.StandardService startInternal
信息: Starting service [Tomcat]
十一月 25, 2020 10:43:19 下午 org.apache.catalina.core.StandardEngine startInternal
信息: Starting Servlet engine: [Apache Tomcat/9.0.21]
十一月 25, 2020 10:43:19 下午 org.apache.coyote.AbstractProtocol init
信息: Initializing ProtocolHandler ["http-nio-auto-116"]
十一月 25, 2020 10:43:19 下午 org.apache.coyote.AbstractProtocol start
信息: Starting ProtocolHandler ["http-nio-auto-116-54781"]
十一月 25, 2020 10:43:19 下午 org.apache.coyote.AbstractProtocol pause
信息: Pausing ProtocolHandler ["http-nio-auto-116-54781"]
十一月 25, 2020 10:43:19 下午 org.apache.catalina.core.StandardService stopInternal
信息: Stopping service [Tomcat]
十一月 25, 2020 10:43:19 下午 org.apache.coyote.AbstractProtocol stop
信息: Stopping ProtocolHandler ["http-nio-auto-116-54781"]
十一月 25, 2020 10:43:19 下午 org.apache.coyote.AbstractProtocol destroy
信息: Destroying ProtocolHandler ["http-nio-auto-116-54781"]
十一月 25, 2020 10:43:19 下午 org.apache.catalina.core.StandardService startInternal
信息: Starting service [Tomcat]
十一月 25, 2020 10:43:19 下午 org.apache.catalina.core.StandardEngine startInternal
信息: Starting Servlet engine: [Apache Tomcat/9.0.21]
十一月 25, 2020 10:43:19 下午 org.apache.coyote.AbstractProtocol init
信息: Initializing ProtocolHandler ["http-nio-auto-117"]
十一月 25, 2020 10:43:19 下午 org.apache.coyote.AbstractProtocol start
信息: Starting ProtocolHandler ["http-nio-auto-117-54784"]
十一月 25, 2020 10:43:19 下午 org.apache.coyote.AbstractProtocol pause
信息: Pausing ProtocolHandler ["http-nio-auto-117-54784"]
十一月 25, 2020 10:43:19 下午 org.apache.catalina.core.StandardService stopInternal
信息: Stopping service [Tomcat]
十一月 25, 2020 10:43:19 下午 org.apache.coyote.AbstractProtocol stop
信息: Stopping ProtocolHandler ["http-nio-auto-117-54784"]
十一月 25, 2020 10:43:19 下午 org.apache.coyote.AbstractProtocol destroy
信息: Destroying ProtocolHandler ["http-nio-auto-117-54784"]
十一月 25, 2020 10:43:19 下午 org.apache.catalina.core.StandardService startInternal
信息: Starting service [Tomcat]
十一月 25, 2020 10:43:19 下午 org.apache.catalina.core.StandardEngine startInternal
信息: Starting Servlet engine: [Apache Tomcat/9.0.21]
十一月 25, 2020 10:43:19 下午 org.apache.coyote.AbstractProtocol init
信息: Initializing ProtocolHandler ["http-nio-auto-118"]
十一月 25, 2020 10:43:19 下午 org.apache.coyote.AbstractProtocol start
信息: Starting ProtocolHandler ["http-nio-auto-118-54787"]
十一月 25, 2020 10:43:19 下午 org.apache.coyote.AbstractProtocol pause
信息: Pausing ProtocolHandler ["http-nio-auto-118-54787"]
十一月 25, 2020 10:43:19 下午 org.apache.catalina.core.StandardService stopInternal
信息: Stopping service [Tomcat]
十一月 25, 2020 10:43:19 下午 org.apache.coyote.AbstractProtocol stop
信息: Stopping ProtocolHandler ["http-nio-auto-118-54787"]
十一月 25, 2020 10:43:19 下午 org.apache.coyote.AbstractProtocol destroy
信息: Destroying ProtocolHandler ["http-nio-auto-118-54787"]
十一月 25, 2020 10:43:19 下午 org.apache.catalina.core.StandardService startInternal
信息: Starting service [Tomcat]
十一月 25, 2020 10:43:19 下午 org.apache.catalina.core.StandardEngine startInternal
信息: Starting Servlet engine: [Apache Tomcat/9.0.21]
十一月 25, 2020 10:43:19 下午 org.apache.coyote.AbstractProtocol init
信息: Initializing ProtocolHandler ["http-nio-auto-119"]
十一月 25, 2020 10:43:19 下午 org.apache.coyote.AbstractProtocol start
信息: Starting ProtocolHandler ["http-nio-auto-119-54790"]
十一月 25, 2020 10:43:19 下午 org.apache.coyote.AbstractProtocol pause
信息: Pausing ProtocolHandler ["http-nio-auto-119-54790"]
十一月 25, 2020 10:43:19 下午 org.apache.catalina.core.StandardService stopInternal
信息: Stopping service [Tomcat]
十一月 25, 2020 10:43:19 下午 org.apache.coyote.AbstractProtocol stop
信息: Stopping ProtocolHandler ["http-nio-auto-119-54790"]
十一月 25, 2020 10:43:19 下午 org.apache.coyote.AbstractProtocol destroy
信息: Destroying ProtocolHandler ["http-nio-auto-119-54790"]
]]></system-err>
</testsuite>
