<?xml version="1.0" encoding="UTF-8"?>
<testsuite name="org.springframework.web.reactive.accept.RequestedContentTypeResolverBuilderTests" tests="5" skipped="0" failures="0" errors="0" timestamp="2020-11-25T14:43:21" hostname="lichangbaodeMacBook-Pro.local" time="0.003">
  <properties/>
  <testcase name="parameterResolverWithCustomParamName" classname="org.springframework.web.reactive.accept.RequestedContentTypeResolverBuilderTests" time="0.002"/>
  <testcase name="parameterResolver" classname="org.springframework.web.reactive.accept.RequestedContentTypeResolverBuilderTests" time="0.0"/>
  <testcase name="defaultSettings" classname="org.springframework.web.reactive.accept.RequestedContentTypeResolverBuilderTests" time="0.0"/>
  <testcase name="resolver" classname="org.springframework.web.reactive.accept.RequestedContentTypeResolverBuilderTests" time="0.001"/>
  <testcase name="fixedResolver" classname="org.springframework.web.reactive.accept.RequestedContentTypeResolverBuilderTests" time="0.0"/>
  <system-out><![CDATA[]]></system-out>
  <system-err><![CDATA[]]></system-err>
</testsuite>
