<?xml version="1.0" encoding="UTF-8"?>
<testsuite name="org.springframework.web.reactive.result.view.script.KotlinScriptTemplateTests" tests="3" skipped="0" failures="0" errors="0" timestamp="2020-11-25T14:42:18" hostname="lichangbaodeMacBook-Pro.local" time="5.926">
  <properties/>
  <testcase name="renderTemplateWithFrenchLocale" classname="org.springframework.web.reactive.result.view.script.KotlinScriptTemplateTests" time="5.292"/>
  <testcase name="renderTemplateWithoutRenderFunction" classname="org.springframework.web.reactive.result.view.script.KotlinScriptTemplateTests" time="0.173"/>
  <testcase name="renderTemplateWithEnglishLocale" classname="org.springframework.web.reactive.result.view.script.KotlinScriptTemplateTests" time="0.461"/>
  <system-out><![CDATA[]]></system-out>
  <system-err><![CDATA[]]></system-err>
</testsuite>
