<?xml version="1.0" encoding="UTF-8"?>
<testsuite name="org.springframework.web.reactive.config.DelegatingWebFluxConfigurationTests" tests="5" skipped="0" failures="0" errors="0" timestamp="2020-11-25T14:43:21" hostname="lichangbaodeMacBook-Pro.local" time="0.054">
  <properties/>
  <testcase name="requestMappingHandlerAdapter" classname="org.springframework.web.reactive.config.DelegatingWebFluxConfigurationTests" time="0.039"/>
  <testcase name="responseBodyResultHandler" classname="org.springframework.web.reactive.config.DelegatingWebFluxConfigurationTests" time="0.01"/>
  <testcase name="viewResolutionResultHandler" classname="org.springframework.web.reactive.config.DelegatingWebFluxConfigurationTests" time="0.001"/>
  <testcase name="requestMappingHandlerMapping" classname="org.springframework.web.reactive.config.DelegatingWebFluxConfigurationTests" time="0.001"/>
  <testcase name="resourceHandlerMapping" classname="org.springframework.web.reactive.config.DelegatingWebFluxConfigurationTests" time="0.002"/>
  <system-out><![CDATA[]]></system-out>
  <system-err><![CDATA[]]></system-err>
</testsuite>
