<?xml version="1.0" encoding="UTF-8"?>
<testsuite name="org.springframework.web.reactive.result.method.RequestMappingInfoHandlerMappingTests" tests="18" skipped="0" failures="0" errors="0" timestamp="2019-06-21T11:48:50" hostname="Macbook-Air.local" time="0.063">
  <properties/>
  <testcase name="getHandlerHttpOptions" classname="org.springframework.web.reactive.result.method.RequestMappingInfoHandlerMappingTests" time="0.012"/>
  <testcase name="getHandlerTestRequestParamMismatch" classname="org.springframework.web.reactive.result.method.RequestMappingInfoHandlerMappingTests" time="0.004"/>
  <testcase name="getHandlerTestMediaTypeNotAcceptable" classname="org.springframework.web.reactive.result.method.RequestMappingInfoHandlerMappingTests" time="0.003"/>
  <testcase name="getHandlerGlobMatch" classname="org.springframework.web.reactive.result.method.RequestMappingInfoHandlerMappingTests" time="0.005"/>
  <testcase name="handleMatchBestMatchingPatternAttributeNoPatternsDefined" classname="org.springframework.web.reactive.result.method.RequestMappingInfoHandlerMappingTests" time="0.001"/>
  <testcase name="getHandlerMediaTypeNotSupported" classname="org.springframework.web.reactive.result.method.RequestMappingInfoHandlerMappingTests" time="0.006"/>
  <testcase name="getHandlerRequestMethodNotAllowed" classname="org.springframework.web.reactive.result.method.RequestMappingInfoHandlerMappingTests" time="0.003"/>
  <testcase name="handleMatchUriTemplateVariables" classname="org.springframework.web.reactive.result.method.RequestMappingInfoHandlerMappingTests" time="0.001"/>
  <testcase name="getHandlerBestMatch" classname="org.springframework.web.reactive.result.method.RequestMappingInfoHandlerMappingTests" time="0.002"/>
  <testcase name="getHandlerProducibleMediaTypesAttribute" classname="org.springframework.web.reactive.result.method.RequestMappingInfoHandlerMappingTests" time="0.003"/>
  <testcase name="handleMatchBestMatchingPatternAttribute" classname="org.springframework.web.reactive.result.method.RequestMappingInfoHandlerMappingTests" time="0.002"/>
  <testcase name="handleMatchUriTemplateVariablesDecode" classname="org.springframework.web.reactive.result.method.RequestMappingInfoHandlerMappingTests" time="0.001"/>
  <testcase name="getHandlerEmptyPathMatch" classname="org.springframework.web.reactive.result.method.RequestMappingInfoHandlerMappingTests" time="0.003"/>
  <testcase name="getHandlerTestInvalidContentType" classname="org.springframework.web.reactive.result.method.RequestMappingInfoHandlerMappingTests" time="0.003"/>
  <testcase name="getHandlerDirectMatch" classname="org.springframework.web.reactive.result.method.RequestMappingInfoHandlerMappingTests" time="0.001"/>
  <testcase name="getHandlerRequestMethodMatchFalsePositive" classname="org.springframework.web.reactive.result.method.RequestMappingInfoHandlerMappingTests" time="0.008"/>
  <testcase name="handleMatchMatrixVariablesDecoding" classname="org.springframework.web.reactive.result.method.RequestMappingInfoHandlerMappingTests" time="0.001"/>
  <testcase name="handleMatchMatrixVariables" classname="org.springframework.web.reactive.result.method.RequestMappingInfoHandlerMappingTests" time="0.001"/>
  <system-out><![CDATA[19:48:50.647 [Test worker] DEBUG o.s.w.r.r.m.RequestMappingInfoHandlerMappingTests$TestRequestMappingInfoHandlerMapping - [2c98a16e] Mapped to org.springframework.web.reactive.result.method.RequestMappingInfoHandlerMapping$HttpOptionsHandler#handle()
19:48:50.648 [Test worker] DEBUG o.s.w.r.r.m.RequestMappingInfoHandlerMappingTests$TestRequestMappingInfoHandlerMapping - [21ac7bd] Mapped to org.springframework.web.reactive.result.method.RequestMappingInfoHandlerMapping$HttpOptionsHandler#handle()
19:48:50.650 [Test worker] DEBUG o.s.w.r.r.m.RequestMappingInfoHandlerMappingTests$TestRequestMappingInfoHandlerMapping - [449cc07d] Mapped to org.springframework.web.reactive.result.method.RequestMappingInfoHandlerMapping$HttpOptionsHandler#handle()
19:48:50.651 [Test worker] DEBUG o.s.w.r.r.m.RequestMappingInfoHandlerMappingTests$TestRequestMappingInfoHandlerMapping - [5e455def] Mapped to org.springframework.web.reactive.result.method.RequestMappingInfoHandlerMappingTests$TestController#fooOptions()
19:48:50.663 [Test worker] DEBUG o.s.w.r.r.m.RequestMappingInfoHandlerMappingTests$TestRequestMappingInfoHandlerMapping - [818a880] Mapped to org.springframework.web.reactive.result.method.RequestMappingInfoHandlerMappingTests$TestController#bar()
19:48:50.677 [Test worker] DEBUG o.s.w.r.r.m.RequestMappingInfoHandlerMappingTests$TestRequestMappingInfoHandlerMapping - [30fe6d8e] Mapped to org.springframework.web.reactive.result.method.RequestMappingInfoHandlerMappingTests$TestController#fooParam()
19:48:50.680 [Test worker] DEBUG o.s.w.r.r.m.RequestMappingInfoHandlerMappingTests$TestRequestMappingInfoHandlerMapping - [17004146] Mapped to org.springframework.web.reactive.result.method.RequestMappingInfoHandlerMappingTests$TestController#xmlContent()
19:48:50.680 [Test worker] DEBUG o.s.w.r.r.m.RequestMappingInfoHandlerMappingTests$TestRequestMappingInfoHandlerMapping - [8e60daf] Mapped to org.springframework.web.reactive.result.method.RequestMappingInfoHandlerMappingTests$TestController#nonXmlContent()
19:48:50.685 [Test worker] DEBUG o.s.w.r.r.m.RequestMappingInfoHandlerMappingTests$TestRequestMappingInfoHandlerMapping - [a291fd2] Mapped to org.springframework.web.reactive.result.method.RequestMappingInfoHandlerMappingTests$TestController#empty()
19:48:50.686 [Test worker] DEBUG o.s.w.r.r.m.RequestMappingInfoHandlerMappingTests$TestRequestMappingInfoHandlerMapping - [1672b093] Mapped to org.springframework.web.reactive.result.method.RequestMappingInfoHandlerMappingTests$TestController#empty()
19:48:50.691 [Test worker] DEBUG o.s.w.r.r.m.RequestMappingInfoHandlerMappingTests$TestRequestMappingInfoHandlerMapping - [7b9f2405] Mapped to org.springframework.web.reactive.result.method.RequestMappingInfoHandlerMappingTests$TestController#foo()
]]></system-out>
  <system-err><![CDATA[]]></system-err>
</testsuite>
