<?xml version="1.0" encoding="UTF-8"?>
<testsuite name="org.springframework.web.reactive.resource.ResourceUrlProviderTests" tests="5" skipped="0" failures="0" errors="0" timestamp="2020-11-25T14:43:30" hostname="lichangbaodeMacBook-Pro.local" time="0.015">
  <properties/>
  <testcase name="getStaticResourceUrl" classname="org.springframework.web.reactive.resource.ResourceUrlProviderTests" time="0.0"/>
  <testcase name="getVersionedResourceUrl" classname="org.springframework.web.reactive.resource.ResourceUrlProviderTests" time="0.001"/>
  <testcase name="getStaticResourceUrlRequestWithQueryOrHash" classname="org.springframework.web.reactive.resource.ResourceUrlProviderTests" time="0.001"/>
  <testcase name="bestPatternMatch" classname="org.springframework.web.reactive.resource.ResourceUrlProviderTests" time="0.001"/>
  <testcase name="initializeOnce" classname="org.springframework.web.reactive.resource.ResourceUrlProviderTests" time="0.012"/>
  <system-out><![CDATA[22:43:30.054 [Test worker] DEBUG o.s.w.c.s.AnnotationConfigWebApplicationContext - Refreshing Root WebApplicationContext
22:43:30.057 [Test worker] DEBUG o.s.w.c.s.AnnotationConfigWebApplicationContext - Registering annotated classes: [class org.springframework.web.reactive.resource.ResourceUrlProviderTests$HandlerMappingConfiguration]
22:43:30.062 [Test worker] DEBUG o.s.w.r.h.SimpleUrlHandlerMapping - Patterns [/resources/**] in 'simpleUrlHandlerMapping'
]]></system-out>
  <system-err><![CDATA[]]></system-err>
</testsuite>
