<?xml version="1.0" encoding="UTF-8"?>
<testsuite name="org.springframework.web.reactive.result.view.LocaleContextResolverIntegrationTests" tests="4" skipped="0" failures="0" errors="0" timestamp="2019-06-21T11:47:11" hostname="Macbook-Air.local" time="2.413">
  <properties/>
  <testcase name="fixedLocale[server [org.springframework.http.server.reactive.bootstrap.JettyHttpServer@263359f6]]" classname="org.springframework.web.reactive.result.view.LocaleContextResolverIntegrationTests" time="1.672"/>
  <testcase name="fixedLocale[server [org.springframework.http.server.reactive.bootstrap.ReactorHttpServer@21e88bd]]" classname="org.springframework.web.reactive.result.view.LocaleContextResolverIntegrationTests" time="0.234"/>
  <testcase name="fixedLocale[server [org.springframework.http.server.reactive.bootstrap.TomcatHttpServer@42cbb3ab]]" classname="org.springframework.web.reactive.result.view.LocaleContextResolverIntegrationTests" time="0.249"/>
  <testcase name="fixedLocale[server [org.springframework.http.server.reactive.bootstrap.UndertowHttpServer@15f5c2b1]]" classname="org.springframework.web.reactive.result.view.LocaleContextResolverIntegrationTests" time="0.257"/>
  <system-out><![CDATA[19:47:11.687 [Test worker] DEBUG o.s.w.r.r.m.a.RequestMappingHandlerMapping - 1 mappings in 'requestMappingHandlerMapping'
19:47:12.073 [Test worker] INFO  o.h.v.i.u.Version - HV000001: Hibernate Validator 6.0.16.Final
19:47:12.692 [Test worker] DEBUG o.s.w.r.r.m.a.ControllerMethodResolver - ControllerAdvice beans: none
19:47:12.804 [Test worker] DEBUG o.s.w.s.a.HttpWebHandlerAdapter - enableLoggingRequestDetails='false': form data and headers will be masked to prevent unsafe logging of potentially sensitive data
19:47:12.804 [Test worker] WARN  o.e.j.s.h.ContextHandler - Empty contextPath
19:47:12.805 [Test worker] INFO  o.e.j.s.h.ContextHandler - Started o.e.j.s.ServletContextHandler@4e5c5541{/,null,AVAILABLE}
19:47:12.806 [Test worker] DEBUG o.s.h.s.r.b.JettyHttpServer - Starting JettyHttpServer...
19:47:12.806 [Test worker] INFO  o.e.j.s.Server - jetty-9.4.18.v20190429; built: 2019-04-29T20:42:08.989Z; git: e1bc35120a6617ee3df052294e433f3a25ce7097; jvm 1.8.0_144-b01
19:47:12.809 [Test worker] INFO  o.e.j.s.AbstractConnector - Started ServerConnector@a2cf6b5{HTTP/1.1,[http/1.1]}{0.0.0.0:50320}
19:47:12.809 [Test worker] INFO  o.e.j.s.Server - Started @33948ms
19:47:12.810 [Test worker] DEBUG o.s.h.s.r.b.JettyHttpServer - Server started on port 50320(0 millis).
19:47:12.896 [Test worker] DEBUG o.s.w.r.f.c.ExchangeFunctions - [24a377a8] HTTP GET http://localhost:50320/
19:47:12.978 [qtp84245784-145] DEBUG o.s.w.s.a.HttpWebHandlerAdapter - [5dc46f69] HTTP GET "/"
19:47:12.979 [qtp84245784-145] DEBUG o.s.w.r.r.m.a.RequestMappingHandlerMapping - [5dc46f69] Mapped to org.springframework.web.reactive.result.view.LocaleContextResolverIntegrationTests$TestController#foo()
19:47:12.983 [qtp84245784-145] DEBUG o.s.w.r.r.v.ViewResolutionResultHandler - Using 'text/html' given [*/*] and supported [text/html]
19:47:12.983 [qtp84245784-145] DEBUG o.s.w.s.a.HttpWebHandlerAdapter - [5dc46f69] Completed 200 OK
19:47:12.989 [reactor-http-nio-4] DEBUG o.s.w.r.f.c.ExchangeFunctions - [24a377a8] Response 200 OK
19:47:13.010 [Test worker] DEBUG o.s.h.s.r.b.JettyHttpServer - Stopping JettyHttpServer...
19:47:13.010 [Test worker] INFO  o.e.j.s.h.ContextHandler - Stopped o.e.j.s.ServletContextHandler@4e5c5541{/,null,UNAVAILABLE}
19:47:13.013 [Test worker] INFO  o.e.j.s.AbstractConnector - Stopped ServerConnector@a2cf6b5{HTTP/1.1,[http/1.1]}{0.0.0.0:0}
19:47:13.015 [Test worker] DEBUG o.s.h.s.r.b.JettyHttpServer - Server stopped (0 millis).
19:47:13.086 [Test worker] DEBUG o.s.w.r.r.m.a.RequestMappingHandlerMapping - 1 mappings in 'requestMappingHandlerMapping'
19:47:13.138 [Test worker] DEBUG o.s.w.r.r.m.a.ControllerMethodResolver - ControllerAdvice beans: none
19:47:13.231 [Test worker] DEBUG o.s.w.s.a.HttpWebHandlerAdapter - enableLoggingRequestDetails='false': form data and headers will be masked to prevent unsafe logging of potentially sensitive data
19:47:13.231 [Test worker] DEBUG o.s.h.s.r.b.ReactorHttpServer - Starting ReactorHttpServer...
19:47:13.232 [Test worker] DEBUG o.s.h.s.r.b.ReactorHttpServer - Server started on port 50322(0 millis).
19:47:13.233 [Test worker] DEBUG o.s.w.r.f.c.ExchangeFunctions - [67f8777d] HTTP GET http://localhost:50322/
19:47:13.240 [reactor-http-nio-2] DEBUG o.s.w.s.a.HttpWebHandlerAdapter - [ec942219] HTTP GET "/"
19:47:13.241 [reactor-http-nio-2] DEBUG o.s.w.r.r.m.a.RequestMappingHandlerMapping - [ec942219] Mapped to org.springframework.web.reactive.result.view.LocaleContextResolverIntegrationTests$TestController#foo()
19:47:13.246 [reactor-http-nio-2] DEBUG o.s.w.r.r.v.ViewResolutionResultHandler - Using 'text/html' given [*/*] and supported [text/html]
19:47:13.246 [reactor-http-nio-2] DEBUG o.s.w.s.a.HttpWebHandlerAdapter - [ec942219] Completed 200 OK
19:47:13.248 [reactor-http-nio-1] DEBUG o.s.w.r.f.c.ExchangeFunctions - [67f8777d] Response 200 OK
19:47:13.248 [Test worker] DEBUG o.s.h.s.r.b.ReactorHttpServer - Stopping ReactorHttpServer...
19:47:13.249 [Test worker] DEBUG o.s.h.s.r.b.ReactorHttpServer - Server stopped (0 millis).
19:47:13.322 [Test worker] DEBUG o.s.w.r.r.m.a.RequestMappingHandlerMapping - 1 mappings in 'requestMappingHandlerMapping'
19:47:13.375 [Test worker] DEBUG o.s.w.r.r.m.a.ControllerMethodResolver - ControllerAdvice beans: none
19:47:13.452 [Test worker] DEBUG o.s.w.s.a.HttpWebHandlerAdapter - enableLoggingRequestDetails='false': form data and headers will be masked to prevent unsafe logging of potentially sensitive data
19:47:13.453 [Test worker] DEBUG o.s.h.s.r.b.TomcatHttpServer - Starting TomcatHttpServer...
19:47:13.471 [Test worker] DEBUG o.s.h.s.r.b.TomcatHttpServer - Server started on port 50324(0 millis).
19:47:13.473 [Test worker] DEBUG o.s.w.r.f.c.ExchangeFunctions - [55e40516] HTTP GET http://localhost:50324/
19:47:13.481 [http-nio-auto-5-exec-1] DEBUG o.s.w.s.a.HttpWebHandlerAdapter - [31c74481] HTTP GET "/"
19:47:13.481 [http-nio-auto-5-exec-1] DEBUG o.s.w.r.r.m.a.RequestMappingHandlerMapping - [31c74481] Mapped to org.springframework.web.reactive.result.view.LocaleContextResolverIntegrationTests$TestController#foo()
19:47:13.483 [http-nio-auto-5-exec-1] DEBUG o.s.w.r.r.v.ViewResolutionResultHandler - Using 'text/html' given [*/*] and supported [text/html]
19:47:13.484 [http-nio-auto-5-exec-1] DEBUG o.s.w.s.a.HttpWebHandlerAdapter - [31c74481] Completed 200 OK
19:47:13.486 [reactor-http-nio-2] DEBUG o.s.w.r.f.c.ExchangeFunctions - [55e40516] Response 200 OK
19:47:13.486 [Test worker] DEBUG o.s.h.s.r.b.TomcatHttpServer - Stopping TomcatHttpServer...
19:47:13.499 [Test worker] DEBUG o.s.h.s.r.b.TomcatHttpServer - Server stopped (0 millis).
19:47:13.595 [Test worker] DEBUG o.s.w.r.r.m.a.RequestMappingHandlerMapping - 1 mappings in 'requestMappingHandlerMapping'
19:47:13.648 [Test worker] DEBUG o.s.w.r.r.m.a.ControllerMethodResolver - ControllerAdvice beans: none
19:47:13.722 [Test worker] DEBUG o.s.w.s.a.HttpWebHandlerAdapter - enableLoggingRequestDetails='false': form data and headers will be masked to prevent unsafe logging of potentially sensitive data
19:47:13.722 [Test worker] DEBUG o.s.h.s.r.b.UndertowHttpServer - Starting UndertowHttpServer...
19:47:13.728 [Test worker] DEBUG o.s.h.s.r.b.UndertowHttpServer - Server started on port 50327(0 millis).
19:47:13.728 [Test worker] DEBUG o.s.w.r.f.c.ExchangeFunctions - [2fc66cd7] HTTP GET http://localhost:50327/
19:47:13.733 [XNIO-5 I/O-2] DEBUG o.s.w.s.a.HttpWebHandlerAdapter - [37f76f82] HTTP GET "/"
19:47:13.734 [XNIO-5 I/O-2] DEBUG o.s.w.r.r.m.a.RequestMappingHandlerMapping - [37f76f82] Mapped to org.springframework.web.reactive.result.view.LocaleContextResolverIntegrationTests$TestController#foo()
19:47:13.736 [XNIO-5 I/O-2] DEBUG o.s.w.r.r.v.ViewResolutionResultHandler - Using 'text/html' given [*/*] and supported [text/html]
19:47:13.736 [XNIO-5 I/O-2] DEBUG o.s.w.s.a.HttpWebHandlerAdapter - [37f76f82] Completed 200 OK
19:47:13.737 [reactor-http-nio-2] DEBUG o.s.w.r.f.c.ExchangeFunctions - [2fc66cd7] Response 200 OK
19:47:13.738 [Test worker] DEBUG o.s.h.s.r.b.UndertowHttpServer - Stopping UndertowHttpServer...
19:47:13.742 [Test worker] DEBUG o.s.h.s.r.b.UndertowHttpServer - Server stopped (0 millis).
]]></system-out>
  <system-err><![CDATA[六月 21, 2019 7:47:13 下午 org.apache.catalina.core.StandardService startInternal
信息: Starting service [Tomcat]
六月 21, 2019 7:47:13 下午 org.apache.catalina.core.StandardEngine startInternal
信息: Starting Servlet engine: [Apache Tomcat/9.0.21]
六月 21, 2019 7:47:13 下午 org.apache.coyote.AbstractProtocol init
信息: Initializing ProtocolHandler ["http-nio-auto-5"]
六月 21, 2019 7:47:13 下午 org.apache.coyote.AbstractProtocol start
信息: Starting ProtocolHandler ["http-nio-auto-5-50324"]
六月 21, 2019 7:47:13 下午 org.apache.coyote.AbstractProtocol pause
信息: Pausing ProtocolHandler ["http-nio-auto-5-50324"]
六月 21, 2019 7:47:13 下午 org.apache.catalina.core.StandardService stopInternal
信息: Stopping service [Tomcat]
六月 21, 2019 7:47:13 下午 org.apache.coyote.AbstractProtocol stop
信息: Stopping ProtocolHandler ["http-nio-auto-5-50324"]
六月 21, 2019 7:47:13 下午 org.apache.coyote.AbstractProtocol destroy
信息: Destroying ProtocolHandler ["http-nio-auto-5-50324"]
]]></system-err>
</testsuite>
