<?xml version="1.0" encoding="UTF-8"?>
<testsuite name="org.springframework.web.reactive.result.method.annotation.MultipartIntegrationTests" tests="28" skipped="0" failures="0" errors="0" timestamp="2020-11-25T14:42:56" hostname="lichangbaodeMacBook-Pro.local" time="5.104">
  <properties/>
  <testcase name="requestBodyMap[server [org.springframework.http.server.reactive.bootstrap.JettyHttpServer@3ecf0387]]" classname="org.springframework.web.reactive.result.method.annotation.MultipartIntegrationTests" time="0.083"/>
  <testcase name="transferTo[server [org.springframework.http.server.reactive.bootstrap.JettyHttpServer@3ecf0387]]" classname="org.springframework.web.reactive.result.method.annotation.MultipartIntegrationTests" time="0.087"/>
  <testcase name="modelAttribute[server [org.springframework.http.server.reactive.bootstrap.JettyHttpServer@3ecf0387]]" classname="org.springframework.web.reactive.result.method.annotation.MultipartIntegrationTests" time="0.067"/>
  <testcase name="requestBodyFlux[server [org.springframework.http.server.reactive.bootstrap.JettyHttpServer@3ecf0387]]" classname="org.springframework.web.reactive.result.method.annotation.MultipartIntegrationTests" time="0.06"/>
  <testcase name="requestPart[server [org.springframework.http.server.reactive.bootstrap.JettyHttpServer@3ecf0387]]" classname="org.springframework.web.reactive.result.method.annotation.MultipartIntegrationTests" time="0.07"/>
  <testcase name="filePartsFlux[server [org.springframework.http.server.reactive.bootstrap.JettyHttpServer@3ecf0387]]" classname="org.springframework.web.reactive.result.method.annotation.MultipartIntegrationTests" time="0.07"/>
  <testcase name="filePartsMono[server [org.springframework.http.server.reactive.bootstrap.JettyHttpServer@3ecf0387]]" classname="org.springframework.web.reactive.result.method.annotation.MultipartIntegrationTests" time="0.067"/>
  <testcase name="requestBodyMap[server [org.springframework.http.server.reactive.bootstrap.ReactorHttpServer@6d28c7a4]]" classname="org.springframework.web.reactive.result.method.annotation.MultipartIntegrationTests" time="0.486"/>
  <testcase name="transferTo[server [org.springframework.http.server.reactive.bootstrap.ReactorHttpServer@6d28c7a4]]" classname="org.springframework.web.reactive.result.method.annotation.MultipartIntegrationTests" time="0.589"/>
  <testcase name="modelAttribute[server [org.springframework.http.server.reactive.bootstrap.ReactorHttpServer@6d28c7a4]]" classname="org.springframework.web.reactive.result.method.annotation.MultipartIntegrationTests" time="0.464"/>
  <testcase name="requestBodyFlux[server [org.springframework.http.server.reactive.bootstrap.ReactorHttpServer@6d28c7a4]]" classname="org.springframework.web.reactive.result.method.annotation.MultipartIntegrationTests" time="0.468"/>
  <testcase name="requestPart[server [org.springframework.http.server.reactive.bootstrap.ReactorHttpServer@6d28c7a4]]" classname="org.springframework.web.reactive.result.method.annotation.MultipartIntegrationTests" time="0.462"/>
  <testcase name="filePartsFlux[server [org.springframework.http.server.reactive.bootstrap.ReactorHttpServer@6d28c7a4]]" classname="org.springframework.web.reactive.result.method.annotation.MultipartIntegrationTests" time="0.623"/>
  <testcase name="filePartsMono[server [org.springframework.http.server.reactive.bootstrap.ReactorHttpServer@6d28c7a4]]" classname="org.springframework.web.reactive.result.method.annotation.MultipartIntegrationTests" time="0.457"/>
  <testcase name="requestBodyMap[server [org.springframework.http.server.reactive.bootstrap.TomcatHttpServer@129cb0c9]]" classname="org.springframework.web.reactive.result.method.annotation.MultipartIntegrationTests" time="0.069"/>
  <testcase name="transferTo[server [org.springframework.http.server.reactive.bootstrap.TomcatHttpServer@129cb0c9]]" classname="org.springframework.web.reactive.result.method.annotation.MultipartIntegrationTests" time="0.094"/>
  <testcase name="modelAttribute[server [org.springframework.http.server.reactive.bootstrap.TomcatHttpServer@129cb0c9]]" classname="org.springframework.web.reactive.result.method.annotation.MultipartIntegrationTests" time="0.079"/>
  <testcase name="requestBodyFlux[server [org.springframework.http.server.reactive.bootstrap.TomcatHttpServer@129cb0c9]]" classname="org.springframework.web.reactive.result.method.annotation.MultipartIntegrationTests" time="0.075"/>
  <testcase name="requestPart[server [org.springframework.http.server.reactive.bootstrap.TomcatHttpServer@129cb0c9]]" classname="org.springframework.web.reactive.result.method.annotation.MultipartIntegrationTests" time="0.079"/>
  <testcase name="filePartsFlux[server [org.springframework.http.server.reactive.bootstrap.TomcatHttpServer@129cb0c9]]" classname="org.springframework.web.reactive.result.method.annotation.MultipartIntegrationTests" time="0.074"/>
  <testcase name="filePartsMono[server [org.springframework.http.server.reactive.bootstrap.TomcatHttpServer@129cb0c9]]" classname="org.springframework.web.reactive.result.method.annotation.MultipartIntegrationTests" time="0.075"/>
  <testcase name="requestBodyMap[server [org.springframework.http.server.reactive.bootstrap.UndertowHttpServer@235997b7]]" classname="org.springframework.web.reactive.result.method.annotation.MultipartIntegrationTests" time="0.067"/>
  <testcase name="transferTo[server [org.springframework.http.server.reactive.bootstrap.UndertowHttpServer@235997b7]]" classname="org.springframework.web.reactive.result.method.annotation.MultipartIntegrationTests" time="0.071"/>
  <testcase name="modelAttribute[server [org.springframework.http.server.reactive.bootstrap.UndertowHttpServer@235997b7]]" classname="org.springframework.web.reactive.result.method.annotation.MultipartIntegrationTests" time="0.058"/>
  <testcase name="requestBodyFlux[server [org.springframework.http.server.reactive.bootstrap.UndertowHttpServer@235997b7]]" classname="org.springframework.web.reactive.result.method.annotation.MultipartIntegrationTests" time="0.052"/>
  <testcase name="requestPart[server [org.springframework.http.server.reactive.bootstrap.UndertowHttpServer@235997b7]]" classname="org.springframework.web.reactive.result.method.annotation.MultipartIntegrationTests" time="0.054"/>
  <testcase name="filePartsFlux[server [org.springframework.http.server.reactive.bootstrap.UndertowHttpServer@235997b7]]" classname="org.springframework.web.reactive.result.method.annotation.MultipartIntegrationTests" time="0.147"/>
  <testcase name="filePartsMono[server [org.springframework.http.server.reactive.bootstrap.UndertowHttpServer@235997b7]]" classname="org.springframework.web.reactive.result.method.annotation.MultipartIntegrationTests" time="0.054"/>
  <system-out><![CDATA[22:42:56.605 [Test worker] DEBUG o.s.w.r.r.m.a.RequestMappingHandlerMapping - 7 mappings in 'requestMappingHandlerMapping'
22:42:56.621 [Test worker] DEBUG o.s.w.r.r.m.a.ControllerMethodResolver - ControllerAdvice beans: none
22:42:56.642 [Test worker] DEBUG o.s.w.s.a.HttpWebHandlerAdapter - enableLoggingRequestDetails='false': form data and headers will be masked to prevent unsafe logging of potentially sensitive data
22:42:56.642 [Test worker] WARN  o.e.j.s.h.ContextHandler - Empty contextPath
22:42:56.642 [Test worker] INFO  o.e.j.s.h.ContextHandler - Started o.e.j.s.ServletContextHandler@7416a438{/,null,AVAILABLE}
22:42:56.642 [Test worker] DEBUG o.s.h.s.r.b.JettyHttpServer - Starting JettyHttpServer...
22:42:56.642 [Test worker] INFO  o.e.j.s.Server - jetty-9.4.18.v20190429; built: 2019-04-29T20:42:08.989Z; git: e1bc35120a6617ee3df052294e433f3a25ce7097; jvm 1.8.0_211-b12
22:42:56.643 [Test worker] INFO  o.e.j.s.AbstractConnector - Started ServerConnector@361159c{HTTP/1.1,[http/1.1]}{0.0.0.0:54172}
22:42:56.643 [Test worker] INFO  o.e.j.s.Server - Started @49070ms
22:42:56.643 [Test worker] DEBUG o.s.h.s.r.b.JettyHttpServer - Server started on port 54172(0 millis).
22:42:56.647 [Test worker] DEBUG o.s.w.r.f.c.ExchangeFunctions - [8d5e253] HTTP POST http://localhost:54172/requestBodyMap
22:42:56.650 [reactor-http-nio-2] DEBUG o.s.h.c.m.MultipartHttpMessageWriter - [8d5e253] Encoding parts [fieldPart, fileParts, jsonPart] (content masked)
22:42:56.666 [qtp533826476-2571] DEBUG o.s.w.s.a.HttpWebHandlerAdapter - [4f252bed] HTTP POST "/requestBodyMap"
22:42:56.666 [qtp533826476-2571] DEBUG o.s.w.r.r.m.a.RequestMappingHandlerMapping - [4f252bed] Mapped to org.springframework.web.reactive.result.method.annotation.MultipartIntegrationTests$MultipartController#requestBodyMap(Mono)
22:42:56.666 [qtp533826476-2571] DEBUG o.s.w.r.r.m.a.RequestBodyMethodArgumentResolver - [4f252bed] Content-Type:multipart/form-data;boundary=DV90EmOb8d0gE2rNx5db9n8327YXf1wV9spK;charset=UTF-8
22:42:56.666 [qtp533826476-2571] DEBUG o.s.w.r.r.m.a.RequestBodyMethodArgumentResolver - [4f252bed] 0..1 [org.springframework.util.MultiValueMap<java.lang.String, org.springframework.http.codec.multipart.Part>]
22:42:56.668 [qtp533826476-2571] DEBUG o.s.w.r.r.m.a.ResponseBodyResultHandler - Using 'text/plain;charset=UTF-8' given [*/*] and supported [text/plain;charset=UTF-8, text/event-stream, text/plain;charset=UTF-8, */*]
22:42:56.668 [qtp533826476-2571] DEBUG o.s.w.r.r.m.a.ResponseBodyResultHandler - [4f252bed] 0..1 [java.lang.String]
22:42:56.677 [qtp533826476-2571] DEBUG o.s.h.c.m.MultipartHttpMessageReader - [4f252bed] Parsed parts [fieldPart, fileParts, jsonPart] (content masked)
22:42:56.678 [qtp533826476-2571] DEBUG o.s.c.c.CharSequenceEncoder - [4f252bed] Writing "Map[[fieldPart],[fileParts:foo.txt,fileParts:logo.png],[jsonPart]]"
22:42:56.678 [qtp533826476-2571] DEBUG o.s.w.s.a.HttpWebHandlerAdapter - [4f252bed] Completed 200 OK
22:42:56.679 [reactor-http-nio-2] DEBUG o.s.w.r.f.c.ExchangeFunctions - [8d5e253] Response 200 OK
22:42:56.679 [reactor-http-nio-2] DEBUG o.s.c.c.StringDecoder - [8d5e253] Decoded "Map[[fieldPart],[fileParts:foo.txt,fileParts:logo.png],[jsonPart]]"
22:42:56.679 [Test worker] DEBUG o.s.h.s.r.b.JettyHttpServer - Stopping JettyHttpServer...
22:42:56.679 [Test worker] INFO  o.e.j.s.h.ContextHandler - Stopped o.e.j.s.ServletContextHandler@7416a438{/,null,UNAVAILABLE}
22:42:56.680 [Test worker] INFO  o.e.j.s.AbstractConnector - Stopped ServerConnector@361159c{HTTP/1.1,[http/1.1]}{0.0.0.0:0}
22:42:56.680 [Test worker] DEBUG o.s.h.s.r.b.JettyHttpServer - Server stopped (0 millis).
22:42:56.685 [Test worker] DEBUG o.s.w.r.r.m.a.RequestMappingHandlerMapping - 7 mappings in 'requestMappingHandlerMapping'
22:42:56.700 [Test worker] DEBUG o.s.w.r.r.m.a.ControllerMethodResolver - ControllerAdvice beans: none
22:42:56.720 [Test worker] DEBUG o.s.w.s.a.HttpWebHandlerAdapter - enableLoggingRequestDetails='false': form data and headers will be masked to prevent unsafe logging of potentially sensitive data
22:42:56.720 [Test worker] WARN  o.e.j.s.h.ContextHandler - Empty contextPath
22:42:56.720 [Test worker] INFO  o.e.j.s.h.ContextHandler - Started o.e.j.s.ServletContextHandler@6da6f153{/,null,AVAILABLE}
22:42:56.720 [Test worker] DEBUG o.s.h.s.r.b.JettyHttpServer - Starting JettyHttpServer...
22:42:56.721 [Test worker] INFO  o.e.j.s.Server - jetty-9.4.18.v20190429; built: 2019-04-29T20:42:08.989Z; git: e1bc35120a6617ee3df052294e433f3a25ce7097; jvm 1.8.0_211-b12
22:42:56.722 [Test worker] INFO  o.e.j.s.AbstractConnector - Started ServerConnector@61adb441{HTTP/1.1,[http/1.1]}{0.0.0.0:54174}
22:42:56.722 [Test worker] INFO  o.e.j.s.Server - Started @49148ms
22:42:56.722 [Test worker] DEBUG o.s.h.s.r.b.JettyHttpServer - Server started on port 54174(0 millis).
22:42:56.722 [Test worker] DEBUG o.s.w.r.f.c.ExchangeFunctions - [42032bff] HTTP POST http://localhost:54174/transferTo
22:42:56.723 [reactor-http-nio-6] DEBUG o.s.h.c.m.MultipartHttpMessageWriter - [42032bff] Encoding parts [fieldPart, fileParts, jsonPart] (content masked)
22:42:56.732 [qtp311206415-2585] DEBUG o.s.w.s.a.HttpWebHandlerAdapter - [4644aa4e] HTTP POST "/transferTo"
22:42:56.732 [qtp311206415-2585] DEBUG o.s.w.r.r.m.a.RequestMappingHandlerMapping - [4644aa4e] Mapped to org.springframework.web.reactive.result.method.annotation.MultipartIntegrationTests$MultipartController#transferTo(Flux)
22:42:56.734 [qtp311206415-2585] DEBUG o.s.w.r.r.m.a.ResponseBodyResultHandler - Using 'text/plain;charset=UTF-8' given [*/*] and supported [text/plain;charset=UTF-8, text/event-stream, text/plain;charset=UTF-8, */*]
22:42:56.734 [qtp311206415-2585] DEBUG o.s.w.r.r.m.a.ResponseBodyResultHandler - [4644aa4e] 0..N [java.lang.String]
22:42:56.744 [Thread-288] DEBUG o.s.c.c.CharSequenceEncoder - [4644aa4e] Writing "/var/folders/wc/jkrbhr5s6qz2yyty5r0691380000gn/T/MultipartIntegrationTests1921839064885947840foo.tx (truncated)...
22:42:56.744 [Thread-288] DEBUG o.s.c.c.CharSequenceEncoder - [4644aa4e] Writing "/var/folders/wc/jkrbhr5s6qz2yyty5r0691380000gn/T/MultipartIntegrationTests6461702913398623761logo.p (truncated)...
22:42:56.745 [Thread-288] DEBUG o.s.w.s.a.HttpWebHandlerAdapter - [4644aa4e] Completed 200 OK
22:42:56.745 [reactor-http-nio-6] DEBUG o.s.w.r.f.c.ExchangeFunctions - [42032bff] Response 200 OK
22:42:56.746 [reactor-http-nio-6] DEBUG o.s.c.c.StringDecoder - [42032bff] Decoded "/var/folders/wc/jkrbhr5s6qz2yyty5r0691380000gn/T/MultipartIntegrationTests1921839064885947840foo.tx (truncated)...
22:42:56.747 [reactor-http-nio-6] DEBUG o.s.c.c.StringDecoder - [42032bff] Decoded "/var/folders/wc/jkrbhr5s6qz2yyty5r0691380000gn/T/MultipartIntegrationTests6461702913398623761logo.p (truncated)...
22:42:56.767 [Test worker] DEBUG o.s.h.s.r.b.JettyHttpServer - Stopping JettyHttpServer...
22:42:56.767 [Test worker] INFO  o.e.j.s.h.ContextHandler - Stopped o.e.j.s.ServletContextHandler@6da6f153{/,null,UNAVAILABLE}
22:42:56.768 [Test worker] INFO  o.e.j.s.AbstractConnector - Stopped ServerConnector@61adb441{HTTP/1.1,[http/1.1]}{0.0.0.0:0}
22:42:56.768 [Test worker] DEBUG o.s.h.s.r.b.JettyHttpServer - Server stopped (0 millis).
22:42:56.773 [Test worker] DEBUG o.s.w.r.r.m.a.RequestMappingHandlerMapping - 7 mappings in 'requestMappingHandlerMapping'
22:42:56.788 [Test worker] DEBUG o.s.w.r.r.m.a.ControllerMethodResolver - ControllerAdvice beans: none
22:42:56.808 [Test worker] DEBUG o.s.w.s.a.HttpWebHandlerAdapter - enableLoggingRequestDetails='false': form data and headers will be masked to prevent unsafe logging of potentially sensitive data
22:42:56.808 [Test worker] WARN  o.e.j.s.h.ContextHandler - Empty contextPath
22:42:56.808 [Test worker] INFO  o.e.j.s.h.ContextHandler - Started o.e.j.s.ServletContextHandler@7d66306d{/,null,AVAILABLE}
22:42:56.808 [Test worker] DEBUG o.s.h.s.r.b.JettyHttpServer - Starting JettyHttpServer...
22:42:56.808 [Test worker] INFO  o.e.j.s.Server - jetty-9.4.18.v20190429; built: 2019-04-29T20:42:08.989Z; git: e1bc35120a6617ee3df052294e433f3a25ce7097; jvm 1.8.0_211-b12
22:42:56.809 [Test worker] INFO  o.e.j.s.AbstractConnector - Started ServerConnector@7fd81074{HTTP/1.1,[http/1.1]}{0.0.0.0:54176}
22:42:56.809 [Test worker] INFO  o.e.j.s.Server - Started @49236ms
22:42:56.809 [Test worker] DEBUG o.s.h.s.r.b.JettyHttpServer - Server started on port 54176(0 millis).
22:42:56.810 [Test worker] DEBUG o.s.w.r.f.c.ExchangeFunctions - [7c268f78] HTTP POST http://localhost:54176/modelAttribute
22:42:56.811 [reactor-http-nio-10] DEBUG o.s.h.c.m.MultipartHttpMessageWriter - [7c268f78] Encoding parts [fieldPart, fileParts, jsonPart] (content masked)
22:42:56.820 [qtp7538166-2599] DEBUG o.s.w.s.a.HttpWebHandlerAdapter - [2343cb8c] HTTP POST "/modelAttribute"
22:42:56.820 [qtp7538166-2599] DEBUG o.s.w.r.r.m.a.RequestMappingHandlerMapping - [2343cb8c] Mapped to org.springframework.web.reactive.result.method.annotation.MultipartIntegrationTests$MultipartController#modelAttribute(FormBean)
22:42:56.833 [qtp7538166-2599] DEBUG o.s.w.r.r.m.a.ResponseBodyResultHandler - Using 'text/plain;charset=UTF-8' given [*/*] and supported [text/plain;charset=UTF-8, text/event-stream, text/plain;charset=UTF-8, */*]
22:42:56.833 [qtp7538166-2599] DEBUG o.s.w.r.r.m.a.ResponseBodyResultHandler - [2343cb8c] 0..1 [java.lang.String]
22:42:56.833 [qtp7538166-2599] DEBUG o.s.c.c.CharSequenceEncoder - [2343cb8c] Writing "FormBean[fieldValue,[fileParts:foo.txt,fileParts:logo.png]]"
22:42:56.833 [qtp7538166-2599] DEBUG o.s.w.s.a.HttpWebHandlerAdapter - [2343cb8c] Completed 200 OK
22:42:56.833 [reactor-http-nio-10] DEBUG o.s.w.r.f.c.ExchangeFunctions - [7c268f78] Response 200 OK
22:42:56.834 [reactor-http-nio-10] DEBUG o.s.c.c.StringDecoder - [7c268f78] Decoded "FormBean[fieldValue,[fileParts:foo.txt,fileParts:logo.png]]"
22:42:56.834 [Test worker] DEBUG o.s.h.s.r.b.JettyHttpServer - Stopping JettyHttpServer...
22:42:56.834 [Test worker] INFO  o.e.j.s.h.ContextHandler - Stopped o.e.j.s.ServletContextHandler@7d66306d{/,null,UNAVAILABLE}
22:42:56.835 [Test worker] INFO  o.e.j.s.AbstractConnector - Stopped ServerConnector@7fd81074{HTTP/1.1,[http/1.1]}{0.0.0.0:0}
22:42:56.835 [Test worker] DEBUG o.s.h.s.r.b.JettyHttpServer - Server stopped (0 millis).
22:42:56.839 [Test worker] DEBUG o.s.w.r.r.m.a.RequestMappingHandlerMapping - 7 mappings in 'requestMappingHandlerMapping'
22:42:56.855 [Test worker] DEBUG o.s.w.r.r.m.a.ControllerMethodResolver - ControllerAdvice beans: none
22:42:56.875 [Test worker] DEBUG o.s.w.s.a.HttpWebHandlerAdapter - enableLoggingRequestDetails='false': form data and headers will be masked to prevent unsafe logging of potentially sensitive data
22:42:56.875 [Test worker] WARN  o.e.j.s.h.ContextHandler - Empty contextPath
22:42:56.876 [Test worker] INFO  o.e.j.s.h.ContextHandler - Started o.e.j.s.ServletContextHandler@3b8d5f70{/,null,AVAILABLE}
22:42:56.876 [Test worker] DEBUG o.s.h.s.r.b.JettyHttpServer - Starting JettyHttpServer...
22:42:56.876 [Test worker] INFO  o.e.j.s.Server - jetty-9.4.18.v20190429; built: 2019-04-29T20:42:08.989Z; git: e1bc35120a6617ee3df052294e433f3a25ce7097; jvm 1.8.0_211-b12
22:42:56.877 [Test worker] INFO  o.e.j.s.AbstractConnector - Started ServerConnector@b146cbd{HTTP/1.1,[http/1.1]}{0.0.0.0:54178}
22:42:56.877 [Test worker] INFO  o.e.j.s.Server - Started @49303ms
22:42:56.877 [Test worker] DEBUG o.s.h.s.r.b.JettyHttpServer - Server started on port 54178(0 millis).
22:42:56.877 [Test worker] DEBUG o.s.w.r.f.c.ExchangeFunctions - [7654704e] HTTP POST http://localhost:54178/requestBodyFlux
22:42:56.878 [reactor-http-nio-14] DEBUG o.s.h.c.m.MultipartHttpMessageWriter - [7654704e] Encoding parts [fieldPart, fileParts, jsonPart] (content masked)
22:42:56.887 [qtp36202606-2613] DEBUG o.s.w.s.a.HttpWebHandlerAdapter - [548c824b] HTTP POST "/requestBodyFlux"
22:42:56.888 [qtp36202606-2613] DEBUG o.s.w.r.r.m.a.RequestMappingHandlerMapping - [548c824b] Mapped to org.springframework.web.reactive.result.method.annotation.MultipartIntegrationTests$MultipartController#requestBodyFlux(Flux)
22:42:56.888 [qtp36202606-2613] DEBUG o.s.w.r.r.m.a.RequestBodyMethodArgumentResolver - [548c824b] Content-Type:multipart/form-data;boundary=moyoobkZFkJBBUd1oIzQ_0uWaavORryV0b;charset=UTF-8
22:42:56.888 [qtp36202606-2613] DEBUG o.s.w.r.r.m.a.RequestBodyMethodArgumentResolver - [548c824b] 0..N [org.springframework.http.codec.multipart.Part]
22:42:56.888 [qtp36202606-2613] DEBUG o.s.w.r.r.m.a.ResponseBodyResultHandler - Using 'text/plain;charset=UTF-8' given [*/*] and supported [text/plain;charset=UTF-8, text/event-stream, text/plain;charset=UTF-8, */*]
22:42:56.888 [qtp36202606-2613] DEBUG o.s.w.r.r.m.a.ResponseBodyResultHandler - [548c824b] 0..1 [java.lang.String]
22:42:56.892 [qtp36202606-2613] DEBUG o.s.c.c.CharSequenceEncoder - [548c824b] Writing "[fieldPart,fileParts:foo.txt,fileParts:logo.png,jsonPart]"
22:42:56.893 [qtp36202606-2613] DEBUG o.s.w.s.a.HttpWebHandlerAdapter - [548c824b] Completed 200 OK
22:42:56.893 [reactor-http-nio-14] DEBUG o.s.w.r.f.c.ExchangeFunctions - [7654704e] Response 200 OK
22:42:56.893 [reactor-http-nio-14] DEBUG o.s.c.c.StringDecoder - [7654704e] Decoded "[fieldPart,fileParts:foo.txt,fileParts:logo.png,jsonPart]"
22:42:56.893 [Test worker] DEBUG o.s.h.s.r.b.JettyHttpServer - Stopping JettyHttpServer...
22:42:56.893 [Test worker] INFO  o.e.j.s.h.ContextHandler - Stopped o.e.j.s.ServletContextHandler@3b8d5f70{/,null,UNAVAILABLE}
22:42:56.894 [Test worker] INFO  o.e.j.s.AbstractConnector - Stopped ServerConnector@b146cbd{HTTP/1.1,[http/1.1]}{0.0.0.0:0}
22:42:56.895 [Test worker] DEBUG o.s.h.s.r.b.JettyHttpServer - Server stopped (0 millis).
22:42:56.899 [Test worker] DEBUG o.s.w.r.r.m.a.RequestMappingHandlerMapping - 7 mappings in 'requestMappingHandlerMapping'
22:42:56.914 [Test worker] DEBUG o.s.w.r.r.m.a.ControllerMethodResolver - ControllerAdvice beans: none
22:42:56.934 [Test worker] DEBUG o.s.w.s.a.HttpWebHandlerAdapter - enableLoggingRequestDetails='false': form data and headers will be masked to prevent unsafe logging of potentially sensitive data
22:42:56.934 [Test worker] WARN  o.e.j.s.h.ContextHandler - Empty contextPath
22:42:56.934 [Test worker] INFO  o.e.j.s.h.ContextHandler - Started o.e.j.s.ServletContextHandler@2bd846c0{/,null,AVAILABLE}
22:42:56.934 [Test worker] DEBUG o.s.h.s.r.b.JettyHttpServer - Starting JettyHttpServer...
22:42:56.934 [Test worker] INFO  o.e.j.s.Server - jetty-9.4.18.v20190429; built: 2019-04-29T20:42:08.989Z; git: e1bc35120a6617ee3df052294e433f3a25ce7097; jvm 1.8.0_211-b12
22:42:56.935 [Test worker] INFO  o.e.j.s.AbstractConnector - Started ServerConnector@41c3050d{HTTP/1.1,[http/1.1]}{0.0.0.0:54183}
22:42:56.935 [Test worker] INFO  o.e.j.s.Server - Started @49362ms
22:42:56.935 [Test worker] DEBUG o.s.h.s.r.b.JettyHttpServer - Server started on port 54183(0 millis).
22:42:56.936 [Test worker] DEBUG o.s.w.r.f.c.ExchangeFunctions - [44dc7f66] HTTP POST http://localhost:54183/requestPart
22:42:56.937 [reactor-http-nio-2] DEBUG o.s.h.c.m.MultipartHttpMessageWriter - [44dc7f66] Encoding parts [fieldPart, fileParts, jsonPart] (content masked)
22:42:56.947 [qtp1051916843-2627] DEBUG o.s.w.s.a.HttpWebHandlerAdapter - [5025576c] HTTP POST "/requestPart"
22:42:56.947 [qtp1051916843-2627] DEBUG o.s.w.r.r.m.a.RequestMappingHandlerMapping - [5025576c] Mapped to org.springframework.web.reactive.result.method.annotation.MultipartIntegrationTests$MultipartController#requestPart(FormFieldPart, FilePart, Mono)
22:42:56.952 [qtp1051916843-2627] DEBUG o.s.w.r.r.m.a.RequestPartMethodArgumentResolver - [5025576c] Decoding part 'jsonPart'
22:42:56.953 [qtp1051916843-2627] DEBUG o.s.w.r.r.m.a.RequestPartMethodArgumentResolver - [5025576c] Content-Type:application/json
22:42:56.958 [qtp1051916843-2627] DEBUG o.s.w.r.r.m.a.RequestPartMethodArgumentResolver - [5025576c] 0..1 [org.springframework.web.reactive.result.method.annotation.MultipartIntegrationTests$Person]
22:42:56.962 [qtp1051916843-2627] DEBUG o.s.h.c.j.Jackson2JsonDecoder - [5025576c] Decoded [org.springframework.web.reactive.result.method.annotation.MultipartIntegrationTests$Person@32029046]
22:42:56.962 [qtp1051916843-2627] DEBUG o.s.w.s.a.HttpWebHandlerAdapter - [5025576c] Completed 200 OK
22:42:56.963 [reactor-http-nio-2] DEBUG o.s.w.r.f.c.ExchangeFunctions - [44dc7f66] Response 200 OK
22:42:56.963 [Test worker] DEBUG o.s.h.s.r.b.JettyHttpServer - Stopping JettyHttpServer...
22:42:56.963 [Test worker] INFO  o.e.j.s.h.ContextHandler - Stopped o.e.j.s.ServletContextHandler@2bd846c0{/,null,UNAVAILABLE}
22:42:56.965 [Test worker] INFO  o.e.j.s.AbstractConnector - Stopped ServerConnector@41c3050d{HTTP/1.1,[http/1.1]}{0.0.0.0:0}
22:42:56.965 [Test worker] DEBUG o.s.h.s.r.b.JettyHttpServer - Server stopped (0 millis).
22:42:56.972 [Test worker] DEBUG o.s.w.r.r.m.a.RequestMappingHandlerMapping - 7 mappings in 'requestMappingHandlerMapping'
22:42:56.995 [Test worker] DEBUG o.s.w.r.r.m.a.ControllerMethodResolver - ControllerAdvice beans: none
22:42:57.017 [Test worker] DEBUG o.s.w.s.a.HttpWebHandlerAdapter - enableLoggingRequestDetails='false': form data and headers will be masked to prevent unsafe logging of potentially sensitive data
22:42:57.017 [Test worker] WARN  o.e.j.s.h.ContextHandler - Empty contextPath
22:42:57.017 [Test worker] INFO  o.e.j.s.h.ContextHandler - Started o.e.j.s.ServletContextHandler@66a76f42{/,null,AVAILABLE}
22:42:57.017 [Test worker] DEBUG o.s.h.s.r.b.JettyHttpServer - Starting JettyHttpServer...
22:42:57.017 [Test worker] INFO  o.e.j.s.Server - jetty-9.4.18.v20190429; built: 2019-04-29T20:42:08.989Z; git: e1bc35120a6617ee3df052294e433f3a25ce7097; jvm 1.8.0_211-b12
22:42:57.019 [Test worker] INFO  o.e.j.s.AbstractConnector - Started ServerConnector@27deac4f{HTTP/1.1,[http/1.1]}{0.0.0.0:54185}
22:42:57.019 [Test worker] INFO  o.e.j.s.Server - Started @49445ms
22:42:57.019 [Test worker] DEBUG o.s.h.s.r.b.JettyHttpServer - Server started on port 54185(0 millis).
22:42:57.020 [Test worker] DEBUG o.s.w.r.f.c.ExchangeFunctions - [3bf50774] HTTP POST http://localhost:54185/filePartFlux
22:42:57.020 [reactor-http-nio-6] DEBUG o.s.h.c.m.MultipartHttpMessageWriter - [3bf50774] Encoding parts [fieldPart, fileParts, jsonPart] (content masked)
22:42:57.030 [qtp294494070-2641] DEBUG o.s.w.s.a.HttpWebHandlerAdapter - [6958f2f6] HTTP POST "/filePartFlux"
22:42:57.030 [qtp294494070-2641] DEBUG o.s.w.r.r.m.a.RequestMappingHandlerMapping - [6958f2f6] Mapped to org.springframework.web.reactive.result.method.annotation.MultipartIntegrationTests$MultipartController#filePartsFlux(Flux)
22:42:57.031 [qtp294494070-2641] DEBUG o.s.w.r.r.m.a.ResponseBodyResultHandler - Using 'text/plain;charset=UTF-8' given [*/*] and supported [text/plain;charset=UTF-8, text/event-stream, text/plain;charset=UTF-8, */*]
22:42:57.031 [qtp294494070-2641] DEBUG o.s.w.r.r.m.a.ResponseBodyResultHandler - [6958f2f6] 0..1 [java.lang.String]
22:42:57.033 [qtp294494070-2641] DEBUG o.s.c.c.CharSequenceEncoder - [6958f2f6] Writing "[fileParts:foo.txt,fileParts:logo.png]"
22:42:57.033 [qtp294494070-2641] DEBUG o.s.w.s.a.HttpWebHandlerAdapter - [6958f2f6] Completed 200 OK
22:42:57.034 [reactor-http-nio-6] DEBUG o.s.w.r.f.c.ExchangeFunctions - [3bf50774] Response 200 OK
22:42:57.034 [reactor-http-nio-6] DEBUG o.s.c.c.StringDecoder - [3bf50774] Decoded "[fileParts:foo.txt,fileParts:logo.png]"
22:42:57.034 [Test worker] DEBUG o.s.h.s.r.b.JettyHttpServer - Stopping JettyHttpServer...
22:42:57.034 [Test worker] INFO  o.e.j.s.h.ContextHandler - Stopped o.e.j.s.ServletContextHandler@66a76f42{/,null,UNAVAILABLE}
22:42:57.035 [Test worker] INFO  o.e.j.s.AbstractConnector - Stopped ServerConnector@27deac4f{HTTP/1.1,[http/1.1]}{0.0.0.0:0}
22:42:57.035 [Test worker] DEBUG o.s.h.s.r.b.JettyHttpServer - Server stopped (0 millis).
22:42:57.041 [Test worker] DEBUG o.s.w.r.r.m.a.RequestMappingHandlerMapping - 7 mappings in 'requestMappingHandlerMapping'
22:42:57.059 [Test worker] DEBUG o.s.w.r.r.m.a.ControllerMethodResolver - ControllerAdvice beans: none
22:42:57.084 [Test worker] DEBUG o.s.w.s.a.HttpWebHandlerAdapter - enableLoggingRequestDetails='false': form data and headers will be masked to prevent unsafe logging of potentially sensitive data
22:42:57.084 [Test worker] WARN  o.e.j.s.h.ContextHandler - Empty contextPath
22:42:57.084 [Test worker] INFO  o.e.j.s.h.ContextHandler - Started o.e.j.s.ServletContextHandler@39e1e1ff{/,null,AVAILABLE}
22:42:57.084 [Test worker] DEBUG o.s.h.s.r.b.JettyHttpServer - Starting JettyHttpServer...
22:42:57.084 [Test worker] INFO  o.e.j.s.Server - jetty-9.4.18.v20190429; built: 2019-04-29T20:42:08.989Z; git: e1bc35120a6617ee3df052294e433f3a25ce7097; jvm 1.8.0_211-b12
22:42:57.086 [Test worker] INFO  o.e.j.s.AbstractConnector - Started ServerConnector@1d03c159{HTTP/1.1,[http/1.1]}{0.0.0.0:54187}
22:42:57.086 [Test worker] INFO  o.e.j.s.Server - Started @49512ms
22:42:57.086 [Test worker] DEBUG o.s.h.s.r.b.JettyHttpServer - Server started on port 54187(0 millis).
22:42:57.086 [Test worker] DEBUG o.s.w.r.f.c.ExchangeFunctions - [437bd78a] HTTP POST http://localhost:54187/filePartMono
22:42:57.087 [reactor-http-nio-10] DEBUG o.s.h.c.m.MultipartHttpMessageWriter - [437bd78a] Encoding parts [fieldPart, fileParts, jsonPart] (content masked)
22:42:57.097 [qtp417990157-2655] DEBUG o.s.w.s.a.HttpWebHandlerAdapter - [4aeefdcc] HTTP POST "/filePartMono"
22:42:57.097 [qtp417990157-2655] DEBUG o.s.w.r.r.m.a.RequestMappingHandlerMapping - [4aeefdcc] Mapped to org.springframework.web.reactive.result.method.annotation.MultipartIntegrationTests$MultipartController#filePartsFlux(Mono)
22:42:57.097 [qtp417990157-2655] DEBUG o.s.w.r.r.m.a.ResponseBodyResultHandler - Using 'text/plain;charset=UTF-8' given [*/*] and supported [text/plain;charset=UTF-8, text/event-stream, text/plain;charset=UTF-8, */*]
22:42:57.097 [qtp417990157-2655] DEBUG o.s.w.r.r.m.a.ResponseBodyResultHandler - [4aeefdcc] 0..1 [java.lang.String]
22:42:57.099 [qtp417990157-2655] DEBUG o.s.c.c.CharSequenceEncoder - [4aeefdcc] Writing "[fileParts:foo.txt]"
22:42:57.100 [qtp417990157-2655] DEBUG o.s.w.s.a.HttpWebHandlerAdapter - [4aeefdcc] Completed 200 OK
22:42:57.100 [reactor-http-nio-10] DEBUG o.s.w.r.f.c.ExchangeFunctions - [437bd78a] Response 200 OK
22:42:57.100 [reactor-http-nio-10] DEBUG o.s.c.c.StringDecoder - [437bd78a] Decoded "[fileParts:foo.txt]"
22:42:57.100 [Test worker] DEBUG o.s.h.s.r.b.JettyHttpServer - Stopping JettyHttpServer...
22:42:57.100 [Test worker] INFO  o.e.j.s.h.ContextHandler - Stopped o.e.j.s.ServletContextHandler@39e1e1ff{/,null,UNAVAILABLE}
22:42:57.101 [Test worker] INFO  o.e.j.s.AbstractConnector - Stopped ServerConnector@1d03c159{HTTP/1.1,[http/1.1]}{0.0.0.0:0}
22:42:57.101 [Test worker] DEBUG o.s.h.s.r.b.JettyHttpServer - Server stopped (0 millis).
22:42:57.107 [Test worker] DEBUG o.s.w.r.r.m.a.RequestMappingHandlerMapping - 7 mappings in 'requestMappingHandlerMapping'
22:42:57.126 [Test worker] DEBUG o.s.w.r.r.m.a.ControllerMethodResolver - ControllerAdvice beans: none
22:42:57.150 [Test worker] DEBUG o.s.w.s.a.HttpWebHandlerAdapter - enableLoggingRequestDetails='false': form data and headers will be masked to prevent unsafe logging of potentially sensitive data
22:42:57.150 [Test worker] DEBUG o.s.h.s.r.b.ReactorHttpServer - Starting ReactorHttpServer...
22:42:57.150 [Test worker] DEBUG o.s.h.s.r.b.ReactorHttpServer - Server started on port 54189(0 millis).
22:42:57.151 [Test worker] DEBUG o.s.w.r.f.c.ExchangeFunctions - [19737e4f] HTTP POST http://localhost:54189/requestBodyMap
22:42:57.152 [reactor-http-nio-15] DEBUG o.s.h.c.m.MultipartHttpMessageWriter - [19737e4f] Encoding parts [fieldPart, fileParts, jsonPart] (content masked)
22:42:57.159 [reactor-http-nio-16] DEBUG o.s.w.s.a.HttpWebHandlerAdapter - [5aeb2607] HTTP POST "/requestBodyMap"
22:42:57.159 [reactor-http-nio-16] DEBUG o.s.w.r.r.m.a.RequestMappingHandlerMapping - [5aeb2607] Mapped to org.springframework.web.reactive.result.method.annotation.MultipartIntegrationTests$MultipartController#requestBodyMap(Mono)
22:42:57.160 [reactor-http-nio-16] DEBUG o.s.w.r.r.m.a.RequestBodyMethodArgumentResolver - [5aeb2607] Content-Type:multipart/form-data;boundary=cPVVhmVE1MHDQw9RRDcmGupfEKka9FnwMj2x;charset=UTF-8
22:42:57.160 [reactor-http-nio-16] DEBUG o.s.w.r.r.m.a.RequestBodyMethodArgumentResolver - [5aeb2607] 0..1 [org.springframework.util.MultiValueMap<java.lang.String, org.springframework.http.codec.multipart.Part>]
22:42:57.160 [reactor-http-nio-16] DEBUG o.s.w.r.r.m.a.ResponseBodyResultHandler - Using 'text/plain;charset=UTF-8' given [*/*] and supported [text/plain;charset=UTF-8, text/event-stream, text/plain;charset=UTF-8, */*]
22:42:57.160 [reactor-http-nio-16] DEBUG o.s.w.r.r.m.a.ResponseBodyResultHandler - [5aeb2607] 0..1 [java.lang.String]
22:42:57.586 [reactor-http-nio-16] DEBUG o.s.h.c.m.MultipartHttpMessageReader - [5aeb2607] Parsed parts [fieldPart, fileParts, jsonPart] (content masked)
22:42:57.587 [reactor-http-nio-16] DEBUG o.s.c.c.CharSequenceEncoder - [5aeb2607] Writing "Map[[fieldPart],[fileParts:foo.txt,fileParts:logo.png],[jsonPart]]"
22:42:57.587 [reactor-http-nio-15] DEBUG o.s.w.r.f.c.ExchangeFunctions - [19737e4f] Response 200 OK
22:42:57.588 [reactor-http-nio-15] DEBUG o.s.c.c.StringDecoder - [19737e4f] Decoded "Map[[fieldPart],[fileParts:foo.txt,fileParts:logo.png],[jsonPart]]"
22:42:57.588 [Test worker] DEBUG o.s.h.s.r.b.ReactorHttpServer - Stopping ReactorHttpServer...
22:42:57.588 [Test worker] DEBUG o.s.h.s.r.b.ReactorHttpServer - Server stopped (0 millis).
22:42:57.594 [Test worker] DEBUG o.s.w.r.r.m.a.RequestMappingHandlerMapping - 7 mappings in 'requestMappingHandlerMapping'
22:42:57.609 [Test worker] DEBUG o.s.w.r.r.m.a.ControllerMethodResolver - ControllerAdvice beans: none
22:42:57.628 [Test worker] DEBUG o.s.w.s.a.HttpWebHandlerAdapter - enableLoggingRequestDetails='false': form data and headers will be masked to prevent unsafe logging of potentially sensitive data
22:42:57.628 [Test worker] DEBUG o.s.h.s.r.b.ReactorHttpServer - Starting ReactorHttpServer...
22:42:57.629 [Test worker] DEBUG o.s.h.s.r.b.ReactorHttpServer - Server started on port 54191(0 millis).
22:42:57.629 [Test worker] DEBUG o.s.w.r.f.c.ExchangeFunctions - [a017b47] HTTP POST http://localhost:54191/transferTo
22:42:57.631 [reactor-http-nio-5] DEBUG o.s.h.c.m.MultipartHttpMessageWriter - [a017b47] Encoding parts [fieldPart, fileParts, jsonPart] (content masked)
22:42:57.639 [reactor-http-nio-6] DEBUG o.s.w.s.a.HttpWebHandlerAdapter - [b160a0f3] HTTP POST "/transferTo"
22:42:57.639 [reactor-http-nio-6] DEBUG o.s.w.r.r.m.a.RequestMappingHandlerMapping - [b160a0f3] Mapped to org.springframework.web.reactive.result.method.annotation.MultipartIntegrationTests$MultipartController#transferTo(Flux)
22:42:57.640 [reactor-http-nio-6] DEBUG o.s.w.r.r.m.a.ResponseBodyResultHandler - Using 'text/plain;charset=UTF-8' given [*/*] and supported [text/plain;charset=UTF-8, text/event-stream, text/plain;charset=UTF-8, */*]
22:42:57.640 [reactor-http-nio-6] DEBUG o.s.w.r.r.m.a.ResponseBodyResultHandler - [b160a0f3] 0..N [java.lang.String]
22:42:57.807 [reactor-http-nio-6] ERROR i.n.u.ResourceLeakDetector - LEAK: ByteBuf.release() was not called before it's garbage-collected. See http://netty.io/wiki/reference-counted-objects.html for more information.
Recent access records: 
#1:
	io.netty.buffer.AdvancedLeakAwareByteBuf.order(AdvancedLeakAwareByteBuf.java:70)
	io.netty.buffer.CompositeByteBuf.newComponent(CompositeByteBuf.java:318)
	io.netty.buffer.CompositeByteBuf.addComponent0(CompositeByteBuf.java:280)
	io.netty.buffer.CompositeByteBuf.addComponent(CompositeByteBuf.java:265)
	io.netty.buffer.CompositeByteBuf.addComponent(CompositeByteBuf.java:222)
	io.netty.buffer.WrappedCompositeByteBuf.addComponent(WrappedCompositeByteBuf.java:529)
	io.netty.buffer.AdvancedLeakAwareCompositeByteBuf.addComponent(AdvancedLeakAwareCompositeByteBuf.java:921)
	org.springframework.core.io.buffer.NettyDataBufferFactory.join(NettyDataBufferFactory.java:111)
	org.springframework.core.io.buffer.DataBufferUtils.joinAndStrip(DataBufferUtils.java:686)
	org.springframework.core.io.buffer.DataBufferUtils.lambda$split$20(DataBufferUtils.java:605)
	reactor.core.publisher.FluxMap$MapConditionalSubscriber.onNext(FluxMap.java:199)
	reactor.core.publisher.FluxBufferPredicate$BufferPredicateSubscriber.emit(FluxBufferPredicate.java:290)
	reactor.core.publisher.FluxBufferPredicate$BufferPredicateSubscriber.onNextNewBuffer(FluxBufferPredicate.java:257)
	reactor.core.publisher.FluxBufferPredicate$BufferPredicateSubscriber.tryOnNext(FluxBufferPredicate.java:211)
	reactor.core.publisher.FluxBufferPredicate$BufferPredicateSubscriber.onNext(FluxBufferPredicate.java:184)
	reactor.core.publisher.FluxFlatMap$FlatMapMain.drainLoop(FluxFlatMap.java:664)
	reactor.core.publisher.FluxFlatMap$FlatMapMain.drain(FluxFlatMap.java:540)
	reactor.core.publisher.FluxFlatMap$FlatMapInner.onSubscribe(FluxFlatMap.java:924)
	reactor.core.publisher.FluxIterable.subscribe(FluxIterable.java:139)
	reactor.core.publisher.FluxIterable.subscribe(FluxIterable.java:63)
	reactor.core.publisher.Flux.subscribe(Flux.java:7922)
	reactor.core.publisher.FluxFlatMap$FlatMapMain.onNext(FluxFlatMap.java:389)
	reactor.core.publisher.FluxConcatMap$ConcatMapImmediate.innerNext(FluxConcatMap.java:275)
	reactor.core.publisher.FluxConcatMap$ConcatMapInner.onNext(FluxConcatMap.java:849)
	reactor.core.publisher.FluxConcatMap$WeakScalarSubscription.request(FluxConcatMap.java:470)
	reactor.core.publisher.Operators$MultiSubscriptionSubscriber.set(Operators.java:1939)
	reactor.core.publisher.FluxConcatMap$ConcatMapImmediate.drain(FluxConcatMap.java:436)
	reactor.core.publisher.FluxConcatMap$ConcatMapImmediate.onNext(FluxConcatMap.java:244)
	reactor.core.publisher.FluxMap$MapSubscriber.onNext(FluxMap.java:114)
	reactor.core.publisher.FluxPeek$PeekSubscriber.onNext(FluxPeek.java:192)
	reactor.core.publisher.FluxMap$MapSubscriber.onNext(FluxMap.java:114)
	reactor.netty.channel.FluxReceive.drainReceiver(FluxReceive.java:206)
	reactor.netty.channel.FluxReceive.onInboundNext(FluxReceive.java:322)
	reactor.netty.channel.ChannelOperations.onInboundNext(ChannelOperations.java:335)
	reactor.netty.http.server.HttpServerOperations.onInboundNext(HttpServerOperations.java:456)
	reactor.netty.channel.ChannelOperationsHandler.channelRead(ChannelOperationsHandler.java:91)
	io.netty.channel.AbstractChannelHandlerContext.invokeChannelRead(AbstractChannelHandlerContext.java:374)
	io.netty.channel.AbstractChannelHandlerContext.invokeChannelRead(AbstractChannelHandlerContext.java:360)
	io.netty.channel.AbstractChannelHandlerContext.fireChannelRead(AbstractChannelHandlerContext.java:352)
	reactor.netty.http.server.HttpTrafficHandler.channelRead(HttpTrafficHandler.java:190)
	io.netty.channel.AbstractChannelHandlerContext.invokeChannelRead(AbstractChannelHandlerContext.java:374)
	io.netty.channel.AbstractChannelHandlerContext.invokeChannelRead(AbstractChannelHandlerContext.java:360)
	io.netty.channel.AbstractChannelHandlerContext.fireChannelRead(AbstractChannelHandlerContext.java:352)
	io.netty.channel.CombinedChannelDuplexHandler$DelegatingChannelHandlerContext.fireChannelRead(CombinedChannelDuplexHandler.java:438)
	io.netty.handler.codec.ByteToMessageDecoder.fireChannelRead(ByteToMessageDecoder.java:323)
	io.netty.handler.codec.ByteToMessageDecoder.fireChannelRead(ByteToMessageDecoder.java:310)
	io.netty.handler.codec.ByteToMessageDecoder.callDecode(ByteToMessageDecoder.java:426)
	io.netty.handler.codec.ByteToMessageDecoder.channelRead(ByteToMessageDecoder.java:278)
	io.netty.channel.CombinedChannelDuplexHandler.channelRead(CombinedChannelDuplexHandler.java:253)
	io.netty.channel.AbstractChannelHandlerContext.invokeChannelRead(AbstractChannelHandlerContext.java:374)
	io.netty.channel.AbstractChannelHandlerContext.invokeChannelRead(AbstractChannelHandlerContext.java:360)
	io.netty.channel.AbstractChannelHandlerContext.fireChannelRead(AbstractChannelHandlerContext.java:352)
	io.netty.channel.DefaultChannelPipeline$HeadContext.channelRead(DefaultChannelPipeline.java:1408)
	io.netty.channel.AbstractChannelHandlerContext.invokeChannelRead(AbstractChannelHandlerContext.java:374)
	io.netty.channel.AbstractChannelHandlerContext.invokeChannelRead(AbstractChannelHandlerContext.java:360)
	io.netty.channel.DefaultChannelPipeline.fireChannelRead(DefaultChannelPipeline.java:930)
	io.netty.channel.nio.AbstractNioByteChannel$NioByteUnsafe.read(AbstractNioByteChannel.java:163)
	io.netty.channel.nio.NioEventLoop.processSelectedKey(NioEventLoop.java:682)
	io.netty.channel.nio.NioEventLoop.processSelectedKeysOptimized(NioEventLoop.java:617)
	io.netty.channel.nio.NioEventLoop.processSelectedKeys(NioEventLoop.java:534)
	io.netty.channel.nio.NioEventLoop.run(NioEventLoop.java:496)
	io.netty.util.concurrent.SingleThreadEventExecutor$5.run(SingleThreadEventExecutor.java:906)
	io.netty.util.internal.ThreadExecutorMap$2.run(ThreadExecutorMap.java:74)
	io.netty.util.concurrent.FastThreadLocalRunnable.run(FastThreadLocalRunnable.java:30)
	java.lang.Thread.run(Thread.java:748)
#2:
	io.netty.buffer.AdvancedLeakAwareByteBuf.getByte(AdvancedLeakAwareByteBuf.java:154)
	org.springframework.core.io.buffer.NettyDataBuffer.getByte(NettyDataBuffer.java:132)
	org.springframework.core.io.buffer.DataBufferUtils$KnuthMorrisPrattMatcher.match(DataBufferUtils.java:1005)
	org.springframework.core.io.buffer.DataBufferUtils.endFrameAfterDelimiter(DataBufferUtils.java:634)
	org.springframework.core.io.buffer.DataBufferUtils.lambda$split$18(DataBufferUtils.java:603)
	reactor.core.publisher.FluxFlatMap$FlatMapMain.onNext(FluxFlatMap.java:350)
	reactor.core.publisher.FluxConcatMap$ConcatMapImmediate.innerNext(FluxConcatMap.java:275)
	reactor.core.publisher.FluxConcatMap$ConcatMapInner.onNext(FluxConcatMap.java:849)
	reactor.core.publisher.FluxConcatMap$WeakScalarSubscription.request(FluxConcatMap.java:470)
	reactor.core.publisher.Operators$MultiSubscriptionSubscriber.set(Operators.java:1939)
	reactor.core.publisher.FluxConcatMap$ConcatMapImmediate.drain(FluxConcatMap.java:436)
	reactor.core.publisher.FluxConcatMap$ConcatMapImmediate.onNext(FluxConcatMap.java:244)
	reactor.core.publisher.FluxMap$MapSubscriber.onNext(FluxMap.java:114)
	reactor.core.publisher.FluxPeek$PeekSubscriber.onNext(FluxPeek.java:192)
	reactor.core.publisher.FluxMap$MapSubscriber.onNext(FluxMap.java:114)
	reactor.netty.channel.FluxReceive.drainReceiver(FluxReceive.java:206)
	reactor.netty.channel.FluxReceive.onInboundNext(FluxReceive.java:322)
	reactor.netty.channel.ChannelOperations.onInboundNext(ChannelOperations.java:335)
	reactor.netty.http.server.HttpServerOperations.onInboundNext(HttpServerOperations.java:456)
	reactor.netty.channel.ChannelOperationsHandler.channelRead(ChannelOperationsHandler.java:91)
	io.netty.channel.AbstractChannelHandlerContext.invokeChannelRead(AbstractChannelHandlerContext.java:374)
	io.netty.channel.AbstractChannelHandlerContext.invokeChannelRead(AbstractChannelHandlerContext.java:360)
	io.netty.channel.AbstractChannelHandlerContext.fireChannelRead(AbstractChannelHandlerContext.java:352)
	reactor.netty.http.server.HttpTrafficHandler.channelRead(HttpTrafficHandler.java:190)
	io.netty.channel.AbstractChannelHandlerContext.invokeChannelRead(AbstractChannelHandlerContext.java:374)
	io.netty.channel.AbstractChannelHandlerContext.invokeChannelRead(AbstractChannelHandlerContext.java:360)
	io.netty.channel.AbstractChannelHandlerContext.fireChannelRead(AbstractChannelHandlerContext.java:352)
	io.netty.channel.CombinedChannelDuplexHandler$DelegatingChannelHandlerContext.fireChannelRead(CombinedChannelDuplexHandler.java:438)
	io.netty.handler.codec.ByteToMessageDecoder.fireChannelRead(ByteToMessageDecoder.java:323)
	io.netty.handler.codec.ByteToMessageDecoder.fireChannelRead(ByteToMessageDecoder.java:310)
	io.netty.handler.codec.ByteToMessageDecoder.callDecode(ByteToMessageDecoder.java:426)
	io.netty.handler.codec.ByteToMessageDecoder.channelRead(ByteToMessageDecoder.java:278)
	io.netty.channel.CombinedChannelDuplexHandler.channelRead(CombinedChannelDuplexHandler.java:253)
	io.netty.channel.AbstractChannelHandlerContext.invokeChannelRead(AbstractChannelHandlerContext.java:374)
	io.netty.channel.AbstractChannelHandlerContext.invokeChannelRead(AbstractChannelHandlerContext.java:360)
	io.netty.channel.AbstractChannelHandlerContext.fireChannelRead(AbstractChannelHandlerContext.java:352)
	io.netty.channel.DefaultChannelPipeline$HeadContext.channelRead(DefaultChannelPipeline.java:1408)
	io.netty.channel.AbstractChannelHandlerContext.invokeChannelRead(AbstractChannelHandlerContext.java:374)
	io.netty.channel.AbstractChannelHandlerContext.invokeChannelRead(AbstractChannelHandlerContext.java:360)
	io.netty.channel.DefaultChannelPipeline.fireChannelRead(DefaultChannelPipeline.java:930)
	io.netty.channel.nio.AbstractNioByteChannel$NioByteUnsafe.read(AbstractNioByteChannel.java:163)
	io.netty.channel.nio.NioEventLoop.processSelectedKey(NioEventLoop.java:682)
	io.netty.channel.nio.NioEventLoop.processSelectedKeysOptimized(NioEventLoop.java:617)
	io.netty.channel.nio.NioEventLoop.processSelectedKeys(NioEventLoop.java:534)
	io.netty.channel.nio.NioEventLoop.run(NioEventLoop.java:496)
	io.netty.util.concurrent.SingleThreadEventExecutor$5.run(SingleThreadEventExecutor.java:906)
	io.netty.util.internal.ThreadExecutorMap$2.run(ThreadExecutorMap.java:74)
	io.netty.util.concurrent.FastThreadLocalRunnable.run(FastThreadLocalRunnable.java:30)
	java.lang.Thread.run(Thread.java:748)
#3:
	reactor.core.publisher.FluxPeek$PeekSubscriber.onNext(FluxPeek.java:177)
	reactor.core.publisher.FluxMap$MapSubscriber.onNext(FluxMap.java:114)
	reactor.netty.channel.FluxReceive.drainReceiver(FluxReceive.java:206)
	reactor.netty.channel.FluxReceive.onInboundNext(FluxReceive.java:322)
	reactor.netty.channel.ChannelOperations.onInboundNext(ChannelOperations.java:335)
	reactor.netty.http.server.HttpServerOperations.onInboundNext(HttpServerOperations.java:456)
	reactor.netty.channel.ChannelOperationsHandler.channelRead(ChannelOperationsHandler.java:91)
	io.netty.channel.AbstractChannelHandlerContext.invokeChannelRead(AbstractChannelHandlerContext.java:374)
	io.netty.channel.AbstractChannelHandlerContext.invokeChannelRead(AbstractChannelHandlerContext.java:360)
	io.netty.channel.AbstractChannelHandlerContext.fireChannelRead(AbstractChannelHandlerContext.java:352)
	reactor.netty.http.server.HttpTrafficHandler.channelRead(HttpTrafficHandler.java:190)
	io.netty.channel.AbstractChannelHandlerContext.invokeChannelRead(AbstractChannelHandlerContext.java:374)
	io.netty.channel.AbstractChannelHandlerContext.invokeChannelRead(AbstractChannelHandlerContext.java:360)
	io.netty.channel.AbstractChannelHandlerContext.fireChannelRead(AbstractChannelHandlerContext.java:352)
	io.netty.channel.CombinedChannelDuplexHandler$DelegatingChannelHandlerContext.fireChannelRead(CombinedChannelDuplexHandler.java:438)
	io.netty.handler.codec.ByteToMessageDecoder.fireChannelRead(ByteToMessageDecoder.java:323)
	io.netty.handler.codec.ByteToMessageDecoder.fireChannelRead(ByteToMessageDecoder.java:310)
	io.netty.handler.codec.ByteToMessageDecoder.callDecode(ByteToMessageDecoder.java:426)
	io.netty.handler.codec.ByteToMessageDecoder.channelRead(ByteToMessageDecoder.java:278)
	io.netty.channel.CombinedChannelDuplexHandler.channelRead(CombinedChannelDuplexHandler.java:253)
	io.netty.channel.AbstractChannelHandlerContext.invokeChannelRead(AbstractChannelHandlerContext.java:374)
	io.netty.channel.AbstractChannelHandlerContext.invokeChannelRead(AbstractChannelHandlerContext.java:360)
	io.netty.channel.AbstractChannelHandlerContext.fireChannelRead(AbstractChannelHandlerContext.java:352)
	io.netty.channel.DefaultChannelPipeline$HeadContext.channelRead(DefaultChannelPipeline.java:1408)
	io.netty.channel.AbstractChannelHandlerContext.invokeChannelRead(AbstractChannelHandlerContext.java:374)
	io.netty.channel.AbstractChannelHandlerContext.invokeChannelRead(AbstractChannelHandlerContext.java:360)
	io.netty.channel.DefaultChannelPipeline.fireChannelRead(DefaultChannelPipeline.java:930)
	io.netty.channel.nio.AbstractNioByteChannel$NioByteUnsafe.read(AbstractNioByteChannel.java:163)
	io.netty.channel.nio.NioEventLoop.processSelectedKey(NioEventLoop.java:682)
	io.netty.channel.nio.NioEventLoop.processSelectedKeysOptimized(NioEventLoop.java:617)
	io.netty.channel.nio.NioEventLoop.processSelectedKeys(NioEventLoop.java:534)
	io.netty.channel.nio.NioEventLoop.run(NioEventLoop.java:496)
	io.netty.util.concurrent.SingleThreadEventExecutor$5.run(SingleThreadEventExecutor.java:906)
	io.netty.util.internal.ThreadExecutorMap$2.run(ThreadExecutorMap.java:74)
	io.netty.util.concurrent.FastThreadLocalRunnable.run(FastThreadLocalRunnable.java:30)
	java.lang.Thread.run(Thread.java:748)
#4:
	Hint: 'reactor.right.reactiveBridge' will handle the message from this point.
	io.netty.handler.codec.http.DefaultHttpContent.touch(DefaultHttpContent.java:88)
	io.netty.handler.codec.http.DefaultHttpContent.touch(DefaultHttpContent.java:24)
	io.netty.channel.DefaultChannelPipeline.touch(DefaultChannelPipeline.java:116)
	io.netty.channel.AbstractChannelHandlerContext.invokeChannelRead(AbstractChannelHandlerContext.java:357)
	io.netty.channel.AbstractChannelHandlerContext.fireChannelRead(AbstractChannelHandlerContext.java:352)
	reactor.netty.http.server.HttpTrafficHandler.channelRead(HttpTrafficHandler.java:190)
	io.netty.channel.AbstractChannelHandlerContext.invokeChannelRead(AbstractChannelHandlerContext.java:374)
	io.netty.channel.AbstractChannelHandlerContext.invokeChannelRead(AbstractChannelHandlerContext.java:360)
	io.netty.channel.AbstractChannelHandlerContext.fireChannelRead(AbstractChannelHandlerContext.java:352)
	io.netty.channel.CombinedChannelDuplexHandler$DelegatingChannelHandlerContext.fireChannelRead(CombinedChannelDuplexHandler.java:438)
	io.netty.handler.codec.ByteToMessageDecoder.fireChannelRead(ByteToMessageDecoder.java:323)
	io.netty.handler.codec.ByteToMessageDecoder.fireChannelRead(ByteToMessageDecoder.java:310)
	io.netty.handler.codec.ByteToMessageDecoder.callDecode(ByteToMessageDecoder.java:426)
	io.netty.handler.codec.ByteToMessageDecoder.channelRead(ByteToMessageDecoder.java:278)
	io.netty.channel.CombinedChannelDuplexHandler.channelRead(CombinedChannelDuplexHandler.java:253)
	io.netty.channel.AbstractChannelHandlerContext.invokeChannelRead(AbstractChannelHandlerContext.java:374)
	io.netty.channel.AbstractChannelHandlerContext.invokeChannelRead(AbstractChannelHandlerContext.java:360)
	io.netty.channel.AbstractChannelHandlerContext.fireChannelRead(AbstractChannelHandlerContext.java:352)
	io.netty.channel.DefaultChannelPipeline$HeadContext.channelRead(DefaultChannelPipeline.java:1408)
	io.netty.channel.AbstractChannelHandlerContext.invokeChannelRead(AbstractChannelHandlerContext.java:374)
	io.netty.channel.AbstractChannelHandlerContext.invokeChannelRead(AbstractChannelHandlerContext.java:360)
	io.netty.channel.DefaultChannelPipeline.fireChannelRead(DefaultChannelPipeline.java:930)
	io.netty.channel.nio.AbstractNioByteChannel$NioByteUnsafe.read(AbstractNioByteChannel.java:163)
	io.netty.channel.nio.NioEventLoop.processSelectedKey(NioEventLoop.java:682)
	io.netty.channel.nio.NioEventLoop.processSelectedKeysOptimized(NioEventLoop.java:617)
	io.netty.channel.nio.NioEventLoop.processSelectedKeys(NioEventLoop.java:534)
	io.netty.channel.nio.NioEventLoop.run(NioEventLoop.java:496)
	io.netty.util.concurrent.SingleThreadEventExecutor$5.run(SingleThreadEventExecutor.java:906)
	io.netty.util.internal.ThreadExecutorMap$2.run(ThreadExecutorMap.java:74)
	io.netty.util.concurrent.FastThreadLocalRunnable.run(FastThreadLocalRunnable.java:30)
	java.lang.Thread.run(Thread.java:748)
#5:
	Hint: 'reactor.left.httpTrafficHandler' will handle the message from this point.
	io.netty.handler.codec.http.DefaultHttpContent.touch(DefaultHttpContent.java:88)
	io.netty.handler.codec.http.DefaultHttpContent.touch(DefaultHttpContent.java:24)
	io.netty.channel.DefaultChannelPipeline.touch(DefaultChannelPipeline.java:116)
	io.netty.channel.AbstractChannelHandlerContext.invokeChannelRead(AbstractChannelHandlerContext.java:357)
	io.netty.channel.AbstractChannelHandlerContext.fireChannelRead(AbstractChannelHandlerContext.java:352)
	io.netty.channel.CombinedChannelDuplexHandler$DelegatingChannelHandlerContext.fireChannelRead(CombinedChannelDuplexHandler.java:438)
	io.netty.handler.codec.ByteToMessageDecoder.fireChannelRead(ByteToMessageDecoder.java:323)
	io.netty.handler.codec.ByteToMessageDecoder.fireChannelRead(ByteToMessageDecoder.java:310)
	io.netty.handler.codec.ByteToMessageDecoder.callDecode(ByteToMessageDecoder.java:426)
	io.netty.handler.codec.ByteToMessageDecoder.channelRead(ByteToMessageDecoder.java:278)
	io.netty.channel.CombinedChannelDuplexHandler.channelRead(CombinedChannelDuplexHandler.java:253)
	io.netty.channel.AbstractChannelHandlerContext.invokeChannelRead(AbstractChannelHandlerContext.java:374)
	io.netty.channel.AbstractChannelHandlerContext.invokeChannelRead(AbstractChannelHandlerContext.java:360)
	io.netty.channel.AbstractChannelHandlerContext.fireChannelRead(AbstractChannelHandlerContext.java:352)
	io.netty.channel.DefaultChannelPipeline$HeadContext.channelRead(DefaultChannelPipeline.java:1408)
	io.netty.channel.AbstractChannelHandlerContext.invokeChannelRead(AbstractChannelHandlerContext.java:374)
	io.netty.channel.AbstractChannelHandlerContext.invokeChannelRead(AbstractChannelHandlerContext.java:360)
	io.netty.channel.DefaultChannelPipeline.fireChannelRead(DefaultChannelPipeline.java:930)
	io.netty.channel.nio.AbstractNioByteChannel$NioByteUnsafe.read(AbstractNioByteChannel.java:163)
	io.netty.channel.nio.NioEventLoop.processSelectedKey(NioEventLoop.java:682)
	io.netty.channel.nio.NioEventLoop.processSelectedKeysOptimized(NioEventLoop.java:617)
	io.netty.channel.nio.NioEventLoop.processSelectedKeys(NioEventLoop.java:534)
	io.netty.channel.nio.NioEventLoop.run(NioEventLoop.java:496)
	io.netty.util.concurrent.SingleThreadEventExecutor$5.run(SingleThreadEventExecutor.java:906)
	io.netty.util.internal.ThreadExecutorMap$2.run(ThreadExecutorMap.java:74)
	io.netty.util.concurrent.FastThreadLocalRunnable.run(FastThreadLocalRunnable.java:30)
	java.lang.Thread.run(Thread.java:748)
Created at:
	io.netty.buffer.SimpleLeakAwareByteBuf.unwrappedDerived(SimpleLeakAwareByteBuf.java:143)
	io.netty.buffer.SimpleLeakAwareByteBuf.readRetainedSlice(SimpleLeakAwareByteBuf.java:67)
	io.netty.buffer.AdvancedLeakAwareByteBuf.readRetainedSlice(AdvancedLeakAwareByteBuf.java:107)
	io.netty.handler.codec.http.HttpObjectDecoder.decode(HttpObjectDecoder.java:336)
	io.netty.handler.codec.http.HttpServerCodec$HttpServerRequestDecoder.decode(HttpServerCodec.java:103)
	io.netty.handler.codec.ByteToMessageDecoder.decodeRemovalReentryProtection(ByteToMessageDecoder.java:502)
	io.netty.handler.codec.ByteToMessageDecoder.callDecode(ByteToMessageDecoder.java:441)
	io.netty.handler.codec.ByteToMessageDecoder.channelRead(ByteToMessageDecoder.java:278)
	io.netty.channel.CombinedChannelDuplexHandler.channelRead(CombinedChannelDuplexHandler.java:253)
	io.netty.channel.AbstractChannelHandlerContext.invokeChannelRead(AbstractChannelHandlerContext.java:374)
	io.netty.channel.AbstractChannelHandlerContext.invokeChannelRead(AbstractChannelHandlerContext.java:360)
	io.netty.channel.AbstractChannelHandlerContext.fireChannelRead(AbstractChannelHandlerContext.java:352)
	io.netty.channel.DefaultChannelPipeline$HeadContext.channelRead(DefaultChannelPipeline.java:1408)
	io.netty.channel.AbstractChannelHandlerContext.invokeChannelRead(AbstractChannelHandlerContext.java:374)
	io.netty.channel.AbstractChannelHandlerContext.invokeChannelRead(AbstractChannelHandlerContext.java:360)
	io.netty.channel.DefaultChannelPipeline.fireChannelRead(DefaultChannelPipeline.java:930)
	io.netty.channel.nio.AbstractNioByteChannel$NioByteUnsafe.read(AbstractNioByteChannel.java:163)
	io.netty.channel.nio.NioEventLoop.processSelectedKey(NioEventLoop.java:682)
	io.netty.channel.nio.NioEventLoop.processSelectedKeysOptimized(NioEventLoop.java:617)
	io.netty.channel.nio.NioEventLoop.processSelectedKeys(NioEventLoop.java:534)
	io.netty.channel.nio.NioEventLoop.run(NioEventLoop.java:496)
	io.netty.util.concurrent.SingleThreadEventExecutor$5.run(SingleThreadEventExecutor.java:906)
	io.netty.util.internal.ThreadExecutorMap$2.run(ThreadExecutorMap.java:74)
	io.netty.util.concurrent.FastThreadLocalRunnable.run(FastThreadLocalRunnable.java:30)
	java.lang.Thread.run(Thread.java:748)
: 10 leak records were discarded because they were duplicates
: 4089 leak records were discarded because the leak record count is targeted to 4. Use system property io.netty.leakDetection.targetRecords to increase the limit.
22:42:57.810 [reactor-http-nio-6] ERROR i.n.u.ResourceLeakDetector - LEAK: ByteBuf.release() was not called before it's garbage-collected. See http://netty.io/wiki/reference-counted-objects.html for more information.
Recent access records: 
#1:
	io.netty.buffer.AdvancedLeakAwareByteBuf.order(AdvancedLeakAwareByteBuf.java:70)
	io.netty.buffer.CompositeByteBuf.newComponent(CompositeByteBuf.java:318)
	io.netty.buffer.CompositeByteBuf.addComponent0(CompositeByteBuf.java:280)
	io.netty.buffer.CompositeByteBuf.addComponent(CompositeByteBuf.java:265)
	io.netty.buffer.CompositeByteBuf.addComponent(CompositeByteBuf.java:222)
	io.netty.buffer.WrappedCompositeByteBuf.addComponent(WrappedCompositeByteBuf.java:529)
	io.netty.buffer.AdvancedLeakAwareCompositeByteBuf.addComponent(AdvancedLeakAwareCompositeByteBuf.java:921)
	org.springframework.core.io.buffer.NettyDataBufferFactory.join(NettyDataBufferFactory.java:111)
	org.springframework.core.io.buffer.DataBufferUtils.joinAndStrip(DataBufferUtils.java:686)
	org.springframework.core.io.buffer.DataBufferUtils.lambda$split$20(DataBufferUtils.java:605)
	reactor.core.publisher.FluxMap$MapConditionalSubscriber.onNext(FluxMap.java:199)
	reactor.core.publisher.FluxBufferPredicate$BufferPredicateSubscriber.emit(FluxBufferPredicate.java:290)
	reactor.core.publisher.FluxBufferPredicate$BufferPredicateSubscriber.onNextNewBuffer(FluxBufferPredicate.java:257)
	reactor.core.publisher.FluxBufferPredicate$BufferPredicateSubscriber.tryOnNext(FluxBufferPredicate.java:211)
	reactor.core.publisher.FluxBufferPredicate$BufferPredicateSubscriber.onNext(FluxBufferPredicate.java:184)
	reactor.core.publisher.FluxFlatMap$FlatMapMain.drainLoop(FluxFlatMap.java:664)
	reactor.core.publisher.FluxFlatMap$FlatMapMain.drain(FluxFlatMap.java:540)
	reactor.core.publisher.FluxFlatMap$FlatMapInner.onSubscribe(FluxFlatMap.java:924)
	reactor.core.publisher.FluxIterable.subscribe(FluxIterable.java:139)
	reactor.core.publisher.FluxIterable.subscribe(FluxIterable.java:63)
	reactor.core.publisher.Flux.subscribe(Flux.java:7922)
	reactor.core.publisher.FluxFlatMap$FlatMapMain.onNext(FluxFlatMap.java:389)
	reactor.core.publisher.FluxConcatMap$ConcatMapImmediate.innerNext(FluxConcatMap.java:275)
	reactor.core.publisher.FluxConcatMap$ConcatMapInner.onNext(FluxConcatMap.java:849)
	reactor.core.publisher.FluxConcatMap$WeakScalarSubscription.request(FluxConcatMap.java:470)
	reactor.core.publisher.Operators$MultiSubscriptionSubscriber.set(Operators.java:1939)
	reactor.core.publisher.FluxConcatMap$ConcatMapImmediate.drain(FluxConcatMap.java:436)
	reactor.core.publisher.FluxConcatMap$ConcatMapImmediate.onNext(FluxConcatMap.java:244)
	reactor.core.publisher.FluxMap$MapSubscriber.onNext(FluxMap.java:114)
	reactor.core.publisher.FluxPeek$PeekSubscriber.onNext(FluxPeek.java:192)
	reactor.core.publisher.FluxMap$MapSubscriber.onNext(FluxMap.java:114)
	reactor.netty.channel.FluxReceive.drainReceiver(FluxReceive.java:206)
	reactor.netty.channel.FluxReceive.onInboundNext(FluxReceive.java:322)
	reactor.netty.channel.ChannelOperations.onInboundNext(ChannelOperations.java:335)
	reactor.netty.http.server.HttpServerOperations.onInboundNext(HttpServerOperations.java:456)
	reactor.netty.channel.ChannelOperationsHandler.channelRead(ChannelOperationsHandler.java:91)
	io.netty.channel.AbstractChannelHandlerContext.invokeChannelRead(AbstractChannelHandlerContext.java:374)
	io.netty.channel.AbstractChannelHandlerContext.invokeChannelRead(AbstractChannelHandlerContext.java:360)
	io.netty.channel.AbstractChannelHandlerContext.fireChannelRead(AbstractChannelHandlerContext.java:352)
	reactor.netty.http.server.HttpTrafficHandler.channelRead(HttpTrafficHandler.java:190)
	io.netty.channel.AbstractChannelHandlerContext.invokeChannelRead(AbstractChannelHandlerContext.java:374)
	io.netty.channel.AbstractChannelHandlerContext.invokeChannelRead(AbstractChannelHandlerContext.java:360)
	io.netty.channel.AbstractChannelHandlerContext.fireChannelRead(AbstractChannelHandlerContext.java:352)
	io.netty.channel.CombinedChannelDuplexHandler$DelegatingChannelHandlerContext.fireChannelRead(CombinedChannelDuplexHandler.java:438)
	io.netty.handler.codec.ByteToMessageDecoder.fireChannelRead(ByteToMessageDecoder.java:323)
	io.netty.handler.codec.ByteToMessageDecoder.fireChannelRead(ByteToMessageDecoder.java:310)
	io.netty.handler.codec.ByteToMessageDecoder.callDecode(ByteToMessageDecoder.java:426)
	io.netty.handler.codec.ByteToMessageDecoder.channelRead(ByteToMessageDecoder.java:278)
	io.netty.channel.CombinedChannelDuplexHandler.channelRead(CombinedChannelDuplexHandler.java:253)
	io.netty.channel.AbstractChannelHandlerContext.invokeChannelRead(AbstractChannelHandlerContext.java:374)
	io.netty.channel.AbstractChannelHandlerContext.invokeChannelRead(AbstractChannelHandlerContext.java:360)
	io.netty.channel.AbstractChannelHandlerContext.fireChannelRead(AbstractChannelHandlerContext.java:352)
	io.netty.channel.DefaultChannelPipeline$HeadContext.channelRead(DefaultChannelPipeline.java:1408)
	io.netty.channel.AbstractChannelHandlerContext.invokeChannelRead(AbstractChannelHandlerContext.java:374)
	io.netty.channel.AbstractChannelHandlerContext.invokeChannelRead(AbstractChannelHandlerContext.java:360)
	io.netty.channel.DefaultChannelPipeline.fireChannelRead(DefaultChannelPipeline.java:930)
	io.netty.channel.nio.AbstractNioByteChannel$NioByteUnsafe.read(AbstractNioByteChannel.java:163)
	io.netty.channel.nio.NioEventLoop.processSelectedKey(NioEventLoop.java:682)
	io.netty.channel.nio.NioEventLoop.processSelectedKeysOptimized(NioEventLoop.java:617)
	io.netty.channel.nio.NioEventLoop.processSelectedKeys(NioEventLoop.java:534)
	io.netty.channel.nio.NioEventLoop.run(NioEventLoop.java:496)
	io.netty.util.concurrent.SingleThreadEventExecutor$5.run(SingleThreadEventExecutor.java:906)
	io.netty.util.internal.ThreadExecutorMap$2.run(ThreadExecutorMap.java:74)
	io.netty.util.concurrent.FastThreadLocalRunnable.run(FastThreadLocalRunnable.java:30)
	java.lang.Thread.run(Thread.java:748)
#2:
	io.netty.buffer.AdvancedLeakAwareByteBuf.getByte(AdvancedLeakAwareByteBuf.java:154)
	org.springframework.core.io.buffer.NettyDataBuffer.getByte(NettyDataBuffer.java:132)
	org.springframework.core.io.buffer.DataBufferUtils$KnuthMorrisPrattMatcher.match(DataBufferUtils.java:1005)
	org.springframework.core.io.buffer.DataBufferUtils.endFrameAfterDelimiter(DataBufferUtils.java:634)
	org.springframework.core.io.buffer.DataBufferUtils.lambda$split$18(DataBufferUtils.java:603)
	reactor.core.publisher.FluxFlatMap$FlatMapMain.onNext(FluxFlatMap.java:350)
	reactor.core.publisher.FluxConcatMap$ConcatMapImmediate.innerNext(FluxConcatMap.java:275)
	reactor.core.publisher.FluxConcatMap$ConcatMapInner.onNext(FluxConcatMap.java:849)
	reactor.core.publisher.FluxConcatMap$WeakScalarSubscription.request(FluxConcatMap.java:470)
	reactor.core.publisher.Operators$MultiSubscriptionSubscriber.set(Operators.java:1939)
	reactor.core.publisher.FluxConcatMap$ConcatMapImmediate.drain(FluxConcatMap.java:436)
	reactor.core.publisher.FluxConcatMap$ConcatMapImmediate.onNext(FluxConcatMap.java:244)
	reactor.core.publisher.FluxMap$MapSubscriber.onNext(FluxMap.java:114)
	reactor.core.publisher.FluxPeek$PeekSubscriber.onNext(FluxPeek.java:192)
	reactor.core.publisher.FluxMap$MapSubscriber.onNext(FluxMap.java:114)
	reactor.netty.channel.FluxReceive.drainReceiver(FluxReceive.java:206)
	reactor.netty.channel.FluxReceive.onInboundNext(FluxReceive.java:322)
	reactor.netty.channel.ChannelOperations.onInboundNext(ChannelOperations.java:335)
	reactor.netty.http.server.HttpServerOperations.onInboundNext(HttpServerOperations.java:456)
	reactor.netty.channel.ChannelOperationsHandler.channelRead(ChannelOperationsHandler.java:91)
	io.netty.channel.AbstractChannelHandlerContext.invokeChannelRead(AbstractChannelHandlerContext.java:374)
	io.netty.channel.AbstractChannelHandlerContext.invokeChannelRead(AbstractChannelHandlerContext.java:360)
	io.netty.channel.AbstractChannelHandlerContext.fireChannelRead(AbstractChannelHandlerContext.java:352)
	reactor.netty.http.server.HttpTrafficHandler.channelRead(HttpTrafficHandler.java:190)
	io.netty.channel.AbstractChannelHandlerContext.invokeChannelRead(AbstractChannelHandlerContext.java:374)
	io.netty.channel.AbstractChannelHandlerContext.invokeChannelRead(AbstractChannelHandlerContext.java:360)
	io.netty.channel.AbstractChannelHandlerContext.fireChannelRead(AbstractChannelHandlerContext.java:352)
	io.netty.channel.CombinedChannelDuplexHandler$DelegatingChannelHandlerContext.fireChannelRead(CombinedChannelDuplexHandler.java:438)
	io.netty.handler.codec.ByteToMessageDecoder.fireChannelRead(ByteToMessageDecoder.java:323)
	io.netty.handler.codec.ByteToMessageDecoder.fireChannelRead(ByteToMessageDecoder.java:310)
	io.netty.handler.codec.ByteToMessageDecoder.callDecode(ByteToMessageDecoder.java:426)
	io.netty.handler.codec.ByteToMessageDecoder.channelRead(ByteToMessageDecoder.java:278)
	io.netty.channel.CombinedChannelDuplexHandler.channelRead(CombinedChannelDuplexHandler.java:253)
	io.netty.channel.AbstractChannelHandlerContext.invokeChannelRead(AbstractChannelHandlerContext.java:374)
	io.netty.channel.AbstractChannelHandlerContext.invokeChannelRead(AbstractChannelHandlerContext.java:360)
	io.netty.channel.AbstractChannelHandlerContext.fireChannelRead(AbstractChannelHandlerContext.java:352)
	io.netty.channel.DefaultChannelPipeline$HeadContext.channelRead(DefaultChannelPipeline.java:1408)
	io.netty.channel.AbstractChannelHandlerContext.invokeChannelRead(AbstractChannelHandlerContext.java:374)
	io.netty.channel.AbstractChannelHandlerContext.invokeChannelRead(AbstractChannelHandlerContext.java:360)
	io.netty.channel.DefaultChannelPipeline.fireChannelRead(DefaultChannelPipeline.java:930)
	io.netty.channel.nio.AbstractNioByteChannel$NioByteUnsafe.read(AbstractNioByteChannel.java:163)
	io.netty.channel.nio.NioEventLoop.processSelectedKey(NioEventLoop.java:682)
	io.netty.channel.nio.NioEventLoop.processSelectedKeysOptimized(NioEventLoop.java:617)
	io.netty.channel.nio.NioEventLoop.processSelectedKeys(NioEventLoop.java:534)
	io.netty.channel.nio.NioEventLoop.run(NioEventLoop.java:496)
	io.netty.util.concurrent.SingleThreadEventExecutor$5.run(SingleThreadEventExecutor.java:906)
	io.netty.util.internal.ThreadExecutorMap$2.run(ThreadExecutorMap.java:74)
	io.netty.util.concurrent.FastThreadLocalRunnable.run(FastThreadLocalRunnable.java:30)
	java.lang.Thread.run(Thread.java:748)
#3:
	org.springframework.core.io.buffer.NettyDataBufferFactory.wrap(NettyDataBufferFactory.java:93)
	reactor.core.publisher.FluxMap$MapSubscriber.onNext(FluxMap.java:100)
	reactor.core.publisher.FluxPeek$PeekSubscriber.onNext(FluxPeek.java:192)
	reactor.core.publisher.FluxMap$MapSubscriber.onNext(FluxMap.java:114)
	reactor.netty.channel.FluxReceive.drainReceiver(FluxReceive.java:206)
	reactor.netty.channel.FluxReceive.onInboundNext(FluxReceive.java:322)
	reactor.netty.channel.ChannelOperations.onInboundNext(ChannelOperations.java:335)
	reactor.netty.http.server.HttpServerOperations.onInboundNext(HttpServerOperations.java:456)
	reactor.netty.channel.ChannelOperationsHandler.channelRead(ChannelOperationsHandler.java:91)
	io.netty.channel.AbstractChannelHandlerContext.invokeChannelRead(AbstractChannelHandlerContext.java:374)
	io.netty.channel.AbstractChannelHandlerContext.invokeChannelRead(AbstractChannelHandlerContext.java:360)
	io.netty.channel.AbstractChannelHandlerContext.fireChannelRead(AbstractChannelHandlerContext.java:352)
	reactor.netty.http.server.HttpTrafficHandler.channelRead(HttpTrafficHandler.java:190)
	io.netty.channel.AbstractChannelHandlerContext.invokeChannelRead(AbstractChannelHandlerContext.java:374)
	io.netty.channel.AbstractChannelHandlerContext.invokeChannelRead(AbstractChannelHandlerContext.java:360)
	io.netty.channel.AbstractChannelHandlerContext.fireChannelRead(AbstractChannelHandlerContext.java:352)
	io.netty.channel.CombinedChannelDuplexHandler$DelegatingChannelHandlerContext.fireChannelRead(CombinedChannelDuplexHandler.java:438)
	io.netty.handler.codec.ByteToMessageDecoder.fireChannelRead(ByteToMessageDecoder.java:323)
	io.netty.handler.codec.ByteToMessageDecoder.fireChannelRead(ByteToMessageDecoder.java:310)
	io.netty.handler.codec.ByteToMessageDecoder.callDecode(ByteToMessageDecoder.java:426)
	io.netty.handler.codec.ByteToMessageDecoder.channelRead(ByteToMessageDecoder.java:278)
	io.netty.channel.CombinedChannelDuplexHandler.channelRead(CombinedChannelDuplexHandler.java:253)
	io.netty.channel.AbstractChannelHandlerContext.invokeChannelRead(AbstractChannelHandlerContext.java:374)
	io.netty.channel.AbstractChannelHandlerContext.invokeChannelRead(AbstractChannelHandlerContext.java:360)
	io.netty.channel.AbstractChannelHandlerContext.fireChannelRead(AbstractChannelHandlerContext.java:352)
	io.netty.channel.DefaultChannelPipeline$HeadContext.channelRead(DefaultChannelPipeline.java:1408)
	io.netty.channel.AbstractChannelHandlerContext.invokeChannelRead(AbstractChannelHandlerContext.java:374)
	io.netty.channel.AbstractChannelHandlerContext.invokeChannelRead(AbstractChannelHandlerContext.java:360)
	io.netty.channel.DefaultChannelPipeline.fireChannelRead(DefaultChannelPipeline.java:930)
	io.netty.channel.nio.AbstractNioByteChannel$NioByteUnsafe.read(AbstractNioByteChannel.java:163)
	io.netty.channel.nio.NioEventLoop.processSelectedKey(NioEventLoop.java:682)
	io.netty.channel.nio.NioEventLoop.processSelectedKeysOptimized(NioEventLoop.java:617)
	io.netty.channel.nio.NioEventLoop.processSelectedKeys(NioEventLoop.java:534)
	io.netty.channel.nio.NioEventLoop.run(NioEventLoop.java:496)
	io.netty.util.concurrent.SingleThreadEventExecutor$5.run(SingleThreadEventExecutor.java:906)
	io.netty.util.internal.ThreadExecutorMap$2.run(ThreadExecutorMap.java:74)
	io.netty.util.concurrent.FastThreadLocalRunnable.run(FastThreadLocalRunnable.java:30)
	java.lang.Thread.run(Thread.java:748)
#4:
	reactor.core.publisher.FluxPeek$PeekSubscriber.onNext(FluxPeek.java:177)
	reactor.core.publisher.FluxMap$MapSubscriber.onNext(FluxMap.java:114)
	reactor.netty.channel.FluxReceive.drainReceiver(FluxReceive.java:206)
	reactor.netty.channel.FluxReceive.onInboundNext(FluxReceive.java:322)
	reactor.netty.channel.ChannelOperations.onInboundNext(ChannelOperations.java:335)
	reactor.netty.http.server.HttpServerOperations.onInboundNext(HttpServerOperations.java:456)
	reactor.netty.channel.ChannelOperationsHandler.channelRead(ChannelOperationsHandler.java:91)
	io.netty.channel.AbstractChannelHandlerContext.invokeChannelRead(AbstractChannelHandlerContext.java:374)
	io.netty.channel.AbstractChannelHandlerContext.invokeChannelRead(AbstractChannelHandlerContext.java:360)
	io.netty.channel.AbstractChannelHandlerContext.fireChannelRead(AbstractChannelHandlerContext.java:352)
	reactor.netty.http.server.HttpTrafficHandler.channelRead(HttpTrafficHandler.java:190)
	io.netty.channel.AbstractChannelHandlerContext.invokeChannelRead(AbstractChannelHandlerContext.java:374)
	io.netty.channel.AbstractChannelHandlerContext.invokeChannelRead(AbstractChannelHandlerContext.java:360)
	io.netty.channel.AbstractChannelHandlerContext.fireChannelRead(AbstractChannelHandlerContext.java:352)
	io.netty.channel.CombinedChannelDuplexHandler$DelegatingChannelHandlerContext.fireChannelRead(CombinedChannelDuplexHandler.java:438)
	io.netty.handler.codec.ByteToMessageDecoder.fireChannelRead(ByteToMessageDecoder.java:323)
	io.netty.handler.codec.ByteToMessageDecoder.fireChannelRead(ByteToMessageDecoder.java:310)
	io.netty.handler.codec.ByteToMessageDecoder.callDecode(ByteToMessageDecoder.java:426)
	io.netty.handler.codec.ByteToMessageDecoder.channelRead(ByteToMessageDecoder.java:278)
	io.netty.channel.CombinedChannelDuplexHandler.channelRead(CombinedChannelDuplexHandler.java:253)
	io.netty.channel.AbstractChannelHandlerContext.invokeChannelRead(AbstractChannelHandlerContext.java:374)
	io.netty.channel.AbstractChannelHandlerContext.invokeChannelRead(AbstractChannelHandlerContext.java:360)
	io.netty.channel.AbstractChannelHandlerContext.fireChannelRead(AbstractChannelHandlerContext.java:352)
	io.netty.channel.DefaultChannelPipeline$HeadContext.channelRead(DefaultChannelPipeline.java:1408)
	io.netty.channel.AbstractChannelHandlerContext.invokeChannelRead(AbstractChannelHandlerContext.java:374)
	io.netty.channel.AbstractChannelHandlerContext.invokeChannelRead(AbstractChannelHandlerContext.java:360)
	io.netty.channel.DefaultChannelPipeline.fireChannelRead(DefaultChannelPipeline.java:930)
	io.netty.channel.nio.AbstractNioByteChannel$NioByteUnsafe.read(AbstractNioByteChannel.java:163)
	io.netty.channel.nio.NioEventLoop.processSelectedKey(NioEventLoop.java:682)
	io.netty.channel.nio.NioEventLoop.processSelectedKeysOptimized(NioEventLoop.java:617)
	io.netty.channel.nio.NioEventLoop.processSelectedKeys(NioEventLoop.java:534)
	io.netty.channel.nio.NioEventLoop.run(NioEventLoop.java:496)
	io.netty.util.concurrent.SingleThreadEventExecutor$5.run(SingleThreadEventExecutor.java:906)
	io.netty.util.internal.ThreadExecutorMap$2.run(ThreadExecutorMap.java:74)
	io.netty.util.concurrent.FastThreadLocalRunnable.run(FastThreadLocalRunnable.java:30)
	java.lang.Thread.run(Thread.java:748)
#5:
	Hint: 'reactor.right.reactiveBridge' will handle the message from this point.
	io.netty.handler.codec.http.DefaultHttpContent.touch(DefaultHttpContent.java:88)
	io.netty.handler.codec.http.DefaultHttpContent.touch(DefaultHttpContent.java:24)
	io.netty.channel.DefaultChannelPipeline.touch(DefaultChannelPipeline.java:116)
	io.netty.channel.AbstractChannelHandlerContext.invokeChannelRead(AbstractChannelHandlerContext.java:357)
	io.netty.channel.AbstractChannelHandlerContext.fireChannelRead(AbstractChannelHandlerContext.java:352)
	reactor.netty.http.server.HttpTrafficHandler.channelRead(HttpTrafficHandler.java:190)
	io.netty.channel.AbstractChannelHandlerContext.invokeChannelRead(AbstractChannelHandlerContext.java:374)
	io.netty.channel.AbstractChannelHandlerContext.invokeChannelRead(AbstractChannelHandlerContext.java:360)
	io.netty.channel.AbstractChannelHandlerContext.fireChannelRead(AbstractChannelHandlerContext.java:352)
	io.netty.channel.CombinedChannelDuplexHandler$DelegatingChannelHandlerContext.fireChannelRead(CombinedChannelDuplexHandler.java:438)
	io.netty.handler.codec.ByteToMessageDecoder.fireChannelRead(ByteToMessageDecoder.java:323)
	io.netty.handler.codec.ByteToMessageDecoder.fireChannelRead(ByteToMessageDecoder.java:310)
	io.netty.handler.codec.ByteToMessageDecoder.callDecode(ByteToMessageDecoder.java:426)
	io.netty.handler.codec.ByteToMessageDecoder.channelRead(ByteToMessageDecoder.java:278)
	io.netty.channel.CombinedChannelDuplexHandler.channelRead(CombinedChannelDuplexHandler.java:253)
	io.netty.channel.AbstractChannelHandlerContext.invokeChannelRead(AbstractChannelHandlerContext.java:374)
	io.netty.channel.AbstractChannelHandlerContext.invokeChannelRead(AbstractChannelHandlerContext.java:360)
	io.netty.channel.AbstractChannelHandlerContext.fireChannelRead(AbstractChannelHandlerContext.java:352)
	io.netty.channel.DefaultChannelPipeline$HeadContext.channelRead(DefaultChannelPipeline.java:1408)
	io.netty.channel.AbstractChannelHandlerContext.invokeChannelRead(AbstractChannelHandlerContext.java:374)
	io.netty.channel.AbstractChannelHandlerContext.invokeChannelRead(AbstractChannelHandlerContext.java:360)
	io.netty.channel.DefaultChannelPipeline.fireChannelRead(DefaultChannelPipeline.java:930)
	io.netty.channel.nio.AbstractNioByteChannel$NioByteUnsafe.read(AbstractNioByteChannel.java:163)
	io.netty.channel.nio.NioEventLoop.processSelectedKey(NioEventLoop.java:682)
	io.netty.channel.nio.NioEventLoop.processSelectedKeysOptimized(NioEventLoop.java:617)
	io.netty.channel.nio.NioEventLoop.processSelectedKeys(NioEventLoop.java:534)
	io.netty.channel.nio.NioEventLoop.run(NioEventLoop.java:496)
	io.netty.util.concurrent.SingleThreadEventExecutor$5.run(SingleThreadEventExecutor.java:906)
	io.netty.util.internal.ThreadExecutorMap$2.run(ThreadExecutorMap.java:74)
	io.netty.util.concurrent.FastThreadLocalRunnable.run(FastThreadLocalRunnable.java:30)
	java.lang.Thread.run(Thread.java:748)
#6:
	Hint: 'reactor.left.httpTrafficHandler' will handle the message from this point.
	io.netty.handler.codec.http.DefaultHttpContent.touch(DefaultHttpContent.java:88)
	io.netty.handler.codec.http.DefaultHttpContent.touch(DefaultHttpContent.java:24)
	io.netty.channel.DefaultChannelPipeline.touch(DefaultChannelPipeline.java:116)
	io.netty.channel.AbstractChannelHandlerContext.invokeChannelRead(AbstractChannelHandlerContext.java:357)
	io.netty.channel.AbstractChannelHandlerContext.fireChannelRead(AbstractChannelHandlerContext.java:352)
	io.netty.channel.CombinedChannelDuplexHandler$DelegatingChannelHandlerContext.fireChannelRead(CombinedChannelDuplexHandler.java:438)
	io.netty.handler.codec.ByteToMessageDecoder.fireChannelRead(ByteToMessageDecoder.java:323)
	io.netty.handler.codec.ByteToMessageDecoder.fireChannelRead(ByteToMessageDecoder.java:310)
	io.netty.handler.codec.ByteToMessageDecoder.callDecode(ByteToMessageDecoder.java:426)
	io.netty.handler.codec.ByteToMessageDecoder.channelRead(ByteToMessageDecoder.java:278)
	io.netty.channel.CombinedChannelDuplexHandler.channelRead(CombinedChannelDuplexHandler.java:253)
	io.netty.channel.AbstractChannelHandlerContext.invokeChannelRead(AbstractChannelHandlerContext.java:374)
	io.netty.channel.AbstractChannelHandlerContext.invokeChannelRead(AbstractChannelHandlerContext.java:360)
	io.netty.channel.AbstractChannelHandlerContext.fireChannelRead(AbstractChannelHandlerContext.java:352)
	io.netty.channel.DefaultChannelPipeline$HeadContext.channelRead(DefaultChannelPipeline.java:1408)
	io.netty.channel.AbstractChannelHandlerContext.invokeChannelRead(AbstractChannelHandlerContext.java:374)
	io.netty.channel.AbstractChannelHandlerContext.invokeChannelRead(AbstractChannelHandlerContext.java:360)
	io.netty.channel.DefaultChannelPipeline.fireChannelRead(DefaultChannelPipeline.java:930)
	io.netty.channel.nio.AbstractNioByteChannel$NioByteUnsafe.read(AbstractNioByteChannel.java:163)
	io.netty.channel.nio.NioEventLoop.processSelectedKey(NioEventLoop.java:682)
	io.netty.channel.nio.NioEventLoop.processSelectedKeysOptimized(NioEventLoop.java:617)
	io.netty.channel.nio.NioEventLoop.processSelectedKeys(NioEventLoop.java:534)
	io.netty.channel.nio.NioEventLoop.run(NioEventLoop.java:496)
	io.netty.util.concurrent.SingleThreadEventExecutor$5.run(SingleThreadEventExecutor.java:906)
	io.netty.util.internal.ThreadExecutorMap$2.run(ThreadExecutorMap.java:74)
	io.netty.util.concurrent.FastThreadLocalRunnable.run(FastThreadLocalRunnable.java:30)
	java.lang.Thread.run(Thread.java:748)
Created at:
	io.netty.buffer.SimpleLeakAwareByteBuf.unwrappedDerived(SimpleLeakAwareByteBuf.java:143)
	io.netty.buffer.SimpleLeakAwareByteBuf.readRetainedSlice(SimpleLeakAwareByteBuf.java:67)
	io.netty.buffer.AdvancedLeakAwareByteBuf.readRetainedSlice(AdvancedLeakAwareByteBuf.java:107)
	io.netty.handler.codec.http.HttpObjectDecoder.decode(HttpObjectDecoder.java:336)
	io.netty.handler.codec.http.HttpServerCodec$HttpServerRequestDecoder.decode(HttpServerCodec.java:103)
	io.netty.handler.codec.ByteToMessageDecoder.decodeRemovalReentryProtection(ByteToMessageDecoder.java:502)
	io.netty.handler.codec.ByteToMessageDecoder.callDecode(ByteToMessageDecoder.java:441)
	io.netty.handler.codec.ByteToMessageDecoder.channelRead(ByteToMessageDecoder.java:278)
	io.netty.channel.CombinedChannelDuplexHandler.channelRead(CombinedChannelDuplexHandler.java:253)
	io.netty.channel.AbstractChannelHandlerContext.invokeChannelRead(AbstractChannelHandlerContext.java:374)
	io.netty.channel.AbstractChannelHandlerContext.invokeChannelRead(AbstractChannelHandlerContext.java:360)
	io.netty.channel.AbstractChannelHandlerContext.fireChannelRead(AbstractChannelHandlerContext.java:352)
	io.netty.channel.DefaultChannelPipeline$HeadContext.channelRead(DefaultChannelPipeline.java:1408)
	io.netty.channel.AbstractChannelHandlerContext.invokeChannelRead(AbstractChannelHandlerContext.java:374)
	io.netty.channel.AbstractChannelHandlerContext.invokeChannelRead(AbstractChannelHandlerContext.java:360)
	io.netty.channel.DefaultChannelPipeline.fireChannelRead(DefaultChannelPipeline.java:930)
	io.netty.channel.nio.AbstractNioByteChannel$NioByteUnsafe.read(AbstractNioByteChannel.java:163)
	io.netty.channel.nio.NioEventLoop.processSelectedKey(NioEventLoop.java:682)
	io.netty.channel.nio.NioEventLoop.processSelectedKeysOptimized(NioEventLoop.java:617)
	io.netty.channel.nio.NioEventLoop.processSelectedKeys(NioEventLoop.java:534)
	io.netty.channel.nio.NioEventLoop.run(NioEventLoop.java:496)
	io.netty.util.concurrent.SingleThreadEventExecutor$5.run(SingleThreadEventExecutor.java:906)
	io.netty.util.internal.ThreadExecutorMap$2.run(ThreadExecutorMap.java:74)
	io.netty.util.concurrent.FastThreadLocalRunnable.run(FastThreadLocalRunnable.java:30)
	java.lang.Thread.run(Thread.java:748)
: 10 leak records were discarded because they were duplicates
: 4088 leak records were discarded because the leak record count is targeted to 4. Use system property io.netty.leakDetection.targetRecords to increase the limit.
22:42:57.813 [reactor-http-nio-6] ERROR i.n.u.ResourceLeakDetector - LEAK: ByteBuf.release() was not called before it's garbage-collected. See http://netty.io/wiki/reference-counted-objects.html for more information.
Recent access records: 
#1:
	io.netty.buffer.AdvancedLeakAwareByteBuf.order(AdvancedLeakAwareByteBuf.java:70)
	io.netty.buffer.CompositeByteBuf.newComponent(CompositeByteBuf.java:318)
	io.netty.buffer.CompositeByteBuf.addComponent0(CompositeByteBuf.java:280)
	io.netty.buffer.CompositeByteBuf.addComponent(CompositeByteBuf.java:265)
	io.netty.buffer.CompositeByteBuf.addComponent(CompositeByteBuf.java:222)
	io.netty.buffer.WrappedCompositeByteBuf.addComponent(WrappedCompositeByteBuf.java:529)
	io.netty.buffer.AdvancedLeakAwareCompositeByteBuf.addComponent(AdvancedLeakAwareCompositeByteBuf.java:921)
	org.springframework.core.io.buffer.NettyDataBufferFactory.join(NettyDataBufferFactory.java:111)
	org.springframework.core.io.buffer.DataBufferUtils.joinAndStrip(DataBufferUtils.java:686)
	org.springframework.core.io.buffer.DataBufferUtils.lambda$split$20(DataBufferUtils.java:605)
	reactor.core.publisher.FluxMap$MapConditionalSubscriber.onNext(FluxMap.java:199)
	reactor.core.publisher.FluxBufferPredicate$BufferPredicateSubscriber.emit(FluxBufferPredicate.java:290)
	reactor.core.publisher.FluxBufferPredicate$BufferPredicateSubscriber.onNextNewBuffer(FluxBufferPredicate.java:257)
	reactor.core.publisher.FluxBufferPredicate$BufferPredicateSubscriber.tryOnNext(FluxBufferPredicate.java:211)
	reactor.core.publisher.FluxBufferPredicate$BufferPredicateSubscriber.onNext(FluxBufferPredicate.java:184)
	reactor.core.publisher.FluxFlatMap$FlatMapMain.drainLoop(FluxFlatMap.java:664)
	reactor.core.publisher.FluxFlatMap$FlatMapMain.drain(FluxFlatMap.java:540)
	reactor.core.publisher.FluxFlatMap$FlatMapInner.onSubscribe(FluxFlatMap.java:924)
	reactor.core.publisher.FluxIterable.subscribe(FluxIterable.java:139)
	reactor.core.publisher.FluxIterable.subscribe(FluxIterable.java:63)
	reactor.core.publisher.Flux.subscribe(Flux.java:7922)
	reactor.core.publisher.FluxFlatMap$FlatMapMain.onNext(FluxFlatMap.java:389)
	reactor.core.publisher.FluxConcatMap$ConcatMapImmediate.innerNext(FluxConcatMap.java:275)
	reactor.core.publisher.FluxConcatMap$ConcatMapInner.onNext(FluxConcatMap.java:849)
	reactor.core.publisher.FluxConcatMap$WeakScalarSubscription.request(FluxConcatMap.java:470)
	reactor.core.publisher.Operators$MultiSubscriptionSubscriber.set(Operators.java:1939)
	reactor.core.publisher.FluxConcatMap$ConcatMapImmediate.drain(FluxConcatMap.java:436)
	reactor.core.publisher.FluxConcatMap$ConcatMapImmediate.onNext(FluxConcatMap.java:244)
	reactor.core.publisher.FluxMap$MapSubscriber.onNext(FluxMap.java:114)
	reactor.core.publisher.FluxPeek$PeekSubscriber.onNext(FluxPeek.java:192)
	reactor.core.publisher.FluxMap$MapSubscriber.onNext(FluxMap.java:114)
	reactor.netty.channel.FluxReceive.drainReceiver(FluxReceive.java:206)
	reactor.netty.channel.FluxReceive.onInboundNext(FluxReceive.java:322)
	reactor.netty.channel.ChannelOperations.onInboundNext(ChannelOperations.java:335)
	reactor.netty.http.server.HttpServerOperations.onInboundNext(HttpServerOperations.java:456)
	reactor.netty.channel.ChannelOperationsHandler.channelRead(ChannelOperationsHandler.java:91)
	io.netty.channel.AbstractChannelHandlerContext.invokeChannelRead(AbstractChannelHandlerContext.java:374)
	io.netty.channel.AbstractChannelHandlerContext.invokeChannelRead(AbstractChannelHandlerContext.java:360)
	io.netty.channel.AbstractChannelHandlerContext.fireChannelRead(AbstractChannelHandlerContext.java:352)
	reactor.netty.http.server.HttpTrafficHandler.channelRead(HttpTrafficHandler.java:190)
	io.netty.channel.AbstractChannelHandlerContext.invokeChannelRead(AbstractChannelHandlerContext.java:374)
	io.netty.channel.AbstractChannelHandlerContext.invokeChannelRead(AbstractChannelHandlerContext.java:360)
	io.netty.channel.AbstractChannelHandlerContext.fireChannelRead(AbstractChannelHandlerContext.java:352)
	io.netty.channel.CombinedChannelDuplexHandler$DelegatingChannelHandlerContext.fireChannelRead(CombinedChannelDuplexHandler.java:438)
	io.netty.handler.codec.ByteToMessageDecoder.fireChannelRead(ByteToMessageDecoder.java:323)
	io.netty.handler.codec.ByteToMessageDecoder.fireChannelRead(ByteToMessageDecoder.java:310)
	io.netty.handler.codec.ByteToMessageDecoder.callDecode(ByteToMessageDecoder.java:426)
	io.netty.handler.codec.ByteToMessageDecoder.channelRead(ByteToMessageDecoder.java:278)
	io.netty.channel.CombinedChannelDuplexHandler.channelRead(CombinedChannelDuplexHandler.java:253)
	io.netty.channel.AbstractChannelHandlerContext.invokeChannelRead(AbstractChannelHandlerContext.java:374)
	io.netty.channel.AbstractChannelHandlerContext.invokeChannelRead(AbstractChannelHandlerContext.java:360)
	io.netty.channel.AbstractChannelHandlerContext.fireChannelRead(AbstractChannelHandlerContext.java:352)
	io.netty.channel.DefaultChannelPipeline$HeadContext.channelRead(DefaultChannelPipeline.java:1408)
	io.netty.channel.AbstractChannelHandlerContext.invokeChannelRead(AbstractChannelHandlerContext.java:374)
	io.netty.channel.AbstractChannelHandlerContext.invokeChannelRead(AbstractChannelHandlerContext.java:360)
	io.netty.channel.DefaultChannelPipeline.fireChannelRead(DefaultChannelPipeline.java:930)
	io.netty.channel.nio.AbstractNioByteChannel$NioByteUnsafe.read(AbstractNioByteChannel.java:163)
	io.netty.channel.nio.NioEventLoop.processSelectedKey(NioEventLoop.java:682)
	io.netty.channel.nio.NioEventLoop.processSelectedKeysOptimized(NioEventLoop.java:617)
	io.netty.channel.nio.NioEventLoop.processSelectedKeys(NioEventLoop.java:534)
	io.netty.channel.nio.NioEventLoop.run(NioEventLoop.java:496)
	io.netty.util.concurrent.SingleThreadEventExecutor$5.run(SingleThreadEventExecutor.java:906)
	io.netty.util.internal.ThreadExecutorMap$2.run(ThreadExecutorMap.java:74)
	io.netty.util.concurrent.FastThreadLocalRunnable.run(FastThreadLocalRunnable.java:30)
	java.lang.Thread.run(Thread.java:748)
#2:
	io.netty.buffer.AdvancedLeakAwareByteBuf.getByte(AdvancedLeakAwareByteBuf.java:154)
	org.springframework.core.io.buffer.NettyDataBuffer.getByte(NettyDataBuffer.java:132)
	org.springframework.core.io.buffer.DataBufferUtils$KnuthMorrisPrattMatcher.match(DataBufferUtils.java:1005)
	org.springframework.core.io.buffer.DataBufferUtils.endFrameAfterDelimiter(DataBufferUtils.java:634)
	org.springframework.core.io.buffer.DataBufferUtils.lambda$split$18(DataBufferUtils.java:603)
	reactor.core.publisher.FluxFlatMap$FlatMapMain.onNext(FluxFlatMap.java:350)
	reactor.core.publisher.FluxConcatMap$ConcatMapImmediate.innerNext(FluxConcatMap.java:275)
	reactor.core.publisher.FluxConcatMap$ConcatMapInner.onNext(FluxConcatMap.java:849)
	reactor.core.publisher.FluxConcatMap$WeakScalarSubscription.request(FluxConcatMap.java:470)
	reactor.core.publisher.Operators$MultiSubscriptionSubscriber.set(Operators.java:1939)
	reactor.core.publisher.FluxConcatMap$ConcatMapImmediate.drain(FluxConcatMap.java:436)
	reactor.core.publisher.FluxConcatMap$ConcatMapImmediate.onNext(FluxConcatMap.java:244)
	reactor.core.publisher.FluxMap$MapSubscriber.onNext(FluxMap.java:114)
	reactor.core.publisher.FluxPeek$PeekSubscriber.onNext(FluxPeek.java:192)
	reactor.core.publisher.FluxMap$MapSubscriber.onNext(FluxMap.java:114)
	reactor.netty.channel.FluxReceive.drainReceiver(FluxReceive.java:206)
	reactor.netty.channel.FluxReceive.onInboundNext(FluxReceive.java:322)
	reactor.netty.channel.ChannelOperations.onInboundNext(ChannelOperations.java:335)
	reactor.netty.http.server.HttpServerOperations.onInboundNext(HttpServerOperations.java:456)
	reactor.netty.channel.ChannelOperationsHandler.channelRead(ChannelOperationsHandler.java:91)
	io.netty.channel.AbstractChannelHandlerContext.invokeChannelRead(AbstractChannelHandlerContext.java:374)
	io.netty.channel.AbstractChannelHandlerContext.invokeChannelRead(AbstractChannelHandlerContext.java:360)
	io.netty.channel.AbstractChannelHandlerContext.fireChannelRead(AbstractChannelHandlerContext.java:352)
	reactor.netty.http.server.HttpTrafficHandler.channelRead(HttpTrafficHandler.java:190)
	io.netty.channel.AbstractChannelHandlerContext.invokeChannelRead(AbstractChannelHandlerContext.java:374)
	io.netty.channel.AbstractChannelHandlerContext.invokeChannelRead(AbstractChannelHandlerContext.java:360)
	io.netty.channel.AbstractChannelHandlerContext.fireChannelRead(AbstractChannelHandlerContext.java:352)
	io.netty.channel.CombinedChannelDuplexHandler$DelegatingChannelHandlerContext.fireChannelRead(CombinedChannelDuplexHandler.java:438)
	io.netty.handler.codec.ByteToMessageDecoder.fireChannelRead(ByteToMessageDecoder.java:323)
	io.netty.handler.codec.ByteToMessageDecoder.fireChannelRead(ByteToMessageDecoder.java:310)
	io.netty.handler.codec.ByteToMessageDecoder.callDecode(ByteToMessageDecoder.java:426)
	io.netty.handler.codec.ByteToMessageDecoder.channelRead(ByteToMessageDecoder.java:278)
	io.netty.channel.CombinedChannelDuplexHandler.channelRead(CombinedChannelDuplexHandler.java:253)
	io.netty.channel.AbstractChannelHandlerContext.invokeChannelRead(AbstractChannelHandlerContext.java:374)
	io.netty.channel.AbstractChannelHandlerContext.invokeChannelRead(AbstractChannelHandlerContext.java:360)
	io.netty.channel.AbstractChannelHandlerContext.fireChannelRead(AbstractChannelHandlerContext.java:352)
	io.netty.channel.DefaultChannelPipeline$HeadContext.channelRead(DefaultChannelPipeline.java:1408)
	io.netty.channel.AbstractChannelHandlerContext.invokeChannelRead(AbstractChannelHandlerContext.java:374)
	io.netty.channel.AbstractChannelHandlerContext.invokeChannelRead(AbstractChannelHandlerContext.java:360)
	io.netty.channel.DefaultChannelPipeline.fireChannelRead(DefaultChannelPipeline.java:930)
	io.netty.channel.nio.AbstractNioByteChannel$NioByteUnsafe.read(AbstractNioByteChannel.java:163)
	io.netty.channel.nio.NioEventLoop.processSelectedKey(NioEventLoop.java:682)
	io.netty.channel.nio.NioEventLoop.processSelectedKeysOptimized(NioEventLoop.java:617)
	io.netty.channel.nio.NioEventLoop.processSelectedKeys(NioEventLoop.java:534)
	io.netty.channel.nio.NioEventLoop.run(NioEventLoop.java:496)
	io.netty.util.concurrent.SingleThreadEventExecutor$5.run(SingleThreadEventExecutor.java:906)
	io.netty.util.internal.ThreadExecutorMap$2.run(ThreadExecutorMap.java:74)
	io.netty.util.concurrent.FastThreadLocalRunnable.run(FastThreadLocalRunnable.java:30)
	java.lang.Thread.run(Thread.java:748)
#3:
	reactor.core.publisher.FluxPeek$PeekSubscriber.onNext(FluxPeek.java:177)
	reactor.core.publisher.FluxMap$MapSubscriber.onNext(FluxMap.java:114)
	reactor.netty.channel.FluxReceive.drainReceiver(FluxReceive.java:206)
	reactor.netty.channel.FluxReceive.onInboundNext(FluxReceive.java:322)
	reactor.netty.channel.ChannelOperations.onInboundNext(ChannelOperations.java:335)
	reactor.netty.http.server.HttpServerOperations.onInboundNext(HttpServerOperations.java:456)
	reactor.netty.channel.ChannelOperationsHandler.channelRead(ChannelOperationsHandler.java:91)
	io.netty.channel.AbstractChannelHandlerContext.invokeChannelRead(AbstractChannelHandlerContext.java:374)
	io.netty.channel.AbstractChannelHandlerContext.invokeChannelRead(AbstractChannelHandlerContext.java:360)
	io.netty.channel.AbstractChannelHandlerContext.fireChannelRead(AbstractChannelHandlerContext.java:352)
	reactor.netty.http.server.HttpTrafficHandler.channelRead(HttpTrafficHandler.java:190)
	io.netty.channel.AbstractChannelHandlerContext.invokeChannelRead(AbstractChannelHandlerContext.java:374)
	io.netty.channel.AbstractChannelHandlerContext.invokeChannelRead(AbstractChannelHandlerContext.java:360)
	io.netty.channel.AbstractChannelHandlerContext.fireChannelRead(AbstractChannelHandlerContext.java:352)
	io.netty.channel.CombinedChannelDuplexHandler$DelegatingChannelHandlerContext.fireChannelRead(CombinedChannelDuplexHandler.java:438)
	io.netty.handler.codec.ByteToMessageDecoder.fireChannelRead(ByteToMessageDecoder.java:323)
	io.netty.handler.codec.ByteToMessageDecoder.fireChannelRead(ByteToMessageDecoder.java:310)
	io.netty.handler.codec.ByteToMessageDecoder.callDecode(ByteToMessageDecoder.java:426)
	io.netty.handler.codec.ByteToMessageDecoder.channelRead(ByteToMessageDecoder.java:278)
	io.netty.channel.CombinedChannelDuplexHandler.channelRead(CombinedChannelDuplexHandler.java:253)
	io.netty.channel.AbstractChannelHandlerContext.invokeChannelRead(AbstractChannelHandlerContext.java:374)
	io.netty.channel.AbstractChannelHandlerContext.invokeChannelRead(AbstractChannelHandlerContext.java:360)
	io.netty.channel.AbstractChannelHandlerContext.fireChannelRead(AbstractChannelHandlerContext.java:352)
	io.netty.channel.DefaultChannelPipeline$HeadContext.channelRead(DefaultChannelPipeline.java:1408)
	io.netty.channel.AbstractChannelHandlerContext.invokeChannelRead(AbstractChannelHandlerContext.java:374)
	io.netty.channel.AbstractChannelHandlerContext.invokeChannelRead(AbstractChannelHandlerContext.java:360)
	io.netty.channel.DefaultChannelPipeline.fireChannelRead(DefaultChannelPipeline.java:930)
	io.netty.channel.nio.AbstractNioByteChannel$NioByteUnsafe.read(AbstractNioByteChannel.java:163)
	io.netty.channel.nio.NioEventLoop.processSelectedKey(NioEventLoop.java:682)
	io.netty.channel.nio.NioEventLoop.processSelectedKeysOptimized(NioEventLoop.java:617)
	io.netty.channel.nio.NioEventLoop.processSelectedKeys(NioEventLoop.java:534)
	io.netty.channel.nio.NioEventLoop.run(NioEventLoop.java:496)
	io.netty.util.concurrent.SingleThreadEventExecutor$5.run(SingleThreadEventExecutor.java:906)
	io.netty.util.internal.ThreadExecutorMap$2.run(ThreadExecutorMap.java:74)
	io.netty.util.concurrent.FastThreadLocalRunnable.run(FastThreadLocalRunnable.java:30)
	java.lang.Thread.run(Thread.java:748)
#4:
	Hint: 'reactor.right.reactiveBridge' will handle the message from this point.
	io.netty.handler.codec.http.DefaultHttpContent.touch(DefaultHttpContent.java:88)
	io.netty.handler.codec.http.DefaultHttpContent.touch(DefaultHttpContent.java:24)
	io.netty.channel.DefaultChannelPipeline.touch(DefaultChannelPipeline.java:116)
	io.netty.channel.AbstractChannelHandlerContext.invokeChannelRead(AbstractChannelHandlerContext.java:357)
	io.netty.channel.AbstractChannelHandlerContext.fireChannelRead(AbstractChannelHandlerContext.java:352)
	reactor.netty.http.server.HttpTrafficHandler.channelRead(HttpTrafficHandler.java:190)
	io.netty.channel.AbstractChannelHandlerContext.invokeChannelRead(AbstractChannelHandlerContext.java:374)
	io.netty.channel.AbstractChannelHandlerContext.invokeChannelRead(AbstractChannelHandlerContext.java:360)
	io.netty.channel.AbstractChannelHandlerContext.fireChannelRead(AbstractChannelHandlerContext.java:352)
	io.netty.channel.CombinedChannelDuplexHandler$DelegatingChannelHandlerContext.fireChannelRead(CombinedChannelDuplexHandler.java:438)
	io.netty.handler.codec.ByteToMessageDecoder.fireChannelRead(ByteToMessageDecoder.java:323)
	io.netty.handler.codec.ByteToMessageDecoder.fireChannelRead(ByteToMessageDecoder.java:310)
	io.netty.handler.codec.ByteToMessageDecoder.callDecode(ByteToMessageDecoder.java:426)
	io.netty.handler.codec.ByteToMessageDecoder.channelRead(ByteToMessageDecoder.java:278)
	io.netty.channel.CombinedChannelDuplexHandler.channelRead(CombinedChannelDuplexHandler.java:253)
	io.netty.channel.AbstractChannelHandlerContext.invokeChannelRead(AbstractChannelHandlerContext.java:374)
	io.netty.channel.AbstractChannelHandlerContext.invokeChannelRead(AbstractChannelHandlerContext.java:360)
	io.netty.channel.AbstractChannelHandlerContext.fireChannelRead(AbstractChannelHandlerContext.java:352)
	io.netty.channel.DefaultChannelPipeline$HeadContext.channelRead(DefaultChannelPipeline.java:1408)
	io.netty.channel.AbstractChannelHandlerContext.invokeChannelRead(AbstractChannelHandlerContext.java:374)
	io.netty.channel.AbstractChannelHandlerContext.invokeChannelRead(AbstractChannelHandlerContext.java:360)
	io.netty.channel.DefaultChannelPipeline.fireChannelRead(DefaultChannelPipeline.java:930)
	io.netty.channel.nio.AbstractNioByteChannel$NioByteUnsafe.read(AbstractNioByteChannel.java:163)
	io.netty.channel.nio.NioEventLoop.processSelectedKey(NioEventLoop.java:682)
	io.netty.channel.nio.NioEventLoop.processSelectedKeysOptimized(NioEventLoop.java:617)
	io.netty.channel.nio.NioEventLoop.processSelectedKeys(NioEventLoop.java:534)
	io.netty.channel.nio.NioEventLoop.run(NioEventLoop.java:496)
	io.netty.util.concurrent.SingleThreadEventExecutor$5.run(SingleThreadEventExecutor.java:906)
	io.netty.util.internal.ThreadExecutorMap$2.run(ThreadExecutorMap.java:74)
	io.netty.util.concurrent.FastThreadLocalRunnable.run(FastThreadLocalRunnable.java:30)
	java.lang.Thread.run(Thread.java:748)
#5:
	Hint: 'reactor.left.httpTrafficHandler' will handle the message from this point.
	io.netty.handler.codec.http.DefaultHttpContent.touch(DefaultHttpContent.java:88)
	io.netty.handler.codec.http.DefaultHttpContent.touch(DefaultHttpContent.java:24)
	io.netty.channel.DefaultChannelPipeline.touch(DefaultChannelPipeline.java:116)
	io.netty.channel.AbstractChannelHandlerContext.invokeChannelRead(AbstractChannelHandlerContext.java:357)
	io.netty.channel.AbstractChannelHandlerContext.fireChannelRead(AbstractChannelHandlerContext.java:352)
	io.netty.channel.CombinedChannelDuplexHandler$DelegatingChannelHandlerContext.fireChannelRead(CombinedChannelDuplexHandler.java:438)
	io.netty.handler.codec.ByteToMessageDecoder.fireChannelRead(ByteToMessageDecoder.java:323)
	io.netty.handler.codec.ByteToMessageDecoder.fireChannelRead(ByteToMessageDecoder.java:310)
	io.netty.handler.codec.ByteToMessageDecoder.callDecode(ByteToMessageDecoder.java:426)
	io.netty.handler.codec.ByteToMessageDecoder.channelRead(ByteToMessageDecoder.java:278)
	io.netty.channel.CombinedChannelDuplexHandler.channelRead(CombinedChannelDuplexHandler.java:253)
	io.netty.channel.AbstractChannelHandlerContext.invokeChannelRead(AbstractChannelHandlerContext.java:374)
	io.netty.channel.AbstractChannelHandlerContext.invokeChannelRead(AbstractChannelHandlerContext.java:360)
	io.netty.channel.AbstractChannelHandlerContext.fireChannelRead(AbstractChannelHandlerContext.java:352)
	io.netty.channel.DefaultChannelPipeline$HeadContext.channelRead(DefaultChannelPipeline.java:1408)
	io.netty.channel.AbstractChannelHandlerContext.invokeChannelRead(AbstractChannelHandlerContext.java:374)
	io.netty.channel.AbstractChannelHandlerContext.invokeChannelRead(AbstractChannelHandlerContext.java:360)
	io.netty.channel.DefaultChannelPipeline.fireChannelRead(DefaultChannelPipeline.java:930)
	io.netty.channel.nio.AbstractNioByteChannel$NioByteUnsafe.read(AbstractNioByteChannel.java:163)
	io.netty.channel.nio.NioEventLoop.processSelectedKey(NioEventLoop.java:682)
	io.netty.channel.nio.NioEventLoop.processSelectedKeysOptimized(NioEventLoop.java:617)
	io.netty.channel.nio.NioEventLoop.processSelectedKeys(NioEventLoop.java:534)
	io.netty.channel.nio.NioEventLoop.run(NioEventLoop.java:496)
	io.netty.util.concurrent.SingleThreadEventExecutor$5.run(SingleThreadEventExecutor.java:906)
	io.netty.util.internal.ThreadExecutorMap$2.run(ThreadExecutorMap.java:74)
	io.netty.util.concurrent.FastThreadLocalRunnable.run(FastThreadLocalRunnable.java:30)
	java.lang.Thread.run(Thread.java:748)
Created at:
	io.netty.buffer.SimpleLeakAwareByteBuf.unwrappedDerived(SimpleLeakAwareByteBuf.java:143)
	io.netty.buffer.SimpleLeakAwareByteBuf.readRetainedSlice(SimpleLeakAwareByteBuf.java:67)
	io.netty.buffer.AdvancedLeakAwareByteBuf.readRetainedSlice(AdvancedLeakAwareByteBuf.java:107)
	io.netty.handler.codec.http.HttpObjectDecoder.decode(HttpObjectDecoder.java:336)
	io.netty.handler.codec.http.HttpServerCodec$HttpServerRequestDecoder.decode(HttpServerCodec.java:103)
	io.netty.handler.codec.ByteToMessageDecoder.decodeRemovalReentryProtection(ByteToMessageDecoder.java:502)
	io.netty.handler.codec.ByteToMessageDecoder.callDecode(ByteToMessageDecoder.java:441)
	io.netty.handler.codec.ByteToMessageDecoder.channelRead(ByteToMessageDecoder.java:278)
	io.netty.channel.CombinedChannelDuplexHandler.channelRead(CombinedChannelDuplexHandler.java:253)
	io.netty.channel.AbstractChannelHandlerContext.invokeChannelRead(AbstractChannelHandlerContext.java:374)
	io.netty.channel.AbstractChannelHandlerContext.invokeChannelRead(AbstractChannelHandlerContext.java:360)
	io.netty.channel.AbstractChannelHandlerContext.fireChannelRead(AbstractChannelHandlerContext.java:352)
	io.netty.channel.DefaultChannelPipeline$HeadContext.channelRead(DefaultChannelPipeline.java:1408)
	io.netty.channel.AbstractChannelHandlerContext.invokeChannelRead(AbstractChannelHandlerContext.java:374)
	io.netty.channel.AbstractChannelHandlerContext.invokeChannelRead(AbstractChannelHandlerContext.java:360)
	io.netty.channel.DefaultChannelPipeline.fireChannelRead(DefaultChannelPipeline.java:930)
	io.netty.channel.nio.AbstractNioByteChannel$NioByteUnsafe.read(AbstractNioByteChannel.java:163)
	io.netty.channel.nio.NioEventLoop.processSelectedKey(NioEventLoop.java:682)
	io.netty.channel.nio.NioEventLoop.processSelectedKeysOptimized(NioEventLoop.java:617)
	io.netty.channel.nio.NioEventLoop.processSelectedKeys(NioEventLoop.java:534)
	io.netty.channel.nio.NioEventLoop.run(NioEventLoop.java:496)
	io.netty.util.concurrent.SingleThreadEventExecutor$5.run(SingleThreadEventExecutor.java:906)
	io.netty.util.internal.ThreadExecutorMap$2.run(ThreadExecutorMap.java:74)
	io.netty.util.concurrent.FastThreadLocalRunnable.run(FastThreadLocalRunnable.java:30)
	java.lang.Thread.run(Thread.java:748)
: 3 leak records were discarded because they were duplicates
: 16 leak records were discarded because the leak record count is targeted to 4. Use system property io.netty.leakDetection.targetRecords to increase the limit.
22:42:57.815 [reactor-http-nio-6] ERROR i.n.u.ResourceLeakDetector - LEAK: ByteBuf.release() was not called before it's garbage-collected. See http://netty.io/wiki/reference-counted-objects.html for more information.
Recent access records: 
#1:
	io.netty.buffer.AdvancedLeakAwareByteBuf.order(AdvancedLeakAwareByteBuf.java:70)
	io.netty.buffer.CompositeByteBuf.newComponent(CompositeByteBuf.java:318)
	io.netty.buffer.CompositeByteBuf.addComponent0(CompositeByteBuf.java:280)
	io.netty.buffer.CompositeByteBuf.addComponent(CompositeByteBuf.java:265)
	io.netty.buffer.CompositeByteBuf.addComponent(CompositeByteBuf.java:222)
	io.netty.buffer.WrappedCompositeByteBuf.addComponent(WrappedCompositeByteBuf.java:529)
	io.netty.buffer.AdvancedLeakAwareCompositeByteBuf.addComponent(AdvancedLeakAwareCompositeByteBuf.java:921)
	org.springframework.core.io.buffer.NettyDataBufferFactory.join(NettyDataBufferFactory.java:111)
	org.springframework.core.io.buffer.DataBufferUtils.joinAndStrip(DataBufferUtils.java:686)
	org.springframework.core.io.buffer.DataBufferUtils.lambda$split$20(DataBufferUtils.java:605)
	reactor.core.publisher.FluxMap$MapConditionalSubscriber.onNext(FluxMap.java:199)
	reactor.core.publisher.FluxBufferPredicate$BufferPredicateSubscriber.emit(FluxBufferPredicate.java:290)
	reactor.core.publisher.FluxBufferPredicate$BufferPredicateSubscriber.onNextNewBuffer(FluxBufferPredicate.java:257)
	reactor.core.publisher.FluxBufferPredicate$BufferPredicateSubscriber.tryOnNext(FluxBufferPredicate.java:211)
	reactor.core.publisher.FluxBufferPredicate$BufferPredicateSubscriber.onNext(FluxBufferPredicate.java:184)
	reactor.core.publisher.FluxFlatMap$FlatMapMain.drainLoop(FluxFlatMap.java:664)
	reactor.core.publisher.FluxFlatMap$FlatMapMain.drain(FluxFlatMap.java:540)
	reactor.core.publisher.FluxFlatMap$FlatMapInner.onSubscribe(FluxFlatMap.java:924)
	reactor.core.publisher.FluxIterable.subscribe(FluxIterable.java:139)
	reactor.core.publisher.FluxIterable.subscribe(FluxIterable.java:63)
	reactor.core.publisher.Flux.subscribe(Flux.java:7922)
	reactor.core.publisher.FluxFlatMap$FlatMapMain.onNext(FluxFlatMap.java:389)
	reactor.core.publisher.FluxConcatMap$ConcatMapImmediate.innerNext(FluxConcatMap.java:275)
	reactor.core.publisher.FluxConcatMap$ConcatMapInner.onNext(FluxConcatMap.java:849)
	reactor.core.publisher.FluxConcatMap$WeakScalarSubscription.request(FluxConcatMap.java:470)
	reactor.core.publisher.Operators$MultiSubscriptionSubscriber.set(Operators.java:1939)
	reactor.core.publisher.FluxConcatMap$ConcatMapImmediate.drain(FluxConcatMap.java:436)
	reactor.core.publisher.FluxConcatMap$ConcatMapImmediate.onNext(FluxConcatMap.java:244)
	reactor.core.publisher.FluxMap$MapSubscriber.onNext(FluxMap.java:114)
	reactor.core.publisher.FluxPeek$PeekSubscriber.onNext(FluxPeek.java:192)
	reactor.core.publisher.FluxMap$MapSubscriber.onNext(FluxMap.java:114)
	reactor.netty.channel.FluxReceive.drainReceiver(FluxReceive.java:206)
	reactor.netty.channel.FluxReceive.onInboundNext(FluxReceive.java:322)
	reactor.netty.channel.ChannelOperations.onInboundNext(ChannelOperations.java:335)
	reactor.netty.http.server.HttpServerOperations.onInboundNext(HttpServerOperations.java:456)
	reactor.netty.channel.ChannelOperationsHandler.channelRead(ChannelOperationsHandler.java:91)
	io.netty.channel.AbstractChannelHandlerContext.invokeChannelRead(AbstractChannelHandlerContext.java:374)
	io.netty.channel.AbstractChannelHandlerContext.invokeChannelRead(AbstractChannelHandlerContext.java:360)
	io.netty.channel.AbstractChannelHandlerContext.fireChannelRead(AbstractChannelHandlerContext.java:352)
	reactor.netty.http.server.HttpTrafficHandler.channelRead(HttpTrafficHandler.java:190)
	io.netty.channel.AbstractChannelHandlerContext.invokeChannelRead(AbstractChannelHandlerContext.java:374)
	io.netty.channel.AbstractChannelHandlerContext.invokeChannelRead(AbstractChannelHandlerContext.java:360)
	io.netty.channel.AbstractChannelHandlerContext.fireChannelRead(AbstractChannelHandlerContext.java:352)
	io.netty.channel.CombinedChannelDuplexHandler$DelegatingChannelHandlerContext.fireChannelRead(CombinedChannelDuplexHandler.java:438)
	io.netty.handler.codec.ByteToMessageDecoder.fireChannelRead(ByteToMessageDecoder.java:323)
	io.netty.handler.codec.ByteToMessageDecoder.fireChannelRead(ByteToMessageDecoder.java:310)
	io.netty.handler.codec.ByteToMessageDecoder.callDecode(ByteToMessageDecoder.java:426)
	io.netty.handler.codec.ByteToMessageDecoder.channelRead(ByteToMessageDecoder.java:278)
	io.netty.channel.CombinedChannelDuplexHandler.channelRead(CombinedChannelDuplexHandler.java:253)
	io.netty.channel.AbstractChannelHandlerContext.invokeChannelRead(AbstractChannelHandlerContext.java:374)
	io.netty.channel.AbstractChannelHandlerContext.invokeChannelRead(AbstractChannelHandlerContext.java:360)
	io.netty.channel.AbstractChannelHandlerContext.fireChannelRead(AbstractChannelHandlerContext.java:352)
	io.netty.channel.DefaultChannelPipeline$HeadContext.channelRead(DefaultChannelPipeline.java:1408)
	io.netty.channel.AbstractChannelHandlerContext.invokeChannelRead(AbstractChannelHandlerContext.java:374)
	io.netty.channel.AbstractChannelHandlerContext.invokeChannelRead(AbstractChannelHandlerContext.java:360)
	io.netty.channel.DefaultChannelPipeline.fireChannelRead(DefaultChannelPipeline.java:930)
	io.netty.channel.nio.AbstractNioByteChannel$NioByteUnsafe.read(AbstractNioByteChannel.java:163)
	io.netty.channel.nio.NioEventLoop.processSelectedKey(NioEventLoop.java:682)
	io.netty.channel.nio.NioEventLoop.processSelectedKeysOptimized(NioEventLoop.java:617)
	io.netty.channel.nio.NioEventLoop.processSelectedKeys(NioEventLoop.java:534)
	io.netty.channel.nio.NioEventLoop.run(NioEventLoop.java:496)
	io.netty.util.concurrent.SingleThreadEventExecutor$5.run(SingleThreadEventExecutor.java:906)
	io.netty.util.internal.ThreadExecutorMap$2.run(ThreadExecutorMap.java:74)
	io.netty.util.concurrent.FastThreadLocalRunnable.run(FastThreadLocalRunnable.java:30)
	java.lang.Thread.run(Thread.java:748)
#2:
	io.netty.buffer.AdvancedLeakAwareByteBuf.getByte(AdvancedLeakAwareByteBuf.java:154)
	org.springframework.core.io.buffer.NettyDataBuffer.getByte(NettyDataBuffer.java:132)
	org.springframework.core.io.buffer.DataBufferUtils$KnuthMorrisPrattMatcher.match(DataBufferUtils.java:1005)
	org.springframework.core.io.buffer.DataBufferUtils.endFrameAfterDelimiter(DataBufferUtils.java:634)
	org.springframework.core.io.buffer.DataBufferUtils.lambda$split$18(DataBufferUtils.java:603)
	reactor.core.publisher.FluxFlatMap$FlatMapMain.onNext(FluxFlatMap.java:350)
	reactor.core.publisher.FluxConcatMap$ConcatMapImmediate.innerNext(FluxConcatMap.java:275)
	reactor.core.publisher.FluxConcatMap$ConcatMapInner.onNext(FluxConcatMap.java:849)
	reactor.core.publisher.FluxConcatMap$WeakScalarSubscription.request(FluxConcatMap.java:470)
	reactor.core.publisher.Operators$MultiSubscriptionSubscriber.set(Operators.java:1939)
	reactor.core.publisher.FluxConcatMap$ConcatMapImmediate.drain(FluxConcatMap.java:436)
	reactor.core.publisher.FluxConcatMap$ConcatMapImmediate.onNext(FluxConcatMap.java:244)
	reactor.core.publisher.FluxMap$MapSubscriber.onNext(FluxMap.java:114)
	reactor.core.publisher.FluxPeek$PeekSubscriber.onNext(FluxPeek.java:192)
	reactor.core.publisher.FluxMap$MapSubscriber.onNext(FluxMap.java:114)
	reactor.netty.channel.FluxReceive.drainReceiver(FluxReceive.java:206)
	reactor.netty.channel.FluxReceive.onInboundNext(FluxReceive.java:322)
	reactor.netty.channel.ChannelOperations.onInboundNext(ChannelOperations.java:335)
	reactor.netty.http.server.HttpServerOperations.onInboundNext(HttpServerOperations.java:456)
	reactor.netty.channel.ChannelOperationsHandler.channelRead(ChannelOperationsHandler.java:91)
	io.netty.channel.AbstractChannelHandlerContext.invokeChannelRead(AbstractChannelHandlerContext.java:374)
	io.netty.channel.AbstractChannelHandlerContext.invokeChannelRead(AbstractChannelHandlerContext.java:360)
	io.netty.channel.AbstractChannelHandlerContext.fireChannelRead(AbstractChannelHandlerContext.java:352)
	reactor.netty.http.server.HttpTrafficHandler.channelRead(HttpTrafficHandler.java:190)
	io.netty.channel.AbstractChannelHandlerContext.invokeChannelRead(AbstractChannelHandlerContext.java:374)
	io.netty.channel.AbstractChannelHandlerContext.invokeChannelRead(AbstractChannelHandlerContext.java:360)
	io.netty.channel.AbstractChannelHandlerContext.fireChannelRead(AbstractChannelHandlerContext.java:352)
	io.netty.channel.CombinedChannelDuplexHandler$DelegatingChannelHandlerContext.fireChannelRead(CombinedChannelDuplexHandler.java:438)
	io.netty.handler.codec.ByteToMessageDecoder.fireChannelRead(ByteToMessageDecoder.java:323)
	io.netty.handler.codec.ByteToMessageDecoder.fireChannelRead(ByteToMessageDecoder.java:310)
	io.netty.handler.codec.ByteToMessageDecoder.callDecode(ByteToMessageDecoder.java:426)
	io.netty.handler.codec.ByteToMessageDecoder.channelRead(ByteToMessageDecoder.java:278)
	io.netty.channel.CombinedChannelDuplexHandler.channelRead(CombinedChannelDuplexHandler.java:253)
	io.netty.channel.AbstractChannelHandlerContext.invokeChannelRead(AbstractChannelHandlerContext.java:374)
	io.netty.channel.AbstractChannelHandlerContext.invokeChannelRead(AbstractChannelHandlerContext.java:360)
	io.netty.channel.AbstractChannelHandlerContext.fireChannelRead(AbstractChannelHandlerContext.java:352)
	io.netty.channel.DefaultChannelPipeline$HeadContext.channelRead(DefaultChannelPipeline.java:1408)
	io.netty.channel.AbstractChannelHandlerContext.invokeChannelRead(AbstractChannelHandlerContext.java:374)
	io.netty.channel.AbstractChannelHandlerContext.invokeChannelRead(AbstractChannelHandlerContext.java:360)
	io.netty.channel.DefaultChannelPipeline.fireChannelRead(DefaultChannelPipeline.java:930)
	io.netty.channel.nio.AbstractNioByteChannel$NioByteUnsafe.read(AbstractNioByteChannel.java:163)
	io.netty.channel.nio.NioEventLoop.processSelectedKey(NioEventLoop.java:682)
	io.netty.channel.nio.NioEventLoop.processSelectedKeysOptimized(NioEventLoop.java:617)
	io.netty.channel.nio.NioEventLoop.processSelectedKeys(NioEventLoop.java:534)
	io.netty.channel.nio.NioEventLoop.run(NioEventLoop.java:496)
	io.netty.util.concurrent.SingleThreadEventExecutor$5.run(SingleThreadEventExecutor.java:906)
	io.netty.util.internal.ThreadExecutorMap$2.run(ThreadExecutorMap.java:74)
	io.netty.util.concurrent.FastThreadLocalRunnable.run(FastThreadLocalRunnable.java:30)
	java.lang.Thread.run(Thread.java:748)
#3:
	reactor.core.publisher.FluxPeek$PeekSubscriber.onNext(FluxPeek.java:177)
	reactor.core.publisher.FluxMap$MapSubscriber.onNext(FluxMap.java:114)
	reactor.netty.channel.FluxReceive.drainReceiver(FluxReceive.java:206)
	reactor.netty.channel.FluxReceive.onInboundNext(FluxReceive.java:322)
	reactor.netty.channel.ChannelOperations.onInboundNext(ChannelOperations.java:335)
	reactor.netty.http.server.HttpServerOperations.onInboundNext(HttpServerOperations.java:456)
	reactor.netty.channel.ChannelOperationsHandler.channelRead(ChannelOperationsHandler.java:91)
	io.netty.channel.AbstractChannelHandlerContext.invokeChannelRead(AbstractChannelHandlerContext.java:374)
	io.netty.channel.AbstractChannelHandlerContext.invokeChannelRead(AbstractChannelHandlerContext.java:360)
	io.netty.channel.AbstractChannelHandlerContext.fireChannelRead(AbstractChannelHandlerContext.java:352)
	reactor.netty.http.server.HttpTrafficHandler.channelRead(HttpTrafficHandler.java:190)
	io.netty.channel.AbstractChannelHandlerContext.invokeChannelRead(AbstractChannelHandlerContext.java:374)
	io.netty.channel.AbstractChannelHandlerContext.invokeChannelRead(AbstractChannelHandlerContext.java:360)
	io.netty.channel.AbstractChannelHandlerContext.fireChannelRead(AbstractChannelHandlerContext.java:352)
	io.netty.channel.CombinedChannelDuplexHandler$DelegatingChannelHandlerContext.fireChannelRead(CombinedChannelDuplexHandler.java:438)
	io.netty.handler.codec.ByteToMessageDecoder.fireChannelRead(ByteToMessageDecoder.java:323)
	io.netty.handler.codec.ByteToMessageDecoder.fireChannelRead(ByteToMessageDecoder.java:310)
	io.netty.handler.codec.ByteToMessageDecoder.callDecode(ByteToMessageDecoder.java:426)
	io.netty.handler.codec.ByteToMessageDecoder.channelRead(ByteToMessageDecoder.java:278)
	io.netty.channel.CombinedChannelDuplexHandler.channelRead(CombinedChannelDuplexHandler.java:253)
	io.netty.channel.AbstractChannelHandlerContext.invokeChannelRead(AbstractChannelHandlerContext.java:374)
	io.netty.channel.AbstractChannelHandlerContext.invokeChannelRead(AbstractChannelHandlerContext.java:360)
	io.netty.channel.AbstractChannelHandlerContext.fireChannelRead(AbstractChannelHandlerContext.java:352)
	io.netty.channel.DefaultChannelPipeline$HeadContext.channelRead(DefaultChannelPipeline.java:1408)
	io.netty.channel.AbstractChannelHandlerContext.invokeChannelRead(AbstractChannelHandlerContext.java:374)
	io.netty.channel.AbstractChannelHandlerContext.invokeChannelRead(AbstractChannelHandlerContext.java:360)
	io.netty.channel.DefaultChannelPipeline.fireChannelRead(DefaultChannelPipeline.java:930)
	io.netty.channel.nio.AbstractNioByteChannel$NioByteUnsafe.read(AbstractNioByteChannel.java:163)
	io.netty.channel.nio.NioEventLoop.processSelectedKey(NioEventLoop.java:682)
	io.netty.channel.nio.NioEventLoop.processSelectedKeysOptimized(NioEventLoop.java:617)
	io.netty.channel.nio.NioEventLoop.processSelectedKeys(NioEventLoop.java:534)
	io.netty.channel.nio.NioEventLoop.run(NioEventLoop.java:496)
	io.netty.util.concurrent.SingleThreadEventExecutor$5.run(SingleThreadEventExecutor.java:906)
	io.netty.util.internal.ThreadExecutorMap$2.run(ThreadExecutorMap.java:74)
	io.netty.util.concurrent.FastThreadLocalRunnable.run(FastThreadLocalRunnable.java:30)
	java.lang.Thread.run(Thread.java:748)
#4:
	Hint: 'reactor.right.reactiveBridge' will handle the message from this point.
	io.netty.handler.codec.http.DefaultHttpContent.touch(DefaultHttpContent.java:88)
	io.netty.handler.codec.http.DefaultHttpContent.touch(DefaultHttpContent.java:24)
	io.netty.channel.DefaultChannelPipeline.touch(DefaultChannelPipeline.java:116)
	io.netty.channel.AbstractChannelHandlerContext.invokeChannelRead(AbstractChannelHandlerContext.java:357)
	io.netty.channel.AbstractChannelHandlerContext.fireChannelRead(AbstractChannelHandlerContext.java:352)
	reactor.netty.http.server.HttpTrafficHandler.channelRead(HttpTrafficHandler.java:190)
	io.netty.channel.AbstractChannelHandlerContext.invokeChannelRead(AbstractChannelHandlerContext.java:374)
	io.netty.channel.AbstractChannelHandlerContext.invokeChannelRead(AbstractChannelHandlerContext.java:360)
	io.netty.channel.AbstractChannelHandlerContext.fireChannelRead(AbstractChannelHandlerContext.java:352)
	io.netty.channel.CombinedChannelDuplexHandler$DelegatingChannelHandlerContext.fireChannelRead(CombinedChannelDuplexHandler.java:438)
	io.netty.handler.codec.ByteToMessageDecoder.fireChannelRead(ByteToMessageDecoder.java:323)
	io.netty.handler.codec.ByteToMessageDecoder.fireChannelRead(ByteToMessageDecoder.java:310)
	io.netty.handler.codec.ByteToMessageDecoder.callDecode(ByteToMessageDecoder.java:426)
	io.netty.handler.codec.ByteToMessageDecoder.channelRead(ByteToMessageDecoder.java:278)
	io.netty.channel.CombinedChannelDuplexHandler.channelRead(CombinedChannelDuplexHandler.java:253)
	io.netty.channel.AbstractChannelHandlerContext.invokeChannelRead(AbstractChannelHandlerContext.java:374)
	io.netty.channel.AbstractChannelHandlerContext.invokeChannelRead(AbstractChannelHandlerContext.java:360)
	io.netty.channel.AbstractChannelHandlerContext.fireChannelRead(AbstractChannelHandlerContext.java:352)
	io.netty.channel.DefaultChannelPipeline$HeadContext.channelRead(DefaultChannelPipeline.java:1408)
	io.netty.channel.AbstractChannelHandlerContext.invokeChannelRead(AbstractChannelHandlerContext.java:374)
	io.netty.channel.AbstractChannelHandlerContext.invokeChannelRead(AbstractChannelHandlerContext.java:360)
	io.netty.channel.DefaultChannelPipeline.fireChannelRead(DefaultChannelPipeline.java:930)
	io.netty.channel.nio.AbstractNioByteChannel$NioByteUnsafe.read(AbstractNioByteChannel.java:163)
	io.netty.channel.nio.NioEventLoop.processSelectedKey(NioEventLoop.java:682)
	io.netty.channel.nio.NioEventLoop.processSelectedKeysOptimized(NioEventLoop.java:617)
	io.netty.channel.nio.NioEventLoop.processSelectedKeys(NioEventLoop.java:534)
	io.netty.channel.nio.NioEventLoop.run(NioEventLoop.java:496)
	io.netty.util.concurrent.SingleThreadEventExecutor$5.run(SingleThreadEventExecutor.java:906)
	io.netty.util.internal.ThreadExecutorMap$2.run(ThreadExecutorMap.java:74)
	io.netty.util.concurrent.FastThreadLocalRunnable.run(FastThreadLocalRunnable.java:30)
	java.lang.Thread.run(Thread.java:748)
#5:
	Hint: 'reactor.left.httpTrafficHandler' will handle the message from this point.
	io.netty.handler.codec.http.DefaultHttpContent.touch(DefaultHttpContent.java:88)
	io.netty.handler.codec.http.DefaultHttpContent.touch(DefaultHttpContent.java:24)
	io.netty.channel.DefaultChannelPipeline.touch(DefaultChannelPipeline.java:116)
	io.netty.channel.AbstractChannelHandlerContext.invokeChannelRead(AbstractChannelHandlerContext.java:357)
	io.netty.channel.AbstractChannelHandlerContext.fireChannelRead(AbstractChannelHandlerContext.java:352)
	io.netty.channel.CombinedChannelDuplexHandler$DelegatingChannelHandlerContext.fireChannelRead(CombinedChannelDuplexHandler.java:438)
	io.netty.handler.codec.ByteToMessageDecoder.fireChannelRead(ByteToMessageDecoder.java:323)
	io.netty.handler.codec.ByteToMessageDecoder.fireChannelRead(ByteToMessageDecoder.java:310)
	io.netty.handler.codec.ByteToMessageDecoder.callDecode(ByteToMessageDecoder.java:426)
	io.netty.handler.codec.ByteToMessageDecoder.channelRead(ByteToMessageDecoder.java:278)
	io.netty.channel.CombinedChannelDuplexHandler.channelRead(CombinedChannelDuplexHandler.java:253)
	io.netty.channel.AbstractChannelHandlerContext.invokeChannelRead(AbstractChannelHandlerContext.java:374)
	io.netty.channel.AbstractChannelHandlerContext.invokeChannelRead(AbstractChannelHandlerContext.java:360)
	io.netty.channel.AbstractChannelHandlerContext.fireChannelRead(AbstractChannelHandlerContext.java:352)
	io.netty.channel.DefaultChannelPipeline$HeadContext.channelRead(DefaultChannelPipeline.java:1408)
	io.netty.channel.AbstractChannelHandlerContext.invokeChannelRead(AbstractChannelHandlerContext.java:374)
	io.netty.channel.AbstractChannelHandlerContext.invokeChannelRead(AbstractChannelHandlerContext.java:360)
	io.netty.channel.DefaultChannelPipeline.fireChannelRead(DefaultChannelPipeline.java:930)
	io.netty.channel.nio.AbstractNioByteChannel$NioByteUnsafe.read(AbstractNioByteChannel.java:163)
	io.netty.channel.nio.NioEventLoop.processSelectedKey(NioEventLoop.java:682)
	io.netty.channel.nio.NioEventLoop.processSelectedKeysOptimized(NioEventLoop.java:617)
	io.netty.channel.nio.NioEventLoop.processSelectedKeys(NioEventLoop.java:534)
	io.netty.channel.nio.NioEventLoop.run(NioEventLoop.java:496)
	io.netty.util.concurrent.SingleThreadEventExecutor$5.run(SingleThreadEventExecutor.java:906)
	io.netty.util.internal.ThreadExecutorMap$2.run(ThreadExecutorMap.java:74)
	io.netty.util.concurrent.FastThreadLocalRunnable.run(FastThreadLocalRunnable.java:30)
	java.lang.Thread.run(Thread.java:748)
Created at:
	io.netty.buffer.SimpleLeakAwareByteBuf.unwrappedDerived(SimpleLeakAwareByteBuf.java:143)
	io.netty.buffer.SimpleLeakAwareByteBuf.readRetainedSlice(SimpleLeakAwareByteBuf.java:67)
	io.netty.buffer.AdvancedLeakAwareByteBuf.readRetainedSlice(AdvancedLeakAwareByteBuf.java:107)
	io.netty.handler.codec.http.HttpObjectDecoder.decode(HttpObjectDecoder.java:336)
	io.netty.handler.codec.http.HttpServerCodec$HttpServerRequestDecoder.decode(HttpServerCodec.java:103)
	io.netty.handler.codec.ByteToMessageDecoder.decodeRemovalReentryProtection(ByteToMessageDecoder.java:502)
	io.netty.handler.codec.ByteToMessageDecoder.callDecode(ByteToMessageDecoder.java:441)
	io.netty.handler.codec.ByteToMessageDecoder.channelRead(ByteToMessageDecoder.java:278)
	io.netty.channel.CombinedChannelDuplexHandler.channelRead(CombinedChannelDuplexHandler.java:253)
	io.netty.channel.AbstractChannelHandlerContext.invokeChannelRead(AbstractChannelHandlerContext.java:374)
	io.netty.channel.AbstractChannelHandlerContext.invokeChannelRead(AbstractChannelHandlerContext.java:360)
	io.netty.channel.AbstractChannelHandlerContext.fireChannelRead(AbstractChannelHandlerContext.java:352)
	io.netty.channel.DefaultChannelPipeline$HeadContext.channelRead(DefaultChannelPipeline.java:1408)
	io.netty.channel.AbstractChannelHandlerContext.invokeChannelRead(AbstractChannelHandlerContext.java:374)
	io.netty.channel.AbstractChannelHandlerContext.invokeChannelRead(AbstractChannelHandlerContext.java:360)
	io.netty.channel.DefaultChannelPipeline.fireChannelRead(DefaultChannelPipeline.java:930)
	io.netty.channel.nio.AbstractNioByteChannel$NioByteUnsafe.read(AbstractNioByteChannel.java:163)
	io.netty.channel.nio.NioEventLoop.processSelectedKey(NioEventLoop.java:682)
	io.netty.channel.nio.NioEventLoop.processSelectedKeysOptimized(NioEventLoop.java:617)
	io.netty.channel.nio.NioEventLoop.processSelectedKeys(NioEventLoop.java:534)
	io.netty.channel.nio.NioEventLoop.run(NioEventLoop.java:496)
	io.netty.util.concurrent.SingleThreadEventExecutor$5.run(SingleThreadEventExecutor.java:906)
	io.netty.util.internal.ThreadExecutorMap$2.run(ThreadExecutorMap.java:74)
	io.netty.util.concurrent.FastThreadLocalRunnable.run(FastThreadLocalRunnable.java:30)
	java.lang.Thread.run(Thread.java:748)
: 11 leak records were discarded because they were duplicates
: 4088 leak records were discarded because the leak record count is targeted to 4. Use system property io.netty.leakDetection.targetRecords to increase the limit.
22:42:57.817 [reactor-http-nio-6] ERROR i.n.u.ResourceLeakDetector - LEAK: ByteBuf.release() was not called before it's garbage-collected. See http://netty.io/wiki/reference-counted-objects.html for more information.
Recent access records: 
#1:
	io.netty.buffer.AdvancedLeakAwareByteBuf.order(AdvancedLeakAwareByteBuf.java:70)
	io.netty.buffer.CompositeByteBuf.newComponent(CompositeByteBuf.java:318)
	io.netty.buffer.CompositeByteBuf.addComponent0(CompositeByteBuf.java:280)
	io.netty.buffer.CompositeByteBuf.addComponent(CompositeByteBuf.java:265)
	io.netty.buffer.CompositeByteBuf.addComponent(CompositeByteBuf.java:222)
	io.netty.buffer.WrappedCompositeByteBuf.addComponent(WrappedCompositeByteBuf.java:529)
	io.netty.buffer.AdvancedLeakAwareCompositeByteBuf.addComponent(AdvancedLeakAwareCompositeByteBuf.java:921)
	org.springframework.core.io.buffer.NettyDataBufferFactory.join(NettyDataBufferFactory.java:111)
	org.springframework.core.io.buffer.DataBufferUtils.joinAndStrip(DataBufferUtils.java:686)
	org.springframework.core.io.buffer.DataBufferUtils.lambda$split$20(DataBufferUtils.java:605)
	reactor.core.publisher.FluxMap$MapConditionalSubscriber.onNext(FluxMap.java:199)
	reactor.core.publisher.FluxBufferPredicate$BufferPredicateSubscriber.emit(FluxBufferPredicate.java:290)
	reactor.core.publisher.FluxBufferPredicate$BufferPredicateSubscriber.onNextNewBuffer(FluxBufferPredicate.java:257)
	reactor.core.publisher.FluxBufferPredicate$BufferPredicateSubscriber.tryOnNext(FluxBufferPredicate.java:211)
	reactor.core.publisher.FluxBufferPredicate$BufferPredicateSubscriber.onNext(FluxBufferPredicate.java:184)
	reactor.core.publisher.FluxFlatMap$FlatMapMain.drainLoop(FluxFlatMap.java:664)
	reactor.core.publisher.FluxFlatMap$FlatMapMain.drain(FluxFlatMap.java:540)
	reactor.core.publisher.FluxFlatMap$FlatMapInner.onSubscribe(FluxFlatMap.java:924)
	reactor.core.publisher.FluxIterable.subscribe(FluxIterable.java:139)
	reactor.core.publisher.FluxIterable.subscribe(FluxIterable.java:63)
	reactor.core.publisher.Flux.subscribe(Flux.java:7922)
	reactor.core.publisher.FluxFlatMap$FlatMapMain.onNext(FluxFlatMap.java:389)
	reactor.core.publisher.FluxConcatMap$ConcatMapImmediate.innerNext(FluxConcatMap.java:275)
	reactor.core.publisher.FluxConcatMap$ConcatMapInner.onNext(FluxConcatMap.java:849)
	reactor.core.publisher.FluxConcatMap$WeakScalarSubscription.request(FluxConcatMap.java:470)
	reactor.core.publisher.Operators$MultiSubscriptionSubscriber.set(Operators.java:1939)
	reactor.core.publisher.FluxConcatMap$ConcatMapImmediate.drain(FluxConcatMap.java:436)
	reactor.core.publisher.FluxConcatMap$ConcatMapImmediate.onNext(FluxConcatMap.java:244)
	reactor.core.publisher.FluxMap$MapSubscriber.onNext(FluxMap.java:114)
	reactor.core.publisher.FluxPeek$PeekSubscriber.onNext(FluxPeek.java:192)
	reactor.core.publisher.FluxMap$MapSubscriber.onNext(FluxMap.java:114)
	reactor.netty.channel.FluxReceive.drainReceiver(FluxReceive.java:206)
	reactor.netty.channel.FluxReceive.onInboundNext(FluxReceive.java:322)
	reactor.netty.channel.ChannelOperations.onInboundNext(ChannelOperations.java:335)
	reactor.netty.http.server.HttpServerOperations.onInboundNext(HttpServerOperations.java:456)
	reactor.netty.channel.ChannelOperationsHandler.channelRead(ChannelOperationsHandler.java:91)
	io.netty.channel.AbstractChannelHandlerContext.invokeChannelRead(AbstractChannelHandlerContext.java:374)
	io.netty.channel.AbstractChannelHandlerContext.invokeChannelRead(AbstractChannelHandlerContext.java:360)
	io.netty.channel.AbstractChannelHandlerContext.fireChannelRead(AbstractChannelHandlerContext.java:352)
	reactor.netty.http.server.HttpTrafficHandler.channelRead(HttpTrafficHandler.java:190)
	io.netty.channel.AbstractChannelHandlerContext.invokeChannelRead(AbstractChannelHandlerContext.java:374)
	io.netty.channel.AbstractChannelHandlerContext.invokeChannelRead(AbstractChannelHandlerContext.java:360)
	io.netty.channel.AbstractChannelHandlerContext.fireChannelRead(AbstractChannelHandlerContext.java:352)
	io.netty.channel.CombinedChannelDuplexHandler$DelegatingChannelHandlerContext.fireChannelRead(CombinedChannelDuplexHandler.java:438)
	io.netty.handler.codec.ByteToMessageDecoder.fireChannelRead(ByteToMessageDecoder.java:323)
	io.netty.handler.codec.ByteToMessageDecoder.fireChannelRead(ByteToMessageDecoder.java:310)
	io.netty.handler.codec.ByteToMessageDecoder.callDecode(ByteToMessageDecoder.java:426)
	io.netty.handler.codec.ByteToMessageDecoder.channelRead(ByteToMessageDecoder.java:278)
	io.netty.channel.CombinedChannelDuplexHandler.channelRead(CombinedChannelDuplexHandler.java:253)
	io.netty.channel.AbstractChannelHandlerContext.invokeChannelRead(AbstractChannelHandlerContext.java:374)
	io.netty.channel.AbstractChannelHandlerContext.invokeChannelRead(AbstractChannelHandlerContext.java:360)
	io.netty.channel.AbstractChannelHandlerContext.fireChannelRead(AbstractChannelHandlerContext.java:352)
	io.netty.channel.DefaultChannelPipeline$HeadContext.channelRead(DefaultChannelPipeline.java:1408)
	io.netty.channel.AbstractChannelHandlerContext.invokeChannelRead(AbstractChannelHandlerContext.java:374)
	io.netty.channel.AbstractChannelHandlerContext.invokeChannelRead(AbstractChannelHandlerContext.java:360)
	io.netty.channel.DefaultChannelPipeline.fireChannelRead(DefaultChannelPipeline.java:930)
	io.netty.channel.nio.AbstractNioByteChannel$NioByteUnsafe.read(AbstractNioByteChannel.java:163)
	io.netty.channel.nio.NioEventLoop.processSelectedKey(NioEventLoop.java:682)
	io.netty.channel.nio.NioEventLoop.processSelectedKeysOptimized(NioEventLoop.java:617)
	io.netty.channel.nio.NioEventLoop.processSelectedKeys(NioEventLoop.java:534)
	io.netty.channel.nio.NioEventLoop.run(NioEventLoop.java:496)
	io.netty.util.concurrent.SingleThreadEventExecutor$5.run(SingleThreadEventExecutor.java:906)
	io.netty.util.internal.ThreadExecutorMap$2.run(ThreadExecutorMap.java:74)
	io.netty.util.concurrent.FastThreadLocalRunnable.run(FastThreadLocalRunnable.java:30)
	java.lang.Thread.run(Thread.java:748)
#2:
	io.netty.buffer.AdvancedLeakAwareByteBuf.getByte(AdvancedLeakAwareByteBuf.java:154)
	org.springframework.core.io.buffer.NettyDataBuffer.getByte(NettyDataBuffer.java:132)
	org.springframework.core.io.buffer.DataBufferUtils$KnuthMorrisPrattMatcher.match(DataBufferUtils.java:1005)
	org.springframework.core.io.buffer.DataBufferUtils.endFrameAfterDelimiter(DataBufferUtils.java:634)
	org.springframework.core.io.buffer.DataBufferUtils.lambda$split$18(DataBufferUtils.java:603)
	reactor.core.publisher.FluxFlatMap$FlatMapMain.onNext(FluxFlatMap.java:350)
	reactor.core.publisher.FluxConcatMap$ConcatMapImmediate.innerNext(FluxConcatMap.java:275)
	reactor.core.publisher.FluxConcatMap$ConcatMapInner.onNext(FluxConcatMap.java:849)
	reactor.core.publisher.FluxConcatMap$WeakScalarSubscription.request(FluxConcatMap.java:470)
	reactor.core.publisher.Operators$MultiSubscriptionSubscriber.set(Operators.java:1939)
	reactor.core.publisher.FluxConcatMap$ConcatMapImmediate.drain(FluxConcatMap.java:436)
	reactor.core.publisher.FluxConcatMap$ConcatMapImmediate.onNext(FluxConcatMap.java:244)
	reactor.core.publisher.FluxMap$MapSubscriber.onNext(FluxMap.java:114)
	reactor.core.publisher.FluxPeek$PeekSubscriber.onNext(FluxPeek.java:192)
	reactor.core.publisher.FluxMap$MapSubscriber.onNext(FluxMap.java:114)
	reactor.netty.channel.FluxReceive.drainReceiver(FluxReceive.java:206)
	reactor.netty.channel.FluxReceive.onInboundNext(FluxReceive.java:322)
	reactor.netty.channel.ChannelOperations.onInboundNext(ChannelOperations.java:335)
	reactor.netty.http.server.HttpServerOperations.onInboundNext(HttpServerOperations.java:456)
	reactor.netty.channel.ChannelOperationsHandler.channelRead(ChannelOperationsHandler.java:91)
	io.netty.channel.AbstractChannelHandlerContext.invokeChannelRead(AbstractChannelHandlerContext.java:374)
	io.netty.channel.AbstractChannelHandlerContext.invokeChannelRead(AbstractChannelHandlerContext.java:360)
	io.netty.channel.AbstractChannelHandlerContext.fireChannelRead(AbstractChannelHandlerContext.java:352)
	reactor.netty.http.server.HttpTrafficHandler.channelRead(HttpTrafficHandler.java:190)
	io.netty.channel.AbstractChannelHandlerContext.invokeChannelRead(AbstractChannelHandlerContext.java:374)
	io.netty.channel.AbstractChannelHandlerContext.invokeChannelRead(AbstractChannelHandlerContext.java:360)
	io.netty.channel.AbstractChannelHandlerContext.fireChannelRead(AbstractChannelHandlerContext.java:352)
	io.netty.channel.CombinedChannelDuplexHandler$DelegatingChannelHandlerContext.fireChannelRead(CombinedChannelDuplexHandler.java:438)
	io.netty.handler.codec.ByteToMessageDecoder.fireChannelRead(ByteToMessageDecoder.java:323)
	io.netty.handler.codec.ByteToMessageDecoder.channelRead(ByteToMessageDecoder.java:297)
	io.netty.channel.CombinedChannelDuplexHandler.channelRead(CombinedChannelDuplexHandler.java:253)
	io.netty.channel.AbstractChannelHandlerContext.invokeChannelRead(AbstractChannelHandlerContext.java:374)
	io.netty.channel.AbstractChannelHandlerContext.invokeChannelRead(AbstractChannelHandlerContext.java:360)
	io.netty.channel.AbstractChannelHandlerContext.fireChannelRead(AbstractChannelHandlerContext.java:352)
	io.netty.channel.DefaultChannelPipeline$HeadContext.channelRead(DefaultChannelPipeline.java:1408)
	io.netty.channel.AbstractChannelHandlerContext.invokeChannelRead(AbstractChannelHandlerContext.java:374)
	io.netty.channel.AbstractChannelHandlerContext.invokeChannelRead(AbstractChannelHandlerContext.java:360)
	io.netty.channel.DefaultChannelPipeline.fireChannelRead(DefaultChannelPipeline.java:930)
	io.netty.channel.nio.AbstractNioByteChannel$NioByteUnsafe.read(AbstractNioByteChannel.java:163)
	io.netty.channel.nio.NioEventLoop.processSelectedKey(NioEventLoop.java:682)
	io.netty.channel.nio.NioEventLoop.processSelectedKeysOptimized(NioEventLoop.java:617)
	io.netty.channel.nio.NioEventLoop.processSelectedKeys(NioEventLoop.java:534)
	io.netty.channel.nio.NioEventLoop.run(NioEventLoop.java:496)
	io.netty.util.concurrent.SingleThreadEventExecutor$5.run(SingleThreadEventExecutor.java:906)
	io.netty.util.internal.ThreadExecutorMap$2.run(ThreadExecutorMap.java:74)
	io.netty.util.concurrent.FastThreadLocalRunnable.run(FastThreadLocalRunnable.java:30)
	java.lang.Thread.run(Thread.java:748)
#3:
	org.springframework.core.io.buffer.NettyDataBufferFactory.wrap(NettyDataBufferFactory.java:93)
	reactor.core.publisher.FluxMap$MapSubscriber.onNext(FluxMap.java:100)
	reactor.core.publisher.FluxPeek$PeekSubscriber.onNext(FluxPeek.java:192)
	reactor.core.publisher.FluxMap$MapSubscriber.onNext(FluxMap.java:114)
	reactor.netty.channel.FluxReceive.drainReceiver(FluxReceive.java:206)
	reactor.netty.channel.FluxReceive.onInboundNext(FluxReceive.java:322)
	reactor.netty.channel.ChannelOperations.onInboundNext(ChannelOperations.java:335)
	reactor.netty.http.server.HttpServerOperations.onInboundNext(HttpServerOperations.java:456)
	reactor.netty.channel.ChannelOperationsHandler.channelRead(ChannelOperationsHandler.java:91)
	io.netty.channel.AbstractChannelHandlerContext.invokeChannelRead(AbstractChannelHandlerContext.java:374)
	io.netty.channel.AbstractChannelHandlerContext.invokeChannelRead(AbstractChannelHandlerContext.java:360)
	io.netty.channel.AbstractChannelHandlerContext.fireChannelRead(AbstractChannelHandlerContext.java:352)
	reactor.netty.http.server.HttpTrafficHandler.channelRead(HttpTrafficHandler.java:190)
	io.netty.channel.AbstractChannelHandlerContext.invokeChannelRead(AbstractChannelHandlerContext.java:374)
	io.netty.channel.AbstractChannelHandlerContext.invokeChannelRead(AbstractChannelHandlerContext.java:360)
	io.netty.channel.AbstractChannelHandlerContext.fireChannelRead(AbstractChannelHandlerContext.java:352)
	io.netty.channel.CombinedChannelDuplexHandler$DelegatingChannelHandlerContext.fireChannelRead(CombinedChannelDuplexHandler.java:438)
	io.netty.handler.codec.ByteToMessageDecoder.fireChannelRead(ByteToMessageDecoder.java:323)
	io.netty.handler.codec.ByteToMessageDecoder.channelRead(ByteToMessageDecoder.java:297)
	io.netty.channel.CombinedChannelDuplexHandler.channelRead(CombinedChannelDuplexHandler.java:253)
	io.netty.channel.AbstractChannelHandlerContext.invokeChannelRead(AbstractChannelHandlerContext.java:374)
	io.netty.channel.AbstractChannelHandlerContext.invokeChannelRead(AbstractChannelHandlerContext.java:360)
	io.netty.channel.AbstractChannelHandlerContext.fireChannelRead(AbstractChannelHandlerContext.java:352)
	io.netty.channel.DefaultChannelPipeline$HeadContext.channelRead(DefaultChannelPipeline.java:1408)
	io.netty.channel.AbstractChannelHandlerContext.invokeChannelRead(AbstractChannelHandlerContext.java:374)
	io.netty.channel.AbstractChannelHandlerContext.invokeChannelRead(AbstractChannelHandlerContext.java:360)
	io.netty.channel.DefaultChannelPipeline.fireChannelRead(DefaultChannelPipeline.java:930)
	io.netty.channel.nio.AbstractNioByteChannel$NioByteUnsafe.read(AbstractNioByteChannel.java:163)
	io.netty.channel.nio.NioEventLoop.processSelectedKey(NioEventLoop.java:682)
	io.netty.channel.nio.NioEventLoop.processSelectedKeysOptimized(NioEventLoop.java:617)
	io.netty.channel.nio.NioEventLoop.processSelectedKeys(NioEventLoop.java:534)
	io.netty.channel.nio.NioEventLoop.run(NioEventLoop.java:496)
	io.netty.util.concurrent.SingleThreadEventExecutor$5.run(SingleThreadEventExecutor.java:906)
	io.netty.util.internal.ThreadExecutorMap$2.run(ThreadExecutorMap.java:74)
	io.netty.util.concurrent.FastThreadLocalRunnable.run(FastThreadLocalRunnable.java:30)
	java.lang.Thread.run(Thread.java:748)
#4:
	reactor.core.publisher.FluxPeek$PeekSubscriber.onNext(FluxPeek.java:177)
	reactor.core.publisher.FluxMap$MapSubscriber.onNext(FluxMap.java:114)
	reactor.netty.channel.FluxReceive.drainReceiver(FluxReceive.java:206)
	reactor.netty.channel.FluxReceive.onInboundNext(FluxReceive.java:322)
	reactor.netty.channel.ChannelOperations.onInboundNext(ChannelOperations.java:335)
	reactor.netty.http.server.HttpServerOperations.onInboundNext(HttpServerOperations.java:456)
	reactor.netty.channel.ChannelOperationsHandler.channelRead(ChannelOperationsHandler.java:91)
	io.netty.channel.AbstractChannelHandlerContext.invokeChannelRead(AbstractChannelHandlerContext.java:374)
	io.netty.channel.AbstractChannelHandlerContext.invokeChannelRead(AbstractChannelHandlerContext.java:360)
	io.netty.channel.AbstractChannelHandlerContext.fireChannelRead(AbstractChannelHandlerContext.java:352)
	reactor.netty.http.server.HttpTrafficHandler.channelRead(HttpTrafficHandler.java:190)
	io.netty.channel.AbstractChannelHandlerContext.invokeChannelRead(AbstractChannelHandlerContext.java:374)
	io.netty.channel.AbstractChannelHandlerContext.invokeChannelRead(AbstractChannelHandlerContext.java:360)
	io.netty.channel.AbstractChannelHandlerContext.fireChannelRead(AbstractChannelHandlerContext.java:352)
	io.netty.channel.CombinedChannelDuplexHandler$DelegatingChannelHandlerContext.fireChannelRead(CombinedChannelDuplexHandler.java:438)
	io.netty.handler.codec.ByteToMessageDecoder.fireChannelRead(ByteToMessageDecoder.java:323)
	io.netty.handler.codec.ByteToMessageDecoder.channelRead(ByteToMessageDecoder.java:297)
	io.netty.channel.CombinedChannelDuplexHandler.channelRead(CombinedChannelDuplexHandler.java:253)
	io.netty.channel.AbstractChannelHandlerContext.invokeChannelRead(AbstractChannelHandlerContext.java:374)
	io.netty.channel.AbstractChannelHandlerContext.invokeChannelRead(AbstractChannelHandlerContext.java:360)
	io.netty.channel.AbstractChannelHandlerContext.fireChannelRead(AbstractChannelHandlerContext.java:352)
	io.netty.channel.DefaultChannelPipeline$HeadContext.channelRead(DefaultChannelPipeline.java:1408)
	io.netty.channel.AbstractChannelHandlerContext.invokeChannelRead(AbstractChannelHandlerContext.java:374)
	io.netty.channel.AbstractChannelHandlerContext.invokeChannelRead(AbstractChannelHandlerContext.java:360)
	io.netty.channel.DefaultChannelPipeline.fireChannelRead(DefaultChannelPipeline.java:930)
	io.netty.channel.nio.AbstractNioByteChannel$NioByteUnsafe.read(AbstractNioByteChannel.java:163)
	io.netty.channel.nio.NioEventLoop.processSelectedKey(NioEventLoop.java:682)
	io.netty.channel.nio.NioEventLoop.processSelectedKeysOptimized(NioEventLoop.java:617)
	io.netty.channel.nio.NioEventLoop.processSelectedKeys(NioEventLoop.java:534)
	io.netty.channel.nio.NioEventLoop.run(NioEventLoop.java:496)
	io.netty.util.concurrent.SingleThreadEventExecutor$5.run(SingleThreadEventExecutor.java:906)
	io.netty.util.internal.ThreadExecutorMap$2.run(ThreadExecutorMap.java:74)
	io.netty.util.concurrent.FastThreadLocalRunnable.run(FastThreadLocalRunnable.java:30)
	java.lang.Thread.run(Thread.java:748)
#5:
	Hint: 'reactor.right.reactiveBridge' will handle the message from this point.
	io.netty.handler.codec.http.DefaultHttpContent.touch(DefaultHttpContent.java:88)
	io.netty.handler.codec.http.DefaultHttpContent.touch(DefaultHttpContent.java:24)
	io.netty.channel.DefaultChannelPipeline.touch(DefaultChannelPipeline.java:116)
	io.netty.channel.AbstractChannelHandlerContext.invokeChannelRead(AbstractChannelHandlerContext.java:357)
	io.netty.channel.AbstractChannelHandlerContext.fireChannelRead(AbstractChannelHandlerContext.java:352)
	reactor.netty.http.server.HttpTrafficHandler.channelRead(HttpTrafficHandler.java:190)
	io.netty.channel.AbstractChannelHandlerContext.invokeChannelRead(AbstractChannelHandlerContext.java:374)
	io.netty.channel.AbstractChannelHandlerContext.invokeChannelRead(AbstractChannelHandlerContext.java:360)
	io.netty.channel.AbstractChannelHandlerContext.fireChannelRead(AbstractChannelHandlerContext.java:352)
	io.netty.channel.CombinedChannelDuplexHandler$DelegatingChannelHandlerContext.fireChannelRead(CombinedChannelDuplexHandler.java:438)
	io.netty.handler.codec.ByteToMessageDecoder.fireChannelRead(ByteToMessageDecoder.java:323)
	io.netty.handler.codec.ByteToMessageDecoder.channelRead(ByteToMessageDecoder.java:297)
	io.netty.channel.CombinedChannelDuplexHandler.channelRead(CombinedChannelDuplexHandler.java:253)
	io.netty.channel.AbstractChannelHandlerContext.invokeChannelRead(AbstractChannelHandlerContext.java:374)
	io.netty.channel.AbstractChannelHandlerContext.invokeChannelRead(AbstractChannelHandlerContext.java:360)
	io.netty.channel.AbstractChannelHandlerContext.fireChannelRead(AbstractChannelHandlerContext.java:352)
	io.netty.channel.DefaultChannelPipeline$HeadContext.channelRead(DefaultChannelPipeline.java:1408)
	io.netty.channel.AbstractChannelHandlerContext.invokeChannelRead(AbstractChannelHandlerContext.java:374)
	io.netty.channel.AbstractChannelHandlerContext.invokeChannelRead(AbstractChannelHandlerContext.java:360)
	io.netty.channel.DefaultChannelPipeline.fireChannelRead(DefaultChannelPipeline.java:930)
	io.netty.channel.nio.AbstractNioByteChannel$NioByteUnsafe.read(AbstractNioByteChannel.java:163)
	io.netty.channel.nio.NioEventLoop.processSelectedKey(NioEventLoop.java:682)
	io.netty.channel.nio.NioEventLoop.processSelectedKeysOptimized(NioEventLoop.java:617)
	io.netty.channel.nio.NioEventLoop.processSelectedKeys(NioEventLoop.java:534)
	io.netty.channel.nio.NioEventLoop.run(NioEventLoop.java:496)
	io.netty.util.concurrent.SingleThreadEventExecutor$5.run(SingleThreadEventExecutor.java:906)
	io.netty.util.internal.ThreadExecutorMap$2.run(ThreadExecutorMap.java:74)
	io.netty.util.concurrent.FastThreadLocalRunnable.run(FastThreadLocalRunnable.java:30)
	java.lang.Thread.run(Thread.java:748)
#6:
	Hint: 'reactor.left.httpTrafficHandler' will handle the message from this point.
	io.netty.handler.codec.http.DefaultHttpContent.touch(DefaultHttpContent.java:88)
	io.netty.handler.codec.http.DefaultHttpContent.touch(DefaultHttpContent.java:24)
	io.netty.channel.DefaultChannelPipeline.touch(DefaultChannelPipeline.java:116)
	io.netty.channel.AbstractChannelHandlerContext.invokeChannelRead(AbstractChannelHandlerContext.java:357)
	io.netty.channel.AbstractChannelHandlerContext.fireChannelRead(AbstractChannelHandlerContext.java:352)
	io.netty.channel.CombinedChannelDuplexHandler$DelegatingChannelHandlerContext.fireChannelRead(CombinedChannelDuplexHandler.java:438)
	io.netty.handler.codec.ByteToMessageDecoder.fireChannelRead(ByteToMessageDecoder.java:323)
	io.netty.handler.codec.ByteToMessageDecoder.channelRead(ByteToMessageDecoder.java:297)
	io.netty.channel.CombinedChannelDuplexHandler.channelRead(CombinedChannelDuplexHandler.java:253)
	io.netty.channel.AbstractChannelHandlerContext.invokeChannelRead(AbstractChannelHandlerContext.java:374)
	io.netty.channel.AbstractChannelHandlerContext.invokeChannelRead(AbstractChannelHandlerContext.java:360)
	io.netty.channel.AbstractChannelHandlerContext.fireChannelRead(AbstractChannelHandlerContext.java:352)
	io.netty.channel.DefaultChannelPipeline$HeadContext.channelRead(DefaultChannelPipeline.java:1408)
	io.netty.channel.AbstractChannelHandlerContext.invokeChannelRead(AbstractChannelHandlerContext.java:374)
	io.netty.channel.AbstractChannelHandlerContext.invokeChannelRead(AbstractChannelHandlerContext.java:360)
	io.netty.channel.DefaultChannelPipeline.fireChannelRead(DefaultChannelPipeline.java:930)
	io.netty.channel.nio.AbstractNioByteChannel$NioByteUnsafe.read(AbstractNioByteChannel.java:163)
	io.netty.channel.nio.NioEventLoop.processSelectedKey(NioEventLoop.java:682)
	io.netty.channel.nio.NioEventLoop.processSelectedKeysOptimized(NioEventLoop.java:617)
	io.netty.channel.nio.NioEventLoop.processSelectedKeys(NioEventLoop.java:534)
	io.netty.channel.nio.NioEventLoop.run(NioEventLoop.java:496)
	io.netty.util.concurrent.SingleThreadEventExecutor$5.run(SingleThreadEventExecutor.java:906)
	io.netty.util.internal.ThreadExecutorMap$2.run(ThreadExecutorMap.java:74)
	io.netty.util.concurrent.FastThreadLocalRunnable.run(FastThreadLocalRunnable.java:30)
	java.lang.Thread.run(Thread.java:748)
Created at:
	io.netty.buffer.SimpleLeakAwareByteBuf.unwrappedDerived(SimpleLeakAwareByteBuf.java:143)
	io.netty.buffer.SimpleLeakAwareByteBuf.readRetainedSlice(SimpleLeakAwareByteBuf.java:67)
	io.netty.buffer.AdvancedLeakAwareByteBuf.readRetainedSlice(AdvancedLeakAwareByteBuf.java:107)
	io.netty.handler.codec.http.HttpObjectDecoder.decode(HttpObjectDecoder.java:336)
	io.netty.handler.codec.http.HttpServerCodec$HttpServerRequestDecoder.decode(HttpServerCodec.java:103)
	io.netty.handler.codec.ByteToMessageDecoder.decodeRemovalReentryProtection(ByteToMessageDecoder.java:502)
	io.netty.handler.codec.ByteToMessageDecoder.callDecode(ByteToMessageDecoder.java:441)
	io.netty.handler.codec.ByteToMessageDecoder.channelRead(ByteToMessageDecoder.java:278)
	io.netty.channel.CombinedChannelDuplexHandler.channelRead(CombinedChannelDuplexHandler.java:253)
	io.netty.channel.AbstractChannelHandlerContext.invokeChannelRead(AbstractChannelHandlerContext.java:374)
	io.netty.channel.AbstractChannelHandlerContext.invokeChannelRead(AbstractChannelHandlerContext.java:360)
	io.netty.channel.AbstractChannelHandlerContext.fireChannelRead(AbstractChannelHandlerContext.java:352)
	io.netty.channel.DefaultChannelPipeline$HeadContext.channelRead(DefaultChannelPipeline.java:1408)
	io.netty.channel.AbstractChannelHandlerContext.invokeChannelRead(AbstractChannelHandlerContext.java:374)
	io.netty.channel.AbstractChannelHandlerContext.invokeChannelRead(AbstractChannelHandlerContext.java:360)
	io.netty.channel.DefaultChannelPipeline.fireChannelRead(DefaultChannelPipeline.java:930)
	io.netty.channel.nio.AbstractNioByteChannel$NioByteUnsafe.read(AbstractNioByteChannel.java:163)
	io.netty.channel.nio.NioEventLoop.processSelectedKey(NioEventLoop.java:682)
	io.netty.channel.nio.NioEventLoop.processSelectedKeysOptimized(NioEventLoop.java:617)
	io.netty.channel.nio.NioEventLoop.processSelectedKeys(NioEventLoop.java:534)
	io.netty.channel.nio.NioEventLoop.run(NioEventLoop.java:496)
	io.netty.util.concurrent.SingleThreadEventExecutor$5.run(SingleThreadEventExecutor.java:906)
	io.netty.util.internal.ThreadExecutorMap$2.run(ThreadExecutorMap.java:74)
	io.netty.util.concurrent.FastThreadLocalRunnable.run(FastThreadLocalRunnable.java:30)
	java.lang.Thread.run(Thread.java:748)
: 6 leak records were discarded because they were duplicates
: 300 leak records were discarded because the leak record count is targeted to 4. Use system property io.netty.leakDetection.targetRecords to increase the limit.
22:42:57.819 [reactor-http-nio-6] ERROR i.n.u.ResourceLeakDetector - LEAK: ByteBuf.release() was not called before it's garbage-collected. See http://netty.io/wiki/reference-counted-objects.html for more information.
Recent access records: 
#1:
	io.netty.buffer.AdvancedLeakAwareByteBuf.order(AdvancedLeakAwareByteBuf.java:70)
	io.netty.buffer.CompositeByteBuf.newComponent(CompositeByteBuf.java:318)
	io.netty.buffer.CompositeByteBuf.addComponent0(CompositeByteBuf.java:280)
	io.netty.buffer.CompositeByteBuf.addComponent(CompositeByteBuf.java:265)
	io.netty.buffer.CompositeByteBuf.addComponent(CompositeByteBuf.java:222)
	io.netty.buffer.WrappedCompositeByteBuf.addComponent(WrappedCompositeByteBuf.java:529)
	io.netty.buffer.AdvancedLeakAwareCompositeByteBuf.addComponent(AdvancedLeakAwareCompositeByteBuf.java:921)
	org.springframework.core.io.buffer.NettyDataBufferFactory.join(NettyDataBufferFactory.java:111)
	org.springframework.core.io.buffer.DataBufferUtils.joinAndStrip(DataBufferUtils.java:686)
	org.springframework.core.io.buffer.DataBufferUtils.lambda$split$20(DataBufferUtils.java:605)
	reactor.core.publisher.FluxMap$MapConditionalSubscriber.onNext(FluxMap.java:199)
	reactor.core.publisher.FluxBufferPredicate$BufferPredicateSubscriber.emit(FluxBufferPredicate.java:290)
	reactor.core.publisher.FluxBufferPredicate$BufferPredicateSubscriber.onNextNewBuffer(FluxBufferPredicate.java:257)
	reactor.core.publisher.FluxBufferPredicate$BufferPredicateSubscriber.tryOnNext(FluxBufferPredicate.java:211)
	reactor.core.publisher.FluxBufferPredicate$BufferPredicateSubscriber.onNext(FluxBufferPredicate.java:184)
	reactor.core.publisher.FluxFlatMap$FlatMapMain.drainLoop(FluxFlatMap.java:664)
	reactor.core.publisher.FluxFlatMap$FlatMapMain.drain(FluxFlatMap.java:540)
	reactor.core.publisher.FluxFlatMap$FlatMapInner.onSubscribe(FluxFlatMap.java:924)
	reactor.core.publisher.FluxIterable.subscribe(FluxIterable.java:139)
	reactor.core.publisher.FluxIterable.subscribe(FluxIterable.java:63)
	reactor.core.publisher.Flux.subscribe(Flux.java:7922)
	reactor.core.publisher.FluxFlatMap$FlatMapMain.onNext(FluxFlatMap.java:389)
	reactor.core.publisher.FluxConcatMap$ConcatMapImmediate.innerNext(FluxConcatMap.java:275)
	reactor.core.publisher.FluxConcatMap$ConcatMapInner.onNext(FluxConcatMap.java:849)
	reactor.core.publisher.FluxConcatMap$WeakScalarSubscription.request(FluxConcatMap.java:470)
	reactor.core.publisher.Operators$MultiSubscriptionSubscriber.set(Operators.java:1939)
	reactor.core.publisher.FluxConcatMap$ConcatMapImmediate.drain(FluxConcatMap.java:436)
	reactor.core.publisher.FluxConcatMap$ConcatMapImmediate.onNext(FluxConcatMap.java:244)
	reactor.core.publisher.FluxMap$MapSubscriber.onNext(FluxMap.java:114)
	reactor.core.publisher.FluxPeek$PeekSubscriber.onNext(FluxPeek.java:192)
	reactor.core.publisher.FluxMap$MapSubscriber.onNext(FluxMap.java:114)
	reactor.netty.channel.FluxReceive.drainReceiver(FluxReceive.java:206)
	reactor.netty.channel.FluxReceive.onInboundNext(FluxReceive.java:322)
	reactor.netty.channel.ChannelOperations.onInboundNext(ChannelOperations.java:335)
	reactor.netty.http.server.HttpServerOperations.onInboundNext(HttpServerOperations.java:456)
	reactor.netty.channel.ChannelOperationsHandler.channelRead(ChannelOperationsHandler.java:91)
	io.netty.channel.AbstractChannelHandlerContext.invokeChannelRead(AbstractChannelHandlerContext.java:374)
	io.netty.channel.AbstractChannelHandlerContext.invokeChannelRead(AbstractChannelHandlerContext.java:360)
	io.netty.channel.AbstractChannelHandlerContext.fireChannelRead(AbstractChannelHandlerContext.java:352)
	reactor.netty.http.server.HttpTrafficHandler.channelRead(HttpTrafficHandler.java:190)
	io.netty.channel.AbstractChannelHandlerContext.invokeChannelRead(AbstractChannelHandlerContext.java:374)
	io.netty.channel.AbstractChannelHandlerContext.invokeChannelRead(AbstractChannelHandlerContext.java:360)
	io.netty.channel.AbstractChannelHandlerContext.fireChannelRead(AbstractChannelHandlerContext.java:352)
	io.netty.channel.CombinedChannelDuplexHandler$DelegatingChannelHandlerContext.fireChannelRead(CombinedChannelDuplexHandler.java:438)
	io.netty.handler.codec.ByteToMessageDecoder.fireChannelRead(ByteToMessageDecoder.java:323)
	io.netty.handler.codec.ByteToMessageDecoder.fireChannelRead(ByteToMessageDecoder.java:310)
	io.netty.handler.codec.ByteToMessageDecoder.callDecode(ByteToMessageDecoder.java:426)
	io.netty.handler.codec.ByteToMessageDecoder.channelRead(ByteToMessageDecoder.java:278)
	io.netty.channel.CombinedChannelDuplexHandler.channelRead(CombinedChannelDuplexHandler.java:253)
	io.netty.channel.AbstractChannelHandlerContext.invokeChannelRead(AbstractChannelHandlerContext.java:374)
	io.netty.channel.AbstractChannelHandlerContext.invokeChannelRead(AbstractChannelHandlerContext.java:360)
	io.netty.channel.AbstractChannelHandlerContext.fireChannelRead(AbstractChannelHandlerContext.java:352)
	io.netty.channel.DefaultChannelPipeline$HeadContext.channelRead(DefaultChannelPipeline.java:1408)
	io.netty.channel.AbstractChannelHandlerContext.invokeChannelRead(AbstractChannelHandlerContext.java:374)
	io.netty.channel.AbstractChannelHandlerContext.invokeChannelRead(AbstractChannelHandlerContext.java:360)
	io.netty.channel.DefaultChannelPipeline.fireChannelRead(DefaultChannelPipeline.java:930)
	io.netty.channel.nio.AbstractNioByteChannel$NioByteUnsafe.read(AbstractNioByteChannel.java:163)
	io.netty.channel.nio.NioEventLoop.processSelectedKey(NioEventLoop.java:682)
	io.netty.channel.nio.NioEventLoop.processSelectedKeysOptimized(NioEventLoop.java:617)
	io.netty.channel.nio.NioEventLoop.processSelectedKeys(NioEventLoop.java:534)
	io.netty.channel.nio.NioEventLoop.run(NioEventLoop.java:496)
	io.netty.util.concurrent.SingleThreadEventExecutor$5.run(SingleThreadEventExecutor.java:906)
	io.netty.util.internal.ThreadExecutorMap$2.run(ThreadExecutorMap.java:74)
	io.netty.util.concurrent.FastThreadLocalRunnable.run(FastThreadLocalRunnable.java:30)
	java.lang.Thread.run(Thread.java:748)
#2:
	io.netty.buffer.AdvancedLeakAwareByteBuf.getByte(AdvancedLeakAwareByteBuf.java:154)
	org.springframework.core.io.buffer.NettyDataBuffer.getByte(NettyDataBuffer.java:132)
	org.springframework.core.io.buffer.DataBufferUtils$KnuthMorrisPrattMatcher.match(DataBufferUtils.java:1005)
	org.springframework.core.io.buffer.DataBufferUtils.endFrameAfterDelimiter(DataBufferUtils.java:634)
	org.springframework.core.io.buffer.DataBufferUtils.lambda$split$18(DataBufferUtils.java:603)
	reactor.core.publisher.FluxFlatMap$FlatMapMain.onNext(FluxFlatMap.java:350)
	reactor.core.publisher.FluxConcatMap$ConcatMapImmediate.innerNext(FluxConcatMap.java:275)
	reactor.core.publisher.FluxConcatMap$ConcatMapInner.onNext(FluxConcatMap.java:849)
	reactor.core.publisher.FluxConcatMap$WeakScalarSubscription.request(FluxConcatMap.java:470)
	reactor.core.publisher.Operators$MultiSubscriptionSubscriber.set(Operators.java:1939)
	reactor.core.publisher.FluxConcatMap$ConcatMapImmediate.drain(FluxConcatMap.java:436)
	reactor.core.publisher.FluxConcatMap$ConcatMapImmediate.onNext(FluxConcatMap.java:244)
	reactor.core.publisher.FluxMap$MapSubscriber.onNext(FluxMap.java:114)
	reactor.core.publisher.FluxPeek$PeekSubscriber.onNext(FluxPeek.java:192)
	reactor.core.publisher.FluxMap$MapSubscriber.onNext(FluxMap.java:114)
	reactor.netty.channel.FluxReceive.drainReceiver(FluxReceive.java:206)
	reactor.netty.channel.FluxReceive.onInboundNext(FluxReceive.java:322)
	reactor.netty.channel.ChannelOperations.onInboundNext(ChannelOperations.java:335)
	reactor.netty.http.server.HttpServerOperations.onInboundNext(HttpServerOperations.java:456)
	reactor.netty.channel.ChannelOperationsHandler.channelRead(ChannelOperationsHandler.java:91)
	io.netty.channel.AbstractChannelHandlerContext.invokeChannelRead(AbstractChannelHandlerContext.java:374)
	io.netty.channel.AbstractChannelHandlerContext.invokeChannelRead(AbstractChannelHandlerContext.java:360)
	io.netty.channel.AbstractChannelHandlerContext.fireChannelRead(AbstractChannelHandlerContext.java:352)
	reactor.netty.http.server.HttpTrafficHandler.channelRead(HttpTrafficHandler.java:190)
	io.netty.channel.AbstractChannelHandlerContext.invokeChannelRead(AbstractChannelHandlerContext.java:374)
	io.netty.channel.AbstractChannelHandlerContext.invokeChannelRead(AbstractChannelHandlerContext.java:360)
	io.netty.channel.AbstractChannelHandlerContext.fireChannelRead(AbstractChannelHandlerContext.java:352)
	io.netty.channel.CombinedChannelDuplexHandler$DelegatingChannelHandlerContext.fireChannelRead(CombinedChannelDuplexHandler.java:438)
	io.netty.handler.codec.ByteToMessageDecoder.fireChannelRead(ByteToMessageDecoder.java:323)
	io.netty.handler.codec.ByteToMessageDecoder.fireChannelRead(ByteToMessageDecoder.java:310)
	io.netty.handler.codec.ByteToMessageDecoder.callDecode(ByteToMessageDecoder.java:426)
	io.netty.handler.codec.ByteToMessageDecoder.channelRead(ByteToMessageDecoder.java:278)
	io.netty.channel.CombinedChannelDuplexHandler.channelRead(CombinedChannelDuplexHandler.java:253)
	io.netty.channel.AbstractChannelHandlerContext.invokeChannelRead(AbstractChannelHandlerContext.java:374)
	io.netty.channel.AbstractChannelHandlerContext.invokeChannelRead(AbstractChannelHandlerContext.java:360)
	io.netty.channel.AbstractChannelHandlerContext.fireChannelRead(AbstractChannelHandlerContext.java:352)
	io.netty.channel.DefaultChannelPipeline$HeadContext.channelRead(DefaultChannelPipeline.java:1408)
	io.netty.channel.AbstractChannelHandlerContext.invokeChannelRead(AbstractChannelHandlerContext.java:374)
	io.netty.channel.AbstractChannelHandlerContext.invokeChannelRead(AbstractChannelHandlerContext.java:360)
	io.netty.channel.DefaultChannelPipeline.fireChannelRead(DefaultChannelPipeline.java:930)
	io.netty.channel.nio.AbstractNioByteChannel$NioByteUnsafe.read(AbstractNioByteChannel.java:163)
	io.netty.channel.nio.NioEventLoop.processSelectedKey(NioEventLoop.java:682)
	io.netty.channel.nio.NioEventLoop.processSelectedKeysOptimized(NioEventLoop.java:617)
	io.netty.channel.nio.NioEventLoop.processSelectedKeys(NioEventLoop.java:534)
	io.netty.channel.nio.NioEventLoop.run(NioEventLoop.java:496)
	io.netty.util.concurrent.SingleThreadEventExecutor$5.run(SingleThreadEventExecutor.java:906)
	io.netty.util.internal.ThreadExecutorMap$2.run(ThreadExecutorMap.java:74)
	io.netty.util.concurrent.FastThreadLocalRunnable.run(FastThreadLocalRunnable.java:30)
	java.lang.Thread.run(Thread.java:748)
#3:
	org.springframework.core.io.buffer.NettyDataBufferFactory.wrap(NettyDataBufferFactory.java:93)
	reactor.core.publisher.FluxMap$MapSubscriber.onNext(FluxMap.java:100)
	reactor.core.publisher.FluxPeek$PeekSubscriber.onNext(FluxPeek.java:192)
	reactor.core.publisher.FluxMap$MapSubscriber.onNext(FluxMap.java:114)
	reactor.netty.channel.FluxReceive.drainReceiver(FluxReceive.java:206)
	reactor.netty.channel.FluxReceive.onInboundNext(FluxReceive.java:322)
	reactor.netty.channel.ChannelOperations.onInboundNext(ChannelOperations.java:335)
	reactor.netty.http.server.HttpServerOperations.onInboundNext(HttpServerOperations.java:456)
	reactor.netty.channel.ChannelOperationsHandler.channelRead(ChannelOperationsHandler.java:91)
	io.netty.channel.AbstractChannelHandlerContext.invokeChannelRead(AbstractChannelHandlerContext.java:374)
	io.netty.channel.AbstractChannelHandlerContext.invokeChannelRead(AbstractChannelHandlerContext.java:360)
	io.netty.channel.AbstractChannelHandlerContext.fireChannelRead(AbstractChannelHandlerContext.java:352)
	reactor.netty.http.server.HttpTrafficHandler.channelRead(HttpTrafficHandler.java:190)
	io.netty.channel.AbstractChannelHandlerContext.invokeChannelRead(AbstractChannelHandlerContext.java:374)
	io.netty.channel.AbstractChannelHandlerContext.invokeChannelRead(AbstractChannelHandlerContext.java:360)
	io.netty.channel.AbstractChannelHandlerContext.fireChannelRead(AbstractChannelHandlerContext.java:352)
	io.netty.channel.CombinedChannelDuplexHandler$DelegatingChannelHandlerContext.fireChannelRead(CombinedChannelDuplexHandler.java:438)
	io.netty.handler.codec.ByteToMessageDecoder.fireChannelRead(ByteToMessageDecoder.java:323)
	io.netty.handler.codec.ByteToMessageDecoder.fireChannelRead(ByteToMessageDecoder.java:310)
	io.netty.handler.codec.ByteToMessageDecoder.callDecode(ByteToMessageDecoder.java:426)
	io.netty.handler.codec.ByteToMessageDecoder.channelRead(ByteToMessageDecoder.java:278)
	io.netty.channel.CombinedChannelDuplexHandler.channelRead(CombinedChannelDuplexHandler.java:253)
	io.netty.channel.AbstractChannelHandlerContext.invokeChannelRead(AbstractChannelHandlerContext.java:374)
	io.netty.channel.AbstractChannelHandlerContext.invokeChannelRead(AbstractChannelHandlerContext.java:360)
	io.netty.channel.AbstractChannelHandlerContext.fireChannelRead(AbstractChannelHandlerContext.java:352)
	io.netty.channel.DefaultChannelPipeline$HeadContext.channelRead(DefaultChannelPipeline.java:1408)
	io.netty.channel.AbstractChannelHandlerContext.invokeChannelRead(AbstractChannelHandlerContext.java:374)
	io.netty.channel.AbstractChannelHandlerContext.invokeChannelRead(AbstractChannelHandlerContext.java:360)
	io.netty.channel.DefaultChannelPipeline.fireChannelRead(DefaultChannelPipeline.java:930)
	io.netty.channel.nio.AbstractNioByteChannel$NioByteUnsafe.read(AbstractNioByteChannel.java:163)
	io.netty.channel.nio.NioEventLoop.processSelectedKey(NioEventLoop.java:682)
	io.netty.channel.nio.NioEventLoop.processSelectedKeysOptimized(NioEventLoop.java:617)
	io.netty.channel.nio.NioEventLoop.processSelectedKeys(NioEventLoop.java:534)
	io.netty.channel.nio.NioEventLoop.run(NioEventLoop.java:496)
	io.netty.util.concurrent.SingleThreadEventExecutor$5.run(SingleThreadEventExecutor.java:906)
	io.netty.util.internal.ThreadExecutorMap$2.run(ThreadExecutorMap.java:74)
	io.netty.util.concurrent.FastThreadLocalRunnable.run(FastThreadLocalRunnable.java:30)
	java.lang.Thread.run(Thread.java:748)
#4:
	reactor.core.publisher.FluxPeek$PeekSubscriber.onNext(FluxPeek.java:177)
	reactor.core.publisher.FluxMap$MapSubscriber.onNext(FluxMap.java:114)
	reactor.netty.channel.FluxReceive.drainReceiver(FluxReceive.java:206)
	reactor.netty.channel.FluxReceive.onInboundNext(FluxReceive.java:322)
	reactor.netty.channel.ChannelOperations.onInboundNext(ChannelOperations.java:335)
	reactor.netty.http.server.HttpServerOperations.onInboundNext(HttpServerOperations.java:456)
	reactor.netty.channel.ChannelOperationsHandler.channelRead(ChannelOperationsHandler.java:91)
	io.netty.channel.AbstractChannelHandlerContext.invokeChannelRead(AbstractChannelHandlerContext.java:374)
	io.netty.channel.AbstractChannelHandlerContext.invokeChannelRead(AbstractChannelHandlerContext.java:360)
	io.netty.channel.AbstractChannelHandlerContext.fireChannelRead(AbstractChannelHandlerContext.java:352)
	reactor.netty.http.server.HttpTrafficHandler.channelRead(HttpTrafficHandler.java:190)
	io.netty.channel.AbstractChannelHandlerContext.invokeChannelRead(AbstractChannelHandlerContext.java:374)
	io.netty.channel.AbstractChannelHandlerContext.invokeChannelRead(AbstractChannelHandlerContext.java:360)
	io.netty.channel.AbstractChannelHandlerContext.fireChannelRead(AbstractChannelHandlerContext.java:352)
	io.netty.channel.CombinedChannelDuplexHandler$DelegatingChannelHandlerContext.fireChannelRead(CombinedChannelDuplexHandler.java:438)
	io.netty.handler.codec.ByteToMessageDecoder.fireChannelRead(ByteToMessageDecoder.java:323)
	io.netty.handler.codec.ByteToMessageDecoder.fireChannelRead(ByteToMessageDecoder.java:310)
	io.netty.handler.codec.ByteToMessageDecoder.callDecode(ByteToMessageDecoder.java:426)
	io.netty.handler.codec.ByteToMessageDecoder.channelRead(ByteToMessageDecoder.java:278)
	io.netty.channel.CombinedChannelDuplexHandler.channelRead(CombinedChannelDuplexHandler.java:253)
	io.netty.channel.AbstractChannelHandlerContext.invokeChannelRead(AbstractChannelHandlerContext.java:374)
	io.netty.channel.AbstractChannelHandlerContext.invokeChannelRead(AbstractChannelHandlerContext.java:360)
	io.netty.channel.AbstractChannelHandlerContext.fireChannelRead(AbstractChannelHandlerContext.java:352)
	io.netty.channel.DefaultChannelPipeline$HeadContext.channelRead(DefaultChannelPipeline.java:1408)
	io.netty.channel.AbstractChannelHandlerContext.invokeChannelRead(AbstractChannelHandlerContext.java:374)
	io.netty.channel.AbstractChannelHandlerContext.invokeChannelRead(AbstractChannelHandlerContext.java:360)
	io.netty.channel.DefaultChannelPipeline.fireChannelRead(DefaultChannelPipeline.java:930)
	io.netty.channel.nio.AbstractNioByteChannel$NioByteUnsafe.read(AbstractNioByteChannel.java:163)
	io.netty.channel.nio.NioEventLoop.processSelectedKey(NioEventLoop.java:682)
	io.netty.channel.nio.NioEventLoop.processSelectedKeysOptimized(NioEventLoop.java:617)
	io.netty.channel.nio.NioEventLoop.processSelectedKeys(NioEventLoop.java:534)
	io.netty.channel.nio.NioEventLoop.run(NioEventLoop.java:496)
	io.netty.util.concurrent.SingleThreadEventExecutor$5.run(SingleThreadEventExecutor.java:906)
	io.netty.util.internal.ThreadExecutorMap$2.run(ThreadExecutorMap.java:74)
	io.netty.util.concurrent.FastThreadLocalRunnable.run(FastThreadLocalRunnable.java:30)
	java.lang.Thread.run(Thread.java:748)
#5:
	Hint: 'reactor.right.reactiveBridge' will handle the message from this point.
	io.netty.handler.codec.http.DefaultHttpContent.touch(DefaultHttpContent.java:88)
	io.netty.handler.codec.http.DefaultHttpContent.touch(DefaultHttpContent.java:24)
	io.netty.channel.DefaultChannelPipeline.touch(DefaultChannelPipeline.java:116)
	io.netty.channel.AbstractChannelHandlerContext.invokeChannelRead(AbstractChannelHandlerContext.java:357)
	io.netty.channel.AbstractChannelHandlerContext.fireChannelRead(AbstractChannelHandlerContext.java:352)
	reactor.netty.http.server.HttpTrafficHandler.channelRead(HttpTrafficHandler.java:190)
	io.netty.channel.AbstractChannelHandlerContext.invokeChannelRead(AbstractChannelHandlerContext.java:374)
	io.netty.channel.AbstractChannelHandlerContext.invokeChannelRead(AbstractChannelHandlerContext.java:360)
	io.netty.channel.AbstractChannelHandlerContext.fireChannelRead(AbstractChannelHandlerContext.java:352)
	io.netty.channel.CombinedChannelDuplexHandler$DelegatingChannelHandlerContext.fireChannelRead(CombinedChannelDuplexHandler.java:438)
	io.netty.handler.codec.ByteToMessageDecoder.fireChannelRead(ByteToMessageDecoder.java:323)
	io.netty.handler.codec.ByteToMessageDecoder.fireChannelRead(ByteToMessageDecoder.java:310)
	io.netty.handler.codec.ByteToMessageDecoder.callDecode(ByteToMessageDecoder.java:426)
	io.netty.handler.codec.ByteToMessageDecoder.channelRead(ByteToMessageDecoder.java:278)
	io.netty.channel.CombinedChannelDuplexHandler.channelRead(CombinedChannelDuplexHandler.java:253)
	io.netty.channel.AbstractChannelHandlerContext.invokeChannelRead(AbstractChannelHandlerContext.java:374)
	io.netty.channel.AbstractChannelHandlerContext.invokeChannelRead(AbstractChannelHandlerContext.java:360)
	io.netty.channel.AbstractChannelHandlerContext.fireChannelRead(AbstractChannelHandlerContext.java:352)
	io.netty.channel.DefaultChannelPipeline$HeadContext.channelRead(DefaultChannelPipeline.java:1408)
	io.netty.channel.AbstractChannelHandlerContext.invokeChannelRead(AbstractChannelHandlerContext.java:374)
	io.netty.channel.AbstractChannelHandlerContext.invokeChannelRead(AbstractChannelHandlerContext.java:360)
	io.netty.channel.DefaultChannelPipeline.fireChannelRead(DefaultChannelPipeline.java:930)
	io.netty.channel.nio.AbstractNioByteChannel$NioByteUnsafe.read(AbstractNioByteChannel.java:163)
	io.netty.channel.nio.NioEventLoop.processSelectedKey(NioEventLoop.java:682)
	io.netty.channel.nio.NioEventLoop.processSelectedKeysOptimized(NioEventLoop.java:617)
	io.netty.channel.nio.NioEventLoop.processSelectedKeys(NioEventLoop.java:534)
	io.netty.channel.nio.NioEventLoop.run(NioEventLoop.java:496)
	io.netty.util.concurrent.SingleThreadEventExecutor$5.run(SingleThreadEventExecutor.java:906)
	io.netty.util.internal.ThreadExecutorMap$2.run(ThreadExecutorMap.java:74)
	io.netty.util.concurrent.FastThreadLocalRunnable.run(FastThreadLocalRunnable.java:30)
	java.lang.Thread.run(Thread.java:748)
#6:
	Hint: 'reactor.left.httpTrafficHandler' will handle the message from this point.
	io.netty.handler.codec.http.DefaultHttpContent.touch(DefaultHttpContent.java:88)
	io.netty.handler.codec.http.DefaultHttpContent.touch(DefaultHttpContent.java:24)
	io.netty.channel.DefaultChannelPipeline.touch(DefaultChannelPipeline.java:116)
	io.netty.channel.AbstractChannelHandlerContext.invokeChannelRead(AbstractChannelHandlerContext.java:357)
	io.netty.channel.AbstractChannelHandlerContext.fireChannelRead(AbstractChannelHandlerContext.java:352)
	io.netty.channel.CombinedChannelDuplexHandler$DelegatingChannelHandlerContext.fireChannelRead(CombinedChannelDuplexHandler.java:438)
	io.netty.handler.codec.ByteToMessageDecoder.fireChannelRead(ByteToMessageDecoder.java:323)
	io.netty.handler.codec.ByteToMessageDecoder.fireChannelRead(ByteToMessageDecoder.java:310)
	io.netty.handler.codec.ByteToMessageDecoder.callDecode(ByteToMessageDecoder.java:426)
	io.netty.handler.codec.ByteToMessageDecoder.channelRead(ByteToMessageDecoder.java:278)
	io.netty.channel.CombinedChannelDuplexHandler.channelRead(CombinedChannelDuplexHandler.java:253)
	io.netty.channel.AbstractChannelHandlerContext.invokeChannelRead(AbstractChannelHandlerContext.java:374)
	io.netty.channel.AbstractChannelHandlerContext.invokeChannelRead(AbstractChannelHandlerContext.java:360)
	io.netty.channel.AbstractChannelHandlerContext.fireChannelRead(AbstractChannelHandlerContext.java:352)
	io.netty.channel.DefaultChannelPipeline$HeadContext.channelRead(DefaultChannelPipeline.java:1408)
	io.netty.channel.AbstractChannelHandlerContext.invokeChannelRead(AbstractChannelHandlerContext.java:374)
	io.netty.channel.AbstractChannelHandlerContext.invokeChannelRead(AbstractChannelHandlerContext.java:360)
	io.netty.channel.DefaultChannelPipeline.fireChannelRead(DefaultChannelPipeline.java:930)
	io.netty.channel.nio.AbstractNioByteChannel$NioByteUnsafe.read(AbstractNioByteChannel.java:163)
	io.netty.channel.nio.NioEventLoop.processSelectedKey(NioEventLoop.java:682)
	io.netty.channel.nio.NioEventLoop.processSelectedKeysOptimized(NioEventLoop.java:617)
	io.netty.channel.nio.NioEventLoop.processSelectedKeys(NioEventLoop.java:534)
	io.netty.channel.nio.NioEventLoop.run(NioEventLoop.java:496)
	io.netty.util.concurrent.SingleThreadEventExecutor$5.run(SingleThreadEventExecutor.java:906)
	io.netty.util.internal.ThreadExecutorMap$2.run(ThreadExecutorMap.java:74)
	io.netty.util.concurrent.FastThreadLocalRunnable.run(FastThreadLocalRunnable.java:30)
	java.lang.Thread.run(Thread.java:748)
Created at:
	io.netty.buffer.SimpleLeakAwareByteBuf.unwrappedDerived(SimpleLeakAwareByteBuf.java:143)
	io.netty.buffer.SimpleLeakAwareByteBuf.readRetainedSlice(SimpleLeakAwareByteBuf.java:67)
	io.netty.buffer.AdvancedLeakAwareByteBuf.readRetainedSlice(AdvancedLeakAwareByteBuf.java:107)
	io.netty.handler.codec.http.HttpObjectDecoder.decode(HttpObjectDecoder.java:336)
	io.netty.handler.codec.http.HttpServerCodec$HttpServerRequestDecoder.decode(HttpServerCodec.java:103)
	io.netty.handler.codec.ByteToMessageDecoder.decodeRemovalReentryProtection(ByteToMessageDecoder.java:502)
	io.netty.handler.codec.ByteToMessageDecoder.callDecode(ByteToMessageDecoder.java:441)
	io.netty.handler.codec.ByteToMessageDecoder.channelRead(ByteToMessageDecoder.java:278)
	io.netty.channel.CombinedChannelDuplexHandler.channelRead(CombinedChannelDuplexHandler.java:253)
	io.netty.channel.AbstractChannelHandlerContext.invokeChannelRead(AbstractChannelHandlerContext.java:374)
	io.netty.channel.AbstractChannelHandlerContext.invokeChannelRead(AbstractChannelHandlerContext.java:360)
	io.netty.channel.AbstractChannelHandlerContext.fireChannelRead(AbstractChannelHandlerContext.java:352)
	io.netty.channel.DefaultChannelPipeline$HeadContext.channelRead(DefaultChannelPipeline.java:1408)
	io.netty.channel.AbstractChannelHandlerContext.invokeChannelRead(AbstractChannelHandlerContext.java:374)
	io.netty.channel.AbstractChannelHandlerContext.invokeChannelRead(AbstractChannelHandlerContext.java:360)
	io.netty.channel.DefaultChannelPipeline.fireChannelRead(DefaultChannelPipeline.java:930)
	io.netty.channel.nio.AbstractNioByteChannel$NioByteUnsafe.read(AbstractNioByteChannel.java:163)
	io.netty.channel.nio.NioEventLoop.processSelectedKey(NioEventLoop.java:682)
	io.netty.channel.nio.NioEventLoop.processSelectedKeysOptimized(NioEventLoop.java:617)
	io.netty.channel.nio.NioEventLoop.processSelectedKeys(NioEventLoop.java:534)
	io.netty.channel.nio.NioEventLoop.run(NioEventLoop.java:496)
	io.netty.util.concurrent.SingleThreadEventExecutor$5.run(SingleThreadEventExecutor.java:906)
	io.netty.util.internal.ThreadExecutorMap$2.run(ThreadExecutorMap.java:74)
	io.netty.util.concurrent.FastThreadLocalRunnable.run(FastThreadLocalRunnable.java:30)
	java.lang.Thread.run(Thread.java:748)
: 9 leak records were discarded because they were duplicates
: 4089 leak records were discarded because the leak record count is targeted to 4. Use system property io.netty.leakDetection.targetRecords to increase the limit.
22:42:57.821 [reactor-http-nio-6] ERROR i.n.u.ResourceLeakDetector - LEAK: ByteBuf.release() was not called before it's garbage-collected. See http://netty.io/wiki/reference-counted-objects.html for more information.
Recent access records: 
#1:
	io.netty.buffer.AdvancedLeakAwareByteBuf.order(AdvancedLeakAwareByteBuf.java:70)
	io.netty.buffer.CompositeByteBuf.newComponent(CompositeByteBuf.java:318)
	io.netty.buffer.CompositeByteBuf.addComponent0(CompositeByteBuf.java:280)
	io.netty.buffer.CompositeByteBuf.addComponent(CompositeByteBuf.java:265)
	io.netty.buffer.CompositeByteBuf.addComponent(CompositeByteBuf.java:222)
	io.netty.buffer.WrappedCompositeByteBuf.addComponent(WrappedCompositeByteBuf.java:529)
	io.netty.buffer.AdvancedLeakAwareCompositeByteBuf.addComponent(AdvancedLeakAwareCompositeByteBuf.java:921)
	org.springframework.core.io.buffer.NettyDataBufferFactory.join(NettyDataBufferFactory.java:111)
	org.springframework.core.io.buffer.DataBufferUtils.joinAndStrip(DataBufferUtils.java:686)
	org.springframework.core.io.buffer.DataBufferUtils.lambda$split$20(DataBufferUtils.java:605)
	reactor.core.publisher.FluxMap$MapConditionalSubscriber.onNext(FluxMap.java:199)
	reactor.core.publisher.FluxBufferPredicate$BufferPredicateSubscriber.emit(FluxBufferPredicate.java:290)
	reactor.core.publisher.FluxBufferPredicate$BufferPredicateSubscriber.onNextNewBuffer(FluxBufferPredicate.java:257)
	reactor.core.publisher.FluxBufferPredicate$BufferPredicateSubscriber.tryOnNext(FluxBufferPredicate.java:211)
	reactor.core.publisher.FluxBufferPredicate$BufferPredicateSubscriber.onNext(FluxBufferPredicate.java:184)
	reactor.core.publisher.FluxFlatMap$FlatMapMain.drainLoop(FluxFlatMap.java:664)
	reactor.core.publisher.FluxFlatMap$FlatMapMain.drain(FluxFlatMap.java:540)
	reactor.core.publisher.FluxFlatMap$FlatMapInner.onSubscribe(FluxFlatMap.java:924)
	reactor.core.publisher.FluxIterable.subscribe(FluxIterable.java:139)
	reactor.core.publisher.FluxIterable.subscribe(FluxIterable.java:63)
	reactor.core.publisher.Flux.subscribe(Flux.java:7922)
	reactor.core.publisher.FluxFlatMap$FlatMapMain.onNext(FluxFlatMap.java:389)
	reactor.core.publisher.FluxConcatMap$ConcatMapImmediate.innerNext(FluxConcatMap.java:275)
	reactor.core.publisher.FluxConcatMap$ConcatMapInner.onNext(FluxConcatMap.java:849)
	reactor.core.publisher.FluxConcatMap$WeakScalarSubscription.request(FluxConcatMap.java:470)
	reactor.core.publisher.Operators$MultiSubscriptionSubscriber.set(Operators.java:1939)
	reactor.core.publisher.FluxConcatMap$ConcatMapImmediate.drain(FluxConcatMap.java:436)
	reactor.core.publisher.FluxConcatMap$ConcatMapImmediate.onNext(FluxConcatMap.java:244)
	reactor.core.publisher.FluxMap$MapSubscriber.onNext(FluxMap.java:114)
	reactor.core.publisher.FluxPeek$PeekSubscriber.onNext(FluxPeek.java:192)
	reactor.core.publisher.FluxMap$MapSubscriber.onNext(FluxMap.java:114)
	reactor.netty.channel.FluxReceive.drainReceiver(FluxReceive.java:206)
	reactor.netty.channel.FluxReceive.onInboundNext(FluxReceive.java:322)
	reactor.netty.channel.ChannelOperations.onInboundNext(ChannelOperations.java:335)
	reactor.netty.http.server.HttpServerOperations.onInboundNext(HttpServerOperations.java:456)
	reactor.netty.channel.ChannelOperationsHandler.channelRead(ChannelOperationsHandler.java:91)
	io.netty.channel.AbstractChannelHandlerContext.invokeChannelRead(AbstractChannelHandlerContext.java:374)
	io.netty.channel.AbstractChannelHandlerContext.invokeChannelRead(AbstractChannelHandlerContext.java:360)
	io.netty.channel.AbstractChannelHandlerContext.fireChannelRead(AbstractChannelHandlerContext.java:352)
	reactor.netty.http.server.HttpTrafficHandler.channelRead(HttpTrafficHandler.java:190)
	io.netty.channel.AbstractChannelHandlerContext.invokeChannelRead(AbstractChannelHandlerContext.java:374)
	io.netty.channel.AbstractChannelHandlerContext.invokeChannelRead(AbstractChannelHandlerContext.java:360)
	io.netty.channel.AbstractChannelHandlerContext.fireChannelRead(AbstractChannelHandlerContext.java:352)
	io.netty.channel.CombinedChannelDuplexHandler$DelegatingChannelHandlerContext.fireChannelRead(CombinedChannelDuplexHandler.java:438)
	io.netty.handler.codec.ByteToMessageDecoder.fireChannelRead(ByteToMessageDecoder.java:323)
	io.netty.handler.codec.ByteToMessageDecoder.fireChannelRead(ByteToMessageDecoder.java:310)
	io.netty.handler.codec.ByteToMessageDecoder.callDecode(ByteToMessageDecoder.java:426)
	io.netty.handler.codec.ByteToMessageDecoder.channelRead(ByteToMessageDecoder.java:278)
	io.netty.channel.CombinedChannelDuplexHandler.channelRead(CombinedChannelDuplexHandler.java:253)
	io.netty.channel.AbstractChannelHandlerContext.invokeChannelRead(AbstractChannelHandlerContext.java:374)
	io.netty.channel.AbstractChannelHandlerContext.invokeChannelRead(AbstractChannelHandlerContext.java:360)
	io.netty.channel.AbstractChannelHandlerContext.fireChannelRead(AbstractChannelHandlerContext.java:352)
	io.netty.channel.DefaultChannelPipeline$HeadContext.channelRead(DefaultChannelPipeline.java:1408)
	io.netty.channel.AbstractChannelHandlerContext.invokeChannelRead(AbstractChannelHandlerContext.java:374)
	io.netty.channel.AbstractChannelHandlerContext.invokeChannelRead(AbstractChannelHandlerContext.java:360)
	io.netty.channel.DefaultChannelPipeline.fireChannelRead(DefaultChannelPipeline.java:930)
	io.netty.channel.nio.AbstractNioByteChannel$NioByteUnsafe.read(AbstractNioByteChannel.java:163)
	io.netty.channel.nio.NioEventLoop.processSelectedKey(NioEventLoop.java:682)
	io.netty.channel.nio.NioEventLoop.processSelectedKeysOptimized(NioEventLoop.java:617)
	io.netty.channel.nio.NioEventLoop.processSelectedKeys(NioEventLoop.java:534)
	io.netty.channel.nio.NioEventLoop.run(NioEventLoop.java:496)
	io.netty.util.concurrent.SingleThreadEventExecutor$5.run(SingleThreadEventExecutor.java:906)
	io.netty.util.internal.ThreadExecutorMap$2.run(ThreadExecutorMap.java:74)
	io.netty.util.concurrent.FastThreadLocalRunnable.run(FastThreadLocalRunnable.java:30)
	java.lang.Thread.run(Thread.java:748)
#2:
	io.netty.buffer.AdvancedLeakAwareByteBuf.getByte(AdvancedLeakAwareByteBuf.java:154)
	org.springframework.core.io.buffer.NettyDataBuffer.getByte(NettyDataBuffer.java:132)
	org.springframework.core.io.buffer.DataBufferUtils$KnuthMorrisPrattMatcher.match(DataBufferUtils.java:1005)
	org.springframework.core.io.buffer.DataBufferUtils.endFrameAfterDelimiter(DataBufferUtils.java:634)
	org.springframework.core.io.buffer.DataBufferUtils.lambda$split$18(DataBufferUtils.java:603)
	reactor.core.publisher.FluxFlatMap$FlatMapMain.onNext(FluxFlatMap.java:350)
	reactor.core.publisher.FluxConcatMap$ConcatMapImmediate.innerNext(FluxConcatMap.java:275)
	reactor.core.publisher.FluxConcatMap$ConcatMapInner.onNext(FluxConcatMap.java:849)
	reactor.core.publisher.FluxConcatMap$WeakScalarSubscription.request(FluxConcatMap.java:470)
	reactor.core.publisher.Operators$MultiSubscriptionSubscriber.set(Operators.java:1939)
	reactor.core.publisher.FluxConcatMap$ConcatMapImmediate.drain(FluxConcatMap.java:436)
	reactor.core.publisher.FluxConcatMap$ConcatMapImmediate.onNext(FluxConcatMap.java:244)
	reactor.core.publisher.FluxMap$MapSubscriber.onNext(FluxMap.java:114)
	reactor.core.publisher.FluxPeek$PeekSubscriber.onNext(FluxPeek.java:192)
	reactor.core.publisher.FluxMap$MapSubscriber.onNext(FluxMap.java:114)
	reactor.netty.channel.FluxReceive.drainReceiver(FluxReceive.java:206)
	reactor.netty.channel.FluxReceive.onInboundNext(FluxReceive.java:322)
	reactor.netty.channel.ChannelOperations.onInboundNext(ChannelOperations.java:335)
	reactor.netty.http.server.HttpServerOperations.onInboundNext(HttpServerOperations.java:456)
	reactor.netty.channel.ChannelOperationsHandler.channelRead(ChannelOperationsHandler.java:91)
	io.netty.channel.AbstractChannelHandlerContext.invokeChannelRead(AbstractChannelHandlerContext.java:374)
	io.netty.channel.AbstractChannelHandlerContext.invokeChannelRead(AbstractChannelHandlerContext.java:360)
	io.netty.channel.AbstractChannelHandlerContext.fireChannelRead(AbstractChannelHandlerContext.java:352)
	reactor.netty.http.server.HttpTrafficHandler.channelRead(HttpTrafficHandler.java:190)
	io.netty.channel.AbstractChannelHandlerContext.invokeChannelRead(AbstractChannelHandlerContext.java:374)
	io.netty.channel.AbstractChannelHandlerContext.invokeChannelRead(AbstractChannelHandlerContext.java:360)
	io.netty.channel.AbstractChannelHandlerContext.fireChannelRead(AbstractChannelHandlerContext.java:352)
	io.netty.channel.CombinedChannelDuplexHandler$DelegatingChannelHandlerContext.fireChannelRead(CombinedChannelDuplexHandler.java:438)
	io.netty.handler.codec.ByteToMessageDecoder.fireChannelRead(ByteToMessageDecoder.java:323)
	io.netty.handler.codec.ByteToMessageDecoder.fireChannelRead(ByteToMessageDecoder.java:310)
	io.netty.handler.codec.ByteToMessageDecoder.callDecode(ByteToMessageDecoder.java:426)
	io.netty.handler.codec.ByteToMessageDecoder.channelRead(ByteToMessageDecoder.java:278)
	io.netty.channel.CombinedChannelDuplexHandler.channelRead(CombinedChannelDuplexHandler.java:253)
	io.netty.channel.AbstractChannelHandlerContext.invokeChannelRead(AbstractChannelHandlerContext.java:374)
	io.netty.channel.AbstractChannelHandlerContext.invokeChannelRead(AbstractChannelHandlerContext.java:360)
	io.netty.channel.AbstractChannelHandlerContext.fireChannelRead(AbstractChannelHandlerContext.java:352)
	io.netty.channel.DefaultChannelPipeline$HeadContext.channelRead(DefaultChannelPipeline.java:1408)
	io.netty.channel.AbstractChannelHandlerContext.invokeChannelRead(AbstractChannelHandlerContext.java:374)
	io.netty.channel.AbstractChannelHandlerContext.invokeChannelRead(AbstractChannelHandlerContext.java:360)
	io.netty.channel.DefaultChannelPipeline.fireChannelRead(DefaultChannelPipeline.java:930)
	io.netty.channel.nio.AbstractNioByteChannel$NioByteUnsafe.read(AbstractNioByteChannel.java:163)
	io.netty.channel.nio.NioEventLoop.processSelectedKey(NioEventLoop.java:682)
	io.netty.channel.nio.NioEventLoop.processSelectedKeysOptimized(NioEventLoop.java:617)
	io.netty.channel.nio.NioEventLoop.processSelectedKeys(NioEventLoop.java:534)
	io.netty.channel.nio.NioEventLoop.run(NioEventLoop.java:496)
	io.netty.util.concurrent.SingleThreadEventExecutor$5.run(SingleThreadEventExecutor.java:906)
	io.netty.util.internal.ThreadExecutorMap$2.run(ThreadExecutorMap.java:74)
	io.netty.util.concurrent.FastThreadLocalRunnable.run(FastThreadLocalRunnable.java:30)
	java.lang.Thread.run(Thread.java:748)
#3:
	reactor.core.publisher.FluxPeek$PeekSubscriber.onNext(FluxPeek.java:177)
	reactor.core.publisher.FluxMap$MapSubscriber.onNext(FluxMap.java:114)
	reactor.netty.channel.FluxReceive.drainReceiver(FluxReceive.java:206)
	reactor.netty.channel.FluxReceive.onInboundNext(FluxReceive.java:322)
	reactor.netty.channel.ChannelOperations.onInboundNext(ChannelOperations.java:335)
	reactor.netty.http.server.HttpServerOperations.onInboundNext(HttpServerOperations.java:456)
	reactor.netty.channel.ChannelOperationsHandler.channelRead(ChannelOperationsHandler.java:91)
	io.netty.channel.AbstractChannelHandlerContext.invokeChannelRead(AbstractChannelHandlerContext.java:374)
	io.netty.channel.AbstractChannelHandlerContext.invokeChannelRead(AbstractChannelHandlerContext.java:360)
	io.netty.channel.AbstractChannelHandlerContext.fireChannelRead(AbstractChannelHandlerContext.java:352)
	reactor.netty.http.server.HttpTrafficHandler.channelRead(HttpTrafficHandler.java:190)
	io.netty.channel.AbstractChannelHandlerContext.invokeChannelRead(AbstractChannelHandlerContext.java:374)
	io.netty.channel.AbstractChannelHandlerContext.invokeChannelRead(AbstractChannelHandlerContext.java:360)
	io.netty.channel.AbstractChannelHandlerContext.fireChannelRead(AbstractChannelHandlerContext.java:352)
	io.netty.channel.CombinedChannelDuplexHandler$DelegatingChannelHandlerContext.fireChannelRead(CombinedChannelDuplexHandler.java:438)
	io.netty.handler.codec.ByteToMessageDecoder.fireChannelRead(ByteToMessageDecoder.java:323)
	io.netty.handler.codec.ByteToMessageDecoder.fireChannelRead(ByteToMessageDecoder.java:310)
	io.netty.handler.codec.ByteToMessageDecoder.callDecode(ByteToMessageDecoder.java:426)
	io.netty.handler.codec.ByteToMessageDecoder.channelRead(ByteToMessageDecoder.java:278)
	io.netty.channel.CombinedChannelDuplexHandler.channelRead(CombinedChannelDuplexHandler.java:253)
	io.netty.channel.AbstractChannelHandlerContext.invokeChannelRead(AbstractChannelHandlerContext.java:374)
	io.netty.channel.AbstractChannelHandlerContext.invokeChannelRead(AbstractChannelHandlerContext.java:360)
	io.netty.channel.AbstractChannelHandlerContext.fireChannelRead(AbstractChannelHandlerContext.java:352)
	io.netty.channel.DefaultChannelPipeline$HeadContext.channelRead(DefaultChannelPipeline.java:1408)
	io.netty.channel.AbstractChannelHandlerContext.invokeChannelRead(AbstractChannelHandlerContext.java:374)
	io.netty.channel.AbstractChannelHandlerContext.invokeChannelRead(AbstractChannelHandlerContext.java:360)
	io.netty.channel.DefaultChannelPipeline.fireChannelRead(DefaultChannelPipeline.java:930)
	io.netty.channel.nio.AbstractNioByteChannel$NioByteUnsafe.read(AbstractNioByteChannel.java:163)
	io.netty.channel.nio.NioEventLoop.processSelectedKey(NioEventLoop.java:682)
	io.netty.channel.nio.NioEventLoop.processSelectedKeysOptimized(NioEventLoop.java:617)
	io.netty.channel.nio.NioEventLoop.processSelectedKeys(NioEventLoop.java:534)
	io.netty.channel.nio.NioEventLoop.run(NioEventLoop.java:496)
	io.netty.util.concurrent.SingleThreadEventExecutor$5.run(SingleThreadEventExecutor.java:906)
	io.netty.util.internal.ThreadExecutorMap$2.run(ThreadExecutorMap.java:74)
	io.netty.util.concurrent.FastThreadLocalRunnable.run(FastThreadLocalRunnable.java:30)
	java.lang.Thread.run(Thread.java:748)
#4:
	Hint: 'reactor.right.reactiveBridge' will handle the message from this point.
	io.netty.handler.codec.http.DefaultHttpContent.touch(DefaultHttpContent.java:88)
	io.netty.handler.codec.http.DefaultHttpContent.touch(DefaultHttpContent.java:24)
	io.netty.channel.DefaultChannelPipeline.touch(DefaultChannelPipeline.java:116)
	io.netty.channel.AbstractChannelHandlerContext.invokeChannelRead(AbstractChannelHandlerContext.java:357)
	io.netty.channel.AbstractChannelHandlerContext.fireChannelRead(AbstractChannelHandlerContext.java:352)
	reactor.netty.http.server.HttpTrafficHandler.channelRead(HttpTrafficHandler.java:190)
	io.netty.channel.AbstractChannelHandlerContext.invokeChannelRead(AbstractChannelHandlerContext.java:374)
	io.netty.channel.AbstractChannelHandlerContext.invokeChannelRead(AbstractChannelHandlerContext.java:360)
	io.netty.channel.AbstractChannelHandlerContext.fireChannelRead(AbstractChannelHandlerContext.java:352)
	io.netty.channel.CombinedChannelDuplexHandler$DelegatingChannelHandlerContext.fireChannelRead(CombinedChannelDuplexHandler.java:438)
	io.netty.handler.codec.ByteToMessageDecoder.fireChannelRead(ByteToMessageDecoder.java:323)
	io.netty.handler.codec.ByteToMessageDecoder.fireChannelRead(ByteToMessageDecoder.java:310)
	io.netty.handler.codec.ByteToMessageDecoder.callDecode(ByteToMessageDecoder.java:426)
	io.netty.handler.codec.ByteToMessageDecoder.channelRead(ByteToMessageDecoder.java:278)
	io.netty.channel.CombinedChannelDuplexHandler.channelRead(CombinedChannelDuplexHandler.java:253)
	io.netty.channel.AbstractChannelHandlerContext.invokeChannelRead(AbstractChannelHandlerContext.java:374)
	io.netty.channel.AbstractChannelHandlerContext.invokeChannelRead(AbstractChannelHandlerContext.java:360)
	io.netty.channel.AbstractChannelHandlerContext.fireChannelRead(AbstractChannelHandlerContext.java:352)
	io.netty.channel.DefaultChannelPipeline$HeadContext.channelRead(DefaultChannelPipeline.java:1408)
	io.netty.channel.AbstractChannelHandlerContext.invokeChannelRead(AbstractChannelHandlerContext.java:374)
	io.netty.channel.AbstractChannelHandlerContext.invokeChannelRead(AbstractChannelHandlerContext.java:360)
	io.netty.channel.DefaultChannelPipeline.fireChannelRead(DefaultChannelPipeline.java:930)
	io.netty.channel.nio.AbstractNioByteChannel$NioByteUnsafe.read(AbstractNioByteChannel.java:163)
	io.netty.channel.nio.NioEventLoop.processSelectedKey(NioEventLoop.java:682)
	io.netty.channel.nio.NioEventLoop.processSelectedKeysOptimized(NioEventLoop.java:617)
	io.netty.channel.nio.NioEventLoop.processSelectedKeys(NioEventLoop.java:534)
	io.netty.channel.nio.NioEventLoop.run(NioEventLoop.java:496)
	io.netty.util.concurrent.SingleThreadEventExecutor$5.run(SingleThreadEventExecutor.java:906)
	io.netty.util.internal.ThreadExecutorMap$2.run(ThreadExecutorMap.java:74)
	io.netty.util.concurrent.FastThreadLocalRunnable.run(FastThreadLocalRunnable.java:30)
	java.lang.Thread.run(Thread.java:748)
#5:
	Hint: 'reactor.left.httpTrafficHandler' will handle the message from this point.
	io.netty.handler.codec.http.DefaultHttpContent.touch(DefaultHttpContent.java:88)
	io.netty.handler.codec.http.DefaultHttpContent.touch(DefaultHttpContent.java:24)
	io.netty.channel.DefaultChannelPipeline.touch(DefaultChannelPipeline.java:116)
	io.netty.channel.AbstractChannelHandlerContext.invokeChannelRead(AbstractChannelHandlerContext.java:357)
	io.netty.channel.AbstractChannelHandlerContext.fireChannelRead(AbstractChannelHandlerContext.java:352)
	io.netty.channel.CombinedChannelDuplexHandler$DelegatingChannelHandlerContext.fireChannelRead(CombinedChannelDuplexHandler.java:438)
	io.netty.handler.codec.ByteToMessageDecoder.fireChannelRead(ByteToMessageDecoder.java:323)
	io.netty.handler.codec.ByteToMessageDecoder.fireChannelRead(ByteToMessageDecoder.java:310)
	io.netty.handler.codec.ByteToMessageDecoder.callDecode(ByteToMessageDecoder.java:426)
	io.netty.handler.codec.ByteToMessageDecoder.channelRead(ByteToMessageDecoder.java:278)
	io.netty.channel.CombinedChannelDuplexHandler.channelRead(CombinedChannelDuplexHandler.java:253)
	io.netty.channel.AbstractChannelHandlerContext.invokeChannelRead(AbstractChannelHandlerContext.java:374)
	io.netty.channel.AbstractChannelHandlerContext.invokeChannelRead(AbstractChannelHandlerContext.java:360)
	io.netty.channel.AbstractChannelHandlerContext.fireChannelRead(AbstractChannelHandlerContext.java:352)
	io.netty.channel.DefaultChannelPipeline$HeadContext.channelRead(DefaultChannelPipeline.java:1408)
	io.netty.channel.AbstractChannelHandlerContext.invokeChannelRead(AbstractChannelHandlerContext.java:374)
	io.netty.channel.AbstractChannelHandlerContext.invokeChannelRead(AbstractChannelHandlerContext.java:360)
	io.netty.channel.DefaultChannelPipeline.fireChannelRead(DefaultChannelPipeline.java:930)
	io.netty.channel.nio.AbstractNioByteChannel$NioByteUnsafe.read(AbstractNioByteChannel.java:163)
	io.netty.channel.nio.NioEventLoop.processSelectedKey(NioEventLoop.java:682)
	io.netty.channel.nio.NioEventLoop.processSelectedKeysOptimized(NioEventLoop.java:617)
	io.netty.channel.nio.NioEventLoop.processSelectedKeys(NioEventLoop.java:534)
	io.netty.channel.nio.NioEventLoop.run(NioEventLoop.java:496)
	io.netty.util.concurrent.SingleThreadEventExecutor$5.run(SingleThreadEventExecutor.java:906)
	io.netty.util.internal.ThreadExecutorMap$2.run(ThreadExecutorMap.java:74)
	io.netty.util.concurrent.FastThreadLocalRunnable.run(FastThreadLocalRunnable.java:30)
	java.lang.Thread.run(Thread.java:748)
Created at:
	io.netty.buffer.SimpleLeakAwareByteBuf.unwrappedDerived(SimpleLeakAwareByteBuf.java:143)
	io.netty.buffer.SimpleLeakAwareByteBuf.readRetainedSlice(SimpleLeakAwareByteBuf.java:67)
	io.netty.buffer.AdvancedLeakAwareByteBuf.readRetainedSlice(AdvancedLeakAwareByteBuf.java:107)
	io.netty.handler.codec.http.HttpObjectDecoder.decode(HttpObjectDecoder.java:336)
	io.netty.handler.codec.http.HttpServerCodec$HttpServerRequestDecoder.decode(HttpServerCodec.java:103)
	io.netty.handler.codec.ByteToMessageDecoder.decodeRemovalReentryProtection(ByteToMessageDecoder.java:502)
	io.netty.handler.codec.ByteToMessageDecoder.callDecode(ByteToMessageDecoder.java:441)
	io.netty.handler.codec.ByteToMessageDecoder.channelRead(ByteToMessageDecoder.java:278)
	io.netty.channel.CombinedChannelDuplexHandler.channelRead(CombinedChannelDuplexHandler.java:253)
	io.netty.channel.AbstractChannelHandlerContext.invokeChannelRead(AbstractChannelHandlerContext.java:374)
	io.netty.channel.AbstractChannelHandlerContext.invokeChannelRead(AbstractChannelHandlerContext.java:360)
	io.netty.channel.AbstractChannelHandlerContext.fireChannelRead(AbstractChannelHandlerContext.java:352)
	io.netty.channel.DefaultChannelPipeline$HeadContext.channelRead(DefaultChannelPipeline.java:1408)
	io.netty.channel.AbstractChannelHandlerContext.invokeChannelRead(AbstractChannelHandlerContext.java:374)
	io.netty.channel.AbstractChannelHandlerContext.invokeChannelRead(AbstractChannelHandlerContext.java:360)
	io.netty.channel.DefaultChannelPipeline.fireChannelRead(DefaultChannelPipeline.java:930)
	io.netty.channel.nio.AbstractNioByteChannel$NioByteUnsafe.read(AbstractNioByteChannel.java:163)
	io.netty.channel.nio.NioEventLoop.processSelectedKey(NioEventLoop.java:682)
	io.netty.channel.nio.NioEventLoop.processSelectedKeysOptimized(NioEventLoop.java:617)
	io.netty.channel.nio.NioEventLoop.processSelectedKeys(NioEventLoop.java:534)
	io.netty.channel.nio.NioEventLoop.run(NioEventLoop.java:496)
	io.netty.util.concurrent.SingleThreadEventExecutor$5.run(SingleThreadEventExecutor.java:906)
	io.netty.util.internal.ThreadExecutorMap$2.run(ThreadExecutorMap.java:74)
	io.netty.util.concurrent.FastThreadLocalRunnable.run(FastThreadLocalRunnable.java:30)
	java.lang.Thread.run(Thread.java:748)
: 9 leak records were discarded because they were duplicates
: 4090 leak records were discarded because the leak record count is targeted to 4. Use system property io.netty.leakDetection.targetRecords to increase the limit.
22:42:57.822 [reactor-http-nio-6] ERROR i.n.u.ResourceLeakDetector - LEAK: ByteBuf.release() was not called before it's garbage-collected. See http://netty.io/wiki/reference-counted-objects.html for more information.
Recent access records: 
#1:
	io.netty.buffer.AdvancedLeakAwareByteBuf.order(AdvancedLeakAwareByteBuf.java:70)
	io.netty.buffer.CompositeByteBuf.newComponent(CompositeByteBuf.java:318)
	io.netty.buffer.CompositeByteBuf.addComponent0(CompositeByteBuf.java:280)
	io.netty.buffer.CompositeByteBuf.addComponent(CompositeByteBuf.java:265)
	io.netty.buffer.CompositeByteBuf.addComponent(CompositeByteBuf.java:222)
	io.netty.buffer.WrappedCompositeByteBuf.addComponent(WrappedCompositeByteBuf.java:529)
	io.netty.buffer.AdvancedLeakAwareCompositeByteBuf.addComponent(AdvancedLeakAwareCompositeByteBuf.java:921)
	org.springframework.core.io.buffer.NettyDataBufferFactory.join(NettyDataBufferFactory.java:111)
	org.springframework.core.io.buffer.DataBufferUtils.joinAndStrip(DataBufferUtils.java:686)
	org.springframework.core.io.buffer.DataBufferUtils.lambda$split$20(DataBufferUtils.java:605)
	reactor.core.publisher.FluxMap$MapConditionalSubscriber.onNext(FluxMap.java:199)
	reactor.core.publisher.FluxBufferPredicate$BufferPredicateSubscriber.emit(FluxBufferPredicate.java:290)
	reactor.core.publisher.FluxBufferPredicate$BufferPredicateSubscriber.onNextNewBuffer(FluxBufferPredicate.java:257)
	reactor.core.publisher.FluxBufferPredicate$BufferPredicateSubscriber.tryOnNext(FluxBufferPredicate.java:211)
	reactor.core.publisher.FluxBufferPredicate$BufferPredicateSubscriber.onNext(FluxBufferPredicate.java:184)
	reactor.core.publisher.FluxFlatMap$FlatMapMain.drainLoop(FluxFlatMap.java:664)
	reactor.core.publisher.FluxFlatMap$FlatMapMain.drain(FluxFlatMap.java:540)
	reactor.core.publisher.FluxFlatMap$FlatMapInner.onSubscribe(FluxFlatMap.java:924)
	reactor.core.publisher.FluxIterable.subscribe(FluxIterable.java:139)
	reactor.core.publisher.FluxIterable.subscribe(FluxIterable.java:63)
	reactor.core.publisher.Flux.subscribe(Flux.java:7922)
	reactor.core.publisher.FluxFlatMap$FlatMapMain.onNext(FluxFlatMap.java:389)
	reactor.core.publisher.FluxConcatMap$ConcatMapImmediate.innerNext(FluxConcatMap.java:275)
	reactor.core.publisher.FluxConcatMap$ConcatMapInner.onNext(FluxConcatMap.java:849)
	reactor.core.publisher.FluxConcatMap$WeakScalarSubscription.request(FluxConcatMap.java:470)
	reactor.core.publisher.Operators$MultiSubscriptionSubscriber.set(Operators.java:1939)
	reactor.core.publisher.FluxConcatMap$ConcatMapImmediate.drain(FluxConcatMap.java:436)
	reactor.core.publisher.FluxConcatMap$ConcatMapImmediate.onNext(FluxConcatMap.java:244)
	reactor.core.publisher.FluxMap$MapSubscriber.onNext(FluxMap.java:114)
	reactor.core.publisher.FluxPeek$PeekSubscriber.onNext(FluxPeek.java:192)
	reactor.core.publisher.FluxMap$MapSubscriber.onNext(FluxMap.java:114)
	reactor.netty.channel.FluxReceive.drainReceiver(FluxReceive.java:206)
	reactor.netty.channel.FluxReceive.onInboundNext(FluxReceive.java:322)
	reactor.netty.channel.ChannelOperations.onInboundNext(ChannelOperations.java:335)
	reactor.netty.http.server.HttpServerOperations.onInboundNext(HttpServerOperations.java:456)
	reactor.netty.channel.ChannelOperationsHandler.channelRead(ChannelOperationsHandler.java:91)
	io.netty.channel.AbstractChannelHandlerContext.invokeChannelRead(AbstractChannelHandlerContext.java:374)
	io.netty.channel.AbstractChannelHandlerContext.invokeChannelRead(AbstractChannelHandlerContext.java:360)
	io.netty.channel.AbstractChannelHandlerContext.fireChannelRead(AbstractChannelHandlerContext.java:352)
	reactor.netty.http.server.HttpTrafficHandler.channelRead(HttpTrafficHandler.java:190)
	io.netty.channel.AbstractChannelHandlerContext.invokeChannelRead(AbstractChannelHandlerContext.java:374)
	io.netty.channel.AbstractChannelHandlerContext.invokeChannelRead(AbstractChannelHandlerContext.java:360)
	io.netty.channel.AbstractChannelHandlerContext.fireChannelRead(AbstractChannelHandlerContext.java:352)
	io.netty.channel.CombinedChannelDuplexHandler$DelegatingChannelHandlerContext.fireChannelRead(CombinedChannelDuplexHandler.java:438)
	io.netty.handler.codec.ByteToMessageDecoder.fireChannelRead(ByteToMessageDecoder.java:323)
	io.netty.handler.codec.ByteToMessageDecoder.fireChannelRead(ByteToMessageDecoder.java:310)
	io.netty.handler.codec.ByteToMessageDecoder.callDecode(ByteToMessageDecoder.java:426)
	io.netty.handler.codec.ByteToMessageDecoder.channelRead(ByteToMessageDecoder.java:278)
	io.netty.channel.CombinedChannelDuplexHandler.channelRead(CombinedChannelDuplexHandler.java:253)
	io.netty.channel.AbstractChannelHandlerContext.invokeChannelRead(AbstractChannelHandlerContext.java:374)
	io.netty.channel.AbstractChannelHandlerContext.invokeChannelRead(AbstractChannelHandlerContext.java:360)
	io.netty.channel.AbstractChannelHandlerContext.fireChannelRead(AbstractChannelHandlerContext.java:352)
	io.netty.channel.DefaultChannelPipeline$HeadContext.channelRead(DefaultChannelPipeline.java:1408)
	io.netty.channel.AbstractChannelHandlerContext.invokeChannelRead(AbstractChannelHandlerContext.java:374)
	io.netty.channel.AbstractChannelHandlerContext.invokeChannelRead(AbstractChannelHandlerContext.java:360)
	io.netty.channel.DefaultChannelPipeline.fireChannelRead(DefaultChannelPipeline.java:930)
	io.netty.channel.nio.AbstractNioByteChannel$NioByteUnsafe.read(AbstractNioByteChannel.java:163)
	io.netty.channel.nio.NioEventLoop.processSelectedKey(NioEventLoop.java:682)
	io.netty.channel.nio.NioEventLoop.processSelectedKeysOptimized(NioEventLoop.java:617)
	io.netty.channel.nio.NioEventLoop.processSelectedKeys(NioEventLoop.java:534)
	io.netty.channel.nio.NioEventLoop.run(NioEventLoop.java:496)
	io.netty.util.concurrent.SingleThreadEventExecutor$5.run(SingleThreadEventExecutor.java:906)
	io.netty.util.internal.ThreadExecutorMap$2.run(ThreadExecutorMap.java:74)
	io.netty.util.concurrent.FastThreadLocalRunnable.run(FastThreadLocalRunnable.java:30)
	java.lang.Thread.run(Thread.java:748)
#2:
	io.netty.buffer.AdvancedLeakAwareByteBuf.getByte(AdvancedLeakAwareByteBuf.java:154)
	org.springframework.core.io.buffer.NettyDataBuffer.getByte(NettyDataBuffer.java:132)
	org.springframework.core.io.buffer.DataBufferUtils$KnuthMorrisPrattMatcher.match(DataBufferUtils.java:1005)
	org.springframework.core.io.buffer.DataBufferUtils.endFrameAfterDelimiter(DataBufferUtils.java:634)
	org.springframework.core.io.buffer.DataBufferUtils.lambda$split$18(DataBufferUtils.java:603)
	reactor.core.publisher.FluxFlatMap$FlatMapMain.onNext(FluxFlatMap.java:350)
	reactor.core.publisher.FluxConcatMap$ConcatMapImmediate.innerNext(FluxConcatMap.java:275)
	reactor.core.publisher.FluxConcatMap$ConcatMapInner.onNext(FluxConcatMap.java:849)
	reactor.core.publisher.FluxConcatMap$WeakScalarSubscription.request(FluxConcatMap.java:470)
	reactor.core.publisher.Operators$MultiSubscriptionSubscriber.set(Operators.java:1939)
	reactor.core.publisher.FluxConcatMap$ConcatMapImmediate.drain(FluxConcatMap.java:436)
	reactor.core.publisher.FluxConcatMap$ConcatMapImmediate.onNext(FluxConcatMap.java:244)
	reactor.core.publisher.FluxMap$MapSubscriber.onNext(FluxMap.java:114)
	reactor.core.publisher.FluxPeek$PeekSubscriber.onNext(FluxPeek.java:192)
	reactor.core.publisher.FluxMap$MapSubscriber.onNext(FluxMap.java:114)
	reactor.netty.channel.FluxReceive.drainReceiver(FluxReceive.java:206)
	reactor.netty.channel.FluxReceive.onInboundNext(FluxReceive.java:322)
	reactor.netty.channel.ChannelOperations.onInboundNext(ChannelOperations.java:335)
	reactor.netty.http.server.HttpServerOperations.onInboundNext(HttpServerOperations.java:456)
	reactor.netty.channel.ChannelOperationsHandler.channelRead(ChannelOperationsHandler.java:91)
	io.netty.channel.AbstractChannelHandlerContext.invokeChannelRead(AbstractChannelHandlerContext.java:374)
	io.netty.channel.AbstractChannelHandlerContext.invokeChannelRead(AbstractChannelHandlerContext.java:360)
	io.netty.channel.AbstractChannelHandlerContext.fireChannelRead(AbstractChannelHandlerContext.java:352)
	reactor.netty.http.server.HttpTrafficHandler.channelRead(HttpTrafficHandler.java:190)
	io.netty.channel.AbstractChannelHandlerContext.invokeChannelRead(AbstractChannelHandlerContext.java:374)
	io.netty.channel.AbstractChannelHandlerContext.invokeChannelRead(AbstractChannelHandlerContext.java:360)
	io.netty.channel.AbstractChannelHandlerContext.fireChannelRead(AbstractChannelHandlerContext.java:352)
	io.netty.channel.CombinedChannelDuplexHandler$DelegatingChannelHandlerContext.fireChannelRead(CombinedChannelDuplexHandler.java:438)
	io.netty.handler.codec.ByteToMessageDecoder.fireChannelRead(ByteToMessageDecoder.java:323)
	io.netty.handler.codec.ByteToMessageDecoder.fireChannelRead(ByteToMessageDecoder.java:310)
	io.netty.handler.codec.ByteToMessageDecoder.callDecode(ByteToMessageDecoder.java:426)
	io.netty.handler.codec.ByteToMessageDecoder.channelRead(ByteToMessageDecoder.java:278)
	io.netty.channel.CombinedChannelDuplexHandler.channelRead(CombinedChannelDuplexHandler.java:253)
	io.netty.channel.AbstractChannelHandlerContext.invokeChannelRead(AbstractChannelHandlerContext.java:374)
	io.netty.channel.AbstractChannelHandlerContext.invokeChannelRead(AbstractChannelHandlerContext.java:360)
	io.netty.channel.AbstractChannelHandlerContext.fireChannelRead(AbstractChannelHandlerContext.java:352)
	io.netty.channel.DefaultChannelPipeline$HeadContext.channelRead(DefaultChannelPipeline.java:1408)
	io.netty.channel.AbstractChannelHandlerContext.invokeChannelRead(AbstractChannelHandlerContext.java:374)
	io.netty.channel.AbstractChannelHandlerContext.invokeChannelRead(AbstractChannelHandlerContext.java:360)
	io.netty.channel.DefaultChannelPipeline.fireChannelRead(DefaultChannelPipeline.java:930)
	io.netty.channel.nio.AbstractNioByteChannel$NioByteUnsafe.read(AbstractNioByteChannel.java:163)
	io.netty.channel.nio.NioEventLoop.processSelectedKey(NioEventLoop.java:682)
	io.netty.channel.nio.NioEventLoop.processSelectedKeysOptimized(NioEventLoop.java:617)
	io.netty.channel.nio.NioEventLoop.processSelectedKeys(NioEventLoop.java:534)
	io.netty.channel.nio.NioEventLoop.run(NioEventLoop.java:496)
	io.netty.util.concurrent.SingleThreadEventExecutor$5.run(SingleThreadEventExecutor.java:906)
	io.netty.util.internal.ThreadExecutorMap$2.run(ThreadExecutorMap.java:74)
	io.netty.util.concurrent.FastThreadLocalRunnable.run(FastThreadLocalRunnable.java:30)
	java.lang.Thread.run(Thread.java:748)
#3:
	reactor.core.publisher.FluxPeek$PeekSubscriber.onNext(FluxPeek.java:177)
	reactor.core.publisher.FluxMap$MapSubscriber.onNext(FluxMap.java:114)
	reactor.netty.channel.FluxReceive.drainReceiver(FluxReceive.java:206)
	reactor.netty.channel.FluxReceive.onInboundNext(FluxReceive.java:322)
	reactor.netty.channel.ChannelOperations.onInboundNext(ChannelOperations.java:335)
	reactor.netty.http.server.HttpServerOperations.onInboundNext(HttpServerOperations.java:456)
	reactor.netty.channel.ChannelOperationsHandler.channelRead(ChannelOperationsHandler.java:91)
	io.netty.channel.AbstractChannelHandlerContext.invokeChannelRead(AbstractChannelHandlerContext.java:374)
	io.netty.channel.AbstractChannelHandlerContext.invokeChannelRead(AbstractChannelHandlerContext.java:360)
	io.netty.channel.AbstractChannelHandlerContext.fireChannelRead(AbstractChannelHandlerContext.java:352)
	reactor.netty.http.server.HttpTrafficHandler.channelRead(HttpTrafficHandler.java:190)
	io.netty.channel.AbstractChannelHandlerContext.invokeChannelRead(AbstractChannelHandlerContext.java:374)
	io.netty.channel.AbstractChannelHandlerContext.invokeChannelRead(AbstractChannelHandlerContext.java:360)
	io.netty.channel.AbstractChannelHandlerContext.fireChannelRead(AbstractChannelHandlerContext.java:352)
	io.netty.channel.CombinedChannelDuplexHandler$DelegatingChannelHandlerContext.fireChannelRead(CombinedChannelDuplexHandler.java:438)
	io.netty.handler.codec.ByteToMessageDecoder.fireChannelRead(ByteToMessageDecoder.java:323)
	io.netty.handler.codec.ByteToMessageDecoder.fireChannelRead(ByteToMessageDecoder.java:310)
	io.netty.handler.codec.ByteToMessageDecoder.callDecode(ByteToMessageDecoder.java:426)
	io.netty.handler.codec.ByteToMessageDecoder.channelRead(ByteToMessageDecoder.java:278)
	io.netty.channel.CombinedChannelDuplexHandler.channelRead(CombinedChannelDuplexHandler.java:253)
	io.netty.channel.AbstractChannelHandlerContext.invokeChannelRead(AbstractChannelHandlerContext.java:374)
	io.netty.channel.AbstractChannelHandlerContext.invokeChannelRead(AbstractChannelHandlerContext.java:360)
	io.netty.channel.AbstractChannelHandlerContext.fireChannelRead(AbstractChannelHandlerContext.java:352)
	io.netty.channel.DefaultChannelPipeline$HeadContext.channelRead(DefaultChannelPipeline.java:1408)
	io.netty.channel.AbstractChannelHandlerContext.invokeChannelRead(AbstractChannelHandlerContext.java:374)
	io.netty.channel.AbstractChannelHandlerContext.invokeChannelRead(AbstractChannelHandlerContext.java:360)
	io.netty.channel.DefaultChannelPipeline.fireChannelRead(DefaultChannelPipeline.java:930)
	io.netty.channel.nio.AbstractNioByteChannel$NioByteUnsafe.read(AbstractNioByteChannel.java:163)
	io.netty.channel.nio.NioEventLoop.processSelectedKey(NioEventLoop.java:682)
	io.netty.channel.nio.NioEventLoop.processSelectedKeysOptimized(NioEventLoop.java:617)
	io.netty.channel.nio.NioEventLoop.processSelectedKeys(NioEventLoop.java:534)
	io.netty.channel.nio.NioEventLoop.run(NioEventLoop.java:496)
	io.netty.util.concurrent.SingleThreadEventExecutor$5.run(SingleThreadEventExecutor.java:906)
	io.netty.util.internal.ThreadExecutorMap$2.run(ThreadExecutorMap.java:74)
	io.netty.util.concurrent.FastThreadLocalRunnable.run(FastThreadLocalRunnable.java:30)
	java.lang.Thread.run(Thread.java:748)
#4:
	Hint: 'reactor.right.reactiveBridge' will handle the message from this point.
	io.netty.handler.codec.http.DefaultHttpContent.touch(DefaultHttpContent.java:88)
	io.netty.handler.codec.http.DefaultHttpContent.touch(DefaultHttpContent.java:24)
	io.netty.channel.DefaultChannelPipeline.touch(DefaultChannelPipeline.java:116)
	io.netty.channel.AbstractChannelHandlerContext.invokeChannelRead(AbstractChannelHandlerContext.java:357)
	io.netty.channel.AbstractChannelHandlerContext.fireChannelRead(AbstractChannelHandlerContext.java:352)
	reactor.netty.http.server.HttpTrafficHandler.channelRead(HttpTrafficHandler.java:190)
	io.netty.channel.AbstractChannelHandlerContext.invokeChannelRead(AbstractChannelHandlerContext.java:374)
	io.netty.channel.AbstractChannelHandlerContext.invokeChannelRead(AbstractChannelHandlerContext.java:360)
	io.netty.channel.AbstractChannelHandlerContext.fireChannelRead(AbstractChannelHandlerContext.java:352)
	io.netty.channel.CombinedChannelDuplexHandler$DelegatingChannelHandlerContext.fireChannelRead(CombinedChannelDuplexHandler.java:438)
	io.netty.handler.codec.ByteToMessageDecoder.fireChannelRead(ByteToMessageDecoder.java:323)
	io.netty.handler.codec.ByteToMessageDecoder.fireChannelRead(ByteToMessageDecoder.java:310)
	io.netty.handler.codec.ByteToMessageDecoder.callDecode(ByteToMessageDecoder.java:426)
	io.netty.handler.codec.ByteToMessageDecoder.channelRead(ByteToMessageDecoder.java:278)
	io.netty.channel.CombinedChannelDuplexHandler.channelRead(CombinedChannelDuplexHandler.java:253)
	io.netty.channel.AbstractChannelHandlerContext.invokeChannelRead(AbstractChannelHandlerContext.java:374)
	io.netty.channel.AbstractChannelHandlerContext.invokeChannelRead(AbstractChannelHandlerContext.java:360)
	io.netty.channel.AbstractChannelHandlerContext.fireChannelRead(AbstractChannelHandlerContext.java:352)
	io.netty.channel.DefaultChannelPipeline$HeadContext.channelRead(DefaultChannelPipeline.java:1408)
	io.netty.channel.AbstractChannelHandlerContext.invokeChannelRead(AbstractChannelHandlerContext.java:374)
	io.netty.channel.AbstractChannelHandlerContext.invokeChannelRead(AbstractChannelHandlerContext.java:360)
	io.netty.channel.DefaultChannelPipeline.fireChannelRead(DefaultChannelPipeline.java:930)
	io.netty.channel.nio.AbstractNioByteChannel$NioByteUnsafe.read(AbstractNioByteChannel.java:163)
	io.netty.channel.nio.NioEventLoop.processSelectedKey(NioEventLoop.java:682)
	io.netty.channel.nio.NioEventLoop.processSelectedKeysOptimized(NioEventLoop.java:617)
	io.netty.channel.nio.NioEventLoop.processSelectedKeys(NioEventLoop.java:534)
	io.netty.channel.nio.NioEventLoop.run(NioEventLoop.java:496)
	io.netty.util.concurrent.SingleThreadEventExecutor$5.run(SingleThreadEventExecutor.java:906)
	io.netty.util.internal.ThreadExecutorMap$2.run(ThreadExecutorMap.java:74)
	io.netty.util.concurrent.FastThreadLocalRunnable.run(FastThreadLocalRunnable.java:30)
	java.lang.Thread.run(Thread.java:748)
#5:
	Hint: 'reactor.left.httpTrafficHandler' will handle the message from this point.
	io.netty.handler.codec.http.DefaultHttpContent.touch(DefaultHttpContent.java:88)
	io.netty.handler.codec.http.DefaultHttpContent.touch(DefaultHttpContent.java:24)
	io.netty.channel.DefaultChannelPipeline.touch(DefaultChannelPipeline.java:116)
	io.netty.channel.AbstractChannelHandlerContext.invokeChannelRead(AbstractChannelHandlerContext.java:357)
	io.netty.channel.AbstractChannelHandlerContext.fireChannelRead(AbstractChannelHandlerContext.java:352)
	io.netty.channel.CombinedChannelDuplexHandler$DelegatingChannelHandlerContext.fireChannelRead(CombinedChannelDuplexHandler.java:438)
	io.netty.handler.codec.ByteToMessageDecoder.fireChannelRead(ByteToMessageDecoder.java:323)
	io.netty.handler.codec.ByteToMessageDecoder.fireChannelRead(ByteToMessageDecoder.java:310)
	io.netty.handler.codec.ByteToMessageDecoder.callDecode(ByteToMessageDecoder.java:426)
	io.netty.handler.codec.ByteToMessageDecoder.channelRead(ByteToMessageDecoder.java:278)
	io.netty.channel.CombinedChannelDuplexHandler.channelRead(CombinedChannelDuplexHandler.java:253)
	io.netty.channel.AbstractChannelHandlerContext.invokeChannelRead(AbstractChannelHandlerContext.java:374)
	io.netty.channel.AbstractChannelHandlerContext.invokeChannelRead(AbstractChannelHandlerContext.java:360)
	io.netty.channel.AbstractChannelHandlerContext.fireChannelRead(AbstractChannelHandlerContext.java:352)
	io.netty.channel.DefaultChannelPipeline$HeadContext.channelRead(DefaultChannelPipeline.java:1408)
	io.netty.channel.AbstractChannelHandlerContext.invokeChannelRead(AbstractChannelHandlerContext.java:374)
	io.netty.channel.AbstractChannelHandlerContext.invokeChannelRead(AbstractChannelHandlerContext.java:360)
	io.netty.channel.DefaultChannelPipeline.fireChannelRead(DefaultChannelPipeline.java:930)
	io.netty.channel.nio.AbstractNioByteChannel$NioByteUnsafe.read(AbstractNioByteChannel.java:163)
	io.netty.channel.nio.NioEventLoop.processSelectedKey(NioEventLoop.java:682)
	io.netty.channel.nio.NioEventLoop.processSelectedKeysOptimized(NioEventLoop.java:617)
	io.netty.channel.nio.NioEventLoop.processSelectedKeys(NioEventLoop.java:534)
	io.netty.channel.nio.NioEventLoop.run(NioEventLoop.java:496)
	io.netty.util.concurrent.SingleThreadEventExecutor$5.run(SingleThreadEventExecutor.java:906)
	io.netty.util.internal.ThreadExecutorMap$2.run(ThreadExecutorMap.java:74)
	io.netty.util.concurrent.FastThreadLocalRunnable.run(FastThreadLocalRunnable.java:30)
	java.lang.Thread.run(Thread.java:748)
Created at:
	io.netty.buffer.SimpleLeakAwareByteBuf.unwrappedDerived(SimpleLeakAwareByteBuf.java:143)
	io.netty.buffer.SimpleLeakAwareByteBuf.readRetainedSlice(SimpleLeakAwareByteBuf.java:67)
	io.netty.buffer.AdvancedLeakAwareByteBuf.readRetainedSlice(AdvancedLeakAwareByteBuf.java:107)
	io.netty.handler.codec.http.HttpObjectDecoder.decode(HttpObjectDecoder.java:336)
	io.netty.handler.codec.http.HttpServerCodec$HttpServerRequestDecoder.decode(HttpServerCodec.java:103)
	io.netty.handler.codec.ByteToMessageDecoder.decodeRemovalReentryProtection(ByteToMessageDecoder.java:502)
	io.netty.handler.codec.ByteToMessageDecoder.callDecode(ByteToMessageDecoder.java:441)
	io.netty.handler.codec.ByteToMessageDecoder.channelRead(ByteToMessageDecoder.java:278)
	io.netty.channel.CombinedChannelDuplexHandler.channelRead(CombinedChannelDuplexHandler.java:253)
	io.netty.channel.AbstractChannelHandlerContext.invokeChannelRead(AbstractChannelHandlerContext.java:374)
	io.netty.channel.AbstractChannelHandlerContext.invokeChannelRead(AbstractChannelHandlerContext.java:360)
	io.netty.channel.AbstractChannelHandlerContext.fireChannelRead(AbstractChannelHandlerContext.java:352)
	io.netty.channel.DefaultChannelPipeline$HeadContext.channelRead(DefaultChannelPipeline.java:1408)
	io.netty.channel.AbstractChannelHandlerContext.invokeChannelRead(AbstractChannelHandlerContext.java:374)
	io.netty.channel.AbstractChannelHandlerContext.invokeChannelRead(AbstractChannelHandlerContext.java:360)
	io.netty.channel.DefaultChannelPipeline.fireChannelRead(DefaultChannelPipeline.java:930)
	io.netty.channel.nio.AbstractNioByteChannel$NioByteUnsafe.read(AbstractNioByteChannel.java:163)
	io.netty.channel.nio.NioEventLoop.processSelectedKey(NioEventLoop.java:682)
	io.netty.channel.nio.NioEventLoop.processSelectedKeysOptimized(NioEventLoop.java:617)
	io.netty.channel.nio.NioEventLoop.processSelectedKeys(NioEventLoop.java:534)
	io.netty.channel.nio.NioEventLoop.run(NioEventLoop.java:496)
	io.netty.util.concurrent.SingleThreadEventExecutor$5.run(SingleThreadEventExecutor.java:906)
	io.netty.util.internal.ThreadExecutorMap$2.run(ThreadExecutorMap.java:74)
	io.netty.util.concurrent.FastThreadLocalRunnable.run(FastThreadLocalRunnable.java:30)
	java.lang.Thread.run(Thread.java:748)
: 2 leak records were discarded because they were duplicates
: 13 leak records were discarded because the leak record count is targeted to 4. Use system property io.netty.leakDetection.targetRecords to increase the limit.
22:42:57.823 [reactor-http-nio-6] ERROR i.n.u.ResourceLeakDetector - LEAK: ByteBuf.release() was not called before it's garbage-collected. See http://netty.io/wiki/reference-counted-objects.html for more information.
Recent access records: 
#1:
	io.netty.buffer.AdvancedLeakAwareByteBuf.order(AdvancedLeakAwareByteBuf.java:70)
	io.netty.buffer.CompositeByteBuf.newComponent(CompositeByteBuf.java:318)
	io.netty.buffer.CompositeByteBuf.addComponent0(CompositeByteBuf.java:280)
	io.netty.buffer.CompositeByteBuf.addComponent(CompositeByteBuf.java:265)
	io.netty.buffer.CompositeByteBuf.addComponent(CompositeByteBuf.java:222)
	io.netty.buffer.WrappedCompositeByteBuf.addComponent(WrappedCompositeByteBuf.java:529)
	io.netty.buffer.AdvancedLeakAwareCompositeByteBuf.addComponent(AdvancedLeakAwareCompositeByteBuf.java:921)
	org.springframework.core.io.buffer.NettyDataBufferFactory.join(NettyDataBufferFactory.java:111)
	org.springframework.core.io.buffer.DataBufferUtils.joinAndStrip(DataBufferUtils.java:686)
	org.springframework.core.io.buffer.DataBufferUtils.lambda$split$20(DataBufferUtils.java:605)
	reactor.core.publisher.FluxMap$MapConditionalSubscriber.onNext(FluxMap.java:199)
	reactor.core.publisher.FluxBufferPredicate$BufferPredicateSubscriber.emit(FluxBufferPredicate.java:290)
	reactor.core.publisher.FluxBufferPredicate$BufferPredicateSubscriber.onNextNewBuffer(FluxBufferPredicate.java:257)
	reactor.core.publisher.FluxBufferPredicate$BufferPredicateSubscriber.tryOnNext(FluxBufferPredicate.java:211)
	reactor.core.publisher.FluxBufferPredicate$BufferPredicateSubscriber.onNext(FluxBufferPredicate.java:184)
	reactor.core.publisher.FluxFlatMap$FlatMapMain.drainLoop(FluxFlatMap.java:664)
	reactor.core.publisher.FluxFlatMap$FlatMapMain.drain(FluxFlatMap.java:540)
	reactor.core.publisher.FluxFlatMap$FlatMapInner.onSubscribe(FluxFlatMap.java:924)
	reactor.core.publisher.FluxIterable.subscribe(FluxIterable.java:139)
	reactor.core.publisher.FluxIterable.subscribe(FluxIterable.java:63)
	reactor.core.publisher.Flux.subscribe(Flux.java:7922)
	reactor.core.publisher.FluxFlatMap$FlatMapMain.onNext(FluxFlatMap.java:389)
	reactor.core.publisher.FluxConcatMap$ConcatMapImmediate.innerNext(FluxConcatMap.java:275)
	reactor.core.publisher.FluxConcatMap$ConcatMapInner.onNext(FluxConcatMap.java:849)
	reactor.core.publisher.FluxConcatMap$WeakScalarSubscription.request(FluxConcatMap.java:470)
	reactor.core.publisher.Operators$MultiSubscriptionSubscriber.set(Operators.java:1939)
	reactor.core.publisher.FluxConcatMap$ConcatMapImmediate.drain(FluxConcatMap.java:436)
	reactor.core.publisher.FluxConcatMap$ConcatMapImmediate.onNext(FluxConcatMap.java:244)
	reactor.core.publisher.FluxMap$MapSubscriber.onNext(FluxMap.java:114)
	reactor.core.publisher.FluxPeek$PeekSubscriber.onNext(FluxPeek.java:192)
	reactor.core.publisher.FluxMap$MapSubscriber.onNext(FluxMap.java:114)
	reactor.netty.channel.FluxReceive.drainReceiver(FluxReceive.java:206)
	reactor.netty.channel.FluxReceive.onInboundNext(FluxReceive.java:322)
	reactor.netty.channel.ChannelOperations.onInboundNext(ChannelOperations.java:335)
	reactor.netty.http.server.HttpServerOperations.onInboundNext(HttpServerOperations.java:456)
	reactor.netty.channel.ChannelOperationsHandler.channelRead(ChannelOperationsHandler.java:91)
	io.netty.channel.AbstractChannelHandlerContext.invokeChannelRead(AbstractChannelHandlerContext.java:374)
	io.netty.channel.AbstractChannelHandlerContext.invokeChannelRead(AbstractChannelHandlerContext.java:360)
	io.netty.channel.AbstractChannelHandlerContext.fireChannelRead(AbstractChannelHandlerContext.java:352)
	reactor.netty.http.server.HttpTrafficHandler.channelRead(HttpTrafficHandler.java:190)
	io.netty.channel.AbstractChannelHandlerContext.invokeChannelRead(AbstractChannelHandlerContext.java:374)
	io.netty.channel.AbstractChannelHandlerContext.invokeChannelRead(AbstractChannelHandlerContext.java:360)
	io.netty.channel.AbstractChannelHandlerContext.fireChannelRead(AbstractChannelHandlerContext.java:352)
	io.netty.channel.CombinedChannelDuplexHandler$DelegatingChannelHandlerContext.fireChannelRead(CombinedChannelDuplexHandler.java:438)
	io.netty.handler.codec.ByteToMessageDecoder.fireChannelRead(ByteToMessageDecoder.java:323)
	io.netty.handler.codec.ByteToMessageDecoder.fireChannelRead(ByteToMessageDecoder.java:310)
	io.netty.handler.codec.ByteToMessageDecoder.callDecode(ByteToMessageDecoder.java:426)
	io.netty.handler.codec.ByteToMessageDecoder.channelRead(ByteToMessageDecoder.java:278)
	io.netty.channel.CombinedChannelDuplexHandler.channelRead(CombinedChannelDuplexHandler.java:253)
	io.netty.channel.AbstractChannelHandlerContext.invokeChannelRead(AbstractChannelHandlerContext.java:374)
	io.netty.channel.AbstractChannelHandlerContext.invokeChannelRead(AbstractChannelHandlerContext.java:360)
	io.netty.channel.AbstractChannelHandlerContext.fireChannelRead(AbstractChannelHandlerContext.java:352)
	io.netty.channel.DefaultChannelPipeline$HeadContext.channelRead(DefaultChannelPipeline.java:1408)
	io.netty.channel.AbstractChannelHandlerContext.invokeChannelRead(AbstractChannelHandlerContext.java:374)
	io.netty.channel.AbstractChannelHandlerContext.invokeChannelRead(AbstractChannelHandlerContext.java:360)
	io.netty.channel.DefaultChannelPipeline.fireChannelRead(DefaultChannelPipeline.java:930)
	io.netty.channel.nio.AbstractNioByteChannel$NioByteUnsafe.read(AbstractNioByteChannel.java:163)
	io.netty.channel.nio.NioEventLoop.processSelectedKey(NioEventLoop.java:682)
	io.netty.channel.nio.NioEventLoop.processSelectedKeysOptimized(NioEventLoop.java:617)
	io.netty.channel.nio.NioEventLoop.processSelectedKeys(NioEventLoop.java:534)
	io.netty.channel.nio.NioEventLoop.run(NioEventLoop.java:496)
	io.netty.util.concurrent.SingleThreadEventExecutor$5.run(SingleThreadEventExecutor.java:906)
	io.netty.util.internal.ThreadExecutorMap$2.run(ThreadExecutorMap.java:74)
	io.netty.util.concurrent.FastThreadLocalRunnable.run(FastThreadLocalRunnable.java:30)
	java.lang.Thread.run(Thread.java:748)
Created at:
	io.netty.buffer.SimpleLeakAwareByteBuf.unwrappedDerived(SimpleLeakAwareByteBuf.java:143)
	io.netty.buffer.SimpleLeakAwareByteBuf.retainedSlice(SimpleLeakAwareByteBuf.java:57)
	io.netty.buffer.AdvancedLeakAwareByteBuf.retainedSlice(AdvancedLeakAwareByteBuf.java:95)
	org.springframework.core.io.buffer.NettyDataBuffer.retainedSlice(NettyDataBuffer.java:267)
	org.springframework.core.io.buffer.NettyDataBuffer.retainedSlice(NettyDataBuffer.java:43)
	org.springframework.core.io.buffer.DataBufferUtils.endFrameAfterDelimiter(DataBufferUtils.java:645)
	org.springframework.core.io.buffer.DataBufferUtils.lambda$split$18(DataBufferUtils.java:603)
	reactor.core.publisher.FluxFlatMap$FlatMapMain.onNext(FluxFlatMap.java:350)
	reactor.core.publisher.FluxConcatMap$ConcatMapImmediate.innerNext(FluxConcatMap.java:275)
	reactor.core.publisher.FluxConcatMap$ConcatMapInner.onNext(FluxConcatMap.java:849)
	reactor.core.publisher.FluxConcatMap$WeakScalarSubscription.request(FluxConcatMap.java:470)
	reactor.core.publisher.Operators$MultiSubscriptionSubscriber.set(Operators.java:1939)
	reactor.core.publisher.FluxConcatMap$ConcatMapImmediate.drain(FluxConcatMap.java:436)
	reactor.core.publisher.FluxConcatMap$ConcatMapImmediate.onNext(FluxConcatMap.java:244)
	reactor.core.publisher.FluxMap$MapSubscriber.onNext(FluxMap.java:114)
	reactor.core.publisher.FluxPeek$PeekSubscriber.onNext(FluxPeek.java:192)
	reactor.core.publisher.FluxMap$MapSubscriber.onNext(FluxMap.java:114)
	reactor.netty.channel.FluxReceive.drainReceiver(FluxReceive.java:206)
	reactor.netty.channel.FluxReceive.onInboundNext(FluxReceive.java:322)
	reactor.netty.channel.ChannelOperations.onInboundNext(ChannelOperations.java:335)
	reactor.netty.http.server.HttpServerOperations.onInboundNext(HttpServerOperations.java:456)
	reactor.netty.channel.ChannelOperationsHandler.channelRead(ChannelOperationsHandler.java:91)
	io.netty.channel.AbstractChannelHandlerContext.invokeChannelRead(AbstractChannelHandlerContext.java:374)
	io.netty.channel.AbstractChannelHandlerContext.invokeChannelRead(AbstractChannelHandlerContext.java:360)
	io.netty.channel.AbstractChannelHandlerContext.fireChannelRead(AbstractChannelHandlerContext.java:352)
	reactor.netty.http.server.HttpTrafficHandler.channelRead(HttpTrafficHandler.java:190)
	io.netty.channel.AbstractChannelHandlerContext.invokeChannelRead(AbstractChannelHandlerContext.java:374)
	io.netty.channel.AbstractChannelHandlerContext.invokeChannelRead(AbstractChannelHandlerContext.java:360)
	io.netty.channel.AbstractChannelHandlerContext.fireChannelRead(AbstractChannelHandlerContext.java:352)
	io.netty.channel.CombinedChannelDuplexHandler$DelegatingChannelHandlerContext.fireChannelRead(CombinedChannelDuplexHandler.java:438)
	io.netty.handler.codec.ByteToMessageDecoder.fireChannelRead(ByteToMessageDecoder.java:323)
	io.netty.handler.codec.ByteToMessageDecoder.fireChannelRead(ByteToMessageDecoder.java:310)
	io.netty.handler.codec.ByteToMessageDecoder.callDecode(ByteToMessageDecoder.java:426)
	io.netty.handler.codec.ByteToMessageDecoder.channelRead(ByteToMessageDecoder.java:278)
	io.netty.channel.CombinedChannelDuplexHandler.channelRead(CombinedChannelDuplexHandler.java:253)
	io.netty.channel.AbstractChannelHandlerContext.invokeChannelRead(AbstractChannelHandlerContext.java:374)
	io.netty.channel.AbstractChannelHandlerContext.invokeChannelRead(AbstractChannelHandlerContext.java:360)
	io.netty.channel.AbstractChannelHandlerContext.fireChannelRead(AbstractChannelHandlerContext.java:352)
	io.netty.channel.DefaultChannelPipeline$HeadContext.channelRead(DefaultChannelPipeline.java:1408)
	io.netty.channel.AbstractChannelHandlerContext.invokeChannelRead(AbstractChannelHandlerContext.java:374)
	io.netty.channel.AbstractChannelHandlerContext.invokeChannelRead(AbstractChannelHandlerContext.java:360)
	io.netty.channel.DefaultChannelPipeline.fireChannelRead(DefaultChannelPipeline.java:930)
	io.netty.channel.nio.AbstractNioByteChannel$NioByteUnsafe.read(AbstractNioByteChannel.java:163)
	io.netty.channel.nio.NioEventLoop.processSelectedKey(NioEventLoop.java:682)
	io.netty.channel.nio.NioEventLoop.processSelectedKeysOptimized(NioEventLoop.java:617)
	io.netty.channel.nio.NioEventLoop.processSelectedKeys(NioEventLoop.java:534)
	io.netty.channel.nio.NioEventLoop.run(NioEventLoop.java:496)
	io.netty.util.concurrent.SingleThreadEventExecutor$5.run(SingleThreadEventExecutor.java:906)
	io.netty.util.internal.ThreadExecutorMap$2.run(ThreadExecutorMap.java:74)
	io.netty.util.concurrent.FastThreadLocalRunnable.run(FastThreadLocalRunnable.java:30)
	java.lang.Thread.run(Thread.java:748)
22:42:57.826 [reactor-http-nio-6] ERROR i.n.u.ResourceLeakDetector - LEAK: ByteBuf.release() was not called before it's garbage-collected. See http://netty.io/wiki/reference-counted-objects.html for more information.
Recent access records: 
#1:
	io.netty.buffer.AdvancedLeakAwareByteBuf.getBytes(AdvancedLeakAwareByteBuf.java:250)
	io.netty.buffer.CompositeByteBuf.getBytes(CompositeByteBuf.java:1029)
	io.netty.buffer.CompositeByteBuf.getBytes(CompositeByteBuf.java:48)
	io.netty.buffer.AbstractUnpooledSlicedByteBuf.getBytes(AbstractUnpooledSlicedByteBuf.java:243)
	io.netty.buffer.AbstractByteBuf.readBytes(AbstractByteBuf.java:889)
	io.netty.buffer.AbstractByteBuf.readBytes(AbstractByteBuf.java:896)
	io.netty.buffer.WrappedByteBuf.readBytes(WrappedByteBuf.java:649)
	io.netty.buffer.AdvancedLeakAwareByteBuf.readBytes(AdvancedLeakAwareByteBuf.java:497)
	org.springframework.core.io.buffer.NettyDataBuffer.read(NettyDataBuffer.java:159)
	org.springframework.core.io.buffer.NettyDataBuffer.read(NettyDataBuffer.java:43)
	org.springframework.http.codec.multipart.DefaultMultipartMessageReader.toHeaders(DefaultMultipartMessageReader.java:229)
	org.springframework.http.codec.multipart.DefaultMultipartMessageReader.toPart(DefaultMultipartMessageReader.java:197)
	reactor.core.publisher.FluxMap$MapConditionalSubscriber.onNext(FluxMap.java:199)
	reactor.core.publisher.FluxTakeWhile$TakeWhileSubscriber.onNext(FluxTakeWhile.java:94)
	reactor.core.publisher.FluxContextStart$ContextStartSubscriber.onNext(FluxContextStart.java:103)
	reactor.core.publisher.FluxMap$MapConditionalSubscriber.onNext(FluxMap.java:213)
	reactor.core.publisher.FluxBufferPredicate$BufferPredicateSubscriber.emit(FluxBufferPredicate.java:290)
	reactor.core.publisher.FluxBufferPredicate$BufferPredicateSubscriber.onNextNewBuffer(FluxBufferPredicate.java:257)
	reactor.core.publisher.FluxBufferPredicate$BufferPredicateSubscriber.tryOnNext(FluxBufferPredicate.java:211)
	reactor.core.publisher.FluxBufferPredicate$BufferPredicateSubscriber.onNext(FluxBufferPredicate.java:184)
	reactor.core.publisher.FluxFlatMap$FlatMapMain.drainLoop(FluxFlatMap.java:664)
	reactor.core.publisher.FluxFlatMap$FlatMapMain.drain(FluxFlatMap.java:540)
	reactor.core.publisher.FluxFlatMap$FlatMapInner.onSubscribe(FluxFlatMap.java:924)
	reactor.core.publisher.FluxIterable.subscribe(FluxIterable.java:139)
	reactor.core.publisher.FluxIterable.subscribe(FluxIterable.java:63)
	reactor.core.publisher.Flux.subscribe(Flux.java:7922)
	reactor.core.publisher.FluxFlatMap$FlatMapMain.onNext(FluxFlatMap.java:389)
	reactor.core.publisher.FluxConcatMap$ConcatMapImmediate.innerNext(FluxConcatMap.java:275)
	reactor.core.publisher.FluxConcatMap$ConcatMapInner.onNext(FluxConcatMap.java:849)
	reactor.core.publisher.FluxConcatMap$WeakScalarSubscription.request(FluxConcatMap.java:470)
	reactor.core.publisher.Operators$MultiSubscriptionSubscriber.set(Operators.java:1939)
	reactor.core.publisher.FluxConcatMap$ConcatMapImmediate.drain(FluxConcatMap.java:436)
	reactor.core.publisher.FluxConcatMap$ConcatMapImmediate.onNext(FluxConcatMap.java:244)
	reactor.core.publisher.FluxMap$MapSubscriber.onNext(FluxMap.java:114)
	reactor.core.publisher.FluxPeek$PeekSubscriber.onNext(FluxPeek.java:192)
	reactor.core.publisher.FluxMap$MapSubscriber.onNext(FluxMap.java:114)
	reactor.netty.channel.FluxReceive.drainReceiver(FluxReceive.java:206)
	reactor.netty.channel.FluxReceive.onInboundNext(FluxReceive.java:322)
	reactor.netty.channel.ChannelOperations.onInboundNext(ChannelOperations.java:335)
	reactor.netty.http.server.HttpServerOperations.onInboundNext(HttpServerOperations.java:456)
	reactor.netty.channel.ChannelOperationsHandler.channelRead(ChannelOperationsHandler.java:91)
	io.netty.channel.AbstractChannelHandlerContext.invokeChannelRead(AbstractChannelHandlerContext.java:374)
	io.netty.channel.AbstractChannelHandlerContext.invokeChannelRead(AbstractChannelHandlerContext.java:360)
	io.netty.channel.AbstractChannelHandlerContext.fireChannelRead(AbstractChannelHandlerContext.java:352)
	reactor.netty.http.server.HttpTrafficHandler.channelRead(HttpTrafficHandler.java:190)
	io.netty.channel.AbstractChannelHandlerContext.invokeChannelRead(AbstractChannelHandlerContext.java:374)
	io.netty.channel.AbstractChannelHandlerContext.invokeChannelRead(AbstractChannelHandlerContext.java:360)
	io.netty.channel.AbstractChannelHandlerContext.fireChannelRead(AbstractChannelHandlerContext.java:352)
	io.netty.channel.CombinedChannelDuplexHandler$DelegatingChannelHandlerContext.fireChannelRead(CombinedChannelDuplexHandler.java:438)
	io.netty.handler.codec.ByteToMessageDecoder.fireChannelRead(ByteToMessageDecoder.java:323)
	io.netty.handler.codec.ByteToMessageDecoder.fireChannelRead(ByteToMessageDecoder.java:310)
	io.netty.handler.codec.ByteToMessageDecoder.callDecode(ByteToMessageDecoder.java:426)
	io.netty.handler.codec.ByteToMessageDecoder.channelRead(ByteToMessageDecoder.java:278)
	io.netty.channel.CombinedChannelDuplexHandler.channelRead(CombinedChannelDuplexHandler.java:253)
	io.netty.channel.AbstractChannelHandlerContext.invokeChannelRead(AbstractChannelHandlerContext.java:374)
	io.netty.channel.AbstractChannelHandlerContext.invokeChannelRead(AbstractChannelHandlerContext.java:360)
	io.netty.channel.AbstractChannelHandlerContext.fireChannelRead(AbstractChannelHandlerContext.java:352)
	io.netty.channel.DefaultChannelPipeline$HeadContext.channelRead(DefaultChannelPipeline.java:1408)
	io.netty.channel.AbstractChannelHandlerContext.invokeChannelRead(AbstractChannelHandlerContext.java:374)
	io.netty.channel.AbstractChannelHandlerContext.invokeChannelRead(AbstractChannelHandlerContext.java:360)
	io.netty.channel.DefaultChannelPipeline.fireChannelRead(DefaultChannelPipeline.java:930)
	io.netty.channel.nio.AbstractNioByteChannel$NioByteUnsafe.read(AbstractNioByteChannel.java:163)
	io.netty.channel.nio.NioEventLoop.processSelectedKey(NioEventLoop.java:682)
	io.netty.channel.nio.NioEventLoop.processSelectedKeysOptimized(NioEventLoop.java:617)
	io.netty.channel.nio.NioEventLoop.processSelectedKeys(NioEventLoop.java:534)
	io.netty.channel.nio.NioEventLoop.run(NioEventLoop.java:496)
	io.netty.util.concurrent.SingleThreadEventExecutor$5.run(SingleThreadEventExecutor.java:906)
	io.netty.util.internal.ThreadExecutorMap$2.run(ThreadExecutorMap.java:74)
	io.netty.util.concurrent.FastThreadLocalRunnable.run(FastThreadLocalRunnable.java:30)
	java.lang.Thread.run(Thread.java:748)
#2:
	io.netty.buffer.AdvancedLeakAwareByteBuf.getByte(AdvancedLeakAwareByteBuf.java:154)
	io.netty.buffer.CompositeByteBuf.getByte(CompositeByteBuf.java:913)
	io.netty.buffer.WrappedCompositeByteBuf.getByte(WrappedCompositeByteBuf.java:652)
	io.netty.buffer.AdvancedLeakAwareCompositeByteBuf.getByte(AdvancedLeakAwareCompositeByteBuf.java:141)
	org.springframework.core.io.buffer.NettyDataBuffer.getByte(NettyDataBuffer.java:132)
	org.springframework.core.io.buffer.DataBufferUtils$KnuthMorrisPrattMatcher.match(DataBufferUtils.java:1005)
	org.springframework.http.codec.multipart.DefaultMultipartMessageReader.toPart(DefaultMultipartMessageReader.java:184)
	reactor.core.publisher.FluxMap$MapConditionalSubscriber.onNext(FluxMap.java:199)
	reactor.core.publisher.FluxTakeWhile$TakeWhileSubscriber.onNext(FluxTakeWhile.java:94)
	reactor.core.publisher.FluxContextStart$ContextStartSubscriber.onNext(FluxContextStart.java:103)
	reactor.core.publisher.FluxMap$MapConditionalSubscriber.onNext(FluxMap.java:213)
	reactor.core.publisher.FluxBufferPredicate$BufferPredicateSubscriber.emit(FluxBufferPredicate.java:290)
	reactor.core.publisher.FluxBufferPredicate$BufferPredicateSubscriber.onNextNewBuffer(FluxBufferPredicate.java:257)
	reactor.core.publisher.FluxBufferPredicate$BufferPredicateSubscriber.tryOnNext(FluxBufferPredicate.java:211)
	reactor.core.publisher.FluxBufferPredicate$BufferPredicateSubscriber.onNext(FluxBufferPredicate.java:184)
	reactor.core.publisher.FluxFlatMap$FlatMapMain.drainLoop(FluxFlatMap.java:664)
	reactor.core.publisher.FluxFlatMap$FlatMapMain.drain(FluxFlatMap.java:540)
	reactor.core.publisher.FluxFlatMap$FlatMapInner.onSubscribe(FluxFlatMap.java:924)
	reactor.core.publisher.FluxIterable.subscribe(FluxIterable.java:139)
	reactor.core.publisher.FluxIterable.subscribe(FluxIterable.java:63)
	reactor.core.publisher.Flux.subscribe(Flux.java:7922)
	reactor.core.publisher.FluxFlatMap$FlatMapMain.onNext(FluxFlatMap.java:389)
	reactor.core.publisher.FluxConcatMap$ConcatMapImmediate.innerNext(FluxConcatMap.java:275)
	reactor.core.publisher.FluxConcatMap$ConcatMapInner.onNext(FluxConcatMap.java:849)
	reactor.core.publisher.FluxConcatMap$WeakScalarSubscription.request(FluxConcatMap.java:470)
	reactor.core.publisher.Operators$MultiSubscriptionSubscriber.set(Operators.java:1939)
	reactor.core.publisher.FluxConcatMap$ConcatMapImmediate.drain(FluxConcatMap.java:436)
	reactor.core.publisher.FluxConcatMap$ConcatMapImmediate.onNext(FluxConcatMap.java:244)
	reactor.core.publisher.FluxMap$MapSubscriber.onNext(FluxMap.java:114)
	reactor.core.publisher.FluxPeek$PeekSubscriber.onNext(FluxPeek.java:192)
	reactor.core.publisher.FluxMap$MapSubscriber.onNext(FluxMap.java:114)
	reactor.netty.channel.FluxReceive.drainReceiver(FluxReceive.java:206)
	reactor.netty.channel.FluxReceive.onInboundNext(FluxReceive.java:322)
	reactor.netty.channel.ChannelOperations.onInboundNext(ChannelOperations.java:335)
	reactor.netty.http.server.HttpServerOperations.onInboundNext(HttpServerOperations.java:456)
	reactor.netty.channel.ChannelOperationsHandler.channelRead(ChannelOperationsHandler.java:91)
	io.netty.channel.AbstractChannelHandlerContext.invokeChannelRead(AbstractChannelHandlerContext.java:374)
	io.netty.channel.AbstractChannelHandlerContext.invokeChannelRead(AbstractChannelHandlerContext.java:360)
	io.netty.channel.AbstractChannelHandlerContext.fireChannelRead(AbstractChannelHandlerContext.java:352)
	reactor.netty.http.server.HttpTrafficHandler.channelRead(HttpTrafficHandler.java:190)
	io.netty.channel.AbstractChannelHandlerContext.invokeChannelRead(AbstractChannelHandlerContext.java:374)
	io.netty.channel.AbstractChannelHandlerContext.invokeChannelRead(AbstractChannelHandlerContext.java:360)
	io.netty.channel.AbstractChannelHandlerContext.fireChannelRead(AbstractChannelHandlerContext.java:352)
	io.netty.channel.CombinedChannelDuplexHandler$DelegatingChannelHandlerContext.fireChannelRead(CombinedChannelDuplexHandler.java:438)
	io.netty.handler.codec.ByteToMessageDecoder.fireChannelRead(ByteToMessageDecoder.java:323)
	io.netty.handler.codec.ByteToMessageDecoder.fireChannelRead(ByteToMessageDecoder.java:310)
	io.netty.handler.codec.ByteToMessageDecoder.callDecode(ByteToMessageDecoder.java:426)
	io.netty.handler.codec.ByteToMessageDecoder.channelRead(ByteToMessageDecoder.java:278)
	io.netty.channel.CombinedChannelDuplexHandler.channelRead(CombinedChannelDuplexHandler.java:253)
	io.netty.channel.AbstractChannelHandlerContext.invokeChannelRead(AbstractChannelHandlerContext.java:374)
	io.netty.channel.AbstractChannelHandlerContext.invokeChannelRead(AbstractChannelHandlerContext.java:360)
	io.netty.channel.AbstractChannelHandlerContext.fireChannelRead(AbstractChannelHandlerContext.java:352)
	io.netty.channel.DefaultChannelPipeline$HeadContext.channelRead(DefaultChannelPipeline.java:1408)
	io.netty.channel.AbstractChannelHandlerContext.invokeChannelRead(AbstractChannelHandlerContext.java:374)
	io.netty.channel.AbstractChannelHandlerContext.invokeChannelRead(AbstractChannelHandlerContext.java:360)
	io.netty.channel.DefaultChannelPipeline.fireChannelRead(DefaultChannelPipeline.java:930)
	io.netty.channel.nio.AbstractNioByteChannel$NioByteUnsafe.read(AbstractNioByteChannel.java:163)
	io.netty.channel.nio.NioEventLoop.processSelectedKey(NioEventLoop.java:682)
	io.netty.channel.nio.NioEventLoop.processSelectedKeysOptimized(NioEventLoop.java:617)
	io.netty.channel.nio.NioEventLoop.processSelectedKeys(NioEventLoop.java:534)
	io.netty.channel.nio.NioEventLoop.run(NioEventLoop.java:496)
	io.netty.util.concurrent.SingleThreadEventExecutor$5.run(SingleThreadEventExecutor.java:906)
	io.netty.util.internal.ThreadExecutorMap$2.run(ThreadExecutorMap.java:74)
	io.netty.util.concurrent.FastThreadLocalRunnable.run(FastThreadLocalRunnable.java:30)
	java.lang.Thread.run(Thread.java:748)
#3:
	io.netty.buffer.AdvancedLeakAwareByteBuf.getByte(AdvancedLeakAwareByteBuf.java:154)
	org.springframework.core.io.buffer.NettyDataBuffer.getByte(NettyDataBuffer.java:132)
	org.springframework.core.io.buffer.DataBufferUtils$KnuthMorrisPrattMatcher.match(DataBufferUtils.java:1005)
	org.springframework.core.io.buffer.DataBufferUtils.endFrameAfterDelimiter(DataBufferUtils.java:634)
	org.springframework.core.io.buffer.DataBufferUtils.lambda$split$18(DataBufferUtils.java:603)
	reactor.core.publisher.FluxFlatMap$FlatMapMain.onNext(FluxFlatMap.java:350)
	reactor.core.publisher.FluxConcatMap$ConcatMapImmediate.innerNext(FluxConcatMap.java:275)
	reactor.core.publisher.FluxConcatMap$ConcatMapInner.onNext(FluxConcatMap.java:849)
	reactor.core.publisher.FluxConcatMap$WeakScalarSubscription.request(FluxConcatMap.java:470)
	reactor.core.publisher.Operators$MultiSubscriptionSubscriber.set(Operators.java:1939)
	reactor.core.publisher.FluxConcatMap$ConcatMapImmediate.drain(FluxConcatMap.java:436)
	reactor.core.publisher.FluxConcatMap$ConcatMapImmediate.onNext(FluxConcatMap.java:244)
	reactor.core.publisher.FluxMap$MapSubscriber.onNext(FluxMap.java:114)
	reactor.core.publisher.FluxPeek$PeekSubscriber.onNext(FluxPeek.java:192)
	reactor.core.publisher.FluxMap$MapSubscriber.onNext(FluxMap.java:114)
	reactor.netty.channel.FluxReceive.drainReceiver(FluxReceive.java:206)
	reactor.netty.channel.FluxReceive.onInboundNext(FluxReceive.java:322)
	reactor.netty.channel.ChannelOperations.onInboundNext(ChannelOperations.java:335)
	reactor.netty.http.server.HttpServerOperations.onInboundNext(HttpServerOperations.java:456)
	reactor.netty.channel.ChannelOperationsHandler.channelRead(ChannelOperationsHandler.java:91)
	io.netty.channel.AbstractChannelHandlerContext.invokeChannelRead(AbstractChannelHandlerContext.java:374)
	io.netty.channel.AbstractChannelHandlerContext.invokeChannelRead(AbstractChannelHandlerContext.java:360)
	io.netty.channel.AbstractChannelHandlerContext.fireChannelRead(AbstractChannelHandlerContext.java:352)
	reactor.netty.http.server.HttpTrafficHandler.channelRead(HttpTrafficHandler.java:190)
	io.netty.channel.AbstractChannelHandlerContext.invokeChannelRead(AbstractChannelHandlerContext.java:374)
	io.netty.channel.AbstractChannelHandlerContext.invokeChannelRead(AbstractChannelHandlerContext.java:360)
	io.netty.channel.AbstractChannelHandlerContext.fireChannelRead(AbstractChannelHandlerContext.java:352)
	io.netty.channel.CombinedChannelDuplexHandler$DelegatingChannelHandlerContext.fireChannelRead(CombinedChannelDuplexHandler.java:438)
	io.netty.handler.codec.ByteToMessageDecoder.fireChannelRead(ByteToMessageDecoder.java:323)
	io.netty.handler.codec.ByteToMessageDecoder.fireChannelRead(ByteToMessageDecoder.java:310)
	io.netty.handler.codec.ByteToMessageDecoder.callDecode(ByteToMessageDecoder.java:426)
	io.netty.handler.codec.ByteToMessageDecoder.channelRead(ByteToMessageDecoder.java:278)
	io.netty.channel.CombinedChannelDuplexHandler.channelRead(CombinedChannelDuplexHandler.java:253)
	io.netty.channel.AbstractChannelHandlerContext.invokeChannelRead(AbstractChannelHandlerContext.java:374)
	io.netty.channel.AbstractChannelHandlerContext.invokeChannelRead(AbstractChannelHandlerContext.java:360)
	io.netty.channel.AbstractChannelHandlerContext.fireChannelRead(AbstractChannelHandlerContext.java:352)
	io.netty.channel.DefaultChannelPipeline$HeadContext.channelRead(DefaultChannelPipeline.java:1408)
	io.netty.channel.AbstractChannelHandlerContext.invokeChannelRead(AbstractChannelHandlerContext.java:374)
	io.netty.channel.AbstractChannelHandlerContext.invokeChannelRead(AbstractChannelHandlerContext.java:360)
	io.netty.channel.DefaultChannelPipeline.fireChannelRead(DefaultChannelPipeline.java:930)
	io.netty.channel.nio.AbstractNioByteChannel$NioByteUnsafe.read(AbstractNioByteChannel.java:163)
	io.netty.channel.nio.NioEventLoop.processSelectedKey(NioEventLoop.java:682)
	io.netty.channel.nio.NioEventLoop.processSelectedKeysOptimized(NioEventLoop.java:617)
	io.netty.channel.nio.NioEventLoop.processSelectedKeys(NioEventLoop.java:534)
	io.netty.channel.nio.NioEventLoop.run(NioEventLoop.java:496)
	io.netty.util.concurrent.SingleThreadEventExecutor$5.run(SingleThreadEventExecutor.java:906)
	io.netty.util.internal.ThreadExecutorMap$2.run(ThreadExecutorMap.java:74)
	io.netty.util.concurrent.FastThreadLocalRunnable.run(FastThreadLocalRunnable.java:30)
	java.lang.Thread.run(Thread.java:748)
#4:
	reactor.core.publisher.FluxPeek$PeekSubscriber.onNext(FluxPeek.java:177)
	reactor.core.publisher.FluxMap$MapSubscriber.onNext(FluxMap.java:114)
	reactor.netty.channel.FluxReceive.drainReceiver(FluxReceive.java:206)
	reactor.netty.channel.FluxReceive.onInboundNext(FluxReceive.java:322)
	reactor.netty.channel.ChannelOperations.onInboundNext(ChannelOperations.java:335)
	reactor.netty.http.server.HttpServerOperations.onInboundNext(HttpServerOperations.java:456)
	reactor.netty.channel.ChannelOperationsHandler.channelRead(ChannelOperationsHandler.java:91)
	io.netty.channel.AbstractChannelHandlerContext.invokeChannelRead(AbstractChannelHandlerContext.java:374)
	io.netty.channel.AbstractChannelHandlerContext.invokeChannelRead(AbstractChannelHandlerContext.java:360)
	io.netty.channel.AbstractChannelHandlerContext.fireChannelRead(AbstractChannelHandlerContext.java:352)
	reactor.netty.http.server.HttpTrafficHandler.channelRead(HttpTrafficHandler.java:190)
	io.netty.channel.AbstractChannelHandlerContext.invokeChannelRead(AbstractChannelHandlerContext.java:374)
	io.netty.channel.AbstractChannelHandlerContext.invokeChannelRead(AbstractChannelHandlerContext.java:360)
	io.netty.channel.AbstractChannelHandlerContext.fireChannelRead(AbstractChannelHandlerContext.java:352)
	io.netty.channel.CombinedChannelDuplexHandler$DelegatingChannelHandlerContext.fireChannelRead(CombinedChannelDuplexHandler.java:438)
	io.netty.handler.codec.ByteToMessageDecoder.fireChannelRead(ByteToMessageDecoder.java:323)
	io.netty.handler.codec.ByteToMessageDecoder.fireChannelRead(ByteToMessageDecoder.java:310)
	io.netty.handler.codec.ByteToMessageDecoder.callDecode(ByteToMessageDecoder.java:426)
	io.netty.handler.codec.ByteToMessageDecoder.channelRead(ByteToMessageDecoder.java:278)
	io.netty.channel.CombinedChannelDuplexHandler.channelRead(CombinedChannelDuplexHandler.java:253)
	io.netty.channel.AbstractChannelHandlerContext.invokeChannelRead(AbstractChannelHandlerContext.java:374)
	io.netty.channel.AbstractChannelHandlerContext.invokeChannelRead(AbstractChannelHandlerContext.java:360)
	io.netty.channel.AbstractChannelHandlerContext.fireChannelRead(AbstractChannelHandlerContext.java:352)
	io.netty.channel.DefaultChannelPipeline$HeadContext.channelRead(DefaultChannelPipeline.java:1408)
	io.netty.channel.AbstractChannelHandlerContext.invokeChannelRead(AbstractChannelHandlerContext.java:374)
	io.netty.channel.AbstractChannelHandlerContext.invokeChannelRead(AbstractChannelHandlerContext.java:360)
	io.netty.channel.DefaultChannelPipeline.fireChannelRead(DefaultChannelPipeline.java:930)
	io.netty.channel.nio.AbstractNioByteChannel$NioByteUnsafe.read(AbstractNioByteChannel.java:163)
	io.netty.channel.nio.NioEventLoop.processSelectedKey(NioEventLoop.java:682)
	io.netty.channel.nio.NioEventLoop.processSelectedKeysOptimized(NioEventLoop.java:617)
	io.netty.channel.nio.NioEventLoop.processSelectedKeys(NioEventLoop.java:534)
	io.netty.channel.nio.NioEventLoop.run(NioEventLoop.java:496)
	io.netty.util.concurrent.SingleThreadEventExecutor$5.run(SingleThreadEventExecutor.java:906)
	io.netty.util.internal.ThreadExecutorMap$2.run(ThreadExecutorMap.java:74)
	io.netty.util.concurrent.FastThreadLocalRunnable.run(FastThreadLocalRunnable.java:30)
	java.lang.Thread.run(Thread.java:748)
#5:
	Hint: 'reactor.right.reactiveBridge' will handle the message from this point.
	io.netty.handler.codec.http.DefaultHttpContent.touch(DefaultHttpContent.java:88)
	io.netty.handler.codec.http.DefaultHttpContent.touch(DefaultHttpContent.java:24)
	io.netty.channel.DefaultChannelPipeline.touch(DefaultChannelPipeline.java:116)
	io.netty.channel.AbstractChannelHandlerContext.invokeChannelRead(AbstractChannelHandlerContext.java:357)
	io.netty.channel.AbstractChannelHandlerContext.fireChannelRead(AbstractChannelHandlerContext.java:352)
	reactor.netty.http.server.HttpTrafficHandler.channelRead(HttpTrafficHandler.java:190)
	io.netty.channel.AbstractChannelHandlerContext.invokeChannelRead(AbstractChannelHandlerContext.java:374)
	io.netty.channel.AbstractChannelHandlerContext.invokeChannelRead(AbstractChannelHandlerContext.java:360)
	io.netty.channel.AbstractChannelHandlerContext.fireChannelRead(AbstractChannelHandlerContext.java:352)
	io.netty.channel.CombinedChannelDuplexHandler$DelegatingChannelHandlerContext.fireChannelRead(CombinedChannelDuplexHandler.java:438)
	io.netty.handler.codec.ByteToMessageDecoder.fireChannelRead(ByteToMessageDecoder.java:323)
	io.netty.handler.codec.ByteToMessageDecoder.fireChannelRead(ByteToMessageDecoder.java:310)
	io.netty.handler.codec.ByteToMessageDecoder.callDecode(ByteToMessageDecoder.java:426)
	io.netty.handler.codec.ByteToMessageDecoder.channelRead(ByteToMessageDecoder.java:278)
	io.netty.channel.CombinedChannelDuplexHandler.channelRead(CombinedChannelDuplexHandler.java:253)
	io.netty.channel.AbstractChannelHandlerContext.invokeChannelRead(AbstractChannelHandlerContext.java:374)
	io.netty.channel.AbstractChannelHandlerContext.invokeChannelRead(AbstractChannelHandlerContext.java:360)
	io.netty.channel.AbstractChannelHandlerContext.fireChannelRead(AbstractChannelHandlerContext.java:352)
	io.netty.channel.DefaultChannelPipeline$HeadContext.channelRead(DefaultChannelPipeline.java:1408)
	io.netty.channel.AbstractChannelHandlerContext.invokeChannelRead(AbstractChannelHandlerContext.java:374)
	io.netty.channel.AbstractChannelHandlerContext.invokeChannelRead(AbstractChannelHandlerContext.java:360)
	io.netty.channel.DefaultChannelPipeline.fireChannelRead(DefaultChannelPipeline.java:930)
	io.netty.channel.nio.AbstractNioByteChannel$NioByteUnsafe.read(AbstractNioByteChannel.java:163)
	io.netty.channel.nio.NioEventLoop.processSelectedKey(NioEventLoop.java:682)
	io.netty.channel.nio.NioEventLoop.processSelectedKeysOptimized(NioEventLoop.java:617)
	io.netty.channel.nio.NioEventLoop.processSelectedKeys(NioEventLoop.java:534)
	io.netty.channel.nio.NioEventLoop.run(NioEventLoop.java:496)
	io.netty.util.concurrent.SingleThreadEventExecutor$5.run(SingleThreadEventExecutor.java:906)
	io.netty.util.internal.ThreadExecutorMap$2.run(ThreadExecutorMap.java:74)
	io.netty.util.concurrent.FastThreadLocalRunnable.run(FastThreadLocalRunnable.java:30)
	java.lang.Thread.run(Thread.java:748)
#6:
	Hint: 'reactor.left.httpTrafficHandler' will handle the message from this point.
	io.netty.handler.codec.http.DefaultHttpContent.touch(DefaultHttpContent.java:88)
	io.netty.handler.codec.http.DefaultHttpContent.touch(DefaultHttpContent.java:24)
	io.netty.channel.DefaultChannelPipeline.touch(DefaultChannelPipeline.java:116)
	io.netty.channel.AbstractChannelHandlerContext.invokeChannelRead(AbstractChannelHandlerContext.java:357)
	io.netty.channel.AbstractChannelHandlerContext.fireChannelRead(AbstractChannelHandlerContext.java:352)
	io.netty.channel.CombinedChannelDuplexHandler$DelegatingChannelHandlerContext.fireChannelRead(CombinedChannelDuplexHandler.java:438)
	io.netty.handler.codec.ByteToMessageDecoder.fireChannelRead(ByteToMessageDecoder.java:323)
	io.netty.handler.codec.ByteToMessageDecoder.fireChannelRead(ByteToMessageDecoder.java:310)
	io.netty.handler.codec.ByteToMessageDecoder.callDecode(ByteToMessageDecoder.java:426)
	io.netty.handler.codec.ByteToMessageDecoder.channelRead(ByteToMessageDecoder.java:278)
	io.netty.channel.CombinedChannelDuplexHandler.channelRead(CombinedChannelDuplexHandler.java:253)
	io.netty.channel.AbstractChannelHandlerContext.invokeChannelRead(AbstractChannelHandlerContext.java:374)
	io.netty.channel.AbstractChannelHandlerContext.invokeChannelRead(AbstractChannelHandlerContext.java:360)
	io.netty.channel.AbstractChannelHandlerContext.fireChannelRead(AbstractChannelHandlerContext.java:352)
	io.netty.channel.DefaultChannelPipeline$HeadContext.channelRead(DefaultChannelPipeline.java:1408)
	io.netty.channel.AbstractChannelHandlerContext.invokeChannelRead(AbstractChannelHandlerContext.java:374)
	io.netty.channel.AbstractChannelHandlerContext.invokeChannelRead(AbstractChannelHandlerContext.java:360)
	io.netty.channel.DefaultChannelPipeline.fireChannelRead(DefaultChannelPipeline.java:930)
	io.netty.channel.nio.AbstractNioByteChannel$NioByteUnsafe.read(AbstractNioByteChannel.java:163)
	io.netty.channel.nio.NioEventLoop.processSelectedKey(NioEventLoop.java:682)
	io.netty.channel.nio.NioEventLoop.processSelectedKeysOptimized(NioEventLoop.java:617)
	io.netty.channel.nio.NioEventLoop.processSelectedKeys(NioEventLoop.java:534)
	io.netty.channel.nio.NioEventLoop.run(NioEventLoop.java:496)
	io.netty.util.concurrent.SingleThreadEventExecutor$5.run(SingleThreadEventExecutor.java:906)
	io.netty.util.internal.ThreadExecutorMap$2.run(ThreadExecutorMap.java:74)
	io.netty.util.concurrent.FastThreadLocalRunnable.run(FastThreadLocalRunnable.java:30)
	java.lang.Thread.run(Thread.java:748)
Created at:
	io.netty.buffer.SimpleLeakAwareByteBuf.unwrappedDerived(SimpleLeakAwareByteBuf.java:143)
	io.netty.buffer.SimpleLeakAwareByteBuf.readRetainedSlice(SimpleLeakAwareByteBuf.java:67)
	io.netty.buffer.AdvancedLeakAwareByteBuf.readRetainedSlice(AdvancedLeakAwareByteBuf.java:107)
	io.netty.handler.codec.http.HttpObjectDecoder.decode(HttpObjectDecoder.java:336)
	io.netty.handler.codec.http.HttpServerCodec$HttpServerRequestDecoder.decode(HttpServerCodec.java:103)
	io.netty.handler.codec.ByteToMessageDecoder.decodeRemovalReentryProtection(ByteToMessageDecoder.java:502)
	io.netty.handler.codec.ByteToMessageDecoder.callDecode(ByteToMessageDecoder.java:441)
	io.netty.handler.codec.ByteToMessageDecoder.channelRead(ByteToMessageDecoder.java:278)
	io.netty.channel.CombinedChannelDuplexHandler.channelRead(CombinedChannelDuplexHandler.java:253)
	io.netty.channel.AbstractChannelHandlerContext.invokeChannelRead(AbstractChannelHandlerContext.java:374)
	io.netty.channel.AbstractChannelHandlerContext.invokeChannelRead(AbstractChannelHandlerContext.java:360)
	io.netty.channel.AbstractChannelHandlerContext.fireChannelRead(AbstractChannelHandlerContext.java:352)
	io.netty.channel.DefaultChannelPipeline$HeadContext.channelRead(DefaultChannelPipeline.java:1408)
	io.netty.channel.AbstractChannelHandlerContext.invokeChannelRead(AbstractChannelHandlerContext.java:374)
	io.netty.channel.AbstractChannelHandlerContext.invokeChannelRead(AbstractChannelHandlerContext.java:360)
	io.netty.channel.DefaultChannelPipeline.fireChannelRead(DefaultChannelPipeline.java:930)
	io.netty.channel.nio.AbstractNioByteChannel$NioByteUnsafe.read(AbstractNioByteChannel.java:163)
	io.netty.channel.nio.NioEventLoop.processSelectedKey(NioEventLoop.java:682)
	io.netty.channel.nio.NioEventLoop.processSelectedKeysOptimized(NioEventLoop.java:617)
	io.netty.channel.nio.NioEventLoop.processSelectedKeys(NioEventLoop.java:534)
	io.netty.channel.nio.NioEventLoop.run(NioEventLoop.java:496)
	io.netty.util.concurrent.SingleThreadEventExecutor$5.run(SingleThreadEventExecutor.java:906)
	io.netty.util.internal.ThreadExecutorMap$2.run(ThreadExecutorMap.java:74)
	io.netty.util.concurrent.FastThreadLocalRunnable.run(FastThreadLocalRunnable.java:30)
	java.lang.Thread.run(Thread.java:748)
: 7 leak records were discarded because they were duplicates
: 232 leak records were discarded because the leak record count is targeted to 4. Use system property io.netty.leakDetection.targetRecords to increase the limit.
22:42:57.828 [reactor-http-nio-6] ERROR i.n.u.ResourceLeakDetector - LEAK: ByteBuf.release() was not called before it's garbage-collected. See http://netty.io/wiki/reference-counted-objects.html for more information.
Recent access records: 
#1:
	org.springframework.core.io.buffer.NettyDataBuffer.release(NettyDataBuffer.java:308)
	org.springframework.core.io.buffer.DataBufferUtils.release(DataBufferUtils.java:498)
	org.springframework.http.codec.multipart.DefaultMultipartMessageReader.toPart(DefaultMultipartMessageReader.java:206)
	reactor.core.publisher.FluxMap$MapConditionalSubscriber.onNext(FluxMap.java:199)
	reactor.core.publisher.FluxTakeWhile$TakeWhileSubscriber.onNext(FluxTakeWhile.java:94)
	reactor.core.publisher.FluxContextStart$ContextStartSubscriber.onNext(FluxContextStart.java:103)
	reactor.core.publisher.FluxMap$MapConditionalSubscriber.onNext(FluxMap.java:213)
	reactor.core.publisher.FluxBufferPredicate$BufferPredicateSubscriber.emit(FluxBufferPredicate.java:290)
	reactor.core.publisher.FluxBufferPredicate$BufferPredicateSubscriber.onNextNewBuffer(FluxBufferPredicate.java:257)
	reactor.core.publisher.FluxBufferPredicate$BufferPredicateSubscriber.tryOnNext(FluxBufferPredicate.java:211)
	reactor.core.publisher.FluxBufferPredicate$BufferPredicateSubscriber.onNext(FluxBufferPredicate.java:184)
	reactor.core.publisher.FluxFlatMap$FlatMapMain.drainLoop(FluxFlatMap.java:664)
	reactor.core.publisher.FluxFlatMap$FlatMapMain.drain(FluxFlatMap.java:540)
	reactor.core.publisher.FluxFlatMap$FlatMapInner.onSubscribe(FluxFlatMap.java:924)
	reactor.core.publisher.FluxIterable.subscribe(FluxIterable.java:139)
	reactor.core.publisher.FluxIterable.subscribe(FluxIterable.java:63)
	reactor.core.publisher.Flux.subscribe(Flux.java:7922)
	reactor.core.publisher.FluxFlatMap$FlatMapMain.onNext(FluxFlatMap.java:389)
	reactor.core.publisher.FluxConcatMap$ConcatMapImmediate.innerNext(FluxConcatMap.java:275)
	reactor.core.publisher.FluxConcatMap$ConcatMapInner.onNext(FluxConcatMap.java:849)
	reactor.core.publisher.FluxConcatMap$WeakScalarSubscription.request(FluxConcatMap.java:470)
	reactor.core.publisher.Operators$MultiSubscriptionSubscriber.set(Operators.java:1939)
	reactor.core.publisher.FluxConcatMap$ConcatMapImmediate.drain(FluxConcatMap.java:436)
	reactor.core.publisher.FluxConcatMap$ConcatMapImmediate.onNext(FluxConcatMap.java:244)
	reactor.core.publisher.FluxMap$MapSubscriber.onNext(FluxMap.java:114)
	reactor.core.publisher.FluxPeek$PeekSubscriber.onNext(FluxPeek.java:192)
	reactor.core.publisher.FluxMap$MapSubscriber.onNext(FluxMap.java:114)
	reactor.netty.channel.FluxReceive.drainReceiver(FluxReceive.java:206)
	reactor.netty.channel.FluxReceive.onInboundNext(FluxReceive.java:322)
	reactor.netty.channel.ChannelOperations.onInboundNext(ChannelOperations.java:335)
	reactor.netty.http.server.HttpServerOperations.onInboundNext(HttpServerOperations.java:456)
	reactor.netty.channel.ChannelOperationsHandler.channelRead(ChannelOperationsHandler.java:91)
	io.netty.channel.AbstractChannelHandlerContext.invokeChannelRead(AbstractChannelHandlerContext.java:374)
	io.netty.channel.AbstractChannelHandlerContext.invokeChannelRead(AbstractChannelHandlerContext.java:360)
	io.netty.channel.AbstractChannelHandlerContext.fireChannelRead(AbstractChannelHandlerContext.java:352)
	reactor.netty.http.server.HttpTrafficHandler.channelRead(HttpTrafficHandler.java:190)
	io.netty.channel.AbstractChannelHandlerContext.invokeChannelRead(AbstractChannelHandlerContext.java:374)
	io.netty.channel.AbstractChannelHandlerContext.invokeChannelRead(AbstractChannelHandlerContext.java:360)
	io.netty.channel.AbstractChannelHandlerContext.fireChannelRead(AbstractChannelHandlerContext.java:352)
	io.netty.channel.CombinedChannelDuplexHandler$DelegatingChannelHandlerContext.fireChannelRead(CombinedChannelDuplexHandler.java:438)
	io.netty.handler.codec.ByteToMessageDecoder.fireChannelRead(ByteToMessageDecoder.java:323)
	io.netty.handler.codec.ByteToMessageDecoder.fireChannelRead(ByteToMessageDecoder.java:310)
	io.netty.handler.codec.ByteToMessageDecoder.callDecode(ByteToMessageDecoder.java:426)
	io.netty.handler.codec.ByteToMessageDecoder.channelRead(ByteToMessageDecoder.java:278)
	io.netty.channel.CombinedChannelDuplexHandler.channelRead(CombinedChannelDuplexHandler.java:253)
	io.netty.channel.AbstractChannelHandlerContext.invokeChannelRead(AbstractChannelHandlerContext.java:374)
	io.netty.channel.AbstractChannelHandlerContext.invokeChannelRead(AbstractChannelHandlerContext.java:360)
	io.netty.channel.AbstractChannelHandlerContext.fireChannelRead(AbstractChannelHandlerContext.java:352)
	io.netty.channel.DefaultChannelPipeline$HeadContext.channelRead(DefaultChannelPipeline.java:1408)
	io.netty.channel.AbstractChannelHandlerContext.invokeChannelRead(AbstractChannelHandlerContext.java:374)
	io.netty.channel.AbstractChannelHandlerContext.invokeChannelRead(AbstractChannelHandlerContext.java:360)
	io.netty.channel.DefaultChannelPipeline.fireChannelRead(DefaultChannelPipeline.java:930)
	io.netty.channel.nio.AbstractNioByteChannel$NioByteUnsafe.read(AbstractNioByteChannel.java:163)
	io.netty.channel.nio.NioEventLoop.processSelectedKey(NioEventLoop.java:682)
	io.netty.channel.nio.NioEventLoop.processSelectedKeysOptimized(NioEventLoop.java:617)
	io.netty.channel.nio.NioEventLoop.processSelectedKeys(NioEventLoop.java:534)
	io.netty.channel.nio.NioEventLoop.run(NioEventLoop.java:496)
	io.netty.util.concurrent.SingleThreadEventExecutor$5.run(SingleThreadEventExecutor.java:906)
	io.netty.util.internal.ThreadExecutorMap$2.run(ThreadExecutorMap.java:74)
	io.netty.util.concurrent.FastThreadLocalRunnable.run(FastThreadLocalRunnable.java:30)
	java.lang.Thread.run(Thread.java:748)
#2:
	io.netty.buffer.AdvancedLeakAwareCompositeByteBuf.getByte(AdvancedLeakAwareCompositeByteBuf.java:140)
	org.springframework.core.io.buffer.NettyDataBuffer.getByte(NettyDataBuffer.java:132)
	org.springframework.core.io.buffer.DataBufferUtils$KnuthMorrisPrattMatcher.match(DataBufferUtils.java:1005)
	org.springframework.http.codec.multipart.DefaultMultipartMessageReader.toPart(DefaultMultipartMessageReader.java:184)
	reactor.core.publisher.FluxMap$MapConditionalSubscriber.onNext(FluxMap.java:199)
	reactor.core.publisher.FluxTakeWhile$TakeWhileSubscriber.onNext(FluxTakeWhile.java:94)
	reactor.core.publisher.FluxContextStart$ContextStartSubscriber.onNext(FluxContextStart.java:103)
	reactor.core.publisher.FluxMap$MapConditionalSubscriber.onNext(FluxMap.java:213)
	reactor.core.publisher.FluxBufferPredicate$BufferPredicateSubscriber.emit(FluxBufferPredicate.java:290)
	reactor.core.publisher.FluxBufferPredicate$BufferPredicateSubscriber.onNextNewBuffer(FluxBufferPredicate.java:257)
	reactor.core.publisher.FluxBufferPredicate$BufferPredicateSubscriber.tryOnNext(FluxBufferPredicate.java:211)
	reactor.core.publisher.FluxBufferPredicate$BufferPredicateSubscriber.onNext(FluxBufferPredicate.java:184)
	reactor.core.publisher.FluxFlatMap$FlatMapMain.drainLoop(FluxFlatMap.java:664)
	reactor.core.publisher.FluxFlatMap$FlatMapMain.drain(FluxFlatMap.java:540)
	reactor.core.publisher.FluxFlatMap$FlatMapInner.onSubscribe(FluxFlatMap.java:924)
	reactor.core.publisher.FluxIterable.subscribe(FluxIterable.java:139)
	reactor.core.publisher.FluxIterable.subscribe(FluxIterable.java:63)
	reactor.core.publisher.Flux.subscribe(Flux.java:7922)
	reactor.core.publisher.FluxFlatMap$FlatMapMain.onNext(FluxFlatMap.java:389)
	reactor.core.publisher.FluxConcatMap$ConcatMapImmediate.innerNext(FluxConcatMap.java:275)
	reactor.core.publisher.FluxConcatMap$ConcatMapInner.onNext(FluxConcatMap.java:849)
	reactor.core.publisher.FluxConcatMap$WeakScalarSubscription.request(FluxConcatMap.java:470)
	reactor.core.publisher.Operators$MultiSubscriptionSubscriber.set(Operators.java:1939)
	reactor.core.publisher.FluxConcatMap$ConcatMapImmediate.drain(FluxConcatMap.java:436)
	reactor.core.publisher.FluxConcatMap$ConcatMapImmediate.onNext(FluxConcatMap.java:244)
	reactor.core.publisher.FluxMap$MapSubscriber.onNext(FluxMap.java:114)
	reactor.core.publisher.FluxPeek$PeekSubscriber.onNext(FluxPeek.java:192)
	reactor.core.publisher.FluxMap$MapSubscriber.onNext(FluxMap.java:114)
	reactor.netty.channel.FluxReceive.drainReceiver(FluxReceive.java:206)
	reactor.netty.channel.FluxReceive.onInboundNext(FluxReceive.java:322)
	reactor.netty.channel.ChannelOperations.onInboundNext(ChannelOperations.java:335)
	reactor.netty.http.server.HttpServerOperations.onInboundNext(HttpServerOperations.java:456)
	reactor.netty.channel.ChannelOperationsHandler.channelRead(ChannelOperationsHandler.java:91)
	io.netty.channel.AbstractChannelHandlerContext.invokeChannelRead(AbstractChannelHandlerContext.java:374)
	io.netty.channel.AbstractChannelHandlerContext.invokeChannelRead(AbstractChannelHandlerContext.java:360)
	io.netty.channel.AbstractChannelHandlerContext.fireChannelRead(AbstractChannelHandlerContext.java:352)
	reactor.netty.http.server.HttpTrafficHandler.channelRead(HttpTrafficHandler.java:190)
	io.netty.channel.AbstractChannelHandlerContext.invokeChannelRead(AbstractChannelHandlerContext.java:374)
	io.netty.channel.AbstractChannelHandlerContext.invokeChannelRead(AbstractChannelHandlerContext.java:360)
	io.netty.channel.AbstractChannelHandlerContext.fireChannelRead(AbstractChannelHandlerContext.java:352)
	io.netty.channel.CombinedChannelDuplexHandler$DelegatingChannelHandlerContext.fireChannelRead(CombinedChannelDuplexHandler.java:438)
	io.netty.handler.codec.ByteToMessageDecoder.fireChannelRead(ByteToMessageDecoder.java:323)
	io.netty.handler.codec.ByteToMessageDecoder.fireChannelRead(ByteToMessageDecoder.java:310)
	io.netty.handler.codec.ByteToMessageDecoder.callDecode(ByteToMessageDecoder.java:426)
	io.netty.handler.codec.ByteToMessageDecoder.channelRead(ByteToMessageDecoder.java:278)
	io.netty.channel.CombinedChannelDuplexHandler.channelRead(CombinedChannelDuplexHandler.java:253)
	io.netty.channel.AbstractChannelHandlerContext.invokeChannelRead(AbstractChannelHandlerContext.java:374)
	io.netty.channel.AbstractChannelHandlerContext.invokeChannelRead(AbstractChannelHandlerContext.java:360)
	io.netty.channel.AbstractChannelHandlerContext.fireChannelRead(AbstractChannelHandlerContext.java:352)
	io.netty.channel.DefaultChannelPipeline$HeadContext.channelRead(DefaultChannelPipeline.java:1408)
	io.netty.channel.AbstractChannelHandlerContext.invokeChannelRead(AbstractChannelHandlerContext.java:374)
	io.netty.channel.AbstractChannelHandlerContext.invokeChannelRead(AbstractChannelHandlerContext.java:360)
	io.netty.channel.DefaultChannelPipeline.fireChannelRead(DefaultChannelPipeline.java:930)
	io.netty.channel.nio.AbstractNioByteChannel$NioByteUnsafe.read(AbstractNioByteChannel.java:163)
	io.netty.channel.nio.NioEventLoop.processSelectedKey(NioEventLoop.java:682)
	io.netty.channel.nio.NioEventLoop.processSelectedKeysOptimized(NioEventLoop.java:617)
	io.netty.channel.nio.NioEventLoop.processSelectedKeys(NioEventLoop.java:534)
	io.netty.channel.nio.NioEventLoop.run(NioEventLoop.java:496)
	io.netty.util.concurrent.SingleThreadEventExecutor$5.run(SingleThreadEventExecutor.java:906)
	io.netty.util.internal.ThreadExecutorMap$2.run(ThreadExecutorMap.java:74)
	io.netty.util.concurrent.FastThreadLocalRunnable.run(FastThreadLocalRunnable.java:30)
	java.lang.Thread.run(Thread.java:748)
#3:
	io.netty.buffer.AdvancedLeakAwareCompositeByteBuf.addComponent(AdvancedLeakAwareCompositeByteBuf.java:920)
	org.springframework.core.io.buffer.NettyDataBufferFactory.join(NettyDataBufferFactory.java:111)
	org.springframework.core.io.buffer.DataBufferUtils.joinAndStrip(DataBufferUtils.java:686)
	org.springframework.core.io.buffer.DataBufferUtils.lambda$split$20(DataBufferUtils.java:605)
	reactor.core.publisher.FluxMap$MapConditionalSubscriber.onNext(FluxMap.java:199)
	reactor.core.publisher.FluxBufferPredicate$BufferPredicateSubscriber.emit(FluxBufferPredicate.java:290)
	reactor.core.publisher.FluxBufferPredicate$BufferPredicateSubscriber.onNextNewBuffer(FluxBufferPredicate.java:257)
	reactor.core.publisher.FluxBufferPredicate$BufferPredicateSubscriber.tryOnNext(FluxBufferPredicate.java:211)
	reactor.core.publisher.FluxBufferPredicate$BufferPredicateSubscriber.onNext(FluxBufferPredicate.java:184)
	reactor.core.publisher.FluxFlatMap$FlatMapMain.drainLoop(FluxFlatMap.java:664)
	reactor.core.publisher.FluxFlatMap$FlatMapMain.drain(FluxFlatMap.java:540)
	reactor.core.publisher.FluxFlatMap$FlatMapInner.onSubscribe(FluxFlatMap.java:924)
	reactor.core.publisher.FluxIterable.subscribe(FluxIterable.java:139)
	reactor.core.publisher.FluxIterable.subscribe(FluxIterable.java:63)
	reactor.core.publisher.Flux.subscribe(Flux.java:7922)
	reactor.core.publisher.FluxFlatMap$FlatMapMain.onNext(FluxFlatMap.java:389)
	reactor.core.publisher.FluxConcatMap$ConcatMapImmediate.innerNext(FluxConcatMap.java:275)
	reactor.core.publisher.FluxConcatMap$ConcatMapInner.onNext(FluxConcatMap.java:849)
	reactor.core.publisher.FluxConcatMap$WeakScalarSubscription.request(FluxConcatMap.java:470)
	reactor.core.publisher.Operators$MultiSubscriptionSubscriber.set(Operators.java:1939)
	reactor.core.publisher.FluxConcatMap$ConcatMapImmediate.drain(FluxConcatMap.java:436)
	reactor.core.publisher.FluxConcatMap$ConcatMapImmediate.onNext(FluxConcatMap.java:244)
	reactor.core.publisher.FluxMap$MapSubscriber.onNext(FluxMap.java:114)
	reactor.core.publisher.FluxPeek$PeekSubscriber.onNext(FluxPeek.java:192)
	reactor.core.publisher.FluxMap$MapSubscriber.onNext(FluxMap.java:114)
	reactor.netty.channel.FluxReceive.drainReceiver(FluxReceive.java:206)
	reactor.netty.channel.FluxReceive.onInboundNext(FluxReceive.java:322)
	reactor.netty.channel.ChannelOperations.onInboundNext(ChannelOperations.java:335)
	reactor.netty.http.server.HttpServerOperations.onInboundNext(HttpServerOperations.java:456)
	reactor.netty.channel.ChannelOperationsHandler.channelRead(ChannelOperationsHandler.java:91)
	io.netty.channel.AbstractChannelHandlerContext.invokeChannelRead(AbstractChannelHandlerContext.java:374)
	io.netty.channel.AbstractChannelHandlerContext.invokeChannelRead(AbstractChannelHandlerContext.java:360)
	io.netty.channel.AbstractChannelHandlerContext.fireChannelRead(AbstractChannelHandlerContext.java:352)
	reactor.netty.http.server.HttpTrafficHandler.channelRead(HttpTrafficHandler.java:190)
	io.netty.channel.AbstractChannelHandlerContext.invokeChannelRead(AbstractChannelHandlerContext.java:374)
	io.netty.channel.AbstractChannelHandlerContext.invokeChannelRead(AbstractChannelHandlerContext.java:360)
	io.netty.channel.AbstractChannelHandlerContext.fireChannelRead(AbstractChannelHandlerContext.java:352)
	io.netty.channel.CombinedChannelDuplexHandler$DelegatingChannelHandlerContext.fireChannelRead(CombinedChannelDuplexHandler.java:438)
	io.netty.handler.codec.ByteToMessageDecoder.fireChannelRead(ByteToMessageDecoder.java:323)
	io.netty.handler.codec.ByteToMessageDecoder.fireChannelRead(ByteToMessageDecoder.java:310)
	io.netty.handler.codec.ByteToMessageDecoder.callDecode(ByteToMessageDecoder.java:426)
	io.netty.handler.codec.ByteToMessageDecoder.channelRead(ByteToMessageDecoder.java:278)
	io.netty.channel.CombinedChannelDuplexHandler.channelRead(CombinedChannelDuplexHandler.java:253)
	io.netty.channel.AbstractChannelHandlerContext.invokeChannelRead(AbstractChannelHandlerContext.java:374)
	io.netty.channel.AbstractChannelHandlerContext.invokeChannelRead(AbstractChannelHandlerContext.java:360)
	io.netty.channel.AbstractChannelHandlerContext.fireChannelRead(AbstractChannelHandlerContext.java:352)
	io.netty.channel.DefaultChannelPipeline$HeadContext.channelRead(DefaultChannelPipeline.java:1408)
	io.netty.channel.AbstractChannelHandlerContext.invokeChannelRead(AbstractChannelHandlerContext.java:374)
	io.netty.channel.AbstractChannelHandlerContext.invokeChannelRead(AbstractChannelHandlerContext.java:360)
	io.netty.channel.DefaultChannelPipeline.fireChannelRead(DefaultChannelPipeline.java:930)
	io.netty.channel.nio.AbstractNioByteChannel$NioByteUnsafe.read(AbstractNioByteChannel.java:163)
	io.netty.channel.nio.NioEventLoop.processSelectedKey(NioEventLoop.java:682)
	io.netty.channel.nio.NioEventLoop.processSelectedKeysOptimized(NioEventLoop.java:617)
	io.netty.channel.nio.NioEventLoop.processSelectedKeys(NioEventLoop.java:534)
	io.netty.channel.nio.NioEventLoop.run(NioEventLoop.java:496)
	io.netty.util.concurrent.SingleThreadEventExecutor$5.run(SingleThreadEventExecutor.java:906)
	io.netty.util.internal.ThreadExecutorMap$2.run(ThreadExecutorMap.java:74)
	io.netty.util.concurrent.FastThreadLocalRunnable.run(FastThreadLocalRunnable.java:30)
	java.lang.Thread.run(Thread.java:748)
Created at:
	io.netty.buffer.AbstractByteBufAllocator.compositeDirectBuffer(AbstractByteBufAllocator.java:223)
	io.netty.buffer.AbstractByteBufAllocator.compositeBuffer(AbstractByteBufAllocator.java:201)
	org.springframework.core.io.buffer.NettyDataBufferFactory.join(NettyDataBufferFactory.java:108)
	org.springframework.core.io.buffer.DataBufferUtils.joinAndStrip(DataBufferUtils.java:686)
	org.springframework.core.io.buffer.DataBufferUtils.lambda$split$20(DataBufferUtils.java:605)
	reactor.core.publisher.FluxMap$MapConditionalSubscriber.onNext(FluxMap.java:199)
	reactor.core.publisher.FluxBufferPredicate$BufferPredicateSubscriber.emit(FluxBufferPredicate.java:290)
	reactor.core.publisher.FluxBufferPredicate$BufferPredicateSubscriber.onNextNewBuffer(FluxBufferPredicate.java:257)
	reactor.core.publisher.FluxBufferPredicate$BufferPredicateSubscriber.tryOnNext(FluxBufferPredicate.java:211)
	reactor.core.publisher.FluxBufferPredicate$BufferPredicateSubscriber.onNext(FluxBufferPredicate.java:184)
	reactor.core.publisher.FluxFlatMap$FlatMapMain.drainLoop(FluxFlatMap.java:664)
	reactor.core.publisher.FluxFlatMap$FlatMapMain.drain(FluxFlatMap.java:540)
	reactor.core.publisher.FluxFlatMap$FlatMapInner.onSubscribe(FluxFlatMap.java:924)
	reactor.core.publisher.FluxIterable.subscribe(FluxIterable.java:139)
	reactor.core.publisher.FluxIterable.subscribe(FluxIterable.java:63)
	reactor.core.publisher.Flux.subscribe(Flux.java:7922)
	reactor.core.publisher.FluxFlatMap$FlatMapMain.onNext(FluxFlatMap.java:389)
	reactor.core.publisher.FluxConcatMap$ConcatMapImmediate.innerNext(FluxConcatMap.java:275)
	reactor.core.publisher.FluxConcatMap$ConcatMapInner.onNext(FluxConcatMap.java:849)
	reactor.core.publisher.FluxConcatMap$WeakScalarSubscription.request(FluxConcatMap.java:470)
	reactor.core.publisher.Operators$MultiSubscriptionSubscriber.set(Operators.java:1939)
	reactor.core.publisher.FluxConcatMap$ConcatMapImmediate.drain(FluxConcatMap.java:436)
	reactor.core.publisher.FluxConcatMap$ConcatMapImmediate.onNext(FluxConcatMap.java:244)
	reactor.core.publisher.FluxMap$MapSubscriber.onNext(FluxMap.java:114)
	reactor.core.publisher.FluxPeek$PeekSubscriber.onNext(FluxPeek.java:192)
	reactor.core.publisher.FluxMap$MapSubscriber.onNext(FluxMap.java:114)
	reactor.netty.channel.FluxReceive.drainReceiver(FluxReceive.java:206)
	reactor.netty.channel.FluxReceive.onInboundNext(FluxReceive.java:322)
	reactor.netty.channel.ChannelOperations.onInboundNext(ChannelOperations.java:335)
	reactor.netty.http.server.HttpServerOperations.onInboundNext(HttpServerOperations.java:456)
	reactor.netty.channel.ChannelOperationsHandler.channelRead(ChannelOperationsHandler.java:91)
	io.netty.channel.AbstractChannelHandlerContext.invokeChannelRead(AbstractChannelHandlerContext.java:374)
	io.netty.channel.AbstractChannelHandlerContext.invokeChannelRead(AbstractChannelHandlerContext.java:360)
	io.netty.channel.AbstractChannelHandlerContext.fireChannelRead(AbstractChannelHandlerContext.java:352)
	reactor.netty.http.server.HttpTrafficHandler.channelRead(HttpTrafficHandler.java:190)
	io.netty.channel.AbstractChannelHandlerContext.invokeChannelRead(AbstractChannelHandlerContext.java:374)
	io.netty.channel.AbstractChannelHandlerContext.invokeChannelRead(AbstractChannelHandlerContext.java:360)
	io.netty.channel.AbstractChannelHandlerContext.fireChannelRead(AbstractChannelHandlerContext.java:352)
	io.netty.channel.CombinedChannelDuplexHandler$DelegatingChannelHandlerContext.fireChannelRead(CombinedChannelDuplexHandler.java:438)
	io.netty.handler.codec.ByteToMessageDecoder.fireChannelRead(ByteToMessageDecoder.java:323)
	io.netty.handler.codec.ByteToMessageDecoder.fireChannelRead(ByteToMessageDecoder.java:310)
	io.netty.handler.codec.ByteToMessageDecoder.callDecode(ByteToMessageDecoder.java:426)
	io.netty.handler.codec.ByteToMessageDecoder.channelRead(ByteToMessageDecoder.java:278)
	io.netty.channel.CombinedChannelDuplexHandler.channelRead(CombinedChannelDuplexHandler.java:253)
	io.netty.channel.AbstractChannelHandlerContext.invokeChannelRead(AbstractChannelHandlerContext.java:374)
	io.netty.channel.AbstractChannelHandlerContext.invokeChannelRead(AbstractChannelHandlerContext.java:360)
	io.netty.channel.AbstractChannelHandlerContext.fireChannelRead(AbstractChannelHandlerContext.java:352)
	io.netty.channel.DefaultChannelPipeline$HeadContext.channelRead(DefaultChannelPipeline.java:1408)
	io.netty.channel.AbstractChannelHandlerContext.invokeChannelRead(AbstractChannelHandlerContext.java:374)
	io.netty.channel.AbstractChannelHandlerContext.invokeChannelRead(AbstractChannelHandlerContext.java:360)
	io.netty.channel.DefaultChannelPipeline.fireChannelRead(DefaultChannelPipeline.java:930)
	io.netty.channel.nio.AbstractNioByteChannel$NioByteUnsafe.read(AbstractNioByteChannel.java:163)
	io.netty.channel.nio.NioEventLoop.processSelectedKey(NioEventLoop.java:682)
	io.netty.channel.nio.NioEventLoop.processSelectedKeysOptimized(NioEventLoop.java:617)
	io.netty.channel.nio.NioEventLoop.processSelectedKeys(NioEventLoop.java:534)
	io.netty.channel.nio.NioEventLoop.run(NioEventLoop.java:496)
	io.netty.util.concurrent.SingleThreadEventExecutor$5.run(SingleThreadEventExecutor.java:906)
	io.netty.util.internal.ThreadExecutorMap$2.run(ThreadExecutorMap.java:74)
	io.netty.util.concurrent.FastThreadLocalRunnable.run(FastThreadLocalRunnable.java:30)
	java.lang.Thread.run(Thread.java:748)
: 6 leak records were discarded because they were duplicates
: 159 leak records were discarded because the leak record count is targeted to 4. Use system property io.netty.leakDetection.targetRecords to increase the limit.
22:42:57.830 [reactor-http-nio-6] ERROR i.n.u.ResourceLeakDetector - LEAK: ByteBuf.release() was not called before it's garbage-collected. See http://netty.io/wiki/reference-counted-objects.html for more information.
Recent access records: 
#1:
	io.netty.buffer.AdvancedLeakAwareByteBuf.order(AdvancedLeakAwareByteBuf.java:70)
	io.netty.buffer.CompositeByteBuf.newComponent(CompositeByteBuf.java:318)
	io.netty.buffer.CompositeByteBuf.addComponent0(CompositeByteBuf.java:280)
	io.netty.buffer.CompositeByteBuf.addComponent(CompositeByteBuf.java:265)
	io.netty.buffer.CompositeByteBuf.addComponent(CompositeByteBuf.java:222)
	io.netty.buffer.WrappedCompositeByteBuf.addComponent(WrappedCompositeByteBuf.java:529)
	io.netty.buffer.AdvancedLeakAwareCompositeByteBuf.addComponent(AdvancedLeakAwareCompositeByteBuf.java:921)
	org.springframework.core.io.buffer.NettyDataBufferFactory.join(NettyDataBufferFactory.java:111)
	org.springframework.core.io.buffer.DataBufferUtils.joinAndStrip(DataBufferUtils.java:686)
	org.springframework.core.io.buffer.DataBufferUtils.lambda$split$20(DataBufferUtils.java:605)
	reactor.core.publisher.FluxMap$MapConditionalSubscriber.onNext(FluxMap.java:199)
	reactor.core.publisher.FluxBufferPredicate$BufferPredicateSubscriber.emit(FluxBufferPredicate.java:290)
	reactor.core.publisher.FluxBufferPredicate$BufferPredicateSubscriber.onNextNewBuffer(FluxBufferPredicate.java:257)
	reactor.core.publisher.FluxBufferPredicate$BufferPredicateSubscriber.tryOnNext(FluxBufferPredicate.java:211)
	reactor.core.publisher.FluxBufferPredicate$BufferPredicateSubscriber.onNext(FluxBufferPredicate.java:184)
	reactor.core.publisher.FluxFlatMap$FlatMapMain.drainLoop(FluxFlatMap.java:664)
	reactor.core.publisher.FluxFlatMap$FlatMapMain.drain(FluxFlatMap.java:540)
	reactor.core.publisher.FluxFlatMap$FlatMapInner.onSubscribe(FluxFlatMap.java:924)
	reactor.core.publisher.FluxIterable.subscribe(FluxIterable.java:139)
	reactor.core.publisher.FluxIterable.subscribe(FluxIterable.java:63)
	reactor.core.publisher.Flux.subscribe(Flux.java:7922)
	reactor.core.publisher.FluxFlatMap$FlatMapMain.onNext(FluxFlatMap.java:389)
	reactor.core.publisher.FluxConcatMap$ConcatMapImmediate.innerNext(FluxConcatMap.java:275)
	reactor.core.publisher.FluxConcatMap$ConcatMapInner.onNext(FluxConcatMap.java:849)
	reactor.core.publisher.FluxConcatMap$WeakScalarSubscription.request(FluxConcatMap.java:470)
	reactor.core.publisher.Operators$MultiSubscriptionSubscriber.set(Operators.java:1939)
	reactor.core.publisher.FluxConcatMap$ConcatMapImmediate.drain(FluxConcatMap.java:436)
	reactor.core.publisher.FluxConcatMap$ConcatMapImmediate.onNext(FluxConcatMap.java:244)
	reactor.core.publisher.FluxMap$MapSubscriber.onNext(FluxMap.java:114)
	reactor.core.publisher.FluxPeek$PeekSubscriber.onNext(FluxPeek.java:192)
	reactor.core.publisher.FluxMap$MapSubscriber.onNext(FluxMap.java:114)
	reactor.netty.channel.FluxReceive.drainReceiver(FluxReceive.java:206)
	reactor.netty.channel.FluxReceive.onInboundNext(FluxReceive.java:322)
	reactor.netty.channel.ChannelOperations.onInboundNext(ChannelOperations.java:335)
	reactor.netty.http.server.HttpServerOperations.onInboundNext(HttpServerOperations.java:456)
	reactor.netty.channel.ChannelOperationsHandler.channelRead(ChannelOperationsHandler.java:91)
	io.netty.channel.AbstractChannelHandlerContext.invokeChannelRead(AbstractChannelHandlerContext.java:374)
	io.netty.channel.AbstractChannelHandlerContext.invokeChannelRead(AbstractChannelHandlerContext.java:360)
	io.netty.channel.AbstractChannelHandlerContext.fireChannelRead(AbstractChannelHandlerContext.java:352)
	reactor.netty.http.server.HttpTrafficHandler.channelRead(HttpTrafficHandler.java:190)
	io.netty.channel.AbstractChannelHandlerContext.invokeChannelRead(AbstractChannelHandlerContext.java:374)
	io.netty.channel.AbstractChannelHandlerContext.invokeChannelRead(AbstractChannelHandlerContext.java:360)
	io.netty.channel.AbstractChannelHandlerContext.fireChannelRead(AbstractChannelHandlerContext.java:352)
	io.netty.channel.CombinedChannelDuplexHandler$DelegatingChannelHandlerContext.fireChannelRead(CombinedChannelDuplexHandler.java:438)
	io.netty.handler.codec.ByteToMessageDecoder.fireChannelRead(ByteToMessageDecoder.java:323)
	io.netty.handler.codec.ByteToMessageDecoder.fireChannelRead(ByteToMessageDecoder.java:310)
	io.netty.handler.codec.ByteToMessageDecoder.callDecode(ByteToMessageDecoder.java:426)
	io.netty.handler.codec.ByteToMessageDecoder.channelRead(ByteToMessageDecoder.java:278)
	io.netty.channel.CombinedChannelDuplexHandler.channelRead(CombinedChannelDuplexHandler.java:253)
	io.netty.channel.AbstractChannelHandlerContext.invokeChannelRead(AbstractChannelHandlerContext.java:374)
	io.netty.channel.AbstractChannelHandlerContext.invokeChannelRead(AbstractChannelHandlerContext.java:360)
	io.netty.channel.AbstractChannelHandlerContext.fireChannelRead(AbstractChannelHandlerContext.java:352)
	io.netty.channel.DefaultChannelPipeline$HeadContext.channelRead(DefaultChannelPipeline.java:1408)
	io.netty.channel.AbstractChannelHandlerContext.invokeChannelRead(AbstractChannelHandlerContext.java:374)
	io.netty.channel.AbstractChannelHandlerContext.invokeChannelRead(AbstractChannelHandlerContext.java:360)
	io.netty.channel.DefaultChannelPipeline.fireChannelRead(DefaultChannelPipeline.java:930)
	io.netty.channel.nio.AbstractNioByteChannel$NioByteUnsafe.read(AbstractNioByteChannel.java:163)
	io.netty.channel.nio.NioEventLoop.processSelectedKey(NioEventLoop.java:682)
	io.netty.channel.nio.NioEventLoop.processSelectedKeysOptimized(NioEventLoop.java:617)
	io.netty.channel.nio.NioEventLoop.processSelectedKeys(NioEventLoop.java:534)
	io.netty.channel.nio.NioEventLoop.run(NioEventLoop.java:496)
	io.netty.util.concurrent.SingleThreadEventExecutor$5.run(SingleThreadEventExecutor.java:906)
	io.netty.util.internal.ThreadExecutorMap$2.run(ThreadExecutorMap.java:74)
	io.netty.util.concurrent.FastThreadLocalRunnable.run(FastThreadLocalRunnable.java:30)
	java.lang.Thread.run(Thread.java:748)
#2:
	org.springframework.core.io.buffer.NettyDataBufferFactory.wrap(NettyDataBufferFactory.java:93)
	reactor.core.publisher.FluxMap$MapSubscriber.onNext(FluxMap.java:100)
	reactor.core.publisher.FluxPeek$PeekSubscriber.onNext(FluxPeek.java:192)
	reactor.core.publisher.FluxMap$MapSubscriber.onNext(FluxMap.java:114)
	reactor.netty.channel.FluxReceive.drainReceiver(FluxReceive.java:206)
	reactor.netty.channel.FluxReceive.onInboundNext(FluxReceive.java:322)
	reactor.netty.channel.ChannelOperations.onInboundNext(ChannelOperations.java:335)
	reactor.netty.http.server.HttpServerOperations.onInboundNext(HttpServerOperations.java:456)
	reactor.netty.channel.ChannelOperationsHandler.channelRead(ChannelOperationsHandler.java:91)
	io.netty.channel.AbstractChannelHandlerContext.invokeChannelRead(AbstractChannelHandlerContext.java:374)
	io.netty.channel.AbstractChannelHandlerContext.invokeChannelRead(AbstractChannelHandlerContext.java:360)
	io.netty.channel.AbstractChannelHandlerContext.fireChannelRead(AbstractChannelHandlerContext.java:352)
	reactor.netty.http.server.HttpTrafficHandler.channelRead(HttpTrafficHandler.java:190)
	io.netty.channel.AbstractChannelHandlerContext.invokeChannelRead(AbstractChannelHandlerContext.java:374)
	io.netty.channel.AbstractChannelHandlerContext.invokeChannelRead(AbstractChannelHandlerContext.java:360)
	io.netty.channel.AbstractChannelHandlerContext.fireChannelRead(AbstractChannelHandlerContext.java:352)
	io.netty.channel.CombinedChannelDuplexHandler$DelegatingChannelHandlerContext.fireChannelRead(CombinedChannelDuplexHandler.java:438)
	io.netty.handler.codec.ByteToMessageDecoder.fireChannelRead(ByteToMessageDecoder.java:323)
	io.netty.handler.codec.ByteToMessageDecoder.fireChannelRead(ByteToMessageDecoder.java:310)
	io.netty.handler.codec.ByteToMessageDecoder.callDecode(ByteToMessageDecoder.java:426)
	io.netty.handler.codec.ByteToMessageDecoder.channelRead(ByteToMessageDecoder.java:278)
	io.netty.channel.CombinedChannelDuplexHandler.channelRead(CombinedChannelDuplexHandler.java:253)
	io.netty.channel.AbstractChannelHandlerContext.invokeChannelRead(AbstractChannelHandlerContext.java:374)
	io.netty.channel.AbstractChannelHandlerContext.invokeChannelRead(AbstractChannelHandlerContext.java:360)
	io.netty.channel.AbstractChannelHandlerContext.fireChannelRead(AbstractChannelHandlerContext.java:352)
	io.netty.channel.DefaultChannelPipeline$HeadContext.channelRead(DefaultChannelPipeline.java:1408)
	io.netty.channel.AbstractChannelHandlerContext.invokeChannelRead(AbstractChannelHandlerContext.java:374)
	io.netty.channel.AbstractChannelHandlerContext.invokeChannelRead(AbstractChannelHandlerContext.java:360)
	io.netty.channel.DefaultChannelPipeline.fireChannelRead(DefaultChannelPipeline.java:930)
	io.netty.channel.nio.AbstractNioByteChannel$NioByteUnsafe.read(AbstractNioByteChannel.java:163)
	io.netty.channel.nio.NioEventLoop.processSelectedKey(NioEventLoop.java:682)
	io.netty.channel.nio.NioEventLoop.processSelectedKeysOptimized(NioEventLoop.java:617)
	io.netty.channel.nio.NioEventLoop.processSelectedKeys(NioEventLoop.java:534)
	io.netty.channel.nio.NioEventLoop.run(NioEventLoop.java:496)
	io.netty.util.concurrent.SingleThreadEventExecutor$5.run(SingleThreadEventExecutor.java:906)
	io.netty.util.internal.ThreadExecutorMap$2.run(ThreadExecutorMap.java:74)
	io.netty.util.concurrent.FastThreadLocalRunnable.run(FastThreadLocalRunnable.java:30)
	java.lang.Thread.run(Thread.java:748)
#3:
	reactor.core.publisher.FluxPeek$PeekSubscriber.onNext(FluxPeek.java:177)
	reactor.core.publisher.FluxMap$MapSubscriber.onNext(FluxMap.java:114)
	reactor.netty.channel.FluxReceive.drainReceiver(FluxReceive.java:206)
	reactor.netty.channel.FluxReceive.onInboundNext(FluxReceive.java:322)
	reactor.netty.channel.ChannelOperations.onInboundNext(ChannelOperations.java:335)
	reactor.netty.http.server.HttpServerOperations.onInboundNext(HttpServerOperations.java:456)
	reactor.netty.channel.ChannelOperationsHandler.channelRead(ChannelOperationsHandler.java:91)
	io.netty.channel.AbstractChannelHandlerContext.invokeChannelRead(AbstractChannelHandlerContext.java:374)
	io.netty.channel.AbstractChannelHandlerContext.invokeChannelRead(AbstractChannelHandlerContext.java:360)
	io.netty.channel.AbstractChannelHandlerContext.fireChannelRead(AbstractChannelHandlerContext.java:352)
	reactor.netty.http.server.HttpTrafficHandler.channelRead(HttpTrafficHandler.java:190)
	io.netty.channel.AbstractChannelHandlerContext.invokeChannelRead(AbstractChannelHandlerContext.java:374)
	io.netty.channel.AbstractChannelHandlerContext.invokeChannelRead(AbstractChannelHandlerContext.java:360)
	io.netty.channel.AbstractChannelHandlerContext.fireChannelRead(AbstractChannelHandlerContext.java:352)
	io.netty.channel.CombinedChannelDuplexHandler$DelegatingChannelHandlerContext.fireChannelRead(CombinedChannelDuplexHandler.java:438)
	io.netty.handler.codec.ByteToMessageDecoder.fireChannelRead(ByteToMessageDecoder.java:323)
	io.netty.handler.codec.ByteToMessageDecoder.fireChannelRead(ByteToMessageDecoder.java:310)
	io.netty.handler.codec.ByteToMessageDecoder.callDecode(ByteToMessageDecoder.java:426)
	io.netty.handler.codec.ByteToMessageDecoder.channelRead(ByteToMessageDecoder.java:278)
	io.netty.channel.CombinedChannelDuplexHandler.channelRead(CombinedChannelDuplexHandler.java:253)
	io.netty.channel.AbstractChannelHandlerContext.invokeChannelRead(AbstractChannelHandlerContext.java:374)
	io.netty.channel.AbstractChannelHandlerContext.invokeChannelRead(AbstractChannelHandlerContext.java:360)
	io.netty.channel.AbstractChannelHandlerContext.fireChannelRead(AbstractChannelHandlerContext.java:352)
	io.netty.channel.DefaultChannelPipeline$HeadContext.channelRead(DefaultChannelPipeline.java:1408)
	io.netty.channel.AbstractChannelHandlerContext.invokeChannelRead(AbstractChannelHandlerContext.java:374)
	io.netty.channel.AbstractChannelHandlerContext.invokeChannelRead(AbstractChannelHandlerContext.java:360)
	io.netty.channel.DefaultChannelPipeline.fireChannelRead(DefaultChannelPipeline.java:930)
	io.netty.channel.nio.AbstractNioByteChannel$NioByteUnsafe.read(AbstractNioByteChannel.java:163)
	io.netty.channel.nio.NioEventLoop.processSelectedKey(NioEventLoop.java:682)
	io.netty.channel.nio.NioEventLoop.processSelectedKeysOptimized(NioEventLoop.java:617)
	io.netty.channel.nio.NioEventLoop.processSelectedKeys(NioEventLoop.java:534)
	io.netty.channel.nio.NioEventLoop.run(NioEventLoop.java:496)
	io.netty.util.concurrent.SingleThreadEventExecutor$5.run(SingleThreadEventExecutor.java:906)
	io.netty.util.internal.ThreadExecutorMap$2.run(ThreadExecutorMap.java:74)
	io.netty.util.concurrent.FastThreadLocalRunnable.run(FastThreadLocalRunnable.java:30)
	java.lang.Thread.run(Thread.java:748)
#4:
	Hint: 'reactor.right.reactiveBridge' will handle the message from this point.
	io.netty.handler.codec.http.DefaultHttpContent.touch(DefaultHttpContent.java:88)
	io.netty.handler.codec.http.DefaultHttpContent.touch(DefaultHttpContent.java:24)
	io.netty.channel.DefaultChannelPipeline.touch(DefaultChannelPipeline.java:116)
	io.netty.channel.AbstractChannelHandlerContext.invokeChannelRead(AbstractChannelHandlerContext.java:357)
	io.netty.channel.AbstractChannelHandlerContext.fireChannelRead(AbstractChannelHandlerContext.java:352)
	reactor.netty.http.server.HttpTrafficHandler.channelRead(HttpTrafficHandler.java:190)
	io.netty.channel.AbstractChannelHandlerContext.invokeChannelRead(AbstractChannelHandlerContext.java:374)
	io.netty.channel.AbstractChannelHandlerContext.invokeChannelRead(AbstractChannelHandlerContext.java:360)
	io.netty.channel.AbstractChannelHandlerContext.fireChannelRead(AbstractChannelHandlerContext.java:352)
	io.netty.channel.CombinedChannelDuplexHandler$DelegatingChannelHandlerContext.fireChannelRead(CombinedChannelDuplexHandler.java:438)
	io.netty.handler.codec.ByteToMessageDecoder.fireChannelRead(ByteToMessageDecoder.java:323)
	io.netty.handler.codec.ByteToMessageDecoder.fireChannelRead(ByteToMessageDecoder.java:310)
	io.netty.handler.codec.ByteToMessageDecoder.callDecode(ByteToMessageDecoder.java:426)
	io.netty.handler.codec.ByteToMessageDecoder.channelRead(ByteToMessageDecoder.java:278)
	io.netty.channel.CombinedChannelDuplexHandler.channelRead(CombinedChannelDuplexHandler.java:253)
	io.netty.channel.AbstractChannelHandlerContext.invokeChannelRead(AbstractChannelHandlerContext.java:374)
	io.netty.channel.AbstractChannelHandlerContext.invokeChannelRead(AbstractChannelHandlerContext.java:360)
	io.netty.channel.AbstractChannelHandlerContext.fireChannelRead(AbstractChannelHandlerContext.java:352)
	io.netty.channel.DefaultChannelPipeline$HeadContext.channelRead(DefaultChannelPipeline.java:1408)
	io.netty.channel.AbstractChannelHandlerContext.invokeChannelRead(AbstractChannelHandlerContext.java:374)
	io.netty.channel.AbstractChannelHandlerContext.invokeChannelRead(AbstractChannelHandlerContext.java:360)
	io.netty.channel.DefaultChannelPipeline.fireChannelRead(DefaultChannelPipeline.java:930)
	io.netty.channel.nio.AbstractNioByteChannel$NioByteUnsafe.read(AbstractNioByteChannel.java:163)
	io.netty.channel.nio.NioEventLoop.processSelectedKey(NioEventLoop.java:682)
	io.netty.channel.nio.NioEventLoop.processSelectedKeysOptimized(NioEventLoop.java:617)
	io.netty.channel.nio.NioEventLoop.processSelectedKeys(NioEventLoop.java:534)
	io.netty.channel.nio.NioEventLoop.run(NioEventLoop.java:496)
	io.netty.util.concurrent.SingleThreadEventExecutor$5.run(SingleThreadEventExecutor.java:906)
	io.netty.util.internal.ThreadExecutorMap$2.run(ThreadExecutorMap.java:74)
	io.netty.util.concurrent.FastThreadLocalRunnable.run(FastThreadLocalRunnable.java:30)
	java.lang.Thread.run(Thread.java:748)
#5:
	Hint: 'reactor.left.httpTrafficHandler' will handle the message from this point.
	io.netty.handler.codec.http.DefaultHttpContent.touch(DefaultHttpContent.java:88)
	io.netty.handler.codec.http.DefaultHttpContent.touch(DefaultHttpContent.java:24)
	io.netty.channel.DefaultChannelPipeline.touch(DefaultChannelPipeline.java:116)
	io.netty.channel.AbstractChannelHandlerContext.invokeChannelRead(AbstractChannelHandlerContext.java:357)
	io.netty.channel.AbstractChannelHandlerContext.fireChannelRead(AbstractChannelHandlerContext.java:352)
	io.netty.channel.CombinedChannelDuplexHandler$DelegatingChannelHandlerContext.fireChannelRead(CombinedChannelDuplexHandler.java:438)
	io.netty.handler.codec.ByteToMessageDecoder.fireChannelRead(ByteToMessageDecoder.java:323)
	io.netty.handler.codec.ByteToMessageDecoder.fireChannelRead(ByteToMessageDecoder.java:310)
	io.netty.handler.codec.ByteToMessageDecoder.callDecode(ByteToMessageDecoder.java:426)
	io.netty.handler.codec.ByteToMessageDecoder.channelRead(ByteToMessageDecoder.java:278)
	io.netty.channel.CombinedChannelDuplexHandler.channelRead(CombinedChannelDuplexHandler.java:253)
	io.netty.channel.AbstractChannelHandlerContext.invokeChannelRead(AbstractChannelHandlerContext.java:374)
	io.netty.channel.AbstractChannelHandlerContext.invokeChannelRead(AbstractChannelHandlerContext.java:360)
	io.netty.channel.AbstractChannelHandlerContext.fireChannelRead(AbstractChannelHandlerContext.java:352)
	io.netty.channel.DefaultChannelPipeline$HeadContext.channelRead(DefaultChannelPipeline.java:1408)
	io.netty.channel.AbstractChannelHandlerContext.invokeChannelRead(AbstractChannelHandlerContext.java:374)
	io.netty.channel.AbstractChannelHandlerContext.invokeChannelRead(AbstractChannelHandlerContext.java:360)
	io.netty.channel.DefaultChannelPipeline.fireChannelRead(DefaultChannelPipeline.java:930)
	io.netty.channel.nio.AbstractNioByteChannel$NioByteUnsafe.read(AbstractNioByteChannel.java:163)
	io.netty.channel.nio.NioEventLoop.processSelectedKey(NioEventLoop.java:682)
	io.netty.channel.nio.NioEventLoop.processSelectedKeysOptimized(NioEventLoop.java:617)
	io.netty.channel.nio.NioEventLoop.processSelectedKeys(NioEventLoop.java:534)
	io.netty.channel.nio.NioEventLoop.run(NioEventLoop.java:496)
	io.netty.util.concurrent.SingleThreadEventExecutor$5.run(SingleThreadEventExecutor.java:906)
	io.netty.util.internal.ThreadExecutorMap$2.run(ThreadExecutorMap.java:74)
	io.netty.util.concurrent.FastThreadLocalRunnable.run(FastThreadLocalRunnable.java:30)
	java.lang.Thread.run(Thread.java:748)
Created at:
	io.netty.buffer.SimpleLeakAwareByteBuf.unwrappedDerived(SimpleLeakAwareByteBuf.java:143)
	io.netty.buffer.SimpleLeakAwareByteBuf.readRetainedSlice(SimpleLeakAwareByteBuf.java:67)
	io.netty.buffer.AdvancedLeakAwareByteBuf.readRetainedSlice(AdvancedLeakAwareByteBuf.java:107)
	io.netty.handler.codec.http.HttpObjectDecoder.decode(HttpObjectDecoder.java:336)
	io.netty.handler.codec.http.HttpServerCodec$HttpServerRequestDecoder.decode(HttpServerCodec.java:103)
	io.netty.handler.codec.ByteToMessageDecoder.decodeRemovalReentryProtection(ByteToMessageDecoder.java:502)
	io.netty.handler.codec.ByteToMessageDecoder.callDecode(ByteToMessageDecoder.java:441)
	io.netty.handler.codec.ByteToMessageDecoder.channelRead(ByteToMessageDecoder.java:278)
	io.netty.channel.CombinedChannelDuplexHandler.channelRead(CombinedChannelDuplexHandler.java:253)
	io.netty.channel.AbstractChannelHandlerContext.invokeChannelRead(AbstractChannelHandlerContext.java:374)
	io.netty.channel.AbstractChannelHandlerContext.invokeChannelRead(AbstractChannelHandlerContext.java:360)
	io.netty.channel.AbstractChannelHandlerContext.fireChannelRead(AbstractChannelHandlerContext.java:352)
	io.netty.channel.DefaultChannelPipeline$HeadContext.channelRead(DefaultChannelPipeline.java:1408)
	io.netty.channel.AbstractChannelHandlerContext.invokeChannelRead(AbstractChannelHandlerContext.java:374)
	io.netty.channel.AbstractChannelHandlerContext.invokeChannelRead(AbstractChannelHandlerContext.java:360)
	io.netty.channel.DefaultChannelPipeline.fireChannelRead(DefaultChannelPipeline.java:930)
	io.netty.channel.nio.AbstractNioByteChannel$NioByteUnsafe.read(AbstractNioByteChannel.java:163)
	io.netty.channel.nio.NioEventLoop.processSelectedKey(NioEventLoop.java:682)
	io.netty.channel.nio.NioEventLoop.processSelectedKeysOptimized(NioEventLoop.java:617)
	io.netty.channel.nio.NioEventLoop.processSelectedKeys(NioEventLoop.java:534)
	io.netty.channel.nio.NioEventLoop.run(NioEventLoop.java:496)
	io.netty.util.concurrent.SingleThreadEventExecutor$5.run(SingleThreadEventExecutor.java:906)
	io.netty.util.internal.ThreadExecutorMap$2.run(ThreadExecutorMap.java:74)
	io.netty.util.concurrent.FastThreadLocalRunnable.run(FastThreadLocalRunnable.java:30)
	java.lang.Thread.run(Thread.java:748)
: 5 leak records were discarded because the leak record count is targeted to 4. Use system property io.netty.leakDetection.targetRecords to increase the limit.
22:42:57.831 [reactor-http-nio-6] ERROR i.n.u.ResourceLeakDetector - LEAK: ByteBuf.release() was not called before it's garbage-collected. See http://netty.io/wiki/reference-counted-objects.html for more information.
Recent access records: 
#1:
	io.netty.buffer.AdvancedLeakAwareByteBuf.order(AdvancedLeakAwareByteBuf.java:70)
	io.netty.buffer.CompositeByteBuf.newComponent(CompositeByteBuf.java:318)
	io.netty.buffer.CompositeByteBuf.addComponent0(CompositeByteBuf.java:280)
	io.netty.buffer.CompositeByteBuf.addComponent(CompositeByteBuf.java:265)
	io.netty.buffer.CompositeByteBuf.addComponent(CompositeByteBuf.java:222)
	io.netty.buffer.WrappedCompositeByteBuf.addComponent(WrappedCompositeByteBuf.java:529)
	io.netty.buffer.AdvancedLeakAwareCompositeByteBuf.addComponent(AdvancedLeakAwareCompositeByteBuf.java:921)
	org.springframework.core.io.buffer.NettyDataBufferFactory.join(NettyDataBufferFactory.java:111)
	org.springframework.core.io.buffer.DataBufferUtils.joinAndStrip(DataBufferUtils.java:686)
	org.springframework.core.io.buffer.DataBufferUtils.lambda$split$20(DataBufferUtils.java:605)
	reactor.core.publisher.FluxMap$MapConditionalSubscriber.onNext(FluxMap.java:199)
	reactor.core.publisher.FluxBufferPredicate$BufferPredicateSubscriber.emit(FluxBufferPredicate.java:290)
	reactor.core.publisher.FluxBufferPredicate$BufferPredicateSubscriber.onNextNewBuffer(FluxBufferPredicate.java:257)
	reactor.core.publisher.FluxBufferPredicate$BufferPredicateSubscriber.tryOnNext(FluxBufferPredicate.java:211)
	reactor.core.publisher.FluxBufferPredicate$BufferPredicateSubscriber.onNext(FluxBufferPredicate.java:184)
	reactor.core.publisher.FluxFlatMap$FlatMapMain.drainLoop(FluxFlatMap.java:664)
	reactor.core.publisher.FluxFlatMap$FlatMapMain.drain(FluxFlatMap.java:540)
	reactor.core.publisher.FluxFlatMap$FlatMapInner.onSubscribe(FluxFlatMap.java:924)
	reactor.core.publisher.FluxIterable.subscribe(FluxIterable.java:139)
	reactor.core.publisher.FluxIterable.subscribe(FluxIterable.java:63)
	reactor.core.publisher.Flux.subscribe(Flux.java:7922)
	reactor.core.publisher.FluxFlatMap$FlatMapMain.onNext(FluxFlatMap.java:389)
	reactor.core.publisher.FluxConcatMap$ConcatMapImmediate.innerNext(FluxConcatMap.java:275)
	reactor.core.publisher.FluxConcatMap$ConcatMapInner.onNext(FluxConcatMap.java:849)
	reactor.core.publisher.FluxConcatMap$WeakScalarSubscription.request(FluxConcatMap.java:470)
	reactor.core.publisher.Operators$MultiSubscriptionSubscriber.set(Operators.java:1939)
	reactor.core.publisher.FluxConcatMap$ConcatMapImmediate.drain(FluxConcatMap.java:436)
	reactor.core.publisher.FluxConcatMap$ConcatMapImmediate.onNext(FluxConcatMap.java:244)
	reactor.core.publisher.FluxMap$MapSubscriber.onNext(FluxMap.java:114)
	reactor.core.publisher.FluxPeek$PeekSubscriber.onNext(FluxPeek.java:192)
	reactor.core.publisher.FluxMap$MapSubscriber.onNext(FluxMap.java:114)
	reactor.netty.channel.FluxReceive.drainReceiver(FluxReceive.java:206)
	reactor.netty.channel.FluxReceive.onInboundNext(FluxReceive.java:322)
	reactor.netty.channel.ChannelOperations.onInboundNext(ChannelOperations.java:335)
	reactor.netty.http.server.HttpServerOperations.onInboundNext(HttpServerOperations.java:456)
	reactor.netty.channel.ChannelOperationsHandler.channelRead(ChannelOperationsHandler.java:91)
	io.netty.channel.AbstractChannelHandlerContext.invokeChannelRead(AbstractChannelHandlerContext.java:374)
	io.netty.channel.AbstractChannelHandlerContext.invokeChannelRead(AbstractChannelHandlerContext.java:360)
	io.netty.channel.AbstractChannelHandlerContext.fireChannelRead(AbstractChannelHandlerContext.java:352)
	reactor.netty.http.server.HttpTrafficHandler.channelRead(HttpTrafficHandler.java:190)
	io.netty.channel.AbstractChannelHandlerContext.invokeChannelRead(AbstractChannelHandlerContext.java:374)
	io.netty.channel.AbstractChannelHandlerContext.invokeChannelRead(AbstractChannelHandlerContext.java:360)
	io.netty.channel.AbstractChannelHandlerContext.fireChannelRead(AbstractChannelHandlerContext.java:352)
	io.netty.channel.CombinedChannelDuplexHandler$DelegatingChannelHandlerContext.fireChannelRead(CombinedChannelDuplexHandler.java:438)
	io.netty.handler.codec.ByteToMessageDecoder.fireChannelRead(ByteToMessageDecoder.java:323)
	io.netty.handler.codec.ByteToMessageDecoder.fireChannelRead(ByteToMessageDecoder.java:310)
	io.netty.handler.codec.ByteToMessageDecoder.callDecode(ByteToMessageDecoder.java:426)
	io.netty.handler.codec.ByteToMessageDecoder.channelRead(ByteToMessageDecoder.java:278)
	io.netty.channel.CombinedChannelDuplexHandler.channelRead(CombinedChannelDuplexHandler.java:253)
	io.netty.channel.AbstractChannelHandlerContext.invokeChannelRead(AbstractChannelHandlerContext.java:374)
	io.netty.channel.AbstractChannelHandlerContext.invokeChannelRead(AbstractChannelHandlerContext.java:360)
	io.netty.channel.AbstractChannelHandlerContext.fireChannelRead(AbstractChannelHandlerContext.java:352)
	io.netty.channel.DefaultChannelPipeline$HeadContext.channelRead(DefaultChannelPipeline.java:1408)
	io.netty.channel.AbstractChannelHandlerContext.invokeChannelRead(AbstractChannelHandlerContext.java:374)
	io.netty.channel.AbstractChannelHandlerContext.invokeChannelRead(AbstractChannelHandlerContext.java:360)
	io.netty.channel.DefaultChannelPipeline.fireChannelRead(DefaultChannelPipeline.java:930)
	io.netty.channel.nio.AbstractNioByteChannel$NioByteUnsafe.read(AbstractNioByteChannel.java:163)
	io.netty.channel.nio.NioEventLoop.processSelectedKey(NioEventLoop.java:682)
	io.netty.channel.nio.NioEventLoop.processSelectedKeysOptimized(NioEventLoop.java:617)
	io.netty.channel.nio.NioEventLoop.processSelectedKeys(NioEventLoop.java:534)
	io.netty.channel.nio.NioEventLoop.run(NioEventLoop.java:496)
	io.netty.util.concurrent.SingleThreadEventExecutor$5.run(SingleThreadEventExecutor.java:906)
	io.netty.util.internal.ThreadExecutorMap$2.run(ThreadExecutorMap.java:74)
	io.netty.util.concurrent.FastThreadLocalRunnable.run(FastThreadLocalRunnable.java:30)
	java.lang.Thread.run(Thread.java:748)
#2:
	io.netty.buffer.AdvancedLeakAwareByteBuf.getByte(AdvancedLeakAwareByteBuf.java:154)
	org.springframework.core.io.buffer.NettyDataBuffer.getByte(NettyDataBuffer.java:132)
	org.springframework.core.io.buffer.DataBufferUtils$KnuthMorrisPrattMatcher.match(DataBufferUtils.java:1005)
	org.springframework.core.io.buffer.DataBufferUtils.endFrameAfterDelimiter(DataBufferUtils.java:634)
	org.springframework.core.io.buffer.DataBufferUtils.lambda$split$18(DataBufferUtils.java:603)
	reactor.core.publisher.FluxFlatMap$FlatMapMain.onNext(FluxFlatMap.java:350)
	reactor.core.publisher.FluxConcatMap$ConcatMapImmediate.innerNext(FluxConcatMap.java:275)
	reactor.core.publisher.FluxConcatMap$ConcatMapInner.onNext(FluxConcatMap.java:849)
	reactor.core.publisher.FluxConcatMap$WeakScalarSubscription.request(FluxConcatMap.java:470)
	reactor.core.publisher.Operators$MultiSubscriptionSubscriber.set(Operators.java:1939)
	reactor.core.publisher.FluxConcatMap$ConcatMapImmediate.drain(FluxConcatMap.java:436)
	reactor.core.publisher.FluxConcatMap$ConcatMapImmediate.onNext(FluxConcatMap.java:244)
	reactor.core.publisher.FluxMap$MapSubscriber.onNext(FluxMap.java:114)
	reactor.core.publisher.FluxPeek$PeekSubscriber.onNext(FluxPeek.java:192)
	reactor.core.publisher.FluxMap$MapSubscriber.onNext(FluxMap.java:114)
	reactor.netty.channel.FluxReceive.drainReceiver(FluxReceive.java:206)
	reactor.netty.channel.FluxReceive.onInboundNext(FluxReceive.java:322)
	reactor.netty.channel.ChannelOperations.onInboundNext(ChannelOperations.java:335)
	reactor.netty.http.server.HttpServerOperations.onInboundNext(HttpServerOperations.java:456)
	reactor.netty.channel.ChannelOperationsHandler.channelRead(ChannelOperationsHandler.java:91)
	io.netty.channel.AbstractChannelHandlerContext.invokeChannelRead(AbstractChannelHandlerContext.java:374)
	io.netty.channel.AbstractChannelHandlerContext.invokeChannelRead(AbstractChannelHandlerContext.java:360)
	io.netty.channel.AbstractChannelHandlerContext.fireChannelRead(AbstractChannelHandlerContext.java:352)
	reactor.netty.http.server.HttpTrafficHandler.channelRead(HttpTrafficHandler.java:190)
	io.netty.channel.AbstractChannelHandlerContext.invokeChannelRead(AbstractChannelHandlerContext.java:374)
	io.netty.channel.AbstractChannelHandlerContext.invokeChannelRead(AbstractChannelHandlerContext.java:360)
	io.netty.channel.AbstractChannelHandlerContext.fireChannelRead(AbstractChannelHandlerContext.java:352)
	io.netty.channel.CombinedChannelDuplexHandler$DelegatingChannelHandlerContext.fireChannelRead(CombinedChannelDuplexHandler.java:438)
	io.netty.handler.codec.ByteToMessageDecoder.fireChannelRead(ByteToMessageDecoder.java:323)
	io.netty.handler.codec.ByteToMessageDecoder.fireChannelRead(ByteToMessageDecoder.java:310)
	io.netty.handler.codec.ByteToMessageDecoder.callDecode(ByteToMessageDecoder.java:426)
	io.netty.handler.codec.ByteToMessageDecoder.channelRead(ByteToMessageDecoder.java:278)
	io.netty.channel.CombinedChannelDuplexHandler.channelRead(CombinedChannelDuplexHandler.java:253)
	io.netty.channel.AbstractChannelHandlerContext.invokeChannelRead(AbstractChannelHandlerContext.java:374)
	io.netty.channel.AbstractChannelHandlerContext.invokeChannelRead(AbstractChannelHandlerContext.java:360)
	io.netty.channel.AbstractChannelHandlerContext.fireChannelRead(AbstractChannelHandlerContext.java:352)
	io.netty.channel.DefaultChannelPipeline$HeadContext.channelRead(DefaultChannelPipeline.java:1408)
	io.netty.channel.AbstractChannelHandlerContext.invokeChannelRead(AbstractChannelHandlerContext.java:374)
	io.netty.channel.AbstractChannelHandlerContext.invokeChannelRead(AbstractChannelHandlerContext.java:360)
	io.netty.channel.DefaultChannelPipeline.fireChannelRead(DefaultChannelPipeline.java:930)
	io.netty.channel.nio.AbstractNioByteChannel$NioByteUnsafe.read(AbstractNioByteChannel.java:163)
	io.netty.channel.nio.NioEventLoop.processSelectedKey(NioEventLoop.java:682)
	io.netty.channel.nio.NioEventLoop.processSelectedKeysOptimized(NioEventLoop.java:617)
	io.netty.channel.nio.NioEventLoop.processSelectedKeys(NioEventLoop.java:534)
	io.netty.channel.nio.NioEventLoop.run(NioEventLoop.java:496)
	io.netty.util.concurrent.SingleThreadEventExecutor$5.run(SingleThreadEventExecutor.java:906)
	io.netty.util.internal.ThreadExecutorMap$2.run(ThreadExecutorMap.java:74)
	io.netty.util.concurrent.FastThreadLocalRunnable.run(FastThreadLocalRunnable.java:30)
	java.lang.Thread.run(Thread.java:748)
#3:
	reactor.core.publisher.FluxPeek$PeekSubscriber.onNext(FluxPeek.java:177)
	reactor.core.publisher.FluxMap$MapSubscriber.onNext(FluxMap.java:114)
	reactor.netty.channel.FluxReceive.drainReceiver(FluxReceive.java:206)
	reactor.netty.channel.FluxReceive.onInboundNext(FluxReceive.java:322)
	reactor.netty.channel.ChannelOperations.onInboundNext(ChannelOperations.java:335)
	reactor.netty.http.server.HttpServerOperations.onInboundNext(HttpServerOperations.java:456)
	reactor.netty.channel.ChannelOperationsHandler.channelRead(ChannelOperationsHandler.java:91)
	io.netty.channel.AbstractChannelHandlerContext.invokeChannelRead(AbstractChannelHandlerContext.java:374)
	io.netty.channel.AbstractChannelHandlerContext.invokeChannelRead(AbstractChannelHandlerContext.java:360)
	io.netty.channel.AbstractChannelHandlerContext.fireChannelRead(AbstractChannelHandlerContext.java:352)
	reactor.netty.http.server.HttpTrafficHandler.channelRead(HttpTrafficHandler.java:190)
	io.netty.channel.AbstractChannelHandlerContext.invokeChannelRead(AbstractChannelHandlerContext.java:374)
	io.netty.channel.AbstractChannelHandlerContext.invokeChannelRead(AbstractChannelHandlerContext.java:360)
	io.netty.channel.AbstractChannelHandlerContext.fireChannelRead(AbstractChannelHandlerContext.java:352)
	io.netty.channel.CombinedChannelDuplexHandler$DelegatingChannelHandlerContext.fireChannelRead(CombinedChannelDuplexHandler.java:438)
	io.netty.handler.codec.ByteToMessageDecoder.fireChannelRead(ByteToMessageDecoder.java:323)
	io.netty.handler.codec.ByteToMessageDecoder.fireChannelRead(ByteToMessageDecoder.java:310)
	io.netty.handler.codec.ByteToMessageDecoder.callDecode(ByteToMessageDecoder.java:426)
	io.netty.handler.codec.ByteToMessageDecoder.channelRead(ByteToMessageDecoder.java:278)
	io.netty.channel.CombinedChannelDuplexHandler.channelRead(CombinedChannelDuplexHandler.java:253)
	io.netty.channel.AbstractChannelHandlerContext.invokeChannelRead(AbstractChannelHandlerContext.java:374)
	io.netty.channel.AbstractChannelHandlerContext.invokeChannelRead(AbstractChannelHandlerContext.java:360)
	io.netty.channel.AbstractChannelHandlerContext.fireChannelRead(AbstractChannelHandlerContext.java:352)
	io.netty.channel.DefaultChannelPipeline$HeadContext.channelRead(DefaultChannelPipeline.java:1408)
	io.netty.channel.AbstractChannelHandlerContext.invokeChannelRead(AbstractChannelHandlerContext.java:374)
	io.netty.channel.AbstractChannelHandlerContext.invokeChannelRead(AbstractChannelHandlerContext.java:360)
	io.netty.channel.DefaultChannelPipeline.fireChannelRead(DefaultChannelPipeline.java:930)
	io.netty.channel.nio.AbstractNioByteChannel$NioByteUnsafe.read(AbstractNioByteChannel.java:163)
	io.netty.channel.nio.NioEventLoop.processSelectedKey(NioEventLoop.java:682)
	io.netty.channel.nio.NioEventLoop.processSelectedKeysOptimized(NioEventLoop.java:617)
	io.netty.channel.nio.NioEventLoop.processSelectedKeys(NioEventLoop.java:534)
	io.netty.channel.nio.NioEventLoop.run(NioEventLoop.java:496)
	io.netty.util.concurrent.SingleThreadEventExecutor$5.run(SingleThreadEventExecutor.java:906)
	io.netty.util.internal.ThreadExecutorMap$2.run(ThreadExecutorMap.java:74)
	io.netty.util.concurrent.FastThreadLocalRunnable.run(FastThreadLocalRunnable.java:30)
	java.lang.Thread.run(Thread.java:748)
#4:
	Hint: 'reactor.right.reactiveBridge' will handle the message from this point.
	io.netty.handler.codec.http.DefaultHttpContent.touch(DefaultHttpContent.java:88)
	io.netty.handler.codec.http.DefaultHttpContent.touch(DefaultHttpContent.java:24)
	io.netty.channel.DefaultChannelPipeline.touch(DefaultChannelPipeline.java:116)
	io.netty.channel.AbstractChannelHandlerContext.invokeChannelRead(AbstractChannelHandlerContext.java:357)
	io.netty.channel.AbstractChannelHandlerContext.fireChannelRead(AbstractChannelHandlerContext.java:352)
	reactor.netty.http.server.HttpTrafficHandler.channelRead(HttpTrafficHandler.java:190)
	io.netty.channel.AbstractChannelHandlerContext.invokeChannelRead(AbstractChannelHandlerContext.java:374)
	io.netty.channel.AbstractChannelHandlerContext.invokeChannelRead(AbstractChannelHandlerContext.java:360)
	io.netty.channel.AbstractChannelHandlerContext.fireChannelRead(AbstractChannelHandlerContext.java:352)
	io.netty.channel.CombinedChannelDuplexHandler$DelegatingChannelHandlerContext.fireChannelRead(CombinedChannelDuplexHandler.java:438)
	io.netty.handler.codec.ByteToMessageDecoder.fireChannelRead(ByteToMessageDecoder.java:323)
	io.netty.handler.codec.ByteToMessageDecoder.fireChannelRead(ByteToMessageDecoder.java:310)
	io.netty.handler.codec.ByteToMessageDecoder.callDecode(ByteToMessageDecoder.java:426)
	io.netty.handler.codec.ByteToMessageDecoder.channelRead(ByteToMessageDecoder.java:278)
	io.netty.channel.CombinedChannelDuplexHandler.channelRead(CombinedChannelDuplexHandler.java:253)
	io.netty.channel.AbstractChannelHandlerContext.invokeChannelRead(AbstractChannelHandlerContext.java:374)
	io.netty.channel.AbstractChannelHandlerContext.invokeChannelRead(AbstractChannelHandlerContext.java:360)
	io.netty.channel.AbstractChannelHandlerContext.fireChannelRead(AbstractChannelHandlerContext.java:352)
	io.netty.channel.DefaultChannelPipeline$HeadContext.channelRead(DefaultChannelPipeline.java:1408)
	io.netty.channel.AbstractChannelHandlerContext.invokeChannelRead(AbstractChannelHandlerContext.java:374)
	io.netty.channel.AbstractChannelHandlerContext.invokeChannelRead(AbstractChannelHandlerContext.java:360)
	io.netty.channel.DefaultChannelPipeline.fireChannelRead(DefaultChannelPipeline.java:930)
	io.netty.channel.nio.AbstractNioByteChannel$NioByteUnsafe.read(AbstractNioByteChannel.java:163)
	io.netty.channel.nio.NioEventLoop.processSelectedKey(NioEventLoop.java:682)
	io.netty.channel.nio.NioEventLoop.processSelectedKeysOptimized(NioEventLoop.java:617)
	io.netty.channel.nio.NioEventLoop.processSelectedKeys(NioEventLoop.java:534)
	io.netty.channel.nio.NioEventLoop.run(NioEventLoop.java:496)
	io.netty.util.concurrent.SingleThreadEventExecutor$5.run(SingleThreadEventExecutor.java:906)
	io.netty.util.internal.ThreadExecutorMap$2.run(ThreadExecutorMap.java:74)
	io.netty.util.concurrent.FastThreadLocalRunnable.run(FastThreadLocalRunnable.java:30)
	java.lang.Thread.run(Thread.java:748)
#5:
	Hint: 'reactor.left.httpTrafficHandler' will handle the message from this point.
	io.netty.handler.codec.http.DefaultHttpContent.touch(DefaultHttpContent.java:88)
	io.netty.handler.codec.http.DefaultHttpContent.touch(DefaultHttpContent.java:24)
	io.netty.channel.DefaultChannelPipeline.touch(DefaultChannelPipeline.java:116)
	io.netty.channel.AbstractChannelHandlerContext.invokeChannelRead(AbstractChannelHandlerContext.java:357)
	io.netty.channel.AbstractChannelHandlerContext.fireChannelRead(AbstractChannelHandlerContext.java:352)
	io.netty.channel.CombinedChannelDuplexHandler$DelegatingChannelHandlerContext.fireChannelRead(CombinedChannelDuplexHandler.java:438)
	io.netty.handler.codec.ByteToMessageDecoder.fireChannelRead(ByteToMessageDecoder.java:323)
	io.netty.handler.codec.ByteToMessageDecoder.fireChannelRead(ByteToMessageDecoder.java:310)
	io.netty.handler.codec.ByteToMessageDecoder.callDecode(ByteToMessageDecoder.java:426)
	io.netty.handler.codec.ByteToMessageDecoder.channelRead(ByteToMessageDecoder.java:278)
	io.netty.channel.CombinedChannelDuplexHandler.channelRead(CombinedChannelDuplexHandler.java:253)
	io.netty.channel.AbstractChannelHandlerContext.invokeChannelRead(AbstractChannelHandlerContext.java:374)
	io.netty.channel.AbstractChannelHandlerContext.invokeChannelRead(AbstractChannelHandlerContext.java:360)
	io.netty.channel.AbstractChannelHandlerContext.fireChannelRead(AbstractChannelHandlerContext.java:352)
	io.netty.channel.DefaultChannelPipeline$HeadContext.channelRead(DefaultChannelPipeline.java:1408)
	io.netty.channel.AbstractChannelHandlerContext.invokeChannelRead(AbstractChannelHandlerContext.java:374)
	io.netty.channel.AbstractChannelHandlerContext.invokeChannelRead(AbstractChannelHandlerContext.java:360)
	io.netty.channel.DefaultChannelPipeline.fireChannelRead(DefaultChannelPipeline.java:930)
	io.netty.channel.nio.AbstractNioByteChannel$NioByteUnsafe.read(AbstractNioByteChannel.java:163)
	io.netty.channel.nio.NioEventLoop.processSelectedKey(NioEventLoop.java:682)
	io.netty.channel.nio.NioEventLoop.processSelectedKeysOptimized(NioEventLoop.java:617)
	io.netty.channel.nio.NioEventLoop.processSelectedKeys(NioEventLoop.java:534)
	io.netty.channel.nio.NioEventLoop.run(NioEventLoop.java:496)
	io.netty.util.concurrent.SingleThreadEventExecutor$5.run(SingleThreadEventExecutor.java:906)
	io.netty.util.internal.ThreadExecutorMap$2.run(ThreadExecutorMap.java:74)
	io.netty.util.concurrent.FastThreadLocalRunnable.run(FastThreadLocalRunnable.java:30)
	java.lang.Thread.run(Thread.java:748)
Created at:
	io.netty.buffer.SimpleLeakAwareByteBuf.unwrappedDerived(SimpleLeakAwareByteBuf.java:143)
	io.netty.buffer.SimpleLeakAwareByteBuf.readRetainedSlice(SimpleLeakAwareByteBuf.java:67)
	io.netty.buffer.AdvancedLeakAwareByteBuf.readRetainedSlice(AdvancedLeakAwareByteBuf.java:107)
	io.netty.handler.codec.http.HttpObjectDecoder.decode(HttpObjectDecoder.java:336)
	io.netty.handler.codec.http.HttpServerCodec$HttpServerRequestDecoder.decode(HttpServerCodec.java:103)
	io.netty.handler.codec.ByteToMessageDecoder.decodeRemovalReentryProtection(ByteToMessageDecoder.java:502)
	io.netty.handler.codec.ByteToMessageDecoder.callDecode(ByteToMessageDecoder.java:441)
	io.netty.handler.codec.ByteToMessageDecoder.channelRead(ByteToMessageDecoder.java:278)
	io.netty.channel.CombinedChannelDuplexHandler.channelRead(CombinedChannelDuplexHandler.java:253)
	io.netty.channel.AbstractChannelHandlerContext.invokeChannelRead(AbstractChannelHandlerContext.java:374)
	io.netty.channel.AbstractChannelHandlerContext.invokeChannelRead(AbstractChannelHandlerContext.java:360)
	io.netty.channel.AbstractChannelHandlerContext.fireChannelRead(AbstractChannelHandlerContext.java:352)
	io.netty.channel.DefaultChannelPipeline$HeadContext.channelRead(DefaultChannelPipeline.java:1408)
	io.netty.channel.AbstractChannelHandlerContext.invokeChannelRead(AbstractChannelHandlerContext.java:374)
	io.netty.channel.AbstractChannelHandlerContext.invokeChannelRead(AbstractChannelHandlerContext.java:360)
	io.netty.channel.DefaultChannelPipeline.fireChannelRead(DefaultChannelPipeline.java:930)
	io.netty.channel.nio.AbstractNioByteChannel$NioByteUnsafe.read(AbstractNioByteChannel.java:163)
	io.netty.channel.nio.NioEventLoop.processSelectedKey(NioEventLoop.java:682)
	io.netty.channel.nio.NioEventLoop.processSelectedKeysOptimized(NioEventLoop.java:617)
	io.netty.channel.nio.NioEventLoop.processSelectedKeys(NioEventLoop.java:534)
	io.netty.channel.nio.NioEventLoop.run(NioEventLoop.java:496)
	io.netty.util.concurrent.SingleThreadEventExecutor$5.run(SingleThreadEventExecutor.java:906)
	io.netty.util.internal.ThreadExecutorMap$2.run(ThreadExecutorMap.java:74)
	io.netty.util.concurrent.FastThreadLocalRunnable.run(FastThreadLocalRunnable.java:30)
	java.lang.Thread.run(Thread.java:748)
: 10 leak records were discarded because they were duplicates
: 3785 leak records were discarded because the leak record count is targeted to 4. Use system property io.netty.leakDetection.targetRecords to increase the limit.
22:42:57.834 [reactor-http-nio-6] ERROR i.n.u.ResourceLeakDetector - LEAK: ByteBuf.release() was not called before it's garbage-collected. See http://netty.io/wiki/reference-counted-objects.html for more information.
Recent access records: 
#1:
	io.netty.buffer.AdvancedLeakAwareByteBuf.order(AdvancedLeakAwareByteBuf.java:70)
	io.netty.buffer.CompositeByteBuf.newComponent(CompositeByteBuf.java:318)
	io.netty.buffer.CompositeByteBuf.addComponent0(CompositeByteBuf.java:280)
	io.netty.buffer.CompositeByteBuf.addComponent(CompositeByteBuf.java:265)
	io.netty.buffer.CompositeByteBuf.addComponent(CompositeByteBuf.java:222)
	io.netty.buffer.WrappedCompositeByteBuf.addComponent(WrappedCompositeByteBuf.java:529)
	io.netty.buffer.AdvancedLeakAwareCompositeByteBuf.addComponent(AdvancedLeakAwareCompositeByteBuf.java:921)
	org.springframework.core.io.buffer.NettyDataBufferFactory.join(NettyDataBufferFactory.java:111)
	org.springframework.core.io.buffer.DataBufferUtils.joinAndStrip(DataBufferUtils.java:686)
	org.springframework.core.io.buffer.DataBufferUtils.lambda$split$20(DataBufferUtils.java:605)
	reactor.core.publisher.FluxMap$MapConditionalSubscriber.onNext(FluxMap.java:199)
	reactor.core.publisher.FluxBufferPredicate$BufferPredicateSubscriber.emit(FluxBufferPredicate.java:290)
	reactor.core.publisher.FluxBufferPredicate$BufferPredicateSubscriber.onNextNewBuffer(FluxBufferPredicate.java:257)
	reactor.core.publisher.FluxBufferPredicate$BufferPredicateSubscriber.tryOnNext(FluxBufferPredicate.java:211)
	reactor.core.publisher.FluxBufferPredicate$BufferPredicateSubscriber.onNext(FluxBufferPredicate.java:184)
	reactor.core.publisher.FluxFlatMap$FlatMapMain.drainLoop(FluxFlatMap.java:664)
	reactor.core.publisher.FluxFlatMap$FlatMapMain.drain(FluxFlatMap.java:540)
	reactor.core.publisher.FluxFlatMap$FlatMapInner.onSubscribe(FluxFlatMap.java:924)
	reactor.core.publisher.FluxIterable.subscribe(FluxIterable.java:139)
	reactor.core.publisher.FluxIterable.subscribe(FluxIterable.java:63)
	reactor.core.publisher.Flux.subscribe(Flux.java:7922)
	reactor.core.publisher.FluxFlatMap$FlatMapMain.onNext(FluxFlatMap.java:389)
	reactor.core.publisher.FluxConcatMap$ConcatMapImmediate.innerNext(FluxConcatMap.java:275)
	reactor.core.publisher.FluxConcatMap$ConcatMapInner.onNext(FluxConcatMap.java:849)
	reactor.core.publisher.FluxConcatMap$WeakScalarSubscription.request(FluxConcatMap.java:470)
	reactor.core.publisher.Operators$MultiSubscriptionSubscriber.set(Operators.java:1939)
	reactor.core.publisher.FluxConcatMap$ConcatMapImmediate.drain(FluxConcatMap.java:436)
	reactor.core.publisher.FluxConcatMap$ConcatMapImmediate.onNext(FluxConcatMap.java:244)
	reactor.core.publisher.FluxMap$MapSubscriber.onNext(FluxMap.java:114)
	reactor.core.publisher.FluxPeek$PeekSubscriber.onNext(FluxPeek.java:192)
	reactor.core.publisher.FluxMap$MapSubscriber.onNext(FluxMap.java:114)
	reactor.netty.channel.FluxReceive.drainReceiver(FluxReceive.java:206)
	reactor.netty.channel.FluxReceive.onInboundNext(FluxReceive.java:322)
	reactor.netty.channel.ChannelOperations.onInboundNext(ChannelOperations.java:335)
	reactor.netty.http.server.HttpServerOperations.onInboundNext(HttpServerOperations.java:456)
	reactor.netty.channel.ChannelOperationsHandler.channelRead(ChannelOperationsHandler.java:91)
	io.netty.channel.AbstractChannelHandlerContext.invokeChannelRead(AbstractChannelHandlerContext.java:374)
	io.netty.channel.AbstractChannelHandlerContext.invokeChannelRead(AbstractChannelHandlerContext.java:360)
	io.netty.channel.AbstractChannelHandlerContext.fireChannelRead(AbstractChannelHandlerContext.java:352)
	reactor.netty.http.server.HttpTrafficHandler.channelRead(HttpTrafficHandler.java:190)
	io.netty.channel.AbstractChannelHandlerContext.invokeChannelRead(AbstractChannelHandlerContext.java:374)
	io.netty.channel.AbstractChannelHandlerContext.invokeChannelRead(AbstractChannelHandlerContext.java:360)
	io.netty.channel.AbstractChannelHandlerContext.fireChannelRead(AbstractChannelHandlerContext.java:352)
	io.netty.channel.CombinedChannelDuplexHandler$DelegatingChannelHandlerContext.fireChannelRead(CombinedChannelDuplexHandler.java:438)
	io.netty.handler.codec.ByteToMessageDecoder.fireChannelRead(ByteToMessageDecoder.java:323)
	io.netty.handler.codec.ByteToMessageDecoder.fireChannelRead(ByteToMessageDecoder.java:310)
	io.netty.handler.codec.ByteToMessageDecoder.callDecode(ByteToMessageDecoder.java:426)
	io.netty.handler.codec.ByteToMessageDecoder.channelRead(ByteToMessageDecoder.java:278)
	io.netty.channel.CombinedChannelDuplexHandler.channelRead(CombinedChannelDuplexHandler.java:253)
	io.netty.channel.AbstractChannelHandlerContext.invokeChannelRead(AbstractChannelHandlerContext.java:374)
	io.netty.channel.AbstractChannelHandlerContext.invokeChannelRead(AbstractChannelHandlerContext.java:360)
	io.netty.channel.AbstractChannelHandlerContext.fireChannelRead(AbstractChannelHandlerContext.java:352)
	io.netty.channel.DefaultChannelPipeline$HeadContext.channelRead(DefaultChannelPipeline.java:1408)
	io.netty.channel.AbstractChannelHandlerContext.invokeChannelRead(AbstractChannelHandlerContext.java:374)
	io.netty.channel.AbstractChannelHandlerContext.invokeChannelRead(AbstractChannelHandlerContext.java:360)
	io.netty.channel.DefaultChannelPipeline.fireChannelRead(DefaultChannelPipeline.java:930)
	io.netty.channel.nio.AbstractNioByteChannel$NioByteUnsafe.read(AbstractNioByteChannel.java:163)
	io.netty.channel.nio.NioEventLoop.processSelectedKey(NioEventLoop.java:682)
	io.netty.channel.nio.NioEventLoop.processSelectedKeysOptimized(NioEventLoop.java:617)
	io.netty.channel.nio.NioEventLoop.processSelectedKeys(NioEventLoop.java:534)
	io.netty.channel.nio.NioEventLoop.run(NioEventLoop.java:496)
	io.netty.util.concurrent.SingleThreadEventExecutor$5.run(SingleThreadEventExecutor.java:906)
	io.netty.util.internal.ThreadExecutorMap$2.run(ThreadExecutorMap.java:74)
	io.netty.util.concurrent.FastThreadLocalRunnable.run(FastThreadLocalRunnable.java:30)
	java.lang.Thread.run(Thread.java:748)
#2:
	io.netty.buffer.AdvancedLeakAwareByteBuf.getByte(AdvancedLeakAwareByteBuf.java:154)
	org.springframework.core.io.buffer.NettyDataBuffer.getByte(NettyDataBuffer.java:132)
	org.springframework.core.io.buffer.DataBufferUtils$KnuthMorrisPrattMatcher.match(DataBufferUtils.java:1005)
	org.springframework.core.io.buffer.DataBufferUtils.endFrameAfterDelimiter(DataBufferUtils.java:634)
	org.springframework.core.io.buffer.DataBufferUtils.lambda$split$18(DataBufferUtils.java:603)
	reactor.core.publisher.FluxFlatMap$FlatMapMain.onNext(FluxFlatMap.java:350)
	reactor.core.publisher.FluxConcatMap$ConcatMapImmediate.innerNext(FluxConcatMap.java:275)
	reactor.core.publisher.FluxConcatMap$ConcatMapInner.onNext(FluxConcatMap.java:849)
	reactor.core.publisher.FluxConcatMap$WeakScalarSubscription.request(FluxConcatMap.java:470)
	reactor.core.publisher.Operators$MultiSubscriptionSubscriber.set(Operators.java:1939)
	reactor.core.publisher.FluxConcatMap$ConcatMapImmediate.drain(FluxConcatMap.java:436)
	reactor.core.publisher.FluxConcatMap$ConcatMapImmediate.onNext(FluxConcatMap.java:244)
	reactor.core.publisher.FluxMap$MapSubscriber.onNext(FluxMap.java:114)
	reactor.core.publisher.FluxPeek$PeekSubscriber.onNext(FluxPeek.java:192)
	reactor.core.publisher.FluxMap$MapSubscriber.onNext(FluxMap.java:114)
	reactor.netty.channel.FluxReceive.drainReceiver(FluxReceive.java:206)
	reactor.netty.channel.FluxReceive.onInboundNext(FluxReceive.java:322)
	reactor.netty.channel.ChannelOperations.onInboundNext(ChannelOperations.java:335)
	reactor.netty.http.server.HttpServerOperations.onInboundNext(HttpServerOperations.java:456)
	reactor.netty.channel.ChannelOperationsHandler.channelRead(ChannelOperationsHandler.java:91)
	io.netty.channel.AbstractChannelHandlerContext.invokeChannelRead(AbstractChannelHandlerContext.java:374)
	io.netty.channel.AbstractChannelHandlerContext.invokeChannelRead(AbstractChannelHandlerContext.java:360)
	io.netty.channel.AbstractChannelHandlerContext.fireChannelRead(AbstractChannelHandlerContext.java:352)
	reactor.netty.http.server.HttpTrafficHandler.channelRead(HttpTrafficHandler.java:190)
	io.netty.channel.AbstractChannelHandlerContext.invokeChannelRead(AbstractChannelHandlerContext.java:374)
	io.netty.channel.AbstractChannelHandlerContext.invokeChannelRead(AbstractChannelHandlerContext.java:360)
	io.netty.channel.AbstractChannelHandlerContext.fireChannelRead(AbstractChannelHandlerContext.java:352)
	io.netty.channel.CombinedChannelDuplexHandler$DelegatingChannelHandlerContext.fireChannelRead(CombinedChannelDuplexHandler.java:438)
	io.netty.handler.codec.ByteToMessageDecoder.fireChannelRead(ByteToMessageDecoder.java:323)
	io.netty.handler.codec.ByteToMessageDecoder.fireChannelRead(ByteToMessageDecoder.java:310)
	io.netty.handler.codec.ByteToMessageDecoder.callDecode(ByteToMessageDecoder.java:426)
	io.netty.handler.codec.ByteToMessageDecoder.channelRead(ByteToMessageDecoder.java:278)
	io.netty.channel.CombinedChannelDuplexHandler.channelRead(CombinedChannelDuplexHandler.java:253)
	io.netty.channel.AbstractChannelHandlerContext.invokeChannelRead(AbstractChannelHandlerContext.java:374)
	io.netty.channel.AbstractChannelHandlerContext.invokeChannelRead(AbstractChannelHandlerContext.java:360)
	io.netty.channel.AbstractChannelHandlerContext.fireChannelRead(AbstractChannelHandlerContext.java:352)
	io.netty.channel.DefaultChannelPipeline$HeadContext.channelRead(DefaultChannelPipeline.java:1408)
	io.netty.channel.AbstractChannelHandlerContext.invokeChannelRead(AbstractChannelHandlerContext.java:374)
	io.netty.channel.AbstractChannelHandlerContext.invokeChannelRead(AbstractChannelHandlerContext.java:360)
	io.netty.channel.DefaultChannelPipeline.fireChannelRead(DefaultChannelPipeline.java:930)
	io.netty.channel.nio.AbstractNioByteChannel$NioByteUnsafe.read(AbstractNioByteChannel.java:163)
	io.netty.channel.nio.NioEventLoop.processSelectedKey(NioEventLoop.java:682)
	io.netty.channel.nio.NioEventLoop.processSelectedKeysOptimized(NioEventLoop.java:617)
	io.netty.channel.nio.NioEventLoop.processSelectedKeys(NioEventLoop.java:534)
	io.netty.channel.nio.NioEventLoop.run(NioEventLoop.java:496)
	io.netty.util.concurrent.SingleThreadEventExecutor$5.run(SingleThreadEventExecutor.java:906)
	io.netty.util.internal.ThreadExecutorMap$2.run(ThreadExecutorMap.java:74)
	io.netty.util.concurrent.FastThreadLocalRunnable.run(FastThreadLocalRunnable.java:30)
	java.lang.Thread.run(Thread.java:748)
#3:
	org.springframework.core.io.buffer.NettyDataBufferFactory.wrap(NettyDataBufferFactory.java:93)
	reactor.core.publisher.FluxMap$MapSubscriber.onNext(FluxMap.java:100)
	reactor.core.publisher.FluxPeek$PeekSubscriber.onNext(FluxPeek.java:192)
	reactor.core.publisher.FluxMap$MapSubscriber.onNext(FluxMap.java:114)
	reactor.netty.channel.FluxReceive.drainReceiver(FluxReceive.java:206)
	reactor.netty.channel.FluxReceive.onInboundNext(FluxReceive.java:322)
	reactor.netty.channel.ChannelOperations.onInboundNext(ChannelOperations.java:335)
	reactor.netty.http.server.HttpServerOperations.onInboundNext(HttpServerOperations.java:456)
	reactor.netty.channel.ChannelOperationsHandler.channelRead(ChannelOperationsHandler.java:91)
	io.netty.channel.AbstractChannelHandlerContext.invokeChannelRead(AbstractChannelHandlerContext.java:374)
	io.netty.channel.AbstractChannelHandlerContext.invokeChannelRead(AbstractChannelHandlerContext.java:360)
	io.netty.channel.AbstractChannelHandlerContext.fireChannelRead(AbstractChannelHandlerContext.java:352)
	reactor.netty.http.server.HttpTrafficHandler.channelRead(HttpTrafficHandler.java:190)
	io.netty.channel.AbstractChannelHandlerContext.invokeChannelRead(AbstractChannelHandlerContext.java:374)
	io.netty.channel.AbstractChannelHandlerContext.invokeChannelRead(AbstractChannelHandlerContext.java:360)
	io.netty.channel.AbstractChannelHandlerContext.fireChannelRead(AbstractChannelHandlerContext.java:352)
	io.netty.channel.CombinedChannelDuplexHandler$DelegatingChannelHandlerContext.fireChannelRead(CombinedChannelDuplexHandler.java:438)
	io.netty.handler.codec.ByteToMessageDecoder.fireChannelRead(ByteToMessageDecoder.java:323)
	io.netty.handler.codec.ByteToMessageDecoder.fireChannelRead(ByteToMessageDecoder.java:310)
	io.netty.handler.codec.ByteToMessageDecoder.callDecode(ByteToMessageDecoder.java:426)
	io.netty.handler.codec.ByteToMessageDecoder.channelRead(ByteToMessageDecoder.java:278)
	io.netty.channel.CombinedChannelDuplexHandler.channelRead(CombinedChannelDuplexHandler.java:253)
	io.netty.channel.AbstractChannelHandlerContext.invokeChannelRead(AbstractChannelHandlerContext.java:374)
	io.netty.channel.AbstractChannelHandlerContext.invokeChannelRead(AbstractChannelHandlerContext.java:360)
	io.netty.channel.AbstractChannelHandlerContext.fireChannelRead(AbstractChannelHandlerContext.java:352)
	io.netty.channel.DefaultChannelPipeline$HeadContext.channelRead(DefaultChannelPipeline.java:1408)
	io.netty.channel.AbstractChannelHandlerContext.invokeChannelRead(AbstractChannelHandlerContext.java:374)
	io.netty.channel.AbstractChannelHandlerContext.invokeChannelRead(AbstractChannelHandlerContext.java:360)
	io.netty.channel.DefaultChannelPipeline.fireChannelRead(DefaultChannelPipeline.java:930)
	io.netty.channel.nio.AbstractNioByteChannel$NioByteUnsafe.read(AbstractNioByteChannel.java:163)
	io.netty.channel.nio.NioEventLoop.processSelectedKey(NioEventLoop.java:682)
	io.netty.channel.nio.NioEventLoop.processSelectedKeysOptimized(NioEventLoop.java:617)
	io.netty.channel.nio.NioEventLoop.processSelectedKeys(NioEventLoop.java:534)
	io.netty.channel.nio.NioEventLoop.run(NioEventLoop.java:496)
	io.netty.util.concurrent.SingleThreadEventExecutor$5.run(SingleThreadEventExecutor.java:906)
	io.netty.util.internal.ThreadExecutorMap$2.run(ThreadExecutorMap.java:74)
	io.netty.util.concurrent.FastThreadLocalRunnable.run(FastThreadLocalRunnable.java:30)
	java.lang.Thread.run(Thread.java:748)
#4:
	reactor.core.publisher.FluxPeek$PeekSubscriber.onNext(FluxPeek.java:177)
	reactor.core.publisher.FluxMap$MapSubscriber.onNext(FluxMap.java:114)
	reactor.netty.channel.FluxReceive.drainReceiver(FluxReceive.java:206)
	reactor.netty.channel.FluxReceive.onInboundNext(FluxReceive.java:322)
	reactor.netty.channel.ChannelOperations.onInboundNext(ChannelOperations.java:335)
	reactor.netty.http.server.HttpServerOperations.onInboundNext(HttpServerOperations.java:456)
	reactor.netty.channel.ChannelOperationsHandler.channelRead(ChannelOperationsHandler.java:91)
	io.netty.channel.AbstractChannelHandlerContext.invokeChannelRead(AbstractChannelHandlerContext.java:374)
	io.netty.channel.AbstractChannelHandlerContext.invokeChannelRead(AbstractChannelHandlerContext.java:360)
	io.netty.channel.AbstractChannelHandlerContext.fireChannelRead(AbstractChannelHandlerContext.java:352)
	reactor.netty.http.server.HttpTrafficHandler.channelRead(HttpTrafficHandler.java:190)
	io.netty.channel.AbstractChannelHandlerContext.invokeChannelRead(AbstractChannelHandlerContext.java:374)
	io.netty.channel.AbstractChannelHandlerContext.invokeChannelRead(AbstractChannelHandlerContext.java:360)
	io.netty.channel.AbstractChannelHandlerContext.fireChannelRead(AbstractChannelHandlerContext.java:352)
	io.netty.channel.CombinedChannelDuplexHandler$DelegatingChannelHandlerContext.fireChannelRead(CombinedChannelDuplexHandler.java:438)
	io.netty.handler.codec.ByteToMessageDecoder.fireChannelRead(ByteToMessageDecoder.java:323)
	io.netty.handler.codec.ByteToMessageDecoder.fireChannelRead(ByteToMessageDecoder.java:310)
	io.netty.handler.codec.ByteToMessageDecoder.callDecode(ByteToMessageDecoder.java:426)
	io.netty.handler.codec.ByteToMessageDecoder.channelRead(ByteToMessageDecoder.java:278)
	io.netty.channel.CombinedChannelDuplexHandler.channelRead(CombinedChannelDuplexHandler.java:253)
	io.netty.channel.AbstractChannelHandlerContext.invokeChannelRead(AbstractChannelHandlerContext.java:374)
	io.netty.channel.AbstractChannelHandlerContext.invokeChannelRead(AbstractChannelHandlerContext.java:360)
	io.netty.channel.AbstractChannelHandlerContext.fireChannelRead(AbstractChannelHandlerContext.java:352)
	io.netty.channel.DefaultChannelPipeline$HeadContext.channelRead(DefaultChannelPipeline.java:1408)
	io.netty.channel.AbstractChannelHandlerContext.invokeChannelRead(AbstractChannelHandlerContext.java:374)
	io.netty.channel.AbstractChannelHandlerContext.invokeChannelRead(AbstractChannelHandlerContext.java:360)
	io.netty.channel.DefaultChannelPipeline.fireChannelRead(DefaultChannelPipeline.java:930)
	io.netty.channel.nio.AbstractNioByteChannel$NioByteUnsafe.read(AbstractNioByteChannel.java:163)
	io.netty.channel.nio.NioEventLoop.processSelectedKey(NioEventLoop.java:682)
	io.netty.channel.nio.NioEventLoop.processSelectedKeysOptimized(NioEventLoop.java:617)
	io.netty.channel.nio.NioEventLoop.processSelectedKeys(NioEventLoop.java:534)
	io.netty.channel.nio.NioEventLoop.run(NioEventLoop.java:496)
	io.netty.util.concurrent.SingleThreadEventExecutor$5.run(SingleThreadEventExecutor.java:906)
	io.netty.util.internal.ThreadExecutorMap$2.run(ThreadExecutorMap.java:74)
	io.netty.util.concurrent.FastThreadLocalRunnable.run(FastThreadLocalRunnable.java:30)
	java.lang.Thread.run(Thread.java:748)
#5:
	Hint: 'reactor.right.reactiveBridge' will handle the message from this point.
	io.netty.handler.codec.http.DefaultHttpContent.touch(DefaultHttpContent.java:88)
	io.netty.handler.codec.http.DefaultHttpContent.touch(DefaultHttpContent.java:24)
	io.netty.channel.DefaultChannelPipeline.touch(DefaultChannelPipeline.java:116)
	io.netty.channel.AbstractChannelHandlerContext.invokeChannelRead(AbstractChannelHandlerContext.java:357)
	io.netty.channel.AbstractChannelHandlerContext.fireChannelRead(AbstractChannelHandlerContext.java:352)
	reactor.netty.http.server.HttpTrafficHandler.channelRead(HttpTrafficHandler.java:190)
	io.netty.channel.AbstractChannelHandlerContext.invokeChannelRead(AbstractChannelHandlerContext.java:374)
	io.netty.channel.AbstractChannelHandlerContext.invokeChannelRead(AbstractChannelHandlerContext.java:360)
	io.netty.channel.AbstractChannelHandlerContext.fireChannelRead(AbstractChannelHandlerContext.java:352)
	io.netty.channel.CombinedChannelDuplexHandler$DelegatingChannelHandlerContext.fireChannelRead(CombinedChannelDuplexHandler.java:438)
	io.netty.handler.codec.ByteToMessageDecoder.fireChannelRead(ByteToMessageDecoder.java:323)
	io.netty.handler.codec.ByteToMessageDecoder.fireChannelRead(ByteToMessageDecoder.java:310)
	io.netty.handler.codec.ByteToMessageDecoder.callDecode(ByteToMessageDecoder.java:426)
	io.netty.handler.codec.ByteToMessageDecoder.channelRead(ByteToMessageDecoder.java:278)
	io.netty.channel.CombinedChannelDuplexHandler.channelRead(CombinedChannelDuplexHandler.java:253)
	io.netty.channel.AbstractChannelHandlerContext.invokeChannelRead(AbstractChannelHandlerContext.java:374)
	io.netty.channel.AbstractChannelHandlerContext.invokeChannelRead(AbstractChannelHandlerContext.java:360)
	io.netty.channel.AbstractChannelHandlerContext.fireChannelRead(AbstractChannelHandlerContext.java:352)
	io.netty.channel.DefaultChannelPipeline$HeadContext.channelRead(DefaultChannelPipeline.java:1408)
	io.netty.channel.AbstractChannelHandlerContext.invokeChannelRead(AbstractChannelHandlerContext.java:374)
	io.netty.channel.AbstractChannelHandlerContext.invokeChannelRead(AbstractChannelHandlerContext.java:360)
	io.netty.channel.DefaultChannelPipeline.fireChannelRead(DefaultChannelPipeline.java:930)
	io.netty.channel.nio.AbstractNioByteChannel$NioByteUnsafe.read(AbstractNioByteChannel.java:163)
	io.netty.channel.nio.NioEventLoop.processSelectedKey(NioEventLoop.java:682)
	io.netty.channel.nio.NioEventLoop.processSelectedKeysOptimized(NioEventLoop.java:617)
	io.netty.channel.nio.NioEventLoop.processSelectedKeys(NioEventLoop.java:534)
	io.netty.channel.nio.NioEventLoop.run(NioEventLoop.java:496)
	io.netty.util.concurrent.SingleThreadEventExecutor$5.run(SingleThreadEventExecutor.java:906)
	io.netty.util.internal.ThreadExecutorMap$2.run(ThreadExecutorMap.java:74)
	io.netty.util.concurrent.FastThreadLocalRunnable.run(FastThreadLocalRunnable.java:30)
	java.lang.Thread.run(Thread.java:748)
#6:
	Hint: 'reactor.left.httpTrafficHandler' will handle the message from this point.
	io.netty.handler.codec.http.DefaultHttpContent.touch(DefaultHttpContent.java:88)
	io.netty.handler.codec.http.DefaultHttpContent.touch(DefaultHttpContent.java:24)
	io.netty.channel.DefaultChannelPipeline.touch(DefaultChannelPipeline.java:116)
	io.netty.channel.AbstractChannelHandlerContext.invokeChannelRead(AbstractChannelHandlerContext.java:357)
	io.netty.channel.AbstractChannelHandlerContext.fireChannelRead(AbstractChannelHandlerContext.java:352)
	io.netty.channel.CombinedChannelDuplexHandler$DelegatingChannelHandlerContext.fireChannelRead(CombinedChannelDuplexHandler.java:438)
	io.netty.handler.codec.ByteToMessageDecoder.fireChannelRead(ByteToMessageDecoder.java:323)
	io.netty.handler.codec.ByteToMessageDecoder.fireChannelRead(ByteToMessageDecoder.java:310)
	io.netty.handler.codec.ByteToMessageDecoder.callDecode(ByteToMessageDecoder.java:426)
	io.netty.handler.codec.ByteToMessageDecoder.channelRead(ByteToMessageDecoder.java:278)
	io.netty.channel.CombinedChannelDuplexHandler.channelRead(CombinedChannelDuplexHandler.java:253)
	io.netty.channel.AbstractChannelHandlerContext.invokeChannelRead(AbstractChannelHandlerContext.java:374)
	io.netty.channel.AbstractChannelHandlerContext.invokeChannelRead(AbstractChannelHandlerContext.java:360)
	io.netty.channel.AbstractChannelHandlerContext.fireChannelRead(AbstractChannelHandlerContext.java:352)
	io.netty.channel.DefaultChannelPipeline$HeadContext.channelRead(DefaultChannelPipeline.java:1408)
	io.netty.channel.AbstractChannelHandlerContext.invokeChannelRead(AbstractChannelHandlerContext.java:374)
	io.netty.channel.AbstractChannelHandlerContext.invokeChannelRead(AbstractChannelHandlerContext.java:360)
	io.netty.channel.DefaultChannelPipeline.fireChannelRead(DefaultChannelPipeline.java:930)
	io.netty.channel.nio.AbstractNioByteChannel$NioByteUnsafe.read(AbstractNioByteChannel.java:163)
	io.netty.channel.nio.NioEventLoop.processSelectedKey(NioEventLoop.java:682)
	io.netty.channel.nio.NioEventLoop.processSelectedKeysOptimized(NioEventLoop.java:617)
	io.netty.channel.nio.NioEventLoop.processSelectedKeys(NioEventLoop.java:534)
	io.netty.channel.nio.NioEventLoop.run(NioEventLoop.java:496)
	io.netty.util.concurrent.SingleThreadEventExecutor$5.run(SingleThreadEventExecutor.java:906)
	io.netty.util.internal.ThreadExecutorMap$2.run(ThreadExecutorMap.java:74)
	io.netty.util.concurrent.FastThreadLocalRunnable.run(FastThreadLocalRunnable.java:30)
	java.lang.Thread.run(Thread.java:748)
Created at:
	io.netty.buffer.SimpleLeakAwareByteBuf.unwrappedDerived(SimpleLeakAwareByteBuf.java:143)
	io.netty.buffer.SimpleLeakAwareByteBuf.readRetainedSlice(SimpleLeakAwareByteBuf.java:67)
	io.netty.buffer.AdvancedLeakAwareByteBuf.readRetainedSlice(AdvancedLeakAwareByteBuf.java:107)
	io.netty.handler.codec.http.HttpObjectDecoder.decode(HttpObjectDecoder.java:336)
	io.netty.handler.codec.http.HttpServerCodec$HttpServerRequestDecoder.decode(HttpServerCodec.java:103)
	io.netty.handler.codec.ByteToMessageDecoder.decodeRemovalReentryProtection(ByteToMessageDecoder.java:502)
	io.netty.handler.codec.ByteToMessageDecoder.callDecode(ByteToMessageDecoder.java:441)
	io.netty.handler.codec.ByteToMessageDecoder.channelRead(ByteToMessageDecoder.java:278)
	io.netty.channel.CombinedChannelDuplexHandler.channelRead(CombinedChannelDuplexHandler.java:253)
	io.netty.channel.AbstractChannelHandlerContext.invokeChannelRead(AbstractChannelHandlerContext.java:374)
	io.netty.channel.AbstractChannelHandlerContext.invokeChannelRead(AbstractChannelHandlerContext.java:360)
	io.netty.channel.AbstractChannelHandlerContext.fireChannelRead(AbstractChannelHandlerContext.java:352)
	io.netty.channel.DefaultChannelPipeline$HeadContext.channelRead(DefaultChannelPipeline.java:1408)
	io.netty.channel.AbstractChannelHandlerContext.invokeChannelRead(AbstractChannelHandlerContext.java:374)
	io.netty.channel.AbstractChannelHandlerContext.invokeChannelRead(AbstractChannelHandlerContext.java:360)
	io.netty.channel.DefaultChannelPipeline.fireChannelRead(DefaultChannelPipeline.java:930)
	io.netty.channel.nio.AbstractNioByteChannel$NioByteUnsafe.read(AbstractNioByteChannel.java:163)
	io.netty.channel.nio.NioEventLoop.processSelectedKey(NioEventLoop.java:682)
	io.netty.channel.nio.NioEventLoop.processSelectedKeysOptimized(NioEventLoop.java:617)
	io.netty.channel.nio.NioEventLoop.processSelectedKeys(NioEventLoop.java:534)
	io.netty.channel.nio.NioEventLoop.run(NioEventLoop.java:496)
	io.netty.util.concurrent.SingleThreadEventExecutor$5.run(SingleThreadEventExecutor.java:906)
	io.netty.util.internal.ThreadExecutorMap$2.run(ThreadExecutorMap.java:74)
	io.netty.util.concurrent.FastThreadLocalRunnable.run(FastThreadLocalRunnable.java:30)
	java.lang.Thread.run(Thread.java:748)
: 8 leak records were discarded because they were duplicates
: 4090 leak records were discarded because the leak record count is targeted to 4. Use system property io.netty.leakDetection.targetRecords to increase the limit.
22:42:57.837 [reactor-http-nio-6] ERROR i.n.u.ResourceLeakDetector - LEAK: ByteBuf.release() was not called before it's garbage-collected. See http://netty.io/wiki/reference-counted-objects.html for more information.
Recent access records: 
#1:
	io.netty.buffer.AdvancedLeakAwareByteBuf.order(AdvancedLeakAwareByteBuf.java:70)
	io.netty.buffer.CompositeByteBuf.newComponent(CompositeByteBuf.java:318)
	io.netty.buffer.CompositeByteBuf.addComponent0(CompositeByteBuf.java:280)
	io.netty.buffer.CompositeByteBuf.addComponent(CompositeByteBuf.java:265)
	io.netty.buffer.CompositeByteBuf.addComponent(CompositeByteBuf.java:222)
	io.netty.buffer.WrappedCompositeByteBuf.addComponent(WrappedCompositeByteBuf.java:529)
	io.netty.buffer.AdvancedLeakAwareCompositeByteBuf.addComponent(AdvancedLeakAwareCompositeByteBuf.java:921)
	org.springframework.core.io.buffer.NettyDataBufferFactory.join(NettyDataBufferFactory.java:111)
	org.springframework.core.io.buffer.DataBufferUtils.joinAndStrip(DataBufferUtils.java:686)
	org.springframework.core.io.buffer.DataBufferUtils.lambda$split$20(DataBufferUtils.java:605)
	reactor.core.publisher.FluxMap$MapConditionalSubscriber.onNext(FluxMap.java:199)
	reactor.core.publisher.FluxBufferPredicate$BufferPredicateSubscriber.emit(FluxBufferPredicate.java:290)
	reactor.core.publisher.FluxBufferPredicate$BufferPredicateSubscriber.onNextNewBuffer(FluxBufferPredicate.java:257)
	reactor.core.publisher.FluxBufferPredicate$BufferPredicateSubscriber.tryOnNext(FluxBufferPredicate.java:211)
	reactor.core.publisher.FluxBufferPredicate$BufferPredicateSubscriber.onNext(FluxBufferPredicate.java:184)
	reactor.core.publisher.FluxFlatMap$FlatMapMain.drainLoop(FluxFlatMap.java:664)
	reactor.core.publisher.FluxFlatMap$FlatMapMain.drain(FluxFlatMap.java:540)
	reactor.core.publisher.FluxFlatMap$FlatMapInner.onSubscribe(FluxFlatMap.java:924)
	reactor.core.publisher.FluxIterable.subscribe(FluxIterable.java:139)
	reactor.core.publisher.FluxIterable.subscribe(FluxIterable.java:63)
	reactor.core.publisher.Flux.subscribe(Flux.java:7922)
	reactor.core.publisher.FluxFlatMap$FlatMapMain.onNext(FluxFlatMap.java:389)
	reactor.core.publisher.FluxConcatMap$ConcatMapImmediate.innerNext(FluxConcatMap.java:275)
	reactor.core.publisher.FluxConcatMap$ConcatMapInner.onNext(FluxConcatMap.java:849)
	reactor.core.publisher.FluxConcatMap$WeakScalarSubscription.request(FluxConcatMap.java:470)
	reactor.core.publisher.Operators$MultiSubscriptionSubscriber.set(Operators.java:1939)
	reactor.core.publisher.FluxConcatMap$ConcatMapImmediate.drain(FluxConcatMap.java:436)
	reactor.core.publisher.FluxConcatMap$ConcatMapImmediate.onNext(FluxConcatMap.java:244)
	reactor.core.publisher.FluxMap$MapSubscriber.onNext(FluxMap.java:114)
	reactor.core.publisher.FluxPeek$PeekSubscriber.onNext(FluxPeek.java:192)
	reactor.core.publisher.FluxMap$MapSubscriber.onNext(FluxMap.java:114)
	reactor.netty.channel.FluxReceive.drainReceiver(FluxReceive.java:206)
	reactor.netty.channel.FluxReceive.onInboundNext(FluxReceive.java:322)
	reactor.netty.channel.ChannelOperations.onInboundNext(ChannelOperations.java:335)
	reactor.netty.http.server.HttpServerOperations.onInboundNext(HttpServerOperations.java:456)
	reactor.netty.channel.ChannelOperationsHandler.channelRead(ChannelOperationsHandler.java:91)
	io.netty.channel.AbstractChannelHandlerContext.invokeChannelRead(AbstractChannelHandlerContext.java:374)
	io.netty.channel.AbstractChannelHandlerContext.invokeChannelRead(AbstractChannelHandlerContext.java:360)
	io.netty.channel.AbstractChannelHandlerContext.fireChannelRead(AbstractChannelHandlerContext.java:352)
	reactor.netty.http.server.HttpTrafficHandler.channelRead(HttpTrafficHandler.java:190)
	io.netty.channel.AbstractChannelHandlerContext.invokeChannelRead(AbstractChannelHandlerContext.java:374)
	io.netty.channel.AbstractChannelHandlerContext.invokeChannelRead(AbstractChannelHandlerContext.java:360)
	io.netty.channel.AbstractChannelHandlerContext.fireChannelRead(AbstractChannelHandlerContext.java:352)
	io.netty.channel.CombinedChannelDuplexHandler$DelegatingChannelHandlerContext.fireChannelRead(CombinedChannelDuplexHandler.java:438)
	io.netty.handler.codec.ByteToMessageDecoder.fireChannelRead(ByteToMessageDecoder.java:323)
	io.netty.handler.codec.ByteToMessageDecoder.fireChannelRead(ByteToMessageDecoder.java:310)
	io.netty.handler.codec.ByteToMessageDecoder.callDecode(ByteToMessageDecoder.java:426)
	io.netty.handler.codec.ByteToMessageDecoder.channelRead(ByteToMessageDecoder.java:278)
	io.netty.channel.CombinedChannelDuplexHandler.channelRead(CombinedChannelDuplexHandler.java:253)
	io.netty.channel.AbstractChannelHandlerContext.invokeChannelRead(AbstractChannelHandlerContext.java:374)
	io.netty.channel.AbstractChannelHandlerContext.invokeChannelRead(AbstractChannelHandlerContext.java:360)
	io.netty.channel.AbstractChannelHandlerContext.fireChannelRead(AbstractChannelHandlerContext.java:352)
	io.netty.channel.DefaultChannelPipeline$HeadContext.channelRead(DefaultChannelPipeline.java:1408)
	io.netty.channel.AbstractChannelHandlerContext.invokeChannelRead(AbstractChannelHandlerContext.java:374)
	io.netty.channel.AbstractChannelHandlerContext.invokeChannelRead(AbstractChannelHandlerContext.java:360)
	io.netty.channel.DefaultChannelPipeline.fireChannelRead(DefaultChannelPipeline.java:930)
	io.netty.channel.nio.AbstractNioByteChannel$NioByteUnsafe.read(AbstractNioByteChannel.java:163)
	io.netty.channel.nio.NioEventLoop.processSelectedKey(NioEventLoop.java:682)
	io.netty.channel.nio.NioEventLoop.processSelectedKeysOptimized(NioEventLoop.java:617)
	io.netty.channel.nio.NioEventLoop.processSelectedKeys(NioEventLoop.java:534)
	io.netty.channel.nio.NioEventLoop.run(NioEventLoop.java:496)
	io.netty.util.concurrent.SingleThreadEventExecutor$5.run(SingleThreadEventExecutor.java:906)
	io.netty.util.internal.ThreadExecutorMap$2.run(ThreadExecutorMap.java:74)
	io.netty.util.concurrent.FastThreadLocalRunnable.run(FastThreadLocalRunnable.java:30)
	java.lang.Thread.run(Thread.java:748)
#2:
	io.netty.buffer.AdvancedLeakAwareByteBuf.getByte(AdvancedLeakAwareByteBuf.java:154)
	org.springframework.core.io.buffer.NettyDataBuffer.getByte(NettyDataBuffer.java:132)
	org.springframework.core.io.buffer.DataBufferUtils$KnuthMorrisPrattMatcher.match(DataBufferUtils.java:1005)
	org.springframework.core.io.buffer.DataBufferUtils.endFrameAfterDelimiter(DataBufferUtils.java:634)
	org.springframework.core.io.buffer.DataBufferUtils.lambda$split$18(DataBufferUtils.java:603)
	reactor.core.publisher.FluxFlatMap$FlatMapMain.onNext(FluxFlatMap.java:350)
	reactor.core.publisher.FluxConcatMap$ConcatMapImmediate.innerNext(FluxConcatMap.java:275)
	reactor.core.publisher.FluxConcatMap$ConcatMapInner.onNext(FluxConcatMap.java:849)
	reactor.core.publisher.FluxConcatMap$WeakScalarSubscription.request(FluxConcatMap.java:470)
	reactor.core.publisher.Operators$MultiSubscriptionSubscriber.set(Operators.java:1939)
	reactor.core.publisher.FluxConcatMap$ConcatMapImmediate.drain(FluxConcatMap.java:436)
	reactor.core.publisher.FluxConcatMap$ConcatMapImmediate.onNext(FluxConcatMap.java:244)
	reactor.core.publisher.FluxMap$MapSubscriber.onNext(FluxMap.java:114)
	reactor.core.publisher.FluxPeek$PeekSubscriber.onNext(FluxPeek.java:192)
	reactor.core.publisher.FluxMap$MapSubscriber.onNext(FluxMap.java:114)
	reactor.netty.channel.FluxReceive.drainReceiver(FluxReceive.java:206)
	reactor.netty.channel.FluxReceive.onInboundNext(FluxReceive.java:322)
	reactor.netty.channel.ChannelOperations.onInboundNext(ChannelOperations.java:335)
	reactor.netty.http.server.HttpServerOperations.onInboundNext(HttpServerOperations.java:456)
	reactor.netty.channel.ChannelOperationsHandler.channelRead(ChannelOperationsHandler.java:91)
	io.netty.channel.AbstractChannelHandlerContext.invokeChannelRead(AbstractChannelHandlerContext.java:374)
	io.netty.channel.AbstractChannelHandlerContext.invokeChannelRead(AbstractChannelHandlerContext.java:360)
	io.netty.channel.AbstractChannelHandlerContext.fireChannelRead(AbstractChannelHandlerContext.java:352)
	reactor.netty.http.server.HttpTrafficHandler.channelRead(HttpTrafficHandler.java:190)
	io.netty.channel.AbstractChannelHandlerContext.invokeChannelRead(AbstractChannelHandlerContext.java:374)
	io.netty.channel.AbstractChannelHandlerContext.invokeChannelRead(AbstractChannelHandlerContext.java:360)
	io.netty.channel.AbstractChannelHandlerContext.fireChannelRead(AbstractChannelHandlerContext.java:352)
	io.netty.channel.CombinedChannelDuplexHandler$DelegatingChannelHandlerContext.fireChannelRead(CombinedChannelDuplexHandler.java:438)
	io.netty.handler.codec.ByteToMessageDecoder.fireChannelRead(ByteToMessageDecoder.java:323)
	io.netty.handler.codec.ByteToMessageDecoder.fireChannelRead(ByteToMessageDecoder.java:310)
	io.netty.handler.codec.ByteToMessageDecoder.callDecode(ByteToMessageDecoder.java:426)
	io.netty.handler.codec.ByteToMessageDecoder.channelRead(ByteToMessageDecoder.java:278)
	io.netty.channel.CombinedChannelDuplexHandler.channelRead(CombinedChannelDuplexHandler.java:253)
	io.netty.channel.AbstractChannelHandlerContext.invokeChannelRead(AbstractChannelHandlerContext.java:374)
	io.netty.channel.AbstractChannelHandlerContext.invokeChannelRead(AbstractChannelHandlerContext.java:360)
	io.netty.channel.AbstractChannelHandlerContext.fireChannelRead(AbstractChannelHandlerContext.java:352)
	io.netty.channel.DefaultChannelPipeline$HeadContext.channelRead(DefaultChannelPipeline.java:1408)
	io.netty.channel.AbstractChannelHandlerContext.invokeChannelRead(AbstractChannelHandlerContext.java:374)
	io.netty.channel.AbstractChannelHandlerContext.invokeChannelRead(AbstractChannelHandlerContext.java:360)
	io.netty.channel.DefaultChannelPipeline.fireChannelRead(DefaultChannelPipeline.java:930)
	io.netty.channel.nio.AbstractNioByteChannel$NioByteUnsafe.read(AbstractNioByteChannel.java:163)
	io.netty.channel.nio.NioEventLoop.processSelectedKey(NioEventLoop.java:682)
	io.netty.channel.nio.NioEventLoop.processSelectedKeysOptimized(NioEventLoop.java:617)
	io.netty.channel.nio.NioEventLoop.processSelectedKeys(NioEventLoop.java:534)
	io.netty.channel.nio.NioEventLoop.run(NioEventLoop.java:496)
	io.netty.util.concurrent.SingleThreadEventExecutor$5.run(SingleThreadEventExecutor.java:906)
	io.netty.util.internal.ThreadExecutorMap$2.run(ThreadExecutorMap.java:74)
	io.netty.util.concurrent.FastThreadLocalRunnable.run(FastThreadLocalRunnable.java:30)
	java.lang.Thread.run(Thread.java:748)
#3:
	org.springframework.core.io.buffer.NettyDataBufferFactory.wrap(NettyDataBufferFactory.java:93)
	reactor.core.publisher.FluxMap$MapSubscriber.onNext(FluxMap.java:100)
	reactor.core.publisher.FluxPeek$PeekSubscriber.onNext(FluxPeek.java:192)
	reactor.core.publisher.FluxMap$MapSubscriber.onNext(FluxMap.java:114)
	reactor.netty.channel.FluxReceive.drainReceiver(FluxReceive.java:206)
	reactor.netty.channel.FluxReceive.onInboundNext(FluxReceive.java:322)
	reactor.netty.channel.ChannelOperations.onInboundNext(ChannelOperations.java:335)
	reactor.netty.http.server.HttpServerOperations.onInboundNext(HttpServerOperations.java:456)
	reactor.netty.channel.ChannelOperationsHandler.channelRead(ChannelOperationsHandler.java:91)
	io.netty.channel.AbstractChannelHandlerContext.invokeChannelRead(AbstractChannelHandlerContext.java:374)
	io.netty.channel.AbstractChannelHandlerContext.invokeChannelRead(AbstractChannelHandlerContext.java:360)
	io.netty.channel.AbstractChannelHandlerContext.fireChannelRead(AbstractChannelHandlerContext.java:352)
	reactor.netty.http.server.HttpTrafficHandler.channelRead(HttpTrafficHandler.java:190)
	io.netty.channel.AbstractChannelHandlerContext.invokeChannelRead(AbstractChannelHandlerContext.java:374)
	io.netty.channel.AbstractChannelHandlerContext.invokeChannelRead(AbstractChannelHandlerContext.java:360)
	io.netty.channel.AbstractChannelHandlerContext.fireChannelRead(AbstractChannelHandlerContext.java:352)
	io.netty.channel.CombinedChannelDuplexHandler$DelegatingChannelHandlerContext.fireChannelRead(CombinedChannelDuplexHandler.java:438)
	io.netty.handler.codec.ByteToMessageDecoder.fireChannelRead(ByteToMessageDecoder.java:323)
	io.netty.handler.codec.ByteToMessageDecoder.fireChannelRead(ByteToMessageDecoder.java:310)
	io.netty.handler.codec.ByteToMessageDecoder.callDecode(ByteToMessageDecoder.java:426)
	io.netty.handler.codec.ByteToMessageDecoder.channelRead(ByteToMessageDecoder.java:278)
	io.netty.channel.CombinedChannelDuplexHandler.channelRead(CombinedChannelDuplexHandler.java:253)
	io.netty.channel.AbstractChannelHandlerContext.invokeChannelRead(AbstractChannelHandlerContext.java:374)
	io.netty.channel.AbstractChannelHandlerContext.invokeChannelRead(AbstractChannelHandlerContext.java:360)
	io.netty.channel.AbstractChannelHandlerContext.fireChannelRead(AbstractChannelHandlerContext.java:352)
	io.netty.channel.DefaultChannelPipeline$HeadContext.channelRead(DefaultChannelPipeline.java:1408)
	io.netty.channel.AbstractChannelHandlerContext.invokeChannelRead(AbstractChannelHandlerContext.java:374)
	io.netty.channel.AbstractChannelHandlerContext.invokeChannelRead(AbstractChannelHandlerContext.java:360)
	io.netty.channel.DefaultChannelPipeline.fireChannelRead(DefaultChannelPipeline.java:930)
	io.netty.channel.nio.AbstractNioByteChannel$NioByteUnsafe.read(AbstractNioByteChannel.java:163)
	io.netty.channel.nio.NioEventLoop.processSelectedKey(NioEventLoop.java:682)
	io.netty.channel.nio.NioEventLoop.processSelectedKeysOptimized(NioEventLoop.java:617)
	io.netty.channel.nio.NioEventLoop.processSelectedKeys(NioEventLoop.java:534)
	io.netty.channel.nio.NioEventLoop.run(NioEventLoop.java:496)
	io.netty.util.concurrent.SingleThreadEventExecutor$5.run(SingleThreadEventExecutor.java:906)
	io.netty.util.internal.ThreadExecutorMap$2.run(ThreadExecutorMap.java:74)
	io.netty.util.concurrent.FastThreadLocalRunnable.run(FastThreadLocalRunnable.java:30)
	java.lang.Thread.run(Thread.java:748)
#4:
	reactor.core.publisher.FluxPeek$PeekSubscriber.onNext(FluxPeek.java:177)
	reactor.core.publisher.FluxMap$MapSubscriber.onNext(FluxMap.java:114)
	reactor.netty.channel.FluxReceive.drainReceiver(FluxReceive.java:206)
	reactor.netty.channel.FluxReceive.onInboundNext(FluxReceive.java:322)
	reactor.netty.channel.ChannelOperations.onInboundNext(ChannelOperations.java:335)
	reactor.netty.http.server.HttpServerOperations.onInboundNext(HttpServerOperations.java:456)
	reactor.netty.channel.ChannelOperationsHandler.channelRead(ChannelOperationsHandler.java:91)
	io.netty.channel.AbstractChannelHandlerContext.invokeChannelRead(AbstractChannelHandlerContext.java:374)
	io.netty.channel.AbstractChannelHandlerContext.invokeChannelRead(AbstractChannelHandlerContext.java:360)
	io.netty.channel.AbstractChannelHandlerContext.fireChannelRead(AbstractChannelHandlerContext.java:352)
	reactor.netty.http.server.HttpTrafficHandler.channelRead(HttpTrafficHandler.java:190)
	io.netty.channel.AbstractChannelHandlerContext.invokeChannelRead(AbstractChannelHandlerContext.java:374)
	io.netty.channel.AbstractChannelHandlerContext.invokeChannelRead(AbstractChannelHandlerContext.java:360)
	io.netty.channel.AbstractChannelHandlerContext.fireChannelRead(AbstractChannelHandlerContext.java:352)
	io.netty.channel.CombinedChannelDuplexHandler$DelegatingChannelHandlerContext.fireChannelRead(CombinedChannelDuplexHandler.java:438)
	io.netty.handler.codec.ByteToMessageDecoder.fireChannelRead(ByteToMessageDecoder.java:323)
	io.netty.handler.codec.ByteToMessageDecoder.fireChannelRead(ByteToMessageDecoder.java:310)
	io.netty.handler.codec.ByteToMessageDecoder.callDecode(ByteToMessageDecoder.java:426)
	io.netty.handler.codec.ByteToMessageDecoder.channelRead(ByteToMessageDecoder.java:278)
	io.netty.channel.CombinedChannelDuplexHandler.channelRead(CombinedChannelDuplexHandler.java:253)
	io.netty.channel.AbstractChannelHandlerContext.invokeChannelRead(AbstractChannelHandlerContext.java:374)
	io.netty.channel.AbstractChannelHandlerContext.invokeChannelRead(AbstractChannelHandlerContext.java:360)
	io.netty.channel.AbstractChannelHandlerContext.fireChannelRead(AbstractChannelHandlerContext.java:352)
	io.netty.channel.DefaultChannelPipeline$HeadContext.channelRead(DefaultChannelPipeline.java:1408)
	io.netty.channel.AbstractChannelHandlerContext.invokeChannelRead(AbstractChannelHandlerContext.java:374)
	io.netty.channel.AbstractChannelHandlerContext.invokeChannelRead(AbstractChannelHandlerContext.java:360)
	io.netty.channel.DefaultChannelPipeline.fireChannelRead(DefaultChannelPipeline.java:930)
	io.netty.channel.nio.AbstractNioByteChannel$NioByteUnsafe.read(AbstractNioByteChannel.java:163)
	io.netty.channel.nio.NioEventLoop.processSelectedKey(NioEventLoop.java:682)
	io.netty.channel.nio.NioEventLoop.processSelectedKeysOptimized(NioEventLoop.java:617)
	io.netty.channel.nio.NioEventLoop.processSelectedKeys(NioEventLoop.java:534)
	io.netty.channel.nio.NioEventLoop.run(NioEventLoop.java:496)
	io.netty.util.concurrent.SingleThreadEventExecutor$5.run(SingleThreadEventExecutor.java:906)
	io.netty.util.internal.ThreadExecutorMap$2.run(ThreadExecutorMap.java:74)
	io.netty.util.concurrent.FastThreadLocalRunnable.run(FastThreadLocalRunnable.java:30)
	java.lang.Thread.run(Thread.java:748)
#5:
	Hint: 'reactor.right.reactiveBridge' will handle the message from this point.
	io.netty.handler.codec.http.DefaultHttpContent.touch(DefaultHttpContent.java:88)
	io.netty.handler.codec.http.DefaultHttpContent.touch(DefaultHttpContent.java:24)
	io.netty.channel.DefaultChannelPipeline.touch(DefaultChannelPipeline.java:116)
	io.netty.channel.AbstractChannelHandlerContext.invokeChannelRead(AbstractChannelHandlerContext.java:357)
	io.netty.channel.AbstractChannelHandlerContext.fireChannelRead(AbstractChannelHandlerContext.java:352)
	reactor.netty.http.server.HttpTrafficHandler.channelRead(HttpTrafficHandler.java:190)
	io.netty.channel.AbstractChannelHandlerContext.invokeChannelRead(AbstractChannelHandlerContext.java:374)
	io.netty.channel.AbstractChannelHandlerContext.invokeChannelRead(AbstractChannelHandlerContext.java:360)
	io.netty.channel.AbstractChannelHandlerContext.fireChannelRead(AbstractChannelHandlerContext.java:352)
	io.netty.channel.CombinedChannelDuplexHandler$DelegatingChannelHandlerContext.fireChannelRead(CombinedChannelDuplexHandler.java:438)
	io.netty.handler.codec.ByteToMessageDecoder.fireChannelRead(ByteToMessageDecoder.java:323)
	io.netty.handler.codec.ByteToMessageDecoder.fireChannelRead(ByteToMessageDecoder.java:310)
	io.netty.handler.codec.ByteToMessageDecoder.callDecode(ByteToMessageDecoder.java:426)
	io.netty.handler.codec.ByteToMessageDecoder.channelRead(ByteToMessageDecoder.java:278)
	io.netty.channel.CombinedChannelDuplexHandler.channelRead(CombinedChannelDuplexHandler.java:253)
	io.netty.channel.AbstractChannelHandlerContext.invokeChannelRead(AbstractChannelHandlerContext.java:374)
	io.netty.channel.AbstractChannelHandlerContext.invokeChannelRead(AbstractChannelHandlerContext.java:360)
	io.netty.channel.AbstractChannelHandlerContext.fireChannelRead(AbstractChannelHandlerContext.java:352)
	io.netty.channel.DefaultChannelPipeline$HeadContext.channelRead(DefaultChannelPipeline.java:1408)
	io.netty.channel.AbstractChannelHandlerContext.invokeChannelRead(AbstractChannelHandlerContext.java:374)
	io.netty.channel.AbstractChannelHandlerContext.invokeChannelRead(AbstractChannelHandlerContext.java:360)
	io.netty.channel.DefaultChannelPipeline.fireChannelRead(DefaultChannelPipeline.java:930)
	io.netty.channel.nio.AbstractNioByteChannel$NioByteUnsafe.read(AbstractNioByteChannel.java:163)
	io.netty.channel.nio.NioEventLoop.processSelectedKey(NioEventLoop.java:682)
	io.netty.channel.nio.NioEventLoop.processSelectedKeysOptimized(NioEventLoop.java:617)
	io.netty.channel.nio.NioEventLoop.processSelectedKeys(NioEventLoop.java:534)
	io.netty.channel.nio.NioEventLoop.run(NioEventLoop.java:496)
	io.netty.util.concurrent.SingleThreadEventExecutor$5.run(SingleThreadEventExecutor.java:906)
	io.netty.util.internal.ThreadExecutorMap$2.run(ThreadExecutorMap.java:74)
	io.netty.util.concurrent.FastThreadLocalRunnable.run(FastThreadLocalRunnable.java:30)
	java.lang.Thread.run(Thread.java:748)
#6:
	Hint: 'reactor.left.httpTrafficHandler' will handle the message from this point.
	io.netty.handler.codec.http.DefaultHttpContent.touch(DefaultHttpContent.java:88)
	io.netty.handler.codec.http.DefaultHttpContent.touch(DefaultHttpContent.java:24)
	io.netty.channel.DefaultChannelPipeline.touch(DefaultChannelPipeline.java:116)
	io.netty.channel.AbstractChannelHandlerContext.invokeChannelRead(AbstractChannelHandlerContext.java:357)
	io.netty.channel.AbstractChannelHandlerContext.fireChannelRead(AbstractChannelHandlerContext.java:352)
	io.netty.channel.CombinedChannelDuplexHandler$DelegatingChannelHandlerContext.fireChannelRead(CombinedChannelDuplexHandler.java:438)
	io.netty.handler.codec.ByteToMessageDecoder.fireChannelRead(ByteToMessageDecoder.java:323)
	io.netty.handler.codec.ByteToMessageDecoder.fireChannelRead(ByteToMessageDecoder.java:310)
	io.netty.handler.codec.ByteToMessageDecoder.callDecode(ByteToMessageDecoder.java:426)
	io.netty.handler.codec.ByteToMessageDecoder.channelRead(ByteToMessageDecoder.java:278)
	io.netty.channel.CombinedChannelDuplexHandler.channelRead(CombinedChannelDuplexHandler.java:253)
	io.netty.channel.AbstractChannelHandlerContext.invokeChannelRead(AbstractChannelHandlerContext.java:374)
	io.netty.channel.AbstractChannelHandlerContext.invokeChannelRead(AbstractChannelHandlerContext.java:360)
	io.netty.channel.AbstractChannelHandlerContext.fireChannelRead(AbstractChannelHandlerContext.java:352)
	io.netty.channel.DefaultChannelPipeline$HeadContext.channelRead(DefaultChannelPipeline.java:1408)
	io.netty.channel.AbstractChannelHandlerContext.invokeChannelRead(AbstractChannelHandlerContext.java:374)
	io.netty.channel.AbstractChannelHandlerContext.invokeChannelRead(AbstractChannelHandlerContext.java:360)
	io.netty.channel.DefaultChannelPipeline.fireChannelRead(DefaultChannelPipeline.java:930)
	io.netty.channel.nio.AbstractNioByteChannel$NioByteUnsafe.read(AbstractNioByteChannel.java:163)
	io.netty.channel.nio.NioEventLoop.processSelectedKey(NioEventLoop.java:682)
	io.netty.channel.nio.NioEventLoop.processSelectedKeysOptimized(NioEventLoop.java:617)
	io.netty.channel.nio.NioEventLoop.processSelectedKeys(NioEventLoop.java:534)
	io.netty.channel.nio.NioEventLoop.run(NioEventLoop.java:496)
	io.netty.util.concurrent.SingleThreadEventExecutor$5.run(SingleThreadEventExecutor.java:906)
	io.netty.util.internal.ThreadExecutorMap$2.run(ThreadExecutorMap.java:74)
	io.netty.util.concurrent.FastThreadLocalRunnable.run(FastThreadLocalRunnable.java:30)
	java.lang.Thread.run(Thread.java:748)
Created at:
	io.netty.buffer.SimpleLeakAwareByteBuf.unwrappedDerived(SimpleLeakAwareByteBuf.java:143)
	io.netty.buffer.SimpleLeakAwareByteBuf.readRetainedSlice(SimpleLeakAwareByteBuf.java:67)
	io.netty.buffer.AdvancedLeakAwareByteBuf.readRetainedSlice(AdvancedLeakAwareByteBuf.java:107)
	io.netty.handler.codec.http.HttpObjectDecoder.decode(HttpObjectDecoder.java:336)
	io.netty.handler.codec.http.HttpServerCodec$HttpServerRequestDecoder.decode(HttpServerCodec.java:103)
	io.netty.handler.codec.ByteToMessageDecoder.decodeRemovalReentryProtection(ByteToMessageDecoder.java:502)
	io.netty.handler.codec.ByteToMessageDecoder.callDecode(ByteToMessageDecoder.java:441)
	io.netty.handler.codec.ByteToMessageDecoder.channelRead(ByteToMessageDecoder.java:278)
	io.netty.channel.CombinedChannelDuplexHandler.channelRead(CombinedChannelDuplexHandler.java:253)
	io.netty.channel.AbstractChannelHandlerContext.invokeChannelRead(AbstractChannelHandlerContext.java:374)
	io.netty.channel.AbstractChannelHandlerContext.invokeChannelRead(AbstractChannelHandlerContext.java:360)
	io.netty.channel.AbstractChannelHandlerContext.fireChannelRead(AbstractChannelHandlerContext.java:352)
	io.netty.channel.DefaultChannelPipeline$HeadContext.channelRead(DefaultChannelPipeline.java:1408)
	io.netty.channel.AbstractChannelHandlerContext.invokeChannelRead(AbstractChannelHandlerContext.java:374)
	io.netty.channel.AbstractChannelHandlerContext.invokeChannelRead(AbstractChannelHandlerContext.java:360)
	io.netty.channel.DefaultChannelPipeline.fireChannelRead(DefaultChannelPipeline.java:930)
	io.netty.channel.nio.AbstractNioByteChannel$NioByteUnsafe.read(AbstractNioByteChannel.java:163)
	io.netty.channel.nio.NioEventLoop.processSelectedKey(NioEventLoop.java:682)
	io.netty.channel.nio.NioEventLoop.processSelectedKeysOptimized(NioEventLoop.java:617)
	io.netty.channel.nio.NioEventLoop.processSelectedKeys(NioEventLoop.java:534)
	io.netty.channel.nio.NioEventLoop.run(NioEventLoop.java:496)
	io.netty.util.concurrent.SingleThreadEventExecutor$5.run(SingleThreadEventExecutor.java:906)
	io.netty.util.internal.ThreadExecutorMap$2.run(ThreadExecutorMap.java:74)
	io.netty.util.concurrent.FastThreadLocalRunnable.run(FastThreadLocalRunnable.java:30)
	java.lang.Thread.run(Thread.java:748)
: 7 leak records were discarded because they were duplicates
: 4091 leak records were discarded because the leak record count is targeted to 4. Use system property io.netty.leakDetection.targetRecords to increase the limit.
22:42:57.839 [reactor-http-nio-6] ERROR i.n.u.ResourceLeakDetector - LEAK: ByteBuf.release() was not called before it's garbage-collected. See http://netty.io/wiki/reference-counted-objects.html for more information.
Recent access records: 
#1:
	io.netty.buffer.AdvancedLeakAwareByteBuf.getBytes(AdvancedLeakAwareByteBuf.java:250)
	io.netty.buffer.CompositeByteBuf.getBytes(CompositeByteBuf.java:1029)
	io.netty.buffer.CompositeByteBuf.getBytes(CompositeByteBuf.java:48)
	io.netty.buffer.AbstractUnpooledSlicedByteBuf.getBytes(AbstractUnpooledSlicedByteBuf.java:243)
	io.netty.buffer.AbstractByteBuf.readBytes(AbstractByteBuf.java:889)
	io.netty.buffer.AbstractByteBuf.readBytes(AbstractByteBuf.java:896)
	io.netty.buffer.WrappedByteBuf.readBytes(WrappedByteBuf.java:649)
	io.netty.buffer.AdvancedLeakAwareByteBuf.readBytes(AdvancedLeakAwareByteBuf.java:497)
	org.springframework.core.io.buffer.NettyDataBuffer.read(NettyDataBuffer.java:159)
	org.springframework.core.io.buffer.NettyDataBuffer.read(NettyDataBuffer.java:43)
	org.springframework.http.codec.multipart.DefaultMultipartMessageReader.toHeaders(DefaultMultipartMessageReader.java:229)
	org.springframework.http.codec.multipart.DefaultMultipartMessageReader.toPart(DefaultMultipartMessageReader.java:197)
	reactor.core.publisher.FluxMap$MapConditionalSubscriber.onNext(FluxMap.java:199)
	reactor.core.publisher.FluxTakeWhile$TakeWhileSubscriber.onNext(FluxTakeWhile.java:94)
	reactor.core.publisher.FluxContextStart$ContextStartSubscriber.onNext(FluxContextStart.java:103)
	reactor.core.publisher.FluxMap$MapConditionalSubscriber.onNext(FluxMap.java:213)
	reactor.core.publisher.FluxBufferPredicate$BufferPredicateSubscriber.emit(FluxBufferPredicate.java:290)
	reactor.core.publisher.FluxBufferPredicate$BufferPredicateSubscriber.onNextNewBuffer(FluxBufferPredicate.java:257)
	reactor.core.publisher.FluxBufferPredicate$BufferPredicateSubscriber.tryOnNext(FluxBufferPredicate.java:211)
	reactor.core.publisher.FluxBufferPredicate$BufferPredicateSubscriber.onNext(FluxBufferPredicate.java:184)
	reactor.core.publisher.FluxFlatMap$FlatMapMain.drainLoop(FluxFlatMap.java:664)
	reactor.core.publisher.FluxFlatMap$FlatMapMain.drain(FluxFlatMap.java:540)
	reactor.core.publisher.FluxFlatMap$FlatMapInner.onSubscribe(FluxFlatMap.java:924)
	reactor.core.publisher.FluxIterable.subscribe(FluxIterable.java:139)
	reactor.core.publisher.FluxIterable.subscribe(FluxIterable.java:63)
	reactor.core.publisher.Flux.subscribe(Flux.java:7922)
	reactor.core.publisher.FluxFlatMap$FlatMapMain.onNext(FluxFlatMap.java:389)
	reactor.core.publisher.FluxConcatMap$ConcatMapImmediate.innerNext(FluxConcatMap.java:275)
	reactor.core.publisher.FluxConcatMap$ConcatMapInner.onNext(FluxConcatMap.java:849)
	reactor.core.publisher.FluxConcatMap$WeakScalarSubscription.request(FluxConcatMap.java:470)
	reactor.core.publisher.Operators$MultiSubscriptionSubscriber.set(Operators.java:1939)
	reactor.core.publisher.FluxConcatMap$ConcatMapImmediate.drain(FluxConcatMap.java:436)
	reactor.core.publisher.FluxConcatMap$ConcatMapImmediate.onNext(FluxConcatMap.java:244)
	reactor.core.publisher.FluxMap$MapSubscriber.onNext(FluxMap.java:114)
	reactor.core.publisher.FluxPeek$PeekSubscriber.onNext(FluxPeek.java:192)
	reactor.core.publisher.FluxMap$MapSubscriber.onNext(FluxMap.java:114)
	reactor.netty.channel.FluxReceive.drainReceiver(FluxReceive.java:206)
	reactor.netty.channel.FluxReceive.onInboundNext(FluxReceive.java:322)
	reactor.netty.channel.ChannelOperations.onInboundNext(ChannelOperations.java:335)
	reactor.netty.http.server.HttpServerOperations.onInboundNext(HttpServerOperations.java:456)
	reactor.netty.channel.ChannelOperationsHandler.channelRead(ChannelOperationsHandler.java:91)
	io.netty.channel.AbstractChannelHandlerContext.invokeChannelRead(AbstractChannelHandlerContext.java:374)
	io.netty.channel.AbstractChannelHandlerContext.invokeChannelRead(AbstractChannelHandlerContext.java:360)
	io.netty.channel.AbstractChannelHandlerContext.fireChannelRead(AbstractChannelHandlerContext.java:352)
	reactor.netty.http.server.HttpTrafficHandler.channelRead(HttpTrafficHandler.java:190)
	io.netty.channel.AbstractChannelHandlerContext.invokeChannelRead(AbstractChannelHandlerContext.java:374)
	io.netty.channel.AbstractChannelHandlerContext.invokeChannelRead(AbstractChannelHandlerContext.java:360)
	io.netty.channel.AbstractChannelHandlerContext.fireChannelRead(AbstractChannelHandlerContext.java:352)
	io.netty.channel.CombinedChannelDuplexHandler$DelegatingChannelHandlerContext.fireChannelRead(CombinedChannelDuplexHandler.java:438)
	io.netty.handler.codec.ByteToMessageDecoder.fireChannelRead(ByteToMessageDecoder.java:323)
	io.netty.handler.codec.ByteToMessageDecoder.fireChannelRead(ByteToMessageDecoder.java:310)
	io.netty.handler.codec.ByteToMessageDecoder.callDecode(ByteToMessageDecoder.java:426)
	io.netty.handler.codec.ByteToMessageDecoder.channelRead(ByteToMessageDecoder.java:278)
	io.netty.channel.CombinedChannelDuplexHandler.channelRead(CombinedChannelDuplexHandler.java:253)
	io.netty.channel.AbstractChannelHandlerContext.invokeChannelRead(AbstractChannelHandlerContext.java:374)
	io.netty.channel.AbstractChannelHandlerContext.invokeChannelRead(AbstractChannelHandlerContext.java:360)
	io.netty.channel.AbstractChannelHandlerContext.fireChannelRead(AbstractChannelHandlerContext.java:352)
	io.netty.channel.DefaultChannelPipeline$HeadContext.channelRead(DefaultChannelPipeline.java:1408)
	io.netty.channel.AbstractChannelHandlerContext.invokeChannelRead(AbstractChannelHandlerContext.java:374)
	io.netty.channel.AbstractChannelHandlerContext.invokeChannelRead(AbstractChannelHandlerContext.java:360)
	io.netty.channel.DefaultChannelPipeline.fireChannelRead(DefaultChannelPipeline.java:930)
	io.netty.channel.nio.AbstractNioByteChannel$NioByteUnsafe.read(AbstractNioByteChannel.java:163)
	io.netty.channel.nio.NioEventLoop.processSelectedKey(NioEventLoop.java:682)
	io.netty.channel.nio.NioEventLoop.processSelectedKeysOptimized(NioEventLoop.java:617)
	io.netty.channel.nio.NioEventLoop.processSelectedKeys(NioEventLoop.java:534)
	io.netty.channel.nio.NioEventLoop.run(NioEventLoop.java:496)
	io.netty.util.concurrent.SingleThreadEventExecutor$5.run(SingleThreadEventExecutor.java:906)
	io.netty.util.internal.ThreadExecutorMap$2.run(ThreadExecutorMap.java:74)
	io.netty.util.concurrent.FastThreadLocalRunnable.run(FastThreadLocalRunnable.java:30)
	java.lang.Thread.run(Thread.java:748)
#2:
	io.netty.buffer.AdvancedLeakAwareByteBuf.getByte(AdvancedLeakAwareByteBuf.java:154)
	io.netty.buffer.CompositeByteBuf.getByte(CompositeByteBuf.java:913)
	io.netty.buffer.WrappedCompositeByteBuf.getByte(WrappedCompositeByteBuf.java:652)
	io.netty.buffer.AdvancedLeakAwareCompositeByteBuf.getByte(AdvancedLeakAwareCompositeByteBuf.java:141)
	org.springframework.core.io.buffer.NettyDataBuffer.getByte(NettyDataBuffer.java:132)
	org.springframework.core.io.buffer.DataBufferUtils$KnuthMorrisPrattMatcher.match(DataBufferUtils.java:1005)
	org.springframework.http.codec.multipart.DefaultMultipartMessageReader.toPart(DefaultMultipartMessageReader.java:184)
	reactor.core.publisher.FluxMap$MapConditionalSubscriber.onNext(FluxMap.java:199)
	reactor.core.publisher.FluxTakeWhile$TakeWhileSubscriber.onNext(FluxTakeWhile.java:94)
	reactor.core.publisher.FluxContextStart$ContextStartSubscriber.onNext(FluxContextStart.java:103)
	reactor.core.publisher.FluxMap$MapConditionalSubscriber.onNext(FluxMap.java:213)
	reactor.core.publisher.FluxBufferPredicate$BufferPredicateSubscriber.emit(FluxBufferPredicate.java:290)
	reactor.core.publisher.FluxBufferPredicate$BufferPredicateSubscriber.onNextNewBuffer(FluxBufferPredicate.java:257)
	reactor.core.publisher.FluxBufferPredicate$BufferPredicateSubscriber.tryOnNext(FluxBufferPredicate.java:211)
	reactor.core.publisher.FluxBufferPredicate$BufferPredicateSubscriber.onNext(FluxBufferPredicate.java:184)
	reactor.core.publisher.FluxFlatMap$FlatMapMain.drainLoop(FluxFlatMap.java:664)
	reactor.core.publisher.FluxFlatMap$FlatMapMain.drain(FluxFlatMap.java:540)
	reactor.core.publisher.FluxFlatMap$FlatMapInner.onSubscribe(FluxFlatMap.java:924)
	reactor.core.publisher.FluxIterable.subscribe(FluxIterable.java:139)
	reactor.core.publisher.FluxIterable.subscribe(FluxIterable.java:63)
	reactor.core.publisher.Flux.subscribe(Flux.java:7922)
	reactor.core.publisher.FluxFlatMap$FlatMapMain.onNext(FluxFlatMap.java:389)
	reactor.core.publisher.FluxConcatMap$ConcatMapImmediate.innerNext(FluxConcatMap.java:275)
	reactor.core.publisher.FluxConcatMap$ConcatMapInner.onNext(FluxConcatMap.java:849)
	reactor.core.publisher.FluxConcatMap$WeakScalarSubscription.request(FluxConcatMap.java:470)
	reactor.core.publisher.Operators$MultiSubscriptionSubscriber.set(Operators.java:1939)
	reactor.core.publisher.FluxConcatMap$ConcatMapImmediate.drain(FluxConcatMap.java:436)
	reactor.core.publisher.FluxConcatMap$ConcatMapImmediate.onNext(FluxConcatMap.java:244)
	reactor.core.publisher.FluxMap$MapSubscriber.onNext(FluxMap.java:114)
	reactor.core.publisher.FluxPeek$PeekSubscriber.onNext(FluxPeek.java:192)
	reactor.core.publisher.FluxMap$MapSubscriber.onNext(FluxMap.java:114)
	reactor.netty.channel.FluxReceive.drainReceiver(FluxReceive.java:206)
	reactor.netty.channel.FluxReceive.onInboundNext(FluxReceive.java:322)
	reactor.netty.channel.ChannelOperations.onInboundNext(ChannelOperations.java:335)
	reactor.netty.http.server.HttpServerOperations.onInboundNext(HttpServerOperations.java:456)
	reactor.netty.channel.ChannelOperationsHandler.channelRead(ChannelOperationsHandler.java:91)
	io.netty.channel.AbstractChannelHandlerContext.invokeChannelRead(AbstractChannelHandlerContext.java:374)
	io.netty.channel.AbstractChannelHandlerContext.invokeChannelRead(AbstractChannelHandlerContext.java:360)
	io.netty.channel.AbstractChannelHandlerContext.fireChannelRead(AbstractChannelHandlerContext.java:352)
	reactor.netty.http.server.HttpTrafficHandler.channelRead(HttpTrafficHandler.java:190)
	io.netty.channel.AbstractChannelHandlerContext.invokeChannelRead(AbstractChannelHandlerContext.java:374)
	io.netty.channel.AbstractChannelHandlerContext.invokeChannelRead(AbstractChannelHandlerContext.java:360)
	io.netty.channel.AbstractChannelHandlerContext.fireChannelRead(AbstractChannelHandlerContext.java:352)
	io.netty.channel.CombinedChannelDuplexHandler$DelegatingChannelHandlerContext.fireChannelRead(CombinedChannelDuplexHandler.java:438)
	io.netty.handler.codec.ByteToMessageDecoder.fireChannelRead(ByteToMessageDecoder.java:323)
	io.netty.handler.codec.ByteToMessageDecoder.fireChannelRead(ByteToMessageDecoder.java:310)
	io.netty.handler.codec.ByteToMessageDecoder.callDecode(ByteToMessageDecoder.java:426)
	io.netty.handler.codec.ByteToMessageDecoder.channelRead(ByteToMessageDecoder.java:278)
	io.netty.channel.CombinedChannelDuplexHandler.channelRead(CombinedChannelDuplexHandler.java:253)
	io.netty.channel.AbstractChannelHandlerContext.invokeChannelRead(AbstractChannelHandlerContext.java:374)
	io.netty.channel.AbstractChannelHandlerContext.invokeChannelRead(AbstractChannelHandlerContext.java:360)
	io.netty.channel.AbstractChannelHandlerContext.fireChannelRead(AbstractChannelHandlerContext.java:352)
	io.netty.channel.DefaultChannelPipeline$HeadContext.channelRead(DefaultChannelPipeline.java:1408)
	io.netty.channel.AbstractChannelHandlerContext.invokeChannelRead(AbstractChannelHandlerContext.java:374)
	io.netty.channel.AbstractChannelHandlerContext.invokeChannelRead(AbstractChannelHandlerContext.java:360)
	io.netty.channel.DefaultChannelPipeline.fireChannelRead(DefaultChannelPipeline.java:930)
	io.netty.channel.nio.AbstractNioByteChannel$NioByteUnsafe.read(AbstractNioByteChannel.java:163)
	io.netty.channel.nio.NioEventLoop.processSelectedKey(NioEventLoop.java:682)
	io.netty.channel.nio.NioEventLoop.processSelectedKeysOptimized(NioEventLoop.java:617)
	io.netty.channel.nio.NioEventLoop.processSelectedKeys(NioEventLoop.java:534)
	io.netty.channel.nio.NioEventLoop.run(NioEventLoop.java:496)
	io.netty.util.concurrent.SingleThreadEventExecutor$5.run(SingleThreadEventExecutor.java:906)
	io.netty.util.internal.ThreadExecutorMap$2.run(ThreadExecutorMap.java:74)
	io.netty.util.concurrent.FastThreadLocalRunnable.run(FastThreadLocalRunnable.java:30)
	java.lang.Thread.run(Thread.java:748)
#3:
	io.netty.buffer.AdvancedLeakAwareByteBuf.getByte(AdvancedLeakAwareByteBuf.java:154)
	org.springframework.core.io.buffer.NettyDataBuffer.getByte(NettyDataBuffer.java:132)
	org.springframework.core.io.buffer.DataBufferUtils$KnuthMorrisPrattMatcher.match(DataBufferUtils.java:1005)
	org.springframework.core.io.buffer.DataBufferUtils.endFrameAfterDelimiter(DataBufferUtils.java:634)
	org.springframework.core.io.buffer.DataBufferUtils.lambda$split$18(DataBufferUtils.java:603)
	reactor.core.publisher.FluxFlatMap$FlatMapMain.onNext(FluxFlatMap.java:350)
	reactor.core.publisher.FluxConcatMap$ConcatMapImmediate.innerNext(FluxConcatMap.java:275)
	reactor.core.publisher.FluxConcatMap$ConcatMapInner.onNext(FluxConcatMap.java:849)
	reactor.core.publisher.FluxConcatMap$WeakScalarSubscription.request(FluxConcatMap.java:470)
	reactor.core.publisher.Operators$MultiSubscriptionSubscriber.set(Operators.java:1939)
	reactor.core.publisher.FluxConcatMap$ConcatMapImmediate.drain(FluxConcatMap.java:436)
	reactor.core.publisher.FluxConcatMap$ConcatMapImmediate.onNext(FluxConcatMap.java:244)
	reactor.core.publisher.FluxMap$MapSubscriber.onNext(FluxMap.java:114)
	reactor.core.publisher.FluxPeek$PeekSubscriber.onNext(FluxPeek.java:192)
	reactor.core.publisher.FluxMap$MapSubscriber.onNext(FluxMap.java:114)
	reactor.netty.channel.FluxReceive.drainReceiver(FluxReceive.java:206)
	reactor.netty.channel.FluxReceive.onInboundNext(FluxReceive.java:322)
	reactor.netty.channel.ChannelOperations.onInboundNext(ChannelOperations.java:335)
	reactor.netty.http.server.HttpServerOperations.onInboundNext(HttpServerOperations.java:456)
	reactor.netty.channel.ChannelOperationsHandler.channelRead(ChannelOperationsHandler.java:91)
	io.netty.channel.AbstractChannelHandlerContext.invokeChannelRead(AbstractChannelHandlerContext.java:374)
	io.netty.channel.AbstractChannelHandlerContext.invokeChannelRead(AbstractChannelHandlerContext.java:360)
	io.netty.channel.AbstractChannelHandlerContext.fireChannelRead(AbstractChannelHandlerContext.java:352)
	reactor.netty.http.server.HttpTrafficHandler.channelRead(HttpTrafficHandler.java:190)
	io.netty.channel.AbstractChannelHandlerContext.invokeChannelRead(AbstractChannelHandlerContext.java:374)
	io.netty.channel.AbstractChannelHandlerContext.invokeChannelRead(AbstractChannelHandlerContext.java:360)
	io.netty.channel.AbstractChannelHandlerContext.fireChannelRead(AbstractChannelHandlerContext.java:352)
	io.netty.channel.CombinedChannelDuplexHandler$DelegatingChannelHandlerContext.fireChannelRead(CombinedChannelDuplexHandler.java:438)
	io.netty.handler.codec.ByteToMessageDecoder.fireChannelRead(ByteToMessageDecoder.java:323)
	io.netty.handler.codec.ByteToMessageDecoder.fireChannelRead(ByteToMessageDecoder.java:310)
	io.netty.handler.codec.ByteToMessageDecoder.callDecode(ByteToMessageDecoder.java:426)
	io.netty.handler.codec.ByteToMessageDecoder.channelRead(ByteToMessageDecoder.java:278)
	io.netty.channel.CombinedChannelDuplexHandler.channelRead(CombinedChannelDuplexHandler.java:253)
	io.netty.channel.AbstractChannelHandlerContext.invokeChannelRead(AbstractChannelHandlerContext.java:374)
	io.netty.channel.AbstractChannelHandlerContext.invokeChannelRead(AbstractChannelHandlerContext.java:360)
	io.netty.channel.AbstractChannelHandlerContext.fireChannelRead(AbstractChannelHandlerContext.java:352)
	io.netty.channel.DefaultChannelPipeline$HeadContext.channelRead(DefaultChannelPipeline.java:1408)
	io.netty.channel.AbstractChannelHandlerContext.invokeChannelRead(AbstractChannelHandlerContext.java:374)
	io.netty.channel.AbstractChannelHandlerContext.invokeChannelRead(AbstractChannelHandlerContext.java:360)
	io.netty.channel.DefaultChannelPipeline.fireChannelRead(DefaultChannelPipeline.java:930)
	io.netty.channel.nio.AbstractNioByteChannel$NioByteUnsafe.read(AbstractNioByteChannel.java:163)
	io.netty.channel.nio.NioEventLoop.processSelectedKey(NioEventLoop.java:682)
	io.netty.channel.nio.NioEventLoop.processSelectedKeysOptimized(NioEventLoop.java:617)
	io.netty.channel.nio.NioEventLoop.processSelectedKeys(NioEventLoop.java:534)
	io.netty.channel.nio.NioEventLoop.run(NioEventLoop.java:496)
	io.netty.util.concurrent.SingleThreadEventExecutor$5.run(SingleThreadEventExecutor.java:906)
	io.netty.util.internal.ThreadExecutorMap$2.run(ThreadExecutorMap.java:74)
	io.netty.util.concurrent.FastThreadLocalRunnable.run(FastThreadLocalRunnable.java:30)
	java.lang.Thread.run(Thread.java:748)
#4:
	org.springframework.core.io.buffer.NettyDataBufferFactory.wrap(NettyDataBufferFactory.java:93)
	reactor.core.publisher.FluxMap$MapSubscriber.onNext(FluxMap.java:100)
	reactor.core.publisher.FluxPeek$PeekSubscriber.onNext(FluxPeek.java:192)
	reactor.core.publisher.FluxMap$MapSubscriber.onNext(FluxMap.java:114)
	reactor.netty.channel.FluxReceive.drainReceiver(FluxReceive.java:206)
	reactor.netty.channel.FluxReceive.onInboundNext(FluxReceive.java:322)
	reactor.netty.channel.ChannelOperations.onInboundNext(ChannelOperations.java:335)
	reactor.netty.http.server.HttpServerOperations.onInboundNext(HttpServerOperations.java:456)
	reactor.netty.channel.ChannelOperationsHandler.channelRead(ChannelOperationsHandler.java:91)
	io.netty.channel.AbstractChannelHandlerContext.invokeChannelRead(AbstractChannelHandlerContext.java:374)
	io.netty.channel.AbstractChannelHandlerContext.invokeChannelRead(AbstractChannelHandlerContext.java:360)
	io.netty.channel.AbstractChannelHandlerContext.fireChannelRead(AbstractChannelHandlerContext.java:352)
	reactor.netty.http.server.HttpTrafficHandler.channelRead(HttpTrafficHandler.java:190)
	io.netty.channel.AbstractChannelHandlerContext.invokeChannelRead(AbstractChannelHandlerContext.java:374)
	io.netty.channel.AbstractChannelHandlerContext.invokeChannelRead(AbstractChannelHandlerContext.java:360)
	io.netty.channel.AbstractChannelHandlerContext.fireChannelRead(AbstractChannelHandlerContext.java:352)
	io.netty.channel.CombinedChannelDuplexHandler$DelegatingChannelHandlerContext.fireChannelRead(CombinedChannelDuplexHandler.java:438)
	io.netty.handler.codec.ByteToMessageDecoder.fireChannelRead(ByteToMessageDecoder.java:323)
	io.netty.handler.codec.ByteToMessageDecoder.fireChannelRead(ByteToMessageDecoder.java:310)
	io.netty.handler.codec.ByteToMessageDecoder.callDecode(ByteToMessageDecoder.java:426)
	io.netty.handler.codec.ByteToMessageDecoder.channelRead(ByteToMessageDecoder.java:278)
	io.netty.channel.CombinedChannelDuplexHandler.channelRead(CombinedChannelDuplexHandler.java:253)
	io.netty.channel.AbstractChannelHandlerContext.invokeChannelRead(AbstractChannelHandlerContext.java:374)
	io.netty.channel.AbstractChannelHandlerContext.invokeChannelRead(AbstractChannelHandlerContext.java:360)
	io.netty.channel.AbstractChannelHandlerContext.fireChannelRead(AbstractChannelHandlerContext.java:352)
	io.netty.channel.DefaultChannelPipeline$HeadContext.channelRead(DefaultChannelPipeline.java:1408)
	io.netty.channel.AbstractChannelHandlerContext.invokeChannelRead(AbstractChannelHandlerContext.java:374)
	io.netty.channel.AbstractChannelHandlerContext.invokeChannelRead(AbstractChannelHandlerContext.java:360)
	io.netty.channel.DefaultChannelPipeline.fireChannelRead(DefaultChannelPipeline.java:930)
	io.netty.channel.nio.AbstractNioByteChannel$NioByteUnsafe.read(AbstractNioByteChannel.java:163)
	io.netty.channel.nio.NioEventLoop.processSelectedKey(NioEventLoop.java:682)
	io.netty.channel.nio.NioEventLoop.processSelectedKeysOptimized(NioEventLoop.java:617)
	io.netty.channel.nio.NioEventLoop.processSelectedKeys(NioEventLoop.java:534)
	io.netty.channel.nio.NioEventLoop.run(NioEventLoop.java:496)
	io.netty.util.concurrent.SingleThreadEventExecutor$5.run(SingleThreadEventExecutor.java:906)
	io.netty.util.internal.ThreadExecutorMap$2.run(ThreadExecutorMap.java:74)
	io.netty.util.concurrent.FastThreadLocalRunnable.run(FastThreadLocalRunnable.java:30)
	java.lang.Thread.run(Thread.java:748)
#5:
	reactor.core.publisher.FluxPeek$PeekSubscriber.onNext(FluxPeek.java:177)
	reactor.core.publisher.FluxMap$MapSubscriber.onNext(FluxMap.java:114)
	reactor.netty.channel.FluxReceive.drainReceiver(FluxReceive.java:206)
	reactor.netty.channel.FluxReceive.onInboundNext(FluxReceive.java:322)
	reactor.netty.channel.ChannelOperations.onInboundNext(ChannelOperations.java:335)
	reactor.netty.http.server.HttpServerOperations.onInboundNext(HttpServerOperations.java:456)
	reactor.netty.channel.ChannelOperationsHandler.channelRead(ChannelOperationsHandler.java:91)
	io.netty.channel.AbstractChannelHandlerContext.invokeChannelRead(AbstractChannelHandlerContext.java:374)
	io.netty.channel.AbstractChannelHandlerContext.invokeChannelRead(AbstractChannelHandlerContext.java:360)
	io.netty.channel.AbstractChannelHandlerContext.fireChannelRead(AbstractChannelHandlerContext.java:352)
	reactor.netty.http.server.HttpTrafficHandler.channelRead(HttpTrafficHandler.java:190)
	io.netty.channel.AbstractChannelHandlerContext.invokeChannelRead(AbstractChannelHandlerContext.java:374)
	io.netty.channel.AbstractChannelHandlerContext.invokeChannelRead(AbstractChannelHandlerContext.java:360)
	io.netty.channel.AbstractChannelHandlerContext.fireChannelRead(AbstractChannelHandlerContext.java:352)
	io.netty.channel.CombinedChannelDuplexHandler$DelegatingChannelHandlerContext.fireChannelRead(CombinedChannelDuplexHandler.java:438)
	io.netty.handler.codec.ByteToMessageDecoder.fireChannelRead(ByteToMessageDecoder.java:323)
	io.netty.handler.codec.ByteToMessageDecoder.fireChannelRead(ByteToMessageDecoder.java:310)
	io.netty.handler.codec.ByteToMessageDecoder.callDecode(ByteToMessageDecoder.java:426)
	io.netty.handler.codec.ByteToMessageDecoder.channelRead(ByteToMessageDecoder.java:278)
	io.netty.channel.CombinedChannelDuplexHandler.channelRead(CombinedChannelDuplexHandler.java:253)
	io.netty.channel.AbstractChannelHandlerContext.invokeChannelRead(AbstractChannelHandlerContext.java:374)
	io.netty.channel.AbstractChannelHandlerContext.invokeChannelRead(AbstractChannelHandlerContext.java:360)
	io.netty.channel.AbstractChannelHandlerContext.fireChannelRead(AbstractChannelHandlerContext.java:352)
	io.netty.channel.DefaultChannelPipeline$HeadContext.channelRead(DefaultChannelPipeline.java:1408)
	io.netty.channel.AbstractChannelHandlerContext.invokeChannelRead(AbstractChannelHandlerContext.java:374)
	io.netty.channel.AbstractChannelHandlerContext.invokeChannelRead(AbstractChannelHandlerContext.java:360)
	io.netty.channel.DefaultChannelPipeline.fireChannelRead(DefaultChannelPipeline.java:930)
	io.netty.channel.nio.AbstractNioByteChannel$NioByteUnsafe.read(AbstractNioByteChannel.java:163)
	io.netty.channel.nio.NioEventLoop.processSelectedKey(NioEventLoop.java:682)
	io.netty.channel.nio.NioEventLoop.processSelectedKeysOptimized(NioEventLoop.java:617)
	io.netty.channel.nio.NioEventLoop.processSelectedKeys(NioEventLoop.java:534)
	io.netty.channel.nio.NioEventLoop.run(NioEventLoop.java:496)
	io.netty.util.concurrent.SingleThreadEventExecutor$5.run(SingleThreadEventExecutor.java:906)
	io.netty.util.internal.ThreadExecutorMap$2.run(ThreadExecutorMap.java:74)
	io.netty.util.concurrent.FastThreadLocalRunnable.run(FastThreadLocalRunnable.java:30)
	java.lang.Thread.run(Thread.java:748)
#6:
	Hint: 'reactor.right.reactiveBridge' will handle the message from this point.
	io.netty.handler.codec.http.DefaultHttpContent.touch(DefaultHttpContent.java:88)
	io.netty.handler.codec.http.DefaultHttpContent.touch(DefaultHttpContent.java:24)
	io.netty.channel.DefaultChannelPipeline.touch(DefaultChannelPipeline.java:116)
	io.netty.channel.AbstractChannelHandlerContext.invokeChannelRead(AbstractChannelHandlerContext.java:357)
	io.netty.channel.AbstractChannelHandlerContext.fireChannelRead(AbstractChannelHandlerContext.java:352)
	reactor.netty.http.server.HttpTrafficHandler.channelRead(HttpTrafficHandler.java:190)
	io.netty.channel.AbstractChannelHandlerContext.invokeChannelRead(AbstractChannelHandlerContext.java:374)
	io.netty.channel.AbstractChannelHandlerContext.invokeChannelRead(AbstractChannelHandlerContext.java:360)
	io.netty.channel.AbstractChannelHandlerContext.fireChannelRead(AbstractChannelHandlerContext.java:352)
	io.netty.channel.CombinedChannelDuplexHandler$DelegatingChannelHandlerContext.fireChannelRead(CombinedChannelDuplexHandler.java:438)
	io.netty.handler.codec.ByteToMessageDecoder.fireChannelRead(ByteToMessageDecoder.java:323)
	io.netty.handler.codec.ByteToMessageDecoder.fireChannelRead(ByteToMessageDecoder.java:310)
	io.netty.handler.codec.ByteToMessageDecoder.callDecode(ByteToMessageDecoder.java:426)
	io.netty.handler.codec.ByteToMessageDecoder.channelRead(ByteToMessageDecoder.java:278)
	io.netty.channel.CombinedChannelDuplexHandler.channelRead(CombinedChannelDuplexHandler.java:253)
	io.netty.channel.AbstractChannelHandlerContext.invokeChannelRead(AbstractChannelHandlerContext.java:374)
	io.netty.channel.AbstractChannelHandlerContext.invokeChannelRead(AbstractChannelHandlerContext.java:360)
	io.netty.channel.AbstractChannelHandlerContext.fireChannelRead(AbstractChannelHandlerContext.java:352)
	io.netty.channel.DefaultChannelPipeline$HeadContext.channelRead(DefaultChannelPipeline.java:1408)
	io.netty.channel.AbstractChannelHandlerContext.invokeChannelRead(AbstractChannelHandlerContext.java:374)
	io.netty.channel.AbstractChannelHandlerContext.invokeChannelRead(AbstractChannelHandlerContext.java:360)
	io.netty.channel.DefaultChannelPipeline.fireChannelRead(DefaultChannelPipeline.java:930)
	io.netty.channel.nio.AbstractNioByteChannel$NioByteUnsafe.read(AbstractNioByteChannel.java:163)
	io.netty.channel.nio.NioEventLoop.processSelectedKey(NioEventLoop.java:682)
	io.netty.channel.nio.NioEventLoop.processSelectedKeysOptimized(NioEventLoop.java:617)
	io.netty.channel.nio.NioEventLoop.processSelectedKeys(NioEventLoop.java:534)
	io.netty.channel.nio.NioEventLoop.run(NioEventLoop.java:496)
	io.netty.util.concurrent.SingleThreadEventExecutor$5.run(SingleThreadEventExecutor.java:906)
	io.netty.util.internal.ThreadExecutorMap$2.run(ThreadExecutorMap.java:74)
	io.netty.util.concurrent.FastThreadLocalRunnable.run(FastThreadLocalRunnable.java:30)
	java.lang.Thread.run(Thread.java:748)
#7:
	Hint: 'reactor.left.httpTrafficHandler' will handle the message from this point.
	io.netty.handler.codec.http.DefaultHttpContent.touch(DefaultHttpContent.java:88)
	io.netty.handler.codec.http.DefaultHttpContent.touch(DefaultHttpContent.java:24)
	io.netty.channel.DefaultChannelPipeline.touch(DefaultChannelPipeline.java:116)
	io.netty.channel.AbstractChannelHandlerContext.invokeChannelRead(AbstractChannelHandlerContext.java:357)
	io.netty.channel.AbstractChannelHandlerContext.fireChannelRead(AbstractChannelHandlerContext.java:352)
	io.netty.channel.CombinedChannelDuplexHandler$DelegatingChannelHandlerContext.fireChannelRead(CombinedChannelDuplexHandler.java:438)
	io.netty.handler.codec.ByteToMessageDecoder.fireChannelRead(ByteToMessageDecoder.java:323)
	io.netty.handler.codec.ByteToMessageDecoder.fireChannelRead(ByteToMessageDecoder.java:310)
	io.netty.handler.codec.ByteToMessageDecoder.callDecode(ByteToMessageDecoder.java:426)
	io.netty.handler.codec.ByteToMessageDecoder.channelRead(ByteToMessageDecoder.java:278)
	io.netty.channel.CombinedChannelDuplexHandler.channelRead(CombinedChannelDuplexHandler.java:253)
	io.netty.channel.AbstractChannelHandlerContext.invokeChannelRead(AbstractChannelHandlerContext.java:374)
	io.netty.channel.AbstractChannelHandlerContext.invokeChannelRead(AbstractChannelHandlerContext.java:360)
	io.netty.channel.AbstractChannelHandlerContext.fireChannelRead(AbstractChannelHandlerContext.java:352)
	io.netty.channel.DefaultChannelPipeline$HeadContext.channelRead(DefaultChannelPipeline.java:1408)
	io.netty.channel.AbstractChannelHandlerContext.invokeChannelRead(AbstractChannelHandlerContext.java:374)
	io.netty.channel.AbstractChannelHandlerContext.invokeChannelRead(AbstractChannelHandlerContext.java:360)
	io.netty.channel.DefaultChannelPipeline.fireChannelRead(DefaultChannelPipeline.java:930)
	io.netty.channel.nio.AbstractNioByteChannel$NioByteUnsafe.read(AbstractNioByteChannel.java:163)
	io.netty.channel.nio.NioEventLoop.processSelectedKey(NioEventLoop.java:682)
	io.netty.channel.nio.NioEventLoop.processSelectedKeysOptimized(NioEventLoop.java:617)
	io.netty.channel.nio.NioEventLoop.processSelectedKeys(NioEventLoop.java:534)
	io.netty.channel.nio.NioEventLoop.run(NioEventLoop.java:496)
	io.netty.util.concurrent.SingleThreadEventExecutor$5.run(SingleThreadEventExecutor.java:906)
	io.netty.util.internal.ThreadExecutorMap$2.run(ThreadExecutorMap.java:74)
	io.netty.util.concurrent.FastThreadLocalRunnable.run(FastThreadLocalRunnable.java:30)
	java.lang.Thread.run(Thread.java:748)
Created at:
	io.netty.buffer.SimpleLeakAwareByteBuf.unwrappedDerived(SimpleLeakAwareByteBuf.java:143)
	io.netty.buffer.SimpleLeakAwareByteBuf.readRetainedSlice(SimpleLeakAwareByteBuf.java:67)
	io.netty.buffer.AdvancedLeakAwareByteBuf.readRetainedSlice(AdvancedLeakAwareByteBuf.java:107)
	io.netty.handler.codec.http.HttpObjectDecoder.decode(HttpObjectDecoder.java:336)
	io.netty.handler.codec.http.HttpServerCodec$HttpServerRequestDecoder.decode(HttpServerCodec.java:103)
	io.netty.handler.codec.ByteToMessageDecoder.decodeRemovalReentryProtection(ByteToMessageDecoder.java:502)
	io.netty.handler.codec.ByteToMessageDecoder.callDecode(ByteToMessageDecoder.java:441)
	io.netty.handler.codec.ByteToMessageDecoder.channelRead(ByteToMessageDecoder.java:278)
	io.netty.channel.CombinedChannelDuplexHandler.channelRead(CombinedChannelDuplexHandler.java:253)
	io.netty.channel.AbstractChannelHandlerContext.invokeChannelRead(AbstractChannelHandlerContext.java:374)
	io.netty.channel.AbstractChannelHandlerContext.invokeChannelRead(AbstractChannelHandlerContext.java:360)
	io.netty.channel.AbstractChannelHandlerContext.fireChannelRead(AbstractChannelHandlerContext.java:352)
	io.netty.channel.DefaultChannelPipeline$HeadContext.channelRead(DefaultChannelPipeline.java:1408)
	io.netty.channel.AbstractChannelHandlerContext.invokeChannelRead(AbstractChannelHandlerContext.java:374)
	io.netty.channel.AbstractChannelHandlerContext.invokeChannelRead(AbstractChannelHandlerContext.java:360)
	io.netty.channel.DefaultChannelPipeline.fireChannelRead(DefaultChannelPipeline.java:930)
	io.netty.channel.nio.AbstractNioByteChannel$NioByteUnsafe.read(AbstractNioByteChannel.java:163)
	io.netty.channel.nio.NioEventLoop.processSelectedKey(NioEventLoop.java:682)
	io.netty.channel.nio.NioEventLoop.processSelectedKeysOptimized(NioEventLoop.java:617)
	io.netty.channel.nio.NioEventLoop.processSelectedKeys(NioEventLoop.java:534)
	io.netty.channel.nio.NioEventLoop.run(NioEventLoop.java:496)
	io.netty.util.concurrent.SingleThreadEventExecutor$5.run(SingleThreadEventExecutor.java:906)
	io.netty.util.internal.ThreadExecutorMap$2.run(ThreadExecutorMap.java:74)
	io.netty.util.concurrent.FastThreadLocalRunnable.run(FastThreadLocalRunnable.java:30)
	java.lang.Thread.run(Thread.java:748)
: 5 leak records were discarded because they were duplicates
: 241 leak records were discarded because the leak record count is targeted to 4. Use system property io.netty.leakDetection.targetRecords to increase the limit.
22:42:57.844 [reactor-http-nio-6] ERROR i.n.u.ResourceLeakDetector - LEAK: ByteBuf.release() was not called before it's garbage-collected. See http://netty.io/wiki/reference-counted-objects.html for more information.
Recent access records: 
#1:
	org.springframework.core.io.buffer.NettyDataBuffer.release(NettyDataBuffer.java:308)
	org.springframework.core.io.buffer.DataBufferUtils.release(DataBufferUtils.java:498)
	org.springframework.http.codec.multipart.DefaultMultipartMessageReader.toPart(DefaultMultipartMessageReader.java:206)
	reactor.core.publisher.FluxMap$MapConditionalSubscriber.onNext(FluxMap.java:199)
	reactor.core.publisher.FluxTakeWhile$TakeWhileSubscriber.onNext(FluxTakeWhile.java:94)
	reactor.core.publisher.FluxContextStart$ContextStartSubscriber.onNext(FluxContextStart.java:103)
	reactor.core.publisher.FluxMap$MapConditionalSubscriber.onNext(FluxMap.java:213)
	reactor.core.publisher.FluxBufferPredicate$BufferPredicateSubscriber.emit(FluxBufferPredicate.java:290)
	reactor.core.publisher.FluxBufferPredicate$BufferPredicateSubscriber.onNextNewBuffer(FluxBufferPredicate.java:257)
	reactor.core.publisher.FluxBufferPredicate$BufferPredicateSubscriber.tryOnNext(FluxBufferPredicate.java:211)
	reactor.core.publisher.FluxBufferPredicate$BufferPredicateSubscriber.onNext(FluxBufferPredicate.java:184)
	reactor.core.publisher.FluxFlatMap$FlatMapMain.drainLoop(FluxFlatMap.java:664)
	reactor.core.publisher.FluxFlatMap$FlatMapMain.drain(FluxFlatMap.java:540)
	reactor.core.publisher.FluxFlatMap$FlatMapInner.onSubscribe(FluxFlatMap.java:924)
	reactor.core.publisher.FluxIterable.subscribe(FluxIterable.java:139)
	reactor.core.publisher.FluxIterable.subscribe(FluxIterable.java:63)
	reactor.core.publisher.Flux.subscribe(Flux.java:7922)
	reactor.core.publisher.FluxFlatMap$FlatMapMain.onNext(FluxFlatMap.java:389)
	reactor.core.publisher.FluxConcatMap$ConcatMapImmediate.innerNext(FluxConcatMap.java:275)
	reactor.core.publisher.FluxConcatMap$ConcatMapInner.onNext(FluxConcatMap.java:849)
	reactor.core.publisher.FluxConcatMap$WeakScalarSubscription.request(FluxConcatMap.java:470)
	reactor.core.publisher.Operators$MultiSubscriptionSubscriber.set(Operators.java:1939)
	reactor.core.publisher.FluxConcatMap$ConcatMapImmediate.drain(FluxConcatMap.java:436)
	reactor.core.publisher.FluxConcatMap$ConcatMapImmediate.onNext(FluxConcatMap.java:244)
	reactor.core.publisher.FluxMap$MapSubscriber.onNext(FluxMap.java:114)
	reactor.core.publisher.FluxPeek$PeekSubscriber.onNext(FluxPeek.java:192)
	reactor.core.publisher.FluxMap$MapSubscriber.onNext(FluxMap.java:114)
	reactor.netty.channel.FluxReceive.drainReceiver(FluxReceive.java:206)
	reactor.netty.channel.FluxReceive.onInboundNext(FluxReceive.java:322)
	reactor.netty.channel.ChannelOperations.onInboundNext(ChannelOperations.java:335)
	reactor.netty.http.server.HttpServerOperations.onInboundNext(HttpServerOperations.java:456)
	reactor.netty.channel.ChannelOperationsHandler.channelRead(ChannelOperationsHandler.java:91)
	io.netty.channel.AbstractChannelHandlerContext.invokeChannelRead(AbstractChannelHandlerContext.java:374)
	io.netty.channel.AbstractChannelHandlerContext.invokeChannelRead(AbstractChannelHandlerContext.java:360)
	io.netty.channel.AbstractChannelHandlerContext.fireChannelRead(AbstractChannelHandlerContext.java:352)
	reactor.netty.http.server.HttpTrafficHandler.channelRead(HttpTrafficHandler.java:190)
	io.netty.channel.AbstractChannelHandlerContext.invokeChannelRead(AbstractChannelHandlerContext.java:374)
	io.netty.channel.AbstractChannelHandlerContext.invokeChannelRead(AbstractChannelHandlerContext.java:360)
	io.netty.channel.AbstractChannelHandlerContext.fireChannelRead(AbstractChannelHandlerContext.java:352)
	io.netty.channel.CombinedChannelDuplexHandler$DelegatingChannelHandlerContext.fireChannelRead(CombinedChannelDuplexHandler.java:438)
	io.netty.handler.codec.ByteToMessageDecoder.fireChannelRead(ByteToMessageDecoder.java:323)
	io.netty.handler.codec.ByteToMessageDecoder.fireChannelRead(ByteToMessageDecoder.java:310)
	io.netty.handler.codec.ByteToMessageDecoder.callDecode(ByteToMessageDecoder.java:426)
	io.netty.handler.codec.ByteToMessageDecoder.channelRead(ByteToMessageDecoder.java:278)
	io.netty.channel.CombinedChannelDuplexHandler.channelRead(CombinedChannelDuplexHandler.java:253)
	io.netty.channel.AbstractChannelHandlerContext.invokeChannelRead(AbstractChannelHandlerContext.java:374)
	io.netty.channel.AbstractChannelHandlerContext.invokeChannelRead(AbstractChannelHandlerContext.java:360)
	io.netty.channel.AbstractChannelHandlerContext.fireChannelRead(AbstractChannelHandlerContext.java:352)
	io.netty.channel.DefaultChannelPipeline$HeadContext.channelRead(DefaultChannelPipeline.java:1408)
	io.netty.channel.AbstractChannelHandlerContext.invokeChannelRead(AbstractChannelHandlerContext.java:374)
	io.netty.channel.AbstractChannelHandlerContext.invokeChannelRead(AbstractChannelHandlerContext.java:360)
	io.netty.channel.DefaultChannelPipeline.fireChannelRead(DefaultChannelPipeline.java:930)
	io.netty.channel.nio.AbstractNioByteChannel$NioByteUnsafe.read(AbstractNioByteChannel.java:163)
	io.netty.channel.nio.NioEventLoop.processSelectedKey(NioEventLoop.java:682)
	io.netty.channel.nio.NioEventLoop.processSelectedKeysOptimized(NioEventLoop.java:617)
	io.netty.channel.nio.NioEventLoop.processSelectedKeys(NioEventLoop.java:534)
	io.netty.channel.nio.NioEventLoop.run(NioEventLoop.java:496)
	io.netty.util.concurrent.SingleThreadEventExecutor$5.run(SingleThreadEventExecutor.java:906)
	io.netty.util.internal.ThreadExecutorMap$2.run(ThreadExecutorMap.java:74)
	io.netty.util.concurrent.FastThreadLocalRunnable.run(FastThreadLocalRunnable.java:30)
	java.lang.Thread.run(Thread.java:748)
#2:
	io.netty.buffer.AdvancedLeakAwareCompositeByteBuf.getByte(AdvancedLeakAwareCompositeByteBuf.java:140)
	org.springframework.core.io.buffer.NettyDataBuffer.getByte(NettyDataBuffer.java:132)
	org.springframework.core.io.buffer.DataBufferUtils$KnuthMorrisPrattMatcher.match(DataBufferUtils.java:1005)
	org.springframework.http.codec.multipart.DefaultMultipartMessageReader.toPart(DefaultMultipartMessageReader.java:184)
	reactor.core.publisher.FluxMap$MapConditionalSubscriber.onNext(FluxMap.java:199)
	reactor.core.publisher.FluxTakeWhile$TakeWhileSubscriber.onNext(FluxTakeWhile.java:94)
	reactor.core.publisher.FluxContextStart$ContextStartSubscriber.onNext(FluxContextStart.java:103)
	reactor.core.publisher.FluxMap$MapConditionalSubscriber.onNext(FluxMap.java:213)
	reactor.core.publisher.FluxBufferPredicate$BufferPredicateSubscriber.emit(FluxBufferPredicate.java:290)
	reactor.core.publisher.FluxBufferPredicate$BufferPredicateSubscriber.onNextNewBuffer(FluxBufferPredicate.java:257)
	reactor.core.publisher.FluxBufferPredicate$BufferPredicateSubscriber.tryOnNext(FluxBufferPredicate.java:211)
	reactor.core.publisher.FluxBufferPredicate$BufferPredicateSubscriber.onNext(FluxBufferPredicate.java:184)
	reactor.core.publisher.FluxFlatMap$FlatMapMain.drainLoop(FluxFlatMap.java:664)
	reactor.core.publisher.FluxFlatMap$FlatMapMain.drain(FluxFlatMap.java:540)
	reactor.core.publisher.FluxFlatMap$FlatMapInner.onSubscribe(FluxFlatMap.java:924)
	reactor.core.publisher.FluxIterable.subscribe(FluxIterable.java:139)
	reactor.core.publisher.FluxIterable.subscribe(FluxIterable.java:63)
	reactor.core.publisher.Flux.subscribe(Flux.java:7922)
	reactor.core.publisher.FluxFlatMap$FlatMapMain.onNext(FluxFlatMap.java:389)
	reactor.core.publisher.FluxConcatMap$ConcatMapImmediate.innerNext(FluxConcatMap.java:275)
	reactor.core.publisher.FluxConcatMap$ConcatMapInner.onNext(FluxConcatMap.java:849)
	reactor.core.publisher.FluxConcatMap$WeakScalarSubscription.request(FluxConcatMap.java:470)
	reactor.core.publisher.Operators$MultiSubscriptionSubscriber.set(Operators.java:1939)
	reactor.core.publisher.FluxConcatMap$ConcatMapImmediate.drain(FluxConcatMap.java:436)
	reactor.core.publisher.FluxConcatMap$ConcatMapImmediate.onNext(FluxConcatMap.java:244)
	reactor.core.publisher.FluxMap$MapSubscriber.onNext(FluxMap.java:114)
	reactor.core.publisher.FluxPeek$PeekSubscriber.onNext(FluxPeek.java:192)
	reactor.core.publisher.FluxMap$MapSubscriber.onNext(FluxMap.java:114)
	reactor.netty.channel.FluxReceive.drainReceiver(FluxReceive.java:206)
	reactor.netty.channel.FluxReceive.onInboundNext(FluxReceive.java:322)
	reactor.netty.channel.ChannelOperations.onInboundNext(ChannelOperations.java:335)
	reactor.netty.http.server.HttpServerOperations.onInboundNext(HttpServerOperations.java:456)
	reactor.netty.channel.ChannelOperationsHandler.channelRead(ChannelOperationsHandler.java:91)
	io.netty.channel.AbstractChannelHandlerContext.invokeChannelRead(AbstractChannelHandlerContext.java:374)
	io.netty.channel.AbstractChannelHandlerContext.invokeChannelRead(AbstractChannelHandlerContext.java:360)
	io.netty.channel.AbstractChannelHandlerContext.fireChannelRead(AbstractChannelHandlerContext.java:352)
	reactor.netty.http.server.HttpTrafficHandler.channelRead(HttpTrafficHandler.java:190)
	io.netty.channel.AbstractChannelHandlerContext.invokeChannelRead(AbstractChannelHandlerContext.java:374)
	io.netty.channel.AbstractChannelHandlerContext.invokeChannelRead(AbstractChannelHandlerContext.java:360)
	io.netty.channel.AbstractChannelHandlerContext.fireChannelRead(AbstractChannelHandlerContext.java:352)
	io.netty.channel.CombinedChannelDuplexHandler$DelegatingChannelHandlerContext.fireChannelRead(CombinedChannelDuplexHandler.java:438)
	io.netty.handler.codec.ByteToMessageDecoder.fireChannelRead(ByteToMessageDecoder.java:323)
	io.netty.handler.codec.ByteToMessageDecoder.fireChannelRead(ByteToMessageDecoder.java:310)
	io.netty.handler.codec.ByteToMessageDecoder.callDecode(ByteToMessageDecoder.java:426)
	io.netty.handler.codec.ByteToMessageDecoder.channelRead(ByteToMessageDecoder.java:278)
	io.netty.channel.CombinedChannelDuplexHandler.channelRead(CombinedChannelDuplexHandler.java:253)
	io.netty.channel.AbstractChannelHandlerContext.invokeChannelRead(AbstractChannelHandlerContext.java:374)
	io.netty.channel.AbstractChannelHandlerContext.invokeChannelRead(AbstractChannelHandlerContext.java:360)
	io.netty.channel.AbstractChannelHandlerContext.fireChannelRead(AbstractChannelHandlerContext.java:352)
	io.netty.channel.DefaultChannelPipeline$HeadContext.channelRead(DefaultChannelPipeline.java:1408)
	io.netty.channel.AbstractChannelHandlerContext.invokeChannelRead(AbstractChannelHandlerContext.java:374)
	io.netty.channel.AbstractChannelHandlerContext.invokeChannelRead(AbstractChannelHandlerContext.java:360)
	io.netty.channel.DefaultChannelPipeline.fireChannelRead(DefaultChannelPipeline.java:930)
	io.netty.channel.nio.AbstractNioByteChannel$NioByteUnsafe.read(AbstractNioByteChannel.java:163)
	io.netty.channel.nio.NioEventLoop.processSelectedKey(NioEventLoop.java:682)
	io.netty.channel.nio.NioEventLoop.processSelectedKeysOptimized(NioEventLoop.java:617)
	io.netty.channel.nio.NioEventLoop.processSelectedKeys(NioEventLoop.java:534)
	io.netty.channel.nio.NioEventLoop.run(NioEventLoop.java:496)
	io.netty.util.concurrent.SingleThreadEventExecutor$5.run(SingleThreadEventExecutor.java:906)
	io.netty.util.internal.ThreadExecutorMap$2.run(ThreadExecutorMap.java:74)
	io.netty.util.concurrent.FastThreadLocalRunnable.run(FastThreadLocalRunnable.java:30)
	java.lang.Thread.run(Thread.java:748)
#3:
	io.netty.buffer.AdvancedLeakAwareCompositeByteBuf.getByte(AdvancedLeakAwareCompositeByteBuf.java:140)
	org.springframework.core.io.buffer.NettyDataBuffer.getByte(NettyDataBuffer.java:132)
	org.springframework.http.codec.multipart.DefaultMultipartMessageReader.toPart(DefaultMultipartMessageReader.java:179)
	reactor.core.publisher.FluxMap$MapConditionalSubscriber.onNext(FluxMap.java:199)
	reactor.core.publisher.FluxTakeWhile$TakeWhileSubscriber.onNext(FluxTakeWhile.java:94)
	reactor.core.publisher.FluxContextStart$ContextStartSubscriber.onNext(FluxContextStart.java:103)
	reactor.core.publisher.FluxMap$MapConditionalSubscriber.onNext(FluxMap.java:213)
	reactor.core.publisher.FluxBufferPredicate$BufferPredicateSubscriber.emit(FluxBufferPredicate.java:290)
	reactor.core.publisher.FluxBufferPredicate$BufferPredicateSubscriber.onNextNewBuffer(FluxBufferPredicate.java:257)
	reactor.core.publisher.FluxBufferPredicate$BufferPredicateSubscriber.tryOnNext(FluxBufferPredicate.java:211)
	reactor.core.publisher.FluxBufferPredicate$BufferPredicateSubscriber.onNext(FluxBufferPredicate.java:184)
	reactor.core.publisher.FluxFlatMap$FlatMapMain.drainLoop(FluxFlatMap.java:664)
	reactor.core.publisher.FluxFlatMap$FlatMapMain.drain(FluxFlatMap.java:540)
	reactor.core.publisher.FluxFlatMap$FlatMapInner.onSubscribe(FluxFlatMap.java:924)
	reactor.core.publisher.FluxIterable.subscribe(FluxIterable.java:139)
	reactor.core.publisher.FluxIterable.subscribe(FluxIterable.java:63)
	reactor.core.publisher.Flux.subscribe(Flux.java:7922)
	reactor.core.publisher.FluxFlatMap$FlatMapMain.onNext(FluxFlatMap.java:389)
	reactor.core.publisher.FluxConcatMap$ConcatMapImmediate.innerNext(FluxConcatMap.java:275)
	reactor.core.publisher.FluxConcatMap$ConcatMapInner.onNext(FluxConcatMap.java:849)
	reactor.core.publisher.FluxConcatMap$WeakScalarSubscription.request(FluxConcatMap.java:470)
	reactor.core.publisher.Operators$MultiSubscriptionSubscriber.set(Operators.java:1939)
	reactor.core.publisher.FluxConcatMap$ConcatMapImmediate.drain(FluxConcatMap.java:436)
	reactor.core.publisher.FluxConcatMap$ConcatMapImmediate.onNext(FluxConcatMap.java:244)
	reactor.core.publisher.FluxMap$MapSubscriber.onNext(FluxMap.java:114)
	reactor.core.publisher.FluxPeek$PeekSubscriber.onNext(FluxPeek.java:192)
	reactor.core.publisher.FluxMap$MapSubscriber.onNext(FluxMap.java:114)
	reactor.netty.channel.FluxReceive.drainReceiver(FluxReceive.java:206)
	reactor.netty.channel.FluxReceive.onInboundNext(FluxReceive.java:322)
	reactor.netty.channel.ChannelOperations.onInboundNext(ChannelOperations.java:335)
	reactor.netty.http.server.HttpServerOperations.onInboundNext(HttpServerOperations.java:456)
	reactor.netty.channel.ChannelOperationsHandler.channelRead(ChannelOperationsHandler.java:91)
	io.netty.channel.AbstractChannelHandlerContext.invokeChannelRead(AbstractChannelHandlerContext.java:374)
	io.netty.channel.AbstractChannelHandlerContext.invokeChannelRead(AbstractChannelHandlerContext.java:360)
	io.netty.channel.AbstractChannelHandlerContext.fireChannelRead(AbstractChannelHandlerContext.java:352)
	reactor.netty.http.server.HttpTrafficHandler.channelRead(HttpTrafficHandler.java:190)
	io.netty.channel.AbstractChannelHandlerContext.invokeChannelRead(AbstractChannelHandlerContext.java:374)
	io.netty.channel.AbstractChannelHandlerContext.invokeChannelRead(AbstractChannelHandlerContext.java:360)
	io.netty.channel.AbstractChannelHandlerContext.fireChannelRead(AbstractChannelHandlerContext.java:352)
	io.netty.channel.CombinedChannelDuplexHandler$DelegatingChannelHandlerContext.fireChannelRead(CombinedChannelDuplexHandler.java:438)
	io.netty.handler.codec.ByteToMessageDecoder.fireChannelRead(ByteToMessageDecoder.java:323)
	io.netty.handler.codec.ByteToMessageDecoder.fireChannelRead(ByteToMessageDecoder.java:310)
	io.netty.handler.codec.ByteToMessageDecoder.callDecode(ByteToMessageDecoder.java:426)
	io.netty.handler.codec.ByteToMessageDecoder.channelRead(ByteToMessageDecoder.java:278)
	io.netty.channel.CombinedChannelDuplexHandler.channelRead(CombinedChannelDuplexHandler.java:253)
	io.netty.channel.AbstractChannelHandlerContext.invokeChannelRead(AbstractChannelHandlerContext.java:374)
	io.netty.channel.AbstractChannelHandlerContext.invokeChannelRead(AbstractChannelHandlerContext.java:360)
	io.netty.channel.AbstractChannelHandlerContext.fireChannelRead(AbstractChannelHandlerContext.java:352)
	io.netty.channel.DefaultChannelPipeline$HeadContext.channelRead(DefaultChannelPipeline.java:1408)
	io.netty.channel.AbstractChannelHandlerContext.invokeChannelRead(AbstractChannelHandlerContext.java:374)
	io.netty.channel.AbstractChannelHandlerContext.invokeChannelRead(AbstractChannelHandlerContext.java:360)
	io.netty.channel.DefaultChannelPipeline.fireChannelRead(DefaultChannelPipeline.java:930)
	io.netty.channel.nio.AbstractNioByteChannel$NioByteUnsafe.read(AbstractNioByteChannel.java:163)
	io.netty.channel.nio.NioEventLoop.processSelectedKey(NioEventLoop.java:682)
	io.netty.channel.nio.NioEventLoop.processSelectedKeysOptimized(NioEventLoop.java:617)
	io.netty.channel.nio.NioEventLoop.processSelectedKeys(NioEventLoop.java:534)
	io.netty.channel.nio.NioEventLoop.run(NioEventLoop.java:496)
	io.netty.util.concurrent.SingleThreadEventExecutor$5.run(SingleThreadEventExecutor.java:906)
	io.netty.util.internal.ThreadExecutorMap$2.run(ThreadExecutorMap.java:74)
	io.netty.util.concurrent.FastThreadLocalRunnable.run(FastThreadLocalRunnable.java:30)
	java.lang.Thread.run(Thread.java:748)
#4:
	io.netty.buffer.AdvancedLeakAwareCompositeByteBuf.addComponent(AdvancedLeakAwareCompositeByteBuf.java:920)
	org.springframework.core.io.buffer.NettyDataBufferFactory.join(NettyDataBufferFactory.java:111)
	org.springframework.core.io.buffer.DataBufferUtils.joinAndStrip(DataBufferUtils.java:686)
	org.springframework.core.io.buffer.DataBufferUtils.lambda$split$20(DataBufferUtils.java:605)
	reactor.core.publisher.FluxMap$MapConditionalSubscriber.onNext(FluxMap.java:199)
	reactor.core.publisher.FluxBufferPredicate$BufferPredicateSubscriber.emit(FluxBufferPredicate.java:290)
	reactor.core.publisher.FluxBufferPredicate$BufferPredicateSubscriber.onNextNewBuffer(FluxBufferPredicate.java:257)
	reactor.core.publisher.FluxBufferPredicate$BufferPredicateSubscriber.tryOnNext(FluxBufferPredicate.java:211)
	reactor.core.publisher.FluxBufferPredicate$BufferPredicateSubscriber.onNext(FluxBufferPredicate.java:184)
	reactor.core.publisher.FluxFlatMap$FlatMapMain.drainLoop(FluxFlatMap.java:664)
	reactor.core.publisher.FluxFlatMap$FlatMapMain.drain(FluxFlatMap.java:540)
	reactor.core.publisher.FluxFlatMap$FlatMapInner.onSubscribe(FluxFlatMap.java:924)
	reactor.core.publisher.FluxIterable.subscribe(FluxIterable.java:139)
	reactor.core.publisher.FluxIterable.subscribe(FluxIterable.java:63)
	reactor.core.publisher.Flux.subscribe(Flux.java:7922)
	reactor.core.publisher.FluxFlatMap$FlatMapMain.onNext(FluxFlatMap.java:389)
	reactor.core.publisher.FluxConcatMap$ConcatMapImmediate.innerNext(FluxConcatMap.java:275)
	reactor.core.publisher.FluxConcatMap$ConcatMapInner.onNext(FluxConcatMap.java:849)
	reactor.core.publisher.FluxConcatMap$WeakScalarSubscription.request(FluxConcatMap.java:470)
	reactor.core.publisher.Operators$MultiSubscriptionSubscriber.set(Operators.java:1939)
	reactor.core.publisher.FluxConcatMap$ConcatMapImmediate.drain(FluxConcatMap.java:436)
	reactor.core.publisher.FluxConcatMap$ConcatMapImmediate.onNext(FluxConcatMap.java:244)
	reactor.core.publisher.FluxMap$MapSubscriber.onNext(FluxMap.java:114)
	reactor.core.publisher.FluxPeek$PeekSubscriber.onNext(FluxPeek.java:192)
	reactor.core.publisher.FluxMap$MapSubscriber.onNext(FluxMap.java:114)
	reactor.netty.channel.FluxReceive.drainReceiver(FluxReceive.java:206)
	reactor.netty.channel.FluxReceive.onInboundNext(FluxReceive.java:322)
	reactor.netty.channel.ChannelOperations.onInboundNext(ChannelOperations.java:335)
	reactor.netty.http.server.HttpServerOperations.onInboundNext(HttpServerOperations.java:456)
	reactor.netty.channel.ChannelOperationsHandler.channelRead(ChannelOperationsHandler.java:91)
	io.netty.channel.AbstractChannelHandlerContext.invokeChannelRead(AbstractChannelHandlerContext.java:374)
	io.netty.channel.AbstractChannelHandlerContext.invokeChannelRead(AbstractChannelHandlerContext.java:360)
	io.netty.channel.AbstractChannelHandlerContext.fireChannelRead(AbstractChannelHandlerContext.java:352)
	reactor.netty.http.server.HttpTrafficHandler.channelRead(HttpTrafficHandler.java:190)
	io.netty.channel.AbstractChannelHandlerContext.invokeChannelRead(AbstractChannelHandlerContext.java:374)
	io.netty.channel.AbstractChannelHandlerContext.invokeChannelRead(AbstractChannelHandlerContext.java:360)
	io.netty.channel.AbstractChannelHandlerContext.fireChannelRead(AbstractChannelHandlerContext.java:352)
	io.netty.channel.CombinedChannelDuplexHandler$DelegatingChannelHandlerContext.fireChannelRead(CombinedChannelDuplexHandler.java:438)
	io.netty.handler.codec.ByteToMessageDecoder.fireChannelRead(ByteToMessageDecoder.java:323)
	io.netty.handler.codec.ByteToMessageDecoder.fireChannelRead(ByteToMessageDecoder.java:310)
	io.netty.handler.codec.ByteToMessageDecoder.callDecode(ByteToMessageDecoder.java:426)
	io.netty.handler.codec.ByteToMessageDecoder.channelRead(ByteToMessageDecoder.java:278)
	io.netty.channel.CombinedChannelDuplexHandler.channelRead(CombinedChannelDuplexHandler.java:253)
	io.netty.channel.AbstractChannelHandlerContext.invokeChannelRead(AbstractChannelHandlerContext.java:374)
	io.netty.channel.AbstractChannelHandlerContext.invokeChannelRead(AbstractChannelHandlerContext.java:360)
	io.netty.channel.AbstractChannelHandlerContext.fireChannelRead(AbstractChannelHandlerContext.java:352)
	io.netty.channel.DefaultChannelPipeline$HeadContext.channelRead(DefaultChannelPipeline.java:1408)
	io.netty.channel.AbstractChannelHandlerContext.invokeChannelRead(AbstractChannelHandlerContext.java:374)
	io.netty.channel.AbstractChannelHandlerContext.invokeChannelRead(AbstractChannelHandlerContext.java:360)
	io.netty.channel.DefaultChannelPipeline.fireChannelRead(DefaultChannelPipeline.java:930)
	io.netty.channel.nio.AbstractNioByteChannel$NioByteUnsafe.read(AbstractNioByteChannel.java:163)
	io.netty.channel.nio.NioEventLoop.processSelectedKey(NioEventLoop.java:682)
	io.netty.channel.nio.NioEventLoop.processSelectedKeysOptimized(NioEventLoop.java:617)
	io.netty.channel.nio.NioEventLoop.processSelectedKeys(NioEventLoop.java:534)
	io.netty.channel.nio.NioEventLoop.run(NioEventLoop.java:496)
	io.netty.util.concurrent.SingleThreadEventExecutor$5.run(SingleThreadEventExecutor.java:906)
	io.netty.util.internal.ThreadExecutorMap$2.run(ThreadExecutorMap.java:74)
	io.netty.util.concurrent.FastThreadLocalRunnable.run(FastThreadLocalRunnable.java:30)
	java.lang.Thread.run(Thread.java:748)
Created at:
	io.netty.buffer.AbstractByteBufAllocator.compositeDirectBuffer(AbstractByteBufAllocator.java:223)
	io.netty.buffer.AbstractByteBufAllocator.compositeBuffer(AbstractByteBufAllocator.java:201)
	org.springframework.core.io.buffer.NettyDataBufferFactory.join(NettyDataBufferFactory.java:108)
	org.springframework.core.io.buffer.DataBufferUtils.joinAndStrip(DataBufferUtils.java:686)
	org.springframework.core.io.buffer.DataBufferUtils.lambda$split$20(DataBufferUtils.java:605)
	reactor.core.publisher.FluxMap$MapConditionalSubscriber.onNext(FluxMap.java:199)
	reactor.core.publisher.FluxBufferPredicate$BufferPredicateSubscriber.emit(FluxBufferPredicate.java:290)
	reactor.core.publisher.FluxBufferPredicate$BufferPredicateSubscriber.onNextNewBuffer(FluxBufferPredicate.java:257)
	reactor.core.publisher.FluxBufferPredicate$BufferPredicateSubscriber.tryOnNext(FluxBufferPredicate.java:211)
	reactor.core.publisher.FluxBufferPredicate$BufferPredicateSubscriber.onNext(FluxBufferPredicate.java:184)
	reactor.core.publisher.FluxFlatMap$FlatMapMain.drainLoop(FluxFlatMap.java:664)
	reactor.core.publisher.FluxFlatMap$FlatMapMain.drain(FluxFlatMap.java:540)
	reactor.core.publisher.FluxFlatMap$FlatMapInner.onSubscribe(FluxFlatMap.java:924)
	reactor.core.publisher.FluxIterable.subscribe(FluxIterable.java:139)
	reactor.core.publisher.FluxIterable.subscribe(FluxIterable.java:63)
	reactor.core.publisher.Flux.subscribe(Flux.java:7922)
	reactor.core.publisher.FluxFlatMap$FlatMapMain.onNext(FluxFlatMap.java:389)
	reactor.core.publisher.FluxConcatMap$ConcatMapImmediate.innerNext(FluxConcatMap.java:275)
	reactor.core.publisher.FluxConcatMap$ConcatMapInner.onNext(FluxConcatMap.java:849)
	reactor.core.publisher.FluxConcatMap$WeakScalarSubscription.request(FluxConcatMap.java:470)
	reactor.core.publisher.Operators$MultiSubscriptionSubscriber.set(Operators.java:1939)
	reactor.core.publisher.FluxConcatMap$ConcatMapImmediate.drain(FluxConcatMap.java:436)
	reactor.core.publisher.FluxConcatMap$ConcatMapImmediate.onNext(FluxConcatMap.java:244)
	reactor.core.publisher.FluxMap$MapSubscriber.onNext(FluxMap.java:114)
	reactor.core.publisher.FluxPeek$PeekSubscriber.onNext(FluxPeek.java:192)
	reactor.core.publisher.FluxMap$MapSubscriber.onNext(FluxMap.java:114)
	reactor.netty.channel.FluxReceive.drainReceiver(FluxReceive.java:206)
	reactor.netty.channel.FluxReceive.onInboundNext(FluxReceive.java:322)
	reactor.netty.channel.ChannelOperations.onInboundNext(ChannelOperations.java:335)
	reactor.netty.http.server.HttpServerOperations.onInboundNext(HttpServerOperations.java:456)
	reactor.netty.channel.ChannelOperationsHandler.channelRead(ChannelOperationsHandler.java:91)
	io.netty.channel.AbstractChannelHandlerContext.invokeChannelRead(AbstractChannelHandlerContext.java:374)
	io.netty.channel.AbstractChannelHandlerContext.invokeChannelRead(AbstractChannelHandlerContext.java:360)
	io.netty.channel.AbstractChannelHandlerContext.fireChannelRead(AbstractChannelHandlerContext.java:352)
	reactor.netty.http.server.HttpTrafficHandler.channelRead(HttpTrafficHandler.java:190)
	io.netty.channel.AbstractChannelHandlerContext.invokeChannelRead(AbstractChannelHandlerContext.java:374)
	io.netty.channel.AbstractChannelHandlerContext.invokeChannelRead(AbstractChannelHandlerContext.java:360)
	io.netty.channel.AbstractChannelHandlerContext.fireChannelRead(AbstractChannelHandlerContext.java:352)
	io.netty.channel.CombinedChannelDuplexHandler$DelegatingChannelHandlerContext.fireChannelRead(CombinedChannelDuplexHandler.java:438)
	io.netty.handler.codec.ByteToMessageDecoder.fireChannelRead(ByteToMessageDecoder.java:323)
	io.netty.handler.codec.ByteToMessageDecoder.fireChannelRead(ByteToMessageDecoder.java:310)
	io.netty.handler.codec.ByteToMessageDecoder.callDecode(ByteToMessageDecoder.java:426)
	io.netty.handler.codec.ByteToMessageDecoder.channelRead(ByteToMessageDecoder.java:278)
	io.netty.channel.CombinedChannelDuplexHandler.channelRead(CombinedChannelDuplexHandler.java:253)
	io.netty.channel.AbstractChannelHandlerContext.invokeChannelRead(AbstractChannelHandlerContext.java:374)
	io.netty.channel.AbstractChannelHandlerContext.invokeChannelRead(AbstractChannelHandlerContext.java:360)
	io.netty.channel.AbstractChannelHandlerContext.fireChannelRead(AbstractChannelHandlerContext.java:352)
	io.netty.channel.DefaultChannelPipeline$HeadContext.channelRead(DefaultChannelPipeline.java:1408)
	io.netty.channel.AbstractChannelHandlerContext.invokeChannelRead(AbstractChannelHandlerContext.java:374)
	io.netty.channel.AbstractChannelHandlerContext.invokeChannelRead(AbstractChannelHandlerContext.java:360)
	io.netty.channel.DefaultChannelPipeline.fireChannelRead(DefaultChannelPipeline.java:930)
	io.netty.channel.nio.AbstractNioByteChannel$NioByteUnsafe.read(AbstractNioByteChannel.java:163)
	io.netty.channel.nio.NioEventLoop.processSelectedKey(NioEventLoop.java:682)
	io.netty.channel.nio.NioEventLoop.processSelectedKeysOptimized(NioEventLoop.java:617)
	io.netty.channel.nio.NioEventLoop.processSelectedKeys(NioEventLoop.java:534)
	io.netty.channel.nio.NioEventLoop.run(NioEventLoop.java:496)
	io.netty.util.concurrent.SingleThreadEventExecutor$5.run(SingleThreadEventExecutor.java:906)
	io.netty.util.internal.ThreadExecutorMap$2.run(ThreadExecutorMap.java:74)
	io.netty.util.concurrent.FastThreadLocalRunnable.run(FastThreadLocalRunnable.java:30)
	java.lang.Thread.run(Thread.java:748)
: 6 leak records were discarded because they were duplicates
: 121 leak records were discarded because the leak record count is targeted to 4. Use system property io.netty.leakDetection.targetRecords to increase the limit.
22:42:57.847 [reactor-http-nio-6] ERROR i.n.u.ResourceLeakDetector - LEAK: ByteBuf.release() was not called before it's garbage-collected. See http://netty.io/wiki/reference-counted-objects.html for more information.
Recent access records: 
#1:
	io.netty.buffer.AdvancedLeakAwareByteBuf.order(AdvancedLeakAwareByteBuf.java:70)
	io.netty.buffer.CompositeByteBuf.newComponent(CompositeByteBuf.java:318)
	io.netty.buffer.CompositeByteBuf.addComponent0(CompositeByteBuf.java:280)
	io.netty.buffer.CompositeByteBuf.addComponent(CompositeByteBuf.java:265)
	io.netty.buffer.CompositeByteBuf.addComponent(CompositeByteBuf.java:222)
	io.netty.buffer.WrappedCompositeByteBuf.addComponent(WrappedCompositeByteBuf.java:529)
	io.netty.buffer.AdvancedLeakAwareCompositeByteBuf.addComponent(AdvancedLeakAwareCompositeByteBuf.java:921)
	org.springframework.core.io.buffer.NettyDataBufferFactory.join(NettyDataBufferFactory.java:111)
	org.springframework.core.io.buffer.DataBufferUtils.joinAndStrip(DataBufferUtils.java:686)
	org.springframework.core.io.buffer.DataBufferUtils.lambda$split$20(DataBufferUtils.java:605)
	reactor.core.publisher.FluxMap$MapConditionalSubscriber.onNext(FluxMap.java:199)
	reactor.core.publisher.FluxBufferPredicate$BufferPredicateSubscriber.emit(FluxBufferPredicate.java:290)
	reactor.core.publisher.FluxBufferPredicate$BufferPredicateSubscriber.onNextNewBuffer(FluxBufferPredicate.java:257)
	reactor.core.publisher.FluxBufferPredicate$BufferPredicateSubscriber.tryOnNext(FluxBufferPredicate.java:211)
	reactor.core.publisher.FluxBufferPredicate$BufferPredicateSubscriber.onNext(FluxBufferPredicate.java:184)
	reactor.core.publisher.FluxFlatMap$FlatMapMain.drainLoop(FluxFlatMap.java:664)
	reactor.core.publisher.FluxFlatMap$FlatMapMain.drain(FluxFlatMap.java:540)
	reactor.core.publisher.FluxFlatMap$FlatMapInner.onSubscribe(FluxFlatMap.java:924)
	reactor.core.publisher.FluxIterable.subscribe(FluxIterable.java:139)
	reactor.core.publisher.FluxIterable.subscribe(FluxIterable.java:63)
	reactor.core.publisher.Flux.subscribe(Flux.java:7922)
	reactor.core.publisher.FluxFlatMap$FlatMapMain.onNext(FluxFlatMap.java:389)
	reactor.core.publisher.FluxConcatMap$ConcatMapImmediate.innerNext(FluxConcatMap.java:275)
	reactor.core.publisher.FluxConcatMap$ConcatMapInner.onNext(FluxConcatMap.java:849)
	reactor.core.publisher.FluxConcatMap$WeakScalarSubscription.request(FluxConcatMap.java:470)
	reactor.core.publisher.Operators$MultiSubscriptionSubscriber.set(Operators.java:1939)
	reactor.core.publisher.FluxConcatMap$ConcatMapImmediate.drain(FluxConcatMap.java:436)
	reactor.core.publisher.FluxConcatMap$ConcatMapImmediate.onNext(FluxConcatMap.java:244)
	reactor.core.publisher.FluxMap$MapSubscriber.onNext(FluxMap.java:114)
	reactor.core.publisher.FluxPeek$PeekSubscriber.onNext(FluxPeek.java:192)
	reactor.core.publisher.FluxMap$MapSubscriber.onNext(FluxMap.java:114)
	reactor.netty.channel.FluxReceive.drainReceiver(FluxReceive.java:206)
	reactor.netty.channel.FluxReceive.onInboundNext(FluxReceive.java:322)
	reactor.netty.channel.ChannelOperations.onInboundNext(ChannelOperations.java:335)
	reactor.netty.http.server.HttpServerOperations.onInboundNext(HttpServerOperations.java:456)
	reactor.netty.channel.ChannelOperationsHandler.channelRead(ChannelOperationsHandler.java:91)
	io.netty.channel.AbstractChannelHandlerContext.invokeChannelRead(AbstractChannelHandlerContext.java:374)
	io.netty.channel.AbstractChannelHandlerContext.invokeChannelRead(AbstractChannelHandlerContext.java:360)
	io.netty.channel.AbstractChannelHandlerContext.fireChannelRead(AbstractChannelHandlerContext.java:352)
	reactor.netty.http.server.HttpTrafficHandler.channelRead(HttpTrafficHandler.java:190)
	io.netty.channel.AbstractChannelHandlerContext.invokeChannelRead(AbstractChannelHandlerContext.java:374)
	io.netty.channel.AbstractChannelHandlerContext.invokeChannelRead(AbstractChannelHandlerContext.java:360)
	io.netty.channel.AbstractChannelHandlerContext.fireChannelRead(AbstractChannelHandlerContext.java:352)
	io.netty.channel.CombinedChannelDuplexHandler$DelegatingChannelHandlerContext.fireChannelRead(CombinedChannelDuplexHandler.java:438)
	io.netty.handler.codec.ByteToMessageDecoder.fireChannelRead(ByteToMessageDecoder.java:323)
	io.netty.handler.codec.ByteToMessageDecoder.fireChannelRead(ByteToMessageDecoder.java:310)
	io.netty.handler.codec.ByteToMessageDecoder.callDecode(ByteToMessageDecoder.java:426)
	io.netty.handler.codec.ByteToMessageDecoder.channelRead(ByteToMessageDecoder.java:278)
	io.netty.channel.CombinedChannelDuplexHandler.channelRead(CombinedChannelDuplexHandler.java:253)
	io.netty.channel.AbstractChannelHandlerContext.invokeChannelRead(AbstractChannelHandlerContext.java:374)
	io.netty.channel.AbstractChannelHandlerContext.invokeChannelRead(AbstractChannelHandlerContext.java:360)
	io.netty.channel.AbstractChannelHandlerContext.fireChannelRead(AbstractChannelHandlerContext.java:352)
	io.netty.channel.DefaultChannelPipeline$HeadContext.channelRead(DefaultChannelPipeline.java:1408)
	io.netty.channel.AbstractChannelHandlerContext.invokeChannelRead(AbstractChannelHandlerContext.java:374)
	io.netty.channel.AbstractChannelHandlerContext.invokeChannelRead(AbstractChannelHandlerContext.java:360)
	io.netty.channel.DefaultChannelPipeline.fireChannelRead(DefaultChannelPipeline.java:930)
	io.netty.channel.nio.AbstractNioByteChannel$NioByteUnsafe.read(AbstractNioByteChannel.java:163)
	io.netty.channel.nio.NioEventLoop.processSelectedKey(NioEventLoop.java:682)
	io.netty.channel.nio.NioEventLoop.processSelectedKeysOptimized(NioEventLoop.java:617)
	io.netty.channel.nio.NioEventLoop.processSelectedKeys(NioEventLoop.java:534)
	io.netty.channel.nio.NioEventLoop.run(NioEventLoop.java:496)
	io.netty.util.concurrent.SingleThreadEventExecutor$5.run(SingleThreadEventExecutor.java:906)
	io.netty.util.internal.ThreadExecutorMap$2.run(ThreadExecutorMap.java:74)
	io.netty.util.concurrent.FastThreadLocalRunnable.run(FastThreadLocalRunnable.java:30)
	java.lang.Thread.run(Thread.java:748)
#2:
	io.netty.buffer.AdvancedLeakAwareByteBuf.getByte(AdvancedLeakAwareByteBuf.java:154)
	org.springframework.core.io.buffer.NettyDataBuffer.getByte(NettyDataBuffer.java:132)
	org.springframework.core.io.buffer.DataBufferUtils$KnuthMorrisPrattMatcher.match(DataBufferUtils.java:1005)
	org.springframework.core.io.buffer.DataBufferUtils.endFrameAfterDelimiter(DataBufferUtils.java:634)
	org.springframework.core.io.buffer.DataBufferUtils.lambda$split$18(DataBufferUtils.java:603)
	reactor.core.publisher.FluxFlatMap$FlatMapMain.onNext(FluxFlatMap.java:350)
	reactor.core.publisher.FluxConcatMap$ConcatMapImmediate.innerNext(FluxConcatMap.java:275)
	reactor.core.publisher.FluxConcatMap$ConcatMapInner.onNext(FluxConcatMap.java:849)
	reactor.core.publisher.FluxConcatMap$WeakScalarSubscription.request(FluxConcatMap.java:470)
	reactor.core.publisher.Operators$MultiSubscriptionSubscriber.set(Operators.java:1939)
	reactor.core.publisher.FluxConcatMap$ConcatMapImmediate.drain(FluxConcatMap.java:436)
	reactor.core.publisher.FluxConcatMap$ConcatMapImmediate.onNext(FluxConcatMap.java:244)
	reactor.core.publisher.FluxMap$MapSubscriber.onNext(FluxMap.java:114)
	reactor.core.publisher.FluxPeek$PeekSubscriber.onNext(FluxPeek.java:192)
	reactor.core.publisher.FluxMap$MapSubscriber.onNext(FluxMap.java:114)
	reactor.netty.channel.FluxReceive.drainReceiver(FluxReceive.java:206)
	reactor.netty.channel.FluxReceive.onInboundNext(FluxReceive.java:322)
	reactor.netty.channel.ChannelOperations.onInboundNext(ChannelOperations.java:335)
	reactor.netty.http.server.HttpServerOperations.onInboundNext(HttpServerOperations.java:456)
	reactor.netty.channel.ChannelOperationsHandler.channelRead(ChannelOperationsHandler.java:91)
	io.netty.channel.AbstractChannelHandlerContext.invokeChannelRead(AbstractChannelHandlerContext.java:374)
	io.netty.channel.AbstractChannelHandlerContext.invokeChannelRead(AbstractChannelHandlerContext.java:360)
	io.netty.channel.AbstractChannelHandlerContext.fireChannelRead(AbstractChannelHandlerContext.java:352)
	reactor.netty.http.server.HttpTrafficHandler.channelRead(HttpTrafficHandler.java:190)
	io.netty.channel.AbstractChannelHandlerContext.invokeChannelRead(AbstractChannelHandlerContext.java:374)
	io.netty.channel.AbstractChannelHandlerContext.invokeChannelRead(AbstractChannelHandlerContext.java:360)
	io.netty.channel.AbstractChannelHandlerContext.fireChannelRead(AbstractChannelHandlerContext.java:352)
	io.netty.channel.CombinedChannelDuplexHandler$DelegatingChannelHandlerContext.fireChannelRead(CombinedChannelDuplexHandler.java:438)
	io.netty.handler.codec.ByteToMessageDecoder.fireChannelRead(ByteToMessageDecoder.java:323)
	io.netty.handler.codec.ByteToMessageDecoder.fireChannelRead(ByteToMessageDecoder.java:310)
	io.netty.handler.codec.ByteToMessageDecoder.callDecode(ByteToMessageDecoder.java:426)
	io.netty.handler.codec.ByteToMessageDecoder.channelRead(ByteToMessageDecoder.java:278)
	io.netty.channel.CombinedChannelDuplexHandler.channelRead(CombinedChannelDuplexHandler.java:253)
	io.netty.channel.AbstractChannelHandlerContext.invokeChannelRead(AbstractChannelHandlerContext.java:374)
	io.netty.channel.AbstractChannelHandlerContext.invokeChannelRead(AbstractChannelHandlerContext.java:360)
	io.netty.channel.AbstractChannelHandlerContext.fireChannelRead(AbstractChannelHandlerContext.java:352)
	io.netty.channel.DefaultChannelPipeline$HeadContext.channelRead(DefaultChannelPipeline.java:1408)
	io.netty.channel.AbstractChannelHandlerContext.invokeChannelRead(AbstractChannelHandlerContext.java:374)
	io.netty.channel.AbstractChannelHandlerContext.invokeChannelRead(AbstractChannelHandlerContext.java:360)
	io.netty.channel.DefaultChannelPipeline.fireChannelRead(DefaultChannelPipeline.java:930)
	io.netty.channel.nio.AbstractNioByteChannel$NioByteUnsafe.read(AbstractNioByteChannel.java:163)
	io.netty.channel.nio.NioEventLoop.processSelectedKey(NioEventLoop.java:682)
	io.netty.channel.nio.NioEventLoop.processSelectedKeysOptimized(NioEventLoop.java:617)
	io.netty.channel.nio.NioEventLoop.processSelectedKeys(NioEventLoop.java:534)
	io.netty.channel.nio.NioEventLoop.run(NioEventLoop.java:496)
	io.netty.util.concurrent.SingleThreadEventExecutor$5.run(SingleThreadEventExecutor.java:906)
	io.netty.util.internal.ThreadExecutorMap$2.run(ThreadExecutorMap.java:74)
	io.netty.util.concurrent.FastThreadLocalRunnable.run(FastThreadLocalRunnable.java:30)
	java.lang.Thread.run(Thread.java:748)
#3:
	org.springframework.core.io.buffer.NettyDataBufferFactory.wrap(NettyDataBufferFactory.java:93)
	reactor.core.publisher.FluxMap$MapSubscriber.onNext(FluxMap.java:100)
	reactor.core.publisher.FluxPeek$PeekSubscriber.onNext(FluxPeek.java:192)
	reactor.core.publisher.FluxMap$MapSubscriber.onNext(FluxMap.java:114)
	reactor.netty.channel.FluxReceive.drainReceiver(FluxReceive.java:206)
	reactor.netty.channel.FluxReceive.onInboundNext(FluxReceive.java:322)
	reactor.netty.channel.ChannelOperations.onInboundNext(ChannelOperations.java:335)
	reactor.netty.http.server.HttpServerOperations.onInboundNext(HttpServerOperations.java:456)
	reactor.netty.channel.ChannelOperationsHandler.channelRead(ChannelOperationsHandler.java:91)
	io.netty.channel.AbstractChannelHandlerContext.invokeChannelRead(AbstractChannelHandlerContext.java:374)
	io.netty.channel.AbstractChannelHandlerContext.invokeChannelRead(AbstractChannelHandlerContext.java:360)
	io.netty.channel.AbstractChannelHandlerContext.fireChannelRead(AbstractChannelHandlerContext.java:352)
	reactor.netty.http.server.HttpTrafficHandler.channelRead(HttpTrafficHandler.java:190)
	io.netty.channel.AbstractChannelHandlerContext.invokeChannelRead(AbstractChannelHandlerContext.java:374)
	io.netty.channel.AbstractChannelHandlerContext.invokeChannelRead(AbstractChannelHandlerContext.java:360)
	io.netty.channel.AbstractChannelHandlerContext.fireChannelRead(AbstractChannelHandlerContext.java:352)
	io.netty.channel.CombinedChannelDuplexHandler$DelegatingChannelHandlerContext.fireChannelRead(CombinedChannelDuplexHandler.java:438)
	io.netty.handler.codec.ByteToMessageDecoder.fireChannelRead(ByteToMessageDecoder.java:323)
	io.netty.handler.codec.ByteToMessageDecoder.fireChannelRead(ByteToMessageDecoder.java:310)
	io.netty.handler.codec.ByteToMessageDecoder.callDecode(ByteToMessageDecoder.java:426)
	io.netty.handler.codec.ByteToMessageDecoder.channelRead(ByteToMessageDecoder.java:278)
	io.netty.channel.CombinedChannelDuplexHandler.channelRead(CombinedChannelDuplexHandler.java:253)
	io.netty.channel.AbstractChannelHandlerContext.invokeChannelRead(AbstractChannelHandlerContext.java:374)
	io.netty.channel.AbstractChannelHandlerContext.invokeChannelRead(AbstractChannelHandlerContext.java:360)
	io.netty.channel.AbstractChannelHandlerContext.fireChannelRead(AbstractChannelHandlerContext.java:352)
	io.netty.channel.DefaultChannelPipeline$HeadContext.channelRead(DefaultChannelPipeline.java:1408)
	io.netty.channel.AbstractChannelHandlerContext.invokeChannelRead(AbstractChannelHandlerContext.java:374)
	io.netty.channel.AbstractChannelHandlerContext.invokeChannelRead(AbstractChannelHandlerContext.java:360)
	io.netty.channel.DefaultChannelPipeline.fireChannelRead(DefaultChannelPipeline.java:930)
	io.netty.channel.nio.AbstractNioByteChannel$NioByteUnsafe.read(AbstractNioByteChannel.java:163)
	io.netty.channel.nio.NioEventLoop.processSelectedKey(NioEventLoop.java:682)
	io.netty.channel.nio.NioEventLoop.processSelectedKeysOptimized(NioEventLoop.java:617)
	io.netty.channel.nio.NioEventLoop.processSelectedKeys(NioEventLoop.java:534)
	io.netty.channel.nio.NioEventLoop.run(NioEventLoop.java:496)
	io.netty.util.concurrent.SingleThreadEventExecutor$5.run(SingleThreadEventExecutor.java:906)
	io.netty.util.internal.ThreadExecutorMap$2.run(ThreadExecutorMap.java:74)
	io.netty.util.concurrent.FastThreadLocalRunnable.run(FastThreadLocalRunnable.java:30)
	java.lang.Thread.run(Thread.java:748)
#4:
	reactor.core.publisher.FluxPeek$PeekSubscriber.onNext(FluxPeek.java:177)
	reactor.core.publisher.FluxMap$MapSubscriber.onNext(FluxMap.java:114)
	reactor.netty.channel.FluxReceive.drainReceiver(FluxReceive.java:206)
	reactor.netty.channel.FluxReceive.onInboundNext(FluxReceive.java:322)
	reactor.netty.channel.ChannelOperations.onInboundNext(ChannelOperations.java:335)
	reactor.netty.http.server.HttpServerOperations.onInboundNext(HttpServerOperations.java:456)
	reactor.netty.channel.ChannelOperationsHandler.channelRead(ChannelOperationsHandler.java:91)
	io.netty.channel.AbstractChannelHandlerContext.invokeChannelRead(AbstractChannelHandlerContext.java:374)
	io.netty.channel.AbstractChannelHandlerContext.invokeChannelRead(AbstractChannelHandlerContext.java:360)
	io.netty.channel.AbstractChannelHandlerContext.fireChannelRead(AbstractChannelHandlerContext.java:352)
	reactor.netty.http.server.HttpTrafficHandler.channelRead(HttpTrafficHandler.java:190)
	io.netty.channel.AbstractChannelHandlerContext.invokeChannelRead(AbstractChannelHandlerContext.java:374)
	io.netty.channel.AbstractChannelHandlerContext.invokeChannelRead(AbstractChannelHandlerContext.java:360)
	io.netty.channel.AbstractChannelHandlerContext.fireChannelRead(AbstractChannelHandlerContext.java:352)
	io.netty.channel.CombinedChannelDuplexHandler$DelegatingChannelHandlerContext.fireChannelRead(CombinedChannelDuplexHandler.java:438)
	io.netty.handler.codec.ByteToMessageDecoder.fireChannelRead(ByteToMessageDecoder.java:323)
	io.netty.handler.codec.ByteToMessageDecoder.fireChannelRead(ByteToMessageDecoder.java:310)
	io.netty.handler.codec.ByteToMessageDecoder.callDecode(ByteToMessageDecoder.java:426)
	io.netty.handler.codec.ByteToMessageDecoder.channelRead(ByteToMessageDecoder.java:278)
	io.netty.channel.CombinedChannelDuplexHandler.channelRead(CombinedChannelDuplexHandler.java:253)
	io.netty.channel.AbstractChannelHandlerContext.invokeChannelRead(AbstractChannelHandlerContext.java:374)
	io.netty.channel.AbstractChannelHandlerContext.invokeChannelRead(AbstractChannelHandlerContext.java:360)
	io.netty.channel.AbstractChannelHandlerContext.fireChannelRead(AbstractChannelHandlerContext.java:352)
	io.netty.channel.DefaultChannelPipeline$HeadContext.channelRead(DefaultChannelPipeline.java:1408)
	io.netty.channel.AbstractChannelHandlerContext.invokeChannelRead(AbstractChannelHandlerContext.java:374)
	io.netty.channel.AbstractChannelHandlerContext.invokeChannelRead(AbstractChannelHandlerContext.java:360)
	io.netty.channel.DefaultChannelPipeline.fireChannelRead(DefaultChannelPipeline.java:930)
	io.netty.channel.nio.AbstractNioByteChannel$NioByteUnsafe.read(AbstractNioByteChannel.java:163)
	io.netty.channel.nio.NioEventLoop.processSelectedKey(NioEventLoop.java:682)
	io.netty.channel.nio.NioEventLoop.processSelectedKeysOptimized(NioEventLoop.java:617)
	io.netty.channel.nio.NioEventLoop.processSelectedKeys(NioEventLoop.java:534)
	io.netty.channel.nio.NioEventLoop.run(NioEventLoop.java:496)
	io.netty.util.concurrent.SingleThreadEventExecutor$5.run(SingleThreadEventExecutor.java:906)
	io.netty.util.internal.ThreadExecutorMap$2.run(ThreadExecutorMap.java:74)
	io.netty.util.concurrent.FastThreadLocalRunnable.run(FastThreadLocalRunnable.java:30)
	java.lang.Thread.run(Thread.java:748)
#5:
	Hint: 'reactor.right.reactiveBridge' will handle the message from this point.
	io.netty.handler.codec.http.DefaultHttpContent.touch(DefaultHttpContent.java:88)
	io.netty.handler.codec.http.DefaultHttpContent.touch(DefaultHttpContent.java:24)
	io.netty.channel.DefaultChannelPipeline.touch(DefaultChannelPipeline.java:116)
	io.netty.channel.AbstractChannelHandlerContext.invokeChannelRead(AbstractChannelHandlerContext.java:357)
	io.netty.channel.AbstractChannelHandlerContext.fireChannelRead(AbstractChannelHandlerContext.java:352)
	reactor.netty.http.server.HttpTrafficHandler.channelRead(HttpTrafficHandler.java:190)
	io.netty.channel.AbstractChannelHandlerContext.invokeChannelRead(AbstractChannelHandlerContext.java:374)
	io.netty.channel.AbstractChannelHandlerContext.invokeChannelRead(AbstractChannelHandlerContext.java:360)
	io.netty.channel.AbstractChannelHandlerContext.fireChannelRead(AbstractChannelHandlerContext.java:352)
	io.netty.channel.CombinedChannelDuplexHandler$DelegatingChannelHandlerContext.fireChannelRead(CombinedChannelDuplexHandler.java:438)
	io.netty.handler.codec.ByteToMessageDecoder.fireChannelRead(ByteToMessageDecoder.java:323)
	io.netty.handler.codec.ByteToMessageDecoder.fireChannelRead(ByteToMessageDecoder.java:310)
	io.netty.handler.codec.ByteToMessageDecoder.callDecode(ByteToMessageDecoder.java:426)
	io.netty.handler.codec.ByteToMessageDecoder.channelRead(ByteToMessageDecoder.java:278)
	io.netty.channel.CombinedChannelDuplexHandler.channelRead(CombinedChannelDuplexHandler.java:253)
	io.netty.channel.AbstractChannelHandlerContext.invokeChannelRead(AbstractChannelHandlerContext.java:374)
	io.netty.channel.AbstractChannelHandlerContext.invokeChannelRead(AbstractChannelHandlerContext.java:360)
	io.netty.channel.AbstractChannelHandlerContext.fireChannelRead(AbstractChannelHandlerContext.java:352)
	io.netty.channel.DefaultChannelPipeline$HeadContext.channelRead(DefaultChannelPipeline.java:1408)
	io.netty.channel.AbstractChannelHandlerContext.invokeChannelRead(AbstractChannelHandlerContext.java:374)
	io.netty.channel.AbstractChannelHandlerContext.invokeChannelRead(AbstractChannelHandlerContext.java:360)
	io.netty.channel.DefaultChannelPipeline.fireChannelRead(DefaultChannelPipeline.java:930)
	io.netty.channel.nio.AbstractNioByteChannel$NioByteUnsafe.read(AbstractNioByteChannel.java:163)
	io.netty.channel.nio.NioEventLoop.processSelectedKey(NioEventLoop.java:682)
	io.netty.channel.nio.NioEventLoop.processSelectedKeysOptimized(NioEventLoop.java:617)
	io.netty.channel.nio.NioEventLoop.processSelectedKeys(NioEventLoop.java:534)
	io.netty.channel.nio.NioEventLoop.run(NioEventLoop.java:496)
	io.netty.util.concurrent.SingleThreadEventExecutor$5.run(SingleThreadEventExecutor.java:906)
	io.netty.util.internal.ThreadExecutorMap$2.run(ThreadExecutorMap.java:74)
	io.netty.util.concurrent.FastThreadLocalRunnable.run(FastThreadLocalRunnable.java:30)
	java.lang.Thread.run(Thread.java:748)
#6:
	Hint: 'reactor.left.httpTrafficHandler' will handle the message from this point.
	io.netty.handler.codec.http.DefaultHttpContent.touch(DefaultHttpContent.java:88)
	io.netty.handler.codec.http.DefaultHttpContent.touch(DefaultHttpContent.java:24)
	io.netty.channel.DefaultChannelPipeline.touch(DefaultChannelPipeline.java:116)
	io.netty.channel.AbstractChannelHandlerContext.invokeChannelRead(AbstractChannelHandlerContext.java:357)
	io.netty.channel.AbstractChannelHandlerContext.fireChannelRead(AbstractChannelHandlerContext.java:352)
	io.netty.channel.CombinedChannelDuplexHandler$DelegatingChannelHandlerContext.fireChannelRead(CombinedChannelDuplexHandler.java:438)
	io.netty.handler.codec.ByteToMessageDecoder.fireChannelRead(ByteToMessageDecoder.java:323)
	io.netty.handler.codec.ByteToMessageDecoder.fireChannelRead(ByteToMessageDecoder.java:310)
	io.netty.handler.codec.ByteToMessageDecoder.callDecode(ByteToMessageDecoder.java:426)
	io.netty.handler.codec.ByteToMessageDecoder.channelRead(ByteToMessageDecoder.java:278)
	io.netty.channel.CombinedChannelDuplexHandler.channelRead(CombinedChannelDuplexHandler.java:253)
	io.netty.channel.AbstractChannelHandlerContext.invokeChannelRead(AbstractChannelHandlerContext.java:374)
	io.netty.channel.AbstractChannelHandlerContext.invokeChannelRead(AbstractChannelHandlerContext.java:360)
	io.netty.channel.AbstractChannelHandlerContext.fireChannelRead(AbstractChannelHandlerContext.java:352)
	io.netty.channel.DefaultChannelPipeline$HeadContext.channelRead(DefaultChannelPipeline.java:1408)
	io.netty.channel.AbstractChannelHandlerContext.invokeChannelRead(AbstractChannelHandlerContext.java:374)
	io.netty.channel.AbstractChannelHandlerContext.invokeChannelRead(AbstractChannelHandlerContext.java:360)
	io.netty.channel.DefaultChannelPipeline.fireChannelRead(DefaultChannelPipeline.java:930)
	io.netty.channel.nio.AbstractNioByteChannel$NioByteUnsafe.read(AbstractNioByteChannel.java:163)
	io.netty.channel.nio.NioEventLoop.processSelectedKey(NioEventLoop.java:682)
	io.netty.channel.nio.NioEventLoop.processSelectedKeysOptimized(NioEventLoop.java:617)
	io.netty.channel.nio.NioEventLoop.processSelectedKeys(NioEventLoop.java:534)
	io.netty.channel.nio.NioEventLoop.run(NioEventLoop.java:496)
	io.netty.util.concurrent.SingleThreadEventExecutor$5.run(SingleThreadEventExecutor.java:906)
	io.netty.util.internal.ThreadExecutorMap$2.run(ThreadExecutorMap.java:74)
	io.netty.util.concurrent.FastThreadLocalRunnable.run(FastThreadLocalRunnable.java:30)
	java.lang.Thread.run(Thread.java:748)
Created at:
	io.netty.buffer.SimpleLeakAwareByteBuf.unwrappedDerived(SimpleLeakAwareByteBuf.java:143)
	io.netty.buffer.SimpleLeakAwareByteBuf.readRetainedSlice(SimpleLeakAwareByteBuf.java:67)
	io.netty.buffer.AdvancedLeakAwareByteBuf.readRetainedSlice(AdvancedLeakAwareByteBuf.java:107)
	io.netty.handler.codec.http.HttpObjectDecoder.decode(HttpObjectDecoder.java:336)
	io.netty.handler.codec.http.HttpServerCodec$HttpServerRequestDecoder.decode(HttpServerCodec.java:103)
	io.netty.handler.codec.ByteToMessageDecoder.decodeRemovalReentryProtection(ByteToMessageDecoder.java:502)
	io.netty.handler.codec.ByteToMessageDecoder.callDecode(ByteToMessageDecoder.java:441)
	io.netty.handler.codec.ByteToMessageDecoder.channelRead(ByteToMessageDecoder.java:278)
	io.netty.channel.CombinedChannelDuplexHandler.channelRead(CombinedChannelDuplexHandler.java:253)
	io.netty.channel.AbstractChannelHandlerContext.invokeChannelRead(AbstractChannelHandlerContext.java:374)
	io.netty.channel.AbstractChannelHandlerContext.invokeChannelRead(AbstractChannelHandlerContext.java:360)
	io.netty.channel.AbstractChannelHandlerContext.fireChannelRead(AbstractChannelHandlerContext.java:352)
	io.netty.channel.DefaultChannelPipeline$HeadContext.channelRead(DefaultChannelPipeline.java:1408)
	io.netty.channel.AbstractChannelHandlerContext.invokeChannelRead(AbstractChannelHandlerContext.java:374)
	io.netty.channel.AbstractChannelHandlerContext.invokeChannelRead(AbstractChannelHandlerContext.java:360)
	io.netty.channel.DefaultChannelPipeline.fireChannelRead(DefaultChannelPipeline.java:930)
	io.netty.channel.nio.AbstractNioByteChannel$NioByteUnsafe.read(AbstractNioByteChannel.java:163)
	io.netty.channel.nio.NioEventLoop.processSelectedKey(NioEventLoop.java:682)
	io.netty.channel.nio.NioEventLoop.processSelectedKeysOptimized(NioEventLoop.java:617)
	io.netty.channel.nio.NioEventLoop.processSelectedKeys(NioEventLoop.java:534)
	io.netty.channel.nio.NioEventLoop.run(NioEventLoop.java:496)
	io.netty.util.concurrent.SingleThreadEventExecutor$5.run(SingleThreadEventExecutor.java:906)
	io.netty.util.internal.ThreadExecutorMap$2.run(ThreadExecutorMap.java:74)
	io.netty.util.concurrent.FastThreadLocalRunnable.run(FastThreadLocalRunnable.java:30)
	java.lang.Thread.run(Thread.java:748)
: 4 leak records were discarded because the leak record count is targeted to 4. Use system property io.netty.leakDetection.targetRecords to increase the limit.
22:42:57.849 [reactor-http-nio-6] ERROR i.n.u.ResourceLeakDetector - LEAK: ByteBuf.release() was not called before it's garbage-collected. See http://netty.io/wiki/reference-counted-objects.html for more information.
Recent access records: 
#1:
	io.netty.handler.codec.ByteToMessageDecoder.channelRead(ByteToMessageDecoder.java:286)
	io.netty.channel.CombinedChannelDuplexHandler.channelRead(CombinedChannelDuplexHandler.java:253)
	io.netty.channel.AbstractChannelHandlerContext.invokeChannelRead(AbstractChannelHandlerContext.java:374)
	io.netty.channel.AbstractChannelHandlerContext.invokeChannelRead(AbstractChannelHandlerContext.java:360)
	io.netty.channel.AbstractChannelHandlerContext.fireChannelRead(AbstractChannelHandlerContext.java:352)
	io.netty.channel.DefaultChannelPipeline$HeadContext.channelRead(DefaultChannelPipeline.java:1408)
	io.netty.channel.AbstractChannelHandlerContext.invokeChannelRead(AbstractChannelHandlerContext.java:374)
	io.netty.channel.AbstractChannelHandlerContext.invokeChannelRead(AbstractChannelHandlerContext.java:360)
	io.netty.channel.DefaultChannelPipeline.fireChannelRead(DefaultChannelPipeline.java:930)
	io.netty.channel.nio.AbstractNioByteChannel$NioByteUnsafe.read(AbstractNioByteChannel.java:163)
	io.netty.channel.nio.NioEventLoop.processSelectedKey(NioEventLoop.java:682)
	io.netty.channel.nio.NioEventLoop.processSelectedKeysOptimized(NioEventLoop.java:617)
	io.netty.channel.nio.NioEventLoop.processSelectedKeys(NioEventLoop.java:534)
	io.netty.channel.nio.NioEventLoop.run(NioEventLoop.java:496)
	io.netty.util.concurrent.SingleThreadEventExecutor$5.run(SingleThreadEventExecutor.java:906)
	io.netty.util.internal.ThreadExecutorMap$2.run(ThreadExecutorMap.java:74)
	io.netty.util.concurrent.FastThreadLocalRunnable.run(FastThreadLocalRunnable.java:30)
	java.lang.Thread.run(Thread.java:748)
#2:
	io.netty.buffer.AdvancedLeakAwareByteBuf.getByte(AdvancedLeakAwareByteBuf.java:154)
	io.netty.handler.codec.http.HttpObjectDecoder.decode(HttpObjectDecoder.java:351)
	io.netty.handler.codec.http.HttpServerCodec$HttpServerRequestDecoder.decode(HttpServerCodec.java:103)
	io.netty.handler.codec.ByteToMessageDecoder.decodeRemovalReentryProtection(ByteToMessageDecoder.java:502)
	io.netty.handler.codec.ByteToMessageDecoder.callDecode(ByteToMessageDecoder.java:441)
	io.netty.handler.codec.ByteToMessageDecoder.channelRead(ByteToMessageDecoder.java:278)
	io.netty.channel.CombinedChannelDuplexHandler.channelRead(CombinedChannelDuplexHandler.java:253)
	io.netty.channel.AbstractChannelHandlerContext.invokeChannelRead(AbstractChannelHandlerContext.java:374)
	io.netty.channel.AbstractChannelHandlerContext.invokeChannelRead(AbstractChannelHandlerContext.java:360)
	io.netty.channel.AbstractChannelHandlerContext.fireChannelRead(AbstractChannelHandlerContext.java:352)
	io.netty.channel.DefaultChannelPipeline$HeadContext.channelRead(DefaultChannelPipeline.java:1408)
	io.netty.channel.AbstractChannelHandlerContext.invokeChannelRead(AbstractChannelHandlerContext.java:374)
	io.netty.channel.AbstractChannelHandlerContext.invokeChannelRead(AbstractChannelHandlerContext.java:360)
	io.netty.channel.DefaultChannelPipeline.fireChannelRead(DefaultChannelPipeline.java:930)
	io.netty.channel.nio.AbstractNioByteChannel$NioByteUnsafe.read(AbstractNioByteChannel.java:163)
	io.netty.channel.nio.NioEventLoop.processSelectedKey(NioEventLoop.java:682)
	io.netty.channel.nio.NioEventLoop.processSelectedKeysOptimized(NioEventLoop.java:617)
	io.netty.channel.nio.NioEventLoop.processSelectedKeys(NioEventLoop.java:534)
	io.netty.channel.nio.NioEventLoop.run(NioEventLoop.java:496)
	io.netty.util.concurrent.SingleThreadEventExecutor$5.run(SingleThreadEventExecutor.java:906)
	io.netty.util.internal.ThreadExecutorMap$2.run(ThreadExecutorMap.java:74)
	io.netty.util.concurrent.FastThreadLocalRunnable.run(FastThreadLocalRunnable.java:30)
	java.lang.Thread.run(Thread.java:748)
#3:
	io.netty.buffer.AdvancedLeakAwareByteBuf.readRetainedSlice(AdvancedLeakAwareByteBuf.java:106)
	io.netty.handler.codec.http.HttpObjectDecoder.decode(HttpObjectDecoder.java:336)
	io.netty.handler.codec.http.HttpServerCodec$HttpServerRequestDecoder.decode(HttpServerCodec.java:103)
	io.netty.handler.codec.ByteToMessageDecoder.decodeRemovalReentryProtection(ByteToMessageDecoder.java:502)
	io.netty.handler.codec.ByteToMessageDecoder.callDecode(ByteToMessageDecoder.java:441)
	io.netty.handler.codec.ByteToMessageDecoder.channelRead(ByteToMessageDecoder.java:278)
	io.netty.channel.CombinedChannelDuplexHandler.channelRead(CombinedChannelDuplexHandler.java:253)
	io.netty.channel.AbstractChannelHandlerContext.invokeChannelRead(AbstractChannelHandlerContext.java:374)
	io.netty.channel.AbstractChannelHandlerContext.invokeChannelRead(AbstractChannelHandlerContext.java:360)
	io.netty.channel.AbstractChannelHandlerContext.fireChannelRead(AbstractChannelHandlerContext.java:352)
	io.netty.channel.DefaultChannelPipeline$HeadContext.channelRead(DefaultChannelPipeline.java:1408)
	io.netty.channel.AbstractChannelHandlerContext.invokeChannelRead(AbstractChannelHandlerContext.java:374)
	io.netty.channel.AbstractChannelHandlerContext.invokeChannelRead(AbstractChannelHandlerContext.java:360)
	io.netty.channel.DefaultChannelPipeline.fireChannelRead(DefaultChannelPipeline.java:930)
	io.netty.channel.nio.AbstractNioByteChannel$NioByteUnsafe.read(AbstractNioByteChannel.java:163)
	io.netty.channel.nio.NioEventLoop.processSelectedKey(NioEventLoop.java:682)
	io.netty.channel.nio.NioEventLoop.processSelectedKeysOptimized(NioEventLoop.java:617)
	io.netty.channel.nio.NioEventLoop.processSelectedKeys(NioEventLoop.java:534)
	io.netty.channel.nio.NioEventLoop.run(NioEventLoop.java:496)
	io.netty.util.concurrent.SingleThreadEventExecutor$5.run(SingleThreadEventExecutor.java:906)
	io.netty.util.internal.ThreadExecutorMap$2.run(ThreadExecutorMap.java:74)
	io.netty.util.concurrent.FastThreadLocalRunnable.run(FastThreadLocalRunnable.java:30)
	java.lang.Thread.run(Thread.java:748)
#4:
	io.netty.buffer.AdvancedLeakAwareByteBuf.forEachByte(AdvancedLeakAwareByteBuf.java:670)
	io.netty.handler.codec.http.HttpObjectDecoder$HeaderParser.parse(HttpObjectDecoder.java:793)
	io.netty.handler.codec.http.HttpObjectDecoder$LineParser.parse(HttpObjectDecoder.java:842)
	io.netty.handler.codec.http.HttpObjectDecoder.decode(HttpObjectDecoder.java:313)
	io.netty.handler.codec.http.HttpServerCodec$HttpServerRequestDecoder.decode(HttpServerCodec.java:103)
	io.netty.handler.codec.ByteToMessageDecoder.decodeRemovalReentryProtection(ByteToMessageDecoder.java:502)
	io.netty.handler.codec.ByteToMessageDecoder.callDecode(ByteToMessageDecoder.java:441)
	io.netty.handler.codec.ByteToMessageDecoder.channelRead(ByteToMessageDecoder.java:278)
	io.netty.channel.CombinedChannelDuplexHandler.channelRead(CombinedChannelDuplexHandler.java:253)
	io.netty.channel.AbstractChannelHandlerContext.invokeChannelRead(AbstractChannelHandlerContext.java:374)
	io.netty.channel.AbstractChannelHandlerContext.invokeChannelRead(AbstractChannelHandlerContext.java:360)
	io.netty.channel.AbstractChannelHandlerContext.fireChannelRead(AbstractChannelHandlerContext.java:352)
	io.netty.channel.DefaultChannelPipeline$HeadContext.channelRead(DefaultChannelPipeline.java:1408)
	io.netty.channel.AbstractChannelHandlerContext.invokeChannelRead(AbstractChannelHandlerContext.java:374)
	io.netty.channel.AbstractChannelHandlerContext.invokeChannelRead(AbstractChannelHandlerContext.java:360)
	io.netty.channel.DefaultChannelPipeline.fireChannelRead(DefaultChannelPipeline.java:930)
	io.netty.channel.nio.AbstractNioByteChannel$NioByteUnsafe.read(AbstractNioByteChannel.java:163)
	io.netty.channel.nio.NioEventLoop.processSelectedKey(NioEventLoop.java:682)
	io.netty.channel.nio.NioEventLoop.processSelectedKeysOptimized(NioEventLoop.java:617)
	io.netty.channel.nio.NioEventLoop.processSelectedKeys(NioEventLoop.java:534)
	io.netty.channel.nio.NioEventLoop.run(NioEventLoop.java:496)
	io.netty.util.concurrent.SingleThreadEventExecutor$5.run(SingleThreadEventExecutor.java:906)
	io.netty.util.internal.ThreadExecutorMap$2.run(ThreadExecutorMap.java:74)
	io.netty.util.concurrent.FastThreadLocalRunnable.run(FastThreadLocalRunnable.java:30)
	java.lang.Thread.run(Thread.java:748)
#5:
	Hint: 'reactor.left.httpCodec' will handle the message from this point.
	io.netty.channel.DefaultChannelPipeline.touch(DefaultChannelPipeline.java:116)
	io.netty.channel.AbstractChannelHandlerContext.invokeChannelRead(AbstractChannelHandlerContext.java:357)
	io.netty.channel.AbstractChannelHandlerContext.fireChannelRead(AbstractChannelHandlerContext.java:352)
	io.netty.channel.DefaultChannelPipeline$HeadContext.channelRead(DefaultChannelPipeline.java:1408)
	io.netty.channel.AbstractChannelHandlerContext.invokeChannelRead(AbstractChannelHandlerContext.java:374)
	io.netty.channel.AbstractChannelHandlerContext.invokeChannelRead(AbstractChannelHandlerContext.java:360)
	io.netty.channel.DefaultChannelPipeline.fireChannelRead(DefaultChannelPipeline.java:930)
	io.netty.channel.nio.AbstractNioByteChannel$NioByteUnsafe.read(AbstractNioByteChannel.java:163)
	io.netty.channel.nio.NioEventLoop.processSelectedKey(NioEventLoop.java:682)
	io.netty.channel.nio.NioEventLoop.processSelectedKeysOptimized(NioEventLoop.java:617)
	io.netty.channel.nio.NioEventLoop.processSelectedKeys(NioEventLoop.java:534)
	io.netty.channel.nio.NioEventLoop.run(NioEventLoop.java:496)
	io.netty.util.concurrent.SingleThreadEventExecutor$5.run(SingleThreadEventExecutor.java:906)
	io.netty.util.internal.ThreadExecutorMap$2.run(ThreadExecutorMap.java:74)
	io.netty.util.concurrent.FastThreadLocalRunnable.run(FastThreadLocalRunnable.java:30)
	java.lang.Thread.run(Thread.java:748)
#6:
	Hint: 'DefaultChannelPipeline$HeadContext#0' will handle the message from this point.
	io.netty.channel.DefaultChannelPipeline.touch(DefaultChannelPipeline.java:116)
	io.netty.channel.AbstractChannelHandlerContext.invokeChannelRead(AbstractChannelHandlerContext.java:357)
	io.netty.channel.DefaultChannelPipeline.fireChannelRead(DefaultChannelPipeline.java:930)
	io.netty.channel.nio.AbstractNioByteChannel$NioByteUnsafe.read(AbstractNioByteChannel.java:163)
	io.netty.channel.nio.NioEventLoop.processSelectedKey(NioEventLoop.java:682)
	io.netty.channel.nio.NioEventLoop.processSelectedKeysOptimized(NioEventLoop.java:617)
	io.netty.channel.nio.NioEventLoop.processSelectedKeys(NioEventLoop.java:534)
	io.netty.channel.nio.NioEventLoop.run(NioEventLoop.java:496)
	io.netty.util.concurrent.SingleThreadEventExecutor$5.run(SingleThreadEventExecutor.java:906)
	io.netty.util.internal.ThreadExecutorMap$2.run(ThreadExecutorMap.java:74)
	io.netty.util.concurrent.FastThreadLocalRunnable.run(FastThreadLocalRunnable.java:30)
	java.lang.Thread.run(Thread.java:748)
#7:
	io.netty.buffer.AdvancedLeakAwareByteBuf.writeBytes(AdvancedLeakAwareByteBuf.java:634)
	io.netty.channel.socket.nio.NioSocketChannel.doReadBytes(NioSocketChannel.java:347)
	io.netty.channel.nio.AbstractNioByteChannel$NioByteUnsafe.read(AbstractNioByteChannel.java:148)
	io.netty.channel.nio.NioEventLoop.processSelectedKey(NioEventLoop.java:682)
	io.netty.channel.nio.NioEventLoop.processSelectedKeysOptimized(NioEventLoop.java:617)
	io.netty.channel.nio.NioEventLoop.processSelectedKeys(NioEventLoop.java:534)
	io.netty.channel.nio.NioEventLoop.run(NioEventLoop.java:496)
	io.netty.util.concurrent.SingleThreadEventExecutor$5.run(SingleThreadEventExecutor.java:906)
	io.netty.util.internal.ThreadExecutorMap$2.run(ThreadExecutorMap.java:74)
	io.netty.util.concurrent.FastThreadLocalRunnable.run(FastThreadLocalRunnable.java:30)
	java.lang.Thread.run(Thread.java:748)
Created at:
	io.netty.buffer.PooledByteBufAllocator.newDirectBuffer(PooledByteBufAllocator.java:349)
	io.netty.buffer.AbstractByteBufAllocator.directBuffer(AbstractByteBufAllocator.java:187)
	io.netty.buffer.AbstractByteBufAllocator.directBuffer(AbstractByteBufAllocator.java:178)
	io.netty.buffer.AbstractByteBufAllocator.ioBuffer(AbstractByteBufAllocator.java:139)
	io.netty.channel.DefaultMaxMessagesRecvByteBufAllocator$MaxMessageHandle.allocate(DefaultMaxMessagesRecvByteBufAllocator.java:114)
	io.netty.channel.nio.AbstractNioByteChannel$NioByteUnsafe.read(AbstractNioByteChannel.java:147)
	io.netty.channel.nio.NioEventLoop.processSelectedKey(NioEventLoop.java:682)
	io.netty.channel.nio.NioEventLoop.processSelectedKeysOptimized(NioEventLoop.java:617)
	io.netty.channel.nio.NioEventLoop.processSelectedKeys(NioEventLoop.java:534)
	io.netty.channel.nio.NioEventLoop.run(NioEventLoop.java:496)
	io.netty.util.concurrent.SingleThreadEventExecutor$5.run(SingleThreadEventExecutor.java:906)
	io.netty.util.internal.ThreadExecutorMap$2.run(ThreadExecutorMap.java:74)
	io.netty.util.concurrent.FastThreadLocalRunnable.run(FastThreadLocalRunnable.java:30)
	java.lang.Thread.run(Thread.java:748)
: 3 leak records were discarded because they were duplicates
: 59 leak records were discarded because the leak record count is targeted to 4. Use system property io.netty.leakDetection.targetRecords to increase the limit.
22:42:57.851 [reactor-http-nio-6] ERROR i.n.u.ResourceLeakDetector - LEAK: ByteBuf.release() was not called before it's garbage-collected. See http://netty.io/wiki/reference-counted-objects.html for more information.
Recent access records: 
#1:
	io.netty.buffer.AdvancedLeakAwareByteBuf.getByte(AdvancedLeakAwareByteBuf.java:154)
	io.netty.buffer.CompositeByteBuf.getByte(CompositeByteBuf.java:913)
	io.netty.buffer.WrappedCompositeByteBuf.getByte(WrappedCompositeByteBuf.java:652)
	io.netty.buffer.AdvancedLeakAwareCompositeByteBuf.getByte(AdvancedLeakAwareCompositeByteBuf.java:141)
	org.springframework.core.io.buffer.NettyDataBuffer.getByte(NettyDataBuffer.java:132)
	org.springframework.http.codec.multipart.DefaultMultipartMessageReader.toPart(DefaultMultipartMessageReader.java:179)
	reactor.core.publisher.FluxMap$MapConditionalSubscriber.onNext(FluxMap.java:199)
	reactor.core.publisher.FluxTakeWhile$TakeWhileSubscriber.onNext(FluxTakeWhile.java:94)
	reactor.core.publisher.FluxContextStart$ContextStartSubscriber.onNext(FluxContextStart.java:103)
	reactor.core.publisher.FluxMap$MapConditionalSubscriber.onNext(FluxMap.java:213)
	reactor.core.publisher.FluxBufferPredicate$BufferPredicateSubscriber.emit(FluxBufferPredicate.java:290)
	reactor.core.publisher.FluxBufferPredicate$BufferPredicateSubscriber.onNextNewBuffer(FluxBufferPredicate.java:257)
	reactor.core.publisher.FluxBufferPredicate$BufferPredicateSubscriber.tryOnNext(FluxBufferPredicate.java:211)
	reactor.core.publisher.FluxBufferPredicate$BufferPredicateSubscriber.onNext(FluxBufferPredicate.java:184)
	reactor.core.publisher.FluxFlatMap$FlatMapMain.drainLoop(FluxFlatMap.java:664)
	reactor.core.publisher.FluxFlatMap$FlatMapMain.drain(FluxFlatMap.java:540)
	reactor.core.publisher.FluxFlatMap$FlatMapInner.onSubscribe(FluxFlatMap.java:924)
	reactor.core.publisher.FluxIterable.subscribe(FluxIterable.java:139)
	reactor.core.publisher.FluxIterable.subscribe(FluxIterable.java:63)
	reactor.core.publisher.Flux.subscribe(Flux.java:7922)
	reactor.core.publisher.FluxFlatMap$FlatMapMain.onNext(FluxFlatMap.java:389)
	reactor.core.publisher.FluxConcatMap$ConcatMapImmediate.innerNext(FluxConcatMap.java:275)
	reactor.core.publisher.FluxConcatMap$ConcatMapInner.onNext(FluxConcatMap.java:849)
	reactor.core.publisher.FluxConcatMap$WeakScalarSubscription.request(FluxConcatMap.java:470)
	reactor.core.publisher.Operators$MultiSubscriptionSubscriber.set(Operators.java:1939)
	reactor.core.publisher.FluxConcatMap$ConcatMapImmediate.drain(FluxConcatMap.java:436)
	reactor.core.publisher.FluxConcatMap$ConcatMapImmediate.onNext(FluxConcatMap.java:244)
	reactor.core.publisher.FluxMap$MapSubscriber.onNext(FluxMap.java:114)
	reactor.core.publisher.FluxPeek$PeekSubscriber.onNext(FluxPeek.java:192)
	reactor.core.publisher.FluxMap$MapSubscriber.onNext(FluxMap.java:114)
	reactor.netty.channel.FluxReceive.drainReceiver(FluxReceive.java:206)
	reactor.netty.channel.FluxReceive.onInboundNext(FluxReceive.java:322)
	reactor.netty.channel.ChannelOperations.onInboundNext(ChannelOperations.java:335)
	reactor.netty.http.server.HttpServerOperations.onInboundNext(HttpServerOperations.java:456)
	reactor.netty.channel.ChannelOperationsHandler.channelRead(ChannelOperationsHandler.java:91)
	io.netty.channel.AbstractChannelHandlerContext.invokeChannelRead(AbstractChannelHandlerContext.java:374)
	io.netty.channel.AbstractChannelHandlerContext.invokeChannelRead(AbstractChannelHandlerContext.java:360)
	io.netty.channel.AbstractChannelHandlerContext.fireChannelRead(AbstractChannelHandlerContext.java:352)
	reactor.netty.http.server.HttpTrafficHandler.channelRead(HttpTrafficHandler.java:190)
	io.netty.channel.AbstractChannelHandlerContext.invokeChannelRead(AbstractChannelHandlerContext.java:374)
	io.netty.channel.AbstractChannelHandlerContext.invokeChannelRead(AbstractChannelHandlerContext.java:360)
	io.netty.channel.AbstractChannelHandlerContext.fireChannelRead(AbstractChannelHandlerContext.java:352)
	io.netty.channel.CombinedChannelDuplexHandler$DelegatingChannelHandlerContext.fireChannelRead(CombinedChannelDuplexHandler.java:438)
	io.netty.handler.codec.ByteToMessageDecoder.fireChannelRead(ByteToMessageDecoder.java:323)
	io.netty.handler.codec.ByteToMessageDecoder.fireChannelRead(ByteToMessageDecoder.java:310)
	io.netty.handler.codec.ByteToMessageDecoder.callDecode(ByteToMessageDecoder.java:426)
	io.netty.handler.codec.ByteToMessageDecoder.channelRead(ByteToMessageDecoder.java:278)
	io.netty.channel.CombinedChannelDuplexHandler.channelRead(CombinedChannelDuplexHandler.java:253)
	io.netty.channel.AbstractChannelHandlerContext.invokeChannelRead(AbstractChannelHandlerContext.java:374)
	io.netty.channel.AbstractChannelHandlerContext.invokeChannelRead(AbstractChannelHandlerContext.java:360)
	io.netty.channel.AbstractChannelHandlerContext.fireChannelRead(AbstractChannelHandlerContext.java:352)
	io.netty.channel.DefaultChannelPipeline$HeadContext.channelRead(DefaultChannelPipeline.java:1408)
	io.netty.channel.AbstractChannelHandlerContext.invokeChannelRead(AbstractChannelHandlerContext.java:374)
	io.netty.channel.AbstractChannelHandlerContext.invokeChannelRead(AbstractChannelHandlerContext.java:360)
	io.netty.channel.DefaultChannelPipeline.fireChannelRead(DefaultChannelPipeline.java:930)
	io.netty.channel.nio.AbstractNioByteChannel$NioByteUnsafe.read(AbstractNioByteChannel.java:163)
	io.netty.channel.nio.NioEventLoop.processSelectedKey(NioEventLoop.java:682)
	io.netty.channel.nio.NioEventLoop.processSelectedKeysOptimized(NioEventLoop.java:617)
	io.netty.channel.nio.NioEventLoop.processSelectedKeys(NioEventLoop.java:534)
	io.netty.channel.nio.NioEventLoop.run(NioEventLoop.java:496)
	io.netty.util.concurrent.SingleThreadEventExecutor$5.run(SingleThreadEventExecutor.java:906)
	io.netty.util.internal.ThreadExecutorMap$2.run(ThreadExecutorMap.java:74)
	io.netty.util.concurrent.FastThreadLocalRunnable.run(FastThreadLocalRunnable.java:30)
	java.lang.Thread.run(Thread.java:748)
#2:
	io.netty.buffer.AdvancedLeakAwareByteBuf.getByte(AdvancedLeakAwareByteBuf.java:154)
	org.springframework.core.io.buffer.NettyDataBuffer.getByte(NettyDataBuffer.java:132)
	org.springframework.core.io.buffer.DataBufferUtils$KnuthMorrisPrattMatcher.match(DataBufferUtils.java:1005)
	org.springframework.core.io.buffer.DataBufferUtils.endFrameAfterDelimiter(DataBufferUtils.java:634)
	org.springframework.core.io.buffer.DataBufferUtils.lambda$split$18(DataBufferUtils.java:603)
	reactor.core.publisher.FluxFlatMap$FlatMapMain.onNext(FluxFlatMap.java:350)
	reactor.core.publisher.FluxConcatMap$ConcatMapImmediate.innerNext(FluxConcatMap.java:275)
	reactor.core.publisher.FluxConcatMap$ConcatMapInner.onNext(FluxConcatMap.java:849)
	reactor.core.publisher.FluxConcatMap$WeakScalarSubscription.request(FluxConcatMap.java:470)
	reactor.core.publisher.Operators$MultiSubscriptionSubscriber.set(Operators.java:1939)
	reactor.core.publisher.FluxConcatMap$ConcatMapImmediate.drain(FluxConcatMap.java:436)
	reactor.core.publisher.FluxConcatMap$ConcatMapImmediate.onNext(FluxConcatMap.java:244)
	reactor.core.publisher.FluxMap$MapSubscriber.onNext(FluxMap.java:114)
	reactor.core.publisher.FluxPeek$PeekSubscriber.onNext(FluxPeek.java:192)
	reactor.core.publisher.FluxMap$MapSubscriber.onNext(FluxMap.java:114)
	reactor.netty.channel.FluxReceive.drainReceiver(FluxReceive.java:206)
	reactor.netty.channel.FluxReceive.onInboundNext(FluxReceive.java:322)
	reactor.netty.channel.ChannelOperations.onInboundNext(ChannelOperations.java:335)
	reactor.netty.http.server.HttpServerOperations.onInboundNext(HttpServerOperations.java:456)
	reactor.netty.channel.ChannelOperationsHandler.channelRead(ChannelOperationsHandler.java:91)
	io.netty.channel.AbstractChannelHandlerContext.invokeChannelRead(AbstractChannelHandlerContext.java:374)
	io.netty.channel.AbstractChannelHandlerContext.invokeChannelRead(AbstractChannelHandlerContext.java:360)
	io.netty.channel.AbstractChannelHandlerContext.fireChannelRead(AbstractChannelHandlerContext.java:352)
	reactor.netty.http.server.HttpTrafficHandler.channelRead(HttpTrafficHandler.java:190)
	io.netty.channel.AbstractChannelHandlerContext.invokeChannelRead(AbstractChannelHandlerContext.java:374)
	io.netty.channel.AbstractChannelHandlerContext.invokeChannelRead(AbstractChannelHandlerContext.java:360)
	io.netty.channel.AbstractChannelHandlerContext.fireChannelRead(AbstractChannelHandlerContext.java:352)
	io.netty.channel.CombinedChannelDuplexHandler$DelegatingChannelHandlerContext.fireChannelRead(CombinedChannelDuplexHandler.java:438)
	io.netty.handler.codec.ByteToMessageDecoder.fireChannelRead(ByteToMessageDecoder.java:323)
	io.netty.handler.codec.ByteToMessageDecoder.fireChannelRead(ByteToMessageDecoder.java:310)
	io.netty.handler.codec.ByteToMessageDecoder.callDecode(ByteToMessageDecoder.java:426)
	io.netty.handler.codec.ByteToMessageDecoder.channelRead(ByteToMessageDecoder.java:278)
	io.netty.channel.CombinedChannelDuplexHandler.channelRead(CombinedChannelDuplexHandler.java:253)
	io.netty.channel.AbstractChannelHandlerContext.invokeChannelRead(AbstractChannelHandlerContext.java:374)
	io.netty.channel.AbstractChannelHandlerContext.invokeChannelRead(AbstractChannelHandlerContext.java:360)
	io.netty.channel.AbstractChannelHandlerContext.fireChannelRead(AbstractChannelHandlerContext.java:352)
	io.netty.channel.DefaultChannelPipeline$HeadContext.channelRead(DefaultChannelPipeline.java:1408)
	io.netty.channel.AbstractChannelHandlerContext.invokeChannelRead(AbstractChannelHandlerContext.java:374)
	io.netty.channel.AbstractChannelHandlerContext.invokeChannelRead(AbstractChannelHandlerContext.java:360)
	io.netty.channel.DefaultChannelPipeline.fireChannelRead(DefaultChannelPipeline.java:930)
	io.netty.channel.nio.AbstractNioByteChannel$NioByteUnsafe.read(AbstractNioByteChannel.java:163)
	io.netty.channel.nio.NioEventLoop.processSelectedKey(NioEventLoop.java:682)
	io.netty.channel.nio.NioEventLoop.processSelectedKeysOptimized(NioEventLoop.java:617)
	io.netty.channel.nio.NioEventLoop.processSelectedKeys(NioEventLoop.java:534)
	io.netty.channel.nio.NioEventLoop.run(NioEventLoop.java:496)
	io.netty.util.concurrent.SingleThreadEventExecutor$5.run(SingleThreadEventExecutor.java:906)
	io.netty.util.internal.ThreadExecutorMap$2.run(ThreadExecutorMap.java:74)
	io.netty.util.concurrent.FastThreadLocalRunnable.run(FastThreadLocalRunnable.java:30)
	java.lang.Thread.run(Thread.java:748)
#3:
	org.springframework.core.io.buffer.NettyDataBufferFactory.wrap(NettyDataBufferFactory.java:93)
	reactor.core.publisher.FluxMap$MapSubscriber.onNext(FluxMap.java:100)
	reactor.core.publisher.FluxPeek$PeekSubscriber.onNext(FluxPeek.java:192)
	reactor.core.publisher.FluxMap$MapSubscriber.onNext(FluxMap.java:114)
	reactor.netty.channel.FluxReceive.drainReceiver(FluxReceive.java:206)
	reactor.netty.channel.FluxReceive.onInboundNext(FluxReceive.java:322)
	reactor.netty.channel.ChannelOperations.onInboundNext(ChannelOperations.java:335)
	reactor.netty.http.server.HttpServerOperations.onInboundNext(HttpServerOperations.java:456)
	reactor.netty.channel.ChannelOperationsHandler.channelRead(ChannelOperationsHandler.java:91)
	io.netty.channel.AbstractChannelHandlerContext.invokeChannelRead(AbstractChannelHandlerContext.java:374)
	io.netty.channel.AbstractChannelHandlerContext.invokeChannelRead(AbstractChannelHandlerContext.java:360)
	io.netty.channel.AbstractChannelHandlerContext.fireChannelRead(AbstractChannelHandlerContext.java:352)
	reactor.netty.http.server.HttpTrafficHandler.channelRead(HttpTrafficHandler.java:190)
	io.netty.channel.AbstractChannelHandlerContext.invokeChannelRead(AbstractChannelHandlerContext.java:374)
	io.netty.channel.AbstractChannelHandlerContext.invokeChannelRead(AbstractChannelHandlerContext.java:360)
	io.netty.channel.AbstractChannelHandlerContext.fireChannelRead(AbstractChannelHandlerContext.java:352)
	io.netty.channel.CombinedChannelDuplexHandler$DelegatingChannelHandlerContext.fireChannelRead(CombinedChannelDuplexHandler.java:438)
	io.netty.handler.codec.ByteToMessageDecoder.fireChannelRead(ByteToMessageDecoder.java:323)
	io.netty.handler.codec.ByteToMessageDecoder.fireChannelRead(ByteToMessageDecoder.java:310)
	io.netty.handler.codec.ByteToMessageDecoder.callDecode(ByteToMessageDecoder.java:426)
	io.netty.handler.codec.ByteToMessageDecoder.channelRead(ByteToMessageDecoder.java:278)
	io.netty.channel.CombinedChannelDuplexHandler.channelRead(CombinedChannelDuplexHandler.java:253)
	io.netty.channel.AbstractChannelHandlerContext.invokeChannelRead(AbstractChannelHandlerContext.java:374)
	io.netty.channel.AbstractChannelHandlerContext.invokeChannelRead(AbstractChannelHandlerContext.java:360)
	io.netty.channel.AbstractChannelHandlerContext.fireChannelRead(AbstractChannelHandlerContext.java:352)
	io.netty.channel.DefaultChannelPipeline$HeadContext.channelRead(DefaultChannelPipeline.java:1408)
	io.netty.channel.AbstractChannelHandlerContext.invokeChannelRead(AbstractChannelHandlerContext.java:374)
	io.netty.channel.AbstractChannelHandlerContext.invokeChannelRead(AbstractChannelHandlerContext.java:360)
	io.netty.channel.DefaultChannelPipeline.fireChannelRead(DefaultChannelPipeline.java:930)
	io.netty.channel.nio.AbstractNioByteChannel$NioByteUnsafe.read(AbstractNioByteChannel.java:163)
	io.netty.channel.nio.NioEventLoop.processSelectedKey(NioEventLoop.java:682)
	io.netty.channel.nio.NioEventLoop.processSelectedKeysOptimized(NioEventLoop.java:617)
	io.netty.channel.nio.NioEventLoop.processSelectedKeys(NioEventLoop.java:534)
	io.netty.channel.nio.NioEventLoop.run(NioEventLoop.java:496)
	io.netty.util.concurrent.SingleThreadEventExecutor$5.run(SingleThreadEventExecutor.java:906)
	io.netty.util.internal.ThreadExecutorMap$2.run(ThreadExecutorMap.java:74)
	io.netty.util.concurrent.FastThreadLocalRunnable.run(FastThreadLocalRunnable.java:30)
	java.lang.Thread.run(Thread.java:748)
#4:
	reactor.core.publisher.FluxPeek$PeekSubscriber.onNext(FluxPeek.java:177)
	reactor.core.publisher.FluxMap$MapSubscriber.onNext(FluxMap.java:114)
	reactor.netty.channel.FluxReceive.drainReceiver(FluxReceive.java:206)
	reactor.netty.channel.FluxReceive.onInboundNext(FluxReceive.java:322)
	reactor.netty.channel.ChannelOperations.onInboundNext(ChannelOperations.java:335)
	reactor.netty.http.server.HttpServerOperations.onInboundNext(HttpServerOperations.java:456)
	reactor.netty.channel.ChannelOperationsHandler.channelRead(ChannelOperationsHandler.java:91)
	io.netty.channel.AbstractChannelHandlerContext.invokeChannelRead(AbstractChannelHandlerContext.java:374)
	io.netty.channel.AbstractChannelHandlerContext.invokeChannelRead(AbstractChannelHandlerContext.java:360)
	io.netty.channel.AbstractChannelHandlerContext.fireChannelRead(AbstractChannelHandlerContext.java:352)
	reactor.netty.http.server.HttpTrafficHandler.channelRead(HttpTrafficHandler.java:190)
	io.netty.channel.AbstractChannelHandlerContext.invokeChannelRead(AbstractChannelHandlerContext.java:374)
	io.netty.channel.AbstractChannelHandlerContext.invokeChannelRead(AbstractChannelHandlerContext.java:360)
	io.netty.channel.AbstractChannelHandlerContext.fireChannelRead(AbstractChannelHandlerContext.java:352)
	io.netty.channel.CombinedChannelDuplexHandler$DelegatingChannelHandlerContext.fireChannelRead(CombinedChannelDuplexHandler.java:438)
	io.netty.handler.codec.ByteToMessageDecoder.fireChannelRead(ByteToMessageDecoder.java:323)
	io.netty.handler.codec.ByteToMessageDecoder.fireChannelRead(ByteToMessageDecoder.java:310)
	io.netty.handler.codec.ByteToMessageDecoder.callDecode(ByteToMessageDecoder.java:426)
	io.netty.handler.codec.ByteToMessageDecoder.channelRead(ByteToMessageDecoder.java:278)
	io.netty.channel.CombinedChannelDuplexHandler.channelRead(CombinedChannelDuplexHandler.java:253)
	io.netty.channel.AbstractChannelHandlerContext.invokeChannelRead(AbstractChannelHandlerContext.java:374)
	io.netty.channel.AbstractChannelHandlerContext.invokeChannelRead(AbstractChannelHandlerContext.java:360)
	io.netty.channel.AbstractChannelHandlerContext.fireChannelRead(AbstractChannelHandlerContext.java:352)
	io.netty.channel.DefaultChannelPipeline$HeadContext.channelRead(DefaultChannelPipeline.java:1408)
	io.netty.channel.AbstractChannelHandlerContext.invokeChannelRead(AbstractChannelHandlerContext.java:374)
	io.netty.channel.AbstractChannelHandlerContext.invokeChannelRead(AbstractChannelHandlerContext.java:360)
	io.netty.channel.DefaultChannelPipeline.fireChannelRead(DefaultChannelPipeline.java:930)
	io.netty.channel.nio.AbstractNioByteChannel$NioByteUnsafe.read(AbstractNioByteChannel.java:163)
	io.netty.channel.nio.NioEventLoop.processSelectedKey(NioEventLoop.java:682)
	io.netty.channel.nio.NioEventLoop.processSelectedKeysOptimized(NioEventLoop.java:617)
	io.netty.channel.nio.NioEventLoop.processSelectedKeys(NioEventLoop.java:534)
	io.netty.channel.nio.NioEventLoop.run(NioEventLoop.java:496)
	io.netty.util.concurrent.SingleThreadEventExecutor$5.run(SingleThreadEventExecutor.java:906)
	io.netty.util.internal.ThreadExecutorMap$2.run(ThreadExecutorMap.java:74)
	io.netty.util.concurrent.FastThreadLocalRunnable.run(FastThreadLocalRunnable.java:30)
	java.lang.Thread.run(Thread.java:748)
#5:
	Hint: 'reactor.right.reactiveBridge' will handle the message from this point.
	io.netty.handler.codec.http.DefaultHttpContent.touch(DefaultHttpContent.java:88)
	io.netty.handler.codec.http.DefaultHttpContent.touch(DefaultHttpContent.java:24)
	io.netty.channel.DefaultChannelPipeline.touch(DefaultChannelPipeline.java:116)
	io.netty.channel.AbstractChannelHandlerContext.invokeChannelRead(AbstractChannelHandlerContext.java:357)
	io.netty.channel.AbstractChannelHandlerContext.fireChannelRead(AbstractChannelHandlerContext.java:352)
	reactor.netty.http.server.HttpTrafficHandler.channelRead(HttpTrafficHandler.java:190)
	io.netty.channel.AbstractChannelHandlerContext.invokeChannelRead(AbstractChannelHandlerContext.java:374)
	io.netty.channel.AbstractChannelHandlerContext.invokeChannelRead(AbstractChannelHandlerContext.java:360)
	io.netty.channel.AbstractChannelHandlerContext.fireChannelRead(AbstractChannelHandlerContext.java:352)
	io.netty.channel.CombinedChannelDuplexHandler$DelegatingChannelHandlerContext.fireChannelRead(CombinedChannelDuplexHandler.java:438)
	io.netty.handler.codec.ByteToMessageDecoder.fireChannelRead(ByteToMessageDecoder.java:323)
	io.netty.handler.codec.ByteToMessageDecoder.fireChannelRead(ByteToMessageDecoder.java:310)
	io.netty.handler.codec.ByteToMessageDecoder.callDecode(ByteToMessageDecoder.java:426)
	io.netty.handler.codec.ByteToMessageDecoder.channelRead(ByteToMessageDecoder.java:278)
	io.netty.channel.CombinedChannelDuplexHandler.channelRead(CombinedChannelDuplexHandler.java:253)
	io.netty.channel.AbstractChannelHandlerContext.invokeChannelRead(AbstractChannelHandlerContext.java:374)
	io.netty.channel.AbstractChannelHandlerContext.invokeChannelRead(AbstractChannelHandlerContext.java:360)
	io.netty.channel.AbstractChannelHandlerContext.fireChannelRead(AbstractChannelHandlerContext.java:352)
	io.netty.channel.DefaultChannelPipeline$HeadContext.channelRead(DefaultChannelPipeline.java:1408)
	io.netty.channel.AbstractChannelHandlerContext.invokeChannelRead(AbstractChannelHandlerContext.java:374)
	io.netty.channel.AbstractChannelHandlerContext.invokeChannelRead(AbstractChannelHandlerContext.java:360)
	io.netty.channel.DefaultChannelPipeline.fireChannelRead(DefaultChannelPipeline.java:930)
	io.netty.channel.nio.AbstractNioByteChannel$NioByteUnsafe.read(AbstractNioByteChannel.java:163)
	io.netty.channel.nio.NioEventLoop.processSelectedKey(NioEventLoop.java:682)
	io.netty.channel.nio.NioEventLoop.processSelectedKeysOptimized(NioEventLoop.java:617)
	io.netty.channel.nio.NioEventLoop.processSelectedKeys(NioEventLoop.java:534)
	io.netty.channel.nio.NioEventLoop.run(NioEventLoop.java:496)
	io.netty.util.concurrent.SingleThreadEventExecutor$5.run(SingleThreadEventExecutor.java:906)
	io.netty.util.internal.ThreadExecutorMap$2.run(ThreadExecutorMap.java:74)
	io.netty.util.concurrent.FastThreadLocalRunnable.run(FastThreadLocalRunnable.java:30)
	java.lang.Thread.run(Thread.java:748)
#6:
	Hint: 'reactor.left.httpTrafficHandler' will handle the message from this point.
	io.netty.handler.codec.http.DefaultHttpContent.touch(DefaultHttpContent.java:88)
	io.netty.handler.codec.http.DefaultHttpContent.touch(DefaultHttpContent.java:24)
	io.netty.channel.DefaultChannelPipeline.touch(DefaultChannelPipeline.java:116)
	io.netty.channel.AbstractChannelHandlerContext.invokeChannelRead(AbstractChannelHandlerContext.java:357)
	io.netty.channel.AbstractChannelHandlerContext.fireChannelRead(AbstractChannelHandlerContext.java:352)
	io.netty.channel.CombinedChannelDuplexHandler$DelegatingChannelHandlerContext.fireChannelRead(CombinedChannelDuplexHandler.java:438)
	io.netty.handler.codec.ByteToMessageDecoder.fireChannelRead(ByteToMessageDecoder.java:323)
	io.netty.handler.codec.ByteToMessageDecoder.fireChannelRead(ByteToMessageDecoder.java:310)
	io.netty.handler.codec.ByteToMessageDecoder.callDecode(ByteToMessageDecoder.java:426)
	io.netty.handler.codec.ByteToMessageDecoder.channelRead(ByteToMessageDecoder.java:278)
	io.netty.channel.CombinedChannelDuplexHandler.channelRead(CombinedChannelDuplexHandler.java:253)
	io.netty.channel.AbstractChannelHandlerContext.invokeChannelRead(AbstractChannelHandlerContext.java:374)
	io.netty.channel.AbstractChannelHandlerContext.invokeChannelRead(AbstractChannelHandlerContext.java:360)
	io.netty.channel.AbstractChannelHandlerContext.fireChannelRead(AbstractChannelHandlerContext.java:352)
	io.netty.channel.DefaultChannelPipeline$HeadContext.channelRead(DefaultChannelPipeline.java:1408)
	io.netty.channel.AbstractChannelHandlerContext.invokeChannelRead(AbstractChannelHandlerContext.java:374)
	io.netty.channel.AbstractChannelHandlerContext.invokeChannelRead(AbstractChannelHandlerContext.java:360)
	io.netty.channel.DefaultChannelPipeline.fireChannelRead(DefaultChannelPipeline.java:930)
	io.netty.channel.nio.AbstractNioByteChannel$NioByteUnsafe.read(AbstractNioByteChannel.java:163)
	io.netty.channel.nio.NioEventLoop.processSelectedKey(NioEventLoop.java:682)
	io.netty.channel.nio.NioEventLoop.processSelectedKeysOptimized(NioEventLoop.java:617)
	io.netty.channel.nio.NioEventLoop.processSelectedKeys(NioEventLoop.java:534)
	io.netty.channel.nio.NioEventLoop.run(NioEventLoop.java:496)
	io.netty.util.concurrent.SingleThreadEventExecutor$5.run(SingleThreadEventExecutor.java:906)
	io.netty.util.internal.ThreadExecutorMap$2.run(ThreadExecutorMap.java:74)
	io.netty.util.concurrent.FastThreadLocalRunnable.run(FastThreadLocalRunnable.java:30)
	java.lang.Thread.run(Thread.java:748)
Created at:
	io.netty.buffer.SimpleLeakAwareByteBuf.unwrappedDerived(SimpleLeakAwareByteBuf.java:143)
	io.netty.buffer.SimpleLeakAwareByteBuf.readRetainedSlice(SimpleLeakAwareByteBuf.java:67)
	io.netty.buffer.AdvancedLeakAwareByteBuf.readRetainedSlice(AdvancedLeakAwareByteBuf.java:107)
	io.netty.handler.codec.http.HttpObjectDecoder.decode(HttpObjectDecoder.java:336)
	io.netty.handler.codec.http.HttpServerCodec$HttpServerRequestDecoder.decode(HttpServerCodec.java:103)
	io.netty.handler.codec.ByteToMessageDecoder.decodeRemovalReentryProtection(ByteToMessageDecoder.java:502)
	io.netty.handler.codec.ByteToMessageDecoder.callDecode(ByteToMessageDecoder.java:441)
	io.netty.handler.codec.ByteToMessageDecoder.channelRead(ByteToMessageDecoder.java:278)
	io.netty.channel.CombinedChannelDuplexHandler.channelRead(CombinedChannelDuplexHandler.java:253)
	io.netty.channel.AbstractChannelHandlerContext.invokeChannelRead(AbstractChannelHandlerContext.java:374)
	io.netty.channel.AbstractChannelHandlerContext.invokeChannelRead(AbstractChannelHandlerContext.java:360)
	io.netty.channel.AbstractChannelHandlerContext.fireChannelRead(AbstractChannelHandlerContext.java:352)
	io.netty.channel.DefaultChannelPipeline$HeadContext.channelRead(DefaultChannelPipeline.java:1408)
	io.netty.channel.AbstractChannelHandlerContext.invokeChannelRead(AbstractChannelHandlerContext.java:374)
	io.netty.channel.AbstractChannelHandlerContext.invokeChannelRead(AbstractChannelHandlerContext.java:360)
	io.netty.channel.DefaultChannelPipeline.fireChannelRead(DefaultChannelPipeline.java:930)
	io.netty.channel.nio.AbstractNioByteChannel$NioByteUnsafe.read(AbstractNioByteChannel.java:163)
	io.netty.channel.nio.NioEventLoop.processSelectedKey(NioEventLoop.java:682)
	io.netty.channel.nio.NioEventLoop.processSelectedKeysOptimized(NioEventLoop.java:617)
	io.netty.channel.nio.NioEventLoop.processSelectedKeys(NioEventLoop.java:534)
	io.netty.channel.nio.NioEventLoop.run(NioEventLoop.java:496)
	io.netty.util.concurrent.SingleThreadEventExecutor$5.run(SingleThreadEventExecutor.java:906)
	io.netty.util.internal.ThreadExecutorMap$2.run(ThreadExecutorMap.java:74)
	io.netty.util.concurrent.FastThreadLocalRunnable.run(FastThreadLocalRunnable.java:30)
	java.lang.Thread.run(Thread.java:748)
: 3 leak records were discarded because they were duplicates
: 43 leak records were discarded because the leak record count is targeted to 4. Use system property io.netty.leakDetection.targetRecords to increase the limit.
22:42:57.854 [reactor-http-nio-6] ERROR i.n.u.ResourceLeakDetector - LEAK: ByteBuf.release() was not called before it's garbage-collected. See http://netty.io/wiki/reference-counted-objects.html for more information.
Recent access records: 
#1:
	io.netty.buffer.AdvancedLeakAwareByteBuf.order(AdvancedLeakAwareByteBuf.java:70)
	io.netty.buffer.CompositeByteBuf.newComponent(CompositeByteBuf.java:318)
	io.netty.buffer.CompositeByteBuf.addComponent0(CompositeByteBuf.java:280)
	io.netty.buffer.CompositeByteBuf.addComponent(CompositeByteBuf.java:265)
	io.netty.buffer.CompositeByteBuf.addComponent(CompositeByteBuf.java:222)
	io.netty.buffer.WrappedCompositeByteBuf.addComponent(WrappedCompositeByteBuf.java:529)
	io.netty.buffer.AdvancedLeakAwareCompositeByteBuf.addComponent(AdvancedLeakAwareCompositeByteBuf.java:921)
	org.springframework.core.io.buffer.NettyDataBufferFactory.join(NettyDataBufferFactory.java:111)
	org.springframework.core.io.buffer.DataBufferUtils.joinAndStrip(DataBufferUtils.java:686)
	org.springframework.core.io.buffer.DataBufferUtils.lambda$split$20(DataBufferUtils.java:605)
	reactor.core.publisher.FluxMap$MapConditionalSubscriber.onNext(FluxMap.java:199)
	reactor.core.publisher.FluxBufferPredicate$BufferPredicateSubscriber.emit(FluxBufferPredicate.java:290)
	reactor.core.publisher.FluxBufferPredicate$BufferPredicateSubscriber.onNextNewBuffer(FluxBufferPredicate.java:257)
	reactor.core.publisher.FluxBufferPredicate$BufferPredicateSubscriber.tryOnNext(FluxBufferPredicate.java:211)
	reactor.core.publisher.FluxBufferPredicate$BufferPredicateSubscriber.onNext(FluxBufferPredicate.java:184)
	reactor.core.publisher.FluxFlatMap$FlatMapMain.drainLoop(FluxFlatMap.java:664)
	reactor.core.publisher.FluxFlatMap$FlatMapMain.drain(FluxFlatMap.java:540)
	reactor.core.publisher.FluxFlatMap$FlatMapInner.onSubscribe(FluxFlatMap.java:924)
	reactor.core.publisher.FluxIterable.subscribe(FluxIterable.java:139)
	reactor.core.publisher.FluxIterable.subscribe(FluxIterable.java:63)
	reactor.core.publisher.Flux.subscribe(Flux.java:7922)
	reactor.core.publisher.FluxFlatMap$FlatMapMain.onNext(FluxFlatMap.java:389)
	reactor.core.publisher.FluxConcatMap$ConcatMapImmediate.innerNext(FluxConcatMap.java:275)
	reactor.core.publisher.FluxConcatMap$ConcatMapInner.onNext(FluxConcatMap.java:849)
	reactor.core.publisher.FluxConcatMap$WeakScalarSubscription.request(FluxConcatMap.java:470)
	reactor.core.publisher.Operators$MultiSubscriptionSubscriber.set(Operators.java:1939)
	reactor.core.publisher.FluxConcatMap$ConcatMapImmediate.drain(FluxConcatMap.java:436)
	reactor.core.publisher.FluxConcatMap$ConcatMapImmediate.onNext(FluxConcatMap.java:244)
	reactor.core.publisher.FluxMap$MapSubscriber.onNext(FluxMap.java:114)
	reactor.core.publisher.FluxPeek$PeekSubscriber.onNext(FluxPeek.java:192)
	reactor.core.publisher.FluxMap$MapSubscriber.onNext(FluxMap.java:114)
	reactor.netty.channel.FluxReceive.drainReceiver(FluxReceive.java:206)
	reactor.netty.channel.FluxReceive.onInboundNext(FluxReceive.java:322)
	reactor.netty.channel.ChannelOperations.onInboundNext(ChannelOperations.java:335)
	reactor.netty.http.server.HttpServerOperations.onInboundNext(HttpServerOperations.java:456)
	reactor.netty.channel.ChannelOperationsHandler.channelRead(ChannelOperationsHandler.java:91)
	io.netty.channel.AbstractChannelHandlerContext.invokeChannelRead(AbstractChannelHandlerContext.java:374)
	io.netty.channel.AbstractChannelHandlerContext.invokeChannelRead(AbstractChannelHandlerContext.java:360)
	io.netty.channel.AbstractChannelHandlerContext.fireChannelRead(AbstractChannelHandlerContext.java:352)
	reactor.netty.http.server.HttpTrafficHandler.channelRead(HttpTrafficHandler.java:190)
	io.netty.channel.AbstractChannelHandlerContext.invokeChannelRead(AbstractChannelHandlerContext.java:374)
	io.netty.channel.AbstractChannelHandlerContext.invokeChannelRead(AbstractChannelHandlerContext.java:360)
	io.netty.channel.AbstractChannelHandlerContext.fireChannelRead(AbstractChannelHandlerContext.java:352)
	io.netty.channel.CombinedChannelDuplexHandler$DelegatingChannelHandlerContext.fireChannelRead(CombinedChannelDuplexHandler.java:438)
	io.netty.handler.codec.ByteToMessageDecoder.fireChannelRead(ByteToMessageDecoder.java:323)
	io.netty.handler.codec.ByteToMessageDecoder.fireChannelRead(ByteToMessageDecoder.java:310)
	io.netty.handler.codec.ByteToMessageDecoder.callDecode(ByteToMessageDecoder.java:426)
	io.netty.handler.codec.ByteToMessageDecoder.channelRead(ByteToMessageDecoder.java:278)
	io.netty.channel.CombinedChannelDuplexHandler.channelRead(CombinedChannelDuplexHandler.java:253)
	io.netty.channel.AbstractChannelHandlerContext.invokeChannelRead(AbstractChannelHandlerContext.java:374)
	io.netty.channel.AbstractChannelHandlerContext.invokeChannelRead(AbstractChannelHandlerContext.java:360)
	io.netty.channel.AbstractChannelHandlerContext.fireChannelRead(AbstractChannelHandlerContext.java:352)
	io.netty.channel.DefaultChannelPipeline$HeadContext.channelRead(DefaultChannelPipeline.java:1408)
	io.netty.channel.AbstractChannelHandlerContext.invokeChannelRead(AbstractChannelHandlerContext.java:374)
	io.netty.channel.AbstractChannelHandlerContext.invokeChannelRead(AbstractChannelHandlerContext.java:360)
	io.netty.channel.DefaultChannelPipeline.fireChannelRead(DefaultChannelPipeline.java:930)
	io.netty.channel.nio.AbstractNioByteChannel$NioByteUnsafe.read(AbstractNioByteChannel.java:163)
	io.netty.channel.nio.NioEventLoop.processSelectedKey(NioEventLoop.java:682)
	io.netty.channel.nio.NioEventLoop.processSelectedKeysOptimized(NioEventLoop.java:617)
	io.netty.channel.nio.NioEventLoop.processSelectedKeys(NioEventLoop.java:534)
	io.netty.channel.nio.NioEventLoop.run(NioEventLoop.java:496)
	io.netty.util.concurrent.SingleThreadEventExecutor$5.run(SingleThreadEventExecutor.java:906)
	io.netty.util.internal.ThreadExecutorMap$2.run(ThreadExecutorMap.java:74)
	io.netty.util.concurrent.FastThreadLocalRunnable.run(FastThreadLocalRunnable.java:30)
	java.lang.Thread.run(Thread.java:748)
#2:
	io.netty.buffer.AdvancedLeakAwareByteBuf.getByte(AdvancedLeakAwareByteBuf.java:154)
	org.springframework.core.io.buffer.NettyDataBuffer.getByte(NettyDataBuffer.java:132)
	org.springframework.core.io.buffer.DataBufferUtils$KnuthMorrisPrattMatcher.match(DataBufferUtils.java:1005)
	org.springframework.core.io.buffer.DataBufferUtils.endFrameAfterDelimiter(DataBufferUtils.java:634)
	org.springframework.core.io.buffer.DataBufferUtils.lambda$split$18(DataBufferUtils.java:603)
	reactor.core.publisher.FluxFlatMap$FlatMapMain.onNext(FluxFlatMap.java:350)
	reactor.core.publisher.FluxConcatMap$ConcatMapImmediate.innerNext(FluxConcatMap.java:275)
	reactor.core.publisher.FluxConcatMap$ConcatMapInner.onNext(FluxConcatMap.java:849)
	reactor.core.publisher.FluxConcatMap$WeakScalarSubscription.request(FluxConcatMap.java:470)
	reactor.core.publisher.Operators$MultiSubscriptionSubscriber.set(Operators.java:1939)
	reactor.core.publisher.FluxConcatMap$ConcatMapImmediate.drain(FluxConcatMap.java:436)
	reactor.core.publisher.FluxConcatMap$ConcatMapImmediate.onNext(FluxConcatMap.java:244)
	reactor.core.publisher.FluxMap$MapSubscriber.onNext(FluxMap.java:114)
	reactor.core.publisher.FluxPeek$PeekSubscriber.onNext(FluxPeek.java:192)
	reactor.core.publisher.FluxMap$MapSubscriber.onNext(FluxMap.java:114)
	reactor.netty.channel.FluxReceive.drainReceiver(FluxReceive.java:206)
	reactor.netty.channel.FluxReceive.onInboundNext(FluxReceive.java:322)
	reactor.netty.channel.ChannelOperations.onInboundNext(ChannelOperations.java:335)
	reactor.netty.http.server.HttpServerOperations.onInboundNext(HttpServerOperations.java:456)
	reactor.netty.channel.ChannelOperationsHandler.channelRead(ChannelOperationsHandler.java:91)
	io.netty.channel.AbstractChannelHandlerContext.invokeChannelRead(AbstractChannelHandlerContext.java:374)
	io.netty.channel.AbstractChannelHandlerContext.invokeChannelRead(AbstractChannelHandlerContext.java:360)
	io.netty.channel.AbstractChannelHandlerContext.fireChannelRead(AbstractChannelHandlerContext.java:352)
	reactor.netty.http.server.HttpTrafficHandler.channelRead(HttpTrafficHandler.java:190)
	io.netty.channel.AbstractChannelHandlerContext.invokeChannelRead(AbstractChannelHandlerContext.java:374)
	io.netty.channel.AbstractChannelHandlerContext.invokeChannelRead(AbstractChannelHandlerContext.java:360)
	io.netty.channel.AbstractChannelHandlerContext.fireChannelRead(AbstractChannelHandlerContext.java:352)
	io.netty.channel.CombinedChannelDuplexHandler$DelegatingChannelHandlerContext.fireChannelRead(CombinedChannelDuplexHandler.java:438)
	io.netty.handler.codec.ByteToMessageDecoder.fireChannelRead(ByteToMessageDecoder.java:323)
	io.netty.handler.codec.ByteToMessageDecoder.fireChannelRead(ByteToMessageDecoder.java:310)
	io.netty.handler.codec.ByteToMessageDecoder.callDecode(ByteToMessageDecoder.java:426)
	io.netty.handler.codec.ByteToMessageDecoder.channelRead(ByteToMessageDecoder.java:278)
	io.netty.channel.CombinedChannelDuplexHandler.channelRead(CombinedChannelDuplexHandler.java:253)
	io.netty.channel.AbstractChannelHandlerContext.invokeChannelRead(AbstractChannelHandlerContext.java:374)
	io.netty.channel.AbstractChannelHandlerContext.invokeChannelRead(AbstractChannelHandlerContext.java:360)
	io.netty.channel.AbstractChannelHandlerContext.fireChannelRead(AbstractChannelHandlerContext.java:352)
	io.netty.channel.DefaultChannelPipeline$HeadContext.channelRead(DefaultChannelPipeline.java:1408)
	io.netty.channel.AbstractChannelHandlerContext.invokeChannelRead(AbstractChannelHandlerContext.java:374)
	io.netty.channel.AbstractChannelHandlerContext.invokeChannelRead(AbstractChannelHandlerContext.java:360)
	io.netty.channel.DefaultChannelPipeline.fireChannelRead(DefaultChannelPipeline.java:930)
	io.netty.channel.nio.AbstractNioByteChannel$NioByteUnsafe.read(AbstractNioByteChannel.java:163)
	io.netty.channel.nio.NioEventLoop.processSelectedKey(NioEventLoop.java:682)
	io.netty.channel.nio.NioEventLoop.processSelectedKeysOptimized(NioEventLoop.java:617)
	io.netty.channel.nio.NioEventLoop.processSelectedKeys(NioEventLoop.java:534)
	io.netty.channel.nio.NioEventLoop.run(NioEventLoop.java:496)
	io.netty.util.concurrent.SingleThreadEventExecutor$5.run(SingleThreadEventExecutor.java:906)
	io.netty.util.internal.ThreadExecutorMap$2.run(ThreadExecutorMap.java:74)
	io.netty.util.concurrent.FastThreadLocalRunnable.run(FastThreadLocalRunnable.java:30)
	java.lang.Thread.run(Thread.java:748)
#3:
	reactor.core.publisher.FluxPeek$PeekSubscriber.onNext(FluxPeek.java:177)
	reactor.core.publisher.FluxMap$MapSubscriber.onNext(FluxMap.java:114)
	reactor.netty.channel.FluxReceive.drainReceiver(FluxReceive.java:206)
	reactor.netty.channel.FluxReceive.onInboundNext(FluxReceive.java:322)
	reactor.netty.channel.ChannelOperations.onInboundNext(ChannelOperations.java:335)
	reactor.netty.http.server.HttpServerOperations.onInboundNext(HttpServerOperations.java:456)
	reactor.netty.channel.ChannelOperationsHandler.channelRead(ChannelOperationsHandler.java:91)
	io.netty.channel.AbstractChannelHandlerContext.invokeChannelRead(AbstractChannelHandlerContext.java:374)
	io.netty.channel.AbstractChannelHandlerContext.invokeChannelRead(AbstractChannelHandlerContext.java:360)
	io.netty.channel.AbstractChannelHandlerContext.fireChannelRead(AbstractChannelHandlerContext.java:352)
	reactor.netty.http.server.HttpTrafficHandler.channelRead(HttpTrafficHandler.java:190)
	io.netty.channel.AbstractChannelHandlerContext.invokeChannelRead(AbstractChannelHandlerContext.java:374)
	io.netty.channel.AbstractChannelHandlerContext.invokeChannelRead(AbstractChannelHandlerContext.java:360)
	io.netty.channel.AbstractChannelHandlerContext.fireChannelRead(AbstractChannelHandlerContext.java:352)
	io.netty.channel.CombinedChannelDuplexHandler$DelegatingChannelHandlerContext.fireChannelRead(CombinedChannelDuplexHandler.java:438)
	io.netty.handler.codec.ByteToMessageDecoder.fireChannelRead(ByteToMessageDecoder.java:323)
	io.netty.handler.codec.ByteToMessageDecoder.fireChannelRead(ByteToMessageDecoder.java:310)
	io.netty.handler.codec.ByteToMessageDecoder.callDecode(ByteToMessageDecoder.java:426)
	io.netty.handler.codec.ByteToMessageDecoder.channelRead(ByteToMessageDecoder.java:278)
	io.netty.channel.CombinedChannelDuplexHandler.channelRead(CombinedChannelDuplexHandler.java:253)
	io.netty.channel.AbstractChannelHandlerContext.invokeChannelRead(AbstractChannelHandlerContext.java:374)
	io.netty.channel.AbstractChannelHandlerContext.invokeChannelRead(AbstractChannelHandlerContext.java:360)
	io.netty.channel.AbstractChannelHandlerContext.fireChannelRead(AbstractChannelHandlerContext.java:352)
	io.netty.channel.DefaultChannelPipeline$HeadContext.channelRead(DefaultChannelPipeline.java:1408)
	io.netty.channel.AbstractChannelHandlerContext.invokeChannelRead(AbstractChannelHandlerContext.java:374)
	io.netty.channel.AbstractChannelHandlerContext.invokeChannelRead(AbstractChannelHandlerContext.java:360)
	io.netty.channel.DefaultChannelPipeline.fireChannelRead(DefaultChannelPipeline.java:930)
	io.netty.channel.nio.AbstractNioByteChannel$NioByteUnsafe.read(AbstractNioByteChannel.java:163)
	io.netty.channel.nio.NioEventLoop.processSelectedKey(NioEventLoop.java:682)
	io.netty.channel.nio.NioEventLoop.processSelectedKeysOptimized(NioEventLoop.java:617)
	io.netty.channel.nio.NioEventLoop.processSelectedKeys(NioEventLoop.java:534)
	io.netty.channel.nio.NioEventLoop.run(NioEventLoop.java:496)
	io.netty.util.concurrent.SingleThreadEventExecutor$5.run(SingleThreadEventExecutor.java:906)
	io.netty.util.internal.ThreadExecutorMap$2.run(ThreadExecutorMap.java:74)
	io.netty.util.concurrent.FastThreadLocalRunnable.run(FastThreadLocalRunnable.java:30)
	java.lang.Thread.run(Thread.java:748)
#4:
	Hint: 'reactor.right.reactiveBridge' will handle the message from this point.
	io.netty.handler.codec.http.DefaultHttpContent.touch(DefaultHttpContent.java:88)
	io.netty.handler.codec.http.DefaultHttpContent.touch(DefaultHttpContent.java:24)
	io.netty.channel.DefaultChannelPipeline.touch(DefaultChannelPipeline.java:116)
	io.netty.channel.AbstractChannelHandlerContext.invokeChannelRead(AbstractChannelHandlerContext.java:357)
	io.netty.channel.AbstractChannelHandlerContext.fireChannelRead(AbstractChannelHandlerContext.java:352)
	reactor.netty.http.server.HttpTrafficHandler.channelRead(HttpTrafficHandler.java:190)
	io.netty.channel.AbstractChannelHandlerContext.invokeChannelRead(AbstractChannelHandlerContext.java:374)
	io.netty.channel.AbstractChannelHandlerContext.invokeChannelRead(AbstractChannelHandlerContext.java:360)
	io.netty.channel.AbstractChannelHandlerContext.fireChannelRead(AbstractChannelHandlerContext.java:352)
	io.netty.channel.CombinedChannelDuplexHandler$DelegatingChannelHandlerContext.fireChannelRead(CombinedChannelDuplexHandler.java:438)
	io.netty.handler.codec.ByteToMessageDecoder.fireChannelRead(ByteToMessageDecoder.java:323)
	io.netty.handler.codec.ByteToMessageDecoder.fireChannelRead(ByteToMessageDecoder.java:310)
	io.netty.handler.codec.ByteToMessageDecoder.callDecode(ByteToMessageDecoder.java:426)
	io.netty.handler.codec.ByteToMessageDecoder.channelRead(ByteToMessageDecoder.java:278)
	io.netty.channel.CombinedChannelDuplexHandler.channelRead(CombinedChannelDuplexHandler.java:253)
	io.netty.channel.AbstractChannelHandlerContext.invokeChannelRead(AbstractChannelHandlerContext.java:374)
	io.netty.channel.AbstractChannelHandlerContext.invokeChannelRead(AbstractChannelHandlerContext.java:360)
	io.netty.channel.AbstractChannelHandlerContext.fireChannelRead(AbstractChannelHandlerContext.java:352)
	io.netty.channel.DefaultChannelPipeline$HeadContext.channelRead(DefaultChannelPipeline.java:1408)
	io.netty.channel.AbstractChannelHandlerContext.invokeChannelRead(AbstractChannelHandlerContext.java:374)
	io.netty.channel.AbstractChannelHandlerContext.invokeChannelRead(AbstractChannelHandlerContext.java:360)
	io.netty.channel.DefaultChannelPipeline.fireChannelRead(DefaultChannelPipeline.java:930)
	io.netty.channel.nio.AbstractNioByteChannel$NioByteUnsafe.read(AbstractNioByteChannel.java:163)
	io.netty.channel.nio.NioEventLoop.processSelectedKey(NioEventLoop.java:682)
	io.netty.channel.nio.NioEventLoop.processSelectedKeysOptimized(NioEventLoop.java:617)
	io.netty.channel.nio.NioEventLoop.processSelectedKeys(NioEventLoop.java:534)
	io.netty.channel.nio.NioEventLoop.run(NioEventLoop.java:496)
	io.netty.util.concurrent.SingleThreadEventExecutor$5.run(SingleThreadEventExecutor.java:906)
	io.netty.util.internal.ThreadExecutorMap$2.run(ThreadExecutorMap.java:74)
	io.netty.util.concurrent.FastThreadLocalRunnable.run(FastThreadLocalRunnable.java:30)
	java.lang.Thread.run(Thread.java:748)
#5:
	Hint: 'reactor.left.httpTrafficHandler' will handle the message from this point.
	io.netty.handler.codec.http.DefaultHttpContent.touch(DefaultHttpContent.java:88)
	io.netty.handler.codec.http.DefaultHttpContent.touch(DefaultHttpContent.java:24)
	io.netty.channel.DefaultChannelPipeline.touch(DefaultChannelPipeline.java:116)
	io.netty.channel.AbstractChannelHandlerContext.invokeChannelRead(AbstractChannelHandlerContext.java:357)
	io.netty.channel.AbstractChannelHandlerContext.fireChannelRead(AbstractChannelHandlerContext.java:352)
	io.netty.channel.CombinedChannelDuplexHandler$DelegatingChannelHandlerContext.fireChannelRead(CombinedChannelDuplexHandler.java:438)
	io.netty.handler.codec.ByteToMessageDecoder.fireChannelRead(ByteToMessageDecoder.java:323)
	io.netty.handler.codec.ByteToMessageDecoder.fireChannelRead(ByteToMessageDecoder.java:310)
	io.netty.handler.codec.ByteToMessageDecoder.callDecode(ByteToMessageDecoder.java:426)
	io.netty.handler.codec.ByteToMessageDecoder.channelRead(ByteToMessageDecoder.java:278)
	io.netty.channel.CombinedChannelDuplexHandler.channelRead(CombinedChannelDuplexHandler.java:253)
	io.netty.channel.AbstractChannelHandlerContext.invokeChannelRead(AbstractChannelHandlerContext.java:374)
	io.netty.channel.AbstractChannelHandlerContext.invokeChannelRead(AbstractChannelHandlerContext.java:360)
	io.netty.channel.AbstractChannelHandlerContext.fireChannelRead(AbstractChannelHandlerContext.java:352)
	io.netty.channel.DefaultChannelPipeline$HeadContext.channelRead(DefaultChannelPipeline.java:1408)
	io.netty.channel.AbstractChannelHandlerContext.invokeChannelRead(AbstractChannelHandlerContext.java:374)
	io.netty.channel.AbstractChannelHandlerContext.invokeChannelRead(AbstractChannelHandlerContext.java:360)
	io.netty.channel.DefaultChannelPipeline.fireChannelRead(DefaultChannelPipeline.java:930)
	io.netty.channel.nio.AbstractNioByteChannel$NioByteUnsafe.read(AbstractNioByteChannel.java:163)
	io.netty.channel.nio.NioEventLoop.processSelectedKey(NioEventLoop.java:682)
	io.netty.channel.nio.NioEventLoop.processSelectedKeysOptimized(NioEventLoop.java:617)
	io.netty.channel.nio.NioEventLoop.processSelectedKeys(NioEventLoop.java:534)
	io.netty.channel.nio.NioEventLoop.run(NioEventLoop.java:496)
	io.netty.util.concurrent.SingleThreadEventExecutor$5.run(SingleThreadEventExecutor.java:906)
	io.netty.util.internal.ThreadExecutorMap$2.run(ThreadExecutorMap.java:74)
	io.netty.util.concurrent.FastThreadLocalRunnable.run(FastThreadLocalRunnable.java:30)
	java.lang.Thread.run(Thread.java:748)
Created at:
	io.netty.buffer.SimpleLeakAwareByteBuf.unwrappedDerived(SimpleLeakAwareByteBuf.java:143)
	io.netty.buffer.SimpleLeakAwareByteBuf.readRetainedSlice(SimpleLeakAwareByteBuf.java:67)
	io.netty.buffer.AdvancedLeakAwareByteBuf.readRetainedSlice(AdvancedLeakAwareByteBuf.java:107)
	io.netty.handler.codec.http.HttpObjectDecoder.decode(HttpObjectDecoder.java:336)
	io.netty.handler.codec.http.HttpServerCodec$HttpServerRequestDecoder.decode(HttpServerCodec.java:103)
	io.netty.handler.codec.ByteToMessageDecoder.decodeRemovalReentryProtection(ByteToMessageDecoder.java:502)
	io.netty.handler.codec.ByteToMessageDecoder.callDecode(ByteToMessageDecoder.java:441)
	io.netty.handler.codec.ByteToMessageDecoder.channelRead(ByteToMessageDecoder.java:278)
	io.netty.channel.CombinedChannelDuplexHandler.channelRead(CombinedChannelDuplexHandler.java:253)
	io.netty.channel.AbstractChannelHandlerContext.invokeChannelRead(AbstractChannelHandlerContext.java:374)
	io.netty.channel.AbstractChannelHandlerContext.invokeChannelRead(AbstractChannelHandlerContext.java:360)
	io.netty.channel.AbstractChannelHandlerContext.fireChannelRead(AbstractChannelHandlerContext.java:352)
	io.netty.channel.DefaultChannelPipeline$HeadContext.channelRead(DefaultChannelPipeline.java:1408)
	io.netty.channel.AbstractChannelHandlerContext.invokeChannelRead(AbstractChannelHandlerContext.java:374)
	io.netty.channel.AbstractChannelHandlerContext.invokeChannelRead(AbstractChannelHandlerContext.java:360)
	io.netty.channel.DefaultChannelPipeline.fireChannelRead(DefaultChannelPipeline.java:930)
	io.netty.channel.nio.AbstractNioByteChannel$NioByteUnsafe.read(AbstractNioByteChannel.java:163)
	io.netty.channel.nio.NioEventLoop.processSelectedKey(NioEventLoop.java:682)
	io.netty.channel.nio.NioEventLoop.processSelectedKeysOptimized(NioEventLoop.java:617)
	io.netty.channel.nio.NioEventLoop.processSelectedKeys(NioEventLoop.java:534)
	io.netty.channel.nio.NioEventLoop.run(NioEventLoop.java:496)
	io.netty.util.concurrent.SingleThreadEventExecutor$5.run(SingleThreadEventExecutor.java:906)
	io.netty.util.internal.ThreadExecutorMap$2.run(ThreadExecutorMap.java:74)
	io.netty.util.concurrent.FastThreadLocalRunnable.run(FastThreadLocalRunnable.java:30)
	java.lang.Thread.run(Thread.java:748)
: 8 leak records were discarded because they were duplicates
: 1394 leak records were discarded because the leak record count is targeted to 4. Use system property io.netty.leakDetection.targetRecords to increase the limit.
22:42:57.855 [reactor-http-nio-6] ERROR i.n.u.ResourceLeakDetector - LEAK: ByteBuf.release() was not called before it's garbage-collected. See http://netty.io/wiki/reference-counted-objects.html for more information.
Recent access records: 
#1:
	org.springframework.core.io.buffer.NettyDataBuffer.release(NettyDataBuffer.java:308)
	org.springframework.core.io.buffer.DataBufferUtils.release(DataBufferUtils.java:498)
	org.springframework.http.codec.multipart.DefaultMultipartMessageReader.notLastBoundary(DefaultMultipartMessageReader.java:164)
	reactor.core.publisher.FluxTakeWhile$TakeWhileSubscriber.onNext(FluxTakeWhile.java:79)
	reactor.core.publisher.FluxContextStart$ContextStartSubscriber.onNext(FluxContextStart.java:103)
	reactor.core.publisher.FluxMap$MapConditionalSubscriber.onNext(FluxMap.java:213)
	reactor.core.publisher.DrainUtils.postCompleteDrain(DrainUtils.java:135)
	reactor.core.publisher.DrainUtils.postComplete(DrainUtils.java:186)
	reactor.core.publisher.FluxBufferPredicate$BufferPredicateSubscriber.onComplete(FluxBufferPredicate.java:285)
	reactor.core.publisher.FluxFlatMap$FlatMapMain.checkTerminated(FluxFlatMap.java:794)
	reactor.core.publisher.FluxFlatMap$FlatMapMain.drainLoop(FluxFlatMap.java:560)
	reactor.core.publisher.FluxFlatMap$FlatMapMain.drain(FluxFlatMap.java:540)
	reactor.core.publisher.FluxFlatMap$FlatMapMain.onComplete(FluxFlatMap.java:426)
	reactor.core.publisher.FluxConcatMap$ConcatMapImmediate.drain(FluxConcatMap.java:360)
	reactor.core.publisher.FluxConcatMap$ConcatMapImmediate.onComplete(FluxConcatMap.java:269)
	reactor.core.publisher.FluxMap$MapSubscriber.onComplete(FluxMap.java:136)
	reactor.core.publisher.FluxPeek$PeekSubscriber.onComplete(FluxPeek.java:252)
	reactor.core.publisher.FluxMap$MapSubscriber.onComplete(FluxMap.java:136)
	reactor.netty.channel.FluxReceive.terminateReceiver(FluxReceive.java:390)
	reactor.netty.channel.FluxReceive.drainReceiver(FluxReceive.java:197)
	reactor.netty.channel.FluxReceive.onInboundComplete(FluxReceive.java:338)
	reactor.netty.channel.ChannelOperations.onInboundComplete(ChannelOperations.java:350)
	reactor.netty.http.server.HttpServerOperations.onInboundNext(HttpServerOperations.java:459)
	reactor.netty.channel.ChannelOperationsHandler.channelRead(ChannelOperationsHandler.java:91)
	io.netty.channel.AbstractChannelHandlerContext.invokeChannelRead(AbstractChannelHandlerContext.java:374)
	io.netty.channel.AbstractChannelHandlerContext.invokeChannelRead(AbstractChannelHandlerContext.java:360)
	io.netty.channel.AbstractChannelHandlerContext.fireChannelRead(AbstractChannelHandlerContext.java:352)
	reactor.netty.http.server.HttpTrafficHandler.channelRead(HttpTrafficHandler.java:190)
	io.netty.channel.AbstractChannelHandlerContext.invokeChannelRead(AbstractChannelHandlerContext.java:374)
	io.netty.channel.AbstractChannelHandlerContext.invokeChannelRead(AbstractChannelHandlerContext.java:360)
	io.netty.channel.AbstractChannelHandlerContext.fireChannelRead(AbstractChannelHandlerContext.java:352)
	io.netty.channel.CombinedChannelDuplexHandler$DelegatingChannelHandlerContext.fireChannelRead(CombinedChannelDuplexHandler.java:438)
	io.netty.handler.codec.ByteToMessageDecoder.fireChannelRead(ByteToMessageDecoder.java:323)
	io.netty.handler.codec.ByteToMessageDecoder.channelRead(ByteToMessageDecoder.java:297)
	io.netty.channel.CombinedChannelDuplexHandler.channelRead(CombinedChannelDuplexHandler.java:253)
	io.netty.channel.AbstractChannelHandlerContext.invokeChannelRead(AbstractChannelHandlerContext.java:374)
	io.netty.channel.AbstractChannelHandlerContext.invokeChannelRead(AbstractChannelHandlerContext.java:360)
	io.netty.channel.AbstractChannelHandlerContext.fireChannelRead(AbstractChannelHandlerContext.java:352)
	io.netty.channel.DefaultChannelPipeline$HeadContext.channelRead(DefaultChannelPipeline.java:1408)
	io.netty.channel.AbstractChannelHandlerContext.invokeChannelRead(AbstractChannelHandlerContext.java:374)
	io.netty.channel.AbstractChannelHandlerContext.invokeChannelRead(AbstractChannelHandlerContext.java:360)
	io.netty.channel.DefaultChannelPipeline.fireChannelRead(DefaultChannelPipeline.java:930)
	io.netty.channel.nio.AbstractNioByteChannel$NioByteUnsafe.read(AbstractNioByteChannel.java:163)
	io.netty.channel.nio.NioEventLoop.processSelectedKey(NioEventLoop.java:682)
	io.netty.channel.nio.NioEventLoop.processSelectedKeysOptimized(NioEventLoop.java:617)
	io.netty.channel.nio.NioEventLoop.processSelectedKeys(NioEventLoop.java:534)
	io.netty.channel.nio.NioEventLoop.run(NioEventLoop.java:496)
	io.netty.util.concurrent.SingleThreadEventExecutor$5.run(SingleThreadEventExecutor.java:906)
	io.netty.util.internal.ThreadExecutorMap$2.run(ThreadExecutorMap.java:74)
	io.netty.util.concurrent.FastThreadLocalRunnable.run(FastThreadLocalRunnable.java:30)
	java.lang.Thread.run(Thread.java:748)
#2:
	io.netty.buffer.AdvancedLeakAwareByteBuf.getByte(AdvancedLeakAwareByteBuf.java:154)
	org.springframework.core.io.buffer.NettyDataBuffer.getByte(NettyDataBuffer.java:132)
	org.springframework.core.io.buffer.DataBufferUtils$KnuthMorrisPrattMatcher.match(DataBufferUtils.java:1005)
	org.springframework.core.io.buffer.DataBufferUtils.endFrameAfterDelimiter(DataBufferUtils.java:634)
	org.springframework.core.io.buffer.DataBufferUtils.lambda$split$18(DataBufferUtils.java:603)
	reactor.core.publisher.FluxFlatMap$FlatMapMain.onNext(FluxFlatMap.java:350)
	reactor.core.publisher.FluxConcatMap$ConcatMapImmediate.innerNext(FluxConcatMap.java:275)
	reactor.core.publisher.FluxConcatMap$ConcatMapInner.onNext(FluxConcatMap.java:849)
	reactor.core.publisher.FluxConcatMap$WeakScalarSubscription.request(FluxConcatMap.java:470)
	reactor.core.publisher.Operators$MultiSubscriptionSubscriber.set(Operators.java:1939)
	reactor.core.publisher.FluxConcatMap$ConcatMapImmediate.drain(FluxConcatMap.java:436)
	reactor.core.publisher.FluxConcatMap$ConcatMapImmediate.onNext(FluxConcatMap.java:244)
	reactor.core.publisher.FluxMap$MapSubscriber.onNext(FluxMap.java:114)
	reactor.core.publisher.FluxPeek$PeekSubscriber.onNext(FluxPeek.java:192)
	reactor.core.publisher.FluxMap$MapSubscriber.onNext(FluxMap.java:114)
	reactor.netty.channel.FluxReceive.drainReceiver(FluxReceive.java:206)
	reactor.netty.channel.FluxReceive.onInboundNext(FluxReceive.java:322)
	reactor.netty.channel.ChannelOperations.onInboundNext(ChannelOperations.java:335)
	reactor.netty.http.server.HttpServerOperations.onInboundNext(HttpServerOperations.java:456)
	reactor.netty.channel.ChannelOperationsHandler.channelRead(ChannelOperationsHandler.java:91)
	io.netty.channel.AbstractChannelHandlerContext.invokeChannelRead(AbstractChannelHandlerContext.java:374)
	io.netty.channel.AbstractChannelHandlerContext.invokeChannelRead(AbstractChannelHandlerContext.java:360)
	io.netty.channel.AbstractChannelHandlerContext.fireChannelRead(AbstractChannelHandlerContext.java:352)
	reactor.netty.http.server.HttpTrafficHandler.channelRead(HttpTrafficHandler.java:190)
	io.netty.channel.AbstractChannelHandlerContext.invokeChannelRead(AbstractChannelHandlerContext.java:374)
	io.netty.channel.AbstractChannelHandlerContext.invokeChannelRead(AbstractChannelHandlerContext.java:360)
	io.netty.channel.AbstractChannelHandlerContext.fireChannelRead(AbstractChannelHandlerContext.java:352)
	io.netty.channel.CombinedChannelDuplexHandler$DelegatingChannelHandlerContext.fireChannelRead(CombinedChannelDuplexHandler.java:438)
	io.netty.handler.codec.ByteToMessageDecoder.fireChannelRead(ByteToMessageDecoder.java:323)
	io.netty.handler.codec.ByteToMessageDecoder.fireChannelRead(ByteToMessageDecoder.java:310)
	io.netty.handler.codec.ByteToMessageDecoder.callDecode(ByteToMessageDecoder.java:426)
	io.netty.handler.codec.ByteToMessageDecoder.channelRead(ByteToMessageDecoder.java:278)
	io.netty.channel.CombinedChannelDuplexHandler.channelRead(CombinedChannelDuplexHandler.java:253)
	io.netty.channel.AbstractChannelHandlerContext.invokeChannelRead(AbstractChannelHandlerContext.java:374)
	io.netty.channel.AbstractChannelHandlerContext.invokeChannelRead(AbstractChannelHandlerContext.java:360)
	io.netty.channel.AbstractChannelHandlerContext.fireChannelRead(AbstractChannelHandlerContext.java:352)
	io.netty.channel.DefaultChannelPipeline$HeadContext.channelRead(DefaultChannelPipeline.java:1408)
	io.netty.channel.AbstractChannelHandlerContext.invokeChannelRead(AbstractChannelHandlerContext.java:374)
	io.netty.channel.AbstractChannelHandlerContext.invokeChannelRead(AbstractChannelHandlerContext.java:360)
	io.netty.channel.DefaultChannelPipeline.fireChannelRead(DefaultChannelPipeline.java:930)
	io.netty.channel.nio.AbstractNioByteChannel$NioByteUnsafe.read(AbstractNioByteChannel.java:163)
	io.netty.channel.nio.NioEventLoop.processSelectedKey(NioEventLoop.java:682)
	io.netty.channel.nio.NioEventLoop.processSelectedKeysOptimized(NioEventLoop.java:617)
	io.netty.channel.nio.NioEventLoop.processSelectedKeys(NioEventLoop.java:534)
	io.netty.channel.nio.NioEventLoop.run(NioEventLoop.java:496)
	io.netty.util.concurrent.SingleThreadEventExecutor$5.run(SingleThreadEventExecutor.java:906)
	io.netty.util.internal.ThreadExecutorMap$2.run(ThreadExecutorMap.java:74)
	io.netty.util.concurrent.FastThreadLocalRunnable.run(FastThreadLocalRunnable.java:30)
	java.lang.Thread.run(Thread.java:748)
#3:
	reactor.core.publisher.FluxPeek$PeekSubscriber.onNext(FluxPeek.java:177)
	reactor.core.publisher.FluxMap$MapSubscriber.onNext(FluxMap.java:114)
	reactor.netty.channel.FluxReceive.drainReceiver(FluxReceive.java:206)
	reactor.netty.channel.FluxReceive.onInboundNext(FluxReceive.java:322)
	reactor.netty.channel.ChannelOperations.onInboundNext(ChannelOperations.java:335)
	reactor.netty.http.server.HttpServerOperations.onInboundNext(HttpServerOperations.java:456)
	reactor.netty.channel.ChannelOperationsHandler.channelRead(ChannelOperationsHandler.java:91)
	io.netty.channel.AbstractChannelHandlerContext.invokeChannelRead(AbstractChannelHandlerContext.java:374)
	io.netty.channel.AbstractChannelHandlerContext.invokeChannelRead(AbstractChannelHandlerContext.java:360)
	io.netty.channel.AbstractChannelHandlerContext.fireChannelRead(AbstractChannelHandlerContext.java:352)
	reactor.netty.http.server.HttpTrafficHandler.channelRead(HttpTrafficHandler.java:190)
	io.netty.channel.AbstractChannelHandlerContext.invokeChannelRead(AbstractChannelHandlerContext.java:374)
	io.netty.channel.AbstractChannelHandlerContext.invokeChannelRead(AbstractChannelHandlerContext.java:360)
	io.netty.channel.AbstractChannelHandlerContext.fireChannelRead(AbstractChannelHandlerContext.java:352)
	io.netty.channel.CombinedChannelDuplexHandler$DelegatingChannelHandlerContext.fireChannelRead(CombinedChannelDuplexHandler.java:438)
	io.netty.handler.codec.ByteToMessageDecoder.fireChannelRead(ByteToMessageDecoder.java:323)
	io.netty.handler.codec.ByteToMessageDecoder.fireChannelRead(ByteToMessageDecoder.java:310)
	io.netty.handler.codec.ByteToMessageDecoder.callDecode(ByteToMessageDecoder.java:426)
	io.netty.handler.codec.ByteToMessageDecoder.channelRead(ByteToMessageDecoder.java:278)
	io.netty.channel.CombinedChannelDuplexHandler.channelRead(CombinedChannelDuplexHandler.java:253)
	io.netty.channel.AbstractChannelHandlerContext.invokeChannelRead(AbstractChannelHandlerContext.java:374)
	io.netty.channel.AbstractChannelHandlerContext.invokeChannelRead(AbstractChannelHandlerContext.java:360)
	io.netty.channel.AbstractChannelHandlerContext.fireChannelRead(AbstractChannelHandlerContext.java:352)
	io.netty.channel.DefaultChannelPipeline$HeadContext.channelRead(DefaultChannelPipeline.java:1408)
	io.netty.channel.AbstractChannelHandlerContext.invokeChannelRead(AbstractChannelHandlerContext.java:374)
	io.netty.channel.AbstractChannelHandlerContext.invokeChannelRead(AbstractChannelHandlerContext.java:360)
	io.netty.channel.DefaultChannelPipeline.fireChannelRead(DefaultChannelPipeline.java:930)
	io.netty.channel.nio.AbstractNioByteChannel$NioByteUnsafe.read(AbstractNioByteChannel.java:163)
	io.netty.channel.nio.NioEventLoop.processSelectedKey(NioEventLoop.java:682)
	io.netty.channel.nio.NioEventLoop.processSelectedKeysOptimized(NioEventLoop.java:617)
	io.netty.channel.nio.NioEventLoop.processSelectedKeys(NioEventLoop.java:534)
	io.netty.channel.nio.NioEventLoop.run(NioEventLoop.java:496)
	io.netty.util.concurrent.SingleThreadEventExecutor$5.run(SingleThreadEventExecutor.java:906)
	io.netty.util.internal.ThreadExecutorMap$2.run(ThreadExecutorMap.java:74)
	io.netty.util.concurrent.FastThreadLocalRunnable.run(FastThreadLocalRunnable.java:30)
	java.lang.Thread.run(Thread.java:748)
#4:
	Hint: 'reactor.right.reactiveBridge' will handle the message from this point.
	io.netty.handler.codec.http.DefaultHttpContent.touch(DefaultHttpContent.java:88)
	io.netty.handler.codec.http.DefaultHttpContent.touch(DefaultHttpContent.java:24)
	io.netty.channel.DefaultChannelPipeline.touch(DefaultChannelPipeline.java:116)
	io.netty.channel.AbstractChannelHandlerContext.invokeChannelRead(AbstractChannelHandlerContext.java:357)
	io.netty.channel.AbstractChannelHandlerContext.fireChannelRead(AbstractChannelHandlerContext.java:352)
	reactor.netty.http.server.HttpTrafficHandler.channelRead(HttpTrafficHandler.java:190)
	io.netty.channel.AbstractChannelHandlerContext.invokeChannelRead(AbstractChannelHandlerContext.java:374)
	io.netty.channel.AbstractChannelHandlerContext.invokeChannelRead(AbstractChannelHandlerContext.java:360)
	io.netty.channel.AbstractChannelHandlerContext.fireChannelRead(AbstractChannelHandlerContext.java:352)
	io.netty.channel.CombinedChannelDuplexHandler$DelegatingChannelHandlerContext.fireChannelRead(CombinedChannelDuplexHandler.java:438)
	io.netty.handler.codec.ByteToMessageDecoder.fireChannelRead(ByteToMessageDecoder.java:323)
	io.netty.handler.codec.ByteToMessageDecoder.fireChannelRead(ByteToMessageDecoder.java:310)
	io.netty.handler.codec.ByteToMessageDecoder.callDecode(ByteToMessageDecoder.java:426)
	io.netty.handler.codec.ByteToMessageDecoder.channelRead(ByteToMessageDecoder.java:278)
	io.netty.channel.CombinedChannelDuplexHandler.channelRead(CombinedChannelDuplexHandler.java:253)
	io.netty.channel.AbstractChannelHandlerContext.invokeChannelRead(AbstractChannelHandlerContext.java:374)
	io.netty.channel.AbstractChannelHandlerContext.invokeChannelRead(AbstractChannelHandlerContext.java:360)
	io.netty.channel.AbstractChannelHandlerContext.fireChannelRead(AbstractChannelHandlerContext.java:352)
	io.netty.channel.DefaultChannelPipeline$HeadContext.channelRead(DefaultChannelPipeline.java:1408)
	io.netty.channel.AbstractChannelHandlerContext.invokeChannelRead(AbstractChannelHandlerContext.java:374)
	io.netty.channel.AbstractChannelHandlerContext.invokeChannelRead(AbstractChannelHandlerContext.java:360)
	io.netty.channel.DefaultChannelPipeline.fireChannelRead(DefaultChannelPipeline.java:930)
	io.netty.channel.nio.AbstractNioByteChannel$NioByteUnsafe.read(AbstractNioByteChannel.java:163)
	io.netty.channel.nio.NioEventLoop.processSelectedKey(NioEventLoop.java:682)
	io.netty.channel.nio.NioEventLoop.processSelectedKeysOptimized(NioEventLoop.java:617)
	io.netty.channel.nio.NioEventLoop.processSelectedKeys(NioEventLoop.java:534)
	io.netty.channel.nio.NioEventLoop.run(NioEventLoop.java:496)
	io.netty.util.concurrent.SingleThreadEventExecutor$5.run(SingleThreadEventExecutor.java:906)
	io.netty.util.internal.ThreadExecutorMap$2.run(ThreadExecutorMap.java:74)
	io.netty.util.concurrent.FastThreadLocalRunnable.run(FastThreadLocalRunnable.java:30)
	java.lang.Thread.run(Thread.java:748)
#5:
	Hint: 'reactor.left.httpTrafficHandler' will handle the message from this point.
	io.netty.handler.codec.http.DefaultHttpContent.touch(DefaultHttpContent.java:88)
	io.netty.handler.codec.http.DefaultHttpContent.touch(DefaultHttpContent.java:24)
	io.netty.channel.DefaultChannelPipeline.touch(DefaultChannelPipeline.java:116)
	io.netty.channel.AbstractChannelHandlerContext.invokeChannelRead(AbstractChannelHandlerContext.java:357)
	io.netty.channel.AbstractChannelHandlerContext.fireChannelRead(AbstractChannelHandlerContext.java:352)
	io.netty.channel.CombinedChannelDuplexHandler$DelegatingChannelHandlerContext.fireChannelRead(CombinedChannelDuplexHandler.java:438)
	io.netty.handler.codec.ByteToMessageDecoder.fireChannelRead(ByteToMessageDecoder.java:323)
	io.netty.handler.codec.ByteToMessageDecoder.fireChannelRead(ByteToMessageDecoder.java:310)
	io.netty.handler.codec.ByteToMessageDecoder.callDecode(ByteToMessageDecoder.java:426)
	io.netty.handler.codec.ByteToMessageDecoder.channelRead(ByteToMessageDecoder.java:278)
	io.netty.channel.CombinedChannelDuplexHandler.channelRead(CombinedChannelDuplexHandler.java:253)
	io.netty.channel.AbstractChannelHandlerContext.invokeChannelRead(AbstractChannelHandlerContext.java:374)
	io.netty.channel.AbstractChannelHandlerContext.invokeChannelRead(AbstractChannelHandlerContext.java:360)
	io.netty.channel.AbstractChannelHandlerContext.fireChannelRead(AbstractChannelHandlerContext.java:352)
	io.netty.channel.DefaultChannelPipeline$HeadContext.channelRead(DefaultChannelPipeline.java:1408)
	io.netty.channel.AbstractChannelHandlerContext.invokeChannelRead(AbstractChannelHandlerContext.java:374)
	io.netty.channel.AbstractChannelHandlerContext.invokeChannelRead(AbstractChannelHandlerContext.java:360)
	io.netty.channel.DefaultChannelPipeline.fireChannelRead(DefaultChannelPipeline.java:930)
	io.netty.channel.nio.AbstractNioByteChannel$NioByteUnsafe.read(AbstractNioByteChannel.java:163)
	io.netty.channel.nio.NioEventLoop.processSelectedKey(NioEventLoop.java:682)
	io.netty.channel.nio.NioEventLoop.processSelectedKeysOptimized(NioEventLoop.java:617)
	io.netty.channel.nio.NioEventLoop.processSelectedKeys(NioEventLoop.java:534)
	io.netty.channel.nio.NioEventLoop.run(NioEventLoop.java:496)
	io.netty.util.concurrent.SingleThreadEventExecutor$5.run(SingleThreadEventExecutor.java:906)
	io.netty.util.internal.ThreadExecutorMap$2.run(ThreadExecutorMap.java:74)
	io.netty.util.concurrent.FastThreadLocalRunnable.run(FastThreadLocalRunnable.java:30)
	java.lang.Thread.run(Thread.java:748)
Created at:
	io.netty.buffer.SimpleLeakAwareByteBuf.unwrappedDerived(SimpleLeakAwareByteBuf.java:143)
	io.netty.buffer.SimpleLeakAwareByteBuf.readRetainedSlice(SimpleLeakAwareByteBuf.java:67)
	io.netty.buffer.AdvancedLeakAwareByteBuf.readRetainedSlice(AdvancedLeakAwareByteBuf.java:107)
	io.netty.handler.codec.http.HttpObjectDecoder.decode(HttpObjectDecoder.java:336)
	io.netty.handler.codec.http.HttpServerCodec$HttpServerRequestDecoder.decode(HttpServerCodec.java:103)
	io.netty.handler.codec.ByteToMessageDecoder.decodeRemovalReentryProtection(ByteToMessageDecoder.java:502)
	io.netty.handler.codec.ByteToMessageDecoder.callDecode(ByteToMessageDecoder.java:441)
	io.netty.handler.codec.ByteToMessageDecoder.channelRead(ByteToMessageDecoder.java:278)
	io.netty.channel.CombinedChannelDuplexHandler.channelRead(CombinedChannelDuplexHandler.java:253)
	io.netty.channel.AbstractChannelHandlerContext.invokeChannelRead(AbstractChannelHandlerContext.java:374)
	io.netty.channel.AbstractChannelHandlerContext.invokeChannelRead(AbstractChannelHandlerContext.java:360)
	io.netty.channel.AbstractChannelHandlerContext.fireChannelRead(AbstractChannelHandlerContext.java:352)
	io.netty.channel.DefaultChannelPipeline$HeadContext.channelRead(DefaultChannelPipeline.java:1408)
	io.netty.channel.AbstractChannelHandlerContext.invokeChannelRead(AbstractChannelHandlerContext.java:374)
	io.netty.channel.AbstractChannelHandlerContext.invokeChannelRead(AbstractChannelHandlerContext.java:360)
	io.netty.channel.DefaultChannelPipeline.fireChannelRead(DefaultChannelPipeline.java:930)
	io.netty.channel.nio.AbstractNioByteChannel$NioByteUnsafe.read(AbstractNioByteChannel.java:163)
	io.netty.channel.nio.NioEventLoop.processSelectedKey(NioEventLoop.java:682)
	io.netty.channel.nio.NioEventLoop.processSelectedKeysOptimized(NioEventLoop.java:617)
	io.netty.channel.nio.NioEventLoop.processSelectedKeys(NioEventLoop.java:534)
	io.netty.channel.nio.NioEventLoop.run(NioEventLoop.java:496)
	io.netty.util.concurrent.SingleThreadEventExecutor$5.run(SingleThreadEventExecutor.java:906)
	io.netty.util.internal.ThreadExecutorMap$2.run(ThreadExecutorMap.java:74)
	io.netty.util.concurrent.FastThreadLocalRunnable.run(FastThreadLocalRunnable.java:30)
	java.lang.Thread.run(Thread.java:748)
: 3 leak records were discarded because they were duplicates
: 45 leak records were discarded because the leak record count is targeted to 4. Use system property io.netty.leakDetection.targetRecords to increase the limit.
22:42:57.857 [reactor-http-nio-6] ERROR i.n.u.ResourceLeakDetector - LEAK: ByteBuf.release() was not called before it's garbage-collected. See http://netty.io/wiki/reference-counted-objects.html for more information.
Recent access records: 
#1:
	io.netty.buffer.AdvancedLeakAwareByteBuf.order(AdvancedLeakAwareByteBuf.java:70)
	io.netty.buffer.CompositeByteBuf.newComponent(CompositeByteBuf.java:318)
	io.netty.buffer.CompositeByteBuf.addComponent0(CompositeByteBuf.java:280)
	io.netty.buffer.CompositeByteBuf.addComponent(CompositeByteBuf.java:265)
	io.netty.buffer.CompositeByteBuf.addComponent(CompositeByteBuf.java:222)
	io.netty.buffer.WrappedCompositeByteBuf.addComponent(WrappedCompositeByteBuf.java:529)
	io.netty.buffer.AdvancedLeakAwareCompositeByteBuf.addComponent(AdvancedLeakAwareCompositeByteBuf.java:921)
	org.springframework.core.io.buffer.NettyDataBufferFactory.join(NettyDataBufferFactory.java:111)
	org.springframework.core.io.buffer.DataBufferUtils.joinAndStrip(DataBufferUtils.java:686)
	org.springframework.core.io.buffer.DataBufferUtils.lambda$split$20(DataBufferUtils.java:605)
	reactor.core.publisher.FluxMap$MapConditionalSubscriber.onNext(FluxMap.java:199)
	reactor.core.publisher.FluxBufferPredicate$BufferPredicateSubscriber.emit(FluxBufferPredicate.java:290)
	reactor.core.publisher.FluxBufferPredicate$BufferPredicateSubscriber.onNextNewBuffer(FluxBufferPredicate.java:257)
	reactor.core.publisher.FluxBufferPredicate$BufferPredicateSubscriber.tryOnNext(FluxBufferPredicate.java:211)
	reactor.core.publisher.FluxBufferPredicate$BufferPredicateSubscriber.onNext(FluxBufferPredicate.java:184)
	reactor.core.publisher.FluxFlatMap$FlatMapMain.drainLoop(FluxFlatMap.java:664)
	reactor.core.publisher.FluxFlatMap$FlatMapMain.drain(FluxFlatMap.java:540)
	reactor.core.publisher.FluxFlatMap$FlatMapInner.onSubscribe(FluxFlatMap.java:924)
	reactor.core.publisher.FluxIterable.subscribe(FluxIterable.java:139)
	reactor.core.publisher.FluxIterable.subscribe(FluxIterable.java:63)
	reactor.core.publisher.Flux.subscribe(Flux.java:7922)
	reactor.core.publisher.FluxFlatMap$FlatMapMain.onNext(FluxFlatMap.java:389)
	reactor.core.publisher.FluxConcatMap$ConcatMapImmediate.innerNext(FluxConcatMap.java:275)
	reactor.core.publisher.FluxConcatMap$ConcatMapInner.onNext(FluxConcatMap.java:849)
	reactor.core.publisher.FluxConcatMap$WeakScalarSubscription.request(FluxConcatMap.java:470)
	reactor.core.publisher.Operators$MultiSubscriptionSubscriber.set(Operators.java:1939)
	reactor.core.publisher.FluxConcatMap$ConcatMapImmediate.drain(FluxConcatMap.java:436)
	reactor.core.publisher.FluxConcatMap$ConcatMapImmediate.onNext(FluxConcatMap.java:244)
	reactor.core.publisher.FluxMap$MapSubscriber.onNext(FluxMap.java:114)
	reactor.core.publisher.FluxPeek$PeekSubscriber.onNext(FluxPeek.java:192)
	reactor.core.publisher.FluxMap$MapSubscriber.onNext(FluxMap.java:114)
	reactor.netty.channel.FluxReceive.drainReceiver(FluxReceive.java:206)
	reactor.netty.channel.FluxReceive.onInboundNext(FluxReceive.java:322)
	reactor.netty.channel.ChannelOperations.onInboundNext(ChannelOperations.java:335)
	reactor.netty.http.server.HttpServerOperations.onInboundNext(HttpServerOperations.java:456)
	reactor.netty.channel.ChannelOperationsHandler.channelRead(ChannelOperationsHandler.java:91)
	io.netty.channel.AbstractChannelHandlerContext.invokeChannelRead(AbstractChannelHandlerContext.java:374)
	io.netty.channel.AbstractChannelHandlerContext.invokeChannelRead(AbstractChannelHandlerContext.java:360)
	io.netty.channel.AbstractChannelHandlerContext.fireChannelRead(AbstractChannelHandlerContext.java:352)
	reactor.netty.http.server.HttpTrafficHandler.channelRead(HttpTrafficHandler.java:190)
	io.netty.channel.AbstractChannelHandlerContext.invokeChannelRead(AbstractChannelHandlerContext.java:374)
	io.netty.channel.AbstractChannelHandlerContext.invokeChannelRead(AbstractChannelHandlerContext.java:360)
	io.netty.channel.AbstractChannelHandlerContext.fireChannelRead(AbstractChannelHandlerContext.java:352)
	io.netty.channel.CombinedChannelDuplexHandler$DelegatingChannelHandlerContext.fireChannelRead(CombinedChannelDuplexHandler.java:438)
	io.netty.handler.codec.ByteToMessageDecoder.fireChannelRead(ByteToMessageDecoder.java:323)
	io.netty.handler.codec.ByteToMessageDecoder.fireChannelRead(ByteToMessageDecoder.java:310)
	io.netty.handler.codec.ByteToMessageDecoder.callDecode(ByteToMessageDecoder.java:426)
	io.netty.handler.codec.ByteToMessageDecoder.channelRead(ByteToMessageDecoder.java:278)
	io.netty.channel.CombinedChannelDuplexHandler.channelRead(CombinedChannelDuplexHandler.java:253)
	io.netty.channel.AbstractChannelHandlerContext.invokeChannelRead(AbstractChannelHandlerContext.java:374)
	io.netty.channel.AbstractChannelHandlerContext.invokeChannelRead(AbstractChannelHandlerContext.java:360)
	io.netty.channel.AbstractChannelHandlerContext.fireChannelRead(AbstractChannelHandlerContext.java:352)
	io.netty.channel.DefaultChannelPipeline$HeadContext.channelRead(DefaultChannelPipeline.java:1408)
	io.netty.channel.AbstractChannelHandlerContext.invokeChannelRead(AbstractChannelHandlerContext.java:374)
	io.netty.channel.AbstractChannelHandlerContext.invokeChannelRead(AbstractChannelHandlerContext.java:360)
	io.netty.channel.DefaultChannelPipeline.fireChannelRead(DefaultChannelPipeline.java:930)
	io.netty.channel.nio.AbstractNioByteChannel$NioByteUnsafe.read(AbstractNioByteChannel.java:163)
	io.netty.channel.nio.NioEventLoop.processSelectedKey(NioEventLoop.java:682)
	io.netty.channel.nio.NioEventLoop.processSelectedKeysOptimized(NioEventLoop.java:617)
	io.netty.channel.nio.NioEventLoop.processSelectedKeys(NioEventLoop.java:534)
	io.netty.channel.nio.NioEventLoop.run(NioEventLoop.java:496)
	io.netty.util.concurrent.SingleThreadEventExecutor$5.run(SingleThreadEventExecutor.java:906)
	io.netty.util.internal.ThreadExecutorMap$2.run(ThreadExecutorMap.java:74)
	io.netty.util.concurrent.FastThreadLocalRunnable.run(FastThreadLocalRunnable.java:30)
	java.lang.Thread.run(Thread.java:748)
#2:
	io.netty.buffer.AdvancedLeakAwareByteBuf.getByte(AdvancedLeakAwareByteBuf.java:154)
	org.springframework.core.io.buffer.NettyDataBuffer.getByte(NettyDataBuffer.java:132)
	org.springframework.core.io.buffer.DataBufferUtils$KnuthMorrisPrattMatcher.match(DataBufferUtils.java:1005)
	org.springframework.core.io.buffer.DataBufferUtils.endFrameAfterDelimiter(DataBufferUtils.java:634)
	org.springframework.core.io.buffer.DataBufferUtils.lambda$split$18(DataBufferUtils.java:603)
	reactor.core.publisher.FluxFlatMap$FlatMapMain.onNext(FluxFlatMap.java:350)
	reactor.core.publisher.FluxConcatMap$ConcatMapImmediate.innerNext(FluxConcatMap.java:275)
	reactor.core.publisher.FluxConcatMap$ConcatMapInner.onNext(FluxConcatMap.java:849)
	reactor.core.publisher.FluxConcatMap$WeakScalarSubscription.request(FluxConcatMap.java:470)
	reactor.core.publisher.Operators$MultiSubscriptionSubscriber.set(Operators.java:1939)
	reactor.core.publisher.FluxConcatMap$ConcatMapImmediate.drain(FluxConcatMap.java:436)
	reactor.core.publisher.FluxConcatMap$ConcatMapImmediate.onNext(FluxConcatMap.java:244)
	reactor.core.publisher.FluxMap$MapSubscriber.onNext(FluxMap.java:114)
	reactor.core.publisher.FluxPeek$PeekSubscriber.onNext(FluxPeek.java:192)
	reactor.core.publisher.FluxMap$MapSubscriber.onNext(FluxMap.java:114)
	reactor.netty.channel.FluxReceive.drainReceiver(FluxReceive.java:206)
	reactor.netty.channel.FluxReceive.onInboundNext(FluxReceive.java:322)
	reactor.netty.channel.ChannelOperations.onInboundNext(ChannelOperations.java:335)
	reactor.netty.http.server.HttpServerOperations.onInboundNext(HttpServerOperations.java:456)
	reactor.netty.channel.ChannelOperationsHandler.channelRead(ChannelOperationsHandler.java:91)
	io.netty.channel.AbstractChannelHandlerContext.invokeChannelRead(AbstractChannelHandlerContext.java:374)
	io.netty.channel.AbstractChannelHandlerContext.invokeChannelRead(AbstractChannelHandlerContext.java:360)
	io.netty.channel.AbstractChannelHandlerContext.fireChannelRead(AbstractChannelHandlerContext.java:352)
	reactor.netty.http.server.HttpTrafficHandler.channelRead(HttpTrafficHandler.java:190)
	io.netty.channel.AbstractChannelHandlerContext.invokeChannelRead(AbstractChannelHandlerContext.java:374)
	io.netty.channel.AbstractChannelHandlerContext.invokeChannelRead(AbstractChannelHandlerContext.java:360)
	io.netty.channel.AbstractChannelHandlerContext.fireChannelRead(AbstractChannelHandlerContext.java:352)
	io.netty.channel.CombinedChannelDuplexHandler$DelegatingChannelHandlerContext.fireChannelRead(CombinedChannelDuplexHandler.java:438)
	io.netty.handler.codec.ByteToMessageDecoder.fireChannelRead(ByteToMessageDecoder.java:323)
	io.netty.handler.codec.ByteToMessageDecoder.channelRead(ByteToMessageDecoder.java:297)
	io.netty.channel.CombinedChannelDuplexHandler.channelRead(CombinedChannelDuplexHandler.java:253)
	io.netty.channel.AbstractChannelHandlerContext.invokeChannelRead(AbstractChannelHandlerContext.java:374)
	io.netty.channel.AbstractChannelHandlerContext.invokeChannelRead(AbstractChannelHandlerContext.java:360)
	io.netty.channel.AbstractChannelHandlerContext.fireChannelRead(AbstractChannelHandlerContext.java:352)
	io.netty.channel.DefaultChannelPipeline$HeadContext.channelRead(DefaultChannelPipeline.java:1408)
	io.netty.channel.AbstractChannelHandlerContext.invokeChannelRead(AbstractChannelHandlerContext.java:374)
	io.netty.channel.AbstractChannelHandlerContext.invokeChannelRead(AbstractChannelHandlerContext.java:360)
	io.netty.channel.DefaultChannelPipeline.fireChannelRead(DefaultChannelPipeline.java:930)
	io.netty.channel.nio.AbstractNioByteChannel$NioByteUnsafe.read(AbstractNioByteChannel.java:163)
	io.netty.channel.nio.NioEventLoop.processSelectedKey(NioEventLoop.java:682)
	io.netty.channel.nio.NioEventLoop.processSelectedKeysOptimized(NioEventLoop.java:617)
	io.netty.channel.nio.NioEventLoop.processSelectedKeys(NioEventLoop.java:534)
	io.netty.channel.nio.NioEventLoop.run(NioEventLoop.java:496)
	io.netty.util.concurrent.SingleThreadEventExecutor$5.run(SingleThreadEventExecutor.java:906)
	io.netty.util.internal.ThreadExecutorMap$2.run(ThreadExecutorMap.java:74)
	io.netty.util.concurrent.FastThreadLocalRunnable.run(FastThreadLocalRunnable.java:30)
	java.lang.Thread.run(Thread.java:748)
#3:
	reactor.core.publisher.FluxPeek$PeekSubscriber.onNext(FluxPeek.java:177)
	reactor.core.publisher.FluxMap$MapSubscriber.onNext(FluxMap.java:114)
	reactor.netty.channel.FluxReceive.drainReceiver(FluxReceive.java:206)
	reactor.netty.channel.FluxReceive.onInboundNext(FluxReceive.java:322)
	reactor.netty.channel.ChannelOperations.onInboundNext(ChannelOperations.java:335)
	reactor.netty.http.server.HttpServerOperations.onInboundNext(HttpServerOperations.java:456)
	reactor.netty.channel.ChannelOperationsHandler.channelRead(ChannelOperationsHandler.java:91)
	io.netty.channel.AbstractChannelHandlerContext.invokeChannelRead(AbstractChannelHandlerContext.java:374)
	io.netty.channel.AbstractChannelHandlerContext.invokeChannelRead(AbstractChannelHandlerContext.java:360)
	io.netty.channel.AbstractChannelHandlerContext.fireChannelRead(AbstractChannelHandlerContext.java:352)
	reactor.netty.http.server.HttpTrafficHandler.channelRead(HttpTrafficHandler.java:190)
	io.netty.channel.AbstractChannelHandlerContext.invokeChannelRead(AbstractChannelHandlerContext.java:374)
	io.netty.channel.AbstractChannelHandlerContext.invokeChannelRead(AbstractChannelHandlerContext.java:360)
	io.netty.channel.AbstractChannelHandlerContext.fireChannelRead(AbstractChannelHandlerContext.java:352)
	io.netty.channel.CombinedChannelDuplexHandler$DelegatingChannelHandlerContext.fireChannelRead(CombinedChannelDuplexHandler.java:438)
	io.netty.handler.codec.ByteToMessageDecoder.fireChannelRead(ByteToMessageDecoder.java:323)
	io.netty.handler.codec.ByteToMessageDecoder.channelRead(ByteToMessageDecoder.java:297)
	io.netty.channel.CombinedChannelDuplexHandler.channelRead(CombinedChannelDuplexHandler.java:253)
	io.netty.channel.AbstractChannelHandlerContext.invokeChannelRead(AbstractChannelHandlerContext.java:374)
	io.netty.channel.AbstractChannelHandlerContext.invokeChannelRead(AbstractChannelHandlerContext.java:360)
	io.netty.channel.AbstractChannelHandlerContext.fireChannelRead(AbstractChannelHandlerContext.java:352)
	io.netty.channel.DefaultChannelPipeline$HeadContext.channelRead(DefaultChannelPipeline.java:1408)
	io.netty.channel.AbstractChannelHandlerContext.invokeChannelRead(AbstractChannelHandlerContext.java:374)
	io.netty.channel.AbstractChannelHandlerContext.invokeChannelRead(AbstractChannelHandlerContext.java:360)
	io.netty.channel.DefaultChannelPipeline.fireChannelRead(DefaultChannelPipeline.java:930)
	io.netty.channel.nio.AbstractNioByteChannel$NioByteUnsafe.read(AbstractNioByteChannel.java:163)
	io.netty.channel.nio.NioEventLoop.processSelectedKey(NioEventLoop.java:682)
	io.netty.channel.nio.NioEventLoop.processSelectedKeysOptimized(NioEventLoop.java:617)
	io.netty.channel.nio.NioEventLoop.processSelectedKeys(NioEventLoop.java:534)
	io.netty.channel.nio.NioEventLoop.run(NioEventLoop.java:496)
	io.netty.util.concurrent.SingleThreadEventExecutor$5.run(SingleThreadEventExecutor.java:906)
	io.netty.util.internal.ThreadExecutorMap$2.run(ThreadExecutorMap.java:74)
	io.netty.util.concurrent.FastThreadLocalRunnable.run(FastThreadLocalRunnable.java:30)
	java.lang.Thread.run(Thread.java:748)
#4:
	Hint: 'reactor.right.reactiveBridge' will handle the message from this point.
	io.netty.handler.codec.http.DefaultHttpContent.touch(DefaultHttpContent.java:88)
	io.netty.handler.codec.http.DefaultHttpContent.touch(DefaultHttpContent.java:24)
	io.netty.channel.DefaultChannelPipeline.touch(DefaultChannelPipeline.java:116)
	io.netty.channel.AbstractChannelHandlerContext.invokeChannelRead(AbstractChannelHandlerContext.java:357)
	io.netty.channel.AbstractChannelHandlerContext.fireChannelRead(AbstractChannelHandlerContext.java:352)
	reactor.netty.http.server.HttpTrafficHandler.channelRead(HttpTrafficHandler.java:190)
	io.netty.channel.AbstractChannelHandlerContext.invokeChannelRead(AbstractChannelHandlerContext.java:374)
	io.netty.channel.AbstractChannelHandlerContext.invokeChannelRead(AbstractChannelHandlerContext.java:360)
	io.netty.channel.AbstractChannelHandlerContext.fireChannelRead(AbstractChannelHandlerContext.java:352)
	io.netty.channel.CombinedChannelDuplexHandler$DelegatingChannelHandlerContext.fireChannelRead(CombinedChannelDuplexHandler.java:438)
	io.netty.handler.codec.ByteToMessageDecoder.fireChannelRead(ByteToMessageDecoder.java:323)
	io.netty.handler.codec.ByteToMessageDecoder.channelRead(ByteToMessageDecoder.java:297)
	io.netty.channel.CombinedChannelDuplexHandler.channelRead(CombinedChannelDuplexHandler.java:253)
	io.netty.channel.AbstractChannelHandlerContext.invokeChannelRead(AbstractChannelHandlerContext.java:374)
	io.netty.channel.AbstractChannelHandlerContext.invokeChannelRead(AbstractChannelHandlerContext.java:360)
	io.netty.channel.AbstractChannelHandlerContext.fireChannelRead(AbstractChannelHandlerContext.java:352)
	io.netty.channel.DefaultChannelPipeline$HeadContext.channelRead(DefaultChannelPipeline.java:1408)
	io.netty.channel.AbstractChannelHandlerContext.invokeChannelRead(AbstractChannelHandlerContext.java:374)
	io.netty.channel.AbstractChannelHandlerContext.invokeChannelRead(AbstractChannelHandlerContext.java:360)
	io.netty.channel.DefaultChannelPipeline.fireChannelRead(DefaultChannelPipeline.java:930)
	io.netty.channel.nio.AbstractNioByteChannel$NioByteUnsafe.read(AbstractNioByteChannel.java:163)
	io.netty.channel.nio.NioEventLoop.processSelectedKey(NioEventLoop.java:682)
	io.netty.channel.nio.NioEventLoop.processSelectedKeysOptimized(NioEventLoop.java:617)
	io.netty.channel.nio.NioEventLoop.processSelectedKeys(NioEventLoop.java:534)
	io.netty.channel.nio.NioEventLoop.run(NioEventLoop.java:496)
	io.netty.util.concurrent.SingleThreadEventExecutor$5.run(SingleThreadEventExecutor.java:906)
	io.netty.util.internal.ThreadExecutorMap$2.run(ThreadExecutorMap.java:74)
	io.netty.util.concurrent.FastThreadLocalRunnable.run(FastThreadLocalRunnable.java:30)
	java.lang.Thread.run(Thread.java:748)
#5:
	Hint: 'reactor.left.httpTrafficHandler' will handle the message from this point.
	io.netty.handler.codec.http.DefaultHttpContent.touch(DefaultHttpContent.java:88)
	io.netty.handler.codec.http.DefaultHttpContent.touch(DefaultHttpContent.java:24)
	io.netty.channel.DefaultChannelPipeline.touch(DefaultChannelPipeline.java:116)
	io.netty.channel.AbstractChannelHandlerContext.invokeChannelRead(AbstractChannelHandlerContext.java:357)
	io.netty.channel.AbstractChannelHandlerContext.fireChannelRead(AbstractChannelHandlerContext.java:352)
	io.netty.channel.CombinedChannelDuplexHandler$DelegatingChannelHandlerContext.fireChannelRead(CombinedChannelDuplexHandler.java:438)
	io.netty.handler.codec.ByteToMessageDecoder.fireChannelRead(ByteToMessageDecoder.java:323)
	io.netty.handler.codec.ByteToMessageDecoder.channelRead(ByteToMessageDecoder.java:297)
	io.netty.channel.CombinedChannelDuplexHandler.channelRead(CombinedChannelDuplexHandler.java:253)
	io.netty.channel.AbstractChannelHandlerContext.invokeChannelRead(AbstractChannelHandlerContext.java:374)
	io.netty.channel.AbstractChannelHandlerContext.invokeChannelRead(AbstractChannelHandlerContext.java:360)
	io.netty.channel.AbstractChannelHandlerContext.fireChannelRead(AbstractChannelHandlerContext.java:352)
	io.netty.channel.DefaultChannelPipeline$HeadContext.channelRead(DefaultChannelPipeline.java:1408)
	io.netty.channel.AbstractChannelHandlerContext.invokeChannelRead(AbstractChannelHandlerContext.java:374)
	io.netty.channel.AbstractChannelHandlerContext.invokeChannelRead(AbstractChannelHandlerContext.java:360)
	io.netty.channel.DefaultChannelPipeline.fireChannelRead(DefaultChannelPipeline.java:930)
	io.netty.channel.nio.AbstractNioByteChannel$NioByteUnsafe.read(AbstractNioByteChannel.java:163)
	io.netty.channel.nio.NioEventLoop.processSelectedKey(NioEventLoop.java:682)
	io.netty.channel.nio.NioEventLoop.processSelectedKeysOptimized(NioEventLoop.java:617)
	io.netty.channel.nio.NioEventLoop.processSelectedKeys(NioEventLoop.java:534)
	io.netty.channel.nio.NioEventLoop.run(NioEventLoop.java:496)
	io.netty.util.concurrent.SingleThreadEventExecutor$5.run(SingleThreadEventExecutor.java:906)
	io.netty.util.internal.ThreadExecutorMap$2.run(ThreadExecutorMap.java:74)
	io.netty.util.concurrent.FastThreadLocalRunnable.run(FastThreadLocalRunnable.java:30)
	java.lang.Thread.run(Thread.java:748)
Created at:
	io.netty.buffer.SimpleLeakAwareByteBuf.unwrappedDerived(SimpleLeakAwareByteBuf.java:143)
	io.netty.buffer.SimpleLeakAwareByteBuf.readRetainedSlice(SimpleLeakAwareByteBuf.java:67)
	io.netty.buffer.AdvancedLeakAwareByteBuf.readRetainedSlice(AdvancedLeakAwareByteBuf.java:107)
	io.netty.handler.codec.http.HttpObjectDecoder.decode(HttpObjectDecoder.java:336)
	io.netty.handler.codec.http.HttpServerCodec$HttpServerRequestDecoder.decode(HttpServerCodec.java:103)
	io.netty.handler.codec.ByteToMessageDecoder.decodeRemovalReentryProtection(ByteToMessageDecoder.java:502)
	io.netty.handler.codec.ByteToMessageDecoder.callDecode(ByteToMessageDecoder.java:441)
	io.netty.handler.codec.ByteToMessageDecoder.channelRead(ByteToMessageDecoder.java:278)
	io.netty.channel.CombinedChannelDuplexHandler.channelRead(CombinedChannelDuplexHandler.java:253)
	io.netty.channel.AbstractChannelHandlerContext.invokeChannelRead(AbstractChannelHandlerContext.java:374)
	io.netty.channel.AbstractChannelHandlerContext.invokeChannelRead(AbstractChannelHandlerContext.java:360)
	io.netty.channel.AbstractChannelHandlerContext.fireChannelRead(AbstractChannelHandlerContext.java:352)
	io.netty.channel.DefaultChannelPipeline$HeadContext.channelRead(DefaultChannelPipeline.java:1408)
	io.netty.channel.AbstractChannelHandlerContext.invokeChannelRead(AbstractChannelHandlerContext.java:374)
	io.netty.channel.AbstractChannelHandlerContext.invokeChannelRead(AbstractChannelHandlerContext.java:360)
	io.netty.channel.DefaultChannelPipeline.fireChannelRead(DefaultChannelPipeline.java:930)
	io.netty.channel.nio.AbstractNioByteChannel$NioByteUnsafe.read(AbstractNioByteChannel.java:163)
	io.netty.channel.nio.NioEventLoop.processSelectedKey(NioEventLoop.java:682)
	io.netty.channel.nio.NioEventLoop.processSelectedKeysOptimized(NioEventLoop.java:617)
	io.netty.channel.nio.NioEventLoop.processSelectedKeys(NioEventLoop.java:534)
	io.netty.channel.nio.NioEventLoop.run(NioEventLoop.java:496)
	io.netty.util.concurrent.SingleThreadEventExecutor$5.run(SingleThreadEventExecutor.java:906)
	io.netty.util.internal.ThreadExecutorMap$2.run(ThreadExecutorMap.java:74)
	io.netty.util.concurrent.FastThreadLocalRunnable.run(FastThreadLocalRunnable.java:30)
	java.lang.Thread.run(Thread.java:748)
: 7 leak records were discarded because they were duplicates
: 428 leak records were discarded because the leak record count is targeted to 4. Use system property io.netty.leakDetection.targetRecords to increase the limit.
22:42:57.858 [reactor-http-nio-6] ERROR i.n.u.ResourceLeakDetector - LEAK: ByteBuf.release() was not called before it's garbage-collected. See http://netty.io/wiki/reference-counted-objects.html for more information.
Recent access records: 
#1:
	io.netty.buffer.AdvancedLeakAwareByteBuf.getByte(AdvancedLeakAwareByteBuf.java:154)
	io.netty.buffer.CompositeByteBuf.getByte(CompositeByteBuf.java:913)
	io.netty.buffer.WrappedCompositeByteBuf.getByte(WrappedCompositeByteBuf.java:652)
	io.netty.buffer.AdvancedLeakAwareCompositeByteBuf.getByte(AdvancedLeakAwareCompositeByteBuf.java:141)
	org.springframework.core.io.buffer.NettyDataBuffer.getByte(NettyDataBuffer.java:132)
	org.springframework.http.codec.multipart.DefaultMultipartMessageReader.toPart(DefaultMultipartMessageReader.java:179)
	reactor.core.publisher.FluxMap$MapConditionalSubscriber.onNext(FluxMap.java:199)
	reactor.core.publisher.FluxTakeWhile$TakeWhileSubscriber.onNext(FluxTakeWhile.java:94)
	reactor.core.publisher.FluxContextStart$ContextStartSubscriber.onNext(FluxContextStart.java:103)
	reactor.core.publisher.FluxMap$MapConditionalSubscriber.onNext(FluxMap.java:213)
	reactor.core.publisher.FluxBufferPredicate$BufferPredicateSubscriber.emit(FluxBufferPredicate.java:290)
	reactor.core.publisher.FluxBufferPredicate$BufferPredicateSubscriber.onNextNewBuffer(FluxBufferPredicate.java:257)
	reactor.core.publisher.FluxBufferPredicate$BufferPredicateSubscriber.tryOnNext(FluxBufferPredicate.java:211)
	reactor.core.publisher.FluxBufferPredicate$BufferPredicateSubscriber.onNext(FluxBufferPredicate.java:184)
	reactor.core.publisher.FluxFlatMap$FlatMapMain.drainLoop(FluxFlatMap.java:664)
	reactor.core.publisher.FluxFlatMap$FlatMapMain.drain(FluxFlatMap.java:540)
	reactor.core.publisher.FluxFlatMap$FlatMapInner.onSubscribe(FluxFlatMap.java:924)
	reactor.core.publisher.FluxIterable.subscribe(FluxIterable.java:139)
	reactor.core.publisher.FluxIterable.subscribe(FluxIterable.java:63)
	reactor.core.publisher.Flux.subscribe(Flux.java:7922)
	reactor.core.publisher.FluxFlatMap$FlatMapMain.onNext(FluxFlatMap.java:389)
	reactor.core.publisher.FluxConcatMap$ConcatMapImmediate.innerNext(FluxConcatMap.java:275)
	reactor.core.publisher.FluxConcatMap$ConcatMapInner.onNext(FluxConcatMap.java:849)
	reactor.core.publisher.FluxConcatMap$WeakScalarSubscription.request(FluxConcatMap.java:470)
	reactor.core.publisher.Operators$MultiSubscriptionSubscriber.set(Operators.java:1939)
	reactor.core.publisher.FluxConcatMap$ConcatMapImmediate.drain(FluxConcatMap.java:436)
	reactor.core.publisher.FluxConcatMap$ConcatMapImmediate.onNext(FluxConcatMap.java:244)
	reactor.core.publisher.FluxMap$MapSubscriber.onNext(FluxMap.java:114)
	reactor.core.publisher.FluxPeek$PeekSubscriber.onNext(FluxPeek.java:192)
	reactor.core.publisher.FluxMap$MapSubscriber.onNext(FluxMap.java:114)
	reactor.netty.channel.FluxReceive.drainReceiver(FluxReceive.java:206)
	reactor.netty.channel.FluxReceive.onInboundNext(FluxReceive.java:322)
	reactor.netty.channel.ChannelOperations.onInboundNext(ChannelOperations.java:335)
	reactor.netty.http.server.HttpServerOperations.onInboundNext(HttpServerOperations.java:456)
	reactor.netty.channel.ChannelOperationsHandler.channelRead(ChannelOperationsHandler.java:91)
	io.netty.channel.AbstractChannelHandlerContext.invokeChannelRead(AbstractChannelHandlerContext.java:374)
	io.netty.channel.AbstractChannelHandlerContext.invokeChannelRead(AbstractChannelHandlerContext.java:360)
	io.netty.channel.AbstractChannelHandlerContext.fireChannelRead(AbstractChannelHandlerContext.java:352)
	reactor.netty.http.server.HttpTrafficHandler.channelRead(HttpTrafficHandler.java:190)
	io.netty.channel.AbstractChannelHandlerContext.invokeChannelRead(AbstractChannelHandlerContext.java:374)
	io.netty.channel.AbstractChannelHandlerContext.invokeChannelRead(AbstractChannelHandlerContext.java:360)
	io.netty.channel.AbstractChannelHandlerContext.fireChannelRead(AbstractChannelHandlerContext.java:352)
	io.netty.channel.CombinedChannelDuplexHandler$DelegatingChannelHandlerContext.fireChannelRead(CombinedChannelDuplexHandler.java:438)
	io.netty.handler.codec.ByteToMessageDecoder.fireChannelRead(ByteToMessageDecoder.java:323)
	io.netty.handler.codec.ByteToMessageDecoder.fireChannelRead(ByteToMessageDecoder.java:310)
	io.netty.handler.codec.ByteToMessageDecoder.callDecode(ByteToMessageDecoder.java:426)
	io.netty.handler.codec.ByteToMessageDecoder.channelRead(ByteToMessageDecoder.java:278)
	io.netty.channel.CombinedChannelDuplexHandler.channelRead(CombinedChannelDuplexHandler.java:253)
	io.netty.channel.AbstractChannelHandlerContext.invokeChannelRead(AbstractChannelHandlerContext.java:374)
	io.netty.channel.AbstractChannelHandlerContext.invokeChannelRead(AbstractChannelHandlerContext.java:360)
	io.netty.channel.AbstractChannelHandlerContext.fireChannelRead(AbstractChannelHandlerContext.java:352)
	io.netty.channel.DefaultChannelPipeline$HeadContext.channelRead(DefaultChannelPipeline.java:1408)
	io.netty.channel.AbstractChannelHandlerContext.invokeChannelRead(AbstractChannelHandlerContext.java:374)
	io.netty.channel.AbstractChannelHandlerContext.invokeChannelRead(AbstractChannelHandlerContext.java:360)
	io.netty.channel.DefaultChannelPipeline.fireChannelRead(DefaultChannelPipeline.java:930)
	io.netty.channel.nio.AbstractNioByteChannel$NioByteUnsafe.read(AbstractNioByteChannel.java:163)
	io.netty.channel.nio.NioEventLoop.processSelectedKey(NioEventLoop.java:682)
	io.netty.channel.nio.NioEventLoop.processSelectedKeysOptimized(NioEventLoop.java:617)
	io.netty.channel.nio.NioEventLoop.processSelectedKeys(NioEventLoop.java:534)
	io.netty.channel.nio.NioEventLoop.run(NioEventLoop.java:496)
	io.netty.util.concurrent.SingleThreadEventExecutor$5.run(SingleThreadEventExecutor.java:906)
	io.netty.util.internal.ThreadExecutorMap$2.run(ThreadExecutorMap.java:74)
	io.netty.util.concurrent.FastThreadLocalRunnable.run(FastThreadLocalRunnable.java:30)
	java.lang.Thread.run(Thread.java:748)
#2:
	io.netty.buffer.AdvancedLeakAwareByteBuf.getByte(AdvancedLeakAwareByteBuf.java:154)
	org.springframework.core.io.buffer.NettyDataBuffer.getByte(NettyDataBuffer.java:132)
	org.springframework.core.io.buffer.DataBufferUtils$KnuthMorrisPrattMatcher.match(DataBufferUtils.java:1005)
	org.springframework.core.io.buffer.DataBufferUtils.endFrameAfterDelimiter(DataBufferUtils.java:634)
	org.springframework.core.io.buffer.DataBufferUtils.lambda$split$18(DataBufferUtils.java:603)
	reactor.core.publisher.FluxFlatMap$FlatMapMain.onNext(FluxFlatMap.java:350)
	reactor.core.publisher.FluxConcatMap$ConcatMapImmediate.innerNext(FluxConcatMap.java:275)
	reactor.core.publisher.FluxConcatMap$ConcatMapInner.onNext(FluxConcatMap.java:849)
	reactor.core.publisher.FluxConcatMap$WeakScalarSubscription.request(FluxConcatMap.java:470)
	reactor.core.publisher.Operators$MultiSubscriptionSubscriber.set(Operators.java:1939)
	reactor.core.publisher.FluxConcatMap$ConcatMapImmediate.drain(FluxConcatMap.java:436)
	reactor.core.publisher.FluxConcatMap$ConcatMapImmediate.onNext(FluxConcatMap.java:244)
	reactor.core.publisher.FluxMap$MapSubscriber.onNext(FluxMap.java:114)
	reactor.core.publisher.FluxPeek$PeekSubscriber.onNext(FluxPeek.java:192)
	reactor.core.publisher.FluxMap$MapSubscriber.onNext(FluxMap.java:114)
	reactor.netty.channel.FluxReceive.drainReceiver(FluxReceive.java:206)
	reactor.netty.channel.FluxReceive.onInboundNext(FluxReceive.java:322)
	reactor.netty.channel.ChannelOperations.onInboundNext(ChannelOperations.java:335)
	reactor.netty.http.server.HttpServerOperations.onInboundNext(HttpServerOperations.java:456)
	reactor.netty.channel.ChannelOperationsHandler.channelRead(ChannelOperationsHandler.java:91)
	io.netty.channel.AbstractChannelHandlerContext.invokeChannelRead(AbstractChannelHandlerContext.java:374)
	io.netty.channel.AbstractChannelHandlerContext.invokeChannelRead(AbstractChannelHandlerContext.java:360)
	io.netty.channel.AbstractChannelHandlerContext.fireChannelRead(AbstractChannelHandlerContext.java:352)
	reactor.netty.http.server.HttpTrafficHandler.channelRead(HttpTrafficHandler.java:190)
	io.netty.channel.AbstractChannelHandlerContext.invokeChannelRead(AbstractChannelHandlerContext.java:374)
	io.netty.channel.AbstractChannelHandlerContext.invokeChannelRead(AbstractChannelHandlerContext.java:360)
	io.netty.channel.AbstractChannelHandlerContext.fireChannelRead(AbstractChannelHandlerContext.java:352)
	io.netty.channel.CombinedChannelDuplexHandler$DelegatingChannelHandlerContext.fireChannelRead(CombinedChannelDuplexHandler.java:438)
	io.netty.handler.codec.ByteToMessageDecoder.fireChannelRead(ByteToMessageDecoder.java:323)
	io.netty.handler.codec.ByteToMessageDecoder.fireChannelRead(ByteToMessageDecoder.java:310)
	io.netty.handler.codec.ByteToMessageDecoder.callDecode(ByteToMessageDecoder.java:426)
	io.netty.handler.codec.ByteToMessageDecoder.channelRead(ByteToMessageDecoder.java:278)
	io.netty.channel.CombinedChannelDuplexHandler.channelRead(CombinedChannelDuplexHandler.java:253)
	io.netty.channel.AbstractChannelHandlerContext.invokeChannelRead(AbstractChannelHandlerContext.java:374)
	io.netty.channel.AbstractChannelHandlerContext.invokeChannelRead(AbstractChannelHandlerContext.java:360)
	io.netty.channel.AbstractChannelHandlerContext.fireChannelRead(AbstractChannelHandlerContext.java:352)
	io.netty.channel.DefaultChannelPipeline$HeadContext.channelRead(DefaultChannelPipeline.java:1408)
	io.netty.channel.AbstractChannelHandlerContext.invokeChannelRead(AbstractChannelHandlerContext.java:374)
	io.netty.channel.AbstractChannelHandlerContext.invokeChannelRead(AbstractChannelHandlerContext.java:360)
	io.netty.channel.DefaultChannelPipeline.fireChannelRead(DefaultChannelPipeline.java:930)
	io.netty.channel.nio.AbstractNioByteChannel$NioByteUnsafe.read(AbstractNioByteChannel.java:163)
	io.netty.channel.nio.NioEventLoop.processSelectedKey(NioEventLoop.java:682)
	io.netty.channel.nio.NioEventLoop.processSelectedKeysOptimized(NioEventLoop.java:617)
	io.netty.channel.nio.NioEventLoop.processSelectedKeys(NioEventLoop.java:534)
	io.netty.channel.nio.NioEventLoop.run(NioEventLoop.java:496)
	io.netty.util.concurrent.SingleThreadEventExecutor$5.run(SingleThreadEventExecutor.java:906)
	io.netty.util.internal.ThreadExecutorMap$2.run(ThreadExecutorMap.java:74)
	io.netty.util.concurrent.FastThreadLocalRunnable.run(FastThreadLocalRunnable.java:30)
	java.lang.Thread.run(Thread.java:748)
#3:
	reactor.core.publisher.FluxPeek$PeekSubscriber.onNext(FluxPeek.java:177)
	reactor.core.publisher.FluxMap$MapSubscriber.onNext(FluxMap.java:114)
	reactor.netty.channel.FluxReceive.drainReceiver(FluxReceive.java:206)
	reactor.netty.channel.FluxReceive.onInboundNext(FluxReceive.java:322)
	reactor.netty.channel.ChannelOperations.onInboundNext(ChannelOperations.java:335)
	reactor.netty.http.server.HttpServerOperations.onInboundNext(HttpServerOperations.java:456)
	reactor.netty.channel.ChannelOperationsHandler.channelRead(ChannelOperationsHandler.java:91)
	io.netty.channel.AbstractChannelHandlerContext.invokeChannelRead(AbstractChannelHandlerContext.java:374)
	io.netty.channel.AbstractChannelHandlerContext.invokeChannelRead(AbstractChannelHandlerContext.java:360)
	io.netty.channel.AbstractChannelHandlerContext.fireChannelRead(AbstractChannelHandlerContext.java:352)
	reactor.netty.http.server.HttpTrafficHandler.channelRead(HttpTrafficHandler.java:190)
	io.netty.channel.AbstractChannelHandlerContext.invokeChannelRead(AbstractChannelHandlerContext.java:374)
	io.netty.channel.AbstractChannelHandlerContext.invokeChannelRead(AbstractChannelHandlerContext.java:360)
	io.netty.channel.AbstractChannelHandlerContext.fireChannelRead(AbstractChannelHandlerContext.java:352)
	io.netty.channel.CombinedChannelDuplexHandler$DelegatingChannelHandlerContext.fireChannelRead(CombinedChannelDuplexHandler.java:438)
	io.netty.handler.codec.ByteToMessageDecoder.fireChannelRead(ByteToMessageDecoder.java:323)
	io.netty.handler.codec.ByteToMessageDecoder.fireChannelRead(ByteToMessageDecoder.java:310)
	io.netty.handler.codec.ByteToMessageDecoder.callDecode(ByteToMessageDecoder.java:426)
	io.netty.handler.codec.ByteToMessageDecoder.channelRead(ByteToMessageDecoder.java:278)
	io.netty.channel.CombinedChannelDuplexHandler.channelRead(CombinedChannelDuplexHandler.java:253)
	io.netty.channel.AbstractChannelHandlerContext.invokeChannelRead(AbstractChannelHandlerContext.java:374)
	io.netty.channel.AbstractChannelHandlerContext.invokeChannelRead(AbstractChannelHandlerContext.java:360)
	io.netty.channel.AbstractChannelHandlerContext.fireChannelRead(AbstractChannelHandlerContext.java:352)
	io.netty.channel.DefaultChannelPipeline$HeadContext.channelRead(DefaultChannelPipeline.java:1408)
	io.netty.channel.AbstractChannelHandlerContext.invokeChannelRead(AbstractChannelHandlerContext.java:374)
	io.netty.channel.AbstractChannelHandlerContext.invokeChannelRead(AbstractChannelHandlerContext.java:360)
	io.netty.channel.DefaultChannelPipeline.fireChannelRead(DefaultChannelPipeline.java:930)
	io.netty.channel.nio.AbstractNioByteChannel$NioByteUnsafe.read(AbstractNioByteChannel.java:163)
	io.netty.channel.nio.NioEventLoop.processSelectedKey(NioEventLoop.java:682)
	io.netty.channel.nio.NioEventLoop.processSelectedKeysOptimized(NioEventLoop.java:617)
	io.netty.channel.nio.NioEventLoop.processSelectedKeys(NioEventLoop.java:534)
	io.netty.channel.nio.NioEventLoop.run(NioEventLoop.java:496)
	io.netty.util.concurrent.SingleThreadEventExecutor$5.run(SingleThreadEventExecutor.java:906)
	io.netty.util.internal.ThreadExecutorMap$2.run(ThreadExecutorMap.java:74)
	io.netty.util.concurrent.FastThreadLocalRunnable.run(FastThreadLocalRunnable.java:30)
	java.lang.Thread.run(Thread.java:748)
#4:
	Hint: 'reactor.right.reactiveBridge' will handle the message from this point.
	io.netty.handler.codec.http.DefaultHttpContent.touch(DefaultHttpContent.java:88)
	io.netty.handler.codec.http.DefaultHttpContent.touch(DefaultHttpContent.java:24)
	io.netty.channel.DefaultChannelPipeline.touch(DefaultChannelPipeline.java:116)
	io.netty.channel.AbstractChannelHandlerContext.invokeChannelRead(AbstractChannelHandlerContext.java:357)
	io.netty.channel.AbstractChannelHandlerContext.fireChannelRead(AbstractChannelHandlerContext.java:352)
	reactor.netty.http.server.HttpTrafficHandler.channelRead(HttpTrafficHandler.java:190)
	io.netty.channel.AbstractChannelHandlerContext.invokeChannelRead(AbstractChannelHandlerContext.java:374)
	io.netty.channel.AbstractChannelHandlerContext.invokeChannelRead(AbstractChannelHandlerContext.java:360)
	io.netty.channel.AbstractChannelHandlerContext.fireChannelRead(AbstractChannelHandlerContext.java:352)
	io.netty.channel.CombinedChannelDuplexHandler$DelegatingChannelHandlerContext.fireChannelRead(CombinedChannelDuplexHandler.java:438)
	io.netty.handler.codec.ByteToMessageDecoder.fireChannelRead(ByteToMessageDecoder.java:323)
	io.netty.handler.codec.ByteToMessageDecoder.fireChannelRead(ByteToMessageDecoder.java:310)
	io.netty.handler.codec.ByteToMessageDecoder.callDecode(ByteToMessageDecoder.java:426)
	io.netty.handler.codec.ByteToMessageDecoder.channelRead(ByteToMessageDecoder.java:278)
	io.netty.channel.CombinedChannelDuplexHandler.channelRead(CombinedChannelDuplexHandler.java:253)
	io.netty.channel.AbstractChannelHandlerContext.invokeChannelRead(AbstractChannelHandlerContext.java:374)
	io.netty.channel.AbstractChannelHandlerContext.invokeChannelRead(AbstractChannelHandlerContext.java:360)
	io.netty.channel.AbstractChannelHandlerContext.fireChannelRead(AbstractChannelHandlerContext.java:352)
	io.netty.channel.DefaultChannelPipeline$HeadContext.channelRead(DefaultChannelPipeline.java:1408)
	io.netty.channel.AbstractChannelHandlerContext.invokeChannelRead(AbstractChannelHandlerContext.java:374)
	io.netty.channel.AbstractChannelHandlerContext.invokeChannelRead(AbstractChannelHandlerContext.java:360)
	io.netty.channel.DefaultChannelPipeline.fireChannelRead(DefaultChannelPipeline.java:930)
	io.netty.channel.nio.AbstractNioByteChannel$NioByteUnsafe.read(AbstractNioByteChannel.java:163)
	io.netty.channel.nio.NioEventLoop.processSelectedKey(NioEventLoop.java:682)
	io.netty.channel.nio.NioEventLoop.processSelectedKeysOptimized(NioEventLoop.java:617)
	io.netty.channel.nio.NioEventLoop.processSelectedKeys(NioEventLoop.java:534)
	io.netty.channel.nio.NioEventLoop.run(NioEventLoop.java:496)
	io.netty.util.concurrent.SingleThreadEventExecutor$5.run(SingleThreadEventExecutor.java:906)
	io.netty.util.internal.ThreadExecutorMap$2.run(ThreadExecutorMap.java:74)
	io.netty.util.concurrent.FastThreadLocalRunnable.run(FastThreadLocalRunnable.java:30)
	java.lang.Thread.run(Thread.java:748)
#5:
	Hint: 'reactor.left.httpTrafficHandler' will handle the message from this point.
	io.netty.handler.codec.http.DefaultHttpContent.touch(DefaultHttpContent.java:88)
	io.netty.handler.codec.http.DefaultHttpContent.touch(DefaultHttpContent.java:24)
	io.netty.channel.DefaultChannelPipeline.touch(DefaultChannelPipeline.java:116)
	io.netty.channel.AbstractChannelHandlerContext.invokeChannelRead(AbstractChannelHandlerContext.java:357)
	io.netty.channel.AbstractChannelHandlerContext.fireChannelRead(AbstractChannelHandlerContext.java:352)
	io.netty.channel.CombinedChannelDuplexHandler$DelegatingChannelHandlerContext.fireChannelRead(CombinedChannelDuplexHandler.java:438)
	io.netty.handler.codec.ByteToMessageDecoder.fireChannelRead(ByteToMessageDecoder.java:323)
	io.netty.handler.codec.ByteToMessageDecoder.fireChannelRead(ByteToMessageDecoder.java:310)
	io.netty.handler.codec.ByteToMessageDecoder.callDecode(ByteToMessageDecoder.java:426)
	io.netty.handler.codec.ByteToMessageDecoder.channelRead(ByteToMessageDecoder.java:278)
	io.netty.channel.CombinedChannelDuplexHandler.channelRead(CombinedChannelDuplexHandler.java:253)
	io.netty.channel.AbstractChannelHandlerContext.invokeChannelRead(AbstractChannelHandlerContext.java:374)
	io.netty.channel.AbstractChannelHandlerContext.invokeChannelRead(AbstractChannelHandlerContext.java:360)
	io.netty.channel.AbstractChannelHandlerContext.fireChannelRead(AbstractChannelHandlerContext.java:352)
	io.netty.channel.DefaultChannelPipeline$HeadContext.channelRead(DefaultChannelPipeline.java:1408)
	io.netty.channel.AbstractChannelHandlerContext.invokeChannelRead(AbstractChannelHandlerContext.java:374)
	io.netty.channel.AbstractChannelHandlerContext.invokeChannelRead(AbstractChannelHandlerContext.java:360)
	io.netty.channel.DefaultChannelPipeline.fireChannelRead(DefaultChannelPipeline.java:930)
	io.netty.channel.nio.AbstractNioByteChannel$NioByteUnsafe.read(AbstractNioByteChannel.java:163)
	io.netty.channel.nio.NioEventLoop.processSelectedKey(NioEventLoop.java:682)
	io.netty.channel.nio.NioEventLoop.processSelectedKeysOptimized(NioEventLoop.java:617)
	io.netty.channel.nio.NioEventLoop.processSelectedKeys(NioEventLoop.java:534)
	io.netty.channel.nio.NioEventLoop.run(NioEventLoop.java:496)
	io.netty.util.concurrent.SingleThreadEventExecutor$5.run(SingleThreadEventExecutor.java:906)
	io.netty.util.internal.ThreadExecutorMap$2.run(ThreadExecutorMap.java:74)
	io.netty.util.concurrent.FastThreadLocalRunnable.run(FastThreadLocalRunnable.java:30)
	java.lang.Thread.run(Thread.java:748)
Created at:
	io.netty.buffer.SimpleLeakAwareByteBuf.unwrappedDerived(SimpleLeakAwareByteBuf.java:143)
	io.netty.buffer.SimpleLeakAwareByteBuf.readRetainedSlice(SimpleLeakAwareByteBuf.java:67)
	io.netty.buffer.AdvancedLeakAwareByteBuf.readRetainedSlice(AdvancedLeakAwareByteBuf.java:107)
	io.netty.handler.codec.http.HttpObjectDecoder.decode(HttpObjectDecoder.java:336)
	io.netty.handler.codec.http.HttpServerCodec$HttpServerRequestDecoder.decode(HttpServerCodec.java:103)
	io.netty.handler.codec.ByteToMessageDecoder.decodeRemovalReentryProtection(ByteToMessageDecoder.java:502)
	io.netty.handler.codec.ByteToMessageDecoder.callDecode(ByteToMessageDecoder.java:441)
	io.netty.handler.codec.ByteToMessageDecoder.channelRead(ByteToMessageDecoder.java:278)
	io.netty.channel.CombinedChannelDuplexHandler.channelRead(CombinedChannelDuplexHandler.java:253)
	io.netty.channel.AbstractChannelHandlerContext.invokeChannelRead(AbstractChannelHandlerContext.java:374)
	io.netty.channel.AbstractChannelHandlerContext.invokeChannelRead(AbstractChannelHandlerContext.java:360)
	io.netty.channel.AbstractChannelHandlerContext.fireChannelRead(AbstractChannelHandlerContext.java:352)
	io.netty.channel.DefaultChannelPipeline$HeadContext.channelRead(DefaultChannelPipeline.java:1408)
	io.netty.channel.AbstractChannelHandlerContext.invokeChannelRead(AbstractChannelHandlerContext.java:374)
	io.netty.channel.AbstractChannelHandlerContext.invokeChannelRead(AbstractChannelHandlerContext.java:360)
	io.netty.channel.DefaultChannelPipeline.fireChannelRead(DefaultChannelPipeline.java:930)
	io.netty.channel.nio.AbstractNioByteChannel$NioByteUnsafe.read(AbstractNioByteChannel.java:163)
	io.netty.channel.nio.NioEventLoop.processSelectedKey(NioEventLoop.java:682)
	io.netty.channel.nio.NioEventLoop.processSelectedKeysOptimized(NioEventLoop.java:617)
	io.netty.channel.nio.NioEventLoop.processSelectedKeys(NioEventLoop.java:534)
	io.netty.channel.nio.NioEventLoop.run(NioEventLoop.java:496)
	io.netty.util.concurrent.SingleThreadEventExecutor$5.run(SingleThreadEventExecutor.java:906)
	io.netty.util.internal.ThreadExecutorMap$2.run(ThreadExecutorMap.java:74)
	io.netty.util.concurrent.FastThreadLocalRunnable.run(FastThreadLocalRunnable.java:30)
	java.lang.Thread.run(Thread.java:748)
: 4 leak records were discarded because they were duplicates
: 43 leak records were discarded because the leak record count is targeted to 4. Use system property io.netty.leakDetection.targetRecords to increase the limit.
22:42:57.859 [reactor-http-nio-6] ERROR i.n.u.ResourceLeakDetector - LEAK: ByteBuf.release() was not called before it's garbage-collected. See http://netty.io/wiki/reference-counted-objects.html for more information.
Recent access records: 
#1:
	io.netty.buffer.AdvancedLeakAwareByteBuf.order(AdvancedLeakAwareByteBuf.java:70)
	io.netty.buffer.CompositeByteBuf.newComponent(CompositeByteBuf.java:318)
	io.netty.buffer.CompositeByteBuf.addComponent0(CompositeByteBuf.java:280)
	io.netty.buffer.CompositeByteBuf.addComponent(CompositeByteBuf.java:265)
	io.netty.buffer.CompositeByteBuf.addComponent(CompositeByteBuf.java:222)
	io.netty.buffer.WrappedCompositeByteBuf.addComponent(WrappedCompositeByteBuf.java:529)
	io.netty.buffer.AdvancedLeakAwareCompositeByteBuf.addComponent(AdvancedLeakAwareCompositeByteBuf.java:921)
	org.springframework.core.io.buffer.NettyDataBufferFactory.join(NettyDataBufferFactory.java:111)
	org.springframework.core.io.buffer.DataBufferUtils.joinAndStrip(DataBufferUtils.java:686)
	org.springframework.core.io.buffer.DataBufferUtils.lambda$split$20(DataBufferUtils.java:605)
	reactor.core.publisher.FluxMap$MapConditionalSubscriber.onNext(FluxMap.java:199)
	reactor.core.publisher.FluxBufferPredicate$BufferPredicateSubscriber.emit(FluxBufferPredicate.java:290)
	reactor.core.publisher.FluxBufferPredicate$BufferPredicateSubscriber.onNextNewBuffer(FluxBufferPredicate.java:257)
	reactor.core.publisher.FluxBufferPredicate$BufferPredicateSubscriber.tryOnNext(FluxBufferPredicate.java:211)
	reactor.core.publisher.FluxBufferPredicate$BufferPredicateSubscriber.onNext(FluxBufferPredicate.java:184)
	reactor.core.publisher.FluxFlatMap$FlatMapMain.drainLoop(FluxFlatMap.java:664)
	reactor.core.publisher.FluxFlatMap$FlatMapMain.drain(FluxFlatMap.java:540)
	reactor.core.publisher.FluxFlatMap$FlatMapInner.onSubscribe(FluxFlatMap.java:924)
	reactor.core.publisher.FluxIterable.subscribe(FluxIterable.java:139)
	reactor.core.publisher.FluxIterable.subscribe(FluxIterable.java:63)
	reactor.core.publisher.Flux.subscribe(Flux.java:7922)
	reactor.core.publisher.FluxFlatMap$FlatMapMain.onNext(FluxFlatMap.java:389)
	reactor.core.publisher.FluxConcatMap$ConcatMapImmediate.innerNext(FluxConcatMap.java:275)
	reactor.core.publisher.FluxConcatMap$ConcatMapInner.onNext(FluxConcatMap.java:849)
	reactor.core.publisher.FluxConcatMap$WeakScalarSubscription.request(FluxConcatMap.java:470)
	reactor.core.publisher.Operators$MultiSubscriptionSubscriber.set(Operators.java:1939)
	reactor.core.publisher.FluxConcatMap$ConcatMapImmediate.drain(FluxConcatMap.java:436)
	reactor.core.publisher.FluxConcatMap$ConcatMapImmediate.onNext(FluxConcatMap.java:244)
	reactor.core.publisher.FluxMap$MapSubscriber.onNext(FluxMap.java:114)
	reactor.core.publisher.FluxPeek$PeekSubscriber.onNext(FluxPeek.java:192)
	reactor.core.publisher.FluxMap$MapSubscriber.onNext(FluxMap.java:114)
	reactor.netty.channel.FluxReceive.drainReceiver(FluxReceive.java:206)
	reactor.netty.channel.FluxReceive.onInboundNext(FluxReceive.java:322)
	reactor.netty.channel.ChannelOperations.onInboundNext(ChannelOperations.java:335)
	reactor.netty.http.server.HttpServerOperations.onInboundNext(HttpServerOperations.java:456)
	reactor.netty.channel.ChannelOperationsHandler.channelRead(ChannelOperationsHandler.java:91)
	io.netty.channel.AbstractChannelHandlerContext.invokeChannelRead(AbstractChannelHandlerContext.java:374)
	io.netty.channel.AbstractChannelHandlerContext.invokeChannelRead(AbstractChannelHandlerContext.java:360)
	io.netty.channel.AbstractChannelHandlerContext.fireChannelRead(AbstractChannelHandlerContext.java:352)
	reactor.netty.http.server.HttpTrafficHandler.channelRead(HttpTrafficHandler.java:190)
	io.netty.channel.AbstractChannelHandlerContext.invokeChannelRead(AbstractChannelHandlerContext.java:374)
	io.netty.channel.AbstractChannelHandlerContext.invokeChannelRead(AbstractChannelHandlerContext.java:360)
	io.netty.channel.AbstractChannelHandlerContext.fireChannelRead(AbstractChannelHandlerContext.java:352)
	io.netty.channel.CombinedChannelDuplexHandler$DelegatingChannelHandlerContext.fireChannelRead(CombinedChannelDuplexHandler.java:438)
	io.netty.handler.codec.ByteToMessageDecoder.fireChannelRead(ByteToMessageDecoder.java:323)
	io.netty.handler.codec.ByteToMessageDecoder.fireChannelRead(ByteToMessageDecoder.java:310)
	io.netty.handler.codec.ByteToMessageDecoder.callDecode(ByteToMessageDecoder.java:426)
	io.netty.handler.codec.ByteToMessageDecoder.channelRead(ByteToMessageDecoder.java:278)
	io.netty.channel.CombinedChannelDuplexHandler.channelRead(CombinedChannelDuplexHandler.java:253)
	io.netty.channel.AbstractChannelHandlerContext.invokeChannelRead(AbstractChannelHandlerContext.java:374)
	io.netty.channel.AbstractChannelHandlerContext.invokeChannelRead(AbstractChannelHandlerContext.java:360)
	io.netty.channel.AbstractChannelHandlerContext.fireChannelRead(AbstractChannelHandlerContext.java:352)
	io.netty.channel.DefaultChannelPipeline$HeadContext.channelRead(DefaultChannelPipeline.java:1408)
	io.netty.channel.AbstractChannelHandlerContext.invokeChannelRead(AbstractChannelHandlerContext.java:374)
	io.netty.channel.AbstractChannelHandlerContext.invokeChannelRead(AbstractChannelHandlerContext.java:360)
	io.netty.channel.DefaultChannelPipeline.fireChannelRead(DefaultChannelPipeline.java:930)
	io.netty.channel.nio.AbstractNioByteChannel$NioByteUnsafe.read(AbstractNioByteChannel.java:163)
	io.netty.channel.nio.NioEventLoop.processSelectedKey(NioEventLoop.java:682)
	io.netty.channel.nio.NioEventLoop.processSelectedKeysOptimized(NioEventLoop.java:617)
	io.netty.channel.nio.NioEventLoop.processSelectedKeys(NioEventLoop.java:534)
	io.netty.channel.nio.NioEventLoop.run(NioEventLoop.java:496)
	io.netty.util.concurrent.SingleThreadEventExecutor$5.run(SingleThreadEventExecutor.java:906)
	io.netty.util.internal.ThreadExecutorMap$2.run(ThreadExecutorMap.java:74)
	io.netty.util.concurrent.FastThreadLocalRunnable.run(FastThreadLocalRunnable.java:30)
	java.lang.Thread.run(Thread.java:748)
#2:
	io.netty.buffer.AdvancedLeakAwareByteBuf.getByte(AdvancedLeakAwareByteBuf.java:154)
	org.springframework.core.io.buffer.NettyDataBuffer.getByte(NettyDataBuffer.java:132)
	org.springframework.core.io.buffer.DataBufferUtils$KnuthMorrisPrattMatcher.match(DataBufferUtils.java:1005)
	org.springframework.core.io.buffer.DataBufferUtils.endFrameAfterDelimiter(DataBufferUtils.java:634)
	org.springframework.core.io.buffer.DataBufferUtils.lambda$split$18(DataBufferUtils.java:603)
	reactor.core.publisher.FluxFlatMap$FlatMapMain.onNext(FluxFlatMap.java:350)
	reactor.core.publisher.FluxConcatMap$ConcatMapImmediate.innerNext(FluxConcatMap.java:275)
	reactor.core.publisher.FluxConcatMap$ConcatMapInner.onNext(FluxConcatMap.java:849)
	reactor.core.publisher.FluxConcatMap$WeakScalarSubscription.request(FluxConcatMap.java:470)
	reactor.core.publisher.Operators$MultiSubscriptionSubscriber.set(Operators.java:1939)
	reactor.core.publisher.FluxConcatMap$ConcatMapImmediate.drain(FluxConcatMap.java:436)
	reactor.core.publisher.FluxConcatMap$ConcatMapImmediate.onNext(FluxConcatMap.java:244)
	reactor.core.publisher.FluxMap$MapSubscriber.onNext(FluxMap.java:114)
	reactor.core.publisher.FluxPeek$PeekSubscriber.onNext(FluxPeek.java:192)
	reactor.core.publisher.FluxMap$MapSubscriber.onNext(FluxMap.java:114)
	reactor.netty.channel.FluxReceive.drainReceiver(FluxReceive.java:206)
	reactor.netty.channel.FluxReceive.onInboundNext(FluxReceive.java:322)
	reactor.netty.channel.ChannelOperations.onInboundNext(ChannelOperations.java:335)
	reactor.netty.http.server.HttpServerOperations.onInboundNext(HttpServerOperations.java:456)
	reactor.netty.channel.ChannelOperationsHandler.channelRead(ChannelOperationsHandler.java:91)
	io.netty.channel.AbstractChannelHandlerContext.invokeChannelRead(AbstractChannelHandlerContext.java:374)
	io.netty.channel.AbstractChannelHandlerContext.invokeChannelRead(AbstractChannelHandlerContext.java:360)
	io.netty.channel.AbstractChannelHandlerContext.fireChannelRead(AbstractChannelHandlerContext.java:352)
	reactor.netty.http.server.HttpTrafficHandler.channelRead(HttpTrafficHandler.java:190)
	io.netty.channel.AbstractChannelHandlerContext.invokeChannelRead(AbstractChannelHandlerContext.java:374)
	io.netty.channel.AbstractChannelHandlerContext.invokeChannelRead(AbstractChannelHandlerContext.java:360)
	io.netty.channel.AbstractChannelHandlerContext.fireChannelRead(AbstractChannelHandlerContext.java:352)
	io.netty.channel.CombinedChannelDuplexHandler$DelegatingChannelHandlerContext.fireChannelRead(CombinedChannelDuplexHandler.java:438)
	io.netty.handler.codec.ByteToMessageDecoder.fireChannelRead(ByteToMessageDecoder.java:323)
	io.netty.handler.codec.ByteToMessageDecoder.fireChannelRead(ByteToMessageDecoder.java:310)
	io.netty.handler.codec.ByteToMessageDecoder.callDecode(ByteToMessageDecoder.java:426)
	io.netty.handler.codec.ByteToMessageDecoder.channelRead(ByteToMessageDecoder.java:278)
	io.netty.channel.CombinedChannelDuplexHandler.channelRead(CombinedChannelDuplexHandler.java:253)
	io.netty.channel.AbstractChannelHandlerContext.invokeChannelRead(AbstractChannelHandlerContext.java:374)
	io.netty.channel.AbstractChannelHandlerContext.invokeChannelRead(AbstractChannelHandlerContext.java:360)
	io.netty.channel.AbstractChannelHandlerContext.fireChannelRead(AbstractChannelHandlerContext.java:352)
	io.netty.channel.DefaultChannelPipeline$HeadContext.channelRead(DefaultChannelPipeline.java:1408)
	io.netty.channel.AbstractChannelHandlerContext.invokeChannelRead(AbstractChannelHandlerContext.java:374)
	io.netty.channel.AbstractChannelHandlerContext.invokeChannelRead(AbstractChannelHandlerContext.java:360)
	io.netty.channel.DefaultChannelPipeline.fireChannelRead(DefaultChannelPipeline.java:930)
	io.netty.channel.nio.AbstractNioByteChannel$NioByteUnsafe.read(AbstractNioByteChannel.java:163)
	io.netty.channel.nio.NioEventLoop.processSelectedKey(NioEventLoop.java:682)
	io.netty.channel.nio.NioEventLoop.processSelectedKeysOptimized(NioEventLoop.java:617)
	io.netty.channel.nio.NioEventLoop.processSelectedKeys(NioEventLoop.java:534)
	io.netty.channel.nio.NioEventLoop.run(NioEventLoop.java:496)
	io.netty.util.concurrent.SingleThreadEventExecutor$5.run(SingleThreadEventExecutor.java:906)
	io.netty.util.internal.ThreadExecutorMap$2.run(ThreadExecutorMap.java:74)
	io.netty.util.concurrent.FastThreadLocalRunnable.run(FastThreadLocalRunnable.java:30)
	java.lang.Thread.run(Thread.java:748)
#3:
	reactor.core.publisher.FluxPeek$PeekSubscriber.onNext(FluxPeek.java:177)
	reactor.core.publisher.FluxMap$MapSubscriber.onNext(FluxMap.java:114)
	reactor.netty.channel.FluxReceive.drainReceiver(FluxReceive.java:206)
	reactor.netty.channel.FluxReceive.onInboundNext(FluxReceive.java:322)
	reactor.netty.channel.ChannelOperations.onInboundNext(ChannelOperations.java:335)
	reactor.netty.http.server.HttpServerOperations.onInboundNext(HttpServerOperations.java:456)
	reactor.netty.channel.ChannelOperationsHandler.channelRead(ChannelOperationsHandler.java:91)
	io.netty.channel.AbstractChannelHandlerContext.invokeChannelRead(AbstractChannelHandlerContext.java:374)
	io.netty.channel.AbstractChannelHandlerContext.invokeChannelRead(AbstractChannelHandlerContext.java:360)
	io.netty.channel.AbstractChannelHandlerContext.fireChannelRead(AbstractChannelHandlerContext.java:352)
	reactor.netty.http.server.HttpTrafficHandler.channelRead(HttpTrafficHandler.java:190)
	io.netty.channel.AbstractChannelHandlerContext.invokeChannelRead(AbstractChannelHandlerContext.java:374)
	io.netty.channel.AbstractChannelHandlerContext.invokeChannelRead(AbstractChannelHandlerContext.java:360)
	io.netty.channel.AbstractChannelHandlerContext.fireChannelRead(AbstractChannelHandlerContext.java:352)
	io.netty.channel.CombinedChannelDuplexHandler$DelegatingChannelHandlerContext.fireChannelRead(CombinedChannelDuplexHandler.java:438)
	io.netty.handler.codec.ByteToMessageDecoder.fireChannelRead(ByteToMessageDecoder.java:323)
	io.netty.handler.codec.ByteToMessageDecoder.fireChannelRead(ByteToMessageDecoder.java:310)
	io.netty.handler.codec.ByteToMessageDecoder.callDecode(ByteToMessageDecoder.java:426)
	io.netty.handler.codec.ByteToMessageDecoder.channelRead(ByteToMessageDecoder.java:278)
	io.netty.channel.CombinedChannelDuplexHandler.channelRead(CombinedChannelDuplexHandler.java:253)
	io.netty.channel.AbstractChannelHandlerContext.invokeChannelRead(AbstractChannelHandlerContext.java:374)
	io.netty.channel.AbstractChannelHandlerContext.invokeChannelRead(AbstractChannelHandlerContext.java:360)
	io.netty.channel.AbstractChannelHandlerContext.fireChannelRead(AbstractChannelHandlerContext.java:352)
	io.netty.channel.DefaultChannelPipeline$HeadContext.channelRead(DefaultChannelPipeline.java:1408)
	io.netty.channel.AbstractChannelHandlerContext.invokeChannelRead(AbstractChannelHandlerContext.java:374)
	io.netty.channel.AbstractChannelHandlerContext.invokeChannelRead(AbstractChannelHandlerContext.java:360)
	io.netty.channel.DefaultChannelPipeline.fireChannelRead(DefaultChannelPipeline.java:930)
	io.netty.channel.nio.AbstractNioByteChannel$NioByteUnsafe.read(AbstractNioByteChannel.java:163)
	io.netty.channel.nio.NioEventLoop.processSelectedKey(NioEventLoop.java:682)
	io.netty.channel.nio.NioEventLoop.processSelectedKeysOptimized(NioEventLoop.java:617)
	io.netty.channel.nio.NioEventLoop.processSelectedKeys(NioEventLoop.java:534)
	io.netty.channel.nio.NioEventLoop.run(NioEventLoop.java:496)
	io.netty.util.concurrent.SingleThreadEventExecutor$5.run(SingleThreadEventExecutor.java:906)
	io.netty.util.internal.ThreadExecutorMap$2.run(ThreadExecutorMap.java:74)
	io.netty.util.concurrent.FastThreadLocalRunnable.run(FastThreadLocalRunnable.java:30)
	java.lang.Thread.run(Thread.java:748)
#4:
	Hint: 'reactor.right.reactiveBridge' will handle the message from this point.
	io.netty.handler.codec.http.DefaultHttpContent.touch(DefaultHttpContent.java:88)
	io.netty.handler.codec.http.DefaultHttpContent.touch(DefaultHttpContent.java:24)
	io.netty.channel.DefaultChannelPipeline.touch(DefaultChannelPipeline.java:116)
	io.netty.channel.AbstractChannelHandlerContext.invokeChannelRead(AbstractChannelHandlerContext.java:357)
	io.netty.channel.AbstractChannelHandlerContext.fireChannelRead(AbstractChannelHandlerContext.java:352)
	reactor.netty.http.server.HttpTrafficHandler.channelRead(HttpTrafficHandler.java:190)
	io.netty.channel.AbstractChannelHandlerContext.invokeChannelRead(AbstractChannelHandlerContext.java:374)
	io.netty.channel.AbstractChannelHandlerContext.invokeChannelRead(AbstractChannelHandlerContext.java:360)
	io.netty.channel.AbstractChannelHandlerContext.fireChannelRead(AbstractChannelHandlerContext.java:352)
	io.netty.channel.CombinedChannelDuplexHandler$DelegatingChannelHandlerContext.fireChannelRead(CombinedChannelDuplexHandler.java:438)
	io.netty.handler.codec.ByteToMessageDecoder.fireChannelRead(ByteToMessageDecoder.java:323)
	io.netty.handler.codec.ByteToMessageDecoder.fireChannelRead(ByteToMessageDecoder.java:310)
	io.netty.handler.codec.ByteToMessageDecoder.callDecode(ByteToMessageDecoder.java:426)
	io.netty.handler.codec.ByteToMessageDecoder.channelRead(ByteToMessageDecoder.java:278)
	io.netty.channel.CombinedChannelDuplexHandler.channelRead(CombinedChannelDuplexHandler.java:253)
	io.netty.channel.AbstractChannelHandlerContext.invokeChannelRead(AbstractChannelHandlerContext.java:374)
	io.netty.channel.AbstractChannelHandlerContext.invokeChannelRead(AbstractChannelHandlerContext.java:360)
	io.netty.channel.AbstractChannelHandlerContext.fireChannelRead(AbstractChannelHandlerContext.java:352)
	io.netty.channel.DefaultChannelPipeline$HeadContext.channelRead(DefaultChannelPipeline.java:1408)
	io.netty.channel.AbstractChannelHandlerContext.invokeChannelRead(AbstractChannelHandlerContext.java:374)
	io.netty.channel.AbstractChannelHandlerContext.invokeChannelRead(AbstractChannelHandlerContext.java:360)
	io.netty.channel.DefaultChannelPipeline.fireChannelRead(DefaultChannelPipeline.java:930)
	io.netty.channel.nio.AbstractNioByteChannel$NioByteUnsafe.read(AbstractNioByteChannel.java:163)
	io.netty.channel.nio.NioEventLoop.processSelectedKey(NioEventLoop.java:682)
	io.netty.channel.nio.NioEventLoop.processSelectedKeysOptimized(NioEventLoop.java:617)
	io.netty.channel.nio.NioEventLoop.processSelectedKeys(NioEventLoop.java:534)
	io.netty.channel.nio.NioEventLoop.run(NioEventLoop.java:496)
	io.netty.util.concurrent.SingleThreadEventExecutor$5.run(SingleThreadEventExecutor.java:906)
	io.netty.util.internal.ThreadExecutorMap$2.run(ThreadExecutorMap.java:74)
	io.netty.util.concurrent.FastThreadLocalRunnable.run(FastThreadLocalRunnable.java:30)
	java.lang.Thread.run(Thread.java:748)
#5:
	Hint: 'reactor.left.httpTrafficHandler' will handle the message from this point.
	io.netty.handler.codec.http.DefaultHttpContent.touch(DefaultHttpContent.java:88)
	io.netty.handler.codec.http.DefaultHttpContent.touch(DefaultHttpContent.java:24)
	io.netty.channel.DefaultChannelPipeline.touch(DefaultChannelPipeline.java:116)
	io.netty.channel.AbstractChannelHandlerContext.invokeChannelRead(AbstractChannelHandlerContext.java:357)
	io.netty.channel.AbstractChannelHandlerContext.fireChannelRead(AbstractChannelHandlerContext.java:352)
	io.netty.channel.CombinedChannelDuplexHandler$DelegatingChannelHandlerContext.fireChannelRead(CombinedChannelDuplexHandler.java:438)
	io.netty.handler.codec.ByteToMessageDecoder.fireChannelRead(ByteToMessageDecoder.java:323)
	io.netty.handler.codec.ByteToMessageDecoder.fireChannelRead(ByteToMessageDecoder.java:310)
	io.netty.handler.codec.ByteToMessageDecoder.callDecode(ByteToMessageDecoder.java:426)
	io.netty.handler.codec.ByteToMessageDecoder.channelRead(ByteToMessageDecoder.java:278)
	io.netty.channel.CombinedChannelDuplexHandler.channelRead(CombinedChannelDuplexHandler.java:253)
	io.netty.channel.AbstractChannelHandlerContext.invokeChannelRead(AbstractChannelHandlerContext.java:374)
	io.netty.channel.AbstractChannelHandlerContext.invokeChannelRead(AbstractChannelHandlerContext.java:360)
	io.netty.channel.AbstractChannelHandlerContext.fireChannelRead(AbstractChannelHandlerContext.java:352)
	io.netty.channel.DefaultChannelPipeline$HeadContext.channelRead(DefaultChannelPipeline.java:1408)
	io.netty.channel.AbstractChannelHandlerContext.invokeChannelRead(AbstractChannelHandlerContext.java:374)
	io.netty.channel.AbstractChannelHandlerContext.invokeChannelRead(AbstractChannelHandlerContext.java:360)
	io.netty.channel.DefaultChannelPipeline.fireChannelRead(DefaultChannelPipeline.java:930)
	io.netty.channel.nio.AbstractNioByteChannel$NioByteUnsafe.read(AbstractNioByteChannel.java:163)
	io.netty.channel.nio.NioEventLoop.processSelectedKey(NioEventLoop.java:682)
	io.netty.channel.nio.NioEventLoop.processSelectedKeysOptimized(NioEventLoop.java:617)
	io.netty.channel.nio.NioEventLoop.processSelectedKeys(NioEventLoop.java:534)
	io.netty.channel.nio.NioEventLoop.run(NioEventLoop.java:496)
	io.netty.util.concurrent.SingleThreadEventExecutor$5.run(SingleThreadEventExecutor.java:906)
	io.netty.util.internal.ThreadExecutorMap$2.run(ThreadExecutorMap.java:74)
	io.netty.util.concurrent.FastThreadLocalRunnable.run(FastThreadLocalRunnable.java:30)
	java.lang.Thread.run(Thread.java:748)
Created at:
	io.netty.buffer.SimpleLeakAwareByteBuf.unwrappedDerived(SimpleLeakAwareByteBuf.java:143)
	io.netty.buffer.SimpleLeakAwareByteBuf.readRetainedSlice(SimpleLeakAwareByteBuf.java:67)
	io.netty.buffer.AdvancedLeakAwareByteBuf.readRetainedSlice(AdvancedLeakAwareByteBuf.java:107)
	io.netty.handler.codec.http.HttpObjectDecoder.decode(HttpObjectDecoder.java:336)
	io.netty.handler.codec.http.HttpServerCodec$HttpServerRequestDecoder.decode(HttpServerCodec.java:103)
	io.netty.handler.codec.ByteToMessageDecoder.decodeRemovalReentryProtection(ByteToMessageDecoder.java:502)
	io.netty.handler.codec.ByteToMessageDecoder.callDecode(ByteToMessageDecoder.java:441)
	io.netty.handler.codec.ByteToMessageDecoder.channelRead(ByteToMessageDecoder.java:278)
	io.netty.channel.CombinedChannelDuplexHandler.channelRead(CombinedChannelDuplexHandler.java:253)
	io.netty.channel.AbstractChannelHandlerContext.invokeChannelRead(AbstractChannelHandlerContext.java:374)
	io.netty.channel.AbstractChannelHandlerContext.invokeChannelRead(AbstractChannelHandlerContext.java:360)
	io.netty.channel.AbstractChannelHandlerContext.fireChannelRead(AbstractChannelHandlerContext.java:352)
	io.netty.channel.DefaultChannelPipeline$HeadContext.channelRead(DefaultChannelPipeline.java:1408)
	io.netty.channel.AbstractChannelHandlerContext.invokeChannelRead(AbstractChannelHandlerContext.java:374)
	io.netty.channel.AbstractChannelHandlerContext.invokeChannelRead(AbstractChannelHandlerContext.java:360)
	io.netty.channel.DefaultChannelPipeline.fireChannelRead(DefaultChannelPipeline.java:930)
	io.netty.channel.nio.AbstractNioByteChannel$NioByteUnsafe.read(AbstractNioByteChannel.java:163)
	io.netty.channel.nio.NioEventLoop.processSelectedKey(NioEventLoop.java:682)
	io.netty.channel.nio.NioEventLoop.processSelectedKeysOptimized(NioEventLoop.java:617)
	io.netty.channel.nio.NioEventLoop.processSelectedKeys(NioEventLoop.java:534)
	io.netty.channel.nio.NioEventLoop.run(NioEventLoop.java:496)
	io.netty.util.concurrent.SingleThreadEventExecutor$5.run(SingleThreadEventExecutor.java:906)
	io.netty.util.internal.ThreadExecutorMap$2.run(ThreadExecutorMap.java:74)
	io.netty.util.concurrent.FastThreadLocalRunnable.run(FastThreadLocalRunnable.java:30)
	java.lang.Thread.run(Thread.java:748)
: 9 leak records were discarded because they were duplicates
: 3626 leak records were discarded because the leak record count is targeted to 4. Use system property io.netty.leakDetection.targetRecords to increase the limit.
22:42:57.861 [reactor-http-nio-6] ERROR i.n.u.ResourceLeakDetector - LEAK: ByteBuf.release() was not called before it's garbage-collected. See http://netty.io/wiki/reference-counted-objects.html for more information.
Recent access records: 
#1:
	io.netty.buffer.AdvancedLeakAwareByteBuf.order(AdvancedLeakAwareByteBuf.java:70)
	io.netty.buffer.CompositeByteBuf.newComponent(CompositeByteBuf.java:318)
	io.netty.buffer.CompositeByteBuf.addComponent0(CompositeByteBuf.java:280)
	io.netty.buffer.CompositeByteBuf.addComponent(CompositeByteBuf.java:265)
	io.netty.buffer.CompositeByteBuf.addComponent(CompositeByteBuf.java:222)
	io.netty.buffer.WrappedCompositeByteBuf.addComponent(WrappedCompositeByteBuf.java:529)
	io.netty.buffer.AdvancedLeakAwareCompositeByteBuf.addComponent(AdvancedLeakAwareCompositeByteBuf.java:921)
	org.springframework.core.io.buffer.NettyDataBufferFactory.join(NettyDataBufferFactory.java:111)
	org.springframework.core.io.buffer.DataBufferUtils.joinAndStrip(DataBufferUtils.java:686)
	org.springframework.core.io.buffer.DataBufferUtils.lambda$split$20(DataBufferUtils.java:605)
	reactor.core.publisher.FluxMap$MapConditionalSubscriber.onNext(FluxMap.java:199)
	reactor.core.publisher.FluxBufferPredicate$BufferPredicateSubscriber.emit(FluxBufferPredicate.java:290)
	reactor.core.publisher.FluxBufferPredicate$BufferPredicateSubscriber.onNextNewBuffer(FluxBufferPredicate.java:257)
	reactor.core.publisher.FluxBufferPredicate$BufferPredicateSubscriber.tryOnNext(FluxBufferPredicate.java:211)
	reactor.core.publisher.FluxBufferPredicate$BufferPredicateSubscriber.onNext(FluxBufferPredicate.java:184)
	reactor.core.publisher.FluxFlatMap$FlatMapMain.drainLoop(FluxFlatMap.java:664)
	reactor.core.publisher.FluxFlatMap$FlatMapMain.drain(FluxFlatMap.java:540)
	reactor.core.publisher.FluxFlatMap$FlatMapInner.onSubscribe(FluxFlatMap.java:924)
	reactor.core.publisher.FluxIterable.subscribe(FluxIterable.java:139)
	reactor.core.publisher.FluxIterable.subscribe(FluxIterable.java:63)
	reactor.core.publisher.Flux.subscribe(Flux.java:7922)
	reactor.core.publisher.FluxFlatMap$FlatMapMain.onNext(FluxFlatMap.java:389)
	reactor.core.publisher.FluxConcatMap$ConcatMapImmediate.innerNext(FluxConcatMap.java:275)
	reactor.core.publisher.FluxConcatMap$ConcatMapInner.onNext(FluxConcatMap.java:849)
	reactor.core.publisher.FluxConcatMap$WeakScalarSubscription.request(FluxConcatMap.java:470)
	reactor.core.publisher.Operators$MultiSubscriptionSubscriber.set(Operators.java:1939)
	reactor.core.publisher.FluxConcatMap$ConcatMapImmediate.drain(FluxConcatMap.java:436)
	reactor.core.publisher.FluxConcatMap$ConcatMapImmediate.onNext(FluxConcatMap.java:244)
	reactor.core.publisher.FluxMap$MapSubscriber.onNext(FluxMap.java:114)
	reactor.core.publisher.FluxPeek$PeekSubscriber.onNext(FluxPeek.java:192)
	reactor.core.publisher.FluxMap$MapSubscriber.onNext(FluxMap.java:114)
	reactor.netty.channel.FluxReceive.drainReceiver(FluxReceive.java:206)
	reactor.netty.channel.FluxReceive.onInboundNext(FluxReceive.java:322)
	reactor.netty.channel.ChannelOperations.onInboundNext(ChannelOperations.java:335)
	reactor.netty.http.server.HttpServerOperations.onInboundNext(HttpServerOperations.java:456)
	reactor.netty.channel.ChannelOperationsHandler.channelRead(ChannelOperationsHandler.java:91)
	io.netty.channel.AbstractChannelHandlerContext.invokeChannelRead(AbstractChannelHandlerContext.java:374)
	io.netty.channel.AbstractChannelHandlerContext.invokeChannelRead(AbstractChannelHandlerContext.java:360)
	io.netty.channel.AbstractChannelHandlerContext.fireChannelRead(AbstractChannelHandlerContext.java:352)
	reactor.netty.http.server.HttpTrafficHandler.channelRead(HttpTrafficHandler.java:190)
	io.netty.channel.AbstractChannelHandlerContext.invokeChannelRead(AbstractChannelHandlerContext.java:374)
	io.netty.channel.AbstractChannelHandlerContext.invokeChannelRead(AbstractChannelHandlerContext.java:360)
	io.netty.channel.AbstractChannelHandlerContext.fireChannelRead(AbstractChannelHandlerContext.java:352)
	io.netty.channel.CombinedChannelDuplexHandler$DelegatingChannelHandlerContext.fireChannelRead(CombinedChannelDuplexHandler.java:438)
	io.netty.handler.codec.ByteToMessageDecoder.fireChannelRead(ByteToMessageDecoder.java:323)
	io.netty.handler.codec.ByteToMessageDecoder.fireChannelRead(ByteToMessageDecoder.java:310)
	io.netty.handler.codec.ByteToMessageDecoder.callDecode(ByteToMessageDecoder.java:426)
	io.netty.handler.codec.ByteToMessageDecoder.channelRead(ByteToMessageDecoder.java:278)
	io.netty.channel.CombinedChannelDuplexHandler.channelRead(CombinedChannelDuplexHandler.java:253)
	io.netty.channel.AbstractChannelHandlerContext.invokeChannelRead(AbstractChannelHandlerContext.java:374)
	io.netty.channel.AbstractChannelHandlerContext.invokeChannelRead(AbstractChannelHandlerContext.java:360)
	io.netty.channel.AbstractChannelHandlerContext.fireChannelRead(AbstractChannelHandlerContext.java:352)
	io.netty.channel.DefaultChannelPipeline$HeadContext.channelRead(DefaultChannelPipeline.java:1408)
	io.netty.channel.AbstractChannelHandlerContext.invokeChannelRead(AbstractChannelHandlerContext.java:374)
	io.netty.channel.AbstractChannelHandlerContext.invokeChannelRead(AbstractChannelHandlerContext.java:360)
	io.netty.channel.DefaultChannelPipeline.fireChannelRead(DefaultChannelPipeline.java:930)
	io.netty.channel.nio.AbstractNioByteChannel$NioByteUnsafe.read(AbstractNioByteChannel.java:163)
	io.netty.channel.nio.NioEventLoop.processSelectedKey(NioEventLoop.java:682)
	io.netty.channel.nio.NioEventLoop.processSelectedKeysOptimized(NioEventLoop.java:617)
	io.netty.channel.nio.NioEventLoop.processSelectedKeys(NioEventLoop.java:534)
	io.netty.channel.nio.NioEventLoop.run(NioEventLoop.java:496)
	io.netty.util.concurrent.SingleThreadEventExecutor$5.run(SingleThreadEventExecutor.java:906)
	io.netty.util.internal.ThreadExecutorMap$2.run(ThreadExecutorMap.java:74)
	io.netty.util.concurrent.FastThreadLocalRunnable.run(FastThreadLocalRunnable.java:30)
	java.lang.Thread.run(Thread.java:748)
#2:
	io.netty.buffer.AdvancedLeakAwareByteBuf.getByte(AdvancedLeakAwareByteBuf.java:154)
	org.springframework.core.io.buffer.NettyDataBuffer.getByte(NettyDataBuffer.java:132)
	org.springframework.core.io.buffer.DataBufferUtils$KnuthMorrisPrattMatcher.match(DataBufferUtils.java:1005)
	org.springframework.core.io.buffer.DataBufferUtils.endFrameAfterDelimiter(DataBufferUtils.java:634)
	org.springframework.core.io.buffer.DataBufferUtils.lambda$split$18(DataBufferUtils.java:603)
	reactor.core.publisher.FluxFlatMap$FlatMapMain.onNext(FluxFlatMap.java:350)
	reactor.core.publisher.FluxConcatMap$ConcatMapImmediate.innerNext(FluxConcatMap.java:275)
	reactor.core.publisher.FluxConcatMap$ConcatMapInner.onNext(FluxConcatMap.java:849)
	reactor.core.publisher.FluxConcatMap$WeakScalarSubscription.request(FluxConcatMap.java:470)
	reactor.core.publisher.Operators$MultiSubscriptionSubscriber.set(Operators.java:1939)
	reactor.core.publisher.FluxConcatMap$ConcatMapImmediate.drain(FluxConcatMap.java:436)
	reactor.core.publisher.FluxConcatMap$ConcatMapImmediate.onNext(FluxConcatMap.java:244)
	reactor.core.publisher.FluxMap$MapSubscriber.onNext(FluxMap.java:114)
	reactor.core.publisher.FluxPeek$PeekSubscriber.onNext(FluxPeek.java:192)
	reactor.core.publisher.FluxMap$MapSubscriber.onNext(FluxMap.java:114)
	reactor.netty.channel.FluxReceive.drainReceiver(FluxReceive.java:206)
	reactor.netty.channel.FluxReceive.onInboundNext(FluxReceive.java:322)
	reactor.netty.channel.ChannelOperations.onInboundNext(ChannelOperations.java:335)
	reactor.netty.http.server.HttpServerOperations.onInboundNext(HttpServerOperations.java:456)
	reactor.netty.channel.ChannelOperationsHandler.channelRead(ChannelOperationsHandler.java:91)
	io.netty.channel.AbstractChannelHandlerContext.invokeChannelRead(AbstractChannelHandlerContext.java:374)
	io.netty.channel.AbstractChannelHandlerContext.invokeChannelRead(AbstractChannelHandlerContext.java:360)
	io.netty.channel.AbstractChannelHandlerContext.fireChannelRead(AbstractChannelHandlerContext.java:352)
	reactor.netty.http.server.HttpTrafficHandler.channelRead(HttpTrafficHandler.java:190)
	io.netty.channel.AbstractChannelHandlerContext.invokeChannelRead(AbstractChannelHandlerContext.java:374)
	io.netty.channel.AbstractChannelHandlerContext.invokeChannelRead(AbstractChannelHandlerContext.java:360)
	io.netty.channel.AbstractChannelHandlerContext.fireChannelRead(AbstractChannelHandlerContext.java:352)
	io.netty.channel.CombinedChannelDuplexHandler$DelegatingChannelHandlerContext.fireChannelRead(CombinedChannelDuplexHandler.java:438)
	io.netty.handler.codec.ByteToMessageDecoder.fireChannelRead(ByteToMessageDecoder.java:323)
	io.netty.handler.codec.ByteToMessageDecoder.fireChannelRead(ByteToMessageDecoder.java:310)
	io.netty.handler.codec.ByteToMessageDecoder.callDecode(ByteToMessageDecoder.java:426)
	io.netty.handler.codec.ByteToMessageDecoder.channelRead(ByteToMessageDecoder.java:278)
	io.netty.channel.CombinedChannelDuplexHandler.channelRead(CombinedChannelDuplexHandler.java:253)
	io.netty.channel.AbstractChannelHandlerContext.invokeChannelRead(AbstractChannelHandlerContext.java:374)
	io.netty.channel.AbstractChannelHandlerContext.invokeChannelRead(AbstractChannelHandlerContext.java:360)
	io.netty.channel.AbstractChannelHandlerContext.fireChannelRead(AbstractChannelHandlerContext.java:352)
	io.netty.channel.DefaultChannelPipeline$HeadContext.channelRead(DefaultChannelPipeline.java:1408)
	io.netty.channel.AbstractChannelHandlerContext.invokeChannelRead(AbstractChannelHandlerContext.java:374)
	io.netty.channel.AbstractChannelHandlerContext.invokeChannelRead(AbstractChannelHandlerContext.java:360)
	io.netty.channel.DefaultChannelPipeline.fireChannelRead(DefaultChannelPipeline.java:930)
	io.netty.channel.nio.AbstractNioByteChannel$NioByteUnsafe.read(AbstractNioByteChannel.java:163)
	io.netty.channel.nio.NioEventLoop.processSelectedKey(NioEventLoop.java:682)
	io.netty.channel.nio.NioEventLoop.processSelectedKeysOptimized(NioEventLoop.java:617)
	io.netty.channel.nio.NioEventLoop.processSelectedKeys(NioEventLoop.java:534)
	io.netty.channel.nio.NioEventLoop.run(NioEventLoop.java:496)
	io.netty.util.concurrent.SingleThreadEventExecutor$5.run(SingleThreadEventExecutor.java:906)
	io.netty.util.internal.ThreadExecutorMap$2.run(ThreadExecutorMap.java:74)
	io.netty.util.concurrent.FastThreadLocalRunnable.run(FastThreadLocalRunnable.java:30)
	java.lang.Thread.run(Thread.java:748)
#3:
	org.springframework.core.io.buffer.NettyDataBufferFactory.wrap(NettyDataBufferFactory.java:93)
	reactor.core.publisher.FluxMap$MapSubscriber.onNext(FluxMap.java:100)
	reactor.core.publisher.FluxPeek$PeekSubscriber.onNext(FluxPeek.java:192)
	reactor.core.publisher.FluxMap$MapSubscriber.onNext(FluxMap.java:114)
	reactor.netty.channel.FluxReceive.drainReceiver(FluxReceive.java:206)
	reactor.netty.channel.FluxReceive.onInboundNext(FluxReceive.java:322)
	reactor.netty.channel.ChannelOperations.onInboundNext(ChannelOperations.java:335)
	reactor.netty.http.server.HttpServerOperations.onInboundNext(HttpServerOperations.java:456)
	reactor.netty.channel.ChannelOperationsHandler.channelRead(ChannelOperationsHandler.java:91)
	io.netty.channel.AbstractChannelHandlerContext.invokeChannelRead(AbstractChannelHandlerContext.java:374)
	io.netty.channel.AbstractChannelHandlerContext.invokeChannelRead(AbstractChannelHandlerContext.java:360)
	io.netty.channel.AbstractChannelHandlerContext.fireChannelRead(AbstractChannelHandlerContext.java:352)
	reactor.netty.http.server.HttpTrafficHandler.channelRead(HttpTrafficHandler.java:190)
	io.netty.channel.AbstractChannelHandlerContext.invokeChannelRead(AbstractChannelHandlerContext.java:374)
	io.netty.channel.AbstractChannelHandlerContext.invokeChannelRead(AbstractChannelHandlerContext.java:360)
	io.netty.channel.AbstractChannelHandlerContext.fireChannelRead(AbstractChannelHandlerContext.java:352)
	io.netty.channel.CombinedChannelDuplexHandler$DelegatingChannelHandlerContext.fireChannelRead(CombinedChannelDuplexHandler.java:438)
	io.netty.handler.codec.ByteToMessageDecoder.fireChannelRead(ByteToMessageDecoder.java:323)
	io.netty.handler.codec.ByteToMessageDecoder.fireChannelRead(ByteToMessageDecoder.java:310)
	io.netty.handler.codec.ByteToMessageDecoder.callDecode(ByteToMessageDecoder.java:426)
	io.netty.handler.codec.ByteToMessageDecoder.channelRead(ByteToMessageDecoder.java:278)
	io.netty.channel.CombinedChannelDuplexHandler.channelRead(CombinedChannelDuplexHandler.java:253)
	io.netty.channel.AbstractChannelHandlerContext.invokeChannelRead(AbstractChannelHandlerContext.java:374)
	io.netty.channel.AbstractChannelHandlerContext.invokeChannelRead(AbstractChannelHandlerContext.java:360)
	io.netty.channel.AbstractChannelHandlerContext.fireChannelRead(AbstractChannelHandlerContext.java:352)
	io.netty.channel.DefaultChannelPipeline$HeadContext.channelRead(DefaultChannelPipeline.java:1408)
	io.netty.channel.AbstractChannelHandlerContext.invokeChannelRead(AbstractChannelHandlerContext.java:374)
	io.netty.channel.AbstractChannelHandlerContext.invokeChannelRead(AbstractChannelHandlerContext.java:360)
	io.netty.channel.DefaultChannelPipeline.fireChannelRead(DefaultChannelPipeline.java:930)
	io.netty.channel.nio.AbstractNioByteChannel$NioByteUnsafe.read(AbstractNioByteChannel.java:163)
	io.netty.channel.nio.NioEventLoop.processSelectedKey(NioEventLoop.java:682)
	io.netty.channel.nio.NioEventLoop.processSelectedKeysOptimized(NioEventLoop.java:617)
	io.netty.channel.nio.NioEventLoop.processSelectedKeys(NioEventLoop.java:534)
	io.netty.channel.nio.NioEventLoop.run(NioEventLoop.java:496)
	io.netty.util.concurrent.SingleThreadEventExecutor$5.run(SingleThreadEventExecutor.java:906)
	io.netty.util.internal.ThreadExecutorMap$2.run(ThreadExecutorMap.java:74)
	io.netty.util.concurrent.FastThreadLocalRunnable.run(FastThreadLocalRunnable.java:30)
	java.lang.Thread.run(Thread.java:748)
#4:
	reactor.core.publisher.FluxPeek$PeekSubscriber.onNext(FluxPeek.java:177)
	reactor.core.publisher.FluxMap$MapSubscriber.onNext(FluxMap.java:114)
	reactor.netty.channel.FluxReceive.drainReceiver(FluxReceive.java:206)
	reactor.netty.channel.FluxReceive.onInboundNext(FluxReceive.java:322)
	reactor.netty.channel.ChannelOperations.onInboundNext(ChannelOperations.java:335)
	reactor.netty.http.server.HttpServerOperations.onInboundNext(HttpServerOperations.java:456)
	reactor.netty.channel.ChannelOperationsHandler.channelRead(ChannelOperationsHandler.java:91)
	io.netty.channel.AbstractChannelHandlerContext.invokeChannelRead(AbstractChannelHandlerContext.java:374)
	io.netty.channel.AbstractChannelHandlerContext.invokeChannelRead(AbstractChannelHandlerContext.java:360)
	io.netty.channel.AbstractChannelHandlerContext.fireChannelRead(AbstractChannelHandlerContext.java:352)
	reactor.netty.http.server.HttpTrafficHandler.channelRead(HttpTrafficHandler.java:190)
	io.netty.channel.AbstractChannelHandlerContext.invokeChannelRead(AbstractChannelHandlerContext.java:374)
	io.netty.channel.AbstractChannelHandlerContext.invokeChannelRead(AbstractChannelHandlerContext.java:360)
	io.netty.channel.AbstractChannelHandlerContext.fireChannelRead(AbstractChannelHandlerContext.java:352)
	io.netty.channel.CombinedChannelDuplexHandler$DelegatingChannelHandlerContext.fireChannelRead(CombinedChannelDuplexHandler.java:438)
	io.netty.handler.codec.ByteToMessageDecoder.fireChannelRead(ByteToMessageDecoder.java:323)
	io.netty.handler.codec.ByteToMessageDecoder.fireChannelRead(ByteToMessageDecoder.java:310)
	io.netty.handler.codec.ByteToMessageDecoder.callDecode(ByteToMessageDecoder.java:426)
	io.netty.handler.codec.ByteToMessageDecoder.channelRead(ByteToMessageDecoder.java:278)
	io.netty.channel.CombinedChannelDuplexHandler.channelRead(CombinedChannelDuplexHandler.java:253)
	io.netty.channel.AbstractChannelHandlerContext.invokeChannelRead(AbstractChannelHandlerContext.java:374)
	io.netty.channel.AbstractChannelHandlerContext.invokeChannelRead(AbstractChannelHandlerContext.java:360)
	io.netty.channel.AbstractChannelHandlerContext.fireChannelRead(AbstractChannelHandlerContext.java:352)
	io.netty.channel.DefaultChannelPipeline$HeadContext.channelRead(DefaultChannelPipeline.java:1408)
	io.netty.channel.AbstractChannelHandlerContext.invokeChannelRead(AbstractChannelHandlerContext.java:374)
	io.netty.channel.AbstractChannelHandlerContext.invokeChannelRead(AbstractChannelHandlerContext.java:360)
	io.netty.channel.DefaultChannelPipeline.fireChannelRead(DefaultChannelPipeline.java:930)
	io.netty.channel.nio.AbstractNioByteChannel$NioByteUnsafe.read(AbstractNioByteChannel.java:163)
	io.netty.channel.nio.NioEventLoop.processSelectedKey(NioEventLoop.java:682)
	io.netty.channel.nio.NioEventLoop.processSelectedKeysOptimized(NioEventLoop.java:617)
	io.netty.channel.nio.NioEventLoop.processSelectedKeys(NioEventLoop.java:534)
	io.netty.channel.nio.NioEventLoop.run(NioEventLoop.java:496)
	io.netty.util.concurrent.SingleThreadEventExecutor$5.run(SingleThreadEventExecutor.java:906)
	io.netty.util.internal.ThreadExecutorMap$2.run(ThreadExecutorMap.java:74)
	io.netty.util.concurrent.FastThreadLocalRunnable.run(FastThreadLocalRunnable.java:30)
	java.lang.Thread.run(Thread.java:748)
#5:
	Hint: 'reactor.right.reactiveBridge' will handle the message from this point.
	io.netty.handler.codec.http.DefaultHttpContent.touch(DefaultHttpContent.java:88)
	io.netty.handler.codec.http.DefaultHttpContent.touch(DefaultHttpContent.java:24)
	io.netty.channel.DefaultChannelPipeline.touch(DefaultChannelPipeline.java:116)
	io.netty.channel.AbstractChannelHandlerContext.invokeChannelRead(AbstractChannelHandlerContext.java:357)
	io.netty.channel.AbstractChannelHandlerContext.fireChannelRead(AbstractChannelHandlerContext.java:352)
	reactor.netty.http.server.HttpTrafficHandler.channelRead(HttpTrafficHandler.java:190)
	io.netty.channel.AbstractChannelHandlerContext.invokeChannelRead(AbstractChannelHandlerContext.java:374)
	io.netty.channel.AbstractChannelHandlerContext.invokeChannelRead(AbstractChannelHandlerContext.java:360)
	io.netty.channel.AbstractChannelHandlerContext.fireChannelRead(AbstractChannelHandlerContext.java:352)
	io.netty.channel.CombinedChannelDuplexHandler$DelegatingChannelHandlerContext.fireChannelRead(CombinedChannelDuplexHandler.java:438)
	io.netty.handler.codec.ByteToMessageDecoder.fireChannelRead(ByteToMessageDecoder.java:323)
	io.netty.handler.codec.ByteToMessageDecoder.fireChannelRead(ByteToMessageDecoder.java:310)
	io.netty.handler.codec.ByteToMessageDecoder.callDecode(ByteToMessageDecoder.java:426)
	io.netty.handler.codec.ByteToMessageDecoder.channelRead(ByteToMessageDecoder.java:278)
	io.netty.channel.CombinedChannelDuplexHandler.channelRead(CombinedChannelDuplexHandler.java:253)
	io.netty.channel.AbstractChannelHandlerContext.invokeChannelRead(AbstractChannelHandlerContext.java:374)
	io.netty.channel.AbstractChannelHandlerContext.invokeChannelRead(AbstractChannelHandlerContext.java:360)
	io.netty.channel.AbstractChannelHandlerContext.fireChannelRead(AbstractChannelHandlerContext.java:352)
	io.netty.channel.DefaultChannelPipeline$HeadContext.channelRead(DefaultChannelPipeline.java:1408)
	io.netty.channel.AbstractChannelHandlerContext.invokeChannelRead(AbstractChannelHandlerContext.java:374)
	io.netty.channel.AbstractChannelHandlerContext.invokeChannelRead(AbstractChannelHandlerContext.java:360)
	io.netty.channel.DefaultChannelPipeline.fireChannelRead(DefaultChannelPipeline.java:930)
	io.netty.channel.nio.AbstractNioByteChannel$NioByteUnsafe.read(AbstractNioByteChannel.java:163)
	io.netty.channel.nio.NioEventLoop.processSelectedKey(NioEventLoop.java:682)
	io.netty.channel.nio.NioEventLoop.processSelectedKeysOptimized(NioEventLoop.java:617)
	io.netty.channel.nio.NioEventLoop.processSelectedKeys(NioEventLoop.java:534)
	io.netty.channel.nio.NioEventLoop.run(NioEventLoop.java:496)
	io.netty.util.concurrent.SingleThreadEventExecutor$5.run(SingleThreadEventExecutor.java:906)
	io.netty.util.internal.ThreadExecutorMap$2.run(ThreadExecutorMap.java:74)
	io.netty.util.concurrent.FastThreadLocalRunnable.run(FastThreadLocalRunnable.java:30)
	java.lang.Thread.run(Thread.java:748)
#6:
	Hint: 'reactor.left.httpTrafficHandler' will handle the message from this point.
	io.netty.handler.codec.http.DefaultHttpContent.touch(DefaultHttpContent.java:88)
	io.netty.handler.codec.http.DefaultHttpContent.touch(DefaultHttpContent.java:24)
	io.netty.channel.DefaultChannelPipeline.touch(DefaultChannelPipeline.java:116)
	io.netty.channel.AbstractChannelHandlerContext.invokeChannelRead(AbstractChannelHandlerContext.java:357)
	io.netty.channel.AbstractChannelHandlerContext.fireChannelRead(AbstractChannelHandlerContext.java:352)
	io.netty.channel.CombinedChannelDuplexHandler$DelegatingChannelHandlerContext.fireChannelRead(CombinedChannelDuplexHandler.java:438)
	io.netty.handler.codec.ByteToMessageDecoder.fireChannelRead(ByteToMessageDecoder.java:323)
	io.netty.handler.codec.ByteToMessageDecoder.fireChannelRead(ByteToMessageDecoder.java:310)
	io.netty.handler.codec.ByteToMessageDecoder.callDecode(ByteToMessageDecoder.java:426)
	io.netty.handler.codec.ByteToMessageDecoder.channelRead(ByteToMessageDecoder.java:278)
	io.netty.channel.CombinedChannelDuplexHandler.channelRead(CombinedChannelDuplexHandler.java:253)
	io.netty.channel.AbstractChannelHandlerContext.invokeChannelRead(AbstractChannelHandlerContext.java:374)
	io.netty.channel.AbstractChannelHandlerContext.invokeChannelRead(AbstractChannelHandlerContext.java:360)
	io.netty.channel.AbstractChannelHandlerContext.fireChannelRead(AbstractChannelHandlerContext.java:352)
	io.netty.channel.DefaultChannelPipeline$HeadContext.channelRead(DefaultChannelPipeline.java:1408)
	io.netty.channel.AbstractChannelHandlerContext.invokeChannelRead(AbstractChannelHandlerContext.java:374)
	io.netty.channel.AbstractChannelHandlerContext.invokeChannelRead(AbstractChannelHandlerContext.java:360)
	io.netty.channel.DefaultChannelPipeline.fireChannelRead(DefaultChannelPipeline.java:930)
	io.netty.channel.nio.AbstractNioByteChannel$NioByteUnsafe.read(AbstractNioByteChannel.java:163)
	io.netty.channel.nio.NioEventLoop.processSelectedKey(NioEventLoop.java:682)
	io.netty.channel.nio.NioEventLoop.processSelectedKeysOptimized(NioEventLoop.java:617)
	io.netty.channel.nio.NioEventLoop.processSelectedKeys(NioEventLoop.java:534)
	io.netty.channel.nio.NioEventLoop.run(NioEventLoop.java:496)
	io.netty.util.concurrent.SingleThreadEventExecutor$5.run(SingleThreadEventExecutor.java:906)
	io.netty.util.internal.ThreadExecutorMap$2.run(ThreadExecutorMap.java:74)
	io.netty.util.concurrent.FastThreadLocalRunnable.run(FastThreadLocalRunnable.java:30)
	java.lang.Thread.run(Thread.java:748)
Created at:
	io.netty.buffer.SimpleLeakAwareByteBuf.unwrappedDerived(SimpleLeakAwareByteBuf.java:143)
	io.netty.buffer.SimpleLeakAwareByteBuf.readRetainedSlice(SimpleLeakAwareByteBuf.java:67)
	io.netty.buffer.AdvancedLeakAwareByteBuf.readRetainedSlice(AdvancedLeakAwareByteBuf.java:107)
	io.netty.handler.codec.http.HttpObjectDecoder.decode(HttpObjectDecoder.java:336)
	io.netty.handler.codec.http.HttpServerCodec$HttpServerRequestDecoder.decode(HttpServerCodec.java:103)
	io.netty.handler.codec.ByteToMessageDecoder.decodeRemovalReentryProtection(ByteToMessageDecoder.java:502)
	io.netty.handler.codec.ByteToMessageDecoder.callDecode(ByteToMessageDecoder.java:441)
	io.netty.handler.codec.ByteToMessageDecoder.channelRead(ByteToMessageDecoder.java:278)
	io.netty.channel.CombinedChannelDuplexHandler.channelRead(CombinedChannelDuplexHandler.java:253)
	io.netty.channel.AbstractChannelHandlerContext.invokeChannelRead(AbstractChannelHandlerContext.java:374)
	io.netty.channel.AbstractChannelHandlerContext.invokeChannelRead(AbstractChannelHandlerContext.java:360)
	io.netty.channel.AbstractChannelHandlerContext.fireChannelRead(AbstractChannelHandlerContext.java:352)
	io.netty.channel.DefaultChannelPipeline$HeadContext.channelRead(DefaultChannelPipeline.java:1408)
	io.netty.channel.AbstractChannelHandlerContext.invokeChannelRead(AbstractChannelHandlerContext.java:374)
	io.netty.channel.AbstractChannelHandlerContext.invokeChannelRead(AbstractChannelHandlerContext.java:360)
	io.netty.channel.DefaultChannelPipeline.fireChannelRead(DefaultChannelPipeline.java:930)
	io.netty.channel.nio.AbstractNioByteChannel$NioByteUnsafe.read(AbstractNioByteChannel.java:163)
	io.netty.channel.nio.NioEventLoop.processSelectedKey(NioEventLoop.java:682)
	io.netty.channel.nio.NioEventLoop.processSelectedKeysOptimized(NioEventLoop.java:617)
	io.netty.channel.nio.NioEventLoop.processSelectedKeys(NioEventLoop.java:534)
	io.netty.channel.nio.NioEventLoop.run(NioEventLoop.java:496)
	io.netty.util.concurrent.SingleThreadEventExecutor$5.run(SingleThreadEventExecutor.java:906)
	io.netty.util.internal.ThreadExecutorMap$2.run(ThreadExecutorMap.java:74)
	io.netty.util.concurrent.FastThreadLocalRunnable.run(FastThreadLocalRunnable.java:30)
	java.lang.Thread.run(Thread.java:748)
: 9 leak records were discarded because they were duplicates
: 3657 leak records were discarded because the leak record count is targeted to 4. Use system property io.netty.leakDetection.targetRecords to increase the limit.
22:42:57.863 [reactor-http-nio-6] ERROR i.n.u.ResourceLeakDetector - LEAK: ByteBuf.release() was not called before it's garbage-collected. See http://netty.io/wiki/reference-counted-objects.html for more information.
Recent access records: 
#1:
	io.netty.buffer.AdvancedLeakAwareByteBuf.getBytes(AdvancedLeakAwareByteBuf.java:250)
	io.netty.buffer.CompositeByteBuf.getBytes(CompositeByteBuf.java:1029)
	io.netty.buffer.CompositeByteBuf.getBytes(CompositeByteBuf.java:48)
	io.netty.buffer.AbstractUnpooledSlicedByteBuf.getBytes(AbstractUnpooledSlicedByteBuf.java:243)
	io.netty.buffer.AbstractByteBuf.readBytes(AbstractByteBuf.java:889)
	io.netty.buffer.AbstractByteBuf.readBytes(AbstractByteBuf.java:896)
	io.netty.buffer.WrappedByteBuf.readBytes(WrappedByteBuf.java:649)
	io.netty.buffer.AdvancedLeakAwareByteBuf.readBytes(AdvancedLeakAwareByteBuf.java:497)
	org.springframework.core.io.buffer.NettyDataBuffer.read(NettyDataBuffer.java:159)
	org.springframework.core.io.buffer.NettyDataBuffer.read(NettyDataBuffer.java:43)
	org.springframework.http.codec.multipart.DefaultMultipartMessageReader.toHeaders(DefaultMultipartMessageReader.java:229)
	org.springframework.http.codec.multipart.DefaultMultipartMessageReader.toPart(DefaultMultipartMessageReader.java:197)
	reactor.core.publisher.FluxMap$MapConditionalSubscriber.onNext(FluxMap.java:199)
	reactor.core.publisher.FluxTakeWhile$TakeWhileSubscriber.onNext(FluxTakeWhile.java:94)
	reactor.core.publisher.FluxContextStart$ContextStartSubscriber.onNext(FluxContextStart.java:103)
	reactor.core.publisher.FluxMap$MapConditionalSubscriber.onNext(FluxMap.java:213)
	reactor.core.publisher.FluxBufferPredicate$BufferPredicateSubscriber.emit(FluxBufferPredicate.java:290)
	reactor.core.publisher.FluxBufferPredicate$BufferPredicateSubscriber.onNextNewBuffer(FluxBufferPredicate.java:257)
	reactor.core.publisher.FluxBufferPredicate$BufferPredicateSubscriber.tryOnNext(FluxBufferPredicate.java:211)
	reactor.core.publisher.FluxBufferPredicate$BufferPredicateSubscriber.onNext(FluxBufferPredicate.java:184)
	reactor.core.publisher.FluxFlatMap$FlatMapMain.drainLoop(FluxFlatMap.java:664)
	reactor.core.publisher.FluxFlatMap$FlatMapMain.drain(FluxFlatMap.java:540)
	reactor.core.publisher.FluxFlatMap$FlatMapInner.onSubscribe(FluxFlatMap.java:924)
	reactor.core.publisher.FluxIterable.subscribe(FluxIterable.java:139)
	reactor.core.publisher.FluxIterable.subscribe(FluxIterable.java:63)
	reactor.core.publisher.Flux.subscribe(Flux.java:7922)
	reactor.core.publisher.FluxFlatMap$FlatMapMain.onNext(FluxFlatMap.java:389)
	reactor.core.publisher.FluxConcatMap$ConcatMapImmediate.innerNext(FluxConcatMap.java:275)
	reactor.core.publisher.FluxConcatMap$ConcatMapInner.onNext(FluxConcatMap.java:849)
	reactor.core.publisher.FluxConcatMap$WeakScalarSubscription.request(FluxConcatMap.java:470)
	reactor.core.publisher.Operators$MultiSubscriptionSubscriber.set(Operators.java:1939)
	reactor.core.publisher.FluxConcatMap$ConcatMapImmediate.drain(FluxConcatMap.java:436)
	reactor.core.publisher.FluxConcatMap$ConcatMapImmediate.onNext(FluxConcatMap.java:244)
	reactor.core.publisher.FluxMap$MapSubscriber.onNext(FluxMap.java:114)
	reactor.core.publisher.FluxPeek$PeekSubscriber.onNext(FluxPeek.java:192)
	reactor.core.publisher.FluxMap$MapSubscriber.onNext(FluxMap.java:114)
	reactor.netty.channel.FluxReceive.drainReceiver(FluxReceive.java:206)
	reactor.netty.channel.FluxReceive.onInboundNext(FluxReceive.java:322)
	reactor.netty.channel.ChannelOperations.onInboundNext(ChannelOperations.java:335)
	reactor.netty.http.server.HttpServerOperations.onInboundNext(HttpServerOperations.java:456)
	reactor.netty.channel.ChannelOperationsHandler.channelRead(ChannelOperationsHandler.java:91)
	io.netty.channel.AbstractChannelHandlerContext.invokeChannelRead(AbstractChannelHandlerContext.java:374)
	io.netty.channel.AbstractChannelHandlerContext.invokeChannelRead(AbstractChannelHandlerContext.java:360)
	io.netty.channel.AbstractChannelHandlerContext.fireChannelRead(AbstractChannelHandlerContext.java:352)
	reactor.netty.http.server.HttpTrafficHandler.channelRead(HttpTrafficHandler.java:190)
	io.netty.channel.AbstractChannelHandlerContext.invokeChannelRead(AbstractChannelHandlerContext.java:374)
	io.netty.channel.AbstractChannelHandlerContext.invokeChannelRead(AbstractChannelHandlerContext.java:360)
	io.netty.channel.AbstractChannelHandlerContext.fireChannelRead(AbstractChannelHandlerContext.java:352)
	io.netty.channel.CombinedChannelDuplexHandler$DelegatingChannelHandlerContext.fireChannelRead(CombinedChannelDuplexHandler.java:438)
	io.netty.handler.codec.ByteToMessageDecoder.fireChannelRead(ByteToMessageDecoder.java:323)
	io.netty.handler.codec.ByteToMessageDecoder.fireChannelRead(ByteToMessageDecoder.java:310)
	io.netty.handler.codec.ByteToMessageDecoder.callDecode(ByteToMessageDecoder.java:426)
	io.netty.handler.codec.ByteToMessageDecoder.channelRead(ByteToMessageDecoder.java:278)
	io.netty.channel.CombinedChannelDuplexHandler.channelRead(CombinedChannelDuplexHandler.java:253)
	io.netty.channel.AbstractChannelHandlerContext.invokeChannelRead(AbstractChannelHandlerContext.java:374)
	io.netty.channel.AbstractChannelHandlerContext.invokeChannelRead(AbstractChannelHandlerContext.java:360)
	io.netty.channel.AbstractChannelHandlerContext.fireChannelRead(AbstractChannelHandlerContext.java:352)
	io.netty.channel.DefaultChannelPipeline$HeadContext.channelRead(DefaultChannelPipeline.java:1408)
	io.netty.channel.AbstractChannelHandlerContext.invokeChannelRead(AbstractChannelHandlerContext.java:374)
	io.netty.channel.AbstractChannelHandlerContext.invokeChannelRead(AbstractChannelHandlerContext.java:360)
	io.netty.channel.DefaultChannelPipeline.fireChannelRead(DefaultChannelPipeline.java:930)
	io.netty.channel.nio.AbstractNioByteChannel$NioByteUnsafe.read(AbstractNioByteChannel.java:163)
	io.netty.channel.nio.NioEventLoop.processSelectedKey(NioEventLoop.java:682)
	io.netty.channel.nio.NioEventLoop.processSelectedKeysOptimized(NioEventLoop.java:617)
	io.netty.channel.nio.NioEventLoop.processSelectedKeys(NioEventLoop.java:534)
	io.netty.channel.nio.NioEventLoop.run(NioEventLoop.java:496)
	io.netty.util.concurrent.SingleThreadEventExecutor$5.run(SingleThreadEventExecutor.java:906)
	io.netty.util.internal.ThreadExecutorMap$2.run(ThreadExecutorMap.java:74)
	io.netty.util.concurrent.FastThreadLocalRunnable.run(FastThreadLocalRunnable.java:30)
	java.lang.Thread.run(Thread.java:748)
#2:
	io.netty.buffer.AdvancedLeakAwareByteBuf.order(AdvancedLeakAwareByteBuf.java:70)
	io.netty.buffer.CompositeByteBuf.newComponent(CompositeByteBuf.java:318)
	io.netty.buffer.CompositeByteBuf.addComponent0(CompositeByteBuf.java:280)
	io.netty.buffer.CompositeByteBuf.addComponent(CompositeByteBuf.java:265)
	io.netty.buffer.CompositeByteBuf.addComponent(CompositeByteBuf.java:222)
	io.netty.buffer.WrappedCompositeByteBuf.addComponent(WrappedCompositeByteBuf.java:529)
	io.netty.buffer.AdvancedLeakAwareCompositeByteBuf.addComponent(AdvancedLeakAwareCompositeByteBuf.java:921)
	org.springframework.core.io.buffer.NettyDataBufferFactory.join(NettyDataBufferFactory.java:111)
	org.springframework.core.io.buffer.DataBufferUtils.joinAndStrip(DataBufferUtils.java:686)
	org.springframework.core.io.buffer.DataBufferUtils.lambda$split$20(DataBufferUtils.java:605)
	reactor.core.publisher.FluxMap$MapConditionalSubscriber.onNext(FluxMap.java:199)
	reactor.core.publisher.FluxBufferPredicate$BufferPredicateSubscriber.emit(FluxBufferPredicate.java:290)
	reactor.core.publisher.FluxBufferPredicate$BufferPredicateSubscriber.onNextNewBuffer(FluxBufferPredicate.java:257)
	reactor.core.publisher.FluxBufferPredicate$BufferPredicateSubscriber.tryOnNext(FluxBufferPredicate.java:211)
	reactor.core.publisher.FluxBufferPredicate$BufferPredicateSubscriber.onNext(FluxBufferPredicate.java:184)
	reactor.core.publisher.FluxFlatMap$FlatMapMain.drainLoop(FluxFlatMap.java:664)
	reactor.core.publisher.FluxFlatMap$FlatMapMain.drain(FluxFlatMap.java:540)
	reactor.core.publisher.FluxFlatMap$FlatMapInner.onSubscribe(FluxFlatMap.java:924)
	reactor.core.publisher.FluxIterable.subscribe(FluxIterable.java:139)
	reactor.core.publisher.FluxIterable.subscribe(FluxIterable.java:63)
	reactor.core.publisher.Flux.subscribe(Flux.java:7922)
	reactor.core.publisher.FluxFlatMap$FlatMapMain.onNext(FluxFlatMap.java:389)
	reactor.core.publisher.FluxConcatMap$ConcatMapImmediate.innerNext(FluxConcatMap.java:275)
	reactor.core.publisher.FluxConcatMap$ConcatMapInner.onNext(FluxConcatMap.java:849)
	reactor.core.publisher.FluxConcatMap$WeakScalarSubscription.request(FluxConcatMap.java:470)
	reactor.core.publisher.Operators$MultiSubscriptionSubscriber.set(Operators.java:1939)
	reactor.core.publisher.FluxConcatMap$ConcatMapImmediate.drain(FluxConcatMap.java:436)
	reactor.core.publisher.FluxConcatMap$ConcatMapImmediate.onNext(FluxConcatMap.java:244)
	reactor.core.publisher.FluxMap$MapSubscriber.onNext(FluxMap.java:114)
	reactor.core.publisher.FluxPeek$PeekSubscriber.onNext(FluxPeek.java:192)
	reactor.core.publisher.FluxMap$MapSubscriber.onNext(FluxMap.java:114)
	reactor.netty.channel.FluxReceive.drainReceiver(FluxReceive.java:206)
	reactor.netty.channel.FluxReceive.onInboundNext(FluxReceive.java:322)
	reactor.netty.channel.ChannelOperations.onInboundNext(ChannelOperations.java:335)
	reactor.netty.http.server.HttpServerOperations.onInboundNext(HttpServerOperations.java:456)
	reactor.netty.channel.ChannelOperationsHandler.channelRead(ChannelOperationsHandler.java:91)
	io.netty.channel.AbstractChannelHandlerContext.invokeChannelRead(AbstractChannelHandlerContext.java:374)
	io.netty.channel.AbstractChannelHandlerContext.invokeChannelRead(AbstractChannelHandlerContext.java:360)
	io.netty.channel.AbstractChannelHandlerContext.fireChannelRead(AbstractChannelHandlerContext.java:352)
	reactor.netty.http.server.HttpTrafficHandler.channelRead(HttpTrafficHandler.java:190)
	io.netty.channel.AbstractChannelHandlerContext.invokeChannelRead(AbstractChannelHandlerContext.java:374)
	io.netty.channel.AbstractChannelHandlerContext.invokeChannelRead(AbstractChannelHandlerContext.java:360)
	io.netty.channel.AbstractChannelHandlerContext.fireChannelRead(AbstractChannelHandlerContext.java:352)
	io.netty.channel.CombinedChannelDuplexHandler$DelegatingChannelHandlerContext.fireChannelRead(CombinedChannelDuplexHandler.java:438)
	io.netty.handler.codec.ByteToMessageDecoder.fireChannelRead(ByteToMessageDecoder.java:323)
	io.netty.handler.codec.ByteToMessageDecoder.fireChannelRead(ByteToMessageDecoder.java:310)
	io.netty.handler.codec.ByteToMessageDecoder.callDecode(ByteToMessageDecoder.java:426)
	io.netty.handler.codec.ByteToMessageDecoder.channelRead(ByteToMessageDecoder.java:278)
	io.netty.channel.CombinedChannelDuplexHandler.channelRead(CombinedChannelDuplexHandler.java:253)
	io.netty.channel.AbstractChannelHandlerContext.invokeChannelRead(AbstractChannelHandlerContext.java:374)
	io.netty.channel.AbstractChannelHandlerContext.invokeChannelRead(AbstractChannelHandlerContext.java:360)
	io.netty.channel.AbstractChannelHandlerContext.fireChannelRead(AbstractChannelHandlerContext.java:352)
	io.netty.channel.DefaultChannelPipeline$HeadContext.channelRead(DefaultChannelPipeline.java:1408)
	io.netty.channel.AbstractChannelHandlerContext.invokeChannelRead(AbstractChannelHandlerContext.java:374)
	io.netty.channel.AbstractChannelHandlerContext.invokeChannelRead(AbstractChannelHandlerContext.java:360)
	io.netty.channel.DefaultChannelPipeline.fireChannelRead(DefaultChannelPipeline.java:930)
	io.netty.channel.nio.AbstractNioByteChannel$NioByteUnsafe.read(AbstractNioByteChannel.java:163)
	io.netty.channel.nio.NioEventLoop.processSelectedKey(NioEventLoop.java:682)
	io.netty.channel.nio.NioEventLoop.processSelectedKeysOptimized(NioEventLoop.java:617)
	io.netty.channel.nio.NioEventLoop.processSelectedKeys(NioEventLoop.java:534)
	io.netty.channel.nio.NioEventLoop.run(NioEventLoop.java:496)
	io.netty.util.concurrent.SingleThreadEventExecutor$5.run(SingleThreadEventExecutor.java:906)
	io.netty.util.internal.ThreadExecutorMap$2.run(ThreadExecutorMap.java:74)
	io.netty.util.concurrent.FastThreadLocalRunnable.run(FastThreadLocalRunnable.java:30)
	java.lang.Thread.run(Thread.java:748)
#3:
	io.netty.buffer.AdvancedLeakAwareByteBuf.getByte(AdvancedLeakAwareByteBuf.java:154)
	org.springframework.core.io.buffer.NettyDataBuffer.getByte(NettyDataBuffer.java:132)
	org.springframework.core.io.buffer.DataBufferUtils$KnuthMorrisPrattMatcher.match(DataBufferUtils.java:1005)
	org.springframework.core.io.buffer.DataBufferUtils.endFrameAfterDelimiter(DataBufferUtils.java:634)
	org.springframework.core.io.buffer.DataBufferUtils.lambda$split$18(DataBufferUtils.java:603)
	reactor.core.publisher.FluxFlatMap$FlatMapMain.onNext(FluxFlatMap.java:350)
	reactor.core.publisher.FluxConcatMap$ConcatMapImmediate.innerNext(FluxConcatMap.java:275)
	reactor.core.publisher.FluxConcatMap$ConcatMapInner.onNext(FluxConcatMap.java:849)
	reactor.core.publisher.FluxConcatMap$WeakScalarSubscription.request(FluxConcatMap.java:470)
	reactor.core.publisher.Operators$MultiSubscriptionSubscriber.set(Operators.java:1939)
	reactor.core.publisher.FluxConcatMap$ConcatMapImmediate.drain(FluxConcatMap.java:436)
	reactor.core.publisher.FluxConcatMap$ConcatMapImmediate.onNext(FluxConcatMap.java:244)
	reactor.core.publisher.FluxMap$MapSubscriber.onNext(FluxMap.java:114)
	reactor.core.publisher.FluxPeek$PeekSubscriber.onNext(FluxPeek.java:192)
	reactor.core.publisher.FluxMap$MapSubscriber.onNext(FluxMap.java:114)
	reactor.netty.channel.FluxReceive.drainReceiver(FluxReceive.java:206)
	reactor.netty.channel.FluxReceive.onInboundNext(FluxReceive.java:322)
	reactor.netty.channel.ChannelOperations.onInboundNext(ChannelOperations.java:335)
	reactor.netty.http.server.HttpServerOperations.onInboundNext(HttpServerOperations.java:456)
	reactor.netty.channel.ChannelOperationsHandler.channelRead(ChannelOperationsHandler.java:91)
	io.netty.channel.AbstractChannelHandlerContext.invokeChannelRead(AbstractChannelHandlerContext.java:374)
	io.netty.channel.AbstractChannelHandlerContext.invokeChannelRead(AbstractChannelHandlerContext.java:360)
	io.netty.channel.AbstractChannelHandlerContext.fireChannelRead(AbstractChannelHandlerContext.java:352)
	reactor.netty.http.server.HttpTrafficHandler.channelRead(HttpTrafficHandler.java:190)
	io.netty.channel.AbstractChannelHandlerContext.invokeChannelRead(AbstractChannelHandlerContext.java:374)
	io.netty.channel.AbstractChannelHandlerContext.invokeChannelRead(AbstractChannelHandlerContext.java:360)
	io.netty.channel.AbstractChannelHandlerContext.fireChannelRead(AbstractChannelHandlerContext.java:352)
	io.netty.channel.CombinedChannelDuplexHandler$DelegatingChannelHandlerContext.fireChannelRead(CombinedChannelDuplexHandler.java:438)
	io.netty.handler.codec.ByteToMessageDecoder.fireChannelRead(ByteToMessageDecoder.java:323)
	io.netty.handler.codec.ByteToMessageDecoder.fireChannelRead(ByteToMessageDecoder.java:310)
	io.netty.handler.codec.ByteToMessageDecoder.callDecode(ByteToMessageDecoder.java:426)
	io.netty.handler.codec.ByteToMessageDecoder.channelRead(ByteToMessageDecoder.java:278)
	io.netty.channel.CombinedChannelDuplexHandler.channelRead(CombinedChannelDuplexHandler.java:253)
	io.netty.channel.AbstractChannelHandlerContext.invokeChannelRead(AbstractChannelHandlerContext.java:374)
	io.netty.channel.AbstractChannelHandlerContext.invokeChannelRead(AbstractChannelHandlerContext.java:360)
	io.netty.channel.AbstractChannelHandlerContext.fireChannelRead(AbstractChannelHandlerContext.java:352)
	io.netty.channel.DefaultChannelPipeline$HeadContext.channelRead(DefaultChannelPipeline.java:1408)
	io.netty.channel.AbstractChannelHandlerContext.invokeChannelRead(AbstractChannelHandlerContext.java:374)
	io.netty.channel.AbstractChannelHandlerContext.invokeChannelRead(AbstractChannelHandlerContext.java:360)
	io.netty.channel.DefaultChannelPipeline.fireChannelRead(DefaultChannelPipeline.java:930)
	io.netty.channel.nio.AbstractNioByteChannel$NioByteUnsafe.read(AbstractNioByteChannel.java:163)
	io.netty.channel.nio.NioEventLoop.processSelectedKey(NioEventLoop.java:682)
	io.netty.channel.nio.NioEventLoop.processSelectedKeysOptimized(NioEventLoop.java:617)
	io.netty.channel.nio.NioEventLoop.processSelectedKeys(NioEventLoop.java:534)
	io.netty.channel.nio.NioEventLoop.run(NioEventLoop.java:496)
	io.netty.util.concurrent.SingleThreadEventExecutor$5.run(SingleThreadEventExecutor.java:906)
	io.netty.util.internal.ThreadExecutorMap$2.run(ThreadExecutorMap.java:74)
	io.netty.util.concurrent.FastThreadLocalRunnable.run(FastThreadLocalRunnable.java:30)
	java.lang.Thread.run(Thread.java:748)
#4:
	reactor.core.publisher.FluxPeek$PeekSubscriber.onNext(FluxPeek.java:177)
	reactor.core.publisher.FluxMap$MapSubscriber.onNext(FluxMap.java:114)
	reactor.netty.channel.FluxReceive.drainReceiver(FluxReceive.java:206)
	reactor.netty.channel.FluxReceive.onInboundNext(FluxReceive.java:322)
	reactor.netty.channel.ChannelOperations.onInboundNext(ChannelOperations.java:335)
	reactor.netty.http.server.HttpServerOperations.onInboundNext(HttpServerOperations.java:456)
	reactor.netty.channel.ChannelOperationsHandler.channelRead(ChannelOperationsHandler.java:91)
	io.netty.channel.AbstractChannelHandlerContext.invokeChannelRead(AbstractChannelHandlerContext.java:374)
	io.netty.channel.AbstractChannelHandlerContext.invokeChannelRead(AbstractChannelHandlerContext.java:360)
	io.netty.channel.AbstractChannelHandlerContext.fireChannelRead(AbstractChannelHandlerContext.java:352)
	reactor.netty.http.server.HttpTrafficHandler.channelRead(HttpTrafficHandler.java:190)
	io.netty.channel.AbstractChannelHandlerContext.invokeChannelRead(AbstractChannelHandlerContext.java:374)
	io.netty.channel.AbstractChannelHandlerContext.invokeChannelRead(AbstractChannelHandlerContext.java:360)
	io.netty.channel.AbstractChannelHandlerContext.fireChannelRead(AbstractChannelHandlerContext.java:352)
	io.netty.channel.CombinedChannelDuplexHandler$DelegatingChannelHandlerContext.fireChannelRead(CombinedChannelDuplexHandler.java:438)
	io.netty.handler.codec.ByteToMessageDecoder.fireChannelRead(ByteToMessageDecoder.java:323)
	io.netty.handler.codec.ByteToMessageDecoder.fireChannelRead(ByteToMessageDecoder.java:310)
	io.netty.handler.codec.ByteToMessageDecoder.callDecode(ByteToMessageDecoder.java:426)
	io.netty.handler.codec.ByteToMessageDecoder.channelRead(ByteToMessageDecoder.java:278)
	io.netty.channel.CombinedChannelDuplexHandler.channelRead(CombinedChannelDuplexHandler.java:253)
	io.netty.channel.AbstractChannelHandlerContext.invokeChannelRead(AbstractChannelHandlerContext.java:374)
	io.netty.channel.AbstractChannelHandlerContext.invokeChannelRead(AbstractChannelHandlerContext.java:360)
	io.netty.channel.AbstractChannelHandlerContext.fireChannelRead(AbstractChannelHandlerContext.java:352)
	io.netty.channel.DefaultChannelPipeline$HeadContext.channelRead(DefaultChannelPipeline.java:1408)
	io.netty.channel.AbstractChannelHandlerContext.invokeChannelRead(AbstractChannelHandlerContext.java:374)
	io.netty.channel.AbstractChannelHandlerContext.invokeChannelRead(AbstractChannelHandlerContext.java:360)
	io.netty.channel.DefaultChannelPipeline.fireChannelRead(DefaultChannelPipeline.java:930)
	io.netty.channel.nio.AbstractNioByteChannel$NioByteUnsafe.read(AbstractNioByteChannel.java:163)
	io.netty.channel.nio.NioEventLoop.processSelectedKey(NioEventLoop.java:682)
	io.netty.channel.nio.NioEventLoop.processSelectedKeysOptimized(NioEventLoop.java:617)
	io.netty.channel.nio.NioEventLoop.processSelectedKeys(NioEventLoop.java:534)
	io.netty.channel.nio.NioEventLoop.run(NioEventLoop.java:496)
	io.netty.util.concurrent.SingleThreadEventExecutor$5.run(SingleThreadEventExecutor.java:906)
	io.netty.util.internal.ThreadExecutorMap$2.run(ThreadExecutorMap.java:74)
	io.netty.util.concurrent.FastThreadLocalRunnable.run(FastThreadLocalRunnable.java:30)
	java.lang.Thread.run(Thread.java:748)
#5:
	Hint: 'reactor.right.reactiveBridge' will handle the message from this point.
	io.netty.handler.codec.http.DefaultHttpContent.touch(DefaultHttpContent.java:88)
	io.netty.handler.codec.http.DefaultHttpContent.touch(DefaultHttpContent.java:24)
	io.netty.channel.DefaultChannelPipeline.touch(DefaultChannelPipeline.java:116)
	io.netty.channel.AbstractChannelHandlerContext.invokeChannelRead(AbstractChannelHandlerContext.java:357)
	io.netty.channel.AbstractChannelHandlerContext.fireChannelRead(AbstractChannelHandlerContext.java:352)
	reactor.netty.http.server.HttpTrafficHandler.channelRead(HttpTrafficHandler.java:190)
	io.netty.channel.AbstractChannelHandlerContext.invokeChannelRead(AbstractChannelHandlerContext.java:374)
	io.netty.channel.AbstractChannelHandlerContext.invokeChannelRead(AbstractChannelHandlerContext.java:360)
	io.netty.channel.AbstractChannelHandlerContext.fireChannelRead(AbstractChannelHandlerContext.java:352)
	io.netty.channel.CombinedChannelDuplexHandler$DelegatingChannelHandlerContext.fireChannelRead(CombinedChannelDuplexHandler.java:438)
	io.netty.handler.codec.ByteToMessageDecoder.fireChannelRead(ByteToMessageDecoder.java:323)
	io.netty.handler.codec.ByteToMessageDecoder.fireChannelRead(ByteToMessageDecoder.java:310)
	io.netty.handler.codec.ByteToMessageDecoder.callDecode(ByteToMessageDecoder.java:426)
	io.netty.handler.codec.ByteToMessageDecoder.channelRead(ByteToMessageDecoder.java:278)
	io.netty.channel.CombinedChannelDuplexHandler.channelRead(CombinedChannelDuplexHandler.java:253)
	io.netty.channel.AbstractChannelHandlerContext.invokeChannelRead(AbstractChannelHandlerContext.java:374)
	io.netty.channel.AbstractChannelHandlerContext.invokeChannelRead(AbstractChannelHandlerContext.java:360)
	io.netty.channel.AbstractChannelHandlerContext.fireChannelRead(AbstractChannelHandlerContext.java:352)
	io.netty.channel.DefaultChannelPipeline$HeadContext.channelRead(DefaultChannelPipeline.java:1408)
	io.netty.channel.AbstractChannelHandlerContext.invokeChannelRead(AbstractChannelHandlerContext.java:374)
	io.netty.channel.AbstractChannelHandlerContext.invokeChannelRead(AbstractChannelHandlerContext.java:360)
	io.netty.channel.DefaultChannelPipeline.fireChannelRead(DefaultChannelPipeline.java:930)
	io.netty.channel.nio.AbstractNioByteChannel$NioByteUnsafe.read(AbstractNioByteChannel.java:163)
	io.netty.channel.nio.NioEventLoop.processSelectedKey(NioEventLoop.java:682)
	io.netty.channel.nio.NioEventLoop.processSelectedKeysOptimized(NioEventLoop.java:617)
	io.netty.channel.nio.NioEventLoop.processSelectedKeys(NioEventLoop.java:534)
	io.netty.channel.nio.NioEventLoop.run(NioEventLoop.java:496)
	io.netty.util.concurrent.SingleThreadEventExecutor$5.run(SingleThreadEventExecutor.java:906)
	io.netty.util.internal.ThreadExecutorMap$2.run(ThreadExecutorMap.java:74)
	io.netty.util.concurrent.FastThreadLocalRunnable.run(FastThreadLocalRunnable.java:30)
	java.lang.Thread.run(Thread.java:748)
#6:
	Hint: 'reactor.left.httpTrafficHandler' will handle the message from this point.
	io.netty.handler.codec.http.DefaultHttpContent.touch(DefaultHttpContent.java:88)
	io.netty.handler.codec.http.DefaultHttpContent.touch(DefaultHttpContent.java:24)
	io.netty.channel.DefaultChannelPipeline.touch(DefaultChannelPipeline.java:116)
	io.netty.channel.AbstractChannelHandlerContext.invokeChannelRead(AbstractChannelHandlerContext.java:357)
	io.netty.channel.AbstractChannelHandlerContext.fireChannelRead(AbstractChannelHandlerContext.java:352)
	io.netty.channel.CombinedChannelDuplexHandler$DelegatingChannelHandlerContext.fireChannelRead(CombinedChannelDuplexHandler.java:438)
	io.netty.handler.codec.ByteToMessageDecoder.fireChannelRead(ByteToMessageDecoder.java:323)
	io.netty.handler.codec.ByteToMessageDecoder.fireChannelRead(ByteToMessageDecoder.java:310)
	io.netty.handler.codec.ByteToMessageDecoder.callDecode(ByteToMessageDecoder.java:426)
	io.netty.handler.codec.ByteToMessageDecoder.channelRead(ByteToMessageDecoder.java:278)
	io.netty.channel.CombinedChannelDuplexHandler.channelRead(CombinedChannelDuplexHandler.java:253)
	io.netty.channel.AbstractChannelHandlerContext.invokeChannelRead(AbstractChannelHandlerContext.java:374)
	io.netty.channel.AbstractChannelHandlerContext.invokeChannelRead(AbstractChannelHandlerContext.java:360)
	io.netty.channel.AbstractChannelHandlerContext.fireChannelRead(AbstractChannelHandlerContext.java:352)
	io.netty.channel.DefaultChannelPipeline$HeadContext.channelRead(DefaultChannelPipeline.java:1408)
	io.netty.channel.AbstractChannelHandlerContext.invokeChannelRead(AbstractChannelHandlerContext.java:374)
	io.netty.channel.AbstractChannelHandlerContext.invokeChannelRead(AbstractChannelHandlerContext.java:360)
	io.netty.channel.DefaultChannelPipeline.fireChannelRead(DefaultChannelPipeline.java:930)
	io.netty.channel.nio.AbstractNioByteChannel$NioByteUnsafe.read(AbstractNioByteChannel.java:163)
	io.netty.channel.nio.NioEventLoop.processSelectedKey(NioEventLoop.java:682)
	io.netty.channel.nio.NioEventLoop.processSelectedKeysOptimized(NioEventLoop.java:617)
	io.netty.channel.nio.NioEventLoop.processSelectedKeys(NioEventLoop.java:534)
	io.netty.channel.nio.NioEventLoop.run(NioEventLoop.java:496)
	io.netty.util.concurrent.SingleThreadEventExecutor$5.run(SingleThreadEventExecutor.java:906)
	io.netty.util.internal.ThreadExecutorMap$2.run(ThreadExecutorMap.java:74)
	io.netty.util.concurrent.FastThreadLocalRunnable.run(FastThreadLocalRunnable.java:30)
	java.lang.Thread.run(Thread.java:748)
Created at:
	io.netty.buffer.SimpleLeakAwareByteBuf.unwrappedDerived(SimpleLeakAwareByteBuf.java:143)
	io.netty.buffer.SimpleLeakAwareByteBuf.readRetainedSlice(SimpleLeakAwareByteBuf.java:67)
	io.netty.buffer.AdvancedLeakAwareByteBuf.readRetainedSlice(AdvancedLeakAwareByteBuf.java:107)
	io.netty.handler.codec.http.HttpObjectDecoder.decode(HttpObjectDecoder.java:336)
	io.netty.handler.codec.http.HttpServerCodec$HttpServerRequestDecoder.decode(HttpServerCodec.java:103)
	io.netty.handler.codec.ByteToMessageDecoder.decodeRemovalReentryProtection(ByteToMessageDecoder.java:502)
	io.netty.handler.codec.ByteToMessageDecoder.callDecode(ByteToMessageDecoder.java:441)
	io.netty.handler.codec.ByteToMessageDecoder.channelRead(ByteToMessageDecoder.java:278)
	io.netty.channel.CombinedChannelDuplexHandler.channelRead(CombinedChannelDuplexHandler.java:253)
	io.netty.channel.AbstractChannelHandlerContext.invokeChannelRead(AbstractChannelHandlerContext.java:374)
	io.netty.channel.AbstractChannelHandlerContext.invokeChannelRead(AbstractChannelHandlerContext.java:360)
	io.netty.channel.AbstractChannelHandlerContext.fireChannelRead(AbstractChannelHandlerContext.java:352)
	io.netty.channel.DefaultChannelPipeline$HeadContext.channelRead(DefaultChannelPipeline.java:1408)
	io.netty.channel.AbstractChannelHandlerContext.invokeChannelRead(AbstractChannelHandlerContext.java:374)
	io.netty.channel.AbstractChannelHandlerContext.invokeChannelRead(AbstractChannelHandlerContext.java:360)
	io.netty.channel.DefaultChannelPipeline.fireChannelRead(DefaultChannelPipeline.java:930)
	io.netty.channel.nio.AbstractNioByteChannel$NioByteUnsafe.read(AbstractNioByteChannel.java:163)
	io.netty.channel.nio.NioEventLoop.processSelectedKey(NioEventLoop.java:682)
	io.netty.channel.nio.NioEventLoop.processSelectedKeysOptimized(NioEventLoop.java:617)
	io.netty.channel.nio.NioEventLoop.processSelectedKeys(NioEventLoop.java:534)
	io.netty.channel.nio.NioEventLoop.run(NioEventLoop.java:496)
	io.netty.util.concurrent.SingleThreadEventExecutor$5.run(SingleThreadEventExecutor.java:906)
	io.netty.util.internal.ThreadExecutorMap$2.run(ThreadExecutorMap.java:74)
	io.netty.util.concurrent.FastThreadLocalRunnable.run(FastThreadLocalRunnable.java:30)
	java.lang.Thread.run(Thread.java:748)
: 4 leak records were discarded because they were duplicates
: 205 leak records were discarded because the leak record count is targeted to 4. Use system property io.netty.leakDetection.targetRecords to increase the limit.
22:42:57.865 [reactor-http-nio-6] ERROR i.n.u.ResourceLeakDetector - LEAK: ByteBuf.release() was not called before it's garbage-collected. See http://netty.io/wiki/reference-counted-objects.html for more information.
Recent access records: 
#1:
	io.netty.buffer.AdvancedLeakAwareByteBuf.order(AdvancedLeakAwareByteBuf.java:70)
	io.netty.buffer.CompositeByteBuf.newComponent(CompositeByteBuf.java:318)
	io.netty.buffer.CompositeByteBuf.addComponent0(CompositeByteBuf.java:280)
	io.netty.buffer.CompositeByteBuf.addComponent(CompositeByteBuf.java:265)
	io.netty.buffer.CompositeByteBuf.addComponent(CompositeByteBuf.java:222)
	io.netty.buffer.WrappedCompositeByteBuf.addComponent(WrappedCompositeByteBuf.java:529)
	io.netty.buffer.AdvancedLeakAwareCompositeByteBuf.addComponent(AdvancedLeakAwareCompositeByteBuf.java:921)
	org.springframework.core.io.buffer.NettyDataBufferFactory.join(NettyDataBufferFactory.java:111)
	org.springframework.core.io.buffer.DataBufferUtils.joinAndStrip(DataBufferUtils.java:686)
	org.springframework.core.io.buffer.DataBufferUtils.lambda$split$20(DataBufferUtils.java:605)
	reactor.core.publisher.FluxMap$MapConditionalSubscriber.onNext(FluxMap.java:199)
	reactor.core.publisher.FluxBufferPredicate$BufferPredicateSubscriber.emit(FluxBufferPredicate.java:290)
	reactor.core.publisher.FluxBufferPredicate$BufferPredicateSubscriber.onNextNewBuffer(FluxBufferPredicate.java:257)
	reactor.core.publisher.FluxBufferPredicate$BufferPredicateSubscriber.tryOnNext(FluxBufferPredicate.java:211)
	reactor.core.publisher.FluxBufferPredicate$BufferPredicateSubscriber.onNext(FluxBufferPredicate.java:184)
	reactor.core.publisher.FluxFlatMap$FlatMapMain.drainLoop(FluxFlatMap.java:664)
	reactor.core.publisher.FluxFlatMap$FlatMapMain.drain(FluxFlatMap.java:540)
	reactor.core.publisher.FluxFlatMap$FlatMapInner.onSubscribe(FluxFlatMap.java:924)
	reactor.core.publisher.FluxIterable.subscribe(FluxIterable.java:139)
	reactor.core.publisher.FluxIterable.subscribe(FluxIterable.java:63)
	reactor.core.publisher.Flux.subscribe(Flux.java:7922)
	reactor.core.publisher.FluxFlatMap$FlatMapMain.onNext(FluxFlatMap.java:389)
	reactor.core.publisher.FluxConcatMap$ConcatMapImmediate.innerNext(FluxConcatMap.java:275)
	reactor.core.publisher.FluxConcatMap$ConcatMapInner.onNext(FluxConcatMap.java:849)
	reactor.core.publisher.FluxConcatMap$WeakScalarSubscription.request(FluxConcatMap.java:470)
	reactor.core.publisher.Operators$MultiSubscriptionSubscriber.set(Operators.java:1939)
	reactor.core.publisher.FluxConcatMap$ConcatMapImmediate.drain(FluxConcatMap.java:436)
	reactor.core.publisher.FluxConcatMap$ConcatMapImmediate.onNext(FluxConcatMap.java:244)
	reactor.core.publisher.FluxMap$MapSubscriber.onNext(FluxMap.java:114)
	reactor.core.publisher.FluxPeek$PeekSubscriber.onNext(FluxPeek.java:192)
	reactor.core.publisher.FluxMap$MapSubscriber.onNext(FluxMap.java:114)
	reactor.netty.channel.FluxReceive.drainReceiver(FluxReceive.java:206)
	reactor.netty.channel.FluxReceive.onInboundNext(FluxReceive.java:322)
	reactor.netty.channel.ChannelOperations.onInboundNext(ChannelOperations.java:335)
	reactor.netty.http.server.HttpServerOperations.onInboundNext(HttpServerOperations.java:456)
	reactor.netty.channel.ChannelOperationsHandler.channelRead(ChannelOperationsHandler.java:91)
	io.netty.channel.AbstractChannelHandlerContext.invokeChannelRead(AbstractChannelHandlerContext.java:374)
	io.netty.channel.AbstractChannelHandlerContext.invokeChannelRead(AbstractChannelHandlerContext.java:360)
	io.netty.channel.AbstractChannelHandlerContext.fireChannelRead(AbstractChannelHandlerContext.java:352)
	reactor.netty.http.server.HttpTrafficHandler.channelRead(HttpTrafficHandler.java:190)
	io.netty.channel.AbstractChannelHandlerContext.invokeChannelRead(AbstractChannelHandlerContext.java:374)
	io.netty.channel.AbstractChannelHandlerContext.invokeChannelRead(AbstractChannelHandlerContext.java:360)
	io.netty.channel.AbstractChannelHandlerContext.fireChannelRead(AbstractChannelHandlerContext.java:352)
	io.netty.channel.CombinedChannelDuplexHandler$DelegatingChannelHandlerContext.fireChannelRead(CombinedChannelDuplexHandler.java:438)
	io.netty.handler.codec.ByteToMessageDecoder.fireChannelRead(ByteToMessageDecoder.java:323)
	io.netty.handler.codec.ByteToMessageDecoder.fireChannelRead(ByteToMessageDecoder.java:310)
	io.netty.handler.codec.ByteToMessageDecoder.callDecode(ByteToMessageDecoder.java:426)
	io.netty.handler.codec.ByteToMessageDecoder.channelRead(ByteToMessageDecoder.java:278)
	io.netty.channel.CombinedChannelDuplexHandler.channelRead(CombinedChannelDuplexHandler.java:253)
	io.netty.channel.AbstractChannelHandlerContext.invokeChannelRead(AbstractChannelHandlerContext.java:374)
	io.netty.channel.AbstractChannelHandlerContext.invokeChannelRead(AbstractChannelHandlerContext.java:360)
	io.netty.channel.AbstractChannelHandlerContext.fireChannelRead(AbstractChannelHandlerContext.java:352)
	io.netty.channel.DefaultChannelPipeline$HeadContext.channelRead(DefaultChannelPipeline.java:1408)
	io.netty.channel.AbstractChannelHandlerContext.invokeChannelRead(AbstractChannelHandlerContext.java:374)
	io.netty.channel.AbstractChannelHandlerContext.invokeChannelRead(AbstractChannelHandlerContext.java:360)
	io.netty.channel.DefaultChannelPipeline.fireChannelRead(DefaultChannelPipeline.java:930)
	io.netty.channel.nio.AbstractNioByteChannel$NioByteUnsafe.read(AbstractNioByteChannel.java:163)
	io.netty.channel.nio.NioEventLoop.processSelectedKey(NioEventLoop.java:682)
	io.netty.channel.nio.NioEventLoop.processSelectedKeysOptimized(NioEventLoop.java:617)
	io.netty.channel.nio.NioEventLoop.processSelectedKeys(NioEventLoop.java:534)
	io.netty.channel.nio.NioEventLoop.run(NioEventLoop.java:496)
	io.netty.util.concurrent.SingleThreadEventExecutor$5.run(SingleThreadEventExecutor.java:906)
	io.netty.util.internal.ThreadExecutorMap$2.run(ThreadExecutorMap.java:74)
	io.netty.util.concurrent.FastThreadLocalRunnable.run(FastThreadLocalRunnable.java:30)
	java.lang.Thread.run(Thread.java:748)
#2:
	io.netty.buffer.AdvancedLeakAwareByteBuf.getByte(AdvancedLeakAwareByteBuf.java:154)
	org.springframework.core.io.buffer.NettyDataBuffer.getByte(NettyDataBuffer.java:132)
	org.springframework.core.io.buffer.DataBufferUtils$KnuthMorrisPrattMatcher.match(DataBufferUtils.java:1005)
	org.springframework.core.io.buffer.DataBufferUtils.endFrameAfterDelimiter(DataBufferUtils.java:634)
	org.springframework.core.io.buffer.DataBufferUtils.lambda$split$18(DataBufferUtils.java:603)
	reactor.core.publisher.FluxFlatMap$FlatMapMain.onNext(FluxFlatMap.java:350)
	reactor.core.publisher.FluxConcatMap$ConcatMapImmediate.innerNext(FluxConcatMap.java:275)
	reactor.core.publisher.FluxConcatMap$ConcatMapInner.onNext(FluxConcatMap.java:849)
	reactor.core.publisher.FluxConcatMap$WeakScalarSubscription.request(FluxConcatMap.java:470)
	reactor.core.publisher.Operators$MultiSubscriptionSubscriber.set(Operators.java:1939)
	reactor.core.publisher.FluxConcatMap$ConcatMapImmediate.drain(FluxConcatMap.java:436)
	reactor.core.publisher.FluxConcatMap$ConcatMapImmediate.onNext(FluxConcatMap.java:244)
	reactor.core.publisher.FluxMap$MapSubscriber.onNext(FluxMap.java:114)
	reactor.core.publisher.FluxPeek$PeekSubscriber.onNext(FluxPeek.java:192)
	reactor.core.publisher.FluxMap$MapSubscriber.onNext(FluxMap.java:114)
	reactor.netty.channel.FluxReceive.drainReceiver(FluxReceive.java:206)
	reactor.netty.channel.FluxReceive.onInboundNext(FluxReceive.java:322)
	reactor.netty.channel.ChannelOperations.onInboundNext(ChannelOperations.java:335)
	reactor.netty.http.server.HttpServerOperations.onInboundNext(HttpServerOperations.java:456)
	reactor.netty.channel.ChannelOperationsHandler.channelRead(ChannelOperationsHandler.java:91)
	io.netty.channel.AbstractChannelHandlerContext.invokeChannelRead(AbstractChannelHandlerContext.java:374)
	io.netty.channel.AbstractChannelHandlerContext.invokeChannelRead(AbstractChannelHandlerContext.java:360)
	io.netty.channel.AbstractChannelHandlerContext.fireChannelRead(AbstractChannelHandlerContext.java:352)
	reactor.netty.http.server.HttpTrafficHandler.channelRead(HttpTrafficHandler.java:190)
	io.netty.channel.AbstractChannelHandlerContext.invokeChannelRead(AbstractChannelHandlerContext.java:374)
	io.netty.channel.AbstractChannelHandlerContext.invokeChannelRead(AbstractChannelHandlerContext.java:360)
	io.netty.channel.AbstractChannelHandlerContext.fireChannelRead(AbstractChannelHandlerContext.java:352)
	io.netty.channel.CombinedChannelDuplexHandler$DelegatingChannelHandlerContext.fireChannelRead(CombinedChannelDuplexHandler.java:438)
	io.netty.handler.codec.ByteToMessageDecoder.fireChannelRead(ByteToMessageDecoder.java:323)
	io.netty.handler.codec.ByteToMessageDecoder.channelRead(ByteToMessageDecoder.java:297)
	io.netty.channel.CombinedChannelDuplexHandler.channelRead(CombinedChannelDuplexHandler.java:253)
	io.netty.channel.AbstractChannelHandlerContext.invokeChannelRead(AbstractChannelHandlerContext.java:374)
	io.netty.channel.AbstractChannelHandlerContext.invokeChannelRead(AbstractChannelHandlerContext.java:360)
	io.netty.channel.AbstractChannelHandlerContext.fireChannelRead(AbstractChannelHandlerContext.java:352)
	io.netty.channel.DefaultChannelPipeline$HeadContext.channelRead(DefaultChannelPipeline.java:1408)
	io.netty.channel.AbstractChannelHandlerContext.invokeChannelRead(AbstractChannelHandlerContext.java:374)
	io.netty.channel.AbstractChannelHandlerContext.invokeChannelRead(AbstractChannelHandlerContext.java:360)
	io.netty.channel.DefaultChannelPipeline.fireChannelRead(DefaultChannelPipeline.java:930)
	io.netty.channel.nio.AbstractNioByteChannel$NioByteUnsafe.read(AbstractNioByteChannel.java:163)
	io.netty.channel.nio.NioEventLoop.processSelectedKey(NioEventLoop.java:682)
	io.netty.channel.nio.NioEventLoop.processSelectedKeysOptimized(NioEventLoop.java:617)
	io.netty.channel.nio.NioEventLoop.processSelectedKeys(NioEventLoop.java:534)
	io.netty.channel.nio.NioEventLoop.run(NioEventLoop.java:496)
	io.netty.util.concurrent.SingleThreadEventExecutor$5.run(SingleThreadEventExecutor.java:906)
	io.netty.util.internal.ThreadExecutorMap$2.run(ThreadExecutorMap.java:74)
	io.netty.util.concurrent.FastThreadLocalRunnable.run(FastThreadLocalRunnable.java:30)
	java.lang.Thread.run(Thread.java:748)
#3:
	org.springframework.core.io.buffer.NettyDataBufferFactory.wrap(NettyDataBufferFactory.java:93)
	reactor.core.publisher.FluxMap$MapSubscriber.onNext(FluxMap.java:100)
	reactor.core.publisher.FluxPeek$PeekSubscriber.onNext(FluxPeek.java:192)
	reactor.core.publisher.FluxMap$MapSubscriber.onNext(FluxMap.java:114)
	reactor.netty.channel.FluxReceive.drainReceiver(FluxReceive.java:206)
	reactor.netty.channel.FluxReceive.onInboundNext(FluxReceive.java:322)
	reactor.netty.channel.ChannelOperations.onInboundNext(ChannelOperations.java:335)
	reactor.netty.http.server.HttpServerOperations.onInboundNext(HttpServerOperations.java:456)
	reactor.netty.channel.ChannelOperationsHandler.channelRead(ChannelOperationsHandler.java:91)
	io.netty.channel.AbstractChannelHandlerContext.invokeChannelRead(AbstractChannelHandlerContext.java:374)
	io.netty.channel.AbstractChannelHandlerContext.invokeChannelRead(AbstractChannelHandlerContext.java:360)
	io.netty.channel.AbstractChannelHandlerContext.fireChannelRead(AbstractChannelHandlerContext.java:352)
	reactor.netty.http.server.HttpTrafficHandler.channelRead(HttpTrafficHandler.java:190)
	io.netty.channel.AbstractChannelHandlerContext.invokeChannelRead(AbstractChannelHandlerContext.java:374)
	io.netty.channel.AbstractChannelHandlerContext.invokeChannelRead(AbstractChannelHandlerContext.java:360)
	io.netty.channel.AbstractChannelHandlerContext.fireChannelRead(AbstractChannelHandlerContext.java:352)
	io.netty.channel.CombinedChannelDuplexHandler$DelegatingChannelHandlerContext.fireChannelRead(CombinedChannelDuplexHandler.java:438)
	io.netty.handler.codec.ByteToMessageDecoder.fireChannelRead(ByteToMessageDecoder.java:323)
	io.netty.handler.codec.ByteToMessageDecoder.channelRead(ByteToMessageDecoder.java:297)
	io.netty.channel.CombinedChannelDuplexHandler.channelRead(CombinedChannelDuplexHandler.java:253)
	io.netty.channel.AbstractChannelHandlerContext.invokeChannelRead(AbstractChannelHandlerContext.java:374)
	io.netty.channel.AbstractChannelHandlerContext.invokeChannelRead(AbstractChannelHandlerContext.java:360)
	io.netty.channel.AbstractChannelHandlerContext.fireChannelRead(AbstractChannelHandlerContext.java:352)
	io.netty.channel.DefaultChannelPipeline$HeadContext.channelRead(DefaultChannelPipeline.java:1408)
	io.netty.channel.AbstractChannelHandlerContext.invokeChannelRead(AbstractChannelHandlerContext.java:374)
	io.netty.channel.AbstractChannelHandlerContext.invokeChannelRead(AbstractChannelHandlerContext.java:360)
	io.netty.channel.DefaultChannelPipeline.fireChannelRead(DefaultChannelPipeline.java:930)
	io.netty.channel.nio.AbstractNioByteChannel$NioByteUnsafe.read(AbstractNioByteChannel.java:163)
	io.netty.channel.nio.NioEventLoop.processSelectedKey(NioEventLoop.java:682)
	io.netty.channel.nio.NioEventLoop.processSelectedKeysOptimized(NioEventLoop.java:617)
	io.netty.channel.nio.NioEventLoop.processSelectedKeys(NioEventLoop.java:534)
	io.netty.channel.nio.NioEventLoop.run(NioEventLoop.java:496)
	io.netty.util.concurrent.SingleThreadEventExecutor$5.run(SingleThreadEventExecutor.java:906)
	io.netty.util.internal.ThreadExecutorMap$2.run(ThreadExecutorMap.java:74)
	io.netty.util.concurrent.FastThreadLocalRunnable.run(FastThreadLocalRunnable.java:30)
	java.lang.Thread.run(Thread.java:748)
#4:
	reactor.core.publisher.FluxPeek$PeekSubscriber.onNext(FluxPeek.java:177)
	reactor.core.publisher.FluxMap$MapSubscriber.onNext(FluxMap.java:114)
	reactor.netty.channel.FluxReceive.drainReceiver(FluxReceive.java:206)
	reactor.netty.channel.FluxReceive.onInboundNext(FluxReceive.java:322)
	reactor.netty.channel.ChannelOperations.onInboundNext(ChannelOperations.java:335)
	reactor.netty.http.server.HttpServerOperations.onInboundNext(HttpServerOperations.java:456)
	reactor.netty.channel.ChannelOperationsHandler.channelRead(ChannelOperationsHandler.java:91)
	io.netty.channel.AbstractChannelHandlerContext.invokeChannelRead(AbstractChannelHandlerContext.java:374)
	io.netty.channel.AbstractChannelHandlerContext.invokeChannelRead(AbstractChannelHandlerContext.java:360)
	io.netty.channel.AbstractChannelHandlerContext.fireChannelRead(AbstractChannelHandlerContext.java:352)
	reactor.netty.http.server.HttpTrafficHandler.channelRead(HttpTrafficHandler.java:190)
	io.netty.channel.AbstractChannelHandlerContext.invokeChannelRead(AbstractChannelHandlerContext.java:374)
	io.netty.channel.AbstractChannelHandlerContext.invokeChannelRead(AbstractChannelHandlerContext.java:360)
	io.netty.channel.AbstractChannelHandlerContext.fireChannelRead(AbstractChannelHandlerContext.java:352)
	io.netty.channel.CombinedChannelDuplexHandler$DelegatingChannelHandlerContext.fireChannelRead(CombinedChannelDuplexHandler.java:438)
	io.netty.handler.codec.ByteToMessageDecoder.fireChannelRead(ByteToMessageDecoder.java:323)
	io.netty.handler.codec.ByteToMessageDecoder.channelRead(ByteToMessageDecoder.java:297)
	io.netty.channel.CombinedChannelDuplexHandler.channelRead(CombinedChannelDuplexHandler.java:253)
	io.netty.channel.AbstractChannelHandlerContext.invokeChannelRead(AbstractChannelHandlerContext.java:374)
	io.netty.channel.AbstractChannelHandlerContext.invokeChannelRead(AbstractChannelHandlerContext.java:360)
	io.netty.channel.AbstractChannelHandlerContext.fireChannelRead(AbstractChannelHandlerContext.java:352)
	io.netty.channel.DefaultChannelPipeline$HeadContext.channelRead(DefaultChannelPipeline.java:1408)
	io.netty.channel.AbstractChannelHandlerContext.invokeChannelRead(AbstractChannelHandlerContext.java:374)
	io.netty.channel.AbstractChannelHandlerContext.invokeChannelRead(AbstractChannelHandlerContext.java:360)
	io.netty.channel.DefaultChannelPipeline.fireChannelRead(DefaultChannelPipeline.java:930)
	io.netty.channel.nio.AbstractNioByteChannel$NioByteUnsafe.read(AbstractNioByteChannel.java:163)
	io.netty.channel.nio.NioEventLoop.processSelectedKey(NioEventLoop.java:682)
	io.netty.channel.nio.NioEventLoop.processSelectedKeysOptimized(NioEventLoop.java:617)
	io.netty.channel.nio.NioEventLoop.processSelectedKeys(NioEventLoop.java:534)
	io.netty.channel.nio.NioEventLoop.run(NioEventLoop.java:496)
	io.netty.util.concurrent.SingleThreadEventExecutor$5.run(SingleThreadEventExecutor.java:906)
	io.netty.util.internal.ThreadExecutorMap$2.run(ThreadExecutorMap.java:74)
	io.netty.util.concurrent.FastThreadLocalRunnable.run(FastThreadLocalRunnable.java:30)
	java.lang.Thread.run(Thread.java:748)
#5:
	Hint: 'reactor.right.reactiveBridge' will handle the message from this point.
	io.netty.handler.codec.http.DefaultHttpContent.touch(DefaultHttpContent.java:88)
	io.netty.handler.codec.http.DefaultHttpContent.touch(DefaultHttpContent.java:24)
	io.netty.channel.DefaultChannelPipeline.touch(DefaultChannelPipeline.java:116)
	io.netty.channel.AbstractChannelHandlerContext.invokeChannelRead(AbstractChannelHandlerContext.java:357)
	io.netty.channel.AbstractChannelHandlerContext.fireChannelRead(AbstractChannelHandlerContext.java:352)
	reactor.netty.http.server.HttpTrafficHandler.channelRead(HttpTrafficHandler.java:190)
	io.netty.channel.AbstractChannelHandlerContext.invokeChannelRead(AbstractChannelHandlerContext.java:374)
	io.netty.channel.AbstractChannelHandlerContext.invokeChannelRead(AbstractChannelHandlerContext.java:360)
	io.netty.channel.AbstractChannelHandlerContext.fireChannelRead(AbstractChannelHandlerContext.java:352)
	io.netty.channel.CombinedChannelDuplexHandler$DelegatingChannelHandlerContext.fireChannelRead(CombinedChannelDuplexHandler.java:438)
	io.netty.handler.codec.ByteToMessageDecoder.fireChannelRead(ByteToMessageDecoder.java:323)
	io.netty.handler.codec.ByteToMessageDecoder.channelRead(ByteToMessageDecoder.java:297)
	io.netty.channel.CombinedChannelDuplexHandler.channelRead(CombinedChannelDuplexHandler.java:253)
	io.netty.channel.AbstractChannelHandlerContext.invokeChannelRead(AbstractChannelHandlerContext.java:374)
	io.netty.channel.AbstractChannelHandlerContext.invokeChannelRead(AbstractChannelHandlerContext.java:360)
	io.netty.channel.AbstractChannelHandlerContext.fireChannelRead(AbstractChannelHandlerContext.java:352)
	io.netty.channel.DefaultChannelPipeline$HeadContext.channelRead(DefaultChannelPipeline.java:1408)
	io.netty.channel.AbstractChannelHandlerContext.invokeChannelRead(AbstractChannelHandlerContext.java:374)
	io.netty.channel.AbstractChannelHandlerContext.invokeChannelRead(AbstractChannelHandlerContext.java:360)
	io.netty.channel.DefaultChannelPipeline.fireChannelRead(DefaultChannelPipeline.java:930)
	io.netty.channel.nio.AbstractNioByteChannel$NioByteUnsafe.read(AbstractNioByteChannel.java:163)
	io.netty.channel.nio.NioEventLoop.processSelectedKey(NioEventLoop.java:682)
	io.netty.channel.nio.NioEventLoop.processSelectedKeysOptimized(NioEventLoop.java:617)
	io.netty.channel.nio.NioEventLoop.processSelectedKeys(NioEventLoop.java:534)
	io.netty.channel.nio.NioEventLoop.run(NioEventLoop.java:496)
	io.netty.util.concurrent.SingleThreadEventExecutor$5.run(SingleThreadEventExecutor.java:906)
	io.netty.util.internal.ThreadExecutorMap$2.run(ThreadExecutorMap.java:74)
	io.netty.util.concurrent.FastThreadLocalRunnable.run(FastThreadLocalRunnable.java:30)
	java.lang.Thread.run(Thread.java:748)
#6:
	Hint: 'reactor.left.httpTrafficHandler' will handle the message from this point.
	io.netty.handler.codec.http.DefaultHttpContent.touch(DefaultHttpContent.java:88)
	io.netty.handler.codec.http.DefaultHttpContent.touch(DefaultHttpContent.java:24)
	io.netty.channel.DefaultChannelPipeline.touch(DefaultChannelPipeline.java:116)
	io.netty.channel.AbstractChannelHandlerContext.invokeChannelRead(AbstractChannelHandlerContext.java:357)
	io.netty.channel.AbstractChannelHandlerContext.fireChannelRead(AbstractChannelHandlerContext.java:352)
	io.netty.channel.CombinedChannelDuplexHandler$DelegatingChannelHandlerContext.fireChannelRead(CombinedChannelDuplexHandler.java:438)
	io.netty.handler.codec.ByteToMessageDecoder.fireChannelRead(ByteToMessageDecoder.java:323)
	io.netty.handler.codec.ByteToMessageDecoder.channelRead(ByteToMessageDecoder.java:297)
	io.netty.channel.CombinedChannelDuplexHandler.channelRead(CombinedChannelDuplexHandler.java:253)
	io.netty.channel.AbstractChannelHandlerContext.invokeChannelRead(AbstractChannelHandlerContext.java:374)
	io.netty.channel.AbstractChannelHandlerContext.invokeChannelRead(AbstractChannelHandlerContext.java:360)
	io.netty.channel.AbstractChannelHandlerContext.fireChannelRead(AbstractChannelHandlerContext.java:352)
	io.netty.channel.DefaultChannelPipeline$HeadContext.channelRead(DefaultChannelPipeline.java:1408)
	io.netty.channel.AbstractChannelHandlerContext.invokeChannelRead(AbstractChannelHandlerContext.java:374)
	io.netty.channel.AbstractChannelHandlerContext.invokeChannelRead(AbstractChannelHandlerContext.java:360)
	io.netty.channel.DefaultChannelPipeline.fireChannelRead(DefaultChannelPipeline.java:930)
	io.netty.channel.nio.AbstractNioByteChannel$NioByteUnsafe.read(AbstractNioByteChannel.java:163)
	io.netty.channel.nio.NioEventLoop.processSelectedKey(NioEventLoop.java:682)
	io.netty.channel.nio.NioEventLoop.processSelectedKeysOptimized(NioEventLoop.java:617)
	io.netty.channel.nio.NioEventLoop.processSelectedKeys(NioEventLoop.java:534)
	io.netty.channel.nio.NioEventLoop.run(NioEventLoop.java:496)
	io.netty.util.concurrent.SingleThreadEventExecutor$5.run(SingleThreadEventExecutor.java:906)
	io.netty.util.internal.ThreadExecutorMap$2.run(ThreadExecutorMap.java:74)
	io.netty.util.concurrent.FastThreadLocalRunnable.run(FastThreadLocalRunnable.java:30)
	java.lang.Thread.run(Thread.java:748)
Created at:
	io.netty.buffer.SimpleLeakAwareByteBuf.unwrappedDerived(SimpleLeakAwareByteBuf.java:143)
	io.netty.buffer.SimpleLeakAwareByteBuf.readRetainedSlice(SimpleLeakAwareByteBuf.java:67)
	io.netty.buffer.AdvancedLeakAwareByteBuf.readRetainedSlice(AdvancedLeakAwareByteBuf.java:107)
	io.netty.handler.codec.http.HttpObjectDecoder.decode(HttpObjectDecoder.java:336)
	io.netty.handler.codec.http.HttpServerCodec$HttpServerRequestDecoder.decode(HttpServerCodec.java:103)
	io.netty.handler.codec.ByteToMessageDecoder.decodeRemovalReentryProtection(ByteToMessageDecoder.java:502)
	io.netty.handler.codec.ByteToMessageDecoder.callDecode(ByteToMessageDecoder.java:441)
	io.netty.handler.codec.ByteToMessageDecoder.channelRead(ByteToMessageDecoder.java:278)
	io.netty.channel.CombinedChannelDuplexHandler.channelRead(CombinedChannelDuplexHandler.java:253)
	io.netty.channel.AbstractChannelHandlerContext.invokeChannelRead(AbstractChannelHandlerContext.java:374)
	io.netty.channel.AbstractChannelHandlerContext.invokeChannelRead(AbstractChannelHandlerContext.java:360)
	io.netty.channel.AbstractChannelHandlerContext.fireChannelRead(AbstractChannelHandlerContext.java:352)
	io.netty.channel.DefaultChannelPipeline$HeadContext.channelRead(DefaultChannelPipeline.java:1408)
	io.netty.channel.AbstractChannelHandlerContext.invokeChannelRead(AbstractChannelHandlerContext.java:374)
	io.netty.channel.AbstractChannelHandlerContext.invokeChannelRead(AbstractChannelHandlerContext.java:360)
	io.netty.channel.DefaultChannelPipeline.fireChannelRead(DefaultChannelPipeline.java:930)
	io.netty.channel.nio.AbstractNioByteChannel$NioByteUnsafe.read(AbstractNioByteChannel.java:163)
	io.netty.channel.nio.NioEventLoop.processSelectedKey(NioEventLoop.java:682)
	io.netty.channel.nio.NioEventLoop.processSelectedKeysOptimized(NioEventLoop.java:617)
	io.netty.channel.nio.NioEventLoop.processSelectedKeys(NioEventLoop.java:534)
	io.netty.channel.nio.NioEventLoop.run(NioEventLoop.java:496)
	io.netty.util.concurrent.SingleThreadEventExecutor$5.run(SingleThreadEventExecutor.java:906)
	io.netty.util.internal.ThreadExecutorMap$2.run(ThreadExecutorMap.java:74)
	io.netty.util.concurrent.FastThreadLocalRunnable.run(FastThreadLocalRunnable.java:30)
	java.lang.Thread.run(Thread.java:748)
: 7 leak records were discarded because they were duplicates
: 459 leak records were discarded because the leak record count is targeted to 4. Use system property io.netty.leakDetection.targetRecords to increase the limit.
22:42:57.865 [reactor-http-nio-6] ERROR i.n.u.ResourceLeakDetector - LEAK: ByteBuf.release() was not called before it's garbage-collected. See http://netty.io/wiki/reference-counted-objects.html for more information.
Recent access records: 
#1:
	io.netty.handler.codec.ByteToMessageDecoder.channelRead(ByteToMessageDecoder.java:286)
	io.netty.channel.CombinedChannelDuplexHandler.channelRead(CombinedChannelDuplexHandler.java:253)
	io.netty.channel.AbstractChannelHandlerContext.invokeChannelRead(AbstractChannelHandlerContext.java:374)
	io.netty.channel.AbstractChannelHandlerContext.invokeChannelRead(AbstractChannelHandlerContext.java:360)
	io.netty.channel.AbstractChannelHandlerContext.fireChannelRead(AbstractChannelHandlerContext.java:352)
	io.netty.channel.DefaultChannelPipeline$HeadContext.channelRead(DefaultChannelPipeline.java:1408)
	io.netty.channel.AbstractChannelHandlerContext.invokeChannelRead(AbstractChannelHandlerContext.java:374)
	io.netty.channel.AbstractChannelHandlerContext.invokeChannelRead(AbstractChannelHandlerContext.java:360)
	io.netty.channel.DefaultChannelPipeline.fireChannelRead(DefaultChannelPipeline.java:930)
	io.netty.channel.nio.AbstractNioByteChannel$NioByteUnsafe.read(AbstractNioByteChannel.java:163)
	io.netty.channel.nio.NioEventLoop.processSelectedKey(NioEventLoop.java:682)
	io.netty.channel.nio.NioEventLoop.processSelectedKeysOptimized(NioEventLoop.java:617)
	io.netty.channel.nio.NioEventLoop.processSelectedKeys(NioEventLoop.java:534)
	io.netty.channel.nio.NioEventLoop.run(NioEventLoop.java:496)
	io.netty.util.concurrent.SingleThreadEventExecutor$5.run(SingleThreadEventExecutor.java:906)
	io.netty.util.internal.ThreadExecutorMap$2.run(ThreadExecutorMap.java:74)
	io.netty.util.concurrent.FastThreadLocalRunnable.run(FastThreadLocalRunnable.java:30)
	java.lang.Thread.run(Thread.java:748)
#2:
	io.netty.buffer.AdvancedLeakAwareByteBuf.forEachByte(AdvancedLeakAwareByteBuf.java:670)
	io.netty.handler.codec.http.HttpObjectDecoder$HeaderParser.parse(HttpObjectDecoder.java:793)
	io.netty.handler.codec.http.HttpObjectDecoder$LineParser.parse(HttpObjectDecoder.java:842)
	io.netty.handler.codec.http.HttpObjectDecoder.decode(HttpObjectDecoder.java:313)
	io.netty.handler.codec.http.HttpServerCodec$HttpServerRequestDecoder.decode(HttpServerCodec.java:103)
	io.netty.handler.codec.ByteToMessageDecoder.decodeRemovalReentryProtection(ByteToMessageDecoder.java:502)
	io.netty.handler.codec.ByteToMessageDecoder.callDecode(ByteToMessageDecoder.java:441)
	io.netty.handler.codec.ByteToMessageDecoder.channelRead(ByteToMessageDecoder.java:278)
	io.netty.channel.CombinedChannelDuplexHandler.channelRead(CombinedChannelDuplexHandler.java:253)
	io.netty.channel.AbstractChannelHandlerContext.invokeChannelRead(AbstractChannelHandlerContext.java:374)
	io.netty.channel.AbstractChannelHandlerContext.invokeChannelRead(AbstractChannelHandlerContext.java:360)
	io.netty.channel.AbstractChannelHandlerContext.fireChannelRead(AbstractChannelHandlerContext.java:352)
	io.netty.channel.DefaultChannelPipeline$HeadContext.channelRead(DefaultChannelPipeline.java:1408)
	io.netty.channel.AbstractChannelHandlerContext.invokeChannelRead(AbstractChannelHandlerContext.java:374)
	io.netty.channel.AbstractChannelHandlerContext.invokeChannelRead(AbstractChannelHandlerContext.java:360)
	io.netty.channel.DefaultChannelPipeline.fireChannelRead(DefaultChannelPipeline.java:930)
	io.netty.channel.nio.AbstractNioByteChannel$NioByteUnsafe.read(AbstractNioByteChannel.java:163)
	io.netty.channel.nio.NioEventLoop.processSelectedKey(NioEventLoop.java:682)
	io.netty.channel.nio.NioEventLoop.processSelectedKeysOptimized(NioEventLoop.java:617)
	io.netty.channel.nio.NioEventLoop.processSelectedKeys(NioEventLoop.java:534)
	io.netty.channel.nio.NioEventLoop.run(NioEventLoop.java:496)
	io.netty.util.concurrent.SingleThreadEventExecutor$5.run(SingleThreadEventExecutor.java:906)
	io.netty.util.internal.ThreadExecutorMap$2.run(ThreadExecutorMap.java:74)
	io.netty.util.concurrent.FastThreadLocalRunnable.run(FastThreadLocalRunnable.java:30)
	java.lang.Thread.run(Thread.java:748)
#3:
	io.netty.buffer.AdvancedLeakAwareByteBuf.getByte(AdvancedLeakAwareByteBuf.java:154)
	io.netty.handler.codec.http.HttpObjectDecoder.decode(HttpObjectDecoder.java:351)
	io.netty.handler.codec.http.HttpServerCodec$HttpServerRequestDecoder.decode(HttpServerCodec.java:103)
	io.netty.handler.codec.ByteToMessageDecoder.decodeRemovalReentryProtection(ByteToMessageDecoder.java:502)
	io.netty.handler.codec.ByteToMessageDecoder.callDecode(ByteToMessageDecoder.java:441)
	io.netty.handler.codec.ByteToMessageDecoder.channelRead(ByteToMessageDecoder.java:278)
	io.netty.channel.CombinedChannelDuplexHandler.channelRead(CombinedChannelDuplexHandler.java:253)
	io.netty.channel.AbstractChannelHandlerContext.invokeChannelRead(AbstractChannelHandlerContext.java:374)
	io.netty.channel.AbstractChannelHandlerContext.invokeChannelRead(AbstractChannelHandlerContext.java:360)
	io.netty.channel.AbstractChannelHandlerContext.fireChannelRead(AbstractChannelHandlerContext.java:352)
	io.netty.channel.DefaultChannelPipeline$HeadContext.channelRead(DefaultChannelPipeline.java:1408)
	io.netty.channel.AbstractChannelHandlerContext.invokeChannelRead(AbstractChannelHandlerContext.java:374)
	io.netty.channel.AbstractChannelHandlerContext.invokeChannelRead(AbstractChannelHandlerContext.java:360)
	io.netty.channel.DefaultChannelPipeline.fireChannelRead(DefaultChannelPipeline.java:930)
	io.netty.channel.nio.AbstractNioByteChannel$NioByteUnsafe.read(AbstractNioByteChannel.java:163)
	io.netty.channel.nio.NioEventLoop.processSelectedKey(NioEventLoop.java:682)
	io.netty.channel.nio.NioEventLoop.processSelectedKeysOptimized(NioEventLoop.java:617)
	io.netty.channel.nio.NioEventLoop.processSelectedKeys(NioEventLoop.java:534)
	io.netty.channel.nio.NioEventLoop.run(NioEventLoop.java:496)
	io.netty.util.concurrent.SingleThreadEventExecutor$5.run(SingleThreadEventExecutor.java:906)
	io.netty.util.internal.ThreadExecutorMap$2.run(ThreadExecutorMap.java:74)
	io.netty.util.concurrent.FastThreadLocalRunnable.run(FastThreadLocalRunnable.java:30)
	java.lang.Thread.run(Thread.java:748)
#4:
	io.netty.buffer.AdvancedLeakAwareByteBuf.readRetainedSlice(AdvancedLeakAwareByteBuf.java:106)
	io.netty.handler.codec.http.HttpObjectDecoder.decode(HttpObjectDecoder.java:336)
	io.netty.handler.codec.http.HttpServerCodec$HttpServerRequestDecoder.decode(HttpServerCodec.java:103)
	io.netty.handler.codec.ByteToMessageDecoder.decodeRemovalReentryProtection(ByteToMessageDecoder.java:502)
	io.netty.handler.codec.ByteToMessageDecoder.callDecode(ByteToMessageDecoder.java:441)
	io.netty.handler.codec.ByteToMessageDecoder.channelRead(ByteToMessageDecoder.java:278)
	io.netty.channel.CombinedChannelDuplexHandler.channelRead(CombinedChannelDuplexHandler.java:253)
	io.netty.channel.AbstractChannelHandlerContext.invokeChannelRead(AbstractChannelHandlerContext.java:374)
	io.netty.channel.AbstractChannelHandlerContext.invokeChannelRead(AbstractChannelHandlerContext.java:360)
	io.netty.channel.AbstractChannelHandlerContext.fireChannelRead(AbstractChannelHandlerContext.java:352)
	io.netty.channel.DefaultChannelPipeline$HeadContext.channelRead(DefaultChannelPipeline.java:1408)
	io.netty.channel.AbstractChannelHandlerContext.invokeChannelRead(AbstractChannelHandlerContext.java:374)
	io.netty.channel.AbstractChannelHandlerContext.invokeChannelRead(AbstractChannelHandlerContext.java:360)
	io.netty.channel.DefaultChannelPipeline.fireChannelRead(DefaultChannelPipeline.java:930)
	io.netty.channel.nio.AbstractNioByteChannel$NioByteUnsafe.read(AbstractNioByteChannel.java:163)
	io.netty.channel.nio.NioEventLoop.processSelectedKey(NioEventLoop.java:682)
	io.netty.channel.nio.NioEventLoop.processSelectedKeysOptimized(NioEventLoop.java:617)
	io.netty.channel.nio.NioEventLoop.processSelectedKeys(NioEventLoop.java:534)
	io.netty.channel.nio.NioEventLoop.run(NioEventLoop.java:496)
	io.netty.util.concurrent.SingleThreadEventExecutor$5.run(SingleThreadEventExecutor.java:906)
	io.netty.util.internal.ThreadExecutorMap$2.run(ThreadExecutorMap.java:74)
	io.netty.util.concurrent.FastThreadLocalRunnable.run(FastThreadLocalRunnable.java:30)
	java.lang.Thread.run(Thread.java:748)
#5:
	Hint: 'reactor.left.httpCodec' will handle the message from this point.
	io.netty.channel.DefaultChannelPipeline.touch(DefaultChannelPipeline.java:116)
	io.netty.channel.AbstractChannelHandlerContext.invokeChannelRead(AbstractChannelHandlerContext.java:357)
	io.netty.channel.AbstractChannelHandlerContext.fireChannelRead(AbstractChannelHandlerContext.java:352)
	io.netty.channel.DefaultChannelPipeline$HeadContext.channelRead(DefaultChannelPipeline.java:1408)
	io.netty.channel.AbstractChannelHandlerContext.invokeChannelRead(AbstractChannelHandlerContext.java:374)
	io.netty.channel.AbstractChannelHandlerContext.invokeChannelRead(AbstractChannelHandlerContext.java:360)
	io.netty.channel.DefaultChannelPipeline.fireChannelRead(DefaultChannelPipeline.java:930)
	io.netty.channel.nio.AbstractNioByteChannel$NioByteUnsafe.read(AbstractNioByteChannel.java:163)
	io.netty.channel.nio.NioEventLoop.processSelectedKey(NioEventLoop.java:682)
	io.netty.channel.nio.NioEventLoop.processSelectedKeysOptimized(NioEventLoop.java:617)
	io.netty.channel.nio.NioEventLoop.processSelectedKeys(NioEventLoop.java:534)
	io.netty.channel.nio.NioEventLoop.run(NioEventLoop.java:496)
	io.netty.util.concurrent.SingleThreadEventExecutor$5.run(SingleThreadEventExecutor.java:906)
	io.netty.util.internal.ThreadExecutorMap$2.run(ThreadExecutorMap.java:74)
	io.netty.util.concurrent.FastThreadLocalRunnable.run(FastThreadLocalRunnable.java:30)
	java.lang.Thread.run(Thread.java:748)
#6:
	Hint: 'DefaultChannelPipeline$HeadContext#0' will handle the message from this point.
	io.netty.channel.DefaultChannelPipeline.touch(DefaultChannelPipeline.java:116)
	io.netty.channel.AbstractChannelHandlerContext.invokeChannelRead(AbstractChannelHandlerContext.java:357)
	io.netty.channel.DefaultChannelPipeline.fireChannelRead(DefaultChannelPipeline.java:930)
	io.netty.channel.nio.AbstractNioByteChannel$NioByteUnsafe.read(AbstractNioByteChannel.java:163)
	io.netty.channel.nio.NioEventLoop.processSelectedKey(NioEventLoop.java:682)
	io.netty.channel.nio.NioEventLoop.processSelectedKeysOptimized(NioEventLoop.java:617)
	io.netty.channel.nio.NioEventLoop.processSelectedKeys(NioEventLoop.java:534)
	io.netty.channel.nio.NioEventLoop.run(NioEventLoop.java:496)
	io.netty.util.concurrent.SingleThreadEventExecutor$5.run(SingleThreadEventExecutor.java:906)
	io.netty.util.internal.ThreadExecutorMap$2.run(ThreadExecutorMap.java:74)
	io.netty.util.concurrent.FastThreadLocalRunnable.run(FastThreadLocalRunnable.java:30)
	java.lang.Thread.run(Thread.java:748)
#7:
	io.netty.buffer.AdvancedLeakAwareByteBuf.writeBytes(AdvancedLeakAwareByteBuf.java:634)
	io.netty.channel.socket.nio.NioSocketChannel.doReadBytes(NioSocketChannel.java:347)
	io.netty.channel.nio.AbstractNioByteChannel$NioByteUnsafe.read(AbstractNioByteChannel.java:148)
	io.netty.channel.nio.NioEventLoop.processSelectedKey(NioEventLoop.java:682)
	io.netty.channel.nio.NioEventLoop.processSelectedKeysOptimized(NioEventLoop.java:617)
	io.netty.channel.nio.NioEventLoop.processSelectedKeys(NioEventLoop.java:534)
	io.netty.channel.nio.NioEventLoop.run(NioEventLoop.java:496)
	io.netty.util.concurrent.SingleThreadEventExecutor$5.run(SingleThreadEventExecutor.java:906)
	io.netty.util.internal.ThreadExecutorMap$2.run(ThreadExecutorMap.java:74)
	io.netty.util.concurrent.FastThreadLocalRunnable.run(FastThreadLocalRunnable.java:30)
	java.lang.Thread.run(Thread.java:748)
Created at:
	io.netty.buffer.PooledByteBufAllocator.newDirectBuffer(PooledByteBufAllocator.java:349)
	io.netty.buffer.AbstractByteBufAllocator.directBuffer(AbstractByteBufAllocator.java:187)
	io.netty.buffer.AbstractByteBufAllocator.directBuffer(AbstractByteBufAllocator.java:178)
	io.netty.buffer.AbstractByteBufAllocator.ioBuffer(AbstractByteBufAllocator.java:139)
	io.netty.channel.DefaultMaxMessagesRecvByteBufAllocator$MaxMessageHandle.allocate(DefaultMaxMessagesRecvByteBufAllocator.java:114)
	io.netty.channel.nio.AbstractNioByteChannel$NioByteUnsafe.read(AbstractNioByteChannel.java:147)
	io.netty.channel.nio.NioEventLoop.processSelectedKey(NioEventLoop.java:682)
	io.netty.channel.nio.NioEventLoop.processSelectedKeysOptimized(NioEventLoop.java:617)
	io.netty.channel.nio.NioEventLoop.processSelectedKeys(NioEventLoop.java:534)
	io.netty.channel.nio.NioEventLoop.run(NioEventLoop.java:496)
	io.netty.util.concurrent.SingleThreadEventExecutor$5.run(SingleThreadEventExecutor.java:906)
	io.netty.util.internal.ThreadExecutorMap$2.run(ThreadExecutorMap.java:74)
	io.netty.util.concurrent.FastThreadLocalRunnable.run(FastThreadLocalRunnable.java:30)
	java.lang.Thread.run(Thread.java:748)
: 14 leak records were discarded because the leak record count is targeted to 4. Use system property io.netty.leakDetection.targetRecords to increase the limit.
22:42:57.866 [reactor-http-nio-6] ERROR i.n.u.ResourceLeakDetector - LEAK: ByteBuf.release() was not called before it's garbage-collected. See http://netty.io/wiki/reference-counted-objects.html for more information.
Recent access records: 
#1:
	org.springframework.core.io.buffer.NettyDataBuffer.release(NettyDataBuffer.java:308)
	org.springframework.core.io.buffer.DataBufferUtils.release(DataBufferUtils.java:498)
	org.springframework.http.codec.multipart.DefaultMultipartMessageReader.toPart(DefaultMultipartMessageReader.java:206)
	reactor.core.publisher.FluxMap$MapConditionalSubscriber.onNext(FluxMap.java:199)
	reactor.core.publisher.FluxTakeWhile$TakeWhileSubscriber.onNext(FluxTakeWhile.java:94)
	reactor.core.publisher.FluxContextStart$ContextStartSubscriber.onNext(FluxContextStart.java:103)
	reactor.core.publisher.FluxMap$MapConditionalSubscriber.onNext(FluxMap.java:213)
	reactor.core.publisher.FluxBufferPredicate$BufferPredicateSubscriber.emit(FluxBufferPredicate.java:290)
	reactor.core.publisher.FluxBufferPredicate$BufferPredicateSubscriber.onNextNewBuffer(FluxBufferPredicate.java:257)
	reactor.core.publisher.FluxBufferPredicate$BufferPredicateSubscriber.tryOnNext(FluxBufferPredicate.java:211)
	reactor.core.publisher.FluxBufferPredicate$BufferPredicateSubscriber.onNext(FluxBufferPredicate.java:184)
	reactor.core.publisher.FluxFlatMap$FlatMapMain.drainLoop(FluxFlatMap.java:664)
	reactor.core.publisher.FluxFlatMap$FlatMapMain.drain(FluxFlatMap.java:540)
	reactor.core.publisher.FluxFlatMap$FlatMapInner.onSubscribe(FluxFlatMap.java:924)
	reactor.core.publisher.FluxIterable.subscribe(FluxIterable.java:139)
	reactor.core.publisher.FluxIterable.subscribe(FluxIterable.java:63)
	reactor.core.publisher.Flux.subscribe(Flux.java:7922)
	reactor.core.publisher.FluxFlatMap$FlatMapMain.onNext(FluxFlatMap.java:389)
	reactor.core.publisher.FluxConcatMap$ConcatMapImmediate.innerNext(FluxConcatMap.java:275)
	reactor.core.publisher.FluxConcatMap$ConcatMapInner.onNext(FluxConcatMap.java:849)
	reactor.core.publisher.FluxConcatMap$WeakScalarSubscription.request(FluxConcatMap.java:470)
	reactor.core.publisher.Operators$MultiSubscriptionSubscriber.set(Operators.java:1939)
	reactor.core.publisher.FluxConcatMap$ConcatMapImmediate.drain(FluxConcatMap.java:436)
	reactor.core.publisher.FluxConcatMap$ConcatMapImmediate.onNext(FluxConcatMap.java:244)
	reactor.core.publisher.FluxMap$MapSubscriber.onNext(FluxMap.java:114)
	reactor.core.publisher.FluxPeek$PeekSubscriber.onNext(FluxPeek.java:192)
	reactor.core.publisher.FluxMap$MapSubscriber.onNext(FluxMap.java:114)
	reactor.netty.channel.FluxReceive.drainReceiver(FluxReceive.java:206)
	reactor.netty.channel.FluxReceive.onInboundNext(FluxReceive.java:322)
	reactor.netty.channel.ChannelOperations.onInboundNext(ChannelOperations.java:335)
	reactor.netty.http.server.HttpServerOperations.onInboundNext(HttpServerOperations.java:456)
	reactor.netty.channel.ChannelOperationsHandler.channelRead(ChannelOperationsHandler.java:91)
	io.netty.channel.AbstractChannelHandlerContext.invokeChannelRead(AbstractChannelHandlerContext.java:374)
	io.netty.channel.AbstractChannelHandlerContext.invokeChannelRead(AbstractChannelHandlerContext.java:360)
	io.netty.channel.AbstractChannelHandlerContext.fireChannelRead(AbstractChannelHandlerContext.java:352)
	reactor.netty.http.server.HttpTrafficHandler.channelRead(HttpTrafficHandler.java:190)
	io.netty.channel.AbstractChannelHandlerContext.invokeChannelRead(AbstractChannelHandlerContext.java:374)
	io.netty.channel.AbstractChannelHandlerContext.invokeChannelRead(AbstractChannelHandlerContext.java:360)
	io.netty.channel.AbstractChannelHandlerContext.fireChannelRead(AbstractChannelHandlerContext.java:352)
	io.netty.channel.CombinedChannelDuplexHandler$DelegatingChannelHandlerContext.fireChannelRead(CombinedChannelDuplexHandler.java:438)
	io.netty.handler.codec.ByteToMessageDecoder.fireChannelRead(ByteToMessageDecoder.java:323)
	io.netty.handler.codec.ByteToMessageDecoder.fireChannelRead(ByteToMessageDecoder.java:310)
	io.netty.handler.codec.ByteToMessageDecoder.callDecode(ByteToMessageDecoder.java:426)
	io.netty.handler.codec.ByteToMessageDecoder.channelRead(ByteToMessageDecoder.java:278)
	io.netty.channel.CombinedChannelDuplexHandler.channelRead(CombinedChannelDuplexHandler.java:253)
	io.netty.channel.AbstractChannelHandlerContext.invokeChannelRead(AbstractChannelHandlerContext.java:374)
	io.netty.channel.AbstractChannelHandlerContext.invokeChannelRead(AbstractChannelHandlerContext.java:360)
	io.netty.channel.AbstractChannelHandlerContext.fireChannelRead(AbstractChannelHandlerContext.java:352)
	io.netty.channel.DefaultChannelPipeline$HeadContext.channelRead(DefaultChannelPipeline.java:1408)
	io.netty.channel.AbstractChannelHandlerContext.invokeChannelRead(AbstractChannelHandlerContext.java:374)
	io.netty.channel.AbstractChannelHandlerContext.invokeChannelRead(AbstractChannelHandlerContext.java:360)
	io.netty.channel.DefaultChannelPipeline.fireChannelRead(DefaultChannelPipeline.java:930)
	io.netty.channel.nio.AbstractNioByteChannel$NioByteUnsafe.read(AbstractNioByteChannel.java:163)
	io.netty.channel.nio.NioEventLoop.processSelectedKey(NioEventLoop.java:682)
	io.netty.channel.nio.NioEventLoop.processSelectedKeysOptimized(NioEventLoop.java:617)
	io.netty.channel.nio.NioEventLoop.processSelectedKeys(NioEventLoop.java:534)
	io.netty.channel.nio.NioEventLoop.run(NioEventLoop.java:496)
	io.netty.util.concurrent.SingleThreadEventExecutor$5.run(SingleThreadEventExecutor.java:906)
	io.netty.util.internal.ThreadExecutorMap$2.run(ThreadExecutorMap.java:74)
	io.netty.util.concurrent.FastThreadLocalRunnable.run(FastThreadLocalRunnable.java:30)
	java.lang.Thread.run(Thread.java:748)
#2:
	io.netty.buffer.AdvancedLeakAwareCompositeByteBuf.getByte(AdvancedLeakAwareCompositeByteBuf.java:140)
	org.springframework.core.io.buffer.NettyDataBuffer.getByte(NettyDataBuffer.java:132)
	org.springframework.core.io.buffer.DataBufferUtils$KnuthMorrisPrattMatcher.match(DataBufferUtils.java:1005)
	org.springframework.http.codec.multipart.DefaultMultipartMessageReader.toPart(DefaultMultipartMessageReader.java:184)
	reactor.core.publisher.FluxMap$MapConditionalSubscriber.onNext(FluxMap.java:199)
	reactor.core.publisher.FluxTakeWhile$TakeWhileSubscriber.onNext(FluxTakeWhile.java:94)
	reactor.core.publisher.FluxContextStart$ContextStartSubscriber.onNext(FluxContextStart.java:103)
	reactor.core.publisher.FluxMap$MapConditionalSubscriber.onNext(FluxMap.java:213)
	reactor.core.publisher.FluxBufferPredicate$BufferPredicateSubscriber.emit(FluxBufferPredicate.java:290)
	reactor.core.publisher.FluxBufferPredicate$BufferPredicateSubscriber.onNextNewBuffer(FluxBufferPredicate.java:257)
	reactor.core.publisher.FluxBufferPredicate$BufferPredicateSubscriber.tryOnNext(FluxBufferPredicate.java:211)
	reactor.core.publisher.FluxBufferPredicate$BufferPredicateSubscriber.onNext(FluxBufferPredicate.java:184)
	reactor.core.publisher.FluxFlatMap$FlatMapMain.drainLoop(FluxFlatMap.java:664)
	reactor.core.publisher.FluxFlatMap$FlatMapMain.drain(FluxFlatMap.java:540)
	reactor.core.publisher.FluxFlatMap$FlatMapInner.onSubscribe(FluxFlatMap.java:924)
	reactor.core.publisher.FluxIterable.subscribe(FluxIterable.java:139)
	reactor.core.publisher.FluxIterable.subscribe(FluxIterable.java:63)
	reactor.core.publisher.Flux.subscribe(Flux.java:7922)
	reactor.core.publisher.FluxFlatMap$FlatMapMain.onNext(FluxFlatMap.java:389)
	reactor.core.publisher.FluxConcatMap$ConcatMapImmediate.innerNext(FluxConcatMap.java:275)
	reactor.core.publisher.FluxConcatMap$ConcatMapInner.onNext(FluxConcatMap.java:849)
	reactor.core.publisher.FluxConcatMap$WeakScalarSubscription.request(FluxConcatMap.java:470)
	reactor.core.publisher.Operators$MultiSubscriptionSubscriber.set(Operators.java:1939)
	reactor.core.publisher.FluxConcatMap$ConcatMapImmediate.drain(FluxConcatMap.java:436)
	reactor.core.publisher.FluxConcatMap$ConcatMapImmediate.onNext(FluxConcatMap.java:244)
	reactor.core.publisher.FluxMap$MapSubscriber.onNext(FluxMap.java:114)
	reactor.core.publisher.FluxPeek$PeekSubscriber.onNext(FluxPeek.java:192)
	reactor.core.publisher.FluxMap$MapSubscriber.onNext(FluxMap.java:114)
	reactor.netty.channel.FluxReceive.drainReceiver(FluxReceive.java:206)
	reactor.netty.channel.FluxReceive.onInboundNext(FluxReceive.java:322)
	reactor.netty.channel.ChannelOperations.onInboundNext(ChannelOperations.java:335)
	reactor.netty.http.server.HttpServerOperations.onInboundNext(HttpServerOperations.java:456)
	reactor.netty.channel.ChannelOperationsHandler.channelRead(ChannelOperationsHandler.java:91)
	io.netty.channel.AbstractChannelHandlerContext.invokeChannelRead(AbstractChannelHandlerContext.java:374)
	io.netty.channel.AbstractChannelHandlerContext.invokeChannelRead(AbstractChannelHandlerContext.java:360)
	io.netty.channel.AbstractChannelHandlerContext.fireChannelRead(AbstractChannelHandlerContext.java:352)
	reactor.netty.http.server.HttpTrafficHandler.channelRead(HttpTrafficHandler.java:190)
	io.netty.channel.AbstractChannelHandlerContext.invokeChannelRead(AbstractChannelHandlerContext.java:374)
	io.netty.channel.AbstractChannelHandlerContext.invokeChannelRead(AbstractChannelHandlerContext.java:360)
	io.netty.channel.AbstractChannelHandlerContext.fireChannelRead(AbstractChannelHandlerContext.java:352)
	io.netty.channel.CombinedChannelDuplexHandler$DelegatingChannelHandlerContext.fireChannelRead(CombinedChannelDuplexHandler.java:438)
	io.netty.handler.codec.ByteToMessageDecoder.fireChannelRead(ByteToMessageDecoder.java:323)
	io.netty.handler.codec.ByteToMessageDecoder.fireChannelRead(ByteToMessageDecoder.java:310)
	io.netty.handler.codec.ByteToMessageDecoder.callDecode(ByteToMessageDecoder.java:426)
	io.netty.handler.codec.ByteToMessageDecoder.channelRead(ByteToMessageDecoder.java:278)
	io.netty.channel.CombinedChannelDuplexHandler.channelRead(CombinedChannelDuplexHandler.java:253)
	io.netty.channel.AbstractChannelHandlerContext.invokeChannelRead(AbstractChannelHandlerContext.java:374)
	io.netty.channel.AbstractChannelHandlerContext.invokeChannelRead(AbstractChannelHandlerContext.java:360)
	io.netty.channel.AbstractChannelHandlerContext.fireChannelRead(AbstractChannelHandlerContext.java:352)
	io.netty.channel.DefaultChannelPipeline$HeadContext.channelRead(DefaultChannelPipeline.java:1408)
	io.netty.channel.AbstractChannelHandlerContext.invokeChannelRead(AbstractChannelHandlerContext.java:374)
	io.netty.channel.AbstractChannelHandlerContext.invokeChannelRead(AbstractChannelHandlerContext.java:360)
	io.netty.channel.DefaultChannelPipeline.fireChannelRead(DefaultChannelPipeline.java:930)
	io.netty.channel.nio.AbstractNioByteChannel$NioByteUnsafe.read(AbstractNioByteChannel.java:163)
	io.netty.channel.nio.NioEventLoop.processSelectedKey(NioEventLoop.java:682)
	io.netty.channel.nio.NioEventLoop.processSelectedKeysOptimized(NioEventLoop.java:617)
	io.netty.channel.nio.NioEventLoop.processSelectedKeys(NioEventLoop.java:534)
	io.netty.channel.nio.NioEventLoop.run(NioEventLoop.java:496)
	io.netty.util.concurrent.SingleThreadEventExecutor$5.run(SingleThreadEventExecutor.java:906)
	io.netty.util.internal.ThreadExecutorMap$2.run(ThreadExecutorMap.java:74)
	io.netty.util.concurrent.FastThreadLocalRunnable.run(FastThreadLocalRunnable.java:30)
	java.lang.Thread.run(Thread.java:748)
#3:
	io.netty.buffer.AdvancedLeakAwareCompositeByteBuf.getByte(AdvancedLeakAwareCompositeByteBuf.java:140)
	org.springframework.core.io.buffer.NettyDataBuffer.getByte(NettyDataBuffer.java:132)
	org.springframework.http.codec.multipart.DefaultMultipartMessageReader.toPart(DefaultMultipartMessageReader.java:179)
	reactor.core.publisher.FluxMap$MapConditionalSubscriber.onNext(FluxMap.java:199)
	reactor.core.publisher.FluxTakeWhile$TakeWhileSubscriber.onNext(FluxTakeWhile.java:94)
	reactor.core.publisher.FluxContextStart$ContextStartSubscriber.onNext(FluxContextStart.java:103)
	reactor.core.publisher.FluxMap$MapConditionalSubscriber.onNext(FluxMap.java:213)
	reactor.core.publisher.FluxBufferPredicate$BufferPredicateSubscriber.emit(FluxBufferPredicate.java:290)
	reactor.core.publisher.FluxBufferPredicate$BufferPredicateSubscriber.onNextNewBuffer(FluxBufferPredicate.java:257)
	reactor.core.publisher.FluxBufferPredicate$BufferPredicateSubscriber.tryOnNext(FluxBufferPredicate.java:211)
	reactor.core.publisher.FluxBufferPredicate$BufferPredicateSubscriber.onNext(FluxBufferPredicate.java:184)
	reactor.core.publisher.FluxFlatMap$FlatMapMain.drainLoop(FluxFlatMap.java:664)
	reactor.core.publisher.FluxFlatMap$FlatMapMain.drain(FluxFlatMap.java:540)
	reactor.core.publisher.FluxFlatMap$FlatMapInner.onSubscribe(FluxFlatMap.java:924)
	reactor.core.publisher.FluxIterable.subscribe(FluxIterable.java:139)
	reactor.core.publisher.FluxIterable.subscribe(FluxIterable.java:63)
	reactor.core.publisher.Flux.subscribe(Flux.java:7922)
	reactor.core.publisher.FluxFlatMap$FlatMapMain.onNext(FluxFlatMap.java:389)
	reactor.core.publisher.FluxConcatMap$ConcatMapImmediate.innerNext(FluxConcatMap.java:275)
	reactor.core.publisher.FluxConcatMap$ConcatMapInner.onNext(FluxConcatMap.java:849)
	reactor.core.publisher.FluxConcatMap$WeakScalarSubscription.request(FluxConcatMap.java:470)
	reactor.core.publisher.Operators$MultiSubscriptionSubscriber.set(Operators.java:1939)
	reactor.core.publisher.FluxConcatMap$ConcatMapImmediate.drain(FluxConcatMap.java:436)
	reactor.core.publisher.FluxConcatMap$ConcatMapImmediate.onNext(FluxConcatMap.java:244)
	reactor.core.publisher.FluxMap$MapSubscriber.onNext(FluxMap.java:114)
	reactor.core.publisher.FluxPeek$PeekSubscriber.onNext(FluxPeek.java:192)
	reactor.core.publisher.FluxMap$MapSubscriber.onNext(FluxMap.java:114)
	reactor.netty.channel.FluxReceive.drainReceiver(FluxReceive.java:206)
	reactor.netty.channel.FluxReceive.onInboundNext(FluxReceive.java:322)
	reactor.netty.channel.ChannelOperations.onInboundNext(ChannelOperations.java:335)
	reactor.netty.http.server.HttpServerOperations.onInboundNext(HttpServerOperations.java:456)
	reactor.netty.channel.ChannelOperationsHandler.channelRead(ChannelOperationsHandler.java:91)
	io.netty.channel.AbstractChannelHandlerContext.invokeChannelRead(AbstractChannelHandlerContext.java:374)
	io.netty.channel.AbstractChannelHandlerContext.invokeChannelRead(AbstractChannelHandlerContext.java:360)
	io.netty.channel.AbstractChannelHandlerContext.fireChannelRead(AbstractChannelHandlerContext.java:352)
	reactor.netty.http.server.HttpTrafficHandler.channelRead(HttpTrafficHandler.java:190)
	io.netty.channel.AbstractChannelHandlerContext.invokeChannelRead(AbstractChannelHandlerContext.java:374)
	io.netty.channel.AbstractChannelHandlerContext.invokeChannelRead(AbstractChannelHandlerContext.java:360)
	io.netty.channel.AbstractChannelHandlerContext.fireChannelRead(AbstractChannelHandlerContext.java:352)
	io.netty.channel.CombinedChannelDuplexHandler$DelegatingChannelHandlerContext.fireChannelRead(CombinedChannelDuplexHandler.java:438)
	io.netty.handler.codec.ByteToMessageDecoder.fireChannelRead(ByteToMessageDecoder.java:323)
	io.netty.handler.codec.ByteToMessageDecoder.fireChannelRead(ByteToMessageDecoder.java:310)
	io.netty.handler.codec.ByteToMessageDecoder.callDecode(ByteToMessageDecoder.java:426)
	io.netty.handler.codec.ByteToMessageDecoder.channelRead(ByteToMessageDecoder.java:278)
	io.netty.channel.CombinedChannelDuplexHandler.channelRead(CombinedChannelDuplexHandler.java:253)
	io.netty.channel.AbstractChannelHandlerContext.invokeChannelRead(AbstractChannelHandlerContext.java:374)
	io.netty.channel.AbstractChannelHandlerContext.invokeChannelRead(AbstractChannelHandlerContext.java:360)
	io.netty.channel.AbstractChannelHandlerContext.fireChannelRead(AbstractChannelHandlerContext.java:352)
	io.netty.channel.DefaultChannelPipeline$HeadContext.channelRead(DefaultChannelPipeline.java:1408)
	io.netty.channel.AbstractChannelHandlerContext.invokeChannelRead(AbstractChannelHandlerContext.java:374)
	io.netty.channel.AbstractChannelHandlerContext.invokeChannelRead(AbstractChannelHandlerContext.java:360)
	io.netty.channel.DefaultChannelPipeline.fireChannelRead(DefaultChannelPipeline.java:930)
	io.netty.channel.nio.AbstractNioByteChannel$NioByteUnsafe.read(AbstractNioByteChannel.java:163)
	io.netty.channel.nio.NioEventLoop.processSelectedKey(NioEventLoop.java:682)
	io.netty.channel.nio.NioEventLoop.processSelectedKeysOptimized(NioEventLoop.java:617)
	io.netty.channel.nio.NioEventLoop.processSelectedKeys(NioEventLoop.java:534)
	io.netty.channel.nio.NioEventLoop.run(NioEventLoop.java:496)
	io.netty.util.concurrent.SingleThreadEventExecutor$5.run(SingleThreadEventExecutor.java:906)
	io.netty.util.internal.ThreadExecutorMap$2.run(ThreadExecutorMap.java:74)
	io.netty.util.concurrent.FastThreadLocalRunnable.run(FastThreadLocalRunnable.java:30)
	java.lang.Thread.run(Thread.java:748)
#4:
	io.netty.buffer.AdvancedLeakAwareCompositeByteBuf.addComponent(AdvancedLeakAwareCompositeByteBuf.java:920)
	org.springframework.core.io.buffer.NettyDataBufferFactory.join(NettyDataBufferFactory.java:111)
	org.springframework.core.io.buffer.DataBufferUtils.joinAndStrip(DataBufferUtils.java:686)
	org.springframework.core.io.buffer.DataBufferUtils.lambda$split$20(DataBufferUtils.java:605)
	reactor.core.publisher.FluxMap$MapConditionalSubscriber.onNext(FluxMap.java:199)
	reactor.core.publisher.FluxBufferPredicate$BufferPredicateSubscriber.emit(FluxBufferPredicate.java:290)
	reactor.core.publisher.FluxBufferPredicate$BufferPredicateSubscriber.onNextNewBuffer(FluxBufferPredicate.java:257)
	reactor.core.publisher.FluxBufferPredicate$BufferPredicateSubscriber.tryOnNext(FluxBufferPredicate.java:211)
	reactor.core.publisher.FluxBufferPredicate$BufferPredicateSubscriber.onNext(FluxBufferPredicate.java:184)
	reactor.core.publisher.FluxFlatMap$FlatMapMain.drainLoop(FluxFlatMap.java:664)
	reactor.core.publisher.FluxFlatMap$FlatMapMain.drain(FluxFlatMap.java:540)
	reactor.core.publisher.FluxFlatMap$FlatMapInner.onSubscribe(FluxFlatMap.java:924)
	reactor.core.publisher.FluxIterable.subscribe(FluxIterable.java:139)
	reactor.core.publisher.FluxIterable.subscribe(FluxIterable.java:63)
	reactor.core.publisher.Flux.subscribe(Flux.java:7922)
	reactor.core.publisher.FluxFlatMap$FlatMapMain.onNext(FluxFlatMap.java:389)
	reactor.core.publisher.FluxConcatMap$ConcatMapImmediate.innerNext(FluxConcatMap.java:275)
	reactor.core.publisher.FluxConcatMap$ConcatMapInner.onNext(FluxConcatMap.java:849)
	reactor.core.publisher.FluxConcatMap$WeakScalarSubscription.request(FluxConcatMap.java:470)
	reactor.core.publisher.Operators$MultiSubscriptionSubscriber.set(Operators.java:1939)
	reactor.core.publisher.FluxConcatMap$ConcatMapImmediate.drain(FluxConcatMap.java:436)
	reactor.core.publisher.FluxConcatMap$ConcatMapImmediate.onNext(FluxConcatMap.java:244)
	reactor.core.publisher.FluxMap$MapSubscriber.onNext(FluxMap.java:114)
	reactor.core.publisher.FluxPeek$PeekSubscriber.onNext(FluxPeek.java:192)
	reactor.core.publisher.FluxMap$MapSubscriber.onNext(FluxMap.java:114)
	reactor.netty.channel.FluxReceive.drainReceiver(FluxReceive.java:206)
	reactor.netty.channel.FluxReceive.onInboundNext(FluxReceive.java:322)
	reactor.netty.channel.ChannelOperations.onInboundNext(ChannelOperations.java:335)
	reactor.netty.http.server.HttpServerOperations.onInboundNext(HttpServerOperations.java:456)
	reactor.netty.channel.ChannelOperationsHandler.channelRead(ChannelOperationsHandler.java:91)
	io.netty.channel.AbstractChannelHandlerContext.invokeChannelRead(AbstractChannelHandlerContext.java:374)
	io.netty.channel.AbstractChannelHandlerContext.invokeChannelRead(AbstractChannelHandlerContext.java:360)
	io.netty.channel.AbstractChannelHandlerContext.fireChannelRead(AbstractChannelHandlerContext.java:352)
	reactor.netty.http.server.HttpTrafficHandler.channelRead(HttpTrafficHandler.java:190)
	io.netty.channel.AbstractChannelHandlerContext.invokeChannelRead(AbstractChannelHandlerContext.java:374)
	io.netty.channel.AbstractChannelHandlerContext.invokeChannelRead(AbstractChannelHandlerContext.java:360)
	io.netty.channel.AbstractChannelHandlerContext.fireChannelRead(AbstractChannelHandlerContext.java:352)
	io.netty.channel.CombinedChannelDuplexHandler$DelegatingChannelHandlerContext.fireChannelRead(CombinedChannelDuplexHandler.java:438)
	io.netty.handler.codec.ByteToMessageDecoder.fireChannelRead(ByteToMessageDecoder.java:323)
	io.netty.handler.codec.ByteToMessageDecoder.fireChannelRead(ByteToMessageDecoder.java:310)
	io.netty.handler.codec.ByteToMessageDecoder.callDecode(ByteToMessageDecoder.java:426)
	io.netty.handler.codec.ByteToMessageDecoder.channelRead(ByteToMessageDecoder.java:278)
	io.netty.channel.CombinedChannelDuplexHandler.channelRead(CombinedChannelDuplexHandler.java:253)
	io.netty.channel.AbstractChannelHandlerContext.invokeChannelRead(AbstractChannelHandlerContext.java:374)
	io.netty.channel.AbstractChannelHandlerContext.invokeChannelRead(AbstractChannelHandlerContext.java:360)
	io.netty.channel.AbstractChannelHandlerContext.fireChannelRead(AbstractChannelHandlerContext.java:352)
	io.netty.channel.DefaultChannelPipeline$HeadContext.channelRead(DefaultChannelPipeline.java:1408)
	io.netty.channel.AbstractChannelHandlerContext.invokeChannelRead(AbstractChannelHandlerContext.java:374)
	io.netty.channel.AbstractChannelHandlerContext.invokeChannelRead(AbstractChannelHandlerContext.java:360)
	io.netty.channel.DefaultChannelPipeline.fireChannelRead(DefaultChannelPipeline.java:930)
	io.netty.channel.nio.AbstractNioByteChannel$NioByteUnsafe.read(AbstractNioByteChannel.java:163)
	io.netty.channel.nio.NioEventLoop.processSelectedKey(NioEventLoop.java:682)
	io.netty.channel.nio.NioEventLoop.processSelectedKeysOptimized(NioEventLoop.java:617)
	io.netty.channel.nio.NioEventLoop.processSelectedKeys(NioEventLoop.java:534)
	io.netty.channel.nio.NioEventLoop.run(NioEventLoop.java:496)
	io.netty.util.concurrent.SingleThreadEventExecutor$5.run(SingleThreadEventExecutor.java:906)
	io.netty.util.internal.ThreadExecutorMap$2.run(ThreadExecutorMap.java:74)
	io.netty.util.concurrent.FastThreadLocalRunnable.run(FastThreadLocalRunnable.java:30)
	java.lang.Thread.run(Thread.java:748)
Created at:
	io.netty.buffer.AbstractByteBufAllocator.compositeDirectBuffer(AbstractByteBufAllocator.java:223)
	io.netty.buffer.AbstractByteBufAllocator.compositeBuffer(AbstractByteBufAllocator.java:201)
	org.springframework.core.io.buffer.NettyDataBufferFactory.join(NettyDataBufferFactory.java:108)
	org.springframework.core.io.buffer.DataBufferUtils.joinAndStrip(DataBufferUtils.java:686)
	org.springframework.core.io.buffer.DataBufferUtils.lambda$split$20(DataBufferUtils.java:605)
	reactor.core.publisher.FluxMap$MapConditionalSubscriber.onNext(FluxMap.java:199)
	reactor.core.publisher.FluxBufferPredicate$BufferPredicateSubscriber.emit(FluxBufferPredicate.java:290)
	reactor.core.publisher.FluxBufferPredicate$BufferPredicateSubscriber.onNextNewBuffer(FluxBufferPredicate.java:257)
	reactor.core.publisher.FluxBufferPredicate$BufferPredicateSubscriber.tryOnNext(FluxBufferPredicate.java:211)
	reactor.core.publisher.FluxBufferPredicate$BufferPredicateSubscriber.onNext(FluxBufferPredicate.java:184)
	reactor.core.publisher.FluxFlatMap$FlatMapMain.drainLoop(FluxFlatMap.java:664)
	reactor.core.publisher.FluxFlatMap$FlatMapMain.drain(FluxFlatMap.java:540)
	reactor.core.publisher.FluxFlatMap$FlatMapInner.onSubscribe(FluxFlatMap.java:924)
	reactor.core.publisher.FluxIterable.subscribe(FluxIterable.java:139)
	reactor.core.publisher.FluxIterable.subscribe(FluxIterable.java:63)
	reactor.core.publisher.Flux.subscribe(Flux.java:7922)
	reactor.core.publisher.FluxFlatMap$FlatMapMain.onNext(FluxFlatMap.java:389)
	reactor.core.publisher.FluxConcatMap$ConcatMapImmediate.innerNext(FluxConcatMap.java:275)
	reactor.core.publisher.FluxConcatMap$ConcatMapInner.onNext(FluxConcatMap.java:849)
	reactor.core.publisher.FluxConcatMap$WeakScalarSubscription.request(FluxConcatMap.java:470)
	reactor.core.publisher.Operators$MultiSubscriptionSubscriber.set(Operators.java:1939)
	reactor.core.publisher.FluxConcatMap$ConcatMapImmediate.drain(FluxConcatMap.java:436)
	reactor.core.publisher.FluxConcatMap$ConcatMapImmediate.onNext(FluxConcatMap.java:244)
	reactor.core.publisher.FluxMap$MapSubscriber.onNext(FluxMap.java:114)
	reactor.core.publisher.FluxPeek$PeekSubscriber.onNext(FluxPeek.java:192)
	reactor.core.publisher.FluxMap$MapSubscriber.onNext(FluxMap.java:114)
	reactor.netty.channel.FluxReceive.drainReceiver(FluxReceive.java:206)
	reactor.netty.channel.FluxReceive.onInboundNext(FluxReceive.java:322)
	reactor.netty.channel.ChannelOperations.onInboundNext(ChannelOperations.java:335)
	reactor.netty.http.server.HttpServerOperations.onInboundNext(HttpServerOperations.java:456)
	reactor.netty.channel.ChannelOperationsHandler.channelRead(ChannelOperationsHandler.java:91)
	io.netty.channel.AbstractChannelHandlerContext.invokeChannelRead(AbstractChannelHandlerContext.java:374)
	io.netty.channel.AbstractChannelHandlerContext.invokeChannelRead(AbstractChannelHandlerContext.java:360)
	io.netty.channel.AbstractChannelHandlerContext.fireChannelRead(AbstractChannelHandlerContext.java:352)
	reactor.netty.http.server.HttpTrafficHandler.channelRead(HttpTrafficHandler.java:190)
	io.netty.channel.AbstractChannelHandlerContext.invokeChannelRead(AbstractChannelHandlerContext.java:374)
	io.netty.channel.AbstractChannelHandlerContext.invokeChannelRead(AbstractChannelHandlerContext.java:360)
	io.netty.channel.AbstractChannelHandlerContext.fireChannelRead(AbstractChannelHandlerContext.java:352)
	io.netty.channel.CombinedChannelDuplexHandler$DelegatingChannelHandlerContext.fireChannelRead(CombinedChannelDuplexHandler.java:438)
	io.netty.handler.codec.ByteToMessageDecoder.fireChannelRead(ByteToMessageDecoder.java:323)
	io.netty.handler.codec.ByteToMessageDecoder.fireChannelRead(ByteToMessageDecoder.java:310)
	io.netty.handler.codec.ByteToMessageDecoder.callDecode(ByteToMessageDecoder.java:426)
	io.netty.handler.codec.ByteToMessageDecoder.channelRead(ByteToMessageDecoder.java:278)
	io.netty.channel.CombinedChannelDuplexHandler.channelRead(CombinedChannelDuplexHandler.java:253)
	io.netty.channel.AbstractChannelHandlerContext.invokeChannelRead(AbstractChannelHandlerContext.java:374)
	io.netty.channel.AbstractChannelHandlerContext.invokeChannelRead(AbstractChannelHandlerContext.java:360)
	io.netty.channel.AbstractChannelHandlerContext.fireChannelRead(AbstractChannelHandlerContext.java:352)
	io.netty.channel.DefaultChannelPipeline$HeadContext.channelRead(DefaultChannelPipeline.java:1408)
	io.netty.channel.AbstractChannelHandlerContext.invokeChannelRead(AbstractChannelHandlerContext.java:374)
	io.netty.channel.AbstractChannelHandlerContext.invokeChannelRead(AbstractChannelHandlerContext.java:360)
	io.netty.channel.DefaultChannelPipeline.fireChannelRead(DefaultChannelPipeline.java:930)
	io.netty.channel.nio.AbstractNioByteChannel$NioByteUnsafe.read(AbstractNioByteChannel.java:163)
	io.netty.channel.nio.NioEventLoop.processSelectedKey(NioEventLoop.java:682)
	io.netty.channel.nio.NioEventLoop.processSelectedKeysOptimized(NioEventLoop.java:617)
	io.netty.channel.nio.NioEventLoop.processSelectedKeys(NioEventLoop.java:534)
	io.netty.channel.nio.NioEventLoop.run(NioEventLoop.java:496)
	io.netty.util.concurrent.SingleThreadEventExecutor$5.run(SingleThreadEventExecutor.java:906)
	io.netty.util.internal.ThreadExecutorMap$2.run(ThreadExecutorMap.java:74)
	io.netty.util.concurrent.FastThreadLocalRunnable.run(FastThreadLocalRunnable.java:30)
	java.lang.Thread.run(Thread.java:748)
: 4 leak records were discarded because they were duplicates
: 108 leak records were discarded because the leak record count is targeted to 4. Use system property io.netty.leakDetection.targetRecords to increase the limit.
22:42:57.867 [reactor-http-nio-6] ERROR i.n.u.ResourceLeakDetector - LEAK: ByteBuf.release() was not called before it's garbage-collected. See http://netty.io/wiki/reference-counted-objects.html for more information.
Recent access records: 
#1:
	io.netty.buffer.AdvancedLeakAwareByteBuf.getByte(AdvancedLeakAwareByteBuf.java:154)
	io.netty.buffer.CompositeByteBuf.getByte(CompositeByteBuf.java:913)
	io.netty.buffer.WrappedCompositeByteBuf.getByte(WrappedCompositeByteBuf.java:652)
	io.netty.buffer.AdvancedLeakAwareCompositeByteBuf.getByte(AdvancedLeakAwareCompositeByteBuf.java:141)
	org.springframework.core.io.buffer.NettyDataBuffer.getByte(NettyDataBuffer.java:132)
	org.springframework.http.codec.multipart.DefaultMultipartMessageReader.toPart(DefaultMultipartMessageReader.java:179)
	reactor.core.publisher.FluxMap$MapConditionalSubscriber.onNext(FluxMap.java:199)
	reactor.core.publisher.FluxTakeWhile$TakeWhileSubscriber.onNext(FluxTakeWhile.java:94)
	reactor.core.publisher.FluxContextStart$ContextStartSubscriber.onNext(FluxContextStart.java:103)
	reactor.core.publisher.FluxMap$MapConditionalSubscriber.onNext(FluxMap.java:213)
	reactor.core.publisher.FluxBufferPredicate$BufferPredicateSubscriber.emit(FluxBufferPredicate.java:290)
	reactor.core.publisher.FluxBufferPredicate$BufferPredicateSubscriber.onNextNewBuffer(FluxBufferPredicate.java:257)
	reactor.core.publisher.FluxBufferPredicate$BufferPredicateSubscriber.tryOnNext(FluxBufferPredicate.java:211)
	reactor.core.publisher.FluxBufferPredicate$BufferPredicateSubscriber.onNext(FluxBufferPredicate.java:184)
	reactor.core.publisher.FluxFlatMap$FlatMapMain.drainLoop(FluxFlatMap.java:664)
	reactor.core.publisher.FluxFlatMap$FlatMapMain.drain(FluxFlatMap.java:540)
	reactor.core.publisher.FluxFlatMap$FlatMapInner.onSubscribe(FluxFlatMap.java:924)
	reactor.core.publisher.FluxIterable.subscribe(FluxIterable.java:139)
	reactor.core.publisher.FluxIterable.subscribe(FluxIterable.java:63)
	reactor.core.publisher.Flux.subscribe(Flux.java:7922)
	reactor.core.publisher.FluxFlatMap$FlatMapMain.onNext(FluxFlatMap.java:389)
	reactor.core.publisher.FluxConcatMap$ConcatMapImmediate.innerNext(FluxConcatMap.java:275)
	reactor.core.publisher.FluxConcatMap$ConcatMapInner.onNext(FluxConcatMap.java:849)
	reactor.core.publisher.FluxConcatMap$WeakScalarSubscription.request(FluxConcatMap.java:470)
	reactor.core.publisher.Operators$MultiSubscriptionSubscriber.set(Operators.java:1939)
	reactor.core.publisher.FluxConcatMap$ConcatMapImmediate.drain(FluxConcatMap.java:436)
	reactor.core.publisher.FluxConcatMap$ConcatMapImmediate.onNext(FluxConcatMap.java:244)
	reactor.core.publisher.FluxMap$MapSubscriber.onNext(FluxMap.java:114)
	reactor.core.publisher.FluxPeek$PeekSubscriber.onNext(FluxPeek.java:192)
	reactor.core.publisher.FluxMap$MapSubscriber.onNext(FluxMap.java:114)
	reactor.netty.channel.FluxReceive.drainReceiver(FluxReceive.java:206)
	reactor.netty.channel.FluxReceive.onInboundNext(FluxReceive.java:322)
	reactor.netty.channel.ChannelOperations.onInboundNext(ChannelOperations.java:335)
	reactor.netty.http.server.HttpServerOperations.onInboundNext(HttpServerOperations.java:456)
	reactor.netty.channel.ChannelOperationsHandler.channelRead(ChannelOperationsHandler.java:91)
	io.netty.channel.AbstractChannelHandlerContext.invokeChannelRead(AbstractChannelHandlerContext.java:374)
	io.netty.channel.AbstractChannelHandlerContext.invokeChannelRead(AbstractChannelHandlerContext.java:360)
	io.netty.channel.AbstractChannelHandlerContext.fireChannelRead(AbstractChannelHandlerContext.java:352)
	reactor.netty.http.server.HttpTrafficHandler.channelRead(HttpTrafficHandler.java:190)
	io.netty.channel.AbstractChannelHandlerContext.invokeChannelRead(AbstractChannelHandlerContext.java:374)
	io.netty.channel.AbstractChannelHandlerContext.invokeChannelRead(AbstractChannelHandlerContext.java:360)
	io.netty.channel.AbstractChannelHandlerContext.fireChannelRead(AbstractChannelHandlerContext.java:352)
	io.netty.channel.CombinedChannelDuplexHandler$DelegatingChannelHandlerContext.fireChannelRead(CombinedChannelDuplexHandler.java:438)
	io.netty.handler.codec.ByteToMessageDecoder.fireChannelRead(ByteToMessageDecoder.java:323)
	io.netty.handler.codec.ByteToMessageDecoder.fireChannelRead(ByteToMessageDecoder.java:310)
	io.netty.handler.codec.ByteToMessageDecoder.callDecode(ByteToMessageDecoder.java:426)
	io.netty.handler.codec.ByteToMessageDecoder.channelRead(ByteToMessageDecoder.java:278)
	io.netty.channel.CombinedChannelDuplexHandler.channelRead(CombinedChannelDuplexHandler.java:253)
	io.netty.channel.AbstractChannelHandlerContext.invokeChannelRead(AbstractChannelHandlerContext.java:374)
	io.netty.channel.AbstractChannelHandlerContext.invokeChannelRead(AbstractChannelHandlerContext.java:360)
	io.netty.channel.AbstractChannelHandlerContext.fireChannelRead(AbstractChannelHandlerContext.java:352)
	io.netty.channel.DefaultChannelPipeline$HeadContext.channelRead(DefaultChannelPipeline.java:1408)
	io.netty.channel.AbstractChannelHandlerContext.invokeChannelRead(AbstractChannelHandlerContext.java:374)
	io.netty.channel.AbstractChannelHandlerContext.invokeChannelRead(AbstractChannelHandlerContext.java:360)
	io.netty.channel.DefaultChannelPipeline.fireChannelRead(DefaultChannelPipeline.java:930)
	io.netty.channel.nio.AbstractNioByteChannel$NioByteUnsafe.read(AbstractNioByteChannel.java:163)
	io.netty.channel.nio.NioEventLoop.processSelectedKey(NioEventLoop.java:682)
	io.netty.channel.nio.NioEventLoop.processSelectedKeysOptimized(NioEventLoop.java:617)
	io.netty.channel.nio.NioEventLoop.processSelectedKeys(NioEventLoop.java:534)
	io.netty.channel.nio.NioEventLoop.run(NioEventLoop.java:496)
	io.netty.util.concurrent.SingleThreadEventExecutor$5.run(SingleThreadEventExecutor.java:906)
	io.netty.util.internal.ThreadExecutorMap$2.run(ThreadExecutorMap.java:74)
	io.netty.util.concurrent.FastThreadLocalRunnable.run(FastThreadLocalRunnable.java:30)
	java.lang.Thread.run(Thread.java:748)
#2:
	io.netty.buffer.AdvancedLeakAwareByteBuf.getByte(AdvancedLeakAwareByteBuf.java:154)
	org.springframework.core.io.buffer.NettyDataBuffer.getByte(NettyDataBuffer.java:132)
	org.springframework.core.io.buffer.DataBufferUtils$KnuthMorrisPrattMatcher.match(DataBufferUtils.java:1005)
	org.springframework.core.io.buffer.DataBufferUtils.endFrameAfterDelimiter(DataBufferUtils.java:634)
	org.springframework.core.io.buffer.DataBufferUtils.lambda$split$18(DataBufferUtils.java:603)
	reactor.core.publisher.FluxFlatMap$FlatMapMain.onNext(FluxFlatMap.java:350)
	reactor.core.publisher.FluxConcatMap$ConcatMapImmediate.innerNext(FluxConcatMap.java:275)
	reactor.core.publisher.FluxConcatMap$ConcatMapInner.onNext(FluxConcatMap.java:849)
	reactor.core.publisher.FluxConcatMap$WeakScalarSubscription.request(FluxConcatMap.java:470)
	reactor.core.publisher.Operators$MultiSubscriptionSubscriber.set(Operators.java:1939)
	reactor.core.publisher.FluxConcatMap$ConcatMapImmediate.drain(FluxConcatMap.java:436)
	reactor.core.publisher.FluxConcatMap$ConcatMapImmediate.onNext(FluxConcatMap.java:244)
	reactor.core.publisher.FluxMap$MapSubscriber.onNext(FluxMap.java:114)
	reactor.core.publisher.FluxPeek$PeekSubscriber.onNext(FluxPeek.java:192)
	reactor.core.publisher.FluxMap$MapSubscriber.onNext(FluxMap.java:114)
	reactor.netty.channel.FluxReceive.drainReceiver(FluxReceive.java:206)
	reactor.netty.channel.FluxReceive.onInboundNext(FluxReceive.java:322)
	reactor.netty.channel.ChannelOperations.onInboundNext(ChannelOperations.java:335)
	reactor.netty.http.server.HttpServerOperations.onInboundNext(HttpServerOperations.java:456)
	reactor.netty.channel.ChannelOperationsHandler.channelRead(ChannelOperationsHandler.java:91)
	io.netty.channel.AbstractChannelHandlerContext.invokeChannelRead(AbstractChannelHandlerContext.java:374)
	io.netty.channel.AbstractChannelHandlerContext.invokeChannelRead(AbstractChannelHandlerContext.java:360)
	io.netty.channel.AbstractChannelHandlerContext.fireChannelRead(AbstractChannelHandlerContext.java:352)
	reactor.netty.http.server.HttpTrafficHandler.channelRead(HttpTrafficHandler.java:190)
	io.netty.channel.AbstractChannelHandlerContext.invokeChannelRead(AbstractChannelHandlerContext.java:374)
	io.netty.channel.AbstractChannelHandlerContext.invokeChannelRead(AbstractChannelHandlerContext.java:360)
	io.netty.channel.AbstractChannelHandlerContext.fireChannelRead(AbstractChannelHandlerContext.java:352)
	io.netty.channel.CombinedChannelDuplexHandler$DelegatingChannelHandlerContext.fireChannelRead(CombinedChannelDuplexHandler.java:438)
	io.netty.handler.codec.ByteToMessageDecoder.fireChannelRead(ByteToMessageDecoder.java:323)
	io.netty.handler.codec.ByteToMessageDecoder.fireChannelRead(ByteToMessageDecoder.java:310)
	io.netty.handler.codec.ByteToMessageDecoder.callDecode(ByteToMessageDecoder.java:426)
	io.netty.handler.codec.ByteToMessageDecoder.channelRead(ByteToMessageDecoder.java:278)
	io.netty.channel.CombinedChannelDuplexHandler.channelRead(CombinedChannelDuplexHandler.java:253)
	io.netty.channel.AbstractChannelHandlerContext.invokeChannelRead(AbstractChannelHandlerContext.java:374)
	io.netty.channel.AbstractChannelHandlerContext.invokeChannelRead(AbstractChannelHandlerContext.java:360)
	io.netty.channel.AbstractChannelHandlerContext.fireChannelRead(AbstractChannelHandlerContext.java:352)
	io.netty.channel.DefaultChannelPipeline$HeadContext.channelRead(DefaultChannelPipeline.java:1408)
	io.netty.channel.AbstractChannelHandlerContext.invokeChannelRead(AbstractChannelHandlerContext.java:374)
	io.netty.channel.AbstractChannelHandlerContext.invokeChannelRead(AbstractChannelHandlerContext.java:360)
	io.netty.channel.DefaultChannelPipeline.fireChannelRead(DefaultChannelPipeline.java:930)
	io.netty.channel.nio.AbstractNioByteChannel$NioByteUnsafe.read(AbstractNioByteChannel.java:163)
	io.netty.channel.nio.NioEventLoop.processSelectedKey(NioEventLoop.java:682)
	io.netty.channel.nio.NioEventLoop.processSelectedKeysOptimized(NioEventLoop.java:617)
	io.netty.channel.nio.NioEventLoop.processSelectedKeys(NioEventLoop.java:534)
	io.netty.channel.nio.NioEventLoop.run(NioEventLoop.java:496)
	io.netty.util.concurrent.SingleThreadEventExecutor$5.run(SingleThreadEventExecutor.java:906)
	io.netty.util.internal.ThreadExecutorMap$2.run(ThreadExecutorMap.java:74)
	io.netty.util.concurrent.FastThreadLocalRunnable.run(FastThreadLocalRunnable.java:30)
	java.lang.Thread.run(Thread.java:748)
#3:
	org.springframework.core.io.buffer.NettyDataBufferFactory.wrap(NettyDataBufferFactory.java:93)
	reactor.core.publisher.FluxMap$MapSubscriber.onNext(FluxMap.java:100)
	reactor.core.publisher.FluxPeek$PeekSubscriber.onNext(FluxPeek.java:192)
	reactor.core.publisher.FluxMap$MapSubscriber.onNext(FluxMap.java:114)
	reactor.netty.channel.FluxReceive.drainReceiver(FluxReceive.java:206)
	reactor.netty.channel.FluxReceive.onInboundNext(FluxReceive.java:322)
	reactor.netty.channel.ChannelOperations.onInboundNext(ChannelOperations.java:335)
	reactor.netty.http.server.HttpServerOperations.onInboundNext(HttpServerOperations.java:456)
	reactor.netty.channel.ChannelOperationsHandler.channelRead(ChannelOperationsHandler.java:91)
	io.netty.channel.AbstractChannelHandlerContext.invokeChannelRead(AbstractChannelHandlerContext.java:374)
	io.netty.channel.AbstractChannelHandlerContext.invokeChannelRead(AbstractChannelHandlerContext.java:360)
	io.netty.channel.AbstractChannelHandlerContext.fireChannelRead(AbstractChannelHandlerContext.java:352)
	reactor.netty.http.server.HttpTrafficHandler.channelRead(HttpTrafficHandler.java:190)
	io.netty.channel.AbstractChannelHandlerContext.invokeChannelRead(AbstractChannelHandlerContext.java:374)
	io.netty.channel.AbstractChannelHandlerContext.invokeChannelRead(AbstractChannelHandlerContext.java:360)
	io.netty.channel.AbstractChannelHandlerContext.fireChannelRead(AbstractChannelHandlerContext.java:352)
	io.netty.channel.CombinedChannelDuplexHandler$DelegatingChannelHandlerContext.fireChannelRead(CombinedChannelDuplexHandler.java:438)
	io.netty.handler.codec.ByteToMessageDecoder.fireChannelRead(ByteToMessageDecoder.java:323)
	io.netty.handler.codec.ByteToMessageDecoder.fireChannelRead(ByteToMessageDecoder.java:310)
	io.netty.handler.codec.ByteToMessageDecoder.callDecode(ByteToMessageDecoder.java:426)
	io.netty.handler.codec.ByteToMessageDecoder.channelRead(ByteToMessageDecoder.java:278)
	io.netty.channel.CombinedChannelDuplexHandler.channelRead(CombinedChannelDuplexHandler.java:253)
	io.netty.channel.AbstractChannelHandlerContext.invokeChannelRead(AbstractChannelHandlerContext.java:374)
	io.netty.channel.AbstractChannelHandlerContext.invokeChannelRead(AbstractChannelHandlerContext.java:360)
	io.netty.channel.AbstractChannelHandlerContext.fireChannelRead(AbstractChannelHandlerContext.java:352)
	io.netty.channel.DefaultChannelPipeline$HeadContext.channelRead(DefaultChannelPipeline.java:1408)
	io.netty.channel.AbstractChannelHandlerContext.invokeChannelRead(AbstractChannelHandlerContext.java:374)
	io.netty.channel.AbstractChannelHandlerContext.invokeChannelRead(AbstractChannelHandlerContext.java:360)
	io.netty.channel.DefaultChannelPipeline.fireChannelRead(DefaultChannelPipeline.java:930)
	io.netty.channel.nio.AbstractNioByteChannel$NioByteUnsafe.read(AbstractNioByteChannel.java:163)
	io.netty.channel.nio.NioEventLoop.processSelectedKey(NioEventLoop.java:682)
	io.netty.channel.nio.NioEventLoop.processSelectedKeysOptimized(NioEventLoop.java:617)
	io.netty.channel.nio.NioEventLoop.processSelectedKeys(NioEventLoop.java:534)
	io.netty.channel.nio.NioEventLoop.run(NioEventLoop.java:496)
	io.netty.util.concurrent.SingleThreadEventExecutor$5.run(SingleThreadEventExecutor.java:906)
	io.netty.util.internal.ThreadExecutorMap$2.run(ThreadExecutorMap.java:74)
	io.netty.util.concurrent.FastThreadLocalRunnable.run(FastThreadLocalRunnable.java:30)
	java.lang.Thread.run(Thread.java:748)
#4:
	reactor.core.publisher.FluxPeek$PeekSubscriber.onNext(FluxPeek.java:177)
	reactor.core.publisher.FluxMap$MapSubscriber.onNext(FluxMap.java:114)
	reactor.netty.channel.FluxReceive.drainReceiver(FluxReceive.java:206)
	reactor.netty.channel.FluxReceive.onInboundNext(FluxReceive.java:322)
	reactor.netty.channel.ChannelOperations.onInboundNext(ChannelOperations.java:335)
	reactor.netty.http.server.HttpServerOperations.onInboundNext(HttpServerOperations.java:456)
	reactor.netty.channel.ChannelOperationsHandler.channelRead(ChannelOperationsHandler.java:91)
	io.netty.channel.AbstractChannelHandlerContext.invokeChannelRead(AbstractChannelHandlerContext.java:374)
	io.netty.channel.AbstractChannelHandlerContext.invokeChannelRead(AbstractChannelHandlerContext.java:360)
	io.netty.channel.AbstractChannelHandlerContext.fireChannelRead(AbstractChannelHandlerContext.java:352)
	reactor.netty.http.server.HttpTrafficHandler.channelRead(HttpTrafficHandler.java:190)
	io.netty.channel.AbstractChannelHandlerContext.invokeChannelRead(AbstractChannelHandlerContext.java:374)
	io.netty.channel.AbstractChannelHandlerContext.invokeChannelRead(AbstractChannelHandlerContext.java:360)
	io.netty.channel.AbstractChannelHandlerContext.fireChannelRead(AbstractChannelHandlerContext.java:352)
	io.netty.channel.CombinedChannelDuplexHandler$DelegatingChannelHandlerContext.fireChannelRead(CombinedChannelDuplexHandler.java:438)
	io.netty.handler.codec.ByteToMessageDecoder.fireChannelRead(ByteToMessageDecoder.java:323)
	io.netty.handler.codec.ByteToMessageDecoder.fireChannelRead(ByteToMessageDecoder.java:310)
	io.netty.handler.codec.ByteToMessageDecoder.callDecode(ByteToMessageDecoder.java:426)
	io.netty.handler.codec.ByteToMessageDecoder.channelRead(ByteToMessageDecoder.java:278)
	io.netty.channel.CombinedChannelDuplexHandler.channelRead(CombinedChannelDuplexHandler.java:253)
	io.netty.channel.AbstractChannelHandlerContext.invokeChannelRead(AbstractChannelHandlerContext.java:374)
	io.netty.channel.AbstractChannelHandlerContext.invokeChannelRead(AbstractChannelHandlerContext.java:360)
	io.netty.channel.AbstractChannelHandlerContext.fireChannelRead(AbstractChannelHandlerContext.java:352)
	io.netty.channel.DefaultChannelPipeline$HeadContext.channelRead(DefaultChannelPipeline.java:1408)
	io.netty.channel.AbstractChannelHandlerContext.invokeChannelRead(AbstractChannelHandlerContext.java:374)
	io.netty.channel.AbstractChannelHandlerContext.invokeChannelRead(AbstractChannelHandlerContext.java:360)
	io.netty.channel.DefaultChannelPipeline.fireChannelRead(DefaultChannelPipeline.java:930)
	io.netty.channel.nio.AbstractNioByteChannel$NioByteUnsafe.read(AbstractNioByteChannel.java:163)
	io.netty.channel.nio.NioEventLoop.processSelectedKey(NioEventLoop.java:682)
	io.netty.channel.nio.NioEventLoop.processSelectedKeysOptimized(NioEventLoop.java:617)
	io.netty.channel.nio.NioEventLoop.processSelectedKeys(NioEventLoop.java:534)
	io.netty.channel.nio.NioEventLoop.run(NioEventLoop.java:496)
	io.netty.util.concurrent.SingleThreadEventExecutor$5.run(SingleThreadEventExecutor.java:906)
	io.netty.util.internal.ThreadExecutorMap$2.run(ThreadExecutorMap.java:74)
	io.netty.util.concurrent.FastThreadLocalRunnable.run(FastThreadLocalRunnable.java:30)
	java.lang.Thread.run(Thread.java:748)
#5:
	Hint: 'reactor.right.reactiveBridge' will handle the message from this point.
	io.netty.handler.codec.http.DefaultHttpContent.touch(DefaultHttpContent.java:88)
	io.netty.handler.codec.http.DefaultHttpContent.touch(DefaultHttpContent.java:24)
	io.netty.channel.DefaultChannelPipeline.touch(DefaultChannelPipeline.java:116)
	io.netty.channel.AbstractChannelHandlerContext.invokeChannelRead(AbstractChannelHandlerContext.java:357)
	io.netty.channel.AbstractChannelHandlerContext.fireChannelRead(AbstractChannelHandlerContext.java:352)
	reactor.netty.http.server.HttpTrafficHandler.channelRead(HttpTrafficHandler.java:190)
	io.netty.channel.AbstractChannelHandlerContext.invokeChannelRead(AbstractChannelHandlerContext.java:374)
	io.netty.channel.AbstractChannelHandlerContext.invokeChannelRead(AbstractChannelHandlerContext.java:360)
	io.netty.channel.AbstractChannelHandlerContext.fireChannelRead(AbstractChannelHandlerContext.java:352)
	io.netty.channel.CombinedChannelDuplexHandler$DelegatingChannelHandlerContext.fireChannelRead(CombinedChannelDuplexHandler.java:438)
	io.netty.handler.codec.ByteToMessageDecoder.fireChannelRead(ByteToMessageDecoder.java:323)
	io.netty.handler.codec.ByteToMessageDecoder.fireChannelRead(ByteToMessageDecoder.java:310)
	io.netty.handler.codec.ByteToMessageDecoder.callDecode(ByteToMessageDecoder.java:426)
	io.netty.handler.codec.ByteToMessageDecoder.channelRead(ByteToMessageDecoder.java:278)
	io.netty.channel.CombinedChannelDuplexHandler.channelRead(CombinedChannelDuplexHandler.java:253)
	io.netty.channel.AbstractChannelHandlerContext.invokeChannelRead(AbstractChannelHandlerContext.java:374)
	io.netty.channel.AbstractChannelHandlerContext.invokeChannelRead(AbstractChannelHandlerContext.java:360)
	io.netty.channel.AbstractChannelHandlerContext.fireChannelRead(AbstractChannelHandlerContext.java:352)
	io.netty.channel.DefaultChannelPipeline$HeadContext.channelRead(DefaultChannelPipeline.java:1408)
	io.netty.channel.AbstractChannelHandlerContext.invokeChannelRead(AbstractChannelHandlerContext.java:374)
	io.netty.channel.AbstractChannelHandlerContext.invokeChannelRead(AbstractChannelHandlerContext.java:360)
	io.netty.channel.DefaultChannelPipeline.fireChannelRead(DefaultChannelPipeline.java:930)
	io.netty.channel.nio.AbstractNioByteChannel$NioByteUnsafe.read(AbstractNioByteChannel.java:163)
	io.netty.channel.nio.NioEventLoop.processSelectedKey(NioEventLoop.java:682)
	io.netty.channel.nio.NioEventLoop.processSelectedKeysOptimized(NioEventLoop.java:617)
	io.netty.channel.nio.NioEventLoop.processSelectedKeys(NioEventLoop.java:534)
	io.netty.channel.nio.NioEventLoop.run(NioEventLoop.java:496)
	io.netty.util.concurrent.SingleThreadEventExecutor$5.run(SingleThreadEventExecutor.java:906)
	io.netty.util.internal.ThreadExecutorMap$2.run(ThreadExecutorMap.java:74)
	io.netty.util.concurrent.FastThreadLocalRunnable.run(FastThreadLocalRunnable.java:30)
	java.lang.Thread.run(Thread.java:748)
#6:
	Hint: 'reactor.left.httpTrafficHandler' will handle the message from this point.
	io.netty.handler.codec.http.DefaultHttpContent.touch(DefaultHttpContent.java:88)
	io.netty.handler.codec.http.DefaultHttpContent.touch(DefaultHttpContent.java:24)
	io.netty.channel.DefaultChannelPipeline.touch(DefaultChannelPipeline.java:116)
	io.netty.channel.AbstractChannelHandlerContext.invokeChannelRead(AbstractChannelHandlerContext.java:357)
	io.netty.channel.AbstractChannelHandlerContext.fireChannelRead(AbstractChannelHandlerContext.java:352)
	io.netty.channel.CombinedChannelDuplexHandler$DelegatingChannelHandlerContext.fireChannelRead(CombinedChannelDuplexHandler.java:438)
	io.netty.handler.codec.ByteToMessageDecoder.fireChannelRead(ByteToMessageDecoder.java:323)
	io.netty.handler.codec.ByteToMessageDecoder.fireChannelRead(ByteToMessageDecoder.java:310)
	io.netty.handler.codec.ByteToMessageDecoder.callDecode(ByteToMessageDecoder.java:426)
	io.netty.handler.codec.ByteToMessageDecoder.channelRead(ByteToMessageDecoder.java:278)
	io.netty.channel.CombinedChannelDuplexHandler.channelRead(CombinedChannelDuplexHandler.java:253)
	io.netty.channel.AbstractChannelHandlerContext.invokeChannelRead(AbstractChannelHandlerContext.java:374)
	io.netty.channel.AbstractChannelHandlerContext.invokeChannelRead(AbstractChannelHandlerContext.java:360)
	io.netty.channel.AbstractChannelHandlerContext.fireChannelRead(AbstractChannelHandlerContext.java:352)
	io.netty.channel.DefaultChannelPipeline$HeadContext.channelRead(DefaultChannelPipeline.java:1408)
	io.netty.channel.AbstractChannelHandlerContext.invokeChannelRead(AbstractChannelHandlerContext.java:374)
	io.netty.channel.AbstractChannelHandlerContext.invokeChannelRead(AbstractChannelHandlerContext.java:360)
	io.netty.channel.DefaultChannelPipeline.fireChannelRead(DefaultChannelPipeline.java:930)
	io.netty.channel.nio.AbstractNioByteChannel$NioByteUnsafe.read(AbstractNioByteChannel.java:163)
	io.netty.channel.nio.NioEventLoop.processSelectedKey(NioEventLoop.java:682)
	io.netty.channel.nio.NioEventLoop.processSelectedKeysOptimized(NioEventLoop.java:617)
	io.netty.channel.nio.NioEventLoop.processSelectedKeys(NioEventLoop.java:534)
	io.netty.channel.nio.NioEventLoop.run(NioEventLoop.java:496)
	io.netty.util.concurrent.SingleThreadEventExecutor$5.run(SingleThreadEventExecutor.java:906)
	io.netty.util.internal.ThreadExecutorMap$2.run(ThreadExecutorMap.java:74)
	io.netty.util.concurrent.FastThreadLocalRunnable.run(FastThreadLocalRunnable.java:30)
	java.lang.Thread.run(Thread.java:748)
Created at:
	io.netty.buffer.SimpleLeakAwareByteBuf.unwrappedDerived(SimpleLeakAwareByteBuf.java:143)
	io.netty.buffer.SimpleLeakAwareByteBuf.readRetainedSlice(SimpleLeakAwareByteBuf.java:67)
	io.netty.buffer.AdvancedLeakAwareByteBuf.readRetainedSlice(AdvancedLeakAwareByteBuf.java:107)
	io.netty.handler.codec.http.HttpObjectDecoder.decode(HttpObjectDecoder.java:336)
	io.netty.handler.codec.http.HttpServerCodec$HttpServerRequestDecoder.decode(HttpServerCodec.java:103)
	io.netty.handler.codec.ByteToMessageDecoder.decodeRemovalReentryProtection(ByteToMessageDecoder.java:502)
	io.netty.handler.codec.ByteToMessageDecoder.callDecode(ByteToMessageDecoder.java:441)
	io.netty.handler.codec.ByteToMessageDecoder.channelRead(ByteToMessageDecoder.java:278)
	io.netty.channel.CombinedChannelDuplexHandler.channelRead(CombinedChannelDuplexHandler.java:253)
	io.netty.channel.AbstractChannelHandlerContext.invokeChannelRead(AbstractChannelHandlerContext.java:374)
	io.netty.channel.AbstractChannelHandlerContext.invokeChannelRead(AbstractChannelHandlerContext.java:360)
	io.netty.channel.AbstractChannelHandlerContext.fireChannelRead(AbstractChannelHandlerContext.java:352)
	io.netty.channel.DefaultChannelPipeline$HeadContext.channelRead(DefaultChannelPipeline.java:1408)
	io.netty.channel.AbstractChannelHandlerContext.invokeChannelRead(AbstractChannelHandlerContext.java:374)
	io.netty.channel.AbstractChannelHandlerContext.invokeChannelRead(AbstractChannelHandlerContext.java:360)
	io.netty.channel.DefaultChannelPipeline.fireChannelRead(DefaultChannelPipeline.java:930)
	io.netty.channel.nio.AbstractNioByteChannel$NioByteUnsafe.read(AbstractNioByteChannel.java:163)
	io.netty.channel.nio.NioEventLoop.processSelectedKey(NioEventLoop.java:682)
	io.netty.channel.nio.NioEventLoop.processSelectedKeysOptimized(NioEventLoop.java:617)
	io.netty.channel.nio.NioEventLoop.processSelectedKeys(NioEventLoop.java:534)
	io.netty.channel.nio.NioEventLoop.run(NioEventLoop.java:496)
	io.netty.util.concurrent.SingleThreadEventExecutor$5.run(SingleThreadEventExecutor.java:906)
	io.netty.util.internal.ThreadExecutorMap$2.run(ThreadExecutorMap.java:74)
	io.netty.util.concurrent.FastThreadLocalRunnable.run(FastThreadLocalRunnable.java:30)
	java.lang.Thread.run(Thread.java:748)
: 2 leak records were discarded because they were duplicates
: 45 leak records were discarded because the leak record count is targeted to 4. Use system property io.netty.leakDetection.targetRecords to increase the limit.
22:42:57.870 [reactor-http-nio-6] ERROR i.n.u.ResourceLeakDetector - LEAK: ByteBuf.release() was not called before it's garbage-collected. See http://netty.io/wiki/reference-counted-objects.html for more information.
Recent access records: 
#1:
	io.netty.handler.codec.ByteToMessageDecoder.channelRead(ByteToMessageDecoder.java:286)
	io.netty.channel.CombinedChannelDuplexHandler.channelRead(CombinedChannelDuplexHandler.java:253)
	io.netty.channel.AbstractChannelHandlerContext.invokeChannelRead(AbstractChannelHandlerContext.java:374)
	io.netty.channel.AbstractChannelHandlerContext.invokeChannelRead(AbstractChannelHandlerContext.java:360)
	io.netty.channel.AbstractChannelHandlerContext.fireChannelRead(AbstractChannelHandlerContext.java:352)
	io.netty.channel.DefaultChannelPipeline$HeadContext.channelRead(DefaultChannelPipeline.java:1408)
	io.netty.channel.AbstractChannelHandlerContext.invokeChannelRead(AbstractChannelHandlerContext.java:374)
	io.netty.channel.AbstractChannelHandlerContext.invokeChannelRead(AbstractChannelHandlerContext.java:360)
	io.netty.channel.DefaultChannelPipeline.fireChannelRead(DefaultChannelPipeline.java:930)
	io.netty.channel.nio.AbstractNioByteChannel$NioByteUnsafe.read(AbstractNioByteChannel.java:163)
	io.netty.channel.nio.NioEventLoop.processSelectedKey(NioEventLoop.java:682)
	io.netty.channel.nio.NioEventLoop.processSelectedKeysOptimized(NioEventLoop.java:617)
	io.netty.channel.nio.NioEventLoop.processSelectedKeys(NioEventLoop.java:534)
	io.netty.channel.nio.NioEventLoop.run(NioEventLoop.java:496)
	io.netty.util.concurrent.SingleThreadEventExecutor$5.run(SingleThreadEventExecutor.java:906)
	io.netty.util.internal.ThreadExecutorMap$2.run(ThreadExecutorMap.java:74)
	io.netty.util.concurrent.FastThreadLocalRunnable.run(FastThreadLocalRunnable.java:30)
	java.lang.Thread.run(Thread.java:748)
#2:
	io.netty.buffer.AdvancedLeakAwareByteBuf.getByte(AdvancedLeakAwareByteBuf.java:154)
	io.netty.handler.codec.http.HttpObjectDecoder.decode(HttpObjectDecoder.java:351)
	io.netty.handler.codec.http.HttpServerCodec$HttpServerRequestDecoder.decode(HttpServerCodec.java:103)
	io.netty.handler.codec.ByteToMessageDecoder.decodeRemovalReentryProtection(ByteToMessageDecoder.java:502)
	io.netty.handler.codec.ByteToMessageDecoder.callDecode(ByteToMessageDecoder.java:441)
	io.netty.handler.codec.ByteToMessageDecoder.channelRead(ByteToMessageDecoder.java:278)
	io.netty.channel.CombinedChannelDuplexHandler.channelRead(CombinedChannelDuplexHandler.java:253)
	io.netty.channel.AbstractChannelHandlerContext.invokeChannelRead(AbstractChannelHandlerContext.java:374)
	io.netty.channel.AbstractChannelHandlerContext.invokeChannelRead(AbstractChannelHandlerContext.java:360)
	io.netty.channel.AbstractChannelHandlerContext.fireChannelRead(AbstractChannelHandlerContext.java:352)
	io.netty.channel.DefaultChannelPipeline$HeadContext.channelRead(DefaultChannelPipeline.java:1408)
	io.netty.channel.AbstractChannelHandlerContext.invokeChannelRead(AbstractChannelHandlerContext.java:374)
	io.netty.channel.AbstractChannelHandlerContext.invokeChannelRead(AbstractChannelHandlerContext.java:360)
	io.netty.channel.DefaultChannelPipeline.fireChannelRead(DefaultChannelPipeline.java:930)
	io.netty.channel.nio.AbstractNioByteChannel$NioByteUnsafe.read(AbstractNioByteChannel.java:163)
	io.netty.channel.nio.NioEventLoop.processSelectedKey(NioEventLoop.java:682)
	io.netty.channel.nio.NioEventLoop.processSelectedKeysOptimized(NioEventLoop.java:617)
	io.netty.channel.nio.NioEventLoop.processSelectedKeys(NioEventLoop.java:534)
	io.netty.channel.nio.NioEventLoop.run(NioEventLoop.java:496)
	io.netty.util.concurrent.SingleThreadEventExecutor$5.run(SingleThreadEventExecutor.java:906)
	io.netty.util.internal.ThreadExecutorMap$2.run(ThreadExecutorMap.java:74)
	io.netty.util.concurrent.FastThreadLocalRunnable.run(FastThreadLocalRunnable.java:30)
	java.lang.Thread.run(Thread.java:748)
#3:
	io.netty.buffer.AdvancedLeakAwareByteBuf.readRetainedSlice(AdvancedLeakAwareByteBuf.java:106)
	io.netty.handler.codec.http.HttpObjectDecoder.decode(HttpObjectDecoder.java:336)
	io.netty.handler.codec.http.HttpServerCodec$HttpServerRequestDecoder.decode(HttpServerCodec.java:103)
	io.netty.handler.codec.ByteToMessageDecoder.decodeRemovalReentryProtection(ByteToMessageDecoder.java:502)
	io.netty.handler.codec.ByteToMessageDecoder.callDecode(ByteToMessageDecoder.java:441)
	io.netty.handler.codec.ByteToMessageDecoder.channelRead(ByteToMessageDecoder.java:278)
	io.netty.channel.CombinedChannelDuplexHandler.channelRead(CombinedChannelDuplexHandler.java:253)
	io.netty.channel.AbstractChannelHandlerContext.invokeChannelRead(AbstractChannelHandlerContext.java:374)
	io.netty.channel.AbstractChannelHandlerContext.invokeChannelRead(AbstractChannelHandlerContext.java:360)
	io.netty.channel.AbstractChannelHandlerContext.fireChannelRead(AbstractChannelHandlerContext.java:352)
	io.netty.channel.DefaultChannelPipeline$HeadContext.channelRead(DefaultChannelPipeline.java:1408)
	io.netty.channel.AbstractChannelHandlerContext.invokeChannelRead(AbstractChannelHandlerContext.java:374)
	io.netty.channel.AbstractChannelHandlerContext.invokeChannelRead(AbstractChannelHandlerContext.java:360)
	io.netty.channel.DefaultChannelPipeline.fireChannelRead(DefaultChannelPipeline.java:930)
	io.netty.channel.nio.AbstractNioByteChannel$NioByteUnsafe.read(AbstractNioByteChannel.java:163)
	io.netty.channel.nio.NioEventLoop.processSelectedKey(NioEventLoop.java:682)
	io.netty.channel.nio.NioEventLoop.processSelectedKeysOptimized(NioEventLoop.java:617)
	io.netty.channel.nio.NioEventLoop.processSelectedKeys(NioEventLoop.java:534)
	io.netty.channel.nio.NioEventLoop.run(NioEventLoop.java:496)
	io.netty.util.concurrent.SingleThreadEventExecutor$5.run(SingleThreadEventExecutor.java:906)
	io.netty.util.internal.ThreadExecutorMap$2.run(ThreadExecutorMap.java:74)
	io.netty.util.concurrent.FastThreadLocalRunnable.run(FastThreadLocalRunnable.java:30)
	java.lang.Thread.run(Thread.java:748)
#4:
	Hint: 'reactor.left.httpCodec' will handle the message from this point.
	io.netty.channel.DefaultChannelPipeline.touch(DefaultChannelPipeline.java:116)
	io.netty.channel.AbstractChannelHandlerContext.invokeChannelRead(AbstractChannelHandlerContext.java:357)
	io.netty.channel.AbstractChannelHandlerContext.fireChannelRead(AbstractChannelHandlerContext.java:352)
	io.netty.channel.DefaultChannelPipeline$HeadContext.channelRead(DefaultChannelPipeline.java:1408)
	io.netty.channel.AbstractChannelHandlerContext.invokeChannelRead(AbstractChannelHandlerContext.java:374)
	io.netty.channel.AbstractChannelHandlerContext.invokeChannelRead(AbstractChannelHandlerContext.java:360)
	io.netty.channel.DefaultChannelPipeline.fireChannelRead(DefaultChannelPipeline.java:930)
	io.netty.channel.nio.AbstractNioByteChannel$NioByteUnsafe.read(AbstractNioByteChannel.java:163)
	io.netty.channel.nio.NioEventLoop.processSelectedKey(NioEventLoop.java:682)
	io.netty.channel.nio.NioEventLoop.processSelectedKeysOptimized(NioEventLoop.java:617)
	io.netty.channel.nio.NioEventLoop.processSelectedKeys(NioEventLoop.java:534)
	io.netty.channel.nio.NioEventLoop.run(NioEventLoop.java:496)
	io.netty.util.concurrent.SingleThreadEventExecutor$5.run(SingleThreadEventExecutor.java:906)
	io.netty.util.internal.ThreadExecutorMap$2.run(ThreadExecutorMap.java:74)
	io.netty.util.concurrent.FastThreadLocalRunnable.run(FastThreadLocalRunnable.java:30)
	java.lang.Thread.run(Thread.java:748)
#5:
	Hint: 'DefaultChannelPipeline$HeadContext#0' will handle the message from this point.
	io.netty.channel.DefaultChannelPipeline.touch(DefaultChannelPipeline.java:116)
	io.netty.channel.AbstractChannelHandlerContext.invokeChannelRead(AbstractChannelHandlerContext.java:357)
	io.netty.channel.DefaultChannelPipeline.fireChannelRead(DefaultChannelPipeline.java:930)
	io.netty.channel.nio.AbstractNioByteChannel$NioByteUnsafe.read(AbstractNioByteChannel.java:163)
	io.netty.channel.nio.NioEventLoop.processSelectedKey(NioEventLoop.java:682)
	io.netty.channel.nio.NioEventLoop.processSelectedKeysOptimized(NioEventLoop.java:617)
	io.netty.channel.nio.NioEventLoop.processSelectedKeys(NioEventLoop.java:534)
	io.netty.channel.nio.NioEventLoop.run(NioEventLoop.java:496)
	io.netty.util.concurrent.SingleThreadEventExecutor$5.run(SingleThreadEventExecutor.java:906)
	io.netty.util.internal.ThreadExecutorMap$2.run(ThreadExecutorMap.java:74)
	io.netty.util.concurrent.FastThreadLocalRunnable.run(FastThreadLocalRunnable.java:30)
	java.lang.Thread.run(Thread.java:748)
#6:
	io.netty.buffer.AdvancedLeakAwareByteBuf.writeBytes(AdvancedLeakAwareByteBuf.java:634)
	io.netty.channel.socket.nio.NioSocketChannel.doReadBytes(NioSocketChannel.java:347)
	io.netty.channel.nio.AbstractNioByteChannel$NioByteUnsafe.read(AbstractNioByteChannel.java:148)
	io.netty.channel.nio.NioEventLoop.processSelectedKey(NioEventLoop.java:682)
	io.netty.channel.nio.NioEventLoop.processSelectedKeysOptimized(NioEventLoop.java:617)
	io.netty.channel.nio.NioEventLoop.processSelectedKeys(NioEventLoop.java:534)
	io.netty.channel.nio.NioEventLoop.run(NioEventLoop.java:496)
	io.netty.util.concurrent.SingleThreadEventExecutor$5.run(SingleThreadEventExecutor.java:906)
	io.netty.util.internal.ThreadExecutorMap$2.run(ThreadExecutorMap.java:74)
	io.netty.util.concurrent.FastThreadLocalRunnable.run(FastThreadLocalRunnable.java:30)
	java.lang.Thread.run(Thread.java:748)
Created at:
	io.netty.buffer.PooledByteBufAllocator.newDirectBuffer(PooledByteBufAllocator.java:349)
	io.netty.buffer.AbstractByteBufAllocator.directBuffer(AbstractByteBufAllocator.java:187)
	io.netty.buffer.AbstractByteBufAllocator.directBuffer(AbstractByteBufAllocator.java:178)
	io.netty.buffer.AbstractByteBufAllocator.ioBuffer(AbstractByteBufAllocator.java:139)
	io.netty.channel.DefaultMaxMessagesRecvByteBufAllocator$MaxMessageHandle.allocate(DefaultMaxMessagesRecvByteBufAllocator.java:114)
	io.netty.channel.nio.AbstractNioByteChannel$NioByteUnsafe.read(AbstractNioByteChannel.java:147)
	io.netty.channel.nio.NioEventLoop.processSelectedKey(NioEventLoop.java:682)
	io.netty.channel.nio.NioEventLoop.processSelectedKeysOptimized(NioEventLoop.java:617)
	io.netty.channel.nio.NioEventLoop.processSelectedKeys(NioEventLoop.java:534)
	io.netty.channel.nio.NioEventLoop.run(NioEventLoop.java:496)
	io.netty.util.concurrent.SingleThreadEventExecutor$5.run(SingleThreadEventExecutor.java:906)
	io.netty.util.internal.ThreadExecutorMap$2.run(ThreadExecutorMap.java:74)
	io.netty.util.concurrent.FastThreadLocalRunnable.run(FastThreadLocalRunnable.java:30)
	java.lang.Thread.run(Thread.java:748)
: 3 leak records were discarded because they were duplicates
: 64 leak records were discarded because the leak record count is targeted to 4. Use system property io.netty.leakDetection.targetRecords to increase the limit.
22:42:58.157 [Thread-287] DEBUG o.s.c.c.CharSequenceEncoder - [b160a0f3] Writing "/var/folders/wc/jkrbhr5s6qz2yyty5r0691380000gn/T/MultipartIntegrationTests834783167226637066foo.txt (truncated)...
22:42:58.158 [Thread-287] DEBUG o.s.c.c.CharSequenceEncoder - [b160a0f3] Writing "/var/folders/wc/jkrbhr5s6qz2yyty5r0691380000gn/T/MultipartIntegrationTests5138115504353907133logo.p (truncated)...
22:42:58.159 [reactor-http-nio-5] DEBUG o.s.w.r.f.c.ExchangeFunctions - [a017b47] Response 200 OK
22:42:58.159 [reactor-http-nio-6] DEBUG o.s.w.s.a.HttpWebHandlerAdapter - [b160a0f3] Completed 200 OK
22:42:58.160 [reactor-http-nio-5] DEBUG o.s.c.c.StringDecoder - [a017b47] Decoded "/var/folders/wc/jkrbhr5s6qz2yyty5r0691380000gn/T/MultipartIntegrationTests834783167226637066foo.txt (truncated)...
22:42:58.161 [reactor-http-nio-5] DEBUG o.s.c.c.StringDecoder - [a017b47] Decoded "/var/folders/wc/jkrbhr5s6qz2yyty5r0691380000gn/T/MultipartIntegrationTests5138115504353907133logo.p (truncated)...
22:42:58.176 [Test worker] DEBUG o.s.h.s.r.b.ReactorHttpServer - Stopping ReactorHttpServer...
22:42:58.177 [Test worker] DEBUG o.s.h.s.r.b.ReactorHttpServer - Server stopped (0 millis).
22:42:58.182 [Test worker] DEBUG o.s.w.r.r.m.a.RequestMappingHandlerMapping - 7 mappings in 'requestMappingHandlerMapping'
22:42:58.198 [Test worker] DEBUG o.s.w.r.r.m.a.ControllerMethodResolver - ControllerAdvice beans: none
22:42:58.218 [Test worker] DEBUG o.s.w.s.a.HttpWebHandlerAdapter - enableLoggingRequestDetails='false': form data and headers will be masked to prevent unsafe logging of potentially sensitive data
22:42:58.218 [Test worker] DEBUG o.s.h.s.r.b.ReactorHttpServer - Starting ReactorHttpServer...
22:42:58.218 [Test worker] DEBUG o.s.h.s.r.b.ReactorHttpServer - Server started on port 54196(0 millis).
22:42:58.219 [Test worker] DEBUG o.s.w.r.f.c.ExchangeFunctions - [1868858a] HTTP POST http://localhost:54196/modelAttribute
22:42:58.219 [reactor-http-nio-11] DEBUG o.s.h.c.m.MultipartHttpMessageWriter - [1868858a] Encoding parts [fieldPart, fileParts, jsonPart] (content masked)
22:42:58.227 [reactor-http-nio-12] DEBUG o.s.w.s.a.HttpWebHandlerAdapter - [654b84a5] HTTP POST "/modelAttribute"
22:42:58.228 [reactor-http-nio-12] DEBUG o.s.w.r.r.m.a.RequestMappingHandlerMapping - [654b84a5] Mapped to org.springframework.web.reactive.result.method.annotation.MultipartIntegrationTests$MultipartController#modelAttribute(FormBean)
22:42:58.638 [reactor-http-nio-12] DEBUG o.s.w.r.r.m.a.ResponseBodyResultHandler - Using 'text/plain;charset=UTF-8' given [*/*] and supported [text/plain;charset=UTF-8, text/event-stream, text/plain;charset=UTF-8, */*]
22:42:58.638 [reactor-http-nio-12] DEBUG o.s.w.r.r.m.a.ResponseBodyResultHandler - [654b84a5] 0..1 [java.lang.String]
22:42:58.638 [reactor-http-nio-12] DEBUG o.s.c.c.CharSequenceEncoder - [654b84a5] Writing "FormBean[fieldValue,[fileParts:foo.txt,fileParts:logo.png]]"
22:42:58.639 [reactor-http-nio-11] DEBUG o.s.w.r.f.c.ExchangeFunctions - [1868858a] Response 200 OK
22:42:58.639 [reactor-http-nio-11] DEBUG o.s.c.c.StringDecoder - [1868858a] Decoded "FormBean[fieldValue,[fileParts:foo.txt,fileParts:logo.png]]"
22:42:58.639 [Test worker] DEBUG o.s.h.s.r.b.ReactorHttpServer - Stopping ReactorHttpServer...
22:42:58.640 [Test worker] DEBUG o.s.h.s.r.b.ReactorHttpServer - Server stopped (0 millis).
22:42:58.645 [Test worker] DEBUG o.s.w.r.r.m.a.RequestMappingHandlerMapping - 7 mappings in 'requestMappingHandlerMapping'
22:42:58.661 [Test worker] DEBUG o.s.w.r.r.m.a.ControllerMethodResolver - ControllerAdvice beans: none
22:42:58.681 [Test worker] DEBUG o.s.w.s.a.HttpWebHandlerAdapter - enableLoggingRequestDetails='false': form data and headers will be masked to prevent unsafe logging of potentially sensitive data
22:42:58.681 [Test worker] DEBUG o.s.h.s.r.b.ReactorHttpServer - Starting ReactorHttpServer...
22:42:58.682 [Test worker] DEBUG o.s.h.s.r.b.ReactorHttpServer - Server started on port 54198(0 millis).
22:42:58.682 [Test worker] DEBUG o.s.w.r.f.c.ExchangeFunctions - [4ba63b60] HTTP POST http://localhost:54198/requestBodyFlux
22:42:58.683 [reactor-http-nio-1] DEBUG o.s.h.c.m.MultipartHttpMessageWriter - [4ba63b60] Encoding parts [fieldPart, fileParts, jsonPart] (content masked)
22:42:58.691 [reactor-http-nio-2] DEBUG o.s.w.s.a.HttpWebHandlerAdapter - [6dfde450] HTTP POST "/requestBodyFlux"
22:42:58.691 [reactor-http-nio-2] DEBUG o.s.w.r.r.m.a.RequestMappingHandlerMapping - [6dfde450] Mapped to org.springframework.web.reactive.result.method.annotation.MultipartIntegrationTests$MultipartController#requestBodyFlux(Flux)
22:42:58.692 [reactor-http-nio-2] DEBUG o.s.w.r.r.m.a.RequestBodyMethodArgumentResolver - [6dfde450] Content-Type:multipart/form-data;boundary=vrg-hKmWsa6lcnEk0IkOO-JFCIRqagoZmgE1o;charset=UTF-8
22:42:58.692 [reactor-http-nio-2] DEBUG o.s.w.r.r.m.a.RequestBodyMethodArgumentResolver - [6dfde450] 0..N [org.springframework.http.codec.multipart.Part]
22:42:58.692 [reactor-http-nio-2] DEBUG o.s.w.r.r.m.a.ResponseBodyResultHandler - Using 'text/plain;charset=UTF-8' given [*/*] and supported [text/plain;charset=UTF-8, text/event-stream, text/plain;charset=UTF-8, */*]
22:42:58.692 [reactor-http-nio-2] DEBUG o.s.w.r.r.m.a.ResponseBodyResultHandler - [6dfde450] 0..1 [java.lang.String]
22:42:59.107 [reactor-http-nio-2] DEBUG o.s.c.c.CharSequenceEncoder - [6dfde450] Writing "[fieldPart,fileParts:foo.txt,fileParts:logo.png,jsonPart]"
22:42:59.108 [reactor-http-nio-1] DEBUG o.s.w.r.f.c.ExchangeFunctions - [4ba63b60] Response 200 OK
22:42:59.108 [reactor-http-nio-1] DEBUG o.s.c.c.StringDecoder - [4ba63b60] Decoded "[fieldPart,fileParts:foo.txt,fileParts:logo.png,jsonPart]"
22:42:59.108 [Test worker] DEBUG o.s.h.s.r.b.ReactorHttpServer - Stopping ReactorHttpServer...
22:42:59.109 [Test worker] DEBUG o.s.h.s.r.b.ReactorHttpServer - Server stopped (0 millis).
22:42:59.113 [Test worker] DEBUG o.s.w.r.r.m.a.RequestMappingHandlerMapping - 7 mappings in 'requestMappingHandlerMapping'
22:42:59.128 [Test worker] DEBUG o.s.w.r.r.m.a.ControllerMethodResolver - ControllerAdvice beans: none
22:42:59.146 [Test worker] DEBUG o.s.w.s.a.HttpWebHandlerAdapter - enableLoggingRequestDetails='false': form data and headers will be masked to prevent unsafe logging of potentially sensitive data
22:42:59.146 [Test worker] DEBUG o.s.h.s.r.b.ReactorHttpServer - Starting ReactorHttpServer...
22:42:59.147 [Test worker] DEBUG o.s.h.s.r.b.ReactorHttpServer - Server started on port 54200(0 millis).
22:42:59.147 [Test worker] DEBUG o.s.w.r.f.c.ExchangeFunctions - [2a2ebbfb] HTTP POST http://localhost:54200/requestPart
22:42:59.148 [reactor-http-nio-7] DEBUG o.s.h.c.m.MultipartHttpMessageWriter - [2a2ebbfb] Encoding parts [fieldPart, fileParts, jsonPart] (content masked)
22:42:59.156 [reactor-http-nio-8] DEBUG o.s.w.s.a.HttpWebHandlerAdapter - [be76b389] HTTP POST "/requestPart"
22:42:59.156 [reactor-http-nio-8] DEBUG o.s.w.r.r.m.a.RequestMappingHandlerMapping - [be76b389] Mapped to org.springframework.web.reactive.result.method.annotation.MultipartIntegrationTests$MultipartController#requestPart(FormFieldPart, FilePart, Mono)
22:42:59.567 [reactor-http-nio-8] DEBUG o.s.w.r.r.m.a.RequestPartMethodArgumentResolver - [be76b389] Decoding part 'jsonPart'
22:42:59.567 [reactor-http-nio-8] DEBUG o.s.w.r.r.m.a.RequestPartMethodArgumentResolver - [be76b389] Content-Type:application/json
22:42:59.568 [reactor-http-nio-8] DEBUG o.s.w.r.r.m.a.RequestPartMethodArgumentResolver - [be76b389] 0..1 [org.springframework.web.reactive.result.method.annotation.MultipartIntegrationTests$Person]
22:42:59.568 [reactor-http-nio-8] DEBUG o.s.h.c.j.Jackson2JsonDecoder - [be76b389] Decoded [org.springframework.web.reactive.result.method.annotation.MultipartIntegrationTests$Person@3ff73790]
22:42:59.568 [reactor-http-nio-8] DEBUG o.s.w.s.a.HttpWebHandlerAdapter - [be76b389] Completed 200 OK
22:42:59.569 [reactor-http-nio-7] DEBUG o.s.w.r.f.c.ExchangeFunctions - [2a2ebbfb] Response 200 OK
22:42:59.570 [Test worker] DEBUG o.s.h.s.r.b.ReactorHttpServer - Stopping ReactorHttpServer...
22:42:59.570 [Test worker] DEBUG o.s.h.s.r.b.ReactorHttpServer - Server stopped (0 millis).
22:42:59.575 [Test worker] DEBUG o.s.w.r.r.m.a.RequestMappingHandlerMapping - 7 mappings in 'requestMappingHandlerMapping'
22:42:59.589 [Test worker] DEBUG o.s.w.r.r.m.a.ControllerMethodResolver - ControllerAdvice beans: none
22:42:59.607 [Test worker] DEBUG o.s.w.s.a.HttpWebHandlerAdapter - enableLoggingRequestDetails='false': form data and headers will be masked to prevent unsafe logging of potentially sensitive data
22:42:59.607 [Test worker] DEBUG o.s.h.s.r.b.ReactorHttpServer - Starting ReactorHttpServer...
22:42:59.608 [Test worker] DEBUG o.s.h.s.r.b.ReactorHttpServer - Server started on port 54205(0 millis).
22:42:59.608 [Test worker] DEBUG o.s.w.r.f.c.ExchangeFunctions - [74e98ad8] HTTP POST http://localhost:54205/filePartFlux
22:42:59.609 [reactor-http-nio-13] DEBUG o.s.h.c.m.MultipartHttpMessageWriter - [74e98ad8] Encoding parts [fieldPart, fileParts, jsonPart] (content masked)
22:42:59.617 [reactor-http-nio-14] DEBUG o.s.w.s.a.HttpWebHandlerAdapter - [f61247dd] HTTP POST "/filePartFlux"
22:42:59.618 [reactor-http-nio-14] DEBUG o.s.w.r.r.m.a.RequestMappingHandlerMapping - [f61247dd] Mapped to org.springframework.web.reactive.result.method.annotation.MultipartIntegrationTests$MultipartController#filePartsFlux(Flux)
22:42:59.618 [reactor-http-nio-14] DEBUG o.s.w.r.r.m.a.ResponseBodyResultHandler - Using 'text/plain;charset=UTF-8' given [*/*] and supported [text/plain;charset=UTF-8, text/event-stream, text/plain;charset=UTF-8, */*]
22:42:59.618 [reactor-http-nio-14] DEBUG o.s.w.r.r.m.a.ResponseBodyResultHandler - [f61247dd] 0..1 [java.lang.String]
22:42:59.851 [reactor-http-nio-14] ERROR i.n.u.ResourceLeakDetector - LEAK: ByteBuf.release() was not called before it's garbage-collected. See http://netty.io/wiki/reference-counted-objects.html for more information.
Recent access records: 
#1:
	org.springframework.core.io.buffer.NettyDataBuffer.release(NettyDataBuffer.java:308)
	org.springframework.core.io.buffer.DataBufferUtils.release(DataBufferUtils.java:498)
	org.springframework.http.codec.multipart.DefaultMultipartMessageReader.toPart(DefaultMultipartMessageReader.java:206)
	reactor.core.publisher.FluxMap$MapConditionalSubscriber.onNext(FluxMap.java:199)
	reactor.core.publisher.FluxTakeWhile$TakeWhileSubscriber.onNext(FluxTakeWhile.java:94)
	reactor.core.publisher.FluxContextStart$ContextStartSubscriber.onNext(FluxContextStart.java:103)
	reactor.core.publisher.FluxMap$MapConditionalSubscriber.onNext(FluxMap.java:213)
	reactor.core.publisher.FluxBufferPredicate$BufferPredicateSubscriber.emit(FluxBufferPredicate.java:290)
	reactor.core.publisher.FluxBufferPredicate$BufferPredicateSubscriber.onNextNewBuffer(FluxBufferPredicate.java:257)
	reactor.core.publisher.FluxBufferPredicate$BufferPredicateSubscriber.tryOnNext(FluxBufferPredicate.java:211)
	reactor.core.publisher.FluxBufferPredicate$BufferPredicateSubscriber.onNext(FluxBufferPredicate.java:184)
	reactor.core.publisher.FluxFlatMap$FlatMapMain.drainLoop(FluxFlatMap.java:664)
	reactor.core.publisher.FluxFlatMap$FlatMapMain.drain(FluxFlatMap.java:540)
	reactor.core.publisher.FluxFlatMap$FlatMapInner.onSubscribe(FluxFlatMap.java:924)
	reactor.core.publisher.FluxIterable.subscribe(FluxIterable.java:139)
	reactor.core.publisher.FluxIterable.subscribe(FluxIterable.java:63)
	reactor.core.publisher.Flux.subscribe(Flux.java:7922)
	reactor.core.publisher.FluxFlatMap$FlatMapMain.onNext(FluxFlatMap.java:389)
	reactor.core.publisher.FluxConcatMap$ConcatMapImmediate.innerNext(FluxConcatMap.java:275)
	reactor.core.publisher.FluxConcatMap$ConcatMapInner.onNext(FluxConcatMap.java:849)
	reactor.core.publisher.FluxConcatMap$WeakScalarSubscription.request(FluxConcatMap.java:470)
	reactor.core.publisher.Operators$MultiSubscriptionSubscriber.set(Operators.java:1939)
	reactor.core.publisher.FluxConcatMap$ConcatMapImmediate.drain(FluxConcatMap.java:436)
	reactor.core.publisher.FluxConcatMap$ConcatMapImmediate.onNext(FluxConcatMap.java:244)
	reactor.core.publisher.FluxMap$MapSubscriber.onNext(FluxMap.java:114)
	reactor.core.publisher.FluxPeek$PeekSubscriber.onNext(FluxPeek.java:192)
	reactor.core.publisher.FluxMap$MapSubscriber.onNext(FluxMap.java:114)
	reactor.netty.channel.FluxReceive.drainReceiver(FluxReceive.java:206)
	reactor.netty.channel.FluxReceive.onInboundNext(FluxReceive.java:322)
	reactor.netty.channel.ChannelOperations.onInboundNext(ChannelOperations.java:335)
	reactor.netty.http.server.HttpServerOperations.onInboundNext(HttpServerOperations.java:456)
	reactor.netty.channel.ChannelOperationsHandler.channelRead(ChannelOperationsHandler.java:91)
	io.netty.channel.AbstractChannelHandlerContext.invokeChannelRead(AbstractChannelHandlerContext.java:374)
	io.netty.channel.AbstractChannelHandlerContext.invokeChannelRead(AbstractChannelHandlerContext.java:360)
	io.netty.channel.AbstractChannelHandlerContext.fireChannelRead(AbstractChannelHandlerContext.java:352)
	reactor.netty.http.server.HttpTrafficHandler.channelRead(HttpTrafficHandler.java:190)
	io.netty.channel.AbstractChannelHandlerContext.invokeChannelRead(AbstractChannelHandlerContext.java:374)
	io.netty.channel.AbstractChannelHandlerContext.invokeChannelRead(AbstractChannelHandlerContext.java:360)
	io.netty.channel.AbstractChannelHandlerContext.fireChannelRead(AbstractChannelHandlerContext.java:352)
	io.netty.channel.CombinedChannelDuplexHandler$DelegatingChannelHandlerContext.fireChannelRead(CombinedChannelDuplexHandler.java:438)
	io.netty.handler.codec.ByteToMessageDecoder.fireChannelRead(ByteToMessageDecoder.java:323)
	io.netty.handler.codec.ByteToMessageDecoder.fireChannelRead(ByteToMessageDecoder.java:310)
	io.netty.handler.codec.ByteToMessageDecoder.callDecode(ByteToMessageDecoder.java:426)
	io.netty.handler.codec.ByteToMessageDecoder.channelRead(ByteToMessageDecoder.java:278)
	io.netty.channel.CombinedChannelDuplexHandler.channelRead(CombinedChannelDuplexHandler.java:253)
	io.netty.channel.AbstractChannelHandlerContext.invokeChannelRead(AbstractChannelHandlerContext.java:374)
	io.netty.channel.AbstractChannelHandlerContext.invokeChannelRead(AbstractChannelHandlerContext.java:360)
	io.netty.channel.AbstractChannelHandlerContext.fireChannelRead(AbstractChannelHandlerContext.java:352)
	io.netty.channel.DefaultChannelPipeline$HeadContext.channelRead(DefaultChannelPipeline.java:1408)
	io.netty.channel.AbstractChannelHandlerContext.invokeChannelRead(AbstractChannelHandlerContext.java:374)
	io.netty.channel.AbstractChannelHandlerContext.invokeChannelRead(AbstractChannelHandlerContext.java:360)
	io.netty.channel.DefaultChannelPipeline.fireChannelRead(DefaultChannelPipeline.java:930)
	io.netty.channel.nio.AbstractNioByteChannel$NioByteUnsafe.read(AbstractNioByteChannel.java:163)
	io.netty.channel.nio.NioEventLoop.processSelectedKey(NioEventLoop.java:682)
	io.netty.channel.nio.NioEventLoop.processSelectedKeysOptimized(NioEventLoop.java:617)
	io.netty.channel.nio.NioEventLoop.processSelectedKeys(NioEventLoop.java:534)
	io.netty.channel.nio.NioEventLoop.run(NioEventLoop.java:496)
	io.netty.util.concurrent.SingleThreadEventExecutor$5.run(SingleThreadEventExecutor.java:906)
	io.netty.util.internal.ThreadExecutorMap$2.run(ThreadExecutorMap.java:74)
	io.netty.util.concurrent.FastThreadLocalRunnable.run(FastThreadLocalRunnable.java:30)
	java.lang.Thread.run(Thread.java:748)
#2:
	io.netty.buffer.AdvancedLeakAwareCompositeByteBuf.getByte(AdvancedLeakAwareCompositeByteBuf.java:140)
	org.springframework.core.io.buffer.NettyDataBuffer.getByte(NettyDataBuffer.java:132)
	org.springframework.core.io.buffer.DataBufferUtils$KnuthMorrisPrattMatcher.match(DataBufferUtils.java:1005)
	org.springframework.http.codec.multipart.DefaultMultipartMessageReader.toPart(DefaultMultipartMessageReader.java:184)
	reactor.core.publisher.FluxMap$MapConditionalSubscriber.onNext(FluxMap.java:199)
	reactor.core.publisher.FluxTakeWhile$TakeWhileSubscriber.onNext(FluxTakeWhile.java:94)
	reactor.core.publisher.FluxContextStart$ContextStartSubscriber.onNext(FluxContextStart.java:103)
	reactor.core.publisher.FluxMap$MapConditionalSubscriber.onNext(FluxMap.java:213)
	reactor.core.publisher.FluxBufferPredicate$BufferPredicateSubscriber.emit(FluxBufferPredicate.java:290)
	reactor.core.publisher.FluxBufferPredicate$BufferPredicateSubscriber.onNextNewBuffer(FluxBufferPredicate.java:257)
	reactor.core.publisher.FluxBufferPredicate$BufferPredicateSubscriber.tryOnNext(FluxBufferPredicate.java:211)
	reactor.core.publisher.FluxBufferPredicate$BufferPredicateSubscriber.onNext(FluxBufferPredicate.java:184)
	reactor.core.publisher.FluxFlatMap$FlatMapMain.drainLoop(FluxFlatMap.java:664)
	reactor.core.publisher.FluxFlatMap$FlatMapMain.drain(FluxFlatMap.java:540)
	reactor.core.publisher.FluxFlatMap$FlatMapInner.onSubscribe(FluxFlatMap.java:924)
	reactor.core.publisher.FluxIterable.subscribe(FluxIterable.java:139)
	reactor.core.publisher.FluxIterable.subscribe(FluxIterable.java:63)
	reactor.core.publisher.Flux.subscribe(Flux.java:7922)
	reactor.core.publisher.FluxFlatMap$FlatMapMain.onNext(FluxFlatMap.java:389)
	reactor.core.publisher.FluxConcatMap$ConcatMapImmediate.innerNext(FluxConcatMap.java:275)
	reactor.core.publisher.FluxConcatMap$ConcatMapInner.onNext(FluxConcatMap.java:849)
	reactor.core.publisher.FluxConcatMap$WeakScalarSubscription.request(FluxConcatMap.java:470)
	reactor.core.publisher.Operators$MultiSubscriptionSubscriber.set(Operators.java:1939)
	reactor.core.publisher.FluxConcatMap$ConcatMapImmediate.drain(FluxConcatMap.java:436)
	reactor.core.publisher.FluxConcatMap$ConcatMapImmediate.onNext(FluxConcatMap.java:244)
	reactor.core.publisher.FluxMap$MapSubscriber.onNext(FluxMap.java:114)
	reactor.core.publisher.FluxPeek$PeekSubscriber.onNext(FluxPeek.java:192)
	reactor.core.publisher.FluxMap$MapSubscriber.onNext(FluxMap.java:114)
	reactor.netty.channel.FluxReceive.drainReceiver(FluxReceive.java:206)
	reactor.netty.channel.FluxReceive.onInboundNext(FluxReceive.java:322)
	reactor.netty.channel.ChannelOperations.onInboundNext(ChannelOperations.java:335)
	reactor.netty.http.server.HttpServerOperations.onInboundNext(HttpServerOperations.java:456)
	reactor.netty.channel.ChannelOperationsHandler.channelRead(ChannelOperationsHandler.java:91)
	io.netty.channel.AbstractChannelHandlerContext.invokeChannelRead(AbstractChannelHandlerContext.java:374)
	io.netty.channel.AbstractChannelHandlerContext.invokeChannelRead(AbstractChannelHandlerContext.java:360)
	io.netty.channel.AbstractChannelHandlerContext.fireChannelRead(AbstractChannelHandlerContext.java:352)
	reactor.netty.http.server.HttpTrafficHandler.channelRead(HttpTrafficHandler.java:190)
	io.netty.channel.AbstractChannelHandlerContext.invokeChannelRead(AbstractChannelHandlerContext.java:374)
	io.netty.channel.AbstractChannelHandlerContext.invokeChannelRead(AbstractChannelHandlerContext.java:360)
	io.netty.channel.AbstractChannelHandlerContext.fireChannelRead(AbstractChannelHandlerContext.java:352)
	io.netty.channel.CombinedChannelDuplexHandler$DelegatingChannelHandlerContext.fireChannelRead(CombinedChannelDuplexHandler.java:438)
	io.netty.handler.codec.ByteToMessageDecoder.fireChannelRead(ByteToMessageDecoder.java:323)
	io.netty.handler.codec.ByteToMessageDecoder.fireChannelRead(ByteToMessageDecoder.java:310)
	io.netty.handler.codec.ByteToMessageDecoder.callDecode(ByteToMessageDecoder.java:426)
	io.netty.handler.codec.ByteToMessageDecoder.channelRead(ByteToMessageDecoder.java:278)
	io.netty.channel.CombinedChannelDuplexHandler.channelRead(CombinedChannelDuplexHandler.java:253)
	io.netty.channel.AbstractChannelHandlerContext.invokeChannelRead(AbstractChannelHandlerContext.java:374)
	io.netty.channel.AbstractChannelHandlerContext.invokeChannelRead(AbstractChannelHandlerContext.java:360)
	io.netty.channel.AbstractChannelHandlerContext.fireChannelRead(AbstractChannelHandlerContext.java:352)
	io.netty.channel.DefaultChannelPipeline$HeadContext.channelRead(DefaultChannelPipeline.java:1408)
	io.netty.channel.AbstractChannelHandlerContext.invokeChannelRead(AbstractChannelHandlerContext.java:374)
	io.netty.channel.AbstractChannelHandlerContext.invokeChannelRead(AbstractChannelHandlerContext.java:360)
	io.netty.channel.DefaultChannelPipeline.fireChannelRead(DefaultChannelPipeline.java:930)
	io.netty.channel.nio.AbstractNioByteChannel$NioByteUnsafe.read(AbstractNioByteChannel.java:163)
	io.netty.channel.nio.NioEventLoop.processSelectedKey(NioEventLoop.java:682)
	io.netty.channel.nio.NioEventLoop.processSelectedKeysOptimized(NioEventLoop.java:617)
	io.netty.channel.nio.NioEventLoop.processSelectedKeys(NioEventLoop.java:534)
	io.netty.channel.nio.NioEventLoop.run(NioEventLoop.java:496)
	io.netty.util.concurrent.SingleThreadEventExecutor$5.run(SingleThreadEventExecutor.java:906)
	io.netty.util.internal.ThreadExecutorMap$2.run(ThreadExecutorMap.java:74)
	io.netty.util.concurrent.FastThreadLocalRunnable.run(FastThreadLocalRunnable.java:30)
	java.lang.Thread.run(Thread.java:748)
#3:
	io.netty.buffer.AdvancedLeakAwareCompositeByteBuf.getByte(AdvancedLeakAwareCompositeByteBuf.java:140)
	org.springframework.core.io.buffer.NettyDataBuffer.getByte(NettyDataBuffer.java:132)
	org.springframework.http.codec.multipart.DefaultMultipartMessageReader.notLastBoundary(DefaultMultipartMessageReader.java:163)
	reactor.core.publisher.FluxTakeWhile$TakeWhileSubscriber.onNext(FluxTakeWhile.java:79)
	reactor.core.publisher.FluxContextStart$ContextStartSubscriber.onNext(FluxContextStart.java:103)
	reactor.core.publisher.FluxMap$MapConditionalSubscriber.onNext(FluxMap.java:213)
	reactor.core.publisher.FluxBufferPredicate$BufferPredicateSubscriber.emit(FluxBufferPredicate.java:290)
	reactor.core.publisher.FluxBufferPredicate$BufferPredicateSubscriber.onNextNewBuffer(FluxBufferPredicate.java:257)
	reactor.core.publisher.FluxBufferPredicate$BufferPredicateSubscriber.tryOnNext(FluxBufferPredicate.java:211)
	reactor.core.publisher.FluxBufferPredicate$BufferPredicateSubscriber.onNext(FluxBufferPredicate.java:184)
	reactor.core.publisher.FluxFlatMap$FlatMapMain.drainLoop(FluxFlatMap.java:664)
	reactor.core.publisher.FluxFlatMap$FlatMapMain.drain(FluxFlatMap.java:540)
	reactor.core.publisher.FluxFlatMap$FlatMapInner.onSubscribe(FluxFlatMap.java:924)
	reactor.core.publisher.FluxIterable.subscribe(FluxIterable.java:139)
	reactor.core.publisher.FluxIterable.subscribe(FluxIterable.java:63)
	reactor.core.publisher.Flux.subscribe(Flux.java:7922)
	reactor.core.publisher.FluxFlatMap$FlatMapMain.onNext(FluxFlatMap.java:389)
	reactor.core.publisher.FluxConcatMap$ConcatMapImmediate.innerNext(FluxConcatMap.java:275)
	reactor.core.publisher.FluxConcatMap$ConcatMapInner.onNext(FluxConcatMap.java:849)
	reactor.core.publisher.FluxConcatMap$WeakScalarSubscription.request(FluxConcatMap.java:470)
	reactor.core.publisher.Operators$MultiSubscriptionSubscriber.set(Operators.java:1939)
	reactor.core.publisher.FluxConcatMap$ConcatMapImmediate.drain(FluxConcatMap.java:436)
	reactor.core.publisher.FluxConcatMap$ConcatMapImmediate.onNext(FluxConcatMap.java:244)
	reactor.core.publisher.FluxMap$MapSubscriber.onNext(FluxMap.java:114)
	reactor.core.publisher.FluxPeek$PeekSubscriber.onNext(FluxPeek.java:192)
	reactor.core.publisher.FluxMap$MapSubscriber.onNext(FluxMap.java:114)
	reactor.netty.channel.FluxReceive.drainReceiver(FluxReceive.java:206)
	reactor.netty.channel.FluxReceive.onInboundNext(FluxReceive.java:322)
	reactor.netty.channel.ChannelOperations.onInboundNext(ChannelOperations.java:335)
	reactor.netty.http.server.HttpServerOperations.onInboundNext(HttpServerOperations.java:456)
	reactor.netty.channel.ChannelOperationsHandler.channelRead(ChannelOperationsHandler.java:91)
	io.netty.channel.AbstractChannelHandlerContext.invokeChannelRead(AbstractChannelHandlerContext.java:374)
	io.netty.channel.AbstractChannelHandlerContext.invokeChannelRead(AbstractChannelHandlerContext.java:360)
	io.netty.channel.AbstractChannelHandlerContext.fireChannelRead(AbstractChannelHandlerContext.java:352)
	reactor.netty.http.server.HttpTrafficHandler.channelRead(HttpTrafficHandler.java:190)
	io.netty.channel.AbstractChannelHandlerContext.invokeChannelRead(AbstractChannelHandlerContext.java:374)
	io.netty.channel.AbstractChannelHandlerContext.invokeChannelRead(AbstractChannelHandlerContext.java:360)
	io.netty.channel.AbstractChannelHandlerContext.fireChannelRead(AbstractChannelHandlerContext.java:352)
	io.netty.channel.CombinedChannelDuplexHandler$DelegatingChannelHandlerContext.fireChannelRead(CombinedChannelDuplexHandler.java:438)
	io.netty.handler.codec.ByteToMessageDecoder.fireChannelRead(ByteToMessageDecoder.java:323)
	io.netty.handler.codec.ByteToMessageDecoder.fireChannelRead(ByteToMessageDecoder.java:310)
	io.netty.handler.codec.ByteToMessageDecoder.callDecode(ByteToMessageDecoder.java:426)
	io.netty.handler.codec.ByteToMessageDecoder.channelRead(ByteToMessageDecoder.java:278)
	io.netty.channel.CombinedChannelDuplexHandler.channelRead(CombinedChannelDuplexHandler.java:253)
	io.netty.channel.AbstractChannelHandlerContext.invokeChannelRead(AbstractChannelHandlerContext.java:374)
	io.netty.channel.AbstractChannelHandlerContext.invokeChannelRead(AbstractChannelHandlerContext.java:360)
	io.netty.channel.AbstractChannelHandlerContext.fireChannelRead(AbstractChannelHandlerContext.java:352)
	io.netty.channel.DefaultChannelPipeline$HeadContext.channelRead(DefaultChannelPipeline.java:1408)
	io.netty.channel.AbstractChannelHandlerContext.invokeChannelRead(AbstractChannelHandlerContext.java:374)
	io.netty.channel.AbstractChannelHandlerContext.invokeChannelRead(AbstractChannelHandlerContext.java:360)
	io.netty.channel.DefaultChannelPipeline.fireChannelRead(DefaultChannelPipeline.java:930)
	io.netty.channel.nio.AbstractNioByteChannel$NioByteUnsafe.read(AbstractNioByteChannel.java:163)
	io.netty.channel.nio.NioEventLoop.processSelectedKey(NioEventLoop.java:682)
	io.netty.channel.nio.NioEventLoop.processSelectedKeysOptimized(NioEventLoop.java:617)
	io.netty.channel.nio.NioEventLoop.processSelectedKeys(NioEventLoop.java:534)
	io.netty.channel.nio.NioEventLoop.run(NioEventLoop.java:496)
	io.netty.util.concurrent.SingleThreadEventExecutor$5.run(SingleThreadEventExecutor.java:906)
	io.netty.util.internal.ThreadExecutorMap$2.run(ThreadExecutorMap.java:74)
	io.netty.util.concurrent.FastThreadLocalRunnable.run(FastThreadLocalRunnable.java:30)
	java.lang.Thread.run(Thread.java:748)
#4:
	io.netty.buffer.AdvancedLeakAwareCompositeByteBuf.addComponent(AdvancedLeakAwareCompositeByteBuf.java:920)
	org.springframework.core.io.buffer.NettyDataBufferFactory.join(NettyDataBufferFactory.java:111)
	org.springframework.core.io.buffer.DataBufferUtils.joinAndStrip(DataBufferUtils.java:686)
	org.springframework.core.io.buffer.DataBufferUtils.lambda$split$20(DataBufferUtils.java:605)
	reactor.core.publisher.FluxMap$MapConditionalSubscriber.onNext(FluxMap.java:199)
	reactor.core.publisher.FluxBufferPredicate$BufferPredicateSubscriber.emit(FluxBufferPredicate.java:290)
	reactor.core.publisher.FluxBufferPredicate$BufferPredicateSubscriber.onNextNewBuffer(FluxBufferPredicate.java:257)
	reactor.core.publisher.FluxBufferPredicate$BufferPredicateSubscriber.tryOnNext(FluxBufferPredicate.java:211)
	reactor.core.publisher.FluxBufferPredicate$BufferPredicateSubscriber.onNext(FluxBufferPredicate.java:184)
	reactor.core.publisher.FluxFlatMap$FlatMapMain.drainLoop(FluxFlatMap.java:664)
	reactor.core.publisher.FluxFlatMap$FlatMapMain.drain(FluxFlatMap.java:540)
	reactor.core.publisher.FluxFlatMap$FlatMapInner.onSubscribe(FluxFlatMap.java:924)
	reactor.core.publisher.FluxIterable.subscribe(FluxIterable.java:139)
	reactor.core.publisher.FluxIterable.subscribe(FluxIterable.java:63)
	reactor.core.publisher.Flux.subscribe(Flux.java:7922)
	reactor.core.publisher.FluxFlatMap$FlatMapMain.onNext(FluxFlatMap.java:389)
	reactor.core.publisher.FluxConcatMap$ConcatMapImmediate.innerNext(FluxConcatMap.java:275)
	reactor.core.publisher.FluxConcatMap$ConcatMapInner.onNext(FluxConcatMap.java:849)
	reactor.core.publisher.FluxConcatMap$WeakScalarSubscription.request(FluxConcatMap.java:470)
	reactor.core.publisher.Operators$MultiSubscriptionSubscriber.set(Operators.java:1939)
	reactor.core.publisher.FluxConcatMap$ConcatMapImmediate.drain(FluxConcatMap.java:436)
	reactor.core.publisher.FluxConcatMap$ConcatMapImmediate.onNext(FluxConcatMap.java:244)
	reactor.core.publisher.FluxMap$MapSubscriber.onNext(FluxMap.java:114)
	reactor.core.publisher.FluxPeek$PeekSubscriber.onNext(FluxPeek.java:192)
	reactor.core.publisher.FluxMap$MapSubscriber.onNext(FluxMap.java:114)
	reactor.netty.channel.FluxReceive.drainReceiver(FluxReceive.java:206)
	reactor.netty.channel.FluxReceive.onInboundNext(FluxReceive.java:322)
	reactor.netty.channel.ChannelOperations.onInboundNext(ChannelOperations.java:335)
	reactor.netty.http.server.HttpServerOperations.onInboundNext(HttpServerOperations.java:456)
	reactor.netty.channel.ChannelOperationsHandler.channelRead(ChannelOperationsHandler.java:91)
	io.netty.channel.AbstractChannelHandlerContext.invokeChannelRead(AbstractChannelHandlerContext.java:374)
	io.netty.channel.AbstractChannelHandlerContext.invokeChannelRead(AbstractChannelHandlerContext.java:360)
	io.netty.channel.AbstractChannelHandlerContext.fireChannelRead(AbstractChannelHandlerContext.java:352)
	reactor.netty.http.server.HttpTrafficHandler.channelRead(HttpTrafficHandler.java:190)
	io.netty.channel.AbstractChannelHandlerContext.invokeChannelRead(AbstractChannelHandlerContext.java:374)
	io.netty.channel.AbstractChannelHandlerContext.invokeChannelRead(AbstractChannelHandlerContext.java:360)
	io.netty.channel.AbstractChannelHandlerContext.fireChannelRead(AbstractChannelHandlerContext.java:352)
	io.netty.channel.CombinedChannelDuplexHandler$DelegatingChannelHandlerContext.fireChannelRead(CombinedChannelDuplexHandler.java:438)
	io.netty.handler.codec.ByteToMessageDecoder.fireChannelRead(ByteToMessageDecoder.java:323)
	io.netty.handler.codec.ByteToMessageDecoder.fireChannelRead(ByteToMessageDecoder.java:310)
	io.netty.handler.codec.ByteToMessageDecoder.callDecode(ByteToMessageDecoder.java:426)
	io.netty.handler.codec.ByteToMessageDecoder.channelRead(ByteToMessageDecoder.java:278)
	io.netty.channel.CombinedChannelDuplexHandler.channelRead(CombinedChannelDuplexHandler.java:253)
	io.netty.channel.AbstractChannelHandlerContext.invokeChannelRead(AbstractChannelHandlerContext.java:374)
	io.netty.channel.AbstractChannelHandlerContext.invokeChannelRead(AbstractChannelHandlerContext.java:360)
	io.netty.channel.AbstractChannelHandlerContext.fireChannelRead(AbstractChannelHandlerContext.java:352)
	io.netty.channel.DefaultChannelPipeline$HeadContext.channelRead(DefaultChannelPipeline.java:1408)
	io.netty.channel.AbstractChannelHandlerContext.invokeChannelRead(AbstractChannelHandlerContext.java:374)
	io.netty.channel.AbstractChannelHandlerContext.invokeChannelRead(AbstractChannelHandlerContext.java:360)
	io.netty.channel.DefaultChannelPipeline.fireChannelRead(DefaultChannelPipeline.java:930)
	io.netty.channel.nio.AbstractNioByteChannel$NioByteUnsafe.read(AbstractNioByteChannel.java:163)
	io.netty.channel.nio.NioEventLoop.processSelectedKey(NioEventLoop.java:682)
	io.netty.channel.nio.NioEventLoop.processSelectedKeysOptimized(NioEventLoop.java:617)
	io.netty.channel.nio.NioEventLoop.processSelectedKeys(NioEventLoop.java:534)
	io.netty.channel.nio.NioEventLoop.run(NioEventLoop.java:496)
	io.netty.util.concurrent.SingleThreadEventExecutor$5.run(SingleThreadEventExecutor.java:906)
	io.netty.util.internal.ThreadExecutorMap$2.run(ThreadExecutorMap.java:74)
	io.netty.util.concurrent.FastThreadLocalRunnable.run(FastThreadLocalRunnable.java:30)
	java.lang.Thread.run(Thread.java:748)
Created at:
	io.netty.buffer.AbstractByteBufAllocator.compositeDirectBuffer(AbstractByteBufAllocator.java:223)
	io.netty.buffer.AbstractByteBufAllocator.compositeBuffer(AbstractByteBufAllocator.java:201)
	org.springframework.core.io.buffer.NettyDataBufferFactory.join(NettyDataBufferFactory.java:108)
	org.springframework.core.io.buffer.DataBufferUtils.joinAndStrip(DataBufferUtils.java:686)
	org.springframework.core.io.buffer.DataBufferUtils.lambda$split$20(DataBufferUtils.java:605)
	reactor.core.publisher.FluxMap$MapConditionalSubscriber.onNext(FluxMap.java:199)
	reactor.core.publisher.FluxBufferPredicate$BufferPredicateSubscriber.emit(FluxBufferPredicate.java:290)
	reactor.core.publisher.FluxBufferPredicate$BufferPredicateSubscriber.onNextNewBuffer(FluxBufferPredicate.java:257)
	reactor.core.publisher.FluxBufferPredicate$BufferPredicateSubscriber.tryOnNext(FluxBufferPredicate.java:211)
	reactor.core.publisher.FluxBufferPredicate$BufferPredicateSubscriber.onNext(FluxBufferPredicate.java:184)
	reactor.core.publisher.FluxFlatMap$FlatMapMain.drainLoop(FluxFlatMap.java:664)
	reactor.core.publisher.FluxFlatMap$FlatMapMain.drain(FluxFlatMap.java:540)
	reactor.core.publisher.FluxFlatMap$FlatMapInner.onSubscribe(FluxFlatMap.java:924)
	reactor.core.publisher.FluxIterable.subscribe(FluxIterable.java:139)
	reactor.core.publisher.FluxIterable.subscribe(FluxIterable.java:63)
	reactor.core.publisher.Flux.subscribe(Flux.java:7922)
	reactor.core.publisher.FluxFlatMap$FlatMapMain.onNext(FluxFlatMap.java:389)
	reactor.core.publisher.FluxConcatMap$ConcatMapImmediate.innerNext(FluxConcatMap.java:275)
	reactor.core.publisher.FluxConcatMap$ConcatMapInner.onNext(FluxConcatMap.java:849)
	reactor.core.publisher.FluxConcatMap$WeakScalarSubscription.request(FluxConcatMap.java:470)
	reactor.core.publisher.Operators$MultiSubscriptionSubscriber.set(Operators.java:1939)
	reactor.core.publisher.FluxConcatMap$ConcatMapImmediate.drain(FluxConcatMap.java:436)
	reactor.core.publisher.FluxConcatMap$ConcatMapImmediate.onNext(FluxConcatMap.java:244)
	reactor.core.publisher.FluxMap$MapSubscriber.onNext(FluxMap.java:114)
	reactor.core.publisher.FluxPeek$PeekSubscriber.onNext(FluxPeek.java:192)
	reactor.core.publisher.FluxMap$MapSubscriber.onNext(FluxMap.java:114)
	reactor.netty.channel.FluxReceive.drainReceiver(FluxReceive.java:206)
	reactor.netty.channel.FluxReceive.onInboundNext(FluxReceive.java:322)
	reactor.netty.channel.ChannelOperations.onInboundNext(ChannelOperations.java:335)
	reactor.netty.http.server.HttpServerOperations.onInboundNext(HttpServerOperations.java:456)
	reactor.netty.channel.ChannelOperationsHandler.channelRead(ChannelOperationsHandler.java:91)
	io.netty.channel.AbstractChannelHandlerContext.invokeChannelRead(AbstractChannelHandlerContext.java:374)
	io.netty.channel.AbstractChannelHandlerContext.invokeChannelRead(AbstractChannelHandlerContext.java:360)
	io.netty.channel.AbstractChannelHandlerContext.fireChannelRead(AbstractChannelHandlerContext.java:352)
	reactor.netty.http.server.HttpTrafficHandler.channelRead(HttpTrafficHandler.java:190)
	io.netty.channel.AbstractChannelHandlerContext.invokeChannelRead(AbstractChannelHandlerContext.java:374)
	io.netty.channel.AbstractChannelHandlerContext.invokeChannelRead(AbstractChannelHandlerContext.java:360)
	io.netty.channel.AbstractChannelHandlerContext.fireChannelRead(AbstractChannelHandlerContext.java:352)
	io.netty.channel.CombinedChannelDuplexHandler$DelegatingChannelHandlerContext.fireChannelRead(CombinedChannelDuplexHandler.java:438)
	io.netty.handler.codec.ByteToMessageDecoder.fireChannelRead(ByteToMessageDecoder.java:323)
	io.netty.handler.codec.ByteToMessageDecoder.fireChannelRead(ByteToMessageDecoder.java:310)
	io.netty.handler.codec.ByteToMessageDecoder.callDecode(ByteToMessageDecoder.java:426)
	io.netty.handler.codec.ByteToMessageDecoder.channelRead(ByteToMessageDecoder.java:278)
	io.netty.channel.CombinedChannelDuplexHandler.channelRead(CombinedChannelDuplexHandler.java:253)
	io.netty.channel.AbstractChannelHandlerContext.invokeChannelRead(AbstractChannelHandlerContext.java:374)
	io.netty.channel.AbstractChannelHandlerContext.invokeChannelRead(AbstractChannelHandlerContext.java:360)
	io.netty.channel.AbstractChannelHandlerContext.fireChannelRead(AbstractChannelHandlerContext.java:352)
	io.netty.channel.DefaultChannelPipeline$HeadContext.channelRead(DefaultChannelPipeline.java:1408)
	io.netty.channel.AbstractChannelHandlerContext.invokeChannelRead(AbstractChannelHandlerContext.java:374)
	io.netty.channel.AbstractChannelHandlerContext.invokeChannelRead(AbstractChannelHandlerContext.java:360)
	io.netty.channel.DefaultChannelPipeline.fireChannelRead(DefaultChannelPipeline.java:930)
	io.netty.channel.nio.AbstractNioByteChannel$NioByteUnsafe.read(AbstractNioByteChannel.java:163)
	io.netty.channel.nio.NioEventLoop.processSelectedKey(NioEventLoop.java:682)
	io.netty.channel.nio.NioEventLoop.processSelectedKeysOptimized(NioEventLoop.java:617)
	io.netty.channel.nio.NioEventLoop.processSelectedKeys(NioEventLoop.java:534)
	io.netty.channel.nio.NioEventLoop.run(NioEventLoop.java:496)
	io.netty.util.concurrent.SingleThreadEventExecutor$5.run(SingleThreadEventExecutor.java:906)
	io.netty.util.internal.ThreadExecutorMap$2.run(ThreadExecutorMap.java:74)
	io.netty.util.concurrent.FastThreadLocalRunnable.run(FastThreadLocalRunnable.java:30)
	java.lang.Thread.run(Thread.java:748)
: 5 leak records were discarded because they were duplicates
: 107 leak records were discarded because the leak record count is targeted to 4. Use system property io.netty.leakDetection.targetRecords to increase the limit.
22:42:59.852 [reactor-http-nio-14] ERROR i.n.u.ResourceLeakDetector - LEAK: ByteBuf.release() was not called before it's garbage-collected. See http://netty.io/wiki/reference-counted-objects.html for more information.
Recent access records: 
#1:
	io.netty.buffer.AdvancedLeakAwareByteBuf.order(AdvancedLeakAwareByteBuf.java:70)
	io.netty.buffer.CompositeByteBuf.newComponent(CompositeByteBuf.java:318)
	io.netty.buffer.CompositeByteBuf.addComponent0(CompositeByteBuf.java:280)
	io.netty.buffer.CompositeByteBuf.addComponent(CompositeByteBuf.java:265)
	io.netty.buffer.CompositeByteBuf.addComponent(CompositeByteBuf.java:222)
	io.netty.buffer.WrappedCompositeByteBuf.addComponent(WrappedCompositeByteBuf.java:529)
	io.netty.buffer.AdvancedLeakAwareCompositeByteBuf.addComponent(AdvancedLeakAwareCompositeByteBuf.java:921)
	org.springframework.core.io.buffer.NettyDataBufferFactory.join(NettyDataBufferFactory.java:111)
	org.springframework.core.io.buffer.DataBufferUtils.joinAndStrip(DataBufferUtils.java:686)
	org.springframework.core.io.buffer.DataBufferUtils.lambda$split$20(DataBufferUtils.java:605)
	reactor.core.publisher.FluxMap$MapConditionalSubscriber.onNext(FluxMap.java:199)
	reactor.core.publisher.FluxBufferPredicate$BufferPredicateSubscriber.emit(FluxBufferPredicate.java:290)
	reactor.core.publisher.FluxBufferPredicate$BufferPredicateSubscriber.onNextNewBuffer(FluxBufferPredicate.java:257)
	reactor.core.publisher.FluxBufferPredicate$BufferPredicateSubscriber.tryOnNext(FluxBufferPredicate.java:211)
	reactor.core.publisher.FluxBufferPredicate$BufferPredicateSubscriber.onNext(FluxBufferPredicate.java:184)
	reactor.core.publisher.FluxFlatMap$FlatMapMain.drainLoop(FluxFlatMap.java:664)
	reactor.core.publisher.FluxFlatMap$FlatMapMain.drain(FluxFlatMap.java:540)
	reactor.core.publisher.FluxFlatMap$FlatMapInner.onSubscribe(FluxFlatMap.java:924)
	reactor.core.publisher.FluxIterable.subscribe(FluxIterable.java:139)
	reactor.core.publisher.FluxIterable.subscribe(FluxIterable.java:63)
	reactor.core.publisher.Flux.subscribe(Flux.java:7922)
	reactor.core.publisher.FluxFlatMap$FlatMapMain.onNext(FluxFlatMap.java:389)
	reactor.core.publisher.FluxConcatMap$ConcatMapImmediate.innerNext(FluxConcatMap.java:275)
	reactor.core.publisher.FluxConcatMap$ConcatMapInner.onNext(FluxConcatMap.java:849)
	reactor.core.publisher.FluxConcatMap$WeakScalarSubscription.request(FluxConcatMap.java:470)
	reactor.core.publisher.Operators$MultiSubscriptionSubscriber.set(Operators.java:1939)
	reactor.core.publisher.FluxConcatMap$ConcatMapImmediate.drain(FluxConcatMap.java:436)
	reactor.core.publisher.FluxConcatMap$ConcatMapImmediate.onNext(FluxConcatMap.java:244)
	reactor.core.publisher.FluxMap$MapSubscriber.onNext(FluxMap.java:114)
	reactor.core.publisher.FluxPeek$PeekSubscriber.onNext(FluxPeek.java:192)
	reactor.core.publisher.FluxMap$MapSubscriber.onNext(FluxMap.java:114)
	reactor.netty.channel.FluxReceive.drainReceiver(FluxReceive.java:206)
	reactor.netty.channel.FluxReceive.onInboundNext(FluxReceive.java:322)
	reactor.netty.channel.ChannelOperations.onInboundNext(ChannelOperations.java:335)
	reactor.netty.http.server.HttpServerOperations.onInboundNext(HttpServerOperations.java:456)
	reactor.netty.channel.ChannelOperationsHandler.channelRead(ChannelOperationsHandler.java:91)
	io.netty.channel.AbstractChannelHandlerContext.invokeChannelRead(AbstractChannelHandlerContext.java:374)
	io.netty.channel.AbstractChannelHandlerContext.invokeChannelRead(AbstractChannelHandlerContext.java:360)
	io.netty.channel.AbstractChannelHandlerContext.fireChannelRead(AbstractChannelHandlerContext.java:352)
	reactor.netty.http.server.HttpTrafficHandler.channelRead(HttpTrafficHandler.java:190)
	io.netty.channel.AbstractChannelHandlerContext.invokeChannelRead(AbstractChannelHandlerContext.java:374)
	io.netty.channel.AbstractChannelHandlerContext.invokeChannelRead(AbstractChannelHandlerContext.java:360)
	io.netty.channel.AbstractChannelHandlerContext.fireChannelRead(AbstractChannelHandlerContext.java:352)
	io.netty.channel.CombinedChannelDuplexHandler$DelegatingChannelHandlerContext.fireChannelRead(CombinedChannelDuplexHandler.java:438)
	io.netty.handler.codec.ByteToMessageDecoder.fireChannelRead(ByteToMessageDecoder.java:323)
	io.netty.handler.codec.ByteToMessageDecoder.fireChannelRead(ByteToMessageDecoder.java:310)
	io.netty.handler.codec.ByteToMessageDecoder.callDecode(ByteToMessageDecoder.java:426)
	io.netty.handler.codec.ByteToMessageDecoder.channelRead(ByteToMessageDecoder.java:278)
	io.netty.channel.CombinedChannelDuplexHandler.channelRead(CombinedChannelDuplexHandler.java:253)
	io.netty.channel.AbstractChannelHandlerContext.invokeChannelRead(AbstractChannelHandlerContext.java:374)
	io.netty.channel.AbstractChannelHandlerContext.invokeChannelRead(AbstractChannelHandlerContext.java:360)
	io.netty.channel.AbstractChannelHandlerContext.fireChannelRead(AbstractChannelHandlerContext.java:352)
	io.netty.channel.DefaultChannelPipeline$HeadContext.channelRead(DefaultChannelPipeline.java:1408)
	io.netty.channel.AbstractChannelHandlerContext.invokeChannelRead(AbstractChannelHandlerContext.java:374)
	io.netty.channel.AbstractChannelHandlerContext.invokeChannelRead(AbstractChannelHandlerContext.java:360)
	io.netty.channel.DefaultChannelPipeline.fireChannelRead(DefaultChannelPipeline.java:930)
	io.netty.channel.nio.AbstractNioByteChannel$NioByteUnsafe.read(AbstractNioByteChannel.java:163)
	io.netty.channel.nio.NioEventLoop.processSelectedKey(NioEventLoop.java:682)
	io.netty.channel.nio.NioEventLoop.processSelectedKeysOptimized(NioEventLoop.java:617)
	io.netty.channel.nio.NioEventLoop.processSelectedKeys(NioEventLoop.java:534)
	io.netty.channel.nio.NioEventLoop.run(NioEventLoop.java:496)
	io.netty.util.concurrent.SingleThreadEventExecutor$5.run(SingleThreadEventExecutor.java:906)
	io.netty.util.internal.ThreadExecutorMap$2.run(ThreadExecutorMap.java:74)
	io.netty.util.concurrent.FastThreadLocalRunnable.run(FastThreadLocalRunnable.java:30)
	java.lang.Thread.run(Thread.java:748)
#2:
	org.springframework.core.io.buffer.NettyDataBuffer.release(NettyDataBuffer.java:308)
	org.springframework.core.io.buffer.DataBufferUtils.release(DataBufferUtils.java:498)
	org.springframework.core.io.buffer.DataBufferUtils.endFrameAfterDelimiter(DataBufferUtils.java:660)
	org.springframework.core.io.buffer.DataBufferUtils.lambda$split$18(DataBufferUtils.java:603)
	reactor.core.publisher.FluxFlatMap$FlatMapMain.onNext(FluxFlatMap.java:350)
	reactor.core.publisher.FluxConcatMap$ConcatMapImmediate.innerNext(FluxConcatMap.java:275)
	reactor.core.publisher.FluxConcatMap$ConcatMapInner.onNext(FluxConcatMap.java:849)
	reactor.core.publisher.FluxConcatMap$WeakScalarSubscription.request(FluxConcatMap.java:470)
	reactor.core.publisher.Operators$MultiSubscriptionSubscriber.set(Operators.java:1939)
	reactor.core.publisher.FluxConcatMap$ConcatMapImmediate.drain(FluxConcatMap.java:436)
	reactor.core.publisher.FluxConcatMap$ConcatMapImmediate.onNext(FluxConcatMap.java:244)
	reactor.core.publisher.FluxMap$MapSubscriber.onNext(FluxMap.java:114)
	reactor.core.publisher.FluxPeek$PeekSubscriber.onNext(FluxPeek.java:192)
	reactor.core.publisher.FluxMap$MapSubscriber.onNext(FluxMap.java:114)
	reactor.netty.channel.FluxReceive.drainReceiver(FluxReceive.java:206)
	reactor.netty.channel.FluxReceive.onInboundNext(FluxReceive.java:322)
	reactor.netty.channel.ChannelOperations.onInboundNext(ChannelOperations.java:335)
	reactor.netty.http.server.HttpServerOperations.onInboundNext(HttpServerOperations.java:456)
	reactor.netty.channel.ChannelOperationsHandler.channelRead(ChannelOperationsHandler.java:91)
	io.netty.channel.AbstractChannelHandlerContext.invokeChannelRead(AbstractChannelHandlerContext.java:374)
	io.netty.channel.AbstractChannelHandlerContext.invokeChannelRead(AbstractChannelHandlerContext.java:360)
	io.netty.channel.AbstractChannelHandlerContext.fireChannelRead(AbstractChannelHandlerContext.java:352)
	reactor.netty.http.server.HttpTrafficHandler.channelRead(HttpTrafficHandler.java:190)
	io.netty.channel.AbstractChannelHandlerContext.invokeChannelRead(AbstractChannelHandlerContext.java:374)
	io.netty.channel.AbstractChannelHandlerContext.invokeChannelRead(AbstractChannelHandlerContext.java:360)
	io.netty.channel.AbstractChannelHandlerContext.fireChannelRead(AbstractChannelHandlerContext.java:352)
	io.netty.channel.CombinedChannelDuplexHandler$DelegatingChannelHandlerContext.fireChannelRead(CombinedChannelDuplexHandler.java:438)
	io.netty.handler.codec.ByteToMessageDecoder.fireChannelRead(ByteToMessageDecoder.java:323)
	io.netty.handler.codec.ByteToMessageDecoder.fireChannelRead(ByteToMessageDecoder.java:310)
	io.netty.handler.codec.ByteToMessageDecoder.callDecode(ByteToMessageDecoder.java:426)
	io.netty.handler.codec.ByteToMessageDecoder.channelRead(ByteToMessageDecoder.java:278)
	io.netty.channel.CombinedChannelDuplexHandler.channelRead(CombinedChannelDuplexHandler.java:253)
	io.netty.channel.AbstractChannelHandlerContext.invokeChannelRead(AbstractChannelHandlerContext.java:374)
	io.netty.channel.AbstractChannelHandlerContext.invokeChannelRead(AbstractChannelHandlerContext.java:360)
	io.netty.channel.AbstractChannelHandlerContext.fireChannelRead(AbstractChannelHandlerContext.java:352)
	io.netty.channel.DefaultChannelPipeline$HeadContext.channelRead(DefaultChannelPipeline.java:1408)
	io.netty.channel.AbstractChannelHandlerContext.invokeChannelRead(AbstractChannelHandlerContext.java:374)
	io.netty.channel.AbstractChannelHandlerContext.invokeChannelRead(AbstractChannelHandlerContext.java:360)
	io.netty.channel.DefaultChannelPipeline.fireChannelRead(DefaultChannelPipeline.java:930)
	io.netty.channel.nio.AbstractNioByteChannel$NioByteUnsafe.read(AbstractNioByteChannel.java:163)
	io.netty.channel.nio.NioEventLoop.processSelectedKey(NioEventLoop.java:682)
	io.netty.channel.nio.NioEventLoop.processSelectedKeysOptimized(NioEventLoop.java:617)
	io.netty.channel.nio.NioEventLoop.processSelectedKeys(NioEventLoop.java:534)
	io.netty.channel.nio.NioEventLoop.run(NioEventLoop.java:496)
	io.netty.util.concurrent.SingleThreadEventExecutor$5.run(SingleThreadEventExecutor.java:906)
	io.netty.util.internal.ThreadExecutorMap$2.run(ThreadExecutorMap.java:74)
	io.netty.util.concurrent.FastThreadLocalRunnable.run(FastThreadLocalRunnable.java:30)
	java.lang.Thread.run(Thread.java:748)
#3:
	io.netty.buffer.AdvancedLeakAwareByteBuf.getByte(AdvancedLeakAwareByteBuf.java:154)
	org.springframework.core.io.buffer.NettyDataBuffer.getByte(NettyDataBuffer.java:132)
	org.springframework.core.io.buffer.DataBufferUtils$KnuthMorrisPrattMatcher.match(DataBufferUtils.java:1005)
	org.springframework.core.io.buffer.DataBufferUtils.endFrameAfterDelimiter(DataBufferUtils.java:634)
	org.springframework.core.io.buffer.DataBufferUtils.lambda$split$18(DataBufferUtils.java:603)
	reactor.core.publisher.FluxFlatMap$FlatMapMain.onNext(FluxFlatMap.java:350)
	reactor.core.publisher.FluxConcatMap$ConcatMapImmediate.innerNext(FluxConcatMap.java:275)
	reactor.core.publisher.FluxConcatMap$ConcatMapInner.onNext(FluxConcatMap.java:849)
	reactor.core.publisher.FluxConcatMap$WeakScalarSubscription.request(FluxConcatMap.java:470)
	reactor.core.publisher.Operators$MultiSubscriptionSubscriber.set(Operators.java:1939)
	reactor.core.publisher.FluxConcatMap$ConcatMapImmediate.drain(FluxConcatMap.java:436)
	reactor.core.publisher.FluxConcatMap$ConcatMapImmediate.onNext(FluxConcatMap.java:244)
	reactor.core.publisher.FluxMap$MapSubscriber.onNext(FluxMap.java:114)
	reactor.core.publisher.FluxPeek$PeekSubscriber.onNext(FluxPeek.java:192)
	reactor.core.publisher.FluxMap$MapSubscriber.onNext(FluxMap.java:114)
	reactor.netty.channel.FluxReceive.drainReceiver(FluxReceive.java:206)
	reactor.netty.channel.FluxReceive.onInboundNext(FluxReceive.java:322)
	reactor.netty.channel.ChannelOperations.onInboundNext(ChannelOperations.java:335)
	reactor.netty.http.server.HttpServerOperations.onInboundNext(HttpServerOperations.java:456)
	reactor.netty.channel.ChannelOperationsHandler.channelRead(ChannelOperationsHandler.java:91)
	io.netty.channel.AbstractChannelHandlerContext.invokeChannelRead(AbstractChannelHandlerContext.java:374)
	io.netty.channel.AbstractChannelHandlerContext.invokeChannelRead(AbstractChannelHandlerContext.java:360)
	io.netty.channel.AbstractChannelHandlerContext.fireChannelRead(AbstractChannelHandlerContext.java:352)
	reactor.netty.http.server.HttpTrafficHandler.channelRead(HttpTrafficHandler.java:190)
	io.netty.channel.AbstractChannelHandlerContext.invokeChannelRead(AbstractChannelHandlerContext.java:374)
	io.netty.channel.AbstractChannelHandlerContext.invokeChannelRead(AbstractChannelHandlerContext.java:360)
	io.netty.channel.AbstractChannelHandlerContext.fireChannelRead(AbstractChannelHandlerContext.java:352)
	io.netty.channel.CombinedChannelDuplexHandler$DelegatingChannelHandlerContext.fireChannelRead(CombinedChannelDuplexHandler.java:438)
	io.netty.handler.codec.ByteToMessageDecoder.fireChannelRead(ByteToMessageDecoder.java:323)
	io.netty.handler.codec.ByteToMessageDecoder.fireChannelRead(ByteToMessageDecoder.java:310)
	io.netty.handler.codec.ByteToMessageDecoder.callDecode(ByteToMessageDecoder.java:426)
	io.netty.handler.codec.ByteToMessageDecoder.channelRead(ByteToMessageDecoder.java:278)
	io.netty.channel.CombinedChannelDuplexHandler.channelRead(CombinedChannelDuplexHandler.java:253)
	io.netty.channel.AbstractChannelHandlerContext.invokeChannelRead(AbstractChannelHandlerContext.java:374)
	io.netty.channel.AbstractChannelHandlerContext.invokeChannelRead(AbstractChannelHandlerContext.java:360)
	io.netty.channel.AbstractChannelHandlerContext.fireChannelRead(AbstractChannelHandlerContext.java:352)
	io.netty.channel.DefaultChannelPipeline$HeadContext.channelRead(DefaultChannelPipeline.java:1408)
	io.netty.channel.AbstractChannelHandlerContext.invokeChannelRead(AbstractChannelHandlerContext.java:374)
	io.netty.channel.AbstractChannelHandlerContext.invokeChannelRead(AbstractChannelHandlerContext.java:360)
	io.netty.channel.DefaultChannelPipeline.fireChannelRead(DefaultChannelPipeline.java:930)
	io.netty.channel.nio.AbstractNioByteChannel$NioByteUnsafe.read(AbstractNioByteChannel.java:163)
	io.netty.channel.nio.NioEventLoop.processSelectedKey(NioEventLoop.java:682)
	io.netty.channel.nio.NioEventLoop.processSelectedKeysOptimized(NioEventLoop.java:617)
	io.netty.channel.nio.NioEventLoop.processSelectedKeys(NioEventLoop.java:534)
	io.netty.channel.nio.NioEventLoop.run(NioEventLoop.java:496)
	io.netty.util.concurrent.SingleThreadEventExecutor$5.run(SingleThreadEventExecutor.java:906)
	io.netty.util.internal.ThreadExecutorMap$2.run(ThreadExecutorMap.java:74)
	io.netty.util.concurrent.FastThreadLocalRunnable.run(FastThreadLocalRunnable.java:30)
	java.lang.Thread.run(Thread.java:748)
#4:
	reactor.core.publisher.FluxPeek$PeekSubscriber.onNext(FluxPeek.java:177)
	reactor.core.publisher.FluxMap$MapSubscriber.onNext(FluxMap.java:114)
	reactor.netty.channel.FluxReceive.drainReceiver(FluxReceive.java:206)
	reactor.netty.channel.FluxReceive.onInboundNext(FluxReceive.java:322)
	reactor.netty.channel.ChannelOperations.onInboundNext(ChannelOperations.java:335)
	reactor.netty.http.server.HttpServerOperations.onInboundNext(HttpServerOperations.java:456)
	reactor.netty.channel.ChannelOperationsHandler.channelRead(ChannelOperationsHandler.java:91)
	io.netty.channel.AbstractChannelHandlerContext.invokeChannelRead(AbstractChannelHandlerContext.java:374)
	io.netty.channel.AbstractChannelHandlerContext.invokeChannelRead(AbstractChannelHandlerContext.java:360)
	io.netty.channel.AbstractChannelHandlerContext.fireChannelRead(AbstractChannelHandlerContext.java:352)
	reactor.netty.http.server.HttpTrafficHandler.channelRead(HttpTrafficHandler.java:190)
	io.netty.channel.AbstractChannelHandlerContext.invokeChannelRead(AbstractChannelHandlerContext.java:374)
	io.netty.channel.AbstractChannelHandlerContext.invokeChannelRead(AbstractChannelHandlerContext.java:360)
	io.netty.channel.AbstractChannelHandlerContext.fireChannelRead(AbstractChannelHandlerContext.java:352)
	io.netty.channel.CombinedChannelDuplexHandler$DelegatingChannelHandlerContext.fireChannelRead(CombinedChannelDuplexHandler.java:438)
	io.netty.handler.codec.ByteToMessageDecoder.fireChannelRead(ByteToMessageDecoder.java:323)
	io.netty.handler.codec.ByteToMessageDecoder.fireChannelRead(ByteToMessageDecoder.java:310)
	io.netty.handler.codec.ByteToMessageDecoder.callDecode(ByteToMessageDecoder.java:426)
	io.netty.handler.codec.ByteToMessageDecoder.channelRead(ByteToMessageDecoder.java:278)
	io.netty.channel.CombinedChannelDuplexHandler.channelRead(CombinedChannelDuplexHandler.java:253)
	io.netty.channel.AbstractChannelHandlerContext.invokeChannelRead(AbstractChannelHandlerContext.java:374)
	io.netty.channel.AbstractChannelHandlerContext.invokeChannelRead(AbstractChannelHandlerContext.java:360)
	io.netty.channel.AbstractChannelHandlerContext.fireChannelRead(AbstractChannelHandlerContext.java:352)
	io.netty.channel.DefaultChannelPipeline$HeadContext.channelRead(DefaultChannelPipeline.java:1408)
	io.netty.channel.AbstractChannelHandlerContext.invokeChannelRead(AbstractChannelHandlerContext.java:374)
	io.netty.channel.AbstractChannelHandlerContext.invokeChannelRead(AbstractChannelHandlerContext.java:360)
	io.netty.channel.DefaultChannelPipeline.fireChannelRead(DefaultChannelPipeline.java:930)
	io.netty.channel.nio.AbstractNioByteChannel$NioByteUnsafe.read(AbstractNioByteChannel.java:163)
	io.netty.channel.nio.NioEventLoop.processSelectedKey(NioEventLoop.java:682)
	io.netty.channel.nio.NioEventLoop.processSelectedKeysOptimized(NioEventLoop.java:617)
	io.netty.channel.nio.NioEventLoop.processSelectedKeys(NioEventLoop.java:534)
	io.netty.channel.nio.NioEventLoop.run(NioEventLoop.java:496)
	io.netty.util.concurrent.SingleThreadEventExecutor$5.run(SingleThreadEventExecutor.java:906)
	io.netty.util.internal.ThreadExecutorMap$2.run(ThreadExecutorMap.java:74)
	io.netty.util.concurrent.FastThreadLocalRunnable.run(FastThreadLocalRunnable.java:30)
	java.lang.Thread.run(Thread.java:748)
#5:
	Hint: 'reactor.right.reactiveBridge' will handle the message from this point.
	io.netty.handler.codec.http.DefaultHttpContent.touch(DefaultHttpContent.java:88)
	io.netty.handler.codec.http.DefaultHttpContent.touch(DefaultHttpContent.java:24)
	io.netty.channel.DefaultChannelPipeline.touch(DefaultChannelPipeline.java:116)
	io.netty.channel.AbstractChannelHandlerContext.invokeChannelRead(AbstractChannelHandlerContext.java:357)
	io.netty.channel.AbstractChannelHandlerContext.fireChannelRead(AbstractChannelHandlerContext.java:352)
	reactor.netty.http.server.HttpTrafficHandler.channelRead(HttpTrafficHandler.java:190)
	io.netty.channel.AbstractChannelHandlerContext.invokeChannelRead(AbstractChannelHandlerContext.java:374)
	io.netty.channel.AbstractChannelHandlerContext.invokeChannelRead(AbstractChannelHandlerContext.java:360)
	io.netty.channel.AbstractChannelHandlerContext.fireChannelRead(AbstractChannelHandlerContext.java:352)
	io.netty.channel.CombinedChannelDuplexHandler$DelegatingChannelHandlerContext.fireChannelRead(CombinedChannelDuplexHandler.java:438)
	io.netty.handler.codec.ByteToMessageDecoder.fireChannelRead(ByteToMessageDecoder.java:323)
	io.netty.handler.codec.ByteToMessageDecoder.fireChannelRead(ByteToMessageDecoder.java:310)
	io.netty.handler.codec.ByteToMessageDecoder.callDecode(ByteToMessageDecoder.java:426)
	io.netty.handler.codec.ByteToMessageDecoder.channelRead(ByteToMessageDecoder.java:278)
	io.netty.channel.CombinedChannelDuplexHandler.channelRead(CombinedChannelDuplexHandler.java:253)
	io.netty.channel.AbstractChannelHandlerContext.invokeChannelRead(AbstractChannelHandlerContext.java:374)
	io.netty.channel.AbstractChannelHandlerContext.invokeChannelRead(AbstractChannelHandlerContext.java:360)
	io.netty.channel.AbstractChannelHandlerContext.fireChannelRead(AbstractChannelHandlerContext.java:352)
	io.netty.channel.DefaultChannelPipeline$HeadContext.channelRead(DefaultChannelPipeline.java:1408)
	io.netty.channel.AbstractChannelHandlerContext.invokeChannelRead(AbstractChannelHandlerContext.java:374)
	io.netty.channel.AbstractChannelHandlerContext.invokeChannelRead(AbstractChannelHandlerContext.java:360)
	io.netty.channel.DefaultChannelPipeline.fireChannelRead(DefaultChannelPipeline.java:930)
	io.netty.channel.nio.AbstractNioByteChannel$NioByteUnsafe.read(AbstractNioByteChannel.java:163)
	io.netty.channel.nio.NioEventLoop.processSelectedKey(NioEventLoop.java:682)
	io.netty.channel.nio.NioEventLoop.processSelectedKeysOptimized(NioEventLoop.java:617)
	io.netty.channel.nio.NioEventLoop.processSelectedKeys(NioEventLoop.java:534)
	io.netty.channel.nio.NioEventLoop.run(NioEventLoop.java:496)
	io.netty.util.concurrent.SingleThreadEventExecutor$5.run(SingleThreadEventExecutor.java:906)
	io.netty.util.internal.ThreadExecutorMap$2.run(ThreadExecutorMap.java:74)
	io.netty.util.concurrent.FastThreadLocalRunnable.run(FastThreadLocalRunnable.java:30)
	java.lang.Thread.run(Thread.java:748)
#6:
	Hint: 'reactor.left.httpTrafficHandler' will handle the message from this point.
	io.netty.handler.codec.http.DefaultHttpContent.touch(DefaultHttpContent.java:88)
	io.netty.handler.codec.http.DefaultHttpContent.touch(DefaultHttpContent.java:24)
	io.netty.channel.DefaultChannelPipeline.touch(DefaultChannelPipeline.java:116)
	io.netty.channel.AbstractChannelHandlerContext.invokeChannelRead(AbstractChannelHandlerContext.java:357)
	io.netty.channel.AbstractChannelHandlerContext.fireChannelRead(AbstractChannelHandlerContext.java:352)
	io.netty.channel.CombinedChannelDuplexHandler$DelegatingChannelHandlerContext.fireChannelRead(CombinedChannelDuplexHandler.java:438)
	io.netty.handler.codec.ByteToMessageDecoder.fireChannelRead(ByteToMessageDecoder.java:323)
	io.netty.handler.codec.ByteToMessageDecoder.fireChannelRead(ByteToMessageDecoder.java:310)
	io.netty.handler.codec.ByteToMessageDecoder.callDecode(ByteToMessageDecoder.java:426)
	io.netty.handler.codec.ByteToMessageDecoder.channelRead(ByteToMessageDecoder.java:278)
	io.netty.channel.CombinedChannelDuplexHandler.channelRead(CombinedChannelDuplexHandler.java:253)
	io.netty.channel.AbstractChannelHandlerContext.invokeChannelRead(AbstractChannelHandlerContext.java:374)
	io.netty.channel.AbstractChannelHandlerContext.invokeChannelRead(AbstractChannelHandlerContext.java:360)
	io.netty.channel.AbstractChannelHandlerContext.fireChannelRead(AbstractChannelHandlerContext.java:352)
	io.netty.channel.DefaultChannelPipeline$HeadContext.channelRead(DefaultChannelPipeline.java:1408)
	io.netty.channel.AbstractChannelHandlerContext.invokeChannelRead(AbstractChannelHandlerContext.java:374)
	io.netty.channel.AbstractChannelHandlerContext.invokeChannelRead(AbstractChannelHandlerContext.java:360)
	io.netty.channel.DefaultChannelPipeline.fireChannelRead(DefaultChannelPipeline.java:930)
	io.netty.channel.nio.AbstractNioByteChannel$NioByteUnsafe.read(AbstractNioByteChannel.java:163)
	io.netty.channel.nio.NioEventLoop.processSelectedKey(NioEventLoop.java:682)
	io.netty.channel.nio.NioEventLoop.processSelectedKeysOptimized(NioEventLoop.java:617)
	io.netty.channel.nio.NioEventLoop.processSelectedKeys(NioEventLoop.java:534)
	io.netty.channel.nio.NioEventLoop.run(NioEventLoop.java:496)
	io.netty.util.concurrent.SingleThreadEventExecutor$5.run(SingleThreadEventExecutor.java:906)
	io.netty.util.internal.ThreadExecutorMap$2.run(ThreadExecutorMap.java:74)
	io.netty.util.concurrent.FastThreadLocalRunnable.run(FastThreadLocalRunnable.java:30)
	java.lang.Thread.run(Thread.java:748)
Created at:
	io.netty.buffer.SimpleLeakAwareByteBuf.unwrappedDerived(SimpleLeakAwareByteBuf.java:143)
	io.netty.buffer.SimpleLeakAwareByteBuf.readRetainedSlice(SimpleLeakAwareByteBuf.java:67)
	io.netty.buffer.AdvancedLeakAwareByteBuf.readRetainedSlice(AdvancedLeakAwareByteBuf.java:107)
	io.netty.handler.codec.http.HttpObjectDecoder.decode(HttpObjectDecoder.java:336)
	io.netty.handler.codec.http.HttpServerCodec$HttpServerRequestDecoder.decode(HttpServerCodec.java:103)
	io.netty.handler.codec.ByteToMessageDecoder.decodeRemovalReentryProtection(ByteToMessageDecoder.java:502)
	io.netty.handler.codec.ByteToMessageDecoder.callDecode(ByteToMessageDecoder.java:441)
	io.netty.handler.codec.ByteToMessageDecoder.channelRead(ByteToMessageDecoder.java:278)
	io.netty.channel.CombinedChannelDuplexHandler.channelRead(CombinedChannelDuplexHandler.java:253)
	io.netty.channel.AbstractChannelHandlerContext.invokeChannelRead(AbstractChannelHandlerContext.java:374)
	io.netty.channel.AbstractChannelHandlerContext.invokeChannelRead(AbstractChannelHandlerContext.java:360)
	io.netty.channel.AbstractChannelHandlerContext.fireChannelRead(AbstractChannelHandlerContext.java:352)
	io.netty.channel.DefaultChannelPipeline$HeadContext.channelRead(DefaultChannelPipeline.java:1408)
	io.netty.channel.AbstractChannelHandlerContext.invokeChannelRead(AbstractChannelHandlerContext.java:374)
	io.netty.channel.AbstractChannelHandlerContext.invokeChannelRead(AbstractChannelHandlerContext.java:360)
	io.netty.channel.DefaultChannelPipeline.fireChannelRead(DefaultChannelPipeline.java:930)
	io.netty.channel.nio.AbstractNioByteChannel$NioByteUnsafe.read(AbstractNioByteChannel.java:163)
	io.netty.channel.nio.NioEventLoop.processSelectedKey(NioEventLoop.java:682)
	io.netty.channel.nio.NioEventLoop.processSelectedKeysOptimized(NioEventLoop.java:617)
	io.netty.channel.nio.NioEventLoop.processSelectedKeys(NioEventLoop.java:534)
	io.netty.channel.nio.NioEventLoop.run(NioEventLoop.java:496)
	io.netty.util.concurrent.SingleThreadEventExecutor$5.run(SingleThreadEventExecutor.java:906)
	io.netty.util.internal.ThreadExecutorMap$2.run(ThreadExecutorMap.java:74)
	io.netty.util.concurrent.FastThreadLocalRunnable.run(FastThreadLocalRunnable.java:30)
	java.lang.Thread.run(Thread.java:748)
: 1 leak records were discarded because they were duplicates
: 3 leak records were discarded because the leak record count is targeted to 4. Use system property io.netty.leakDetection.targetRecords to increase the limit.
22:42:59.853 [reactor-http-nio-14] ERROR i.n.u.ResourceLeakDetector - LEAK: ByteBuf.release() was not called before it's garbage-collected. See http://netty.io/wiki/reference-counted-objects.html for more information.
Recent access records: 
#1:
	io.netty.buffer.AdvancedLeakAwareByteBuf.order(AdvancedLeakAwareByteBuf.java:70)
	io.netty.buffer.CompositeByteBuf.newComponent(CompositeByteBuf.java:318)
	io.netty.buffer.CompositeByteBuf.addComponent0(CompositeByteBuf.java:280)
	io.netty.buffer.CompositeByteBuf.addComponent(CompositeByteBuf.java:265)
	io.netty.buffer.CompositeByteBuf.addComponent(CompositeByteBuf.java:222)
	io.netty.buffer.WrappedCompositeByteBuf.addComponent(WrappedCompositeByteBuf.java:529)
	io.netty.buffer.AdvancedLeakAwareCompositeByteBuf.addComponent(AdvancedLeakAwareCompositeByteBuf.java:921)
	org.springframework.core.io.buffer.NettyDataBufferFactory.join(NettyDataBufferFactory.java:111)
	org.springframework.core.io.buffer.DataBufferUtils.joinAndStrip(DataBufferUtils.java:686)
	org.springframework.core.io.buffer.DataBufferUtils.lambda$split$20(DataBufferUtils.java:605)
	reactor.core.publisher.FluxMap$MapConditionalSubscriber.onNext(FluxMap.java:199)
	reactor.core.publisher.FluxBufferPredicate$BufferPredicateSubscriber.emit(FluxBufferPredicate.java:290)
	reactor.core.publisher.FluxBufferPredicate$BufferPredicateSubscriber.onNextNewBuffer(FluxBufferPredicate.java:257)
	reactor.core.publisher.FluxBufferPredicate$BufferPredicateSubscriber.tryOnNext(FluxBufferPredicate.java:211)
	reactor.core.publisher.FluxBufferPredicate$BufferPredicateSubscriber.onNext(FluxBufferPredicate.java:184)
	reactor.core.publisher.FluxFlatMap$FlatMapMain.drainLoop(FluxFlatMap.java:664)
	reactor.core.publisher.FluxFlatMap$FlatMapMain.drain(FluxFlatMap.java:540)
	reactor.core.publisher.FluxFlatMap$FlatMapInner.onSubscribe(FluxFlatMap.java:924)
	reactor.core.publisher.FluxIterable.subscribe(FluxIterable.java:139)
	reactor.core.publisher.FluxIterable.subscribe(FluxIterable.java:63)
	reactor.core.publisher.Flux.subscribe(Flux.java:7922)
	reactor.core.publisher.FluxFlatMap$FlatMapMain.onNext(FluxFlatMap.java:389)
	reactor.core.publisher.FluxConcatMap$ConcatMapImmediate.innerNext(FluxConcatMap.java:275)
	reactor.core.publisher.FluxConcatMap$ConcatMapInner.onNext(FluxConcatMap.java:849)
	reactor.core.publisher.FluxConcatMap$WeakScalarSubscription.request(FluxConcatMap.java:470)
	reactor.core.publisher.Operators$MultiSubscriptionSubscriber.set(Operators.java:1939)
	reactor.core.publisher.FluxConcatMap$ConcatMapImmediate.drain(FluxConcatMap.java:436)
	reactor.core.publisher.FluxConcatMap$ConcatMapImmediate.onNext(FluxConcatMap.java:244)
	reactor.core.publisher.FluxMap$MapSubscriber.onNext(FluxMap.java:114)
	reactor.core.publisher.FluxPeek$PeekSubscriber.onNext(FluxPeek.java:192)
	reactor.core.publisher.FluxMap$MapSubscriber.onNext(FluxMap.java:114)
	reactor.netty.channel.FluxReceive.drainReceiver(FluxReceive.java:206)
	reactor.netty.channel.FluxReceive.onInboundNext(FluxReceive.java:322)
	reactor.netty.channel.ChannelOperations.onInboundNext(ChannelOperations.java:335)
	reactor.netty.http.server.HttpServerOperations.onInboundNext(HttpServerOperations.java:456)
	reactor.netty.channel.ChannelOperationsHandler.channelRead(ChannelOperationsHandler.java:91)
	io.netty.channel.AbstractChannelHandlerContext.invokeChannelRead(AbstractChannelHandlerContext.java:374)
	io.netty.channel.AbstractChannelHandlerContext.invokeChannelRead(AbstractChannelHandlerContext.java:360)
	io.netty.channel.AbstractChannelHandlerContext.fireChannelRead(AbstractChannelHandlerContext.java:352)
	reactor.netty.http.server.HttpTrafficHandler.channelRead(HttpTrafficHandler.java:190)
	io.netty.channel.AbstractChannelHandlerContext.invokeChannelRead(AbstractChannelHandlerContext.java:374)
	io.netty.channel.AbstractChannelHandlerContext.invokeChannelRead(AbstractChannelHandlerContext.java:360)
	io.netty.channel.AbstractChannelHandlerContext.fireChannelRead(AbstractChannelHandlerContext.java:352)
	io.netty.channel.CombinedChannelDuplexHandler$DelegatingChannelHandlerContext.fireChannelRead(CombinedChannelDuplexHandler.java:438)
	io.netty.handler.codec.ByteToMessageDecoder.fireChannelRead(ByteToMessageDecoder.java:323)
	io.netty.handler.codec.ByteToMessageDecoder.fireChannelRead(ByteToMessageDecoder.java:310)
	io.netty.handler.codec.ByteToMessageDecoder.callDecode(ByteToMessageDecoder.java:426)
	io.netty.handler.codec.ByteToMessageDecoder.channelRead(ByteToMessageDecoder.java:278)
	io.netty.channel.CombinedChannelDuplexHandler.channelRead(CombinedChannelDuplexHandler.java:253)
	io.netty.channel.AbstractChannelHandlerContext.invokeChannelRead(AbstractChannelHandlerContext.java:374)
	io.netty.channel.AbstractChannelHandlerContext.invokeChannelRead(AbstractChannelHandlerContext.java:360)
	io.netty.channel.AbstractChannelHandlerContext.fireChannelRead(AbstractChannelHandlerContext.java:352)
	io.netty.channel.DefaultChannelPipeline$HeadContext.channelRead(DefaultChannelPipeline.java:1408)
	io.netty.channel.AbstractChannelHandlerContext.invokeChannelRead(AbstractChannelHandlerContext.java:374)
	io.netty.channel.AbstractChannelHandlerContext.invokeChannelRead(AbstractChannelHandlerContext.java:360)
	io.netty.channel.DefaultChannelPipeline.fireChannelRead(DefaultChannelPipeline.java:930)
	io.netty.channel.nio.AbstractNioByteChannel$NioByteUnsafe.read(AbstractNioByteChannel.java:163)
	io.netty.channel.nio.NioEventLoop.processSelectedKey(NioEventLoop.java:682)
	io.netty.channel.nio.NioEventLoop.processSelectedKeysOptimized(NioEventLoop.java:617)
	io.netty.channel.nio.NioEventLoop.processSelectedKeys(NioEventLoop.java:534)
	io.netty.channel.nio.NioEventLoop.run(NioEventLoop.java:496)
	io.netty.util.concurrent.SingleThreadEventExecutor$5.run(SingleThreadEventExecutor.java:906)
	io.netty.util.internal.ThreadExecutorMap$2.run(ThreadExecutorMap.java:74)
	io.netty.util.concurrent.FastThreadLocalRunnable.run(FastThreadLocalRunnable.java:30)
	java.lang.Thread.run(Thread.java:748)
#2:
	io.netty.buffer.AdvancedLeakAwareByteBuf.getByte(AdvancedLeakAwareByteBuf.java:154)
	org.springframework.core.io.buffer.NettyDataBuffer.getByte(NettyDataBuffer.java:132)
	org.springframework.core.io.buffer.DataBufferUtils$KnuthMorrisPrattMatcher.match(DataBufferUtils.java:1005)
	org.springframework.core.io.buffer.DataBufferUtils.endFrameAfterDelimiter(DataBufferUtils.java:634)
	org.springframework.core.io.buffer.DataBufferUtils.lambda$split$18(DataBufferUtils.java:603)
	reactor.core.publisher.FluxFlatMap$FlatMapMain.onNext(FluxFlatMap.java:350)
	reactor.core.publisher.FluxConcatMap$ConcatMapImmediate.innerNext(FluxConcatMap.java:275)
	reactor.core.publisher.FluxConcatMap$ConcatMapInner.onNext(FluxConcatMap.java:849)
	reactor.core.publisher.FluxConcatMap$WeakScalarSubscription.request(FluxConcatMap.java:470)
	reactor.core.publisher.Operators$MultiSubscriptionSubscriber.set(Operators.java:1939)
	reactor.core.publisher.FluxConcatMap$ConcatMapImmediate.drain(FluxConcatMap.java:436)
	reactor.core.publisher.FluxConcatMap$ConcatMapImmediate.onNext(FluxConcatMap.java:244)
	reactor.core.publisher.FluxMap$MapSubscriber.onNext(FluxMap.java:114)
	reactor.core.publisher.FluxPeek$PeekSubscriber.onNext(FluxPeek.java:192)
	reactor.core.publisher.FluxMap$MapSubscriber.onNext(FluxMap.java:114)
	reactor.netty.channel.FluxReceive.drainReceiver(FluxReceive.java:206)
	reactor.netty.channel.FluxReceive.onInboundNext(FluxReceive.java:322)
	reactor.netty.channel.ChannelOperations.onInboundNext(ChannelOperations.java:335)
	reactor.netty.http.server.HttpServerOperations.onInboundNext(HttpServerOperations.java:456)
	reactor.netty.channel.ChannelOperationsHandler.channelRead(ChannelOperationsHandler.java:91)
	io.netty.channel.AbstractChannelHandlerContext.invokeChannelRead(AbstractChannelHandlerContext.java:374)
	io.netty.channel.AbstractChannelHandlerContext.invokeChannelRead(AbstractChannelHandlerContext.java:360)
	io.netty.channel.AbstractChannelHandlerContext.fireChannelRead(AbstractChannelHandlerContext.java:352)
	reactor.netty.http.server.HttpTrafficHandler.channelRead(HttpTrafficHandler.java:190)
	io.netty.channel.AbstractChannelHandlerContext.invokeChannelRead(AbstractChannelHandlerContext.java:374)
	io.netty.channel.AbstractChannelHandlerContext.invokeChannelRead(AbstractChannelHandlerContext.java:360)
	io.netty.channel.AbstractChannelHandlerContext.fireChannelRead(AbstractChannelHandlerContext.java:352)
	io.netty.channel.CombinedChannelDuplexHandler$DelegatingChannelHandlerContext.fireChannelRead(CombinedChannelDuplexHandler.java:438)
	io.netty.handler.codec.ByteToMessageDecoder.fireChannelRead(ByteToMessageDecoder.java:323)
	io.netty.handler.codec.ByteToMessageDecoder.channelRead(ByteToMessageDecoder.java:297)
	io.netty.channel.CombinedChannelDuplexHandler.channelRead(CombinedChannelDuplexHandler.java:253)
	io.netty.channel.AbstractChannelHandlerContext.invokeChannelRead(AbstractChannelHandlerContext.java:374)
	io.netty.channel.AbstractChannelHandlerContext.invokeChannelRead(AbstractChannelHandlerContext.java:360)
	io.netty.channel.AbstractChannelHandlerContext.fireChannelRead(AbstractChannelHandlerContext.java:352)
	io.netty.channel.DefaultChannelPipeline$HeadContext.channelRead(DefaultChannelPipeline.java:1408)
	io.netty.channel.AbstractChannelHandlerContext.invokeChannelRead(AbstractChannelHandlerContext.java:374)
	io.netty.channel.AbstractChannelHandlerContext.invokeChannelRead(AbstractChannelHandlerContext.java:360)
	io.netty.channel.DefaultChannelPipeline.fireChannelRead(DefaultChannelPipeline.java:930)
	io.netty.channel.nio.AbstractNioByteChannel$NioByteUnsafe.read(AbstractNioByteChannel.java:163)
	io.netty.channel.nio.NioEventLoop.processSelectedKey(NioEventLoop.java:682)
	io.netty.channel.nio.NioEventLoop.processSelectedKeysOptimized(NioEventLoop.java:617)
	io.netty.channel.nio.NioEventLoop.processSelectedKeys(NioEventLoop.java:534)
	io.netty.channel.nio.NioEventLoop.run(NioEventLoop.java:496)
	io.netty.util.concurrent.SingleThreadEventExecutor$5.run(SingleThreadEventExecutor.java:906)
	io.netty.util.internal.ThreadExecutorMap$2.run(ThreadExecutorMap.java:74)
	io.netty.util.concurrent.FastThreadLocalRunnable.run(FastThreadLocalRunnable.java:30)
	java.lang.Thread.run(Thread.java:748)
#3:
	reactor.core.publisher.FluxPeek$PeekSubscriber.onNext(FluxPeek.java:177)
	reactor.core.publisher.FluxMap$MapSubscriber.onNext(FluxMap.java:114)
	reactor.netty.channel.FluxReceive.drainReceiver(FluxReceive.java:206)
	reactor.netty.channel.FluxReceive.onInboundNext(FluxReceive.java:322)
	reactor.netty.channel.ChannelOperations.onInboundNext(ChannelOperations.java:335)
	reactor.netty.http.server.HttpServerOperations.onInboundNext(HttpServerOperations.java:456)
	reactor.netty.channel.ChannelOperationsHandler.channelRead(ChannelOperationsHandler.java:91)
	io.netty.channel.AbstractChannelHandlerContext.invokeChannelRead(AbstractChannelHandlerContext.java:374)
	io.netty.channel.AbstractChannelHandlerContext.invokeChannelRead(AbstractChannelHandlerContext.java:360)
	io.netty.channel.AbstractChannelHandlerContext.fireChannelRead(AbstractChannelHandlerContext.java:352)
	reactor.netty.http.server.HttpTrafficHandler.channelRead(HttpTrafficHandler.java:190)
	io.netty.channel.AbstractChannelHandlerContext.invokeChannelRead(AbstractChannelHandlerContext.java:374)
	io.netty.channel.AbstractChannelHandlerContext.invokeChannelRead(AbstractChannelHandlerContext.java:360)
	io.netty.channel.AbstractChannelHandlerContext.fireChannelRead(AbstractChannelHandlerContext.java:352)
	io.netty.channel.CombinedChannelDuplexHandler$DelegatingChannelHandlerContext.fireChannelRead(CombinedChannelDuplexHandler.java:438)
	io.netty.handler.codec.ByteToMessageDecoder.fireChannelRead(ByteToMessageDecoder.java:323)
	io.netty.handler.codec.ByteToMessageDecoder.channelRead(ByteToMessageDecoder.java:297)
	io.netty.channel.CombinedChannelDuplexHandler.channelRead(CombinedChannelDuplexHandler.java:253)
	io.netty.channel.AbstractChannelHandlerContext.invokeChannelRead(AbstractChannelHandlerContext.java:374)
	io.netty.channel.AbstractChannelHandlerContext.invokeChannelRead(AbstractChannelHandlerContext.java:360)
	io.netty.channel.AbstractChannelHandlerContext.fireChannelRead(AbstractChannelHandlerContext.java:352)
	io.netty.channel.DefaultChannelPipeline$HeadContext.channelRead(DefaultChannelPipeline.java:1408)
	io.netty.channel.AbstractChannelHandlerContext.invokeChannelRead(AbstractChannelHandlerContext.java:374)
	io.netty.channel.AbstractChannelHandlerContext.invokeChannelRead(AbstractChannelHandlerContext.java:360)
	io.netty.channel.DefaultChannelPipeline.fireChannelRead(DefaultChannelPipeline.java:930)
	io.netty.channel.nio.AbstractNioByteChannel$NioByteUnsafe.read(AbstractNioByteChannel.java:163)
	io.netty.channel.nio.NioEventLoop.processSelectedKey(NioEventLoop.java:682)
	io.netty.channel.nio.NioEventLoop.processSelectedKeysOptimized(NioEventLoop.java:617)
	io.netty.channel.nio.NioEventLoop.processSelectedKeys(NioEventLoop.java:534)
	io.netty.channel.nio.NioEventLoop.run(NioEventLoop.java:496)
	io.netty.util.concurrent.SingleThreadEventExecutor$5.run(SingleThreadEventExecutor.java:906)
	io.netty.util.internal.ThreadExecutorMap$2.run(ThreadExecutorMap.java:74)
	io.netty.util.concurrent.FastThreadLocalRunnable.run(FastThreadLocalRunnable.java:30)
	java.lang.Thread.run(Thread.java:748)
#4:
	Hint: 'reactor.right.reactiveBridge' will handle the message from this point.
	io.netty.handler.codec.http.DefaultHttpContent.touch(DefaultHttpContent.java:88)
	io.netty.handler.codec.http.DefaultHttpContent.touch(DefaultHttpContent.java:24)
	io.netty.channel.DefaultChannelPipeline.touch(DefaultChannelPipeline.java:116)
	io.netty.channel.AbstractChannelHandlerContext.invokeChannelRead(AbstractChannelHandlerContext.java:357)
	io.netty.channel.AbstractChannelHandlerContext.fireChannelRead(AbstractChannelHandlerContext.java:352)
	reactor.netty.http.server.HttpTrafficHandler.channelRead(HttpTrafficHandler.java:190)
	io.netty.channel.AbstractChannelHandlerContext.invokeChannelRead(AbstractChannelHandlerContext.java:374)
	io.netty.channel.AbstractChannelHandlerContext.invokeChannelRead(AbstractChannelHandlerContext.java:360)
	io.netty.channel.AbstractChannelHandlerContext.fireChannelRead(AbstractChannelHandlerContext.java:352)
	io.netty.channel.CombinedChannelDuplexHandler$DelegatingChannelHandlerContext.fireChannelRead(CombinedChannelDuplexHandler.java:438)
	io.netty.handler.codec.ByteToMessageDecoder.fireChannelRead(ByteToMessageDecoder.java:323)
	io.netty.handler.codec.ByteToMessageDecoder.channelRead(ByteToMessageDecoder.java:297)
	io.netty.channel.CombinedChannelDuplexHandler.channelRead(CombinedChannelDuplexHandler.java:253)
	io.netty.channel.AbstractChannelHandlerContext.invokeChannelRead(AbstractChannelHandlerContext.java:374)
	io.netty.channel.AbstractChannelHandlerContext.invokeChannelRead(AbstractChannelHandlerContext.java:360)
	io.netty.channel.AbstractChannelHandlerContext.fireChannelRead(AbstractChannelHandlerContext.java:352)
	io.netty.channel.DefaultChannelPipeline$HeadContext.channelRead(DefaultChannelPipeline.java:1408)
	io.netty.channel.AbstractChannelHandlerContext.invokeChannelRead(AbstractChannelHandlerContext.java:374)
	io.netty.channel.AbstractChannelHandlerContext.invokeChannelRead(AbstractChannelHandlerContext.java:360)
	io.netty.channel.DefaultChannelPipeline.fireChannelRead(DefaultChannelPipeline.java:930)
	io.netty.channel.nio.AbstractNioByteChannel$NioByteUnsafe.read(AbstractNioByteChannel.java:163)
	io.netty.channel.nio.NioEventLoop.processSelectedKey(NioEventLoop.java:682)
	io.netty.channel.nio.NioEventLoop.processSelectedKeysOptimized(NioEventLoop.java:617)
	io.netty.channel.nio.NioEventLoop.processSelectedKeys(NioEventLoop.java:534)
	io.netty.channel.nio.NioEventLoop.run(NioEventLoop.java:496)
	io.netty.util.concurrent.SingleThreadEventExecutor$5.run(SingleThreadEventExecutor.java:906)
	io.netty.util.internal.ThreadExecutorMap$2.run(ThreadExecutorMap.java:74)
	io.netty.util.concurrent.FastThreadLocalRunnable.run(FastThreadLocalRunnable.java:30)
	java.lang.Thread.run(Thread.java:748)
#5:
	Hint: 'reactor.left.httpTrafficHandler' will handle the message from this point.
	io.netty.handler.codec.http.DefaultHttpContent.touch(DefaultHttpContent.java:88)
	io.netty.handler.codec.http.DefaultHttpContent.touch(DefaultHttpContent.java:24)
	io.netty.channel.DefaultChannelPipeline.touch(DefaultChannelPipeline.java:116)
	io.netty.channel.AbstractChannelHandlerContext.invokeChannelRead(AbstractChannelHandlerContext.java:357)
	io.netty.channel.AbstractChannelHandlerContext.fireChannelRead(AbstractChannelHandlerContext.java:352)
	io.netty.channel.CombinedChannelDuplexHandler$DelegatingChannelHandlerContext.fireChannelRead(CombinedChannelDuplexHandler.java:438)
	io.netty.handler.codec.ByteToMessageDecoder.fireChannelRead(ByteToMessageDecoder.java:323)
	io.netty.handler.codec.ByteToMessageDecoder.channelRead(ByteToMessageDecoder.java:297)
	io.netty.channel.CombinedChannelDuplexHandler.channelRead(CombinedChannelDuplexHandler.java:253)
	io.netty.channel.AbstractChannelHandlerContext.invokeChannelRead(AbstractChannelHandlerContext.java:374)
	io.netty.channel.AbstractChannelHandlerContext.invokeChannelRead(AbstractChannelHandlerContext.java:360)
	io.netty.channel.AbstractChannelHandlerContext.fireChannelRead(AbstractChannelHandlerContext.java:352)
	io.netty.channel.DefaultChannelPipeline$HeadContext.channelRead(DefaultChannelPipeline.java:1408)
	io.netty.channel.AbstractChannelHandlerContext.invokeChannelRead(AbstractChannelHandlerContext.java:374)
	io.netty.channel.AbstractChannelHandlerContext.invokeChannelRead(AbstractChannelHandlerContext.java:360)
	io.netty.channel.DefaultChannelPipeline.fireChannelRead(DefaultChannelPipeline.java:930)
	io.netty.channel.nio.AbstractNioByteChannel$NioByteUnsafe.read(AbstractNioByteChannel.java:163)
	io.netty.channel.nio.NioEventLoop.processSelectedKey(NioEventLoop.java:682)
	io.netty.channel.nio.NioEventLoop.processSelectedKeysOptimized(NioEventLoop.java:617)
	io.netty.channel.nio.NioEventLoop.processSelectedKeys(NioEventLoop.java:534)
	io.netty.channel.nio.NioEventLoop.run(NioEventLoop.java:496)
	io.netty.util.concurrent.SingleThreadEventExecutor$5.run(SingleThreadEventExecutor.java:906)
	io.netty.util.internal.ThreadExecutorMap$2.run(ThreadExecutorMap.java:74)
	io.netty.util.concurrent.FastThreadLocalRunnable.run(FastThreadLocalRunnable.java:30)
	java.lang.Thread.run(Thread.java:748)
Created at:
	io.netty.buffer.SimpleLeakAwareByteBuf.unwrappedDerived(SimpleLeakAwareByteBuf.java:143)
	io.netty.buffer.SimpleLeakAwareByteBuf.readRetainedSlice(SimpleLeakAwareByteBuf.java:67)
	io.netty.buffer.AdvancedLeakAwareByteBuf.readRetainedSlice(AdvancedLeakAwareByteBuf.java:107)
	io.netty.handler.codec.http.HttpObjectDecoder.decode(HttpObjectDecoder.java:336)
	io.netty.handler.codec.http.HttpServerCodec$HttpServerRequestDecoder.decode(HttpServerCodec.java:103)
	io.netty.handler.codec.ByteToMessageDecoder.decodeRemovalReentryProtection(ByteToMessageDecoder.java:502)
	io.netty.handler.codec.ByteToMessageDecoder.callDecode(ByteToMessageDecoder.java:441)
	io.netty.handler.codec.ByteToMessageDecoder.channelRead(ByteToMessageDecoder.java:278)
	io.netty.channel.CombinedChannelDuplexHandler.channelRead(CombinedChannelDuplexHandler.java:253)
	io.netty.channel.AbstractChannelHandlerContext.invokeChannelRead(AbstractChannelHandlerContext.java:374)
	io.netty.channel.AbstractChannelHandlerContext.invokeChannelRead(AbstractChannelHandlerContext.java:360)
	io.netty.channel.AbstractChannelHandlerContext.fireChannelRead(AbstractChannelHandlerContext.java:352)
	io.netty.channel.DefaultChannelPipeline$HeadContext.channelRead(DefaultChannelPipeline.java:1408)
	io.netty.channel.AbstractChannelHandlerContext.invokeChannelRead(AbstractChannelHandlerContext.java:374)
	io.netty.channel.AbstractChannelHandlerContext.invokeChannelRead(AbstractChannelHandlerContext.java:360)
	io.netty.channel.DefaultChannelPipeline.fireChannelRead(DefaultChannelPipeline.java:930)
	io.netty.channel.nio.AbstractNioByteChannel$NioByteUnsafe.read(AbstractNioByteChannel.java:163)
	io.netty.channel.nio.NioEventLoop.processSelectedKey(NioEventLoop.java:682)
	io.netty.channel.nio.NioEventLoop.processSelectedKeysOptimized(NioEventLoop.java:617)
	io.netty.channel.nio.NioEventLoop.processSelectedKeys(NioEventLoop.java:534)
	io.netty.channel.nio.NioEventLoop.run(NioEventLoop.java:496)
	io.netty.util.concurrent.SingleThreadEventExecutor$5.run(SingleThreadEventExecutor.java:906)
	io.netty.util.internal.ThreadExecutorMap$2.run(ThreadExecutorMap.java:74)
	io.netty.util.concurrent.FastThreadLocalRunnable.run(FastThreadLocalRunnable.java:30)
	java.lang.Thread.run(Thread.java:748)
: 6 leak records were discarded because they were duplicates
: 319 leak records were discarded because the leak record count is targeted to 4. Use system property io.netty.leakDetection.targetRecords to increase the limit.
22:42:59.855 [reactor-http-nio-14] ERROR i.n.u.ResourceLeakDetector - LEAK: ByteBuf.release() was not called before it's garbage-collected. See http://netty.io/wiki/reference-counted-objects.html for more information.
Recent access records: 
#1:
	io.netty.buffer.AdvancedLeakAwareByteBuf.order(AdvancedLeakAwareByteBuf.java:70)
	io.netty.buffer.CompositeByteBuf.newComponent(CompositeByteBuf.java:318)
	io.netty.buffer.CompositeByteBuf.addComponent0(CompositeByteBuf.java:280)
	io.netty.buffer.CompositeByteBuf.addComponent(CompositeByteBuf.java:265)
	io.netty.buffer.CompositeByteBuf.addComponent(CompositeByteBuf.java:222)
	io.netty.buffer.WrappedCompositeByteBuf.addComponent(WrappedCompositeByteBuf.java:529)
	io.netty.buffer.AdvancedLeakAwareCompositeByteBuf.addComponent(AdvancedLeakAwareCompositeByteBuf.java:921)
	org.springframework.core.io.buffer.NettyDataBufferFactory.join(NettyDataBufferFactory.java:111)
	org.springframework.core.io.buffer.DataBufferUtils.joinAndStrip(DataBufferUtils.java:686)
	org.springframework.core.io.buffer.DataBufferUtils.lambda$split$20(DataBufferUtils.java:605)
	reactor.core.publisher.FluxMap$MapConditionalSubscriber.onNext(FluxMap.java:199)
	reactor.core.publisher.FluxBufferPredicate$BufferPredicateSubscriber.emit(FluxBufferPredicate.java:290)
	reactor.core.publisher.FluxBufferPredicate$BufferPredicateSubscriber.onNextNewBuffer(FluxBufferPredicate.java:257)
	reactor.core.publisher.FluxBufferPredicate$BufferPredicateSubscriber.tryOnNext(FluxBufferPredicate.java:211)
	reactor.core.publisher.FluxBufferPredicate$BufferPredicateSubscriber.onNext(FluxBufferPredicate.java:184)
	reactor.core.publisher.FluxFlatMap$FlatMapMain.drainLoop(FluxFlatMap.java:664)
	reactor.core.publisher.FluxFlatMap$FlatMapMain.drain(FluxFlatMap.java:540)
	reactor.core.publisher.FluxFlatMap$FlatMapInner.onSubscribe(FluxFlatMap.java:924)
	reactor.core.publisher.FluxIterable.subscribe(FluxIterable.java:139)
	reactor.core.publisher.FluxIterable.subscribe(FluxIterable.java:63)
	reactor.core.publisher.Flux.subscribe(Flux.java:7922)
	reactor.core.publisher.FluxFlatMap$FlatMapMain.onNext(FluxFlatMap.java:389)
	reactor.core.publisher.FluxConcatMap$ConcatMapImmediate.innerNext(FluxConcatMap.java:275)
	reactor.core.publisher.FluxConcatMap$ConcatMapInner.onNext(FluxConcatMap.java:849)
	reactor.core.publisher.FluxConcatMap$WeakScalarSubscription.request(FluxConcatMap.java:470)
	reactor.core.publisher.Operators$MultiSubscriptionSubscriber.set(Operators.java:1939)
	reactor.core.publisher.FluxConcatMap$ConcatMapImmediate.drain(FluxConcatMap.java:436)
	reactor.core.publisher.FluxConcatMap$ConcatMapImmediate.onNext(FluxConcatMap.java:244)
	reactor.core.publisher.FluxMap$MapSubscriber.onNext(FluxMap.java:114)
	reactor.core.publisher.FluxPeek$PeekSubscriber.onNext(FluxPeek.java:192)
	reactor.core.publisher.FluxMap$MapSubscriber.onNext(FluxMap.java:114)
	reactor.netty.channel.FluxReceive.drainReceiver(FluxReceive.java:206)
	reactor.netty.channel.FluxReceive.onInboundNext(FluxReceive.java:322)
	reactor.netty.channel.ChannelOperations.onInboundNext(ChannelOperations.java:335)
	reactor.netty.http.server.HttpServerOperations.onInboundNext(HttpServerOperations.java:456)
	reactor.netty.channel.ChannelOperationsHandler.channelRead(ChannelOperationsHandler.java:91)
	io.netty.channel.AbstractChannelHandlerContext.invokeChannelRead(AbstractChannelHandlerContext.java:374)
	io.netty.channel.AbstractChannelHandlerContext.invokeChannelRead(AbstractChannelHandlerContext.java:360)
	io.netty.channel.AbstractChannelHandlerContext.fireChannelRead(AbstractChannelHandlerContext.java:352)
	reactor.netty.http.server.HttpTrafficHandler.channelRead(HttpTrafficHandler.java:190)
	io.netty.channel.AbstractChannelHandlerContext.invokeChannelRead(AbstractChannelHandlerContext.java:374)
	io.netty.channel.AbstractChannelHandlerContext.invokeChannelRead(AbstractChannelHandlerContext.java:360)
	io.netty.channel.AbstractChannelHandlerContext.fireChannelRead(AbstractChannelHandlerContext.java:352)
	io.netty.channel.CombinedChannelDuplexHandler$DelegatingChannelHandlerContext.fireChannelRead(CombinedChannelDuplexHandler.java:438)
	io.netty.handler.codec.ByteToMessageDecoder.fireChannelRead(ByteToMessageDecoder.java:323)
	io.netty.handler.codec.ByteToMessageDecoder.fireChannelRead(ByteToMessageDecoder.java:310)
	io.netty.handler.codec.ByteToMessageDecoder.callDecode(ByteToMessageDecoder.java:426)
	io.netty.handler.codec.ByteToMessageDecoder.channelRead(ByteToMessageDecoder.java:278)
	io.netty.channel.CombinedChannelDuplexHandler.channelRead(CombinedChannelDuplexHandler.java:253)
	io.netty.channel.AbstractChannelHandlerContext.invokeChannelRead(AbstractChannelHandlerContext.java:374)
	io.netty.channel.AbstractChannelHandlerContext.invokeChannelRead(AbstractChannelHandlerContext.java:360)
	io.netty.channel.AbstractChannelHandlerContext.fireChannelRead(AbstractChannelHandlerContext.java:352)
	io.netty.channel.DefaultChannelPipeline$HeadContext.channelRead(DefaultChannelPipeline.java:1408)
	io.netty.channel.AbstractChannelHandlerContext.invokeChannelRead(AbstractChannelHandlerContext.java:374)
	io.netty.channel.AbstractChannelHandlerContext.invokeChannelRead(AbstractChannelHandlerContext.java:360)
	io.netty.channel.DefaultChannelPipeline.fireChannelRead(DefaultChannelPipeline.java:930)
	io.netty.channel.nio.AbstractNioByteChannel$NioByteUnsafe.read(AbstractNioByteChannel.java:163)
	io.netty.channel.nio.NioEventLoop.processSelectedKey(NioEventLoop.java:682)
	io.netty.channel.nio.NioEventLoop.processSelectedKeysOptimized(NioEventLoop.java:617)
	io.netty.channel.nio.NioEventLoop.processSelectedKeys(NioEventLoop.java:534)
	io.netty.channel.nio.NioEventLoop.run(NioEventLoop.java:496)
	io.netty.util.concurrent.SingleThreadEventExecutor$5.run(SingleThreadEventExecutor.java:906)
	io.netty.util.internal.ThreadExecutorMap$2.run(ThreadExecutorMap.java:74)
	io.netty.util.concurrent.FastThreadLocalRunnable.run(FastThreadLocalRunnable.java:30)
	java.lang.Thread.run(Thread.java:748)
#2:
	io.netty.buffer.AdvancedLeakAwareByteBuf.getByte(AdvancedLeakAwareByteBuf.java:154)
	org.springframework.core.io.buffer.NettyDataBuffer.getByte(NettyDataBuffer.java:132)
	org.springframework.core.io.buffer.DataBufferUtils$KnuthMorrisPrattMatcher.match(DataBufferUtils.java:1005)
	org.springframework.core.io.buffer.DataBufferUtils.endFrameAfterDelimiter(DataBufferUtils.java:634)
	org.springframework.core.io.buffer.DataBufferUtils.lambda$split$18(DataBufferUtils.java:603)
	reactor.core.publisher.FluxFlatMap$FlatMapMain.onNext(FluxFlatMap.java:350)
	reactor.core.publisher.FluxConcatMap$ConcatMapImmediate.innerNext(FluxConcatMap.java:275)
	reactor.core.publisher.FluxConcatMap$ConcatMapInner.onNext(FluxConcatMap.java:849)
	reactor.core.publisher.FluxConcatMap$WeakScalarSubscription.request(FluxConcatMap.java:470)
	reactor.core.publisher.Operators$MultiSubscriptionSubscriber.set(Operators.java:1939)
	reactor.core.publisher.FluxConcatMap$ConcatMapImmediate.drain(FluxConcatMap.java:436)
	reactor.core.publisher.FluxConcatMap$ConcatMapImmediate.onNext(FluxConcatMap.java:244)
	reactor.core.publisher.FluxMap$MapSubscriber.onNext(FluxMap.java:114)
	reactor.core.publisher.FluxPeek$PeekSubscriber.onNext(FluxPeek.java:192)
	reactor.core.publisher.FluxMap$MapSubscriber.onNext(FluxMap.java:114)
	reactor.netty.channel.FluxReceive.drainReceiver(FluxReceive.java:206)
	reactor.netty.channel.FluxReceive.onInboundNext(FluxReceive.java:322)
	reactor.netty.channel.ChannelOperations.onInboundNext(ChannelOperations.java:335)
	reactor.netty.http.server.HttpServerOperations.onInboundNext(HttpServerOperations.java:456)
	reactor.netty.channel.ChannelOperationsHandler.channelRead(ChannelOperationsHandler.java:91)
	io.netty.channel.AbstractChannelHandlerContext.invokeChannelRead(AbstractChannelHandlerContext.java:374)
	io.netty.channel.AbstractChannelHandlerContext.invokeChannelRead(AbstractChannelHandlerContext.java:360)
	io.netty.channel.AbstractChannelHandlerContext.fireChannelRead(AbstractChannelHandlerContext.java:352)
	reactor.netty.http.server.HttpTrafficHandler.channelRead(HttpTrafficHandler.java:190)
	io.netty.channel.AbstractChannelHandlerContext.invokeChannelRead(AbstractChannelHandlerContext.java:374)
	io.netty.channel.AbstractChannelHandlerContext.invokeChannelRead(AbstractChannelHandlerContext.java:360)
	io.netty.channel.AbstractChannelHandlerContext.fireChannelRead(AbstractChannelHandlerContext.java:352)
	io.netty.channel.CombinedChannelDuplexHandler$DelegatingChannelHandlerContext.fireChannelRead(CombinedChannelDuplexHandler.java:438)
	io.netty.handler.codec.ByteToMessageDecoder.fireChannelRead(ByteToMessageDecoder.java:323)
	io.netty.handler.codec.ByteToMessageDecoder.channelRead(ByteToMessageDecoder.java:297)
	io.netty.channel.CombinedChannelDuplexHandler.channelRead(CombinedChannelDuplexHandler.java:253)
	io.netty.channel.AbstractChannelHandlerContext.invokeChannelRead(AbstractChannelHandlerContext.java:374)
	io.netty.channel.AbstractChannelHandlerContext.invokeChannelRead(AbstractChannelHandlerContext.java:360)
	io.netty.channel.AbstractChannelHandlerContext.fireChannelRead(AbstractChannelHandlerContext.java:352)
	io.netty.channel.DefaultChannelPipeline$HeadContext.channelRead(DefaultChannelPipeline.java:1408)
	io.netty.channel.AbstractChannelHandlerContext.invokeChannelRead(AbstractChannelHandlerContext.java:374)
	io.netty.channel.AbstractChannelHandlerContext.invokeChannelRead(AbstractChannelHandlerContext.java:360)
	io.netty.channel.DefaultChannelPipeline.fireChannelRead(DefaultChannelPipeline.java:930)
	io.netty.channel.nio.AbstractNioByteChannel$NioByteUnsafe.read(AbstractNioByteChannel.java:163)
	io.netty.channel.nio.NioEventLoop.processSelectedKey(NioEventLoop.java:682)
	io.netty.channel.nio.NioEventLoop.processSelectedKeysOptimized(NioEventLoop.java:617)
	io.netty.channel.nio.NioEventLoop.processSelectedKeys(NioEventLoop.java:534)
	io.netty.channel.nio.NioEventLoop.run(NioEventLoop.java:496)
	io.netty.util.concurrent.SingleThreadEventExecutor$5.run(SingleThreadEventExecutor.java:906)
	io.netty.util.internal.ThreadExecutorMap$2.run(ThreadExecutorMap.java:74)
	io.netty.util.concurrent.FastThreadLocalRunnable.run(FastThreadLocalRunnable.java:30)
	java.lang.Thread.run(Thread.java:748)
#3:
	org.springframework.core.io.buffer.NettyDataBufferFactory.wrap(NettyDataBufferFactory.java:93)
	reactor.core.publisher.FluxMap$MapSubscriber.onNext(FluxMap.java:100)
	reactor.core.publisher.FluxPeek$PeekSubscriber.onNext(FluxPeek.java:192)
	reactor.core.publisher.FluxMap$MapSubscriber.onNext(FluxMap.java:114)
	reactor.netty.channel.FluxReceive.drainReceiver(FluxReceive.java:206)
	reactor.netty.channel.FluxReceive.onInboundNext(FluxReceive.java:322)
	reactor.netty.channel.ChannelOperations.onInboundNext(ChannelOperations.java:335)
	reactor.netty.http.server.HttpServerOperations.onInboundNext(HttpServerOperations.java:456)
	reactor.netty.channel.ChannelOperationsHandler.channelRead(ChannelOperationsHandler.java:91)
	io.netty.channel.AbstractChannelHandlerContext.invokeChannelRead(AbstractChannelHandlerContext.java:374)
	io.netty.channel.AbstractChannelHandlerContext.invokeChannelRead(AbstractChannelHandlerContext.java:360)
	io.netty.channel.AbstractChannelHandlerContext.fireChannelRead(AbstractChannelHandlerContext.java:352)
	reactor.netty.http.server.HttpTrafficHandler.channelRead(HttpTrafficHandler.java:190)
	io.netty.channel.AbstractChannelHandlerContext.invokeChannelRead(AbstractChannelHandlerContext.java:374)
	io.netty.channel.AbstractChannelHandlerContext.invokeChannelRead(AbstractChannelHandlerContext.java:360)
	io.netty.channel.AbstractChannelHandlerContext.fireChannelRead(AbstractChannelHandlerContext.java:352)
	io.netty.channel.CombinedChannelDuplexHandler$DelegatingChannelHandlerContext.fireChannelRead(CombinedChannelDuplexHandler.java:438)
	io.netty.handler.codec.ByteToMessageDecoder.fireChannelRead(ByteToMessageDecoder.java:323)
	io.netty.handler.codec.ByteToMessageDecoder.channelRead(ByteToMessageDecoder.java:297)
	io.netty.channel.CombinedChannelDuplexHandler.channelRead(CombinedChannelDuplexHandler.java:253)
	io.netty.channel.AbstractChannelHandlerContext.invokeChannelRead(AbstractChannelHandlerContext.java:374)
	io.netty.channel.AbstractChannelHandlerContext.invokeChannelRead(AbstractChannelHandlerContext.java:360)
	io.netty.channel.AbstractChannelHandlerContext.fireChannelRead(AbstractChannelHandlerContext.java:352)
	io.netty.channel.DefaultChannelPipeline$HeadContext.channelRead(DefaultChannelPipeline.java:1408)
	io.netty.channel.AbstractChannelHandlerContext.invokeChannelRead(AbstractChannelHandlerContext.java:374)
	io.netty.channel.AbstractChannelHandlerContext.invokeChannelRead(AbstractChannelHandlerContext.java:360)
	io.netty.channel.DefaultChannelPipeline.fireChannelRead(DefaultChannelPipeline.java:930)
	io.netty.channel.nio.AbstractNioByteChannel$NioByteUnsafe.read(AbstractNioByteChannel.java:163)
	io.netty.channel.nio.NioEventLoop.processSelectedKey(NioEventLoop.java:682)
	io.netty.channel.nio.NioEventLoop.processSelectedKeysOptimized(NioEventLoop.java:617)
	io.netty.channel.nio.NioEventLoop.processSelectedKeys(NioEventLoop.java:534)
	io.netty.channel.nio.NioEventLoop.run(NioEventLoop.java:496)
	io.netty.util.concurrent.SingleThreadEventExecutor$5.run(SingleThreadEventExecutor.java:906)
	io.netty.util.internal.ThreadExecutorMap$2.run(ThreadExecutorMap.java:74)
	io.netty.util.concurrent.FastThreadLocalRunnable.run(FastThreadLocalRunnable.java:30)
	java.lang.Thread.run(Thread.java:748)
#4:
	reactor.core.publisher.FluxPeek$PeekSubscriber.onNext(FluxPeek.java:177)
	reactor.core.publisher.FluxMap$MapSubscriber.onNext(FluxMap.java:114)
	reactor.netty.channel.FluxReceive.drainReceiver(FluxReceive.java:206)
	reactor.netty.channel.FluxReceive.onInboundNext(FluxReceive.java:322)
	reactor.netty.channel.ChannelOperations.onInboundNext(ChannelOperations.java:335)
	reactor.netty.http.server.HttpServerOperations.onInboundNext(HttpServerOperations.java:456)
	reactor.netty.channel.ChannelOperationsHandler.channelRead(ChannelOperationsHandler.java:91)
	io.netty.channel.AbstractChannelHandlerContext.invokeChannelRead(AbstractChannelHandlerContext.java:374)
	io.netty.channel.AbstractChannelHandlerContext.invokeChannelRead(AbstractChannelHandlerContext.java:360)
	io.netty.channel.AbstractChannelHandlerContext.fireChannelRead(AbstractChannelHandlerContext.java:352)
	reactor.netty.http.server.HttpTrafficHandler.channelRead(HttpTrafficHandler.java:190)
	io.netty.channel.AbstractChannelHandlerContext.invokeChannelRead(AbstractChannelHandlerContext.java:374)
	io.netty.channel.AbstractChannelHandlerContext.invokeChannelRead(AbstractChannelHandlerContext.java:360)
	io.netty.channel.AbstractChannelHandlerContext.fireChannelRead(AbstractChannelHandlerContext.java:352)
	io.netty.channel.CombinedChannelDuplexHandler$DelegatingChannelHandlerContext.fireChannelRead(CombinedChannelDuplexHandler.java:438)
	io.netty.handler.codec.ByteToMessageDecoder.fireChannelRead(ByteToMessageDecoder.java:323)
	io.netty.handler.codec.ByteToMessageDecoder.channelRead(ByteToMessageDecoder.java:297)
	io.netty.channel.CombinedChannelDuplexHandler.channelRead(CombinedChannelDuplexHandler.java:253)
	io.netty.channel.AbstractChannelHandlerContext.invokeChannelRead(AbstractChannelHandlerContext.java:374)
	io.netty.channel.AbstractChannelHandlerContext.invokeChannelRead(AbstractChannelHandlerContext.java:360)
	io.netty.channel.AbstractChannelHandlerContext.fireChannelRead(AbstractChannelHandlerContext.java:352)
	io.netty.channel.DefaultChannelPipeline$HeadContext.channelRead(DefaultChannelPipeline.java:1408)
	io.netty.channel.AbstractChannelHandlerContext.invokeChannelRead(AbstractChannelHandlerContext.java:374)
	io.netty.channel.AbstractChannelHandlerContext.invokeChannelRead(AbstractChannelHandlerContext.java:360)
	io.netty.channel.DefaultChannelPipeline.fireChannelRead(DefaultChannelPipeline.java:930)
	io.netty.channel.nio.AbstractNioByteChannel$NioByteUnsafe.read(AbstractNioByteChannel.java:163)
	io.netty.channel.nio.NioEventLoop.processSelectedKey(NioEventLoop.java:682)
	io.netty.channel.nio.NioEventLoop.processSelectedKeysOptimized(NioEventLoop.java:617)
	io.netty.channel.nio.NioEventLoop.processSelectedKeys(NioEventLoop.java:534)
	io.netty.channel.nio.NioEventLoop.run(NioEventLoop.java:496)
	io.netty.util.concurrent.SingleThreadEventExecutor$5.run(SingleThreadEventExecutor.java:906)
	io.netty.util.internal.ThreadExecutorMap$2.run(ThreadExecutorMap.java:74)
	io.netty.util.concurrent.FastThreadLocalRunnable.run(FastThreadLocalRunnable.java:30)
	java.lang.Thread.run(Thread.java:748)
#5:
	Hint: 'reactor.right.reactiveBridge' will handle the message from this point.
	io.netty.handler.codec.http.DefaultHttpContent.touch(DefaultHttpContent.java:88)
	io.netty.handler.codec.http.DefaultHttpContent.touch(DefaultHttpContent.java:24)
	io.netty.channel.DefaultChannelPipeline.touch(DefaultChannelPipeline.java:116)
	io.netty.channel.AbstractChannelHandlerContext.invokeChannelRead(AbstractChannelHandlerContext.java:357)
	io.netty.channel.AbstractChannelHandlerContext.fireChannelRead(AbstractChannelHandlerContext.java:352)
	reactor.netty.http.server.HttpTrafficHandler.channelRead(HttpTrafficHandler.java:190)
	io.netty.channel.AbstractChannelHandlerContext.invokeChannelRead(AbstractChannelHandlerContext.java:374)
	io.netty.channel.AbstractChannelHandlerContext.invokeChannelRead(AbstractChannelHandlerContext.java:360)
	io.netty.channel.AbstractChannelHandlerContext.fireChannelRead(AbstractChannelHandlerContext.java:352)
	io.netty.channel.CombinedChannelDuplexHandler$DelegatingChannelHandlerContext.fireChannelRead(CombinedChannelDuplexHandler.java:438)
	io.netty.handler.codec.ByteToMessageDecoder.fireChannelRead(ByteToMessageDecoder.java:323)
	io.netty.handler.codec.ByteToMessageDecoder.channelRead(ByteToMessageDecoder.java:297)
	io.netty.channel.CombinedChannelDuplexHandler.channelRead(CombinedChannelDuplexHandler.java:253)
	io.netty.channel.AbstractChannelHandlerContext.invokeChannelRead(AbstractChannelHandlerContext.java:374)
	io.netty.channel.AbstractChannelHandlerContext.invokeChannelRead(AbstractChannelHandlerContext.java:360)
	io.netty.channel.AbstractChannelHandlerContext.fireChannelRead(AbstractChannelHandlerContext.java:352)
	io.netty.channel.DefaultChannelPipeline$HeadContext.channelRead(DefaultChannelPipeline.java:1408)
	io.netty.channel.AbstractChannelHandlerContext.invokeChannelRead(AbstractChannelHandlerContext.java:374)
	io.netty.channel.AbstractChannelHandlerContext.invokeChannelRead(AbstractChannelHandlerContext.java:360)
	io.netty.channel.DefaultChannelPipeline.fireChannelRead(DefaultChannelPipeline.java:930)
	io.netty.channel.nio.AbstractNioByteChannel$NioByteUnsafe.read(AbstractNioByteChannel.java:163)
	io.netty.channel.nio.NioEventLoop.processSelectedKey(NioEventLoop.java:682)
	io.netty.channel.nio.NioEventLoop.processSelectedKeysOptimized(NioEventLoop.java:617)
	io.netty.channel.nio.NioEventLoop.processSelectedKeys(NioEventLoop.java:534)
	io.netty.channel.nio.NioEventLoop.run(NioEventLoop.java:496)
	io.netty.util.concurrent.SingleThreadEventExecutor$5.run(SingleThreadEventExecutor.java:906)
	io.netty.util.internal.ThreadExecutorMap$2.run(ThreadExecutorMap.java:74)
	io.netty.util.concurrent.FastThreadLocalRunnable.run(FastThreadLocalRunnable.java:30)
	java.lang.Thread.run(Thread.java:748)
#6:
	Hint: 'reactor.left.httpTrafficHandler' will handle the message from this point.
	io.netty.handler.codec.http.DefaultHttpContent.touch(DefaultHttpContent.java:88)
	io.netty.handler.codec.http.DefaultHttpContent.touch(DefaultHttpContent.java:24)
	io.netty.channel.DefaultChannelPipeline.touch(DefaultChannelPipeline.java:116)
	io.netty.channel.AbstractChannelHandlerContext.invokeChannelRead(AbstractChannelHandlerContext.java:357)
	io.netty.channel.AbstractChannelHandlerContext.fireChannelRead(AbstractChannelHandlerContext.java:352)
	io.netty.channel.CombinedChannelDuplexHandler$DelegatingChannelHandlerContext.fireChannelRead(CombinedChannelDuplexHandler.java:438)
	io.netty.handler.codec.ByteToMessageDecoder.fireChannelRead(ByteToMessageDecoder.java:323)
	io.netty.handler.codec.ByteToMessageDecoder.channelRead(ByteToMessageDecoder.java:297)
	io.netty.channel.CombinedChannelDuplexHandler.channelRead(CombinedChannelDuplexHandler.java:253)
	io.netty.channel.AbstractChannelHandlerContext.invokeChannelRead(AbstractChannelHandlerContext.java:374)
	io.netty.channel.AbstractChannelHandlerContext.invokeChannelRead(AbstractChannelHandlerContext.java:360)
	io.netty.channel.AbstractChannelHandlerContext.fireChannelRead(AbstractChannelHandlerContext.java:352)
	io.netty.channel.DefaultChannelPipeline$HeadContext.channelRead(DefaultChannelPipeline.java:1408)
	io.netty.channel.AbstractChannelHandlerContext.invokeChannelRead(AbstractChannelHandlerContext.java:374)
	io.netty.channel.AbstractChannelHandlerContext.invokeChannelRead(AbstractChannelHandlerContext.java:360)
	io.netty.channel.DefaultChannelPipeline.fireChannelRead(DefaultChannelPipeline.java:930)
	io.netty.channel.nio.AbstractNioByteChannel$NioByteUnsafe.read(AbstractNioByteChannel.java:163)
	io.netty.channel.nio.NioEventLoop.processSelectedKey(NioEventLoop.java:682)
	io.netty.channel.nio.NioEventLoop.processSelectedKeysOptimized(NioEventLoop.java:617)
	io.netty.channel.nio.NioEventLoop.processSelectedKeys(NioEventLoop.java:534)
	io.netty.channel.nio.NioEventLoop.run(NioEventLoop.java:496)
	io.netty.util.concurrent.SingleThreadEventExecutor$5.run(SingleThreadEventExecutor.java:906)
	io.netty.util.internal.ThreadExecutorMap$2.run(ThreadExecutorMap.java:74)
	io.netty.util.concurrent.FastThreadLocalRunnable.run(FastThreadLocalRunnable.java:30)
	java.lang.Thread.run(Thread.java:748)
Created at:
	io.netty.buffer.SimpleLeakAwareByteBuf.unwrappedDerived(SimpleLeakAwareByteBuf.java:143)
	io.netty.buffer.SimpleLeakAwareByteBuf.readRetainedSlice(SimpleLeakAwareByteBuf.java:67)
	io.netty.buffer.AdvancedLeakAwareByteBuf.readRetainedSlice(AdvancedLeakAwareByteBuf.java:107)
	io.netty.handler.codec.http.HttpObjectDecoder.decode(HttpObjectDecoder.java:336)
	io.netty.handler.codec.http.HttpServerCodec$HttpServerRequestDecoder.decode(HttpServerCodec.java:103)
	io.netty.handler.codec.ByteToMessageDecoder.decodeRemovalReentryProtection(ByteToMessageDecoder.java:502)
	io.netty.handler.codec.ByteToMessageDecoder.callDecode(ByteToMessageDecoder.java:441)
	io.netty.handler.codec.ByteToMessageDecoder.channelRead(ByteToMessageDecoder.java:278)
	io.netty.channel.CombinedChannelDuplexHandler.channelRead(CombinedChannelDuplexHandler.java:253)
	io.netty.channel.AbstractChannelHandlerContext.invokeChannelRead(AbstractChannelHandlerContext.java:374)
	io.netty.channel.AbstractChannelHandlerContext.invokeChannelRead(AbstractChannelHandlerContext.java:360)
	io.netty.channel.AbstractChannelHandlerContext.fireChannelRead(AbstractChannelHandlerContext.java:352)
	io.netty.channel.DefaultChannelPipeline$HeadContext.channelRead(DefaultChannelPipeline.java:1408)
	io.netty.channel.AbstractChannelHandlerContext.invokeChannelRead(AbstractChannelHandlerContext.java:374)
	io.netty.channel.AbstractChannelHandlerContext.invokeChannelRead(AbstractChannelHandlerContext.java:360)
	io.netty.channel.DefaultChannelPipeline.fireChannelRead(DefaultChannelPipeline.java:930)
	io.netty.channel.nio.AbstractNioByteChannel$NioByteUnsafe.read(AbstractNioByteChannel.java:163)
	io.netty.channel.nio.NioEventLoop.processSelectedKey(NioEventLoop.java:682)
	io.netty.channel.nio.NioEventLoop.processSelectedKeysOptimized(NioEventLoop.java:617)
	io.netty.channel.nio.NioEventLoop.processSelectedKeys(NioEventLoop.java:534)
	io.netty.channel.nio.NioEventLoop.run(NioEventLoop.java:496)
	io.netty.util.concurrent.SingleThreadEventExecutor$5.run(SingleThreadEventExecutor.java:906)
	io.netty.util.internal.ThreadExecutorMap$2.run(ThreadExecutorMap.java:74)
	io.netty.util.concurrent.FastThreadLocalRunnable.run(FastThreadLocalRunnable.java:30)
	java.lang.Thread.run(Thread.java:748)
: 6 leak records were discarded because they were duplicates
: 454 leak records were discarded because the leak record count is targeted to 4. Use system property io.netty.leakDetection.targetRecords to increase the limit.
22:42:59.857 [reactor-http-nio-14] ERROR i.n.u.ResourceLeakDetector - LEAK: ByteBuf.release() was not called before it's garbage-collected. See http://netty.io/wiki/reference-counted-objects.html for more information.
Recent access records: 
#1:
	io.netty.buffer.CompositeByteBuf$Component.free(CompositeByteBuf.java:1899)
	io.netty.buffer.CompositeByteBuf.deallocate(CompositeByteBuf.java:2208)
	io.netty.buffer.AbstractReferenceCountedByteBuf.handleRelease(AbstractReferenceCountedByteBuf.java:110)
	io.netty.buffer.AbstractReferenceCountedByteBuf.release(AbstractReferenceCountedByteBuf.java:100)
	io.netty.buffer.AbstractDerivedByteBuf.release0(AbstractDerivedByteBuf.java:94)
	io.netty.buffer.AbstractDerivedByteBuf.release(AbstractDerivedByteBuf.java:90)
	io.netty.buffer.WrappedByteBuf.release(WrappedByteBuf.java:1029)
	io.netty.buffer.SimpleLeakAwareByteBuf.release(SimpleLeakAwareByteBuf.java:102)
	io.netty.buffer.AdvancedLeakAwareByteBuf.release(AdvancedLeakAwareByteBuf.java:941)
	org.springframework.core.io.buffer.NettyDataBuffer.release(NettyDataBuffer.java:308)
	org.springframework.core.io.buffer.DataBufferUtils.release(DataBufferUtils.java:498)
	org.springframework.http.codec.json.AbstractJackson2Decoder.decode(AbstractJackson2Decoder.java:131)
	org.springframework.http.codec.json.AbstractJackson2Decoder.lambda$decodeToMono$1(AbstractJackson2Decoder.java:114)
	reactor.core.publisher.FluxMapFuseable$MapFuseableSubscriber.onNext(FluxMapFuseable.java:107)
	reactor.core.publisher.FluxContextStart$ContextStartSubscriber.onNext(FluxContextStart.java:103)
	reactor.core.publisher.FluxMapFuseable$MapFuseableConditionalSubscriber.onNext(FluxMapFuseable.java:287)
	reactor.core.publisher.FluxFilterFuseable$FilterFuseableConditionalSubscriber.onNext(FluxFilterFuseable.java:331)
	reactor.core.publisher.FluxMapFuseable$MapFuseableConditionalSubscriber.onNext(FluxMapFuseable.java:287)
	reactor.core.publisher.Operators$ScalarSubscription.request(Operators.java:2131)
	reactor.core.publisher.FluxMapFuseable$MapFuseableConditionalSubscriber.request(FluxMapFuseable.java:346)
	reactor.core.publisher.FluxFilterFuseable$FilterFuseableConditionalSubscriber.request(FluxFilterFuseable.java:404)
	reactor.core.publisher.FluxMapFuseable$MapFuseableConditionalSubscriber.request(FluxMapFuseable.java:346)
	reactor.core.publisher.FluxContextStart$ContextStartSubscriber.request(FluxContextStart.java:132)
	reactor.core.publisher.FluxMapFuseable$MapFuseableSubscriber.request(FluxMapFuseable.java:162)
	reactor.core.publisher.Operators$MultiSubscriptionSubscriber.set(Operators.java:1939)
	reactor.core.publisher.FluxOnErrorResume$ResumeSubscriber.onSubscribe(FluxOnErrorResume.java:68)
	reactor.core.publisher.FluxMapFuseable$MapFuseableSubscriber.onSubscribe(FluxMapFuseable.java:90)
	reactor.core.publisher.FluxContextStart$ContextStartSubscriber.onSubscribe(FluxContextStart.java:97)
	reactor.core.publisher.FluxMapFuseable$MapFuseableConditionalSubscriber.onSubscribe(FluxMapFuseable.java:255)
	reactor.core.publisher.FluxFilterFuseable$FilterFuseableConditionalSubscriber.onSubscribe(FluxFilterFuseable.java:299)
	reactor.core.publisher.FluxMapFuseable$MapFuseableConditionalSubscriber.onSubscribe(FluxMapFuseable.java:255)
	reactor.core.publisher.MonoJust.subscribe(MonoJust.java:54)
	reactor.core.publisher.MonoMapFuseable.subscribe(MonoMapFuseable.java:56)
	reactor.core.publisher.MonoFilterFuseable.subscribe(MonoFilterFuseable.java:44)
	reactor.core.publisher.MonoMapFuseable.subscribe(MonoMapFuseable.java:56)
	reactor.core.publisher.MonoSubscriberContext.subscribe(MonoSubscriberContext.java:47)
	reactor.core.publisher.MonoMapFuseable.subscribe(MonoMapFuseable.java:59)
	reactor.core.publisher.MonoOnErrorResume.subscribe(MonoOnErrorResume.java:44)
	reactor.core.publisher.MonoSwitchIfEmpty.subscribe(MonoSwitchIfEmpty.java:44)
	reactor.core.publisher.Mono.subscribe(Mono.java:3850)
	reactor.test.DefaultStepVerifierBuilder$DefaultStepVerifier.verify(DefaultStepVerifierBuilder.java:811)
	reactor.test.DefaultStepVerifierBuilder$DefaultStepVerifier.verify(DefaultStepVerifierBuilder.java:782)
	reactor.test.DefaultStepVerifierBuilder.verifyComplete(DefaultStepVerifierBuilder.java:654)
	org.springframework.web.reactive.result.method.annotation.MultipartIntegrationTests$MultipartController.requestPart(MultipartIntegrationTests.java:230)
	sun.reflect.NativeMethodAccessorImpl.invoke0(Native Method)
	sun.reflect.NativeMethodAccessorImpl.invoke(NativeMethodAccessorImpl.java:62)
	sun.reflect.DelegatingMethodAccessorImpl.invoke(DelegatingMethodAccessorImpl.java:43)
	java.lang.reflect.Method.invoke(Method.java:498)
	org.springframework.web.reactive.result.method.InvocableHandlerMethod.lambda$invoke$0(InvocableHandlerMethod.java:146)
	reactor.core.publisher.MonoFlatMap$FlatMapMain.onNext(MonoFlatMap.java:118)
	reactor.core.publisher.Operators$MonoSubscriber.complete(Operators.java:1575)
	reactor.core.publisher.MonoZip$ZipCoordinator.signal(MonoZip.java:247)
	reactor.core.publisher.MonoZip$ZipInner.onNext(MonoZip.java:329)
	reactor.core.publisher.FluxPeek$PeekSubscriber.onNext(FluxPeek.java:192)
	reactor.core.publisher.FluxDefaultIfEmpty$DefaultIfEmptySubscriber.onNext(FluxDefaultIfEmpty.java:92)
	reactor.core.publisher.FluxMap$MapSubscriber.onNext(FluxMap.java:114)
	reactor.core.publisher.MonoNext$NextSubscriber.onNext(MonoNext.java:76)
	reactor.core.publisher.FluxFlatMap$FlatMapMain.tryEmitScalar(FluxFlatMap.java:449)
	reactor.core.publisher.FluxFlatMap$FlatMapMain.onNext(FluxFlatMap.java:384)
	reactor.core.publisher.FluxFlattenIterable$FlattenIterableSubscriber.drainAsync(FluxFlattenIterable.java:395)
	reactor.core.publisher.FluxFlattenIterable$FlattenIterableSubscriber.drain(FluxFlattenIterable.java:638)
	reactor.core.publisher.FluxFlattenIterable$FlattenIterableSubscriber.onNext(FluxFlattenIterable.java:242)
	reactor.core.publisher.Operators$MonoSubscriber.complete(Operators.java:1558)
	reactor.core.publisher.MonoProcessor.onNext(MonoProcessor.java:316)
	reactor.core.publisher.FluxSwitchIfEmpty$SwitchIfEmptySubscriber.onNext(FluxSwitchIfEmpty.java:67)
	reactor.core.publisher.Operators$MonoSubscriber.complete(Operators.java:1575)
	reactor.core.publisher.MonoCollect$CollectSubscriber.onComplete(MonoCollect.java:145)
	reactor.core.publisher.FluxReplay$UnboundedReplayBuffer.replayNormal(FluxReplay.java:550)
	reactor.core.publisher.FluxReplay$UnboundedReplayBuffer.replay(FluxReplay.java:653)
	reactor.core.publisher.FluxReplay$ReplaySubscriber.onComplete(FluxReplay.java:1193)
	reactor.core.publisher.FluxContextStart$ContextStartSubscriber.onComplete(FluxContextStart.java:122)
	reactor.core.publisher.FluxContextStart$ContextStartSubscriber.onComplete(FluxContextStart.java:122)
	reactor.core.publisher.FluxMap$MapConditionalSubscriber.onComplete(FluxMap.java:262)
	reactor.core.publisher.FluxTakeWhile$TakeWhileSubscriber.onComplete(FluxTakeWhile.java:115)
	reactor.core.publisher.FluxTakeWhile$TakeWhileSubscriber.onNext(FluxTakeWhile.java:89)
	reactor.core.publisher.FluxContextStart$ContextStartSubscriber.onNext(FluxContextStart.java:103)
	reactor.core.publisher.FluxMap$MapConditionalSubscriber.onNext(FluxMap.java:213)
	reactor.core.publisher.DrainUtils.postCompleteDrain(DrainUtils.java:135)
	reactor.core.publisher.DrainUtils.postComplete(DrainUtils.java:186)
	reactor.core.publisher.FluxBufferPredicate$BufferPredicateSubscriber.onComplete(FluxBufferPredicate.java:285)
	reactor.core.publisher.FluxFlatMap$FlatMapMain.checkTerminated(FluxFlatMap.java:794)
	reactor.core.publisher.FluxFlatMap$FlatMapMain.drainLoop(FluxFlatMap.java:560)
	reactor.core.publisher.FluxFlatMap$FlatMapMain.drain(FluxFlatMap.java:540)
	reactor.core.publisher.FluxFlatMap$FlatMapMain.onComplete(FluxFlatMap.java:426)
	reactor.core.publisher.FluxConcatMap$ConcatMapImmediate.drain(FluxConcatMap.java:360)
	reactor.core.publisher.FluxConcatMap$ConcatMapImmediate.onComplete(FluxConcatMap.java:269)
	reactor.core.publisher.FluxMap$MapSubscriber.onComplete(FluxMap.java:136)
	reactor.core.publisher.FluxPeek$PeekSubscriber.onComplete(FluxPeek.java:252)
	reactor.core.publisher.FluxMap$MapSubscriber.onComplete(FluxMap.java:136)
	reactor.netty.channel.FluxReceive.terminateReceiver(FluxReceive.java:390)
	reactor.netty.channel.FluxReceive.drainReceiver(FluxReceive.java:197)
	reactor.netty.channel.FluxReceive.onInboundComplete(FluxReceive.java:338)
	reactor.netty.channel.ChannelOperations.onInboundComplete(ChannelOperations.java:350)
	reactor.netty.http.server.HttpServerOperations.onInboundNext(HttpServerOperations.java:459)
	reactor.netty.channel.ChannelOperationsHandler.channelRead(ChannelOperationsHandler.java:91)
	io.netty.channel.AbstractChannelHandlerContext.invokeChannelRead(AbstractChannelHandlerContext.java:374)
	io.netty.channel.AbstractChannelHandlerContext.invokeChannelRead(AbstractChannelHandlerContext.java:360)
	io.netty.channel.AbstractChannelHandlerContext.fireChannelRead(AbstractChannelHandlerContext.java:352)
	reactor.netty.http.server.HttpTrafficHandler.channelRead(HttpTrafficHandler.java:190)
	io.netty.channel.AbstractChannelHandlerContext.invokeChannelRead(AbstractChannelHandlerContext.java:374)
	io.netty.channel.AbstractChannelHandlerContext.invokeChannelRead(AbstractChannelHandlerContext.java:360)
	io.netty.channel.AbstractChannelHandlerContext.fireChannelRead(AbstractChannelHandlerContext.java:352)
	io.netty.channel.CombinedChannelDuplexHandler$DelegatingChannelHandlerContext.fireChannelRead(CombinedChannelDuplexHandler.java:438)
	io.netty.handler.codec.ByteToMessageDecoder.fireChannelRead(ByteToMessageDecoder.java:323)
	io.netty.handler.codec.ByteToMessageDecoder.channelRead(ByteToMessageDecoder.java:297)
	io.netty.channel.CombinedChannelDuplexHandler.channelRead(CombinedChannelDuplexHandler.java:253)
	io.netty.channel.AbstractChannelHandlerContext.invokeChannelRead(AbstractChannelHandlerContext.java:374)
	io.netty.channel.AbstractChannelHandlerContext.invokeChannelRead(AbstractChannelHandlerContext.java:360)
	io.netty.channel.AbstractChannelHandlerContext.fireChannelRead(AbstractChannelHandlerContext.java:352)
	io.netty.channel.DefaultChannelPipeline$HeadContext.channelRead(DefaultChannelPipeline.java:1408)
	io.netty.channel.AbstractChannelHandlerContext.invokeChannelRead(AbstractChannelHandlerContext.java:374)
	io.netty.channel.AbstractChannelHandlerContext.invokeChannelRead(AbstractChannelHandlerContext.java:360)
	io.netty.channel.DefaultChannelPipeline.fireChannelRead(DefaultChannelPipeline.java:930)
	io.netty.channel.nio.AbstractNioByteChannel$NioByteUnsafe.read(AbstractNioByteChannel.java:163)
	io.netty.channel.nio.NioEventLoop.processSelectedKey(NioEventLoop.java:682)
	io.netty.channel.nio.NioEventLoop.processSelectedKeysOptimized(NioEventLoop.java:617)
	io.netty.channel.nio.NioEventLoop.processSelectedKeys(NioEventLoop.java:534)
	io.netty.channel.nio.NioEventLoop.run(NioEventLoop.java:496)
	io.netty.util.concurrent.SingleThreadEventExecutor$5.run(SingleThreadEventExecutor.java:906)
	io.netty.util.internal.ThreadExecutorMap$2.run(ThreadExecutorMap.java:74)
	io.netty.util.concurrent.FastThreadLocalRunnable.run(FastThreadLocalRunnable.java:30)
	java.lang.Thread.run(Thread.java:748)
#2:
	io.netty.buffer.AdvancedLeakAwareByteBuf.getByte(AdvancedLeakAwareByteBuf.java:154)
	org.springframework.core.io.buffer.NettyDataBuffer.getByte(NettyDataBuffer.java:132)
	org.springframework.core.io.buffer.DataBufferUtils$KnuthMorrisPrattMatcher.match(DataBufferUtils.java:1005)
	org.springframework.core.io.buffer.DataBufferUtils.endFrameAfterDelimiter(DataBufferUtils.java:634)
	org.springframework.core.io.buffer.DataBufferUtils.lambda$split$18(DataBufferUtils.java:603)
	reactor.core.publisher.FluxFlatMap$FlatMapMain.onNext(FluxFlatMap.java:350)
	reactor.core.publisher.FluxConcatMap$ConcatMapImmediate.innerNext(FluxConcatMap.java:275)
	reactor.core.publisher.FluxConcatMap$ConcatMapInner.onNext(FluxConcatMap.java:849)
	reactor.core.publisher.FluxConcatMap$WeakScalarSubscription.request(FluxConcatMap.java:470)
	reactor.core.publisher.Operators$MultiSubscriptionSubscriber.set(Operators.java:1939)
	reactor.core.publisher.FluxConcatMap$ConcatMapImmediate.drain(FluxConcatMap.java:436)
	reactor.core.publisher.FluxConcatMap$ConcatMapImmediate.onNext(FluxConcatMap.java:244)
	reactor.core.publisher.FluxMap$MapSubscriber.onNext(FluxMap.java:114)
	reactor.core.publisher.FluxPeek$PeekSubscriber.onNext(FluxPeek.java:192)
	reactor.core.publisher.FluxMap$MapSubscriber.onNext(FluxMap.java:114)
	reactor.netty.channel.FluxReceive.drainReceiver(FluxReceive.java:206)
	reactor.netty.channel.FluxReceive.onInboundNext(FluxReceive.java:322)
	reactor.netty.channel.ChannelOperations.onInboundNext(ChannelOperations.java:335)
	reactor.netty.http.server.HttpServerOperations.onInboundNext(HttpServerOperations.java:456)
	reactor.netty.channel.ChannelOperationsHandler.channelRead(ChannelOperationsHandler.java:91)
	io.netty.channel.AbstractChannelHandlerContext.invokeChannelRead(AbstractChannelHandlerContext.java:374)
	io.netty.channel.AbstractChannelHandlerContext.invokeChannelRead(AbstractChannelHandlerContext.java:360)
	io.netty.channel.AbstractChannelHandlerContext.fireChannelRead(AbstractChannelHandlerContext.java:352)
	reactor.netty.http.server.HttpTrafficHandler.channelRead(HttpTrafficHandler.java:190)
	io.netty.channel.AbstractChannelHandlerContext.invokeChannelRead(AbstractChannelHandlerContext.java:374)
	io.netty.channel.AbstractChannelHandlerContext.invokeChannelRead(AbstractChannelHandlerContext.java:360)
	io.netty.channel.AbstractChannelHandlerContext.fireChannelRead(AbstractChannelHandlerContext.java:352)
	io.netty.channel.CombinedChannelDuplexHandler$DelegatingChannelHandlerContext.fireChannelRead(CombinedChannelDuplexHandler.java:438)
	io.netty.handler.codec.ByteToMessageDecoder.fireChannelRead(ByteToMessageDecoder.java:323)
	io.netty.handler.codec.ByteToMessageDecoder.fireChannelRead(ByteToMessageDecoder.java:310)
	io.netty.handler.codec.ByteToMessageDecoder.callDecode(ByteToMessageDecoder.java:426)
	io.netty.handler.codec.ByteToMessageDecoder.channelRead(ByteToMessageDecoder.java:278)
	io.netty.channel.CombinedChannelDuplexHandler.channelRead(CombinedChannelDuplexHandler.java:253)
	io.netty.channel.AbstractChannelHandlerContext.invokeChannelRead(AbstractChannelHandlerContext.java:374)
	io.netty.channel.AbstractChannelHandlerContext.invokeChannelRead(AbstractChannelHandlerContext.java:360)
	io.netty.channel.AbstractChannelHandlerContext.fireChannelRead(AbstractChannelHandlerContext.java:352)
	io.netty.channel.DefaultChannelPipeline$HeadContext.channelRead(DefaultChannelPipeline.java:1408)
	io.netty.channel.AbstractChannelHandlerContext.invokeChannelRead(AbstractChannelHandlerContext.java:374)
	io.netty.channel.AbstractChannelHandlerContext.invokeChannelRead(AbstractChannelHandlerContext.java:360)
	io.netty.channel.DefaultChannelPipeline.fireChannelRead(DefaultChannelPipeline.java:930)
	io.netty.channel.nio.AbstractNioByteChannel$NioByteUnsafe.read(AbstractNioByteChannel.java:163)
	io.netty.channel.nio.NioEventLoop.processSelectedKey(NioEventLoop.java:682)
	io.netty.channel.nio.NioEventLoop.processSelectedKeysOptimized(NioEventLoop.java:617)
	io.netty.channel.nio.NioEventLoop.processSelectedKeys(NioEventLoop.java:534)
	io.netty.channel.nio.NioEventLoop.run(NioEventLoop.java:496)
	io.netty.util.concurrent.SingleThreadEventExecutor$5.run(SingleThreadEventExecutor.java:906)
	io.netty.util.internal.ThreadExecutorMap$2.run(ThreadExecutorMap.java:74)
	io.netty.util.concurrent.FastThreadLocalRunnable.run(FastThreadLocalRunnable.java:30)
	java.lang.Thread.run(Thread.java:748)
#3:
	org.springframework.core.io.buffer.NettyDataBufferFactory.wrap(NettyDataBufferFactory.java:93)
	reactor.core.publisher.FluxMap$MapSubscriber.onNext(FluxMap.java:100)
	reactor.core.publisher.FluxPeek$PeekSubscriber.onNext(FluxPeek.java:192)
	reactor.core.publisher.FluxMap$MapSubscriber.onNext(FluxMap.java:114)
	reactor.netty.channel.FluxReceive.drainReceiver(FluxReceive.java:206)
	reactor.netty.channel.FluxReceive.onInboundNext(FluxReceive.java:322)
	reactor.netty.channel.ChannelOperations.onInboundNext(ChannelOperations.java:335)
	reactor.netty.http.server.HttpServerOperations.onInboundNext(HttpServerOperations.java:456)
	reactor.netty.channel.ChannelOperationsHandler.channelRead(ChannelOperationsHandler.java:91)
	io.netty.channel.AbstractChannelHandlerContext.invokeChannelRead(AbstractChannelHandlerContext.java:374)
	io.netty.channel.AbstractChannelHandlerContext.invokeChannelRead(AbstractChannelHandlerContext.java:360)
	io.netty.channel.AbstractChannelHandlerContext.fireChannelRead(AbstractChannelHandlerContext.java:352)
	reactor.netty.http.server.HttpTrafficHandler.channelRead(HttpTrafficHandler.java:190)
	io.netty.channel.AbstractChannelHandlerContext.invokeChannelRead(AbstractChannelHandlerContext.java:374)
	io.netty.channel.AbstractChannelHandlerContext.invokeChannelRead(AbstractChannelHandlerContext.java:360)
	io.netty.channel.AbstractChannelHandlerContext.fireChannelRead(AbstractChannelHandlerContext.java:352)
	io.netty.channel.CombinedChannelDuplexHandler$DelegatingChannelHandlerContext.fireChannelRead(CombinedChannelDuplexHandler.java:438)
	io.netty.handler.codec.ByteToMessageDecoder.fireChannelRead(ByteToMessageDecoder.java:323)
	io.netty.handler.codec.ByteToMessageDecoder.fireChannelRead(ByteToMessageDecoder.java:310)
	io.netty.handler.codec.ByteToMessageDecoder.callDecode(ByteToMessageDecoder.java:426)
	io.netty.handler.codec.ByteToMessageDecoder.channelRead(ByteToMessageDecoder.java:278)
	io.netty.channel.CombinedChannelDuplexHandler.channelRead(CombinedChannelDuplexHandler.java:253)
	io.netty.channel.AbstractChannelHandlerContext.invokeChannelRead(AbstractChannelHandlerContext.java:374)
	io.netty.channel.AbstractChannelHandlerContext.invokeChannelRead(AbstractChannelHandlerContext.java:360)
	io.netty.channel.AbstractChannelHandlerContext.fireChannelRead(AbstractChannelHandlerContext.java:352)
	io.netty.channel.DefaultChannelPipeline$HeadContext.channelRead(DefaultChannelPipeline.java:1408)
	io.netty.channel.AbstractChannelHandlerContext.invokeChannelRead(AbstractChannelHandlerContext.java:374)
	io.netty.channel.AbstractChannelHandlerContext.invokeChannelRead(AbstractChannelHandlerContext.java:360)
	io.netty.channel.DefaultChannelPipeline.fireChannelRead(DefaultChannelPipeline.java:930)
	io.netty.channel.nio.AbstractNioByteChannel$NioByteUnsafe.read(AbstractNioByteChannel.java:163)
	io.netty.channel.nio.NioEventLoop.processSelectedKey(NioEventLoop.java:682)
	io.netty.channel.nio.NioEventLoop.processSelectedKeysOptimized(NioEventLoop.java:617)
	io.netty.channel.nio.NioEventLoop.processSelectedKeys(NioEventLoop.java:534)
	io.netty.channel.nio.NioEventLoop.run(NioEventLoop.java:496)
	io.netty.util.concurrent.SingleThreadEventExecutor$5.run(SingleThreadEventExecutor.java:906)
	io.netty.util.internal.ThreadExecutorMap$2.run(ThreadExecutorMap.java:74)
	io.netty.util.concurrent.FastThreadLocalRunnable.run(FastThreadLocalRunnable.java:30)
	java.lang.Thread.run(Thread.java:748)
#4:
	reactor.core.publisher.FluxPeek$PeekSubscriber.onNext(FluxPeek.java:177)
	reactor.core.publisher.FluxMap$MapSubscriber.onNext(FluxMap.java:114)
	reactor.netty.channel.FluxReceive.drainReceiver(FluxReceive.java:206)
	reactor.netty.channel.FluxReceive.onInboundNext(FluxReceive.java:322)
	reactor.netty.channel.ChannelOperations.onInboundNext(ChannelOperations.java:335)
	reactor.netty.http.server.HttpServerOperations.onInboundNext(HttpServerOperations.java:456)
	reactor.netty.channel.ChannelOperationsHandler.channelRead(ChannelOperationsHandler.java:91)
	io.netty.channel.AbstractChannelHandlerContext.invokeChannelRead(AbstractChannelHandlerContext.java:374)
	io.netty.channel.AbstractChannelHandlerContext.invokeChannelRead(AbstractChannelHandlerContext.java:360)
	io.netty.channel.AbstractChannelHandlerContext.fireChannelRead(AbstractChannelHandlerContext.java:352)
	reactor.netty.http.server.HttpTrafficHandler.channelRead(HttpTrafficHandler.java:190)
	io.netty.channel.AbstractChannelHandlerContext.invokeChannelRead(AbstractChannelHandlerContext.java:374)
	io.netty.channel.AbstractChannelHandlerContext.invokeChannelRead(AbstractChannelHandlerContext.java:360)
	io.netty.channel.AbstractChannelHandlerContext.fireChannelRead(AbstractChannelHandlerContext.java:352)
	io.netty.channel.CombinedChannelDuplexHandler$DelegatingChannelHandlerContext.fireChannelRead(CombinedChannelDuplexHandler.java:438)
	io.netty.handler.codec.ByteToMessageDecoder.fireChannelRead(ByteToMessageDecoder.java:323)
	io.netty.handler.codec.ByteToMessageDecoder.fireChannelRead(ByteToMessageDecoder.java:310)
	io.netty.handler.codec.ByteToMessageDecoder.callDecode(ByteToMessageDecoder.java:426)
	io.netty.handler.codec.ByteToMessageDecoder.channelRead(ByteToMessageDecoder.java:278)
	io.netty.channel.CombinedChannelDuplexHandler.channelRead(CombinedChannelDuplexHandler.java:253)
	io.netty.channel.AbstractChannelHandlerContext.invokeChannelRead(AbstractChannelHandlerContext.java:374)
	io.netty.channel.AbstractChannelHandlerContext.invokeChannelRead(AbstractChannelHandlerContext.java:360)
	io.netty.channel.AbstractChannelHandlerContext.fireChannelRead(AbstractChannelHandlerContext.java:352)
	io.netty.channel.DefaultChannelPipeline$HeadContext.channelRead(DefaultChannelPipeline.java:1408)
	io.netty.channel.AbstractChannelHandlerContext.invokeChannelRead(AbstractChannelHandlerContext.java:374)
	io.netty.channel.AbstractChannelHandlerContext.invokeChannelRead(AbstractChannelHandlerContext.java:360)
	io.netty.channel.DefaultChannelPipeline.fireChannelRead(DefaultChannelPipeline.java:930)
	io.netty.channel.nio.AbstractNioByteChannel$NioByteUnsafe.read(AbstractNioByteChannel.java:163)
	io.netty.channel.nio.NioEventLoop.processSelectedKey(NioEventLoop.java:682)
	io.netty.channel.nio.NioEventLoop.processSelectedKeysOptimized(NioEventLoop.java:617)
	io.netty.channel.nio.NioEventLoop.processSelectedKeys(NioEventLoop.java:534)
	io.netty.channel.nio.NioEventLoop.run(NioEventLoop.java:496)
	io.netty.util.concurrent.SingleThreadEventExecutor$5.run(SingleThreadEventExecutor.java:906)
	io.netty.util.internal.ThreadExecutorMap$2.run(ThreadExecutorMap.java:74)
	io.netty.util.concurrent.FastThreadLocalRunnable.run(FastThreadLocalRunnable.java:30)
	java.lang.Thread.run(Thread.java:748)
#5:
	Hint: 'reactor.right.reactiveBridge' will handle the message from this point.
	io.netty.handler.codec.http.DefaultHttpContent.touch(DefaultHttpContent.java:88)
	io.netty.handler.codec.http.DefaultHttpContent.touch(DefaultHttpContent.java:24)
	io.netty.channel.DefaultChannelPipeline.touch(DefaultChannelPipeline.java:116)
	io.netty.channel.AbstractChannelHandlerContext.invokeChannelRead(AbstractChannelHandlerContext.java:357)
	io.netty.channel.AbstractChannelHandlerContext.fireChannelRead(AbstractChannelHandlerContext.java:352)
	reactor.netty.http.server.HttpTrafficHandler.channelRead(HttpTrafficHandler.java:190)
	io.netty.channel.AbstractChannelHandlerContext.invokeChannelRead(AbstractChannelHandlerContext.java:374)
	io.netty.channel.AbstractChannelHandlerContext.invokeChannelRead(AbstractChannelHandlerContext.java:360)
	io.netty.channel.AbstractChannelHandlerContext.fireChannelRead(AbstractChannelHandlerContext.java:352)
	io.netty.channel.CombinedChannelDuplexHandler$DelegatingChannelHandlerContext.fireChannelRead(CombinedChannelDuplexHandler.java:438)
	io.netty.handler.codec.ByteToMessageDecoder.fireChannelRead(ByteToMessageDecoder.java:323)
	io.netty.handler.codec.ByteToMessageDecoder.fireChannelRead(ByteToMessageDecoder.java:310)
	io.netty.handler.codec.ByteToMessageDecoder.callDecode(ByteToMessageDecoder.java:426)
	io.netty.handler.codec.ByteToMessageDecoder.channelRead(ByteToMessageDecoder.java:278)
	io.netty.channel.CombinedChannelDuplexHandler.channelRead(CombinedChannelDuplexHandler.java:253)
	io.netty.channel.AbstractChannelHandlerContext.invokeChannelRead(AbstractChannelHandlerContext.java:374)
	io.netty.channel.AbstractChannelHandlerContext.invokeChannelRead(AbstractChannelHandlerContext.java:360)
	io.netty.channel.AbstractChannelHandlerContext.fireChannelRead(AbstractChannelHandlerContext.java:352)
	io.netty.channel.DefaultChannelPipeline$HeadContext.channelRead(DefaultChannelPipeline.java:1408)
	io.netty.channel.AbstractChannelHandlerContext.invokeChannelRead(AbstractChannelHandlerContext.java:374)
	io.netty.channel.AbstractChannelHandlerContext.invokeChannelRead(AbstractChannelHandlerContext.java:360)
	io.netty.channel.DefaultChannelPipeline.fireChannelRead(DefaultChannelPipeline.java:930)
	io.netty.channel.nio.AbstractNioByteChannel$NioByteUnsafe.read(AbstractNioByteChannel.java:163)
	io.netty.channel.nio.NioEventLoop.processSelectedKey(NioEventLoop.java:682)
	io.netty.channel.nio.NioEventLoop.processSelectedKeysOptimized(NioEventLoop.java:617)
	io.netty.channel.nio.NioEventLoop.processSelectedKeys(NioEventLoop.java:534)
	io.netty.channel.nio.NioEventLoop.run(NioEventLoop.java:496)
	io.netty.util.concurrent.SingleThreadEventExecutor$5.run(SingleThreadEventExecutor.java:906)
	io.netty.util.internal.ThreadExecutorMap$2.run(ThreadExecutorMap.java:74)
	io.netty.util.concurrent.FastThreadLocalRunnable.run(FastThreadLocalRunnable.java:30)
	java.lang.Thread.run(Thread.java:748)
#6:
	Hint: 'reactor.left.httpTrafficHandler' will handle the message from this point.
	io.netty.handler.codec.http.DefaultHttpContent.touch(DefaultHttpContent.java:88)
	io.netty.handler.codec.http.DefaultHttpContent.touch(DefaultHttpContent.java:24)
	io.netty.channel.DefaultChannelPipeline.touch(DefaultChannelPipeline.java:116)
	io.netty.channel.AbstractChannelHandlerContext.invokeChannelRead(AbstractChannelHandlerContext.java:357)
	io.netty.channel.AbstractChannelHandlerContext.fireChannelRead(AbstractChannelHandlerContext.java:352)
	io.netty.channel.CombinedChannelDuplexHandler$DelegatingChannelHandlerContext.fireChannelRead(CombinedChannelDuplexHandler.java:438)
	io.netty.handler.codec.ByteToMessageDecoder.fireChannelRead(ByteToMessageDecoder.java:323)
	io.netty.handler.codec.ByteToMessageDecoder.fireChannelRead(ByteToMessageDecoder.java:310)
	io.netty.handler.codec.ByteToMessageDecoder.callDecode(ByteToMessageDecoder.java:426)
	io.netty.handler.codec.ByteToMessageDecoder.channelRead(ByteToMessageDecoder.java:278)
	io.netty.channel.CombinedChannelDuplexHandler.channelRead(CombinedChannelDuplexHandler.java:253)
	io.netty.channel.AbstractChannelHandlerContext.invokeChannelRead(AbstractChannelHandlerContext.java:374)
	io.netty.channel.AbstractChannelHandlerContext.invokeChannelRead(AbstractChannelHandlerContext.java:360)
	io.netty.channel.AbstractChannelHandlerContext.fireChannelRead(AbstractChannelHandlerContext.java:352)
	io.netty.channel.DefaultChannelPipeline$HeadContext.channelRead(DefaultChannelPipeline.java:1408)
	io.netty.channel.AbstractChannelHandlerContext.invokeChannelRead(AbstractChannelHandlerContext.java:374)
	io.netty.channel.AbstractChannelHandlerContext.invokeChannelRead(AbstractChannelHandlerContext.java:360)
	io.netty.channel.DefaultChannelPipeline.fireChannelRead(DefaultChannelPipeline.java:930)
	io.netty.channel.nio.AbstractNioByteChannel$NioByteUnsafe.read(AbstractNioByteChannel.java:163)
	io.netty.channel.nio.NioEventLoop.processSelectedKey(NioEventLoop.java:682)
	io.netty.channel.nio.NioEventLoop.processSelectedKeysOptimized(NioEventLoop.java:617)
	io.netty.channel.nio.NioEventLoop.processSelectedKeys(NioEventLoop.java:534)
	io.netty.channel.nio.NioEventLoop.run(NioEventLoop.java:496)
	io.netty.util.concurrent.SingleThreadEventExecutor$5.run(SingleThreadEventExecutor.java:906)
	io.netty.util.internal.ThreadExecutorMap$2.run(ThreadExecutorMap.java:74)
	io.netty.util.concurrent.FastThreadLocalRunnable.run(FastThreadLocalRunnable.java:30)
	java.lang.Thread.run(Thread.java:748)
Created at:
	io.netty.buffer.SimpleLeakAwareByteBuf.unwrappedDerived(SimpleLeakAwareByteBuf.java:143)
	io.netty.buffer.SimpleLeakAwareByteBuf.readRetainedSlice(SimpleLeakAwareByteBuf.java:67)
	io.netty.buffer.AdvancedLeakAwareByteBuf.readRetainedSlice(AdvancedLeakAwareByteBuf.java:107)
	io.netty.handler.codec.http.HttpObjectDecoder.decode(HttpObjectDecoder.java:336)
	io.netty.handler.codec.http.HttpServerCodec$HttpServerRequestDecoder.decode(HttpServerCodec.java:103)
	io.netty.handler.codec.ByteToMessageDecoder.decodeRemovalReentryProtection(ByteToMessageDecoder.java:502)
	io.netty.handler.codec.ByteToMessageDecoder.callDecode(ByteToMessageDecoder.java:441)
	io.netty.handler.codec.ByteToMessageDecoder.channelRead(ByteToMessageDecoder.java:278)
	io.netty.channel.CombinedChannelDuplexHandler.channelRead(CombinedChannelDuplexHandler.java:253)
	io.netty.channel.AbstractChannelHandlerContext.invokeChannelRead(AbstractChannelHandlerContext.java:374)
	io.netty.channel.AbstractChannelHandlerContext.invokeChannelRead(AbstractChannelHandlerContext.java:360)
	io.netty.channel.AbstractChannelHandlerContext.fireChannelRead(AbstractChannelHandlerContext.java:352)
	io.netty.channel.DefaultChannelPipeline$HeadContext.channelRead(DefaultChannelPipeline.java:1408)
	io.netty.channel.AbstractChannelHandlerContext.invokeChannelRead(AbstractChannelHandlerContext.java:374)
	io.netty.channel.AbstractChannelHandlerContext.invokeChannelRead(AbstractChannelHandlerContext.java:360)
	io.netty.channel.DefaultChannelPipeline.fireChannelRead(DefaultChannelPipeline.java:930)
	io.netty.channel.nio.AbstractNioByteChannel$NioByteUnsafe.read(AbstractNioByteChannel.java:163)
	io.netty.channel.nio.NioEventLoop.processSelectedKey(NioEventLoop.java:682)
	io.netty.channel.nio.NioEventLoop.processSelectedKeysOptimized(NioEventLoop.java:617)
	io.netty.channel.nio.NioEventLoop.processSelectedKeys(NioEventLoop.java:534)
	io.netty.channel.nio.NioEventLoop.run(NioEventLoop.java:496)
	io.netty.util.concurrent.SingleThreadEventExecutor$5.run(SingleThreadEventExecutor.java:906)
	io.netty.util.internal.ThreadExecutorMap$2.run(ThreadExecutorMap.java:74)
	io.netty.util.concurrent.FastThreadLocalRunnable.run(FastThreadLocalRunnable.java:30)
	java.lang.Thread.run(Thread.java:748)
: 3 leak records were discarded because they were duplicates
: 38 leak records were discarded because the leak record count is targeted to 4. Use system property io.netty.leakDetection.targetRecords to increase the limit.
22:42:59.861 [reactor-http-nio-14] ERROR i.n.u.ResourceLeakDetector - LEAK: ByteBuf.release() was not called before it's garbage-collected. See http://netty.io/wiki/reference-counted-objects.html for more information.
Recent access records: 
#1:
	io.netty.buffer.AdvancedLeakAwareByteBuf.order(AdvancedLeakAwareByteBuf.java:70)
	io.netty.buffer.CompositeByteBuf.newComponent(CompositeByteBuf.java:318)
	io.netty.buffer.CompositeByteBuf.addComponent0(CompositeByteBuf.java:280)
	io.netty.buffer.CompositeByteBuf.addComponent(CompositeByteBuf.java:265)
	io.netty.buffer.CompositeByteBuf.addComponent(CompositeByteBuf.java:222)
	io.netty.buffer.WrappedCompositeByteBuf.addComponent(WrappedCompositeByteBuf.java:529)
	io.netty.buffer.AdvancedLeakAwareCompositeByteBuf.addComponent(AdvancedLeakAwareCompositeByteBuf.java:921)
	org.springframework.core.io.buffer.NettyDataBufferFactory.join(NettyDataBufferFactory.java:111)
	org.springframework.core.io.buffer.DataBufferUtils.joinAndStrip(DataBufferUtils.java:686)
	org.springframework.core.io.buffer.DataBufferUtils.lambda$split$20(DataBufferUtils.java:605)
	reactor.core.publisher.FluxMap$MapConditionalSubscriber.onNext(FluxMap.java:199)
	reactor.core.publisher.FluxBufferPredicate$BufferPredicateSubscriber.emit(FluxBufferPredicate.java:290)
	reactor.core.publisher.FluxBufferPredicate$BufferPredicateSubscriber.onNextNewBuffer(FluxBufferPredicate.java:257)
	reactor.core.publisher.FluxBufferPredicate$BufferPredicateSubscriber.tryOnNext(FluxBufferPredicate.java:211)
	reactor.core.publisher.FluxBufferPredicate$BufferPredicateSubscriber.onNext(FluxBufferPredicate.java:184)
	reactor.core.publisher.FluxFlatMap$FlatMapMain.drainLoop(FluxFlatMap.java:664)
	reactor.core.publisher.FluxFlatMap$FlatMapMain.drain(FluxFlatMap.java:540)
	reactor.core.publisher.FluxFlatMap$FlatMapInner.onSubscribe(FluxFlatMap.java:924)
	reactor.core.publisher.FluxIterable.subscribe(FluxIterable.java:139)
	reactor.core.publisher.FluxIterable.subscribe(FluxIterable.java:63)
	reactor.core.publisher.Flux.subscribe(Flux.java:7922)
	reactor.core.publisher.FluxFlatMap$FlatMapMain.onNext(FluxFlatMap.java:389)
	reactor.core.publisher.FluxConcatMap$ConcatMapImmediate.innerNext(FluxConcatMap.java:275)
	reactor.core.publisher.FluxConcatMap$ConcatMapInner.onNext(FluxConcatMap.java:849)
	reactor.core.publisher.FluxConcatMap$WeakScalarSubscription.request(FluxConcatMap.java:470)
	reactor.core.publisher.Operators$MultiSubscriptionSubscriber.set(Operators.java:1939)
	reactor.core.publisher.FluxConcatMap$ConcatMapImmediate.drain(FluxConcatMap.java:436)
	reactor.core.publisher.FluxConcatMap$ConcatMapImmediate.onNext(FluxConcatMap.java:244)
	reactor.core.publisher.FluxMap$MapSubscriber.onNext(FluxMap.java:114)
	reactor.core.publisher.FluxPeek$PeekSubscriber.onNext(FluxPeek.java:192)
	reactor.core.publisher.FluxMap$MapSubscriber.onNext(FluxMap.java:114)
	reactor.netty.channel.FluxReceive.drainReceiver(FluxReceive.java:206)
	reactor.netty.channel.FluxReceive.onInboundNext(FluxReceive.java:322)
	reactor.netty.channel.ChannelOperations.onInboundNext(ChannelOperations.java:335)
	reactor.netty.http.server.HttpServerOperations.onInboundNext(HttpServerOperations.java:456)
	reactor.netty.channel.ChannelOperationsHandler.channelRead(ChannelOperationsHandler.java:91)
	io.netty.channel.AbstractChannelHandlerContext.invokeChannelRead(AbstractChannelHandlerContext.java:374)
	io.netty.channel.AbstractChannelHandlerContext.invokeChannelRead(AbstractChannelHandlerContext.java:360)
	io.netty.channel.AbstractChannelHandlerContext.fireChannelRead(AbstractChannelHandlerContext.java:352)
	reactor.netty.http.server.HttpTrafficHandler.channelRead(HttpTrafficHandler.java:190)
	io.netty.channel.AbstractChannelHandlerContext.invokeChannelRead(AbstractChannelHandlerContext.java:374)
	io.netty.channel.AbstractChannelHandlerContext.invokeChannelRead(AbstractChannelHandlerContext.java:360)
	io.netty.channel.AbstractChannelHandlerContext.fireChannelRead(AbstractChannelHandlerContext.java:352)
	io.netty.channel.CombinedChannelDuplexHandler$DelegatingChannelHandlerContext.fireChannelRead(CombinedChannelDuplexHandler.java:438)
	io.netty.handler.codec.ByteToMessageDecoder.fireChannelRead(ByteToMessageDecoder.java:323)
	io.netty.handler.codec.ByteToMessageDecoder.fireChannelRead(ByteToMessageDecoder.java:310)
	io.netty.handler.codec.ByteToMessageDecoder.callDecode(ByteToMessageDecoder.java:426)
	io.netty.handler.codec.ByteToMessageDecoder.channelRead(ByteToMessageDecoder.java:278)
	io.netty.channel.CombinedChannelDuplexHandler.channelRead(CombinedChannelDuplexHandler.java:253)
	io.netty.channel.AbstractChannelHandlerContext.invokeChannelRead(AbstractChannelHandlerContext.java:374)
	io.netty.channel.AbstractChannelHandlerContext.invokeChannelRead(AbstractChannelHandlerContext.java:360)
	io.netty.channel.AbstractChannelHandlerContext.fireChannelRead(AbstractChannelHandlerContext.java:352)
	io.netty.channel.DefaultChannelPipeline$HeadContext.channelRead(DefaultChannelPipeline.java:1408)
	io.netty.channel.AbstractChannelHandlerContext.invokeChannelRead(AbstractChannelHandlerContext.java:374)
	io.netty.channel.AbstractChannelHandlerContext.invokeChannelRead(AbstractChannelHandlerContext.java:360)
	io.netty.channel.DefaultChannelPipeline.fireChannelRead(DefaultChannelPipeline.java:930)
	io.netty.channel.nio.AbstractNioByteChannel$NioByteUnsafe.read(AbstractNioByteChannel.java:163)
	io.netty.channel.nio.NioEventLoop.processSelectedKey(NioEventLoop.java:682)
	io.netty.channel.nio.NioEventLoop.processSelectedKeysOptimized(NioEventLoop.java:617)
	io.netty.channel.nio.NioEventLoop.processSelectedKeys(NioEventLoop.java:534)
	io.netty.channel.nio.NioEventLoop.run(NioEventLoop.java:496)
	io.netty.util.concurrent.SingleThreadEventExecutor$5.run(SingleThreadEventExecutor.java:906)
	io.netty.util.internal.ThreadExecutorMap$2.run(ThreadExecutorMap.java:74)
	io.netty.util.concurrent.FastThreadLocalRunnable.run(FastThreadLocalRunnable.java:30)
	java.lang.Thread.run(Thread.java:748)
#2:
	io.netty.buffer.AdvancedLeakAwareByteBuf.getByte(AdvancedLeakAwareByteBuf.java:154)
	org.springframework.core.io.buffer.NettyDataBuffer.getByte(NettyDataBuffer.java:132)
	org.springframework.core.io.buffer.DataBufferUtils$KnuthMorrisPrattMatcher.match(DataBufferUtils.java:1005)
	org.springframework.core.io.buffer.DataBufferUtils.endFrameAfterDelimiter(DataBufferUtils.java:634)
	org.springframework.core.io.buffer.DataBufferUtils.lambda$split$18(DataBufferUtils.java:603)
	reactor.core.publisher.FluxFlatMap$FlatMapMain.onNext(FluxFlatMap.java:350)
	reactor.core.publisher.FluxConcatMap$ConcatMapImmediate.innerNext(FluxConcatMap.java:275)
	reactor.core.publisher.FluxConcatMap$ConcatMapInner.onNext(FluxConcatMap.java:849)
	reactor.core.publisher.FluxConcatMap$WeakScalarSubscription.request(FluxConcatMap.java:470)
	reactor.core.publisher.Operators$MultiSubscriptionSubscriber.set(Operators.java:1939)
	reactor.core.publisher.FluxConcatMap$ConcatMapImmediate.drain(FluxConcatMap.java:436)
	reactor.core.publisher.FluxConcatMap$ConcatMapImmediate.onNext(FluxConcatMap.java:244)
	reactor.core.publisher.FluxMap$MapSubscriber.onNext(FluxMap.java:114)
	reactor.core.publisher.FluxPeek$PeekSubscriber.onNext(FluxPeek.java:192)
	reactor.core.publisher.FluxMap$MapSubscriber.onNext(FluxMap.java:114)
	reactor.netty.channel.FluxReceive.drainReceiver(FluxReceive.java:206)
	reactor.netty.channel.FluxReceive.onInboundNext(FluxReceive.java:322)
	reactor.netty.channel.ChannelOperations.onInboundNext(ChannelOperations.java:335)
	reactor.netty.http.server.HttpServerOperations.onInboundNext(HttpServerOperations.java:456)
	reactor.netty.channel.ChannelOperationsHandler.channelRead(ChannelOperationsHandler.java:91)
	io.netty.channel.AbstractChannelHandlerContext.invokeChannelRead(AbstractChannelHandlerContext.java:374)
	io.netty.channel.AbstractChannelHandlerContext.invokeChannelRead(AbstractChannelHandlerContext.java:360)
	io.netty.channel.AbstractChannelHandlerContext.fireChannelRead(AbstractChannelHandlerContext.java:352)
	reactor.netty.http.server.HttpTrafficHandler.channelRead(HttpTrafficHandler.java:190)
	io.netty.channel.AbstractChannelHandlerContext.invokeChannelRead(AbstractChannelHandlerContext.java:374)
	io.netty.channel.AbstractChannelHandlerContext.invokeChannelRead(AbstractChannelHandlerContext.java:360)
	io.netty.channel.AbstractChannelHandlerContext.fireChannelRead(AbstractChannelHandlerContext.java:352)
	io.netty.channel.CombinedChannelDuplexHandler$DelegatingChannelHandlerContext.fireChannelRead(CombinedChannelDuplexHandler.java:438)
	io.netty.handler.codec.ByteToMessageDecoder.fireChannelRead(ByteToMessageDecoder.java:323)
	io.netty.handler.codec.ByteToMessageDecoder.fireChannelRead(ByteToMessageDecoder.java:310)
	io.netty.handler.codec.ByteToMessageDecoder.callDecode(ByteToMessageDecoder.java:426)
	io.netty.handler.codec.ByteToMessageDecoder.channelRead(ByteToMessageDecoder.java:278)
	io.netty.channel.CombinedChannelDuplexHandler.channelRead(CombinedChannelDuplexHandler.java:253)
	io.netty.channel.AbstractChannelHandlerContext.invokeChannelRead(AbstractChannelHandlerContext.java:374)
	io.netty.channel.AbstractChannelHandlerContext.invokeChannelRead(AbstractChannelHandlerContext.java:360)
	io.netty.channel.AbstractChannelHandlerContext.fireChannelRead(AbstractChannelHandlerContext.java:352)
	io.netty.channel.DefaultChannelPipeline$HeadContext.channelRead(DefaultChannelPipeline.java:1408)
	io.netty.channel.AbstractChannelHandlerContext.invokeChannelRead(AbstractChannelHandlerContext.java:374)
	io.netty.channel.AbstractChannelHandlerContext.invokeChannelRead(AbstractChannelHandlerContext.java:360)
	io.netty.channel.DefaultChannelPipeline.fireChannelRead(DefaultChannelPipeline.java:930)
	io.netty.channel.nio.AbstractNioByteChannel$NioByteUnsafe.read(AbstractNioByteChannel.java:163)
	io.netty.channel.nio.NioEventLoop.processSelectedKey(NioEventLoop.java:682)
	io.netty.channel.nio.NioEventLoop.processSelectedKeysOptimized(NioEventLoop.java:617)
	io.netty.channel.nio.NioEventLoop.processSelectedKeys(NioEventLoop.java:534)
	io.netty.channel.nio.NioEventLoop.run(NioEventLoop.java:496)
	io.netty.util.concurrent.SingleThreadEventExecutor$5.run(SingleThreadEventExecutor.java:906)
	io.netty.util.internal.ThreadExecutorMap$2.run(ThreadExecutorMap.java:74)
	io.netty.util.concurrent.FastThreadLocalRunnable.run(FastThreadLocalRunnable.java:30)
	java.lang.Thread.run(Thread.java:748)
#3:
	reactor.core.publisher.FluxPeek$PeekSubscriber.onNext(FluxPeek.java:177)
	reactor.core.publisher.FluxMap$MapSubscriber.onNext(FluxMap.java:114)
	reactor.netty.channel.FluxReceive.drainReceiver(FluxReceive.java:206)
	reactor.netty.channel.FluxReceive.onInboundNext(FluxReceive.java:322)
	reactor.netty.channel.ChannelOperations.onInboundNext(ChannelOperations.java:335)
	reactor.netty.http.server.HttpServerOperations.onInboundNext(HttpServerOperations.java:456)
	reactor.netty.channel.ChannelOperationsHandler.channelRead(ChannelOperationsHandler.java:91)
	io.netty.channel.AbstractChannelHandlerContext.invokeChannelRead(AbstractChannelHandlerContext.java:374)
	io.netty.channel.AbstractChannelHandlerContext.invokeChannelRead(AbstractChannelHandlerContext.java:360)
	io.netty.channel.AbstractChannelHandlerContext.fireChannelRead(AbstractChannelHandlerContext.java:352)
	reactor.netty.http.server.HttpTrafficHandler.channelRead(HttpTrafficHandler.java:190)
	io.netty.channel.AbstractChannelHandlerContext.invokeChannelRead(AbstractChannelHandlerContext.java:374)
	io.netty.channel.AbstractChannelHandlerContext.invokeChannelRead(AbstractChannelHandlerContext.java:360)
	io.netty.channel.AbstractChannelHandlerContext.fireChannelRead(AbstractChannelHandlerContext.java:352)
	io.netty.channel.CombinedChannelDuplexHandler$DelegatingChannelHandlerContext.fireChannelRead(CombinedChannelDuplexHandler.java:438)
	io.netty.handler.codec.ByteToMessageDecoder.fireChannelRead(ByteToMessageDecoder.java:323)
	io.netty.handler.codec.ByteToMessageDecoder.fireChannelRead(ByteToMessageDecoder.java:310)
	io.netty.handler.codec.ByteToMessageDecoder.callDecode(ByteToMessageDecoder.java:426)
	io.netty.handler.codec.ByteToMessageDecoder.channelRead(ByteToMessageDecoder.java:278)
	io.netty.channel.CombinedChannelDuplexHandler.channelRead(CombinedChannelDuplexHandler.java:253)
	io.netty.channel.AbstractChannelHandlerContext.invokeChannelRead(AbstractChannelHandlerContext.java:374)
	io.netty.channel.AbstractChannelHandlerContext.invokeChannelRead(AbstractChannelHandlerContext.java:360)
	io.netty.channel.AbstractChannelHandlerContext.fireChannelRead(AbstractChannelHandlerContext.java:352)
	io.netty.channel.DefaultChannelPipeline$HeadContext.channelRead(DefaultChannelPipeline.java:1408)
	io.netty.channel.AbstractChannelHandlerContext.invokeChannelRead(AbstractChannelHandlerContext.java:374)
	io.netty.channel.AbstractChannelHandlerContext.invokeChannelRead(AbstractChannelHandlerContext.java:360)
	io.netty.channel.DefaultChannelPipeline.fireChannelRead(DefaultChannelPipeline.java:930)
	io.netty.channel.nio.AbstractNioByteChannel$NioByteUnsafe.read(AbstractNioByteChannel.java:163)
	io.netty.channel.nio.NioEventLoop.processSelectedKey(NioEventLoop.java:682)
	io.netty.channel.nio.NioEventLoop.processSelectedKeysOptimized(NioEventLoop.java:617)
	io.netty.channel.nio.NioEventLoop.processSelectedKeys(NioEventLoop.java:534)
	io.netty.channel.nio.NioEventLoop.run(NioEventLoop.java:496)
	io.netty.util.concurrent.SingleThreadEventExecutor$5.run(SingleThreadEventExecutor.java:906)
	io.netty.util.internal.ThreadExecutorMap$2.run(ThreadExecutorMap.java:74)
	io.netty.util.concurrent.FastThreadLocalRunnable.run(FastThreadLocalRunnable.java:30)
	java.lang.Thread.run(Thread.java:748)
#4:
	Hint: 'reactor.right.reactiveBridge' will handle the message from this point.
	io.netty.handler.codec.http.DefaultHttpContent.touch(DefaultHttpContent.java:88)
	io.netty.handler.codec.http.DefaultHttpContent.touch(DefaultHttpContent.java:24)
	io.netty.channel.DefaultChannelPipeline.touch(DefaultChannelPipeline.java:116)
	io.netty.channel.AbstractChannelHandlerContext.invokeChannelRead(AbstractChannelHandlerContext.java:357)
	io.netty.channel.AbstractChannelHandlerContext.fireChannelRead(AbstractChannelHandlerContext.java:352)
	reactor.netty.http.server.HttpTrafficHandler.channelRead(HttpTrafficHandler.java:190)
	io.netty.channel.AbstractChannelHandlerContext.invokeChannelRead(AbstractChannelHandlerContext.java:374)
	io.netty.channel.AbstractChannelHandlerContext.invokeChannelRead(AbstractChannelHandlerContext.java:360)
	io.netty.channel.AbstractChannelHandlerContext.fireChannelRead(AbstractChannelHandlerContext.java:352)
	io.netty.channel.CombinedChannelDuplexHandler$DelegatingChannelHandlerContext.fireChannelRead(CombinedChannelDuplexHandler.java:438)
	io.netty.handler.codec.ByteToMessageDecoder.fireChannelRead(ByteToMessageDecoder.java:323)
	io.netty.handler.codec.ByteToMessageDecoder.fireChannelRead(ByteToMessageDecoder.java:310)
	io.netty.handler.codec.ByteToMessageDecoder.callDecode(ByteToMessageDecoder.java:426)
	io.netty.handler.codec.ByteToMessageDecoder.channelRead(ByteToMessageDecoder.java:278)
	io.netty.channel.CombinedChannelDuplexHandler.channelRead(CombinedChannelDuplexHandler.java:253)
	io.netty.channel.AbstractChannelHandlerContext.invokeChannelRead(AbstractChannelHandlerContext.java:374)
	io.netty.channel.AbstractChannelHandlerContext.invokeChannelRead(AbstractChannelHandlerContext.java:360)
	io.netty.channel.AbstractChannelHandlerContext.fireChannelRead(AbstractChannelHandlerContext.java:352)
	io.netty.channel.DefaultChannelPipeline$HeadContext.channelRead(DefaultChannelPipeline.java:1408)
	io.netty.channel.AbstractChannelHandlerContext.invokeChannelRead(AbstractChannelHandlerContext.java:374)
	io.netty.channel.AbstractChannelHandlerContext.invokeChannelRead(AbstractChannelHandlerContext.java:360)
	io.netty.channel.DefaultChannelPipeline.fireChannelRead(DefaultChannelPipeline.java:930)
	io.netty.channel.nio.AbstractNioByteChannel$NioByteUnsafe.read(AbstractNioByteChannel.java:163)
	io.netty.channel.nio.NioEventLoop.processSelectedKey(NioEventLoop.java:682)
	io.netty.channel.nio.NioEventLoop.processSelectedKeysOptimized(NioEventLoop.java:617)
	io.netty.channel.nio.NioEventLoop.processSelectedKeys(NioEventLoop.java:534)
	io.netty.channel.nio.NioEventLoop.run(NioEventLoop.java:496)
	io.netty.util.concurrent.SingleThreadEventExecutor$5.run(SingleThreadEventExecutor.java:906)
	io.netty.util.internal.ThreadExecutorMap$2.run(ThreadExecutorMap.java:74)
	io.netty.util.concurrent.FastThreadLocalRunnable.run(FastThreadLocalRunnable.java:30)
	java.lang.Thread.run(Thread.java:748)
#5:
	Hint: 'reactor.left.httpTrafficHandler' will handle the message from this point.
	io.netty.handler.codec.http.DefaultHttpContent.touch(DefaultHttpContent.java:88)
	io.netty.handler.codec.http.DefaultHttpContent.touch(DefaultHttpContent.java:24)
	io.netty.channel.DefaultChannelPipeline.touch(DefaultChannelPipeline.java:116)
	io.netty.channel.AbstractChannelHandlerContext.invokeChannelRead(AbstractChannelHandlerContext.java:357)
	io.netty.channel.AbstractChannelHandlerContext.fireChannelRead(AbstractChannelHandlerContext.java:352)
	io.netty.channel.CombinedChannelDuplexHandler$DelegatingChannelHandlerContext.fireChannelRead(CombinedChannelDuplexHandler.java:438)
	io.netty.handler.codec.ByteToMessageDecoder.fireChannelRead(ByteToMessageDecoder.java:323)
	io.netty.handler.codec.ByteToMessageDecoder.fireChannelRead(ByteToMessageDecoder.java:310)
	io.netty.handler.codec.ByteToMessageDecoder.callDecode(ByteToMessageDecoder.java:426)
	io.netty.handler.codec.ByteToMessageDecoder.channelRead(ByteToMessageDecoder.java:278)
	io.netty.channel.CombinedChannelDuplexHandler.channelRead(CombinedChannelDuplexHandler.java:253)
	io.netty.channel.AbstractChannelHandlerContext.invokeChannelRead(AbstractChannelHandlerContext.java:374)
	io.netty.channel.AbstractChannelHandlerContext.invokeChannelRead(AbstractChannelHandlerContext.java:360)
	io.netty.channel.AbstractChannelHandlerContext.fireChannelRead(AbstractChannelHandlerContext.java:352)
	io.netty.channel.DefaultChannelPipeline$HeadContext.channelRead(DefaultChannelPipeline.java:1408)
	io.netty.channel.AbstractChannelHandlerContext.invokeChannelRead(AbstractChannelHandlerContext.java:374)
	io.netty.channel.AbstractChannelHandlerContext.invokeChannelRead(AbstractChannelHandlerContext.java:360)
	io.netty.channel.DefaultChannelPipeline.fireChannelRead(DefaultChannelPipeline.java:930)
	io.netty.channel.nio.AbstractNioByteChannel$NioByteUnsafe.read(AbstractNioByteChannel.java:163)
	io.netty.channel.nio.NioEventLoop.processSelectedKey(NioEventLoop.java:682)
	io.netty.channel.nio.NioEventLoop.processSelectedKeysOptimized(NioEventLoop.java:617)
	io.netty.channel.nio.NioEventLoop.processSelectedKeys(NioEventLoop.java:534)
	io.netty.channel.nio.NioEventLoop.run(NioEventLoop.java:496)
	io.netty.util.concurrent.SingleThreadEventExecutor$5.run(SingleThreadEventExecutor.java:906)
	io.netty.util.internal.ThreadExecutorMap$2.run(ThreadExecutorMap.java:74)
	io.netty.util.concurrent.FastThreadLocalRunnable.run(FastThreadLocalRunnable.java:30)
	java.lang.Thread.run(Thread.java:748)
Created at:
	io.netty.buffer.SimpleLeakAwareByteBuf.unwrappedDerived(SimpleLeakAwareByteBuf.java:143)
	io.netty.buffer.SimpleLeakAwareByteBuf.readRetainedSlice(SimpleLeakAwareByteBuf.java:67)
	io.netty.buffer.AdvancedLeakAwareByteBuf.readRetainedSlice(AdvancedLeakAwareByteBuf.java:107)
	io.netty.handler.codec.http.HttpObjectDecoder.decode(HttpObjectDecoder.java:336)
	io.netty.handler.codec.http.HttpServerCodec$HttpServerRequestDecoder.decode(HttpServerCodec.java:103)
	io.netty.handler.codec.ByteToMessageDecoder.decodeRemovalReentryProtection(ByteToMessageDecoder.java:502)
	io.netty.handler.codec.ByteToMessageDecoder.callDecode(ByteToMessageDecoder.java:441)
	io.netty.handler.codec.ByteToMessageDecoder.channelRead(ByteToMessageDecoder.java:278)
	io.netty.channel.CombinedChannelDuplexHandler.channelRead(CombinedChannelDuplexHandler.java:253)
	io.netty.channel.AbstractChannelHandlerContext.invokeChannelRead(AbstractChannelHandlerContext.java:374)
	io.netty.channel.AbstractChannelHandlerContext.invokeChannelRead(AbstractChannelHandlerContext.java:360)
	io.netty.channel.AbstractChannelHandlerContext.fireChannelRead(AbstractChannelHandlerContext.java:352)
	io.netty.channel.DefaultChannelPipeline$HeadContext.channelRead(DefaultChannelPipeline.java:1408)
	io.netty.channel.AbstractChannelHandlerContext.invokeChannelRead(AbstractChannelHandlerContext.java:374)
	io.netty.channel.AbstractChannelHandlerContext.invokeChannelRead(AbstractChannelHandlerContext.java:360)
	io.netty.channel.DefaultChannelPipeline.fireChannelRead(DefaultChannelPipeline.java:930)
	io.netty.channel.nio.AbstractNioByteChannel$NioByteUnsafe.read(AbstractNioByteChannel.java:163)
	io.netty.channel.nio.NioEventLoop.processSelectedKey(NioEventLoop.java:682)
	io.netty.channel.nio.NioEventLoop.processSelectedKeysOptimized(NioEventLoop.java:617)
	io.netty.channel.nio.NioEventLoop.processSelectedKeys(NioEventLoop.java:534)
	io.netty.channel.nio.NioEventLoop.run(NioEventLoop.java:496)
	io.netty.util.concurrent.SingleThreadEventExecutor$5.run(SingleThreadEventExecutor.java:906)
	io.netty.util.internal.ThreadExecutorMap$2.run(ThreadExecutorMap.java:74)
	io.netty.util.concurrent.FastThreadLocalRunnable.run(FastThreadLocalRunnable.java:30)
	java.lang.Thread.run(Thread.java:748)
: 8 leak records were discarded because they were duplicates
: 3769 leak records were discarded because the leak record count is targeted to 4. Use system property io.netty.leakDetection.targetRecords to increase the limit.
22:42:59.862 [reactor-http-nio-14] ERROR i.n.u.ResourceLeakDetector - LEAK: ByteBuf.release() was not called before it's garbage-collected. See http://netty.io/wiki/reference-counted-objects.html for more information.
Recent access records: 
#1:
	io.netty.buffer.AdvancedLeakAwareByteBuf.order(AdvancedLeakAwareByteBuf.java:70)
	io.netty.buffer.CompositeByteBuf.newComponent(CompositeByteBuf.java:318)
	io.netty.buffer.CompositeByteBuf.addComponent0(CompositeByteBuf.java:280)
	io.netty.buffer.CompositeByteBuf.addComponent(CompositeByteBuf.java:265)
	io.netty.buffer.CompositeByteBuf.addComponent(CompositeByteBuf.java:222)
	io.netty.buffer.WrappedCompositeByteBuf.addComponent(WrappedCompositeByteBuf.java:529)
	io.netty.buffer.AdvancedLeakAwareCompositeByteBuf.addComponent(AdvancedLeakAwareCompositeByteBuf.java:921)
	org.springframework.core.io.buffer.NettyDataBufferFactory.join(NettyDataBufferFactory.java:111)
	org.springframework.core.io.buffer.DataBufferUtils.joinAndStrip(DataBufferUtils.java:686)
	org.springframework.core.io.buffer.DataBufferUtils.lambda$split$20(DataBufferUtils.java:605)
	reactor.core.publisher.FluxMap$MapConditionalSubscriber.onNext(FluxMap.java:199)
	reactor.core.publisher.FluxBufferPredicate$BufferPredicateSubscriber.emit(FluxBufferPredicate.java:290)
	reactor.core.publisher.FluxBufferPredicate$BufferPredicateSubscriber.onNextNewBuffer(FluxBufferPredicate.java:257)
	reactor.core.publisher.FluxBufferPredicate$BufferPredicateSubscriber.tryOnNext(FluxBufferPredicate.java:211)
	reactor.core.publisher.FluxBufferPredicate$BufferPredicateSubscriber.onNext(FluxBufferPredicate.java:184)
	reactor.core.publisher.FluxFlatMap$FlatMapMain.drainLoop(FluxFlatMap.java:664)
	reactor.core.publisher.FluxFlatMap$FlatMapMain.drain(FluxFlatMap.java:540)
	reactor.core.publisher.FluxFlatMap$FlatMapInner.onSubscribe(FluxFlatMap.java:924)
	reactor.core.publisher.FluxIterable.subscribe(FluxIterable.java:139)
	reactor.core.publisher.FluxIterable.subscribe(FluxIterable.java:63)
	reactor.core.publisher.Flux.subscribe(Flux.java:7922)
	reactor.core.publisher.FluxFlatMap$FlatMapMain.onNext(FluxFlatMap.java:389)
	reactor.core.publisher.FluxConcatMap$ConcatMapImmediate.innerNext(FluxConcatMap.java:275)
	reactor.core.publisher.FluxConcatMap$ConcatMapInner.onNext(FluxConcatMap.java:849)
	reactor.core.publisher.FluxConcatMap$WeakScalarSubscription.request(FluxConcatMap.java:470)
	reactor.core.publisher.Operators$MultiSubscriptionSubscriber.set(Operators.java:1939)
	reactor.core.publisher.FluxConcatMap$ConcatMapImmediate.drain(FluxConcatMap.java:436)
	reactor.core.publisher.FluxConcatMap$ConcatMapImmediate.onNext(FluxConcatMap.java:244)
	reactor.core.publisher.FluxMap$MapSubscriber.onNext(FluxMap.java:114)
	reactor.core.publisher.FluxPeek$PeekSubscriber.onNext(FluxPeek.java:192)
	reactor.core.publisher.FluxMap$MapSubscriber.onNext(FluxMap.java:114)
	reactor.netty.channel.FluxReceive.drainReceiver(FluxReceive.java:206)
	reactor.netty.channel.FluxReceive.onInboundNext(FluxReceive.java:322)
	reactor.netty.channel.ChannelOperations.onInboundNext(ChannelOperations.java:335)
	reactor.netty.http.server.HttpServerOperations.onInboundNext(HttpServerOperations.java:456)
	reactor.netty.channel.ChannelOperationsHandler.channelRead(ChannelOperationsHandler.java:91)
	io.netty.channel.AbstractChannelHandlerContext.invokeChannelRead(AbstractChannelHandlerContext.java:374)
	io.netty.channel.AbstractChannelHandlerContext.invokeChannelRead(AbstractChannelHandlerContext.java:360)
	io.netty.channel.AbstractChannelHandlerContext.fireChannelRead(AbstractChannelHandlerContext.java:352)
	reactor.netty.http.server.HttpTrafficHandler.channelRead(HttpTrafficHandler.java:190)
	io.netty.channel.AbstractChannelHandlerContext.invokeChannelRead(AbstractChannelHandlerContext.java:374)
	io.netty.channel.AbstractChannelHandlerContext.invokeChannelRead(AbstractChannelHandlerContext.java:360)
	io.netty.channel.AbstractChannelHandlerContext.fireChannelRead(AbstractChannelHandlerContext.java:352)
	io.netty.channel.CombinedChannelDuplexHandler$DelegatingChannelHandlerContext.fireChannelRead(CombinedChannelDuplexHandler.java:438)
	io.netty.handler.codec.ByteToMessageDecoder.fireChannelRead(ByteToMessageDecoder.java:323)
	io.netty.handler.codec.ByteToMessageDecoder.fireChannelRead(ByteToMessageDecoder.java:310)
	io.netty.handler.codec.ByteToMessageDecoder.callDecode(ByteToMessageDecoder.java:426)
	io.netty.handler.codec.ByteToMessageDecoder.channelRead(ByteToMessageDecoder.java:278)
	io.netty.channel.CombinedChannelDuplexHandler.channelRead(CombinedChannelDuplexHandler.java:253)
	io.netty.channel.AbstractChannelHandlerContext.invokeChannelRead(AbstractChannelHandlerContext.java:374)
	io.netty.channel.AbstractChannelHandlerContext.invokeChannelRead(AbstractChannelHandlerContext.java:360)
	io.netty.channel.AbstractChannelHandlerContext.fireChannelRead(AbstractChannelHandlerContext.java:352)
	io.netty.channel.DefaultChannelPipeline$HeadContext.channelRead(DefaultChannelPipeline.java:1408)
	io.netty.channel.AbstractChannelHandlerContext.invokeChannelRead(AbstractChannelHandlerContext.java:374)
	io.netty.channel.AbstractChannelHandlerContext.invokeChannelRead(AbstractChannelHandlerContext.java:360)
	io.netty.channel.DefaultChannelPipeline.fireChannelRead(DefaultChannelPipeline.java:930)
	io.netty.channel.nio.AbstractNioByteChannel$NioByteUnsafe.read(AbstractNioByteChannel.java:163)
	io.netty.channel.nio.NioEventLoop.processSelectedKey(NioEventLoop.java:682)
	io.netty.channel.nio.NioEventLoop.processSelectedKeysOptimized(NioEventLoop.java:617)
	io.netty.channel.nio.NioEventLoop.processSelectedKeys(NioEventLoop.java:534)
	io.netty.channel.nio.NioEventLoop.run(NioEventLoop.java:496)
	io.netty.util.concurrent.SingleThreadEventExecutor$5.run(SingleThreadEventExecutor.java:906)
	io.netty.util.internal.ThreadExecutorMap$2.run(ThreadExecutorMap.java:74)
	io.netty.util.concurrent.FastThreadLocalRunnable.run(FastThreadLocalRunnable.java:30)
	java.lang.Thread.run(Thread.java:748)
#2:
	io.netty.buffer.AdvancedLeakAwareByteBuf.getByte(AdvancedLeakAwareByteBuf.java:154)
	org.springframework.core.io.buffer.NettyDataBuffer.getByte(NettyDataBuffer.java:132)
	org.springframework.core.io.buffer.DataBufferUtils$KnuthMorrisPrattMatcher.match(DataBufferUtils.java:1005)
	org.springframework.core.io.buffer.DataBufferUtils.endFrameAfterDelimiter(DataBufferUtils.java:634)
	org.springframework.core.io.buffer.DataBufferUtils.lambda$split$18(DataBufferUtils.java:603)
	reactor.core.publisher.FluxFlatMap$FlatMapMain.onNext(FluxFlatMap.java:350)
	reactor.core.publisher.FluxConcatMap$ConcatMapImmediate.innerNext(FluxConcatMap.java:275)
	reactor.core.publisher.FluxConcatMap$ConcatMapInner.onNext(FluxConcatMap.java:849)
	reactor.core.publisher.FluxConcatMap$WeakScalarSubscription.request(FluxConcatMap.java:470)
	reactor.core.publisher.Operators$MultiSubscriptionSubscriber.set(Operators.java:1939)
	reactor.core.publisher.FluxConcatMap$ConcatMapImmediate.drain(FluxConcatMap.java:436)
	reactor.core.publisher.FluxConcatMap$ConcatMapImmediate.onNext(FluxConcatMap.java:244)
	reactor.core.publisher.FluxMap$MapSubscriber.onNext(FluxMap.java:114)
	reactor.core.publisher.FluxPeek$PeekSubscriber.onNext(FluxPeek.java:192)
	reactor.core.publisher.FluxMap$MapSubscriber.onNext(FluxMap.java:114)
	reactor.netty.channel.FluxReceive.drainReceiver(FluxReceive.java:206)
	reactor.netty.channel.FluxReceive.onInboundNext(FluxReceive.java:322)
	reactor.netty.channel.ChannelOperations.onInboundNext(ChannelOperations.java:335)
	reactor.netty.http.server.HttpServerOperations.onInboundNext(HttpServerOperations.java:456)
	reactor.netty.channel.ChannelOperationsHandler.channelRead(ChannelOperationsHandler.java:91)
	io.netty.channel.AbstractChannelHandlerContext.invokeChannelRead(AbstractChannelHandlerContext.java:374)
	io.netty.channel.AbstractChannelHandlerContext.invokeChannelRead(AbstractChannelHandlerContext.java:360)
	io.netty.channel.AbstractChannelHandlerContext.fireChannelRead(AbstractChannelHandlerContext.java:352)
	reactor.netty.http.server.HttpTrafficHandler.channelRead(HttpTrafficHandler.java:190)
	io.netty.channel.AbstractChannelHandlerContext.invokeChannelRead(AbstractChannelHandlerContext.java:374)
	io.netty.channel.AbstractChannelHandlerContext.invokeChannelRead(AbstractChannelHandlerContext.java:360)
	io.netty.channel.AbstractChannelHandlerContext.fireChannelRead(AbstractChannelHandlerContext.java:352)
	io.netty.channel.CombinedChannelDuplexHandler$DelegatingChannelHandlerContext.fireChannelRead(CombinedChannelDuplexHandler.java:438)
	io.netty.handler.codec.ByteToMessageDecoder.fireChannelRead(ByteToMessageDecoder.java:323)
	io.netty.handler.codec.ByteToMessageDecoder.channelRead(ByteToMessageDecoder.java:297)
	io.netty.channel.CombinedChannelDuplexHandler.channelRead(CombinedChannelDuplexHandler.java:253)
	io.netty.channel.AbstractChannelHandlerContext.invokeChannelRead(AbstractChannelHandlerContext.java:374)
	io.netty.channel.AbstractChannelHandlerContext.invokeChannelRead(AbstractChannelHandlerContext.java:360)
	io.netty.channel.AbstractChannelHandlerContext.fireChannelRead(AbstractChannelHandlerContext.java:352)
	io.netty.channel.DefaultChannelPipeline$HeadContext.channelRead(DefaultChannelPipeline.java:1408)
	io.netty.channel.AbstractChannelHandlerContext.invokeChannelRead(AbstractChannelHandlerContext.java:374)
	io.netty.channel.AbstractChannelHandlerContext.invokeChannelRead(AbstractChannelHandlerContext.java:360)
	io.netty.channel.DefaultChannelPipeline.fireChannelRead(DefaultChannelPipeline.java:930)
	io.netty.channel.nio.AbstractNioByteChannel$NioByteUnsafe.read(AbstractNioByteChannel.java:163)
	io.netty.channel.nio.NioEventLoop.processSelectedKey(NioEventLoop.java:682)
	io.netty.channel.nio.NioEventLoop.processSelectedKeysOptimized(NioEventLoop.java:617)
	io.netty.channel.nio.NioEventLoop.processSelectedKeys(NioEventLoop.java:534)
	io.netty.channel.nio.NioEventLoop.run(NioEventLoop.java:496)
	io.netty.util.concurrent.SingleThreadEventExecutor$5.run(SingleThreadEventExecutor.java:906)
	io.netty.util.internal.ThreadExecutorMap$2.run(ThreadExecutorMap.java:74)
	io.netty.util.concurrent.FastThreadLocalRunnable.run(FastThreadLocalRunnable.java:30)
	java.lang.Thread.run(Thread.java:748)
#3:
	reactor.core.publisher.FluxPeek$PeekSubscriber.onNext(FluxPeek.java:177)
	reactor.core.publisher.FluxMap$MapSubscriber.onNext(FluxMap.java:114)
	reactor.netty.channel.FluxReceive.drainReceiver(FluxReceive.java:206)
	reactor.netty.channel.FluxReceive.onInboundNext(FluxReceive.java:322)
	reactor.netty.channel.ChannelOperations.onInboundNext(ChannelOperations.java:335)
	reactor.netty.http.server.HttpServerOperations.onInboundNext(HttpServerOperations.java:456)
	reactor.netty.channel.ChannelOperationsHandler.channelRead(ChannelOperationsHandler.java:91)
	io.netty.channel.AbstractChannelHandlerContext.invokeChannelRead(AbstractChannelHandlerContext.java:374)
	io.netty.channel.AbstractChannelHandlerContext.invokeChannelRead(AbstractChannelHandlerContext.java:360)
	io.netty.channel.AbstractChannelHandlerContext.fireChannelRead(AbstractChannelHandlerContext.java:352)
	reactor.netty.http.server.HttpTrafficHandler.channelRead(HttpTrafficHandler.java:190)
	io.netty.channel.AbstractChannelHandlerContext.invokeChannelRead(AbstractChannelHandlerContext.java:374)
	io.netty.channel.AbstractChannelHandlerContext.invokeChannelRead(AbstractChannelHandlerContext.java:360)
	io.netty.channel.AbstractChannelHandlerContext.fireChannelRead(AbstractChannelHandlerContext.java:352)
	io.netty.channel.CombinedChannelDuplexHandler$DelegatingChannelHandlerContext.fireChannelRead(CombinedChannelDuplexHandler.java:438)
	io.netty.handler.codec.ByteToMessageDecoder.fireChannelRead(ByteToMessageDecoder.java:323)
	io.netty.handler.codec.ByteToMessageDecoder.channelRead(ByteToMessageDecoder.java:297)
	io.netty.channel.CombinedChannelDuplexHandler.channelRead(CombinedChannelDuplexHandler.java:253)
	io.netty.channel.AbstractChannelHandlerContext.invokeChannelRead(AbstractChannelHandlerContext.java:374)
	io.netty.channel.AbstractChannelHandlerContext.invokeChannelRead(AbstractChannelHandlerContext.java:360)
	io.netty.channel.AbstractChannelHandlerContext.fireChannelRead(AbstractChannelHandlerContext.java:352)
	io.netty.channel.DefaultChannelPipeline$HeadContext.channelRead(DefaultChannelPipeline.java:1408)
	io.netty.channel.AbstractChannelHandlerContext.invokeChannelRead(AbstractChannelHandlerContext.java:374)
	io.netty.channel.AbstractChannelHandlerContext.invokeChannelRead(AbstractChannelHandlerContext.java:360)
	io.netty.channel.DefaultChannelPipeline.fireChannelRead(DefaultChannelPipeline.java:930)
	io.netty.channel.nio.AbstractNioByteChannel$NioByteUnsafe.read(AbstractNioByteChannel.java:163)
	io.netty.channel.nio.NioEventLoop.processSelectedKey(NioEventLoop.java:682)
	io.netty.channel.nio.NioEventLoop.processSelectedKeysOptimized(NioEventLoop.java:617)
	io.netty.channel.nio.NioEventLoop.processSelectedKeys(NioEventLoop.java:534)
	io.netty.channel.nio.NioEventLoop.run(NioEventLoop.java:496)
	io.netty.util.concurrent.SingleThreadEventExecutor$5.run(SingleThreadEventExecutor.java:906)
	io.netty.util.internal.ThreadExecutorMap$2.run(ThreadExecutorMap.java:74)
	io.netty.util.concurrent.FastThreadLocalRunnable.run(FastThreadLocalRunnable.java:30)
	java.lang.Thread.run(Thread.java:748)
#4:
	Hint: 'reactor.right.reactiveBridge' will handle the message from this point.
	io.netty.handler.codec.http.DefaultHttpContent.touch(DefaultHttpContent.java:88)
	io.netty.handler.codec.http.DefaultHttpContent.touch(DefaultHttpContent.java:24)
	io.netty.channel.DefaultChannelPipeline.touch(DefaultChannelPipeline.java:116)
	io.netty.channel.AbstractChannelHandlerContext.invokeChannelRead(AbstractChannelHandlerContext.java:357)
	io.netty.channel.AbstractChannelHandlerContext.fireChannelRead(AbstractChannelHandlerContext.java:352)
	reactor.netty.http.server.HttpTrafficHandler.channelRead(HttpTrafficHandler.java:190)
	io.netty.channel.AbstractChannelHandlerContext.invokeChannelRead(AbstractChannelHandlerContext.java:374)
	io.netty.channel.AbstractChannelHandlerContext.invokeChannelRead(AbstractChannelHandlerContext.java:360)
	io.netty.channel.AbstractChannelHandlerContext.fireChannelRead(AbstractChannelHandlerContext.java:352)
	io.netty.channel.CombinedChannelDuplexHandler$DelegatingChannelHandlerContext.fireChannelRead(CombinedChannelDuplexHandler.java:438)
	io.netty.handler.codec.ByteToMessageDecoder.fireChannelRead(ByteToMessageDecoder.java:323)
	io.netty.handler.codec.ByteToMessageDecoder.channelRead(ByteToMessageDecoder.java:297)
	io.netty.channel.CombinedChannelDuplexHandler.channelRead(CombinedChannelDuplexHandler.java:253)
	io.netty.channel.AbstractChannelHandlerContext.invokeChannelRead(AbstractChannelHandlerContext.java:374)
	io.netty.channel.AbstractChannelHandlerContext.invokeChannelRead(AbstractChannelHandlerContext.java:360)
	io.netty.channel.AbstractChannelHandlerContext.fireChannelRead(AbstractChannelHandlerContext.java:352)
	io.netty.channel.DefaultChannelPipeline$HeadContext.channelRead(DefaultChannelPipeline.java:1408)
	io.netty.channel.AbstractChannelHandlerContext.invokeChannelRead(AbstractChannelHandlerContext.java:374)
	io.netty.channel.AbstractChannelHandlerContext.invokeChannelRead(AbstractChannelHandlerContext.java:360)
	io.netty.channel.DefaultChannelPipeline.fireChannelRead(DefaultChannelPipeline.java:930)
	io.netty.channel.nio.AbstractNioByteChannel$NioByteUnsafe.read(AbstractNioByteChannel.java:163)
	io.netty.channel.nio.NioEventLoop.processSelectedKey(NioEventLoop.java:682)
	io.netty.channel.nio.NioEventLoop.processSelectedKeysOptimized(NioEventLoop.java:617)
	io.netty.channel.nio.NioEventLoop.processSelectedKeys(NioEventLoop.java:534)
	io.netty.channel.nio.NioEventLoop.run(NioEventLoop.java:496)
	io.netty.util.concurrent.SingleThreadEventExecutor$5.run(SingleThreadEventExecutor.java:906)
	io.netty.util.internal.ThreadExecutorMap$2.run(ThreadExecutorMap.java:74)
	io.netty.util.concurrent.FastThreadLocalRunnable.run(FastThreadLocalRunnable.java:30)
	java.lang.Thread.run(Thread.java:748)
#5:
	Hint: 'reactor.left.httpTrafficHandler' will handle the message from this point.
	io.netty.handler.codec.http.DefaultHttpContent.touch(DefaultHttpContent.java:88)
	io.netty.handler.codec.http.DefaultHttpContent.touch(DefaultHttpContent.java:24)
	io.netty.channel.DefaultChannelPipeline.touch(DefaultChannelPipeline.java:116)
	io.netty.channel.AbstractChannelHandlerContext.invokeChannelRead(AbstractChannelHandlerContext.java:357)
	io.netty.channel.AbstractChannelHandlerContext.fireChannelRead(AbstractChannelHandlerContext.java:352)
	io.netty.channel.CombinedChannelDuplexHandler$DelegatingChannelHandlerContext.fireChannelRead(CombinedChannelDuplexHandler.java:438)
	io.netty.handler.codec.ByteToMessageDecoder.fireChannelRead(ByteToMessageDecoder.java:323)
	io.netty.handler.codec.ByteToMessageDecoder.channelRead(ByteToMessageDecoder.java:297)
	io.netty.channel.CombinedChannelDuplexHandler.channelRead(CombinedChannelDuplexHandler.java:253)
	io.netty.channel.AbstractChannelHandlerContext.invokeChannelRead(AbstractChannelHandlerContext.java:374)
	io.netty.channel.AbstractChannelHandlerContext.invokeChannelRead(AbstractChannelHandlerContext.java:360)
	io.netty.channel.AbstractChannelHandlerContext.fireChannelRead(AbstractChannelHandlerContext.java:352)
	io.netty.channel.DefaultChannelPipeline$HeadContext.channelRead(DefaultChannelPipeline.java:1408)
	io.netty.channel.AbstractChannelHandlerContext.invokeChannelRead(AbstractChannelHandlerContext.java:374)
	io.netty.channel.AbstractChannelHandlerContext.invokeChannelRead(AbstractChannelHandlerContext.java:360)
	io.netty.channel.DefaultChannelPipeline.fireChannelRead(DefaultChannelPipeline.java:930)
	io.netty.channel.nio.AbstractNioByteChannel$NioByteUnsafe.read(AbstractNioByteChannel.java:163)
	io.netty.channel.nio.NioEventLoop.processSelectedKey(NioEventLoop.java:682)
	io.netty.channel.nio.NioEventLoop.processSelectedKeysOptimized(NioEventLoop.java:617)
	io.netty.channel.nio.NioEventLoop.processSelectedKeys(NioEventLoop.java:534)
	io.netty.channel.nio.NioEventLoop.run(NioEventLoop.java:496)
	io.netty.util.concurrent.SingleThreadEventExecutor$5.run(SingleThreadEventExecutor.java:906)
	io.netty.util.internal.ThreadExecutorMap$2.run(ThreadExecutorMap.java:74)
	io.netty.util.concurrent.FastThreadLocalRunnable.run(FastThreadLocalRunnable.java:30)
	java.lang.Thread.run(Thread.java:748)
Created at:
	io.netty.buffer.SimpleLeakAwareByteBuf.unwrappedDerived(SimpleLeakAwareByteBuf.java:143)
	io.netty.buffer.SimpleLeakAwareByteBuf.readRetainedSlice(SimpleLeakAwareByteBuf.java:67)
	io.netty.buffer.AdvancedLeakAwareByteBuf.readRetainedSlice(AdvancedLeakAwareByteBuf.java:107)
	io.netty.handler.codec.http.HttpObjectDecoder.decode(HttpObjectDecoder.java:336)
	io.netty.handler.codec.http.HttpServerCodec$HttpServerRequestDecoder.decode(HttpServerCodec.java:103)
	io.netty.handler.codec.ByteToMessageDecoder.decodeRemovalReentryProtection(ByteToMessageDecoder.java:502)
	io.netty.handler.codec.ByteToMessageDecoder.callDecode(ByteToMessageDecoder.java:441)
	io.netty.handler.codec.ByteToMessageDecoder.channelRead(ByteToMessageDecoder.java:278)
	io.netty.channel.CombinedChannelDuplexHandler.channelRead(CombinedChannelDuplexHandler.java:253)
	io.netty.channel.AbstractChannelHandlerContext.invokeChannelRead(AbstractChannelHandlerContext.java:374)
	io.netty.channel.AbstractChannelHandlerContext.invokeChannelRead(AbstractChannelHandlerContext.java:360)
	io.netty.channel.AbstractChannelHandlerContext.fireChannelRead(AbstractChannelHandlerContext.java:352)
	io.netty.channel.DefaultChannelPipeline$HeadContext.channelRead(DefaultChannelPipeline.java:1408)
	io.netty.channel.AbstractChannelHandlerContext.invokeChannelRead(AbstractChannelHandlerContext.java:374)
	io.netty.channel.AbstractChannelHandlerContext.invokeChannelRead(AbstractChannelHandlerContext.java:360)
	io.netty.channel.DefaultChannelPipeline.fireChannelRead(DefaultChannelPipeline.java:930)
	io.netty.channel.nio.AbstractNioByteChannel$NioByteUnsafe.read(AbstractNioByteChannel.java:163)
	io.netty.channel.nio.NioEventLoop.processSelectedKey(NioEventLoop.java:682)
	io.netty.channel.nio.NioEventLoop.processSelectedKeysOptimized(NioEventLoop.java:617)
	io.netty.channel.nio.NioEventLoop.processSelectedKeys(NioEventLoop.java:534)
	io.netty.channel.nio.NioEventLoop.run(NioEventLoop.java:496)
	io.netty.util.concurrent.SingleThreadEventExecutor$5.run(SingleThreadEventExecutor.java:906)
	io.netty.util.internal.ThreadExecutorMap$2.run(ThreadExecutorMap.java:74)
	io.netty.util.concurrent.FastThreadLocalRunnable.run(FastThreadLocalRunnable.java:30)
	java.lang.Thread.run(Thread.java:748)
: 6 leak records were discarded because they were duplicates
: 458 leak records were discarded because the leak record count is targeted to 4. Use system property io.netty.leakDetection.targetRecords to increase the limit.
22:42:59.864 [reactor-http-nio-14] ERROR i.n.u.ResourceLeakDetector - LEAK: ByteBuf.release() was not called before it's garbage-collected. See http://netty.io/wiki/reference-counted-objects.html for more information.
Recent access records: 
#1:
	org.springframework.core.io.buffer.NettyDataBuffer.release(NettyDataBuffer.java:308)
	org.springframework.core.io.buffer.DataBufferUtils.release(DataBufferUtils.java:498)
	org.springframework.http.codec.multipart.DefaultMultipartMessageReader.notLastBoundary(DefaultMultipartMessageReader.java:164)
	reactor.core.publisher.FluxTakeWhile$TakeWhileSubscriber.onNext(FluxTakeWhile.java:79)
	reactor.core.publisher.FluxContextStart$ContextStartSubscriber.onNext(FluxContextStart.java:103)
	reactor.core.publisher.FluxMap$MapConditionalSubscriber.onNext(FluxMap.java:213)
	reactor.core.publisher.DrainUtils.postCompleteDrain(DrainUtils.java:135)
	reactor.core.publisher.DrainUtils.postComplete(DrainUtils.java:186)
	reactor.core.publisher.FluxBufferPredicate$BufferPredicateSubscriber.onComplete(FluxBufferPredicate.java:285)
	reactor.core.publisher.FluxFlatMap$FlatMapMain.checkTerminated(FluxFlatMap.java:794)
	reactor.core.publisher.FluxFlatMap$FlatMapMain.drainLoop(FluxFlatMap.java:560)
	reactor.core.publisher.FluxFlatMap$FlatMapMain.drain(FluxFlatMap.java:540)
	reactor.core.publisher.FluxFlatMap$FlatMapMain.onComplete(FluxFlatMap.java:426)
	reactor.core.publisher.FluxConcatMap$ConcatMapImmediate.drain(FluxConcatMap.java:360)
	reactor.core.publisher.FluxConcatMap$ConcatMapImmediate.onComplete(FluxConcatMap.java:269)
	reactor.core.publisher.FluxMap$MapSubscriber.onComplete(FluxMap.java:136)
	reactor.core.publisher.FluxPeek$PeekSubscriber.onComplete(FluxPeek.java:252)
	reactor.core.publisher.FluxMap$MapSubscriber.onComplete(FluxMap.java:136)
	reactor.netty.channel.FluxReceive.terminateReceiver(FluxReceive.java:390)
	reactor.netty.channel.FluxReceive.drainReceiver(FluxReceive.java:197)
	reactor.netty.channel.FluxReceive.onInboundComplete(FluxReceive.java:338)
	reactor.netty.channel.ChannelOperations.onInboundComplete(ChannelOperations.java:350)
	reactor.netty.http.server.HttpServerOperations.onInboundNext(HttpServerOperations.java:459)
	reactor.netty.channel.ChannelOperationsHandler.channelRead(ChannelOperationsHandler.java:91)
	io.netty.channel.AbstractChannelHandlerContext.invokeChannelRead(AbstractChannelHandlerContext.java:374)
	io.netty.channel.AbstractChannelHandlerContext.invokeChannelRead(AbstractChannelHandlerContext.java:360)
	io.netty.channel.AbstractChannelHandlerContext.fireChannelRead(AbstractChannelHandlerContext.java:352)
	reactor.netty.http.server.HttpTrafficHandler.channelRead(HttpTrafficHandler.java:190)
	io.netty.channel.AbstractChannelHandlerContext.invokeChannelRead(AbstractChannelHandlerContext.java:374)
	io.netty.channel.AbstractChannelHandlerContext.invokeChannelRead(AbstractChannelHandlerContext.java:360)
	io.netty.channel.AbstractChannelHandlerContext.fireChannelRead(AbstractChannelHandlerContext.java:352)
	io.netty.channel.CombinedChannelDuplexHandler$DelegatingChannelHandlerContext.fireChannelRead(CombinedChannelDuplexHandler.java:438)
	io.netty.handler.codec.ByteToMessageDecoder.fireChannelRead(ByteToMessageDecoder.java:323)
	io.netty.handler.codec.ByteToMessageDecoder.channelRead(ByteToMessageDecoder.java:297)
	io.netty.channel.CombinedChannelDuplexHandler.channelRead(CombinedChannelDuplexHandler.java:253)
	io.netty.channel.AbstractChannelHandlerContext.invokeChannelRead(AbstractChannelHandlerContext.java:374)
	io.netty.channel.AbstractChannelHandlerContext.invokeChannelRead(AbstractChannelHandlerContext.java:360)
	io.netty.channel.AbstractChannelHandlerContext.fireChannelRead(AbstractChannelHandlerContext.java:352)
	io.netty.channel.DefaultChannelPipeline$HeadContext.channelRead(DefaultChannelPipeline.java:1408)
	io.netty.channel.AbstractChannelHandlerContext.invokeChannelRead(AbstractChannelHandlerContext.java:374)
	io.netty.channel.AbstractChannelHandlerContext.invokeChannelRead(AbstractChannelHandlerContext.java:360)
	io.netty.channel.DefaultChannelPipeline.fireChannelRead(DefaultChannelPipeline.java:930)
	io.netty.channel.nio.AbstractNioByteChannel$NioByteUnsafe.read(AbstractNioByteChannel.java:163)
	io.netty.channel.nio.NioEventLoop.processSelectedKey(NioEventLoop.java:682)
	io.netty.channel.nio.NioEventLoop.processSelectedKeysOptimized(NioEventLoop.java:617)
	io.netty.channel.nio.NioEventLoop.processSelectedKeys(NioEventLoop.java:534)
	io.netty.channel.nio.NioEventLoop.run(NioEventLoop.java:496)
	io.netty.util.concurrent.SingleThreadEventExecutor$5.run(SingleThreadEventExecutor.java:906)
	io.netty.util.internal.ThreadExecutorMap$2.run(ThreadExecutorMap.java:74)
	io.netty.util.concurrent.FastThreadLocalRunnable.run(FastThreadLocalRunnable.java:30)
	java.lang.Thread.run(Thread.java:748)
#2:
	io.netty.buffer.AdvancedLeakAwareByteBuf.getByte(AdvancedLeakAwareByteBuf.java:154)
	org.springframework.core.io.buffer.NettyDataBuffer.getByte(NettyDataBuffer.java:132)
	org.springframework.core.io.buffer.DataBufferUtils$KnuthMorrisPrattMatcher.match(DataBufferUtils.java:1005)
	org.springframework.core.io.buffer.DataBufferUtils.endFrameAfterDelimiter(DataBufferUtils.java:634)
	org.springframework.core.io.buffer.DataBufferUtils.lambda$split$18(DataBufferUtils.java:603)
	reactor.core.publisher.FluxFlatMap$FlatMapMain.onNext(FluxFlatMap.java:350)
	reactor.core.publisher.FluxConcatMap$ConcatMapImmediate.innerNext(FluxConcatMap.java:275)
	reactor.core.publisher.FluxConcatMap$ConcatMapInner.onNext(FluxConcatMap.java:849)
	reactor.core.publisher.FluxConcatMap$WeakScalarSubscription.request(FluxConcatMap.java:470)
	reactor.core.publisher.Operators$MultiSubscriptionSubscriber.set(Operators.java:1939)
	reactor.core.publisher.FluxConcatMap$ConcatMapImmediate.drain(FluxConcatMap.java:436)
	reactor.core.publisher.FluxConcatMap$ConcatMapImmediate.onNext(FluxConcatMap.java:244)
	reactor.core.publisher.FluxMap$MapSubscriber.onNext(FluxMap.java:114)
	reactor.core.publisher.FluxPeek$PeekSubscriber.onNext(FluxPeek.java:192)
	reactor.core.publisher.FluxMap$MapSubscriber.onNext(FluxMap.java:114)
	reactor.netty.channel.FluxReceive.drainReceiver(FluxReceive.java:206)
	reactor.netty.channel.FluxReceive.onInboundNext(FluxReceive.java:322)
	reactor.netty.channel.ChannelOperations.onInboundNext(ChannelOperations.java:335)
	reactor.netty.http.server.HttpServerOperations.onInboundNext(HttpServerOperations.java:456)
	reactor.netty.channel.ChannelOperationsHandler.channelRead(ChannelOperationsHandler.java:91)
	io.netty.channel.AbstractChannelHandlerContext.invokeChannelRead(AbstractChannelHandlerContext.java:374)
	io.netty.channel.AbstractChannelHandlerContext.invokeChannelRead(AbstractChannelHandlerContext.java:360)
	io.netty.channel.AbstractChannelHandlerContext.fireChannelRead(AbstractChannelHandlerContext.java:352)
	reactor.netty.http.server.HttpTrafficHandler.channelRead(HttpTrafficHandler.java:190)
	io.netty.channel.AbstractChannelHandlerContext.invokeChannelRead(AbstractChannelHandlerContext.java:374)
	io.netty.channel.AbstractChannelHandlerContext.invokeChannelRead(AbstractChannelHandlerContext.java:360)
	io.netty.channel.AbstractChannelHandlerContext.fireChannelRead(AbstractChannelHandlerContext.java:352)
	io.netty.channel.CombinedChannelDuplexHandler$DelegatingChannelHandlerContext.fireChannelRead(CombinedChannelDuplexHandler.java:438)
	io.netty.handler.codec.ByteToMessageDecoder.fireChannelRead(ByteToMessageDecoder.java:323)
	io.netty.handler.codec.ByteToMessageDecoder.fireChannelRead(ByteToMessageDecoder.java:310)
	io.netty.handler.codec.ByteToMessageDecoder.callDecode(ByteToMessageDecoder.java:426)
	io.netty.handler.codec.ByteToMessageDecoder.channelRead(ByteToMessageDecoder.java:278)
	io.netty.channel.CombinedChannelDuplexHandler.channelRead(CombinedChannelDuplexHandler.java:253)
	io.netty.channel.AbstractChannelHandlerContext.invokeChannelRead(AbstractChannelHandlerContext.java:374)
	io.netty.channel.AbstractChannelHandlerContext.invokeChannelRead(AbstractChannelHandlerContext.java:360)
	io.netty.channel.AbstractChannelHandlerContext.fireChannelRead(AbstractChannelHandlerContext.java:352)
	io.netty.channel.DefaultChannelPipeline$HeadContext.channelRead(DefaultChannelPipeline.java:1408)
	io.netty.channel.AbstractChannelHandlerContext.invokeChannelRead(AbstractChannelHandlerContext.java:374)
	io.netty.channel.AbstractChannelHandlerContext.invokeChannelRead(AbstractChannelHandlerContext.java:360)
	io.netty.channel.DefaultChannelPipeline.fireChannelRead(DefaultChannelPipeline.java:930)
	io.netty.channel.nio.AbstractNioByteChannel$NioByteUnsafe.read(AbstractNioByteChannel.java:163)
	io.netty.channel.nio.NioEventLoop.processSelectedKey(NioEventLoop.java:682)
	io.netty.channel.nio.NioEventLoop.processSelectedKeysOptimized(NioEventLoop.java:617)
	io.netty.channel.nio.NioEventLoop.processSelectedKeys(NioEventLoop.java:534)
	io.netty.channel.nio.NioEventLoop.run(NioEventLoop.java:496)
	io.netty.util.concurrent.SingleThreadEventExecutor$5.run(SingleThreadEventExecutor.java:906)
	io.netty.util.internal.ThreadExecutorMap$2.run(ThreadExecutorMap.java:74)
	io.netty.util.concurrent.FastThreadLocalRunnable.run(FastThreadLocalRunnable.java:30)
	java.lang.Thread.run(Thread.java:748)
#3:
	reactor.core.publisher.FluxPeek$PeekSubscriber.onNext(FluxPeek.java:177)
	reactor.core.publisher.FluxMap$MapSubscriber.onNext(FluxMap.java:114)
	reactor.netty.channel.FluxReceive.drainReceiver(FluxReceive.java:206)
	reactor.netty.channel.FluxReceive.onInboundNext(FluxReceive.java:322)
	reactor.netty.channel.ChannelOperations.onInboundNext(ChannelOperations.java:335)
	reactor.netty.http.server.HttpServerOperations.onInboundNext(HttpServerOperations.java:456)
	reactor.netty.channel.ChannelOperationsHandler.channelRead(ChannelOperationsHandler.java:91)
	io.netty.channel.AbstractChannelHandlerContext.invokeChannelRead(AbstractChannelHandlerContext.java:374)
	io.netty.channel.AbstractChannelHandlerContext.invokeChannelRead(AbstractChannelHandlerContext.java:360)
	io.netty.channel.AbstractChannelHandlerContext.fireChannelRead(AbstractChannelHandlerContext.java:352)
	reactor.netty.http.server.HttpTrafficHandler.channelRead(HttpTrafficHandler.java:190)
	io.netty.channel.AbstractChannelHandlerContext.invokeChannelRead(AbstractChannelHandlerContext.java:374)
	io.netty.channel.AbstractChannelHandlerContext.invokeChannelRead(AbstractChannelHandlerContext.java:360)
	io.netty.channel.AbstractChannelHandlerContext.fireChannelRead(AbstractChannelHandlerContext.java:352)
	io.netty.channel.CombinedChannelDuplexHandler$DelegatingChannelHandlerContext.fireChannelRead(CombinedChannelDuplexHandler.java:438)
	io.netty.handler.codec.ByteToMessageDecoder.fireChannelRead(ByteToMessageDecoder.java:323)
	io.netty.handler.codec.ByteToMessageDecoder.fireChannelRead(ByteToMessageDecoder.java:310)
	io.netty.handler.codec.ByteToMessageDecoder.callDecode(ByteToMessageDecoder.java:426)
	io.netty.handler.codec.ByteToMessageDecoder.channelRead(ByteToMessageDecoder.java:278)
	io.netty.channel.CombinedChannelDuplexHandler.channelRead(CombinedChannelDuplexHandler.java:253)
	io.netty.channel.AbstractChannelHandlerContext.invokeChannelRead(AbstractChannelHandlerContext.java:374)
	io.netty.channel.AbstractChannelHandlerContext.invokeChannelRead(AbstractChannelHandlerContext.java:360)
	io.netty.channel.AbstractChannelHandlerContext.fireChannelRead(AbstractChannelHandlerContext.java:352)
	io.netty.channel.DefaultChannelPipeline$HeadContext.channelRead(DefaultChannelPipeline.java:1408)
	io.netty.channel.AbstractChannelHandlerContext.invokeChannelRead(AbstractChannelHandlerContext.java:374)
	io.netty.channel.AbstractChannelHandlerContext.invokeChannelRead(AbstractChannelHandlerContext.java:360)
	io.netty.channel.DefaultChannelPipeline.fireChannelRead(DefaultChannelPipeline.java:930)
	io.netty.channel.nio.AbstractNioByteChannel$NioByteUnsafe.read(AbstractNioByteChannel.java:163)
	io.netty.channel.nio.NioEventLoop.processSelectedKey(NioEventLoop.java:682)
	io.netty.channel.nio.NioEventLoop.processSelectedKeysOptimized(NioEventLoop.java:617)
	io.netty.channel.nio.NioEventLoop.processSelectedKeys(NioEventLoop.java:534)
	io.netty.channel.nio.NioEventLoop.run(NioEventLoop.java:496)
	io.netty.util.concurrent.SingleThreadEventExecutor$5.run(SingleThreadEventExecutor.java:906)
	io.netty.util.internal.ThreadExecutorMap$2.run(ThreadExecutorMap.java:74)
	io.netty.util.concurrent.FastThreadLocalRunnable.run(FastThreadLocalRunnable.java:30)
	java.lang.Thread.run(Thread.java:748)
#4:
	Hint: 'reactor.right.reactiveBridge' will handle the message from this point.
	io.netty.handler.codec.http.DefaultHttpContent.touch(DefaultHttpContent.java:88)
	io.netty.handler.codec.http.DefaultHttpContent.touch(DefaultHttpContent.java:24)
	io.netty.channel.DefaultChannelPipeline.touch(DefaultChannelPipeline.java:116)
	io.netty.channel.AbstractChannelHandlerContext.invokeChannelRead(AbstractChannelHandlerContext.java:357)
	io.netty.channel.AbstractChannelHandlerContext.fireChannelRead(AbstractChannelHandlerContext.java:352)
	reactor.netty.http.server.HttpTrafficHandler.channelRead(HttpTrafficHandler.java:190)
	io.netty.channel.AbstractChannelHandlerContext.invokeChannelRead(AbstractChannelHandlerContext.java:374)
	io.netty.channel.AbstractChannelHandlerContext.invokeChannelRead(AbstractChannelHandlerContext.java:360)
	io.netty.channel.AbstractChannelHandlerContext.fireChannelRead(AbstractChannelHandlerContext.java:352)
	io.netty.channel.CombinedChannelDuplexHandler$DelegatingChannelHandlerContext.fireChannelRead(CombinedChannelDuplexHandler.java:438)
	io.netty.handler.codec.ByteToMessageDecoder.fireChannelRead(ByteToMessageDecoder.java:323)
	io.netty.handler.codec.ByteToMessageDecoder.fireChannelRead(ByteToMessageDecoder.java:310)
	io.netty.handler.codec.ByteToMessageDecoder.callDecode(ByteToMessageDecoder.java:426)
	io.netty.handler.codec.ByteToMessageDecoder.channelRead(ByteToMessageDecoder.java:278)
	io.netty.channel.CombinedChannelDuplexHandler.channelRead(CombinedChannelDuplexHandler.java:253)
	io.netty.channel.AbstractChannelHandlerContext.invokeChannelRead(AbstractChannelHandlerContext.java:374)
	io.netty.channel.AbstractChannelHandlerContext.invokeChannelRead(AbstractChannelHandlerContext.java:360)
	io.netty.channel.AbstractChannelHandlerContext.fireChannelRead(AbstractChannelHandlerContext.java:352)
	io.netty.channel.DefaultChannelPipeline$HeadContext.channelRead(DefaultChannelPipeline.java:1408)
	io.netty.channel.AbstractChannelHandlerContext.invokeChannelRead(AbstractChannelHandlerContext.java:374)
	io.netty.channel.AbstractChannelHandlerContext.invokeChannelRead(AbstractChannelHandlerContext.java:360)
	io.netty.channel.DefaultChannelPipeline.fireChannelRead(DefaultChannelPipeline.java:930)
	io.netty.channel.nio.AbstractNioByteChannel$NioByteUnsafe.read(AbstractNioByteChannel.java:163)
	io.netty.channel.nio.NioEventLoop.processSelectedKey(NioEventLoop.java:682)
	io.netty.channel.nio.NioEventLoop.processSelectedKeysOptimized(NioEventLoop.java:617)
	io.netty.channel.nio.NioEventLoop.processSelectedKeys(NioEventLoop.java:534)
	io.netty.channel.nio.NioEventLoop.run(NioEventLoop.java:496)
	io.netty.util.concurrent.SingleThreadEventExecutor$5.run(SingleThreadEventExecutor.java:906)
	io.netty.util.internal.ThreadExecutorMap$2.run(ThreadExecutorMap.java:74)
	io.netty.util.concurrent.FastThreadLocalRunnable.run(FastThreadLocalRunnable.java:30)
	java.lang.Thread.run(Thread.java:748)
#5:
	Hint: 'reactor.left.httpTrafficHandler' will handle the message from this point.
	io.netty.handler.codec.http.DefaultHttpContent.touch(DefaultHttpContent.java:88)
	io.netty.handler.codec.http.DefaultHttpContent.touch(DefaultHttpContent.java:24)
	io.netty.channel.DefaultChannelPipeline.touch(DefaultChannelPipeline.java:116)
	io.netty.channel.AbstractChannelHandlerContext.invokeChannelRead(AbstractChannelHandlerContext.java:357)
	io.netty.channel.AbstractChannelHandlerContext.fireChannelRead(AbstractChannelHandlerContext.java:352)
	io.netty.channel.CombinedChannelDuplexHandler$DelegatingChannelHandlerContext.fireChannelRead(CombinedChannelDuplexHandler.java:438)
	io.netty.handler.codec.ByteToMessageDecoder.fireChannelRead(ByteToMessageDecoder.java:323)
	io.netty.handler.codec.ByteToMessageDecoder.fireChannelRead(ByteToMessageDecoder.java:310)
	io.netty.handler.codec.ByteToMessageDecoder.callDecode(ByteToMessageDecoder.java:426)
	io.netty.handler.codec.ByteToMessageDecoder.channelRead(ByteToMessageDecoder.java:278)
	io.netty.channel.CombinedChannelDuplexHandler.channelRead(CombinedChannelDuplexHandler.java:253)
	io.netty.channel.AbstractChannelHandlerContext.invokeChannelRead(AbstractChannelHandlerContext.java:374)
	io.netty.channel.AbstractChannelHandlerContext.invokeChannelRead(AbstractChannelHandlerContext.java:360)
	io.netty.channel.AbstractChannelHandlerContext.fireChannelRead(AbstractChannelHandlerContext.java:352)
	io.netty.channel.DefaultChannelPipeline$HeadContext.channelRead(DefaultChannelPipeline.java:1408)
	io.netty.channel.AbstractChannelHandlerContext.invokeChannelRead(AbstractChannelHandlerContext.java:374)
	io.netty.channel.AbstractChannelHandlerContext.invokeChannelRead(AbstractChannelHandlerContext.java:360)
	io.netty.channel.DefaultChannelPipeline.fireChannelRead(DefaultChannelPipeline.java:930)
	io.netty.channel.nio.AbstractNioByteChannel$NioByteUnsafe.read(AbstractNioByteChannel.java:163)
	io.netty.channel.nio.NioEventLoop.processSelectedKey(NioEventLoop.java:682)
	io.netty.channel.nio.NioEventLoop.processSelectedKeysOptimized(NioEventLoop.java:617)
	io.netty.channel.nio.NioEventLoop.processSelectedKeys(NioEventLoop.java:534)
	io.netty.channel.nio.NioEventLoop.run(NioEventLoop.java:496)
	io.netty.util.concurrent.SingleThreadEventExecutor$5.run(SingleThreadEventExecutor.java:906)
	io.netty.util.internal.ThreadExecutorMap$2.run(ThreadExecutorMap.java:74)
	io.netty.util.concurrent.FastThreadLocalRunnable.run(FastThreadLocalRunnable.java:30)
	java.lang.Thread.run(Thread.java:748)
Created at:
	io.netty.buffer.SimpleLeakAwareByteBuf.unwrappedDerived(SimpleLeakAwareByteBuf.java:143)
	io.netty.buffer.SimpleLeakAwareByteBuf.readRetainedSlice(SimpleLeakAwareByteBuf.java:67)
	io.netty.buffer.AdvancedLeakAwareByteBuf.readRetainedSlice(AdvancedLeakAwareByteBuf.java:107)
	io.netty.handler.codec.http.HttpObjectDecoder.decode(HttpObjectDecoder.java:336)
	io.netty.handler.codec.http.HttpServerCodec$HttpServerRequestDecoder.decode(HttpServerCodec.java:103)
	io.netty.handler.codec.ByteToMessageDecoder.decodeRemovalReentryProtection(ByteToMessageDecoder.java:502)
	io.netty.handler.codec.ByteToMessageDecoder.callDecode(ByteToMessageDecoder.java:441)
	io.netty.handler.codec.ByteToMessageDecoder.channelRead(ByteToMessageDecoder.java:278)
	io.netty.channel.CombinedChannelDuplexHandler.channelRead(CombinedChannelDuplexHandler.java:253)
	io.netty.channel.AbstractChannelHandlerContext.invokeChannelRead(AbstractChannelHandlerContext.java:374)
	io.netty.channel.AbstractChannelHandlerContext.invokeChannelRead(AbstractChannelHandlerContext.java:360)
	io.netty.channel.AbstractChannelHandlerContext.fireChannelRead(AbstractChannelHandlerContext.java:352)
	io.netty.channel.DefaultChannelPipeline$HeadContext.channelRead(DefaultChannelPipeline.java:1408)
	io.netty.channel.AbstractChannelHandlerContext.invokeChannelRead(AbstractChannelHandlerContext.java:374)
	io.netty.channel.AbstractChannelHandlerContext.invokeChannelRead(AbstractChannelHandlerContext.java:360)
	io.netty.channel.DefaultChannelPipeline.fireChannelRead(DefaultChannelPipeline.java:930)
	io.netty.channel.nio.AbstractNioByteChannel$NioByteUnsafe.read(AbstractNioByteChannel.java:163)
	io.netty.channel.nio.NioEventLoop.processSelectedKey(NioEventLoop.java:682)
	io.netty.channel.nio.NioEventLoop.processSelectedKeysOptimized(NioEventLoop.java:617)
	io.netty.channel.nio.NioEventLoop.processSelectedKeys(NioEventLoop.java:534)
	io.netty.channel.nio.NioEventLoop.run(NioEventLoop.java:496)
	io.netty.util.concurrent.SingleThreadEventExecutor$5.run(SingleThreadEventExecutor.java:906)
	io.netty.util.internal.ThreadExecutorMap$2.run(ThreadExecutorMap.java:74)
	io.netty.util.concurrent.FastThreadLocalRunnable.run(FastThreadLocalRunnable.java:30)
	java.lang.Thread.run(Thread.java:748)
: 5 leak records were discarded because they were duplicates
: 47 leak records were discarded because the leak record count is targeted to 4. Use system property io.netty.leakDetection.targetRecords to increase the limit.
22:42:59.867 [reactor-http-nio-14] ERROR i.n.u.ResourceLeakDetector - LEAK: ByteBuf.release() was not called before it's garbage-collected. See http://netty.io/wiki/reference-counted-objects.html for more information.
Recent access records: 
#1:
	org.springframework.core.io.buffer.NettyDataBuffer.release(NettyDataBuffer.java:308)
	org.springframework.core.io.buffer.DataBufferUtils.release(DataBufferUtils.java:498)
	org.springframework.http.codec.multipart.DefaultMultipartMessageReader.toPart(DefaultMultipartMessageReader.java:206)
	reactor.core.publisher.FluxMap$MapConditionalSubscriber.onNext(FluxMap.java:199)
	reactor.core.publisher.FluxTakeWhile$TakeWhileSubscriber.onNext(FluxTakeWhile.java:94)
	reactor.core.publisher.FluxContextStart$ContextStartSubscriber.onNext(FluxContextStart.java:103)
	reactor.core.publisher.FluxMap$MapConditionalSubscriber.onNext(FluxMap.java:213)
	reactor.core.publisher.FluxBufferPredicate$BufferPredicateSubscriber.emit(FluxBufferPredicate.java:290)
	reactor.core.publisher.FluxBufferPredicate$BufferPredicateSubscriber.onNextNewBuffer(FluxBufferPredicate.java:257)
	reactor.core.publisher.FluxBufferPredicate$BufferPredicateSubscriber.tryOnNext(FluxBufferPredicate.java:211)
	reactor.core.publisher.FluxBufferPredicate$BufferPredicateSubscriber.onNext(FluxBufferPredicate.java:184)
	reactor.core.publisher.FluxFlatMap$FlatMapMain.drainLoop(FluxFlatMap.java:664)
	reactor.core.publisher.FluxFlatMap$FlatMapMain.drain(FluxFlatMap.java:540)
	reactor.core.publisher.FluxFlatMap$FlatMapInner.onSubscribe(FluxFlatMap.java:924)
	reactor.core.publisher.FluxIterable.subscribe(FluxIterable.java:139)
	reactor.core.publisher.FluxIterable.subscribe(FluxIterable.java:63)
	reactor.core.publisher.Flux.subscribe(Flux.java:7922)
	reactor.core.publisher.FluxFlatMap$FlatMapMain.onNext(FluxFlatMap.java:389)
	reactor.core.publisher.FluxConcatMap$ConcatMapImmediate.innerNext(FluxConcatMap.java:275)
	reactor.core.publisher.FluxConcatMap$ConcatMapInner.onNext(FluxConcatMap.java:849)
	reactor.core.publisher.FluxConcatMap$WeakScalarSubscription.request(FluxConcatMap.java:470)
	reactor.core.publisher.Operators$MultiSubscriptionSubscriber.set(Operators.java:1939)
	reactor.core.publisher.FluxConcatMap$ConcatMapImmediate.drain(FluxConcatMap.java:436)
	reactor.core.publisher.FluxConcatMap$ConcatMapImmediate.onNext(FluxConcatMap.java:244)
	reactor.core.publisher.FluxMap$MapSubscriber.onNext(FluxMap.java:114)
	reactor.core.publisher.FluxPeek$PeekSubscriber.onNext(FluxPeek.java:192)
	reactor.core.publisher.FluxMap$MapSubscriber.onNext(FluxMap.java:114)
	reactor.netty.channel.FluxReceive.drainReceiver(FluxReceive.java:206)
	reactor.netty.channel.FluxReceive.onInboundNext(FluxReceive.java:322)
	reactor.netty.channel.ChannelOperations.onInboundNext(ChannelOperations.java:335)
	reactor.netty.http.server.HttpServerOperations.onInboundNext(HttpServerOperations.java:456)
	reactor.netty.channel.ChannelOperationsHandler.channelRead(ChannelOperationsHandler.java:91)
	io.netty.channel.AbstractChannelHandlerContext.invokeChannelRead(AbstractChannelHandlerContext.java:374)
	io.netty.channel.AbstractChannelHandlerContext.invokeChannelRead(AbstractChannelHandlerContext.java:360)
	io.netty.channel.AbstractChannelHandlerContext.fireChannelRead(AbstractChannelHandlerContext.java:352)
	reactor.netty.http.server.HttpTrafficHandler.channelRead(HttpTrafficHandler.java:190)
	io.netty.channel.AbstractChannelHandlerContext.invokeChannelRead(AbstractChannelHandlerContext.java:374)
	io.netty.channel.AbstractChannelHandlerContext.invokeChannelRead(AbstractChannelHandlerContext.java:360)
	io.netty.channel.AbstractChannelHandlerContext.fireChannelRead(AbstractChannelHandlerContext.java:352)
	io.netty.channel.CombinedChannelDuplexHandler$DelegatingChannelHandlerContext.fireChannelRead(CombinedChannelDuplexHandler.java:438)
	io.netty.handler.codec.ByteToMessageDecoder.fireChannelRead(ByteToMessageDecoder.java:323)
	io.netty.handler.codec.ByteToMessageDecoder.fireChannelRead(ByteToMessageDecoder.java:310)
	io.netty.handler.codec.ByteToMessageDecoder.callDecode(ByteToMessageDecoder.java:426)
	io.netty.handler.codec.ByteToMessageDecoder.channelRead(ByteToMessageDecoder.java:278)
	io.netty.channel.CombinedChannelDuplexHandler.channelRead(CombinedChannelDuplexHandler.java:253)
	io.netty.channel.AbstractChannelHandlerContext.invokeChannelRead(AbstractChannelHandlerContext.java:374)
	io.netty.channel.AbstractChannelHandlerContext.invokeChannelRead(AbstractChannelHandlerContext.java:360)
	io.netty.channel.AbstractChannelHandlerContext.fireChannelRead(AbstractChannelHandlerContext.java:352)
	io.netty.channel.DefaultChannelPipeline$HeadContext.channelRead(DefaultChannelPipeline.java:1408)
	io.netty.channel.AbstractChannelHandlerContext.invokeChannelRead(AbstractChannelHandlerContext.java:374)
	io.netty.channel.AbstractChannelHandlerContext.invokeChannelRead(AbstractChannelHandlerContext.java:360)
	io.netty.channel.DefaultChannelPipeline.fireChannelRead(DefaultChannelPipeline.java:930)
	io.netty.channel.nio.AbstractNioByteChannel$NioByteUnsafe.read(AbstractNioByteChannel.java:163)
	io.netty.channel.nio.NioEventLoop.processSelectedKey(NioEventLoop.java:682)
	io.netty.channel.nio.NioEventLoop.processSelectedKeysOptimized(NioEventLoop.java:617)
	io.netty.channel.nio.NioEventLoop.processSelectedKeys(NioEventLoop.java:534)
	io.netty.channel.nio.NioEventLoop.run(NioEventLoop.java:496)
	io.netty.util.concurrent.SingleThreadEventExecutor$5.run(SingleThreadEventExecutor.java:906)
	io.netty.util.internal.ThreadExecutorMap$2.run(ThreadExecutorMap.java:74)
	io.netty.util.concurrent.FastThreadLocalRunnable.run(FastThreadLocalRunnable.java:30)
	java.lang.Thread.run(Thread.java:748)
#2:
	io.netty.buffer.AdvancedLeakAwareCompositeByteBuf.getByte(AdvancedLeakAwareCompositeByteBuf.java:140)
	org.springframework.core.io.buffer.NettyDataBuffer.getByte(NettyDataBuffer.java:132)
	org.springframework.core.io.buffer.DataBufferUtils$KnuthMorrisPrattMatcher.match(DataBufferUtils.java:1005)
	org.springframework.http.codec.multipart.DefaultMultipartMessageReader.toPart(DefaultMultipartMessageReader.java:184)
	reactor.core.publisher.FluxMap$MapConditionalSubscriber.onNext(FluxMap.java:199)
	reactor.core.publisher.FluxTakeWhile$TakeWhileSubscriber.onNext(FluxTakeWhile.java:94)
	reactor.core.publisher.FluxContextStart$ContextStartSubscriber.onNext(FluxContextStart.java:103)
	reactor.core.publisher.FluxMap$MapConditionalSubscriber.onNext(FluxMap.java:213)
	reactor.core.publisher.FluxBufferPredicate$BufferPredicateSubscriber.emit(FluxBufferPredicate.java:290)
	reactor.core.publisher.FluxBufferPredicate$BufferPredicateSubscriber.onNextNewBuffer(FluxBufferPredicate.java:257)
	reactor.core.publisher.FluxBufferPredicate$BufferPredicateSubscriber.tryOnNext(FluxBufferPredicate.java:211)
	reactor.core.publisher.FluxBufferPredicate$BufferPredicateSubscriber.onNext(FluxBufferPredicate.java:184)
	reactor.core.publisher.FluxFlatMap$FlatMapMain.drainLoop(FluxFlatMap.java:664)
	reactor.core.publisher.FluxFlatMap$FlatMapMain.drain(FluxFlatMap.java:540)
	reactor.core.publisher.FluxFlatMap$FlatMapInner.onSubscribe(FluxFlatMap.java:924)
	reactor.core.publisher.FluxIterable.subscribe(FluxIterable.java:139)
	reactor.core.publisher.FluxIterable.subscribe(FluxIterable.java:63)
	reactor.core.publisher.Flux.subscribe(Flux.java:7922)
	reactor.core.publisher.FluxFlatMap$FlatMapMain.onNext(FluxFlatMap.java:389)
	reactor.core.publisher.FluxConcatMap$ConcatMapImmediate.innerNext(FluxConcatMap.java:275)
	reactor.core.publisher.FluxConcatMap$ConcatMapInner.onNext(FluxConcatMap.java:849)
	reactor.core.publisher.FluxConcatMap$WeakScalarSubscription.request(FluxConcatMap.java:470)
	reactor.core.publisher.Operators$MultiSubscriptionSubscriber.set(Operators.java:1939)
	reactor.core.publisher.FluxConcatMap$ConcatMapImmediate.drain(FluxConcatMap.java:436)
	reactor.core.publisher.FluxConcatMap$ConcatMapImmediate.onNext(FluxConcatMap.java:244)
	reactor.core.publisher.FluxMap$MapSubscriber.onNext(FluxMap.java:114)
	reactor.core.publisher.FluxPeek$PeekSubscriber.onNext(FluxPeek.java:192)
	reactor.core.publisher.FluxMap$MapSubscriber.onNext(FluxMap.java:114)
	reactor.netty.channel.FluxReceive.drainReceiver(FluxReceive.java:206)
	reactor.netty.channel.FluxReceive.onInboundNext(FluxReceive.java:322)
	reactor.netty.channel.ChannelOperations.onInboundNext(ChannelOperations.java:335)
	reactor.netty.http.server.HttpServerOperations.onInboundNext(HttpServerOperations.java:456)
	reactor.netty.channel.ChannelOperationsHandler.channelRead(ChannelOperationsHandler.java:91)
	io.netty.channel.AbstractChannelHandlerContext.invokeChannelRead(AbstractChannelHandlerContext.java:374)
	io.netty.channel.AbstractChannelHandlerContext.invokeChannelRead(AbstractChannelHandlerContext.java:360)
	io.netty.channel.AbstractChannelHandlerContext.fireChannelRead(AbstractChannelHandlerContext.java:352)
	reactor.netty.http.server.HttpTrafficHandler.channelRead(HttpTrafficHandler.java:190)
	io.netty.channel.AbstractChannelHandlerContext.invokeChannelRead(AbstractChannelHandlerContext.java:374)
	io.netty.channel.AbstractChannelHandlerContext.invokeChannelRead(AbstractChannelHandlerContext.java:360)
	io.netty.channel.AbstractChannelHandlerContext.fireChannelRead(AbstractChannelHandlerContext.java:352)
	io.netty.channel.CombinedChannelDuplexHandler$DelegatingChannelHandlerContext.fireChannelRead(CombinedChannelDuplexHandler.java:438)
	io.netty.handler.codec.ByteToMessageDecoder.fireChannelRead(ByteToMessageDecoder.java:323)
	io.netty.handler.codec.ByteToMessageDecoder.fireChannelRead(ByteToMessageDecoder.java:310)
	io.netty.handler.codec.ByteToMessageDecoder.callDecode(ByteToMessageDecoder.java:426)
	io.netty.handler.codec.ByteToMessageDecoder.channelRead(ByteToMessageDecoder.java:278)
	io.netty.channel.CombinedChannelDuplexHandler.channelRead(CombinedChannelDuplexHandler.java:253)
	io.netty.channel.AbstractChannelHandlerContext.invokeChannelRead(AbstractChannelHandlerContext.java:374)
	io.netty.channel.AbstractChannelHandlerContext.invokeChannelRead(AbstractChannelHandlerContext.java:360)
	io.netty.channel.AbstractChannelHandlerContext.fireChannelRead(AbstractChannelHandlerContext.java:352)
	io.netty.channel.DefaultChannelPipeline$HeadContext.channelRead(DefaultChannelPipeline.java:1408)
	io.netty.channel.AbstractChannelHandlerContext.invokeChannelRead(AbstractChannelHandlerContext.java:374)
	io.netty.channel.AbstractChannelHandlerContext.invokeChannelRead(AbstractChannelHandlerContext.java:360)
	io.netty.channel.DefaultChannelPipeline.fireChannelRead(DefaultChannelPipeline.java:930)
	io.netty.channel.nio.AbstractNioByteChannel$NioByteUnsafe.read(AbstractNioByteChannel.java:163)
	io.netty.channel.nio.NioEventLoop.processSelectedKey(NioEventLoop.java:682)
	io.netty.channel.nio.NioEventLoop.processSelectedKeysOptimized(NioEventLoop.java:617)
	io.netty.channel.nio.NioEventLoop.processSelectedKeys(NioEventLoop.java:534)
	io.netty.channel.nio.NioEventLoop.run(NioEventLoop.java:496)
	io.netty.util.concurrent.SingleThreadEventExecutor$5.run(SingleThreadEventExecutor.java:906)
	io.netty.util.internal.ThreadExecutorMap$2.run(ThreadExecutorMap.java:74)
	io.netty.util.concurrent.FastThreadLocalRunnable.run(FastThreadLocalRunnable.java:30)
	java.lang.Thread.run(Thread.java:748)
#3:
	io.netty.buffer.AdvancedLeakAwareCompositeByteBuf.addComponent(AdvancedLeakAwareCompositeByteBuf.java:920)
	org.springframework.core.io.buffer.NettyDataBufferFactory.join(NettyDataBufferFactory.java:111)
	org.springframework.core.io.buffer.DataBufferUtils.joinAndStrip(DataBufferUtils.java:686)
	org.springframework.core.io.buffer.DataBufferUtils.lambda$split$20(DataBufferUtils.java:605)
	reactor.core.publisher.FluxMap$MapConditionalSubscriber.onNext(FluxMap.java:199)
	reactor.core.publisher.FluxBufferPredicate$BufferPredicateSubscriber.emit(FluxBufferPredicate.java:290)
	reactor.core.publisher.FluxBufferPredicate$BufferPredicateSubscriber.onNextNewBuffer(FluxBufferPredicate.java:257)
	reactor.core.publisher.FluxBufferPredicate$BufferPredicateSubscriber.tryOnNext(FluxBufferPredicate.java:211)
	reactor.core.publisher.FluxBufferPredicate$BufferPredicateSubscriber.onNext(FluxBufferPredicate.java:184)
	reactor.core.publisher.FluxFlatMap$FlatMapMain.drainLoop(FluxFlatMap.java:664)
	reactor.core.publisher.FluxFlatMap$FlatMapMain.drain(FluxFlatMap.java:540)
	reactor.core.publisher.FluxFlatMap$FlatMapInner.onSubscribe(FluxFlatMap.java:924)
	reactor.core.publisher.FluxIterable.subscribe(FluxIterable.java:139)
	reactor.core.publisher.FluxIterable.subscribe(FluxIterable.java:63)
	reactor.core.publisher.Flux.subscribe(Flux.java:7922)
	reactor.core.publisher.FluxFlatMap$FlatMapMain.onNext(FluxFlatMap.java:389)
	reactor.core.publisher.FluxConcatMap$ConcatMapImmediate.innerNext(FluxConcatMap.java:275)
	reactor.core.publisher.FluxConcatMap$ConcatMapInner.onNext(FluxConcatMap.java:849)
	reactor.core.publisher.FluxConcatMap$WeakScalarSubscription.request(FluxConcatMap.java:470)
	reactor.core.publisher.Operators$MultiSubscriptionSubscriber.set(Operators.java:1939)
	reactor.core.publisher.FluxConcatMap$ConcatMapImmediate.drain(FluxConcatMap.java:436)
	reactor.core.publisher.FluxConcatMap$ConcatMapImmediate.onNext(FluxConcatMap.java:244)
	reactor.core.publisher.FluxMap$MapSubscriber.onNext(FluxMap.java:114)
	reactor.core.publisher.FluxPeek$PeekSubscriber.onNext(FluxPeek.java:192)
	reactor.core.publisher.FluxMap$MapSubscriber.onNext(FluxMap.java:114)
	reactor.netty.channel.FluxReceive.drainReceiver(FluxReceive.java:206)
	reactor.netty.channel.FluxReceive.onInboundNext(FluxReceive.java:322)
	reactor.netty.channel.ChannelOperations.onInboundNext(ChannelOperations.java:335)
	reactor.netty.http.server.HttpServerOperations.onInboundNext(HttpServerOperations.java:456)
	reactor.netty.channel.ChannelOperationsHandler.channelRead(ChannelOperationsHandler.java:91)
	io.netty.channel.AbstractChannelHandlerContext.invokeChannelRead(AbstractChannelHandlerContext.java:374)
	io.netty.channel.AbstractChannelHandlerContext.invokeChannelRead(AbstractChannelHandlerContext.java:360)
	io.netty.channel.AbstractChannelHandlerContext.fireChannelRead(AbstractChannelHandlerContext.java:352)
	reactor.netty.http.server.HttpTrafficHandler.channelRead(HttpTrafficHandler.java:190)
	io.netty.channel.AbstractChannelHandlerContext.invokeChannelRead(AbstractChannelHandlerContext.java:374)
	io.netty.channel.AbstractChannelHandlerContext.invokeChannelRead(AbstractChannelHandlerContext.java:360)
	io.netty.channel.AbstractChannelHandlerContext.fireChannelRead(AbstractChannelHandlerContext.java:352)
	io.netty.channel.CombinedChannelDuplexHandler$DelegatingChannelHandlerContext.fireChannelRead(CombinedChannelDuplexHandler.java:438)
	io.netty.handler.codec.ByteToMessageDecoder.fireChannelRead(ByteToMessageDecoder.java:323)
	io.netty.handler.codec.ByteToMessageDecoder.fireChannelRead(ByteToMessageDecoder.java:310)
	io.netty.handler.codec.ByteToMessageDecoder.callDecode(ByteToMessageDecoder.java:426)
	io.netty.handler.codec.ByteToMessageDecoder.channelRead(ByteToMessageDecoder.java:278)
	io.netty.channel.CombinedChannelDuplexHandler.channelRead(CombinedChannelDuplexHandler.java:253)
	io.netty.channel.AbstractChannelHandlerContext.invokeChannelRead(AbstractChannelHandlerContext.java:374)
	io.netty.channel.AbstractChannelHandlerContext.invokeChannelRead(AbstractChannelHandlerContext.java:360)
	io.netty.channel.AbstractChannelHandlerContext.fireChannelRead(AbstractChannelHandlerContext.java:352)
	io.netty.channel.DefaultChannelPipeline$HeadContext.channelRead(DefaultChannelPipeline.java:1408)
	io.netty.channel.AbstractChannelHandlerContext.invokeChannelRead(AbstractChannelHandlerContext.java:374)
	io.netty.channel.AbstractChannelHandlerContext.invokeChannelRead(AbstractChannelHandlerContext.java:360)
	io.netty.channel.DefaultChannelPipeline.fireChannelRead(DefaultChannelPipeline.java:930)
	io.netty.channel.nio.AbstractNioByteChannel$NioByteUnsafe.read(AbstractNioByteChannel.java:163)
	io.netty.channel.nio.NioEventLoop.processSelectedKey(NioEventLoop.java:682)
	io.netty.channel.nio.NioEventLoop.processSelectedKeysOptimized(NioEventLoop.java:617)
	io.netty.channel.nio.NioEventLoop.processSelectedKeys(NioEventLoop.java:534)
	io.netty.channel.nio.NioEventLoop.run(NioEventLoop.java:496)
	io.netty.util.concurrent.SingleThreadEventExecutor$5.run(SingleThreadEventExecutor.java:906)
	io.netty.util.internal.ThreadExecutorMap$2.run(ThreadExecutorMap.java:74)
	io.netty.util.concurrent.FastThreadLocalRunnable.run(FastThreadLocalRunnable.java:30)
	java.lang.Thread.run(Thread.java:748)
Created at:
	io.netty.buffer.AbstractByteBufAllocator.compositeDirectBuffer(AbstractByteBufAllocator.java:223)
	io.netty.buffer.AbstractByteBufAllocator.compositeBuffer(AbstractByteBufAllocator.java:201)
	org.springframework.core.io.buffer.NettyDataBufferFactory.join(NettyDataBufferFactory.java:108)
	org.springframework.core.io.buffer.DataBufferUtils.joinAndStrip(DataBufferUtils.java:686)
	org.springframework.core.io.buffer.DataBufferUtils.lambda$split$20(DataBufferUtils.java:605)
	reactor.core.publisher.FluxMap$MapConditionalSubscriber.onNext(FluxMap.java:199)
	reactor.core.publisher.FluxBufferPredicate$BufferPredicateSubscriber.emit(FluxBufferPredicate.java:290)
	reactor.core.publisher.FluxBufferPredicate$BufferPredicateSubscriber.onNextNewBuffer(FluxBufferPredicate.java:257)
	reactor.core.publisher.FluxBufferPredicate$BufferPredicateSubscriber.tryOnNext(FluxBufferPredicate.java:211)
	reactor.core.publisher.FluxBufferPredicate$BufferPredicateSubscriber.onNext(FluxBufferPredicate.java:184)
	reactor.core.publisher.FluxFlatMap$FlatMapMain.drainLoop(FluxFlatMap.java:664)
	reactor.core.publisher.FluxFlatMap$FlatMapMain.drain(FluxFlatMap.java:540)
	reactor.core.publisher.FluxFlatMap$FlatMapInner.onSubscribe(FluxFlatMap.java:924)
	reactor.core.publisher.FluxIterable.subscribe(FluxIterable.java:139)
	reactor.core.publisher.FluxIterable.subscribe(FluxIterable.java:63)
	reactor.core.publisher.Flux.subscribe(Flux.java:7922)
	reactor.core.publisher.FluxFlatMap$FlatMapMain.onNext(FluxFlatMap.java:389)
	reactor.core.publisher.FluxConcatMap$ConcatMapImmediate.innerNext(FluxConcatMap.java:275)
	reactor.core.publisher.FluxConcatMap$ConcatMapInner.onNext(FluxConcatMap.java:849)
	reactor.core.publisher.FluxConcatMap$WeakScalarSubscription.request(FluxConcatMap.java:470)
	reactor.core.publisher.Operators$MultiSubscriptionSubscriber.set(Operators.java:1939)
	reactor.core.publisher.FluxConcatMap$ConcatMapImmediate.drain(FluxConcatMap.java:436)
	reactor.core.publisher.FluxConcatMap$ConcatMapImmediate.onNext(FluxConcatMap.java:244)
	reactor.core.publisher.FluxMap$MapSubscriber.onNext(FluxMap.java:114)
	reactor.core.publisher.FluxPeek$PeekSubscriber.onNext(FluxPeek.java:192)
	reactor.core.publisher.FluxMap$MapSubscriber.onNext(FluxMap.java:114)
	reactor.netty.channel.FluxReceive.drainReceiver(FluxReceive.java:206)
	reactor.netty.channel.FluxReceive.onInboundNext(FluxReceive.java:322)
	reactor.netty.channel.ChannelOperations.onInboundNext(ChannelOperations.java:335)
	reactor.netty.http.server.HttpServerOperations.onInboundNext(HttpServerOperations.java:456)
	reactor.netty.channel.ChannelOperationsHandler.channelRead(ChannelOperationsHandler.java:91)
	io.netty.channel.AbstractChannelHandlerContext.invokeChannelRead(AbstractChannelHandlerContext.java:374)
	io.netty.channel.AbstractChannelHandlerContext.invokeChannelRead(AbstractChannelHandlerContext.java:360)
	io.netty.channel.AbstractChannelHandlerContext.fireChannelRead(AbstractChannelHandlerContext.java:352)
	reactor.netty.http.server.HttpTrafficHandler.channelRead(HttpTrafficHandler.java:190)
	io.netty.channel.AbstractChannelHandlerContext.invokeChannelRead(AbstractChannelHandlerContext.java:374)
	io.netty.channel.AbstractChannelHandlerContext.invokeChannelRead(AbstractChannelHandlerContext.java:360)
	io.netty.channel.AbstractChannelHandlerContext.fireChannelRead(AbstractChannelHandlerContext.java:352)
	io.netty.channel.CombinedChannelDuplexHandler$DelegatingChannelHandlerContext.fireChannelRead(CombinedChannelDuplexHandler.java:438)
	io.netty.handler.codec.ByteToMessageDecoder.fireChannelRead(ByteToMessageDecoder.java:323)
	io.netty.handler.codec.ByteToMessageDecoder.fireChannelRead(ByteToMessageDecoder.java:310)
	io.netty.handler.codec.ByteToMessageDecoder.callDecode(ByteToMessageDecoder.java:426)
	io.netty.handler.codec.ByteToMessageDecoder.channelRead(ByteToMessageDecoder.java:278)
	io.netty.channel.CombinedChannelDuplexHandler.channelRead(CombinedChannelDuplexHandler.java:253)
	io.netty.channel.AbstractChannelHandlerContext.invokeChannelRead(AbstractChannelHandlerContext.java:374)
	io.netty.channel.AbstractChannelHandlerContext.invokeChannelRead(AbstractChannelHandlerContext.java:360)
	io.netty.channel.AbstractChannelHandlerContext.fireChannelRead(AbstractChannelHandlerContext.java:352)
	io.netty.channel.DefaultChannelPipeline$HeadContext.channelRead(DefaultChannelPipeline.java:1408)
	io.netty.channel.AbstractChannelHandlerContext.invokeChannelRead(AbstractChannelHandlerContext.java:374)
	io.netty.channel.AbstractChannelHandlerContext.invokeChannelRead(AbstractChannelHandlerContext.java:360)
	io.netty.channel.DefaultChannelPipeline.fireChannelRead(DefaultChannelPipeline.java:930)
	io.netty.channel.nio.AbstractNioByteChannel$NioByteUnsafe.read(AbstractNioByteChannel.java:163)
	io.netty.channel.nio.NioEventLoop.processSelectedKey(NioEventLoop.java:682)
	io.netty.channel.nio.NioEventLoop.processSelectedKeysOptimized(NioEventLoop.java:617)
	io.netty.channel.nio.NioEventLoop.processSelectedKeys(NioEventLoop.java:534)
	io.netty.channel.nio.NioEventLoop.run(NioEventLoop.java:496)
	io.netty.util.concurrent.SingleThreadEventExecutor$5.run(SingleThreadEventExecutor.java:906)
	io.netty.util.internal.ThreadExecutorMap$2.run(ThreadExecutorMap.java:74)
	io.netty.util.concurrent.FastThreadLocalRunnable.run(FastThreadLocalRunnable.java:30)
	java.lang.Thread.run(Thread.java:748)
: 6 leak records were discarded because they were duplicates
: 122 leak records were discarded because the leak record count is targeted to 4. Use system property io.netty.leakDetection.targetRecords to increase the limit.
22:42:59.868 [reactor-http-nio-14] ERROR i.n.u.ResourceLeakDetector - LEAK: ByteBuf.release() was not called before it's garbage-collected. See http://netty.io/wiki/reference-counted-objects.html for more information.
Recent access records: 
#1:
	io.netty.buffer.AdvancedLeakAwareByteBuf.order(AdvancedLeakAwareByteBuf.java:70)
	io.netty.buffer.CompositeByteBuf.newComponent(CompositeByteBuf.java:318)
	io.netty.buffer.CompositeByteBuf.addComponent0(CompositeByteBuf.java:280)
	io.netty.buffer.CompositeByteBuf.addComponent(CompositeByteBuf.java:265)
	io.netty.buffer.CompositeByteBuf.addComponent(CompositeByteBuf.java:222)
	io.netty.buffer.WrappedCompositeByteBuf.addComponent(WrappedCompositeByteBuf.java:529)
	io.netty.buffer.AdvancedLeakAwareCompositeByteBuf.addComponent(AdvancedLeakAwareCompositeByteBuf.java:921)
	org.springframework.core.io.buffer.NettyDataBufferFactory.join(NettyDataBufferFactory.java:111)
	org.springframework.core.io.buffer.DataBufferUtils.joinAndStrip(DataBufferUtils.java:686)
	org.springframework.core.io.buffer.DataBufferUtils.lambda$split$20(DataBufferUtils.java:605)
	reactor.core.publisher.FluxMap$MapConditionalSubscriber.onNext(FluxMap.java:199)
	reactor.core.publisher.FluxBufferPredicate$BufferPredicateSubscriber.emit(FluxBufferPredicate.java:290)
	reactor.core.publisher.FluxBufferPredicate$BufferPredicateSubscriber.onNextNewBuffer(FluxBufferPredicate.java:257)
	reactor.core.publisher.FluxBufferPredicate$BufferPredicateSubscriber.tryOnNext(FluxBufferPredicate.java:211)
	reactor.core.publisher.FluxBufferPredicate$BufferPredicateSubscriber.onNext(FluxBufferPredicate.java:184)
	reactor.core.publisher.FluxFlatMap$FlatMapMain.drainLoop(FluxFlatMap.java:664)
	reactor.core.publisher.FluxFlatMap$FlatMapMain.drain(FluxFlatMap.java:540)
	reactor.core.publisher.FluxFlatMap$FlatMapInner.onSubscribe(FluxFlatMap.java:924)
	reactor.core.publisher.FluxIterable.subscribe(FluxIterable.java:139)
	reactor.core.publisher.FluxIterable.subscribe(FluxIterable.java:63)
	reactor.core.publisher.Flux.subscribe(Flux.java:7922)
	reactor.core.publisher.FluxFlatMap$FlatMapMain.onNext(FluxFlatMap.java:389)
	reactor.core.publisher.FluxConcatMap$ConcatMapImmediate.innerNext(FluxConcatMap.java:275)
	reactor.core.publisher.FluxConcatMap$ConcatMapInner.onNext(FluxConcatMap.java:849)
	reactor.core.publisher.FluxConcatMap$WeakScalarSubscription.request(FluxConcatMap.java:470)
	reactor.core.publisher.Operators$MultiSubscriptionSubscriber.set(Operators.java:1939)
	reactor.core.publisher.FluxConcatMap$ConcatMapImmediate.drain(FluxConcatMap.java:436)
	reactor.core.publisher.FluxConcatMap$ConcatMapImmediate.onNext(FluxConcatMap.java:244)
	reactor.core.publisher.FluxMap$MapSubscriber.onNext(FluxMap.java:114)
	reactor.core.publisher.FluxPeek$PeekSubscriber.onNext(FluxPeek.java:192)
	reactor.core.publisher.FluxMap$MapSubscriber.onNext(FluxMap.java:114)
	reactor.netty.channel.FluxReceive.drainReceiver(FluxReceive.java:206)
	reactor.netty.channel.FluxReceive.onInboundNext(FluxReceive.java:322)
	reactor.netty.channel.ChannelOperations.onInboundNext(ChannelOperations.java:335)
	reactor.netty.http.server.HttpServerOperations.onInboundNext(HttpServerOperations.java:456)
	reactor.netty.channel.ChannelOperationsHandler.channelRead(ChannelOperationsHandler.java:91)
	io.netty.channel.AbstractChannelHandlerContext.invokeChannelRead(AbstractChannelHandlerContext.java:374)
	io.netty.channel.AbstractChannelHandlerContext.invokeChannelRead(AbstractChannelHandlerContext.java:360)
	io.netty.channel.AbstractChannelHandlerContext.fireChannelRead(AbstractChannelHandlerContext.java:352)
	reactor.netty.http.server.HttpTrafficHandler.channelRead(HttpTrafficHandler.java:190)
	io.netty.channel.AbstractChannelHandlerContext.invokeChannelRead(AbstractChannelHandlerContext.java:374)
	io.netty.channel.AbstractChannelHandlerContext.invokeChannelRead(AbstractChannelHandlerContext.java:360)
	io.netty.channel.AbstractChannelHandlerContext.fireChannelRead(AbstractChannelHandlerContext.java:352)
	io.netty.channel.CombinedChannelDuplexHandler$DelegatingChannelHandlerContext.fireChannelRead(CombinedChannelDuplexHandler.java:438)
	io.netty.handler.codec.ByteToMessageDecoder.fireChannelRead(ByteToMessageDecoder.java:323)
	io.netty.handler.codec.ByteToMessageDecoder.fireChannelRead(ByteToMessageDecoder.java:310)
	io.netty.handler.codec.ByteToMessageDecoder.callDecode(ByteToMessageDecoder.java:426)
	io.netty.handler.codec.ByteToMessageDecoder.channelRead(ByteToMessageDecoder.java:278)
	io.netty.channel.CombinedChannelDuplexHandler.channelRead(CombinedChannelDuplexHandler.java:253)
	io.netty.channel.AbstractChannelHandlerContext.invokeChannelRead(AbstractChannelHandlerContext.java:374)
	io.netty.channel.AbstractChannelHandlerContext.invokeChannelRead(AbstractChannelHandlerContext.java:360)
	io.netty.channel.AbstractChannelHandlerContext.fireChannelRead(AbstractChannelHandlerContext.java:352)
	io.netty.channel.DefaultChannelPipeline$HeadContext.channelRead(DefaultChannelPipeline.java:1408)
	io.netty.channel.AbstractChannelHandlerContext.invokeChannelRead(AbstractChannelHandlerContext.java:374)
	io.netty.channel.AbstractChannelHandlerContext.invokeChannelRead(AbstractChannelHandlerContext.java:360)
	io.netty.channel.DefaultChannelPipeline.fireChannelRead(DefaultChannelPipeline.java:930)
	io.netty.channel.nio.AbstractNioByteChannel$NioByteUnsafe.read(AbstractNioByteChannel.java:163)
	io.netty.channel.nio.NioEventLoop.processSelectedKey(NioEventLoop.java:682)
	io.netty.channel.nio.NioEventLoop.processSelectedKeysOptimized(NioEventLoop.java:617)
	io.netty.channel.nio.NioEventLoop.processSelectedKeys(NioEventLoop.java:534)
	io.netty.channel.nio.NioEventLoop.run(NioEventLoop.java:496)
	io.netty.util.concurrent.SingleThreadEventExecutor$5.run(SingleThreadEventExecutor.java:906)
	io.netty.util.internal.ThreadExecutorMap$2.run(ThreadExecutorMap.java:74)
	io.netty.util.concurrent.FastThreadLocalRunnable.run(FastThreadLocalRunnable.java:30)
	java.lang.Thread.run(Thread.java:748)
#2:
	io.netty.handler.codec.http.DefaultHttpContent.release(DefaultHttpContent.java:94)
	io.netty.util.ReferenceCountUtil.release(ReferenceCountUtil.java:88)
	reactor.netty.channel.FluxReceive.drainReceiver(FluxReceive.java:209)
	reactor.netty.channel.FluxReceive.onInboundNext(FluxReceive.java:322)
	reactor.netty.channel.ChannelOperations.onInboundNext(ChannelOperations.java:335)
	reactor.netty.http.server.HttpServerOperations.onInboundNext(HttpServerOperations.java:456)
	reactor.netty.channel.ChannelOperationsHandler.channelRead(ChannelOperationsHandler.java:91)
	io.netty.channel.AbstractChannelHandlerContext.invokeChannelRead(AbstractChannelHandlerContext.java:374)
	io.netty.channel.AbstractChannelHandlerContext.invokeChannelRead(AbstractChannelHandlerContext.java:360)
	io.netty.channel.AbstractChannelHandlerContext.fireChannelRead(AbstractChannelHandlerContext.java:352)
	reactor.netty.http.server.HttpTrafficHandler.channelRead(HttpTrafficHandler.java:190)
	io.netty.channel.AbstractChannelHandlerContext.invokeChannelRead(AbstractChannelHandlerContext.java:374)
	io.netty.channel.AbstractChannelHandlerContext.invokeChannelRead(AbstractChannelHandlerContext.java:360)
	io.netty.channel.AbstractChannelHandlerContext.fireChannelRead(AbstractChannelHandlerContext.java:352)
	io.netty.channel.CombinedChannelDuplexHandler$DelegatingChannelHandlerContext.fireChannelRead(CombinedChannelDuplexHandler.java:438)
	io.netty.handler.codec.ByteToMessageDecoder.fireChannelRead(ByteToMessageDecoder.java:323)
	io.netty.handler.codec.ByteToMessageDecoder.fireChannelRead(ByteToMessageDecoder.java:310)
	io.netty.handler.codec.ByteToMessageDecoder.callDecode(ByteToMessageDecoder.java:426)
	io.netty.handler.codec.ByteToMessageDecoder.channelRead(ByteToMessageDecoder.java:278)
	io.netty.channel.CombinedChannelDuplexHandler.channelRead(CombinedChannelDuplexHandler.java:253)
	io.netty.channel.AbstractChannelHandlerContext.invokeChannelRead(AbstractChannelHandlerContext.java:374)
	io.netty.channel.AbstractChannelHandlerContext.invokeChannelRead(AbstractChannelHandlerContext.java:360)
	io.netty.channel.AbstractChannelHandlerContext.fireChannelRead(AbstractChannelHandlerContext.java:352)
	io.netty.channel.DefaultChannelPipeline$HeadContext.channelRead(DefaultChannelPipeline.java:1408)
	io.netty.channel.AbstractChannelHandlerContext.invokeChannelRead(AbstractChannelHandlerContext.java:374)
	io.netty.channel.AbstractChannelHandlerContext.invokeChannelRead(AbstractChannelHandlerContext.java:360)
	io.netty.channel.DefaultChannelPipeline.fireChannelRead(DefaultChannelPipeline.java:930)
	io.netty.channel.nio.AbstractNioByteChannel$NioByteUnsafe.read(AbstractNioByteChannel.java:163)
	io.netty.channel.nio.NioEventLoop.processSelectedKey(NioEventLoop.java:682)
	io.netty.channel.nio.NioEventLoop.processSelectedKeysOptimized(NioEventLoop.java:617)
	io.netty.channel.nio.NioEventLoop.processSelectedKeys(NioEventLoop.java:534)
	io.netty.channel.nio.NioEventLoop.run(NioEventLoop.java:496)
	io.netty.util.concurrent.SingleThreadEventExecutor$5.run(SingleThreadEventExecutor.java:906)
	io.netty.util.internal.ThreadExecutorMap$2.run(ThreadExecutorMap.java:74)
	io.netty.util.concurrent.FastThreadLocalRunnable.run(FastThreadLocalRunnable.java:30)
	java.lang.Thread.run(Thread.java:748)
#3:
	org.springframework.core.io.buffer.NettyDataBufferFactory.wrap(NettyDataBufferFactory.java:93)
	reactor.core.publisher.FluxMap$MapSubscriber.onNext(FluxMap.java:100)
	reactor.core.publisher.FluxPeek$PeekSubscriber.onNext(FluxPeek.java:192)
	reactor.core.publisher.FluxMap$MapSubscriber.onNext(FluxMap.java:114)
	reactor.netty.channel.FluxReceive.drainReceiver(FluxReceive.java:206)
	reactor.netty.channel.FluxReceive.onInboundNext(FluxReceive.java:322)
	reactor.netty.channel.ChannelOperations.onInboundNext(ChannelOperations.java:335)
	reactor.netty.http.server.HttpServerOperations.onInboundNext(HttpServerOperations.java:456)
	reactor.netty.channel.ChannelOperationsHandler.channelRead(ChannelOperationsHandler.java:91)
	io.netty.channel.AbstractChannelHandlerContext.invokeChannelRead(AbstractChannelHandlerContext.java:374)
	io.netty.channel.AbstractChannelHandlerContext.invokeChannelRead(AbstractChannelHandlerContext.java:360)
	io.netty.channel.AbstractChannelHandlerContext.fireChannelRead(AbstractChannelHandlerContext.java:352)
	reactor.netty.http.server.HttpTrafficHandler.channelRead(HttpTrafficHandler.java:190)
	io.netty.channel.AbstractChannelHandlerContext.invokeChannelRead(AbstractChannelHandlerContext.java:374)
	io.netty.channel.AbstractChannelHandlerContext.invokeChannelRead(AbstractChannelHandlerContext.java:360)
	io.netty.channel.AbstractChannelHandlerContext.fireChannelRead(AbstractChannelHandlerContext.java:352)
	io.netty.channel.CombinedChannelDuplexHandler$DelegatingChannelHandlerContext.fireChannelRead(CombinedChannelDuplexHandler.java:438)
	io.netty.handler.codec.ByteToMessageDecoder.fireChannelRead(ByteToMessageDecoder.java:323)
	io.netty.handler.codec.ByteToMessageDecoder.fireChannelRead(ByteToMessageDecoder.java:310)
	io.netty.handler.codec.ByteToMessageDecoder.callDecode(ByteToMessageDecoder.java:426)
	io.netty.handler.codec.ByteToMessageDecoder.channelRead(ByteToMessageDecoder.java:278)
	io.netty.channel.CombinedChannelDuplexHandler.channelRead(CombinedChannelDuplexHandler.java:253)
	io.netty.channel.AbstractChannelHandlerContext.invokeChannelRead(AbstractChannelHandlerContext.java:374)
	io.netty.channel.AbstractChannelHandlerContext.invokeChannelRead(AbstractChannelHandlerContext.java:360)
	io.netty.channel.AbstractChannelHandlerContext.fireChannelRead(AbstractChannelHandlerContext.java:352)
	io.netty.channel.DefaultChannelPipeline$HeadContext.channelRead(DefaultChannelPipeline.java:1408)
	io.netty.channel.AbstractChannelHandlerContext.invokeChannelRead(AbstractChannelHandlerContext.java:374)
	io.netty.channel.AbstractChannelHandlerContext.invokeChannelRead(AbstractChannelHandlerContext.java:360)
	io.netty.channel.DefaultChannelPipeline.fireChannelRead(DefaultChannelPipeline.java:930)
	io.netty.channel.nio.AbstractNioByteChannel$NioByteUnsafe.read(AbstractNioByteChannel.java:163)
	io.netty.channel.nio.NioEventLoop.processSelectedKey(NioEventLoop.java:682)
	io.netty.channel.nio.NioEventLoop.processSelectedKeysOptimized(NioEventLoop.java:617)
	io.netty.channel.nio.NioEventLoop.processSelectedKeys(NioEventLoop.java:534)
	io.netty.channel.nio.NioEventLoop.run(NioEventLoop.java:496)
	io.netty.util.concurrent.SingleThreadEventExecutor$5.run(SingleThreadEventExecutor.java:906)
	io.netty.util.internal.ThreadExecutorMap$2.run(ThreadExecutorMap.java:74)
	io.netty.util.concurrent.FastThreadLocalRunnable.run(FastThreadLocalRunnable.java:30)
	java.lang.Thread.run(Thread.java:748)
#4:
	reactor.core.publisher.FluxPeek$PeekSubscriber.onNext(FluxPeek.java:177)
	reactor.core.publisher.FluxMap$MapSubscriber.onNext(FluxMap.java:114)
	reactor.netty.channel.FluxReceive.drainReceiver(FluxReceive.java:206)
	reactor.netty.channel.FluxReceive.onInboundNext(FluxReceive.java:322)
	reactor.netty.channel.ChannelOperations.onInboundNext(ChannelOperations.java:335)
	reactor.netty.http.server.HttpServerOperations.onInboundNext(HttpServerOperations.java:456)
	reactor.netty.channel.ChannelOperationsHandler.channelRead(ChannelOperationsHandler.java:91)
	io.netty.channel.AbstractChannelHandlerContext.invokeChannelRead(AbstractChannelHandlerContext.java:374)
	io.netty.channel.AbstractChannelHandlerContext.invokeChannelRead(AbstractChannelHandlerContext.java:360)
	io.netty.channel.AbstractChannelHandlerContext.fireChannelRead(AbstractChannelHandlerContext.java:352)
	reactor.netty.http.server.HttpTrafficHandler.channelRead(HttpTrafficHandler.java:190)
	io.netty.channel.AbstractChannelHandlerContext.invokeChannelRead(AbstractChannelHandlerContext.java:374)
	io.netty.channel.AbstractChannelHandlerContext.invokeChannelRead(AbstractChannelHandlerContext.java:360)
	io.netty.channel.AbstractChannelHandlerContext.fireChannelRead(AbstractChannelHandlerContext.java:352)
	io.netty.channel.CombinedChannelDuplexHandler$DelegatingChannelHandlerContext.fireChannelRead(CombinedChannelDuplexHandler.java:438)
	io.netty.handler.codec.ByteToMessageDecoder.fireChannelRead(ByteToMessageDecoder.java:323)
	io.netty.handler.codec.ByteToMessageDecoder.fireChannelRead(ByteToMessageDecoder.java:310)
	io.netty.handler.codec.ByteToMessageDecoder.callDecode(ByteToMessageDecoder.java:426)
	io.netty.handler.codec.ByteToMessageDecoder.channelRead(ByteToMessageDecoder.java:278)
	io.netty.channel.CombinedChannelDuplexHandler.channelRead(CombinedChannelDuplexHandler.java:253)
	io.netty.channel.AbstractChannelHandlerContext.invokeChannelRead(AbstractChannelHandlerContext.java:374)
	io.netty.channel.AbstractChannelHandlerContext.invokeChannelRead(AbstractChannelHandlerContext.java:360)
	io.netty.channel.AbstractChannelHandlerContext.fireChannelRead(AbstractChannelHandlerContext.java:352)
	io.netty.channel.DefaultChannelPipeline$HeadContext.channelRead(DefaultChannelPipeline.java:1408)
	io.netty.channel.AbstractChannelHandlerContext.invokeChannelRead(AbstractChannelHandlerContext.java:374)
	io.netty.channel.AbstractChannelHandlerContext.invokeChannelRead(AbstractChannelHandlerContext.java:360)
	io.netty.channel.DefaultChannelPipeline.fireChannelRead(DefaultChannelPipeline.java:930)
	io.netty.channel.nio.AbstractNioByteChannel$NioByteUnsafe.read(AbstractNioByteChannel.java:163)
	io.netty.channel.nio.NioEventLoop.processSelectedKey(NioEventLoop.java:682)
	io.netty.channel.nio.NioEventLoop.processSelectedKeysOptimized(NioEventLoop.java:617)
	io.netty.channel.nio.NioEventLoop.processSelectedKeys(NioEventLoop.java:534)
	io.netty.channel.nio.NioEventLoop.run(NioEventLoop.java:496)
	io.netty.util.concurrent.SingleThreadEventExecutor$5.run(SingleThreadEventExecutor.java:906)
	io.netty.util.internal.ThreadExecutorMap$2.run(ThreadExecutorMap.java:74)
	io.netty.util.concurrent.FastThreadLocalRunnable.run(FastThreadLocalRunnable.java:30)
	java.lang.Thread.run(Thread.java:748)
#5:
	Hint: 'reactor.right.reactiveBridge' will handle the message from this point.
	io.netty.handler.codec.http.DefaultHttpContent.touch(DefaultHttpContent.java:88)
	io.netty.handler.codec.http.DefaultHttpContent.touch(DefaultHttpContent.java:24)
	io.netty.channel.DefaultChannelPipeline.touch(DefaultChannelPipeline.java:116)
	io.netty.channel.AbstractChannelHandlerContext.invokeChannelRead(AbstractChannelHandlerContext.java:357)
	io.netty.channel.AbstractChannelHandlerContext.fireChannelRead(AbstractChannelHandlerContext.java:352)
	reactor.netty.http.server.HttpTrafficHandler.channelRead(HttpTrafficHandler.java:190)
	io.netty.channel.AbstractChannelHandlerContext.invokeChannelRead(AbstractChannelHandlerContext.java:374)
	io.netty.channel.AbstractChannelHandlerContext.invokeChannelRead(AbstractChannelHandlerContext.java:360)
	io.netty.channel.AbstractChannelHandlerContext.fireChannelRead(AbstractChannelHandlerContext.java:352)
	io.netty.channel.CombinedChannelDuplexHandler$DelegatingChannelHandlerContext.fireChannelRead(CombinedChannelDuplexHandler.java:438)
	io.netty.handler.codec.ByteToMessageDecoder.fireChannelRead(ByteToMessageDecoder.java:323)
	io.netty.handler.codec.ByteToMessageDecoder.fireChannelRead(ByteToMessageDecoder.java:310)
	io.netty.handler.codec.ByteToMessageDecoder.callDecode(ByteToMessageDecoder.java:426)
	io.netty.handler.codec.ByteToMessageDecoder.channelRead(ByteToMessageDecoder.java:278)
	io.netty.channel.CombinedChannelDuplexHandler.channelRead(CombinedChannelDuplexHandler.java:253)
	io.netty.channel.AbstractChannelHandlerContext.invokeChannelRead(AbstractChannelHandlerContext.java:374)
	io.netty.channel.AbstractChannelHandlerContext.invokeChannelRead(AbstractChannelHandlerContext.java:360)
	io.netty.channel.AbstractChannelHandlerContext.fireChannelRead(AbstractChannelHandlerContext.java:352)
	io.netty.channel.DefaultChannelPipeline$HeadContext.channelRead(DefaultChannelPipeline.java:1408)
	io.netty.channel.AbstractChannelHandlerContext.invokeChannelRead(AbstractChannelHandlerContext.java:374)
	io.netty.channel.AbstractChannelHandlerContext.invokeChannelRead(AbstractChannelHandlerContext.java:360)
	io.netty.channel.DefaultChannelPipeline.fireChannelRead(DefaultChannelPipeline.java:930)
	io.netty.channel.nio.AbstractNioByteChannel$NioByteUnsafe.read(AbstractNioByteChannel.java:163)
	io.netty.channel.nio.NioEventLoop.processSelectedKey(NioEventLoop.java:682)
	io.netty.channel.nio.NioEventLoop.processSelectedKeysOptimized(NioEventLoop.java:617)
	io.netty.channel.nio.NioEventLoop.processSelectedKeys(NioEventLoop.java:534)
	io.netty.channel.nio.NioEventLoop.run(NioEventLoop.java:496)
	io.netty.util.concurrent.SingleThreadEventExecutor$5.run(SingleThreadEventExecutor.java:906)
	io.netty.util.internal.ThreadExecutorMap$2.run(ThreadExecutorMap.java:74)
	io.netty.util.concurrent.FastThreadLocalRunnable.run(FastThreadLocalRunnable.java:30)
	java.lang.Thread.run(Thread.java:748)
#6:
	Hint: 'reactor.left.httpTrafficHandler' will handle the message from this point.
	io.netty.handler.codec.http.DefaultHttpContent.touch(DefaultHttpContent.java:88)
	io.netty.handler.codec.http.DefaultHttpContent.touch(DefaultHttpContent.java:24)
	io.netty.channel.DefaultChannelPipeline.touch(DefaultChannelPipeline.java:116)
	io.netty.channel.AbstractChannelHandlerContext.invokeChannelRead(AbstractChannelHandlerContext.java:357)
	io.netty.channel.AbstractChannelHandlerContext.fireChannelRead(AbstractChannelHandlerContext.java:352)
	io.netty.channel.CombinedChannelDuplexHandler$DelegatingChannelHandlerContext.fireChannelRead(CombinedChannelDuplexHandler.java:438)
	io.netty.handler.codec.ByteToMessageDecoder.fireChannelRead(ByteToMessageDecoder.java:323)
	io.netty.handler.codec.ByteToMessageDecoder.fireChannelRead(ByteToMessageDecoder.java:310)
	io.netty.handler.codec.ByteToMessageDecoder.callDecode(ByteToMessageDecoder.java:426)
	io.netty.handler.codec.ByteToMessageDecoder.channelRead(ByteToMessageDecoder.java:278)
	io.netty.channel.CombinedChannelDuplexHandler.channelRead(CombinedChannelDuplexHandler.java:253)
	io.netty.channel.AbstractChannelHandlerContext.invokeChannelRead(AbstractChannelHandlerContext.java:374)
	io.netty.channel.AbstractChannelHandlerContext.invokeChannelRead(AbstractChannelHandlerContext.java:360)
	io.netty.channel.AbstractChannelHandlerContext.fireChannelRead(AbstractChannelHandlerContext.java:352)
	io.netty.channel.DefaultChannelPipeline$HeadContext.channelRead(DefaultChannelPipeline.java:1408)
	io.netty.channel.AbstractChannelHandlerContext.invokeChannelRead(AbstractChannelHandlerContext.java:374)
	io.netty.channel.AbstractChannelHandlerContext.invokeChannelRead(AbstractChannelHandlerContext.java:360)
	io.netty.channel.DefaultChannelPipeline.fireChannelRead(DefaultChannelPipeline.java:930)
	io.netty.channel.nio.AbstractNioByteChannel$NioByteUnsafe.read(AbstractNioByteChannel.java:163)
	io.netty.channel.nio.NioEventLoop.processSelectedKey(NioEventLoop.java:682)
	io.netty.channel.nio.NioEventLoop.processSelectedKeysOptimized(NioEventLoop.java:617)
	io.netty.channel.nio.NioEventLoop.processSelectedKeys(NioEventLoop.java:534)
	io.netty.channel.nio.NioEventLoop.run(NioEventLoop.java:496)
	io.netty.util.concurrent.SingleThreadEventExecutor$5.run(SingleThreadEventExecutor.java:906)
	io.netty.util.internal.ThreadExecutorMap$2.run(ThreadExecutorMap.java:74)
	io.netty.util.concurrent.FastThreadLocalRunnable.run(FastThreadLocalRunnable.java:30)
	java.lang.Thread.run(Thread.java:748)
Created at:
	io.netty.buffer.SimpleLeakAwareByteBuf.unwrappedDerived(SimpleLeakAwareByteBuf.java:143)
	io.netty.buffer.SimpleLeakAwareByteBuf.readRetainedSlice(SimpleLeakAwareByteBuf.java:67)
	io.netty.buffer.AdvancedLeakAwareByteBuf.readRetainedSlice(AdvancedLeakAwareByteBuf.java:107)
	io.netty.handler.codec.http.HttpObjectDecoder.decode(HttpObjectDecoder.java:336)
	io.netty.handler.codec.http.HttpServerCodec$HttpServerRequestDecoder.decode(HttpServerCodec.java:103)
	io.netty.handler.codec.ByteToMessageDecoder.decodeRemovalReentryProtection(ByteToMessageDecoder.java:502)
	io.netty.handler.codec.ByteToMessageDecoder.callDecode(ByteToMessageDecoder.java:441)
	io.netty.handler.codec.ByteToMessageDecoder.channelRead(ByteToMessageDecoder.java:278)
	io.netty.channel.CombinedChannelDuplexHandler.channelRead(CombinedChannelDuplexHandler.java:253)
	io.netty.channel.AbstractChannelHandlerContext.invokeChannelRead(AbstractChannelHandlerContext.java:374)
	io.netty.channel.AbstractChannelHandlerContext.invokeChannelRead(AbstractChannelHandlerContext.java:360)
	io.netty.channel.AbstractChannelHandlerContext.fireChannelRead(AbstractChannelHandlerContext.java:352)
	io.netty.channel.DefaultChannelPipeline$HeadContext.channelRead(DefaultChannelPipeline.java:1408)
	io.netty.channel.AbstractChannelHandlerContext.invokeChannelRead(AbstractChannelHandlerContext.java:374)
	io.netty.channel.AbstractChannelHandlerContext.invokeChannelRead(AbstractChannelHandlerContext.java:360)
	io.netty.channel.DefaultChannelPipeline.fireChannelRead(DefaultChannelPipeline.java:930)
	io.netty.channel.nio.AbstractNioByteChannel$NioByteUnsafe.read(AbstractNioByteChannel.java:163)
	io.netty.channel.nio.NioEventLoop.processSelectedKey(NioEventLoop.java:682)
	io.netty.channel.nio.NioEventLoop.processSelectedKeysOptimized(NioEventLoop.java:617)
	io.netty.channel.nio.NioEventLoop.processSelectedKeys(NioEventLoop.java:534)
	io.netty.channel.nio.NioEventLoop.run(NioEventLoop.java:496)
	io.netty.util.concurrent.SingleThreadEventExecutor$5.run(SingleThreadEventExecutor.java:906)
	io.netty.util.internal.ThreadExecutorMap$2.run(ThreadExecutorMap.java:74)
	io.netty.util.concurrent.FastThreadLocalRunnable.run(FastThreadLocalRunnable.java:30)
	java.lang.Thread.run(Thread.java:748)
: 4 leak records were discarded because the leak record count is targeted to 4. Use system property io.netty.leakDetection.targetRecords to increase the limit.
22:42:59.870 [reactor-http-nio-14] ERROR i.n.u.ResourceLeakDetector - LEAK: ByteBuf.release() was not called before it's garbage-collected. See http://netty.io/wiki/reference-counted-objects.html for more information.
Recent access records: 
#1:
	io.netty.buffer.AdvancedLeakAwareByteBuf.order(AdvancedLeakAwareByteBuf.java:70)
	io.netty.buffer.CompositeByteBuf.newComponent(CompositeByteBuf.java:318)
	io.netty.buffer.CompositeByteBuf.addComponent0(CompositeByteBuf.java:280)
	io.netty.buffer.CompositeByteBuf.addComponent(CompositeByteBuf.java:265)
	io.netty.buffer.CompositeByteBuf.addComponent(CompositeByteBuf.java:222)
	io.netty.buffer.WrappedCompositeByteBuf.addComponent(WrappedCompositeByteBuf.java:529)
	io.netty.buffer.AdvancedLeakAwareCompositeByteBuf.addComponent(AdvancedLeakAwareCompositeByteBuf.java:921)
	org.springframework.core.io.buffer.NettyDataBufferFactory.join(NettyDataBufferFactory.java:111)
	org.springframework.core.io.buffer.DataBufferUtils.joinAndStrip(DataBufferUtils.java:686)
	org.springframework.core.io.buffer.DataBufferUtils.lambda$split$20(DataBufferUtils.java:605)
	reactor.core.publisher.FluxMap$MapConditionalSubscriber.onNext(FluxMap.java:199)
	reactor.core.publisher.FluxBufferPredicate$BufferPredicateSubscriber.emit(FluxBufferPredicate.java:290)
	reactor.core.publisher.FluxBufferPredicate$BufferPredicateSubscriber.onNextNewBuffer(FluxBufferPredicate.java:257)
	reactor.core.publisher.FluxBufferPredicate$BufferPredicateSubscriber.tryOnNext(FluxBufferPredicate.java:211)
	reactor.core.publisher.FluxBufferPredicate$BufferPredicateSubscriber.onNext(FluxBufferPredicate.java:184)
	reactor.core.publisher.FluxFlatMap$FlatMapMain.drainLoop(FluxFlatMap.java:664)
	reactor.core.publisher.FluxFlatMap$FlatMapMain.drain(FluxFlatMap.java:540)
	reactor.core.publisher.FluxFlatMap$FlatMapInner.onSubscribe(FluxFlatMap.java:924)
	reactor.core.publisher.FluxIterable.subscribe(FluxIterable.java:139)
	reactor.core.publisher.FluxIterable.subscribe(FluxIterable.java:63)
	reactor.core.publisher.Flux.subscribe(Flux.java:7922)
	reactor.core.publisher.FluxFlatMap$FlatMapMain.onNext(FluxFlatMap.java:389)
	reactor.core.publisher.FluxConcatMap$ConcatMapImmediate.innerNext(FluxConcatMap.java:275)
	reactor.core.publisher.FluxConcatMap$ConcatMapInner.onNext(FluxConcatMap.java:849)
	reactor.core.publisher.FluxConcatMap$WeakScalarSubscription.request(FluxConcatMap.java:470)
	reactor.core.publisher.Operators$MultiSubscriptionSubscriber.set(Operators.java:1939)
	reactor.core.publisher.FluxConcatMap$ConcatMapImmediate.drain(FluxConcatMap.java:436)
	reactor.core.publisher.FluxConcatMap$ConcatMapImmediate.onNext(FluxConcatMap.java:244)
	reactor.core.publisher.FluxMap$MapSubscriber.onNext(FluxMap.java:114)
	reactor.core.publisher.FluxPeek$PeekSubscriber.onNext(FluxPeek.java:192)
	reactor.core.publisher.FluxMap$MapSubscriber.onNext(FluxMap.java:114)
	reactor.netty.channel.FluxReceive.drainReceiver(FluxReceive.java:206)
	reactor.netty.channel.FluxReceive.onInboundNext(FluxReceive.java:322)
	reactor.netty.channel.ChannelOperations.onInboundNext(ChannelOperations.java:335)
	reactor.netty.http.server.HttpServerOperations.onInboundNext(HttpServerOperations.java:456)
	reactor.netty.channel.ChannelOperationsHandler.channelRead(ChannelOperationsHandler.java:91)
	io.netty.channel.AbstractChannelHandlerContext.invokeChannelRead(AbstractChannelHandlerContext.java:374)
	io.netty.channel.AbstractChannelHandlerContext.invokeChannelRead(AbstractChannelHandlerContext.java:360)
	io.netty.channel.AbstractChannelHandlerContext.fireChannelRead(AbstractChannelHandlerContext.java:352)
	reactor.netty.http.server.HttpTrafficHandler.channelRead(HttpTrafficHandler.java:190)
	io.netty.channel.AbstractChannelHandlerContext.invokeChannelRead(AbstractChannelHandlerContext.java:374)
	io.netty.channel.AbstractChannelHandlerContext.invokeChannelRead(AbstractChannelHandlerContext.java:360)
	io.netty.channel.AbstractChannelHandlerContext.fireChannelRead(AbstractChannelHandlerContext.java:352)
	io.netty.channel.CombinedChannelDuplexHandler$DelegatingChannelHandlerContext.fireChannelRead(CombinedChannelDuplexHandler.java:438)
	io.netty.handler.codec.ByteToMessageDecoder.fireChannelRead(ByteToMessageDecoder.java:323)
	io.netty.handler.codec.ByteToMessageDecoder.fireChannelRead(ByteToMessageDecoder.java:310)
	io.netty.handler.codec.ByteToMessageDecoder.callDecode(ByteToMessageDecoder.java:426)
	io.netty.handler.codec.ByteToMessageDecoder.channelRead(ByteToMessageDecoder.java:278)
	io.netty.channel.CombinedChannelDuplexHandler.channelRead(CombinedChannelDuplexHandler.java:253)
	io.netty.channel.AbstractChannelHandlerContext.invokeChannelRead(AbstractChannelHandlerContext.java:374)
	io.netty.channel.AbstractChannelHandlerContext.invokeChannelRead(AbstractChannelHandlerContext.java:360)
	io.netty.channel.AbstractChannelHandlerContext.fireChannelRead(AbstractChannelHandlerContext.java:352)
	io.netty.channel.DefaultChannelPipeline$HeadContext.channelRead(DefaultChannelPipeline.java:1408)
	io.netty.channel.AbstractChannelHandlerContext.invokeChannelRead(AbstractChannelHandlerContext.java:374)
	io.netty.channel.AbstractChannelHandlerContext.invokeChannelRead(AbstractChannelHandlerContext.java:360)
	io.netty.channel.DefaultChannelPipeline.fireChannelRead(DefaultChannelPipeline.java:930)
	io.netty.channel.nio.AbstractNioByteChannel$NioByteUnsafe.read(AbstractNioByteChannel.java:163)
	io.netty.channel.nio.NioEventLoop.processSelectedKey(NioEventLoop.java:682)
	io.netty.channel.nio.NioEventLoop.processSelectedKeysOptimized(NioEventLoop.java:617)
	io.netty.channel.nio.NioEventLoop.processSelectedKeys(NioEventLoop.java:534)
	io.netty.channel.nio.NioEventLoop.run(NioEventLoop.java:496)
	io.netty.util.concurrent.SingleThreadEventExecutor$5.run(SingleThreadEventExecutor.java:906)
	io.netty.util.internal.ThreadExecutorMap$2.run(ThreadExecutorMap.java:74)
	io.netty.util.concurrent.FastThreadLocalRunnable.run(FastThreadLocalRunnable.java:30)
	java.lang.Thread.run(Thread.java:748)
#2:
	io.netty.buffer.AdvancedLeakAwareByteBuf.getByte(AdvancedLeakAwareByteBuf.java:154)
	org.springframework.core.io.buffer.NettyDataBuffer.getByte(NettyDataBuffer.java:132)
	org.springframework.core.io.buffer.DataBufferUtils$KnuthMorrisPrattMatcher.match(DataBufferUtils.java:1005)
	org.springframework.core.io.buffer.DataBufferUtils.endFrameAfterDelimiter(DataBufferUtils.java:634)
	org.springframework.core.io.buffer.DataBufferUtils.lambda$split$18(DataBufferUtils.java:603)
	reactor.core.publisher.FluxFlatMap$FlatMapMain.onNext(FluxFlatMap.java:350)
	reactor.core.publisher.FluxConcatMap$ConcatMapImmediate.innerNext(FluxConcatMap.java:275)
	reactor.core.publisher.FluxConcatMap$ConcatMapInner.onNext(FluxConcatMap.java:849)
	reactor.core.publisher.FluxConcatMap$WeakScalarSubscription.request(FluxConcatMap.java:470)
	reactor.core.publisher.Operators$MultiSubscriptionSubscriber.set(Operators.java:1939)
	reactor.core.publisher.FluxConcatMap$ConcatMapImmediate.drain(FluxConcatMap.java:436)
	reactor.core.publisher.FluxConcatMap$ConcatMapImmediate.onNext(FluxConcatMap.java:244)
	reactor.core.publisher.FluxMap$MapSubscriber.onNext(FluxMap.java:114)
	reactor.core.publisher.FluxPeek$PeekSubscriber.onNext(FluxPeek.java:192)
	reactor.core.publisher.FluxMap$MapSubscriber.onNext(FluxMap.java:114)
	reactor.netty.channel.FluxReceive.drainReceiver(FluxReceive.java:206)
	reactor.netty.channel.FluxReceive.onInboundNext(FluxReceive.java:322)
	reactor.netty.channel.ChannelOperations.onInboundNext(ChannelOperations.java:335)
	reactor.netty.http.server.HttpServerOperations.onInboundNext(HttpServerOperations.java:456)
	reactor.netty.channel.ChannelOperationsHandler.channelRead(ChannelOperationsHandler.java:91)
	io.netty.channel.AbstractChannelHandlerContext.invokeChannelRead(AbstractChannelHandlerContext.java:374)
	io.netty.channel.AbstractChannelHandlerContext.invokeChannelRead(AbstractChannelHandlerContext.java:360)
	io.netty.channel.AbstractChannelHandlerContext.fireChannelRead(AbstractChannelHandlerContext.java:352)
	reactor.netty.http.server.HttpTrafficHandler.channelRead(HttpTrafficHandler.java:190)
	io.netty.channel.AbstractChannelHandlerContext.invokeChannelRead(AbstractChannelHandlerContext.java:374)
	io.netty.channel.AbstractChannelHandlerContext.invokeChannelRead(AbstractChannelHandlerContext.java:360)
	io.netty.channel.AbstractChannelHandlerContext.fireChannelRead(AbstractChannelHandlerContext.java:352)
	io.netty.channel.CombinedChannelDuplexHandler$DelegatingChannelHandlerContext.fireChannelRead(CombinedChannelDuplexHandler.java:438)
	io.netty.handler.codec.ByteToMessageDecoder.fireChannelRead(ByteToMessageDecoder.java:323)
	io.netty.handler.codec.ByteToMessageDecoder.fireChannelRead(ByteToMessageDecoder.java:310)
	io.netty.handler.codec.ByteToMessageDecoder.callDecode(ByteToMessageDecoder.java:426)
	io.netty.handler.codec.ByteToMessageDecoder.channelRead(ByteToMessageDecoder.java:278)
	io.netty.channel.CombinedChannelDuplexHandler.channelRead(CombinedChannelDuplexHandler.java:253)
	io.netty.channel.AbstractChannelHandlerContext.invokeChannelRead(AbstractChannelHandlerContext.java:374)
	io.netty.channel.AbstractChannelHandlerContext.invokeChannelRead(AbstractChannelHandlerContext.java:360)
	io.netty.channel.AbstractChannelHandlerContext.fireChannelRead(AbstractChannelHandlerContext.java:352)
	io.netty.channel.DefaultChannelPipeline$HeadContext.channelRead(DefaultChannelPipeline.java:1408)
	io.netty.channel.AbstractChannelHandlerContext.invokeChannelRead(AbstractChannelHandlerContext.java:374)
	io.netty.channel.AbstractChannelHandlerContext.invokeChannelRead(AbstractChannelHandlerContext.java:360)
	io.netty.channel.DefaultChannelPipeline.fireChannelRead(DefaultChannelPipeline.java:930)
	io.netty.channel.nio.AbstractNioByteChannel$NioByteUnsafe.read(AbstractNioByteChannel.java:163)
	io.netty.channel.nio.NioEventLoop.processSelectedKey(NioEventLoop.java:682)
	io.netty.channel.nio.NioEventLoop.processSelectedKeysOptimized(NioEventLoop.java:617)
	io.netty.channel.nio.NioEventLoop.processSelectedKeys(NioEventLoop.java:534)
	io.netty.channel.nio.NioEventLoop.run(NioEventLoop.java:496)
	io.netty.util.concurrent.SingleThreadEventExecutor$5.run(SingleThreadEventExecutor.java:906)
	io.netty.util.internal.ThreadExecutorMap$2.run(ThreadExecutorMap.java:74)
	io.netty.util.concurrent.FastThreadLocalRunnable.run(FastThreadLocalRunnable.java:30)
	java.lang.Thread.run(Thread.java:748)
#3:
	org.springframework.core.io.buffer.NettyDataBufferFactory.wrap(NettyDataBufferFactory.java:93)
	reactor.core.publisher.FluxMap$MapSubscriber.onNext(FluxMap.java:100)
	reactor.core.publisher.FluxPeek$PeekSubscriber.onNext(FluxPeek.java:192)
	reactor.core.publisher.FluxMap$MapSubscriber.onNext(FluxMap.java:114)
	reactor.netty.channel.FluxReceive.drainReceiver(FluxReceive.java:206)
	reactor.netty.channel.FluxReceive.onInboundNext(FluxReceive.java:322)
	reactor.netty.channel.ChannelOperations.onInboundNext(ChannelOperations.java:335)
	reactor.netty.http.server.HttpServerOperations.onInboundNext(HttpServerOperations.java:456)
	reactor.netty.channel.ChannelOperationsHandler.channelRead(ChannelOperationsHandler.java:91)
	io.netty.channel.AbstractChannelHandlerContext.invokeChannelRead(AbstractChannelHandlerContext.java:374)
	io.netty.channel.AbstractChannelHandlerContext.invokeChannelRead(AbstractChannelHandlerContext.java:360)
	io.netty.channel.AbstractChannelHandlerContext.fireChannelRead(AbstractChannelHandlerContext.java:352)
	reactor.netty.http.server.HttpTrafficHandler.channelRead(HttpTrafficHandler.java:190)
	io.netty.channel.AbstractChannelHandlerContext.invokeChannelRead(AbstractChannelHandlerContext.java:374)
	io.netty.channel.AbstractChannelHandlerContext.invokeChannelRead(AbstractChannelHandlerContext.java:360)
	io.netty.channel.AbstractChannelHandlerContext.fireChannelRead(AbstractChannelHandlerContext.java:352)
	io.netty.channel.CombinedChannelDuplexHandler$DelegatingChannelHandlerContext.fireChannelRead(CombinedChannelDuplexHandler.java:438)
	io.netty.handler.codec.ByteToMessageDecoder.fireChannelRead(ByteToMessageDecoder.java:323)
	io.netty.handler.codec.ByteToMessageDecoder.fireChannelRead(ByteToMessageDecoder.java:310)
	io.netty.handler.codec.ByteToMessageDecoder.callDecode(ByteToMessageDecoder.java:426)
	io.netty.handler.codec.ByteToMessageDecoder.channelRead(ByteToMessageDecoder.java:278)
	io.netty.channel.CombinedChannelDuplexHandler.channelRead(CombinedChannelDuplexHandler.java:253)
	io.netty.channel.AbstractChannelHandlerContext.invokeChannelRead(AbstractChannelHandlerContext.java:374)
	io.netty.channel.AbstractChannelHandlerContext.invokeChannelRead(AbstractChannelHandlerContext.java:360)
	io.netty.channel.AbstractChannelHandlerContext.fireChannelRead(AbstractChannelHandlerContext.java:352)
	io.netty.channel.DefaultChannelPipeline$HeadContext.channelRead(DefaultChannelPipeline.java:1408)
	io.netty.channel.AbstractChannelHandlerContext.invokeChannelRead(AbstractChannelHandlerContext.java:374)
	io.netty.channel.AbstractChannelHandlerContext.invokeChannelRead(AbstractChannelHandlerContext.java:360)
	io.netty.channel.DefaultChannelPipeline.fireChannelRead(DefaultChannelPipeline.java:930)
	io.netty.channel.nio.AbstractNioByteChannel$NioByteUnsafe.read(AbstractNioByteChannel.java:163)
	io.netty.channel.nio.NioEventLoop.processSelectedKey(NioEventLoop.java:682)
	io.netty.channel.nio.NioEventLoop.processSelectedKeysOptimized(NioEventLoop.java:617)
	io.netty.channel.nio.NioEventLoop.processSelectedKeys(NioEventLoop.java:534)
	io.netty.channel.nio.NioEventLoop.run(NioEventLoop.java:496)
	io.netty.util.concurrent.SingleThreadEventExecutor$5.run(SingleThreadEventExecutor.java:906)
	io.netty.util.internal.ThreadExecutorMap$2.run(ThreadExecutorMap.java:74)
	io.netty.util.concurrent.FastThreadLocalRunnable.run(FastThreadLocalRunnable.java:30)
	java.lang.Thread.run(Thread.java:748)
#4:
	reactor.core.publisher.FluxPeek$PeekSubscriber.onNext(FluxPeek.java:177)
	reactor.core.publisher.FluxMap$MapSubscriber.onNext(FluxMap.java:114)
	reactor.netty.channel.FluxReceive.drainReceiver(FluxReceive.java:206)
	reactor.netty.channel.FluxReceive.onInboundNext(FluxReceive.java:322)
	reactor.netty.channel.ChannelOperations.onInboundNext(ChannelOperations.java:335)
	reactor.netty.http.server.HttpServerOperations.onInboundNext(HttpServerOperations.java:456)
	reactor.netty.channel.ChannelOperationsHandler.channelRead(ChannelOperationsHandler.java:91)
	io.netty.channel.AbstractChannelHandlerContext.invokeChannelRead(AbstractChannelHandlerContext.java:374)
	io.netty.channel.AbstractChannelHandlerContext.invokeChannelRead(AbstractChannelHandlerContext.java:360)
	io.netty.channel.AbstractChannelHandlerContext.fireChannelRead(AbstractChannelHandlerContext.java:352)
	reactor.netty.http.server.HttpTrafficHandler.channelRead(HttpTrafficHandler.java:190)
	io.netty.channel.AbstractChannelHandlerContext.invokeChannelRead(AbstractChannelHandlerContext.java:374)
	io.netty.channel.AbstractChannelHandlerContext.invokeChannelRead(AbstractChannelHandlerContext.java:360)
	io.netty.channel.AbstractChannelHandlerContext.fireChannelRead(AbstractChannelHandlerContext.java:352)
	io.netty.channel.CombinedChannelDuplexHandler$DelegatingChannelHandlerContext.fireChannelRead(CombinedChannelDuplexHandler.java:438)
	io.netty.handler.codec.ByteToMessageDecoder.fireChannelRead(ByteToMessageDecoder.java:323)
	io.netty.handler.codec.ByteToMessageDecoder.fireChannelRead(ByteToMessageDecoder.java:310)
	io.netty.handler.codec.ByteToMessageDecoder.callDecode(ByteToMessageDecoder.java:426)
	io.netty.handler.codec.ByteToMessageDecoder.channelRead(ByteToMessageDecoder.java:278)
	io.netty.channel.CombinedChannelDuplexHandler.channelRead(CombinedChannelDuplexHandler.java:253)
	io.netty.channel.AbstractChannelHandlerContext.invokeChannelRead(AbstractChannelHandlerContext.java:374)
	io.netty.channel.AbstractChannelHandlerContext.invokeChannelRead(AbstractChannelHandlerContext.java:360)
	io.netty.channel.AbstractChannelHandlerContext.fireChannelRead(AbstractChannelHandlerContext.java:352)
	io.netty.channel.DefaultChannelPipeline$HeadContext.channelRead(DefaultChannelPipeline.java:1408)
	io.netty.channel.AbstractChannelHandlerContext.invokeChannelRead(AbstractChannelHandlerContext.java:374)
	io.netty.channel.AbstractChannelHandlerContext.invokeChannelRead(AbstractChannelHandlerContext.java:360)
	io.netty.channel.DefaultChannelPipeline.fireChannelRead(DefaultChannelPipeline.java:930)
	io.netty.channel.nio.AbstractNioByteChannel$NioByteUnsafe.read(AbstractNioByteChannel.java:163)
	io.netty.channel.nio.NioEventLoop.processSelectedKey(NioEventLoop.java:682)
	io.netty.channel.nio.NioEventLoop.processSelectedKeysOptimized(NioEventLoop.java:617)
	io.netty.channel.nio.NioEventLoop.processSelectedKeys(NioEventLoop.java:534)
	io.netty.channel.nio.NioEventLoop.run(NioEventLoop.java:496)
	io.netty.util.concurrent.SingleThreadEventExecutor$5.run(SingleThreadEventExecutor.java:906)
	io.netty.util.internal.ThreadExecutorMap$2.run(ThreadExecutorMap.java:74)
	io.netty.util.concurrent.FastThreadLocalRunnable.run(FastThreadLocalRunnable.java:30)
	java.lang.Thread.run(Thread.java:748)
#5:
	Hint: 'reactor.right.reactiveBridge' will handle the message from this point.
	io.netty.handler.codec.http.DefaultHttpContent.touch(DefaultHttpContent.java:88)
	io.netty.handler.codec.http.DefaultHttpContent.touch(DefaultHttpContent.java:24)
	io.netty.channel.DefaultChannelPipeline.touch(DefaultChannelPipeline.java:116)
	io.netty.channel.AbstractChannelHandlerContext.invokeChannelRead(AbstractChannelHandlerContext.java:357)
	io.netty.channel.AbstractChannelHandlerContext.fireChannelRead(AbstractChannelHandlerContext.java:352)
	reactor.netty.http.server.HttpTrafficHandler.channelRead(HttpTrafficHandler.java:190)
	io.netty.channel.AbstractChannelHandlerContext.invokeChannelRead(AbstractChannelHandlerContext.java:374)
	io.netty.channel.AbstractChannelHandlerContext.invokeChannelRead(AbstractChannelHandlerContext.java:360)
	io.netty.channel.AbstractChannelHandlerContext.fireChannelRead(AbstractChannelHandlerContext.java:352)
	io.netty.channel.CombinedChannelDuplexHandler$DelegatingChannelHandlerContext.fireChannelRead(CombinedChannelDuplexHandler.java:438)
	io.netty.handler.codec.ByteToMessageDecoder.fireChannelRead(ByteToMessageDecoder.java:323)
	io.netty.handler.codec.ByteToMessageDecoder.fireChannelRead(ByteToMessageDecoder.java:310)
	io.netty.handler.codec.ByteToMessageDecoder.callDecode(ByteToMessageDecoder.java:426)
	io.netty.handler.codec.ByteToMessageDecoder.channelRead(ByteToMessageDecoder.java:278)
	io.netty.channel.CombinedChannelDuplexHandler.channelRead(CombinedChannelDuplexHandler.java:253)
	io.netty.channel.AbstractChannelHandlerContext.invokeChannelRead(AbstractChannelHandlerContext.java:374)
	io.netty.channel.AbstractChannelHandlerContext.invokeChannelRead(AbstractChannelHandlerContext.java:360)
	io.netty.channel.AbstractChannelHandlerContext.fireChannelRead(AbstractChannelHandlerContext.java:352)
	io.netty.channel.DefaultChannelPipeline$HeadContext.channelRead(DefaultChannelPipeline.java:1408)
	io.netty.channel.AbstractChannelHandlerContext.invokeChannelRead(AbstractChannelHandlerContext.java:374)
	io.netty.channel.AbstractChannelHandlerContext.invokeChannelRead(AbstractChannelHandlerContext.java:360)
	io.netty.channel.DefaultChannelPipeline.fireChannelRead(DefaultChannelPipeline.java:930)
	io.netty.channel.nio.AbstractNioByteChannel$NioByteUnsafe.read(AbstractNioByteChannel.java:163)
	io.netty.channel.nio.NioEventLoop.processSelectedKey(NioEventLoop.java:682)
	io.netty.channel.nio.NioEventLoop.processSelectedKeysOptimized(NioEventLoop.java:617)
	io.netty.channel.nio.NioEventLoop.processSelectedKeys(NioEventLoop.java:534)
	io.netty.channel.nio.NioEventLoop.run(NioEventLoop.java:496)
	io.netty.util.concurrent.SingleThreadEventExecutor$5.run(SingleThreadEventExecutor.java:906)
	io.netty.util.internal.ThreadExecutorMap$2.run(ThreadExecutorMap.java:74)
	io.netty.util.concurrent.FastThreadLocalRunnable.run(FastThreadLocalRunnable.java:30)
	java.lang.Thread.run(Thread.java:748)
#6:
	Hint: 'reactor.left.httpTrafficHandler' will handle the message from this point.
	io.netty.handler.codec.http.DefaultHttpContent.touch(DefaultHttpContent.java:88)
	io.netty.handler.codec.http.DefaultHttpContent.touch(DefaultHttpContent.java:24)
	io.netty.channel.DefaultChannelPipeline.touch(DefaultChannelPipeline.java:116)
	io.netty.channel.AbstractChannelHandlerContext.invokeChannelRead(AbstractChannelHandlerContext.java:357)
	io.netty.channel.AbstractChannelHandlerContext.fireChannelRead(AbstractChannelHandlerContext.java:352)
	io.netty.channel.CombinedChannelDuplexHandler$DelegatingChannelHandlerContext.fireChannelRead(CombinedChannelDuplexHandler.java:438)
	io.netty.handler.codec.ByteToMessageDecoder.fireChannelRead(ByteToMessageDecoder.java:323)
	io.netty.handler.codec.ByteToMessageDecoder.fireChannelRead(ByteToMessageDecoder.java:310)
	io.netty.handler.codec.ByteToMessageDecoder.callDecode(ByteToMessageDecoder.java:426)
	io.netty.handler.codec.ByteToMessageDecoder.channelRead(ByteToMessageDecoder.java:278)
	io.netty.channel.CombinedChannelDuplexHandler.channelRead(CombinedChannelDuplexHandler.java:253)
	io.netty.channel.AbstractChannelHandlerContext.invokeChannelRead(AbstractChannelHandlerContext.java:374)
	io.netty.channel.AbstractChannelHandlerContext.invokeChannelRead(AbstractChannelHandlerContext.java:360)
	io.netty.channel.AbstractChannelHandlerContext.fireChannelRead(AbstractChannelHandlerContext.java:352)
	io.netty.channel.DefaultChannelPipeline$HeadContext.channelRead(DefaultChannelPipeline.java:1408)
	io.netty.channel.AbstractChannelHandlerContext.invokeChannelRead(AbstractChannelHandlerContext.java:374)
	io.netty.channel.AbstractChannelHandlerContext.invokeChannelRead(AbstractChannelHandlerContext.java:360)
	io.netty.channel.DefaultChannelPipeline.fireChannelRead(DefaultChannelPipeline.java:930)
	io.netty.channel.nio.AbstractNioByteChannel$NioByteUnsafe.read(AbstractNioByteChannel.java:163)
	io.netty.channel.nio.NioEventLoop.processSelectedKey(NioEventLoop.java:682)
	io.netty.channel.nio.NioEventLoop.processSelectedKeysOptimized(NioEventLoop.java:617)
	io.netty.channel.nio.NioEventLoop.processSelectedKeys(NioEventLoop.java:534)
	io.netty.channel.nio.NioEventLoop.run(NioEventLoop.java:496)
	io.netty.util.concurrent.SingleThreadEventExecutor$5.run(SingleThreadEventExecutor.java:906)
	io.netty.util.internal.ThreadExecutorMap$2.run(ThreadExecutorMap.java:74)
	io.netty.util.concurrent.FastThreadLocalRunnable.run(FastThreadLocalRunnable.java:30)
	java.lang.Thread.run(Thread.java:748)
Created at:
	io.netty.buffer.SimpleLeakAwareByteBuf.unwrappedDerived(SimpleLeakAwareByteBuf.java:143)
	io.netty.buffer.SimpleLeakAwareByteBuf.readRetainedSlice(SimpleLeakAwareByteBuf.java:67)
	io.netty.buffer.AdvancedLeakAwareByteBuf.readRetainedSlice(AdvancedLeakAwareByteBuf.java:107)
	io.netty.handler.codec.http.HttpObjectDecoder.decode(HttpObjectDecoder.java:336)
	io.netty.handler.codec.http.HttpServerCodec$HttpServerRequestDecoder.decode(HttpServerCodec.java:103)
	io.netty.handler.codec.ByteToMessageDecoder.decodeRemovalReentryProtection(ByteToMessageDecoder.java:502)
	io.netty.handler.codec.ByteToMessageDecoder.callDecode(ByteToMessageDecoder.java:441)
	io.netty.handler.codec.ByteToMessageDecoder.channelRead(ByteToMessageDecoder.java:278)
	io.netty.channel.CombinedChannelDuplexHandler.channelRead(CombinedChannelDuplexHandler.java:253)
	io.netty.channel.AbstractChannelHandlerContext.invokeChannelRead(AbstractChannelHandlerContext.java:374)
	io.netty.channel.AbstractChannelHandlerContext.invokeChannelRead(AbstractChannelHandlerContext.java:360)
	io.netty.channel.AbstractChannelHandlerContext.fireChannelRead(AbstractChannelHandlerContext.java:352)
	io.netty.channel.DefaultChannelPipeline$HeadContext.channelRead(DefaultChannelPipeline.java:1408)
	io.netty.channel.AbstractChannelHandlerContext.invokeChannelRead(AbstractChannelHandlerContext.java:374)
	io.netty.channel.AbstractChannelHandlerContext.invokeChannelRead(AbstractChannelHandlerContext.java:360)
	io.netty.channel.DefaultChannelPipeline.fireChannelRead(DefaultChannelPipeline.java:930)
	io.netty.channel.nio.AbstractNioByteChannel$NioByteUnsafe.read(AbstractNioByteChannel.java:163)
	io.netty.channel.nio.NioEventLoop.processSelectedKey(NioEventLoop.java:682)
	io.netty.channel.nio.NioEventLoop.processSelectedKeysOptimized(NioEventLoop.java:617)
	io.netty.channel.nio.NioEventLoop.processSelectedKeys(NioEventLoop.java:534)
	io.netty.channel.nio.NioEventLoop.run(NioEventLoop.java:496)
	io.netty.util.concurrent.SingleThreadEventExecutor$5.run(SingleThreadEventExecutor.java:906)
	io.netty.util.internal.ThreadExecutorMap$2.run(ThreadExecutorMap.java:74)
	io.netty.util.concurrent.FastThreadLocalRunnable.run(FastThreadLocalRunnable.java:30)
	java.lang.Thread.run(Thread.java:748)
: 9 leak records were discarded because they were duplicates
: 3660 leak records were discarded because the leak record count is targeted to 4. Use system property io.netty.leakDetection.targetRecords to increase the limit.
22:42:59.871 [reactor-http-nio-14] ERROR i.n.u.ResourceLeakDetector - LEAK: ByteBuf.release() was not called before it's garbage-collected. See http://netty.io/wiki/reference-counted-objects.html for more information.
Recent access records: 
#1:
	org.springframework.core.io.buffer.NettyDataBuffer.release(NettyDataBuffer.java:308)
	org.springframework.core.io.buffer.DataBufferUtils.release(DataBufferUtils.java:498)
	org.springframework.http.codec.multipart.DefaultMultipartMessageReader.toPart(DefaultMultipartMessageReader.java:206)
	reactor.core.publisher.FluxMap$MapConditionalSubscriber.onNext(FluxMap.java:199)
	reactor.core.publisher.FluxTakeWhile$TakeWhileSubscriber.onNext(FluxTakeWhile.java:94)
	reactor.core.publisher.FluxContextStart$ContextStartSubscriber.onNext(FluxContextStart.java:103)
	reactor.core.publisher.FluxMap$MapConditionalSubscriber.onNext(FluxMap.java:213)
	reactor.core.publisher.FluxBufferPredicate$BufferPredicateSubscriber.emit(FluxBufferPredicate.java:290)
	reactor.core.publisher.FluxBufferPredicate$BufferPredicateSubscriber.onNextNewBuffer(FluxBufferPredicate.java:257)
	reactor.core.publisher.FluxBufferPredicate$BufferPredicateSubscriber.tryOnNext(FluxBufferPredicate.java:211)
	reactor.core.publisher.FluxBufferPredicate$BufferPredicateSubscriber.onNext(FluxBufferPredicate.java:184)
	reactor.core.publisher.FluxFlatMap$FlatMapMain.drainLoop(FluxFlatMap.java:664)
	reactor.core.publisher.FluxFlatMap$FlatMapMain.drain(FluxFlatMap.java:540)
	reactor.core.publisher.FluxFlatMap$FlatMapInner.onSubscribe(FluxFlatMap.java:924)
	reactor.core.publisher.FluxIterable.subscribe(FluxIterable.java:139)
	reactor.core.publisher.FluxIterable.subscribe(FluxIterable.java:63)
	reactor.core.publisher.Flux.subscribe(Flux.java:7922)
	reactor.core.publisher.FluxFlatMap$FlatMapMain.onNext(FluxFlatMap.java:389)
	reactor.core.publisher.FluxConcatMap$ConcatMapImmediate.innerNext(FluxConcatMap.java:275)
	reactor.core.publisher.FluxConcatMap$ConcatMapInner.onNext(FluxConcatMap.java:849)
	reactor.core.publisher.FluxConcatMap$WeakScalarSubscription.request(FluxConcatMap.java:470)
	reactor.core.publisher.Operators$MultiSubscriptionSubscriber.set(Operators.java:1939)
	reactor.core.publisher.FluxConcatMap$ConcatMapImmediate.drain(FluxConcatMap.java:436)
	reactor.core.publisher.FluxConcatMap$ConcatMapImmediate.onNext(FluxConcatMap.java:244)
	reactor.core.publisher.FluxMap$MapSubscriber.onNext(FluxMap.java:114)
	reactor.core.publisher.FluxPeek$PeekSubscriber.onNext(FluxPeek.java:192)
	reactor.core.publisher.FluxMap$MapSubscriber.onNext(FluxMap.java:114)
	reactor.netty.channel.FluxReceive.drainReceiver(FluxReceive.java:206)
	reactor.netty.channel.FluxReceive.onInboundNext(FluxReceive.java:322)
	reactor.netty.channel.ChannelOperations.onInboundNext(ChannelOperations.java:335)
	reactor.netty.http.server.HttpServerOperations.onInboundNext(HttpServerOperations.java:456)
	reactor.netty.channel.ChannelOperationsHandler.channelRead(ChannelOperationsHandler.java:91)
	io.netty.channel.AbstractChannelHandlerContext.invokeChannelRead(AbstractChannelHandlerContext.java:374)
	io.netty.channel.AbstractChannelHandlerContext.invokeChannelRead(AbstractChannelHandlerContext.java:360)
	io.netty.channel.AbstractChannelHandlerContext.fireChannelRead(AbstractChannelHandlerContext.java:352)
	reactor.netty.http.server.HttpTrafficHandler.channelRead(HttpTrafficHandler.java:190)
	io.netty.channel.AbstractChannelHandlerContext.invokeChannelRead(AbstractChannelHandlerContext.java:374)
	io.netty.channel.AbstractChannelHandlerContext.invokeChannelRead(AbstractChannelHandlerContext.java:360)
	io.netty.channel.AbstractChannelHandlerContext.fireChannelRead(AbstractChannelHandlerContext.java:352)
	io.netty.channel.CombinedChannelDuplexHandler$DelegatingChannelHandlerContext.fireChannelRead(CombinedChannelDuplexHandler.java:438)
	io.netty.handler.codec.ByteToMessageDecoder.fireChannelRead(ByteToMessageDecoder.java:323)
	io.netty.handler.codec.ByteToMessageDecoder.fireChannelRead(ByteToMessageDecoder.java:310)
	io.netty.handler.codec.ByteToMessageDecoder.callDecode(ByteToMessageDecoder.java:426)
	io.netty.handler.codec.ByteToMessageDecoder.channelRead(ByteToMessageDecoder.java:278)
	io.netty.channel.CombinedChannelDuplexHandler.channelRead(CombinedChannelDuplexHandler.java:253)
	io.netty.channel.AbstractChannelHandlerContext.invokeChannelRead(AbstractChannelHandlerContext.java:374)
	io.netty.channel.AbstractChannelHandlerContext.invokeChannelRead(AbstractChannelHandlerContext.java:360)
	io.netty.channel.AbstractChannelHandlerContext.fireChannelRead(AbstractChannelHandlerContext.java:352)
	io.netty.channel.DefaultChannelPipeline$HeadContext.channelRead(DefaultChannelPipeline.java:1408)
	io.netty.channel.AbstractChannelHandlerContext.invokeChannelRead(AbstractChannelHandlerContext.java:374)
	io.netty.channel.AbstractChannelHandlerContext.invokeChannelRead(AbstractChannelHandlerContext.java:360)
	io.netty.channel.DefaultChannelPipeline.fireChannelRead(DefaultChannelPipeline.java:930)
	io.netty.channel.nio.AbstractNioByteChannel$NioByteUnsafe.read(AbstractNioByteChannel.java:163)
	io.netty.channel.nio.NioEventLoop.processSelectedKey(NioEventLoop.java:682)
	io.netty.channel.nio.NioEventLoop.processSelectedKeysOptimized(NioEventLoop.java:617)
	io.netty.channel.nio.NioEventLoop.processSelectedKeys(NioEventLoop.java:534)
	io.netty.channel.nio.NioEventLoop.run(NioEventLoop.java:496)
	io.netty.util.concurrent.SingleThreadEventExecutor$5.run(SingleThreadEventExecutor.java:906)
	io.netty.util.internal.ThreadExecutorMap$2.run(ThreadExecutorMap.java:74)
	io.netty.util.concurrent.FastThreadLocalRunnable.run(FastThreadLocalRunnable.java:30)
	java.lang.Thread.run(Thread.java:748)
#2:
	io.netty.buffer.AdvancedLeakAwareCompositeByteBuf.getByte(AdvancedLeakAwareCompositeByteBuf.java:140)
	org.springframework.core.io.buffer.NettyDataBuffer.getByte(NettyDataBuffer.java:132)
	org.springframework.core.io.buffer.DataBufferUtils$KnuthMorrisPrattMatcher.match(DataBufferUtils.java:1005)
	org.springframework.http.codec.multipart.DefaultMultipartMessageReader.toPart(DefaultMultipartMessageReader.java:184)
	reactor.core.publisher.FluxMap$MapConditionalSubscriber.onNext(FluxMap.java:199)
	reactor.core.publisher.FluxTakeWhile$TakeWhileSubscriber.onNext(FluxTakeWhile.java:94)
	reactor.core.publisher.FluxContextStart$ContextStartSubscriber.onNext(FluxContextStart.java:103)
	reactor.core.publisher.FluxMap$MapConditionalSubscriber.onNext(FluxMap.java:213)
	reactor.core.publisher.FluxBufferPredicate$BufferPredicateSubscriber.emit(FluxBufferPredicate.java:290)
	reactor.core.publisher.FluxBufferPredicate$BufferPredicateSubscriber.onNextNewBuffer(FluxBufferPredicate.java:257)
	reactor.core.publisher.FluxBufferPredicate$BufferPredicateSubscriber.tryOnNext(FluxBufferPredicate.java:211)
	reactor.core.publisher.FluxBufferPredicate$BufferPredicateSubscriber.onNext(FluxBufferPredicate.java:184)
	reactor.core.publisher.FluxFlatMap$FlatMapMain.drainLoop(FluxFlatMap.java:664)
	reactor.core.publisher.FluxFlatMap$FlatMapMain.drain(FluxFlatMap.java:540)
	reactor.core.publisher.FluxFlatMap$FlatMapInner.onSubscribe(FluxFlatMap.java:924)
	reactor.core.publisher.FluxIterable.subscribe(FluxIterable.java:139)
	reactor.core.publisher.FluxIterable.subscribe(FluxIterable.java:63)
	reactor.core.publisher.Flux.subscribe(Flux.java:7922)
	reactor.core.publisher.FluxFlatMap$FlatMapMain.onNext(FluxFlatMap.java:389)
	reactor.core.publisher.FluxConcatMap$ConcatMapImmediate.innerNext(FluxConcatMap.java:275)
	reactor.core.publisher.FluxConcatMap$ConcatMapInner.onNext(FluxConcatMap.java:849)
	reactor.core.publisher.FluxConcatMap$WeakScalarSubscription.request(FluxConcatMap.java:470)
	reactor.core.publisher.Operators$MultiSubscriptionSubscriber.set(Operators.java:1939)
	reactor.core.publisher.FluxConcatMap$ConcatMapImmediate.drain(FluxConcatMap.java:436)
	reactor.core.publisher.FluxConcatMap$ConcatMapImmediate.onNext(FluxConcatMap.java:244)
	reactor.core.publisher.FluxMap$MapSubscriber.onNext(FluxMap.java:114)
	reactor.core.publisher.FluxPeek$PeekSubscriber.onNext(FluxPeek.java:192)
	reactor.core.publisher.FluxMap$MapSubscriber.onNext(FluxMap.java:114)
	reactor.netty.channel.FluxReceive.drainReceiver(FluxReceive.java:206)
	reactor.netty.channel.FluxReceive.onInboundNext(FluxReceive.java:322)
	reactor.netty.channel.ChannelOperations.onInboundNext(ChannelOperations.java:335)
	reactor.netty.http.server.HttpServerOperations.onInboundNext(HttpServerOperations.java:456)
	reactor.netty.channel.ChannelOperationsHandler.channelRead(ChannelOperationsHandler.java:91)
	io.netty.channel.AbstractChannelHandlerContext.invokeChannelRead(AbstractChannelHandlerContext.java:374)
	io.netty.channel.AbstractChannelHandlerContext.invokeChannelRead(AbstractChannelHandlerContext.java:360)
	io.netty.channel.AbstractChannelHandlerContext.fireChannelRead(AbstractChannelHandlerContext.java:352)
	reactor.netty.http.server.HttpTrafficHandler.channelRead(HttpTrafficHandler.java:190)
	io.netty.channel.AbstractChannelHandlerContext.invokeChannelRead(AbstractChannelHandlerContext.java:374)
	io.netty.channel.AbstractChannelHandlerContext.invokeChannelRead(AbstractChannelHandlerContext.java:360)
	io.netty.channel.AbstractChannelHandlerContext.fireChannelRead(AbstractChannelHandlerContext.java:352)
	io.netty.channel.CombinedChannelDuplexHandler$DelegatingChannelHandlerContext.fireChannelRead(CombinedChannelDuplexHandler.java:438)
	io.netty.handler.codec.ByteToMessageDecoder.fireChannelRead(ByteToMessageDecoder.java:323)
	io.netty.handler.codec.ByteToMessageDecoder.fireChannelRead(ByteToMessageDecoder.java:310)
	io.netty.handler.codec.ByteToMessageDecoder.callDecode(ByteToMessageDecoder.java:426)
	io.netty.handler.codec.ByteToMessageDecoder.channelRead(ByteToMessageDecoder.java:278)
	io.netty.channel.CombinedChannelDuplexHandler.channelRead(CombinedChannelDuplexHandler.java:253)
	io.netty.channel.AbstractChannelHandlerContext.invokeChannelRead(AbstractChannelHandlerContext.java:374)
	io.netty.channel.AbstractChannelHandlerContext.invokeChannelRead(AbstractChannelHandlerContext.java:360)
	io.netty.channel.AbstractChannelHandlerContext.fireChannelRead(AbstractChannelHandlerContext.java:352)
	io.netty.channel.DefaultChannelPipeline$HeadContext.channelRead(DefaultChannelPipeline.java:1408)
	io.netty.channel.AbstractChannelHandlerContext.invokeChannelRead(AbstractChannelHandlerContext.java:374)
	io.netty.channel.AbstractChannelHandlerContext.invokeChannelRead(AbstractChannelHandlerContext.java:360)
	io.netty.channel.DefaultChannelPipeline.fireChannelRead(DefaultChannelPipeline.java:930)
	io.netty.channel.nio.AbstractNioByteChannel$NioByteUnsafe.read(AbstractNioByteChannel.java:163)
	io.netty.channel.nio.NioEventLoop.processSelectedKey(NioEventLoop.java:682)
	io.netty.channel.nio.NioEventLoop.processSelectedKeysOptimized(NioEventLoop.java:617)
	io.netty.channel.nio.NioEventLoop.processSelectedKeys(NioEventLoop.java:534)
	io.netty.channel.nio.NioEventLoop.run(NioEventLoop.java:496)
	io.netty.util.concurrent.SingleThreadEventExecutor$5.run(SingleThreadEventExecutor.java:906)
	io.netty.util.internal.ThreadExecutorMap$2.run(ThreadExecutorMap.java:74)
	io.netty.util.concurrent.FastThreadLocalRunnable.run(FastThreadLocalRunnable.java:30)
	java.lang.Thread.run(Thread.java:748)
#3:
	io.netty.buffer.AdvancedLeakAwareCompositeByteBuf.addComponent(AdvancedLeakAwareCompositeByteBuf.java:920)
	org.springframework.core.io.buffer.NettyDataBufferFactory.join(NettyDataBufferFactory.java:111)
	org.springframework.core.io.buffer.DataBufferUtils.joinAndStrip(DataBufferUtils.java:686)
	org.springframework.core.io.buffer.DataBufferUtils.lambda$split$20(DataBufferUtils.java:605)
	reactor.core.publisher.FluxMap$MapConditionalSubscriber.onNext(FluxMap.java:199)
	reactor.core.publisher.FluxBufferPredicate$BufferPredicateSubscriber.emit(FluxBufferPredicate.java:290)
	reactor.core.publisher.FluxBufferPredicate$BufferPredicateSubscriber.onNextNewBuffer(FluxBufferPredicate.java:257)
	reactor.core.publisher.FluxBufferPredicate$BufferPredicateSubscriber.tryOnNext(FluxBufferPredicate.java:211)
	reactor.core.publisher.FluxBufferPredicate$BufferPredicateSubscriber.onNext(FluxBufferPredicate.java:184)
	reactor.core.publisher.FluxFlatMap$FlatMapMain.drainLoop(FluxFlatMap.java:664)
	reactor.core.publisher.FluxFlatMap$FlatMapMain.drain(FluxFlatMap.java:540)
	reactor.core.publisher.FluxFlatMap$FlatMapInner.onSubscribe(FluxFlatMap.java:924)
	reactor.core.publisher.FluxIterable.subscribe(FluxIterable.java:139)
	reactor.core.publisher.FluxIterable.subscribe(FluxIterable.java:63)
	reactor.core.publisher.Flux.subscribe(Flux.java:7922)
	reactor.core.publisher.FluxFlatMap$FlatMapMain.onNext(FluxFlatMap.java:389)
	reactor.core.publisher.FluxConcatMap$ConcatMapImmediate.innerNext(FluxConcatMap.java:275)
	reactor.core.publisher.FluxConcatMap$ConcatMapInner.onNext(FluxConcatMap.java:849)
	reactor.core.publisher.FluxConcatMap$WeakScalarSubscription.request(FluxConcatMap.java:470)
	reactor.core.publisher.Operators$MultiSubscriptionSubscriber.set(Operators.java:1939)
	reactor.core.publisher.FluxConcatMap$ConcatMapImmediate.drain(FluxConcatMap.java:436)
	reactor.core.publisher.FluxConcatMap$ConcatMapImmediate.onNext(FluxConcatMap.java:244)
	reactor.core.publisher.FluxMap$MapSubscriber.onNext(FluxMap.java:114)
	reactor.core.publisher.FluxPeek$PeekSubscriber.onNext(FluxPeek.java:192)
	reactor.core.publisher.FluxMap$MapSubscriber.onNext(FluxMap.java:114)
	reactor.netty.channel.FluxReceive.drainReceiver(FluxReceive.java:206)
	reactor.netty.channel.FluxReceive.onInboundNext(FluxReceive.java:322)
	reactor.netty.channel.ChannelOperations.onInboundNext(ChannelOperations.java:335)
	reactor.netty.http.server.HttpServerOperations.onInboundNext(HttpServerOperations.java:456)
	reactor.netty.channel.ChannelOperationsHandler.channelRead(ChannelOperationsHandler.java:91)
	io.netty.channel.AbstractChannelHandlerContext.invokeChannelRead(AbstractChannelHandlerContext.java:374)
	io.netty.channel.AbstractChannelHandlerContext.invokeChannelRead(AbstractChannelHandlerContext.java:360)
	io.netty.channel.AbstractChannelHandlerContext.fireChannelRead(AbstractChannelHandlerContext.java:352)
	reactor.netty.http.server.HttpTrafficHandler.channelRead(HttpTrafficHandler.java:190)
	io.netty.channel.AbstractChannelHandlerContext.invokeChannelRead(AbstractChannelHandlerContext.java:374)
	io.netty.channel.AbstractChannelHandlerContext.invokeChannelRead(AbstractChannelHandlerContext.java:360)
	io.netty.channel.AbstractChannelHandlerContext.fireChannelRead(AbstractChannelHandlerContext.java:352)
	io.netty.channel.CombinedChannelDuplexHandler$DelegatingChannelHandlerContext.fireChannelRead(CombinedChannelDuplexHandler.java:438)
	io.netty.handler.codec.ByteToMessageDecoder.fireChannelRead(ByteToMessageDecoder.java:323)
	io.netty.handler.codec.ByteToMessageDecoder.fireChannelRead(ByteToMessageDecoder.java:310)
	io.netty.handler.codec.ByteToMessageDecoder.callDecode(ByteToMessageDecoder.java:426)
	io.netty.handler.codec.ByteToMessageDecoder.channelRead(ByteToMessageDecoder.java:278)
	io.netty.channel.CombinedChannelDuplexHandler.channelRead(CombinedChannelDuplexHandler.java:253)
	io.netty.channel.AbstractChannelHandlerContext.invokeChannelRead(AbstractChannelHandlerContext.java:374)
	io.netty.channel.AbstractChannelHandlerContext.invokeChannelRead(AbstractChannelHandlerContext.java:360)
	io.netty.channel.AbstractChannelHandlerContext.fireChannelRead(AbstractChannelHandlerContext.java:352)
	io.netty.channel.DefaultChannelPipeline$HeadContext.channelRead(DefaultChannelPipeline.java:1408)
	io.netty.channel.AbstractChannelHandlerContext.invokeChannelRead(AbstractChannelHandlerContext.java:374)
	io.netty.channel.AbstractChannelHandlerContext.invokeChannelRead(AbstractChannelHandlerContext.java:360)
	io.netty.channel.DefaultChannelPipeline.fireChannelRead(DefaultChannelPipeline.java:930)
	io.netty.channel.nio.AbstractNioByteChannel$NioByteUnsafe.read(AbstractNioByteChannel.java:163)
	io.netty.channel.nio.NioEventLoop.processSelectedKey(NioEventLoop.java:682)
	io.netty.channel.nio.NioEventLoop.processSelectedKeysOptimized(NioEventLoop.java:617)
	io.netty.channel.nio.NioEventLoop.processSelectedKeys(NioEventLoop.java:534)
	io.netty.channel.nio.NioEventLoop.run(NioEventLoop.java:496)
	io.netty.util.concurrent.SingleThreadEventExecutor$5.run(SingleThreadEventExecutor.java:906)
	io.netty.util.internal.ThreadExecutorMap$2.run(ThreadExecutorMap.java:74)
	io.netty.util.concurrent.FastThreadLocalRunnable.run(FastThreadLocalRunnable.java:30)
	java.lang.Thread.run(Thread.java:748)
Created at:
	io.netty.buffer.AbstractByteBufAllocator.compositeDirectBuffer(AbstractByteBufAllocator.java:223)
	io.netty.buffer.AbstractByteBufAllocator.compositeBuffer(AbstractByteBufAllocator.java:201)
	org.springframework.core.io.buffer.NettyDataBufferFactory.join(NettyDataBufferFactory.java:108)
	org.springframework.core.io.buffer.DataBufferUtils.joinAndStrip(DataBufferUtils.java:686)
	org.springframework.core.io.buffer.DataBufferUtils.lambda$split$20(DataBufferUtils.java:605)
	reactor.core.publisher.FluxMap$MapConditionalSubscriber.onNext(FluxMap.java:199)
	reactor.core.publisher.FluxBufferPredicate$BufferPredicateSubscriber.emit(FluxBufferPredicate.java:290)
	reactor.core.publisher.FluxBufferPredicate$BufferPredicateSubscriber.onNextNewBuffer(FluxBufferPredicate.java:257)
	reactor.core.publisher.FluxBufferPredicate$BufferPredicateSubscriber.tryOnNext(FluxBufferPredicate.java:211)
	reactor.core.publisher.FluxBufferPredicate$BufferPredicateSubscriber.onNext(FluxBufferPredicate.java:184)
	reactor.core.publisher.FluxFlatMap$FlatMapMain.drainLoop(FluxFlatMap.java:664)
	reactor.core.publisher.FluxFlatMap$FlatMapMain.drain(FluxFlatMap.java:540)
	reactor.core.publisher.FluxFlatMap$FlatMapInner.onSubscribe(FluxFlatMap.java:924)
	reactor.core.publisher.FluxIterable.subscribe(FluxIterable.java:139)
	reactor.core.publisher.FluxIterable.subscribe(FluxIterable.java:63)
	reactor.core.publisher.Flux.subscribe(Flux.java:7922)
	reactor.core.publisher.FluxFlatMap$FlatMapMain.onNext(FluxFlatMap.java:389)
	reactor.core.publisher.FluxConcatMap$ConcatMapImmediate.innerNext(FluxConcatMap.java:275)
	reactor.core.publisher.FluxConcatMap$ConcatMapInner.onNext(FluxConcatMap.java:849)
	reactor.core.publisher.FluxConcatMap$WeakScalarSubscription.request(FluxConcatMap.java:470)
	reactor.core.publisher.Operators$MultiSubscriptionSubscriber.set(Operators.java:1939)
	reactor.core.publisher.FluxConcatMap$ConcatMapImmediate.drain(FluxConcatMap.java:436)
	reactor.core.publisher.FluxConcatMap$ConcatMapImmediate.onNext(FluxConcatMap.java:244)
	reactor.core.publisher.FluxMap$MapSubscriber.onNext(FluxMap.java:114)
	reactor.core.publisher.FluxPeek$PeekSubscriber.onNext(FluxPeek.java:192)
	reactor.core.publisher.FluxMap$MapSubscriber.onNext(FluxMap.java:114)
	reactor.netty.channel.FluxReceive.drainReceiver(FluxReceive.java:206)
	reactor.netty.channel.FluxReceive.onInboundNext(FluxReceive.java:322)
	reactor.netty.channel.ChannelOperations.onInboundNext(ChannelOperations.java:335)
	reactor.netty.http.server.HttpServerOperations.onInboundNext(HttpServerOperations.java:456)
	reactor.netty.channel.ChannelOperationsHandler.channelRead(ChannelOperationsHandler.java:91)
	io.netty.channel.AbstractChannelHandlerContext.invokeChannelRead(AbstractChannelHandlerContext.java:374)
	io.netty.channel.AbstractChannelHandlerContext.invokeChannelRead(AbstractChannelHandlerContext.java:360)
	io.netty.channel.AbstractChannelHandlerContext.fireChannelRead(AbstractChannelHandlerContext.java:352)
	reactor.netty.http.server.HttpTrafficHandler.channelRead(HttpTrafficHandler.java:190)
	io.netty.channel.AbstractChannelHandlerContext.invokeChannelRead(AbstractChannelHandlerContext.java:374)
	io.netty.channel.AbstractChannelHandlerContext.invokeChannelRead(AbstractChannelHandlerContext.java:360)
	io.netty.channel.AbstractChannelHandlerContext.fireChannelRead(AbstractChannelHandlerContext.java:352)
	io.netty.channel.CombinedChannelDuplexHandler$DelegatingChannelHandlerContext.fireChannelRead(CombinedChannelDuplexHandler.java:438)
	io.netty.handler.codec.ByteToMessageDecoder.fireChannelRead(ByteToMessageDecoder.java:323)
	io.netty.handler.codec.ByteToMessageDecoder.fireChannelRead(ByteToMessageDecoder.java:310)
	io.netty.handler.codec.ByteToMessageDecoder.callDecode(ByteToMessageDecoder.java:426)
	io.netty.handler.codec.ByteToMessageDecoder.channelRead(ByteToMessageDecoder.java:278)
	io.netty.channel.CombinedChannelDuplexHandler.channelRead(CombinedChannelDuplexHandler.java:253)
	io.netty.channel.AbstractChannelHandlerContext.invokeChannelRead(AbstractChannelHandlerContext.java:374)
	io.netty.channel.AbstractChannelHandlerContext.invokeChannelRead(AbstractChannelHandlerContext.java:360)
	io.netty.channel.AbstractChannelHandlerContext.fireChannelRead(AbstractChannelHandlerContext.java:352)
	io.netty.channel.DefaultChannelPipeline$HeadContext.channelRead(DefaultChannelPipeline.java:1408)
	io.netty.channel.AbstractChannelHandlerContext.invokeChannelRead(AbstractChannelHandlerContext.java:374)
	io.netty.channel.AbstractChannelHandlerContext.invokeChannelRead(AbstractChannelHandlerContext.java:360)
	io.netty.channel.DefaultChannelPipeline.fireChannelRead(DefaultChannelPipeline.java:930)
	io.netty.channel.nio.AbstractNioByteChannel$NioByteUnsafe.read(AbstractNioByteChannel.java:163)
	io.netty.channel.nio.NioEventLoop.processSelectedKey(NioEventLoop.java:682)
	io.netty.channel.nio.NioEventLoop.processSelectedKeysOptimized(NioEventLoop.java:617)
	io.netty.channel.nio.NioEventLoop.processSelectedKeys(NioEventLoop.java:534)
	io.netty.channel.nio.NioEventLoop.run(NioEventLoop.java:496)
	io.netty.util.concurrent.SingleThreadEventExecutor$5.run(SingleThreadEventExecutor.java:906)
	io.netty.util.internal.ThreadExecutorMap$2.run(ThreadExecutorMap.java:74)
	io.netty.util.concurrent.FastThreadLocalRunnable.run(FastThreadLocalRunnable.java:30)
	java.lang.Thread.run(Thread.java:748)
: 7 leak records were discarded because they were duplicates
: 158 leak records were discarded because the leak record count is targeted to 4. Use system property io.netty.leakDetection.targetRecords to increase the limit.
22:42:59.873 [reactor-http-nio-14] ERROR i.n.u.ResourceLeakDetector - LEAK: ByteBuf.release() was not called before it's garbage-collected. See http://netty.io/wiki/reference-counted-objects.html for more information.
Recent access records: 
#1:
	org.springframework.core.io.buffer.NettyDataBuffer.release(NettyDataBuffer.java:308)
	org.springframework.core.io.buffer.DataBufferUtils.release(DataBufferUtils.java:498)
	org.springframework.http.codec.multipart.DefaultMultipartMessageReader.notLastBoundary(DefaultMultipartMessageReader.java:164)
	reactor.core.publisher.FluxTakeWhile$TakeWhileSubscriber.onNext(FluxTakeWhile.java:79)
	reactor.core.publisher.FluxContextStart$ContextStartSubscriber.onNext(FluxContextStart.java:103)
	reactor.core.publisher.FluxMap$MapConditionalSubscriber.onNext(FluxMap.java:213)
	reactor.core.publisher.DrainUtils.postCompleteDrain(DrainUtils.java:135)
	reactor.core.publisher.DrainUtils.postComplete(DrainUtils.java:186)
	reactor.core.publisher.FluxBufferPredicate$BufferPredicateSubscriber.onComplete(FluxBufferPredicate.java:285)
	reactor.core.publisher.FluxFlatMap$FlatMapMain.checkTerminated(FluxFlatMap.java:794)
	reactor.core.publisher.FluxFlatMap$FlatMapMain.drainLoop(FluxFlatMap.java:560)
	reactor.core.publisher.FluxFlatMap$FlatMapMain.drain(FluxFlatMap.java:540)
	reactor.core.publisher.FluxFlatMap$FlatMapMain.onComplete(FluxFlatMap.java:426)
	reactor.core.publisher.FluxConcatMap$ConcatMapImmediate.drain(FluxConcatMap.java:360)
	reactor.core.publisher.FluxConcatMap$ConcatMapImmediate.onComplete(FluxConcatMap.java:269)
	reactor.core.publisher.FluxMap$MapSubscriber.onComplete(FluxMap.java:136)
	reactor.core.publisher.FluxPeek$PeekSubscriber.onComplete(FluxPeek.java:252)
	reactor.core.publisher.FluxMap$MapSubscriber.onComplete(FluxMap.java:136)
	reactor.netty.channel.FluxReceive.terminateReceiver(FluxReceive.java:390)
	reactor.netty.channel.FluxReceive.drainReceiver(FluxReceive.java:197)
	reactor.netty.channel.FluxReceive.onInboundComplete(FluxReceive.java:338)
	reactor.netty.channel.ChannelOperations.onInboundComplete(ChannelOperations.java:350)
	reactor.netty.http.server.HttpServerOperations.onInboundNext(HttpServerOperations.java:459)
	reactor.netty.channel.ChannelOperationsHandler.channelRead(ChannelOperationsHandler.java:91)
	io.netty.channel.AbstractChannelHandlerContext.invokeChannelRead(AbstractChannelHandlerContext.java:374)
	io.netty.channel.AbstractChannelHandlerContext.invokeChannelRead(AbstractChannelHandlerContext.java:360)
	io.netty.channel.AbstractChannelHandlerContext.fireChannelRead(AbstractChannelHandlerContext.java:352)
	reactor.netty.http.server.HttpTrafficHandler.channelRead(HttpTrafficHandler.java:190)
	io.netty.channel.AbstractChannelHandlerContext.invokeChannelRead(AbstractChannelHandlerContext.java:374)
	io.netty.channel.AbstractChannelHandlerContext.invokeChannelRead(AbstractChannelHandlerContext.java:360)
	io.netty.channel.AbstractChannelHandlerContext.fireChannelRead(AbstractChannelHandlerContext.java:352)
	io.netty.channel.CombinedChannelDuplexHandler$DelegatingChannelHandlerContext.fireChannelRead(CombinedChannelDuplexHandler.java:438)
	io.netty.handler.codec.ByteToMessageDecoder.fireChannelRead(ByteToMessageDecoder.java:323)
	io.netty.handler.codec.ByteToMessageDecoder.channelRead(ByteToMessageDecoder.java:297)
	io.netty.channel.CombinedChannelDuplexHandler.channelRead(CombinedChannelDuplexHandler.java:253)
	io.netty.channel.AbstractChannelHandlerContext.invokeChannelRead(AbstractChannelHandlerContext.java:374)
	io.netty.channel.AbstractChannelHandlerContext.invokeChannelRead(AbstractChannelHandlerContext.java:360)
	io.netty.channel.AbstractChannelHandlerContext.fireChannelRead(AbstractChannelHandlerContext.java:352)
	io.netty.channel.DefaultChannelPipeline$HeadContext.channelRead(DefaultChannelPipeline.java:1408)
	io.netty.channel.AbstractChannelHandlerContext.invokeChannelRead(AbstractChannelHandlerContext.java:374)
	io.netty.channel.AbstractChannelHandlerContext.invokeChannelRead(AbstractChannelHandlerContext.java:360)
	io.netty.channel.DefaultChannelPipeline.fireChannelRead(DefaultChannelPipeline.java:930)
	io.netty.channel.nio.AbstractNioByteChannel$NioByteUnsafe.read(AbstractNioByteChannel.java:163)
	io.netty.channel.nio.NioEventLoop.processSelectedKey(NioEventLoop.java:682)
	io.netty.channel.nio.NioEventLoop.processSelectedKeysOptimized(NioEventLoop.java:617)
	io.netty.channel.nio.NioEventLoop.processSelectedKeys(NioEventLoop.java:534)
	io.netty.channel.nio.NioEventLoop.run(NioEventLoop.java:496)
	io.netty.util.concurrent.SingleThreadEventExecutor$5.run(SingleThreadEventExecutor.java:906)
	io.netty.util.internal.ThreadExecutorMap$2.run(ThreadExecutorMap.java:74)
	io.netty.util.concurrent.FastThreadLocalRunnable.run(FastThreadLocalRunnable.java:30)
	java.lang.Thread.run(Thread.java:748)
#2:
	io.netty.buffer.AdvancedLeakAwareByteBuf.getByte(AdvancedLeakAwareByteBuf.java:154)
	org.springframework.core.io.buffer.NettyDataBuffer.getByte(NettyDataBuffer.java:132)
	org.springframework.core.io.buffer.DataBufferUtils$KnuthMorrisPrattMatcher.match(DataBufferUtils.java:1005)
	org.springframework.core.io.buffer.DataBufferUtils.endFrameAfterDelimiter(DataBufferUtils.java:634)
	org.springframework.core.io.buffer.DataBufferUtils.lambda$split$18(DataBufferUtils.java:603)
	reactor.core.publisher.FluxFlatMap$FlatMapMain.onNext(FluxFlatMap.java:350)
	reactor.core.publisher.FluxConcatMap$ConcatMapImmediate.innerNext(FluxConcatMap.java:275)
	reactor.core.publisher.FluxConcatMap$ConcatMapInner.onNext(FluxConcatMap.java:849)
	reactor.core.publisher.FluxConcatMap$WeakScalarSubscription.request(FluxConcatMap.java:470)
	reactor.core.publisher.Operators$MultiSubscriptionSubscriber.set(Operators.java:1939)
	reactor.core.publisher.FluxConcatMap$ConcatMapImmediate.drain(FluxConcatMap.java:436)
	reactor.core.publisher.FluxConcatMap$ConcatMapImmediate.onNext(FluxConcatMap.java:244)
	reactor.core.publisher.FluxMap$MapSubscriber.onNext(FluxMap.java:114)
	reactor.core.publisher.FluxPeek$PeekSubscriber.onNext(FluxPeek.java:192)
	reactor.core.publisher.FluxMap$MapSubscriber.onNext(FluxMap.java:114)
	reactor.netty.channel.FluxReceive.drainReceiver(FluxReceive.java:206)
	reactor.netty.channel.FluxReceive.onInboundNext(FluxReceive.java:322)
	reactor.netty.channel.ChannelOperations.onInboundNext(ChannelOperations.java:335)
	reactor.netty.http.server.HttpServerOperations.onInboundNext(HttpServerOperations.java:456)
	reactor.netty.channel.ChannelOperationsHandler.channelRead(ChannelOperationsHandler.java:91)
	io.netty.channel.AbstractChannelHandlerContext.invokeChannelRead(AbstractChannelHandlerContext.java:374)
	io.netty.channel.AbstractChannelHandlerContext.invokeChannelRead(AbstractChannelHandlerContext.java:360)
	io.netty.channel.AbstractChannelHandlerContext.fireChannelRead(AbstractChannelHandlerContext.java:352)
	reactor.netty.http.server.HttpTrafficHandler.channelRead(HttpTrafficHandler.java:190)
	io.netty.channel.AbstractChannelHandlerContext.invokeChannelRead(AbstractChannelHandlerContext.java:374)
	io.netty.channel.AbstractChannelHandlerContext.invokeChannelRead(AbstractChannelHandlerContext.java:360)
	io.netty.channel.AbstractChannelHandlerContext.fireChannelRead(AbstractChannelHandlerContext.java:352)
	io.netty.channel.CombinedChannelDuplexHandler$DelegatingChannelHandlerContext.fireChannelRead(CombinedChannelDuplexHandler.java:438)
	io.netty.handler.codec.ByteToMessageDecoder.fireChannelRead(ByteToMessageDecoder.java:323)
	io.netty.handler.codec.ByteToMessageDecoder.fireChannelRead(ByteToMessageDecoder.java:310)
	io.netty.handler.codec.ByteToMessageDecoder.callDecode(ByteToMessageDecoder.java:426)
	io.netty.handler.codec.ByteToMessageDecoder.channelRead(ByteToMessageDecoder.java:278)
	io.netty.channel.CombinedChannelDuplexHandler.channelRead(CombinedChannelDuplexHandler.java:253)
	io.netty.channel.AbstractChannelHandlerContext.invokeChannelRead(AbstractChannelHandlerContext.java:374)
	io.netty.channel.AbstractChannelHandlerContext.invokeChannelRead(AbstractChannelHandlerContext.java:360)
	io.netty.channel.AbstractChannelHandlerContext.fireChannelRead(AbstractChannelHandlerContext.java:352)
	io.netty.channel.DefaultChannelPipeline$HeadContext.channelRead(DefaultChannelPipeline.java:1408)
	io.netty.channel.AbstractChannelHandlerContext.invokeChannelRead(AbstractChannelHandlerContext.java:374)
	io.netty.channel.AbstractChannelHandlerContext.invokeChannelRead(AbstractChannelHandlerContext.java:360)
	io.netty.channel.DefaultChannelPipeline.fireChannelRead(DefaultChannelPipeline.java:930)
	io.netty.channel.nio.AbstractNioByteChannel$NioByteUnsafe.read(AbstractNioByteChannel.java:163)
	io.netty.channel.nio.NioEventLoop.processSelectedKey(NioEventLoop.java:682)
	io.netty.channel.nio.NioEventLoop.processSelectedKeysOptimized(NioEventLoop.java:617)
	io.netty.channel.nio.NioEventLoop.processSelectedKeys(NioEventLoop.java:534)
	io.netty.channel.nio.NioEventLoop.run(NioEventLoop.java:496)
	io.netty.util.concurrent.SingleThreadEventExecutor$5.run(SingleThreadEventExecutor.java:906)
	io.netty.util.internal.ThreadExecutorMap$2.run(ThreadExecutorMap.java:74)
	io.netty.util.concurrent.FastThreadLocalRunnable.run(FastThreadLocalRunnable.java:30)
	java.lang.Thread.run(Thread.java:748)
#3:
	org.springframework.core.io.buffer.NettyDataBufferFactory.wrap(NettyDataBufferFactory.java:93)
	reactor.core.publisher.FluxMap$MapSubscriber.onNext(FluxMap.java:100)
	reactor.core.publisher.FluxPeek$PeekSubscriber.onNext(FluxPeek.java:192)
	reactor.core.publisher.FluxMap$MapSubscriber.onNext(FluxMap.java:114)
	reactor.netty.channel.FluxReceive.drainReceiver(FluxReceive.java:206)
	reactor.netty.channel.FluxReceive.onInboundNext(FluxReceive.java:322)
	reactor.netty.channel.ChannelOperations.onInboundNext(ChannelOperations.java:335)
	reactor.netty.http.server.HttpServerOperations.onInboundNext(HttpServerOperations.java:456)
	reactor.netty.channel.ChannelOperationsHandler.channelRead(ChannelOperationsHandler.java:91)
	io.netty.channel.AbstractChannelHandlerContext.invokeChannelRead(AbstractChannelHandlerContext.java:374)
	io.netty.channel.AbstractChannelHandlerContext.invokeChannelRead(AbstractChannelHandlerContext.java:360)
	io.netty.channel.AbstractChannelHandlerContext.fireChannelRead(AbstractChannelHandlerContext.java:352)
	reactor.netty.http.server.HttpTrafficHandler.channelRead(HttpTrafficHandler.java:190)
	io.netty.channel.AbstractChannelHandlerContext.invokeChannelRead(AbstractChannelHandlerContext.java:374)
	io.netty.channel.AbstractChannelHandlerContext.invokeChannelRead(AbstractChannelHandlerContext.java:360)
	io.netty.channel.AbstractChannelHandlerContext.fireChannelRead(AbstractChannelHandlerContext.java:352)
	io.netty.channel.CombinedChannelDuplexHandler$DelegatingChannelHandlerContext.fireChannelRead(CombinedChannelDuplexHandler.java:438)
	io.netty.handler.codec.ByteToMessageDecoder.fireChannelRead(ByteToMessageDecoder.java:323)
	io.netty.handler.codec.ByteToMessageDecoder.fireChannelRead(ByteToMessageDecoder.java:310)
	io.netty.handler.codec.ByteToMessageDecoder.callDecode(ByteToMessageDecoder.java:426)
	io.netty.handler.codec.ByteToMessageDecoder.channelRead(ByteToMessageDecoder.java:278)
	io.netty.channel.CombinedChannelDuplexHandler.channelRead(CombinedChannelDuplexHandler.java:253)
	io.netty.channel.AbstractChannelHandlerContext.invokeChannelRead(AbstractChannelHandlerContext.java:374)
	io.netty.channel.AbstractChannelHandlerContext.invokeChannelRead(AbstractChannelHandlerContext.java:360)
	io.netty.channel.AbstractChannelHandlerContext.fireChannelRead(AbstractChannelHandlerContext.java:352)
	io.netty.channel.DefaultChannelPipeline$HeadContext.channelRead(DefaultChannelPipeline.java:1408)
	io.netty.channel.AbstractChannelHandlerContext.invokeChannelRead(AbstractChannelHandlerContext.java:374)
	io.netty.channel.AbstractChannelHandlerContext.invokeChannelRead(AbstractChannelHandlerContext.java:360)
	io.netty.channel.DefaultChannelPipeline.fireChannelRead(DefaultChannelPipeline.java:930)
	io.netty.channel.nio.AbstractNioByteChannel$NioByteUnsafe.read(AbstractNioByteChannel.java:163)
	io.netty.channel.nio.NioEventLoop.processSelectedKey(NioEventLoop.java:682)
	io.netty.channel.nio.NioEventLoop.processSelectedKeysOptimized(NioEventLoop.java:617)
	io.netty.channel.nio.NioEventLoop.processSelectedKeys(NioEventLoop.java:534)
	io.netty.channel.nio.NioEventLoop.run(NioEventLoop.java:496)
	io.netty.util.concurrent.SingleThreadEventExecutor$5.run(SingleThreadEventExecutor.java:906)
	io.netty.util.internal.ThreadExecutorMap$2.run(ThreadExecutorMap.java:74)
	io.netty.util.concurrent.FastThreadLocalRunnable.run(FastThreadLocalRunnable.java:30)
	java.lang.Thread.run(Thread.java:748)
#4:
	reactor.core.publisher.FluxPeek$PeekSubscriber.onNext(FluxPeek.java:177)
	reactor.core.publisher.FluxMap$MapSubscriber.onNext(FluxMap.java:114)
	reactor.netty.channel.FluxReceive.drainReceiver(FluxReceive.java:206)
	reactor.netty.channel.FluxReceive.onInboundNext(FluxReceive.java:322)
	reactor.netty.channel.ChannelOperations.onInboundNext(ChannelOperations.java:335)
	reactor.netty.http.server.HttpServerOperations.onInboundNext(HttpServerOperations.java:456)
	reactor.netty.channel.ChannelOperationsHandler.channelRead(ChannelOperationsHandler.java:91)
	io.netty.channel.AbstractChannelHandlerContext.invokeChannelRead(AbstractChannelHandlerContext.java:374)
	io.netty.channel.AbstractChannelHandlerContext.invokeChannelRead(AbstractChannelHandlerContext.java:360)
	io.netty.channel.AbstractChannelHandlerContext.fireChannelRead(AbstractChannelHandlerContext.java:352)
	reactor.netty.http.server.HttpTrafficHandler.channelRead(HttpTrafficHandler.java:190)
	io.netty.channel.AbstractChannelHandlerContext.invokeChannelRead(AbstractChannelHandlerContext.java:374)
	io.netty.channel.AbstractChannelHandlerContext.invokeChannelRead(AbstractChannelHandlerContext.java:360)
	io.netty.channel.AbstractChannelHandlerContext.fireChannelRead(AbstractChannelHandlerContext.java:352)
	io.netty.channel.CombinedChannelDuplexHandler$DelegatingChannelHandlerContext.fireChannelRead(CombinedChannelDuplexHandler.java:438)
	io.netty.handler.codec.ByteToMessageDecoder.fireChannelRead(ByteToMessageDecoder.java:323)
	io.netty.handler.codec.ByteToMessageDecoder.fireChannelRead(ByteToMessageDecoder.java:310)
	io.netty.handler.codec.ByteToMessageDecoder.callDecode(ByteToMessageDecoder.java:426)
	io.netty.handler.codec.ByteToMessageDecoder.channelRead(ByteToMessageDecoder.java:278)
	io.netty.channel.CombinedChannelDuplexHandler.channelRead(CombinedChannelDuplexHandler.java:253)
	io.netty.channel.AbstractChannelHandlerContext.invokeChannelRead(AbstractChannelHandlerContext.java:374)
	io.netty.channel.AbstractChannelHandlerContext.invokeChannelRead(AbstractChannelHandlerContext.java:360)
	io.netty.channel.AbstractChannelHandlerContext.fireChannelRead(AbstractChannelHandlerContext.java:352)
	io.netty.channel.DefaultChannelPipeline$HeadContext.channelRead(DefaultChannelPipeline.java:1408)
	io.netty.channel.AbstractChannelHandlerContext.invokeChannelRead(AbstractChannelHandlerContext.java:374)
	io.netty.channel.AbstractChannelHandlerContext.invokeChannelRead(AbstractChannelHandlerContext.java:360)
	io.netty.channel.DefaultChannelPipeline.fireChannelRead(DefaultChannelPipeline.java:930)
	io.netty.channel.nio.AbstractNioByteChannel$NioByteUnsafe.read(AbstractNioByteChannel.java:163)
	io.netty.channel.nio.NioEventLoop.processSelectedKey(NioEventLoop.java:682)
	io.netty.channel.nio.NioEventLoop.processSelectedKeysOptimized(NioEventLoop.java:617)
	io.netty.channel.nio.NioEventLoop.processSelectedKeys(NioEventLoop.java:534)
	io.netty.channel.nio.NioEventLoop.run(NioEventLoop.java:496)
	io.netty.util.concurrent.SingleThreadEventExecutor$5.run(SingleThreadEventExecutor.java:906)
	io.netty.util.internal.ThreadExecutorMap$2.run(ThreadExecutorMap.java:74)
	io.netty.util.concurrent.FastThreadLocalRunnable.run(FastThreadLocalRunnable.java:30)
	java.lang.Thread.run(Thread.java:748)
#5:
	Hint: 'reactor.right.reactiveBridge' will handle the message from this point.
	io.netty.handler.codec.http.DefaultHttpContent.touch(DefaultHttpContent.java:88)
	io.netty.handler.codec.http.DefaultHttpContent.touch(DefaultHttpContent.java:24)
	io.netty.channel.DefaultChannelPipeline.touch(DefaultChannelPipeline.java:116)
	io.netty.channel.AbstractChannelHandlerContext.invokeChannelRead(AbstractChannelHandlerContext.java:357)
	io.netty.channel.AbstractChannelHandlerContext.fireChannelRead(AbstractChannelHandlerContext.java:352)
	reactor.netty.http.server.HttpTrafficHandler.channelRead(HttpTrafficHandler.java:190)
	io.netty.channel.AbstractChannelHandlerContext.invokeChannelRead(AbstractChannelHandlerContext.java:374)
	io.netty.channel.AbstractChannelHandlerContext.invokeChannelRead(AbstractChannelHandlerContext.java:360)
	io.netty.channel.AbstractChannelHandlerContext.fireChannelRead(AbstractChannelHandlerContext.java:352)
	io.netty.channel.CombinedChannelDuplexHandler$DelegatingChannelHandlerContext.fireChannelRead(CombinedChannelDuplexHandler.java:438)
	io.netty.handler.codec.ByteToMessageDecoder.fireChannelRead(ByteToMessageDecoder.java:323)
	io.netty.handler.codec.ByteToMessageDecoder.fireChannelRead(ByteToMessageDecoder.java:310)
	io.netty.handler.codec.ByteToMessageDecoder.callDecode(ByteToMessageDecoder.java:426)
	io.netty.handler.codec.ByteToMessageDecoder.channelRead(ByteToMessageDecoder.java:278)
	io.netty.channel.CombinedChannelDuplexHandler.channelRead(CombinedChannelDuplexHandler.java:253)
	io.netty.channel.AbstractChannelHandlerContext.invokeChannelRead(AbstractChannelHandlerContext.java:374)
	io.netty.channel.AbstractChannelHandlerContext.invokeChannelRead(AbstractChannelHandlerContext.java:360)
	io.netty.channel.AbstractChannelHandlerContext.fireChannelRead(AbstractChannelHandlerContext.java:352)
	io.netty.channel.DefaultChannelPipeline$HeadContext.channelRead(DefaultChannelPipeline.java:1408)
	io.netty.channel.AbstractChannelHandlerContext.invokeChannelRead(AbstractChannelHandlerContext.java:374)
	io.netty.channel.AbstractChannelHandlerContext.invokeChannelRead(AbstractChannelHandlerContext.java:360)
	io.netty.channel.DefaultChannelPipeline.fireChannelRead(DefaultChannelPipeline.java:930)
	io.netty.channel.nio.AbstractNioByteChannel$NioByteUnsafe.read(AbstractNioByteChannel.java:163)
	io.netty.channel.nio.NioEventLoop.processSelectedKey(NioEventLoop.java:682)
	io.netty.channel.nio.NioEventLoop.processSelectedKeysOptimized(NioEventLoop.java:617)
	io.netty.channel.nio.NioEventLoop.processSelectedKeys(NioEventLoop.java:534)
	io.netty.channel.nio.NioEventLoop.run(NioEventLoop.java:496)
	io.netty.util.concurrent.SingleThreadEventExecutor$5.run(SingleThreadEventExecutor.java:906)
	io.netty.util.internal.ThreadExecutorMap$2.run(ThreadExecutorMap.java:74)
	io.netty.util.concurrent.FastThreadLocalRunnable.run(FastThreadLocalRunnable.java:30)
	java.lang.Thread.run(Thread.java:748)
#6:
	Hint: 'reactor.left.httpTrafficHandler' will handle the message from this point.
	io.netty.handler.codec.http.DefaultHttpContent.touch(DefaultHttpContent.java:88)
	io.netty.handler.codec.http.DefaultHttpContent.touch(DefaultHttpContent.java:24)
	io.netty.channel.DefaultChannelPipeline.touch(DefaultChannelPipeline.java:116)
	io.netty.channel.AbstractChannelHandlerContext.invokeChannelRead(AbstractChannelHandlerContext.java:357)
	io.netty.channel.AbstractChannelHandlerContext.fireChannelRead(AbstractChannelHandlerContext.java:352)
	io.netty.channel.CombinedChannelDuplexHandler$DelegatingChannelHandlerContext.fireChannelRead(CombinedChannelDuplexHandler.java:438)
	io.netty.handler.codec.ByteToMessageDecoder.fireChannelRead(ByteToMessageDecoder.java:323)
	io.netty.handler.codec.ByteToMessageDecoder.fireChannelRead(ByteToMessageDecoder.java:310)
	io.netty.handler.codec.ByteToMessageDecoder.callDecode(ByteToMessageDecoder.java:426)
	io.netty.handler.codec.ByteToMessageDecoder.channelRead(ByteToMessageDecoder.java:278)
	io.netty.channel.CombinedChannelDuplexHandler.channelRead(CombinedChannelDuplexHandler.java:253)
	io.netty.channel.AbstractChannelHandlerContext.invokeChannelRead(AbstractChannelHandlerContext.java:374)
	io.netty.channel.AbstractChannelHandlerContext.invokeChannelRead(AbstractChannelHandlerContext.java:360)
	io.netty.channel.AbstractChannelHandlerContext.fireChannelRead(AbstractChannelHandlerContext.java:352)
	io.netty.channel.DefaultChannelPipeline$HeadContext.channelRead(DefaultChannelPipeline.java:1408)
	io.netty.channel.AbstractChannelHandlerContext.invokeChannelRead(AbstractChannelHandlerContext.java:374)
	io.netty.channel.AbstractChannelHandlerContext.invokeChannelRead(AbstractChannelHandlerContext.java:360)
	io.netty.channel.DefaultChannelPipeline.fireChannelRead(DefaultChannelPipeline.java:930)
	io.netty.channel.nio.AbstractNioByteChannel$NioByteUnsafe.read(AbstractNioByteChannel.java:163)
	io.netty.channel.nio.NioEventLoop.processSelectedKey(NioEventLoop.java:682)
	io.netty.channel.nio.NioEventLoop.processSelectedKeysOptimized(NioEventLoop.java:617)
	io.netty.channel.nio.NioEventLoop.processSelectedKeys(NioEventLoop.java:534)
	io.netty.channel.nio.NioEventLoop.run(NioEventLoop.java:496)
	io.netty.util.concurrent.SingleThreadEventExecutor$5.run(SingleThreadEventExecutor.java:906)
	io.netty.util.internal.ThreadExecutorMap$2.run(ThreadExecutorMap.java:74)
	io.netty.util.concurrent.FastThreadLocalRunnable.run(FastThreadLocalRunnable.java:30)
	java.lang.Thread.run(Thread.java:748)
Created at:
	io.netty.buffer.SimpleLeakAwareByteBuf.unwrappedDerived(SimpleLeakAwareByteBuf.java:143)
	io.netty.buffer.SimpleLeakAwareByteBuf.readRetainedSlice(SimpleLeakAwareByteBuf.java:67)
	io.netty.buffer.AdvancedLeakAwareByteBuf.readRetainedSlice(AdvancedLeakAwareByteBuf.java:107)
	io.netty.handler.codec.http.HttpObjectDecoder.decode(HttpObjectDecoder.java:336)
	io.netty.handler.codec.http.HttpServerCodec$HttpServerRequestDecoder.decode(HttpServerCodec.java:103)
	io.netty.handler.codec.ByteToMessageDecoder.decodeRemovalReentryProtection(ByteToMessageDecoder.java:502)
	io.netty.handler.codec.ByteToMessageDecoder.callDecode(ByteToMessageDecoder.java:441)
	io.netty.handler.codec.ByteToMessageDecoder.channelRead(ByteToMessageDecoder.java:278)
	io.netty.channel.CombinedChannelDuplexHandler.channelRead(CombinedChannelDuplexHandler.java:253)
	io.netty.channel.AbstractChannelHandlerContext.invokeChannelRead(AbstractChannelHandlerContext.java:374)
	io.netty.channel.AbstractChannelHandlerContext.invokeChannelRead(AbstractChannelHandlerContext.java:360)
	io.netty.channel.AbstractChannelHandlerContext.fireChannelRead(AbstractChannelHandlerContext.java:352)
	io.netty.channel.DefaultChannelPipeline$HeadContext.channelRead(DefaultChannelPipeline.java:1408)
	io.netty.channel.AbstractChannelHandlerContext.invokeChannelRead(AbstractChannelHandlerContext.java:374)
	io.netty.channel.AbstractChannelHandlerContext.invokeChannelRead(AbstractChannelHandlerContext.java:360)
	io.netty.channel.DefaultChannelPipeline.fireChannelRead(DefaultChannelPipeline.java:930)
	io.netty.channel.nio.AbstractNioByteChannel$NioByteUnsafe.read(AbstractNioByteChannel.java:163)
	io.netty.channel.nio.NioEventLoop.processSelectedKey(NioEventLoop.java:682)
	io.netty.channel.nio.NioEventLoop.processSelectedKeysOptimized(NioEventLoop.java:617)
	io.netty.channel.nio.NioEventLoop.processSelectedKeys(NioEventLoop.java:534)
	io.netty.channel.nio.NioEventLoop.run(NioEventLoop.java:496)
	io.netty.util.concurrent.SingleThreadEventExecutor$5.run(SingleThreadEventExecutor.java:906)
	io.netty.util.internal.ThreadExecutorMap$2.run(ThreadExecutorMap.java:74)
	io.netty.util.concurrent.FastThreadLocalRunnable.run(FastThreadLocalRunnable.java:30)
	java.lang.Thread.run(Thread.java:748)
: 3 leak records were discarded because they were duplicates
: 46 leak records were discarded because the leak record count is targeted to 4. Use system property io.netty.leakDetection.targetRecords to increase the limit.
22:42:59.875 [reactor-http-nio-14] ERROR i.n.u.ResourceLeakDetector - LEAK: ByteBuf.release() was not called before it's garbage-collected. See http://netty.io/wiki/reference-counted-objects.html for more information.
Recent access records: 
#1:
	io.netty.buffer.AdvancedLeakAwareByteBuf.order(AdvancedLeakAwareByteBuf.java:70)
	io.netty.buffer.CompositeByteBuf.newComponent(CompositeByteBuf.java:318)
	io.netty.buffer.CompositeByteBuf.addComponent0(CompositeByteBuf.java:280)
	io.netty.buffer.CompositeByteBuf.addComponent(CompositeByteBuf.java:265)
	io.netty.buffer.CompositeByteBuf.addComponent(CompositeByteBuf.java:222)
	io.netty.buffer.WrappedCompositeByteBuf.addComponent(WrappedCompositeByteBuf.java:529)
	io.netty.buffer.AdvancedLeakAwareCompositeByteBuf.addComponent(AdvancedLeakAwareCompositeByteBuf.java:921)
	org.springframework.core.io.buffer.NettyDataBufferFactory.join(NettyDataBufferFactory.java:111)
	org.springframework.core.io.buffer.DataBufferUtils.joinAndStrip(DataBufferUtils.java:686)
	org.springframework.core.io.buffer.DataBufferUtils.lambda$split$20(DataBufferUtils.java:605)
	reactor.core.publisher.FluxMap$MapConditionalSubscriber.onNext(FluxMap.java:199)
	reactor.core.publisher.FluxBufferPredicate$BufferPredicateSubscriber.emit(FluxBufferPredicate.java:290)
	reactor.core.publisher.FluxBufferPredicate$BufferPredicateSubscriber.onNextNewBuffer(FluxBufferPredicate.java:257)
	reactor.core.publisher.FluxBufferPredicate$BufferPredicateSubscriber.tryOnNext(FluxBufferPredicate.java:211)
	reactor.core.publisher.FluxBufferPredicate$BufferPredicateSubscriber.onNext(FluxBufferPredicate.java:184)
	reactor.core.publisher.FluxFlatMap$FlatMapMain.drainLoop(FluxFlatMap.java:664)
	reactor.core.publisher.FluxFlatMap$FlatMapMain.drain(FluxFlatMap.java:540)
	reactor.core.publisher.FluxFlatMap$FlatMapInner.onSubscribe(FluxFlatMap.java:924)
	reactor.core.publisher.FluxIterable.subscribe(FluxIterable.java:139)
	reactor.core.publisher.FluxIterable.subscribe(FluxIterable.java:63)
	reactor.core.publisher.Flux.subscribe(Flux.java:7922)
	reactor.core.publisher.FluxFlatMap$FlatMapMain.onNext(FluxFlatMap.java:389)
	reactor.core.publisher.FluxConcatMap$ConcatMapImmediate.innerNext(FluxConcatMap.java:275)
	reactor.core.publisher.FluxConcatMap$ConcatMapInner.onNext(FluxConcatMap.java:849)
	reactor.core.publisher.FluxConcatMap$WeakScalarSubscription.request(FluxConcatMap.java:470)
	reactor.core.publisher.Operators$MultiSubscriptionSubscriber.set(Operators.java:1939)
	reactor.core.publisher.FluxConcatMap$ConcatMapImmediate.drain(FluxConcatMap.java:436)
	reactor.core.publisher.FluxConcatMap$ConcatMapImmediate.onNext(FluxConcatMap.java:244)
	reactor.core.publisher.FluxMap$MapSubscriber.onNext(FluxMap.java:114)
	reactor.core.publisher.FluxPeek$PeekSubscriber.onNext(FluxPeek.java:192)
	reactor.core.publisher.FluxMap$MapSubscriber.onNext(FluxMap.java:114)
	reactor.netty.channel.FluxReceive.drainReceiver(FluxReceive.java:206)
	reactor.netty.channel.FluxReceive.onInboundNext(FluxReceive.java:322)
	reactor.netty.channel.ChannelOperations.onInboundNext(ChannelOperations.java:335)
	reactor.netty.http.server.HttpServerOperations.onInboundNext(HttpServerOperations.java:456)
	reactor.netty.channel.ChannelOperationsHandler.channelRead(ChannelOperationsHandler.java:91)
	io.netty.channel.AbstractChannelHandlerContext.invokeChannelRead(AbstractChannelHandlerContext.java:374)
	io.netty.channel.AbstractChannelHandlerContext.invokeChannelRead(AbstractChannelHandlerContext.java:360)
	io.netty.channel.AbstractChannelHandlerContext.fireChannelRead(AbstractChannelHandlerContext.java:352)
	reactor.netty.http.server.HttpTrafficHandler.channelRead(HttpTrafficHandler.java:190)
	io.netty.channel.AbstractChannelHandlerContext.invokeChannelRead(AbstractChannelHandlerContext.java:374)
	io.netty.channel.AbstractChannelHandlerContext.invokeChannelRead(AbstractChannelHandlerContext.java:360)
	io.netty.channel.AbstractChannelHandlerContext.fireChannelRead(AbstractChannelHandlerContext.java:352)
	io.netty.channel.CombinedChannelDuplexHandler$DelegatingChannelHandlerContext.fireChannelRead(CombinedChannelDuplexHandler.java:438)
	io.netty.handler.codec.ByteToMessageDecoder.fireChannelRead(ByteToMessageDecoder.java:323)
	io.netty.handler.codec.ByteToMessageDecoder.fireChannelRead(ByteToMessageDecoder.java:310)
	io.netty.handler.codec.ByteToMessageDecoder.callDecode(ByteToMessageDecoder.java:426)
	io.netty.handler.codec.ByteToMessageDecoder.channelRead(ByteToMessageDecoder.java:278)
	io.netty.channel.CombinedChannelDuplexHandler.channelRead(CombinedChannelDuplexHandler.java:253)
	io.netty.channel.AbstractChannelHandlerContext.invokeChannelRead(AbstractChannelHandlerContext.java:374)
	io.netty.channel.AbstractChannelHandlerContext.invokeChannelRead(AbstractChannelHandlerContext.java:360)
	io.netty.channel.AbstractChannelHandlerContext.fireChannelRead(AbstractChannelHandlerContext.java:352)
	io.netty.channel.DefaultChannelPipeline$HeadContext.channelRead(DefaultChannelPipeline.java:1408)
	io.netty.channel.AbstractChannelHandlerContext.invokeChannelRead(AbstractChannelHandlerContext.java:374)
	io.netty.channel.AbstractChannelHandlerContext.invokeChannelRead(AbstractChannelHandlerContext.java:360)
	io.netty.channel.DefaultChannelPipeline.fireChannelRead(DefaultChannelPipeline.java:930)
	io.netty.channel.nio.AbstractNioByteChannel$NioByteUnsafe.read(AbstractNioByteChannel.java:163)
	io.netty.channel.nio.NioEventLoop.processSelectedKey(NioEventLoop.java:682)
	io.netty.channel.nio.NioEventLoop.processSelectedKeysOptimized(NioEventLoop.java:617)
	io.netty.channel.nio.NioEventLoop.processSelectedKeys(NioEventLoop.java:534)
	io.netty.channel.nio.NioEventLoop.run(NioEventLoop.java:496)
	io.netty.util.concurrent.SingleThreadEventExecutor$5.run(SingleThreadEventExecutor.java:906)
	io.netty.util.internal.ThreadExecutorMap$2.run(ThreadExecutorMap.java:74)
	io.netty.util.concurrent.FastThreadLocalRunnable.run(FastThreadLocalRunnable.java:30)
	java.lang.Thread.run(Thread.java:748)
#2:
	org.springframework.core.io.buffer.NettyDataBuffer.release(NettyDataBuffer.java:308)
	org.springframework.core.io.buffer.DataBufferUtils.release(DataBufferUtils.java:498)
	org.springframework.core.io.buffer.DataBufferUtils.endFrameAfterDelimiter(DataBufferUtils.java:660)
	org.springframework.core.io.buffer.DataBufferUtils.lambda$split$18(DataBufferUtils.java:603)
	reactor.core.publisher.FluxFlatMap$FlatMapMain.onNext(FluxFlatMap.java:350)
	reactor.core.publisher.FluxConcatMap$ConcatMapImmediate.innerNext(FluxConcatMap.java:275)
	reactor.core.publisher.FluxConcatMap$ConcatMapInner.onNext(FluxConcatMap.java:849)
	reactor.core.publisher.FluxConcatMap$WeakScalarSubscription.request(FluxConcatMap.java:470)
	reactor.core.publisher.Operators$MultiSubscriptionSubscriber.set(Operators.java:1939)
	reactor.core.publisher.FluxConcatMap$ConcatMapImmediate.drain(FluxConcatMap.java:436)
	reactor.core.publisher.FluxConcatMap$ConcatMapImmediate.onNext(FluxConcatMap.java:244)
	reactor.core.publisher.FluxMap$MapSubscriber.onNext(FluxMap.java:114)
	reactor.core.publisher.FluxPeek$PeekSubscriber.onNext(FluxPeek.java:192)
	reactor.core.publisher.FluxMap$MapSubscriber.onNext(FluxMap.java:114)
	reactor.netty.channel.FluxReceive.drainReceiver(FluxReceive.java:206)
	reactor.netty.channel.FluxReceive.onInboundNext(FluxReceive.java:322)
	reactor.netty.channel.ChannelOperations.onInboundNext(ChannelOperations.java:335)
	reactor.netty.http.server.HttpServerOperations.onInboundNext(HttpServerOperations.java:456)
	reactor.netty.channel.ChannelOperationsHandler.channelRead(ChannelOperationsHandler.java:91)
	io.netty.channel.AbstractChannelHandlerContext.invokeChannelRead(AbstractChannelHandlerContext.java:374)
	io.netty.channel.AbstractChannelHandlerContext.invokeChannelRead(AbstractChannelHandlerContext.java:360)
	io.netty.channel.AbstractChannelHandlerContext.fireChannelRead(AbstractChannelHandlerContext.java:352)
	reactor.netty.http.server.HttpTrafficHandler.channelRead(HttpTrafficHandler.java:190)
	io.netty.channel.AbstractChannelHandlerContext.invokeChannelRead(AbstractChannelHandlerContext.java:374)
	io.netty.channel.AbstractChannelHandlerContext.invokeChannelRead(AbstractChannelHandlerContext.java:360)
	io.netty.channel.AbstractChannelHandlerContext.fireChannelRead(AbstractChannelHandlerContext.java:352)
	io.netty.channel.CombinedChannelDuplexHandler$DelegatingChannelHandlerContext.fireChannelRead(CombinedChannelDuplexHandler.java:438)
	io.netty.handler.codec.ByteToMessageDecoder.fireChannelRead(ByteToMessageDecoder.java:323)
	io.netty.handler.codec.ByteToMessageDecoder.fireChannelRead(ByteToMessageDecoder.java:310)
	io.netty.handler.codec.ByteToMessageDecoder.callDecode(ByteToMessageDecoder.java:426)
	io.netty.handler.codec.ByteToMessageDecoder.channelRead(ByteToMessageDecoder.java:278)
	io.netty.channel.CombinedChannelDuplexHandler.channelRead(CombinedChannelDuplexHandler.java:253)
	io.netty.channel.AbstractChannelHandlerContext.invokeChannelRead(AbstractChannelHandlerContext.java:374)
	io.netty.channel.AbstractChannelHandlerContext.invokeChannelRead(AbstractChannelHandlerContext.java:360)
	io.netty.channel.AbstractChannelHandlerContext.fireChannelRead(AbstractChannelHandlerContext.java:352)
	io.netty.channel.DefaultChannelPipeline$HeadContext.channelRead(DefaultChannelPipeline.java:1408)
	io.netty.channel.AbstractChannelHandlerContext.invokeChannelRead(AbstractChannelHandlerContext.java:374)
	io.netty.channel.AbstractChannelHandlerContext.invokeChannelRead(AbstractChannelHandlerContext.java:360)
	io.netty.channel.DefaultChannelPipeline.fireChannelRead(DefaultChannelPipeline.java:930)
	io.netty.channel.nio.AbstractNioByteChannel$NioByteUnsafe.read(AbstractNioByteChannel.java:163)
	io.netty.channel.nio.NioEventLoop.processSelectedKey(NioEventLoop.java:682)
	io.netty.channel.nio.NioEventLoop.processSelectedKeysOptimized(NioEventLoop.java:617)
	io.netty.channel.nio.NioEventLoop.processSelectedKeys(NioEventLoop.java:534)
	io.netty.channel.nio.NioEventLoop.run(NioEventLoop.java:496)
	io.netty.util.concurrent.SingleThreadEventExecutor$5.run(SingleThreadEventExecutor.java:906)
	io.netty.util.internal.ThreadExecutorMap$2.run(ThreadExecutorMap.java:74)
	io.netty.util.concurrent.FastThreadLocalRunnable.run(FastThreadLocalRunnable.java:30)
	java.lang.Thread.run(Thread.java:748)
#3:
	io.netty.buffer.AdvancedLeakAwareByteBuf.getByte(AdvancedLeakAwareByteBuf.java:154)
	org.springframework.core.io.buffer.NettyDataBuffer.getByte(NettyDataBuffer.java:132)
	org.springframework.core.io.buffer.DataBufferUtils$KnuthMorrisPrattMatcher.match(DataBufferUtils.java:1005)
	org.springframework.core.io.buffer.DataBufferUtils.endFrameAfterDelimiter(DataBufferUtils.java:634)
	org.springframework.core.io.buffer.DataBufferUtils.lambda$split$18(DataBufferUtils.java:603)
	reactor.core.publisher.FluxFlatMap$FlatMapMain.onNext(FluxFlatMap.java:350)
	reactor.core.publisher.FluxConcatMap$ConcatMapImmediate.innerNext(FluxConcatMap.java:275)
	reactor.core.publisher.FluxConcatMap$ConcatMapInner.onNext(FluxConcatMap.java:849)
	reactor.core.publisher.FluxConcatMap$WeakScalarSubscription.request(FluxConcatMap.java:470)
	reactor.core.publisher.Operators$MultiSubscriptionSubscriber.set(Operators.java:1939)
	reactor.core.publisher.FluxConcatMap$ConcatMapImmediate.drain(FluxConcatMap.java:436)
	reactor.core.publisher.FluxConcatMap$ConcatMapImmediate.onNext(FluxConcatMap.java:244)
	reactor.core.publisher.FluxMap$MapSubscriber.onNext(FluxMap.java:114)
	reactor.core.publisher.FluxPeek$PeekSubscriber.onNext(FluxPeek.java:192)
	reactor.core.publisher.FluxMap$MapSubscriber.onNext(FluxMap.java:114)
	reactor.netty.channel.FluxReceive.drainReceiver(FluxReceive.java:206)
	reactor.netty.channel.FluxReceive.onInboundNext(FluxReceive.java:322)
	reactor.netty.channel.ChannelOperations.onInboundNext(ChannelOperations.java:335)
	reactor.netty.http.server.HttpServerOperations.onInboundNext(HttpServerOperations.java:456)
	reactor.netty.channel.ChannelOperationsHandler.channelRead(ChannelOperationsHandler.java:91)
	io.netty.channel.AbstractChannelHandlerContext.invokeChannelRead(AbstractChannelHandlerContext.java:374)
	io.netty.channel.AbstractChannelHandlerContext.invokeChannelRead(AbstractChannelHandlerContext.java:360)
	io.netty.channel.AbstractChannelHandlerContext.fireChannelRead(AbstractChannelHandlerContext.java:352)
	reactor.netty.http.server.HttpTrafficHandler.channelRead(HttpTrafficHandler.java:190)
	io.netty.channel.AbstractChannelHandlerContext.invokeChannelRead(AbstractChannelHandlerContext.java:374)
	io.netty.channel.AbstractChannelHandlerContext.invokeChannelRead(AbstractChannelHandlerContext.java:360)
	io.netty.channel.AbstractChannelHandlerContext.fireChannelRead(AbstractChannelHandlerContext.java:352)
	io.netty.channel.CombinedChannelDuplexHandler$DelegatingChannelHandlerContext.fireChannelRead(CombinedChannelDuplexHandler.java:438)
	io.netty.handler.codec.ByteToMessageDecoder.fireChannelRead(ByteToMessageDecoder.java:323)
	io.netty.handler.codec.ByteToMessageDecoder.fireChannelRead(ByteToMessageDecoder.java:310)
	io.netty.handler.codec.ByteToMessageDecoder.callDecode(ByteToMessageDecoder.java:426)
	io.netty.handler.codec.ByteToMessageDecoder.channelRead(ByteToMessageDecoder.java:278)
	io.netty.channel.CombinedChannelDuplexHandler.channelRead(CombinedChannelDuplexHandler.java:253)
	io.netty.channel.AbstractChannelHandlerContext.invokeChannelRead(AbstractChannelHandlerContext.java:374)
	io.netty.channel.AbstractChannelHandlerContext.invokeChannelRead(AbstractChannelHandlerContext.java:360)
	io.netty.channel.AbstractChannelHandlerContext.fireChannelRead(AbstractChannelHandlerContext.java:352)
	io.netty.channel.DefaultChannelPipeline$HeadContext.channelRead(DefaultChannelPipeline.java:1408)
	io.netty.channel.AbstractChannelHandlerContext.invokeChannelRead(AbstractChannelHandlerContext.java:374)
	io.netty.channel.AbstractChannelHandlerContext.invokeChannelRead(AbstractChannelHandlerContext.java:360)
	io.netty.channel.DefaultChannelPipeline.fireChannelRead(DefaultChannelPipeline.java:930)
	io.netty.channel.nio.AbstractNioByteChannel$NioByteUnsafe.read(AbstractNioByteChannel.java:163)
	io.netty.channel.nio.NioEventLoop.processSelectedKey(NioEventLoop.java:682)
	io.netty.channel.nio.NioEventLoop.processSelectedKeysOptimized(NioEventLoop.java:617)
	io.netty.channel.nio.NioEventLoop.processSelectedKeys(NioEventLoop.java:534)
	io.netty.channel.nio.NioEventLoop.run(NioEventLoop.java:496)
	io.netty.util.concurrent.SingleThreadEventExecutor$5.run(SingleThreadEventExecutor.java:906)
	io.netty.util.internal.ThreadExecutorMap$2.run(ThreadExecutorMap.java:74)
	io.netty.util.concurrent.FastThreadLocalRunnable.run(FastThreadLocalRunnable.java:30)
	java.lang.Thread.run(Thread.java:748)
#4:
	reactor.core.publisher.FluxPeek$PeekSubscriber.onNext(FluxPeek.java:177)
	reactor.core.publisher.FluxMap$MapSubscriber.onNext(FluxMap.java:114)
	reactor.netty.channel.FluxReceive.drainReceiver(FluxReceive.java:206)
	reactor.netty.channel.FluxReceive.onInboundNext(FluxReceive.java:322)
	reactor.netty.channel.ChannelOperations.onInboundNext(ChannelOperations.java:335)
	reactor.netty.http.server.HttpServerOperations.onInboundNext(HttpServerOperations.java:456)
	reactor.netty.channel.ChannelOperationsHandler.channelRead(ChannelOperationsHandler.java:91)
	io.netty.channel.AbstractChannelHandlerContext.invokeChannelRead(AbstractChannelHandlerContext.java:374)
	io.netty.channel.AbstractChannelHandlerContext.invokeChannelRead(AbstractChannelHandlerContext.java:360)
	io.netty.channel.AbstractChannelHandlerContext.fireChannelRead(AbstractChannelHandlerContext.java:352)
	reactor.netty.http.server.HttpTrafficHandler.channelRead(HttpTrafficHandler.java:190)
	io.netty.channel.AbstractChannelHandlerContext.invokeChannelRead(AbstractChannelHandlerContext.java:374)
	io.netty.channel.AbstractChannelHandlerContext.invokeChannelRead(AbstractChannelHandlerContext.java:360)
	io.netty.channel.AbstractChannelHandlerContext.fireChannelRead(AbstractChannelHandlerContext.java:352)
	io.netty.channel.CombinedChannelDuplexHandler$DelegatingChannelHandlerContext.fireChannelRead(CombinedChannelDuplexHandler.java:438)
	io.netty.handler.codec.ByteToMessageDecoder.fireChannelRead(ByteToMessageDecoder.java:323)
	io.netty.handler.codec.ByteToMessageDecoder.fireChannelRead(ByteToMessageDecoder.java:310)
	io.netty.handler.codec.ByteToMessageDecoder.callDecode(ByteToMessageDecoder.java:426)
	io.netty.handler.codec.ByteToMessageDecoder.channelRead(ByteToMessageDecoder.java:278)
	io.netty.channel.CombinedChannelDuplexHandler.channelRead(CombinedChannelDuplexHandler.java:253)
	io.netty.channel.AbstractChannelHandlerContext.invokeChannelRead(AbstractChannelHandlerContext.java:374)
	io.netty.channel.AbstractChannelHandlerContext.invokeChannelRead(AbstractChannelHandlerContext.java:360)
	io.netty.channel.AbstractChannelHandlerContext.fireChannelRead(AbstractChannelHandlerContext.java:352)
	io.netty.channel.DefaultChannelPipeline$HeadContext.channelRead(DefaultChannelPipeline.java:1408)
	io.netty.channel.AbstractChannelHandlerContext.invokeChannelRead(AbstractChannelHandlerContext.java:374)
	io.netty.channel.AbstractChannelHandlerContext.invokeChannelRead(AbstractChannelHandlerContext.java:360)
	io.netty.channel.DefaultChannelPipeline.fireChannelRead(DefaultChannelPipeline.java:930)
	io.netty.channel.nio.AbstractNioByteChannel$NioByteUnsafe.read(AbstractNioByteChannel.java:163)
	io.netty.channel.nio.NioEventLoop.processSelectedKey(NioEventLoop.java:682)
	io.netty.channel.nio.NioEventLoop.processSelectedKeysOptimized(NioEventLoop.java:617)
	io.netty.channel.nio.NioEventLoop.processSelectedKeys(NioEventLoop.java:534)
	io.netty.channel.nio.NioEventLoop.run(NioEventLoop.java:496)
	io.netty.util.concurrent.SingleThreadEventExecutor$5.run(SingleThreadEventExecutor.java:906)
	io.netty.util.internal.ThreadExecutorMap$2.run(ThreadExecutorMap.java:74)
	io.netty.util.concurrent.FastThreadLocalRunnable.run(FastThreadLocalRunnable.java:30)
	java.lang.Thread.run(Thread.java:748)
#5:
	Hint: 'reactor.right.reactiveBridge' will handle the message from this point.
	io.netty.handler.codec.http.DefaultHttpContent.touch(DefaultHttpContent.java:88)
	io.netty.handler.codec.http.DefaultHttpContent.touch(DefaultHttpContent.java:24)
	io.netty.channel.DefaultChannelPipeline.touch(DefaultChannelPipeline.java:116)
	io.netty.channel.AbstractChannelHandlerContext.invokeChannelRead(AbstractChannelHandlerContext.java:357)
	io.netty.channel.AbstractChannelHandlerContext.fireChannelRead(AbstractChannelHandlerContext.java:352)
	reactor.netty.http.server.HttpTrafficHandler.channelRead(HttpTrafficHandler.java:190)
	io.netty.channel.AbstractChannelHandlerContext.invokeChannelRead(AbstractChannelHandlerContext.java:374)
	io.netty.channel.AbstractChannelHandlerContext.invokeChannelRead(AbstractChannelHandlerContext.java:360)
	io.netty.channel.AbstractChannelHandlerContext.fireChannelRead(AbstractChannelHandlerContext.java:352)
	io.netty.channel.CombinedChannelDuplexHandler$DelegatingChannelHandlerContext.fireChannelRead(CombinedChannelDuplexHandler.java:438)
	io.netty.handler.codec.ByteToMessageDecoder.fireChannelRead(ByteToMessageDecoder.java:323)
	io.netty.handler.codec.ByteToMessageDecoder.fireChannelRead(ByteToMessageDecoder.java:310)
	io.netty.handler.codec.ByteToMessageDecoder.callDecode(ByteToMessageDecoder.java:426)
	io.netty.handler.codec.ByteToMessageDecoder.channelRead(ByteToMessageDecoder.java:278)
	io.netty.channel.CombinedChannelDuplexHandler.channelRead(CombinedChannelDuplexHandler.java:253)
	io.netty.channel.AbstractChannelHandlerContext.invokeChannelRead(AbstractChannelHandlerContext.java:374)
	io.netty.channel.AbstractChannelHandlerContext.invokeChannelRead(AbstractChannelHandlerContext.java:360)
	io.netty.channel.AbstractChannelHandlerContext.fireChannelRead(AbstractChannelHandlerContext.java:352)
	io.netty.channel.DefaultChannelPipeline$HeadContext.channelRead(DefaultChannelPipeline.java:1408)
	io.netty.channel.AbstractChannelHandlerContext.invokeChannelRead(AbstractChannelHandlerContext.java:374)
	io.netty.channel.AbstractChannelHandlerContext.invokeChannelRead(AbstractChannelHandlerContext.java:360)
	io.netty.channel.DefaultChannelPipeline.fireChannelRead(DefaultChannelPipeline.java:930)
	io.netty.channel.nio.AbstractNioByteChannel$NioByteUnsafe.read(AbstractNioByteChannel.java:163)
	io.netty.channel.nio.NioEventLoop.processSelectedKey(NioEventLoop.java:682)
	io.netty.channel.nio.NioEventLoop.processSelectedKeysOptimized(NioEventLoop.java:617)
	io.netty.channel.nio.NioEventLoop.processSelectedKeys(NioEventLoop.java:534)
	io.netty.channel.nio.NioEventLoop.run(NioEventLoop.java:496)
	io.netty.util.concurrent.SingleThreadEventExecutor$5.run(SingleThreadEventExecutor.java:906)
	io.netty.util.internal.ThreadExecutorMap$2.run(ThreadExecutorMap.java:74)
	io.netty.util.concurrent.FastThreadLocalRunnable.run(FastThreadLocalRunnable.java:30)
	java.lang.Thread.run(Thread.java:748)
#6:
	Hint: 'reactor.left.httpTrafficHandler' will handle the message from this point.
	io.netty.handler.codec.http.DefaultHttpContent.touch(DefaultHttpContent.java:88)
	io.netty.handler.codec.http.DefaultHttpContent.touch(DefaultHttpContent.java:24)
	io.netty.channel.DefaultChannelPipeline.touch(DefaultChannelPipeline.java:116)
	io.netty.channel.AbstractChannelHandlerContext.invokeChannelRead(AbstractChannelHandlerContext.java:357)
	io.netty.channel.AbstractChannelHandlerContext.fireChannelRead(AbstractChannelHandlerContext.java:352)
	io.netty.channel.CombinedChannelDuplexHandler$DelegatingChannelHandlerContext.fireChannelRead(CombinedChannelDuplexHandler.java:438)
	io.netty.handler.codec.ByteToMessageDecoder.fireChannelRead(ByteToMessageDecoder.java:323)
	io.netty.handler.codec.ByteToMessageDecoder.fireChannelRead(ByteToMessageDecoder.java:310)
	io.netty.handler.codec.ByteToMessageDecoder.callDecode(ByteToMessageDecoder.java:426)
	io.netty.handler.codec.ByteToMessageDecoder.channelRead(ByteToMessageDecoder.java:278)
	io.netty.channel.CombinedChannelDuplexHandler.channelRead(CombinedChannelDuplexHandler.java:253)
	io.netty.channel.AbstractChannelHandlerContext.invokeChannelRead(AbstractChannelHandlerContext.java:374)
	io.netty.channel.AbstractChannelHandlerContext.invokeChannelRead(AbstractChannelHandlerContext.java:360)
	io.netty.channel.AbstractChannelHandlerContext.fireChannelRead(AbstractChannelHandlerContext.java:352)
	io.netty.channel.DefaultChannelPipeline$HeadContext.channelRead(DefaultChannelPipeline.java:1408)
	io.netty.channel.AbstractChannelHandlerContext.invokeChannelRead(AbstractChannelHandlerContext.java:374)
	io.netty.channel.AbstractChannelHandlerContext.invokeChannelRead(AbstractChannelHandlerContext.java:360)
	io.netty.channel.DefaultChannelPipeline.fireChannelRead(DefaultChannelPipeline.java:930)
	io.netty.channel.nio.AbstractNioByteChannel$NioByteUnsafe.read(AbstractNioByteChannel.java:163)
	io.netty.channel.nio.NioEventLoop.processSelectedKey(NioEventLoop.java:682)
	io.netty.channel.nio.NioEventLoop.processSelectedKeysOptimized(NioEventLoop.java:617)
	io.netty.channel.nio.NioEventLoop.processSelectedKeys(NioEventLoop.java:534)
	io.netty.channel.nio.NioEventLoop.run(NioEventLoop.java:496)
	io.netty.util.concurrent.SingleThreadEventExecutor$5.run(SingleThreadEventExecutor.java:906)
	io.netty.util.internal.ThreadExecutorMap$2.run(ThreadExecutorMap.java:74)
	io.netty.util.concurrent.FastThreadLocalRunnable.run(FastThreadLocalRunnable.java:30)
	java.lang.Thread.run(Thread.java:748)
Created at:
	io.netty.buffer.SimpleLeakAwareByteBuf.unwrappedDerived(SimpleLeakAwareByteBuf.java:143)
	io.netty.buffer.SimpleLeakAwareByteBuf.readRetainedSlice(SimpleLeakAwareByteBuf.java:67)
	io.netty.buffer.AdvancedLeakAwareByteBuf.readRetainedSlice(AdvancedLeakAwareByteBuf.java:107)
	io.netty.handler.codec.http.HttpObjectDecoder.decode(HttpObjectDecoder.java:336)
	io.netty.handler.codec.http.HttpServerCodec$HttpServerRequestDecoder.decode(HttpServerCodec.java:103)
	io.netty.handler.codec.ByteToMessageDecoder.decodeRemovalReentryProtection(ByteToMessageDecoder.java:502)
	io.netty.handler.codec.ByteToMessageDecoder.callDecode(ByteToMessageDecoder.java:441)
	io.netty.handler.codec.ByteToMessageDecoder.channelRead(ByteToMessageDecoder.java:278)
	io.netty.channel.CombinedChannelDuplexHandler.channelRead(CombinedChannelDuplexHandler.java:253)
	io.netty.channel.AbstractChannelHandlerContext.invokeChannelRead(AbstractChannelHandlerContext.java:374)
	io.netty.channel.AbstractChannelHandlerContext.invokeChannelRead(AbstractChannelHandlerContext.java:360)
	io.netty.channel.AbstractChannelHandlerContext.fireChannelRead(AbstractChannelHandlerContext.java:352)
	io.netty.channel.DefaultChannelPipeline$HeadContext.channelRead(DefaultChannelPipeline.java:1408)
	io.netty.channel.AbstractChannelHandlerContext.invokeChannelRead(AbstractChannelHandlerContext.java:374)
	io.netty.channel.AbstractChannelHandlerContext.invokeChannelRead(AbstractChannelHandlerContext.java:360)
	io.netty.channel.DefaultChannelPipeline.fireChannelRead(DefaultChannelPipeline.java:930)
	io.netty.channel.nio.AbstractNioByteChannel$NioByteUnsafe.read(AbstractNioByteChannel.java:163)
	io.netty.channel.nio.NioEventLoop.processSelectedKey(NioEventLoop.java:682)
	io.netty.channel.nio.NioEventLoop.processSelectedKeysOptimized(NioEventLoop.java:617)
	io.netty.channel.nio.NioEventLoop.processSelectedKeys(NioEventLoop.java:534)
	io.netty.channel.nio.NioEventLoop.run(NioEventLoop.java:496)
	io.netty.util.concurrent.SingleThreadEventExecutor$5.run(SingleThreadEventExecutor.java:906)
	io.netty.util.internal.ThreadExecutorMap$2.run(ThreadExecutorMap.java:74)
	io.netty.util.concurrent.FastThreadLocalRunnable.run(FastThreadLocalRunnable.java:30)
	java.lang.Thread.run(Thread.java:748)
: 4 leak records were discarded because the leak record count is targeted to 4. Use system property io.netty.leakDetection.targetRecords to increase the limit.
22:42:59.878 [reactor-http-nio-14] ERROR i.n.u.ResourceLeakDetector - LEAK: ByteBuf.release() was not called before it's garbage-collected. See http://netty.io/wiki/reference-counted-objects.html for more information.
Recent access records: 
#1:
	io.netty.buffer.AdvancedLeakAwareByteBuf.getByte(AdvancedLeakAwareByteBuf.java:154)
	io.netty.buffer.CompositeByteBuf.getByte(CompositeByteBuf.java:913)
	io.netty.buffer.WrappedCompositeByteBuf.getByte(WrappedCompositeByteBuf.java:652)
	io.netty.buffer.AdvancedLeakAwareCompositeByteBuf.getByte(AdvancedLeakAwareCompositeByteBuf.java:141)
	org.springframework.core.io.buffer.NettyDataBuffer.getByte(NettyDataBuffer.java:132)
	org.springframework.http.codec.multipart.DefaultMultipartMessageReader.toPart(DefaultMultipartMessageReader.java:179)
	reactor.core.publisher.FluxMap$MapConditionalSubscriber.onNext(FluxMap.java:199)
	reactor.core.publisher.FluxTakeWhile$TakeWhileSubscriber.onNext(FluxTakeWhile.java:94)
	reactor.core.publisher.FluxContextStart$ContextStartSubscriber.onNext(FluxContextStart.java:103)
	reactor.core.publisher.FluxMap$MapConditionalSubscriber.onNext(FluxMap.java:213)
	reactor.core.publisher.FluxBufferPredicate$BufferPredicateSubscriber.emit(FluxBufferPredicate.java:290)
	reactor.core.publisher.FluxBufferPredicate$BufferPredicateSubscriber.onNextNewBuffer(FluxBufferPredicate.java:257)
	reactor.core.publisher.FluxBufferPredicate$BufferPredicateSubscriber.tryOnNext(FluxBufferPredicate.java:211)
	reactor.core.publisher.FluxBufferPredicate$BufferPredicateSubscriber.onNext(FluxBufferPredicate.java:184)
	reactor.core.publisher.FluxFlatMap$FlatMapMain.drainLoop(FluxFlatMap.java:664)
	reactor.core.publisher.FluxFlatMap$FlatMapMain.drain(FluxFlatMap.java:540)
	reactor.core.publisher.FluxFlatMap$FlatMapInner.onSubscribe(FluxFlatMap.java:924)
	reactor.core.publisher.FluxIterable.subscribe(FluxIterable.java:139)
	reactor.core.publisher.FluxIterable.subscribe(FluxIterable.java:63)
	reactor.core.publisher.Flux.subscribe(Flux.java:7922)
	reactor.core.publisher.FluxFlatMap$FlatMapMain.onNext(FluxFlatMap.java:389)
	reactor.core.publisher.FluxConcatMap$ConcatMapImmediate.innerNext(FluxConcatMap.java:275)
	reactor.core.publisher.FluxConcatMap$ConcatMapInner.onNext(FluxConcatMap.java:849)
	reactor.core.publisher.FluxConcatMap$WeakScalarSubscription.request(FluxConcatMap.java:470)
	reactor.core.publisher.Operators$MultiSubscriptionSubscriber.set(Operators.java:1939)
	reactor.core.publisher.FluxConcatMap$ConcatMapImmediate.drain(FluxConcatMap.java:436)
	reactor.core.publisher.FluxConcatMap$ConcatMapImmediate.onNext(FluxConcatMap.java:244)
	reactor.core.publisher.FluxMap$MapSubscriber.onNext(FluxMap.java:114)
	reactor.core.publisher.FluxPeek$PeekSubscriber.onNext(FluxPeek.java:192)
	reactor.core.publisher.FluxMap$MapSubscriber.onNext(FluxMap.java:114)
	reactor.netty.channel.FluxReceive.drainReceiver(FluxReceive.java:206)
	reactor.netty.channel.FluxReceive.onInboundNext(FluxReceive.java:322)
	reactor.netty.channel.ChannelOperations.onInboundNext(ChannelOperations.java:335)
	reactor.netty.http.server.HttpServerOperations.onInboundNext(HttpServerOperations.java:456)
	reactor.netty.channel.ChannelOperationsHandler.channelRead(ChannelOperationsHandler.java:91)
	io.netty.channel.AbstractChannelHandlerContext.invokeChannelRead(AbstractChannelHandlerContext.java:374)
	io.netty.channel.AbstractChannelHandlerContext.invokeChannelRead(AbstractChannelHandlerContext.java:360)
	io.netty.channel.AbstractChannelHandlerContext.fireChannelRead(AbstractChannelHandlerContext.java:352)
	reactor.netty.http.server.HttpTrafficHandler.channelRead(HttpTrafficHandler.java:190)
	io.netty.channel.AbstractChannelHandlerContext.invokeChannelRead(AbstractChannelHandlerContext.java:374)
	io.netty.channel.AbstractChannelHandlerContext.invokeChannelRead(AbstractChannelHandlerContext.java:360)
	io.netty.channel.AbstractChannelHandlerContext.fireChannelRead(AbstractChannelHandlerContext.java:352)
	io.netty.channel.CombinedChannelDuplexHandler$DelegatingChannelHandlerContext.fireChannelRead(CombinedChannelDuplexHandler.java:438)
	io.netty.handler.codec.ByteToMessageDecoder.fireChannelRead(ByteToMessageDecoder.java:323)
	io.netty.handler.codec.ByteToMessageDecoder.fireChannelRead(ByteToMessageDecoder.java:310)
	io.netty.handler.codec.ByteToMessageDecoder.callDecode(ByteToMessageDecoder.java:426)
	io.netty.handler.codec.ByteToMessageDecoder.channelRead(ByteToMessageDecoder.java:278)
	io.netty.channel.CombinedChannelDuplexHandler.channelRead(CombinedChannelDuplexHandler.java:253)
	io.netty.channel.AbstractChannelHandlerContext.invokeChannelRead(AbstractChannelHandlerContext.java:374)
	io.netty.channel.AbstractChannelHandlerContext.invokeChannelRead(AbstractChannelHandlerContext.java:360)
	io.netty.channel.AbstractChannelHandlerContext.fireChannelRead(AbstractChannelHandlerContext.java:352)
	io.netty.channel.DefaultChannelPipeline$HeadContext.channelRead(DefaultChannelPipeline.java:1408)
	io.netty.channel.AbstractChannelHandlerContext.invokeChannelRead(AbstractChannelHandlerContext.java:374)
	io.netty.channel.AbstractChannelHandlerContext.invokeChannelRead(AbstractChannelHandlerContext.java:360)
	io.netty.channel.DefaultChannelPipeline.fireChannelRead(DefaultChannelPipeline.java:930)
	io.netty.channel.nio.AbstractNioByteChannel$NioByteUnsafe.read(AbstractNioByteChannel.java:163)
	io.netty.channel.nio.NioEventLoop.processSelectedKey(NioEventLoop.java:682)
	io.netty.channel.nio.NioEventLoop.processSelectedKeysOptimized(NioEventLoop.java:617)
	io.netty.channel.nio.NioEventLoop.processSelectedKeys(NioEventLoop.java:534)
	io.netty.channel.nio.NioEventLoop.run(NioEventLoop.java:496)
	io.netty.util.concurrent.SingleThreadEventExecutor$5.run(SingleThreadEventExecutor.java:906)
	io.netty.util.internal.ThreadExecutorMap$2.run(ThreadExecutorMap.java:74)
	io.netty.util.concurrent.FastThreadLocalRunnable.run(FastThreadLocalRunnable.java:30)
	java.lang.Thread.run(Thread.java:748)
#2:
	io.netty.buffer.AdvancedLeakAwareByteBuf.getByte(AdvancedLeakAwareByteBuf.java:154)
	org.springframework.core.io.buffer.NettyDataBuffer.getByte(NettyDataBuffer.java:132)
	org.springframework.core.io.buffer.DataBufferUtils$KnuthMorrisPrattMatcher.match(DataBufferUtils.java:1005)
	org.springframework.core.io.buffer.DataBufferUtils.endFrameAfterDelimiter(DataBufferUtils.java:634)
	org.springframework.core.io.buffer.DataBufferUtils.lambda$split$18(DataBufferUtils.java:603)
	reactor.core.publisher.FluxFlatMap$FlatMapMain.onNext(FluxFlatMap.java:350)
	reactor.core.publisher.FluxConcatMap$ConcatMapImmediate.innerNext(FluxConcatMap.java:275)
	reactor.core.publisher.FluxConcatMap$ConcatMapInner.onNext(FluxConcatMap.java:849)
	reactor.core.publisher.FluxConcatMap$WeakScalarSubscription.request(FluxConcatMap.java:470)
	reactor.core.publisher.Operators$MultiSubscriptionSubscriber.set(Operators.java:1939)
	reactor.core.publisher.FluxConcatMap$ConcatMapImmediate.drain(FluxConcatMap.java:436)
	reactor.core.publisher.FluxConcatMap$ConcatMapImmediate.onNext(FluxConcatMap.java:244)
	reactor.core.publisher.FluxMap$MapSubscriber.onNext(FluxMap.java:114)
	reactor.core.publisher.FluxPeek$PeekSubscriber.onNext(FluxPeek.java:192)
	reactor.core.publisher.FluxMap$MapSubscriber.onNext(FluxMap.java:114)
	reactor.netty.channel.FluxReceive.drainReceiver(FluxReceive.java:206)
	reactor.netty.channel.FluxReceive.onInboundNext(FluxReceive.java:322)
	reactor.netty.channel.ChannelOperations.onInboundNext(ChannelOperations.java:335)
	reactor.netty.http.server.HttpServerOperations.onInboundNext(HttpServerOperations.java:456)
	reactor.netty.channel.ChannelOperationsHandler.channelRead(ChannelOperationsHandler.java:91)
	io.netty.channel.AbstractChannelHandlerContext.invokeChannelRead(AbstractChannelHandlerContext.java:374)
	io.netty.channel.AbstractChannelHandlerContext.invokeChannelRead(AbstractChannelHandlerContext.java:360)
	io.netty.channel.AbstractChannelHandlerContext.fireChannelRead(AbstractChannelHandlerContext.java:352)
	reactor.netty.http.server.HttpTrafficHandler.channelRead(HttpTrafficHandler.java:190)
	io.netty.channel.AbstractChannelHandlerContext.invokeChannelRead(AbstractChannelHandlerContext.java:374)
	io.netty.channel.AbstractChannelHandlerContext.invokeChannelRead(AbstractChannelHandlerContext.java:360)
	io.netty.channel.AbstractChannelHandlerContext.fireChannelRead(AbstractChannelHandlerContext.java:352)
	io.netty.channel.CombinedChannelDuplexHandler$DelegatingChannelHandlerContext.fireChannelRead(CombinedChannelDuplexHandler.java:438)
	io.netty.handler.codec.ByteToMessageDecoder.fireChannelRead(ByteToMessageDecoder.java:323)
	io.netty.handler.codec.ByteToMessageDecoder.fireChannelRead(ByteToMessageDecoder.java:310)
	io.netty.handler.codec.ByteToMessageDecoder.callDecode(ByteToMessageDecoder.java:426)
	io.netty.handler.codec.ByteToMessageDecoder.channelRead(ByteToMessageDecoder.java:278)
	io.netty.channel.CombinedChannelDuplexHandler.channelRead(CombinedChannelDuplexHandler.java:253)
	io.netty.channel.AbstractChannelHandlerContext.invokeChannelRead(AbstractChannelHandlerContext.java:374)
	io.netty.channel.AbstractChannelHandlerContext.invokeChannelRead(AbstractChannelHandlerContext.java:360)
	io.netty.channel.AbstractChannelHandlerContext.fireChannelRead(AbstractChannelHandlerContext.java:352)
	io.netty.channel.DefaultChannelPipeline$HeadContext.channelRead(DefaultChannelPipeline.java:1408)
	io.netty.channel.AbstractChannelHandlerContext.invokeChannelRead(AbstractChannelHandlerContext.java:374)
	io.netty.channel.AbstractChannelHandlerContext.invokeChannelRead(AbstractChannelHandlerContext.java:360)
	io.netty.channel.DefaultChannelPipeline.fireChannelRead(DefaultChannelPipeline.java:930)
	io.netty.channel.nio.AbstractNioByteChannel$NioByteUnsafe.read(AbstractNioByteChannel.java:163)
	io.netty.channel.nio.NioEventLoop.processSelectedKey(NioEventLoop.java:682)
	io.netty.channel.nio.NioEventLoop.processSelectedKeysOptimized(NioEventLoop.java:617)
	io.netty.channel.nio.NioEventLoop.processSelectedKeys(NioEventLoop.java:534)
	io.netty.channel.nio.NioEventLoop.run(NioEventLoop.java:496)
	io.netty.util.concurrent.SingleThreadEventExecutor$5.run(SingleThreadEventExecutor.java:906)
	io.netty.util.internal.ThreadExecutorMap$2.run(ThreadExecutorMap.java:74)
	io.netty.util.concurrent.FastThreadLocalRunnable.run(FastThreadLocalRunnable.java:30)
	java.lang.Thread.run(Thread.java:748)
#3:
	org.springframework.core.io.buffer.NettyDataBufferFactory.wrap(NettyDataBufferFactory.java:93)
	reactor.core.publisher.FluxMap$MapSubscriber.onNext(FluxMap.java:100)
	reactor.core.publisher.FluxPeek$PeekSubscriber.onNext(FluxPeek.java:192)
	reactor.core.publisher.FluxMap$MapSubscriber.onNext(FluxMap.java:114)
	reactor.netty.channel.FluxReceive.drainReceiver(FluxReceive.java:206)
	reactor.netty.channel.FluxReceive.onInboundNext(FluxReceive.java:322)
	reactor.netty.channel.ChannelOperations.onInboundNext(ChannelOperations.java:335)
	reactor.netty.http.server.HttpServerOperations.onInboundNext(HttpServerOperations.java:456)
	reactor.netty.channel.ChannelOperationsHandler.channelRead(ChannelOperationsHandler.java:91)
	io.netty.channel.AbstractChannelHandlerContext.invokeChannelRead(AbstractChannelHandlerContext.java:374)
	io.netty.channel.AbstractChannelHandlerContext.invokeChannelRead(AbstractChannelHandlerContext.java:360)
	io.netty.channel.AbstractChannelHandlerContext.fireChannelRead(AbstractChannelHandlerContext.java:352)
	reactor.netty.http.server.HttpTrafficHandler.channelRead(HttpTrafficHandler.java:190)
	io.netty.channel.AbstractChannelHandlerContext.invokeChannelRead(AbstractChannelHandlerContext.java:374)
	io.netty.channel.AbstractChannelHandlerContext.invokeChannelRead(AbstractChannelHandlerContext.java:360)
	io.netty.channel.AbstractChannelHandlerContext.fireChannelRead(AbstractChannelHandlerContext.java:352)
	io.netty.channel.CombinedChannelDuplexHandler$DelegatingChannelHandlerContext.fireChannelRead(CombinedChannelDuplexHandler.java:438)
	io.netty.handler.codec.ByteToMessageDecoder.fireChannelRead(ByteToMessageDecoder.java:323)
	io.netty.handler.codec.ByteToMessageDecoder.fireChannelRead(ByteToMessageDecoder.java:310)
	io.netty.handler.codec.ByteToMessageDecoder.callDecode(ByteToMessageDecoder.java:426)
	io.netty.handler.codec.ByteToMessageDecoder.channelRead(ByteToMessageDecoder.java:278)
	io.netty.channel.CombinedChannelDuplexHandler.channelRead(CombinedChannelDuplexHandler.java:253)
	io.netty.channel.AbstractChannelHandlerContext.invokeChannelRead(AbstractChannelHandlerContext.java:374)
	io.netty.channel.AbstractChannelHandlerContext.invokeChannelRead(AbstractChannelHandlerContext.java:360)
	io.netty.channel.AbstractChannelHandlerContext.fireChannelRead(AbstractChannelHandlerContext.java:352)
	io.netty.channel.DefaultChannelPipeline$HeadContext.channelRead(DefaultChannelPipeline.java:1408)
	io.netty.channel.AbstractChannelHandlerContext.invokeChannelRead(AbstractChannelHandlerContext.java:374)
	io.netty.channel.AbstractChannelHandlerContext.invokeChannelRead(AbstractChannelHandlerContext.java:360)
	io.netty.channel.DefaultChannelPipeline.fireChannelRead(DefaultChannelPipeline.java:930)
	io.netty.channel.nio.AbstractNioByteChannel$NioByteUnsafe.read(AbstractNioByteChannel.java:163)
	io.netty.channel.nio.NioEventLoop.processSelectedKey(NioEventLoop.java:682)
	io.netty.channel.nio.NioEventLoop.processSelectedKeysOptimized(NioEventLoop.java:617)
	io.netty.channel.nio.NioEventLoop.processSelectedKeys(NioEventLoop.java:534)
	io.netty.channel.nio.NioEventLoop.run(NioEventLoop.java:496)
	io.netty.util.concurrent.SingleThreadEventExecutor$5.run(SingleThreadEventExecutor.java:906)
	io.netty.util.internal.ThreadExecutorMap$2.run(ThreadExecutorMap.java:74)
	io.netty.util.concurrent.FastThreadLocalRunnable.run(FastThreadLocalRunnable.java:30)
	java.lang.Thread.run(Thread.java:748)
#4:
	reactor.core.publisher.FluxPeek$PeekSubscriber.onNext(FluxPeek.java:177)
	reactor.core.publisher.FluxMap$MapSubscriber.onNext(FluxMap.java:114)
	reactor.netty.channel.FluxReceive.drainReceiver(FluxReceive.java:206)
	reactor.netty.channel.FluxReceive.onInboundNext(FluxReceive.java:322)
	reactor.netty.channel.ChannelOperations.onInboundNext(ChannelOperations.java:335)
	reactor.netty.http.server.HttpServerOperations.onInboundNext(HttpServerOperations.java:456)
	reactor.netty.channel.ChannelOperationsHandler.channelRead(ChannelOperationsHandler.java:91)
	io.netty.channel.AbstractChannelHandlerContext.invokeChannelRead(AbstractChannelHandlerContext.java:374)
	io.netty.channel.AbstractChannelHandlerContext.invokeChannelRead(AbstractChannelHandlerContext.java:360)
	io.netty.channel.AbstractChannelHandlerContext.fireChannelRead(AbstractChannelHandlerContext.java:352)
	reactor.netty.http.server.HttpTrafficHandler.channelRead(HttpTrafficHandler.java:190)
	io.netty.channel.AbstractChannelHandlerContext.invokeChannelRead(AbstractChannelHandlerContext.java:374)
	io.netty.channel.AbstractChannelHandlerContext.invokeChannelRead(AbstractChannelHandlerContext.java:360)
	io.netty.channel.AbstractChannelHandlerContext.fireChannelRead(AbstractChannelHandlerContext.java:352)
	io.netty.channel.CombinedChannelDuplexHandler$DelegatingChannelHandlerContext.fireChannelRead(CombinedChannelDuplexHandler.java:438)
	io.netty.handler.codec.ByteToMessageDecoder.fireChannelRead(ByteToMessageDecoder.java:323)
	io.netty.handler.codec.ByteToMessageDecoder.fireChannelRead(ByteToMessageDecoder.java:310)
	io.netty.handler.codec.ByteToMessageDecoder.callDecode(ByteToMessageDecoder.java:426)
	io.netty.handler.codec.ByteToMessageDecoder.channelRead(ByteToMessageDecoder.java:278)
	io.netty.channel.CombinedChannelDuplexHandler.channelRead(CombinedChannelDuplexHandler.java:253)
	io.netty.channel.AbstractChannelHandlerContext.invokeChannelRead(AbstractChannelHandlerContext.java:374)
	io.netty.channel.AbstractChannelHandlerContext.invokeChannelRead(AbstractChannelHandlerContext.java:360)
	io.netty.channel.AbstractChannelHandlerContext.fireChannelRead(AbstractChannelHandlerContext.java:352)
	io.netty.channel.DefaultChannelPipeline$HeadContext.channelRead(DefaultChannelPipeline.java:1408)
	io.netty.channel.AbstractChannelHandlerContext.invokeChannelRead(AbstractChannelHandlerContext.java:374)
	io.netty.channel.AbstractChannelHandlerContext.invokeChannelRead(AbstractChannelHandlerContext.java:360)
	io.netty.channel.DefaultChannelPipeline.fireChannelRead(DefaultChannelPipeline.java:930)
	io.netty.channel.nio.AbstractNioByteChannel$NioByteUnsafe.read(AbstractNioByteChannel.java:163)
	io.netty.channel.nio.NioEventLoop.processSelectedKey(NioEventLoop.java:682)
	io.netty.channel.nio.NioEventLoop.processSelectedKeysOptimized(NioEventLoop.java:617)
	io.netty.channel.nio.NioEventLoop.processSelectedKeys(NioEventLoop.java:534)
	io.netty.channel.nio.NioEventLoop.run(NioEventLoop.java:496)
	io.netty.util.concurrent.SingleThreadEventExecutor$5.run(SingleThreadEventExecutor.java:906)
	io.netty.util.internal.ThreadExecutorMap$2.run(ThreadExecutorMap.java:74)
	io.netty.util.concurrent.FastThreadLocalRunnable.run(FastThreadLocalRunnable.java:30)
	java.lang.Thread.run(Thread.java:748)
#5:
	Hint: 'reactor.right.reactiveBridge' will handle the message from this point.
	io.netty.handler.codec.http.DefaultHttpContent.touch(DefaultHttpContent.java:88)
	io.netty.handler.codec.http.DefaultHttpContent.touch(DefaultHttpContent.java:24)
	io.netty.channel.DefaultChannelPipeline.touch(DefaultChannelPipeline.java:116)
	io.netty.channel.AbstractChannelHandlerContext.invokeChannelRead(AbstractChannelHandlerContext.java:357)
	io.netty.channel.AbstractChannelHandlerContext.fireChannelRead(AbstractChannelHandlerContext.java:352)
	reactor.netty.http.server.HttpTrafficHandler.channelRead(HttpTrafficHandler.java:190)
	io.netty.channel.AbstractChannelHandlerContext.invokeChannelRead(AbstractChannelHandlerContext.java:374)
	io.netty.channel.AbstractChannelHandlerContext.invokeChannelRead(AbstractChannelHandlerContext.java:360)
	io.netty.channel.AbstractChannelHandlerContext.fireChannelRead(AbstractChannelHandlerContext.java:352)
	io.netty.channel.CombinedChannelDuplexHandler$DelegatingChannelHandlerContext.fireChannelRead(CombinedChannelDuplexHandler.java:438)
	io.netty.handler.codec.ByteToMessageDecoder.fireChannelRead(ByteToMessageDecoder.java:323)
	io.netty.handler.codec.ByteToMessageDecoder.fireChannelRead(ByteToMessageDecoder.java:310)
	io.netty.handler.codec.ByteToMessageDecoder.callDecode(ByteToMessageDecoder.java:426)
	io.netty.handler.codec.ByteToMessageDecoder.channelRead(ByteToMessageDecoder.java:278)
	io.netty.channel.CombinedChannelDuplexHandler.channelRead(CombinedChannelDuplexHandler.java:253)
	io.netty.channel.AbstractChannelHandlerContext.invokeChannelRead(AbstractChannelHandlerContext.java:374)
	io.netty.channel.AbstractChannelHandlerContext.invokeChannelRead(AbstractChannelHandlerContext.java:360)
	io.netty.channel.AbstractChannelHandlerContext.fireChannelRead(AbstractChannelHandlerContext.java:352)
	io.netty.channel.DefaultChannelPipeline$HeadContext.channelRead(DefaultChannelPipeline.java:1408)
	io.netty.channel.AbstractChannelHandlerContext.invokeChannelRead(AbstractChannelHandlerContext.java:374)
	io.netty.channel.AbstractChannelHandlerContext.invokeChannelRead(AbstractChannelHandlerContext.java:360)
	io.netty.channel.DefaultChannelPipeline.fireChannelRead(DefaultChannelPipeline.java:930)
	io.netty.channel.nio.AbstractNioByteChannel$NioByteUnsafe.read(AbstractNioByteChannel.java:163)
	io.netty.channel.nio.NioEventLoop.processSelectedKey(NioEventLoop.java:682)
	io.netty.channel.nio.NioEventLoop.processSelectedKeysOptimized(NioEventLoop.java:617)
	io.netty.channel.nio.NioEventLoop.processSelectedKeys(NioEventLoop.java:534)
	io.netty.channel.nio.NioEventLoop.run(NioEventLoop.java:496)
	io.netty.util.concurrent.SingleThreadEventExecutor$5.run(SingleThreadEventExecutor.java:906)
	io.netty.util.internal.ThreadExecutorMap$2.run(ThreadExecutorMap.java:74)
	io.netty.util.concurrent.FastThreadLocalRunnable.run(FastThreadLocalRunnable.java:30)
	java.lang.Thread.run(Thread.java:748)
#6:
	Hint: 'reactor.left.httpTrafficHandler' will handle the message from this point.
	io.netty.handler.codec.http.DefaultHttpContent.touch(DefaultHttpContent.java:88)
	io.netty.handler.codec.http.DefaultHttpContent.touch(DefaultHttpContent.java:24)
	io.netty.channel.DefaultChannelPipeline.touch(DefaultChannelPipeline.java:116)
	io.netty.channel.AbstractChannelHandlerContext.invokeChannelRead(AbstractChannelHandlerContext.java:357)
	io.netty.channel.AbstractChannelHandlerContext.fireChannelRead(AbstractChannelHandlerContext.java:352)
	io.netty.channel.CombinedChannelDuplexHandler$DelegatingChannelHandlerContext.fireChannelRead(CombinedChannelDuplexHandler.java:438)
	io.netty.handler.codec.ByteToMessageDecoder.fireChannelRead(ByteToMessageDecoder.java:323)
	io.netty.handler.codec.ByteToMessageDecoder.fireChannelRead(ByteToMessageDecoder.java:310)
	io.netty.handler.codec.ByteToMessageDecoder.callDecode(ByteToMessageDecoder.java:426)
	io.netty.handler.codec.ByteToMessageDecoder.channelRead(ByteToMessageDecoder.java:278)
	io.netty.channel.CombinedChannelDuplexHandler.channelRead(CombinedChannelDuplexHandler.java:253)
	io.netty.channel.AbstractChannelHandlerContext.invokeChannelRead(AbstractChannelHandlerContext.java:374)
	io.netty.channel.AbstractChannelHandlerContext.invokeChannelRead(AbstractChannelHandlerContext.java:360)
	io.netty.channel.AbstractChannelHandlerContext.fireChannelRead(AbstractChannelHandlerContext.java:352)
	io.netty.channel.DefaultChannelPipeline$HeadContext.channelRead(DefaultChannelPipeline.java:1408)
	io.netty.channel.AbstractChannelHandlerContext.invokeChannelRead(AbstractChannelHandlerContext.java:374)
	io.netty.channel.AbstractChannelHandlerContext.invokeChannelRead(AbstractChannelHandlerContext.java:360)
	io.netty.channel.DefaultChannelPipeline.fireChannelRead(DefaultChannelPipeline.java:930)
	io.netty.channel.nio.AbstractNioByteChannel$NioByteUnsafe.read(AbstractNioByteChannel.java:163)
	io.netty.channel.nio.NioEventLoop.processSelectedKey(NioEventLoop.java:682)
	io.netty.channel.nio.NioEventLoop.processSelectedKeysOptimized(NioEventLoop.java:617)
	io.netty.channel.nio.NioEventLoop.processSelectedKeys(NioEventLoop.java:534)
	io.netty.channel.nio.NioEventLoop.run(NioEventLoop.java:496)
	io.netty.util.concurrent.SingleThreadEventExecutor$5.run(SingleThreadEventExecutor.java:906)
	io.netty.util.internal.ThreadExecutorMap$2.run(ThreadExecutorMap.java:74)
	io.netty.util.concurrent.FastThreadLocalRunnable.run(FastThreadLocalRunnable.java:30)
	java.lang.Thread.run(Thread.java:748)
Created at:
	io.netty.buffer.SimpleLeakAwareByteBuf.unwrappedDerived(SimpleLeakAwareByteBuf.java:143)
	io.netty.buffer.SimpleLeakAwareByteBuf.readRetainedSlice(SimpleLeakAwareByteBuf.java:67)
	io.netty.buffer.AdvancedLeakAwareByteBuf.readRetainedSlice(AdvancedLeakAwareByteBuf.java:107)
	io.netty.handler.codec.http.HttpObjectDecoder.decode(HttpObjectDecoder.java:336)
	io.netty.handler.codec.http.HttpServerCodec$HttpServerRequestDecoder.decode(HttpServerCodec.java:103)
	io.netty.handler.codec.ByteToMessageDecoder.decodeRemovalReentryProtection(ByteToMessageDecoder.java:502)
	io.netty.handler.codec.ByteToMessageDecoder.callDecode(ByteToMessageDecoder.java:441)
	io.netty.handler.codec.ByteToMessageDecoder.channelRead(ByteToMessageDecoder.java:278)
	io.netty.channel.CombinedChannelDuplexHandler.channelRead(CombinedChannelDuplexHandler.java:253)
	io.netty.channel.AbstractChannelHandlerContext.invokeChannelRead(AbstractChannelHandlerContext.java:374)
	io.netty.channel.AbstractChannelHandlerContext.invokeChannelRead(AbstractChannelHandlerContext.java:360)
	io.netty.channel.AbstractChannelHandlerContext.fireChannelRead(AbstractChannelHandlerContext.java:352)
	io.netty.channel.DefaultChannelPipeline$HeadContext.channelRead(DefaultChannelPipeline.java:1408)
	io.netty.channel.AbstractChannelHandlerContext.invokeChannelRead(AbstractChannelHandlerContext.java:374)
	io.netty.channel.AbstractChannelHandlerContext.invokeChannelRead(AbstractChannelHandlerContext.java:360)
	io.netty.channel.DefaultChannelPipeline.fireChannelRead(DefaultChannelPipeline.java:930)
	io.netty.channel.nio.AbstractNioByteChannel$NioByteUnsafe.read(AbstractNioByteChannel.java:163)
	io.netty.channel.nio.NioEventLoop.processSelectedKey(NioEventLoop.java:682)
	io.netty.channel.nio.NioEventLoop.processSelectedKeysOptimized(NioEventLoop.java:617)
	io.netty.channel.nio.NioEventLoop.processSelectedKeys(NioEventLoop.java:534)
	io.netty.channel.nio.NioEventLoop.run(NioEventLoop.java:496)
	io.netty.util.concurrent.SingleThreadEventExecutor$5.run(SingleThreadEventExecutor.java:906)
	io.netty.util.internal.ThreadExecutorMap$2.run(ThreadExecutorMap.java:74)
	io.netty.util.concurrent.FastThreadLocalRunnable.run(FastThreadLocalRunnable.java:30)
	java.lang.Thread.run(Thread.java:748)
: 2 leak records were discarded because they were duplicates
: 47 leak records were discarded because the leak record count is targeted to 4. Use system property io.netty.leakDetection.targetRecords to increase the limit.
22:42:59.880 [reactor-http-nio-14] ERROR i.n.u.ResourceLeakDetector - LEAK: ByteBuf.release() was not called before it's garbage-collected. See http://netty.io/wiki/reference-counted-objects.html for more information.
Recent access records: 
#1:
	io.netty.buffer.AdvancedLeakAwareByteBuf.getBytes(AdvancedLeakAwareByteBuf.java:250)
	io.netty.buffer.CompositeByteBuf.getBytes(CompositeByteBuf.java:1029)
	io.netty.buffer.CompositeByteBuf.getBytes(CompositeByteBuf.java:48)
	io.netty.buffer.AbstractUnpooledSlicedByteBuf.getBytes(AbstractUnpooledSlicedByteBuf.java:243)
	io.netty.buffer.AbstractByteBuf.readBytes(AbstractByteBuf.java:889)
	io.netty.buffer.AbstractByteBuf.readBytes(AbstractByteBuf.java:896)
	io.netty.buffer.WrappedByteBuf.readBytes(WrappedByteBuf.java:649)
	io.netty.buffer.AdvancedLeakAwareByteBuf.readBytes(AdvancedLeakAwareByteBuf.java:497)
	org.springframework.core.io.buffer.NettyDataBuffer.read(NettyDataBuffer.java:159)
	org.springframework.core.io.buffer.NettyDataBuffer.read(NettyDataBuffer.java:43)
	org.springframework.http.codec.multipart.DefaultMultipartMessageReader.toHeaders(DefaultMultipartMessageReader.java:229)
	org.springframework.http.codec.multipart.DefaultMultipartMessageReader.toPart(DefaultMultipartMessageReader.java:197)
	reactor.core.publisher.FluxMap$MapConditionalSubscriber.onNext(FluxMap.java:199)
	reactor.core.publisher.FluxTakeWhile$TakeWhileSubscriber.onNext(FluxTakeWhile.java:94)
	reactor.core.publisher.FluxContextStart$ContextStartSubscriber.onNext(FluxContextStart.java:103)
	reactor.core.publisher.FluxMap$MapConditionalSubscriber.onNext(FluxMap.java:213)
	reactor.core.publisher.FluxBufferPredicate$BufferPredicateSubscriber.emit(FluxBufferPredicate.java:290)
	reactor.core.publisher.FluxBufferPredicate$BufferPredicateSubscriber.onNextNewBuffer(FluxBufferPredicate.java:257)
	reactor.core.publisher.FluxBufferPredicate$BufferPredicateSubscriber.tryOnNext(FluxBufferPredicate.java:211)
	reactor.core.publisher.FluxBufferPredicate$BufferPredicateSubscriber.onNext(FluxBufferPredicate.java:184)
	reactor.core.publisher.FluxFlatMap$FlatMapMain.drainLoop(FluxFlatMap.java:664)
	reactor.core.publisher.FluxFlatMap$FlatMapMain.drain(FluxFlatMap.java:540)
	reactor.core.publisher.FluxFlatMap$FlatMapInner.onSubscribe(FluxFlatMap.java:924)
	reactor.core.publisher.FluxIterable.subscribe(FluxIterable.java:139)
	reactor.core.publisher.FluxIterable.subscribe(FluxIterable.java:63)
	reactor.core.publisher.Flux.subscribe(Flux.java:7922)
	reactor.core.publisher.FluxFlatMap$FlatMapMain.onNext(FluxFlatMap.java:389)
	reactor.core.publisher.FluxConcatMap$ConcatMapImmediate.innerNext(FluxConcatMap.java:275)
	reactor.core.publisher.FluxConcatMap$ConcatMapInner.onNext(FluxConcatMap.java:849)
	reactor.core.publisher.FluxConcatMap$WeakScalarSubscription.request(FluxConcatMap.java:470)
	reactor.core.publisher.Operators$MultiSubscriptionSubscriber.set(Operators.java:1939)
	reactor.core.publisher.FluxConcatMap$ConcatMapImmediate.drain(FluxConcatMap.java:436)
	reactor.core.publisher.FluxConcatMap$ConcatMapImmediate.onNext(FluxConcatMap.java:244)
	reactor.core.publisher.FluxMap$MapSubscriber.onNext(FluxMap.java:114)
	reactor.core.publisher.FluxPeek$PeekSubscriber.onNext(FluxPeek.java:192)
	reactor.core.publisher.FluxMap$MapSubscriber.onNext(FluxMap.java:114)
	reactor.netty.channel.FluxReceive.drainReceiver(FluxReceive.java:206)
	reactor.netty.channel.FluxReceive.onInboundNext(FluxReceive.java:322)
	reactor.netty.channel.ChannelOperations.onInboundNext(ChannelOperations.java:335)
	reactor.netty.http.server.HttpServerOperations.onInboundNext(HttpServerOperations.java:456)
	reactor.netty.channel.ChannelOperationsHandler.channelRead(ChannelOperationsHandler.java:91)
	io.netty.channel.AbstractChannelHandlerContext.invokeChannelRead(AbstractChannelHandlerContext.java:374)
	io.netty.channel.AbstractChannelHandlerContext.invokeChannelRead(AbstractChannelHandlerContext.java:360)
	io.netty.channel.AbstractChannelHandlerContext.fireChannelRead(AbstractChannelHandlerContext.java:352)
	reactor.netty.http.server.HttpTrafficHandler.channelRead(HttpTrafficHandler.java:190)
	io.netty.channel.AbstractChannelHandlerContext.invokeChannelRead(AbstractChannelHandlerContext.java:374)
	io.netty.channel.AbstractChannelHandlerContext.invokeChannelRead(AbstractChannelHandlerContext.java:360)
	io.netty.channel.AbstractChannelHandlerContext.fireChannelRead(AbstractChannelHandlerContext.java:352)
	io.netty.channel.CombinedChannelDuplexHandler$DelegatingChannelHandlerContext.fireChannelRead(CombinedChannelDuplexHandler.java:438)
	io.netty.handler.codec.ByteToMessageDecoder.fireChannelRead(ByteToMessageDecoder.java:323)
	io.netty.handler.codec.ByteToMessageDecoder.fireChannelRead(ByteToMessageDecoder.java:310)
	io.netty.handler.codec.ByteToMessageDecoder.callDecode(ByteToMessageDecoder.java:426)
	io.netty.handler.codec.ByteToMessageDecoder.channelRead(ByteToMessageDecoder.java:278)
	io.netty.channel.CombinedChannelDuplexHandler.channelRead(CombinedChannelDuplexHandler.java:253)
	io.netty.channel.AbstractChannelHandlerContext.invokeChannelRead(AbstractChannelHandlerContext.java:374)
	io.netty.channel.AbstractChannelHandlerContext.invokeChannelRead(AbstractChannelHandlerContext.java:360)
	io.netty.channel.AbstractChannelHandlerContext.fireChannelRead(AbstractChannelHandlerContext.java:352)
	io.netty.channel.DefaultChannelPipeline$HeadContext.channelRead(DefaultChannelPipeline.java:1408)
	io.netty.channel.AbstractChannelHandlerContext.invokeChannelRead(AbstractChannelHandlerContext.java:374)
	io.netty.channel.AbstractChannelHandlerContext.invokeChannelRead(AbstractChannelHandlerContext.java:360)
	io.netty.channel.DefaultChannelPipeline.fireChannelRead(DefaultChannelPipeline.java:930)
	io.netty.channel.nio.AbstractNioByteChannel$NioByteUnsafe.read(AbstractNioByteChannel.java:163)
	io.netty.channel.nio.NioEventLoop.processSelectedKey(NioEventLoop.java:682)
	io.netty.channel.nio.NioEventLoop.processSelectedKeysOptimized(NioEventLoop.java:617)
	io.netty.channel.nio.NioEventLoop.processSelectedKeys(NioEventLoop.java:534)
	io.netty.channel.nio.NioEventLoop.run(NioEventLoop.java:496)
	io.netty.util.concurrent.SingleThreadEventExecutor$5.run(SingleThreadEventExecutor.java:906)
	io.netty.util.internal.ThreadExecutorMap$2.run(ThreadExecutorMap.java:74)
	io.netty.util.concurrent.FastThreadLocalRunnable.run(FastThreadLocalRunnable.java:30)
	java.lang.Thread.run(Thread.java:748)
#2:
	io.netty.buffer.AdvancedLeakAwareByteBuf.getByte(AdvancedLeakAwareByteBuf.java:154)
	io.netty.buffer.CompositeByteBuf.getByte(CompositeByteBuf.java:913)
	io.netty.buffer.WrappedCompositeByteBuf.getByte(WrappedCompositeByteBuf.java:652)
	io.netty.buffer.AdvancedLeakAwareCompositeByteBuf.getByte(AdvancedLeakAwareCompositeByteBuf.java:141)
	org.springframework.core.io.buffer.NettyDataBuffer.getByte(NettyDataBuffer.java:132)
	org.springframework.core.io.buffer.DataBufferUtils$KnuthMorrisPrattMatcher.match(DataBufferUtils.java:1005)
	org.springframework.http.codec.multipart.DefaultMultipartMessageReader.toPart(DefaultMultipartMessageReader.java:184)
	reactor.core.publisher.FluxMap$MapConditionalSubscriber.onNext(FluxMap.java:199)
	reactor.core.publisher.FluxTakeWhile$TakeWhileSubscriber.onNext(FluxTakeWhile.java:94)
	reactor.core.publisher.FluxContextStart$ContextStartSubscriber.onNext(FluxContextStart.java:103)
	reactor.core.publisher.FluxMap$MapConditionalSubscriber.onNext(FluxMap.java:213)
	reactor.core.publisher.FluxBufferPredicate$BufferPredicateSubscriber.emit(FluxBufferPredicate.java:290)
	reactor.core.publisher.FluxBufferPredicate$BufferPredicateSubscriber.onNextNewBuffer(FluxBufferPredicate.java:257)
	reactor.core.publisher.FluxBufferPredicate$BufferPredicateSubscriber.tryOnNext(FluxBufferPredicate.java:211)
	reactor.core.publisher.FluxBufferPredicate$BufferPredicateSubscriber.onNext(FluxBufferPredicate.java:184)
	reactor.core.publisher.FluxFlatMap$FlatMapMain.drainLoop(FluxFlatMap.java:664)
	reactor.core.publisher.FluxFlatMap$FlatMapMain.drain(FluxFlatMap.java:540)
	reactor.core.publisher.FluxFlatMap$FlatMapInner.onSubscribe(FluxFlatMap.java:924)
	reactor.core.publisher.FluxIterable.subscribe(FluxIterable.java:139)
	reactor.core.publisher.FluxIterable.subscribe(FluxIterable.java:63)
	reactor.core.publisher.Flux.subscribe(Flux.java:7922)
	reactor.core.publisher.FluxFlatMap$FlatMapMain.onNext(FluxFlatMap.java:389)
	reactor.core.publisher.FluxConcatMap$ConcatMapImmediate.innerNext(FluxConcatMap.java:275)
	reactor.core.publisher.FluxConcatMap$ConcatMapInner.onNext(FluxConcatMap.java:849)
	reactor.core.publisher.FluxConcatMap$WeakScalarSubscription.request(FluxConcatMap.java:470)
	reactor.core.publisher.Operators$MultiSubscriptionSubscriber.set(Operators.java:1939)
	reactor.core.publisher.FluxConcatMap$ConcatMapImmediate.drain(FluxConcatMap.java:436)
	reactor.core.publisher.FluxConcatMap$ConcatMapImmediate.onNext(FluxConcatMap.java:244)
	reactor.core.publisher.FluxMap$MapSubscriber.onNext(FluxMap.java:114)
	reactor.core.publisher.FluxPeek$PeekSubscriber.onNext(FluxPeek.java:192)
	reactor.core.publisher.FluxMap$MapSubscriber.onNext(FluxMap.java:114)
	reactor.netty.channel.FluxReceive.drainReceiver(FluxReceive.java:206)
	reactor.netty.channel.FluxReceive.onInboundNext(FluxReceive.java:322)
	reactor.netty.channel.ChannelOperations.onInboundNext(ChannelOperations.java:335)
	reactor.netty.http.server.HttpServerOperations.onInboundNext(HttpServerOperations.java:456)
	reactor.netty.channel.ChannelOperationsHandler.channelRead(ChannelOperationsHandler.java:91)
	io.netty.channel.AbstractChannelHandlerContext.invokeChannelRead(AbstractChannelHandlerContext.java:374)
	io.netty.channel.AbstractChannelHandlerContext.invokeChannelRead(AbstractChannelHandlerContext.java:360)
	io.netty.channel.AbstractChannelHandlerContext.fireChannelRead(AbstractChannelHandlerContext.java:352)
	reactor.netty.http.server.HttpTrafficHandler.channelRead(HttpTrafficHandler.java:190)
	io.netty.channel.AbstractChannelHandlerContext.invokeChannelRead(AbstractChannelHandlerContext.java:374)
	io.netty.channel.AbstractChannelHandlerContext.invokeChannelRead(AbstractChannelHandlerContext.java:360)
	io.netty.channel.AbstractChannelHandlerContext.fireChannelRead(AbstractChannelHandlerContext.java:352)
	io.netty.channel.CombinedChannelDuplexHandler$DelegatingChannelHandlerContext.fireChannelRead(CombinedChannelDuplexHandler.java:438)
	io.netty.handler.codec.ByteToMessageDecoder.fireChannelRead(ByteToMessageDecoder.java:323)
	io.netty.handler.codec.ByteToMessageDecoder.fireChannelRead(ByteToMessageDecoder.java:310)
	io.netty.handler.codec.ByteToMessageDecoder.callDecode(ByteToMessageDecoder.java:426)
	io.netty.handler.codec.ByteToMessageDecoder.channelRead(ByteToMessageDecoder.java:278)
	io.netty.channel.CombinedChannelDuplexHandler.channelRead(CombinedChannelDuplexHandler.java:253)
	io.netty.channel.AbstractChannelHandlerContext.invokeChannelRead(AbstractChannelHandlerContext.java:374)
	io.netty.channel.AbstractChannelHandlerContext.invokeChannelRead(AbstractChannelHandlerContext.java:360)
	io.netty.channel.AbstractChannelHandlerContext.fireChannelRead(AbstractChannelHandlerContext.java:352)
	io.netty.channel.DefaultChannelPipeline$HeadContext.channelRead(DefaultChannelPipeline.java:1408)
	io.netty.channel.AbstractChannelHandlerContext.invokeChannelRead(AbstractChannelHandlerContext.java:374)
	io.netty.channel.AbstractChannelHandlerContext.invokeChannelRead(AbstractChannelHandlerContext.java:360)
	io.netty.channel.DefaultChannelPipeline.fireChannelRead(DefaultChannelPipeline.java:930)
	io.netty.channel.nio.AbstractNioByteChannel$NioByteUnsafe.read(AbstractNioByteChannel.java:163)
	io.netty.channel.nio.NioEventLoop.processSelectedKey(NioEventLoop.java:682)
	io.netty.channel.nio.NioEventLoop.processSelectedKeysOptimized(NioEventLoop.java:617)
	io.netty.channel.nio.NioEventLoop.processSelectedKeys(NioEventLoop.java:534)
	io.netty.channel.nio.NioEventLoop.run(NioEventLoop.java:496)
	io.netty.util.concurrent.SingleThreadEventExecutor$5.run(SingleThreadEventExecutor.java:906)
	io.netty.util.internal.ThreadExecutorMap$2.run(ThreadExecutorMap.java:74)
	io.netty.util.concurrent.FastThreadLocalRunnable.run(FastThreadLocalRunnable.java:30)
	java.lang.Thread.run(Thread.java:748)
#3:
	io.netty.buffer.AdvancedLeakAwareByteBuf.getByte(AdvancedLeakAwareByteBuf.java:154)
	org.springframework.core.io.buffer.NettyDataBuffer.getByte(NettyDataBuffer.java:132)
	org.springframework.core.io.buffer.DataBufferUtils$KnuthMorrisPrattMatcher.match(DataBufferUtils.java:1005)
	org.springframework.core.io.buffer.DataBufferUtils.endFrameAfterDelimiter(DataBufferUtils.java:634)
	org.springframework.core.io.buffer.DataBufferUtils.lambda$split$18(DataBufferUtils.java:603)
	reactor.core.publisher.FluxFlatMap$FlatMapMain.onNext(FluxFlatMap.java:350)
	reactor.core.publisher.FluxConcatMap$ConcatMapImmediate.innerNext(FluxConcatMap.java:275)
	reactor.core.publisher.FluxConcatMap$ConcatMapInner.onNext(FluxConcatMap.java:849)
	reactor.core.publisher.FluxConcatMap$WeakScalarSubscription.request(FluxConcatMap.java:470)
	reactor.core.publisher.Operators$MultiSubscriptionSubscriber.set(Operators.java:1939)
	reactor.core.publisher.FluxConcatMap$ConcatMapImmediate.drain(FluxConcatMap.java:436)
	reactor.core.publisher.FluxConcatMap$ConcatMapImmediate.onNext(FluxConcatMap.java:244)
	reactor.core.publisher.FluxMap$MapSubscriber.onNext(FluxMap.java:114)
	reactor.core.publisher.FluxPeek$PeekSubscriber.onNext(FluxPeek.java:192)
	reactor.core.publisher.FluxMap$MapSubscriber.onNext(FluxMap.java:114)
	reactor.netty.channel.FluxReceive.drainReceiver(FluxReceive.java:206)
	reactor.netty.channel.FluxReceive.onInboundNext(FluxReceive.java:322)
	reactor.netty.channel.ChannelOperations.onInboundNext(ChannelOperations.java:335)
	reactor.netty.http.server.HttpServerOperations.onInboundNext(HttpServerOperations.java:456)
	reactor.netty.channel.ChannelOperationsHandler.channelRead(ChannelOperationsHandler.java:91)
	io.netty.channel.AbstractChannelHandlerContext.invokeChannelRead(AbstractChannelHandlerContext.java:374)
	io.netty.channel.AbstractChannelHandlerContext.invokeChannelRead(AbstractChannelHandlerContext.java:360)
	io.netty.channel.AbstractChannelHandlerContext.fireChannelRead(AbstractChannelHandlerContext.java:352)
	reactor.netty.http.server.HttpTrafficHandler.channelRead(HttpTrafficHandler.java:190)
	io.netty.channel.AbstractChannelHandlerContext.invokeChannelRead(AbstractChannelHandlerContext.java:374)
	io.netty.channel.AbstractChannelHandlerContext.invokeChannelRead(AbstractChannelHandlerContext.java:360)
	io.netty.channel.AbstractChannelHandlerContext.fireChannelRead(AbstractChannelHandlerContext.java:352)
	io.netty.channel.CombinedChannelDuplexHandler$DelegatingChannelHandlerContext.fireChannelRead(CombinedChannelDuplexHandler.java:438)
	io.netty.handler.codec.ByteToMessageDecoder.fireChannelRead(ByteToMessageDecoder.java:323)
	io.netty.handler.codec.ByteToMessageDecoder.fireChannelRead(ByteToMessageDecoder.java:310)
	io.netty.handler.codec.ByteToMessageDecoder.callDecode(ByteToMessageDecoder.java:426)
	io.netty.handler.codec.ByteToMessageDecoder.channelRead(ByteToMessageDecoder.java:278)
	io.netty.channel.CombinedChannelDuplexHandler.channelRead(CombinedChannelDuplexHandler.java:253)
	io.netty.channel.AbstractChannelHandlerContext.invokeChannelRead(AbstractChannelHandlerContext.java:374)
	io.netty.channel.AbstractChannelHandlerContext.invokeChannelRead(AbstractChannelHandlerContext.java:360)
	io.netty.channel.AbstractChannelHandlerContext.fireChannelRead(AbstractChannelHandlerContext.java:352)
	io.netty.channel.DefaultChannelPipeline$HeadContext.channelRead(DefaultChannelPipeline.java:1408)
	io.netty.channel.AbstractChannelHandlerContext.invokeChannelRead(AbstractChannelHandlerContext.java:374)
	io.netty.channel.AbstractChannelHandlerContext.invokeChannelRead(AbstractChannelHandlerContext.java:360)
	io.netty.channel.DefaultChannelPipeline.fireChannelRead(DefaultChannelPipeline.java:930)
	io.netty.channel.nio.AbstractNioByteChannel$NioByteUnsafe.read(AbstractNioByteChannel.java:163)
	io.netty.channel.nio.NioEventLoop.processSelectedKey(NioEventLoop.java:682)
	io.netty.channel.nio.NioEventLoop.processSelectedKeysOptimized(NioEventLoop.java:617)
	io.netty.channel.nio.NioEventLoop.processSelectedKeys(NioEventLoop.java:534)
	io.netty.channel.nio.NioEventLoop.run(NioEventLoop.java:496)
	io.netty.util.concurrent.SingleThreadEventExecutor$5.run(SingleThreadEventExecutor.java:906)
	io.netty.util.internal.ThreadExecutorMap$2.run(ThreadExecutorMap.java:74)
	io.netty.util.concurrent.FastThreadLocalRunnable.run(FastThreadLocalRunnable.java:30)
	java.lang.Thread.run(Thread.java:748)
#4:
	reactor.core.publisher.FluxPeek$PeekSubscriber.onNext(FluxPeek.java:177)
	reactor.core.publisher.FluxMap$MapSubscriber.onNext(FluxMap.java:114)
	reactor.netty.channel.FluxReceive.drainReceiver(FluxReceive.java:206)
	reactor.netty.channel.FluxReceive.onInboundNext(FluxReceive.java:322)
	reactor.netty.channel.ChannelOperations.onInboundNext(ChannelOperations.java:335)
	reactor.netty.http.server.HttpServerOperations.onInboundNext(HttpServerOperations.java:456)
	reactor.netty.channel.ChannelOperationsHandler.channelRead(ChannelOperationsHandler.java:91)
	io.netty.channel.AbstractChannelHandlerContext.invokeChannelRead(AbstractChannelHandlerContext.java:374)
	io.netty.channel.AbstractChannelHandlerContext.invokeChannelRead(AbstractChannelHandlerContext.java:360)
	io.netty.channel.AbstractChannelHandlerContext.fireChannelRead(AbstractChannelHandlerContext.java:352)
	reactor.netty.http.server.HttpTrafficHandler.channelRead(HttpTrafficHandler.java:190)
	io.netty.channel.AbstractChannelHandlerContext.invokeChannelRead(AbstractChannelHandlerContext.java:374)
	io.netty.channel.AbstractChannelHandlerContext.invokeChannelRead(AbstractChannelHandlerContext.java:360)
	io.netty.channel.AbstractChannelHandlerContext.fireChannelRead(AbstractChannelHandlerContext.java:352)
	io.netty.channel.CombinedChannelDuplexHandler$DelegatingChannelHandlerContext.fireChannelRead(CombinedChannelDuplexHandler.java:438)
	io.netty.handler.codec.ByteToMessageDecoder.fireChannelRead(ByteToMessageDecoder.java:323)
	io.netty.handler.codec.ByteToMessageDecoder.fireChannelRead(ByteToMessageDecoder.java:310)
	io.netty.handler.codec.ByteToMessageDecoder.callDecode(ByteToMessageDecoder.java:426)
	io.netty.handler.codec.ByteToMessageDecoder.channelRead(ByteToMessageDecoder.java:278)
	io.netty.channel.CombinedChannelDuplexHandler.channelRead(CombinedChannelDuplexHandler.java:253)
	io.netty.channel.AbstractChannelHandlerContext.invokeChannelRead(AbstractChannelHandlerContext.java:374)
	io.netty.channel.AbstractChannelHandlerContext.invokeChannelRead(AbstractChannelHandlerContext.java:360)
	io.netty.channel.AbstractChannelHandlerContext.fireChannelRead(AbstractChannelHandlerContext.java:352)
	io.netty.channel.DefaultChannelPipeline$HeadContext.channelRead(DefaultChannelPipeline.java:1408)
	io.netty.channel.AbstractChannelHandlerContext.invokeChannelRead(AbstractChannelHandlerContext.java:374)
	io.netty.channel.AbstractChannelHandlerContext.invokeChannelRead(AbstractChannelHandlerContext.java:360)
	io.netty.channel.DefaultChannelPipeline.fireChannelRead(DefaultChannelPipeline.java:930)
	io.netty.channel.nio.AbstractNioByteChannel$NioByteUnsafe.read(AbstractNioByteChannel.java:163)
	io.netty.channel.nio.NioEventLoop.processSelectedKey(NioEventLoop.java:682)
	io.netty.channel.nio.NioEventLoop.processSelectedKeysOptimized(NioEventLoop.java:617)
	io.netty.channel.nio.NioEventLoop.processSelectedKeys(NioEventLoop.java:534)
	io.netty.channel.nio.NioEventLoop.run(NioEventLoop.java:496)
	io.netty.util.concurrent.SingleThreadEventExecutor$5.run(SingleThreadEventExecutor.java:906)
	io.netty.util.internal.ThreadExecutorMap$2.run(ThreadExecutorMap.java:74)
	io.netty.util.concurrent.FastThreadLocalRunnable.run(FastThreadLocalRunnable.java:30)
	java.lang.Thread.run(Thread.java:748)
#5:
	Hint: 'reactor.right.reactiveBridge' will handle the message from this point.
	io.netty.handler.codec.http.DefaultHttpContent.touch(DefaultHttpContent.java:88)
	io.netty.handler.codec.http.DefaultHttpContent.touch(DefaultHttpContent.java:24)
	io.netty.channel.DefaultChannelPipeline.touch(DefaultChannelPipeline.java:116)
	io.netty.channel.AbstractChannelHandlerContext.invokeChannelRead(AbstractChannelHandlerContext.java:357)
	io.netty.channel.AbstractChannelHandlerContext.fireChannelRead(AbstractChannelHandlerContext.java:352)
	reactor.netty.http.server.HttpTrafficHandler.channelRead(HttpTrafficHandler.java:190)
	io.netty.channel.AbstractChannelHandlerContext.invokeChannelRead(AbstractChannelHandlerContext.java:374)
	io.netty.channel.AbstractChannelHandlerContext.invokeChannelRead(AbstractChannelHandlerContext.java:360)
	io.netty.channel.AbstractChannelHandlerContext.fireChannelRead(AbstractChannelHandlerContext.java:352)
	io.netty.channel.CombinedChannelDuplexHandler$DelegatingChannelHandlerContext.fireChannelRead(CombinedChannelDuplexHandler.java:438)
	io.netty.handler.codec.ByteToMessageDecoder.fireChannelRead(ByteToMessageDecoder.java:323)
	io.netty.handler.codec.ByteToMessageDecoder.fireChannelRead(ByteToMessageDecoder.java:310)
	io.netty.handler.codec.ByteToMessageDecoder.callDecode(ByteToMessageDecoder.java:426)
	io.netty.handler.codec.ByteToMessageDecoder.channelRead(ByteToMessageDecoder.java:278)
	io.netty.channel.CombinedChannelDuplexHandler.channelRead(CombinedChannelDuplexHandler.java:253)
	io.netty.channel.AbstractChannelHandlerContext.invokeChannelRead(AbstractChannelHandlerContext.java:374)
	io.netty.channel.AbstractChannelHandlerContext.invokeChannelRead(AbstractChannelHandlerContext.java:360)
	io.netty.channel.AbstractChannelHandlerContext.fireChannelRead(AbstractChannelHandlerContext.java:352)
	io.netty.channel.DefaultChannelPipeline$HeadContext.channelRead(DefaultChannelPipeline.java:1408)
	io.netty.channel.AbstractChannelHandlerContext.invokeChannelRead(AbstractChannelHandlerContext.java:374)
	io.netty.channel.AbstractChannelHandlerContext.invokeChannelRead(AbstractChannelHandlerContext.java:360)
	io.netty.channel.DefaultChannelPipeline.fireChannelRead(DefaultChannelPipeline.java:930)
	io.netty.channel.nio.AbstractNioByteChannel$NioByteUnsafe.read(AbstractNioByteChannel.java:163)
	io.netty.channel.nio.NioEventLoop.processSelectedKey(NioEventLoop.java:682)
	io.netty.channel.nio.NioEventLoop.processSelectedKeysOptimized(NioEventLoop.java:617)
	io.netty.channel.nio.NioEventLoop.processSelectedKeys(NioEventLoop.java:534)
	io.netty.channel.nio.NioEventLoop.run(NioEventLoop.java:496)
	io.netty.util.concurrent.SingleThreadEventExecutor$5.run(SingleThreadEventExecutor.java:906)
	io.netty.util.internal.ThreadExecutorMap$2.run(ThreadExecutorMap.java:74)
	io.netty.util.concurrent.FastThreadLocalRunnable.run(FastThreadLocalRunnable.java:30)
	java.lang.Thread.run(Thread.java:748)
#6:
	Hint: 'reactor.left.httpTrafficHandler' will handle the message from this point.
	io.netty.handler.codec.http.DefaultHttpContent.touch(DefaultHttpContent.java:88)
	io.netty.handler.codec.http.DefaultHttpContent.touch(DefaultHttpContent.java:24)
	io.netty.channel.DefaultChannelPipeline.touch(DefaultChannelPipeline.java:116)
	io.netty.channel.AbstractChannelHandlerContext.invokeChannelRead(AbstractChannelHandlerContext.java:357)
	io.netty.channel.AbstractChannelHandlerContext.fireChannelRead(AbstractChannelHandlerContext.java:352)
	io.netty.channel.CombinedChannelDuplexHandler$DelegatingChannelHandlerContext.fireChannelRead(CombinedChannelDuplexHandler.java:438)
	io.netty.handler.codec.ByteToMessageDecoder.fireChannelRead(ByteToMessageDecoder.java:323)
	io.netty.handler.codec.ByteToMessageDecoder.fireChannelRead(ByteToMessageDecoder.java:310)
	io.netty.handler.codec.ByteToMessageDecoder.callDecode(ByteToMessageDecoder.java:426)
	io.netty.handler.codec.ByteToMessageDecoder.channelRead(ByteToMessageDecoder.java:278)
	io.netty.channel.CombinedChannelDuplexHandler.channelRead(CombinedChannelDuplexHandler.java:253)
	io.netty.channel.AbstractChannelHandlerContext.invokeChannelRead(AbstractChannelHandlerContext.java:374)
	io.netty.channel.AbstractChannelHandlerContext.invokeChannelRead(AbstractChannelHandlerContext.java:360)
	io.netty.channel.AbstractChannelHandlerContext.fireChannelRead(AbstractChannelHandlerContext.java:352)
	io.netty.channel.DefaultChannelPipeline$HeadContext.channelRead(DefaultChannelPipeline.java:1408)
	io.netty.channel.AbstractChannelHandlerContext.invokeChannelRead(AbstractChannelHandlerContext.java:374)
	io.netty.channel.AbstractChannelHandlerContext.invokeChannelRead(AbstractChannelHandlerContext.java:360)
	io.netty.channel.DefaultChannelPipeline.fireChannelRead(DefaultChannelPipeline.java:930)
	io.netty.channel.nio.AbstractNioByteChannel$NioByteUnsafe.read(AbstractNioByteChannel.java:163)
	io.netty.channel.nio.NioEventLoop.processSelectedKey(NioEventLoop.java:682)
	io.netty.channel.nio.NioEventLoop.processSelectedKeysOptimized(NioEventLoop.java:617)
	io.netty.channel.nio.NioEventLoop.processSelectedKeys(NioEventLoop.java:534)
	io.netty.channel.nio.NioEventLoop.run(NioEventLoop.java:496)
	io.netty.util.concurrent.SingleThreadEventExecutor$5.run(SingleThreadEventExecutor.java:906)
	io.netty.util.internal.ThreadExecutorMap$2.run(ThreadExecutorMap.java:74)
	io.netty.util.concurrent.FastThreadLocalRunnable.run(FastThreadLocalRunnable.java:30)
	java.lang.Thread.run(Thread.java:748)
Created at:
	io.netty.buffer.SimpleLeakAwareByteBuf.unwrappedDerived(SimpleLeakAwareByteBuf.java:143)
	io.netty.buffer.SimpleLeakAwareByteBuf.readRetainedSlice(SimpleLeakAwareByteBuf.java:67)
	io.netty.buffer.AdvancedLeakAwareByteBuf.readRetainedSlice(AdvancedLeakAwareByteBuf.java:107)
	io.netty.handler.codec.http.HttpObjectDecoder.decode(HttpObjectDecoder.java:336)
	io.netty.handler.codec.http.HttpServerCodec$HttpServerRequestDecoder.decode(HttpServerCodec.java:103)
	io.netty.handler.codec.ByteToMessageDecoder.decodeRemovalReentryProtection(ByteToMessageDecoder.java:502)
	io.netty.handler.codec.ByteToMessageDecoder.callDecode(ByteToMessageDecoder.java:441)
	io.netty.handler.codec.ByteToMessageDecoder.channelRead(ByteToMessageDecoder.java:278)
	io.netty.channel.CombinedChannelDuplexHandler.channelRead(CombinedChannelDuplexHandler.java:253)
	io.netty.channel.AbstractChannelHandlerContext.invokeChannelRead(AbstractChannelHandlerContext.java:374)
	io.netty.channel.AbstractChannelHandlerContext.invokeChannelRead(AbstractChannelHandlerContext.java:360)
	io.netty.channel.AbstractChannelHandlerContext.fireChannelRead(AbstractChannelHandlerContext.java:352)
	io.netty.channel.DefaultChannelPipeline$HeadContext.channelRead(DefaultChannelPipeline.java:1408)
	io.netty.channel.AbstractChannelHandlerContext.invokeChannelRead(AbstractChannelHandlerContext.java:374)
	io.netty.channel.AbstractChannelHandlerContext.invokeChannelRead(AbstractChannelHandlerContext.java:360)
	io.netty.channel.DefaultChannelPipeline.fireChannelRead(DefaultChannelPipeline.java:930)
	io.netty.channel.nio.AbstractNioByteChannel$NioByteUnsafe.read(AbstractNioByteChannel.java:163)
	io.netty.channel.nio.NioEventLoop.processSelectedKey(NioEventLoop.java:682)
	io.netty.channel.nio.NioEventLoop.processSelectedKeysOptimized(NioEventLoop.java:617)
	io.netty.channel.nio.NioEventLoop.processSelectedKeys(NioEventLoop.java:534)
	io.netty.channel.nio.NioEventLoop.run(NioEventLoop.java:496)
	io.netty.util.concurrent.SingleThreadEventExecutor$5.run(SingleThreadEventExecutor.java:906)
	io.netty.util.internal.ThreadExecutorMap$2.run(ThreadExecutorMap.java:74)
	io.netty.util.concurrent.FastThreadLocalRunnable.run(FastThreadLocalRunnable.java:30)
	java.lang.Thread.run(Thread.java:748)
: 6 leak records were discarded because they were duplicates
: 241 leak records were discarded because the leak record count is targeted to 4. Use system property io.netty.leakDetection.targetRecords to increase the limit.
22:42:59.884 [reactor-http-nio-14] ERROR i.n.u.ResourceLeakDetector - LEAK: ByteBuf.release() was not called before it's garbage-collected. See http://netty.io/wiki/reference-counted-objects.html for more information.
Recent access records: 
#1:
	io.netty.buffer.AdvancedLeakAwareByteBuf.order(AdvancedLeakAwareByteBuf.java:70)
	io.netty.buffer.CompositeByteBuf.newComponent(CompositeByteBuf.java:318)
	io.netty.buffer.CompositeByteBuf.addComponent0(CompositeByteBuf.java:280)
	io.netty.buffer.CompositeByteBuf.addComponent(CompositeByteBuf.java:265)
	io.netty.buffer.CompositeByteBuf.addComponent(CompositeByteBuf.java:222)
	io.netty.buffer.WrappedCompositeByteBuf.addComponent(WrappedCompositeByteBuf.java:529)
	io.netty.buffer.AdvancedLeakAwareCompositeByteBuf.addComponent(AdvancedLeakAwareCompositeByteBuf.java:921)
	org.springframework.core.io.buffer.NettyDataBufferFactory.join(NettyDataBufferFactory.java:111)
	org.springframework.core.io.buffer.DataBufferUtils.joinAndStrip(DataBufferUtils.java:686)
	org.springframework.core.io.buffer.DataBufferUtils.lambda$split$20(DataBufferUtils.java:605)
	reactor.core.publisher.FluxMap$MapConditionalSubscriber.onNext(FluxMap.java:199)
	reactor.core.publisher.FluxBufferPredicate$BufferPredicateSubscriber.emit(FluxBufferPredicate.java:290)
	reactor.core.publisher.FluxBufferPredicate$BufferPredicateSubscriber.onNextNewBuffer(FluxBufferPredicate.java:257)
	reactor.core.publisher.FluxBufferPredicate$BufferPredicateSubscriber.tryOnNext(FluxBufferPredicate.java:211)
	reactor.core.publisher.FluxBufferPredicate$BufferPredicateSubscriber.onNext(FluxBufferPredicate.java:184)
	reactor.core.publisher.FluxFlatMap$FlatMapMain.drainLoop(FluxFlatMap.java:664)
	reactor.core.publisher.FluxFlatMap$FlatMapMain.drain(FluxFlatMap.java:540)
	reactor.core.publisher.FluxFlatMap$FlatMapInner.onSubscribe(FluxFlatMap.java:924)
	reactor.core.publisher.FluxIterable.subscribe(FluxIterable.java:139)
	reactor.core.publisher.FluxIterable.subscribe(FluxIterable.java:63)
	reactor.core.publisher.Flux.subscribe(Flux.java:7922)
	reactor.core.publisher.FluxFlatMap$FlatMapMain.onNext(FluxFlatMap.java:389)
	reactor.core.publisher.FluxConcatMap$ConcatMapImmediate.innerNext(FluxConcatMap.java:275)
	reactor.core.publisher.FluxConcatMap$ConcatMapInner.onNext(FluxConcatMap.java:849)
	reactor.core.publisher.FluxConcatMap$WeakScalarSubscription.request(FluxConcatMap.java:470)
	reactor.core.publisher.Operators$MultiSubscriptionSubscriber.set(Operators.java:1939)
	reactor.core.publisher.FluxConcatMap$ConcatMapImmediate.drain(FluxConcatMap.java:436)
	reactor.core.publisher.FluxConcatMap$ConcatMapImmediate.onNext(FluxConcatMap.java:244)
	reactor.core.publisher.FluxMap$MapSubscriber.onNext(FluxMap.java:114)
	reactor.core.publisher.FluxPeek$PeekSubscriber.onNext(FluxPeek.java:192)
	reactor.core.publisher.FluxMap$MapSubscriber.onNext(FluxMap.java:114)
	reactor.netty.channel.FluxReceive.drainReceiver(FluxReceive.java:206)
	reactor.netty.channel.FluxReceive.onInboundNext(FluxReceive.java:322)
	reactor.netty.channel.ChannelOperations.onInboundNext(ChannelOperations.java:335)
	reactor.netty.http.server.HttpServerOperations.onInboundNext(HttpServerOperations.java:456)
	reactor.netty.channel.ChannelOperationsHandler.channelRead(ChannelOperationsHandler.java:91)
	io.netty.channel.AbstractChannelHandlerContext.invokeChannelRead(AbstractChannelHandlerContext.java:374)
	io.netty.channel.AbstractChannelHandlerContext.invokeChannelRead(AbstractChannelHandlerContext.java:360)
	io.netty.channel.AbstractChannelHandlerContext.fireChannelRead(AbstractChannelHandlerContext.java:352)
	reactor.netty.http.server.HttpTrafficHandler.channelRead(HttpTrafficHandler.java:190)
	io.netty.channel.AbstractChannelHandlerContext.invokeChannelRead(AbstractChannelHandlerContext.java:374)
	io.netty.channel.AbstractChannelHandlerContext.invokeChannelRead(AbstractChannelHandlerContext.java:360)
	io.netty.channel.AbstractChannelHandlerContext.fireChannelRead(AbstractChannelHandlerContext.java:352)
	io.netty.channel.CombinedChannelDuplexHandler$DelegatingChannelHandlerContext.fireChannelRead(CombinedChannelDuplexHandler.java:438)
	io.netty.handler.codec.ByteToMessageDecoder.fireChannelRead(ByteToMessageDecoder.java:323)
	io.netty.handler.codec.ByteToMessageDecoder.fireChannelRead(ByteToMessageDecoder.java:310)
	io.netty.handler.codec.ByteToMessageDecoder.callDecode(ByteToMessageDecoder.java:426)
	io.netty.handler.codec.ByteToMessageDecoder.channelRead(ByteToMessageDecoder.java:278)
	io.netty.channel.CombinedChannelDuplexHandler.channelRead(CombinedChannelDuplexHandler.java:253)
	io.netty.channel.AbstractChannelHandlerContext.invokeChannelRead(AbstractChannelHandlerContext.java:374)
	io.netty.channel.AbstractChannelHandlerContext.invokeChannelRead(AbstractChannelHandlerContext.java:360)
	io.netty.channel.AbstractChannelHandlerContext.fireChannelRead(AbstractChannelHandlerContext.java:352)
	io.netty.channel.DefaultChannelPipeline$HeadContext.channelRead(DefaultChannelPipeline.java:1408)
	io.netty.channel.AbstractChannelHandlerContext.invokeChannelRead(AbstractChannelHandlerContext.java:374)
	io.netty.channel.AbstractChannelHandlerContext.invokeChannelRead(AbstractChannelHandlerContext.java:360)
	io.netty.channel.DefaultChannelPipeline.fireChannelRead(DefaultChannelPipeline.java:930)
	io.netty.channel.nio.AbstractNioByteChannel$NioByteUnsafe.read(AbstractNioByteChannel.java:163)
	io.netty.channel.nio.NioEventLoop.processSelectedKey(NioEventLoop.java:682)
	io.netty.channel.nio.NioEventLoop.processSelectedKeysOptimized(NioEventLoop.java:617)
	io.netty.channel.nio.NioEventLoop.processSelectedKeys(NioEventLoop.java:534)
	io.netty.channel.nio.NioEventLoop.run(NioEventLoop.java:496)
	io.netty.util.concurrent.SingleThreadEventExecutor$5.run(SingleThreadEventExecutor.java:906)
	io.netty.util.internal.ThreadExecutorMap$2.run(ThreadExecutorMap.java:74)
	io.netty.util.concurrent.FastThreadLocalRunnable.run(FastThreadLocalRunnable.java:30)
	java.lang.Thread.run(Thread.java:748)
#2:
	io.netty.buffer.AdvancedLeakAwareByteBuf.getByte(AdvancedLeakAwareByteBuf.java:154)
	org.springframework.core.io.buffer.NettyDataBuffer.getByte(NettyDataBuffer.java:132)
	org.springframework.core.io.buffer.DataBufferUtils$KnuthMorrisPrattMatcher.match(DataBufferUtils.java:1005)
	org.springframework.core.io.buffer.DataBufferUtils.endFrameAfterDelimiter(DataBufferUtils.java:634)
	org.springframework.core.io.buffer.DataBufferUtils.lambda$split$18(DataBufferUtils.java:603)
	reactor.core.publisher.FluxFlatMap$FlatMapMain.onNext(FluxFlatMap.java:350)
	reactor.core.publisher.FluxConcatMap$ConcatMapImmediate.innerNext(FluxConcatMap.java:275)
	reactor.core.publisher.FluxConcatMap$ConcatMapInner.onNext(FluxConcatMap.java:849)
	reactor.core.publisher.FluxConcatMap$WeakScalarSubscription.request(FluxConcatMap.java:470)
	reactor.core.publisher.Operators$MultiSubscriptionSubscriber.set(Operators.java:1939)
	reactor.core.publisher.FluxConcatMap$ConcatMapImmediate.drain(FluxConcatMap.java:436)
	reactor.core.publisher.FluxConcatMap$ConcatMapImmediate.onNext(FluxConcatMap.java:244)
	reactor.core.publisher.FluxMap$MapSubscriber.onNext(FluxMap.java:114)
	reactor.core.publisher.FluxPeek$PeekSubscriber.onNext(FluxPeek.java:192)
	reactor.core.publisher.FluxMap$MapSubscriber.onNext(FluxMap.java:114)
	reactor.netty.channel.FluxReceive.drainReceiver(FluxReceive.java:206)
	reactor.netty.channel.FluxReceive.onInboundNext(FluxReceive.java:322)
	reactor.netty.channel.ChannelOperations.onInboundNext(ChannelOperations.java:335)
	reactor.netty.http.server.HttpServerOperations.onInboundNext(HttpServerOperations.java:456)
	reactor.netty.channel.ChannelOperationsHandler.channelRead(ChannelOperationsHandler.java:91)
	io.netty.channel.AbstractChannelHandlerContext.invokeChannelRead(AbstractChannelHandlerContext.java:374)
	io.netty.channel.AbstractChannelHandlerContext.invokeChannelRead(AbstractChannelHandlerContext.java:360)
	io.netty.channel.AbstractChannelHandlerContext.fireChannelRead(AbstractChannelHandlerContext.java:352)
	reactor.netty.http.server.HttpTrafficHandler.channelRead(HttpTrafficHandler.java:190)
	io.netty.channel.AbstractChannelHandlerContext.invokeChannelRead(AbstractChannelHandlerContext.java:374)
	io.netty.channel.AbstractChannelHandlerContext.invokeChannelRead(AbstractChannelHandlerContext.java:360)
	io.netty.channel.AbstractChannelHandlerContext.fireChannelRead(AbstractChannelHandlerContext.java:352)
	io.netty.channel.CombinedChannelDuplexHandler$DelegatingChannelHandlerContext.fireChannelRead(CombinedChannelDuplexHandler.java:438)
	io.netty.handler.codec.ByteToMessageDecoder.fireChannelRead(ByteToMessageDecoder.java:323)
	io.netty.handler.codec.ByteToMessageDecoder.fireChannelRead(ByteToMessageDecoder.java:310)
	io.netty.handler.codec.ByteToMessageDecoder.callDecode(ByteToMessageDecoder.java:426)
	io.netty.handler.codec.ByteToMessageDecoder.channelRead(ByteToMessageDecoder.java:278)
	io.netty.channel.CombinedChannelDuplexHandler.channelRead(CombinedChannelDuplexHandler.java:253)
	io.netty.channel.AbstractChannelHandlerContext.invokeChannelRead(AbstractChannelHandlerContext.java:374)
	io.netty.channel.AbstractChannelHandlerContext.invokeChannelRead(AbstractChannelHandlerContext.java:360)
	io.netty.channel.AbstractChannelHandlerContext.fireChannelRead(AbstractChannelHandlerContext.java:352)
	io.netty.channel.DefaultChannelPipeline$HeadContext.channelRead(DefaultChannelPipeline.java:1408)
	io.netty.channel.AbstractChannelHandlerContext.invokeChannelRead(AbstractChannelHandlerContext.java:374)
	io.netty.channel.AbstractChannelHandlerContext.invokeChannelRead(AbstractChannelHandlerContext.java:360)
	io.netty.channel.DefaultChannelPipeline.fireChannelRead(DefaultChannelPipeline.java:930)
	io.netty.channel.nio.AbstractNioByteChannel$NioByteUnsafe.read(AbstractNioByteChannel.java:163)
	io.netty.channel.nio.NioEventLoop.processSelectedKey(NioEventLoop.java:682)
	io.netty.channel.nio.NioEventLoop.processSelectedKeysOptimized(NioEventLoop.java:617)
	io.netty.channel.nio.NioEventLoop.processSelectedKeys(NioEventLoop.java:534)
	io.netty.channel.nio.NioEventLoop.run(NioEventLoop.java:496)
	io.netty.util.concurrent.SingleThreadEventExecutor$5.run(SingleThreadEventExecutor.java:906)
	io.netty.util.internal.ThreadExecutorMap$2.run(ThreadExecutorMap.java:74)
	io.netty.util.concurrent.FastThreadLocalRunnable.run(FastThreadLocalRunnable.java:30)
	java.lang.Thread.run(Thread.java:748)
#3:
	org.springframework.core.io.buffer.NettyDataBufferFactory.wrap(NettyDataBufferFactory.java:93)
	reactor.core.publisher.FluxMap$MapSubscriber.onNext(FluxMap.java:100)
	reactor.core.publisher.FluxPeek$PeekSubscriber.onNext(FluxPeek.java:192)
	reactor.core.publisher.FluxMap$MapSubscriber.onNext(FluxMap.java:114)
	reactor.netty.channel.FluxReceive.drainReceiver(FluxReceive.java:206)
	reactor.netty.channel.FluxReceive.onInboundNext(FluxReceive.java:322)
	reactor.netty.channel.ChannelOperations.onInboundNext(ChannelOperations.java:335)
	reactor.netty.http.server.HttpServerOperations.onInboundNext(HttpServerOperations.java:456)
	reactor.netty.channel.ChannelOperationsHandler.channelRead(ChannelOperationsHandler.java:91)
	io.netty.channel.AbstractChannelHandlerContext.invokeChannelRead(AbstractChannelHandlerContext.java:374)
	io.netty.channel.AbstractChannelHandlerContext.invokeChannelRead(AbstractChannelHandlerContext.java:360)
	io.netty.channel.AbstractChannelHandlerContext.fireChannelRead(AbstractChannelHandlerContext.java:352)
	reactor.netty.http.server.HttpTrafficHandler.channelRead(HttpTrafficHandler.java:190)
	io.netty.channel.AbstractChannelHandlerContext.invokeChannelRead(AbstractChannelHandlerContext.java:374)
	io.netty.channel.AbstractChannelHandlerContext.invokeChannelRead(AbstractChannelHandlerContext.java:360)
	io.netty.channel.AbstractChannelHandlerContext.fireChannelRead(AbstractChannelHandlerContext.java:352)
	io.netty.channel.CombinedChannelDuplexHandler$DelegatingChannelHandlerContext.fireChannelRead(CombinedChannelDuplexHandler.java:438)
	io.netty.handler.codec.ByteToMessageDecoder.fireChannelRead(ByteToMessageDecoder.java:323)
	io.netty.handler.codec.ByteToMessageDecoder.fireChannelRead(ByteToMessageDecoder.java:310)
	io.netty.handler.codec.ByteToMessageDecoder.callDecode(ByteToMessageDecoder.java:426)
	io.netty.handler.codec.ByteToMessageDecoder.channelRead(ByteToMessageDecoder.java:278)
	io.netty.channel.CombinedChannelDuplexHandler.channelRead(CombinedChannelDuplexHandler.java:253)
	io.netty.channel.AbstractChannelHandlerContext.invokeChannelRead(AbstractChannelHandlerContext.java:374)
	io.netty.channel.AbstractChannelHandlerContext.invokeChannelRead(AbstractChannelHandlerContext.java:360)
	io.netty.channel.AbstractChannelHandlerContext.fireChannelRead(AbstractChannelHandlerContext.java:352)
	io.netty.channel.DefaultChannelPipeline$HeadContext.channelRead(DefaultChannelPipeline.java:1408)
	io.netty.channel.AbstractChannelHandlerContext.invokeChannelRead(AbstractChannelHandlerContext.java:374)
	io.netty.channel.AbstractChannelHandlerContext.invokeChannelRead(AbstractChannelHandlerContext.java:360)
	io.netty.channel.DefaultChannelPipeline.fireChannelRead(DefaultChannelPipeline.java:930)
	io.netty.channel.nio.AbstractNioByteChannel$NioByteUnsafe.read(AbstractNioByteChannel.java:163)
	io.netty.channel.nio.NioEventLoop.processSelectedKey(NioEventLoop.java:682)
	io.netty.channel.nio.NioEventLoop.processSelectedKeysOptimized(NioEventLoop.java:617)
	io.netty.channel.nio.NioEventLoop.processSelectedKeys(NioEventLoop.java:534)
	io.netty.channel.nio.NioEventLoop.run(NioEventLoop.java:496)
	io.netty.util.concurrent.SingleThreadEventExecutor$5.run(SingleThreadEventExecutor.java:906)
	io.netty.util.internal.ThreadExecutorMap$2.run(ThreadExecutorMap.java:74)
	io.netty.util.concurrent.FastThreadLocalRunnable.run(FastThreadLocalRunnable.java:30)
	java.lang.Thread.run(Thread.java:748)
#4:
	reactor.core.publisher.FluxPeek$PeekSubscriber.onNext(FluxPeek.java:177)
	reactor.core.publisher.FluxMap$MapSubscriber.onNext(FluxMap.java:114)
	reactor.netty.channel.FluxReceive.drainReceiver(FluxReceive.java:206)
	reactor.netty.channel.FluxReceive.onInboundNext(FluxReceive.java:322)
	reactor.netty.channel.ChannelOperations.onInboundNext(ChannelOperations.java:335)
	reactor.netty.http.server.HttpServerOperations.onInboundNext(HttpServerOperations.java:456)
	reactor.netty.channel.ChannelOperationsHandler.channelRead(ChannelOperationsHandler.java:91)
	io.netty.channel.AbstractChannelHandlerContext.invokeChannelRead(AbstractChannelHandlerContext.java:374)
	io.netty.channel.AbstractChannelHandlerContext.invokeChannelRead(AbstractChannelHandlerContext.java:360)
	io.netty.channel.AbstractChannelHandlerContext.fireChannelRead(AbstractChannelHandlerContext.java:352)
	reactor.netty.http.server.HttpTrafficHandler.channelRead(HttpTrafficHandler.java:190)
	io.netty.channel.AbstractChannelHandlerContext.invokeChannelRead(AbstractChannelHandlerContext.java:374)
	io.netty.channel.AbstractChannelHandlerContext.invokeChannelRead(AbstractChannelHandlerContext.java:360)
	io.netty.channel.AbstractChannelHandlerContext.fireChannelRead(AbstractChannelHandlerContext.java:352)
	io.netty.channel.CombinedChannelDuplexHandler$DelegatingChannelHandlerContext.fireChannelRead(CombinedChannelDuplexHandler.java:438)
	io.netty.handler.codec.ByteToMessageDecoder.fireChannelRead(ByteToMessageDecoder.java:323)
	io.netty.handler.codec.ByteToMessageDecoder.fireChannelRead(ByteToMessageDecoder.java:310)
	io.netty.handler.codec.ByteToMessageDecoder.callDecode(ByteToMessageDecoder.java:426)
	io.netty.handler.codec.ByteToMessageDecoder.channelRead(ByteToMessageDecoder.java:278)
	io.netty.channel.CombinedChannelDuplexHandler.channelRead(CombinedChannelDuplexHandler.java:253)
	io.netty.channel.AbstractChannelHandlerContext.invokeChannelRead(AbstractChannelHandlerContext.java:374)
	io.netty.channel.AbstractChannelHandlerContext.invokeChannelRead(AbstractChannelHandlerContext.java:360)
	io.netty.channel.AbstractChannelHandlerContext.fireChannelRead(AbstractChannelHandlerContext.java:352)
	io.netty.channel.DefaultChannelPipeline$HeadContext.channelRead(DefaultChannelPipeline.java:1408)
	io.netty.channel.AbstractChannelHandlerContext.invokeChannelRead(AbstractChannelHandlerContext.java:374)
	io.netty.channel.AbstractChannelHandlerContext.invokeChannelRead(AbstractChannelHandlerContext.java:360)
	io.netty.channel.DefaultChannelPipeline.fireChannelRead(DefaultChannelPipeline.java:930)
	io.netty.channel.nio.AbstractNioByteChannel$NioByteUnsafe.read(AbstractNioByteChannel.java:163)
	io.netty.channel.nio.NioEventLoop.processSelectedKey(NioEventLoop.java:682)
	io.netty.channel.nio.NioEventLoop.processSelectedKeysOptimized(NioEventLoop.java:617)
	io.netty.channel.nio.NioEventLoop.processSelectedKeys(NioEventLoop.java:534)
	io.netty.channel.nio.NioEventLoop.run(NioEventLoop.java:496)
	io.netty.util.concurrent.SingleThreadEventExecutor$5.run(SingleThreadEventExecutor.java:906)
	io.netty.util.internal.ThreadExecutorMap$2.run(ThreadExecutorMap.java:74)
	io.netty.util.concurrent.FastThreadLocalRunnable.run(FastThreadLocalRunnable.java:30)
	java.lang.Thread.run(Thread.java:748)
#5:
	Hint: 'reactor.right.reactiveBridge' will handle the message from this point.
	io.netty.handler.codec.http.DefaultHttpContent.touch(DefaultHttpContent.java:88)
	io.netty.handler.codec.http.DefaultHttpContent.touch(DefaultHttpContent.java:24)
	io.netty.channel.DefaultChannelPipeline.touch(DefaultChannelPipeline.java:116)
	io.netty.channel.AbstractChannelHandlerContext.invokeChannelRead(AbstractChannelHandlerContext.java:357)
	io.netty.channel.AbstractChannelHandlerContext.fireChannelRead(AbstractChannelHandlerContext.java:352)
	reactor.netty.http.server.HttpTrafficHandler.channelRead(HttpTrafficHandler.java:190)
	io.netty.channel.AbstractChannelHandlerContext.invokeChannelRead(AbstractChannelHandlerContext.java:374)
	io.netty.channel.AbstractChannelHandlerContext.invokeChannelRead(AbstractChannelHandlerContext.java:360)
	io.netty.channel.AbstractChannelHandlerContext.fireChannelRead(AbstractChannelHandlerContext.java:352)
	io.netty.channel.CombinedChannelDuplexHandler$DelegatingChannelHandlerContext.fireChannelRead(CombinedChannelDuplexHandler.java:438)
	io.netty.handler.codec.ByteToMessageDecoder.fireChannelRead(ByteToMessageDecoder.java:323)
	io.netty.handler.codec.ByteToMessageDecoder.fireChannelRead(ByteToMessageDecoder.java:310)
	io.netty.handler.codec.ByteToMessageDecoder.callDecode(ByteToMessageDecoder.java:426)
	io.netty.handler.codec.ByteToMessageDecoder.channelRead(ByteToMessageDecoder.java:278)
	io.netty.channel.CombinedChannelDuplexHandler.channelRead(CombinedChannelDuplexHandler.java:253)
	io.netty.channel.AbstractChannelHandlerContext.invokeChannelRead(AbstractChannelHandlerContext.java:374)
	io.netty.channel.AbstractChannelHandlerContext.invokeChannelRead(AbstractChannelHandlerContext.java:360)
	io.netty.channel.AbstractChannelHandlerContext.fireChannelRead(AbstractChannelHandlerContext.java:352)
	io.netty.channel.DefaultChannelPipeline$HeadContext.channelRead(DefaultChannelPipeline.java:1408)
	io.netty.channel.AbstractChannelHandlerContext.invokeChannelRead(AbstractChannelHandlerContext.java:374)
	io.netty.channel.AbstractChannelHandlerContext.invokeChannelRead(AbstractChannelHandlerContext.java:360)
	io.netty.channel.DefaultChannelPipeline.fireChannelRead(DefaultChannelPipeline.java:930)
	io.netty.channel.nio.AbstractNioByteChannel$NioByteUnsafe.read(AbstractNioByteChannel.java:163)
	io.netty.channel.nio.NioEventLoop.processSelectedKey(NioEventLoop.java:682)
	io.netty.channel.nio.NioEventLoop.processSelectedKeysOptimized(NioEventLoop.java:617)
	io.netty.channel.nio.NioEventLoop.processSelectedKeys(NioEventLoop.java:534)
	io.netty.channel.nio.NioEventLoop.run(NioEventLoop.java:496)
	io.netty.util.concurrent.SingleThreadEventExecutor$5.run(SingleThreadEventExecutor.java:906)
	io.netty.util.internal.ThreadExecutorMap$2.run(ThreadExecutorMap.java:74)
	io.netty.util.concurrent.FastThreadLocalRunnable.run(FastThreadLocalRunnable.java:30)
	java.lang.Thread.run(Thread.java:748)
#6:
	Hint: 'reactor.left.httpTrafficHandler' will handle the message from this point.
	io.netty.handler.codec.http.DefaultHttpContent.touch(DefaultHttpContent.java:88)
	io.netty.handler.codec.http.DefaultHttpContent.touch(DefaultHttpContent.java:24)
	io.netty.channel.DefaultChannelPipeline.touch(DefaultChannelPipeline.java:116)
	io.netty.channel.AbstractChannelHandlerContext.invokeChannelRead(AbstractChannelHandlerContext.java:357)
	io.netty.channel.AbstractChannelHandlerContext.fireChannelRead(AbstractChannelHandlerContext.java:352)
	io.netty.channel.CombinedChannelDuplexHandler$DelegatingChannelHandlerContext.fireChannelRead(CombinedChannelDuplexHandler.java:438)
	io.netty.handler.codec.ByteToMessageDecoder.fireChannelRead(ByteToMessageDecoder.java:323)
	io.netty.handler.codec.ByteToMessageDecoder.fireChannelRead(ByteToMessageDecoder.java:310)
	io.netty.handler.codec.ByteToMessageDecoder.callDecode(ByteToMessageDecoder.java:426)
	io.netty.handler.codec.ByteToMessageDecoder.channelRead(ByteToMessageDecoder.java:278)
	io.netty.channel.CombinedChannelDuplexHandler.channelRead(CombinedChannelDuplexHandler.java:253)
	io.netty.channel.AbstractChannelHandlerContext.invokeChannelRead(AbstractChannelHandlerContext.java:374)
	io.netty.channel.AbstractChannelHandlerContext.invokeChannelRead(AbstractChannelHandlerContext.java:360)
	io.netty.channel.AbstractChannelHandlerContext.fireChannelRead(AbstractChannelHandlerContext.java:352)
	io.netty.channel.DefaultChannelPipeline$HeadContext.channelRead(DefaultChannelPipeline.java:1408)
	io.netty.channel.AbstractChannelHandlerContext.invokeChannelRead(AbstractChannelHandlerContext.java:374)
	io.netty.channel.AbstractChannelHandlerContext.invokeChannelRead(AbstractChannelHandlerContext.java:360)
	io.netty.channel.DefaultChannelPipeline.fireChannelRead(DefaultChannelPipeline.java:930)
	io.netty.channel.nio.AbstractNioByteChannel$NioByteUnsafe.read(AbstractNioByteChannel.java:163)
	io.netty.channel.nio.NioEventLoop.processSelectedKey(NioEventLoop.java:682)
	io.netty.channel.nio.NioEventLoop.processSelectedKeysOptimized(NioEventLoop.java:617)
	io.netty.channel.nio.NioEventLoop.processSelectedKeys(NioEventLoop.java:534)
	io.netty.channel.nio.NioEventLoop.run(NioEventLoop.java:496)
	io.netty.util.concurrent.SingleThreadEventExecutor$5.run(SingleThreadEventExecutor.java:906)
	io.netty.util.internal.ThreadExecutorMap$2.run(ThreadExecutorMap.java:74)
	io.netty.util.concurrent.FastThreadLocalRunnable.run(FastThreadLocalRunnable.java:30)
	java.lang.Thread.run(Thread.java:748)
Created at:
	io.netty.buffer.SimpleLeakAwareByteBuf.unwrappedDerived(SimpleLeakAwareByteBuf.java:143)
	io.netty.buffer.SimpleLeakAwareByteBuf.readRetainedSlice(SimpleLeakAwareByteBuf.java:67)
	io.netty.buffer.AdvancedLeakAwareByteBuf.readRetainedSlice(AdvancedLeakAwareByteBuf.java:107)
	io.netty.handler.codec.http.HttpObjectDecoder.decode(HttpObjectDecoder.java:336)
	io.netty.handler.codec.http.HttpServerCodec$HttpServerRequestDecoder.decode(HttpServerCodec.java:103)
	io.netty.handler.codec.ByteToMessageDecoder.decodeRemovalReentryProtection(ByteToMessageDecoder.java:502)
	io.netty.handler.codec.ByteToMessageDecoder.callDecode(ByteToMessageDecoder.java:441)
	io.netty.handler.codec.ByteToMessageDecoder.channelRead(ByteToMessageDecoder.java:278)
	io.netty.channel.CombinedChannelDuplexHandler.channelRead(CombinedChannelDuplexHandler.java:253)
	io.netty.channel.AbstractChannelHandlerContext.invokeChannelRead(AbstractChannelHandlerContext.java:374)
	io.netty.channel.AbstractChannelHandlerContext.invokeChannelRead(AbstractChannelHandlerContext.java:360)
	io.netty.channel.AbstractChannelHandlerContext.fireChannelRead(AbstractChannelHandlerContext.java:352)
	io.netty.channel.DefaultChannelPipeline$HeadContext.channelRead(DefaultChannelPipeline.java:1408)
	io.netty.channel.AbstractChannelHandlerContext.invokeChannelRead(AbstractChannelHandlerContext.java:374)
	io.netty.channel.AbstractChannelHandlerContext.invokeChannelRead(AbstractChannelHandlerContext.java:360)
	io.netty.channel.DefaultChannelPipeline.fireChannelRead(DefaultChannelPipeline.java:930)
	io.netty.channel.nio.AbstractNioByteChannel$NioByteUnsafe.read(AbstractNioByteChannel.java:163)
	io.netty.channel.nio.NioEventLoop.processSelectedKey(NioEventLoop.java:682)
	io.netty.channel.nio.NioEventLoop.processSelectedKeysOptimized(NioEventLoop.java:617)
	io.netty.channel.nio.NioEventLoop.processSelectedKeys(NioEventLoop.java:534)
	io.netty.channel.nio.NioEventLoop.run(NioEventLoop.java:496)
	io.netty.util.concurrent.SingleThreadEventExecutor$5.run(SingleThreadEventExecutor.java:906)
	io.netty.util.internal.ThreadExecutorMap$2.run(ThreadExecutorMap.java:74)
	io.netty.util.concurrent.FastThreadLocalRunnable.run(FastThreadLocalRunnable.java:30)
	java.lang.Thread.run(Thread.java:748)
: 8 leak records were discarded because they were duplicates
: 3640 leak records were discarded because the leak record count is targeted to 4. Use system property io.netty.leakDetection.targetRecords to increase the limit.
22:42:59.886 [reactor-http-nio-14] ERROR i.n.u.ResourceLeakDetector - LEAK: ByteBuf.release() was not called before it's garbage-collected. See http://netty.io/wiki/reference-counted-objects.html for more information.
Recent access records: 
#1:
	io.netty.buffer.AdvancedLeakAwareByteBuf.order(AdvancedLeakAwareByteBuf.java:70)
	io.netty.buffer.CompositeByteBuf.newComponent(CompositeByteBuf.java:318)
	io.netty.buffer.CompositeByteBuf.addComponent0(CompositeByteBuf.java:280)
	io.netty.buffer.CompositeByteBuf.addComponent(CompositeByteBuf.java:265)
	io.netty.buffer.CompositeByteBuf.addComponent(CompositeByteBuf.java:222)
	io.netty.buffer.WrappedCompositeByteBuf.addComponent(WrappedCompositeByteBuf.java:529)
	io.netty.buffer.AdvancedLeakAwareCompositeByteBuf.addComponent(AdvancedLeakAwareCompositeByteBuf.java:921)
	org.springframework.core.io.buffer.NettyDataBufferFactory.join(NettyDataBufferFactory.java:111)
	org.springframework.core.io.buffer.DataBufferUtils.joinAndStrip(DataBufferUtils.java:686)
	org.springframework.core.io.buffer.DataBufferUtils.lambda$split$20(DataBufferUtils.java:605)
	reactor.core.publisher.FluxMap$MapConditionalSubscriber.onNext(FluxMap.java:199)
	reactor.core.publisher.FluxBufferPredicate$BufferPredicateSubscriber.emit(FluxBufferPredicate.java:290)
	reactor.core.publisher.FluxBufferPredicate$BufferPredicateSubscriber.onNextNewBuffer(FluxBufferPredicate.java:257)
	reactor.core.publisher.FluxBufferPredicate$BufferPredicateSubscriber.tryOnNext(FluxBufferPredicate.java:211)
	reactor.core.publisher.FluxBufferPredicate$BufferPredicateSubscriber.onNext(FluxBufferPredicate.java:184)
	reactor.core.publisher.FluxFlatMap$FlatMapMain.drainLoop(FluxFlatMap.java:664)
	reactor.core.publisher.FluxFlatMap$FlatMapMain.drain(FluxFlatMap.java:540)
	reactor.core.publisher.FluxFlatMap$FlatMapInner.onSubscribe(FluxFlatMap.java:924)
	reactor.core.publisher.FluxIterable.subscribe(FluxIterable.java:139)
	reactor.core.publisher.FluxIterable.subscribe(FluxIterable.java:63)
	reactor.core.publisher.Flux.subscribe(Flux.java:7922)
	reactor.core.publisher.FluxFlatMap$FlatMapMain.onNext(FluxFlatMap.java:389)
	reactor.core.publisher.FluxConcatMap$ConcatMapImmediate.innerNext(FluxConcatMap.java:275)
	reactor.core.publisher.FluxConcatMap$ConcatMapInner.onNext(FluxConcatMap.java:849)
	reactor.core.publisher.FluxConcatMap$WeakScalarSubscription.request(FluxConcatMap.java:470)
	reactor.core.publisher.Operators$MultiSubscriptionSubscriber.set(Operators.java:1939)
	reactor.core.publisher.FluxConcatMap$ConcatMapImmediate.drain(FluxConcatMap.java:436)
	reactor.core.publisher.FluxConcatMap$ConcatMapImmediate.onNext(FluxConcatMap.java:244)
	reactor.core.publisher.FluxMap$MapSubscriber.onNext(FluxMap.java:114)
	reactor.core.publisher.FluxPeek$PeekSubscriber.onNext(FluxPeek.java:192)
	reactor.core.publisher.FluxMap$MapSubscriber.onNext(FluxMap.java:114)
	reactor.netty.channel.FluxReceive.drainReceiver(FluxReceive.java:206)
	reactor.netty.channel.FluxReceive.onInboundNext(FluxReceive.java:322)
	reactor.netty.channel.ChannelOperations.onInboundNext(ChannelOperations.java:335)
	reactor.netty.http.server.HttpServerOperations.onInboundNext(HttpServerOperations.java:456)
	reactor.netty.channel.ChannelOperationsHandler.channelRead(ChannelOperationsHandler.java:91)
	io.netty.channel.AbstractChannelHandlerContext.invokeChannelRead(AbstractChannelHandlerContext.java:374)
	io.netty.channel.AbstractChannelHandlerContext.invokeChannelRead(AbstractChannelHandlerContext.java:360)
	io.netty.channel.AbstractChannelHandlerContext.fireChannelRead(AbstractChannelHandlerContext.java:352)
	reactor.netty.http.server.HttpTrafficHandler.channelRead(HttpTrafficHandler.java:190)
	io.netty.channel.AbstractChannelHandlerContext.invokeChannelRead(AbstractChannelHandlerContext.java:374)
	io.netty.channel.AbstractChannelHandlerContext.invokeChannelRead(AbstractChannelHandlerContext.java:360)
	io.netty.channel.AbstractChannelHandlerContext.fireChannelRead(AbstractChannelHandlerContext.java:352)
	io.netty.channel.CombinedChannelDuplexHandler$DelegatingChannelHandlerContext.fireChannelRead(CombinedChannelDuplexHandler.java:438)
	io.netty.handler.codec.ByteToMessageDecoder.fireChannelRead(ByteToMessageDecoder.java:323)
	io.netty.handler.codec.ByteToMessageDecoder.fireChannelRead(ByteToMessageDecoder.java:310)
	io.netty.handler.codec.ByteToMessageDecoder.callDecode(ByteToMessageDecoder.java:426)
	io.netty.handler.codec.ByteToMessageDecoder.channelRead(ByteToMessageDecoder.java:278)
	io.netty.channel.CombinedChannelDuplexHandler.channelRead(CombinedChannelDuplexHandler.java:253)
	io.netty.channel.AbstractChannelHandlerContext.invokeChannelRead(AbstractChannelHandlerContext.java:374)
	io.netty.channel.AbstractChannelHandlerContext.invokeChannelRead(AbstractChannelHandlerContext.java:360)
	io.netty.channel.AbstractChannelHandlerContext.fireChannelRead(AbstractChannelHandlerContext.java:352)
	io.netty.channel.DefaultChannelPipeline$HeadContext.channelRead(DefaultChannelPipeline.java:1408)
	io.netty.channel.AbstractChannelHandlerContext.invokeChannelRead(AbstractChannelHandlerContext.java:374)
	io.netty.channel.AbstractChannelHandlerContext.invokeChannelRead(AbstractChannelHandlerContext.java:360)
	io.netty.channel.DefaultChannelPipeline.fireChannelRead(DefaultChannelPipeline.java:930)
	io.netty.channel.nio.AbstractNioByteChannel$NioByteUnsafe.read(AbstractNioByteChannel.java:163)
	io.netty.channel.nio.NioEventLoop.processSelectedKey(NioEventLoop.java:682)
	io.netty.channel.nio.NioEventLoop.processSelectedKeysOptimized(NioEventLoop.java:617)
	io.netty.channel.nio.NioEventLoop.processSelectedKeys(NioEventLoop.java:534)
	io.netty.channel.nio.NioEventLoop.run(NioEventLoop.java:496)
	io.netty.util.concurrent.SingleThreadEventExecutor$5.run(SingleThreadEventExecutor.java:906)
	io.netty.util.internal.ThreadExecutorMap$2.run(ThreadExecutorMap.java:74)
	io.netty.util.concurrent.FastThreadLocalRunnable.run(FastThreadLocalRunnable.java:30)
	java.lang.Thread.run(Thread.java:748)
#2:
	io.netty.buffer.AdvancedLeakAwareByteBuf.getByte(AdvancedLeakAwareByteBuf.java:154)
	org.springframework.core.io.buffer.NettyDataBuffer.getByte(NettyDataBuffer.java:132)
	org.springframework.core.io.buffer.DataBufferUtils$KnuthMorrisPrattMatcher.match(DataBufferUtils.java:1005)
	org.springframework.core.io.buffer.DataBufferUtils.endFrameAfterDelimiter(DataBufferUtils.java:634)
	org.springframework.core.io.buffer.DataBufferUtils.lambda$split$18(DataBufferUtils.java:603)
	reactor.core.publisher.FluxFlatMap$FlatMapMain.onNext(FluxFlatMap.java:350)
	reactor.core.publisher.FluxConcatMap$ConcatMapImmediate.innerNext(FluxConcatMap.java:275)
	reactor.core.publisher.FluxConcatMap$ConcatMapInner.onNext(FluxConcatMap.java:849)
	reactor.core.publisher.FluxConcatMap$WeakScalarSubscription.request(FluxConcatMap.java:470)
	reactor.core.publisher.Operators$MultiSubscriptionSubscriber.set(Operators.java:1939)
	reactor.core.publisher.FluxConcatMap$ConcatMapImmediate.drain(FluxConcatMap.java:436)
	reactor.core.publisher.FluxConcatMap$ConcatMapImmediate.onNext(FluxConcatMap.java:244)
	reactor.core.publisher.FluxMap$MapSubscriber.onNext(FluxMap.java:114)
	reactor.core.publisher.FluxPeek$PeekSubscriber.onNext(FluxPeek.java:192)
	reactor.core.publisher.FluxMap$MapSubscriber.onNext(FluxMap.java:114)
	reactor.netty.channel.FluxReceive.drainReceiver(FluxReceive.java:206)
	reactor.netty.channel.FluxReceive.onInboundNext(FluxReceive.java:322)
	reactor.netty.channel.ChannelOperations.onInboundNext(ChannelOperations.java:335)
	reactor.netty.http.server.HttpServerOperations.onInboundNext(HttpServerOperations.java:456)
	reactor.netty.channel.ChannelOperationsHandler.channelRead(ChannelOperationsHandler.java:91)
	io.netty.channel.AbstractChannelHandlerContext.invokeChannelRead(AbstractChannelHandlerContext.java:374)
	io.netty.channel.AbstractChannelHandlerContext.invokeChannelRead(AbstractChannelHandlerContext.java:360)
	io.netty.channel.AbstractChannelHandlerContext.fireChannelRead(AbstractChannelHandlerContext.java:352)
	reactor.netty.http.server.HttpTrafficHandler.channelRead(HttpTrafficHandler.java:190)
	io.netty.channel.AbstractChannelHandlerContext.invokeChannelRead(AbstractChannelHandlerContext.java:374)
	io.netty.channel.AbstractChannelHandlerContext.invokeChannelRead(AbstractChannelHandlerContext.java:360)
	io.netty.channel.AbstractChannelHandlerContext.fireChannelRead(AbstractChannelHandlerContext.java:352)
	io.netty.channel.CombinedChannelDuplexHandler$DelegatingChannelHandlerContext.fireChannelRead(CombinedChannelDuplexHandler.java:438)
	io.netty.handler.codec.ByteToMessageDecoder.fireChannelRead(ByteToMessageDecoder.java:323)
	io.netty.handler.codec.ByteToMessageDecoder.fireChannelRead(ByteToMessageDecoder.java:310)
	io.netty.handler.codec.ByteToMessageDecoder.callDecode(ByteToMessageDecoder.java:426)
	io.netty.handler.codec.ByteToMessageDecoder.channelRead(ByteToMessageDecoder.java:278)
	io.netty.channel.CombinedChannelDuplexHandler.channelRead(CombinedChannelDuplexHandler.java:253)
	io.netty.channel.AbstractChannelHandlerContext.invokeChannelRead(AbstractChannelHandlerContext.java:374)
	io.netty.channel.AbstractChannelHandlerContext.invokeChannelRead(AbstractChannelHandlerContext.java:360)
	io.netty.channel.AbstractChannelHandlerContext.fireChannelRead(AbstractChannelHandlerContext.java:352)
	io.netty.channel.DefaultChannelPipeline$HeadContext.channelRead(DefaultChannelPipeline.java:1408)
	io.netty.channel.AbstractChannelHandlerContext.invokeChannelRead(AbstractChannelHandlerContext.java:374)
	io.netty.channel.AbstractChannelHandlerContext.invokeChannelRead(AbstractChannelHandlerContext.java:360)
	io.netty.channel.DefaultChannelPipeline.fireChannelRead(DefaultChannelPipeline.java:930)
	io.netty.channel.nio.AbstractNioByteChannel$NioByteUnsafe.read(AbstractNioByteChannel.java:163)
	io.netty.channel.nio.NioEventLoop.processSelectedKey(NioEventLoop.java:682)
	io.netty.channel.nio.NioEventLoop.processSelectedKeysOptimized(NioEventLoop.java:617)
	io.netty.channel.nio.NioEventLoop.processSelectedKeys(NioEventLoop.java:534)
	io.netty.channel.nio.NioEventLoop.run(NioEventLoop.java:496)
	io.netty.util.concurrent.SingleThreadEventExecutor$5.run(SingleThreadEventExecutor.java:906)
	io.netty.util.internal.ThreadExecutorMap$2.run(ThreadExecutorMap.java:74)
	io.netty.util.concurrent.FastThreadLocalRunnable.run(FastThreadLocalRunnable.java:30)
	java.lang.Thread.run(Thread.java:748)
#3:
	reactor.core.publisher.FluxPeek$PeekSubscriber.onNext(FluxPeek.java:177)
	reactor.core.publisher.FluxMap$MapSubscriber.onNext(FluxMap.java:114)
	reactor.netty.channel.FluxReceive.drainReceiver(FluxReceive.java:206)
	reactor.netty.channel.FluxReceive.onInboundNext(FluxReceive.java:322)
	reactor.netty.channel.ChannelOperations.onInboundNext(ChannelOperations.java:335)
	reactor.netty.http.server.HttpServerOperations.onInboundNext(HttpServerOperations.java:456)
	reactor.netty.channel.ChannelOperationsHandler.channelRead(ChannelOperationsHandler.java:91)
	io.netty.channel.AbstractChannelHandlerContext.invokeChannelRead(AbstractChannelHandlerContext.java:374)
	io.netty.channel.AbstractChannelHandlerContext.invokeChannelRead(AbstractChannelHandlerContext.java:360)
	io.netty.channel.AbstractChannelHandlerContext.fireChannelRead(AbstractChannelHandlerContext.java:352)
	reactor.netty.http.server.HttpTrafficHandler.channelRead(HttpTrafficHandler.java:190)
	io.netty.channel.AbstractChannelHandlerContext.invokeChannelRead(AbstractChannelHandlerContext.java:374)
	io.netty.channel.AbstractChannelHandlerContext.invokeChannelRead(AbstractChannelHandlerContext.java:360)
	io.netty.channel.AbstractChannelHandlerContext.fireChannelRead(AbstractChannelHandlerContext.java:352)
	io.netty.channel.CombinedChannelDuplexHandler$DelegatingChannelHandlerContext.fireChannelRead(CombinedChannelDuplexHandler.java:438)
	io.netty.handler.codec.ByteToMessageDecoder.fireChannelRead(ByteToMessageDecoder.java:323)
	io.netty.handler.codec.ByteToMessageDecoder.fireChannelRead(ByteToMessageDecoder.java:310)
	io.netty.handler.codec.ByteToMessageDecoder.callDecode(ByteToMessageDecoder.java:426)
	io.netty.handler.codec.ByteToMessageDecoder.channelRead(ByteToMessageDecoder.java:278)
	io.netty.channel.CombinedChannelDuplexHandler.channelRead(CombinedChannelDuplexHandler.java:253)
	io.netty.channel.AbstractChannelHandlerContext.invokeChannelRead(AbstractChannelHandlerContext.java:374)
	io.netty.channel.AbstractChannelHandlerContext.invokeChannelRead(AbstractChannelHandlerContext.java:360)
	io.netty.channel.AbstractChannelHandlerContext.fireChannelRead(AbstractChannelHandlerContext.java:352)
	io.netty.channel.DefaultChannelPipeline$HeadContext.channelRead(DefaultChannelPipeline.java:1408)
	io.netty.channel.AbstractChannelHandlerContext.invokeChannelRead(AbstractChannelHandlerContext.java:374)
	io.netty.channel.AbstractChannelHandlerContext.invokeChannelRead(AbstractChannelHandlerContext.java:360)
	io.netty.channel.DefaultChannelPipeline.fireChannelRead(DefaultChannelPipeline.java:930)
	io.netty.channel.nio.AbstractNioByteChannel$NioByteUnsafe.read(AbstractNioByteChannel.java:163)
	io.netty.channel.nio.NioEventLoop.processSelectedKey(NioEventLoop.java:682)
	io.netty.channel.nio.NioEventLoop.processSelectedKeysOptimized(NioEventLoop.java:617)
	io.netty.channel.nio.NioEventLoop.processSelectedKeys(NioEventLoop.java:534)
	io.netty.channel.nio.NioEventLoop.run(NioEventLoop.java:496)
	io.netty.util.concurrent.SingleThreadEventExecutor$5.run(SingleThreadEventExecutor.java:906)
	io.netty.util.internal.ThreadExecutorMap$2.run(ThreadExecutorMap.java:74)
	io.netty.util.concurrent.FastThreadLocalRunnable.run(FastThreadLocalRunnable.java:30)
	java.lang.Thread.run(Thread.java:748)
#4:
	Hint: 'reactor.right.reactiveBridge' will handle the message from this point.
	io.netty.handler.codec.http.DefaultHttpContent.touch(DefaultHttpContent.java:88)
	io.netty.handler.codec.http.DefaultHttpContent.touch(DefaultHttpContent.java:24)
	io.netty.channel.DefaultChannelPipeline.touch(DefaultChannelPipeline.java:116)
	io.netty.channel.AbstractChannelHandlerContext.invokeChannelRead(AbstractChannelHandlerContext.java:357)
	io.netty.channel.AbstractChannelHandlerContext.fireChannelRead(AbstractChannelHandlerContext.java:352)
	reactor.netty.http.server.HttpTrafficHandler.channelRead(HttpTrafficHandler.java:190)
	io.netty.channel.AbstractChannelHandlerContext.invokeChannelRead(AbstractChannelHandlerContext.java:374)
	io.netty.channel.AbstractChannelHandlerContext.invokeChannelRead(AbstractChannelHandlerContext.java:360)
	io.netty.channel.AbstractChannelHandlerContext.fireChannelRead(AbstractChannelHandlerContext.java:352)
	io.netty.channel.CombinedChannelDuplexHandler$DelegatingChannelHandlerContext.fireChannelRead(CombinedChannelDuplexHandler.java:438)
	io.netty.handler.codec.ByteToMessageDecoder.fireChannelRead(ByteToMessageDecoder.java:323)
	io.netty.handler.codec.ByteToMessageDecoder.fireChannelRead(ByteToMessageDecoder.java:310)
	io.netty.handler.codec.ByteToMessageDecoder.callDecode(ByteToMessageDecoder.java:426)
	io.netty.handler.codec.ByteToMessageDecoder.channelRead(ByteToMessageDecoder.java:278)
	io.netty.channel.CombinedChannelDuplexHandler.channelRead(CombinedChannelDuplexHandler.java:253)
	io.netty.channel.AbstractChannelHandlerContext.invokeChannelRead(AbstractChannelHandlerContext.java:374)
	io.netty.channel.AbstractChannelHandlerContext.invokeChannelRead(AbstractChannelHandlerContext.java:360)
	io.netty.channel.AbstractChannelHandlerContext.fireChannelRead(AbstractChannelHandlerContext.java:352)
	io.netty.channel.DefaultChannelPipeline$HeadContext.channelRead(DefaultChannelPipeline.java:1408)
	io.netty.channel.AbstractChannelHandlerContext.invokeChannelRead(AbstractChannelHandlerContext.java:374)
	io.netty.channel.AbstractChannelHandlerContext.invokeChannelRead(AbstractChannelHandlerContext.java:360)
	io.netty.channel.DefaultChannelPipeline.fireChannelRead(DefaultChannelPipeline.java:930)
	io.netty.channel.nio.AbstractNioByteChannel$NioByteUnsafe.read(AbstractNioByteChannel.java:163)
	io.netty.channel.nio.NioEventLoop.processSelectedKey(NioEventLoop.java:682)
	io.netty.channel.nio.NioEventLoop.processSelectedKeysOptimized(NioEventLoop.java:617)
	io.netty.channel.nio.NioEventLoop.processSelectedKeys(NioEventLoop.java:534)
	io.netty.channel.nio.NioEventLoop.run(NioEventLoop.java:496)
	io.netty.util.concurrent.SingleThreadEventExecutor$5.run(SingleThreadEventExecutor.java:906)
	io.netty.util.internal.ThreadExecutorMap$2.run(ThreadExecutorMap.java:74)
	io.netty.util.concurrent.FastThreadLocalRunnable.run(FastThreadLocalRunnable.java:30)
	java.lang.Thread.run(Thread.java:748)
#5:
	Hint: 'reactor.left.httpTrafficHandler' will handle the message from this point.
	io.netty.handler.codec.http.DefaultHttpContent.touch(DefaultHttpContent.java:88)
	io.netty.handler.codec.http.DefaultHttpContent.touch(DefaultHttpContent.java:24)
	io.netty.channel.DefaultChannelPipeline.touch(DefaultChannelPipeline.java:116)
	io.netty.channel.AbstractChannelHandlerContext.invokeChannelRead(AbstractChannelHandlerContext.java:357)
	io.netty.channel.AbstractChannelHandlerContext.fireChannelRead(AbstractChannelHandlerContext.java:352)
	io.netty.channel.CombinedChannelDuplexHandler$DelegatingChannelHandlerContext.fireChannelRead(CombinedChannelDuplexHandler.java:438)
	io.netty.handler.codec.ByteToMessageDecoder.fireChannelRead(ByteToMessageDecoder.java:323)
	io.netty.handler.codec.ByteToMessageDecoder.fireChannelRead(ByteToMessageDecoder.java:310)
	io.netty.handler.codec.ByteToMessageDecoder.callDecode(ByteToMessageDecoder.java:426)
	io.netty.handler.codec.ByteToMessageDecoder.channelRead(ByteToMessageDecoder.java:278)
	io.netty.channel.CombinedChannelDuplexHandler.channelRead(CombinedChannelDuplexHandler.java:253)
	io.netty.channel.AbstractChannelHandlerContext.invokeChannelRead(AbstractChannelHandlerContext.java:374)
	io.netty.channel.AbstractChannelHandlerContext.invokeChannelRead(AbstractChannelHandlerContext.java:360)
	io.netty.channel.AbstractChannelHandlerContext.fireChannelRead(AbstractChannelHandlerContext.java:352)
	io.netty.channel.DefaultChannelPipeline$HeadContext.channelRead(DefaultChannelPipeline.java:1408)
	io.netty.channel.AbstractChannelHandlerContext.invokeChannelRead(AbstractChannelHandlerContext.java:374)
	io.netty.channel.AbstractChannelHandlerContext.invokeChannelRead(AbstractChannelHandlerContext.java:360)
	io.netty.channel.DefaultChannelPipeline.fireChannelRead(DefaultChannelPipeline.java:930)
	io.netty.channel.nio.AbstractNioByteChannel$NioByteUnsafe.read(AbstractNioByteChannel.java:163)
	io.netty.channel.nio.NioEventLoop.processSelectedKey(NioEventLoop.java:682)
	io.netty.channel.nio.NioEventLoop.processSelectedKeysOptimized(NioEventLoop.java:617)
	io.netty.channel.nio.NioEventLoop.processSelectedKeys(NioEventLoop.java:534)
	io.netty.channel.nio.NioEventLoop.run(NioEventLoop.java:496)
	io.netty.util.concurrent.SingleThreadEventExecutor$5.run(SingleThreadEventExecutor.java:906)
	io.netty.util.internal.ThreadExecutorMap$2.run(ThreadExecutorMap.java:74)
	io.netty.util.concurrent.FastThreadLocalRunnable.run(FastThreadLocalRunnable.java:30)
	java.lang.Thread.run(Thread.java:748)
Created at:
	io.netty.buffer.SimpleLeakAwareByteBuf.unwrappedDerived(SimpleLeakAwareByteBuf.java:143)
	io.netty.buffer.SimpleLeakAwareByteBuf.readRetainedSlice(SimpleLeakAwareByteBuf.java:67)
	io.netty.buffer.AdvancedLeakAwareByteBuf.readRetainedSlice(AdvancedLeakAwareByteBuf.java:107)
	io.netty.handler.codec.http.HttpObjectDecoder.decode(HttpObjectDecoder.java:336)
	io.netty.handler.codec.http.HttpServerCodec$HttpServerRequestDecoder.decode(HttpServerCodec.java:103)
	io.netty.handler.codec.ByteToMessageDecoder.decodeRemovalReentryProtection(ByteToMessageDecoder.java:502)
	io.netty.handler.codec.ByteToMessageDecoder.callDecode(ByteToMessageDecoder.java:441)
	io.netty.handler.codec.ByteToMessageDecoder.channelRead(ByteToMessageDecoder.java:278)
	io.netty.channel.CombinedChannelDuplexHandler.channelRead(CombinedChannelDuplexHandler.java:253)
	io.netty.channel.AbstractChannelHandlerContext.invokeChannelRead(AbstractChannelHandlerContext.java:374)
	io.netty.channel.AbstractChannelHandlerContext.invokeChannelRead(AbstractChannelHandlerContext.java:360)
	io.netty.channel.AbstractChannelHandlerContext.fireChannelRead(AbstractChannelHandlerContext.java:352)
	io.netty.channel.DefaultChannelPipeline$HeadContext.channelRead(DefaultChannelPipeline.java:1408)
	io.netty.channel.AbstractChannelHandlerContext.invokeChannelRead(AbstractChannelHandlerContext.java:374)
	io.netty.channel.AbstractChannelHandlerContext.invokeChannelRead(AbstractChannelHandlerContext.java:360)
	io.netty.channel.DefaultChannelPipeline.fireChannelRead(DefaultChannelPipeline.java:930)
	io.netty.channel.nio.AbstractNioByteChannel$NioByteUnsafe.read(AbstractNioByteChannel.java:163)
	io.netty.channel.nio.NioEventLoop.processSelectedKey(NioEventLoop.java:682)
	io.netty.channel.nio.NioEventLoop.processSelectedKeysOptimized(NioEventLoop.java:617)
	io.netty.channel.nio.NioEventLoop.processSelectedKeys(NioEventLoop.java:534)
	io.netty.channel.nio.NioEventLoop.run(NioEventLoop.java:496)
	io.netty.util.concurrent.SingleThreadEventExecutor$5.run(SingleThreadEventExecutor.java:906)
	io.netty.util.internal.ThreadExecutorMap$2.run(ThreadExecutorMap.java:74)
	io.netty.util.concurrent.FastThreadLocalRunnable.run(FastThreadLocalRunnable.java:30)
	java.lang.Thread.run(Thread.java:748)
: 8 leak records were discarded because they were duplicates
: 4091 leak records were discarded because the leak record count is targeted to 4. Use system property io.netty.leakDetection.targetRecords to increase the limit.
22:42:59.892 [reactor-http-nio-14] ERROR i.n.u.ResourceLeakDetector - LEAK: ByteBuf.release() was not called before it's garbage-collected. See http://netty.io/wiki/reference-counted-objects.html for more information.
Recent access records: 
#1:
	io.netty.buffer.AdvancedLeakAwareByteBuf.order(AdvancedLeakAwareByteBuf.java:70)
	io.netty.buffer.CompositeByteBuf.newComponent(CompositeByteBuf.java:318)
	io.netty.buffer.CompositeByteBuf.addComponent0(CompositeByteBuf.java:280)
	io.netty.buffer.CompositeByteBuf.addComponent(CompositeByteBuf.java:265)
	io.netty.buffer.CompositeByteBuf.addComponent(CompositeByteBuf.java:222)
	io.netty.buffer.WrappedCompositeByteBuf.addComponent(WrappedCompositeByteBuf.java:529)
	io.netty.buffer.AdvancedLeakAwareCompositeByteBuf.addComponent(AdvancedLeakAwareCompositeByteBuf.java:921)
	org.springframework.core.io.buffer.NettyDataBufferFactory.join(NettyDataBufferFactory.java:111)
	org.springframework.core.io.buffer.DataBufferUtils.joinAndStrip(DataBufferUtils.java:686)
	org.springframework.core.io.buffer.DataBufferUtils.lambda$split$20(DataBufferUtils.java:605)
	reactor.core.publisher.FluxMap$MapConditionalSubscriber.onNext(FluxMap.java:199)
	reactor.core.publisher.FluxBufferPredicate$BufferPredicateSubscriber.emit(FluxBufferPredicate.java:290)
	reactor.core.publisher.FluxBufferPredicate$BufferPredicateSubscriber.onNextNewBuffer(FluxBufferPredicate.java:257)
	reactor.core.publisher.FluxBufferPredicate$BufferPredicateSubscriber.tryOnNext(FluxBufferPredicate.java:211)
	reactor.core.publisher.FluxBufferPredicate$BufferPredicateSubscriber.onNext(FluxBufferPredicate.java:184)
	reactor.core.publisher.FluxFlatMap$FlatMapMain.drainLoop(FluxFlatMap.java:664)
	reactor.core.publisher.FluxFlatMap$FlatMapMain.drain(FluxFlatMap.java:540)
	reactor.core.publisher.FluxFlatMap$FlatMapInner.onSubscribe(FluxFlatMap.java:924)
	reactor.core.publisher.FluxIterable.subscribe(FluxIterable.java:139)
	reactor.core.publisher.FluxIterable.subscribe(FluxIterable.java:63)
	reactor.core.publisher.Flux.subscribe(Flux.java:7922)
	reactor.core.publisher.FluxFlatMap$FlatMapMain.onNext(FluxFlatMap.java:389)
	reactor.core.publisher.FluxConcatMap$ConcatMapImmediate.innerNext(FluxConcatMap.java:275)
	reactor.core.publisher.FluxConcatMap$ConcatMapInner.onNext(FluxConcatMap.java:849)
	reactor.core.publisher.FluxConcatMap$WeakScalarSubscription.request(FluxConcatMap.java:470)
	reactor.core.publisher.Operators$MultiSubscriptionSubscriber.set(Operators.java:1939)
	reactor.core.publisher.FluxConcatMap$ConcatMapImmediate.drain(FluxConcatMap.java:436)
	reactor.core.publisher.FluxConcatMap$ConcatMapImmediate.onNext(FluxConcatMap.java:244)
	reactor.core.publisher.FluxMap$MapSubscriber.onNext(FluxMap.java:114)
	reactor.core.publisher.FluxPeek$PeekSubscriber.onNext(FluxPeek.java:192)
	reactor.core.publisher.FluxMap$MapSubscriber.onNext(FluxMap.java:114)
	reactor.netty.channel.FluxReceive.drainReceiver(FluxReceive.java:206)
	reactor.netty.channel.FluxReceive.onInboundNext(FluxReceive.java:322)
	reactor.netty.channel.ChannelOperations.onInboundNext(ChannelOperations.java:335)
	reactor.netty.http.server.HttpServerOperations.onInboundNext(HttpServerOperations.java:456)
	reactor.netty.channel.ChannelOperationsHandler.channelRead(ChannelOperationsHandler.java:91)
	io.netty.channel.AbstractChannelHandlerContext.invokeChannelRead(AbstractChannelHandlerContext.java:374)
	io.netty.channel.AbstractChannelHandlerContext.invokeChannelRead(AbstractChannelHandlerContext.java:360)
	io.netty.channel.AbstractChannelHandlerContext.fireChannelRead(AbstractChannelHandlerContext.java:352)
	reactor.netty.http.server.HttpTrafficHandler.channelRead(HttpTrafficHandler.java:190)
	io.netty.channel.AbstractChannelHandlerContext.invokeChannelRead(AbstractChannelHandlerContext.java:374)
	io.netty.channel.AbstractChannelHandlerContext.invokeChannelRead(AbstractChannelHandlerContext.java:360)
	io.netty.channel.AbstractChannelHandlerContext.fireChannelRead(AbstractChannelHandlerContext.java:352)
	io.netty.channel.CombinedChannelDuplexHandler$DelegatingChannelHandlerContext.fireChannelRead(CombinedChannelDuplexHandler.java:438)
	io.netty.handler.codec.ByteToMessageDecoder.fireChannelRead(ByteToMessageDecoder.java:323)
	io.netty.handler.codec.ByteToMessageDecoder.fireChannelRead(ByteToMessageDecoder.java:310)
	io.netty.handler.codec.ByteToMessageDecoder.callDecode(ByteToMessageDecoder.java:426)
	io.netty.handler.codec.ByteToMessageDecoder.channelRead(ByteToMessageDecoder.java:278)
	io.netty.channel.CombinedChannelDuplexHandler.channelRead(CombinedChannelDuplexHandler.java:253)
	io.netty.channel.AbstractChannelHandlerContext.invokeChannelRead(AbstractChannelHandlerContext.java:374)
	io.netty.channel.AbstractChannelHandlerContext.invokeChannelRead(AbstractChannelHandlerContext.java:360)
	io.netty.channel.AbstractChannelHandlerContext.fireChannelRead(AbstractChannelHandlerContext.java:352)
	io.netty.channel.DefaultChannelPipeline$HeadContext.channelRead(DefaultChannelPipeline.java:1408)
	io.netty.channel.AbstractChannelHandlerContext.invokeChannelRead(AbstractChannelHandlerContext.java:374)
	io.netty.channel.AbstractChannelHandlerContext.invokeChannelRead(AbstractChannelHandlerContext.java:360)
	io.netty.channel.DefaultChannelPipeline.fireChannelRead(DefaultChannelPipeline.java:930)
	io.netty.channel.nio.AbstractNioByteChannel$NioByteUnsafe.read(AbstractNioByteChannel.java:163)
	io.netty.channel.nio.NioEventLoop.processSelectedKey(NioEventLoop.java:682)
	io.netty.channel.nio.NioEventLoop.processSelectedKeysOptimized(NioEventLoop.java:617)
	io.netty.channel.nio.NioEventLoop.processSelectedKeys(NioEventLoop.java:534)
	io.netty.channel.nio.NioEventLoop.run(NioEventLoop.java:496)
	io.netty.util.concurrent.SingleThreadEventExecutor$5.run(SingleThreadEventExecutor.java:906)
	io.netty.util.internal.ThreadExecutorMap$2.run(ThreadExecutorMap.java:74)
	io.netty.util.concurrent.FastThreadLocalRunnable.run(FastThreadLocalRunnable.java:30)
	java.lang.Thread.run(Thread.java:748)
#2:
	io.netty.buffer.AdvancedLeakAwareByteBuf.getByte(AdvancedLeakAwareByteBuf.java:154)
	org.springframework.core.io.buffer.NettyDataBuffer.getByte(NettyDataBuffer.java:132)
	org.springframework.core.io.buffer.DataBufferUtils$KnuthMorrisPrattMatcher.match(DataBufferUtils.java:1005)
	org.springframework.core.io.buffer.DataBufferUtils.endFrameAfterDelimiter(DataBufferUtils.java:634)
	org.springframework.core.io.buffer.DataBufferUtils.lambda$split$18(DataBufferUtils.java:603)
	reactor.core.publisher.FluxFlatMap$FlatMapMain.onNext(FluxFlatMap.java:350)
	reactor.core.publisher.FluxConcatMap$ConcatMapImmediate.innerNext(FluxConcatMap.java:275)
	reactor.core.publisher.FluxConcatMap$ConcatMapInner.onNext(FluxConcatMap.java:849)
	reactor.core.publisher.FluxConcatMap$WeakScalarSubscription.request(FluxConcatMap.java:470)
	reactor.core.publisher.Operators$MultiSubscriptionSubscriber.set(Operators.java:1939)
	reactor.core.publisher.FluxConcatMap$ConcatMapImmediate.drain(FluxConcatMap.java:436)
	reactor.core.publisher.FluxConcatMap$ConcatMapImmediate.onNext(FluxConcatMap.java:244)
	reactor.core.publisher.FluxMap$MapSubscriber.onNext(FluxMap.java:114)
	reactor.core.publisher.FluxPeek$PeekSubscriber.onNext(FluxPeek.java:192)
	reactor.core.publisher.FluxMap$MapSubscriber.onNext(FluxMap.java:114)
	reactor.netty.channel.FluxReceive.drainReceiver(FluxReceive.java:206)
	reactor.netty.channel.FluxReceive.onInboundNext(FluxReceive.java:322)
	reactor.netty.channel.ChannelOperations.onInboundNext(ChannelOperations.java:335)
	reactor.netty.http.server.HttpServerOperations.onInboundNext(HttpServerOperations.java:456)
	reactor.netty.channel.ChannelOperationsHandler.channelRead(ChannelOperationsHandler.java:91)
	io.netty.channel.AbstractChannelHandlerContext.invokeChannelRead(AbstractChannelHandlerContext.java:374)
	io.netty.channel.AbstractChannelHandlerContext.invokeChannelRead(AbstractChannelHandlerContext.java:360)
	io.netty.channel.AbstractChannelHandlerContext.fireChannelRead(AbstractChannelHandlerContext.java:352)
	reactor.netty.http.server.HttpTrafficHandler.channelRead(HttpTrafficHandler.java:190)
	io.netty.channel.AbstractChannelHandlerContext.invokeChannelRead(AbstractChannelHandlerContext.java:374)
	io.netty.channel.AbstractChannelHandlerContext.invokeChannelRead(AbstractChannelHandlerContext.java:360)
	io.netty.channel.AbstractChannelHandlerContext.fireChannelRead(AbstractChannelHandlerContext.java:352)
	io.netty.channel.CombinedChannelDuplexHandler$DelegatingChannelHandlerContext.fireChannelRead(CombinedChannelDuplexHandler.java:438)
	io.netty.handler.codec.ByteToMessageDecoder.fireChannelRead(ByteToMessageDecoder.java:323)
	io.netty.handler.codec.ByteToMessageDecoder.channelRead(ByteToMessageDecoder.java:297)
	io.netty.channel.CombinedChannelDuplexHandler.channelRead(CombinedChannelDuplexHandler.java:253)
	io.netty.channel.AbstractChannelHandlerContext.invokeChannelRead(AbstractChannelHandlerContext.java:374)
	io.netty.channel.AbstractChannelHandlerContext.invokeChannelRead(AbstractChannelHandlerContext.java:360)
	io.netty.channel.AbstractChannelHandlerContext.fireChannelRead(AbstractChannelHandlerContext.java:352)
	io.netty.channel.DefaultChannelPipeline$HeadContext.channelRead(DefaultChannelPipeline.java:1408)
	io.netty.channel.AbstractChannelHandlerContext.invokeChannelRead(AbstractChannelHandlerContext.java:374)
	io.netty.channel.AbstractChannelHandlerContext.invokeChannelRead(AbstractChannelHandlerContext.java:360)
	io.netty.channel.DefaultChannelPipeline.fireChannelRead(DefaultChannelPipeline.java:930)
	io.netty.channel.nio.AbstractNioByteChannel$NioByteUnsafe.read(AbstractNioByteChannel.java:163)
	io.netty.channel.nio.NioEventLoop.processSelectedKey(NioEventLoop.java:682)
	io.netty.channel.nio.NioEventLoop.processSelectedKeysOptimized(NioEventLoop.java:617)
	io.netty.channel.nio.NioEventLoop.processSelectedKeys(NioEventLoop.java:534)
	io.netty.channel.nio.NioEventLoop.run(NioEventLoop.java:496)
	io.netty.util.concurrent.SingleThreadEventExecutor$5.run(SingleThreadEventExecutor.java:906)
	io.netty.util.internal.ThreadExecutorMap$2.run(ThreadExecutorMap.java:74)
	io.netty.util.concurrent.FastThreadLocalRunnable.run(FastThreadLocalRunnable.java:30)
	java.lang.Thread.run(Thread.java:748)
#3:
	org.springframework.core.io.buffer.NettyDataBufferFactory.wrap(NettyDataBufferFactory.java:93)
	reactor.core.publisher.FluxMap$MapSubscriber.onNext(FluxMap.java:100)
	reactor.core.publisher.FluxPeek$PeekSubscriber.onNext(FluxPeek.java:192)
	reactor.core.publisher.FluxMap$MapSubscriber.onNext(FluxMap.java:114)
	reactor.netty.channel.FluxReceive.drainReceiver(FluxReceive.java:206)
	reactor.netty.channel.FluxReceive.onInboundNext(FluxReceive.java:322)
	reactor.netty.channel.ChannelOperations.onInboundNext(ChannelOperations.java:335)
	reactor.netty.http.server.HttpServerOperations.onInboundNext(HttpServerOperations.java:456)
	reactor.netty.channel.ChannelOperationsHandler.channelRead(ChannelOperationsHandler.java:91)
	io.netty.channel.AbstractChannelHandlerContext.invokeChannelRead(AbstractChannelHandlerContext.java:374)
	io.netty.channel.AbstractChannelHandlerContext.invokeChannelRead(AbstractChannelHandlerContext.java:360)
	io.netty.channel.AbstractChannelHandlerContext.fireChannelRead(AbstractChannelHandlerContext.java:352)
	reactor.netty.http.server.HttpTrafficHandler.channelRead(HttpTrafficHandler.java:190)
	io.netty.channel.AbstractChannelHandlerContext.invokeChannelRead(AbstractChannelHandlerContext.java:374)
	io.netty.channel.AbstractChannelHandlerContext.invokeChannelRead(AbstractChannelHandlerContext.java:360)
	io.netty.channel.AbstractChannelHandlerContext.fireChannelRead(AbstractChannelHandlerContext.java:352)
	io.netty.channel.CombinedChannelDuplexHandler$DelegatingChannelHandlerContext.fireChannelRead(CombinedChannelDuplexHandler.java:438)
	io.netty.handler.codec.ByteToMessageDecoder.fireChannelRead(ByteToMessageDecoder.java:323)
	io.netty.handler.codec.ByteToMessageDecoder.channelRead(ByteToMessageDecoder.java:297)
	io.netty.channel.CombinedChannelDuplexHandler.channelRead(CombinedChannelDuplexHandler.java:253)
	io.netty.channel.AbstractChannelHandlerContext.invokeChannelRead(AbstractChannelHandlerContext.java:374)
	io.netty.channel.AbstractChannelHandlerContext.invokeChannelRead(AbstractChannelHandlerContext.java:360)
	io.netty.channel.AbstractChannelHandlerContext.fireChannelRead(AbstractChannelHandlerContext.java:352)
	io.netty.channel.DefaultChannelPipeline$HeadContext.channelRead(DefaultChannelPipeline.java:1408)
	io.netty.channel.AbstractChannelHandlerContext.invokeChannelRead(AbstractChannelHandlerContext.java:374)
	io.netty.channel.AbstractChannelHandlerContext.invokeChannelRead(AbstractChannelHandlerContext.java:360)
	io.netty.channel.DefaultChannelPipeline.fireChannelRead(DefaultChannelPipeline.java:930)
	io.netty.channel.nio.AbstractNioByteChannel$NioByteUnsafe.read(AbstractNioByteChannel.java:163)
	io.netty.channel.nio.NioEventLoop.processSelectedKey(NioEventLoop.java:682)
	io.netty.channel.nio.NioEventLoop.processSelectedKeysOptimized(NioEventLoop.java:617)
	io.netty.channel.nio.NioEventLoop.processSelectedKeys(NioEventLoop.java:534)
	io.netty.channel.nio.NioEventLoop.run(NioEventLoop.java:496)
	io.netty.util.concurrent.SingleThreadEventExecutor$5.run(SingleThreadEventExecutor.java:906)
	io.netty.util.internal.ThreadExecutorMap$2.run(ThreadExecutorMap.java:74)
	io.netty.util.concurrent.FastThreadLocalRunnable.run(FastThreadLocalRunnable.java:30)
	java.lang.Thread.run(Thread.java:748)
#4:
	reactor.core.publisher.FluxPeek$PeekSubscriber.onNext(FluxPeek.java:177)
	reactor.core.publisher.FluxMap$MapSubscriber.onNext(FluxMap.java:114)
	reactor.netty.channel.FluxReceive.drainReceiver(FluxReceive.java:206)
	reactor.netty.channel.FluxReceive.onInboundNext(FluxReceive.java:322)
	reactor.netty.channel.ChannelOperations.onInboundNext(ChannelOperations.java:335)
	reactor.netty.http.server.HttpServerOperations.onInboundNext(HttpServerOperations.java:456)
	reactor.netty.channel.ChannelOperationsHandler.channelRead(ChannelOperationsHandler.java:91)
	io.netty.channel.AbstractChannelHandlerContext.invokeChannelRead(AbstractChannelHandlerContext.java:374)
	io.netty.channel.AbstractChannelHandlerContext.invokeChannelRead(AbstractChannelHandlerContext.java:360)
	io.netty.channel.AbstractChannelHandlerContext.fireChannelRead(AbstractChannelHandlerContext.java:352)
	reactor.netty.http.server.HttpTrafficHandler.channelRead(HttpTrafficHandler.java:190)
	io.netty.channel.AbstractChannelHandlerContext.invokeChannelRead(AbstractChannelHandlerContext.java:374)
	io.netty.channel.AbstractChannelHandlerContext.invokeChannelRead(AbstractChannelHandlerContext.java:360)
	io.netty.channel.AbstractChannelHandlerContext.fireChannelRead(AbstractChannelHandlerContext.java:352)
	io.netty.channel.CombinedChannelDuplexHandler$DelegatingChannelHandlerContext.fireChannelRead(CombinedChannelDuplexHandler.java:438)
	io.netty.handler.codec.ByteToMessageDecoder.fireChannelRead(ByteToMessageDecoder.java:323)
	io.netty.handler.codec.ByteToMessageDecoder.channelRead(ByteToMessageDecoder.java:297)
	io.netty.channel.CombinedChannelDuplexHandler.channelRead(CombinedChannelDuplexHandler.java:253)
	io.netty.channel.AbstractChannelHandlerContext.invokeChannelRead(AbstractChannelHandlerContext.java:374)
	io.netty.channel.AbstractChannelHandlerContext.invokeChannelRead(AbstractChannelHandlerContext.java:360)
	io.netty.channel.AbstractChannelHandlerContext.fireChannelRead(AbstractChannelHandlerContext.java:352)
	io.netty.channel.DefaultChannelPipeline$HeadContext.channelRead(DefaultChannelPipeline.java:1408)
	io.netty.channel.AbstractChannelHandlerContext.invokeChannelRead(AbstractChannelHandlerContext.java:374)
	io.netty.channel.AbstractChannelHandlerContext.invokeChannelRead(AbstractChannelHandlerContext.java:360)
	io.netty.channel.DefaultChannelPipeline.fireChannelRead(DefaultChannelPipeline.java:930)
	io.netty.channel.nio.AbstractNioByteChannel$NioByteUnsafe.read(AbstractNioByteChannel.java:163)
	io.netty.channel.nio.NioEventLoop.processSelectedKey(NioEventLoop.java:682)
	io.netty.channel.nio.NioEventLoop.processSelectedKeysOptimized(NioEventLoop.java:617)
	io.netty.channel.nio.NioEventLoop.processSelectedKeys(NioEventLoop.java:534)
	io.netty.channel.nio.NioEventLoop.run(NioEventLoop.java:496)
	io.netty.util.concurrent.SingleThreadEventExecutor$5.run(SingleThreadEventExecutor.java:906)
	io.netty.util.internal.ThreadExecutorMap$2.run(ThreadExecutorMap.java:74)
	io.netty.util.concurrent.FastThreadLocalRunnable.run(FastThreadLocalRunnable.java:30)
	java.lang.Thread.run(Thread.java:748)
#5:
	Hint: 'reactor.right.reactiveBridge' will handle the message from this point.
	io.netty.handler.codec.http.DefaultHttpContent.touch(DefaultHttpContent.java:88)
	io.netty.handler.codec.http.DefaultHttpContent.touch(DefaultHttpContent.java:24)
	io.netty.channel.DefaultChannelPipeline.touch(DefaultChannelPipeline.java:116)
	io.netty.channel.AbstractChannelHandlerContext.invokeChannelRead(AbstractChannelHandlerContext.java:357)
	io.netty.channel.AbstractChannelHandlerContext.fireChannelRead(AbstractChannelHandlerContext.java:352)
	reactor.netty.http.server.HttpTrafficHandler.channelRead(HttpTrafficHandler.java:190)
	io.netty.channel.AbstractChannelHandlerContext.invokeChannelRead(AbstractChannelHandlerContext.java:374)
	io.netty.channel.AbstractChannelHandlerContext.invokeChannelRead(AbstractChannelHandlerContext.java:360)
	io.netty.channel.AbstractChannelHandlerContext.fireChannelRead(AbstractChannelHandlerContext.java:352)
	io.netty.channel.CombinedChannelDuplexHandler$DelegatingChannelHandlerContext.fireChannelRead(CombinedChannelDuplexHandler.java:438)
	io.netty.handler.codec.ByteToMessageDecoder.fireChannelRead(ByteToMessageDecoder.java:323)
	io.netty.handler.codec.ByteToMessageDecoder.channelRead(ByteToMessageDecoder.java:297)
	io.netty.channel.CombinedChannelDuplexHandler.channelRead(CombinedChannelDuplexHandler.java:253)
	io.netty.channel.AbstractChannelHandlerContext.invokeChannelRead(AbstractChannelHandlerContext.java:374)
	io.netty.channel.AbstractChannelHandlerContext.invokeChannelRead(AbstractChannelHandlerContext.java:360)
	io.netty.channel.AbstractChannelHandlerContext.fireChannelRead(AbstractChannelHandlerContext.java:352)
	io.netty.channel.DefaultChannelPipeline$HeadContext.channelRead(DefaultChannelPipeline.java:1408)
	io.netty.channel.AbstractChannelHandlerContext.invokeChannelRead(AbstractChannelHandlerContext.java:374)
	io.netty.channel.AbstractChannelHandlerContext.invokeChannelRead(AbstractChannelHandlerContext.java:360)
	io.netty.channel.DefaultChannelPipeline.fireChannelRead(DefaultChannelPipeline.java:930)
	io.netty.channel.nio.AbstractNioByteChannel$NioByteUnsafe.read(AbstractNioByteChannel.java:163)
	io.netty.channel.nio.NioEventLoop.processSelectedKey(NioEventLoop.java:682)
	io.netty.channel.nio.NioEventLoop.processSelectedKeysOptimized(NioEventLoop.java:617)
	io.netty.channel.nio.NioEventLoop.processSelectedKeys(NioEventLoop.java:534)
	io.netty.channel.nio.NioEventLoop.run(NioEventLoop.java:496)
	io.netty.util.concurrent.SingleThreadEventExecutor$5.run(SingleThreadEventExecutor.java:906)
	io.netty.util.internal.ThreadExecutorMap$2.run(ThreadExecutorMap.java:74)
	io.netty.util.concurrent.FastThreadLocalRunnable.run(FastThreadLocalRunnable.java:30)
	java.lang.Thread.run(Thread.java:748)
#6:
	Hint: 'reactor.left.httpTrafficHandler' will handle the message from this point.
	io.netty.handler.codec.http.DefaultHttpContent.touch(DefaultHttpContent.java:88)
	io.netty.handler.codec.http.DefaultHttpContent.touch(DefaultHttpContent.java:24)
	io.netty.channel.DefaultChannelPipeline.touch(DefaultChannelPipeline.java:116)
	io.netty.channel.AbstractChannelHandlerContext.invokeChannelRead(AbstractChannelHandlerContext.java:357)
	io.netty.channel.AbstractChannelHandlerContext.fireChannelRead(AbstractChannelHandlerContext.java:352)
	io.netty.channel.CombinedChannelDuplexHandler$DelegatingChannelHandlerContext.fireChannelRead(CombinedChannelDuplexHandler.java:438)
	io.netty.handler.codec.ByteToMessageDecoder.fireChannelRead(ByteToMessageDecoder.java:323)
	io.netty.handler.codec.ByteToMessageDecoder.channelRead(ByteToMessageDecoder.java:297)
	io.netty.channel.CombinedChannelDuplexHandler.channelRead(CombinedChannelDuplexHandler.java:253)
	io.netty.channel.AbstractChannelHandlerContext.invokeChannelRead(AbstractChannelHandlerContext.java:374)
	io.netty.channel.AbstractChannelHandlerContext.invokeChannelRead(AbstractChannelHandlerContext.java:360)
	io.netty.channel.AbstractChannelHandlerContext.fireChannelRead(AbstractChannelHandlerContext.java:352)
	io.netty.channel.DefaultChannelPipeline$HeadContext.channelRead(DefaultChannelPipeline.java:1408)
	io.netty.channel.AbstractChannelHandlerContext.invokeChannelRead(AbstractChannelHandlerContext.java:374)
	io.netty.channel.AbstractChannelHandlerContext.invokeChannelRead(AbstractChannelHandlerContext.java:360)
	io.netty.channel.DefaultChannelPipeline.fireChannelRead(DefaultChannelPipeline.java:930)
	io.netty.channel.nio.AbstractNioByteChannel$NioByteUnsafe.read(AbstractNioByteChannel.java:163)
	io.netty.channel.nio.NioEventLoop.processSelectedKey(NioEventLoop.java:682)
	io.netty.channel.nio.NioEventLoop.processSelectedKeysOptimized(NioEventLoop.java:617)
	io.netty.channel.nio.NioEventLoop.processSelectedKeys(NioEventLoop.java:534)
	io.netty.channel.nio.NioEventLoop.run(NioEventLoop.java:496)
	io.netty.util.concurrent.SingleThreadEventExecutor$5.run(SingleThreadEventExecutor.java:906)
	io.netty.util.internal.ThreadExecutorMap$2.run(ThreadExecutorMap.java:74)
	io.netty.util.concurrent.FastThreadLocalRunnable.run(FastThreadLocalRunnable.java:30)
	java.lang.Thread.run(Thread.java:748)
Created at:
	io.netty.buffer.SimpleLeakAwareByteBuf.unwrappedDerived(SimpleLeakAwareByteBuf.java:143)
	io.netty.buffer.SimpleLeakAwareByteBuf.readRetainedSlice(SimpleLeakAwareByteBuf.java:67)
	io.netty.buffer.AdvancedLeakAwareByteBuf.readRetainedSlice(AdvancedLeakAwareByteBuf.java:107)
	io.netty.handler.codec.http.HttpObjectDecoder.decode(HttpObjectDecoder.java:336)
	io.netty.handler.codec.http.HttpServerCodec$HttpServerRequestDecoder.decode(HttpServerCodec.java:103)
	io.netty.handler.codec.ByteToMessageDecoder.decodeRemovalReentryProtection(ByteToMessageDecoder.java:502)
	io.netty.handler.codec.ByteToMessageDecoder.callDecode(ByteToMessageDecoder.java:441)
	io.netty.handler.codec.ByteToMessageDecoder.channelRead(ByteToMessageDecoder.java:278)
	io.netty.channel.CombinedChannelDuplexHandler.channelRead(CombinedChannelDuplexHandler.java:253)
	io.netty.channel.AbstractChannelHandlerContext.invokeChannelRead(AbstractChannelHandlerContext.java:374)
	io.netty.channel.AbstractChannelHandlerContext.invokeChannelRead(AbstractChannelHandlerContext.java:360)
	io.netty.channel.AbstractChannelHandlerContext.fireChannelRead(AbstractChannelHandlerContext.java:352)
	io.netty.channel.DefaultChannelPipeline$HeadContext.channelRead(DefaultChannelPipeline.java:1408)
	io.netty.channel.AbstractChannelHandlerContext.invokeChannelRead(AbstractChannelHandlerContext.java:374)
	io.netty.channel.AbstractChannelHandlerContext.invokeChannelRead(AbstractChannelHandlerContext.java:360)
	io.netty.channel.DefaultChannelPipeline.fireChannelRead(DefaultChannelPipeline.java:930)
	io.netty.channel.nio.AbstractNioByteChannel$NioByteUnsafe.read(AbstractNioByteChannel.java:163)
	io.netty.channel.nio.NioEventLoop.processSelectedKey(NioEventLoop.java:682)
	io.netty.channel.nio.NioEventLoop.processSelectedKeysOptimized(NioEventLoop.java:617)
	io.netty.channel.nio.NioEventLoop.processSelectedKeys(NioEventLoop.java:534)
	io.netty.channel.nio.NioEventLoop.run(NioEventLoop.java:496)
	io.netty.util.concurrent.SingleThreadEventExecutor$5.run(SingleThreadEventExecutor.java:906)
	io.netty.util.internal.ThreadExecutorMap$2.run(ThreadExecutorMap.java:74)
	io.netty.util.concurrent.FastThreadLocalRunnable.run(FastThreadLocalRunnable.java:30)
	java.lang.Thread.run(Thread.java:748)
: 8 leak records were discarded because they were duplicates
: 444 leak records were discarded because the leak record count is targeted to 4. Use system property io.netty.leakDetection.targetRecords to increase the limit.
22:42:59.893 [reactor-http-nio-14] ERROR i.n.u.ResourceLeakDetector - LEAK: ByteBuf.release() was not called before it's garbage-collected. See http://netty.io/wiki/reference-counted-objects.html for more information.
Recent access records: 
#1:
	io.netty.buffer.AdvancedLeakAwareByteBuf.getByte(AdvancedLeakAwareByteBuf.java:154)
	io.netty.buffer.CompositeByteBuf.getByte(CompositeByteBuf.java:913)
	io.netty.buffer.WrappedCompositeByteBuf.getByte(WrappedCompositeByteBuf.java:652)
	io.netty.buffer.AdvancedLeakAwareCompositeByteBuf.getByte(AdvancedLeakAwareCompositeByteBuf.java:141)
	org.springframework.core.io.buffer.NettyDataBuffer.getByte(NettyDataBuffer.java:132)
	org.springframework.http.codec.multipart.DefaultMultipartMessageReader.toPart(DefaultMultipartMessageReader.java:179)
	reactor.core.publisher.FluxMap$MapConditionalSubscriber.onNext(FluxMap.java:199)
	reactor.core.publisher.FluxTakeWhile$TakeWhileSubscriber.onNext(FluxTakeWhile.java:94)
	reactor.core.publisher.FluxContextStart$ContextStartSubscriber.onNext(FluxContextStart.java:103)
	reactor.core.publisher.FluxMap$MapConditionalSubscriber.onNext(FluxMap.java:213)
	reactor.core.publisher.FluxBufferPredicate$BufferPredicateSubscriber.emit(FluxBufferPredicate.java:290)
	reactor.core.publisher.FluxBufferPredicate$BufferPredicateSubscriber.onNextNewBuffer(FluxBufferPredicate.java:257)
	reactor.core.publisher.FluxBufferPredicate$BufferPredicateSubscriber.tryOnNext(FluxBufferPredicate.java:211)
	reactor.core.publisher.FluxBufferPredicate$BufferPredicateSubscriber.onNext(FluxBufferPredicate.java:184)
	reactor.core.publisher.FluxFlatMap$FlatMapMain.drainLoop(FluxFlatMap.java:664)
	reactor.core.publisher.FluxFlatMap$FlatMapMain.drain(FluxFlatMap.java:540)
	reactor.core.publisher.FluxFlatMap$FlatMapInner.onSubscribe(FluxFlatMap.java:924)
	reactor.core.publisher.FluxIterable.subscribe(FluxIterable.java:139)
	reactor.core.publisher.FluxIterable.subscribe(FluxIterable.java:63)
	reactor.core.publisher.Flux.subscribe(Flux.java:7922)
	reactor.core.publisher.FluxFlatMap$FlatMapMain.onNext(FluxFlatMap.java:389)
	reactor.core.publisher.FluxConcatMap$ConcatMapImmediate.innerNext(FluxConcatMap.java:275)
	reactor.core.publisher.FluxConcatMap$ConcatMapInner.onNext(FluxConcatMap.java:849)
	reactor.core.publisher.FluxConcatMap$WeakScalarSubscription.request(FluxConcatMap.java:470)
	reactor.core.publisher.Operators$MultiSubscriptionSubscriber.set(Operators.java:1939)
	reactor.core.publisher.FluxConcatMap$ConcatMapImmediate.drain(FluxConcatMap.java:436)
	reactor.core.publisher.FluxConcatMap$ConcatMapImmediate.onNext(FluxConcatMap.java:244)
	reactor.core.publisher.FluxMap$MapSubscriber.onNext(FluxMap.java:114)
	reactor.core.publisher.FluxPeek$PeekSubscriber.onNext(FluxPeek.java:192)
	reactor.core.publisher.FluxMap$MapSubscriber.onNext(FluxMap.java:114)
	reactor.netty.channel.FluxReceive.drainReceiver(FluxReceive.java:206)
	reactor.netty.channel.FluxReceive.onInboundNext(FluxReceive.java:322)
	reactor.netty.channel.ChannelOperations.onInboundNext(ChannelOperations.java:335)
	reactor.netty.http.server.HttpServerOperations.onInboundNext(HttpServerOperations.java:456)
	reactor.netty.channel.ChannelOperationsHandler.channelRead(ChannelOperationsHandler.java:91)
	io.netty.channel.AbstractChannelHandlerContext.invokeChannelRead(AbstractChannelHandlerContext.java:374)
	io.netty.channel.AbstractChannelHandlerContext.invokeChannelRead(AbstractChannelHandlerContext.java:360)
	io.netty.channel.AbstractChannelHandlerContext.fireChannelRead(AbstractChannelHandlerContext.java:352)
	reactor.netty.http.server.HttpTrafficHandler.channelRead(HttpTrafficHandler.java:190)
	io.netty.channel.AbstractChannelHandlerContext.invokeChannelRead(AbstractChannelHandlerContext.java:374)
	io.netty.channel.AbstractChannelHandlerContext.invokeChannelRead(AbstractChannelHandlerContext.java:360)
	io.netty.channel.AbstractChannelHandlerContext.fireChannelRead(AbstractChannelHandlerContext.java:352)
	io.netty.channel.CombinedChannelDuplexHandler$DelegatingChannelHandlerContext.fireChannelRead(CombinedChannelDuplexHandler.java:438)
	io.netty.handler.codec.ByteToMessageDecoder.fireChannelRead(ByteToMessageDecoder.java:323)
	io.netty.handler.codec.ByteToMessageDecoder.fireChannelRead(ByteToMessageDecoder.java:310)
	io.netty.handler.codec.ByteToMessageDecoder.callDecode(ByteToMessageDecoder.java:426)
	io.netty.handler.codec.ByteToMessageDecoder.channelRead(ByteToMessageDecoder.java:278)
	io.netty.channel.CombinedChannelDuplexHandler.channelRead(CombinedChannelDuplexHandler.java:253)
	io.netty.channel.AbstractChannelHandlerContext.invokeChannelRead(AbstractChannelHandlerContext.java:374)
	io.netty.channel.AbstractChannelHandlerContext.invokeChannelRead(AbstractChannelHandlerContext.java:360)
	io.netty.channel.AbstractChannelHandlerContext.fireChannelRead(AbstractChannelHandlerContext.java:352)
	io.netty.channel.DefaultChannelPipeline$HeadContext.channelRead(DefaultChannelPipeline.java:1408)
	io.netty.channel.AbstractChannelHandlerContext.invokeChannelRead(AbstractChannelHandlerContext.java:374)
	io.netty.channel.AbstractChannelHandlerContext.invokeChannelRead(AbstractChannelHandlerContext.java:360)
	io.netty.channel.DefaultChannelPipeline.fireChannelRead(DefaultChannelPipeline.java:930)
	io.netty.channel.nio.AbstractNioByteChannel$NioByteUnsafe.read(AbstractNioByteChannel.java:163)
	io.netty.channel.nio.NioEventLoop.processSelectedKey(NioEventLoop.java:682)
	io.netty.channel.nio.NioEventLoop.processSelectedKeysOptimized(NioEventLoop.java:617)
	io.netty.channel.nio.NioEventLoop.processSelectedKeys(NioEventLoop.java:534)
	io.netty.channel.nio.NioEventLoop.run(NioEventLoop.java:496)
	io.netty.util.concurrent.SingleThreadEventExecutor$5.run(SingleThreadEventExecutor.java:906)
	io.netty.util.internal.ThreadExecutorMap$2.run(ThreadExecutorMap.java:74)
	io.netty.util.concurrent.FastThreadLocalRunnable.run(FastThreadLocalRunnable.java:30)
	java.lang.Thread.run(Thread.java:748)
#2:
	io.netty.buffer.AdvancedLeakAwareByteBuf.getByte(AdvancedLeakAwareByteBuf.java:154)
	org.springframework.core.io.buffer.NettyDataBuffer.getByte(NettyDataBuffer.java:132)
	org.springframework.core.io.buffer.DataBufferUtils$KnuthMorrisPrattMatcher.match(DataBufferUtils.java:1005)
	org.springframework.core.io.buffer.DataBufferUtils.endFrameAfterDelimiter(DataBufferUtils.java:634)
	org.springframework.core.io.buffer.DataBufferUtils.lambda$split$18(DataBufferUtils.java:603)
	reactor.core.publisher.FluxFlatMap$FlatMapMain.onNext(FluxFlatMap.java:350)
	reactor.core.publisher.FluxConcatMap$ConcatMapImmediate.innerNext(FluxConcatMap.java:275)
	reactor.core.publisher.FluxConcatMap$ConcatMapInner.onNext(FluxConcatMap.java:849)
	reactor.core.publisher.FluxConcatMap$WeakScalarSubscription.request(FluxConcatMap.java:470)
	reactor.core.publisher.Operators$MultiSubscriptionSubscriber.set(Operators.java:1939)
	reactor.core.publisher.FluxConcatMap$ConcatMapImmediate.drain(FluxConcatMap.java:436)
	reactor.core.publisher.FluxConcatMap$ConcatMapImmediate.onNext(FluxConcatMap.java:244)
	reactor.core.publisher.FluxMap$MapSubscriber.onNext(FluxMap.java:114)
	reactor.core.publisher.FluxPeek$PeekSubscriber.onNext(FluxPeek.java:192)
	reactor.core.publisher.FluxMap$MapSubscriber.onNext(FluxMap.java:114)
	reactor.netty.channel.FluxReceive.drainReceiver(FluxReceive.java:206)
	reactor.netty.channel.FluxReceive.onInboundNext(FluxReceive.java:322)
	reactor.netty.channel.ChannelOperations.onInboundNext(ChannelOperations.java:335)
	reactor.netty.http.server.HttpServerOperations.onInboundNext(HttpServerOperations.java:456)
	reactor.netty.channel.ChannelOperationsHandler.channelRead(ChannelOperationsHandler.java:91)
	io.netty.channel.AbstractChannelHandlerContext.invokeChannelRead(AbstractChannelHandlerContext.java:374)
	io.netty.channel.AbstractChannelHandlerContext.invokeChannelRead(AbstractChannelHandlerContext.java:360)
	io.netty.channel.AbstractChannelHandlerContext.fireChannelRead(AbstractChannelHandlerContext.java:352)
	reactor.netty.http.server.HttpTrafficHandler.channelRead(HttpTrafficHandler.java:190)
	io.netty.channel.AbstractChannelHandlerContext.invokeChannelRead(AbstractChannelHandlerContext.java:374)
	io.netty.channel.AbstractChannelHandlerContext.invokeChannelRead(AbstractChannelHandlerContext.java:360)
	io.netty.channel.AbstractChannelHandlerContext.fireChannelRead(AbstractChannelHandlerContext.java:352)
	io.netty.channel.CombinedChannelDuplexHandler$DelegatingChannelHandlerContext.fireChannelRead(CombinedChannelDuplexHandler.java:438)
	io.netty.handler.codec.ByteToMessageDecoder.fireChannelRead(ByteToMessageDecoder.java:323)
	io.netty.handler.codec.ByteToMessageDecoder.fireChannelRead(ByteToMessageDecoder.java:310)
	io.netty.handler.codec.ByteToMessageDecoder.callDecode(ByteToMessageDecoder.java:426)
	io.netty.handler.codec.ByteToMessageDecoder.channelRead(ByteToMessageDecoder.java:278)
	io.netty.channel.CombinedChannelDuplexHandler.channelRead(CombinedChannelDuplexHandler.java:253)
	io.netty.channel.AbstractChannelHandlerContext.invokeChannelRead(AbstractChannelHandlerContext.java:374)
	io.netty.channel.AbstractChannelHandlerContext.invokeChannelRead(AbstractChannelHandlerContext.java:360)
	io.netty.channel.AbstractChannelHandlerContext.fireChannelRead(AbstractChannelHandlerContext.java:352)
	io.netty.channel.DefaultChannelPipeline$HeadContext.channelRead(DefaultChannelPipeline.java:1408)
	io.netty.channel.AbstractChannelHandlerContext.invokeChannelRead(AbstractChannelHandlerContext.java:374)
	io.netty.channel.AbstractChannelHandlerContext.invokeChannelRead(AbstractChannelHandlerContext.java:360)
	io.netty.channel.DefaultChannelPipeline.fireChannelRead(DefaultChannelPipeline.java:930)
	io.netty.channel.nio.AbstractNioByteChannel$NioByteUnsafe.read(AbstractNioByteChannel.java:163)
	io.netty.channel.nio.NioEventLoop.processSelectedKey(NioEventLoop.java:682)
	io.netty.channel.nio.NioEventLoop.processSelectedKeysOptimized(NioEventLoop.java:617)
	io.netty.channel.nio.NioEventLoop.processSelectedKeys(NioEventLoop.java:534)
	io.netty.channel.nio.NioEventLoop.run(NioEventLoop.java:496)
	io.netty.util.concurrent.SingleThreadEventExecutor$5.run(SingleThreadEventExecutor.java:906)
	io.netty.util.internal.ThreadExecutorMap$2.run(ThreadExecutorMap.java:74)
	io.netty.util.concurrent.FastThreadLocalRunnable.run(FastThreadLocalRunnable.java:30)
	java.lang.Thread.run(Thread.java:748)
#3:
	org.springframework.core.io.buffer.NettyDataBufferFactory.wrap(NettyDataBufferFactory.java:93)
	reactor.core.publisher.FluxMap$MapSubscriber.onNext(FluxMap.java:100)
	reactor.core.publisher.FluxPeek$PeekSubscriber.onNext(FluxPeek.java:192)
	reactor.core.publisher.FluxMap$MapSubscriber.onNext(FluxMap.java:114)
	reactor.netty.channel.FluxReceive.drainReceiver(FluxReceive.java:206)
	reactor.netty.channel.FluxReceive.onInboundNext(FluxReceive.java:322)
	reactor.netty.channel.ChannelOperations.onInboundNext(ChannelOperations.java:335)
	reactor.netty.http.server.HttpServerOperations.onInboundNext(HttpServerOperations.java:456)
	reactor.netty.channel.ChannelOperationsHandler.channelRead(ChannelOperationsHandler.java:91)
	io.netty.channel.AbstractChannelHandlerContext.invokeChannelRead(AbstractChannelHandlerContext.java:374)
	io.netty.channel.AbstractChannelHandlerContext.invokeChannelRead(AbstractChannelHandlerContext.java:360)
	io.netty.channel.AbstractChannelHandlerContext.fireChannelRead(AbstractChannelHandlerContext.java:352)
	reactor.netty.http.server.HttpTrafficHandler.channelRead(HttpTrafficHandler.java:190)
	io.netty.channel.AbstractChannelHandlerContext.invokeChannelRead(AbstractChannelHandlerContext.java:374)
	io.netty.channel.AbstractChannelHandlerContext.invokeChannelRead(AbstractChannelHandlerContext.java:360)
	io.netty.channel.AbstractChannelHandlerContext.fireChannelRead(AbstractChannelHandlerContext.java:352)
	io.netty.channel.CombinedChannelDuplexHandler$DelegatingChannelHandlerContext.fireChannelRead(CombinedChannelDuplexHandler.java:438)
	io.netty.handler.codec.ByteToMessageDecoder.fireChannelRead(ByteToMessageDecoder.java:323)
	io.netty.handler.codec.ByteToMessageDecoder.fireChannelRead(ByteToMessageDecoder.java:310)
	io.netty.handler.codec.ByteToMessageDecoder.callDecode(ByteToMessageDecoder.java:426)
	io.netty.handler.codec.ByteToMessageDecoder.channelRead(ByteToMessageDecoder.java:278)
	io.netty.channel.CombinedChannelDuplexHandler.channelRead(CombinedChannelDuplexHandler.java:253)
	io.netty.channel.AbstractChannelHandlerContext.invokeChannelRead(AbstractChannelHandlerContext.java:374)
	io.netty.channel.AbstractChannelHandlerContext.invokeChannelRead(AbstractChannelHandlerContext.java:360)
	io.netty.channel.AbstractChannelHandlerContext.fireChannelRead(AbstractChannelHandlerContext.java:352)
	io.netty.channel.DefaultChannelPipeline$HeadContext.channelRead(DefaultChannelPipeline.java:1408)
	io.netty.channel.AbstractChannelHandlerContext.invokeChannelRead(AbstractChannelHandlerContext.java:374)
	io.netty.channel.AbstractChannelHandlerContext.invokeChannelRead(AbstractChannelHandlerContext.java:360)
	io.netty.channel.DefaultChannelPipeline.fireChannelRead(DefaultChannelPipeline.java:930)
	io.netty.channel.nio.AbstractNioByteChannel$NioByteUnsafe.read(AbstractNioByteChannel.java:163)
	io.netty.channel.nio.NioEventLoop.processSelectedKey(NioEventLoop.java:682)
	io.netty.channel.nio.NioEventLoop.processSelectedKeysOptimized(NioEventLoop.java:617)
	io.netty.channel.nio.NioEventLoop.processSelectedKeys(NioEventLoop.java:534)
	io.netty.channel.nio.NioEventLoop.run(NioEventLoop.java:496)
	io.netty.util.concurrent.SingleThreadEventExecutor$5.run(SingleThreadEventExecutor.java:906)
	io.netty.util.internal.ThreadExecutorMap$2.run(ThreadExecutorMap.java:74)
	io.netty.util.concurrent.FastThreadLocalRunnable.run(FastThreadLocalRunnable.java:30)
	java.lang.Thread.run(Thread.java:748)
#4:
	reactor.core.publisher.FluxPeek$PeekSubscriber.onNext(FluxPeek.java:177)
	reactor.core.publisher.FluxMap$MapSubscriber.onNext(FluxMap.java:114)
	reactor.netty.channel.FluxReceive.drainReceiver(FluxReceive.java:206)
	reactor.netty.channel.FluxReceive.onInboundNext(FluxReceive.java:322)
	reactor.netty.channel.ChannelOperations.onInboundNext(ChannelOperations.java:335)
	reactor.netty.http.server.HttpServerOperations.onInboundNext(HttpServerOperations.java:456)
	reactor.netty.channel.ChannelOperationsHandler.channelRead(ChannelOperationsHandler.java:91)
	io.netty.channel.AbstractChannelHandlerContext.invokeChannelRead(AbstractChannelHandlerContext.java:374)
	io.netty.channel.AbstractChannelHandlerContext.invokeChannelRead(AbstractChannelHandlerContext.java:360)
	io.netty.channel.AbstractChannelHandlerContext.fireChannelRead(AbstractChannelHandlerContext.java:352)
	reactor.netty.http.server.HttpTrafficHandler.channelRead(HttpTrafficHandler.java:190)
	io.netty.channel.AbstractChannelHandlerContext.invokeChannelRead(AbstractChannelHandlerContext.java:374)
	io.netty.channel.AbstractChannelHandlerContext.invokeChannelRead(AbstractChannelHandlerContext.java:360)
	io.netty.channel.AbstractChannelHandlerContext.fireChannelRead(AbstractChannelHandlerContext.java:352)
	io.netty.channel.CombinedChannelDuplexHandler$DelegatingChannelHandlerContext.fireChannelRead(CombinedChannelDuplexHandler.java:438)
	io.netty.handler.codec.ByteToMessageDecoder.fireChannelRead(ByteToMessageDecoder.java:323)
	io.netty.handler.codec.ByteToMessageDecoder.fireChannelRead(ByteToMessageDecoder.java:310)
	io.netty.handler.codec.ByteToMessageDecoder.callDecode(ByteToMessageDecoder.java:426)
	io.netty.handler.codec.ByteToMessageDecoder.channelRead(ByteToMessageDecoder.java:278)
	io.netty.channel.CombinedChannelDuplexHandler.channelRead(CombinedChannelDuplexHandler.java:253)
	io.netty.channel.AbstractChannelHandlerContext.invokeChannelRead(AbstractChannelHandlerContext.java:374)
	io.netty.channel.AbstractChannelHandlerContext.invokeChannelRead(AbstractChannelHandlerContext.java:360)
	io.netty.channel.AbstractChannelHandlerContext.fireChannelRead(AbstractChannelHandlerContext.java:352)
	io.netty.channel.DefaultChannelPipeline$HeadContext.channelRead(DefaultChannelPipeline.java:1408)
	io.netty.channel.AbstractChannelHandlerContext.invokeChannelRead(AbstractChannelHandlerContext.java:374)
	io.netty.channel.AbstractChannelHandlerContext.invokeChannelRead(AbstractChannelHandlerContext.java:360)
	io.netty.channel.DefaultChannelPipeline.fireChannelRead(DefaultChannelPipeline.java:930)
	io.netty.channel.nio.AbstractNioByteChannel$NioByteUnsafe.read(AbstractNioByteChannel.java:163)
	io.netty.channel.nio.NioEventLoop.processSelectedKey(NioEventLoop.java:682)
	io.netty.channel.nio.NioEventLoop.processSelectedKeysOptimized(NioEventLoop.java:617)
	io.netty.channel.nio.NioEventLoop.processSelectedKeys(NioEventLoop.java:534)
	io.netty.channel.nio.NioEventLoop.run(NioEventLoop.java:496)
	io.netty.util.concurrent.SingleThreadEventExecutor$5.run(SingleThreadEventExecutor.java:906)
	io.netty.util.internal.ThreadExecutorMap$2.run(ThreadExecutorMap.java:74)
	io.netty.util.concurrent.FastThreadLocalRunnable.run(FastThreadLocalRunnable.java:30)
	java.lang.Thread.run(Thread.java:748)
#5:
	Hint: 'reactor.right.reactiveBridge' will handle the message from this point.
	io.netty.handler.codec.http.DefaultHttpContent.touch(DefaultHttpContent.java:88)
	io.netty.handler.codec.http.DefaultHttpContent.touch(DefaultHttpContent.java:24)
	io.netty.channel.DefaultChannelPipeline.touch(DefaultChannelPipeline.java:116)
	io.netty.channel.AbstractChannelHandlerContext.invokeChannelRead(AbstractChannelHandlerContext.java:357)
	io.netty.channel.AbstractChannelHandlerContext.fireChannelRead(AbstractChannelHandlerContext.java:352)
	reactor.netty.http.server.HttpTrafficHandler.channelRead(HttpTrafficHandler.java:190)
	io.netty.channel.AbstractChannelHandlerContext.invokeChannelRead(AbstractChannelHandlerContext.java:374)
	io.netty.channel.AbstractChannelHandlerContext.invokeChannelRead(AbstractChannelHandlerContext.java:360)
	io.netty.channel.AbstractChannelHandlerContext.fireChannelRead(AbstractChannelHandlerContext.java:352)
	io.netty.channel.CombinedChannelDuplexHandler$DelegatingChannelHandlerContext.fireChannelRead(CombinedChannelDuplexHandler.java:438)
	io.netty.handler.codec.ByteToMessageDecoder.fireChannelRead(ByteToMessageDecoder.java:323)
	io.netty.handler.codec.ByteToMessageDecoder.fireChannelRead(ByteToMessageDecoder.java:310)
	io.netty.handler.codec.ByteToMessageDecoder.callDecode(ByteToMessageDecoder.java:426)
	io.netty.handler.codec.ByteToMessageDecoder.channelRead(ByteToMessageDecoder.java:278)
	io.netty.channel.CombinedChannelDuplexHandler.channelRead(CombinedChannelDuplexHandler.java:253)
	io.netty.channel.AbstractChannelHandlerContext.invokeChannelRead(AbstractChannelHandlerContext.java:374)
	io.netty.channel.AbstractChannelHandlerContext.invokeChannelRead(AbstractChannelHandlerContext.java:360)
	io.netty.channel.AbstractChannelHandlerContext.fireChannelRead(AbstractChannelHandlerContext.java:352)
	io.netty.channel.DefaultChannelPipeline$HeadContext.channelRead(DefaultChannelPipeline.java:1408)
	io.netty.channel.AbstractChannelHandlerContext.invokeChannelRead(AbstractChannelHandlerContext.java:374)
	io.netty.channel.AbstractChannelHandlerContext.invokeChannelRead(AbstractChannelHandlerContext.java:360)
	io.netty.channel.DefaultChannelPipeline.fireChannelRead(DefaultChannelPipeline.java:930)
	io.netty.channel.nio.AbstractNioByteChannel$NioByteUnsafe.read(AbstractNioByteChannel.java:163)
	io.netty.channel.nio.NioEventLoop.processSelectedKey(NioEventLoop.java:682)
	io.netty.channel.nio.NioEventLoop.processSelectedKeysOptimized(NioEventLoop.java:617)
	io.netty.channel.nio.NioEventLoop.processSelectedKeys(NioEventLoop.java:534)
	io.netty.channel.nio.NioEventLoop.run(NioEventLoop.java:496)
	io.netty.util.concurrent.SingleThreadEventExecutor$5.run(SingleThreadEventExecutor.java:906)
	io.netty.util.internal.ThreadExecutorMap$2.run(ThreadExecutorMap.java:74)
	io.netty.util.concurrent.FastThreadLocalRunnable.run(FastThreadLocalRunnable.java:30)
	java.lang.Thread.run(Thread.java:748)
#6:
	Hint: 'reactor.left.httpTrafficHandler' will handle the message from this point.
	io.netty.handler.codec.http.DefaultHttpContent.touch(DefaultHttpContent.java:88)
	io.netty.handler.codec.http.DefaultHttpContent.touch(DefaultHttpContent.java:24)
	io.netty.channel.DefaultChannelPipeline.touch(DefaultChannelPipeline.java:116)
	io.netty.channel.AbstractChannelHandlerContext.invokeChannelRead(AbstractChannelHandlerContext.java:357)
	io.netty.channel.AbstractChannelHandlerContext.fireChannelRead(AbstractChannelHandlerContext.java:352)
	io.netty.channel.CombinedChannelDuplexHandler$DelegatingChannelHandlerContext.fireChannelRead(CombinedChannelDuplexHandler.java:438)
	io.netty.handler.codec.ByteToMessageDecoder.fireChannelRead(ByteToMessageDecoder.java:323)
	io.netty.handler.codec.ByteToMessageDecoder.fireChannelRead(ByteToMessageDecoder.java:310)
	io.netty.handler.codec.ByteToMessageDecoder.callDecode(ByteToMessageDecoder.java:426)
	io.netty.handler.codec.ByteToMessageDecoder.channelRead(ByteToMessageDecoder.java:278)
	io.netty.channel.CombinedChannelDuplexHandler.channelRead(CombinedChannelDuplexHandler.java:253)
	io.netty.channel.AbstractChannelHandlerContext.invokeChannelRead(AbstractChannelHandlerContext.java:374)
	io.netty.channel.AbstractChannelHandlerContext.invokeChannelRead(AbstractChannelHandlerContext.java:360)
	io.netty.channel.AbstractChannelHandlerContext.fireChannelRead(AbstractChannelHandlerContext.java:352)
	io.netty.channel.DefaultChannelPipeline$HeadContext.channelRead(DefaultChannelPipeline.java:1408)
	io.netty.channel.AbstractChannelHandlerContext.invokeChannelRead(AbstractChannelHandlerContext.java:374)
	io.netty.channel.AbstractChannelHandlerContext.invokeChannelRead(AbstractChannelHandlerContext.java:360)
	io.netty.channel.DefaultChannelPipeline.fireChannelRead(DefaultChannelPipeline.java:930)
	io.netty.channel.nio.AbstractNioByteChannel$NioByteUnsafe.read(AbstractNioByteChannel.java:163)
	io.netty.channel.nio.NioEventLoop.processSelectedKey(NioEventLoop.java:682)
	io.netty.channel.nio.NioEventLoop.processSelectedKeysOptimized(NioEventLoop.java:617)
	io.netty.channel.nio.NioEventLoop.processSelectedKeys(NioEventLoop.java:534)
	io.netty.channel.nio.NioEventLoop.run(NioEventLoop.java:496)
	io.netty.util.concurrent.SingleThreadEventExecutor$5.run(SingleThreadEventExecutor.java:906)
	io.netty.util.internal.ThreadExecutorMap$2.run(ThreadExecutorMap.java:74)
	io.netty.util.concurrent.FastThreadLocalRunnable.run(FastThreadLocalRunnable.java:30)
	java.lang.Thread.run(Thread.java:748)
Created at:
	io.netty.buffer.SimpleLeakAwareByteBuf.unwrappedDerived(SimpleLeakAwareByteBuf.java:143)
	io.netty.buffer.SimpleLeakAwareByteBuf.readRetainedSlice(SimpleLeakAwareByteBuf.java:67)
	io.netty.buffer.AdvancedLeakAwareByteBuf.readRetainedSlice(AdvancedLeakAwareByteBuf.java:107)
	io.netty.handler.codec.http.HttpObjectDecoder.decode(HttpObjectDecoder.java:336)
	io.netty.handler.codec.http.HttpServerCodec$HttpServerRequestDecoder.decode(HttpServerCodec.java:103)
	io.netty.handler.codec.ByteToMessageDecoder.decodeRemovalReentryProtection(ByteToMessageDecoder.java:502)
	io.netty.handler.codec.ByteToMessageDecoder.callDecode(ByteToMessageDecoder.java:441)
	io.netty.handler.codec.ByteToMessageDecoder.channelRead(ByteToMessageDecoder.java:278)
	io.netty.channel.CombinedChannelDuplexHandler.channelRead(CombinedChannelDuplexHandler.java:253)
	io.netty.channel.AbstractChannelHandlerContext.invokeChannelRead(AbstractChannelHandlerContext.java:374)
	io.netty.channel.AbstractChannelHandlerContext.invokeChannelRead(AbstractChannelHandlerContext.java:360)
	io.netty.channel.AbstractChannelHandlerContext.fireChannelRead(AbstractChannelHandlerContext.java:352)
	io.netty.channel.DefaultChannelPipeline$HeadContext.channelRead(DefaultChannelPipeline.java:1408)
	io.netty.channel.AbstractChannelHandlerContext.invokeChannelRead(AbstractChannelHandlerContext.java:374)
	io.netty.channel.AbstractChannelHandlerContext.invokeChannelRead(AbstractChannelHandlerContext.java:360)
	io.netty.channel.DefaultChannelPipeline.fireChannelRead(DefaultChannelPipeline.java:930)
	io.netty.channel.nio.AbstractNioByteChannel$NioByteUnsafe.read(AbstractNioByteChannel.java:163)
	io.netty.channel.nio.NioEventLoop.processSelectedKey(NioEventLoop.java:682)
	io.netty.channel.nio.NioEventLoop.processSelectedKeysOptimized(NioEventLoop.java:617)
	io.netty.channel.nio.NioEventLoop.processSelectedKeys(NioEventLoop.java:534)
	io.netty.channel.nio.NioEventLoop.run(NioEventLoop.java:496)
	io.netty.util.concurrent.SingleThreadEventExecutor$5.run(SingleThreadEventExecutor.java:906)
	io.netty.util.internal.ThreadExecutorMap$2.run(ThreadExecutorMap.java:74)
	io.netty.util.concurrent.FastThreadLocalRunnable.run(FastThreadLocalRunnable.java:30)
	java.lang.Thread.run(Thread.java:748)
: 2 leak records were discarded because they were duplicates
: 46 leak records were discarded because the leak record count is targeted to 4. Use system property io.netty.leakDetection.targetRecords to increase the limit.
22:42:59.895 [reactor-http-nio-14] ERROR i.n.u.ResourceLeakDetector - LEAK: ByteBuf.release() was not called before it's garbage-collected. See http://netty.io/wiki/reference-counted-objects.html for more information.
Recent access records: 
#1:
	io.netty.buffer.AdvancedLeakAwareByteBuf.getByte(AdvancedLeakAwareByteBuf.java:154)
	io.netty.buffer.CompositeByteBuf.getByte(CompositeByteBuf.java:913)
	io.netty.buffer.WrappedCompositeByteBuf.getByte(WrappedCompositeByteBuf.java:652)
	io.netty.buffer.AdvancedLeakAwareCompositeByteBuf.getByte(AdvancedLeakAwareCompositeByteBuf.java:141)
	org.springframework.core.io.buffer.NettyDataBuffer.getByte(NettyDataBuffer.java:132)
	org.springframework.http.codec.multipart.DefaultMultipartMessageReader.toPart(DefaultMultipartMessageReader.java:179)
	reactor.core.publisher.FluxMap$MapConditionalSubscriber.onNext(FluxMap.java:199)
	reactor.core.publisher.FluxTakeWhile$TakeWhileSubscriber.onNext(FluxTakeWhile.java:94)
	reactor.core.publisher.FluxContextStart$ContextStartSubscriber.onNext(FluxContextStart.java:103)
	reactor.core.publisher.FluxMap$MapConditionalSubscriber.onNext(FluxMap.java:213)
	reactor.core.publisher.FluxBufferPredicate$BufferPredicateSubscriber.emit(FluxBufferPredicate.java:290)
	reactor.core.publisher.FluxBufferPredicate$BufferPredicateSubscriber.onNextNewBuffer(FluxBufferPredicate.java:257)
	reactor.core.publisher.FluxBufferPredicate$BufferPredicateSubscriber.tryOnNext(FluxBufferPredicate.java:211)
	reactor.core.publisher.FluxBufferPredicate$BufferPredicateSubscriber.onNext(FluxBufferPredicate.java:184)
	reactor.core.publisher.FluxFlatMap$FlatMapMain.drainLoop(FluxFlatMap.java:664)
	reactor.core.publisher.FluxFlatMap$FlatMapMain.drain(FluxFlatMap.java:540)
	reactor.core.publisher.FluxFlatMap$FlatMapInner.onSubscribe(FluxFlatMap.java:924)
	reactor.core.publisher.FluxIterable.subscribe(FluxIterable.java:139)
	reactor.core.publisher.FluxIterable.subscribe(FluxIterable.java:63)
	reactor.core.publisher.Flux.subscribe(Flux.java:7922)
	reactor.core.publisher.FluxFlatMap$FlatMapMain.onNext(FluxFlatMap.java:389)
	reactor.core.publisher.FluxConcatMap$ConcatMapImmediate.innerNext(FluxConcatMap.java:275)
	reactor.core.publisher.FluxConcatMap$ConcatMapInner.onNext(FluxConcatMap.java:849)
	reactor.core.publisher.FluxConcatMap$WeakScalarSubscription.request(FluxConcatMap.java:470)
	reactor.core.publisher.Operators$MultiSubscriptionSubscriber.set(Operators.java:1939)
	reactor.core.publisher.FluxConcatMap$ConcatMapImmediate.drain(FluxConcatMap.java:436)
	reactor.core.publisher.FluxConcatMap$ConcatMapImmediate.onNext(FluxConcatMap.java:244)
	reactor.core.publisher.FluxMap$MapSubscriber.onNext(FluxMap.java:114)
	reactor.core.publisher.FluxPeek$PeekSubscriber.onNext(FluxPeek.java:192)
	reactor.core.publisher.FluxMap$MapSubscriber.onNext(FluxMap.java:114)
	reactor.netty.channel.FluxReceive.drainReceiver(FluxReceive.java:206)
	reactor.netty.channel.FluxReceive.onInboundNext(FluxReceive.java:322)
	reactor.netty.channel.ChannelOperations.onInboundNext(ChannelOperations.java:335)
	reactor.netty.http.server.HttpServerOperations.onInboundNext(HttpServerOperations.java:456)
	reactor.netty.channel.ChannelOperationsHandler.channelRead(ChannelOperationsHandler.java:91)
	io.netty.channel.AbstractChannelHandlerContext.invokeChannelRead(AbstractChannelHandlerContext.java:374)
	io.netty.channel.AbstractChannelHandlerContext.invokeChannelRead(AbstractChannelHandlerContext.java:360)
	io.netty.channel.AbstractChannelHandlerContext.fireChannelRead(AbstractChannelHandlerContext.java:352)
	reactor.netty.http.server.HttpTrafficHandler.channelRead(HttpTrafficHandler.java:190)
	io.netty.channel.AbstractChannelHandlerContext.invokeChannelRead(AbstractChannelHandlerContext.java:374)
	io.netty.channel.AbstractChannelHandlerContext.invokeChannelRead(AbstractChannelHandlerContext.java:360)
	io.netty.channel.AbstractChannelHandlerContext.fireChannelRead(AbstractChannelHandlerContext.java:352)
	io.netty.channel.CombinedChannelDuplexHandler$DelegatingChannelHandlerContext.fireChannelRead(CombinedChannelDuplexHandler.java:438)
	io.netty.handler.codec.ByteToMessageDecoder.fireChannelRead(ByteToMessageDecoder.java:323)
	io.netty.handler.codec.ByteToMessageDecoder.fireChannelRead(ByteToMessageDecoder.java:310)
	io.netty.handler.codec.ByteToMessageDecoder.callDecode(ByteToMessageDecoder.java:426)
	io.netty.handler.codec.ByteToMessageDecoder.channelRead(ByteToMessageDecoder.java:278)
	io.netty.channel.CombinedChannelDuplexHandler.channelRead(CombinedChannelDuplexHandler.java:253)
	io.netty.channel.AbstractChannelHandlerContext.invokeChannelRead(AbstractChannelHandlerContext.java:374)
	io.netty.channel.AbstractChannelHandlerContext.invokeChannelRead(AbstractChannelHandlerContext.java:360)
	io.netty.channel.AbstractChannelHandlerContext.fireChannelRead(AbstractChannelHandlerContext.java:352)
	io.netty.channel.DefaultChannelPipeline$HeadContext.channelRead(DefaultChannelPipeline.java:1408)
	io.netty.channel.AbstractChannelHandlerContext.invokeChannelRead(AbstractChannelHandlerContext.java:374)
	io.netty.channel.AbstractChannelHandlerContext.invokeChannelRead(AbstractChannelHandlerContext.java:360)
	io.netty.channel.DefaultChannelPipeline.fireChannelRead(DefaultChannelPipeline.java:930)
	io.netty.channel.nio.AbstractNioByteChannel$NioByteUnsafe.read(AbstractNioByteChannel.java:163)
	io.netty.channel.nio.NioEventLoop.processSelectedKey(NioEventLoop.java:682)
	io.netty.channel.nio.NioEventLoop.processSelectedKeysOptimized(NioEventLoop.java:617)
	io.netty.channel.nio.NioEventLoop.processSelectedKeys(NioEventLoop.java:534)
	io.netty.channel.nio.NioEventLoop.run(NioEventLoop.java:496)
	io.netty.util.concurrent.SingleThreadEventExecutor$5.run(SingleThreadEventExecutor.java:906)
	io.netty.util.internal.ThreadExecutorMap$2.run(ThreadExecutorMap.java:74)
	io.netty.util.concurrent.FastThreadLocalRunnable.run(FastThreadLocalRunnable.java:30)
	java.lang.Thread.run(Thread.java:748)
#2:
	io.netty.buffer.AdvancedLeakAwareByteBuf.getByte(AdvancedLeakAwareByteBuf.java:154)
	org.springframework.core.io.buffer.NettyDataBuffer.getByte(NettyDataBuffer.java:132)
	org.springframework.core.io.buffer.DataBufferUtils$KnuthMorrisPrattMatcher.match(DataBufferUtils.java:1005)
	org.springframework.core.io.buffer.DataBufferUtils.endFrameAfterDelimiter(DataBufferUtils.java:634)
	org.springframework.core.io.buffer.DataBufferUtils.lambda$split$18(DataBufferUtils.java:603)
	reactor.core.publisher.FluxFlatMap$FlatMapMain.onNext(FluxFlatMap.java:350)
	reactor.core.publisher.FluxConcatMap$ConcatMapImmediate.innerNext(FluxConcatMap.java:275)
	reactor.core.publisher.FluxConcatMap$ConcatMapInner.onNext(FluxConcatMap.java:849)
	reactor.core.publisher.FluxConcatMap$WeakScalarSubscription.request(FluxConcatMap.java:470)
	reactor.core.publisher.Operators$MultiSubscriptionSubscriber.set(Operators.java:1939)
	reactor.core.publisher.FluxConcatMap$ConcatMapImmediate.drain(FluxConcatMap.java:436)
	reactor.core.publisher.FluxConcatMap$ConcatMapImmediate.onNext(FluxConcatMap.java:244)
	reactor.core.publisher.FluxMap$MapSubscriber.onNext(FluxMap.java:114)
	reactor.core.publisher.FluxPeek$PeekSubscriber.onNext(FluxPeek.java:192)
	reactor.core.publisher.FluxMap$MapSubscriber.onNext(FluxMap.java:114)
	reactor.netty.channel.FluxReceive.drainReceiver(FluxReceive.java:206)
	reactor.netty.channel.FluxReceive.onInboundNext(FluxReceive.java:322)
	reactor.netty.channel.ChannelOperations.onInboundNext(ChannelOperations.java:335)
	reactor.netty.http.server.HttpServerOperations.onInboundNext(HttpServerOperations.java:456)
	reactor.netty.channel.ChannelOperationsHandler.channelRead(ChannelOperationsHandler.java:91)
	io.netty.channel.AbstractChannelHandlerContext.invokeChannelRead(AbstractChannelHandlerContext.java:374)
	io.netty.channel.AbstractChannelHandlerContext.invokeChannelRead(AbstractChannelHandlerContext.java:360)
	io.netty.channel.AbstractChannelHandlerContext.fireChannelRead(AbstractChannelHandlerContext.java:352)
	reactor.netty.http.server.HttpTrafficHandler.channelRead(HttpTrafficHandler.java:190)
	io.netty.channel.AbstractChannelHandlerContext.invokeChannelRead(AbstractChannelHandlerContext.java:374)
	io.netty.channel.AbstractChannelHandlerContext.invokeChannelRead(AbstractChannelHandlerContext.java:360)
	io.netty.channel.AbstractChannelHandlerContext.fireChannelRead(AbstractChannelHandlerContext.java:352)
	io.netty.channel.CombinedChannelDuplexHandler$DelegatingChannelHandlerContext.fireChannelRead(CombinedChannelDuplexHandler.java:438)
	io.netty.handler.codec.ByteToMessageDecoder.fireChannelRead(ByteToMessageDecoder.java:323)
	io.netty.handler.codec.ByteToMessageDecoder.fireChannelRead(ByteToMessageDecoder.java:310)
	io.netty.handler.codec.ByteToMessageDecoder.callDecode(ByteToMessageDecoder.java:426)
	io.netty.handler.codec.ByteToMessageDecoder.channelRead(ByteToMessageDecoder.java:278)
	io.netty.channel.CombinedChannelDuplexHandler.channelRead(CombinedChannelDuplexHandler.java:253)
	io.netty.channel.AbstractChannelHandlerContext.invokeChannelRead(AbstractChannelHandlerContext.java:374)
	io.netty.channel.AbstractChannelHandlerContext.invokeChannelRead(AbstractChannelHandlerContext.java:360)
	io.netty.channel.AbstractChannelHandlerContext.fireChannelRead(AbstractChannelHandlerContext.java:352)
	io.netty.channel.DefaultChannelPipeline$HeadContext.channelRead(DefaultChannelPipeline.java:1408)
	io.netty.channel.AbstractChannelHandlerContext.invokeChannelRead(AbstractChannelHandlerContext.java:374)
	io.netty.channel.AbstractChannelHandlerContext.invokeChannelRead(AbstractChannelHandlerContext.java:360)
	io.netty.channel.DefaultChannelPipeline.fireChannelRead(DefaultChannelPipeline.java:930)
	io.netty.channel.nio.AbstractNioByteChannel$NioByteUnsafe.read(AbstractNioByteChannel.java:163)
	io.netty.channel.nio.NioEventLoop.processSelectedKey(NioEventLoop.java:682)
	io.netty.channel.nio.NioEventLoop.processSelectedKeysOptimized(NioEventLoop.java:617)
	io.netty.channel.nio.NioEventLoop.processSelectedKeys(NioEventLoop.java:534)
	io.netty.channel.nio.NioEventLoop.run(NioEventLoop.java:496)
	io.netty.util.concurrent.SingleThreadEventExecutor$5.run(SingleThreadEventExecutor.java:906)
	io.netty.util.internal.ThreadExecutorMap$2.run(ThreadExecutorMap.java:74)
	io.netty.util.concurrent.FastThreadLocalRunnable.run(FastThreadLocalRunnable.java:30)
	java.lang.Thread.run(Thread.java:748)
#3:
	org.springframework.core.io.buffer.NettyDataBufferFactory.wrap(NettyDataBufferFactory.java:93)
	reactor.core.publisher.FluxMap$MapSubscriber.onNext(FluxMap.java:100)
	reactor.core.publisher.FluxPeek$PeekSubscriber.onNext(FluxPeek.java:192)
	reactor.core.publisher.FluxMap$MapSubscriber.onNext(FluxMap.java:114)
	reactor.netty.channel.FluxReceive.drainReceiver(FluxReceive.java:206)
	reactor.netty.channel.FluxReceive.onInboundNext(FluxReceive.java:322)
	reactor.netty.channel.ChannelOperations.onInboundNext(ChannelOperations.java:335)
	reactor.netty.http.server.HttpServerOperations.onInboundNext(HttpServerOperations.java:456)
	reactor.netty.channel.ChannelOperationsHandler.channelRead(ChannelOperationsHandler.java:91)
	io.netty.channel.AbstractChannelHandlerContext.invokeChannelRead(AbstractChannelHandlerContext.java:374)
	io.netty.channel.AbstractChannelHandlerContext.invokeChannelRead(AbstractChannelHandlerContext.java:360)
	io.netty.channel.AbstractChannelHandlerContext.fireChannelRead(AbstractChannelHandlerContext.java:352)
	reactor.netty.http.server.HttpTrafficHandler.channelRead(HttpTrafficHandler.java:190)
	io.netty.channel.AbstractChannelHandlerContext.invokeChannelRead(AbstractChannelHandlerContext.java:374)
	io.netty.channel.AbstractChannelHandlerContext.invokeChannelRead(AbstractChannelHandlerContext.java:360)
	io.netty.channel.AbstractChannelHandlerContext.fireChannelRead(AbstractChannelHandlerContext.java:352)
	io.netty.channel.CombinedChannelDuplexHandler$DelegatingChannelHandlerContext.fireChannelRead(CombinedChannelDuplexHandler.java:438)
	io.netty.handler.codec.ByteToMessageDecoder.fireChannelRead(ByteToMessageDecoder.java:323)
	io.netty.handler.codec.ByteToMessageDecoder.fireChannelRead(ByteToMessageDecoder.java:310)
	io.netty.handler.codec.ByteToMessageDecoder.callDecode(ByteToMessageDecoder.java:426)
	io.netty.handler.codec.ByteToMessageDecoder.channelRead(ByteToMessageDecoder.java:278)
	io.netty.channel.CombinedChannelDuplexHandler.channelRead(CombinedChannelDuplexHandler.java:253)
	io.netty.channel.AbstractChannelHandlerContext.invokeChannelRead(AbstractChannelHandlerContext.java:374)
	io.netty.channel.AbstractChannelHandlerContext.invokeChannelRead(AbstractChannelHandlerContext.java:360)
	io.netty.channel.AbstractChannelHandlerContext.fireChannelRead(AbstractChannelHandlerContext.java:352)
	io.netty.channel.DefaultChannelPipeline$HeadContext.channelRead(DefaultChannelPipeline.java:1408)
	io.netty.channel.AbstractChannelHandlerContext.invokeChannelRead(AbstractChannelHandlerContext.java:374)
	io.netty.channel.AbstractChannelHandlerContext.invokeChannelRead(AbstractChannelHandlerContext.java:360)
	io.netty.channel.DefaultChannelPipeline.fireChannelRead(DefaultChannelPipeline.java:930)
	io.netty.channel.nio.AbstractNioByteChannel$NioByteUnsafe.read(AbstractNioByteChannel.java:163)
	io.netty.channel.nio.NioEventLoop.processSelectedKey(NioEventLoop.java:682)
	io.netty.channel.nio.NioEventLoop.processSelectedKeysOptimized(NioEventLoop.java:617)
	io.netty.channel.nio.NioEventLoop.processSelectedKeys(NioEventLoop.java:534)
	io.netty.channel.nio.NioEventLoop.run(NioEventLoop.java:496)
	io.netty.util.concurrent.SingleThreadEventExecutor$5.run(SingleThreadEventExecutor.java:906)
	io.netty.util.internal.ThreadExecutorMap$2.run(ThreadExecutorMap.java:74)
	io.netty.util.concurrent.FastThreadLocalRunnable.run(FastThreadLocalRunnable.java:30)
	java.lang.Thread.run(Thread.java:748)
#4:
	reactor.core.publisher.FluxPeek$PeekSubscriber.onNext(FluxPeek.java:177)
	reactor.core.publisher.FluxMap$MapSubscriber.onNext(FluxMap.java:114)
	reactor.netty.channel.FluxReceive.drainReceiver(FluxReceive.java:206)
	reactor.netty.channel.FluxReceive.onInboundNext(FluxReceive.java:322)
	reactor.netty.channel.ChannelOperations.onInboundNext(ChannelOperations.java:335)
	reactor.netty.http.server.HttpServerOperations.onInboundNext(HttpServerOperations.java:456)
	reactor.netty.channel.ChannelOperationsHandler.channelRead(ChannelOperationsHandler.java:91)
	io.netty.channel.AbstractChannelHandlerContext.invokeChannelRead(AbstractChannelHandlerContext.java:374)
	io.netty.channel.AbstractChannelHandlerContext.invokeChannelRead(AbstractChannelHandlerContext.java:360)
	io.netty.channel.AbstractChannelHandlerContext.fireChannelRead(AbstractChannelHandlerContext.java:352)
	reactor.netty.http.server.HttpTrafficHandler.channelRead(HttpTrafficHandler.java:190)
	io.netty.channel.AbstractChannelHandlerContext.invokeChannelRead(AbstractChannelHandlerContext.java:374)
	io.netty.channel.AbstractChannelHandlerContext.invokeChannelRead(AbstractChannelHandlerContext.java:360)
	io.netty.channel.AbstractChannelHandlerContext.fireChannelRead(AbstractChannelHandlerContext.java:352)
	io.netty.channel.CombinedChannelDuplexHandler$DelegatingChannelHandlerContext.fireChannelRead(CombinedChannelDuplexHandler.java:438)
	io.netty.handler.codec.ByteToMessageDecoder.fireChannelRead(ByteToMessageDecoder.java:323)
	io.netty.handler.codec.ByteToMessageDecoder.fireChannelRead(ByteToMessageDecoder.java:310)
	io.netty.handler.codec.ByteToMessageDecoder.callDecode(ByteToMessageDecoder.java:426)
	io.netty.handler.codec.ByteToMessageDecoder.channelRead(ByteToMessageDecoder.java:278)
	io.netty.channel.CombinedChannelDuplexHandler.channelRead(CombinedChannelDuplexHandler.java:253)
	io.netty.channel.AbstractChannelHandlerContext.invokeChannelRead(AbstractChannelHandlerContext.java:374)
	io.netty.channel.AbstractChannelHandlerContext.invokeChannelRead(AbstractChannelHandlerContext.java:360)
	io.netty.channel.AbstractChannelHandlerContext.fireChannelRead(AbstractChannelHandlerContext.java:352)
	io.netty.channel.DefaultChannelPipeline$HeadContext.channelRead(DefaultChannelPipeline.java:1408)
	io.netty.channel.AbstractChannelHandlerContext.invokeChannelRead(AbstractChannelHandlerContext.java:374)
	io.netty.channel.AbstractChannelHandlerContext.invokeChannelRead(AbstractChannelHandlerContext.java:360)
	io.netty.channel.DefaultChannelPipeline.fireChannelRead(DefaultChannelPipeline.java:930)
	io.netty.channel.nio.AbstractNioByteChannel$NioByteUnsafe.read(AbstractNioByteChannel.java:163)
	io.netty.channel.nio.NioEventLoop.processSelectedKey(NioEventLoop.java:682)
	io.netty.channel.nio.NioEventLoop.processSelectedKeysOptimized(NioEventLoop.java:617)
	io.netty.channel.nio.NioEventLoop.processSelectedKeys(NioEventLoop.java:534)
	io.netty.channel.nio.NioEventLoop.run(NioEventLoop.java:496)
	io.netty.util.concurrent.SingleThreadEventExecutor$5.run(SingleThreadEventExecutor.java:906)
	io.netty.util.internal.ThreadExecutorMap$2.run(ThreadExecutorMap.java:74)
	io.netty.util.concurrent.FastThreadLocalRunnable.run(FastThreadLocalRunnable.java:30)
	java.lang.Thread.run(Thread.java:748)
#5:
	Hint: 'reactor.right.reactiveBridge' will handle the message from this point.
	io.netty.handler.codec.http.DefaultHttpContent.touch(DefaultHttpContent.java:88)
	io.netty.handler.codec.http.DefaultHttpContent.touch(DefaultHttpContent.java:24)
	io.netty.channel.DefaultChannelPipeline.touch(DefaultChannelPipeline.java:116)
	io.netty.channel.AbstractChannelHandlerContext.invokeChannelRead(AbstractChannelHandlerContext.java:357)
	io.netty.channel.AbstractChannelHandlerContext.fireChannelRead(AbstractChannelHandlerContext.java:352)
	reactor.netty.http.server.HttpTrafficHandler.channelRead(HttpTrafficHandler.java:190)
	io.netty.channel.AbstractChannelHandlerContext.invokeChannelRead(AbstractChannelHandlerContext.java:374)
	io.netty.channel.AbstractChannelHandlerContext.invokeChannelRead(AbstractChannelHandlerContext.java:360)
	io.netty.channel.AbstractChannelHandlerContext.fireChannelRead(AbstractChannelHandlerContext.java:352)
	io.netty.channel.CombinedChannelDuplexHandler$DelegatingChannelHandlerContext.fireChannelRead(CombinedChannelDuplexHandler.java:438)
	io.netty.handler.codec.ByteToMessageDecoder.fireChannelRead(ByteToMessageDecoder.java:323)
	io.netty.handler.codec.ByteToMessageDecoder.fireChannelRead(ByteToMessageDecoder.java:310)
	io.netty.handler.codec.ByteToMessageDecoder.callDecode(ByteToMessageDecoder.java:426)
	io.netty.handler.codec.ByteToMessageDecoder.channelRead(ByteToMessageDecoder.java:278)
	io.netty.channel.CombinedChannelDuplexHandler.channelRead(CombinedChannelDuplexHandler.java:253)
	io.netty.channel.AbstractChannelHandlerContext.invokeChannelRead(AbstractChannelHandlerContext.java:374)
	io.netty.channel.AbstractChannelHandlerContext.invokeChannelRead(AbstractChannelHandlerContext.java:360)
	io.netty.channel.AbstractChannelHandlerContext.fireChannelRead(AbstractChannelHandlerContext.java:352)
	io.netty.channel.DefaultChannelPipeline$HeadContext.channelRead(DefaultChannelPipeline.java:1408)
	io.netty.channel.AbstractChannelHandlerContext.invokeChannelRead(AbstractChannelHandlerContext.java:374)
	io.netty.channel.AbstractChannelHandlerContext.invokeChannelRead(AbstractChannelHandlerContext.java:360)
	io.netty.channel.DefaultChannelPipeline.fireChannelRead(DefaultChannelPipeline.java:930)
	io.netty.channel.nio.AbstractNioByteChannel$NioByteUnsafe.read(AbstractNioByteChannel.java:163)
	io.netty.channel.nio.NioEventLoop.processSelectedKey(NioEventLoop.java:682)
	io.netty.channel.nio.NioEventLoop.processSelectedKeysOptimized(NioEventLoop.java:617)
	io.netty.channel.nio.NioEventLoop.processSelectedKeys(NioEventLoop.java:534)
	io.netty.channel.nio.NioEventLoop.run(NioEventLoop.java:496)
	io.netty.util.concurrent.SingleThreadEventExecutor$5.run(SingleThreadEventExecutor.java:906)
	io.netty.util.internal.ThreadExecutorMap$2.run(ThreadExecutorMap.java:74)
	io.netty.util.concurrent.FastThreadLocalRunnable.run(FastThreadLocalRunnable.java:30)
	java.lang.Thread.run(Thread.java:748)
#6:
	Hint: 'reactor.left.httpTrafficHandler' will handle the message from this point.
	io.netty.handler.codec.http.DefaultHttpContent.touch(DefaultHttpContent.java:88)
	io.netty.handler.codec.http.DefaultHttpContent.touch(DefaultHttpContent.java:24)
	io.netty.channel.DefaultChannelPipeline.touch(DefaultChannelPipeline.java:116)
	io.netty.channel.AbstractChannelHandlerContext.invokeChannelRead(AbstractChannelHandlerContext.java:357)
	io.netty.channel.AbstractChannelHandlerContext.fireChannelRead(AbstractChannelHandlerContext.java:352)
	io.netty.channel.CombinedChannelDuplexHandler$DelegatingChannelHandlerContext.fireChannelRead(CombinedChannelDuplexHandler.java:438)
	io.netty.handler.codec.ByteToMessageDecoder.fireChannelRead(ByteToMessageDecoder.java:323)
	io.netty.handler.codec.ByteToMessageDecoder.fireChannelRead(ByteToMessageDecoder.java:310)
	io.netty.handler.codec.ByteToMessageDecoder.callDecode(ByteToMessageDecoder.java:426)
	io.netty.handler.codec.ByteToMessageDecoder.channelRead(ByteToMessageDecoder.java:278)
	io.netty.channel.CombinedChannelDuplexHandler.channelRead(CombinedChannelDuplexHandler.java:253)
	io.netty.channel.AbstractChannelHandlerContext.invokeChannelRead(AbstractChannelHandlerContext.java:374)
	io.netty.channel.AbstractChannelHandlerContext.invokeChannelRead(AbstractChannelHandlerContext.java:360)
	io.netty.channel.AbstractChannelHandlerContext.fireChannelRead(AbstractChannelHandlerContext.java:352)
	io.netty.channel.DefaultChannelPipeline$HeadContext.channelRead(DefaultChannelPipeline.java:1408)
	io.netty.channel.AbstractChannelHandlerContext.invokeChannelRead(AbstractChannelHandlerContext.java:374)
	io.netty.channel.AbstractChannelHandlerContext.invokeChannelRead(AbstractChannelHandlerContext.java:360)
	io.netty.channel.DefaultChannelPipeline.fireChannelRead(DefaultChannelPipeline.java:930)
	io.netty.channel.nio.AbstractNioByteChannel$NioByteUnsafe.read(AbstractNioByteChannel.java:163)
	io.netty.channel.nio.NioEventLoop.processSelectedKey(NioEventLoop.java:682)
	io.netty.channel.nio.NioEventLoop.processSelectedKeysOptimized(NioEventLoop.java:617)
	io.netty.channel.nio.NioEventLoop.processSelectedKeys(NioEventLoop.java:534)
	io.netty.channel.nio.NioEventLoop.run(NioEventLoop.java:496)
	io.netty.util.concurrent.SingleThreadEventExecutor$5.run(SingleThreadEventExecutor.java:906)
	io.netty.util.internal.ThreadExecutorMap$2.run(ThreadExecutorMap.java:74)
	io.netty.util.concurrent.FastThreadLocalRunnable.run(FastThreadLocalRunnable.java:30)
	java.lang.Thread.run(Thread.java:748)
Created at:
	io.netty.buffer.SimpleLeakAwareByteBuf.unwrappedDerived(SimpleLeakAwareByteBuf.java:143)
	io.netty.buffer.SimpleLeakAwareByteBuf.readRetainedSlice(SimpleLeakAwareByteBuf.java:67)
	io.netty.buffer.AdvancedLeakAwareByteBuf.readRetainedSlice(AdvancedLeakAwareByteBuf.java:107)
	io.netty.handler.codec.http.HttpObjectDecoder.decode(HttpObjectDecoder.java:336)
	io.netty.handler.codec.http.HttpServerCodec$HttpServerRequestDecoder.decode(HttpServerCodec.java:103)
	io.netty.handler.codec.ByteToMessageDecoder.decodeRemovalReentryProtection(ByteToMessageDecoder.java:502)
	io.netty.handler.codec.ByteToMessageDecoder.callDecode(ByteToMessageDecoder.java:441)
	io.netty.handler.codec.ByteToMessageDecoder.channelRead(ByteToMessageDecoder.java:278)
	io.netty.channel.CombinedChannelDuplexHandler.channelRead(CombinedChannelDuplexHandler.java:253)
	io.netty.channel.AbstractChannelHandlerContext.invokeChannelRead(AbstractChannelHandlerContext.java:374)
	io.netty.channel.AbstractChannelHandlerContext.invokeChannelRead(AbstractChannelHandlerContext.java:360)
	io.netty.channel.AbstractChannelHandlerContext.fireChannelRead(AbstractChannelHandlerContext.java:352)
	io.netty.channel.DefaultChannelPipeline$HeadContext.channelRead(DefaultChannelPipeline.java:1408)
	io.netty.channel.AbstractChannelHandlerContext.invokeChannelRead(AbstractChannelHandlerContext.java:374)
	io.netty.channel.AbstractChannelHandlerContext.invokeChannelRead(AbstractChannelHandlerContext.java:360)
	io.netty.channel.DefaultChannelPipeline.fireChannelRead(DefaultChannelPipeline.java:930)
	io.netty.channel.nio.AbstractNioByteChannel$NioByteUnsafe.read(AbstractNioByteChannel.java:163)
	io.netty.channel.nio.NioEventLoop.processSelectedKey(NioEventLoop.java:682)
	io.netty.channel.nio.NioEventLoop.processSelectedKeysOptimized(NioEventLoop.java:617)
	io.netty.channel.nio.NioEventLoop.processSelectedKeys(NioEventLoop.java:534)
	io.netty.channel.nio.NioEventLoop.run(NioEventLoop.java:496)
	io.netty.util.concurrent.SingleThreadEventExecutor$5.run(SingleThreadEventExecutor.java:906)
	io.netty.util.internal.ThreadExecutorMap$2.run(ThreadExecutorMap.java:74)
	io.netty.util.concurrent.FastThreadLocalRunnable.run(FastThreadLocalRunnable.java:30)
	java.lang.Thread.run(Thread.java:748)
: 3 leak records were discarded because they were duplicates
: 37 leak records were discarded because the leak record count is targeted to 4. Use system property io.netty.leakDetection.targetRecords to increase the limit.
22:42:59.898 [reactor-http-nio-14] ERROR i.n.u.ResourceLeakDetector - LEAK: ByteBuf.release() was not called before it's garbage-collected. See http://netty.io/wiki/reference-counted-objects.html for more information.
Recent access records: 
#1:
	io.netty.buffer.AdvancedLeakAwareByteBuf.order(AdvancedLeakAwareByteBuf.java:70)
	io.netty.buffer.CompositeByteBuf.newComponent(CompositeByteBuf.java:318)
	io.netty.buffer.CompositeByteBuf.addComponent0(CompositeByteBuf.java:280)
	io.netty.buffer.CompositeByteBuf.addComponent(CompositeByteBuf.java:265)
	io.netty.buffer.CompositeByteBuf.addComponent(CompositeByteBuf.java:222)
	io.netty.buffer.WrappedCompositeByteBuf.addComponent(WrappedCompositeByteBuf.java:529)
	io.netty.buffer.AdvancedLeakAwareCompositeByteBuf.addComponent(AdvancedLeakAwareCompositeByteBuf.java:921)
	org.springframework.core.io.buffer.NettyDataBufferFactory.join(NettyDataBufferFactory.java:111)
	org.springframework.core.io.buffer.DataBufferUtils.joinAndStrip(DataBufferUtils.java:686)
	org.springframework.core.io.buffer.DataBufferUtils.lambda$split$20(DataBufferUtils.java:605)
	reactor.core.publisher.FluxMap$MapConditionalSubscriber.onNext(FluxMap.java:199)
	reactor.core.publisher.FluxBufferPredicate$BufferPredicateSubscriber.emit(FluxBufferPredicate.java:290)
	reactor.core.publisher.FluxBufferPredicate$BufferPredicateSubscriber.onNextNewBuffer(FluxBufferPredicate.java:257)
	reactor.core.publisher.FluxBufferPredicate$BufferPredicateSubscriber.tryOnNext(FluxBufferPredicate.java:211)
	reactor.core.publisher.FluxBufferPredicate$BufferPredicateSubscriber.onNext(FluxBufferPredicate.java:184)
	reactor.core.publisher.FluxFlatMap$FlatMapMain.drainLoop(FluxFlatMap.java:664)
	reactor.core.publisher.FluxFlatMap$FlatMapMain.drain(FluxFlatMap.java:540)
	reactor.core.publisher.FluxFlatMap$FlatMapInner.onSubscribe(FluxFlatMap.java:924)
	reactor.core.publisher.FluxIterable.subscribe(FluxIterable.java:139)
	reactor.core.publisher.FluxIterable.subscribe(FluxIterable.java:63)
	reactor.core.publisher.Flux.subscribe(Flux.java:7922)
	reactor.core.publisher.FluxFlatMap$FlatMapMain.onNext(FluxFlatMap.java:389)
	reactor.core.publisher.FluxConcatMap$ConcatMapImmediate.innerNext(FluxConcatMap.java:275)
	reactor.core.publisher.FluxConcatMap$ConcatMapInner.onNext(FluxConcatMap.java:849)
	reactor.core.publisher.FluxConcatMap$WeakScalarSubscription.request(FluxConcatMap.java:470)
	reactor.core.publisher.Operators$MultiSubscriptionSubscriber.set(Operators.java:1939)
	reactor.core.publisher.FluxConcatMap$ConcatMapImmediate.drain(FluxConcatMap.java:436)
	reactor.core.publisher.FluxConcatMap$ConcatMapImmediate.onNext(FluxConcatMap.java:244)
	reactor.core.publisher.FluxMap$MapSubscriber.onNext(FluxMap.java:114)
	reactor.core.publisher.FluxPeek$PeekSubscriber.onNext(FluxPeek.java:192)
	reactor.core.publisher.FluxMap$MapSubscriber.onNext(FluxMap.java:114)
	reactor.netty.channel.FluxReceive.drainReceiver(FluxReceive.java:206)
	reactor.netty.channel.FluxReceive.onInboundNext(FluxReceive.java:322)
	reactor.netty.channel.ChannelOperations.onInboundNext(ChannelOperations.java:335)
	reactor.netty.http.server.HttpServerOperations.onInboundNext(HttpServerOperations.java:456)
	reactor.netty.channel.ChannelOperationsHandler.channelRead(ChannelOperationsHandler.java:91)
	io.netty.channel.AbstractChannelHandlerContext.invokeChannelRead(AbstractChannelHandlerContext.java:374)
	io.netty.channel.AbstractChannelHandlerContext.invokeChannelRead(AbstractChannelHandlerContext.java:360)
	io.netty.channel.AbstractChannelHandlerContext.fireChannelRead(AbstractChannelHandlerContext.java:352)
	reactor.netty.http.server.HttpTrafficHandler.channelRead(HttpTrafficHandler.java:190)
	io.netty.channel.AbstractChannelHandlerContext.invokeChannelRead(AbstractChannelHandlerContext.java:374)
	io.netty.channel.AbstractChannelHandlerContext.invokeChannelRead(AbstractChannelHandlerContext.java:360)
	io.netty.channel.AbstractChannelHandlerContext.fireChannelRead(AbstractChannelHandlerContext.java:352)
	io.netty.channel.CombinedChannelDuplexHandler$DelegatingChannelHandlerContext.fireChannelRead(CombinedChannelDuplexHandler.java:438)
	io.netty.handler.codec.ByteToMessageDecoder.fireChannelRead(ByteToMessageDecoder.java:323)
	io.netty.handler.codec.ByteToMessageDecoder.fireChannelRead(ByteToMessageDecoder.java:310)
	io.netty.handler.codec.ByteToMessageDecoder.callDecode(ByteToMessageDecoder.java:426)
	io.netty.handler.codec.ByteToMessageDecoder.channelRead(ByteToMessageDecoder.java:278)
	io.netty.channel.CombinedChannelDuplexHandler.channelRead(CombinedChannelDuplexHandler.java:253)
	io.netty.channel.AbstractChannelHandlerContext.invokeChannelRead(AbstractChannelHandlerContext.java:374)
	io.netty.channel.AbstractChannelHandlerContext.invokeChannelRead(AbstractChannelHandlerContext.java:360)
	io.netty.channel.AbstractChannelHandlerContext.fireChannelRead(AbstractChannelHandlerContext.java:352)
	io.netty.channel.DefaultChannelPipeline$HeadContext.channelRead(DefaultChannelPipeline.java:1408)
	io.netty.channel.AbstractChannelHandlerContext.invokeChannelRead(AbstractChannelHandlerContext.java:374)
	io.netty.channel.AbstractChannelHandlerContext.invokeChannelRead(AbstractChannelHandlerContext.java:360)
	io.netty.channel.DefaultChannelPipeline.fireChannelRead(DefaultChannelPipeline.java:930)
	io.netty.channel.nio.AbstractNioByteChannel$NioByteUnsafe.read(AbstractNioByteChannel.java:163)
	io.netty.channel.nio.NioEventLoop.processSelectedKey(NioEventLoop.java:682)
	io.netty.channel.nio.NioEventLoop.processSelectedKeysOptimized(NioEventLoop.java:617)
	io.netty.channel.nio.NioEventLoop.processSelectedKeys(NioEventLoop.java:534)
	io.netty.channel.nio.NioEventLoop.run(NioEventLoop.java:496)
	io.netty.util.concurrent.SingleThreadEventExecutor$5.run(SingleThreadEventExecutor.java:906)
	io.netty.util.internal.ThreadExecutorMap$2.run(ThreadExecutorMap.java:74)
	io.netty.util.concurrent.FastThreadLocalRunnable.run(FastThreadLocalRunnable.java:30)
	java.lang.Thread.run(Thread.java:748)
#2:
	io.netty.buffer.AdvancedLeakAwareByteBuf.getByte(AdvancedLeakAwareByteBuf.java:154)
	org.springframework.core.io.buffer.NettyDataBuffer.getByte(NettyDataBuffer.java:132)
	org.springframework.core.io.buffer.DataBufferUtils$KnuthMorrisPrattMatcher.match(DataBufferUtils.java:1005)
	org.springframework.core.io.buffer.DataBufferUtils.endFrameAfterDelimiter(DataBufferUtils.java:634)
	org.springframework.core.io.buffer.DataBufferUtils.lambda$split$18(DataBufferUtils.java:603)
	reactor.core.publisher.FluxFlatMap$FlatMapMain.onNext(FluxFlatMap.java:350)
	reactor.core.publisher.FluxConcatMap$ConcatMapImmediate.innerNext(FluxConcatMap.java:275)
	reactor.core.publisher.FluxConcatMap$ConcatMapInner.onNext(FluxConcatMap.java:849)
	reactor.core.publisher.FluxConcatMap$WeakScalarSubscription.request(FluxConcatMap.java:470)
	reactor.core.publisher.Operators$MultiSubscriptionSubscriber.set(Operators.java:1939)
	reactor.core.publisher.FluxConcatMap$ConcatMapImmediate.drain(FluxConcatMap.java:436)
	reactor.core.publisher.FluxConcatMap$ConcatMapImmediate.onNext(FluxConcatMap.java:244)
	reactor.core.publisher.FluxMap$MapSubscriber.onNext(FluxMap.java:114)
	reactor.core.publisher.FluxPeek$PeekSubscriber.onNext(FluxPeek.java:192)
	reactor.core.publisher.FluxMap$MapSubscriber.onNext(FluxMap.java:114)
	reactor.netty.channel.FluxReceive.drainReceiver(FluxReceive.java:206)
	reactor.netty.channel.FluxReceive.onInboundNext(FluxReceive.java:322)
	reactor.netty.channel.ChannelOperations.onInboundNext(ChannelOperations.java:335)
	reactor.netty.http.server.HttpServerOperations.onInboundNext(HttpServerOperations.java:456)
	reactor.netty.channel.ChannelOperationsHandler.channelRead(ChannelOperationsHandler.java:91)
	io.netty.channel.AbstractChannelHandlerContext.invokeChannelRead(AbstractChannelHandlerContext.java:374)
	io.netty.channel.AbstractChannelHandlerContext.invokeChannelRead(AbstractChannelHandlerContext.java:360)
	io.netty.channel.AbstractChannelHandlerContext.fireChannelRead(AbstractChannelHandlerContext.java:352)
	reactor.netty.http.server.HttpTrafficHandler.channelRead(HttpTrafficHandler.java:190)
	io.netty.channel.AbstractChannelHandlerContext.invokeChannelRead(AbstractChannelHandlerContext.java:374)
	io.netty.channel.AbstractChannelHandlerContext.invokeChannelRead(AbstractChannelHandlerContext.java:360)
	io.netty.channel.AbstractChannelHandlerContext.fireChannelRead(AbstractChannelHandlerContext.java:352)
	io.netty.channel.CombinedChannelDuplexHandler$DelegatingChannelHandlerContext.fireChannelRead(CombinedChannelDuplexHandler.java:438)
	io.netty.handler.codec.ByteToMessageDecoder.fireChannelRead(ByteToMessageDecoder.java:323)
	io.netty.handler.codec.ByteToMessageDecoder.fireChannelRead(ByteToMessageDecoder.java:310)
	io.netty.handler.codec.ByteToMessageDecoder.callDecode(ByteToMessageDecoder.java:426)
	io.netty.handler.codec.ByteToMessageDecoder.channelRead(ByteToMessageDecoder.java:278)
	io.netty.channel.CombinedChannelDuplexHandler.channelRead(CombinedChannelDuplexHandler.java:253)
	io.netty.channel.AbstractChannelHandlerContext.invokeChannelRead(AbstractChannelHandlerContext.java:374)
	io.netty.channel.AbstractChannelHandlerContext.invokeChannelRead(AbstractChannelHandlerContext.java:360)
	io.netty.channel.AbstractChannelHandlerContext.fireChannelRead(AbstractChannelHandlerContext.java:352)
	io.netty.channel.DefaultChannelPipeline$HeadContext.channelRead(DefaultChannelPipeline.java:1408)
	io.netty.channel.AbstractChannelHandlerContext.invokeChannelRead(AbstractChannelHandlerContext.java:374)
	io.netty.channel.AbstractChannelHandlerContext.invokeChannelRead(AbstractChannelHandlerContext.java:360)
	io.netty.channel.DefaultChannelPipeline.fireChannelRead(DefaultChannelPipeline.java:930)
	io.netty.channel.nio.AbstractNioByteChannel$NioByteUnsafe.read(AbstractNioByteChannel.java:163)
	io.netty.channel.nio.NioEventLoop.processSelectedKey(NioEventLoop.java:682)
	io.netty.channel.nio.NioEventLoop.processSelectedKeysOptimized(NioEventLoop.java:617)
	io.netty.channel.nio.NioEventLoop.processSelectedKeys(NioEventLoop.java:534)
	io.netty.channel.nio.NioEventLoop.run(NioEventLoop.java:496)
	io.netty.util.concurrent.SingleThreadEventExecutor$5.run(SingleThreadEventExecutor.java:906)
	io.netty.util.internal.ThreadExecutorMap$2.run(ThreadExecutorMap.java:74)
	io.netty.util.concurrent.FastThreadLocalRunnable.run(FastThreadLocalRunnable.java:30)
	java.lang.Thread.run(Thread.java:748)
#3:
	reactor.core.publisher.FluxPeek$PeekSubscriber.onNext(FluxPeek.java:177)
	reactor.core.publisher.FluxMap$MapSubscriber.onNext(FluxMap.java:114)
	reactor.netty.channel.FluxReceive.drainReceiver(FluxReceive.java:206)
	reactor.netty.channel.FluxReceive.onInboundNext(FluxReceive.java:322)
	reactor.netty.channel.ChannelOperations.onInboundNext(ChannelOperations.java:335)
	reactor.netty.http.server.HttpServerOperations.onInboundNext(HttpServerOperations.java:456)
	reactor.netty.channel.ChannelOperationsHandler.channelRead(ChannelOperationsHandler.java:91)
	io.netty.channel.AbstractChannelHandlerContext.invokeChannelRead(AbstractChannelHandlerContext.java:374)
	io.netty.channel.AbstractChannelHandlerContext.invokeChannelRead(AbstractChannelHandlerContext.java:360)
	io.netty.channel.AbstractChannelHandlerContext.fireChannelRead(AbstractChannelHandlerContext.java:352)
	reactor.netty.http.server.HttpTrafficHandler.channelRead(HttpTrafficHandler.java:190)
	io.netty.channel.AbstractChannelHandlerContext.invokeChannelRead(AbstractChannelHandlerContext.java:374)
	io.netty.channel.AbstractChannelHandlerContext.invokeChannelRead(AbstractChannelHandlerContext.java:360)
	io.netty.channel.AbstractChannelHandlerContext.fireChannelRead(AbstractChannelHandlerContext.java:352)
	io.netty.channel.CombinedChannelDuplexHandler$DelegatingChannelHandlerContext.fireChannelRead(CombinedChannelDuplexHandler.java:438)
	io.netty.handler.codec.ByteToMessageDecoder.fireChannelRead(ByteToMessageDecoder.java:323)
	io.netty.handler.codec.ByteToMessageDecoder.fireChannelRead(ByteToMessageDecoder.java:310)
	io.netty.handler.codec.ByteToMessageDecoder.callDecode(ByteToMessageDecoder.java:426)
	io.netty.handler.codec.ByteToMessageDecoder.channelRead(ByteToMessageDecoder.java:278)
	io.netty.channel.CombinedChannelDuplexHandler.channelRead(CombinedChannelDuplexHandler.java:253)
	io.netty.channel.AbstractChannelHandlerContext.invokeChannelRead(AbstractChannelHandlerContext.java:374)
	io.netty.channel.AbstractChannelHandlerContext.invokeChannelRead(AbstractChannelHandlerContext.java:360)
	io.netty.channel.AbstractChannelHandlerContext.fireChannelRead(AbstractChannelHandlerContext.java:352)
	io.netty.channel.DefaultChannelPipeline$HeadContext.channelRead(DefaultChannelPipeline.java:1408)
	io.netty.channel.AbstractChannelHandlerContext.invokeChannelRead(AbstractChannelHandlerContext.java:374)
	io.netty.channel.AbstractChannelHandlerContext.invokeChannelRead(AbstractChannelHandlerContext.java:360)
	io.netty.channel.DefaultChannelPipeline.fireChannelRead(DefaultChannelPipeline.java:930)
	io.netty.channel.nio.AbstractNioByteChannel$NioByteUnsafe.read(AbstractNioByteChannel.java:163)
	io.netty.channel.nio.NioEventLoop.processSelectedKey(NioEventLoop.java:682)
	io.netty.channel.nio.NioEventLoop.processSelectedKeysOptimized(NioEventLoop.java:617)
	io.netty.channel.nio.NioEventLoop.processSelectedKeys(NioEventLoop.java:534)
	io.netty.channel.nio.NioEventLoop.run(NioEventLoop.java:496)
	io.netty.util.concurrent.SingleThreadEventExecutor$5.run(SingleThreadEventExecutor.java:906)
	io.netty.util.internal.ThreadExecutorMap$2.run(ThreadExecutorMap.java:74)
	io.netty.util.concurrent.FastThreadLocalRunnable.run(FastThreadLocalRunnable.java:30)
	java.lang.Thread.run(Thread.java:748)
#4:
	Hint: 'reactor.right.reactiveBridge' will handle the message from this point.
	io.netty.handler.codec.http.DefaultHttpContent.touch(DefaultHttpContent.java:88)
	io.netty.handler.codec.http.DefaultHttpContent.touch(DefaultHttpContent.java:24)
	io.netty.channel.DefaultChannelPipeline.touch(DefaultChannelPipeline.java:116)
	io.netty.channel.AbstractChannelHandlerContext.invokeChannelRead(AbstractChannelHandlerContext.java:357)
	io.netty.channel.AbstractChannelHandlerContext.fireChannelRead(AbstractChannelHandlerContext.java:352)
	reactor.netty.http.server.HttpTrafficHandler.channelRead(HttpTrafficHandler.java:190)
	io.netty.channel.AbstractChannelHandlerContext.invokeChannelRead(AbstractChannelHandlerContext.java:374)
	io.netty.channel.AbstractChannelHandlerContext.invokeChannelRead(AbstractChannelHandlerContext.java:360)
	io.netty.channel.AbstractChannelHandlerContext.fireChannelRead(AbstractChannelHandlerContext.java:352)
	io.netty.channel.CombinedChannelDuplexHandler$DelegatingChannelHandlerContext.fireChannelRead(CombinedChannelDuplexHandler.java:438)
	io.netty.handler.codec.ByteToMessageDecoder.fireChannelRead(ByteToMessageDecoder.java:323)
	io.netty.handler.codec.ByteToMessageDecoder.fireChannelRead(ByteToMessageDecoder.java:310)
	io.netty.handler.codec.ByteToMessageDecoder.callDecode(ByteToMessageDecoder.java:426)
	io.netty.handler.codec.ByteToMessageDecoder.channelRead(ByteToMessageDecoder.java:278)
	io.netty.channel.CombinedChannelDuplexHandler.channelRead(CombinedChannelDuplexHandler.java:253)
	io.netty.channel.AbstractChannelHandlerContext.invokeChannelRead(AbstractChannelHandlerContext.java:374)
	io.netty.channel.AbstractChannelHandlerContext.invokeChannelRead(AbstractChannelHandlerContext.java:360)
	io.netty.channel.AbstractChannelHandlerContext.fireChannelRead(AbstractChannelHandlerContext.java:352)
	io.netty.channel.DefaultChannelPipeline$HeadContext.channelRead(DefaultChannelPipeline.java:1408)
	io.netty.channel.AbstractChannelHandlerContext.invokeChannelRead(AbstractChannelHandlerContext.java:374)
	io.netty.channel.AbstractChannelHandlerContext.invokeChannelRead(AbstractChannelHandlerContext.java:360)
	io.netty.channel.DefaultChannelPipeline.fireChannelRead(DefaultChannelPipeline.java:930)
	io.netty.channel.nio.AbstractNioByteChannel$NioByteUnsafe.read(AbstractNioByteChannel.java:163)
	io.netty.channel.nio.NioEventLoop.processSelectedKey(NioEventLoop.java:682)
	io.netty.channel.nio.NioEventLoop.processSelectedKeysOptimized(NioEventLoop.java:617)
	io.netty.channel.nio.NioEventLoop.processSelectedKeys(NioEventLoop.java:534)
	io.netty.channel.nio.NioEventLoop.run(NioEventLoop.java:496)
	io.netty.util.concurrent.SingleThreadEventExecutor$5.run(SingleThreadEventExecutor.java:906)
	io.netty.util.internal.ThreadExecutorMap$2.run(ThreadExecutorMap.java:74)
	io.netty.util.concurrent.FastThreadLocalRunnable.run(FastThreadLocalRunnable.java:30)
	java.lang.Thread.run(Thread.java:748)
#5:
	Hint: 'reactor.left.httpTrafficHandler' will handle the message from this point.
	io.netty.handler.codec.http.DefaultHttpContent.touch(DefaultHttpContent.java:88)
	io.netty.handler.codec.http.DefaultHttpContent.touch(DefaultHttpContent.java:24)
	io.netty.channel.DefaultChannelPipeline.touch(DefaultChannelPipeline.java:116)
	io.netty.channel.AbstractChannelHandlerContext.invokeChannelRead(AbstractChannelHandlerContext.java:357)
	io.netty.channel.AbstractChannelHandlerContext.fireChannelRead(AbstractChannelHandlerContext.java:352)
	io.netty.channel.CombinedChannelDuplexHandler$DelegatingChannelHandlerContext.fireChannelRead(CombinedChannelDuplexHandler.java:438)
	io.netty.handler.codec.ByteToMessageDecoder.fireChannelRead(ByteToMessageDecoder.java:323)
	io.netty.handler.codec.ByteToMessageDecoder.fireChannelRead(ByteToMessageDecoder.java:310)
	io.netty.handler.codec.ByteToMessageDecoder.callDecode(ByteToMessageDecoder.java:426)
	io.netty.handler.codec.ByteToMessageDecoder.channelRead(ByteToMessageDecoder.java:278)
	io.netty.channel.CombinedChannelDuplexHandler.channelRead(CombinedChannelDuplexHandler.java:253)
	io.netty.channel.AbstractChannelHandlerContext.invokeChannelRead(AbstractChannelHandlerContext.java:374)
	io.netty.channel.AbstractChannelHandlerContext.invokeChannelRead(AbstractChannelHandlerContext.java:360)
	io.netty.channel.AbstractChannelHandlerContext.fireChannelRead(AbstractChannelHandlerContext.java:352)
	io.netty.channel.DefaultChannelPipeline$HeadContext.channelRead(DefaultChannelPipeline.java:1408)
	io.netty.channel.AbstractChannelHandlerContext.invokeChannelRead(AbstractChannelHandlerContext.java:374)
	io.netty.channel.AbstractChannelHandlerContext.invokeChannelRead(AbstractChannelHandlerContext.java:360)
	io.netty.channel.DefaultChannelPipeline.fireChannelRead(DefaultChannelPipeline.java:930)
	io.netty.channel.nio.AbstractNioByteChannel$NioByteUnsafe.read(AbstractNioByteChannel.java:163)
	io.netty.channel.nio.NioEventLoop.processSelectedKey(NioEventLoop.java:682)
	io.netty.channel.nio.NioEventLoop.processSelectedKeysOptimized(NioEventLoop.java:617)
	io.netty.channel.nio.NioEventLoop.processSelectedKeys(NioEventLoop.java:534)
	io.netty.channel.nio.NioEventLoop.run(NioEventLoop.java:496)
	io.netty.util.concurrent.SingleThreadEventExecutor$5.run(SingleThreadEventExecutor.java:906)
	io.netty.util.internal.ThreadExecutorMap$2.run(ThreadExecutorMap.java:74)
	io.netty.util.concurrent.FastThreadLocalRunnable.run(FastThreadLocalRunnable.java:30)
	java.lang.Thread.run(Thread.java:748)
Created at:
	io.netty.buffer.SimpleLeakAwareByteBuf.unwrappedDerived(SimpleLeakAwareByteBuf.java:143)
	io.netty.buffer.SimpleLeakAwareByteBuf.readRetainedSlice(SimpleLeakAwareByteBuf.java:67)
	io.netty.buffer.AdvancedLeakAwareByteBuf.readRetainedSlice(AdvancedLeakAwareByteBuf.java:107)
	io.netty.handler.codec.http.HttpObjectDecoder.decode(HttpObjectDecoder.java:336)
	io.netty.handler.codec.http.HttpServerCodec$HttpServerRequestDecoder.decode(HttpServerCodec.java:103)
	io.netty.handler.codec.ByteToMessageDecoder.decodeRemovalReentryProtection(ByteToMessageDecoder.java:502)
	io.netty.handler.codec.ByteToMessageDecoder.callDecode(ByteToMessageDecoder.java:441)
	io.netty.handler.codec.ByteToMessageDecoder.channelRead(ByteToMessageDecoder.java:278)
	io.netty.channel.CombinedChannelDuplexHandler.channelRead(CombinedChannelDuplexHandler.java:253)
	io.netty.channel.AbstractChannelHandlerContext.invokeChannelRead(AbstractChannelHandlerContext.java:374)
	io.netty.channel.AbstractChannelHandlerContext.invokeChannelRead(AbstractChannelHandlerContext.java:360)
	io.netty.channel.AbstractChannelHandlerContext.fireChannelRead(AbstractChannelHandlerContext.java:352)
	io.netty.channel.DefaultChannelPipeline$HeadContext.channelRead(DefaultChannelPipeline.java:1408)
	io.netty.channel.AbstractChannelHandlerContext.invokeChannelRead(AbstractChannelHandlerContext.java:374)
	io.netty.channel.AbstractChannelHandlerContext.invokeChannelRead(AbstractChannelHandlerContext.java:360)
	io.netty.channel.DefaultChannelPipeline.fireChannelRead(DefaultChannelPipeline.java:930)
	io.netty.channel.nio.AbstractNioByteChannel$NioByteUnsafe.read(AbstractNioByteChannel.java:163)
	io.netty.channel.nio.NioEventLoop.processSelectedKey(NioEventLoop.java:682)
	io.netty.channel.nio.NioEventLoop.processSelectedKeysOptimized(NioEventLoop.java:617)
	io.netty.channel.nio.NioEventLoop.processSelectedKeys(NioEventLoop.java:534)
	io.netty.channel.nio.NioEventLoop.run(NioEventLoop.java:496)
	io.netty.util.concurrent.SingleThreadEventExecutor$5.run(SingleThreadEventExecutor.java:906)
	io.netty.util.internal.ThreadExecutorMap$2.run(ThreadExecutorMap.java:74)
	io.netty.util.concurrent.FastThreadLocalRunnable.run(FastThreadLocalRunnable.java:30)
	java.lang.Thread.run(Thread.java:748)
: 7 leak records were discarded because they were duplicates
: 1395 leak records were discarded because the leak record count is targeted to 4. Use system property io.netty.leakDetection.targetRecords to increase the limit.
22:42:59.902 [reactor-http-nio-14] ERROR i.n.u.ResourceLeakDetector - LEAK: ByteBuf.release() was not called before it's garbage-collected. See http://netty.io/wiki/reference-counted-objects.html for more information.
Recent access records: 
#1:
	io.netty.buffer.AdvancedLeakAwareByteBuf.order(AdvancedLeakAwareByteBuf.java:70)
	io.netty.buffer.CompositeByteBuf.newComponent(CompositeByteBuf.java:318)
	io.netty.buffer.CompositeByteBuf.addComponent0(CompositeByteBuf.java:280)
	io.netty.buffer.CompositeByteBuf.addComponent(CompositeByteBuf.java:265)
	io.netty.buffer.CompositeByteBuf.addComponent(CompositeByteBuf.java:222)
	io.netty.buffer.WrappedCompositeByteBuf.addComponent(WrappedCompositeByteBuf.java:529)
	io.netty.buffer.AdvancedLeakAwareCompositeByteBuf.addComponent(AdvancedLeakAwareCompositeByteBuf.java:921)
	org.springframework.core.io.buffer.NettyDataBufferFactory.join(NettyDataBufferFactory.java:111)
	org.springframework.core.io.buffer.DataBufferUtils.joinAndStrip(DataBufferUtils.java:686)
	org.springframework.core.io.buffer.DataBufferUtils.lambda$split$20(DataBufferUtils.java:605)
	reactor.core.publisher.FluxMap$MapConditionalSubscriber.onNext(FluxMap.java:199)
	reactor.core.publisher.FluxBufferPredicate$BufferPredicateSubscriber.emit(FluxBufferPredicate.java:290)
	reactor.core.publisher.FluxBufferPredicate$BufferPredicateSubscriber.onNextNewBuffer(FluxBufferPredicate.java:257)
	reactor.core.publisher.FluxBufferPredicate$BufferPredicateSubscriber.tryOnNext(FluxBufferPredicate.java:211)
	reactor.core.publisher.FluxBufferPredicate$BufferPredicateSubscriber.onNext(FluxBufferPredicate.java:184)
	reactor.core.publisher.FluxFlatMap$FlatMapMain.drainLoop(FluxFlatMap.java:664)
	reactor.core.publisher.FluxFlatMap$FlatMapMain.drain(FluxFlatMap.java:540)
	reactor.core.publisher.FluxFlatMap$FlatMapInner.onSubscribe(FluxFlatMap.java:924)
	reactor.core.publisher.FluxIterable.subscribe(FluxIterable.java:139)
	reactor.core.publisher.FluxIterable.subscribe(FluxIterable.java:63)
	reactor.core.publisher.Flux.subscribe(Flux.java:7922)
	reactor.core.publisher.FluxFlatMap$FlatMapMain.onNext(FluxFlatMap.java:389)
	reactor.core.publisher.FluxConcatMap$ConcatMapImmediate.innerNext(FluxConcatMap.java:275)
	reactor.core.publisher.FluxConcatMap$ConcatMapInner.onNext(FluxConcatMap.java:849)
	reactor.core.publisher.FluxConcatMap$WeakScalarSubscription.request(FluxConcatMap.java:470)
	reactor.core.publisher.Operators$MultiSubscriptionSubscriber.set(Operators.java:1939)
	reactor.core.publisher.FluxConcatMap$ConcatMapImmediate.drain(FluxConcatMap.java:436)
	reactor.core.publisher.FluxConcatMap$ConcatMapImmediate.onNext(FluxConcatMap.java:244)
	reactor.core.publisher.FluxMap$MapSubscriber.onNext(FluxMap.java:114)
	reactor.core.publisher.FluxPeek$PeekSubscriber.onNext(FluxPeek.java:192)
	reactor.core.publisher.FluxMap$MapSubscriber.onNext(FluxMap.java:114)
	reactor.netty.channel.FluxReceive.drainReceiver(FluxReceive.java:206)
	reactor.netty.channel.FluxReceive.onInboundNext(FluxReceive.java:322)
	reactor.netty.channel.ChannelOperations.onInboundNext(ChannelOperations.java:335)
	reactor.netty.http.server.HttpServerOperations.onInboundNext(HttpServerOperations.java:456)
	reactor.netty.channel.ChannelOperationsHandler.channelRead(ChannelOperationsHandler.java:91)
	io.netty.channel.AbstractChannelHandlerContext.invokeChannelRead(AbstractChannelHandlerContext.java:374)
	io.netty.channel.AbstractChannelHandlerContext.invokeChannelRead(AbstractChannelHandlerContext.java:360)
	io.netty.channel.AbstractChannelHandlerContext.fireChannelRead(AbstractChannelHandlerContext.java:352)
	reactor.netty.http.server.HttpTrafficHandler.channelRead(HttpTrafficHandler.java:190)
	io.netty.channel.AbstractChannelHandlerContext.invokeChannelRead(AbstractChannelHandlerContext.java:374)
	io.netty.channel.AbstractChannelHandlerContext.invokeChannelRead(AbstractChannelHandlerContext.java:360)
	io.netty.channel.AbstractChannelHandlerContext.fireChannelRead(AbstractChannelHandlerContext.java:352)
	io.netty.channel.CombinedChannelDuplexHandler$DelegatingChannelHandlerContext.fireChannelRead(CombinedChannelDuplexHandler.java:438)
	io.netty.handler.codec.ByteToMessageDecoder.fireChannelRead(ByteToMessageDecoder.java:323)
	io.netty.handler.codec.ByteToMessageDecoder.fireChannelRead(ByteToMessageDecoder.java:310)
	io.netty.handler.codec.ByteToMessageDecoder.callDecode(ByteToMessageDecoder.java:426)
	io.netty.handler.codec.ByteToMessageDecoder.channelRead(ByteToMessageDecoder.java:278)
	io.netty.channel.CombinedChannelDuplexHandler.channelRead(CombinedChannelDuplexHandler.java:253)
	io.netty.channel.AbstractChannelHandlerContext.invokeChannelRead(AbstractChannelHandlerContext.java:374)
	io.netty.channel.AbstractChannelHandlerContext.invokeChannelRead(AbstractChannelHandlerContext.java:360)
	io.netty.channel.AbstractChannelHandlerContext.fireChannelRead(AbstractChannelHandlerContext.java:352)
	io.netty.channel.DefaultChannelPipeline$HeadContext.channelRead(DefaultChannelPipeline.java:1408)
	io.netty.channel.AbstractChannelHandlerContext.invokeChannelRead(AbstractChannelHandlerContext.java:374)
	io.netty.channel.AbstractChannelHandlerContext.invokeChannelRead(AbstractChannelHandlerContext.java:360)
	io.netty.channel.DefaultChannelPipeline.fireChannelRead(DefaultChannelPipeline.java:930)
	io.netty.channel.nio.AbstractNioByteChannel$NioByteUnsafe.read(AbstractNioByteChannel.java:163)
	io.netty.channel.nio.NioEventLoop.processSelectedKey(NioEventLoop.java:682)
	io.netty.channel.nio.NioEventLoop.processSelectedKeysOptimized(NioEventLoop.java:617)
	io.netty.channel.nio.NioEventLoop.processSelectedKeys(NioEventLoop.java:534)
	io.netty.channel.nio.NioEventLoop.run(NioEventLoop.java:496)
	io.netty.util.concurrent.SingleThreadEventExecutor$5.run(SingleThreadEventExecutor.java:906)
	io.netty.util.internal.ThreadExecutorMap$2.run(ThreadExecutorMap.java:74)
	io.netty.util.concurrent.FastThreadLocalRunnable.run(FastThreadLocalRunnable.java:30)
	java.lang.Thread.run(Thread.java:748)
#2:
	io.netty.buffer.AdvancedLeakAwareByteBuf.getByte(AdvancedLeakAwareByteBuf.java:154)
	org.springframework.core.io.buffer.NettyDataBuffer.getByte(NettyDataBuffer.java:132)
	org.springframework.core.io.buffer.DataBufferUtils$KnuthMorrisPrattMatcher.match(DataBufferUtils.java:1005)
	org.springframework.core.io.buffer.DataBufferUtils.endFrameAfterDelimiter(DataBufferUtils.java:634)
	org.springframework.core.io.buffer.DataBufferUtils.lambda$split$18(DataBufferUtils.java:603)
	reactor.core.publisher.FluxFlatMap$FlatMapMain.onNext(FluxFlatMap.java:350)
	reactor.core.publisher.FluxConcatMap$ConcatMapImmediate.innerNext(FluxConcatMap.java:275)
	reactor.core.publisher.FluxConcatMap$ConcatMapInner.onNext(FluxConcatMap.java:849)
	reactor.core.publisher.FluxConcatMap$WeakScalarSubscription.request(FluxConcatMap.java:470)
	reactor.core.publisher.Operators$MultiSubscriptionSubscriber.set(Operators.java:1939)
	reactor.core.publisher.FluxConcatMap$ConcatMapImmediate.drain(FluxConcatMap.java:436)
	reactor.core.publisher.FluxConcatMap$ConcatMapImmediate.onNext(FluxConcatMap.java:244)
	reactor.core.publisher.FluxMap$MapSubscriber.onNext(FluxMap.java:114)
	reactor.core.publisher.FluxPeek$PeekSubscriber.onNext(FluxPeek.java:192)
	reactor.core.publisher.FluxMap$MapSubscriber.onNext(FluxMap.java:114)
	reactor.netty.channel.FluxReceive.drainReceiver(FluxReceive.java:206)
	reactor.netty.channel.FluxReceive.onInboundNext(FluxReceive.java:322)
	reactor.netty.channel.ChannelOperations.onInboundNext(ChannelOperations.java:335)
	reactor.netty.http.server.HttpServerOperations.onInboundNext(HttpServerOperations.java:456)
	reactor.netty.channel.ChannelOperationsHandler.channelRead(ChannelOperationsHandler.java:91)
	io.netty.channel.AbstractChannelHandlerContext.invokeChannelRead(AbstractChannelHandlerContext.java:374)
	io.netty.channel.AbstractChannelHandlerContext.invokeChannelRead(AbstractChannelHandlerContext.java:360)
	io.netty.channel.AbstractChannelHandlerContext.fireChannelRead(AbstractChannelHandlerContext.java:352)
	reactor.netty.http.server.HttpTrafficHandler.channelRead(HttpTrafficHandler.java:190)
	io.netty.channel.AbstractChannelHandlerContext.invokeChannelRead(AbstractChannelHandlerContext.java:374)
	io.netty.channel.AbstractChannelHandlerContext.invokeChannelRead(AbstractChannelHandlerContext.java:360)
	io.netty.channel.AbstractChannelHandlerContext.fireChannelRead(AbstractChannelHandlerContext.java:352)
	io.netty.channel.CombinedChannelDuplexHandler$DelegatingChannelHandlerContext.fireChannelRead(CombinedChannelDuplexHandler.java:438)
	io.netty.handler.codec.ByteToMessageDecoder.fireChannelRead(ByteToMessageDecoder.java:323)
	io.netty.handler.codec.ByteToMessageDecoder.fireChannelRead(ByteToMessageDecoder.java:310)
	io.netty.handler.codec.ByteToMessageDecoder.callDecode(ByteToMessageDecoder.java:426)
	io.netty.handler.codec.ByteToMessageDecoder.channelRead(ByteToMessageDecoder.java:278)
	io.netty.channel.CombinedChannelDuplexHandler.channelRead(CombinedChannelDuplexHandler.java:253)
	io.netty.channel.AbstractChannelHandlerContext.invokeChannelRead(AbstractChannelHandlerContext.java:374)
	io.netty.channel.AbstractChannelHandlerContext.invokeChannelRead(AbstractChannelHandlerContext.java:360)
	io.netty.channel.AbstractChannelHandlerContext.fireChannelRead(AbstractChannelHandlerContext.java:352)
	io.netty.channel.DefaultChannelPipeline$HeadContext.channelRead(DefaultChannelPipeline.java:1408)
	io.netty.channel.AbstractChannelHandlerContext.invokeChannelRead(AbstractChannelHandlerContext.java:374)
	io.netty.channel.AbstractChannelHandlerContext.invokeChannelRead(AbstractChannelHandlerContext.java:360)
	io.netty.channel.DefaultChannelPipeline.fireChannelRead(DefaultChannelPipeline.java:930)
	io.netty.channel.nio.AbstractNioByteChannel$NioByteUnsafe.read(AbstractNioByteChannel.java:163)
	io.netty.channel.nio.NioEventLoop.processSelectedKey(NioEventLoop.java:682)
	io.netty.channel.nio.NioEventLoop.processSelectedKeysOptimized(NioEventLoop.java:617)
	io.netty.channel.nio.NioEventLoop.processSelectedKeys(NioEventLoop.java:534)
	io.netty.channel.nio.NioEventLoop.run(NioEventLoop.java:496)
	io.netty.util.concurrent.SingleThreadEventExecutor$5.run(SingleThreadEventExecutor.java:906)
	io.netty.util.internal.ThreadExecutorMap$2.run(ThreadExecutorMap.java:74)
	io.netty.util.concurrent.FastThreadLocalRunnable.run(FastThreadLocalRunnable.java:30)
	java.lang.Thread.run(Thread.java:748)
#3:
	org.springframework.core.io.buffer.NettyDataBufferFactory.wrap(NettyDataBufferFactory.java:93)
	reactor.core.publisher.FluxMap$MapSubscriber.onNext(FluxMap.java:100)
	reactor.core.publisher.FluxPeek$PeekSubscriber.onNext(FluxPeek.java:192)
	reactor.core.publisher.FluxMap$MapSubscriber.onNext(FluxMap.java:114)
	reactor.netty.channel.FluxReceive.drainReceiver(FluxReceive.java:206)
	reactor.netty.channel.FluxReceive.onInboundNext(FluxReceive.java:322)
	reactor.netty.channel.ChannelOperations.onInboundNext(ChannelOperations.java:335)
	reactor.netty.http.server.HttpServerOperations.onInboundNext(HttpServerOperations.java:456)
	reactor.netty.channel.ChannelOperationsHandler.channelRead(ChannelOperationsHandler.java:91)
	io.netty.channel.AbstractChannelHandlerContext.invokeChannelRead(AbstractChannelHandlerContext.java:374)
	io.netty.channel.AbstractChannelHandlerContext.invokeChannelRead(AbstractChannelHandlerContext.java:360)
	io.netty.channel.AbstractChannelHandlerContext.fireChannelRead(AbstractChannelHandlerContext.java:352)
	reactor.netty.http.server.HttpTrafficHandler.channelRead(HttpTrafficHandler.java:190)
	io.netty.channel.AbstractChannelHandlerContext.invokeChannelRead(AbstractChannelHandlerContext.java:374)
	io.netty.channel.AbstractChannelHandlerContext.invokeChannelRead(AbstractChannelHandlerContext.java:360)
	io.netty.channel.AbstractChannelHandlerContext.fireChannelRead(AbstractChannelHandlerContext.java:352)
	io.netty.channel.CombinedChannelDuplexHandler$DelegatingChannelHandlerContext.fireChannelRead(CombinedChannelDuplexHandler.java:438)
	io.netty.handler.codec.ByteToMessageDecoder.fireChannelRead(ByteToMessageDecoder.java:323)
	io.netty.handler.codec.ByteToMessageDecoder.fireChannelRead(ByteToMessageDecoder.java:310)
	io.netty.handler.codec.ByteToMessageDecoder.callDecode(ByteToMessageDecoder.java:426)
	io.netty.handler.codec.ByteToMessageDecoder.channelRead(ByteToMessageDecoder.java:278)
	io.netty.channel.CombinedChannelDuplexHandler.channelRead(CombinedChannelDuplexHandler.java:253)
	io.netty.channel.AbstractChannelHandlerContext.invokeChannelRead(AbstractChannelHandlerContext.java:374)
	io.netty.channel.AbstractChannelHandlerContext.invokeChannelRead(AbstractChannelHandlerContext.java:360)
	io.netty.channel.AbstractChannelHandlerContext.fireChannelRead(AbstractChannelHandlerContext.java:352)
	io.netty.channel.DefaultChannelPipeline$HeadContext.channelRead(DefaultChannelPipeline.java:1408)
	io.netty.channel.AbstractChannelHandlerContext.invokeChannelRead(AbstractChannelHandlerContext.java:374)
	io.netty.channel.AbstractChannelHandlerContext.invokeChannelRead(AbstractChannelHandlerContext.java:360)
	io.netty.channel.DefaultChannelPipeline.fireChannelRead(DefaultChannelPipeline.java:930)
	io.netty.channel.nio.AbstractNioByteChannel$NioByteUnsafe.read(AbstractNioByteChannel.java:163)
	io.netty.channel.nio.NioEventLoop.processSelectedKey(NioEventLoop.java:682)
	io.netty.channel.nio.NioEventLoop.processSelectedKeysOptimized(NioEventLoop.java:617)
	io.netty.channel.nio.NioEventLoop.processSelectedKeys(NioEventLoop.java:534)
	io.netty.channel.nio.NioEventLoop.run(NioEventLoop.java:496)
	io.netty.util.concurrent.SingleThreadEventExecutor$5.run(SingleThreadEventExecutor.java:906)
	io.netty.util.internal.ThreadExecutorMap$2.run(ThreadExecutorMap.java:74)
	io.netty.util.concurrent.FastThreadLocalRunnable.run(FastThreadLocalRunnable.java:30)
	java.lang.Thread.run(Thread.java:748)
#4:
	reactor.core.publisher.FluxPeek$PeekSubscriber.onNext(FluxPeek.java:177)
	reactor.core.publisher.FluxMap$MapSubscriber.onNext(FluxMap.java:114)
	reactor.netty.channel.FluxReceive.drainReceiver(FluxReceive.java:206)
	reactor.netty.channel.FluxReceive.onInboundNext(FluxReceive.java:322)
	reactor.netty.channel.ChannelOperations.onInboundNext(ChannelOperations.java:335)
	reactor.netty.http.server.HttpServerOperations.onInboundNext(HttpServerOperations.java:456)
	reactor.netty.channel.ChannelOperationsHandler.channelRead(ChannelOperationsHandler.java:91)
	io.netty.channel.AbstractChannelHandlerContext.invokeChannelRead(AbstractChannelHandlerContext.java:374)
	io.netty.channel.AbstractChannelHandlerContext.invokeChannelRead(AbstractChannelHandlerContext.java:360)
	io.netty.channel.AbstractChannelHandlerContext.fireChannelRead(AbstractChannelHandlerContext.java:352)
	reactor.netty.http.server.HttpTrafficHandler.channelRead(HttpTrafficHandler.java:190)
	io.netty.channel.AbstractChannelHandlerContext.invokeChannelRead(AbstractChannelHandlerContext.java:374)
	io.netty.channel.AbstractChannelHandlerContext.invokeChannelRead(AbstractChannelHandlerContext.java:360)
	io.netty.channel.AbstractChannelHandlerContext.fireChannelRead(AbstractChannelHandlerContext.java:352)
	io.netty.channel.CombinedChannelDuplexHandler$DelegatingChannelHandlerContext.fireChannelRead(CombinedChannelDuplexHandler.java:438)
	io.netty.handler.codec.ByteToMessageDecoder.fireChannelRead(ByteToMessageDecoder.java:323)
	io.netty.handler.codec.ByteToMessageDecoder.fireChannelRead(ByteToMessageDecoder.java:310)
	io.netty.handler.codec.ByteToMessageDecoder.callDecode(ByteToMessageDecoder.java:426)
	io.netty.handler.codec.ByteToMessageDecoder.channelRead(ByteToMessageDecoder.java:278)
	io.netty.channel.CombinedChannelDuplexHandler.channelRead(CombinedChannelDuplexHandler.java:253)
	io.netty.channel.AbstractChannelHandlerContext.invokeChannelRead(AbstractChannelHandlerContext.java:374)
	io.netty.channel.AbstractChannelHandlerContext.invokeChannelRead(AbstractChannelHandlerContext.java:360)
	io.netty.channel.AbstractChannelHandlerContext.fireChannelRead(AbstractChannelHandlerContext.java:352)
	io.netty.channel.DefaultChannelPipeline$HeadContext.channelRead(DefaultChannelPipeline.java:1408)
	io.netty.channel.AbstractChannelHandlerContext.invokeChannelRead(AbstractChannelHandlerContext.java:374)
	io.netty.channel.AbstractChannelHandlerContext.invokeChannelRead(AbstractChannelHandlerContext.java:360)
	io.netty.channel.DefaultChannelPipeline.fireChannelRead(DefaultChannelPipeline.java:930)
	io.netty.channel.nio.AbstractNioByteChannel$NioByteUnsafe.read(AbstractNioByteChannel.java:163)
	io.netty.channel.nio.NioEventLoop.processSelectedKey(NioEventLoop.java:682)
	io.netty.channel.nio.NioEventLoop.processSelectedKeysOptimized(NioEventLoop.java:617)
	io.netty.channel.nio.NioEventLoop.processSelectedKeys(NioEventLoop.java:534)
	io.netty.channel.nio.NioEventLoop.run(NioEventLoop.java:496)
	io.netty.util.concurrent.SingleThreadEventExecutor$5.run(SingleThreadEventExecutor.java:906)
	io.netty.util.internal.ThreadExecutorMap$2.run(ThreadExecutorMap.java:74)
	io.netty.util.concurrent.FastThreadLocalRunnable.run(FastThreadLocalRunnable.java:30)
	java.lang.Thread.run(Thread.java:748)
#5:
	Hint: 'reactor.right.reactiveBridge' will handle the message from this point.
	io.netty.handler.codec.http.DefaultHttpContent.touch(DefaultHttpContent.java:88)
	io.netty.handler.codec.http.DefaultHttpContent.touch(DefaultHttpContent.java:24)
	io.netty.channel.DefaultChannelPipeline.touch(DefaultChannelPipeline.java:116)
	io.netty.channel.AbstractChannelHandlerContext.invokeChannelRead(AbstractChannelHandlerContext.java:357)
	io.netty.channel.AbstractChannelHandlerContext.fireChannelRead(AbstractChannelHandlerContext.java:352)
	reactor.netty.http.server.HttpTrafficHandler.channelRead(HttpTrafficHandler.java:190)
	io.netty.channel.AbstractChannelHandlerContext.invokeChannelRead(AbstractChannelHandlerContext.java:374)
	io.netty.channel.AbstractChannelHandlerContext.invokeChannelRead(AbstractChannelHandlerContext.java:360)
	io.netty.channel.AbstractChannelHandlerContext.fireChannelRead(AbstractChannelHandlerContext.java:352)
	io.netty.channel.CombinedChannelDuplexHandler$DelegatingChannelHandlerContext.fireChannelRead(CombinedChannelDuplexHandler.java:438)
	io.netty.handler.codec.ByteToMessageDecoder.fireChannelRead(ByteToMessageDecoder.java:323)
	io.netty.handler.codec.ByteToMessageDecoder.fireChannelRead(ByteToMessageDecoder.java:310)
	io.netty.handler.codec.ByteToMessageDecoder.callDecode(ByteToMessageDecoder.java:426)
	io.netty.handler.codec.ByteToMessageDecoder.channelRead(ByteToMessageDecoder.java:278)
	io.netty.channel.CombinedChannelDuplexHandler.channelRead(CombinedChannelDuplexHandler.java:253)
	io.netty.channel.AbstractChannelHandlerContext.invokeChannelRead(AbstractChannelHandlerContext.java:374)
	io.netty.channel.AbstractChannelHandlerContext.invokeChannelRead(AbstractChannelHandlerContext.java:360)
	io.netty.channel.AbstractChannelHandlerContext.fireChannelRead(AbstractChannelHandlerContext.java:352)
	io.netty.channel.DefaultChannelPipeline$HeadContext.channelRead(DefaultChannelPipeline.java:1408)
	io.netty.channel.AbstractChannelHandlerContext.invokeChannelRead(AbstractChannelHandlerContext.java:374)
	io.netty.channel.AbstractChannelHandlerContext.invokeChannelRead(AbstractChannelHandlerContext.java:360)
	io.netty.channel.DefaultChannelPipeline.fireChannelRead(DefaultChannelPipeline.java:930)
	io.netty.channel.nio.AbstractNioByteChannel$NioByteUnsafe.read(AbstractNioByteChannel.java:163)
	io.netty.channel.nio.NioEventLoop.processSelectedKey(NioEventLoop.java:682)
	io.netty.channel.nio.NioEventLoop.processSelectedKeysOptimized(NioEventLoop.java:617)
	io.netty.channel.nio.NioEventLoop.processSelectedKeys(NioEventLoop.java:534)
	io.netty.channel.nio.NioEventLoop.run(NioEventLoop.java:496)
	io.netty.util.concurrent.SingleThreadEventExecutor$5.run(SingleThreadEventExecutor.java:906)
	io.netty.util.internal.ThreadExecutorMap$2.run(ThreadExecutorMap.java:74)
	io.netty.util.concurrent.FastThreadLocalRunnable.run(FastThreadLocalRunnable.java:30)
	java.lang.Thread.run(Thread.java:748)
#6:
	Hint: 'reactor.left.httpTrafficHandler' will handle the message from this point.
	io.netty.handler.codec.http.DefaultHttpContent.touch(DefaultHttpContent.java:88)
	io.netty.handler.codec.http.DefaultHttpContent.touch(DefaultHttpContent.java:24)
	io.netty.channel.DefaultChannelPipeline.touch(DefaultChannelPipeline.java:116)
	io.netty.channel.AbstractChannelHandlerContext.invokeChannelRead(AbstractChannelHandlerContext.java:357)
	io.netty.channel.AbstractChannelHandlerContext.fireChannelRead(AbstractChannelHandlerContext.java:352)
	io.netty.channel.CombinedChannelDuplexHandler$DelegatingChannelHandlerContext.fireChannelRead(CombinedChannelDuplexHandler.java:438)
	io.netty.handler.codec.ByteToMessageDecoder.fireChannelRead(ByteToMessageDecoder.java:323)
	io.netty.handler.codec.ByteToMessageDecoder.fireChannelRead(ByteToMessageDecoder.java:310)
	io.netty.handler.codec.ByteToMessageDecoder.callDecode(ByteToMessageDecoder.java:426)
	io.netty.handler.codec.ByteToMessageDecoder.channelRead(ByteToMessageDecoder.java:278)
	io.netty.channel.CombinedChannelDuplexHandler.channelRead(CombinedChannelDuplexHandler.java:253)
	io.netty.channel.AbstractChannelHandlerContext.invokeChannelRead(AbstractChannelHandlerContext.java:374)
	io.netty.channel.AbstractChannelHandlerContext.invokeChannelRead(AbstractChannelHandlerContext.java:360)
	io.netty.channel.AbstractChannelHandlerContext.fireChannelRead(AbstractChannelHandlerContext.java:352)
	io.netty.channel.DefaultChannelPipeline$HeadContext.channelRead(DefaultChannelPipeline.java:1408)
	io.netty.channel.AbstractChannelHandlerContext.invokeChannelRead(AbstractChannelHandlerContext.java:374)
	io.netty.channel.AbstractChannelHandlerContext.invokeChannelRead(AbstractChannelHandlerContext.java:360)
	io.netty.channel.DefaultChannelPipeline.fireChannelRead(DefaultChannelPipeline.java:930)
	io.netty.channel.nio.AbstractNioByteChannel$NioByteUnsafe.read(AbstractNioByteChannel.java:163)
	io.netty.channel.nio.NioEventLoop.processSelectedKey(NioEventLoop.java:682)
	io.netty.channel.nio.NioEventLoop.processSelectedKeysOptimized(NioEventLoop.java:617)
	io.netty.channel.nio.NioEventLoop.processSelectedKeys(NioEventLoop.java:534)
	io.netty.channel.nio.NioEventLoop.run(NioEventLoop.java:496)
	io.netty.util.concurrent.SingleThreadEventExecutor$5.run(SingleThreadEventExecutor.java:906)
	io.netty.util.internal.ThreadExecutorMap$2.run(ThreadExecutorMap.java:74)
	io.netty.util.concurrent.FastThreadLocalRunnable.run(FastThreadLocalRunnable.java:30)
	java.lang.Thread.run(Thread.java:748)
Created at:
	io.netty.buffer.SimpleLeakAwareByteBuf.unwrappedDerived(SimpleLeakAwareByteBuf.java:143)
	io.netty.buffer.SimpleLeakAwareByteBuf.readRetainedSlice(SimpleLeakAwareByteBuf.java:67)
	io.netty.buffer.AdvancedLeakAwareByteBuf.readRetainedSlice(AdvancedLeakAwareByteBuf.java:107)
	io.netty.handler.codec.http.HttpObjectDecoder.decode(HttpObjectDecoder.java:336)
	io.netty.handler.codec.http.HttpServerCodec$HttpServerRequestDecoder.decode(HttpServerCodec.java:103)
	io.netty.handler.codec.ByteToMessageDecoder.decodeRemovalReentryProtection(ByteToMessageDecoder.java:502)
	io.netty.handler.codec.ByteToMessageDecoder.callDecode(ByteToMessageDecoder.java:441)
	io.netty.handler.codec.ByteToMessageDecoder.channelRead(ByteToMessageDecoder.java:278)
	io.netty.channel.CombinedChannelDuplexHandler.channelRead(CombinedChannelDuplexHandler.java:253)
	io.netty.channel.AbstractChannelHandlerContext.invokeChannelRead(AbstractChannelHandlerContext.java:374)
	io.netty.channel.AbstractChannelHandlerContext.invokeChannelRead(AbstractChannelHandlerContext.java:360)
	io.netty.channel.AbstractChannelHandlerContext.fireChannelRead(AbstractChannelHandlerContext.java:352)
	io.netty.channel.DefaultChannelPipeline$HeadContext.channelRead(DefaultChannelPipeline.java:1408)
	io.netty.channel.AbstractChannelHandlerContext.invokeChannelRead(AbstractChannelHandlerContext.java:374)
	io.netty.channel.AbstractChannelHandlerContext.invokeChannelRead(AbstractChannelHandlerContext.java:360)
	io.netty.channel.DefaultChannelPipeline.fireChannelRead(DefaultChannelPipeline.java:930)
	io.netty.channel.nio.AbstractNioByteChannel$NioByteUnsafe.read(AbstractNioByteChannel.java:163)
	io.netty.channel.nio.NioEventLoop.processSelectedKey(NioEventLoop.java:682)
	io.netty.channel.nio.NioEventLoop.processSelectedKeysOptimized(NioEventLoop.java:617)
	io.netty.channel.nio.NioEventLoop.processSelectedKeys(NioEventLoop.java:534)
	io.netty.channel.nio.NioEventLoop.run(NioEventLoop.java:496)
	io.netty.util.concurrent.SingleThreadEventExecutor$5.run(SingleThreadEventExecutor.java:906)
	io.netty.util.internal.ThreadExecutorMap$2.run(ThreadExecutorMap.java:74)
	io.netty.util.concurrent.FastThreadLocalRunnable.run(FastThreadLocalRunnable.java:30)
	java.lang.Thread.run(Thread.java:748)
: 9 leak records were discarded because they were duplicates
: 3607 leak records were discarded because the leak record count is targeted to 4. Use system property io.netty.leakDetection.targetRecords to increase the limit.
22:42:59.906 [reactor-http-nio-14] ERROR i.n.u.ResourceLeakDetector - LEAK: ByteBuf.release() was not called before it's garbage-collected. See http://netty.io/wiki/reference-counted-objects.html for more information.
Recent access records: 
#1:
	io.netty.handler.codec.ByteToMessageDecoder.channelRead(ByteToMessageDecoder.java:286)
	io.netty.channel.CombinedChannelDuplexHandler.channelRead(CombinedChannelDuplexHandler.java:253)
	io.netty.channel.AbstractChannelHandlerContext.invokeChannelRead(AbstractChannelHandlerContext.java:374)
	io.netty.channel.AbstractChannelHandlerContext.invokeChannelRead(AbstractChannelHandlerContext.java:360)
	io.netty.channel.AbstractChannelHandlerContext.fireChannelRead(AbstractChannelHandlerContext.java:352)
	io.netty.channel.DefaultChannelPipeline$HeadContext.channelRead(DefaultChannelPipeline.java:1408)
	io.netty.channel.AbstractChannelHandlerContext.invokeChannelRead(AbstractChannelHandlerContext.java:374)
	io.netty.channel.AbstractChannelHandlerContext.invokeChannelRead(AbstractChannelHandlerContext.java:360)
	io.netty.channel.DefaultChannelPipeline.fireChannelRead(DefaultChannelPipeline.java:930)
	io.netty.channel.nio.AbstractNioByteChannel$NioByteUnsafe.read(AbstractNioByteChannel.java:163)
	io.netty.channel.nio.NioEventLoop.processSelectedKey(NioEventLoop.java:682)
	io.netty.channel.nio.NioEventLoop.processSelectedKeysOptimized(NioEventLoop.java:617)
	io.netty.channel.nio.NioEventLoop.processSelectedKeys(NioEventLoop.java:534)
	io.netty.channel.nio.NioEventLoop.run(NioEventLoop.java:496)
	io.netty.util.concurrent.SingleThreadEventExecutor$5.run(SingleThreadEventExecutor.java:906)
	io.netty.util.internal.ThreadExecutorMap$2.run(ThreadExecutorMap.java:74)
	io.netty.util.concurrent.FastThreadLocalRunnable.run(FastThreadLocalRunnable.java:30)
	java.lang.Thread.run(Thread.java:748)
#2:
	io.netty.buffer.AdvancedLeakAwareByteBuf.readRetainedSlice(AdvancedLeakAwareByteBuf.java:106)
	io.netty.handler.codec.http.HttpObjectDecoder.decode(HttpObjectDecoder.java:336)
	io.netty.handler.codec.http.HttpServerCodec$HttpServerRequestDecoder.decode(HttpServerCodec.java:103)
	io.netty.handler.codec.ByteToMessageDecoder.decodeRemovalReentryProtection(ByteToMessageDecoder.java:502)
	io.netty.handler.codec.ByteToMessageDecoder.callDecode(ByteToMessageDecoder.java:441)
	io.netty.handler.codec.ByteToMessageDecoder.channelRead(ByteToMessageDecoder.java:278)
	io.netty.channel.CombinedChannelDuplexHandler.channelRead(CombinedChannelDuplexHandler.java:253)
	io.netty.channel.AbstractChannelHandlerContext.invokeChannelRead(AbstractChannelHandlerContext.java:374)
	io.netty.channel.AbstractChannelHandlerContext.invokeChannelRead(AbstractChannelHandlerContext.java:360)
	io.netty.channel.AbstractChannelHandlerContext.fireChannelRead(AbstractChannelHandlerContext.java:352)
	io.netty.channel.DefaultChannelPipeline$HeadContext.channelRead(DefaultChannelPipeline.java:1408)
	io.netty.channel.AbstractChannelHandlerContext.invokeChannelRead(AbstractChannelHandlerContext.java:374)
	io.netty.channel.AbstractChannelHandlerContext.invokeChannelRead(AbstractChannelHandlerContext.java:360)
	io.netty.channel.DefaultChannelPipeline.fireChannelRead(DefaultChannelPipeline.java:930)
	io.netty.channel.nio.AbstractNioByteChannel$NioByteUnsafe.read(AbstractNioByteChannel.java:163)
	io.netty.channel.nio.NioEventLoop.processSelectedKey(NioEventLoop.java:682)
	io.netty.channel.nio.NioEventLoop.processSelectedKeysOptimized(NioEventLoop.java:617)
	io.netty.channel.nio.NioEventLoop.processSelectedKeys(NioEventLoop.java:534)
	io.netty.channel.nio.NioEventLoop.run(NioEventLoop.java:496)
	io.netty.util.concurrent.SingleThreadEventExecutor$5.run(SingleThreadEventExecutor.java:906)
	io.netty.util.internal.ThreadExecutorMap$2.run(ThreadExecutorMap.java:74)
	io.netty.util.concurrent.FastThreadLocalRunnable.run(FastThreadLocalRunnable.java:30)
	java.lang.Thread.run(Thread.java:748)
#3:
	io.netty.buffer.AdvancedLeakAwareByteBuf.forEachByte(AdvancedLeakAwareByteBuf.java:670)
	io.netty.handler.codec.http.HttpObjectDecoder$HeaderParser.parse(HttpObjectDecoder.java:793)
	io.netty.handler.codec.http.HttpObjectDecoder$LineParser.parse(HttpObjectDecoder.java:842)
	io.netty.handler.codec.http.HttpObjectDecoder.decode(HttpObjectDecoder.java:313)
	io.netty.handler.codec.http.HttpServerCodec$HttpServerRequestDecoder.decode(HttpServerCodec.java:103)
	io.netty.handler.codec.ByteToMessageDecoder.decodeRemovalReentryProtection(ByteToMessageDecoder.java:502)
	io.netty.handler.codec.ByteToMessageDecoder.callDecode(ByteToMessageDecoder.java:441)
	io.netty.handler.codec.ByteToMessageDecoder.channelRead(ByteToMessageDecoder.java:278)
	io.netty.channel.CombinedChannelDuplexHandler.channelRead(CombinedChannelDuplexHandler.java:253)
	io.netty.channel.AbstractChannelHandlerContext.invokeChannelRead(AbstractChannelHandlerContext.java:374)
	io.netty.channel.AbstractChannelHandlerContext.invokeChannelRead(AbstractChannelHandlerContext.java:360)
	io.netty.channel.AbstractChannelHandlerContext.fireChannelRead(AbstractChannelHandlerContext.java:352)
	io.netty.channel.DefaultChannelPipeline$HeadContext.channelRead(DefaultChannelPipeline.java:1408)
	io.netty.channel.AbstractChannelHandlerContext.invokeChannelRead(AbstractChannelHandlerContext.java:374)
	io.netty.channel.AbstractChannelHandlerContext.invokeChannelRead(AbstractChannelHandlerContext.java:360)
	io.netty.channel.DefaultChannelPipeline.fireChannelRead(DefaultChannelPipeline.java:930)
	io.netty.channel.nio.AbstractNioByteChannel$NioByteUnsafe.read(AbstractNioByteChannel.java:163)
	io.netty.channel.nio.NioEventLoop.processSelectedKey(NioEventLoop.java:682)
	io.netty.channel.nio.NioEventLoop.processSelectedKeysOptimized(NioEventLoop.java:617)
	io.netty.channel.nio.NioEventLoop.processSelectedKeys(NioEventLoop.java:534)
	io.netty.channel.nio.NioEventLoop.run(NioEventLoop.java:496)
	io.netty.util.concurrent.SingleThreadEventExecutor$5.run(SingleThreadEventExecutor.java:906)
	io.netty.util.internal.ThreadExecutorMap$2.run(ThreadExecutorMap.java:74)
	io.netty.util.concurrent.FastThreadLocalRunnable.run(FastThreadLocalRunnable.java:30)
	java.lang.Thread.run(Thread.java:748)
#4:
	io.netty.buffer.AdvancedLeakAwareByteBuf.getByte(AdvancedLeakAwareByteBuf.java:154)
	io.netty.handler.codec.http.HttpObjectDecoder.decode(HttpObjectDecoder.java:351)
	io.netty.handler.codec.http.HttpServerCodec$HttpServerRequestDecoder.decode(HttpServerCodec.java:103)
	io.netty.handler.codec.ByteToMessageDecoder.decodeRemovalReentryProtection(ByteToMessageDecoder.java:502)
	io.netty.handler.codec.ByteToMessageDecoder.callDecode(ByteToMessageDecoder.java:441)
	io.netty.handler.codec.ByteToMessageDecoder.channelRead(ByteToMessageDecoder.java:278)
	io.netty.channel.CombinedChannelDuplexHandler.channelRead(CombinedChannelDuplexHandler.java:253)
	io.netty.channel.AbstractChannelHandlerContext.invokeChannelRead(AbstractChannelHandlerContext.java:374)
	io.netty.channel.AbstractChannelHandlerContext.invokeChannelRead(AbstractChannelHandlerContext.java:360)
	io.netty.channel.AbstractChannelHandlerContext.fireChannelRead(AbstractChannelHandlerContext.java:352)
	io.netty.channel.DefaultChannelPipeline$HeadContext.channelRead(DefaultChannelPipeline.java:1408)
	io.netty.channel.AbstractChannelHandlerContext.invokeChannelRead(AbstractChannelHandlerContext.java:374)
	io.netty.channel.AbstractChannelHandlerContext.invokeChannelRead(AbstractChannelHandlerContext.java:360)
	io.netty.channel.DefaultChannelPipeline.fireChannelRead(DefaultChannelPipeline.java:930)
	io.netty.channel.nio.AbstractNioByteChannel$NioByteUnsafe.read(AbstractNioByteChannel.java:163)
	io.netty.channel.nio.NioEventLoop.processSelectedKey(NioEventLoop.java:682)
	io.netty.channel.nio.NioEventLoop.processSelectedKeysOptimized(NioEventLoop.java:617)
	io.netty.channel.nio.NioEventLoop.processSelectedKeys(NioEventLoop.java:534)
	io.netty.channel.nio.NioEventLoop.run(NioEventLoop.java:496)
	io.netty.util.concurrent.SingleThreadEventExecutor$5.run(SingleThreadEventExecutor.java:906)
	io.netty.util.internal.ThreadExecutorMap$2.run(ThreadExecutorMap.java:74)
	io.netty.util.concurrent.FastThreadLocalRunnable.run(FastThreadLocalRunnable.java:30)
	java.lang.Thread.run(Thread.java:748)
#5:
	Hint: 'reactor.left.httpCodec' will handle the message from this point.
	io.netty.channel.DefaultChannelPipeline.touch(DefaultChannelPipeline.java:116)
	io.netty.channel.AbstractChannelHandlerContext.invokeChannelRead(AbstractChannelHandlerContext.java:357)
	io.netty.channel.AbstractChannelHandlerContext.fireChannelRead(AbstractChannelHandlerContext.java:352)
	io.netty.channel.DefaultChannelPipeline$HeadContext.channelRead(DefaultChannelPipeline.java:1408)
	io.netty.channel.AbstractChannelHandlerContext.invokeChannelRead(AbstractChannelHandlerContext.java:374)
	io.netty.channel.AbstractChannelHandlerContext.invokeChannelRead(AbstractChannelHandlerContext.java:360)
	io.netty.channel.DefaultChannelPipeline.fireChannelRead(DefaultChannelPipeline.java:930)
	io.netty.channel.nio.AbstractNioByteChannel$NioByteUnsafe.read(AbstractNioByteChannel.java:163)
	io.netty.channel.nio.NioEventLoop.processSelectedKey(NioEventLoop.java:682)
	io.netty.channel.nio.NioEventLoop.processSelectedKeysOptimized(NioEventLoop.java:617)
	io.netty.channel.nio.NioEventLoop.processSelectedKeys(NioEventLoop.java:534)
	io.netty.channel.nio.NioEventLoop.run(NioEventLoop.java:496)
	io.netty.util.concurrent.SingleThreadEventExecutor$5.run(SingleThreadEventExecutor.java:906)
	io.netty.util.internal.ThreadExecutorMap$2.run(ThreadExecutorMap.java:74)
	io.netty.util.concurrent.FastThreadLocalRunnable.run(FastThreadLocalRunnable.java:30)
	java.lang.Thread.run(Thread.java:748)
#6:
	Hint: 'DefaultChannelPipeline$HeadContext#0' will handle the message from this point.
	io.netty.channel.DefaultChannelPipeline.touch(DefaultChannelPipeline.java:116)
	io.netty.channel.AbstractChannelHandlerContext.invokeChannelRead(AbstractChannelHandlerContext.java:357)
	io.netty.channel.DefaultChannelPipeline.fireChannelRead(DefaultChannelPipeline.java:930)
	io.netty.channel.nio.AbstractNioByteChannel$NioByteUnsafe.read(AbstractNioByteChannel.java:163)
	io.netty.channel.nio.NioEventLoop.processSelectedKey(NioEventLoop.java:682)
	io.netty.channel.nio.NioEventLoop.processSelectedKeysOptimized(NioEventLoop.java:617)
	io.netty.channel.nio.NioEventLoop.processSelectedKeys(NioEventLoop.java:534)
	io.netty.channel.nio.NioEventLoop.run(NioEventLoop.java:496)
	io.netty.util.concurrent.SingleThreadEventExecutor$5.run(SingleThreadEventExecutor.java:906)
	io.netty.util.internal.ThreadExecutorMap$2.run(ThreadExecutorMap.java:74)
	io.netty.util.concurrent.FastThreadLocalRunnable.run(FastThreadLocalRunnable.java:30)
	java.lang.Thread.run(Thread.java:748)
#7:
	io.netty.buffer.AdvancedLeakAwareByteBuf.writeBytes(AdvancedLeakAwareByteBuf.java:634)
	io.netty.channel.socket.nio.NioSocketChannel.doReadBytes(NioSocketChannel.java:347)
	io.netty.channel.nio.AbstractNioByteChannel$NioByteUnsafe.read(AbstractNioByteChannel.java:148)
	io.netty.channel.nio.NioEventLoop.processSelectedKey(NioEventLoop.java:682)
	io.netty.channel.nio.NioEventLoop.processSelectedKeysOptimized(NioEventLoop.java:617)
	io.netty.channel.nio.NioEventLoop.processSelectedKeys(NioEventLoop.java:534)
	io.netty.channel.nio.NioEventLoop.run(NioEventLoop.java:496)
	io.netty.util.concurrent.SingleThreadEventExecutor$5.run(SingleThreadEventExecutor.java:906)
	io.netty.util.internal.ThreadExecutorMap$2.run(ThreadExecutorMap.java:74)
	io.netty.util.concurrent.FastThreadLocalRunnable.run(FastThreadLocalRunnable.java:30)
	java.lang.Thread.run(Thread.java:748)
Created at:
	io.netty.buffer.PooledByteBufAllocator.newDirectBuffer(PooledByteBufAllocator.java:349)
	io.netty.buffer.AbstractByteBufAllocator.directBuffer(AbstractByteBufAllocator.java:187)
	io.netty.buffer.AbstractByteBufAllocator.directBuffer(AbstractByteBufAllocator.java:178)
	io.netty.buffer.AbstractByteBufAllocator.ioBuffer(AbstractByteBufAllocator.java:139)
	io.netty.channel.DefaultMaxMessagesRecvByteBufAllocator$MaxMessageHandle.allocate(DefaultMaxMessagesRecvByteBufAllocator.java:114)
	io.netty.channel.nio.AbstractNioByteChannel$NioByteUnsafe.read(AbstractNioByteChannel.java:147)
	io.netty.channel.nio.NioEventLoop.processSelectedKey(NioEventLoop.java:682)
	io.netty.channel.nio.NioEventLoop.processSelectedKeysOptimized(NioEventLoop.java:617)
	io.netty.channel.nio.NioEventLoop.processSelectedKeys(NioEventLoop.java:534)
	io.netty.channel.nio.NioEventLoop.run(NioEventLoop.java:496)
	io.netty.util.concurrent.SingleThreadEventExecutor$5.run(SingleThreadEventExecutor.java:906)
	io.netty.util.internal.ThreadExecutorMap$2.run(ThreadExecutorMap.java:74)
	io.netty.util.concurrent.FastThreadLocalRunnable.run(FastThreadLocalRunnable.java:30)
	java.lang.Thread.run(Thread.java:748)
: 2 leak records were discarded because they were duplicates
: 60 leak records were discarded because the leak record count is targeted to 4. Use system property io.netty.leakDetection.targetRecords to increase the limit.
22:42:59.907 [reactor-http-nio-14] ERROR i.n.u.ResourceLeakDetector - LEAK: ByteBuf.release() was not called before it's garbage-collected. See http://netty.io/wiki/reference-counted-objects.html for more information.
Recent access records: 
#1:
	io.netty.buffer.AdvancedLeakAwareByteBuf.getBytes(AdvancedLeakAwareByteBuf.java:250)
	io.netty.buffer.CompositeByteBuf.getBytes(CompositeByteBuf.java:1029)
	io.netty.buffer.CompositeByteBuf.getBytes(CompositeByteBuf.java:48)
	io.netty.buffer.AbstractUnpooledSlicedByteBuf.getBytes(AbstractUnpooledSlicedByteBuf.java:243)
	io.netty.buffer.AbstractByteBuf.readBytes(AbstractByteBuf.java:889)
	io.netty.buffer.AbstractByteBuf.readBytes(AbstractByteBuf.java:896)
	io.netty.buffer.WrappedByteBuf.readBytes(WrappedByteBuf.java:649)
	io.netty.buffer.AdvancedLeakAwareByteBuf.readBytes(AdvancedLeakAwareByteBuf.java:497)
	org.springframework.core.io.buffer.NettyDataBuffer.read(NettyDataBuffer.java:159)
	org.springframework.core.io.buffer.NettyDataBuffer.read(NettyDataBuffer.java:43)
	org.springframework.http.codec.multipart.DefaultMultipartMessageReader.toHeaders(DefaultMultipartMessageReader.java:229)
	org.springframework.http.codec.multipart.DefaultMultipartMessageReader.toPart(DefaultMultipartMessageReader.java:197)
	reactor.core.publisher.FluxMap$MapConditionalSubscriber.onNext(FluxMap.java:199)
	reactor.core.publisher.FluxTakeWhile$TakeWhileSubscriber.onNext(FluxTakeWhile.java:94)
	reactor.core.publisher.FluxContextStart$ContextStartSubscriber.onNext(FluxContextStart.java:103)
	reactor.core.publisher.FluxMap$MapConditionalSubscriber.onNext(FluxMap.java:213)
	reactor.core.publisher.FluxBufferPredicate$BufferPredicateSubscriber.emit(FluxBufferPredicate.java:290)
	reactor.core.publisher.FluxBufferPredicate$BufferPredicateSubscriber.onNextNewBuffer(FluxBufferPredicate.java:257)
	reactor.core.publisher.FluxBufferPredicate$BufferPredicateSubscriber.tryOnNext(FluxBufferPredicate.java:211)
	reactor.core.publisher.FluxBufferPredicate$BufferPredicateSubscriber.onNext(FluxBufferPredicate.java:184)
	reactor.core.publisher.FluxFlatMap$FlatMapMain.drainLoop(FluxFlatMap.java:664)
	reactor.core.publisher.FluxFlatMap$FlatMapMain.drain(FluxFlatMap.java:540)
	reactor.core.publisher.FluxFlatMap$FlatMapInner.onSubscribe(FluxFlatMap.java:924)
	reactor.core.publisher.FluxIterable.subscribe(FluxIterable.java:139)
	reactor.core.publisher.FluxIterable.subscribe(FluxIterable.java:63)
	reactor.core.publisher.Flux.subscribe(Flux.java:7922)
	reactor.core.publisher.FluxFlatMap$FlatMapMain.onNext(FluxFlatMap.java:389)
	reactor.core.publisher.FluxConcatMap$ConcatMapImmediate.innerNext(FluxConcatMap.java:275)
	reactor.core.publisher.FluxConcatMap$ConcatMapInner.onNext(FluxConcatMap.java:849)
	reactor.core.publisher.FluxConcatMap$WeakScalarSubscription.request(FluxConcatMap.java:470)
	reactor.core.publisher.Operators$MultiSubscriptionSubscriber.set(Operators.java:1939)
	reactor.core.publisher.FluxConcatMap$ConcatMapImmediate.drain(FluxConcatMap.java:436)
	reactor.core.publisher.FluxConcatMap$ConcatMapImmediate.onNext(FluxConcatMap.java:244)
	reactor.core.publisher.FluxMap$MapSubscriber.onNext(FluxMap.java:114)
	reactor.core.publisher.FluxPeek$PeekSubscriber.onNext(FluxPeek.java:192)
	reactor.core.publisher.FluxMap$MapSubscriber.onNext(FluxMap.java:114)
	reactor.netty.channel.FluxReceive.drainReceiver(FluxReceive.java:206)
	reactor.netty.channel.FluxReceive.onInboundNext(FluxReceive.java:322)
	reactor.netty.channel.ChannelOperations.onInboundNext(ChannelOperations.java:335)
	reactor.netty.http.server.HttpServerOperations.onInboundNext(HttpServerOperations.java:456)
	reactor.netty.channel.ChannelOperationsHandler.channelRead(ChannelOperationsHandler.java:91)
	io.netty.channel.AbstractChannelHandlerContext.invokeChannelRead(AbstractChannelHandlerContext.java:374)
	io.netty.channel.AbstractChannelHandlerContext.invokeChannelRead(AbstractChannelHandlerContext.java:360)
	io.netty.channel.AbstractChannelHandlerContext.fireChannelRead(AbstractChannelHandlerContext.java:352)
	reactor.netty.http.server.HttpTrafficHandler.channelRead(HttpTrafficHandler.java:190)
	io.netty.channel.AbstractChannelHandlerContext.invokeChannelRead(AbstractChannelHandlerContext.java:374)
	io.netty.channel.AbstractChannelHandlerContext.invokeChannelRead(AbstractChannelHandlerContext.java:360)
	io.netty.channel.AbstractChannelHandlerContext.fireChannelRead(AbstractChannelHandlerContext.java:352)
	io.netty.channel.CombinedChannelDuplexHandler$DelegatingChannelHandlerContext.fireChannelRead(CombinedChannelDuplexHandler.java:438)
	io.netty.handler.codec.ByteToMessageDecoder.fireChannelRead(ByteToMessageDecoder.java:323)
	io.netty.handler.codec.ByteToMessageDecoder.fireChannelRead(ByteToMessageDecoder.java:310)
	io.netty.handler.codec.ByteToMessageDecoder.callDecode(ByteToMessageDecoder.java:426)
	io.netty.handler.codec.ByteToMessageDecoder.channelRead(ByteToMessageDecoder.java:278)
	io.netty.channel.CombinedChannelDuplexHandler.channelRead(CombinedChannelDuplexHandler.java:253)
	io.netty.channel.AbstractChannelHandlerContext.invokeChannelRead(AbstractChannelHandlerContext.java:374)
	io.netty.channel.AbstractChannelHandlerContext.invokeChannelRead(AbstractChannelHandlerContext.java:360)
	io.netty.channel.AbstractChannelHandlerContext.fireChannelRead(AbstractChannelHandlerContext.java:352)
	io.netty.channel.DefaultChannelPipeline$HeadContext.channelRead(DefaultChannelPipeline.java:1408)
	io.netty.channel.AbstractChannelHandlerContext.invokeChannelRead(AbstractChannelHandlerContext.java:374)
	io.netty.channel.AbstractChannelHandlerContext.invokeChannelRead(AbstractChannelHandlerContext.java:360)
	io.netty.channel.DefaultChannelPipeline.fireChannelRead(DefaultChannelPipeline.java:930)
	io.netty.channel.nio.AbstractNioByteChannel$NioByteUnsafe.read(AbstractNioByteChannel.java:163)
	io.netty.channel.nio.NioEventLoop.processSelectedKey(NioEventLoop.java:682)
	io.netty.channel.nio.NioEventLoop.processSelectedKeysOptimized(NioEventLoop.java:617)
	io.netty.channel.nio.NioEventLoop.processSelectedKeys(NioEventLoop.java:534)
	io.netty.channel.nio.NioEventLoop.run(NioEventLoop.java:496)
	io.netty.util.concurrent.SingleThreadEventExecutor$5.run(SingleThreadEventExecutor.java:906)
	io.netty.util.internal.ThreadExecutorMap$2.run(ThreadExecutorMap.java:74)
	io.netty.util.concurrent.FastThreadLocalRunnable.run(FastThreadLocalRunnable.java:30)
	java.lang.Thread.run(Thread.java:748)
#2:
	io.netty.buffer.AdvancedLeakAwareByteBuf.getByte(AdvancedLeakAwareByteBuf.java:154)
	org.springframework.core.io.buffer.NettyDataBuffer.getByte(NettyDataBuffer.java:132)
	org.springframework.core.io.buffer.DataBufferUtils$KnuthMorrisPrattMatcher.match(DataBufferUtils.java:1005)
	org.springframework.core.io.buffer.DataBufferUtils.endFrameAfterDelimiter(DataBufferUtils.java:634)
	org.springframework.core.io.buffer.DataBufferUtils.lambda$split$18(DataBufferUtils.java:603)
	reactor.core.publisher.FluxFlatMap$FlatMapMain.onNext(FluxFlatMap.java:350)
	reactor.core.publisher.FluxConcatMap$ConcatMapImmediate.innerNext(FluxConcatMap.java:275)
	reactor.core.publisher.FluxConcatMap$ConcatMapInner.onNext(FluxConcatMap.java:849)
	reactor.core.publisher.FluxConcatMap$WeakScalarSubscription.request(FluxConcatMap.java:470)
	reactor.core.publisher.Operators$MultiSubscriptionSubscriber.set(Operators.java:1939)
	reactor.core.publisher.FluxConcatMap$ConcatMapImmediate.drain(FluxConcatMap.java:436)
	reactor.core.publisher.FluxConcatMap$ConcatMapImmediate.onNext(FluxConcatMap.java:244)
	reactor.core.publisher.FluxMap$MapSubscriber.onNext(FluxMap.java:114)
	reactor.core.publisher.FluxPeek$PeekSubscriber.onNext(FluxPeek.java:192)
	reactor.core.publisher.FluxMap$MapSubscriber.onNext(FluxMap.java:114)
	reactor.netty.channel.FluxReceive.drainReceiver(FluxReceive.java:206)
	reactor.netty.channel.FluxReceive.onInboundNext(FluxReceive.java:322)
	reactor.netty.channel.ChannelOperations.onInboundNext(ChannelOperations.java:335)
	reactor.netty.http.server.HttpServerOperations.onInboundNext(HttpServerOperations.java:456)
	reactor.netty.channel.ChannelOperationsHandler.channelRead(ChannelOperationsHandler.java:91)
	io.netty.channel.AbstractChannelHandlerContext.invokeChannelRead(AbstractChannelHandlerContext.java:374)
	io.netty.channel.AbstractChannelHandlerContext.invokeChannelRead(AbstractChannelHandlerContext.java:360)
	io.netty.channel.AbstractChannelHandlerContext.fireChannelRead(AbstractChannelHandlerContext.java:352)
	reactor.netty.http.server.HttpTrafficHandler.channelRead(HttpTrafficHandler.java:190)
	io.netty.channel.AbstractChannelHandlerContext.invokeChannelRead(AbstractChannelHandlerContext.java:374)
	io.netty.channel.AbstractChannelHandlerContext.invokeChannelRead(AbstractChannelHandlerContext.java:360)
	io.netty.channel.AbstractChannelHandlerContext.fireChannelRead(AbstractChannelHandlerContext.java:352)
	io.netty.channel.CombinedChannelDuplexHandler$DelegatingChannelHandlerContext.fireChannelRead(CombinedChannelDuplexHandler.java:438)
	io.netty.handler.codec.ByteToMessageDecoder.fireChannelRead(ByteToMessageDecoder.java:323)
	io.netty.handler.codec.ByteToMessageDecoder.fireChannelRead(ByteToMessageDecoder.java:310)
	io.netty.handler.codec.ByteToMessageDecoder.callDecode(ByteToMessageDecoder.java:426)
	io.netty.handler.codec.ByteToMessageDecoder.channelRead(ByteToMessageDecoder.java:278)
	io.netty.channel.CombinedChannelDuplexHandler.channelRead(CombinedChannelDuplexHandler.java:253)
	io.netty.channel.AbstractChannelHandlerContext.invokeChannelRead(AbstractChannelHandlerContext.java:374)
	io.netty.channel.AbstractChannelHandlerContext.invokeChannelRead(AbstractChannelHandlerContext.java:360)
	io.netty.channel.AbstractChannelHandlerContext.fireChannelRead(AbstractChannelHandlerContext.java:352)
	io.netty.channel.DefaultChannelPipeline$HeadContext.channelRead(DefaultChannelPipeline.java:1408)
	io.netty.channel.AbstractChannelHandlerContext.invokeChannelRead(AbstractChannelHandlerContext.java:374)
	io.netty.channel.AbstractChannelHandlerContext.invokeChannelRead(AbstractChannelHandlerContext.java:360)
	io.netty.channel.DefaultChannelPipeline.fireChannelRead(DefaultChannelPipeline.java:930)
	io.netty.channel.nio.AbstractNioByteChannel$NioByteUnsafe.read(AbstractNioByteChannel.java:163)
	io.netty.channel.nio.NioEventLoop.processSelectedKey(NioEventLoop.java:682)
	io.netty.channel.nio.NioEventLoop.processSelectedKeysOptimized(NioEventLoop.java:617)
	io.netty.channel.nio.NioEventLoop.processSelectedKeys(NioEventLoop.java:534)
	io.netty.channel.nio.NioEventLoop.run(NioEventLoop.java:496)
	io.netty.util.concurrent.SingleThreadEventExecutor$5.run(SingleThreadEventExecutor.java:906)
	io.netty.util.internal.ThreadExecutorMap$2.run(ThreadExecutorMap.java:74)
	io.netty.util.concurrent.FastThreadLocalRunnable.run(FastThreadLocalRunnable.java:30)
	java.lang.Thread.run(Thread.java:748)
#3:
	org.springframework.core.io.buffer.NettyDataBufferFactory.wrap(NettyDataBufferFactory.java:93)
	reactor.core.publisher.FluxMap$MapSubscriber.onNext(FluxMap.java:100)
	reactor.core.publisher.FluxPeek$PeekSubscriber.onNext(FluxPeek.java:192)
	reactor.core.publisher.FluxMap$MapSubscriber.onNext(FluxMap.java:114)
	reactor.netty.channel.FluxReceive.drainReceiver(FluxReceive.java:206)
	reactor.netty.channel.FluxReceive.onInboundNext(FluxReceive.java:322)
	reactor.netty.channel.ChannelOperations.onInboundNext(ChannelOperations.java:335)
	reactor.netty.http.server.HttpServerOperations.onInboundNext(HttpServerOperations.java:456)
	reactor.netty.channel.ChannelOperationsHandler.channelRead(ChannelOperationsHandler.java:91)
	io.netty.channel.AbstractChannelHandlerContext.invokeChannelRead(AbstractChannelHandlerContext.java:374)
	io.netty.channel.AbstractChannelHandlerContext.invokeChannelRead(AbstractChannelHandlerContext.java:360)
	io.netty.channel.AbstractChannelHandlerContext.fireChannelRead(AbstractChannelHandlerContext.java:352)
	reactor.netty.http.server.HttpTrafficHandler.channelRead(HttpTrafficHandler.java:190)
	io.netty.channel.AbstractChannelHandlerContext.invokeChannelRead(AbstractChannelHandlerContext.java:374)
	io.netty.channel.AbstractChannelHandlerContext.invokeChannelRead(AbstractChannelHandlerContext.java:360)
	io.netty.channel.AbstractChannelHandlerContext.fireChannelRead(AbstractChannelHandlerContext.java:352)
	io.netty.channel.CombinedChannelDuplexHandler$DelegatingChannelHandlerContext.fireChannelRead(CombinedChannelDuplexHandler.java:438)
	io.netty.handler.codec.ByteToMessageDecoder.fireChannelRead(ByteToMessageDecoder.java:323)
	io.netty.handler.codec.ByteToMessageDecoder.fireChannelRead(ByteToMessageDecoder.java:310)
	io.netty.handler.codec.ByteToMessageDecoder.callDecode(ByteToMessageDecoder.java:426)
	io.netty.handler.codec.ByteToMessageDecoder.channelRead(ByteToMessageDecoder.java:278)
	io.netty.channel.CombinedChannelDuplexHandler.channelRead(CombinedChannelDuplexHandler.java:253)
	io.netty.channel.AbstractChannelHandlerContext.invokeChannelRead(AbstractChannelHandlerContext.java:374)
	io.netty.channel.AbstractChannelHandlerContext.invokeChannelRead(AbstractChannelHandlerContext.java:360)
	io.netty.channel.AbstractChannelHandlerContext.fireChannelRead(AbstractChannelHandlerContext.java:352)
	io.netty.channel.DefaultChannelPipeline$HeadContext.channelRead(DefaultChannelPipeline.java:1408)
	io.netty.channel.AbstractChannelHandlerContext.invokeChannelRead(AbstractChannelHandlerContext.java:374)
	io.netty.channel.AbstractChannelHandlerContext.invokeChannelRead(AbstractChannelHandlerContext.java:360)
	io.netty.channel.DefaultChannelPipeline.fireChannelRead(DefaultChannelPipeline.java:930)
	io.netty.channel.nio.AbstractNioByteChannel$NioByteUnsafe.read(AbstractNioByteChannel.java:163)
	io.netty.channel.nio.NioEventLoop.processSelectedKey(NioEventLoop.java:682)
	io.netty.channel.nio.NioEventLoop.processSelectedKeysOptimized(NioEventLoop.java:617)
	io.netty.channel.nio.NioEventLoop.processSelectedKeys(NioEventLoop.java:534)
	io.netty.channel.nio.NioEventLoop.run(NioEventLoop.java:496)
	io.netty.util.concurrent.SingleThreadEventExecutor$5.run(SingleThreadEventExecutor.java:906)
	io.netty.util.internal.ThreadExecutorMap$2.run(ThreadExecutorMap.java:74)
	io.netty.util.concurrent.FastThreadLocalRunnable.run(FastThreadLocalRunnable.java:30)
	java.lang.Thread.run(Thread.java:748)
#4:
	reactor.core.publisher.FluxPeek$PeekSubscriber.onNext(FluxPeek.java:177)
	reactor.core.publisher.FluxMap$MapSubscriber.onNext(FluxMap.java:114)
	reactor.netty.channel.FluxReceive.drainReceiver(FluxReceive.java:206)
	reactor.netty.channel.FluxReceive.onInboundNext(FluxReceive.java:322)
	reactor.netty.channel.ChannelOperations.onInboundNext(ChannelOperations.java:335)
	reactor.netty.http.server.HttpServerOperations.onInboundNext(HttpServerOperations.java:456)
	reactor.netty.channel.ChannelOperationsHandler.channelRead(ChannelOperationsHandler.java:91)
	io.netty.channel.AbstractChannelHandlerContext.invokeChannelRead(AbstractChannelHandlerContext.java:374)
	io.netty.channel.AbstractChannelHandlerContext.invokeChannelRead(AbstractChannelHandlerContext.java:360)
	io.netty.channel.AbstractChannelHandlerContext.fireChannelRead(AbstractChannelHandlerContext.java:352)
	reactor.netty.http.server.HttpTrafficHandler.channelRead(HttpTrafficHandler.java:190)
	io.netty.channel.AbstractChannelHandlerContext.invokeChannelRead(AbstractChannelHandlerContext.java:374)
	io.netty.channel.AbstractChannelHandlerContext.invokeChannelRead(AbstractChannelHandlerContext.java:360)
	io.netty.channel.AbstractChannelHandlerContext.fireChannelRead(AbstractChannelHandlerContext.java:352)
	io.netty.channel.CombinedChannelDuplexHandler$DelegatingChannelHandlerContext.fireChannelRead(CombinedChannelDuplexHandler.java:438)
	io.netty.handler.codec.ByteToMessageDecoder.fireChannelRead(ByteToMessageDecoder.java:323)
	io.netty.handler.codec.ByteToMessageDecoder.fireChannelRead(ByteToMessageDecoder.java:310)
	io.netty.handler.codec.ByteToMessageDecoder.callDecode(ByteToMessageDecoder.java:426)
	io.netty.handler.codec.ByteToMessageDecoder.channelRead(ByteToMessageDecoder.java:278)
	io.netty.channel.CombinedChannelDuplexHandler.channelRead(CombinedChannelDuplexHandler.java:253)
	io.netty.channel.AbstractChannelHandlerContext.invokeChannelRead(AbstractChannelHandlerContext.java:374)
	io.netty.channel.AbstractChannelHandlerContext.invokeChannelRead(AbstractChannelHandlerContext.java:360)
	io.netty.channel.AbstractChannelHandlerContext.fireChannelRead(AbstractChannelHandlerContext.java:352)
	io.netty.channel.DefaultChannelPipeline$HeadContext.channelRead(DefaultChannelPipeline.java:1408)
	io.netty.channel.AbstractChannelHandlerContext.invokeChannelRead(AbstractChannelHandlerContext.java:374)
	io.netty.channel.AbstractChannelHandlerContext.invokeChannelRead(AbstractChannelHandlerContext.java:360)
	io.netty.channel.DefaultChannelPipeline.fireChannelRead(DefaultChannelPipeline.java:930)
	io.netty.channel.nio.AbstractNioByteChannel$NioByteUnsafe.read(AbstractNioByteChannel.java:163)
	io.netty.channel.nio.NioEventLoop.processSelectedKey(NioEventLoop.java:682)
	io.netty.channel.nio.NioEventLoop.processSelectedKeysOptimized(NioEventLoop.java:617)
	io.netty.channel.nio.NioEventLoop.processSelectedKeys(NioEventLoop.java:534)
	io.netty.channel.nio.NioEventLoop.run(NioEventLoop.java:496)
	io.netty.util.concurrent.SingleThreadEventExecutor$5.run(SingleThreadEventExecutor.java:906)
	io.netty.util.internal.ThreadExecutorMap$2.run(ThreadExecutorMap.java:74)
	io.netty.util.concurrent.FastThreadLocalRunnable.run(FastThreadLocalRunnable.java:30)
	java.lang.Thread.run(Thread.java:748)
#5:
	Hint: 'reactor.right.reactiveBridge' will handle the message from this point.
	io.netty.handler.codec.http.DefaultHttpContent.touch(DefaultHttpContent.java:88)
	io.netty.handler.codec.http.DefaultHttpContent.touch(DefaultHttpContent.java:24)
	io.netty.channel.DefaultChannelPipeline.touch(DefaultChannelPipeline.java:116)
	io.netty.channel.AbstractChannelHandlerContext.invokeChannelRead(AbstractChannelHandlerContext.java:357)
	io.netty.channel.AbstractChannelHandlerContext.fireChannelRead(AbstractChannelHandlerContext.java:352)
	reactor.netty.http.server.HttpTrafficHandler.channelRead(HttpTrafficHandler.java:190)
	io.netty.channel.AbstractChannelHandlerContext.invokeChannelRead(AbstractChannelHandlerContext.java:374)
	io.netty.channel.AbstractChannelHandlerContext.invokeChannelRead(AbstractChannelHandlerContext.java:360)
	io.netty.channel.AbstractChannelHandlerContext.fireChannelRead(AbstractChannelHandlerContext.java:352)
	io.netty.channel.CombinedChannelDuplexHandler$DelegatingChannelHandlerContext.fireChannelRead(CombinedChannelDuplexHandler.java:438)
	io.netty.handler.codec.ByteToMessageDecoder.fireChannelRead(ByteToMessageDecoder.java:323)
	io.netty.handler.codec.ByteToMessageDecoder.fireChannelRead(ByteToMessageDecoder.java:310)
	io.netty.handler.codec.ByteToMessageDecoder.callDecode(ByteToMessageDecoder.java:426)
	io.netty.handler.codec.ByteToMessageDecoder.channelRead(ByteToMessageDecoder.java:278)
	io.netty.channel.CombinedChannelDuplexHandler.channelRead(CombinedChannelDuplexHandler.java:253)
	io.netty.channel.AbstractChannelHandlerContext.invokeChannelRead(AbstractChannelHandlerContext.java:374)
	io.netty.channel.AbstractChannelHandlerContext.invokeChannelRead(AbstractChannelHandlerContext.java:360)
	io.netty.channel.AbstractChannelHandlerContext.fireChannelRead(AbstractChannelHandlerContext.java:352)
	io.netty.channel.DefaultChannelPipeline$HeadContext.channelRead(DefaultChannelPipeline.java:1408)
	io.netty.channel.AbstractChannelHandlerContext.invokeChannelRead(AbstractChannelHandlerContext.java:374)
	io.netty.channel.AbstractChannelHandlerContext.invokeChannelRead(AbstractChannelHandlerContext.java:360)
	io.netty.channel.DefaultChannelPipeline.fireChannelRead(DefaultChannelPipeline.java:930)
	io.netty.channel.nio.AbstractNioByteChannel$NioByteUnsafe.read(AbstractNioByteChannel.java:163)
	io.netty.channel.nio.NioEventLoop.processSelectedKey(NioEventLoop.java:682)
	io.netty.channel.nio.NioEventLoop.processSelectedKeysOptimized(NioEventLoop.java:617)
	io.netty.channel.nio.NioEventLoop.processSelectedKeys(NioEventLoop.java:534)
	io.netty.channel.nio.NioEventLoop.run(NioEventLoop.java:496)
	io.netty.util.concurrent.SingleThreadEventExecutor$5.run(SingleThreadEventExecutor.java:906)
	io.netty.util.internal.ThreadExecutorMap$2.run(ThreadExecutorMap.java:74)
	io.netty.util.concurrent.FastThreadLocalRunnable.run(FastThreadLocalRunnable.java:30)
	java.lang.Thread.run(Thread.java:748)
#6:
	Hint: 'reactor.left.httpTrafficHandler' will handle the message from this point.
	io.netty.handler.codec.http.DefaultHttpContent.touch(DefaultHttpContent.java:88)
	io.netty.handler.codec.http.DefaultHttpContent.touch(DefaultHttpContent.java:24)
	io.netty.channel.DefaultChannelPipeline.touch(DefaultChannelPipeline.java:116)
	io.netty.channel.AbstractChannelHandlerContext.invokeChannelRead(AbstractChannelHandlerContext.java:357)
	io.netty.channel.AbstractChannelHandlerContext.fireChannelRead(AbstractChannelHandlerContext.java:352)
	io.netty.channel.CombinedChannelDuplexHandler$DelegatingChannelHandlerContext.fireChannelRead(CombinedChannelDuplexHandler.java:438)
	io.netty.handler.codec.ByteToMessageDecoder.fireChannelRead(ByteToMessageDecoder.java:323)
	io.netty.handler.codec.ByteToMessageDecoder.fireChannelRead(ByteToMessageDecoder.java:310)
	io.netty.handler.codec.ByteToMessageDecoder.callDecode(ByteToMessageDecoder.java:426)
	io.netty.handler.codec.ByteToMessageDecoder.channelRead(ByteToMessageDecoder.java:278)
	io.netty.channel.CombinedChannelDuplexHandler.channelRead(CombinedChannelDuplexHandler.java:253)
	io.netty.channel.AbstractChannelHandlerContext.invokeChannelRead(AbstractChannelHandlerContext.java:374)
	io.netty.channel.AbstractChannelHandlerContext.invokeChannelRead(AbstractChannelHandlerContext.java:360)
	io.netty.channel.AbstractChannelHandlerContext.fireChannelRead(AbstractChannelHandlerContext.java:352)
	io.netty.channel.DefaultChannelPipeline$HeadContext.channelRead(DefaultChannelPipeline.java:1408)
	io.netty.channel.AbstractChannelHandlerContext.invokeChannelRead(AbstractChannelHandlerContext.java:374)
	io.netty.channel.AbstractChannelHandlerContext.invokeChannelRead(AbstractChannelHandlerContext.java:360)
	io.netty.channel.DefaultChannelPipeline.fireChannelRead(DefaultChannelPipeline.java:930)
	io.netty.channel.nio.AbstractNioByteChannel$NioByteUnsafe.read(AbstractNioByteChannel.java:163)
	io.netty.channel.nio.NioEventLoop.processSelectedKey(NioEventLoop.java:682)
	io.netty.channel.nio.NioEventLoop.processSelectedKeysOptimized(NioEventLoop.java:617)
	io.netty.channel.nio.NioEventLoop.processSelectedKeys(NioEventLoop.java:534)
	io.netty.channel.nio.NioEventLoop.run(NioEventLoop.java:496)
	io.netty.util.concurrent.SingleThreadEventExecutor$5.run(SingleThreadEventExecutor.java:906)
	io.netty.util.internal.ThreadExecutorMap$2.run(ThreadExecutorMap.java:74)
	io.netty.util.concurrent.FastThreadLocalRunnable.run(FastThreadLocalRunnable.java:30)
	java.lang.Thread.run(Thread.java:748)
Created at:
	io.netty.buffer.SimpleLeakAwareByteBuf.unwrappedDerived(SimpleLeakAwareByteBuf.java:143)
	io.netty.buffer.SimpleLeakAwareByteBuf.readRetainedSlice(SimpleLeakAwareByteBuf.java:67)
	io.netty.buffer.AdvancedLeakAwareByteBuf.readRetainedSlice(AdvancedLeakAwareByteBuf.java:107)
	io.netty.handler.codec.http.HttpObjectDecoder.decode(HttpObjectDecoder.java:336)
	io.netty.handler.codec.http.HttpServerCodec$HttpServerRequestDecoder.decode(HttpServerCodec.java:103)
	io.netty.handler.codec.ByteToMessageDecoder.decodeRemovalReentryProtection(ByteToMessageDecoder.java:502)
	io.netty.handler.codec.ByteToMessageDecoder.callDecode(ByteToMessageDecoder.java:441)
	io.netty.handler.codec.ByteToMessageDecoder.channelRead(ByteToMessageDecoder.java:278)
	io.netty.channel.CombinedChannelDuplexHandler.channelRead(CombinedChannelDuplexHandler.java:253)
	io.netty.channel.AbstractChannelHandlerContext.invokeChannelRead(AbstractChannelHandlerContext.java:374)
	io.netty.channel.AbstractChannelHandlerContext.invokeChannelRead(AbstractChannelHandlerContext.java:360)
	io.netty.channel.AbstractChannelHandlerContext.fireChannelRead(AbstractChannelHandlerContext.java:352)
	io.netty.channel.DefaultChannelPipeline$HeadContext.channelRead(DefaultChannelPipeline.java:1408)
	io.netty.channel.AbstractChannelHandlerContext.invokeChannelRead(AbstractChannelHandlerContext.java:374)
	io.netty.channel.AbstractChannelHandlerContext.invokeChannelRead(AbstractChannelHandlerContext.java:360)
	io.netty.channel.DefaultChannelPipeline.fireChannelRead(DefaultChannelPipeline.java:930)
	io.netty.channel.nio.AbstractNioByteChannel$NioByteUnsafe.read(AbstractNioByteChannel.java:163)
	io.netty.channel.nio.NioEventLoop.processSelectedKey(NioEventLoop.java:682)
	io.netty.channel.nio.NioEventLoop.processSelectedKeysOptimized(NioEventLoop.java:617)
	io.netty.channel.nio.NioEventLoop.processSelectedKeys(NioEventLoop.java:534)
	io.netty.channel.nio.NioEventLoop.run(NioEventLoop.java:496)
	io.netty.util.concurrent.SingleThreadEventExecutor$5.run(SingleThreadEventExecutor.java:906)
	io.netty.util.internal.ThreadExecutorMap$2.run(ThreadExecutorMap.java:74)
	io.netty.util.concurrent.FastThreadLocalRunnable.run(FastThreadLocalRunnable.java:30)
	java.lang.Thread.run(Thread.java:748)
: 4 leak records were discarded because they were duplicates
: 243 leak records were discarded because the leak record count is targeted to 4. Use system property io.netty.leakDetection.targetRecords to increase the limit.
22:42:59.911 [reactor-http-nio-14] ERROR i.n.u.ResourceLeakDetector - LEAK: ByteBuf.release() was not called before it's garbage-collected. See http://netty.io/wiki/reference-counted-objects.html for more information.
Recent access records: 
#1:
	io.netty.buffer.AdvancedLeakAwareByteBuf.getByte(AdvancedLeakAwareByteBuf.java:154)
	io.netty.buffer.CompositeByteBuf.getByte(CompositeByteBuf.java:913)
	io.netty.buffer.WrappedCompositeByteBuf.getByte(WrappedCompositeByteBuf.java:652)
	io.netty.buffer.AdvancedLeakAwareCompositeByteBuf.getByte(AdvancedLeakAwareCompositeByteBuf.java:141)
	org.springframework.core.io.buffer.NettyDataBuffer.getByte(NettyDataBuffer.java:132)
	org.springframework.http.codec.multipart.DefaultMultipartMessageReader.toPart(DefaultMultipartMessageReader.java:179)
	reactor.core.publisher.FluxMap$MapConditionalSubscriber.onNext(FluxMap.java:199)
	reactor.core.publisher.FluxTakeWhile$TakeWhileSubscriber.onNext(FluxTakeWhile.java:94)
	reactor.core.publisher.FluxContextStart$ContextStartSubscriber.onNext(FluxContextStart.java:103)
	reactor.core.publisher.FluxMap$MapConditionalSubscriber.onNext(FluxMap.java:213)
	reactor.core.publisher.FluxBufferPredicate$BufferPredicateSubscriber.emit(FluxBufferPredicate.java:290)
	reactor.core.publisher.FluxBufferPredicate$BufferPredicateSubscriber.onNextNewBuffer(FluxBufferPredicate.java:257)
	reactor.core.publisher.FluxBufferPredicate$BufferPredicateSubscriber.tryOnNext(FluxBufferPredicate.java:211)
	reactor.core.publisher.FluxBufferPredicate$BufferPredicateSubscriber.onNext(FluxBufferPredicate.java:184)
	reactor.core.publisher.FluxFlatMap$FlatMapMain.drainLoop(FluxFlatMap.java:664)
	reactor.core.publisher.FluxFlatMap$FlatMapMain.drain(FluxFlatMap.java:540)
	reactor.core.publisher.FluxFlatMap$FlatMapInner.onSubscribe(FluxFlatMap.java:924)
	reactor.core.publisher.FluxIterable.subscribe(FluxIterable.java:139)
	reactor.core.publisher.FluxIterable.subscribe(FluxIterable.java:63)
	reactor.core.publisher.Flux.subscribe(Flux.java:7922)
	reactor.core.publisher.FluxFlatMap$FlatMapMain.onNext(FluxFlatMap.java:389)
	reactor.core.publisher.FluxConcatMap$ConcatMapImmediate.innerNext(FluxConcatMap.java:275)
	reactor.core.publisher.FluxConcatMap$ConcatMapInner.onNext(FluxConcatMap.java:849)
	reactor.core.publisher.FluxConcatMap$WeakScalarSubscription.request(FluxConcatMap.java:470)
	reactor.core.publisher.Operators$MultiSubscriptionSubscriber.set(Operators.java:1939)
	reactor.core.publisher.FluxConcatMap$ConcatMapImmediate.drain(FluxConcatMap.java:436)
	reactor.core.publisher.FluxConcatMap$ConcatMapImmediate.onNext(FluxConcatMap.java:244)
	reactor.core.publisher.FluxMap$MapSubscriber.onNext(FluxMap.java:114)
	reactor.core.publisher.FluxPeek$PeekSubscriber.onNext(FluxPeek.java:192)
	reactor.core.publisher.FluxMap$MapSubscriber.onNext(FluxMap.java:114)
	reactor.netty.channel.FluxReceive.drainReceiver(FluxReceive.java:206)
	reactor.netty.channel.FluxReceive.onInboundNext(FluxReceive.java:322)
	reactor.netty.channel.ChannelOperations.onInboundNext(ChannelOperations.java:335)
	reactor.netty.http.server.HttpServerOperations.onInboundNext(HttpServerOperations.java:456)
	reactor.netty.channel.ChannelOperationsHandler.channelRead(ChannelOperationsHandler.java:91)
	io.netty.channel.AbstractChannelHandlerContext.invokeChannelRead(AbstractChannelHandlerContext.java:374)
	io.netty.channel.AbstractChannelHandlerContext.invokeChannelRead(AbstractChannelHandlerContext.java:360)
	io.netty.channel.AbstractChannelHandlerContext.fireChannelRead(AbstractChannelHandlerContext.java:352)
	reactor.netty.http.server.HttpTrafficHandler.channelRead(HttpTrafficHandler.java:190)
	io.netty.channel.AbstractChannelHandlerContext.invokeChannelRead(AbstractChannelHandlerContext.java:374)
	io.netty.channel.AbstractChannelHandlerContext.invokeChannelRead(AbstractChannelHandlerContext.java:360)
	io.netty.channel.AbstractChannelHandlerContext.fireChannelRead(AbstractChannelHandlerContext.java:352)
	io.netty.channel.CombinedChannelDuplexHandler$DelegatingChannelHandlerContext.fireChannelRead(CombinedChannelDuplexHandler.java:438)
	io.netty.handler.codec.ByteToMessageDecoder.fireChannelRead(ByteToMessageDecoder.java:323)
	io.netty.handler.codec.ByteToMessageDecoder.fireChannelRead(ByteToMessageDecoder.java:310)
	io.netty.handler.codec.ByteToMessageDecoder.callDecode(ByteToMessageDecoder.java:426)
	io.netty.handler.codec.ByteToMessageDecoder.channelRead(ByteToMessageDecoder.java:278)
	io.netty.channel.CombinedChannelDuplexHandler.channelRead(CombinedChannelDuplexHandler.java:253)
	io.netty.channel.AbstractChannelHandlerContext.invokeChannelRead(AbstractChannelHandlerContext.java:374)
	io.netty.channel.AbstractChannelHandlerContext.invokeChannelRead(AbstractChannelHandlerContext.java:360)
	io.netty.channel.AbstractChannelHandlerContext.fireChannelRead(AbstractChannelHandlerContext.java:352)
	io.netty.channel.DefaultChannelPipeline$HeadContext.channelRead(DefaultChannelPipeline.java:1408)
	io.netty.channel.AbstractChannelHandlerContext.invokeChannelRead(AbstractChannelHandlerContext.java:374)
	io.netty.channel.AbstractChannelHandlerContext.invokeChannelRead(AbstractChannelHandlerContext.java:360)
	io.netty.channel.DefaultChannelPipeline.fireChannelRead(DefaultChannelPipeline.java:930)
	io.netty.channel.nio.AbstractNioByteChannel$NioByteUnsafe.read(AbstractNioByteChannel.java:163)
	io.netty.channel.nio.NioEventLoop.processSelectedKey(NioEventLoop.java:682)
	io.netty.channel.nio.NioEventLoop.processSelectedKeysOptimized(NioEventLoop.java:617)
	io.netty.channel.nio.NioEventLoop.processSelectedKeys(NioEventLoop.java:534)
	io.netty.channel.nio.NioEventLoop.run(NioEventLoop.java:496)
	io.netty.util.concurrent.SingleThreadEventExecutor$5.run(SingleThreadEventExecutor.java:906)
	io.netty.util.internal.ThreadExecutorMap$2.run(ThreadExecutorMap.java:74)
	io.netty.util.concurrent.FastThreadLocalRunnable.run(FastThreadLocalRunnable.java:30)
	java.lang.Thread.run(Thread.java:748)
#2:
	io.netty.buffer.AdvancedLeakAwareByteBuf.getByte(AdvancedLeakAwareByteBuf.java:154)
	org.springframework.core.io.buffer.NettyDataBuffer.getByte(NettyDataBuffer.java:132)
	org.springframework.core.io.buffer.DataBufferUtils$KnuthMorrisPrattMatcher.match(DataBufferUtils.java:1005)
	org.springframework.core.io.buffer.DataBufferUtils.endFrameAfterDelimiter(DataBufferUtils.java:634)
	org.springframework.core.io.buffer.DataBufferUtils.lambda$split$18(DataBufferUtils.java:603)
	reactor.core.publisher.FluxFlatMap$FlatMapMain.onNext(FluxFlatMap.java:350)
	reactor.core.publisher.FluxConcatMap$ConcatMapImmediate.innerNext(FluxConcatMap.java:275)
	reactor.core.publisher.FluxConcatMap$ConcatMapInner.onNext(FluxConcatMap.java:849)
	reactor.core.publisher.FluxConcatMap$WeakScalarSubscription.request(FluxConcatMap.java:470)
	reactor.core.publisher.Operators$MultiSubscriptionSubscriber.set(Operators.java:1939)
	reactor.core.publisher.FluxConcatMap$ConcatMapImmediate.drain(FluxConcatMap.java:436)
	reactor.core.publisher.FluxConcatMap$ConcatMapImmediate.onNext(FluxConcatMap.java:244)
	reactor.core.publisher.FluxMap$MapSubscriber.onNext(FluxMap.java:114)
	reactor.core.publisher.FluxPeek$PeekSubscriber.onNext(FluxPeek.java:192)
	reactor.core.publisher.FluxMap$MapSubscriber.onNext(FluxMap.java:114)
	reactor.netty.channel.FluxReceive.drainReceiver(FluxReceive.java:206)
	reactor.netty.channel.FluxReceive.onInboundNext(FluxReceive.java:322)
	reactor.netty.channel.ChannelOperations.onInboundNext(ChannelOperations.java:335)
	reactor.netty.http.server.HttpServerOperations.onInboundNext(HttpServerOperations.java:456)
	reactor.netty.channel.ChannelOperationsHandler.channelRead(ChannelOperationsHandler.java:91)
	io.netty.channel.AbstractChannelHandlerContext.invokeChannelRead(AbstractChannelHandlerContext.java:374)
	io.netty.channel.AbstractChannelHandlerContext.invokeChannelRead(AbstractChannelHandlerContext.java:360)
	io.netty.channel.AbstractChannelHandlerContext.fireChannelRead(AbstractChannelHandlerContext.java:352)
	reactor.netty.http.server.HttpTrafficHandler.channelRead(HttpTrafficHandler.java:190)
	io.netty.channel.AbstractChannelHandlerContext.invokeChannelRead(AbstractChannelHandlerContext.java:374)
	io.netty.channel.AbstractChannelHandlerContext.invokeChannelRead(AbstractChannelHandlerContext.java:360)
	io.netty.channel.AbstractChannelHandlerContext.fireChannelRead(AbstractChannelHandlerContext.java:352)
	io.netty.channel.CombinedChannelDuplexHandler$DelegatingChannelHandlerContext.fireChannelRead(CombinedChannelDuplexHandler.java:438)
	io.netty.handler.codec.ByteToMessageDecoder.fireChannelRead(ByteToMessageDecoder.java:323)
	io.netty.handler.codec.ByteToMessageDecoder.fireChannelRead(ByteToMessageDecoder.java:310)
	io.netty.handler.codec.ByteToMessageDecoder.callDecode(ByteToMessageDecoder.java:426)
	io.netty.handler.codec.ByteToMessageDecoder.channelRead(ByteToMessageDecoder.java:278)
	io.netty.channel.CombinedChannelDuplexHandler.channelRead(CombinedChannelDuplexHandler.java:253)
	io.netty.channel.AbstractChannelHandlerContext.invokeChannelRead(AbstractChannelHandlerContext.java:374)
	io.netty.channel.AbstractChannelHandlerContext.invokeChannelRead(AbstractChannelHandlerContext.java:360)
	io.netty.channel.AbstractChannelHandlerContext.fireChannelRead(AbstractChannelHandlerContext.java:352)
	io.netty.channel.DefaultChannelPipeline$HeadContext.channelRead(DefaultChannelPipeline.java:1408)
	io.netty.channel.AbstractChannelHandlerContext.invokeChannelRead(AbstractChannelHandlerContext.java:374)
	io.netty.channel.AbstractChannelHandlerContext.invokeChannelRead(AbstractChannelHandlerContext.java:360)
	io.netty.channel.DefaultChannelPipeline.fireChannelRead(DefaultChannelPipeline.java:930)
	io.netty.channel.nio.AbstractNioByteChannel$NioByteUnsafe.read(AbstractNioByteChannel.java:163)
	io.netty.channel.nio.NioEventLoop.processSelectedKey(NioEventLoop.java:682)
	io.netty.channel.nio.NioEventLoop.processSelectedKeysOptimized(NioEventLoop.java:617)
	io.netty.channel.nio.NioEventLoop.processSelectedKeys(NioEventLoop.java:534)
	io.netty.channel.nio.NioEventLoop.run(NioEventLoop.java:496)
	io.netty.util.concurrent.SingleThreadEventExecutor$5.run(SingleThreadEventExecutor.java:906)
	io.netty.util.internal.ThreadExecutorMap$2.run(ThreadExecutorMap.java:74)
	io.netty.util.concurrent.FastThreadLocalRunnable.run(FastThreadLocalRunnable.java:30)
	java.lang.Thread.run(Thread.java:748)
#3:
	reactor.core.publisher.FluxPeek$PeekSubscriber.onNext(FluxPeek.java:177)
	reactor.core.publisher.FluxMap$MapSubscriber.onNext(FluxMap.java:114)
	reactor.netty.channel.FluxReceive.drainReceiver(FluxReceive.java:206)
	reactor.netty.channel.FluxReceive.onInboundNext(FluxReceive.java:322)
	reactor.netty.channel.ChannelOperations.onInboundNext(ChannelOperations.java:335)
	reactor.netty.http.server.HttpServerOperations.onInboundNext(HttpServerOperations.java:456)
	reactor.netty.channel.ChannelOperationsHandler.channelRead(ChannelOperationsHandler.java:91)
	io.netty.channel.AbstractChannelHandlerContext.invokeChannelRead(AbstractChannelHandlerContext.java:374)
	io.netty.channel.AbstractChannelHandlerContext.invokeChannelRead(AbstractChannelHandlerContext.java:360)
	io.netty.channel.AbstractChannelHandlerContext.fireChannelRead(AbstractChannelHandlerContext.java:352)
	reactor.netty.http.server.HttpTrafficHandler.channelRead(HttpTrafficHandler.java:190)
	io.netty.channel.AbstractChannelHandlerContext.invokeChannelRead(AbstractChannelHandlerContext.java:374)
	io.netty.channel.AbstractChannelHandlerContext.invokeChannelRead(AbstractChannelHandlerContext.java:360)
	io.netty.channel.AbstractChannelHandlerContext.fireChannelRead(AbstractChannelHandlerContext.java:352)
	io.netty.channel.CombinedChannelDuplexHandler$DelegatingChannelHandlerContext.fireChannelRead(CombinedChannelDuplexHandler.java:438)
	io.netty.handler.codec.ByteToMessageDecoder.fireChannelRead(ByteToMessageDecoder.java:323)
	io.netty.handler.codec.ByteToMessageDecoder.fireChannelRead(ByteToMessageDecoder.java:310)
	io.netty.handler.codec.ByteToMessageDecoder.callDecode(ByteToMessageDecoder.java:426)
	io.netty.handler.codec.ByteToMessageDecoder.channelRead(ByteToMessageDecoder.java:278)
	io.netty.channel.CombinedChannelDuplexHandler.channelRead(CombinedChannelDuplexHandler.java:253)
	io.netty.channel.AbstractChannelHandlerContext.invokeChannelRead(AbstractChannelHandlerContext.java:374)
	io.netty.channel.AbstractChannelHandlerContext.invokeChannelRead(AbstractChannelHandlerContext.java:360)
	io.netty.channel.AbstractChannelHandlerContext.fireChannelRead(AbstractChannelHandlerContext.java:352)
	io.netty.channel.DefaultChannelPipeline$HeadContext.channelRead(DefaultChannelPipeline.java:1408)
	io.netty.channel.AbstractChannelHandlerContext.invokeChannelRead(AbstractChannelHandlerContext.java:374)
	io.netty.channel.AbstractChannelHandlerContext.invokeChannelRead(AbstractChannelHandlerContext.java:360)
	io.netty.channel.DefaultChannelPipeline.fireChannelRead(DefaultChannelPipeline.java:930)
	io.netty.channel.nio.AbstractNioByteChannel$NioByteUnsafe.read(AbstractNioByteChannel.java:163)
	io.netty.channel.nio.NioEventLoop.processSelectedKey(NioEventLoop.java:682)
	io.netty.channel.nio.NioEventLoop.processSelectedKeysOptimized(NioEventLoop.java:617)
	io.netty.channel.nio.NioEventLoop.processSelectedKeys(NioEventLoop.java:534)
	io.netty.channel.nio.NioEventLoop.run(NioEventLoop.java:496)
	io.netty.util.concurrent.SingleThreadEventExecutor$5.run(SingleThreadEventExecutor.java:906)
	io.netty.util.internal.ThreadExecutorMap$2.run(ThreadExecutorMap.java:74)
	io.netty.util.concurrent.FastThreadLocalRunnable.run(FastThreadLocalRunnable.java:30)
	java.lang.Thread.run(Thread.java:748)
#4:
	Hint: 'reactor.right.reactiveBridge' will handle the message from this point.
	io.netty.handler.codec.http.DefaultHttpContent.touch(DefaultHttpContent.java:88)
	io.netty.handler.codec.http.DefaultHttpContent.touch(DefaultHttpContent.java:24)
	io.netty.channel.DefaultChannelPipeline.touch(DefaultChannelPipeline.java:116)
	io.netty.channel.AbstractChannelHandlerContext.invokeChannelRead(AbstractChannelHandlerContext.java:357)
	io.netty.channel.AbstractChannelHandlerContext.fireChannelRead(AbstractChannelHandlerContext.java:352)
	reactor.netty.http.server.HttpTrafficHandler.channelRead(HttpTrafficHandler.java:190)
	io.netty.channel.AbstractChannelHandlerContext.invokeChannelRead(AbstractChannelHandlerContext.java:374)
	io.netty.channel.AbstractChannelHandlerContext.invokeChannelRead(AbstractChannelHandlerContext.java:360)
	io.netty.channel.AbstractChannelHandlerContext.fireChannelRead(AbstractChannelHandlerContext.java:352)
	io.netty.channel.CombinedChannelDuplexHandler$DelegatingChannelHandlerContext.fireChannelRead(CombinedChannelDuplexHandler.java:438)
	io.netty.handler.codec.ByteToMessageDecoder.fireChannelRead(ByteToMessageDecoder.java:323)
	io.netty.handler.codec.ByteToMessageDecoder.fireChannelRead(ByteToMessageDecoder.java:310)
	io.netty.handler.codec.ByteToMessageDecoder.callDecode(ByteToMessageDecoder.java:426)
	io.netty.handler.codec.ByteToMessageDecoder.channelRead(ByteToMessageDecoder.java:278)
	io.netty.channel.CombinedChannelDuplexHandler.channelRead(CombinedChannelDuplexHandler.java:253)
	io.netty.channel.AbstractChannelHandlerContext.invokeChannelRead(AbstractChannelHandlerContext.java:374)
	io.netty.channel.AbstractChannelHandlerContext.invokeChannelRead(AbstractChannelHandlerContext.java:360)
	io.netty.channel.AbstractChannelHandlerContext.fireChannelRead(AbstractChannelHandlerContext.java:352)
	io.netty.channel.DefaultChannelPipeline$HeadContext.channelRead(DefaultChannelPipeline.java:1408)
	io.netty.channel.AbstractChannelHandlerContext.invokeChannelRead(AbstractChannelHandlerContext.java:374)
	io.netty.channel.AbstractChannelHandlerContext.invokeChannelRead(AbstractChannelHandlerContext.java:360)
	io.netty.channel.DefaultChannelPipeline.fireChannelRead(DefaultChannelPipeline.java:930)
	io.netty.channel.nio.AbstractNioByteChannel$NioByteUnsafe.read(AbstractNioByteChannel.java:163)
	io.netty.channel.nio.NioEventLoop.processSelectedKey(NioEventLoop.java:682)
	io.netty.channel.nio.NioEventLoop.processSelectedKeysOptimized(NioEventLoop.java:617)
	io.netty.channel.nio.NioEventLoop.processSelectedKeys(NioEventLoop.java:534)
	io.netty.channel.nio.NioEventLoop.run(NioEventLoop.java:496)
	io.netty.util.concurrent.SingleThreadEventExecutor$5.run(SingleThreadEventExecutor.java:906)
	io.netty.util.internal.ThreadExecutorMap$2.run(ThreadExecutorMap.java:74)
	io.netty.util.concurrent.FastThreadLocalRunnable.run(FastThreadLocalRunnable.java:30)
	java.lang.Thread.run(Thread.java:748)
#5:
	Hint: 'reactor.left.httpTrafficHandler' will handle the message from this point.
	io.netty.handler.codec.http.DefaultHttpContent.touch(DefaultHttpContent.java:88)
	io.netty.handler.codec.http.DefaultHttpContent.touch(DefaultHttpContent.java:24)
	io.netty.channel.DefaultChannelPipeline.touch(DefaultChannelPipeline.java:116)
	io.netty.channel.AbstractChannelHandlerContext.invokeChannelRead(AbstractChannelHandlerContext.java:357)
	io.netty.channel.AbstractChannelHandlerContext.fireChannelRead(AbstractChannelHandlerContext.java:352)
	io.netty.channel.CombinedChannelDuplexHandler$DelegatingChannelHandlerContext.fireChannelRead(CombinedChannelDuplexHandler.java:438)
	io.netty.handler.codec.ByteToMessageDecoder.fireChannelRead(ByteToMessageDecoder.java:323)
	io.netty.handler.codec.ByteToMessageDecoder.fireChannelRead(ByteToMessageDecoder.java:310)
	io.netty.handler.codec.ByteToMessageDecoder.callDecode(ByteToMessageDecoder.java:426)
	io.netty.handler.codec.ByteToMessageDecoder.channelRead(ByteToMessageDecoder.java:278)
	io.netty.channel.CombinedChannelDuplexHandler.channelRead(CombinedChannelDuplexHandler.java:253)
	io.netty.channel.AbstractChannelHandlerContext.invokeChannelRead(AbstractChannelHandlerContext.java:374)
	io.netty.channel.AbstractChannelHandlerContext.invokeChannelRead(AbstractChannelHandlerContext.java:360)
	io.netty.channel.AbstractChannelHandlerContext.fireChannelRead(AbstractChannelHandlerContext.java:352)
	io.netty.channel.DefaultChannelPipeline$HeadContext.channelRead(DefaultChannelPipeline.java:1408)
	io.netty.channel.AbstractChannelHandlerContext.invokeChannelRead(AbstractChannelHandlerContext.java:374)
	io.netty.channel.AbstractChannelHandlerContext.invokeChannelRead(AbstractChannelHandlerContext.java:360)
	io.netty.channel.DefaultChannelPipeline.fireChannelRead(DefaultChannelPipeline.java:930)
	io.netty.channel.nio.AbstractNioByteChannel$NioByteUnsafe.read(AbstractNioByteChannel.java:163)
	io.netty.channel.nio.NioEventLoop.processSelectedKey(NioEventLoop.java:682)
	io.netty.channel.nio.NioEventLoop.processSelectedKeysOptimized(NioEventLoop.java:617)
	io.netty.channel.nio.NioEventLoop.processSelectedKeys(NioEventLoop.java:534)
	io.netty.channel.nio.NioEventLoop.run(NioEventLoop.java:496)
	io.netty.util.concurrent.SingleThreadEventExecutor$5.run(SingleThreadEventExecutor.java:906)
	io.netty.util.internal.ThreadExecutorMap$2.run(ThreadExecutorMap.java:74)
	io.netty.util.concurrent.FastThreadLocalRunnable.run(FastThreadLocalRunnable.java:30)
	java.lang.Thread.run(Thread.java:748)
Created at:
	io.netty.buffer.SimpleLeakAwareByteBuf.unwrappedDerived(SimpleLeakAwareByteBuf.java:143)
	io.netty.buffer.SimpleLeakAwareByteBuf.readRetainedSlice(SimpleLeakAwareByteBuf.java:67)
	io.netty.buffer.AdvancedLeakAwareByteBuf.readRetainedSlice(AdvancedLeakAwareByteBuf.java:107)
	io.netty.handler.codec.http.HttpObjectDecoder.decode(HttpObjectDecoder.java:336)
	io.netty.handler.codec.http.HttpServerCodec$HttpServerRequestDecoder.decode(HttpServerCodec.java:103)
	io.netty.handler.codec.ByteToMessageDecoder.decodeRemovalReentryProtection(ByteToMessageDecoder.java:502)
	io.netty.handler.codec.ByteToMessageDecoder.callDecode(ByteToMessageDecoder.java:441)
	io.netty.handler.codec.ByteToMessageDecoder.channelRead(ByteToMessageDecoder.java:278)
	io.netty.channel.CombinedChannelDuplexHandler.channelRead(CombinedChannelDuplexHandler.java:253)
	io.netty.channel.AbstractChannelHandlerContext.invokeChannelRead(AbstractChannelHandlerContext.java:374)
	io.netty.channel.AbstractChannelHandlerContext.invokeChannelRead(AbstractChannelHandlerContext.java:360)
	io.netty.channel.AbstractChannelHandlerContext.fireChannelRead(AbstractChannelHandlerContext.java:352)
	io.netty.channel.DefaultChannelPipeline$HeadContext.channelRead(DefaultChannelPipeline.java:1408)
	io.netty.channel.AbstractChannelHandlerContext.invokeChannelRead(AbstractChannelHandlerContext.java:374)
	io.netty.channel.AbstractChannelHandlerContext.invokeChannelRead(AbstractChannelHandlerContext.java:360)
	io.netty.channel.DefaultChannelPipeline.fireChannelRead(DefaultChannelPipeline.java:930)
	io.netty.channel.nio.AbstractNioByteChannel$NioByteUnsafe.read(AbstractNioByteChannel.java:163)
	io.netty.channel.nio.NioEventLoop.processSelectedKey(NioEventLoop.java:682)
	io.netty.channel.nio.NioEventLoop.processSelectedKeysOptimized(NioEventLoop.java:617)
	io.netty.channel.nio.NioEventLoop.processSelectedKeys(NioEventLoop.java:534)
	io.netty.channel.nio.NioEventLoop.run(NioEventLoop.java:496)
	io.netty.util.concurrent.SingleThreadEventExecutor$5.run(SingleThreadEventExecutor.java:906)
	io.netty.util.internal.ThreadExecutorMap$2.run(ThreadExecutorMap.java:74)
	io.netty.util.concurrent.FastThreadLocalRunnable.run(FastThreadLocalRunnable.java:30)
	java.lang.Thread.run(Thread.java:748)
: 4 leak records were discarded because they were duplicates
: 45 leak records were discarded because the leak record count is targeted to 4. Use system property io.netty.leakDetection.targetRecords to increase the limit.
22:42:59.915 [reactor-http-nio-14] ERROR i.n.u.ResourceLeakDetector - LEAK: ByteBuf.release() was not called before it's garbage-collected. See http://netty.io/wiki/reference-counted-objects.html for more information.
Recent access records: 
#1:
	io.netty.buffer.AdvancedLeakAwareByteBuf.order(AdvancedLeakAwareByteBuf.java:70)
	io.netty.buffer.CompositeByteBuf.newComponent(CompositeByteBuf.java:318)
	io.netty.buffer.CompositeByteBuf.addComponent0(CompositeByteBuf.java:280)
	io.netty.buffer.CompositeByteBuf.addComponent(CompositeByteBuf.java:265)
	io.netty.buffer.CompositeByteBuf.addComponent(CompositeByteBuf.java:222)
	io.netty.buffer.WrappedCompositeByteBuf.addComponent(WrappedCompositeByteBuf.java:529)
	io.netty.buffer.AdvancedLeakAwareCompositeByteBuf.addComponent(AdvancedLeakAwareCompositeByteBuf.java:921)
	org.springframework.core.io.buffer.NettyDataBufferFactory.join(NettyDataBufferFactory.java:111)
	org.springframework.core.io.buffer.DataBufferUtils.joinAndStrip(DataBufferUtils.java:686)
	org.springframework.core.io.buffer.DataBufferUtils.lambda$split$20(DataBufferUtils.java:605)
	reactor.core.publisher.FluxMap$MapConditionalSubscriber.onNext(FluxMap.java:199)
	reactor.core.publisher.FluxBufferPredicate$BufferPredicateSubscriber.emit(FluxBufferPredicate.java:290)
	reactor.core.publisher.FluxBufferPredicate$BufferPredicateSubscriber.onNextNewBuffer(FluxBufferPredicate.java:257)
	reactor.core.publisher.FluxBufferPredicate$BufferPredicateSubscriber.tryOnNext(FluxBufferPredicate.java:211)
	reactor.core.publisher.FluxBufferPredicate$BufferPredicateSubscriber.onNext(FluxBufferPredicate.java:184)
	reactor.core.publisher.FluxFlatMap$FlatMapMain.drainLoop(FluxFlatMap.java:664)
	reactor.core.publisher.FluxFlatMap$FlatMapMain.drain(FluxFlatMap.java:540)
	reactor.core.publisher.FluxFlatMap$FlatMapInner.onSubscribe(FluxFlatMap.java:924)
	reactor.core.publisher.FluxIterable.subscribe(FluxIterable.java:139)
	reactor.core.publisher.FluxIterable.subscribe(FluxIterable.java:63)
	reactor.core.publisher.Flux.subscribe(Flux.java:7922)
	reactor.core.publisher.FluxFlatMap$FlatMapMain.onNext(FluxFlatMap.java:389)
	reactor.core.publisher.FluxConcatMap$ConcatMapImmediate.innerNext(FluxConcatMap.java:275)
	reactor.core.publisher.FluxConcatMap$ConcatMapInner.onNext(FluxConcatMap.java:849)
	reactor.core.publisher.FluxConcatMap$WeakScalarSubscription.request(FluxConcatMap.java:470)
	reactor.core.publisher.Operators$MultiSubscriptionSubscriber.set(Operators.java:1939)
	reactor.core.publisher.FluxConcatMap$ConcatMapImmediate.drain(FluxConcatMap.java:436)
	reactor.core.publisher.FluxConcatMap$ConcatMapImmediate.onNext(FluxConcatMap.java:244)
	reactor.core.publisher.FluxMap$MapSubscriber.onNext(FluxMap.java:114)
	reactor.core.publisher.FluxPeek$PeekSubscriber.onNext(FluxPeek.java:192)
	reactor.core.publisher.FluxMap$MapSubscriber.onNext(FluxMap.java:114)
	reactor.netty.channel.FluxReceive.drainReceiver(FluxReceive.java:206)
	reactor.netty.channel.FluxReceive.onInboundNext(FluxReceive.java:322)
	reactor.netty.channel.ChannelOperations.onInboundNext(ChannelOperations.java:335)
	reactor.netty.http.server.HttpServerOperations.onInboundNext(HttpServerOperations.java:456)
	reactor.netty.channel.ChannelOperationsHandler.channelRead(ChannelOperationsHandler.java:91)
	io.netty.channel.AbstractChannelHandlerContext.invokeChannelRead(AbstractChannelHandlerContext.java:374)
	io.netty.channel.AbstractChannelHandlerContext.invokeChannelRead(AbstractChannelHandlerContext.java:360)
	io.netty.channel.AbstractChannelHandlerContext.fireChannelRead(AbstractChannelHandlerContext.java:352)
	reactor.netty.http.server.HttpTrafficHandler.channelRead(HttpTrafficHandler.java:190)
	io.netty.channel.AbstractChannelHandlerContext.invokeChannelRead(AbstractChannelHandlerContext.java:374)
	io.netty.channel.AbstractChannelHandlerContext.invokeChannelRead(AbstractChannelHandlerContext.java:360)
	io.netty.channel.AbstractChannelHandlerContext.fireChannelRead(AbstractChannelHandlerContext.java:352)
	io.netty.channel.CombinedChannelDuplexHandler$DelegatingChannelHandlerContext.fireChannelRead(CombinedChannelDuplexHandler.java:438)
	io.netty.handler.codec.ByteToMessageDecoder.fireChannelRead(ByteToMessageDecoder.java:323)
	io.netty.handler.codec.ByteToMessageDecoder.fireChannelRead(ByteToMessageDecoder.java:310)
	io.netty.handler.codec.ByteToMessageDecoder.callDecode(ByteToMessageDecoder.java:426)
	io.netty.handler.codec.ByteToMessageDecoder.channelRead(ByteToMessageDecoder.java:278)
	io.netty.channel.CombinedChannelDuplexHandler.channelRead(CombinedChannelDuplexHandler.java:253)
	io.netty.channel.AbstractChannelHandlerContext.invokeChannelRead(AbstractChannelHandlerContext.java:374)
	io.netty.channel.AbstractChannelHandlerContext.invokeChannelRead(AbstractChannelHandlerContext.java:360)
	io.netty.channel.AbstractChannelHandlerContext.fireChannelRead(AbstractChannelHandlerContext.java:352)
	io.netty.channel.DefaultChannelPipeline$HeadContext.channelRead(DefaultChannelPipeline.java:1408)
	io.netty.channel.AbstractChannelHandlerContext.invokeChannelRead(AbstractChannelHandlerContext.java:374)
	io.netty.channel.AbstractChannelHandlerContext.invokeChannelRead(AbstractChannelHandlerContext.java:360)
	io.netty.channel.DefaultChannelPipeline.fireChannelRead(DefaultChannelPipeline.java:930)
	io.netty.channel.nio.AbstractNioByteChannel$NioByteUnsafe.read(AbstractNioByteChannel.java:163)
	io.netty.channel.nio.NioEventLoop.processSelectedKey(NioEventLoop.java:682)
	io.netty.channel.nio.NioEventLoop.processSelectedKeysOptimized(NioEventLoop.java:617)
	io.netty.channel.nio.NioEventLoop.processSelectedKeys(NioEventLoop.java:534)
	io.netty.channel.nio.NioEventLoop.run(NioEventLoop.java:496)
	io.netty.util.concurrent.SingleThreadEventExecutor$5.run(SingleThreadEventExecutor.java:906)
	io.netty.util.internal.ThreadExecutorMap$2.run(ThreadExecutorMap.java:74)
	io.netty.util.concurrent.FastThreadLocalRunnable.run(FastThreadLocalRunnable.java:30)
	java.lang.Thread.run(Thread.java:748)
#2:
	io.netty.buffer.AdvancedLeakAwareByteBuf.getByte(AdvancedLeakAwareByteBuf.java:154)
	org.springframework.core.io.buffer.NettyDataBuffer.getByte(NettyDataBuffer.java:132)
	org.springframework.core.io.buffer.DataBufferUtils$KnuthMorrisPrattMatcher.match(DataBufferUtils.java:1005)
	org.springframework.core.io.buffer.DataBufferUtils.endFrameAfterDelimiter(DataBufferUtils.java:634)
	org.springframework.core.io.buffer.DataBufferUtils.lambda$split$18(DataBufferUtils.java:603)
	reactor.core.publisher.FluxFlatMap$FlatMapMain.onNext(FluxFlatMap.java:350)
	reactor.core.publisher.FluxConcatMap$ConcatMapImmediate.innerNext(FluxConcatMap.java:275)
	reactor.core.publisher.FluxConcatMap$ConcatMapInner.onNext(FluxConcatMap.java:849)
	reactor.core.publisher.FluxConcatMap$WeakScalarSubscription.request(FluxConcatMap.java:470)
	reactor.core.publisher.Operators$MultiSubscriptionSubscriber.set(Operators.java:1939)
	reactor.core.publisher.FluxConcatMap$ConcatMapImmediate.drain(FluxConcatMap.java:436)
	reactor.core.publisher.FluxConcatMap$ConcatMapImmediate.onNext(FluxConcatMap.java:244)
	reactor.core.publisher.FluxMap$MapSubscriber.onNext(FluxMap.java:114)
	reactor.core.publisher.FluxPeek$PeekSubscriber.onNext(FluxPeek.java:192)
	reactor.core.publisher.FluxMap$MapSubscriber.onNext(FluxMap.java:114)
	reactor.netty.channel.FluxReceive.drainReceiver(FluxReceive.java:206)
	reactor.netty.channel.FluxReceive.onInboundNext(FluxReceive.java:322)
	reactor.netty.channel.ChannelOperations.onInboundNext(ChannelOperations.java:335)
	reactor.netty.http.server.HttpServerOperations.onInboundNext(HttpServerOperations.java:456)
	reactor.netty.channel.ChannelOperationsHandler.channelRead(ChannelOperationsHandler.java:91)
	io.netty.channel.AbstractChannelHandlerContext.invokeChannelRead(AbstractChannelHandlerContext.java:374)
	io.netty.channel.AbstractChannelHandlerContext.invokeChannelRead(AbstractChannelHandlerContext.java:360)
	io.netty.channel.AbstractChannelHandlerContext.fireChannelRead(AbstractChannelHandlerContext.java:352)
	reactor.netty.http.server.HttpTrafficHandler.channelRead(HttpTrafficHandler.java:190)
	io.netty.channel.AbstractChannelHandlerContext.invokeChannelRead(AbstractChannelHandlerContext.java:374)
	io.netty.channel.AbstractChannelHandlerContext.invokeChannelRead(AbstractChannelHandlerContext.java:360)
	io.netty.channel.AbstractChannelHandlerContext.fireChannelRead(AbstractChannelHandlerContext.java:352)
	io.netty.channel.CombinedChannelDuplexHandler$DelegatingChannelHandlerContext.fireChannelRead(CombinedChannelDuplexHandler.java:438)
	io.netty.handler.codec.ByteToMessageDecoder.fireChannelRead(ByteToMessageDecoder.java:323)
	io.netty.handler.codec.ByteToMessageDecoder.fireChannelRead(ByteToMessageDecoder.java:310)
	io.netty.handler.codec.ByteToMessageDecoder.callDecode(ByteToMessageDecoder.java:426)
	io.netty.handler.codec.ByteToMessageDecoder.channelRead(ByteToMessageDecoder.java:278)
	io.netty.channel.CombinedChannelDuplexHandler.channelRead(CombinedChannelDuplexHandler.java:253)
	io.netty.channel.AbstractChannelHandlerContext.invokeChannelRead(AbstractChannelHandlerContext.java:374)
	io.netty.channel.AbstractChannelHandlerContext.invokeChannelRead(AbstractChannelHandlerContext.java:360)
	io.netty.channel.AbstractChannelHandlerContext.fireChannelRead(AbstractChannelHandlerContext.java:352)
	io.netty.channel.DefaultChannelPipeline$HeadContext.channelRead(DefaultChannelPipeline.java:1408)
	io.netty.channel.AbstractChannelHandlerContext.invokeChannelRead(AbstractChannelHandlerContext.java:374)
	io.netty.channel.AbstractChannelHandlerContext.invokeChannelRead(AbstractChannelHandlerContext.java:360)
	io.netty.channel.DefaultChannelPipeline.fireChannelRead(DefaultChannelPipeline.java:930)
	io.netty.channel.nio.AbstractNioByteChannel$NioByteUnsafe.read(AbstractNioByteChannel.java:163)
	io.netty.channel.nio.NioEventLoop.processSelectedKey(NioEventLoop.java:682)
	io.netty.channel.nio.NioEventLoop.processSelectedKeysOptimized(NioEventLoop.java:617)
	io.netty.channel.nio.NioEventLoop.processSelectedKeys(NioEventLoop.java:534)
	io.netty.channel.nio.NioEventLoop.run(NioEventLoop.java:496)
	io.netty.util.concurrent.SingleThreadEventExecutor$5.run(SingleThreadEventExecutor.java:906)
	io.netty.util.internal.ThreadExecutorMap$2.run(ThreadExecutorMap.java:74)
	io.netty.util.concurrent.FastThreadLocalRunnable.run(FastThreadLocalRunnable.java:30)
	java.lang.Thread.run(Thread.java:748)
#3:
	reactor.core.publisher.FluxPeek$PeekSubscriber.onNext(FluxPeek.java:177)
	reactor.core.publisher.FluxMap$MapSubscriber.onNext(FluxMap.java:114)
	reactor.netty.channel.FluxReceive.drainReceiver(FluxReceive.java:206)
	reactor.netty.channel.FluxReceive.onInboundNext(FluxReceive.java:322)
	reactor.netty.channel.ChannelOperations.onInboundNext(ChannelOperations.java:335)
	reactor.netty.http.server.HttpServerOperations.onInboundNext(HttpServerOperations.java:456)
	reactor.netty.channel.ChannelOperationsHandler.channelRead(ChannelOperationsHandler.java:91)
	io.netty.channel.AbstractChannelHandlerContext.invokeChannelRead(AbstractChannelHandlerContext.java:374)
	io.netty.channel.AbstractChannelHandlerContext.invokeChannelRead(AbstractChannelHandlerContext.java:360)
	io.netty.channel.AbstractChannelHandlerContext.fireChannelRead(AbstractChannelHandlerContext.java:352)
	reactor.netty.http.server.HttpTrafficHandler.channelRead(HttpTrafficHandler.java:190)
	io.netty.channel.AbstractChannelHandlerContext.invokeChannelRead(AbstractChannelHandlerContext.java:374)
	io.netty.channel.AbstractChannelHandlerContext.invokeChannelRead(AbstractChannelHandlerContext.java:360)
	io.netty.channel.AbstractChannelHandlerContext.fireChannelRead(AbstractChannelHandlerContext.java:352)
	io.netty.channel.CombinedChannelDuplexHandler$DelegatingChannelHandlerContext.fireChannelRead(CombinedChannelDuplexHandler.java:438)
	io.netty.handler.codec.ByteToMessageDecoder.fireChannelRead(ByteToMessageDecoder.java:323)
	io.netty.handler.codec.ByteToMessageDecoder.fireChannelRead(ByteToMessageDecoder.java:310)
	io.netty.handler.codec.ByteToMessageDecoder.callDecode(ByteToMessageDecoder.java:426)
	io.netty.handler.codec.ByteToMessageDecoder.channelRead(ByteToMessageDecoder.java:278)
	io.netty.channel.CombinedChannelDuplexHandler.channelRead(CombinedChannelDuplexHandler.java:253)
	io.netty.channel.AbstractChannelHandlerContext.invokeChannelRead(AbstractChannelHandlerContext.java:374)
	io.netty.channel.AbstractChannelHandlerContext.invokeChannelRead(AbstractChannelHandlerContext.java:360)
	io.netty.channel.AbstractChannelHandlerContext.fireChannelRead(AbstractChannelHandlerContext.java:352)
	io.netty.channel.DefaultChannelPipeline$HeadContext.channelRead(DefaultChannelPipeline.java:1408)
	io.netty.channel.AbstractChannelHandlerContext.invokeChannelRead(AbstractChannelHandlerContext.java:374)
	io.netty.channel.AbstractChannelHandlerContext.invokeChannelRead(AbstractChannelHandlerContext.java:360)
	io.netty.channel.DefaultChannelPipeline.fireChannelRead(DefaultChannelPipeline.java:930)
	io.netty.channel.nio.AbstractNioByteChannel$NioByteUnsafe.read(AbstractNioByteChannel.java:163)
	io.netty.channel.nio.NioEventLoop.processSelectedKey(NioEventLoop.java:682)
	io.netty.channel.nio.NioEventLoop.processSelectedKeysOptimized(NioEventLoop.java:617)
	io.netty.channel.nio.NioEventLoop.processSelectedKeys(NioEventLoop.java:534)
	io.netty.channel.nio.NioEventLoop.run(NioEventLoop.java:496)
	io.netty.util.concurrent.SingleThreadEventExecutor$5.run(SingleThreadEventExecutor.java:906)
	io.netty.util.internal.ThreadExecutorMap$2.run(ThreadExecutorMap.java:74)
	io.netty.util.concurrent.FastThreadLocalRunnable.run(FastThreadLocalRunnable.java:30)
	java.lang.Thread.run(Thread.java:748)
#4:
	Hint: 'reactor.right.reactiveBridge' will handle the message from this point.
	io.netty.handler.codec.http.DefaultHttpContent.touch(DefaultHttpContent.java:88)
	io.netty.handler.codec.http.DefaultHttpContent.touch(DefaultHttpContent.java:24)
	io.netty.channel.DefaultChannelPipeline.touch(DefaultChannelPipeline.java:116)
	io.netty.channel.AbstractChannelHandlerContext.invokeChannelRead(AbstractChannelHandlerContext.java:357)
	io.netty.channel.AbstractChannelHandlerContext.fireChannelRead(AbstractChannelHandlerContext.java:352)
	reactor.netty.http.server.HttpTrafficHandler.channelRead(HttpTrafficHandler.java:190)
	io.netty.channel.AbstractChannelHandlerContext.invokeChannelRead(AbstractChannelHandlerContext.java:374)
	io.netty.channel.AbstractChannelHandlerContext.invokeChannelRead(AbstractChannelHandlerContext.java:360)
	io.netty.channel.AbstractChannelHandlerContext.fireChannelRead(AbstractChannelHandlerContext.java:352)
	io.netty.channel.CombinedChannelDuplexHandler$DelegatingChannelHandlerContext.fireChannelRead(CombinedChannelDuplexHandler.java:438)
	io.netty.handler.codec.ByteToMessageDecoder.fireChannelRead(ByteToMessageDecoder.java:323)
	io.netty.handler.codec.ByteToMessageDecoder.fireChannelRead(ByteToMessageDecoder.java:310)
	io.netty.handler.codec.ByteToMessageDecoder.callDecode(ByteToMessageDecoder.java:426)
	io.netty.handler.codec.ByteToMessageDecoder.channelRead(ByteToMessageDecoder.java:278)
	io.netty.channel.CombinedChannelDuplexHandler.channelRead(CombinedChannelDuplexHandler.java:253)
	io.netty.channel.AbstractChannelHandlerContext.invokeChannelRead(AbstractChannelHandlerContext.java:374)
	io.netty.channel.AbstractChannelHandlerContext.invokeChannelRead(AbstractChannelHandlerContext.java:360)
	io.netty.channel.AbstractChannelHandlerContext.fireChannelRead(AbstractChannelHandlerContext.java:352)
	io.netty.channel.DefaultChannelPipeline$HeadContext.channelRead(DefaultChannelPipeline.java:1408)
	io.netty.channel.AbstractChannelHandlerContext.invokeChannelRead(AbstractChannelHandlerContext.java:374)
	io.netty.channel.AbstractChannelHandlerContext.invokeChannelRead(AbstractChannelHandlerContext.java:360)
	io.netty.channel.DefaultChannelPipeline.fireChannelRead(DefaultChannelPipeline.java:930)
	io.netty.channel.nio.AbstractNioByteChannel$NioByteUnsafe.read(AbstractNioByteChannel.java:163)
	io.netty.channel.nio.NioEventLoop.processSelectedKey(NioEventLoop.java:682)
	io.netty.channel.nio.NioEventLoop.processSelectedKeysOptimized(NioEventLoop.java:617)
	io.netty.channel.nio.NioEventLoop.processSelectedKeys(NioEventLoop.java:534)
	io.netty.channel.nio.NioEventLoop.run(NioEventLoop.java:496)
	io.netty.util.concurrent.SingleThreadEventExecutor$5.run(SingleThreadEventExecutor.java:906)
	io.netty.util.internal.ThreadExecutorMap$2.run(ThreadExecutorMap.java:74)
	io.netty.util.concurrent.FastThreadLocalRunnable.run(FastThreadLocalRunnable.java:30)
	java.lang.Thread.run(Thread.java:748)
#5:
	Hint: 'reactor.left.httpTrafficHandler' will handle the message from this point.
	io.netty.handler.codec.http.DefaultHttpContent.touch(DefaultHttpContent.java:88)
	io.netty.handler.codec.http.DefaultHttpContent.touch(DefaultHttpContent.java:24)
	io.netty.channel.DefaultChannelPipeline.touch(DefaultChannelPipeline.java:116)
	io.netty.channel.AbstractChannelHandlerContext.invokeChannelRead(AbstractChannelHandlerContext.java:357)
	io.netty.channel.AbstractChannelHandlerContext.fireChannelRead(AbstractChannelHandlerContext.java:352)
	io.netty.channel.CombinedChannelDuplexHandler$DelegatingChannelHandlerContext.fireChannelRead(CombinedChannelDuplexHandler.java:438)
	io.netty.handler.codec.ByteToMessageDecoder.fireChannelRead(ByteToMessageDecoder.java:323)
	io.netty.handler.codec.ByteToMessageDecoder.fireChannelRead(ByteToMessageDecoder.java:310)
	io.netty.handler.codec.ByteToMessageDecoder.callDecode(ByteToMessageDecoder.java:426)
	io.netty.handler.codec.ByteToMessageDecoder.channelRead(ByteToMessageDecoder.java:278)
	io.netty.channel.CombinedChannelDuplexHandler.channelRead(CombinedChannelDuplexHandler.java:253)
	io.netty.channel.AbstractChannelHandlerContext.invokeChannelRead(AbstractChannelHandlerContext.java:374)
	io.netty.channel.AbstractChannelHandlerContext.invokeChannelRead(AbstractChannelHandlerContext.java:360)
	io.netty.channel.AbstractChannelHandlerContext.fireChannelRead(AbstractChannelHandlerContext.java:352)
	io.netty.channel.DefaultChannelPipeline$HeadContext.channelRead(DefaultChannelPipeline.java:1408)
	io.netty.channel.AbstractChannelHandlerContext.invokeChannelRead(AbstractChannelHandlerContext.java:374)
	io.netty.channel.AbstractChannelHandlerContext.invokeChannelRead(AbstractChannelHandlerContext.java:360)
	io.netty.channel.DefaultChannelPipeline.fireChannelRead(DefaultChannelPipeline.java:930)
	io.netty.channel.nio.AbstractNioByteChannel$NioByteUnsafe.read(AbstractNioByteChannel.java:163)
	io.netty.channel.nio.NioEventLoop.processSelectedKey(NioEventLoop.java:682)
	io.netty.channel.nio.NioEventLoop.processSelectedKeysOptimized(NioEventLoop.java:617)
	io.netty.channel.nio.NioEventLoop.processSelectedKeys(NioEventLoop.java:534)
	io.netty.channel.nio.NioEventLoop.run(NioEventLoop.java:496)
	io.netty.util.concurrent.SingleThreadEventExecutor$5.run(SingleThreadEventExecutor.java:906)
	io.netty.util.internal.ThreadExecutorMap$2.run(ThreadExecutorMap.java:74)
	io.netty.util.concurrent.FastThreadLocalRunnable.run(FastThreadLocalRunnable.java:30)
	java.lang.Thread.run(Thread.java:748)
Created at:
	io.netty.buffer.SimpleLeakAwareByteBuf.unwrappedDerived(SimpleLeakAwareByteBuf.java:143)
	io.netty.buffer.SimpleLeakAwareByteBuf.readRetainedSlice(SimpleLeakAwareByteBuf.java:67)
	io.netty.buffer.AdvancedLeakAwareByteBuf.readRetainedSlice(AdvancedLeakAwareByteBuf.java:107)
	io.netty.handler.codec.http.HttpObjectDecoder.decode(HttpObjectDecoder.java:336)
	io.netty.handler.codec.http.HttpServerCodec$HttpServerRequestDecoder.decode(HttpServerCodec.java:103)
	io.netty.handler.codec.ByteToMessageDecoder.decodeRemovalReentryProtection(ByteToMessageDecoder.java:502)
	io.netty.handler.codec.ByteToMessageDecoder.callDecode(ByteToMessageDecoder.java:441)
	io.netty.handler.codec.ByteToMessageDecoder.channelRead(ByteToMessageDecoder.java:278)
	io.netty.channel.CombinedChannelDuplexHandler.channelRead(CombinedChannelDuplexHandler.java:253)
	io.netty.channel.AbstractChannelHandlerContext.invokeChannelRead(AbstractChannelHandlerContext.java:374)
	io.netty.channel.AbstractChannelHandlerContext.invokeChannelRead(AbstractChannelHandlerContext.java:360)
	io.netty.channel.AbstractChannelHandlerContext.fireChannelRead(AbstractChannelHandlerContext.java:352)
	io.netty.channel.DefaultChannelPipeline$HeadContext.channelRead(DefaultChannelPipeline.java:1408)
	io.netty.channel.AbstractChannelHandlerContext.invokeChannelRead(AbstractChannelHandlerContext.java:374)
	io.netty.channel.AbstractChannelHandlerContext.invokeChannelRead(AbstractChannelHandlerContext.java:360)
	io.netty.channel.DefaultChannelPipeline.fireChannelRead(DefaultChannelPipeline.java:930)
	io.netty.channel.nio.AbstractNioByteChannel$NioByteUnsafe.read(AbstractNioByteChannel.java:163)
	io.netty.channel.nio.NioEventLoop.processSelectedKey(NioEventLoop.java:682)
	io.netty.channel.nio.NioEventLoop.processSelectedKeysOptimized(NioEventLoop.java:617)
	io.netty.channel.nio.NioEventLoop.processSelectedKeys(NioEventLoop.java:534)
	io.netty.channel.nio.NioEventLoop.run(NioEventLoop.java:496)
	io.netty.util.concurrent.SingleThreadEventExecutor$5.run(SingleThreadEventExecutor.java:906)
	io.netty.util.internal.ThreadExecutorMap$2.run(ThreadExecutorMap.java:74)
	io.netty.util.concurrent.FastThreadLocalRunnable.run(FastThreadLocalRunnable.java:30)
	java.lang.Thread.run(Thread.java:748)
: 1 leak records were discarded because they were duplicates
: 4 leak records were discarded because the leak record count is targeted to 4. Use system property io.netty.leakDetection.targetRecords to increase the limit.
22:42:59.918 [reactor-http-nio-14] ERROR i.n.u.ResourceLeakDetector - LEAK: ByteBuf.release() was not called before it's garbage-collected. See http://netty.io/wiki/reference-counted-objects.html for more information.
Recent access records: 
#1:
	io.netty.buffer.AdvancedLeakAwareByteBuf.getBytes(AdvancedLeakAwareByteBuf.java:250)
	io.netty.buffer.CompositeByteBuf.getBytes(CompositeByteBuf.java:1029)
	io.netty.buffer.CompositeByteBuf.getBytes(CompositeByteBuf.java:48)
	io.netty.buffer.AbstractUnpooledSlicedByteBuf.getBytes(AbstractUnpooledSlicedByteBuf.java:243)
	io.netty.buffer.AbstractByteBuf.readBytes(AbstractByteBuf.java:889)
	io.netty.buffer.AbstractByteBuf.readBytes(AbstractByteBuf.java:896)
	io.netty.buffer.WrappedByteBuf.readBytes(WrappedByteBuf.java:649)
	io.netty.buffer.AdvancedLeakAwareByteBuf.readBytes(AdvancedLeakAwareByteBuf.java:497)
	org.springframework.core.io.buffer.NettyDataBuffer.read(NettyDataBuffer.java:159)
	org.springframework.core.io.buffer.NettyDataBuffer.read(NettyDataBuffer.java:43)
	org.springframework.http.codec.multipart.DefaultMultipartMessageReader.toHeaders(DefaultMultipartMessageReader.java:229)
	org.springframework.http.codec.multipart.DefaultMultipartMessageReader.toPart(DefaultMultipartMessageReader.java:197)
	reactor.core.publisher.FluxMap$MapConditionalSubscriber.onNext(FluxMap.java:199)
	reactor.core.publisher.FluxTakeWhile$TakeWhileSubscriber.onNext(FluxTakeWhile.java:94)
	reactor.core.publisher.FluxContextStart$ContextStartSubscriber.onNext(FluxContextStart.java:103)
	reactor.core.publisher.FluxMap$MapConditionalSubscriber.onNext(FluxMap.java:213)
	reactor.core.publisher.FluxBufferPredicate$BufferPredicateSubscriber.emit(FluxBufferPredicate.java:290)
	reactor.core.publisher.FluxBufferPredicate$BufferPredicateSubscriber.onNextNewBuffer(FluxBufferPredicate.java:257)
	reactor.core.publisher.FluxBufferPredicate$BufferPredicateSubscriber.tryOnNext(FluxBufferPredicate.java:211)
	reactor.core.publisher.FluxBufferPredicate$BufferPredicateSubscriber.onNext(FluxBufferPredicate.java:184)
	reactor.core.publisher.FluxFlatMap$FlatMapMain.drainLoop(FluxFlatMap.java:664)
	reactor.core.publisher.FluxFlatMap$FlatMapMain.drain(FluxFlatMap.java:540)
	reactor.core.publisher.FluxFlatMap$FlatMapInner.onSubscribe(FluxFlatMap.java:924)
	reactor.core.publisher.FluxIterable.subscribe(FluxIterable.java:139)
	reactor.core.publisher.FluxIterable.subscribe(FluxIterable.java:63)
	reactor.core.publisher.Flux.subscribe(Flux.java:7922)
	reactor.core.publisher.FluxFlatMap$FlatMapMain.onNext(FluxFlatMap.java:389)
	reactor.core.publisher.FluxConcatMap$ConcatMapImmediate.innerNext(FluxConcatMap.java:275)
	reactor.core.publisher.FluxConcatMap$ConcatMapInner.onNext(FluxConcatMap.java:849)
	reactor.core.publisher.FluxConcatMap$WeakScalarSubscription.request(FluxConcatMap.java:470)
	reactor.core.publisher.Operators$MultiSubscriptionSubscriber.set(Operators.java:1939)
	reactor.core.publisher.FluxConcatMap$ConcatMapImmediate.drain(FluxConcatMap.java:436)
	reactor.core.publisher.FluxConcatMap$ConcatMapImmediate.onNext(FluxConcatMap.java:244)
	reactor.core.publisher.FluxMap$MapSubscriber.onNext(FluxMap.java:114)
	reactor.core.publisher.FluxPeek$PeekSubscriber.onNext(FluxPeek.java:192)
	reactor.core.publisher.FluxMap$MapSubscriber.onNext(FluxMap.java:114)
	reactor.netty.channel.FluxReceive.drainReceiver(FluxReceive.java:206)
	reactor.netty.channel.FluxReceive.onInboundNext(FluxReceive.java:322)
	reactor.netty.channel.ChannelOperations.onInboundNext(ChannelOperations.java:335)
	reactor.netty.http.server.HttpServerOperations.onInboundNext(HttpServerOperations.java:456)
	reactor.netty.channel.ChannelOperationsHandler.channelRead(ChannelOperationsHandler.java:91)
	io.netty.channel.AbstractChannelHandlerContext.invokeChannelRead(AbstractChannelHandlerContext.java:374)
	io.netty.channel.AbstractChannelHandlerContext.invokeChannelRead(AbstractChannelHandlerContext.java:360)
	io.netty.channel.AbstractChannelHandlerContext.fireChannelRead(AbstractChannelHandlerContext.java:352)
	reactor.netty.http.server.HttpTrafficHandler.channelRead(HttpTrafficHandler.java:190)
	io.netty.channel.AbstractChannelHandlerContext.invokeChannelRead(AbstractChannelHandlerContext.java:374)
	io.netty.channel.AbstractChannelHandlerContext.invokeChannelRead(AbstractChannelHandlerContext.java:360)
	io.netty.channel.AbstractChannelHandlerContext.fireChannelRead(AbstractChannelHandlerContext.java:352)
	io.netty.channel.CombinedChannelDuplexHandler$DelegatingChannelHandlerContext.fireChannelRead(CombinedChannelDuplexHandler.java:438)
	io.netty.handler.codec.ByteToMessageDecoder.fireChannelRead(ByteToMessageDecoder.java:323)
	io.netty.handler.codec.ByteToMessageDecoder.fireChannelRead(ByteToMessageDecoder.java:310)
	io.netty.handler.codec.ByteToMessageDecoder.callDecode(ByteToMessageDecoder.java:426)
	io.netty.handler.codec.ByteToMessageDecoder.channelRead(ByteToMessageDecoder.java:278)
	io.netty.channel.CombinedChannelDuplexHandler.channelRead(CombinedChannelDuplexHandler.java:253)
	io.netty.channel.AbstractChannelHandlerContext.invokeChannelRead(AbstractChannelHandlerContext.java:374)
	io.netty.channel.AbstractChannelHandlerContext.invokeChannelRead(AbstractChannelHandlerContext.java:360)
	io.netty.channel.AbstractChannelHandlerContext.fireChannelRead(AbstractChannelHandlerContext.java:352)
	io.netty.channel.DefaultChannelPipeline$HeadContext.channelRead(DefaultChannelPipeline.java:1408)
	io.netty.channel.AbstractChannelHandlerContext.invokeChannelRead(AbstractChannelHandlerContext.java:374)
	io.netty.channel.AbstractChannelHandlerContext.invokeChannelRead(AbstractChannelHandlerContext.java:360)
	io.netty.channel.DefaultChannelPipeline.fireChannelRead(DefaultChannelPipeline.java:930)
	io.netty.channel.nio.AbstractNioByteChannel$NioByteUnsafe.read(AbstractNioByteChannel.java:163)
	io.netty.channel.nio.NioEventLoop.processSelectedKey(NioEventLoop.java:682)
	io.netty.channel.nio.NioEventLoop.processSelectedKeysOptimized(NioEventLoop.java:617)
	io.netty.channel.nio.NioEventLoop.processSelectedKeys(NioEventLoop.java:534)
	io.netty.channel.nio.NioEventLoop.run(NioEventLoop.java:496)
	io.netty.util.concurrent.SingleThreadEventExecutor$5.run(SingleThreadEventExecutor.java:906)
	io.netty.util.internal.ThreadExecutorMap$2.run(ThreadExecutorMap.java:74)
	io.netty.util.concurrent.FastThreadLocalRunnable.run(FastThreadLocalRunnable.java:30)
	java.lang.Thread.run(Thread.java:748)
#2:
	io.netty.buffer.AdvancedLeakAwareByteBuf.getByte(AdvancedLeakAwareByteBuf.java:154)
	io.netty.buffer.CompositeByteBuf.getByte(CompositeByteBuf.java:913)
	io.netty.buffer.WrappedCompositeByteBuf.getByte(WrappedCompositeByteBuf.java:652)
	io.netty.buffer.AdvancedLeakAwareCompositeByteBuf.getByte(AdvancedLeakAwareCompositeByteBuf.java:141)
	org.springframework.core.io.buffer.NettyDataBuffer.getByte(NettyDataBuffer.java:132)
	org.springframework.core.io.buffer.DataBufferUtils$KnuthMorrisPrattMatcher.match(DataBufferUtils.java:1005)
	org.springframework.http.codec.multipart.DefaultMultipartMessageReader.toPart(DefaultMultipartMessageReader.java:184)
	reactor.core.publisher.FluxMap$MapConditionalSubscriber.onNext(FluxMap.java:199)
	reactor.core.publisher.FluxTakeWhile$TakeWhileSubscriber.onNext(FluxTakeWhile.java:94)
	reactor.core.publisher.FluxContextStart$ContextStartSubscriber.onNext(FluxContextStart.java:103)
	reactor.core.publisher.FluxMap$MapConditionalSubscriber.onNext(FluxMap.java:213)
	reactor.core.publisher.FluxBufferPredicate$BufferPredicateSubscriber.emit(FluxBufferPredicate.java:290)
	reactor.core.publisher.FluxBufferPredicate$BufferPredicateSubscriber.onNextNewBuffer(FluxBufferPredicate.java:257)
	reactor.core.publisher.FluxBufferPredicate$BufferPredicateSubscriber.tryOnNext(FluxBufferPredicate.java:211)
	reactor.core.publisher.FluxBufferPredicate$BufferPredicateSubscriber.onNext(FluxBufferPredicate.java:184)
	reactor.core.publisher.FluxFlatMap$FlatMapMain.drainLoop(FluxFlatMap.java:664)
	reactor.core.publisher.FluxFlatMap$FlatMapMain.drain(FluxFlatMap.java:540)
	reactor.core.publisher.FluxFlatMap$FlatMapInner.onSubscribe(FluxFlatMap.java:924)
	reactor.core.publisher.FluxIterable.subscribe(FluxIterable.java:139)
	reactor.core.publisher.FluxIterable.subscribe(FluxIterable.java:63)
	reactor.core.publisher.Flux.subscribe(Flux.java:7922)
	reactor.core.publisher.FluxFlatMap$FlatMapMain.onNext(FluxFlatMap.java:389)
	reactor.core.publisher.FluxConcatMap$ConcatMapImmediate.innerNext(FluxConcatMap.java:275)
	reactor.core.publisher.FluxConcatMap$ConcatMapInner.onNext(FluxConcatMap.java:849)
	reactor.core.publisher.FluxConcatMap$WeakScalarSubscription.request(FluxConcatMap.java:470)
	reactor.core.publisher.Operators$MultiSubscriptionSubscriber.set(Operators.java:1939)
	reactor.core.publisher.FluxConcatMap$ConcatMapImmediate.drain(FluxConcatMap.java:436)
	reactor.core.publisher.FluxConcatMap$ConcatMapImmediate.onNext(FluxConcatMap.java:244)
	reactor.core.publisher.FluxMap$MapSubscriber.onNext(FluxMap.java:114)
	reactor.core.publisher.FluxPeek$PeekSubscriber.onNext(FluxPeek.java:192)
	reactor.core.publisher.FluxMap$MapSubscriber.onNext(FluxMap.java:114)
	reactor.netty.channel.FluxReceive.drainReceiver(FluxReceive.java:206)
	reactor.netty.channel.FluxReceive.onInboundNext(FluxReceive.java:322)
	reactor.netty.channel.ChannelOperations.onInboundNext(ChannelOperations.java:335)
	reactor.netty.http.server.HttpServerOperations.onInboundNext(HttpServerOperations.java:456)
	reactor.netty.channel.ChannelOperationsHandler.channelRead(ChannelOperationsHandler.java:91)
	io.netty.channel.AbstractChannelHandlerContext.invokeChannelRead(AbstractChannelHandlerContext.java:374)
	io.netty.channel.AbstractChannelHandlerContext.invokeChannelRead(AbstractChannelHandlerContext.java:360)
	io.netty.channel.AbstractChannelHandlerContext.fireChannelRead(AbstractChannelHandlerContext.java:352)
	reactor.netty.http.server.HttpTrafficHandler.channelRead(HttpTrafficHandler.java:190)
	io.netty.channel.AbstractChannelHandlerContext.invokeChannelRead(AbstractChannelHandlerContext.java:374)
	io.netty.channel.AbstractChannelHandlerContext.invokeChannelRead(AbstractChannelHandlerContext.java:360)
	io.netty.channel.AbstractChannelHandlerContext.fireChannelRead(AbstractChannelHandlerContext.java:352)
	io.netty.channel.CombinedChannelDuplexHandler$DelegatingChannelHandlerContext.fireChannelRead(CombinedChannelDuplexHandler.java:438)
	io.netty.handler.codec.ByteToMessageDecoder.fireChannelRead(ByteToMessageDecoder.java:323)
	io.netty.handler.codec.ByteToMessageDecoder.fireChannelRead(ByteToMessageDecoder.java:310)
	io.netty.handler.codec.ByteToMessageDecoder.callDecode(ByteToMessageDecoder.java:426)
	io.netty.handler.codec.ByteToMessageDecoder.channelRead(ByteToMessageDecoder.java:278)
	io.netty.channel.CombinedChannelDuplexHandler.channelRead(CombinedChannelDuplexHandler.java:253)
	io.netty.channel.AbstractChannelHandlerContext.invokeChannelRead(AbstractChannelHandlerContext.java:374)
	io.netty.channel.AbstractChannelHandlerContext.invokeChannelRead(AbstractChannelHandlerContext.java:360)
	io.netty.channel.AbstractChannelHandlerContext.fireChannelRead(AbstractChannelHandlerContext.java:352)
	io.netty.channel.DefaultChannelPipeline$HeadContext.channelRead(DefaultChannelPipeline.java:1408)
	io.netty.channel.AbstractChannelHandlerContext.invokeChannelRead(AbstractChannelHandlerContext.java:374)
	io.netty.channel.AbstractChannelHandlerContext.invokeChannelRead(AbstractChannelHandlerContext.java:360)
	io.netty.channel.DefaultChannelPipeline.fireChannelRead(DefaultChannelPipeline.java:930)
	io.netty.channel.nio.AbstractNioByteChannel$NioByteUnsafe.read(AbstractNioByteChannel.java:163)
	io.netty.channel.nio.NioEventLoop.processSelectedKey(NioEventLoop.java:682)
	io.netty.channel.nio.NioEventLoop.processSelectedKeysOptimized(NioEventLoop.java:617)
	io.netty.channel.nio.NioEventLoop.processSelectedKeys(NioEventLoop.java:534)
	io.netty.channel.nio.NioEventLoop.run(NioEventLoop.java:496)
	io.netty.util.concurrent.SingleThreadEventExecutor$5.run(SingleThreadEventExecutor.java:906)
	io.netty.util.internal.ThreadExecutorMap$2.run(ThreadExecutorMap.java:74)
	io.netty.util.concurrent.FastThreadLocalRunnable.run(FastThreadLocalRunnable.java:30)
	java.lang.Thread.run(Thread.java:748)
#3:
	io.netty.buffer.AdvancedLeakAwareByteBuf.getByte(AdvancedLeakAwareByteBuf.java:154)
	org.springframework.core.io.buffer.NettyDataBuffer.getByte(NettyDataBuffer.java:132)
	org.springframework.core.io.buffer.DataBufferUtils$KnuthMorrisPrattMatcher.match(DataBufferUtils.java:1005)
	org.springframework.core.io.buffer.DataBufferUtils.endFrameAfterDelimiter(DataBufferUtils.java:634)
	org.springframework.core.io.buffer.DataBufferUtils.lambda$split$18(DataBufferUtils.java:603)
	reactor.core.publisher.FluxFlatMap$FlatMapMain.onNext(FluxFlatMap.java:350)
	reactor.core.publisher.FluxConcatMap$ConcatMapImmediate.innerNext(FluxConcatMap.java:275)
	reactor.core.publisher.FluxConcatMap$ConcatMapInner.onNext(FluxConcatMap.java:849)
	reactor.core.publisher.FluxConcatMap$WeakScalarSubscription.request(FluxConcatMap.java:470)
	reactor.core.publisher.Operators$MultiSubscriptionSubscriber.set(Operators.java:1939)
	reactor.core.publisher.FluxConcatMap$ConcatMapImmediate.drain(FluxConcatMap.java:436)
	reactor.core.publisher.FluxConcatMap$ConcatMapImmediate.onNext(FluxConcatMap.java:244)
	reactor.core.publisher.FluxMap$MapSubscriber.onNext(FluxMap.java:114)
	reactor.core.publisher.FluxPeek$PeekSubscriber.onNext(FluxPeek.java:192)
	reactor.core.publisher.FluxMap$MapSubscriber.onNext(FluxMap.java:114)
	reactor.netty.channel.FluxReceive.drainReceiver(FluxReceive.java:206)
	reactor.netty.channel.FluxReceive.onInboundNext(FluxReceive.java:322)
	reactor.netty.channel.ChannelOperations.onInboundNext(ChannelOperations.java:335)
	reactor.netty.http.server.HttpServerOperations.onInboundNext(HttpServerOperations.java:456)
	reactor.netty.channel.ChannelOperationsHandler.channelRead(ChannelOperationsHandler.java:91)
	io.netty.channel.AbstractChannelHandlerContext.invokeChannelRead(AbstractChannelHandlerContext.java:374)
	io.netty.channel.AbstractChannelHandlerContext.invokeChannelRead(AbstractChannelHandlerContext.java:360)
	io.netty.channel.AbstractChannelHandlerContext.fireChannelRead(AbstractChannelHandlerContext.java:352)
	reactor.netty.http.server.HttpTrafficHandler.channelRead(HttpTrafficHandler.java:190)
	io.netty.channel.AbstractChannelHandlerContext.invokeChannelRead(AbstractChannelHandlerContext.java:374)
	io.netty.channel.AbstractChannelHandlerContext.invokeChannelRead(AbstractChannelHandlerContext.java:360)
	io.netty.channel.AbstractChannelHandlerContext.fireChannelRead(AbstractChannelHandlerContext.java:352)
	io.netty.channel.CombinedChannelDuplexHandler$DelegatingChannelHandlerContext.fireChannelRead(CombinedChannelDuplexHandler.java:438)
	io.netty.handler.codec.ByteToMessageDecoder.fireChannelRead(ByteToMessageDecoder.java:323)
	io.netty.handler.codec.ByteToMessageDecoder.fireChannelRead(ByteToMessageDecoder.java:310)
	io.netty.handler.codec.ByteToMessageDecoder.callDecode(ByteToMessageDecoder.java:426)
	io.netty.handler.codec.ByteToMessageDecoder.channelRead(ByteToMessageDecoder.java:278)
	io.netty.channel.CombinedChannelDuplexHandler.channelRead(CombinedChannelDuplexHandler.java:253)
	io.netty.channel.AbstractChannelHandlerContext.invokeChannelRead(AbstractChannelHandlerContext.java:374)
	io.netty.channel.AbstractChannelHandlerContext.invokeChannelRead(AbstractChannelHandlerContext.java:360)
	io.netty.channel.AbstractChannelHandlerContext.fireChannelRead(AbstractChannelHandlerContext.java:352)
	io.netty.channel.DefaultChannelPipeline$HeadContext.channelRead(DefaultChannelPipeline.java:1408)
	io.netty.channel.AbstractChannelHandlerContext.invokeChannelRead(AbstractChannelHandlerContext.java:374)
	io.netty.channel.AbstractChannelHandlerContext.invokeChannelRead(AbstractChannelHandlerContext.java:360)
	io.netty.channel.DefaultChannelPipeline.fireChannelRead(DefaultChannelPipeline.java:930)
	io.netty.channel.nio.AbstractNioByteChannel$NioByteUnsafe.read(AbstractNioByteChannel.java:163)
	io.netty.channel.nio.NioEventLoop.processSelectedKey(NioEventLoop.java:682)
	io.netty.channel.nio.NioEventLoop.processSelectedKeysOptimized(NioEventLoop.java:617)
	io.netty.channel.nio.NioEventLoop.processSelectedKeys(NioEventLoop.java:534)
	io.netty.channel.nio.NioEventLoop.run(NioEventLoop.java:496)
	io.netty.util.concurrent.SingleThreadEventExecutor$5.run(SingleThreadEventExecutor.java:906)
	io.netty.util.internal.ThreadExecutorMap$2.run(ThreadExecutorMap.java:74)
	io.netty.util.concurrent.FastThreadLocalRunnable.run(FastThreadLocalRunnable.java:30)
	java.lang.Thread.run(Thread.java:748)
#4:
	org.springframework.core.io.buffer.NettyDataBufferFactory.wrap(NettyDataBufferFactory.java:93)
	reactor.core.publisher.FluxMap$MapSubscriber.onNext(FluxMap.java:100)
	reactor.core.publisher.FluxPeek$PeekSubscriber.onNext(FluxPeek.java:192)
	reactor.core.publisher.FluxMap$MapSubscriber.onNext(FluxMap.java:114)
	reactor.netty.channel.FluxReceive.drainReceiver(FluxReceive.java:206)
	reactor.netty.channel.FluxReceive.onInboundNext(FluxReceive.java:322)
	reactor.netty.channel.ChannelOperations.onInboundNext(ChannelOperations.java:335)
	reactor.netty.http.server.HttpServerOperations.onInboundNext(HttpServerOperations.java:456)
	reactor.netty.channel.ChannelOperationsHandler.channelRead(ChannelOperationsHandler.java:91)
	io.netty.channel.AbstractChannelHandlerContext.invokeChannelRead(AbstractChannelHandlerContext.java:374)
	io.netty.channel.AbstractChannelHandlerContext.invokeChannelRead(AbstractChannelHandlerContext.java:360)
	io.netty.channel.AbstractChannelHandlerContext.fireChannelRead(AbstractChannelHandlerContext.java:352)
	reactor.netty.http.server.HttpTrafficHandler.channelRead(HttpTrafficHandler.java:190)
	io.netty.channel.AbstractChannelHandlerContext.invokeChannelRead(AbstractChannelHandlerContext.java:374)
	io.netty.channel.AbstractChannelHandlerContext.invokeChannelRead(AbstractChannelHandlerContext.java:360)
	io.netty.channel.AbstractChannelHandlerContext.fireChannelRead(AbstractChannelHandlerContext.java:352)
	io.netty.channel.CombinedChannelDuplexHandler$DelegatingChannelHandlerContext.fireChannelRead(CombinedChannelDuplexHandler.java:438)
	io.netty.handler.codec.ByteToMessageDecoder.fireChannelRead(ByteToMessageDecoder.java:323)
	io.netty.handler.codec.ByteToMessageDecoder.fireChannelRead(ByteToMessageDecoder.java:310)
	io.netty.handler.codec.ByteToMessageDecoder.callDecode(ByteToMessageDecoder.java:426)
	io.netty.handler.codec.ByteToMessageDecoder.channelRead(ByteToMessageDecoder.java:278)
	io.netty.channel.CombinedChannelDuplexHandler.channelRead(CombinedChannelDuplexHandler.java:253)
	io.netty.channel.AbstractChannelHandlerContext.invokeChannelRead(AbstractChannelHandlerContext.java:374)
	io.netty.channel.AbstractChannelHandlerContext.invokeChannelRead(AbstractChannelHandlerContext.java:360)
	io.netty.channel.AbstractChannelHandlerContext.fireChannelRead(AbstractChannelHandlerContext.java:352)
	io.netty.channel.DefaultChannelPipeline$HeadContext.channelRead(DefaultChannelPipeline.java:1408)
	io.netty.channel.AbstractChannelHandlerContext.invokeChannelRead(AbstractChannelHandlerContext.java:374)
	io.netty.channel.AbstractChannelHandlerContext.invokeChannelRead(AbstractChannelHandlerContext.java:360)
	io.netty.channel.DefaultChannelPipeline.fireChannelRead(DefaultChannelPipeline.java:930)
	io.netty.channel.nio.AbstractNioByteChannel$NioByteUnsafe.read(AbstractNioByteChannel.java:163)
	io.netty.channel.nio.NioEventLoop.processSelectedKey(NioEventLoop.java:682)
	io.netty.channel.nio.NioEventLoop.processSelectedKeysOptimized(NioEventLoop.java:617)
	io.netty.channel.nio.NioEventLoop.processSelectedKeys(NioEventLoop.java:534)
	io.netty.channel.nio.NioEventLoop.run(NioEventLoop.java:496)
	io.netty.util.concurrent.SingleThreadEventExecutor$5.run(SingleThreadEventExecutor.java:906)
	io.netty.util.internal.ThreadExecutorMap$2.run(ThreadExecutorMap.java:74)
	io.netty.util.concurrent.FastThreadLocalRunnable.run(FastThreadLocalRunnable.java:30)
	java.lang.Thread.run(Thread.java:748)
#5:
	reactor.core.publisher.FluxPeek$PeekSubscriber.onNext(FluxPeek.java:177)
	reactor.core.publisher.FluxMap$MapSubscriber.onNext(FluxMap.java:114)
	reactor.netty.channel.FluxReceive.drainReceiver(FluxReceive.java:206)
	reactor.netty.channel.FluxReceive.onInboundNext(FluxReceive.java:322)
	reactor.netty.channel.ChannelOperations.onInboundNext(ChannelOperations.java:335)
	reactor.netty.http.server.HttpServerOperations.onInboundNext(HttpServerOperations.java:456)
	reactor.netty.channel.ChannelOperationsHandler.channelRead(ChannelOperationsHandler.java:91)
	io.netty.channel.AbstractChannelHandlerContext.invokeChannelRead(AbstractChannelHandlerContext.java:374)
	io.netty.channel.AbstractChannelHandlerContext.invokeChannelRead(AbstractChannelHandlerContext.java:360)
	io.netty.channel.AbstractChannelHandlerContext.fireChannelRead(AbstractChannelHandlerContext.java:352)
	reactor.netty.http.server.HttpTrafficHandler.channelRead(HttpTrafficHandler.java:190)
	io.netty.channel.AbstractChannelHandlerContext.invokeChannelRead(AbstractChannelHandlerContext.java:374)
	io.netty.channel.AbstractChannelHandlerContext.invokeChannelRead(AbstractChannelHandlerContext.java:360)
	io.netty.channel.AbstractChannelHandlerContext.fireChannelRead(AbstractChannelHandlerContext.java:352)
	io.netty.channel.CombinedChannelDuplexHandler$DelegatingChannelHandlerContext.fireChannelRead(CombinedChannelDuplexHandler.java:438)
	io.netty.handler.codec.ByteToMessageDecoder.fireChannelRead(ByteToMessageDecoder.java:323)
	io.netty.handler.codec.ByteToMessageDecoder.fireChannelRead(ByteToMessageDecoder.java:310)
	io.netty.handler.codec.ByteToMessageDecoder.callDecode(ByteToMessageDecoder.java:426)
	io.netty.handler.codec.ByteToMessageDecoder.channelRead(ByteToMessageDecoder.java:278)
	io.netty.channel.CombinedChannelDuplexHandler.channelRead(CombinedChannelDuplexHandler.java:253)
	io.netty.channel.AbstractChannelHandlerContext.invokeChannelRead(AbstractChannelHandlerContext.java:374)
	io.netty.channel.AbstractChannelHandlerContext.invokeChannelRead(AbstractChannelHandlerContext.java:360)
	io.netty.channel.AbstractChannelHandlerContext.fireChannelRead(AbstractChannelHandlerContext.java:352)
	io.netty.channel.DefaultChannelPipeline$HeadContext.channelRead(DefaultChannelPipeline.java:1408)
	io.netty.channel.AbstractChannelHandlerContext.invokeChannelRead(AbstractChannelHandlerContext.java:374)
	io.netty.channel.AbstractChannelHandlerContext.invokeChannelRead(AbstractChannelHandlerContext.java:360)
	io.netty.channel.DefaultChannelPipeline.fireChannelRead(DefaultChannelPipeline.java:930)
	io.netty.channel.nio.AbstractNioByteChannel$NioByteUnsafe.read(AbstractNioByteChannel.java:163)
	io.netty.channel.nio.NioEventLoop.processSelectedKey(NioEventLoop.java:682)
	io.netty.channel.nio.NioEventLoop.processSelectedKeysOptimized(NioEventLoop.java:617)
	io.netty.channel.nio.NioEventLoop.processSelectedKeys(NioEventLoop.java:534)
	io.netty.channel.nio.NioEventLoop.run(NioEventLoop.java:496)
	io.netty.util.concurrent.SingleThreadEventExecutor$5.run(SingleThreadEventExecutor.java:906)
	io.netty.util.internal.ThreadExecutorMap$2.run(ThreadExecutorMap.java:74)
	io.netty.util.concurrent.FastThreadLocalRunnable.run(FastThreadLocalRunnable.java:30)
	java.lang.Thread.run(Thread.java:748)
#6:
	Hint: 'reactor.right.reactiveBridge' will handle the message from this point.
	io.netty.handler.codec.http.DefaultHttpContent.touch(DefaultHttpContent.java:88)
	io.netty.handler.codec.http.DefaultHttpContent.touch(DefaultHttpContent.java:24)
	io.netty.channel.DefaultChannelPipeline.touch(DefaultChannelPipeline.java:116)
	io.netty.channel.AbstractChannelHandlerContext.invokeChannelRead(AbstractChannelHandlerContext.java:357)
	io.netty.channel.AbstractChannelHandlerContext.fireChannelRead(AbstractChannelHandlerContext.java:352)
	reactor.netty.http.server.HttpTrafficHandler.channelRead(HttpTrafficHandler.java:190)
	io.netty.channel.AbstractChannelHandlerContext.invokeChannelRead(AbstractChannelHandlerContext.java:374)
	io.netty.channel.AbstractChannelHandlerContext.invokeChannelRead(AbstractChannelHandlerContext.java:360)
	io.netty.channel.AbstractChannelHandlerContext.fireChannelRead(AbstractChannelHandlerContext.java:352)
	io.netty.channel.CombinedChannelDuplexHandler$DelegatingChannelHandlerContext.fireChannelRead(CombinedChannelDuplexHandler.java:438)
	io.netty.handler.codec.ByteToMessageDecoder.fireChannelRead(ByteToMessageDecoder.java:323)
	io.netty.handler.codec.ByteToMessageDecoder.fireChannelRead(ByteToMessageDecoder.java:310)
	io.netty.handler.codec.ByteToMessageDecoder.callDecode(ByteToMessageDecoder.java:426)
	io.netty.handler.codec.ByteToMessageDecoder.channelRead(ByteToMessageDecoder.java:278)
	io.netty.channel.CombinedChannelDuplexHandler.channelRead(CombinedChannelDuplexHandler.java:253)
	io.netty.channel.AbstractChannelHandlerContext.invokeChannelRead(AbstractChannelHandlerContext.java:374)
	io.netty.channel.AbstractChannelHandlerContext.invokeChannelRead(AbstractChannelHandlerContext.java:360)
	io.netty.channel.AbstractChannelHandlerContext.fireChannelRead(AbstractChannelHandlerContext.java:352)
	io.netty.channel.DefaultChannelPipeline$HeadContext.channelRead(DefaultChannelPipeline.java:1408)
	io.netty.channel.AbstractChannelHandlerContext.invokeChannelRead(AbstractChannelHandlerContext.java:374)
	io.netty.channel.AbstractChannelHandlerContext.invokeChannelRead(AbstractChannelHandlerContext.java:360)
	io.netty.channel.DefaultChannelPipeline.fireChannelRead(DefaultChannelPipeline.java:930)
	io.netty.channel.nio.AbstractNioByteChannel$NioByteUnsafe.read(AbstractNioByteChannel.java:163)
	io.netty.channel.nio.NioEventLoop.processSelectedKey(NioEventLoop.java:682)
	io.netty.channel.nio.NioEventLoop.processSelectedKeysOptimized(NioEventLoop.java:617)
	io.netty.channel.nio.NioEventLoop.processSelectedKeys(NioEventLoop.java:534)
	io.netty.channel.nio.NioEventLoop.run(NioEventLoop.java:496)
	io.netty.util.concurrent.SingleThreadEventExecutor$5.run(SingleThreadEventExecutor.java:906)
	io.netty.util.internal.ThreadExecutorMap$2.run(ThreadExecutorMap.java:74)
	io.netty.util.concurrent.FastThreadLocalRunnable.run(FastThreadLocalRunnable.java:30)
	java.lang.Thread.run(Thread.java:748)
#7:
	Hint: 'reactor.left.httpTrafficHandler' will handle the message from this point.
	io.netty.handler.codec.http.DefaultHttpContent.touch(DefaultHttpContent.java:88)
	io.netty.handler.codec.http.DefaultHttpContent.touch(DefaultHttpContent.java:24)
	io.netty.channel.DefaultChannelPipeline.touch(DefaultChannelPipeline.java:116)
	io.netty.channel.AbstractChannelHandlerContext.invokeChannelRead(AbstractChannelHandlerContext.java:357)
	io.netty.channel.AbstractChannelHandlerContext.fireChannelRead(AbstractChannelHandlerContext.java:352)
	io.netty.channel.CombinedChannelDuplexHandler$DelegatingChannelHandlerContext.fireChannelRead(CombinedChannelDuplexHandler.java:438)
	io.netty.handler.codec.ByteToMessageDecoder.fireChannelRead(ByteToMessageDecoder.java:323)
	io.netty.handler.codec.ByteToMessageDecoder.fireChannelRead(ByteToMessageDecoder.java:310)
	io.netty.handler.codec.ByteToMessageDecoder.callDecode(ByteToMessageDecoder.java:426)
	io.netty.handler.codec.ByteToMessageDecoder.channelRead(ByteToMessageDecoder.java:278)
	io.netty.channel.CombinedChannelDuplexHandler.channelRead(CombinedChannelDuplexHandler.java:253)
	io.netty.channel.AbstractChannelHandlerContext.invokeChannelRead(AbstractChannelHandlerContext.java:374)
	io.netty.channel.AbstractChannelHandlerContext.invokeChannelRead(AbstractChannelHandlerContext.java:360)
	io.netty.channel.AbstractChannelHandlerContext.fireChannelRead(AbstractChannelHandlerContext.java:352)
	io.netty.channel.DefaultChannelPipeline$HeadContext.channelRead(DefaultChannelPipeline.java:1408)
	io.netty.channel.AbstractChannelHandlerContext.invokeChannelRead(AbstractChannelHandlerContext.java:374)
	io.netty.channel.AbstractChannelHandlerContext.invokeChannelRead(AbstractChannelHandlerContext.java:360)
	io.netty.channel.DefaultChannelPipeline.fireChannelRead(DefaultChannelPipeline.java:930)
	io.netty.channel.nio.AbstractNioByteChannel$NioByteUnsafe.read(AbstractNioByteChannel.java:163)
	io.netty.channel.nio.NioEventLoop.processSelectedKey(NioEventLoop.java:682)
	io.netty.channel.nio.NioEventLoop.processSelectedKeysOptimized(NioEventLoop.java:617)
	io.netty.channel.nio.NioEventLoop.processSelectedKeys(NioEventLoop.java:534)
	io.netty.channel.nio.NioEventLoop.run(NioEventLoop.java:496)
	io.netty.util.concurrent.SingleThreadEventExecutor$5.run(SingleThreadEventExecutor.java:906)
	io.netty.util.internal.ThreadExecutorMap$2.run(ThreadExecutorMap.java:74)
	io.netty.util.concurrent.FastThreadLocalRunnable.run(FastThreadLocalRunnable.java:30)
	java.lang.Thread.run(Thread.java:748)
Created at:
	io.netty.buffer.SimpleLeakAwareByteBuf.unwrappedDerived(SimpleLeakAwareByteBuf.java:143)
	io.netty.buffer.SimpleLeakAwareByteBuf.readRetainedSlice(SimpleLeakAwareByteBuf.java:67)
	io.netty.buffer.AdvancedLeakAwareByteBuf.readRetainedSlice(AdvancedLeakAwareByteBuf.java:107)
	io.netty.handler.codec.http.HttpObjectDecoder.decode(HttpObjectDecoder.java:336)
	io.netty.handler.codec.http.HttpServerCodec$HttpServerRequestDecoder.decode(HttpServerCodec.java:103)
	io.netty.handler.codec.ByteToMessageDecoder.decodeRemovalReentryProtection(ByteToMessageDecoder.java:502)
	io.netty.handler.codec.ByteToMessageDecoder.callDecode(ByteToMessageDecoder.java:441)
	io.netty.handler.codec.ByteToMessageDecoder.channelRead(ByteToMessageDecoder.java:278)
	io.netty.channel.CombinedChannelDuplexHandler.channelRead(CombinedChannelDuplexHandler.java:253)
	io.netty.channel.AbstractChannelHandlerContext.invokeChannelRead(AbstractChannelHandlerContext.java:374)
	io.netty.channel.AbstractChannelHandlerContext.invokeChannelRead(AbstractChannelHandlerContext.java:360)
	io.netty.channel.AbstractChannelHandlerContext.fireChannelRead(AbstractChannelHandlerContext.java:352)
	io.netty.channel.DefaultChannelPipeline$HeadContext.channelRead(DefaultChannelPipeline.java:1408)
	io.netty.channel.AbstractChannelHandlerContext.invokeChannelRead(AbstractChannelHandlerContext.java:374)
	io.netty.channel.AbstractChannelHandlerContext.invokeChannelRead(AbstractChannelHandlerContext.java:360)
	io.netty.channel.DefaultChannelPipeline.fireChannelRead(DefaultChannelPipeline.java:930)
	io.netty.channel.nio.AbstractNioByteChannel$NioByteUnsafe.read(AbstractNioByteChannel.java:163)
	io.netty.channel.nio.NioEventLoop.processSelectedKey(NioEventLoop.java:682)
	io.netty.channel.nio.NioEventLoop.processSelectedKeysOptimized(NioEventLoop.java:617)
	io.netty.channel.nio.NioEventLoop.processSelectedKeys(NioEventLoop.java:534)
	io.netty.channel.nio.NioEventLoop.run(NioEventLoop.java:496)
	io.netty.util.concurrent.SingleThreadEventExecutor$5.run(SingleThreadEventExecutor.java:906)
	io.netty.util.internal.ThreadExecutorMap$2.run(ThreadExecutorMap.java:74)
	io.netty.util.concurrent.FastThreadLocalRunnable.run(FastThreadLocalRunnable.java:30)
	java.lang.Thread.run(Thread.java:748)
: 3 leak records were discarded because they were duplicates
: 235 leak records were discarded because the leak record count is targeted to 4. Use system property io.netty.leakDetection.targetRecords to increase the limit.
22:42:59.923 [reactor-http-nio-14] ERROR i.n.u.ResourceLeakDetector - LEAK: ByteBuf.release() was not called before it's garbage-collected. See http://netty.io/wiki/reference-counted-objects.html for more information.
Recent access records: 
#1:
	io.netty.buffer.AdvancedLeakAwareByteBuf.order(AdvancedLeakAwareByteBuf.java:70)
	io.netty.buffer.CompositeByteBuf.newComponent(CompositeByteBuf.java:318)
	io.netty.buffer.CompositeByteBuf.addComponent0(CompositeByteBuf.java:280)
	io.netty.buffer.CompositeByteBuf.addComponent(CompositeByteBuf.java:265)
	io.netty.buffer.CompositeByteBuf.addComponent(CompositeByteBuf.java:222)
	io.netty.buffer.WrappedCompositeByteBuf.addComponent(WrappedCompositeByteBuf.java:529)
	io.netty.buffer.AdvancedLeakAwareCompositeByteBuf.addComponent(AdvancedLeakAwareCompositeByteBuf.java:921)
	org.springframework.core.io.buffer.NettyDataBufferFactory.join(NettyDataBufferFactory.java:111)
	org.springframework.core.io.buffer.DataBufferUtils.joinAndStrip(DataBufferUtils.java:686)
	org.springframework.core.io.buffer.DataBufferUtils.lambda$split$20(DataBufferUtils.java:605)
	reactor.core.publisher.FluxMap$MapConditionalSubscriber.onNext(FluxMap.java:199)
	reactor.core.publisher.FluxBufferPredicate$BufferPredicateSubscriber.emit(FluxBufferPredicate.java:290)
	reactor.core.publisher.FluxBufferPredicate$BufferPredicateSubscriber.onNextNewBuffer(FluxBufferPredicate.java:257)
	reactor.core.publisher.FluxBufferPredicate$BufferPredicateSubscriber.tryOnNext(FluxBufferPredicate.java:211)
	reactor.core.publisher.FluxBufferPredicate$BufferPredicateSubscriber.onNext(FluxBufferPredicate.java:184)
	reactor.core.publisher.FluxFlatMap$FlatMapMain.drainLoop(FluxFlatMap.java:664)
	reactor.core.publisher.FluxFlatMap$FlatMapMain.drain(FluxFlatMap.java:540)
	reactor.core.publisher.FluxFlatMap$FlatMapInner.onSubscribe(FluxFlatMap.java:924)
	reactor.core.publisher.FluxIterable.subscribe(FluxIterable.java:139)
	reactor.core.publisher.FluxIterable.subscribe(FluxIterable.java:63)
	reactor.core.publisher.Flux.subscribe(Flux.java:7922)
	reactor.core.publisher.FluxFlatMap$FlatMapMain.onNext(FluxFlatMap.java:389)
	reactor.core.publisher.FluxConcatMap$ConcatMapImmediate.innerNext(FluxConcatMap.java:275)
	reactor.core.publisher.FluxConcatMap$ConcatMapInner.onNext(FluxConcatMap.java:849)
	reactor.core.publisher.FluxConcatMap$WeakScalarSubscription.request(FluxConcatMap.java:470)
	reactor.core.publisher.Operators$MultiSubscriptionSubscriber.set(Operators.java:1939)
	reactor.core.publisher.FluxConcatMap$ConcatMapImmediate.drain(FluxConcatMap.java:436)
	reactor.core.publisher.FluxConcatMap$ConcatMapImmediate.onNext(FluxConcatMap.java:244)
	reactor.core.publisher.FluxMap$MapSubscriber.onNext(FluxMap.java:114)
	reactor.core.publisher.FluxPeek$PeekSubscriber.onNext(FluxPeek.java:192)
	reactor.core.publisher.FluxMap$MapSubscriber.onNext(FluxMap.java:114)
	reactor.netty.channel.FluxReceive.drainReceiver(FluxReceive.java:206)
	reactor.netty.channel.FluxReceive.onInboundNext(FluxReceive.java:322)
	reactor.netty.channel.ChannelOperations.onInboundNext(ChannelOperations.java:335)
	reactor.netty.http.server.HttpServerOperations.onInboundNext(HttpServerOperations.java:456)
	reactor.netty.channel.ChannelOperationsHandler.channelRead(ChannelOperationsHandler.java:91)
	io.netty.channel.AbstractChannelHandlerContext.invokeChannelRead(AbstractChannelHandlerContext.java:374)
	io.netty.channel.AbstractChannelHandlerContext.invokeChannelRead(AbstractChannelHandlerContext.java:360)
	io.netty.channel.AbstractChannelHandlerContext.fireChannelRead(AbstractChannelHandlerContext.java:352)
	reactor.netty.http.server.HttpTrafficHandler.channelRead(HttpTrafficHandler.java:190)
	io.netty.channel.AbstractChannelHandlerContext.invokeChannelRead(AbstractChannelHandlerContext.java:374)
	io.netty.channel.AbstractChannelHandlerContext.invokeChannelRead(AbstractChannelHandlerContext.java:360)
	io.netty.channel.AbstractChannelHandlerContext.fireChannelRead(AbstractChannelHandlerContext.java:352)
	io.netty.channel.CombinedChannelDuplexHandler$DelegatingChannelHandlerContext.fireChannelRead(CombinedChannelDuplexHandler.java:438)
	io.netty.handler.codec.ByteToMessageDecoder.fireChannelRead(ByteToMessageDecoder.java:323)
	io.netty.handler.codec.ByteToMessageDecoder.fireChannelRead(ByteToMessageDecoder.java:310)
	io.netty.handler.codec.ByteToMessageDecoder.callDecode(ByteToMessageDecoder.java:426)
	io.netty.handler.codec.ByteToMessageDecoder.channelRead(ByteToMessageDecoder.java:278)
	io.netty.channel.CombinedChannelDuplexHandler.channelRead(CombinedChannelDuplexHandler.java:253)
	io.netty.channel.AbstractChannelHandlerContext.invokeChannelRead(AbstractChannelHandlerContext.java:374)
	io.netty.channel.AbstractChannelHandlerContext.invokeChannelRead(AbstractChannelHandlerContext.java:360)
	io.netty.channel.AbstractChannelHandlerContext.fireChannelRead(AbstractChannelHandlerContext.java:352)
	io.netty.channel.DefaultChannelPipeline$HeadContext.channelRead(DefaultChannelPipeline.java:1408)
	io.netty.channel.AbstractChannelHandlerContext.invokeChannelRead(AbstractChannelHandlerContext.java:374)
	io.netty.channel.AbstractChannelHandlerContext.invokeChannelRead(AbstractChannelHandlerContext.java:360)
	io.netty.channel.DefaultChannelPipeline.fireChannelRead(DefaultChannelPipeline.java:930)
	io.netty.channel.nio.AbstractNioByteChannel$NioByteUnsafe.read(AbstractNioByteChannel.java:163)
	io.netty.channel.nio.NioEventLoop.processSelectedKey(NioEventLoop.java:682)
	io.netty.channel.nio.NioEventLoop.processSelectedKeysOptimized(NioEventLoop.java:617)
	io.netty.channel.nio.NioEventLoop.processSelectedKeys(NioEventLoop.java:534)
	io.netty.channel.nio.NioEventLoop.run(NioEventLoop.java:496)
	io.netty.util.concurrent.SingleThreadEventExecutor$5.run(SingleThreadEventExecutor.java:906)
	io.netty.util.internal.ThreadExecutorMap$2.run(ThreadExecutorMap.java:74)
	io.netty.util.concurrent.FastThreadLocalRunnable.run(FastThreadLocalRunnable.java:30)
	java.lang.Thread.run(Thread.java:748)
#2:
	io.netty.buffer.AdvancedLeakAwareByteBuf.getByte(AdvancedLeakAwareByteBuf.java:154)
	org.springframework.core.io.buffer.NettyDataBuffer.getByte(NettyDataBuffer.java:132)
	org.springframework.core.io.buffer.DataBufferUtils$KnuthMorrisPrattMatcher.match(DataBufferUtils.java:1005)
	org.springframework.core.io.buffer.DataBufferUtils.endFrameAfterDelimiter(DataBufferUtils.java:634)
	org.springframework.core.io.buffer.DataBufferUtils.lambda$split$18(DataBufferUtils.java:603)
	reactor.core.publisher.FluxFlatMap$FlatMapMain.onNext(FluxFlatMap.java:350)
	reactor.core.publisher.FluxConcatMap$ConcatMapImmediate.innerNext(FluxConcatMap.java:275)
	reactor.core.publisher.FluxConcatMap$ConcatMapInner.onNext(FluxConcatMap.java:849)
	reactor.core.publisher.FluxConcatMap$WeakScalarSubscription.request(FluxConcatMap.java:470)
	reactor.core.publisher.Operators$MultiSubscriptionSubscriber.set(Operators.java:1939)
	reactor.core.publisher.FluxConcatMap$ConcatMapImmediate.drain(FluxConcatMap.java:436)
	reactor.core.publisher.FluxConcatMap$ConcatMapImmediate.onNext(FluxConcatMap.java:244)
	reactor.core.publisher.FluxMap$MapSubscriber.onNext(FluxMap.java:114)
	reactor.core.publisher.FluxPeek$PeekSubscriber.onNext(FluxPeek.java:192)
	reactor.core.publisher.FluxMap$MapSubscriber.onNext(FluxMap.java:114)
	reactor.netty.channel.FluxReceive.drainReceiver(FluxReceive.java:206)
	reactor.netty.channel.FluxReceive.onInboundNext(FluxReceive.java:322)
	reactor.netty.channel.ChannelOperations.onInboundNext(ChannelOperations.java:335)
	reactor.netty.http.server.HttpServerOperations.onInboundNext(HttpServerOperations.java:456)
	reactor.netty.channel.ChannelOperationsHandler.channelRead(ChannelOperationsHandler.java:91)
	io.netty.channel.AbstractChannelHandlerContext.invokeChannelRead(AbstractChannelHandlerContext.java:374)
	io.netty.channel.AbstractChannelHandlerContext.invokeChannelRead(AbstractChannelHandlerContext.java:360)
	io.netty.channel.AbstractChannelHandlerContext.fireChannelRead(AbstractChannelHandlerContext.java:352)
	reactor.netty.http.server.HttpTrafficHandler.channelRead(HttpTrafficHandler.java:190)
	io.netty.channel.AbstractChannelHandlerContext.invokeChannelRead(AbstractChannelHandlerContext.java:374)
	io.netty.channel.AbstractChannelHandlerContext.invokeChannelRead(AbstractChannelHandlerContext.java:360)
	io.netty.channel.AbstractChannelHandlerContext.fireChannelRead(AbstractChannelHandlerContext.java:352)
	io.netty.channel.CombinedChannelDuplexHandler$DelegatingChannelHandlerContext.fireChannelRead(CombinedChannelDuplexHandler.java:438)
	io.netty.handler.codec.ByteToMessageDecoder.fireChannelRead(ByteToMessageDecoder.java:323)
	io.netty.handler.codec.ByteToMessageDecoder.fireChannelRead(ByteToMessageDecoder.java:310)
	io.netty.handler.codec.ByteToMessageDecoder.callDecode(ByteToMessageDecoder.java:426)
	io.netty.handler.codec.ByteToMessageDecoder.channelRead(ByteToMessageDecoder.java:278)
	io.netty.channel.CombinedChannelDuplexHandler.channelRead(CombinedChannelDuplexHandler.java:253)
	io.netty.channel.AbstractChannelHandlerContext.invokeChannelRead(AbstractChannelHandlerContext.java:374)
	io.netty.channel.AbstractChannelHandlerContext.invokeChannelRead(AbstractChannelHandlerContext.java:360)
	io.netty.channel.AbstractChannelHandlerContext.fireChannelRead(AbstractChannelHandlerContext.java:352)
	io.netty.channel.DefaultChannelPipeline$HeadContext.channelRead(DefaultChannelPipeline.java:1408)
	io.netty.channel.AbstractChannelHandlerContext.invokeChannelRead(AbstractChannelHandlerContext.java:374)
	io.netty.channel.AbstractChannelHandlerContext.invokeChannelRead(AbstractChannelHandlerContext.java:360)
	io.netty.channel.DefaultChannelPipeline.fireChannelRead(DefaultChannelPipeline.java:930)
	io.netty.channel.nio.AbstractNioByteChannel$NioByteUnsafe.read(AbstractNioByteChannel.java:163)
	io.netty.channel.nio.NioEventLoop.processSelectedKey(NioEventLoop.java:682)
	io.netty.channel.nio.NioEventLoop.processSelectedKeysOptimized(NioEventLoop.java:617)
	io.netty.channel.nio.NioEventLoop.processSelectedKeys(NioEventLoop.java:534)
	io.netty.channel.nio.NioEventLoop.run(NioEventLoop.java:496)
	io.netty.util.concurrent.SingleThreadEventExecutor$5.run(SingleThreadEventExecutor.java:906)
	io.netty.util.internal.ThreadExecutorMap$2.run(ThreadExecutorMap.java:74)
	io.netty.util.concurrent.FastThreadLocalRunnable.run(FastThreadLocalRunnable.java:30)
	java.lang.Thread.run(Thread.java:748)
#3:
	org.springframework.core.io.buffer.NettyDataBufferFactory.wrap(NettyDataBufferFactory.java:93)
	reactor.core.publisher.FluxMap$MapSubscriber.onNext(FluxMap.java:100)
	reactor.core.publisher.FluxPeek$PeekSubscriber.onNext(FluxPeek.java:192)
	reactor.core.publisher.FluxMap$MapSubscriber.onNext(FluxMap.java:114)
	reactor.netty.channel.FluxReceive.drainReceiver(FluxReceive.java:206)
	reactor.netty.channel.FluxReceive.onInboundNext(FluxReceive.java:322)
	reactor.netty.channel.ChannelOperations.onInboundNext(ChannelOperations.java:335)
	reactor.netty.http.server.HttpServerOperations.onInboundNext(HttpServerOperations.java:456)
	reactor.netty.channel.ChannelOperationsHandler.channelRead(ChannelOperationsHandler.java:91)
	io.netty.channel.AbstractChannelHandlerContext.invokeChannelRead(AbstractChannelHandlerContext.java:374)
	io.netty.channel.AbstractChannelHandlerContext.invokeChannelRead(AbstractChannelHandlerContext.java:360)
	io.netty.channel.AbstractChannelHandlerContext.fireChannelRead(AbstractChannelHandlerContext.java:352)
	reactor.netty.http.server.HttpTrafficHandler.channelRead(HttpTrafficHandler.java:190)
	io.netty.channel.AbstractChannelHandlerContext.invokeChannelRead(AbstractChannelHandlerContext.java:374)
	io.netty.channel.AbstractChannelHandlerContext.invokeChannelRead(AbstractChannelHandlerContext.java:360)
	io.netty.channel.AbstractChannelHandlerContext.fireChannelRead(AbstractChannelHandlerContext.java:352)
	io.netty.channel.CombinedChannelDuplexHandler$DelegatingChannelHandlerContext.fireChannelRead(CombinedChannelDuplexHandler.java:438)
	io.netty.handler.codec.ByteToMessageDecoder.fireChannelRead(ByteToMessageDecoder.java:323)
	io.netty.handler.codec.ByteToMessageDecoder.fireChannelRead(ByteToMessageDecoder.java:310)
	io.netty.handler.codec.ByteToMessageDecoder.callDecode(ByteToMessageDecoder.java:426)
	io.netty.handler.codec.ByteToMessageDecoder.channelRead(ByteToMessageDecoder.java:278)
	io.netty.channel.CombinedChannelDuplexHandler.channelRead(CombinedChannelDuplexHandler.java:253)
	io.netty.channel.AbstractChannelHandlerContext.invokeChannelRead(AbstractChannelHandlerContext.java:374)
	io.netty.channel.AbstractChannelHandlerContext.invokeChannelRead(AbstractChannelHandlerContext.java:360)
	io.netty.channel.AbstractChannelHandlerContext.fireChannelRead(AbstractChannelHandlerContext.java:352)
	io.netty.channel.DefaultChannelPipeline$HeadContext.channelRead(DefaultChannelPipeline.java:1408)
	io.netty.channel.AbstractChannelHandlerContext.invokeChannelRead(AbstractChannelHandlerContext.java:374)
	io.netty.channel.AbstractChannelHandlerContext.invokeChannelRead(AbstractChannelHandlerContext.java:360)
	io.netty.channel.DefaultChannelPipeline.fireChannelRead(DefaultChannelPipeline.java:930)
	io.netty.channel.nio.AbstractNioByteChannel$NioByteUnsafe.read(AbstractNioByteChannel.java:163)
	io.netty.channel.nio.NioEventLoop.processSelectedKey(NioEventLoop.java:682)
	io.netty.channel.nio.NioEventLoop.processSelectedKeysOptimized(NioEventLoop.java:617)
	io.netty.channel.nio.NioEventLoop.processSelectedKeys(NioEventLoop.java:534)
	io.netty.channel.nio.NioEventLoop.run(NioEventLoop.java:496)
	io.netty.util.concurrent.SingleThreadEventExecutor$5.run(SingleThreadEventExecutor.java:906)
	io.netty.util.internal.ThreadExecutorMap$2.run(ThreadExecutorMap.java:74)
	io.netty.util.concurrent.FastThreadLocalRunnable.run(FastThreadLocalRunnable.java:30)
	java.lang.Thread.run(Thread.java:748)
#4:
	reactor.core.publisher.FluxPeek$PeekSubscriber.onNext(FluxPeek.java:177)
	reactor.core.publisher.FluxMap$MapSubscriber.onNext(FluxMap.java:114)
	reactor.netty.channel.FluxReceive.drainReceiver(FluxReceive.java:206)
	reactor.netty.channel.FluxReceive.onInboundNext(FluxReceive.java:322)
	reactor.netty.channel.ChannelOperations.onInboundNext(ChannelOperations.java:335)
	reactor.netty.http.server.HttpServerOperations.onInboundNext(HttpServerOperations.java:456)
	reactor.netty.channel.ChannelOperationsHandler.channelRead(ChannelOperationsHandler.java:91)
	io.netty.channel.AbstractChannelHandlerContext.invokeChannelRead(AbstractChannelHandlerContext.java:374)
	io.netty.channel.AbstractChannelHandlerContext.invokeChannelRead(AbstractChannelHandlerContext.java:360)
	io.netty.channel.AbstractChannelHandlerContext.fireChannelRead(AbstractChannelHandlerContext.java:352)
	reactor.netty.http.server.HttpTrafficHandler.channelRead(HttpTrafficHandler.java:190)
	io.netty.channel.AbstractChannelHandlerContext.invokeChannelRead(AbstractChannelHandlerContext.java:374)
	io.netty.channel.AbstractChannelHandlerContext.invokeChannelRead(AbstractChannelHandlerContext.java:360)
	io.netty.channel.AbstractChannelHandlerContext.fireChannelRead(AbstractChannelHandlerContext.java:352)
	io.netty.channel.CombinedChannelDuplexHandler$DelegatingChannelHandlerContext.fireChannelRead(CombinedChannelDuplexHandler.java:438)
	io.netty.handler.codec.ByteToMessageDecoder.fireChannelRead(ByteToMessageDecoder.java:323)
	io.netty.handler.codec.ByteToMessageDecoder.fireChannelRead(ByteToMessageDecoder.java:310)
	io.netty.handler.codec.ByteToMessageDecoder.callDecode(ByteToMessageDecoder.java:426)
	io.netty.handler.codec.ByteToMessageDecoder.channelRead(ByteToMessageDecoder.java:278)
	io.netty.channel.CombinedChannelDuplexHandler.channelRead(CombinedChannelDuplexHandler.java:253)
	io.netty.channel.AbstractChannelHandlerContext.invokeChannelRead(AbstractChannelHandlerContext.java:374)
	io.netty.channel.AbstractChannelHandlerContext.invokeChannelRead(AbstractChannelHandlerContext.java:360)
	io.netty.channel.AbstractChannelHandlerContext.fireChannelRead(AbstractChannelHandlerContext.java:352)
	io.netty.channel.DefaultChannelPipeline$HeadContext.channelRead(DefaultChannelPipeline.java:1408)
	io.netty.channel.AbstractChannelHandlerContext.invokeChannelRead(AbstractChannelHandlerContext.java:374)
	io.netty.channel.AbstractChannelHandlerContext.invokeChannelRead(AbstractChannelHandlerContext.java:360)
	io.netty.channel.DefaultChannelPipeline.fireChannelRead(DefaultChannelPipeline.java:930)
	io.netty.channel.nio.AbstractNioByteChannel$NioByteUnsafe.read(AbstractNioByteChannel.java:163)
	io.netty.channel.nio.NioEventLoop.processSelectedKey(NioEventLoop.java:682)
	io.netty.channel.nio.NioEventLoop.processSelectedKeysOptimized(NioEventLoop.java:617)
	io.netty.channel.nio.NioEventLoop.processSelectedKeys(NioEventLoop.java:534)
	io.netty.channel.nio.NioEventLoop.run(NioEventLoop.java:496)
	io.netty.util.concurrent.SingleThreadEventExecutor$5.run(SingleThreadEventExecutor.java:906)
	io.netty.util.internal.ThreadExecutorMap$2.run(ThreadExecutorMap.java:74)
	io.netty.util.concurrent.FastThreadLocalRunnable.run(FastThreadLocalRunnable.java:30)
	java.lang.Thread.run(Thread.java:748)
#5:
	Hint: 'reactor.right.reactiveBridge' will handle the message from this point.
	io.netty.handler.codec.http.DefaultHttpContent.touch(DefaultHttpContent.java:88)
	io.netty.handler.codec.http.DefaultHttpContent.touch(DefaultHttpContent.java:24)
	io.netty.channel.DefaultChannelPipeline.touch(DefaultChannelPipeline.java:116)
	io.netty.channel.AbstractChannelHandlerContext.invokeChannelRead(AbstractChannelHandlerContext.java:357)
	io.netty.channel.AbstractChannelHandlerContext.fireChannelRead(AbstractChannelHandlerContext.java:352)
	reactor.netty.http.server.HttpTrafficHandler.channelRead(HttpTrafficHandler.java:190)
	io.netty.channel.AbstractChannelHandlerContext.invokeChannelRead(AbstractChannelHandlerContext.java:374)
	io.netty.channel.AbstractChannelHandlerContext.invokeChannelRead(AbstractChannelHandlerContext.java:360)
	io.netty.channel.AbstractChannelHandlerContext.fireChannelRead(AbstractChannelHandlerContext.java:352)
	io.netty.channel.CombinedChannelDuplexHandler$DelegatingChannelHandlerContext.fireChannelRead(CombinedChannelDuplexHandler.java:438)
	io.netty.handler.codec.ByteToMessageDecoder.fireChannelRead(ByteToMessageDecoder.java:323)
	io.netty.handler.codec.ByteToMessageDecoder.fireChannelRead(ByteToMessageDecoder.java:310)
	io.netty.handler.codec.ByteToMessageDecoder.callDecode(ByteToMessageDecoder.java:426)
	io.netty.handler.codec.ByteToMessageDecoder.channelRead(ByteToMessageDecoder.java:278)
	io.netty.channel.CombinedChannelDuplexHandler.channelRead(CombinedChannelDuplexHandler.java:253)
	io.netty.channel.AbstractChannelHandlerContext.invokeChannelRead(AbstractChannelHandlerContext.java:374)
	io.netty.channel.AbstractChannelHandlerContext.invokeChannelRead(AbstractChannelHandlerContext.java:360)
	io.netty.channel.AbstractChannelHandlerContext.fireChannelRead(AbstractChannelHandlerContext.java:352)
	io.netty.channel.DefaultChannelPipeline$HeadContext.channelRead(DefaultChannelPipeline.java:1408)
	io.netty.channel.AbstractChannelHandlerContext.invokeChannelRead(AbstractChannelHandlerContext.java:374)
	io.netty.channel.AbstractChannelHandlerContext.invokeChannelRead(AbstractChannelHandlerContext.java:360)
	io.netty.channel.DefaultChannelPipeline.fireChannelRead(DefaultChannelPipeline.java:930)
	io.netty.channel.nio.AbstractNioByteChannel$NioByteUnsafe.read(AbstractNioByteChannel.java:163)
	io.netty.channel.nio.NioEventLoop.processSelectedKey(NioEventLoop.java:682)
	io.netty.channel.nio.NioEventLoop.processSelectedKeysOptimized(NioEventLoop.java:617)
	io.netty.channel.nio.NioEventLoop.processSelectedKeys(NioEventLoop.java:534)
	io.netty.channel.nio.NioEventLoop.run(NioEventLoop.java:496)
	io.netty.util.concurrent.SingleThreadEventExecutor$5.run(SingleThreadEventExecutor.java:906)
	io.netty.util.internal.ThreadExecutorMap$2.run(ThreadExecutorMap.java:74)
	io.netty.util.concurrent.FastThreadLocalRunnable.run(FastThreadLocalRunnable.java:30)
	java.lang.Thread.run(Thread.java:748)
#6:
	Hint: 'reactor.left.httpTrafficHandler' will handle the message from this point.
	io.netty.handler.codec.http.DefaultHttpContent.touch(DefaultHttpContent.java:88)
	io.netty.handler.codec.http.DefaultHttpContent.touch(DefaultHttpContent.java:24)
	io.netty.channel.DefaultChannelPipeline.touch(DefaultChannelPipeline.java:116)
	io.netty.channel.AbstractChannelHandlerContext.invokeChannelRead(AbstractChannelHandlerContext.java:357)
	io.netty.channel.AbstractChannelHandlerContext.fireChannelRead(AbstractChannelHandlerContext.java:352)
	io.netty.channel.CombinedChannelDuplexHandler$DelegatingChannelHandlerContext.fireChannelRead(CombinedChannelDuplexHandler.java:438)
	io.netty.handler.codec.ByteToMessageDecoder.fireChannelRead(ByteToMessageDecoder.java:323)
	io.netty.handler.codec.ByteToMessageDecoder.fireChannelRead(ByteToMessageDecoder.java:310)
	io.netty.handler.codec.ByteToMessageDecoder.callDecode(ByteToMessageDecoder.java:426)
	io.netty.handler.codec.ByteToMessageDecoder.channelRead(ByteToMessageDecoder.java:278)
	io.netty.channel.CombinedChannelDuplexHandler.channelRead(CombinedChannelDuplexHandler.java:253)
	io.netty.channel.AbstractChannelHandlerContext.invokeChannelRead(AbstractChannelHandlerContext.java:374)
	io.netty.channel.AbstractChannelHandlerContext.invokeChannelRead(AbstractChannelHandlerContext.java:360)
	io.netty.channel.AbstractChannelHandlerContext.fireChannelRead(AbstractChannelHandlerContext.java:352)
	io.netty.channel.DefaultChannelPipeline$HeadContext.channelRead(DefaultChannelPipeline.java:1408)
	io.netty.channel.AbstractChannelHandlerContext.invokeChannelRead(AbstractChannelHandlerContext.java:374)
	io.netty.channel.AbstractChannelHandlerContext.invokeChannelRead(AbstractChannelHandlerContext.java:360)
	io.netty.channel.DefaultChannelPipeline.fireChannelRead(DefaultChannelPipeline.java:930)
	io.netty.channel.nio.AbstractNioByteChannel$NioByteUnsafe.read(AbstractNioByteChannel.java:163)
	io.netty.channel.nio.NioEventLoop.processSelectedKey(NioEventLoop.java:682)
	io.netty.channel.nio.NioEventLoop.processSelectedKeysOptimized(NioEventLoop.java:617)
	io.netty.channel.nio.NioEventLoop.processSelectedKeys(NioEventLoop.java:534)
	io.netty.channel.nio.NioEventLoop.run(NioEventLoop.java:496)
	io.netty.util.concurrent.SingleThreadEventExecutor$5.run(SingleThreadEventExecutor.java:906)
	io.netty.util.internal.ThreadExecutorMap$2.run(ThreadExecutorMap.java:74)
	io.netty.util.concurrent.FastThreadLocalRunnable.run(FastThreadLocalRunnable.java:30)
	java.lang.Thread.run(Thread.java:748)
Created at:
	io.netty.buffer.SimpleLeakAwareByteBuf.unwrappedDerived(SimpleLeakAwareByteBuf.java:143)
	io.netty.buffer.SimpleLeakAwareByteBuf.readRetainedSlice(SimpleLeakAwareByteBuf.java:67)
	io.netty.buffer.AdvancedLeakAwareByteBuf.readRetainedSlice(AdvancedLeakAwareByteBuf.java:107)
	io.netty.handler.codec.http.HttpObjectDecoder.decode(HttpObjectDecoder.java:336)
	io.netty.handler.codec.http.HttpServerCodec$HttpServerRequestDecoder.decode(HttpServerCodec.java:103)
	io.netty.handler.codec.ByteToMessageDecoder.decodeRemovalReentryProtection(ByteToMessageDecoder.java:502)
	io.netty.handler.codec.ByteToMessageDecoder.callDecode(ByteToMessageDecoder.java:441)
	io.netty.handler.codec.ByteToMessageDecoder.channelRead(ByteToMessageDecoder.java:278)
	io.netty.channel.CombinedChannelDuplexHandler.channelRead(CombinedChannelDuplexHandler.java:253)
	io.netty.channel.AbstractChannelHandlerContext.invokeChannelRead(AbstractChannelHandlerContext.java:374)
	io.netty.channel.AbstractChannelHandlerContext.invokeChannelRead(AbstractChannelHandlerContext.java:360)
	io.netty.channel.AbstractChannelHandlerContext.fireChannelRead(AbstractChannelHandlerContext.java:352)
	io.netty.channel.DefaultChannelPipeline$HeadContext.channelRead(DefaultChannelPipeline.java:1408)
	io.netty.channel.AbstractChannelHandlerContext.invokeChannelRead(AbstractChannelHandlerContext.java:374)
	io.netty.channel.AbstractChannelHandlerContext.invokeChannelRead(AbstractChannelHandlerContext.java:360)
	io.netty.channel.DefaultChannelPipeline.fireChannelRead(DefaultChannelPipeline.java:930)
	io.netty.channel.nio.AbstractNioByteChannel$NioByteUnsafe.read(AbstractNioByteChannel.java:163)
	io.netty.channel.nio.NioEventLoop.processSelectedKey(NioEventLoop.java:682)
	io.netty.channel.nio.NioEventLoop.processSelectedKeysOptimized(NioEventLoop.java:617)
	io.netty.channel.nio.NioEventLoop.processSelectedKeys(NioEventLoop.java:534)
	io.netty.channel.nio.NioEventLoop.run(NioEventLoop.java:496)
	io.netty.util.concurrent.SingleThreadEventExecutor$5.run(SingleThreadEventExecutor.java:906)
	io.netty.util.internal.ThreadExecutorMap$2.run(ThreadExecutorMap.java:74)
	io.netty.util.concurrent.FastThreadLocalRunnable.run(FastThreadLocalRunnable.java:30)
	java.lang.Thread.run(Thread.java:748)
: 11 leak records were discarded because they were duplicates
: 4087 leak records were discarded because the leak record count is targeted to 4. Use system property io.netty.leakDetection.targetRecords to increase the limit.
22:42:59.927 [reactor-http-nio-14] ERROR i.n.u.ResourceLeakDetector - LEAK: ByteBuf.release() was not called before it's garbage-collected. See http://netty.io/wiki/reference-counted-objects.html for more information.
Recent access records: 
#1:
	io.netty.buffer.AdvancedLeakAwareByteBuf.order(AdvancedLeakAwareByteBuf.java:70)
	io.netty.buffer.CompositeByteBuf.newComponent(CompositeByteBuf.java:318)
	io.netty.buffer.CompositeByteBuf.addComponent0(CompositeByteBuf.java:280)
	io.netty.buffer.CompositeByteBuf.addComponent(CompositeByteBuf.java:265)
	io.netty.buffer.CompositeByteBuf.addComponent(CompositeByteBuf.java:222)
	io.netty.buffer.WrappedCompositeByteBuf.addComponent(WrappedCompositeByteBuf.java:529)
	io.netty.buffer.AdvancedLeakAwareCompositeByteBuf.addComponent(AdvancedLeakAwareCompositeByteBuf.java:921)
	org.springframework.core.io.buffer.NettyDataBufferFactory.join(NettyDataBufferFactory.java:111)
	org.springframework.core.io.buffer.DataBufferUtils.joinAndStrip(DataBufferUtils.java:686)
	org.springframework.core.io.buffer.DataBufferUtils.lambda$split$20(DataBufferUtils.java:605)
	reactor.core.publisher.FluxMap$MapConditionalSubscriber.onNext(FluxMap.java:199)
	reactor.core.publisher.FluxBufferPredicate$BufferPredicateSubscriber.emit(FluxBufferPredicate.java:290)
	reactor.core.publisher.FluxBufferPredicate$BufferPredicateSubscriber.onNextNewBuffer(FluxBufferPredicate.java:257)
	reactor.core.publisher.FluxBufferPredicate$BufferPredicateSubscriber.tryOnNext(FluxBufferPredicate.java:211)
	reactor.core.publisher.FluxBufferPredicate$BufferPredicateSubscriber.onNext(FluxBufferPredicate.java:184)
	reactor.core.publisher.FluxFlatMap$FlatMapMain.drainLoop(FluxFlatMap.java:664)
	reactor.core.publisher.FluxFlatMap$FlatMapMain.drain(FluxFlatMap.java:540)
	reactor.core.publisher.FluxFlatMap$FlatMapInner.onSubscribe(FluxFlatMap.java:924)
	reactor.core.publisher.FluxIterable.subscribe(FluxIterable.java:139)
	reactor.core.publisher.FluxIterable.subscribe(FluxIterable.java:63)
	reactor.core.publisher.Flux.subscribe(Flux.java:7922)
	reactor.core.publisher.FluxFlatMap$FlatMapMain.onNext(FluxFlatMap.java:389)
	reactor.core.publisher.FluxConcatMap$ConcatMapImmediate.innerNext(FluxConcatMap.java:275)
	reactor.core.publisher.FluxConcatMap$ConcatMapInner.onNext(FluxConcatMap.java:849)
	reactor.core.publisher.FluxConcatMap$WeakScalarSubscription.request(FluxConcatMap.java:470)
	reactor.core.publisher.Operators$MultiSubscriptionSubscriber.set(Operators.java:1939)
	reactor.core.publisher.FluxConcatMap$ConcatMapImmediate.drain(FluxConcatMap.java:436)
	reactor.core.publisher.FluxConcatMap$ConcatMapImmediate.onNext(FluxConcatMap.java:244)
	reactor.core.publisher.FluxMap$MapSubscriber.onNext(FluxMap.java:114)
	reactor.core.publisher.FluxPeek$PeekSubscriber.onNext(FluxPeek.java:192)
	reactor.core.publisher.FluxMap$MapSubscriber.onNext(FluxMap.java:114)
	reactor.netty.channel.FluxReceive.drainReceiver(FluxReceive.java:206)
	reactor.netty.channel.FluxReceive.onInboundNext(FluxReceive.java:322)
	reactor.netty.channel.ChannelOperations.onInboundNext(ChannelOperations.java:335)
	reactor.netty.http.server.HttpServerOperations.onInboundNext(HttpServerOperations.java:456)
	reactor.netty.channel.ChannelOperationsHandler.channelRead(ChannelOperationsHandler.java:91)
	io.netty.channel.AbstractChannelHandlerContext.invokeChannelRead(AbstractChannelHandlerContext.java:374)
	io.netty.channel.AbstractChannelHandlerContext.invokeChannelRead(AbstractChannelHandlerContext.java:360)
	io.netty.channel.AbstractChannelHandlerContext.fireChannelRead(AbstractChannelHandlerContext.java:352)
	reactor.netty.http.server.HttpTrafficHandler.channelRead(HttpTrafficHandler.java:190)
	io.netty.channel.AbstractChannelHandlerContext.invokeChannelRead(AbstractChannelHandlerContext.java:374)
	io.netty.channel.AbstractChannelHandlerContext.invokeChannelRead(AbstractChannelHandlerContext.java:360)
	io.netty.channel.AbstractChannelHandlerContext.fireChannelRead(AbstractChannelHandlerContext.java:352)
	io.netty.channel.CombinedChannelDuplexHandler$DelegatingChannelHandlerContext.fireChannelRead(CombinedChannelDuplexHandler.java:438)
	io.netty.handler.codec.ByteToMessageDecoder.fireChannelRead(ByteToMessageDecoder.java:323)
	io.netty.handler.codec.ByteToMessageDecoder.fireChannelRead(ByteToMessageDecoder.java:310)
	io.netty.handler.codec.ByteToMessageDecoder.callDecode(ByteToMessageDecoder.java:426)
	io.netty.handler.codec.ByteToMessageDecoder.channelRead(ByteToMessageDecoder.java:278)
	io.netty.channel.CombinedChannelDuplexHandler.channelRead(CombinedChannelDuplexHandler.java:253)
	io.netty.channel.AbstractChannelHandlerContext.invokeChannelRead(AbstractChannelHandlerContext.java:374)
	io.netty.channel.AbstractChannelHandlerContext.invokeChannelRead(AbstractChannelHandlerContext.java:360)
	io.netty.channel.AbstractChannelHandlerContext.fireChannelRead(AbstractChannelHandlerContext.java:352)
	io.netty.channel.DefaultChannelPipeline$HeadContext.channelRead(DefaultChannelPipeline.java:1408)
	io.netty.channel.AbstractChannelHandlerContext.invokeChannelRead(AbstractChannelHandlerContext.java:374)
	io.netty.channel.AbstractChannelHandlerContext.invokeChannelRead(AbstractChannelHandlerContext.java:360)
	io.netty.channel.DefaultChannelPipeline.fireChannelRead(DefaultChannelPipeline.java:930)
	io.netty.channel.nio.AbstractNioByteChannel$NioByteUnsafe.read(AbstractNioByteChannel.java:163)
	io.netty.channel.nio.NioEventLoop.processSelectedKey(NioEventLoop.java:682)
	io.netty.channel.nio.NioEventLoop.processSelectedKeysOptimized(NioEventLoop.java:617)
	io.netty.channel.nio.NioEventLoop.processSelectedKeys(NioEventLoop.java:534)
	io.netty.channel.nio.NioEventLoop.run(NioEventLoop.java:496)
	io.netty.util.concurrent.SingleThreadEventExecutor$5.run(SingleThreadEventExecutor.java:906)
	io.netty.util.internal.ThreadExecutorMap$2.run(ThreadExecutorMap.java:74)
	io.netty.util.concurrent.FastThreadLocalRunnable.run(FastThreadLocalRunnable.java:30)
	java.lang.Thread.run(Thread.java:748)
#2:
	org.springframework.core.io.buffer.NettyDataBuffer.release(NettyDataBuffer.java:308)
	org.springframework.core.io.buffer.DataBufferUtils.release(DataBufferUtils.java:498)
	org.springframework.core.io.buffer.DataBufferUtils.endFrameAfterDelimiter(DataBufferUtils.java:660)
	org.springframework.core.io.buffer.DataBufferUtils.lambda$split$18(DataBufferUtils.java:603)
	reactor.core.publisher.FluxFlatMap$FlatMapMain.onNext(FluxFlatMap.java:350)
	reactor.core.publisher.FluxConcatMap$ConcatMapImmediate.innerNext(FluxConcatMap.java:275)
	reactor.core.publisher.FluxConcatMap$ConcatMapInner.onNext(FluxConcatMap.java:849)
	reactor.core.publisher.FluxConcatMap$WeakScalarSubscription.request(FluxConcatMap.java:470)
	reactor.core.publisher.Operators$MultiSubscriptionSubscriber.set(Operators.java:1939)
	reactor.core.publisher.FluxConcatMap$ConcatMapImmediate.drain(FluxConcatMap.java:436)
	reactor.core.publisher.FluxConcatMap$ConcatMapImmediate.onNext(FluxConcatMap.java:244)
	reactor.core.publisher.FluxMap$MapSubscriber.onNext(FluxMap.java:114)
	reactor.core.publisher.FluxPeek$PeekSubscriber.onNext(FluxPeek.java:192)
	reactor.core.publisher.FluxMap$MapSubscriber.onNext(FluxMap.java:114)
	reactor.netty.channel.FluxReceive.drainReceiver(FluxReceive.java:206)
	reactor.netty.channel.FluxReceive.onInboundNext(FluxReceive.java:322)
	reactor.netty.channel.ChannelOperations.onInboundNext(ChannelOperations.java:335)
	reactor.netty.http.server.HttpServerOperations.onInboundNext(HttpServerOperations.java:456)
	reactor.netty.channel.ChannelOperationsHandler.channelRead(ChannelOperationsHandler.java:91)
	io.netty.channel.AbstractChannelHandlerContext.invokeChannelRead(AbstractChannelHandlerContext.java:374)
	io.netty.channel.AbstractChannelHandlerContext.invokeChannelRead(AbstractChannelHandlerContext.java:360)
	io.netty.channel.AbstractChannelHandlerContext.fireChannelRead(AbstractChannelHandlerContext.java:352)
	reactor.netty.http.server.HttpTrafficHandler.channelRead(HttpTrafficHandler.java:190)
	io.netty.channel.AbstractChannelHandlerContext.invokeChannelRead(AbstractChannelHandlerContext.java:374)
	io.netty.channel.AbstractChannelHandlerContext.invokeChannelRead(AbstractChannelHandlerContext.java:360)
	io.netty.channel.AbstractChannelHandlerContext.fireChannelRead(AbstractChannelHandlerContext.java:352)
	io.netty.channel.CombinedChannelDuplexHandler$DelegatingChannelHandlerContext.fireChannelRead(CombinedChannelDuplexHandler.java:438)
	io.netty.handler.codec.ByteToMessageDecoder.fireChannelRead(ByteToMessageDecoder.java:323)
	io.netty.handler.codec.ByteToMessageDecoder.fireChannelRead(ByteToMessageDecoder.java:310)
	io.netty.handler.codec.ByteToMessageDecoder.callDecode(ByteToMessageDecoder.java:426)
	io.netty.handler.codec.ByteToMessageDecoder.channelRead(ByteToMessageDecoder.java:278)
	io.netty.channel.CombinedChannelDuplexHandler.channelRead(CombinedChannelDuplexHandler.java:253)
	io.netty.channel.AbstractChannelHandlerContext.invokeChannelRead(AbstractChannelHandlerContext.java:374)
	io.netty.channel.AbstractChannelHandlerContext.invokeChannelRead(AbstractChannelHandlerContext.java:360)
	io.netty.channel.AbstractChannelHandlerContext.fireChannelRead(AbstractChannelHandlerContext.java:352)
	io.netty.channel.DefaultChannelPipeline$HeadContext.channelRead(DefaultChannelPipeline.java:1408)
	io.netty.channel.AbstractChannelHandlerContext.invokeChannelRead(AbstractChannelHandlerContext.java:374)
	io.netty.channel.AbstractChannelHandlerContext.invokeChannelRead(AbstractChannelHandlerContext.java:360)
	io.netty.channel.DefaultChannelPipeline.fireChannelRead(DefaultChannelPipeline.java:930)
	io.netty.channel.nio.AbstractNioByteChannel$NioByteUnsafe.read(AbstractNioByteChannel.java:163)
	io.netty.channel.nio.NioEventLoop.processSelectedKey(NioEventLoop.java:682)
	io.netty.channel.nio.NioEventLoop.processSelectedKeysOptimized(NioEventLoop.java:617)
	io.netty.channel.nio.NioEventLoop.processSelectedKeys(NioEventLoop.java:534)
	io.netty.channel.nio.NioEventLoop.run(NioEventLoop.java:496)
	io.netty.util.concurrent.SingleThreadEventExecutor$5.run(SingleThreadEventExecutor.java:906)
	io.netty.util.internal.ThreadExecutorMap$2.run(ThreadExecutorMap.java:74)
	io.netty.util.concurrent.FastThreadLocalRunnable.run(FastThreadLocalRunnable.java:30)
	java.lang.Thread.run(Thread.java:748)
#3:
	io.netty.buffer.AdvancedLeakAwareByteBuf.getByte(AdvancedLeakAwareByteBuf.java:154)
	org.springframework.core.io.buffer.NettyDataBuffer.getByte(NettyDataBuffer.java:132)
	org.springframework.core.io.buffer.DataBufferUtils$KnuthMorrisPrattMatcher.match(DataBufferUtils.java:1005)
	org.springframework.core.io.buffer.DataBufferUtils.endFrameAfterDelimiter(DataBufferUtils.java:634)
	org.springframework.core.io.buffer.DataBufferUtils.lambda$split$18(DataBufferUtils.java:603)
	reactor.core.publisher.FluxFlatMap$FlatMapMain.onNext(FluxFlatMap.java:350)
	reactor.core.publisher.FluxConcatMap$ConcatMapImmediate.innerNext(FluxConcatMap.java:275)
	reactor.core.publisher.FluxConcatMap$ConcatMapInner.onNext(FluxConcatMap.java:849)
	reactor.core.publisher.FluxConcatMap$WeakScalarSubscription.request(FluxConcatMap.java:470)
	reactor.core.publisher.Operators$MultiSubscriptionSubscriber.set(Operators.java:1939)
	reactor.core.publisher.FluxConcatMap$ConcatMapImmediate.drain(FluxConcatMap.java:436)
	reactor.core.publisher.FluxConcatMap$ConcatMapImmediate.onNext(FluxConcatMap.java:244)
	reactor.core.publisher.FluxMap$MapSubscriber.onNext(FluxMap.java:114)
	reactor.core.publisher.FluxPeek$PeekSubscriber.onNext(FluxPeek.java:192)
	reactor.core.publisher.FluxMap$MapSubscriber.onNext(FluxMap.java:114)
	reactor.netty.channel.FluxReceive.drainReceiver(FluxReceive.java:206)
	reactor.netty.channel.FluxReceive.onInboundNext(FluxReceive.java:322)
	reactor.netty.channel.ChannelOperations.onInboundNext(ChannelOperations.java:335)
	reactor.netty.http.server.HttpServerOperations.onInboundNext(HttpServerOperations.java:456)
	reactor.netty.channel.ChannelOperationsHandler.channelRead(ChannelOperationsHandler.java:91)
	io.netty.channel.AbstractChannelHandlerContext.invokeChannelRead(AbstractChannelHandlerContext.java:374)
	io.netty.channel.AbstractChannelHandlerContext.invokeChannelRead(AbstractChannelHandlerContext.java:360)
	io.netty.channel.AbstractChannelHandlerContext.fireChannelRead(AbstractChannelHandlerContext.java:352)
	reactor.netty.http.server.HttpTrafficHandler.channelRead(HttpTrafficHandler.java:190)
	io.netty.channel.AbstractChannelHandlerContext.invokeChannelRead(AbstractChannelHandlerContext.java:374)
	io.netty.channel.AbstractChannelHandlerContext.invokeChannelRead(AbstractChannelHandlerContext.java:360)
	io.netty.channel.AbstractChannelHandlerContext.fireChannelRead(AbstractChannelHandlerContext.java:352)
	io.netty.channel.CombinedChannelDuplexHandler$DelegatingChannelHandlerContext.fireChannelRead(CombinedChannelDuplexHandler.java:438)
	io.netty.handler.codec.ByteToMessageDecoder.fireChannelRead(ByteToMessageDecoder.java:323)
	io.netty.handler.codec.ByteToMessageDecoder.fireChannelRead(ByteToMessageDecoder.java:310)
	io.netty.handler.codec.ByteToMessageDecoder.callDecode(ByteToMessageDecoder.java:426)
	io.netty.handler.codec.ByteToMessageDecoder.channelRead(ByteToMessageDecoder.java:278)
	io.netty.channel.CombinedChannelDuplexHandler.channelRead(CombinedChannelDuplexHandler.java:253)
	io.netty.channel.AbstractChannelHandlerContext.invokeChannelRead(AbstractChannelHandlerContext.java:374)
	io.netty.channel.AbstractChannelHandlerContext.invokeChannelRead(AbstractChannelHandlerContext.java:360)
	io.netty.channel.AbstractChannelHandlerContext.fireChannelRead(AbstractChannelHandlerContext.java:352)
	io.netty.channel.DefaultChannelPipeline$HeadContext.channelRead(DefaultChannelPipeline.java:1408)
	io.netty.channel.AbstractChannelHandlerContext.invokeChannelRead(AbstractChannelHandlerContext.java:374)
	io.netty.channel.AbstractChannelHandlerContext.invokeChannelRead(AbstractChannelHandlerContext.java:360)
	io.netty.channel.DefaultChannelPipeline.fireChannelRead(DefaultChannelPipeline.java:930)
	io.netty.channel.nio.AbstractNioByteChannel$NioByteUnsafe.read(AbstractNioByteChannel.java:163)
	io.netty.channel.nio.NioEventLoop.processSelectedKey(NioEventLoop.java:682)
	io.netty.channel.nio.NioEventLoop.processSelectedKeysOptimized(NioEventLoop.java:617)
	io.netty.channel.nio.NioEventLoop.processSelectedKeys(NioEventLoop.java:534)
	io.netty.channel.nio.NioEventLoop.run(NioEventLoop.java:496)
	io.netty.util.concurrent.SingleThreadEventExecutor$5.run(SingleThreadEventExecutor.java:906)
	io.netty.util.internal.ThreadExecutorMap$2.run(ThreadExecutorMap.java:74)
	io.netty.util.concurrent.FastThreadLocalRunnable.run(FastThreadLocalRunnable.java:30)
	java.lang.Thread.run(Thread.java:748)
#4:
	org.springframework.core.io.buffer.NettyDataBufferFactory.wrap(NettyDataBufferFactory.java:93)
	reactor.core.publisher.FluxMap$MapSubscriber.onNext(FluxMap.java:100)
	reactor.core.publisher.FluxPeek$PeekSubscriber.onNext(FluxPeek.java:192)
	reactor.core.publisher.FluxMap$MapSubscriber.onNext(FluxMap.java:114)
	reactor.netty.channel.FluxReceive.drainReceiver(FluxReceive.java:206)
	reactor.netty.channel.FluxReceive.onInboundNext(FluxReceive.java:322)
	reactor.netty.channel.ChannelOperations.onInboundNext(ChannelOperations.java:335)
	reactor.netty.http.server.HttpServerOperations.onInboundNext(HttpServerOperations.java:456)
	reactor.netty.channel.ChannelOperationsHandler.channelRead(ChannelOperationsHandler.java:91)
	io.netty.channel.AbstractChannelHandlerContext.invokeChannelRead(AbstractChannelHandlerContext.java:374)
	io.netty.channel.AbstractChannelHandlerContext.invokeChannelRead(AbstractChannelHandlerContext.java:360)
	io.netty.channel.AbstractChannelHandlerContext.fireChannelRead(AbstractChannelHandlerContext.java:352)
	reactor.netty.http.server.HttpTrafficHandler.channelRead(HttpTrafficHandler.java:190)
	io.netty.channel.AbstractChannelHandlerContext.invokeChannelRead(AbstractChannelHandlerContext.java:374)
	io.netty.channel.AbstractChannelHandlerContext.invokeChannelRead(AbstractChannelHandlerContext.java:360)
	io.netty.channel.AbstractChannelHandlerContext.fireChannelRead(AbstractChannelHandlerContext.java:352)
	io.netty.channel.CombinedChannelDuplexHandler$DelegatingChannelHandlerContext.fireChannelRead(CombinedChannelDuplexHandler.java:438)
	io.netty.handler.codec.ByteToMessageDecoder.fireChannelRead(ByteToMessageDecoder.java:323)
	io.netty.handler.codec.ByteToMessageDecoder.fireChannelRead(ByteToMessageDecoder.java:310)
	io.netty.handler.codec.ByteToMessageDecoder.callDecode(ByteToMessageDecoder.java:426)
	io.netty.handler.codec.ByteToMessageDecoder.channelRead(ByteToMessageDecoder.java:278)
	io.netty.channel.CombinedChannelDuplexHandler.channelRead(CombinedChannelDuplexHandler.java:253)
	io.netty.channel.AbstractChannelHandlerContext.invokeChannelRead(AbstractChannelHandlerContext.java:374)
	io.netty.channel.AbstractChannelHandlerContext.invokeChannelRead(AbstractChannelHandlerContext.java:360)
	io.netty.channel.AbstractChannelHandlerContext.fireChannelRead(AbstractChannelHandlerContext.java:352)
	io.netty.channel.DefaultChannelPipeline$HeadContext.channelRead(DefaultChannelPipeline.java:1408)
	io.netty.channel.AbstractChannelHandlerContext.invokeChannelRead(AbstractChannelHandlerContext.java:374)
	io.netty.channel.AbstractChannelHandlerContext.invokeChannelRead(AbstractChannelHandlerContext.java:360)
	io.netty.channel.DefaultChannelPipeline.fireChannelRead(DefaultChannelPipeline.java:930)
	io.netty.channel.nio.AbstractNioByteChannel$NioByteUnsafe.read(AbstractNioByteChannel.java:163)
	io.netty.channel.nio.NioEventLoop.processSelectedKey(NioEventLoop.java:682)
	io.netty.channel.nio.NioEventLoop.processSelectedKeysOptimized(NioEventLoop.java:617)
	io.netty.channel.nio.NioEventLoop.processSelectedKeys(NioEventLoop.java:534)
	io.netty.channel.nio.NioEventLoop.run(NioEventLoop.java:496)
	io.netty.util.concurrent.SingleThreadEventExecutor$5.run(SingleThreadEventExecutor.java:906)
	io.netty.util.internal.ThreadExecutorMap$2.run(ThreadExecutorMap.java:74)
	io.netty.util.concurrent.FastThreadLocalRunnable.run(FastThreadLocalRunnable.java:30)
	java.lang.Thread.run(Thread.java:748)
#5:
	reactor.core.publisher.FluxPeek$PeekSubscriber.onNext(FluxPeek.java:177)
	reactor.core.publisher.FluxMap$MapSubscriber.onNext(FluxMap.java:114)
	reactor.netty.channel.FluxReceive.drainReceiver(FluxReceive.java:206)
	reactor.netty.channel.FluxReceive.onInboundNext(FluxReceive.java:322)
	reactor.netty.channel.ChannelOperations.onInboundNext(ChannelOperations.java:335)
	reactor.netty.http.server.HttpServerOperations.onInboundNext(HttpServerOperations.java:456)
	reactor.netty.channel.ChannelOperationsHandler.channelRead(ChannelOperationsHandler.java:91)
	io.netty.channel.AbstractChannelHandlerContext.invokeChannelRead(AbstractChannelHandlerContext.java:374)
	io.netty.channel.AbstractChannelHandlerContext.invokeChannelRead(AbstractChannelHandlerContext.java:360)
	io.netty.channel.AbstractChannelHandlerContext.fireChannelRead(AbstractChannelHandlerContext.java:352)
	reactor.netty.http.server.HttpTrafficHandler.channelRead(HttpTrafficHandler.java:190)
	io.netty.channel.AbstractChannelHandlerContext.invokeChannelRead(AbstractChannelHandlerContext.java:374)
	io.netty.channel.AbstractChannelHandlerContext.invokeChannelRead(AbstractChannelHandlerContext.java:360)
	io.netty.channel.AbstractChannelHandlerContext.fireChannelRead(AbstractChannelHandlerContext.java:352)
	io.netty.channel.CombinedChannelDuplexHandler$DelegatingChannelHandlerContext.fireChannelRead(CombinedChannelDuplexHandler.java:438)
	io.netty.handler.codec.ByteToMessageDecoder.fireChannelRead(ByteToMessageDecoder.java:323)
	io.netty.handler.codec.ByteToMessageDecoder.fireChannelRead(ByteToMessageDecoder.java:310)
	io.netty.handler.codec.ByteToMessageDecoder.callDecode(ByteToMessageDecoder.java:426)
	io.netty.handler.codec.ByteToMessageDecoder.channelRead(ByteToMessageDecoder.java:278)
	io.netty.channel.CombinedChannelDuplexHandler.channelRead(CombinedChannelDuplexHandler.java:253)
	io.netty.channel.AbstractChannelHandlerContext.invokeChannelRead(AbstractChannelHandlerContext.java:374)
	io.netty.channel.AbstractChannelHandlerContext.invokeChannelRead(AbstractChannelHandlerContext.java:360)
	io.netty.channel.AbstractChannelHandlerContext.fireChannelRead(AbstractChannelHandlerContext.java:352)
	io.netty.channel.DefaultChannelPipeline$HeadContext.channelRead(DefaultChannelPipeline.java:1408)
	io.netty.channel.AbstractChannelHandlerContext.invokeChannelRead(AbstractChannelHandlerContext.java:374)
	io.netty.channel.AbstractChannelHandlerContext.invokeChannelRead(AbstractChannelHandlerContext.java:360)
	io.netty.channel.DefaultChannelPipeline.fireChannelRead(DefaultChannelPipeline.java:930)
	io.netty.channel.nio.AbstractNioByteChannel$NioByteUnsafe.read(AbstractNioByteChannel.java:163)
	io.netty.channel.nio.NioEventLoop.processSelectedKey(NioEventLoop.java:682)
	io.netty.channel.nio.NioEventLoop.processSelectedKeysOptimized(NioEventLoop.java:617)
	io.netty.channel.nio.NioEventLoop.processSelectedKeys(NioEventLoop.java:534)
	io.netty.channel.nio.NioEventLoop.run(NioEventLoop.java:496)
	io.netty.util.concurrent.SingleThreadEventExecutor$5.run(SingleThreadEventExecutor.java:906)
	io.netty.util.internal.ThreadExecutorMap$2.run(ThreadExecutorMap.java:74)
	io.netty.util.concurrent.FastThreadLocalRunnable.run(FastThreadLocalRunnable.java:30)
	java.lang.Thread.run(Thread.java:748)
#6:
	Hint: 'reactor.right.reactiveBridge' will handle the message from this point.
	io.netty.handler.codec.http.DefaultHttpContent.touch(DefaultHttpContent.java:88)
	io.netty.handler.codec.http.DefaultHttpContent.touch(DefaultHttpContent.java:24)
	io.netty.channel.DefaultChannelPipeline.touch(DefaultChannelPipeline.java:116)
	io.netty.channel.AbstractChannelHandlerContext.invokeChannelRead(AbstractChannelHandlerContext.java:357)
	io.netty.channel.AbstractChannelHandlerContext.fireChannelRead(AbstractChannelHandlerContext.java:352)
	reactor.netty.http.server.HttpTrafficHandler.channelRead(HttpTrafficHandler.java:190)
	io.netty.channel.AbstractChannelHandlerContext.invokeChannelRead(AbstractChannelHandlerContext.java:374)
	io.netty.channel.AbstractChannelHandlerContext.invokeChannelRead(AbstractChannelHandlerContext.java:360)
	io.netty.channel.AbstractChannelHandlerContext.fireChannelRead(AbstractChannelHandlerContext.java:352)
	io.netty.channel.CombinedChannelDuplexHandler$DelegatingChannelHandlerContext.fireChannelRead(CombinedChannelDuplexHandler.java:438)
	io.netty.handler.codec.ByteToMessageDecoder.fireChannelRead(ByteToMessageDecoder.java:323)
	io.netty.handler.codec.ByteToMessageDecoder.fireChannelRead(ByteToMessageDecoder.java:310)
	io.netty.handler.codec.ByteToMessageDecoder.callDecode(ByteToMessageDecoder.java:426)
	io.netty.handler.codec.ByteToMessageDecoder.channelRead(ByteToMessageDecoder.java:278)
	io.netty.channel.CombinedChannelDuplexHandler.channelRead(CombinedChannelDuplexHandler.java:253)
	io.netty.channel.AbstractChannelHandlerContext.invokeChannelRead(AbstractChannelHandlerContext.java:374)
	io.netty.channel.AbstractChannelHandlerContext.invokeChannelRead(AbstractChannelHandlerContext.java:360)
	io.netty.channel.AbstractChannelHandlerContext.fireChannelRead(AbstractChannelHandlerContext.java:352)
	io.netty.channel.DefaultChannelPipeline$HeadContext.channelRead(DefaultChannelPipeline.java:1408)
	io.netty.channel.AbstractChannelHandlerContext.invokeChannelRead(AbstractChannelHandlerContext.java:374)
	io.netty.channel.AbstractChannelHandlerContext.invokeChannelRead(AbstractChannelHandlerContext.java:360)
	io.netty.channel.DefaultChannelPipeline.fireChannelRead(DefaultChannelPipeline.java:930)
	io.netty.channel.nio.AbstractNioByteChannel$NioByteUnsafe.read(AbstractNioByteChannel.java:163)
	io.netty.channel.nio.NioEventLoop.processSelectedKey(NioEventLoop.java:682)
	io.netty.channel.nio.NioEventLoop.processSelectedKeysOptimized(NioEventLoop.java:617)
	io.netty.channel.nio.NioEventLoop.processSelectedKeys(NioEventLoop.java:534)
	io.netty.channel.nio.NioEventLoop.run(NioEventLoop.java:496)
	io.netty.util.concurrent.SingleThreadEventExecutor$5.run(SingleThreadEventExecutor.java:906)
	io.netty.util.internal.ThreadExecutorMap$2.run(ThreadExecutorMap.java:74)
	io.netty.util.concurrent.FastThreadLocalRunnable.run(FastThreadLocalRunnable.java:30)
	java.lang.Thread.run(Thread.java:748)
#7:
	Hint: 'reactor.left.httpTrafficHandler' will handle the message from this point.
	io.netty.handler.codec.http.DefaultHttpContent.touch(DefaultHttpContent.java:88)
	io.netty.handler.codec.http.DefaultHttpContent.touch(DefaultHttpContent.java:24)
	io.netty.channel.DefaultChannelPipeline.touch(DefaultChannelPipeline.java:116)
	io.netty.channel.AbstractChannelHandlerContext.invokeChannelRead(AbstractChannelHandlerContext.java:357)
	io.netty.channel.AbstractChannelHandlerContext.fireChannelRead(AbstractChannelHandlerContext.java:352)
	io.netty.channel.CombinedChannelDuplexHandler$DelegatingChannelHandlerContext.fireChannelRead(CombinedChannelDuplexHandler.java:438)
	io.netty.handler.codec.ByteToMessageDecoder.fireChannelRead(ByteToMessageDecoder.java:323)
	io.netty.handler.codec.ByteToMessageDecoder.fireChannelRead(ByteToMessageDecoder.java:310)
	io.netty.handler.codec.ByteToMessageDecoder.callDecode(ByteToMessageDecoder.java:426)
	io.netty.handler.codec.ByteToMessageDecoder.channelRead(ByteToMessageDecoder.java:278)
	io.netty.channel.CombinedChannelDuplexHandler.channelRead(CombinedChannelDuplexHandler.java:253)
	io.netty.channel.AbstractChannelHandlerContext.invokeChannelRead(AbstractChannelHandlerContext.java:374)
	io.netty.channel.AbstractChannelHandlerContext.invokeChannelRead(AbstractChannelHandlerContext.java:360)
	io.netty.channel.AbstractChannelHandlerContext.fireChannelRead(AbstractChannelHandlerContext.java:352)
	io.netty.channel.DefaultChannelPipeline$HeadContext.channelRead(DefaultChannelPipeline.java:1408)
	io.netty.channel.AbstractChannelHandlerContext.invokeChannelRead(AbstractChannelHandlerContext.java:374)
	io.netty.channel.AbstractChannelHandlerContext.invokeChannelRead(AbstractChannelHandlerContext.java:360)
	io.netty.channel.DefaultChannelPipeline.fireChannelRead(DefaultChannelPipeline.java:930)
	io.netty.channel.nio.AbstractNioByteChannel$NioByteUnsafe.read(AbstractNioByteChannel.java:163)
	io.netty.channel.nio.NioEventLoop.processSelectedKey(NioEventLoop.java:682)
	io.netty.channel.nio.NioEventLoop.processSelectedKeysOptimized(NioEventLoop.java:617)
	io.netty.channel.nio.NioEventLoop.processSelectedKeys(NioEventLoop.java:534)
	io.netty.channel.nio.NioEventLoop.run(NioEventLoop.java:496)
	io.netty.util.concurrent.SingleThreadEventExecutor$5.run(SingleThreadEventExecutor.java:906)
	io.netty.util.internal.ThreadExecutorMap$2.run(ThreadExecutorMap.java:74)
	io.netty.util.concurrent.FastThreadLocalRunnable.run(FastThreadLocalRunnable.java:30)
	java.lang.Thread.run(Thread.java:748)
Created at:
	io.netty.buffer.SimpleLeakAwareByteBuf.unwrappedDerived(SimpleLeakAwareByteBuf.java:143)
	io.netty.buffer.SimpleLeakAwareByteBuf.readRetainedSlice(SimpleLeakAwareByteBuf.java:67)
	io.netty.buffer.AdvancedLeakAwareByteBuf.readRetainedSlice(AdvancedLeakAwareByteBuf.java:107)
	io.netty.handler.codec.http.HttpObjectDecoder.decode(HttpObjectDecoder.java:336)
	io.netty.handler.codec.http.HttpServerCodec$HttpServerRequestDecoder.decode(HttpServerCodec.java:103)
	io.netty.handler.codec.ByteToMessageDecoder.decodeRemovalReentryProtection(ByteToMessageDecoder.java:502)
	io.netty.handler.codec.ByteToMessageDecoder.callDecode(ByteToMessageDecoder.java:441)
	io.netty.handler.codec.ByteToMessageDecoder.channelRead(ByteToMessageDecoder.java:278)
	io.netty.channel.CombinedChannelDuplexHandler.channelRead(CombinedChannelDuplexHandler.java:253)
	io.netty.channel.AbstractChannelHandlerContext.invokeChannelRead(AbstractChannelHandlerContext.java:374)
	io.netty.channel.AbstractChannelHandlerContext.invokeChannelRead(AbstractChannelHandlerContext.java:360)
	io.netty.channel.AbstractChannelHandlerContext.fireChannelRead(AbstractChannelHandlerContext.java:352)
	io.netty.channel.DefaultChannelPipeline$HeadContext.channelRead(DefaultChannelPipeline.java:1408)
	io.netty.channel.AbstractChannelHandlerContext.invokeChannelRead(AbstractChannelHandlerContext.java:374)
	io.netty.channel.AbstractChannelHandlerContext.invokeChannelRead(AbstractChannelHandlerContext.java:360)
	io.netty.channel.DefaultChannelPipeline.fireChannelRead(DefaultChannelPipeline.java:930)
	io.netty.channel.nio.AbstractNioByteChannel$NioByteUnsafe.read(AbstractNioByteChannel.java:163)
	io.netty.channel.nio.NioEventLoop.processSelectedKey(NioEventLoop.java:682)
	io.netty.channel.nio.NioEventLoop.processSelectedKeysOptimized(NioEventLoop.java:617)
	io.netty.channel.nio.NioEventLoop.processSelectedKeys(NioEventLoop.java:534)
	io.netty.channel.nio.NioEventLoop.run(NioEventLoop.java:496)
	io.netty.util.concurrent.SingleThreadEventExecutor$5.run(SingleThreadEventExecutor.java:906)
	io.netty.util.internal.ThreadExecutorMap$2.run(ThreadExecutorMap.java:74)
	io.netty.util.concurrent.FastThreadLocalRunnable.run(FastThreadLocalRunnable.java:30)
	java.lang.Thread.run(Thread.java:748)
: 13 leak records were discarded because the leak record count is targeted to 4. Use system property io.netty.leakDetection.targetRecords to increase the limit.
22:42:59.928 [reactor-http-nio-14] ERROR i.n.u.ResourceLeakDetector - LEAK: ByteBuf.release() was not called before it's garbage-collected. See http://netty.io/wiki/reference-counted-objects.html for more information.
Recent access records: 
#1:
	io.netty.handler.codec.ByteToMessageDecoder.channelRead(ByteToMessageDecoder.java:286)
	io.netty.channel.CombinedChannelDuplexHandler.channelRead(CombinedChannelDuplexHandler.java:253)
	io.netty.channel.AbstractChannelHandlerContext.invokeChannelRead(AbstractChannelHandlerContext.java:374)
	io.netty.channel.AbstractChannelHandlerContext.invokeChannelRead(AbstractChannelHandlerContext.java:360)
	io.netty.channel.AbstractChannelHandlerContext.fireChannelRead(AbstractChannelHandlerContext.java:352)
	io.netty.channel.DefaultChannelPipeline$HeadContext.channelRead(DefaultChannelPipeline.java:1408)
	io.netty.channel.AbstractChannelHandlerContext.invokeChannelRead(AbstractChannelHandlerContext.java:374)
	io.netty.channel.AbstractChannelHandlerContext.invokeChannelRead(AbstractChannelHandlerContext.java:360)
	io.netty.channel.DefaultChannelPipeline.fireChannelRead(DefaultChannelPipeline.java:930)
	io.netty.channel.nio.AbstractNioByteChannel$NioByteUnsafe.read(AbstractNioByteChannel.java:163)
	io.netty.channel.nio.NioEventLoop.processSelectedKey(NioEventLoop.java:682)
	io.netty.channel.nio.NioEventLoop.processSelectedKeysOptimized(NioEventLoop.java:617)
	io.netty.channel.nio.NioEventLoop.processSelectedKeys(NioEventLoop.java:534)
	io.netty.channel.nio.NioEventLoop.run(NioEventLoop.java:496)
	io.netty.util.concurrent.SingleThreadEventExecutor$5.run(SingleThreadEventExecutor.java:906)
	io.netty.util.internal.ThreadExecutorMap$2.run(ThreadExecutorMap.java:74)
	io.netty.util.concurrent.FastThreadLocalRunnable.run(FastThreadLocalRunnable.java:30)
	java.lang.Thread.run(Thread.java:748)
#2:
	io.netty.buffer.AdvancedLeakAwareByteBuf.getByte(AdvancedLeakAwareByteBuf.java:154)
	io.netty.handler.codec.http.HttpObjectDecoder.decode(HttpObjectDecoder.java:351)
	io.netty.handler.codec.http.HttpServerCodec$HttpServerRequestDecoder.decode(HttpServerCodec.java:103)
	io.netty.handler.codec.ByteToMessageDecoder.decodeRemovalReentryProtection(ByteToMessageDecoder.java:502)
	io.netty.handler.codec.ByteToMessageDecoder.callDecode(ByteToMessageDecoder.java:441)
	io.netty.handler.codec.ByteToMessageDecoder.channelRead(ByteToMessageDecoder.java:278)
	io.netty.channel.CombinedChannelDuplexHandler.channelRead(CombinedChannelDuplexHandler.java:253)
	io.netty.channel.AbstractChannelHandlerContext.invokeChannelRead(AbstractChannelHandlerContext.java:374)
	io.netty.channel.AbstractChannelHandlerContext.invokeChannelRead(AbstractChannelHandlerContext.java:360)
	io.netty.channel.AbstractChannelHandlerContext.fireChannelRead(AbstractChannelHandlerContext.java:352)
	io.netty.channel.DefaultChannelPipeline$HeadContext.channelRead(DefaultChannelPipeline.java:1408)
	io.netty.channel.AbstractChannelHandlerContext.invokeChannelRead(AbstractChannelHandlerContext.java:374)
	io.netty.channel.AbstractChannelHandlerContext.invokeChannelRead(AbstractChannelHandlerContext.java:360)
	io.netty.channel.DefaultChannelPipeline.fireChannelRead(DefaultChannelPipeline.java:930)
	io.netty.channel.nio.AbstractNioByteChannel$NioByteUnsafe.read(AbstractNioByteChannel.java:163)
	io.netty.channel.nio.NioEventLoop.processSelectedKey(NioEventLoop.java:682)
	io.netty.channel.nio.NioEventLoop.processSelectedKeysOptimized(NioEventLoop.java:617)
	io.netty.channel.nio.NioEventLoop.processSelectedKeys(NioEventLoop.java:534)
	io.netty.channel.nio.NioEventLoop.run(NioEventLoop.java:496)
	io.netty.util.concurrent.SingleThreadEventExecutor$5.run(SingleThreadEventExecutor.java:906)
	io.netty.util.internal.ThreadExecutorMap$2.run(ThreadExecutorMap.java:74)
	io.netty.util.concurrent.FastThreadLocalRunnable.run(FastThreadLocalRunnable.java:30)
	java.lang.Thread.run(Thread.java:748)
#3:
	io.netty.buffer.AdvancedLeakAwareByteBuf.forEachByte(AdvancedLeakAwareByteBuf.java:670)
	io.netty.handler.codec.http.HttpObjectDecoder$HeaderParser.parse(HttpObjectDecoder.java:793)
	io.netty.handler.codec.http.HttpObjectDecoder$LineParser.parse(HttpObjectDecoder.java:842)
	io.netty.handler.codec.http.HttpObjectDecoder.decode(HttpObjectDecoder.java:313)
	io.netty.handler.codec.http.HttpServerCodec$HttpServerRequestDecoder.decode(HttpServerCodec.java:103)
	io.netty.handler.codec.ByteToMessageDecoder.decodeRemovalReentryProtection(ByteToMessageDecoder.java:502)
	io.netty.handler.codec.ByteToMessageDecoder.callDecode(ByteToMessageDecoder.java:441)
	io.netty.handler.codec.ByteToMessageDecoder.channelRead(ByteToMessageDecoder.java:278)
	io.netty.channel.CombinedChannelDuplexHandler.channelRead(CombinedChannelDuplexHandler.java:253)
	io.netty.channel.AbstractChannelHandlerContext.invokeChannelRead(AbstractChannelHandlerContext.java:374)
	io.netty.channel.AbstractChannelHandlerContext.invokeChannelRead(AbstractChannelHandlerContext.java:360)
	io.netty.channel.AbstractChannelHandlerContext.fireChannelRead(AbstractChannelHandlerContext.java:352)
	io.netty.channel.DefaultChannelPipeline$HeadContext.channelRead(DefaultChannelPipeline.java:1408)
	io.netty.channel.AbstractChannelHandlerContext.invokeChannelRead(AbstractChannelHandlerContext.java:374)
	io.netty.channel.AbstractChannelHandlerContext.invokeChannelRead(AbstractChannelHandlerContext.java:360)
	io.netty.channel.DefaultChannelPipeline.fireChannelRead(DefaultChannelPipeline.java:930)
	io.netty.channel.nio.AbstractNioByteChannel$NioByteUnsafe.read(AbstractNioByteChannel.java:163)
	io.netty.channel.nio.NioEventLoop.processSelectedKey(NioEventLoop.java:682)
	io.netty.channel.nio.NioEventLoop.processSelectedKeysOptimized(NioEventLoop.java:617)
	io.netty.channel.nio.NioEventLoop.processSelectedKeys(NioEventLoop.java:534)
	io.netty.channel.nio.NioEventLoop.run(NioEventLoop.java:496)
	io.netty.util.concurrent.SingleThreadEventExecutor$5.run(SingleThreadEventExecutor.java:906)
	io.netty.util.internal.ThreadExecutorMap$2.run(ThreadExecutorMap.java:74)
	io.netty.util.concurrent.FastThreadLocalRunnable.run(FastThreadLocalRunnable.java:30)
	java.lang.Thread.run(Thread.java:748)
#4:
	Hint: 'reactor.left.httpCodec' will handle the message from this point.
	io.netty.channel.DefaultChannelPipeline.touch(DefaultChannelPipeline.java:116)
	io.netty.channel.AbstractChannelHandlerContext.invokeChannelRead(AbstractChannelHandlerContext.java:357)
	io.netty.channel.AbstractChannelHandlerContext.fireChannelRead(AbstractChannelHandlerContext.java:352)
	io.netty.channel.DefaultChannelPipeline$HeadContext.channelRead(DefaultChannelPipeline.java:1408)
	io.netty.channel.AbstractChannelHandlerContext.invokeChannelRead(AbstractChannelHandlerContext.java:374)
	io.netty.channel.AbstractChannelHandlerContext.invokeChannelRead(AbstractChannelHandlerContext.java:360)
	io.netty.channel.DefaultChannelPipeline.fireChannelRead(DefaultChannelPipeline.java:930)
	io.netty.channel.nio.AbstractNioByteChannel$NioByteUnsafe.read(AbstractNioByteChannel.java:163)
	io.netty.channel.nio.NioEventLoop.processSelectedKey(NioEventLoop.java:682)
	io.netty.channel.nio.NioEventLoop.processSelectedKeysOptimized(NioEventLoop.java:617)
	io.netty.channel.nio.NioEventLoop.processSelectedKeys(NioEventLoop.java:534)
	io.netty.channel.nio.NioEventLoop.run(NioEventLoop.java:496)
	io.netty.util.concurrent.SingleThreadEventExecutor$5.run(SingleThreadEventExecutor.java:906)
	io.netty.util.internal.ThreadExecutorMap$2.run(ThreadExecutorMap.java:74)
	io.netty.util.concurrent.FastThreadLocalRunnable.run(FastThreadLocalRunnable.java:30)
	java.lang.Thread.run(Thread.java:748)
#5:
	Hint: 'DefaultChannelPipeline$HeadContext#0' will handle the message from this point.
	io.netty.channel.DefaultChannelPipeline.touch(DefaultChannelPipeline.java:116)
	io.netty.channel.AbstractChannelHandlerContext.invokeChannelRead(AbstractChannelHandlerContext.java:357)
	io.netty.channel.DefaultChannelPipeline.fireChannelRead(DefaultChannelPipeline.java:930)
	io.netty.channel.nio.AbstractNioByteChannel$NioByteUnsafe.read(AbstractNioByteChannel.java:163)
	io.netty.channel.nio.NioEventLoop.processSelectedKey(NioEventLoop.java:682)
	io.netty.channel.nio.NioEventLoop.processSelectedKeysOptimized(NioEventLoop.java:617)
	io.netty.channel.nio.NioEventLoop.processSelectedKeys(NioEventLoop.java:534)
	io.netty.channel.nio.NioEventLoop.run(NioEventLoop.java:496)
	io.netty.util.concurrent.SingleThreadEventExecutor$5.run(SingleThreadEventExecutor.java:906)
	io.netty.util.internal.ThreadExecutorMap$2.run(ThreadExecutorMap.java:74)
	io.netty.util.concurrent.FastThreadLocalRunnable.run(FastThreadLocalRunnable.java:30)
	java.lang.Thread.run(Thread.java:748)
#6:
	io.netty.buffer.AdvancedLeakAwareByteBuf.writeBytes(AdvancedLeakAwareByteBuf.java:634)
	io.netty.channel.socket.nio.NioSocketChannel.doReadBytes(NioSocketChannel.java:347)
	io.netty.channel.nio.AbstractNioByteChannel$NioByteUnsafe.read(AbstractNioByteChannel.java:148)
	io.netty.channel.nio.NioEventLoop.processSelectedKey(NioEventLoop.java:682)
	io.netty.channel.nio.NioEventLoop.processSelectedKeysOptimized(NioEventLoop.java:617)
	io.netty.channel.nio.NioEventLoop.processSelectedKeys(NioEventLoop.java:534)
	io.netty.channel.nio.NioEventLoop.run(NioEventLoop.java:496)
	io.netty.util.concurrent.SingleThreadEventExecutor$5.run(SingleThreadEventExecutor.java:906)
	io.netty.util.internal.ThreadExecutorMap$2.run(ThreadExecutorMap.java:74)
	io.netty.util.concurrent.FastThreadLocalRunnable.run(FastThreadLocalRunnable.java:30)
	java.lang.Thread.run(Thread.java:748)
Created at:
	io.netty.buffer.PooledByteBufAllocator.newDirectBuffer(PooledByteBufAllocator.java:349)
	io.netty.buffer.AbstractByteBufAllocator.directBuffer(AbstractByteBufAllocator.java:187)
	io.netty.buffer.AbstractByteBufAllocator.directBuffer(AbstractByteBufAllocator.java:178)
	io.netty.buffer.AbstractByteBufAllocator.ioBuffer(AbstractByteBufAllocator.java:139)
	io.netty.channel.DefaultMaxMessagesRecvByteBufAllocator$MaxMessageHandle.allocate(DefaultMaxMessagesRecvByteBufAllocator.java:114)
	io.netty.channel.nio.AbstractNioByteChannel$NioByteUnsafe.read(AbstractNioByteChannel.java:147)
	io.netty.channel.nio.NioEventLoop.processSelectedKey(NioEventLoop.java:682)
	io.netty.channel.nio.NioEventLoop.processSelectedKeysOptimized(NioEventLoop.java:617)
	io.netty.channel.nio.NioEventLoop.processSelectedKeys(NioEventLoop.java:534)
	io.netty.channel.nio.NioEventLoop.run(NioEventLoop.java:496)
	io.netty.util.concurrent.SingleThreadEventExecutor$5.run(SingleThreadEventExecutor.java:906)
	io.netty.util.internal.ThreadExecutorMap$2.run(ThreadExecutorMap.java:74)
	io.netty.util.concurrent.FastThreadLocalRunnable.run(FastThreadLocalRunnable.java:30)
	java.lang.Thread.run(Thread.java:748)
: 1 leak records were discarded because they were duplicates
: 14 leak records were discarded because the leak record count is targeted to 4. Use system property io.netty.leakDetection.targetRecords to increase the limit.
22:42:59.929 [reactor-http-nio-14] ERROR i.n.u.ResourceLeakDetector - LEAK: ByteBuf.release() was not called before it's garbage-collected. See http://netty.io/wiki/reference-counted-objects.html for more information.
Recent access records: 
#1:
	io.netty.buffer.AdvancedLeakAwareByteBuf.order(AdvancedLeakAwareByteBuf.java:70)
	io.netty.buffer.CompositeByteBuf.newComponent(CompositeByteBuf.java:318)
	io.netty.buffer.CompositeByteBuf.addComponent0(CompositeByteBuf.java:280)
	io.netty.buffer.CompositeByteBuf.addComponent(CompositeByteBuf.java:265)
	io.netty.buffer.CompositeByteBuf.addComponent(CompositeByteBuf.java:222)
	io.netty.buffer.WrappedCompositeByteBuf.addComponent(WrappedCompositeByteBuf.java:529)
	io.netty.buffer.AdvancedLeakAwareCompositeByteBuf.addComponent(AdvancedLeakAwareCompositeByteBuf.java:921)
	org.springframework.core.io.buffer.NettyDataBufferFactory.join(NettyDataBufferFactory.java:111)
	org.springframework.core.io.buffer.DataBufferUtils.joinAndStrip(DataBufferUtils.java:686)
	org.springframework.core.io.buffer.DataBufferUtils.lambda$split$20(DataBufferUtils.java:605)
	reactor.core.publisher.FluxMap$MapConditionalSubscriber.onNext(FluxMap.java:199)
	reactor.core.publisher.FluxBufferPredicate$BufferPredicateSubscriber.emit(FluxBufferPredicate.java:290)
	reactor.core.publisher.FluxBufferPredicate$BufferPredicateSubscriber.onNextNewBuffer(FluxBufferPredicate.java:257)
	reactor.core.publisher.FluxBufferPredicate$BufferPredicateSubscriber.tryOnNext(FluxBufferPredicate.java:211)
	reactor.core.publisher.FluxBufferPredicate$BufferPredicateSubscriber.onNext(FluxBufferPredicate.java:184)
	reactor.core.publisher.FluxFlatMap$FlatMapMain.drainLoop(FluxFlatMap.java:664)
	reactor.core.publisher.FluxFlatMap$FlatMapMain.drain(FluxFlatMap.java:540)
	reactor.core.publisher.FluxFlatMap$FlatMapInner.onSubscribe(FluxFlatMap.java:924)
	reactor.core.publisher.FluxIterable.subscribe(FluxIterable.java:139)
	reactor.core.publisher.FluxIterable.subscribe(FluxIterable.java:63)
	reactor.core.publisher.Flux.subscribe(Flux.java:7922)
	reactor.core.publisher.FluxFlatMap$FlatMapMain.onNext(FluxFlatMap.java:389)
	reactor.core.publisher.FluxConcatMap$ConcatMapImmediate.innerNext(FluxConcatMap.java:275)
	reactor.core.publisher.FluxConcatMap$ConcatMapInner.onNext(FluxConcatMap.java:849)
	reactor.core.publisher.FluxConcatMap$WeakScalarSubscription.request(FluxConcatMap.java:470)
	reactor.core.publisher.Operators$MultiSubscriptionSubscriber.set(Operators.java:1939)
	reactor.core.publisher.FluxConcatMap$ConcatMapImmediate.drain(FluxConcatMap.java:436)
	reactor.core.publisher.FluxConcatMap$ConcatMapImmediate.onNext(FluxConcatMap.java:244)
	reactor.core.publisher.FluxMap$MapSubscriber.onNext(FluxMap.java:114)
	reactor.core.publisher.FluxPeek$PeekSubscriber.onNext(FluxPeek.java:192)
	reactor.core.publisher.FluxMap$MapSubscriber.onNext(FluxMap.java:114)
	reactor.netty.channel.FluxReceive.drainReceiver(FluxReceive.java:206)
	reactor.netty.channel.FluxReceive.onInboundNext(FluxReceive.java:322)
	reactor.netty.channel.ChannelOperations.onInboundNext(ChannelOperations.java:335)
	reactor.netty.http.server.HttpServerOperations.onInboundNext(HttpServerOperations.java:456)
	reactor.netty.channel.ChannelOperationsHandler.channelRead(ChannelOperationsHandler.java:91)
	io.netty.channel.AbstractChannelHandlerContext.invokeChannelRead(AbstractChannelHandlerContext.java:374)
	io.netty.channel.AbstractChannelHandlerContext.invokeChannelRead(AbstractChannelHandlerContext.java:360)
	io.netty.channel.AbstractChannelHandlerContext.fireChannelRead(AbstractChannelHandlerContext.java:352)
	reactor.netty.http.server.HttpTrafficHandler.channelRead(HttpTrafficHandler.java:190)
	io.netty.channel.AbstractChannelHandlerContext.invokeChannelRead(AbstractChannelHandlerContext.java:374)
	io.netty.channel.AbstractChannelHandlerContext.invokeChannelRead(AbstractChannelHandlerContext.java:360)
	io.netty.channel.AbstractChannelHandlerContext.fireChannelRead(AbstractChannelHandlerContext.java:352)
	io.netty.channel.CombinedChannelDuplexHandler$DelegatingChannelHandlerContext.fireChannelRead(CombinedChannelDuplexHandler.java:438)
	io.netty.handler.codec.ByteToMessageDecoder.fireChannelRead(ByteToMessageDecoder.java:323)
	io.netty.handler.codec.ByteToMessageDecoder.fireChannelRead(ByteToMessageDecoder.java:310)
	io.netty.handler.codec.ByteToMessageDecoder.callDecode(ByteToMessageDecoder.java:426)
	io.netty.handler.codec.ByteToMessageDecoder.channelRead(ByteToMessageDecoder.java:278)
	io.netty.channel.CombinedChannelDuplexHandler.channelRead(CombinedChannelDuplexHandler.java:253)
	io.netty.channel.AbstractChannelHandlerContext.invokeChannelRead(AbstractChannelHandlerContext.java:374)
	io.netty.channel.AbstractChannelHandlerContext.invokeChannelRead(AbstractChannelHandlerContext.java:360)
	io.netty.channel.AbstractChannelHandlerContext.fireChannelRead(AbstractChannelHandlerContext.java:352)
	io.netty.channel.DefaultChannelPipeline$HeadContext.channelRead(DefaultChannelPipeline.java:1408)
	io.netty.channel.AbstractChannelHandlerContext.invokeChannelRead(AbstractChannelHandlerContext.java:374)
	io.netty.channel.AbstractChannelHandlerContext.invokeChannelRead(AbstractChannelHandlerContext.java:360)
	io.netty.channel.DefaultChannelPipeline.fireChannelRead(DefaultChannelPipeline.java:930)
	io.netty.channel.nio.AbstractNioByteChannel$NioByteUnsafe.read(AbstractNioByteChannel.java:163)
	io.netty.channel.nio.NioEventLoop.processSelectedKey(NioEventLoop.java:682)
	io.netty.channel.nio.NioEventLoop.processSelectedKeysOptimized(NioEventLoop.java:617)
	io.netty.channel.nio.NioEventLoop.processSelectedKeys(NioEventLoop.java:534)
	io.netty.channel.nio.NioEventLoop.run(NioEventLoop.java:496)
	io.netty.util.concurrent.SingleThreadEventExecutor$5.run(SingleThreadEventExecutor.java:906)
	io.netty.util.internal.ThreadExecutorMap$2.run(ThreadExecutorMap.java:74)
	io.netty.util.concurrent.FastThreadLocalRunnable.run(FastThreadLocalRunnable.java:30)
	java.lang.Thread.run(Thread.java:748)
#2:
	io.netty.buffer.AdvancedLeakAwareByteBuf.getByte(AdvancedLeakAwareByteBuf.java:154)
	org.springframework.core.io.buffer.NettyDataBuffer.getByte(NettyDataBuffer.java:132)
	org.springframework.core.io.buffer.DataBufferUtils$KnuthMorrisPrattMatcher.match(DataBufferUtils.java:1005)
	org.springframework.core.io.buffer.DataBufferUtils.endFrameAfterDelimiter(DataBufferUtils.java:634)
	org.springframework.core.io.buffer.DataBufferUtils.lambda$split$18(DataBufferUtils.java:603)
	reactor.core.publisher.FluxFlatMap$FlatMapMain.onNext(FluxFlatMap.java:350)
	reactor.core.publisher.FluxConcatMap$ConcatMapImmediate.innerNext(FluxConcatMap.java:275)
	reactor.core.publisher.FluxConcatMap$ConcatMapInner.onNext(FluxConcatMap.java:849)
	reactor.core.publisher.FluxConcatMap$WeakScalarSubscription.request(FluxConcatMap.java:470)
	reactor.core.publisher.Operators$MultiSubscriptionSubscriber.set(Operators.java:1939)
	reactor.core.publisher.FluxConcatMap$ConcatMapImmediate.drain(FluxConcatMap.java:436)
	reactor.core.publisher.FluxConcatMap$ConcatMapImmediate.onNext(FluxConcatMap.java:244)
	reactor.core.publisher.FluxMap$MapSubscriber.onNext(FluxMap.java:114)
	reactor.core.publisher.FluxPeek$PeekSubscriber.onNext(FluxPeek.java:192)
	reactor.core.publisher.FluxMap$MapSubscriber.onNext(FluxMap.java:114)
	reactor.netty.channel.FluxReceive.drainReceiver(FluxReceive.java:206)
	reactor.netty.channel.FluxReceive.onInboundNext(FluxReceive.java:322)
	reactor.netty.channel.ChannelOperations.onInboundNext(ChannelOperations.java:335)
	reactor.netty.http.server.HttpServerOperations.onInboundNext(HttpServerOperations.java:456)
	reactor.netty.channel.ChannelOperationsHandler.channelRead(ChannelOperationsHandler.java:91)
	io.netty.channel.AbstractChannelHandlerContext.invokeChannelRead(AbstractChannelHandlerContext.java:374)
	io.netty.channel.AbstractChannelHandlerContext.invokeChannelRead(AbstractChannelHandlerContext.java:360)
	io.netty.channel.AbstractChannelHandlerContext.fireChannelRead(AbstractChannelHandlerContext.java:352)
	reactor.netty.http.server.HttpTrafficHandler.channelRead(HttpTrafficHandler.java:190)
	io.netty.channel.AbstractChannelHandlerContext.invokeChannelRead(AbstractChannelHandlerContext.java:374)
	io.netty.channel.AbstractChannelHandlerContext.invokeChannelRead(AbstractChannelHandlerContext.java:360)
	io.netty.channel.AbstractChannelHandlerContext.fireChannelRead(AbstractChannelHandlerContext.java:352)
	io.netty.channel.CombinedChannelDuplexHandler$DelegatingChannelHandlerContext.fireChannelRead(CombinedChannelDuplexHandler.java:438)
	io.netty.handler.codec.ByteToMessageDecoder.fireChannelRead(ByteToMessageDecoder.java:323)
	io.netty.handler.codec.ByteToMessageDecoder.channelRead(ByteToMessageDecoder.java:297)
	io.netty.channel.CombinedChannelDuplexHandler.channelRead(CombinedChannelDuplexHandler.java:253)
	io.netty.channel.AbstractChannelHandlerContext.invokeChannelRead(AbstractChannelHandlerContext.java:374)
	io.netty.channel.AbstractChannelHandlerContext.invokeChannelRead(AbstractChannelHandlerContext.java:360)
	io.netty.channel.AbstractChannelHandlerContext.fireChannelRead(AbstractChannelHandlerContext.java:352)
	io.netty.channel.DefaultChannelPipeline$HeadContext.channelRead(DefaultChannelPipeline.java:1408)
	io.netty.channel.AbstractChannelHandlerContext.invokeChannelRead(AbstractChannelHandlerContext.java:374)
	io.netty.channel.AbstractChannelHandlerContext.invokeChannelRead(AbstractChannelHandlerContext.java:360)
	io.netty.channel.DefaultChannelPipeline.fireChannelRead(DefaultChannelPipeline.java:930)
	io.netty.channel.nio.AbstractNioByteChannel$NioByteUnsafe.read(AbstractNioByteChannel.java:163)
	io.netty.channel.nio.NioEventLoop.processSelectedKey(NioEventLoop.java:682)
	io.netty.channel.nio.NioEventLoop.processSelectedKeysOptimized(NioEventLoop.java:617)
	io.netty.channel.nio.NioEventLoop.processSelectedKeys(NioEventLoop.java:534)
	io.netty.channel.nio.NioEventLoop.run(NioEventLoop.java:496)
	io.netty.util.concurrent.SingleThreadEventExecutor$5.run(SingleThreadEventExecutor.java:906)
	io.netty.util.internal.ThreadExecutorMap$2.run(ThreadExecutorMap.java:74)
	io.netty.util.concurrent.FastThreadLocalRunnable.run(FastThreadLocalRunnable.java:30)
	java.lang.Thread.run(Thread.java:748)
#3:
	reactor.core.publisher.FluxPeek$PeekSubscriber.onNext(FluxPeek.java:177)
	reactor.core.publisher.FluxMap$MapSubscriber.onNext(FluxMap.java:114)
	reactor.netty.channel.FluxReceive.drainReceiver(FluxReceive.java:206)
	reactor.netty.channel.FluxReceive.onInboundNext(FluxReceive.java:322)
	reactor.netty.channel.ChannelOperations.onInboundNext(ChannelOperations.java:335)
	reactor.netty.http.server.HttpServerOperations.onInboundNext(HttpServerOperations.java:456)
	reactor.netty.channel.ChannelOperationsHandler.channelRead(ChannelOperationsHandler.java:91)
	io.netty.channel.AbstractChannelHandlerContext.invokeChannelRead(AbstractChannelHandlerContext.java:374)
	io.netty.channel.AbstractChannelHandlerContext.invokeChannelRead(AbstractChannelHandlerContext.java:360)
	io.netty.channel.AbstractChannelHandlerContext.fireChannelRead(AbstractChannelHandlerContext.java:352)
	reactor.netty.http.server.HttpTrafficHandler.channelRead(HttpTrafficHandler.java:190)
	io.netty.channel.AbstractChannelHandlerContext.invokeChannelRead(AbstractChannelHandlerContext.java:374)
	io.netty.channel.AbstractChannelHandlerContext.invokeChannelRead(AbstractChannelHandlerContext.java:360)
	io.netty.channel.AbstractChannelHandlerContext.fireChannelRead(AbstractChannelHandlerContext.java:352)
	io.netty.channel.CombinedChannelDuplexHandler$DelegatingChannelHandlerContext.fireChannelRead(CombinedChannelDuplexHandler.java:438)
	io.netty.handler.codec.ByteToMessageDecoder.fireChannelRead(ByteToMessageDecoder.java:323)
	io.netty.handler.codec.ByteToMessageDecoder.channelRead(ByteToMessageDecoder.java:297)
	io.netty.channel.CombinedChannelDuplexHandler.channelRead(CombinedChannelDuplexHandler.java:253)
	io.netty.channel.AbstractChannelHandlerContext.invokeChannelRead(AbstractChannelHandlerContext.java:374)
	io.netty.channel.AbstractChannelHandlerContext.invokeChannelRead(AbstractChannelHandlerContext.java:360)
	io.netty.channel.AbstractChannelHandlerContext.fireChannelRead(AbstractChannelHandlerContext.java:352)
	io.netty.channel.DefaultChannelPipeline$HeadContext.channelRead(DefaultChannelPipeline.java:1408)
	io.netty.channel.AbstractChannelHandlerContext.invokeChannelRead(AbstractChannelHandlerContext.java:374)
	io.netty.channel.AbstractChannelHandlerContext.invokeChannelRead(AbstractChannelHandlerContext.java:360)
	io.netty.channel.DefaultChannelPipeline.fireChannelRead(DefaultChannelPipeline.java:930)
	io.netty.channel.nio.AbstractNioByteChannel$NioByteUnsafe.read(AbstractNioByteChannel.java:163)
	io.netty.channel.nio.NioEventLoop.processSelectedKey(NioEventLoop.java:682)
	io.netty.channel.nio.NioEventLoop.processSelectedKeysOptimized(NioEventLoop.java:617)
	io.netty.channel.nio.NioEventLoop.processSelectedKeys(NioEventLoop.java:534)
	io.netty.channel.nio.NioEventLoop.run(NioEventLoop.java:496)
	io.netty.util.concurrent.SingleThreadEventExecutor$5.run(SingleThreadEventExecutor.java:906)
	io.netty.util.internal.ThreadExecutorMap$2.run(ThreadExecutorMap.java:74)
	io.netty.util.concurrent.FastThreadLocalRunnable.run(FastThreadLocalRunnable.java:30)
	java.lang.Thread.run(Thread.java:748)
#4:
	Hint: 'reactor.right.reactiveBridge' will handle the message from this point.
	io.netty.handler.codec.http.DefaultHttpContent.touch(DefaultHttpContent.java:88)
	io.netty.handler.codec.http.DefaultHttpContent.touch(DefaultHttpContent.java:24)
	io.netty.channel.DefaultChannelPipeline.touch(DefaultChannelPipeline.java:116)
	io.netty.channel.AbstractChannelHandlerContext.invokeChannelRead(AbstractChannelHandlerContext.java:357)
	io.netty.channel.AbstractChannelHandlerContext.fireChannelRead(AbstractChannelHandlerContext.java:352)
	reactor.netty.http.server.HttpTrafficHandler.channelRead(HttpTrafficHandler.java:190)
	io.netty.channel.AbstractChannelHandlerContext.invokeChannelRead(AbstractChannelHandlerContext.java:374)
	io.netty.channel.AbstractChannelHandlerContext.invokeChannelRead(AbstractChannelHandlerContext.java:360)
	io.netty.channel.AbstractChannelHandlerContext.fireChannelRead(AbstractChannelHandlerContext.java:352)
	io.netty.channel.CombinedChannelDuplexHandler$DelegatingChannelHandlerContext.fireChannelRead(CombinedChannelDuplexHandler.java:438)
	io.netty.handler.codec.ByteToMessageDecoder.fireChannelRead(ByteToMessageDecoder.java:323)
	io.netty.handler.codec.ByteToMessageDecoder.channelRead(ByteToMessageDecoder.java:297)
	io.netty.channel.CombinedChannelDuplexHandler.channelRead(CombinedChannelDuplexHandler.java:253)
	io.netty.channel.AbstractChannelHandlerContext.invokeChannelRead(AbstractChannelHandlerContext.java:374)
	io.netty.channel.AbstractChannelHandlerContext.invokeChannelRead(AbstractChannelHandlerContext.java:360)
	io.netty.channel.AbstractChannelHandlerContext.fireChannelRead(AbstractChannelHandlerContext.java:352)
	io.netty.channel.DefaultChannelPipeline$HeadContext.channelRead(DefaultChannelPipeline.java:1408)
	io.netty.channel.AbstractChannelHandlerContext.invokeChannelRead(AbstractChannelHandlerContext.java:374)
	io.netty.channel.AbstractChannelHandlerContext.invokeChannelRead(AbstractChannelHandlerContext.java:360)
	io.netty.channel.DefaultChannelPipeline.fireChannelRead(DefaultChannelPipeline.java:930)
	io.netty.channel.nio.AbstractNioByteChannel$NioByteUnsafe.read(AbstractNioByteChannel.java:163)
	io.netty.channel.nio.NioEventLoop.processSelectedKey(NioEventLoop.java:682)
	io.netty.channel.nio.NioEventLoop.processSelectedKeysOptimized(NioEventLoop.java:617)
	io.netty.channel.nio.NioEventLoop.processSelectedKeys(NioEventLoop.java:534)
	io.netty.channel.nio.NioEventLoop.run(NioEventLoop.java:496)
	io.netty.util.concurrent.SingleThreadEventExecutor$5.run(SingleThreadEventExecutor.java:906)
	io.netty.util.internal.ThreadExecutorMap$2.run(ThreadExecutorMap.java:74)
	io.netty.util.concurrent.FastThreadLocalRunnable.run(FastThreadLocalRunnable.java:30)
	java.lang.Thread.run(Thread.java:748)
#5:
	Hint: 'reactor.left.httpTrafficHandler' will handle the message from this point.
	io.netty.handler.codec.http.DefaultHttpContent.touch(DefaultHttpContent.java:88)
	io.netty.handler.codec.http.DefaultHttpContent.touch(DefaultHttpContent.java:24)
	io.netty.channel.DefaultChannelPipeline.touch(DefaultChannelPipeline.java:116)
	io.netty.channel.AbstractChannelHandlerContext.invokeChannelRead(AbstractChannelHandlerContext.java:357)
	io.netty.channel.AbstractChannelHandlerContext.fireChannelRead(AbstractChannelHandlerContext.java:352)
	io.netty.channel.CombinedChannelDuplexHandler$DelegatingChannelHandlerContext.fireChannelRead(CombinedChannelDuplexHandler.java:438)
	io.netty.handler.codec.ByteToMessageDecoder.fireChannelRead(ByteToMessageDecoder.java:323)
	io.netty.handler.codec.ByteToMessageDecoder.channelRead(ByteToMessageDecoder.java:297)
	io.netty.channel.CombinedChannelDuplexHandler.channelRead(CombinedChannelDuplexHandler.java:253)
	io.netty.channel.AbstractChannelHandlerContext.invokeChannelRead(AbstractChannelHandlerContext.java:374)
	io.netty.channel.AbstractChannelHandlerContext.invokeChannelRead(AbstractChannelHandlerContext.java:360)
	io.netty.channel.AbstractChannelHandlerContext.fireChannelRead(AbstractChannelHandlerContext.java:352)
	io.netty.channel.DefaultChannelPipeline$HeadContext.channelRead(DefaultChannelPipeline.java:1408)
	io.netty.channel.AbstractChannelHandlerContext.invokeChannelRead(AbstractChannelHandlerContext.java:374)
	io.netty.channel.AbstractChannelHandlerContext.invokeChannelRead(AbstractChannelHandlerContext.java:360)
	io.netty.channel.DefaultChannelPipeline.fireChannelRead(DefaultChannelPipeline.java:930)
	io.netty.channel.nio.AbstractNioByteChannel$NioByteUnsafe.read(AbstractNioByteChannel.java:163)
	io.netty.channel.nio.NioEventLoop.processSelectedKey(NioEventLoop.java:682)
	io.netty.channel.nio.NioEventLoop.processSelectedKeysOptimized(NioEventLoop.java:617)
	io.netty.channel.nio.NioEventLoop.processSelectedKeys(NioEventLoop.java:534)
	io.netty.channel.nio.NioEventLoop.run(NioEventLoop.java:496)
	io.netty.util.concurrent.SingleThreadEventExecutor$5.run(SingleThreadEventExecutor.java:906)
	io.netty.util.internal.ThreadExecutorMap$2.run(ThreadExecutorMap.java:74)
	io.netty.util.concurrent.FastThreadLocalRunnable.run(FastThreadLocalRunnable.java:30)
	java.lang.Thread.run(Thread.java:748)
Created at:
	io.netty.buffer.SimpleLeakAwareByteBuf.unwrappedDerived(SimpleLeakAwareByteBuf.java:143)
	io.netty.buffer.SimpleLeakAwareByteBuf.readRetainedSlice(SimpleLeakAwareByteBuf.java:67)
	io.netty.buffer.AdvancedLeakAwareByteBuf.readRetainedSlice(AdvancedLeakAwareByteBuf.java:107)
	io.netty.handler.codec.http.HttpObjectDecoder.decode(HttpObjectDecoder.java:336)
	io.netty.handler.codec.http.HttpServerCodec$HttpServerRequestDecoder.decode(HttpServerCodec.java:103)
	io.netty.handler.codec.ByteToMessageDecoder.decodeRemovalReentryProtection(ByteToMessageDecoder.java:502)
	io.netty.handler.codec.ByteToMessageDecoder.callDecode(ByteToMessageDecoder.java:441)
	io.netty.handler.codec.ByteToMessageDecoder.channelRead(ByteToMessageDecoder.java:278)
	io.netty.channel.CombinedChannelDuplexHandler.channelRead(CombinedChannelDuplexHandler.java:253)
	io.netty.channel.AbstractChannelHandlerContext.invokeChannelRead(AbstractChannelHandlerContext.java:374)
	io.netty.channel.AbstractChannelHandlerContext.invokeChannelRead(AbstractChannelHandlerContext.java:360)
	io.netty.channel.AbstractChannelHandlerContext.fireChannelRead(AbstractChannelHandlerContext.java:352)
	io.netty.channel.DefaultChannelPipeline$HeadContext.channelRead(DefaultChannelPipeline.java:1408)
	io.netty.channel.AbstractChannelHandlerContext.invokeChannelRead(AbstractChannelHandlerContext.java:374)
	io.netty.channel.AbstractChannelHandlerContext.invokeChannelRead(AbstractChannelHandlerContext.java:360)
	io.netty.channel.DefaultChannelPipeline.fireChannelRead(DefaultChannelPipeline.java:930)
	io.netty.channel.nio.AbstractNioByteChannel$NioByteUnsafe.read(AbstractNioByteChannel.java:163)
	io.netty.channel.nio.NioEventLoop.processSelectedKey(NioEventLoop.java:682)
	io.netty.channel.nio.NioEventLoop.processSelectedKeysOptimized(NioEventLoop.java:617)
	io.netty.channel.nio.NioEventLoop.processSelectedKeys(NioEventLoop.java:534)
	io.netty.channel.nio.NioEventLoop.run(NioEventLoop.java:496)
	io.netty.util.concurrent.SingleThreadEventExecutor$5.run(SingleThreadEventExecutor.java:906)
	io.netty.util.internal.ThreadExecutorMap$2.run(ThreadExecutorMap.java:74)
	io.netty.util.concurrent.FastThreadLocalRunnable.run(FastThreadLocalRunnable.java:30)
	java.lang.Thread.run(Thread.java:748)
: 4 leak records were discarded because they were duplicates
: 425 leak records were discarded because the leak record count is targeted to 4. Use system property io.netty.leakDetection.targetRecords to increase the limit.
22:42:59.931 [reactor-http-nio-14] ERROR i.n.u.ResourceLeakDetector - LEAK: ByteBuf.release() was not called before it's garbage-collected. See http://netty.io/wiki/reference-counted-objects.html for more information.
Recent access records: 
#1:
	io.netty.buffer.AdvancedLeakAwareByteBuf.order(AdvancedLeakAwareByteBuf.java:70)
	io.netty.buffer.CompositeByteBuf.newComponent(CompositeByteBuf.java:318)
	io.netty.buffer.CompositeByteBuf.addComponent0(CompositeByteBuf.java:280)
	io.netty.buffer.CompositeByteBuf.addComponent(CompositeByteBuf.java:265)
	io.netty.buffer.CompositeByteBuf.addComponent(CompositeByteBuf.java:222)
	io.netty.buffer.WrappedCompositeByteBuf.addComponent(WrappedCompositeByteBuf.java:529)
	io.netty.buffer.AdvancedLeakAwareCompositeByteBuf.addComponent(AdvancedLeakAwareCompositeByteBuf.java:921)
	org.springframework.core.io.buffer.NettyDataBufferFactory.join(NettyDataBufferFactory.java:111)
	org.springframework.core.io.buffer.DataBufferUtils.joinAndStrip(DataBufferUtils.java:686)
	org.springframework.core.io.buffer.DataBufferUtils.lambda$split$20(DataBufferUtils.java:605)
	reactor.core.publisher.FluxMap$MapConditionalSubscriber.onNext(FluxMap.java:199)
	reactor.core.publisher.FluxBufferPredicate$BufferPredicateSubscriber.emit(FluxBufferPredicate.java:290)
	reactor.core.publisher.FluxBufferPredicate$BufferPredicateSubscriber.onNextNewBuffer(FluxBufferPredicate.java:257)
	reactor.core.publisher.FluxBufferPredicate$BufferPredicateSubscriber.tryOnNext(FluxBufferPredicate.java:211)
	reactor.core.publisher.FluxBufferPredicate$BufferPredicateSubscriber.onNext(FluxBufferPredicate.java:184)
	reactor.core.publisher.FluxFlatMap$FlatMapMain.drainLoop(FluxFlatMap.java:664)
	reactor.core.publisher.FluxFlatMap$FlatMapMain.drain(FluxFlatMap.java:540)
	reactor.core.publisher.FluxFlatMap$FlatMapInner.onSubscribe(FluxFlatMap.java:924)
	reactor.core.publisher.FluxIterable.subscribe(FluxIterable.java:139)
	reactor.core.publisher.FluxIterable.subscribe(FluxIterable.java:63)
	reactor.core.publisher.Flux.subscribe(Flux.java:7922)
	reactor.core.publisher.FluxFlatMap$FlatMapMain.onNext(FluxFlatMap.java:389)
	reactor.core.publisher.FluxConcatMap$ConcatMapImmediate.innerNext(FluxConcatMap.java:275)
	reactor.core.publisher.FluxConcatMap$ConcatMapInner.onNext(FluxConcatMap.java:849)
	reactor.core.publisher.FluxConcatMap$WeakScalarSubscription.request(FluxConcatMap.java:470)
	reactor.core.publisher.Operators$MultiSubscriptionSubscriber.set(Operators.java:1939)
	reactor.core.publisher.FluxConcatMap$ConcatMapImmediate.drain(FluxConcatMap.java:436)
	reactor.core.publisher.FluxConcatMap$ConcatMapImmediate.onNext(FluxConcatMap.java:244)
	reactor.core.publisher.FluxMap$MapSubscriber.onNext(FluxMap.java:114)
	reactor.core.publisher.FluxPeek$PeekSubscriber.onNext(FluxPeek.java:192)
	reactor.core.publisher.FluxMap$MapSubscriber.onNext(FluxMap.java:114)
	reactor.netty.channel.FluxReceive.drainReceiver(FluxReceive.java:206)
	reactor.netty.channel.FluxReceive.onInboundNext(FluxReceive.java:322)
	reactor.netty.channel.ChannelOperations.onInboundNext(ChannelOperations.java:335)
	reactor.netty.http.server.HttpServerOperations.onInboundNext(HttpServerOperations.java:456)
	reactor.netty.channel.ChannelOperationsHandler.channelRead(ChannelOperationsHandler.java:91)
	io.netty.channel.AbstractChannelHandlerContext.invokeChannelRead(AbstractChannelHandlerContext.java:374)
	io.netty.channel.AbstractChannelHandlerContext.invokeChannelRead(AbstractChannelHandlerContext.java:360)
	io.netty.channel.AbstractChannelHandlerContext.fireChannelRead(AbstractChannelHandlerContext.java:352)
	reactor.netty.http.server.HttpTrafficHandler.channelRead(HttpTrafficHandler.java:190)
	io.netty.channel.AbstractChannelHandlerContext.invokeChannelRead(AbstractChannelHandlerContext.java:374)
	io.netty.channel.AbstractChannelHandlerContext.invokeChannelRead(AbstractChannelHandlerContext.java:360)
	io.netty.channel.AbstractChannelHandlerContext.fireChannelRead(AbstractChannelHandlerContext.java:352)
	io.netty.channel.CombinedChannelDuplexHandler$DelegatingChannelHandlerContext.fireChannelRead(CombinedChannelDuplexHandler.java:438)
	io.netty.handler.codec.ByteToMessageDecoder.fireChannelRead(ByteToMessageDecoder.java:323)
	io.netty.handler.codec.ByteToMessageDecoder.fireChannelRead(ByteToMessageDecoder.java:310)
	io.netty.handler.codec.ByteToMessageDecoder.callDecode(ByteToMessageDecoder.java:426)
	io.netty.handler.codec.ByteToMessageDecoder.channelRead(ByteToMessageDecoder.java:278)
	io.netty.channel.CombinedChannelDuplexHandler.channelRead(CombinedChannelDuplexHandler.java:253)
	io.netty.channel.AbstractChannelHandlerContext.invokeChannelRead(AbstractChannelHandlerContext.java:374)
	io.netty.channel.AbstractChannelHandlerContext.invokeChannelRead(AbstractChannelHandlerContext.java:360)
	io.netty.channel.AbstractChannelHandlerContext.fireChannelRead(AbstractChannelHandlerContext.java:352)
	io.netty.channel.DefaultChannelPipeline$HeadContext.channelRead(DefaultChannelPipeline.java:1408)
	io.netty.channel.AbstractChannelHandlerContext.invokeChannelRead(AbstractChannelHandlerContext.java:374)
	io.netty.channel.AbstractChannelHandlerContext.invokeChannelRead(AbstractChannelHandlerContext.java:360)
	io.netty.channel.DefaultChannelPipeline.fireChannelRead(DefaultChannelPipeline.java:930)
	io.netty.channel.nio.AbstractNioByteChannel$NioByteUnsafe.read(AbstractNioByteChannel.java:163)
	io.netty.channel.nio.NioEventLoop.processSelectedKey(NioEventLoop.java:682)
	io.netty.channel.nio.NioEventLoop.processSelectedKeysOptimized(NioEventLoop.java:617)
	io.netty.channel.nio.NioEventLoop.processSelectedKeys(NioEventLoop.java:534)
	io.netty.channel.nio.NioEventLoop.run(NioEventLoop.java:496)
	io.netty.util.concurrent.SingleThreadEventExecutor$5.run(SingleThreadEventExecutor.java:906)
	io.netty.util.internal.ThreadExecutorMap$2.run(ThreadExecutorMap.java:74)
	io.netty.util.concurrent.FastThreadLocalRunnable.run(FastThreadLocalRunnable.java:30)
	java.lang.Thread.run(Thread.java:748)
#2:
	io.netty.buffer.AdvancedLeakAwareByteBuf.getByte(AdvancedLeakAwareByteBuf.java:154)
	org.springframework.core.io.buffer.NettyDataBuffer.getByte(NettyDataBuffer.java:132)
	org.springframework.core.io.buffer.DataBufferUtils$KnuthMorrisPrattMatcher.match(DataBufferUtils.java:1005)
	org.springframework.core.io.buffer.DataBufferUtils.endFrameAfterDelimiter(DataBufferUtils.java:634)
	org.springframework.core.io.buffer.DataBufferUtils.lambda$split$18(DataBufferUtils.java:603)
	reactor.core.publisher.FluxFlatMap$FlatMapMain.onNext(FluxFlatMap.java:350)
	reactor.core.publisher.FluxConcatMap$ConcatMapImmediate.innerNext(FluxConcatMap.java:275)
	reactor.core.publisher.FluxConcatMap$ConcatMapInner.onNext(FluxConcatMap.java:849)
	reactor.core.publisher.FluxConcatMap$WeakScalarSubscription.request(FluxConcatMap.java:470)
	reactor.core.publisher.Operators$MultiSubscriptionSubscriber.set(Operators.java:1939)
	reactor.core.publisher.FluxConcatMap$ConcatMapImmediate.drain(FluxConcatMap.java:436)
	reactor.core.publisher.FluxConcatMap$ConcatMapImmediate.onNext(FluxConcatMap.java:244)
	reactor.core.publisher.FluxMap$MapSubscriber.onNext(FluxMap.java:114)
	reactor.core.publisher.FluxPeek$PeekSubscriber.onNext(FluxPeek.java:192)
	reactor.core.publisher.FluxMap$MapSubscriber.onNext(FluxMap.java:114)
	reactor.netty.channel.FluxReceive.drainReceiver(FluxReceive.java:206)
	reactor.netty.channel.FluxReceive.onInboundNext(FluxReceive.java:322)
	reactor.netty.channel.ChannelOperations.onInboundNext(ChannelOperations.java:335)
	reactor.netty.http.server.HttpServerOperations.onInboundNext(HttpServerOperations.java:456)
	reactor.netty.channel.ChannelOperationsHandler.channelRead(ChannelOperationsHandler.java:91)
	io.netty.channel.AbstractChannelHandlerContext.invokeChannelRead(AbstractChannelHandlerContext.java:374)
	io.netty.channel.AbstractChannelHandlerContext.invokeChannelRead(AbstractChannelHandlerContext.java:360)
	io.netty.channel.AbstractChannelHandlerContext.fireChannelRead(AbstractChannelHandlerContext.java:352)
	reactor.netty.http.server.HttpTrafficHandler.channelRead(HttpTrafficHandler.java:190)
	io.netty.channel.AbstractChannelHandlerContext.invokeChannelRead(AbstractChannelHandlerContext.java:374)
	io.netty.channel.AbstractChannelHandlerContext.invokeChannelRead(AbstractChannelHandlerContext.java:360)
	io.netty.channel.AbstractChannelHandlerContext.fireChannelRead(AbstractChannelHandlerContext.java:352)
	io.netty.channel.CombinedChannelDuplexHandler$DelegatingChannelHandlerContext.fireChannelRead(CombinedChannelDuplexHandler.java:438)
	io.netty.handler.codec.ByteToMessageDecoder.fireChannelRead(ByteToMessageDecoder.java:323)
	io.netty.handler.codec.ByteToMessageDecoder.fireChannelRead(ByteToMessageDecoder.java:310)
	io.netty.handler.codec.ByteToMessageDecoder.callDecode(ByteToMessageDecoder.java:426)
	io.netty.handler.codec.ByteToMessageDecoder.channelRead(ByteToMessageDecoder.java:278)
	io.netty.channel.CombinedChannelDuplexHandler.channelRead(CombinedChannelDuplexHandler.java:253)
	io.netty.channel.AbstractChannelHandlerContext.invokeChannelRead(AbstractChannelHandlerContext.java:374)
	io.netty.channel.AbstractChannelHandlerContext.invokeChannelRead(AbstractChannelHandlerContext.java:360)
	io.netty.channel.AbstractChannelHandlerContext.fireChannelRead(AbstractChannelHandlerContext.java:352)
	io.netty.channel.DefaultChannelPipeline$HeadContext.channelRead(DefaultChannelPipeline.java:1408)
	io.netty.channel.AbstractChannelHandlerContext.invokeChannelRead(AbstractChannelHandlerContext.java:374)
	io.netty.channel.AbstractChannelHandlerContext.invokeChannelRead(AbstractChannelHandlerContext.java:360)
	io.netty.channel.DefaultChannelPipeline.fireChannelRead(DefaultChannelPipeline.java:930)
	io.netty.channel.nio.AbstractNioByteChannel$NioByteUnsafe.read(AbstractNioByteChannel.java:163)
	io.netty.channel.nio.NioEventLoop.processSelectedKey(NioEventLoop.java:682)
	io.netty.channel.nio.NioEventLoop.processSelectedKeysOptimized(NioEventLoop.java:617)
	io.netty.channel.nio.NioEventLoop.processSelectedKeys(NioEventLoop.java:534)
	io.netty.channel.nio.NioEventLoop.run(NioEventLoop.java:496)
	io.netty.util.concurrent.SingleThreadEventExecutor$5.run(SingleThreadEventExecutor.java:906)
	io.netty.util.internal.ThreadExecutorMap$2.run(ThreadExecutorMap.java:74)
	io.netty.util.concurrent.FastThreadLocalRunnable.run(FastThreadLocalRunnable.java:30)
	java.lang.Thread.run(Thread.java:748)
#3:
	org.springframework.core.io.buffer.NettyDataBufferFactory.wrap(NettyDataBufferFactory.java:93)
	reactor.core.publisher.FluxMap$MapSubscriber.onNext(FluxMap.java:100)
	reactor.core.publisher.FluxPeek$PeekSubscriber.onNext(FluxPeek.java:192)
	reactor.core.publisher.FluxMap$MapSubscriber.onNext(FluxMap.java:114)
	reactor.netty.channel.FluxReceive.drainReceiver(FluxReceive.java:206)
	reactor.netty.channel.FluxReceive.onInboundNext(FluxReceive.java:322)
	reactor.netty.channel.ChannelOperations.onInboundNext(ChannelOperations.java:335)
	reactor.netty.http.server.HttpServerOperations.onInboundNext(HttpServerOperations.java:456)
	reactor.netty.channel.ChannelOperationsHandler.channelRead(ChannelOperationsHandler.java:91)
	io.netty.channel.AbstractChannelHandlerContext.invokeChannelRead(AbstractChannelHandlerContext.java:374)
	io.netty.channel.AbstractChannelHandlerContext.invokeChannelRead(AbstractChannelHandlerContext.java:360)
	io.netty.channel.AbstractChannelHandlerContext.fireChannelRead(AbstractChannelHandlerContext.java:352)
	reactor.netty.http.server.HttpTrafficHandler.channelRead(HttpTrafficHandler.java:190)
	io.netty.channel.AbstractChannelHandlerContext.invokeChannelRead(AbstractChannelHandlerContext.java:374)
	io.netty.channel.AbstractChannelHandlerContext.invokeChannelRead(AbstractChannelHandlerContext.java:360)
	io.netty.channel.AbstractChannelHandlerContext.fireChannelRead(AbstractChannelHandlerContext.java:352)
	io.netty.channel.CombinedChannelDuplexHandler$DelegatingChannelHandlerContext.fireChannelRead(CombinedChannelDuplexHandler.java:438)
	io.netty.handler.codec.ByteToMessageDecoder.fireChannelRead(ByteToMessageDecoder.java:323)
	io.netty.handler.codec.ByteToMessageDecoder.fireChannelRead(ByteToMessageDecoder.java:310)
	io.netty.handler.codec.ByteToMessageDecoder.callDecode(ByteToMessageDecoder.java:426)
	io.netty.handler.codec.ByteToMessageDecoder.channelRead(ByteToMessageDecoder.java:278)
	io.netty.channel.CombinedChannelDuplexHandler.channelRead(CombinedChannelDuplexHandler.java:253)
	io.netty.channel.AbstractChannelHandlerContext.invokeChannelRead(AbstractChannelHandlerContext.java:374)
	io.netty.channel.AbstractChannelHandlerContext.invokeChannelRead(AbstractChannelHandlerContext.java:360)
	io.netty.channel.AbstractChannelHandlerContext.fireChannelRead(AbstractChannelHandlerContext.java:352)
	io.netty.channel.DefaultChannelPipeline$HeadContext.channelRead(DefaultChannelPipeline.java:1408)
	io.netty.channel.AbstractChannelHandlerContext.invokeChannelRead(AbstractChannelHandlerContext.java:374)
	io.netty.channel.AbstractChannelHandlerContext.invokeChannelRead(AbstractChannelHandlerContext.java:360)
	io.netty.channel.DefaultChannelPipeline.fireChannelRead(DefaultChannelPipeline.java:930)
	io.netty.channel.nio.AbstractNioByteChannel$NioByteUnsafe.read(AbstractNioByteChannel.java:163)
	io.netty.channel.nio.NioEventLoop.processSelectedKey(NioEventLoop.java:682)
	io.netty.channel.nio.NioEventLoop.processSelectedKeysOptimized(NioEventLoop.java:617)
	io.netty.channel.nio.NioEventLoop.processSelectedKeys(NioEventLoop.java:534)
	io.netty.channel.nio.NioEventLoop.run(NioEventLoop.java:496)
	io.netty.util.concurrent.SingleThreadEventExecutor$5.run(SingleThreadEventExecutor.java:906)
	io.netty.util.internal.ThreadExecutorMap$2.run(ThreadExecutorMap.java:74)
	io.netty.util.concurrent.FastThreadLocalRunnable.run(FastThreadLocalRunnable.java:30)
	java.lang.Thread.run(Thread.java:748)
#4:
	reactor.core.publisher.FluxPeek$PeekSubscriber.onNext(FluxPeek.java:177)
	reactor.core.publisher.FluxMap$MapSubscriber.onNext(FluxMap.java:114)
	reactor.netty.channel.FluxReceive.drainReceiver(FluxReceive.java:206)
	reactor.netty.channel.FluxReceive.onInboundNext(FluxReceive.java:322)
	reactor.netty.channel.ChannelOperations.onInboundNext(ChannelOperations.java:335)
	reactor.netty.http.server.HttpServerOperations.onInboundNext(HttpServerOperations.java:456)
	reactor.netty.channel.ChannelOperationsHandler.channelRead(ChannelOperationsHandler.java:91)
	io.netty.channel.AbstractChannelHandlerContext.invokeChannelRead(AbstractChannelHandlerContext.java:374)
	io.netty.channel.AbstractChannelHandlerContext.invokeChannelRead(AbstractChannelHandlerContext.java:360)
	io.netty.channel.AbstractChannelHandlerContext.fireChannelRead(AbstractChannelHandlerContext.java:352)
	reactor.netty.http.server.HttpTrafficHandler.channelRead(HttpTrafficHandler.java:190)
	io.netty.channel.AbstractChannelHandlerContext.invokeChannelRead(AbstractChannelHandlerContext.java:374)
	io.netty.channel.AbstractChannelHandlerContext.invokeChannelRead(AbstractChannelHandlerContext.java:360)
	io.netty.channel.AbstractChannelHandlerContext.fireChannelRead(AbstractChannelHandlerContext.java:352)
	io.netty.channel.CombinedChannelDuplexHandler$DelegatingChannelHandlerContext.fireChannelRead(CombinedChannelDuplexHandler.java:438)
	io.netty.handler.codec.ByteToMessageDecoder.fireChannelRead(ByteToMessageDecoder.java:323)
	io.netty.handler.codec.ByteToMessageDecoder.fireChannelRead(ByteToMessageDecoder.java:310)
	io.netty.handler.codec.ByteToMessageDecoder.callDecode(ByteToMessageDecoder.java:426)
	io.netty.handler.codec.ByteToMessageDecoder.channelRead(ByteToMessageDecoder.java:278)
	io.netty.channel.CombinedChannelDuplexHandler.channelRead(CombinedChannelDuplexHandler.java:253)
	io.netty.channel.AbstractChannelHandlerContext.invokeChannelRead(AbstractChannelHandlerContext.java:374)
	io.netty.channel.AbstractChannelHandlerContext.invokeChannelRead(AbstractChannelHandlerContext.java:360)
	io.netty.channel.AbstractChannelHandlerContext.fireChannelRead(AbstractChannelHandlerContext.java:352)
	io.netty.channel.DefaultChannelPipeline$HeadContext.channelRead(DefaultChannelPipeline.java:1408)
	io.netty.channel.AbstractChannelHandlerContext.invokeChannelRead(AbstractChannelHandlerContext.java:374)
	io.netty.channel.AbstractChannelHandlerContext.invokeChannelRead(AbstractChannelHandlerContext.java:360)
	io.netty.channel.DefaultChannelPipeline.fireChannelRead(DefaultChannelPipeline.java:930)
	io.netty.channel.nio.AbstractNioByteChannel$NioByteUnsafe.read(AbstractNioByteChannel.java:163)
	io.netty.channel.nio.NioEventLoop.processSelectedKey(NioEventLoop.java:682)
	io.netty.channel.nio.NioEventLoop.processSelectedKeysOptimized(NioEventLoop.java:617)
	io.netty.channel.nio.NioEventLoop.processSelectedKeys(NioEventLoop.java:534)
	io.netty.channel.nio.NioEventLoop.run(NioEventLoop.java:496)
	io.netty.util.concurrent.SingleThreadEventExecutor$5.run(SingleThreadEventExecutor.java:906)
	io.netty.util.internal.ThreadExecutorMap$2.run(ThreadExecutorMap.java:74)
	io.netty.util.concurrent.FastThreadLocalRunnable.run(FastThreadLocalRunnable.java:30)
	java.lang.Thread.run(Thread.java:748)
#5:
	Hint: 'reactor.right.reactiveBridge' will handle the message from this point.
	io.netty.handler.codec.http.DefaultHttpContent.touch(DefaultHttpContent.java:88)
	io.netty.handler.codec.http.DefaultHttpContent.touch(DefaultHttpContent.java:24)
	io.netty.channel.DefaultChannelPipeline.touch(DefaultChannelPipeline.java:116)
	io.netty.channel.AbstractChannelHandlerContext.invokeChannelRead(AbstractChannelHandlerContext.java:357)
	io.netty.channel.AbstractChannelHandlerContext.fireChannelRead(AbstractChannelHandlerContext.java:352)
	reactor.netty.http.server.HttpTrafficHandler.channelRead(HttpTrafficHandler.java:190)
	io.netty.channel.AbstractChannelHandlerContext.invokeChannelRead(AbstractChannelHandlerContext.java:374)
	io.netty.channel.AbstractChannelHandlerContext.invokeChannelRead(AbstractChannelHandlerContext.java:360)
	io.netty.channel.AbstractChannelHandlerContext.fireChannelRead(AbstractChannelHandlerContext.java:352)
	io.netty.channel.CombinedChannelDuplexHandler$DelegatingChannelHandlerContext.fireChannelRead(CombinedChannelDuplexHandler.java:438)
	io.netty.handler.codec.ByteToMessageDecoder.fireChannelRead(ByteToMessageDecoder.java:323)
	io.netty.handler.codec.ByteToMessageDecoder.fireChannelRead(ByteToMessageDecoder.java:310)
	io.netty.handler.codec.ByteToMessageDecoder.callDecode(ByteToMessageDecoder.java:426)
	io.netty.handler.codec.ByteToMessageDecoder.channelRead(ByteToMessageDecoder.java:278)
	io.netty.channel.CombinedChannelDuplexHandler.channelRead(CombinedChannelDuplexHandler.java:253)
	io.netty.channel.AbstractChannelHandlerContext.invokeChannelRead(AbstractChannelHandlerContext.java:374)
	io.netty.channel.AbstractChannelHandlerContext.invokeChannelRead(AbstractChannelHandlerContext.java:360)
	io.netty.channel.AbstractChannelHandlerContext.fireChannelRead(AbstractChannelHandlerContext.java:352)
	io.netty.channel.DefaultChannelPipeline$HeadContext.channelRead(DefaultChannelPipeline.java:1408)
	io.netty.channel.AbstractChannelHandlerContext.invokeChannelRead(AbstractChannelHandlerContext.java:374)
	io.netty.channel.AbstractChannelHandlerContext.invokeChannelRead(AbstractChannelHandlerContext.java:360)
	io.netty.channel.DefaultChannelPipeline.fireChannelRead(DefaultChannelPipeline.java:930)
	io.netty.channel.nio.AbstractNioByteChannel$NioByteUnsafe.read(AbstractNioByteChannel.java:163)
	io.netty.channel.nio.NioEventLoop.processSelectedKey(NioEventLoop.java:682)
	io.netty.channel.nio.NioEventLoop.processSelectedKeysOptimized(NioEventLoop.java:617)
	io.netty.channel.nio.NioEventLoop.processSelectedKeys(NioEventLoop.java:534)
	io.netty.channel.nio.NioEventLoop.run(NioEventLoop.java:496)
	io.netty.util.concurrent.SingleThreadEventExecutor$5.run(SingleThreadEventExecutor.java:906)
	io.netty.util.internal.ThreadExecutorMap$2.run(ThreadExecutorMap.java:74)
	io.netty.util.concurrent.FastThreadLocalRunnable.run(FastThreadLocalRunnable.java:30)
	java.lang.Thread.run(Thread.java:748)
#6:
	Hint: 'reactor.left.httpTrafficHandler' will handle the message from this point.
	io.netty.handler.codec.http.DefaultHttpContent.touch(DefaultHttpContent.java:88)
	io.netty.handler.codec.http.DefaultHttpContent.touch(DefaultHttpContent.java:24)
	io.netty.channel.DefaultChannelPipeline.touch(DefaultChannelPipeline.java:116)
	io.netty.channel.AbstractChannelHandlerContext.invokeChannelRead(AbstractChannelHandlerContext.java:357)
	io.netty.channel.AbstractChannelHandlerContext.fireChannelRead(AbstractChannelHandlerContext.java:352)
	io.netty.channel.CombinedChannelDuplexHandler$DelegatingChannelHandlerContext.fireChannelRead(CombinedChannelDuplexHandler.java:438)
	io.netty.handler.codec.ByteToMessageDecoder.fireChannelRead(ByteToMessageDecoder.java:323)
	io.netty.handler.codec.ByteToMessageDecoder.fireChannelRead(ByteToMessageDecoder.java:310)
	io.netty.handler.codec.ByteToMessageDecoder.callDecode(ByteToMessageDecoder.java:426)
	io.netty.handler.codec.ByteToMessageDecoder.channelRead(ByteToMessageDecoder.java:278)
	io.netty.channel.CombinedChannelDuplexHandler.channelRead(CombinedChannelDuplexHandler.java:253)
	io.netty.channel.AbstractChannelHandlerContext.invokeChannelRead(AbstractChannelHandlerContext.java:374)
	io.netty.channel.AbstractChannelHandlerContext.invokeChannelRead(AbstractChannelHandlerContext.java:360)
	io.netty.channel.AbstractChannelHandlerContext.fireChannelRead(AbstractChannelHandlerContext.java:352)
	io.netty.channel.DefaultChannelPipeline$HeadContext.channelRead(DefaultChannelPipeline.java:1408)
	io.netty.channel.AbstractChannelHandlerContext.invokeChannelRead(AbstractChannelHandlerContext.java:374)
	io.netty.channel.AbstractChannelHandlerContext.invokeChannelRead(AbstractChannelHandlerContext.java:360)
	io.netty.channel.DefaultChannelPipeline.fireChannelRead(DefaultChannelPipeline.java:930)
	io.netty.channel.nio.AbstractNioByteChannel$NioByteUnsafe.read(AbstractNioByteChannel.java:163)
	io.netty.channel.nio.NioEventLoop.processSelectedKey(NioEventLoop.java:682)
	io.netty.channel.nio.NioEventLoop.processSelectedKeysOptimized(NioEventLoop.java:617)
	io.netty.channel.nio.NioEventLoop.processSelectedKeys(NioEventLoop.java:534)
	io.netty.channel.nio.NioEventLoop.run(NioEventLoop.java:496)
	io.netty.util.concurrent.SingleThreadEventExecutor$5.run(SingleThreadEventExecutor.java:906)
	io.netty.util.internal.ThreadExecutorMap$2.run(ThreadExecutorMap.java:74)
	io.netty.util.concurrent.FastThreadLocalRunnable.run(FastThreadLocalRunnable.java:30)
	java.lang.Thread.run(Thread.java:748)
Created at:
	io.netty.buffer.SimpleLeakAwareByteBuf.unwrappedDerived(SimpleLeakAwareByteBuf.java:143)
	io.netty.buffer.SimpleLeakAwareByteBuf.readRetainedSlice(SimpleLeakAwareByteBuf.java:67)
	io.netty.buffer.AdvancedLeakAwareByteBuf.readRetainedSlice(AdvancedLeakAwareByteBuf.java:107)
	io.netty.handler.codec.http.HttpObjectDecoder.decode(HttpObjectDecoder.java:336)
	io.netty.handler.codec.http.HttpServerCodec$HttpServerRequestDecoder.decode(HttpServerCodec.java:103)
	io.netty.handler.codec.ByteToMessageDecoder.decodeRemovalReentryProtection(ByteToMessageDecoder.java:502)
	io.netty.handler.codec.ByteToMessageDecoder.callDecode(ByteToMessageDecoder.java:441)
	io.netty.handler.codec.ByteToMessageDecoder.channelRead(ByteToMessageDecoder.java:278)
	io.netty.channel.CombinedChannelDuplexHandler.channelRead(CombinedChannelDuplexHandler.java:253)
	io.netty.channel.AbstractChannelHandlerContext.invokeChannelRead(AbstractChannelHandlerContext.java:374)
	io.netty.channel.AbstractChannelHandlerContext.invokeChannelRead(AbstractChannelHandlerContext.java:360)
	io.netty.channel.AbstractChannelHandlerContext.fireChannelRead(AbstractChannelHandlerContext.java:352)
	io.netty.channel.DefaultChannelPipeline$HeadContext.channelRead(DefaultChannelPipeline.java:1408)
	io.netty.channel.AbstractChannelHandlerContext.invokeChannelRead(AbstractChannelHandlerContext.java:374)
	io.netty.channel.AbstractChannelHandlerContext.invokeChannelRead(AbstractChannelHandlerContext.java:360)
	io.netty.channel.DefaultChannelPipeline.fireChannelRead(DefaultChannelPipeline.java:930)
	io.netty.channel.nio.AbstractNioByteChannel$NioByteUnsafe.read(AbstractNioByteChannel.java:163)
	io.netty.channel.nio.NioEventLoop.processSelectedKey(NioEventLoop.java:682)
	io.netty.channel.nio.NioEventLoop.processSelectedKeysOptimized(NioEventLoop.java:617)
	io.netty.channel.nio.NioEventLoop.processSelectedKeys(NioEventLoop.java:534)
	io.netty.channel.nio.NioEventLoop.run(NioEventLoop.java:496)
	io.netty.util.concurrent.SingleThreadEventExecutor$5.run(SingleThreadEventExecutor.java:906)
	io.netty.util.internal.ThreadExecutorMap$2.run(ThreadExecutorMap.java:74)
	io.netty.util.concurrent.FastThreadLocalRunnable.run(FastThreadLocalRunnable.java:30)
	java.lang.Thread.run(Thread.java:748)
: 8 leak records were discarded because they were duplicates
: 3789 leak records were discarded because the leak record count is targeted to 4. Use system property io.netty.leakDetection.targetRecords to increase the limit.
22:42:59.934 [reactor-http-nio-14] ERROR i.n.u.ResourceLeakDetector - LEAK: ByteBuf.release() was not called before it's garbage-collected. See http://netty.io/wiki/reference-counted-objects.html for more information.
Recent access records: 
#1:
	io.netty.buffer.AdvancedLeakAwareByteBuf.order(AdvancedLeakAwareByteBuf.java:70)
	io.netty.buffer.CompositeByteBuf.newComponent(CompositeByteBuf.java:318)
	io.netty.buffer.CompositeByteBuf.addComponent0(CompositeByteBuf.java:280)
	io.netty.buffer.CompositeByteBuf.addComponent(CompositeByteBuf.java:265)
	io.netty.buffer.CompositeByteBuf.addComponent(CompositeByteBuf.java:222)
	io.netty.buffer.WrappedCompositeByteBuf.addComponent(WrappedCompositeByteBuf.java:529)
	io.netty.buffer.AdvancedLeakAwareCompositeByteBuf.addComponent(AdvancedLeakAwareCompositeByteBuf.java:921)
	org.springframework.core.io.buffer.NettyDataBufferFactory.join(NettyDataBufferFactory.java:111)
	org.springframework.core.io.buffer.DataBufferUtils.joinAndStrip(DataBufferUtils.java:686)
	org.springframework.core.io.buffer.DataBufferUtils.lambda$split$20(DataBufferUtils.java:605)
	reactor.core.publisher.FluxMap$MapConditionalSubscriber.onNext(FluxMap.java:199)
	reactor.core.publisher.FluxBufferPredicate$BufferPredicateSubscriber.emit(FluxBufferPredicate.java:290)
	reactor.core.publisher.FluxBufferPredicate$BufferPredicateSubscriber.onNextNewBuffer(FluxBufferPredicate.java:257)
	reactor.core.publisher.FluxBufferPredicate$BufferPredicateSubscriber.tryOnNext(FluxBufferPredicate.java:211)
	reactor.core.publisher.FluxBufferPredicate$BufferPredicateSubscriber.onNext(FluxBufferPredicate.java:184)
	reactor.core.publisher.FluxFlatMap$FlatMapMain.drainLoop(FluxFlatMap.java:664)
	reactor.core.publisher.FluxFlatMap$FlatMapMain.drain(FluxFlatMap.java:540)
	reactor.core.publisher.FluxFlatMap$FlatMapInner.onSubscribe(FluxFlatMap.java:924)
	reactor.core.publisher.FluxIterable.subscribe(FluxIterable.java:139)
	reactor.core.publisher.FluxIterable.subscribe(FluxIterable.java:63)
	reactor.core.publisher.Flux.subscribe(Flux.java:7922)
	reactor.core.publisher.FluxFlatMap$FlatMapMain.onNext(FluxFlatMap.java:389)
	reactor.core.publisher.FluxConcatMap$ConcatMapImmediate.innerNext(FluxConcatMap.java:275)
	reactor.core.publisher.FluxConcatMap$ConcatMapInner.onNext(FluxConcatMap.java:849)
	reactor.core.publisher.FluxConcatMap$WeakScalarSubscription.request(FluxConcatMap.java:470)
	reactor.core.publisher.Operators$MultiSubscriptionSubscriber.set(Operators.java:1939)
	reactor.core.publisher.FluxConcatMap$ConcatMapImmediate.drain(FluxConcatMap.java:436)
	reactor.core.publisher.FluxConcatMap$ConcatMapImmediate.onNext(FluxConcatMap.java:244)
	reactor.core.publisher.FluxMap$MapSubscriber.onNext(FluxMap.java:114)
	reactor.core.publisher.FluxPeek$PeekSubscriber.onNext(FluxPeek.java:192)
	reactor.core.publisher.FluxMap$MapSubscriber.onNext(FluxMap.java:114)
	reactor.netty.channel.FluxReceive.drainReceiver(FluxReceive.java:206)
	reactor.netty.channel.FluxReceive.onInboundNext(FluxReceive.java:322)
	reactor.netty.channel.ChannelOperations.onInboundNext(ChannelOperations.java:335)
	reactor.netty.http.server.HttpServerOperations.onInboundNext(HttpServerOperations.java:456)
	reactor.netty.channel.ChannelOperationsHandler.channelRead(ChannelOperationsHandler.java:91)
	io.netty.channel.AbstractChannelHandlerContext.invokeChannelRead(AbstractChannelHandlerContext.java:374)
	io.netty.channel.AbstractChannelHandlerContext.invokeChannelRead(AbstractChannelHandlerContext.java:360)
	io.netty.channel.AbstractChannelHandlerContext.fireChannelRead(AbstractChannelHandlerContext.java:352)
	reactor.netty.http.server.HttpTrafficHandler.channelRead(HttpTrafficHandler.java:190)
	io.netty.channel.AbstractChannelHandlerContext.invokeChannelRead(AbstractChannelHandlerContext.java:374)
	io.netty.channel.AbstractChannelHandlerContext.invokeChannelRead(AbstractChannelHandlerContext.java:360)
	io.netty.channel.AbstractChannelHandlerContext.fireChannelRead(AbstractChannelHandlerContext.java:352)
	io.netty.channel.CombinedChannelDuplexHandler$DelegatingChannelHandlerContext.fireChannelRead(CombinedChannelDuplexHandler.java:438)
	io.netty.handler.codec.ByteToMessageDecoder.fireChannelRead(ByteToMessageDecoder.java:323)
	io.netty.handler.codec.ByteToMessageDecoder.fireChannelRead(ByteToMessageDecoder.java:310)
	io.netty.handler.codec.ByteToMessageDecoder.callDecode(ByteToMessageDecoder.java:426)
	io.netty.handler.codec.ByteToMessageDecoder.channelRead(ByteToMessageDecoder.java:278)
	io.netty.channel.CombinedChannelDuplexHandler.channelRead(CombinedChannelDuplexHandler.java:253)
	io.netty.channel.AbstractChannelHandlerContext.invokeChannelRead(AbstractChannelHandlerContext.java:374)
	io.netty.channel.AbstractChannelHandlerContext.invokeChannelRead(AbstractChannelHandlerContext.java:360)
	io.netty.channel.AbstractChannelHandlerContext.fireChannelRead(AbstractChannelHandlerContext.java:352)
	io.netty.channel.DefaultChannelPipeline$HeadContext.channelRead(DefaultChannelPipeline.java:1408)
	io.netty.channel.AbstractChannelHandlerContext.invokeChannelRead(AbstractChannelHandlerContext.java:374)
	io.netty.channel.AbstractChannelHandlerContext.invokeChannelRead(AbstractChannelHandlerContext.java:360)
	io.netty.channel.DefaultChannelPipeline.fireChannelRead(DefaultChannelPipeline.java:930)
	io.netty.channel.nio.AbstractNioByteChannel$NioByteUnsafe.read(AbstractNioByteChannel.java:163)
	io.netty.channel.nio.NioEventLoop.processSelectedKey(NioEventLoop.java:682)
	io.netty.channel.nio.NioEventLoop.processSelectedKeysOptimized(NioEventLoop.java:617)
	io.netty.channel.nio.NioEventLoop.processSelectedKeys(NioEventLoop.java:534)
	io.netty.channel.nio.NioEventLoop.run(NioEventLoop.java:496)
	io.netty.util.concurrent.SingleThreadEventExecutor$5.run(SingleThreadEventExecutor.java:906)
	io.netty.util.internal.ThreadExecutorMap$2.run(ThreadExecutorMap.java:74)
	io.netty.util.concurrent.FastThreadLocalRunnable.run(FastThreadLocalRunnable.java:30)
	java.lang.Thread.run(Thread.java:748)
#2:
	io.netty.handler.codec.http.DefaultHttpContent.release(DefaultHttpContent.java:94)
	io.netty.util.ReferenceCountUtil.release(ReferenceCountUtil.java:88)
	reactor.netty.channel.FluxReceive.drainReceiver(FluxReceive.java:209)
	reactor.netty.channel.FluxReceive.onInboundNext(FluxReceive.java:322)
	reactor.netty.channel.ChannelOperations.onInboundNext(ChannelOperations.java:335)
	reactor.netty.http.server.HttpServerOperations.onInboundNext(HttpServerOperations.java:456)
	reactor.netty.channel.ChannelOperationsHandler.channelRead(ChannelOperationsHandler.java:91)
	io.netty.channel.AbstractChannelHandlerContext.invokeChannelRead(AbstractChannelHandlerContext.java:374)
	io.netty.channel.AbstractChannelHandlerContext.invokeChannelRead(AbstractChannelHandlerContext.java:360)
	io.netty.channel.AbstractChannelHandlerContext.fireChannelRead(AbstractChannelHandlerContext.java:352)
	reactor.netty.http.server.HttpTrafficHandler.channelRead(HttpTrafficHandler.java:190)
	io.netty.channel.AbstractChannelHandlerContext.invokeChannelRead(AbstractChannelHandlerContext.java:374)
	io.netty.channel.AbstractChannelHandlerContext.invokeChannelRead(AbstractChannelHandlerContext.java:360)
	io.netty.channel.AbstractChannelHandlerContext.fireChannelRead(AbstractChannelHandlerContext.java:352)
	io.netty.channel.CombinedChannelDuplexHandler$DelegatingChannelHandlerContext.fireChannelRead(CombinedChannelDuplexHandler.java:438)
	io.netty.handler.codec.ByteToMessageDecoder.fireChannelRead(ByteToMessageDecoder.java:323)
	io.netty.handler.codec.ByteToMessageDecoder.channelRead(ByteToMessageDecoder.java:297)
	io.netty.channel.CombinedChannelDuplexHandler.channelRead(CombinedChannelDuplexHandler.java:253)
	io.netty.channel.AbstractChannelHandlerContext.invokeChannelRead(AbstractChannelHandlerContext.java:374)
	io.netty.channel.AbstractChannelHandlerContext.invokeChannelRead(AbstractChannelHandlerContext.java:360)
	io.netty.channel.AbstractChannelHandlerContext.fireChannelRead(AbstractChannelHandlerContext.java:352)
	io.netty.channel.DefaultChannelPipeline$HeadContext.channelRead(DefaultChannelPipeline.java:1408)
	io.netty.channel.AbstractChannelHandlerContext.invokeChannelRead(AbstractChannelHandlerContext.java:374)
	io.netty.channel.AbstractChannelHandlerContext.invokeChannelRead(AbstractChannelHandlerContext.java:360)
	io.netty.channel.DefaultChannelPipeline.fireChannelRead(DefaultChannelPipeline.java:930)
	io.netty.channel.nio.AbstractNioByteChannel$NioByteUnsafe.read(AbstractNioByteChannel.java:163)
	io.netty.channel.nio.NioEventLoop.processSelectedKey(NioEventLoop.java:682)
	io.netty.channel.nio.NioEventLoop.processSelectedKeysOptimized(NioEventLoop.java:617)
	io.netty.channel.nio.NioEventLoop.processSelectedKeys(NioEventLoop.java:534)
	io.netty.channel.nio.NioEventLoop.run(NioEventLoop.java:496)
	io.netty.util.concurrent.SingleThreadEventExecutor$5.run(SingleThreadEventExecutor.java:906)
	io.netty.util.internal.ThreadExecutorMap$2.run(ThreadExecutorMap.java:74)
	io.netty.util.concurrent.FastThreadLocalRunnable.run(FastThreadLocalRunnable.java:30)
	java.lang.Thread.run(Thread.java:748)
#3:
	io.netty.buffer.AdvancedLeakAwareByteBuf.getByte(AdvancedLeakAwareByteBuf.java:154)
	org.springframework.core.io.buffer.NettyDataBuffer.getByte(NettyDataBuffer.java:132)
	org.springframework.core.io.buffer.DataBufferUtils$KnuthMorrisPrattMatcher.match(DataBufferUtils.java:1005)
	org.springframework.core.io.buffer.DataBufferUtils.endFrameAfterDelimiter(DataBufferUtils.java:634)
	org.springframework.core.io.buffer.DataBufferUtils.lambda$split$18(DataBufferUtils.java:603)
	reactor.core.publisher.FluxFlatMap$FlatMapMain.onNext(FluxFlatMap.java:350)
	reactor.core.publisher.FluxConcatMap$ConcatMapImmediate.innerNext(FluxConcatMap.java:275)
	reactor.core.publisher.FluxConcatMap$ConcatMapInner.onNext(FluxConcatMap.java:849)
	reactor.core.publisher.FluxConcatMap$WeakScalarSubscription.request(FluxConcatMap.java:470)
	reactor.core.publisher.Operators$MultiSubscriptionSubscriber.set(Operators.java:1939)
	reactor.core.publisher.FluxConcatMap$ConcatMapImmediate.drain(FluxConcatMap.java:436)
	reactor.core.publisher.FluxConcatMap$ConcatMapImmediate.onNext(FluxConcatMap.java:244)
	reactor.core.publisher.FluxMap$MapSubscriber.onNext(FluxMap.java:114)
	reactor.core.publisher.FluxPeek$PeekSubscriber.onNext(FluxPeek.java:192)
	reactor.core.publisher.FluxMap$MapSubscriber.onNext(FluxMap.java:114)
	reactor.netty.channel.FluxReceive.drainReceiver(FluxReceive.java:206)
	reactor.netty.channel.FluxReceive.onInboundNext(FluxReceive.java:322)
	reactor.netty.channel.ChannelOperations.onInboundNext(ChannelOperations.java:335)
	reactor.netty.http.server.HttpServerOperations.onInboundNext(HttpServerOperations.java:456)
	reactor.netty.channel.ChannelOperationsHandler.channelRead(ChannelOperationsHandler.java:91)
	io.netty.channel.AbstractChannelHandlerContext.invokeChannelRead(AbstractChannelHandlerContext.java:374)
	io.netty.channel.AbstractChannelHandlerContext.invokeChannelRead(AbstractChannelHandlerContext.java:360)
	io.netty.channel.AbstractChannelHandlerContext.fireChannelRead(AbstractChannelHandlerContext.java:352)
	reactor.netty.http.server.HttpTrafficHandler.channelRead(HttpTrafficHandler.java:190)
	io.netty.channel.AbstractChannelHandlerContext.invokeChannelRead(AbstractChannelHandlerContext.java:374)
	io.netty.channel.AbstractChannelHandlerContext.invokeChannelRead(AbstractChannelHandlerContext.java:360)
	io.netty.channel.AbstractChannelHandlerContext.fireChannelRead(AbstractChannelHandlerContext.java:352)
	io.netty.channel.CombinedChannelDuplexHandler$DelegatingChannelHandlerContext.fireChannelRead(CombinedChannelDuplexHandler.java:438)
	io.netty.handler.codec.ByteToMessageDecoder.fireChannelRead(ByteToMessageDecoder.java:323)
	io.netty.handler.codec.ByteToMessageDecoder.channelRead(ByteToMessageDecoder.java:297)
	io.netty.channel.CombinedChannelDuplexHandler.channelRead(CombinedChannelDuplexHandler.java:253)
	io.netty.channel.AbstractChannelHandlerContext.invokeChannelRead(AbstractChannelHandlerContext.java:374)
	io.netty.channel.AbstractChannelHandlerContext.invokeChannelRead(AbstractChannelHandlerContext.java:360)
	io.netty.channel.AbstractChannelHandlerContext.fireChannelRead(AbstractChannelHandlerContext.java:352)
	io.netty.channel.DefaultChannelPipeline$HeadContext.channelRead(DefaultChannelPipeline.java:1408)
	io.netty.channel.AbstractChannelHandlerContext.invokeChannelRead(AbstractChannelHandlerContext.java:374)
	io.netty.channel.AbstractChannelHandlerContext.invokeChannelRead(AbstractChannelHandlerContext.java:360)
	io.netty.channel.DefaultChannelPipeline.fireChannelRead(DefaultChannelPipeline.java:930)
	io.netty.channel.nio.AbstractNioByteChannel$NioByteUnsafe.read(AbstractNioByteChannel.java:163)
	io.netty.channel.nio.NioEventLoop.processSelectedKey(NioEventLoop.java:682)
	io.netty.channel.nio.NioEventLoop.processSelectedKeysOptimized(NioEventLoop.java:617)
	io.netty.channel.nio.NioEventLoop.processSelectedKeys(NioEventLoop.java:534)
	io.netty.channel.nio.NioEventLoop.run(NioEventLoop.java:496)
	io.netty.util.concurrent.SingleThreadEventExecutor$5.run(SingleThreadEventExecutor.java:906)
	io.netty.util.internal.ThreadExecutorMap$2.run(ThreadExecutorMap.java:74)
	io.netty.util.concurrent.FastThreadLocalRunnable.run(FastThreadLocalRunnable.java:30)
	java.lang.Thread.run(Thread.java:748)
#4:
	org.springframework.core.io.buffer.NettyDataBufferFactory.wrap(NettyDataBufferFactory.java:93)
	reactor.core.publisher.FluxMap$MapSubscriber.onNext(FluxMap.java:100)
	reactor.core.publisher.FluxPeek$PeekSubscriber.onNext(FluxPeek.java:192)
	reactor.core.publisher.FluxMap$MapSubscriber.onNext(FluxMap.java:114)
	reactor.netty.channel.FluxReceive.drainReceiver(FluxReceive.java:206)
	reactor.netty.channel.FluxReceive.onInboundNext(FluxReceive.java:322)
	reactor.netty.channel.ChannelOperations.onInboundNext(ChannelOperations.java:335)
	reactor.netty.http.server.HttpServerOperations.onInboundNext(HttpServerOperations.java:456)
	reactor.netty.channel.ChannelOperationsHandler.channelRead(ChannelOperationsHandler.java:91)
	io.netty.channel.AbstractChannelHandlerContext.invokeChannelRead(AbstractChannelHandlerContext.java:374)
	io.netty.channel.AbstractChannelHandlerContext.invokeChannelRead(AbstractChannelHandlerContext.java:360)
	io.netty.channel.AbstractChannelHandlerContext.fireChannelRead(AbstractChannelHandlerContext.java:352)
	reactor.netty.http.server.HttpTrafficHandler.channelRead(HttpTrafficHandler.java:190)
	io.netty.channel.AbstractChannelHandlerContext.invokeChannelRead(AbstractChannelHandlerContext.java:374)
	io.netty.channel.AbstractChannelHandlerContext.invokeChannelRead(AbstractChannelHandlerContext.java:360)
	io.netty.channel.AbstractChannelHandlerContext.fireChannelRead(AbstractChannelHandlerContext.java:352)
	io.netty.channel.CombinedChannelDuplexHandler$DelegatingChannelHandlerContext.fireChannelRead(CombinedChannelDuplexHandler.java:438)
	io.netty.handler.codec.ByteToMessageDecoder.fireChannelRead(ByteToMessageDecoder.java:323)
	io.netty.handler.codec.ByteToMessageDecoder.channelRead(ByteToMessageDecoder.java:297)
	io.netty.channel.CombinedChannelDuplexHandler.channelRead(CombinedChannelDuplexHandler.java:253)
	io.netty.channel.AbstractChannelHandlerContext.invokeChannelRead(AbstractChannelHandlerContext.java:374)
	io.netty.channel.AbstractChannelHandlerContext.invokeChannelRead(AbstractChannelHandlerContext.java:360)
	io.netty.channel.AbstractChannelHandlerContext.fireChannelRead(AbstractChannelHandlerContext.java:352)
	io.netty.channel.DefaultChannelPipeline$HeadContext.channelRead(DefaultChannelPipeline.java:1408)
	io.netty.channel.AbstractChannelHandlerContext.invokeChannelRead(AbstractChannelHandlerContext.java:374)
	io.netty.channel.AbstractChannelHandlerContext.invokeChannelRead(AbstractChannelHandlerContext.java:360)
	io.netty.channel.DefaultChannelPipeline.fireChannelRead(DefaultChannelPipeline.java:930)
	io.netty.channel.nio.AbstractNioByteChannel$NioByteUnsafe.read(AbstractNioByteChannel.java:163)
	io.netty.channel.nio.NioEventLoop.processSelectedKey(NioEventLoop.java:682)
	io.netty.channel.nio.NioEventLoop.processSelectedKeysOptimized(NioEventLoop.java:617)
	io.netty.channel.nio.NioEventLoop.processSelectedKeys(NioEventLoop.java:534)
	io.netty.channel.nio.NioEventLoop.run(NioEventLoop.java:496)
	io.netty.util.concurrent.SingleThreadEventExecutor$5.run(SingleThreadEventExecutor.java:906)
	io.netty.util.internal.ThreadExecutorMap$2.run(ThreadExecutorMap.java:74)
	io.netty.util.concurrent.FastThreadLocalRunnable.run(FastThreadLocalRunnable.java:30)
	java.lang.Thread.run(Thread.java:748)
#5:
	reactor.core.publisher.FluxPeek$PeekSubscriber.onNext(FluxPeek.java:177)
	reactor.core.publisher.FluxMap$MapSubscriber.onNext(FluxMap.java:114)
	reactor.netty.channel.FluxReceive.drainReceiver(FluxReceive.java:206)
	reactor.netty.channel.FluxReceive.onInboundNext(FluxReceive.java:322)
	reactor.netty.channel.ChannelOperations.onInboundNext(ChannelOperations.java:335)
	reactor.netty.http.server.HttpServerOperations.onInboundNext(HttpServerOperations.java:456)
	reactor.netty.channel.ChannelOperationsHandler.channelRead(ChannelOperationsHandler.java:91)
	io.netty.channel.AbstractChannelHandlerContext.invokeChannelRead(AbstractChannelHandlerContext.java:374)
	io.netty.channel.AbstractChannelHandlerContext.invokeChannelRead(AbstractChannelHandlerContext.java:360)
	io.netty.channel.AbstractChannelHandlerContext.fireChannelRead(AbstractChannelHandlerContext.java:352)
	reactor.netty.http.server.HttpTrafficHandler.channelRead(HttpTrafficHandler.java:190)
	io.netty.channel.AbstractChannelHandlerContext.invokeChannelRead(AbstractChannelHandlerContext.java:374)
	io.netty.channel.AbstractChannelHandlerContext.invokeChannelRead(AbstractChannelHandlerContext.java:360)
	io.netty.channel.AbstractChannelHandlerContext.fireChannelRead(AbstractChannelHandlerContext.java:352)
	io.netty.channel.CombinedChannelDuplexHandler$DelegatingChannelHandlerContext.fireChannelRead(CombinedChannelDuplexHandler.java:438)
	io.netty.handler.codec.ByteToMessageDecoder.fireChannelRead(ByteToMessageDecoder.java:323)
	io.netty.handler.codec.ByteToMessageDecoder.channelRead(ByteToMessageDecoder.java:297)
	io.netty.channel.CombinedChannelDuplexHandler.channelRead(CombinedChannelDuplexHandler.java:253)
	io.netty.channel.AbstractChannelHandlerContext.invokeChannelRead(AbstractChannelHandlerContext.java:374)
	io.netty.channel.AbstractChannelHandlerContext.invokeChannelRead(AbstractChannelHandlerContext.java:360)
	io.netty.channel.AbstractChannelHandlerContext.fireChannelRead(AbstractChannelHandlerContext.java:352)
	io.netty.channel.DefaultChannelPipeline$HeadContext.channelRead(DefaultChannelPipeline.java:1408)
	io.netty.channel.AbstractChannelHandlerContext.invokeChannelRead(AbstractChannelHandlerContext.java:374)
	io.netty.channel.AbstractChannelHandlerContext.invokeChannelRead(AbstractChannelHandlerContext.java:360)
	io.netty.channel.DefaultChannelPipeline.fireChannelRead(DefaultChannelPipeline.java:930)
	io.netty.channel.nio.AbstractNioByteChannel$NioByteUnsafe.read(AbstractNioByteChannel.java:163)
	io.netty.channel.nio.NioEventLoop.processSelectedKey(NioEventLoop.java:682)
	io.netty.channel.nio.NioEventLoop.processSelectedKeysOptimized(NioEventLoop.java:617)
	io.netty.channel.nio.NioEventLoop.processSelectedKeys(NioEventLoop.java:534)
	io.netty.channel.nio.NioEventLoop.run(NioEventLoop.java:496)
	io.netty.util.concurrent.SingleThreadEventExecutor$5.run(SingleThreadEventExecutor.java:906)
	io.netty.util.internal.ThreadExecutorMap$2.run(ThreadExecutorMap.java:74)
	io.netty.util.concurrent.FastThreadLocalRunnable.run(FastThreadLocalRunnable.java:30)
	java.lang.Thread.run(Thread.java:748)
#6:
	Hint: 'reactor.right.reactiveBridge' will handle the message from this point.
	io.netty.handler.codec.http.DefaultHttpContent.touch(DefaultHttpContent.java:88)
	io.netty.handler.codec.http.DefaultHttpContent.touch(DefaultHttpContent.java:24)
	io.netty.channel.DefaultChannelPipeline.touch(DefaultChannelPipeline.java:116)
	io.netty.channel.AbstractChannelHandlerContext.invokeChannelRead(AbstractChannelHandlerContext.java:357)
	io.netty.channel.AbstractChannelHandlerContext.fireChannelRead(AbstractChannelHandlerContext.java:352)
	reactor.netty.http.server.HttpTrafficHandler.channelRead(HttpTrafficHandler.java:190)
	io.netty.channel.AbstractChannelHandlerContext.invokeChannelRead(AbstractChannelHandlerContext.java:374)
	io.netty.channel.AbstractChannelHandlerContext.invokeChannelRead(AbstractChannelHandlerContext.java:360)
	io.netty.channel.AbstractChannelHandlerContext.fireChannelRead(AbstractChannelHandlerContext.java:352)
	io.netty.channel.CombinedChannelDuplexHandler$DelegatingChannelHandlerContext.fireChannelRead(CombinedChannelDuplexHandler.java:438)
	io.netty.handler.codec.ByteToMessageDecoder.fireChannelRead(ByteToMessageDecoder.java:323)
	io.netty.handler.codec.ByteToMessageDecoder.channelRead(ByteToMessageDecoder.java:297)
	io.netty.channel.CombinedChannelDuplexHandler.channelRead(CombinedChannelDuplexHandler.java:253)
	io.netty.channel.AbstractChannelHandlerContext.invokeChannelRead(AbstractChannelHandlerContext.java:374)
	io.netty.channel.AbstractChannelHandlerContext.invokeChannelRead(AbstractChannelHandlerContext.java:360)
	io.netty.channel.AbstractChannelHandlerContext.fireChannelRead(AbstractChannelHandlerContext.java:352)
	io.netty.channel.DefaultChannelPipeline$HeadContext.channelRead(DefaultChannelPipeline.java:1408)
	io.netty.channel.AbstractChannelHandlerContext.invokeChannelRead(AbstractChannelHandlerContext.java:374)
	io.netty.channel.AbstractChannelHandlerContext.invokeChannelRead(AbstractChannelHandlerContext.java:360)
	io.netty.channel.DefaultChannelPipeline.fireChannelRead(DefaultChannelPipeline.java:930)
	io.netty.channel.nio.AbstractNioByteChannel$NioByteUnsafe.read(AbstractNioByteChannel.java:163)
	io.netty.channel.nio.NioEventLoop.processSelectedKey(NioEventLoop.java:682)
	io.netty.channel.nio.NioEventLoop.processSelectedKeysOptimized(NioEventLoop.java:617)
	io.netty.channel.nio.NioEventLoop.processSelectedKeys(NioEventLoop.java:534)
	io.netty.channel.nio.NioEventLoop.run(NioEventLoop.java:496)
	io.netty.util.concurrent.SingleThreadEventExecutor$5.run(SingleThreadEventExecutor.java:906)
	io.netty.util.internal.ThreadExecutorMap$2.run(ThreadExecutorMap.java:74)
	io.netty.util.concurrent.FastThreadLocalRunnable.run(FastThreadLocalRunnable.java:30)
	java.lang.Thread.run(Thread.java:748)
#7:
	Hint: 'reactor.left.httpTrafficHandler' will handle the message from this point.
	io.netty.handler.codec.http.DefaultHttpContent.touch(DefaultHttpContent.java:88)
	io.netty.handler.codec.http.DefaultHttpContent.touch(DefaultHttpContent.java:24)
	io.netty.channel.DefaultChannelPipeline.touch(DefaultChannelPipeline.java:116)
	io.netty.channel.AbstractChannelHandlerContext.invokeChannelRead(AbstractChannelHandlerContext.java:357)
	io.netty.channel.AbstractChannelHandlerContext.fireChannelRead(AbstractChannelHandlerContext.java:352)
	io.netty.channel.CombinedChannelDuplexHandler$DelegatingChannelHandlerContext.fireChannelRead(CombinedChannelDuplexHandler.java:438)
	io.netty.handler.codec.ByteToMessageDecoder.fireChannelRead(ByteToMessageDecoder.java:323)
	io.netty.handler.codec.ByteToMessageDecoder.channelRead(ByteToMessageDecoder.java:297)
	io.netty.channel.CombinedChannelDuplexHandler.channelRead(CombinedChannelDuplexHandler.java:253)
	io.netty.channel.AbstractChannelHandlerContext.invokeChannelRead(AbstractChannelHandlerContext.java:374)
	io.netty.channel.AbstractChannelHandlerContext.invokeChannelRead(AbstractChannelHandlerContext.java:360)
	io.netty.channel.AbstractChannelHandlerContext.fireChannelRead(AbstractChannelHandlerContext.java:352)
	io.netty.channel.DefaultChannelPipeline$HeadContext.channelRead(DefaultChannelPipeline.java:1408)
	io.netty.channel.AbstractChannelHandlerContext.invokeChannelRead(AbstractChannelHandlerContext.java:374)
	io.netty.channel.AbstractChannelHandlerContext.invokeChannelRead(AbstractChannelHandlerContext.java:360)
	io.netty.channel.DefaultChannelPipeline.fireChannelRead(DefaultChannelPipeline.java:930)
	io.netty.channel.nio.AbstractNioByteChannel$NioByteUnsafe.read(AbstractNioByteChannel.java:163)
	io.netty.channel.nio.NioEventLoop.processSelectedKey(NioEventLoop.java:682)
	io.netty.channel.nio.NioEventLoop.processSelectedKeysOptimized(NioEventLoop.java:617)
	io.netty.channel.nio.NioEventLoop.processSelectedKeys(NioEventLoop.java:534)
	io.netty.channel.nio.NioEventLoop.run(NioEventLoop.java:496)
	io.netty.util.concurrent.SingleThreadEventExecutor$5.run(SingleThreadEventExecutor.java:906)
	io.netty.util.internal.ThreadExecutorMap$2.run(ThreadExecutorMap.java:74)
	io.netty.util.concurrent.FastThreadLocalRunnable.run(FastThreadLocalRunnable.java:30)
	java.lang.Thread.run(Thread.java:748)
Created at:
	io.netty.buffer.SimpleLeakAwareByteBuf.unwrappedDerived(SimpleLeakAwareByteBuf.java:143)
	io.netty.buffer.SimpleLeakAwareByteBuf.readRetainedSlice(SimpleLeakAwareByteBuf.java:67)
	io.netty.buffer.AdvancedLeakAwareByteBuf.readRetainedSlice(AdvancedLeakAwareByteBuf.java:107)
	io.netty.handler.codec.http.HttpObjectDecoder.decode(HttpObjectDecoder.java:336)
	io.netty.handler.codec.http.HttpServerCodec$HttpServerRequestDecoder.decode(HttpServerCodec.java:103)
	io.netty.handler.codec.ByteToMessageDecoder.decodeRemovalReentryProtection(ByteToMessageDecoder.java:502)
	io.netty.handler.codec.ByteToMessageDecoder.callDecode(ByteToMessageDecoder.java:441)
	io.netty.handler.codec.ByteToMessageDecoder.channelRead(ByteToMessageDecoder.java:278)
	io.netty.channel.CombinedChannelDuplexHandler.channelRead(CombinedChannelDuplexHandler.java:253)
	io.netty.channel.AbstractChannelHandlerContext.invokeChannelRead(AbstractChannelHandlerContext.java:374)
	io.netty.channel.AbstractChannelHandlerContext.invokeChannelRead(AbstractChannelHandlerContext.java:360)
	io.netty.channel.AbstractChannelHandlerContext.fireChannelRead(AbstractChannelHandlerContext.java:352)
	io.netty.channel.DefaultChannelPipeline$HeadContext.channelRead(DefaultChannelPipeline.java:1408)
	io.netty.channel.AbstractChannelHandlerContext.invokeChannelRead(AbstractChannelHandlerContext.java:374)
	io.netty.channel.AbstractChannelHandlerContext.invokeChannelRead(AbstractChannelHandlerContext.java:360)
	io.netty.channel.DefaultChannelPipeline.fireChannelRead(DefaultChannelPipeline.java:930)
	io.netty.channel.nio.AbstractNioByteChannel$NioByteUnsafe.read(AbstractNioByteChannel.java:163)
	io.netty.channel.nio.NioEventLoop.processSelectedKey(NioEventLoop.java:682)
	io.netty.channel.nio.NioEventLoop.processSelectedKeysOptimized(NioEventLoop.java:617)
	io.netty.channel.nio.NioEventLoop.processSelectedKeys(NioEventLoop.java:534)
	io.netty.channel.nio.NioEventLoop.run(NioEventLoop.java:496)
	io.netty.util.concurrent.SingleThreadEventExecutor$5.run(SingleThreadEventExecutor.java:906)
	io.netty.util.internal.ThreadExecutorMap$2.run(ThreadExecutorMap.java:74)
	io.netty.util.concurrent.FastThreadLocalRunnable.run(FastThreadLocalRunnable.java:30)
	java.lang.Thread.run(Thread.java:748)
: 5 leak records were discarded because they were duplicates
: 294 leak records were discarded because the leak record count is targeted to 4. Use system property io.netty.leakDetection.targetRecords to increase the limit.
22:42:59.936 [reactor-http-nio-14] ERROR i.n.u.ResourceLeakDetector - LEAK: ByteBuf.release() was not called before it's garbage-collected. See http://netty.io/wiki/reference-counted-objects.html for more information.
Recent access records: 
#1:
	io.netty.buffer.AdvancedLeakAwareByteBuf.order(AdvancedLeakAwareByteBuf.java:70)
	io.netty.buffer.CompositeByteBuf.newComponent(CompositeByteBuf.java:318)
	io.netty.buffer.CompositeByteBuf.addComponent0(CompositeByteBuf.java:280)
	io.netty.buffer.CompositeByteBuf.addComponent(CompositeByteBuf.java:265)
	io.netty.buffer.CompositeByteBuf.addComponent(CompositeByteBuf.java:222)
	io.netty.buffer.WrappedCompositeByteBuf.addComponent(WrappedCompositeByteBuf.java:529)
	io.netty.buffer.AdvancedLeakAwareCompositeByteBuf.addComponent(AdvancedLeakAwareCompositeByteBuf.java:921)
	org.springframework.core.io.buffer.NettyDataBufferFactory.join(NettyDataBufferFactory.java:111)
	org.springframework.core.io.buffer.DataBufferUtils.joinAndStrip(DataBufferUtils.java:686)
	org.springframework.core.io.buffer.DataBufferUtils.lambda$split$20(DataBufferUtils.java:605)
	reactor.core.publisher.FluxMap$MapConditionalSubscriber.onNext(FluxMap.java:199)
	reactor.core.publisher.FluxBufferPredicate$BufferPredicateSubscriber.emit(FluxBufferPredicate.java:290)
	reactor.core.publisher.FluxBufferPredicate$BufferPredicateSubscriber.onNextNewBuffer(FluxBufferPredicate.java:257)
	reactor.core.publisher.FluxBufferPredicate$BufferPredicateSubscriber.tryOnNext(FluxBufferPredicate.java:211)
	reactor.core.publisher.FluxBufferPredicate$BufferPredicateSubscriber.onNext(FluxBufferPredicate.java:184)
	reactor.core.publisher.FluxFlatMap$FlatMapMain.drainLoop(FluxFlatMap.java:664)
	reactor.core.publisher.FluxFlatMap$FlatMapMain.drain(FluxFlatMap.java:540)
	reactor.core.publisher.FluxFlatMap$FlatMapInner.onSubscribe(FluxFlatMap.java:924)
	reactor.core.publisher.FluxIterable.subscribe(FluxIterable.java:139)
	reactor.core.publisher.FluxIterable.subscribe(FluxIterable.java:63)
	reactor.core.publisher.Flux.subscribe(Flux.java:7922)
	reactor.core.publisher.FluxFlatMap$FlatMapMain.onNext(FluxFlatMap.java:389)
	reactor.core.publisher.FluxConcatMap$ConcatMapImmediate.innerNext(FluxConcatMap.java:275)
	reactor.core.publisher.FluxConcatMap$ConcatMapInner.onNext(FluxConcatMap.java:849)
	reactor.core.publisher.FluxConcatMap$WeakScalarSubscription.request(FluxConcatMap.java:470)
	reactor.core.publisher.Operators$MultiSubscriptionSubscriber.set(Operators.java:1939)
	reactor.core.publisher.FluxConcatMap$ConcatMapImmediate.drain(FluxConcatMap.java:436)
	reactor.core.publisher.FluxConcatMap$ConcatMapImmediate.onNext(FluxConcatMap.java:244)
	reactor.core.publisher.FluxMap$MapSubscriber.onNext(FluxMap.java:114)
	reactor.core.publisher.FluxPeek$PeekSubscriber.onNext(FluxPeek.java:192)
	reactor.core.publisher.FluxMap$MapSubscriber.onNext(FluxMap.java:114)
	reactor.netty.channel.FluxReceive.drainReceiver(FluxReceive.java:206)
	reactor.netty.channel.FluxReceive.onInboundNext(FluxReceive.java:322)
	reactor.netty.channel.ChannelOperations.onInboundNext(ChannelOperations.java:335)
	reactor.netty.http.server.HttpServerOperations.onInboundNext(HttpServerOperations.java:456)
	reactor.netty.channel.ChannelOperationsHandler.channelRead(ChannelOperationsHandler.java:91)
	io.netty.channel.AbstractChannelHandlerContext.invokeChannelRead(AbstractChannelHandlerContext.java:374)
	io.netty.channel.AbstractChannelHandlerContext.invokeChannelRead(AbstractChannelHandlerContext.java:360)
	io.netty.channel.AbstractChannelHandlerContext.fireChannelRead(AbstractChannelHandlerContext.java:352)
	reactor.netty.http.server.HttpTrafficHandler.channelRead(HttpTrafficHandler.java:190)
	io.netty.channel.AbstractChannelHandlerContext.invokeChannelRead(AbstractChannelHandlerContext.java:374)
	io.netty.channel.AbstractChannelHandlerContext.invokeChannelRead(AbstractChannelHandlerContext.java:360)
	io.netty.channel.AbstractChannelHandlerContext.fireChannelRead(AbstractChannelHandlerContext.java:352)
	io.netty.channel.CombinedChannelDuplexHandler$DelegatingChannelHandlerContext.fireChannelRead(CombinedChannelDuplexHandler.java:438)
	io.netty.handler.codec.ByteToMessageDecoder.fireChannelRead(ByteToMessageDecoder.java:323)
	io.netty.handler.codec.ByteToMessageDecoder.fireChannelRead(ByteToMessageDecoder.java:310)
	io.netty.handler.codec.ByteToMessageDecoder.callDecode(ByteToMessageDecoder.java:426)
	io.netty.handler.codec.ByteToMessageDecoder.channelRead(ByteToMessageDecoder.java:278)
	io.netty.channel.CombinedChannelDuplexHandler.channelRead(CombinedChannelDuplexHandler.java:253)
	io.netty.channel.AbstractChannelHandlerContext.invokeChannelRead(AbstractChannelHandlerContext.java:374)
	io.netty.channel.AbstractChannelHandlerContext.invokeChannelRead(AbstractChannelHandlerContext.java:360)
	io.netty.channel.AbstractChannelHandlerContext.fireChannelRead(AbstractChannelHandlerContext.java:352)
	io.netty.channel.DefaultChannelPipeline$HeadContext.channelRead(DefaultChannelPipeline.java:1408)
	io.netty.channel.AbstractChannelHandlerContext.invokeChannelRead(AbstractChannelHandlerContext.java:374)
	io.netty.channel.AbstractChannelHandlerContext.invokeChannelRead(AbstractChannelHandlerContext.java:360)
	io.netty.channel.DefaultChannelPipeline.fireChannelRead(DefaultChannelPipeline.java:930)
	io.netty.channel.nio.AbstractNioByteChannel$NioByteUnsafe.read(AbstractNioByteChannel.java:163)
	io.netty.channel.nio.NioEventLoop.processSelectedKey(NioEventLoop.java:682)
	io.netty.channel.nio.NioEventLoop.processSelectedKeysOptimized(NioEventLoop.java:617)
	io.netty.channel.nio.NioEventLoop.processSelectedKeys(NioEventLoop.java:534)
	io.netty.channel.nio.NioEventLoop.run(NioEventLoop.java:496)
	io.netty.util.concurrent.SingleThreadEventExecutor$5.run(SingleThreadEventExecutor.java:906)
	io.netty.util.internal.ThreadExecutorMap$2.run(ThreadExecutorMap.java:74)
	io.netty.util.concurrent.FastThreadLocalRunnable.run(FastThreadLocalRunnable.java:30)
	java.lang.Thread.run(Thread.java:748)
#2:
	io.netty.buffer.AdvancedLeakAwareByteBuf.getByte(AdvancedLeakAwareByteBuf.java:154)
	org.springframework.core.io.buffer.NettyDataBuffer.getByte(NettyDataBuffer.java:132)
	org.springframework.core.io.buffer.DataBufferUtils$KnuthMorrisPrattMatcher.match(DataBufferUtils.java:1005)
	org.springframework.core.io.buffer.DataBufferUtils.endFrameAfterDelimiter(DataBufferUtils.java:634)
	org.springframework.core.io.buffer.DataBufferUtils.lambda$split$18(DataBufferUtils.java:603)
	reactor.core.publisher.FluxFlatMap$FlatMapMain.onNext(FluxFlatMap.java:350)
	reactor.core.publisher.FluxConcatMap$ConcatMapImmediate.innerNext(FluxConcatMap.java:275)
	reactor.core.publisher.FluxConcatMap$ConcatMapInner.onNext(FluxConcatMap.java:849)
	reactor.core.publisher.FluxConcatMap$WeakScalarSubscription.request(FluxConcatMap.java:470)
	reactor.core.publisher.Operators$MultiSubscriptionSubscriber.set(Operators.java:1939)
	reactor.core.publisher.FluxConcatMap$ConcatMapImmediate.drain(FluxConcatMap.java:436)
	reactor.core.publisher.FluxConcatMap$ConcatMapImmediate.onNext(FluxConcatMap.java:244)
	reactor.core.publisher.FluxMap$MapSubscriber.onNext(FluxMap.java:114)
	reactor.core.publisher.FluxPeek$PeekSubscriber.onNext(FluxPeek.java:192)
	reactor.core.publisher.FluxMap$MapSubscriber.onNext(FluxMap.java:114)
	reactor.netty.channel.FluxReceive.drainReceiver(FluxReceive.java:206)
	reactor.netty.channel.FluxReceive.onInboundNext(FluxReceive.java:322)
	reactor.netty.channel.ChannelOperations.onInboundNext(ChannelOperations.java:335)
	reactor.netty.http.server.HttpServerOperations.onInboundNext(HttpServerOperations.java:456)
	reactor.netty.channel.ChannelOperationsHandler.channelRead(ChannelOperationsHandler.java:91)
	io.netty.channel.AbstractChannelHandlerContext.invokeChannelRead(AbstractChannelHandlerContext.java:374)
	io.netty.channel.AbstractChannelHandlerContext.invokeChannelRead(AbstractChannelHandlerContext.java:360)
	io.netty.channel.AbstractChannelHandlerContext.fireChannelRead(AbstractChannelHandlerContext.java:352)
	reactor.netty.http.server.HttpTrafficHandler.channelRead(HttpTrafficHandler.java:190)
	io.netty.channel.AbstractChannelHandlerContext.invokeChannelRead(AbstractChannelHandlerContext.java:374)
	io.netty.channel.AbstractChannelHandlerContext.invokeChannelRead(AbstractChannelHandlerContext.java:360)
	io.netty.channel.AbstractChannelHandlerContext.fireChannelRead(AbstractChannelHandlerContext.java:352)
	io.netty.channel.CombinedChannelDuplexHandler$DelegatingChannelHandlerContext.fireChannelRead(CombinedChannelDuplexHandler.java:438)
	io.netty.handler.codec.ByteToMessageDecoder.fireChannelRead(ByteToMessageDecoder.java:323)
	io.netty.handler.codec.ByteToMessageDecoder.channelRead(ByteToMessageDecoder.java:297)
	io.netty.channel.CombinedChannelDuplexHandler.channelRead(CombinedChannelDuplexHandler.java:253)
	io.netty.channel.AbstractChannelHandlerContext.invokeChannelRead(AbstractChannelHandlerContext.java:374)
	io.netty.channel.AbstractChannelHandlerContext.invokeChannelRead(AbstractChannelHandlerContext.java:360)
	io.netty.channel.AbstractChannelHandlerContext.fireChannelRead(AbstractChannelHandlerContext.java:352)
	io.netty.channel.DefaultChannelPipeline$HeadContext.channelRead(DefaultChannelPipeline.java:1408)
	io.netty.channel.AbstractChannelHandlerContext.invokeChannelRead(AbstractChannelHandlerContext.java:374)
	io.netty.channel.AbstractChannelHandlerContext.invokeChannelRead(AbstractChannelHandlerContext.java:360)
	io.netty.channel.DefaultChannelPipeline.fireChannelRead(DefaultChannelPipeline.java:930)
	io.netty.channel.nio.AbstractNioByteChannel$NioByteUnsafe.read(AbstractNioByteChannel.java:163)
	io.netty.channel.nio.NioEventLoop.processSelectedKey(NioEventLoop.java:682)
	io.netty.channel.nio.NioEventLoop.processSelectedKeysOptimized(NioEventLoop.java:617)
	io.netty.channel.nio.NioEventLoop.processSelectedKeys(NioEventLoop.java:534)
	io.netty.channel.nio.NioEventLoop.run(NioEventLoop.java:496)
	io.netty.util.concurrent.SingleThreadEventExecutor$5.run(SingleThreadEventExecutor.java:906)
	io.netty.util.internal.ThreadExecutorMap$2.run(ThreadExecutorMap.java:74)
	io.netty.util.concurrent.FastThreadLocalRunnable.run(FastThreadLocalRunnable.java:30)
	java.lang.Thread.run(Thread.java:748)
#3:
	reactor.core.publisher.FluxPeek$PeekSubscriber.onNext(FluxPeek.java:177)
	reactor.core.publisher.FluxMap$MapSubscriber.onNext(FluxMap.java:114)
	reactor.netty.channel.FluxReceive.drainReceiver(FluxReceive.java:206)
	reactor.netty.channel.FluxReceive.onInboundNext(FluxReceive.java:322)
	reactor.netty.channel.ChannelOperations.onInboundNext(ChannelOperations.java:335)
	reactor.netty.http.server.HttpServerOperations.onInboundNext(HttpServerOperations.java:456)
	reactor.netty.channel.ChannelOperationsHandler.channelRead(ChannelOperationsHandler.java:91)
	io.netty.channel.AbstractChannelHandlerContext.invokeChannelRead(AbstractChannelHandlerContext.java:374)
	io.netty.channel.AbstractChannelHandlerContext.invokeChannelRead(AbstractChannelHandlerContext.java:360)
	io.netty.channel.AbstractChannelHandlerContext.fireChannelRead(AbstractChannelHandlerContext.java:352)
	reactor.netty.http.server.HttpTrafficHandler.channelRead(HttpTrafficHandler.java:190)
	io.netty.channel.AbstractChannelHandlerContext.invokeChannelRead(AbstractChannelHandlerContext.java:374)
	io.netty.channel.AbstractChannelHandlerContext.invokeChannelRead(AbstractChannelHandlerContext.java:360)
	io.netty.channel.AbstractChannelHandlerContext.fireChannelRead(AbstractChannelHandlerContext.java:352)
	io.netty.channel.CombinedChannelDuplexHandler$DelegatingChannelHandlerContext.fireChannelRead(CombinedChannelDuplexHandler.java:438)
	io.netty.handler.codec.ByteToMessageDecoder.fireChannelRead(ByteToMessageDecoder.java:323)
	io.netty.handler.codec.ByteToMessageDecoder.channelRead(ByteToMessageDecoder.java:297)
	io.netty.channel.CombinedChannelDuplexHandler.channelRead(CombinedChannelDuplexHandler.java:253)
	io.netty.channel.AbstractChannelHandlerContext.invokeChannelRead(AbstractChannelHandlerContext.java:374)
	io.netty.channel.AbstractChannelHandlerContext.invokeChannelRead(AbstractChannelHandlerContext.java:360)
	io.netty.channel.AbstractChannelHandlerContext.fireChannelRead(AbstractChannelHandlerContext.java:352)
	io.netty.channel.DefaultChannelPipeline$HeadContext.channelRead(DefaultChannelPipeline.java:1408)
	io.netty.channel.AbstractChannelHandlerContext.invokeChannelRead(AbstractChannelHandlerContext.java:374)
	io.netty.channel.AbstractChannelHandlerContext.invokeChannelRead(AbstractChannelHandlerContext.java:360)
	io.netty.channel.DefaultChannelPipeline.fireChannelRead(DefaultChannelPipeline.java:930)
	io.netty.channel.nio.AbstractNioByteChannel$NioByteUnsafe.read(AbstractNioByteChannel.java:163)
	io.netty.channel.nio.NioEventLoop.processSelectedKey(NioEventLoop.java:682)
	io.netty.channel.nio.NioEventLoop.processSelectedKeysOptimized(NioEventLoop.java:617)
	io.netty.channel.nio.NioEventLoop.processSelectedKeys(NioEventLoop.java:534)
	io.netty.channel.nio.NioEventLoop.run(NioEventLoop.java:496)
	io.netty.util.concurrent.SingleThreadEventExecutor$5.run(SingleThreadEventExecutor.java:906)
	io.netty.util.internal.ThreadExecutorMap$2.run(ThreadExecutorMap.java:74)
	io.netty.util.concurrent.FastThreadLocalRunnable.run(FastThreadLocalRunnable.java:30)
	java.lang.Thread.run(Thread.java:748)
#4:
	Hint: 'reactor.right.reactiveBridge' will handle the message from this point.
	io.netty.handler.codec.http.DefaultHttpContent.touch(DefaultHttpContent.java:88)
	io.netty.handler.codec.http.DefaultHttpContent.touch(DefaultHttpContent.java:24)
	io.netty.channel.DefaultChannelPipeline.touch(DefaultChannelPipeline.java:116)
	io.netty.channel.AbstractChannelHandlerContext.invokeChannelRead(AbstractChannelHandlerContext.java:357)
	io.netty.channel.AbstractChannelHandlerContext.fireChannelRead(AbstractChannelHandlerContext.java:352)
	reactor.netty.http.server.HttpTrafficHandler.channelRead(HttpTrafficHandler.java:190)
	io.netty.channel.AbstractChannelHandlerContext.invokeChannelRead(AbstractChannelHandlerContext.java:374)
	io.netty.channel.AbstractChannelHandlerContext.invokeChannelRead(AbstractChannelHandlerContext.java:360)
	io.netty.channel.AbstractChannelHandlerContext.fireChannelRead(AbstractChannelHandlerContext.java:352)
	io.netty.channel.CombinedChannelDuplexHandler$DelegatingChannelHandlerContext.fireChannelRead(CombinedChannelDuplexHandler.java:438)
	io.netty.handler.codec.ByteToMessageDecoder.fireChannelRead(ByteToMessageDecoder.java:323)
	io.netty.handler.codec.ByteToMessageDecoder.channelRead(ByteToMessageDecoder.java:297)
	io.netty.channel.CombinedChannelDuplexHandler.channelRead(CombinedChannelDuplexHandler.java:253)
	io.netty.channel.AbstractChannelHandlerContext.invokeChannelRead(AbstractChannelHandlerContext.java:374)
	io.netty.channel.AbstractChannelHandlerContext.invokeChannelRead(AbstractChannelHandlerContext.java:360)
	io.netty.channel.AbstractChannelHandlerContext.fireChannelRead(AbstractChannelHandlerContext.java:352)
	io.netty.channel.DefaultChannelPipeline$HeadContext.channelRead(DefaultChannelPipeline.java:1408)
	io.netty.channel.AbstractChannelHandlerContext.invokeChannelRead(AbstractChannelHandlerContext.java:374)
	io.netty.channel.AbstractChannelHandlerContext.invokeChannelRead(AbstractChannelHandlerContext.java:360)
	io.netty.channel.DefaultChannelPipeline.fireChannelRead(DefaultChannelPipeline.java:930)
	io.netty.channel.nio.AbstractNioByteChannel$NioByteUnsafe.read(AbstractNioByteChannel.java:163)
	io.netty.channel.nio.NioEventLoop.processSelectedKey(NioEventLoop.java:682)
	io.netty.channel.nio.NioEventLoop.processSelectedKeysOptimized(NioEventLoop.java:617)
	io.netty.channel.nio.NioEventLoop.processSelectedKeys(NioEventLoop.java:534)
	io.netty.channel.nio.NioEventLoop.run(NioEventLoop.java:496)
	io.netty.util.concurrent.SingleThreadEventExecutor$5.run(SingleThreadEventExecutor.java:906)
	io.netty.util.internal.ThreadExecutorMap$2.run(ThreadExecutorMap.java:74)
	io.netty.util.concurrent.FastThreadLocalRunnable.run(FastThreadLocalRunnable.java:30)
	java.lang.Thread.run(Thread.java:748)
#5:
	Hint: 'reactor.left.httpTrafficHandler' will handle the message from this point.
	io.netty.handler.codec.http.DefaultHttpContent.touch(DefaultHttpContent.java:88)
	io.netty.handler.codec.http.DefaultHttpContent.touch(DefaultHttpContent.java:24)
	io.netty.channel.DefaultChannelPipeline.touch(DefaultChannelPipeline.java:116)
	io.netty.channel.AbstractChannelHandlerContext.invokeChannelRead(AbstractChannelHandlerContext.java:357)
	io.netty.channel.AbstractChannelHandlerContext.fireChannelRead(AbstractChannelHandlerContext.java:352)
	io.netty.channel.CombinedChannelDuplexHandler$DelegatingChannelHandlerContext.fireChannelRead(CombinedChannelDuplexHandler.java:438)
	io.netty.handler.codec.ByteToMessageDecoder.fireChannelRead(ByteToMessageDecoder.java:323)
	io.netty.handler.codec.ByteToMessageDecoder.channelRead(ByteToMessageDecoder.java:297)
	io.netty.channel.CombinedChannelDuplexHandler.channelRead(CombinedChannelDuplexHandler.java:253)
	io.netty.channel.AbstractChannelHandlerContext.invokeChannelRead(AbstractChannelHandlerContext.java:374)
	io.netty.channel.AbstractChannelHandlerContext.invokeChannelRead(AbstractChannelHandlerContext.java:360)
	io.netty.channel.AbstractChannelHandlerContext.fireChannelRead(AbstractChannelHandlerContext.java:352)
	io.netty.channel.DefaultChannelPipeline$HeadContext.channelRead(DefaultChannelPipeline.java:1408)
	io.netty.channel.AbstractChannelHandlerContext.invokeChannelRead(AbstractChannelHandlerContext.java:374)
	io.netty.channel.AbstractChannelHandlerContext.invokeChannelRead(AbstractChannelHandlerContext.java:360)
	io.netty.channel.DefaultChannelPipeline.fireChannelRead(DefaultChannelPipeline.java:930)
	io.netty.channel.nio.AbstractNioByteChannel$NioByteUnsafe.read(AbstractNioByteChannel.java:163)
	io.netty.channel.nio.NioEventLoop.processSelectedKey(NioEventLoop.java:682)
	io.netty.channel.nio.NioEventLoop.processSelectedKeysOptimized(NioEventLoop.java:617)
	io.netty.channel.nio.NioEventLoop.processSelectedKeys(NioEventLoop.java:534)
	io.netty.channel.nio.NioEventLoop.run(NioEventLoop.java:496)
	io.netty.util.concurrent.SingleThreadEventExecutor$5.run(SingleThreadEventExecutor.java:906)
	io.netty.util.internal.ThreadExecutorMap$2.run(ThreadExecutorMap.java:74)
	io.netty.util.concurrent.FastThreadLocalRunnable.run(FastThreadLocalRunnable.java:30)
	java.lang.Thread.run(Thread.java:748)
Created at:
	io.netty.buffer.SimpleLeakAwareByteBuf.unwrappedDerived(SimpleLeakAwareByteBuf.java:143)
	io.netty.buffer.SimpleLeakAwareByteBuf.readRetainedSlice(SimpleLeakAwareByteBuf.java:67)
	io.netty.buffer.AdvancedLeakAwareByteBuf.readRetainedSlice(AdvancedLeakAwareByteBuf.java:107)
	io.netty.handler.codec.http.HttpObjectDecoder.decode(HttpObjectDecoder.java:336)
	io.netty.handler.codec.http.HttpServerCodec$HttpServerRequestDecoder.decode(HttpServerCodec.java:103)
	io.netty.handler.codec.ByteToMessageDecoder.decodeRemovalReentryProtection(ByteToMessageDecoder.java:502)
	io.netty.handler.codec.ByteToMessageDecoder.callDecode(ByteToMessageDecoder.java:441)
	io.netty.handler.codec.ByteToMessageDecoder.channelRead(ByteToMessageDecoder.java:278)
	io.netty.channel.CombinedChannelDuplexHandler.channelRead(CombinedChannelDuplexHandler.java:253)
	io.netty.channel.AbstractChannelHandlerContext.invokeChannelRead(AbstractChannelHandlerContext.java:374)
	io.netty.channel.AbstractChannelHandlerContext.invokeChannelRead(AbstractChannelHandlerContext.java:360)
	io.netty.channel.AbstractChannelHandlerContext.fireChannelRead(AbstractChannelHandlerContext.java:352)
	io.netty.channel.DefaultChannelPipeline$HeadContext.channelRead(DefaultChannelPipeline.java:1408)
	io.netty.channel.AbstractChannelHandlerContext.invokeChannelRead(AbstractChannelHandlerContext.java:374)
	io.netty.channel.AbstractChannelHandlerContext.invokeChannelRead(AbstractChannelHandlerContext.java:360)
	io.netty.channel.DefaultChannelPipeline.fireChannelRead(DefaultChannelPipeline.java:930)
	io.netty.channel.nio.AbstractNioByteChannel$NioByteUnsafe.read(AbstractNioByteChannel.java:163)
	io.netty.channel.nio.NioEventLoop.processSelectedKey(NioEventLoop.java:682)
	io.netty.channel.nio.NioEventLoop.processSelectedKeysOptimized(NioEventLoop.java:617)
	io.netty.channel.nio.NioEventLoop.processSelectedKeys(NioEventLoop.java:534)
	io.netty.channel.nio.NioEventLoop.run(NioEventLoop.java:496)
	io.netty.util.concurrent.SingleThreadEventExecutor$5.run(SingleThreadEventExecutor.java:906)
	io.netty.util.internal.ThreadExecutorMap$2.run(ThreadExecutorMap.java:74)
	io.netty.util.concurrent.FastThreadLocalRunnable.run(FastThreadLocalRunnable.java:30)
	java.lang.Thread.run(Thread.java:748)
: 6 leak records were discarded because they were duplicates
: 479 leak records were discarded because the leak record count is targeted to 4. Use system property io.netty.leakDetection.targetRecords to increase the limit.
22:42:59.938 [reactor-http-nio-14] ERROR i.n.u.ResourceLeakDetector - LEAK: ByteBuf.release() was not called before it's garbage-collected. See http://netty.io/wiki/reference-counted-objects.html for more information.
Recent access records: 
#1:
	org.springframework.core.io.buffer.NettyDataBuffer.release(NettyDataBuffer.java:308)
	org.springframework.core.io.buffer.DataBufferUtils.release(DataBufferUtils.java:498)
	org.springframework.http.codec.multipart.DefaultMultipartMessageReader.toPart(DefaultMultipartMessageReader.java:206)
	reactor.core.publisher.FluxMap$MapConditionalSubscriber.onNext(FluxMap.java:199)
	reactor.core.publisher.FluxTakeWhile$TakeWhileSubscriber.onNext(FluxTakeWhile.java:94)
	reactor.core.publisher.FluxContextStart$ContextStartSubscriber.onNext(FluxContextStart.java:103)
	reactor.core.publisher.FluxMap$MapConditionalSubscriber.onNext(FluxMap.java:213)
	reactor.core.publisher.FluxBufferPredicate$BufferPredicateSubscriber.emit(FluxBufferPredicate.java:290)
	reactor.core.publisher.FluxBufferPredicate$BufferPredicateSubscriber.onNextNewBuffer(FluxBufferPredicate.java:257)
	reactor.core.publisher.FluxBufferPredicate$BufferPredicateSubscriber.tryOnNext(FluxBufferPredicate.java:211)
	reactor.core.publisher.FluxBufferPredicate$BufferPredicateSubscriber.onNext(FluxBufferPredicate.java:184)
	reactor.core.publisher.FluxFlatMap$FlatMapMain.drainLoop(FluxFlatMap.java:664)
	reactor.core.publisher.FluxFlatMap$FlatMapMain.drain(FluxFlatMap.java:540)
	reactor.core.publisher.FluxFlatMap$FlatMapInner.onSubscribe(FluxFlatMap.java:924)
	reactor.core.publisher.FluxIterable.subscribe(FluxIterable.java:139)
	reactor.core.publisher.FluxIterable.subscribe(FluxIterable.java:63)
	reactor.core.publisher.Flux.subscribe(Flux.java:7922)
	reactor.core.publisher.FluxFlatMap$FlatMapMain.onNext(FluxFlatMap.java:389)
	reactor.core.publisher.FluxConcatMap$ConcatMapImmediate.innerNext(FluxConcatMap.java:275)
	reactor.core.publisher.FluxConcatMap$ConcatMapInner.onNext(FluxConcatMap.java:849)
	reactor.core.publisher.FluxConcatMap$WeakScalarSubscription.request(FluxConcatMap.java:470)
	reactor.core.publisher.Operators$MultiSubscriptionSubscriber.set(Operators.java:1939)
	reactor.core.publisher.FluxConcatMap$ConcatMapImmediate.drain(FluxConcatMap.java:436)
	reactor.core.publisher.FluxConcatMap$ConcatMapImmediate.onNext(FluxConcatMap.java:244)
	reactor.core.publisher.FluxMap$MapSubscriber.onNext(FluxMap.java:114)
	reactor.core.publisher.FluxPeek$PeekSubscriber.onNext(FluxPeek.java:192)
	reactor.core.publisher.FluxMap$MapSubscriber.onNext(FluxMap.java:114)
	reactor.netty.channel.FluxReceive.drainReceiver(FluxReceive.java:206)
	reactor.netty.channel.FluxReceive.onInboundNext(FluxReceive.java:322)
	reactor.netty.channel.ChannelOperations.onInboundNext(ChannelOperations.java:335)
	reactor.netty.http.server.HttpServerOperations.onInboundNext(HttpServerOperations.java:456)
	reactor.netty.channel.ChannelOperationsHandler.channelRead(ChannelOperationsHandler.java:91)
	io.netty.channel.AbstractChannelHandlerContext.invokeChannelRead(AbstractChannelHandlerContext.java:374)
	io.netty.channel.AbstractChannelHandlerContext.invokeChannelRead(AbstractChannelHandlerContext.java:360)
	io.netty.channel.AbstractChannelHandlerContext.fireChannelRead(AbstractChannelHandlerContext.java:352)
	reactor.netty.http.server.HttpTrafficHandler.channelRead(HttpTrafficHandler.java:190)
	io.netty.channel.AbstractChannelHandlerContext.invokeChannelRead(AbstractChannelHandlerContext.java:374)
	io.netty.channel.AbstractChannelHandlerContext.invokeChannelRead(AbstractChannelHandlerContext.java:360)
	io.netty.channel.AbstractChannelHandlerContext.fireChannelRead(AbstractChannelHandlerContext.java:352)
	io.netty.channel.CombinedChannelDuplexHandler$DelegatingChannelHandlerContext.fireChannelRead(CombinedChannelDuplexHandler.java:438)
	io.netty.handler.codec.ByteToMessageDecoder.fireChannelRead(ByteToMessageDecoder.java:323)
	io.netty.handler.codec.ByteToMessageDecoder.fireChannelRead(ByteToMessageDecoder.java:310)
	io.netty.handler.codec.ByteToMessageDecoder.callDecode(ByteToMessageDecoder.java:426)
	io.netty.handler.codec.ByteToMessageDecoder.channelRead(ByteToMessageDecoder.java:278)
	io.netty.channel.CombinedChannelDuplexHandler.channelRead(CombinedChannelDuplexHandler.java:253)
	io.netty.channel.AbstractChannelHandlerContext.invokeChannelRead(AbstractChannelHandlerContext.java:374)
	io.netty.channel.AbstractChannelHandlerContext.invokeChannelRead(AbstractChannelHandlerContext.java:360)
	io.netty.channel.AbstractChannelHandlerContext.fireChannelRead(AbstractChannelHandlerContext.java:352)
	io.netty.channel.DefaultChannelPipeline$HeadContext.channelRead(DefaultChannelPipeline.java:1408)
	io.netty.channel.AbstractChannelHandlerContext.invokeChannelRead(AbstractChannelHandlerContext.java:374)
	io.netty.channel.AbstractChannelHandlerContext.invokeChannelRead(AbstractChannelHandlerContext.java:360)
	io.netty.channel.DefaultChannelPipeline.fireChannelRead(DefaultChannelPipeline.java:930)
	io.netty.channel.nio.AbstractNioByteChannel$NioByteUnsafe.read(AbstractNioByteChannel.java:163)
	io.netty.channel.nio.NioEventLoop.processSelectedKey(NioEventLoop.java:682)
	io.netty.channel.nio.NioEventLoop.processSelectedKeysOptimized(NioEventLoop.java:617)
	io.netty.channel.nio.NioEventLoop.processSelectedKeys(NioEventLoop.java:534)
	io.netty.channel.nio.NioEventLoop.run(NioEventLoop.java:496)
	io.netty.util.concurrent.SingleThreadEventExecutor$5.run(SingleThreadEventExecutor.java:906)
	io.netty.util.internal.ThreadExecutorMap$2.run(ThreadExecutorMap.java:74)
	io.netty.util.concurrent.FastThreadLocalRunnable.run(FastThreadLocalRunnable.java:30)
	java.lang.Thread.run(Thread.java:748)
#2:
	io.netty.buffer.AdvancedLeakAwareCompositeByteBuf.getByte(AdvancedLeakAwareCompositeByteBuf.java:140)
	org.springframework.core.io.buffer.NettyDataBuffer.getByte(NettyDataBuffer.java:132)
	org.springframework.core.io.buffer.DataBufferUtils$KnuthMorrisPrattMatcher.match(DataBufferUtils.java:1005)
	org.springframework.http.codec.multipart.DefaultMultipartMessageReader.toPart(DefaultMultipartMessageReader.java:184)
	reactor.core.publisher.FluxMap$MapConditionalSubscriber.onNext(FluxMap.java:199)
	reactor.core.publisher.FluxTakeWhile$TakeWhileSubscriber.onNext(FluxTakeWhile.java:94)
	reactor.core.publisher.FluxContextStart$ContextStartSubscriber.onNext(FluxContextStart.java:103)
	reactor.core.publisher.FluxMap$MapConditionalSubscriber.onNext(FluxMap.java:213)
	reactor.core.publisher.FluxBufferPredicate$BufferPredicateSubscriber.emit(FluxBufferPredicate.java:290)
	reactor.core.publisher.FluxBufferPredicate$BufferPredicateSubscriber.onNextNewBuffer(FluxBufferPredicate.java:257)
	reactor.core.publisher.FluxBufferPredicate$BufferPredicateSubscriber.tryOnNext(FluxBufferPredicate.java:211)
	reactor.core.publisher.FluxBufferPredicate$BufferPredicateSubscriber.onNext(FluxBufferPredicate.java:184)
	reactor.core.publisher.FluxFlatMap$FlatMapMain.drainLoop(FluxFlatMap.java:664)
	reactor.core.publisher.FluxFlatMap$FlatMapMain.drain(FluxFlatMap.java:540)
	reactor.core.publisher.FluxFlatMap$FlatMapInner.onSubscribe(FluxFlatMap.java:924)
	reactor.core.publisher.FluxIterable.subscribe(FluxIterable.java:139)
	reactor.core.publisher.FluxIterable.subscribe(FluxIterable.java:63)
	reactor.core.publisher.Flux.subscribe(Flux.java:7922)
	reactor.core.publisher.FluxFlatMap$FlatMapMain.onNext(FluxFlatMap.java:389)
	reactor.core.publisher.FluxConcatMap$ConcatMapImmediate.innerNext(FluxConcatMap.java:275)
	reactor.core.publisher.FluxConcatMap$ConcatMapInner.onNext(FluxConcatMap.java:849)
	reactor.core.publisher.FluxConcatMap$WeakScalarSubscription.request(FluxConcatMap.java:470)
	reactor.core.publisher.Operators$MultiSubscriptionSubscriber.set(Operators.java:1939)
	reactor.core.publisher.FluxConcatMap$ConcatMapImmediate.drain(FluxConcatMap.java:436)
	reactor.core.publisher.FluxConcatMap$ConcatMapImmediate.onNext(FluxConcatMap.java:244)
	reactor.core.publisher.FluxMap$MapSubscriber.onNext(FluxMap.java:114)
	reactor.core.publisher.FluxPeek$PeekSubscriber.onNext(FluxPeek.java:192)
	reactor.core.publisher.FluxMap$MapSubscriber.onNext(FluxMap.java:114)
	reactor.netty.channel.FluxReceive.drainReceiver(FluxReceive.java:206)
	reactor.netty.channel.FluxReceive.onInboundNext(FluxReceive.java:322)
	reactor.netty.channel.ChannelOperations.onInboundNext(ChannelOperations.java:335)
	reactor.netty.http.server.HttpServerOperations.onInboundNext(HttpServerOperations.java:456)
	reactor.netty.channel.ChannelOperationsHandler.channelRead(ChannelOperationsHandler.java:91)
	io.netty.channel.AbstractChannelHandlerContext.invokeChannelRead(AbstractChannelHandlerContext.java:374)
	io.netty.channel.AbstractChannelHandlerContext.invokeChannelRead(AbstractChannelHandlerContext.java:360)
	io.netty.channel.AbstractChannelHandlerContext.fireChannelRead(AbstractChannelHandlerContext.java:352)
	reactor.netty.http.server.HttpTrafficHandler.channelRead(HttpTrafficHandler.java:190)
	io.netty.channel.AbstractChannelHandlerContext.invokeChannelRead(AbstractChannelHandlerContext.java:374)
	io.netty.channel.AbstractChannelHandlerContext.invokeChannelRead(AbstractChannelHandlerContext.java:360)
	io.netty.channel.AbstractChannelHandlerContext.fireChannelRead(AbstractChannelHandlerContext.java:352)
	io.netty.channel.CombinedChannelDuplexHandler$DelegatingChannelHandlerContext.fireChannelRead(CombinedChannelDuplexHandler.java:438)
	io.netty.handler.codec.ByteToMessageDecoder.fireChannelRead(ByteToMessageDecoder.java:323)
	io.netty.handler.codec.ByteToMessageDecoder.fireChannelRead(ByteToMessageDecoder.java:310)
	io.netty.handler.codec.ByteToMessageDecoder.callDecode(ByteToMessageDecoder.java:426)
	io.netty.handler.codec.ByteToMessageDecoder.channelRead(ByteToMessageDecoder.java:278)
	io.netty.channel.CombinedChannelDuplexHandler.channelRead(CombinedChannelDuplexHandler.java:253)
	io.netty.channel.AbstractChannelHandlerContext.invokeChannelRead(AbstractChannelHandlerContext.java:374)
	io.netty.channel.AbstractChannelHandlerContext.invokeChannelRead(AbstractChannelHandlerContext.java:360)
	io.netty.channel.AbstractChannelHandlerContext.fireChannelRead(AbstractChannelHandlerContext.java:352)
	io.netty.channel.DefaultChannelPipeline$HeadContext.channelRead(DefaultChannelPipeline.java:1408)
	io.netty.channel.AbstractChannelHandlerContext.invokeChannelRead(AbstractChannelHandlerContext.java:374)
	io.netty.channel.AbstractChannelHandlerContext.invokeChannelRead(AbstractChannelHandlerContext.java:360)
	io.netty.channel.DefaultChannelPipeline.fireChannelRead(DefaultChannelPipeline.java:930)
	io.netty.channel.nio.AbstractNioByteChannel$NioByteUnsafe.read(AbstractNioByteChannel.java:163)
	io.netty.channel.nio.NioEventLoop.processSelectedKey(NioEventLoop.java:682)
	io.netty.channel.nio.NioEventLoop.processSelectedKeysOptimized(NioEventLoop.java:617)
	io.netty.channel.nio.NioEventLoop.processSelectedKeys(NioEventLoop.java:534)
	io.netty.channel.nio.NioEventLoop.run(NioEventLoop.java:496)
	io.netty.util.concurrent.SingleThreadEventExecutor$5.run(SingleThreadEventExecutor.java:906)
	io.netty.util.internal.ThreadExecutorMap$2.run(ThreadExecutorMap.java:74)
	io.netty.util.concurrent.FastThreadLocalRunnable.run(FastThreadLocalRunnable.java:30)
	java.lang.Thread.run(Thread.java:748)
#3:
	io.netty.buffer.AdvancedLeakAwareCompositeByteBuf.getByte(AdvancedLeakAwareCompositeByteBuf.java:140)
	org.springframework.core.io.buffer.NettyDataBuffer.getByte(NettyDataBuffer.java:132)
	org.springframework.http.codec.multipart.DefaultMultipartMessageReader.toPart(DefaultMultipartMessageReader.java:179)
	reactor.core.publisher.FluxMap$MapConditionalSubscriber.onNext(FluxMap.java:199)
	reactor.core.publisher.FluxTakeWhile$TakeWhileSubscriber.onNext(FluxTakeWhile.java:94)
	reactor.core.publisher.FluxContextStart$ContextStartSubscriber.onNext(FluxContextStart.java:103)
	reactor.core.publisher.FluxMap$MapConditionalSubscriber.onNext(FluxMap.java:213)
	reactor.core.publisher.FluxBufferPredicate$BufferPredicateSubscriber.emit(FluxBufferPredicate.java:290)
	reactor.core.publisher.FluxBufferPredicate$BufferPredicateSubscriber.onNextNewBuffer(FluxBufferPredicate.java:257)
	reactor.core.publisher.FluxBufferPredicate$BufferPredicateSubscriber.tryOnNext(FluxBufferPredicate.java:211)
	reactor.core.publisher.FluxBufferPredicate$BufferPredicateSubscriber.onNext(FluxBufferPredicate.java:184)
	reactor.core.publisher.FluxFlatMap$FlatMapMain.drainLoop(FluxFlatMap.java:664)
	reactor.core.publisher.FluxFlatMap$FlatMapMain.drain(FluxFlatMap.java:540)
	reactor.core.publisher.FluxFlatMap$FlatMapInner.onSubscribe(FluxFlatMap.java:924)
	reactor.core.publisher.FluxIterable.subscribe(FluxIterable.java:139)
	reactor.core.publisher.FluxIterable.subscribe(FluxIterable.java:63)
	reactor.core.publisher.Flux.subscribe(Flux.java:7922)
	reactor.core.publisher.FluxFlatMap$FlatMapMain.onNext(FluxFlatMap.java:389)
	reactor.core.publisher.FluxConcatMap$ConcatMapImmediate.innerNext(FluxConcatMap.java:275)
	reactor.core.publisher.FluxConcatMap$ConcatMapInner.onNext(FluxConcatMap.java:849)
	reactor.core.publisher.FluxConcatMap$WeakScalarSubscription.request(FluxConcatMap.java:470)
	reactor.core.publisher.Operators$MultiSubscriptionSubscriber.set(Operators.java:1939)
	reactor.core.publisher.FluxConcatMap$ConcatMapImmediate.drain(FluxConcatMap.java:436)
	reactor.core.publisher.FluxConcatMap$ConcatMapImmediate.onNext(FluxConcatMap.java:244)
	reactor.core.publisher.FluxMap$MapSubscriber.onNext(FluxMap.java:114)
	reactor.core.publisher.FluxPeek$PeekSubscriber.onNext(FluxPeek.java:192)
	reactor.core.publisher.FluxMap$MapSubscriber.onNext(FluxMap.java:114)
	reactor.netty.channel.FluxReceive.drainReceiver(FluxReceive.java:206)
	reactor.netty.channel.FluxReceive.onInboundNext(FluxReceive.java:322)
	reactor.netty.channel.ChannelOperations.onInboundNext(ChannelOperations.java:335)
	reactor.netty.http.server.HttpServerOperations.onInboundNext(HttpServerOperations.java:456)
	reactor.netty.channel.ChannelOperationsHandler.channelRead(ChannelOperationsHandler.java:91)
	io.netty.channel.AbstractChannelHandlerContext.invokeChannelRead(AbstractChannelHandlerContext.java:374)
	io.netty.channel.AbstractChannelHandlerContext.invokeChannelRead(AbstractChannelHandlerContext.java:360)
	io.netty.channel.AbstractChannelHandlerContext.fireChannelRead(AbstractChannelHandlerContext.java:352)
	reactor.netty.http.server.HttpTrafficHandler.channelRead(HttpTrafficHandler.java:190)
	io.netty.channel.AbstractChannelHandlerContext.invokeChannelRead(AbstractChannelHandlerContext.java:374)
	io.netty.channel.AbstractChannelHandlerContext.invokeChannelRead(AbstractChannelHandlerContext.java:360)
	io.netty.channel.AbstractChannelHandlerContext.fireChannelRead(AbstractChannelHandlerContext.java:352)
	io.netty.channel.CombinedChannelDuplexHandler$DelegatingChannelHandlerContext.fireChannelRead(CombinedChannelDuplexHandler.java:438)
	io.netty.handler.codec.ByteToMessageDecoder.fireChannelRead(ByteToMessageDecoder.java:323)
	io.netty.handler.codec.ByteToMessageDecoder.fireChannelRead(ByteToMessageDecoder.java:310)
	io.netty.handler.codec.ByteToMessageDecoder.callDecode(ByteToMessageDecoder.java:426)
	io.netty.handler.codec.ByteToMessageDecoder.channelRead(ByteToMessageDecoder.java:278)
	io.netty.channel.CombinedChannelDuplexHandler.channelRead(CombinedChannelDuplexHandler.java:253)
	io.netty.channel.AbstractChannelHandlerContext.invokeChannelRead(AbstractChannelHandlerContext.java:374)
	io.netty.channel.AbstractChannelHandlerContext.invokeChannelRead(AbstractChannelHandlerContext.java:360)
	io.netty.channel.AbstractChannelHandlerContext.fireChannelRead(AbstractChannelHandlerContext.java:352)
	io.netty.channel.DefaultChannelPipeline$HeadContext.channelRead(DefaultChannelPipeline.java:1408)
	io.netty.channel.AbstractChannelHandlerContext.invokeChannelRead(AbstractChannelHandlerContext.java:374)
	io.netty.channel.AbstractChannelHandlerContext.invokeChannelRead(AbstractChannelHandlerContext.java:360)
	io.netty.channel.DefaultChannelPipeline.fireChannelRead(DefaultChannelPipeline.java:930)
	io.netty.channel.nio.AbstractNioByteChannel$NioByteUnsafe.read(AbstractNioByteChannel.java:163)
	io.netty.channel.nio.NioEventLoop.processSelectedKey(NioEventLoop.java:682)
	io.netty.channel.nio.NioEventLoop.processSelectedKeysOptimized(NioEventLoop.java:617)
	io.netty.channel.nio.NioEventLoop.processSelectedKeys(NioEventLoop.java:534)
	io.netty.channel.nio.NioEventLoop.run(NioEventLoop.java:496)
	io.netty.util.concurrent.SingleThreadEventExecutor$5.run(SingleThreadEventExecutor.java:906)
	io.netty.util.internal.ThreadExecutorMap$2.run(ThreadExecutorMap.java:74)
	io.netty.util.concurrent.FastThreadLocalRunnable.run(FastThreadLocalRunnable.java:30)
	java.lang.Thread.run(Thread.java:748)
#4:
	io.netty.buffer.AdvancedLeakAwareCompositeByteBuf.addComponent(AdvancedLeakAwareCompositeByteBuf.java:920)
	org.springframework.core.io.buffer.NettyDataBufferFactory.join(NettyDataBufferFactory.java:111)
	org.springframework.core.io.buffer.DataBufferUtils.joinAndStrip(DataBufferUtils.java:686)
	org.springframework.core.io.buffer.DataBufferUtils.lambda$split$20(DataBufferUtils.java:605)
	reactor.core.publisher.FluxMap$MapConditionalSubscriber.onNext(FluxMap.java:199)
	reactor.core.publisher.FluxBufferPredicate$BufferPredicateSubscriber.emit(FluxBufferPredicate.java:290)
	reactor.core.publisher.FluxBufferPredicate$BufferPredicateSubscriber.onNextNewBuffer(FluxBufferPredicate.java:257)
	reactor.core.publisher.FluxBufferPredicate$BufferPredicateSubscriber.tryOnNext(FluxBufferPredicate.java:211)
	reactor.core.publisher.FluxBufferPredicate$BufferPredicateSubscriber.onNext(FluxBufferPredicate.java:184)
	reactor.core.publisher.FluxFlatMap$FlatMapMain.drainLoop(FluxFlatMap.java:664)
	reactor.core.publisher.FluxFlatMap$FlatMapMain.drain(FluxFlatMap.java:540)
	reactor.core.publisher.FluxFlatMap$FlatMapInner.onSubscribe(FluxFlatMap.java:924)
	reactor.core.publisher.FluxIterable.subscribe(FluxIterable.java:139)
	reactor.core.publisher.FluxIterable.subscribe(FluxIterable.java:63)
	reactor.core.publisher.Flux.subscribe(Flux.java:7922)
	reactor.core.publisher.FluxFlatMap$FlatMapMain.onNext(FluxFlatMap.java:389)
	reactor.core.publisher.FluxConcatMap$ConcatMapImmediate.innerNext(FluxConcatMap.java:275)
	reactor.core.publisher.FluxConcatMap$ConcatMapInner.onNext(FluxConcatMap.java:849)
	reactor.core.publisher.FluxConcatMap$WeakScalarSubscription.request(FluxConcatMap.java:470)
	reactor.core.publisher.Operators$MultiSubscriptionSubscriber.set(Operators.java:1939)
	reactor.core.publisher.FluxConcatMap$ConcatMapImmediate.drain(FluxConcatMap.java:436)
	reactor.core.publisher.FluxConcatMap$ConcatMapImmediate.onNext(FluxConcatMap.java:244)
	reactor.core.publisher.FluxMap$MapSubscriber.onNext(FluxMap.java:114)
	reactor.core.publisher.FluxPeek$PeekSubscriber.onNext(FluxPeek.java:192)
	reactor.core.publisher.FluxMap$MapSubscriber.onNext(FluxMap.java:114)
	reactor.netty.channel.FluxReceive.drainReceiver(FluxReceive.java:206)
	reactor.netty.channel.FluxReceive.onInboundNext(FluxReceive.java:322)
	reactor.netty.channel.ChannelOperations.onInboundNext(ChannelOperations.java:335)
	reactor.netty.http.server.HttpServerOperations.onInboundNext(HttpServerOperations.java:456)
	reactor.netty.channel.ChannelOperationsHandler.channelRead(ChannelOperationsHandler.java:91)
	io.netty.channel.AbstractChannelHandlerContext.invokeChannelRead(AbstractChannelHandlerContext.java:374)
	io.netty.channel.AbstractChannelHandlerContext.invokeChannelRead(AbstractChannelHandlerContext.java:360)
	io.netty.channel.AbstractChannelHandlerContext.fireChannelRead(AbstractChannelHandlerContext.java:352)
	reactor.netty.http.server.HttpTrafficHandler.channelRead(HttpTrafficHandler.java:190)
	io.netty.channel.AbstractChannelHandlerContext.invokeChannelRead(AbstractChannelHandlerContext.java:374)
	io.netty.channel.AbstractChannelHandlerContext.invokeChannelRead(AbstractChannelHandlerContext.java:360)
	io.netty.channel.AbstractChannelHandlerContext.fireChannelRead(AbstractChannelHandlerContext.java:352)
	io.netty.channel.CombinedChannelDuplexHandler$DelegatingChannelHandlerContext.fireChannelRead(CombinedChannelDuplexHandler.java:438)
	io.netty.handler.codec.ByteToMessageDecoder.fireChannelRead(ByteToMessageDecoder.java:323)
	io.netty.handler.codec.ByteToMessageDecoder.fireChannelRead(ByteToMessageDecoder.java:310)
	io.netty.handler.codec.ByteToMessageDecoder.callDecode(ByteToMessageDecoder.java:426)
	io.netty.handler.codec.ByteToMessageDecoder.channelRead(ByteToMessageDecoder.java:278)
	io.netty.channel.CombinedChannelDuplexHandler.channelRead(CombinedChannelDuplexHandler.java:253)
	io.netty.channel.AbstractChannelHandlerContext.invokeChannelRead(AbstractChannelHandlerContext.java:374)
	io.netty.channel.AbstractChannelHandlerContext.invokeChannelRead(AbstractChannelHandlerContext.java:360)
	io.netty.channel.AbstractChannelHandlerContext.fireChannelRead(AbstractChannelHandlerContext.java:352)
	io.netty.channel.DefaultChannelPipeline$HeadContext.channelRead(DefaultChannelPipeline.java:1408)
	io.netty.channel.AbstractChannelHandlerContext.invokeChannelRead(AbstractChannelHandlerContext.java:374)
	io.netty.channel.AbstractChannelHandlerContext.invokeChannelRead(AbstractChannelHandlerContext.java:360)
	io.netty.channel.DefaultChannelPipeline.fireChannelRead(DefaultChannelPipeline.java:930)
	io.netty.channel.nio.AbstractNioByteChannel$NioByteUnsafe.read(AbstractNioByteChannel.java:163)
	io.netty.channel.nio.NioEventLoop.processSelectedKey(NioEventLoop.java:682)
	io.netty.channel.nio.NioEventLoop.processSelectedKeysOptimized(NioEventLoop.java:617)
	io.netty.channel.nio.NioEventLoop.processSelectedKeys(NioEventLoop.java:534)
	io.netty.channel.nio.NioEventLoop.run(NioEventLoop.java:496)
	io.netty.util.concurrent.SingleThreadEventExecutor$5.run(SingleThreadEventExecutor.java:906)
	io.netty.util.internal.ThreadExecutorMap$2.run(ThreadExecutorMap.java:74)
	io.netty.util.concurrent.FastThreadLocalRunnable.run(FastThreadLocalRunnable.java:30)
	java.lang.Thread.run(Thread.java:748)
Created at:
	io.netty.buffer.AbstractByteBufAllocator.compositeDirectBuffer(AbstractByteBufAllocator.java:223)
	io.netty.buffer.AbstractByteBufAllocator.compositeBuffer(AbstractByteBufAllocator.java:201)
	org.springframework.core.io.buffer.NettyDataBufferFactory.join(NettyDataBufferFactory.java:108)
	org.springframework.core.io.buffer.DataBufferUtils.joinAndStrip(DataBufferUtils.java:686)
	org.springframework.core.io.buffer.DataBufferUtils.lambda$split$20(DataBufferUtils.java:605)
	reactor.core.publisher.FluxMap$MapConditionalSubscriber.onNext(FluxMap.java:199)
	reactor.core.publisher.FluxBufferPredicate$BufferPredicateSubscriber.emit(FluxBufferPredicate.java:290)
	reactor.core.publisher.FluxBufferPredicate$BufferPredicateSubscriber.onNextNewBuffer(FluxBufferPredicate.java:257)
	reactor.core.publisher.FluxBufferPredicate$BufferPredicateSubscriber.tryOnNext(FluxBufferPredicate.java:211)
	reactor.core.publisher.FluxBufferPredicate$BufferPredicateSubscriber.onNext(FluxBufferPredicate.java:184)
	reactor.core.publisher.FluxFlatMap$FlatMapMain.drainLoop(FluxFlatMap.java:664)
	reactor.core.publisher.FluxFlatMap$FlatMapMain.drain(FluxFlatMap.java:540)
	reactor.core.publisher.FluxFlatMap$FlatMapInner.onSubscribe(FluxFlatMap.java:924)
	reactor.core.publisher.FluxIterable.subscribe(FluxIterable.java:139)
	reactor.core.publisher.FluxIterable.subscribe(FluxIterable.java:63)
	reactor.core.publisher.Flux.subscribe(Flux.java:7922)
	reactor.core.publisher.FluxFlatMap$FlatMapMain.onNext(FluxFlatMap.java:389)
	reactor.core.publisher.FluxConcatMap$ConcatMapImmediate.innerNext(FluxConcatMap.java:275)
	reactor.core.publisher.FluxConcatMap$ConcatMapInner.onNext(FluxConcatMap.java:849)
	reactor.core.publisher.FluxConcatMap$WeakScalarSubscription.request(FluxConcatMap.java:470)
	reactor.core.publisher.Operators$MultiSubscriptionSubscriber.set(Operators.java:1939)
	reactor.core.publisher.FluxConcatMap$ConcatMapImmediate.drain(FluxConcatMap.java:436)
	reactor.core.publisher.FluxConcatMap$ConcatMapImmediate.onNext(FluxConcatMap.java:244)
	reactor.core.publisher.FluxMap$MapSubscriber.onNext(FluxMap.java:114)
	reactor.core.publisher.FluxPeek$PeekSubscriber.onNext(FluxPeek.java:192)
	reactor.core.publisher.FluxMap$MapSubscriber.onNext(FluxMap.java:114)
	reactor.netty.channel.FluxReceive.drainReceiver(FluxReceive.java:206)
	reactor.netty.channel.FluxReceive.onInboundNext(FluxReceive.java:322)
	reactor.netty.channel.ChannelOperations.onInboundNext(ChannelOperations.java:335)
	reactor.netty.http.server.HttpServerOperations.onInboundNext(HttpServerOperations.java:456)
	reactor.netty.channel.ChannelOperationsHandler.channelRead(ChannelOperationsHandler.java:91)
	io.netty.channel.AbstractChannelHandlerContext.invokeChannelRead(AbstractChannelHandlerContext.java:374)
	io.netty.channel.AbstractChannelHandlerContext.invokeChannelRead(AbstractChannelHandlerContext.java:360)
	io.netty.channel.AbstractChannelHandlerContext.fireChannelRead(AbstractChannelHandlerContext.java:352)
	reactor.netty.http.server.HttpTrafficHandler.channelRead(HttpTrafficHandler.java:190)
	io.netty.channel.AbstractChannelHandlerContext.invokeChannelRead(AbstractChannelHandlerContext.java:374)
	io.netty.channel.AbstractChannelHandlerContext.invokeChannelRead(AbstractChannelHandlerContext.java:360)
	io.netty.channel.AbstractChannelHandlerContext.fireChannelRead(AbstractChannelHandlerContext.java:352)
	io.netty.channel.CombinedChannelDuplexHandler$DelegatingChannelHandlerContext.fireChannelRead(CombinedChannelDuplexHandler.java:438)
	io.netty.handler.codec.ByteToMessageDecoder.fireChannelRead(ByteToMessageDecoder.java:323)
	io.netty.handler.codec.ByteToMessageDecoder.fireChannelRead(ByteToMessageDecoder.java:310)
	io.netty.handler.codec.ByteToMessageDecoder.callDecode(ByteToMessageDecoder.java:426)
	io.netty.handler.codec.ByteToMessageDecoder.channelRead(ByteToMessageDecoder.java:278)
	io.netty.channel.CombinedChannelDuplexHandler.channelRead(CombinedChannelDuplexHandler.java:253)
	io.netty.channel.AbstractChannelHandlerContext.invokeChannelRead(AbstractChannelHandlerContext.java:374)
	io.netty.channel.AbstractChannelHandlerContext.invokeChannelRead(AbstractChannelHandlerContext.java:360)
	io.netty.channel.AbstractChannelHandlerContext.fireChannelRead(AbstractChannelHandlerContext.java:352)
	io.netty.channel.DefaultChannelPipeline$HeadContext.channelRead(DefaultChannelPipeline.java:1408)
	io.netty.channel.AbstractChannelHandlerContext.invokeChannelRead(AbstractChannelHandlerContext.java:374)
	io.netty.channel.AbstractChannelHandlerContext.invokeChannelRead(AbstractChannelHandlerContext.java:360)
	io.netty.channel.DefaultChannelPipeline.fireChannelRead(DefaultChannelPipeline.java:930)
	io.netty.channel.nio.AbstractNioByteChannel$NioByteUnsafe.read(AbstractNioByteChannel.java:163)
	io.netty.channel.nio.NioEventLoop.processSelectedKey(NioEventLoop.java:682)
	io.netty.channel.nio.NioEventLoop.processSelectedKeysOptimized(NioEventLoop.java:617)
	io.netty.channel.nio.NioEventLoop.processSelectedKeys(NioEventLoop.java:534)
	io.netty.channel.nio.NioEventLoop.run(NioEventLoop.java:496)
	io.netty.util.concurrent.SingleThreadEventExecutor$5.run(SingleThreadEventExecutor.java:906)
	io.netty.util.internal.ThreadExecutorMap$2.run(ThreadExecutorMap.java:74)
	io.netty.util.concurrent.FastThreadLocalRunnable.run(FastThreadLocalRunnable.java:30)
	java.lang.Thread.run(Thread.java:748)
: 5 leak records were discarded because they were duplicates
: 107 leak records were discarded because the leak record count is targeted to 4. Use system property io.netty.leakDetection.targetRecords to increase the limit.
22:42:59.940 [reactor-http-nio-14] ERROR i.n.u.ResourceLeakDetector - LEAK: ByteBuf.release() was not called before it's garbage-collected. See http://netty.io/wiki/reference-counted-objects.html for more information.
Recent access records: 
#1:
	org.springframework.core.io.buffer.NettyDataBuffer.release(NettyDataBuffer.java:308)
	org.springframework.core.io.buffer.DataBufferUtils.release(DataBufferUtils.java:498)
	org.springframework.http.codec.multipart.DefaultMultipartMessageReader.notLastBoundary(DefaultMultipartMessageReader.java:164)
	reactor.core.publisher.FluxTakeWhile$TakeWhileSubscriber.onNext(FluxTakeWhile.java:79)
	reactor.core.publisher.FluxContextStart$ContextStartSubscriber.onNext(FluxContextStart.java:103)
	reactor.core.publisher.FluxMap$MapConditionalSubscriber.onNext(FluxMap.java:213)
	reactor.core.publisher.DrainUtils.postCompleteDrain(DrainUtils.java:135)
	reactor.core.publisher.DrainUtils.postComplete(DrainUtils.java:186)
	reactor.core.publisher.FluxBufferPredicate$BufferPredicateSubscriber.onComplete(FluxBufferPredicate.java:285)
	reactor.core.publisher.FluxFlatMap$FlatMapMain.checkTerminated(FluxFlatMap.java:794)
	reactor.core.publisher.FluxFlatMap$FlatMapMain.drainLoop(FluxFlatMap.java:560)
	reactor.core.publisher.FluxFlatMap$FlatMapMain.drain(FluxFlatMap.java:540)
	reactor.core.publisher.FluxFlatMap$FlatMapMain.onComplete(FluxFlatMap.java:426)
	reactor.core.publisher.FluxConcatMap$ConcatMapImmediate.drain(FluxConcatMap.java:360)
	reactor.core.publisher.FluxConcatMap$ConcatMapImmediate.onComplete(FluxConcatMap.java:269)
	reactor.core.publisher.FluxMap$MapSubscriber.onComplete(FluxMap.java:136)
	reactor.core.publisher.FluxPeek$PeekSubscriber.onComplete(FluxPeek.java:252)
	reactor.core.publisher.FluxMap$MapSubscriber.onComplete(FluxMap.java:136)
	reactor.netty.channel.FluxReceive.terminateReceiver(FluxReceive.java:390)
	reactor.netty.channel.FluxReceive.drainReceiver(FluxReceive.java:197)
	reactor.netty.channel.FluxReceive.onInboundComplete(FluxReceive.java:338)
	reactor.netty.channel.ChannelOperations.onInboundComplete(ChannelOperations.java:350)
	reactor.netty.http.server.HttpServerOperations.onInboundNext(HttpServerOperations.java:459)
	reactor.netty.channel.ChannelOperationsHandler.channelRead(ChannelOperationsHandler.java:91)
	io.netty.channel.AbstractChannelHandlerContext.invokeChannelRead(AbstractChannelHandlerContext.java:374)
	io.netty.channel.AbstractChannelHandlerContext.invokeChannelRead(AbstractChannelHandlerContext.java:360)
	io.netty.channel.AbstractChannelHandlerContext.fireChannelRead(AbstractChannelHandlerContext.java:352)
	reactor.netty.http.server.HttpTrafficHandler.channelRead(HttpTrafficHandler.java:190)
	io.netty.channel.AbstractChannelHandlerContext.invokeChannelRead(AbstractChannelHandlerContext.java:374)
	io.netty.channel.AbstractChannelHandlerContext.invokeChannelRead(AbstractChannelHandlerContext.java:360)
	io.netty.channel.AbstractChannelHandlerContext.fireChannelRead(AbstractChannelHandlerContext.java:352)
	io.netty.channel.CombinedChannelDuplexHandler$DelegatingChannelHandlerContext.fireChannelRead(CombinedChannelDuplexHandler.java:438)
	io.netty.handler.codec.ByteToMessageDecoder.fireChannelRead(ByteToMessageDecoder.java:323)
	io.netty.handler.codec.ByteToMessageDecoder.channelRead(ByteToMessageDecoder.java:297)
	io.netty.channel.CombinedChannelDuplexHandler.channelRead(CombinedChannelDuplexHandler.java:253)
	io.netty.channel.AbstractChannelHandlerContext.invokeChannelRead(AbstractChannelHandlerContext.java:374)
	io.netty.channel.AbstractChannelHandlerContext.invokeChannelRead(AbstractChannelHandlerContext.java:360)
	io.netty.channel.AbstractChannelHandlerContext.fireChannelRead(AbstractChannelHandlerContext.java:352)
	io.netty.channel.DefaultChannelPipeline$HeadContext.channelRead(DefaultChannelPipeline.java:1408)
	io.netty.channel.AbstractChannelHandlerContext.invokeChannelRead(AbstractChannelHandlerContext.java:374)
	io.netty.channel.AbstractChannelHandlerContext.invokeChannelRead(AbstractChannelHandlerContext.java:360)
	io.netty.channel.DefaultChannelPipeline.fireChannelRead(DefaultChannelPipeline.java:930)
	io.netty.channel.nio.AbstractNioByteChannel$NioByteUnsafe.read(AbstractNioByteChannel.java:163)
	io.netty.channel.nio.NioEventLoop.processSelectedKey(NioEventLoop.java:682)
	io.netty.channel.nio.NioEventLoop.processSelectedKeysOptimized(NioEventLoop.java:617)
	io.netty.channel.nio.NioEventLoop.processSelectedKeys(NioEventLoop.java:534)
	io.netty.channel.nio.NioEventLoop.run(NioEventLoop.java:496)
	io.netty.util.concurrent.SingleThreadEventExecutor$5.run(SingleThreadEventExecutor.java:906)
	io.netty.util.internal.ThreadExecutorMap$2.run(ThreadExecutorMap.java:74)
	io.netty.util.concurrent.FastThreadLocalRunnable.run(FastThreadLocalRunnable.java:30)
	java.lang.Thread.run(Thread.java:748)
#2:
	io.netty.buffer.AdvancedLeakAwareByteBuf.retainedSlice(AdvancedLeakAwareByteBuf.java:94)
	org.springframework.core.io.buffer.NettyDataBuffer.retainedSlice(NettyDataBuffer.java:267)
	org.springframework.core.io.buffer.NettyDataBuffer.retainedSlice(NettyDataBuffer.java:43)
	org.springframework.core.io.buffer.DataBufferUtils.endFrameAfterDelimiter(DataBufferUtils.java:645)
	org.springframework.core.io.buffer.DataBufferUtils.lambda$split$18(DataBufferUtils.java:603)
	reactor.core.publisher.FluxFlatMap$FlatMapMain.onNext(FluxFlatMap.java:350)
	reactor.core.publisher.FluxConcatMap$ConcatMapImmediate.innerNext(FluxConcatMap.java:275)
	reactor.core.publisher.FluxConcatMap$ConcatMapInner.onNext(FluxConcatMap.java:849)
	reactor.core.publisher.FluxConcatMap$WeakScalarSubscription.request(FluxConcatMap.java:470)
	reactor.core.publisher.Operators$MultiSubscriptionSubscriber.set(Operators.java:1939)
	reactor.core.publisher.FluxConcatMap$ConcatMapImmediate.drain(FluxConcatMap.java:436)
	reactor.core.publisher.FluxConcatMap$ConcatMapImmediate.onNext(FluxConcatMap.java:244)
	reactor.core.publisher.FluxMap$MapSubscriber.onNext(FluxMap.java:114)
	reactor.core.publisher.FluxPeek$PeekSubscriber.onNext(FluxPeek.java:192)
	reactor.core.publisher.FluxMap$MapSubscriber.onNext(FluxMap.java:114)
	reactor.netty.channel.FluxReceive.drainReceiver(FluxReceive.java:206)
	reactor.netty.channel.FluxReceive.onInboundNext(FluxReceive.java:322)
	reactor.netty.channel.ChannelOperations.onInboundNext(ChannelOperations.java:335)
	reactor.netty.http.server.HttpServerOperations.onInboundNext(HttpServerOperations.java:456)
	reactor.netty.channel.ChannelOperationsHandler.channelRead(ChannelOperationsHandler.java:91)
	io.netty.channel.AbstractChannelHandlerContext.invokeChannelRead(AbstractChannelHandlerContext.java:374)
	io.netty.channel.AbstractChannelHandlerContext.invokeChannelRead(AbstractChannelHandlerContext.java:360)
	io.netty.channel.AbstractChannelHandlerContext.fireChannelRead(AbstractChannelHandlerContext.java:352)
	reactor.netty.http.server.HttpTrafficHandler.channelRead(HttpTrafficHandler.java:190)
	io.netty.channel.AbstractChannelHandlerContext.invokeChannelRead(AbstractChannelHandlerContext.java:374)
	io.netty.channel.AbstractChannelHandlerContext.invokeChannelRead(AbstractChannelHandlerContext.java:360)
	io.netty.channel.AbstractChannelHandlerContext.fireChannelRead(AbstractChannelHandlerContext.java:352)
	io.netty.channel.CombinedChannelDuplexHandler$DelegatingChannelHandlerContext.fireChannelRead(CombinedChannelDuplexHandler.java:438)
	io.netty.handler.codec.ByteToMessageDecoder.fireChannelRead(ByteToMessageDecoder.java:323)
	io.netty.handler.codec.ByteToMessageDecoder.fireChannelRead(ByteToMessageDecoder.java:310)
	io.netty.handler.codec.ByteToMessageDecoder.callDecode(ByteToMessageDecoder.java:426)
	io.netty.handler.codec.ByteToMessageDecoder.channelRead(ByteToMessageDecoder.java:278)
	io.netty.channel.CombinedChannelDuplexHandler.channelRead(CombinedChannelDuplexHandler.java:253)
	io.netty.channel.AbstractChannelHandlerContext.invokeChannelRead(AbstractChannelHandlerContext.java:374)
	io.netty.channel.AbstractChannelHandlerContext.invokeChannelRead(AbstractChannelHandlerContext.java:360)
	io.netty.channel.AbstractChannelHandlerContext.fireChannelRead(AbstractChannelHandlerContext.java:352)
	io.netty.channel.DefaultChannelPipeline$HeadContext.channelRead(DefaultChannelPipeline.java:1408)
	io.netty.channel.AbstractChannelHandlerContext.invokeChannelRead(AbstractChannelHandlerContext.java:374)
	io.netty.channel.AbstractChannelHandlerContext.invokeChannelRead(AbstractChannelHandlerContext.java:360)
	io.netty.channel.DefaultChannelPipeline.fireChannelRead(DefaultChannelPipeline.java:930)
	io.netty.channel.nio.AbstractNioByteChannel$NioByteUnsafe.read(AbstractNioByteChannel.java:163)
	io.netty.channel.nio.NioEventLoop.processSelectedKey(NioEventLoop.java:682)
	io.netty.channel.nio.NioEventLoop.processSelectedKeysOptimized(NioEventLoop.java:617)
	io.netty.channel.nio.NioEventLoop.processSelectedKeys(NioEventLoop.java:534)
	io.netty.channel.nio.NioEventLoop.run(NioEventLoop.java:496)
	io.netty.util.concurrent.SingleThreadEventExecutor$5.run(SingleThreadEventExecutor.java:906)
	io.netty.util.internal.ThreadExecutorMap$2.run(ThreadExecutorMap.java:74)
	io.netty.util.concurrent.FastThreadLocalRunnable.run(FastThreadLocalRunnable.java:30)
	java.lang.Thread.run(Thread.java:748)
#3:
	io.netty.buffer.AdvancedLeakAwareByteBuf.getByte(AdvancedLeakAwareByteBuf.java:154)
	org.springframework.core.io.buffer.NettyDataBuffer.getByte(NettyDataBuffer.java:132)
	org.springframework.core.io.buffer.DataBufferUtils$KnuthMorrisPrattMatcher.match(DataBufferUtils.java:1005)
	org.springframework.core.io.buffer.DataBufferUtils.endFrameAfterDelimiter(DataBufferUtils.java:634)
	org.springframework.core.io.buffer.DataBufferUtils.lambda$split$18(DataBufferUtils.java:603)
	reactor.core.publisher.FluxFlatMap$FlatMapMain.onNext(FluxFlatMap.java:350)
	reactor.core.publisher.FluxConcatMap$ConcatMapImmediate.innerNext(FluxConcatMap.java:275)
	reactor.core.publisher.FluxConcatMap$ConcatMapInner.onNext(FluxConcatMap.java:849)
	reactor.core.publisher.FluxConcatMap$WeakScalarSubscription.request(FluxConcatMap.java:470)
	reactor.core.publisher.Operators$MultiSubscriptionSubscriber.set(Operators.java:1939)
	reactor.core.publisher.FluxConcatMap$ConcatMapImmediate.drain(FluxConcatMap.java:436)
	reactor.core.publisher.FluxConcatMap$ConcatMapImmediate.onNext(FluxConcatMap.java:244)
	reactor.core.publisher.FluxMap$MapSubscriber.onNext(FluxMap.java:114)
	reactor.core.publisher.FluxPeek$PeekSubscriber.onNext(FluxPeek.java:192)
	reactor.core.publisher.FluxMap$MapSubscriber.onNext(FluxMap.java:114)
	reactor.netty.channel.FluxReceive.drainReceiver(FluxReceive.java:206)
	reactor.netty.channel.FluxReceive.onInboundNext(FluxReceive.java:322)
	reactor.netty.channel.ChannelOperations.onInboundNext(ChannelOperations.java:335)
	reactor.netty.http.server.HttpServerOperations.onInboundNext(HttpServerOperations.java:456)
	reactor.netty.channel.ChannelOperationsHandler.channelRead(ChannelOperationsHandler.java:91)
	io.netty.channel.AbstractChannelHandlerContext.invokeChannelRead(AbstractChannelHandlerContext.java:374)
	io.netty.channel.AbstractChannelHandlerContext.invokeChannelRead(AbstractChannelHandlerContext.java:360)
	io.netty.channel.AbstractChannelHandlerContext.fireChannelRead(AbstractChannelHandlerContext.java:352)
	reactor.netty.http.server.HttpTrafficHandler.channelRead(HttpTrafficHandler.java:190)
	io.netty.channel.AbstractChannelHandlerContext.invokeChannelRead(AbstractChannelHandlerContext.java:374)
	io.netty.channel.AbstractChannelHandlerContext.invokeChannelRead(AbstractChannelHandlerContext.java:360)
	io.netty.channel.AbstractChannelHandlerContext.fireChannelRead(AbstractChannelHandlerContext.java:352)
	io.netty.channel.CombinedChannelDuplexHandler$DelegatingChannelHandlerContext.fireChannelRead(CombinedChannelDuplexHandler.java:438)
	io.netty.handler.codec.ByteToMessageDecoder.fireChannelRead(ByteToMessageDecoder.java:323)
	io.netty.handler.codec.ByteToMessageDecoder.fireChannelRead(ByteToMessageDecoder.java:310)
	io.netty.handler.codec.ByteToMessageDecoder.callDecode(ByteToMessageDecoder.java:426)
	io.netty.handler.codec.ByteToMessageDecoder.channelRead(ByteToMessageDecoder.java:278)
	io.netty.channel.CombinedChannelDuplexHandler.channelRead(CombinedChannelDuplexHandler.java:253)
	io.netty.channel.AbstractChannelHandlerContext.invokeChannelRead(AbstractChannelHandlerContext.java:374)
	io.netty.channel.AbstractChannelHandlerContext.invokeChannelRead(AbstractChannelHandlerContext.java:360)
	io.netty.channel.AbstractChannelHandlerContext.fireChannelRead(AbstractChannelHandlerContext.java:352)
	io.netty.channel.DefaultChannelPipeline$HeadContext.channelRead(DefaultChannelPipeline.java:1408)
	io.netty.channel.AbstractChannelHandlerContext.invokeChannelRead(AbstractChannelHandlerContext.java:374)
	io.netty.channel.AbstractChannelHandlerContext.invokeChannelRead(AbstractChannelHandlerContext.java:360)
	io.netty.channel.DefaultChannelPipeline.fireChannelRead(DefaultChannelPipeline.java:930)
	io.netty.channel.nio.AbstractNioByteChannel$NioByteUnsafe.read(AbstractNioByteChannel.java:163)
	io.netty.channel.nio.NioEventLoop.processSelectedKey(NioEventLoop.java:682)
	io.netty.channel.nio.NioEventLoop.processSelectedKeysOptimized(NioEventLoop.java:617)
	io.netty.channel.nio.NioEventLoop.processSelectedKeys(NioEventLoop.java:534)
	io.netty.channel.nio.NioEventLoop.run(NioEventLoop.java:496)
	io.netty.util.concurrent.SingleThreadEventExecutor$5.run(SingleThreadEventExecutor.java:906)
	io.netty.util.internal.ThreadExecutorMap$2.run(ThreadExecutorMap.java:74)
	io.netty.util.concurrent.FastThreadLocalRunnable.run(FastThreadLocalRunnable.java:30)
	java.lang.Thread.run(Thread.java:748)
#4:
	reactor.core.publisher.FluxPeek$PeekSubscriber.onNext(FluxPeek.java:177)
	reactor.core.publisher.FluxMap$MapSubscriber.onNext(FluxMap.java:114)
	reactor.netty.channel.FluxReceive.drainReceiver(FluxReceive.java:206)
	reactor.netty.channel.FluxReceive.onInboundNext(FluxReceive.java:322)
	reactor.netty.channel.ChannelOperations.onInboundNext(ChannelOperations.java:335)
	reactor.netty.http.server.HttpServerOperations.onInboundNext(HttpServerOperations.java:456)
	reactor.netty.channel.ChannelOperationsHandler.channelRead(ChannelOperationsHandler.java:91)
	io.netty.channel.AbstractChannelHandlerContext.invokeChannelRead(AbstractChannelHandlerContext.java:374)
	io.netty.channel.AbstractChannelHandlerContext.invokeChannelRead(AbstractChannelHandlerContext.java:360)
	io.netty.channel.AbstractChannelHandlerContext.fireChannelRead(AbstractChannelHandlerContext.java:352)
	reactor.netty.http.server.HttpTrafficHandler.channelRead(HttpTrafficHandler.java:190)
	io.netty.channel.AbstractChannelHandlerContext.invokeChannelRead(AbstractChannelHandlerContext.java:374)
	io.netty.channel.AbstractChannelHandlerContext.invokeChannelRead(AbstractChannelHandlerContext.java:360)
	io.netty.channel.AbstractChannelHandlerContext.fireChannelRead(AbstractChannelHandlerContext.java:352)
	io.netty.channel.CombinedChannelDuplexHandler$DelegatingChannelHandlerContext.fireChannelRead(CombinedChannelDuplexHandler.java:438)
	io.netty.handler.codec.ByteToMessageDecoder.fireChannelRead(ByteToMessageDecoder.java:323)
	io.netty.handler.codec.ByteToMessageDecoder.fireChannelRead(ByteToMessageDecoder.java:310)
	io.netty.handler.codec.ByteToMessageDecoder.callDecode(ByteToMessageDecoder.java:426)
	io.netty.handler.codec.ByteToMessageDecoder.channelRead(ByteToMessageDecoder.java:278)
	io.netty.channel.CombinedChannelDuplexHandler.channelRead(CombinedChannelDuplexHandler.java:253)
	io.netty.channel.AbstractChannelHandlerContext.invokeChannelRead(AbstractChannelHandlerContext.java:374)
	io.netty.channel.AbstractChannelHandlerContext.invokeChannelRead(AbstractChannelHandlerContext.java:360)
	io.netty.channel.AbstractChannelHandlerContext.fireChannelRead(AbstractChannelHandlerContext.java:352)
	io.netty.channel.DefaultChannelPipeline$HeadContext.channelRead(DefaultChannelPipeline.java:1408)
	io.netty.channel.AbstractChannelHandlerContext.invokeChannelRead(AbstractChannelHandlerContext.java:374)
	io.netty.channel.AbstractChannelHandlerContext.invokeChannelRead(AbstractChannelHandlerContext.java:360)
	io.netty.channel.DefaultChannelPipeline.fireChannelRead(DefaultChannelPipeline.java:930)
	io.netty.channel.nio.AbstractNioByteChannel$NioByteUnsafe.read(AbstractNioByteChannel.java:163)
	io.netty.channel.nio.NioEventLoop.processSelectedKey(NioEventLoop.java:682)
	io.netty.channel.nio.NioEventLoop.processSelectedKeysOptimized(NioEventLoop.java:617)
	io.netty.channel.nio.NioEventLoop.processSelectedKeys(NioEventLoop.java:534)
	io.netty.channel.nio.NioEventLoop.run(NioEventLoop.java:496)
	io.netty.util.concurrent.SingleThreadEventExecutor$5.run(SingleThreadEventExecutor.java:906)
	io.netty.util.internal.ThreadExecutorMap$2.run(ThreadExecutorMap.java:74)
	io.netty.util.concurrent.FastThreadLocalRunnable.run(FastThreadLocalRunnable.java:30)
	java.lang.Thread.run(Thread.java:748)
#5:
	Hint: 'reactor.right.reactiveBridge' will handle the message from this point.
	io.netty.handler.codec.http.DefaultHttpContent.touch(DefaultHttpContent.java:88)
	io.netty.handler.codec.http.DefaultHttpContent.touch(DefaultHttpContent.java:24)
	io.netty.channel.DefaultChannelPipeline.touch(DefaultChannelPipeline.java:116)
	io.netty.channel.AbstractChannelHandlerContext.invokeChannelRead(AbstractChannelHandlerContext.java:357)
	io.netty.channel.AbstractChannelHandlerContext.fireChannelRead(AbstractChannelHandlerContext.java:352)
	reactor.netty.http.server.HttpTrafficHandler.channelRead(HttpTrafficHandler.java:190)
	io.netty.channel.AbstractChannelHandlerContext.invokeChannelRead(AbstractChannelHandlerContext.java:374)
	io.netty.channel.AbstractChannelHandlerContext.invokeChannelRead(AbstractChannelHandlerContext.java:360)
	io.netty.channel.AbstractChannelHandlerContext.fireChannelRead(AbstractChannelHandlerContext.java:352)
	io.netty.channel.CombinedChannelDuplexHandler$DelegatingChannelHandlerContext.fireChannelRead(CombinedChannelDuplexHandler.java:438)
	io.netty.handler.codec.ByteToMessageDecoder.fireChannelRead(ByteToMessageDecoder.java:323)
	io.netty.handler.codec.ByteToMessageDecoder.fireChannelRead(ByteToMessageDecoder.java:310)
	io.netty.handler.codec.ByteToMessageDecoder.callDecode(ByteToMessageDecoder.java:426)
	io.netty.handler.codec.ByteToMessageDecoder.channelRead(ByteToMessageDecoder.java:278)
	io.netty.channel.CombinedChannelDuplexHandler.channelRead(CombinedChannelDuplexHandler.java:253)
	io.netty.channel.AbstractChannelHandlerContext.invokeChannelRead(AbstractChannelHandlerContext.java:374)
	io.netty.channel.AbstractChannelHandlerContext.invokeChannelRead(AbstractChannelHandlerContext.java:360)
	io.netty.channel.AbstractChannelHandlerContext.fireChannelRead(AbstractChannelHandlerContext.java:352)
	io.netty.channel.DefaultChannelPipeline$HeadContext.channelRead(DefaultChannelPipeline.java:1408)
	io.netty.channel.AbstractChannelHandlerContext.invokeChannelRead(AbstractChannelHandlerContext.java:374)
	io.netty.channel.AbstractChannelHandlerContext.invokeChannelRead(AbstractChannelHandlerContext.java:360)
	io.netty.channel.DefaultChannelPipeline.fireChannelRead(DefaultChannelPipeline.java:930)
	io.netty.channel.nio.AbstractNioByteChannel$NioByteUnsafe.read(AbstractNioByteChannel.java:163)
	io.netty.channel.nio.NioEventLoop.processSelectedKey(NioEventLoop.java:682)
	io.netty.channel.nio.NioEventLoop.processSelectedKeysOptimized(NioEventLoop.java:617)
	io.netty.channel.nio.NioEventLoop.processSelectedKeys(NioEventLoop.java:534)
	io.netty.channel.nio.NioEventLoop.run(NioEventLoop.java:496)
	io.netty.util.concurrent.SingleThreadEventExecutor$5.run(SingleThreadEventExecutor.java:906)
	io.netty.util.internal.ThreadExecutorMap$2.run(ThreadExecutorMap.java:74)
	io.netty.util.concurrent.FastThreadLocalRunnable.run(FastThreadLocalRunnable.java:30)
	java.lang.Thread.run(Thread.java:748)
#6:
	Hint: 'reactor.left.httpTrafficHandler' will handle the message from this point.
	io.netty.handler.codec.http.DefaultHttpContent.touch(DefaultHttpContent.java:88)
	io.netty.handler.codec.http.DefaultHttpContent.touch(DefaultHttpContent.java:24)
	io.netty.channel.DefaultChannelPipeline.touch(DefaultChannelPipeline.java:116)
	io.netty.channel.AbstractChannelHandlerContext.invokeChannelRead(AbstractChannelHandlerContext.java:357)
	io.netty.channel.AbstractChannelHandlerContext.fireChannelRead(AbstractChannelHandlerContext.java:352)
	io.netty.channel.CombinedChannelDuplexHandler$DelegatingChannelHandlerContext.fireChannelRead(CombinedChannelDuplexHandler.java:438)
	io.netty.handler.codec.ByteToMessageDecoder.fireChannelRead(ByteToMessageDecoder.java:323)
	io.netty.handler.codec.ByteToMessageDecoder.fireChannelRead(ByteToMessageDecoder.java:310)
	io.netty.handler.codec.ByteToMessageDecoder.callDecode(ByteToMessageDecoder.java:426)
	io.netty.handler.codec.ByteToMessageDecoder.channelRead(ByteToMessageDecoder.java:278)
	io.netty.channel.CombinedChannelDuplexHandler.channelRead(CombinedChannelDuplexHandler.java:253)
	io.netty.channel.AbstractChannelHandlerContext.invokeChannelRead(AbstractChannelHandlerContext.java:374)
	io.netty.channel.AbstractChannelHandlerContext.invokeChannelRead(AbstractChannelHandlerContext.java:360)
	io.netty.channel.AbstractChannelHandlerContext.fireChannelRead(AbstractChannelHandlerContext.java:352)
	io.netty.channel.DefaultChannelPipeline$HeadContext.channelRead(DefaultChannelPipeline.java:1408)
	io.netty.channel.AbstractChannelHandlerContext.invokeChannelRead(AbstractChannelHandlerContext.java:374)
	io.netty.channel.AbstractChannelHandlerContext.invokeChannelRead(AbstractChannelHandlerContext.java:360)
	io.netty.channel.DefaultChannelPipeline.fireChannelRead(DefaultChannelPipeline.java:930)
	io.netty.channel.nio.AbstractNioByteChannel$NioByteUnsafe.read(AbstractNioByteChannel.java:163)
	io.netty.channel.nio.NioEventLoop.processSelectedKey(NioEventLoop.java:682)
	io.netty.channel.nio.NioEventLoop.processSelectedKeysOptimized(NioEventLoop.java:617)
	io.netty.channel.nio.NioEventLoop.processSelectedKeys(NioEventLoop.java:534)
	io.netty.channel.nio.NioEventLoop.run(NioEventLoop.java:496)
	io.netty.util.concurrent.SingleThreadEventExecutor$5.run(SingleThreadEventExecutor.java:906)
	io.netty.util.internal.ThreadExecutorMap$2.run(ThreadExecutorMap.java:74)
	io.netty.util.concurrent.FastThreadLocalRunnable.run(FastThreadLocalRunnable.java:30)
	java.lang.Thread.run(Thread.java:748)
Created at:
	io.netty.buffer.SimpleLeakAwareByteBuf.unwrappedDerived(SimpleLeakAwareByteBuf.java:143)
	io.netty.buffer.SimpleLeakAwareByteBuf.readRetainedSlice(SimpleLeakAwareByteBuf.java:67)
	io.netty.buffer.AdvancedLeakAwareByteBuf.readRetainedSlice(AdvancedLeakAwareByteBuf.java:107)
	io.netty.handler.codec.http.HttpObjectDecoder.decode(HttpObjectDecoder.java:336)
	io.netty.handler.codec.http.HttpServerCodec$HttpServerRequestDecoder.decode(HttpServerCodec.java:103)
	io.netty.handler.codec.ByteToMessageDecoder.decodeRemovalReentryProtection(ByteToMessageDecoder.java:502)
	io.netty.handler.codec.ByteToMessageDecoder.callDecode(ByteToMessageDecoder.java:441)
	io.netty.handler.codec.ByteToMessageDecoder.channelRead(ByteToMessageDecoder.java:278)
	io.netty.channel.CombinedChannelDuplexHandler.channelRead(CombinedChannelDuplexHandler.java:253)
	io.netty.channel.AbstractChannelHandlerContext.invokeChannelRead(AbstractChannelHandlerContext.java:374)
	io.netty.channel.AbstractChannelHandlerContext.invokeChannelRead(AbstractChannelHandlerContext.java:360)
	io.netty.channel.AbstractChannelHandlerContext.fireChannelRead(AbstractChannelHandlerContext.java:352)
	io.netty.channel.DefaultChannelPipeline$HeadContext.channelRead(DefaultChannelPipeline.java:1408)
	io.netty.channel.AbstractChannelHandlerContext.invokeChannelRead(AbstractChannelHandlerContext.java:374)
	io.netty.channel.AbstractChannelHandlerContext.invokeChannelRead(AbstractChannelHandlerContext.java:360)
	io.netty.channel.DefaultChannelPipeline.fireChannelRead(DefaultChannelPipeline.java:930)
	io.netty.channel.nio.AbstractNioByteChannel$NioByteUnsafe.read(AbstractNioByteChannel.java:163)
	io.netty.channel.nio.NioEventLoop.processSelectedKey(NioEventLoop.java:682)
	io.netty.channel.nio.NioEventLoop.processSelectedKeysOptimized(NioEventLoop.java:617)
	io.netty.channel.nio.NioEventLoop.processSelectedKeys(NioEventLoop.java:534)
	io.netty.channel.nio.NioEventLoop.run(NioEventLoop.java:496)
	io.netty.util.concurrent.SingleThreadEventExecutor$5.run(SingleThreadEventExecutor.java:906)
	io.netty.util.internal.ThreadExecutorMap$2.run(ThreadExecutorMap.java:74)
	io.netty.util.concurrent.FastThreadLocalRunnable.run(FastThreadLocalRunnable.java:30)
	java.lang.Thread.run(Thread.java:748)
: 2 leak records were discarded because they were duplicates
: 46 leak records were discarded because the leak record count is targeted to 4. Use system property io.netty.leakDetection.targetRecords to increase the limit.
22:42:59.941 [reactor-http-nio-14] ERROR i.n.u.ResourceLeakDetector - LEAK: ByteBuf.release() was not called before it's garbage-collected. See http://netty.io/wiki/reference-counted-objects.html for more information.
Recent access records: 
#1:
	io.netty.buffer.AdvancedLeakAwareByteBuf.getByte(AdvancedLeakAwareByteBuf.java:154)
	io.netty.buffer.CompositeByteBuf.getByte(CompositeByteBuf.java:913)
	io.netty.buffer.WrappedCompositeByteBuf.getByte(WrappedCompositeByteBuf.java:652)
	io.netty.buffer.AdvancedLeakAwareCompositeByteBuf.getByte(AdvancedLeakAwareCompositeByteBuf.java:141)
	org.springframework.core.io.buffer.NettyDataBuffer.getByte(NettyDataBuffer.java:132)
	org.springframework.http.codec.multipart.DefaultMultipartMessageReader.toPart(DefaultMultipartMessageReader.java:179)
	reactor.core.publisher.FluxMap$MapConditionalSubscriber.onNext(FluxMap.java:199)
	reactor.core.publisher.FluxTakeWhile$TakeWhileSubscriber.onNext(FluxTakeWhile.java:94)
	reactor.core.publisher.FluxContextStart$ContextStartSubscriber.onNext(FluxContextStart.java:103)
	reactor.core.publisher.FluxMap$MapConditionalSubscriber.onNext(FluxMap.java:213)
	reactor.core.publisher.FluxBufferPredicate$BufferPredicateSubscriber.emit(FluxBufferPredicate.java:290)
	reactor.core.publisher.FluxBufferPredicate$BufferPredicateSubscriber.onNextNewBuffer(FluxBufferPredicate.java:257)
	reactor.core.publisher.FluxBufferPredicate$BufferPredicateSubscriber.tryOnNext(FluxBufferPredicate.java:211)
	reactor.core.publisher.FluxBufferPredicate$BufferPredicateSubscriber.onNext(FluxBufferPredicate.java:184)
	reactor.core.publisher.FluxFlatMap$FlatMapMain.drainLoop(FluxFlatMap.java:664)
	reactor.core.publisher.FluxFlatMap$FlatMapMain.drain(FluxFlatMap.java:540)
	reactor.core.publisher.FluxFlatMap$FlatMapInner.onSubscribe(FluxFlatMap.java:924)
	reactor.core.publisher.FluxIterable.subscribe(FluxIterable.java:139)
	reactor.core.publisher.FluxIterable.subscribe(FluxIterable.java:63)
	reactor.core.publisher.Flux.subscribe(Flux.java:7922)
	reactor.core.publisher.FluxFlatMap$FlatMapMain.onNext(FluxFlatMap.java:389)
	reactor.core.publisher.FluxConcatMap$ConcatMapImmediate.innerNext(FluxConcatMap.java:275)
	reactor.core.publisher.FluxConcatMap$ConcatMapInner.onNext(FluxConcatMap.java:849)
	reactor.core.publisher.FluxConcatMap$WeakScalarSubscription.request(FluxConcatMap.java:470)
	reactor.core.publisher.Operators$MultiSubscriptionSubscriber.set(Operators.java:1939)
	reactor.core.publisher.FluxConcatMap$ConcatMapImmediate.drain(FluxConcatMap.java:436)
	reactor.core.publisher.FluxConcatMap$ConcatMapImmediate.onNext(FluxConcatMap.java:244)
	reactor.core.publisher.FluxMap$MapSubscriber.onNext(FluxMap.java:114)
	reactor.core.publisher.FluxPeek$PeekSubscriber.onNext(FluxPeek.java:192)
	reactor.core.publisher.FluxMap$MapSubscriber.onNext(FluxMap.java:114)
	reactor.netty.channel.FluxReceive.drainReceiver(FluxReceive.java:206)
	reactor.netty.channel.FluxReceive.onInboundNext(FluxReceive.java:322)
	reactor.netty.channel.ChannelOperations.onInboundNext(ChannelOperations.java:335)
	reactor.netty.http.server.HttpServerOperations.onInboundNext(HttpServerOperations.java:456)
	reactor.netty.channel.ChannelOperationsHandler.channelRead(ChannelOperationsHandler.java:91)
	io.netty.channel.AbstractChannelHandlerContext.invokeChannelRead(AbstractChannelHandlerContext.java:374)
	io.netty.channel.AbstractChannelHandlerContext.invokeChannelRead(AbstractChannelHandlerContext.java:360)
	io.netty.channel.AbstractChannelHandlerContext.fireChannelRead(AbstractChannelHandlerContext.java:352)
	reactor.netty.http.server.HttpTrafficHandler.channelRead(HttpTrafficHandler.java:190)
	io.netty.channel.AbstractChannelHandlerContext.invokeChannelRead(AbstractChannelHandlerContext.java:374)
	io.netty.channel.AbstractChannelHandlerContext.invokeChannelRead(AbstractChannelHandlerContext.java:360)
	io.netty.channel.AbstractChannelHandlerContext.fireChannelRead(AbstractChannelHandlerContext.java:352)
	io.netty.channel.CombinedChannelDuplexHandler$DelegatingChannelHandlerContext.fireChannelRead(CombinedChannelDuplexHandler.java:438)
	io.netty.handler.codec.ByteToMessageDecoder.fireChannelRead(ByteToMessageDecoder.java:323)
	io.netty.handler.codec.ByteToMessageDecoder.fireChannelRead(ByteToMessageDecoder.java:310)
	io.netty.handler.codec.ByteToMessageDecoder.callDecode(ByteToMessageDecoder.java:426)
	io.netty.handler.codec.ByteToMessageDecoder.channelRead(ByteToMessageDecoder.java:278)
	io.netty.channel.CombinedChannelDuplexHandler.channelRead(CombinedChannelDuplexHandler.java:253)
	io.netty.channel.AbstractChannelHandlerContext.invokeChannelRead(AbstractChannelHandlerContext.java:374)
	io.netty.channel.AbstractChannelHandlerContext.invokeChannelRead(AbstractChannelHandlerContext.java:360)
	io.netty.channel.AbstractChannelHandlerContext.fireChannelRead(AbstractChannelHandlerContext.java:352)
	io.netty.channel.DefaultChannelPipeline$HeadContext.channelRead(DefaultChannelPipeline.java:1408)
	io.netty.channel.AbstractChannelHandlerContext.invokeChannelRead(AbstractChannelHandlerContext.java:374)
	io.netty.channel.AbstractChannelHandlerContext.invokeChannelRead(AbstractChannelHandlerContext.java:360)
	io.netty.channel.DefaultChannelPipeline.fireChannelRead(DefaultChannelPipeline.java:930)
	io.netty.channel.nio.AbstractNioByteChannel$NioByteUnsafe.read(AbstractNioByteChannel.java:163)
	io.netty.channel.nio.NioEventLoop.processSelectedKey(NioEventLoop.java:682)
	io.netty.channel.nio.NioEventLoop.processSelectedKeysOptimized(NioEventLoop.java:617)
	io.netty.channel.nio.NioEventLoop.processSelectedKeys(NioEventLoop.java:534)
	io.netty.channel.nio.NioEventLoop.run(NioEventLoop.java:496)
	io.netty.util.concurrent.SingleThreadEventExecutor$5.run(SingleThreadEventExecutor.java:906)
	io.netty.util.internal.ThreadExecutorMap$2.run(ThreadExecutorMap.java:74)
	io.netty.util.concurrent.FastThreadLocalRunnable.run(FastThreadLocalRunnable.java:30)
	java.lang.Thread.run(Thread.java:748)
#2:
	io.netty.buffer.AdvancedLeakAwareByteBuf.getByte(AdvancedLeakAwareByteBuf.java:154)
	org.springframework.core.io.buffer.NettyDataBuffer.getByte(NettyDataBuffer.java:132)
	org.springframework.core.io.buffer.DataBufferUtils$KnuthMorrisPrattMatcher.match(DataBufferUtils.java:1005)
	org.springframework.core.io.buffer.DataBufferUtils.endFrameAfterDelimiter(DataBufferUtils.java:634)
	org.springframework.core.io.buffer.DataBufferUtils.lambda$split$18(DataBufferUtils.java:603)
	reactor.core.publisher.FluxFlatMap$FlatMapMain.onNext(FluxFlatMap.java:350)
	reactor.core.publisher.FluxConcatMap$ConcatMapImmediate.innerNext(FluxConcatMap.java:275)
	reactor.core.publisher.FluxConcatMap$ConcatMapInner.onNext(FluxConcatMap.java:849)
	reactor.core.publisher.FluxConcatMap$WeakScalarSubscription.request(FluxConcatMap.java:470)
	reactor.core.publisher.Operators$MultiSubscriptionSubscriber.set(Operators.java:1939)
	reactor.core.publisher.FluxConcatMap$ConcatMapImmediate.drain(FluxConcatMap.java:436)
	reactor.core.publisher.FluxConcatMap$ConcatMapImmediate.onNext(FluxConcatMap.java:244)
	reactor.core.publisher.FluxMap$MapSubscriber.onNext(FluxMap.java:114)
	reactor.core.publisher.FluxPeek$PeekSubscriber.onNext(FluxPeek.java:192)
	reactor.core.publisher.FluxMap$MapSubscriber.onNext(FluxMap.java:114)
	reactor.netty.channel.FluxReceive.drainReceiver(FluxReceive.java:206)
	reactor.netty.channel.FluxReceive.onInboundNext(FluxReceive.java:322)
	reactor.netty.channel.ChannelOperations.onInboundNext(ChannelOperations.java:335)
	reactor.netty.http.server.HttpServerOperations.onInboundNext(HttpServerOperations.java:456)
	reactor.netty.channel.ChannelOperationsHandler.channelRead(ChannelOperationsHandler.java:91)
	io.netty.channel.AbstractChannelHandlerContext.invokeChannelRead(AbstractChannelHandlerContext.java:374)
	io.netty.channel.AbstractChannelHandlerContext.invokeChannelRead(AbstractChannelHandlerContext.java:360)
	io.netty.channel.AbstractChannelHandlerContext.fireChannelRead(AbstractChannelHandlerContext.java:352)
	reactor.netty.http.server.HttpTrafficHandler.channelRead(HttpTrafficHandler.java:190)
	io.netty.channel.AbstractChannelHandlerContext.invokeChannelRead(AbstractChannelHandlerContext.java:374)
	io.netty.channel.AbstractChannelHandlerContext.invokeChannelRead(AbstractChannelHandlerContext.java:360)
	io.netty.channel.AbstractChannelHandlerContext.fireChannelRead(AbstractChannelHandlerContext.java:352)
	io.netty.channel.CombinedChannelDuplexHandler$DelegatingChannelHandlerContext.fireChannelRead(CombinedChannelDuplexHandler.java:438)
	io.netty.handler.codec.ByteToMessageDecoder.fireChannelRead(ByteToMessageDecoder.java:323)
	io.netty.handler.codec.ByteToMessageDecoder.fireChannelRead(ByteToMessageDecoder.java:310)
	io.netty.handler.codec.ByteToMessageDecoder.callDecode(ByteToMessageDecoder.java:426)
	io.netty.handler.codec.ByteToMessageDecoder.channelRead(ByteToMessageDecoder.java:278)
	io.netty.channel.CombinedChannelDuplexHandler.channelRead(CombinedChannelDuplexHandler.java:253)
	io.netty.channel.AbstractChannelHandlerContext.invokeChannelRead(AbstractChannelHandlerContext.java:374)
	io.netty.channel.AbstractChannelHandlerContext.invokeChannelRead(AbstractChannelHandlerContext.java:360)
	io.netty.channel.AbstractChannelHandlerContext.fireChannelRead(AbstractChannelHandlerContext.java:352)
	io.netty.channel.DefaultChannelPipeline$HeadContext.channelRead(DefaultChannelPipeline.java:1408)
	io.netty.channel.AbstractChannelHandlerContext.invokeChannelRead(AbstractChannelHandlerContext.java:374)
	io.netty.channel.AbstractChannelHandlerContext.invokeChannelRead(AbstractChannelHandlerContext.java:360)
	io.netty.channel.DefaultChannelPipeline.fireChannelRead(DefaultChannelPipeline.java:930)
	io.netty.channel.nio.AbstractNioByteChannel$NioByteUnsafe.read(AbstractNioByteChannel.java:163)
	io.netty.channel.nio.NioEventLoop.processSelectedKey(NioEventLoop.java:682)
	io.netty.channel.nio.NioEventLoop.processSelectedKeysOptimized(NioEventLoop.java:617)
	io.netty.channel.nio.NioEventLoop.processSelectedKeys(NioEventLoop.java:534)
	io.netty.channel.nio.NioEventLoop.run(NioEventLoop.java:496)
	io.netty.util.concurrent.SingleThreadEventExecutor$5.run(SingleThreadEventExecutor.java:906)
	io.netty.util.internal.ThreadExecutorMap$2.run(ThreadExecutorMap.java:74)
	io.netty.util.concurrent.FastThreadLocalRunnable.run(FastThreadLocalRunnable.java:30)
	java.lang.Thread.run(Thread.java:748)
#3:
	reactor.core.publisher.FluxPeek$PeekSubscriber.onNext(FluxPeek.java:177)
	reactor.core.publisher.FluxMap$MapSubscriber.onNext(FluxMap.java:114)
	reactor.netty.channel.FluxReceive.drainReceiver(FluxReceive.java:206)
	reactor.netty.channel.FluxReceive.onInboundNext(FluxReceive.java:322)
	reactor.netty.channel.ChannelOperations.onInboundNext(ChannelOperations.java:335)
	reactor.netty.http.server.HttpServerOperations.onInboundNext(HttpServerOperations.java:456)
	reactor.netty.channel.ChannelOperationsHandler.channelRead(ChannelOperationsHandler.java:91)
	io.netty.channel.AbstractChannelHandlerContext.invokeChannelRead(AbstractChannelHandlerContext.java:374)
	io.netty.channel.AbstractChannelHandlerContext.invokeChannelRead(AbstractChannelHandlerContext.java:360)
	io.netty.channel.AbstractChannelHandlerContext.fireChannelRead(AbstractChannelHandlerContext.java:352)
	reactor.netty.http.server.HttpTrafficHandler.channelRead(HttpTrafficHandler.java:190)
	io.netty.channel.AbstractChannelHandlerContext.invokeChannelRead(AbstractChannelHandlerContext.java:374)
	io.netty.channel.AbstractChannelHandlerContext.invokeChannelRead(AbstractChannelHandlerContext.java:360)
	io.netty.channel.AbstractChannelHandlerContext.fireChannelRead(AbstractChannelHandlerContext.java:352)
	io.netty.channel.CombinedChannelDuplexHandler$DelegatingChannelHandlerContext.fireChannelRead(CombinedChannelDuplexHandler.java:438)
	io.netty.handler.codec.ByteToMessageDecoder.fireChannelRead(ByteToMessageDecoder.java:323)
	io.netty.handler.codec.ByteToMessageDecoder.fireChannelRead(ByteToMessageDecoder.java:310)
	io.netty.handler.codec.ByteToMessageDecoder.callDecode(ByteToMessageDecoder.java:426)
	io.netty.handler.codec.ByteToMessageDecoder.channelRead(ByteToMessageDecoder.java:278)
	io.netty.channel.CombinedChannelDuplexHandler.channelRead(CombinedChannelDuplexHandler.java:253)
	io.netty.channel.AbstractChannelHandlerContext.invokeChannelRead(AbstractChannelHandlerContext.java:374)
	io.netty.channel.AbstractChannelHandlerContext.invokeChannelRead(AbstractChannelHandlerContext.java:360)
	io.netty.channel.AbstractChannelHandlerContext.fireChannelRead(AbstractChannelHandlerContext.java:352)
	io.netty.channel.DefaultChannelPipeline$HeadContext.channelRead(DefaultChannelPipeline.java:1408)
	io.netty.channel.AbstractChannelHandlerContext.invokeChannelRead(AbstractChannelHandlerContext.java:374)
	io.netty.channel.AbstractChannelHandlerContext.invokeChannelRead(AbstractChannelHandlerContext.java:360)
	io.netty.channel.DefaultChannelPipeline.fireChannelRead(DefaultChannelPipeline.java:930)
	io.netty.channel.nio.AbstractNioByteChannel$NioByteUnsafe.read(AbstractNioByteChannel.java:163)
	io.netty.channel.nio.NioEventLoop.processSelectedKey(NioEventLoop.java:682)
	io.netty.channel.nio.NioEventLoop.processSelectedKeysOptimized(NioEventLoop.java:617)
	io.netty.channel.nio.NioEventLoop.processSelectedKeys(NioEventLoop.java:534)
	io.netty.channel.nio.NioEventLoop.run(NioEventLoop.java:496)
	io.netty.util.concurrent.SingleThreadEventExecutor$5.run(SingleThreadEventExecutor.java:906)
	io.netty.util.internal.ThreadExecutorMap$2.run(ThreadExecutorMap.java:74)
	io.netty.util.concurrent.FastThreadLocalRunnable.run(FastThreadLocalRunnable.java:30)
	java.lang.Thread.run(Thread.java:748)
#4:
	Hint: 'reactor.right.reactiveBridge' will handle the message from this point.
	io.netty.handler.codec.http.DefaultHttpContent.touch(DefaultHttpContent.java:88)
	io.netty.handler.codec.http.DefaultHttpContent.touch(DefaultHttpContent.java:24)
	io.netty.channel.DefaultChannelPipeline.touch(DefaultChannelPipeline.java:116)
	io.netty.channel.AbstractChannelHandlerContext.invokeChannelRead(AbstractChannelHandlerContext.java:357)
	io.netty.channel.AbstractChannelHandlerContext.fireChannelRead(AbstractChannelHandlerContext.java:352)
	reactor.netty.http.server.HttpTrafficHandler.channelRead(HttpTrafficHandler.java:190)
	io.netty.channel.AbstractChannelHandlerContext.invokeChannelRead(AbstractChannelHandlerContext.java:374)
	io.netty.channel.AbstractChannelHandlerContext.invokeChannelRead(AbstractChannelHandlerContext.java:360)
	io.netty.channel.AbstractChannelHandlerContext.fireChannelRead(AbstractChannelHandlerContext.java:352)
	io.netty.channel.CombinedChannelDuplexHandler$DelegatingChannelHandlerContext.fireChannelRead(CombinedChannelDuplexHandler.java:438)
	io.netty.handler.codec.ByteToMessageDecoder.fireChannelRead(ByteToMessageDecoder.java:323)
	io.netty.handler.codec.ByteToMessageDecoder.fireChannelRead(ByteToMessageDecoder.java:310)
	io.netty.handler.codec.ByteToMessageDecoder.callDecode(ByteToMessageDecoder.java:426)
	io.netty.handler.codec.ByteToMessageDecoder.channelRead(ByteToMessageDecoder.java:278)
	io.netty.channel.CombinedChannelDuplexHandler.channelRead(CombinedChannelDuplexHandler.java:253)
	io.netty.channel.AbstractChannelHandlerContext.invokeChannelRead(AbstractChannelHandlerContext.java:374)
	io.netty.channel.AbstractChannelHandlerContext.invokeChannelRead(AbstractChannelHandlerContext.java:360)
	io.netty.channel.AbstractChannelHandlerContext.fireChannelRead(AbstractChannelHandlerContext.java:352)
	io.netty.channel.DefaultChannelPipeline$HeadContext.channelRead(DefaultChannelPipeline.java:1408)
	io.netty.channel.AbstractChannelHandlerContext.invokeChannelRead(AbstractChannelHandlerContext.java:374)
	io.netty.channel.AbstractChannelHandlerContext.invokeChannelRead(AbstractChannelHandlerContext.java:360)
	io.netty.channel.DefaultChannelPipeline.fireChannelRead(DefaultChannelPipeline.java:930)
	io.netty.channel.nio.AbstractNioByteChannel$NioByteUnsafe.read(AbstractNioByteChannel.java:163)
	io.netty.channel.nio.NioEventLoop.processSelectedKey(NioEventLoop.java:682)
	io.netty.channel.nio.NioEventLoop.processSelectedKeysOptimized(NioEventLoop.java:617)
	io.netty.channel.nio.NioEventLoop.processSelectedKeys(NioEventLoop.java:534)
	io.netty.channel.nio.NioEventLoop.run(NioEventLoop.java:496)
	io.netty.util.concurrent.SingleThreadEventExecutor$5.run(SingleThreadEventExecutor.java:906)
	io.netty.util.internal.ThreadExecutorMap$2.run(ThreadExecutorMap.java:74)
	io.netty.util.concurrent.FastThreadLocalRunnable.run(FastThreadLocalRunnable.java:30)
	java.lang.Thread.run(Thread.java:748)
#5:
	Hint: 'reactor.left.httpTrafficHandler' will handle the message from this point.
	io.netty.handler.codec.http.DefaultHttpContent.touch(DefaultHttpContent.java:88)
	io.netty.handler.codec.http.DefaultHttpContent.touch(DefaultHttpContent.java:24)
	io.netty.channel.DefaultChannelPipeline.touch(DefaultChannelPipeline.java:116)
	io.netty.channel.AbstractChannelHandlerContext.invokeChannelRead(AbstractChannelHandlerContext.java:357)
	io.netty.channel.AbstractChannelHandlerContext.fireChannelRead(AbstractChannelHandlerContext.java:352)
	io.netty.channel.CombinedChannelDuplexHandler$DelegatingChannelHandlerContext.fireChannelRead(CombinedChannelDuplexHandler.java:438)
	io.netty.handler.codec.ByteToMessageDecoder.fireChannelRead(ByteToMessageDecoder.java:323)
	io.netty.handler.codec.ByteToMessageDecoder.fireChannelRead(ByteToMessageDecoder.java:310)
	io.netty.handler.codec.ByteToMessageDecoder.callDecode(ByteToMessageDecoder.java:426)
	io.netty.handler.codec.ByteToMessageDecoder.channelRead(ByteToMessageDecoder.java:278)
	io.netty.channel.CombinedChannelDuplexHandler.channelRead(CombinedChannelDuplexHandler.java:253)
	io.netty.channel.AbstractChannelHandlerContext.invokeChannelRead(AbstractChannelHandlerContext.java:374)
	io.netty.channel.AbstractChannelHandlerContext.invokeChannelRead(AbstractChannelHandlerContext.java:360)
	io.netty.channel.AbstractChannelHandlerContext.fireChannelRead(AbstractChannelHandlerContext.java:352)
	io.netty.channel.DefaultChannelPipeline$HeadContext.channelRead(DefaultChannelPipeline.java:1408)
	io.netty.channel.AbstractChannelHandlerContext.invokeChannelRead(AbstractChannelHandlerContext.java:374)
	io.netty.channel.AbstractChannelHandlerContext.invokeChannelRead(AbstractChannelHandlerContext.java:360)
	io.netty.channel.DefaultChannelPipeline.fireChannelRead(DefaultChannelPipeline.java:930)
	io.netty.channel.nio.AbstractNioByteChannel$NioByteUnsafe.read(AbstractNioByteChannel.java:163)
	io.netty.channel.nio.NioEventLoop.processSelectedKey(NioEventLoop.java:682)
	io.netty.channel.nio.NioEventLoop.processSelectedKeysOptimized(NioEventLoop.java:617)
	io.netty.channel.nio.NioEventLoop.processSelectedKeys(NioEventLoop.java:534)
	io.netty.channel.nio.NioEventLoop.run(NioEventLoop.java:496)
	io.netty.util.concurrent.SingleThreadEventExecutor$5.run(SingleThreadEventExecutor.java:906)
	io.netty.util.internal.ThreadExecutorMap$2.run(ThreadExecutorMap.java:74)
	io.netty.util.concurrent.FastThreadLocalRunnable.run(FastThreadLocalRunnable.java:30)
	java.lang.Thread.run(Thread.java:748)
Created at:
	io.netty.buffer.SimpleLeakAwareByteBuf.unwrappedDerived(SimpleLeakAwareByteBuf.java:143)
	io.netty.buffer.SimpleLeakAwareByteBuf.readRetainedSlice(SimpleLeakAwareByteBuf.java:67)
	io.netty.buffer.AdvancedLeakAwareByteBuf.readRetainedSlice(AdvancedLeakAwareByteBuf.java:107)
	io.netty.handler.codec.http.HttpObjectDecoder.decode(HttpObjectDecoder.java:336)
	io.netty.handler.codec.http.HttpServerCodec$HttpServerRequestDecoder.decode(HttpServerCodec.java:103)
	io.netty.handler.codec.ByteToMessageDecoder.decodeRemovalReentryProtection(ByteToMessageDecoder.java:502)
	io.netty.handler.codec.ByteToMessageDecoder.callDecode(ByteToMessageDecoder.java:441)
	io.netty.handler.codec.ByteToMessageDecoder.channelRead(ByteToMessageDecoder.java:278)
	io.netty.channel.CombinedChannelDuplexHandler.channelRead(CombinedChannelDuplexHandler.java:253)
	io.netty.channel.AbstractChannelHandlerContext.invokeChannelRead(AbstractChannelHandlerContext.java:374)
	io.netty.channel.AbstractChannelHandlerContext.invokeChannelRead(AbstractChannelHandlerContext.java:360)
	io.netty.channel.AbstractChannelHandlerContext.fireChannelRead(AbstractChannelHandlerContext.java:352)
	io.netty.channel.DefaultChannelPipeline$HeadContext.channelRead(DefaultChannelPipeline.java:1408)
	io.netty.channel.AbstractChannelHandlerContext.invokeChannelRead(AbstractChannelHandlerContext.java:374)
	io.netty.channel.AbstractChannelHandlerContext.invokeChannelRead(AbstractChannelHandlerContext.java:360)
	io.netty.channel.DefaultChannelPipeline.fireChannelRead(DefaultChannelPipeline.java:930)
	io.netty.channel.nio.AbstractNioByteChannel$NioByteUnsafe.read(AbstractNioByteChannel.java:163)
	io.netty.channel.nio.NioEventLoop.processSelectedKey(NioEventLoop.java:682)
	io.netty.channel.nio.NioEventLoop.processSelectedKeysOptimized(NioEventLoop.java:617)
	io.netty.channel.nio.NioEventLoop.processSelectedKeys(NioEventLoop.java:534)
	io.netty.channel.nio.NioEventLoop.run(NioEventLoop.java:496)
	io.netty.util.concurrent.SingleThreadEventExecutor$5.run(SingleThreadEventExecutor.java:906)
	io.netty.util.internal.ThreadExecutorMap$2.run(ThreadExecutorMap.java:74)
	io.netty.util.concurrent.FastThreadLocalRunnable.run(FastThreadLocalRunnable.java:30)
	java.lang.Thread.run(Thread.java:748)
: 3 leak records were discarded because they were duplicates
: 45 leak records were discarded because the leak record count is targeted to 4. Use system property io.netty.leakDetection.targetRecords to increase the limit.
22:42:59.944 [reactor-http-nio-14] ERROR i.n.u.ResourceLeakDetector - LEAK: ByteBuf.release() was not called before it's garbage-collected. See http://netty.io/wiki/reference-counted-objects.html for more information.
Recent access records: 
#1:
	io.netty.buffer.AdvancedLeakAwareByteBuf.order(AdvancedLeakAwareByteBuf.java:70)
	io.netty.buffer.CompositeByteBuf.newComponent(CompositeByteBuf.java:318)
	io.netty.buffer.CompositeByteBuf.addComponent0(CompositeByteBuf.java:280)
	io.netty.buffer.CompositeByteBuf.addComponent(CompositeByteBuf.java:265)
	io.netty.buffer.CompositeByteBuf.addComponent(CompositeByteBuf.java:222)
	io.netty.buffer.WrappedCompositeByteBuf.addComponent(WrappedCompositeByteBuf.java:529)
	io.netty.buffer.AdvancedLeakAwareCompositeByteBuf.addComponent(AdvancedLeakAwareCompositeByteBuf.java:921)
	org.springframework.core.io.buffer.NettyDataBufferFactory.join(NettyDataBufferFactory.java:111)
	org.springframework.core.io.buffer.DataBufferUtils.joinAndStrip(DataBufferUtils.java:686)
	org.springframework.core.io.buffer.DataBufferUtils.lambda$split$20(DataBufferUtils.java:605)
	reactor.core.publisher.FluxMap$MapConditionalSubscriber.onNext(FluxMap.java:199)
	reactor.core.publisher.FluxBufferPredicate$BufferPredicateSubscriber.emit(FluxBufferPredicate.java:290)
	reactor.core.publisher.FluxBufferPredicate$BufferPredicateSubscriber.onNextNewBuffer(FluxBufferPredicate.java:257)
	reactor.core.publisher.FluxBufferPredicate$BufferPredicateSubscriber.tryOnNext(FluxBufferPredicate.java:211)
	reactor.core.publisher.FluxBufferPredicate$BufferPredicateSubscriber.onNext(FluxBufferPredicate.java:184)
	reactor.core.publisher.FluxFlatMap$FlatMapMain.drainLoop(FluxFlatMap.java:664)
	reactor.core.publisher.FluxFlatMap$FlatMapMain.drain(FluxFlatMap.java:540)
	reactor.core.publisher.FluxFlatMap$FlatMapInner.onSubscribe(FluxFlatMap.java:924)
	reactor.core.publisher.FluxIterable.subscribe(FluxIterable.java:139)
	reactor.core.publisher.FluxIterable.subscribe(FluxIterable.java:63)
	reactor.core.publisher.Flux.subscribe(Flux.java:7922)
	reactor.core.publisher.FluxFlatMap$FlatMapMain.onNext(FluxFlatMap.java:389)
	reactor.core.publisher.FluxConcatMap$ConcatMapImmediate.innerNext(FluxConcatMap.java:275)
	reactor.core.publisher.FluxConcatMap$ConcatMapInner.onNext(FluxConcatMap.java:849)
	reactor.core.publisher.FluxConcatMap$WeakScalarSubscription.request(FluxConcatMap.java:470)
	reactor.core.publisher.Operators$MultiSubscriptionSubscriber.set(Operators.java:1939)
	reactor.core.publisher.FluxConcatMap$ConcatMapImmediate.drain(FluxConcatMap.java:436)
	reactor.core.publisher.FluxConcatMap$ConcatMapImmediate.onNext(FluxConcatMap.java:244)
	reactor.core.publisher.FluxMap$MapSubscriber.onNext(FluxMap.java:114)
	reactor.core.publisher.FluxPeek$PeekSubscriber.onNext(FluxPeek.java:192)
	reactor.core.publisher.FluxMap$MapSubscriber.onNext(FluxMap.java:114)
	reactor.netty.channel.FluxReceive.drainReceiver(FluxReceive.java:206)
	reactor.netty.channel.FluxReceive.onInboundNext(FluxReceive.java:322)
	reactor.netty.channel.ChannelOperations.onInboundNext(ChannelOperations.java:335)
	reactor.netty.http.server.HttpServerOperations.onInboundNext(HttpServerOperations.java:456)
	reactor.netty.channel.ChannelOperationsHandler.channelRead(ChannelOperationsHandler.java:91)
	io.netty.channel.AbstractChannelHandlerContext.invokeChannelRead(AbstractChannelHandlerContext.java:374)
	io.netty.channel.AbstractChannelHandlerContext.invokeChannelRead(AbstractChannelHandlerContext.java:360)
	io.netty.channel.AbstractChannelHandlerContext.fireChannelRead(AbstractChannelHandlerContext.java:352)
	reactor.netty.http.server.HttpTrafficHandler.channelRead(HttpTrafficHandler.java:190)
	io.netty.channel.AbstractChannelHandlerContext.invokeChannelRead(AbstractChannelHandlerContext.java:374)
	io.netty.channel.AbstractChannelHandlerContext.invokeChannelRead(AbstractChannelHandlerContext.java:360)
	io.netty.channel.AbstractChannelHandlerContext.fireChannelRead(AbstractChannelHandlerContext.java:352)
	io.netty.channel.CombinedChannelDuplexHandler$DelegatingChannelHandlerContext.fireChannelRead(CombinedChannelDuplexHandler.java:438)
	io.netty.handler.codec.ByteToMessageDecoder.fireChannelRead(ByteToMessageDecoder.java:323)
	io.netty.handler.codec.ByteToMessageDecoder.fireChannelRead(ByteToMessageDecoder.java:310)
	io.netty.handler.codec.ByteToMessageDecoder.callDecode(ByteToMessageDecoder.java:426)
	io.netty.handler.codec.ByteToMessageDecoder.channelRead(ByteToMessageDecoder.java:278)
	io.netty.channel.CombinedChannelDuplexHandler.channelRead(CombinedChannelDuplexHandler.java:253)
	io.netty.channel.AbstractChannelHandlerContext.invokeChannelRead(AbstractChannelHandlerContext.java:374)
	io.netty.channel.AbstractChannelHandlerContext.invokeChannelRead(AbstractChannelHandlerContext.java:360)
	io.netty.channel.AbstractChannelHandlerContext.fireChannelRead(AbstractChannelHandlerContext.java:352)
	io.netty.channel.DefaultChannelPipeline$HeadContext.channelRead(DefaultChannelPipeline.java:1408)
	io.netty.channel.AbstractChannelHandlerContext.invokeChannelRead(AbstractChannelHandlerContext.java:374)
	io.netty.channel.AbstractChannelHandlerContext.invokeChannelRead(AbstractChannelHandlerContext.java:360)
	io.netty.channel.DefaultChannelPipeline.fireChannelRead(DefaultChannelPipeline.java:930)
	io.netty.channel.nio.AbstractNioByteChannel$NioByteUnsafe.read(AbstractNioByteChannel.java:163)
	io.netty.channel.nio.NioEventLoop.processSelectedKey(NioEventLoop.java:682)
	io.netty.channel.nio.NioEventLoop.processSelectedKeysOptimized(NioEventLoop.java:617)
	io.netty.channel.nio.NioEventLoop.processSelectedKeys(NioEventLoop.java:534)
	io.netty.channel.nio.NioEventLoop.run(NioEventLoop.java:496)
	io.netty.util.concurrent.SingleThreadEventExecutor$5.run(SingleThreadEventExecutor.java:906)
	io.netty.util.internal.ThreadExecutorMap$2.run(ThreadExecutorMap.java:74)
	io.netty.util.concurrent.FastThreadLocalRunnable.run(FastThreadLocalRunnable.java:30)
	java.lang.Thread.run(Thread.java:748)
#2:
	io.netty.handler.codec.http.DefaultHttpContent.release(DefaultHttpContent.java:94)
	io.netty.util.ReferenceCountUtil.release(ReferenceCountUtil.java:88)
	reactor.netty.channel.FluxReceive.drainReceiver(FluxReceive.java:209)
	reactor.netty.channel.FluxReceive.onInboundNext(FluxReceive.java:322)
	reactor.netty.channel.ChannelOperations.onInboundNext(ChannelOperations.java:335)
	reactor.netty.http.server.HttpServerOperations.onInboundNext(HttpServerOperations.java:456)
	reactor.netty.channel.ChannelOperationsHandler.channelRead(ChannelOperationsHandler.java:91)
	io.netty.channel.AbstractChannelHandlerContext.invokeChannelRead(AbstractChannelHandlerContext.java:374)
	io.netty.channel.AbstractChannelHandlerContext.invokeChannelRead(AbstractChannelHandlerContext.java:360)
	io.netty.channel.AbstractChannelHandlerContext.fireChannelRead(AbstractChannelHandlerContext.java:352)
	reactor.netty.http.server.HttpTrafficHandler.channelRead(HttpTrafficHandler.java:190)
	io.netty.channel.AbstractChannelHandlerContext.invokeChannelRead(AbstractChannelHandlerContext.java:374)
	io.netty.channel.AbstractChannelHandlerContext.invokeChannelRead(AbstractChannelHandlerContext.java:360)
	io.netty.channel.AbstractChannelHandlerContext.fireChannelRead(AbstractChannelHandlerContext.java:352)
	io.netty.channel.CombinedChannelDuplexHandler$DelegatingChannelHandlerContext.fireChannelRead(CombinedChannelDuplexHandler.java:438)
	io.netty.handler.codec.ByteToMessageDecoder.fireChannelRead(ByteToMessageDecoder.java:323)
	io.netty.handler.codec.ByteToMessageDecoder.fireChannelRead(ByteToMessageDecoder.java:310)
	io.netty.handler.codec.ByteToMessageDecoder.callDecode(ByteToMessageDecoder.java:426)
	io.netty.handler.codec.ByteToMessageDecoder.channelRead(ByteToMessageDecoder.java:278)
	io.netty.channel.CombinedChannelDuplexHandler.channelRead(CombinedChannelDuplexHandler.java:253)
	io.netty.channel.AbstractChannelHandlerContext.invokeChannelRead(AbstractChannelHandlerContext.java:374)
	io.netty.channel.AbstractChannelHandlerContext.invokeChannelRead(AbstractChannelHandlerContext.java:360)
	io.netty.channel.AbstractChannelHandlerContext.fireChannelRead(AbstractChannelHandlerContext.java:352)
	io.netty.channel.DefaultChannelPipeline$HeadContext.channelRead(DefaultChannelPipeline.java:1408)
	io.netty.channel.AbstractChannelHandlerContext.invokeChannelRead(AbstractChannelHandlerContext.java:374)
	io.netty.channel.AbstractChannelHandlerContext.invokeChannelRead(AbstractChannelHandlerContext.java:360)
	io.netty.channel.DefaultChannelPipeline.fireChannelRead(DefaultChannelPipeline.java:930)
	io.netty.channel.nio.AbstractNioByteChannel$NioByteUnsafe.read(AbstractNioByteChannel.java:163)
	io.netty.channel.nio.NioEventLoop.processSelectedKey(NioEventLoop.java:682)
	io.netty.channel.nio.NioEventLoop.processSelectedKeysOptimized(NioEventLoop.java:617)
	io.netty.channel.nio.NioEventLoop.processSelectedKeys(NioEventLoop.java:534)
	io.netty.channel.nio.NioEventLoop.run(NioEventLoop.java:496)
	io.netty.util.concurrent.SingleThreadEventExecutor$5.run(SingleThreadEventExecutor.java:906)
	io.netty.util.internal.ThreadExecutorMap$2.run(ThreadExecutorMap.java:74)
	io.netty.util.concurrent.FastThreadLocalRunnable.run(FastThreadLocalRunnable.java:30)
	java.lang.Thread.run(Thread.java:748)
#3:
	org.springframework.core.io.buffer.NettyDataBuffer.retain(NettyDataBuffer.java:303)
	org.springframework.core.io.buffer.DataBufferUtils.retain(DataBufferUtils.java:481)
	org.springframework.core.io.buffer.DataBufferUtils.endFrameAfterDelimiter(DataBufferUtils.java:654)
	org.springframework.core.io.buffer.DataBufferUtils.lambda$split$18(DataBufferUtils.java:603)
	reactor.core.publisher.FluxFlatMap$FlatMapMain.onNext(FluxFlatMap.java:350)
	reactor.core.publisher.FluxConcatMap$ConcatMapImmediate.innerNext(FluxConcatMap.java:275)
	reactor.core.publisher.FluxConcatMap$ConcatMapInner.onNext(FluxConcatMap.java:849)
	reactor.core.publisher.FluxConcatMap$WeakScalarSubscription.request(FluxConcatMap.java:470)
	reactor.core.publisher.Operators$MultiSubscriptionSubscriber.set(Operators.java:1939)
	reactor.core.publisher.FluxConcatMap$ConcatMapImmediate.drain(FluxConcatMap.java:436)
	reactor.core.publisher.FluxConcatMap$ConcatMapImmediate.onNext(FluxConcatMap.java:244)
	reactor.core.publisher.FluxMap$MapSubscriber.onNext(FluxMap.java:114)
	reactor.core.publisher.FluxPeek$PeekSubscriber.onNext(FluxPeek.java:192)
	reactor.core.publisher.FluxMap$MapSubscriber.onNext(FluxMap.java:114)
	reactor.netty.channel.FluxReceive.drainReceiver(FluxReceive.java:206)
	reactor.netty.channel.FluxReceive.onInboundNext(FluxReceive.java:322)
	reactor.netty.channel.ChannelOperations.onInboundNext(ChannelOperations.java:335)
	reactor.netty.http.server.HttpServerOperations.onInboundNext(HttpServerOperations.java:456)
	reactor.netty.channel.ChannelOperationsHandler.channelRead(ChannelOperationsHandler.java:91)
	io.netty.channel.AbstractChannelHandlerContext.invokeChannelRead(AbstractChannelHandlerContext.java:374)
	io.netty.channel.AbstractChannelHandlerContext.invokeChannelRead(AbstractChannelHandlerContext.java:360)
	io.netty.channel.AbstractChannelHandlerContext.fireChannelRead(AbstractChannelHandlerContext.java:352)
	reactor.netty.http.server.HttpTrafficHandler.channelRead(HttpTrafficHandler.java:190)
	io.netty.channel.AbstractChannelHandlerContext.invokeChannelRead(AbstractChannelHandlerContext.java:374)
	io.netty.channel.AbstractChannelHandlerContext.invokeChannelRead(AbstractChannelHandlerContext.java:360)
	io.netty.channel.AbstractChannelHandlerContext.fireChannelRead(AbstractChannelHandlerContext.java:352)
	io.netty.channel.CombinedChannelDuplexHandler$DelegatingChannelHandlerContext.fireChannelRead(CombinedChannelDuplexHandler.java:438)
	io.netty.handler.codec.ByteToMessageDecoder.fireChannelRead(ByteToMessageDecoder.java:323)
	io.netty.handler.codec.ByteToMessageDecoder.fireChannelRead(ByteToMessageDecoder.java:310)
	io.netty.handler.codec.ByteToMessageDecoder.callDecode(ByteToMessageDecoder.java:426)
	io.netty.handler.codec.ByteToMessageDecoder.channelRead(ByteToMessageDecoder.java:278)
	io.netty.channel.CombinedChannelDuplexHandler.channelRead(CombinedChannelDuplexHandler.java:253)
	io.netty.channel.AbstractChannelHandlerContext.invokeChannelRead(AbstractChannelHandlerContext.java:374)
	io.netty.channel.AbstractChannelHandlerContext.invokeChannelRead(AbstractChannelHandlerContext.java:360)
	io.netty.channel.AbstractChannelHandlerContext.fireChannelRead(AbstractChannelHandlerContext.java:352)
	io.netty.channel.DefaultChannelPipeline$HeadContext.channelRead(DefaultChannelPipeline.java:1408)
	io.netty.channel.AbstractChannelHandlerContext.invokeChannelRead(AbstractChannelHandlerContext.java:374)
	io.netty.channel.AbstractChannelHandlerContext.invokeChannelRead(AbstractChannelHandlerContext.java:360)
	io.netty.channel.DefaultChannelPipeline.fireChannelRead(DefaultChannelPipeline.java:930)
	io.netty.channel.nio.AbstractNioByteChannel$NioByteUnsafe.read(AbstractNioByteChannel.java:163)
	io.netty.channel.nio.NioEventLoop.processSelectedKey(NioEventLoop.java:682)
	io.netty.channel.nio.NioEventLoop.processSelectedKeysOptimized(NioEventLoop.java:617)
	io.netty.channel.nio.NioEventLoop.processSelectedKeys(NioEventLoop.java:534)
	io.netty.channel.nio.NioEventLoop.run(NioEventLoop.java:496)
	io.netty.util.concurrent.SingleThreadEventExecutor$5.run(SingleThreadEventExecutor.java:906)
	io.netty.util.internal.ThreadExecutorMap$2.run(ThreadExecutorMap.java:74)
	io.netty.util.concurrent.FastThreadLocalRunnable.run(FastThreadLocalRunnable.java:30)
	java.lang.Thread.run(Thread.java:748)
#4:
	io.netty.buffer.AdvancedLeakAwareByteBuf.getByte(AdvancedLeakAwareByteBuf.java:154)
	org.springframework.core.io.buffer.NettyDataBuffer.getByte(NettyDataBuffer.java:132)
	org.springframework.core.io.buffer.DataBufferUtils$KnuthMorrisPrattMatcher.match(DataBufferUtils.java:1005)
	org.springframework.core.io.buffer.DataBufferUtils.endFrameAfterDelimiter(DataBufferUtils.java:634)
	org.springframework.core.io.buffer.DataBufferUtils.lambda$split$18(DataBufferUtils.java:603)
	reactor.core.publisher.FluxFlatMap$FlatMapMain.onNext(FluxFlatMap.java:350)
	reactor.core.publisher.FluxConcatMap$ConcatMapImmediate.innerNext(FluxConcatMap.java:275)
	reactor.core.publisher.FluxConcatMap$ConcatMapInner.onNext(FluxConcatMap.java:849)
	reactor.core.publisher.FluxConcatMap$WeakScalarSubscription.request(FluxConcatMap.java:470)
	reactor.core.publisher.Operators$MultiSubscriptionSubscriber.set(Operators.java:1939)
	reactor.core.publisher.FluxConcatMap$ConcatMapImmediate.drain(FluxConcatMap.java:436)
	reactor.core.publisher.FluxConcatMap$ConcatMapImmediate.onNext(FluxConcatMap.java:244)
	reactor.core.publisher.FluxMap$MapSubscriber.onNext(FluxMap.java:114)
	reactor.core.publisher.FluxPeek$PeekSubscriber.onNext(FluxPeek.java:192)
	reactor.core.publisher.FluxMap$MapSubscriber.onNext(FluxMap.java:114)
	reactor.netty.channel.FluxReceive.drainReceiver(FluxReceive.java:206)
	reactor.netty.channel.FluxReceive.onInboundNext(FluxReceive.java:322)
	reactor.netty.channel.ChannelOperations.onInboundNext(ChannelOperations.java:335)
	reactor.netty.http.server.HttpServerOperations.onInboundNext(HttpServerOperations.java:456)
	reactor.netty.channel.ChannelOperationsHandler.channelRead(ChannelOperationsHandler.java:91)
	io.netty.channel.AbstractChannelHandlerContext.invokeChannelRead(AbstractChannelHandlerContext.java:374)
	io.netty.channel.AbstractChannelHandlerContext.invokeChannelRead(AbstractChannelHandlerContext.java:360)
	io.netty.channel.AbstractChannelHandlerContext.fireChannelRead(AbstractChannelHandlerContext.java:352)
	reactor.netty.http.server.HttpTrafficHandler.channelRead(HttpTrafficHandler.java:190)
	io.netty.channel.AbstractChannelHandlerContext.invokeChannelRead(AbstractChannelHandlerContext.java:374)
	io.netty.channel.AbstractChannelHandlerContext.invokeChannelRead(AbstractChannelHandlerContext.java:360)
	io.netty.channel.AbstractChannelHandlerContext.fireChannelRead(AbstractChannelHandlerContext.java:352)
	io.netty.channel.CombinedChannelDuplexHandler$DelegatingChannelHandlerContext.fireChannelRead(CombinedChannelDuplexHandler.java:438)
	io.netty.handler.codec.ByteToMessageDecoder.fireChannelRead(ByteToMessageDecoder.java:323)
	io.netty.handler.codec.ByteToMessageDecoder.fireChannelRead(ByteToMessageDecoder.java:310)
	io.netty.handler.codec.ByteToMessageDecoder.callDecode(ByteToMessageDecoder.java:426)
	io.netty.handler.codec.ByteToMessageDecoder.channelRead(ByteToMessageDecoder.java:278)
	io.netty.channel.CombinedChannelDuplexHandler.channelRead(CombinedChannelDuplexHandler.java:253)
	io.netty.channel.AbstractChannelHandlerContext.invokeChannelRead(AbstractChannelHandlerContext.java:374)
	io.netty.channel.AbstractChannelHandlerContext.invokeChannelRead(AbstractChannelHandlerContext.java:360)
	io.netty.channel.AbstractChannelHandlerContext.fireChannelRead(AbstractChannelHandlerContext.java:352)
	io.netty.channel.DefaultChannelPipeline$HeadContext.channelRead(DefaultChannelPipeline.java:1408)
	io.netty.channel.AbstractChannelHandlerContext.invokeChannelRead(AbstractChannelHandlerContext.java:374)
	io.netty.channel.AbstractChannelHandlerContext.invokeChannelRead(AbstractChannelHandlerContext.java:360)
	io.netty.channel.DefaultChannelPipeline.fireChannelRead(DefaultChannelPipeline.java:930)
	io.netty.channel.nio.AbstractNioByteChannel$NioByteUnsafe.read(AbstractNioByteChannel.java:163)
	io.netty.channel.nio.NioEventLoop.processSelectedKey(NioEventLoop.java:682)
	io.netty.channel.nio.NioEventLoop.processSelectedKeysOptimized(NioEventLoop.java:617)
	io.netty.channel.nio.NioEventLoop.processSelectedKeys(NioEventLoop.java:534)
	io.netty.channel.nio.NioEventLoop.run(NioEventLoop.java:496)
	io.netty.util.concurrent.SingleThreadEventExecutor$5.run(SingleThreadEventExecutor.java:906)
	io.netty.util.internal.ThreadExecutorMap$2.run(ThreadExecutorMap.java:74)
	io.netty.util.concurrent.FastThreadLocalRunnable.run(FastThreadLocalRunnable.java:30)
	java.lang.Thread.run(Thread.java:748)
#5:
	reactor.core.publisher.FluxPeek$PeekSubscriber.onNext(FluxPeek.java:177)
	reactor.core.publisher.FluxMap$MapSubscriber.onNext(FluxMap.java:114)
	reactor.netty.channel.FluxReceive.drainReceiver(FluxReceive.java:206)
	reactor.netty.channel.FluxReceive.onInboundNext(FluxReceive.java:322)
	reactor.netty.channel.ChannelOperations.onInboundNext(ChannelOperations.java:335)
	reactor.netty.http.server.HttpServerOperations.onInboundNext(HttpServerOperations.java:456)
	reactor.netty.channel.ChannelOperationsHandler.channelRead(ChannelOperationsHandler.java:91)
	io.netty.channel.AbstractChannelHandlerContext.invokeChannelRead(AbstractChannelHandlerContext.java:374)
	io.netty.channel.AbstractChannelHandlerContext.invokeChannelRead(AbstractChannelHandlerContext.java:360)
	io.netty.channel.AbstractChannelHandlerContext.fireChannelRead(AbstractChannelHandlerContext.java:352)
	reactor.netty.http.server.HttpTrafficHandler.channelRead(HttpTrafficHandler.java:190)
	io.netty.channel.AbstractChannelHandlerContext.invokeChannelRead(AbstractChannelHandlerContext.java:374)
	io.netty.channel.AbstractChannelHandlerContext.invokeChannelRead(AbstractChannelHandlerContext.java:360)
	io.netty.channel.AbstractChannelHandlerContext.fireChannelRead(AbstractChannelHandlerContext.java:352)
	io.netty.channel.CombinedChannelDuplexHandler$DelegatingChannelHandlerContext.fireChannelRead(CombinedChannelDuplexHandler.java:438)
	io.netty.handler.codec.ByteToMessageDecoder.fireChannelRead(ByteToMessageDecoder.java:323)
	io.netty.handler.codec.ByteToMessageDecoder.fireChannelRead(ByteToMessageDecoder.java:310)
	io.netty.handler.codec.ByteToMessageDecoder.callDecode(ByteToMessageDecoder.java:426)
	io.netty.handler.codec.ByteToMessageDecoder.channelRead(ByteToMessageDecoder.java:278)
	io.netty.channel.CombinedChannelDuplexHandler.channelRead(CombinedChannelDuplexHandler.java:253)
	io.netty.channel.AbstractChannelHandlerContext.invokeChannelRead(AbstractChannelHandlerContext.java:374)
	io.netty.channel.AbstractChannelHandlerContext.invokeChannelRead(AbstractChannelHandlerContext.java:360)
	io.netty.channel.AbstractChannelHandlerContext.fireChannelRead(AbstractChannelHandlerContext.java:352)
	io.netty.channel.DefaultChannelPipeline$HeadContext.channelRead(DefaultChannelPipeline.java:1408)
	io.netty.channel.AbstractChannelHandlerContext.invokeChannelRead(AbstractChannelHandlerContext.java:374)
	io.netty.channel.AbstractChannelHandlerContext.invokeChannelRead(AbstractChannelHandlerContext.java:360)
	io.netty.channel.DefaultChannelPipeline.fireChannelRead(DefaultChannelPipeline.java:930)
	io.netty.channel.nio.AbstractNioByteChannel$NioByteUnsafe.read(AbstractNioByteChannel.java:163)
	io.netty.channel.nio.NioEventLoop.processSelectedKey(NioEventLoop.java:682)
	io.netty.channel.nio.NioEventLoop.processSelectedKeysOptimized(NioEventLoop.java:617)
	io.netty.channel.nio.NioEventLoop.processSelectedKeys(NioEventLoop.java:534)
	io.netty.channel.nio.NioEventLoop.run(NioEventLoop.java:496)
	io.netty.util.concurrent.SingleThreadEventExecutor$5.run(SingleThreadEventExecutor.java:906)
	io.netty.util.internal.ThreadExecutorMap$2.run(ThreadExecutorMap.java:74)
	io.netty.util.concurrent.FastThreadLocalRunnable.run(FastThreadLocalRunnable.java:30)
	java.lang.Thread.run(Thread.java:748)
#6:
	Hint: 'reactor.right.reactiveBridge' will handle the message from this point.
	io.netty.handler.codec.http.DefaultHttpContent.touch(DefaultHttpContent.java:88)
	io.netty.handler.codec.http.DefaultHttpContent.touch(DefaultHttpContent.java:24)
	io.netty.channel.DefaultChannelPipeline.touch(DefaultChannelPipeline.java:116)
	io.netty.channel.AbstractChannelHandlerContext.invokeChannelRead(AbstractChannelHandlerContext.java:357)
	io.netty.channel.AbstractChannelHandlerContext.fireChannelRead(AbstractChannelHandlerContext.java:352)
	reactor.netty.http.server.HttpTrafficHandler.channelRead(HttpTrafficHandler.java:190)
	io.netty.channel.AbstractChannelHandlerContext.invokeChannelRead(AbstractChannelHandlerContext.java:374)
	io.netty.channel.AbstractChannelHandlerContext.invokeChannelRead(AbstractChannelHandlerContext.java:360)
	io.netty.channel.AbstractChannelHandlerContext.fireChannelRead(AbstractChannelHandlerContext.java:352)
	io.netty.channel.CombinedChannelDuplexHandler$DelegatingChannelHandlerContext.fireChannelRead(CombinedChannelDuplexHandler.java:438)
	io.netty.handler.codec.ByteToMessageDecoder.fireChannelRead(ByteToMessageDecoder.java:323)
	io.netty.handler.codec.ByteToMessageDecoder.fireChannelRead(ByteToMessageDecoder.java:310)
	io.netty.handler.codec.ByteToMessageDecoder.callDecode(ByteToMessageDecoder.java:426)
	io.netty.handler.codec.ByteToMessageDecoder.channelRead(ByteToMessageDecoder.java:278)
	io.netty.channel.CombinedChannelDuplexHandler.channelRead(CombinedChannelDuplexHandler.java:253)
	io.netty.channel.AbstractChannelHandlerContext.invokeChannelRead(AbstractChannelHandlerContext.java:374)
	io.netty.channel.AbstractChannelHandlerContext.invokeChannelRead(AbstractChannelHandlerContext.java:360)
	io.netty.channel.AbstractChannelHandlerContext.fireChannelRead(AbstractChannelHandlerContext.java:352)
	io.netty.channel.DefaultChannelPipeline$HeadContext.channelRead(DefaultChannelPipeline.java:1408)
	io.netty.channel.AbstractChannelHandlerContext.invokeChannelRead(AbstractChannelHandlerContext.java:374)
	io.netty.channel.AbstractChannelHandlerContext.invokeChannelRead(AbstractChannelHandlerContext.java:360)
	io.netty.channel.DefaultChannelPipeline.fireChannelRead(DefaultChannelPipeline.java:930)
	io.netty.channel.nio.AbstractNioByteChannel$NioByteUnsafe.read(AbstractNioByteChannel.java:163)
	io.netty.channel.nio.NioEventLoop.processSelectedKey(NioEventLoop.java:682)
	io.netty.channel.nio.NioEventLoop.processSelectedKeysOptimized(NioEventLoop.java:617)
	io.netty.channel.nio.NioEventLoop.processSelectedKeys(NioEventLoop.java:534)
	io.netty.channel.nio.NioEventLoop.run(NioEventLoop.java:496)
	io.netty.util.concurrent.SingleThreadEventExecutor$5.run(SingleThreadEventExecutor.java:906)
	io.netty.util.internal.ThreadExecutorMap$2.run(ThreadExecutorMap.java:74)
	io.netty.util.concurrent.FastThreadLocalRunnable.run(FastThreadLocalRunnable.java:30)
	java.lang.Thread.run(Thread.java:748)
#7:
	Hint: 'reactor.left.httpTrafficHandler' will handle the message from this point.
	io.netty.handler.codec.http.DefaultHttpContent.touch(DefaultHttpContent.java:88)
	io.netty.handler.codec.http.DefaultHttpContent.touch(DefaultHttpContent.java:24)
	io.netty.channel.DefaultChannelPipeline.touch(DefaultChannelPipeline.java:116)
	io.netty.channel.AbstractChannelHandlerContext.invokeChannelRead(AbstractChannelHandlerContext.java:357)
	io.netty.channel.AbstractChannelHandlerContext.fireChannelRead(AbstractChannelHandlerContext.java:352)
	io.netty.channel.CombinedChannelDuplexHandler$DelegatingChannelHandlerContext.fireChannelRead(CombinedChannelDuplexHandler.java:438)
	io.netty.handler.codec.ByteToMessageDecoder.fireChannelRead(ByteToMessageDecoder.java:323)
	io.netty.handler.codec.ByteToMessageDecoder.fireChannelRead(ByteToMessageDecoder.java:310)
	io.netty.handler.codec.ByteToMessageDecoder.callDecode(ByteToMessageDecoder.java:426)
	io.netty.handler.codec.ByteToMessageDecoder.channelRead(ByteToMessageDecoder.java:278)
	io.netty.channel.CombinedChannelDuplexHandler.channelRead(CombinedChannelDuplexHandler.java:253)
	io.netty.channel.AbstractChannelHandlerContext.invokeChannelRead(AbstractChannelHandlerContext.java:374)
	io.netty.channel.AbstractChannelHandlerContext.invokeChannelRead(AbstractChannelHandlerContext.java:360)
	io.netty.channel.AbstractChannelHandlerContext.fireChannelRead(AbstractChannelHandlerContext.java:352)
	io.netty.channel.DefaultChannelPipeline$HeadContext.channelRead(DefaultChannelPipeline.java:1408)
	io.netty.channel.AbstractChannelHandlerContext.invokeChannelRead(AbstractChannelHandlerContext.java:374)
	io.netty.channel.AbstractChannelHandlerContext.invokeChannelRead(AbstractChannelHandlerContext.java:360)
	io.netty.channel.DefaultChannelPipeline.fireChannelRead(DefaultChannelPipeline.java:930)
	io.netty.channel.nio.AbstractNioByteChannel$NioByteUnsafe.read(AbstractNioByteChannel.java:163)
	io.netty.channel.nio.NioEventLoop.processSelectedKey(NioEventLoop.java:682)
	io.netty.channel.nio.NioEventLoop.processSelectedKeysOptimized(NioEventLoop.java:617)
	io.netty.channel.nio.NioEventLoop.processSelectedKeys(NioEventLoop.java:534)
	io.netty.channel.nio.NioEventLoop.run(NioEventLoop.java:496)
	io.netty.util.concurrent.SingleThreadEventExecutor$5.run(SingleThreadEventExecutor.java:906)
	io.netty.util.internal.ThreadExecutorMap$2.run(ThreadExecutorMap.java:74)
	io.netty.util.concurrent.FastThreadLocalRunnable.run(FastThreadLocalRunnable.java:30)
	java.lang.Thread.run(Thread.java:748)
Created at:
	io.netty.buffer.SimpleLeakAwareByteBuf.unwrappedDerived(SimpleLeakAwareByteBuf.java:143)
	io.netty.buffer.SimpleLeakAwareByteBuf.readRetainedSlice(SimpleLeakAwareByteBuf.java:67)
	io.netty.buffer.AdvancedLeakAwareByteBuf.readRetainedSlice(AdvancedLeakAwareByteBuf.java:107)
	io.netty.handler.codec.http.HttpObjectDecoder.decode(HttpObjectDecoder.java:336)
	io.netty.handler.codec.http.HttpServerCodec$HttpServerRequestDecoder.decode(HttpServerCodec.java:103)
	io.netty.handler.codec.ByteToMessageDecoder.decodeRemovalReentryProtection(ByteToMessageDecoder.java:502)
	io.netty.handler.codec.ByteToMessageDecoder.callDecode(ByteToMessageDecoder.java:441)
	io.netty.handler.codec.ByteToMessageDecoder.channelRead(ByteToMessageDecoder.java:278)
	io.netty.channel.CombinedChannelDuplexHandler.channelRead(CombinedChannelDuplexHandler.java:253)
	io.netty.channel.AbstractChannelHandlerContext.invokeChannelRead(AbstractChannelHandlerContext.java:374)
	io.netty.channel.AbstractChannelHandlerContext.invokeChannelRead(AbstractChannelHandlerContext.java:360)
	io.netty.channel.AbstractChannelHandlerContext.fireChannelRead(AbstractChannelHandlerContext.java:352)
	io.netty.channel.DefaultChannelPipeline$HeadContext.channelRead(DefaultChannelPipeline.java:1408)
	io.netty.channel.AbstractChannelHandlerContext.invokeChannelRead(AbstractChannelHandlerContext.java:374)
	io.netty.channel.AbstractChannelHandlerContext.invokeChannelRead(AbstractChannelHandlerContext.java:360)
	io.netty.channel.DefaultChannelPipeline.fireChannelRead(DefaultChannelPipeline.java:930)
	io.netty.channel.nio.AbstractNioByteChannel$NioByteUnsafe.read(AbstractNioByteChannel.java:163)
	io.netty.channel.nio.NioEventLoop.processSelectedKey(NioEventLoop.java:682)
	io.netty.channel.nio.NioEventLoop.processSelectedKeysOptimized(NioEventLoop.java:617)
	io.netty.channel.nio.NioEventLoop.processSelectedKeys(NioEventLoop.java:534)
	io.netty.channel.nio.NioEventLoop.run(NioEventLoop.java:496)
	io.netty.util.concurrent.SingleThreadEventExecutor$5.run(SingleThreadEventExecutor.java:906)
	io.netty.util.internal.ThreadExecutorMap$2.run(ThreadExecutorMap.java:74)
	io.netty.util.concurrent.FastThreadLocalRunnable.run(FastThreadLocalRunnable.java:30)
	java.lang.Thread.run(Thread.java:748)
: 3 leak records were discarded because the leak record count is targeted to 4. Use system property io.netty.leakDetection.targetRecords to increase the limit.
22:42:59.946 [reactor-http-nio-14] ERROR i.n.u.ResourceLeakDetector - LEAK: ByteBuf.release() was not called before it's garbage-collected. See http://netty.io/wiki/reference-counted-objects.html for more information.
Recent access records: 
#1:
	io.netty.handler.codec.ByteToMessageDecoder.channelRead(ByteToMessageDecoder.java:286)
	io.netty.channel.CombinedChannelDuplexHandler.channelRead(CombinedChannelDuplexHandler.java:253)
	io.netty.channel.AbstractChannelHandlerContext.invokeChannelRead(AbstractChannelHandlerContext.java:374)
	io.netty.channel.AbstractChannelHandlerContext.invokeChannelRead(AbstractChannelHandlerContext.java:360)
	io.netty.channel.AbstractChannelHandlerContext.fireChannelRead(AbstractChannelHandlerContext.java:352)
	io.netty.channel.DefaultChannelPipeline$HeadContext.channelRead(DefaultChannelPipeline.java:1408)
	io.netty.channel.AbstractChannelHandlerContext.invokeChannelRead(AbstractChannelHandlerContext.java:374)
	io.netty.channel.AbstractChannelHandlerContext.invokeChannelRead(AbstractChannelHandlerContext.java:360)
	io.netty.channel.DefaultChannelPipeline.fireChannelRead(DefaultChannelPipeline.java:930)
	io.netty.channel.nio.AbstractNioByteChannel$NioByteUnsafe.read(AbstractNioByteChannel.java:163)
	io.netty.channel.nio.NioEventLoop.processSelectedKey(NioEventLoop.java:682)
	io.netty.channel.nio.NioEventLoop.processSelectedKeysOptimized(NioEventLoop.java:617)
	io.netty.channel.nio.NioEventLoop.processSelectedKeys(NioEventLoop.java:534)
	io.netty.channel.nio.NioEventLoop.run(NioEventLoop.java:496)
	io.netty.util.concurrent.SingleThreadEventExecutor$5.run(SingleThreadEventExecutor.java:906)
	io.netty.util.internal.ThreadExecutorMap$2.run(ThreadExecutorMap.java:74)
	io.netty.util.concurrent.FastThreadLocalRunnable.run(FastThreadLocalRunnable.java:30)
	java.lang.Thread.run(Thread.java:748)
#2:
	io.netty.buffer.AdvancedLeakAwareByteBuf.readRetainedSlice(AdvancedLeakAwareByteBuf.java:106)
	io.netty.handler.codec.http.HttpObjectDecoder.decode(HttpObjectDecoder.java:336)
	io.netty.handler.codec.http.HttpServerCodec$HttpServerRequestDecoder.decode(HttpServerCodec.java:103)
	io.netty.handler.codec.ByteToMessageDecoder.decodeRemovalReentryProtection(ByteToMessageDecoder.java:502)
	io.netty.handler.codec.ByteToMessageDecoder.callDecode(ByteToMessageDecoder.java:441)
	io.netty.handler.codec.ByteToMessageDecoder.channelRead(ByteToMessageDecoder.java:278)
	io.netty.channel.CombinedChannelDuplexHandler.channelRead(CombinedChannelDuplexHandler.java:253)
	io.netty.channel.AbstractChannelHandlerContext.invokeChannelRead(AbstractChannelHandlerContext.java:374)
	io.netty.channel.AbstractChannelHandlerContext.invokeChannelRead(AbstractChannelHandlerContext.java:360)
	io.netty.channel.AbstractChannelHandlerContext.fireChannelRead(AbstractChannelHandlerContext.java:352)
	io.netty.channel.DefaultChannelPipeline$HeadContext.channelRead(DefaultChannelPipeline.java:1408)
	io.netty.channel.AbstractChannelHandlerContext.invokeChannelRead(AbstractChannelHandlerContext.java:374)
	io.netty.channel.AbstractChannelHandlerContext.invokeChannelRead(AbstractChannelHandlerContext.java:360)
	io.netty.channel.DefaultChannelPipeline.fireChannelRead(DefaultChannelPipeline.java:930)
	io.netty.channel.nio.AbstractNioByteChannel$NioByteUnsafe.read(AbstractNioByteChannel.java:163)
	io.netty.channel.nio.NioEventLoop.processSelectedKey(NioEventLoop.java:682)
	io.netty.channel.nio.NioEventLoop.processSelectedKeysOptimized(NioEventLoop.java:617)
	io.netty.channel.nio.NioEventLoop.processSelectedKeys(NioEventLoop.java:534)
	io.netty.channel.nio.NioEventLoop.run(NioEventLoop.java:496)
	io.netty.util.concurrent.SingleThreadEventExecutor$5.run(SingleThreadEventExecutor.java:906)
	io.netty.util.internal.ThreadExecutorMap$2.run(ThreadExecutorMap.java:74)
	io.netty.util.concurrent.FastThreadLocalRunnable.run(FastThreadLocalRunnable.java:30)
	java.lang.Thread.run(Thread.java:748)
#3:
	io.netty.buffer.AdvancedLeakAwareByteBuf.getByte(AdvancedLeakAwareByteBuf.java:154)
	io.netty.handler.codec.http.HttpObjectDecoder.decode(HttpObjectDecoder.java:351)
	io.netty.handler.codec.http.HttpServerCodec$HttpServerRequestDecoder.decode(HttpServerCodec.java:103)
	io.netty.handler.codec.ByteToMessageDecoder.decodeRemovalReentryProtection(ByteToMessageDecoder.java:502)
	io.netty.handler.codec.ByteToMessageDecoder.callDecode(ByteToMessageDecoder.java:441)
	io.netty.handler.codec.ByteToMessageDecoder.channelRead(ByteToMessageDecoder.java:278)
	io.netty.channel.CombinedChannelDuplexHandler.channelRead(CombinedChannelDuplexHandler.java:253)
	io.netty.channel.AbstractChannelHandlerContext.invokeChannelRead(AbstractChannelHandlerContext.java:374)
	io.netty.channel.AbstractChannelHandlerContext.invokeChannelRead(AbstractChannelHandlerContext.java:360)
	io.netty.channel.AbstractChannelHandlerContext.fireChannelRead(AbstractChannelHandlerContext.java:352)
	io.netty.channel.DefaultChannelPipeline$HeadContext.channelRead(DefaultChannelPipeline.java:1408)
	io.netty.channel.AbstractChannelHandlerContext.invokeChannelRead(AbstractChannelHandlerContext.java:374)
	io.netty.channel.AbstractChannelHandlerContext.invokeChannelRead(AbstractChannelHandlerContext.java:360)
	io.netty.channel.DefaultChannelPipeline.fireChannelRead(DefaultChannelPipeline.java:930)
	io.netty.channel.nio.AbstractNioByteChannel$NioByteUnsafe.read(AbstractNioByteChannel.java:163)
	io.netty.channel.nio.NioEventLoop.processSelectedKey(NioEventLoop.java:682)
	io.netty.channel.nio.NioEventLoop.processSelectedKeysOptimized(NioEventLoop.java:617)
	io.netty.channel.nio.NioEventLoop.processSelectedKeys(NioEventLoop.java:534)
	io.netty.channel.nio.NioEventLoop.run(NioEventLoop.java:496)
	io.netty.util.concurrent.SingleThreadEventExecutor$5.run(SingleThreadEventExecutor.java:906)
	io.netty.util.internal.ThreadExecutorMap$2.run(ThreadExecutorMap.java:74)
	io.netty.util.concurrent.FastThreadLocalRunnable.run(FastThreadLocalRunnable.java:30)
	java.lang.Thread.run(Thread.java:748)
#4:
	Hint: 'reactor.left.httpCodec' will handle the message from this point.
	io.netty.channel.DefaultChannelPipeline.touch(DefaultChannelPipeline.java:116)
	io.netty.channel.AbstractChannelHandlerContext.invokeChannelRead(AbstractChannelHandlerContext.java:357)
	io.netty.channel.AbstractChannelHandlerContext.fireChannelRead(AbstractChannelHandlerContext.java:352)
	io.netty.channel.DefaultChannelPipeline$HeadContext.channelRead(DefaultChannelPipeline.java:1408)
	io.netty.channel.AbstractChannelHandlerContext.invokeChannelRead(AbstractChannelHandlerContext.java:374)
	io.netty.channel.AbstractChannelHandlerContext.invokeChannelRead(AbstractChannelHandlerContext.java:360)
	io.netty.channel.DefaultChannelPipeline.fireChannelRead(DefaultChannelPipeline.java:930)
	io.netty.channel.nio.AbstractNioByteChannel$NioByteUnsafe.read(AbstractNioByteChannel.java:163)
	io.netty.channel.nio.NioEventLoop.processSelectedKey(NioEventLoop.java:682)
	io.netty.channel.nio.NioEventLoop.processSelectedKeysOptimized(NioEventLoop.java:617)
	io.netty.channel.nio.NioEventLoop.processSelectedKeys(NioEventLoop.java:534)
	io.netty.channel.nio.NioEventLoop.run(NioEventLoop.java:496)
	io.netty.util.concurrent.SingleThreadEventExecutor$5.run(SingleThreadEventExecutor.java:906)
	io.netty.util.internal.ThreadExecutorMap$2.run(ThreadExecutorMap.java:74)
	io.netty.util.concurrent.FastThreadLocalRunnable.run(FastThreadLocalRunnable.java:30)
	java.lang.Thread.run(Thread.java:748)
#5:
	Hint: 'DefaultChannelPipeline$HeadContext#0' will handle the message from this point.
	io.netty.channel.DefaultChannelPipeline.touch(DefaultChannelPipeline.java:116)
	io.netty.channel.AbstractChannelHandlerContext.invokeChannelRead(AbstractChannelHandlerContext.java:357)
	io.netty.channel.DefaultChannelPipeline.fireChannelRead(DefaultChannelPipeline.java:930)
	io.netty.channel.nio.AbstractNioByteChannel$NioByteUnsafe.read(AbstractNioByteChannel.java:163)
	io.netty.channel.nio.NioEventLoop.processSelectedKey(NioEventLoop.java:682)
	io.netty.channel.nio.NioEventLoop.processSelectedKeysOptimized(NioEventLoop.java:617)
	io.netty.channel.nio.NioEventLoop.processSelectedKeys(NioEventLoop.java:534)
	io.netty.channel.nio.NioEventLoop.run(NioEventLoop.java:496)
	io.netty.util.concurrent.SingleThreadEventExecutor$5.run(SingleThreadEventExecutor.java:906)
	io.netty.util.internal.ThreadExecutorMap$2.run(ThreadExecutorMap.java:74)
	io.netty.util.concurrent.FastThreadLocalRunnable.run(FastThreadLocalRunnable.java:30)
	java.lang.Thread.run(Thread.java:748)
#6:
	io.netty.buffer.AdvancedLeakAwareByteBuf.writeBytes(AdvancedLeakAwareByteBuf.java:634)
	io.netty.channel.socket.nio.NioSocketChannel.doReadBytes(NioSocketChannel.java:347)
	io.netty.channel.nio.AbstractNioByteChannel$NioByteUnsafe.read(AbstractNioByteChannel.java:148)
	io.netty.channel.nio.NioEventLoop.processSelectedKey(NioEventLoop.java:682)
	io.netty.channel.nio.NioEventLoop.processSelectedKeysOptimized(NioEventLoop.java:617)
	io.netty.channel.nio.NioEventLoop.processSelectedKeys(NioEventLoop.java:534)
	io.netty.channel.nio.NioEventLoop.run(NioEventLoop.java:496)
	io.netty.util.concurrent.SingleThreadEventExecutor$5.run(SingleThreadEventExecutor.java:906)
	io.netty.util.internal.ThreadExecutorMap$2.run(ThreadExecutorMap.java:74)
	io.netty.util.concurrent.FastThreadLocalRunnable.run(FastThreadLocalRunnable.java:30)
	java.lang.Thread.run(Thread.java:748)
Created at:
	io.netty.buffer.PooledByteBufAllocator.newDirectBuffer(PooledByteBufAllocator.java:349)
	io.netty.buffer.AbstractByteBufAllocator.directBuffer(AbstractByteBufAllocator.java:187)
	io.netty.buffer.AbstractByteBufAllocator.directBuffer(AbstractByteBufAllocator.java:178)
	io.netty.buffer.AbstractByteBufAllocator.ioBuffer(AbstractByteBufAllocator.java:139)
	io.netty.channel.DefaultMaxMessagesRecvByteBufAllocator$MaxMessageHandle.allocate(DefaultMaxMessagesRecvByteBufAllocator.java:114)
	io.netty.channel.nio.AbstractNioByteChannel$NioByteUnsafe.read(AbstractNioByteChannel.java:147)
	io.netty.channel.nio.NioEventLoop.processSelectedKey(NioEventLoop.java:682)
	io.netty.channel.nio.NioEventLoop.processSelectedKeysOptimized(NioEventLoop.java:617)
	io.netty.channel.nio.NioEventLoop.processSelectedKeys(NioEventLoop.java:534)
	io.netty.channel.nio.NioEventLoop.run(NioEventLoop.java:496)
	io.netty.util.concurrent.SingleThreadEventExecutor$5.run(SingleThreadEventExecutor.java:906)
	io.netty.util.internal.ThreadExecutorMap$2.run(ThreadExecutorMap.java:74)
	io.netty.util.concurrent.FastThreadLocalRunnable.run(FastThreadLocalRunnable.java:30)
	java.lang.Thread.run(Thread.java:748)
: 3 leak records were discarded because they were duplicates
: 64 leak records were discarded because the leak record count is targeted to 4. Use system property io.netty.leakDetection.targetRecords to increase the limit.
22:42:59.947 [reactor-http-nio-14] ERROR i.n.u.ResourceLeakDetector - LEAK: ByteBuf.release() was not called before it's garbage-collected. See http://netty.io/wiki/reference-counted-objects.html for more information.
Recent access records: 
#1:
	io.netty.buffer.AdvancedLeakAwareByteBuf.getBytes(AdvancedLeakAwareByteBuf.java:250)
	io.netty.buffer.CompositeByteBuf.getBytes(CompositeByteBuf.java:1029)
	io.netty.buffer.CompositeByteBuf.getBytes(CompositeByteBuf.java:48)
	io.netty.buffer.AbstractUnpooledSlicedByteBuf.getBytes(AbstractUnpooledSlicedByteBuf.java:243)
	io.netty.buffer.AbstractByteBuf.readBytes(AbstractByteBuf.java:889)
	io.netty.buffer.AbstractByteBuf.readBytes(AbstractByteBuf.java:896)
	io.netty.buffer.WrappedByteBuf.readBytes(WrappedByteBuf.java:649)
	io.netty.buffer.AdvancedLeakAwareByteBuf.readBytes(AdvancedLeakAwareByteBuf.java:497)
	org.springframework.core.io.buffer.NettyDataBuffer.read(NettyDataBuffer.java:159)
	org.springframework.core.io.buffer.NettyDataBuffer.read(NettyDataBuffer.java:43)
	org.springframework.http.codec.multipart.DefaultMultipartMessageReader.toHeaders(DefaultMultipartMessageReader.java:229)
	org.springframework.http.codec.multipart.DefaultMultipartMessageReader.toPart(DefaultMultipartMessageReader.java:197)
	reactor.core.publisher.FluxMap$MapConditionalSubscriber.onNext(FluxMap.java:199)
	reactor.core.publisher.FluxTakeWhile$TakeWhileSubscriber.onNext(FluxTakeWhile.java:94)
	reactor.core.publisher.FluxContextStart$ContextStartSubscriber.onNext(FluxContextStart.java:103)
	reactor.core.publisher.FluxMap$MapConditionalSubscriber.onNext(FluxMap.java:213)
	reactor.core.publisher.FluxBufferPredicate$BufferPredicateSubscriber.emit(FluxBufferPredicate.java:290)
	reactor.core.publisher.FluxBufferPredicate$BufferPredicateSubscriber.onNextNewBuffer(FluxBufferPredicate.java:257)
	reactor.core.publisher.FluxBufferPredicate$BufferPredicateSubscriber.tryOnNext(FluxBufferPredicate.java:211)
	reactor.core.publisher.FluxBufferPredicate$BufferPredicateSubscriber.onNext(FluxBufferPredicate.java:184)
	reactor.core.publisher.FluxFlatMap$FlatMapMain.drainLoop(FluxFlatMap.java:664)
	reactor.core.publisher.FluxFlatMap$FlatMapMain.drain(FluxFlatMap.java:540)
	reactor.core.publisher.FluxFlatMap$FlatMapInner.onSubscribe(FluxFlatMap.java:924)
	reactor.core.publisher.FluxIterable.subscribe(FluxIterable.java:139)
	reactor.core.publisher.FluxIterable.subscribe(FluxIterable.java:63)
	reactor.core.publisher.Flux.subscribe(Flux.java:7922)
	reactor.core.publisher.FluxFlatMap$FlatMapMain.onNext(FluxFlatMap.java:389)
	reactor.core.publisher.FluxConcatMap$ConcatMapImmediate.innerNext(FluxConcatMap.java:275)
	reactor.core.publisher.FluxConcatMap$ConcatMapInner.onNext(FluxConcatMap.java:849)
	reactor.core.publisher.FluxConcatMap$WeakScalarSubscription.request(FluxConcatMap.java:470)
	reactor.core.publisher.Operators$MultiSubscriptionSubscriber.set(Operators.java:1939)
	reactor.core.publisher.FluxConcatMap$ConcatMapImmediate.drain(FluxConcatMap.java:436)
	reactor.core.publisher.FluxConcatMap$ConcatMapImmediate.onNext(FluxConcatMap.java:244)
	reactor.core.publisher.FluxMap$MapSubscriber.onNext(FluxMap.java:114)
	reactor.core.publisher.FluxPeek$PeekSubscriber.onNext(FluxPeek.java:192)
	reactor.core.publisher.FluxMap$MapSubscriber.onNext(FluxMap.java:114)
	reactor.netty.channel.FluxReceive.drainReceiver(FluxReceive.java:206)
	reactor.netty.channel.FluxReceive.onInboundNext(FluxReceive.java:322)
	reactor.netty.channel.ChannelOperations.onInboundNext(ChannelOperations.java:335)
	reactor.netty.http.server.HttpServerOperations.onInboundNext(HttpServerOperations.java:456)
	reactor.netty.channel.ChannelOperationsHandler.channelRead(ChannelOperationsHandler.java:91)
	io.netty.channel.AbstractChannelHandlerContext.invokeChannelRead(AbstractChannelHandlerContext.java:374)
	io.netty.channel.AbstractChannelHandlerContext.invokeChannelRead(AbstractChannelHandlerContext.java:360)
	io.netty.channel.AbstractChannelHandlerContext.fireChannelRead(AbstractChannelHandlerContext.java:352)
	reactor.netty.http.server.HttpTrafficHandler.channelRead(HttpTrafficHandler.java:190)
	io.netty.channel.AbstractChannelHandlerContext.invokeChannelRead(AbstractChannelHandlerContext.java:374)
	io.netty.channel.AbstractChannelHandlerContext.invokeChannelRead(AbstractChannelHandlerContext.java:360)
	io.netty.channel.AbstractChannelHandlerContext.fireChannelRead(AbstractChannelHandlerContext.java:352)
	io.netty.channel.CombinedChannelDuplexHandler$DelegatingChannelHandlerContext.fireChannelRead(CombinedChannelDuplexHandler.java:438)
	io.netty.handler.codec.ByteToMessageDecoder.fireChannelRead(ByteToMessageDecoder.java:323)
	io.netty.handler.codec.ByteToMessageDecoder.fireChannelRead(ByteToMessageDecoder.java:310)
	io.netty.handler.codec.ByteToMessageDecoder.callDecode(ByteToMessageDecoder.java:426)
	io.netty.handler.codec.ByteToMessageDecoder.channelRead(ByteToMessageDecoder.java:278)
	io.netty.channel.CombinedChannelDuplexHandler.channelRead(CombinedChannelDuplexHandler.java:253)
	io.netty.channel.AbstractChannelHandlerContext.invokeChannelRead(AbstractChannelHandlerContext.java:374)
	io.netty.channel.AbstractChannelHandlerContext.invokeChannelRead(AbstractChannelHandlerContext.java:360)
	io.netty.channel.AbstractChannelHandlerContext.fireChannelRead(AbstractChannelHandlerContext.java:352)
	io.netty.channel.DefaultChannelPipeline$HeadContext.channelRead(DefaultChannelPipeline.java:1408)
	io.netty.channel.AbstractChannelHandlerContext.invokeChannelRead(AbstractChannelHandlerContext.java:374)
	io.netty.channel.AbstractChannelHandlerContext.invokeChannelRead(AbstractChannelHandlerContext.java:360)
	io.netty.channel.DefaultChannelPipeline.fireChannelRead(DefaultChannelPipeline.java:930)
	io.netty.channel.nio.AbstractNioByteChannel$NioByteUnsafe.read(AbstractNioByteChannel.java:163)
	io.netty.channel.nio.NioEventLoop.processSelectedKey(NioEventLoop.java:682)
	io.netty.channel.nio.NioEventLoop.processSelectedKeysOptimized(NioEventLoop.java:617)
	io.netty.channel.nio.NioEventLoop.processSelectedKeys(NioEventLoop.java:534)
	io.netty.channel.nio.NioEventLoop.run(NioEventLoop.java:496)
	io.netty.util.concurrent.SingleThreadEventExecutor$5.run(SingleThreadEventExecutor.java:906)
	io.netty.util.internal.ThreadExecutorMap$2.run(ThreadExecutorMap.java:74)
	io.netty.util.concurrent.FastThreadLocalRunnable.run(FastThreadLocalRunnable.java:30)
	java.lang.Thread.run(Thread.java:748)
#2:
	io.netty.buffer.AdvancedLeakAwareByteBuf.getByte(AdvancedLeakAwareByteBuf.java:154)
	org.springframework.core.io.buffer.NettyDataBuffer.getByte(NettyDataBuffer.java:132)
	org.springframework.core.io.buffer.DataBufferUtils$KnuthMorrisPrattMatcher.match(DataBufferUtils.java:1005)
	org.springframework.core.io.buffer.DataBufferUtils.endFrameAfterDelimiter(DataBufferUtils.java:634)
	org.springframework.core.io.buffer.DataBufferUtils.lambda$split$18(DataBufferUtils.java:603)
	reactor.core.publisher.FluxFlatMap$FlatMapMain.onNext(FluxFlatMap.java:350)
	reactor.core.publisher.FluxConcatMap$ConcatMapImmediate.innerNext(FluxConcatMap.java:275)
	reactor.core.publisher.FluxConcatMap$ConcatMapInner.onNext(FluxConcatMap.java:849)
	reactor.core.publisher.FluxConcatMap$WeakScalarSubscription.request(FluxConcatMap.java:470)
	reactor.core.publisher.Operators$MultiSubscriptionSubscriber.set(Operators.java:1939)
	reactor.core.publisher.FluxConcatMap$ConcatMapImmediate.drain(FluxConcatMap.java:436)
	reactor.core.publisher.FluxConcatMap$ConcatMapImmediate.onNext(FluxConcatMap.java:244)
	reactor.core.publisher.FluxMap$MapSubscriber.onNext(FluxMap.java:114)
	reactor.core.publisher.FluxPeek$PeekSubscriber.onNext(FluxPeek.java:192)
	reactor.core.publisher.FluxMap$MapSubscriber.onNext(FluxMap.java:114)
	reactor.netty.channel.FluxReceive.drainReceiver(FluxReceive.java:206)
	reactor.netty.channel.FluxReceive.onInboundNext(FluxReceive.java:322)
	reactor.netty.channel.ChannelOperations.onInboundNext(ChannelOperations.java:335)
	reactor.netty.http.server.HttpServerOperations.onInboundNext(HttpServerOperations.java:456)
	reactor.netty.channel.ChannelOperationsHandler.channelRead(ChannelOperationsHandler.java:91)
	io.netty.channel.AbstractChannelHandlerContext.invokeChannelRead(AbstractChannelHandlerContext.java:374)
	io.netty.channel.AbstractChannelHandlerContext.invokeChannelRead(AbstractChannelHandlerContext.java:360)
	io.netty.channel.AbstractChannelHandlerContext.fireChannelRead(AbstractChannelHandlerContext.java:352)
	reactor.netty.http.server.HttpTrafficHandler.channelRead(HttpTrafficHandler.java:190)
	io.netty.channel.AbstractChannelHandlerContext.invokeChannelRead(AbstractChannelHandlerContext.java:374)
	io.netty.channel.AbstractChannelHandlerContext.invokeChannelRead(AbstractChannelHandlerContext.java:360)
	io.netty.channel.AbstractChannelHandlerContext.fireChannelRead(AbstractChannelHandlerContext.java:352)
	io.netty.channel.CombinedChannelDuplexHandler$DelegatingChannelHandlerContext.fireChannelRead(CombinedChannelDuplexHandler.java:438)
	io.netty.handler.codec.ByteToMessageDecoder.fireChannelRead(ByteToMessageDecoder.java:323)
	io.netty.handler.codec.ByteToMessageDecoder.fireChannelRead(ByteToMessageDecoder.java:310)
	io.netty.handler.codec.ByteToMessageDecoder.callDecode(ByteToMessageDecoder.java:426)
	io.netty.handler.codec.ByteToMessageDecoder.channelRead(ByteToMessageDecoder.java:278)
	io.netty.channel.CombinedChannelDuplexHandler.channelRead(CombinedChannelDuplexHandler.java:253)
	io.netty.channel.AbstractChannelHandlerContext.invokeChannelRead(AbstractChannelHandlerContext.java:374)
	io.netty.channel.AbstractChannelHandlerContext.invokeChannelRead(AbstractChannelHandlerContext.java:360)
	io.netty.channel.AbstractChannelHandlerContext.fireChannelRead(AbstractChannelHandlerContext.java:352)
	io.netty.channel.DefaultChannelPipeline$HeadContext.channelRead(DefaultChannelPipeline.java:1408)
	io.netty.channel.AbstractChannelHandlerContext.invokeChannelRead(AbstractChannelHandlerContext.java:374)
	io.netty.channel.AbstractChannelHandlerContext.invokeChannelRead(AbstractChannelHandlerContext.java:360)
	io.netty.channel.DefaultChannelPipeline.fireChannelRead(DefaultChannelPipeline.java:930)
	io.netty.channel.nio.AbstractNioByteChannel$NioByteUnsafe.read(AbstractNioByteChannel.java:163)
	io.netty.channel.nio.NioEventLoop.processSelectedKey(NioEventLoop.java:682)
	io.netty.channel.nio.NioEventLoop.processSelectedKeysOptimized(NioEventLoop.java:617)
	io.netty.channel.nio.NioEventLoop.processSelectedKeys(NioEventLoop.java:534)
	io.netty.channel.nio.NioEventLoop.run(NioEventLoop.java:496)
	io.netty.util.concurrent.SingleThreadEventExecutor$5.run(SingleThreadEventExecutor.java:906)
	io.netty.util.internal.ThreadExecutorMap$2.run(ThreadExecutorMap.java:74)
	io.netty.util.concurrent.FastThreadLocalRunnable.run(FastThreadLocalRunnable.java:30)
	java.lang.Thread.run(Thread.java:748)
#3:
	reactor.core.publisher.FluxPeek$PeekSubscriber.onNext(FluxPeek.java:177)
	reactor.core.publisher.FluxMap$MapSubscriber.onNext(FluxMap.java:114)
	reactor.netty.channel.FluxReceive.drainReceiver(FluxReceive.java:206)
	reactor.netty.channel.FluxReceive.onInboundNext(FluxReceive.java:322)
	reactor.netty.channel.ChannelOperations.onInboundNext(ChannelOperations.java:335)
	reactor.netty.http.server.HttpServerOperations.onInboundNext(HttpServerOperations.java:456)
	reactor.netty.channel.ChannelOperationsHandler.channelRead(ChannelOperationsHandler.java:91)
	io.netty.channel.AbstractChannelHandlerContext.invokeChannelRead(AbstractChannelHandlerContext.java:374)
	io.netty.channel.AbstractChannelHandlerContext.invokeChannelRead(AbstractChannelHandlerContext.java:360)
	io.netty.channel.AbstractChannelHandlerContext.fireChannelRead(AbstractChannelHandlerContext.java:352)
	reactor.netty.http.server.HttpTrafficHandler.channelRead(HttpTrafficHandler.java:190)
	io.netty.channel.AbstractChannelHandlerContext.invokeChannelRead(AbstractChannelHandlerContext.java:374)
	io.netty.channel.AbstractChannelHandlerContext.invokeChannelRead(AbstractChannelHandlerContext.java:360)
	io.netty.channel.AbstractChannelHandlerContext.fireChannelRead(AbstractChannelHandlerContext.java:352)
	io.netty.channel.CombinedChannelDuplexHandler$DelegatingChannelHandlerContext.fireChannelRead(CombinedChannelDuplexHandler.java:438)
	io.netty.handler.codec.ByteToMessageDecoder.fireChannelRead(ByteToMessageDecoder.java:323)
	io.netty.handler.codec.ByteToMessageDecoder.fireChannelRead(ByteToMessageDecoder.java:310)
	io.netty.handler.codec.ByteToMessageDecoder.callDecode(ByteToMessageDecoder.java:426)
	io.netty.handler.codec.ByteToMessageDecoder.channelRead(ByteToMessageDecoder.java:278)
	io.netty.channel.CombinedChannelDuplexHandler.channelRead(CombinedChannelDuplexHandler.java:253)
	io.netty.channel.AbstractChannelHandlerContext.invokeChannelRead(AbstractChannelHandlerContext.java:374)
	io.netty.channel.AbstractChannelHandlerContext.invokeChannelRead(AbstractChannelHandlerContext.java:360)
	io.netty.channel.AbstractChannelHandlerContext.fireChannelRead(AbstractChannelHandlerContext.java:352)
	io.netty.channel.DefaultChannelPipeline$HeadContext.channelRead(DefaultChannelPipeline.java:1408)
	io.netty.channel.AbstractChannelHandlerContext.invokeChannelRead(AbstractChannelHandlerContext.java:374)
	io.netty.channel.AbstractChannelHandlerContext.invokeChannelRead(AbstractChannelHandlerContext.java:360)
	io.netty.channel.DefaultChannelPipeline.fireChannelRead(DefaultChannelPipeline.java:930)
	io.netty.channel.nio.AbstractNioByteChannel$NioByteUnsafe.read(AbstractNioByteChannel.java:163)
	io.netty.channel.nio.NioEventLoop.processSelectedKey(NioEventLoop.java:682)
	io.netty.channel.nio.NioEventLoop.processSelectedKeysOptimized(NioEventLoop.java:617)
	io.netty.channel.nio.NioEventLoop.processSelectedKeys(NioEventLoop.java:534)
	io.netty.channel.nio.NioEventLoop.run(NioEventLoop.java:496)
	io.netty.util.concurrent.SingleThreadEventExecutor$5.run(SingleThreadEventExecutor.java:906)
	io.netty.util.internal.ThreadExecutorMap$2.run(ThreadExecutorMap.java:74)
	io.netty.util.concurrent.FastThreadLocalRunnable.run(FastThreadLocalRunnable.java:30)
	java.lang.Thread.run(Thread.java:748)
#4:
	Hint: 'reactor.right.reactiveBridge' will handle the message from this point.
	io.netty.handler.codec.http.DefaultHttpContent.touch(DefaultHttpContent.java:88)
	io.netty.handler.codec.http.DefaultHttpContent.touch(DefaultHttpContent.java:24)
	io.netty.channel.DefaultChannelPipeline.touch(DefaultChannelPipeline.java:116)
	io.netty.channel.AbstractChannelHandlerContext.invokeChannelRead(AbstractChannelHandlerContext.java:357)
	io.netty.channel.AbstractChannelHandlerContext.fireChannelRead(AbstractChannelHandlerContext.java:352)
	reactor.netty.http.server.HttpTrafficHandler.channelRead(HttpTrafficHandler.java:190)
	io.netty.channel.AbstractChannelHandlerContext.invokeChannelRead(AbstractChannelHandlerContext.java:374)
	io.netty.channel.AbstractChannelHandlerContext.invokeChannelRead(AbstractChannelHandlerContext.java:360)
	io.netty.channel.AbstractChannelHandlerContext.fireChannelRead(AbstractChannelHandlerContext.java:352)
	io.netty.channel.CombinedChannelDuplexHandler$DelegatingChannelHandlerContext.fireChannelRead(CombinedChannelDuplexHandler.java:438)
	io.netty.handler.codec.ByteToMessageDecoder.fireChannelRead(ByteToMessageDecoder.java:323)
	io.netty.handler.codec.ByteToMessageDecoder.fireChannelRead(ByteToMessageDecoder.java:310)
	io.netty.handler.codec.ByteToMessageDecoder.callDecode(ByteToMessageDecoder.java:426)
	io.netty.handler.codec.ByteToMessageDecoder.channelRead(ByteToMessageDecoder.java:278)
	io.netty.channel.CombinedChannelDuplexHandler.channelRead(CombinedChannelDuplexHandler.java:253)
	io.netty.channel.AbstractChannelHandlerContext.invokeChannelRead(AbstractChannelHandlerContext.java:374)
	io.netty.channel.AbstractChannelHandlerContext.invokeChannelRead(AbstractChannelHandlerContext.java:360)
	io.netty.channel.AbstractChannelHandlerContext.fireChannelRead(AbstractChannelHandlerContext.java:352)
	io.netty.channel.DefaultChannelPipeline$HeadContext.channelRead(DefaultChannelPipeline.java:1408)
	io.netty.channel.AbstractChannelHandlerContext.invokeChannelRead(AbstractChannelHandlerContext.java:374)
	io.netty.channel.AbstractChannelHandlerContext.invokeChannelRead(AbstractChannelHandlerContext.java:360)
	io.netty.channel.DefaultChannelPipeline.fireChannelRead(DefaultChannelPipeline.java:930)
	io.netty.channel.nio.AbstractNioByteChannel$NioByteUnsafe.read(AbstractNioByteChannel.java:163)
	io.netty.channel.nio.NioEventLoop.processSelectedKey(NioEventLoop.java:682)
	io.netty.channel.nio.NioEventLoop.processSelectedKeysOptimized(NioEventLoop.java:617)
	io.netty.channel.nio.NioEventLoop.processSelectedKeys(NioEventLoop.java:534)
	io.netty.channel.nio.NioEventLoop.run(NioEventLoop.java:496)
	io.netty.util.concurrent.SingleThreadEventExecutor$5.run(SingleThreadEventExecutor.java:906)
	io.netty.util.internal.ThreadExecutorMap$2.run(ThreadExecutorMap.java:74)
	io.netty.util.concurrent.FastThreadLocalRunnable.run(FastThreadLocalRunnable.java:30)
	java.lang.Thread.run(Thread.java:748)
#5:
	Hint: 'reactor.left.httpTrafficHandler' will handle the message from this point.
	io.netty.handler.codec.http.DefaultHttpContent.touch(DefaultHttpContent.java:88)
	io.netty.handler.codec.http.DefaultHttpContent.touch(DefaultHttpContent.java:24)
	io.netty.channel.DefaultChannelPipeline.touch(DefaultChannelPipeline.java:116)
	io.netty.channel.AbstractChannelHandlerContext.invokeChannelRead(AbstractChannelHandlerContext.java:357)
	io.netty.channel.AbstractChannelHandlerContext.fireChannelRead(AbstractChannelHandlerContext.java:352)
	io.netty.channel.CombinedChannelDuplexHandler$DelegatingChannelHandlerContext.fireChannelRead(CombinedChannelDuplexHandler.java:438)
	io.netty.handler.codec.ByteToMessageDecoder.fireChannelRead(ByteToMessageDecoder.java:323)
	io.netty.handler.codec.ByteToMessageDecoder.fireChannelRead(ByteToMessageDecoder.java:310)
	io.netty.handler.codec.ByteToMessageDecoder.callDecode(ByteToMessageDecoder.java:426)
	io.netty.handler.codec.ByteToMessageDecoder.channelRead(ByteToMessageDecoder.java:278)
	io.netty.channel.CombinedChannelDuplexHandler.channelRead(CombinedChannelDuplexHandler.java:253)
	io.netty.channel.AbstractChannelHandlerContext.invokeChannelRead(AbstractChannelHandlerContext.java:374)
	io.netty.channel.AbstractChannelHandlerContext.invokeChannelRead(AbstractChannelHandlerContext.java:360)
	io.netty.channel.AbstractChannelHandlerContext.fireChannelRead(AbstractChannelHandlerContext.java:352)
	io.netty.channel.DefaultChannelPipeline$HeadContext.channelRead(DefaultChannelPipeline.java:1408)
	io.netty.channel.AbstractChannelHandlerContext.invokeChannelRead(AbstractChannelHandlerContext.java:374)
	io.netty.channel.AbstractChannelHandlerContext.invokeChannelRead(AbstractChannelHandlerContext.java:360)
	io.netty.channel.DefaultChannelPipeline.fireChannelRead(DefaultChannelPipeline.java:930)
	io.netty.channel.nio.AbstractNioByteChannel$NioByteUnsafe.read(AbstractNioByteChannel.java:163)
	io.netty.channel.nio.NioEventLoop.processSelectedKey(NioEventLoop.java:682)
	io.netty.channel.nio.NioEventLoop.processSelectedKeysOptimized(NioEventLoop.java:617)
	io.netty.channel.nio.NioEventLoop.processSelectedKeys(NioEventLoop.java:534)
	io.netty.channel.nio.NioEventLoop.run(NioEventLoop.java:496)
	io.netty.util.concurrent.SingleThreadEventExecutor$5.run(SingleThreadEventExecutor.java:906)
	io.netty.util.internal.ThreadExecutorMap$2.run(ThreadExecutorMap.java:74)
	io.netty.util.concurrent.FastThreadLocalRunnable.run(FastThreadLocalRunnable.java:30)
	java.lang.Thread.run(Thread.java:748)
Created at:
	io.netty.buffer.SimpleLeakAwareByteBuf.unwrappedDerived(SimpleLeakAwareByteBuf.java:143)
	io.netty.buffer.SimpleLeakAwareByteBuf.readRetainedSlice(SimpleLeakAwareByteBuf.java:67)
	io.netty.buffer.AdvancedLeakAwareByteBuf.readRetainedSlice(AdvancedLeakAwareByteBuf.java:107)
	io.netty.handler.codec.http.HttpObjectDecoder.decode(HttpObjectDecoder.java:336)
	io.netty.handler.codec.http.HttpServerCodec$HttpServerRequestDecoder.decode(HttpServerCodec.java:103)
	io.netty.handler.codec.ByteToMessageDecoder.decodeRemovalReentryProtection(ByteToMessageDecoder.java:502)
	io.netty.handler.codec.ByteToMessageDecoder.callDecode(ByteToMessageDecoder.java:441)
	io.netty.handler.codec.ByteToMessageDecoder.channelRead(ByteToMessageDecoder.java:278)
	io.netty.channel.CombinedChannelDuplexHandler.channelRead(CombinedChannelDuplexHandler.java:253)
	io.netty.channel.AbstractChannelHandlerContext.invokeChannelRead(AbstractChannelHandlerContext.java:374)
	io.netty.channel.AbstractChannelHandlerContext.invokeChannelRead(AbstractChannelHandlerContext.java:360)
	io.netty.channel.AbstractChannelHandlerContext.fireChannelRead(AbstractChannelHandlerContext.java:352)
	io.netty.channel.DefaultChannelPipeline$HeadContext.channelRead(DefaultChannelPipeline.java:1408)
	io.netty.channel.AbstractChannelHandlerContext.invokeChannelRead(AbstractChannelHandlerContext.java:374)
	io.netty.channel.AbstractChannelHandlerContext.invokeChannelRead(AbstractChannelHandlerContext.java:360)
	io.netty.channel.DefaultChannelPipeline.fireChannelRead(DefaultChannelPipeline.java:930)
	io.netty.channel.nio.AbstractNioByteChannel$NioByteUnsafe.read(AbstractNioByteChannel.java:163)
	io.netty.channel.nio.NioEventLoop.processSelectedKey(NioEventLoop.java:682)
	io.netty.channel.nio.NioEventLoop.processSelectedKeysOptimized(NioEventLoop.java:617)
	io.netty.channel.nio.NioEventLoop.processSelectedKeys(NioEventLoop.java:534)
	io.netty.channel.nio.NioEventLoop.run(NioEventLoop.java:496)
	io.netty.util.concurrent.SingleThreadEventExecutor$5.run(SingleThreadEventExecutor.java:906)
	io.netty.util.internal.ThreadExecutorMap$2.run(ThreadExecutorMap.java:74)
	io.netty.util.concurrent.FastThreadLocalRunnable.run(FastThreadLocalRunnable.java:30)
	java.lang.Thread.run(Thread.java:748)
: 5 leak records were discarded because they were duplicates
: 235 leak records were discarded because the leak record count is targeted to 4. Use system property io.netty.leakDetection.targetRecords to increase the limit.
22:42:59.948 [reactor-http-nio-14] ERROR i.n.u.ResourceLeakDetector - LEAK: ByteBuf.release() was not called before it's garbage-collected. See http://netty.io/wiki/reference-counted-objects.html for more information.
Recent access records: 
#1:
	io.netty.buffer.AdvancedLeakAwareByteBuf.order(AdvancedLeakAwareByteBuf.java:70)
	io.netty.buffer.CompositeByteBuf.newComponent(CompositeByteBuf.java:318)
	io.netty.buffer.CompositeByteBuf.addComponent0(CompositeByteBuf.java:280)
	io.netty.buffer.CompositeByteBuf.addComponent(CompositeByteBuf.java:265)
	io.netty.buffer.CompositeByteBuf.addComponent(CompositeByteBuf.java:222)
	io.netty.buffer.WrappedCompositeByteBuf.addComponent(WrappedCompositeByteBuf.java:529)
	io.netty.buffer.AdvancedLeakAwareCompositeByteBuf.addComponent(AdvancedLeakAwareCompositeByteBuf.java:921)
	org.springframework.core.io.buffer.NettyDataBufferFactory.join(NettyDataBufferFactory.java:111)
	org.springframework.core.io.buffer.DataBufferUtils.joinAndStrip(DataBufferUtils.java:686)
	org.springframework.core.io.buffer.DataBufferUtils.lambda$split$20(DataBufferUtils.java:605)
	reactor.core.publisher.FluxMap$MapConditionalSubscriber.onNext(FluxMap.java:199)
	reactor.core.publisher.FluxBufferPredicate$BufferPredicateSubscriber.emit(FluxBufferPredicate.java:290)
	reactor.core.publisher.FluxBufferPredicate$BufferPredicateSubscriber.onNextNewBuffer(FluxBufferPredicate.java:257)
	reactor.core.publisher.FluxBufferPredicate$BufferPredicateSubscriber.tryOnNext(FluxBufferPredicate.java:211)
	reactor.core.publisher.FluxBufferPredicate$BufferPredicateSubscriber.onNext(FluxBufferPredicate.java:184)
	reactor.core.publisher.FluxFlatMap$FlatMapMain.drainLoop(FluxFlatMap.java:664)
	reactor.core.publisher.FluxFlatMap$FlatMapMain.drain(FluxFlatMap.java:540)
	reactor.core.publisher.FluxFlatMap$FlatMapInner.onSubscribe(FluxFlatMap.java:924)
	reactor.core.publisher.FluxIterable.subscribe(FluxIterable.java:139)
	reactor.core.publisher.FluxIterable.subscribe(FluxIterable.java:63)
	reactor.core.publisher.Flux.subscribe(Flux.java:7922)
	reactor.core.publisher.FluxFlatMap$FlatMapMain.onNext(FluxFlatMap.java:389)
	reactor.core.publisher.FluxConcatMap$ConcatMapImmediate.innerNext(FluxConcatMap.java:275)
	reactor.core.publisher.FluxConcatMap$ConcatMapInner.onNext(FluxConcatMap.java:849)
	reactor.core.publisher.FluxConcatMap$WeakScalarSubscription.request(FluxConcatMap.java:470)
	reactor.core.publisher.Operators$MultiSubscriptionSubscriber.set(Operators.java:1939)
	reactor.core.publisher.FluxConcatMap$ConcatMapImmediate.drain(FluxConcatMap.java:436)
	reactor.core.publisher.FluxConcatMap$ConcatMapImmediate.onNext(FluxConcatMap.java:244)
	reactor.core.publisher.FluxMap$MapSubscriber.onNext(FluxMap.java:114)
	reactor.core.publisher.FluxPeek$PeekSubscriber.onNext(FluxPeek.java:192)
	reactor.core.publisher.FluxMap$MapSubscriber.onNext(FluxMap.java:114)
	reactor.netty.channel.FluxReceive.drainReceiver(FluxReceive.java:206)
	reactor.netty.channel.FluxReceive.onInboundNext(FluxReceive.java:322)
	reactor.netty.channel.ChannelOperations.onInboundNext(ChannelOperations.java:335)
	reactor.netty.http.server.HttpServerOperations.onInboundNext(HttpServerOperations.java:456)
	reactor.netty.channel.ChannelOperationsHandler.channelRead(ChannelOperationsHandler.java:91)
	io.netty.channel.AbstractChannelHandlerContext.invokeChannelRead(AbstractChannelHandlerContext.java:374)
	io.netty.channel.AbstractChannelHandlerContext.invokeChannelRead(AbstractChannelHandlerContext.java:360)
	io.netty.channel.AbstractChannelHandlerContext.fireChannelRead(AbstractChannelHandlerContext.java:352)
	reactor.netty.http.server.HttpTrafficHandler.channelRead(HttpTrafficHandler.java:190)
	io.netty.channel.AbstractChannelHandlerContext.invokeChannelRead(AbstractChannelHandlerContext.java:374)
	io.netty.channel.AbstractChannelHandlerContext.invokeChannelRead(AbstractChannelHandlerContext.java:360)
	io.netty.channel.AbstractChannelHandlerContext.fireChannelRead(AbstractChannelHandlerContext.java:352)
	io.netty.channel.CombinedChannelDuplexHandler$DelegatingChannelHandlerContext.fireChannelRead(CombinedChannelDuplexHandler.java:438)
	io.netty.handler.codec.ByteToMessageDecoder.fireChannelRead(ByteToMessageDecoder.java:323)
	io.netty.handler.codec.ByteToMessageDecoder.fireChannelRead(ByteToMessageDecoder.java:310)
	io.netty.handler.codec.ByteToMessageDecoder.callDecode(ByteToMessageDecoder.java:426)
	io.netty.handler.codec.ByteToMessageDecoder.channelRead(ByteToMessageDecoder.java:278)
	io.netty.channel.CombinedChannelDuplexHandler.channelRead(CombinedChannelDuplexHandler.java:253)
	io.netty.channel.AbstractChannelHandlerContext.invokeChannelRead(AbstractChannelHandlerContext.java:374)
	io.netty.channel.AbstractChannelHandlerContext.invokeChannelRead(AbstractChannelHandlerContext.java:360)
	io.netty.channel.AbstractChannelHandlerContext.fireChannelRead(AbstractChannelHandlerContext.java:352)
	io.netty.channel.DefaultChannelPipeline$HeadContext.channelRead(DefaultChannelPipeline.java:1408)
	io.netty.channel.AbstractChannelHandlerContext.invokeChannelRead(AbstractChannelHandlerContext.java:374)
	io.netty.channel.AbstractChannelHandlerContext.invokeChannelRead(AbstractChannelHandlerContext.java:360)
	io.netty.channel.DefaultChannelPipeline.fireChannelRead(DefaultChannelPipeline.java:930)
	io.netty.channel.nio.AbstractNioByteChannel$NioByteUnsafe.read(AbstractNioByteChannel.java:163)
	io.netty.channel.nio.NioEventLoop.processSelectedKey(NioEventLoop.java:682)
	io.netty.channel.nio.NioEventLoop.processSelectedKeysOptimized(NioEventLoop.java:617)
	io.netty.channel.nio.NioEventLoop.processSelectedKeys(NioEventLoop.java:534)
	io.netty.channel.nio.NioEventLoop.run(NioEventLoop.java:496)
	io.netty.util.concurrent.SingleThreadEventExecutor$5.run(SingleThreadEventExecutor.java:906)
	io.netty.util.internal.ThreadExecutorMap$2.run(ThreadExecutorMap.java:74)
	io.netty.util.concurrent.FastThreadLocalRunnable.run(FastThreadLocalRunnable.java:30)
	java.lang.Thread.run(Thread.java:748)
#2:
	io.netty.buffer.AdvancedLeakAwareByteBuf.getByte(AdvancedLeakAwareByteBuf.java:154)
	org.springframework.core.io.buffer.NettyDataBuffer.getByte(NettyDataBuffer.java:132)
	org.springframework.core.io.buffer.DataBufferUtils$KnuthMorrisPrattMatcher.match(DataBufferUtils.java:1005)
	org.springframework.core.io.buffer.DataBufferUtils.endFrameAfterDelimiter(DataBufferUtils.java:634)
	org.springframework.core.io.buffer.DataBufferUtils.lambda$split$18(DataBufferUtils.java:603)
	reactor.core.publisher.FluxFlatMap$FlatMapMain.onNext(FluxFlatMap.java:350)
	reactor.core.publisher.FluxConcatMap$ConcatMapImmediate.innerNext(FluxConcatMap.java:275)
	reactor.core.publisher.FluxConcatMap$ConcatMapInner.onNext(FluxConcatMap.java:849)
	reactor.core.publisher.FluxConcatMap$WeakScalarSubscription.request(FluxConcatMap.java:470)
	reactor.core.publisher.Operators$MultiSubscriptionSubscriber.set(Operators.java:1939)
	reactor.core.publisher.FluxConcatMap$ConcatMapImmediate.drain(FluxConcatMap.java:436)
	reactor.core.publisher.FluxConcatMap$ConcatMapImmediate.onNext(FluxConcatMap.java:244)
	reactor.core.publisher.FluxMap$MapSubscriber.onNext(FluxMap.java:114)
	reactor.core.publisher.FluxPeek$PeekSubscriber.onNext(FluxPeek.java:192)
	reactor.core.publisher.FluxMap$MapSubscriber.onNext(FluxMap.java:114)
	reactor.netty.channel.FluxReceive.drainReceiver(FluxReceive.java:206)
	reactor.netty.channel.FluxReceive.onInboundNext(FluxReceive.java:322)
	reactor.netty.channel.ChannelOperations.onInboundNext(ChannelOperations.java:335)
	reactor.netty.http.server.HttpServerOperations.onInboundNext(HttpServerOperations.java:456)
	reactor.netty.channel.ChannelOperationsHandler.channelRead(ChannelOperationsHandler.java:91)
	io.netty.channel.AbstractChannelHandlerContext.invokeChannelRead(AbstractChannelHandlerContext.java:374)
	io.netty.channel.AbstractChannelHandlerContext.invokeChannelRead(AbstractChannelHandlerContext.java:360)
	io.netty.channel.AbstractChannelHandlerContext.fireChannelRead(AbstractChannelHandlerContext.java:352)
	reactor.netty.http.server.HttpTrafficHandler.channelRead(HttpTrafficHandler.java:190)
	io.netty.channel.AbstractChannelHandlerContext.invokeChannelRead(AbstractChannelHandlerContext.java:374)
	io.netty.channel.AbstractChannelHandlerContext.invokeChannelRead(AbstractChannelHandlerContext.java:360)
	io.netty.channel.AbstractChannelHandlerContext.fireChannelRead(AbstractChannelHandlerContext.java:352)
	io.netty.channel.CombinedChannelDuplexHandler$DelegatingChannelHandlerContext.fireChannelRead(CombinedChannelDuplexHandler.java:438)
	io.netty.handler.codec.ByteToMessageDecoder.fireChannelRead(ByteToMessageDecoder.java:323)
	io.netty.handler.codec.ByteToMessageDecoder.channelRead(ByteToMessageDecoder.java:297)
	io.netty.channel.CombinedChannelDuplexHandler.channelRead(CombinedChannelDuplexHandler.java:253)
	io.netty.channel.AbstractChannelHandlerContext.invokeChannelRead(AbstractChannelHandlerContext.java:374)
	io.netty.channel.AbstractChannelHandlerContext.invokeChannelRead(AbstractChannelHandlerContext.java:360)
	io.netty.channel.AbstractChannelHandlerContext.fireChannelRead(AbstractChannelHandlerContext.java:352)
	io.netty.channel.DefaultChannelPipeline$HeadContext.channelRead(DefaultChannelPipeline.java:1408)
	io.netty.channel.AbstractChannelHandlerContext.invokeChannelRead(AbstractChannelHandlerContext.java:374)
	io.netty.channel.AbstractChannelHandlerContext.invokeChannelRead(AbstractChannelHandlerContext.java:360)
	io.netty.channel.DefaultChannelPipeline.fireChannelRead(DefaultChannelPipeline.java:930)
	io.netty.channel.nio.AbstractNioByteChannel$NioByteUnsafe.read(AbstractNioByteChannel.java:163)
	io.netty.channel.nio.NioEventLoop.processSelectedKey(NioEventLoop.java:682)
	io.netty.channel.nio.NioEventLoop.processSelectedKeysOptimized(NioEventLoop.java:617)
	io.netty.channel.nio.NioEventLoop.processSelectedKeys(NioEventLoop.java:534)
	io.netty.channel.nio.NioEventLoop.run(NioEventLoop.java:496)
	io.netty.util.concurrent.SingleThreadEventExecutor$5.run(SingleThreadEventExecutor.java:906)
	io.netty.util.internal.ThreadExecutorMap$2.run(ThreadExecutorMap.java:74)
	io.netty.util.concurrent.FastThreadLocalRunnable.run(FastThreadLocalRunnable.java:30)
	java.lang.Thread.run(Thread.java:748)
#3:
	org.springframework.core.io.buffer.NettyDataBufferFactory.wrap(NettyDataBufferFactory.java:93)
	reactor.core.publisher.FluxMap$MapSubscriber.onNext(FluxMap.java:100)
	reactor.core.publisher.FluxPeek$PeekSubscriber.onNext(FluxPeek.java:192)
	reactor.core.publisher.FluxMap$MapSubscriber.onNext(FluxMap.java:114)
	reactor.netty.channel.FluxReceive.drainReceiver(FluxReceive.java:206)
	reactor.netty.channel.FluxReceive.onInboundNext(FluxReceive.java:322)
	reactor.netty.channel.ChannelOperations.onInboundNext(ChannelOperations.java:335)
	reactor.netty.http.server.HttpServerOperations.onInboundNext(HttpServerOperations.java:456)
	reactor.netty.channel.ChannelOperationsHandler.channelRead(ChannelOperationsHandler.java:91)
	io.netty.channel.AbstractChannelHandlerContext.invokeChannelRead(AbstractChannelHandlerContext.java:374)
	io.netty.channel.AbstractChannelHandlerContext.invokeChannelRead(AbstractChannelHandlerContext.java:360)
	io.netty.channel.AbstractChannelHandlerContext.fireChannelRead(AbstractChannelHandlerContext.java:352)
	reactor.netty.http.server.HttpTrafficHandler.channelRead(HttpTrafficHandler.java:190)
	io.netty.channel.AbstractChannelHandlerContext.invokeChannelRead(AbstractChannelHandlerContext.java:374)
	io.netty.channel.AbstractChannelHandlerContext.invokeChannelRead(AbstractChannelHandlerContext.java:360)
	io.netty.channel.AbstractChannelHandlerContext.fireChannelRead(AbstractChannelHandlerContext.java:352)
	io.netty.channel.CombinedChannelDuplexHandler$DelegatingChannelHandlerContext.fireChannelRead(CombinedChannelDuplexHandler.java:438)
	io.netty.handler.codec.ByteToMessageDecoder.fireChannelRead(ByteToMessageDecoder.java:323)
	io.netty.handler.codec.ByteToMessageDecoder.channelRead(ByteToMessageDecoder.java:297)
	io.netty.channel.CombinedChannelDuplexHandler.channelRead(CombinedChannelDuplexHandler.java:253)
	io.netty.channel.AbstractChannelHandlerContext.invokeChannelRead(AbstractChannelHandlerContext.java:374)
	io.netty.channel.AbstractChannelHandlerContext.invokeChannelRead(AbstractChannelHandlerContext.java:360)
	io.netty.channel.AbstractChannelHandlerContext.fireChannelRead(AbstractChannelHandlerContext.java:352)
	io.netty.channel.DefaultChannelPipeline$HeadContext.channelRead(DefaultChannelPipeline.java:1408)
	io.netty.channel.AbstractChannelHandlerContext.invokeChannelRead(AbstractChannelHandlerContext.java:374)
	io.netty.channel.AbstractChannelHandlerContext.invokeChannelRead(AbstractChannelHandlerContext.java:360)
	io.netty.channel.DefaultChannelPipeline.fireChannelRead(DefaultChannelPipeline.java:930)
	io.netty.channel.nio.AbstractNioByteChannel$NioByteUnsafe.read(AbstractNioByteChannel.java:163)
	io.netty.channel.nio.NioEventLoop.processSelectedKey(NioEventLoop.java:682)
	io.netty.channel.nio.NioEventLoop.processSelectedKeysOptimized(NioEventLoop.java:617)
	io.netty.channel.nio.NioEventLoop.processSelectedKeys(NioEventLoop.java:534)
	io.netty.channel.nio.NioEventLoop.run(NioEventLoop.java:496)
	io.netty.util.concurrent.SingleThreadEventExecutor$5.run(SingleThreadEventExecutor.java:906)
	io.netty.util.internal.ThreadExecutorMap$2.run(ThreadExecutorMap.java:74)
	io.netty.util.concurrent.FastThreadLocalRunnable.run(FastThreadLocalRunnable.java:30)
	java.lang.Thread.run(Thread.java:748)
#4:
	reactor.core.publisher.FluxPeek$PeekSubscriber.onNext(FluxPeek.java:177)
	reactor.core.publisher.FluxMap$MapSubscriber.onNext(FluxMap.java:114)
	reactor.netty.channel.FluxReceive.drainReceiver(FluxReceive.java:206)
	reactor.netty.channel.FluxReceive.onInboundNext(FluxReceive.java:322)
	reactor.netty.channel.ChannelOperations.onInboundNext(ChannelOperations.java:335)
	reactor.netty.http.server.HttpServerOperations.onInboundNext(HttpServerOperations.java:456)
	reactor.netty.channel.ChannelOperationsHandler.channelRead(ChannelOperationsHandler.java:91)
	io.netty.channel.AbstractChannelHandlerContext.invokeChannelRead(AbstractChannelHandlerContext.java:374)
	io.netty.channel.AbstractChannelHandlerContext.invokeChannelRead(AbstractChannelHandlerContext.java:360)
	io.netty.channel.AbstractChannelHandlerContext.fireChannelRead(AbstractChannelHandlerContext.java:352)
	reactor.netty.http.server.HttpTrafficHandler.channelRead(HttpTrafficHandler.java:190)
	io.netty.channel.AbstractChannelHandlerContext.invokeChannelRead(AbstractChannelHandlerContext.java:374)
	io.netty.channel.AbstractChannelHandlerContext.invokeChannelRead(AbstractChannelHandlerContext.java:360)
	io.netty.channel.AbstractChannelHandlerContext.fireChannelRead(AbstractChannelHandlerContext.java:352)
	io.netty.channel.CombinedChannelDuplexHandler$DelegatingChannelHandlerContext.fireChannelRead(CombinedChannelDuplexHandler.java:438)
	io.netty.handler.codec.ByteToMessageDecoder.fireChannelRead(ByteToMessageDecoder.java:323)
	io.netty.handler.codec.ByteToMessageDecoder.channelRead(ByteToMessageDecoder.java:297)
	io.netty.channel.CombinedChannelDuplexHandler.channelRead(CombinedChannelDuplexHandler.java:253)
	io.netty.channel.AbstractChannelHandlerContext.invokeChannelRead(AbstractChannelHandlerContext.java:374)
	io.netty.channel.AbstractChannelHandlerContext.invokeChannelRead(AbstractChannelHandlerContext.java:360)
	io.netty.channel.AbstractChannelHandlerContext.fireChannelRead(AbstractChannelHandlerContext.java:352)
	io.netty.channel.DefaultChannelPipeline$HeadContext.channelRead(DefaultChannelPipeline.java:1408)
	io.netty.channel.AbstractChannelHandlerContext.invokeChannelRead(AbstractChannelHandlerContext.java:374)
	io.netty.channel.AbstractChannelHandlerContext.invokeChannelRead(AbstractChannelHandlerContext.java:360)
	io.netty.channel.DefaultChannelPipeline.fireChannelRead(DefaultChannelPipeline.java:930)
	io.netty.channel.nio.AbstractNioByteChannel$NioByteUnsafe.read(AbstractNioByteChannel.java:163)
	io.netty.channel.nio.NioEventLoop.processSelectedKey(NioEventLoop.java:682)
	io.netty.channel.nio.NioEventLoop.processSelectedKeysOptimized(NioEventLoop.java:617)
	io.netty.channel.nio.NioEventLoop.processSelectedKeys(NioEventLoop.java:534)
	io.netty.channel.nio.NioEventLoop.run(NioEventLoop.java:496)
	io.netty.util.concurrent.SingleThreadEventExecutor$5.run(SingleThreadEventExecutor.java:906)
	io.netty.util.internal.ThreadExecutorMap$2.run(ThreadExecutorMap.java:74)
	io.netty.util.concurrent.FastThreadLocalRunnable.run(FastThreadLocalRunnable.java:30)
	java.lang.Thread.run(Thread.java:748)
#5:
	Hint: 'reactor.right.reactiveBridge' will handle the message from this point.
	io.netty.handler.codec.http.DefaultHttpContent.touch(DefaultHttpContent.java:88)
	io.netty.handler.codec.http.DefaultHttpContent.touch(DefaultHttpContent.java:24)
	io.netty.channel.DefaultChannelPipeline.touch(DefaultChannelPipeline.java:116)
	io.netty.channel.AbstractChannelHandlerContext.invokeChannelRead(AbstractChannelHandlerContext.java:357)
	io.netty.channel.AbstractChannelHandlerContext.fireChannelRead(AbstractChannelHandlerContext.java:352)
	reactor.netty.http.server.HttpTrafficHandler.channelRead(HttpTrafficHandler.java:190)
	io.netty.channel.AbstractChannelHandlerContext.invokeChannelRead(AbstractChannelHandlerContext.java:374)
	io.netty.channel.AbstractChannelHandlerContext.invokeChannelRead(AbstractChannelHandlerContext.java:360)
	io.netty.channel.AbstractChannelHandlerContext.fireChannelRead(AbstractChannelHandlerContext.java:352)
	io.netty.channel.CombinedChannelDuplexHandler$DelegatingChannelHandlerContext.fireChannelRead(CombinedChannelDuplexHandler.java:438)
	io.netty.handler.codec.ByteToMessageDecoder.fireChannelRead(ByteToMessageDecoder.java:323)
	io.netty.handler.codec.ByteToMessageDecoder.channelRead(ByteToMessageDecoder.java:297)
	io.netty.channel.CombinedChannelDuplexHandler.channelRead(CombinedChannelDuplexHandler.java:253)
	io.netty.channel.AbstractChannelHandlerContext.invokeChannelRead(AbstractChannelHandlerContext.java:374)
	io.netty.channel.AbstractChannelHandlerContext.invokeChannelRead(AbstractChannelHandlerContext.java:360)
	io.netty.channel.AbstractChannelHandlerContext.fireChannelRead(AbstractChannelHandlerContext.java:352)
	io.netty.channel.DefaultChannelPipeline$HeadContext.channelRead(DefaultChannelPipeline.java:1408)
	io.netty.channel.AbstractChannelHandlerContext.invokeChannelRead(AbstractChannelHandlerContext.java:374)
	io.netty.channel.AbstractChannelHandlerContext.invokeChannelRead(AbstractChannelHandlerContext.java:360)
	io.netty.channel.DefaultChannelPipeline.fireChannelRead(DefaultChannelPipeline.java:930)
	io.netty.channel.nio.AbstractNioByteChannel$NioByteUnsafe.read(AbstractNioByteChannel.java:163)
	io.netty.channel.nio.NioEventLoop.processSelectedKey(NioEventLoop.java:682)
	io.netty.channel.nio.NioEventLoop.processSelectedKeysOptimized(NioEventLoop.java:617)
	io.netty.channel.nio.NioEventLoop.processSelectedKeys(NioEventLoop.java:534)
	io.netty.channel.nio.NioEventLoop.run(NioEventLoop.java:496)
	io.netty.util.concurrent.SingleThreadEventExecutor$5.run(SingleThreadEventExecutor.java:906)
	io.netty.util.internal.ThreadExecutorMap$2.run(ThreadExecutorMap.java:74)
	io.netty.util.concurrent.FastThreadLocalRunnable.run(FastThreadLocalRunnable.java:30)
	java.lang.Thread.run(Thread.java:748)
#6:
	Hint: 'reactor.left.httpTrafficHandler' will handle the message from this point.
	io.netty.handler.codec.http.DefaultHttpContent.touch(DefaultHttpContent.java:88)
	io.netty.handler.codec.http.DefaultHttpContent.touch(DefaultHttpContent.java:24)
	io.netty.channel.DefaultChannelPipeline.touch(DefaultChannelPipeline.java:116)
	io.netty.channel.AbstractChannelHandlerContext.invokeChannelRead(AbstractChannelHandlerContext.java:357)
	io.netty.channel.AbstractChannelHandlerContext.fireChannelRead(AbstractChannelHandlerContext.java:352)
	io.netty.channel.CombinedChannelDuplexHandler$DelegatingChannelHandlerContext.fireChannelRead(CombinedChannelDuplexHandler.java:438)
	io.netty.handler.codec.ByteToMessageDecoder.fireChannelRead(ByteToMessageDecoder.java:323)
	io.netty.handler.codec.ByteToMessageDecoder.channelRead(ByteToMessageDecoder.java:297)
	io.netty.channel.CombinedChannelDuplexHandler.channelRead(CombinedChannelDuplexHandler.java:253)
	io.netty.channel.AbstractChannelHandlerContext.invokeChannelRead(AbstractChannelHandlerContext.java:374)
	io.netty.channel.AbstractChannelHandlerContext.invokeChannelRead(AbstractChannelHandlerContext.java:360)
	io.netty.channel.AbstractChannelHandlerContext.fireChannelRead(AbstractChannelHandlerContext.java:352)
	io.netty.channel.DefaultChannelPipeline$HeadContext.channelRead(DefaultChannelPipeline.java:1408)
	io.netty.channel.AbstractChannelHandlerContext.invokeChannelRead(AbstractChannelHandlerContext.java:374)
	io.netty.channel.AbstractChannelHandlerContext.invokeChannelRead(AbstractChannelHandlerContext.java:360)
	io.netty.channel.DefaultChannelPipeline.fireChannelRead(DefaultChannelPipeline.java:930)
	io.netty.channel.nio.AbstractNioByteChannel$NioByteUnsafe.read(AbstractNioByteChannel.java:163)
	io.netty.channel.nio.NioEventLoop.processSelectedKey(NioEventLoop.java:682)
	io.netty.channel.nio.NioEventLoop.processSelectedKeysOptimized(NioEventLoop.java:617)
	io.netty.channel.nio.NioEventLoop.processSelectedKeys(NioEventLoop.java:534)
	io.netty.channel.nio.NioEventLoop.run(NioEventLoop.java:496)
	io.netty.util.concurrent.SingleThreadEventExecutor$5.run(SingleThreadEventExecutor.java:906)
	io.netty.util.internal.ThreadExecutorMap$2.run(ThreadExecutorMap.java:74)
	io.netty.util.concurrent.FastThreadLocalRunnable.run(FastThreadLocalRunnable.java:30)
	java.lang.Thread.run(Thread.java:748)
Created at:
	io.netty.buffer.SimpleLeakAwareByteBuf.unwrappedDerived(SimpleLeakAwareByteBuf.java:143)
	io.netty.buffer.SimpleLeakAwareByteBuf.readRetainedSlice(SimpleLeakAwareByteBuf.java:67)
	io.netty.buffer.AdvancedLeakAwareByteBuf.readRetainedSlice(AdvancedLeakAwareByteBuf.java:107)
	io.netty.handler.codec.http.HttpObjectDecoder.decode(HttpObjectDecoder.java:336)
	io.netty.handler.codec.http.HttpServerCodec$HttpServerRequestDecoder.decode(HttpServerCodec.java:103)
	io.netty.handler.codec.ByteToMessageDecoder.decodeRemovalReentryProtection(ByteToMessageDecoder.java:502)
	io.netty.handler.codec.ByteToMessageDecoder.callDecode(ByteToMessageDecoder.java:441)
	io.netty.handler.codec.ByteToMessageDecoder.channelRead(ByteToMessageDecoder.java:278)
	io.netty.channel.CombinedChannelDuplexHandler.channelRead(CombinedChannelDuplexHandler.java:253)
	io.netty.channel.AbstractChannelHandlerContext.invokeChannelRead(AbstractChannelHandlerContext.java:374)
	io.netty.channel.AbstractChannelHandlerContext.invokeChannelRead(AbstractChannelHandlerContext.java:360)
	io.netty.channel.AbstractChannelHandlerContext.fireChannelRead(AbstractChannelHandlerContext.java:352)
	io.netty.channel.DefaultChannelPipeline$HeadContext.channelRead(DefaultChannelPipeline.java:1408)
	io.netty.channel.AbstractChannelHandlerContext.invokeChannelRead(AbstractChannelHandlerContext.java:374)
	io.netty.channel.AbstractChannelHandlerContext.invokeChannelRead(AbstractChannelHandlerContext.java:360)
	io.netty.channel.DefaultChannelPipeline.fireChannelRead(DefaultChannelPipeline.java:930)
	io.netty.channel.nio.AbstractNioByteChannel$NioByteUnsafe.read(AbstractNioByteChannel.java:163)
	io.netty.channel.nio.NioEventLoop.processSelectedKey(NioEventLoop.java:682)
	io.netty.channel.nio.NioEventLoop.processSelectedKeysOptimized(NioEventLoop.java:617)
	io.netty.channel.nio.NioEventLoop.processSelectedKeys(NioEventLoop.java:534)
	io.netty.channel.nio.NioEventLoop.run(NioEventLoop.java:496)
	io.netty.util.concurrent.SingleThreadEventExecutor$5.run(SingleThreadEventExecutor.java:906)
	io.netty.util.internal.ThreadExecutorMap$2.run(ThreadExecutorMap.java:74)
	io.netty.util.concurrent.FastThreadLocalRunnable.run(FastThreadLocalRunnable.java:30)
	java.lang.Thread.run(Thread.java:748)
: 6 leak records were discarded because they were duplicates
: 297 leak records were discarded because the leak record count is targeted to 4. Use system property io.netty.leakDetection.targetRecords to increase the limit.
22:42:59.949 [reactor-http-nio-14] ERROR i.n.u.ResourceLeakDetector - LEAK: ByteBuf.release() was not called before it's garbage-collected. See http://netty.io/wiki/reference-counted-objects.html for more information.
Recent access records: 
#1:
	org.springframework.core.io.buffer.NettyDataBuffer.release(NettyDataBuffer.java:308)
	org.springframework.core.io.buffer.DataBufferUtils.release(DataBufferUtils.java:498)
	org.springframework.http.codec.multipart.DefaultMultipartMessageReader.toPart(DefaultMultipartMessageReader.java:206)
	reactor.core.publisher.FluxMap$MapConditionalSubscriber.onNext(FluxMap.java:199)
	reactor.core.publisher.FluxTakeWhile$TakeWhileSubscriber.onNext(FluxTakeWhile.java:94)
	reactor.core.publisher.FluxContextStart$ContextStartSubscriber.onNext(FluxContextStart.java:103)
	reactor.core.publisher.FluxMap$MapConditionalSubscriber.onNext(FluxMap.java:213)
	reactor.core.publisher.FluxBufferPredicate$BufferPredicateSubscriber.emit(FluxBufferPredicate.java:290)
	reactor.core.publisher.FluxBufferPredicate$BufferPredicateSubscriber.onNextNewBuffer(FluxBufferPredicate.java:257)
	reactor.core.publisher.FluxBufferPredicate$BufferPredicateSubscriber.tryOnNext(FluxBufferPredicate.java:211)
	reactor.core.publisher.FluxBufferPredicate$BufferPredicateSubscriber.onNext(FluxBufferPredicate.java:184)
	reactor.core.publisher.FluxFlatMap$FlatMapMain.drainLoop(FluxFlatMap.java:664)
	reactor.core.publisher.FluxFlatMap$FlatMapMain.drain(FluxFlatMap.java:540)
	reactor.core.publisher.FluxFlatMap$FlatMapInner.onSubscribe(FluxFlatMap.java:924)
	reactor.core.publisher.FluxIterable.subscribe(FluxIterable.java:139)
	reactor.core.publisher.FluxIterable.subscribe(FluxIterable.java:63)
	reactor.core.publisher.Flux.subscribe(Flux.java:7922)
	reactor.core.publisher.FluxFlatMap$FlatMapMain.onNext(FluxFlatMap.java:389)
	reactor.core.publisher.FluxConcatMap$ConcatMapImmediate.innerNext(FluxConcatMap.java:275)
	reactor.core.publisher.FluxConcatMap$ConcatMapInner.onNext(FluxConcatMap.java:849)
	reactor.core.publisher.FluxConcatMap$WeakScalarSubscription.request(FluxConcatMap.java:470)
	reactor.core.publisher.Operators$MultiSubscriptionSubscriber.set(Operators.java:1939)
	reactor.core.publisher.FluxConcatMap$ConcatMapImmediate.drain(FluxConcatMap.java:436)
	reactor.core.publisher.FluxConcatMap$ConcatMapImmediate.onNext(FluxConcatMap.java:244)
	reactor.core.publisher.FluxMap$MapSubscriber.onNext(FluxMap.java:114)
	reactor.core.publisher.FluxPeek$PeekSubscriber.onNext(FluxPeek.java:192)
	reactor.core.publisher.FluxMap$MapSubscriber.onNext(FluxMap.java:114)
	reactor.netty.channel.FluxReceive.drainReceiver(FluxReceive.java:206)
	reactor.netty.channel.FluxReceive.onInboundNext(FluxReceive.java:322)
	reactor.netty.channel.ChannelOperations.onInboundNext(ChannelOperations.java:335)
	reactor.netty.http.server.HttpServerOperations.onInboundNext(HttpServerOperations.java:456)
	reactor.netty.channel.ChannelOperationsHandler.channelRead(ChannelOperationsHandler.java:91)
	io.netty.channel.AbstractChannelHandlerContext.invokeChannelRead(AbstractChannelHandlerContext.java:374)
	io.netty.channel.AbstractChannelHandlerContext.invokeChannelRead(AbstractChannelHandlerContext.java:360)
	io.netty.channel.AbstractChannelHandlerContext.fireChannelRead(AbstractChannelHandlerContext.java:352)
	reactor.netty.http.server.HttpTrafficHandler.channelRead(HttpTrafficHandler.java:190)
	io.netty.channel.AbstractChannelHandlerContext.invokeChannelRead(AbstractChannelHandlerContext.java:374)
	io.netty.channel.AbstractChannelHandlerContext.invokeChannelRead(AbstractChannelHandlerContext.java:360)
	io.netty.channel.AbstractChannelHandlerContext.fireChannelRead(AbstractChannelHandlerContext.java:352)
	io.netty.channel.CombinedChannelDuplexHandler$DelegatingChannelHandlerContext.fireChannelRead(CombinedChannelDuplexHandler.java:438)
	io.netty.handler.codec.ByteToMessageDecoder.fireChannelRead(ByteToMessageDecoder.java:323)
	io.netty.handler.codec.ByteToMessageDecoder.fireChannelRead(ByteToMessageDecoder.java:310)
	io.netty.handler.codec.ByteToMessageDecoder.callDecode(ByteToMessageDecoder.java:426)
	io.netty.handler.codec.ByteToMessageDecoder.channelRead(ByteToMessageDecoder.java:278)
	io.netty.channel.CombinedChannelDuplexHandler.channelRead(CombinedChannelDuplexHandler.java:253)
	io.netty.channel.AbstractChannelHandlerContext.invokeChannelRead(AbstractChannelHandlerContext.java:374)
	io.netty.channel.AbstractChannelHandlerContext.invokeChannelRead(AbstractChannelHandlerContext.java:360)
	io.netty.channel.AbstractChannelHandlerContext.fireChannelRead(AbstractChannelHandlerContext.java:352)
	io.netty.channel.DefaultChannelPipeline$HeadContext.channelRead(DefaultChannelPipeline.java:1408)
	io.netty.channel.AbstractChannelHandlerContext.invokeChannelRead(AbstractChannelHandlerContext.java:374)
	io.netty.channel.AbstractChannelHandlerContext.invokeChannelRead(AbstractChannelHandlerContext.java:360)
	io.netty.channel.DefaultChannelPipeline.fireChannelRead(DefaultChannelPipeline.java:930)
	io.netty.channel.nio.AbstractNioByteChannel$NioByteUnsafe.read(AbstractNioByteChannel.java:163)
	io.netty.channel.nio.NioEventLoop.processSelectedKey(NioEventLoop.java:682)
	io.netty.channel.nio.NioEventLoop.processSelectedKeysOptimized(NioEventLoop.java:617)
	io.netty.channel.nio.NioEventLoop.processSelectedKeys(NioEventLoop.java:534)
	io.netty.channel.nio.NioEventLoop.run(NioEventLoop.java:496)
	io.netty.util.concurrent.SingleThreadEventExecutor$5.run(SingleThreadEventExecutor.java:906)
	io.netty.util.internal.ThreadExecutorMap$2.run(ThreadExecutorMap.java:74)
	io.netty.util.concurrent.FastThreadLocalRunnable.run(FastThreadLocalRunnable.java:30)
	java.lang.Thread.run(Thread.java:748)
#2:
	io.netty.buffer.AdvancedLeakAwareCompositeByteBuf.getByte(AdvancedLeakAwareCompositeByteBuf.java:140)
	org.springframework.core.io.buffer.NettyDataBuffer.getByte(NettyDataBuffer.java:132)
	org.springframework.core.io.buffer.DataBufferUtils$KnuthMorrisPrattMatcher.match(DataBufferUtils.java:1005)
	org.springframework.http.codec.multipart.DefaultMultipartMessageReader.toPart(DefaultMultipartMessageReader.java:184)
	reactor.core.publisher.FluxMap$MapConditionalSubscriber.onNext(FluxMap.java:199)
	reactor.core.publisher.FluxTakeWhile$TakeWhileSubscriber.onNext(FluxTakeWhile.java:94)
	reactor.core.publisher.FluxContextStart$ContextStartSubscriber.onNext(FluxContextStart.java:103)
	reactor.core.publisher.FluxMap$MapConditionalSubscriber.onNext(FluxMap.java:213)
	reactor.core.publisher.FluxBufferPredicate$BufferPredicateSubscriber.emit(FluxBufferPredicate.java:290)
	reactor.core.publisher.FluxBufferPredicate$BufferPredicateSubscriber.onNextNewBuffer(FluxBufferPredicate.java:257)
	reactor.core.publisher.FluxBufferPredicate$BufferPredicateSubscriber.tryOnNext(FluxBufferPredicate.java:211)
	reactor.core.publisher.FluxBufferPredicate$BufferPredicateSubscriber.onNext(FluxBufferPredicate.java:184)
	reactor.core.publisher.FluxFlatMap$FlatMapMain.drainLoop(FluxFlatMap.java:664)
	reactor.core.publisher.FluxFlatMap$FlatMapMain.drain(FluxFlatMap.java:540)
	reactor.core.publisher.FluxFlatMap$FlatMapInner.onSubscribe(FluxFlatMap.java:924)
	reactor.core.publisher.FluxIterable.subscribe(FluxIterable.java:139)
	reactor.core.publisher.FluxIterable.subscribe(FluxIterable.java:63)
	reactor.core.publisher.Flux.subscribe(Flux.java:7922)
	reactor.core.publisher.FluxFlatMap$FlatMapMain.onNext(FluxFlatMap.java:389)
	reactor.core.publisher.FluxConcatMap$ConcatMapImmediate.innerNext(FluxConcatMap.java:275)
	reactor.core.publisher.FluxConcatMap$ConcatMapInner.onNext(FluxConcatMap.java:849)
	reactor.core.publisher.FluxConcatMap$WeakScalarSubscription.request(FluxConcatMap.java:470)
	reactor.core.publisher.Operators$MultiSubscriptionSubscriber.set(Operators.java:1939)
	reactor.core.publisher.FluxConcatMap$ConcatMapImmediate.drain(FluxConcatMap.java:436)
	reactor.core.publisher.FluxConcatMap$ConcatMapImmediate.onNext(FluxConcatMap.java:244)
	reactor.core.publisher.FluxMap$MapSubscriber.onNext(FluxMap.java:114)
	reactor.core.publisher.FluxPeek$PeekSubscriber.onNext(FluxPeek.java:192)
	reactor.core.publisher.FluxMap$MapSubscriber.onNext(FluxMap.java:114)
	reactor.netty.channel.FluxReceive.drainReceiver(FluxReceive.java:206)
	reactor.netty.channel.FluxReceive.onInboundNext(FluxReceive.java:322)
	reactor.netty.channel.ChannelOperations.onInboundNext(ChannelOperations.java:335)
	reactor.netty.http.server.HttpServerOperations.onInboundNext(HttpServerOperations.java:456)
	reactor.netty.channel.ChannelOperationsHandler.channelRead(ChannelOperationsHandler.java:91)
	io.netty.channel.AbstractChannelHandlerContext.invokeChannelRead(AbstractChannelHandlerContext.java:374)
	io.netty.channel.AbstractChannelHandlerContext.invokeChannelRead(AbstractChannelHandlerContext.java:360)
	io.netty.channel.AbstractChannelHandlerContext.fireChannelRead(AbstractChannelHandlerContext.java:352)
	reactor.netty.http.server.HttpTrafficHandler.channelRead(HttpTrafficHandler.java:190)
	io.netty.channel.AbstractChannelHandlerContext.invokeChannelRead(AbstractChannelHandlerContext.java:374)
	io.netty.channel.AbstractChannelHandlerContext.invokeChannelRead(AbstractChannelHandlerContext.java:360)
	io.netty.channel.AbstractChannelHandlerContext.fireChannelRead(AbstractChannelHandlerContext.java:352)
	io.netty.channel.CombinedChannelDuplexHandler$DelegatingChannelHandlerContext.fireChannelRead(CombinedChannelDuplexHandler.java:438)
	io.netty.handler.codec.ByteToMessageDecoder.fireChannelRead(ByteToMessageDecoder.java:323)
	io.netty.handler.codec.ByteToMessageDecoder.fireChannelRead(ByteToMessageDecoder.java:310)
	io.netty.handler.codec.ByteToMessageDecoder.callDecode(ByteToMessageDecoder.java:426)
	io.netty.handler.codec.ByteToMessageDecoder.channelRead(ByteToMessageDecoder.java:278)
	io.netty.channel.CombinedChannelDuplexHandler.channelRead(CombinedChannelDuplexHandler.java:253)
	io.netty.channel.AbstractChannelHandlerContext.invokeChannelRead(AbstractChannelHandlerContext.java:374)
	io.netty.channel.AbstractChannelHandlerContext.invokeChannelRead(AbstractChannelHandlerContext.java:360)
	io.netty.channel.AbstractChannelHandlerContext.fireChannelRead(AbstractChannelHandlerContext.java:352)
	io.netty.channel.DefaultChannelPipeline$HeadContext.channelRead(DefaultChannelPipeline.java:1408)
	io.netty.channel.AbstractChannelHandlerContext.invokeChannelRead(AbstractChannelHandlerContext.java:374)
	io.netty.channel.AbstractChannelHandlerContext.invokeChannelRead(AbstractChannelHandlerContext.java:360)
	io.netty.channel.DefaultChannelPipeline.fireChannelRead(DefaultChannelPipeline.java:930)
	io.netty.channel.nio.AbstractNioByteChannel$NioByteUnsafe.read(AbstractNioByteChannel.java:163)
	io.netty.channel.nio.NioEventLoop.processSelectedKey(NioEventLoop.java:682)
	io.netty.channel.nio.NioEventLoop.processSelectedKeysOptimized(NioEventLoop.java:617)
	io.netty.channel.nio.NioEventLoop.processSelectedKeys(NioEventLoop.java:534)
	io.netty.channel.nio.NioEventLoop.run(NioEventLoop.java:496)
	io.netty.util.concurrent.SingleThreadEventExecutor$5.run(SingleThreadEventExecutor.java:906)
	io.netty.util.internal.ThreadExecutorMap$2.run(ThreadExecutorMap.java:74)
	io.netty.util.concurrent.FastThreadLocalRunnable.run(FastThreadLocalRunnable.java:30)
	java.lang.Thread.run(Thread.java:748)
#3:
	io.netty.buffer.AdvancedLeakAwareCompositeByteBuf.addComponent(AdvancedLeakAwareCompositeByteBuf.java:920)
	org.springframework.core.io.buffer.NettyDataBufferFactory.join(NettyDataBufferFactory.java:111)
	org.springframework.core.io.buffer.DataBufferUtils.joinAndStrip(DataBufferUtils.java:686)
	org.springframework.core.io.buffer.DataBufferUtils.lambda$split$20(DataBufferUtils.java:605)
	reactor.core.publisher.FluxMap$MapConditionalSubscriber.onNext(FluxMap.java:199)
	reactor.core.publisher.FluxBufferPredicate$BufferPredicateSubscriber.emit(FluxBufferPredicate.java:290)
	reactor.core.publisher.FluxBufferPredicate$BufferPredicateSubscriber.onNextNewBuffer(FluxBufferPredicate.java:257)
	reactor.core.publisher.FluxBufferPredicate$BufferPredicateSubscriber.tryOnNext(FluxBufferPredicate.java:211)
	reactor.core.publisher.FluxBufferPredicate$BufferPredicateSubscriber.onNext(FluxBufferPredicate.java:184)
	reactor.core.publisher.FluxFlatMap$FlatMapMain.drainLoop(FluxFlatMap.java:664)
	reactor.core.publisher.FluxFlatMap$FlatMapMain.drain(FluxFlatMap.java:540)
	reactor.core.publisher.FluxFlatMap$FlatMapInner.onSubscribe(FluxFlatMap.java:924)
	reactor.core.publisher.FluxIterable.subscribe(FluxIterable.java:139)
	reactor.core.publisher.FluxIterable.subscribe(FluxIterable.java:63)
	reactor.core.publisher.Flux.subscribe(Flux.java:7922)
	reactor.core.publisher.FluxFlatMap$FlatMapMain.onNext(FluxFlatMap.java:389)
	reactor.core.publisher.FluxConcatMap$ConcatMapImmediate.innerNext(FluxConcatMap.java:275)
	reactor.core.publisher.FluxConcatMap$ConcatMapInner.onNext(FluxConcatMap.java:849)
	reactor.core.publisher.FluxConcatMap$WeakScalarSubscription.request(FluxConcatMap.java:470)
	reactor.core.publisher.Operators$MultiSubscriptionSubscriber.set(Operators.java:1939)
	reactor.core.publisher.FluxConcatMap$ConcatMapImmediate.drain(FluxConcatMap.java:436)
	reactor.core.publisher.FluxConcatMap$ConcatMapImmediate.onNext(FluxConcatMap.java:244)
	reactor.core.publisher.FluxMap$MapSubscriber.onNext(FluxMap.java:114)
	reactor.core.publisher.FluxPeek$PeekSubscriber.onNext(FluxPeek.java:192)
	reactor.core.publisher.FluxMap$MapSubscriber.onNext(FluxMap.java:114)
	reactor.netty.channel.FluxReceive.drainReceiver(FluxReceive.java:206)
	reactor.netty.channel.FluxReceive.onInboundNext(FluxReceive.java:322)
	reactor.netty.channel.ChannelOperations.onInboundNext(ChannelOperations.java:335)
	reactor.netty.http.server.HttpServerOperations.onInboundNext(HttpServerOperations.java:456)
	reactor.netty.channel.ChannelOperationsHandler.channelRead(ChannelOperationsHandler.java:91)
	io.netty.channel.AbstractChannelHandlerContext.invokeChannelRead(AbstractChannelHandlerContext.java:374)
	io.netty.channel.AbstractChannelHandlerContext.invokeChannelRead(AbstractChannelHandlerContext.java:360)
	io.netty.channel.AbstractChannelHandlerContext.fireChannelRead(AbstractChannelHandlerContext.java:352)
	reactor.netty.http.server.HttpTrafficHandler.channelRead(HttpTrafficHandler.java:190)
	io.netty.channel.AbstractChannelHandlerContext.invokeChannelRead(AbstractChannelHandlerContext.java:374)
	io.netty.channel.AbstractChannelHandlerContext.invokeChannelRead(AbstractChannelHandlerContext.java:360)
	io.netty.channel.AbstractChannelHandlerContext.fireChannelRead(AbstractChannelHandlerContext.java:352)
	io.netty.channel.CombinedChannelDuplexHandler$DelegatingChannelHandlerContext.fireChannelRead(CombinedChannelDuplexHandler.java:438)
	io.netty.handler.codec.ByteToMessageDecoder.fireChannelRead(ByteToMessageDecoder.java:323)
	io.netty.handler.codec.ByteToMessageDecoder.fireChannelRead(ByteToMessageDecoder.java:310)
	io.netty.handler.codec.ByteToMessageDecoder.callDecode(ByteToMessageDecoder.java:426)
	io.netty.handler.codec.ByteToMessageDecoder.channelRead(ByteToMessageDecoder.java:278)
	io.netty.channel.CombinedChannelDuplexHandler.channelRead(CombinedChannelDuplexHandler.java:253)
	io.netty.channel.AbstractChannelHandlerContext.invokeChannelRead(AbstractChannelHandlerContext.java:374)
	io.netty.channel.AbstractChannelHandlerContext.invokeChannelRead(AbstractChannelHandlerContext.java:360)
	io.netty.channel.AbstractChannelHandlerContext.fireChannelRead(AbstractChannelHandlerContext.java:352)
	io.netty.channel.DefaultChannelPipeline$HeadContext.channelRead(DefaultChannelPipeline.java:1408)
	io.netty.channel.AbstractChannelHandlerContext.invokeChannelRead(AbstractChannelHandlerContext.java:374)
	io.netty.channel.AbstractChannelHandlerContext.invokeChannelRead(AbstractChannelHandlerContext.java:360)
	io.netty.channel.DefaultChannelPipeline.fireChannelRead(DefaultChannelPipeline.java:930)
	io.netty.channel.nio.AbstractNioByteChannel$NioByteUnsafe.read(AbstractNioByteChannel.java:163)
	io.netty.channel.nio.NioEventLoop.processSelectedKey(NioEventLoop.java:682)
	io.netty.channel.nio.NioEventLoop.processSelectedKeysOptimized(NioEventLoop.java:617)
	io.netty.channel.nio.NioEventLoop.processSelectedKeys(NioEventLoop.java:534)
	io.netty.channel.nio.NioEventLoop.run(NioEventLoop.java:496)
	io.netty.util.concurrent.SingleThreadEventExecutor$5.run(SingleThreadEventExecutor.java:906)
	io.netty.util.internal.ThreadExecutorMap$2.run(ThreadExecutorMap.java:74)
	io.netty.util.concurrent.FastThreadLocalRunnable.run(FastThreadLocalRunnable.java:30)
	java.lang.Thread.run(Thread.java:748)
Created at:
	io.netty.buffer.AbstractByteBufAllocator.compositeDirectBuffer(AbstractByteBufAllocator.java:223)
	io.netty.buffer.AbstractByteBufAllocator.compositeBuffer(AbstractByteBufAllocator.java:201)
	org.springframework.core.io.buffer.NettyDataBufferFactory.join(NettyDataBufferFactory.java:108)
	org.springframework.core.io.buffer.DataBufferUtils.joinAndStrip(DataBufferUtils.java:686)
	org.springframework.core.io.buffer.DataBufferUtils.lambda$split$20(DataBufferUtils.java:605)
	reactor.core.publisher.FluxMap$MapConditionalSubscriber.onNext(FluxMap.java:199)
	reactor.core.publisher.FluxBufferPredicate$BufferPredicateSubscriber.emit(FluxBufferPredicate.java:290)
	reactor.core.publisher.FluxBufferPredicate$BufferPredicateSubscriber.onNextNewBuffer(FluxBufferPredicate.java:257)
	reactor.core.publisher.FluxBufferPredicate$BufferPredicateSubscriber.tryOnNext(FluxBufferPredicate.java:211)
	reactor.core.publisher.FluxBufferPredicate$BufferPredicateSubscriber.onNext(FluxBufferPredicate.java:184)
	reactor.core.publisher.FluxFlatMap$FlatMapMain.drainLoop(FluxFlatMap.java:664)
	reactor.core.publisher.FluxFlatMap$FlatMapMain.drain(FluxFlatMap.java:540)
	reactor.core.publisher.FluxFlatMap$FlatMapInner.onSubscribe(FluxFlatMap.java:924)
	reactor.core.publisher.FluxIterable.subscribe(FluxIterable.java:139)
	reactor.core.publisher.FluxIterable.subscribe(FluxIterable.java:63)
	reactor.core.publisher.Flux.subscribe(Flux.java:7922)
	reactor.core.publisher.FluxFlatMap$FlatMapMain.onNext(FluxFlatMap.java:389)
	reactor.core.publisher.FluxConcatMap$ConcatMapImmediate.innerNext(FluxConcatMap.java:275)
	reactor.core.publisher.FluxConcatMap$ConcatMapInner.onNext(FluxConcatMap.java:849)
	reactor.core.publisher.FluxConcatMap$WeakScalarSubscription.request(FluxConcatMap.java:470)
	reactor.core.publisher.Operators$MultiSubscriptionSubscriber.set(Operators.java:1939)
	reactor.core.publisher.FluxConcatMap$ConcatMapImmediate.drain(FluxConcatMap.java:436)
	reactor.core.publisher.FluxConcatMap$ConcatMapImmediate.onNext(FluxConcatMap.java:244)
	reactor.core.publisher.FluxMap$MapSubscriber.onNext(FluxMap.java:114)
	reactor.core.publisher.FluxPeek$PeekSubscriber.onNext(FluxPeek.java:192)
	reactor.core.publisher.FluxMap$MapSubscriber.onNext(FluxMap.java:114)
	reactor.netty.channel.FluxReceive.drainReceiver(FluxReceive.java:206)
	reactor.netty.channel.FluxReceive.onInboundNext(FluxReceive.java:322)
	reactor.netty.channel.ChannelOperations.onInboundNext(ChannelOperations.java:335)
	reactor.netty.http.server.HttpServerOperations.onInboundNext(HttpServerOperations.java:456)
	reactor.netty.channel.ChannelOperationsHandler.channelRead(ChannelOperationsHandler.java:91)
	io.netty.channel.AbstractChannelHandlerContext.invokeChannelRead(AbstractChannelHandlerContext.java:374)
	io.netty.channel.AbstractChannelHandlerContext.invokeChannelRead(AbstractChannelHandlerContext.java:360)
	io.netty.channel.AbstractChannelHandlerContext.fireChannelRead(AbstractChannelHandlerContext.java:352)
	reactor.netty.http.server.HttpTrafficHandler.channelRead(HttpTrafficHandler.java:190)
	io.netty.channel.AbstractChannelHandlerContext.invokeChannelRead(AbstractChannelHandlerContext.java:374)
	io.netty.channel.AbstractChannelHandlerContext.invokeChannelRead(AbstractChannelHandlerContext.java:360)
	io.netty.channel.AbstractChannelHandlerContext.fireChannelRead(AbstractChannelHandlerContext.java:352)
	io.netty.channel.CombinedChannelDuplexHandler$DelegatingChannelHandlerContext.fireChannelRead(CombinedChannelDuplexHandler.java:438)
	io.netty.handler.codec.ByteToMessageDecoder.fireChannelRead(ByteToMessageDecoder.java:323)
	io.netty.handler.codec.ByteToMessageDecoder.fireChannelRead(ByteToMessageDecoder.java:310)
	io.netty.handler.codec.ByteToMessageDecoder.callDecode(ByteToMessageDecoder.java:426)
	io.netty.handler.codec.ByteToMessageDecoder.channelRead(ByteToMessageDecoder.java:278)
	io.netty.channel.CombinedChannelDuplexHandler.channelRead(CombinedChannelDuplexHandler.java:253)
	io.netty.channel.AbstractChannelHandlerContext.invokeChannelRead(AbstractChannelHandlerContext.java:374)
	io.netty.channel.AbstractChannelHandlerContext.invokeChannelRead(AbstractChannelHandlerContext.java:360)
	io.netty.channel.AbstractChannelHandlerContext.fireChannelRead(AbstractChannelHandlerContext.java:352)
	io.netty.channel.DefaultChannelPipeline$HeadContext.channelRead(DefaultChannelPipeline.java:1408)
	io.netty.channel.AbstractChannelHandlerContext.invokeChannelRead(AbstractChannelHandlerContext.java:374)
	io.netty.channel.AbstractChannelHandlerContext.invokeChannelRead(AbstractChannelHandlerContext.java:360)
	io.netty.channel.DefaultChannelPipeline.fireChannelRead(DefaultChannelPipeline.java:930)
	io.netty.channel.nio.AbstractNioByteChannel$NioByteUnsafe.read(AbstractNioByteChannel.java:163)
	io.netty.channel.nio.NioEventLoop.processSelectedKey(NioEventLoop.java:682)
	io.netty.channel.nio.NioEventLoop.processSelectedKeysOptimized(NioEventLoop.java:617)
	io.netty.channel.nio.NioEventLoop.processSelectedKeys(NioEventLoop.java:534)
	io.netty.channel.nio.NioEventLoop.run(NioEventLoop.java:496)
	io.netty.util.concurrent.SingleThreadEventExecutor$5.run(SingleThreadEventExecutor.java:906)
	io.netty.util.internal.ThreadExecutorMap$2.run(ThreadExecutorMap.java:74)
	io.netty.util.concurrent.FastThreadLocalRunnable.run(FastThreadLocalRunnable.java:30)
	java.lang.Thread.run(Thread.java:748)
: 5 leak records were discarded because they were duplicates
: 108 leak records were discarded because the leak record count is targeted to 4. Use system property io.netty.leakDetection.targetRecords to increase the limit.
22:42:59.950 [reactor-http-nio-14] ERROR i.n.u.ResourceLeakDetector - LEAK: ByteBuf.release() was not called before it's garbage-collected. See http://netty.io/wiki/reference-counted-objects.html for more information.
Recent access records: 
#1:
	io.netty.handler.codec.ByteToMessageDecoder.channelRead(ByteToMessageDecoder.java:286)
	io.netty.channel.CombinedChannelDuplexHandler.channelRead(CombinedChannelDuplexHandler.java:253)
	io.netty.channel.AbstractChannelHandlerContext.invokeChannelRead(AbstractChannelHandlerContext.java:374)
	io.netty.channel.AbstractChannelHandlerContext.invokeChannelRead(AbstractChannelHandlerContext.java:360)
	io.netty.channel.AbstractChannelHandlerContext.fireChannelRead(AbstractChannelHandlerContext.java:352)
	io.netty.channel.DefaultChannelPipeline$HeadContext.channelRead(DefaultChannelPipeline.java:1408)
	io.netty.channel.AbstractChannelHandlerContext.invokeChannelRead(AbstractChannelHandlerContext.java:374)
	io.netty.channel.AbstractChannelHandlerContext.invokeChannelRead(AbstractChannelHandlerContext.java:360)
	io.netty.channel.DefaultChannelPipeline.fireChannelRead(DefaultChannelPipeline.java:930)
	io.netty.channel.nio.AbstractNioByteChannel$NioByteUnsafe.read(AbstractNioByteChannel.java:163)
	io.netty.channel.nio.NioEventLoop.processSelectedKey(NioEventLoop.java:682)
	io.netty.channel.nio.NioEventLoop.processSelectedKeysOptimized(NioEventLoop.java:617)
	io.netty.channel.nio.NioEventLoop.processSelectedKeys(NioEventLoop.java:534)
	io.netty.channel.nio.NioEventLoop.run(NioEventLoop.java:496)
	io.netty.util.concurrent.SingleThreadEventExecutor$5.run(SingleThreadEventExecutor.java:906)
	io.netty.util.internal.ThreadExecutorMap$2.run(ThreadExecutorMap.java:74)
	io.netty.util.concurrent.FastThreadLocalRunnable.run(FastThreadLocalRunnable.java:30)
	java.lang.Thread.run(Thread.java:748)
#2:
	io.netty.buffer.AdvancedLeakAwareByteBuf.readRetainedSlice(AdvancedLeakAwareByteBuf.java:106)
	io.netty.handler.codec.http.HttpObjectDecoder.decode(HttpObjectDecoder.java:336)
	io.netty.handler.codec.http.HttpServerCodec$HttpServerRequestDecoder.decode(HttpServerCodec.java:103)
	io.netty.handler.codec.ByteToMessageDecoder.decodeRemovalReentryProtection(ByteToMessageDecoder.java:502)
	io.netty.handler.codec.ByteToMessageDecoder.callDecode(ByteToMessageDecoder.java:441)
	io.netty.handler.codec.ByteToMessageDecoder.channelRead(ByteToMessageDecoder.java:278)
	io.netty.channel.CombinedChannelDuplexHandler.channelRead(CombinedChannelDuplexHandler.java:253)
	io.netty.channel.AbstractChannelHandlerContext.invokeChannelRead(AbstractChannelHandlerContext.java:374)
	io.netty.channel.AbstractChannelHandlerContext.invokeChannelRead(AbstractChannelHandlerContext.java:360)
	io.netty.channel.AbstractChannelHandlerContext.fireChannelRead(AbstractChannelHandlerContext.java:352)
	io.netty.channel.DefaultChannelPipeline$HeadContext.channelRead(DefaultChannelPipeline.java:1408)
	io.netty.channel.AbstractChannelHandlerContext.invokeChannelRead(AbstractChannelHandlerContext.java:374)
	io.netty.channel.AbstractChannelHandlerContext.invokeChannelRead(AbstractChannelHandlerContext.java:360)
	io.netty.channel.DefaultChannelPipeline.fireChannelRead(DefaultChannelPipeline.java:930)
	io.netty.channel.nio.AbstractNioByteChannel$NioByteUnsafe.read(AbstractNioByteChannel.java:163)
	io.netty.channel.nio.NioEventLoop.processSelectedKey(NioEventLoop.java:682)
	io.netty.channel.nio.NioEventLoop.processSelectedKeysOptimized(NioEventLoop.java:617)
	io.netty.channel.nio.NioEventLoop.processSelectedKeys(NioEventLoop.java:534)
	io.netty.channel.nio.NioEventLoop.run(NioEventLoop.java:496)
	io.netty.util.concurrent.SingleThreadEventExecutor$5.run(SingleThreadEventExecutor.java:906)
	io.netty.util.internal.ThreadExecutorMap$2.run(ThreadExecutorMap.java:74)
	io.netty.util.concurrent.FastThreadLocalRunnable.run(FastThreadLocalRunnable.java:30)
	java.lang.Thread.run(Thread.java:748)
#3:
	io.netty.buffer.AdvancedLeakAwareByteBuf.getByte(AdvancedLeakAwareByteBuf.java:154)
	io.netty.handler.codec.http.HttpObjectDecoder.decode(HttpObjectDecoder.java:351)
	io.netty.handler.codec.http.HttpServerCodec$HttpServerRequestDecoder.decode(HttpServerCodec.java:103)
	io.netty.handler.codec.ByteToMessageDecoder.decodeRemovalReentryProtection(ByteToMessageDecoder.java:502)
	io.netty.handler.codec.ByteToMessageDecoder.callDecode(ByteToMessageDecoder.java:441)
	io.netty.handler.codec.ByteToMessageDecoder.channelRead(ByteToMessageDecoder.java:278)
	io.netty.channel.CombinedChannelDuplexHandler.channelRead(CombinedChannelDuplexHandler.java:253)
	io.netty.channel.AbstractChannelHandlerContext.invokeChannelRead(AbstractChannelHandlerContext.java:374)
	io.netty.channel.AbstractChannelHandlerContext.invokeChannelRead(AbstractChannelHandlerContext.java:360)
	io.netty.channel.AbstractChannelHandlerContext.fireChannelRead(AbstractChannelHandlerContext.java:352)
	io.netty.channel.DefaultChannelPipeline$HeadContext.channelRead(DefaultChannelPipeline.java:1408)
	io.netty.channel.AbstractChannelHandlerContext.invokeChannelRead(AbstractChannelHandlerContext.java:374)
	io.netty.channel.AbstractChannelHandlerContext.invokeChannelRead(AbstractChannelHandlerContext.java:360)
	io.netty.channel.DefaultChannelPipeline.fireChannelRead(DefaultChannelPipeline.java:930)
	io.netty.channel.nio.AbstractNioByteChannel$NioByteUnsafe.read(AbstractNioByteChannel.java:163)
	io.netty.channel.nio.NioEventLoop.processSelectedKey(NioEventLoop.java:682)
	io.netty.channel.nio.NioEventLoop.processSelectedKeysOptimized(NioEventLoop.java:617)
	io.netty.channel.nio.NioEventLoop.processSelectedKeys(NioEventLoop.java:534)
	io.netty.channel.nio.NioEventLoop.run(NioEventLoop.java:496)
	io.netty.util.concurrent.SingleThreadEventExecutor$5.run(SingleThreadEventExecutor.java:906)
	io.netty.util.internal.ThreadExecutorMap$2.run(ThreadExecutorMap.java:74)
	io.netty.util.concurrent.FastThreadLocalRunnable.run(FastThreadLocalRunnable.java:30)
	java.lang.Thread.run(Thread.java:748)
#4:
	Hint: 'reactor.left.httpCodec' will handle the message from this point.
	io.netty.channel.DefaultChannelPipeline.touch(DefaultChannelPipeline.java:116)
	io.netty.channel.AbstractChannelHandlerContext.invokeChannelRead(AbstractChannelHandlerContext.java:357)
	io.netty.channel.AbstractChannelHandlerContext.fireChannelRead(AbstractChannelHandlerContext.java:352)
	io.netty.channel.DefaultChannelPipeline$HeadContext.channelRead(DefaultChannelPipeline.java:1408)
	io.netty.channel.AbstractChannelHandlerContext.invokeChannelRead(AbstractChannelHandlerContext.java:374)
	io.netty.channel.AbstractChannelHandlerContext.invokeChannelRead(AbstractChannelHandlerContext.java:360)
	io.netty.channel.DefaultChannelPipeline.fireChannelRead(DefaultChannelPipeline.java:930)
	io.netty.channel.nio.AbstractNioByteChannel$NioByteUnsafe.read(AbstractNioByteChannel.java:163)
	io.netty.channel.nio.NioEventLoop.processSelectedKey(NioEventLoop.java:682)
	io.netty.channel.nio.NioEventLoop.processSelectedKeysOptimized(NioEventLoop.java:617)
	io.netty.channel.nio.NioEventLoop.processSelectedKeys(NioEventLoop.java:534)
	io.netty.channel.nio.NioEventLoop.run(NioEventLoop.java:496)
	io.netty.util.concurrent.SingleThreadEventExecutor$5.run(SingleThreadEventExecutor.java:906)
	io.netty.util.internal.ThreadExecutorMap$2.run(ThreadExecutorMap.java:74)
	io.netty.util.concurrent.FastThreadLocalRunnable.run(FastThreadLocalRunnable.java:30)
	java.lang.Thread.run(Thread.java:748)
#5:
	Hint: 'DefaultChannelPipeline$HeadContext#0' will handle the message from this point.
	io.netty.channel.DefaultChannelPipeline.touch(DefaultChannelPipeline.java:116)
	io.netty.channel.AbstractChannelHandlerContext.invokeChannelRead(AbstractChannelHandlerContext.java:357)
	io.netty.channel.DefaultChannelPipeline.fireChannelRead(DefaultChannelPipeline.java:930)
	io.netty.channel.nio.AbstractNioByteChannel$NioByteUnsafe.read(AbstractNioByteChannel.java:163)
	io.netty.channel.nio.NioEventLoop.processSelectedKey(NioEventLoop.java:682)
	io.netty.channel.nio.NioEventLoop.processSelectedKeysOptimized(NioEventLoop.java:617)
	io.netty.channel.nio.NioEventLoop.processSelectedKeys(NioEventLoop.java:534)
	io.netty.channel.nio.NioEventLoop.run(NioEventLoop.java:496)
	io.netty.util.concurrent.SingleThreadEventExecutor$5.run(SingleThreadEventExecutor.java:906)
	io.netty.util.internal.ThreadExecutorMap$2.run(ThreadExecutorMap.java:74)
	io.netty.util.concurrent.FastThreadLocalRunnable.run(FastThreadLocalRunnable.java:30)
	java.lang.Thread.run(Thread.java:748)
#6:
	io.netty.buffer.AdvancedLeakAwareByteBuf.writeBytes(AdvancedLeakAwareByteBuf.java:634)
	io.netty.channel.socket.nio.NioSocketChannel.doReadBytes(NioSocketChannel.java:347)
	io.netty.channel.nio.AbstractNioByteChannel$NioByteUnsafe.read(AbstractNioByteChannel.java:148)
	io.netty.channel.nio.NioEventLoop.processSelectedKey(NioEventLoop.java:682)
	io.netty.channel.nio.NioEventLoop.processSelectedKeysOptimized(NioEventLoop.java:617)
	io.netty.channel.nio.NioEventLoop.processSelectedKeys(NioEventLoop.java:534)
	io.netty.channel.nio.NioEventLoop.run(NioEventLoop.java:496)
	io.netty.util.concurrent.SingleThreadEventExecutor$5.run(SingleThreadEventExecutor.java:906)
	io.netty.util.internal.ThreadExecutorMap$2.run(ThreadExecutorMap.java:74)
	io.netty.util.concurrent.FastThreadLocalRunnable.run(FastThreadLocalRunnable.java:30)
	java.lang.Thread.run(Thread.java:748)
Created at:
	io.netty.buffer.PooledByteBufAllocator.newDirectBuffer(PooledByteBufAllocator.java:349)
	io.netty.buffer.AbstractByteBufAllocator.directBuffer(AbstractByteBufAllocator.java:187)
	io.netty.buffer.AbstractByteBufAllocator.directBuffer(AbstractByteBufAllocator.java:178)
	io.netty.buffer.AbstractByteBufAllocator.ioBuffer(AbstractByteBufAllocator.java:139)
	io.netty.channel.DefaultMaxMessagesRecvByteBufAllocator$MaxMessageHandle.allocate(DefaultMaxMessagesRecvByteBufAllocator.java:114)
	io.netty.channel.nio.AbstractNioByteChannel$NioByteUnsafe.read(AbstractNioByteChannel.java:147)
	io.netty.channel.nio.NioEventLoop.processSelectedKey(NioEventLoop.java:682)
	io.netty.channel.nio.NioEventLoop.processSelectedKeysOptimized(NioEventLoop.java:617)
	io.netty.channel.nio.NioEventLoop.processSelectedKeys(NioEventLoop.java:534)
	io.netty.channel.nio.NioEventLoop.run(NioEventLoop.java:496)
	io.netty.util.concurrent.SingleThreadEventExecutor$5.run(SingleThreadEventExecutor.java:906)
	io.netty.util.internal.ThreadExecutorMap$2.run(ThreadExecutorMap.java:74)
	io.netty.util.concurrent.FastThreadLocalRunnable.run(FastThreadLocalRunnable.java:30)
	java.lang.Thread.run(Thread.java:748)
: 4 leak records were discarded because they were duplicates
: 59 leak records were discarded because the leak record count is targeted to 4. Use system property io.netty.leakDetection.targetRecords to increase the limit.
22:42:59.951 [reactor-http-nio-14] ERROR i.n.u.ResourceLeakDetector - LEAK: ByteBuf.release() was not called before it's garbage-collected. See http://netty.io/wiki/reference-counted-objects.html for more information.
Recent access records: 
#1:
	io.netty.buffer.AdvancedLeakAwareByteBuf.order(AdvancedLeakAwareByteBuf.java:70)
	io.netty.buffer.CompositeByteBuf.newComponent(CompositeByteBuf.java:318)
	io.netty.buffer.CompositeByteBuf.addComponent0(CompositeByteBuf.java:280)
	io.netty.buffer.CompositeByteBuf.addComponent(CompositeByteBuf.java:265)
	io.netty.buffer.CompositeByteBuf.addComponent(CompositeByteBuf.java:222)
	io.netty.buffer.WrappedCompositeByteBuf.addComponent(WrappedCompositeByteBuf.java:529)
	io.netty.buffer.AdvancedLeakAwareCompositeByteBuf.addComponent(AdvancedLeakAwareCompositeByteBuf.java:921)
	org.springframework.core.io.buffer.NettyDataBufferFactory.join(NettyDataBufferFactory.java:111)
	org.springframework.core.io.buffer.DataBufferUtils.joinAndStrip(DataBufferUtils.java:686)
	org.springframework.core.io.buffer.DataBufferUtils.lambda$split$20(DataBufferUtils.java:605)
	reactor.core.publisher.FluxMap$MapConditionalSubscriber.onNext(FluxMap.java:199)
	reactor.core.publisher.FluxBufferPredicate$BufferPredicateSubscriber.emit(FluxBufferPredicate.java:290)
	reactor.core.publisher.FluxBufferPredicate$BufferPredicateSubscriber.onNextNewBuffer(FluxBufferPredicate.java:257)
	reactor.core.publisher.FluxBufferPredicate$BufferPredicateSubscriber.tryOnNext(FluxBufferPredicate.java:211)
	reactor.core.publisher.FluxBufferPredicate$BufferPredicateSubscriber.onNext(FluxBufferPredicate.java:184)
	reactor.core.publisher.FluxFlatMap$FlatMapMain.drainLoop(FluxFlatMap.java:664)
	reactor.core.publisher.FluxFlatMap$FlatMapMain.drain(FluxFlatMap.java:540)
	reactor.core.publisher.FluxFlatMap$FlatMapInner.onSubscribe(FluxFlatMap.java:924)
	reactor.core.publisher.FluxIterable.subscribe(FluxIterable.java:139)
	reactor.core.publisher.FluxIterable.subscribe(FluxIterable.java:63)
	reactor.core.publisher.Flux.subscribe(Flux.java:7922)
	reactor.core.publisher.FluxFlatMap$FlatMapMain.onNext(FluxFlatMap.java:389)
	reactor.core.publisher.FluxConcatMap$ConcatMapImmediate.innerNext(FluxConcatMap.java:275)
	reactor.core.publisher.FluxConcatMap$ConcatMapInner.onNext(FluxConcatMap.java:849)
	reactor.core.publisher.FluxConcatMap$WeakScalarSubscription.request(FluxConcatMap.java:470)
	reactor.core.publisher.Operators$MultiSubscriptionSubscriber.set(Operators.java:1939)
	reactor.core.publisher.FluxConcatMap$ConcatMapImmediate.drain(FluxConcatMap.java:436)
	reactor.core.publisher.FluxConcatMap$ConcatMapImmediate.onNext(FluxConcatMap.java:244)
	reactor.core.publisher.FluxMap$MapSubscriber.onNext(FluxMap.java:114)
	reactor.core.publisher.FluxPeek$PeekSubscriber.onNext(FluxPeek.java:192)
	reactor.core.publisher.FluxMap$MapSubscriber.onNext(FluxMap.java:114)
	reactor.netty.channel.FluxReceive.drainReceiver(FluxReceive.java:206)
	reactor.netty.channel.FluxReceive.onInboundNext(FluxReceive.java:322)
	reactor.netty.channel.ChannelOperations.onInboundNext(ChannelOperations.java:335)
	reactor.netty.http.server.HttpServerOperations.onInboundNext(HttpServerOperations.java:456)
	reactor.netty.channel.ChannelOperationsHandler.channelRead(ChannelOperationsHandler.java:91)
	io.netty.channel.AbstractChannelHandlerContext.invokeChannelRead(AbstractChannelHandlerContext.java:374)
	io.netty.channel.AbstractChannelHandlerContext.invokeChannelRead(AbstractChannelHandlerContext.java:360)
	io.netty.channel.AbstractChannelHandlerContext.fireChannelRead(AbstractChannelHandlerContext.java:352)
	reactor.netty.http.server.HttpTrafficHandler.channelRead(HttpTrafficHandler.java:190)
	io.netty.channel.AbstractChannelHandlerContext.invokeChannelRead(AbstractChannelHandlerContext.java:374)
	io.netty.channel.AbstractChannelHandlerContext.invokeChannelRead(AbstractChannelHandlerContext.java:360)
	io.netty.channel.AbstractChannelHandlerContext.fireChannelRead(AbstractChannelHandlerContext.java:352)
	io.netty.channel.CombinedChannelDuplexHandler$DelegatingChannelHandlerContext.fireChannelRead(CombinedChannelDuplexHandler.java:438)
	io.netty.handler.codec.ByteToMessageDecoder.fireChannelRead(ByteToMessageDecoder.java:323)
	io.netty.handler.codec.ByteToMessageDecoder.fireChannelRead(ByteToMessageDecoder.java:310)
	io.netty.handler.codec.ByteToMessageDecoder.callDecode(ByteToMessageDecoder.java:426)
	io.netty.handler.codec.ByteToMessageDecoder.channelRead(ByteToMessageDecoder.java:278)
	io.netty.channel.CombinedChannelDuplexHandler.channelRead(CombinedChannelDuplexHandler.java:253)
	io.netty.channel.AbstractChannelHandlerContext.invokeChannelRead(AbstractChannelHandlerContext.java:374)
	io.netty.channel.AbstractChannelHandlerContext.invokeChannelRead(AbstractChannelHandlerContext.java:360)
	io.netty.channel.AbstractChannelHandlerContext.fireChannelRead(AbstractChannelHandlerContext.java:352)
	io.netty.channel.DefaultChannelPipeline$HeadContext.channelRead(DefaultChannelPipeline.java:1408)
	io.netty.channel.AbstractChannelHandlerContext.invokeChannelRead(AbstractChannelHandlerContext.java:374)
	io.netty.channel.AbstractChannelHandlerContext.invokeChannelRead(AbstractChannelHandlerContext.java:360)
	io.netty.channel.DefaultChannelPipeline.fireChannelRead(DefaultChannelPipeline.java:930)
	io.netty.channel.nio.AbstractNioByteChannel$NioByteUnsafe.read(AbstractNioByteChannel.java:163)
	io.netty.channel.nio.NioEventLoop.processSelectedKey(NioEventLoop.java:682)
	io.netty.channel.nio.NioEventLoop.processSelectedKeysOptimized(NioEventLoop.java:617)
	io.netty.channel.nio.NioEventLoop.processSelectedKeys(NioEventLoop.java:534)
	io.netty.channel.nio.NioEventLoop.run(NioEventLoop.java:496)
	io.netty.util.concurrent.SingleThreadEventExecutor$5.run(SingleThreadEventExecutor.java:906)
	io.netty.util.internal.ThreadExecutorMap$2.run(ThreadExecutorMap.java:74)
	io.netty.util.concurrent.FastThreadLocalRunnable.run(FastThreadLocalRunnable.java:30)
	java.lang.Thread.run(Thread.java:748)
#2:
	io.netty.buffer.AdvancedLeakAwareByteBuf.getByte(AdvancedLeakAwareByteBuf.java:154)
	org.springframework.core.io.buffer.NettyDataBuffer.getByte(NettyDataBuffer.java:132)
	org.springframework.core.io.buffer.DataBufferUtils$KnuthMorrisPrattMatcher.match(DataBufferUtils.java:1005)
	org.springframework.core.io.buffer.DataBufferUtils.endFrameAfterDelimiter(DataBufferUtils.java:634)
	org.springframework.core.io.buffer.DataBufferUtils.lambda$split$18(DataBufferUtils.java:603)
	reactor.core.publisher.FluxFlatMap$FlatMapMain.onNext(FluxFlatMap.java:350)
	reactor.core.publisher.FluxConcatMap$ConcatMapImmediate.innerNext(FluxConcatMap.java:275)
	reactor.core.publisher.FluxConcatMap$ConcatMapInner.onNext(FluxConcatMap.java:849)
	reactor.core.publisher.FluxConcatMap$WeakScalarSubscription.request(FluxConcatMap.java:470)
	reactor.core.publisher.Operators$MultiSubscriptionSubscriber.set(Operators.java:1939)
	reactor.core.publisher.FluxConcatMap$ConcatMapImmediate.drain(FluxConcatMap.java:436)
	reactor.core.publisher.FluxConcatMap$ConcatMapImmediate.onNext(FluxConcatMap.java:244)
	reactor.core.publisher.FluxMap$MapSubscriber.onNext(FluxMap.java:114)
	reactor.core.publisher.FluxPeek$PeekSubscriber.onNext(FluxPeek.java:192)
	reactor.core.publisher.FluxMap$MapSubscriber.onNext(FluxMap.java:114)
	reactor.netty.channel.FluxReceive.drainReceiver(FluxReceive.java:206)
	reactor.netty.channel.FluxReceive.onInboundNext(FluxReceive.java:322)
	reactor.netty.channel.ChannelOperations.onInboundNext(ChannelOperations.java:335)
	reactor.netty.http.server.HttpServerOperations.onInboundNext(HttpServerOperations.java:456)
	reactor.netty.channel.ChannelOperationsHandler.channelRead(ChannelOperationsHandler.java:91)
	io.netty.channel.AbstractChannelHandlerContext.invokeChannelRead(AbstractChannelHandlerContext.java:374)
	io.netty.channel.AbstractChannelHandlerContext.invokeChannelRead(AbstractChannelHandlerContext.java:360)
	io.netty.channel.AbstractChannelHandlerContext.fireChannelRead(AbstractChannelHandlerContext.java:352)
	reactor.netty.http.server.HttpTrafficHandler.channelRead(HttpTrafficHandler.java:190)
	io.netty.channel.AbstractChannelHandlerContext.invokeChannelRead(AbstractChannelHandlerContext.java:374)
	io.netty.channel.AbstractChannelHandlerContext.invokeChannelRead(AbstractChannelHandlerContext.java:360)
	io.netty.channel.AbstractChannelHandlerContext.fireChannelRead(AbstractChannelHandlerContext.java:352)
	io.netty.channel.CombinedChannelDuplexHandler$DelegatingChannelHandlerContext.fireChannelRead(CombinedChannelDuplexHandler.java:438)
	io.netty.handler.codec.ByteToMessageDecoder.fireChannelRead(ByteToMessageDecoder.java:323)
	io.netty.handler.codec.ByteToMessageDecoder.channelRead(ByteToMessageDecoder.java:297)
	io.netty.channel.CombinedChannelDuplexHandler.channelRead(CombinedChannelDuplexHandler.java:253)
	io.netty.channel.AbstractChannelHandlerContext.invokeChannelRead(AbstractChannelHandlerContext.java:374)
	io.netty.channel.AbstractChannelHandlerContext.invokeChannelRead(AbstractChannelHandlerContext.java:360)
	io.netty.channel.AbstractChannelHandlerContext.fireChannelRead(AbstractChannelHandlerContext.java:352)
	io.netty.channel.DefaultChannelPipeline$HeadContext.channelRead(DefaultChannelPipeline.java:1408)
	io.netty.channel.AbstractChannelHandlerContext.invokeChannelRead(AbstractChannelHandlerContext.java:374)
	io.netty.channel.AbstractChannelHandlerContext.invokeChannelRead(AbstractChannelHandlerContext.java:360)
	io.netty.channel.DefaultChannelPipeline.fireChannelRead(DefaultChannelPipeline.java:930)
	io.netty.channel.nio.AbstractNioByteChannel$NioByteUnsafe.read(AbstractNioByteChannel.java:163)
	io.netty.channel.nio.NioEventLoop.processSelectedKey(NioEventLoop.java:682)
	io.netty.channel.nio.NioEventLoop.processSelectedKeysOptimized(NioEventLoop.java:617)
	io.netty.channel.nio.NioEventLoop.processSelectedKeys(NioEventLoop.java:534)
	io.netty.channel.nio.NioEventLoop.run(NioEventLoop.java:496)
	io.netty.util.concurrent.SingleThreadEventExecutor$5.run(SingleThreadEventExecutor.java:906)
	io.netty.util.internal.ThreadExecutorMap$2.run(ThreadExecutorMap.java:74)
	io.netty.util.concurrent.FastThreadLocalRunnable.run(FastThreadLocalRunnable.java:30)
	java.lang.Thread.run(Thread.java:748)
#3:
	reactor.core.publisher.FluxPeek$PeekSubscriber.onNext(FluxPeek.java:177)
	reactor.core.publisher.FluxMap$MapSubscriber.onNext(FluxMap.java:114)
	reactor.netty.channel.FluxReceive.drainReceiver(FluxReceive.java:206)
	reactor.netty.channel.FluxReceive.onInboundNext(FluxReceive.java:322)
	reactor.netty.channel.ChannelOperations.onInboundNext(ChannelOperations.java:335)
	reactor.netty.http.server.HttpServerOperations.onInboundNext(HttpServerOperations.java:456)
	reactor.netty.channel.ChannelOperationsHandler.channelRead(ChannelOperationsHandler.java:91)
	io.netty.channel.AbstractChannelHandlerContext.invokeChannelRead(AbstractChannelHandlerContext.java:374)
	io.netty.channel.AbstractChannelHandlerContext.invokeChannelRead(AbstractChannelHandlerContext.java:360)
	io.netty.channel.AbstractChannelHandlerContext.fireChannelRead(AbstractChannelHandlerContext.java:352)
	reactor.netty.http.server.HttpTrafficHandler.channelRead(HttpTrafficHandler.java:190)
	io.netty.channel.AbstractChannelHandlerContext.invokeChannelRead(AbstractChannelHandlerContext.java:374)
	io.netty.channel.AbstractChannelHandlerContext.invokeChannelRead(AbstractChannelHandlerContext.java:360)
	io.netty.channel.AbstractChannelHandlerContext.fireChannelRead(AbstractChannelHandlerContext.java:352)
	io.netty.channel.CombinedChannelDuplexHandler$DelegatingChannelHandlerContext.fireChannelRead(CombinedChannelDuplexHandler.java:438)
	io.netty.handler.codec.ByteToMessageDecoder.fireChannelRead(ByteToMessageDecoder.java:323)
	io.netty.handler.codec.ByteToMessageDecoder.channelRead(ByteToMessageDecoder.java:297)
	io.netty.channel.CombinedChannelDuplexHandler.channelRead(CombinedChannelDuplexHandler.java:253)
	io.netty.channel.AbstractChannelHandlerContext.invokeChannelRead(AbstractChannelHandlerContext.java:374)
	io.netty.channel.AbstractChannelHandlerContext.invokeChannelRead(AbstractChannelHandlerContext.java:360)
	io.netty.channel.AbstractChannelHandlerContext.fireChannelRead(AbstractChannelHandlerContext.java:352)
	io.netty.channel.DefaultChannelPipeline$HeadContext.channelRead(DefaultChannelPipeline.java:1408)
	io.netty.channel.AbstractChannelHandlerContext.invokeChannelRead(AbstractChannelHandlerContext.java:374)
	io.netty.channel.AbstractChannelHandlerContext.invokeChannelRead(AbstractChannelHandlerContext.java:360)
	io.netty.channel.DefaultChannelPipeline.fireChannelRead(DefaultChannelPipeline.java:930)
	io.netty.channel.nio.AbstractNioByteChannel$NioByteUnsafe.read(AbstractNioByteChannel.java:163)
	io.netty.channel.nio.NioEventLoop.processSelectedKey(NioEventLoop.java:682)
	io.netty.channel.nio.NioEventLoop.processSelectedKeysOptimized(NioEventLoop.java:617)
	io.netty.channel.nio.NioEventLoop.processSelectedKeys(NioEventLoop.java:534)
	io.netty.channel.nio.NioEventLoop.run(NioEventLoop.java:496)
	io.netty.util.concurrent.SingleThreadEventExecutor$5.run(SingleThreadEventExecutor.java:906)
	io.netty.util.internal.ThreadExecutorMap$2.run(ThreadExecutorMap.java:74)
	io.netty.util.concurrent.FastThreadLocalRunnable.run(FastThreadLocalRunnable.java:30)
	java.lang.Thread.run(Thread.java:748)
#4:
	Hint: 'reactor.right.reactiveBridge' will handle the message from this point.
	io.netty.handler.codec.http.DefaultHttpContent.touch(DefaultHttpContent.java:88)
	io.netty.handler.codec.http.DefaultHttpContent.touch(DefaultHttpContent.java:24)
	io.netty.channel.DefaultChannelPipeline.touch(DefaultChannelPipeline.java:116)
	io.netty.channel.AbstractChannelHandlerContext.invokeChannelRead(AbstractChannelHandlerContext.java:357)
	io.netty.channel.AbstractChannelHandlerContext.fireChannelRead(AbstractChannelHandlerContext.java:352)
	reactor.netty.http.server.HttpTrafficHandler.channelRead(HttpTrafficHandler.java:190)
	io.netty.channel.AbstractChannelHandlerContext.invokeChannelRead(AbstractChannelHandlerContext.java:374)
	io.netty.channel.AbstractChannelHandlerContext.invokeChannelRead(AbstractChannelHandlerContext.java:360)
	io.netty.channel.AbstractChannelHandlerContext.fireChannelRead(AbstractChannelHandlerContext.java:352)
	io.netty.channel.CombinedChannelDuplexHandler$DelegatingChannelHandlerContext.fireChannelRead(CombinedChannelDuplexHandler.java:438)
	io.netty.handler.codec.ByteToMessageDecoder.fireChannelRead(ByteToMessageDecoder.java:323)
	io.netty.handler.codec.ByteToMessageDecoder.channelRead(ByteToMessageDecoder.java:297)
	io.netty.channel.CombinedChannelDuplexHandler.channelRead(CombinedChannelDuplexHandler.java:253)
	io.netty.channel.AbstractChannelHandlerContext.invokeChannelRead(AbstractChannelHandlerContext.java:374)
	io.netty.channel.AbstractChannelHandlerContext.invokeChannelRead(AbstractChannelHandlerContext.java:360)
	io.netty.channel.AbstractChannelHandlerContext.fireChannelRead(AbstractChannelHandlerContext.java:352)
	io.netty.channel.DefaultChannelPipeline$HeadContext.channelRead(DefaultChannelPipeline.java:1408)
	io.netty.channel.AbstractChannelHandlerContext.invokeChannelRead(AbstractChannelHandlerContext.java:374)
	io.netty.channel.AbstractChannelHandlerContext.invokeChannelRead(AbstractChannelHandlerContext.java:360)
	io.netty.channel.DefaultChannelPipeline.fireChannelRead(DefaultChannelPipeline.java:930)
	io.netty.channel.nio.AbstractNioByteChannel$NioByteUnsafe.read(AbstractNioByteChannel.java:163)
	io.netty.channel.nio.NioEventLoop.processSelectedKey(NioEventLoop.java:682)
	io.netty.channel.nio.NioEventLoop.processSelectedKeysOptimized(NioEventLoop.java:617)
	io.netty.channel.nio.NioEventLoop.processSelectedKeys(NioEventLoop.java:534)
	io.netty.channel.nio.NioEventLoop.run(NioEventLoop.java:496)
	io.netty.util.concurrent.SingleThreadEventExecutor$5.run(SingleThreadEventExecutor.java:906)
	io.netty.util.internal.ThreadExecutorMap$2.run(ThreadExecutorMap.java:74)
	io.netty.util.concurrent.FastThreadLocalRunnable.run(FastThreadLocalRunnable.java:30)
	java.lang.Thread.run(Thread.java:748)
#5:
	Hint: 'reactor.left.httpTrafficHandler' will handle the message from this point.
	io.netty.handler.codec.http.DefaultHttpContent.touch(DefaultHttpContent.java:88)
	io.netty.handler.codec.http.DefaultHttpContent.touch(DefaultHttpContent.java:24)
	io.netty.channel.DefaultChannelPipeline.touch(DefaultChannelPipeline.java:116)
	io.netty.channel.AbstractChannelHandlerContext.invokeChannelRead(AbstractChannelHandlerContext.java:357)
	io.netty.channel.AbstractChannelHandlerContext.fireChannelRead(AbstractChannelHandlerContext.java:352)
	io.netty.channel.CombinedChannelDuplexHandler$DelegatingChannelHandlerContext.fireChannelRead(CombinedChannelDuplexHandler.java:438)
	io.netty.handler.codec.ByteToMessageDecoder.fireChannelRead(ByteToMessageDecoder.java:323)
	io.netty.handler.codec.ByteToMessageDecoder.channelRead(ByteToMessageDecoder.java:297)
	io.netty.channel.CombinedChannelDuplexHandler.channelRead(CombinedChannelDuplexHandler.java:253)
	io.netty.channel.AbstractChannelHandlerContext.invokeChannelRead(AbstractChannelHandlerContext.java:374)
	io.netty.channel.AbstractChannelHandlerContext.invokeChannelRead(AbstractChannelHandlerContext.java:360)
	io.netty.channel.AbstractChannelHandlerContext.fireChannelRead(AbstractChannelHandlerContext.java:352)
	io.netty.channel.DefaultChannelPipeline$HeadContext.channelRead(DefaultChannelPipeline.java:1408)
	io.netty.channel.AbstractChannelHandlerContext.invokeChannelRead(AbstractChannelHandlerContext.java:374)
	io.netty.channel.AbstractChannelHandlerContext.invokeChannelRead(AbstractChannelHandlerContext.java:360)
	io.netty.channel.DefaultChannelPipeline.fireChannelRead(DefaultChannelPipeline.java:930)
	io.netty.channel.nio.AbstractNioByteChannel$NioByteUnsafe.read(AbstractNioByteChannel.java:163)
	io.netty.channel.nio.NioEventLoop.processSelectedKey(NioEventLoop.java:682)
	io.netty.channel.nio.NioEventLoop.processSelectedKeysOptimized(NioEventLoop.java:617)
	io.netty.channel.nio.NioEventLoop.processSelectedKeys(NioEventLoop.java:534)
	io.netty.channel.nio.NioEventLoop.run(NioEventLoop.java:496)
	io.netty.util.concurrent.SingleThreadEventExecutor$5.run(SingleThreadEventExecutor.java:906)
	io.netty.util.internal.ThreadExecutorMap$2.run(ThreadExecutorMap.java:74)
	io.netty.util.concurrent.FastThreadLocalRunnable.run(FastThreadLocalRunnable.java:30)
	java.lang.Thread.run(Thread.java:748)
Created at:
	io.netty.buffer.SimpleLeakAwareByteBuf.unwrappedDerived(SimpleLeakAwareByteBuf.java:143)
	io.netty.buffer.SimpleLeakAwareByteBuf.readRetainedSlice(SimpleLeakAwareByteBuf.java:67)
	io.netty.buffer.AdvancedLeakAwareByteBuf.readRetainedSlice(AdvancedLeakAwareByteBuf.java:107)
	io.netty.handler.codec.http.HttpObjectDecoder.decode(HttpObjectDecoder.java:336)
	io.netty.handler.codec.http.HttpServerCodec$HttpServerRequestDecoder.decode(HttpServerCodec.java:103)
	io.netty.handler.codec.ByteToMessageDecoder.decodeRemovalReentryProtection(ByteToMessageDecoder.java:502)
	io.netty.handler.codec.ByteToMessageDecoder.callDecode(ByteToMessageDecoder.java:441)
	io.netty.handler.codec.ByteToMessageDecoder.channelRead(ByteToMessageDecoder.java:278)
	io.netty.channel.CombinedChannelDuplexHandler.channelRead(CombinedChannelDuplexHandler.java:253)
	io.netty.channel.AbstractChannelHandlerContext.invokeChannelRead(AbstractChannelHandlerContext.java:374)
	io.netty.channel.AbstractChannelHandlerContext.invokeChannelRead(AbstractChannelHandlerContext.java:360)
	io.netty.channel.AbstractChannelHandlerContext.fireChannelRead(AbstractChannelHandlerContext.java:352)
	io.netty.channel.DefaultChannelPipeline$HeadContext.channelRead(DefaultChannelPipeline.java:1408)
	io.netty.channel.AbstractChannelHandlerContext.invokeChannelRead(AbstractChannelHandlerContext.java:374)
	io.netty.channel.AbstractChannelHandlerContext.invokeChannelRead(AbstractChannelHandlerContext.java:360)
	io.netty.channel.DefaultChannelPipeline.fireChannelRead(DefaultChannelPipeline.java:930)
	io.netty.channel.nio.AbstractNioByteChannel$NioByteUnsafe.read(AbstractNioByteChannel.java:163)
	io.netty.channel.nio.NioEventLoop.processSelectedKey(NioEventLoop.java:682)
	io.netty.channel.nio.NioEventLoop.processSelectedKeysOptimized(NioEventLoop.java:617)
	io.netty.channel.nio.NioEventLoop.processSelectedKeys(NioEventLoop.java:534)
	io.netty.channel.nio.NioEventLoop.run(NioEventLoop.java:496)
	io.netty.util.concurrent.SingleThreadEventExecutor$5.run(SingleThreadEventExecutor.java:906)
	io.netty.util.internal.ThreadExecutorMap$2.run(ThreadExecutorMap.java:74)
	io.netty.util.concurrent.FastThreadLocalRunnable.run(FastThreadLocalRunnable.java:30)
	java.lang.Thread.run(Thread.java:748)
: 7 leak records were discarded because they were duplicates
: 425 leak records were discarded because the leak record count is targeted to 4. Use system property io.netty.leakDetection.targetRecords to increase the limit.
22:42:59.959 [reactor-http-nio-14] ERROR i.n.u.ResourceLeakDetector - LEAK: ByteBuf.release() was not called before it's garbage-collected. See http://netty.io/wiki/reference-counted-objects.html for more information.
Recent access records: 
#1:
	io.netty.buffer.AdvancedLeakAwareByteBuf.order(AdvancedLeakAwareByteBuf.java:70)
	io.netty.buffer.CompositeByteBuf.newComponent(CompositeByteBuf.java:318)
	io.netty.buffer.CompositeByteBuf.addComponent0(CompositeByteBuf.java:280)
	io.netty.buffer.CompositeByteBuf.addComponent(CompositeByteBuf.java:265)
	io.netty.buffer.CompositeByteBuf.addComponent(CompositeByteBuf.java:222)
	io.netty.buffer.WrappedCompositeByteBuf.addComponent(WrappedCompositeByteBuf.java:529)
	io.netty.buffer.AdvancedLeakAwareCompositeByteBuf.addComponent(AdvancedLeakAwareCompositeByteBuf.java:921)
	org.springframework.core.io.buffer.NettyDataBufferFactory.join(NettyDataBufferFactory.java:111)
	org.springframework.core.io.buffer.DataBufferUtils.joinAndStrip(DataBufferUtils.java:686)
	org.springframework.core.io.buffer.DataBufferUtils.lambda$split$20(DataBufferUtils.java:605)
	reactor.core.publisher.FluxMap$MapConditionalSubscriber.onNext(FluxMap.java:199)
	reactor.core.publisher.FluxBufferPredicate$BufferPredicateSubscriber.emit(FluxBufferPredicate.java:290)
	reactor.core.publisher.FluxBufferPredicate$BufferPredicateSubscriber.onNextNewBuffer(FluxBufferPredicate.java:257)
	reactor.core.publisher.FluxBufferPredicate$BufferPredicateSubscriber.tryOnNext(FluxBufferPredicate.java:211)
	reactor.core.publisher.FluxBufferPredicate$BufferPredicateSubscriber.onNext(FluxBufferPredicate.java:184)
	reactor.core.publisher.FluxFlatMap$FlatMapMain.drainLoop(FluxFlatMap.java:664)
	reactor.core.publisher.FluxFlatMap$FlatMapMain.drain(FluxFlatMap.java:540)
	reactor.core.publisher.FluxFlatMap$FlatMapInner.onSubscribe(FluxFlatMap.java:924)
	reactor.core.publisher.FluxIterable.subscribe(FluxIterable.java:139)
	reactor.core.publisher.FluxIterable.subscribe(FluxIterable.java:63)
	reactor.core.publisher.Flux.subscribe(Flux.java:7922)
	reactor.core.publisher.FluxFlatMap$FlatMapMain.onNext(FluxFlatMap.java:389)
	reactor.core.publisher.FluxConcatMap$ConcatMapImmediate.innerNext(FluxConcatMap.java:275)
	reactor.core.publisher.FluxConcatMap$ConcatMapInner.onNext(FluxConcatMap.java:849)
	reactor.core.publisher.FluxConcatMap$WeakScalarSubscription.request(FluxConcatMap.java:470)
	reactor.core.publisher.Operators$MultiSubscriptionSubscriber.set(Operators.java:1939)
	reactor.core.publisher.FluxConcatMap$ConcatMapImmediate.drain(FluxConcatMap.java:436)
	reactor.core.publisher.FluxConcatMap$ConcatMapImmediate.onNext(FluxConcatMap.java:244)
	reactor.core.publisher.FluxMap$MapSubscriber.onNext(FluxMap.java:114)
	reactor.core.publisher.FluxPeek$PeekSubscriber.onNext(FluxPeek.java:192)
	reactor.core.publisher.FluxMap$MapSubscriber.onNext(FluxMap.java:114)
	reactor.netty.channel.FluxReceive.drainReceiver(FluxReceive.java:206)
	reactor.netty.channel.FluxReceive.onInboundNext(FluxReceive.java:322)
	reactor.netty.channel.ChannelOperations.onInboundNext(ChannelOperations.java:335)
	reactor.netty.http.server.HttpServerOperations.onInboundNext(HttpServerOperations.java:456)
	reactor.netty.channel.ChannelOperationsHandler.channelRead(ChannelOperationsHandler.java:91)
	io.netty.channel.AbstractChannelHandlerContext.invokeChannelRead(AbstractChannelHandlerContext.java:374)
	io.netty.channel.AbstractChannelHandlerContext.invokeChannelRead(AbstractChannelHandlerContext.java:360)
	io.netty.channel.AbstractChannelHandlerContext.fireChannelRead(AbstractChannelHandlerContext.java:352)
	reactor.netty.http.server.HttpTrafficHandler.channelRead(HttpTrafficHandler.java:190)
	io.netty.channel.AbstractChannelHandlerContext.invokeChannelRead(AbstractChannelHandlerContext.java:374)
	io.netty.channel.AbstractChannelHandlerContext.invokeChannelRead(AbstractChannelHandlerContext.java:360)
	io.netty.channel.AbstractChannelHandlerContext.fireChannelRead(AbstractChannelHandlerContext.java:352)
	io.netty.channel.CombinedChannelDuplexHandler$DelegatingChannelHandlerContext.fireChannelRead(CombinedChannelDuplexHandler.java:438)
	io.netty.handler.codec.ByteToMessageDecoder.fireChannelRead(ByteToMessageDecoder.java:323)
	io.netty.handler.codec.ByteToMessageDecoder.fireChannelRead(ByteToMessageDecoder.java:310)
	io.netty.handler.codec.ByteToMessageDecoder.callDecode(ByteToMessageDecoder.java:426)
	io.netty.handler.codec.ByteToMessageDecoder.channelRead(ByteToMessageDecoder.java:278)
	io.netty.channel.CombinedChannelDuplexHandler.channelRead(CombinedChannelDuplexHandler.java:253)
	io.netty.channel.AbstractChannelHandlerContext.invokeChannelRead(AbstractChannelHandlerContext.java:374)
	io.netty.channel.AbstractChannelHandlerContext.invokeChannelRead(AbstractChannelHandlerContext.java:360)
	io.netty.channel.AbstractChannelHandlerContext.fireChannelRead(AbstractChannelHandlerContext.java:352)
	io.netty.channel.DefaultChannelPipeline$HeadContext.channelRead(DefaultChannelPipeline.java:1408)
	io.netty.channel.AbstractChannelHandlerContext.invokeChannelRead(AbstractChannelHandlerContext.java:374)
	io.netty.channel.AbstractChannelHandlerContext.invokeChannelRead(AbstractChannelHandlerContext.java:360)
	io.netty.channel.DefaultChannelPipeline.fireChannelRead(DefaultChannelPipeline.java:930)
	io.netty.channel.nio.AbstractNioByteChannel$NioByteUnsafe.read(AbstractNioByteChannel.java:163)
	io.netty.channel.nio.NioEventLoop.processSelectedKey(NioEventLoop.java:682)
	io.netty.channel.nio.NioEventLoop.processSelectedKeysOptimized(NioEventLoop.java:617)
	io.netty.channel.nio.NioEventLoop.processSelectedKeys(NioEventLoop.java:534)
	io.netty.channel.nio.NioEventLoop.run(NioEventLoop.java:496)
	io.netty.util.concurrent.SingleThreadEventExecutor$5.run(SingleThreadEventExecutor.java:906)
	io.netty.util.internal.ThreadExecutorMap$2.run(ThreadExecutorMap.java:74)
	io.netty.util.concurrent.FastThreadLocalRunnable.run(FastThreadLocalRunnable.java:30)
	java.lang.Thread.run(Thread.java:748)
#2:
	io.netty.buffer.AdvancedLeakAwareByteBuf.getByte(AdvancedLeakAwareByteBuf.java:154)
	org.springframework.core.io.buffer.NettyDataBuffer.getByte(NettyDataBuffer.java:132)
	org.springframework.core.io.buffer.DataBufferUtils$KnuthMorrisPrattMatcher.match(DataBufferUtils.java:1005)
	org.springframework.core.io.buffer.DataBufferUtils.endFrameAfterDelimiter(DataBufferUtils.java:634)
	org.springframework.core.io.buffer.DataBufferUtils.lambda$split$18(DataBufferUtils.java:603)
	reactor.core.publisher.FluxFlatMap$FlatMapMain.onNext(FluxFlatMap.java:350)
	reactor.core.publisher.FluxConcatMap$ConcatMapImmediate.innerNext(FluxConcatMap.java:275)
	reactor.core.publisher.FluxConcatMap$ConcatMapInner.onNext(FluxConcatMap.java:849)
	reactor.core.publisher.FluxConcatMap$WeakScalarSubscription.request(FluxConcatMap.java:470)
	reactor.core.publisher.Operators$MultiSubscriptionSubscriber.set(Operators.java:1939)
	reactor.core.publisher.FluxConcatMap$ConcatMapImmediate.drain(FluxConcatMap.java:436)
	reactor.core.publisher.FluxConcatMap$ConcatMapImmediate.onNext(FluxConcatMap.java:244)
	reactor.core.publisher.FluxMap$MapSubscriber.onNext(FluxMap.java:114)
	reactor.core.publisher.FluxPeek$PeekSubscriber.onNext(FluxPeek.java:192)
	reactor.core.publisher.FluxMap$MapSubscriber.onNext(FluxMap.java:114)
	reactor.netty.channel.FluxReceive.drainReceiver(FluxReceive.java:206)
	reactor.netty.channel.FluxReceive.onInboundNext(FluxReceive.java:322)
	reactor.netty.channel.ChannelOperations.onInboundNext(ChannelOperations.java:335)
	reactor.netty.http.server.HttpServerOperations.onInboundNext(HttpServerOperations.java:456)
	reactor.netty.channel.ChannelOperationsHandler.channelRead(ChannelOperationsHandler.java:91)
	io.netty.channel.AbstractChannelHandlerContext.invokeChannelRead(AbstractChannelHandlerContext.java:374)
	io.netty.channel.AbstractChannelHandlerContext.invokeChannelRead(AbstractChannelHandlerContext.java:360)
	io.netty.channel.AbstractChannelHandlerContext.fireChannelRead(AbstractChannelHandlerContext.java:352)
	reactor.netty.http.server.HttpTrafficHandler.channelRead(HttpTrafficHandler.java:190)
	io.netty.channel.AbstractChannelHandlerContext.invokeChannelRead(AbstractChannelHandlerContext.java:374)
	io.netty.channel.AbstractChannelHandlerContext.invokeChannelRead(AbstractChannelHandlerContext.java:360)
	io.netty.channel.AbstractChannelHandlerContext.fireChannelRead(AbstractChannelHandlerContext.java:352)
	io.netty.channel.CombinedChannelDuplexHandler$DelegatingChannelHandlerContext.fireChannelRead(CombinedChannelDuplexHandler.java:438)
	io.netty.handler.codec.ByteToMessageDecoder.fireChannelRead(ByteToMessageDecoder.java:323)
	io.netty.handler.codec.ByteToMessageDecoder.fireChannelRead(ByteToMessageDecoder.java:310)
	io.netty.handler.codec.ByteToMessageDecoder.callDecode(ByteToMessageDecoder.java:426)
	io.netty.handler.codec.ByteToMessageDecoder.channelRead(ByteToMessageDecoder.java:278)
	io.netty.channel.CombinedChannelDuplexHandler.channelRead(CombinedChannelDuplexHandler.java:253)
	io.netty.channel.AbstractChannelHandlerContext.invokeChannelRead(AbstractChannelHandlerContext.java:374)
	io.netty.channel.AbstractChannelHandlerContext.invokeChannelRead(AbstractChannelHandlerContext.java:360)
	io.netty.channel.AbstractChannelHandlerContext.fireChannelRead(AbstractChannelHandlerContext.java:352)
	io.netty.channel.DefaultChannelPipeline$HeadContext.channelRead(DefaultChannelPipeline.java:1408)
	io.netty.channel.AbstractChannelHandlerContext.invokeChannelRead(AbstractChannelHandlerContext.java:374)
	io.netty.channel.AbstractChannelHandlerContext.invokeChannelRead(AbstractChannelHandlerContext.java:360)
	io.netty.channel.DefaultChannelPipeline.fireChannelRead(DefaultChannelPipeline.java:930)
	io.netty.channel.nio.AbstractNioByteChannel$NioByteUnsafe.read(AbstractNioByteChannel.java:163)
	io.netty.channel.nio.NioEventLoop.processSelectedKey(NioEventLoop.java:682)
	io.netty.channel.nio.NioEventLoop.processSelectedKeysOptimized(NioEventLoop.java:617)
	io.netty.channel.nio.NioEventLoop.processSelectedKeys(NioEventLoop.java:534)
	io.netty.channel.nio.NioEventLoop.run(NioEventLoop.java:496)
	io.netty.util.concurrent.SingleThreadEventExecutor$5.run(SingleThreadEventExecutor.java:906)
	io.netty.util.internal.ThreadExecutorMap$2.run(ThreadExecutorMap.java:74)
	io.netty.util.concurrent.FastThreadLocalRunnable.run(FastThreadLocalRunnable.java:30)
	java.lang.Thread.run(Thread.java:748)
#3:
	org.springframework.core.io.buffer.NettyDataBufferFactory.wrap(NettyDataBufferFactory.java:93)
	reactor.core.publisher.FluxMap$MapSubscriber.onNext(FluxMap.java:100)
	reactor.core.publisher.FluxPeek$PeekSubscriber.onNext(FluxPeek.java:192)
	reactor.core.publisher.FluxMap$MapSubscriber.onNext(FluxMap.java:114)
	reactor.netty.channel.FluxReceive.drainReceiver(FluxReceive.java:206)
	reactor.netty.channel.FluxReceive.onInboundNext(FluxReceive.java:322)
	reactor.netty.channel.ChannelOperations.onInboundNext(ChannelOperations.java:335)
	reactor.netty.http.server.HttpServerOperations.onInboundNext(HttpServerOperations.java:456)
	reactor.netty.channel.ChannelOperationsHandler.channelRead(ChannelOperationsHandler.java:91)
	io.netty.channel.AbstractChannelHandlerContext.invokeChannelRead(AbstractChannelHandlerContext.java:374)
	io.netty.channel.AbstractChannelHandlerContext.invokeChannelRead(AbstractChannelHandlerContext.java:360)
	io.netty.channel.AbstractChannelHandlerContext.fireChannelRead(AbstractChannelHandlerContext.java:352)
	reactor.netty.http.server.HttpTrafficHandler.channelRead(HttpTrafficHandler.java:190)
	io.netty.channel.AbstractChannelHandlerContext.invokeChannelRead(AbstractChannelHandlerContext.java:374)
	io.netty.channel.AbstractChannelHandlerContext.invokeChannelRead(AbstractChannelHandlerContext.java:360)
	io.netty.channel.AbstractChannelHandlerContext.fireChannelRead(AbstractChannelHandlerContext.java:352)
	io.netty.channel.CombinedChannelDuplexHandler$DelegatingChannelHandlerContext.fireChannelRead(CombinedChannelDuplexHandler.java:438)
	io.netty.handler.codec.ByteToMessageDecoder.fireChannelRead(ByteToMessageDecoder.java:323)
	io.netty.handler.codec.ByteToMessageDecoder.fireChannelRead(ByteToMessageDecoder.java:310)
	io.netty.handler.codec.ByteToMessageDecoder.callDecode(ByteToMessageDecoder.java:426)
	io.netty.handler.codec.ByteToMessageDecoder.channelRead(ByteToMessageDecoder.java:278)
	io.netty.channel.CombinedChannelDuplexHandler.channelRead(CombinedChannelDuplexHandler.java:253)
	io.netty.channel.AbstractChannelHandlerContext.invokeChannelRead(AbstractChannelHandlerContext.java:374)
	io.netty.channel.AbstractChannelHandlerContext.invokeChannelRead(AbstractChannelHandlerContext.java:360)
	io.netty.channel.AbstractChannelHandlerContext.fireChannelRead(AbstractChannelHandlerContext.java:352)
	io.netty.channel.DefaultChannelPipeline$HeadContext.channelRead(DefaultChannelPipeline.java:1408)
	io.netty.channel.AbstractChannelHandlerContext.invokeChannelRead(AbstractChannelHandlerContext.java:374)
	io.netty.channel.AbstractChannelHandlerContext.invokeChannelRead(AbstractChannelHandlerContext.java:360)
	io.netty.channel.DefaultChannelPipeline.fireChannelRead(DefaultChannelPipeline.java:930)
	io.netty.channel.nio.AbstractNioByteChannel$NioByteUnsafe.read(AbstractNioByteChannel.java:163)
	io.netty.channel.nio.NioEventLoop.processSelectedKey(NioEventLoop.java:682)
	io.netty.channel.nio.NioEventLoop.processSelectedKeysOptimized(NioEventLoop.java:617)
	io.netty.channel.nio.NioEventLoop.processSelectedKeys(NioEventLoop.java:534)
	io.netty.channel.nio.NioEventLoop.run(NioEventLoop.java:496)
	io.netty.util.concurrent.SingleThreadEventExecutor$5.run(SingleThreadEventExecutor.java:906)
	io.netty.util.internal.ThreadExecutorMap$2.run(ThreadExecutorMap.java:74)
	io.netty.util.concurrent.FastThreadLocalRunnable.run(FastThreadLocalRunnable.java:30)
	java.lang.Thread.run(Thread.java:748)
#4:
	reactor.core.publisher.FluxPeek$PeekSubscriber.onNext(FluxPeek.java:177)
	reactor.core.publisher.FluxMap$MapSubscriber.onNext(FluxMap.java:114)
	reactor.netty.channel.FluxReceive.drainReceiver(FluxReceive.java:206)
	reactor.netty.channel.FluxReceive.onInboundNext(FluxReceive.java:322)
	reactor.netty.channel.ChannelOperations.onInboundNext(ChannelOperations.java:335)
	reactor.netty.http.server.HttpServerOperations.onInboundNext(HttpServerOperations.java:456)
	reactor.netty.channel.ChannelOperationsHandler.channelRead(ChannelOperationsHandler.java:91)
	io.netty.channel.AbstractChannelHandlerContext.invokeChannelRead(AbstractChannelHandlerContext.java:374)
	io.netty.channel.AbstractChannelHandlerContext.invokeChannelRead(AbstractChannelHandlerContext.java:360)
	io.netty.channel.AbstractChannelHandlerContext.fireChannelRead(AbstractChannelHandlerContext.java:352)
	reactor.netty.http.server.HttpTrafficHandler.channelRead(HttpTrafficHandler.java:190)
	io.netty.channel.AbstractChannelHandlerContext.invokeChannelRead(AbstractChannelHandlerContext.java:374)
	io.netty.channel.AbstractChannelHandlerContext.invokeChannelRead(AbstractChannelHandlerContext.java:360)
	io.netty.channel.AbstractChannelHandlerContext.fireChannelRead(AbstractChannelHandlerContext.java:352)
	io.netty.channel.CombinedChannelDuplexHandler$DelegatingChannelHandlerContext.fireChannelRead(CombinedChannelDuplexHandler.java:438)
	io.netty.handler.codec.ByteToMessageDecoder.fireChannelRead(ByteToMessageDecoder.java:323)
	io.netty.handler.codec.ByteToMessageDecoder.fireChannelRead(ByteToMessageDecoder.java:310)
	io.netty.handler.codec.ByteToMessageDecoder.callDecode(ByteToMessageDecoder.java:426)
	io.netty.handler.codec.ByteToMessageDecoder.channelRead(ByteToMessageDecoder.java:278)
	io.netty.channel.CombinedChannelDuplexHandler.channelRead(CombinedChannelDuplexHandler.java:253)
	io.netty.channel.AbstractChannelHandlerContext.invokeChannelRead(AbstractChannelHandlerContext.java:374)
	io.netty.channel.AbstractChannelHandlerContext.invokeChannelRead(AbstractChannelHandlerContext.java:360)
	io.netty.channel.AbstractChannelHandlerContext.fireChannelRead(AbstractChannelHandlerContext.java:352)
	io.netty.channel.DefaultChannelPipeline$HeadContext.channelRead(DefaultChannelPipeline.java:1408)
	io.netty.channel.AbstractChannelHandlerContext.invokeChannelRead(AbstractChannelHandlerContext.java:374)
	io.netty.channel.AbstractChannelHandlerContext.invokeChannelRead(AbstractChannelHandlerContext.java:360)
	io.netty.channel.DefaultChannelPipeline.fireChannelRead(DefaultChannelPipeline.java:930)
	io.netty.channel.nio.AbstractNioByteChannel$NioByteUnsafe.read(AbstractNioByteChannel.java:163)
	io.netty.channel.nio.NioEventLoop.processSelectedKey(NioEventLoop.java:682)
	io.netty.channel.nio.NioEventLoop.processSelectedKeysOptimized(NioEventLoop.java:617)
	io.netty.channel.nio.NioEventLoop.processSelectedKeys(NioEventLoop.java:534)
	io.netty.channel.nio.NioEventLoop.run(NioEventLoop.java:496)
	io.netty.util.concurrent.SingleThreadEventExecutor$5.run(SingleThreadEventExecutor.java:906)
	io.netty.util.internal.ThreadExecutorMap$2.run(ThreadExecutorMap.java:74)
	io.netty.util.concurrent.FastThreadLocalRunnable.run(FastThreadLocalRunnable.java:30)
	java.lang.Thread.run(Thread.java:748)
#5:
	Hint: 'reactor.right.reactiveBridge' will handle the message from this point.
	io.netty.handler.codec.http.DefaultHttpContent.touch(DefaultHttpContent.java:88)
	io.netty.handler.codec.http.DefaultHttpContent.touch(DefaultHttpContent.java:24)
	io.netty.channel.DefaultChannelPipeline.touch(DefaultChannelPipeline.java:116)
	io.netty.channel.AbstractChannelHandlerContext.invokeChannelRead(AbstractChannelHandlerContext.java:357)
	io.netty.channel.AbstractChannelHandlerContext.fireChannelRead(AbstractChannelHandlerContext.java:352)
	reactor.netty.http.server.HttpTrafficHandler.channelRead(HttpTrafficHandler.java:190)
	io.netty.channel.AbstractChannelHandlerContext.invokeChannelRead(AbstractChannelHandlerContext.java:374)
	io.netty.channel.AbstractChannelHandlerContext.invokeChannelRead(AbstractChannelHandlerContext.java:360)
	io.netty.channel.AbstractChannelHandlerContext.fireChannelRead(AbstractChannelHandlerContext.java:352)
	io.netty.channel.CombinedChannelDuplexHandler$DelegatingChannelHandlerContext.fireChannelRead(CombinedChannelDuplexHandler.java:438)
	io.netty.handler.codec.ByteToMessageDecoder.fireChannelRead(ByteToMessageDecoder.java:323)
	io.netty.handler.codec.ByteToMessageDecoder.fireChannelRead(ByteToMessageDecoder.java:310)
	io.netty.handler.codec.ByteToMessageDecoder.callDecode(ByteToMessageDecoder.java:426)
	io.netty.handler.codec.ByteToMessageDecoder.channelRead(ByteToMessageDecoder.java:278)
	io.netty.channel.CombinedChannelDuplexHandler.channelRead(CombinedChannelDuplexHandler.java:253)
	io.netty.channel.AbstractChannelHandlerContext.invokeChannelRead(AbstractChannelHandlerContext.java:374)
	io.netty.channel.AbstractChannelHandlerContext.invokeChannelRead(AbstractChannelHandlerContext.java:360)
	io.netty.channel.AbstractChannelHandlerContext.fireChannelRead(AbstractChannelHandlerContext.java:352)
	io.netty.channel.DefaultChannelPipeline$HeadContext.channelRead(DefaultChannelPipeline.java:1408)
	io.netty.channel.AbstractChannelHandlerContext.invokeChannelRead(AbstractChannelHandlerContext.java:374)
	io.netty.channel.AbstractChannelHandlerContext.invokeChannelRead(AbstractChannelHandlerContext.java:360)
	io.netty.channel.DefaultChannelPipeline.fireChannelRead(DefaultChannelPipeline.java:930)
	io.netty.channel.nio.AbstractNioByteChannel$NioByteUnsafe.read(AbstractNioByteChannel.java:163)
	io.netty.channel.nio.NioEventLoop.processSelectedKey(NioEventLoop.java:682)
	io.netty.channel.nio.NioEventLoop.processSelectedKeysOptimized(NioEventLoop.java:617)
	io.netty.channel.nio.NioEventLoop.processSelectedKeys(NioEventLoop.java:534)
	io.netty.channel.nio.NioEventLoop.run(NioEventLoop.java:496)
	io.netty.util.concurrent.SingleThreadEventExecutor$5.run(SingleThreadEventExecutor.java:906)
	io.netty.util.internal.ThreadExecutorMap$2.run(ThreadExecutorMap.java:74)
	io.netty.util.concurrent.FastThreadLocalRunnable.run(FastThreadLocalRunnable.java:30)
	java.lang.Thread.run(Thread.java:748)
#6:
	Hint: 'reactor.left.httpTrafficHandler' will handle the message from this point.
	io.netty.handler.codec.http.DefaultHttpContent.touch(DefaultHttpContent.java:88)
	io.netty.handler.codec.http.DefaultHttpContent.touch(DefaultHttpContent.java:24)
	io.netty.channel.DefaultChannelPipeline.touch(DefaultChannelPipeline.java:116)
	io.netty.channel.AbstractChannelHandlerContext.invokeChannelRead(AbstractChannelHandlerContext.java:357)
	io.netty.channel.AbstractChannelHandlerContext.fireChannelRead(AbstractChannelHandlerContext.java:352)
	io.netty.channel.CombinedChannelDuplexHandler$DelegatingChannelHandlerContext.fireChannelRead(CombinedChannelDuplexHandler.java:438)
	io.netty.handler.codec.ByteToMessageDecoder.fireChannelRead(ByteToMessageDecoder.java:323)
	io.netty.handler.codec.ByteToMessageDecoder.fireChannelRead(ByteToMessageDecoder.java:310)
	io.netty.handler.codec.ByteToMessageDecoder.callDecode(ByteToMessageDecoder.java:426)
	io.netty.handler.codec.ByteToMessageDecoder.channelRead(ByteToMessageDecoder.java:278)
	io.netty.channel.CombinedChannelDuplexHandler.channelRead(CombinedChannelDuplexHandler.java:253)
	io.netty.channel.AbstractChannelHandlerContext.invokeChannelRead(AbstractChannelHandlerContext.java:374)
	io.netty.channel.AbstractChannelHandlerContext.invokeChannelRead(AbstractChannelHandlerContext.java:360)
	io.netty.channel.AbstractChannelHandlerContext.fireChannelRead(AbstractChannelHandlerContext.java:352)
	io.netty.channel.DefaultChannelPipeline$HeadContext.channelRead(DefaultChannelPipeline.java:1408)
	io.netty.channel.AbstractChannelHandlerContext.invokeChannelRead(AbstractChannelHandlerContext.java:374)
	io.netty.channel.AbstractChannelHandlerContext.invokeChannelRead(AbstractChannelHandlerContext.java:360)
	io.netty.channel.DefaultChannelPipeline.fireChannelRead(DefaultChannelPipeline.java:930)
	io.netty.channel.nio.AbstractNioByteChannel$NioByteUnsafe.read(AbstractNioByteChannel.java:163)
	io.netty.channel.nio.NioEventLoop.processSelectedKey(NioEventLoop.java:682)
	io.netty.channel.nio.NioEventLoop.processSelectedKeysOptimized(NioEventLoop.java:617)
	io.netty.channel.nio.NioEventLoop.processSelectedKeys(NioEventLoop.java:534)
	io.netty.channel.nio.NioEventLoop.run(NioEventLoop.java:496)
	io.netty.util.concurrent.SingleThreadEventExecutor$5.run(SingleThreadEventExecutor.java:906)
	io.netty.util.internal.ThreadExecutorMap$2.run(ThreadExecutorMap.java:74)
	io.netty.util.concurrent.FastThreadLocalRunnable.run(FastThreadLocalRunnable.java:30)
	java.lang.Thread.run(Thread.java:748)
Created at:
	io.netty.buffer.SimpleLeakAwareByteBuf.unwrappedDerived(SimpleLeakAwareByteBuf.java:143)
	io.netty.buffer.SimpleLeakAwareByteBuf.readRetainedSlice(SimpleLeakAwareByteBuf.java:67)
	io.netty.buffer.AdvancedLeakAwareByteBuf.readRetainedSlice(AdvancedLeakAwareByteBuf.java:107)
	io.netty.handler.codec.http.HttpObjectDecoder.decode(HttpObjectDecoder.java:336)
	io.netty.handler.codec.http.HttpServerCodec$HttpServerRequestDecoder.decode(HttpServerCodec.java:103)
	io.netty.handler.codec.ByteToMessageDecoder.decodeRemovalReentryProtection(ByteToMessageDecoder.java:502)
	io.netty.handler.codec.ByteToMessageDecoder.callDecode(ByteToMessageDecoder.java:441)
	io.netty.handler.codec.ByteToMessageDecoder.channelRead(ByteToMessageDecoder.java:278)
	io.netty.channel.CombinedChannelDuplexHandler.channelRead(CombinedChannelDuplexHandler.java:253)
	io.netty.channel.AbstractChannelHandlerContext.invokeChannelRead(AbstractChannelHandlerContext.java:374)
	io.netty.channel.AbstractChannelHandlerContext.invokeChannelRead(AbstractChannelHandlerContext.java:360)
	io.netty.channel.AbstractChannelHandlerContext.fireChannelRead(AbstractChannelHandlerContext.java:352)
	io.netty.channel.DefaultChannelPipeline$HeadContext.channelRead(DefaultChannelPipeline.java:1408)
	io.netty.channel.AbstractChannelHandlerContext.invokeChannelRead(AbstractChannelHandlerContext.java:374)
	io.netty.channel.AbstractChannelHandlerContext.invokeChannelRead(AbstractChannelHandlerContext.java:360)
	io.netty.channel.DefaultChannelPipeline.fireChannelRead(DefaultChannelPipeline.java:930)
	io.netty.channel.nio.AbstractNioByteChannel$NioByteUnsafe.read(AbstractNioByteChannel.java:163)
	io.netty.channel.nio.NioEventLoop.processSelectedKey(NioEventLoop.java:682)
	io.netty.channel.nio.NioEventLoop.processSelectedKeysOptimized(NioEventLoop.java:617)
	io.netty.channel.nio.NioEventLoop.processSelectedKeys(NioEventLoop.java:534)
	io.netty.channel.nio.NioEventLoop.run(NioEventLoop.java:496)
	io.netty.util.concurrent.SingleThreadEventExecutor$5.run(SingleThreadEventExecutor.java:906)
	io.netty.util.internal.ThreadExecutorMap$2.run(ThreadExecutorMap.java:74)
	io.netty.util.concurrent.FastThreadLocalRunnable.run(FastThreadLocalRunnable.java:30)
	java.lang.Thread.run(Thread.java:748)
: 7 leak records were discarded because they were duplicates
: 1394 leak records were discarded because the leak record count is targeted to 4. Use system property io.netty.leakDetection.targetRecords to increase the limit.
22:42:59.960 [reactor-http-nio-14] ERROR i.n.u.ResourceLeakDetector - LEAK: ByteBuf.release() was not called before it's garbage-collected. See http://netty.io/wiki/reference-counted-objects.html for more information.
Recent access records: 
#1:
	io.netty.buffer.AdvancedLeakAwareByteBuf.getByte(AdvancedLeakAwareByteBuf.java:154)
	io.netty.buffer.CompositeByteBuf.getByte(CompositeByteBuf.java:913)
	io.netty.buffer.WrappedCompositeByteBuf.getByte(WrappedCompositeByteBuf.java:652)
	io.netty.buffer.AdvancedLeakAwareCompositeByteBuf.getByte(AdvancedLeakAwareCompositeByteBuf.java:141)
	org.springframework.core.io.buffer.NettyDataBuffer.getByte(NettyDataBuffer.java:132)
	org.springframework.http.codec.multipart.DefaultMultipartMessageReader.toPart(DefaultMultipartMessageReader.java:179)
	reactor.core.publisher.FluxMap$MapConditionalSubscriber.onNext(FluxMap.java:199)
	reactor.core.publisher.FluxTakeWhile$TakeWhileSubscriber.onNext(FluxTakeWhile.java:94)
	reactor.core.publisher.FluxContextStart$ContextStartSubscriber.onNext(FluxContextStart.java:103)
	reactor.core.publisher.FluxMap$MapConditionalSubscriber.onNext(FluxMap.java:213)
	reactor.core.publisher.FluxBufferPredicate$BufferPredicateSubscriber.emit(FluxBufferPredicate.java:290)
	reactor.core.publisher.FluxBufferPredicate$BufferPredicateSubscriber.onNextNewBuffer(FluxBufferPredicate.java:257)
	reactor.core.publisher.FluxBufferPredicate$BufferPredicateSubscriber.tryOnNext(FluxBufferPredicate.java:211)
	reactor.core.publisher.FluxBufferPredicate$BufferPredicateSubscriber.onNext(FluxBufferPredicate.java:184)
	reactor.core.publisher.FluxFlatMap$FlatMapMain.drainLoop(FluxFlatMap.java:664)
	reactor.core.publisher.FluxFlatMap$FlatMapMain.drain(FluxFlatMap.java:540)
	reactor.core.publisher.FluxFlatMap$FlatMapInner.onSubscribe(FluxFlatMap.java:924)
	reactor.core.publisher.FluxIterable.subscribe(FluxIterable.java:139)
	reactor.core.publisher.FluxIterable.subscribe(FluxIterable.java:63)
	reactor.core.publisher.Flux.subscribe(Flux.java:7922)
	reactor.core.publisher.FluxFlatMap$FlatMapMain.onNext(FluxFlatMap.java:389)
	reactor.core.publisher.FluxConcatMap$ConcatMapImmediate.innerNext(FluxConcatMap.java:275)
	reactor.core.publisher.FluxConcatMap$ConcatMapInner.onNext(FluxConcatMap.java:849)
	reactor.core.publisher.FluxConcatMap$WeakScalarSubscription.request(FluxConcatMap.java:470)
	reactor.core.publisher.Operators$MultiSubscriptionSubscriber.set(Operators.java:1939)
	reactor.core.publisher.FluxConcatMap$ConcatMapImmediate.drain(FluxConcatMap.java:436)
	reactor.core.publisher.FluxConcatMap$ConcatMapImmediate.onNext(FluxConcatMap.java:244)
	reactor.core.publisher.FluxMap$MapSubscriber.onNext(FluxMap.java:114)
	reactor.core.publisher.FluxPeek$PeekSubscriber.onNext(FluxPeek.java:192)
	reactor.core.publisher.FluxMap$MapSubscriber.onNext(FluxMap.java:114)
	reactor.netty.channel.FluxReceive.drainReceiver(FluxReceive.java:206)
	reactor.netty.channel.FluxReceive.onInboundNext(FluxReceive.java:322)
	reactor.netty.channel.ChannelOperations.onInboundNext(ChannelOperations.java:335)
	reactor.netty.http.server.HttpServerOperations.onInboundNext(HttpServerOperations.java:456)
	reactor.netty.channel.ChannelOperationsHandler.channelRead(ChannelOperationsHandler.java:91)
	io.netty.channel.AbstractChannelHandlerContext.invokeChannelRead(AbstractChannelHandlerContext.java:374)
	io.netty.channel.AbstractChannelHandlerContext.invokeChannelRead(AbstractChannelHandlerContext.java:360)
	io.netty.channel.AbstractChannelHandlerContext.fireChannelRead(AbstractChannelHandlerContext.java:352)
	reactor.netty.http.server.HttpTrafficHandler.channelRead(HttpTrafficHandler.java:190)
	io.netty.channel.AbstractChannelHandlerContext.invokeChannelRead(AbstractChannelHandlerContext.java:374)
	io.netty.channel.AbstractChannelHandlerContext.invokeChannelRead(AbstractChannelHandlerContext.java:360)
	io.netty.channel.AbstractChannelHandlerContext.fireChannelRead(AbstractChannelHandlerContext.java:352)
	io.netty.channel.CombinedChannelDuplexHandler$DelegatingChannelHandlerContext.fireChannelRead(CombinedChannelDuplexHandler.java:438)
	io.netty.handler.codec.ByteToMessageDecoder.fireChannelRead(ByteToMessageDecoder.java:323)
	io.netty.handler.codec.ByteToMessageDecoder.fireChannelRead(ByteToMessageDecoder.java:310)
	io.netty.handler.codec.ByteToMessageDecoder.callDecode(ByteToMessageDecoder.java:426)
	io.netty.handler.codec.ByteToMessageDecoder.channelRead(ByteToMessageDecoder.java:278)
	io.netty.channel.CombinedChannelDuplexHandler.channelRead(CombinedChannelDuplexHandler.java:253)
	io.netty.channel.AbstractChannelHandlerContext.invokeChannelRead(AbstractChannelHandlerContext.java:374)
	io.netty.channel.AbstractChannelHandlerContext.invokeChannelRead(AbstractChannelHandlerContext.java:360)
	io.netty.channel.AbstractChannelHandlerContext.fireChannelRead(AbstractChannelHandlerContext.java:352)
	io.netty.channel.DefaultChannelPipeline$HeadContext.channelRead(DefaultChannelPipeline.java:1408)
	io.netty.channel.AbstractChannelHandlerContext.invokeChannelRead(AbstractChannelHandlerContext.java:374)
	io.netty.channel.AbstractChannelHandlerContext.invokeChannelRead(AbstractChannelHandlerContext.java:360)
	io.netty.channel.DefaultChannelPipeline.fireChannelRead(DefaultChannelPipeline.java:930)
	io.netty.channel.nio.AbstractNioByteChannel$NioByteUnsafe.read(AbstractNioByteChannel.java:163)
	io.netty.channel.nio.NioEventLoop.processSelectedKey(NioEventLoop.java:682)
	io.netty.channel.nio.NioEventLoop.processSelectedKeysOptimized(NioEventLoop.java:617)
	io.netty.channel.nio.NioEventLoop.processSelectedKeys(NioEventLoop.java:534)
	io.netty.channel.nio.NioEventLoop.run(NioEventLoop.java:496)
	io.netty.util.concurrent.SingleThreadEventExecutor$5.run(SingleThreadEventExecutor.java:906)
	io.netty.util.internal.ThreadExecutorMap$2.run(ThreadExecutorMap.java:74)
	io.netty.util.concurrent.FastThreadLocalRunnable.run(FastThreadLocalRunnable.java:30)
	java.lang.Thread.run(Thread.java:748)
#2:
	io.netty.buffer.AdvancedLeakAwareByteBuf.getByte(AdvancedLeakAwareByteBuf.java:154)
	org.springframework.core.io.buffer.NettyDataBuffer.getByte(NettyDataBuffer.java:132)
	org.springframework.core.io.buffer.DataBufferUtils$KnuthMorrisPrattMatcher.match(DataBufferUtils.java:1005)
	org.springframework.core.io.buffer.DataBufferUtils.endFrameAfterDelimiter(DataBufferUtils.java:634)
	org.springframework.core.io.buffer.DataBufferUtils.lambda$split$18(DataBufferUtils.java:603)
	reactor.core.publisher.FluxFlatMap$FlatMapMain.onNext(FluxFlatMap.java:350)
	reactor.core.publisher.FluxConcatMap$ConcatMapImmediate.innerNext(FluxConcatMap.java:275)
	reactor.core.publisher.FluxConcatMap$ConcatMapInner.onNext(FluxConcatMap.java:849)
	reactor.core.publisher.FluxConcatMap$WeakScalarSubscription.request(FluxConcatMap.java:470)
	reactor.core.publisher.Operators$MultiSubscriptionSubscriber.set(Operators.java:1939)
	reactor.core.publisher.FluxConcatMap$ConcatMapImmediate.drain(FluxConcatMap.java:436)
	reactor.core.publisher.FluxConcatMap$ConcatMapImmediate.onNext(FluxConcatMap.java:244)
	reactor.core.publisher.FluxMap$MapSubscriber.onNext(FluxMap.java:114)
	reactor.core.publisher.FluxPeek$PeekSubscriber.onNext(FluxPeek.java:192)
	reactor.core.publisher.FluxMap$MapSubscriber.onNext(FluxMap.java:114)
	reactor.netty.channel.FluxReceive.drainReceiver(FluxReceive.java:206)
	reactor.netty.channel.FluxReceive.onInboundNext(FluxReceive.java:322)
	reactor.netty.channel.ChannelOperations.onInboundNext(ChannelOperations.java:335)
	reactor.netty.http.server.HttpServerOperations.onInboundNext(HttpServerOperations.java:456)
	reactor.netty.channel.ChannelOperationsHandler.channelRead(ChannelOperationsHandler.java:91)
	io.netty.channel.AbstractChannelHandlerContext.invokeChannelRead(AbstractChannelHandlerContext.java:374)
	io.netty.channel.AbstractChannelHandlerContext.invokeChannelRead(AbstractChannelHandlerContext.java:360)
	io.netty.channel.AbstractChannelHandlerContext.fireChannelRead(AbstractChannelHandlerContext.java:352)
	reactor.netty.http.server.HttpTrafficHandler.channelRead(HttpTrafficHandler.java:190)
	io.netty.channel.AbstractChannelHandlerContext.invokeChannelRead(AbstractChannelHandlerContext.java:374)
	io.netty.channel.AbstractChannelHandlerContext.invokeChannelRead(AbstractChannelHandlerContext.java:360)
	io.netty.channel.AbstractChannelHandlerContext.fireChannelRead(AbstractChannelHandlerContext.java:352)
	io.netty.channel.CombinedChannelDuplexHandler$DelegatingChannelHandlerContext.fireChannelRead(CombinedChannelDuplexHandler.java:438)
	io.netty.handler.codec.ByteToMessageDecoder.fireChannelRead(ByteToMessageDecoder.java:323)
	io.netty.handler.codec.ByteToMessageDecoder.fireChannelRead(ByteToMessageDecoder.java:310)
	io.netty.handler.codec.ByteToMessageDecoder.callDecode(ByteToMessageDecoder.java:426)
	io.netty.handler.codec.ByteToMessageDecoder.channelRead(ByteToMessageDecoder.java:278)
	io.netty.channel.CombinedChannelDuplexHandler.channelRead(CombinedChannelDuplexHandler.java:253)
	io.netty.channel.AbstractChannelHandlerContext.invokeChannelRead(AbstractChannelHandlerContext.java:374)
	io.netty.channel.AbstractChannelHandlerContext.invokeChannelRead(AbstractChannelHandlerContext.java:360)
	io.netty.channel.AbstractChannelHandlerContext.fireChannelRead(AbstractChannelHandlerContext.java:352)
	io.netty.channel.DefaultChannelPipeline$HeadContext.channelRead(DefaultChannelPipeline.java:1408)
	io.netty.channel.AbstractChannelHandlerContext.invokeChannelRead(AbstractChannelHandlerContext.java:374)
	io.netty.channel.AbstractChannelHandlerContext.invokeChannelRead(AbstractChannelHandlerContext.java:360)
	io.netty.channel.DefaultChannelPipeline.fireChannelRead(DefaultChannelPipeline.java:930)
	io.netty.channel.nio.AbstractNioByteChannel$NioByteUnsafe.read(AbstractNioByteChannel.java:163)
	io.netty.channel.nio.NioEventLoop.processSelectedKey(NioEventLoop.java:682)
	io.netty.channel.nio.NioEventLoop.processSelectedKeysOptimized(NioEventLoop.java:617)
	io.netty.channel.nio.NioEventLoop.processSelectedKeys(NioEventLoop.java:534)
	io.netty.channel.nio.NioEventLoop.run(NioEventLoop.java:496)
	io.netty.util.concurrent.SingleThreadEventExecutor$5.run(SingleThreadEventExecutor.java:906)
	io.netty.util.internal.ThreadExecutorMap$2.run(ThreadExecutorMap.java:74)
	io.netty.util.concurrent.FastThreadLocalRunnable.run(FastThreadLocalRunnable.java:30)
	java.lang.Thread.run(Thread.java:748)
#3:
	reactor.core.publisher.FluxPeek$PeekSubscriber.onNext(FluxPeek.java:177)
	reactor.core.publisher.FluxMap$MapSubscriber.onNext(FluxMap.java:114)
	reactor.netty.channel.FluxReceive.drainReceiver(FluxReceive.java:206)
	reactor.netty.channel.FluxReceive.onInboundNext(FluxReceive.java:322)
	reactor.netty.channel.ChannelOperations.onInboundNext(ChannelOperations.java:335)
	reactor.netty.http.server.HttpServerOperations.onInboundNext(HttpServerOperations.java:456)
	reactor.netty.channel.ChannelOperationsHandler.channelRead(ChannelOperationsHandler.java:91)
	io.netty.channel.AbstractChannelHandlerContext.invokeChannelRead(AbstractChannelHandlerContext.java:374)
	io.netty.channel.AbstractChannelHandlerContext.invokeChannelRead(AbstractChannelHandlerContext.java:360)
	io.netty.channel.AbstractChannelHandlerContext.fireChannelRead(AbstractChannelHandlerContext.java:352)
	reactor.netty.http.server.HttpTrafficHandler.channelRead(HttpTrafficHandler.java:190)
	io.netty.channel.AbstractChannelHandlerContext.invokeChannelRead(AbstractChannelHandlerContext.java:374)
	io.netty.channel.AbstractChannelHandlerContext.invokeChannelRead(AbstractChannelHandlerContext.java:360)
	io.netty.channel.AbstractChannelHandlerContext.fireChannelRead(AbstractChannelHandlerContext.java:352)
	io.netty.channel.CombinedChannelDuplexHandler$DelegatingChannelHandlerContext.fireChannelRead(CombinedChannelDuplexHandler.java:438)
	io.netty.handler.codec.ByteToMessageDecoder.fireChannelRead(ByteToMessageDecoder.java:323)
	io.netty.handler.codec.ByteToMessageDecoder.fireChannelRead(ByteToMessageDecoder.java:310)
	io.netty.handler.codec.ByteToMessageDecoder.callDecode(ByteToMessageDecoder.java:426)
	io.netty.handler.codec.ByteToMessageDecoder.channelRead(ByteToMessageDecoder.java:278)
	io.netty.channel.CombinedChannelDuplexHandler.channelRead(CombinedChannelDuplexHandler.java:253)
	io.netty.channel.AbstractChannelHandlerContext.invokeChannelRead(AbstractChannelHandlerContext.java:374)
	io.netty.channel.AbstractChannelHandlerContext.invokeChannelRead(AbstractChannelHandlerContext.java:360)
	io.netty.channel.AbstractChannelHandlerContext.fireChannelRead(AbstractChannelHandlerContext.java:352)
	io.netty.channel.DefaultChannelPipeline$HeadContext.channelRead(DefaultChannelPipeline.java:1408)
	io.netty.channel.AbstractChannelHandlerContext.invokeChannelRead(AbstractChannelHandlerContext.java:374)
	io.netty.channel.AbstractChannelHandlerContext.invokeChannelRead(AbstractChannelHandlerContext.java:360)
	io.netty.channel.DefaultChannelPipeline.fireChannelRead(DefaultChannelPipeline.java:930)
	io.netty.channel.nio.AbstractNioByteChannel$NioByteUnsafe.read(AbstractNioByteChannel.java:163)
	io.netty.channel.nio.NioEventLoop.processSelectedKey(NioEventLoop.java:682)
	io.netty.channel.nio.NioEventLoop.processSelectedKeysOptimized(NioEventLoop.java:617)
	io.netty.channel.nio.NioEventLoop.processSelectedKeys(NioEventLoop.java:534)
	io.netty.channel.nio.NioEventLoop.run(NioEventLoop.java:496)
	io.netty.util.concurrent.SingleThreadEventExecutor$5.run(SingleThreadEventExecutor.java:906)
	io.netty.util.internal.ThreadExecutorMap$2.run(ThreadExecutorMap.java:74)
	io.netty.util.concurrent.FastThreadLocalRunnable.run(FastThreadLocalRunnable.java:30)
	java.lang.Thread.run(Thread.java:748)
#4:
	Hint: 'reactor.right.reactiveBridge' will handle the message from this point.
	io.netty.handler.codec.http.DefaultHttpContent.touch(DefaultHttpContent.java:88)
	io.netty.handler.codec.http.DefaultHttpContent.touch(DefaultHttpContent.java:24)
	io.netty.channel.DefaultChannelPipeline.touch(DefaultChannelPipeline.java:116)
	io.netty.channel.AbstractChannelHandlerContext.invokeChannelRead(AbstractChannelHandlerContext.java:357)
	io.netty.channel.AbstractChannelHandlerContext.fireChannelRead(AbstractChannelHandlerContext.java:352)
	reactor.netty.http.server.HttpTrafficHandler.channelRead(HttpTrafficHandler.java:190)
	io.netty.channel.AbstractChannelHandlerContext.invokeChannelRead(AbstractChannelHandlerContext.java:374)
	io.netty.channel.AbstractChannelHandlerContext.invokeChannelRead(AbstractChannelHandlerContext.java:360)
	io.netty.channel.AbstractChannelHandlerContext.fireChannelRead(AbstractChannelHandlerContext.java:352)
	io.netty.channel.CombinedChannelDuplexHandler$DelegatingChannelHandlerContext.fireChannelRead(CombinedChannelDuplexHandler.java:438)
	io.netty.handler.codec.ByteToMessageDecoder.fireChannelRead(ByteToMessageDecoder.java:323)
	io.netty.handler.codec.ByteToMessageDecoder.fireChannelRead(ByteToMessageDecoder.java:310)
	io.netty.handler.codec.ByteToMessageDecoder.callDecode(ByteToMessageDecoder.java:426)
	io.netty.handler.codec.ByteToMessageDecoder.channelRead(ByteToMessageDecoder.java:278)
	io.netty.channel.CombinedChannelDuplexHandler.channelRead(CombinedChannelDuplexHandler.java:253)
	io.netty.channel.AbstractChannelHandlerContext.invokeChannelRead(AbstractChannelHandlerContext.java:374)
	io.netty.channel.AbstractChannelHandlerContext.invokeChannelRead(AbstractChannelHandlerContext.java:360)
	io.netty.channel.AbstractChannelHandlerContext.fireChannelRead(AbstractChannelHandlerContext.java:352)
	io.netty.channel.DefaultChannelPipeline$HeadContext.channelRead(DefaultChannelPipeline.java:1408)
	io.netty.channel.AbstractChannelHandlerContext.invokeChannelRead(AbstractChannelHandlerContext.java:374)
	io.netty.channel.AbstractChannelHandlerContext.invokeChannelRead(AbstractChannelHandlerContext.java:360)
	io.netty.channel.DefaultChannelPipeline.fireChannelRead(DefaultChannelPipeline.java:930)
	io.netty.channel.nio.AbstractNioByteChannel$NioByteUnsafe.read(AbstractNioByteChannel.java:163)
	io.netty.channel.nio.NioEventLoop.processSelectedKey(NioEventLoop.java:682)
	io.netty.channel.nio.NioEventLoop.processSelectedKeysOptimized(NioEventLoop.java:617)
	io.netty.channel.nio.NioEventLoop.processSelectedKeys(NioEventLoop.java:534)
	io.netty.channel.nio.NioEventLoop.run(NioEventLoop.java:496)
	io.netty.util.concurrent.SingleThreadEventExecutor$5.run(SingleThreadEventExecutor.java:906)
	io.netty.util.internal.ThreadExecutorMap$2.run(ThreadExecutorMap.java:74)
	io.netty.util.concurrent.FastThreadLocalRunnable.run(FastThreadLocalRunnable.java:30)
	java.lang.Thread.run(Thread.java:748)
#5:
	Hint: 'reactor.left.httpTrafficHandler' will handle the message from this point.
	io.netty.handler.codec.http.DefaultHttpContent.touch(DefaultHttpContent.java:88)
	io.netty.handler.codec.http.DefaultHttpContent.touch(DefaultHttpContent.java:24)
	io.netty.channel.DefaultChannelPipeline.touch(DefaultChannelPipeline.java:116)
	io.netty.channel.AbstractChannelHandlerContext.invokeChannelRead(AbstractChannelHandlerContext.java:357)
	io.netty.channel.AbstractChannelHandlerContext.fireChannelRead(AbstractChannelHandlerContext.java:352)
	io.netty.channel.CombinedChannelDuplexHandler$DelegatingChannelHandlerContext.fireChannelRead(CombinedChannelDuplexHandler.java:438)
	io.netty.handler.codec.ByteToMessageDecoder.fireChannelRead(ByteToMessageDecoder.java:323)
	io.netty.handler.codec.ByteToMessageDecoder.fireChannelRead(ByteToMessageDecoder.java:310)
	io.netty.handler.codec.ByteToMessageDecoder.callDecode(ByteToMessageDecoder.java:426)
	io.netty.handler.codec.ByteToMessageDecoder.channelRead(ByteToMessageDecoder.java:278)
	io.netty.channel.CombinedChannelDuplexHandler.channelRead(CombinedChannelDuplexHandler.java:253)
	io.netty.channel.AbstractChannelHandlerContext.invokeChannelRead(AbstractChannelHandlerContext.java:374)
	io.netty.channel.AbstractChannelHandlerContext.invokeChannelRead(AbstractChannelHandlerContext.java:360)
	io.netty.channel.AbstractChannelHandlerContext.fireChannelRead(AbstractChannelHandlerContext.java:352)
	io.netty.channel.DefaultChannelPipeline$HeadContext.channelRead(DefaultChannelPipeline.java:1408)
	io.netty.channel.AbstractChannelHandlerContext.invokeChannelRead(AbstractChannelHandlerContext.java:374)
	io.netty.channel.AbstractChannelHandlerContext.invokeChannelRead(AbstractChannelHandlerContext.java:360)
	io.netty.channel.DefaultChannelPipeline.fireChannelRead(DefaultChannelPipeline.java:930)
	io.netty.channel.nio.AbstractNioByteChannel$NioByteUnsafe.read(AbstractNioByteChannel.java:163)
	io.netty.channel.nio.NioEventLoop.processSelectedKey(NioEventLoop.java:682)
	io.netty.channel.nio.NioEventLoop.processSelectedKeysOptimized(NioEventLoop.java:617)
	io.netty.channel.nio.NioEventLoop.processSelectedKeys(NioEventLoop.java:534)
	io.netty.channel.nio.NioEventLoop.run(NioEventLoop.java:496)
	io.netty.util.concurrent.SingleThreadEventExecutor$5.run(SingleThreadEventExecutor.java:906)
	io.netty.util.internal.ThreadExecutorMap$2.run(ThreadExecutorMap.java:74)
	io.netty.util.concurrent.FastThreadLocalRunnable.run(FastThreadLocalRunnable.java:30)
	java.lang.Thread.run(Thread.java:748)
Created at:
	io.netty.buffer.SimpleLeakAwareByteBuf.unwrappedDerived(SimpleLeakAwareByteBuf.java:143)
	io.netty.buffer.SimpleLeakAwareByteBuf.readRetainedSlice(SimpleLeakAwareByteBuf.java:67)
	io.netty.buffer.AdvancedLeakAwareByteBuf.readRetainedSlice(AdvancedLeakAwareByteBuf.java:107)
	io.netty.handler.codec.http.HttpObjectDecoder.decode(HttpObjectDecoder.java:336)
	io.netty.handler.codec.http.HttpServerCodec$HttpServerRequestDecoder.decode(HttpServerCodec.java:103)
	io.netty.handler.codec.ByteToMessageDecoder.decodeRemovalReentryProtection(ByteToMessageDecoder.java:502)
	io.netty.handler.codec.ByteToMessageDecoder.callDecode(ByteToMessageDecoder.java:441)
	io.netty.handler.codec.ByteToMessageDecoder.channelRead(ByteToMessageDecoder.java:278)
	io.netty.channel.CombinedChannelDuplexHandler.channelRead(CombinedChannelDuplexHandler.java:253)
	io.netty.channel.AbstractChannelHandlerContext.invokeChannelRead(AbstractChannelHandlerContext.java:374)
	io.netty.channel.AbstractChannelHandlerContext.invokeChannelRead(AbstractChannelHandlerContext.java:360)
	io.netty.channel.AbstractChannelHandlerContext.fireChannelRead(AbstractChannelHandlerContext.java:352)
	io.netty.channel.DefaultChannelPipeline$HeadContext.channelRead(DefaultChannelPipeline.java:1408)
	io.netty.channel.AbstractChannelHandlerContext.invokeChannelRead(AbstractChannelHandlerContext.java:374)
	io.netty.channel.AbstractChannelHandlerContext.invokeChannelRead(AbstractChannelHandlerContext.java:360)
	io.netty.channel.DefaultChannelPipeline.fireChannelRead(DefaultChannelPipeline.java:930)
	io.netty.channel.nio.AbstractNioByteChannel$NioByteUnsafe.read(AbstractNioByteChannel.java:163)
	io.netty.channel.nio.NioEventLoop.processSelectedKey(NioEventLoop.java:682)
	io.netty.channel.nio.NioEventLoop.processSelectedKeysOptimized(NioEventLoop.java:617)
	io.netty.channel.nio.NioEventLoop.processSelectedKeys(NioEventLoop.java:534)
	io.netty.channel.nio.NioEventLoop.run(NioEventLoop.java:496)
	io.netty.util.concurrent.SingleThreadEventExecutor$5.run(SingleThreadEventExecutor.java:906)
	io.netty.util.internal.ThreadExecutorMap$2.run(ThreadExecutorMap.java:74)
	io.netty.util.concurrent.FastThreadLocalRunnable.run(FastThreadLocalRunnable.java:30)
	java.lang.Thread.run(Thread.java:748)
: 3 leak records were discarded because they were duplicates
: 39 leak records were discarded because the leak record count is targeted to 4. Use system property io.netty.leakDetection.targetRecords to increase the limit.
22:42:59.961 [reactor-http-nio-14] ERROR i.n.u.ResourceLeakDetector - LEAK: ByteBuf.release() was not called before it's garbage-collected. See http://netty.io/wiki/reference-counted-objects.html for more information.
Recent access records: 
#1:
	io.netty.buffer.AdvancedLeakAwareByteBuf.order(AdvancedLeakAwareByteBuf.java:70)
	io.netty.buffer.CompositeByteBuf.newComponent(CompositeByteBuf.java:318)
	io.netty.buffer.CompositeByteBuf.addComponent0(CompositeByteBuf.java:280)
	io.netty.buffer.CompositeByteBuf.addComponent(CompositeByteBuf.java:265)
	io.netty.buffer.CompositeByteBuf.addComponent(CompositeByteBuf.java:222)
	io.netty.buffer.WrappedCompositeByteBuf.addComponent(WrappedCompositeByteBuf.java:529)
	io.netty.buffer.AdvancedLeakAwareCompositeByteBuf.addComponent(AdvancedLeakAwareCompositeByteBuf.java:921)
	org.springframework.core.io.buffer.NettyDataBufferFactory.join(NettyDataBufferFactory.java:111)
	org.springframework.core.io.buffer.DataBufferUtils.joinAndStrip(DataBufferUtils.java:686)
	org.springframework.core.io.buffer.DataBufferUtils.lambda$split$20(DataBufferUtils.java:605)
	reactor.core.publisher.FluxMap$MapConditionalSubscriber.onNext(FluxMap.java:199)
	reactor.core.publisher.FluxBufferPredicate$BufferPredicateSubscriber.emit(FluxBufferPredicate.java:290)
	reactor.core.publisher.FluxBufferPredicate$BufferPredicateSubscriber.onNextNewBuffer(FluxBufferPredicate.java:257)
	reactor.core.publisher.FluxBufferPredicate$BufferPredicateSubscriber.tryOnNext(FluxBufferPredicate.java:211)
	reactor.core.publisher.FluxBufferPredicate$BufferPredicateSubscriber.onNext(FluxBufferPredicate.java:184)
	reactor.core.publisher.FluxFlatMap$FlatMapMain.drainLoop(FluxFlatMap.java:664)
	reactor.core.publisher.FluxFlatMap$FlatMapMain.drain(FluxFlatMap.java:540)
	reactor.core.publisher.FluxFlatMap$FlatMapInner.onSubscribe(FluxFlatMap.java:924)
	reactor.core.publisher.FluxIterable.subscribe(FluxIterable.java:139)
	reactor.core.publisher.FluxIterable.subscribe(FluxIterable.java:63)
	reactor.core.publisher.Flux.subscribe(Flux.java:7922)
	reactor.core.publisher.FluxFlatMap$FlatMapMain.onNext(FluxFlatMap.java:389)
	reactor.core.publisher.FluxConcatMap$ConcatMapImmediate.innerNext(FluxConcatMap.java:275)
	reactor.core.publisher.FluxConcatMap$ConcatMapInner.onNext(FluxConcatMap.java:849)
	reactor.core.publisher.FluxConcatMap$WeakScalarSubscription.request(FluxConcatMap.java:470)
	reactor.core.publisher.Operators$MultiSubscriptionSubscriber.set(Operators.java:1939)
	reactor.core.publisher.FluxConcatMap$ConcatMapImmediate.drain(FluxConcatMap.java:436)
	reactor.core.publisher.FluxConcatMap$ConcatMapImmediate.onNext(FluxConcatMap.java:244)
	reactor.core.publisher.FluxMap$MapSubscriber.onNext(FluxMap.java:114)
	reactor.core.publisher.FluxPeek$PeekSubscriber.onNext(FluxPeek.java:192)
	reactor.core.publisher.FluxMap$MapSubscriber.onNext(FluxMap.java:114)
	reactor.netty.channel.FluxReceive.drainReceiver(FluxReceive.java:206)
	reactor.netty.channel.FluxReceive.onInboundNext(FluxReceive.java:322)
	reactor.netty.channel.ChannelOperations.onInboundNext(ChannelOperations.java:335)
	reactor.netty.http.server.HttpServerOperations.onInboundNext(HttpServerOperations.java:456)
	reactor.netty.channel.ChannelOperationsHandler.channelRead(ChannelOperationsHandler.java:91)
	io.netty.channel.AbstractChannelHandlerContext.invokeChannelRead(AbstractChannelHandlerContext.java:374)
	io.netty.channel.AbstractChannelHandlerContext.invokeChannelRead(AbstractChannelHandlerContext.java:360)
	io.netty.channel.AbstractChannelHandlerContext.fireChannelRead(AbstractChannelHandlerContext.java:352)
	reactor.netty.http.server.HttpTrafficHandler.channelRead(HttpTrafficHandler.java:190)
	io.netty.channel.AbstractChannelHandlerContext.invokeChannelRead(AbstractChannelHandlerContext.java:374)
	io.netty.channel.AbstractChannelHandlerContext.invokeChannelRead(AbstractChannelHandlerContext.java:360)
	io.netty.channel.AbstractChannelHandlerContext.fireChannelRead(AbstractChannelHandlerContext.java:352)
	io.netty.channel.CombinedChannelDuplexHandler$DelegatingChannelHandlerContext.fireChannelRead(CombinedChannelDuplexHandler.java:438)
	io.netty.handler.codec.ByteToMessageDecoder.fireChannelRead(ByteToMessageDecoder.java:323)
	io.netty.handler.codec.ByteToMessageDecoder.fireChannelRead(ByteToMessageDecoder.java:310)
	io.netty.handler.codec.ByteToMessageDecoder.callDecode(ByteToMessageDecoder.java:426)
	io.netty.handler.codec.ByteToMessageDecoder.channelRead(ByteToMessageDecoder.java:278)
	io.netty.channel.CombinedChannelDuplexHandler.channelRead(CombinedChannelDuplexHandler.java:253)
	io.netty.channel.AbstractChannelHandlerContext.invokeChannelRead(AbstractChannelHandlerContext.java:374)
	io.netty.channel.AbstractChannelHandlerContext.invokeChannelRead(AbstractChannelHandlerContext.java:360)
	io.netty.channel.AbstractChannelHandlerContext.fireChannelRead(AbstractChannelHandlerContext.java:352)
	io.netty.channel.DefaultChannelPipeline$HeadContext.channelRead(DefaultChannelPipeline.java:1408)
	io.netty.channel.AbstractChannelHandlerContext.invokeChannelRead(AbstractChannelHandlerContext.java:374)
	io.netty.channel.AbstractChannelHandlerContext.invokeChannelRead(AbstractChannelHandlerContext.java:360)
	io.netty.channel.DefaultChannelPipeline.fireChannelRead(DefaultChannelPipeline.java:930)
	io.netty.channel.nio.AbstractNioByteChannel$NioByteUnsafe.read(AbstractNioByteChannel.java:163)
	io.netty.channel.nio.NioEventLoop.processSelectedKey(NioEventLoop.java:682)
	io.netty.channel.nio.NioEventLoop.processSelectedKeysOptimized(NioEventLoop.java:617)
	io.netty.channel.nio.NioEventLoop.processSelectedKeys(NioEventLoop.java:534)
	io.netty.channel.nio.NioEventLoop.run(NioEventLoop.java:496)
	io.netty.util.concurrent.SingleThreadEventExecutor$5.run(SingleThreadEventExecutor.java:906)
	io.netty.util.internal.ThreadExecutorMap$2.run(ThreadExecutorMap.java:74)
	io.netty.util.concurrent.FastThreadLocalRunnable.run(FastThreadLocalRunnable.java:30)
	java.lang.Thread.run(Thread.java:748)
#2:
	io.netty.buffer.AdvancedLeakAwareByteBuf.getByte(AdvancedLeakAwareByteBuf.java:154)
	org.springframework.core.io.buffer.NettyDataBuffer.getByte(NettyDataBuffer.java:132)
	org.springframework.core.io.buffer.DataBufferUtils$KnuthMorrisPrattMatcher.match(DataBufferUtils.java:1005)
	org.springframework.core.io.buffer.DataBufferUtils.endFrameAfterDelimiter(DataBufferUtils.java:634)
	org.springframework.core.io.buffer.DataBufferUtils.lambda$split$18(DataBufferUtils.java:603)
	reactor.core.publisher.FluxFlatMap$FlatMapMain.onNext(FluxFlatMap.java:350)
	reactor.core.publisher.FluxConcatMap$ConcatMapImmediate.innerNext(FluxConcatMap.java:275)
	reactor.core.publisher.FluxConcatMap$ConcatMapInner.onNext(FluxConcatMap.java:849)
	reactor.core.publisher.FluxConcatMap$WeakScalarSubscription.request(FluxConcatMap.java:470)
	reactor.core.publisher.Operators$MultiSubscriptionSubscriber.set(Operators.java:1939)
	reactor.core.publisher.FluxConcatMap$ConcatMapImmediate.drain(FluxConcatMap.java:436)
	reactor.core.publisher.FluxConcatMap$ConcatMapImmediate.onNext(FluxConcatMap.java:244)
	reactor.core.publisher.FluxMap$MapSubscriber.onNext(FluxMap.java:114)
	reactor.core.publisher.FluxPeek$PeekSubscriber.onNext(FluxPeek.java:192)
	reactor.core.publisher.FluxMap$MapSubscriber.onNext(FluxMap.java:114)
	reactor.netty.channel.FluxReceive.drainReceiver(FluxReceive.java:206)
	reactor.netty.channel.FluxReceive.onInboundNext(FluxReceive.java:322)
	reactor.netty.channel.ChannelOperations.onInboundNext(ChannelOperations.java:335)
	reactor.netty.http.server.HttpServerOperations.onInboundNext(HttpServerOperations.java:456)
	reactor.netty.channel.ChannelOperationsHandler.channelRead(ChannelOperationsHandler.java:91)
	io.netty.channel.AbstractChannelHandlerContext.invokeChannelRead(AbstractChannelHandlerContext.java:374)
	io.netty.channel.AbstractChannelHandlerContext.invokeChannelRead(AbstractChannelHandlerContext.java:360)
	io.netty.channel.AbstractChannelHandlerContext.fireChannelRead(AbstractChannelHandlerContext.java:352)
	reactor.netty.http.server.HttpTrafficHandler.channelRead(HttpTrafficHandler.java:190)
	io.netty.channel.AbstractChannelHandlerContext.invokeChannelRead(AbstractChannelHandlerContext.java:374)
	io.netty.channel.AbstractChannelHandlerContext.invokeChannelRead(AbstractChannelHandlerContext.java:360)
	io.netty.channel.AbstractChannelHandlerContext.fireChannelRead(AbstractChannelHandlerContext.java:352)
	io.netty.channel.CombinedChannelDuplexHandler$DelegatingChannelHandlerContext.fireChannelRead(CombinedChannelDuplexHandler.java:438)
	io.netty.handler.codec.ByteToMessageDecoder.fireChannelRead(ByteToMessageDecoder.java:323)
	io.netty.handler.codec.ByteToMessageDecoder.fireChannelRead(ByteToMessageDecoder.java:310)
	io.netty.handler.codec.ByteToMessageDecoder.callDecode(ByteToMessageDecoder.java:426)
	io.netty.handler.codec.ByteToMessageDecoder.channelRead(ByteToMessageDecoder.java:278)
	io.netty.channel.CombinedChannelDuplexHandler.channelRead(CombinedChannelDuplexHandler.java:253)
	io.netty.channel.AbstractChannelHandlerContext.invokeChannelRead(AbstractChannelHandlerContext.java:374)
	io.netty.channel.AbstractChannelHandlerContext.invokeChannelRead(AbstractChannelHandlerContext.java:360)
	io.netty.channel.AbstractChannelHandlerContext.fireChannelRead(AbstractChannelHandlerContext.java:352)
	io.netty.channel.DefaultChannelPipeline$HeadContext.channelRead(DefaultChannelPipeline.java:1408)
	io.netty.channel.AbstractChannelHandlerContext.invokeChannelRead(AbstractChannelHandlerContext.java:374)
	io.netty.channel.AbstractChannelHandlerContext.invokeChannelRead(AbstractChannelHandlerContext.java:360)
	io.netty.channel.DefaultChannelPipeline.fireChannelRead(DefaultChannelPipeline.java:930)
	io.netty.channel.nio.AbstractNioByteChannel$NioByteUnsafe.read(AbstractNioByteChannel.java:163)
	io.netty.channel.nio.NioEventLoop.processSelectedKey(NioEventLoop.java:682)
	io.netty.channel.nio.NioEventLoop.processSelectedKeysOptimized(NioEventLoop.java:617)
	io.netty.channel.nio.NioEventLoop.processSelectedKeys(NioEventLoop.java:534)
	io.netty.channel.nio.NioEventLoop.run(NioEventLoop.java:496)
	io.netty.util.concurrent.SingleThreadEventExecutor$5.run(SingleThreadEventExecutor.java:906)
	io.netty.util.internal.ThreadExecutorMap$2.run(ThreadExecutorMap.java:74)
	io.netty.util.concurrent.FastThreadLocalRunnable.run(FastThreadLocalRunnable.java:30)
	java.lang.Thread.run(Thread.java:748)
#3:
	reactor.core.publisher.FluxPeek$PeekSubscriber.onNext(FluxPeek.java:177)
	reactor.core.publisher.FluxMap$MapSubscriber.onNext(FluxMap.java:114)
	reactor.netty.channel.FluxReceive.drainReceiver(FluxReceive.java:206)
	reactor.netty.channel.FluxReceive.onInboundNext(FluxReceive.java:322)
	reactor.netty.channel.ChannelOperations.onInboundNext(ChannelOperations.java:335)
	reactor.netty.http.server.HttpServerOperations.onInboundNext(HttpServerOperations.java:456)
	reactor.netty.channel.ChannelOperationsHandler.channelRead(ChannelOperationsHandler.java:91)
	io.netty.channel.AbstractChannelHandlerContext.invokeChannelRead(AbstractChannelHandlerContext.java:374)
	io.netty.channel.AbstractChannelHandlerContext.invokeChannelRead(AbstractChannelHandlerContext.java:360)
	io.netty.channel.AbstractChannelHandlerContext.fireChannelRead(AbstractChannelHandlerContext.java:352)
	reactor.netty.http.server.HttpTrafficHandler.channelRead(HttpTrafficHandler.java:190)
	io.netty.channel.AbstractChannelHandlerContext.invokeChannelRead(AbstractChannelHandlerContext.java:374)
	io.netty.channel.AbstractChannelHandlerContext.invokeChannelRead(AbstractChannelHandlerContext.java:360)
	io.netty.channel.AbstractChannelHandlerContext.fireChannelRead(AbstractChannelHandlerContext.java:352)
	io.netty.channel.CombinedChannelDuplexHandler$DelegatingChannelHandlerContext.fireChannelRead(CombinedChannelDuplexHandler.java:438)
	io.netty.handler.codec.ByteToMessageDecoder.fireChannelRead(ByteToMessageDecoder.java:323)
	io.netty.handler.codec.ByteToMessageDecoder.fireChannelRead(ByteToMessageDecoder.java:310)
	io.netty.handler.codec.ByteToMessageDecoder.callDecode(ByteToMessageDecoder.java:426)
	io.netty.handler.codec.ByteToMessageDecoder.channelRead(ByteToMessageDecoder.java:278)
	io.netty.channel.CombinedChannelDuplexHandler.channelRead(CombinedChannelDuplexHandler.java:253)
	io.netty.channel.AbstractChannelHandlerContext.invokeChannelRead(AbstractChannelHandlerContext.java:374)
	io.netty.channel.AbstractChannelHandlerContext.invokeChannelRead(AbstractChannelHandlerContext.java:360)
	io.netty.channel.AbstractChannelHandlerContext.fireChannelRead(AbstractChannelHandlerContext.java:352)
	io.netty.channel.DefaultChannelPipeline$HeadContext.channelRead(DefaultChannelPipeline.java:1408)
	io.netty.channel.AbstractChannelHandlerContext.invokeChannelRead(AbstractChannelHandlerContext.java:374)
	io.netty.channel.AbstractChannelHandlerContext.invokeChannelRead(AbstractChannelHandlerContext.java:360)
	io.netty.channel.DefaultChannelPipeline.fireChannelRead(DefaultChannelPipeline.java:930)
	io.netty.channel.nio.AbstractNioByteChannel$NioByteUnsafe.read(AbstractNioByteChannel.java:163)
	io.netty.channel.nio.NioEventLoop.processSelectedKey(NioEventLoop.java:682)
	io.netty.channel.nio.NioEventLoop.processSelectedKeysOptimized(NioEventLoop.java:617)
	io.netty.channel.nio.NioEventLoop.processSelectedKeys(NioEventLoop.java:534)
	io.netty.channel.nio.NioEventLoop.run(NioEventLoop.java:496)
	io.netty.util.concurrent.SingleThreadEventExecutor$5.run(SingleThreadEventExecutor.java:906)
	io.netty.util.internal.ThreadExecutorMap$2.run(ThreadExecutorMap.java:74)
	io.netty.util.concurrent.FastThreadLocalRunnable.run(FastThreadLocalRunnable.java:30)
	java.lang.Thread.run(Thread.java:748)
#4:
	Hint: 'reactor.right.reactiveBridge' will handle the message from this point.
	io.netty.handler.codec.http.DefaultHttpContent.touch(DefaultHttpContent.java:88)
	io.netty.handler.codec.http.DefaultHttpContent.touch(DefaultHttpContent.java:24)
	io.netty.channel.DefaultChannelPipeline.touch(DefaultChannelPipeline.java:116)
	io.netty.channel.AbstractChannelHandlerContext.invokeChannelRead(AbstractChannelHandlerContext.java:357)
	io.netty.channel.AbstractChannelHandlerContext.fireChannelRead(AbstractChannelHandlerContext.java:352)
	reactor.netty.http.server.HttpTrafficHandler.channelRead(HttpTrafficHandler.java:190)
	io.netty.channel.AbstractChannelHandlerContext.invokeChannelRead(AbstractChannelHandlerContext.java:374)
	io.netty.channel.AbstractChannelHandlerContext.invokeChannelRead(AbstractChannelHandlerContext.java:360)
	io.netty.channel.AbstractChannelHandlerContext.fireChannelRead(AbstractChannelHandlerContext.java:352)
	io.netty.channel.CombinedChannelDuplexHandler$DelegatingChannelHandlerContext.fireChannelRead(CombinedChannelDuplexHandler.java:438)
	io.netty.handler.codec.ByteToMessageDecoder.fireChannelRead(ByteToMessageDecoder.java:323)
	io.netty.handler.codec.ByteToMessageDecoder.fireChannelRead(ByteToMessageDecoder.java:310)
	io.netty.handler.codec.ByteToMessageDecoder.callDecode(ByteToMessageDecoder.java:426)
	io.netty.handler.codec.ByteToMessageDecoder.channelRead(ByteToMessageDecoder.java:278)
	io.netty.channel.CombinedChannelDuplexHandler.channelRead(CombinedChannelDuplexHandler.java:253)
	io.netty.channel.AbstractChannelHandlerContext.invokeChannelRead(AbstractChannelHandlerContext.java:374)
	io.netty.channel.AbstractChannelHandlerContext.invokeChannelRead(AbstractChannelHandlerContext.java:360)
	io.netty.channel.AbstractChannelHandlerContext.fireChannelRead(AbstractChannelHandlerContext.java:352)
	io.netty.channel.DefaultChannelPipeline$HeadContext.channelRead(DefaultChannelPipeline.java:1408)
	io.netty.channel.AbstractChannelHandlerContext.invokeChannelRead(AbstractChannelHandlerContext.java:374)
	io.netty.channel.AbstractChannelHandlerContext.invokeChannelRead(AbstractChannelHandlerContext.java:360)
	io.netty.channel.DefaultChannelPipeline.fireChannelRead(DefaultChannelPipeline.java:930)
	io.netty.channel.nio.AbstractNioByteChannel$NioByteUnsafe.read(AbstractNioByteChannel.java:163)
	io.netty.channel.nio.NioEventLoop.processSelectedKey(NioEventLoop.java:682)
	io.netty.channel.nio.NioEventLoop.processSelectedKeysOptimized(NioEventLoop.java:617)
	io.netty.channel.nio.NioEventLoop.processSelectedKeys(NioEventLoop.java:534)
	io.netty.channel.nio.NioEventLoop.run(NioEventLoop.java:496)
	io.netty.util.concurrent.SingleThreadEventExecutor$5.run(SingleThreadEventExecutor.java:906)
	io.netty.util.internal.ThreadExecutorMap$2.run(ThreadExecutorMap.java:74)
	io.netty.util.concurrent.FastThreadLocalRunnable.run(FastThreadLocalRunnable.java:30)
	java.lang.Thread.run(Thread.java:748)
#5:
	Hint: 'reactor.left.httpTrafficHandler' will handle the message from this point.
	io.netty.handler.codec.http.DefaultHttpContent.touch(DefaultHttpContent.java:88)
	io.netty.handler.codec.http.DefaultHttpContent.touch(DefaultHttpContent.java:24)
	io.netty.channel.DefaultChannelPipeline.touch(DefaultChannelPipeline.java:116)
	io.netty.channel.AbstractChannelHandlerContext.invokeChannelRead(AbstractChannelHandlerContext.java:357)
	io.netty.channel.AbstractChannelHandlerContext.fireChannelRead(AbstractChannelHandlerContext.java:352)
	io.netty.channel.CombinedChannelDuplexHandler$DelegatingChannelHandlerContext.fireChannelRead(CombinedChannelDuplexHandler.java:438)
	io.netty.handler.codec.ByteToMessageDecoder.fireChannelRead(ByteToMessageDecoder.java:323)
	io.netty.handler.codec.ByteToMessageDecoder.fireChannelRead(ByteToMessageDecoder.java:310)
	io.netty.handler.codec.ByteToMessageDecoder.callDecode(ByteToMessageDecoder.java:426)
	io.netty.handler.codec.ByteToMessageDecoder.channelRead(ByteToMessageDecoder.java:278)
	io.netty.channel.CombinedChannelDuplexHandler.channelRead(CombinedChannelDuplexHandler.java:253)
	io.netty.channel.AbstractChannelHandlerContext.invokeChannelRead(AbstractChannelHandlerContext.java:374)
	io.netty.channel.AbstractChannelHandlerContext.invokeChannelRead(AbstractChannelHandlerContext.java:360)
	io.netty.channel.AbstractChannelHandlerContext.fireChannelRead(AbstractChannelHandlerContext.java:352)
	io.netty.channel.DefaultChannelPipeline$HeadContext.channelRead(DefaultChannelPipeline.java:1408)
	io.netty.channel.AbstractChannelHandlerContext.invokeChannelRead(AbstractChannelHandlerContext.java:374)
	io.netty.channel.AbstractChannelHandlerContext.invokeChannelRead(AbstractChannelHandlerContext.java:360)
	io.netty.channel.DefaultChannelPipeline.fireChannelRead(DefaultChannelPipeline.java:930)
	io.netty.channel.nio.AbstractNioByteChannel$NioByteUnsafe.read(AbstractNioByteChannel.java:163)
	io.netty.channel.nio.NioEventLoop.processSelectedKey(NioEventLoop.java:682)
	io.netty.channel.nio.NioEventLoop.processSelectedKeysOptimized(NioEventLoop.java:617)
	io.netty.channel.nio.NioEventLoop.processSelectedKeys(NioEventLoop.java:534)
	io.netty.channel.nio.NioEventLoop.run(NioEventLoop.java:496)
	io.netty.util.concurrent.SingleThreadEventExecutor$5.run(SingleThreadEventExecutor.java:906)
	io.netty.util.internal.ThreadExecutorMap$2.run(ThreadExecutorMap.java:74)
	io.netty.util.concurrent.FastThreadLocalRunnable.run(FastThreadLocalRunnable.java:30)
	java.lang.Thread.run(Thread.java:748)
Created at:
	io.netty.buffer.SimpleLeakAwareByteBuf.unwrappedDerived(SimpleLeakAwareByteBuf.java:143)
	io.netty.buffer.SimpleLeakAwareByteBuf.readRetainedSlice(SimpleLeakAwareByteBuf.java:67)
	io.netty.buffer.AdvancedLeakAwareByteBuf.readRetainedSlice(AdvancedLeakAwareByteBuf.java:107)
	io.netty.handler.codec.http.HttpObjectDecoder.decode(HttpObjectDecoder.java:336)
	io.netty.handler.codec.http.HttpServerCodec$HttpServerRequestDecoder.decode(HttpServerCodec.java:103)
	io.netty.handler.codec.ByteToMessageDecoder.decodeRemovalReentryProtection(ByteToMessageDecoder.java:502)
	io.netty.handler.codec.ByteToMessageDecoder.callDecode(ByteToMessageDecoder.java:441)
	io.netty.handler.codec.ByteToMessageDecoder.channelRead(ByteToMessageDecoder.java:278)
	io.netty.channel.CombinedChannelDuplexHandler.channelRead(CombinedChannelDuplexHandler.java:253)
	io.netty.channel.AbstractChannelHandlerContext.invokeChannelRead(AbstractChannelHandlerContext.java:374)
	io.netty.channel.AbstractChannelHandlerContext.invokeChannelRead(AbstractChannelHandlerContext.java:360)
	io.netty.channel.AbstractChannelHandlerContext.fireChannelRead(AbstractChannelHandlerContext.java:352)
	io.netty.channel.DefaultChannelPipeline$HeadContext.channelRead(DefaultChannelPipeline.java:1408)
	io.netty.channel.AbstractChannelHandlerContext.invokeChannelRead(AbstractChannelHandlerContext.java:374)
	io.netty.channel.AbstractChannelHandlerContext.invokeChannelRead(AbstractChannelHandlerContext.java:360)
	io.netty.channel.DefaultChannelPipeline.fireChannelRead(DefaultChannelPipeline.java:930)
	io.netty.channel.nio.AbstractNioByteChannel$NioByteUnsafe.read(AbstractNioByteChannel.java:163)
	io.netty.channel.nio.NioEventLoop.processSelectedKey(NioEventLoop.java:682)
	io.netty.channel.nio.NioEventLoop.processSelectedKeysOptimized(NioEventLoop.java:617)
	io.netty.channel.nio.NioEventLoop.processSelectedKeys(NioEventLoop.java:534)
	io.netty.channel.nio.NioEventLoop.run(NioEventLoop.java:496)
	io.netty.util.concurrent.SingleThreadEventExecutor$5.run(SingleThreadEventExecutor.java:906)
	io.netty.util.internal.ThreadExecutorMap$2.run(ThreadExecutorMap.java:74)
	io.netty.util.concurrent.FastThreadLocalRunnable.run(FastThreadLocalRunnable.java:30)
	java.lang.Thread.run(Thread.java:748)
: 9 leak records were discarded because they were duplicates
: 3632 leak records were discarded because the leak record count is targeted to 4. Use system property io.netty.leakDetection.targetRecords to increase the limit.
22:42:59.963 [reactor-http-nio-14] ERROR i.n.u.ResourceLeakDetector - LEAK: ByteBuf.release() was not called before it's garbage-collected. See http://netty.io/wiki/reference-counted-objects.html for more information.
Recent access records: 
#1:
	io.netty.buffer.AdvancedLeakAwareByteBuf.order(AdvancedLeakAwareByteBuf.java:70)
	io.netty.buffer.CompositeByteBuf.newComponent(CompositeByteBuf.java:318)
	io.netty.buffer.CompositeByteBuf.addComponent0(CompositeByteBuf.java:280)
	io.netty.buffer.CompositeByteBuf.addComponent(CompositeByteBuf.java:265)
	io.netty.buffer.CompositeByteBuf.addComponent(CompositeByteBuf.java:222)
	io.netty.buffer.WrappedCompositeByteBuf.addComponent(WrappedCompositeByteBuf.java:529)
	io.netty.buffer.AdvancedLeakAwareCompositeByteBuf.addComponent(AdvancedLeakAwareCompositeByteBuf.java:921)
	org.springframework.core.io.buffer.NettyDataBufferFactory.join(NettyDataBufferFactory.java:111)
	org.springframework.core.io.buffer.DataBufferUtils.joinAndStrip(DataBufferUtils.java:686)
	org.springframework.core.io.buffer.DataBufferUtils.lambda$split$20(DataBufferUtils.java:605)
	reactor.core.publisher.FluxMap$MapConditionalSubscriber.onNext(FluxMap.java:199)
	reactor.core.publisher.FluxBufferPredicate$BufferPredicateSubscriber.emit(FluxBufferPredicate.java:290)
	reactor.core.publisher.FluxBufferPredicate$BufferPredicateSubscriber.onNextNewBuffer(FluxBufferPredicate.java:257)
	reactor.core.publisher.FluxBufferPredicate$BufferPredicateSubscriber.tryOnNext(FluxBufferPredicate.java:211)
	reactor.core.publisher.FluxBufferPredicate$BufferPredicateSubscriber.onNext(FluxBufferPredicate.java:184)
	reactor.core.publisher.FluxFlatMap$FlatMapMain.drainLoop(FluxFlatMap.java:664)
	reactor.core.publisher.FluxFlatMap$FlatMapMain.drain(FluxFlatMap.java:540)
	reactor.core.publisher.FluxFlatMap$FlatMapInner.onSubscribe(FluxFlatMap.java:924)
	reactor.core.publisher.FluxIterable.subscribe(FluxIterable.java:139)
	reactor.core.publisher.FluxIterable.subscribe(FluxIterable.java:63)
	reactor.core.publisher.Flux.subscribe(Flux.java:7922)
	reactor.core.publisher.FluxFlatMap$FlatMapMain.onNext(FluxFlatMap.java:389)
	reactor.core.publisher.FluxConcatMap$ConcatMapImmediate.innerNext(FluxConcatMap.java:275)
	reactor.core.publisher.FluxConcatMap$ConcatMapInner.onNext(FluxConcatMap.java:849)
	reactor.core.publisher.FluxConcatMap$WeakScalarSubscription.request(FluxConcatMap.java:470)
	reactor.core.publisher.Operators$MultiSubscriptionSubscriber.set(Operators.java:1939)
	reactor.core.publisher.FluxConcatMap$ConcatMapImmediate.drain(FluxConcatMap.java:436)
	reactor.core.publisher.FluxConcatMap$ConcatMapImmediate.onNext(FluxConcatMap.java:244)
	reactor.core.publisher.FluxMap$MapSubscriber.onNext(FluxMap.java:114)
	reactor.core.publisher.FluxPeek$PeekSubscriber.onNext(FluxPeek.java:192)
	reactor.core.publisher.FluxMap$MapSubscriber.onNext(FluxMap.java:114)
	reactor.netty.channel.FluxReceive.drainReceiver(FluxReceive.java:206)
	reactor.netty.channel.FluxReceive.onInboundNext(FluxReceive.java:322)
	reactor.netty.channel.ChannelOperations.onInboundNext(ChannelOperations.java:335)
	reactor.netty.http.server.HttpServerOperations.onInboundNext(HttpServerOperations.java:456)
	reactor.netty.channel.ChannelOperationsHandler.channelRead(ChannelOperationsHandler.java:91)
	io.netty.channel.AbstractChannelHandlerContext.invokeChannelRead(AbstractChannelHandlerContext.java:374)
	io.netty.channel.AbstractChannelHandlerContext.invokeChannelRead(AbstractChannelHandlerContext.java:360)
	io.netty.channel.AbstractChannelHandlerContext.fireChannelRead(AbstractChannelHandlerContext.java:352)
	reactor.netty.http.server.HttpTrafficHandler.channelRead(HttpTrafficHandler.java:190)
	io.netty.channel.AbstractChannelHandlerContext.invokeChannelRead(AbstractChannelHandlerContext.java:374)
	io.netty.channel.AbstractChannelHandlerContext.invokeChannelRead(AbstractChannelHandlerContext.java:360)
	io.netty.channel.AbstractChannelHandlerContext.fireChannelRead(AbstractChannelHandlerContext.java:352)
	io.netty.channel.CombinedChannelDuplexHandler$DelegatingChannelHandlerContext.fireChannelRead(CombinedChannelDuplexHandler.java:438)
	io.netty.handler.codec.ByteToMessageDecoder.fireChannelRead(ByteToMessageDecoder.java:323)
	io.netty.handler.codec.ByteToMessageDecoder.fireChannelRead(ByteToMessageDecoder.java:310)
	io.netty.handler.codec.ByteToMessageDecoder.callDecode(ByteToMessageDecoder.java:426)
	io.netty.handler.codec.ByteToMessageDecoder.channelRead(ByteToMessageDecoder.java:278)
	io.netty.channel.CombinedChannelDuplexHandler.channelRead(CombinedChannelDuplexHandler.java:253)
	io.netty.channel.AbstractChannelHandlerContext.invokeChannelRead(AbstractChannelHandlerContext.java:374)
	io.netty.channel.AbstractChannelHandlerContext.invokeChannelRead(AbstractChannelHandlerContext.java:360)
	io.netty.channel.AbstractChannelHandlerContext.fireChannelRead(AbstractChannelHandlerContext.java:352)
	io.netty.channel.DefaultChannelPipeline$HeadContext.channelRead(DefaultChannelPipeline.java:1408)
	io.netty.channel.AbstractChannelHandlerContext.invokeChannelRead(AbstractChannelHandlerContext.java:374)
	io.netty.channel.AbstractChannelHandlerContext.invokeChannelRead(AbstractChannelHandlerContext.java:360)
	io.netty.channel.DefaultChannelPipeline.fireChannelRead(DefaultChannelPipeline.java:930)
	io.netty.channel.nio.AbstractNioByteChannel$NioByteUnsafe.read(AbstractNioByteChannel.java:163)
	io.netty.channel.nio.NioEventLoop.processSelectedKey(NioEventLoop.java:682)
	io.netty.channel.nio.NioEventLoop.processSelectedKeysOptimized(NioEventLoop.java:617)
	io.netty.channel.nio.NioEventLoop.processSelectedKeys(NioEventLoop.java:534)
	io.netty.channel.nio.NioEventLoop.run(NioEventLoop.java:496)
	io.netty.util.concurrent.SingleThreadEventExecutor$5.run(SingleThreadEventExecutor.java:906)
	io.netty.util.internal.ThreadExecutorMap$2.run(ThreadExecutorMap.java:74)
	io.netty.util.concurrent.FastThreadLocalRunnable.run(FastThreadLocalRunnable.java:30)
	java.lang.Thread.run(Thread.java:748)
#2:
	io.netty.buffer.AdvancedLeakAwareByteBuf.getByte(AdvancedLeakAwareByteBuf.java:154)
	org.springframework.core.io.buffer.NettyDataBuffer.getByte(NettyDataBuffer.java:132)
	org.springframework.core.io.buffer.DataBufferUtils$KnuthMorrisPrattMatcher.match(DataBufferUtils.java:1005)
	org.springframework.core.io.buffer.DataBufferUtils.endFrameAfterDelimiter(DataBufferUtils.java:634)
	org.springframework.core.io.buffer.DataBufferUtils.lambda$split$18(DataBufferUtils.java:603)
	reactor.core.publisher.FluxFlatMap$FlatMapMain.onNext(FluxFlatMap.java:350)
	reactor.core.publisher.FluxConcatMap$ConcatMapImmediate.innerNext(FluxConcatMap.java:275)
	reactor.core.publisher.FluxConcatMap$ConcatMapInner.onNext(FluxConcatMap.java:849)
	reactor.core.publisher.FluxConcatMap$WeakScalarSubscription.request(FluxConcatMap.java:470)
	reactor.core.publisher.Operators$MultiSubscriptionSubscriber.set(Operators.java:1939)
	reactor.core.publisher.FluxConcatMap$ConcatMapImmediate.drain(FluxConcatMap.java:436)
	reactor.core.publisher.FluxConcatMap$ConcatMapImmediate.onNext(FluxConcatMap.java:244)
	reactor.core.publisher.FluxMap$MapSubscriber.onNext(FluxMap.java:114)
	reactor.core.publisher.FluxPeek$PeekSubscriber.onNext(FluxPeek.java:192)
	reactor.core.publisher.FluxMap$MapSubscriber.onNext(FluxMap.java:114)
	reactor.netty.channel.FluxReceive.drainReceiver(FluxReceive.java:206)
	reactor.netty.channel.FluxReceive.onInboundNext(FluxReceive.java:322)
	reactor.netty.channel.ChannelOperations.onInboundNext(ChannelOperations.java:335)
	reactor.netty.http.server.HttpServerOperations.onInboundNext(HttpServerOperations.java:456)
	reactor.netty.channel.ChannelOperationsHandler.channelRead(ChannelOperationsHandler.java:91)
	io.netty.channel.AbstractChannelHandlerContext.invokeChannelRead(AbstractChannelHandlerContext.java:374)
	io.netty.channel.AbstractChannelHandlerContext.invokeChannelRead(AbstractChannelHandlerContext.java:360)
	io.netty.channel.AbstractChannelHandlerContext.fireChannelRead(AbstractChannelHandlerContext.java:352)
	reactor.netty.http.server.HttpTrafficHandler.channelRead(HttpTrafficHandler.java:190)
	io.netty.channel.AbstractChannelHandlerContext.invokeChannelRead(AbstractChannelHandlerContext.java:374)
	io.netty.channel.AbstractChannelHandlerContext.invokeChannelRead(AbstractChannelHandlerContext.java:360)
	io.netty.channel.AbstractChannelHandlerContext.fireChannelRead(AbstractChannelHandlerContext.java:352)
	io.netty.channel.CombinedChannelDuplexHandler$DelegatingChannelHandlerContext.fireChannelRead(CombinedChannelDuplexHandler.java:438)
	io.netty.handler.codec.ByteToMessageDecoder.fireChannelRead(ByteToMessageDecoder.java:323)
	io.netty.handler.codec.ByteToMessageDecoder.fireChannelRead(ByteToMessageDecoder.java:310)
	io.netty.handler.codec.ByteToMessageDecoder.callDecode(ByteToMessageDecoder.java:426)
	io.netty.handler.codec.ByteToMessageDecoder.channelRead(ByteToMessageDecoder.java:278)
	io.netty.channel.CombinedChannelDuplexHandler.channelRead(CombinedChannelDuplexHandler.java:253)
	io.netty.channel.AbstractChannelHandlerContext.invokeChannelRead(AbstractChannelHandlerContext.java:374)
	io.netty.channel.AbstractChannelHandlerContext.invokeChannelRead(AbstractChannelHandlerContext.java:360)
	io.netty.channel.AbstractChannelHandlerContext.fireChannelRead(AbstractChannelHandlerContext.java:352)
	io.netty.channel.DefaultChannelPipeline$HeadContext.channelRead(DefaultChannelPipeline.java:1408)
	io.netty.channel.AbstractChannelHandlerContext.invokeChannelRead(AbstractChannelHandlerContext.java:374)
	io.netty.channel.AbstractChannelHandlerContext.invokeChannelRead(AbstractChannelHandlerContext.java:360)
	io.netty.channel.DefaultChannelPipeline.fireChannelRead(DefaultChannelPipeline.java:930)
	io.netty.channel.nio.AbstractNioByteChannel$NioByteUnsafe.read(AbstractNioByteChannel.java:163)
	io.netty.channel.nio.NioEventLoop.processSelectedKey(NioEventLoop.java:682)
	io.netty.channel.nio.NioEventLoop.processSelectedKeysOptimized(NioEventLoop.java:617)
	io.netty.channel.nio.NioEventLoop.processSelectedKeys(NioEventLoop.java:534)
	io.netty.channel.nio.NioEventLoop.run(NioEventLoop.java:496)
	io.netty.util.concurrent.SingleThreadEventExecutor$5.run(SingleThreadEventExecutor.java:906)
	io.netty.util.internal.ThreadExecutorMap$2.run(ThreadExecutorMap.java:74)
	io.netty.util.concurrent.FastThreadLocalRunnable.run(FastThreadLocalRunnable.java:30)
	java.lang.Thread.run(Thread.java:748)
#3:
	reactor.core.publisher.FluxPeek$PeekSubscriber.onNext(FluxPeek.java:177)
	reactor.core.publisher.FluxMap$MapSubscriber.onNext(FluxMap.java:114)
	reactor.netty.channel.FluxReceive.drainReceiver(FluxReceive.java:206)
	reactor.netty.channel.FluxReceive.onInboundNext(FluxReceive.java:322)
	reactor.netty.channel.ChannelOperations.onInboundNext(ChannelOperations.java:335)
	reactor.netty.http.server.HttpServerOperations.onInboundNext(HttpServerOperations.java:456)
	reactor.netty.channel.ChannelOperationsHandler.channelRead(ChannelOperationsHandler.java:91)
	io.netty.channel.AbstractChannelHandlerContext.invokeChannelRead(AbstractChannelHandlerContext.java:374)
	io.netty.channel.AbstractChannelHandlerContext.invokeChannelRead(AbstractChannelHandlerContext.java:360)
	io.netty.channel.AbstractChannelHandlerContext.fireChannelRead(AbstractChannelHandlerContext.java:352)
	reactor.netty.http.server.HttpTrafficHandler.channelRead(HttpTrafficHandler.java:190)
	io.netty.channel.AbstractChannelHandlerContext.invokeChannelRead(AbstractChannelHandlerContext.java:374)
	io.netty.channel.AbstractChannelHandlerContext.invokeChannelRead(AbstractChannelHandlerContext.java:360)
	io.netty.channel.AbstractChannelHandlerContext.fireChannelRead(AbstractChannelHandlerContext.java:352)
	io.netty.channel.CombinedChannelDuplexHandler$DelegatingChannelHandlerContext.fireChannelRead(CombinedChannelDuplexHandler.java:438)
	io.netty.handler.codec.ByteToMessageDecoder.fireChannelRead(ByteToMessageDecoder.java:323)
	io.netty.handler.codec.ByteToMessageDecoder.fireChannelRead(ByteToMessageDecoder.java:310)
	io.netty.handler.codec.ByteToMessageDecoder.callDecode(ByteToMessageDecoder.java:426)
	io.netty.handler.codec.ByteToMessageDecoder.channelRead(ByteToMessageDecoder.java:278)
	io.netty.channel.CombinedChannelDuplexHandler.channelRead(CombinedChannelDuplexHandler.java:253)
	io.netty.channel.AbstractChannelHandlerContext.invokeChannelRead(AbstractChannelHandlerContext.java:374)
	io.netty.channel.AbstractChannelHandlerContext.invokeChannelRead(AbstractChannelHandlerContext.java:360)
	io.netty.channel.AbstractChannelHandlerContext.fireChannelRead(AbstractChannelHandlerContext.java:352)
	io.netty.channel.DefaultChannelPipeline$HeadContext.channelRead(DefaultChannelPipeline.java:1408)
	io.netty.channel.AbstractChannelHandlerContext.invokeChannelRead(AbstractChannelHandlerContext.java:374)
	io.netty.channel.AbstractChannelHandlerContext.invokeChannelRead(AbstractChannelHandlerContext.java:360)
	io.netty.channel.DefaultChannelPipeline.fireChannelRead(DefaultChannelPipeline.java:930)
	io.netty.channel.nio.AbstractNioByteChannel$NioByteUnsafe.read(AbstractNioByteChannel.java:163)
	io.netty.channel.nio.NioEventLoop.processSelectedKey(NioEventLoop.java:682)
	io.netty.channel.nio.NioEventLoop.processSelectedKeysOptimized(NioEventLoop.java:617)
	io.netty.channel.nio.NioEventLoop.processSelectedKeys(NioEventLoop.java:534)
	io.netty.channel.nio.NioEventLoop.run(NioEventLoop.java:496)
	io.netty.util.concurrent.SingleThreadEventExecutor$5.run(SingleThreadEventExecutor.java:906)
	io.netty.util.internal.ThreadExecutorMap$2.run(ThreadExecutorMap.java:74)
	io.netty.util.concurrent.FastThreadLocalRunnable.run(FastThreadLocalRunnable.java:30)
	java.lang.Thread.run(Thread.java:748)
#4:
	Hint: 'reactor.right.reactiveBridge' will handle the message from this point.
	io.netty.handler.codec.http.DefaultHttpContent.touch(DefaultHttpContent.java:88)
	io.netty.handler.codec.http.DefaultHttpContent.touch(DefaultHttpContent.java:24)
	io.netty.channel.DefaultChannelPipeline.touch(DefaultChannelPipeline.java:116)
	io.netty.channel.AbstractChannelHandlerContext.invokeChannelRead(AbstractChannelHandlerContext.java:357)
	io.netty.channel.AbstractChannelHandlerContext.fireChannelRead(AbstractChannelHandlerContext.java:352)
	reactor.netty.http.server.HttpTrafficHandler.channelRead(HttpTrafficHandler.java:190)
	io.netty.channel.AbstractChannelHandlerContext.invokeChannelRead(AbstractChannelHandlerContext.java:374)
	io.netty.channel.AbstractChannelHandlerContext.invokeChannelRead(AbstractChannelHandlerContext.java:360)
	io.netty.channel.AbstractChannelHandlerContext.fireChannelRead(AbstractChannelHandlerContext.java:352)
	io.netty.channel.CombinedChannelDuplexHandler$DelegatingChannelHandlerContext.fireChannelRead(CombinedChannelDuplexHandler.java:438)
	io.netty.handler.codec.ByteToMessageDecoder.fireChannelRead(ByteToMessageDecoder.java:323)
	io.netty.handler.codec.ByteToMessageDecoder.fireChannelRead(ByteToMessageDecoder.java:310)
	io.netty.handler.codec.ByteToMessageDecoder.callDecode(ByteToMessageDecoder.java:426)
	io.netty.handler.codec.ByteToMessageDecoder.channelRead(ByteToMessageDecoder.java:278)
	io.netty.channel.CombinedChannelDuplexHandler.channelRead(CombinedChannelDuplexHandler.java:253)
	io.netty.channel.AbstractChannelHandlerContext.invokeChannelRead(AbstractChannelHandlerContext.java:374)
	io.netty.channel.AbstractChannelHandlerContext.invokeChannelRead(AbstractChannelHandlerContext.java:360)
	io.netty.channel.AbstractChannelHandlerContext.fireChannelRead(AbstractChannelHandlerContext.java:352)
	io.netty.channel.DefaultChannelPipeline$HeadContext.channelRead(DefaultChannelPipeline.java:1408)
	io.netty.channel.AbstractChannelHandlerContext.invokeChannelRead(AbstractChannelHandlerContext.java:374)
	io.netty.channel.AbstractChannelHandlerContext.invokeChannelRead(AbstractChannelHandlerContext.java:360)
	io.netty.channel.DefaultChannelPipeline.fireChannelRead(DefaultChannelPipeline.java:930)
	io.netty.channel.nio.AbstractNioByteChannel$NioByteUnsafe.read(AbstractNioByteChannel.java:163)
	io.netty.channel.nio.NioEventLoop.processSelectedKey(NioEventLoop.java:682)
	io.netty.channel.nio.NioEventLoop.processSelectedKeysOptimized(NioEventLoop.java:617)
	io.netty.channel.nio.NioEventLoop.processSelectedKeys(NioEventLoop.java:534)
	io.netty.channel.nio.NioEventLoop.run(NioEventLoop.java:496)
	io.netty.util.concurrent.SingleThreadEventExecutor$5.run(SingleThreadEventExecutor.java:906)
	io.netty.util.internal.ThreadExecutorMap$2.run(ThreadExecutorMap.java:74)
	io.netty.util.concurrent.FastThreadLocalRunnable.run(FastThreadLocalRunnable.java:30)
	java.lang.Thread.run(Thread.java:748)
#5:
	Hint: 'reactor.left.httpTrafficHandler' will handle the message from this point.
	io.netty.handler.codec.http.DefaultHttpContent.touch(DefaultHttpContent.java:88)
	io.netty.handler.codec.http.DefaultHttpContent.touch(DefaultHttpContent.java:24)
	io.netty.channel.DefaultChannelPipeline.touch(DefaultChannelPipeline.java:116)
	io.netty.channel.AbstractChannelHandlerContext.invokeChannelRead(AbstractChannelHandlerContext.java:357)
	io.netty.channel.AbstractChannelHandlerContext.fireChannelRead(AbstractChannelHandlerContext.java:352)
	io.netty.channel.CombinedChannelDuplexHandler$DelegatingChannelHandlerContext.fireChannelRead(CombinedChannelDuplexHandler.java:438)
	io.netty.handler.codec.ByteToMessageDecoder.fireChannelRead(ByteToMessageDecoder.java:323)
	io.netty.handler.codec.ByteToMessageDecoder.fireChannelRead(ByteToMessageDecoder.java:310)
	io.netty.handler.codec.ByteToMessageDecoder.callDecode(ByteToMessageDecoder.java:426)
	io.netty.handler.codec.ByteToMessageDecoder.channelRead(ByteToMessageDecoder.java:278)
	io.netty.channel.CombinedChannelDuplexHandler.channelRead(CombinedChannelDuplexHandler.java:253)
	io.netty.channel.AbstractChannelHandlerContext.invokeChannelRead(AbstractChannelHandlerContext.java:374)
	io.netty.channel.AbstractChannelHandlerContext.invokeChannelRead(AbstractChannelHandlerContext.java:360)
	io.netty.channel.AbstractChannelHandlerContext.fireChannelRead(AbstractChannelHandlerContext.java:352)
	io.netty.channel.DefaultChannelPipeline$HeadContext.channelRead(DefaultChannelPipeline.java:1408)
	io.netty.channel.AbstractChannelHandlerContext.invokeChannelRead(AbstractChannelHandlerContext.java:374)
	io.netty.channel.AbstractChannelHandlerContext.invokeChannelRead(AbstractChannelHandlerContext.java:360)
	io.netty.channel.DefaultChannelPipeline.fireChannelRead(DefaultChannelPipeline.java:930)
	io.netty.channel.nio.AbstractNioByteChannel$NioByteUnsafe.read(AbstractNioByteChannel.java:163)
	io.netty.channel.nio.NioEventLoop.processSelectedKey(NioEventLoop.java:682)
	io.netty.channel.nio.NioEventLoop.processSelectedKeysOptimized(NioEventLoop.java:617)
	io.netty.channel.nio.NioEventLoop.processSelectedKeys(NioEventLoop.java:534)
	io.netty.channel.nio.NioEventLoop.run(NioEventLoop.java:496)
	io.netty.util.concurrent.SingleThreadEventExecutor$5.run(SingleThreadEventExecutor.java:906)
	io.netty.util.internal.ThreadExecutorMap$2.run(ThreadExecutorMap.java:74)
	io.netty.util.concurrent.FastThreadLocalRunnable.run(FastThreadLocalRunnable.java:30)
	java.lang.Thread.run(Thread.java:748)
Created at:
	io.netty.buffer.SimpleLeakAwareByteBuf.unwrappedDerived(SimpleLeakAwareByteBuf.java:143)
	io.netty.buffer.SimpleLeakAwareByteBuf.readRetainedSlice(SimpleLeakAwareByteBuf.java:67)
	io.netty.buffer.AdvancedLeakAwareByteBuf.readRetainedSlice(AdvancedLeakAwareByteBuf.java:107)
	io.netty.handler.codec.http.HttpObjectDecoder.decode(HttpObjectDecoder.java:336)
	io.netty.handler.codec.http.HttpServerCodec$HttpServerRequestDecoder.decode(HttpServerCodec.java:103)
	io.netty.handler.codec.ByteToMessageDecoder.decodeRemovalReentryProtection(ByteToMessageDecoder.java:502)
	io.netty.handler.codec.ByteToMessageDecoder.callDecode(ByteToMessageDecoder.java:441)
	io.netty.handler.codec.ByteToMessageDecoder.channelRead(ByteToMessageDecoder.java:278)
	io.netty.channel.CombinedChannelDuplexHandler.channelRead(CombinedChannelDuplexHandler.java:253)
	io.netty.channel.AbstractChannelHandlerContext.invokeChannelRead(AbstractChannelHandlerContext.java:374)
	io.netty.channel.AbstractChannelHandlerContext.invokeChannelRead(AbstractChannelHandlerContext.java:360)
	io.netty.channel.AbstractChannelHandlerContext.fireChannelRead(AbstractChannelHandlerContext.java:352)
	io.netty.channel.DefaultChannelPipeline$HeadContext.channelRead(DefaultChannelPipeline.java:1408)
	io.netty.channel.AbstractChannelHandlerContext.invokeChannelRead(AbstractChannelHandlerContext.java:374)
	io.netty.channel.AbstractChannelHandlerContext.invokeChannelRead(AbstractChannelHandlerContext.java:360)
	io.netty.channel.DefaultChannelPipeline.fireChannelRead(DefaultChannelPipeline.java:930)
	io.netty.channel.nio.AbstractNioByteChannel$NioByteUnsafe.read(AbstractNioByteChannel.java:163)
	io.netty.channel.nio.NioEventLoop.processSelectedKey(NioEventLoop.java:682)
	io.netty.channel.nio.NioEventLoop.processSelectedKeysOptimized(NioEventLoop.java:617)
	io.netty.channel.nio.NioEventLoop.processSelectedKeys(NioEventLoop.java:534)
	io.netty.channel.nio.NioEventLoop.run(NioEventLoop.java:496)
	io.netty.util.concurrent.SingleThreadEventExecutor$5.run(SingleThreadEventExecutor.java:906)
	io.netty.util.internal.ThreadExecutorMap$2.run(ThreadExecutorMap.java:74)
	io.netty.util.concurrent.FastThreadLocalRunnable.run(FastThreadLocalRunnable.java:30)
	java.lang.Thread.run(Thread.java:748)
: 8 leak records were discarded because they were duplicates
: 3665 leak records were discarded because the leak record count is targeted to 4. Use system property io.netty.leakDetection.targetRecords to increase the limit.
22:42:59.964 [reactor-http-nio-14] ERROR i.n.u.ResourceLeakDetector - LEAK: ByteBuf.release() was not called before it's garbage-collected. See http://netty.io/wiki/reference-counted-objects.html for more information.
Recent access records: 
#1:
	io.netty.handler.codec.ByteToMessageDecoder.channelRead(ByteToMessageDecoder.java:286)
	io.netty.channel.CombinedChannelDuplexHandler.channelRead(CombinedChannelDuplexHandler.java:253)
	io.netty.channel.AbstractChannelHandlerContext.invokeChannelRead(AbstractChannelHandlerContext.java:374)
	io.netty.channel.AbstractChannelHandlerContext.invokeChannelRead(AbstractChannelHandlerContext.java:360)
	io.netty.channel.AbstractChannelHandlerContext.fireChannelRead(AbstractChannelHandlerContext.java:352)
	io.netty.channel.DefaultChannelPipeline$HeadContext.channelRead(DefaultChannelPipeline.java:1408)
	io.netty.channel.AbstractChannelHandlerContext.invokeChannelRead(AbstractChannelHandlerContext.java:374)
	io.netty.channel.AbstractChannelHandlerContext.invokeChannelRead(AbstractChannelHandlerContext.java:360)
	io.netty.channel.DefaultChannelPipeline.fireChannelRead(DefaultChannelPipeline.java:930)
	io.netty.channel.nio.AbstractNioByteChannel$NioByteUnsafe.read(AbstractNioByteChannel.java:163)
	io.netty.channel.nio.NioEventLoop.processSelectedKey(NioEventLoop.java:682)
	io.netty.channel.nio.NioEventLoop.processSelectedKeysOptimized(NioEventLoop.java:617)
	io.netty.channel.nio.NioEventLoop.processSelectedKeys(NioEventLoop.java:534)
	io.netty.channel.nio.NioEventLoop.run(NioEventLoop.java:496)
	io.netty.util.concurrent.SingleThreadEventExecutor$5.run(SingleThreadEventExecutor.java:906)
	io.netty.util.internal.ThreadExecutorMap$2.run(ThreadExecutorMap.java:74)
	io.netty.util.concurrent.FastThreadLocalRunnable.run(FastThreadLocalRunnable.java:30)
	java.lang.Thread.run(Thread.java:748)
#2:
	io.netty.buffer.AdvancedLeakAwareByteBuf.readRetainedSlice(AdvancedLeakAwareByteBuf.java:106)
	io.netty.handler.codec.http.HttpObjectDecoder.decode(HttpObjectDecoder.java:336)
	io.netty.handler.codec.http.HttpServerCodec$HttpServerRequestDecoder.decode(HttpServerCodec.java:103)
	io.netty.handler.codec.ByteToMessageDecoder.decodeRemovalReentryProtection(ByteToMessageDecoder.java:502)
	io.netty.handler.codec.ByteToMessageDecoder.callDecode(ByteToMessageDecoder.java:441)
	io.netty.handler.codec.ByteToMessageDecoder.channelRead(ByteToMessageDecoder.java:278)
	io.netty.channel.CombinedChannelDuplexHandler.channelRead(CombinedChannelDuplexHandler.java:253)
	io.netty.channel.AbstractChannelHandlerContext.invokeChannelRead(AbstractChannelHandlerContext.java:374)
	io.netty.channel.AbstractChannelHandlerContext.invokeChannelRead(AbstractChannelHandlerContext.java:360)
	io.netty.channel.AbstractChannelHandlerContext.fireChannelRead(AbstractChannelHandlerContext.java:352)
	io.netty.channel.DefaultChannelPipeline$HeadContext.channelRead(DefaultChannelPipeline.java:1408)
	io.netty.channel.AbstractChannelHandlerContext.invokeChannelRead(AbstractChannelHandlerContext.java:374)
	io.netty.channel.AbstractChannelHandlerContext.invokeChannelRead(AbstractChannelHandlerContext.java:360)
	io.netty.channel.DefaultChannelPipeline.fireChannelRead(DefaultChannelPipeline.java:930)
	io.netty.channel.nio.AbstractNioByteChannel$NioByteUnsafe.read(AbstractNioByteChannel.java:163)
	io.netty.channel.nio.NioEventLoop.processSelectedKey(NioEventLoop.java:682)
	io.netty.channel.nio.NioEventLoop.processSelectedKeysOptimized(NioEventLoop.java:617)
	io.netty.channel.nio.NioEventLoop.processSelectedKeys(NioEventLoop.java:534)
	io.netty.channel.nio.NioEventLoop.run(NioEventLoop.java:496)
	io.netty.util.concurrent.SingleThreadEventExecutor$5.run(SingleThreadEventExecutor.java:906)
	io.netty.util.internal.ThreadExecutorMap$2.run(ThreadExecutorMap.java:74)
	io.netty.util.concurrent.FastThreadLocalRunnable.run(FastThreadLocalRunnable.java:30)
	java.lang.Thread.run(Thread.java:748)
#3:
	io.netty.buffer.AdvancedLeakAwareByteBuf.forEachByte(AdvancedLeakAwareByteBuf.java:670)
	io.netty.handler.codec.http.HttpObjectDecoder$HeaderParser.parse(HttpObjectDecoder.java:793)
	io.netty.handler.codec.http.HttpObjectDecoder$LineParser.parse(HttpObjectDecoder.java:842)
	io.netty.handler.codec.http.HttpObjectDecoder.decode(HttpObjectDecoder.java:313)
	io.netty.handler.codec.http.HttpServerCodec$HttpServerRequestDecoder.decode(HttpServerCodec.java:103)
	io.netty.handler.codec.ByteToMessageDecoder.decodeRemovalReentryProtection(ByteToMessageDecoder.java:502)
	io.netty.handler.codec.ByteToMessageDecoder.callDecode(ByteToMessageDecoder.java:441)
	io.netty.handler.codec.ByteToMessageDecoder.channelRead(ByteToMessageDecoder.java:278)
	io.netty.channel.CombinedChannelDuplexHandler.channelRead(CombinedChannelDuplexHandler.java:253)
	io.netty.channel.AbstractChannelHandlerContext.invokeChannelRead(AbstractChannelHandlerContext.java:374)
	io.netty.channel.AbstractChannelHandlerContext.invokeChannelRead(AbstractChannelHandlerContext.java:360)
	io.netty.channel.AbstractChannelHandlerContext.fireChannelRead(AbstractChannelHandlerContext.java:352)
	io.netty.channel.DefaultChannelPipeline$HeadContext.channelRead(DefaultChannelPipeline.java:1408)
	io.netty.channel.AbstractChannelHandlerContext.invokeChannelRead(AbstractChannelHandlerContext.java:374)
	io.netty.channel.AbstractChannelHandlerContext.invokeChannelRead(AbstractChannelHandlerContext.java:360)
	io.netty.channel.DefaultChannelPipeline.fireChannelRead(DefaultChannelPipeline.java:930)
	io.netty.channel.nio.AbstractNioByteChannel$NioByteUnsafe.read(AbstractNioByteChannel.java:163)
	io.netty.channel.nio.NioEventLoop.processSelectedKey(NioEventLoop.java:682)
	io.netty.channel.nio.NioEventLoop.processSelectedKeysOptimized(NioEventLoop.java:617)
	io.netty.channel.nio.NioEventLoop.processSelectedKeys(NioEventLoop.java:534)
	io.netty.channel.nio.NioEventLoop.run(NioEventLoop.java:496)
	io.netty.util.concurrent.SingleThreadEventExecutor$5.run(SingleThreadEventExecutor.java:906)
	io.netty.util.internal.ThreadExecutorMap$2.run(ThreadExecutorMap.java:74)
	io.netty.util.concurrent.FastThreadLocalRunnable.run(FastThreadLocalRunnable.java:30)
	java.lang.Thread.run(Thread.java:748)
#4:
	io.netty.buffer.AdvancedLeakAwareByteBuf.getByte(AdvancedLeakAwareByteBuf.java:154)
	io.netty.handler.codec.http.HttpObjectDecoder.decode(HttpObjectDecoder.java:351)
	io.netty.handler.codec.http.HttpServerCodec$HttpServerRequestDecoder.decode(HttpServerCodec.java:103)
	io.netty.handler.codec.ByteToMessageDecoder.decodeRemovalReentryProtection(ByteToMessageDecoder.java:502)
	io.netty.handler.codec.ByteToMessageDecoder.callDecode(ByteToMessageDecoder.java:441)
	io.netty.handler.codec.ByteToMessageDecoder.channelRead(ByteToMessageDecoder.java:278)
	io.netty.channel.CombinedChannelDuplexHandler.channelRead(CombinedChannelDuplexHandler.java:253)
	io.netty.channel.AbstractChannelHandlerContext.invokeChannelRead(AbstractChannelHandlerContext.java:374)
	io.netty.channel.AbstractChannelHandlerContext.invokeChannelRead(AbstractChannelHandlerContext.java:360)
	io.netty.channel.AbstractChannelHandlerContext.fireChannelRead(AbstractChannelHandlerContext.java:352)
	io.netty.channel.DefaultChannelPipeline$HeadContext.channelRead(DefaultChannelPipeline.java:1408)
	io.netty.channel.AbstractChannelHandlerContext.invokeChannelRead(AbstractChannelHandlerContext.java:374)
	io.netty.channel.AbstractChannelHandlerContext.invokeChannelRead(AbstractChannelHandlerContext.java:360)
	io.netty.channel.DefaultChannelPipeline.fireChannelRead(DefaultChannelPipeline.java:930)
	io.netty.channel.nio.AbstractNioByteChannel$NioByteUnsafe.read(AbstractNioByteChannel.java:163)
	io.netty.channel.nio.NioEventLoop.processSelectedKey(NioEventLoop.java:682)
	io.netty.channel.nio.NioEventLoop.processSelectedKeysOptimized(NioEventLoop.java:617)
	io.netty.channel.nio.NioEventLoop.processSelectedKeys(NioEventLoop.java:534)
	io.netty.channel.nio.NioEventLoop.run(NioEventLoop.java:496)
	io.netty.util.concurrent.SingleThreadEventExecutor$5.run(SingleThreadEventExecutor.java:906)
	io.netty.util.internal.ThreadExecutorMap$2.run(ThreadExecutorMap.java:74)
	io.netty.util.concurrent.FastThreadLocalRunnable.run(FastThreadLocalRunnable.java:30)
	java.lang.Thread.run(Thread.java:748)
#5:
	Hint: 'reactor.left.httpCodec' will handle the message from this point.
	io.netty.channel.DefaultChannelPipeline.touch(DefaultChannelPipeline.java:116)
	io.netty.channel.AbstractChannelHandlerContext.invokeChannelRead(AbstractChannelHandlerContext.java:357)
	io.netty.channel.AbstractChannelHandlerContext.fireChannelRead(AbstractChannelHandlerContext.java:352)
	io.netty.channel.DefaultChannelPipeline$HeadContext.channelRead(DefaultChannelPipeline.java:1408)
	io.netty.channel.AbstractChannelHandlerContext.invokeChannelRead(AbstractChannelHandlerContext.java:374)
	io.netty.channel.AbstractChannelHandlerContext.invokeChannelRead(AbstractChannelHandlerContext.java:360)
	io.netty.channel.DefaultChannelPipeline.fireChannelRead(DefaultChannelPipeline.java:930)
	io.netty.channel.nio.AbstractNioByteChannel$NioByteUnsafe.read(AbstractNioByteChannel.java:163)
	io.netty.channel.nio.NioEventLoop.processSelectedKey(NioEventLoop.java:682)
	io.netty.channel.nio.NioEventLoop.processSelectedKeysOptimized(NioEventLoop.java:617)
	io.netty.channel.nio.NioEventLoop.processSelectedKeys(NioEventLoop.java:534)
	io.netty.channel.nio.NioEventLoop.run(NioEventLoop.java:496)
	io.netty.util.concurrent.SingleThreadEventExecutor$5.run(SingleThreadEventExecutor.java:906)
	io.netty.util.internal.ThreadExecutorMap$2.run(ThreadExecutorMap.java:74)
	io.netty.util.concurrent.FastThreadLocalRunnable.run(FastThreadLocalRunnable.java:30)
	java.lang.Thread.run(Thread.java:748)
#6:
	Hint: 'DefaultChannelPipeline$HeadContext#0' will handle the message from this point.
	io.netty.channel.DefaultChannelPipeline.touch(DefaultChannelPipeline.java:116)
	io.netty.channel.AbstractChannelHandlerContext.invokeChannelRead(AbstractChannelHandlerContext.java:357)
	io.netty.channel.DefaultChannelPipeline.fireChannelRead(DefaultChannelPipeline.java:930)
	io.netty.channel.nio.AbstractNioByteChannel$NioByteUnsafe.read(AbstractNioByteChannel.java:163)
	io.netty.channel.nio.NioEventLoop.processSelectedKey(NioEventLoop.java:682)
	io.netty.channel.nio.NioEventLoop.processSelectedKeysOptimized(NioEventLoop.java:617)
	io.netty.channel.nio.NioEventLoop.processSelectedKeys(NioEventLoop.java:534)
	io.netty.channel.nio.NioEventLoop.run(NioEventLoop.java:496)
	io.netty.util.concurrent.SingleThreadEventExecutor$5.run(SingleThreadEventExecutor.java:906)
	io.netty.util.internal.ThreadExecutorMap$2.run(ThreadExecutorMap.java:74)
	io.netty.util.concurrent.FastThreadLocalRunnable.run(FastThreadLocalRunnable.java:30)
	java.lang.Thread.run(Thread.java:748)
#7:
	io.netty.buffer.AdvancedLeakAwareByteBuf.writeBytes(AdvancedLeakAwareByteBuf.java:634)
	io.netty.channel.socket.nio.NioSocketChannel.doReadBytes(NioSocketChannel.java:347)
	io.netty.channel.nio.AbstractNioByteChannel$NioByteUnsafe.read(AbstractNioByteChannel.java:148)
	io.netty.channel.nio.NioEventLoop.processSelectedKey(NioEventLoop.java:682)
	io.netty.channel.nio.NioEventLoop.processSelectedKeysOptimized(NioEventLoop.java:617)
	io.netty.channel.nio.NioEventLoop.processSelectedKeys(NioEventLoop.java:534)
	io.netty.channel.nio.NioEventLoop.run(NioEventLoop.java:496)
	io.netty.util.concurrent.SingleThreadEventExecutor$5.run(SingleThreadEventExecutor.java:906)
	io.netty.util.internal.ThreadExecutorMap$2.run(ThreadExecutorMap.java:74)
	io.netty.util.concurrent.FastThreadLocalRunnable.run(FastThreadLocalRunnable.java:30)
	java.lang.Thread.run(Thread.java:748)
Created at:
	io.netty.buffer.PooledByteBufAllocator.newDirectBuffer(PooledByteBufAllocator.java:349)
	io.netty.buffer.AbstractByteBufAllocator.directBuffer(AbstractByteBufAllocator.java:187)
	io.netty.buffer.AbstractByteBufAllocator.directBuffer(AbstractByteBufAllocator.java:178)
	io.netty.buffer.AbstractByteBufAllocator.ioBuffer(AbstractByteBufAllocator.java:139)
	io.netty.channel.DefaultMaxMessagesRecvByteBufAllocator$MaxMessageHandle.allocate(DefaultMaxMessagesRecvByteBufAllocator.java:114)
	io.netty.channel.nio.AbstractNioByteChannel$NioByteUnsafe.read(AbstractNioByteChannel.java:147)
	io.netty.channel.nio.NioEventLoop.processSelectedKey(NioEventLoop.java:682)
	io.netty.channel.nio.NioEventLoop.processSelectedKeysOptimized(NioEventLoop.java:617)
	io.netty.channel.nio.NioEventLoop.processSelectedKeys(NioEventLoop.java:534)
	io.netty.channel.nio.NioEventLoop.run(NioEventLoop.java:496)
	io.netty.util.concurrent.SingleThreadEventExecutor$5.run(SingleThreadEventExecutor.java:906)
	io.netty.util.internal.ThreadExecutorMap$2.run(ThreadExecutorMap.java:74)
	io.netty.util.concurrent.FastThreadLocalRunnable.run(FastThreadLocalRunnable.java:30)
	java.lang.Thread.run(Thread.java:748)
: 3 leak records were discarded because they were duplicates
: 40 leak records were discarded because the leak record count is targeted to 4. Use system property io.netty.leakDetection.targetRecords to increase the limit.
22:42:59.966 [reactor-http-nio-14] ERROR i.n.u.ResourceLeakDetector - LEAK: ByteBuf.release() was not called before it's garbage-collected. See http://netty.io/wiki/reference-counted-objects.html for more information.
Recent access records: 
#1:
	io.netty.handler.codec.ByteToMessageDecoder.channelRead(ByteToMessageDecoder.java:286)
	io.netty.channel.CombinedChannelDuplexHandler.channelRead(CombinedChannelDuplexHandler.java:253)
	io.netty.channel.AbstractChannelHandlerContext.invokeChannelRead(AbstractChannelHandlerContext.java:374)
	io.netty.channel.AbstractChannelHandlerContext.invokeChannelRead(AbstractChannelHandlerContext.java:360)
	io.netty.channel.AbstractChannelHandlerContext.fireChannelRead(AbstractChannelHandlerContext.java:352)
	io.netty.channel.DefaultChannelPipeline$HeadContext.channelRead(DefaultChannelPipeline.java:1408)
	io.netty.channel.AbstractChannelHandlerContext.invokeChannelRead(AbstractChannelHandlerContext.java:374)
	io.netty.channel.AbstractChannelHandlerContext.invokeChannelRead(AbstractChannelHandlerContext.java:360)
	io.netty.channel.DefaultChannelPipeline.fireChannelRead(DefaultChannelPipeline.java:930)
	io.netty.channel.nio.AbstractNioByteChannel$NioByteUnsafe.read(AbstractNioByteChannel.java:163)
	io.netty.channel.nio.NioEventLoop.processSelectedKey(NioEventLoop.java:682)
	io.netty.channel.nio.NioEventLoop.processSelectedKeysOptimized(NioEventLoop.java:617)
	io.netty.channel.nio.NioEventLoop.processSelectedKeys(NioEventLoop.java:534)
	io.netty.channel.nio.NioEventLoop.run(NioEventLoop.java:496)
	io.netty.util.concurrent.SingleThreadEventExecutor$5.run(SingleThreadEventExecutor.java:906)
	io.netty.util.internal.ThreadExecutorMap$2.run(ThreadExecutorMap.java:74)
	io.netty.util.concurrent.FastThreadLocalRunnable.run(FastThreadLocalRunnable.java:30)
	java.lang.Thread.run(Thread.java:748)
#2:
	io.netty.buffer.AdvancedLeakAwareByteBuf.getByte(AdvancedLeakAwareByteBuf.java:154)
	io.netty.handler.codec.http.HttpObjectDecoder.decode(HttpObjectDecoder.java:351)
	io.netty.handler.codec.http.HttpServerCodec$HttpServerRequestDecoder.decode(HttpServerCodec.java:103)
	io.netty.handler.codec.ByteToMessageDecoder.decodeRemovalReentryProtection(ByteToMessageDecoder.java:502)
	io.netty.handler.codec.ByteToMessageDecoder.callDecode(ByteToMessageDecoder.java:441)
	io.netty.handler.codec.ByteToMessageDecoder.channelRead(ByteToMessageDecoder.java:278)
	io.netty.channel.CombinedChannelDuplexHandler.channelRead(CombinedChannelDuplexHandler.java:253)
	io.netty.channel.AbstractChannelHandlerContext.invokeChannelRead(AbstractChannelHandlerContext.java:374)
	io.netty.channel.AbstractChannelHandlerContext.invokeChannelRead(AbstractChannelHandlerContext.java:360)
	io.netty.channel.AbstractChannelHandlerContext.fireChannelRead(AbstractChannelHandlerContext.java:352)
	io.netty.channel.DefaultChannelPipeline$HeadContext.channelRead(DefaultChannelPipeline.java:1408)
	io.netty.channel.AbstractChannelHandlerContext.invokeChannelRead(AbstractChannelHandlerContext.java:374)
	io.netty.channel.AbstractChannelHandlerContext.invokeChannelRead(AbstractChannelHandlerContext.java:360)
	io.netty.channel.DefaultChannelPipeline.fireChannelRead(DefaultChannelPipeline.java:930)
	io.netty.channel.nio.AbstractNioByteChannel$NioByteUnsafe.read(AbstractNioByteChannel.java:163)
	io.netty.channel.nio.NioEventLoop.processSelectedKey(NioEventLoop.java:682)
	io.netty.channel.nio.NioEventLoop.processSelectedKeysOptimized(NioEventLoop.java:617)
	io.netty.channel.nio.NioEventLoop.processSelectedKeys(NioEventLoop.java:534)
	io.netty.channel.nio.NioEventLoop.run(NioEventLoop.java:496)
	io.netty.util.concurrent.SingleThreadEventExecutor$5.run(SingleThreadEventExecutor.java:906)
	io.netty.util.internal.ThreadExecutorMap$2.run(ThreadExecutorMap.java:74)
	io.netty.util.concurrent.FastThreadLocalRunnable.run(FastThreadLocalRunnable.java:30)
	java.lang.Thread.run(Thread.java:748)
#3:
	io.netty.buffer.AdvancedLeakAwareByteBuf.readRetainedSlice(AdvancedLeakAwareByteBuf.java:106)
	io.netty.handler.codec.http.HttpObjectDecoder.decode(HttpObjectDecoder.java:336)
	io.netty.handler.codec.http.HttpServerCodec$HttpServerRequestDecoder.decode(HttpServerCodec.java:103)
	io.netty.handler.codec.ByteToMessageDecoder.decodeRemovalReentryProtection(ByteToMessageDecoder.java:502)
	io.netty.handler.codec.ByteToMessageDecoder.callDecode(ByteToMessageDecoder.java:441)
	io.netty.handler.codec.ByteToMessageDecoder.channelRead(ByteToMessageDecoder.java:278)
	io.netty.channel.CombinedChannelDuplexHandler.channelRead(CombinedChannelDuplexHandler.java:253)
	io.netty.channel.AbstractChannelHandlerContext.invokeChannelRead(AbstractChannelHandlerContext.java:374)
	io.netty.channel.AbstractChannelHandlerContext.invokeChannelRead(AbstractChannelHandlerContext.java:360)
	io.netty.channel.AbstractChannelHandlerContext.fireChannelRead(AbstractChannelHandlerContext.java:352)
	io.netty.channel.DefaultChannelPipeline$HeadContext.channelRead(DefaultChannelPipeline.java:1408)
	io.netty.channel.AbstractChannelHandlerContext.invokeChannelRead(AbstractChannelHandlerContext.java:374)
	io.netty.channel.AbstractChannelHandlerContext.invokeChannelRead(AbstractChannelHandlerContext.java:360)
	io.netty.channel.DefaultChannelPipeline.fireChannelRead(DefaultChannelPipeline.java:930)
	io.netty.channel.nio.AbstractNioByteChannel$NioByteUnsafe.read(AbstractNioByteChannel.java:163)
	io.netty.channel.nio.NioEventLoop.processSelectedKey(NioEventLoop.java:682)
	io.netty.channel.nio.NioEventLoop.processSelectedKeysOptimized(NioEventLoop.java:617)
	io.netty.channel.nio.NioEventLoop.processSelectedKeys(NioEventLoop.java:534)
	io.netty.channel.nio.NioEventLoop.run(NioEventLoop.java:496)
	io.netty.util.concurrent.SingleThreadEventExecutor$5.run(SingleThreadEventExecutor.java:906)
	io.netty.util.internal.ThreadExecutorMap$2.run(ThreadExecutorMap.java:74)
	io.netty.util.concurrent.FastThreadLocalRunnable.run(FastThreadLocalRunnable.java:30)
	java.lang.Thread.run(Thread.java:748)
#4:
	Hint: 'reactor.left.httpCodec' will handle the message from this point.
	io.netty.channel.DefaultChannelPipeline.touch(DefaultChannelPipeline.java:116)
	io.netty.channel.AbstractChannelHandlerContext.invokeChannelRead(AbstractChannelHandlerContext.java:357)
	io.netty.channel.AbstractChannelHandlerContext.fireChannelRead(AbstractChannelHandlerContext.java:352)
	io.netty.channel.DefaultChannelPipeline$HeadContext.channelRead(DefaultChannelPipeline.java:1408)
	io.netty.channel.AbstractChannelHandlerContext.invokeChannelRead(AbstractChannelHandlerContext.java:374)
	io.netty.channel.AbstractChannelHandlerContext.invokeChannelRead(AbstractChannelHandlerContext.java:360)
	io.netty.channel.DefaultChannelPipeline.fireChannelRead(DefaultChannelPipeline.java:930)
	io.netty.channel.nio.AbstractNioByteChannel$NioByteUnsafe.read(AbstractNioByteChannel.java:163)
	io.netty.channel.nio.NioEventLoop.processSelectedKey(NioEventLoop.java:682)
	io.netty.channel.nio.NioEventLoop.processSelectedKeysOptimized(NioEventLoop.java:617)
	io.netty.channel.nio.NioEventLoop.processSelectedKeys(NioEventLoop.java:534)
	io.netty.channel.nio.NioEventLoop.run(NioEventLoop.java:496)
	io.netty.util.concurrent.SingleThreadEventExecutor$5.run(SingleThreadEventExecutor.java:906)
	io.netty.util.internal.ThreadExecutorMap$2.run(ThreadExecutorMap.java:74)
	io.netty.util.concurrent.FastThreadLocalRunnable.run(FastThreadLocalRunnable.java:30)
	java.lang.Thread.run(Thread.java:748)
#5:
	Hint: 'DefaultChannelPipeline$HeadContext#0' will handle the message from this point.
	io.netty.channel.DefaultChannelPipeline.touch(DefaultChannelPipeline.java:116)
	io.netty.channel.AbstractChannelHandlerContext.invokeChannelRead(AbstractChannelHandlerContext.java:357)
	io.netty.channel.DefaultChannelPipeline.fireChannelRead(DefaultChannelPipeline.java:930)
	io.netty.channel.nio.AbstractNioByteChannel$NioByteUnsafe.read(AbstractNioByteChannel.java:163)
	io.netty.channel.nio.NioEventLoop.processSelectedKey(NioEventLoop.java:682)
	io.netty.channel.nio.NioEventLoop.processSelectedKeysOptimized(NioEventLoop.java:617)
	io.netty.channel.nio.NioEventLoop.processSelectedKeys(NioEventLoop.java:534)
	io.netty.channel.nio.NioEventLoop.run(NioEventLoop.java:496)
	io.netty.util.concurrent.SingleThreadEventExecutor$5.run(SingleThreadEventExecutor.java:906)
	io.netty.util.internal.ThreadExecutorMap$2.run(ThreadExecutorMap.java:74)
	io.netty.util.concurrent.FastThreadLocalRunnable.run(FastThreadLocalRunnable.java:30)
	java.lang.Thread.run(Thread.java:748)
#6:
	io.netty.buffer.AdvancedLeakAwareByteBuf.writeBytes(AdvancedLeakAwareByteBuf.java:634)
	io.netty.channel.socket.nio.NioSocketChannel.doReadBytes(NioSocketChannel.java:347)
	io.netty.channel.nio.AbstractNioByteChannel$NioByteUnsafe.read(AbstractNioByteChannel.java:148)
	io.netty.channel.nio.NioEventLoop.processSelectedKey(NioEventLoop.java:682)
	io.netty.channel.nio.NioEventLoop.processSelectedKeysOptimized(NioEventLoop.java:617)
	io.netty.channel.nio.NioEventLoop.processSelectedKeys(NioEventLoop.java:534)
	io.netty.channel.nio.NioEventLoop.run(NioEventLoop.java:496)
	io.netty.util.concurrent.SingleThreadEventExecutor$5.run(SingleThreadEventExecutor.java:906)
	io.netty.util.internal.ThreadExecutorMap$2.run(ThreadExecutorMap.java:74)
	io.netty.util.concurrent.FastThreadLocalRunnable.run(FastThreadLocalRunnable.java:30)
	java.lang.Thread.run(Thread.java:748)
Created at:
	io.netty.buffer.PooledByteBufAllocator.newDirectBuffer(PooledByteBufAllocator.java:349)
	io.netty.buffer.AbstractByteBufAllocator.directBuffer(AbstractByteBufAllocator.java:187)
	io.netty.buffer.AbstractByteBufAllocator.directBuffer(AbstractByteBufAllocator.java:178)
	io.netty.buffer.AbstractByteBufAllocator.ioBuffer(AbstractByteBufAllocator.java:139)
	io.netty.channel.DefaultMaxMessagesRecvByteBufAllocator$MaxMessageHandle.allocate(DefaultMaxMessagesRecvByteBufAllocator.java:114)
	io.netty.channel.nio.AbstractNioByteChannel$NioByteUnsafe.read(AbstractNioByteChannel.java:147)
	io.netty.channel.nio.NioEventLoop.processSelectedKey(NioEventLoop.java:682)
	io.netty.channel.nio.NioEventLoop.processSelectedKeysOptimized(NioEventLoop.java:617)
	io.netty.channel.nio.NioEventLoop.processSelectedKeys(NioEventLoop.java:534)
	io.netty.channel.nio.NioEventLoop.run(NioEventLoop.java:496)
	io.netty.util.concurrent.SingleThreadEventExecutor$5.run(SingleThreadEventExecutor.java:906)
	io.netty.util.internal.ThreadExecutorMap$2.run(ThreadExecutorMap.java:74)
	io.netty.util.concurrent.FastThreadLocalRunnable.run(FastThreadLocalRunnable.java:30)
	java.lang.Thread.run(Thread.java:748)
: 1 leak records were discarded because they were duplicates
: 14 leak records were discarded because the leak record count is targeted to 4. Use system property io.netty.leakDetection.targetRecords to increase the limit.
22:42:59.971 [reactor-http-nio-14] ERROR i.n.u.ResourceLeakDetector - LEAK: ByteBuf.release() was not called before it's garbage-collected. See http://netty.io/wiki/reference-counted-objects.html for more information.
Recent access records: 
#1:
	io.netty.buffer.AdvancedLeakAwareByteBuf.order(AdvancedLeakAwareByteBuf.java:70)
	io.netty.buffer.CompositeByteBuf.newComponent(CompositeByteBuf.java:318)
	io.netty.buffer.CompositeByteBuf.addComponent0(CompositeByteBuf.java:280)
	io.netty.buffer.CompositeByteBuf.addComponent(CompositeByteBuf.java:265)
	io.netty.buffer.CompositeByteBuf.addComponent(CompositeByteBuf.java:222)
	io.netty.buffer.WrappedCompositeByteBuf.addComponent(WrappedCompositeByteBuf.java:529)
	io.netty.buffer.AdvancedLeakAwareCompositeByteBuf.addComponent(AdvancedLeakAwareCompositeByteBuf.java:921)
	org.springframework.core.io.buffer.NettyDataBufferFactory.join(NettyDataBufferFactory.java:111)
	org.springframework.core.io.buffer.DataBufferUtils.joinAndStrip(DataBufferUtils.java:686)
	org.springframework.core.io.buffer.DataBufferUtils.lambda$split$20(DataBufferUtils.java:605)
	reactor.core.publisher.FluxMap$MapConditionalSubscriber.onNext(FluxMap.java:199)
	reactor.core.publisher.FluxBufferPredicate$BufferPredicateSubscriber.emit(FluxBufferPredicate.java:290)
	reactor.core.publisher.FluxBufferPredicate$BufferPredicateSubscriber.onNextNewBuffer(FluxBufferPredicate.java:257)
	reactor.core.publisher.FluxBufferPredicate$BufferPredicateSubscriber.tryOnNext(FluxBufferPredicate.java:211)
	reactor.core.publisher.FluxBufferPredicate$BufferPredicateSubscriber.onNext(FluxBufferPredicate.java:184)
	reactor.core.publisher.FluxFlatMap$FlatMapMain.drainLoop(FluxFlatMap.java:664)
	reactor.core.publisher.FluxFlatMap$FlatMapMain.drain(FluxFlatMap.java:540)
	reactor.core.publisher.FluxFlatMap$FlatMapInner.onSubscribe(FluxFlatMap.java:924)
	reactor.core.publisher.FluxIterable.subscribe(FluxIterable.java:139)
	reactor.core.publisher.FluxIterable.subscribe(FluxIterable.java:63)
	reactor.core.publisher.Flux.subscribe(Flux.java:7922)
	reactor.core.publisher.FluxFlatMap$FlatMapMain.onNext(FluxFlatMap.java:389)
	reactor.core.publisher.FluxConcatMap$ConcatMapImmediate.innerNext(FluxConcatMap.java:275)
	reactor.core.publisher.FluxConcatMap$ConcatMapInner.onNext(FluxConcatMap.java:849)
	reactor.core.publisher.FluxConcatMap$WeakScalarSubscription.request(FluxConcatMap.java:470)
	reactor.core.publisher.Operators$MultiSubscriptionSubscriber.set(Operators.java:1939)
	reactor.core.publisher.FluxConcatMap$ConcatMapImmediate.drain(FluxConcatMap.java:436)
	reactor.core.publisher.FluxConcatMap$ConcatMapImmediate.onNext(FluxConcatMap.java:244)
	reactor.core.publisher.FluxMap$MapSubscriber.onNext(FluxMap.java:114)
	reactor.core.publisher.FluxPeek$PeekSubscriber.onNext(FluxPeek.java:192)
	reactor.core.publisher.FluxMap$MapSubscriber.onNext(FluxMap.java:114)
	reactor.netty.channel.FluxReceive.drainReceiver(FluxReceive.java:206)
	reactor.netty.channel.FluxReceive.onInboundNext(FluxReceive.java:322)
	reactor.netty.channel.ChannelOperations.onInboundNext(ChannelOperations.java:335)
	reactor.netty.http.server.HttpServerOperations.onInboundNext(HttpServerOperations.java:456)
	reactor.netty.channel.ChannelOperationsHandler.channelRead(ChannelOperationsHandler.java:91)
	io.netty.channel.AbstractChannelHandlerContext.invokeChannelRead(AbstractChannelHandlerContext.java:374)
	io.netty.channel.AbstractChannelHandlerContext.invokeChannelRead(AbstractChannelHandlerContext.java:360)
	io.netty.channel.AbstractChannelHandlerContext.fireChannelRead(AbstractChannelHandlerContext.java:352)
	reactor.netty.http.server.HttpTrafficHandler.channelRead(HttpTrafficHandler.java:190)
	io.netty.channel.AbstractChannelHandlerContext.invokeChannelRead(AbstractChannelHandlerContext.java:374)
	io.netty.channel.AbstractChannelHandlerContext.invokeChannelRead(AbstractChannelHandlerContext.java:360)
	io.netty.channel.AbstractChannelHandlerContext.fireChannelRead(AbstractChannelHandlerContext.java:352)
	io.netty.channel.CombinedChannelDuplexHandler$DelegatingChannelHandlerContext.fireChannelRead(CombinedChannelDuplexHandler.java:438)
	io.netty.handler.codec.ByteToMessageDecoder.fireChannelRead(ByteToMessageDecoder.java:323)
	io.netty.handler.codec.ByteToMessageDecoder.fireChannelRead(ByteToMessageDecoder.java:310)
	io.netty.handler.codec.ByteToMessageDecoder.callDecode(ByteToMessageDecoder.java:426)
	io.netty.handler.codec.ByteToMessageDecoder.channelRead(ByteToMessageDecoder.java:278)
	io.netty.channel.CombinedChannelDuplexHandler.channelRead(CombinedChannelDuplexHandler.java:253)
	io.netty.channel.AbstractChannelHandlerContext.invokeChannelRead(AbstractChannelHandlerContext.java:374)
	io.netty.channel.AbstractChannelHandlerContext.invokeChannelRead(AbstractChannelHandlerContext.java:360)
	io.netty.channel.AbstractChannelHandlerContext.fireChannelRead(AbstractChannelHandlerContext.java:352)
	io.netty.channel.DefaultChannelPipeline$HeadContext.channelRead(DefaultChannelPipeline.java:1408)
	io.netty.channel.AbstractChannelHandlerContext.invokeChannelRead(AbstractChannelHandlerContext.java:374)
	io.netty.channel.AbstractChannelHandlerContext.invokeChannelRead(AbstractChannelHandlerContext.java:360)
	io.netty.channel.DefaultChannelPipeline.fireChannelRead(DefaultChannelPipeline.java:930)
	io.netty.channel.nio.AbstractNioByteChannel$NioByteUnsafe.read(AbstractNioByteChannel.java:163)
	io.netty.channel.nio.NioEventLoop.processSelectedKey(NioEventLoop.java:682)
	io.netty.channel.nio.NioEventLoop.processSelectedKeysOptimized(NioEventLoop.java:617)
	io.netty.channel.nio.NioEventLoop.processSelectedKeys(NioEventLoop.java:534)
	io.netty.channel.nio.NioEventLoop.run(NioEventLoop.java:496)
	io.netty.util.concurrent.SingleThreadEventExecutor$5.run(SingleThreadEventExecutor.java:906)
	io.netty.util.internal.ThreadExecutorMap$2.run(ThreadExecutorMap.java:74)
	io.netty.util.concurrent.FastThreadLocalRunnable.run(FastThreadLocalRunnable.java:30)
	java.lang.Thread.run(Thread.java:748)
#2:
	io.netty.buffer.AdvancedLeakAwareByteBuf.getByte(AdvancedLeakAwareByteBuf.java:154)
	org.springframework.core.io.buffer.NettyDataBuffer.getByte(NettyDataBuffer.java:132)
	org.springframework.core.io.buffer.DataBufferUtils$KnuthMorrisPrattMatcher.match(DataBufferUtils.java:1005)
	org.springframework.core.io.buffer.DataBufferUtils.endFrameAfterDelimiter(DataBufferUtils.java:634)
	org.springframework.core.io.buffer.DataBufferUtils.lambda$split$18(DataBufferUtils.java:603)
	reactor.core.publisher.FluxFlatMap$FlatMapMain.onNext(FluxFlatMap.java:350)
	reactor.core.publisher.FluxConcatMap$ConcatMapImmediate.innerNext(FluxConcatMap.java:275)
	reactor.core.publisher.FluxConcatMap$ConcatMapInner.onNext(FluxConcatMap.java:849)
	reactor.core.publisher.FluxConcatMap$WeakScalarSubscription.request(FluxConcatMap.java:470)
	reactor.core.publisher.Operators$MultiSubscriptionSubscriber.set(Operators.java:1939)
	reactor.core.publisher.FluxConcatMap$ConcatMapImmediate.drain(FluxConcatMap.java:436)
	reactor.core.publisher.FluxConcatMap$ConcatMapImmediate.onNext(FluxConcatMap.java:244)
	reactor.core.publisher.FluxMap$MapSubscriber.onNext(FluxMap.java:114)
	reactor.core.publisher.FluxPeek$PeekSubscriber.onNext(FluxPeek.java:192)
	reactor.core.publisher.FluxMap$MapSubscriber.onNext(FluxMap.java:114)
	reactor.netty.channel.FluxReceive.drainReceiver(FluxReceive.java:206)
	reactor.netty.channel.FluxReceive.onInboundNext(FluxReceive.java:322)
	reactor.netty.channel.ChannelOperations.onInboundNext(ChannelOperations.java:335)
	reactor.netty.http.server.HttpServerOperations.onInboundNext(HttpServerOperations.java:456)
	reactor.netty.channel.ChannelOperationsHandler.channelRead(ChannelOperationsHandler.java:91)
	io.netty.channel.AbstractChannelHandlerContext.invokeChannelRead(AbstractChannelHandlerContext.java:374)
	io.netty.channel.AbstractChannelHandlerContext.invokeChannelRead(AbstractChannelHandlerContext.java:360)
	io.netty.channel.AbstractChannelHandlerContext.fireChannelRead(AbstractChannelHandlerContext.java:352)
	reactor.netty.http.server.HttpTrafficHandler.channelRead(HttpTrafficHandler.java:190)
	io.netty.channel.AbstractChannelHandlerContext.invokeChannelRead(AbstractChannelHandlerContext.java:374)
	io.netty.channel.AbstractChannelHandlerContext.invokeChannelRead(AbstractChannelHandlerContext.java:360)
	io.netty.channel.AbstractChannelHandlerContext.fireChannelRead(AbstractChannelHandlerContext.java:352)
	io.netty.channel.CombinedChannelDuplexHandler$DelegatingChannelHandlerContext.fireChannelRead(CombinedChannelDuplexHandler.java:438)
	io.netty.handler.codec.ByteToMessageDecoder.fireChannelRead(ByteToMessageDecoder.java:323)
	io.netty.handler.codec.ByteToMessageDecoder.fireChannelRead(ByteToMessageDecoder.java:310)
	io.netty.handler.codec.ByteToMessageDecoder.callDecode(ByteToMessageDecoder.java:426)
	io.netty.handler.codec.ByteToMessageDecoder.channelRead(ByteToMessageDecoder.java:278)
	io.netty.channel.CombinedChannelDuplexHandler.channelRead(CombinedChannelDuplexHandler.java:253)
	io.netty.channel.AbstractChannelHandlerContext.invokeChannelRead(AbstractChannelHandlerContext.java:374)
	io.netty.channel.AbstractChannelHandlerContext.invokeChannelRead(AbstractChannelHandlerContext.java:360)
	io.netty.channel.AbstractChannelHandlerContext.fireChannelRead(AbstractChannelHandlerContext.java:352)
	io.netty.channel.DefaultChannelPipeline$HeadContext.channelRead(DefaultChannelPipeline.java:1408)
	io.netty.channel.AbstractChannelHandlerContext.invokeChannelRead(AbstractChannelHandlerContext.java:374)
	io.netty.channel.AbstractChannelHandlerContext.invokeChannelRead(AbstractChannelHandlerContext.java:360)
	io.netty.channel.DefaultChannelPipeline.fireChannelRead(DefaultChannelPipeline.java:930)
	io.netty.channel.nio.AbstractNioByteChannel$NioByteUnsafe.read(AbstractNioByteChannel.java:163)
	io.netty.channel.nio.NioEventLoop.processSelectedKey(NioEventLoop.java:682)
	io.netty.channel.nio.NioEventLoop.processSelectedKeysOptimized(NioEventLoop.java:617)
	io.netty.channel.nio.NioEventLoop.processSelectedKeys(NioEventLoop.java:534)
	io.netty.channel.nio.NioEventLoop.run(NioEventLoop.java:496)
	io.netty.util.concurrent.SingleThreadEventExecutor$5.run(SingleThreadEventExecutor.java:906)
	io.netty.util.internal.ThreadExecutorMap$2.run(ThreadExecutorMap.java:74)
	io.netty.util.concurrent.FastThreadLocalRunnable.run(FastThreadLocalRunnable.java:30)
	java.lang.Thread.run(Thread.java:748)
#3:
	org.springframework.core.io.buffer.NettyDataBufferFactory.wrap(NettyDataBufferFactory.java:93)
	reactor.core.publisher.FluxMap$MapSubscriber.onNext(FluxMap.java:100)
	reactor.core.publisher.FluxPeek$PeekSubscriber.onNext(FluxPeek.java:192)
	reactor.core.publisher.FluxMap$MapSubscriber.onNext(FluxMap.java:114)
	reactor.netty.channel.FluxReceive.drainReceiver(FluxReceive.java:206)
	reactor.netty.channel.FluxReceive.onInboundNext(FluxReceive.java:322)
	reactor.netty.channel.ChannelOperations.onInboundNext(ChannelOperations.java:335)
	reactor.netty.http.server.HttpServerOperations.onInboundNext(HttpServerOperations.java:456)
	reactor.netty.channel.ChannelOperationsHandler.channelRead(ChannelOperationsHandler.java:91)
	io.netty.channel.AbstractChannelHandlerContext.invokeChannelRead(AbstractChannelHandlerContext.java:374)
	io.netty.channel.AbstractChannelHandlerContext.invokeChannelRead(AbstractChannelHandlerContext.java:360)
	io.netty.channel.AbstractChannelHandlerContext.fireChannelRead(AbstractChannelHandlerContext.java:352)
	reactor.netty.http.server.HttpTrafficHandler.channelRead(HttpTrafficHandler.java:190)
	io.netty.channel.AbstractChannelHandlerContext.invokeChannelRead(AbstractChannelHandlerContext.java:374)
	io.netty.channel.AbstractChannelHandlerContext.invokeChannelRead(AbstractChannelHandlerContext.java:360)
	io.netty.channel.AbstractChannelHandlerContext.fireChannelRead(AbstractChannelHandlerContext.java:352)
	io.netty.channel.CombinedChannelDuplexHandler$DelegatingChannelHandlerContext.fireChannelRead(CombinedChannelDuplexHandler.java:438)
	io.netty.handler.codec.ByteToMessageDecoder.fireChannelRead(ByteToMessageDecoder.java:323)
	io.netty.handler.codec.ByteToMessageDecoder.fireChannelRead(ByteToMessageDecoder.java:310)
	io.netty.handler.codec.ByteToMessageDecoder.callDecode(ByteToMessageDecoder.java:426)
	io.netty.handler.codec.ByteToMessageDecoder.channelRead(ByteToMessageDecoder.java:278)
	io.netty.channel.CombinedChannelDuplexHandler.channelRead(CombinedChannelDuplexHandler.java:253)
	io.netty.channel.AbstractChannelHandlerContext.invokeChannelRead(AbstractChannelHandlerContext.java:374)
	io.netty.channel.AbstractChannelHandlerContext.invokeChannelRead(AbstractChannelHandlerContext.java:360)
	io.netty.channel.AbstractChannelHandlerContext.fireChannelRead(AbstractChannelHandlerContext.java:352)
	io.netty.channel.DefaultChannelPipeline$HeadContext.channelRead(DefaultChannelPipeline.java:1408)
	io.netty.channel.AbstractChannelHandlerContext.invokeChannelRead(AbstractChannelHandlerContext.java:374)
	io.netty.channel.AbstractChannelHandlerContext.invokeChannelRead(AbstractChannelHandlerContext.java:360)
	io.netty.channel.DefaultChannelPipeline.fireChannelRead(DefaultChannelPipeline.java:930)
	io.netty.channel.nio.AbstractNioByteChannel$NioByteUnsafe.read(AbstractNioByteChannel.java:163)
	io.netty.channel.nio.NioEventLoop.processSelectedKey(NioEventLoop.java:682)
	io.netty.channel.nio.NioEventLoop.processSelectedKeysOptimized(NioEventLoop.java:617)
	io.netty.channel.nio.NioEventLoop.processSelectedKeys(NioEventLoop.java:534)
	io.netty.channel.nio.NioEventLoop.run(NioEventLoop.java:496)
	io.netty.util.concurrent.SingleThreadEventExecutor$5.run(SingleThreadEventExecutor.java:906)
	io.netty.util.internal.ThreadExecutorMap$2.run(ThreadExecutorMap.java:74)
	io.netty.util.concurrent.FastThreadLocalRunnable.run(FastThreadLocalRunnable.java:30)
	java.lang.Thread.run(Thread.java:748)
#4:
	reactor.core.publisher.FluxPeek$PeekSubscriber.onNext(FluxPeek.java:177)
	reactor.core.publisher.FluxMap$MapSubscriber.onNext(FluxMap.java:114)
	reactor.netty.channel.FluxReceive.drainReceiver(FluxReceive.java:206)
	reactor.netty.channel.FluxReceive.onInboundNext(FluxReceive.java:322)
	reactor.netty.channel.ChannelOperations.onInboundNext(ChannelOperations.java:335)
	reactor.netty.http.server.HttpServerOperations.onInboundNext(HttpServerOperations.java:456)
	reactor.netty.channel.ChannelOperationsHandler.channelRead(ChannelOperationsHandler.java:91)
	io.netty.channel.AbstractChannelHandlerContext.invokeChannelRead(AbstractChannelHandlerContext.java:374)
	io.netty.channel.AbstractChannelHandlerContext.invokeChannelRead(AbstractChannelHandlerContext.java:360)
	io.netty.channel.AbstractChannelHandlerContext.fireChannelRead(AbstractChannelHandlerContext.java:352)
	reactor.netty.http.server.HttpTrafficHandler.channelRead(HttpTrafficHandler.java:190)
	io.netty.channel.AbstractChannelHandlerContext.invokeChannelRead(AbstractChannelHandlerContext.java:374)
	io.netty.channel.AbstractChannelHandlerContext.invokeChannelRead(AbstractChannelHandlerContext.java:360)
	io.netty.channel.AbstractChannelHandlerContext.fireChannelRead(AbstractChannelHandlerContext.java:352)
	io.netty.channel.CombinedChannelDuplexHandler$DelegatingChannelHandlerContext.fireChannelRead(CombinedChannelDuplexHandler.java:438)
	io.netty.handler.codec.ByteToMessageDecoder.fireChannelRead(ByteToMessageDecoder.java:323)
	io.netty.handler.codec.ByteToMessageDecoder.fireChannelRead(ByteToMessageDecoder.java:310)
	io.netty.handler.codec.ByteToMessageDecoder.callDecode(ByteToMessageDecoder.java:426)
	io.netty.handler.codec.ByteToMessageDecoder.channelRead(ByteToMessageDecoder.java:278)
	io.netty.channel.CombinedChannelDuplexHandler.channelRead(CombinedChannelDuplexHandler.java:253)
	io.netty.channel.AbstractChannelHandlerContext.invokeChannelRead(AbstractChannelHandlerContext.java:374)
	io.netty.channel.AbstractChannelHandlerContext.invokeChannelRead(AbstractChannelHandlerContext.java:360)
	io.netty.channel.AbstractChannelHandlerContext.fireChannelRead(AbstractChannelHandlerContext.java:352)
	io.netty.channel.DefaultChannelPipeline$HeadContext.channelRead(DefaultChannelPipeline.java:1408)
	io.netty.channel.AbstractChannelHandlerContext.invokeChannelRead(AbstractChannelHandlerContext.java:374)
	io.netty.channel.AbstractChannelHandlerContext.invokeChannelRead(AbstractChannelHandlerContext.java:360)
	io.netty.channel.DefaultChannelPipeline.fireChannelRead(DefaultChannelPipeline.java:930)
	io.netty.channel.nio.AbstractNioByteChannel$NioByteUnsafe.read(AbstractNioByteChannel.java:163)
	io.netty.channel.nio.NioEventLoop.processSelectedKey(NioEventLoop.java:682)
	io.netty.channel.nio.NioEventLoop.processSelectedKeysOptimized(NioEventLoop.java:617)
	io.netty.channel.nio.NioEventLoop.processSelectedKeys(NioEventLoop.java:534)
	io.netty.channel.nio.NioEventLoop.run(NioEventLoop.java:496)
	io.netty.util.concurrent.SingleThreadEventExecutor$5.run(SingleThreadEventExecutor.java:906)
	io.netty.util.internal.ThreadExecutorMap$2.run(ThreadExecutorMap.java:74)
	io.netty.util.concurrent.FastThreadLocalRunnable.run(FastThreadLocalRunnable.java:30)
	java.lang.Thread.run(Thread.java:748)
#5:
	Hint: 'reactor.right.reactiveBridge' will handle the message from this point.
	io.netty.handler.codec.http.DefaultHttpContent.touch(DefaultHttpContent.java:88)
	io.netty.handler.codec.http.DefaultHttpContent.touch(DefaultHttpContent.java:24)
	io.netty.channel.DefaultChannelPipeline.touch(DefaultChannelPipeline.java:116)
	io.netty.channel.AbstractChannelHandlerContext.invokeChannelRead(AbstractChannelHandlerContext.java:357)
	io.netty.channel.AbstractChannelHandlerContext.fireChannelRead(AbstractChannelHandlerContext.java:352)
	reactor.netty.http.server.HttpTrafficHandler.channelRead(HttpTrafficHandler.java:190)
	io.netty.channel.AbstractChannelHandlerContext.invokeChannelRead(AbstractChannelHandlerContext.java:374)
	io.netty.channel.AbstractChannelHandlerContext.invokeChannelRead(AbstractChannelHandlerContext.java:360)
	io.netty.channel.AbstractChannelHandlerContext.fireChannelRead(AbstractChannelHandlerContext.java:352)
	io.netty.channel.CombinedChannelDuplexHandler$DelegatingChannelHandlerContext.fireChannelRead(CombinedChannelDuplexHandler.java:438)
	io.netty.handler.codec.ByteToMessageDecoder.fireChannelRead(ByteToMessageDecoder.java:323)
	io.netty.handler.codec.ByteToMessageDecoder.fireChannelRead(ByteToMessageDecoder.java:310)
	io.netty.handler.codec.ByteToMessageDecoder.callDecode(ByteToMessageDecoder.java:426)
	io.netty.handler.codec.ByteToMessageDecoder.channelRead(ByteToMessageDecoder.java:278)
	io.netty.channel.CombinedChannelDuplexHandler.channelRead(CombinedChannelDuplexHandler.java:253)
	io.netty.channel.AbstractChannelHandlerContext.invokeChannelRead(AbstractChannelHandlerContext.java:374)
	io.netty.channel.AbstractChannelHandlerContext.invokeChannelRead(AbstractChannelHandlerContext.java:360)
	io.netty.channel.AbstractChannelHandlerContext.fireChannelRead(AbstractChannelHandlerContext.java:352)
	io.netty.channel.DefaultChannelPipeline$HeadContext.channelRead(DefaultChannelPipeline.java:1408)
	io.netty.channel.AbstractChannelHandlerContext.invokeChannelRead(AbstractChannelHandlerContext.java:374)
	io.netty.channel.AbstractChannelHandlerContext.invokeChannelRead(AbstractChannelHandlerContext.java:360)
	io.netty.channel.DefaultChannelPipeline.fireChannelRead(DefaultChannelPipeline.java:930)
	io.netty.channel.nio.AbstractNioByteChannel$NioByteUnsafe.read(AbstractNioByteChannel.java:163)
	io.netty.channel.nio.NioEventLoop.processSelectedKey(NioEventLoop.java:682)
	io.netty.channel.nio.NioEventLoop.processSelectedKeysOptimized(NioEventLoop.java:617)
	io.netty.channel.nio.NioEventLoop.processSelectedKeys(NioEventLoop.java:534)
	io.netty.channel.nio.NioEventLoop.run(NioEventLoop.java:496)
	io.netty.util.concurrent.SingleThreadEventExecutor$5.run(SingleThreadEventExecutor.java:906)
	io.netty.util.internal.ThreadExecutorMap$2.run(ThreadExecutorMap.java:74)
	io.netty.util.concurrent.FastThreadLocalRunnable.run(FastThreadLocalRunnable.java:30)
	java.lang.Thread.run(Thread.java:748)
#6:
	Hint: 'reactor.left.httpTrafficHandler' will handle the message from this point.
	io.netty.handler.codec.http.DefaultHttpContent.touch(DefaultHttpContent.java:88)
	io.netty.handler.codec.http.DefaultHttpContent.touch(DefaultHttpContent.java:24)
	io.netty.channel.DefaultChannelPipeline.touch(DefaultChannelPipeline.java:116)
	io.netty.channel.AbstractChannelHandlerContext.invokeChannelRead(AbstractChannelHandlerContext.java:357)
	io.netty.channel.AbstractChannelHandlerContext.fireChannelRead(AbstractChannelHandlerContext.java:352)
	io.netty.channel.CombinedChannelDuplexHandler$DelegatingChannelHandlerContext.fireChannelRead(CombinedChannelDuplexHandler.java:438)
	io.netty.handler.codec.ByteToMessageDecoder.fireChannelRead(ByteToMessageDecoder.java:323)
	io.netty.handler.codec.ByteToMessageDecoder.fireChannelRead(ByteToMessageDecoder.java:310)
	io.netty.handler.codec.ByteToMessageDecoder.callDecode(ByteToMessageDecoder.java:426)
	io.netty.handler.codec.ByteToMessageDecoder.channelRead(ByteToMessageDecoder.java:278)
	io.netty.channel.CombinedChannelDuplexHandler.channelRead(CombinedChannelDuplexHandler.java:253)
	io.netty.channel.AbstractChannelHandlerContext.invokeChannelRead(AbstractChannelHandlerContext.java:374)
	io.netty.channel.AbstractChannelHandlerContext.invokeChannelRead(AbstractChannelHandlerContext.java:360)
	io.netty.channel.AbstractChannelHandlerContext.fireChannelRead(AbstractChannelHandlerContext.java:352)
	io.netty.channel.DefaultChannelPipeline$HeadContext.channelRead(DefaultChannelPipeline.java:1408)
	io.netty.channel.AbstractChannelHandlerContext.invokeChannelRead(AbstractChannelHandlerContext.java:374)
	io.netty.channel.AbstractChannelHandlerContext.invokeChannelRead(AbstractChannelHandlerContext.java:360)
	io.netty.channel.DefaultChannelPipeline.fireChannelRead(DefaultChannelPipeline.java:930)
	io.netty.channel.nio.AbstractNioByteChannel$NioByteUnsafe.read(AbstractNioByteChannel.java:163)
	io.netty.channel.nio.NioEventLoop.processSelectedKey(NioEventLoop.java:682)
	io.netty.channel.nio.NioEventLoop.processSelectedKeysOptimized(NioEventLoop.java:617)
	io.netty.channel.nio.NioEventLoop.processSelectedKeys(NioEventLoop.java:534)
	io.netty.channel.nio.NioEventLoop.run(NioEventLoop.java:496)
	io.netty.util.concurrent.SingleThreadEventExecutor$5.run(SingleThreadEventExecutor.java:906)
	io.netty.util.internal.ThreadExecutorMap$2.run(ThreadExecutorMap.java:74)
	io.netty.util.concurrent.FastThreadLocalRunnable.run(FastThreadLocalRunnable.java:30)
	java.lang.Thread.run(Thread.java:748)
Created at:
	io.netty.buffer.SimpleLeakAwareByteBuf.unwrappedDerived(SimpleLeakAwareByteBuf.java:143)
	io.netty.buffer.SimpleLeakAwareByteBuf.readRetainedSlice(SimpleLeakAwareByteBuf.java:67)
	io.netty.buffer.AdvancedLeakAwareByteBuf.readRetainedSlice(AdvancedLeakAwareByteBuf.java:107)
	io.netty.handler.codec.http.HttpObjectDecoder.decode(HttpObjectDecoder.java:336)
	io.netty.handler.codec.http.HttpServerCodec$HttpServerRequestDecoder.decode(HttpServerCodec.java:103)
	io.netty.handler.codec.ByteToMessageDecoder.decodeRemovalReentryProtection(ByteToMessageDecoder.java:502)
	io.netty.handler.codec.ByteToMessageDecoder.callDecode(ByteToMessageDecoder.java:441)
	io.netty.handler.codec.ByteToMessageDecoder.channelRead(ByteToMessageDecoder.java:278)
	io.netty.channel.CombinedChannelDuplexHandler.channelRead(CombinedChannelDuplexHandler.java:253)
	io.netty.channel.AbstractChannelHandlerContext.invokeChannelRead(AbstractChannelHandlerContext.java:374)
	io.netty.channel.AbstractChannelHandlerContext.invokeChannelRead(AbstractChannelHandlerContext.java:360)
	io.netty.channel.AbstractChannelHandlerContext.fireChannelRead(AbstractChannelHandlerContext.java:352)
	io.netty.channel.DefaultChannelPipeline$HeadContext.channelRead(DefaultChannelPipeline.java:1408)
	io.netty.channel.AbstractChannelHandlerContext.invokeChannelRead(AbstractChannelHandlerContext.java:374)
	io.netty.channel.AbstractChannelHandlerContext.invokeChannelRead(AbstractChannelHandlerContext.java:360)
	io.netty.channel.DefaultChannelPipeline.fireChannelRead(DefaultChannelPipeline.java:930)
	io.netty.channel.nio.AbstractNioByteChannel$NioByteUnsafe.read(AbstractNioByteChannel.java:163)
	io.netty.channel.nio.NioEventLoop.processSelectedKey(NioEventLoop.java:682)
	io.netty.channel.nio.NioEventLoop.processSelectedKeysOptimized(NioEventLoop.java:617)
	io.netty.channel.nio.NioEventLoop.processSelectedKeys(NioEventLoop.java:534)
	io.netty.channel.nio.NioEventLoop.run(NioEventLoop.java:496)
	io.netty.util.concurrent.SingleThreadEventExecutor$5.run(SingleThreadEventExecutor.java:906)
	io.netty.util.internal.ThreadExecutorMap$2.run(ThreadExecutorMap.java:74)
	io.netty.util.concurrent.FastThreadLocalRunnable.run(FastThreadLocalRunnable.java:30)
	java.lang.Thread.run(Thread.java:748)
: 8 leak records were discarded because they were duplicates
: 3792 leak records were discarded because the leak record count is targeted to 4. Use system property io.netty.leakDetection.targetRecords to increase the limit.
22:42:59.974 [reactor-http-nio-14] ERROR i.n.u.ResourceLeakDetector - LEAK: ByteBuf.release() was not called before it's garbage-collected. See http://netty.io/wiki/reference-counted-objects.html for more information.
Recent access records: 
#1:
	org.springframework.core.io.buffer.NettyDataBuffer.release(NettyDataBuffer.java:308)
	org.springframework.core.io.buffer.DataBufferUtils.release(DataBufferUtils.java:498)
	org.springframework.http.codec.multipart.DefaultMultipartMessageReader.toPart(DefaultMultipartMessageReader.java:206)
	reactor.core.publisher.FluxMap$MapConditionalSubscriber.onNext(FluxMap.java:199)
	reactor.core.publisher.FluxTakeWhile$TakeWhileSubscriber.onNext(FluxTakeWhile.java:94)
	reactor.core.publisher.FluxContextStart$ContextStartSubscriber.onNext(FluxContextStart.java:103)
	reactor.core.publisher.FluxMap$MapConditionalSubscriber.onNext(FluxMap.java:213)
	reactor.core.publisher.FluxBufferPredicate$BufferPredicateSubscriber.emit(FluxBufferPredicate.java:290)
	reactor.core.publisher.FluxBufferPredicate$BufferPredicateSubscriber.onNextNewBuffer(FluxBufferPredicate.java:257)
	reactor.core.publisher.FluxBufferPredicate$BufferPredicateSubscriber.tryOnNext(FluxBufferPredicate.java:211)
	reactor.core.publisher.FluxBufferPredicate$BufferPredicateSubscriber.onNext(FluxBufferPredicate.java:184)
	reactor.core.publisher.FluxFlatMap$FlatMapMain.drainLoop(FluxFlatMap.java:664)
	reactor.core.publisher.FluxFlatMap$FlatMapMain.drain(FluxFlatMap.java:540)
	reactor.core.publisher.FluxFlatMap$FlatMapInner.onSubscribe(FluxFlatMap.java:924)
	reactor.core.publisher.FluxIterable.subscribe(FluxIterable.java:139)
	reactor.core.publisher.FluxIterable.subscribe(FluxIterable.java:63)
	reactor.core.publisher.Flux.subscribe(Flux.java:7922)
	reactor.core.publisher.FluxFlatMap$FlatMapMain.onNext(FluxFlatMap.java:389)
	reactor.core.publisher.FluxConcatMap$ConcatMapImmediate.innerNext(FluxConcatMap.java:275)
	reactor.core.publisher.FluxConcatMap$ConcatMapInner.onNext(FluxConcatMap.java:849)
	reactor.core.publisher.FluxConcatMap$WeakScalarSubscription.request(FluxConcatMap.java:470)
	reactor.core.publisher.Operators$MultiSubscriptionSubscriber.set(Operators.java:1939)
	reactor.core.publisher.FluxConcatMap$ConcatMapImmediate.drain(FluxConcatMap.java:436)
	reactor.core.publisher.FluxConcatMap$ConcatMapImmediate.onNext(FluxConcatMap.java:244)
	reactor.core.publisher.FluxMap$MapSubscriber.onNext(FluxMap.java:114)
	reactor.core.publisher.FluxPeek$PeekSubscriber.onNext(FluxPeek.java:192)
	reactor.core.publisher.FluxMap$MapSubscriber.onNext(FluxMap.java:114)
	reactor.netty.channel.FluxReceive.drainReceiver(FluxReceive.java:206)
	reactor.netty.channel.FluxReceive.onInboundNext(FluxReceive.java:322)
	reactor.netty.channel.ChannelOperations.onInboundNext(ChannelOperations.java:335)
	reactor.netty.http.server.HttpServerOperations.onInboundNext(HttpServerOperations.java:456)
	reactor.netty.channel.ChannelOperationsHandler.channelRead(ChannelOperationsHandler.java:91)
	io.netty.channel.AbstractChannelHandlerContext.invokeChannelRead(AbstractChannelHandlerContext.java:374)
	io.netty.channel.AbstractChannelHandlerContext.invokeChannelRead(AbstractChannelHandlerContext.java:360)
	io.netty.channel.AbstractChannelHandlerContext.fireChannelRead(AbstractChannelHandlerContext.java:352)
	reactor.netty.http.server.HttpTrafficHandler.channelRead(HttpTrafficHandler.java:190)
	io.netty.channel.AbstractChannelHandlerContext.invokeChannelRead(AbstractChannelHandlerContext.java:374)
	io.netty.channel.AbstractChannelHandlerContext.invokeChannelRead(AbstractChannelHandlerContext.java:360)
	io.netty.channel.AbstractChannelHandlerContext.fireChannelRead(AbstractChannelHandlerContext.java:352)
	io.netty.channel.CombinedChannelDuplexHandler$DelegatingChannelHandlerContext.fireChannelRead(CombinedChannelDuplexHandler.java:438)
	io.netty.handler.codec.ByteToMessageDecoder.fireChannelRead(ByteToMessageDecoder.java:323)
	io.netty.handler.codec.ByteToMessageDecoder.fireChannelRead(ByteToMessageDecoder.java:310)
	io.netty.handler.codec.ByteToMessageDecoder.callDecode(ByteToMessageDecoder.java:426)
	io.netty.handler.codec.ByteToMessageDecoder.channelRead(ByteToMessageDecoder.java:278)
	io.netty.channel.CombinedChannelDuplexHandler.channelRead(CombinedChannelDuplexHandler.java:253)
	io.netty.channel.AbstractChannelHandlerContext.invokeChannelRead(AbstractChannelHandlerContext.java:374)
	io.netty.channel.AbstractChannelHandlerContext.invokeChannelRead(AbstractChannelHandlerContext.java:360)
	io.netty.channel.AbstractChannelHandlerContext.fireChannelRead(AbstractChannelHandlerContext.java:352)
	io.netty.channel.DefaultChannelPipeline$HeadContext.channelRead(DefaultChannelPipeline.java:1408)
	io.netty.channel.AbstractChannelHandlerContext.invokeChannelRead(AbstractChannelHandlerContext.java:374)
	io.netty.channel.AbstractChannelHandlerContext.invokeChannelRead(AbstractChannelHandlerContext.java:360)
	io.netty.channel.DefaultChannelPipeline.fireChannelRead(DefaultChannelPipeline.java:930)
	io.netty.channel.nio.AbstractNioByteChannel$NioByteUnsafe.read(AbstractNioByteChannel.java:163)
	io.netty.channel.nio.NioEventLoop.processSelectedKey(NioEventLoop.java:682)
	io.netty.channel.nio.NioEventLoop.processSelectedKeysOptimized(NioEventLoop.java:617)
	io.netty.channel.nio.NioEventLoop.processSelectedKeys(NioEventLoop.java:534)
	io.netty.channel.nio.NioEventLoop.run(NioEventLoop.java:496)
	io.netty.util.concurrent.SingleThreadEventExecutor$5.run(SingleThreadEventExecutor.java:906)
	io.netty.util.internal.ThreadExecutorMap$2.run(ThreadExecutorMap.java:74)
	io.netty.util.concurrent.FastThreadLocalRunnable.run(FastThreadLocalRunnable.java:30)
	java.lang.Thread.run(Thread.java:748)
#2:
	io.netty.buffer.AdvancedLeakAwareCompositeByteBuf.getByte(AdvancedLeakAwareCompositeByteBuf.java:140)
	org.springframework.core.io.buffer.NettyDataBuffer.getByte(NettyDataBuffer.java:132)
	org.springframework.core.io.buffer.DataBufferUtils$KnuthMorrisPrattMatcher.match(DataBufferUtils.java:1005)
	org.springframework.http.codec.multipart.DefaultMultipartMessageReader.toPart(DefaultMultipartMessageReader.java:184)
	reactor.core.publisher.FluxMap$MapConditionalSubscriber.onNext(FluxMap.java:199)
	reactor.core.publisher.FluxTakeWhile$TakeWhileSubscriber.onNext(FluxTakeWhile.java:94)
	reactor.core.publisher.FluxContextStart$ContextStartSubscriber.onNext(FluxContextStart.java:103)
	reactor.core.publisher.FluxMap$MapConditionalSubscriber.onNext(FluxMap.java:213)
	reactor.core.publisher.FluxBufferPredicate$BufferPredicateSubscriber.emit(FluxBufferPredicate.java:290)
	reactor.core.publisher.FluxBufferPredicate$BufferPredicateSubscriber.onNextNewBuffer(FluxBufferPredicate.java:257)
	reactor.core.publisher.FluxBufferPredicate$BufferPredicateSubscriber.tryOnNext(FluxBufferPredicate.java:211)
	reactor.core.publisher.FluxBufferPredicate$BufferPredicateSubscriber.onNext(FluxBufferPredicate.java:184)
	reactor.core.publisher.FluxFlatMap$FlatMapMain.drainLoop(FluxFlatMap.java:664)
	reactor.core.publisher.FluxFlatMap$FlatMapMain.drain(FluxFlatMap.java:540)
	reactor.core.publisher.FluxFlatMap$FlatMapInner.onSubscribe(FluxFlatMap.java:924)
	reactor.core.publisher.FluxIterable.subscribe(FluxIterable.java:139)
	reactor.core.publisher.FluxIterable.subscribe(FluxIterable.java:63)
	reactor.core.publisher.Flux.subscribe(Flux.java:7922)
	reactor.core.publisher.FluxFlatMap$FlatMapMain.onNext(FluxFlatMap.java:389)
	reactor.core.publisher.FluxConcatMap$ConcatMapImmediate.innerNext(FluxConcatMap.java:275)
	reactor.core.publisher.FluxConcatMap$ConcatMapInner.onNext(FluxConcatMap.java:849)
	reactor.core.publisher.FluxConcatMap$WeakScalarSubscription.request(FluxConcatMap.java:470)
	reactor.core.publisher.Operators$MultiSubscriptionSubscriber.set(Operators.java:1939)
	reactor.core.publisher.FluxConcatMap$ConcatMapImmediate.drain(FluxConcatMap.java:436)
	reactor.core.publisher.FluxConcatMap$ConcatMapImmediate.onNext(FluxConcatMap.java:244)
	reactor.core.publisher.FluxMap$MapSubscriber.onNext(FluxMap.java:114)
	reactor.core.publisher.FluxPeek$PeekSubscriber.onNext(FluxPeek.java:192)
	reactor.core.publisher.FluxMap$MapSubscriber.onNext(FluxMap.java:114)
	reactor.netty.channel.FluxReceive.drainReceiver(FluxReceive.java:206)
	reactor.netty.channel.FluxReceive.onInboundNext(FluxReceive.java:322)
	reactor.netty.channel.ChannelOperations.onInboundNext(ChannelOperations.java:335)
	reactor.netty.http.server.HttpServerOperations.onInboundNext(HttpServerOperations.java:456)
	reactor.netty.channel.ChannelOperationsHandler.channelRead(ChannelOperationsHandler.java:91)
	io.netty.channel.AbstractChannelHandlerContext.invokeChannelRead(AbstractChannelHandlerContext.java:374)
	io.netty.channel.AbstractChannelHandlerContext.invokeChannelRead(AbstractChannelHandlerContext.java:360)
	io.netty.channel.AbstractChannelHandlerContext.fireChannelRead(AbstractChannelHandlerContext.java:352)
	reactor.netty.http.server.HttpTrafficHandler.channelRead(HttpTrafficHandler.java:190)
	io.netty.channel.AbstractChannelHandlerContext.invokeChannelRead(AbstractChannelHandlerContext.java:374)
	io.netty.channel.AbstractChannelHandlerContext.invokeChannelRead(AbstractChannelHandlerContext.java:360)
	io.netty.channel.AbstractChannelHandlerContext.fireChannelRead(AbstractChannelHandlerContext.java:352)
	io.netty.channel.CombinedChannelDuplexHandler$DelegatingChannelHandlerContext.fireChannelRead(CombinedChannelDuplexHandler.java:438)
	io.netty.handler.codec.ByteToMessageDecoder.fireChannelRead(ByteToMessageDecoder.java:323)
	io.netty.handler.codec.ByteToMessageDecoder.fireChannelRead(ByteToMessageDecoder.java:310)
	io.netty.handler.codec.ByteToMessageDecoder.callDecode(ByteToMessageDecoder.java:426)
	io.netty.handler.codec.ByteToMessageDecoder.channelRead(ByteToMessageDecoder.java:278)
	io.netty.channel.CombinedChannelDuplexHandler.channelRead(CombinedChannelDuplexHandler.java:253)
	io.netty.channel.AbstractChannelHandlerContext.invokeChannelRead(AbstractChannelHandlerContext.java:374)
	io.netty.channel.AbstractChannelHandlerContext.invokeChannelRead(AbstractChannelHandlerContext.java:360)
	io.netty.channel.AbstractChannelHandlerContext.fireChannelRead(AbstractChannelHandlerContext.java:352)
	io.netty.channel.DefaultChannelPipeline$HeadContext.channelRead(DefaultChannelPipeline.java:1408)
	io.netty.channel.AbstractChannelHandlerContext.invokeChannelRead(AbstractChannelHandlerContext.java:374)
	io.netty.channel.AbstractChannelHandlerContext.invokeChannelRead(AbstractChannelHandlerContext.java:360)
	io.netty.channel.DefaultChannelPipeline.fireChannelRead(DefaultChannelPipeline.java:930)
	io.netty.channel.nio.AbstractNioByteChannel$NioByteUnsafe.read(AbstractNioByteChannel.java:163)
	io.netty.channel.nio.NioEventLoop.processSelectedKey(NioEventLoop.java:682)
	io.netty.channel.nio.NioEventLoop.processSelectedKeysOptimized(NioEventLoop.java:617)
	io.netty.channel.nio.NioEventLoop.processSelectedKeys(NioEventLoop.java:534)
	io.netty.channel.nio.NioEventLoop.run(NioEventLoop.java:496)
	io.netty.util.concurrent.SingleThreadEventExecutor$5.run(SingleThreadEventExecutor.java:906)
	io.netty.util.internal.ThreadExecutorMap$2.run(ThreadExecutorMap.java:74)
	io.netty.util.concurrent.FastThreadLocalRunnable.run(FastThreadLocalRunnable.java:30)
	java.lang.Thread.run(Thread.java:748)
#3:
	io.netty.buffer.AdvancedLeakAwareCompositeByteBuf.getByte(AdvancedLeakAwareCompositeByteBuf.java:140)
	org.springframework.core.io.buffer.NettyDataBuffer.getByte(NettyDataBuffer.java:132)
	org.springframework.http.codec.multipart.DefaultMultipartMessageReader.notLastBoundary(DefaultMultipartMessageReader.java:163)
	reactor.core.publisher.FluxTakeWhile$TakeWhileSubscriber.onNext(FluxTakeWhile.java:79)
	reactor.core.publisher.FluxContextStart$ContextStartSubscriber.onNext(FluxContextStart.java:103)
	reactor.core.publisher.FluxMap$MapConditionalSubscriber.onNext(FluxMap.java:213)
	reactor.core.publisher.FluxBufferPredicate$BufferPredicateSubscriber.emit(FluxBufferPredicate.java:290)
	reactor.core.publisher.FluxBufferPredicate$BufferPredicateSubscriber.onNextNewBuffer(FluxBufferPredicate.java:257)
	reactor.core.publisher.FluxBufferPredicate$BufferPredicateSubscriber.tryOnNext(FluxBufferPredicate.java:211)
	reactor.core.publisher.FluxBufferPredicate$BufferPredicateSubscriber.onNext(FluxBufferPredicate.java:184)
	reactor.core.publisher.FluxFlatMap$FlatMapMain.drainLoop(FluxFlatMap.java:664)
	reactor.core.publisher.FluxFlatMap$FlatMapMain.drain(FluxFlatMap.java:540)
	reactor.core.publisher.FluxFlatMap$FlatMapInner.onSubscribe(FluxFlatMap.java:924)
	reactor.core.publisher.FluxIterable.subscribe(FluxIterable.java:139)
	reactor.core.publisher.FluxIterable.subscribe(FluxIterable.java:63)
	reactor.core.publisher.Flux.subscribe(Flux.java:7922)
	reactor.core.publisher.FluxFlatMap$FlatMapMain.onNext(FluxFlatMap.java:389)
	reactor.core.publisher.FluxConcatMap$ConcatMapImmediate.innerNext(FluxConcatMap.java:275)
	reactor.core.publisher.FluxConcatMap$ConcatMapInner.onNext(FluxConcatMap.java:849)
	reactor.core.publisher.FluxConcatMap$WeakScalarSubscription.request(FluxConcatMap.java:470)
	reactor.core.publisher.Operators$MultiSubscriptionSubscriber.set(Operators.java:1939)
	reactor.core.publisher.FluxConcatMap$ConcatMapImmediate.drain(FluxConcatMap.java:436)
	reactor.core.publisher.FluxConcatMap$ConcatMapImmediate.onNext(FluxConcatMap.java:244)
	reactor.core.publisher.FluxMap$MapSubscriber.onNext(FluxMap.java:114)
	reactor.core.publisher.FluxPeek$PeekSubscriber.onNext(FluxPeek.java:192)
	reactor.core.publisher.FluxMap$MapSubscriber.onNext(FluxMap.java:114)
	reactor.netty.channel.FluxReceive.drainReceiver(FluxReceive.java:206)
	reactor.netty.channel.FluxReceive.onInboundNext(FluxReceive.java:322)
	reactor.netty.channel.ChannelOperations.onInboundNext(ChannelOperations.java:335)
	reactor.netty.http.server.HttpServerOperations.onInboundNext(HttpServerOperations.java:456)
	reactor.netty.channel.ChannelOperationsHandler.channelRead(ChannelOperationsHandler.java:91)
	io.netty.channel.AbstractChannelHandlerContext.invokeChannelRead(AbstractChannelHandlerContext.java:374)
	io.netty.channel.AbstractChannelHandlerContext.invokeChannelRead(AbstractChannelHandlerContext.java:360)
	io.netty.channel.AbstractChannelHandlerContext.fireChannelRead(AbstractChannelHandlerContext.java:352)
	reactor.netty.http.server.HttpTrafficHandler.channelRead(HttpTrafficHandler.java:190)
	io.netty.channel.AbstractChannelHandlerContext.invokeChannelRead(AbstractChannelHandlerContext.java:374)
	io.netty.channel.AbstractChannelHandlerContext.invokeChannelRead(AbstractChannelHandlerContext.java:360)
	io.netty.channel.AbstractChannelHandlerContext.fireChannelRead(AbstractChannelHandlerContext.java:352)
	io.netty.channel.CombinedChannelDuplexHandler$DelegatingChannelHandlerContext.fireChannelRead(CombinedChannelDuplexHandler.java:438)
	io.netty.handler.codec.ByteToMessageDecoder.fireChannelRead(ByteToMessageDecoder.java:323)
	io.netty.handler.codec.ByteToMessageDecoder.fireChannelRead(ByteToMessageDecoder.java:310)
	io.netty.handler.codec.ByteToMessageDecoder.callDecode(ByteToMessageDecoder.java:426)
	io.netty.handler.codec.ByteToMessageDecoder.channelRead(ByteToMessageDecoder.java:278)
	io.netty.channel.CombinedChannelDuplexHandler.channelRead(CombinedChannelDuplexHandler.java:253)
	io.netty.channel.AbstractChannelHandlerContext.invokeChannelRead(AbstractChannelHandlerContext.java:374)
	io.netty.channel.AbstractChannelHandlerContext.invokeChannelRead(AbstractChannelHandlerContext.java:360)
	io.netty.channel.AbstractChannelHandlerContext.fireChannelRead(AbstractChannelHandlerContext.java:352)
	io.netty.channel.DefaultChannelPipeline$HeadContext.channelRead(DefaultChannelPipeline.java:1408)
	io.netty.channel.AbstractChannelHandlerContext.invokeChannelRead(AbstractChannelHandlerContext.java:374)
	io.netty.channel.AbstractChannelHandlerContext.invokeChannelRead(AbstractChannelHandlerContext.java:360)
	io.netty.channel.DefaultChannelPipeline.fireChannelRead(DefaultChannelPipeline.java:930)
	io.netty.channel.nio.AbstractNioByteChannel$NioByteUnsafe.read(AbstractNioByteChannel.java:163)
	io.netty.channel.nio.NioEventLoop.processSelectedKey(NioEventLoop.java:682)
	io.netty.channel.nio.NioEventLoop.processSelectedKeysOptimized(NioEventLoop.java:617)
	io.netty.channel.nio.NioEventLoop.processSelectedKeys(NioEventLoop.java:534)
	io.netty.channel.nio.NioEventLoop.run(NioEventLoop.java:496)
	io.netty.util.concurrent.SingleThreadEventExecutor$5.run(SingleThreadEventExecutor.java:906)
	io.netty.util.internal.ThreadExecutorMap$2.run(ThreadExecutorMap.java:74)
	io.netty.util.concurrent.FastThreadLocalRunnable.run(FastThreadLocalRunnable.java:30)
	java.lang.Thread.run(Thread.java:748)
#4:
	io.netty.buffer.AdvancedLeakAwareCompositeByteBuf.addComponent(AdvancedLeakAwareCompositeByteBuf.java:920)
	org.springframework.core.io.buffer.NettyDataBufferFactory.join(NettyDataBufferFactory.java:111)
	org.springframework.core.io.buffer.DataBufferUtils.joinAndStrip(DataBufferUtils.java:686)
	org.springframework.core.io.buffer.DataBufferUtils.lambda$split$20(DataBufferUtils.java:605)
	reactor.core.publisher.FluxMap$MapConditionalSubscriber.onNext(FluxMap.java:199)
	reactor.core.publisher.FluxBufferPredicate$BufferPredicateSubscriber.emit(FluxBufferPredicate.java:290)
	reactor.core.publisher.FluxBufferPredicate$BufferPredicateSubscriber.onNextNewBuffer(FluxBufferPredicate.java:257)
	reactor.core.publisher.FluxBufferPredicate$BufferPredicateSubscriber.tryOnNext(FluxBufferPredicate.java:211)
	reactor.core.publisher.FluxBufferPredicate$BufferPredicateSubscriber.onNext(FluxBufferPredicate.java:184)
	reactor.core.publisher.FluxFlatMap$FlatMapMain.drainLoop(FluxFlatMap.java:664)
	reactor.core.publisher.FluxFlatMap$FlatMapMain.drain(FluxFlatMap.java:540)
	reactor.core.publisher.FluxFlatMap$FlatMapInner.onSubscribe(FluxFlatMap.java:924)
	reactor.core.publisher.FluxIterable.subscribe(FluxIterable.java:139)
	reactor.core.publisher.FluxIterable.subscribe(FluxIterable.java:63)
	reactor.core.publisher.Flux.subscribe(Flux.java:7922)
	reactor.core.publisher.FluxFlatMap$FlatMapMain.onNext(FluxFlatMap.java:389)
	reactor.core.publisher.FluxConcatMap$ConcatMapImmediate.innerNext(FluxConcatMap.java:275)
	reactor.core.publisher.FluxConcatMap$ConcatMapInner.onNext(FluxConcatMap.java:849)
	reactor.core.publisher.FluxConcatMap$WeakScalarSubscription.request(FluxConcatMap.java:470)
	reactor.core.publisher.Operators$MultiSubscriptionSubscriber.set(Operators.java:1939)
	reactor.core.publisher.FluxConcatMap$ConcatMapImmediate.drain(FluxConcatMap.java:436)
	reactor.core.publisher.FluxConcatMap$ConcatMapImmediate.onNext(FluxConcatMap.java:244)
	reactor.core.publisher.FluxMap$MapSubscriber.onNext(FluxMap.java:114)
	reactor.core.publisher.FluxPeek$PeekSubscriber.onNext(FluxPeek.java:192)
	reactor.core.publisher.FluxMap$MapSubscriber.onNext(FluxMap.java:114)
	reactor.netty.channel.FluxReceive.drainReceiver(FluxReceive.java:206)
	reactor.netty.channel.FluxReceive.onInboundNext(FluxReceive.java:322)
	reactor.netty.channel.ChannelOperations.onInboundNext(ChannelOperations.java:335)
	reactor.netty.http.server.HttpServerOperations.onInboundNext(HttpServerOperations.java:456)
	reactor.netty.channel.ChannelOperationsHandler.channelRead(ChannelOperationsHandler.java:91)
	io.netty.channel.AbstractChannelHandlerContext.invokeChannelRead(AbstractChannelHandlerContext.java:374)
	io.netty.channel.AbstractChannelHandlerContext.invokeChannelRead(AbstractChannelHandlerContext.java:360)
	io.netty.channel.AbstractChannelHandlerContext.fireChannelRead(AbstractChannelHandlerContext.java:352)
	reactor.netty.http.server.HttpTrafficHandler.channelRead(HttpTrafficHandler.java:190)
	io.netty.channel.AbstractChannelHandlerContext.invokeChannelRead(AbstractChannelHandlerContext.java:374)
	io.netty.channel.AbstractChannelHandlerContext.invokeChannelRead(AbstractChannelHandlerContext.java:360)
	io.netty.channel.AbstractChannelHandlerContext.fireChannelRead(AbstractChannelHandlerContext.java:352)
	io.netty.channel.CombinedChannelDuplexHandler$DelegatingChannelHandlerContext.fireChannelRead(CombinedChannelDuplexHandler.java:438)
	io.netty.handler.codec.ByteToMessageDecoder.fireChannelRead(ByteToMessageDecoder.java:323)
	io.netty.handler.codec.ByteToMessageDecoder.fireChannelRead(ByteToMessageDecoder.java:310)
	io.netty.handler.codec.ByteToMessageDecoder.callDecode(ByteToMessageDecoder.java:426)
	io.netty.handler.codec.ByteToMessageDecoder.channelRead(ByteToMessageDecoder.java:278)
	io.netty.channel.CombinedChannelDuplexHandler.channelRead(CombinedChannelDuplexHandler.java:253)
	io.netty.channel.AbstractChannelHandlerContext.invokeChannelRead(AbstractChannelHandlerContext.java:374)
	io.netty.channel.AbstractChannelHandlerContext.invokeChannelRead(AbstractChannelHandlerContext.java:360)
	io.netty.channel.AbstractChannelHandlerContext.fireChannelRead(AbstractChannelHandlerContext.java:352)
	io.netty.channel.DefaultChannelPipeline$HeadContext.channelRead(DefaultChannelPipeline.java:1408)
	io.netty.channel.AbstractChannelHandlerContext.invokeChannelRead(AbstractChannelHandlerContext.java:374)
	io.netty.channel.AbstractChannelHandlerContext.invokeChannelRead(AbstractChannelHandlerContext.java:360)
	io.netty.channel.DefaultChannelPipeline.fireChannelRead(DefaultChannelPipeline.java:930)
	io.netty.channel.nio.AbstractNioByteChannel$NioByteUnsafe.read(AbstractNioByteChannel.java:163)
	io.netty.channel.nio.NioEventLoop.processSelectedKey(NioEventLoop.java:682)
	io.netty.channel.nio.NioEventLoop.processSelectedKeysOptimized(NioEventLoop.java:617)
	io.netty.channel.nio.NioEventLoop.processSelectedKeys(NioEventLoop.java:534)
	io.netty.channel.nio.NioEventLoop.run(NioEventLoop.java:496)
	io.netty.util.concurrent.SingleThreadEventExecutor$5.run(SingleThreadEventExecutor.java:906)
	io.netty.util.internal.ThreadExecutorMap$2.run(ThreadExecutorMap.java:74)
	io.netty.util.concurrent.FastThreadLocalRunnable.run(FastThreadLocalRunnable.java:30)
	java.lang.Thread.run(Thread.java:748)
Created at:
	io.netty.buffer.AbstractByteBufAllocator.compositeDirectBuffer(AbstractByteBufAllocator.java:223)
	io.netty.buffer.AbstractByteBufAllocator.compositeBuffer(AbstractByteBufAllocator.java:201)
	org.springframework.core.io.buffer.NettyDataBufferFactory.join(NettyDataBufferFactory.java:108)
	org.springframework.core.io.buffer.DataBufferUtils.joinAndStrip(DataBufferUtils.java:686)
	org.springframework.core.io.buffer.DataBufferUtils.lambda$split$20(DataBufferUtils.java:605)
	reactor.core.publisher.FluxMap$MapConditionalSubscriber.onNext(FluxMap.java:199)
	reactor.core.publisher.FluxBufferPredicate$BufferPredicateSubscriber.emit(FluxBufferPredicate.java:290)
	reactor.core.publisher.FluxBufferPredicate$BufferPredicateSubscriber.onNextNewBuffer(FluxBufferPredicate.java:257)
	reactor.core.publisher.FluxBufferPredicate$BufferPredicateSubscriber.tryOnNext(FluxBufferPredicate.java:211)
	reactor.core.publisher.FluxBufferPredicate$BufferPredicateSubscriber.onNext(FluxBufferPredicate.java:184)
	reactor.core.publisher.FluxFlatMap$FlatMapMain.drainLoop(FluxFlatMap.java:664)
	reactor.core.publisher.FluxFlatMap$FlatMapMain.drain(FluxFlatMap.java:540)
	reactor.core.publisher.FluxFlatMap$FlatMapInner.onSubscribe(FluxFlatMap.java:924)
	reactor.core.publisher.FluxIterable.subscribe(FluxIterable.java:139)
	reactor.core.publisher.FluxIterable.subscribe(FluxIterable.java:63)
	reactor.core.publisher.Flux.subscribe(Flux.java:7922)
	reactor.core.publisher.FluxFlatMap$FlatMapMain.onNext(FluxFlatMap.java:389)
	reactor.core.publisher.FluxConcatMap$ConcatMapImmediate.innerNext(FluxConcatMap.java:275)
	reactor.core.publisher.FluxConcatMap$ConcatMapInner.onNext(FluxConcatMap.java:849)
	reactor.core.publisher.FluxConcatMap$WeakScalarSubscription.request(FluxConcatMap.java:470)
	reactor.core.publisher.Operators$MultiSubscriptionSubscriber.set(Operators.java:1939)
	reactor.core.publisher.FluxConcatMap$ConcatMapImmediate.drain(FluxConcatMap.java:436)
	reactor.core.publisher.FluxConcatMap$ConcatMapImmediate.onNext(FluxConcatMap.java:244)
	reactor.core.publisher.FluxMap$MapSubscriber.onNext(FluxMap.java:114)
	reactor.core.publisher.FluxPeek$PeekSubscriber.onNext(FluxPeek.java:192)
	reactor.core.publisher.FluxMap$MapSubscriber.onNext(FluxMap.java:114)
	reactor.netty.channel.FluxReceive.drainReceiver(FluxReceive.java:206)
	reactor.netty.channel.FluxReceive.onInboundNext(FluxReceive.java:322)
	reactor.netty.channel.ChannelOperations.onInboundNext(ChannelOperations.java:335)
	reactor.netty.http.server.HttpServerOperations.onInboundNext(HttpServerOperations.java:456)
	reactor.netty.channel.ChannelOperationsHandler.channelRead(ChannelOperationsHandler.java:91)
	io.netty.channel.AbstractChannelHandlerContext.invokeChannelRead(AbstractChannelHandlerContext.java:374)
	io.netty.channel.AbstractChannelHandlerContext.invokeChannelRead(AbstractChannelHandlerContext.java:360)
	io.netty.channel.AbstractChannelHandlerContext.fireChannelRead(AbstractChannelHandlerContext.java:352)
	reactor.netty.http.server.HttpTrafficHandler.channelRead(HttpTrafficHandler.java:190)
	io.netty.channel.AbstractChannelHandlerContext.invokeChannelRead(AbstractChannelHandlerContext.java:374)
	io.netty.channel.AbstractChannelHandlerContext.invokeChannelRead(AbstractChannelHandlerContext.java:360)
	io.netty.channel.AbstractChannelHandlerContext.fireChannelRead(AbstractChannelHandlerContext.java:352)
	io.netty.channel.CombinedChannelDuplexHandler$DelegatingChannelHandlerContext.fireChannelRead(CombinedChannelDuplexHandler.java:438)
	io.netty.handler.codec.ByteToMessageDecoder.fireChannelRead(ByteToMessageDecoder.java:323)
	io.netty.handler.codec.ByteToMessageDecoder.fireChannelRead(ByteToMessageDecoder.java:310)
	io.netty.handler.codec.ByteToMessageDecoder.callDecode(ByteToMessageDecoder.java:426)
	io.netty.handler.codec.ByteToMessageDecoder.channelRead(ByteToMessageDecoder.java:278)
	io.netty.channel.CombinedChannelDuplexHandler.channelRead(CombinedChannelDuplexHandler.java:253)
	io.netty.channel.AbstractChannelHandlerContext.invokeChannelRead(AbstractChannelHandlerContext.java:374)
	io.netty.channel.AbstractChannelHandlerContext.invokeChannelRead(AbstractChannelHandlerContext.java:360)
	io.netty.channel.AbstractChannelHandlerContext.fireChannelRead(AbstractChannelHandlerContext.java:352)
	io.netty.channel.DefaultChannelPipeline$HeadContext.channelRead(DefaultChannelPipeline.java:1408)
	io.netty.channel.AbstractChannelHandlerContext.invokeChannelRead(AbstractChannelHandlerContext.java:374)
	io.netty.channel.AbstractChannelHandlerContext.invokeChannelRead(AbstractChannelHandlerContext.java:360)
	io.netty.channel.DefaultChannelPipeline.fireChannelRead(DefaultChannelPipeline.java:930)
	io.netty.channel.nio.AbstractNioByteChannel$NioByteUnsafe.read(AbstractNioByteChannel.java:163)
	io.netty.channel.nio.NioEventLoop.processSelectedKey(NioEventLoop.java:682)
	io.netty.channel.nio.NioEventLoop.processSelectedKeysOptimized(NioEventLoop.java:617)
	io.netty.channel.nio.NioEventLoop.processSelectedKeys(NioEventLoop.java:534)
	io.netty.channel.nio.NioEventLoop.run(NioEventLoop.java:496)
	io.netty.util.concurrent.SingleThreadEventExecutor$5.run(SingleThreadEventExecutor.java:906)
	io.netty.util.internal.ThreadExecutorMap$2.run(ThreadExecutorMap.java:74)
	io.netty.util.concurrent.FastThreadLocalRunnable.run(FastThreadLocalRunnable.java:30)
	java.lang.Thread.run(Thread.java:748)
: 6 leak records were discarded because they were duplicates
: 121 leak records were discarded because the leak record count is targeted to 4. Use system property io.netty.leakDetection.targetRecords to increase the limit.
22:42:59.976 [reactor-http-nio-14] ERROR i.n.u.ResourceLeakDetector - LEAK: ByteBuf.release() was not called before it's garbage-collected. See http://netty.io/wiki/reference-counted-objects.html for more information.
Recent access records: 
#1:
	io.netty.buffer.AdvancedLeakAwareByteBuf.order(AdvancedLeakAwareByteBuf.java:70)
	io.netty.buffer.CompositeByteBuf.newComponent(CompositeByteBuf.java:318)
	io.netty.buffer.CompositeByteBuf.addComponent0(CompositeByteBuf.java:280)
	io.netty.buffer.CompositeByteBuf.addComponent(CompositeByteBuf.java:265)
	io.netty.buffer.CompositeByteBuf.addComponent(CompositeByteBuf.java:222)
	io.netty.buffer.WrappedCompositeByteBuf.addComponent(WrappedCompositeByteBuf.java:529)
	io.netty.buffer.AdvancedLeakAwareCompositeByteBuf.addComponent(AdvancedLeakAwareCompositeByteBuf.java:921)
	org.springframework.core.io.buffer.NettyDataBufferFactory.join(NettyDataBufferFactory.java:111)
	org.springframework.core.io.buffer.DataBufferUtils.joinAndStrip(DataBufferUtils.java:686)
	org.springframework.core.io.buffer.DataBufferUtils.lambda$split$20(DataBufferUtils.java:605)
	reactor.core.publisher.FluxMap$MapConditionalSubscriber.onNext(FluxMap.java:199)
	reactor.core.publisher.FluxBufferPredicate$BufferPredicateSubscriber.emit(FluxBufferPredicate.java:290)
	reactor.core.publisher.FluxBufferPredicate$BufferPredicateSubscriber.onNextNewBuffer(FluxBufferPredicate.java:257)
	reactor.core.publisher.FluxBufferPredicate$BufferPredicateSubscriber.tryOnNext(FluxBufferPredicate.java:211)
	reactor.core.publisher.FluxBufferPredicate$BufferPredicateSubscriber.onNext(FluxBufferPredicate.java:184)
	reactor.core.publisher.FluxFlatMap$FlatMapMain.drainLoop(FluxFlatMap.java:664)
	reactor.core.publisher.FluxFlatMap$FlatMapMain.drain(FluxFlatMap.java:540)
	reactor.core.publisher.FluxFlatMap$FlatMapInner.onSubscribe(FluxFlatMap.java:924)
	reactor.core.publisher.FluxIterable.subscribe(FluxIterable.java:139)
	reactor.core.publisher.FluxIterable.subscribe(FluxIterable.java:63)
	reactor.core.publisher.Flux.subscribe(Flux.java:7922)
	reactor.core.publisher.FluxFlatMap$FlatMapMain.onNext(FluxFlatMap.java:389)
	reactor.core.publisher.FluxConcatMap$ConcatMapImmediate.innerNext(FluxConcatMap.java:275)
	reactor.core.publisher.FluxConcatMap$ConcatMapInner.onNext(FluxConcatMap.java:849)
	reactor.core.publisher.FluxConcatMap$WeakScalarSubscription.request(FluxConcatMap.java:470)
	reactor.core.publisher.Operators$MultiSubscriptionSubscriber.set(Operators.java:1939)
	reactor.core.publisher.FluxConcatMap$ConcatMapImmediate.drain(FluxConcatMap.java:436)
	reactor.core.publisher.FluxConcatMap$ConcatMapImmediate.onNext(FluxConcatMap.java:244)
	reactor.core.publisher.FluxMap$MapSubscriber.onNext(FluxMap.java:114)
	reactor.core.publisher.FluxPeek$PeekSubscriber.onNext(FluxPeek.java:192)
	reactor.core.publisher.FluxMap$MapSubscriber.onNext(FluxMap.java:114)
	reactor.netty.channel.FluxReceive.drainReceiver(FluxReceive.java:206)
	reactor.netty.channel.FluxReceive.onInboundNext(FluxReceive.java:322)
	reactor.netty.channel.ChannelOperations.onInboundNext(ChannelOperations.java:335)
	reactor.netty.http.server.HttpServerOperations.onInboundNext(HttpServerOperations.java:456)
	reactor.netty.channel.ChannelOperationsHandler.channelRead(ChannelOperationsHandler.java:91)
	io.netty.channel.AbstractChannelHandlerContext.invokeChannelRead(AbstractChannelHandlerContext.java:374)
	io.netty.channel.AbstractChannelHandlerContext.invokeChannelRead(AbstractChannelHandlerContext.java:360)
	io.netty.channel.AbstractChannelHandlerContext.fireChannelRead(AbstractChannelHandlerContext.java:352)
	reactor.netty.http.server.HttpTrafficHandler.channelRead(HttpTrafficHandler.java:190)
	io.netty.channel.AbstractChannelHandlerContext.invokeChannelRead(AbstractChannelHandlerContext.java:374)
	io.netty.channel.AbstractChannelHandlerContext.invokeChannelRead(AbstractChannelHandlerContext.java:360)
	io.netty.channel.AbstractChannelHandlerContext.fireChannelRead(AbstractChannelHandlerContext.java:352)
	io.netty.channel.CombinedChannelDuplexHandler$DelegatingChannelHandlerContext.fireChannelRead(CombinedChannelDuplexHandler.java:438)
	io.netty.handler.codec.ByteToMessageDecoder.fireChannelRead(ByteToMessageDecoder.java:323)
	io.netty.handler.codec.ByteToMessageDecoder.fireChannelRead(ByteToMessageDecoder.java:310)
	io.netty.handler.codec.ByteToMessageDecoder.callDecode(ByteToMessageDecoder.java:426)
	io.netty.handler.codec.ByteToMessageDecoder.channelRead(ByteToMessageDecoder.java:278)
	io.netty.channel.CombinedChannelDuplexHandler.channelRead(CombinedChannelDuplexHandler.java:253)
	io.netty.channel.AbstractChannelHandlerContext.invokeChannelRead(AbstractChannelHandlerContext.java:374)
	io.netty.channel.AbstractChannelHandlerContext.invokeChannelRead(AbstractChannelHandlerContext.java:360)
	io.netty.channel.AbstractChannelHandlerContext.fireChannelRead(AbstractChannelHandlerContext.java:352)
	io.netty.channel.DefaultChannelPipeline$HeadContext.channelRead(DefaultChannelPipeline.java:1408)
	io.netty.channel.AbstractChannelHandlerContext.invokeChannelRead(AbstractChannelHandlerContext.java:374)
	io.netty.channel.AbstractChannelHandlerContext.invokeChannelRead(AbstractChannelHandlerContext.java:360)
	io.netty.channel.DefaultChannelPipeline.fireChannelRead(DefaultChannelPipeline.java:930)
	io.netty.channel.nio.AbstractNioByteChannel$NioByteUnsafe.read(AbstractNioByteChannel.java:163)
	io.netty.channel.nio.NioEventLoop.processSelectedKey(NioEventLoop.java:682)
	io.netty.channel.nio.NioEventLoop.processSelectedKeysOptimized(NioEventLoop.java:617)
	io.netty.channel.nio.NioEventLoop.processSelectedKeys(NioEventLoop.java:534)
	io.netty.channel.nio.NioEventLoop.run(NioEventLoop.java:496)
	io.netty.util.concurrent.SingleThreadEventExecutor$5.run(SingleThreadEventExecutor.java:906)
	io.netty.util.internal.ThreadExecutorMap$2.run(ThreadExecutorMap.java:74)
	io.netty.util.concurrent.FastThreadLocalRunnable.run(FastThreadLocalRunnable.java:30)
	java.lang.Thread.run(Thread.java:748)
#2:
	io.netty.buffer.AdvancedLeakAwareByteBuf.getByte(AdvancedLeakAwareByteBuf.java:154)
	org.springframework.core.io.buffer.NettyDataBuffer.getByte(NettyDataBuffer.java:132)
	org.springframework.core.io.buffer.DataBufferUtils$KnuthMorrisPrattMatcher.match(DataBufferUtils.java:1005)
	org.springframework.core.io.buffer.DataBufferUtils.endFrameAfterDelimiter(DataBufferUtils.java:634)
	org.springframework.core.io.buffer.DataBufferUtils.lambda$split$18(DataBufferUtils.java:603)
	reactor.core.publisher.FluxFlatMap$FlatMapMain.onNext(FluxFlatMap.java:350)
	reactor.core.publisher.FluxConcatMap$ConcatMapImmediate.innerNext(FluxConcatMap.java:275)
	reactor.core.publisher.FluxConcatMap$ConcatMapInner.onNext(FluxConcatMap.java:849)
	reactor.core.publisher.FluxConcatMap$WeakScalarSubscription.request(FluxConcatMap.java:470)
	reactor.core.publisher.Operators$MultiSubscriptionSubscriber.set(Operators.java:1939)
	reactor.core.publisher.FluxConcatMap$ConcatMapImmediate.drain(FluxConcatMap.java:436)
	reactor.core.publisher.FluxConcatMap$ConcatMapImmediate.onNext(FluxConcatMap.java:244)
	reactor.core.publisher.FluxMap$MapSubscriber.onNext(FluxMap.java:114)
	reactor.core.publisher.FluxPeek$PeekSubscriber.onNext(FluxPeek.java:192)
	reactor.core.publisher.FluxMap$MapSubscriber.onNext(FluxMap.java:114)
	reactor.netty.channel.FluxReceive.drainReceiver(FluxReceive.java:206)
	reactor.netty.channel.FluxReceive.onInboundNext(FluxReceive.java:322)
	reactor.netty.channel.ChannelOperations.onInboundNext(ChannelOperations.java:335)
	reactor.netty.http.server.HttpServerOperations.onInboundNext(HttpServerOperations.java:456)
	reactor.netty.channel.ChannelOperationsHandler.channelRead(ChannelOperationsHandler.java:91)
	io.netty.channel.AbstractChannelHandlerContext.invokeChannelRead(AbstractChannelHandlerContext.java:374)
	io.netty.channel.AbstractChannelHandlerContext.invokeChannelRead(AbstractChannelHandlerContext.java:360)
	io.netty.channel.AbstractChannelHandlerContext.fireChannelRead(AbstractChannelHandlerContext.java:352)
	reactor.netty.http.server.HttpTrafficHandler.channelRead(HttpTrafficHandler.java:190)
	io.netty.channel.AbstractChannelHandlerContext.invokeChannelRead(AbstractChannelHandlerContext.java:374)
	io.netty.channel.AbstractChannelHandlerContext.invokeChannelRead(AbstractChannelHandlerContext.java:360)
	io.netty.channel.AbstractChannelHandlerContext.fireChannelRead(AbstractChannelHandlerContext.java:352)
	io.netty.channel.CombinedChannelDuplexHandler$DelegatingChannelHandlerContext.fireChannelRead(CombinedChannelDuplexHandler.java:438)
	io.netty.handler.codec.ByteToMessageDecoder.fireChannelRead(ByteToMessageDecoder.java:323)
	io.netty.handler.codec.ByteToMessageDecoder.fireChannelRead(ByteToMessageDecoder.java:310)
	io.netty.handler.codec.ByteToMessageDecoder.callDecode(ByteToMessageDecoder.java:426)
	io.netty.handler.codec.ByteToMessageDecoder.channelRead(ByteToMessageDecoder.java:278)
	io.netty.channel.CombinedChannelDuplexHandler.channelRead(CombinedChannelDuplexHandler.java:253)
	io.netty.channel.AbstractChannelHandlerContext.invokeChannelRead(AbstractChannelHandlerContext.java:374)
	io.netty.channel.AbstractChannelHandlerContext.invokeChannelRead(AbstractChannelHandlerContext.java:360)
	io.netty.channel.AbstractChannelHandlerContext.fireChannelRead(AbstractChannelHandlerContext.java:352)
	io.netty.channel.DefaultChannelPipeline$HeadContext.channelRead(DefaultChannelPipeline.java:1408)
	io.netty.channel.AbstractChannelHandlerContext.invokeChannelRead(AbstractChannelHandlerContext.java:374)
	io.netty.channel.AbstractChannelHandlerContext.invokeChannelRead(AbstractChannelHandlerContext.java:360)
	io.netty.channel.DefaultChannelPipeline.fireChannelRead(DefaultChannelPipeline.java:930)
	io.netty.channel.nio.AbstractNioByteChannel$NioByteUnsafe.read(AbstractNioByteChannel.java:163)
	io.netty.channel.nio.NioEventLoop.processSelectedKey(NioEventLoop.java:682)
	io.netty.channel.nio.NioEventLoop.processSelectedKeysOptimized(NioEventLoop.java:617)
	io.netty.channel.nio.NioEventLoop.processSelectedKeys(NioEventLoop.java:534)
	io.netty.channel.nio.NioEventLoop.run(NioEventLoop.java:496)
	io.netty.util.concurrent.SingleThreadEventExecutor$5.run(SingleThreadEventExecutor.java:906)
	io.netty.util.internal.ThreadExecutorMap$2.run(ThreadExecutorMap.java:74)
	io.netty.util.concurrent.FastThreadLocalRunnable.run(FastThreadLocalRunnable.java:30)
	java.lang.Thread.run(Thread.java:748)
#3:
	org.springframework.core.io.buffer.NettyDataBufferFactory.wrap(NettyDataBufferFactory.java:93)
	reactor.core.publisher.FluxMap$MapSubscriber.onNext(FluxMap.java:100)
	reactor.core.publisher.FluxPeek$PeekSubscriber.onNext(FluxPeek.java:192)
	reactor.core.publisher.FluxMap$MapSubscriber.onNext(FluxMap.java:114)
	reactor.netty.channel.FluxReceive.drainReceiver(FluxReceive.java:206)
	reactor.netty.channel.FluxReceive.onInboundNext(FluxReceive.java:322)
	reactor.netty.channel.ChannelOperations.onInboundNext(ChannelOperations.java:335)
	reactor.netty.http.server.HttpServerOperations.onInboundNext(HttpServerOperations.java:456)
	reactor.netty.channel.ChannelOperationsHandler.channelRead(ChannelOperationsHandler.java:91)
	io.netty.channel.AbstractChannelHandlerContext.invokeChannelRead(AbstractChannelHandlerContext.java:374)
	io.netty.channel.AbstractChannelHandlerContext.invokeChannelRead(AbstractChannelHandlerContext.java:360)
	io.netty.channel.AbstractChannelHandlerContext.fireChannelRead(AbstractChannelHandlerContext.java:352)
	reactor.netty.http.server.HttpTrafficHandler.channelRead(HttpTrafficHandler.java:190)
	io.netty.channel.AbstractChannelHandlerContext.invokeChannelRead(AbstractChannelHandlerContext.java:374)
	io.netty.channel.AbstractChannelHandlerContext.invokeChannelRead(AbstractChannelHandlerContext.java:360)
	io.netty.channel.AbstractChannelHandlerContext.fireChannelRead(AbstractChannelHandlerContext.java:352)
	io.netty.channel.CombinedChannelDuplexHandler$DelegatingChannelHandlerContext.fireChannelRead(CombinedChannelDuplexHandler.java:438)
	io.netty.handler.codec.ByteToMessageDecoder.fireChannelRead(ByteToMessageDecoder.java:323)
	io.netty.handler.codec.ByteToMessageDecoder.fireChannelRead(ByteToMessageDecoder.java:310)
	io.netty.handler.codec.ByteToMessageDecoder.callDecode(ByteToMessageDecoder.java:426)
	io.netty.handler.codec.ByteToMessageDecoder.channelRead(ByteToMessageDecoder.java:278)
	io.netty.channel.CombinedChannelDuplexHandler.channelRead(CombinedChannelDuplexHandler.java:253)
	io.netty.channel.AbstractChannelHandlerContext.invokeChannelRead(AbstractChannelHandlerContext.java:374)
	io.netty.channel.AbstractChannelHandlerContext.invokeChannelRead(AbstractChannelHandlerContext.java:360)
	io.netty.channel.AbstractChannelHandlerContext.fireChannelRead(AbstractChannelHandlerContext.java:352)
	io.netty.channel.DefaultChannelPipeline$HeadContext.channelRead(DefaultChannelPipeline.java:1408)
	io.netty.channel.AbstractChannelHandlerContext.invokeChannelRead(AbstractChannelHandlerContext.java:374)
	io.netty.channel.AbstractChannelHandlerContext.invokeChannelRead(AbstractChannelHandlerContext.java:360)
	io.netty.channel.DefaultChannelPipeline.fireChannelRead(DefaultChannelPipeline.java:930)
	io.netty.channel.nio.AbstractNioByteChannel$NioByteUnsafe.read(AbstractNioByteChannel.java:163)
	io.netty.channel.nio.NioEventLoop.processSelectedKey(NioEventLoop.java:682)
	io.netty.channel.nio.NioEventLoop.processSelectedKeysOptimized(NioEventLoop.java:617)
	io.netty.channel.nio.NioEventLoop.processSelectedKeys(NioEventLoop.java:534)
	io.netty.channel.nio.NioEventLoop.run(NioEventLoop.java:496)
	io.netty.util.concurrent.SingleThreadEventExecutor$5.run(SingleThreadEventExecutor.java:906)
	io.netty.util.internal.ThreadExecutorMap$2.run(ThreadExecutorMap.java:74)
	io.netty.util.concurrent.FastThreadLocalRunnable.run(FastThreadLocalRunnable.java:30)
	java.lang.Thread.run(Thread.java:748)
#4:
	reactor.core.publisher.FluxPeek$PeekSubscriber.onNext(FluxPeek.java:177)
	reactor.core.publisher.FluxMap$MapSubscriber.onNext(FluxMap.java:114)
	reactor.netty.channel.FluxReceive.drainReceiver(FluxReceive.java:206)
	reactor.netty.channel.FluxReceive.onInboundNext(FluxReceive.java:322)
	reactor.netty.channel.ChannelOperations.onInboundNext(ChannelOperations.java:335)
	reactor.netty.http.server.HttpServerOperations.onInboundNext(HttpServerOperations.java:456)
	reactor.netty.channel.ChannelOperationsHandler.channelRead(ChannelOperationsHandler.java:91)
	io.netty.channel.AbstractChannelHandlerContext.invokeChannelRead(AbstractChannelHandlerContext.java:374)
	io.netty.channel.AbstractChannelHandlerContext.invokeChannelRead(AbstractChannelHandlerContext.java:360)
	io.netty.channel.AbstractChannelHandlerContext.fireChannelRead(AbstractChannelHandlerContext.java:352)
	reactor.netty.http.server.HttpTrafficHandler.channelRead(HttpTrafficHandler.java:190)
	io.netty.channel.AbstractChannelHandlerContext.invokeChannelRead(AbstractChannelHandlerContext.java:374)
	io.netty.channel.AbstractChannelHandlerContext.invokeChannelRead(AbstractChannelHandlerContext.java:360)
	io.netty.channel.AbstractChannelHandlerContext.fireChannelRead(AbstractChannelHandlerContext.java:352)
	io.netty.channel.CombinedChannelDuplexHandler$DelegatingChannelHandlerContext.fireChannelRead(CombinedChannelDuplexHandler.java:438)
	io.netty.handler.codec.ByteToMessageDecoder.fireChannelRead(ByteToMessageDecoder.java:323)
	io.netty.handler.codec.ByteToMessageDecoder.fireChannelRead(ByteToMessageDecoder.java:310)
	io.netty.handler.codec.ByteToMessageDecoder.callDecode(ByteToMessageDecoder.java:426)
	io.netty.handler.codec.ByteToMessageDecoder.channelRead(ByteToMessageDecoder.java:278)
	io.netty.channel.CombinedChannelDuplexHandler.channelRead(CombinedChannelDuplexHandler.java:253)
	io.netty.channel.AbstractChannelHandlerContext.invokeChannelRead(AbstractChannelHandlerContext.java:374)
	io.netty.channel.AbstractChannelHandlerContext.invokeChannelRead(AbstractChannelHandlerContext.java:360)
	io.netty.channel.AbstractChannelHandlerContext.fireChannelRead(AbstractChannelHandlerContext.java:352)
	io.netty.channel.DefaultChannelPipeline$HeadContext.channelRead(DefaultChannelPipeline.java:1408)
	io.netty.channel.AbstractChannelHandlerContext.invokeChannelRead(AbstractChannelHandlerContext.java:374)
	io.netty.channel.AbstractChannelHandlerContext.invokeChannelRead(AbstractChannelHandlerContext.java:360)
	io.netty.channel.DefaultChannelPipeline.fireChannelRead(DefaultChannelPipeline.java:930)
	io.netty.channel.nio.AbstractNioByteChannel$NioByteUnsafe.read(AbstractNioByteChannel.java:163)
	io.netty.channel.nio.NioEventLoop.processSelectedKey(NioEventLoop.java:682)
	io.netty.channel.nio.NioEventLoop.processSelectedKeysOptimized(NioEventLoop.java:617)
	io.netty.channel.nio.NioEventLoop.processSelectedKeys(NioEventLoop.java:534)
	io.netty.channel.nio.NioEventLoop.run(NioEventLoop.java:496)
	io.netty.util.concurrent.SingleThreadEventExecutor$5.run(SingleThreadEventExecutor.java:906)
	io.netty.util.internal.ThreadExecutorMap$2.run(ThreadExecutorMap.java:74)
	io.netty.util.concurrent.FastThreadLocalRunnable.run(FastThreadLocalRunnable.java:30)
	java.lang.Thread.run(Thread.java:748)
#5:
	Hint: 'reactor.right.reactiveBridge' will handle the message from this point.
	io.netty.handler.codec.http.DefaultHttpContent.touch(DefaultHttpContent.java:88)
	io.netty.handler.codec.http.DefaultHttpContent.touch(DefaultHttpContent.java:24)
	io.netty.channel.DefaultChannelPipeline.touch(DefaultChannelPipeline.java:116)
	io.netty.channel.AbstractChannelHandlerContext.invokeChannelRead(AbstractChannelHandlerContext.java:357)
	io.netty.channel.AbstractChannelHandlerContext.fireChannelRead(AbstractChannelHandlerContext.java:352)
	reactor.netty.http.server.HttpTrafficHandler.channelRead(HttpTrafficHandler.java:190)
	io.netty.channel.AbstractChannelHandlerContext.invokeChannelRead(AbstractChannelHandlerContext.java:374)
	io.netty.channel.AbstractChannelHandlerContext.invokeChannelRead(AbstractChannelHandlerContext.java:360)
	io.netty.channel.AbstractChannelHandlerContext.fireChannelRead(AbstractChannelHandlerContext.java:352)
	io.netty.channel.CombinedChannelDuplexHandler$DelegatingChannelHandlerContext.fireChannelRead(CombinedChannelDuplexHandler.java:438)
	io.netty.handler.codec.ByteToMessageDecoder.fireChannelRead(ByteToMessageDecoder.java:323)
	io.netty.handler.codec.ByteToMessageDecoder.fireChannelRead(ByteToMessageDecoder.java:310)
	io.netty.handler.codec.ByteToMessageDecoder.callDecode(ByteToMessageDecoder.java:426)
	io.netty.handler.codec.ByteToMessageDecoder.channelRead(ByteToMessageDecoder.java:278)
	io.netty.channel.CombinedChannelDuplexHandler.channelRead(CombinedChannelDuplexHandler.java:253)
	io.netty.channel.AbstractChannelHandlerContext.invokeChannelRead(AbstractChannelHandlerContext.java:374)
	io.netty.channel.AbstractChannelHandlerContext.invokeChannelRead(AbstractChannelHandlerContext.java:360)
	io.netty.channel.AbstractChannelHandlerContext.fireChannelRead(AbstractChannelHandlerContext.java:352)
	io.netty.channel.DefaultChannelPipeline$HeadContext.channelRead(DefaultChannelPipeline.java:1408)
	io.netty.channel.AbstractChannelHandlerContext.invokeChannelRead(AbstractChannelHandlerContext.java:374)
	io.netty.channel.AbstractChannelHandlerContext.invokeChannelRead(AbstractChannelHandlerContext.java:360)
	io.netty.channel.DefaultChannelPipeline.fireChannelRead(DefaultChannelPipeline.java:930)
	io.netty.channel.nio.AbstractNioByteChannel$NioByteUnsafe.read(AbstractNioByteChannel.java:163)
	io.netty.channel.nio.NioEventLoop.processSelectedKey(NioEventLoop.java:682)
	io.netty.channel.nio.NioEventLoop.processSelectedKeysOptimized(NioEventLoop.java:617)
	io.netty.channel.nio.NioEventLoop.processSelectedKeys(NioEventLoop.java:534)
	io.netty.channel.nio.NioEventLoop.run(NioEventLoop.java:496)
	io.netty.util.concurrent.SingleThreadEventExecutor$5.run(SingleThreadEventExecutor.java:906)
	io.netty.util.internal.ThreadExecutorMap$2.run(ThreadExecutorMap.java:74)
	io.netty.util.concurrent.FastThreadLocalRunnable.run(FastThreadLocalRunnable.java:30)
	java.lang.Thread.run(Thread.java:748)
#6:
	Hint: 'reactor.left.httpTrafficHandler' will handle the message from this point.
	io.netty.handler.codec.http.DefaultHttpContent.touch(DefaultHttpContent.java:88)
	io.netty.handler.codec.http.DefaultHttpContent.touch(DefaultHttpContent.java:24)
	io.netty.channel.DefaultChannelPipeline.touch(DefaultChannelPipeline.java:116)
	io.netty.channel.AbstractChannelHandlerContext.invokeChannelRead(AbstractChannelHandlerContext.java:357)
	io.netty.channel.AbstractChannelHandlerContext.fireChannelRead(AbstractChannelHandlerContext.java:352)
	io.netty.channel.CombinedChannelDuplexHandler$DelegatingChannelHandlerContext.fireChannelRead(CombinedChannelDuplexHandler.java:438)
	io.netty.handler.codec.ByteToMessageDecoder.fireChannelRead(ByteToMessageDecoder.java:323)
	io.netty.handler.codec.ByteToMessageDecoder.fireChannelRead(ByteToMessageDecoder.java:310)
	io.netty.handler.codec.ByteToMessageDecoder.callDecode(ByteToMessageDecoder.java:426)
	io.netty.handler.codec.ByteToMessageDecoder.channelRead(ByteToMessageDecoder.java:278)
	io.netty.channel.CombinedChannelDuplexHandler.channelRead(CombinedChannelDuplexHandler.java:253)
	io.netty.channel.AbstractChannelHandlerContext.invokeChannelRead(AbstractChannelHandlerContext.java:374)
	io.netty.channel.AbstractChannelHandlerContext.invokeChannelRead(AbstractChannelHandlerContext.java:360)
	io.netty.channel.AbstractChannelHandlerContext.fireChannelRead(AbstractChannelHandlerContext.java:352)
	io.netty.channel.DefaultChannelPipeline$HeadContext.channelRead(DefaultChannelPipeline.java:1408)
	io.netty.channel.AbstractChannelHandlerContext.invokeChannelRead(AbstractChannelHandlerContext.java:374)
	io.netty.channel.AbstractChannelHandlerContext.invokeChannelRead(AbstractChannelHandlerContext.java:360)
	io.netty.channel.DefaultChannelPipeline.fireChannelRead(DefaultChannelPipeline.java:930)
	io.netty.channel.nio.AbstractNioByteChannel$NioByteUnsafe.read(AbstractNioByteChannel.java:163)
	io.netty.channel.nio.NioEventLoop.processSelectedKey(NioEventLoop.java:682)
	io.netty.channel.nio.NioEventLoop.processSelectedKeysOptimized(NioEventLoop.java:617)
	io.netty.channel.nio.NioEventLoop.processSelectedKeys(NioEventLoop.java:534)
	io.netty.channel.nio.NioEventLoop.run(NioEventLoop.java:496)
	io.netty.util.concurrent.SingleThreadEventExecutor$5.run(SingleThreadEventExecutor.java:906)
	io.netty.util.internal.ThreadExecutorMap$2.run(ThreadExecutorMap.java:74)
	io.netty.util.concurrent.FastThreadLocalRunnable.run(FastThreadLocalRunnable.java:30)
	java.lang.Thread.run(Thread.java:748)
Created at:
	io.netty.buffer.SimpleLeakAwareByteBuf.unwrappedDerived(SimpleLeakAwareByteBuf.java:143)
	io.netty.buffer.SimpleLeakAwareByteBuf.readRetainedSlice(SimpleLeakAwareByteBuf.java:67)
	io.netty.buffer.AdvancedLeakAwareByteBuf.readRetainedSlice(AdvancedLeakAwareByteBuf.java:107)
	io.netty.handler.codec.http.HttpObjectDecoder.decode(HttpObjectDecoder.java:336)
	io.netty.handler.codec.http.HttpServerCodec$HttpServerRequestDecoder.decode(HttpServerCodec.java:103)
	io.netty.handler.codec.ByteToMessageDecoder.decodeRemovalReentryProtection(ByteToMessageDecoder.java:502)
	io.netty.handler.codec.ByteToMessageDecoder.callDecode(ByteToMessageDecoder.java:441)
	io.netty.handler.codec.ByteToMessageDecoder.channelRead(ByteToMessageDecoder.java:278)
	io.netty.channel.CombinedChannelDuplexHandler.channelRead(CombinedChannelDuplexHandler.java:253)
	io.netty.channel.AbstractChannelHandlerContext.invokeChannelRead(AbstractChannelHandlerContext.java:374)
	io.netty.channel.AbstractChannelHandlerContext.invokeChannelRead(AbstractChannelHandlerContext.java:360)
	io.netty.channel.AbstractChannelHandlerContext.fireChannelRead(AbstractChannelHandlerContext.java:352)
	io.netty.channel.DefaultChannelPipeline$HeadContext.channelRead(DefaultChannelPipeline.java:1408)
	io.netty.channel.AbstractChannelHandlerContext.invokeChannelRead(AbstractChannelHandlerContext.java:374)
	io.netty.channel.AbstractChannelHandlerContext.invokeChannelRead(AbstractChannelHandlerContext.java:360)
	io.netty.channel.DefaultChannelPipeline.fireChannelRead(DefaultChannelPipeline.java:930)
	io.netty.channel.nio.AbstractNioByteChannel$NioByteUnsafe.read(AbstractNioByteChannel.java:163)
	io.netty.channel.nio.NioEventLoop.processSelectedKey(NioEventLoop.java:682)
	io.netty.channel.nio.NioEventLoop.processSelectedKeysOptimized(NioEventLoop.java:617)
	io.netty.channel.nio.NioEventLoop.processSelectedKeys(NioEventLoop.java:534)
	io.netty.channel.nio.NioEventLoop.run(NioEventLoop.java:496)
	io.netty.util.concurrent.SingleThreadEventExecutor$5.run(SingleThreadEventExecutor.java:906)
	io.netty.util.internal.ThreadExecutorMap$2.run(ThreadExecutorMap.java:74)
	io.netty.util.concurrent.FastThreadLocalRunnable.run(FastThreadLocalRunnable.java:30)
	java.lang.Thread.run(Thread.java:748)
: 1 leak records were discarded because they were duplicates
: 17 leak records were discarded because the leak record count is targeted to 4. Use system property io.netty.leakDetection.targetRecords to increase the limit.
22:42:59.978 [reactor-http-nio-14] ERROR i.n.u.ResourceLeakDetector - LEAK: ByteBuf.release() was not called before it's garbage-collected. See http://netty.io/wiki/reference-counted-objects.html for more information.
Recent access records: 
#1:
	io.netty.buffer.AdvancedLeakAwareByteBuf.getBytes(AdvancedLeakAwareByteBuf.java:250)
	io.netty.buffer.CompositeByteBuf.getBytes(CompositeByteBuf.java:1029)
	io.netty.buffer.CompositeByteBuf.getBytes(CompositeByteBuf.java:48)
	io.netty.buffer.AbstractUnpooledSlicedByteBuf.getBytes(AbstractUnpooledSlicedByteBuf.java:243)
	io.netty.buffer.AbstractByteBuf.readBytes(AbstractByteBuf.java:889)
	io.netty.buffer.AbstractByteBuf.readBytes(AbstractByteBuf.java:896)
	io.netty.buffer.WrappedByteBuf.readBytes(WrappedByteBuf.java:649)
	io.netty.buffer.AdvancedLeakAwareByteBuf.readBytes(AdvancedLeakAwareByteBuf.java:497)
	org.springframework.core.io.buffer.NettyDataBuffer.read(NettyDataBuffer.java:159)
	org.springframework.core.io.buffer.NettyDataBuffer.read(NettyDataBuffer.java:43)
	org.springframework.http.codec.multipart.DefaultMultipartMessageReader.toHeaders(DefaultMultipartMessageReader.java:229)
	org.springframework.http.codec.multipart.DefaultMultipartMessageReader.toPart(DefaultMultipartMessageReader.java:197)
	reactor.core.publisher.FluxMap$MapConditionalSubscriber.onNext(FluxMap.java:199)
	reactor.core.publisher.FluxTakeWhile$TakeWhileSubscriber.onNext(FluxTakeWhile.java:94)
	reactor.core.publisher.FluxContextStart$ContextStartSubscriber.onNext(FluxContextStart.java:103)
	reactor.core.publisher.FluxMap$MapConditionalSubscriber.onNext(FluxMap.java:213)
	reactor.core.publisher.FluxBufferPredicate$BufferPredicateSubscriber.emit(FluxBufferPredicate.java:290)
	reactor.core.publisher.FluxBufferPredicate$BufferPredicateSubscriber.onNextNewBuffer(FluxBufferPredicate.java:257)
	reactor.core.publisher.FluxBufferPredicate$BufferPredicateSubscriber.tryOnNext(FluxBufferPredicate.java:211)
	reactor.core.publisher.FluxBufferPredicate$BufferPredicateSubscriber.onNext(FluxBufferPredicate.java:184)
	reactor.core.publisher.FluxFlatMap$FlatMapMain.drainLoop(FluxFlatMap.java:664)
	reactor.core.publisher.FluxFlatMap$FlatMapMain.drain(FluxFlatMap.java:540)
	reactor.core.publisher.FluxFlatMap$FlatMapInner.onSubscribe(FluxFlatMap.java:924)
	reactor.core.publisher.FluxIterable.subscribe(FluxIterable.java:139)
	reactor.core.publisher.FluxIterable.subscribe(FluxIterable.java:63)
	reactor.core.publisher.Flux.subscribe(Flux.java:7922)
	reactor.core.publisher.FluxFlatMap$FlatMapMain.onNext(FluxFlatMap.java:389)
	reactor.core.publisher.FluxConcatMap$ConcatMapImmediate.innerNext(FluxConcatMap.java:275)
	reactor.core.publisher.FluxConcatMap$ConcatMapInner.onNext(FluxConcatMap.java:849)
	reactor.core.publisher.FluxConcatMap$WeakScalarSubscription.request(FluxConcatMap.java:470)
	reactor.core.publisher.Operators$MultiSubscriptionSubscriber.set(Operators.java:1939)
	reactor.core.publisher.FluxConcatMap$ConcatMapImmediate.drain(FluxConcatMap.java:436)
	reactor.core.publisher.FluxConcatMap$ConcatMapImmediate.onNext(FluxConcatMap.java:244)
	reactor.core.publisher.FluxMap$MapSubscriber.onNext(FluxMap.java:114)
	reactor.core.publisher.FluxPeek$PeekSubscriber.onNext(FluxPeek.java:192)
	reactor.core.publisher.FluxMap$MapSubscriber.onNext(FluxMap.java:114)
	reactor.netty.channel.FluxReceive.drainReceiver(FluxReceive.java:206)
	reactor.netty.channel.FluxReceive.onInboundNext(FluxReceive.java:322)
	reactor.netty.channel.ChannelOperations.onInboundNext(ChannelOperations.java:335)
	reactor.netty.http.server.HttpServerOperations.onInboundNext(HttpServerOperations.java:456)
	reactor.netty.channel.ChannelOperationsHandler.channelRead(ChannelOperationsHandler.java:91)
	io.netty.channel.AbstractChannelHandlerContext.invokeChannelRead(AbstractChannelHandlerContext.java:374)
	io.netty.channel.AbstractChannelHandlerContext.invokeChannelRead(AbstractChannelHandlerContext.java:360)
	io.netty.channel.AbstractChannelHandlerContext.fireChannelRead(AbstractChannelHandlerContext.java:352)
	reactor.netty.http.server.HttpTrafficHandler.channelRead(HttpTrafficHandler.java:190)
	io.netty.channel.AbstractChannelHandlerContext.invokeChannelRead(AbstractChannelHandlerContext.java:374)
	io.netty.channel.AbstractChannelHandlerContext.invokeChannelRead(AbstractChannelHandlerContext.java:360)
	io.netty.channel.AbstractChannelHandlerContext.fireChannelRead(AbstractChannelHandlerContext.java:352)
	io.netty.channel.CombinedChannelDuplexHandler$DelegatingChannelHandlerContext.fireChannelRead(CombinedChannelDuplexHandler.java:438)
	io.netty.handler.codec.ByteToMessageDecoder.fireChannelRead(ByteToMessageDecoder.java:323)
	io.netty.handler.codec.ByteToMessageDecoder.fireChannelRead(ByteToMessageDecoder.java:310)
	io.netty.handler.codec.ByteToMessageDecoder.callDecode(ByteToMessageDecoder.java:426)
	io.netty.handler.codec.ByteToMessageDecoder.channelRead(ByteToMessageDecoder.java:278)
	io.netty.channel.CombinedChannelDuplexHandler.channelRead(CombinedChannelDuplexHandler.java:253)
	io.netty.channel.AbstractChannelHandlerContext.invokeChannelRead(AbstractChannelHandlerContext.java:374)
	io.netty.channel.AbstractChannelHandlerContext.invokeChannelRead(AbstractChannelHandlerContext.java:360)
	io.netty.channel.AbstractChannelHandlerContext.fireChannelRead(AbstractChannelHandlerContext.java:352)
	io.netty.channel.DefaultChannelPipeline$HeadContext.channelRead(DefaultChannelPipeline.java:1408)
	io.netty.channel.AbstractChannelHandlerContext.invokeChannelRead(AbstractChannelHandlerContext.java:374)
	io.netty.channel.AbstractChannelHandlerContext.invokeChannelRead(AbstractChannelHandlerContext.java:360)
	io.netty.channel.DefaultChannelPipeline.fireChannelRead(DefaultChannelPipeline.java:930)
	io.netty.channel.nio.AbstractNioByteChannel$NioByteUnsafe.read(AbstractNioByteChannel.java:163)
	io.netty.channel.nio.NioEventLoop.processSelectedKey(NioEventLoop.java:682)
	io.netty.channel.nio.NioEventLoop.processSelectedKeysOptimized(NioEventLoop.java:617)
	io.netty.channel.nio.NioEventLoop.processSelectedKeys(NioEventLoop.java:534)
	io.netty.channel.nio.NioEventLoop.run(NioEventLoop.java:496)
	io.netty.util.concurrent.SingleThreadEventExecutor$5.run(SingleThreadEventExecutor.java:906)
	io.netty.util.internal.ThreadExecutorMap$2.run(ThreadExecutorMap.java:74)
	io.netty.util.concurrent.FastThreadLocalRunnable.run(FastThreadLocalRunnable.java:30)
	java.lang.Thread.run(Thread.java:748)
#2:
	io.netty.buffer.AdvancedLeakAwareByteBuf.getByte(AdvancedLeakAwareByteBuf.java:154)
	org.springframework.core.io.buffer.NettyDataBuffer.getByte(NettyDataBuffer.java:132)
	org.springframework.core.io.buffer.DataBufferUtils$KnuthMorrisPrattMatcher.match(DataBufferUtils.java:1005)
	org.springframework.core.io.buffer.DataBufferUtils.endFrameAfterDelimiter(DataBufferUtils.java:634)
	org.springframework.core.io.buffer.DataBufferUtils.lambda$split$18(DataBufferUtils.java:603)
	reactor.core.publisher.FluxFlatMap$FlatMapMain.onNext(FluxFlatMap.java:350)
	reactor.core.publisher.FluxConcatMap$ConcatMapImmediate.innerNext(FluxConcatMap.java:275)
	reactor.core.publisher.FluxConcatMap$ConcatMapInner.onNext(FluxConcatMap.java:849)
	reactor.core.publisher.FluxConcatMap$WeakScalarSubscription.request(FluxConcatMap.java:470)
	reactor.core.publisher.Operators$MultiSubscriptionSubscriber.set(Operators.java:1939)
	reactor.core.publisher.FluxConcatMap$ConcatMapImmediate.drain(FluxConcatMap.java:436)
	reactor.core.publisher.FluxConcatMap$ConcatMapImmediate.onNext(FluxConcatMap.java:244)
	reactor.core.publisher.FluxMap$MapSubscriber.onNext(FluxMap.java:114)
	reactor.core.publisher.FluxPeek$PeekSubscriber.onNext(FluxPeek.java:192)
	reactor.core.publisher.FluxMap$MapSubscriber.onNext(FluxMap.java:114)
	reactor.netty.channel.FluxReceive.drainReceiver(FluxReceive.java:206)
	reactor.netty.channel.FluxReceive.onInboundNext(FluxReceive.java:322)
	reactor.netty.channel.ChannelOperations.onInboundNext(ChannelOperations.java:335)
	reactor.netty.http.server.HttpServerOperations.onInboundNext(HttpServerOperations.java:456)
	reactor.netty.channel.ChannelOperationsHandler.channelRead(ChannelOperationsHandler.java:91)
	io.netty.channel.AbstractChannelHandlerContext.invokeChannelRead(AbstractChannelHandlerContext.java:374)
	io.netty.channel.AbstractChannelHandlerContext.invokeChannelRead(AbstractChannelHandlerContext.java:360)
	io.netty.channel.AbstractChannelHandlerContext.fireChannelRead(AbstractChannelHandlerContext.java:352)
	reactor.netty.http.server.HttpTrafficHandler.channelRead(HttpTrafficHandler.java:190)
	io.netty.channel.AbstractChannelHandlerContext.invokeChannelRead(AbstractChannelHandlerContext.java:374)
	io.netty.channel.AbstractChannelHandlerContext.invokeChannelRead(AbstractChannelHandlerContext.java:360)
	io.netty.channel.AbstractChannelHandlerContext.fireChannelRead(AbstractChannelHandlerContext.java:352)
	io.netty.channel.CombinedChannelDuplexHandler$DelegatingChannelHandlerContext.fireChannelRead(CombinedChannelDuplexHandler.java:438)
	io.netty.handler.codec.ByteToMessageDecoder.fireChannelRead(ByteToMessageDecoder.java:323)
	io.netty.handler.codec.ByteToMessageDecoder.fireChannelRead(ByteToMessageDecoder.java:310)
	io.netty.handler.codec.ByteToMessageDecoder.callDecode(ByteToMessageDecoder.java:426)
	io.netty.handler.codec.ByteToMessageDecoder.channelRead(ByteToMessageDecoder.java:278)
	io.netty.channel.CombinedChannelDuplexHandler.channelRead(CombinedChannelDuplexHandler.java:253)
	io.netty.channel.AbstractChannelHandlerContext.invokeChannelRead(AbstractChannelHandlerContext.java:374)
	io.netty.channel.AbstractChannelHandlerContext.invokeChannelRead(AbstractChannelHandlerContext.java:360)
	io.netty.channel.AbstractChannelHandlerContext.fireChannelRead(AbstractChannelHandlerContext.java:352)
	io.netty.channel.DefaultChannelPipeline$HeadContext.channelRead(DefaultChannelPipeline.java:1408)
	io.netty.channel.AbstractChannelHandlerContext.invokeChannelRead(AbstractChannelHandlerContext.java:374)
	io.netty.channel.AbstractChannelHandlerContext.invokeChannelRead(AbstractChannelHandlerContext.java:360)
	io.netty.channel.DefaultChannelPipeline.fireChannelRead(DefaultChannelPipeline.java:930)
	io.netty.channel.nio.AbstractNioByteChannel$NioByteUnsafe.read(AbstractNioByteChannel.java:163)
	io.netty.channel.nio.NioEventLoop.processSelectedKey(NioEventLoop.java:682)
	io.netty.channel.nio.NioEventLoop.processSelectedKeysOptimized(NioEventLoop.java:617)
	io.netty.channel.nio.NioEventLoop.processSelectedKeys(NioEventLoop.java:534)
	io.netty.channel.nio.NioEventLoop.run(NioEventLoop.java:496)
	io.netty.util.concurrent.SingleThreadEventExecutor$5.run(SingleThreadEventExecutor.java:906)
	io.netty.util.internal.ThreadExecutorMap$2.run(ThreadExecutorMap.java:74)
	io.netty.util.concurrent.FastThreadLocalRunnable.run(FastThreadLocalRunnable.java:30)
	java.lang.Thread.run(Thread.java:748)
#3:
	org.springframework.core.io.buffer.NettyDataBufferFactory.wrap(NettyDataBufferFactory.java:93)
	reactor.core.publisher.FluxMap$MapSubscriber.onNext(FluxMap.java:100)
	reactor.core.publisher.FluxPeek$PeekSubscriber.onNext(FluxPeek.java:192)
	reactor.core.publisher.FluxMap$MapSubscriber.onNext(FluxMap.java:114)
	reactor.netty.channel.FluxReceive.drainReceiver(FluxReceive.java:206)
	reactor.netty.channel.FluxReceive.onInboundNext(FluxReceive.java:322)
	reactor.netty.channel.ChannelOperations.onInboundNext(ChannelOperations.java:335)
	reactor.netty.http.server.HttpServerOperations.onInboundNext(HttpServerOperations.java:456)
	reactor.netty.channel.ChannelOperationsHandler.channelRead(ChannelOperationsHandler.java:91)
	io.netty.channel.AbstractChannelHandlerContext.invokeChannelRead(AbstractChannelHandlerContext.java:374)
	io.netty.channel.AbstractChannelHandlerContext.invokeChannelRead(AbstractChannelHandlerContext.java:360)
	io.netty.channel.AbstractChannelHandlerContext.fireChannelRead(AbstractChannelHandlerContext.java:352)
	reactor.netty.http.server.HttpTrafficHandler.channelRead(HttpTrafficHandler.java:190)
	io.netty.channel.AbstractChannelHandlerContext.invokeChannelRead(AbstractChannelHandlerContext.java:374)
	io.netty.channel.AbstractChannelHandlerContext.invokeChannelRead(AbstractChannelHandlerContext.java:360)
	io.netty.channel.AbstractChannelHandlerContext.fireChannelRead(AbstractChannelHandlerContext.java:352)
	io.netty.channel.CombinedChannelDuplexHandler$DelegatingChannelHandlerContext.fireChannelRead(CombinedChannelDuplexHandler.java:438)
	io.netty.handler.codec.ByteToMessageDecoder.fireChannelRead(ByteToMessageDecoder.java:323)
	io.netty.handler.codec.ByteToMessageDecoder.fireChannelRead(ByteToMessageDecoder.java:310)
	io.netty.handler.codec.ByteToMessageDecoder.callDecode(ByteToMessageDecoder.java:426)
	io.netty.handler.codec.ByteToMessageDecoder.channelRead(ByteToMessageDecoder.java:278)
	io.netty.channel.CombinedChannelDuplexHandler.channelRead(CombinedChannelDuplexHandler.java:253)
	io.netty.channel.AbstractChannelHandlerContext.invokeChannelRead(AbstractChannelHandlerContext.java:374)
	io.netty.channel.AbstractChannelHandlerContext.invokeChannelRead(AbstractChannelHandlerContext.java:360)
	io.netty.channel.AbstractChannelHandlerContext.fireChannelRead(AbstractChannelHandlerContext.java:352)
	io.netty.channel.DefaultChannelPipeline$HeadContext.channelRead(DefaultChannelPipeline.java:1408)
	io.netty.channel.AbstractChannelHandlerContext.invokeChannelRead(AbstractChannelHandlerContext.java:374)
	io.netty.channel.AbstractChannelHandlerContext.invokeChannelRead(AbstractChannelHandlerContext.java:360)
	io.netty.channel.DefaultChannelPipeline.fireChannelRead(DefaultChannelPipeline.java:930)
	io.netty.channel.nio.AbstractNioByteChannel$NioByteUnsafe.read(AbstractNioByteChannel.java:163)
	io.netty.channel.nio.NioEventLoop.processSelectedKey(NioEventLoop.java:682)
	io.netty.channel.nio.NioEventLoop.processSelectedKeysOptimized(NioEventLoop.java:617)
	io.netty.channel.nio.NioEventLoop.processSelectedKeys(NioEventLoop.java:534)
	io.netty.channel.nio.NioEventLoop.run(NioEventLoop.java:496)
	io.netty.util.concurrent.SingleThreadEventExecutor$5.run(SingleThreadEventExecutor.java:906)
	io.netty.util.internal.ThreadExecutorMap$2.run(ThreadExecutorMap.java:74)
	io.netty.util.concurrent.FastThreadLocalRunnable.run(FastThreadLocalRunnable.java:30)
	java.lang.Thread.run(Thread.java:748)
#4:
	reactor.core.publisher.FluxPeek$PeekSubscriber.onNext(FluxPeek.java:177)
	reactor.core.publisher.FluxMap$MapSubscriber.onNext(FluxMap.java:114)
	reactor.netty.channel.FluxReceive.drainReceiver(FluxReceive.java:206)
	reactor.netty.channel.FluxReceive.onInboundNext(FluxReceive.java:322)
	reactor.netty.channel.ChannelOperations.onInboundNext(ChannelOperations.java:335)
	reactor.netty.http.server.HttpServerOperations.onInboundNext(HttpServerOperations.java:456)
	reactor.netty.channel.ChannelOperationsHandler.channelRead(ChannelOperationsHandler.java:91)
	io.netty.channel.AbstractChannelHandlerContext.invokeChannelRead(AbstractChannelHandlerContext.java:374)
	io.netty.channel.AbstractChannelHandlerContext.invokeChannelRead(AbstractChannelHandlerContext.java:360)
	io.netty.channel.AbstractChannelHandlerContext.fireChannelRead(AbstractChannelHandlerContext.java:352)
	reactor.netty.http.server.HttpTrafficHandler.channelRead(HttpTrafficHandler.java:190)
	io.netty.channel.AbstractChannelHandlerContext.invokeChannelRead(AbstractChannelHandlerContext.java:374)
	io.netty.channel.AbstractChannelHandlerContext.invokeChannelRead(AbstractChannelHandlerContext.java:360)
	io.netty.channel.AbstractChannelHandlerContext.fireChannelRead(AbstractChannelHandlerContext.java:352)
	io.netty.channel.CombinedChannelDuplexHandler$DelegatingChannelHandlerContext.fireChannelRead(CombinedChannelDuplexHandler.java:438)
	io.netty.handler.codec.ByteToMessageDecoder.fireChannelRead(ByteToMessageDecoder.java:323)
	io.netty.handler.codec.ByteToMessageDecoder.fireChannelRead(ByteToMessageDecoder.java:310)
	io.netty.handler.codec.ByteToMessageDecoder.callDecode(ByteToMessageDecoder.java:426)
	io.netty.handler.codec.ByteToMessageDecoder.channelRead(ByteToMessageDecoder.java:278)
	io.netty.channel.CombinedChannelDuplexHandler.channelRead(CombinedChannelDuplexHandler.java:253)
	io.netty.channel.AbstractChannelHandlerContext.invokeChannelRead(AbstractChannelHandlerContext.java:374)
	io.netty.channel.AbstractChannelHandlerContext.invokeChannelRead(AbstractChannelHandlerContext.java:360)
	io.netty.channel.AbstractChannelHandlerContext.fireChannelRead(AbstractChannelHandlerContext.java:352)
	io.netty.channel.DefaultChannelPipeline$HeadContext.channelRead(DefaultChannelPipeline.java:1408)
	io.netty.channel.AbstractChannelHandlerContext.invokeChannelRead(AbstractChannelHandlerContext.java:374)
	io.netty.channel.AbstractChannelHandlerContext.invokeChannelRead(AbstractChannelHandlerContext.java:360)
	io.netty.channel.DefaultChannelPipeline.fireChannelRead(DefaultChannelPipeline.java:930)
	io.netty.channel.nio.AbstractNioByteChannel$NioByteUnsafe.read(AbstractNioByteChannel.java:163)
	io.netty.channel.nio.NioEventLoop.processSelectedKey(NioEventLoop.java:682)
	io.netty.channel.nio.NioEventLoop.processSelectedKeysOptimized(NioEventLoop.java:617)
	io.netty.channel.nio.NioEventLoop.processSelectedKeys(NioEventLoop.java:534)
	io.netty.channel.nio.NioEventLoop.run(NioEventLoop.java:496)
	io.netty.util.concurrent.SingleThreadEventExecutor$5.run(SingleThreadEventExecutor.java:906)
	io.netty.util.internal.ThreadExecutorMap$2.run(ThreadExecutorMap.java:74)
	io.netty.util.concurrent.FastThreadLocalRunnable.run(FastThreadLocalRunnable.java:30)
	java.lang.Thread.run(Thread.java:748)
#5:
	Hint: 'reactor.right.reactiveBridge' will handle the message from this point.
	io.netty.handler.codec.http.DefaultHttpContent.touch(DefaultHttpContent.java:88)
	io.netty.handler.codec.http.DefaultHttpContent.touch(DefaultHttpContent.java:24)
	io.netty.channel.DefaultChannelPipeline.touch(DefaultChannelPipeline.java:116)
	io.netty.channel.AbstractChannelHandlerContext.invokeChannelRead(AbstractChannelHandlerContext.java:357)
	io.netty.channel.AbstractChannelHandlerContext.fireChannelRead(AbstractChannelHandlerContext.java:352)
	reactor.netty.http.server.HttpTrafficHandler.channelRead(HttpTrafficHandler.java:190)
	io.netty.channel.AbstractChannelHandlerContext.invokeChannelRead(AbstractChannelHandlerContext.java:374)
	io.netty.channel.AbstractChannelHandlerContext.invokeChannelRead(AbstractChannelHandlerContext.java:360)
	io.netty.channel.AbstractChannelHandlerContext.fireChannelRead(AbstractChannelHandlerContext.java:352)
	io.netty.channel.CombinedChannelDuplexHandler$DelegatingChannelHandlerContext.fireChannelRead(CombinedChannelDuplexHandler.java:438)
	io.netty.handler.codec.ByteToMessageDecoder.fireChannelRead(ByteToMessageDecoder.java:323)
	io.netty.handler.codec.ByteToMessageDecoder.fireChannelRead(ByteToMessageDecoder.java:310)
	io.netty.handler.codec.ByteToMessageDecoder.callDecode(ByteToMessageDecoder.java:426)
	io.netty.handler.codec.ByteToMessageDecoder.channelRead(ByteToMessageDecoder.java:278)
	io.netty.channel.CombinedChannelDuplexHandler.channelRead(CombinedChannelDuplexHandler.java:253)
	io.netty.channel.AbstractChannelHandlerContext.invokeChannelRead(AbstractChannelHandlerContext.java:374)
	io.netty.channel.AbstractChannelHandlerContext.invokeChannelRead(AbstractChannelHandlerContext.java:360)
	io.netty.channel.AbstractChannelHandlerContext.fireChannelRead(AbstractChannelHandlerContext.java:352)
	io.netty.channel.DefaultChannelPipeline$HeadContext.channelRead(DefaultChannelPipeline.java:1408)
	io.netty.channel.AbstractChannelHandlerContext.invokeChannelRead(AbstractChannelHandlerContext.java:374)
	io.netty.channel.AbstractChannelHandlerContext.invokeChannelRead(AbstractChannelHandlerContext.java:360)
	io.netty.channel.DefaultChannelPipeline.fireChannelRead(DefaultChannelPipeline.java:930)
	io.netty.channel.nio.AbstractNioByteChannel$NioByteUnsafe.read(AbstractNioByteChannel.java:163)
	io.netty.channel.nio.NioEventLoop.processSelectedKey(NioEventLoop.java:682)
	io.netty.channel.nio.NioEventLoop.processSelectedKeysOptimized(NioEventLoop.java:617)
	io.netty.channel.nio.NioEventLoop.processSelectedKeys(NioEventLoop.java:534)
	io.netty.channel.nio.NioEventLoop.run(NioEventLoop.java:496)
	io.netty.util.concurrent.SingleThreadEventExecutor$5.run(SingleThreadEventExecutor.java:906)
	io.netty.util.internal.ThreadExecutorMap$2.run(ThreadExecutorMap.java:74)
	io.netty.util.concurrent.FastThreadLocalRunnable.run(FastThreadLocalRunnable.java:30)
	java.lang.Thread.run(Thread.java:748)
#6:
	Hint: 'reactor.left.httpTrafficHandler' will handle the message from this point.
	io.netty.handler.codec.http.DefaultHttpContent.touch(DefaultHttpContent.java:88)
	io.netty.handler.codec.http.DefaultHttpContent.touch(DefaultHttpContent.java:24)
	io.netty.channel.DefaultChannelPipeline.touch(DefaultChannelPipeline.java:116)
	io.netty.channel.AbstractChannelHandlerContext.invokeChannelRead(AbstractChannelHandlerContext.java:357)
	io.netty.channel.AbstractChannelHandlerContext.fireChannelRead(AbstractChannelHandlerContext.java:352)
	io.netty.channel.CombinedChannelDuplexHandler$DelegatingChannelHandlerContext.fireChannelRead(CombinedChannelDuplexHandler.java:438)
	io.netty.handler.codec.ByteToMessageDecoder.fireChannelRead(ByteToMessageDecoder.java:323)
	io.netty.handler.codec.ByteToMessageDecoder.fireChannelRead(ByteToMessageDecoder.java:310)
	io.netty.handler.codec.ByteToMessageDecoder.callDecode(ByteToMessageDecoder.java:426)
	io.netty.handler.codec.ByteToMessageDecoder.channelRead(ByteToMessageDecoder.java:278)
	io.netty.channel.CombinedChannelDuplexHandler.channelRead(CombinedChannelDuplexHandler.java:253)
	io.netty.channel.AbstractChannelHandlerContext.invokeChannelRead(AbstractChannelHandlerContext.java:374)
	io.netty.channel.AbstractChannelHandlerContext.invokeChannelRead(AbstractChannelHandlerContext.java:360)
	io.netty.channel.AbstractChannelHandlerContext.fireChannelRead(AbstractChannelHandlerContext.java:352)
	io.netty.channel.DefaultChannelPipeline$HeadContext.channelRead(DefaultChannelPipeline.java:1408)
	io.netty.channel.AbstractChannelHandlerContext.invokeChannelRead(AbstractChannelHandlerContext.java:374)
	io.netty.channel.AbstractChannelHandlerContext.invokeChannelRead(AbstractChannelHandlerContext.java:360)
	io.netty.channel.DefaultChannelPipeline.fireChannelRead(DefaultChannelPipeline.java:930)
	io.netty.channel.nio.AbstractNioByteChannel$NioByteUnsafe.read(AbstractNioByteChannel.java:163)
	io.netty.channel.nio.NioEventLoop.processSelectedKey(NioEventLoop.java:682)
	io.netty.channel.nio.NioEventLoop.processSelectedKeysOptimized(NioEventLoop.java:617)
	io.netty.channel.nio.NioEventLoop.processSelectedKeys(NioEventLoop.java:534)
	io.netty.channel.nio.NioEventLoop.run(NioEventLoop.java:496)
	io.netty.util.concurrent.SingleThreadEventExecutor$5.run(SingleThreadEventExecutor.java:906)
	io.netty.util.internal.ThreadExecutorMap$2.run(ThreadExecutorMap.java:74)
	io.netty.util.concurrent.FastThreadLocalRunnable.run(FastThreadLocalRunnable.java:30)
	java.lang.Thread.run(Thread.java:748)
Created at:
	io.netty.buffer.SimpleLeakAwareByteBuf.unwrappedDerived(SimpleLeakAwareByteBuf.java:143)
	io.netty.buffer.SimpleLeakAwareByteBuf.readRetainedSlice(SimpleLeakAwareByteBuf.java:67)
	io.netty.buffer.AdvancedLeakAwareByteBuf.readRetainedSlice(AdvancedLeakAwareByteBuf.java:107)
	io.netty.handler.codec.http.HttpObjectDecoder.decode(HttpObjectDecoder.java:336)
	io.netty.handler.codec.http.HttpServerCodec$HttpServerRequestDecoder.decode(HttpServerCodec.java:103)
	io.netty.handler.codec.ByteToMessageDecoder.decodeRemovalReentryProtection(ByteToMessageDecoder.java:502)
	io.netty.handler.codec.ByteToMessageDecoder.callDecode(ByteToMessageDecoder.java:441)
	io.netty.handler.codec.ByteToMessageDecoder.channelRead(ByteToMessageDecoder.java:278)
	io.netty.channel.CombinedChannelDuplexHandler.channelRead(CombinedChannelDuplexHandler.java:253)
	io.netty.channel.AbstractChannelHandlerContext.invokeChannelRead(AbstractChannelHandlerContext.java:374)
	io.netty.channel.AbstractChannelHandlerContext.invokeChannelRead(AbstractChannelHandlerContext.java:360)
	io.netty.channel.AbstractChannelHandlerContext.fireChannelRead(AbstractChannelHandlerContext.java:352)
	io.netty.channel.DefaultChannelPipeline$HeadContext.channelRead(DefaultChannelPipeline.java:1408)
	io.netty.channel.AbstractChannelHandlerContext.invokeChannelRead(AbstractChannelHandlerContext.java:374)
	io.netty.channel.AbstractChannelHandlerContext.invokeChannelRead(AbstractChannelHandlerContext.java:360)
	io.netty.channel.DefaultChannelPipeline.fireChannelRead(DefaultChannelPipeline.java:930)
	io.netty.channel.nio.AbstractNioByteChannel$NioByteUnsafe.read(AbstractNioByteChannel.java:163)
	io.netty.channel.nio.NioEventLoop.processSelectedKey(NioEventLoop.java:682)
	io.netty.channel.nio.NioEventLoop.processSelectedKeysOptimized(NioEventLoop.java:617)
	io.netty.channel.nio.NioEventLoop.processSelectedKeys(NioEventLoop.java:534)
	io.netty.channel.nio.NioEventLoop.run(NioEventLoop.java:496)
	io.netty.util.concurrent.SingleThreadEventExecutor$5.run(SingleThreadEventExecutor.java:906)
	io.netty.util.internal.ThreadExecutorMap$2.run(ThreadExecutorMap.java:74)
	io.netty.util.concurrent.FastThreadLocalRunnable.run(FastThreadLocalRunnable.java:30)
	java.lang.Thread.run(Thread.java:748)
: 4 leak records were discarded because they were duplicates
: 235 leak records were discarded because the leak record count is targeted to 4. Use system property io.netty.leakDetection.targetRecords to increase the limit.
22:42:59.980 [reactor-http-nio-14] ERROR i.n.u.ResourceLeakDetector - LEAK: ByteBuf.release() was not called before it's garbage-collected. See http://netty.io/wiki/reference-counted-objects.html for more information.
Recent access records: 
#1:
	io.netty.handler.codec.ByteToMessageDecoder.channelRead(ByteToMessageDecoder.java:286)
	io.netty.channel.CombinedChannelDuplexHandler.channelRead(CombinedChannelDuplexHandler.java:253)
	io.netty.channel.AbstractChannelHandlerContext.invokeChannelRead(AbstractChannelHandlerContext.java:374)
	io.netty.channel.AbstractChannelHandlerContext.invokeChannelRead(AbstractChannelHandlerContext.java:360)
	io.netty.channel.AbstractChannelHandlerContext.fireChannelRead(AbstractChannelHandlerContext.java:352)
	io.netty.channel.DefaultChannelPipeline$HeadContext.channelRead(DefaultChannelPipeline.java:1408)
	io.netty.channel.AbstractChannelHandlerContext.invokeChannelRead(AbstractChannelHandlerContext.java:374)
	io.netty.channel.AbstractChannelHandlerContext.invokeChannelRead(AbstractChannelHandlerContext.java:360)
	io.netty.channel.DefaultChannelPipeline.fireChannelRead(DefaultChannelPipeline.java:930)
	io.netty.channel.nio.AbstractNioByteChannel$NioByteUnsafe.read(AbstractNioByteChannel.java:163)
	io.netty.channel.nio.NioEventLoop.processSelectedKey(NioEventLoop.java:682)
	io.netty.channel.nio.NioEventLoop.processSelectedKeysOptimized(NioEventLoop.java:617)
	io.netty.channel.nio.NioEventLoop.processSelectedKeys(NioEventLoop.java:534)
	io.netty.channel.nio.NioEventLoop.run(NioEventLoop.java:496)
	io.netty.util.concurrent.SingleThreadEventExecutor$5.run(SingleThreadEventExecutor.java:906)
	io.netty.util.internal.ThreadExecutorMap$2.run(ThreadExecutorMap.java:74)
	io.netty.util.concurrent.FastThreadLocalRunnable.run(FastThreadLocalRunnable.java:30)
	java.lang.Thread.run(Thread.java:748)
#2:
	io.netty.buffer.AdvancedLeakAwareByteBuf.forEachByte(AdvancedLeakAwareByteBuf.java:670)
	io.netty.handler.codec.http.HttpObjectDecoder$HeaderParser.parse(HttpObjectDecoder.java:793)
	io.netty.handler.codec.http.HttpObjectDecoder$LineParser.parse(HttpObjectDecoder.java:842)
	io.netty.handler.codec.http.HttpObjectDecoder.decode(HttpObjectDecoder.java:313)
	io.netty.handler.codec.http.HttpServerCodec$HttpServerRequestDecoder.decode(HttpServerCodec.java:103)
	io.netty.handler.codec.ByteToMessageDecoder.decodeRemovalReentryProtection(ByteToMessageDecoder.java:502)
	io.netty.handler.codec.ByteToMessageDecoder.callDecode(ByteToMessageDecoder.java:441)
	io.netty.handler.codec.ByteToMessageDecoder.channelRead(ByteToMessageDecoder.java:278)
	io.netty.channel.CombinedChannelDuplexHandler.channelRead(CombinedChannelDuplexHandler.java:253)
	io.netty.channel.AbstractChannelHandlerContext.invokeChannelRead(AbstractChannelHandlerContext.java:374)
	io.netty.channel.AbstractChannelHandlerContext.invokeChannelRead(AbstractChannelHandlerContext.java:360)
	io.netty.channel.AbstractChannelHandlerContext.fireChannelRead(AbstractChannelHandlerContext.java:352)
	io.netty.channel.DefaultChannelPipeline$HeadContext.channelRead(DefaultChannelPipeline.java:1408)
	io.netty.channel.AbstractChannelHandlerContext.invokeChannelRead(AbstractChannelHandlerContext.java:374)
	io.netty.channel.AbstractChannelHandlerContext.invokeChannelRead(AbstractChannelHandlerContext.java:360)
	io.netty.channel.DefaultChannelPipeline.fireChannelRead(DefaultChannelPipeline.java:930)
	io.netty.channel.nio.AbstractNioByteChannel$NioByteUnsafe.read(AbstractNioByteChannel.java:163)
	io.netty.channel.nio.NioEventLoop.processSelectedKey(NioEventLoop.java:682)
	io.netty.channel.nio.NioEventLoop.processSelectedKeysOptimized(NioEventLoop.java:617)
	io.netty.channel.nio.NioEventLoop.processSelectedKeys(NioEventLoop.java:534)
	io.netty.channel.nio.NioEventLoop.run(NioEventLoop.java:496)
	io.netty.util.concurrent.SingleThreadEventExecutor$5.run(SingleThreadEventExecutor.java:906)
	io.netty.util.internal.ThreadExecutorMap$2.run(ThreadExecutorMap.java:74)
	io.netty.util.concurrent.FastThreadLocalRunnable.run(FastThreadLocalRunnable.java:30)
	java.lang.Thread.run(Thread.java:748)
#3:
	io.netty.buffer.AdvancedLeakAwareByteBuf.readRetainedSlice(AdvancedLeakAwareByteBuf.java:106)
	io.netty.handler.codec.http.HttpObjectDecoder.decode(HttpObjectDecoder.java:336)
	io.netty.handler.codec.http.HttpServerCodec$HttpServerRequestDecoder.decode(HttpServerCodec.java:103)
	io.netty.handler.codec.ByteToMessageDecoder.decodeRemovalReentryProtection(ByteToMessageDecoder.java:502)
	io.netty.handler.codec.ByteToMessageDecoder.callDecode(ByteToMessageDecoder.java:441)
	io.netty.handler.codec.ByteToMessageDecoder.channelRead(ByteToMessageDecoder.java:278)
	io.netty.channel.CombinedChannelDuplexHandler.channelRead(CombinedChannelDuplexHandler.java:253)
	io.netty.channel.AbstractChannelHandlerContext.invokeChannelRead(AbstractChannelHandlerContext.java:374)
	io.netty.channel.AbstractChannelHandlerContext.invokeChannelRead(AbstractChannelHandlerContext.java:360)
	io.netty.channel.AbstractChannelHandlerContext.fireChannelRead(AbstractChannelHandlerContext.java:352)
	io.netty.channel.DefaultChannelPipeline$HeadContext.channelRead(DefaultChannelPipeline.java:1408)
	io.netty.channel.AbstractChannelHandlerContext.invokeChannelRead(AbstractChannelHandlerContext.java:374)
	io.netty.channel.AbstractChannelHandlerContext.invokeChannelRead(AbstractChannelHandlerContext.java:360)
	io.netty.channel.DefaultChannelPipeline.fireChannelRead(DefaultChannelPipeline.java:930)
	io.netty.channel.nio.AbstractNioByteChannel$NioByteUnsafe.read(AbstractNioByteChannel.java:163)
	io.netty.channel.nio.NioEventLoop.processSelectedKey(NioEventLoop.java:682)
	io.netty.channel.nio.NioEventLoop.processSelectedKeysOptimized(NioEventLoop.java:617)
	io.netty.channel.nio.NioEventLoop.processSelectedKeys(NioEventLoop.java:534)
	io.netty.channel.nio.NioEventLoop.run(NioEventLoop.java:496)
	io.netty.util.concurrent.SingleThreadEventExecutor$5.run(SingleThreadEventExecutor.java:906)
	io.netty.util.internal.ThreadExecutorMap$2.run(ThreadExecutorMap.java:74)
	io.netty.util.concurrent.FastThreadLocalRunnable.run(FastThreadLocalRunnable.java:30)
	java.lang.Thread.run(Thread.java:748)
#4:
	io.netty.buffer.AdvancedLeakAwareByteBuf.getByte(AdvancedLeakAwareByteBuf.java:154)
	io.netty.handler.codec.http.HttpObjectDecoder.decode(HttpObjectDecoder.java:351)
	io.netty.handler.codec.http.HttpServerCodec$HttpServerRequestDecoder.decode(HttpServerCodec.java:103)
	io.netty.handler.codec.ByteToMessageDecoder.decodeRemovalReentryProtection(ByteToMessageDecoder.java:502)
	io.netty.handler.codec.ByteToMessageDecoder.callDecode(ByteToMessageDecoder.java:441)
	io.netty.handler.codec.ByteToMessageDecoder.channelRead(ByteToMessageDecoder.java:278)
	io.netty.channel.CombinedChannelDuplexHandler.channelRead(CombinedChannelDuplexHandler.java:253)
	io.netty.channel.AbstractChannelHandlerContext.invokeChannelRead(AbstractChannelHandlerContext.java:374)
	io.netty.channel.AbstractChannelHandlerContext.invokeChannelRead(AbstractChannelHandlerContext.java:360)
	io.netty.channel.AbstractChannelHandlerContext.fireChannelRead(AbstractChannelHandlerContext.java:352)
	io.netty.channel.DefaultChannelPipeline$HeadContext.channelRead(DefaultChannelPipeline.java:1408)
	io.netty.channel.AbstractChannelHandlerContext.invokeChannelRead(AbstractChannelHandlerContext.java:374)
	io.netty.channel.AbstractChannelHandlerContext.invokeChannelRead(AbstractChannelHandlerContext.java:360)
	io.netty.channel.DefaultChannelPipeline.fireChannelRead(DefaultChannelPipeline.java:930)
	io.netty.channel.nio.AbstractNioByteChannel$NioByteUnsafe.read(AbstractNioByteChannel.java:163)
	io.netty.channel.nio.NioEventLoop.processSelectedKey(NioEventLoop.java:682)
	io.netty.channel.nio.NioEventLoop.processSelectedKeysOptimized(NioEventLoop.java:617)
	io.netty.channel.nio.NioEventLoop.processSelectedKeys(NioEventLoop.java:534)
	io.netty.channel.nio.NioEventLoop.run(NioEventLoop.java:496)
	io.netty.util.concurrent.SingleThreadEventExecutor$5.run(SingleThreadEventExecutor.java:906)
	io.netty.util.internal.ThreadExecutorMap$2.run(ThreadExecutorMap.java:74)
	io.netty.util.concurrent.FastThreadLocalRunnable.run(FastThreadLocalRunnable.java:30)
	java.lang.Thread.run(Thread.java:748)
#5:
	Hint: 'reactor.left.httpCodec' will handle the message from this point.
	io.netty.channel.DefaultChannelPipeline.touch(DefaultChannelPipeline.java:116)
	io.netty.channel.AbstractChannelHandlerContext.invokeChannelRead(AbstractChannelHandlerContext.java:357)
	io.netty.channel.AbstractChannelHandlerContext.fireChannelRead(AbstractChannelHandlerContext.java:352)
	io.netty.channel.DefaultChannelPipeline$HeadContext.channelRead(DefaultChannelPipeline.java:1408)
	io.netty.channel.AbstractChannelHandlerContext.invokeChannelRead(AbstractChannelHandlerContext.java:374)
	io.netty.channel.AbstractChannelHandlerContext.invokeChannelRead(AbstractChannelHandlerContext.java:360)
	io.netty.channel.DefaultChannelPipeline.fireChannelRead(DefaultChannelPipeline.java:930)
	io.netty.channel.nio.AbstractNioByteChannel$NioByteUnsafe.read(AbstractNioByteChannel.java:163)
	io.netty.channel.nio.NioEventLoop.processSelectedKey(NioEventLoop.java:682)
	io.netty.channel.nio.NioEventLoop.processSelectedKeysOptimized(NioEventLoop.java:617)
	io.netty.channel.nio.NioEventLoop.processSelectedKeys(NioEventLoop.java:534)
	io.netty.channel.nio.NioEventLoop.run(NioEventLoop.java:496)
	io.netty.util.concurrent.SingleThreadEventExecutor$5.run(SingleThreadEventExecutor.java:906)
	io.netty.util.internal.ThreadExecutorMap$2.run(ThreadExecutorMap.java:74)
	io.netty.util.concurrent.FastThreadLocalRunnable.run(FastThreadLocalRunnable.java:30)
	java.lang.Thread.run(Thread.java:748)
#6:
	Hint: 'DefaultChannelPipeline$HeadContext#0' will handle the message from this point.
	io.netty.channel.DefaultChannelPipeline.touch(DefaultChannelPipeline.java:116)
	io.netty.channel.AbstractChannelHandlerContext.invokeChannelRead(AbstractChannelHandlerContext.java:357)
	io.netty.channel.DefaultChannelPipeline.fireChannelRead(DefaultChannelPipeline.java:930)
	io.netty.channel.nio.AbstractNioByteChannel$NioByteUnsafe.read(AbstractNioByteChannel.java:163)
	io.netty.channel.nio.NioEventLoop.processSelectedKey(NioEventLoop.java:682)
	io.netty.channel.nio.NioEventLoop.processSelectedKeysOptimized(NioEventLoop.java:617)
	io.netty.channel.nio.NioEventLoop.processSelectedKeys(NioEventLoop.java:534)
	io.netty.channel.nio.NioEventLoop.run(NioEventLoop.java:496)
	io.netty.util.concurrent.SingleThreadEventExecutor$5.run(SingleThreadEventExecutor.java:906)
	io.netty.util.internal.ThreadExecutorMap$2.run(ThreadExecutorMap.java:74)
	io.netty.util.concurrent.FastThreadLocalRunnable.run(FastThreadLocalRunnable.java:30)
	java.lang.Thread.run(Thread.java:748)
#7:
	io.netty.buffer.AdvancedLeakAwareByteBuf.writeBytes(AdvancedLeakAwareByteBuf.java:634)
	io.netty.channel.socket.nio.NioSocketChannel.doReadBytes(NioSocketChannel.java:347)
	io.netty.channel.nio.AbstractNioByteChannel$NioByteUnsafe.read(AbstractNioByteChannel.java:148)
	io.netty.channel.nio.NioEventLoop.processSelectedKey(NioEventLoop.java:682)
	io.netty.channel.nio.NioEventLoop.processSelectedKeysOptimized(NioEventLoop.java:617)
	io.netty.channel.nio.NioEventLoop.processSelectedKeys(NioEventLoop.java:534)
	io.netty.channel.nio.NioEventLoop.run(NioEventLoop.java:496)
	io.netty.util.concurrent.SingleThreadEventExecutor$5.run(SingleThreadEventExecutor.java:906)
	io.netty.util.internal.ThreadExecutorMap$2.run(ThreadExecutorMap.java:74)
	io.netty.util.concurrent.FastThreadLocalRunnable.run(FastThreadLocalRunnable.java:30)
	java.lang.Thread.run(Thread.java:748)
Created at:
	io.netty.buffer.PooledByteBufAllocator.newDirectBuffer(PooledByteBufAllocator.java:349)
	io.netty.buffer.AbstractByteBufAllocator.directBuffer(AbstractByteBufAllocator.java:187)
	io.netty.buffer.AbstractByteBufAllocator.directBuffer(AbstractByteBufAllocator.java:178)
	io.netty.buffer.AbstractByteBufAllocator.ioBuffer(AbstractByteBufAllocator.java:139)
	io.netty.channel.DefaultMaxMessagesRecvByteBufAllocator$MaxMessageHandle.allocate(DefaultMaxMessagesRecvByteBufAllocator.java:114)
	io.netty.channel.nio.AbstractNioByteChannel$NioByteUnsafe.read(AbstractNioByteChannel.java:147)
	io.netty.channel.nio.NioEventLoop.processSelectedKey(NioEventLoop.java:682)
	io.netty.channel.nio.NioEventLoop.processSelectedKeysOptimized(NioEventLoop.java:617)
	io.netty.channel.nio.NioEventLoop.processSelectedKeys(NioEventLoop.java:534)
	io.netty.channel.nio.NioEventLoop.run(NioEventLoop.java:496)
	io.netty.util.concurrent.SingleThreadEventExecutor$5.run(SingleThreadEventExecutor.java:906)
	io.netty.util.internal.ThreadExecutorMap$2.run(ThreadExecutorMap.java:74)
	io.netty.util.concurrent.FastThreadLocalRunnable.run(FastThreadLocalRunnable.java:30)
	java.lang.Thread.run(Thread.java:748)
: 1 leak records were discarded because they were duplicates
: 65 leak records were discarded because the leak record count is targeted to 4. Use system property io.netty.leakDetection.targetRecords to increase the limit.
22:42:59.981 [reactor-http-nio-14] ERROR i.n.u.ResourceLeakDetector - LEAK: ByteBuf.release() was not called before it's garbage-collected. See http://netty.io/wiki/reference-counted-objects.html for more information.
Recent access records: 
#1:
	io.netty.buffer.AdvancedLeakAwareByteBuf.order(AdvancedLeakAwareByteBuf.java:70)
	io.netty.buffer.CompositeByteBuf.newComponent(CompositeByteBuf.java:318)
	io.netty.buffer.CompositeByteBuf.addComponent0(CompositeByteBuf.java:280)
	io.netty.buffer.CompositeByteBuf.addComponent(CompositeByteBuf.java:265)
	io.netty.buffer.CompositeByteBuf.addComponent(CompositeByteBuf.java:222)
	io.netty.buffer.WrappedCompositeByteBuf.addComponent(WrappedCompositeByteBuf.java:529)
	io.netty.buffer.AdvancedLeakAwareCompositeByteBuf.addComponent(AdvancedLeakAwareCompositeByteBuf.java:921)
	org.springframework.core.io.buffer.NettyDataBufferFactory.join(NettyDataBufferFactory.java:111)
	org.springframework.core.io.buffer.DataBufferUtils.joinAndStrip(DataBufferUtils.java:686)
	org.springframework.core.io.buffer.DataBufferUtils.lambda$split$20(DataBufferUtils.java:605)
	reactor.core.publisher.FluxMap$MapConditionalSubscriber.onNext(FluxMap.java:199)
	reactor.core.publisher.FluxBufferPredicate$BufferPredicateSubscriber.emit(FluxBufferPredicate.java:290)
	reactor.core.publisher.FluxBufferPredicate$BufferPredicateSubscriber.onNextNewBuffer(FluxBufferPredicate.java:257)
	reactor.core.publisher.FluxBufferPredicate$BufferPredicateSubscriber.tryOnNext(FluxBufferPredicate.java:211)
	reactor.core.publisher.FluxBufferPredicate$BufferPredicateSubscriber.onNext(FluxBufferPredicate.java:184)
	reactor.core.publisher.FluxFlatMap$FlatMapMain.drainLoop(FluxFlatMap.java:664)
	reactor.core.publisher.FluxFlatMap$FlatMapMain.drain(FluxFlatMap.java:540)
	reactor.core.publisher.FluxFlatMap$FlatMapInner.onSubscribe(FluxFlatMap.java:924)
	reactor.core.publisher.FluxIterable.subscribe(FluxIterable.java:139)
	reactor.core.publisher.FluxIterable.subscribe(FluxIterable.java:63)
	reactor.core.publisher.Flux.subscribe(Flux.java:7922)
	reactor.core.publisher.FluxFlatMap$FlatMapMain.onNext(FluxFlatMap.java:389)
	reactor.core.publisher.FluxConcatMap$ConcatMapImmediate.innerNext(FluxConcatMap.java:275)
	reactor.core.publisher.FluxConcatMap$ConcatMapInner.onNext(FluxConcatMap.java:849)
	reactor.core.publisher.FluxConcatMap$WeakScalarSubscription.request(FluxConcatMap.java:470)
	reactor.core.publisher.Operators$MultiSubscriptionSubscriber.set(Operators.java:1939)
	reactor.core.publisher.FluxConcatMap$ConcatMapImmediate.drain(FluxConcatMap.java:436)
	reactor.core.publisher.FluxConcatMap$ConcatMapImmediate.onNext(FluxConcatMap.java:244)
	reactor.core.publisher.FluxMap$MapSubscriber.onNext(FluxMap.java:114)
	reactor.core.publisher.FluxPeek$PeekSubscriber.onNext(FluxPeek.java:192)
	reactor.core.publisher.FluxMap$MapSubscriber.onNext(FluxMap.java:114)
	reactor.netty.channel.FluxReceive.drainReceiver(FluxReceive.java:206)
	reactor.netty.channel.FluxReceive.onInboundNext(FluxReceive.java:322)
	reactor.netty.channel.ChannelOperations.onInboundNext(ChannelOperations.java:335)
	reactor.netty.http.server.HttpServerOperations.onInboundNext(HttpServerOperations.java:456)
	reactor.netty.channel.ChannelOperationsHandler.channelRead(ChannelOperationsHandler.java:91)
	io.netty.channel.AbstractChannelHandlerContext.invokeChannelRead(AbstractChannelHandlerContext.java:374)
	io.netty.channel.AbstractChannelHandlerContext.invokeChannelRead(AbstractChannelHandlerContext.java:360)
	io.netty.channel.AbstractChannelHandlerContext.fireChannelRead(AbstractChannelHandlerContext.java:352)
	reactor.netty.http.server.HttpTrafficHandler.channelRead(HttpTrafficHandler.java:190)
	io.netty.channel.AbstractChannelHandlerContext.invokeChannelRead(AbstractChannelHandlerContext.java:374)
	io.netty.channel.AbstractChannelHandlerContext.invokeChannelRead(AbstractChannelHandlerContext.java:360)
	io.netty.channel.AbstractChannelHandlerContext.fireChannelRead(AbstractChannelHandlerContext.java:352)
	io.netty.channel.CombinedChannelDuplexHandler$DelegatingChannelHandlerContext.fireChannelRead(CombinedChannelDuplexHandler.java:438)
	io.netty.handler.codec.ByteToMessageDecoder.fireChannelRead(ByteToMessageDecoder.java:323)
	io.netty.handler.codec.ByteToMessageDecoder.fireChannelRead(ByteToMessageDecoder.java:310)
	io.netty.handler.codec.ByteToMessageDecoder.callDecode(ByteToMessageDecoder.java:426)
	io.netty.handler.codec.ByteToMessageDecoder.channelRead(ByteToMessageDecoder.java:278)
	io.netty.channel.CombinedChannelDuplexHandler.channelRead(CombinedChannelDuplexHandler.java:253)
	io.netty.channel.AbstractChannelHandlerContext.invokeChannelRead(AbstractChannelHandlerContext.java:374)
	io.netty.channel.AbstractChannelHandlerContext.invokeChannelRead(AbstractChannelHandlerContext.java:360)
	io.netty.channel.AbstractChannelHandlerContext.fireChannelRead(AbstractChannelHandlerContext.java:352)
	io.netty.channel.DefaultChannelPipeline$HeadContext.channelRead(DefaultChannelPipeline.java:1408)
	io.netty.channel.AbstractChannelHandlerContext.invokeChannelRead(AbstractChannelHandlerContext.java:374)
	io.netty.channel.AbstractChannelHandlerContext.invokeChannelRead(AbstractChannelHandlerContext.java:360)
	io.netty.channel.DefaultChannelPipeline.fireChannelRead(DefaultChannelPipeline.java:930)
	io.netty.channel.nio.AbstractNioByteChannel$NioByteUnsafe.read(AbstractNioByteChannel.java:163)
	io.netty.channel.nio.NioEventLoop.processSelectedKey(NioEventLoop.java:682)
	io.netty.channel.nio.NioEventLoop.processSelectedKeysOptimized(NioEventLoop.java:617)
	io.netty.channel.nio.NioEventLoop.processSelectedKeys(NioEventLoop.java:534)
	io.netty.channel.nio.NioEventLoop.run(NioEventLoop.java:496)
	io.netty.util.concurrent.SingleThreadEventExecutor$5.run(SingleThreadEventExecutor.java:906)
	io.netty.util.internal.ThreadExecutorMap$2.run(ThreadExecutorMap.java:74)
	io.netty.util.concurrent.FastThreadLocalRunnable.run(FastThreadLocalRunnable.java:30)
	java.lang.Thread.run(Thread.java:748)
#2:
	io.netty.handler.codec.http.DefaultHttpContent.release(DefaultHttpContent.java:94)
	io.netty.util.ReferenceCountUtil.release(ReferenceCountUtil.java:88)
	reactor.netty.channel.FluxReceive.drainReceiver(FluxReceive.java:209)
	reactor.netty.channel.FluxReceive.onInboundNext(FluxReceive.java:322)
	reactor.netty.channel.ChannelOperations.onInboundNext(ChannelOperations.java:335)
	reactor.netty.http.server.HttpServerOperations.onInboundNext(HttpServerOperations.java:456)
	reactor.netty.channel.ChannelOperationsHandler.channelRead(ChannelOperationsHandler.java:91)
	io.netty.channel.AbstractChannelHandlerContext.invokeChannelRead(AbstractChannelHandlerContext.java:374)
	io.netty.channel.AbstractChannelHandlerContext.invokeChannelRead(AbstractChannelHandlerContext.java:360)
	io.netty.channel.AbstractChannelHandlerContext.fireChannelRead(AbstractChannelHandlerContext.java:352)
	reactor.netty.http.server.HttpTrafficHandler.channelRead(HttpTrafficHandler.java:190)
	io.netty.channel.AbstractChannelHandlerContext.invokeChannelRead(AbstractChannelHandlerContext.java:374)
	io.netty.channel.AbstractChannelHandlerContext.invokeChannelRead(AbstractChannelHandlerContext.java:360)
	io.netty.channel.AbstractChannelHandlerContext.fireChannelRead(AbstractChannelHandlerContext.java:352)
	io.netty.channel.CombinedChannelDuplexHandler$DelegatingChannelHandlerContext.fireChannelRead(CombinedChannelDuplexHandler.java:438)
	io.netty.handler.codec.ByteToMessageDecoder.fireChannelRead(ByteToMessageDecoder.java:323)
	io.netty.handler.codec.ByteToMessageDecoder.fireChannelRead(ByteToMessageDecoder.java:310)
	io.netty.handler.codec.ByteToMessageDecoder.callDecode(ByteToMessageDecoder.java:426)
	io.netty.handler.codec.ByteToMessageDecoder.channelRead(ByteToMessageDecoder.java:278)
	io.netty.channel.CombinedChannelDuplexHandler.channelRead(CombinedChannelDuplexHandler.java:253)
	io.netty.channel.AbstractChannelHandlerContext.invokeChannelRead(AbstractChannelHandlerContext.java:374)
	io.netty.channel.AbstractChannelHandlerContext.invokeChannelRead(AbstractChannelHandlerContext.java:360)
	io.netty.channel.AbstractChannelHandlerContext.fireChannelRead(AbstractChannelHandlerContext.java:352)
	io.netty.channel.DefaultChannelPipeline$HeadContext.channelRead(DefaultChannelPipeline.java:1408)
	io.netty.channel.AbstractChannelHandlerContext.invokeChannelRead(AbstractChannelHandlerContext.java:374)
	io.netty.channel.AbstractChannelHandlerContext.invokeChannelRead(AbstractChannelHandlerContext.java:360)
	io.netty.channel.DefaultChannelPipeline.fireChannelRead(DefaultChannelPipeline.java:930)
	io.netty.channel.nio.AbstractNioByteChannel$NioByteUnsafe.read(AbstractNioByteChannel.java:163)
	io.netty.channel.nio.NioEventLoop.processSelectedKey(NioEventLoop.java:682)
	io.netty.channel.nio.NioEventLoop.processSelectedKeysOptimized(NioEventLoop.java:617)
	io.netty.channel.nio.NioEventLoop.processSelectedKeys(NioEventLoop.java:534)
	io.netty.channel.nio.NioEventLoop.run(NioEventLoop.java:496)
	io.netty.util.concurrent.SingleThreadEventExecutor$5.run(SingleThreadEventExecutor.java:906)
	io.netty.util.internal.ThreadExecutorMap$2.run(ThreadExecutorMap.java:74)
	io.netty.util.concurrent.FastThreadLocalRunnable.run(FastThreadLocalRunnable.java:30)
	java.lang.Thread.run(Thread.java:748)
#3:
	io.netty.buffer.AdvancedLeakAwareByteBuf.getByte(AdvancedLeakAwareByteBuf.java:154)
	org.springframework.core.io.buffer.NettyDataBuffer.getByte(NettyDataBuffer.java:132)
	org.springframework.core.io.buffer.DataBufferUtils$KnuthMorrisPrattMatcher.match(DataBufferUtils.java:1005)
	org.springframework.core.io.buffer.DataBufferUtils.endFrameAfterDelimiter(DataBufferUtils.java:634)
	org.springframework.core.io.buffer.DataBufferUtils.lambda$split$18(DataBufferUtils.java:603)
	reactor.core.publisher.FluxFlatMap$FlatMapMain.onNext(FluxFlatMap.java:350)
	reactor.core.publisher.FluxConcatMap$ConcatMapImmediate.innerNext(FluxConcatMap.java:275)
	reactor.core.publisher.FluxConcatMap$ConcatMapInner.onNext(FluxConcatMap.java:849)
	reactor.core.publisher.FluxConcatMap$WeakScalarSubscription.request(FluxConcatMap.java:470)
	reactor.core.publisher.Operators$MultiSubscriptionSubscriber.set(Operators.java:1939)
	reactor.core.publisher.FluxConcatMap$ConcatMapImmediate.drain(FluxConcatMap.java:436)
	reactor.core.publisher.FluxConcatMap$ConcatMapImmediate.onNext(FluxConcatMap.java:244)
	reactor.core.publisher.FluxMap$MapSubscriber.onNext(FluxMap.java:114)
	reactor.core.publisher.FluxPeek$PeekSubscriber.onNext(FluxPeek.java:192)
	reactor.core.publisher.FluxMap$MapSubscriber.onNext(FluxMap.java:114)
	reactor.netty.channel.FluxReceive.drainReceiver(FluxReceive.java:206)
	reactor.netty.channel.FluxReceive.onInboundNext(FluxReceive.java:322)
	reactor.netty.channel.ChannelOperations.onInboundNext(ChannelOperations.java:335)
	reactor.netty.http.server.HttpServerOperations.onInboundNext(HttpServerOperations.java:456)
	reactor.netty.channel.ChannelOperationsHandler.channelRead(ChannelOperationsHandler.java:91)
	io.netty.channel.AbstractChannelHandlerContext.invokeChannelRead(AbstractChannelHandlerContext.java:374)
	io.netty.channel.AbstractChannelHandlerContext.invokeChannelRead(AbstractChannelHandlerContext.java:360)
	io.netty.channel.AbstractChannelHandlerContext.fireChannelRead(AbstractChannelHandlerContext.java:352)
	reactor.netty.http.server.HttpTrafficHandler.channelRead(HttpTrafficHandler.java:190)
	io.netty.channel.AbstractChannelHandlerContext.invokeChannelRead(AbstractChannelHandlerContext.java:374)
	io.netty.channel.AbstractChannelHandlerContext.invokeChannelRead(AbstractChannelHandlerContext.java:360)
	io.netty.channel.AbstractChannelHandlerContext.fireChannelRead(AbstractChannelHandlerContext.java:352)
	io.netty.channel.CombinedChannelDuplexHandler$DelegatingChannelHandlerContext.fireChannelRead(CombinedChannelDuplexHandler.java:438)
	io.netty.handler.codec.ByteToMessageDecoder.fireChannelRead(ByteToMessageDecoder.java:323)
	io.netty.handler.codec.ByteToMessageDecoder.fireChannelRead(ByteToMessageDecoder.java:310)
	io.netty.handler.codec.ByteToMessageDecoder.callDecode(ByteToMessageDecoder.java:426)
	io.netty.handler.codec.ByteToMessageDecoder.channelRead(ByteToMessageDecoder.java:278)
	io.netty.channel.CombinedChannelDuplexHandler.channelRead(CombinedChannelDuplexHandler.java:253)
	io.netty.channel.AbstractChannelHandlerContext.invokeChannelRead(AbstractChannelHandlerContext.java:374)
	io.netty.channel.AbstractChannelHandlerContext.invokeChannelRead(AbstractChannelHandlerContext.java:360)
	io.netty.channel.AbstractChannelHandlerContext.fireChannelRead(AbstractChannelHandlerContext.java:352)
	io.netty.channel.DefaultChannelPipeline$HeadContext.channelRead(DefaultChannelPipeline.java:1408)
	io.netty.channel.AbstractChannelHandlerContext.invokeChannelRead(AbstractChannelHandlerContext.java:374)
	io.netty.channel.AbstractChannelHandlerContext.invokeChannelRead(AbstractChannelHandlerContext.java:360)
	io.netty.channel.DefaultChannelPipeline.fireChannelRead(DefaultChannelPipeline.java:930)
	io.netty.channel.nio.AbstractNioByteChannel$NioByteUnsafe.read(AbstractNioByteChannel.java:163)
	io.netty.channel.nio.NioEventLoop.processSelectedKey(NioEventLoop.java:682)
	io.netty.channel.nio.NioEventLoop.processSelectedKeysOptimized(NioEventLoop.java:617)
	io.netty.channel.nio.NioEventLoop.processSelectedKeys(NioEventLoop.java:534)
	io.netty.channel.nio.NioEventLoop.run(NioEventLoop.java:496)
	io.netty.util.concurrent.SingleThreadEventExecutor$5.run(SingleThreadEventExecutor.java:906)
	io.netty.util.internal.ThreadExecutorMap$2.run(ThreadExecutorMap.java:74)
	io.netty.util.concurrent.FastThreadLocalRunnable.run(FastThreadLocalRunnable.java:30)
	java.lang.Thread.run(Thread.java:748)
#4:
	reactor.core.publisher.FluxPeek$PeekSubscriber.onNext(FluxPeek.java:177)
	reactor.core.publisher.FluxMap$MapSubscriber.onNext(FluxMap.java:114)
	reactor.netty.channel.FluxReceive.drainReceiver(FluxReceive.java:206)
	reactor.netty.channel.FluxReceive.onInboundNext(FluxReceive.java:322)
	reactor.netty.channel.ChannelOperations.onInboundNext(ChannelOperations.java:335)
	reactor.netty.http.server.HttpServerOperations.onInboundNext(HttpServerOperations.java:456)
	reactor.netty.channel.ChannelOperationsHandler.channelRead(ChannelOperationsHandler.java:91)
	io.netty.channel.AbstractChannelHandlerContext.invokeChannelRead(AbstractChannelHandlerContext.java:374)
	io.netty.channel.AbstractChannelHandlerContext.invokeChannelRead(AbstractChannelHandlerContext.java:360)
	io.netty.channel.AbstractChannelHandlerContext.fireChannelRead(AbstractChannelHandlerContext.java:352)
	reactor.netty.http.server.HttpTrafficHandler.channelRead(HttpTrafficHandler.java:190)
	io.netty.channel.AbstractChannelHandlerContext.invokeChannelRead(AbstractChannelHandlerContext.java:374)
	io.netty.channel.AbstractChannelHandlerContext.invokeChannelRead(AbstractChannelHandlerContext.java:360)
	io.netty.channel.AbstractChannelHandlerContext.fireChannelRead(AbstractChannelHandlerContext.java:352)
	io.netty.channel.CombinedChannelDuplexHandler$DelegatingChannelHandlerContext.fireChannelRead(CombinedChannelDuplexHandler.java:438)
	io.netty.handler.codec.ByteToMessageDecoder.fireChannelRead(ByteToMessageDecoder.java:323)
	io.netty.handler.codec.ByteToMessageDecoder.fireChannelRead(ByteToMessageDecoder.java:310)
	io.netty.handler.codec.ByteToMessageDecoder.callDecode(ByteToMessageDecoder.java:426)
	io.netty.handler.codec.ByteToMessageDecoder.channelRead(ByteToMessageDecoder.java:278)
	io.netty.channel.CombinedChannelDuplexHandler.channelRead(CombinedChannelDuplexHandler.java:253)
	io.netty.channel.AbstractChannelHandlerContext.invokeChannelRead(AbstractChannelHandlerContext.java:374)
	io.netty.channel.AbstractChannelHandlerContext.invokeChannelRead(AbstractChannelHandlerContext.java:360)
	io.netty.channel.AbstractChannelHandlerContext.fireChannelRead(AbstractChannelHandlerContext.java:352)
	io.netty.channel.DefaultChannelPipeline$HeadContext.channelRead(DefaultChannelPipeline.java:1408)
	io.netty.channel.AbstractChannelHandlerContext.invokeChannelRead(AbstractChannelHandlerContext.java:374)
	io.netty.channel.AbstractChannelHandlerContext.invokeChannelRead(AbstractChannelHandlerContext.java:360)
	io.netty.channel.DefaultChannelPipeline.fireChannelRead(DefaultChannelPipeline.java:930)
	io.netty.channel.nio.AbstractNioByteChannel$NioByteUnsafe.read(AbstractNioByteChannel.java:163)
	io.netty.channel.nio.NioEventLoop.processSelectedKey(NioEventLoop.java:682)
	io.netty.channel.nio.NioEventLoop.processSelectedKeysOptimized(NioEventLoop.java:617)
	io.netty.channel.nio.NioEventLoop.processSelectedKeys(NioEventLoop.java:534)
	io.netty.channel.nio.NioEventLoop.run(NioEventLoop.java:496)
	io.netty.util.concurrent.SingleThreadEventExecutor$5.run(SingleThreadEventExecutor.java:906)
	io.netty.util.internal.ThreadExecutorMap$2.run(ThreadExecutorMap.java:74)
	io.netty.util.concurrent.FastThreadLocalRunnable.run(FastThreadLocalRunnable.java:30)
	java.lang.Thread.run(Thread.java:748)
#5:
	Hint: 'reactor.right.reactiveBridge' will handle the message from this point.
	io.netty.handler.codec.http.DefaultHttpContent.touch(DefaultHttpContent.java:88)
	io.netty.handler.codec.http.DefaultHttpContent.touch(DefaultHttpContent.java:24)
	io.netty.channel.DefaultChannelPipeline.touch(DefaultChannelPipeline.java:116)
	io.netty.channel.AbstractChannelHandlerContext.invokeChannelRead(AbstractChannelHandlerContext.java:357)
	io.netty.channel.AbstractChannelHandlerContext.fireChannelRead(AbstractChannelHandlerContext.java:352)
	reactor.netty.http.server.HttpTrafficHandler.channelRead(HttpTrafficHandler.java:190)
	io.netty.channel.AbstractChannelHandlerContext.invokeChannelRead(AbstractChannelHandlerContext.java:374)
	io.netty.channel.AbstractChannelHandlerContext.invokeChannelRead(AbstractChannelHandlerContext.java:360)
	io.netty.channel.AbstractChannelHandlerContext.fireChannelRead(AbstractChannelHandlerContext.java:352)
	io.netty.channel.CombinedChannelDuplexHandler$DelegatingChannelHandlerContext.fireChannelRead(CombinedChannelDuplexHandler.java:438)
	io.netty.handler.codec.ByteToMessageDecoder.fireChannelRead(ByteToMessageDecoder.java:323)
	io.netty.handler.codec.ByteToMessageDecoder.fireChannelRead(ByteToMessageDecoder.java:310)
	io.netty.handler.codec.ByteToMessageDecoder.callDecode(ByteToMessageDecoder.java:426)
	io.netty.handler.codec.ByteToMessageDecoder.channelRead(ByteToMessageDecoder.java:278)
	io.netty.channel.CombinedChannelDuplexHandler.channelRead(CombinedChannelDuplexHandler.java:253)
	io.netty.channel.AbstractChannelHandlerContext.invokeChannelRead(AbstractChannelHandlerContext.java:374)
	io.netty.channel.AbstractChannelHandlerContext.invokeChannelRead(AbstractChannelHandlerContext.java:360)
	io.netty.channel.AbstractChannelHandlerContext.fireChannelRead(AbstractChannelHandlerContext.java:352)
	io.netty.channel.DefaultChannelPipeline$HeadContext.channelRead(DefaultChannelPipeline.java:1408)
	io.netty.channel.AbstractChannelHandlerContext.invokeChannelRead(AbstractChannelHandlerContext.java:374)
	io.netty.channel.AbstractChannelHandlerContext.invokeChannelRead(AbstractChannelHandlerContext.java:360)
	io.netty.channel.DefaultChannelPipeline.fireChannelRead(DefaultChannelPipeline.java:930)
	io.netty.channel.nio.AbstractNioByteChannel$NioByteUnsafe.read(AbstractNioByteChannel.java:163)
	io.netty.channel.nio.NioEventLoop.processSelectedKey(NioEventLoop.java:682)
	io.netty.channel.nio.NioEventLoop.processSelectedKeysOptimized(NioEventLoop.java:617)
	io.netty.channel.nio.NioEventLoop.processSelectedKeys(NioEventLoop.java:534)
	io.netty.channel.nio.NioEventLoop.run(NioEventLoop.java:496)
	io.netty.util.concurrent.SingleThreadEventExecutor$5.run(SingleThreadEventExecutor.java:906)
	io.netty.util.internal.ThreadExecutorMap$2.run(ThreadExecutorMap.java:74)
	io.netty.util.concurrent.FastThreadLocalRunnable.run(FastThreadLocalRunnable.java:30)
	java.lang.Thread.run(Thread.java:748)
#6:
	Hint: 'reactor.left.httpTrafficHandler' will handle the message from this point.
	io.netty.handler.codec.http.DefaultHttpContent.touch(DefaultHttpContent.java:88)
	io.netty.handler.codec.http.DefaultHttpContent.touch(DefaultHttpContent.java:24)
	io.netty.channel.DefaultChannelPipeline.touch(DefaultChannelPipeline.java:116)
	io.netty.channel.AbstractChannelHandlerContext.invokeChannelRead(AbstractChannelHandlerContext.java:357)
	io.netty.channel.AbstractChannelHandlerContext.fireChannelRead(AbstractChannelHandlerContext.java:352)
	io.netty.channel.CombinedChannelDuplexHandler$DelegatingChannelHandlerContext.fireChannelRead(CombinedChannelDuplexHandler.java:438)
	io.netty.handler.codec.ByteToMessageDecoder.fireChannelRead(ByteToMessageDecoder.java:323)
	io.netty.handler.codec.ByteToMessageDecoder.fireChannelRead(ByteToMessageDecoder.java:310)
	io.netty.handler.codec.ByteToMessageDecoder.callDecode(ByteToMessageDecoder.java:426)
	io.netty.handler.codec.ByteToMessageDecoder.channelRead(ByteToMessageDecoder.java:278)
	io.netty.channel.CombinedChannelDuplexHandler.channelRead(CombinedChannelDuplexHandler.java:253)
	io.netty.channel.AbstractChannelHandlerContext.invokeChannelRead(AbstractChannelHandlerContext.java:374)
	io.netty.channel.AbstractChannelHandlerContext.invokeChannelRead(AbstractChannelHandlerContext.java:360)
	io.netty.channel.AbstractChannelHandlerContext.fireChannelRead(AbstractChannelHandlerContext.java:352)
	io.netty.channel.DefaultChannelPipeline$HeadContext.channelRead(DefaultChannelPipeline.java:1408)
	io.netty.channel.AbstractChannelHandlerContext.invokeChannelRead(AbstractChannelHandlerContext.java:374)
	io.netty.channel.AbstractChannelHandlerContext.invokeChannelRead(AbstractChannelHandlerContext.java:360)
	io.netty.channel.DefaultChannelPipeline.fireChannelRead(DefaultChannelPipeline.java:930)
	io.netty.channel.nio.AbstractNioByteChannel$NioByteUnsafe.read(AbstractNioByteChannel.java:163)
	io.netty.channel.nio.NioEventLoop.processSelectedKey(NioEventLoop.java:682)
	io.netty.channel.nio.NioEventLoop.processSelectedKeysOptimized(NioEventLoop.java:617)
	io.netty.channel.nio.NioEventLoop.processSelectedKeys(NioEventLoop.java:534)
	io.netty.channel.nio.NioEventLoop.run(NioEventLoop.java:496)
	io.netty.util.concurrent.SingleThreadEventExecutor$5.run(SingleThreadEventExecutor.java:906)
	io.netty.util.internal.ThreadExecutorMap$2.run(ThreadExecutorMap.java:74)
	io.netty.util.concurrent.FastThreadLocalRunnable.run(FastThreadLocalRunnable.java:30)
	java.lang.Thread.run(Thread.java:748)
Created at:
	io.netty.buffer.SimpleLeakAwareByteBuf.unwrappedDerived(SimpleLeakAwareByteBuf.java:143)
	io.netty.buffer.SimpleLeakAwareByteBuf.readRetainedSlice(SimpleLeakAwareByteBuf.java:67)
	io.netty.buffer.AdvancedLeakAwareByteBuf.readRetainedSlice(AdvancedLeakAwareByteBuf.java:107)
	io.netty.handler.codec.http.HttpObjectDecoder.decode(HttpObjectDecoder.java:336)
	io.netty.handler.codec.http.HttpServerCodec$HttpServerRequestDecoder.decode(HttpServerCodec.java:103)
	io.netty.handler.codec.ByteToMessageDecoder.decodeRemovalReentryProtection(ByteToMessageDecoder.java:502)
	io.netty.handler.codec.ByteToMessageDecoder.callDecode(ByteToMessageDecoder.java:441)
	io.netty.handler.codec.ByteToMessageDecoder.channelRead(ByteToMessageDecoder.java:278)
	io.netty.channel.CombinedChannelDuplexHandler.channelRead(CombinedChannelDuplexHandler.java:253)
	io.netty.channel.AbstractChannelHandlerContext.invokeChannelRead(AbstractChannelHandlerContext.java:374)
	io.netty.channel.AbstractChannelHandlerContext.invokeChannelRead(AbstractChannelHandlerContext.java:360)
	io.netty.channel.AbstractChannelHandlerContext.fireChannelRead(AbstractChannelHandlerContext.java:352)
	io.netty.channel.DefaultChannelPipeline$HeadContext.channelRead(DefaultChannelPipeline.java:1408)
	io.netty.channel.AbstractChannelHandlerContext.invokeChannelRead(AbstractChannelHandlerContext.java:374)
	io.netty.channel.AbstractChannelHandlerContext.invokeChannelRead(AbstractChannelHandlerContext.java:360)
	io.netty.channel.DefaultChannelPipeline.fireChannelRead(DefaultChannelPipeline.java:930)
	io.netty.channel.nio.AbstractNioByteChannel$NioByteUnsafe.read(AbstractNioByteChannel.java:163)
	io.netty.channel.nio.NioEventLoop.processSelectedKey(NioEventLoop.java:682)
	io.netty.channel.nio.NioEventLoop.processSelectedKeysOptimized(NioEventLoop.java:617)
	io.netty.channel.nio.NioEventLoop.processSelectedKeys(NioEventLoop.java:534)
	io.netty.channel.nio.NioEventLoop.run(NioEventLoop.java:496)
	io.netty.util.concurrent.SingleThreadEventExecutor$5.run(SingleThreadEventExecutor.java:906)
	io.netty.util.internal.ThreadExecutorMap$2.run(ThreadExecutorMap.java:74)
	io.netty.util.concurrent.FastThreadLocalRunnable.run(FastThreadLocalRunnable.java:30)
	java.lang.Thread.run(Thread.java:748)
: 12 leak records were discarded because they were duplicates
: 4086 leak records were discarded because the leak record count is targeted to 4. Use system property io.netty.leakDetection.targetRecords to increase the limit.
22:42:59.984 [reactor-http-nio-14] ERROR i.n.u.ResourceLeakDetector - LEAK: ByteBuf.release() was not called before it's garbage-collected. See http://netty.io/wiki/reference-counted-objects.html for more information.
Recent access records: 
#1:
	io.netty.buffer.AdvancedLeakAwareByteBuf.order(AdvancedLeakAwareByteBuf.java:70)
	io.netty.buffer.CompositeByteBuf.newComponent(CompositeByteBuf.java:318)
	io.netty.buffer.CompositeByteBuf.addComponent0(CompositeByteBuf.java:280)
	io.netty.buffer.CompositeByteBuf.addComponent(CompositeByteBuf.java:265)
	io.netty.buffer.CompositeByteBuf.addComponent(CompositeByteBuf.java:222)
	io.netty.buffer.WrappedCompositeByteBuf.addComponent(WrappedCompositeByteBuf.java:529)
	io.netty.buffer.AdvancedLeakAwareCompositeByteBuf.addComponent(AdvancedLeakAwareCompositeByteBuf.java:921)
	org.springframework.core.io.buffer.NettyDataBufferFactory.join(NettyDataBufferFactory.java:111)
	org.springframework.core.io.buffer.DataBufferUtils.joinAndStrip(DataBufferUtils.java:686)
	org.springframework.core.io.buffer.DataBufferUtils.lambda$split$20(DataBufferUtils.java:605)
	reactor.core.publisher.FluxMap$MapConditionalSubscriber.onNext(FluxMap.java:199)
	reactor.core.publisher.FluxBufferPredicate$BufferPredicateSubscriber.emit(FluxBufferPredicate.java:290)
	reactor.core.publisher.FluxBufferPredicate$BufferPredicateSubscriber.onNextNewBuffer(FluxBufferPredicate.java:257)
	reactor.core.publisher.FluxBufferPredicate$BufferPredicateSubscriber.tryOnNext(FluxBufferPredicate.java:211)
	reactor.core.publisher.FluxBufferPredicate$BufferPredicateSubscriber.onNext(FluxBufferPredicate.java:184)
	reactor.core.publisher.FluxFlatMap$FlatMapMain.drainLoop(FluxFlatMap.java:664)
	reactor.core.publisher.FluxFlatMap$FlatMapMain.drain(FluxFlatMap.java:540)
	reactor.core.publisher.FluxFlatMap$FlatMapInner.onSubscribe(FluxFlatMap.java:924)
	reactor.core.publisher.FluxIterable.subscribe(FluxIterable.java:139)
	reactor.core.publisher.FluxIterable.subscribe(FluxIterable.java:63)
	reactor.core.publisher.Flux.subscribe(Flux.java:7922)
	reactor.core.publisher.FluxFlatMap$FlatMapMain.onNext(FluxFlatMap.java:389)
	reactor.core.publisher.FluxConcatMap$ConcatMapImmediate.innerNext(FluxConcatMap.java:275)
	reactor.core.publisher.FluxConcatMap$ConcatMapInner.onNext(FluxConcatMap.java:849)
	reactor.core.publisher.FluxConcatMap$WeakScalarSubscription.request(FluxConcatMap.java:470)
	reactor.core.publisher.Operators$MultiSubscriptionSubscriber.set(Operators.java:1939)
	reactor.core.publisher.FluxConcatMap$ConcatMapImmediate.drain(FluxConcatMap.java:436)
	reactor.core.publisher.FluxConcatMap$ConcatMapImmediate.onNext(FluxConcatMap.java:244)
	reactor.core.publisher.FluxMap$MapSubscriber.onNext(FluxMap.java:114)
	reactor.core.publisher.FluxPeek$PeekSubscriber.onNext(FluxPeek.java:192)
	reactor.core.publisher.FluxMap$MapSubscriber.onNext(FluxMap.java:114)
	reactor.netty.channel.FluxReceive.drainReceiver(FluxReceive.java:206)
	reactor.netty.channel.FluxReceive.onInboundNext(FluxReceive.java:322)
	reactor.netty.channel.ChannelOperations.onInboundNext(ChannelOperations.java:335)
	reactor.netty.http.server.HttpServerOperations.onInboundNext(HttpServerOperations.java:456)
	reactor.netty.channel.ChannelOperationsHandler.channelRead(ChannelOperationsHandler.java:91)
	io.netty.channel.AbstractChannelHandlerContext.invokeChannelRead(AbstractChannelHandlerContext.java:374)
	io.netty.channel.AbstractChannelHandlerContext.invokeChannelRead(AbstractChannelHandlerContext.java:360)
	io.netty.channel.AbstractChannelHandlerContext.fireChannelRead(AbstractChannelHandlerContext.java:352)
	reactor.netty.http.server.HttpTrafficHandler.channelRead(HttpTrafficHandler.java:190)
	io.netty.channel.AbstractChannelHandlerContext.invokeChannelRead(AbstractChannelHandlerContext.java:374)
	io.netty.channel.AbstractChannelHandlerContext.invokeChannelRead(AbstractChannelHandlerContext.java:360)
	io.netty.channel.AbstractChannelHandlerContext.fireChannelRead(AbstractChannelHandlerContext.java:352)
	io.netty.channel.CombinedChannelDuplexHandler$DelegatingChannelHandlerContext.fireChannelRead(CombinedChannelDuplexHandler.java:438)
	io.netty.handler.codec.ByteToMessageDecoder.fireChannelRead(ByteToMessageDecoder.java:323)
	io.netty.handler.codec.ByteToMessageDecoder.fireChannelRead(ByteToMessageDecoder.java:310)
	io.netty.handler.codec.ByteToMessageDecoder.callDecode(ByteToMessageDecoder.java:426)
	io.netty.handler.codec.ByteToMessageDecoder.channelRead(ByteToMessageDecoder.java:278)
	io.netty.channel.CombinedChannelDuplexHandler.channelRead(CombinedChannelDuplexHandler.java:253)
	io.netty.channel.AbstractChannelHandlerContext.invokeChannelRead(AbstractChannelHandlerContext.java:374)
	io.netty.channel.AbstractChannelHandlerContext.invokeChannelRead(AbstractChannelHandlerContext.java:360)
	io.netty.channel.AbstractChannelHandlerContext.fireChannelRead(AbstractChannelHandlerContext.java:352)
	io.netty.channel.DefaultChannelPipeline$HeadContext.channelRead(DefaultChannelPipeline.java:1408)
	io.netty.channel.AbstractChannelHandlerContext.invokeChannelRead(AbstractChannelHandlerContext.java:374)
	io.netty.channel.AbstractChannelHandlerContext.invokeChannelRead(AbstractChannelHandlerContext.java:360)
	io.netty.channel.DefaultChannelPipeline.fireChannelRead(DefaultChannelPipeline.java:930)
	io.netty.channel.nio.AbstractNioByteChannel$NioByteUnsafe.read(AbstractNioByteChannel.java:163)
	io.netty.channel.nio.NioEventLoop.processSelectedKey(NioEventLoop.java:682)
	io.netty.channel.nio.NioEventLoop.processSelectedKeysOptimized(NioEventLoop.java:617)
	io.netty.channel.nio.NioEventLoop.processSelectedKeys(NioEventLoop.java:534)
	io.netty.channel.nio.NioEventLoop.run(NioEventLoop.java:496)
	io.netty.util.concurrent.SingleThreadEventExecutor$5.run(SingleThreadEventExecutor.java:906)
	io.netty.util.internal.ThreadExecutorMap$2.run(ThreadExecutorMap.java:74)
	io.netty.util.concurrent.FastThreadLocalRunnable.run(FastThreadLocalRunnable.java:30)
	java.lang.Thread.run(Thread.java:748)
#2:
	io.netty.buffer.AdvancedLeakAwareByteBuf.getByte(AdvancedLeakAwareByteBuf.java:154)
	org.springframework.core.io.buffer.NettyDataBuffer.getByte(NettyDataBuffer.java:132)
	org.springframework.core.io.buffer.DataBufferUtils$KnuthMorrisPrattMatcher.match(DataBufferUtils.java:1005)
	org.springframework.core.io.buffer.DataBufferUtils.endFrameAfterDelimiter(DataBufferUtils.java:634)
	org.springframework.core.io.buffer.DataBufferUtils.lambda$split$18(DataBufferUtils.java:603)
	reactor.core.publisher.FluxFlatMap$FlatMapMain.onNext(FluxFlatMap.java:350)
	reactor.core.publisher.FluxConcatMap$ConcatMapImmediate.innerNext(FluxConcatMap.java:275)
	reactor.core.publisher.FluxConcatMap$ConcatMapInner.onNext(FluxConcatMap.java:849)
	reactor.core.publisher.FluxConcatMap$WeakScalarSubscription.request(FluxConcatMap.java:470)
	reactor.core.publisher.Operators$MultiSubscriptionSubscriber.set(Operators.java:1939)
	reactor.core.publisher.FluxConcatMap$ConcatMapImmediate.drain(FluxConcatMap.java:436)
	reactor.core.publisher.FluxConcatMap$ConcatMapImmediate.onNext(FluxConcatMap.java:244)
	reactor.core.publisher.FluxMap$MapSubscriber.onNext(FluxMap.java:114)
	reactor.core.publisher.FluxPeek$PeekSubscriber.onNext(FluxPeek.java:192)
	reactor.core.publisher.FluxMap$MapSubscriber.onNext(FluxMap.java:114)
	reactor.netty.channel.FluxReceive.drainReceiver(FluxReceive.java:206)
	reactor.netty.channel.FluxReceive.onInboundNext(FluxReceive.java:322)
	reactor.netty.channel.ChannelOperations.onInboundNext(ChannelOperations.java:335)
	reactor.netty.http.server.HttpServerOperations.onInboundNext(HttpServerOperations.java:456)
	reactor.netty.channel.ChannelOperationsHandler.channelRead(ChannelOperationsHandler.java:91)
	io.netty.channel.AbstractChannelHandlerContext.invokeChannelRead(AbstractChannelHandlerContext.java:374)
	io.netty.channel.AbstractChannelHandlerContext.invokeChannelRead(AbstractChannelHandlerContext.java:360)
	io.netty.channel.AbstractChannelHandlerContext.fireChannelRead(AbstractChannelHandlerContext.java:352)
	reactor.netty.http.server.HttpTrafficHandler.channelRead(HttpTrafficHandler.java:190)
	io.netty.channel.AbstractChannelHandlerContext.invokeChannelRead(AbstractChannelHandlerContext.java:374)
	io.netty.channel.AbstractChannelHandlerContext.invokeChannelRead(AbstractChannelHandlerContext.java:360)
	io.netty.channel.AbstractChannelHandlerContext.fireChannelRead(AbstractChannelHandlerContext.java:352)
	io.netty.channel.CombinedChannelDuplexHandler$DelegatingChannelHandlerContext.fireChannelRead(CombinedChannelDuplexHandler.java:438)
	io.netty.handler.codec.ByteToMessageDecoder.fireChannelRead(ByteToMessageDecoder.java:323)
	io.netty.handler.codec.ByteToMessageDecoder.fireChannelRead(ByteToMessageDecoder.java:310)
	io.netty.handler.codec.ByteToMessageDecoder.callDecode(ByteToMessageDecoder.java:426)
	io.netty.handler.codec.ByteToMessageDecoder.channelRead(ByteToMessageDecoder.java:278)
	io.netty.channel.CombinedChannelDuplexHandler.channelRead(CombinedChannelDuplexHandler.java:253)
	io.netty.channel.AbstractChannelHandlerContext.invokeChannelRead(AbstractChannelHandlerContext.java:374)
	io.netty.channel.AbstractChannelHandlerContext.invokeChannelRead(AbstractChannelHandlerContext.java:360)
	io.netty.channel.AbstractChannelHandlerContext.fireChannelRead(AbstractChannelHandlerContext.java:352)
	io.netty.channel.DefaultChannelPipeline$HeadContext.channelRead(DefaultChannelPipeline.java:1408)
	io.netty.channel.AbstractChannelHandlerContext.invokeChannelRead(AbstractChannelHandlerContext.java:374)
	io.netty.channel.AbstractChannelHandlerContext.invokeChannelRead(AbstractChannelHandlerContext.java:360)
	io.netty.channel.DefaultChannelPipeline.fireChannelRead(DefaultChannelPipeline.java:930)
	io.netty.channel.nio.AbstractNioByteChannel$NioByteUnsafe.read(AbstractNioByteChannel.java:163)
	io.netty.channel.nio.NioEventLoop.processSelectedKey(NioEventLoop.java:682)
	io.netty.channel.nio.NioEventLoop.processSelectedKeysOptimized(NioEventLoop.java:617)
	io.netty.channel.nio.NioEventLoop.processSelectedKeys(NioEventLoop.java:534)
	io.netty.channel.nio.NioEventLoop.run(NioEventLoop.java:496)
	io.netty.util.concurrent.SingleThreadEventExecutor$5.run(SingleThreadEventExecutor.java:906)
	io.netty.util.internal.ThreadExecutorMap$2.run(ThreadExecutorMap.java:74)
	io.netty.util.concurrent.FastThreadLocalRunnable.run(FastThreadLocalRunnable.java:30)
	java.lang.Thread.run(Thread.java:748)
#3:
	reactor.core.publisher.FluxPeek$PeekSubscriber.onNext(FluxPeek.java:177)
	reactor.core.publisher.FluxMap$MapSubscriber.onNext(FluxMap.java:114)
	reactor.netty.channel.FluxReceive.drainReceiver(FluxReceive.java:206)
	reactor.netty.channel.FluxReceive.onInboundNext(FluxReceive.java:322)
	reactor.netty.channel.ChannelOperations.onInboundNext(ChannelOperations.java:335)
	reactor.netty.http.server.HttpServerOperations.onInboundNext(HttpServerOperations.java:456)
	reactor.netty.channel.ChannelOperationsHandler.channelRead(ChannelOperationsHandler.java:91)
	io.netty.channel.AbstractChannelHandlerContext.invokeChannelRead(AbstractChannelHandlerContext.java:374)
	io.netty.channel.AbstractChannelHandlerContext.invokeChannelRead(AbstractChannelHandlerContext.java:360)
	io.netty.channel.AbstractChannelHandlerContext.fireChannelRead(AbstractChannelHandlerContext.java:352)
	reactor.netty.http.server.HttpTrafficHandler.channelRead(HttpTrafficHandler.java:190)
	io.netty.channel.AbstractChannelHandlerContext.invokeChannelRead(AbstractChannelHandlerContext.java:374)
	io.netty.channel.AbstractChannelHandlerContext.invokeChannelRead(AbstractChannelHandlerContext.java:360)
	io.netty.channel.AbstractChannelHandlerContext.fireChannelRead(AbstractChannelHandlerContext.java:352)
	io.netty.channel.CombinedChannelDuplexHandler$DelegatingChannelHandlerContext.fireChannelRead(CombinedChannelDuplexHandler.java:438)
	io.netty.handler.codec.ByteToMessageDecoder.fireChannelRead(ByteToMessageDecoder.java:323)
	io.netty.handler.codec.ByteToMessageDecoder.fireChannelRead(ByteToMessageDecoder.java:310)
	io.netty.handler.codec.ByteToMessageDecoder.callDecode(ByteToMessageDecoder.java:426)
	io.netty.handler.codec.ByteToMessageDecoder.channelRead(ByteToMessageDecoder.java:278)
	io.netty.channel.CombinedChannelDuplexHandler.channelRead(CombinedChannelDuplexHandler.java:253)
	io.netty.channel.AbstractChannelHandlerContext.invokeChannelRead(AbstractChannelHandlerContext.java:374)
	io.netty.channel.AbstractChannelHandlerContext.invokeChannelRead(AbstractChannelHandlerContext.java:360)
	io.netty.channel.AbstractChannelHandlerContext.fireChannelRead(AbstractChannelHandlerContext.java:352)
	io.netty.channel.DefaultChannelPipeline$HeadContext.channelRead(DefaultChannelPipeline.java:1408)
	io.netty.channel.AbstractChannelHandlerContext.invokeChannelRead(AbstractChannelHandlerContext.java:374)
	io.netty.channel.AbstractChannelHandlerContext.invokeChannelRead(AbstractChannelHandlerContext.java:360)
	io.netty.channel.DefaultChannelPipeline.fireChannelRead(DefaultChannelPipeline.java:930)
	io.netty.channel.nio.AbstractNioByteChannel$NioByteUnsafe.read(AbstractNioByteChannel.java:163)
	io.netty.channel.nio.NioEventLoop.processSelectedKey(NioEventLoop.java:682)
	io.netty.channel.nio.NioEventLoop.processSelectedKeysOptimized(NioEventLoop.java:617)
	io.netty.channel.nio.NioEventLoop.processSelectedKeys(NioEventLoop.java:534)
	io.netty.channel.nio.NioEventLoop.run(NioEventLoop.java:496)
	io.netty.util.concurrent.SingleThreadEventExecutor$5.run(SingleThreadEventExecutor.java:906)
	io.netty.util.internal.ThreadExecutorMap$2.run(ThreadExecutorMap.java:74)
	io.netty.util.concurrent.FastThreadLocalRunnable.run(FastThreadLocalRunnable.java:30)
	java.lang.Thread.run(Thread.java:748)
#4:
	Hint: 'reactor.right.reactiveBridge' will handle the message from this point.
	io.netty.handler.codec.http.DefaultHttpContent.touch(DefaultHttpContent.java:88)
	io.netty.handler.codec.http.DefaultHttpContent.touch(DefaultHttpContent.java:24)
	io.netty.channel.DefaultChannelPipeline.touch(DefaultChannelPipeline.java:116)
	io.netty.channel.AbstractChannelHandlerContext.invokeChannelRead(AbstractChannelHandlerContext.java:357)
	io.netty.channel.AbstractChannelHandlerContext.fireChannelRead(AbstractChannelHandlerContext.java:352)
	reactor.netty.http.server.HttpTrafficHandler.channelRead(HttpTrafficHandler.java:190)
	io.netty.channel.AbstractChannelHandlerContext.invokeChannelRead(AbstractChannelHandlerContext.java:374)
	io.netty.channel.AbstractChannelHandlerContext.invokeChannelRead(AbstractChannelHandlerContext.java:360)
	io.netty.channel.AbstractChannelHandlerContext.fireChannelRead(AbstractChannelHandlerContext.java:352)
	io.netty.channel.CombinedChannelDuplexHandler$DelegatingChannelHandlerContext.fireChannelRead(CombinedChannelDuplexHandler.java:438)
	io.netty.handler.codec.ByteToMessageDecoder.fireChannelRead(ByteToMessageDecoder.java:323)
	io.netty.handler.codec.ByteToMessageDecoder.fireChannelRead(ByteToMessageDecoder.java:310)
	io.netty.handler.codec.ByteToMessageDecoder.callDecode(ByteToMessageDecoder.java:426)
	io.netty.handler.codec.ByteToMessageDecoder.channelRead(ByteToMessageDecoder.java:278)
	io.netty.channel.CombinedChannelDuplexHandler.channelRead(CombinedChannelDuplexHandler.java:253)
	io.netty.channel.AbstractChannelHandlerContext.invokeChannelRead(AbstractChannelHandlerContext.java:374)
	io.netty.channel.AbstractChannelHandlerContext.invokeChannelRead(AbstractChannelHandlerContext.java:360)
	io.netty.channel.AbstractChannelHandlerContext.fireChannelRead(AbstractChannelHandlerContext.java:352)
	io.netty.channel.DefaultChannelPipeline$HeadContext.channelRead(DefaultChannelPipeline.java:1408)
	io.netty.channel.AbstractChannelHandlerContext.invokeChannelRead(AbstractChannelHandlerContext.java:374)
	io.netty.channel.AbstractChannelHandlerContext.invokeChannelRead(AbstractChannelHandlerContext.java:360)
	io.netty.channel.DefaultChannelPipeline.fireChannelRead(DefaultChannelPipeline.java:930)
	io.netty.channel.nio.AbstractNioByteChannel$NioByteUnsafe.read(AbstractNioByteChannel.java:163)
	io.netty.channel.nio.NioEventLoop.processSelectedKey(NioEventLoop.java:682)
	io.netty.channel.nio.NioEventLoop.processSelectedKeysOptimized(NioEventLoop.java:617)
	io.netty.channel.nio.NioEventLoop.processSelectedKeys(NioEventLoop.java:534)
	io.netty.channel.nio.NioEventLoop.run(NioEventLoop.java:496)
	io.netty.util.concurrent.SingleThreadEventExecutor$5.run(SingleThreadEventExecutor.java:906)
	io.netty.util.internal.ThreadExecutorMap$2.run(ThreadExecutorMap.java:74)
	io.netty.util.concurrent.FastThreadLocalRunnable.run(FastThreadLocalRunnable.java:30)
	java.lang.Thread.run(Thread.java:748)
#5:
	Hint: 'reactor.left.httpTrafficHandler' will handle the message from this point.
	io.netty.handler.codec.http.DefaultHttpContent.touch(DefaultHttpContent.java:88)
	io.netty.handler.codec.http.DefaultHttpContent.touch(DefaultHttpContent.java:24)
	io.netty.channel.DefaultChannelPipeline.touch(DefaultChannelPipeline.java:116)
	io.netty.channel.AbstractChannelHandlerContext.invokeChannelRead(AbstractChannelHandlerContext.java:357)
	io.netty.channel.AbstractChannelHandlerContext.fireChannelRead(AbstractChannelHandlerContext.java:352)
	io.netty.channel.CombinedChannelDuplexHandler$DelegatingChannelHandlerContext.fireChannelRead(CombinedChannelDuplexHandler.java:438)
	io.netty.handler.codec.ByteToMessageDecoder.fireChannelRead(ByteToMessageDecoder.java:323)
	io.netty.handler.codec.ByteToMessageDecoder.fireChannelRead(ByteToMessageDecoder.java:310)
	io.netty.handler.codec.ByteToMessageDecoder.callDecode(ByteToMessageDecoder.java:426)
	io.netty.handler.codec.ByteToMessageDecoder.channelRead(ByteToMessageDecoder.java:278)
	io.netty.channel.CombinedChannelDuplexHandler.channelRead(CombinedChannelDuplexHandler.java:253)
	io.netty.channel.AbstractChannelHandlerContext.invokeChannelRead(AbstractChannelHandlerContext.java:374)
	io.netty.channel.AbstractChannelHandlerContext.invokeChannelRead(AbstractChannelHandlerContext.java:360)
	io.netty.channel.AbstractChannelHandlerContext.fireChannelRead(AbstractChannelHandlerContext.java:352)
	io.netty.channel.DefaultChannelPipeline$HeadContext.channelRead(DefaultChannelPipeline.java:1408)
	io.netty.channel.AbstractChannelHandlerContext.invokeChannelRead(AbstractChannelHandlerContext.java:374)
	io.netty.channel.AbstractChannelHandlerContext.invokeChannelRead(AbstractChannelHandlerContext.java:360)
	io.netty.channel.DefaultChannelPipeline.fireChannelRead(DefaultChannelPipeline.java:930)
	io.netty.channel.nio.AbstractNioByteChannel$NioByteUnsafe.read(AbstractNioByteChannel.java:163)
	io.netty.channel.nio.NioEventLoop.processSelectedKey(NioEventLoop.java:682)
	io.netty.channel.nio.NioEventLoop.processSelectedKeysOptimized(NioEventLoop.java:617)
	io.netty.channel.nio.NioEventLoop.processSelectedKeys(NioEventLoop.java:534)
	io.netty.channel.nio.NioEventLoop.run(NioEventLoop.java:496)
	io.netty.util.concurrent.SingleThreadEventExecutor$5.run(SingleThreadEventExecutor.java:906)
	io.netty.util.internal.ThreadExecutorMap$2.run(ThreadExecutorMap.java:74)
	io.netty.util.concurrent.FastThreadLocalRunnable.run(FastThreadLocalRunnable.java:30)
	java.lang.Thread.run(Thread.java:748)
Created at:
	io.netty.buffer.SimpleLeakAwareByteBuf.unwrappedDerived(SimpleLeakAwareByteBuf.java:143)
	io.netty.buffer.SimpleLeakAwareByteBuf.readRetainedSlice(SimpleLeakAwareByteBuf.java:67)
	io.netty.buffer.AdvancedLeakAwareByteBuf.readRetainedSlice(AdvancedLeakAwareByteBuf.java:107)
	io.netty.handler.codec.http.HttpObjectDecoder.decode(HttpObjectDecoder.java:336)
	io.netty.handler.codec.http.HttpServerCodec$HttpServerRequestDecoder.decode(HttpServerCodec.java:103)
	io.netty.handler.codec.ByteToMessageDecoder.decodeRemovalReentryProtection(ByteToMessageDecoder.java:502)
	io.netty.handler.codec.ByteToMessageDecoder.callDecode(ByteToMessageDecoder.java:441)
	io.netty.handler.codec.ByteToMessageDecoder.channelRead(ByteToMessageDecoder.java:278)
	io.netty.channel.CombinedChannelDuplexHandler.channelRead(CombinedChannelDuplexHandler.java:253)
	io.netty.channel.AbstractChannelHandlerContext.invokeChannelRead(AbstractChannelHandlerContext.java:374)
	io.netty.channel.AbstractChannelHandlerContext.invokeChannelRead(AbstractChannelHandlerContext.java:360)
	io.netty.channel.AbstractChannelHandlerContext.fireChannelRead(AbstractChannelHandlerContext.java:352)
	io.netty.channel.DefaultChannelPipeline$HeadContext.channelRead(DefaultChannelPipeline.java:1408)
	io.netty.channel.AbstractChannelHandlerContext.invokeChannelRead(AbstractChannelHandlerContext.java:374)
	io.netty.channel.AbstractChannelHandlerContext.invokeChannelRead(AbstractChannelHandlerContext.java:360)
	io.netty.channel.DefaultChannelPipeline.fireChannelRead(DefaultChannelPipeline.java:930)
	io.netty.channel.nio.AbstractNioByteChannel$NioByteUnsafe.read(AbstractNioByteChannel.java:163)
	io.netty.channel.nio.NioEventLoop.processSelectedKey(NioEventLoop.java:682)
	io.netty.channel.nio.NioEventLoop.processSelectedKeysOptimized(NioEventLoop.java:617)
	io.netty.channel.nio.NioEventLoop.processSelectedKeys(NioEventLoop.java:534)
	io.netty.channel.nio.NioEventLoop.run(NioEventLoop.java:496)
	io.netty.util.concurrent.SingleThreadEventExecutor$5.run(SingleThreadEventExecutor.java:906)
	io.netty.util.internal.ThreadExecutorMap$2.run(ThreadExecutorMap.java:74)
	io.netty.util.concurrent.FastThreadLocalRunnable.run(FastThreadLocalRunnable.java:30)
	java.lang.Thread.run(Thread.java:748)
: 2 leak records were discarded because they were duplicates
: 17 leak records were discarded because the leak record count is targeted to 4. Use system property io.netty.leakDetection.targetRecords to increase the limit.
22:42:59.985 [reactor-http-nio-14] ERROR i.n.u.ResourceLeakDetector - LEAK: ByteBuf.release() was not called before it's garbage-collected. See http://netty.io/wiki/reference-counted-objects.html for more information.
Recent access records: 
#1:
	io.netty.buffer.AdvancedLeakAwareByteBuf.getBytes(AdvancedLeakAwareByteBuf.java:250)
	io.netty.buffer.CompositeByteBuf.getBytes(CompositeByteBuf.java:1029)
	io.netty.buffer.CompositeByteBuf.getBytes(CompositeByteBuf.java:48)
	io.netty.buffer.AbstractUnpooledSlicedByteBuf.getBytes(AbstractUnpooledSlicedByteBuf.java:243)
	io.netty.buffer.AbstractByteBuf.readBytes(AbstractByteBuf.java:889)
	io.netty.buffer.AbstractByteBuf.readBytes(AbstractByteBuf.java:896)
	io.netty.buffer.WrappedByteBuf.readBytes(WrappedByteBuf.java:649)
	io.netty.buffer.AdvancedLeakAwareByteBuf.readBytes(AdvancedLeakAwareByteBuf.java:497)
	org.springframework.core.io.buffer.NettyDataBuffer.read(NettyDataBuffer.java:159)
	org.springframework.core.io.buffer.NettyDataBuffer.read(NettyDataBuffer.java:43)
	org.springframework.http.codec.multipart.DefaultMultipartMessageReader.toHeaders(DefaultMultipartMessageReader.java:229)
	org.springframework.http.codec.multipart.DefaultMultipartMessageReader.toPart(DefaultMultipartMessageReader.java:197)
	reactor.core.publisher.FluxMap$MapConditionalSubscriber.onNext(FluxMap.java:199)
	reactor.core.publisher.FluxTakeWhile$TakeWhileSubscriber.onNext(FluxTakeWhile.java:94)
	reactor.core.publisher.FluxContextStart$ContextStartSubscriber.onNext(FluxContextStart.java:103)
	reactor.core.publisher.FluxMap$MapConditionalSubscriber.onNext(FluxMap.java:213)
	reactor.core.publisher.FluxBufferPredicate$BufferPredicateSubscriber.emit(FluxBufferPredicate.java:290)
	reactor.core.publisher.FluxBufferPredicate$BufferPredicateSubscriber.onNextNewBuffer(FluxBufferPredicate.java:257)
	reactor.core.publisher.FluxBufferPredicate$BufferPredicateSubscriber.tryOnNext(FluxBufferPredicate.java:211)
	reactor.core.publisher.FluxBufferPredicate$BufferPredicateSubscriber.onNext(FluxBufferPredicate.java:184)
	reactor.core.publisher.FluxFlatMap$FlatMapMain.drainLoop(FluxFlatMap.java:664)
	reactor.core.publisher.FluxFlatMap$FlatMapMain.drain(FluxFlatMap.java:540)
	reactor.core.publisher.FluxFlatMap$FlatMapInner.onSubscribe(FluxFlatMap.java:924)
	reactor.core.publisher.FluxIterable.subscribe(FluxIterable.java:139)
	reactor.core.publisher.FluxIterable.subscribe(FluxIterable.java:63)
	reactor.core.publisher.Flux.subscribe(Flux.java:7922)
	reactor.core.publisher.FluxFlatMap$FlatMapMain.onNext(FluxFlatMap.java:389)
	reactor.core.publisher.FluxConcatMap$ConcatMapImmediate.innerNext(FluxConcatMap.java:275)
	reactor.core.publisher.FluxConcatMap$ConcatMapInner.onNext(FluxConcatMap.java:849)
	reactor.core.publisher.FluxConcatMap$WeakScalarSubscription.request(FluxConcatMap.java:470)
	reactor.core.publisher.Operators$MultiSubscriptionSubscriber.set(Operators.java:1939)
	reactor.core.publisher.FluxConcatMap$ConcatMapImmediate.drain(FluxConcatMap.java:436)
	reactor.core.publisher.FluxConcatMap$ConcatMapImmediate.onNext(FluxConcatMap.java:244)
	reactor.core.publisher.FluxMap$MapSubscriber.onNext(FluxMap.java:114)
	reactor.core.publisher.FluxPeek$PeekSubscriber.onNext(FluxPeek.java:192)
	reactor.core.publisher.FluxMap$MapSubscriber.onNext(FluxMap.java:114)
	reactor.netty.channel.FluxReceive.drainReceiver(FluxReceive.java:206)
	reactor.netty.channel.FluxReceive.onInboundNext(FluxReceive.java:322)
	reactor.netty.channel.ChannelOperations.onInboundNext(ChannelOperations.java:335)
	reactor.netty.http.server.HttpServerOperations.onInboundNext(HttpServerOperations.java:456)
	reactor.netty.channel.ChannelOperationsHandler.channelRead(ChannelOperationsHandler.java:91)
	io.netty.channel.AbstractChannelHandlerContext.invokeChannelRead(AbstractChannelHandlerContext.java:374)
	io.netty.channel.AbstractChannelHandlerContext.invokeChannelRead(AbstractChannelHandlerContext.java:360)
	io.netty.channel.AbstractChannelHandlerContext.fireChannelRead(AbstractChannelHandlerContext.java:352)
	reactor.netty.http.server.HttpTrafficHandler.channelRead(HttpTrafficHandler.java:190)
	io.netty.channel.AbstractChannelHandlerContext.invokeChannelRead(AbstractChannelHandlerContext.java:374)
	io.netty.channel.AbstractChannelHandlerContext.invokeChannelRead(AbstractChannelHandlerContext.java:360)
	io.netty.channel.AbstractChannelHandlerContext.fireChannelRead(AbstractChannelHandlerContext.java:352)
	io.netty.channel.CombinedChannelDuplexHandler$DelegatingChannelHandlerContext.fireChannelRead(CombinedChannelDuplexHandler.java:438)
	io.netty.handler.codec.ByteToMessageDecoder.fireChannelRead(ByteToMessageDecoder.java:323)
	io.netty.handler.codec.ByteToMessageDecoder.fireChannelRead(ByteToMessageDecoder.java:310)
	io.netty.handler.codec.ByteToMessageDecoder.callDecode(ByteToMessageDecoder.java:426)
	io.netty.handler.codec.ByteToMessageDecoder.channelRead(ByteToMessageDecoder.java:278)
	io.netty.channel.CombinedChannelDuplexHandler.channelRead(CombinedChannelDuplexHandler.java:253)
	io.netty.channel.AbstractChannelHandlerContext.invokeChannelRead(AbstractChannelHandlerContext.java:374)
	io.netty.channel.AbstractChannelHandlerContext.invokeChannelRead(AbstractChannelHandlerContext.java:360)
	io.netty.channel.AbstractChannelHandlerContext.fireChannelRead(AbstractChannelHandlerContext.java:352)
	io.netty.channel.DefaultChannelPipeline$HeadContext.channelRead(DefaultChannelPipeline.java:1408)
	io.netty.channel.AbstractChannelHandlerContext.invokeChannelRead(AbstractChannelHandlerContext.java:374)
	io.netty.channel.AbstractChannelHandlerContext.invokeChannelRead(AbstractChannelHandlerContext.java:360)
	io.netty.channel.DefaultChannelPipeline.fireChannelRead(DefaultChannelPipeline.java:930)
	io.netty.channel.nio.AbstractNioByteChannel$NioByteUnsafe.read(AbstractNioByteChannel.java:163)
	io.netty.channel.nio.NioEventLoop.processSelectedKey(NioEventLoop.java:682)
	io.netty.channel.nio.NioEventLoop.processSelectedKeysOptimized(NioEventLoop.java:617)
	io.netty.channel.nio.NioEventLoop.processSelectedKeys(NioEventLoop.java:534)
	io.netty.channel.nio.NioEventLoop.run(NioEventLoop.java:496)
	io.netty.util.concurrent.SingleThreadEventExecutor$5.run(SingleThreadEventExecutor.java:906)
	io.netty.util.internal.ThreadExecutorMap$2.run(ThreadExecutorMap.java:74)
	io.netty.util.concurrent.FastThreadLocalRunnable.run(FastThreadLocalRunnable.java:30)
	java.lang.Thread.run(Thread.java:748)
#2:
	io.netty.buffer.AdvancedLeakAwareByteBuf.getByte(AdvancedLeakAwareByteBuf.java:154)
	io.netty.buffer.CompositeByteBuf.getByte(CompositeByteBuf.java:913)
	io.netty.buffer.WrappedCompositeByteBuf.getByte(WrappedCompositeByteBuf.java:652)
	io.netty.buffer.AdvancedLeakAwareCompositeByteBuf.getByte(AdvancedLeakAwareCompositeByteBuf.java:141)
	org.springframework.core.io.buffer.NettyDataBuffer.getByte(NettyDataBuffer.java:132)
	org.springframework.core.io.buffer.DataBufferUtils$KnuthMorrisPrattMatcher.match(DataBufferUtils.java:1005)
	org.springframework.http.codec.multipart.DefaultMultipartMessageReader.toPart(DefaultMultipartMessageReader.java:184)
	reactor.core.publisher.FluxMap$MapConditionalSubscriber.onNext(FluxMap.java:199)
	reactor.core.publisher.FluxTakeWhile$TakeWhileSubscriber.onNext(FluxTakeWhile.java:94)
	reactor.core.publisher.FluxContextStart$ContextStartSubscriber.onNext(FluxContextStart.java:103)
	reactor.core.publisher.FluxMap$MapConditionalSubscriber.onNext(FluxMap.java:213)
	reactor.core.publisher.FluxBufferPredicate$BufferPredicateSubscriber.emit(FluxBufferPredicate.java:290)
	reactor.core.publisher.FluxBufferPredicate$BufferPredicateSubscriber.onNextNewBuffer(FluxBufferPredicate.java:257)
	reactor.core.publisher.FluxBufferPredicate$BufferPredicateSubscriber.tryOnNext(FluxBufferPredicate.java:211)
	reactor.core.publisher.FluxBufferPredicate$BufferPredicateSubscriber.onNext(FluxBufferPredicate.java:184)
	reactor.core.publisher.FluxFlatMap$FlatMapMain.drainLoop(FluxFlatMap.java:664)
	reactor.core.publisher.FluxFlatMap$FlatMapMain.drain(FluxFlatMap.java:540)
	reactor.core.publisher.FluxFlatMap$FlatMapInner.onSubscribe(FluxFlatMap.java:924)
	reactor.core.publisher.FluxIterable.subscribe(FluxIterable.java:139)
	reactor.core.publisher.FluxIterable.subscribe(FluxIterable.java:63)
	reactor.core.publisher.Flux.subscribe(Flux.java:7922)
	reactor.core.publisher.FluxFlatMap$FlatMapMain.onNext(FluxFlatMap.java:389)
	reactor.core.publisher.FluxConcatMap$ConcatMapImmediate.innerNext(FluxConcatMap.java:275)
	reactor.core.publisher.FluxConcatMap$ConcatMapInner.onNext(FluxConcatMap.java:849)
	reactor.core.publisher.FluxConcatMap$WeakScalarSubscription.request(FluxConcatMap.java:470)
	reactor.core.publisher.Operators$MultiSubscriptionSubscriber.set(Operators.java:1939)
	reactor.core.publisher.FluxConcatMap$ConcatMapImmediate.drain(FluxConcatMap.java:436)
	reactor.core.publisher.FluxConcatMap$ConcatMapImmediate.onNext(FluxConcatMap.java:244)
	reactor.core.publisher.FluxMap$MapSubscriber.onNext(FluxMap.java:114)
	reactor.core.publisher.FluxPeek$PeekSubscriber.onNext(FluxPeek.java:192)
	reactor.core.publisher.FluxMap$MapSubscriber.onNext(FluxMap.java:114)
	reactor.netty.channel.FluxReceive.drainReceiver(FluxReceive.java:206)
	reactor.netty.channel.FluxReceive.onInboundNext(FluxReceive.java:322)
	reactor.netty.channel.ChannelOperations.onInboundNext(ChannelOperations.java:335)
	reactor.netty.http.server.HttpServerOperations.onInboundNext(HttpServerOperations.java:456)
	reactor.netty.channel.ChannelOperationsHandler.channelRead(ChannelOperationsHandler.java:91)
	io.netty.channel.AbstractChannelHandlerContext.invokeChannelRead(AbstractChannelHandlerContext.java:374)
	io.netty.channel.AbstractChannelHandlerContext.invokeChannelRead(AbstractChannelHandlerContext.java:360)
	io.netty.channel.AbstractChannelHandlerContext.fireChannelRead(AbstractChannelHandlerContext.java:352)
	reactor.netty.http.server.HttpTrafficHandler.channelRead(HttpTrafficHandler.java:190)
	io.netty.channel.AbstractChannelHandlerContext.invokeChannelRead(AbstractChannelHandlerContext.java:374)
	io.netty.channel.AbstractChannelHandlerContext.invokeChannelRead(AbstractChannelHandlerContext.java:360)
	io.netty.channel.AbstractChannelHandlerContext.fireChannelRead(AbstractChannelHandlerContext.java:352)
	io.netty.channel.CombinedChannelDuplexHandler$DelegatingChannelHandlerContext.fireChannelRead(CombinedChannelDuplexHandler.java:438)
	io.netty.handler.codec.ByteToMessageDecoder.fireChannelRead(ByteToMessageDecoder.java:323)
	io.netty.handler.codec.ByteToMessageDecoder.fireChannelRead(ByteToMessageDecoder.java:310)
	io.netty.handler.codec.ByteToMessageDecoder.callDecode(ByteToMessageDecoder.java:426)
	io.netty.handler.codec.ByteToMessageDecoder.channelRead(ByteToMessageDecoder.java:278)
	io.netty.channel.CombinedChannelDuplexHandler.channelRead(CombinedChannelDuplexHandler.java:253)
	io.netty.channel.AbstractChannelHandlerContext.invokeChannelRead(AbstractChannelHandlerContext.java:374)
	io.netty.channel.AbstractChannelHandlerContext.invokeChannelRead(AbstractChannelHandlerContext.java:360)
	io.netty.channel.AbstractChannelHandlerContext.fireChannelRead(AbstractChannelHandlerContext.java:352)
	io.netty.channel.DefaultChannelPipeline$HeadContext.channelRead(DefaultChannelPipeline.java:1408)
	io.netty.channel.AbstractChannelHandlerContext.invokeChannelRead(AbstractChannelHandlerContext.java:374)
	io.netty.channel.AbstractChannelHandlerContext.invokeChannelRead(AbstractChannelHandlerContext.java:360)
	io.netty.channel.DefaultChannelPipeline.fireChannelRead(DefaultChannelPipeline.java:930)
	io.netty.channel.nio.AbstractNioByteChannel$NioByteUnsafe.read(AbstractNioByteChannel.java:163)
	io.netty.channel.nio.NioEventLoop.processSelectedKey(NioEventLoop.java:682)
	io.netty.channel.nio.NioEventLoop.processSelectedKeysOptimized(NioEventLoop.java:617)
	io.netty.channel.nio.NioEventLoop.processSelectedKeys(NioEventLoop.java:534)
	io.netty.channel.nio.NioEventLoop.run(NioEventLoop.java:496)
	io.netty.util.concurrent.SingleThreadEventExecutor$5.run(SingleThreadEventExecutor.java:906)
	io.netty.util.internal.ThreadExecutorMap$2.run(ThreadExecutorMap.java:74)
	io.netty.util.concurrent.FastThreadLocalRunnable.run(FastThreadLocalRunnable.java:30)
	java.lang.Thread.run(Thread.java:748)
#3:
	io.netty.buffer.AdvancedLeakAwareByteBuf.getByte(AdvancedLeakAwareByteBuf.java:154)
	org.springframework.core.io.buffer.NettyDataBuffer.getByte(NettyDataBuffer.java:132)
	org.springframework.core.io.buffer.DataBufferUtils$KnuthMorrisPrattMatcher.match(DataBufferUtils.java:1005)
	org.springframework.core.io.buffer.DataBufferUtils.endFrameAfterDelimiter(DataBufferUtils.java:634)
	org.springframework.core.io.buffer.DataBufferUtils.lambda$split$18(DataBufferUtils.java:603)
	reactor.core.publisher.FluxFlatMap$FlatMapMain.onNext(FluxFlatMap.java:350)
	reactor.core.publisher.FluxConcatMap$ConcatMapImmediate.innerNext(FluxConcatMap.java:275)
	reactor.core.publisher.FluxConcatMap$ConcatMapInner.onNext(FluxConcatMap.java:849)
	reactor.core.publisher.FluxConcatMap$WeakScalarSubscription.request(FluxConcatMap.java:470)
	reactor.core.publisher.Operators$MultiSubscriptionSubscriber.set(Operators.java:1939)
	reactor.core.publisher.FluxConcatMap$ConcatMapImmediate.drain(FluxConcatMap.java:436)
	reactor.core.publisher.FluxConcatMap$ConcatMapImmediate.onNext(FluxConcatMap.java:244)
	reactor.core.publisher.FluxMap$MapSubscriber.onNext(FluxMap.java:114)
	reactor.core.publisher.FluxPeek$PeekSubscriber.onNext(FluxPeek.java:192)
	reactor.core.publisher.FluxMap$MapSubscriber.onNext(FluxMap.java:114)
	reactor.netty.channel.FluxReceive.drainReceiver(FluxReceive.java:206)
	reactor.netty.channel.FluxReceive.onInboundNext(FluxReceive.java:322)
	reactor.netty.channel.ChannelOperations.onInboundNext(ChannelOperations.java:335)
	reactor.netty.http.server.HttpServerOperations.onInboundNext(HttpServerOperations.java:456)
	reactor.netty.channel.ChannelOperationsHandler.channelRead(ChannelOperationsHandler.java:91)
	io.netty.channel.AbstractChannelHandlerContext.invokeChannelRead(AbstractChannelHandlerContext.java:374)
	io.netty.channel.AbstractChannelHandlerContext.invokeChannelRead(AbstractChannelHandlerContext.java:360)
	io.netty.channel.AbstractChannelHandlerContext.fireChannelRead(AbstractChannelHandlerContext.java:352)
	reactor.netty.http.server.HttpTrafficHandler.channelRead(HttpTrafficHandler.java:190)
	io.netty.channel.AbstractChannelHandlerContext.invokeChannelRead(AbstractChannelHandlerContext.java:374)
	io.netty.channel.AbstractChannelHandlerContext.invokeChannelRead(AbstractChannelHandlerContext.java:360)
	io.netty.channel.AbstractChannelHandlerContext.fireChannelRead(AbstractChannelHandlerContext.java:352)
	io.netty.channel.CombinedChannelDuplexHandler$DelegatingChannelHandlerContext.fireChannelRead(CombinedChannelDuplexHandler.java:438)
	io.netty.handler.codec.ByteToMessageDecoder.fireChannelRead(ByteToMessageDecoder.java:323)
	io.netty.handler.codec.ByteToMessageDecoder.fireChannelRead(ByteToMessageDecoder.java:310)
	io.netty.handler.codec.ByteToMessageDecoder.callDecode(ByteToMessageDecoder.java:426)
	io.netty.handler.codec.ByteToMessageDecoder.channelRead(ByteToMessageDecoder.java:278)
	io.netty.channel.CombinedChannelDuplexHandler.channelRead(CombinedChannelDuplexHandler.java:253)
	io.netty.channel.AbstractChannelHandlerContext.invokeChannelRead(AbstractChannelHandlerContext.java:374)
	io.netty.channel.AbstractChannelHandlerContext.invokeChannelRead(AbstractChannelHandlerContext.java:360)
	io.netty.channel.AbstractChannelHandlerContext.fireChannelRead(AbstractChannelHandlerContext.java:352)
	io.netty.channel.DefaultChannelPipeline$HeadContext.channelRead(DefaultChannelPipeline.java:1408)
	io.netty.channel.AbstractChannelHandlerContext.invokeChannelRead(AbstractChannelHandlerContext.java:374)
	io.netty.channel.AbstractChannelHandlerContext.invokeChannelRead(AbstractChannelHandlerContext.java:360)
	io.netty.channel.DefaultChannelPipeline.fireChannelRead(DefaultChannelPipeline.java:930)
	io.netty.channel.nio.AbstractNioByteChannel$NioByteUnsafe.read(AbstractNioByteChannel.java:163)
	io.netty.channel.nio.NioEventLoop.processSelectedKey(NioEventLoop.java:682)
	io.netty.channel.nio.NioEventLoop.processSelectedKeysOptimized(NioEventLoop.java:617)
	io.netty.channel.nio.NioEventLoop.processSelectedKeys(NioEventLoop.java:534)
	io.netty.channel.nio.NioEventLoop.run(NioEventLoop.java:496)
	io.netty.util.concurrent.SingleThreadEventExecutor$5.run(SingleThreadEventExecutor.java:906)
	io.netty.util.internal.ThreadExecutorMap$2.run(ThreadExecutorMap.java:74)
	io.netty.util.concurrent.FastThreadLocalRunnable.run(FastThreadLocalRunnable.java:30)
	java.lang.Thread.run(Thread.java:748)
#4:
	reactor.core.publisher.FluxPeek$PeekSubscriber.onNext(FluxPeek.java:177)
	reactor.core.publisher.FluxMap$MapSubscriber.onNext(FluxMap.java:114)
	reactor.netty.channel.FluxReceive.drainReceiver(FluxReceive.java:206)
	reactor.netty.channel.FluxReceive.onInboundNext(FluxReceive.java:322)
	reactor.netty.channel.ChannelOperations.onInboundNext(ChannelOperations.java:335)
	reactor.netty.http.server.HttpServerOperations.onInboundNext(HttpServerOperations.java:456)
	reactor.netty.channel.ChannelOperationsHandler.channelRead(ChannelOperationsHandler.java:91)
	io.netty.channel.AbstractChannelHandlerContext.invokeChannelRead(AbstractChannelHandlerContext.java:374)
	io.netty.channel.AbstractChannelHandlerContext.invokeChannelRead(AbstractChannelHandlerContext.java:360)
	io.netty.channel.AbstractChannelHandlerContext.fireChannelRead(AbstractChannelHandlerContext.java:352)
	reactor.netty.http.server.HttpTrafficHandler.channelRead(HttpTrafficHandler.java:190)
	io.netty.channel.AbstractChannelHandlerContext.invokeChannelRead(AbstractChannelHandlerContext.java:374)
	io.netty.channel.AbstractChannelHandlerContext.invokeChannelRead(AbstractChannelHandlerContext.java:360)
	io.netty.channel.AbstractChannelHandlerContext.fireChannelRead(AbstractChannelHandlerContext.java:352)
	io.netty.channel.CombinedChannelDuplexHandler$DelegatingChannelHandlerContext.fireChannelRead(CombinedChannelDuplexHandler.java:438)
	io.netty.handler.codec.ByteToMessageDecoder.fireChannelRead(ByteToMessageDecoder.java:323)
	io.netty.handler.codec.ByteToMessageDecoder.fireChannelRead(ByteToMessageDecoder.java:310)
	io.netty.handler.codec.ByteToMessageDecoder.callDecode(ByteToMessageDecoder.java:426)
	io.netty.handler.codec.ByteToMessageDecoder.channelRead(ByteToMessageDecoder.java:278)
	io.netty.channel.CombinedChannelDuplexHandler.channelRead(CombinedChannelDuplexHandler.java:253)
	io.netty.channel.AbstractChannelHandlerContext.invokeChannelRead(AbstractChannelHandlerContext.java:374)
	io.netty.channel.AbstractChannelHandlerContext.invokeChannelRead(AbstractChannelHandlerContext.java:360)
	io.netty.channel.AbstractChannelHandlerContext.fireChannelRead(AbstractChannelHandlerContext.java:352)
	io.netty.channel.DefaultChannelPipeline$HeadContext.channelRead(DefaultChannelPipeline.java:1408)
	io.netty.channel.AbstractChannelHandlerContext.invokeChannelRead(AbstractChannelHandlerContext.java:374)
	io.netty.channel.AbstractChannelHandlerContext.invokeChannelRead(AbstractChannelHandlerContext.java:360)
	io.netty.channel.DefaultChannelPipeline.fireChannelRead(DefaultChannelPipeline.java:930)
	io.netty.channel.nio.AbstractNioByteChannel$NioByteUnsafe.read(AbstractNioByteChannel.java:163)
	io.netty.channel.nio.NioEventLoop.processSelectedKey(NioEventLoop.java:682)
	io.netty.channel.nio.NioEventLoop.processSelectedKeysOptimized(NioEventLoop.java:617)
	io.netty.channel.nio.NioEventLoop.processSelectedKeys(NioEventLoop.java:534)
	io.netty.channel.nio.NioEventLoop.run(NioEventLoop.java:496)
	io.netty.util.concurrent.SingleThreadEventExecutor$5.run(SingleThreadEventExecutor.java:906)
	io.netty.util.internal.ThreadExecutorMap$2.run(ThreadExecutorMap.java:74)
	io.netty.util.concurrent.FastThreadLocalRunnable.run(FastThreadLocalRunnable.java:30)
	java.lang.Thread.run(Thread.java:748)
#5:
	Hint: 'reactor.right.reactiveBridge' will handle the message from this point.
	io.netty.handler.codec.http.DefaultHttpContent.touch(DefaultHttpContent.java:88)
	io.netty.handler.codec.http.DefaultHttpContent.touch(DefaultHttpContent.java:24)
	io.netty.channel.DefaultChannelPipeline.touch(DefaultChannelPipeline.java:116)
	io.netty.channel.AbstractChannelHandlerContext.invokeChannelRead(AbstractChannelHandlerContext.java:357)
	io.netty.channel.AbstractChannelHandlerContext.fireChannelRead(AbstractChannelHandlerContext.java:352)
	reactor.netty.http.server.HttpTrafficHandler.channelRead(HttpTrafficHandler.java:190)
	io.netty.channel.AbstractChannelHandlerContext.invokeChannelRead(AbstractChannelHandlerContext.java:374)
	io.netty.channel.AbstractChannelHandlerContext.invokeChannelRead(AbstractChannelHandlerContext.java:360)
	io.netty.channel.AbstractChannelHandlerContext.fireChannelRead(AbstractChannelHandlerContext.java:352)
	io.netty.channel.CombinedChannelDuplexHandler$DelegatingChannelHandlerContext.fireChannelRead(CombinedChannelDuplexHandler.java:438)
	io.netty.handler.codec.ByteToMessageDecoder.fireChannelRead(ByteToMessageDecoder.java:323)
	io.netty.handler.codec.ByteToMessageDecoder.fireChannelRead(ByteToMessageDecoder.java:310)
	io.netty.handler.codec.ByteToMessageDecoder.callDecode(ByteToMessageDecoder.java:426)
	io.netty.handler.codec.ByteToMessageDecoder.channelRead(ByteToMessageDecoder.java:278)
	io.netty.channel.CombinedChannelDuplexHandler.channelRead(CombinedChannelDuplexHandler.java:253)
	io.netty.channel.AbstractChannelHandlerContext.invokeChannelRead(AbstractChannelHandlerContext.java:374)
	io.netty.channel.AbstractChannelHandlerContext.invokeChannelRead(AbstractChannelHandlerContext.java:360)
	io.netty.channel.AbstractChannelHandlerContext.fireChannelRead(AbstractChannelHandlerContext.java:352)
	io.netty.channel.DefaultChannelPipeline$HeadContext.channelRead(DefaultChannelPipeline.java:1408)
	io.netty.channel.AbstractChannelHandlerContext.invokeChannelRead(AbstractChannelHandlerContext.java:374)
	io.netty.channel.AbstractChannelHandlerContext.invokeChannelRead(AbstractChannelHandlerContext.java:360)
	io.netty.channel.DefaultChannelPipeline.fireChannelRead(DefaultChannelPipeline.java:930)
	io.netty.channel.nio.AbstractNioByteChannel$NioByteUnsafe.read(AbstractNioByteChannel.java:163)
	io.netty.channel.nio.NioEventLoop.processSelectedKey(NioEventLoop.java:682)
	io.netty.channel.nio.NioEventLoop.processSelectedKeysOptimized(NioEventLoop.java:617)
	io.netty.channel.nio.NioEventLoop.processSelectedKeys(NioEventLoop.java:534)
	io.netty.channel.nio.NioEventLoop.run(NioEventLoop.java:496)
	io.netty.util.concurrent.SingleThreadEventExecutor$5.run(SingleThreadEventExecutor.java:906)
	io.netty.util.internal.ThreadExecutorMap$2.run(ThreadExecutorMap.java:74)
	io.netty.util.concurrent.FastThreadLocalRunnable.run(FastThreadLocalRunnable.java:30)
	java.lang.Thread.run(Thread.java:748)
#6:
	Hint: 'reactor.left.httpTrafficHandler' will handle the message from this point.
	io.netty.handler.codec.http.DefaultHttpContent.touch(DefaultHttpContent.java:88)
	io.netty.handler.codec.http.DefaultHttpContent.touch(DefaultHttpContent.java:24)
	io.netty.channel.DefaultChannelPipeline.touch(DefaultChannelPipeline.java:116)
	io.netty.channel.AbstractChannelHandlerContext.invokeChannelRead(AbstractChannelHandlerContext.java:357)
	io.netty.channel.AbstractChannelHandlerContext.fireChannelRead(AbstractChannelHandlerContext.java:352)
	io.netty.channel.CombinedChannelDuplexHandler$DelegatingChannelHandlerContext.fireChannelRead(CombinedChannelDuplexHandler.java:438)
	io.netty.handler.codec.ByteToMessageDecoder.fireChannelRead(ByteToMessageDecoder.java:323)
	io.netty.handler.codec.ByteToMessageDecoder.fireChannelRead(ByteToMessageDecoder.java:310)
	io.netty.handler.codec.ByteToMessageDecoder.callDecode(ByteToMessageDecoder.java:426)
	io.netty.handler.codec.ByteToMessageDecoder.channelRead(ByteToMessageDecoder.java:278)
	io.netty.channel.CombinedChannelDuplexHandler.channelRead(CombinedChannelDuplexHandler.java:253)
	io.netty.channel.AbstractChannelHandlerContext.invokeChannelRead(AbstractChannelHandlerContext.java:374)
	io.netty.channel.AbstractChannelHandlerContext.invokeChannelRead(AbstractChannelHandlerContext.java:360)
	io.netty.channel.AbstractChannelHandlerContext.fireChannelRead(AbstractChannelHandlerContext.java:352)
	io.netty.channel.DefaultChannelPipeline$HeadContext.channelRead(DefaultChannelPipeline.java:1408)
	io.netty.channel.AbstractChannelHandlerContext.invokeChannelRead(AbstractChannelHandlerContext.java:374)
	io.netty.channel.AbstractChannelHandlerContext.invokeChannelRead(AbstractChannelHandlerContext.java:360)
	io.netty.channel.DefaultChannelPipeline.fireChannelRead(DefaultChannelPipeline.java:930)
	io.netty.channel.nio.AbstractNioByteChannel$NioByteUnsafe.read(AbstractNioByteChannel.java:163)
	io.netty.channel.nio.NioEventLoop.processSelectedKey(NioEventLoop.java:682)
	io.netty.channel.nio.NioEventLoop.processSelectedKeysOptimized(NioEventLoop.java:617)
	io.netty.channel.nio.NioEventLoop.processSelectedKeys(NioEventLoop.java:534)
	io.netty.channel.nio.NioEventLoop.run(NioEventLoop.java:496)
	io.netty.util.concurrent.SingleThreadEventExecutor$5.run(SingleThreadEventExecutor.java:906)
	io.netty.util.internal.ThreadExecutorMap$2.run(ThreadExecutorMap.java:74)
	io.netty.util.concurrent.FastThreadLocalRunnable.run(FastThreadLocalRunnable.java:30)
	java.lang.Thread.run(Thread.java:748)
Created at:
	io.netty.buffer.SimpleLeakAwareByteBuf.unwrappedDerived(SimpleLeakAwareByteBuf.java:143)
	io.netty.buffer.SimpleLeakAwareByteBuf.readRetainedSlice(SimpleLeakAwareByteBuf.java:67)
	io.netty.buffer.AdvancedLeakAwareByteBuf.readRetainedSlice(AdvancedLeakAwareByteBuf.java:107)
	io.netty.handler.codec.http.HttpObjectDecoder.decode(HttpObjectDecoder.java:336)
	io.netty.handler.codec.http.HttpServerCodec$HttpServerRequestDecoder.decode(HttpServerCodec.java:103)
	io.netty.handler.codec.ByteToMessageDecoder.decodeRemovalReentryProtection(ByteToMessageDecoder.java:502)
	io.netty.handler.codec.ByteToMessageDecoder.callDecode(ByteToMessageDecoder.java:441)
	io.netty.handler.codec.ByteToMessageDecoder.channelRead(ByteToMessageDecoder.java:278)
	io.netty.channel.CombinedChannelDuplexHandler.channelRead(CombinedChannelDuplexHandler.java:253)
	io.netty.channel.AbstractChannelHandlerContext.invokeChannelRead(AbstractChannelHandlerContext.java:374)
	io.netty.channel.AbstractChannelHandlerContext.invokeChannelRead(AbstractChannelHandlerContext.java:360)
	io.netty.channel.AbstractChannelHandlerContext.fireChannelRead(AbstractChannelHandlerContext.java:352)
	io.netty.channel.DefaultChannelPipeline$HeadContext.channelRead(DefaultChannelPipeline.java:1408)
	io.netty.channel.AbstractChannelHandlerContext.invokeChannelRead(AbstractChannelHandlerContext.java:374)
	io.netty.channel.AbstractChannelHandlerContext.invokeChannelRead(AbstractChannelHandlerContext.java:360)
	io.netty.channel.DefaultChannelPipeline.fireChannelRead(DefaultChannelPipeline.java:930)
	io.netty.channel.nio.AbstractNioByteChannel$NioByteUnsafe.read(AbstractNioByteChannel.java:163)
	io.netty.channel.nio.NioEventLoop.processSelectedKey(NioEventLoop.java:682)
	io.netty.channel.nio.NioEventLoop.processSelectedKeysOptimized(NioEventLoop.java:617)
	io.netty.channel.nio.NioEventLoop.processSelectedKeys(NioEventLoop.java:534)
	io.netty.channel.nio.NioEventLoop.run(NioEventLoop.java:496)
	io.netty.util.concurrent.SingleThreadEventExecutor$5.run(SingleThreadEventExecutor.java:906)
	io.netty.util.internal.ThreadExecutorMap$2.run(ThreadExecutorMap.java:74)
	io.netty.util.concurrent.FastThreadLocalRunnable.run(FastThreadLocalRunnable.java:30)
	java.lang.Thread.run(Thread.java:748)
: 6 leak records were discarded because they were duplicates
: 203 leak records were discarded because the leak record count is targeted to 4. Use system property io.netty.leakDetection.targetRecords to increase the limit.
22:42:59.986 [reactor-http-nio-14] ERROR i.n.u.ResourceLeakDetector - LEAK: ByteBuf.release() was not called before it's garbage-collected. See http://netty.io/wiki/reference-counted-objects.html for more information.
Recent access records: 
#1:
	io.netty.buffer.AdvancedLeakAwareByteBuf.getBytes(AdvancedLeakAwareByteBuf.java:250)
	io.netty.buffer.CompositeByteBuf.getBytes(CompositeByteBuf.java:1029)
	io.netty.buffer.CompositeByteBuf.getBytes(CompositeByteBuf.java:48)
	io.netty.buffer.AbstractUnpooledSlicedByteBuf.getBytes(AbstractUnpooledSlicedByteBuf.java:243)
	io.netty.buffer.AbstractByteBuf.readBytes(AbstractByteBuf.java:889)
	io.netty.buffer.AbstractByteBuf.readBytes(AbstractByteBuf.java:896)
	io.netty.buffer.WrappedByteBuf.readBytes(WrappedByteBuf.java:649)
	io.netty.buffer.AdvancedLeakAwareByteBuf.readBytes(AdvancedLeakAwareByteBuf.java:497)
	org.springframework.core.io.buffer.NettyDataBuffer.read(NettyDataBuffer.java:159)
	org.springframework.core.io.buffer.NettyDataBuffer.read(NettyDataBuffer.java:43)
	org.springframework.http.codec.multipart.DefaultMultipartMessageReader.toHeaders(DefaultMultipartMessageReader.java:229)
	org.springframework.http.codec.multipart.DefaultMultipartMessageReader.toPart(DefaultMultipartMessageReader.java:197)
	reactor.core.publisher.FluxMap$MapConditionalSubscriber.onNext(FluxMap.java:199)
	reactor.core.publisher.FluxTakeWhile$TakeWhileSubscriber.onNext(FluxTakeWhile.java:94)
	reactor.core.publisher.FluxContextStart$ContextStartSubscriber.onNext(FluxContextStart.java:103)
	reactor.core.publisher.FluxMap$MapConditionalSubscriber.onNext(FluxMap.java:213)
	reactor.core.publisher.FluxBufferPredicate$BufferPredicateSubscriber.emit(FluxBufferPredicate.java:290)
	reactor.core.publisher.FluxBufferPredicate$BufferPredicateSubscriber.onNextNewBuffer(FluxBufferPredicate.java:257)
	reactor.core.publisher.FluxBufferPredicate$BufferPredicateSubscriber.tryOnNext(FluxBufferPredicate.java:211)
	reactor.core.publisher.FluxBufferPredicate$BufferPredicateSubscriber.onNext(FluxBufferPredicate.java:184)
	reactor.core.publisher.FluxFlatMap$FlatMapMain.drainLoop(FluxFlatMap.java:664)
	reactor.core.publisher.FluxFlatMap$FlatMapMain.drain(FluxFlatMap.java:540)
	reactor.core.publisher.FluxFlatMap$FlatMapInner.onSubscribe(FluxFlatMap.java:924)
	reactor.core.publisher.FluxIterable.subscribe(FluxIterable.java:139)
	reactor.core.publisher.FluxIterable.subscribe(FluxIterable.java:63)
	reactor.core.publisher.Flux.subscribe(Flux.java:7922)
	reactor.core.publisher.FluxFlatMap$FlatMapMain.onNext(FluxFlatMap.java:389)
	reactor.core.publisher.FluxConcatMap$ConcatMapImmediate.innerNext(FluxConcatMap.java:275)
	reactor.core.publisher.FluxConcatMap$ConcatMapInner.onNext(FluxConcatMap.java:849)
	reactor.core.publisher.FluxConcatMap$WeakScalarSubscription.request(FluxConcatMap.java:470)
	reactor.core.publisher.Operators$MultiSubscriptionSubscriber.set(Operators.java:1939)
	reactor.core.publisher.FluxConcatMap$ConcatMapImmediate.drain(FluxConcatMap.java:436)
	reactor.core.publisher.FluxConcatMap$ConcatMapImmediate.onNext(FluxConcatMap.java:244)
	reactor.core.publisher.FluxMap$MapSubscriber.onNext(FluxMap.java:114)
	reactor.core.publisher.FluxPeek$PeekSubscriber.onNext(FluxPeek.java:192)
	reactor.core.publisher.FluxMap$MapSubscriber.onNext(FluxMap.java:114)
	reactor.netty.channel.FluxReceive.drainReceiver(FluxReceive.java:206)
	reactor.netty.channel.FluxReceive.onInboundNext(FluxReceive.java:322)
	reactor.netty.channel.ChannelOperations.onInboundNext(ChannelOperations.java:335)
	reactor.netty.http.server.HttpServerOperations.onInboundNext(HttpServerOperations.java:456)
	reactor.netty.channel.ChannelOperationsHandler.channelRead(ChannelOperationsHandler.java:91)
	io.netty.channel.AbstractChannelHandlerContext.invokeChannelRead(AbstractChannelHandlerContext.java:374)
	io.netty.channel.AbstractChannelHandlerContext.invokeChannelRead(AbstractChannelHandlerContext.java:360)
	io.netty.channel.AbstractChannelHandlerContext.fireChannelRead(AbstractChannelHandlerContext.java:352)
	reactor.netty.http.server.HttpTrafficHandler.channelRead(HttpTrafficHandler.java:190)
	io.netty.channel.AbstractChannelHandlerContext.invokeChannelRead(AbstractChannelHandlerContext.java:374)
	io.netty.channel.AbstractChannelHandlerContext.invokeChannelRead(AbstractChannelHandlerContext.java:360)
	io.netty.channel.AbstractChannelHandlerContext.fireChannelRead(AbstractChannelHandlerContext.java:352)
	io.netty.channel.CombinedChannelDuplexHandler$DelegatingChannelHandlerContext.fireChannelRead(CombinedChannelDuplexHandler.java:438)
	io.netty.handler.codec.ByteToMessageDecoder.fireChannelRead(ByteToMessageDecoder.java:323)
	io.netty.handler.codec.ByteToMessageDecoder.fireChannelRead(ByteToMessageDecoder.java:310)
	io.netty.handler.codec.ByteToMessageDecoder.callDecode(ByteToMessageDecoder.java:426)
	io.netty.handler.codec.ByteToMessageDecoder.channelRead(ByteToMessageDecoder.java:278)
	io.netty.channel.CombinedChannelDuplexHandler.channelRead(CombinedChannelDuplexHandler.java:253)
	io.netty.channel.AbstractChannelHandlerContext.invokeChannelRead(AbstractChannelHandlerContext.java:374)
	io.netty.channel.AbstractChannelHandlerContext.invokeChannelRead(AbstractChannelHandlerContext.java:360)
	io.netty.channel.AbstractChannelHandlerContext.fireChannelRead(AbstractChannelHandlerContext.java:352)
	io.netty.channel.DefaultChannelPipeline$HeadContext.channelRead(DefaultChannelPipeline.java:1408)
	io.netty.channel.AbstractChannelHandlerContext.invokeChannelRead(AbstractChannelHandlerContext.java:374)
	io.netty.channel.AbstractChannelHandlerContext.invokeChannelRead(AbstractChannelHandlerContext.java:360)
	io.netty.channel.DefaultChannelPipeline.fireChannelRead(DefaultChannelPipeline.java:930)
	io.netty.channel.nio.AbstractNioByteChannel$NioByteUnsafe.read(AbstractNioByteChannel.java:163)
	io.netty.channel.nio.NioEventLoop.processSelectedKey(NioEventLoop.java:682)
	io.netty.channel.nio.NioEventLoop.processSelectedKeysOptimized(NioEventLoop.java:617)
	io.netty.channel.nio.NioEventLoop.processSelectedKeys(NioEventLoop.java:534)
	io.netty.channel.nio.NioEventLoop.run(NioEventLoop.java:496)
	io.netty.util.concurrent.SingleThreadEventExecutor$5.run(SingleThreadEventExecutor.java:906)
	io.netty.util.internal.ThreadExecutorMap$2.run(ThreadExecutorMap.java:74)
	io.netty.util.concurrent.FastThreadLocalRunnable.run(FastThreadLocalRunnable.java:30)
	java.lang.Thread.run(Thread.java:748)
#2:
	io.netty.buffer.AdvancedLeakAwareByteBuf.getByte(AdvancedLeakAwareByteBuf.java:154)
	org.springframework.core.io.buffer.NettyDataBuffer.getByte(NettyDataBuffer.java:132)
	org.springframework.core.io.buffer.DataBufferUtils$KnuthMorrisPrattMatcher.match(DataBufferUtils.java:1005)
	org.springframework.core.io.buffer.DataBufferUtils.endFrameAfterDelimiter(DataBufferUtils.java:634)
	org.springframework.core.io.buffer.DataBufferUtils.lambda$split$18(DataBufferUtils.java:603)
	reactor.core.publisher.FluxFlatMap$FlatMapMain.onNext(FluxFlatMap.java:350)
	reactor.core.publisher.FluxConcatMap$ConcatMapImmediate.innerNext(FluxConcatMap.java:275)
	reactor.core.publisher.FluxConcatMap$ConcatMapInner.onNext(FluxConcatMap.java:849)
	reactor.core.publisher.FluxConcatMap$WeakScalarSubscription.request(FluxConcatMap.java:470)
	reactor.core.publisher.Operators$MultiSubscriptionSubscriber.set(Operators.java:1939)
	reactor.core.publisher.FluxConcatMap$ConcatMapImmediate.drain(FluxConcatMap.java:436)
	reactor.core.publisher.FluxConcatMap$ConcatMapImmediate.onNext(FluxConcatMap.java:244)
	reactor.core.publisher.FluxMap$MapSubscriber.onNext(FluxMap.java:114)
	reactor.core.publisher.FluxPeek$PeekSubscriber.onNext(FluxPeek.java:192)
	reactor.core.publisher.FluxMap$MapSubscriber.onNext(FluxMap.java:114)
	reactor.netty.channel.FluxReceive.drainReceiver(FluxReceive.java:206)
	reactor.netty.channel.FluxReceive.onInboundNext(FluxReceive.java:322)
	reactor.netty.channel.ChannelOperations.onInboundNext(ChannelOperations.java:335)
	reactor.netty.http.server.HttpServerOperations.onInboundNext(HttpServerOperations.java:456)
	reactor.netty.channel.ChannelOperationsHandler.channelRead(ChannelOperationsHandler.java:91)
	io.netty.channel.AbstractChannelHandlerContext.invokeChannelRead(AbstractChannelHandlerContext.java:374)
	io.netty.channel.AbstractChannelHandlerContext.invokeChannelRead(AbstractChannelHandlerContext.java:360)
	io.netty.channel.AbstractChannelHandlerContext.fireChannelRead(AbstractChannelHandlerContext.java:352)
	reactor.netty.http.server.HttpTrafficHandler.channelRead(HttpTrafficHandler.java:190)
	io.netty.channel.AbstractChannelHandlerContext.invokeChannelRead(AbstractChannelHandlerContext.java:374)
	io.netty.channel.AbstractChannelHandlerContext.invokeChannelRead(AbstractChannelHandlerContext.java:360)
	io.netty.channel.AbstractChannelHandlerContext.fireChannelRead(AbstractChannelHandlerContext.java:352)
	io.netty.channel.CombinedChannelDuplexHandler$DelegatingChannelHandlerContext.fireChannelRead(CombinedChannelDuplexHandler.java:438)
	io.netty.handler.codec.ByteToMessageDecoder.fireChannelRead(ByteToMessageDecoder.java:323)
	io.netty.handler.codec.ByteToMessageDecoder.fireChannelRead(ByteToMessageDecoder.java:310)
	io.netty.handler.codec.ByteToMessageDecoder.callDecode(ByteToMessageDecoder.java:426)
	io.netty.handler.codec.ByteToMessageDecoder.channelRead(ByteToMessageDecoder.java:278)
	io.netty.channel.CombinedChannelDuplexHandler.channelRead(CombinedChannelDuplexHandler.java:253)
	io.netty.channel.AbstractChannelHandlerContext.invokeChannelRead(AbstractChannelHandlerContext.java:374)
	io.netty.channel.AbstractChannelHandlerContext.invokeChannelRead(AbstractChannelHandlerContext.java:360)
	io.netty.channel.AbstractChannelHandlerContext.fireChannelRead(AbstractChannelHandlerContext.java:352)
	io.netty.channel.DefaultChannelPipeline$HeadContext.channelRead(DefaultChannelPipeline.java:1408)
	io.netty.channel.AbstractChannelHandlerContext.invokeChannelRead(AbstractChannelHandlerContext.java:374)
	io.netty.channel.AbstractChannelHandlerContext.invokeChannelRead(AbstractChannelHandlerContext.java:360)
	io.netty.channel.DefaultChannelPipeline.fireChannelRead(DefaultChannelPipeline.java:930)
	io.netty.channel.nio.AbstractNioByteChannel$NioByteUnsafe.read(AbstractNioByteChannel.java:163)
	io.netty.channel.nio.NioEventLoop.processSelectedKey(NioEventLoop.java:682)
	io.netty.channel.nio.NioEventLoop.processSelectedKeysOptimized(NioEventLoop.java:617)
	io.netty.channel.nio.NioEventLoop.processSelectedKeys(NioEventLoop.java:534)
	io.netty.channel.nio.NioEventLoop.run(NioEventLoop.java:496)
	io.netty.util.concurrent.SingleThreadEventExecutor$5.run(SingleThreadEventExecutor.java:906)
	io.netty.util.internal.ThreadExecutorMap$2.run(ThreadExecutorMap.java:74)
	io.netty.util.concurrent.FastThreadLocalRunnable.run(FastThreadLocalRunnable.java:30)
	java.lang.Thread.run(Thread.java:748)
#3:
	org.springframework.core.io.buffer.NettyDataBufferFactory.wrap(NettyDataBufferFactory.java:93)
	reactor.core.publisher.FluxMap$MapSubscriber.onNext(FluxMap.java:100)
	reactor.core.publisher.FluxPeek$PeekSubscriber.onNext(FluxPeek.java:192)
	reactor.core.publisher.FluxMap$MapSubscriber.onNext(FluxMap.java:114)
	reactor.netty.channel.FluxReceive.drainReceiver(FluxReceive.java:206)
	reactor.netty.channel.FluxReceive.onInboundNext(FluxReceive.java:322)
	reactor.netty.channel.ChannelOperations.onInboundNext(ChannelOperations.java:335)
	reactor.netty.http.server.HttpServerOperations.onInboundNext(HttpServerOperations.java:456)
	reactor.netty.channel.ChannelOperationsHandler.channelRead(ChannelOperationsHandler.java:91)
	io.netty.channel.AbstractChannelHandlerContext.invokeChannelRead(AbstractChannelHandlerContext.java:374)
	io.netty.channel.AbstractChannelHandlerContext.invokeChannelRead(AbstractChannelHandlerContext.java:360)
	io.netty.channel.AbstractChannelHandlerContext.fireChannelRead(AbstractChannelHandlerContext.java:352)
	reactor.netty.http.server.HttpTrafficHandler.channelRead(HttpTrafficHandler.java:190)
	io.netty.channel.AbstractChannelHandlerContext.invokeChannelRead(AbstractChannelHandlerContext.java:374)
	io.netty.channel.AbstractChannelHandlerContext.invokeChannelRead(AbstractChannelHandlerContext.java:360)
	io.netty.channel.AbstractChannelHandlerContext.fireChannelRead(AbstractChannelHandlerContext.java:352)
	io.netty.channel.CombinedChannelDuplexHandler$DelegatingChannelHandlerContext.fireChannelRead(CombinedChannelDuplexHandler.java:438)
	io.netty.handler.codec.ByteToMessageDecoder.fireChannelRead(ByteToMessageDecoder.java:323)
	io.netty.handler.codec.ByteToMessageDecoder.fireChannelRead(ByteToMessageDecoder.java:310)
	io.netty.handler.codec.ByteToMessageDecoder.callDecode(ByteToMessageDecoder.java:426)
	io.netty.handler.codec.ByteToMessageDecoder.channelRead(ByteToMessageDecoder.java:278)
	io.netty.channel.CombinedChannelDuplexHandler.channelRead(CombinedChannelDuplexHandler.java:253)
	io.netty.channel.AbstractChannelHandlerContext.invokeChannelRead(AbstractChannelHandlerContext.java:374)
	io.netty.channel.AbstractChannelHandlerContext.invokeChannelRead(AbstractChannelHandlerContext.java:360)
	io.netty.channel.AbstractChannelHandlerContext.fireChannelRead(AbstractChannelHandlerContext.java:352)
	io.netty.channel.DefaultChannelPipeline$HeadContext.channelRead(DefaultChannelPipeline.java:1408)
	io.netty.channel.AbstractChannelHandlerContext.invokeChannelRead(AbstractChannelHandlerContext.java:374)
	io.netty.channel.AbstractChannelHandlerContext.invokeChannelRead(AbstractChannelHandlerContext.java:360)
	io.netty.channel.DefaultChannelPipeline.fireChannelRead(DefaultChannelPipeline.java:930)
	io.netty.channel.nio.AbstractNioByteChannel$NioByteUnsafe.read(AbstractNioByteChannel.java:163)
	io.netty.channel.nio.NioEventLoop.processSelectedKey(NioEventLoop.java:682)
	io.netty.channel.nio.NioEventLoop.processSelectedKeysOptimized(NioEventLoop.java:617)
	io.netty.channel.nio.NioEventLoop.processSelectedKeys(NioEventLoop.java:534)
	io.netty.channel.nio.NioEventLoop.run(NioEventLoop.java:496)
	io.netty.util.concurrent.SingleThreadEventExecutor$5.run(SingleThreadEventExecutor.java:906)
	io.netty.util.internal.ThreadExecutorMap$2.run(ThreadExecutorMap.java:74)
	io.netty.util.concurrent.FastThreadLocalRunnable.run(FastThreadLocalRunnable.java:30)
	java.lang.Thread.run(Thread.java:748)
#4:
	reactor.core.publisher.FluxPeek$PeekSubscriber.onNext(FluxPeek.java:177)
	reactor.core.publisher.FluxMap$MapSubscriber.onNext(FluxMap.java:114)
	reactor.netty.channel.FluxReceive.drainReceiver(FluxReceive.java:206)
	reactor.netty.channel.FluxReceive.onInboundNext(FluxReceive.java:322)
	reactor.netty.channel.ChannelOperations.onInboundNext(ChannelOperations.java:335)
	reactor.netty.http.server.HttpServerOperations.onInboundNext(HttpServerOperations.java:456)
	reactor.netty.channel.ChannelOperationsHandler.channelRead(ChannelOperationsHandler.java:91)
	io.netty.channel.AbstractChannelHandlerContext.invokeChannelRead(AbstractChannelHandlerContext.java:374)
	io.netty.channel.AbstractChannelHandlerContext.invokeChannelRead(AbstractChannelHandlerContext.java:360)
	io.netty.channel.AbstractChannelHandlerContext.fireChannelRead(AbstractChannelHandlerContext.java:352)
	reactor.netty.http.server.HttpTrafficHandler.channelRead(HttpTrafficHandler.java:190)
	io.netty.channel.AbstractChannelHandlerContext.invokeChannelRead(AbstractChannelHandlerContext.java:374)
	io.netty.channel.AbstractChannelHandlerContext.invokeChannelRead(AbstractChannelHandlerContext.java:360)
	io.netty.channel.AbstractChannelHandlerContext.fireChannelRead(AbstractChannelHandlerContext.java:352)
	io.netty.channel.CombinedChannelDuplexHandler$DelegatingChannelHandlerContext.fireChannelRead(CombinedChannelDuplexHandler.java:438)
	io.netty.handler.codec.ByteToMessageDecoder.fireChannelRead(ByteToMessageDecoder.java:323)
	io.netty.handler.codec.ByteToMessageDecoder.fireChannelRead(ByteToMessageDecoder.java:310)
	io.netty.handler.codec.ByteToMessageDecoder.callDecode(ByteToMessageDecoder.java:426)
	io.netty.handler.codec.ByteToMessageDecoder.channelRead(ByteToMessageDecoder.java:278)
	io.netty.channel.CombinedChannelDuplexHandler.channelRead(CombinedChannelDuplexHandler.java:253)
	io.netty.channel.AbstractChannelHandlerContext.invokeChannelRead(AbstractChannelHandlerContext.java:374)
	io.netty.channel.AbstractChannelHandlerContext.invokeChannelRead(AbstractChannelHandlerContext.java:360)
	io.netty.channel.AbstractChannelHandlerContext.fireChannelRead(AbstractChannelHandlerContext.java:352)
	io.netty.channel.DefaultChannelPipeline$HeadContext.channelRead(DefaultChannelPipeline.java:1408)
	io.netty.channel.AbstractChannelHandlerContext.invokeChannelRead(AbstractChannelHandlerContext.java:374)
	io.netty.channel.AbstractChannelHandlerContext.invokeChannelRead(AbstractChannelHandlerContext.java:360)
	io.netty.channel.DefaultChannelPipeline.fireChannelRead(DefaultChannelPipeline.java:930)
	io.netty.channel.nio.AbstractNioByteChannel$NioByteUnsafe.read(AbstractNioByteChannel.java:163)
	io.netty.channel.nio.NioEventLoop.processSelectedKey(NioEventLoop.java:682)
	io.netty.channel.nio.NioEventLoop.processSelectedKeysOptimized(NioEventLoop.java:617)
	io.netty.channel.nio.NioEventLoop.processSelectedKeys(NioEventLoop.java:534)
	io.netty.channel.nio.NioEventLoop.run(NioEventLoop.java:496)
	io.netty.util.concurrent.SingleThreadEventExecutor$5.run(SingleThreadEventExecutor.java:906)
	io.netty.util.internal.ThreadExecutorMap$2.run(ThreadExecutorMap.java:74)
	io.netty.util.concurrent.FastThreadLocalRunnable.run(FastThreadLocalRunnable.java:30)
	java.lang.Thread.run(Thread.java:748)
#5:
	Hint: 'reactor.right.reactiveBridge' will handle the message from this point.
	io.netty.handler.codec.http.DefaultHttpContent.touch(DefaultHttpContent.java:88)
	io.netty.handler.codec.http.DefaultHttpContent.touch(DefaultHttpContent.java:24)
	io.netty.channel.DefaultChannelPipeline.touch(DefaultChannelPipeline.java:116)
	io.netty.channel.AbstractChannelHandlerContext.invokeChannelRead(AbstractChannelHandlerContext.java:357)
	io.netty.channel.AbstractChannelHandlerContext.fireChannelRead(AbstractChannelHandlerContext.java:352)
	reactor.netty.http.server.HttpTrafficHandler.channelRead(HttpTrafficHandler.java:190)
	io.netty.channel.AbstractChannelHandlerContext.invokeChannelRead(AbstractChannelHandlerContext.java:374)
	io.netty.channel.AbstractChannelHandlerContext.invokeChannelRead(AbstractChannelHandlerContext.java:360)
	io.netty.channel.AbstractChannelHandlerContext.fireChannelRead(AbstractChannelHandlerContext.java:352)
	io.netty.channel.CombinedChannelDuplexHandler$DelegatingChannelHandlerContext.fireChannelRead(CombinedChannelDuplexHandler.java:438)
	io.netty.handler.codec.ByteToMessageDecoder.fireChannelRead(ByteToMessageDecoder.java:323)
	io.netty.handler.codec.ByteToMessageDecoder.fireChannelRead(ByteToMessageDecoder.java:310)
	io.netty.handler.codec.ByteToMessageDecoder.callDecode(ByteToMessageDecoder.java:426)
	io.netty.handler.codec.ByteToMessageDecoder.channelRead(ByteToMessageDecoder.java:278)
	io.netty.channel.CombinedChannelDuplexHandler.channelRead(CombinedChannelDuplexHandler.java:253)
	io.netty.channel.AbstractChannelHandlerContext.invokeChannelRead(AbstractChannelHandlerContext.java:374)
	io.netty.channel.AbstractChannelHandlerContext.invokeChannelRead(AbstractChannelHandlerContext.java:360)
	io.netty.channel.AbstractChannelHandlerContext.fireChannelRead(AbstractChannelHandlerContext.java:352)
	io.netty.channel.DefaultChannelPipeline$HeadContext.channelRead(DefaultChannelPipeline.java:1408)
	io.netty.channel.AbstractChannelHandlerContext.invokeChannelRead(AbstractChannelHandlerContext.java:374)
	io.netty.channel.AbstractChannelHandlerContext.invokeChannelRead(AbstractChannelHandlerContext.java:360)
	io.netty.channel.DefaultChannelPipeline.fireChannelRead(DefaultChannelPipeline.java:930)
	io.netty.channel.nio.AbstractNioByteChannel$NioByteUnsafe.read(AbstractNioByteChannel.java:163)
	io.netty.channel.nio.NioEventLoop.processSelectedKey(NioEventLoop.java:682)
	io.netty.channel.nio.NioEventLoop.processSelectedKeysOptimized(NioEventLoop.java:617)
	io.netty.channel.nio.NioEventLoop.processSelectedKeys(NioEventLoop.java:534)
	io.netty.channel.nio.NioEventLoop.run(NioEventLoop.java:496)
	io.netty.util.concurrent.SingleThreadEventExecutor$5.run(SingleThreadEventExecutor.java:906)
	io.netty.util.internal.ThreadExecutorMap$2.run(ThreadExecutorMap.java:74)
	io.netty.util.concurrent.FastThreadLocalRunnable.run(FastThreadLocalRunnable.java:30)
	java.lang.Thread.run(Thread.java:748)
#6:
	Hint: 'reactor.left.httpTrafficHandler' will handle the message from this point.
	io.netty.handler.codec.http.DefaultHttpContent.touch(DefaultHttpContent.java:88)
	io.netty.handler.codec.http.DefaultHttpContent.touch(DefaultHttpContent.java:24)
	io.netty.channel.DefaultChannelPipeline.touch(DefaultChannelPipeline.java:116)
	io.netty.channel.AbstractChannelHandlerContext.invokeChannelRead(AbstractChannelHandlerContext.java:357)
	io.netty.channel.AbstractChannelHandlerContext.fireChannelRead(AbstractChannelHandlerContext.java:352)
	io.netty.channel.CombinedChannelDuplexHandler$DelegatingChannelHandlerContext.fireChannelRead(CombinedChannelDuplexHandler.java:438)
	io.netty.handler.codec.ByteToMessageDecoder.fireChannelRead(ByteToMessageDecoder.java:323)
	io.netty.handler.codec.ByteToMessageDecoder.fireChannelRead(ByteToMessageDecoder.java:310)
	io.netty.handler.codec.ByteToMessageDecoder.callDecode(ByteToMessageDecoder.java:426)
	io.netty.handler.codec.ByteToMessageDecoder.channelRead(ByteToMessageDecoder.java:278)
	io.netty.channel.CombinedChannelDuplexHandler.channelRead(CombinedChannelDuplexHandler.java:253)
	io.netty.channel.AbstractChannelHandlerContext.invokeChannelRead(AbstractChannelHandlerContext.java:374)
	io.netty.channel.AbstractChannelHandlerContext.invokeChannelRead(AbstractChannelHandlerContext.java:360)
	io.netty.channel.AbstractChannelHandlerContext.fireChannelRead(AbstractChannelHandlerContext.java:352)
	io.netty.channel.DefaultChannelPipeline$HeadContext.channelRead(DefaultChannelPipeline.java:1408)
	io.netty.channel.AbstractChannelHandlerContext.invokeChannelRead(AbstractChannelHandlerContext.java:374)
	io.netty.channel.AbstractChannelHandlerContext.invokeChannelRead(AbstractChannelHandlerContext.java:360)
	io.netty.channel.DefaultChannelPipeline.fireChannelRead(DefaultChannelPipeline.java:930)
	io.netty.channel.nio.AbstractNioByteChannel$NioByteUnsafe.read(AbstractNioByteChannel.java:163)
	io.netty.channel.nio.NioEventLoop.processSelectedKey(NioEventLoop.java:682)
	io.netty.channel.nio.NioEventLoop.processSelectedKeysOptimized(NioEventLoop.java:617)
	io.netty.channel.nio.NioEventLoop.processSelectedKeys(NioEventLoop.java:534)
	io.netty.channel.nio.NioEventLoop.run(NioEventLoop.java:496)
	io.netty.util.concurrent.SingleThreadEventExecutor$5.run(SingleThreadEventExecutor.java:906)
	io.netty.util.internal.ThreadExecutorMap$2.run(ThreadExecutorMap.java:74)
	io.netty.util.concurrent.FastThreadLocalRunnable.run(FastThreadLocalRunnable.java:30)
	java.lang.Thread.run(Thread.java:748)
Created at:
	io.netty.buffer.SimpleLeakAwareByteBuf.unwrappedDerived(SimpleLeakAwareByteBuf.java:143)
	io.netty.buffer.SimpleLeakAwareByteBuf.readRetainedSlice(SimpleLeakAwareByteBuf.java:67)
	io.netty.buffer.AdvancedLeakAwareByteBuf.readRetainedSlice(AdvancedLeakAwareByteBuf.java:107)
	io.netty.handler.codec.http.HttpObjectDecoder.decode(HttpObjectDecoder.java:336)
	io.netty.handler.codec.http.HttpServerCodec$HttpServerRequestDecoder.decode(HttpServerCodec.java:103)
	io.netty.handler.codec.ByteToMessageDecoder.decodeRemovalReentryProtection(ByteToMessageDecoder.java:502)
	io.netty.handler.codec.ByteToMessageDecoder.callDecode(ByteToMessageDecoder.java:441)
	io.netty.handler.codec.ByteToMessageDecoder.channelRead(ByteToMessageDecoder.java:278)
	io.netty.channel.CombinedChannelDuplexHandler.channelRead(CombinedChannelDuplexHandler.java:253)
	io.netty.channel.AbstractChannelHandlerContext.invokeChannelRead(AbstractChannelHandlerContext.java:374)
	io.netty.channel.AbstractChannelHandlerContext.invokeChannelRead(AbstractChannelHandlerContext.java:360)
	io.netty.channel.AbstractChannelHandlerContext.fireChannelRead(AbstractChannelHandlerContext.java:352)
	io.netty.channel.DefaultChannelPipeline$HeadContext.channelRead(DefaultChannelPipeline.java:1408)
	io.netty.channel.AbstractChannelHandlerContext.invokeChannelRead(AbstractChannelHandlerContext.java:374)
	io.netty.channel.AbstractChannelHandlerContext.invokeChannelRead(AbstractChannelHandlerContext.java:360)
	io.netty.channel.DefaultChannelPipeline.fireChannelRead(DefaultChannelPipeline.java:930)
	io.netty.channel.nio.AbstractNioByteChannel$NioByteUnsafe.read(AbstractNioByteChannel.java:163)
	io.netty.channel.nio.NioEventLoop.processSelectedKey(NioEventLoop.java:682)
	io.netty.channel.nio.NioEventLoop.processSelectedKeysOptimized(NioEventLoop.java:617)
	io.netty.channel.nio.NioEventLoop.processSelectedKeys(NioEventLoop.java:534)
	io.netty.channel.nio.NioEventLoop.run(NioEventLoop.java:496)
	io.netty.util.concurrent.SingleThreadEventExecutor$5.run(SingleThreadEventExecutor.java:906)
	io.netty.util.internal.ThreadExecutorMap$2.run(ThreadExecutorMap.java:74)
	io.netty.util.concurrent.FastThreadLocalRunnable.run(FastThreadLocalRunnable.java:30)
	java.lang.Thread.run(Thread.java:748)
: 4 leak records were discarded because they were duplicates
: 205 leak records were discarded because the leak record count is targeted to 4. Use system property io.netty.leakDetection.targetRecords to increase the limit.
22:42:59.990 [reactor-http-nio-14] ERROR i.n.u.ResourceLeakDetector - LEAK: ByteBuf.release() was not called before it's garbage-collected. See http://netty.io/wiki/reference-counted-objects.html for more information.
Recent access records: 
#1:
	io.netty.buffer.AdvancedLeakAwareByteBuf.order(AdvancedLeakAwareByteBuf.java:70)
	io.netty.buffer.CompositeByteBuf.newComponent(CompositeByteBuf.java:318)
	io.netty.buffer.CompositeByteBuf.addComponent0(CompositeByteBuf.java:280)
	io.netty.buffer.CompositeByteBuf.addComponent(CompositeByteBuf.java:265)
	io.netty.buffer.CompositeByteBuf.addComponent(CompositeByteBuf.java:222)
	io.netty.buffer.WrappedCompositeByteBuf.addComponent(WrappedCompositeByteBuf.java:529)
	io.netty.buffer.AdvancedLeakAwareCompositeByteBuf.addComponent(AdvancedLeakAwareCompositeByteBuf.java:921)
	org.springframework.core.io.buffer.NettyDataBufferFactory.join(NettyDataBufferFactory.java:111)
	org.springframework.core.io.buffer.DataBufferUtils.joinAndStrip(DataBufferUtils.java:686)
	org.springframework.core.io.buffer.DataBufferUtils.lambda$split$20(DataBufferUtils.java:605)
	reactor.core.publisher.FluxMap$MapConditionalSubscriber.onNext(FluxMap.java:199)
	reactor.core.publisher.FluxBufferPredicate$BufferPredicateSubscriber.emit(FluxBufferPredicate.java:290)
	reactor.core.publisher.FluxBufferPredicate$BufferPredicateSubscriber.onNextNewBuffer(FluxBufferPredicate.java:257)
	reactor.core.publisher.FluxBufferPredicate$BufferPredicateSubscriber.tryOnNext(FluxBufferPredicate.java:211)
	reactor.core.publisher.FluxBufferPredicate$BufferPredicateSubscriber.onNext(FluxBufferPredicate.java:184)
	reactor.core.publisher.FluxFlatMap$FlatMapMain.drainLoop(FluxFlatMap.java:664)
	reactor.core.publisher.FluxFlatMap$FlatMapMain.drain(FluxFlatMap.java:540)
	reactor.core.publisher.FluxFlatMap$FlatMapInner.onSubscribe(FluxFlatMap.java:924)
	reactor.core.publisher.FluxIterable.subscribe(FluxIterable.java:139)
	reactor.core.publisher.FluxIterable.subscribe(FluxIterable.java:63)
	reactor.core.publisher.Flux.subscribe(Flux.java:7922)
	reactor.core.publisher.FluxFlatMap$FlatMapMain.onNext(FluxFlatMap.java:389)
	reactor.core.publisher.FluxConcatMap$ConcatMapImmediate.innerNext(FluxConcatMap.java:275)
	reactor.core.publisher.FluxConcatMap$ConcatMapInner.onNext(FluxConcatMap.java:849)
	reactor.core.publisher.FluxConcatMap$WeakScalarSubscription.request(FluxConcatMap.java:470)
	reactor.core.publisher.Operators$MultiSubscriptionSubscriber.set(Operators.java:1939)
	reactor.core.publisher.FluxConcatMap$ConcatMapImmediate.drain(FluxConcatMap.java:436)
	reactor.core.publisher.FluxConcatMap$ConcatMapImmediate.onNext(FluxConcatMap.java:244)
	reactor.core.publisher.FluxMap$MapSubscriber.onNext(FluxMap.java:114)
	reactor.core.publisher.FluxPeek$PeekSubscriber.onNext(FluxPeek.java:192)
	reactor.core.publisher.FluxMap$MapSubscriber.onNext(FluxMap.java:114)
	reactor.netty.channel.FluxReceive.drainReceiver(FluxReceive.java:206)
	reactor.netty.channel.FluxReceive.onInboundNext(FluxReceive.java:322)
	reactor.netty.channel.ChannelOperations.onInboundNext(ChannelOperations.java:335)
	reactor.netty.http.server.HttpServerOperations.onInboundNext(HttpServerOperations.java:456)
	reactor.netty.channel.ChannelOperationsHandler.channelRead(ChannelOperationsHandler.java:91)
	io.netty.channel.AbstractChannelHandlerContext.invokeChannelRead(AbstractChannelHandlerContext.java:374)
	io.netty.channel.AbstractChannelHandlerContext.invokeChannelRead(AbstractChannelHandlerContext.java:360)
	io.netty.channel.AbstractChannelHandlerContext.fireChannelRead(AbstractChannelHandlerContext.java:352)
	reactor.netty.http.server.HttpTrafficHandler.channelRead(HttpTrafficHandler.java:190)
	io.netty.channel.AbstractChannelHandlerContext.invokeChannelRead(AbstractChannelHandlerContext.java:374)
	io.netty.channel.AbstractChannelHandlerContext.invokeChannelRead(AbstractChannelHandlerContext.java:360)
	io.netty.channel.AbstractChannelHandlerContext.fireChannelRead(AbstractChannelHandlerContext.java:352)
	io.netty.channel.CombinedChannelDuplexHandler$DelegatingChannelHandlerContext.fireChannelRead(CombinedChannelDuplexHandler.java:438)
	io.netty.handler.codec.ByteToMessageDecoder.fireChannelRead(ByteToMessageDecoder.java:323)
	io.netty.handler.codec.ByteToMessageDecoder.fireChannelRead(ByteToMessageDecoder.java:310)
	io.netty.handler.codec.ByteToMessageDecoder.callDecode(ByteToMessageDecoder.java:426)
	io.netty.handler.codec.ByteToMessageDecoder.channelRead(ByteToMessageDecoder.java:278)
	io.netty.channel.CombinedChannelDuplexHandler.channelRead(CombinedChannelDuplexHandler.java:253)
	io.netty.channel.AbstractChannelHandlerContext.invokeChannelRead(AbstractChannelHandlerContext.java:374)
	io.netty.channel.AbstractChannelHandlerContext.invokeChannelRead(AbstractChannelHandlerContext.java:360)
	io.netty.channel.AbstractChannelHandlerContext.fireChannelRead(AbstractChannelHandlerContext.java:352)
	io.netty.channel.DefaultChannelPipeline$HeadContext.channelRead(DefaultChannelPipeline.java:1408)
	io.netty.channel.AbstractChannelHandlerContext.invokeChannelRead(AbstractChannelHandlerContext.java:374)
	io.netty.channel.AbstractChannelHandlerContext.invokeChannelRead(AbstractChannelHandlerContext.java:360)
	io.netty.channel.DefaultChannelPipeline.fireChannelRead(DefaultChannelPipeline.java:930)
	io.netty.channel.nio.AbstractNioByteChannel$NioByteUnsafe.read(AbstractNioByteChannel.java:163)
	io.netty.channel.nio.NioEventLoop.processSelectedKey(NioEventLoop.java:682)
	io.netty.channel.nio.NioEventLoop.processSelectedKeysOptimized(NioEventLoop.java:617)
	io.netty.channel.nio.NioEventLoop.processSelectedKeys(NioEventLoop.java:534)
	io.netty.channel.nio.NioEventLoop.run(NioEventLoop.java:496)
	io.netty.util.concurrent.SingleThreadEventExecutor$5.run(SingleThreadEventExecutor.java:906)
	io.netty.util.internal.ThreadExecutorMap$2.run(ThreadExecutorMap.java:74)
	io.netty.util.concurrent.FastThreadLocalRunnable.run(FastThreadLocalRunnable.java:30)
	java.lang.Thread.run(Thread.java:748)
#2:
	org.springframework.core.io.buffer.NettyDataBuffer.release(NettyDataBuffer.java:308)
	org.springframework.core.io.buffer.DataBufferUtils.release(DataBufferUtils.java:498)
	org.springframework.core.io.buffer.DataBufferUtils.endFrameAfterDelimiter(DataBufferUtils.java:660)
	org.springframework.core.io.buffer.DataBufferUtils.lambda$split$18(DataBufferUtils.java:603)
	reactor.core.publisher.FluxFlatMap$FlatMapMain.onNext(FluxFlatMap.java:350)
	reactor.core.publisher.FluxConcatMap$ConcatMapImmediate.innerNext(FluxConcatMap.java:275)
	reactor.core.publisher.FluxConcatMap$ConcatMapInner.onNext(FluxConcatMap.java:849)
	reactor.core.publisher.FluxConcatMap$WeakScalarSubscription.request(FluxConcatMap.java:470)
	reactor.core.publisher.Operators$MultiSubscriptionSubscriber.set(Operators.java:1939)
	reactor.core.publisher.FluxConcatMap$ConcatMapImmediate.drain(FluxConcatMap.java:436)
	reactor.core.publisher.FluxConcatMap$ConcatMapImmediate.onNext(FluxConcatMap.java:244)
	reactor.core.publisher.FluxMap$MapSubscriber.onNext(FluxMap.java:114)
	reactor.core.publisher.FluxPeek$PeekSubscriber.onNext(FluxPeek.java:192)
	reactor.core.publisher.FluxMap$MapSubscriber.onNext(FluxMap.java:114)
	reactor.netty.channel.FluxReceive.drainReceiver(FluxReceive.java:206)
	reactor.netty.channel.FluxReceive.onInboundNext(FluxReceive.java:322)
	reactor.netty.channel.ChannelOperations.onInboundNext(ChannelOperations.java:335)
	reactor.netty.http.server.HttpServerOperations.onInboundNext(HttpServerOperations.java:456)
	reactor.netty.channel.ChannelOperationsHandler.channelRead(ChannelOperationsHandler.java:91)
	io.netty.channel.AbstractChannelHandlerContext.invokeChannelRead(AbstractChannelHandlerContext.java:374)
	io.netty.channel.AbstractChannelHandlerContext.invokeChannelRead(AbstractChannelHandlerContext.java:360)
	io.netty.channel.AbstractChannelHandlerContext.fireChannelRead(AbstractChannelHandlerContext.java:352)
	reactor.netty.http.server.HttpTrafficHandler.channelRead(HttpTrafficHandler.java:190)
	io.netty.channel.AbstractChannelHandlerContext.invokeChannelRead(AbstractChannelHandlerContext.java:374)
	io.netty.channel.AbstractChannelHandlerContext.invokeChannelRead(AbstractChannelHandlerContext.java:360)
	io.netty.channel.AbstractChannelHandlerContext.fireChannelRead(AbstractChannelHandlerContext.java:352)
	io.netty.channel.CombinedChannelDuplexHandler$DelegatingChannelHandlerContext.fireChannelRead(CombinedChannelDuplexHandler.java:438)
	io.netty.handler.codec.ByteToMessageDecoder.fireChannelRead(ByteToMessageDecoder.java:323)
	io.netty.handler.codec.ByteToMessageDecoder.fireChannelRead(ByteToMessageDecoder.java:310)
	io.netty.handler.codec.ByteToMessageDecoder.callDecode(ByteToMessageDecoder.java:426)
	io.netty.handler.codec.ByteToMessageDecoder.channelRead(ByteToMessageDecoder.java:278)
	io.netty.channel.CombinedChannelDuplexHandler.channelRead(CombinedChannelDuplexHandler.java:253)
	io.netty.channel.AbstractChannelHandlerContext.invokeChannelRead(AbstractChannelHandlerContext.java:374)
	io.netty.channel.AbstractChannelHandlerContext.invokeChannelRead(AbstractChannelHandlerContext.java:360)
	io.netty.channel.AbstractChannelHandlerContext.fireChannelRead(AbstractChannelHandlerContext.java:352)
	io.netty.channel.DefaultChannelPipeline$HeadContext.channelRead(DefaultChannelPipeline.java:1408)
	io.netty.channel.AbstractChannelHandlerContext.invokeChannelRead(AbstractChannelHandlerContext.java:374)
	io.netty.channel.AbstractChannelHandlerContext.invokeChannelRead(AbstractChannelHandlerContext.java:360)
	io.netty.channel.DefaultChannelPipeline.fireChannelRead(DefaultChannelPipeline.java:930)
	io.netty.channel.nio.AbstractNioByteChannel$NioByteUnsafe.read(AbstractNioByteChannel.java:163)
	io.netty.channel.nio.NioEventLoop.processSelectedKey(NioEventLoop.java:682)
	io.netty.channel.nio.NioEventLoop.processSelectedKeysOptimized(NioEventLoop.java:617)
	io.netty.channel.nio.NioEventLoop.processSelectedKeys(NioEventLoop.java:534)
	io.netty.channel.nio.NioEventLoop.run(NioEventLoop.java:496)
	io.netty.util.concurrent.SingleThreadEventExecutor$5.run(SingleThreadEventExecutor.java:906)
	io.netty.util.internal.ThreadExecutorMap$2.run(ThreadExecutorMap.java:74)
	io.netty.util.concurrent.FastThreadLocalRunnable.run(FastThreadLocalRunnable.java:30)
	java.lang.Thread.run(Thread.java:748)
#3:
	org.springframework.core.io.buffer.NettyDataBufferFactory.wrap(NettyDataBufferFactory.java:93)
	reactor.core.publisher.FluxMap$MapSubscriber.onNext(FluxMap.java:100)
	reactor.core.publisher.FluxPeek$PeekSubscriber.onNext(FluxPeek.java:192)
	reactor.core.publisher.FluxMap$MapSubscriber.onNext(FluxMap.java:114)
	reactor.netty.channel.FluxReceive.drainReceiver(FluxReceive.java:206)
	reactor.netty.channel.FluxReceive.onInboundNext(FluxReceive.java:322)
	reactor.netty.channel.ChannelOperations.onInboundNext(ChannelOperations.java:335)
	reactor.netty.http.server.HttpServerOperations.onInboundNext(HttpServerOperations.java:456)
	reactor.netty.channel.ChannelOperationsHandler.channelRead(ChannelOperationsHandler.java:91)
	io.netty.channel.AbstractChannelHandlerContext.invokeChannelRead(AbstractChannelHandlerContext.java:374)
	io.netty.channel.AbstractChannelHandlerContext.invokeChannelRead(AbstractChannelHandlerContext.java:360)
	io.netty.channel.AbstractChannelHandlerContext.fireChannelRead(AbstractChannelHandlerContext.java:352)
	reactor.netty.http.server.HttpTrafficHandler.channelRead(HttpTrafficHandler.java:190)
	io.netty.channel.AbstractChannelHandlerContext.invokeChannelRead(AbstractChannelHandlerContext.java:374)
	io.netty.channel.AbstractChannelHandlerContext.invokeChannelRead(AbstractChannelHandlerContext.java:360)
	io.netty.channel.AbstractChannelHandlerContext.fireChannelRead(AbstractChannelHandlerContext.java:352)
	io.netty.channel.CombinedChannelDuplexHandler$DelegatingChannelHandlerContext.fireChannelRead(CombinedChannelDuplexHandler.java:438)
	io.netty.handler.codec.ByteToMessageDecoder.fireChannelRead(ByteToMessageDecoder.java:323)
	io.netty.handler.codec.ByteToMessageDecoder.fireChannelRead(ByteToMessageDecoder.java:310)
	io.netty.handler.codec.ByteToMessageDecoder.callDecode(ByteToMessageDecoder.java:426)
	io.netty.handler.codec.ByteToMessageDecoder.channelRead(ByteToMessageDecoder.java:278)
	io.netty.channel.CombinedChannelDuplexHandler.channelRead(CombinedChannelDuplexHandler.java:253)
	io.netty.channel.AbstractChannelHandlerContext.invokeChannelRead(AbstractChannelHandlerContext.java:374)
	io.netty.channel.AbstractChannelHandlerContext.invokeChannelRead(AbstractChannelHandlerContext.java:360)
	io.netty.channel.AbstractChannelHandlerContext.fireChannelRead(AbstractChannelHandlerContext.java:352)
	io.netty.channel.DefaultChannelPipeline$HeadContext.channelRead(DefaultChannelPipeline.java:1408)
	io.netty.channel.AbstractChannelHandlerContext.invokeChannelRead(AbstractChannelHandlerContext.java:374)
	io.netty.channel.AbstractChannelHandlerContext.invokeChannelRead(AbstractChannelHandlerContext.java:360)
	io.netty.channel.DefaultChannelPipeline.fireChannelRead(DefaultChannelPipeline.java:930)
	io.netty.channel.nio.AbstractNioByteChannel$NioByteUnsafe.read(AbstractNioByteChannel.java:163)
	io.netty.channel.nio.NioEventLoop.processSelectedKey(NioEventLoop.java:682)
	io.netty.channel.nio.NioEventLoop.processSelectedKeysOptimized(NioEventLoop.java:617)
	io.netty.channel.nio.NioEventLoop.processSelectedKeys(NioEventLoop.java:534)
	io.netty.channel.nio.NioEventLoop.run(NioEventLoop.java:496)
	io.netty.util.concurrent.SingleThreadEventExecutor$5.run(SingleThreadEventExecutor.java:906)
	io.netty.util.internal.ThreadExecutorMap$2.run(ThreadExecutorMap.java:74)
	io.netty.util.concurrent.FastThreadLocalRunnable.run(FastThreadLocalRunnable.java:30)
	java.lang.Thread.run(Thread.java:748)
#4:
	reactor.core.publisher.FluxPeek$PeekSubscriber.onNext(FluxPeek.java:177)
	reactor.core.publisher.FluxMap$MapSubscriber.onNext(FluxMap.java:114)
	reactor.netty.channel.FluxReceive.drainReceiver(FluxReceive.java:206)
	reactor.netty.channel.FluxReceive.onInboundNext(FluxReceive.java:322)
	reactor.netty.channel.ChannelOperations.onInboundNext(ChannelOperations.java:335)
	reactor.netty.http.server.HttpServerOperations.onInboundNext(HttpServerOperations.java:456)
	reactor.netty.channel.ChannelOperationsHandler.channelRead(ChannelOperationsHandler.java:91)
	io.netty.channel.AbstractChannelHandlerContext.invokeChannelRead(AbstractChannelHandlerContext.java:374)
	io.netty.channel.AbstractChannelHandlerContext.invokeChannelRead(AbstractChannelHandlerContext.java:360)
	io.netty.channel.AbstractChannelHandlerContext.fireChannelRead(AbstractChannelHandlerContext.java:352)
	reactor.netty.http.server.HttpTrafficHandler.channelRead(HttpTrafficHandler.java:190)
	io.netty.channel.AbstractChannelHandlerContext.invokeChannelRead(AbstractChannelHandlerContext.java:374)
	io.netty.channel.AbstractChannelHandlerContext.invokeChannelRead(AbstractChannelHandlerContext.java:360)
	io.netty.channel.AbstractChannelHandlerContext.fireChannelRead(AbstractChannelHandlerContext.java:352)
	io.netty.channel.CombinedChannelDuplexHandler$DelegatingChannelHandlerContext.fireChannelRead(CombinedChannelDuplexHandler.java:438)
	io.netty.handler.codec.ByteToMessageDecoder.fireChannelRead(ByteToMessageDecoder.java:323)
	io.netty.handler.codec.ByteToMessageDecoder.fireChannelRead(ByteToMessageDecoder.java:310)
	io.netty.handler.codec.ByteToMessageDecoder.callDecode(ByteToMessageDecoder.java:426)
	io.netty.handler.codec.ByteToMessageDecoder.channelRead(ByteToMessageDecoder.java:278)
	io.netty.channel.CombinedChannelDuplexHandler.channelRead(CombinedChannelDuplexHandler.java:253)
	io.netty.channel.AbstractChannelHandlerContext.invokeChannelRead(AbstractChannelHandlerContext.java:374)
	io.netty.channel.AbstractChannelHandlerContext.invokeChannelRead(AbstractChannelHandlerContext.java:360)
	io.netty.channel.AbstractChannelHandlerContext.fireChannelRead(AbstractChannelHandlerContext.java:352)
	io.netty.channel.DefaultChannelPipeline$HeadContext.channelRead(DefaultChannelPipeline.java:1408)
	io.netty.channel.AbstractChannelHandlerContext.invokeChannelRead(AbstractChannelHandlerContext.java:374)
	io.netty.channel.AbstractChannelHandlerContext.invokeChannelRead(AbstractChannelHandlerContext.java:360)
	io.netty.channel.DefaultChannelPipeline.fireChannelRead(DefaultChannelPipeline.java:930)
	io.netty.channel.nio.AbstractNioByteChannel$NioByteUnsafe.read(AbstractNioByteChannel.java:163)
	io.netty.channel.nio.NioEventLoop.processSelectedKey(NioEventLoop.java:682)
	io.netty.channel.nio.NioEventLoop.processSelectedKeysOptimized(NioEventLoop.java:617)
	io.netty.channel.nio.NioEventLoop.processSelectedKeys(NioEventLoop.java:534)
	io.netty.channel.nio.NioEventLoop.run(NioEventLoop.java:496)
	io.netty.util.concurrent.SingleThreadEventExecutor$5.run(SingleThreadEventExecutor.java:906)
	io.netty.util.internal.ThreadExecutorMap$2.run(ThreadExecutorMap.java:74)
	io.netty.util.concurrent.FastThreadLocalRunnable.run(FastThreadLocalRunnable.java:30)
	java.lang.Thread.run(Thread.java:748)
#5:
	Hint: 'reactor.right.reactiveBridge' will handle the message from this point.
	io.netty.handler.codec.http.DefaultHttpContent.touch(DefaultHttpContent.java:88)
	io.netty.handler.codec.http.DefaultHttpContent.touch(DefaultHttpContent.java:24)
	io.netty.channel.DefaultChannelPipeline.touch(DefaultChannelPipeline.java:116)
	io.netty.channel.AbstractChannelHandlerContext.invokeChannelRead(AbstractChannelHandlerContext.java:357)
	io.netty.channel.AbstractChannelHandlerContext.fireChannelRead(AbstractChannelHandlerContext.java:352)
	reactor.netty.http.server.HttpTrafficHandler.channelRead(HttpTrafficHandler.java:190)
	io.netty.channel.AbstractChannelHandlerContext.invokeChannelRead(AbstractChannelHandlerContext.java:374)
	io.netty.channel.AbstractChannelHandlerContext.invokeChannelRead(AbstractChannelHandlerContext.java:360)
	io.netty.channel.AbstractChannelHandlerContext.fireChannelRead(AbstractChannelHandlerContext.java:352)
	io.netty.channel.CombinedChannelDuplexHandler$DelegatingChannelHandlerContext.fireChannelRead(CombinedChannelDuplexHandler.java:438)
	io.netty.handler.codec.ByteToMessageDecoder.fireChannelRead(ByteToMessageDecoder.java:323)
	io.netty.handler.codec.ByteToMessageDecoder.fireChannelRead(ByteToMessageDecoder.java:310)
	io.netty.handler.codec.ByteToMessageDecoder.callDecode(ByteToMessageDecoder.java:426)
	io.netty.handler.codec.ByteToMessageDecoder.channelRead(ByteToMessageDecoder.java:278)
	io.netty.channel.CombinedChannelDuplexHandler.channelRead(CombinedChannelDuplexHandler.java:253)
	io.netty.channel.AbstractChannelHandlerContext.invokeChannelRead(AbstractChannelHandlerContext.java:374)
	io.netty.channel.AbstractChannelHandlerContext.invokeChannelRead(AbstractChannelHandlerContext.java:360)
	io.netty.channel.AbstractChannelHandlerContext.fireChannelRead(AbstractChannelHandlerContext.java:352)
	io.netty.channel.DefaultChannelPipeline$HeadContext.channelRead(DefaultChannelPipeline.java:1408)
	io.netty.channel.AbstractChannelHandlerContext.invokeChannelRead(AbstractChannelHandlerContext.java:374)
	io.netty.channel.AbstractChannelHandlerContext.invokeChannelRead(AbstractChannelHandlerContext.java:360)
	io.netty.channel.DefaultChannelPipeline.fireChannelRead(DefaultChannelPipeline.java:930)
	io.netty.channel.nio.AbstractNioByteChannel$NioByteUnsafe.read(AbstractNioByteChannel.java:163)
	io.netty.channel.nio.NioEventLoop.processSelectedKey(NioEventLoop.java:682)
	io.netty.channel.nio.NioEventLoop.processSelectedKeysOptimized(NioEventLoop.java:617)
	io.netty.channel.nio.NioEventLoop.processSelectedKeys(NioEventLoop.java:534)
	io.netty.channel.nio.NioEventLoop.run(NioEventLoop.java:496)
	io.netty.util.concurrent.SingleThreadEventExecutor$5.run(SingleThreadEventExecutor.java:906)
	io.netty.util.internal.ThreadExecutorMap$2.run(ThreadExecutorMap.java:74)
	io.netty.util.concurrent.FastThreadLocalRunnable.run(FastThreadLocalRunnable.java:30)
	java.lang.Thread.run(Thread.java:748)
#6:
	Hint: 'reactor.left.httpTrafficHandler' will handle the message from this point.
	io.netty.handler.codec.http.DefaultHttpContent.touch(DefaultHttpContent.java:88)
	io.netty.handler.codec.http.DefaultHttpContent.touch(DefaultHttpContent.java:24)
	io.netty.channel.DefaultChannelPipeline.touch(DefaultChannelPipeline.java:116)
	io.netty.channel.AbstractChannelHandlerContext.invokeChannelRead(AbstractChannelHandlerContext.java:357)
	io.netty.channel.AbstractChannelHandlerContext.fireChannelRead(AbstractChannelHandlerContext.java:352)
	io.netty.channel.CombinedChannelDuplexHandler$DelegatingChannelHandlerContext.fireChannelRead(CombinedChannelDuplexHandler.java:438)
	io.netty.handler.codec.ByteToMessageDecoder.fireChannelRead(ByteToMessageDecoder.java:323)
	io.netty.handler.codec.ByteToMessageDecoder.fireChannelRead(ByteToMessageDecoder.java:310)
	io.netty.handler.codec.ByteToMessageDecoder.callDecode(ByteToMessageDecoder.java:426)
	io.netty.handler.codec.ByteToMessageDecoder.channelRead(ByteToMessageDecoder.java:278)
	io.netty.channel.CombinedChannelDuplexHandler.channelRead(CombinedChannelDuplexHandler.java:253)
	io.netty.channel.AbstractChannelHandlerContext.invokeChannelRead(AbstractChannelHandlerContext.java:374)
	io.netty.channel.AbstractChannelHandlerContext.invokeChannelRead(AbstractChannelHandlerContext.java:360)
	io.netty.channel.AbstractChannelHandlerContext.fireChannelRead(AbstractChannelHandlerContext.java:352)
	io.netty.channel.DefaultChannelPipeline$HeadContext.channelRead(DefaultChannelPipeline.java:1408)
	io.netty.channel.AbstractChannelHandlerContext.invokeChannelRead(AbstractChannelHandlerContext.java:374)
	io.netty.channel.AbstractChannelHandlerContext.invokeChannelRead(AbstractChannelHandlerContext.java:360)
	io.netty.channel.DefaultChannelPipeline.fireChannelRead(DefaultChannelPipeline.java:930)
	io.netty.channel.nio.AbstractNioByteChannel$NioByteUnsafe.read(AbstractNioByteChannel.java:163)
	io.netty.channel.nio.NioEventLoop.processSelectedKey(NioEventLoop.java:682)
	io.netty.channel.nio.NioEventLoop.processSelectedKeysOptimized(NioEventLoop.java:617)
	io.netty.channel.nio.NioEventLoop.processSelectedKeys(NioEventLoop.java:534)
	io.netty.channel.nio.NioEventLoop.run(NioEventLoop.java:496)
	io.netty.util.concurrent.SingleThreadEventExecutor$5.run(SingleThreadEventExecutor.java:906)
	io.netty.util.internal.ThreadExecutorMap$2.run(ThreadExecutorMap.java:74)
	io.netty.util.concurrent.FastThreadLocalRunnable.run(FastThreadLocalRunnable.java:30)
	java.lang.Thread.run(Thread.java:748)
Created at:
	io.netty.buffer.SimpleLeakAwareByteBuf.unwrappedDerived(SimpleLeakAwareByteBuf.java:143)
	io.netty.buffer.SimpleLeakAwareByteBuf.readRetainedSlice(SimpleLeakAwareByteBuf.java:67)
	io.netty.buffer.AdvancedLeakAwareByteBuf.readRetainedSlice(AdvancedLeakAwareByteBuf.java:107)
	io.netty.handler.codec.http.HttpObjectDecoder.decode(HttpObjectDecoder.java:336)
	io.netty.handler.codec.http.HttpServerCodec$HttpServerRequestDecoder.decode(HttpServerCodec.java:103)
	io.netty.handler.codec.ByteToMessageDecoder.decodeRemovalReentryProtection(ByteToMessageDecoder.java:502)
	io.netty.handler.codec.ByteToMessageDecoder.callDecode(ByteToMessageDecoder.java:441)
	io.netty.handler.codec.ByteToMessageDecoder.channelRead(ByteToMessageDecoder.java:278)
	io.netty.channel.CombinedChannelDuplexHandler.channelRead(CombinedChannelDuplexHandler.java:253)
	io.netty.channel.AbstractChannelHandlerContext.invokeChannelRead(AbstractChannelHandlerContext.java:374)
	io.netty.channel.AbstractChannelHandlerContext.invokeChannelRead(AbstractChannelHandlerContext.java:360)
	io.netty.channel.AbstractChannelHandlerContext.fireChannelRead(AbstractChannelHandlerContext.java:352)
	io.netty.channel.DefaultChannelPipeline$HeadContext.channelRead(DefaultChannelPipeline.java:1408)
	io.netty.channel.AbstractChannelHandlerContext.invokeChannelRead(AbstractChannelHandlerContext.java:374)
	io.netty.channel.AbstractChannelHandlerContext.invokeChannelRead(AbstractChannelHandlerContext.java:360)
	io.netty.channel.DefaultChannelPipeline.fireChannelRead(DefaultChannelPipeline.java:930)
	io.netty.channel.nio.AbstractNioByteChannel$NioByteUnsafe.read(AbstractNioByteChannel.java:163)
	io.netty.channel.nio.NioEventLoop.processSelectedKey(NioEventLoop.java:682)
	io.netty.channel.nio.NioEventLoop.processSelectedKeysOptimized(NioEventLoop.java:617)
	io.netty.channel.nio.NioEventLoop.processSelectedKeys(NioEventLoop.java:534)
	io.netty.channel.nio.NioEventLoop.run(NioEventLoop.java:496)
	io.netty.util.concurrent.SingleThreadEventExecutor$5.run(SingleThreadEventExecutor.java:906)
	io.netty.util.internal.ThreadExecutorMap$2.run(ThreadExecutorMap.java:74)
	io.netty.util.concurrent.FastThreadLocalRunnable.run(FastThreadLocalRunnable.java:30)
	java.lang.Thread.run(Thread.java:748)
: 4 leak records were discarded because the leak record count is targeted to 4. Use system property io.netty.leakDetection.targetRecords to increase the limit.
22:42:59.992 [reactor-http-nio-14] ERROR i.n.u.ResourceLeakDetector - LEAK: ByteBuf.release() was not called before it's garbage-collected. See http://netty.io/wiki/reference-counted-objects.html for more information.
Recent access records: 
#1:
	io.netty.buffer.AdvancedLeakAwareByteBuf.order(AdvancedLeakAwareByteBuf.java:70)
	io.netty.buffer.CompositeByteBuf.newComponent(CompositeByteBuf.java:318)
	io.netty.buffer.CompositeByteBuf.addComponent0(CompositeByteBuf.java:280)
	io.netty.buffer.CompositeByteBuf.addComponent(CompositeByteBuf.java:265)
	io.netty.buffer.CompositeByteBuf.addComponent(CompositeByteBuf.java:222)
	io.netty.buffer.WrappedCompositeByteBuf.addComponent(WrappedCompositeByteBuf.java:529)
	io.netty.buffer.AdvancedLeakAwareCompositeByteBuf.addComponent(AdvancedLeakAwareCompositeByteBuf.java:921)
	org.springframework.core.io.buffer.NettyDataBufferFactory.join(NettyDataBufferFactory.java:111)
	org.springframework.core.io.buffer.DataBufferUtils.joinAndStrip(DataBufferUtils.java:686)
	org.springframework.core.io.buffer.DataBufferUtils.lambda$split$20(DataBufferUtils.java:605)
	reactor.core.publisher.FluxMap$MapConditionalSubscriber.onNext(FluxMap.java:199)
	reactor.core.publisher.FluxBufferPredicate$BufferPredicateSubscriber.emit(FluxBufferPredicate.java:290)
	reactor.core.publisher.FluxBufferPredicate$BufferPredicateSubscriber.onNextNewBuffer(FluxBufferPredicate.java:257)
	reactor.core.publisher.FluxBufferPredicate$BufferPredicateSubscriber.tryOnNext(FluxBufferPredicate.java:211)
	reactor.core.publisher.FluxBufferPredicate$BufferPredicateSubscriber.onNext(FluxBufferPredicate.java:184)
	reactor.core.publisher.FluxFlatMap$FlatMapMain.drainLoop(FluxFlatMap.java:664)
	reactor.core.publisher.FluxFlatMap$FlatMapMain.drain(FluxFlatMap.java:540)
	reactor.core.publisher.FluxFlatMap$FlatMapInner.onSubscribe(FluxFlatMap.java:924)
	reactor.core.publisher.FluxIterable.subscribe(FluxIterable.java:139)
	reactor.core.publisher.FluxIterable.subscribe(FluxIterable.java:63)
	reactor.core.publisher.Flux.subscribe(Flux.java:7922)
	reactor.core.publisher.FluxFlatMap$FlatMapMain.onNext(FluxFlatMap.java:389)
	reactor.core.publisher.FluxConcatMap$ConcatMapImmediate.innerNext(FluxConcatMap.java:275)
	reactor.core.publisher.FluxConcatMap$ConcatMapInner.onNext(FluxConcatMap.java:849)
	reactor.core.publisher.FluxConcatMap$WeakScalarSubscription.request(FluxConcatMap.java:470)
	reactor.core.publisher.Operators$MultiSubscriptionSubscriber.set(Operators.java:1939)
	reactor.core.publisher.FluxConcatMap$ConcatMapImmediate.drain(FluxConcatMap.java:436)
	reactor.core.publisher.FluxConcatMap$ConcatMapImmediate.onNext(FluxConcatMap.java:244)
	reactor.core.publisher.FluxMap$MapSubscriber.onNext(FluxMap.java:114)
	reactor.core.publisher.FluxPeek$PeekSubscriber.onNext(FluxPeek.java:192)
	reactor.core.publisher.FluxMap$MapSubscriber.onNext(FluxMap.java:114)
	reactor.netty.channel.FluxReceive.drainReceiver(FluxReceive.java:206)
	reactor.netty.channel.FluxReceive.onInboundNext(FluxReceive.java:322)
	reactor.netty.channel.ChannelOperations.onInboundNext(ChannelOperations.java:335)
	reactor.netty.http.server.HttpServerOperations.onInboundNext(HttpServerOperations.java:456)
	reactor.netty.channel.ChannelOperationsHandler.channelRead(ChannelOperationsHandler.java:91)
	io.netty.channel.AbstractChannelHandlerContext.invokeChannelRead(AbstractChannelHandlerContext.java:374)
	io.netty.channel.AbstractChannelHandlerContext.invokeChannelRead(AbstractChannelHandlerContext.java:360)
	io.netty.channel.AbstractChannelHandlerContext.fireChannelRead(AbstractChannelHandlerContext.java:352)
	reactor.netty.http.server.HttpTrafficHandler.channelRead(HttpTrafficHandler.java:190)
	io.netty.channel.AbstractChannelHandlerContext.invokeChannelRead(AbstractChannelHandlerContext.java:374)
	io.netty.channel.AbstractChannelHandlerContext.invokeChannelRead(AbstractChannelHandlerContext.java:360)
	io.netty.channel.AbstractChannelHandlerContext.fireChannelRead(AbstractChannelHandlerContext.java:352)
	io.netty.channel.CombinedChannelDuplexHandler$DelegatingChannelHandlerContext.fireChannelRead(CombinedChannelDuplexHandler.java:438)
	io.netty.handler.codec.ByteToMessageDecoder.fireChannelRead(ByteToMessageDecoder.java:323)
	io.netty.handler.codec.ByteToMessageDecoder.fireChannelRead(ByteToMessageDecoder.java:310)
	io.netty.handler.codec.ByteToMessageDecoder.callDecode(ByteToMessageDecoder.java:426)
	io.netty.handler.codec.ByteToMessageDecoder.channelRead(ByteToMessageDecoder.java:278)
	io.netty.channel.CombinedChannelDuplexHandler.channelRead(CombinedChannelDuplexHandler.java:253)
	io.netty.channel.AbstractChannelHandlerContext.invokeChannelRead(AbstractChannelHandlerContext.java:374)
	io.netty.channel.AbstractChannelHandlerContext.invokeChannelRead(AbstractChannelHandlerContext.java:360)
	io.netty.channel.AbstractChannelHandlerContext.fireChannelRead(AbstractChannelHandlerContext.java:352)
	io.netty.channel.DefaultChannelPipeline$HeadContext.channelRead(DefaultChannelPipeline.java:1408)
	io.netty.channel.AbstractChannelHandlerContext.invokeChannelRead(AbstractChannelHandlerContext.java:374)
	io.netty.channel.AbstractChannelHandlerContext.invokeChannelRead(AbstractChannelHandlerContext.java:360)
	io.netty.channel.DefaultChannelPipeline.fireChannelRead(DefaultChannelPipeline.java:930)
	io.netty.channel.nio.AbstractNioByteChannel$NioByteUnsafe.read(AbstractNioByteChannel.java:163)
	io.netty.channel.nio.NioEventLoop.processSelectedKey(NioEventLoop.java:682)
	io.netty.channel.nio.NioEventLoop.processSelectedKeysOptimized(NioEventLoop.java:617)
	io.netty.channel.nio.NioEventLoop.processSelectedKeys(NioEventLoop.java:534)
	io.netty.channel.nio.NioEventLoop.run(NioEventLoop.java:496)
	io.netty.util.concurrent.SingleThreadEventExecutor$5.run(SingleThreadEventExecutor.java:906)
	io.netty.util.internal.ThreadExecutorMap$2.run(ThreadExecutorMap.java:74)
	io.netty.util.concurrent.FastThreadLocalRunnable.run(FastThreadLocalRunnable.java:30)
	java.lang.Thread.run(Thread.java:748)
#2:
	io.netty.buffer.AdvancedLeakAwareByteBuf.getByte(AdvancedLeakAwareByteBuf.java:154)
	org.springframework.core.io.buffer.NettyDataBuffer.getByte(NettyDataBuffer.java:132)
	org.springframework.core.io.buffer.DataBufferUtils$KnuthMorrisPrattMatcher.match(DataBufferUtils.java:1005)
	org.springframework.core.io.buffer.DataBufferUtils.endFrameAfterDelimiter(DataBufferUtils.java:634)
	org.springframework.core.io.buffer.DataBufferUtils.lambda$split$18(DataBufferUtils.java:603)
	reactor.core.publisher.FluxFlatMap$FlatMapMain.onNext(FluxFlatMap.java:350)
	reactor.core.publisher.FluxConcatMap$ConcatMapImmediate.innerNext(FluxConcatMap.java:275)
	reactor.core.publisher.FluxConcatMap$ConcatMapInner.onNext(FluxConcatMap.java:849)
	reactor.core.publisher.FluxConcatMap$WeakScalarSubscription.request(FluxConcatMap.java:470)
	reactor.core.publisher.Operators$MultiSubscriptionSubscriber.set(Operators.java:1939)
	reactor.core.publisher.FluxConcatMap$ConcatMapImmediate.drain(FluxConcatMap.java:436)
	reactor.core.publisher.FluxConcatMap$ConcatMapImmediate.onNext(FluxConcatMap.java:244)
	reactor.core.publisher.FluxMap$MapSubscriber.onNext(FluxMap.java:114)
	reactor.core.publisher.FluxPeek$PeekSubscriber.onNext(FluxPeek.java:192)
	reactor.core.publisher.FluxMap$MapSubscriber.onNext(FluxMap.java:114)
	reactor.netty.channel.FluxReceive.drainReceiver(FluxReceive.java:206)
	reactor.netty.channel.FluxReceive.onInboundNext(FluxReceive.java:322)
	reactor.netty.channel.ChannelOperations.onInboundNext(ChannelOperations.java:335)
	reactor.netty.http.server.HttpServerOperations.onInboundNext(HttpServerOperations.java:456)
	reactor.netty.channel.ChannelOperationsHandler.channelRead(ChannelOperationsHandler.java:91)
	io.netty.channel.AbstractChannelHandlerContext.invokeChannelRead(AbstractChannelHandlerContext.java:374)
	io.netty.channel.AbstractChannelHandlerContext.invokeChannelRead(AbstractChannelHandlerContext.java:360)
	io.netty.channel.AbstractChannelHandlerContext.fireChannelRead(AbstractChannelHandlerContext.java:352)
	reactor.netty.http.server.HttpTrafficHandler.channelRead(HttpTrafficHandler.java:190)
	io.netty.channel.AbstractChannelHandlerContext.invokeChannelRead(AbstractChannelHandlerContext.java:374)
	io.netty.channel.AbstractChannelHandlerContext.invokeChannelRead(AbstractChannelHandlerContext.java:360)
	io.netty.channel.AbstractChannelHandlerContext.fireChannelRead(AbstractChannelHandlerContext.java:352)
	io.netty.channel.CombinedChannelDuplexHandler$DelegatingChannelHandlerContext.fireChannelRead(CombinedChannelDuplexHandler.java:438)
	io.netty.handler.codec.ByteToMessageDecoder.fireChannelRead(ByteToMessageDecoder.java:323)
	io.netty.handler.codec.ByteToMessageDecoder.fireChannelRead(ByteToMessageDecoder.java:310)
	io.netty.handler.codec.ByteToMessageDecoder.callDecode(ByteToMessageDecoder.java:426)
	io.netty.handler.codec.ByteToMessageDecoder.channelRead(ByteToMessageDecoder.java:278)
	io.netty.channel.CombinedChannelDuplexHandler.channelRead(CombinedChannelDuplexHandler.java:253)
	io.netty.channel.AbstractChannelHandlerContext.invokeChannelRead(AbstractChannelHandlerContext.java:374)
	io.netty.channel.AbstractChannelHandlerContext.invokeChannelRead(AbstractChannelHandlerContext.java:360)
	io.netty.channel.AbstractChannelHandlerContext.fireChannelRead(AbstractChannelHandlerContext.java:352)
	io.netty.channel.DefaultChannelPipeline$HeadContext.channelRead(DefaultChannelPipeline.java:1408)
	io.netty.channel.AbstractChannelHandlerContext.invokeChannelRead(AbstractChannelHandlerContext.java:374)
	io.netty.channel.AbstractChannelHandlerContext.invokeChannelRead(AbstractChannelHandlerContext.java:360)
	io.netty.channel.DefaultChannelPipeline.fireChannelRead(DefaultChannelPipeline.java:930)
	io.netty.channel.nio.AbstractNioByteChannel$NioByteUnsafe.read(AbstractNioByteChannel.java:163)
	io.netty.channel.nio.NioEventLoop.processSelectedKey(NioEventLoop.java:682)
	io.netty.channel.nio.NioEventLoop.processSelectedKeysOptimized(NioEventLoop.java:617)
	io.netty.channel.nio.NioEventLoop.processSelectedKeys(NioEventLoop.java:534)
	io.netty.channel.nio.NioEventLoop.run(NioEventLoop.java:496)
	io.netty.util.concurrent.SingleThreadEventExecutor$5.run(SingleThreadEventExecutor.java:906)
	io.netty.util.internal.ThreadExecutorMap$2.run(ThreadExecutorMap.java:74)
	io.netty.util.concurrent.FastThreadLocalRunnable.run(FastThreadLocalRunnable.java:30)
	java.lang.Thread.run(Thread.java:748)
#3:
	reactor.core.publisher.FluxPeek$PeekSubscriber.onNext(FluxPeek.java:177)
	reactor.core.publisher.FluxMap$MapSubscriber.onNext(FluxMap.java:114)
	reactor.netty.channel.FluxReceive.drainReceiver(FluxReceive.java:206)
	reactor.netty.channel.FluxReceive.onInboundNext(FluxReceive.java:322)
	reactor.netty.channel.ChannelOperations.onInboundNext(ChannelOperations.java:335)
	reactor.netty.http.server.HttpServerOperations.onInboundNext(HttpServerOperations.java:456)
	reactor.netty.channel.ChannelOperationsHandler.channelRead(ChannelOperationsHandler.java:91)
	io.netty.channel.AbstractChannelHandlerContext.invokeChannelRead(AbstractChannelHandlerContext.java:374)
	io.netty.channel.AbstractChannelHandlerContext.invokeChannelRead(AbstractChannelHandlerContext.java:360)
	io.netty.channel.AbstractChannelHandlerContext.fireChannelRead(AbstractChannelHandlerContext.java:352)
	reactor.netty.http.server.HttpTrafficHandler.channelRead(HttpTrafficHandler.java:190)
	io.netty.channel.AbstractChannelHandlerContext.invokeChannelRead(AbstractChannelHandlerContext.java:374)
	io.netty.channel.AbstractChannelHandlerContext.invokeChannelRead(AbstractChannelHandlerContext.java:360)
	io.netty.channel.AbstractChannelHandlerContext.fireChannelRead(AbstractChannelHandlerContext.java:352)
	io.netty.channel.CombinedChannelDuplexHandler$DelegatingChannelHandlerContext.fireChannelRead(CombinedChannelDuplexHandler.java:438)
	io.netty.handler.codec.ByteToMessageDecoder.fireChannelRead(ByteToMessageDecoder.java:323)
	io.netty.handler.codec.ByteToMessageDecoder.fireChannelRead(ByteToMessageDecoder.java:310)
	io.netty.handler.codec.ByteToMessageDecoder.callDecode(ByteToMessageDecoder.java:426)
	io.netty.handler.codec.ByteToMessageDecoder.channelRead(ByteToMessageDecoder.java:278)
	io.netty.channel.CombinedChannelDuplexHandler.channelRead(CombinedChannelDuplexHandler.java:253)
	io.netty.channel.AbstractChannelHandlerContext.invokeChannelRead(AbstractChannelHandlerContext.java:374)
	io.netty.channel.AbstractChannelHandlerContext.invokeChannelRead(AbstractChannelHandlerContext.java:360)
	io.netty.channel.AbstractChannelHandlerContext.fireChannelRead(AbstractChannelHandlerContext.java:352)
	io.netty.channel.DefaultChannelPipeline$HeadContext.channelRead(DefaultChannelPipeline.java:1408)
	io.netty.channel.AbstractChannelHandlerContext.invokeChannelRead(AbstractChannelHandlerContext.java:374)
	io.netty.channel.AbstractChannelHandlerContext.invokeChannelRead(AbstractChannelHandlerContext.java:360)
	io.netty.channel.DefaultChannelPipeline.fireChannelRead(DefaultChannelPipeline.java:930)
	io.netty.channel.nio.AbstractNioByteChannel$NioByteUnsafe.read(AbstractNioByteChannel.java:163)
	io.netty.channel.nio.NioEventLoop.processSelectedKey(NioEventLoop.java:682)
	io.netty.channel.nio.NioEventLoop.processSelectedKeysOptimized(NioEventLoop.java:617)
	io.netty.channel.nio.NioEventLoop.processSelectedKeys(NioEventLoop.java:534)
	io.netty.channel.nio.NioEventLoop.run(NioEventLoop.java:496)
	io.netty.util.concurrent.SingleThreadEventExecutor$5.run(SingleThreadEventExecutor.java:906)
	io.netty.util.internal.ThreadExecutorMap$2.run(ThreadExecutorMap.java:74)
	io.netty.util.concurrent.FastThreadLocalRunnable.run(FastThreadLocalRunnable.java:30)
	java.lang.Thread.run(Thread.java:748)
#4:
	Hint: 'reactor.right.reactiveBridge' will handle the message from this point.
	io.netty.handler.codec.http.DefaultHttpContent.touch(DefaultHttpContent.java:88)
	io.netty.handler.codec.http.DefaultHttpContent.touch(DefaultHttpContent.java:24)
	io.netty.channel.DefaultChannelPipeline.touch(DefaultChannelPipeline.java:116)
	io.netty.channel.AbstractChannelHandlerContext.invokeChannelRead(AbstractChannelHandlerContext.java:357)
	io.netty.channel.AbstractChannelHandlerContext.fireChannelRead(AbstractChannelHandlerContext.java:352)
	reactor.netty.http.server.HttpTrafficHandler.channelRead(HttpTrafficHandler.java:190)
	io.netty.channel.AbstractChannelHandlerContext.invokeChannelRead(AbstractChannelHandlerContext.java:374)
	io.netty.channel.AbstractChannelHandlerContext.invokeChannelRead(AbstractChannelHandlerContext.java:360)
	io.netty.channel.AbstractChannelHandlerContext.fireChannelRead(AbstractChannelHandlerContext.java:352)
	io.netty.channel.CombinedChannelDuplexHandler$DelegatingChannelHandlerContext.fireChannelRead(CombinedChannelDuplexHandler.java:438)
	io.netty.handler.codec.ByteToMessageDecoder.fireChannelRead(ByteToMessageDecoder.java:323)
	io.netty.handler.codec.ByteToMessageDecoder.fireChannelRead(ByteToMessageDecoder.java:310)
	io.netty.handler.codec.ByteToMessageDecoder.callDecode(ByteToMessageDecoder.java:426)
	io.netty.handler.codec.ByteToMessageDecoder.channelRead(ByteToMessageDecoder.java:278)
	io.netty.channel.CombinedChannelDuplexHandler.channelRead(CombinedChannelDuplexHandler.java:253)
	io.netty.channel.AbstractChannelHandlerContext.invokeChannelRead(AbstractChannelHandlerContext.java:374)
	io.netty.channel.AbstractChannelHandlerContext.invokeChannelRead(AbstractChannelHandlerContext.java:360)
	io.netty.channel.AbstractChannelHandlerContext.fireChannelRead(AbstractChannelHandlerContext.java:352)
	io.netty.channel.DefaultChannelPipeline$HeadContext.channelRead(DefaultChannelPipeline.java:1408)
	io.netty.channel.AbstractChannelHandlerContext.invokeChannelRead(AbstractChannelHandlerContext.java:374)
	io.netty.channel.AbstractChannelHandlerContext.invokeChannelRead(AbstractChannelHandlerContext.java:360)
	io.netty.channel.DefaultChannelPipeline.fireChannelRead(DefaultChannelPipeline.java:930)
	io.netty.channel.nio.AbstractNioByteChannel$NioByteUnsafe.read(AbstractNioByteChannel.java:163)
	io.netty.channel.nio.NioEventLoop.processSelectedKey(NioEventLoop.java:682)
	io.netty.channel.nio.NioEventLoop.processSelectedKeysOptimized(NioEventLoop.java:617)
	io.netty.channel.nio.NioEventLoop.processSelectedKeys(NioEventLoop.java:534)
	io.netty.channel.nio.NioEventLoop.run(NioEventLoop.java:496)
	io.netty.util.concurrent.SingleThreadEventExecutor$5.run(SingleThreadEventExecutor.java:906)
	io.netty.util.internal.ThreadExecutorMap$2.run(ThreadExecutorMap.java:74)
	io.netty.util.concurrent.FastThreadLocalRunnable.run(FastThreadLocalRunnable.java:30)
	java.lang.Thread.run(Thread.java:748)
#5:
	Hint: 'reactor.left.httpTrafficHandler' will handle the message from this point.
	io.netty.handler.codec.http.DefaultHttpContent.touch(DefaultHttpContent.java:88)
	io.netty.handler.codec.http.DefaultHttpContent.touch(DefaultHttpContent.java:24)
	io.netty.channel.DefaultChannelPipeline.touch(DefaultChannelPipeline.java:116)
	io.netty.channel.AbstractChannelHandlerContext.invokeChannelRead(AbstractChannelHandlerContext.java:357)
	io.netty.channel.AbstractChannelHandlerContext.fireChannelRead(AbstractChannelHandlerContext.java:352)
	io.netty.channel.CombinedChannelDuplexHandler$DelegatingChannelHandlerContext.fireChannelRead(CombinedChannelDuplexHandler.java:438)
	io.netty.handler.codec.ByteToMessageDecoder.fireChannelRead(ByteToMessageDecoder.java:323)
	io.netty.handler.codec.ByteToMessageDecoder.fireChannelRead(ByteToMessageDecoder.java:310)
	io.netty.handler.codec.ByteToMessageDecoder.callDecode(ByteToMessageDecoder.java:426)
	io.netty.handler.codec.ByteToMessageDecoder.channelRead(ByteToMessageDecoder.java:278)
	io.netty.channel.CombinedChannelDuplexHandler.channelRead(CombinedChannelDuplexHandler.java:253)
	io.netty.channel.AbstractChannelHandlerContext.invokeChannelRead(AbstractChannelHandlerContext.java:374)
	io.netty.channel.AbstractChannelHandlerContext.invokeChannelRead(AbstractChannelHandlerContext.java:360)
	io.netty.channel.AbstractChannelHandlerContext.fireChannelRead(AbstractChannelHandlerContext.java:352)
	io.netty.channel.DefaultChannelPipeline$HeadContext.channelRead(DefaultChannelPipeline.java:1408)
	io.netty.channel.AbstractChannelHandlerContext.invokeChannelRead(AbstractChannelHandlerContext.java:374)
	io.netty.channel.AbstractChannelHandlerContext.invokeChannelRead(AbstractChannelHandlerContext.java:360)
	io.netty.channel.DefaultChannelPipeline.fireChannelRead(DefaultChannelPipeline.java:930)
	io.netty.channel.nio.AbstractNioByteChannel$NioByteUnsafe.read(AbstractNioByteChannel.java:163)
	io.netty.channel.nio.NioEventLoop.processSelectedKey(NioEventLoop.java:682)
	io.netty.channel.nio.NioEventLoop.processSelectedKeysOptimized(NioEventLoop.java:617)
	io.netty.channel.nio.NioEventLoop.processSelectedKeys(NioEventLoop.java:534)
	io.netty.channel.nio.NioEventLoop.run(NioEventLoop.java:496)
	io.netty.util.concurrent.SingleThreadEventExecutor$5.run(SingleThreadEventExecutor.java:906)
	io.netty.util.internal.ThreadExecutorMap$2.run(ThreadExecutorMap.java:74)
	io.netty.util.concurrent.FastThreadLocalRunnable.run(FastThreadLocalRunnable.java:30)
	java.lang.Thread.run(Thread.java:748)
Created at:
	io.netty.buffer.SimpleLeakAwareByteBuf.unwrappedDerived(SimpleLeakAwareByteBuf.java:143)
	io.netty.buffer.SimpleLeakAwareByteBuf.readRetainedSlice(SimpleLeakAwareByteBuf.java:67)
	io.netty.buffer.AdvancedLeakAwareByteBuf.readRetainedSlice(AdvancedLeakAwareByteBuf.java:107)
	io.netty.handler.codec.http.HttpObjectDecoder.decode(HttpObjectDecoder.java:336)
	io.netty.handler.codec.http.HttpServerCodec$HttpServerRequestDecoder.decode(HttpServerCodec.java:103)
	io.netty.handler.codec.ByteToMessageDecoder.decodeRemovalReentryProtection(ByteToMessageDecoder.java:502)
	io.netty.handler.codec.ByteToMessageDecoder.callDecode(ByteToMessageDecoder.java:441)
	io.netty.handler.codec.ByteToMessageDecoder.channelRead(ByteToMessageDecoder.java:278)
	io.netty.channel.CombinedChannelDuplexHandler.channelRead(CombinedChannelDuplexHandler.java:253)
	io.netty.channel.AbstractChannelHandlerContext.invokeChannelRead(AbstractChannelHandlerContext.java:374)
	io.netty.channel.AbstractChannelHandlerContext.invokeChannelRead(AbstractChannelHandlerContext.java:360)
	io.netty.channel.AbstractChannelHandlerContext.fireChannelRead(AbstractChannelHandlerContext.java:352)
	io.netty.channel.DefaultChannelPipeline$HeadContext.channelRead(DefaultChannelPipeline.java:1408)
	io.netty.channel.AbstractChannelHandlerContext.invokeChannelRead(AbstractChannelHandlerContext.java:374)
	io.netty.channel.AbstractChannelHandlerContext.invokeChannelRead(AbstractChannelHandlerContext.java:360)
	io.netty.channel.DefaultChannelPipeline.fireChannelRead(DefaultChannelPipeline.java:930)
	io.netty.channel.nio.AbstractNioByteChannel$NioByteUnsafe.read(AbstractNioByteChannel.java:163)
	io.netty.channel.nio.NioEventLoop.processSelectedKey(NioEventLoop.java:682)
	io.netty.channel.nio.NioEventLoop.processSelectedKeysOptimized(NioEventLoop.java:617)
	io.netty.channel.nio.NioEventLoop.processSelectedKeys(NioEventLoop.java:534)
	io.netty.channel.nio.NioEventLoop.run(NioEventLoop.java:496)
	io.netty.util.concurrent.SingleThreadEventExecutor$5.run(SingleThreadEventExecutor.java:906)
	io.netty.util.internal.ThreadExecutorMap$2.run(ThreadExecutorMap.java:74)
	io.netty.util.concurrent.FastThreadLocalRunnable.run(FastThreadLocalRunnable.java:30)
	java.lang.Thread.run(Thread.java:748)
: 9 leak records were discarded because they were duplicates
: 3629 leak records were discarded because the leak record count is targeted to 4. Use system property io.netty.leakDetection.targetRecords to increase the limit.
22:42:59.994 [reactor-http-nio-14] ERROR i.n.u.ResourceLeakDetector - LEAK: ByteBuf.release() was not called before it's garbage-collected. See http://netty.io/wiki/reference-counted-objects.html for more information.
Recent access records: 
#1:
	io.netty.handler.codec.ByteToMessageDecoder.channelRead(ByteToMessageDecoder.java:286)
	io.netty.channel.CombinedChannelDuplexHandler.channelRead(CombinedChannelDuplexHandler.java:253)
	io.netty.channel.AbstractChannelHandlerContext.invokeChannelRead(AbstractChannelHandlerContext.java:374)
	io.netty.channel.AbstractChannelHandlerContext.invokeChannelRead(AbstractChannelHandlerContext.java:360)
	io.netty.channel.AbstractChannelHandlerContext.fireChannelRead(AbstractChannelHandlerContext.java:352)
	io.netty.channel.DefaultChannelPipeline$HeadContext.channelRead(DefaultChannelPipeline.java:1408)
	io.netty.channel.AbstractChannelHandlerContext.invokeChannelRead(AbstractChannelHandlerContext.java:374)
	io.netty.channel.AbstractChannelHandlerContext.invokeChannelRead(AbstractChannelHandlerContext.java:360)
	io.netty.channel.DefaultChannelPipeline.fireChannelRead(DefaultChannelPipeline.java:930)
	io.netty.channel.nio.AbstractNioByteChannel$NioByteUnsafe.read(AbstractNioByteChannel.java:163)
	io.netty.channel.nio.NioEventLoop.processSelectedKey(NioEventLoop.java:682)
	io.netty.channel.nio.NioEventLoop.processSelectedKeysOptimized(NioEventLoop.java:617)
	io.netty.channel.nio.NioEventLoop.processSelectedKeys(NioEventLoop.java:534)
	io.netty.channel.nio.NioEventLoop.run(NioEventLoop.java:496)
	io.netty.util.concurrent.SingleThreadEventExecutor$5.run(SingleThreadEventExecutor.java:906)
	io.netty.util.internal.ThreadExecutorMap$2.run(ThreadExecutorMap.java:74)
	io.netty.util.concurrent.FastThreadLocalRunnable.run(FastThreadLocalRunnable.java:30)
	java.lang.Thread.run(Thread.java:748)
#2:
	io.netty.buffer.AdvancedLeakAwareByteBuf.forEachByte(AdvancedLeakAwareByteBuf.java:670)
	io.netty.handler.codec.http.HttpObjectDecoder$HeaderParser.parse(HttpObjectDecoder.java:793)
	io.netty.handler.codec.http.HttpObjectDecoder$LineParser.parse(HttpObjectDecoder.java:842)
	io.netty.handler.codec.http.HttpObjectDecoder.decode(HttpObjectDecoder.java:313)
	io.netty.handler.codec.http.HttpServerCodec$HttpServerRequestDecoder.decode(HttpServerCodec.java:103)
	io.netty.handler.codec.ByteToMessageDecoder.decodeRemovalReentryProtection(ByteToMessageDecoder.java:502)
	io.netty.handler.codec.ByteToMessageDecoder.callDecode(ByteToMessageDecoder.java:441)
	io.netty.handler.codec.ByteToMessageDecoder.channelRead(ByteToMessageDecoder.java:278)
	io.netty.channel.CombinedChannelDuplexHandler.channelRead(CombinedChannelDuplexHandler.java:253)
	io.netty.channel.AbstractChannelHandlerContext.invokeChannelRead(AbstractChannelHandlerContext.java:374)
	io.netty.channel.AbstractChannelHandlerContext.invokeChannelRead(AbstractChannelHandlerContext.java:360)
	io.netty.channel.AbstractChannelHandlerContext.fireChannelRead(AbstractChannelHandlerContext.java:352)
	io.netty.channel.DefaultChannelPipeline$HeadContext.channelRead(DefaultChannelPipeline.java:1408)
	io.netty.channel.AbstractChannelHandlerContext.invokeChannelRead(AbstractChannelHandlerContext.java:374)
	io.netty.channel.AbstractChannelHandlerContext.invokeChannelRead(AbstractChannelHandlerContext.java:360)
	io.netty.channel.DefaultChannelPipeline.fireChannelRead(DefaultChannelPipeline.java:930)
	io.netty.channel.nio.AbstractNioByteChannel$NioByteUnsafe.read(AbstractNioByteChannel.java:163)
	io.netty.channel.nio.NioEventLoop.processSelectedKey(NioEventLoop.java:682)
	io.netty.channel.nio.NioEventLoop.processSelectedKeysOptimized(NioEventLoop.java:617)
	io.netty.channel.nio.NioEventLoop.processSelectedKeys(NioEventLoop.java:534)
	io.netty.channel.nio.NioEventLoop.run(NioEventLoop.java:496)
	io.netty.util.concurrent.SingleThreadEventExecutor$5.run(SingleThreadEventExecutor.java:906)
	io.netty.util.internal.ThreadExecutorMap$2.run(ThreadExecutorMap.java:74)
	io.netty.util.concurrent.FastThreadLocalRunnable.run(FastThreadLocalRunnable.java:30)
	java.lang.Thread.run(Thread.java:748)
#3:
	io.netty.buffer.AdvancedLeakAwareByteBuf.getByte(AdvancedLeakAwareByteBuf.java:154)
	io.netty.handler.codec.http.HttpObjectDecoder.decode(HttpObjectDecoder.java:351)
	io.netty.handler.codec.http.HttpServerCodec$HttpServerRequestDecoder.decode(HttpServerCodec.java:103)
	io.netty.handler.codec.ByteToMessageDecoder.decodeRemovalReentryProtection(ByteToMessageDecoder.java:502)
	io.netty.handler.codec.ByteToMessageDecoder.callDecode(ByteToMessageDecoder.java:441)
	io.netty.handler.codec.ByteToMessageDecoder.channelRead(ByteToMessageDecoder.java:278)
	io.netty.channel.CombinedChannelDuplexHandler.channelRead(CombinedChannelDuplexHandler.java:253)
	io.netty.channel.AbstractChannelHandlerContext.invokeChannelRead(AbstractChannelHandlerContext.java:374)
	io.netty.channel.AbstractChannelHandlerContext.invokeChannelRead(AbstractChannelHandlerContext.java:360)
	io.netty.channel.AbstractChannelHandlerContext.fireChannelRead(AbstractChannelHandlerContext.java:352)
	io.netty.channel.DefaultChannelPipeline$HeadContext.channelRead(DefaultChannelPipeline.java:1408)
	io.netty.channel.AbstractChannelHandlerContext.invokeChannelRead(AbstractChannelHandlerContext.java:374)
	io.netty.channel.AbstractChannelHandlerContext.invokeChannelRead(AbstractChannelHandlerContext.java:360)
	io.netty.channel.DefaultChannelPipeline.fireChannelRead(DefaultChannelPipeline.java:930)
	io.netty.channel.nio.AbstractNioByteChannel$NioByteUnsafe.read(AbstractNioByteChannel.java:163)
	io.netty.channel.nio.NioEventLoop.processSelectedKey(NioEventLoop.java:682)
	io.netty.channel.nio.NioEventLoop.processSelectedKeysOptimized(NioEventLoop.java:617)
	io.netty.channel.nio.NioEventLoop.processSelectedKeys(NioEventLoop.java:534)
	io.netty.channel.nio.NioEventLoop.run(NioEventLoop.java:496)
	io.netty.util.concurrent.SingleThreadEventExecutor$5.run(SingleThreadEventExecutor.java:906)
	io.netty.util.internal.ThreadExecutorMap$2.run(ThreadExecutorMap.java:74)
	io.netty.util.concurrent.FastThreadLocalRunnable.run(FastThreadLocalRunnable.java:30)
	java.lang.Thread.run(Thread.java:748)
#4:
	io.netty.buffer.AdvancedLeakAwareByteBuf.readRetainedSlice(AdvancedLeakAwareByteBuf.java:106)
	io.netty.handler.codec.http.HttpObjectDecoder.decode(HttpObjectDecoder.java:336)
	io.netty.handler.codec.http.HttpServerCodec$HttpServerRequestDecoder.decode(HttpServerCodec.java:103)
	io.netty.handler.codec.ByteToMessageDecoder.decodeRemovalReentryProtection(ByteToMessageDecoder.java:502)
	io.netty.handler.codec.ByteToMessageDecoder.callDecode(ByteToMessageDecoder.java:441)
	io.netty.handler.codec.ByteToMessageDecoder.channelRead(ByteToMessageDecoder.java:278)
	io.netty.channel.CombinedChannelDuplexHandler.channelRead(CombinedChannelDuplexHandler.java:253)
	io.netty.channel.AbstractChannelHandlerContext.invokeChannelRead(AbstractChannelHandlerContext.java:374)
	io.netty.channel.AbstractChannelHandlerContext.invokeChannelRead(AbstractChannelHandlerContext.java:360)
	io.netty.channel.AbstractChannelHandlerContext.fireChannelRead(AbstractChannelHandlerContext.java:352)
	io.netty.channel.DefaultChannelPipeline$HeadContext.channelRead(DefaultChannelPipeline.java:1408)
	io.netty.channel.AbstractChannelHandlerContext.invokeChannelRead(AbstractChannelHandlerContext.java:374)
	io.netty.channel.AbstractChannelHandlerContext.invokeChannelRead(AbstractChannelHandlerContext.java:360)
	io.netty.channel.DefaultChannelPipeline.fireChannelRead(DefaultChannelPipeline.java:930)
	io.netty.channel.nio.AbstractNioByteChannel$NioByteUnsafe.read(AbstractNioByteChannel.java:163)
	io.netty.channel.nio.NioEventLoop.processSelectedKey(NioEventLoop.java:682)
	io.netty.channel.nio.NioEventLoop.processSelectedKeysOptimized(NioEventLoop.java:617)
	io.netty.channel.nio.NioEventLoop.processSelectedKeys(NioEventLoop.java:534)
	io.netty.channel.nio.NioEventLoop.run(NioEventLoop.java:496)
	io.netty.util.concurrent.SingleThreadEventExecutor$5.run(SingleThreadEventExecutor.java:906)
	io.netty.util.internal.ThreadExecutorMap$2.run(ThreadExecutorMap.java:74)
	io.netty.util.concurrent.FastThreadLocalRunnable.run(FastThreadLocalRunnable.java:30)
	java.lang.Thread.run(Thread.java:748)
#5:
	Hint: 'reactor.left.httpCodec' will handle the message from this point.
	io.netty.channel.DefaultChannelPipeline.touch(DefaultChannelPipeline.java:116)
	io.netty.channel.AbstractChannelHandlerContext.invokeChannelRead(AbstractChannelHandlerContext.java:357)
	io.netty.channel.AbstractChannelHandlerContext.fireChannelRead(AbstractChannelHandlerContext.java:352)
	io.netty.channel.DefaultChannelPipeline$HeadContext.channelRead(DefaultChannelPipeline.java:1408)
	io.netty.channel.AbstractChannelHandlerContext.invokeChannelRead(AbstractChannelHandlerContext.java:374)
	io.netty.channel.AbstractChannelHandlerContext.invokeChannelRead(AbstractChannelHandlerContext.java:360)
	io.netty.channel.DefaultChannelPipeline.fireChannelRead(DefaultChannelPipeline.java:930)
	io.netty.channel.nio.AbstractNioByteChannel$NioByteUnsafe.read(AbstractNioByteChannel.java:163)
	io.netty.channel.nio.NioEventLoop.processSelectedKey(NioEventLoop.java:682)
	io.netty.channel.nio.NioEventLoop.processSelectedKeysOptimized(NioEventLoop.java:617)
	io.netty.channel.nio.NioEventLoop.processSelectedKeys(NioEventLoop.java:534)
	io.netty.channel.nio.NioEventLoop.run(NioEventLoop.java:496)
	io.netty.util.concurrent.SingleThreadEventExecutor$5.run(SingleThreadEventExecutor.java:906)
	io.netty.util.internal.ThreadExecutorMap$2.run(ThreadExecutorMap.java:74)
	io.netty.util.concurrent.FastThreadLocalRunnable.run(FastThreadLocalRunnable.java:30)
	java.lang.Thread.run(Thread.java:748)
#6:
	Hint: 'DefaultChannelPipeline$HeadContext#0' will handle the message from this point.
	io.netty.channel.DefaultChannelPipeline.touch(DefaultChannelPipeline.java:116)
	io.netty.channel.AbstractChannelHandlerContext.invokeChannelRead(AbstractChannelHandlerContext.java:357)
	io.netty.channel.DefaultChannelPipeline.fireChannelRead(DefaultChannelPipeline.java:930)
	io.netty.channel.nio.AbstractNioByteChannel$NioByteUnsafe.read(AbstractNioByteChannel.java:163)
	io.netty.channel.nio.NioEventLoop.processSelectedKey(NioEventLoop.java:682)
	io.netty.channel.nio.NioEventLoop.processSelectedKeysOptimized(NioEventLoop.java:617)
	io.netty.channel.nio.NioEventLoop.processSelectedKeys(NioEventLoop.java:534)
	io.netty.channel.nio.NioEventLoop.run(NioEventLoop.java:496)
	io.netty.util.concurrent.SingleThreadEventExecutor$5.run(SingleThreadEventExecutor.java:906)
	io.netty.util.internal.ThreadExecutorMap$2.run(ThreadExecutorMap.java:74)
	io.netty.util.concurrent.FastThreadLocalRunnable.run(FastThreadLocalRunnable.java:30)
	java.lang.Thread.run(Thread.java:748)
#7:
	io.netty.buffer.AdvancedLeakAwareByteBuf.writeBytes(AdvancedLeakAwareByteBuf.java:634)
	io.netty.channel.socket.nio.NioSocketChannel.doReadBytes(NioSocketChannel.java:347)
	io.netty.channel.nio.AbstractNioByteChannel$NioByteUnsafe.read(AbstractNioByteChannel.java:148)
	io.netty.channel.nio.NioEventLoop.processSelectedKey(NioEventLoop.java:682)
	io.netty.channel.nio.NioEventLoop.processSelectedKeysOptimized(NioEventLoop.java:617)
	io.netty.channel.nio.NioEventLoop.processSelectedKeys(NioEventLoop.java:534)
	io.netty.channel.nio.NioEventLoop.run(NioEventLoop.java:496)
	io.netty.util.concurrent.SingleThreadEventExecutor$5.run(SingleThreadEventExecutor.java:906)
	io.netty.util.internal.ThreadExecutorMap$2.run(ThreadExecutorMap.java:74)
	io.netty.util.concurrent.FastThreadLocalRunnable.run(FastThreadLocalRunnable.java:30)
	java.lang.Thread.run(Thread.java:748)
Created at:
	io.netty.buffer.PooledByteBufAllocator.newDirectBuffer(PooledByteBufAllocator.java:349)
	io.netty.buffer.AbstractByteBufAllocator.directBuffer(AbstractByteBufAllocator.java:187)
	io.netty.buffer.AbstractByteBufAllocator.directBuffer(AbstractByteBufAllocator.java:178)
	io.netty.buffer.AbstractByteBufAllocator.ioBuffer(AbstractByteBufAllocator.java:139)
	io.netty.channel.DefaultMaxMessagesRecvByteBufAllocator$MaxMessageHandle.allocate(DefaultMaxMessagesRecvByteBufAllocator.java:114)
	io.netty.channel.nio.AbstractNioByteChannel$NioByteUnsafe.read(AbstractNioByteChannel.java:147)
	io.netty.channel.nio.NioEventLoop.processSelectedKey(NioEventLoop.java:682)
	io.netty.channel.nio.NioEventLoop.processSelectedKeysOptimized(NioEventLoop.java:617)
	io.netty.channel.nio.NioEventLoop.processSelectedKeys(NioEventLoop.java:534)
	io.netty.channel.nio.NioEventLoop.run(NioEventLoop.java:496)
	io.netty.util.concurrent.SingleThreadEventExecutor$5.run(SingleThreadEventExecutor.java:906)
	io.netty.util.internal.ThreadExecutorMap$2.run(ThreadExecutorMap.java:74)
	io.netty.util.concurrent.FastThreadLocalRunnable.run(FastThreadLocalRunnable.java:30)
	java.lang.Thread.run(Thread.java:748)
: 3 leak records were discarded because they were duplicates
: 59 leak records were discarded because the leak record count is targeted to 4. Use system property io.netty.leakDetection.targetRecords to increase the limit.
22:42:59.995 [reactor-http-nio-14] ERROR i.n.u.ResourceLeakDetector - LEAK: ByteBuf.release() was not called before it's garbage-collected. See http://netty.io/wiki/reference-counted-objects.html for more information.
Recent access records: 
#1:
	io.netty.buffer.AdvancedLeakAwareByteBuf.getBytes(AdvancedLeakAwareByteBuf.java:250)
	io.netty.buffer.CompositeByteBuf.getBytes(CompositeByteBuf.java:1029)
	io.netty.buffer.CompositeByteBuf.getBytes(CompositeByteBuf.java:48)
	io.netty.buffer.AbstractUnpooledSlicedByteBuf.getBytes(AbstractUnpooledSlicedByteBuf.java:243)
	io.netty.buffer.AbstractByteBuf.readBytes(AbstractByteBuf.java:889)
	io.netty.buffer.AbstractByteBuf.readBytes(AbstractByteBuf.java:896)
	io.netty.buffer.WrappedByteBuf.readBytes(WrappedByteBuf.java:649)
	io.netty.buffer.AdvancedLeakAwareByteBuf.readBytes(AdvancedLeakAwareByteBuf.java:497)
	org.springframework.core.io.buffer.NettyDataBuffer.read(NettyDataBuffer.java:159)
	org.springframework.core.io.buffer.NettyDataBuffer.read(NettyDataBuffer.java:43)
	org.springframework.http.codec.multipart.DefaultMultipartMessageReader.toHeaders(DefaultMultipartMessageReader.java:229)
	org.springframework.http.codec.multipart.DefaultMultipartMessageReader.toPart(DefaultMultipartMessageReader.java:197)
	reactor.core.publisher.FluxMap$MapConditionalSubscriber.onNext(FluxMap.java:199)
	reactor.core.publisher.FluxTakeWhile$TakeWhileSubscriber.onNext(FluxTakeWhile.java:94)
	reactor.core.publisher.FluxContextStart$ContextStartSubscriber.onNext(FluxContextStart.java:103)
	reactor.core.publisher.FluxMap$MapConditionalSubscriber.onNext(FluxMap.java:213)
	reactor.core.publisher.FluxBufferPredicate$BufferPredicateSubscriber.emit(FluxBufferPredicate.java:290)
	reactor.core.publisher.FluxBufferPredicate$BufferPredicateSubscriber.onNextNewBuffer(FluxBufferPredicate.java:257)
	reactor.core.publisher.FluxBufferPredicate$BufferPredicateSubscriber.tryOnNext(FluxBufferPredicate.java:211)
	reactor.core.publisher.FluxBufferPredicate$BufferPredicateSubscriber.onNext(FluxBufferPredicate.java:184)
	reactor.core.publisher.FluxFlatMap$FlatMapMain.drainLoop(FluxFlatMap.java:664)
	reactor.core.publisher.FluxFlatMap$FlatMapMain.drain(FluxFlatMap.java:540)
	reactor.core.publisher.FluxFlatMap$FlatMapInner.onSubscribe(FluxFlatMap.java:924)
	reactor.core.publisher.FluxIterable.subscribe(FluxIterable.java:139)
	reactor.core.publisher.FluxIterable.subscribe(FluxIterable.java:63)
	reactor.core.publisher.Flux.subscribe(Flux.java:7922)
	reactor.core.publisher.FluxFlatMap$FlatMapMain.onNext(FluxFlatMap.java:389)
	reactor.core.publisher.FluxConcatMap$ConcatMapImmediate.innerNext(FluxConcatMap.java:275)
	reactor.core.publisher.FluxConcatMap$ConcatMapInner.onNext(FluxConcatMap.java:849)
	reactor.core.publisher.FluxConcatMap$WeakScalarSubscription.request(FluxConcatMap.java:470)
	reactor.core.publisher.Operators$MultiSubscriptionSubscriber.set(Operators.java:1939)
	reactor.core.publisher.FluxConcatMap$ConcatMapImmediate.drain(FluxConcatMap.java:436)
	reactor.core.publisher.FluxConcatMap$ConcatMapImmediate.onNext(FluxConcatMap.java:244)
	reactor.core.publisher.FluxMap$MapSubscriber.onNext(FluxMap.java:114)
	reactor.core.publisher.FluxPeek$PeekSubscriber.onNext(FluxPeek.java:192)
	reactor.core.publisher.FluxMap$MapSubscriber.onNext(FluxMap.java:114)
	reactor.netty.channel.FluxReceive.drainReceiver(FluxReceive.java:206)
	reactor.netty.channel.FluxReceive.onInboundNext(FluxReceive.java:322)
	reactor.netty.channel.ChannelOperations.onInboundNext(ChannelOperations.java:335)
	reactor.netty.http.server.HttpServerOperations.onInboundNext(HttpServerOperations.java:456)
	reactor.netty.channel.ChannelOperationsHandler.channelRead(ChannelOperationsHandler.java:91)
	io.netty.channel.AbstractChannelHandlerContext.invokeChannelRead(AbstractChannelHandlerContext.java:374)
	io.netty.channel.AbstractChannelHandlerContext.invokeChannelRead(AbstractChannelHandlerContext.java:360)
	io.netty.channel.AbstractChannelHandlerContext.fireChannelRead(AbstractChannelHandlerContext.java:352)
	reactor.netty.http.server.HttpTrafficHandler.channelRead(HttpTrafficHandler.java:190)
	io.netty.channel.AbstractChannelHandlerContext.invokeChannelRead(AbstractChannelHandlerContext.java:374)
	io.netty.channel.AbstractChannelHandlerContext.invokeChannelRead(AbstractChannelHandlerContext.java:360)
	io.netty.channel.AbstractChannelHandlerContext.fireChannelRead(AbstractChannelHandlerContext.java:352)
	io.netty.channel.CombinedChannelDuplexHandler$DelegatingChannelHandlerContext.fireChannelRead(CombinedChannelDuplexHandler.java:438)
	io.netty.handler.codec.ByteToMessageDecoder.fireChannelRead(ByteToMessageDecoder.java:323)
	io.netty.handler.codec.ByteToMessageDecoder.fireChannelRead(ByteToMessageDecoder.java:310)
	io.netty.handler.codec.ByteToMessageDecoder.callDecode(ByteToMessageDecoder.java:426)
	io.netty.handler.codec.ByteToMessageDecoder.channelRead(ByteToMessageDecoder.java:278)
	io.netty.channel.CombinedChannelDuplexHandler.channelRead(CombinedChannelDuplexHandler.java:253)
	io.netty.channel.AbstractChannelHandlerContext.invokeChannelRead(AbstractChannelHandlerContext.java:374)
	io.netty.channel.AbstractChannelHandlerContext.invokeChannelRead(AbstractChannelHandlerContext.java:360)
	io.netty.channel.AbstractChannelHandlerContext.fireChannelRead(AbstractChannelHandlerContext.java:352)
	io.netty.channel.DefaultChannelPipeline$HeadContext.channelRead(DefaultChannelPipeline.java:1408)
	io.netty.channel.AbstractChannelHandlerContext.invokeChannelRead(AbstractChannelHandlerContext.java:374)
	io.netty.channel.AbstractChannelHandlerContext.invokeChannelRead(AbstractChannelHandlerContext.java:360)
	io.netty.channel.DefaultChannelPipeline.fireChannelRead(DefaultChannelPipeline.java:930)
	io.netty.channel.nio.AbstractNioByteChannel$NioByteUnsafe.read(AbstractNioByteChannel.java:163)
	io.netty.channel.nio.NioEventLoop.processSelectedKey(NioEventLoop.java:682)
	io.netty.channel.nio.NioEventLoop.processSelectedKeysOptimized(NioEventLoop.java:617)
	io.netty.channel.nio.NioEventLoop.processSelectedKeys(NioEventLoop.java:534)
	io.netty.channel.nio.NioEventLoop.run(NioEventLoop.java:496)
	io.netty.util.concurrent.SingleThreadEventExecutor$5.run(SingleThreadEventExecutor.java:906)
	io.netty.util.internal.ThreadExecutorMap$2.run(ThreadExecutorMap.java:74)
	io.netty.util.concurrent.FastThreadLocalRunnable.run(FastThreadLocalRunnable.java:30)
	java.lang.Thread.run(Thread.java:748)
#2:
	io.netty.buffer.AdvancedLeakAwareByteBuf.getByte(AdvancedLeakAwareByteBuf.java:154)
	io.netty.buffer.CompositeByteBuf.getByte(CompositeByteBuf.java:913)
	io.netty.buffer.WrappedCompositeByteBuf.getByte(WrappedCompositeByteBuf.java:652)
	io.netty.buffer.AdvancedLeakAwareCompositeByteBuf.getByte(AdvancedLeakAwareCompositeByteBuf.java:141)
	org.springframework.core.io.buffer.NettyDataBuffer.getByte(NettyDataBuffer.java:132)
	org.springframework.core.io.buffer.DataBufferUtils$KnuthMorrisPrattMatcher.match(DataBufferUtils.java:1005)
	org.springframework.http.codec.multipart.DefaultMultipartMessageReader.toPart(DefaultMultipartMessageReader.java:184)
	reactor.core.publisher.FluxMap$MapConditionalSubscriber.onNext(FluxMap.java:199)
	reactor.core.publisher.FluxTakeWhile$TakeWhileSubscriber.onNext(FluxTakeWhile.java:94)
	reactor.core.publisher.FluxContextStart$ContextStartSubscriber.onNext(FluxContextStart.java:103)
	reactor.core.publisher.FluxMap$MapConditionalSubscriber.onNext(FluxMap.java:213)
	reactor.core.publisher.FluxBufferPredicate$BufferPredicateSubscriber.emit(FluxBufferPredicate.java:290)
	reactor.core.publisher.FluxBufferPredicate$BufferPredicateSubscriber.onNextNewBuffer(FluxBufferPredicate.java:257)
	reactor.core.publisher.FluxBufferPredicate$BufferPredicateSubscriber.tryOnNext(FluxBufferPredicate.java:211)
	reactor.core.publisher.FluxBufferPredicate$BufferPredicateSubscriber.onNext(FluxBufferPredicate.java:184)
	reactor.core.publisher.FluxFlatMap$FlatMapMain.drainLoop(FluxFlatMap.java:664)
	reactor.core.publisher.FluxFlatMap$FlatMapMain.drain(FluxFlatMap.java:540)
	reactor.core.publisher.FluxFlatMap$FlatMapInner.onSubscribe(FluxFlatMap.java:924)
	reactor.core.publisher.FluxIterable.subscribe(FluxIterable.java:139)
	reactor.core.publisher.FluxIterable.subscribe(FluxIterable.java:63)
	reactor.core.publisher.Flux.subscribe(Flux.java:7922)
	reactor.core.publisher.FluxFlatMap$FlatMapMain.onNext(FluxFlatMap.java:389)
	reactor.core.publisher.FluxConcatMap$ConcatMapImmediate.innerNext(FluxConcatMap.java:275)
	reactor.core.publisher.FluxConcatMap$ConcatMapInner.onNext(FluxConcatMap.java:849)
	reactor.core.publisher.FluxConcatMap$WeakScalarSubscription.request(FluxConcatMap.java:470)
	reactor.core.publisher.Operators$MultiSubscriptionSubscriber.set(Operators.java:1939)
	reactor.core.publisher.FluxConcatMap$ConcatMapImmediate.drain(FluxConcatMap.java:436)
	reactor.core.publisher.FluxConcatMap$ConcatMapImmediate.onNext(FluxConcatMap.java:244)
	reactor.core.publisher.FluxMap$MapSubscriber.onNext(FluxMap.java:114)
	reactor.core.publisher.FluxPeek$PeekSubscriber.onNext(FluxPeek.java:192)
	reactor.core.publisher.FluxMap$MapSubscriber.onNext(FluxMap.java:114)
	reactor.netty.channel.FluxReceive.drainReceiver(FluxReceive.java:206)
	reactor.netty.channel.FluxReceive.onInboundNext(FluxReceive.java:322)
	reactor.netty.channel.ChannelOperations.onInboundNext(ChannelOperations.java:335)
	reactor.netty.http.server.HttpServerOperations.onInboundNext(HttpServerOperations.java:456)
	reactor.netty.channel.ChannelOperationsHandler.channelRead(ChannelOperationsHandler.java:91)
	io.netty.channel.AbstractChannelHandlerContext.invokeChannelRead(AbstractChannelHandlerContext.java:374)
	io.netty.channel.AbstractChannelHandlerContext.invokeChannelRead(AbstractChannelHandlerContext.java:360)
	io.netty.channel.AbstractChannelHandlerContext.fireChannelRead(AbstractChannelHandlerContext.java:352)
	reactor.netty.http.server.HttpTrafficHandler.channelRead(HttpTrafficHandler.java:190)
	io.netty.channel.AbstractChannelHandlerContext.invokeChannelRead(AbstractChannelHandlerContext.java:374)
	io.netty.channel.AbstractChannelHandlerContext.invokeChannelRead(AbstractChannelHandlerContext.java:360)
	io.netty.channel.AbstractChannelHandlerContext.fireChannelRead(AbstractChannelHandlerContext.java:352)
	io.netty.channel.CombinedChannelDuplexHandler$DelegatingChannelHandlerContext.fireChannelRead(CombinedChannelDuplexHandler.java:438)
	io.netty.handler.codec.ByteToMessageDecoder.fireChannelRead(ByteToMessageDecoder.java:323)
	io.netty.handler.codec.ByteToMessageDecoder.fireChannelRead(ByteToMessageDecoder.java:310)
	io.netty.handler.codec.ByteToMessageDecoder.callDecode(ByteToMessageDecoder.java:426)
	io.netty.handler.codec.ByteToMessageDecoder.channelRead(ByteToMessageDecoder.java:278)
	io.netty.channel.CombinedChannelDuplexHandler.channelRead(CombinedChannelDuplexHandler.java:253)
	io.netty.channel.AbstractChannelHandlerContext.invokeChannelRead(AbstractChannelHandlerContext.java:374)
	io.netty.channel.AbstractChannelHandlerContext.invokeChannelRead(AbstractChannelHandlerContext.java:360)
	io.netty.channel.AbstractChannelHandlerContext.fireChannelRead(AbstractChannelHandlerContext.java:352)
	io.netty.channel.DefaultChannelPipeline$HeadContext.channelRead(DefaultChannelPipeline.java:1408)
	io.netty.channel.AbstractChannelHandlerContext.invokeChannelRead(AbstractChannelHandlerContext.java:374)
	io.netty.channel.AbstractChannelHandlerContext.invokeChannelRead(AbstractChannelHandlerContext.java:360)
	io.netty.channel.DefaultChannelPipeline.fireChannelRead(DefaultChannelPipeline.java:930)
	io.netty.channel.nio.AbstractNioByteChannel$NioByteUnsafe.read(AbstractNioByteChannel.java:163)
	io.netty.channel.nio.NioEventLoop.processSelectedKey(NioEventLoop.java:682)
	io.netty.channel.nio.NioEventLoop.processSelectedKeysOptimized(NioEventLoop.java:617)
	io.netty.channel.nio.NioEventLoop.processSelectedKeys(NioEventLoop.java:534)
	io.netty.channel.nio.NioEventLoop.run(NioEventLoop.java:496)
	io.netty.util.concurrent.SingleThreadEventExecutor$5.run(SingleThreadEventExecutor.java:906)
	io.netty.util.internal.ThreadExecutorMap$2.run(ThreadExecutorMap.java:74)
	io.netty.util.concurrent.FastThreadLocalRunnable.run(FastThreadLocalRunnable.java:30)
	java.lang.Thread.run(Thread.java:748)
#3:
	io.netty.buffer.AdvancedLeakAwareByteBuf.getByte(AdvancedLeakAwareByteBuf.java:154)
	org.springframework.core.io.buffer.NettyDataBuffer.getByte(NettyDataBuffer.java:132)
	org.springframework.core.io.buffer.DataBufferUtils$KnuthMorrisPrattMatcher.match(DataBufferUtils.java:1005)
	org.springframework.core.io.buffer.DataBufferUtils.endFrameAfterDelimiter(DataBufferUtils.java:634)
	org.springframework.core.io.buffer.DataBufferUtils.lambda$split$18(DataBufferUtils.java:603)
	reactor.core.publisher.FluxFlatMap$FlatMapMain.onNext(FluxFlatMap.java:350)
	reactor.core.publisher.FluxConcatMap$ConcatMapImmediate.innerNext(FluxConcatMap.java:275)
	reactor.core.publisher.FluxConcatMap$ConcatMapInner.onNext(FluxConcatMap.java:849)
	reactor.core.publisher.FluxConcatMap$WeakScalarSubscription.request(FluxConcatMap.java:470)
	reactor.core.publisher.Operators$MultiSubscriptionSubscriber.set(Operators.java:1939)
	reactor.core.publisher.FluxConcatMap$ConcatMapImmediate.drain(FluxConcatMap.java:436)
	reactor.core.publisher.FluxConcatMap$ConcatMapImmediate.onNext(FluxConcatMap.java:244)
	reactor.core.publisher.FluxMap$MapSubscriber.onNext(FluxMap.java:114)
	reactor.core.publisher.FluxPeek$PeekSubscriber.onNext(FluxPeek.java:192)
	reactor.core.publisher.FluxMap$MapSubscriber.onNext(FluxMap.java:114)
	reactor.netty.channel.FluxReceive.drainReceiver(FluxReceive.java:206)
	reactor.netty.channel.FluxReceive.onInboundNext(FluxReceive.java:322)
	reactor.netty.channel.ChannelOperations.onInboundNext(ChannelOperations.java:335)
	reactor.netty.http.server.HttpServerOperations.onInboundNext(HttpServerOperations.java:456)
	reactor.netty.channel.ChannelOperationsHandler.channelRead(ChannelOperationsHandler.java:91)
	io.netty.channel.AbstractChannelHandlerContext.invokeChannelRead(AbstractChannelHandlerContext.java:374)
	io.netty.channel.AbstractChannelHandlerContext.invokeChannelRead(AbstractChannelHandlerContext.java:360)
	io.netty.channel.AbstractChannelHandlerContext.fireChannelRead(AbstractChannelHandlerContext.java:352)
	reactor.netty.http.server.HttpTrafficHandler.channelRead(HttpTrafficHandler.java:190)
	io.netty.channel.AbstractChannelHandlerContext.invokeChannelRead(AbstractChannelHandlerContext.java:374)
	io.netty.channel.AbstractChannelHandlerContext.invokeChannelRead(AbstractChannelHandlerContext.java:360)
	io.netty.channel.AbstractChannelHandlerContext.fireChannelRead(AbstractChannelHandlerContext.java:352)
	io.netty.channel.CombinedChannelDuplexHandler$DelegatingChannelHandlerContext.fireChannelRead(CombinedChannelDuplexHandler.java:438)
	io.netty.handler.codec.ByteToMessageDecoder.fireChannelRead(ByteToMessageDecoder.java:323)
	io.netty.handler.codec.ByteToMessageDecoder.fireChannelRead(ByteToMessageDecoder.java:310)
	io.netty.handler.codec.ByteToMessageDecoder.callDecode(ByteToMessageDecoder.java:426)
	io.netty.handler.codec.ByteToMessageDecoder.channelRead(ByteToMessageDecoder.java:278)
	io.netty.channel.CombinedChannelDuplexHandler.channelRead(CombinedChannelDuplexHandler.java:253)
	io.netty.channel.AbstractChannelHandlerContext.invokeChannelRead(AbstractChannelHandlerContext.java:374)
	io.netty.channel.AbstractChannelHandlerContext.invokeChannelRead(AbstractChannelHandlerContext.java:360)
	io.netty.channel.AbstractChannelHandlerContext.fireChannelRead(AbstractChannelHandlerContext.java:352)
	io.netty.channel.DefaultChannelPipeline$HeadContext.channelRead(DefaultChannelPipeline.java:1408)
	io.netty.channel.AbstractChannelHandlerContext.invokeChannelRead(AbstractChannelHandlerContext.java:374)
	io.netty.channel.AbstractChannelHandlerContext.invokeChannelRead(AbstractChannelHandlerContext.java:360)
	io.netty.channel.DefaultChannelPipeline.fireChannelRead(DefaultChannelPipeline.java:930)
	io.netty.channel.nio.AbstractNioByteChannel$NioByteUnsafe.read(AbstractNioByteChannel.java:163)
	io.netty.channel.nio.NioEventLoop.processSelectedKey(NioEventLoop.java:682)
	io.netty.channel.nio.NioEventLoop.processSelectedKeysOptimized(NioEventLoop.java:617)
	io.netty.channel.nio.NioEventLoop.processSelectedKeys(NioEventLoop.java:534)
	io.netty.channel.nio.NioEventLoop.run(NioEventLoop.java:496)
	io.netty.util.concurrent.SingleThreadEventExecutor$5.run(SingleThreadEventExecutor.java:906)
	io.netty.util.internal.ThreadExecutorMap$2.run(ThreadExecutorMap.java:74)
	io.netty.util.concurrent.FastThreadLocalRunnable.run(FastThreadLocalRunnable.java:30)
	java.lang.Thread.run(Thread.java:748)
#4:
	org.springframework.core.io.buffer.NettyDataBufferFactory.wrap(NettyDataBufferFactory.java:93)
	reactor.core.publisher.FluxMap$MapSubscriber.onNext(FluxMap.java:100)
	reactor.core.publisher.FluxPeek$PeekSubscriber.onNext(FluxPeek.java:192)
	reactor.core.publisher.FluxMap$MapSubscriber.onNext(FluxMap.java:114)
	reactor.netty.channel.FluxReceive.drainReceiver(FluxReceive.java:206)
	reactor.netty.channel.FluxReceive.onInboundNext(FluxReceive.java:322)
	reactor.netty.channel.ChannelOperations.onInboundNext(ChannelOperations.java:335)
	reactor.netty.http.server.HttpServerOperations.onInboundNext(HttpServerOperations.java:456)
	reactor.netty.channel.ChannelOperationsHandler.channelRead(ChannelOperationsHandler.java:91)
	io.netty.channel.AbstractChannelHandlerContext.invokeChannelRead(AbstractChannelHandlerContext.java:374)
	io.netty.channel.AbstractChannelHandlerContext.invokeChannelRead(AbstractChannelHandlerContext.java:360)
	io.netty.channel.AbstractChannelHandlerContext.fireChannelRead(AbstractChannelHandlerContext.java:352)
	reactor.netty.http.server.HttpTrafficHandler.channelRead(HttpTrafficHandler.java:190)
	io.netty.channel.AbstractChannelHandlerContext.invokeChannelRead(AbstractChannelHandlerContext.java:374)
	io.netty.channel.AbstractChannelHandlerContext.invokeChannelRead(AbstractChannelHandlerContext.java:360)
	io.netty.channel.AbstractChannelHandlerContext.fireChannelRead(AbstractChannelHandlerContext.java:352)
	io.netty.channel.CombinedChannelDuplexHandler$DelegatingChannelHandlerContext.fireChannelRead(CombinedChannelDuplexHandler.java:438)
	io.netty.handler.codec.ByteToMessageDecoder.fireChannelRead(ByteToMessageDecoder.java:323)
	io.netty.handler.codec.ByteToMessageDecoder.fireChannelRead(ByteToMessageDecoder.java:310)
	io.netty.handler.codec.ByteToMessageDecoder.callDecode(ByteToMessageDecoder.java:426)
	io.netty.handler.codec.ByteToMessageDecoder.channelRead(ByteToMessageDecoder.java:278)
	io.netty.channel.CombinedChannelDuplexHandler.channelRead(CombinedChannelDuplexHandler.java:253)
	io.netty.channel.AbstractChannelHandlerContext.invokeChannelRead(AbstractChannelHandlerContext.java:374)
	io.netty.channel.AbstractChannelHandlerContext.invokeChannelRead(AbstractChannelHandlerContext.java:360)
	io.netty.channel.AbstractChannelHandlerContext.fireChannelRead(AbstractChannelHandlerContext.java:352)
	io.netty.channel.DefaultChannelPipeline$HeadContext.channelRead(DefaultChannelPipeline.java:1408)
	io.netty.channel.AbstractChannelHandlerContext.invokeChannelRead(AbstractChannelHandlerContext.java:374)
	io.netty.channel.AbstractChannelHandlerContext.invokeChannelRead(AbstractChannelHandlerContext.java:360)
	io.netty.channel.DefaultChannelPipeline.fireChannelRead(DefaultChannelPipeline.java:930)
	io.netty.channel.nio.AbstractNioByteChannel$NioByteUnsafe.read(AbstractNioByteChannel.java:163)
	io.netty.channel.nio.NioEventLoop.processSelectedKey(NioEventLoop.java:682)
	io.netty.channel.nio.NioEventLoop.processSelectedKeysOptimized(NioEventLoop.java:617)
	io.netty.channel.nio.NioEventLoop.processSelectedKeys(NioEventLoop.java:534)
	io.netty.channel.nio.NioEventLoop.run(NioEventLoop.java:496)
	io.netty.util.concurrent.SingleThreadEventExecutor$5.run(SingleThreadEventExecutor.java:906)
	io.netty.util.internal.ThreadExecutorMap$2.run(ThreadExecutorMap.java:74)
	io.netty.util.concurrent.FastThreadLocalRunnable.run(FastThreadLocalRunnable.java:30)
	java.lang.Thread.run(Thread.java:748)
#5:
	reactor.core.publisher.FluxPeek$PeekSubscriber.onNext(FluxPeek.java:177)
	reactor.core.publisher.FluxMap$MapSubscriber.onNext(FluxMap.java:114)
	reactor.netty.channel.FluxReceive.drainReceiver(FluxReceive.java:206)
	reactor.netty.channel.FluxReceive.onInboundNext(FluxReceive.java:322)
	reactor.netty.channel.ChannelOperations.onInboundNext(ChannelOperations.java:335)
	reactor.netty.http.server.HttpServerOperations.onInboundNext(HttpServerOperations.java:456)
	reactor.netty.channel.ChannelOperationsHandler.channelRead(ChannelOperationsHandler.java:91)
	io.netty.channel.AbstractChannelHandlerContext.invokeChannelRead(AbstractChannelHandlerContext.java:374)
	io.netty.channel.AbstractChannelHandlerContext.invokeChannelRead(AbstractChannelHandlerContext.java:360)
	io.netty.channel.AbstractChannelHandlerContext.fireChannelRead(AbstractChannelHandlerContext.java:352)
	reactor.netty.http.server.HttpTrafficHandler.channelRead(HttpTrafficHandler.java:190)
	io.netty.channel.AbstractChannelHandlerContext.invokeChannelRead(AbstractChannelHandlerContext.java:374)
	io.netty.channel.AbstractChannelHandlerContext.invokeChannelRead(AbstractChannelHandlerContext.java:360)
	io.netty.channel.AbstractChannelHandlerContext.fireChannelRead(AbstractChannelHandlerContext.java:352)
	io.netty.channel.CombinedChannelDuplexHandler$DelegatingChannelHandlerContext.fireChannelRead(CombinedChannelDuplexHandler.java:438)
	io.netty.handler.codec.ByteToMessageDecoder.fireChannelRead(ByteToMessageDecoder.java:323)
	io.netty.handler.codec.ByteToMessageDecoder.fireChannelRead(ByteToMessageDecoder.java:310)
	io.netty.handler.codec.ByteToMessageDecoder.callDecode(ByteToMessageDecoder.java:426)
	io.netty.handler.codec.ByteToMessageDecoder.channelRead(ByteToMessageDecoder.java:278)
	io.netty.channel.CombinedChannelDuplexHandler.channelRead(CombinedChannelDuplexHandler.java:253)
	io.netty.channel.AbstractChannelHandlerContext.invokeChannelRead(AbstractChannelHandlerContext.java:374)
	io.netty.channel.AbstractChannelHandlerContext.invokeChannelRead(AbstractChannelHandlerContext.java:360)
	io.netty.channel.AbstractChannelHandlerContext.fireChannelRead(AbstractChannelHandlerContext.java:352)
	io.netty.channel.DefaultChannelPipeline$HeadContext.channelRead(DefaultChannelPipeline.java:1408)
	io.netty.channel.AbstractChannelHandlerContext.invokeChannelRead(AbstractChannelHandlerContext.java:374)
	io.netty.channel.AbstractChannelHandlerContext.invokeChannelRead(AbstractChannelHandlerContext.java:360)
	io.netty.channel.DefaultChannelPipeline.fireChannelRead(DefaultChannelPipeline.java:930)
	io.netty.channel.nio.AbstractNioByteChannel$NioByteUnsafe.read(AbstractNioByteChannel.java:163)
	io.netty.channel.nio.NioEventLoop.processSelectedKey(NioEventLoop.java:682)
	io.netty.channel.nio.NioEventLoop.processSelectedKeysOptimized(NioEventLoop.java:617)
	io.netty.channel.nio.NioEventLoop.processSelectedKeys(NioEventLoop.java:534)
	io.netty.channel.nio.NioEventLoop.run(NioEventLoop.java:496)
	io.netty.util.concurrent.SingleThreadEventExecutor$5.run(SingleThreadEventExecutor.java:906)
	io.netty.util.internal.ThreadExecutorMap$2.run(ThreadExecutorMap.java:74)
	io.netty.util.concurrent.FastThreadLocalRunnable.run(FastThreadLocalRunnable.java:30)
	java.lang.Thread.run(Thread.java:748)
#6:
	Hint: 'reactor.right.reactiveBridge' will handle the message from this point.
	io.netty.handler.codec.http.DefaultHttpContent.touch(DefaultHttpContent.java:88)
	io.netty.handler.codec.http.DefaultHttpContent.touch(DefaultHttpContent.java:24)
	io.netty.channel.DefaultChannelPipeline.touch(DefaultChannelPipeline.java:116)
	io.netty.channel.AbstractChannelHandlerContext.invokeChannelRead(AbstractChannelHandlerContext.java:357)
	io.netty.channel.AbstractChannelHandlerContext.fireChannelRead(AbstractChannelHandlerContext.java:352)
	reactor.netty.http.server.HttpTrafficHandler.channelRead(HttpTrafficHandler.java:190)
	io.netty.channel.AbstractChannelHandlerContext.invokeChannelRead(AbstractChannelHandlerContext.java:374)
	io.netty.channel.AbstractChannelHandlerContext.invokeChannelRead(AbstractChannelHandlerContext.java:360)
	io.netty.channel.AbstractChannelHandlerContext.fireChannelRead(AbstractChannelHandlerContext.java:352)
	io.netty.channel.CombinedChannelDuplexHandler$DelegatingChannelHandlerContext.fireChannelRead(CombinedChannelDuplexHandler.java:438)
	io.netty.handler.codec.ByteToMessageDecoder.fireChannelRead(ByteToMessageDecoder.java:323)
	io.netty.handler.codec.ByteToMessageDecoder.fireChannelRead(ByteToMessageDecoder.java:310)
	io.netty.handler.codec.ByteToMessageDecoder.callDecode(ByteToMessageDecoder.java:426)
	io.netty.handler.codec.ByteToMessageDecoder.channelRead(ByteToMessageDecoder.java:278)
	io.netty.channel.CombinedChannelDuplexHandler.channelRead(CombinedChannelDuplexHandler.java:253)
	io.netty.channel.AbstractChannelHandlerContext.invokeChannelRead(AbstractChannelHandlerContext.java:374)
	io.netty.channel.AbstractChannelHandlerContext.invokeChannelRead(AbstractChannelHandlerContext.java:360)
	io.netty.channel.AbstractChannelHandlerContext.fireChannelRead(AbstractChannelHandlerContext.java:352)
	io.netty.channel.DefaultChannelPipeline$HeadContext.channelRead(DefaultChannelPipeline.java:1408)
	io.netty.channel.AbstractChannelHandlerContext.invokeChannelRead(AbstractChannelHandlerContext.java:374)
	io.netty.channel.AbstractChannelHandlerContext.invokeChannelRead(AbstractChannelHandlerContext.java:360)
	io.netty.channel.DefaultChannelPipeline.fireChannelRead(DefaultChannelPipeline.java:930)
	io.netty.channel.nio.AbstractNioByteChannel$NioByteUnsafe.read(AbstractNioByteChannel.java:163)
	io.netty.channel.nio.NioEventLoop.processSelectedKey(NioEventLoop.java:682)
	io.netty.channel.nio.NioEventLoop.processSelectedKeysOptimized(NioEventLoop.java:617)
	io.netty.channel.nio.NioEventLoop.processSelectedKeys(NioEventLoop.java:534)
	io.netty.channel.nio.NioEventLoop.run(NioEventLoop.java:496)
	io.netty.util.concurrent.SingleThreadEventExecutor$5.run(SingleThreadEventExecutor.java:906)
	io.netty.util.internal.ThreadExecutorMap$2.run(ThreadExecutorMap.java:74)
	io.netty.util.concurrent.FastThreadLocalRunnable.run(FastThreadLocalRunnable.java:30)
	java.lang.Thread.run(Thread.java:748)
#7:
	Hint: 'reactor.left.httpTrafficHandler' will handle the message from this point.
	io.netty.handler.codec.http.DefaultHttpContent.touch(DefaultHttpContent.java:88)
	io.netty.handler.codec.http.DefaultHttpContent.touch(DefaultHttpContent.java:24)
	io.netty.channel.DefaultChannelPipeline.touch(DefaultChannelPipeline.java:116)
	io.netty.channel.AbstractChannelHandlerContext.invokeChannelRead(AbstractChannelHandlerContext.java:357)
	io.netty.channel.AbstractChannelHandlerContext.fireChannelRead(AbstractChannelHandlerContext.java:352)
	io.netty.channel.CombinedChannelDuplexHandler$DelegatingChannelHandlerContext.fireChannelRead(CombinedChannelDuplexHandler.java:438)
	io.netty.handler.codec.ByteToMessageDecoder.fireChannelRead(ByteToMessageDecoder.java:323)
	io.netty.handler.codec.ByteToMessageDecoder.fireChannelRead(ByteToMessageDecoder.java:310)
	io.netty.handler.codec.ByteToMessageDecoder.callDecode(ByteToMessageDecoder.java:426)
	io.netty.handler.codec.ByteToMessageDecoder.channelRead(ByteToMessageDecoder.java:278)
	io.netty.channel.CombinedChannelDuplexHandler.channelRead(CombinedChannelDuplexHandler.java:253)
	io.netty.channel.AbstractChannelHandlerContext.invokeChannelRead(AbstractChannelHandlerContext.java:374)
	io.netty.channel.AbstractChannelHandlerContext.invokeChannelRead(AbstractChannelHandlerContext.java:360)
	io.netty.channel.AbstractChannelHandlerContext.fireChannelRead(AbstractChannelHandlerContext.java:352)
	io.netty.channel.DefaultChannelPipeline$HeadContext.channelRead(DefaultChannelPipeline.java:1408)
	io.netty.channel.AbstractChannelHandlerContext.invokeChannelRead(AbstractChannelHandlerContext.java:374)
	io.netty.channel.AbstractChannelHandlerContext.invokeChannelRead(AbstractChannelHandlerContext.java:360)
	io.netty.channel.DefaultChannelPipeline.fireChannelRead(DefaultChannelPipeline.java:930)
	io.netty.channel.nio.AbstractNioByteChannel$NioByteUnsafe.read(AbstractNioByteChannel.java:163)
	io.netty.channel.nio.NioEventLoop.processSelectedKey(NioEventLoop.java:682)
	io.netty.channel.nio.NioEventLoop.processSelectedKeysOptimized(NioEventLoop.java:617)
	io.netty.channel.nio.NioEventLoop.processSelectedKeys(NioEventLoop.java:534)
	io.netty.channel.nio.NioEventLoop.run(NioEventLoop.java:496)
	io.netty.util.concurrent.SingleThreadEventExecutor$5.run(SingleThreadEventExecutor.java:906)
	io.netty.util.internal.ThreadExecutorMap$2.run(ThreadExecutorMap.java:74)
	io.netty.util.concurrent.FastThreadLocalRunnable.run(FastThreadLocalRunnable.java:30)
	java.lang.Thread.run(Thread.java:748)
Created at:
	io.netty.buffer.SimpleLeakAwareByteBuf.unwrappedDerived(SimpleLeakAwareByteBuf.java:143)
	io.netty.buffer.SimpleLeakAwareByteBuf.readRetainedSlice(SimpleLeakAwareByteBuf.java:67)
	io.netty.buffer.AdvancedLeakAwareByteBuf.readRetainedSlice(AdvancedLeakAwareByteBuf.java:107)
	io.netty.handler.codec.http.HttpObjectDecoder.decode(HttpObjectDecoder.java:336)
	io.netty.handler.codec.http.HttpServerCodec$HttpServerRequestDecoder.decode(HttpServerCodec.java:103)
	io.netty.handler.codec.ByteToMessageDecoder.decodeRemovalReentryProtection(ByteToMessageDecoder.java:502)
	io.netty.handler.codec.ByteToMessageDecoder.callDecode(ByteToMessageDecoder.java:441)
	io.netty.handler.codec.ByteToMessageDecoder.channelRead(ByteToMessageDecoder.java:278)
	io.netty.channel.CombinedChannelDuplexHandler.channelRead(CombinedChannelDuplexHandler.java:253)
	io.netty.channel.AbstractChannelHandlerContext.invokeChannelRead(AbstractChannelHandlerContext.java:374)
	io.netty.channel.AbstractChannelHandlerContext.invokeChannelRead(AbstractChannelHandlerContext.java:360)
	io.netty.channel.AbstractChannelHandlerContext.fireChannelRead(AbstractChannelHandlerContext.java:352)
	io.netty.channel.DefaultChannelPipeline$HeadContext.channelRead(DefaultChannelPipeline.java:1408)
	io.netty.channel.AbstractChannelHandlerContext.invokeChannelRead(AbstractChannelHandlerContext.java:374)
	io.netty.channel.AbstractChannelHandlerContext.invokeChannelRead(AbstractChannelHandlerContext.java:360)
	io.netty.channel.DefaultChannelPipeline.fireChannelRead(DefaultChannelPipeline.java:930)
	io.netty.channel.nio.AbstractNioByteChannel$NioByteUnsafe.read(AbstractNioByteChannel.java:163)
	io.netty.channel.nio.NioEventLoop.processSelectedKey(NioEventLoop.java:682)
	io.netty.channel.nio.NioEventLoop.processSelectedKeysOptimized(NioEventLoop.java:617)
	io.netty.channel.nio.NioEventLoop.processSelectedKeys(NioEventLoop.java:534)
	io.netty.channel.nio.NioEventLoop.run(NioEventLoop.java:496)
	io.netty.util.concurrent.SingleThreadEventExecutor$5.run(SingleThreadEventExecutor.java:906)
	io.netty.util.internal.ThreadExecutorMap$2.run(ThreadExecutorMap.java:74)
	io.netty.util.concurrent.FastThreadLocalRunnable.run(FastThreadLocalRunnable.java:30)
	java.lang.Thread.run(Thread.java:748)
: 4 leak records were discarded because they were duplicates
: 204 leak records were discarded because the leak record count is targeted to 4. Use system property io.netty.leakDetection.targetRecords to increase the limit.
22:43:00.191 [reactor-http-nio-14] DEBUG o.s.c.c.CharSequenceEncoder - [f61247dd] Writing "[fileParts:foo.txt,fileParts:logo.png]"
22:43:00.192 [reactor-http-nio-13] DEBUG o.s.w.r.f.c.ExchangeFunctions - [74e98ad8] Response 200 OK
22:43:00.193 [reactor-http-nio-13] DEBUG o.s.c.c.StringDecoder - [74e98ad8] Decoded "[fileParts:foo.txt,fileParts:logo.png]"
22:43:00.193 [Test worker] DEBUG o.s.h.s.r.b.ReactorHttpServer - Stopping ReactorHttpServer...
22:43:00.193 [Test worker] DEBUG o.s.h.s.r.b.ReactorHttpServer - Server stopped (0 millis).
22:43:00.198 [Test worker] DEBUG o.s.w.r.r.m.a.RequestMappingHandlerMapping - 7 mappings in 'requestMappingHandlerMapping'
22:43:00.212 [Test worker] DEBUG o.s.w.r.r.m.a.ControllerMethodResolver - ControllerAdvice beans: none
22:43:00.230 [Test worker] DEBUG o.s.w.s.a.HttpWebHandlerAdapter - enableLoggingRequestDetails='false': form data and headers will be masked to prevent unsafe logging of potentially sensitive data
22:43:00.230 [Test worker] DEBUG o.s.h.s.r.b.ReactorHttpServer - Starting ReactorHttpServer...
22:43:00.231 [Test worker] DEBUG o.s.h.s.r.b.ReactorHttpServer - Server started on port 54207(0 millis).
22:43:00.231 [Test worker] DEBUG o.s.w.r.f.c.ExchangeFunctions - [4c4d25e3] HTTP POST http://localhost:54207/filePartMono
22:43:00.232 [reactor-http-nio-3] DEBUG o.s.h.c.m.MultipartHttpMessageWriter - [4c4d25e3] Encoding parts [fieldPart, fileParts, jsonPart] (content masked)
22:43:00.240 [reactor-http-nio-4] DEBUG o.s.w.s.a.HttpWebHandlerAdapter - [818a6637] HTTP POST "/filePartMono"
22:43:00.240 [reactor-http-nio-4] DEBUG o.s.w.r.r.m.a.RequestMappingHandlerMapping - [818a6637] Mapped to org.springframework.web.reactive.result.method.annotation.MultipartIntegrationTests$MultipartController#filePartsFlux(Mono)
22:43:00.241 [reactor-http-nio-4] DEBUG o.s.w.r.r.m.a.ResponseBodyResultHandler - Using 'text/plain;charset=UTF-8' given [*/*] and supported [text/plain;charset=UTF-8, text/event-stream, text/plain;charset=UTF-8, */*]
22:43:00.241 [reactor-http-nio-4] DEBUG o.s.w.r.r.m.a.ResponseBodyResultHandler - [818a6637] 0..1 [java.lang.String]
22:43:00.648 [reactor-http-nio-4] DEBUG o.s.c.c.CharSequenceEncoder - [818a6637] Writing "[fileParts:foo.txt]"
22:43:00.649 [reactor-http-nio-3] DEBUG o.s.w.r.f.c.ExchangeFunctions - [4c4d25e3] Response 200 OK
22:43:00.649 [reactor-http-nio-3] DEBUG o.s.c.c.StringDecoder - [4c4d25e3] Decoded "[fileParts:foo.txt]"
22:43:00.649 [Test worker] DEBUG o.s.h.s.r.b.ReactorHttpServer - Stopping ReactorHttpServer...
22:43:00.650 [Test worker] DEBUG o.s.h.s.r.b.ReactorHttpServer - Server stopped (0 millis).
22:43:00.654 [Test worker] DEBUG o.s.w.r.r.m.a.RequestMappingHandlerMapping - 7 mappings in 'requestMappingHandlerMapping'
22:43:00.668 [Test worker] DEBUG o.s.w.r.r.m.a.ControllerMethodResolver - ControllerAdvice beans: none
22:43:00.687 [Test worker] DEBUG o.s.w.s.a.HttpWebHandlerAdapter - enableLoggingRequestDetails='false': form data and headers will be masked to prevent unsafe logging of potentially sensitive data
22:43:00.687 [Test worker] DEBUG o.s.h.s.r.b.TomcatHttpServer - Starting TomcatHttpServer...
22:43:00.693 [Test worker] DEBUG o.s.h.s.r.b.TomcatHttpServer - Server started on port 54212(0 millis).
22:43:00.694 [Test worker] DEBUG o.s.w.r.f.c.ExchangeFunctions - [4c83030e] HTTP POST http://localhost:54212/requestBodyMap
22:43:00.695 [reactor-http-nio-8] DEBUG o.s.h.c.m.MultipartHttpMessageWriter - [4c83030e] Encoding parts [fieldPart, fileParts, jsonPart] (content masked)
22:43:00.703 [http-nio-auto-55-exec-1] DEBUG o.s.w.s.a.HttpWebHandlerAdapter - [4fbe19c1] HTTP POST "/requestBodyMap"
22:43:00.704 [http-nio-auto-55-exec-1] DEBUG o.s.w.r.r.m.a.RequestMappingHandlerMapping - [4fbe19c1] Mapped to org.springframework.web.reactive.result.method.annotation.MultipartIntegrationTests$MultipartController#requestBodyMap(Mono)
22:43:00.704 [http-nio-auto-55-exec-1] DEBUG o.s.w.r.r.m.a.RequestBodyMethodArgumentResolver - [4fbe19c1] Content-Type:multipart/form-data;boundary=3VxDQm29cDZzVdT5MBUQNhnw5ZjbCSp;charset=UTF-8
22:43:00.704 [http-nio-auto-55-exec-1] DEBUG o.s.w.r.r.m.a.RequestBodyMethodArgumentResolver - [4fbe19c1] 0..1 [org.springframework.util.MultiValueMap<java.lang.String, org.springframework.http.codec.multipart.Part>]
22:43:00.704 [http-nio-auto-55-exec-1] DEBUG o.s.w.r.r.m.a.ResponseBodyResultHandler - Using 'text/plain;charset=UTF-8' given [*/*] and supported [text/plain;charset=UTF-8, text/event-stream, text/plain;charset=UTF-8, */*]
22:43:00.704 [http-nio-auto-55-exec-1] DEBUG o.s.w.r.r.m.a.ResponseBodyResultHandler - [4fbe19c1] 0..1 [java.lang.String]
22:43:00.707 [http-nio-auto-55-exec-1] DEBUG o.s.h.c.m.MultipartHttpMessageReader - [4fbe19c1] Parsed parts [fieldPart, fileParts, jsonPart] (content masked)
22:43:00.707 [http-nio-auto-55-exec-1] DEBUG o.s.c.c.CharSequenceEncoder - [4fbe19c1] Writing "Map[[fieldPart],[fileParts:foo.txt,fileParts:logo.png],[jsonPart]]"
22:43:00.708 [http-nio-auto-55-exec-1] DEBUG o.s.w.s.a.HttpWebHandlerAdapter - [4fbe19c1] Completed 200 OK
22:43:00.708 [reactor-http-nio-8] DEBUG o.s.w.r.f.c.ExchangeFunctions - [4c83030e] Response 200 OK
22:43:00.709 [reactor-http-nio-8] DEBUG o.s.c.c.StringDecoder - [4c83030e] Decoded "Map[[fieldPart],[fileParts:foo.txt,fileParts:logo.png],[jsonPart]]"
22:43:00.709 [Test worker] DEBUG o.s.h.s.r.b.TomcatHttpServer - Stopping TomcatHttpServer...
22:43:00.719 [Test worker] DEBUG o.s.h.s.r.b.TomcatHttpServer - Server stopped (0 millis).
22:43:00.729 [Test worker] DEBUG o.s.w.r.r.m.a.RequestMappingHandlerMapping - 7 mappings in 'requestMappingHandlerMapping'
22:43:00.745 [Test worker] DEBUG o.s.w.r.r.m.a.ControllerMethodResolver - ControllerAdvice beans: none
22:43:00.765 [Test worker] DEBUG o.s.w.s.a.HttpWebHandlerAdapter - enableLoggingRequestDetails='false': form data and headers will be masked to prevent unsafe logging of potentially sensitive data
22:43:00.765 [Test worker] DEBUG o.s.h.s.r.b.TomcatHttpServer - Starting TomcatHttpServer...
22:43:00.770 [Test worker] DEBUG o.s.h.s.r.b.TomcatHttpServer - Server started on port 54215(0 millis).
22:43:00.770 [Test worker] DEBUG o.s.w.r.f.c.ExchangeFunctions - [43666077] HTTP POST http://localhost:54215/transferTo
22:43:00.771 [reactor-http-nio-12] DEBUG o.s.h.c.m.MultipartHttpMessageWriter - [43666077] Encoding parts [fieldPart, fileParts, jsonPart] (content masked)
22:43:00.780 [http-nio-auto-56-exec-1] DEBUG o.s.w.s.a.HttpWebHandlerAdapter - [547b162d] HTTP POST "/transferTo"
22:43:00.780 [http-nio-auto-56-exec-1] DEBUG o.s.w.r.r.m.a.RequestMappingHandlerMapping - [547b162d] Mapped to org.springframework.web.reactive.result.method.annotation.MultipartIntegrationTests$MultipartController#transferTo(Flux)
22:43:00.780 [http-nio-auto-56-exec-1] DEBUG o.s.w.r.r.m.a.ResponseBodyResultHandler - Using 'text/plain;charset=UTF-8' given [*/*] and supported [text/plain;charset=UTF-8, text/event-stream, text/plain;charset=UTF-8, */*]
22:43:00.781 [http-nio-auto-56-exec-1] DEBUG o.s.w.r.r.m.a.ResponseBodyResultHandler - [547b162d] 0..N [java.lang.String]
22:43:00.784 [Thread-288] DEBUG o.s.c.c.CharSequenceEncoder - [547b162d] Writing "/var/folders/wc/jkrbhr5s6qz2yyty5r0691380000gn/T/MultipartIntegrationTests5382933153951727534foo.tx (truncated)...
22:43:00.784 [Thread-288] DEBUG o.s.c.c.CharSequenceEncoder - [547b162d] Writing "/var/folders/wc/jkrbhr5s6qz2yyty5r0691380000gn/T/MultipartIntegrationTests8960426658870046638logo.p (truncated)...
22:43:00.785 [Thread-288] DEBUG o.s.w.s.a.HttpWebHandlerAdapter - [547b162d] Completed 200 OK
22:43:00.785 [reactor-http-nio-12] DEBUG o.s.w.r.f.c.ExchangeFunctions - [43666077] Response 200 OK
22:43:00.787 [reactor-http-nio-12] DEBUG o.s.c.c.StringDecoder - [43666077] Decoded "/var/folders/wc/jkrbhr5s6qz2yyty5r0691380000gn/T/MultipartIntegrationTests5382933153951727534foo.tx (truncated)...
22:43:00.788 [reactor-http-nio-12] DEBUG o.s.c.c.StringDecoder - [43666077] Decoded "/var/folders/wc/jkrbhr5s6qz2yyty5r0691380000gn/T/MultipartIntegrationTests8960426658870046638logo.p (truncated)...
22:43:00.803 [Test worker] DEBUG o.s.h.s.r.b.TomcatHttpServer - Stopping TomcatHttpServer...
22:43:00.814 [Test worker] DEBUG o.s.h.s.r.b.TomcatHttpServer - Server stopped (0 millis).
22:43:00.825 [Test worker] DEBUG o.s.w.r.r.m.a.RequestMappingHandlerMapping - 7 mappings in 'requestMappingHandlerMapping'
22:43:00.843 [Test worker] DEBUG o.s.w.r.r.m.a.ControllerMethodResolver - ControllerAdvice beans: none
22:43:00.862 [Test worker] DEBUG o.s.w.s.a.HttpWebHandlerAdapter - enableLoggingRequestDetails='false': form data and headers will be masked to prevent unsafe logging of potentially sensitive data
22:43:00.862 [Test worker] DEBUG o.s.h.s.r.b.TomcatHttpServer - Starting TomcatHttpServer...
22:43:00.866 [Test worker] DEBUG o.s.h.s.r.b.TomcatHttpServer - Server started on port 54218(0 millis).
22:43:00.866 [Test worker] DEBUG o.s.w.r.f.c.ExchangeFunctions - [7267a0d8] HTTP POST http://localhost:54218/modelAttribute
22:43:00.867 [reactor-http-nio-16] DEBUG o.s.h.c.m.MultipartHttpMessageWriter - [7267a0d8] Encoding parts [fieldPart, fileParts, jsonPart] (content masked)
22:43:00.874 [http-nio-auto-57-exec-1] DEBUG o.s.w.s.a.HttpWebHandlerAdapter - [2791e9ef] HTTP POST "/modelAttribute"
22:43:00.874 [http-nio-auto-57-exec-1] DEBUG o.s.w.r.r.m.a.RequestMappingHandlerMapping - [2791e9ef] Mapped to org.springframework.web.reactive.result.method.annotation.MultipartIntegrationTests$MultipartController#modelAttribute(FormBean)
22:43:00.880 [http-nio-auto-57-exec-1] DEBUG o.s.w.r.r.m.a.ResponseBodyResultHandler - Using 'text/plain;charset=UTF-8' given [*/*] and supported [text/plain;charset=UTF-8, text/event-stream, text/plain;charset=UTF-8, */*]
22:43:00.880 [http-nio-auto-57-exec-1] DEBUG o.s.w.r.r.m.a.ResponseBodyResultHandler - [2791e9ef] 0..1 [java.lang.String]
22:43:00.880 [http-nio-auto-57-exec-1] DEBUG o.s.c.c.CharSequenceEncoder - [2791e9ef] Writing "FormBean[fieldValue,[fileParts:foo.txt,fileParts:logo.png]]"
22:43:00.880 [http-nio-auto-57-exec-1] DEBUG o.s.w.s.a.HttpWebHandlerAdapter - [2791e9ef] Completed 200 OK
22:43:00.881 [reactor-http-nio-16] DEBUG o.s.w.r.f.c.ExchangeFunctions - [7267a0d8] Response 200 OK
22:43:00.881 [reactor-http-nio-16] DEBUG o.s.c.c.StringDecoder - [7267a0d8] Decoded "FormBean[fieldValue,[fileParts:foo.txt,fileParts:logo.png]]"
22:43:00.881 [Test worker] DEBUG o.s.h.s.r.b.TomcatHttpServer - Stopping TomcatHttpServer...
22:43:00.893 [Test worker] DEBUG o.s.h.s.r.b.TomcatHttpServer - Server stopped (0 millis).
22:43:00.905 [Test worker] DEBUG o.s.w.r.r.m.a.RequestMappingHandlerMapping - 7 mappings in 'requestMappingHandlerMapping'
22:43:00.922 [Test worker] DEBUG o.s.w.r.r.m.a.ControllerMethodResolver - ControllerAdvice beans: none
22:43:00.940 [Test worker] DEBUG o.s.w.s.a.HttpWebHandlerAdapter - enableLoggingRequestDetails='false': form data and headers will be masked to prevent unsafe logging of potentially sensitive data
22:43:00.940 [Test worker] DEBUG o.s.h.s.r.b.TomcatHttpServer - Starting TomcatHttpServer...
22:43:00.944 [Test worker] DEBUG o.s.h.s.r.b.TomcatHttpServer - Server started on port 54221(0 millis).
22:43:00.944 [Test worker] DEBUG o.s.w.r.f.c.ExchangeFunctions - [3b20201e] HTTP POST http://localhost:54221/requestBodyFlux
22:43:00.945 [reactor-http-nio-4] DEBUG o.s.h.c.m.MultipartHttpMessageWriter - [3b20201e] Encoding parts [fieldPart, fileParts, jsonPart] (content masked)
22:43:00.953 [http-nio-auto-58-exec-1] DEBUG o.s.w.s.a.HttpWebHandlerAdapter - [39b5f385] HTTP POST "/requestBodyFlux"
22:43:00.953 [http-nio-auto-58-exec-1] DEBUG o.s.w.r.r.m.a.RequestMappingHandlerMapping - [39b5f385] Mapped to org.springframework.web.reactive.result.method.annotation.MultipartIntegrationTests$MultipartController#requestBodyFlux(Flux)
22:43:00.953 [http-nio-auto-58-exec-1] DEBUG o.s.w.r.r.m.a.RequestBodyMethodArgumentResolver - [39b5f385] Content-Type:multipart/form-data;boundary=hA69gQ5zxkWhbxAlvYgW7wHBsqOuRD;charset=UTF-8
22:43:00.953 [http-nio-auto-58-exec-1] DEBUG o.s.w.r.r.m.a.RequestBodyMethodArgumentResolver - [39b5f385] 0..N [org.springframework.http.codec.multipart.Part]
22:43:00.954 [http-nio-auto-58-exec-1] DEBUG o.s.w.r.r.m.a.ResponseBodyResultHandler - Using 'text/plain;charset=UTF-8' given [*/*] and supported [text/plain;charset=UTF-8, text/event-stream, text/plain;charset=UTF-8, */*]
22:43:00.954 [http-nio-auto-58-exec-1] DEBUG o.s.w.r.r.m.a.ResponseBodyResultHandler - [39b5f385] 0..1 [java.lang.String]
22:43:00.956 [http-nio-auto-58-exec-1] DEBUG o.s.c.c.CharSequenceEncoder - [39b5f385] Writing "[fieldPart,fileParts:foo.txt,fileParts:logo.png,jsonPart]"
22:43:00.957 [http-nio-auto-58-exec-1] DEBUG o.s.w.s.a.HttpWebHandlerAdapter - [39b5f385] Completed 200 OK
22:43:00.957 [reactor-http-nio-4] DEBUG o.s.w.r.f.c.ExchangeFunctions - [3b20201e] Response 200 OK
22:43:00.958 [reactor-http-nio-4] DEBUG o.s.c.c.StringDecoder - [3b20201e] Decoded "[fieldPart,fileParts:foo.txt,fileParts:logo.png,jsonPart]"
22:43:00.958 [Test worker] DEBUG o.s.h.s.r.b.TomcatHttpServer - Stopping TomcatHttpServer...
22:43:00.969 [Test worker] DEBUG o.s.h.s.r.b.TomcatHttpServer - Server stopped (0 millis).
22:43:00.980 [Test worker] DEBUG o.s.w.r.r.m.a.RequestMappingHandlerMapping - 7 mappings in 'requestMappingHandlerMapping'
22:43:00.997 [Test worker] DEBUG o.s.w.r.r.m.a.ControllerMethodResolver - ControllerAdvice beans: none
22:43:01.018 [Test worker] DEBUG o.s.w.s.a.HttpWebHandlerAdapter - enableLoggingRequestDetails='false': form data and headers will be masked to prevent unsafe logging of potentially sensitive data
22:43:01.018 [Test worker] DEBUG o.s.h.s.r.b.TomcatHttpServer - Starting TomcatHttpServer...
22:43:01.022 [Test worker] DEBUG o.s.h.s.r.b.TomcatHttpServer - Server started on port 54224(0 millis).
22:43:01.022 [Test worker] DEBUG o.s.w.r.f.c.ExchangeFunctions - [727beaba] HTTP POST http://localhost:54224/requestPart
22:43:01.024 [reactor-http-nio-8] DEBUG o.s.h.c.m.MultipartHttpMessageWriter - [727beaba] Encoding parts [fieldPart, fileParts, jsonPart] (content masked)
22:43:01.032 [http-nio-auto-59-exec-1] DEBUG o.s.w.s.a.HttpWebHandlerAdapter - [7bb80df3] HTTP POST "/requestPart"
22:43:01.033 [http-nio-auto-59-exec-1] DEBUG o.s.w.r.r.m.a.RequestMappingHandlerMapping - [7bb80df3] Mapped to org.springframework.web.reactive.result.method.annotation.MultipartIntegrationTests$MultipartController#requestPart(FormFieldPart, FilePart, Mono)
22:43:01.036 [http-nio-auto-59-exec-1] DEBUG o.s.w.r.r.m.a.RequestPartMethodArgumentResolver - [7bb80df3] Decoding part 'jsonPart'
22:43:01.036 [http-nio-auto-59-exec-1] DEBUG o.s.w.r.r.m.a.RequestPartMethodArgumentResolver - [7bb80df3] Content-Type:application/json
22:43:01.037 [http-nio-auto-59-exec-1] DEBUG o.s.w.r.r.m.a.RequestPartMethodArgumentResolver - [7bb80df3] 0..1 [org.springframework.web.reactive.result.method.annotation.MultipartIntegrationTests$Person]
22:43:01.037 [http-nio-auto-59-exec-1] DEBUG o.s.h.c.j.Jackson2JsonDecoder - [7bb80df3] Decoded [org.springframework.web.reactive.result.method.annotation.MultipartIntegrationTests$Person@538772ab]
22:43:01.037 [http-nio-auto-59-exec-1] DEBUG o.s.w.s.a.HttpWebHandlerAdapter - [7bb80df3] Completed 200 OK
22:43:01.038 [reactor-http-nio-8] DEBUG o.s.w.r.f.c.ExchangeFunctions - [727beaba] Response 200 OK
22:43:01.038 [Test worker] DEBUG o.s.h.s.r.b.TomcatHttpServer - Stopping TomcatHttpServer...
22:43:01.047 [Test worker] DEBUG o.s.h.s.r.b.TomcatHttpServer - Server stopped (0 millis).
22:43:01.058 [Test worker] DEBUG o.s.w.r.r.m.a.RequestMappingHandlerMapping - 7 mappings in 'requestMappingHandlerMapping'
22:43:01.076 [Test worker] DEBUG o.s.w.r.r.m.a.ControllerMethodResolver - ControllerAdvice beans: none
22:43:01.095 [Test worker] DEBUG o.s.w.s.a.HttpWebHandlerAdapter - enableLoggingRequestDetails='false': form data and headers will be masked to prevent unsafe logging of potentially sensitive data
22:43:01.095 [Test worker] DEBUG o.s.h.s.r.b.TomcatHttpServer - Starting TomcatHttpServer...
22:43:01.099 [Test worker] DEBUG o.s.h.s.r.b.TomcatHttpServer - Server started on port 54227(0 millis).
22:43:01.099 [Test worker] DEBUG o.s.w.r.f.c.ExchangeFunctions - [f5ae644] HTTP POST http://localhost:54227/filePartFlux
22:43:01.100 [reactor-http-nio-12] DEBUG o.s.h.c.m.MultipartHttpMessageWriter - [f5ae644] Encoding parts [fieldPart, fileParts, jsonPart] (content masked)
22:43:01.108 [http-nio-auto-60-exec-1] DEBUG o.s.w.s.a.HttpWebHandlerAdapter - [35b5e5f0] HTTP POST "/filePartFlux"
22:43:01.108 [http-nio-auto-60-exec-1] DEBUG o.s.w.r.r.m.a.RequestMappingHandlerMapping - [35b5e5f0] Mapped to org.springframework.web.reactive.result.method.annotation.MultipartIntegrationTests$MultipartController#filePartsFlux(Flux)
22:43:01.108 [http-nio-auto-60-exec-1] DEBUG o.s.w.r.r.m.a.ResponseBodyResultHandler - Using 'text/plain;charset=UTF-8' given [*/*] and supported [text/plain;charset=UTF-8, text/event-stream, text/plain;charset=UTF-8, */*]
22:43:01.108 [http-nio-auto-60-exec-1] DEBUG o.s.w.r.r.m.a.ResponseBodyResultHandler - [35b5e5f0] 0..1 [java.lang.String]
22:43:01.110 [http-nio-auto-60-exec-1] DEBUG o.s.c.c.CharSequenceEncoder - [35b5e5f0] Writing "[fileParts:foo.txt,fileParts:logo.png]"
22:43:01.110 [http-nio-auto-60-exec-1] DEBUG o.s.w.s.a.HttpWebHandlerAdapter - [35b5e5f0] Completed 200 OK
22:43:01.111 [reactor-http-nio-12] DEBUG o.s.w.r.f.c.ExchangeFunctions - [f5ae644] Response 200 OK
22:43:01.111 [reactor-http-nio-12] DEBUG o.s.c.c.StringDecoder - [f5ae644] Decoded "[fileParts:foo.txt,fileParts:logo.png]"
22:43:01.111 [Test worker] DEBUG o.s.h.s.r.b.TomcatHttpServer - Stopping TomcatHttpServer...
22:43:01.122 [Test worker] DEBUG o.s.h.s.r.b.TomcatHttpServer - Server stopped (0 millis).
22:43:01.133 [Test worker] DEBUG o.s.w.r.r.m.a.RequestMappingHandlerMapping - 7 mappings in 'requestMappingHandlerMapping'
22:43:01.150 [Test worker] DEBUG o.s.w.r.r.m.a.ControllerMethodResolver - ControllerAdvice beans: none
22:43:01.169 [Test worker] DEBUG o.s.w.s.a.HttpWebHandlerAdapter - enableLoggingRequestDetails='false': form data and headers will be masked to prevent unsafe logging of potentially sensitive data
22:43:01.170 [Test worker] DEBUG o.s.h.s.r.b.TomcatHttpServer - Starting TomcatHttpServer...
22:43:01.173 [Test worker] DEBUG o.s.h.s.r.b.TomcatHttpServer - Server started on port 54230(0 millis).
22:43:01.174 [Test worker] DEBUG o.s.w.r.f.c.ExchangeFunctions - [3f30b8b6] HTTP POST http://localhost:54230/filePartMono
22:43:01.174 [reactor-http-nio-16] DEBUG o.s.h.c.m.MultipartHttpMessageWriter - [3f30b8b6] Encoding parts [fieldPart, fileParts, jsonPart] (content masked)
22:43:01.181 [http-nio-auto-61-exec-1] DEBUG o.s.w.s.a.HttpWebHandlerAdapter - [3673df08] HTTP POST "/filePartMono"
22:43:01.182 [http-nio-auto-61-exec-1] DEBUG o.s.w.r.r.m.a.RequestMappingHandlerMapping - [3673df08] Mapped to org.springframework.web.reactive.result.method.annotation.MultipartIntegrationTests$MultipartController#filePartsFlux(Mono)
22:43:01.182 [http-nio-auto-61-exec-1] DEBUG o.s.w.r.r.m.a.ResponseBodyResultHandler - Using 'text/plain;charset=UTF-8' given [*/*] and supported [text/plain;charset=UTF-8, text/event-stream, text/plain;charset=UTF-8, */*]
22:43:01.182 [http-nio-auto-61-exec-1] DEBUG o.s.w.r.r.m.a.ResponseBodyResultHandler - [3673df08] 0..1 [java.lang.String]
22:43:01.185 [http-nio-auto-61-exec-1] DEBUG o.s.c.c.CharSequenceEncoder - [3673df08] Writing "[fileParts:foo.txt]"
22:43:01.185 [http-nio-auto-61-exec-1] DEBUG o.s.w.s.a.HttpWebHandlerAdapter - [3673df08] Completed 200 OK
22:43:01.186 [reactor-http-nio-16] DEBUG o.s.w.r.f.c.ExchangeFunctions - [3f30b8b6] Response 200 OK
22:43:01.186 [reactor-http-nio-16] DEBUG o.s.c.c.StringDecoder - [3f30b8b6] Decoded "[fileParts:foo.txt]"
22:43:01.186 [Test worker] DEBUG o.s.h.s.r.b.TomcatHttpServer - Stopping TomcatHttpServer...
22:43:01.196 [Test worker] DEBUG o.s.h.s.r.b.TomcatHttpServer - Server stopped (0 millis).
22:43:01.207 [Test worker] DEBUG o.s.w.r.r.m.a.RequestMappingHandlerMapping - 7 mappings in 'requestMappingHandlerMapping'
22:43:01.221 [Test worker] DEBUG o.s.w.r.r.m.a.ControllerMethodResolver - ControllerAdvice beans: none
22:43:01.241 [Test worker] DEBUG o.s.w.s.a.HttpWebHandlerAdapter - enableLoggingRequestDetails='false': form data and headers will be masked to prevent unsafe logging of potentially sensitive data
22:43:01.241 [Test worker] DEBUG o.s.h.s.r.b.UndertowHttpServer - Starting UndertowHttpServer...
22:43:01.243 [Test worker] DEBUG o.s.h.s.r.b.UndertowHttpServer - Server started on port 54233(0 millis).
22:43:01.243 [Test worker] DEBUG o.s.w.r.f.c.ExchangeFunctions - [5aadafe9] HTTP POST http://localhost:54233/requestBodyMap
22:43:01.244 [reactor-http-nio-4] DEBUG o.s.h.c.m.MultipartHttpMessageWriter - [5aadafe9] Encoding parts [fieldPart, fileParts, jsonPart] (content masked)
22:43:01.255 [XNIO-54 I/O-10] DEBUG o.s.w.s.a.HttpWebHandlerAdapter - [5f2c3da8] HTTP POST "/requestBodyMap"
22:43:01.255 [XNIO-54 I/O-10] DEBUG o.s.w.r.r.m.a.RequestMappingHandlerMapping - [5f2c3da8] Mapped to org.springframework.web.reactive.result.method.annotation.MultipartIntegrationTests$MultipartController#requestBodyMap(Mono)
22:43:01.256 [XNIO-54 I/O-10] DEBUG o.s.w.r.r.m.a.RequestBodyMethodArgumentResolver - [5f2c3da8] Content-Type:multipart/form-data;boundary=xVjr4NzLIO-G1qCniYUTYaaKy-2leSTp_tCblT;charset=UTF-8
22:43:01.256 [XNIO-54 I/O-10] DEBUG o.s.w.r.r.m.a.RequestBodyMethodArgumentResolver - [5f2c3da8] 0..1 [org.springframework.util.MultiValueMap<java.lang.String, org.springframework.http.codec.multipart.Part>]
22:43:01.256 [XNIO-54 I/O-10] DEBUG o.s.w.r.r.m.a.ResponseBodyResultHandler - Using 'text/plain;charset=UTF-8' given [*/*] and supported [text/plain;charset=UTF-8, text/event-stream, text/plain;charset=UTF-8, */*]
22:43:01.256 [XNIO-54 I/O-10] DEBUG o.s.w.r.r.m.a.ResponseBodyResultHandler - [5f2c3da8] 0..1 [java.lang.String]
22:43:01.262 [XNIO-54 I/O-10] DEBUG o.s.h.c.m.MultipartHttpMessageReader - [5f2c3da8] Parsed parts [fieldPart, fileParts, jsonPart] (content masked)
22:43:01.262 [XNIO-54 I/O-10] DEBUG o.s.c.c.CharSequenceEncoder - [5f2c3da8] Writing "Map[[fieldPart],[fileParts:foo.txt,fileParts:logo.png],[jsonPart]]"
22:43:01.263 [XNIO-54 I/O-10] DEBUG o.s.w.s.a.HttpWebHandlerAdapter - [5f2c3da8] Completed 200 OK
22:43:01.263 [reactor-http-nio-4] DEBUG o.s.w.r.f.c.ExchangeFunctions - [5aadafe9] Response 200 OK
22:43:01.263 [reactor-http-nio-4] DEBUG o.s.c.c.StringDecoder - [5aadafe9] Decoded "Map[[fieldPart],[fileParts:foo.txt,fileParts:logo.png],[jsonPart]]"
22:43:01.263 [Test worker] DEBUG o.s.h.s.r.b.UndertowHttpServer - Stopping UndertowHttpServer...
22:43:01.264 [Test worker] DEBUG o.s.h.s.r.b.UndertowHttpServer - Server stopped (0 millis).
22:43:01.268 [Test worker] DEBUG o.s.w.r.r.m.a.RequestMappingHandlerMapping - 7 mappings in 'requestMappingHandlerMapping'
22:43:01.283 [Test worker] DEBUG o.s.w.r.r.m.a.ControllerMethodResolver - ControllerAdvice beans: none
22:43:01.303 [Test worker] DEBUG o.s.w.s.a.HttpWebHandlerAdapter - enableLoggingRequestDetails='false': form data and headers will be masked to prevent unsafe logging of potentially sensitive data
22:43:01.303 [Test worker] DEBUG o.s.h.s.r.b.UndertowHttpServer - Starting UndertowHttpServer...
22:43:01.305 [Test worker] DEBUG o.s.h.s.r.b.UndertowHttpServer - Server started on port 54235(0 millis).
22:43:01.305 [Test worker] DEBUG o.s.w.r.f.c.ExchangeFunctions - [6fa588e3] HTTP POST http://localhost:54235/transferTo
22:43:01.306 [reactor-http-nio-8] DEBUG o.s.h.c.m.MultipartHttpMessageWriter - [6fa588e3] Encoding parts [fieldPart, fileParts, jsonPart] (content masked)
22:43:01.312 [XNIO-55 I/O-10] DEBUG o.s.w.s.a.HttpWebHandlerAdapter - [1067a112] HTTP POST "/transferTo"
22:43:01.312 [XNIO-55 I/O-10] DEBUG o.s.w.r.r.m.a.RequestMappingHandlerMapping - [1067a112] Mapped to org.springframework.web.reactive.result.method.annotation.MultipartIntegrationTests$MultipartController#transferTo(Flux)
22:43:01.313 [XNIO-55 I/O-10] DEBUG o.s.w.r.r.m.a.ResponseBodyResultHandler - Using 'text/plain;charset=UTF-8' given [*/*] and supported [text/plain;charset=UTF-8, text/event-stream, text/plain;charset=UTF-8, */*]
22:43:01.313 [XNIO-55 I/O-10] DEBUG o.s.w.r.r.m.a.ResponseBodyResultHandler - [1067a112] 0..N [java.lang.String]
22:43:01.316 [Thread-287] DEBUG o.s.c.c.CharSequenceEncoder - [1067a112] Writing "/var/folders/wc/jkrbhr5s6qz2yyty5r0691380000gn/T/MultipartIntegrationTests9054656815706785277foo.tx (truncated)...
22:43:01.317 [Thread-288] DEBUG o.s.c.c.CharSequenceEncoder - [1067a112] Writing "/var/folders/wc/jkrbhr5s6qz2yyty5r0691380000gn/T/MultipartIntegrationTests5770358855348700794logo.p (truncated)...
22:43:01.317 [Thread-288] DEBUG o.s.w.s.a.HttpWebHandlerAdapter - [1067a112] Completed 200 OK
22:43:01.317 [reactor-http-nio-8] DEBUG o.s.w.r.f.c.ExchangeFunctions - [6fa588e3] Response 200 OK
22:43:01.318 [reactor-http-nio-8] DEBUG o.s.c.c.StringDecoder - [6fa588e3] Decoded "/var/folders/wc/jkrbhr5s6qz2yyty5r0691380000gn/T/MultipartIntegrationTests9054656815706785277foo.tx (truncated)...
22:43:01.319 [reactor-http-nio-8] DEBUG o.s.c.c.StringDecoder - [6fa588e3] Decoded "/var/folders/wc/jkrbhr5s6qz2yyty5r0691380000gn/T/MultipartIntegrationTests5770358855348700794logo.p (truncated)...
22:43:01.334 [Test worker] DEBUG o.s.h.s.r.b.UndertowHttpServer - Stopping UndertowHttpServer...
22:43:01.335 [Test worker] DEBUG o.s.h.s.r.b.UndertowHttpServer - Server stopped (0 millis).
22:43:01.339 [Test worker] DEBUG o.s.w.r.r.m.a.RequestMappingHandlerMapping - 7 mappings in 'requestMappingHandlerMapping'
22:43:01.355 [Test worker] DEBUG o.s.w.r.r.m.a.ControllerMethodResolver - ControllerAdvice beans: none
22:43:01.374 [Test worker] DEBUG o.s.w.s.a.HttpWebHandlerAdapter - enableLoggingRequestDetails='false': form data and headers will be masked to prevent unsafe logging of potentially sensitive data
22:43:01.374 [Test worker] DEBUG o.s.h.s.r.b.UndertowHttpServer - Starting UndertowHttpServer...
22:43:01.376 [Test worker] DEBUG o.s.h.s.r.b.UndertowHttpServer - Server started on port 54237(0 millis).
22:43:01.376 [Test worker] DEBUG o.s.w.r.f.c.ExchangeFunctions - [79c6b1a9] HTTP POST http://localhost:54237/modelAttribute
22:43:01.377 [reactor-http-nio-12] DEBUG o.s.h.c.m.MultipartHttpMessageWriter - [79c6b1a9] Encoding parts [fieldPart, fileParts, jsonPart] (content masked)
22:43:01.383 [XNIO-56 I/O-10] DEBUG o.s.w.s.a.HttpWebHandlerAdapter - [67d5077c] HTTP POST "/modelAttribute"
22:43:01.383 [XNIO-56 I/O-10] DEBUG o.s.w.r.r.m.a.RequestMappingHandlerMapping - [67d5077c] Mapped to org.springframework.web.reactive.result.method.annotation.MultipartIntegrationTests$MultipartController#modelAttribute(FormBean)
22:43:01.392 [XNIO-56 I/O-10] DEBUG o.s.w.r.r.m.a.ResponseBodyResultHandler - Using 'text/plain;charset=UTF-8' given [*/*] and supported [text/plain;charset=UTF-8, text/event-stream, text/plain;charset=UTF-8, */*]
22:43:01.392 [XNIO-56 I/O-10] DEBUG o.s.w.r.r.m.a.ResponseBodyResultHandler - [67d5077c] 0..1 [java.lang.String]
22:43:01.392 [XNIO-56 I/O-10] DEBUG o.s.c.c.CharSequenceEncoder - [67d5077c] Writing "FormBean[fieldValue,[fileParts:foo.txt,fileParts:logo.png]]"
22:43:01.393 [XNIO-56 I/O-10] DEBUG o.s.w.s.a.HttpWebHandlerAdapter - [67d5077c] Completed 200 OK
22:43:01.393 [reactor-http-nio-12] DEBUG o.s.w.r.f.c.ExchangeFunctions - [79c6b1a9] Response 200 OK
22:43:01.393 [reactor-http-nio-12] DEBUG o.s.c.c.StringDecoder - [79c6b1a9] Decoded "FormBean[fieldValue,[fileParts:foo.txt,fileParts:logo.png]]"
22:43:01.393 [Test worker] DEBUG o.s.h.s.r.b.UndertowHttpServer - Stopping UndertowHttpServer...
22:43:01.394 [Test worker] DEBUG o.s.h.s.r.b.UndertowHttpServer - Server stopped (0 millis).
22:43:01.398 [Test worker] DEBUG o.s.w.r.r.m.a.RequestMappingHandlerMapping - 7 mappings in 'requestMappingHandlerMapping'
22:43:01.413 [Test worker] DEBUG o.s.w.r.r.m.a.ControllerMethodResolver - ControllerAdvice beans: none
22:43:01.433 [Test worker] DEBUG o.s.w.s.a.HttpWebHandlerAdapter - enableLoggingRequestDetails='false': form data and headers will be masked to prevent unsafe logging of potentially sensitive data
22:43:01.433 [Test worker] DEBUG o.s.h.s.r.b.UndertowHttpServer - Starting UndertowHttpServer...
22:43:01.435 [Test worker] DEBUG o.s.h.s.r.b.UndertowHttpServer - Server started on port 54239(0 millis).
22:43:01.435 [Test worker] DEBUG o.s.w.r.f.c.ExchangeFunctions - [20f14a58] HTTP POST http://localhost:54239/requestBodyFlux
22:43:01.435 [reactor-http-nio-16] DEBUG o.s.h.c.m.MultipartHttpMessageWriter - [20f14a58] Encoding parts [fieldPart, fileParts, jsonPart] (content masked)
22:43:01.441 [XNIO-57 I/O-10] DEBUG o.s.w.s.a.HttpWebHandlerAdapter - [33ea85cd] HTTP POST "/requestBodyFlux"
22:43:01.441 [XNIO-57 I/O-10] DEBUG o.s.w.r.r.m.a.RequestMappingHandlerMapping - [33ea85cd] Mapped to org.springframework.web.reactive.result.method.annotation.MultipartIntegrationTests$MultipartController#requestBodyFlux(Flux)
22:43:01.441 [XNIO-57 I/O-10] DEBUG o.s.w.r.r.m.a.RequestBodyMethodArgumentResolver - [33ea85cd] Content-Type:multipart/form-data;boundary=kwsLVF7nRqjSuYgI9r4wmEV7TtgAKKm8NW1;charset=UTF-8
22:43:01.441 [XNIO-57 I/O-10] DEBUG o.s.w.r.r.m.a.RequestBodyMethodArgumentResolver - [33ea85cd] 0..N [org.springframework.http.codec.multipart.Part]
22:43:01.441 [XNIO-57 I/O-10] DEBUG o.s.w.r.r.m.a.ResponseBodyResultHandler - Using 'text/plain;charset=UTF-8' given [*/*] and supported [text/plain;charset=UTF-8, text/event-stream, text/plain;charset=UTF-8, */*]
22:43:01.441 [XNIO-57 I/O-10] DEBUG o.s.w.r.r.m.a.ResponseBodyResultHandler - [33ea85cd] 0..1 [java.lang.String]
22:43:01.444 [XNIO-57 I/O-10] DEBUG o.s.c.c.CharSequenceEncoder - [33ea85cd] Writing "[fieldPart,fileParts:foo.txt,fileParts:logo.png,jsonPart]"
22:43:01.444 [XNIO-57 I/O-10] DEBUG o.s.w.s.a.HttpWebHandlerAdapter - [33ea85cd] Completed 200 OK
22:43:01.444 [reactor-http-nio-16] DEBUG o.s.w.r.f.c.ExchangeFunctions - [20f14a58] Response 200 OK
22:43:01.444 [reactor-http-nio-16] DEBUG o.s.c.c.StringDecoder - [20f14a58] Decoded "[fieldPart,fileParts:foo.txt,fileParts:logo.png,jsonPart]"
22:43:01.444 [Test worker] DEBUG o.s.h.s.r.b.UndertowHttpServer - Stopping UndertowHttpServer...
22:43:01.445 [Test worker] DEBUG o.s.h.s.r.b.UndertowHttpServer - Server stopped (0 millis).
22:43:01.449 [Test worker] DEBUG o.s.w.r.r.m.a.RequestMappingHandlerMapping - 7 mappings in 'requestMappingHandlerMapping'
22:43:01.465 [Test worker] DEBUG o.s.w.r.r.m.a.ControllerMethodResolver - ControllerAdvice beans: none
22:43:01.486 [Test worker] DEBUG o.s.w.s.a.HttpWebHandlerAdapter - enableLoggingRequestDetails='false': form data and headers will be masked to prevent unsafe logging of potentially sensitive data
22:43:01.486 [Test worker] DEBUG o.s.h.s.r.b.UndertowHttpServer - Starting UndertowHttpServer...
22:43:01.487 [Test worker] DEBUG o.s.h.s.r.b.UndertowHttpServer - Server started on port 54241(0 millis).
22:43:01.488 [Test worker] DEBUG o.s.w.r.f.c.ExchangeFunctions - [7664da5b] HTTP POST http://localhost:54241/requestPart
22:43:01.488 [reactor-http-nio-4] DEBUG o.s.h.c.m.MultipartHttpMessageWriter - [7664da5b] Encoding parts [fieldPart, fileParts, jsonPart] (content masked)
22:43:01.494 [XNIO-58 I/O-10] DEBUG o.s.w.s.a.HttpWebHandlerAdapter - [52af4928] HTTP POST "/requestPart"
22:43:01.494 [XNIO-58 I/O-10] DEBUG o.s.w.r.r.m.a.RequestMappingHandlerMapping - [52af4928] Mapped to org.springframework.web.reactive.result.method.annotation.MultipartIntegrationTests$MultipartController#requestPart(FormFieldPart, FilePart, Mono)
22:43:01.498 [XNIO-58 I/O-10] DEBUG o.s.w.r.r.m.a.RequestPartMethodArgumentResolver - [52af4928] Decoding part 'jsonPart'
22:43:01.498 [XNIO-58 I/O-10] DEBUG o.s.w.r.r.m.a.RequestPartMethodArgumentResolver - [52af4928] Content-Type:application/json
22:43:01.498 [XNIO-58 I/O-10] DEBUG o.s.w.r.r.m.a.RequestPartMethodArgumentResolver - [52af4928] 0..1 [org.springframework.web.reactive.result.method.annotation.MultipartIntegrationTests$Person]
22:43:01.499 [XNIO-58 I/O-10] DEBUG o.s.h.c.j.Jackson2JsonDecoder - [52af4928] Decoded [org.springframework.web.reactive.result.method.annotation.MultipartIntegrationTests$Person@57412140]
22:43:01.499 [XNIO-58 I/O-10] DEBUG o.s.w.s.a.HttpWebHandlerAdapter - [52af4928] Completed 200 OK
22:43:01.499 [reactor-http-nio-4] DEBUG o.s.w.r.f.c.ExchangeFunctions - [7664da5b] Response 200 OK
22:43:01.499 [Test worker] DEBUG o.s.h.s.r.b.UndertowHttpServer - Stopping UndertowHttpServer...
22:43:01.500 [Test worker] DEBUG o.s.h.s.r.b.UndertowHttpServer - Server stopped (0 millis).
22:43:01.504 [Test worker] DEBUG o.s.w.r.r.m.a.RequestMappingHandlerMapping - 7 mappings in 'requestMappingHandlerMapping'
22:43:01.519 [Test worker] DEBUG o.s.w.r.r.m.a.ControllerMethodResolver - ControllerAdvice beans: none
22:43:01.538 [Test worker] DEBUG o.s.w.s.a.HttpWebHandlerAdapter - enableLoggingRequestDetails='false': form data and headers will be masked to prevent unsafe logging of potentially sensitive data
22:43:01.538 [Test worker] DEBUG o.s.h.s.r.b.UndertowHttpServer - Starting UndertowHttpServer...
22:43:01.550 [Test worker] DEBUG o.s.h.s.r.b.UndertowHttpServer - Server started on port 54243(0 millis).
22:43:01.550 [Test worker] DEBUG o.s.w.r.f.c.ExchangeFunctions - [4a23306c] HTTP POST http://localhost:54243/filePartFlux
22:43:01.551 [reactor-http-nio-8] DEBUG o.s.h.c.m.MultipartHttpMessageWriter - [4a23306c] Encoding parts [fieldPart, fileParts, jsonPart] (content masked)
22:43:01.554 [reactor-http-nio-8] ERROR i.n.u.ResourceLeakDetector - LEAK: ByteBuf.release() was not called before it's garbage-collected. See http://netty.io/wiki/reference-counted-objects.html for more information.
Recent access records: 
#1:
	org.springframework.core.io.buffer.NettyDataBuffer.release(NettyDataBuffer.java:308)
	org.springframework.core.io.buffer.DataBufferUtils.release(DataBufferUtils.java:498)
	org.springframework.http.codec.multipart.DefaultMultipartMessageReader.toPart(DefaultMultipartMessageReader.java:206)
	reactor.core.publisher.FluxMap$MapConditionalSubscriber.onNext(FluxMap.java:199)
	reactor.core.publisher.FluxTakeWhile$TakeWhileSubscriber.onNext(FluxTakeWhile.java:94)
	reactor.core.publisher.FluxContextStart$ContextStartSubscriber.onNext(FluxContextStart.java:103)
	reactor.core.publisher.FluxMap$MapConditionalSubscriber.onNext(FluxMap.java:213)
	reactor.core.publisher.FluxBufferPredicate$BufferPredicateSubscriber.emit(FluxBufferPredicate.java:290)
	reactor.core.publisher.FluxBufferPredicate$BufferPredicateSubscriber.onNextNewBuffer(FluxBufferPredicate.java:257)
	reactor.core.publisher.FluxBufferPredicate$BufferPredicateSubscriber.tryOnNext(FluxBufferPredicate.java:211)
	reactor.core.publisher.FluxBufferPredicate$BufferPredicateSubscriber.onNext(FluxBufferPredicate.java:184)
	reactor.core.publisher.FluxFlatMap$FlatMapMain.drainLoop(FluxFlatMap.java:664)
	reactor.core.publisher.FluxFlatMap$FlatMapMain.drain(FluxFlatMap.java:540)
	reactor.core.publisher.FluxFlatMap$FlatMapInner.onSubscribe(FluxFlatMap.java:924)
	reactor.core.publisher.FluxIterable.subscribe(FluxIterable.java:139)
	reactor.core.publisher.FluxIterable.subscribe(FluxIterable.java:63)
	reactor.core.publisher.Flux.subscribe(Flux.java:7922)
	reactor.core.publisher.FluxFlatMap$FlatMapMain.onNext(FluxFlatMap.java:389)
	reactor.core.publisher.FluxConcatMap$ConcatMapImmediate.innerNext(FluxConcatMap.java:275)
	reactor.core.publisher.FluxConcatMap$ConcatMapInner.onNext(FluxConcatMap.java:849)
	reactor.core.publisher.FluxConcatMap$WeakScalarSubscription.request(FluxConcatMap.java:470)
	reactor.core.publisher.Operators$MultiSubscriptionSubscriber.set(Operators.java:1939)
	reactor.core.publisher.FluxConcatMap$ConcatMapImmediate.drain(FluxConcatMap.java:436)
	reactor.core.publisher.FluxConcatMap$ConcatMapImmediate.onNext(FluxConcatMap.java:244)
	reactor.core.publisher.FluxMap$MapSubscriber.onNext(FluxMap.java:114)
	reactor.core.publisher.FluxPeek$PeekSubscriber.onNext(FluxPeek.java:192)
	reactor.core.publisher.FluxMap$MapSubscriber.onNext(FluxMap.java:114)
	reactor.netty.channel.FluxReceive.drainReceiver(FluxReceive.java:206)
	reactor.netty.channel.FluxReceive.onInboundNext(FluxReceive.java:322)
	reactor.netty.channel.ChannelOperations.onInboundNext(ChannelOperations.java:335)
	reactor.netty.http.server.HttpServerOperations.onInboundNext(HttpServerOperations.java:456)
	reactor.netty.channel.ChannelOperationsHandler.channelRead(ChannelOperationsHandler.java:91)
	io.netty.channel.AbstractChannelHandlerContext.invokeChannelRead(AbstractChannelHandlerContext.java:374)
	io.netty.channel.AbstractChannelHandlerContext.invokeChannelRead(AbstractChannelHandlerContext.java:360)
	io.netty.channel.AbstractChannelHandlerContext.fireChannelRead(AbstractChannelHandlerContext.java:352)
	reactor.netty.http.server.HttpTrafficHandler.channelRead(HttpTrafficHandler.java:190)
	io.netty.channel.AbstractChannelHandlerContext.invokeChannelRead(AbstractChannelHandlerContext.java:374)
	io.netty.channel.AbstractChannelHandlerContext.invokeChannelRead(AbstractChannelHandlerContext.java:360)
	io.netty.channel.AbstractChannelHandlerContext.fireChannelRead(AbstractChannelHandlerContext.java:352)
	io.netty.channel.CombinedChannelDuplexHandler$DelegatingChannelHandlerContext.fireChannelRead(CombinedChannelDuplexHandler.java:438)
	io.netty.handler.codec.ByteToMessageDecoder.fireChannelRead(ByteToMessageDecoder.java:323)
	io.netty.handler.codec.ByteToMessageDecoder.fireChannelRead(ByteToMessageDecoder.java:310)
	io.netty.handler.codec.ByteToMessageDecoder.callDecode(ByteToMessageDecoder.java:426)
	io.netty.handler.codec.ByteToMessageDecoder.channelRead(ByteToMessageDecoder.java:278)
	io.netty.channel.CombinedChannelDuplexHandler.channelRead(CombinedChannelDuplexHandler.java:253)
	io.netty.channel.AbstractChannelHandlerContext.invokeChannelRead(AbstractChannelHandlerContext.java:374)
	io.netty.channel.AbstractChannelHandlerContext.invokeChannelRead(AbstractChannelHandlerContext.java:360)
	io.netty.channel.AbstractChannelHandlerContext.fireChannelRead(AbstractChannelHandlerContext.java:352)
	io.netty.channel.DefaultChannelPipeline$HeadContext.channelRead(DefaultChannelPipeline.java:1408)
	io.netty.channel.AbstractChannelHandlerContext.invokeChannelRead(AbstractChannelHandlerContext.java:374)
	io.netty.channel.AbstractChannelHandlerContext.invokeChannelRead(AbstractChannelHandlerContext.java:360)
	io.netty.channel.DefaultChannelPipeline.fireChannelRead(DefaultChannelPipeline.java:930)
	io.netty.channel.nio.AbstractNioByteChannel$NioByteUnsafe.read(AbstractNioByteChannel.java:163)
	io.netty.channel.nio.NioEventLoop.processSelectedKey(NioEventLoop.java:682)
	io.netty.channel.nio.NioEventLoop.processSelectedKeysOptimized(NioEventLoop.java:617)
	io.netty.channel.nio.NioEventLoop.processSelectedKeys(NioEventLoop.java:534)
	io.netty.channel.nio.NioEventLoop.run(NioEventLoop.java:496)
	io.netty.util.concurrent.SingleThreadEventExecutor$5.run(SingleThreadEventExecutor.java:906)
	io.netty.util.internal.ThreadExecutorMap$2.run(ThreadExecutorMap.java:74)
	io.netty.util.concurrent.FastThreadLocalRunnable.run(FastThreadLocalRunnable.java:30)
	java.lang.Thread.run(Thread.java:748)
#2:
	io.netty.buffer.AdvancedLeakAwareCompositeByteBuf.getByte(AdvancedLeakAwareCompositeByteBuf.java:140)
	org.springframework.core.io.buffer.NettyDataBuffer.getByte(NettyDataBuffer.java:132)
	org.springframework.core.io.buffer.DataBufferUtils$KnuthMorrisPrattMatcher.match(DataBufferUtils.java:1005)
	org.springframework.http.codec.multipart.DefaultMultipartMessageReader.toPart(DefaultMultipartMessageReader.java:184)
	reactor.core.publisher.FluxMap$MapConditionalSubscriber.onNext(FluxMap.java:199)
	reactor.core.publisher.FluxTakeWhile$TakeWhileSubscriber.onNext(FluxTakeWhile.java:94)
	reactor.core.publisher.FluxContextStart$ContextStartSubscriber.onNext(FluxContextStart.java:103)
	reactor.core.publisher.FluxMap$MapConditionalSubscriber.onNext(FluxMap.java:213)
	reactor.core.publisher.FluxBufferPredicate$BufferPredicateSubscriber.emit(FluxBufferPredicate.java:290)
	reactor.core.publisher.FluxBufferPredicate$BufferPredicateSubscriber.onNextNewBuffer(FluxBufferPredicate.java:257)
	reactor.core.publisher.FluxBufferPredicate$BufferPredicateSubscriber.tryOnNext(FluxBufferPredicate.java:211)
	reactor.core.publisher.FluxBufferPredicate$BufferPredicateSubscriber.onNext(FluxBufferPredicate.java:184)
	reactor.core.publisher.FluxFlatMap$FlatMapMain.drainLoop(FluxFlatMap.java:664)
	reactor.core.publisher.FluxFlatMap$FlatMapMain.drain(FluxFlatMap.java:540)
	reactor.core.publisher.FluxFlatMap$FlatMapInner.onSubscribe(FluxFlatMap.java:924)
	reactor.core.publisher.FluxIterable.subscribe(FluxIterable.java:139)
	reactor.core.publisher.FluxIterable.subscribe(FluxIterable.java:63)
	reactor.core.publisher.Flux.subscribe(Flux.java:7922)
	reactor.core.publisher.FluxFlatMap$FlatMapMain.onNext(FluxFlatMap.java:389)
	reactor.core.publisher.FluxConcatMap$ConcatMapImmediate.innerNext(FluxConcatMap.java:275)
	reactor.core.publisher.FluxConcatMap$ConcatMapInner.onNext(FluxConcatMap.java:849)
	reactor.core.publisher.FluxConcatMap$WeakScalarSubscription.request(FluxConcatMap.java:470)
	reactor.core.publisher.Operators$MultiSubscriptionSubscriber.set(Operators.java:1939)
	reactor.core.publisher.FluxConcatMap$ConcatMapImmediate.drain(FluxConcatMap.java:436)
	reactor.core.publisher.FluxConcatMap$ConcatMapImmediate.onNext(FluxConcatMap.java:244)
	reactor.core.publisher.FluxMap$MapSubscriber.onNext(FluxMap.java:114)
	reactor.core.publisher.FluxPeek$PeekSubscriber.onNext(FluxPeek.java:192)
	reactor.core.publisher.FluxMap$MapSubscriber.onNext(FluxMap.java:114)
	reactor.netty.channel.FluxReceive.drainReceiver(FluxReceive.java:206)
	reactor.netty.channel.FluxReceive.onInboundNext(FluxReceive.java:322)
	reactor.netty.channel.ChannelOperations.onInboundNext(ChannelOperations.java:335)
	reactor.netty.http.server.HttpServerOperations.onInboundNext(HttpServerOperations.java:456)
	reactor.netty.channel.ChannelOperationsHandler.channelRead(ChannelOperationsHandler.java:91)
	io.netty.channel.AbstractChannelHandlerContext.invokeChannelRead(AbstractChannelHandlerContext.java:374)
	io.netty.channel.AbstractChannelHandlerContext.invokeChannelRead(AbstractChannelHandlerContext.java:360)
	io.netty.channel.AbstractChannelHandlerContext.fireChannelRead(AbstractChannelHandlerContext.java:352)
	reactor.netty.http.server.HttpTrafficHandler.channelRead(HttpTrafficHandler.java:190)
	io.netty.channel.AbstractChannelHandlerContext.invokeChannelRead(AbstractChannelHandlerContext.java:374)
	io.netty.channel.AbstractChannelHandlerContext.invokeChannelRead(AbstractChannelHandlerContext.java:360)
	io.netty.channel.AbstractChannelHandlerContext.fireChannelRead(AbstractChannelHandlerContext.java:352)
	io.netty.channel.CombinedChannelDuplexHandler$DelegatingChannelHandlerContext.fireChannelRead(CombinedChannelDuplexHandler.java:438)
	io.netty.handler.codec.ByteToMessageDecoder.fireChannelRead(ByteToMessageDecoder.java:323)
	io.netty.handler.codec.ByteToMessageDecoder.fireChannelRead(ByteToMessageDecoder.java:310)
	io.netty.handler.codec.ByteToMessageDecoder.callDecode(ByteToMessageDecoder.java:426)
	io.netty.handler.codec.ByteToMessageDecoder.channelRead(ByteToMessageDecoder.java:278)
	io.netty.channel.CombinedChannelDuplexHandler.channelRead(CombinedChannelDuplexHandler.java:253)
	io.netty.channel.AbstractChannelHandlerContext.invokeChannelRead(AbstractChannelHandlerContext.java:374)
	io.netty.channel.AbstractChannelHandlerContext.invokeChannelRead(AbstractChannelHandlerContext.java:360)
	io.netty.channel.AbstractChannelHandlerContext.fireChannelRead(AbstractChannelHandlerContext.java:352)
	io.netty.channel.DefaultChannelPipeline$HeadContext.channelRead(DefaultChannelPipeline.java:1408)
	io.netty.channel.AbstractChannelHandlerContext.invokeChannelRead(AbstractChannelHandlerContext.java:374)
	io.netty.channel.AbstractChannelHandlerContext.invokeChannelRead(AbstractChannelHandlerContext.java:360)
	io.netty.channel.DefaultChannelPipeline.fireChannelRead(DefaultChannelPipeline.java:930)
	io.netty.channel.nio.AbstractNioByteChannel$NioByteUnsafe.read(AbstractNioByteChannel.java:163)
	io.netty.channel.nio.NioEventLoop.processSelectedKey(NioEventLoop.java:682)
	io.netty.channel.nio.NioEventLoop.processSelectedKeysOptimized(NioEventLoop.java:617)
	io.netty.channel.nio.NioEventLoop.processSelectedKeys(NioEventLoop.java:534)
	io.netty.channel.nio.NioEventLoop.run(NioEventLoop.java:496)
	io.netty.util.concurrent.SingleThreadEventExecutor$5.run(SingleThreadEventExecutor.java:906)
	io.netty.util.internal.ThreadExecutorMap$2.run(ThreadExecutorMap.java:74)
	io.netty.util.concurrent.FastThreadLocalRunnable.run(FastThreadLocalRunnable.java:30)
	java.lang.Thread.run(Thread.java:748)
#3:
	io.netty.buffer.AdvancedLeakAwareCompositeByteBuf.getByte(AdvancedLeakAwareCompositeByteBuf.java:140)
	org.springframework.core.io.buffer.NettyDataBuffer.getByte(NettyDataBuffer.java:132)
	org.springframework.http.codec.multipart.DefaultMultipartMessageReader.notLastBoundary(DefaultMultipartMessageReader.java:163)
	reactor.core.publisher.FluxTakeWhile$TakeWhileSubscriber.onNext(FluxTakeWhile.java:79)
	reactor.core.publisher.FluxContextStart$ContextStartSubscriber.onNext(FluxContextStart.java:103)
	reactor.core.publisher.FluxMap$MapConditionalSubscriber.onNext(FluxMap.java:213)
	reactor.core.publisher.FluxBufferPredicate$BufferPredicateSubscriber.emit(FluxBufferPredicate.java:290)
	reactor.core.publisher.FluxBufferPredicate$BufferPredicateSubscriber.onNextNewBuffer(FluxBufferPredicate.java:257)
	reactor.core.publisher.FluxBufferPredicate$BufferPredicateSubscriber.tryOnNext(FluxBufferPredicate.java:211)
	reactor.core.publisher.FluxBufferPredicate$BufferPredicateSubscriber.onNext(FluxBufferPredicate.java:184)
	reactor.core.publisher.FluxFlatMap$FlatMapMain.drainLoop(FluxFlatMap.java:664)
	reactor.core.publisher.FluxFlatMap$FlatMapMain.drain(FluxFlatMap.java:540)
	reactor.core.publisher.FluxFlatMap$FlatMapInner.onSubscribe(FluxFlatMap.java:924)
	reactor.core.publisher.FluxIterable.subscribe(FluxIterable.java:139)
	reactor.core.publisher.FluxIterable.subscribe(FluxIterable.java:63)
	reactor.core.publisher.Flux.subscribe(Flux.java:7922)
	reactor.core.publisher.FluxFlatMap$FlatMapMain.onNext(FluxFlatMap.java:389)
	reactor.core.publisher.FluxConcatMap$ConcatMapImmediate.innerNext(FluxConcatMap.java:275)
	reactor.core.publisher.FluxConcatMap$ConcatMapInner.onNext(FluxConcatMap.java:849)
	reactor.core.publisher.FluxConcatMap$WeakScalarSubscription.request(FluxConcatMap.java:470)
	reactor.core.publisher.Operators$MultiSubscriptionSubscriber.set(Operators.java:1939)
	reactor.core.publisher.FluxConcatMap$ConcatMapImmediate.drain(FluxConcatMap.java:436)
	reactor.core.publisher.FluxConcatMap$ConcatMapImmediate.onNext(FluxConcatMap.java:244)
	reactor.core.publisher.FluxMap$MapSubscriber.onNext(FluxMap.java:114)
	reactor.core.publisher.FluxPeek$PeekSubscriber.onNext(FluxPeek.java:192)
	reactor.core.publisher.FluxMap$MapSubscriber.onNext(FluxMap.java:114)
	reactor.netty.channel.FluxReceive.drainReceiver(FluxReceive.java:206)
	reactor.netty.channel.FluxReceive.onInboundNext(FluxReceive.java:322)
	reactor.netty.channel.ChannelOperations.onInboundNext(ChannelOperations.java:335)
	reactor.netty.http.server.HttpServerOperations.onInboundNext(HttpServerOperations.java:456)
	reactor.netty.channel.ChannelOperationsHandler.channelRead(ChannelOperationsHandler.java:91)
	io.netty.channel.AbstractChannelHandlerContext.invokeChannelRead(AbstractChannelHandlerContext.java:374)
	io.netty.channel.AbstractChannelHandlerContext.invokeChannelRead(AbstractChannelHandlerContext.java:360)
	io.netty.channel.AbstractChannelHandlerContext.fireChannelRead(AbstractChannelHandlerContext.java:352)
	reactor.netty.http.server.HttpTrafficHandler.channelRead(HttpTrafficHandler.java:190)
	io.netty.channel.AbstractChannelHandlerContext.invokeChannelRead(AbstractChannelHandlerContext.java:374)
	io.netty.channel.AbstractChannelHandlerContext.invokeChannelRead(AbstractChannelHandlerContext.java:360)
	io.netty.channel.AbstractChannelHandlerContext.fireChannelRead(AbstractChannelHandlerContext.java:352)
	io.netty.channel.CombinedChannelDuplexHandler$DelegatingChannelHandlerContext.fireChannelRead(CombinedChannelDuplexHandler.java:438)
	io.netty.handler.codec.ByteToMessageDecoder.fireChannelRead(ByteToMessageDecoder.java:323)
	io.netty.handler.codec.ByteToMessageDecoder.fireChannelRead(ByteToMessageDecoder.java:310)
	io.netty.handler.codec.ByteToMessageDecoder.callDecode(ByteToMessageDecoder.java:426)
	io.netty.handler.codec.ByteToMessageDecoder.channelRead(ByteToMessageDecoder.java:278)
	io.netty.channel.CombinedChannelDuplexHandler.channelRead(CombinedChannelDuplexHandler.java:253)
	io.netty.channel.AbstractChannelHandlerContext.invokeChannelRead(AbstractChannelHandlerContext.java:374)
	io.netty.channel.AbstractChannelHandlerContext.invokeChannelRead(AbstractChannelHandlerContext.java:360)
	io.netty.channel.AbstractChannelHandlerContext.fireChannelRead(AbstractChannelHandlerContext.java:352)
	io.netty.channel.DefaultChannelPipeline$HeadContext.channelRead(DefaultChannelPipeline.java:1408)
	io.netty.channel.AbstractChannelHandlerContext.invokeChannelRead(AbstractChannelHandlerContext.java:374)
	io.netty.channel.AbstractChannelHandlerContext.invokeChannelRead(AbstractChannelHandlerContext.java:360)
	io.netty.channel.DefaultChannelPipeline.fireChannelRead(DefaultChannelPipeline.java:930)
	io.netty.channel.nio.AbstractNioByteChannel$NioByteUnsafe.read(AbstractNioByteChannel.java:163)
	io.netty.channel.nio.NioEventLoop.processSelectedKey(NioEventLoop.java:682)
	io.netty.channel.nio.NioEventLoop.processSelectedKeysOptimized(NioEventLoop.java:617)
	io.netty.channel.nio.NioEventLoop.processSelectedKeys(NioEventLoop.java:534)
	io.netty.channel.nio.NioEventLoop.run(NioEventLoop.java:496)
	io.netty.util.concurrent.SingleThreadEventExecutor$5.run(SingleThreadEventExecutor.java:906)
	io.netty.util.internal.ThreadExecutorMap$2.run(ThreadExecutorMap.java:74)
	io.netty.util.concurrent.FastThreadLocalRunnable.run(FastThreadLocalRunnable.java:30)
	java.lang.Thread.run(Thread.java:748)
#4:
	io.netty.buffer.AdvancedLeakAwareCompositeByteBuf.addComponent(AdvancedLeakAwareCompositeByteBuf.java:920)
	org.springframework.core.io.buffer.NettyDataBufferFactory.join(NettyDataBufferFactory.java:111)
	org.springframework.core.io.buffer.DataBufferUtils.joinAndStrip(DataBufferUtils.java:686)
	org.springframework.core.io.buffer.DataBufferUtils.lambda$split$20(DataBufferUtils.java:605)
	reactor.core.publisher.FluxMap$MapConditionalSubscriber.onNext(FluxMap.java:199)
	reactor.core.publisher.FluxBufferPredicate$BufferPredicateSubscriber.emit(FluxBufferPredicate.java:290)
	reactor.core.publisher.FluxBufferPredicate$BufferPredicateSubscriber.onNextNewBuffer(FluxBufferPredicate.java:257)
	reactor.core.publisher.FluxBufferPredicate$BufferPredicateSubscriber.tryOnNext(FluxBufferPredicate.java:211)
	reactor.core.publisher.FluxBufferPredicate$BufferPredicateSubscriber.onNext(FluxBufferPredicate.java:184)
	reactor.core.publisher.FluxFlatMap$FlatMapMain.drainLoop(FluxFlatMap.java:664)
	reactor.core.publisher.FluxFlatMap$FlatMapMain.drain(FluxFlatMap.java:540)
	reactor.core.publisher.FluxFlatMap$FlatMapInner.onSubscribe(FluxFlatMap.java:924)
	reactor.core.publisher.FluxIterable.subscribe(FluxIterable.java:139)
	reactor.core.publisher.FluxIterable.subscribe(FluxIterable.java:63)
	reactor.core.publisher.Flux.subscribe(Flux.java:7922)
	reactor.core.publisher.FluxFlatMap$FlatMapMain.onNext(FluxFlatMap.java:389)
	reactor.core.publisher.FluxConcatMap$ConcatMapImmediate.innerNext(FluxConcatMap.java:275)
	reactor.core.publisher.FluxConcatMap$ConcatMapInner.onNext(FluxConcatMap.java:849)
	reactor.core.publisher.FluxConcatMap$WeakScalarSubscription.request(FluxConcatMap.java:470)
	reactor.core.publisher.Operators$MultiSubscriptionSubscriber.set(Operators.java:1939)
	reactor.core.publisher.FluxConcatMap$ConcatMapImmediate.drain(FluxConcatMap.java:436)
	reactor.core.publisher.FluxConcatMap$ConcatMapImmediate.onNext(FluxConcatMap.java:244)
	reactor.core.publisher.FluxMap$MapSubscriber.onNext(FluxMap.java:114)
	reactor.core.publisher.FluxPeek$PeekSubscriber.onNext(FluxPeek.java:192)
	reactor.core.publisher.FluxMap$MapSubscriber.onNext(FluxMap.java:114)
	reactor.netty.channel.FluxReceive.drainReceiver(FluxReceive.java:206)
	reactor.netty.channel.FluxReceive.onInboundNext(FluxReceive.java:322)
	reactor.netty.channel.ChannelOperations.onInboundNext(ChannelOperations.java:335)
	reactor.netty.http.server.HttpServerOperations.onInboundNext(HttpServerOperations.java:456)
	reactor.netty.channel.ChannelOperationsHandler.channelRead(ChannelOperationsHandler.java:91)
	io.netty.channel.AbstractChannelHandlerContext.invokeChannelRead(AbstractChannelHandlerContext.java:374)
	io.netty.channel.AbstractChannelHandlerContext.invokeChannelRead(AbstractChannelHandlerContext.java:360)
	io.netty.channel.AbstractChannelHandlerContext.fireChannelRead(AbstractChannelHandlerContext.java:352)
	reactor.netty.http.server.HttpTrafficHandler.channelRead(HttpTrafficHandler.java:190)
	io.netty.channel.AbstractChannelHandlerContext.invokeChannelRead(AbstractChannelHandlerContext.java:374)
	io.netty.channel.AbstractChannelHandlerContext.invokeChannelRead(AbstractChannelHandlerContext.java:360)
	io.netty.channel.AbstractChannelHandlerContext.fireChannelRead(AbstractChannelHandlerContext.java:352)
	io.netty.channel.CombinedChannelDuplexHandler$DelegatingChannelHandlerContext.fireChannelRead(CombinedChannelDuplexHandler.java:438)
	io.netty.handler.codec.ByteToMessageDecoder.fireChannelRead(ByteToMessageDecoder.java:323)
	io.netty.handler.codec.ByteToMessageDecoder.fireChannelRead(ByteToMessageDecoder.java:310)
	io.netty.handler.codec.ByteToMessageDecoder.callDecode(ByteToMessageDecoder.java:426)
	io.netty.handler.codec.ByteToMessageDecoder.channelRead(ByteToMessageDecoder.java:278)
	io.netty.channel.CombinedChannelDuplexHandler.channelRead(CombinedChannelDuplexHandler.java:253)
	io.netty.channel.AbstractChannelHandlerContext.invokeChannelRead(AbstractChannelHandlerContext.java:374)
	io.netty.channel.AbstractChannelHandlerContext.invokeChannelRead(AbstractChannelHandlerContext.java:360)
	io.netty.channel.AbstractChannelHandlerContext.fireChannelRead(AbstractChannelHandlerContext.java:352)
	io.netty.channel.DefaultChannelPipeline$HeadContext.channelRead(DefaultChannelPipeline.java:1408)
	io.netty.channel.AbstractChannelHandlerContext.invokeChannelRead(AbstractChannelHandlerContext.java:374)
	io.netty.channel.AbstractChannelHandlerContext.invokeChannelRead(AbstractChannelHandlerContext.java:360)
	io.netty.channel.DefaultChannelPipeline.fireChannelRead(DefaultChannelPipeline.java:930)
	io.netty.channel.nio.AbstractNioByteChannel$NioByteUnsafe.read(AbstractNioByteChannel.java:163)
	io.netty.channel.nio.NioEventLoop.processSelectedKey(NioEventLoop.java:682)
	io.netty.channel.nio.NioEventLoop.processSelectedKeysOptimized(NioEventLoop.java:617)
	io.netty.channel.nio.NioEventLoop.processSelectedKeys(NioEventLoop.java:534)
	io.netty.channel.nio.NioEventLoop.run(NioEventLoop.java:496)
	io.netty.util.concurrent.SingleThreadEventExecutor$5.run(SingleThreadEventExecutor.java:906)
	io.netty.util.internal.ThreadExecutorMap$2.run(ThreadExecutorMap.java:74)
	io.netty.util.concurrent.FastThreadLocalRunnable.run(FastThreadLocalRunnable.java:30)
	java.lang.Thread.run(Thread.java:748)
Created at:
	io.netty.buffer.AbstractByteBufAllocator.compositeDirectBuffer(AbstractByteBufAllocator.java:223)
	io.netty.buffer.AbstractByteBufAllocator.compositeBuffer(AbstractByteBufAllocator.java:201)
	org.springframework.core.io.buffer.NettyDataBufferFactory.join(NettyDataBufferFactory.java:108)
	org.springframework.core.io.buffer.DataBufferUtils.joinAndStrip(DataBufferUtils.java:686)
	org.springframework.core.io.buffer.DataBufferUtils.lambda$split$20(DataBufferUtils.java:605)
	reactor.core.publisher.FluxMap$MapConditionalSubscriber.onNext(FluxMap.java:199)
	reactor.core.publisher.FluxBufferPredicate$BufferPredicateSubscriber.emit(FluxBufferPredicate.java:290)
	reactor.core.publisher.FluxBufferPredicate$BufferPredicateSubscriber.onNextNewBuffer(FluxBufferPredicate.java:257)
	reactor.core.publisher.FluxBufferPredicate$BufferPredicateSubscriber.tryOnNext(FluxBufferPredicate.java:211)
	reactor.core.publisher.FluxBufferPredicate$BufferPredicateSubscriber.onNext(FluxBufferPredicate.java:184)
	reactor.core.publisher.FluxFlatMap$FlatMapMain.drainLoop(FluxFlatMap.java:664)
	reactor.core.publisher.FluxFlatMap$FlatMapMain.drain(FluxFlatMap.java:540)
	reactor.core.publisher.FluxFlatMap$FlatMapInner.onSubscribe(FluxFlatMap.java:924)
	reactor.core.publisher.FluxIterable.subscribe(FluxIterable.java:139)
	reactor.core.publisher.FluxIterable.subscribe(FluxIterable.java:63)
	reactor.core.publisher.Flux.subscribe(Flux.java:7922)
	reactor.core.publisher.FluxFlatMap$FlatMapMain.onNext(FluxFlatMap.java:389)
	reactor.core.publisher.FluxConcatMap$ConcatMapImmediate.innerNext(FluxConcatMap.java:275)
	reactor.core.publisher.FluxConcatMap$ConcatMapInner.onNext(FluxConcatMap.java:849)
	reactor.core.publisher.FluxConcatMap$WeakScalarSubscription.request(FluxConcatMap.java:470)
	reactor.core.publisher.Operators$MultiSubscriptionSubscriber.set(Operators.java:1939)
	reactor.core.publisher.FluxConcatMap$ConcatMapImmediate.drain(FluxConcatMap.java:436)
	reactor.core.publisher.FluxConcatMap$ConcatMapImmediate.onNext(FluxConcatMap.java:244)
	reactor.core.publisher.FluxMap$MapSubscriber.onNext(FluxMap.java:114)
	reactor.core.publisher.FluxPeek$PeekSubscriber.onNext(FluxPeek.java:192)
	reactor.core.publisher.FluxMap$MapSubscriber.onNext(FluxMap.java:114)
	reactor.netty.channel.FluxReceive.drainReceiver(FluxReceive.java:206)
	reactor.netty.channel.FluxReceive.onInboundNext(FluxReceive.java:322)
	reactor.netty.channel.ChannelOperations.onInboundNext(ChannelOperations.java:335)
	reactor.netty.http.server.HttpServerOperations.onInboundNext(HttpServerOperations.java:456)
	reactor.netty.channel.ChannelOperationsHandler.channelRead(ChannelOperationsHandler.java:91)
	io.netty.channel.AbstractChannelHandlerContext.invokeChannelRead(AbstractChannelHandlerContext.java:374)
	io.netty.channel.AbstractChannelHandlerContext.invokeChannelRead(AbstractChannelHandlerContext.java:360)
	io.netty.channel.AbstractChannelHandlerContext.fireChannelRead(AbstractChannelHandlerContext.java:352)
	reactor.netty.http.server.HttpTrafficHandler.channelRead(HttpTrafficHandler.java:190)
	io.netty.channel.AbstractChannelHandlerContext.invokeChannelRead(AbstractChannelHandlerContext.java:374)
	io.netty.channel.AbstractChannelHandlerContext.invokeChannelRead(AbstractChannelHandlerContext.java:360)
	io.netty.channel.AbstractChannelHandlerContext.fireChannelRead(AbstractChannelHandlerContext.java:352)
	io.netty.channel.CombinedChannelDuplexHandler$DelegatingChannelHandlerContext.fireChannelRead(CombinedChannelDuplexHandler.java:438)
	io.netty.handler.codec.ByteToMessageDecoder.fireChannelRead(ByteToMessageDecoder.java:323)
	io.netty.handler.codec.ByteToMessageDecoder.fireChannelRead(ByteToMessageDecoder.java:310)
	io.netty.handler.codec.ByteToMessageDecoder.callDecode(ByteToMessageDecoder.java:426)
	io.netty.handler.codec.ByteToMessageDecoder.channelRead(ByteToMessageDecoder.java:278)
	io.netty.channel.CombinedChannelDuplexHandler.channelRead(CombinedChannelDuplexHandler.java:253)
	io.netty.channel.AbstractChannelHandlerContext.invokeChannelRead(AbstractChannelHandlerContext.java:374)
	io.netty.channel.AbstractChannelHandlerContext.invokeChannelRead(AbstractChannelHandlerContext.java:360)
	io.netty.channel.AbstractChannelHandlerContext.fireChannelRead(AbstractChannelHandlerContext.java:352)
	io.netty.channel.DefaultChannelPipeline$HeadContext.channelRead(DefaultChannelPipeline.java:1408)
	io.netty.channel.AbstractChannelHandlerContext.invokeChannelRead(AbstractChannelHandlerContext.java:374)
	io.netty.channel.AbstractChannelHandlerContext.invokeChannelRead(AbstractChannelHandlerContext.java:360)
	io.netty.channel.DefaultChannelPipeline.fireChannelRead(DefaultChannelPipeline.java:930)
	io.netty.channel.nio.AbstractNioByteChannel$NioByteUnsafe.read(AbstractNioByteChannel.java:163)
	io.netty.channel.nio.NioEventLoop.processSelectedKey(NioEventLoop.java:682)
	io.netty.channel.nio.NioEventLoop.processSelectedKeysOptimized(NioEventLoop.java:617)
	io.netty.channel.nio.NioEventLoop.processSelectedKeys(NioEventLoop.java:534)
	io.netty.channel.nio.NioEventLoop.run(NioEventLoop.java:496)
	io.netty.util.concurrent.SingleThreadEventExecutor$5.run(SingleThreadEventExecutor.java:906)
	io.netty.util.internal.ThreadExecutorMap$2.run(ThreadExecutorMap.java:74)
	io.netty.util.concurrent.FastThreadLocalRunnable.run(FastThreadLocalRunnable.java:30)
	java.lang.Thread.run(Thread.java:748)
: 6 leak records were discarded because they were duplicates
: 106 leak records were discarded because the leak record count is targeted to 4. Use system property io.netty.leakDetection.targetRecords to increase the limit.
22:43:01.555 [reactor-http-nio-8] ERROR i.n.u.ResourceLeakDetector - LEAK: ByteBuf.release() was not called before it's garbage-collected. See http://netty.io/wiki/reference-counted-objects.html for more information.
Recent access records: 
#1:
	org.springframework.core.io.buffer.NettyDataBuffer.release(NettyDataBuffer.java:308)
	org.springframework.core.io.buffer.DataBufferUtils.release(DataBufferUtils.java:498)
	org.springframework.http.codec.multipart.DefaultMultipartMessageReader.toPart(DefaultMultipartMessageReader.java:206)
	reactor.core.publisher.FluxMap$MapConditionalSubscriber.onNext(FluxMap.java:199)
	reactor.core.publisher.FluxTakeWhile$TakeWhileSubscriber.onNext(FluxTakeWhile.java:94)
	reactor.core.publisher.FluxContextStart$ContextStartSubscriber.onNext(FluxContextStart.java:103)
	reactor.core.publisher.FluxMap$MapConditionalSubscriber.onNext(FluxMap.java:213)
	reactor.core.publisher.FluxBufferPredicate$BufferPredicateSubscriber.emit(FluxBufferPredicate.java:290)
	reactor.core.publisher.FluxBufferPredicate$BufferPredicateSubscriber.onNextNewBuffer(FluxBufferPredicate.java:257)
	reactor.core.publisher.FluxBufferPredicate$BufferPredicateSubscriber.tryOnNext(FluxBufferPredicate.java:211)
	reactor.core.publisher.FluxBufferPredicate$BufferPredicateSubscriber.onNext(FluxBufferPredicate.java:184)
	reactor.core.publisher.FluxFlatMap$FlatMapMain.drainLoop(FluxFlatMap.java:664)
	reactor.core.publisher.FluxFlatMap$FlatMapMain.drain(FluxFlatMap.java:540)
	reactor.core.publisher.FluxFlatMap$FlatMapInner.onSubscribe(FluxFlatMap.java:924)
	reactor.core.publisher.FluxIterable.subscribe(FluxIterable.java:139)
	reactor.core.publisher.FluxIterable.subscribe(FluxIterable.java:63)
	reactor.core.publisher.Flux.subscribe(Flux.java:7922)
	reactor.core.publisher.FluxFlatMap$FlatMapMain.onNext(FluxFlatMap.java:389)
	reactor.core.publisher.FluxConcatMap$ConcatMapImmediate.innerNext(FluxConcatMap.java:275)
	reactor.core.publisher.FluxConcatMap$ConcatMapInner.onNext(FluxConcatMap.java:849)
	reactor.core.publisher.FluxConcatMap$WeakScalarSubscription.request(FluxConcatMap.java:470)
	reactor.core.publisher.Operators$MultiSubscriptionSubscriber.set(Operators.java:1939)
	reactor.core.publisher.FluxConcatMap$ConcatMapImmediate.drain(FluxConcatMap.java:436)
	reactor.core.publisher.FluxConcatMap$ConcatMapImmediate.onNext(FluxConcatMap.java:244)
	reactor.core.publisher.FluxMap$MapSubscriber.onNext(FluxMap.java:114)
	reactor.core.publisher.FluxPeek$PeekSubscriber.onNext(FluxPeek.java:192)
	reactor.core.publisher.FluxMap$MapSubscriber.onNext(FluxMap.java:114)
	reactor.netty.channel.FluxReceive.drainReceiver(FluxReceive.java:206)
	reactor.netty.channel.FluxReceive.onInboundNext(FluxReceive.java:322)
	reactor.netty.channel.ChannelOperations.onInboundNext(ChannelOperations.java:335)
	reactor.netty.http.server.HttpServerOperations.onInboundNext(HttpServerOperations.java:456)
	reactor.netty.channel.ChannelOperationsHandler.channelRead(ChannelOperationsHandler.java:91)
	io.netty.channel.AbstractChannelHandlerContext.invokeChannelRead(AbstractChannelHandlerContext.java:374)
	io.netty.channel.AbstractChannelHandlerContext.invokeChannelRead(AbstractChannelHandlerContext.java:360)
	io.netty.channel.AbstractChannelHandlerContext.fireChannelRead(AbstractChannelHandlerContext.java:352)
	reactor.netty.http.server.HttpTrafficHandler.channelRead(HttpTrafficHandler.java:190)
	io.netty.channel.AbstractChannelHandlerContext.invokeChannelRead(AbstractChannelHandlerContext.java:374)
	io.netty.channel.AbstractChannelHandlerContext.invokeChannelRead(AbstractChannelHandlerContext.java:360)
	io.netty.channel.AbstractChannelHandlerContext.fireChannelRead(AbstractChannelHandlerContext.java:352)
	io.netty.channel.CombinedChannelDuplexHandler$DelegatingChannelHandlerContext.fireChannelRead(CombinedChannelDuplexHandler.java:438)
	io.netty.handler.codec.ByteToMessageDecoder.fireChannelRead(ByteToMessageDecoder.java:323)
	io.netty.handler.codec.ByteToMessageDecoder.fireChannelRead(ByteToMessageDecoder.java:310)
	io.netty.handler.codec.ByteToMessageDecoder.callDecode(ByteToMessageDecoder.java:426)
	io.netty.handler.codec.ByteToMessageDecoder.channelRead(ByteToMessageDecoder.java:278)
	io.netty.channel.CombinedChannelDuplexHandler.channelRead(CombinedChannelDuplexHandler.java:253)
	io.netty.channel.AbstractChannelHandlerContext.invokeChannelRead(AbstractChannelHandlerContext.java:374)
	io.netty.channel.AbstractChannelHandlerContext.invokeChannelRead(AbstractChannelHandlerContext.java:360)
	io.netty.channel.AbstractChannelHandlerContext.fireChannelRead(AbstractChannelHandlerContext.java:352)
	io.netty.channel.DefaultChannelPipeline$HeadContext.channelRead(DefaultChannelPipeline.java:1408)
	io.netty.channel.AbstractChannelHandlerContext.invokeChannelRead(AbstractChannelHandlerContext.java:374)
	io.netty.channel.AbstractChannelHandlerContext.invokeChannelRead(AbstractChannelHandlerContext.java:360)
	io.netty.channel.DefaultChannelPipeline.fireChannelRead(DefaultChannelPipeline.java:930)
	io.netty.channel.nio.AbstractNioByteChannel$NioByteUnsafe.read(AbstractNioByteChannel.java:163)
	io.netty.channel.nio.NioEventLoop.processSelectedKey(NioEventLoop.java:682)
	io.netty.channel.nio.NioEventLoop.processSelectedKeysOptimized(NioEventLoop.java:617)
	io.netty.channel.nio.NioEventLoop.processSelectedKeys(NioEventLoop.java:534)
	io.netty.channel.nio.NioEventLoop.run(NioEventLoop.java:496)
	io.netty.util.concurrent.SingleThreadEventExecutor$5.run(SingleThreadEventExecutor.java:906)
	io.netty.util.internal.ThreadExecutorMap$2.run(ThreadExecutorMap.java:74)
	io.netty.util.concurrent.FastThreadLocalRunnable.run(FastThreadLocalRunnable.java:30)
	java.lang.Thread.run(Thread.java:748)
#2:
	io.netty.buffer.AdvancedLeakAwareCompositeByteBuf.getByte(AdvancedLeakAwareCompositeByteBuf.java:140)
	org.springframework.core.io.buffer.NettyDataBuffer.getByte(NettyDataBuffer.java:132)
	org.springframework.core.io.buffer.DataBufferUtils$KnuthMorrisPrattMatcher.match(DataBufferUtils.java:1005)
	org.springframework.http.codec.multipart.DefaultMultipartMessageReader.toPart(DefaultMultipartMessageReader.java:184)
	reactor.core.publisher.FluxMap$MapConditionalSubscriber.onNext(FluxMap.java:199)
	reactor.core.publisher.FluxTakeWhile$TakeWhileSubscriber.onNext(FluxTakeWhile.java:94)
	reactor.core.publisher.FluxContextStart$ContextStartSubscriber.onNext(FluxContextStart.java:103)
	reactor.core.publisher.FluxMap$MapConditionalSubscriber.onNext(FluxMap.java:213)
	reactor.core.publisher.FluxBufferPredicate$BufferPredicateSubscriber.emit(FluxBufferPredicate.java:290)
	reactor.core.publisher.FluxBufferPredicate$BufferPredicateSubscriber.onNextNewBuffer(FluxBufferPredicate.java:257)
	reactor.core.publisher.FluxBufferPredicate$BufferPredicateSubscriber.tryOnNext(FluxBufferPredicate.java:211)
	reactor.core.publisher.FluxBufferPredicate$BufferPredicateSubscriber.onNext(FluxBufferPredicate.java:184)
	reactor.core.publisher.FluxFlatMap$FlatMapMain.drainLoop(FluxFlatMap.java:664)
	reactor.core.publisher.FluxFlatMap$FlatMapMain.drain(FluxFlatMap.java:540)
	reactor.core.publisher.FluxFlatMap$FlatMapInner.onSubscribe(FluxFlatMap.java:924)
	reactor.core.publisher.FluxIterable.subscribe(FluxIterable.java:139)
	reactor.core.publisher.FluxIterable.subscribe(FluxIterable.java:63)
	reactor.core.publisher.Flux.subscribe(Flux.java:7922)
	reactor.core.publisher.FluxFlatMap$FlatMapMain.onNext(FluxFlatMap.java:389)
	reactor.core.publisher.FluxConcatMap$ConcatMapImmediate.innerNext(FluxConcatMap.java:275)
	reactor.core.publisher.FluxConcatMap$ConcatMapInner.onNext(FluxConcatMap.java:849)
	reactor.core.publisher.FluxConcatMap$WeakScalarSubscription.request(FluxConcatMap.java:470)
	reactor.core.publisher.Operators$MultiSubscriptionSubscriber.set(Operators.java:1939)
	reactor.core.publisher.FluxConcatMap$ConcatMapImmediate.drain(FluxConcatMap.java:436)
	reactor.core.publisher.FluxConcatMap$ConcatMapImmediate.onNext(FluxConcatMap.java:244)
	reactor.core.publisher.FluxMap$MapSubscriber.onNext(FluxMap.java:114)
	reactor.core.publisher.FluxPeek$PeekSubscriber.onNext(FluxPeek.java:192)
	reactor.core.publisher.FluxMap$MapSubscriber.onNext(FluxMap.java:114)
	reactor.netty.channel.FluxReceive.drainReceiver(FluxReceive.java:206)
	reactor.netty.channel.FluxReceive.onInboundNext(FluxReceive.java:322)
	reactor.netty.channel.ChannelOperations.onInboundNext(ChannelOperations.java:335)
	reactor.netty.http.server.HttpServerOperations.onInboundNext(HttpServerOperations.java:456)
	reactor.netty.channel.ChannelOperationsHandler.channelRead(ChannelOperationsHandler.java:91)
	io.netty.channel.AbstractChannelHandlerContext.invokeChannelRead(AbstractChannelHandlerContext.java:374)
	io.netty.channel.AbstractChannelHandlerContext.invokeChannelRead(AbstractChannelHandlerContext.java:360)
	io.netty.channel.AbstractChannelHandlerContext.fireChannelRead(AbstractChannelHandlerContext.java:352)
	reactor.netty.http.server.HttpTrafficHandler.channelRead(HttpTrafficHandler.java:190)
	io.netty.channel.AbstractChannelHandlerContext.invokeChannelRead(AbstractChannelHandlerContext.java:374)
	io.netty.channel.AbstractChannelHandlerContext.invokeChannelRead(AbstractChannelHandlerContext.java:360)
	io.netty.channel.AbstractChannelHandlerContext.fireChannelRead(AbstractChannelHandlerContext.java:352)
	io.netty.channel.CombinedChannelDuplexHandler$DelegatingChannelHandlerContext.fireChannelRead(CombinedChannelDuplexHandler.java:438)
	io.netty.handler.codec.ByteToMessageDecoder.fireChannelRead(ByteToMessageDecoder.java:323)
	io.netty.handler.codec.ByteToMessageDecoder.fireChannelRead(ByteToMessageDecoder.java:310)
	io.netty.handler.codec.ByteToMessageDecoder.callDecode(ByteToMessageDecoder.java:426)
	io.netty.handler.codec.ByteToMessageDecoder.channelRead(ByteToMessageDecoder.java:278)
	io.netty.channel.CombinedChannelDuplexHandler.channelRead(CombinedChannelDuplexHandler.java:253)
	io.netty.channel.AbstractChannelHandlerContext.invokeChannelRead(AbstractChannelHandlerContext.java:374)
	io.netty.channel.AbstractChannelHandlerContext.invokeChannelRead(AbstractChannelHandlerContext.java:360)
	io.netty.channel.AbstractChannelHandlerContext.fireChannelRead(AbstractChannelHandlerContext.java:352)
	io.netty.channel.DefaultChannelPipeline$HeadContext.channelRead(DefaultChannelPipeline.java:1408)
	io.netty.channel.AbstractChannelHandlerContext.invokeChannelRead(AbstractChannelHandlerContext.java:374)
	io.netty.channel.AbstractChannelHandlerContext.invokeChannelRead(AbstractChannelHandlerContext.java:360)
	io.netty.channel.DefaultChannelPipeline.fireChannelRead(DefaultChannelPipeline.java:930)
	io.netty.channel.nio.AbstractNioByteChannel$NioByteUnsafe.read(AbstractNioByteChannel.java:163)
	io.netty.channel.nio.NioEventLoop.processSelectedKey(NioEventLoop.java:682)
	io.netty.channel.nio.NioEventLoop.processSelectedKeysOptimized(NioEventLoop.java:617)
	io.netty.channel.nio.NioEventLoop.processSelectedKeys(NioEventLoop.java:534)
	io.netty.channel.nio.NioEventLoop.run(NioEventLoop.java:496)
	io.netty.util.concurrent.SingleThreadEventExecutor$5.run(SingleThreadEventExecutor.java:906)
	io.netty.util.internal.ThreadExecutorMap$2.run(ThreadExecutorMap.java:74)
	io.netty.util.concurrent.FastThreadLocalRunnable.run(FastThreadLocalRunnable.java:30)
	java.lang.Thread.run(Thread.java:748)
#3:
	io.netty.buffer.AdvancedLeakAwareCompositeByteBuf.getByte(AdvancedLeakAwareCompositeByteBuf.java:140)
	org.springframework.core.io.buffer.NettyDataBuffer.getByte(NettyDataBuffer.java:132)
	org.springframework.http.codec.multipart.DefaultMultipartMessageReader.toPart(DefaultMultipartMessageReader.java:179)
	reactor.core.publisher.FluxMap$MapConditionalSubscriber.onNext(FluxMap.java:199)
	reactor.core.publisher.FluxTakeWhile$TakeWhileSubscriber.onNext(FluxTakeWhile.java:94)
	reactor.core.publisher.FluxContextStart$ContextStartSubscriber.onNext(FluxContextStart.java:103)
	reactor.core.publisher.FluxMap$MapConditionalSubscriber.onNext(FluxMap.java:213)
	reactor.core.publisher.FluxBufferPredicate$BufferPredicateSubscriber.emit(FluxBufferPredicate.java:290)
	reactor.core.publisher.FluxBufferPredicate$BufferPredicateSubscriber.onNextNewBuffer(FluxBufferPredicate.java:257)
	reactor.core.publisher.FluxBufferPredicate$BufferPredicateSubscriber.tryOnNext(FluxBufferPredicate.java:211)
	reactor.core.publisher.FluxBufferPredicate$BufferPredicateSubscriber.onNext(FluxBufferPredicate.java:184)
	reactor.core.publisher.FluxFlatMap$FlatMapMain.drainLoop(FluxFlatMap.java:664)
	reactor.core.publisher.FluxFlatMap$FlatMapMain.drain(FluxFlatMap.java:540)
	reactor.core.publisher.FluxFlatMap$FlatMapInner.onSubscribe(FluxFlatMap.java:924)
	reactor.core.publisher.FluxIterable.subscribe(FluxIterable.java:139)
	reactor.core.publisher.FluxIterable.subscribe(FluxIterable.java:63)
	reactor.core.publisher.Flux.subscribe(Flux.java:7922)
	reactor.core.publisher.FluxFlatMap$FlatMapMain.onNext(FluxFlatMap.java:389)
	reactor.core.publisher.FluxConcatMap$ConcatMapImmediate.innerNext(FluxConcatMap.java:275)
	reactor.core.publisher.FluxConcatMap$ConcatMapInner.onNext(FluxConcatMap.java:849)
	reactor.core.publisher.FluxConcatMap$WeakScalarSubscription.request(FluxConcatMap.java:470)
	reactor.core.publisher.Operators$MultiSubscriptionSubscriber.set(Operators.java:1939)
	reactor.core.publisher.FluxConcatMap$ConcatMapImmediate.drain(FluxConcatMap.java:436)
	reactor.core.publisher.FluxConcatMap$ConcatMapImmediate.onNext(FluxConcatMap.java:244)
	reactor.core.publisher.FluxMap$MapSubscriber.onNext(FluxMap.java:114)
	reactor.core.publisher.FluxPeek$PeekSubscriber.onNext(FluxPeek.java:192)
	reactor.core.publisher.FluxMap$MapSubscriber.onNext(FluxMap.java:114)
	reactor.netty.channel.FluxReceive.drainReceiver(FluxReceive.java:206)
	reactor.netty.channel.FluxReceive.onInboundNext(FluxReceive.java:322)
	reactor.netty.channel.ChannelOperations.onInboundNext(ChannelOperations.java:335)
	reactor.netty.http.server.HttpServerOperations.onInboundNext(HttpServerOperations.java:456)
	reactor.netty.channel.ChannelOperationsHandler.channelRead(ChannelOperationsHandler.java:91)
	io.netty.channel.AbstractChannelHandlerContext.invokeChannelRead(AbstractChannelHandlerContext.java:374)
	io.netty.channel.AbstractChannelHandlerContext.invokeChannelRead(AbstractChannelHandlerContext.java:360)
	io.netty.channel.AbstractChannelHandlerContext.fireChannelRead(AbstractChannelHandlerContext.java:352)
	reactor.netty.http.server.HttpTrafficHandler.channelRead(HttpTrafficHandler.java:190)
	io.netty.channel.AbstractChannelHandlerContext.invokeChannelRead(AbstractChannelHandlerContext.java:374)
	io.netty.channel.AbstractChannelHandlerContext.invokeChannelRead(AbstractChannelHandlerContext.java:360)
	io.netty.channel.AbstractChannelHandlerContext.fireChannelRead(AbstractChannelHandlerContext.java:352)
	io.netty.channel.CombinedChannelDuplexHandler$DelegatingChannelHandlerContext.fireChannelRead(CombinedChannelDuplexHandler.java:438)
	io.netty.handler.codec.ByteToMessageDecoder.fireChannelRead(ByteToMessageDecoder.java:323)
	io.netty.handler.codec.ByteToMessageDecoder.fireChannelRead(ByteToMessageDecoder.java:310)
	io.netty.handler.codec.ByteToMessageDecoder.callDecode(ByteToMessageDecoder.java:426)
	io.netty.handler.codec.ByteToMessageDecoder.channelRead(ByteToMessageDecoder.java:278)
	io.netty.channel.CombinedChannelDuplexHandler.channelRead(CombinedChannelDuplexHandler.java:253)
	io.netty.channel.AbstractChannelHandlerContext.invokeChannelRead(AbstractChannelHandlerContext.java:374)
	io.netty.channel.AbstractChannelHandlerContext.invokeChannelRead(AbstractChannelHandlerContext.java:360)
	io.netty.channel.AbstractChannelHandlerContext.fireChannelRead(AbstractChannelHandlerContext.java:352)
	io.netty.channel.DefaultChannelPipeline$HeadContext.channelRead(DefaultChannelPipeline.java:1408)
	io.netty.channel.AbstractChannelHandlerContext.invokeChannelRead(AbstractChannelHandlerContext.java:374)
	io.netty.channel.AbstractChannelHandlerContext.invokeChannelRead(AbstractChannelHandlerContext.java:360)
	io.netty.channel.DefaultChannelPipeline.fireChannelRead(DefaultChannelPipeline.java:930)
	io.netty.channel.nio.AbstractNioByteChannel$NioByteUnsafe.read(AbstractNioByteChannel.java:163)
	io.netty.channel.nio.NioEventLoop.processSelectedKey(NioEventLoop.java:682)
	io.netty.channel.nio.NioEventLoop.processSelectedKeysOptimized(NioEventLoop.java:617)
	io.netty.channel.nio.NioEventLoop.processSelectedKeys(NioEventLoop.java:534)
	io.netty.channel.nio.NioEventLoop.run(NioEventLoop.java:496)
	io.netty.util.concurrent.SingleThreadEventExecutor$5.run(SingleThreadEventExecutor.java:906)
	io.netty.util.internal.ThreadExecutorMap$2.run(ThreadExecutorMap.java:74)
	io.netty.util.concurrent.FastThreadLocalRunnable.run(FastThreadLocalRunnable.java:30)
	java.lang.Thread.run(Thread.java:748)
#4:
	io.netty.buffer.AdvancedLeakAwareCompositeByteBuf.addComponent(AdvancedLeakAwareCompositeByteBuf.java:920)
	org.springframework.core.io.buffer.NettyDataBufferFactory.join(NettyDataBufferFactory.java:111)
	org.springframework.core.io.buffer.DataBufferUtils.joinAndStrip(DataBufferUtils.java:686)
	org.springframework.core.io.buffer.DataBufferUtils.lambda$split$20(DataBufferUtils.java:605)
	reactor.core.publisher.FluxMap$MapConditionalSubscriber.onNext(FluxMap.java:199)
	reactor.core.publisher.FluxBufferPredicate$BufferPredicateSubscriber.emit(FluxBufferPredicate.java:290)
	reactor.core.publisher.FluxBufferPredicate$BufferPredicateSubscriber.onNextNewBuffer(FluxBufferPredicate.java:257)
	reactor.core.publisher.FluxBufferPredicate$BufferPredicateSubscriber.tryOnNext(FluxBufferPredicate.java:211)
	reactor.core.publisher.FluxBufferPredicate$BufferPredicateSubscriber.onNext(FluxBufferPredicate.java:184)
	reactor.core.publisher.FluxFlatMap$FlatMapMain.drainLoop(FluxFlatMap.java:664)
	reactor.core.publisher.FluxFlatMap$FlatMapMain.drain(FluxFlatMap.java:540)
	reactor.core.publisher.FluxFlatMap$FlatMapInner.onSubscribe(FluxFlatMap.java:924)
	reactor.core.publisher.FluxIterable.subscribe(FluxIterable.java:139)
	reactor.core.publisher.FluxIterable.subscribe(FluxIterable.java:63)
	reactor.core.publisher.Flux.subscribe(Flux.java:7922)
	reactor.core.publisher.FluxFlatMap$FlatMapMain.onNext(FluxFlatMap.java:389)
	reactor.core.publisher.FluxConcatMap$ConcatMapImmediate.innerNext(FluxConcatMap.java:275)
	reactor.core.publisher.FluxConcatMap$ConcatMapInner.onNext(FluxConcatMap.java:849)
	reactor.core.publisher.FluxConcatMap$WeakScalarSubscription.request(FluxConcatMap.java:470)
	reactor.core.publisher.Operators$MultiSubscriptionSubscriber.set(Operators.java:1939)
	reactor.core.publisher.FluxConcatMap$ConcatMapImmediate.drain(FluxConcatMap.java:436)
	reactor.core.publisher.FluxConcatMap$ConcatMapImmediate.onNext(FluxConcatMap.java:244)
	reactor.core.publisher.FluxMap$MapSubscriber.onNext(FluxMap.java:114)
	reactor.core.publisher.FluxPeek$PeekSubscriber.onNext(FluxPeek.java:192)
	reactor.core.publisher.FluxMap$MapSubscriber.onNext(FluxMap.java:114)
	reactor.netty.channel.FluxReceive.drainReceiver(FluxReceive.java:206)
	reactor.netty.channel.FluxReceive.onInboundNext(FluxReceive.java:322)
	reactor.netty.channel.ChannelOperations.onInboundNext(ChannelOperations.java:335)
	reactor.netty.http.server.HttpServerOperations.onInboundNext(HttpServerOperations.java:456)
	reactor.netty.channel.ChannelOperationsHandler.channelRead(ChannelOperationsHandler.java:91)
	io.netty.channel.AbstractChannelHandlerContext.invokeChannelRead(AbstractChannelHandlerContext.java:374)
	io.netty.channel.AbstractChannelHandlerContext.invokeChannelRead(AbstractChannelHandlerContext.java:360)
	io.netty.channel.AbstractChannelHandlerContext.fireChannelRead(AbstractChannelHandlerContext.java:352)
	reactor.netty.http.server.HttpTrafficHandler.channelRead(HttpTrafficHandler.java:190)
	io.netty.channel.AbstractChannelHandlerContext.invokeChannelRead(AbstractChannelHandlerContext.java:374)
	io.netty.channel.AbstractChannelHandlerContext.invokeChannelRead(AbstractChannelHandlerContext.java:360)
	io.netty.channel.AbstractChannelHandlerContext.fireChannelRead(AbstractChannelHandlerContext.java:352)
	io.netty.channel.CombinedChannelDuplexHandler$DelegatingChannelHandlerContext.fireChannelRead(CombinedChannelDuplexHandler.java:438)
	io.netty.handler.codec.ByteToMessageDecoder.fireChannelRead(ByteToMessageDecoder.java:323)
	io.netty.handler.codec.ByteToMessageDecoder.fireChannelRead(ByteToMessageDecoder.java:310)
	io.netty.handler.codec.ByteToMessageDecoder.callDecode(ByteToMessageDecoder.java:426)
	io.netty.handler.codec.ByteToMessageDecoder.channelRead(ByteToMessageDecoder.java:278)
	io.netty.channel.CombinedChannelDuplexHandler.channelRead(CombinedChannelDuplexHandler.java:253)
	io.netty.channel.AbstractChannelHandlerContext.invokeChannelRead(AbstractChannelHandlerContext.java:374)
	io.netty.channel.AbstractChannelHandlerContext.invokeChannelRead(AbstractChannelHandlerContext.java:360)
	io.netty.channel.AbstractChannelHandlerContext.fireChannelRead(AbstractChannelHandlerContext.java:352)
	io.netty.channel.DefaultChannelPipeline$HeadContext.channelRead(DefaultChannelPipeline.java:1408)
	io.netty.channel.AbstractChannelHandlerContext.invokeChannelRead(AbstractChannelHandlerContext.java:374)
	io.netty.channel.AbstractChannelHandlerContext.invokeChannelRead(AbstractChannelHandlerContext.java:360)
	io.netty.channel.DefaultChannelPipeline.fireChannelRead(DefaultChannelPipeline.java:930)
	io.netty.channel.nio.AbstractNioByteChannel$NioByteUnsafe.read(AbstractNioByteChannel.java:163)
	io.netty.channel.nio.NioEventLoop.processSelectedKey(NioEventLoop.java:682)
	io.netty.channel.nio.NioEventLoop.processSelectedKeysOptimized(NioEventLoop.java:617)
	io.netty.channel.nio.NioEventLoop.processSelectedKeys(NioEventLoop.java:534)
	io.netty.channel.nio.NioEventLoop.run(NioEventLoop.java:496)
	io.netty.util.concurrent.SingleThreadEventExecutor$5.run(SingleThreadEventExecutor.java:906)
	io.netty.util.internal.ThreadExecutorMap$2.run(ThreadExecutorMap.java:74)
	io.netty.util.concurrent.FastThreadLocalRunnable.run(FastThreadLocalRunnable.java:30)
	java.lang.Thread.run(Thread.java:748)
Created at:
	io.netty.buffer.AbstractByteBufAllocator.compositeDirectBuffer(AbstractByteBufAllocator.java:223)
	io.netty.buffer.AbstractByteBufAllocator.compositeBuffer(AbstractByteBufAllocator.java:201)
	org.springframework.core.io.buffer.NettyDataBufferFactory.join(NettyDataBufferFactory.java:108)
	org.springframework.core.io.buffer.DataBufferUtils.joinAndStrip(DataBufferUtils.java:686)
	org.springframework.core.io.buffer.DataBufferUtils.lambda$split$20(DataBufferUtils.java:605)
	reactor.core.publisher.FluxMap$MapConditionalSubscriber.onNext(FluxMap.java:199)
	reactor.core.publisher.FluxBufferPredicate$BufferPredicateSubscriber.emit(FluxBufferPredicate.java:290)
	reactor.core.publisher.FluxBufferPredicate$BufferPredicateSubscriber.onNextNewBuffer(FluxBufferPredicate.java:257)
	reactor.core.publisher.FluxBufferPredicate$BufferPredicateSubscriber.tryOnNext(FluxBufferPredicate.java:211)
	reactor.core.publisher.FluxBufferPredicate$BufferPredicateSubscriber.onNext(FluxBufferPredicate.java:184)
	reactor.core.publisher.FluxFlatMap$FlatMapMain.drainLoop(FluxFlatMap.java:664)
	reactor.core.publisher.FluxFlatMap$FlatMapMain.drain(FluxFlatMap.java:540)
	reactor.core.publisher.FluxFlatMap$FlatMapInner.onSubscribe(FluxFlatMap.java:924)
	reactor.core.publisher.FluxIterable.subscribe(FluxIterable.java:139)
	reactor.core.publisher.FluxIterable.subscribe(FluxIterable.java:63)
	reactor.core.publisher.Flux.subscribe(Flux.java:7922)
	reactor.core.publisher.FluxFlatMap$FlatMapMain.onNext(FluxFlatMap.java:389)
	reactor.core.publisher.FluxConcatMap$ConcatMapImmediate.innerNext(FluxConcatMap.java:275)
	reactor.core.publisher.FluxConcatMap$ConcatMapInner.onNext(FluxConcatMap.java:849)
	reactor.core.publisher.FluxConcatMap$WeakScalarSubscription.request(FluxConcatMap.java:470)
	reactor.core.publisher.Operators$MultiSubscriptionSubscriber.set(Operators.java:1939)
	reactor.core.publisher.FluxConcatMap$ConcatMapImmediate.drain(FluxConcatMap.java:436)
	reactor.core.publisher.FluxConcatMap$ConcatMapImmediate.onNext(FluxConcatMap.java:244)
	reactor.core.publisher.FluxMap$MapSubscriber.onNext(FluxMap.java:114)
	reactor.core.publisher.FluxPeek$PeekSubscriber.onNext(FluxPeek.java:192)
	reactor.core.publisher.FluxMap$MapSubscriber.onNext(FluxMap.java:114)
	reactor.netty.channel.FluxReceive.drainReceiver(FluxReceive.java:206)
	reactor.netty.channel.FluxReceive.onInboundNext(FluxReceive.java:322)
	reactor.netty.channel.ChannelOperations.onInboundNext(ChannelOperations.java:335)
	reactor.netty.http.server.HttpServerOperations.onInboundNext(HttpServerOperations.java:456)
	reactor.netty.channel.ChannelOperationsHandler.channelRead(ChannelOperationsHandler.java:91)
	io.netty.channel.AbstractChannelHandlerContext.invokeChannelRead(AbstractChannelHandlerContext.java:374)
	io.netty.channel.AbstractChannelHandlerContext.invokeChannelRead(AbstractChannelHandlerContext.java:360)
	io.netty.channel.AbstractChannelHandlerContext.fireChannelRead(AbstractChannelHandlerContext.java:352)
	reactor.netty.http.server.HttpTrafficHandler.channelRead(HttpTrafficHandler.java:190)
	io.netty.channel.AbstractChannelHandlerContext.invokeChannelRead(AbstractChannelHandlerContext.java:374)
	io.netty.channel.AbstractChannelHandlerContext.invokeChannelRead(AbstractChannelHandlerContext.java:360)
	io.netty.channel.AbstractChannelHandlerContext.fireChannelRead(AbstractChannelHandlerContext.java:352)
	io.netty.channel.CombinedChannelDuplexHandler$DelegatingChannelHandlerContext.fireChannelRead(CombinedChannelDuplexHandler.java:438)
	io.netty.handler.codec.ByteToMessageDecoder.fireChannelRead(ByteToMessageDecoder.java:323)
	io.netty.handler.codec.ByteToMessageDecoder.fireChannelRead(ByteToMessageDecoder.java:310)
	io.netty.handler.codec.ByteToMessageDecoder.callDecode(ByteToMessageDecoder.java:426)
	io.netty.handler.codec.ByteToMessageDecoder.channelRead(ByteToMessageDecoder.java:278)
	io.netty.channel.CombinedChannelDuplexHandler.channelRead(CombinedChannelDuplexHandler.java:253)
	io.netty.channel.AbstractChannelHandlerContext.invokeChannelRead(AbstractChannelHandlerContext.java:374)
	io.netty.channel.AbstractChannelHandlerContext.invokeChannelRead(AbstractChannelHandlerContext.java:360)
	io.netty.channel.AbstractChannelHandlerContext.fireChannelRead(AbstractChannelHandlerContext.java:352)
	io.netty.channel.DefaultChannelPipeline$HeadContext.channelRead(DefaultChannelPipeline.java:1408)
	io.netty.channel.AbstractChannelHandlerContext.invokeChannelRead(AbstractChannelHandlerContext.java:374)
	io.netty.channel.AbstractChannelHandlerContext.invokeChannelRead(AbstractChannelHandlerContext.java:360)
	io.netty.channel.DefaultChannelPipeline.fireChannelRead(DefaultChannelPipeline.java:930)
	io.netty.channel.nio.AbstractNioByteChannel$NioByteUnsafe.read(AbstractNioByteChannel.java:163)
	io.netty.channel.nio.NioEventLoop.processSelectedKey(NioEventLoop.java:682)
	io.netty.channel.nio.NioEventLoop.processSelectedKeysOptimized(NioEventLoop.java:617)
	io.netty.channel.nio.NioEventLoop.processSelectedKeys(NioEventLoop.java:534)
	io.netty.channel.nio.NioEventLoop.run(NioEventLoop.java:496)
	io.netty.util.concurrent.SingleThreadEventExecutor$5.run(SingleThreadEventExecutor.java:906)
	io.netty.util.internal.ThreadExecutorMap$2.run(ThreadExecutorMap.java:74)
	io.netty.util.concurrent.FastThreadLocalRunnable.run(FastThreadLocalRunnable.java:30)
	java.lang.Thread.run(Thread.java:748)
: 7 leak records were discarded because they were duplicates
: 157 leak records were discarded because the leak record count is targeted to 4. Use system property io.netty.leakDetection.targetRecords to increase the limit.
22:43:01.560 [reactor-http-nio-8] ERROR i.n.u.ResourceLeakDetector - LEAK: ByteBuf.release() was not called before it's garbage-collected. See http://netty.io/wiki/reference-counted-objects.html for more information.
Recent access records: 
#1:
	io.netty.buffer.AbstractPooledDerivedByteBuf.deallocate(AbstractPooledDerivedByteBuf.java:87)
	io.netty.buffer.AbstractReferenceCountedByteBuf.handleRelease(AbstractReferenceCountedByteBuf.java:110)
	io.netty.buffer.AbstractReferenceCountedByteBuf.release(AbstractReferenceCountedByteBuf.java:100)
	io.netty.buffer.WrappedByteBuf.release(WrappedByteBuf.java:1029)
	io.netty.buffer.SimpleLeakAwareByteBuf.release(SimpleLeakAwareByteBuf.java:102)
	io.netty.buffer.AdvancedLeakAwareByteBuf.release(AdvancedLeakAwareByteBuf.java:941)
	io.netty.buffer.AbstractPooledDerivedByteBuf.deallocate(AbstractPooledDerivedByteBuf.java:87)
	io.netty.buffer.AbstractReferenceCountedByteBuf.handleRelease(AbstractReferenceCountedByteBuf.java:110)
	io.netty.buffer.AbstractReferenceCountedByteBuf.release(AbstractReferenceCountedByteBuf.java:100)
	io.netty.buffer.WrappedByteBuf.release(WrappedByteBuf.java:1029)
	io.netty.buffer.SimpleLeakAwareByteBuf.release(SimpleLeakAwareByteBuf.java:102)
	io.netty.buffer.AdvancedLeakAwareByteBuf.release(AdvancedLeakAwareByteBuf.java:941)
	io.netty.buffer.CompositeByteBuf$Component.free(CompositeByteBuf.java:1899)
	io.netty.buffer.CompositeByteBuf.deallocate(CompositeByteBuf.java:2208)
	io.netty.buffer.AbstractReferenceCountedByteBuf.handleRelease(AbstractReferenceCountedByteBuf.java:110)
	io.netty.buffer.AbstractReferenceCountedByteBuf.release(AbstractReferenceCountedByteBuf.java:100)
	io.netty.buffer.AbstractDerivedByteBuf.release0(AbstractDerivedByteBuf.java:94)
	io.netty.buffer.AbstractDerivedByteBuf.release(AbstractDerivedByteBuf.java:90)
	io.netty.buffer.WrappedByteBuf.release(WrappedByteBuf.java:1029)
	io.netty.buffer.SimpleLeakAwareByteBuf.release(SimpleLeakAwareByteBuf.java:102)
	io.netty.buffer.AdvancedLeakAwareByteBuf.release(AdvancedLeakAwareByteBuf.java:941)
	org.springframework.core.io.buffer.NettyDataBuffer.release(NettyDataBuffer.java:308)
	org.springframework.core.io.buffer.DataBufferUtils.release(DataBufferUtils.java:498)
	org.springframework.http.codec.json.AbstractJackson2Decoder.decode(AbstractJackson2Decoder.java:131)
	org.springframework.http.codec.json.AbstractJackson2Decoder.lambda$decodeToMono$1(AbstractJackson2Decoder.java:114)
	reactor.core.publisher.FluxMapFuseable$MapFuseableSubscriber.onNext(FluxMapFuseable.java:107)
	reactor.core.publisher.FluxContextStart$ContextStartSubscriber.onNext(FluxContextStart.java:103)
	reactor.core.publisher.FluxMapFuseable$MapFuseableConditionalSubscriber.onNext(FluxMapFuseable.java:287)
	reactor.core.publisher.FluxFilterFuseable$FilterFuseableConditionalSubscriber.onNext(FluxFilterFuseable.java:331)
	reactor.core.publisher.FluxMapFuseable$MapFuseableConditionalSubscriber.onNext(FluxMapFuseable.java:287)
	reactor.core.publisher.Operators$ScalarSubscription.request(Operators.java:2131)
	reactor.core.publisher.FluxMapFuseable$MapFuseableConditionalSubscriber.request(FluxMapFuseable.java:346)
	reactor.core.publisher.FluxFilterFuseable$FilterFuseableConditionalSubscriber.request(FluxFilterFuseable.java:404)
	reactor.core.publisher.FluxMapFuseable$MapFuseableConditionalSubscriber.request(FluxMapFuseable.java:346)
	reactor.core.publisher.FluxContextStart$ContextStartSubscriber.request(FluxContextStart.java:132)
	reactor.core.publisher.FluxMapFuseable$MapFuseableSubscriber.request(FluxMapFuseable.java:162)
	reactor.core.publisher.Operators$MultiSubscriptionSubscriber.set(Operators.java:1939)
	reactor.core.publisher.FluxOnErrorResume$ResumeSubscriber.onSubscribe(FluxOnErrorResume.java:68)
	reactor.core.publisher.FluxMapFuseable$MapFuseableSubscriber.onSubscribe(FluxMapFuseable.java:90)
	reactor.core.publisher.FluxContextStart$ContextStartSubscriber.onSubscribe(FluxContextStart.java:97)
	reactor.core.publisher.FluxMapFuseable$MapFuseableConditionalSubscriber.onSubscribe(FluxMapFuseable.java:255)
	reactor.core.publisher.FluxFilterFuseable$FilterFuseableConditionalSubscriber.onSubscribe(FluxFilterFuseable.java:299)
	reactor.core.publisher.FluxMapFuseable$MapFuseableConditionalSubscriber.onSubscribe(FluxMapFuseable.java:255)
	reactor.core.publisher.MonoJust.subscribe(MonoJust.java:54)
	reactor.core.publisher.MonoMapFuseable.subscribe(MonoMapFuseable.java:56)
	reactor.core.publisher.MonoFilterFuseable.subscribe(MonoFilterFuseable.java:44)
	reactor.core.publisher.MonoMapFuseable.subscribe(MonoMapFuseable.java:56)
	reactor.core.publisher.MonoSubscriberContext.subscribe(MonoSubscriberContext.java:47)
	reactor.core.publisher.MonoMapFuseable.subscribe(MonoMapFuseable.java:59)
	reactor.core.publisher.MonoOnErrorResume.subscribe(MonoOnErrorResume.java:44)
	reactor.core.publisher.MonoSwitchIfEmpty.subscribe(MonoSwitchIfEmpty.java:44)
	reactor.core.publisher.Mono.subscribe(Mono.java:3850)
	reactor.test.DefaultStepVerifierBuilder$DefaultStepVerifier.verify(DefaultStepVerifierBuilder.java:811)
	reactor.test.DefaultStepVerifierBuilder$DefaultStepVerifier.verify(DefaultStepVerifierBuilder.java:782)
	reactor.test.DefaultStepVerifierBuilder.verifyComplete(DefaultStepVerifierBuilder.java:654)
	org.springframework.web.reactive.result.method.annotation.MultipartIntegrationTests$MultipartController.requestPart(MultipartIntegrationTests.java:230)
	sun.reflect.NativeMethodAccessorImpl.invoke0(Native Method)
	sun.reflect.NativeMethodAccessorImpl.invoke(NativeMethodAccessorImpl.java:62)
	sun.reflect.DelegatingMethodAccessorImpl.invoke(DelegatingMethodAccessorImpl.java:43)
	java.lang.reflect.Method.invoke(Method.java:498)
	org.springframework.web.reactive.result.method.InvocableHandlerMethod.lambda$invoke$0(InvocableHandlerMethod.java:146)
	reactor.core.publisher.MonoFlatMap$FlatMapMain.onNext(MonoFlatMap.java:118)
	reactor.core.publisher.Operators$MonoSubscriber.complete(Operators.java:1575)
	reactor.core.publisher.MonoZip$ZipCoordinator.signal(MonoZip.java:247)
	reactor.core.publisher.MonoZip$ZipInner.onNext(MonoZip.java:329)
	reactor.core.publisher.FluxPeek$PeekSubscriber.onNext(FluxPeek.java:192)
	reactor.core.publisher.FluxDefaultIfEmpty$DefaultIfEmptySubscriber.onNext(FluxDefaultIfEmpty.java:92)
	reactor.core.publisher.FluxMap$MapSubscriber.onNext(FluxMap.java:114)
	reactor.core.publisher.MonoNext$NextSubscriber.onNext(MonoNext.java:76)
	reactor.core.publisher.FluxFlatMap$FlatMapMain.tryEmitScalar(FluxFlatMap.java:449)
	reactor.core.publisher.FluxFlatMap$FlatMapMain.onNext(FluxFlatMap.java:384)
	reactor.core.publisher.FluxFlattenIterable$FlattenIterableSubscriber.drainAsync(FluxFlattenIterable.java:395)
	reactor.core.publisher.FluxFlattenIterable$FlattenIterableSubscriber.drain(FluxFlattenIterable.java:638)
	reactor.core.publisher.FluxFlattenIterable$FlattenIterableSubscriber.onNext(FluxFlattenIterable.java:242)
	reactor.core.publisher.Operators$MonoSubscriber.complete(Operators.java:1558)
	reactor.core.publisher.MonoProcessor.onNext(MonoProcessor.java:316)
	reactor.core.publisher.FluxSwitchIfEmpty$SwitchIfEmptySubscriber.onNext(FluxSwitchIfEmpty.java:67)
	reactor.core.publisher.Operators$MonoSubscriber.complete(Operators.java:1575)
	reactor.core.publisher.MonoCollect$CollectSubscriber.onComplete(MonoCollect.java:145)
	reactor.core.publisher.FluxReplay$UnboundedReplayBuffer.replayNormal(FluxReplay.java:550)
	reactor.core.publisher.FluxReplay$UnboundedReplayBuffer.replay(FluxReplay.java:653)
	reactor.core.publisher.FluxReplay$ReplaySubscriber.onComplete(FluxReplay.java:1193)
	reactor.core.publisher.FluxContextStart$ContextStartSubscriber.onComplete(FluxContextStart.java:122)
	reactor.core.publisher.FluxContextStart$ContextStartSubscriber.onComplete(FluxContextStart.java:122)
	reactor.core.publisher.FluxMap$MapConditionalSubscriber.onComplete(FluxMap.java:262)
	reactor.core.publisher.FluxTakeWhile$TakeWhileSubscriber.onComplete(FluxTakeWhile.java:115)
	reactor.core.publisher.FluxTakeWhile$TakeWhileSubscriber.onNext(FluxTakeWhile.java:89)
	reactor.core.publisher.FluxContextStart$ContextStartSubscriber.onNext(FluxContextStart.java:103)
	reactor.core.publisher.FluxMap$MapConditionalSubscriber.onNext(FluxMap.java:213)
	reactor.core.publisher.DrainUtils.postCompleteDrain(DrainUtils.java:135)
	reactor.core.publisher.DrainUtils.postComplete(DrainUtils.java:186)
	reactor.core.publisher.FluxBufferPredicate$BufferPredicateSubscriber.onComplete(FluxBufferPredicate.java:285)
	reactor.core.publisher.FluxFlatMap$FlatMapMain.checkTerminated(FluxFlatMap.java:794)
	reactor.core.publisher.FluxFlatMap$FlatMapMain.drainLoop(FluxFlatMap.java:560)
	reactor.core.publisher.FluxFlatMap$FlatMapMain.drain(FluxFlatMap.java:540)
	reactor.core.publisher.FluxFlatMap$FlatMapMain.onComplete(FluxFlatMap.java:426)
	reactor.core.publisher.FluxConcatMap$ConcatMapImmediate.drain(FluxConcatMap.java:360)
	reactor.core.publisher.FluxConcatMap$ConcatMapImmediate.onComplete(FluxConcatMap.java:269)
	reactor.core.publisher.FluxMap$MapSubscriber.onComplete(FluxMap.java:136)
	reactor.core.publisher.FluxPeek$PeekSubscriber.onComplete(FluxPeek.java:252)
	reactor.core.publisher.FluxMap$MapSubscriber.onComplete(FluxMap.java:136)
	reactor.netty.channel.FluxReceive.terminateReceiver(FluxReceive.java:390)
	reactor.netty.channel.FluxReceive.drainReceiver(FluxReceive.java:197)
	reactor.netty.channel.FluxReceive.onInboundComplete(FluxReceive.java:338)
	reactor.netty.channel.ChannelOperations.onInboundComplete(ChannelOperations.java:350)
	reactor.netty.http.server.HttpServerOperations.onInboundNext(HttpServerOperations.java:459)
	reactor.netty.channel.ChannelOperationsHandler.channelRead(ChannelOperationsHandler.java:91)
	io.netty.channel.AbstractChannelHandlerContext.invokeChannelRead(AbstractChannelHandlerContext.java:374)
	io.netty.channel.AbstractChannelHandlerContext.invokeChannelRead(AbstractChannelHandlerContext.java:360)
	io.netty.channel.AbstractChannelHandlerContext.fireChannelRead(AbstractChannelHandlerContext.java:352)
	reactor.netty.http.server.HttpTrafficHandler.channelRead(HttpTrafficHandler.java:190)
	io.netty.channel.AbstractChannelHandlerContext.invokeChannelRead(AbstractChannelHandlerContext.java:374)
	io.netty.channel.AbstractChannelHandlerContext.invokeChannelRead(AbstractChannelHandlerContext.java:360)
	io.netty.channel.AbstractChannelHandlerContext.fireChannelRead(AbstractChannelHandlerContext.java:352)
	io.netty.channel.CombinedChannelDuplexHandler$DelegatingChannelHandlerContext.fireChannelRead(CombinedChannelDuplexHandler.java:438)
	io.netty.handler.codec.ByteToMessageDecoder.fireChannelRead(ByteToMessageDecoder.java:323)
	io.netty.handler.codec.ByteToMessageDecoder.channelRead(ByteToMessageDecoder.java:297)
	io.netty.channel.CombinedChannelDuplexHandler.channelRead(CombinedChannelDuplexHandler.java:253)
	io.netty.channel.AbstractChannelHandlerContext.invokeChannelRead(AbstractChannelHandlerContext.java:374)
	io.netty.channel.AbstractChannelHandlerContext.invokeChannelRead(AbstractChannelHandlerContext.java:360)
	io.netty.channel.AbstractChannelHandlerContext.fireChannelRead(AbstractChannelHandlerContext.java:352)
	io.netty.channel.DefaultChannelPipeline$HeadContext.channelRead(DefaultChannelPipeline.java:1408)
	io.netty.channel.AbstractChannelHandlerContext.invokeChannelRead(AbstractChannelHandlerContext.java:374)
	io.netty.channel.AbstractChannelHandlerContext.invokeChannelRead(AbstractChannelHandlerContext.java:360)
	io.netty.channel.DefaultChannelPipeline.fireChannelRead(DefaultChannelPipeline.java:930)
	io.netty.channel.nio.AbstractNioByteChannel$NioByteUnsafe.read(AbstractNioByteChannel.java:163)
	io.netty.channel.nio.NioEventLoop.processSelectedKey(NioEventLoop.java:682)
	io.netty.channel.nio.NioEventLoop.processSelectedKeysOptimized(NioEventLoop.java:617)
	io.netty.channel.nio.NioEventLoop.processSelectedKeys(NioEventLoop.java:534)
	io.netty.channel.nio.NioEventLoop.run(NioEventLoop.java:496)
	io.netty.util.concurrent.SingleThreadEventExecutor$5.run(SingleThreadEventExecutor.java:906)
	io.netty.util.internal.ThreadExecutorMap$2.run(ThreadExecutorMap.java:74)
	io.netty.util.concurrent.FastThreadLocalRunnable.run(FastThreadLocalRunnable.java:30)
	java.lang.Thread.run(Thread.java:748)
#2:
	io.netty.buffer.AdvancedLeakAwareByteBuf.readRetainedSlice(AdvancedLeakAwareByteBuf.java:106)
	io.netty.handler.codec.http.HttpObjectDecoder.decode(HttpObjectDecoder.java:336)
	io.netty.handler.codec.http.HttpServerCodec$HttpServerRequestDecoder.decode(HttpServerCodec.java:103)
	io.netty.handler.codec.ByteToMessageDecoder.decodeRemovalReentryProtection(ByteToMessageDecoder.java:502)
	io.netty.handler.codec.ByteToMessageDecoder.callDecode(ByteToMessageDecoder.java:441)
	io.netty.handler.codec.ByteToMessageDecoder.channelRead(ByteToMessageDecoder.java:278)
	io.netty.channel.CombinedChannelDuplexHandler.channelRead(CombinedChannelDuplexHandler.java:253)
	io.netty.channel.AbstractChannelHandlerContext.invokeChannelRead(AbstractChannelHandlerContext.java:374)
	io.netty.channel.AbstractChannelHandlerContext.invokeChannelRead(AbstractChannelHandlerContext.java:360)
	io.netty.channel.AbstractChannelHandlerContext.fireChannelRead(AbstractChannelHandlerContext.java:352)
	io.netty.channel.DefaultChannelPipeline$HeadContext.channelRead(DefaultChannelPipeline.java:1408)
	io.netty.channel.AbstractChannelHandlerContext.invokeChannelRead(AbstractChannelHandlerContext.java:374)
	io.netty.channel.AbstractChannelHandlerContext.invokeChannelRead(AbstractChannelHandlerContext.java:360)
	io.netty.channel.DefaultChannelPipeline.fireChannelRead(DefaultChannelPipeline.java:930)
	io.netty.channel.nio.AbstractNioByteChannel$NioByteUnsafe.read(AbstractNioByteChannel.java:163)
	io.netty.channel.nio.NioEventLoop.processSelectedKey(NioEventLoop.java:682)
	io.netty.channel.nio.NioEventLoop.processSelectedKeysOptimized(NioEventLoop.java:617)
	io.netty.channel.nio.NioEventLoop.processSelectedKeys(NioEventLoop.java:534)
	io.netty.channel.nio.NioEventLoop.run(NioEventLoop.java:496)
	io.netty.util.concurrent.SingleThreadEventExecutor$5.run(SingleThreadEventExecutor.java:906)
	io.netty.util.internal.ThreadExecutorMap$2.run(ThreadExecutorMap.java:74)
	io.netty.util.concurrent.FastThreadLocalRunnable.run(FastThreadLocalRunnable.java:30)
	java.lang.Thread.run(Thread.java:748)
#3:
	io.netty.buffer.AdvancedLeakAwareByteBuf.forEachByte(AdvancedLeakAwareByteBuf.java:670)
	io.netty.handler.codec.http.HttpObjectDecoder$HeaderParser.parse(HttpObjectDecoder.java:793)
	io.netty.handler.codec.http.HttpObjectDecoder$LineParser.parse(HttpObjectDecoder.java:842)
	io.netty.handler.codec.http.HttpObjectDecoder.decode(HttpObjectDecoder.java:313)
	io.netty.handler.codec.http.HttpServerCodec$HttpServerRequestDecoder.decode(HttpServerCodec.java:103)
	io.netty.handler.codec.ByteToMessageDecoder.decodeRemovalReentryProtection(ByteToMessageDecoder.java:502)
	io.netty.handler.codec.ByteToMessageDecoder.callDecode(ByteToMessageDecoder.java:441)
	io.netty.handler.codec.ByteToMessageDecoder.channelRead(ByteToMessageDecoder.java:278)
	io.netty.channel.CombinedChannelDuplexHandler.channelRead(CombinedChannelDuplexHandler.java:253)
	io.netty.channel.AbstractChannelHandlerContext.invokeChannelRead(AbstractChannelHandlerContext.java:374)
	io.netty.channel.AbstractChannelHandlerContext.invokeChannelRead(AbstractChannelHandlerContext.java:360)
	io.netty.channel.AbstractChannelHandlerContext.fireChannelRead(AbstractChannelHandlerContext.java:352)
	io.netty.channel.DefaultChannelPipeline$HeadContext.channelRead(DefaultChannelPipeline.java:1408)
	io.netty.channel.AbstractChannelHandlerContext.invokeChannelRead(AbstractChannelHandlerContext.java:374)
	io.netty.channel.AbstractChannelHandlerContext.invokeChannelRead(AbstractChannelHandlerContext.java:360)
	io.netty.channel.DefaultChannelPipeline.fireChannelRead(DefaultChannelPipeline.java:930)
	io.netty.channel.nio.AbstractNioByteChannel$NioByteUnsafe.read(AbstractNioByteChannel.java:163)
	io.netty.channel.nio.NioEventLoop.processSelectedKey(NioEventLoop.java:682)
	io.netty.channel.nio.NioEventLoop.processSelectedKeysOptimized(NioEventLoop.java:617)
	io.netty.channel.nio.NioEventLoop.processSelectedKeys(NioEventLoop.java:534)
	io.netty.channel.nio.NioEventLoop.run(NioEventLoop.java:496)
	io.netty.util.concurrent.SingleThreadEventExecutor$5.run(SingleThreadEventExecutor.java:906)
	io.netty.util.internal.ThreadExecutorMap$2.run(ThreadExecutorMap.java:74)
	io.netty.util.concurrent.FastThreadLocalRunnable.run(FastThreadLocalRunnable.java:30)
	java.lang.Thread.run(Thread.java:748)
#4:
	io.netty.buffer.AdvancedLeakAwareByteBuf.getByte(AdvancedLeakAwareByteBuf.java:154)
	io.netty.handler.codec.http.HttpObjectDecoder.decode(HttpObjectDecoder.java:351)
	io.netty.handler.codec.http.HttpServerCodec$HttpServerRequestDecoder.decode(HttpServerCodec.java:103)
	io.netty.handler.codec.ByteToMessageDecoder.decodeRemovalReentryProtection(ByteToMessageDecoder.java:502)
	io.netty.handler.codec.ByteToMessageDecoder.callDecode(ByteToMessageDecoder.java:441)
	io.netty.handler.codec.ByteToMessageDecoder.channelRead(ByteToMessageDecoder.java:278)
	io.netty.channel.CombinedChannelDuplexHandler.channelRead(CombinedChannelDuplexHandler.java:253)
	io.netty.channel.AbstractChannelHandlerContext.invokeChannelRead(AbstractChannelHandlerContext.java:374)
	io.netty.channel.AbstractChannelHandlerContext.invokeChannelRead(AbstractChannelHandlerContext.java:360)
	io.netty.channel.AbstractChannelHandlerContext.fireChannelRead(AbstractChannelHandlerContext.java:352)
	io.netty.channel.DefaultChannelPipeline$HeadContext.channelRead(DefaultChannelPipeline.java:1408)
	io.netty.channel.AbstractChannelHandlerContext.invokeChannelRead(AbstractChannelHandlerContext.java:374)
	io.netty.channel.AbstractChannelHandlerContext.invokeChannelRead(AbstractChannelHandlerContext.java:360)
	io.netty.channel.DefaultChannelPipeline.fireChannelRead(DefaultChannelPipeline.java:930)
	io.netty.channel.nio.AbstractNioByteChannel$NioByteUnsafe.read(AbstractNioByteChannel.java:163)
	io.netty.channel.nio.NioEventLoop.processSelectedKey(NioEventLoop.java:682)
	io.netty.channel.nio.NioEventLoop.processSelectedKeysOptimized(NioEventLoop.java:617)
	io.netty.channel.nio.NioEventLoop.processSelectedKeys(NioEventLoop.java:534)
	io.netty.channel.nio.NioEventLoop.run(NioEventLoop.java:496)
	io.netty.util.concurrent.SingleThreadEventExecutor$5.run(SingleThreadEventExecutor.java:906)
	io.netty.util.internal.ThreadExecutorMap$2.run(ThreadExecutorMap.java:74)
	io.netty.util.concurrent.FastThreadLocalRunnable.run(FastThreadLocalRunnable.java:30)
	java.lang.Thread.run(Thread.java:748)
#5:
	Hint: 'reactor.left.httpCodec' will handle the message from this point.
	io.netty.channel.DefaultChannelPipeline.touch(DefaultChannelPipeline.java:116)
	io.netty.channel.AbstractChannelHandlerContext.invokeChannelRead(AbstractChannelHandlerContext.java:357)
	io.netty.channel.AbstractChannelHandlerContext.fireChannelRead(AbstractChannelHandlerContext.java:352)
	io.netty.channel.DefaultChannelPipeline$HeadContext.channelRead(DefaultChannelPipeline.java:1408)
	io.netty.channel.AbstractChannelHandlerContext.invokeChannelRead(AbstractChannelHandlerContext.java:374)
	io.netty.channel.AbstractChannelHandlerContext.invokeChannelRead(AbstractChannelHandlerContext.java:360)
	io.netty.channel.DefaultChannelPipeline.fireChannelRead(DefaultChannelPipeline.java:930)
	io.netty.channel.nio.AbstractNioByteChannel$NioByteUnsafe.read(AbstractNioByteChannel.java:163)
	io.netty.channel.nio.NioEventLoop.processSelectedKey(NioEventLoop.java:682)
	io.netty.channel.nio.NioEventLoop.processSelectedKeysOptimized(NioEventLoop.java:617)
	io.netty.channel.nio.NioEventLoop.processSelectedKeys(NioEventLoop.java:534)
	io.netty.channel.nio.NioEventLoop.run(NioEventLoop.java:496)
	io.netty.util.concurrent.SingleThreadEventExecutor$5.run(SingleThreadEventExecutor.java:906)
	io.netty.util.internal.ThreadExecutorMap$2.run(ThreadExecutorMap.java:74)
	io.netty.util.concurrent.FastThreadLocalRunnable.run(FastThreadLocalRunnable.java:30)
	java.lang.Thread.run(Thread.java:748)
#6:
	Hint: 'DefaultChannelPipeline$HeadContext#0' will handle the message from this point.
	io.netty.channel.DefaultChannelPipeline.touch(DefaultChannelPipeline.java:116)
	io.netty.channel.AbstractChannelHandlerContext.invokeChannelRead(AbstractChannelHandlerContext.java:357)
	io.netty.channel.DefaultChannelPipeline.fireChannelRead(DefaultChannelPipeline.java:930)
	io.netty.channel.nio.AbstractNioByteChannel$NioByteUnsafe.read(AbstractNioByteChannel.java:163)
	io.netty.channel.nio.NioEventLoop.processSelectedKey(NioEventLoop.java:682)
	io.netty.channel.nio.NioEventLoop.processSelectedKeysOptimized(NioEventLoop.java:617)
	io.netty.channel.nio.NioEventLoop.processSelectedKeys(NioEventLoop.java:534)
	io.netty.channel.nio.NioEventLoop.run(NioEventLoop.java:496)
	io.netty.util.concurrent.SingleThreadEventExecutor$5.run(SingleThreadEventExecutor.java:906)
	io.netty.util.internal.ThreadExecutorMap$2.run(ThreadExecutorMap.java:74)
	io.netty.util.concurrent.FastThreadLocalRunnable.run(FastThreadLocalRunnable.java:30)
	java.lang.Thread.run(Thread.java:748)
#7:
	io.netty.buffer.AdvancedLeakAwareByteBuf.writeBytes(AdvancedLeakAwareByteBuf.java:634)
	io.netty.channel.socket.nio.NioSocketChannel.doReadBytes(NioSocketChannel.java:347)
	io.netty.channel.nio.AbstractNioByteChannel$NioByteUnsafe.read(AbstractNioByteChannel.java:148)
	io.netty.channel.nio.NioEventLoop.processSelectedKey(NioEventLoop.java:682)
	io.netty.channel.nio.NioEventLoop.processSelectedKeysOptimized(NioEventLoop.java:617)
	io.netty.channel.nio.NioEventLoop.processSelectedKeys(NioEventLoop.java:534)
	io.netty.channel.nio.NioEventLoop.run(NioEventLoop.java:496)
	io.netty.util.concurrent.SingleThreadEventExecutor$5.run(SingleThreadEventExecutor.java:906)
	io.netty.util.internal.ThreadExecutorMap$2.run(ThreadExecutorMap.java:74)
	io.netty.util.concurrent.FastThreadLocalRunnable.run(FastThreadLocalRunnable.java:30)
	java.lang.Thread.run(Thread.java:748)
Created at:
	io.netty.buffer.PooledByteBufAllocator.newDirectBuffer(PooledByteBufAllocator.java:349)
	io.netty.buffer.AbstractByteBufAllocator.directBuffer(AbstractByteBufAllocator.java:187)
	io.netty.buffer.AbstractByteBufAllocator.directBuffer(AbstractByteBufAllocator.java:178)
	io.netty.buffer.AbstractByteBufAllocator.ioBuffer(AbstractByteBufAllocator.java:139)
	io.netty.channel.DefaultMaxMessagesRecvByteBufAllocator$MaxMessageHandle.allocate(DefaultMaxMessagesRecvByteBufAllocator.java:114)
	io.netty.channel.nio.AbstractNioByteChannel$NioByteUnsafe.read(AbstractNioByteChannel.java:147)
	io.netty.channel.nio.NioEventLoop.processSelectedKey(NioEventLoop.java:682)
	io.netty.channel.nio.NioEventLoop.processSelectedKeysOptimized(NioEventLoop.java:617)
	io.netty.channel.nio.NioEventLoop.processSelectedKeys(NioEventLoop.java:534)
	io.netty.channel.nio.NioEventLoop.run(NioEventLoop.java:496)
	io.netty.util.concurrent.SingleThreadEventExecutor$5.run(SingleThreadEventExecutor.java:906)
	io.netty.util.internal.ThreadExecutorMap$2.run(ThreadExecutorMap.java:74)
	io.netty.util.concurrent.FastThreadLocalRunnable.run(FastThreadLocalRunnable.java:30)
	java.lang.Thread.run(Thread.java:748)
: 2 leak records were discarded because they were duplicates
: 68 leak records were discarded because the leak record count is targeted to 4. Use system property io.netty.leakDetection.targetRecords to increase the limit.
22:43:01.562 [reactor-http-nio-8] ERROR i.n.u.ResourceLeakDetector - LEAK: ByteBuf.release() was not called before it's garbage-collected. See http://netty.io/wiki/reference-counted-objects.html for more information.
Recent access records: 
#1:
	io.netty.buffer.AdvancedLeakAwareByteBuf.order(AdvancedLeakAwareByteBuf.java:70)
	io.netty.buffer.CompositeByteBuf.newComponent(CompositeByteBuf.java:318)
	io.netty.buffer.CompositeByteBuf.addComponent0(CompositeByteBuf.java:280)
	io.netty.buffer.CompositeByteBuf.addComponent(CompositeByteBuf.java:265)
	io.netty.buffer.CompositeByteBuf.addComponent(CompositeByteBuf.java:222)
	io.netty.buffer.WrappedCompositeByteBuf.addComponent(WrappedCompositeByteBuf.java:529)
	io.netty.buffer.AdvancedLeakAwareCompositeByteBuf.addComponent(AdvancedLeakAwareCompositeByteBuf.java:921)
	org.springframework.core.io.buffer.NettyDataBufferFactory.join(NettyDataBufferFactory.java:111)
	org.springframework.core.io.buffer.DataBufferUtils.joinAndStrip(DataBufferUtils.java:686)
	org.springframework.core.io.buffer.DataBufferUtils.lambda$split$20(DataBufferUtils.java:605)
	reactor.core.publisher.FluxMap$MapConditionalSubscriber.onNext(FluxMap.java:199)
	reactor.core.publisher.FluxBufferPredicate$BufferPredicateSubscriber.emit(FluxBufferPredicate.java:290)
	reactor.core.publisher.FluxBufferPredicate$BufferPredicateSubscriber.onNextNewBuffer(FluxBufferPredicate.java:257)
	reactor.core.publisher.FluxBufferPredicate$BufferPredicateSubscriber.tryOnNext(FluxBufferPredicate.java:211)
	reactor.core.publisher.FluxBufferPredicate$BufferPredicateSubscriber.onNext(FluxBufferPredicate.java:184)
	reactor.core.publisher.FluxFlatMap$FlatMapMain.drainLoop(FluxFlatMap.java:664)
	reactor.core.publisher.FluxFlatMap$FlatMapMain.drain(FluxFlatMap.java:540)
	reactor.core.publisher.FluxFlatMap$FlatMapInner.onSubscribe(FluxFlatMap.java:924)
	reactor.core.publisher.FluxIterable.subscribe(FluxIterable.java:139)
	reactor.core.publisher.FluxIterable.subscribe(FluxIterable.java:63)
	reactor.core.publisher.Flux.subscribe(Flux.java:7922)
	reactor.core.publisher.FluxFlatMap$FlatMapMain.onNext(FluxFlatMap.java:389)
	reactor.core.publisher.FluxConcatMap$ConcatMapImmediate.innerNext(FluxConcatMap.java:275)
	reactor.core.publisher.FluxConcatMap$ConcatMapInner.onNext(FluxConcatMap.java:849)
	reactor.core.publisher.FluxConcatMap$WeakScalarSubscription.request(FluxConcatMap.java:470)
	reactor.core.publisher.Operators$MultiSubscriptionSubscriber.set(Operators.java:1939)
	reactor.core.publisher.FluxConcatMap$ConcatMapImmediate.drain(FluxConcatMap.java:436)
	reactor.core.publisher.FluxConcatMap$ConcatMapImmediate.onNext(FluxConcatMap.java:244)
	reactor.core.publisher.FluxMap$MapSubscriber.onNext(FluxMap.java:114)
	reactor.core.publisher.FluxPeek$PeekSubscriber.onNext(FluxPeek.java:192)
	reactor.core.publisher.FluxMap$MapSubscriber.onNext(FluxMap.java:114)
	reactor.netty.channel.FluxReceive.drainReceiver(FluxReceive.java:206)
	reactor.netty.channel.FluxReceive.onInboundNext(FluxReceive.java:322)
	reactor.netty.channel.ChannelOperations.onInboundNext(ChannelOperations.java:335)
	reactor.netty.http.server.HttpServerOperations.onInboundNext(HttpServerOperations.java:456)
	reactor.netty.channel.ChannelOperationsHandler.channelRead(ChannelOperationsHandler.java:91)
	io.netty.channel.AbstractChannelHandlerContext.invokeChannelRead(AbstractChannelHandlerContext.java:374)
	io.netty.channel.AbstractChannelHandlerContext.invokeChannelRead(AbstractChannelHandlerContext.java:360)
	io.netty.channel.AbstractChannelHandlerContext.fireChannelRead(AbstractChannelHandlerContext.java:352)
	reactor.netty.http.server.HttpTrafficHandler.channelRead(HttpTrafficHandler.java:190)
	io.netty.channel.AbstractChannelHandlerContext.invokeChannelRead(AbstractChannelHandlerContext.java:374)
	io.netty.channel.AbstractChannelHandlerContext.invokeChannelRead(AbstractChannelHandlerContext.java:360)
	io.netty.channel.AbstractChannelHandlerContext.fireChannelRead(AbstractChannelHandlerContext.java:352)
	io.netty.channel.CombinedChannelDuplexHandler$DelegatingChannelHandlerContext.fireChannelRead(CombinedChannelDuplexHandler.java:438)
	io.netty.handler.codec.ByteToMessageDecoder.fireChannelRead(ByteToMessageDecoder.java:323)
	io.netty.handler.codec.ByteToMessageDecoder.fireChannelRead(ByteToMessageDecoder.java:310)
	io.netty.handler.codec.ByteToMessageDecoder.callDecode(ByteToMessageDecoder.java:426)
	io.netty.handler.codec.ByteToMessageDecoder.channelRead(ByteToMessageDecoder.java:278)
	io.netty.channel.CombinedChannelDuplexHandler.channelRead(CombinedChannelDuplexHandler.java:253)
	io.netty.channel.AbstractChannelHandlerContext.invokeChannelRead(AbstractChannelHandlerContext.java:374)
	io.netty.channel.AbstractChannelHandlerContext.invokeChannelRead(AbstractChannelHandlerContext.java:360)
	io.netty.channel.AbstractChannelHandlerContext.fireChannelRead(AbstractChannelHandlerContext.java:352)
	io.netty.channel.DefaultChannelPipeline$HeadContext.channelRead(DefaultChannelPipeline.java:1408)
	io.netty.channel.AbstractChannelHandlerContext.invokeChannelRead(AbstractChannelHandlerContext.java:374)
	io.netty.channel.AbstractChannelHandlerContext.invokeChannelRead(AbstractChannelHandlerContext.java:360)
	io.netty.channel.DefaultChannelPipeline.fireChannelRead(DefaultChannelPipeline.java:930)
	io.netty.channel.nio.AbstractNioByteChannel$NioByteUnsafe.read(AbstractNioByteChannel.java:163)
	io.netty.channel.nio.NioEventLoop.processSelectedKey(NioEventLoop.java:682)
	io.netty.channel.nio.NioEventLoop.processSelectedKeysOptimized(NioEventLoop.java:617)
	io.netty.channel.nio.NioEventLoop.processSelectedKeys(NioEventLoop.java:534)
	io.netty.channel.nio.NioEventLoop.run(NioEventLoop.java:496)
	io.netty.util.concurrent.SingleThreadEventExecutor$5.run(SingleThreadEventExecutor.java:906)
	io.netty.util.internal.ThreadExecutorMap$2.run(ThreadExecutorMap.java:74)
	io.netty.util.concurrent.FastThreadLocalRunnable.run(FastThreadLocalRunnable.java:30)
	java.lang.Thread.run(Thread.java:748)
#2:
	io.netty.buffer.AdvancedLeakAwareByteBuf.getByte(AdvancedLeakAwareByteBuf.java:154)
	org.springframework.core.io.buffer.NettyDataBuffer.getByte(NettyDataBuffer.java:132)
	org.springframework.core.io.buffer.DataBufferUtils$KnuthMorrisPrattMatcher.match(DataBufferUtils.java:1005)
	org.springframework.core.io.buffer.DataBufferUtils.endFrameAfterDelimiter(DataBufferUtils.java:634)
	org.springframework.core.io.buffer.DataBufferUtils.lambda$split$18(DataBufferUtils.java:603)
	reactor.core.publisher.FluxFlatMap$FlatMapMain.onNext(FluxFlatMap.java:350)
	reactor.core.publisher.FluxConcatMap$ConcatMapImmediate.innerNext(FluxConcatMap.java:275)
	reactor.core.publisher.FluxConcatMap$ConcatMapInner.onNext(FluxConcatMap.java:849)
	reactor.core.publisher.FluxConcatMap$WeakScalarSubscription.request(FluxConcatMap.java:470)
	reactor.core.publisher.Operators$MultiSubscriptionSubscriber.set(Operators.java:1939)
	reactor.core.publisher.FluxConcatMap$ConcatMapImmediate.drain(FluxConcatMap.java:436)
	reactor.core.publisher.FluxConcatMap$ConcatMapImmediate.onNext(FluxConcatMap.java:244)
	reactor.core.publisher.FluxMap$MapSubscriber.onNext(FluxMap.java:114)
	reactor.core.publisher.FluxPeek$PeekSubscriber.onNext(FluxPeek.java:192)
	reactor.core.publisher.FluxMap$MapSubscriber.onNext(FluxMap.java:114)
	reactor.netty.channel.FluxReceive.drainReceiver(FluxReceive.java:206)
	reactor.netty.channel.FluxReceive.onInboundNext(FluxReceive.java:322)
	reactor.netty.channel.ChannelOperations.onInboundNext(ChannelOperations.java:335)
	reactor.netty.http.server.HttpServerOperations.onInboundNext(HttpServerOperations.java:456)
	reactor.netty.channel.ChannelOperationsHandler.channelRead(ChannelOperationsHandler.java:91)
	io.netty.channel.AbstractChannelHandlerContext.invokeChannelRead(AbstractChannelHandlerContext.java:374)
	io.netty.channel.AbstractChannelHandlerContext.invokeChannelRead(AbstractChannelHandlerContext.java:360)
	io.netty.channel.AbstractChannelHandlerContext.fireChannelRead(AbstractChannelHandlerContext.java:352)
	reactor.netty.http.server.HttpTrafficHandler.channelRead(HttpTrafficHandler.java:190)
	io.netty.channel.AbstractChannelHandlerContext.invokeChannelRead(AbstractChannelHandlerContext.java:374)
	io.netty.channel.AbstractChannelHandlerContext.invokeChannelRead(AbstractChannelHandlerContext.java:360)
	io.netty.channel.AbstractChannelHandlerContext.fireChannelRead(AbstractChannelHandlerContext.java:352)
	io.netty.channel.CombinedChannelDuplexHandler$DelegatingChannelHandlerContext.fireChannelRead(CombinedChannelDuplexHandler.java:438)
	io.netty.handler.codec.ByteToMessageDecoder.fireChannelRead(ByteToMessageDecoder.java:323)
	io.netty.handler.codec.ByteToMessageDecoder.fireChannelRead(ByteToMessageDecoder.java:310)
	io.netty.handler.codec.ByteToMessageDecoder.callDecode(ByteToMessageDecoder.java:426)
	io.netty.handler.codec.ByteToMessageDecoder.channelRead(ByteToMessageDecoder.java:278)
	io.netty.channel.CombinedChannelDuplexHandler.channelRead(CombinedChannelDuplexHandler.java:253)
	io.netty.channel.AbstractChannelHandlerContext.invokeChannelRead(AbstractChannelHandlerContext.java:374)
	io.netty.channel.AbstractChannelHandlerContext.invokeChannelRead(AbstractChannelHandlerContext.java:360)
	io.netty.channel.AbstractChannelHandlerContext.fireChannelRead(AbstractChannelHandlerContext.java:352)
	io.netty.channel.DefaultChannelPipeline$HeadContext.channelRead(DefaultChannelPipeline.java:1408)
	io.netty.channel.AbstractChannelHandlerContext.invokeChannelRead(AbstractChannelHandlerContext.java:374)
	io.netty.channel.AbstractChannelHandlerContext.invokeChannelRead(AbstractChannelHandlerContext.java:360)
	io.netty.channel.DefaultChannelPipeline.fireChannelRead(DefaultChannelPipeline.java:930)
	io.netty.channel.nio.AbstractNioByteChannel$NioByteUnsafe.read(AbstractNioByteChannel.java:163)
	io.netty.channel.nio.NioEventLoop.processSelectedKey(NioEventLoop.java:682)
	io.netty.channel.nio.NioEventLoop.processSelectedKeysOptimized(NioEventLoop.java:617)
	io.netty.channel.nio.NioEventLoop.processSelectedKeys(NioEventLoop.java:534)
	io.netty.channel.nio.NioEventLoop.run(NioEventLoop.java:496)
	io.netty.util.concurrent.SingleThreadEventExecutor$5.run(SingleThreadEventExecutor.java:906)
	io.netty.util.internal.ThreadExecutorMap$2.run(ThreadExecutorMap.java:74)
	io.netty.util.concurrent.FastThreadLocalRunnable.run(FastThreadLocalRunnable.java:30)
	java.lang.Thread.run(Thread.java:748)
#3:
	reactor.core.publisher.FluxPeek$PeekSubscriber.onNext(FluxPeek.java:177)
	reactor.core.publisher.FluxMap$MapSubscriber.onNext(FluxMap.java:114)
	reactor.netty.channel.FluxReceive.drainReceiver(FluxReceive.java:206)
	reactor.netty.channel.FluxReceive.onInboundNext(FluxReceive.java:322)
	reactor.netty.channel.ChannelOperations.onInboundNext(ChannelOperations.java:335)
	reactor.netty.http.server.HttpServerOperations.onInboundNext(HttpServerOperations.java:456)
	reactor.netty.channel.ChannelOperationsHandler.channelRead(ChannelOperationsHandler.java:91)
	io.netty.channel.AbstractChannelHandlerContext.invokeChannelRead(AbstractChannelHandlerContext.java:374)
	io.netty.channel.AbstractChannelHandlerContext.invokeChannelRead(AbstractChannelHandlerContext.java:360)
	io.netty.channel.AbstractChannelHandlerContext.fireChannelRead(AbstractChannelHandlerContext.java:352)
	reactor.netty.http.server.HttpTrafficHandler.channelRead(HttpTrafficHandler.java:190)
	io.netty.channel.AbstractChannelHandlerContext.invokeChannelRead(AbstractChannelHandlerContext.java:374)
	io.netty.channel.AbstractChannelHandlerContext.invokeChannelRead(AbstractChannelHandlerContext.java:360)
	io.netty.channel.AbstractChannelHandlerContext.fireChannelRead(AbstractChannelHandlerContext.java:352)
	io.netty.channel.CombinedChannelDuplexHandler$DelegatingChannelHandlerContext.fireChannelRead(CombinedChannelDuplexHandler.java:438)
	io.netty.handler.codec.ByteToMessageDecoder.fireChannelRead(ByteToMessageDecoder.java:323)
	io.netty.handler.codec.ByteToMessageDecoder.fireChannelRead(ByteToMessageDecoder.java:310)
	io.netty.handler.codec.ByteToMessageDecoder.callDecode(ByteToMessageDecoder.java:426)
	io.netty.handler.codec.ByteToMessageDecoder.channelRead(ByteToMessageDecoder.java:278)
	io.netty.channel.CombinedChannelDuplexHandler.channelRead(CombinedChannelDuplexHandler.java:253)
	io.netty.channel.AbstractChannelHandlerContext.invokeChannelRead(AbstractChannelHandlerContext.java:374)
	io.netty.channel.AbstractChannelHandlerContext.invokeChannelRead(AbstractChannelHandlerContext.java:360)
	io.netty.channel.AbstractChannelHandlerContext.fireChannelRead(AbstractChannelHandlerContext.java:352)
	io.netty.channel.DefaultChannelPipeline$HeadContext.channelRead(DefaultChannelPipeline.java:1408)
	io.netty.channel.AbstractChannelHandlerContext.invokeChannelRead(AbstractChannelHandlerContext.java:374)
	io.netty.channel.AbstractChannelHandlerContext.invokeChannelRead(AbstractChannelHandlerContext.java:360)
	io.netty.channel.DefaultChannelPipeline.fireChannelRead(DefaultChannelPipeline.java:930)
	io.netty.channel.nio.AbstractNioByteChannel$NioByteUnsafe.read(AbstractNioByteChannel.java:163)
	io.netty.channel.nio.NioEventLoop.processSelectedKey(NioEventLoop.java:682)
	io.netty.channel.nio.NioEventLoop.processSelectedKeysOptimized(NioEventLoop.java:617)
	io.netty.channel.nio.NioEventLoop.processSelectedKeys(NioEventLoop.java:534)
	io.netty.channel.nio.NioEventLoop.run(NioEventLoop.java:496)
	io.netty.util.concurrent.SingleThreadEventExecutor$5.run(SingleThreadEventExecutor.java:906)
	io.netty.util.internal.ThreadExecutorMap$2.run(ThreadExecutorMap.java:74)
	io.netty.util.concurrent.FastThreadLocalRunnable.run(FastThreadLocalRunnable.java:30)
	java.lang.Thread.run(Thread.java:748)
#4:
	Hint: 'reactor.right.reactiveBridge' will handle the message from this point.
	io.netty.handler.codec.http.DefaultHttpContent.touch(DefaultHttpContent.java:88)
	io.netty.handler.codec.http.DefaultHttpContent.touch(DefaultHttpContent.java:24)
	io.netty.channel.DefaultChannelPipeline.touch(DefaultChannelPipeline.java:116)
	io.netty.channel.AbstractChannelHandlerContext.invokeChannelRead(AbstractChannelHandlerContext.java:357)
	io.netty.channel.AbstractChannelHandlerContext.fireChannelRead(AbstractChannelHandlerContext.java:352)
	reactor.netty.http.server.HttpTrafficHandler.channelRead(HttpTrafficHandler.java:190)
	io.netty.channel.AbstractChannelHandlerContext.invokeChannelRead(AbstractChannelHandlerContext.java:374)
	io.netty.channel.AbstractChannelHandlerContext.invokeChannelRead(AbstractChannelHandlerContext.java:360)
	io.netty.channel.AbstractChannelHandlerContext.fireChannelRead(AbstractChannelHandlerContext.java:352)
	io.netty.channel.CombinedChannelDuplexHandler$DelegatingChannelHandlerContext.fireChannelRead(CombinedChannelDuplexHandler.java:438)
	io.netty.handler.codec.ByteToMessageDecoder.fireChannelRead(ByteToMessageDecoder.java:323)
	io.netty.handler.codec.ByteToMessageDecoder.fireChannelRead(ByteToMessageDecoder.java:310)
	io.netty.handler.codec.ByteToMessageDecoder.callDecode(ByteToMessageDecoder.java:426)
	io.netty.handler.codec.ByteToMessageDecoder.channelRead(ByteToMessageDecoder.java:278)
	io.netty.channel.CombinedChannelDuplexHandler.channelRead(CombinedChannelDuplexHandler.java:253)
	io.netty.channel.AbstractChannelHandlerContext.invokeChannelRead(AbstractChannelHandlerContext.java:374)
	io.netty.channel.AbstractChannelHandlerContext.invokeChannelRead(AbstractChannelHandlerContext.java:360)
	io.netty.channel.AbstractChannelHandlerContext.fireChannelRead(AbstractChannelHandlerContext.java:352)
	io.netty.channel.DefaultChannelPipeline$HeadContext.channelRead(DefaultChannelPipeline.java:1408)
	io.netty.channel.AbstractChannelHandlerContext.invokeChannelRead(AbstractChannelHandlerContext.java:374)
	io.netty.channel.AbstractChannelHandlerContext.invokeChannelRead(AbstractChannelHandlerContext.java:360)
	io.netty.channel.DefaultChannelPipeline.fireChannelRead(DefaultChannelPipeline.java:930)
	io.netty.channel.nio.AbstractNioByteChannel$NioByteUnsafe.read(AbstractNioByteChannel.java:163)
	io.netty.channel.nio.NioEventLoop.processSelectedKey(NioEventLoop.java:682)
	io.netty.channel.nio.NioEventLoop.processSelectedKeysOptimized(NioEventLoop.java:617)
	io.netty.channel.nio.NioEventLoop.processSelectedKeys(NioEventLoop.java:534)
	io.netty.channel.nio.NioEventLoop.run(NioEventLoop.java:496)
	io.netty.util.concurrent.SingleThreadEventExecutor$5.run(SingleThreadEventExecutor.java:906)
	io.netty.util.internal.ThreadExecutorMap$2.run(ThreadExecutorMap.java:74)
	io.netty.util.concurrent.FastThreadLocalRunnable.run(FastThreadLocalRunnable.java:30)
	java.lang.Thread.run(Thread.java:748)
#5:
	Hint: 'reactor.left.httpTrafficHandler' will handle the message from this point.
	io.netty.handler.codec.http.DefaultHttpContent.touch(DefaultHttpContent.java:88)
	io.netty.handler.codec.http.DefaultHttpContent.touch(DefaultHttpContent.java:24)
	io.netty.channel.DefaultChannelPipeline.touch(DefaultChannelPipeline.java:116)
	io.netty.channel.AbstractChannelHandlerContext.invokeChannelRead(AbstractChannelHandlerContext.java:357)
	io.netty.channel.AbstractChannelHandlerContext.fireChannelRead(AbstractChannelHandlerContext.java:352)
	io.netty.channel.CombinedChannelDuplexHandler$DelegatingChannelHandlerContext.fireChannelRead(CombinedChannelDuplexHandler.java:438)
	io.netty.handler.codec.ByteToMessageDecoder.fireChannelRead(ByteToMessageDecoder.java:323)
	io.netty.handler.codec.ByteToMessageDecoder.fireChannelRead(ByteToMessageDecoder.java:310)
	io.netty.handler.codec.ByteToMessageDecoder.callDecode(ByteToMessageDecoder.java:426)
	io.netty.handler.codec.ByteToMessageDecoder.channelRead(ByteToMessageDecoder.java:278)
	io.netty.channel.CombinedChannelDuplexHandler.channelRead(CombinedChannelDuplexHandler.java:253)
	io.netty.channel.AbstractChannelHandlerContext.invokeChannelRead(AbstractChannelHandlerContext.java:374)
	io.netty.channel.AbstractChannelHandlerContext.invokeChannelRead(AbstractChannelHandlerContext.java:360)
	io.netty.channel.AbstractChannelHandlerContext.fireChannelRead(AbstractChannelHandlerContext.java:352)
	io.netty.channel.DefaultChannelPipeline$HeadContext.channelRead(DefaultChannelPipeline.java:1408)
	io.netty.channel.AbstractChannelHandlerContext.invokeChannelRead(AbstractChannelHandlerContext.java:374)
	io.netty.channel.AbstractChannelHandlerContext.invokeChannelRead(AbstractChannelHandlerContext.java:360)
	io.netty.channel.DefaultChannelPipeline.fireChannelRead(DefaultChannelPipeline.java:930)
	io.netty.channel.nio.AbstractNioByteChannel$NioByteUnsafe.read(AbstractNioByteChannel.java:163)
	io.netty.channel.nio.NioEventLoop.processSelectedKey(NioEventLoop.java:682)
	io.netty.channel.nio.NioEventLoop.processSelectedKeysOptimized(NioEventLoop.java:617)
	io.netty.channel.nio.NioEventLoop.processSelectedKeys(NioEventLoop.java:534)
	io.netty.channel.nio.NioEventLoop.run(NioEventLoop.java:496)
	io.netty.util.concurrent.SingleThreadEventExecutor$5.run(SingleThreadEventExecutor.java:906)
	io.netty.util.internal.ThreadExecutorMap$2.run(ThreadExecutorMap.java:74)
	io.netty.util.concurrent.FastThreadLocalRunnable.run(FastThreadLocalRunnable.java:30)
	java.lang.Thread.run(Thread.java:748)
Created at:
	io.netty.buffer.SimpleLeakAwareByteBuf.unwrappedDerived(SimpleLeakAwareByteBuf.java:143)
	io.netty.buffer.SimpleLeakAwareByteBuf.readRetainedSlice(SimpleLeakAwareByteBuf.java:67)
	io.netty.buffer.AdvancedLeakAwareByteBuf.readRetainedSlice(AdvancedLeakAwareByteBuf.java:107)
	io.netty.handler.codec.http.HttpObjectDecoder.decode(HttpObjectDecoder.java:336)
	io.netty.handler.codec.http.HttpServerCodec$HttpServerRequestDecoder.decode(HttpServerCodec.java:103)
	io.netty.handler.codec.ByteToMessageDecoder.decodeRemovalReentryProtection(ByteToMessageDecoder.java:502)
	io.netty.handler.codec.ByteToMessageDecoder.callDecode(ByteToMessageDecoder.java:441)
	io.netty.handler.codec.ByteToMessageDecoder.channelRead(ByteToMessageDecoder.java:278)
	io.netty.channel.CombinedChannelDuplexHandler.channelRead(CombinedChannelDuplexHandler.java:253)
	io.netty.channel.AbstractChannelHandlerContext.invokeChannelRead(AbstractChannelHandlerContext.java:374)
	io.netty.channel.AbstractChannelHandlerContext.invokeChannelRead(AbstractChannelHandlerContext.java:360)
	io.netty.channel.AbstractChannelHandlerContext.fireChannelRead(AbstractChannelHandlerContext.java:352)
	io.netty.channel.DefaultChannelPipeline$HeadContext.channelRead(DefaultChannelPipeline.java:1408)
	io.netty.channel.AbstractChannelHandlerContext.invokeChannelRead(AbstractChannelHandlerContext.java:374)
	io.netty.channel.AbstractChannelHandlerContext.invokeChannelRead(AbstractChannelHandlerContext.java:360)
	io.netty.channel.DefaultChannelPipeline.fireChannelRead(DefaultChannelPipeline.java:930)
	io.netty.channel.nio.AbstractNioByteChannel$NioByteUnsafe.read(AbstractNioByteChannel.java:163)
	io.netty.channel.nio.NioEventLoop.processSelectedKey(NioEventLoop.java:682)
	io.netty.channel.nio.NioEventLoop.processSelectedKeysOptimized(NioEventLoop.java:617)
	io.netty.channel.nio.NioEventLoop.processSelectedKeys(NioEventLoop.java:534)
	io.netty.channel.nio.NioEventLoop.run(NioEventLoop.java:496)
	io.netty.util.concurrent.SingleThreadEventExecutor$5.run(SingleThreadEventExecutor.java:906)
	io.netty.util.internal.ThreadExecutorMap$2.run(ThreadExecutorMap.java:74)
	io.netty.util.concurrent.FastThreadLocalRunnable.run(FastThreadLocalRunnable.java:30)
	java.lang.Thread.run(Thread.java:748)
: 10 leak records were discarded because they were duplicates
: 3642 leak records were discarded because the leak record count is targeted to 4. Use system property io.netty.leakDetection.targetRecords to increase the limit.
22:43:01.565 [reactor-http-nio-8] ERROR i.n.u.ResourceLeakDetector - LEAK: ByteBuf.release() was not called before it's garbage-collected. See http://netty.io/wiki/reference-counted-objects.html for more information.
Recent access records: 
#1:
	io.netty.buffer.AdvancedLeakAwareByteBuf.order(AdvancedLeakAwareByteBuf.java:70)
	io.netty.buffer.CompositeByteBuf.newComponent(CompositeByteBuf.java:318)
	io.netty.buffer.CompositeByteBuf.addComponent0(CompositeByteBuf.java:280)
	io.netty.buffer.CompositeByteBuf.addComponent(CompositeByteBuf.java:265)
	io.netty.buffer.CompositeByteBuf.addComponent(CompositeByteBuf.java:222)
	io.netty.buffer.WrappedCompositeByteBuf.addComponent(WrappedCompositeByteBuf.java:529)
	io.netty.buffer.AdvancedLeakAwareCompositeByteBuf.addComponent(AdvancedLeakAwareCompositeByteBuf.java:921)
	org.springframework.core.io.buffer.NettyDataBufferFactory.join(NettyDataBufferFactory.java:111)
	org.springframework.core.io.buffer.DataBufferUtils.joinAndStrip(DataBufferUtils.java:686)
	org.springframework.core.io.buffer.DataBufferUtils.lambda$split$20(DataBufferUtils.java:605)
	reactor.core.publisher.FluxMap$MapConditionalSubscriber.onNext(FluxMap.java:199)
	reactor.core.publisher.FluxBufferPredicate$BufferPredicateSubscriber.emit(FluxBufferPredicate.java:290)
	reactor.core.publisher.FluxBufferPredicate$BufferPredicateSubscriber.onNextNewBuffer(FluxBufferPredicate.java:257)
	reactor.core.publisher.FluxBufferPredicate$BufferPredicateSubscriber.tryOnNext(FluxBufferPredicate.java:211)
	reactor.core.publisher.FluxBufferPredicate$BufferPredicateSubscriber.onNext(FluxBufferPredicate.java:184)
	reactor.core.publisher.FluxFlatMap$FlatMapMain.drainLoop(FluxFlatMap.java:664)
	reactor.core.publisher.FluxFlatMap$FlatMapMain.drain(FluxFlatMap.java:540)
	reactor.core.publisher.FluxFlatMap$FlatMapInner.onSubscribe(FluxFlatMap.java:924)
	reactor.core.publisher.FluxIterable.subscribe(FluxIterable.java:139)
	reactor.core.publisher.FluxIterable.subscribe(FluxIterable.java:63)
	reactor.core.publisher.Flux.subscribe(Flux.java:7922)
	reactor.core.publisher.FluxFlatMap$FlatMapMain.onNext(FluxFlatMap.java:389)
	reactor.core.publisher.FluxConcatMap$ConcatMapImmediate.innerNext(FluxConcatMap.java:275)
	reactor.core.publisher.FluxConcatMap$ConcatMapInner.onNext(FluxConcatMap.java:849)
	reactor.core.publisher.FluxConcatMap$WeakScalarSubscription.request(FluxConcatMap.java:470)
	reactor.core.publisher.Operators$MultiSubscriptionSubscriber.set(Operators.java:1939)
	reactor.core.publisher.FluxConcatMap$ConcatMapImmediate.drain(FluxConcatMap.java:436)
	reactor.core.publisher.FluxConcatMap$ConcatMapImmediate.onNext(FluxConcatMap.java:244)
	reactor.core.publisher.FluxMap$MapSubscriber.onNext(FluxMap.java:114)
	reactor.core.publisher.FluxPeek$PeekSubscriber.onNext(FluxPeek.java:192)
	reactor.core.publisher.FluxMap$MapSubscriber.onNext(FluxMap.java:114)
	reactor.netty.channel.FluxReceive.drainReceiver(FluxReceive.java:206)
	reactor.netty.channel.FluxReceive.onInboundNext(FluxReceive.java:322)
	reactor.netty.channel.ChannelOperations.onInboundNext(ChannelOperations.java:335)
	reactor.netty.http.server.HttpServerOperations.onInboundNext(HttpServerOperations.java:456)
	reactor.netty.channel.ChannelOperationsHandler.channelRead(ChannelOperationsHandler.java:91)
	io.netty.channel.AbstractChannelHandlerContext.invokeChannelRead(AbstractChannelHandlerContext.java:374)
	io.netty.channel.AbstractChannelHandlerContext.invokeChannelRead(AbstractChannelHandlerContext.java:360)
	io.netty.channel.AbstractChannelHandlerContext.fireChannelRead(AbstractChannelHandlerContext.java:352)
	reactor.netty.http.server.HttpTrafficHandler.channelRead(HttpTrafficHandler.java:190)
	io.netty.channel.AbstractChannelHandlerContext.invokeChannelRead(AbstractChannelHandlerContext.java:374)
	io.netty.channel.AbstractChannelHandlerContext.invokeChannelRead(AbstractChannelHandlerContext.java:360)
	io.netty.channel.AbstractChannelHandlerContext.fireChannelRead(AbstractChannelHandlerContext.java:352)
	io.netty.channel.CombinedChannelDuplexHandler$DelegatingChannelHandlerContext.fireChannelRead(CombinedChannelDuplexHandler.java:438)
	io.netty.handler.codec.ByteToMessageDecoder.fireChannelRead(ByteToMessageDecoder.java:323)
	io.netty.handler.codec.ByteToMessageDecoder.fireChannelRead(ByteToMessageDecoder.java:310)
	io.netty.handler.codec.ByteToMessageDecoder.callDecode(ByteToMessageDecoder.java:426)
	io.netty.handler.codec.ByteToMessageDecoder.channelRead(ByteToMessageDecoder.java:278)
	io.netty.channel.CombinedChannelDuplexHandler.channelRead(CombinedChannelDuplexHandler.java:253)
	io.netty.channel.AbstractChannelHandlerContext.invokeChannelRead(AbstractChannelHandlerContext.java:374)
	io.netty.channel.AbstractChannelHandlerContext.invokeChannelRead(AbstractChannelHandlerContext.java:360)
	io.netty.channel.AbstractChannelHandlerContext.fireChannelRead(AbstractChannelHandlerContext.java:352)
	io.netty.channel.DefaultChannelPipeline$HeadContext.channelRead(DefaultChannelPipeline.java:1408)
	io.netty.channel.AbstractChannelHandlerContext.invokeChannelRead(AbstractChannelHandlerContext.java:374)
	io.netty.channel.AbstractChannelHandlerContext.invokeChannelRead(AbstractChannelHandlerContext.java:360)
	io.netty.channel.DefaultChannelPipeline.fireChannelRead(DefaultChannelPipeline.java:930)
	io.netty.channel.nio.AbstractNioByteChannel$NioByteUnsafe.read(AbstractNioByteChannel.java:163)
	io.netty.channel.nio.NioEventLoop.processSelectedKey(NioEventLoop.java:682)
	io.netty.channel.nio.NioEventLoop.processSelectedKeysOptimized(NioEventLoop.java:617)
	io.netty.channel.nio.NioEventLoop.processSelectedKeys(NioEventLoop.java:534)
	io.netty.channel.nio.NioEventLoop.run(NioEventLoop.java:496)
	io.netty.util.concurrent.SingleThreadEventExecutor$5.run(SingleThreadEventExecutor.java:906)
	io.netty.util.internal.ThreadExecutorMap$2.run(ThreadExecutorMap.java:74)
	io.netty.util.concurrent.FastThreadLocalRunnable.run(FastThreadLocalRunnable.java:30)
	java.lang.Thread.run(Thread.java:748)
#2:
	io.netty.buffer.AdvancedLeakAwareByteBuf.getByte(AdvancedLeakAwareByteBuf.java:154)
	org.springframework.core.io.buffer.NettyDataBuffer.getByte(NettyDataBuffer.java:132)
	org.springframework.core.io.buffer.DataBufferUtils$KnuthMorrisPrattMatcher.match(DataBufferUtils.java:1005)
	org.springframework.core.io.buffer.DataBufferUtils.endFrameAfterDelimiter(DataBufferUtils.java:634)
	org.springframework.core.io.buffer.DataBufferUtils.lambda$split$18(DataBufferUtils.java:603)
	reactor.core.publisher.FluxFlatMap$FlatMapMain.onNext(FluxFlatMap.java:350)
	reactor.core.publisher.FluxConcatMap$ConcatMapImmediate.innerNext(FluxConcatMap.java:275)
	reactor.core.publisher.FluxConcatMap$ConcatMapInner.onNext(FluxConcatMap.java:849)
	reactor.core.publisher.FluxConcatMap$WeakScalarSubscription.request(FluxConcatMap.java:470)
	reactor.core.publisher.Operators$MultiSubscriptionSubscriber.set(Operators.java:1939)
	reactor.core.publisher.FluxConcatMap$ConcatMapImmediate.drain(FluxConcatMap.java:436)
	reactor.core.publisher.FluxConcatMap$ConcatMapImmediate.onNext(FluxConcatMap.java:244)
	reactor.core.publisher.FluxMap$MapSubscriber.onNext(FluxMap.java:114)
	reactor.core.publisher.FluxPeek$PeekSubscriber.onNext(FluxPeek.java:192)
	reactor.core.publisher.FluxMap$MapSubscriber.onNext(FluxMap.java:114)
	reactor.netty.channel.FluxReceive.drainReceiver(FluxReceive.java:206)
	reactor.netty.channel.FluxReceive.onInboundNext(FluxReceive.java:322)
	reactor.netty.channel.ChannelOperations.onInboundNext(ChannelOperations.java:335)
	reactor.netty.http.server.HttpServerOperations.onInboundNext(HttpServerOperations.java:456)
	reactor.netty.channel.ChannelOperationsHandler.channelRead(ChannelOperationsHandler.java:91)
	io.netty.channel.AbstractChannelHandlerContext.invokeChannelRead(AbstractChannelHandlerContext.java:374)
	io.netty.channel.AbstractChannelHandlerContext.invokeChannelRead(AbstractChannelHandlerContext.java:360)
	io.netty.channel.AbstractChannelHandlerContext.fireChannelRead(AbstractChannelHandlerContext.java:352)
	reactor.netty.http.server.HttpTrafficHandler.channelRead(HttpTrafficHandler.java:190)
	io.netty.channel.AbstractChannelHandlerContext.invokeChannelRead(AbstractChannelHandlerContext.java:374)
	io.netty.channel.AbstractChannelHandlerContext.invokeChannelRead(AbstractChannelHandlerContext.java:360)
	io.netty.channel.AbstractChannelHandlerContext.fireChannelRead(AbstractChannelHandlerContext.java:352)
	io.netty.channel.CombinedChannelDuplexHandler$DelegatingChannelHandlerContext.fireChannelRead(CombinedChannelDuplexHandler.java:438)
	io.netty.handler.codec.ByteToMessageDecoder.fireChannelRead(ByteToMessageDecoder.java:323)
	io.netty.handler.codec.ByteToMessageDecoder.fireChannelRead(ByteToMessageDecoder.java:310)
	io.netty.handler.codec.ByteToMessageDecoder.callDecode(ByteToMessageDecoder.java:426)
	io.netty.handler.codec.ByteToMessageDecoder.channelRead(ByteToMessageDecoder.java:278)
	io.netty.channel.CombinedChannelDuplexHandler.channelRead(CombinedChannelDuplexHandler.java:253)
	io.netty.channel.AbstractChannelHandlerContext.invokeChannelRead(AbstractChannelHandlerContext.java:374)
	io.netty.channel.AbstractChannelHandlerContext.invokeChannelRead(AbstractChannelHandlerContext.java:360)
	io.netty.channel.AbstractChannelHandlerContext.fireChannelRead(AbstractChannelHandlerContext.java:352)
	io.netty.channel.DefaultChannelPipeline$HeadContext.channelRead(DefaultChannelPipeline.java:1408)
	io.netty.channel.AbstractChannelHandlerContext.invokeChannelRead(AbstractChannelHandlerContext.java:374)
	io.netty.channel.AbstractChannelHandlerContext.invokeChannelRead(AbstractChannelHandlerContext.java:360)
	io.netty.channel.DefaultChannelPipeline.fireChannelRead(DefaultChannelPipeline.java:930)
	io.netty.channel.nio.AbstractNioByteChannel$NioByteUnsafe.read(AbstractNioByteChannel.java:163)
	io.netty.channel.nio.NioEventLoop.processSelectedKey(NioEventLoop.java:682)
	io.netty.channel.nio.NioEventLoop.processSelectedKeysOptimized(NioEventLoop.java:617)
	io.netty.channel.nio.NioEventLoop.processSelectedKeys(NioEventLoop.java:534)
	io.netty.channel.nio.NioEventLoop.run(NioEventLoop.java:496)
	io.netty.util.concurrent.SingleThreadEventExecutor$5.run(SingleThreadEventExecutor.java:906)
	io.netty.util.internal.ThreadExecutorMap$2.run(ThreadExecutorMap.java:74)
	io.netty.util.concurrent.FastThreadLocalRunnable.run(FastThreadLocalRunnable.java:30)
	java.lang.Thread.run(Thread.java:748)
#3:
	reactor.core.publisher.FluxPeek$PeekSubscriber.onNext(FluxPeek.java:177)
	reactor.core.publisher.FluxMap$MapSubscriber.onNext(FluxMap.java:114)
	reactor.netty.channel.FluxReceive.drainReceiver(FluxReceive.java:206)
	reactor.netty.channel.FluxReceive.onInboundNext(FluxReceive.java:322)
	reactor.netty.channel.ChannelOperations.onInboundNext(ChannelOperations.java:335)
	reactor.netty.http.server.HttpServerOperations.onInboundNext(HttpServerOperations.java:456)
	reactor.netty.channel.ChannelOperationsHandler.channelRead(ChannelOperationsHandler.java:91)
	io.netty.channel.AbstractChannelHandlerContext.invokeChannelRead(AbstractChannelHandlerContext.java:374)
	io.netty.channel.AbstractChannelHandlerContext.invokeChannelRead(AbstractChannelHandlerContext.java:360)
	io.netty.channel.AbstractChannelHandlerContext.fireChannelRead(AbstractChannelHandlerContext.java:352)
	reactor.netty.http.server.HttpTrafficHandler.channelRead(HttpTrafficHandler.java:190)
	io.netty.channel.AbstractChannelHandlerContext.invokeChannelRead(AbstractChannelHandlerContext.java:374)
	io.netty.channel.AbstractChannelHandlerContext.invokeChannelRead(AbstractChannelHandlerContext.java:360)
	io.netty.channel.AbstractChannelHandlerContext.fireChannelRead(AbstractChannelHandlerContext.java:352)
	io.netty.channel.CombinedChannelDuplexHandler$DelegatingChannelHandlerContext.fireChannelRead(CombinedChannelDuplexHandler.java:438)
	io.netty.handler.codec.ByteToMessageDecoder.fireChannelRead(ByteToMessageDecoder.java:323)
	io.netty.handler.codec.ByteToMessageDecoder.fireChannelRead(ByteToMessageDecoder.java:310)
	io.netty.handler.codec.ByteToMessageDecoder.callDecode(ByteToMessageDecoder.java:426)
	io.netty.handler.codec.ByteToMessageDecoder.channelRead(ByteToMessageDecoder.java:278)
	io.netty.channel.CombinedChannelDuplexHandler.channelRead(CombinedChannelDuplexHandler.java:253)
	io.netty.channel.AbstractChannelHandlerContext.invokeChannelRead(AbstractChannelHandlerContext.java:374)
	io.netty.channel.AbstractChannelHandlerContext.invokeChannelRead(AbstractChannelHandlerContext.java:360)
	io.netty.channel.AbstractChannelHandlerContext.fireChannelRead(AbstractChannelHandlerContext.java:352)
	io.netty.channel.DefaultChannelPipeline$HeadContext.channelRead(DefaultChannelPipeline.java:1408)
	io.netty.channel.AbstractChannelHandlerContext.invokeChannelRead(AbstractChannelHandlerContext.java:374)
	io.netty.channel.AbstractChannelHandlerContext.invokeChannelRead(AbstractChannelHandlerContext.java:360)
	io.netty.channel.DefaultChannelPipeline.fireChannelRead(DefaultChannelPipeline.java:930)
	io.netty.channel.nio.AbstractNioByteChannel$NioByteUnsafe.read(AbstractNioByteChannel.java:163)
	io.netty.channel.nio.NioEventLoop.processSelectedKey(NioEventLoop.java:682)
	io.netty.channel.nio.NioEventLoop.processSelectedKeysOptimized(NioEventLoop.java:617)
	io.netty.channel.nio.NioEventLoop.processSelectedKeys(NioEventLoop.java:534)
	io.netty.channel.nio.NioEventLoop.run(NioEventLoop.java:496)
	io.netty.util.concurrent.SingleThreadEventExecutor$5.run(SingleThreadEventExecutor.java:906)
	io.netty.util.internal.ThreadExecutorMap$2.run(ThreadExecutorMap.java:74)
	io.netty.util.concurrent.FastThreadLocalRunnable.run(FastThreadLocalRunnable.java:30)
	java.lang.Thread.run(Thread.java:748)
#4:
	Hint: 'reactor.right.reactiveBridge' will handle the message from this point.
	io.netty.handler.codec.http.DefaultHttpContent.touch(DefaultHttpContent.java:88)
	io.netty.handler.codec.http.DefaultHttpContent.touch(DefaultHttpContent.java:24)
	io.netty.channel.DefaultChannelPipeline.touch(DefaultChannelPipeline.java:116)
	io.netty.channel.AbstractChannelHandlerContext.invokeChannelRead(AbstractChannelHandlerContext.java:357)
	io.netty.channel.AbstractChannelHandlerContext.fireChannelRead(AbstractChannelHandlerContext.java:352)
	reactor.netty.http.server.HttpTrafficHandler.channelRead(HttpTrafficHandler.java:190)
	io.netty.channel.AbstractChannelHandlerContext.invokeChannelRead(AbstractChannelHandlerContext.java:374)
	io.netty.channel.AbstractChannelHandlerContext.invokeChannelRead(AbstractChannelHandlerContext.java:360)
	io.netty.channel.AbstractChannelHandlerContext.fireChannelRead(AbstractChannelHandlerContext.java:352)
	io.netty.channel.CombinedChannelDuplexHandler$DelegatingChannelHandlerContext.fireChannelRead(CombinedChannelDuplexHandler.java:438)
	io.netty.handler.codec.ByteToMessageDecoder.fireChannelRead(ByteToMessageDecoder.java:323)
	io.netty.handler.codec.ByteToMessageDecoder.fireChannelRead(ByteToMessageDecoder.java:310)
	io.netty.handler.codec.ByteToMessageDecoder.callDecode(ByteToMessageDecoder.java:426)
	io.netty.handler.codec.ByteToMessageDecoder.channelRead(ByteToMessageDecoder.java:278)
	io.netty.channel.CombinedChannelDuplexHandler.channelRead(CombinedChannelDuplexHandler.java:253)
	io.netty.channel.AbstractChannelHandlerContext.invokeChannelRead(AbstractChannelHandlerContext.java:374)
	io.netty.channel.AbstractChannelHandlerContext.invokeChannelRead(AbstractChannelHandlerContext.java:360)
	io.netty.channel.AbstractChannelHandlerContext.fireChannelRead(AbstractChannelHandlerContext.java:352)
	io.netty.channel.DefaultChannelPipeline$HeadContext.channelRead(DefaultChannelPipeline.java:1408)
	io.netty.channel.AbstractChannelHandlerContext.invokeChannelRead(AbstractChannelHandlerContext.java:374)
	io.netty.channel.AbstractChannelHandlerContext.invokeChannelRead(AbstractChannelHandlerContext.java:360)
	io.netty.channel.DefaultChannelPipeline.fireChannelRead(DefaultChannelPipeline.java:930)
	io.netty.channel.nio.AbstractNioByteChannel$NioByteUnsafe.read(AbstractNioByteChannel.java:163)
	io.netty.channel.nio.NioEventLoop.processSelectedKey(NioEventLoop.java:682)
	io.netty.channel.nio.NioEventLoop.processSelectedKeysOptimized(NioEventLoop.java:617)
	io.netty.channel.nio.NioEventLoop.processSelectedKeys(NioEventLoop.java:534)
	io.netty.channel.nio.NioEventLoop.run(NioEventLoop.java:496)
	io.netty.util.concurrent.SingleThreadEventExecutor$5.run(SingleThreadEventExecutor.java:906)
	io.netty.util.internal.ThreadExecutorMap$2.run(ThreadExecutorMap.java:74)
	io.netty.util.concurrent.FastThreadLocalRunnable.run(FastThreadLocalRunnable.java:30)
	java.lang.Thread.run(Thread.java:748)
#5:
	Hint: 'reactor.left.httpTrafficHandler' will handle the message from this point.
	io.netty.handler.codec.http.DefaultHttpContent.touch(DefaultHttpContent.java:88)
	io.netty.handler.codec.http.DefaultHttpContent.touch(DefaultHttpContent.java:24)
	io.netty.channel.DefaultChannelPipeline.touch(DefaultChannelPipeline.java:116)
	io.netty.channel.AbstractChannelHandlerContext.invokeChannelRead(AbstractChannelHandlerContext.java:357)
	io.netty.channel.AbstractChannelHandlerContext.fireChannelRead(AbstractChannelHandlerContext.java:352)
	io.netty.channel.CombinedChannelDuplexHandler$DelegatingChannelHandlerContext.fireChannelRead(CombinedChannelDuplexHandler.java:438)
	io.netty.handler.codec.ByteToMessageDecoder.fireChannelRead(ByteToMessageDecoder.java:323)
	io.netty.handler.codec.ByteToMessageDecoder.fireChannelRead(ByteToMessageDecoder.java:310)
	io.netty.handler.codec.ByteToMessageDecoder.callDecode(ByteToMessageDecoder.java:426)
	io.netty.handler.codec.ByteToMessageDecoder.channelRead(ByteToMessageDecoder.java:278)
	io.netty.channel.CombinedChannelDuplexHandler.channelRead(CombinedChannelDuplexHandler.java:253)
	io.netty.channel.AbstractChannelHandlerContext.invokeChannelRead(AbstractChannelHandlerContext.java:374)
	io.netty.channel.AbstractChannelHandlerContext.invokeChannelRead(AbstractChannelHandlerContext.java:360)
	io.netty.channel.AbstractChannelHandlerContext.fireChannelRead(AbstractChannelHandlerContext.java:352)
	io.netty.channel.DefaultChannelPipeline$HeadContext.channelRead(DefaultChannelPipeline.java:1408)
	io.netty.channel.AbstractChannelHandlerContext.invokeChannelRead(AbstractChannelHandlerContext.java:374)
	io.netty.channel.AbstractChannelHandlerContext.invokeChannelRead(AbstractChannelHandlerContext.java:360)
	io.netty.channel.DefaultChannelPipeline.fireChannelRead(DefaultChannelPipeline.java:930)
	io.netty.channel.nio.AbstractNioByteChannel$NioByteUnsafe.read(AbstractNioByteChannel.java:163)
	io.netty.channel.nio.NioEventLoop.processSelectedKey(NioEventLoop.java:682)
	io.netty.channel.nio.NioEventLoop.processSelectedKeysOptimized(NioEventLoop.java:617)
	io.netty.channel.nio.NioEventLoop.processSelectedKeys(NioEventLoop.java:534)
	io.netty.channel.nio.NioEventLoop.run(NioEventLoop.java:496)
	io.netty.util.concurrent.SingleThreadEventExecutor$5.run(SingleThreadEventExecutor.java:906)
	io.netty.util.internal.ThreadExecutorMap$2.run(ThreadExecutorMap.java:74)
	io.netty.util.concurrent.FastThreadLocalRunnable.run(FastThreadLocalRunnable.java:30)
	java.lang.Thread.run(Thread.java:748)
Created at:
	io.netty.buffer.SimpleLeakAwareByteBuf.unwrappedDerived(SimpleLeakAwareByteBuf.java:143)
	io.netty.buffer.SimpleLeakAwareByteBuf.readRetainedSlice(SimpleLeakAwareByteBuf.java:67)
	io.netty.buffer.AdvancedLeakAwareByteBuf.readRetainedSlice(AdvancedLeakAwareByteBuf.java:107)
	io.netty.handler.codec.http.HttpObjectDecoder.decode(HttpObjectDecoder.java:336)
	io.netty.handler.codec.http.HttpServerCodec$HttpServerRequestDecoder.decode(HttpServerCodec.java:103)
	io.netty.handler.codec.ByteToMessageDecoder.decodeRemovalReentryProtection(ByteToMessageDecoder.java:502)
	io.netty.handler.codec.ByteToMessageDecoder.callDecode(ByteToMessageDecoder.java:441)
	io.netty.handler.codec.ByteToMessageDecoder.channelRead(ByteToMessageDecoder.java:278)
	io.netty.channel.CombinedChannelDuplexHandler.channelRead(CombinedChannelDuplexHandler.java:253)
	io.netty.channel.AbstractChannelHandlerContext.invokeChannelRead(AbstractChannelHandlerContext.java:374)
	io.netty.channel.AbstractChannelHandlerContext.invokeChannelRead(AbstractChannelHandlerContext.java:360)
	io.netty.channel.AbstractChannelHandlerContext.fireChannelRead(AbstractChannelHandlerContext.java:352)
	io.netty.channel.DefaultChannelPipeline$HeadContext.channelRead(DefaultChannelPipeline.java:1408)
	io.netty.channel.AbstractChannelHandlerContext.invokeChannelRead(AbstractChannelHandlerContext.java:374)
	io.netty.channel.AbstractChannelHandlerContext.invokeChannelRead(AbstractChannelHandlerContext.java:360)
	io.netty.channel.DefaultChannelPipeline.fireChannelRead(DefaultChannelPipeline.java:930)
	io.netty.channel.nio.AbstractNioByteChannel$NioByteUnsafe.read(AbstractNioByteChannel.java:163)
	io.netty.channel.nio.NioEventLoop.processSelectedKey(NioEventLoop.java:682)
	io.netty.channel.nio.NioEventLoop.processSelectedKeysOptimized(NioEventLoop.java:617)
	io.netty.channel.nio.NioEventLoop.processSelectedKeys(NioEventLoop.java:534)
	io.netty.channel.nio.NioEventLoop.run(NioEventLoop.java:496)
	io.netty.util.concurrent.SingleThreadEventExecutor$5.run(SingleThreadEventExecutor.java:906)
	io.netty.util.internal.ThreadExecutorMap$2.run(ThreadExecutorMap.java:74)
	io.netty.util.concurrent.FastThreadLocalRunnable.run(FastThreadLocalRunnable.java:30)
	java.lang.Thread.run(Thread.java:748)
: 12 leak records were discarded because they were duplicates
: 4087 leak records were discarded because the leak record count is targeted to 4. Use system property io.netty.leakDetection.targetRecords to increase the limit.
22:43:01.566 [reactor-http-nio-8] ERROR i.n.u.ResourceLeakDetector - LEAK: ByteBuf.release() was not called before it's garbage-collected. See http://netty.io/wiki/reference-counted-objects.html for more information.
Recent access records: 
#1:
	io.netty.buffer.AdvancedLeakAwareByteBuf.getBytes(AdvancedLeakAwareByteBuf.java:250)
	io.netty.buffer.CompositeByteBuf.getBytes(CompositeByteBuf.java:1029)
	io.netty.buffer.CompositeByteBuf.getBytes(CompositeByteBuf.java:48)
	io.netty.buffer.AbstractUnpooledSlicedByteBuf.getBytes(AbstractUnpooledSlicedByteBuf.java:243)
	io.netty.buffer.AbstractByteBuf.readBytes(AbstractByteBuf.java:889)
	io.netty.buffer.AbstractByteBuf.readBytes(AbstractByteBuf.java:896)
	io.netty.buffer.WrappedByteBuf.readBytes(WrappedByteBuf.java:649)
	io.netty.buffer.AdvancedLeakAwareByteBuf.readBytes(AdvancedLeakAwareByteBuf.java:497)
	org.springframework.core.io.buffer.NettyDataBuffer.read(NettyDataBuffer.java:159)
	org.springframework.core.io.buffer.NettyDataBuffer.read(NettyDataBuffer.java:43)
	org.springframework.http.codec.multipart.DefaultMultipartMessageReader.toHeaders(DefaultMultipartMessageReader.java:229)
	org.springframework.http.codec.multipart.DefaultMultipartMessageReader.toPart(DefaultMultipartMessageReader.java:197)
	reactor.core.publisher.FluxMap$MapConditionalSubscriber.onNext(FluxMap.java:199)
	reactor.core.publisher.FluxTakeWhile$TakeWhileSubscriber.onNext(FluxTakeWhile.java:94)
	reactor.core.publisher.FluxContextStart$ContextStartSubscriber.onNext(FluxContextStart.java:103)
	reactor.core.publisher.FluxMap$MapConditionalSubscriber.onNext(FluxMap.java:213)
	reactor.core.publisher.FluxBufferPredicate$BufferPredicateSubscriber.emit(FluxBufferPredicate.java:290)
	reactor.core.publisher.FluxBufferPredicate$BufferPredicateSubscriber.onNextNewBuffer(FluxBufferPredicate.java:257)
	reactor.core.publisher.FluxBufferPredicate$BufferPredicateSubscriber.tryOnNext(FluxBufferPredicate.java:211)
	reactor.core.publisher.FluxBufferPredicate$BufferPredicateSubscriber.onNext(FluxBufferPredicate.java:184)
	reactor.core.publisher.FluxFlatMap$FlatMapMain.drainLoop(FluxFlatMap.java:664)
	reactor.core.publisher.FluxFlatMap$FlatMapMain.drain(FluxFlatMap.java:540)
	reactor.core.publisher.FluxFlatMap$FlatMapInner.onSubscribe(FluxFlatMap.java:924)
	reactor.core.publisher.FluxIterable.subscribe(FluxIterable.java:139)
	reactor.core.publisher.FluxIterable.subscribe(FluxIterable.java:63)
	reactor.core.publisher.Flux.subscribe(Flux.java:7922)
	reactor.core.publisher.FluxFlatMap$FlatMapMain.onNext(FluxFlatMap.java:389)
	reactor.core.publisher.FluxConcatMap$ConcatMapImmediate.innerNext(FluxConcatMap.java:275)
	reactor.core.publisher.FluxConcatMap$ConcatMapInner.onNext(FluxConcatMap.java:849)
	reactor.core.publisher.FluxConcatMap$WeakScalarSubscription.request(FluxConcatMap.java:470)
	reactor.core.publisher.Operators$MultiSubscriptionSubscriber.set(Operators.java:1939)
	reactor.core.publisher.FluxConcatMap$ConcatMapImmediate.drain(FluxConcatMap.java:436)
	reactor.core.publisher.FluxConcatMap$ConcatMapImmediate.onNext(FluxConcatMap.java:244)
	reactor.core.publisher.FluxMap$MapSubscriber.onNext(FluxMap.java:114)
	reactor.core.publisher.FluxPeek$PeekSubscriber.onNext(FluxPeek.java:192)
	reactor.core.publisher.FluxMap$MapSubscriber.onNext(FluxMap.java:114)
	reactor.netty.channel.FluxReceive.drainReceiver(FluxReceive.java:206)
	reactor.netty.channel.FluxReceive.onInboundNext(FluxReceive.java:322)
	reactor.netty.channel.ChannelOperations.onInboundNext(ChannelOperations.java:335)
	reactor.netty.http.server.HttpServerOperations.onInboundNext(HttpServerOperations.java:456)
	reactor.netty.channel.ChannelOperationsHandler.channelRead(ChannelOperationsHandler.java:91)
	io.netty.channel.AbstractChannelHandlerContext.invokeChannelRead(AbstractChannelHandlerContext.java:374)
	io.netty.channel.AbstractChannelHandlerContext.invokeChannelRead(AbstractChannelHandlerContext.java:360)
	io.netty.channel.AbstractChannelHandlerContext.fireChannelRead(AbstractChannelHandlerContext.java:352)
	reactor.netty.http.server.HttpTrafficHandler.channelRead(HttpTrafficHandler.java:190)
	io.netty.channel.AbstractChannelHandlerContext.invokeChannelRead(AbstractChannelHandlerContext.java:374)
	io.netty.channel.AbstractChannelHandlerContext.invokeChannelRead(AbstractChannelHandlerContext.java:360)
	io.netty.channel.AbstractChannelHandlerContext.fireChannelRead(AbstractChannelHandlerContext.java:352)
	io.netty.channel.CombinedChannelDuplexHandler$DelegatingChannelHandlerContext.fireChannelRead(CombinedChannelDuplexHandler.java:438)
	io.netty.handler.codec.ByteToMessageDecoder.fireChannelRead(ByteToMessageDecoder.java:323)
	io.netty.handler.codec.ByteToMessageDecoder.fireChannelRead(ByteToMessageDecoder.java:310)
	io.netty.handler.codec.ByteToMessageDecoder.callDecode(ByteToMessageDecoder.java:426)
	io.netty.handler.codec.ByteToMessageDecoder.channelRead(ByteToMessageDecoder.java:278)
	io.netty.channel.CombinedChannelDuplexHandler.channelRead(CombinedChannelDuplexHandler.java:253)
	io.netty.channel.AbstractChannelHandlerContext.invokeChannelRead(AbstractChannelHandlerContext.java:374)
	io.netty.channel.AbstractChannelHandlerContext.invokeChannelRead(AbstractChannelHandlerContext.java:360)
	io.netty.channel.AbstractChannelHandlerContext.fireChannelRead(AbstractChannelHandlerContext.java:352)
	io.netty.channel.DefaultChannelPipeline$HeadContext.channelRead(DefaultChannelPipeline.java:1408)
	io.netty.channel.AbstractChannelHandlerContext.invokeChannelRead(AbstractChannelHandlerContext.java:374)
	io.netty.channel.AbstractChannelHandlerContext.invokeChannelRead(AbstractChannelHandlerContext.java:360)
	io.netty.channel.DefaultChannelPipeline.fireChannelRead(DefaultChannelPipeline.java:930)
	io.netty.channel.nio.AbstractNioByteChannel$NioByteUnsafe.read(AbstractNioByteChannel.java:163)
	io.netty.channel.nio.NioEventLoop.processSelectedKey(NioEventLoop.java:682)
	io.netty.channel.nio.NioEventLoop.processSelectedKeysOptimized(NioEventLoop.java:617)
	io.netty.channel.nio.NioEventLoop.processSelectedKeys(NioEventLoop.java:534)
	io.netty.channel.nio.NioEventLoop.run(NioEventLoop.java:496)
	io.netty.util.concurrent.SingleThreadEventExecutor$5.run(SingleThreadEventExecutor.java:906)
	io.netty.util.internal.ThreadExecutorMap$2.run(ThreadExecutorMap.java:74)
	io.netty.util.concurrent.FastThreadLocalRunnable.run(FastThreadLocalRunnable.java:30)
	java.lang.Thread.run(Thread.java:748)
#2:
	io.netty.buffer.AdvancedLeakAwareByteBuf.getByte(AdvancedLeakAwareByteBuf.java:154)
	io.netty.buffer.CompositeByteBuf.getByte(CompositeByteBuf.java:913)
	io.netty.buffer.WrappedCompositeByteBuf.getByte(WrappedCompositeByteBuf.java:652)
	io.netty.buffer.AdvancedLeakAwareCompositeByteBuf.getByte(AdvancedLeakAwareCompositeByteBuf.java:141)
	org.springframework.core.io.buffer.NettyDataBuffer.getByte(NettyDataBuffer.java:132)
	org.springframework.core.io.buffer.DataBufferUtils$KnuthMorrisPrattMatcher.match(DataBufferUtils.java:1005)
	org.springframework.http.codec.multipart.DefaultMultipartMessageReader.toPart(DefaultMultipartMessageReader.java:184)
	reactor.core.publisher.FluxMap$MapConditionalSubscriber.onNext(FluxMap.java:199)
	reactor.core.publisher.FluxTakeWhile$TakeWhileSubscriber.onNext(FluxTakeWhile.java:94)
	reactor.core.publisher.FluxContextStart$ContextStartSubscriber.onNext(FluxContextStart.java:103)
	reactor.core.publisher.FluxMap$MapConditionalSubscriber.onNext(FluxMap.java:213)
	reactor.core.publisher.FluxBufferPredicate$BufferPredicateSubscriber.emit(FluxBufferPredicate.java:290)
	reactor.core.publisher.FluxBufferPredicate$BufferPredicateSubscriber.onNextNewBuffer(FluxBufferPredicate.java:257)
	reactor.core.publisher.FluxBufferPredicate$BufferPredicateSubscriber.tryOnNext(FluxBufferPredicate.java:211)
	reactor.core.publisher.FluxBufferPredicate$BufferPredicateSubscriber.onNext(FluxBufferPredicate.java:184)
	reactor.core.publisher.FluxFlatMap$FlatMapMain.drainLoop(FluxFlatMap.java:664)
	reactor.core.publisher.FluxFlatMap$FlatMapMain.drain(FluxFlatMap.java:540)
	reactor.core.publisher.FluxFlatMap$FlatMapInner.onSubscribe(FluxFlatMap.java:924)
	reactor.core.publisher.FluxIterable.subscribe(FluxIterable.java:139)
	reactor.core.publisher.FluxIterable.subscribe(FluxIterable.java:63)
	reactor.core.publisher.Flux.subscribe(Flux.java:7922)
	reactor.core.publisher.FluxFlatMap$FlatMapMain.onNext(FluxFlatMap.java:389)
	reactor.core.publisher.FluxConcatMap$ConcatMapImmediate.innerNext(FluxConcatMap.java:275)
	reactor.core.publisher.FluxConcatMap$ConcatMapInner.onNext(FluxConcatMap.java:849)
	reactor.core.publisher.FluxConcatMap$WeakScalarSubscription.request(FluxConcatMap.java:470)
	reactor.core.publisher.Operators$MultiSubscriptionSubscriber.set(Operators.java:1939)
	reactor.core.publisher.FluxConcatMap$ConcatMapImmediate.drain(FluxConcatMap.java:436)
	reactor.core.publisher.FluxConcatMap$ConcatMapImmediate.onNext(FluxConcatMap.java:244)
	reactor.core.publisher.FluxMap$MapSubscriber.onNext(FluxMap.java:114)
	reactor.core.publisher.FluxPeek$PeekSubscriber.onNext(FluxPeek.java:192)
	reactor.core.publisher.FluxMap$MapSubscriber.onNext(FluxMap.java:114)
	reactor.netty.channel.FluxReceive.drainReceiver(FluxReceive.java:206)
	reactor.netty.channel.FluxReceive.onInboundNext(FluxReceive.java:322)
	reactor.netty.channel.ChannelOperations.onInboundNext(ChannelOperations.java:335)
	reactor.netty.http.server.HttpServerOperations.onInboundNext(HttpServerOperations.java:456)
	reactor.netty.channel.ChannelOperationsHandler.channelRead(ChannelOperationsHandler.java:91)
	io.netty.channel.AbstractChannelHandlerContext.invokeChannelRead(AbstractChannelHandlerContext.java:374)
	io.netty.channel.AbstractChannelHandlerContext.invokeChannelRead(AbstractChannelHandlerContext.java:360)
	io.netty.channel.AbstractChannelHandlerContext.fireChannelRead(AbstractChannelHandlerContext.java:352)
	reactor.netty.http.server.HttpTrafficHandler.channelRead(HttpTrafficHandler.java:190)
	io.netty.channel.AbstractChannelHandlerContext.invokeChannelRead(AbstractChannelHandlerContext.java:374)
	io.netty.channel.AbstractChannelHandlerContext.invokeChannelRead(AbstractChannelHandlerContext.java:360)
	io.netty.channel.AbstractChannelHandlerContext.fireChannelRead(AbstractChannelHandlerContext.java:352)
	io.netty.channel.CombinedChannelDuplexHandler$DelegatingChannelHandlerContext.fireChannelRead(CombinedChannelDuplexHandler.java:438)
	io.netty.handler.codec.ByteToMessageDecoder.fireChannelRead(ByteToMessageDecoder.java:323)
	io.netty.handler.codec.ByteToMessageDecoder.fireChannelRead(ByteToMessageDecoder.java:310)
	io.netty.handler.codec.ByteToMessageDecoder.callDecode(ByteToMessageDecoder.java:426)
	io.netty.handler.codec.ByteToMessageDecoder.channelRead(ByteToMessageDecoder.java:278)
	io.netty.channel.CombinedChannelDuplexHandler.channelRead(CombinedChannelDuplexHandler.java:253)
	io.netty.channel.AbstractChannelHandlerContext.invokeChannelRead(AbstractChannelHandlerContext.java:374)
	io.netty.channel.AbstractChannelHandlerContext.invokeChannelRead(AbstractChannelHandlerContext.java:360)
	io.netty.channel.AbstractChannelHandlerContext.fireChannelRead(AbstractChannelHandlerContext.java:352)
	io.netty.channel.DefaultChannelPipeline$HeadContext.channelRead(DefaultChannelPipeline.java:1408)
	io.netty.channel.AbstractChannelHandlerContext.invokeChannelRead(AbstractChannelHandlerContext.java:374)
	io.netty.channel.AbstractChannelHandlerContext.invokeChannelRead(AbstractChannelHandlerContext.java:360)
	io.netty.channel.DefaultChannelPipeline.fireChannelRead(DefaultChannelPipeline.java:930)
	io.netty.channel.nio.AbstractNioByteChannel$NioByteUnsafe.read(AbstractNioByteChannel.java:163)
	io.netty.channel.nio.NioEventLoop.processSelectedKey(NioEventLoop.java:682)
	io.netty.channel.nio.NioEventLoop.processSelectedKeysOptimized(NioEventLoop.java:617)
	io.netty.channel.nio.NioEventLoop.processSelectedKeys(NioEventLoop.java:534)
	io.netty.channel.nio.NioEventLoop.run(NioEventLoop.java:496)
	io.netty.util.concurrent.SingleThreadEventExecutor$5.run(SingleThreadEventExecutor.java:906)
	io.netty.util.internal.ThreadExecutorMap$2.run(ThreadExecutorMap.java:74)
	io.netty.util.concurrent.FastThreadLocalRunnable.run(FastThreadLocalRunnable.java:30)
	java.lang.Thread.run(Thread.java:748)
#3:
	io.netty.buffer.AdvancedLeakAwareByteBuf.getByte(AdvancedLeakAwareByteBuf.java:154)
	org.springframework.core.io.buffer.NettyDataBuffer.getByte(NettyDataBuffer.java:132)
	org.springframework.core.io.buffer.DataBufferUtils$KnuthMorrisPrattMatcher.match(DataBufferUtils.java:1005)
	org.springframework.core.io.buffer.DataBufferUtils.endFrameAfterDelimiter(DataBufferUtils.java:634)
	org.springframework.core.io.buffer.DataBufferUtils.lambda$split$18(DataBufferUtils.java:603)
	reactor.core.publisher.FluxFlatMap$FlatMapMain.onNext(FluxFlatMap.java:350)
	reactor.core.publisher.FluxConcatMap$ConcatMapImmediate.innerNext(FluxConcatMap.java:275)
	reactor.core.publisher.FluxConcatMap$ConcatMapInner.onNext(FluxConcatMap.java:849)
	reactor.core.publisher.FluxConcatMap$WeakScalarSubscription.request(FluxConcatMap.java:470)
	reactor.core.publisher.Operators$MultiSubscriptionSubscriber.set(Operators.java:1939)
	reactor.core.publisher.FluxConcatMap$ConcatMapImmediate.drain(FluxConcatMap.java:436)
	reactor.core.publisher.FluxConcatMap$ConcatMapImmediate.onNext(FluxConcatMap.java:244)
	reactor.core.publisher.FluxMap$MapSubscriber.onNext(FluxMap.java:114)
	reactor.core.publisher.FluxPeek$PeekSubscriber.onNext(FluxPeek.java:192)
	reactor.core.publisher.FluxMap$MapSubscriber.onNext(FluxMap.java:114)
	reactor.netty.channel.FluxReceive.drainReceiver(FluxReceive.java:206)
	reactor.netty.channel.FluxReceive.onInboundNext(FluxReceive.java:322)
	reactor.netty.channel.ChannelOperations.onInboundNext(ChannelOperations.java:335)
	reactor.netty.http.server.HttpServerOperations.onInboundNext(HttpServerOperations.java:456)
	reactor.netty.channel.ChannelOperationsHandler.channelRead(ChannelOperationsHandler.java:91)
	io.netty.channel.AbstractChannelHandlerContext.invokeChannelRead(AbstractChannelHandlerContext.java:374)
	io.netty.channel.AbstractChannelHandlerContext.invokeChannelRead(AbstractChannelHandlerContext.java:360)
	io.netty.channel.AbstractChannelHandlerContext.fireChannelRead(AbstractChannelHandlerContext.java:352)
	reactor.netty.http.server.HttpTrafficHandler.channelRead(HttpTrafficHandler.java:190)
	io.netty.channel.AbstractChannelHandlerContext.invokeChannelRead(AbstractChannelHandlerContext.java:374)
	io.netty.channel.AbstractChannelHandlerContext.invokeChannelRead(AbstractChannelHandlerContext.java:360)
	io.netty.channel.AbstractChannelHandlerContext.fireChannelRead(AbstractChannelHandlerContext.java:352)
	io.netty.channel.CombinedChannelDuplexHandler$DelegatingChannelHandlerContext.fireChannelRead(CombinedChannelDuplexHandler.java:438)
	io.netty.handler.codec.ByteToMessageDecoder.fireChannelRead(ByteToMessageDecoder.java:323)
	io.netty.handler.codec.ByteToMessageDecoder.fireChannelRead(ByteToMessageDecoder.java:310)
	io.netty.handler.codec.ByteToMessageDecoder.callDecode(ByteToMessageDecoder.java:426)
	io.netty.handler.codec.ByteToMessageDecoder.channelRead(ByteToMessageDecoder.java:278)
	io.netty.channel.CombinedChannelDuplexHandler.channelRead(CombinedChannelDuplexHandler.java:253)
	io.netty.channel.AbstractChannelHandlerContext.invokeChannelRead(AbstractChannelHandlerContext.java:374)
	io.netty.channel.AbstractChannelHandlerContext.invokeChannelRead(AbstractChannelHandlerContext.java:360)
	io.netty.channel.AbstractChannelHandlerContext.fireChannelRead(AbstractChannelHandlerContext.java:352)
	io.netty.channel.DefaultChannelPipeline$HeadContext.channelRead(DefaultChannelPipeline.java:1408)
	io.netty.channel.AbstractChannelHandlerContext.invokeChannelRead(AbstractChannelHandlerContext.java:374)
	io.netty.channel.AbstractChannelHandlerContext.invokeChannelRead(AbstractChannelHandlerContext.java:360)
	io.netty.channel.DefaultChannelPipeline.fireChannelRead(DefaultChannelPipeline.java:930)
	io.netty.channel.nio.AbstractNioByteChannel$NioByteUnsafe.read(AbstractNioByteChannel.java:163)
	io.netty.channel.nio.NioEventLoop.processSelectedKey(NioEventLoop.java:682)
	io.netty.channel.nio.NioEventLoop.processSelectedKeysOptimized(NioEventLoop.java:617)
	io.netty.channel.nio.NioEventLoop.processSelectedKeys(NioEventLoop.java:534)
	io.netty.channel.nio.NioEventLoop.run(NioEventLoop.java:496)
	io.netty.util.concurrent.SingleThreadEventExecutor$5.run(SingleThreadEventExecutor.java:906)
	io.netty.util.internal.ThreadExecutorMap$2.run(ThreadExecutorMap.java:74)
	io.netty.util.concurrent.FastThreadLocalRunnable.run(FastThreadLocalRunnable.java:30)
	java.lang.Thread.run(Thread.java:748)
#4:
	reactor.core.publisher.FluxPeek$PeekSubscriber.onNext(FluxPeek.java:177)
	reactor.core.publisher.FluxMap$MapSubscriber.onNext(FluxMap.java:114)
	reactor.netty.channel.FluxReceive.drainReceiver(FluxReceive.java:206)
	reactor.netty.channel.FluxReceive.onInboundNext(FluxReceive.java:322)
	reactor.netty.channel.ChannelOperations.onInboundNext(ChannelOperations.java:335)
	reactor.netty.http.server.HttpServerOperations.onInboundNext(HttpServerOperations.java:456)
	reactor.netty.channel.ChannelOperationsHandler.channelRead(ChannelOperationsHandler.java:91)
	io.netty.channel.AbstractChannelHandlerContext.invokeChannelRead(AbstractChannelHandlerContext.java:374)
	io.netty.channel.AbstractChannelHandlerContext.invokeChannelRead(AbstractChannelHandlerContext.java:360)
	io.netty.channel.AbstractChannelHandlerContext.fireChannelRead(AbstractChannelHandlerContext.java:352)
	reactor.netty.http.server.HttpTrafficHandler.channelRead(HttpTrafficHandler.java:190)
	io.netty.channel.AbstractChannelHandlerContext.invokeChannelRead(AbstractChannelHandlerContext.java:374)
	io.netty.channel.AbstractChannelHandlerContext.invokeChannelRead(AbstractChannelHandlerContext.java:360)
	io.netty.channel.AbstractChannelHandlerContext.fireChannelRead(AbstractChannelHandlerContext.java:352)
	io.netty.channel.CombinedChannelDuplexHandler$DelegatingChannelHandlerContext.fireChannelRead(CombinedChannelDuplexHandler.java:438)
	io.netty.handler.codec.ByteToMessageDecoder.fireChannelRead(ByteToMessageDecoder.java:323)
	io.netty.handler.codec.ByteToMessageDecoder.fireChannelRead(ByteToMessageDecoder.java:310)
	io.netty.handler.codec.ByteToMessageDecoder.callDecode(ByteToMessageDecoder.java:426)
	io.netty.handler.codec.ByteToMessageDecoder.channelRead(ByteToMessageDecoder.java:278)
	io.netty.channel.CombinedChannelDuplexHandler.channelRead(CombinedChannelDuplexHandler.java:253)
	io.netty.channel.AbstractChannelHandlerContext.invokeChannelRead(AbstractChannelHandlerContext.java:374)
	io.netty.channel.AbstractChannelHandlerContext.invokeChannelRead(AbstractChannelHandlerContext.java:360)
	io.netty.channel.AbstractChannelHandlerContext.fireChannelRead(AbstractChannelHandlerContext.java:352)
	io.netty.channel.DefaultChannelPipeline$HeadContext.channelRead(DefaultChannelPipeline.java:1408)
	io.netty.channel.AbstractChannelHandlerContext.invokeChannelRead(AbstractChannelHandlerContext.java:374)
	io.netty.channel.AbstractChannelHandlerContext.invokeChannelRead(AbstractChannelHandlerContext.java:360)
	io.netty.channel.DefaultChannelPipeline.fireChannelRead(DefaultChannelPipeline.java:930)
	io.netty.channel.nio.AbstractNioByteChannel$NioByteUnsafe.read(AbstractNioByteChannel.java:163)
	io.netty.channel.nio.NioEventLoop.processSelectedKey(NioEventLoop.java:682)
	io.netty.channel.nio.NioEventLoop.processSelectedKeysOptimized(NioEventLoop.java:617)
	io.netty.channel.nio.NioEventLoop.processSelectedKeys(NioEventLoop.java:534)
	io.netty.channel.nio.NioEventLoop.run(NioEventLoop.java:496)
	io.netty.util.concurrent.SingleThreadEventExecutor$5.run(SingleThreadEventExecutor.java:906)
	io.netty.util.internal.ThreadExecutorMap$2.run(ThreadExecutorMap.java:74)
	io.netty.util.concurrent.FastThreadLocalRunnable.run(FastThreadLocalRunnable.java:30)
	java.lang.Thread.run(Thread.java:748)
#5:
	Hint: 'reactor.right.reactiveBridge' will handle the message from this point.
	io.netty.handler.codec.http.DefaultHttpContent.touch(DefaultHttpContent.java:88)
	io.netty.handler.codec.http.DefaultHttpContent.touch(DefaultHttpContent.java:24)
	io.netty.channel.DefaultChannelPipeline.touch(DefaultChannelPipeline.java:116)
	io.netty.channel.AbstractChannelHandlerContext.invokeChannelRead(AbstractChannelHandlerContext.java:357)
	io.netty.channel.AbstractChannelHandlerContext.fireChannelRead(AbstractChannelHandlerContext.java:352)
	reactor.netty.http.server.HttpTrafficHandler.channelRead(HttpTrafficHandler.java:190)
	io.netty.channel.AbstractChannelHandlerContext.invokeChannelRead(AbstractChannelHandlerContext.java:374)
	io.netty.channel.AbstractChannelHandlerContext.invokeChannelRead(AbstractChannelHandlerContext.java:360)
	io.netty.channel.AbstractChannelHandlerContext.fireChannelRead(AbstractChannelHandlerContext.java:352)
	io.netty.channel.CombinedChannelDuplexHandler$DelegatingChannelHandlerContext.fireChannelRead(CombinedChannelDuplexHandler.java:438)
	io.netty.handler.codec.ByteToMessageDecoder.fireChannelRead(ByteToMessageDecoder.java:323)
	io.netty.handler.codec.ByteToMessageDecoder.fireChannelRead(ByteToMessageDecoder.java:310)
	io.netty.handler.codec.ByteToMessageDecoder.callDecode(ByteToMessageDecoder.java:426)
	io.netty.handler.codec.ByteToMessageDecoder.channelRead(ByteToMessageDecoder.java:278)
	io.netty.channel.CombinedChannelDuplexHandler.channelRead(CombinedChannelDuplexHandler.java:253)
	io.netty.channel.AbstractChannelHandlerContext.invokeChannelRead(AbstractChannelHandlerContext.java:374)
	io.netty.channel.AbstractChannelHandlerContext.invokeChannelRead(AbstractChannelHandlerContext.java:360)
	io.netty.channel.AbstractChannelHandlerContext.fireChannelRead(AbstractChannelHandlerContext.java:352)
	io.netty.channel.DefaultChannelPipeline$HeadContext.channelRead(DefaultChannelPipeline.java:1408)
	io.netty.channel.AbstractChannelHandlerContext.invokeChannelRead(AbstractChannelHandlerContext.java:374)
	io.netty.channel.AbstractChannelHandlerContext.invokeChannelRead(AbstractChannelHandlerContext.java:360)
	io.netty.channel.DefaultChannelPipeline.fireChannelRead(DefaultChannelPipeline.java:930)
	io.netty.channel.nio.AbstractNioByteChannel$NioByteUnsafe.read(AbstractNioByteChannel.java:163)
	io.netty.channel.nio.NioEventLoop.processSelectedKey(NioEventLoop.java:682)
	io.netty.channel.nio.NioEventLoop.processSelectedKeysOptimized(NioEventLoop.java:617)
	io.netty.channel.nio.NioEventLoop.processSelectedKeys(NioEventLoop.java:534)
	io.netty.channel.nio.NioEventLoop.run(NioEventLoop.java:496)
	io.netty.util.concurrent.SingleThreadEventExecutor$5.run(SingleThreadEventExecutor.java:906)
	io.netty.util.internal.ThreadExecutorMap$2.run(ThreadExecutorMap.java:74)
	io.netty.util.concurrent.FastThreadLocalRunnable.run(FastThreadLocalRunnable.java:30)
	java.lang.Thread.run(Thread.java:748)
#6:
	Hint: 'reactor.left.httpTrafficHandler' will handle the message from this point.
	io.netty.handler.codec.http.DefaultHttpContent.touch(DefaultHttpContent.java:88)
	io.netty.handler.codec.http.DefaultHttpContent.touch(DefaultHttpContent.java:24)
	io.netty.channel.DefaultChannelPipeline.touch(DefaultChannelPipeline.java:116)
	io.netty.channel.AbstractChannelHandlerContext.invokeChannelRead(AbstractChannelHandlerContext.java:357)
	io.netty.channel.AbstractChannelHandlerContext.fireChannelRead(AbstractChannelHandlerContext.java:352)
	io.netty.channel.CombinedChannelDuplexHandler$DelegatingChannelHandlerContext.fireChannelRead(CombinedChannelDuplexHandler.java:438)
	io.netty.handler.codec.ByteToMessageDecoder.fireChannelRead(ByteToMessageDecoder.java:323)
	io.netty.handler.codec.ByteToMessageDecoder.fireChannelRead(ByteToMessageDecoder.java:310)
	io.netty.handler.codec.ByteToMessageDecoder.callDecode(ByteToMessageDecoder.java:426)
	io.netty.handler.codec.ByteToMessageDecoder.channelRead(ByteToMessageDecoder.java:278)
	io.netty.channel.CombinedChannelDuplexHandler.channelRead(CombinedChannelDuplexHandler.java:253)
	io.netty.channel.AbstractChannelHandlerContext.invokeChannelRead(AbstractChannelHandlerContext.java:374)
	io.netty.channel.AbstractChannelHandlerContext.invokeChannelRead(AbstractChannelHandlerContext.java:360)
	io.netty.channel.AbstractChannelHandlerContext.fireChannelRead(AbstractChannelHandlerContext.java:352)
	io.netty.channel.DefaultChannelPipeline$HeadContext.channelRead(DefaultChannelPipeline.java:1408)
	io.netty.channel.AbstractChannelHandlerContext.invokeChannelRead(AbstractChannelHandlerContext.java:374)
	io.netty.channel.AbstractChannelHandlerContext.invokeChannelRead(AbstractChannelHandlerContext.java:360)
	io.netty.channel.DefaultChannelPipeline.fireChannelRead(DefaultChannelPipeline.java:930)
	io.netty.channel.nio.AbstractNioByteChannel$NioByteUnsafe.read(AbstractNioByteChannel.java:163)
	io.netty.channel.nio.NioEventLoop.processSelectedKey(NioEventLoop.java:682)
	io.netty.channel.nio.NioEventLoop.processSelectedKeysOptimized(NioEventLoop.java:617)
	io.netty.channel.nio.NioEventLoop.processSelectedKeys(NioEventLoop.java:534)
	io.netty.channel.nio.NioEventLoop.run(NioEventLoop.java:496)
	io.netty.util.concurrent.SingleThreadEventExecutor$5.run(SingleThreadEventExecutor.java:906)
	io.netty.util.internal.ThreadExecutorMap$2.run(ThreadExecutorMap.java:74)
	io.netty.util.concurrent.FastThreadLocalRunnable.run(FastThreadLocalRunnable.java:30)
	java.lang.Thread.run(Thread.java:748)
Created at:
	io.netty.buffer.SimpleLeakAwareByteBuf.unwrappedDerived(SimpleLeakAwareByteBuf.java:143)
	io.netty.buffer.SimpleLeakAwareByteBuf.readRetainedSlice(SimpleLeakAwareByteBuf.java:67)
	io.netty.buffer.AdvancedLeakAwareByteBuf.readRetainedSlice(AdvancedLeakAwareByteBuf.java:107)
	io.netty.handler.codec.http.HttpObjectDecoder.decode(HttpObjectDecoder.java:336)
	io.netty.handler.codec.http.HttpServerCodec$HttpServerRequestDecoder.decode(HttpServerCodec.java:103)
	io.netty.handler.codec.ByteToMessageDecoder.decodeRemovalReentryProtection(ByteToMessageDecoder.java:502)
	io.netty.handler.codec.ByteToMessageDecoder.callDecode(ByteToMessageDecoder.java:441)
	io.netty.handler.codec.ByteToMessageDecoder.channelRead(ByteToMessageDecoder.java:278)
	io.netty.channel.CombinedChannelDuplexHandler.channelRead(CombinedChannelDuplexHandler.java:253)
	io.netty.channel.AbstractChannelHandlerContext.invokeChannelRead(AbstractChannelHandlerContext.java:374)
	io.netty.channel.AbstractChannelHandlerContext.invokeChannelRead(AbstractChannelHandlerContext.java:360)
	io.netty.channel.AbstractChannelHandlerContext.fireChannelRead(AbstractChannelHandlerContext.java:352)
	io.netty.channel.DefaultChannelPipeline$HeadContext.channelRead(DefaultChannelPipeline.java:1408)
	io.netty.channel.AbstractChannelHandlerContext.invokeChannelRead(AbstractChannelHandlerContext.java:374)
	io.netty.channel.AbstractChannelHandlerContext.invokeChannelRead(AbstractChannelHandlerContext.java:360)
	io.netty.channel.DefaultChannelPipeline.fireChannelRead(DefaultChannelPipeline.java:930)
	io.netty.channel.nio.AbstractNioByteChannel$NioByteUnsafe.read(AbstractNioByteChannel.java:163)
	io.netty.channel.nio.NioEventLoop.processSelectedKey(NioEventLoop.java:682)
	io.netty.channel.nio.NioEventLoop.processSelectedKeysOptimized(NioEventLoop.java:617)
	io.netty.channel.nio.NioEventLoop.processSelectedKeys(NioEventLoop.java:534)
	io.netty.channel.nio.NioEventLoop.run(NioEventLoop.java:496)
	io.netty.util.concurrent.SingleThreadEventExecutor$5.run(SingleThreadEventExecutor.java:906)
	io.netty.util.internal.ThreadExecutorMap$2.run(ThreadExecutorMap.java:74)
	io.netty.util.concurrent.FastThreadLocalRunnable.run(FastThreadLocalRunnable.java:30)
	java.lang.Thread.run(Thread.java:748)
: 4 leak records were discarded because they were duplicates
: 243 leak records were discarded because the leak record count is targeted to 4. Use system property io.netty.leakDetection.targetRecords to increase the limit.
22:43:01.568 [reactor-http-nio-8] ERROR i.n.u.ResourceLeakDetector - LEAK: ByteBuf.release() was not called before it's garbage-collected. See http://netty.io/wiki/reference-counted-objects.html for more information.
Recent access records: 
#1:
	io.netty.buffer.AdvancedLeakAwareByteBuf.order(AdvancedLeakAwareByteBuf.java:70)
	io.netty.buffer.CompositeByteBuf.newComponent(CompositeByteBuf.java:318)
	io.netty.buffer.CompositeByteBuf.addComponent0(CompositeByteBuf.java:280)
	io.netty.buffer.CompositeByteBuf.addComponent(CompositeByteBuf.java:265)
	io.netty.buffer.CompositeByteBuf.addComponent(CompositeByteBuf.java:222)
	io.netty.buffer.WrappedCompositeByteBuf.addComponent(WrappedCompositeByteBuf.java:529)
	io.netty.buffer.AdvancedLeakAwareCompositeByteBuf.addComponent(AdvancedLeakAwareCompositeByteBuf.java:921)
	org.springframework.core.io.buffer.NettyDataBufferFactory.join(NettyDataBufferFactory.java:111)
	org.springframework.core.io.buffer.DataBufferUtils.joinAndStrip(DataBufferUtils.java:686)
	org.springframework.core.io.buffer.DataBufferUtils.lambda$split$20(DataBufferUtils.java:605)
	reactor.core.publisher.FluxMap$MapConditionalSubscriber.onNext(FluxMap.java:199)
	reactor.core.publisher.FluxBufferPredicate$BufferPredicateSubscriber.emit(FluxBufferPredicate.java:290)
	reactor.core.publisher.FluxBufferPredicate$BufferPredicateSubscriber.onNextNewBuffer(FluxBufferPredicate.java:257)
	reactor.core.publisher.FluxBufferPredicate$BufferPredicateSubscriber.tryOnNext(FluxBufferPredicate.java:211)
	reactor.core.publisher.FluxBufferPredicate$BufferPredicateSubscriber.onNext(FluxBufferPredicate.java:184)
	reactor.core.publisher.FluxFlatMap$FlatMapMain.drainLoop(FluxFlatMap.java:664)
	reactor.core.publisher.FluxFlatMap$FlatMapMain.drain(FluxFlatMap.java:540)
	reactor.core.publisher.FluxFlatMap$FlatMapInner.onSubscribe(FluxFlatMap.java:924)
	reactor.core.publisher.FluxIterable.subscribe(FluxIterable.java:139)
	reactor.core.publisher.FluxIterable.subscribe(FluxIterable.java:63)
	reactor.core.publisher.Flux.subscribe(Flux.java:7922)
	reactor.core.publisher.FluxFlatMap$FlatMapMain.onNext(FluxFlatMap.java:389)
	reactor.core.publisher.FluxConcatMap$ConcatMapImmediate.innerNext(FluxConcatMap.java:275)
	reactor.core.publisher.FluxConcatMap$ConcatMapInner.onNext(FluxConcatMap.java:849)
	reactor.core.publisher.FluxConcatMap$WeakScalarSubscription.request(FluxConcatMap.java:470)
	reactor.core.publisher.Operators$MultiSubscriptionSubscriber.set(Operators.java:1939)
	reactor.core.publisher.FluxConcatMap$ConcatMapImmediate.drain(FluxConcatMap.java:436)
	reactor.core.publisher.FluxConcatMap$ConcatMapImmediate.onNext(FluxConcatMap.java:244)
	reactor.core.publisher.FluxMap$MapSubscriber.onNext(FluxMap.java:114)
	reactor.core.publisher.FluxPeek$PeekSubscriber.onNext(FluxPeek.java:192)
	reactor.core.publisher.FluxMap$MapSubscriber.onNext(FluxMap.java:114)
	reactor.netty.channel.FluxReceive.drainReceiver(FluxReceive.java:206)
	reactor.netty.channel.FluxReceive.onInboundNext(FluxReceive.java:322)
	reactor.netty.channel.ChannelOperations.onInboundNext(ChannelOperations.java:335)
	reactor.netty.http.server.HttpServerOperations.onInboundNext(HttpServerOperations.java:456)
	reactor.netty.channel.ChannelOperationsHandler.channelRead(ChannelOperationsHandler.java:91)
	io.netty.channel.AbstractChannelHandlerContext.invokeChannelRead(AbstractChannelHandlerContext.java:374)
	io.netty.channel.AbstractChannelHandlerContext.invokeChannelRead(AbstractChannelHandlerContext.java:360)
	io.netty.channel.AbstractChannelHandlerContext.fireChannelRead(AbstractChannelHandlerContext.java:352)
	reactor.netty.http.server.HttpTrafficHandler.channelRead(HttpTrafficHandler.java:190)
	io.netty.channel.AbstractChannelHandlerContext.invokeChannelRead(AbstractChannelHandlerContext.java:374)
	io.netty.channel.AbstractChannelHandlerContext.invokeChannelRead(AbstractChannelHandlerContext.java:360)
	io.netty.channel.AbstractChannelHandlerContext.fireChannelRead(AbstractChannelHandlerContext.java:352)
	io.netty.channel.CombinedChannelDuplexHandler$DelegatingChannelHandlerContext.fireChannelRead(CombinedChannelDuplexHandler.java:438)
	io.netty.handler.codec.ByteToMessageDecoder.fireChannelRead(ByteToMessageDecoder.java:323)
	io.netty.handler.codec.ByteToMessageDecoder.fireChannelRead(ByteToMessageDecoder.java:310)
	io.netty.handler.codec.ByteToMessageDecoder.callDecode(ByteToMessageDecoder.java:426)
	io.netty.handler.codec.ByteToMessageDecoder.channelRead(ByteToMessageDecoder.java:278)
	io.netty.channel.CombinedChannelDuplexHandler.channelRead(CombinedChannelDuplexHandler.java:253)
	io.netty.channel.AbstractChannelHandlerContext.invokeChannelRead(AbstractChannelHandlerContext.java:374)
	io.netty.channel.AbstractChannelHandlerContext.invokeChannelRead(AbstractChannelHandlerContext.java:360)
	io.netty.channel.AbstractChannelHandlerContext.fireChannelRead(AbstractChannelHandlerContext.java:352)
	io.netty.channel.DefaultChannelPipeline$HeadContext.channelRead(DefaultChannelPipeline.java:1408)
	io.netty.channel.AbstractChannelHandlerContext.invokeChannelRead(AbstractChannelHandlerContext.java:374)
	io.netty.channel.AbstractChannelHandlerContext.invokeChannelRead(AbstractChannelHandlerContext.java:360)
	io.netty.channel.DefaultChannelPipeline.fireChannelRead(DefaultChannelPipeline.java:930)
	io.netty.channel.nio.AbstractNioByteChannel$NioByteUnsafe.read(AbstractNioByteChannel.java:163)
	io.netty.channel.nio.NioEventLoop.processSelectedKey(NioEventLoop.java:682)
	io.netty.channel.nio.NioEventLoop.processSelectedKeysOptimized(NioEventLoop.java:617)
	io.netty.channel.nio.NioEventLoop.processSelectedKeys(NioEventLoop.java:534)
	io.netty.channel.nio.NioEventLoop.run(NioEventLoop.java:496)
	io.netty.util.concurrent.SingleThreadEventExecutor$5.run(SingleThreadEventExecutor.java:906)
	io.netty.util.internal.ThreadExecutorMap$2.run(ThreadExecutorMap.java:74)
	io.netty.util.concurrent.FastThreadLocalRunnable.run(FastThreadLocalRunnable.java:30)
	java.lang.Thread.run(Thread.java:748)
#2:
	io.netty.buffer.AdvancedLeakAwareByteBuf.getByte(AdvancedLeakAwareByteBuf.java:154)
	org.springframework.core.io.buffer.NettyDataBuffer.getByte(NettyDataBuffer.java:132)
	org.springframework.core.io.buffer.DataBufferUtils$KnuthMorrisPrattMatcher.match(DataBufferUtils.java:1005)
	org.springframework.core.io.buffer.DataBufferUtils.endFrameAfterDelimiter(DataBufferUtils.java:634)
	org.springframework.core.io.buffer.DataBufferUtils.lambda$split$18(DataBufferUtils.java:603)
	reactor.core.publisher.FluxFlatMap$FlatMapMain.onNext(FluxFlatMap.java:350)
	reactor.core.publisher.FluxConcatMap$ConcatMapImmediate.innerNext(FluxConcatMap.java:275)
	reactor.core.publisher.FluxConcatMap$ConcatMapInner.onNext(FluxConcatMap.java:849)
	reactor.core.publisher.FluxConcatMap$WeakScalarSubscription.request(FluxConcatMap.java:470)
	reactor.core.publisher.Operators$MultiSubscriptionSubscriber.set(Operators.java:1939)
	reactor.core.publisher.FluxConcatMap$ConcatMapImmediate.drain(FluxConcatMap.java:436)
	reactor.core.publisher.FluxConcatMap$ConcatMapImmediate.onNext(FluxConcatMap.java:244)
	reactor.core.publisher.FluxMap$MapSubscriber.onNext(FluxMap.java:114)
	reactor.core.publisher.FluxPeek$PeekSubscriber.onNext(FluxPeek.java:192)
	reactor.core.publisher.FluxMap$MapSubscriber.onNext(FluxMap.java:114)
	reactor.netty.channel.FluxReceive.drainReceiver(FluxReceive.java:206)
	reactor.netty.channel.FluxReceive.onInboundNext(FluxReceive.java:322)
	reactor.netty.channel.ChannelOperations.onInboundNext(ChannelOperations.java:335)
	reactor.netty.http.server.HttpServerOperations.onInboundNext(HttpServerOperations.java:456)
	reactor.netty.channel.ChannelOperationsHandler.channelRead(ChannelOperationsHandler.java:91)
	io.netty.channel.AbstractChannelHandlerContext.invokeChannelRead(AbstractChannelHandlerContext.java:374)
	io.netty.channel.AbstractChannelHandlerContext.invokeChannelRead(AbstractChannelHandlerContext.java:360)
	io.netty.channel.AbstractChannelHandlerContext.fireChannelRead(AbstractChannelHandlerContext.java:352)
	reactor.netty.http.server.HttpTrafficHandler.channelRead(HttpTrafficHandler.java:190)
	io.netty.channel.AbstractChannelHandlerContext.invokeChannelRead(AbstractChannelHandlerContext.java:374)
	io.netty.channel.AbstractChannelHandlerContext.invokeChannelRead(AbstractChannelHandlerContext.java:360)
	io.netty.channel.AbstractChannelHandlerContext.fireChannelRead(AbstractChannelHandlerContext.java:352)
	io.netty.channel.CombinedChannelDuplexHandler$DelegatingChannelHandlerContext.fireChannelRead(CombinedChannelDuplexHandler.java:438)
	io.netty.handler.codec.ByteToMessageDecoder.fireChannelRead(ByteToMessageDecoder.java:323)
	io.netty.handler.codec.ByteToMessageDecoder.channelRead(ByteToMessageDecoder.java:297)
	io.netty.channel.CombinedChannelDuplexHandler.channelRead(CombinedChannelDuplexHandler.java:253)
	io.netty.channel.AbstractChannelHandlerContext.invokeChannelRead(AbstractChannelHandlerContext.java:374)
	io.netty.channel.AbstractChannelHandlerContext.invokeChannelRead(AbstractChannelHandlerContext.java:360)
	io.netty.channel.AbstractChannelHandlerContext.fireChannelRead(AbstractChannelHandlerContext.java:352)
	io.netty.channel.DefaultChannelPipeline$HeadContext.channelRead(DefaultChannelPipeline.java:1408)
	io.netty.channel.AbstractChannelHandlerContext.invokeChannelRead(AbstractChannelHandlerContext.java:374)
	io.netty.channel.AbstractChannelHandlerContext.invokeChannelRead(AbstractChannelHandlerContext.java:360)
	io.netty.channel.DefaultChannelPipeline.fireChannelRead(DefaultChannelPipeline.java:930)
	io.netty.channel.nio.AbstractNioByteChannel$NioByteUnsafe.read(AbstractNioByteChannel.java:163)
	io.netty.channel.nio.NioEventLoop.processSelectedKey(NioEventLoop.java:682)
	io.netty.channel.nio.NioEventLoop.processSelectedKeysOptimized(NioEventLoop.java:617)
	io.netty.channel.nio.NioEventLoop.processSelectedKeys(NioEventLoop.java:534)
	io.netty.channel.nio.NioEventLoop.run(NioEventLoop.java:496)
	io.netty.util.concurrent.SingleThreadEventExecutor$5.run(SingleThreadEventExecutor.java:906)
	io.netty.util.internal.ThreadExecutorMap$2.run(ThreadExecutorMap.java:74)
	io.netty.util.concurrent.FastThreadLocalRunnable.run(FastThreadLocalRunnable.java:30)
	java.lang.Thread.run(Thread.java:748)
#3:
	org.springframework.core.io.buffer.NettyDataBufferFactory.wrap(NettyDataBufferFactory.java:93)
	reactor.core.publisher.FluxMap$MapSubscriber.onNext(FluxMap.java:100)
	reactor.core.publisher.FluxPeek$PeekSubscriber.onNext(FluxPeek.java:192)
	reactor.core.publisher.FluxMap$MapSubscriber.onNext(FluxMap.java:114)
	reactor.netty.channel.FluxReceive.drainReceiver(FluxReceive.java:206)
	reactor.netty.channel.FluxReceive.onInboundNext(FluxReceive.java:322)
	reactor.netty.channel.ChannelOperations.onInboundNext(ChannelOperations.java:335)
	reactor.netty.http.server.HttpServerOperations.onInboundNext(HttpServerOperations.java:456)
	reactor.netty.channel.ChannelOperationsHandler.channelRead(ChannelOperationsHandler.java:91)
	io.netty.channel.AbstractChannelHandlerContext.invokeChannelRead(AbstractChannelHandlerContext.java:374)
	io.netty.channel.AbstractChannelHandlerContext.invokeChannelRead(AbstractChannelHandlerContext.java:360)
	io.netty.channel.AbstractChannelHandlerContext.fireChannelRead(AbstractChannelHandlerContext.java:352)
	reactor.netty.http.server.HttpTrafficHandler.channelRead(HttpTrafficHandler.java:190)
	io.netty.channel.AbstractChannelHandlerContext.invokeChannelRead(AbstractChannelHandlerContext.java:374)
	io.netty.channel.AbstractChannelHandlerContext.invokeChannelRead(AbstractChannelHandlerContext.java:360)
	io.netty.channel.AbstractChannelHandlerContext.fireChannelRead(AbstractChannelHandlerContext.java:352)
	io.netty.channel.CombinedChannelDuplexHandler$DelegatingChannelHandlerContext.fireChannelRead(CombinedChannelDuplexHandler.java:438)
	io.netty.handler.codec.ByteToMessageDecoder.fireChannelRead(ByteToMessageDecoder.java:323)
	io.netty.handler.codec.ByteToMessageDecoder.channelRead(ByteToMessageDecoder.java:297)
	io.netty.channel.CombinedChannelDuplexHandler.channelRead(CombinedChannelDuplexHandler.java:253)
	io.netty.channel.AbstractChannelHandlerContext.invokeChannelRead(AbstractChannelHandlerContext.java:374)
	io.netty.channel.AbstractChannelHandlerContext.invokeChannelRead(AbstractChannelHandlerContext.java:360)
	io.netty.channel.AbstractChannelHandlerContext.fireChannelRead(AbstractChannelHandlerContext.java:352)
	io.netty.channel.DefaultChannelPipeline$HeadContext.channelRead(DefaultChannelPipeline.java:1408)
	io.netty.channel.AbstractChannelHandlerContext.invokeChannelRead(AbstractChannelHandlerContext.java:374)
	io.netty.channel.AbstractChannelHandlerContext.invokeChannelRead(AbstractChannelHandlerContext.java:360)
	io.netty.channel.DefaultChannelPipeline.fireChannelRead(DefaultChannelPipeline.java:930)
	io.netty.channel.nio.AbstractNioByteChannel$NioByteUnsafe.read(AbstractNioByteChannel.java:163)
	io.netty.channel.nio.NioEventLoop.processSelectedKey(NioEventLoop.java:682)
	io.netty.channel.nio.NioEventLoop.processSelectedKeysOptimized(NioEventLoop.java:617)
	io.netty.channel.nio.NioEventLoop.processSelectedKeys(NioEventLoop.java:534)
	io.netty.channel.nio.NioEventLoop.run(NioEventLoop.java:496)
	io.netty.util.concurrent.SingleThreadEventExecutor$5.run(SingleThreadEventExecutor.java:906)
	io.netty.util.internal.ThreadExecutorMap$2.run(ThreadExecutorMap.java:74)
	io.netty.util.concurrent.FastThreadLocalRunnable.run(FastThreadLocalRunnable.java:30)
	java.lang.Thread.run(Thread.java:748)
#4:
	reactor.core.publisher.FluxPeek$PeekSubscriber.onNext(FluxPeek.java:177)
	reactor.core.publisher.FluxMap$MapSubscriber.onNext(FluxMap.java:114)
	reactor.netty.channel.FluxReceive.drainReceiver(FluxReceive.java:206)
	reactor.netty.channel.FluxReceive.onInboundNext(FluxReceive.java:322)
	reactor.netty.channel.ChannelOperations.onInboundNext(ChannelOperations.java:335)
	reactor.netty.http.server.HttpServerOperations.onInboundNext(HttpServerOperations.java:456)
	reactor.netty.channel.ChannelOperationsHandler.channelRead(ChannelOperationsHandler.java:91)
	io.netty.channel.AbstractChannelHandlerContext.invokeChannelRead(AbstractChannelHandlerContext.java:374)
	io.netty.channel.AbstractChannelHandlerContext.invokeChannelRead(AbstractChannelHandlerContext.java:360)
	io.netty.channel.AbstractChannelHandlerContext.fireChannelRead(AbstractChannelHandlerContext.java:352)
	reactor.netty.http.server.HttpTrafficHandler.channelRead(HttpTrafficHandler.java:190)
	io.netty.channel.AbstractChannelHandlerContext.invokeChannelRead(AbstractChannelHandlerContext.java:374)
	io.netty.channel.AbstractChannelHandlerContext.invokeChannelRead(AbstractChannelHandlerContext.java:360)
	io.netty.channel.AbstractChannelHandlerContext.fireChannelRead(AbstractChannelHandlerContext.java:352)
	io.netty.channel.CombinedChannelDuplexHandler$DelegatingChannelHandlerContext.fireChannelRead(CombinedChannelDuplexHandler.java:438)
	io.netty.handler.codec.ByteToMessageDecoder.fireChannelRead(ByteToMessageDecoder.java:323)
	io.netty.handler.codec.ByteToMessageDecoder.channelRead(ByteToMessageDecoder.java:297)
	io.netty.channel.CombinedChannelDuplexHandler.channelRead(CombinedChannelDuplexHandler.java:253)
	io.netty.channel.AbstractChannelHandlerContext.invokeChannelRead(AbstractChannelHandlerContext.java:374)
	io.netty.channel.AbstractChannelHandlerContext.invokeChannelRead(AbstractChannelHandlerContext.java:360)
	io.netty.channel.AbstractChannelHandlerContext.fireChannelRead(AbstractChannelHandlerContext.java:352)
	io.netty.channel.DefaultChannelPipeline$HeadContext.channelRead(DefaultChannelPipeline.java:1408)
	io.netty.channel.AbstractChannelHandlerContext.invokeChannelRead(AbstractChannelHandlerContext.java:374)
	io.netty.channel.AbstractChannelHandlerContext.invokeChannelRead(AbstractChannelHandlerContext.java:360)
	io.netty.channel.DefaultChannelPipeline.fireChannelRead(DefaultChannelPipeline.java:930)
	io.netty.channel.nio.AbstractNioByteChannel$NioByteUnsafe.read(AbstractNioByteChannel.java:163)
	io.netty.channel.nio.NioEventLoop.processSelectedKey(NioEventLoop.java:682)
	io.netty.channel.nio.NioEventLoop.processSelectedKeysOptimized(NioEventLoop.java:617)
	io.netty.channel.nio.NioEventLoop.processSelectedKeys(NioEventLoop.java:534)
	io.netty.channel.nio.NioEventLoop.run(NioEventLoop.java:496)
	io.netty.util.concurrent.SingleThreadEventExecutor$5.run(SingleThreadEventExecutor.java:906)
	io.netty.util.internal.ThreadExecutorMap$2.run(ThreadExecutorMap.java:74)
	io.netty.util.concurrent.FastThreadLocalRunnable.run(FastThreadLocalRunnable.java:30)
	java.lang.Thread.run(Thread.java:748)
#5:
	Hint: 'reactor.right.reactiveBridge' will handle the message from this point.
	io.netty.handler.codec.http.DefaultHttpContent.touch(DefaultHttpContent.java:88)
	io.netty.handler.codec.http.DefaultHttpContent.touch(DefaultHttpContent.java:24)
	io.netty.channel.DefaultChannelPipeline.touch(DefaultChannelPipeline.java:116)
	io.netty.channel.AbstractChannelHandlerContext.invokeChannelRead(AbstractChannelHandlerContext.java:357)
	io.netty.channel.AbstractChannelHandlerContext.fireChannelRead(AbstractChannelHandlerContext.java:352)
	reactor.netty.http.server.HttpTrafficHandler.channelRead(HttpTrafficHandler.java:190)
	io.netty.channel.AbstractChannelHandlerContext.invokeChannelRead(AbstractChannelHandlerContext.java:374)
	io.netty.channel.AbstractChannelHandlerContext.invokeChannelRead(AbstractChannelHandlerContext.java:360)
	io.netty.channel.AbstractChannelHandlerContext.fireChannelRead(AbstractChannelHandlerContext.java:352)
	io.netty.channel.CombinedChannelDuplexHandler$DelegatingChannelHandlerContext.fireChannelRead(CombinedChannelDuplexHandler.java:438)
	io.netty.handler.codec.ByteToMessageDecoder.fireChannelRead(ByteToMessageDecoder.java:323)
	io.netty.handler.codec.ByteToMessageDecoder.channelRead(ByteToMessageDecoder.java:297)
	io.netty.channel.CombinedChannelDuplexHandler.channelRead(CombinedChannelDuplexHandler.java:253)
	io.netty.channel.AbstractChannelHandlerContext.invokeChannelRead(AbstractChannelHandlerContext.java:374)
	io.netty.channel.AbstractChannelHandlerContext.invokeChannelRead(AbstractChannelHandlerContext.java:360)
	io.netty.channel.AbstractChannelHandlerContext.fireChannelRead(AbstractChannelHandlerContext.java:352)
	io.netty.channel.DefaultChannelPipeline$HeadContext.channelRead(DefaultChannelPipeline.java:1408)
	io.netty.channel.AbstractChannelHandlerContext.invokeChannelRead(AbstractChannelHandlerContext.java:374)
	io.netty.channel.AbstractChannelHandlerContext.invokeChannelRead(AbstractChannelHandlerContext.java:360)
	io.netty.channel.DefaultChannelPipeline.fireChannelRead(DefaultChannelPipeline.java:930)
	io.netty.channel.nio.AbstractNioByteChannel$NioByteUnsafe.read(AbstractNioByteChannel.java:163)
	io.netty.channel.nio.NioEventLoop.processSelectedKey(NioEventLoop.java:682)
	io.netty.channel.nio.NioEventLoop.processSelectedKeysOptimized(NioEventLoop.java:617)
	io.netty.channel.nio.NioEventLoop.processSelectedKeys(NioEventLoop.java:534)
	io.netty.channel.nio.NioEventLoop.run(NioEventLoop.java:496)
	io.netty.util.concurrent.SingleThreadEventExecutor$5.run(SingleThreadEventExecutor.java:906)
	io.netty.util.internal.ThreadExecutorMap$2.run(ThreadExecutorMap.java:74)
	io.netty.util.concurrent.FastThreadLocalRunnable.run(FastThreadLocalRunnable.java:30)
	java.lang.Thread.run(Thread.java:748)
#6:
	Hint: 'reactor.left.httpTrafficHandler' will handle the message from this point.
	io.netty.handler.codec.http.DefaultHttpContent.touch(DefaultHttpContent.java:88)
	io.netty.handler.codec.http.DefaultHttpContent.touch(DefaultHttpContent.java:24)
	io.netty.channel.DefaultChannelPipeline.touch(DefaultChannelPipeline.java:116)
	io.netty.channel.AbstractChannelHandlerContext.invokeChannelRead(AbstractChannelHandlerContext.java:357)
	io.netty.channel.AbstractChannelHandlerContext.fireChannelRead(AbstractChannelHandlerContext.java:352)
	io.netty.channel.CombinedChannelDuplexHandler$DelegatingChannelHandlerContext.fireChannelRead(CombinedChannelDuplexHandler.java:438)
	io.netty.handler.codec.ByteToMessageDecoder.fireChannelRead(ByteToMessageDecoder.java:323)
	io.netty.handler.codec.ByteToMessageDecoder.channelRead(ByteToMessageDecoder.java:297)
	io.netty.channel.CombinedChannelDuplexHandler.channelRead(CombinedChannelDuplexHandler.java:253)
	io.netty.channel.AbstractChannelHandlerContext.invokeChannelRead(AbstractChannelHandlerContext.java:374)
	io.netty.channel.AbstractChannelHandlerContext.invokeChannelRead(AbstractChannelHandlerContext.java:360)
	io.netty.channel.AbstractChannelHandlerContext.fireChannelRead(AbstractChannelHandlerContext.java:352)
	io.netty.channel.DefaultChannelPipeline$HeadContext.channelRead(DefaultChannelPipeline.java:1408)
	io.netty.channel.AbstractChannelHandlerContext.invokeChannelRead(AbstractChannelHandlerContext.java:374)
	io.netty.channel.AbstractChannelHandlerContext.invokeChannelRead(AbstractChannelHandlerContext.java:360)
	io.netty.channel.DefaultChannelPipeline.fireChannelRead(DefaultChannelPipeline.java:930)
	io.netty.channel.nio.AbstractNioByteChannel$NioByteUnsafe.read(AbstractNioByteChannel.java:163)
	io.netty.channel.nio.NioEventLoop.processSelectedKey(NioEventLoop.java:682)
	io.netty.channel.nio.NioEventLoop.processSelectedKeysOptimized(NioEventLoop.java:617)
	io.netty.channel.nio.NioEventLoop.processSelectedKeys(NioEventLoop.java:534)
	io.netty.channel.nio.NioEventLoop.run(NioEventLoop.java:496)
	io.netty.util.concurrent.SingleThreadEventExecutor$5.run(SingleThreadEventExecutor.java:906)
	io.netty.util.internal.ThreadExecutorMap$2.run(ThreadExecutorMap.java:74)
	io.netty.util.concurrent.FastThreadLocalRunnable.run(FastThreadLocalRunnable.java:30)
	java.lang.Thread.run(Thread.java:748)
Created at:
	io.netty.buffer.SimpleLeakAwareByteBuf.unwrappedDerived(SimpleLeakAwareByteBuf.java:143)
	io.netty.buffer.SimpleLeakAwareByteBuf.readRetainedSlice(SimpleLeakAwareByteBuf.java:67)
	io.netty.buffer.AdvancedLeakAwareByteBuf.readRetainedSlice(AdvancedLeakAwareByteBuf.java:107)
	io.netty.handler.codec.http.HttpObjectDecoder.decode(HttpObjectDecoder.java:336)
	io.netty.handler.codec.http.HttpServerCodec$HttpServerRequestDecoder.decode(HttpServerCodec.java:103)
	io.netty.handler.codec.ByteToMessageDecoder.decodeRemovalReentryProtection(ByteToMessageDecoder.java:502)
	io.netty.handler.codec.ByteToMessageDecoder.callDecode(ByteToMessageDecoder.java:441)
	io.netty.handler.codec.ByteToMessageDecoder.channelRead(ByteToMessageDecoder.java:278)
	io.netty.channel.CombinedChannelDuplexHandler.channelRead(CombinedChannelDuplexHandler.java:253)
	io.netty.channel.AbstractChannelHandlerContext.invokeChannelRead(AbstractChannelHandlerContext.java:374)
	io.netty.channel.AbstractChannelHandlerContext.invokeChannelRead(AbstractChannelHandlerContext.java:360)
	io.netty.channel.AbstractChannelHandlerContext.fireChannelRead(AbstractChannelHandlerContext.java:352)
	io.netty.channel.DefaultChannelPipeline$HeadContext.channelRead(DefaultChannelPipeline.java:1408)
	io.netty.channel.AbstractChannelHandlerContext.invokeChannelRead(AbstractChannelHandlerContext.java:374)
	io.netty.channel.AbstractChannelHandlerContext.invokeChannelRead(AbstractChannelHandlerContext.java:360)
	io.netty.channel.DefaultChannelPipeline.fireChannelRead(DefaultChannelPipeline.java:930)
	io.netty.channel.nio.AbstractNioByteChannel$NioByteUnsafe.read(AbstractNioByteChannel.java:163)
	io.netty.channel.nio.NioEventLoop.processSelectedKey(NioEventLoop.java:682)
	io.netty.channel.nio.NioEventLoop.processSelectedKeysOptimized(NioEventLoop.java:617)
	io.netty.channel.nio.NioEventLoop.processSelectedKeys(NioEventLoop.java:534)
	io.netty.channel.nio.NioEventLoop.run(NioEventLoop.java:496)
	io.netty.util.concurrent.SingleThreadEventExecutor$5.run(SingleThreadEventExecutor.java:906)
	io.netty.util.internal.ThreadExecutorMap$2.run(ThreadExecutorMap.java:74)
	io.netty.util.concurrent.FastThreadLocalRunnable.run(FastThreadLocalRunnable.java:30)
	java.lang.Thread.run(Thread.java:748)
: 6 leak records were discarded because they were duplicates
: 457 leak records were discarded because the leak record count is targeted to 4. Use system property io.netty.leakDetection.targetRecords to increase the limit.
22:43:01.569 [reactor-http-nio-8] ERROR i.n.u.ResourceLeakDetector - LEAK: ByteBuf.release() was not called before it's garbage-collected. See http://netty.io/wiki/reference-counted-objects.html for more information.
Recent access records: 
#1:
	io.netty.buffer.AdvancedLeakAwareByteBuf.order(AdvancedLeakAwareByteBuf.java:70)
	io.netty.buffer.CompositeByteBuf.newComponent(CompositeByteBuf.java:318)
	io.netty.buffer.CompositeByteBuf.addComponent0(CompositeByteBuf.java:280)
	io.netty.buffer.CompositeByteBuf.addComponent(CompositeByteBuf.java:265)
	io.netty.buffer.CompositeByteBuf.addComponent(CompositeByteBuf.java:222)
	io.netty.buffer.WrappedCompositeByteBuf.addComponent(WrappedCompositeByteBuf.java:529)
	io.netty.buffer.AdvancedLeakAwareCompositeByteBuf.addComponent(AdvancedLeakAwareCompositeByteBuf.java:921)
	org.springframework.core.io.buffer.NettyDataBufferFactory.join(NettyDataBufferFactory.java:111)
	org.springframework.core.io.buffer.DataBufferUtils.joinAndStrip(DataBufferUtils.java:686)
	org.springframework.core.io.buffer.DataBufferUtils.lambda$split$20(DataBufferUtils.java:605)
	reactor.core.publisher.FluxMap$MapConditionalSubscriber.onNext(FluxMap.java:199)
	reactor.core.publisher.FluxBufferPredicate$BufferPredicateSubscriber.emit(FluxBufferPredicate.java:290)
	reactor.core.publisher.FluxBufferPredicate$BufferPredicateSubscriber.onNextNewBuffer(FluxBufferPredicate.java:257)
	reactor.core.publisher.FluxBufferPredicate$BufferPredicateSubscriber.tryOnNext(FluxBufferPredicate.java:211)
	reactor.core.publisher.FluxBufferPredicate$BufferPredicateSubscriber.onNext(FluxBufferPredicate.java:184)
	reactor.core.publisher.FluxFlatMap$FlatMapMain.drainLoop(FluxFlatMap.java:664)
	reactor.core.publisher.FluxFlatMap$FlatMapMain.drain(FluxFlatMap.java:540)
	reactor.core.publisher.FluxFlatMap$FlatMapInner.onSubscribe(FluxFlatMap.java:924)
	reactor.core.publisher.FluxIterable.subscribe(FluxIterable.java:139)
	reactor.core.publisher.FluxIterable.subscribe(FluxIterable.java:63)
	reactor.core.publisher.Flux.subscribe(Flux.java:7922)
	reactor.core.publisher.FluxFlatMap$FlatMapMain.onNext(FluxFlatMap.java:389)
	reactor.core.publisher.FluxConcatMap$ConcatMapImmediate.innerNext(FluxConcatMap.java:275)
	reactor.core.publisher.FluxConcatMap$ConcatMapInner.onNext(FluxConcatMap.java:849)
	reactor.core.publisher.FluxConcatMap$WeakScalarSubscription.request(FluxConcatMap.java:470)
	reactor.core.publisher.Operators$MultiSubscriptionSubscriber.set(Operators.java:1939)
	reactor.core.publisher.FluxConcatMap$ConcatMapImmediate.drain(FluxConcatMap.java:436)
	reactor.core.publisher.FluxConcatMap$ConcatMapImmediate.onNext(FluxConcatMap.java:244)
	reactor.core.publisher.FluxMap$MapSubscriber.onNext(FluxMap.java:114)
	reactor.core.publisher.FluxPeek$PeekSubscriber.onNext(FluxPeek.java:192)
	reactor.core.publisher.FluxMap$MapSubscriber.onNext(FluxMap.java:114)
	reactor.netty.channel.FluxReceive.drainReceiver(FluxReceive.java:206)
	reactor.netty.channel.FluxReceive.onInboundNext(FluxReceive.java:322)
	reactor.netty.channel.ChannelOperations.onInboundNext(ChannelOperations.java:335)
	reactor.netty.http.server.HttpServerOperations.onInboundNext(HttpServerOperations.java:456)
	reactor.netty.channel.ChannelOperationsHandler.channelRead(ChannelOperationsHandler.java:91)
	io.netty.channel.AbstractChannelHandlerContext.invokeChannelRead(AbstractChannelHandlerContext.java:374)
	io.netty.channel.AbstractChannelHandlerContext.invokeChannelRead(AbstractChannelHandlerContext.java:360)
	io.netty.channel.AbstractChannelHandlerContext.fireChannelRead(AbstractChannelHandlerContext.java:352)
	reactor.netty.http.server.HttpTrafficHandler.channelRead(HttpTrafficHandler.java:190)
	io.netty.channel.AbstractChannelHandlerContext.invokeChannelRead(AbstractChannelHandlerContext.java:374)
	io.netty.channel.AbstractChannelHandlerContext.invokeChannelRead(AbstractChannelHandlerContext.java:360)
	io.netty.channel.AbstractChannelHandlerContext.fireChannelRead(AbstractChannelHandlerContext.java:352)
	io.netty.channel.CombinedChannelDuplexHandler$DelegatingChannelHandlerContext.fireChannelRead(CombinedChannelDuplexHandler.java:438)
	io.netty.handler.codec.ByteToMessageDecoder.fireChannelRead(ByteToMessageDecoder.java:323)
	io.netty.handler.codec.ByteToMessageDecoder.fireChannelRead(ByteToMessageDecoder.java:310)
	io.netty.handler.codec.ByteToMessageDecoder.callDecode(ByteToMessageDecoder.java:426)
	io.netty.handler.codec.ByteToMessageDecoder.channelRead(ByteToMessageDecoder.java:278)
	io.netty.channel.CombinedChannelDuplexHandler.channelRead(CombinedChannelDuplexHandler.java:253)
	io.netty.channel.AbstractChannelHandlerContext.invokeChannelRead(AbstractChannelHandlerContext.java:374)
	io.netty.channel.AbstractChannelHandlerContext.invokeChannelRead(AbstractChannelHandlerContext.java:360)
	io.netty.channel.AbstractChannelHandlerContext.fireChannelRead(AbstractChannelHandlerContext.java:352)
	io.netty.channel.DefaultChannelPipeline$HeadContext.channelRead(DefaultChannelPipeline.java:1408)
	io.netty.channel.AbstractChannelHandlerContext.invokeChannelRead(AbstractChannelHandlerContext.java:374)
	io.netty.channel.AbstractChannelHandlerContext.invokeChannelRead(AbstractChannelHandlerContext.java:360)
	io.netty.channel.DefaultChannelPipeline.fireChannelRead(DefaultChannelPipeline.java:930)
	io.netty.channel.nio.AbstractNioByteChannel$NioByteUnsafe.read(AbstractNioByteChannel.java:163)
	io.netty.channel.nio.NioEventLoop.processSelectedKey(NioEventLoop.java:682)
	io.netty.channel.nio.NioEventLoop.processSelectedKeysOptimized(NioEventLoop.java:617)
	io.netty.channel.nio.NioEventLoop.processSelectedKeys(NioEventLoop.java:534)
	io.netty.channel.nio.NioEventLoop.run(NioEventLoop.java:496)
	io.netty.util.concurrent.SingleThreadEventExecutor$5.run(SingleThreadEventExecutor.java:906)
	io.netty.util.internal.ThreadExecutorMap$2.run(ThreadExecutorMap.java:74)
	io.netty.util.concurrent.FastThreadLocalRunnable.run(FastThreadLocalRunnable.java:30)
	java.lang.Thread.run(Thread.java:748)
#2:
	io.netty.buffer.AdvancedLeakAwareByteBuf.getByte(AdvancedLeakAwareByteBuf.java:154)
	org.springframework.core.io.buffer.NettyDataBuffer.getByte(NettyDataBuffer.java:132)
	org.springframework.core.io.buffer.DataBufferUtils$KnuthMorrisPrattMatcher.match(DataBufferUtils.java:1005)
	org.springframework.core.io.buffer.DataBufferUtils.endFrameAfterDelimiter(DataBufferUtils.java:634)
	org.springframework.core.io.buffer.DataBufferUtils.lambda$split$18(DataBufferUtils.java:603)
	reactor.core.publisher.FluxFlatMap$FlatMapMain.onNext(FluxFlatMap.java:350)
	reactor.core.publisher.FluxConcatMap$ConcatMapImmediate.innerNext(FluxConcatMap.java:275)
	reactor.core.publisher.FluxConcatMap$ConcatMapInner.onNext(FluxConcatMap.java:849)
	reactor.core.publisher.FluxConcatMap$WeakScalarSubscription.request(FluxConcatMap.java:470)
	reactor.core.publisher.Operators$MultiSubscriptionSubscriber.set(Operators.java:1939)
	reactor.core.publisher.FluxConcatMap$ConcatMapImmediate.drain(FluxConcatMap.java:436)
	reactor.core.publisher.FluxConcatMap$ConcatMapImmediate.onNext(FluxConcatMap.java:244)
	reactor.core.publisher.FluxMap$MapSubscriber.onNext(FluxMap.java:114)
	reactor.core.publisher.FluxPeek$PeekSubscriber.onNext(FluxPeek.java:192)
	reactor.core.publisher.FluxMap$MapSubscriber.onNext(FluxMap.java:114)
	reactor.netty.channel.FluxReceive.drainReceiver(FluxReceive.java:206)
	reactor.netty.channel.FluxReceive.onInboundNext(FluxReceive.java:322)
	reactor.netty.channel.ChannelOperations.onInboundNext(ChannelOperations.java:335)
	reactor.netty.http.server.HttpServerOperations.onInboundNext(HttpServerOperations.java:456)
	reactor.netty.channel.ChannelOperationsHandler.channelRead(ChannelOperationsHandler.java:91)
	io.netty.channel.AbstractChannelHandlerContext.invokeChannelRead(AbstractChannelHandlerContext.java:374)
	io.netty.channel.AbstractChannelHandlerContext.invokeChannelRead(AbstractChannelHandlerContext.java:360)
	io.netty.channel.AbstractChannelHandlerContext.fireChannelRead(AbstractChannelHandlerContext.java:352)
	reactor.netty.http.server.HttpTrafficHandler.channelRead(HttpTrafficHandler.java:190)
	io.netty.channel.AbstractChannelHandlerContext.invokeChannelRead(AbstractChannelHandlerContext.java:374)
	io.netty.channel.AbstractChannelHandlerContext.invokeChannelRead(AbstractChannelHandlerContext.java:360)
	io.netty.channel.AbstractChannelHandlerContext.fireChannelRead(AbstractChannelHandlerContext.java:352)
	io.netty.channel.CombinedChannelDuplexHandler$DelegatingChannelHandlerContext.fireChannelRead(CombinedChannelDuplexHandler.java:438)
	io.netty.handler.codec.ByteToMessageDecoder.fireChannelRead(ByteToMessageDecoder.java:323)
	io.netty.handler.codec.ByteToMessageDecoder.fireChannelRead(ByteToMessageDecoder.java:310)
	io.netty.handler.codec.ByteToMessageDecoder.callDecode(ByteToMessageDecoder.java:426)
	io.netty.handler.codec.ByteToMessageDecoder.channelRead(ByteToMessageDecoder.java:278)
	io.netty.channel.CombinedChannelDuplexHandler.channelRead(CombinedChannelDuplexHandler.java:253)
	io.netty.channel.AbstractChannelHandlerContext.invokeChannelRead(AbstractChannelHandlerContext.java:374)
	io.netty.channel.AbstractChannelHandlerContext.invokeChannelRead(AbstractChannelHandlerContext.java:360)
	io.netty.channel.AbstractChannelHandlerContext.fireChannelRead(AbstractChannelHandlerContext.java:352)
	io.netty.channel.DefaultChannelPipeline$HeadContext.channelRead(DefaultChannelPipeline.java:1408)
	io.netty.channel.AbstractChannelHandlerContext.invokeChannelRead(AbstractChannelHandlerContext.java:374)
	io.netty.channel.AbstractChannelHandlerContext.invokeChannelRead(AbstractChannelHandlerContext.java:360)
	io.netty.channel.DefaultChannelPipeline.fireChannelRead(DefaultChannelPipeline.java:930)
	io.netty.channel.nio.AbstractNioByteChannel$NioByteUnsafe.read(AbstractNioByteChannel.java:163)
	io.netty.channel.nio.NioEventLoop.processSelectedKey(NioEventLoop.java:682)
	io.netty.channel.nio.NioEventLoop.processSelectedKeysOptimized(NioEventLoop.java:617)
	io.netty.channel.nio.NioEventLoop.processSelectedKeys(NioEventLoop.java:534)
	io.netty.channel.nio.NioEventLoop.run(NioEventLoop.java:496)
	io.netty.util.concurrent.SingleThreadEventExecutor$5.run(SingleThreadEventExecutor.java:906)
	io.netty.util.internal.ThreadExecutorMap$2.run(ThreadExecutorMap.java:74)
	io.netty.util.concurrent.FastThreadLocalRunnable.run(FastThreadLocalRunnable.java:30)
	java.lang.Thread.run(Thread.java:748)
#3:
	reactor.core.publisher.FluxPeek$PeekSubscriber.onNext(FluxPeek.java:177)
	reactor.core.publisher.FluxMap$MapSubscriber.onNext(FluxMap.java:114)
	reactor.netty.channel.FluxReceive.drainReceiver(FluxReceive.java:206)
	reactor.netty.channel.FluxReceive.onInboundNext(FluxReceive.java:322)
	reactor.netty.channel.ChannelOperations.onInboundNext(ChannelOperations.java:335)
	reactor.netty.http.server.HttpServerOperations.onInboundNext(HttpServerOperations.java:456)
	reactor.netty.channel.ChannelOperationsHandler.channelRead(ChannelOperationsHandler.java:91)
	io.netty.channel.AbstractChannelHandlerContext.invokeChannelRead(AbstractChannelHandlerContext.java:374)
	io.netty.channel.AbstractChannelHandlerContext.invokeChannelRead(AbstractChannelHandlerContext.java:360)
	io.netty.channel.AbstractChannelHandlerContext.fireChannelRead(AbstractChannelHandlerContext.java:352)
	reactor.netty.http.server.HttpTrafficHandler.channelRead(HttpTrafficHandler.java:190)
	io.netty.channel.AbstractChannelHandlerContext.invokeChannelRead(AbstractChannelHandlerContext.java:374)
	io.netty.channel.AbstractChannelHandlerContext.invokeChannelRead(AbstractChannelHandlerContext.java:360)
	io.netty.channel.AbstractChannelHandlerContext.fireChannelRead(AbstractChannelHandlerContext.java:352)
	io.netty.channel.CombinedChannelDuplexHandler$DelegatingChannelHandlerContext.fireChannelRead(CombinedChannelDuplexHandler.java:438)
	io.netty.handler.codec.ByteToMessageDecoder.fireChannelRead(ByteToMessageDecoder.java:323)
	io.netty.handler.codec.ByteToMessageDecoder.fireChannelRead(ByteToMessageDecoder.java:310)
	io.netty.handler.codec.ByteToMessageDecoder.callDecode(ByteToMessageDecoder.java:426)
	io.netty.handler.codec.ByteToMessageDecoder.channelRead(ByteToMessageDecoder.java:278)
	io.netty.channel.CombinedChannelDuplexHandler.channelRead(CombinedChannelDuplexHandler.java:253)
	io.netty.channel.AbstractChannelHandlerContext.invokeChannelRead(AbstractChannelHandlerContext.java:374)
	io.netty.channel.AbstractChannelHandlerContext.invokeChannelRead(AbstractChannelHandlerContext.java:360)
	io.netty.channel.AbstractChannelHandlerContext.fireChannelRead(AbstractChannelHandlerContext.java:352)
	io.netty.channel.DefaultChannelPipeline$HeadContext.channelRead(DefaultChannelPipeline.java:1408)
	io.netty.channel.AbstractChannelHandlerContext.invokeChannelRead(AbstractChannelHandlerContext.java:374)
	io.netty.channel.AbstractChannelHandlerContext.invokeChannelRead(AbstractChannelHandlerContext.java:360)
	io.netty.channel.DefaultChannelPipeline.fireChannelRead(DefaultChannelPipeline.java:930)
	io.netty.channel.nio.AbstractNioByteChannel$NioByteUnsafe.read(AbstractNioByteChannel.java:163)
	io.netty.channel.nio.NioEventLoop.processSelectedKey(NioEventLoop.java:682)
	io.netty.channel.nio.NioEventLoop.processSelectedKeysOptimized(NioEventLoop.java:617)
	io.netty.channel.nio.NioEventLoop.processSelectedKeys(NioEventLoop.java:534)
	io.netty.channel.nio.NioEventLoop.run(NioEventLoop.java:496)
	io.netty.util.concurrent.SingleThreadEventExecutor$5.run(SingleThreadEventExecutor.java:906)
	io.netty.util.internal.ThreadExecutorMap$2.run(ThreadExecutorMap.java:74)
	io.netty.util.concurrent.FastThreadLocalRunnable.run(FastThreadLocalRunnable.java:30)
	java.lang.Thread.run(Thread.java:748)
#4:
	Hint: 'reactor.right.reactiveBridge' will handle the message from this point.
	io.netty.handler.codec.http.DefaultHttpContent.touch(DefaultHttpContent.java:88)
	io.netty.handler.codec.http.DefaultHttpContent.touch(DefaultHttpContent.java:24)
	io.netty.channel.DefaultChannelPipeline.touch(DefaultChannelPipeline.java:116)
	io.netty.channel.AbstractChannelHandlerContext.invokeChannelRead(AbstractChannelHandlerContext.java:357)
	io.netty.channel.AbstractChannelHandlerContext.fireChannelRead(AbstractChannelHandlerContext.java:352)
	reactor.netty.http.server.HttpTrafficHandler.channelRead(HttpTrafficHandler.java:190)
	io.netty.channel.AbstractChannelHandlerContext.invokeChannelRead(AbstractChannelHandlerContext.java:374)
	io.netty.channel.AbstractChannelHandlerContext.invokeChannelRead(AbstractChannelHandlerContext.java:360)
	io.netty.channel.AbstractChannelHandlerContext.fireChannelRead(AbstractChannelHandlerContext.java:352)
	io.netty.channel.CombinedChannelDuplexHandler$DelegatingChannelHandlerContext.fireChannelRead(CombinedChannelDuplexHandler.java:438)
	io.netty.handler.codec.ByteToMessageDecoder.fireChannelRead(ByteToMessageDecoder.java:323)
	io.netty.handler.codec.ByteToMessageDecoder.fireChannelRead(ByteToMessageDecoder.java:310)
	io.netty.handler.codec.ByteToMessageDecoder.callDecode(ByteToMessageDecoder.java:426)
	io.netty.handler.codec.ByteToMessageDecoder.channelRead(ByteToMessageDecoder.java:278)
	io.netty.channel.CombinedChannelDuplexHandler.channelRead(CombinedChannelDuplexHandler.java:253)
	io.netty.channel.AbstractChannelHandlerContext.invokeChannelRead(AbstractChannelHandlerContext.java:374)
	io.netty.channel.AbstractChannelHandlerContext.invokeChannelRead(AbstractChannelHandlerContext.java:360)
	io.netty.channel.AbstractChannelHandlerContext.fireChannelRead(AbstractChannelHandlerContext.java:352)
	io.netty.channel.DefaultChannelPipeline$HeadContext.channelRead(DefaultChannelPipeline.java:1408)
	io.netty.channel.AbstractChannelHandlerContext.invokeChannelRead(AbstractChannelHandlerContext.java:374)
	io.netty.channel.AbstractChannelHandlerContext.invokeChannelRead(AbstractChannelHandlerContext.java:360)
	io.netty.channel.DefaultChannelPipeline.fireChannelRead(DefaultChannelPipeline.java:930)
	io.netty.channel.nio.AbstractNioByteChannel$NioByteUnsafe.read(AbstractNioByteChannel.java:163)
	io.netty.channel.nio.NioEventLoop.processSelectedKey(NioEventLoop.java:682)
	io.netty.channel.nio.NioEventLoop.processSelectedKeysOptimized(NioEventLoop.java:617)
	io.netty.channel.nio.NioEventLoop.processSelectedKeys(NioEventLoop.java:534)
	io.netty.channel.nio.NioEventLoop.run(NioEventLoop.java:496)
	io.netty.util.concurrent.SingleThreadEventExecutor$5.run(SingleThreadEventExecutor.java:906)
	io.netty.util.internal.ThreadExecutorMap$2.run(ThreadExecutorMap.java:74)
	io.netty.util.concurrent.FastThreadLocalRunnable.run(FastThreadLocalRunnable.java:30)
	java.lang.Thread.run(Thread.java:748)
#5:
	Hint: 'reactor.left.httpTrafficHandler' will handle the message from this point.
	io.netty.handler.codec.http.DefaultHttpContent.touch(DefaultHttpContent.java:88)
	io.netty.handler.codec.http.DefaultHttpContent.touch(DefaultHttpContent.java:24)
	io.netty.channel.DefaultChannelPipeline.touch(DefaultChannelPipeline.java:116)
	io.netty.channel.AbstractChannelHandlerContext.invokeChannelRead(AbstractChannelHandlerContext.java:357)
	io.netty.channel.AbstractChannelHandlerContext.fireChannelRead(AbstractChannelHandlerContext.java:352)
	io.netty.channel.CombinedChannelDuplexHandler$DelegatingChannelHandlerContext.fireChannelRead(CombinedChannelDuplexHandler.java:438)
	io.netty.handler.codec.ByteToMessageDecoder.fireChannelRead(ByteToMessageDecoder.java:323)
	io.netty.handler.codec.ByteToMessageDecoder.fireChannelRead(ByteToMessageDecoder.java:310)
	io.netty.handler.codec.ByteToMessageDecoder.callDecode(ByteToMessageDecoder.java:426)
	io.netty.handler.codec.ByteToMessageDecoder.channelRead(ByteToMessageDecoder.java:278)
	io.netty.channel.CombinedChannelDuplexHandler.channelRead(CombinedChannelDuplexHandler.java:253)
	io.netty.channel.AbstractChannelHandlerContext.invokeChannelRead(AbstractChannelHandlerContext.java:374)
	io.netty.channel.AbstractChannelHandlerContext.invokeChannelRead(AbstractChannelHandlerContext.java:360)
	io.netty.channel.AbstractChannelHandlerContext.fireChannelRead(AbstractChannelHandlerContext.java:352)
	io.netty.channel.DefaultChannelPipeline$HeadContext.channelRead(DefaultChannelPipeline.java:1408)
	io.netty.channel.AbstractChannelHandlerContext.invokeChannelRead(AbstractChannelHandlerContext.java:374)
	io.netty.channel.AbstractChannelHandlerContext.invokeChannelRead(AbstractChannelHandlerContext.java:360)
	io.netty.channel.DefaultChannelPipeline.fireChannelRead(DefaultChannelPipeline.java:930)
	io.netty.channel.nio.AbstractNioByteChannel$NioByteUnsafe.read(AbstractNioByteChannel.java:163)
	io.netty.channel.nio.NioEventLoop.processSelectedKey(NioEventLoop.java:682)
	io.netty.channel.nio.NioEventLoop.processSelectedKeysOptimized(NioEventLoop.java:617)
	io.netty.channel.nio.NioEventLoop.processSelectedKeys(NioEventLoop.java:534)
	io.netty.channel.nio.NioEventLoop.run(NioEventLoop.java:496)
	io.netty.util.concurrent.SingleThreadEventExecutor$5.run(SingleThreadEventExecutor.java:906)
	io.netty.util.internal.ThreadExecutorMap$2.run(ThreadExecutorMap.java:74)
	io.netty.util.concurrent.FastThreadLocalRunnable.run(FastThreadLocalRunnable.java:30)
	java.lang.Thread.run(Thread.java:748)
Created at:
	io.netty.buffer.SimpleLeakAwareByteBuf.unwrappedDerived(SimpleLeakAwareByteBuf.java:143)
	io.netty.buffer.SimpleLeakAwareByteBuf.readRetainedSlice(SimpleLeakAwareByteBuf.java:67)
	io.netty.buffer.AdvancedLeakAwareByteBuf.readRetainedSlice(AdvancedLeakAwareByteBuf.java:107)
	io.netty.handler.codec.http.HttpObjectDecoder.decode(HttpObjectDecoder.java:336)
	io.netty.handler.codec.http.HttpServerCodec$HttpServerRequestDecoder.decode(HttpServerCodec.java:103)
	io.netty.handler.codec.ByteToMessageDecoder.decodeRemovalReentryProtection(ByteToMessageDecoder.java:502)
	io.netty.handler.codec.ByteToMessageDecoder.callDecode(ByteToMessageDecoder.java:441)
	io.netty.handler.codec.ByteToMessageDecoder.channelRead(ByteToMessageDecoder.java:278)
	io.netty.channel.CombinedChannelDuplexHandler.channelRead(CombinedChannelDuplexHandler.java:253)
	io.netty.channel.AbstractChannelHandlerContext.invokeChannelRead(AbstractChannelHandlerContext.java:374)
	io.netty.channel.AbstractChannelHandlerContext.invokeChannelRead(AbstractChannelHandlerContext.java:360)
	io.netty.channel.AbstractChannelHandlerContext.fireChannelRead(AbstractChannelHandlerContext.java:352)
	io.netty.channel.DefaultChannelPipeline$HeadContext.channelRead(DefaultChannelPipeline.java:1408)
	io.netty.channel.AbstractChannelHandlerContext.invokeChannelRead(AbstractChannelHandlerContext.java:374)
	io.netty.channel.AbstractChannelHandlerContext.invokeChannelRead(AbstractChannelHandlerContext.java:360)
	io.netty.channel.DefaultChannelPipeline.fireChannelRead(DefaultChannelPipeline.java:930)
	io.netty.channel.nio.AbstractNioByteChannel$NioByteUnsafe.read(AbstractNioByteChannel.java:163)
	io.netty.channel.nio.NioEventLoop.processSelectedKey(NioEventLoop.java:682)
	io.netty.channel.nio.NioEventLoop.processSelectedKeysOptimized(NioEventLoop.java:617)
	io.netty.channel.nio.NioEventLoop.processSelectedKeys(NioEventLoop.java:534)
	io.netty.channel.nio.NioEventLoop.run(NioEventLoop.java:496)
	io.netty.util.concurrent.SingleThreadEventExecutor$5.run(SingleThreadEventExecutor.java:906)
	io.netty.util.internal.ThreadExecutorMap$2.run(ThreadExecutorMap.java:74)
	io.netty.util.concurrent.FastThreadLocalRunnable.run(FastThreadLocalRunnable.java:30)
	java.lang.Thread.run(Thread.java:748)
: 5 leak records were discarded because the leak record count is targeted to 4. Use system property io.netty.leakDetection.targetRecords to increase the limit.
22:43:01.574 [reactor-http-nio-8] ERROR i.n.u.ResourceLeakDetector - LEAK: ByteBuf.release() was not called before it's garbage-collected. See http://netty.io/wiki/reference-counted-objects.html for more information.
Recent access records: 
#1:
	io.netty.buffer.AdvancedLeakAwareByteBuf.order(AdvancedLeakAwareByteBuf.java:70)
	io.netty.buffer.CompositeByteBuf.newComponent(CompositeByteBuf.java:318)
	io.netty.buffer.CompositeByteBuf.addComponent0(CompositeByteBuf.java:280)
	io.netty.buffer.CompositeByteBuf.addComponent(CompositeByteBuf.java:265)
	io.netty.buffer.CompositeByteBuf.addComponent(CompositeByteBuf.java:222)
	io.netty.buffer.WrappedCompositeByteBuf.addComponent(WrappedCompositeByteBuf.java:529)
	io.netty.buffer.AdvancedLeakAwareCompositeByteBuf.addComponent(AdvancedLeakAwareCompositeByteBuf.java:921)
	org.springframework.core.io.buffer.NettyDataBufferFactory.join(NettyDataBufferFactory.java:111)
	org.springframework.core.io.buffer.DataBufferUtils.joinAndStrip(DataBufferUtils.java:686)
	org.springframework.core.io.buffer.DataBufferUtils.lambda$split$20(DataBufferUtils.java:605)
	reactor.core.publisher.FluxMap$MapConditionalSubscriber.onNext(FluxMap.java:199)
	reactor.core.publisher.FluxBufferPredicate$BufferPredicateSubscriber.emit(FluxBufferPredicate.java:290)
	reactor.core.publisher.FluxBufferPredicate$BufferPredicateSubscriber.onNextNewBuffer(FluxBufferPredicate.java:257)
	reactor.core.publisher.FluxBufferPredicate$BufferPredicateSubscriber.tryOnNext(FluxBufferPredicate.java:211)
	reactor.core.publisher.FluxBufferPredicate$BufferPredicateSubscriber.onNext(FluxBufferPredicate.java:184)
	reactor.core.publisher.FluxFlatMap$FlatMapMain.drainLoop(FluxFlatMap.java:664)
	reactor.core.publisher.FluxFlatMap$FlatMapMain.drain(FluxFlatMap.java:540)
	reactor.core.publisher.FluxFlatMap$FlatMapInner.onSubscribe(FluxFlatMap.java:924)
	reactor.core.publisher.FluxIterable.subscribe(FluxIterable.java:139)
	reactor.core.publisher.FluxIterable.subscribe(FluxIterable.java:63)
	reactor.core.publisher.Flux.subscribe(Flux.java:7922)
	reactor.core.publisher.FluxFlatMap$FlatMapMain.onNext(FluxFlatMap.java:389)
	reactor.core.publisher.FluxConcatMap$ConcatMapImmediate.innerNext(FluxConcatMap.java:275)
	reactor.core.publisher.FluxConcatMap$ConcatMapInner.onNext(FluxConcatMap.java:849)
	reactor.core.publisher.FluxConcatMap$WeakScalarSubscription.request(FluxConcatMap.java:470)
	reactor.core.publisher.Operators$MultiSubscriptionSubscriber.set(Operators.java:1939)
	reactor.core.publisher.FluxConcatMap$ConcatMapImmediate.drain(FluxConcatMap.java:436)
	reactor.core.publisher.FluxConcatMap$ConcatMapImmediate.onNext(FluxConcatMap.java:244)
	reactor.core.publisher.FluxMap$MapSubscriber.onNext(FluxMap.java:114)
	reactor.core.publisher.FluxPeek$PeekSubscriber.onNext(FluxPeek.java:192)
	reactor.core.publisher.FluxMap$MapSubscriber.onNext(FluxMap.java:114)
	reactor.netty.channel.FluxReceive.drainReceiver(FluxReceive.java:206)
	reactor.netty.channel.FluxReceive.onInboundNext(FluxReceive.java:322)
	reactor.netty.channel.ChannelOperations.onInboundNext(ChannelOperations.java:335)
	reactor.netty.http.server.HttpServerOperations.onInboundNext(HttpServerOperations.java:456)
	reactor.netty.channel.ChannelOperationsHandler.channelRead(ChannelOperationsHandler.java:91)
	io.netty.channel.AbstractChannelHandlerContext.invokeChannelRead(AbstractChannelHandlerContext.java:374)
	io.netty.channel.AbstractChannelHandlerContext.invokeChannelRead(AbstractChannelHandlerContext.java:360)
	io.netty.channel.AbstractChannelHandlerContext.fireChannelRead(AbstractChannelHandlerContext.java:352)
	reactor.netty.http.server.HttpTrafficHandler.channelRead(HttpTrafficHandler.java:190)
	io.netty.channel.AbstractChannelHandlerContext.invokeChannelRead(AbstractChannelHandlerContext.java:374)
	io.netty.channel.AbstractChannelHandlerContext.invokeChannelRead(AbstractChannelHandlerContext.java:360)
	io.netty.channel.AbstractChannelHandlerContext.fireChannelRead(AbstractChannelHandlerContext.java:352)
	io.netty.channel.CombinedChannelDuplexHandler$DelegatingChannelHandlerContext.fireChannelRead(CombinedChannelDuplexHandler.java:438)
	io.netty.handler.codec.ByteToMessageDecoder.fireChannelRead(ByteToMessageDecoder.java:323)
	io.netty.handler.codec.ByteToMessageDecoder.fireChannelRead(ByteToMessageDecoder.java:310)
	io.netty.handler.codec.ByteToMessageDecoder.callDecode(ByteToMessageDecoder.java:426)
	io.netty.handler.codec.ByteToMessageDecoder.channelRead(ByteToMessageDecoder.java:278)
	io.netty.channel.CombinedChannelDuplexHandler.channelRead(CombinedChannelDuplexHandler.java:253)
	io.netty.channel.AbstractChannelHandlerContext.invokeChannelRead(AbstractChannelHandlerContext.java:374)
	io.netty.channel.AbstractChannelHandlerContext.invokeChannelRead(AbstractChannelHandlerContext.java:360)
	io.netty.channel.AbstractChannelHandlerContext.fireChannelRead(AbstractChannelHandlerContext.java:352)
	io.netty.channel.DefaultChannelPipeline$HeadContext.channelRead(DefaultChannelPipeline.java:1408)
	io.netty.channel.AbstractChannelHandlerContext.invokeChannelRead(AbstractChannelHandlerContext.java:374)
	io.netty.channel.AbstractChannelHandlerContext.invokeChannelRead(AbstractChannelHandlerContext.java:360)
	io.netty.channel.DefaultChannelPipeline.fireChannelRead(DefaultChannelPipeline.java:930)
	io.netty.channel.nio.AbstractNioByteChannel$NioByteUnsafe.read(AbstractNioByteChannel.java:163)
	io.netty.channel.nio.NioEventLoop.processSelectedKey(NioEventLoop.java:682)
	io.netty.channel.nio.NioEventLoop.processSelectedKeysOptimized(NioEventLoop.java:617)
	io.netty.channel.nio.NioEventLoop.processSelectedKeys(NioEventLoop.java:534)
	io.netty.channel.nio.NioEventLoop.run(NioEventLoop.java:496)
	io.netty.util.concurrent.SingleThreadEventExecutor$5.run(SingleThreadEventExecutor.java:906)
	io.netty.util.internal.ThreadExecutorMap$2.run(ThreadExecutorMap.java:74)
	io.netty.util.concurrent.FastThreadLocalRunnable.run(FastThreadLocalRunnable.java:30)
	java.lang.Thread.run(Thread.java:748)
#2:
	org.springframework.core.io.buffer.NettyDataBuffer.release(NettyDataBuffer.java:308)
	org.springframework.core.io.buffer.DataBufferUtils.release(DataBufferUtils.java:498)
	org.springframework.core.io.buffer.DataBufferUtils.endFrameAfterDelimiter(DataBufferUtils.java:660)
	org.springframework.core.io.buffer.DataBufferUtils.lambda$split$18(DataBufferUtils.java:603)
	reactor.core.publisher.FluxFlatMap$FlatMapMain.onNext(FluxFlatMap.java:350)
	reactor.core.publisher.FluxConcatMap$ConcatMapImmediate.innerNext(FluxConcatMap.java:275)
	reactor.core.publisher.FluxConcatMap$ConcatMapInner.onNext(FluxConcatMap.java:849)
	reactor.core.publisher.FluxConcatMap$WeakScalarSubscription.request(FluxConcatMap.java:470)
	reactor.core.publisher.Operators$MultiSubscriptionSubscriber.set(Operators.java:1939)
	reactor.core.publisher.FluxConcatMap$ConcatMapImmediate.drain(FluxConcatMap.java:436)
	reactor.core.publisher.FluxConcatMap$ConcatMapImmediate.onNext(FluxConcatMap.java:244)
	reactor.core.publisher.FluxMap$MapSubscriber.onNext(FluxMap.java:114)
	reactor.core.publisher.FluxPeek$PeekSubscriber.onNext(FluxPeek.java:192)
	reactor.core.publisher.FluxMap$MapSubscriber.onNext(FluxMap.java:114)
	reactor.netty.channel.FluxReceive.drainReceiver(FluxReceive.java:206)
	reactor.netty.channel.FluxReceive.onInboundNext(FluxReceive.java:322)
	reactor.netty.channel.ChannelOperations.onInboundNext(ChannelOperations.java:335)
	reactor.netty.http.server.HttpServerOperations.onInboundNext(HttpServerOperations.java:456)
	reactor.netty.channel.ChannelOperationsHandler.channelRead(ChannelOperationsHandler.java:91)
	io.netty.channel.AbstractChannelHandlerContext.invokeChannelRead(AbstractChannelHandlerContext.java:374)
	io.netty.channel.AbstractChannelHandlerContext.invokeChannelRead(AbstractChannelHandlerContext.java:360)
	io.netty.channel.AbstractChannelHandlerContext.fireChannelRead(AbstractChannelHandlerContext.java:352)
	reactor.netty.http.server.HttpTrafficHandler.channelRead(HttpTrafficHandler.java:190)
	io.netty.channel.AbstractChannelHandlerContext.invokeChannelRead(AbstractChannelHandlerContext.java:374)
	io.netty.channel.AbstractChannelHandlerContext.invokeChannelRead(AbstractChannelHandlerContext.java:360)
	io.netty.channel.AbstractChannelHandlerContext.fireChannelRead(AbstractChannelHandlerContext.java:352)
	io.netty.channel.CombinedChannelDuplexHandler$DelegatingChannelHandlerContext.fireChannelRead(CombinedChannelDuplexHandler.java:438)
	io.netty.handler.codec.ByteToMessageDecoder.fireChannelRead(ByteToMessageDecoder.java:323)
	io.netty.handler.codec.ByteToMessageDecoder.fireChannelRead(ByteToMessageDecoder.java:310)
	io.netty.handler.codec.ByteToMessageDecoder.callDecode(ByteToMessageDecoder.java:426)
	io.netty.handler.codec.ByteToMessageDecoder.channelRead(ByteToMessageDecoder.java:278)
	io.netty.channel.CombinedChannelDuplexHandler.channelRead(CombinedChannelDuplexHandler.java:253)
	io.netty.channel.AbstractChannelHandlerContext.invokeChannelRead(AbstractChannelHandlerContext.java:374)
	io.netty.channel.AbstractChannelHandlerContext.invokeChannelRead(AbstractChannelHandlerContext.java:360)
	io.netty.channel.AbstractChannelHandlerContext.fireChannelRead(AbstractChannelHandlerContext.java:352)
	io.netty.channel.DefaultChannelPipeline$HeadContext.channelRead(DefaultChannelPipeline.java:1408)
	io.netty.channel.AbstractChannelHandlerContext.invokeChannelRead(AbstractChannelHandlerContext.java:374)
	io.netty.channel.AbstractChannelHandlerContext.invokeChannelRead(AbstractChannelHandlerContext.java:360)
	io.netty.channel.DefaultChannelPipeline.fireChannelRead(DefaultChannelPipeline.java:930)
	io.netty.channel.nio.AbstractNioByteChannel$NioByteUnsafe.read(AbstractNioByteChannel.java:163)
	io.netty.channel.nio.NioEventLoop.processSelectedKey(NioEventLoop.java:682)
	io.netty.channel.nio.NioEventLoop.processSelectedKeysOptimized(NioEventLoop.java:617)
	io.netty.channel.nio.NioEventLoop.processSelectedKeys(NioEventLoop.java:534)
	io.netty.channel.nio.NioEventLoop.run(NioEventLoop.java:496)
	io.netty.util.concurrent.SingleThreadEventExecutor$5.run(SingleThreadEventExecutor.java:906)
	io.netty.util.internal.ThreadExecutorMap$2.run(ThreadExecutorMap.java:74)
	io.netty.util.concurrent.FastThreadLocalRunnable.run(FastThreadLocalRunnable.java:30)
	java.lang.Thread.run(Thread.java:748)
#3:
	reactor.core.publisher.FluxPeek$PeekSubscriber.onNext(FluxPeek.java:177)
	reactor.core.publisher.FluxMap$MapSubscriber.onNext(FluxMap.java:114)
	reactor.netty.channel.FluxReceive.drainReceiver(FluxReceive.java:206)
	reactor.netty.channel.FluxReceive.onInboundNext(FluxReceive.java:322)
	reactor.netty.channel.ChannelOperations.onInboundNext(ChannelOperations.java:335)
	reactor.netty.http.server.HttpServerOperations.onInboundNext(HttpServerOperations.java:456)
	reactor.netty.channel.ChannelOperationsHandler.channelRead(ChannelOperationsHandler.java:91)
	io.netty.channel.AbstractChannelHandlerContext.invokeChannelRead(AbstractChannelHandlerContext.java:374)
	io.netty.channel.AbstractChannelHandlerContext.invokeChannelRead(AbstractChannelHandlerContext.java:360)
	io.netty.channel.AbstractChannelHandlerContext.fireChannelRead(AbstractChannelHandlerContext.java:352)
	reactor.netty.http.server.HttpTrafficHandler.channelRead(HttpTrafficHandler.java:190)
	io.netty.channel.AbstractChannelHandlerContext.invokeChannelRead(AbstractChannelHandlerContext.java:374)
	io.netty.channel.AbstractChannelHandlerContext.invokeChannelRead(AbstractChannelHandlerContext.java:360)
	io.netty.channel.AbstractChannelHandlerContext.fireChannelRead(AbstractChannelHandlerContext.java:352)
	io.netty.channel.CombinedChannelDuplexHandler$DelegatingChannelHandlerContext.fireChannelRead(CombinedChannelDuplexHandler.java:438)
	io.netty.handler.codec.ByteToMessageDecoder.fireChannelRead(ByteToMessageDecoder.java:323)
	io.netty.handler.codec.ByteToMessageDecoder.fireChannelRead(ByteToMessageDecoder.java:310)
	io.netty.handler.codec.ByteToMessageDecoder.callDecode(ByteToMessageDecoder.java:426)
	io.netty.handler.codec.ByteToMessageDecoder.channelRead(ByteToMessageDecoder.java:278)
	io.netty.channel.CombinedChannelDuplexHandler.channelRead(CombinedChannelDuplexHandler.java:253)
	io.netty.channel.AbstractChannelHandlerContext.invokeChannelRead(AbstractChannelHandlerContext.java:374)
	io.netty.channel.AbstractChannelHandlerContext.invokeChannelRead(AbstractChannelHandlerContext.java:360)
	io.netty.channel.AbstractChannelHandlerContext.fireChannelRead(AbstractChannelHandlerContext.java:352)
	io.netty.channel.DefaultChannelPipeline$HeadContext.channelRead(DefaultChannelPipeline.java:1408)
	io.netty.channel.AbstractChannelHandlerContext.invokeChannelRead(AbstractChannelHandlerContext.java:374)
	io.netty.channel.AbstractChannelHandlerContext.invokeChannelRead(AbstractChannelHandlerContext.java:360)
	io.netty.channel.DefaultChannelPipeline.fireChannelRead(DefaultChannelPipeline.java:930)
	io.netty.channel.nio.AbstractNioByteChannel$NioByteUnsafe.read(AbstractNioByteChannel.java:163)
	io.netty.channel.nio.NioEventLoop.processSelectedKey(NioEventLoop.java:682)
	io.netty.channel.nio.NioEventLoop.processSelectedKeysOptimized(NioEventLoop.java:617)
	io.netty.channel.nio.NioEventLoop.processSelectedKeys(NioEventLoop.java:534)
	io.netty.channel.nio.NioEventLoop.run(NioEventLoop.java:496)
	io.netty.util.concurrent.SingleThreadEventExecutor$5.run(SingleThreadEventExecutor.java:906)
	io.netty.util.internal.ThreadExecutorMap$2.run(ThreadExecutorMap.java:74)
	io.netty.util.concurrent.FastThreadLocalRunnable.run(FastThreadLocalRunnable.java:30)
	java.lang.Thread.run(Thread.java:748)
#4:
	Hint: 'reactor.right.reactiveBridge' will handle the message from this point.
	io.netty.handler.codec.http.DefaultHttpContent.touch(DefaultHttpContent.java:88)
	io.netty.handler.codec.http.DefaultHttpContent.touch(DefaultHttpContent.java:24)
	io.netty.channel.DefaultChannelPipeline.touch(DefaultChannelPipeline.java:116)
	io.netty.channel.AbstractChannelHandlerContext.invokeChannelRead(AbstractChannelHandlerContext.java:357)
	io.netty.channel.AbstractChannelHandlerContext.fireChannelRead(AbstractChannelHandlerContext.java:352)
	reactor.netty.http.server.HttpTrafficHandler.channelRead(HttpTrafficHandler.java:190)
	io.netty.channel.AbstractChannelHandlerContext.invokeChannelRead(AbstractChannelHandlerContext.java:374)
	io.netty.channel.AbstractChannelHandlerContext.invokeChannelRead(AbstractChannelHandlerContext.java:360)
	io.netty.channel.AbstractChannelHandlerContext.fireChannelRead(AbstractChannelHandlerContext.java:352)
	io.netty.channel.CombinedChannelDuplexHandler$DelegatingChannelHandlerContext.fireChannelRead(CombinedChannelDuplexHandler.java:438)
	io.netty.handler.codec.ByteToMessageDecoder.fireChannelRead(ByteToMessageDecoder.java:323)
	io.netty.handler.codec.ByteToMessageDecoder.fireChannelRead(ByteToMessageDecoder.java:310)
	io.netty.handler.codec.ByteToMessageDecoder.callDecode(ByteToMessageDecoder.java:426)
	io.netty.handler.codec.ByteToMessageDecoder.channelRead(ByteToMessageDecoder.java:278)
	io.netty.channel.CombinedChannelDuplexHandler.channelRead(CombinedChannelDuplexHandler.java:253)
	io.netty.channel.AbstractChannelHandlerContext.invokeChannelRead(AbstractChannelHandlerContext.java:374)
	io.netty.channel.AbstractChannelHandlerContext.invokeChannelRead(AbstractChannelHandlerContext.java:360)
	io.netty.channel.AbstractChannelHandlerContext.fireChannelRead(AbstractChannelHandlerContext.java:352)
	io.netty.channel.DefaultChannelPipeline$HeadContext.channelRead(DefaultChannelPipeline.java:1408)
	io.netty.channel.AbstractChannelHandlerContext.invokeChannelRead(AbstractChannelHandlerContext.java:374)
	io.netty.channel.AbstractChannelHandlerContext.invokeChannelRead(AbstractChannelHandlerContext.java:360)
	io.netty.channel.DefaultChannelPipeline.fireChannelRead(DefaultChannelPipeline.java:930)
	io.netty.channel.nio.AbstractNioByteChannel$NioByteUnsafe.read(AbstractNioByteChannel.java:163)
	io.netty.channel.nio.NioEventLoop.processSelectedKey(NioEventLoop.java:682)
	io.netty.channel.nio.NioEventLoop.processSelectedKeysOptimized(NioEventLoop.java:617)
	io.netty.channel.nio.NioEventLoop.processSelectedKeys(NioEventLoop.java:534)
	io.netty.channel.nio.NioEventLoop.run(NioEventLoop.java:496)
	io.netty.util.concurrent.SingleThreadEventExecutor$5.run(SingleThreadEventExecutor.java:906)
	io.netty.util.internal.ThreadExecutorMap$2.run(ThreadExecutorMap.java:74)
	io.netty.util.concurrent.FastThreadLocalRunnable.run(FastThreadLocalRunnable.java:30)
	java.lang.Thread.run(Thread.java:748)
#5:
	Hint: 'reactor.left.httpTrafficHandler' will handle the message from this point.
	io.netty.handler.codec.http.DefaultHttpContent.touch(DefaultHttpContent.java:88)
	io.netty.handler.codec.http.DefaultHttpContent.touch(DefaultHttpContent.java:24)
	io.netty.channel.DefaultChannelPipeline.touch(DefaultChannelPipeline.java:116)
	io.netty.channel.AbstractChannelHandlerContext.invokeChannelRead(AbstractChannelHandlerContext.java:357)
	io.netty.channel.AbstractChannelHandlerContext.fireChannelRead(AbstractChannelHandlerContext.java:352)
	io.netty.channel.CombinedChannelDuplexHandler$DelegatingChannelHandlerContext.fireChannelRead(CombinedChannelDuplexHandler.java:438)
	io.netty.handler.codec.ByteToMessageDecoder.fireChannelRead(ByteToMessageDecoder.java:323)
	io.netty.handler.codec.ByteToMessageDecoder.fireChannelRead(ByteToMessageDecoder.java:310)
	io.netty.handler.codec.ByteToMessageDecoder.callDecode(ByteToMessageDecoder.java:426)
	io.netty.handler.codec.ByteToMessageDecoder.channelRead(ByteToMessageDecoder.java:278)
	io.netty.channel.CombinedChannelDuplexHandler.channelRead(CombinedChannelDuplexHandler.java:253)
	io.netty.channel.AbstractChannelHandlerContext.invokeChannelRead(AbstractChannelHandlerContext.java:374)
	io.netty.channel.AbstractChannelHandlerContext.invokeChannelRead(AbstractChannelHandlerContext.java:360)
	io.netty.channel.AbstractChannelHandlerContext.fireChannelRead(AbstractChannelHandlerContext.java:352)
	io.netty.channel.DefaultChannelPipeline$HeadContext.channelRead(DefaultChannelPipeline.java:1408)
	io.netty.channel.AbstractChannelHandlerContext.invokeChannelRead(AbstractChannelHandlerContext.java:374)
	io.netty.channel.AbstractChannelHandlerContext.invokeChannelRead(AbstractChannelHandlerContext.java:360)
	io.netty.channel.DefaultChannelPipeline.fireChannelRead(DefaultChannelPipeline.java:930)
	io.netty.channel.nio.AbstractNioByteChannel$NioByteUnsafe.read(AbstractNioByteChannel.java:163)
	io.netty.channel.nio.NioEventLoop.processSelectedKey(NioEventLoop.java:682)
	io.netty.channel.nio.NioEventLoop.processSelectedKeysOptimized(NioEventLoop.java:617)
	io.netty.channel.nio.NioEventLoop.processSelectedKeys(NioEventLoop.java:534)
	io.netty.channel.nio.NioEventLoop.run(NioEventLoop.java:496)
	io.netty.util.concurrent.SingleThreadEventExecutor$5.run(SingleThreadEventExecutor.java:906)
	io.netty.util.internal.ThreadExecutorMap$2.run(ThreadExecutorMap.java:74)
	io.netty.util.concurrent.FastThreadLocalRunnable.run(FastThreadLocalRunnable.java:30)
	java.lang.Thread.run(Thread.java:748)
Created at:
	io.netty.buffer.SimpleLeakAwareByteBuf.unwrappedDerived(SimpleLeakAwareByteBuf.java:143)
	io.netty.buffer.SimpleLeakAwareByteBuf.readRetainedSlice(SimpleLeakAwareByteBuf.java:67)
	io.netty.buffer.AdvancedLeakAwareByteBuf.readRetainedSlice(AdvancedLeakAwareByteBuf.java:107)
	io.netty.handler.codec.http.HttpObjectDecoder.decode(HttpObjectDecoder.java:336)
	io.netty.handler.codec.http.HttpServerCodec$HttpServerRequestDecoder.decode(HttpServerCodec.java:103)
	io.netty.handler.codec.ByteToMessageDecoder.decodeRemovalReentryProtection(ByteToMessageDecoder.java:502)
	io.netty.handler.codec.ByteToMessageDecoder.callDecode(ByteToMessageDecoder.java:441)
	io.netty.handler.codec.ByteToMessageDecoder.channelRead(ByteToMessageDecoder.java:278)
	io.netty.channel.CombinedChannelDuplexHandler.channelRead(CombinedChannelDuplexHandler.java:253)
	io.netty.channel.AbstractChannelHandlerContext.invokeChannelRead(AbstractChannelHandlerContext.java:374)
	io.netty.channel.AbstractChannelHandlerContext.invokeChannelRead(AbstractChannelHandlerContext.java:360)
	io.netty.channel.AbstractChannelHandlerContext.fireChannelRead(AbstractChannelHandlerContext.java:352)
	io.netty.channel.DefaultChannelPipeline$HeadContext.channelRead(DefaultChannelPipeline.java:1408)
	io.netty.channel.AbstractChannelHandlerContext.invokeChannelRead(AbstractChannelHandlerContext.java:374)
	io.netty.channel.AbstractChannelHandlerContext.invokeChannelRead(AbstractChannelHandlerContext.java:360)
	io.netty.channel.DefaultChannelPipeline.fireChannelRead(DefaultChannelPipeline.java:930)
	io.netty.channel.nio.AbstractNioByteChannel$NioByteUnsafe.read(AbstractNioByteChannel.java:163)
	io.netty.channel.nio.NioEventLoop.processSelectedKey(NioEventLoop.java:682)
	io.netty.channel.nio.NioEventLoop.processSelectedKeysOptimized(NioEventLoop.java:617)
	io.netty.channel.nio.NioEventLoop.processSelectedKeys(NioEventLoop.java:534)
	io.netty.channel.nio.NioEventLoop.run(NioEventLoop.java:496)
	io.netty.util.concurrent.SingleThreadEventExecutor$5.run(SingleThreadEventExecutor.java:906)
	io.netty.util.internal.ThreadExecutorMap$2.run(ThreadExecutorMap.java:74)
	io.netty.util.concurrent.FastThreadLocalRunnable.run(FastThreadLocalRunnable.java:30)
	java.lang.Thread.run(Thread.java:748)
: 5 leak records were discarded because the leak record count is targeted to 4. Use system property io.netty.leakDetection.targetRecords to increase the limit.
22:43:01.576 [reactor-http-nio-8] ERROR i.n.u.ResourceLeakDetector - LEAK: ByteBuf.release() was not called before it's garbage-collected. See http://netty.io/wiki/reference-counted-objects.html for more information.
Recent access records: 
#1:
	io.netty.buffer.AdvancedLeakAwareByteBuf.getByte(AdvancedLeakAwareByteBuf.java:154)
	io.netty.buffer.CompositeByteBuf.getByte(CompositeByteBuf.java:913)
	io.netty.buffer.WrappedCompositeByteBuf.getByte(WrappedCompositeByteBuf.java:652)
	io.netty.buffer.AdvancedLeakAwareCompositeByteBuf.getByte(AdvancedLeakAwareCompositeByteBuf.java:141)
	org.springframework.core.io.buffer.NettyDataBuffer.getByte(NettyDataBuffer.java:132)
	org.springframework.http.codec.multipart.DefaultMultipartMessageReader.toPart(DefaultMultipartMessageReader.java:179)
	reactor.core.publisher.FluxMap$MapConditionalSubscriber.onNext(FluxMap.java:199)
	reactor.core.publisher.FluxTakeWhile$TakeWhileSubscriber.onNext(FluxTakeWhile.java:94)
	reactor.core.publisher.FluxContextStart$ContextStartSubscriber.onNext(FluxContextStart.java:103)
	reactor.core.publisher.FluxMap$MapConditionalSubscriber.onNext(FluxMap.java:213)
	reactor.core.publisher.FluxBufferPredicate$BufferPredicateSubscriber.emit(FluxBufferPredicate.java:290)
	reactor.core.publisher.FluxBufferPredicate$BufferPredicateSubscriber.onNextNewBuffer(FluxBufferPredicate.java:257)
	reactor.core.publisher.FluxBufferPredicate$BufferPredicateSubscriber.tryOnNext(FluxBufferPredicate.java:211)
	reactor.core.publisher.FluxBufferPredicate$BufferPredicateSubscriber.onNext(FluxBufferPredicate.java:184)
	reactor.core.publisher.FluxFlatMap$FlatMapMain.drainLoop(FluxFlatMap.java:664)
	reactor.core.publisher.FluxFlatMap$FlatMapMain.drain(FluxFlatMap.java:540)
	reactor.core.publisher.FluxFlatMap$FlatMapInner.onSubscribe(FluxFlatMap.java:924)
	reactor.core.publisher.FluxIterable.subscribe(FluxIterable.java:139)
	reactor.core.publisher.FluxIterable.subscribe(FluxIterable.java:63)
	reactor.core.publisher.Flux.subscribe(Flux.java:7922)
	reactor.core.publisher.FluxFlatMap$FlatMapMain.onNext(FluxFlatMap.java:389)
	reactor.core.publisher.FluxConcatMap$ConcatMapImmediate.innerNext(FluxConcatMap.java:275)
	reactor.core.publisher.FluxConcatMap$ConcatMapInner.onNext(FluxConcatMap.java:849)
	reactor.core.publisher.FluxConcatMap$WeakScalarSubscription.request(FluxConcatMap.java:470)
	reactor.core.publisher.Operators$MultiSubscriptionSubscriber.set(Operators.java:1939)
	reactor.core.publisher.FluxConcatMap$ConcatMapImmediate.drain(FluxConcatMap.java:436)
	reactor.core.publisher.FluxConcatMap$ConcatMapImmediate.onNext(FluxConcatMap.java:244)
	reactor.core.publisher.FluxMap$MapSubscriber.onNext(FluxMap.java:114)
	reactor.core.publisher.FluxPeek$PeekSubscriber.onNext(FluxPeek.java:192)
	reactor.core.publisher.FluxMap$MapSubscriber.onNext(FluxMap.java:114)
	reactor.netty.channel.FluxReceive.drainReceiver(FluxReceive.java:206)
	reactor.netty.channel.FluxReceive.onInboundNext(FluxReceive.java:322)
	reactor.netty.channel.ChannelOperations.onInboundNext(ChannelOperations.java:335)
	reactor.netty.http.server.HttpServerOperations.onInboundNext(HttpServerOperations.java:456)
	reactor.netty.channel.ChannelOperationsHandler.channelRead(ChannelOperationsHandler.java:91)
	io.netty.channel.AbstractChannelHandlerContext.invokeChannelRead(AbstractChannelHandlerContext.java:374)
	io.netty.channel.AbstractChannelHandlerContext.invokeChannelRead(AbstractChannelHandlerContext.java:360)
	io.netty.channel.AbstractChannelHandlerContext.fireChannelRead(AbstractChannelHandlerContext.java:352)
	reactor.netty.http.server.HttpTrafficHandler.channelRead(HttpTrafficHandler.java:190)
	io.netty.channel.AbstractChannelHandlerContext.invokeChannelRead(AbstractChannelHandlerContext.java:374)
	io.netty.channel.AbstractChannelHandlerContext.invokeChannelRead(AbstractChannelHandlerContext.java:360)
	io.netty.channel.AbstractChannelHandlerContext.fireChannelRead(AbstractChannelHandlerContext.java:352)
	io.netty.channel.CombinedChannelDuplexHandler$DelegatingChannelHandlerContext.fireChannelRead(CombinedChannelDuplexHandler.java:438)
	io.netty.handler.codec.ByteToMessageDecoder.fireChannelRead(ByteToMessageDecoder.java:323)
	io.netty.handler.codec.ByteToMessageDecoder.fireChannelRead(ByteToMessageDecoder.java:310)
	io.netty.handler.codec.ByteToMessageDecoder.callDecode(ByteToMessageDecoder.java:426)
	io.netty.handler.codec.ByteToMessageDecoder.channelRead(ByteToMessageDecoder.java:278)
	io.netty.channel.CombinedChannelDuplexHandler.channelRead(CombinedChannelDuplexHandler.java:253)
	io.netty.channel.AbstractChannelHandlerContext.invokeChannelRead(AbstractChannelHandlerContext.java:374)
	io.netty.channel.AbstractChannelHandlerContext.invokeChannelRead(AbstractChannelHandlerContext.java:360)
	io.netty.channel.AbstractChannelHandlerContext.fireChannelRead(AbstractChannelHandlerContext.java:352)
	io.netty.channel.DefaultChannelPipeline$HeadContext.channelRead(DefaultChannelPipeline.java:1408)
	io.netty.channel.AbstractChannelHandlerContext.invokeChannelRead(AbstractChannelHandlerContext.java:374)
	io.netty.channel.AbstractChannelHandlerContext.invokeChannelRead(AbstractChannelHandlerContext.java:360)
	io.netty.channel.DefaultChannelPipeline.fireChannelRead(DefaultChannelPipeline.java:930)
	io.netty.channel.nio.AbstractNioByteChannel$NioByteUnsafe.read(AbstractNioByteChannel.java:163)
	io.netty.channel.nio.NioEventLoop.processSelectedKey(NioEventLoop.java:682)
	io.netty.channel.nio.NioEventLoop.processSelectedKeysOptimized(NioEventLoop.java:617)
	io.netty.channel.nio.NioEventLoop.processSelectedKeys(NioEventLoop.java:534)
	io.netty.channel.nio.NioEventLoop.run(NioEventLoop.java:496)
	io.netty.util.concurrent.SingleThreadEventExecutor$5.run(SingleThreadEventExecutor.java:906)
	io.netty.util.internal.ThreadExecutorMap$2.run(ThreadExecutorMap.java:74)
	io.netty.util.concurrent.FastThreadLocalRunnable.run(FastThreadLocalRunnable.java:30)
	java.lang.Thread.run(Thread.java:748)
#2:
	org.springframework.core.io.buffer.NettyDataBuffer.retain(NettyDataBuffer.java:303)
	org.springframework.core.io.buffer.DataBufferUtils.retain(DataBufferUtils.java:481)
	org.springframework.core.io.buffer.DataBufferUtils.endFrameAfterDelimiter(DataBufferUtils.java:654)
	org.springframework.core.io.buffer.DataBufferUtils.lambda$split$18(DataBufferUtils.java:603)
	reactor.core.publisher.FluxFlatMap$FlatMapMain.onNext(FluxFlatMap.java:350)
	reactor.core.publisher.FluxConcatMap$ConcatMapImmediate.innerNext(FluxConcatMap.java:275)
	reactor.core.publisher.FluxConcatMap$ConcatMapInner.onNext(FluxConcatMap.java:849)
	reactor.core.publisher.FluxConcatMap$WeakScalarSubscription.request(FluxConcatMap.java:470)
	reactor.core.publisher.Operators$MultiSubscriptionSubscriber.set(Operators.java:1939)
	reactor.core.publisher.FluxConcatMap$ConcatMapImmediate.drain(FluxConcatMap.java:436)
	reactor.core.publisher.FluxConcatMap$ConcatMapImmediate.onNext(FluxConcatMap.java:244)
	reactor.core.publisher.FluxMap$MapSubscriber.onNext(FluxMap.java:114)
	reactor.core.publisher.FluxPeek$PeekSubscriber.onNext(FluxPeek.java:192)
	reactor.core.publisher.FluxMap$MapSubscriber.onNext(FluxMap.java:114)
	reactor.netty.channel.FluxReceive.drainReceiver(FluxReceive.java:206)
	reactor.netty.channel.FluxReceive.onInboundNext(FluxReceive.java:322)
	reactor.netty.channel.ChannelOperations.onInboundNext(ChannelOperations.java:335)
	reactor.netty.http.server.HttpServerOperations.onInboundNext(HttpServerOperations.java:456)
	reactor.netty.channel.ChannelOperationsHandler.channelRead(ChannelOperationsHandler.java:91)
	io.netty.channel.AbstractChannelHandlerContext.invokeChannelRead(AbstractChannelHandlerContext.java:374)
	io.netty.channel.AbstractChannelHandlerContext.invokeChannelRead(AbstractChannelHandlerContext.java:360)
	io.netty.channel.AbstractChannelHandlerContext.fireChannelRead(AbstractChannelHandlerContext.java:352)
	reactor.netty.http.server.HttpTrafficHandler.channelRead(HttpTrafficHandler.java:190)
	io.netty.channel.AbstractChannelHandlerContext.invokeChannelRead(AbstractChannelHandlerContext.java:374)
	io.netty.channel.AbstractChannelHandlerContext.invokeChannelRead(AbstractChannelHandlerContext.java:360)
	io.netty.channel.AbstractChannelHandlerContext.fireChannelRead(AbstractChannelHandlerContext.java:352)
	io.netty.channel.CombinedChannelDuplexHandler$DelegatingChannelHandlerContext.fireChannelRead(CombinedChannelDuplexHandler.java:438)
	io.netty.handler.codec.ByteToMessageDecoder.fireChannelRead(ByteToMessageDecoder.java:323)
	io.netty.handler.codec.ByteToMessageDecoder.fireChannelRead(ByteToMessageDecoder.java:310)
	io.netty.handler.codec.ByteToMessageDecoder.callDecode(ByteToMessageDecoder.java:426)
	io.netty.handler.codec.ByteToMessageDecoder.channelRead(ByteToMessageDecoder.java:278)
	io.netty.channel.CombinedChannelDuplexHandler.channelRead(CombinedChannelDuplexHandler.java:253)
	io.netty.channel.AbstractChannelHandlerContext.invokeChannelRead(AbstractChannelHandlerContext.java:374)
	io.netty.channel.AbstractChannelHandlerContext.invokeChannelRead(AbstractChannelHandlerContext.java:360)
	io.netty.channel.AbstractChannelHandlerContext.fireChannelRead(AbstractChannelHandlerContext.java:352)
	io.netty.channel.DefaultChannelPipeline$HeadContext.channelRead(DefaultChannelPipeline.java:1408)
	io.netty.channel.AbstractChannelHandlerContext.invokeChannelRead(AbstractChannelHandlerContext.java:374)
	io.netty.channel.AbstractChannelHandlerContext.invokeChannelRead(AbstractChannelHandlerContext.java:360)
	io.netty.channel.DefaultChannelPipeline.fireChannelRead(DefaultChannelPipeline.java:930)
	io.netty.channel.nio.AbstractNioByteChannel$NioByteUnsafe.read(AbstractNioByteChannel.java:163)
	io.netty.channel.nio.NioEventLoop.processSelectedKey(NioEventLoop.java:682)
	io.netty.channel.nio.NioEventLoop.processSelectedKeysOptimized(NioEventLoop.java:617)
	io.netty.channel.nio.NioEventLoop.processSelectedKeys(NioEventLoop.java:534)
	io.netty.channel.nio.NioEventLoop.run(NioEventLoop.java:496)
	io.netty.util.concurrent.SingleThreadEventExecutor$5.run(SingleThreadEventExecutor.java:906)
	io.netty.util.internal.ThreadExecutorMap$2.run(ThreadExecutorMap.java:74)
	io.netty.util.concurrent.FastThreadLocalRunnable.run(FastThreadLocalRunnable.java:30)
	java.lang.Thread.run(Thread.java:748)
#3:
	io.netty.buffer.AdvancedLeakAwareByteBuf.getByte(AdvancedLeakAwareByteBuf.java:154)
	org.springframework.core.io.buffer.NettyDataBuffer.getByte(NettyDataBuffer.java:132)
	org.springframework.core.io.buffer.DataBufferUtils$KnuthMorrisPrattMatcher.match(DataBufferUtils.java:1005)
	org.springframework.core.io.buffer.DataBufferUtils.endFrameAfterDelimiter(DataBufferUtils.java:634)
	org.springframework.core.io.buffer.DataBufferUtils.lambda$split$18(DataBufferUtils.java:603)
	reactor.core.publisher.FluxFlatMap$FlatMapMain.onNext(FluxFlatMap.java:350)
	reactor.core.publisher.FluxConcatMap$ConcatMapImmediate.innerNext(FluxConcatMap.java:275)
	reactor.core.publisher.FluxConcatMap$ConcatMapInner.onNext(FluxConcatMap.java:849)
	reactor.core.publisher.FluxConcatMap$WeakScalarSubscription.request(FluxConcatMap.java:470)
	reactor.core.publisher.Operators$MultiSubscriptionSubscriber.set(Operators.java:1939)
	reactor.core.publisher.FluxConcatMap$ConcatMapImmediate.drain(FluxConcatMap.java:436)
	reactor.core.publisher.FluxConcatMap$ConcatMapImmediate.onNext(FluxConcatMap.java:244)
	reactor.core.publisher.FluxMap$MapSubscriber.onNext(FluxMap.java:114)
	reactor.core.publisher.FluxPeek$PeekSubscriber.onNext(FluxPeek.java:192)
	reactor.core.publisher.FluxMap$MapSubscriber.onNext(FluxMap.java:114)
	reactor.netty.channel.FluxReceive.drainReceiver(FluxReceive.java:206)
	reactor.netty.channel.FluxReceive.onInboundNext(FluxReceive.java:322)
	reactor.netty.channel.ChannelOperations.onInboundNext(ChannelOperations.java:335)
	reactor.netty.http.server.HttpServerOperations.onInboundNext(HttpServerOperations.java:456)
	reactor.netty.channel.ChannelOperationsHandler.channelRead(ChannelOperationsHandler.java:91)
	io.netty.channel.AbstractChannelHandlerContext.invokeChannelRead(AbstractChannelHandlerContext.java:374)
	io.netty.channel.AbstractChannelHandlerContext.invokeChannelRead(AbstractChannelHandlerContext.java:360)
	io.netty.channel.AbstractChannelHandlerContext.fireChannelRead(AbstractChannelHandlerContext.java:352)
	reactor.netty.http.server.HttpTrafficHandler.channelRead(HttpTrafficHandler.java:190)
	io.netty.channel.AbstractChannelHandlerContext.invokeChannelRead(AbstractChannelHandlerContext.java:374)
	io.netty.channel.AbstractChannelHandlerContext.invokeChannelRead(AbstractChannelHandlerContext.java:360)
	io.netty.channel.AbstractChannelHandlerContext.fireChannelRead(AbstractChannelHandlerContext.java:352)
	io.netty.channel.CombinedChannelDuplexHandler$DelegatingChannelHandlerContext.fireChannelRead(CombinedChannelDuplexHandler.java:438)
	io.netty.handler.codec.ByteToMessageDecoder.fireChannelRead(ByteToMessageDecoder.java:323)
	io.netty.handler.codec.ByteToMessageDecoder.fireChannelRead(ByteToMessageDecoder.java:310)
	io.netty.handler.codec.ByteToMessageDecoder.callDecode(ByteToMessageDecoder.java:426)
	io.netty.handler.codec.ByteToMessageDecoder.channelRead(ByteToMessageDecoder.java:278)
	io.netty.channel.CombinedChannelDuplexHandler.channelRead(CombinedChannelDuplexHandler.java:253)
	io.netty.channel.AbstractChannelHandlerContext.invokeChannelRead(AbstractChannelHandlerContext.java:374)
	io.netty.channel.AbstractChannelHandlerContext.invokeChannelRead(AbstractChannelHandlerContext.java:360)
	io.netty.channel.AbstractChannelHandlerContext.fireChannelRead(AbstractChannelHandlerContext.java:352)
	io.netty.channel.DefaultChannelPipeline$HeadContext.channelRead(DefaultChannelPipeline.java:1408)
	io.netty.channel.AbstractChannelHandlerContext.invokeChannelRead(AbstractChannelHandlerContext.java:374)
	io.netty.channel.AbstractChannelHandlerContext.invokeChannelRead(AbstractChannelHandlerContext.java:360)
	io.netty.channel.DefaultChannelPipeline.fireChannelRead(DefaultChannelPipeline.java:930)
	io.netty.channel.nio.AbstractNioByteChannel$NioByteUnsafe.read(AbstractNioByteChannel.java:163)
	io.netty.channel.nio.NioEventLoop.processSelectedKey(NioEventLoop.java:682)
	io.netty.channel.nio.NioEventLoop.processSelectedKeysOptimized(NioEventLoop.java:617)
	io.netty.channel.nio.NioEventLoop.processSelectedKeys(NioEventLoop.java:534)
	io.netty.channel.nio.NioEventLoop.run(NioEventLoop.java:496)
	io.netty.util.concurrent.SingleThreadEventExecutor$5.run(SingleThreadEventExecutor.java:906)
	io.netty.util.internal.ThreadExecutorMap$2.run(ThreadExecutorMap.java:74)
	io.netty.util.concurrent.FastThreadLocalRunnable.run(FastThreadLocalRunnable.java:30)
	java.lang.Thread.run(Thread.java:748)
#4:
	org.springframework.core.io.buffer.NettyDataBufferFactory.wrap(NettyDataBufferFactory.java:93)
	reactor.core.publisher.FluxMap$MapSubscriber.onNext(FluxMap.java:100)
	reactor.core.publisher.FluxPeek$PeekSubscriber.onNext(FluxPeek.java:192)
	reactor.core.publisher.FluxMap$MapSubscriber.onNext(FluxMap.java:114)
	reactor.netty.channel.FluxReceive.drainReceiver(FluxReceive.java:206)
	reactor.netty.channel.FluxReceive.onInboundNext(FluxReceive.java:322)
	reactor.netty.channel.ChannelOperations.onInboundNext(ChannelOperations.java:335)
	reactor.netty.http.server.HttpServerOperations.onInboundNext(HttpServerOperations.java:456)
	reactor.netty.channel.ChannelOperationsHandler.channelRead(ChannelOperationsHandler.java:91)
	io.netty.channel.AbstractChannelHandlerContext.invokeChannelRead(AbstractChannelHandlerContext.java:374)
	io.netty.channel.AbstractChannelHandlerContext.invokeChannelRead(AbstractChannelHandlerContext.java:360)
	io.netty.channel.AbstractChannelHandlerContext.fireChannelRead(AbstractChannelHandlerContext.java:352)
	reactor.netty.http.server.HttpTrafficHandler.channelRead(HttpTrafficHandler.java:190)
	io.netty.channel.AbstractChannelHandlerContext.invokeChannelRead(AbstractChannelHandlerContext.java:374)
	io.netty.channel.AbstractChannelHandlerContext.invokeChannelRead(AbstractChannelHandlerContext.java:360)
	io.netty.channel.AbstractChannelHandlerContext.fireChannelRead(AbstractChannelHandlerContext.java:352)
	io.netty.channel.CombinedChannelDuplexHandler$DelegatingChannelHandlerContext.fireChannelRead(CombinedChannelDuplexHandler.java:438)
	io.netty.handler.codec.ByteToMessageDecoder.fireChannelRead(ByteToMessageDecoder.java:323)
	io.netty.handler.codec.ByteToMessageDecoder.fireChannelRead(ByteToMessageDecoder.java:310)
	io.netty.handler.codec.ByteToMessageDecoder.callDecode(ByteToMessageDecoder.java:426)
	io.netty.handler.codec.ByteToMessageDecoder.channelRead(ByteToMessageDecoder.java:278)
	io.netty.channel.CombinedChannelDuplexHandler.channelRead(CombinedChannelDuplexHandler.java:253)
	io.netty.channel.AbstractChannelHandlerContext.invokeChannelRead(AbstractChannelHandlerContext.java:374)
	io.netty.channel.AbstractChannelHandlerContext.invokeChannelRead(AbstractChannelHandlerContext.java:360)
	io.netty.channel.AbstractChannelHandlerContext.fireChannelRead(AbstractChannelHandlerContext.java:352)
	io.netty.channel.DefaultChannelPipeline$HeadContext.channelRead(DefaultChannelPipeline.java:1408)
	io.netty.channel.AbstractChannelHandlerContext.invokeChannelRead(AbstractChannelHandlerContext.java:374)
	io.netty.channel.AbstractChannelHandlerContext.invokeChannelRead(AbstractChannelHandlerContext.java:360)
	io.netty.channel.DefaultChannelPipeline.fireChannelRead(DefaultChannelPipeline.java:930)
	io.netty.channel.nio.AbstractNioByteChannel$NioByteUnsafe.read(AbstractNioByteChannel.java:163)
	io.netty.channel.nio.NioEventLoop.processSelectedKey(NioEventLoop.java:682)
	io.netty.channel.nio.NioEventLoop.processSelectedKeysOptimized(NioEventLoop.java:617)
	io.netty.channel.nio.NioEventLoop.processSelectedKeys(NioEventLoop.java:534)
	io.netty.channel.nio.NioEventLoop.run(NioEventLoop.java:496)
	io.netty.util.concurrent.SingleThreadEventExecutor$5.run(SingleThreadEventExecutor.java:906)
	io.netty.util.internal.ThreadExecutorMap$2.run(ThreadExecutorMap.java:74)
	io.netty.util.concurrent.FastThreadLocalRunnable.run(FastThreadLocalRunnable.java:30)
	java.lang.Thread.run(Thread.java:748)
#5:
	reactor.core.publisher.FluxPeek$PeekSubscriber.onNext(FluxPeek.java:177)
	reactor.core.publisher.FluxMap$MapSubscriber.onNext(FluxMap.java:114)
	reactor.netty.channel.FluxReceive.drainReceiver(FluxReceive.java:206)
	reactor.netty.channel.FluxReceive.onInboundNext(FluxReceive.java:322)
	reactor.netty.channel.ChannelOperations.onInboundNext(ChannelOperations.java:335)
	reactor.netty.http.server.HttpServerOperations.onInboundNext(HttpServerOperations.java:456)
	reactor.netty.channel.ChannelOperationsHandler.channelRead(ChannelOperationsHandler.java:91)
	io.netty.channel.AbstractChannelHandlerContext.invokeChannelRead(AbstractChannelHandlerContext.java:374)
	io.netty.channel.AbstractChannelHandlerContext.invokeChannelRead(AbstractChannelHandlerContext.java:360)
	io.netty.channel.AbstractChannelHandlerContext.fireChannelRead(AbstractChannelHandlerContext.java:352)
	reactor.netty.http.server.HttpTrafficHandler.channelRead(HttpTrafficHandler.java:190)
	io.netty.channel.AbstractChannelHandlerContext.invokeChannelRead(AbstractChannelHandlerContext.java:374)
	io.netty.channel.AbstractChannelHandlerContext.invokeChannelRead(AbstractChannelHandlerContext.java:360)
	io.netty.channel.AbstractChannelHandlerContext.fireChannelRead(AbstractChannelHandlerContext.java:352)
	io.netty.channel.CombinedChannelDuplexHandler$DelegatingChannelHandlerContext.fireChannelRead(CombinedChannelDuplexHandler.java:438)
	io.netty.handler.codec.ByteToMessageDecoder.fireChannelRead(ByteToMessageDecoder.java:323)
	io.netty.handler.codec.ByteToMessageDecoder.fireChannelRead(ByteToMessageDecoder.java:310)
	io.netty.handler.codec.ByteToMessageDecoder.callDecode(ByteToMessageDecoder.java:426)
	io.netty.handler.codec.ByteToMessageDecoder.channelRead(ByteToMessageDecoder.java:278)
	io.netty.channel.CombinedChannelDuplexHandler.channelRead(CombinedChannelDuplexHandler.java:253)
	io.netty.channel.AbstractChannelHandlerContext.invokeChannelRead(AbstractChannelHandlerContext.java:374)
	io.netty.channel.AbstractChannelHandlerContext.invokeChannelRead(AbstractChannelHandlerContext.java:360)
	io.netty.channel.AbstractChannelHandlerContext.fireChannelRead(AbstractChannelHandlerContext.java:352)
	io.netty.channel.DefaultChannelPipeline$HeadContext.channelRead(DefaultChannelPipeline.java:1408)
	io.netty.channel.AbstractChannelHandlerContext.invokeChannelRead(AbstractChannelHandlerContext.java:374)
	io.netty.channel.AbstractChannelHandlerContext.invokeChannelRead(AbstractChannelHandlerContext.java:360)
	io.netty.channel.DefaultChannelPipeline.fireChannelRead(DefaultChannelPipeline.java:930)
	io.netty.channel.nio.AbstractNioByteChannel$NioByteUnsafe.read(AbstractNioByteChannel.java:163)
	io.netty.channel.nio.NioEventLoop.processSelectedKey(NioEventLoop.java:682)
	io.netty.channel.nio.NioEventLoop.processSelectedKeysOptimized(NioEventLoop.java:617)
	io.netty.channel.nio.NioEventLoop.processSelectedKeys(NioEventLoop.java:534)
	io.netty.channel.nio.NioEventLoop.run(NioEventLoop.java:496)
	io.netty.util.concurrent.SingleThreadEventExecutor$5.run(SingleThreadEventExecutor.java:906)
	io.netty.util.internal.ThreadExecutorMap$2.run(ThreadExecutorMap.java:74)
	io.netty.util.concurrent.FastThreadLocalRunnable.run(FastThreadLocalRunnable.java:30)
	java.lang.Thread.run(Thread.java:748)
#6:
	Hint: 'reactor.right.reactiveBridge' will handle the message from this point.
	io.netty.handler.codec.http.DefaultHttpContent.touch(DefaultHttpContent.java:88)
	io.netty.handler.codec.http.DefaultHttpContent.touch(DefaultHttpContent.java:24)
	io.netty.channel.DefaultChannelPipeline.touch(DefaultChannelPipeline.java:116)
	io.netty.channel.AbstractChannelHandlerContext.invokeChannelRead(AbstractChannelHandlerContext.java:357)
	io.netty.channel.AbstractChannelHandlerContext.fireChannelRead(AbstractChannelHandlerContext.java:352)
	reactor.netty.http.server.HttpTrafficHandler.channelRead(HttpTrafficHandler.java:190)
	io.netty.channel.AbstractChannelHandlerContext.invokeChannelRead(AbstractChannelHandlerContext.java:374)
	io.netty.channel.AbstractChannelHandlerContext.invokeChannelRead(AbstractChannelHandlerContext.java:360)
	io.netty.channel.AbstractChannelHandlerContext.fireChannelRead(AbstractChannelHandlerContext.java:352)
	io.netty.channel.CombinedChannelDuplexHandler$DelegatingChannelHandlerContext.fireChannelRead(CombinedChannelDuplexHandler.java:438)
	io.netty.handler.codec.ByteToMessageDecoder.fireChannelRead(ByteToMessageDecoder.java:323)
	io.netty.handler.codec.ByteToMessageDecoder.fireChannelRead(ByteToMessageDecoder.java:310)
	io.netty.handler.codec.ByteToMessageDecoder.callDecode(ByteToMessageDecoder.java:426)
	io.netty.handler.codec.ByteToMessageDecoder.channelRead(ByteToMessageDecoder.java:278)
	io.netty.channel.CombinedChannelDuplexHandler.channelRead(CombinedChannelDuplexHandler.java:253)
	io.netty.channel.AbstractChannelHandlerContext.invokeChannelRead(AbstractChannelHandlerContext.java:374)
	io.netty.channel.AbstractChannelHandlerContext.invokeChannelRead(AbstractChannelHandlerContext.java:360)
	io.netty.channel.AbstractChannelHandlerContext.fireChannelRead(AbstractChannelHandlerContext.java:352)
	io.netty.channel.DefaultChannelPipeline$HeadContext.channelRead(DefaultChannelPipeline.java:1408)
	io.netty.channel.AbstractChannelHandlerContext.invokeChannelRead(AbstractChannelHandlerContext.java:374)
	io.netty.channel.AbstractChannelHandlerContext.invokeChannelRead(AbstractChannelHandlerContext.java:360)
	io.netty.channel.DefaultChannelPipeline.fireChannelRead(DefaultChannelPipeline.java:930)
	io.netty.channel.nio.AbstractNioByteChannel$NioByteUnsafe.read(AbstractNioByteChannel.java:163)
	io.netty.channel.nio.NioEventLoop.processSelectedKey(NioEventLoop.java:682)
	io.netty.channel.nio.NioEventLoop.processSelectedKeysOptimized(NioEventLoop.java:617)
	io.netty.channel.nio.NioEventLoop.processSelectedKeys(NioEventLoop.java:534)
	io.netty.channel.nio.NioEventLoop.run(NioEventLoop.java:496)
	io.netty.util.concurrent.SingleThreadEventExecutor$5.run(SingleThreadEventExecutor.java:906)
	io.netty.util.internal.ThreadExecutorMap$2.run(ThreadExecutorMap.java:74)
	io.netty.util.concurrent.FastThreadLocalRunnable.run(FastThreadLocalRunnable.java:30)
	java.lang.Thread.run(Thread.java:748)
#7:
	Hint: 'reactor.left.httpTrafficHandler' will handle the message from this point.
	io.netty.handler.codec.http.DefaultHttpContent.touch(DefaultHttpContent.java:88)
	io.netty.handler.codec.http.DefaultHttpContent.touch(DefaultHttpContent.java:24)
	io.netty.channel.DefaultChannelPipeline.touch(DefaultChannelPipeline.java:116)
	io.netty.channel.AbstractChannelHandlerContext.invokeChannelRead(AbstractChannelHandlerContext.java:357)
	io.netty.channel.AbstractChannelHandlerContext.fireChannelRead(AbstractChannelHandlerContext.java:352)
	io.netty.channel.CombinedChannelDuplexHandler$DelegatingChannelHandlerContext.fireChannelRead(CombinedChannelDuplexHandler.java:438)
	io.netty.handler.codec.ByteToMessageDecoder.fireChannelRead(ByteToMessageDecoder.java:323)
	io.netty.handler.codec.ByteToMessageDecoder.fireChannelRead(ByteToMessageDecoder.java:310)
	io.netty.handler.codec.ByteToMessageDecoder.callDecode(ByteToMessageDecoder.java:426)
	io.netty.handler.codec.ByteToMessageDecoder.channelRead(ByteToMessageDecoder.java:278)
	io.netty.channel.CombinedChannelDuplexHandler.channelRead(CombinedChannelDuplexHandler.java:253)
	io.netty.channel.AbstractChannelHandlerContext.invokeChannelRead(AbstractChannelHandlerContext.java:374)
	io.netty.channel.AbstractChannelHandlerContext.invokeChannelRead(AbstractChannelHandlerContext.java:360)
	io.netty.channel.AbstractChannelHandlerContext.fireChannelRead(AbstractChannelHandlerContext.java:352)
	io.netty.channel.DefaultChannelPipeline$HeadContext.channelRead(DefaultChannelPipeline.java:1408)
	io.netty.channel.AbstractChannelHandlerContext.invokeChannelRead(AbstractChannelHandlerContext.java:374)
	io.netty.channel.AbstractChannelHandlerContext.invokeChannelRead(AbstractChannelHandlerContext.java:360)
	io.netty.channel.DefaultChannelPipeline.fireChannelRead(DefaultChannelPipeline.java:930)
	io.netty.channel.nio.AbstractNioByteChannel$NioByteUnsafe.read(AbstractNioByteChannel.java:163)
	io.netty.channel.nio.NioEventLoop.processSelectedKey(NioEventLoop.java:682)
	io.netty.channel.nio.NioEventLoop.processSelectedKeysOptimized(NioEventLoop.java:617)
	io.netty.channel.nio.NioEventLoop.processSelectedKeys(NioEventLoop.java:534)
	io.netty.channel.nio.NioEventLoop.run(NioEventLoop.java:496)
	io.netty.util.concurrent.SingleThreadEventExecutor$5.run(SingleThreadEventExecutor.java:906)
	io.netty.util.internal.ThreadExecutorMap$2.run(ThreadExecutorMap.java:74)
	io.netty.util.concurrent.FastThreadLocalRunnable.run(FastThreadLocalRunnable.java:30)
	java.lang.Thread.run(Thread.java:748)
Created at:
	io.netty.buffer.SimpleLeakAwareByteBuf.unwrappedDerived(SimpleLeakAwareByteBuf.java:143)
	io.netty.buffer.SimpleLeakAwareByteBuf.readRetainedSlice(SimpleLeakAwareByteBuf.java:67)
	io.netty.buffer.AdvancedLeakAwareByteBuf.readRetainedSlice(AdvancedLeakAwareByteBuf.java:107)
	io.netty.handler.codec.http.HttpObjectDecoder.decode(HttpObjectDecoder.java:336)
	io.netty.handler.codec.http.HttpServerCodec$HttpServerRequestDecoder.decode(HttpServerCodec.java:103)
	io.netty.handler.codec.ByteToMessageDecoder.decodeRemovalReentryProtection(ByteToMessageDecoder.java:502)
	io.netty.handler.codec.ByteToMessageDecoder.callDecode(ByteToMessageDecoder.java:441)
	io.netty.handler.codec.ByteToMessageDecoder.channelRead(ByteToMessageDecoder.java:278)
	io.netty.channel.CombinedChannelDuplexHandler.channelRead(CombinedChannelDuplexHandler.java:253)
	io.netty.channel.AbstractChannelHandlerContext.invokeChannelRead(AbstractChannelHandlerContext.java:374)
	io.netty.channel.AbstractChannelHandlerContext.invokeChannelRead(AbstractChannelHandlerContext.java:360)
	io.netty.channel.AbstractChannelHandlerContext.fireChannelRead(AbstractChannelHandlerContext.java:352)
	io.netty.channel.DefaultChannelPipeline$HeadContext.channelRead(DefaultChannelPipeline.java:1408)
	io.netty.channel.AbstractChannelHandlerContext.invokeChannelRead(AbstractChannelHandlerContext.java:374)
	io.netty.channel.AbstractChannelHandlerContext.invokeChannelRead(AbstractChannelHandlerContext.java:360)
	io.netty.channel.DefaultChannelPipeline.fireChannelRead(DefaultChannelPipeline.java:930)
	io.netty.channel.nio.AbstractNioByteChannel$NioByteUnsafe.read(AbstractNioByteChannel.java:163)
	io.netty.channel.nio.NioEventLoop.processSelectedKey(NioEventLoop.java:682)
	io.netty.channel.nio.NioEventLoop.processSelectedKeysOptimized(NioEventLoop.java:617)
	io.netty.channel.nio.NioEventLoop.processSelectedKeys(NioEventLoop.java:534)
	io.netty.channel.nio.NioEventLoop.run(NioEventLoop.java:496)
	io.netty.util.concurrent.SingleThreadEventExecutor$5.run(SingleThreadEventExecutor.java:906)
	io.netty.util.internal.ThreadExecutorMap$2.run(ThreadExecutorMap.java:74)
	io.netty.util.concurrent.FastThreadLocalRunnable.run(FastThreadLocalRunnable.java:30)
	java.lang.Thread.run(Thread.java:748)
: 1 leak records were discarded because they were duplicates
: 45 leak records were discarded because the leak record count is targeted to 4. Use system property io.netty.leakDetection.targetRecords to increase the limit.
22:43:01.577 [reactor-http-nio-8] ERROR i.n.u.ResourceLeakDetector - LEAK: ByteBuf.release() was not called before it's garbage-collected. See http://netty.io/wiki/reference-counted-objects.html for more information.
Recent access records: 
#1:
	org.springframework.core.io.buffer.NettyDataBuffer.release(NettyDataBuffer.java:308)
	org.springframework.core.io.buffer.DataBufferUtils.release(DataBufferUtils.java:498)
	org.springframework.http.codec.multipart.DefaultMultipartMessageReader.notLastBoundary(DefaultMultipartMessageReader.java:164)
	reactor.core.publisher.FluxTakeWhile$TakeWhileSubscriber.onNext(FluxTakeWhile.java:79)
	reactor.core.publisher.FluxContextStart$ContextStartSubscriber.onNext(FluxContextStart.java:103)
	reactor.core.publisher.FluxMap$MapConditionalSubscriber.onNext(FluxMap.java:213)
	reactor.core.publisher.DrainUtils.postCompleteDrain(DrainUtils.java:135)
	reactor.core.publisher.DrainUtils.postComplete(DrainUtils.java:186)
	reactor.core.publisher.FluxBufferPredicate$BufferPredicateSubscriber.onComplete(FluxBufferPredicate.java:285)
	reactor.core.publisher.FluxFlatMap$FlatMapMain.checkTerminated(FluxFlatMap.java:794)
	reactor.core.publisher.FluxFlatMap$FlatMapMain.drainLoop(FluxFlatMap.java:560)
	reactor.core.publisher.FluxFlatMap$FlatMapMain.drain(FluxFlatMap.java:540)
	reactor.core.publisher.FluxFlatMap$FlatMapMain.onComplete(FluxFlatMap.java:426)
	reactor.core.publisher.FluxConcatMap$ConcatMapImmediate.drain(FluxConcatMap.java:360)
	reactor.core.publisher.FluxConcatMap$ConcatMapImmediate.onComplete(FluxConcatMap.java:269)
	reactor.core.publisher.FluxMap$MapSubscriber.onComplete(FluxMap.java:136)
	reactor.core.publisher.FluxPeek$PeekSubscriber.onComplete(FluxPeek.java:252)
	reactor.core.publisher.FluxMap$MapSubscriber.onComplete(FluxMap.java:136)
	reactor.netty.channel.FluxReceive.terminateReceiver(FluxReceive.java:390)
	reactor.netty.channel.FluxReceive.drainReceiver(FluxReceive.java:197)
	reactor.netty.channel.FluxReceive.onInboundComplete(FluxReceive.java:338)
	reactor.netty.channel.ChannelOperations.onInboundComplete(ChannelOperations.java:350)
	reactor.netty.http.server.HttpServerOperations.onInboundNext(HttpServerOperations.java:459)
	reactor.netty.channel.ChannelOperationsHandler.channelRead(ChannelOperationsHandler.java:91)
	io.netty.channel.AbstractChannelHandlerContext.invokeChannelRead(AbstractChannelHandlerContext.java:374)
	io.netty.channel.AbstractChannelHandlerContext.invokeChannelRead(AbstractChannelHandlerContext.java:360)
	io.netty.channel.AbstractChannelHandlerContext.fireChannelRead(AbstractChannelHandlerContext.java:352)
	reactor.netty.http.server.HttpTrafficHandler.channelRead(HttpTrafficHandler.java:190)
	io.netty.channel.AbstractChannelHandlerContext.invokeChannelRead(AbstractChannelHandlerContext.java:374)
	io.netty.channel.AbstractChannelHandlerContext.invokeChannelRead(AbstractChannelHandlerContext.java:360)
	io.netty.channel.AbstractChannelHandlerContext.fireChannelRead(AbstractChannelHandlerContext.java:352)
	io.netty.channel.CombinedChannelDuplexHandler$DelegatingChannelHandlerContext.fireChannelRead(CombinedChannelDuplexHandler.java:438)
	io.netty.handler.codec.ByteToMessageDecoder.fireChannelRead(ByteToMessageDecoder.java:323)
	io.netty.handler.codec.ByteToMessageDecoder.channelRead(ByteToMessageDecoder.java:297)
	io.netty.channel.CombinedChannelDuplexHandler.channelRead(CombinedChannelDuplexHandler.java:253)
	io.netty.channel.AbstractChannelHandlerContext.invokeChannelRead(AbstractChannelHandlerContext.java:374)
	io.netty.channel.AbstractChannelHandlerContext.invokeChannelRead(AbstractChannelHandlerContext.java:360)
	io.netty.channel.AbstractChannelHandlerContext.fireChannelRead(AbstractChannelHandlerContext.java:352)
	io.netty.channel.DefaultChannelPipeline$HeadContext.channelRead(DefaultChannelPipeline.java:1408)
	io.netty.channel.AbstractChannelHandlerContext.invokeChannelRead(AbstractChannelHandlerContext.java:374)
	io.netty.channel.AbstractChannelHandlerContext.invokeChannelRead(AbstractChannelHandlerContext.java:360)
	io.netty.channel.DefaultChannelPipeline.fireChannelRead(DefaultChannelPipeline.java:930)
	io.netty.channel.nio.AbstractNioByteChannel$NioByteUnsafe.read(AbstractNioByteChannel.java:163)
	io.netty.channel.nio.NioEventLoop.processSelectedKey(NioEventLoop.java:682)
	io.netty.channel.nio.NioEventLoop.processSelectedKeysOptimized(NioEventLoop.java:617)
	io.netty.channel.nio.NioEventLoop.processSelectedKeys(NioEventLoop.java:534)
	io.netty.channel.nio.NioEventLoop.run(NioEventLoop.java:496)
	io.netty.util.concurrent.SingleThreadEventExecutor$5.run(SingleThreadEventExecutor.java:906)
	io.netty.util.internal.ThreadExecutorMap$2.run(ThreadExecutorMap.java:74)
	io.netty.util.concurrent.FastThreadLocalRunnable.run(FastThreadLocalRunnable.java:30)
	java.lang.Thread.run(Thread.java:748)
#2:
	io.netty.buffer.AdvancedLeakAwareByteBuf.getByte(AdvancedLeakAwareByteBuf.java:154)
	org.springframework.core.io.buffer.NettyDataBuffer.getByte(NettyDataBuffer.java:132)
	org.springframework.core.io.buffer.DataBufferUtils$KnuthMorrisPrattMatcher.match(DataBufferUtils.java:1005)
	org.springframework.core.io.buffer.DataBufferUtils.endFrameAfterDelimiter(DataBufferUtils.java:634)
	org.springframework.core.io.buffer.DataBufferUtils.lambda$split$18(DataBufferUtils.java:603)
	reactor.core.publisher.FluxFlatMap$FlatMapMain.onNext(FluxFlatMap.java:350)
	reactor.core.publisher.FluxConcatMap$ConcatMapImmediate.innerNext(FluxConcatMap.java:275)
	reactor.core.publisher.FluxConcatMap$ConcatMapInner.onNext(FluxConcatMap.java:849)
	reactor.core.publisher.FluxConcatMap$WeakScalarSubscription.request(FluxConcatMap.java:470)
	reactor.core.publisher.Operators$MultiSubscriptionSubscriber.set(Operators.java:1939)
	reactor.core.publisher.FluxConcatMap$ConcatMapImmediate.drain(FluxConcatMap.java:436)
	reactor.core.publisher.FluxConcatMap$ConcatMapImmediate.onNext(FluxConcatMap.java:244)
	reactor.core.publisher.FluxMap$MapSubscriber.onNext(FluxMap.java:114)
	reactor.core.publisher.FluxPeek$PeekSubscriber.onNext(FluxPeek.java:192)
	reactor.core.publisher.FluxMap$MapSubscriber.onNext(FluxMap.java:114)
	reactor.netty.channel.FluxReceive.drainReceiver(FluxReceive.java:206)
	reactor.netty.channel.FluxReceive.onInboundNext(FluxReceive.java:322)
	reactor.netty.channel.ChannelOperations.onInboundNext(ChannelOperations.java:335)
	reactor.netty.http.server.HttpServerOperations.onInboundNext(HttpServerOperations.java:456)
	reactor.netty.channel.ChannelOperationsHandler.channelRead(ChannelOperationsHandler.java:91)
	io.netty.channel.AbstractChannelHandlerContext.invokeChannelRead(AbstractChannelHandlerContext.java:374)
	io.netty.channel.AbstractChannelHandlerContext.invokeChannelRead(AbstractChannelHandlerContext.java:360)
	io.netty.channel.AbstractChannelHandlerContext.fireChannelRead(AbstractChannelHandlerContext.java:352)
	reactor.netty.http.server.HttpTrafficHandler.channelRead(HttpTrafficHandler.java:190)
	io.netty.channel.AbstractChannelHandlerContext.invokeChannelRead(AbstractChannelHandlerContext.java:374)
	io.netty.channel.AbstractChannelHandlerContext.invokeChannelRead(AbstractChannelHandlerContext.java:360)
	io.netty.channel.AbstractChannelHandlerContext.fireChannelRead(AbstractChannelHandlerContext.java:352)
	io.netty.channel.CombinedChannelDuplexHandler$DelegatingChannelHandlerContext.fireChannelRead(CombinedChannelDuplexHandler.java:438)
	io.netty.handler.codec.ByteToMessageDecoder.fireChannelRead(ByteToMessageDecoder.java:323)
	io.netty.handler.codec.ByteToMessageDecoder.fireChannelRead(ByteToMessageDecoder.java:310)
	io.netty.handler.codec.ByteToMessageDecoder.callDecode(ByteToMessageDecoder.java:426)
	io.netty.handler.codec.ByteToMessageDecoder.channelRead(ByteToMessageDecoder.java:278)
	io.netty.channel.CombinedChannelDuplexHandler.channelRead(CombinedChannelDuplexHandler.java:253)
	io.netty.channel.AbstractChannelHandlerContext.invokeChannelRead(AbstractChannelHandlerContext.java:374)
	io.netty.channel.AbstractChannelHandlerContext.invokeChannelRead(AbstractChannelHandlerContext.java:360)
	io.netty.channel.AbstractChannelHandlerContext.fireChannelRead(AbstractChannelHandlerContext.java:352)
	io.netty.channel.DefaultChannelPipeline$HeadContext.channelRead(DefaultChannelPipeline.java:1408)
	io.netty.channel.AbstractChannelHandlerContext.invokeChannelRead(AbstractChannelHandlerContext.java:374)
	io.netty.channel.AbstractChannelHandlerContext.invokeChannelRead(AbstractChannelHandlerContext.java:360)
	io.netty.channel.DefaultChannelPipeline.fireChannelRead(DefaultChannelPipeline.java:930)
	io.netty.channel.nio.AbstractNioByteChannel$NioByteUnsafe.read(AbstractNioByteChannel.java:163)
	io.netty.channel.nio.NioEventLoop.processSelectedKey(NioEventLoop.java:682)
	io.netty.channel.nio.NioEventLoop.processSelectedKeysOptimized(NioEventLoop.java:617)
	io.netty.channel.nio.NioEventLoop.processSelectedKeys(NioEventLoop.java:534)
	io.netty.channel.nio.NioEventLoop.run(NioEventLoop.java:496)
	io.netty.util.concurrent.SingleThreadEventExecutor$5.run(SingleThreadEventExecutor.java:906)
	io.netty.util.internal.ThreadExecutorMap$2.run(ThreadExecutorMap.java:74)
	io.netty.util.concurrent.FastThreadLocalRunnable.run(FastThreadLocalRunnable.java:30)
	java.lang.Thread.run(Thread.java:748)
#3:
	reactor.core.publisher.FluxPeek$PeekSubscriber.onNext(FluxPeek.java:177)
	reactor.core.publisher.FluxMap$MapSubscriber.onNext(FluxMap.java:114)
	reactor.netty.channel.FluxReceive.drainReceiver(FluxReceive.java:206)
	reactor.netty.channel.FluxReceive.onInboundNext(FluxReceive.java:322)
	reactor.netty.channel.ChannelOperations.onInboundNext(ChannelOperations.java:335)
	reactor.netty.http.server.HttpServerOperations.onInboundNext(HttpServerOperations.java:456)
	reactor.netty.channel.ChannelOperationsHandler.channelRead(ChannelOperationsHandler.java:91)
	io.netty.channel.AbstractChannelHandlerContext.invokeChannelRead(AbstractChannelHandlerContext.java:374)
	io.netty.channel.AbstractChannelHandlerContext.invokeChannelRead(AbstractChannelHandlerContext.java:360)
	io.netty.channel.AbstractChannelHandlerContext.fireChannelRead(AbstractChannelHandlerContext.java:352)
	reactor.netty.http.server.HttpTrafficHandler.channelRead(HttpTrafficHandler.java:190)
	io.netty.channel.AbstractChannelHandlerContext.invokeChannelRead(AbstractChannelHandlerContext.java:374)
	io.netty.channel.AbstractChannelHandlerContext.invokeChannelRead(AbstractChannelHandlerContext.java:360)
	io.netty.channel.AbstractChannelHandlerContext.fireChannelRead(AbstractChannelHandlerContext.java:352)
	io.netty.channel.CombinedChannelDuplexHandler$DelegatingChannelHandlerContext.fireChannelRead(CombinedChannelDuplexHandler.java:438)
	io.netty.handler.codec.ByteToMessageDecoder.fireChannelRead(ByteToMessageDecoder.java:323)
	io.netty.handler.codec.ByteToMessageDecoder.fireChannelRead(ByteToMessageDecoder.java:310)
	io.netty.handler.codec.ByteToMessageDecoder.callDecode(ByteToMessageDecoder.java:426)
	io.netty.handler.codec.ByteToMessageDecoder.channelRead(ByteToMessageDecoder.java:278)
	io.netty.channel.CombinedChannelDuplexHandler.channelRead(CombinedChannelDuplexHandler.java:253)
	io.netty.channel.AbstractChannelHandlerContext.invokeChannelRead(AbstractChannelHandlerContext.java:374)
	io.netty.channel.AbstractChannelHandlerContext.invokeChannelRead(AbstractChannelHandlerContext.java:360)
	io.netty.channel.AbstractChannelHandlerContext.fireChannelRead(AbstractChannelHandlerContext.java:352)
	io.netty.channel.DefaultChannelPipeline$HeadContext.channelRead(DefaultChannelPipeline.java:1408)
	io.netty.channel.AbstractChannelHandlerContext.invokeChannelRead(AbstractChannelHandlerContext.java:374)
	io.netty.channel.AbstractChannelHandlerContext.invokeChannelRead(AbstractChannelHandlerContext.java:360)
	io.netty.channel.DefaultChannelPipeline.fireChannelRead(DefaultChannelPipeline.java:930)
	io.netty.channel.nio.AbstractNioByteChannel$NioByteUnsafe.read(AbstractNioByteChannel.java:163)
	io.netty.channel.nio.NioEventLoop.processSelectedKey(NioEventLoop.java:682)
	io.netty.channel.nio.NioEventLoop.processSelectedKeysOptimized(NioEventLoop.java:617)
	io.netty.channel.nio.NioEventLoop.processSelectedKeys(NioEventLoop.java:534)
	io.netty.channel.nio.NioEventLoop.run(NioEventLoop.java:496)
	io.netty.util.concurrent.SingleThreadEventExecutor$5.run(SingleThreadEventExecutor.java:906)
	io.netty.util.internal.ThreadExecutorMap$2.run(ThreadExecutorMap.java:74)
	io.netty.util.concurrent.FastThreadLocalRunnable.run(FastThreadLocalRunnable.java:30)
	java.lang.Thread.run(Thread.java:748)
#4:
	Hint: 'reactor.right.reactiveBridge' will handle the message from this point.
	io.netty.handler.codec.http.DefaultHttpContent.touch(DefaultHttpContent.java:88)
	io.netty.handler.codec.http.DefaultHttpContent.touch(DefaultHttpContent.java:24)
	io.netty.channel.DefaultChannelPipeline.touch(DefaultChannelPipeline.java:116)
	io.netty.channel.AbstractChannelHandlerContext.invokeChannelRead(AbstractChannelHandlerContext.java:357)
	io.netty.channel.AbstractChannelHandlerContext.fireChannelRead(AbstractChannelHandlerContext.java:352)
	reactor.netty.http.server.HttpTrafficHandler.channelRead(HttpTrafficHandler.java:190)
	io.netty.channel.AbstractChannelHandlerContext.invokeChannelRead(AbstractChannelHandlerContext.java:374)
	io.netty.channel.AbstractChannelHandlerContext.invokeChannelRead(AbstractChannelHandlerContext.java:360)
	io.netty.channel.AbstractChannelHandlerContext.fireChannelRead(AbstractChannelHandlerContext.java:352)
	io.netty.channel.CombinedChannelDuplexHandler$DelegatingChannelHandlerContext.fireChannelRead(CombinedChannelDuplexHandler.java:438)
	io.netty.handler.codec.ByteToMessageDecoder.fireChannelRead(ByteToMessageDecoder.java:323)
	io.netty.handler.codec.ByteToMessageDecoder.fireChannelRead(ByteToMessageDecoder.java:310)
	io.netty.handler.codec.ByteToMessageDecoder.callDecode(ByteToMessageDecoder.java:426)
	io.netty.handler.codec.ByteToMessageDecoder.channelRead(ByteToMessageDecoder.java:278)
	io.netty.channel.CombinedChannelDuplexHandler.channelRead(CombinedChannelDuplexHandler.java:253)
	io.netty.channel.AbstractChannelHandlerContext.invokeChannelRead(AbstractChannelHandlerContext.java:374)
	io.netty.channel.AbstractChannelHandlerContext.invokeChannelRead(AbstractChannelHandlerContext.java:360)
	io.netty.channel.AbstractChannelHandlerContext.fireChannelRead(AbstractChannelHandlerContext.java:352)
	io.netty.channel.DefaultChannelPipeline$HeadContext.channelRead(DefaultChannelPipeline.java:1408)
	io.netty.channel.AbstractChannelHandlerContext.invokeChannelRead(AbstractChannelHandlerContext.java:374)
	io.netty.channel.AbstractChannelHandlerContext.invokeChannelRead(AbstractChannelHandlerContext.java:360)
	io.netty.channel.DefaultChannelPipeline.fireChannelRead(DefaultChannelPipeline.java:930)
	io.netty.channel.nio.AbstractNioByteChannel$NioByteUnsafe.read(AbstractNioByteChannel.java:163)
	io.netty.channel.nio.NioEventLoop.processSelectedKey(NioEventLoop.java:682)
	io.netty.channel.nio.NioEventLoop.processSelectedKeysOptimized(NioEventLoop.java:617)
	io.netty.channel.nio.NioEventLoop.processSelectedKeys(NioEventLoop.java:534)
	io.netty.channel.nio.NioEventLoop.run(NioEventLoop.java:496)
	io.netty.util.concurrent.SingleThreadEventExecutor$5.run(SingleThreadEventExecutor.java:906)
	io.netty.util.internal.ThreadExecutorMap$2.run(ThreadExecutorMap.java:74)
	io.netty.util.concurrent.FastThreadLocalRunnable.run(FastThreadLocalRunnable.java:30)
	java.lang.Thread.run(Thread.java:748)
#5:
	Hint: 'reactor.left.httpTrafficHandler' will handle the message from this point.
	io.netty.handler.codec.http.DefaultHttpContent.touch(DefaultHttpContent.java:88)
	io.netty.handler.codec.http.DefaultHttpContent.touch(DefaultHttpContent.java:24)
	io.netty.channel.DefaultChannelPipeline.touch(DefaultChannelPipeline.java:116)
	io.netty.channel.AbstractChannelHandlerContext.invokeChannelRead(AbstractChannelHandlerContext.java:357)
	io.netty.channel.AbstractChannelHandlerContext.fireChannelRead(AbstractChannelHandlerContext.java:352)
	io.netty.channel.CombinedChannelDuplexHandler$DelegatingChannelHandlerContext.fireChannelRead(CombinedChannelDuplexHandler.java:438)
	io.netty.handler.codec.ByteToMessageDecoder.fireChannelRead(ByteToMessageDecoder.java:323)
	io.netty.handler.codec.ByteToMessageDecoder.fireChannelRead(ByteToMessageDecoder.java:310)
	io.netty.handler.codec.ByteToMessageDecoder.callDecode(ByteToMessageDecoder.java:426)
	io.netty.handler.codec.ByteToMessageDecoder.channelRead(ByteToMessageDecoder.java:278)
	io.netty.channel.CombinedChannelDuplexHandler.channelRead(CombinedChannelDuplexHandler.java:253)
	io.netty.channel.AbstractChannelHandlerContext.invokeChannelRead(AbstractChannelHandlerContext.java:374)
	io.netty.channel.AbstractChannelHandlerContext.invokeChannelRead(AbstractChannelHandlerContext.java:360)
	io.netty.channel.AbstractChannelHandlerContext.fireChannelRead(AbstractChannelHandlerContext.java:352)
	io.netty.channel.DefaultChannelPipeline$HeadContext.channelRead(DefaultChannelPipeline.java:1408)
	io.netty.channel.AbstractChannelHandlerContext.invokeChannelRead(AbstractChannelHandlerContext.java:374)
	io.netty.channel.AbstractChannelHandlerContext.invokeChannelRead(AbstractChannelHandlerContext.java:360)
	io.netty.channel.DefaultChannelPipeline.fireChannelRead(DefaultChannelPipeline.java:930)
	io.netty.channel.nio.AbstractNioByteChannel$NioByteUnsafe.read(AbstractNioByteChannel.java:163)
	io.netty.channel.nio.NioEventLoop.processSelectedKey(NioEventLoop.java:682)
	io.netty.channel.nio.NioEventLoop.processSelectedKeysOptimized(NioEventLoop.java:617)
	io.netty.channel.nio.NioEventLoop.processSelectedKeys(NioEventLoop.java:534)
	io.netty.channel.nio.NioEventLoop.run(NioEventLoop.java:496)
	io.netty.util.concurrent.SingleThreadEventExecutor$5.run(SingleThreadEventExecutor.java:906)
	io.netty.util.internal.ThreadExecutorMap$2.run(ThreadExecutorMap.java:74)
	io.netty.util.concurrent.FastThreadLocalRunnable.run(FastThreadLocalRunnable.java:30)
	java.lang.Thread.run(Thread.java:748)
Created at:
	io.netty.buffer.SimpleLeakAwareByteBuf.unwrappedDerived(SimpleLeakAwareByteBuf.java:143)
	io.netty.buffer.SimpleLeakAwareByteBuf.readRetainedSlice(SimpleLeakAwareByteBuf.java:67)
	io.netty.buffer.AdvancedLeakAwareByteBuf.readRetainedSlice(AdvancedLeakAwareByteBuf.java:107)
	io.netty.handler.codec.http.HttpObjectDecoder.decode(HttpObjectDecoder.java:336)
	io.netty.handler.codec.http.HttpServerCodec$HttpServerRequestDecoder.decode(HttpServerCodec.java:103)
	io.netty.handler.codec.ByteToMessageDecoder.decodeRemovalReentryProtection(ByteToMessageDecoder.java:502)
	io.netty.handler.codec.ByteToMessageDecoder.callDecode(ByteToMessageDecoder.java:441)
	io.netty.handler.codec.ByteToMessageDecoder.channelRead(ByteToMessageDecoder.java:278)
	io.netty.channel.CombinedChannelDuplexHandler.channelRead(CombinedChannelDuplexHandler.java:253)
	io.netty.channel.AbstractChannelHandlerContext.invokeChannelRead(AbstractChannelHandlerContext.java:374)
	io.netty.channel.AbstractChannelHandlerContext.invokeChannelRead(AbstractChannelHandlerContext.java:360)
	io.netty.channel.AbstractChannelHandlerContext.fireChannelRead(AbstractChannelHandlerContext.java:352)
	io.netty.channel.DefaultChannelPipeline$HeadContext.channelRead(DefaultChannelPipeline.java:1408)
	io.netty.channel.AbstractChannelHandlerContext.invokeChannelRead(AbstractChannelHandlerContext.java:374)
	io.netty.channel.AbstractChannelHandlerContext.invokeChannelRead(AbstractChannelHandlerContext.java:360)
	io.netty.channel.DefaultChannelPipeline.fireChannelRead(DefaultChannelPipeline.java:930)
	io.netty.channel.nio.AbstractNioByteChannel$NioByteUnsafe.read(AbstractNioByteChannel.java:163)
	io.netty.channel.nio.NioEventLoop.processSelectedKey(NioEventLoop.java:682)
	io.netty.channel.nio.NioEventLoop.processSelectedKeysOptimized(NioEventLoop.java:617)
	io.netty.channel.nio.NioEventLoop.processSelectedKeys(NioEventLoop.java:534)
	io.netty.channel.nio.NioEventLoop.run(NioEventLoop.java:496)
	io.netty.util.concurrent.SingleThreadEventExecutor$5.run(SingleThreadEventExecutor.java:906)
	io.netty.util.internal.ThreadExecutorMap$2.run(ThreadExecutorMap.java:74)
	io.netty.util.concurrent.FastThreadLocalRunnable.run(FastThreadLocalRunnable.java:30)
	java.lang.Thread.run(Thread.java:748)
: 2 leak records were discarded because they were duplicates
: 41 leak records were discarded because the leak record count is targeted to 4. Use system property io.netty.leakDetection.targetRecords to increase the limit.
22:43:01.579 [reactor-http-nio-8] ERROR i.n.u.ResourceLeakDetector - LEAK: ByteBuf.release() was not called before it's garbage-collected. See http://netty.io/wiki/reference-counted-objects.html for more information.
Recent access records: 
#1:
	io.netty.buffer.AdvancedLeakAwareByteBuf.order(AdvancedLeakAwareByteBuf.java:70)
	io.netty.buffer.CompositeByteBuf.newComponent(CompositeByteBuf.java:318)
	io.netty.buffer.CompositeByteBuf.addComponent0(CompositeByteBuf.java:280)
	io.netty.buffer.CompositeByteBuf.addComponent(CompositeByteBuf.java:265)
	io.netty.buffer.CompositeByteBuf.addComponent(CompositeByteBuf.java:222)
	io.netty.buffer.WrappedCompositeByteBuf.addComponent(WrappedCompositeByteBuf.java:529)
	io.netty.buffer.AdvancedLeakAwareCompositeByteBuf.addComponent(AdvancedLeakAwareCompositeByteBuf.java:921)
	org.springframework.core.io.buffer.NettyDataBufferFactory.join(NettyDataBufferFactory.java:111)
	org.springframework.core.io.buffer.DataBufferUtils.joinAndStrip(DataBufferUtils.java:686)
	org.springframework.core.io.buffer.DataBufferUtils.lambda$split$20(DataBufferUtils.java:605)
	reactor.core.publisher.FluxMap$MapConditionalSubscriber.onNext(FluxMap.java:199)
	reactor.core.publisher.FluxBufferPredicate$BufferPredicateSubscriber.emit(FluxBufferPredicate.java:290)
	reactor.core.publisher.FluxBufferPredicate$BufferPredicateSubscriber.onNextNewBuffer(FluxBufferPredicate.java:257)
	reactor.core.publisher.FluxBufferPredicate$BufferPredicateSubscriber.tryOnNext(FluxBufferPredicate.java:211)
	reactor.core.publisher.FluxBufferPredicate$BufferPredicateSubscriber.onNext(FluxBufferPredicate.java:184)
	reactor.core.publisher.FluxFlatMap$FlatMapMain.drainLoop(FluxFlatMap.java:664)
	reactor.core.publisher.FluxFlatMap$FlatMapMain.drain(FluxFlatMap.java:540)
	reactor.core.publisher.FluxFlatMap$FlatMapInner.onSubscribe(FluxFlatMap.java:924)
	reactor.core.publisher.FluxIterable.subscribe(FluxIterable.java:139)
	reactor.core.publisher.FluxIterable.subscribe(FluxIterable.java:63)
	reactor.core.publisher.Flux.subscribe(Flux.java:7922)
	reactor.core.publisher.FluxFlatMap$FlatMapMain.onNext(FluxFlatMap.java:389)
	reactor.core.publisher.FluxConcatMap$ConcatMapImmediate.innerNext(FluxConcatMap.java:275)
	reactor.core.publisher.FluxConcatMap$ConcatMapInner.onNext(FluxConcatMap.java:849)
	reactor.core.publisher.FluxConcatMap$WeakScalarSubscription.request(FluxConcatMap.java:470)
	reactor.core.publisher.Operators$MultiSubscriptionSubscriber.set(Operators.java:1939)
	reactor.core.publisher.FluxConcatMap$ConcatMapImmediate.drain(FluxConcatMap.java:436)
	reactor.core.publisher.FluxConcatMap$ConcatMapImmediate.onNext(FluxConcatMap.java:244)
	reactor.core.publisher.FluxMap$MapSubscriber.onNext(FluxMap.java:114)
	reactor.core.publisher.FluxPeek$PeekSubscriber.onNext(FluxPeek.java:192)
	reactor.core.publisher.FluxMap$MapSubscriber.onNext(FluxMap.java:114)
	reactor.netty.channel.FluxReceive.drainReceiver(FluxReceive.java:206)
	reactor.netty.channel.FluxReceive.onInboundNext(FluxReceive.java:322)
	reactor.netty.channel.ChannelOperations.onInboundNext(ChannelOperations.java:335)
	reactor.netty.http.server.HttpServerOperations.onInboundNext(HttpServerOperations.java:456)
	reactor.netty.channel.ChannelOperationsHandler.channelRead(ChannelOperationsHandler.java:91)
	io.netty.channel.AbstractChannelHandlerContext.invokeChannelRead(AbstractChannelHandlerContext.java:374)
	io.netty.channel.AbstractChannelHandlerContext.invokeChannelRead(AbstractChannelHandlerContext.java:360)
	io.netty.channel.AbstractChannelHandlerContext.fireChannelRead(AbstractChannelHandlerContext.java:352)
	reactor.netty.http.server.HttpTrafficHandler.channelRead(HttpTrafficHandler.java:190)
	io.netty.channel.AbstractChannelHandlerContext.invokeChannelRead(AbstractChannelHandlerContext.java:374)
	io.netty.channel.AbstractChannelHandlerContext.invokeChannelRead(AbstractChannelHandlerContext.java:360)
	io.netty.channel.AbstractChannelHandlerContext.fireChannelRead(AbstractChannelHandlerContext.java:352)
	io.netty.channel.CombinedChannelDuplexHandler$DelegatingChannelHandlerContext.fireChannelRead(CombinedChannelDuplexHandler.java:438)
	io.netty.handler.codec.ByteToMessageDecoder.fireChannelRead(ByteToMessageDecoder.java:323)
	io.netty.handler.codec.ByteToMessageDecoder.fireChannelRead(ByteToMessageDecoder.java:310)
	io.netty.handler.codec.ByteToMessageDecoder.callDecode(ByteToMessageDecoder.java:426)
	io.netty.handler.codec.ByteToMessageDecoder.channelRead(ByteToMessageDecoder.java:278)
	io.netty.channel.CombinedChannelDuplexHandler.channelRead(CombinedChannelDuplexHandler.java:253)
	io.netty.channel.AbstractChannelHandlerContext.invokeChannelRead(AbstractChannelHandlerContext.java:374)
	io.netty.channel.AbstractChannelHandlerContext.invokeChannelRead(AbstractChannelHandlerContext.java:360)
	io.netty.channel.AbstractChannelHandlerContext.fireChannelRead(AbstractChannelHandlerContext.java:352)
	io.netty.channel.DefaultChannelPipeline$HeadContext.channelRead(DefaultChannelPipeline.java:1408)
	io.netty.channel.AbstractChannelHandlerContext.invokeChannelRead(AbstractChannelHandlerContext.java:374)
	io.netty.channel.AbstractChannelHandlerContext.invokeChannelRead(AbstractChannelHandlerContext.java:360)
	io.netty.channel.DefaultChannelPipeline.fireChannelRead(DefaultChannelPipeline.java:930)
	io.netty.channel.nio.AbstractNioByteChannel$NioByteUnsafe.read(AbstractNioByteChannel.java:163)
	io.netty.channel.nio.NioEventLoop.processSelectedKey(NioEventLoop.java:682)
	io.netty.channel.nio.NioEventLoop.processSelectedKeysOptimized(NioEventLoop.java:617)
	io.netty.channel.nio.NioEventLoop.processSelectedKeys(NioEventLoop.java:534)
	io.netty.channel.nio.NioEventLoop.run(NioEventLoop.java:496)
	io.netty.util.concurrent.SingleThreadEventExecutor$5.run(SingleThreadEventExecutor.java:906)
	io.netty.util.internal.ThreadExecutorMap$2.run(ThreadExecutorMap.java:74)
	io.netty.util.concurrent.FastThreadLocalRunnable.run(FastThreadLocalRunnable.java:30)
	java.lang.Thread.run(Thread.java:748)
#2:
	io.netty.buffer.AdvancedLeakAwareByteBuf.getByte(AdvancedLeakAwareByteBuf.java:154)
	org.springframework.core.io.buffer.NettyDataBuffer.getByte(NettyDataBuffer.java:132)
	org.springframework.core.io.buffer.DataBufferUtils$KnuthMorrisPrattMatcher.match(DataBufferUtils.java:1005)
	org.springframework.core.io.buffer.DataBufferUtils.endFrameAfterDelimiter(DataBufferUtils.java:634)
	org.springframework.core.io.buffer.DataBufferUtils.lambda$split$18(DataBufferUtils.java:603)
	reactor.core.publisher.FluxFlatMap$FlatMapMain.onNext(FluxFlatMap.java:350)
	reactor.core.publisher.FluxConcatMap$ConcatMapImmediate.innerNext(FluxConcatMap.java:275)
	reactor.core.publisher.FluxConcatMap$ConcatMapInner.onNext(FluxConcatMap.java:849)
	reactor.core.publisher.FluxConcatMap$WeakScalarSubscription.request(FluxConcatMap.java:470)
	reactor.core.publisher.Operators$MultiSubscriptionSubscriber.set(Operators.java:1939)
	reactor.core.publisher.FluxConcatMap$ConcatMapImmediate.drain(FluxConcatMap.java:436)
	reactor.core.publisher.FluxConcatMap$ConcatMapImmediate.onNext(FluxConcatMap.java:244)
	reactor.core.publisher.FluxMap$MapSubscriber.onNext(FluxMap.java:114)
	reactor.core.publisher.FluxPeek$PeekSubscriber.onNext(FluxPeek.java:192)
	reactor.core.publisher.FluxMap$MapSubscriber.onNext(FluxMap.java:114)
	reactor.netty.channel.FluxReceive.drainReceiver(FluxReceive.java:206)
	reactor.netty.channel.FluxReceive.onInboundNext(FluxReceive.java:322)
	reactor.netty.channel.ChannelOperations.onInboundNext(ChannelOperations.java:335)
	reactor.netty.http.server.HttpServerOperations.onInboundNext(HttpServerOperations.java:456)
	reactor.netty.channel.ChannelOperationsHandler.channelRead(ChannelOperationsHandler.java:91)
	io.netty.channel.AbstractChannelHandlerContext.invokeChannelRead(AbstractChannelHandlerContext.java:374)
	io.netty.channel.AbstractChannelHandlerContext.invokeChannelRead(AbstractChannelHandlerContext.java:360)
	io.netty.channel.AbstractChannelHandlerContext.fireChannelRead(AbstractChannelHandlerContext.java:352)
	reactor.netty.http.server.HttpTrafficHandler.channelRead(HttpTrafficHandler.java:190)
	io.netty.channel.AbstractChannelHandlerContext.invokeChannelRead(AbstractChannelHandlerContext.java:374)
	io.netty.channel.AbstractChannelHandlerContext.invokeChannelRead(AbstractChannelHandlerContext.java:360)
	io.netty.channel.AbstractChannelHandlerContext.fireChannelRead(AbstractChannelHandlerContext.java:352)
	io.netty.channel.CombinedChannelDuplexHandler$DelegatingChannelHandlerContext.fireChannelRead(CombinedChannelDuplexHandler.java:438)
	io.netty.handler.codec.ByteToMessageDecoder.fireChannelRead(ByteToMessageDecoder.java:323)
	io.netty.handler.codec.ByteToMessageDecoder.fireChannelRead(ByteToMessageDecoder.java:310)
	io.netty.handler.codec.ByteToMessageDecoder.callDecode(ByteToMessageDecoder.java:426)
	io.netty.handler.codec.ByteToMessageDecoder.channelRead(ByteToMessageDecoder.java:278)
	io.netty.channel.CombinedChannelDuplexHandler.channelRead(CombinedChannelDuplexHandler.java:253)
	io.netty.channel.AbstractChannelHandlerContext.invokeChannelRead(AbstractChannelHandlerContext.java:374)
	io.netty.channel.AbstractChannelHandlerContext.invokeChannelRead(AbstractChannelHandlerContext.java:360)
	io.netty.channel.AbstractChannelHandlerContext.fireChannelRead(AbstractChannelHandlerContext.java:352)
	io.netty.channel.DefaultChannelPipeline$HeadContext.channelRead(DefaultChannelPipeline.java:1408)
	io.netty.channel.AbstractChannelHandlerContext.invokeChannelRead(AbstractChannelHandlerContext.java:374)
	io.netty.channel.AbstractChannelHandlerContext.invokeChannelRead(AbstractChannelHandlerContext.java:360)
	io.netty.channel.DefaultChannelPipeline.fireChannelRead(DefaultChannelPipeline.java:930)
	io.netty.channel.nio.AbstractNioByteChannel$NioByteUnsafe.read(AbstractNioByteChannel.java:163)
	io.netty.channel.nio.NioEventLoop.processSelectedKey(NioEventLoop.java:682)
	io.netty.channel.nio.NioEventLoop.processSelectedKeysOptimized(NioEventLoop.java:617)
	io.netty.channel.nio.NioEventLoop.processSelectedKeys(NioEventLoop.java:534)
	io.netty.channel.nio.NioEventLoop.run(NioEventLoop.java:496)
	io.netty.util.concurrent.SingleThreadEventExecutor$5.run(SingleThreadEventExecutor.java:906)
	io.netty.util.internal.ThreadExecutorMap$2.run(ThreadExecutorMap.java:74)
	io.netty.util.concurrent.FastThreadLocalRunnable.run(FastThreadLocalRunnable.java:30)
	java.lang.Thread.run(Thread.java:748)
#3:
	reactor.core.publisher.FluxPeek$PeekSubscriber.onNext(FluxPeek.java:177)
	reactor.core.publisher.FluxMap$MapSubscriber.onNext(FluxMap.java:114)
	reactor.netty.channel.FluxReceive.drainReceiver(FluxReceive.java:206)
	reactor.netty.channel.FluxReceive.onInboundNext(FluxReceive.java:322)
	reactor.netty.channel.ChannelOperations.onInboundNext(ChannelOperations.java:335)
	reactor.netty.http.server.HttpServerOperations.onInboundNext(HttpServerOperations.java:456)
	reactor.netty.channel.ChannelOperationsHandler.channelRead(ChannelOperationsHandler.java:91)
	io.netty.channel.AbstractChannelHandlerContext.invokeChannelRead(AbstractChannelHandlerContext.java:374)
	io.netty.channel.AbstractChannelHandlerContext.invokeChannelRead(AbstractChannelHandlerContext.java:360)
	io.netty.channel.AbstractChannelHandlerContext.fireChannelRead(AbstractChannelHandlerContext.java:352)
	reactor.netty.http.server.HttpTrafficHandler.channelRead(HttpTrafficHandler.java:190)
	io.netty.channel.AbstractChannelHandlerContext.invokeChannelRead(AbstractChannelHandlerContext.java:374)
	io.netty.channel.AbstractChannelHandlerContext.invokeChannelRead(AbstractChannelHandlerContext.java:360)
	io.netty.channel.AbstractChannelHandlerContext.fireChannelRead(AbstractChannelHandlerContext.java:352)
	io.netty.channel.CombinedChannelDuplexHandler$DelegatingChannelHandlerContext.fireChannelRead(CombinedChannelDuplexHandler.java:438)
	io.netty.handler.codec.ByteToMessageDecoder.fireChannelRead(ByteToMessageDecoder.java:323)
	io.netty.handler.codec.ByteToMessageDecoder.fireChannelRead(ByteToMessageDecoder.java:310)
	io.netty.handler.codec.ByteToMessageDecoder.callDecode(ByteToMessageDecoder.java:426)
	io.netty.handler.codec.ByteToMessageDecoder.channelRead(ByteToMessageDecoder.java:278)
	io.netty.channel.CombinedChannelDuplexHandler.channelRead(CombinedChannelDuplexHandler.java:253)
	io.netty.channel.AbstractChannelHandlerContext.invokeChannelRead(AbstractChannelHandlerContext.java:374)
	io.netty.channel.AbstractChannelHandlerContext.invokeChannelRead(AbstractChannelHandlerContext.java:360)
	io.netty.channel.AbstractChannelHandlerContext.fireChannelRead(AbstractChannelHandlerContext.java:352)
	io.netty.channel.DefaultChannelPipeline$HeadContext.channelRead(DefaultChannelPipeline.java:1408)
	io.netty.channel.AbstractChannelHandlerContext.invokeChannelRead(AbstractChannelHandlerContext.java:374)
	io.netty.channel.AbstractChannelHandlerContext.invokeChannelRead(AbstractChannelHandlerContext.java:360)
	io.netty.channel.DefaultChannelPipeline.fireChannelRead(DefaultChannelPipeline.java:930)
	io.netty.channel.nio.AbstractNioByteChannel$NioByteUnsafe.read(AbstractNioByteChannel.java:163)
	io.netty.channel.nio.NioEventLoop.processSelectedKey(NioEventLoop.java:682)
	io.netty.channel.nio.NioEventLoop.processSelectedKeysOptimized(NioEventLoop.java:617)
	io.netty.channel.nio.NioEventLoop.processSelectedKeys(NioEventLoop.java:534)
	io.netty.channel.nio.NioEventLoop.run(NioEventLoop.java:496)
	io.netty.util.concurrent.SingleThreadEventExecutor$5.run(SingleThreadEventExecutor.java:906)
	io.netty.util.internal.ThreadExecutorMap$2.run(ThreadExecutorMap.java:74)
	io.netty.util.concurrent.FastThreadLocalRunnable.run(FastThreadLocalRunnable.java:30)
	java.lang.Thread.run(Thread.java:748)
#4:
	Hint: 'reactor.right.reactiveBridge' will handle the message from this point.
	io.netty.handler.codec.http.DefaultHttpContent.touch(DefaultHttpContent.java:88)
	io.netty.handler.codec.http.DefaultHttpContent.touch(DefaultHttpContent.java:24)
	io.netty.channel.DefaultChannelPipeline.touch(DefaultChannelPipeline.java:116)
	io.netty.channel.AbstractChannelHandlerContext.invokeChannelRead(AbstractChannelHandlerContext.java:357)
	io.netty.channel.AbstractChannelHandlerContext.fireChannelRead(AbstractChannelHandlerContext.java:352)
	reactor.netty.http.server.HttpTrafficHandler.channelRead(HttpTrafficHandler.java:190)
	io.netty.channel.AbstractChannelHandlerContext.invokeChannelRead(AbstractChannelHandlerContext.java:374)
	io.netty.channel.AbstractChannelHandlerContext.invokeChannelRead(AbstractChannelHandlerContext.java:360)
	io.netty.channel.AbstractChannelHandlerContext.fireChannelRead(AbstractChannelHandlerContext.java:352)
	io.netty.channel.CombinedChannelDuplexHandler$DelegatingChannelHandlerContext.fireChannelRead(CombinedChannelDuplexHandler.java:438)
	io.netty.handler.codec.ByteToMessageDecoder.fireChannelRead(ByteToMessageDecoder.java:323)
	io.netty.handler.codec.ByteToMessageDecoder.fireChannelRead(ByteToMessageDecoder.java:310)
	io.netty.handler.codec.ByteToMessageDecoder.callDecode(ByteToMessageDecoder.java:426)
	io.netty.handler.codec.ByteToMessageDecoder.channelRead(ByteToMessageDecoder.java:278)
	io.netty.channel.CombinedChannelDuplexHandler.channelRead(CombinedChannelDuplexHandler.java:253)
	io.netty.channel.AbstractChannelHandlerContext.invokeChannelRead(AbstractChannelHandlerContext.java:374)
	io.netty.channel.AbstractChannelHandlerContext.invokeChannelRead(AbstractChannelHandlerContext.java:360)
	io.netty.channel.AbstractChannelHandlerContext.fireChannelRead(AbstractChannelHandlerContext.java:352)
	io.netty.channel.DefaultChannelPipeline$HeadContext.channelRead(DefaultChannelPipeline.java:1408)
	io.netty.channel.AbstractChannelHandlerContext.invokeChannelRead(AbstractChannelHandlerContext.java:374)
	io.netty.channel.AbstractChannelHandlerContext.invokeChannelRead(AbstractChannelHandlerContext.java:360)
	io.netty.channel.DefaultChannelPipeline.fireChannelRead(DefaultChannelPipeline.java:930)
	io.netty.channel.nio.AbstractNioByteChannel$NioByteUnsafe.read(AbstractNioByteChannel.java:163)
	io.netty.channel.nio.NioEventLoop.processSelectedKey(NioEventLoop.java:682)
	io.netty.channel.nio.NioEventLoop.processSelectedKeysOptimized(NioEventLoop.java:617)
	io.netty.channel.nio.NioEventLoop.processSelectedKeys(NioEventLoop.java:534)
	io.netty.channel.nio.NioEventLoop.run(NioEventLoop.java:496)
	io.netty.util.concurrent.SingleThreadEventExecutor$5.run(SingleThreadEventExecutor.java:906)
	io.netty.util.internal.ThreadExecutorMap$2.run(ThreadExecutorMap.java:74)
	io.netty.util.concurrent.FastThreadLocalRunnable.run(FastThreadLocalRunnable.java:30)
	java.lang.Thread.run(Thread.java:748)
#5:
	Hint: 'reactor.left.httpTrafficHandler' will handle the message from this point.
	io.netty.handler.codec.http.DefaultHttpContent.touch(DefaultHttpContent.java:88)
	io.netty.handler.codec.http.DefaultHttpContent.touch(DefaultHttpContent.java:24)
	io.netty.channel.DefaultChannelPipeline.touch(DefaultChannelPipeline.java:116)
	io.netty.channel.AbstractChannelHandlerContext.invokeChannelRead(AbstractChannelHandlerContext.java:357)
	io.netty.channel.AbstractChannelHandlerContext.fireChannelRead(AbstractChannelHandlerContext.java:352)
	io.netty.channel.CombinedChannelDuplexHandler$DelegatingChannelHandlerContext.fireChannelRead(CombinedChannelDuplexHandler.java:438)
	io.netty.handler.codec.ByteToMessageDecoder.fireChannelRead(ByteToMessageDecoder.java:323)
	io.netty.handler.codec.ByteToMessageDecoder.fireChannelRead(ByteToMessageDecoder.java:310)
	io.netty.handler.codec.ByteToMessageDecoder.callDecode(ByteToMessageDecoder.java:426)
	io.netty.handler.codec.ByteToMessageDecoder.channelRead(ByteToMessageDecoder.java:278)
	io.netty.channel.CombinedChannelDuplexHandler.channelRead(CombinedChannelDuplexHandler.java:253)
	io.netty.channel.AbstractChannelHandlerContext.invokeChannelRead(AbstractChannelHandlerContext.java:374)
	io.netty.channel.AbstractChannelHandlerContext.invokeChannelRead(AbstractChannelHandlerContext.java:360)
	io.netty.channel.AbstractChannelHandlerContext.fireChannelRead(AbstractChannelHandlerContext.java:352)
	io.netty.channel.DefaultChannelPipeline$HeadContext.channelRead(DefaultChannelPipeline.java:1408)
	io.netty.channel.AbstractChannelHandlerContext.invokeChannelRead(AbstractChannelHandlerContext.java:374)
	io.netty.channel.AbstractChannelHandlerContext.invokeChannelRead(AbstractChannelHandlerContext.java:360)
	io.netty.channel.DefaultChannelPipeline.fireChannelRead(DefaultChannelPipeline.java:930)
	io.netty.channel.nio.AbstractNioByteChannel$NioByteUnsafe.read(AbstractNioByteChannel.java:163)
	io.netty.channel.nio.NioEventLoop.processSelectedKey(NioEventLoop.java:682)
	io.netty.channel.nio.NioEventLoop.processSelectedKeysOptimized(NioEventLoop.java:617)
	io.netty.channel.nio.NioEventLoop.processSelectedKeys(NioEventLoop.java:534)
	io.netty.channel.nio.NioEventLoop.run(NioEventLoop.java:496)
	io.netty.util.concurrent.SingleThreadEventExecutor$5.run(SingleThreadEventExecutor.java:906)
	io.netty.util.internal.ThreadExecutorMap$2.run(ThreadExecutorMap.java:74)
	io.netty.util.concurrent.FastThreadLocalRunnable.run(FastThreadLocalRunnable.java:30)
	java.lang.Thread.run(Thread.java:748)
Created at:
	io.netty.buffer.SimpleLeakAwareByteBuf.unwrappedDerived(SimpleLeakAwareByteBuf.java:143)
	io.netty.buffer.SimpleLeakAwareByteBuf.readRetainedSlice(SimpleLeakAwareByteBuf.java:67)
	io.netty.buffer.AdvancedLeakAwareByteBuf.readRetainedSlice(AdvancedLeakAwareByteBuf.java:107)
	io.netty.handler.codec.http.HttpObjectDecoder.decode(HttpObjectDecoder.java:336)
	io.netty.handler.codec.http.HttpServerCodec$HttpServerRequestDecoder.decode(HttpServerCodec.java:103)
	io.netty.handler.codec.ByteToMessageDecoder.decodeRemovalReentryProtection(ByteToMessageDecoder.java:502)
	io.netty.handler.codec.ByteToMessageDecoder.callDecode(ByteToMessageDecoder.java:441)
	io.netty.handler.codec.ByteToMessageDecoder.channelRead(ByteToMessageDecoder.java:278)
	io.netty.channel.CombinedChannelDuplexHandler.channelRead(CombinedChannelDuplexHandler.java:253)
	io.netty.channel.AbstractChannelHandlerContext.invokeChannelRead(AbstractChannelHandlerContext.java:374)
	io.netty.channel.AbstractChannelHandlerContext.invokeChannelRead(AbstractChannelHandlerContext.java:360)
	io.netty.channel.AbstractChannelHandlerContext.fireChannelRead(AbstractChannelHandlerContext.java:352)
	io.netty.channel.DefaultChannelPipeline$HeadContext.channelRead(DefaultChannelPipeline.java:1408)
	io.netty.channel.AbstractChannelHandlerContext.invokeChannelRead(AbstractChannelHandlerContext.java:374)
	io.netty.channel.AbstractChannelHandlerContext.invokeChannelRead(AbstractChannelHandlerContext.java:360)
	io.netty.channel.DefaultChannelPipeline.fireChannelRead(DefaultChannelPipeline.java:930)
	io.netty.channel.nio.AbstractNioByteChannel$NioByteUnsafe.read(AbstractNioByteChannel.java:163)
	io.netty.channel.nio.NioEventLoop.processSelectedKey(NioEventLoop.java:682)
	io.netty.channel.nio.NioEventLoop.processSelectedKeysOptimized(NioEventLoop.java:617)
	io.netty.channel.nio.NioEventLoop.processSelectedKeys(NioEventLoop.java:534)
	io.netty.channel.nio.NioEventLoop.run(NioEventLoop.java:496)
	io.netty.util.concurrent.SingleThreadEventExecutor$5.run(SingleThreadEventExecutor.java:906)
	io.netty.util.internal.ThreadExecutorMap$2.run(ThreadExecutorMap.java:74)
	io.netty.util.concurrent.FastThreadLocalRunnable.run(FastThreadLocalRunnable.java:30)
	java.lang.Thread.run(Thread.java:748)
: 10 leak records were discarded because they were duplicates
: 3660 leak records were discarded because the leak record count is targeted to 4. Use system property io.netty.leakDetection.targetRecords to increase the limit.
22:43:01.583 [reactor-http-nio-8] ERROR i.n.u.ResourceLeakDetector - LEAK: ByteBuf.release() was not called before it's garbage-collected. See http://netty.io/wiki/reference-counted-objects.html for more information.
Recent access records: 
#1:
	io.netty.buffer.AdvancedLeakAwareByteBuf.order(AdvancedLeakAwareByteBuf.java:70)
	io.netty.buffer.CompositeByteBuf.newComponent(CompositeByteBuf.java:318)
	io.netty.buffer.CompositeByteBuf.addComponent0(CompositeByteBuf.java:280)
	io.netty.buffer.CompositeByteBuf.addComponent(CompositeByteBuf.java:265)
	io.netty.buffer.CompositeByteBuf.addComponent(CompositeByteBuf.java:222)
	io.netty.buffer.WrappedCompositeByteBuf.addComponent(WrappedCompositeByteBuf.java:529)
	io.netty.buffer.AdvancedLeakAwareCompositeByteBuf.addComponent(AdvancedLeakAwareCompositeByteBuf.java:921)
	org.springframework.core.io.buffer.NettyDataBufferFactory.join(NettyDataBufferFactory.java:111)
	org.springframework.core.io.buffer.DataBufferUtils.joinAndStrip(DataBufferUtils.java:686)
	org.springframework.core.io.buffer.DataBufferUtils.lambda$split$20(DataBufferUtils.java:605)
	reactor.core.publisher.FluxMap$MapConditionalSubscriber.onNext(FluxMap.java:199)
	reactor.core.publisher.FluxBufferPredicate$BufferPredicateSubscriber.emit(FluxBufferPredicate.java:290)
	reactor.core.publisher.FluxBufferPredicate$BufferPredicateSubscriber.onNextNewBuffer(FluxBufferPredicate.java:257)
	reactor.core.publisher.FluxBufferPredicate$BufferPredicateSubscriber.tryOnNext(FluxBufferPredicate.java:211)
	reactor.core.publisher.FluxBufferPredicate$BufferPredicateSubscriber.onNext(FluxBufferPredicate.java:184)
	reactor.core.publisher.FluxFlatMap$FlatMapMain.drainLoop(FluxFlatMap.java:664)
	reactor.core.publisher.FluxFlatMap$FlatMapMain.drain(FluxFlatMap.java:540)
	reactor.core.publisher.FluxFlatMap$FlatMapInner.onSubscribe(FluxFlatMap.java:924)
	reactor.core.publisher.FluxIterable.subscribe(FluxIterable.java:139)
	reactor.core.publisher.FluxIterable.subscribe(FluxIterable.java:63)
	reactor.core.publisher.Flux.subscribe(Flux.java:7922)
	reactor.core.publisher.FluxFlatMap$FlatMapMain.onNext(FluxFlatMap.java:389)
	reactor.core.publisher.FluxConcatMap$ConcatMapImmediate.innerNext(FluxConcatMap.java:275)
	reactor.core.publisher.FluxConcatMap$ConcatMapInner.onNext(FluxConcatMap.java:849)
	reactor.core.publisher.FluxConcatMap$WeakScalarSubscription.request(FluxConcatMap.java:470)
	reactor.core.publisher.Operators$MultiSubscriptionSubscriber.set(Operators.java:1939)
	reactor.core.publisher.FluxConcatMap$ConcatMapImmediate.drain(FluxConcatMap.java:436)
	reactor.core.publisher.FluxConcatMap$ConcatMapImmediate.onNext(FluxConcatMap.java:244)
	reactor.core.publisher.FluxMap$MapSubscriber.onNext(FluxMap.java:114)
	reactor.core.publisher.FluxPeek$PeekSubscriber.onNext(FluxPeek.java:192)
	reactor.core.publisher.FluxMap$MapSubscriber.onNext(FluxMap.java:114)
	reactor.netty.channel.FluxReceive.drainReceiver(FluxReceive.java:206)
	reactor.netty.channel.FluxReceive.onInboundNext(FluxReceive.java:322)
	reactor.netty.channel.ChannelOperations.onInboundNext(ChannelOperations.java:335)
	reactor.netty.http.server.HttpServerOperations.onInboundNext(HttpServerOperations.java:456)
	reactor.netty.channel.ChannelOperationsHandler.channelRead(ChannelOperationsHandler.java:91)
	io.netty.channel.AbstractChannelHandlerContext.invokeChannelRead(AbstractChannelHandlerContext.java:374)
	io.netty.channel.AbstractChannelHandlerContext.invokeChannelRead(AbstractChannelHandlerContext.java:360)
	io.netty.channel.AbstractChannelHandlerContext.fireChannelRead(AbstractChannelHandlerContext.java:352)
	reactor.netty.http.server.HttpTrafficHandler.channelRead(HttpTrafficHandler.java:190)
	io.netty.channel.AbstractChannelHandlerContext.invokeChannelRead(AbstractChannelHandlerContext.java:374)
	io.netty.channel.AbstractChannelHandlerContext.invokeChannelRead(AbstractChannelHandlerContext.java:360)
	io.netty.channel.AbstractChannelHandlerContext.fireChannelRead(AbstractChannelHandlerContext.java:352)
	io.netty.channel.CombinedChannelDuplexHandler$DelegatingChannelHandlerContext.fireChannelRead(CombinedChannelDuplexHandler.java:438)
	io.netty.handler.codec.ByteToMessageDecoder.fireChannelRead(ByteToMessageDecoder.java:323)
	io.netty.handler.codec.ByteToMessageDecoder.fireChannelRead(ByteToMessageDecoder.java:310)
	io.netty.handler.codec.ByteToMessageDecoder.callDecode(ByteToMessageDecoder.java:426)
	io.netty.handler.codec.ByteToMessageDecoder.channelRead(ByteToMessageDecoder.java:278)
	io.netty.channel.CombinedChannelDuplexHandler.channelRead(CombinedChannelDuplexHandler.java:253)
	io.netty.channel.AbstractChannelHandlerContext.invokeChannelRead(AbstractChannelHandlerContext.java:374)
	io.netty.channel.AbstractChannelHandlerContext.invokeChannelRead(AbstractChannelHandlerContext.java:360)
	io.netty.channel.AbstractChannelHandlerContext.fireChannelRead(AbstractChannelHandlerContext.java:352)
	io.netty.channel.DefaultChannelPipeline$HeadContext.channelRead(DefaultChannelPipeline.java:1408)
	io.netty.channel.AbstractChannelHandlerContext.invokeChannelRead(AbstractChannelHandlerContext.java:374)
	io.netty.channel.AbstractChannelHandlerContext.invokeChannelRead(AbstractChannelHandlerContext.java:360)
	io.netty.channel.DefaultChannelPipeline.fireChannelRead(DefaultChannelPipeline.java:930)
	io.netty.channel.nio.AbstractNioByteChannel$NioByteUnsafe.read(AbstractNioByteChannel.java:163)
	io.netty.channel.nio.NioEventLoop.processSelectedKey(NioEventLoop.java:682)
	io.netty.channel.nio.NioEventLoop.processSelectedKeysOptimized(NioEventLoop.java:617)
	io.netty.channel.nio.NioEventLoop.processSelectedKeys(NioEventLoop.java:534)
	io.netty.channel.nio.NioEventLoop.run(NioEventLoop.java:496)
	io.netty.util.concurrent.SingleThreadEventExecutor$5.run(SingleThreadEventExecutor.java:906)
	io.netty.util.internal.ThreadExecutorMap$2.run(ThreadExecutorMap.java:74)
	io.netty.util.concurrent.FastThreadLocalRunnable.run(FastThreadLocalRunnable.java:30)
	java.lang.Thread.run(Thread.java:748)
#2:
	io.netty.buffer.AdvancedLeakAwareByteBuf.getByte(AdvancedLeakAwareByteBuf.java:154)
	org.springframework.core.io.buffer.NettyDataBuffer.getByte(NettyDataBuffer.java:132)
	org.springframework.core.io.buffer.DataBufferUtils$KnuthMorrisPrattMatcher.match(DataBufferUtils.java:1005)
	org.springframework.core.io.buffer.DataBufferUtils.endFrameAfterDelimiter(DataBufferUtils.java:634)
	org.springframework.core.io.buffer.DataBufferUtils.lambda$split$18(DataBufferUtils.java:603)
	reactor.core.publisher.FluxFlatMap$FlatMapMain.onNext(FluxFlatMap.java:350)
	reactor.core.publisher.FluxConcatMap$ConcatMapImmediate.innerNext(FluxConcatMap.java:275)
	reactor.core.publisher.FluxConcatMap$ConcatMapInner.onNext(FluxConcatMap.java:849)
	reactor.core.publisher.FluxConcatMap$WeakScalarSubscription.request(FluxConcatMap.java:470)
	reactor.core.publisher.Operators$MultiSubscriptionSubscriber.set(Operators.java:1939)
	reactor.core.publisher.FluxConcatMap$ConcatMapImmediate.drain(FluxConcatMap.java:436)
	reactor.core.publisher.FluxConcatMap$ConcatMapImmediate.onNext(FluxConcatMap.java:244)
	reactor.core.publisher.FluxMap$MapSubscriber.onNext(FluxMap.java:114)
	reactor.core.publisher.FluxPeek$PeekSubscriber.onNext(FluxPeek.java:192)
	reactor.core.publisher.FluxMap$MapSubscriber.onNext(FluxMap.java:114)
	reactor.netty.channel.FluxReceive.drainReceiver(FluxReceive.java:206)
	reactor.netty.channel.FluxReceive.onInboundNext(FluxReceive.java:322)
	reactor.netty.channel.ChannelOperations.onInboundNext(ChannelOperations.java:335)
	reactor.netty.http.server.HttpServerOperations.onInboundNext(HttpServerOperations.java:456)
	reactor.netty.channel.ChannelOperationsHandler.channelRead(ChannelOperationsHandler.java:91)
	io.netty.channel.AbstractChannelHandlerContext.invokeChannelRead(AbstractChannelHandlerContext.java:374)
	io.netty.channel.AbstractChannelHandlerContext.invokeChannelRead(AbstractChannelHandlerContext.java:360)
	io.netty.channel.AbstractChannelHandlerContext.fireChannelRead(AbstractChannelHandlerContext.java:352)
	reactor.netty.http.server.HttpTrafficHandler.channelRead(HttpTrafficHandler.java:190)
	io.netty.channel.AbstractChannelHandlerContext.invokeChannelRead(AbstractChannelHandlerContext.java:374)
	io.netty.channel.AbstractChannelHandlerContext.invokeChannelRead(AbstractChannelHandlerContext.java:360)
	io.netty.channel.AbstractChannelHandlerContext.fireChannelRead(AbstractChannelHandlerContext.java:352)
	io.netty.channel.CombinedChannelDuplexHandler$DelegatingChannelHandlerContext.fireChannelRead(CombinedChannelDuplexHandler.java:438)
	io.netty.handler.codec.ByteToMessageDecoder.fireChannelRead(ByteToMessageDecoder.java:323)
	io.netty.handler.codec.ByteToMessageDecoder.fireChannelRead(ByteToMessageDecoder.java:310)
	io.netty.handler.codec.ByteToMessageDecoder.callDecode(ByteToMessageDecoder.java:426)
	io.netty.handler.codec.ByteToMessageDecoder.channelRead(ByteToMessageDecoder.java:278)
	io.netty.channel.CombinedChannelDuplexHandler.channelRead(CombinedChannelDuplexHandler.java:253)
	io.netty.channel.AbstractChannelHandlerContext.invokeChannelRead(AbstractChannelHandlerContext.java:374)
	io.netty.channel.AbstractChannelHandlerContext.invokeChannelRead(AbstractChannelHandlerContext.java:360)
	io.netty.channel.AbstractChannelHandlerContext.fireChannelRead(AbstractChannelHandlerContext.java:352)
	io.netty.channel.DefaultChannelPipeline$HeadContext.channelRead(DefaultChannelPipeline.java:1408)
	io.netty.channel.AbstractChannelHandlerContext.invokeChannelRead(AbstractChannelHandlerContext.java:374)
	io.netty.channel.AbstractChannelHandlerContext.invokeChannelRead(AbstractChannelHandlerContext.java:360)
	io.netty.channel.DefaultChannelPipeline.fireChannelRead(DefaultChannelPipeline.java:930)
	io.netty.channel.nio.AbstractNioByteChannel$NioByteUnsafe.read(AbstractNioByteChannel.java:163)
	io.netty.channel.nio.NioEventLoop.processSelectedKey(NioEventLoop.java:682)
	io.netty.channel.nio.NioEventLoop.processSelectedKeysOptimized(NioEventLoop.java:617)
	io.netty.channel.nio.NioEventLoop.processSelectedKeys(NioEventLoop.java:534)
	io.netty.channel.nio.NioEventLoop.run(NioEventLoop.java:496)
	io.netty.util.concurrent.SingleThreadEventExecutor$5.run(SingleThreadEventExecutor.java:906)
	io.netty.util.internal.ThreadExecutorMap$2.run(ThreadExecutorMap.java:74)
	io.netty.util.concurrent.FastThreadLocalRunnable.run(FastThreadLocalRunnable.java:30)
	java.lang.Thread.run(Thread.java:748)
#3:
	reactor.core.publisher.FluxPeek$PeekSubscriber.onNext(FluxPeek.java:177)
	reactor.core.publisher.FluxMap$MapSubscriber.onNext(FluxMap.java:114)
	reactor.netty.channel.FluxReceive.drainReceiver(FluxReceive.java:206)
	reactor.netty.channel.FluxReceive.onInboundNext(FluxReceive.java:322)
	reactor.netty.channel.ChannelOperations.onInboundNext(ChannelOperations.java:335)
	reactor.netty.http.server.HttpServerOperations.onInboundNext(HttpServerOperations.java:456)
	reactor.netty.channel.ChannelOperationsHandler.channelRead(ChannelOperationsHandler.java:91)
	io.netty.channel.AbstractChannelHandlerContext.invokeChannelRead(AbstractChannelHandlerContext.java:374)
	io.netty.channel.AbstractChannelHandlerContext.invokeChannelRead(AbstractChannelHandlerContext.java:360)
	io.netty.channel.AbstractChannelHandlerContext.fireChannelRead(AbstractChannelHandlerContext.java:352)
	reactor.netty.http.server.HttpTrafficHandler.channelRead(HttpTrafficHandler.java:190)
	io.netty.channel.AbstractChannelHandlerContext.invokeChannelRead(AbstractChannelHandlerContext.java:374)
	io.netty.channel.AbstractChannelHandlerContext.invokeChannelRead(AbstractChannelHandlerContext.java:360)
	io.netty.channel.AbstractChannelHandlerContext.fireChannelRead(AbstractChannelHandlerContext.java:352)
	io.netty.channel.CombinedChannelDuplexHandler$DelegatingChannelHandlerContext.fireChannelRead(CombinedChannelDuplexHandler.java:438)
	io.netty.handler.codec.ByteToMessageDecoder.fireChannelRead(ByteToMessageDecoder.java:323)
	io.netty.handler.codec.ByteToMessageDecoder.fireChannelRead(ByteToMessageDecoder.java:310)
	io.netty.handler.codec.ByteToMessageDecoder.callDecode(ByteToMessageDecoder.java:426)
	io.netty.handler.codec.ByteToMessageDecoder.channelRead(ByteToMessageDecoder.java:278)
	io.netty.channel.CombinedChannelDuplexHandler.channelRead(CombinedChannelDuplexHandler.java:253)
	io.netty.channel.AbstractChannelHandlerContext.invokeChannelRead(AbstractChannelHandlerContext.java:374)
	io.netty.channel.AbstractChannelHandlerContext.invokeChannelRead(AbstractChannelHandlerContext.java:360)
	io.netty.channel.AbstractChannelHandlerContext.fireChannelRead(AbstractChannelHandlerContext.java:352)
	io.netty.channel.DefaultChannelPipeline$HeadContext.channelRead(DefaultChannelPipeline.java:1408)
	io.netty.channel.AbstractChannelHandlerContext.invokeChannelRead(AbstractChannelHandlerContext.java:374)
	io.netty.channel.AbstractChannelHandlerContext.invokeChannelRead(AbstractChannelHandlerContext.java:360)
	io.netty.channel.DefaultChannelPipeline.fireChannelRead(DefaultChannelPipeline.java:930)
	io.netty.channel.nio.AbstractNioByteChannel$NioByteUnsafe.read(AbstractNioByteChannel.java:163)
	io.netty.channel.nio.NioEventLoop.processSelectedKey(NioEventLoop.java:682)
	io.netty.channel.nio.NioEventLoop.processSelectedKeysOptimized(NioEventLoop.java:617)
	io.netty.channel.nio.NioEventLoop.processSelectedKeys(NioEventLoop.java:534)
	io.netty.channel.nio.NioEventLoop.run(NioEventLoop.java:496)
	io.netty.util.concurrent.SingleThreadEventExecutor$5.run(SingleThreadEventExecutor.java:906)
	io.netty.util.internal.ThreadExecutorMap$2.run(ThreadExecutorMap.java:74)
	io.netty.util.concurrent.FastThreadLocalRunnable.run(FastThreadLocalRunnable.java:30)
	java.lang.Thread.run(Thread.java:748)
#4:
	Hint: 'reactor.right.reactiveBridge' will handle the message from this point.
	io.netty.handler.codec.http.DefaultHttpContent.touch(DefaultHttpContent.java:88)
	io.netty.handler.codec.http.DefaultHttpContent.touch(DefaultHttpContent.java:24)
	io.netty.channel.DefaultChannelPipeline.touch(DefaultChannelPipeline.java:116)
	io.netty.channel.AbstractChannelHandlerContext.invokeChannelRead(AbstractChannelHandlerContext.java:357)
	io.netty.channel.AbstractChannelHandlerContext.fireChannelRead(AbstractChannelHandlerContext.java:352)
	reactor.netty.http.server.HttpTrafficHandler.channelRead(HttpTrafficHandler.java:190)
	io.netty.channel.AbstractChannelHandlerContext.invokeChannelRead(AbstractChannelHandlerContext.java:374)
	io.netty.channel.AbstractChannelHandlerContext.invokeChannelRead(AbstractChannelHandlerContext.java:360)
	io.netty.channel.AbstractChannelHandlerContext.fireChannelRead(AbstractChannelHandlerContext.java:352)
	io.netty.channel.CombinedChannelDuplexHandler$DelegatingChannelHandlerContext.fireChannelRead(CombinedChannelDuplexHandler.java:438)
	io.netty.handler.codec.ByteToMessageDecoder.fireChannelRead(ByteToMessageDecoder.java:323)
	io.netty.handler.codec.ByteToMessageDecoder.fireChannelRead(ByteToMessageDecoder.java:310)
	io.netty.handler.codec.ByteToMessageDecoder.callDecode(ByteToMessageDecoder.java:426)
	io.netty.handler.codec.ByteToMessageDecoder.channelRead(ByteToMessageDecoder.java:278)
	io.netty.channel.CombinedChannelDuplexHandler.channelRead(CombinedChannelDuplexHandler.java:253)
	io.netty.channel.AbstractChannelHandlerContext.invokeChannelRead(AbstractChannelHandlerContext.java:374)
	io.netty.channel.AbstractChannelHandlerContext.invokeChannelRead(AbstractChannelHandlerContext.java:360)
	io.netty.channel.AbstractChannelHandlerContext.fireChannelRead(AbstractChannelHandlerContext.java:352)
	io.netty.channel.DefaultChannelPipeline$HeadContext.channelRead(DefaultChannelPipeline.java:1408)
	io.netty.channel.AbstractChannelHandlerContext.invokeChannelRead(AbstractChannelHandlerContext.java:374)
	io.netty.channel.AbstractChannelHandlerContext.invokeChannelRead(AbstractChannelHandlerContext.java:360)
	io.netty.channel.DefaultChannelPipeline.fireChannelRead(DefaultChannelPipeline.java:930)
	io.netty.channel.nio.AbstractNioByteChannel$NioByteUnsafe.read(AbstractNioByteChannel.java:163)
	io.netty.channel.nio.NioEventLoop.processSelectedKey(NioEventLoop.java:682)
	io.netty.channel.nio.NioEventLoop.processSelectedKeysOptimized(NioEventLoop.java:617)
	io.netty.channel.nio.NioEventLoop.processSelectedKeys(NioEventLoop.java:534)
	io.netty.channel.nio.NioEventLoop.run(NioEventLoop.java:496)
	io.netty.util.concurrent.SingleThreadEventExecutor$5.run(SingleThreadEventExecutor.java:906)
	io.netty.util.internal.ThreadExecutorMap$2.run(ThreadExecutorMap.java:74)
	io.netty.util.concurrent.FastThreadLocalRunnable.run(FastThreadLocalRunnable.java:30)
	java.lang.Thread.run(Thread.java:748)
#5:
	Hint: 'reactor.left.httpTrafficHandler' will handle the message from this point.
	io.netty.handler.codec.http.DefaultHttpContent.touch(DefaultHttpContent.java:88)
	io.netty.handler.codec.http.DefaultHttpContent.touch(DefaultHttpContent.java:24)
	io.netty.channel.DefaultChannelPipeline.touch(DefaultChannelPipeline.java:116)
	io.netty.channel.AbstractChannelHandlerContext.invokeChannelRead(AbstractChannelHandlerContext.java:357)
	io.netty.channel.AbstractChannelHandlerContext.fireChannelRead(AbstractChannelHandlerContext.java:352)
	io.netty.channel.CombinedChannelDuplexHandler$DelegatingChannelHandlerContext.fireChannelRead(CombinedChannelDuplexHandler.java:438)
	io.netty.handler.codec.ByteToMessageDecoder.fireChannelRead(ByteToMessageDecoder.java:323)
	io.netty.handler.codec.ByteToMessageDecoder.fireChannelRead(ByteToMessageDecoder.java:310)
	io.netty.handler.codec.ByteToMessageDecoder.callDecode(ByteToMessageDecoder.java:426)
	io.netty.handler.codec.ByteToMessageDecoder.channelRead(ByteToMessageDecoder.java:278)
	io.netty.channel.CombinedChannelDuplexHandler.channelRead(CombinedChannelDuplexHandler.java:253)
	io.netty.channel.AbstractChannelHandlerContext.invokeChannelRead(AbstractChannelHandlerContext.java:374)
	io.netty.channel.AbstractChannelHandlerContext.invokeChannelRead(AbstractChannelHandlerContext.java:360)
	io.netty.channel.AbstractChannelHandlerContext.fireChannelRead(AbstractChannelHandlerContext.java:352)
	io.netty.channel.DefaultChannelPipeline$HeadContext.channelRead(DefaultChannelPipeline.java:1408)
	io.netty.channel.AbstractChannelHandlerContext.invokeChannelRead(AbstractChannelHandlerContext.java:374)
	io.netty.channel.AbstractChannelHandlerContext.invokeChannelRead(AbstractChannelHandlerContext.java:360)
	io.netty.channel.DefaultChannelPipeline.fireChannelRead(DefaultChannelPipeline.java:930)
	io.netty.channel.nio.AbstractNioByteChannel$NioByteUnsafe.read(AbstractNioByteChannel.java:163)
	io.netty.channel.nio.NioEventLoop.processSelectedKey(NioEventLoop.java:682)
	io.netty.channel.nio.NioEventLoop.processSelectedKeysOptimized(NioEventLoop.java:617)
	io.netty.channel.nio.NioEventLoop.processSelectedKeys(NioEventLoop.java:534)
	io.netty.channel.nio.NioEventLoop.run(NioEventLoop.java:496)
	io.netty.util.concurrent.SingleThreadEventExecutor$5.run(SingleThreadEventExecutor.java:906)
	io.netty.util.internal.ThreadExecutorMap$2.run(ThreadExecutorMap.java:74)
	io.netty.util.concurrent.FastThreadLocalRunnable.run(FastThreadLocalRunnable.java:30)
	java.lang.Thread.run(Thread.java:748)
Created at:
	io.netty.buffer.SimpleLeakAwareByteBuf.unwrappedDerived(SimpleLeakAwareByteBuf.java:143)
	io.netty.buffer.SimpleLeakAwareByteBuf.readRetainedSlice(SimpleLeakAwareByteBuf.java:67)
	io.netty.buffer.AdvancedLeakAwareByteBuf.readRetainedSlice(AdvancedLeakAwareByteBuf.java:107)
	io.netty.handler.codec.http.HttpObjectDecoder.decode(HttpObjectDecoder.java:336)
	io.netty.handler.codec.http.HttpServerCodec$HttpServerRequestDecoder.decode(HttpServerCodec.java:103)
	io.netty.handler.codec.ByteToMessageDecoder.decodeRemovalReentryProtection(ByteToMessageDecoder.java:502)
	io.netty.handler.codec.ByteToMessageDecoder.callDecode(ByteToMessageDecoder.java:441)
	io.netty.handler.codec.ByteToMessageDecoder.channelRead(ByteToMessageDecoder.java:278)
	io.netty.channel.CombinedChannelDuplexHandler.channelRead(CombinedChannelDuplexHandler.java:253)
	io.netty.channel.AbstractChannelHandlerContext.invokeChannelRead(AbstractChannelHandlerContext.java:374)
	io.netty.channel.AbstractChannelHandlerContext.invokeChannelRead(AbstractChannelHandlerContext.java:360)
	io.netty.channel.AbstractChannelHandlerContext.fireChannelRead(AbstractChannelHandlerContext.java:352)
	io.netty.channel.DefaultChannelPipeline$HeadContext.channelRead(DefaultChannelPipeline.java:1408)
	io.netty.channel.AbstractChannelHandlerContext.invokeChannelRead(AbstractChannelHandlerContext.java:374)
	io.netty.channel.AbstractChannelHandlerContext.invokeChannelRead(AbstractChannelHandlerContext.java:360)
	io.netty.channel.DefaultChannelPipeline.fireChannelRead(DefaultChannelPipeline.java:930)
	io.netty.channel.nio.AbstractNioByteChannel$NioByteUnsafe.read(AbstractNioByteChannel.java:163)
	io.netty.channel.nio.NioEventLoop.processSelectedKey(NioEventLoop.java:682)
	io.netty.channel.nio.NioEventLoop.processSelectedKeysOptimized(NioEventLoop.java:617)
	io.netty.channel.nio.NioEventLoop.processSelectedKeys(NioEventLoop.java:534)
	io.netty.channel.nio.NioEventLoop.run(NioEventLoop.java:496)
	io.netty.util.concurrent.SingleThreadEventExecutor$5.run(SingleThreadEventExecutor.java:906)
	io.netty.util.internal.ThreadExecutorMap$2.run(ThreadExecutorMap.java:74)
	io.netty.util.concurrent.FastThreadLocalRunnable.run(FastThreadLocalRunnable.java:30)
	java.lang.Thread.run(Thread.java:748)
: 8 leak records were discarded because they were duplicates
: 3612 leak records were discarded because the leak record count is targeted to 4. Use system property io.netty.leakDetection.targetRecords to increase the limit.
22:43:01.586 [reactor-http-nio-8] ERROR i.n.u.ResourceLeakDetector - LEAK: ByteBuf.release() was not called before it's garbage-collected. See http://netty.io/wiki/reference-counted-objects.html for more information.
Recent access records: 
#1:
	io.netty.buffer.AdvancedLeakAwareByteBuf.getByte(AdvancedLeakAwareByteBuf.java:154)
	io.netty.buffer.CompositeByteBuf.getByte(CompositeByteBuf.java:913)
	io.netty.buffer.WrappedCompositeByteBuf.getByte(WrappedCompositeByteBuf.java:652)
	io.netty.buffer.AdvancedLeakAwareCompositeByteBuf.getByte(AdvancedLeakAwareCompositeByteBuf.java:141)
	org.springframework.core.io.buffer.NettyDataBuffer.getByte(NettyDataBuffer.java:132)
	org.springframework.http.codec.multipart.DefaultMultipartMessageReader.toPart(DefaultMultipartMessageReader.java:179)
	reactor.core.publisher.FluxMap$MapConditionalSubscriber.onNext(FluxMap.java:199)
	reactor.core.publisher.FluxTakeWhile$TakeWhileSubscriber.onNext(FluxTakeWhile.java:94)
	reactor.core.publisher.FluxContextStart$ContextStartSubscriber.onNext(FluxContextStart.java:103)
	reactor.core.publisher.FluxMap$MapConditionalSubscriber.onNext(FluxMap.java:213)
	reactor.core.publisher.FluxBufferPredicate$BufferPredicateSubscriber.emit(FluxBufferPredicate.java:290)
	reactor.core.publisher.FluxBufferPredicate$BufferPredicateSubscriber.onNextNewBuffer(FluxBufferPredicate.java:257)
	reactor.core.publisher.FluxBufferPredicate$BufferPredicateSubscriber.tryOnNext(FluxBufferPredicate.java:211)
	reactor.core.publisher.FluxBufferPredicate$BufferPredicateSubscriber.onNext(FluxBufferPredicate.java:184)
	reactor.core.publisher.FluxFlatMap$FlatMapMain.drainLoop(FluxFlatMap.java:664)
	reactor.core.publisher.FluxFlatMap$FlatMapMain.drain(FluxFlatMap.java:540)
	reactor.core.publisher.FluxFlatMap$FlatMapInner.onSubscribe(FluxFlatMap.java:924)
	reactor.core.publisher.FluxIterable.subscribe(FluxIterable.java:139)
	reactor.core.publisher.FluxIterable.subscribe(FluxIterable.java:63)
	reactor.core.publisher.Flux.subscribe(Flux.java:7922)
	reactor.core.publisher.FluxFlatMap$FlatMapMain.onNext(FluxFlatMap.java:389)
	reactor.core.publisher.FluxConcatMap$ConcatMapImmediate.innerNext(FluxConcatMap.java:275)
	reactor.core.publisher.FluxConcatMap$ConcatMapInner.onNext(FluxConcatMap.java:849)
	reactor.core.publisher.FluxConcatMap$WeakScalarSubscription.request(FluxConcatMap.java:470)
	reactor.core.publisher.Operators$MultiSubscriptionSubscriber.set(Operators.java:1939)
	reactor.core.publisher.FluxConcatMap$ConcatMapImmediate.drain(FluxConcatMap.java:436)
	reactor.core.publisher.FluxConcatMap$ConcatMapImmediate.onNext(FluxConcatMap.java:244)
	reactor.core.publisher.FluxMap$MapSubscriber.onNext(FluxMap.java:114)
	reactor.core.publisher.FluxPeek$PeekSubscriber.onNext(FluxPeek.java:192)
	reactor.core.publisher.FluxMap$MapSubscriber.onNext(FluxMap.java:114)
	reactor.netty.channel.FluxReceive.drainReceiver(FluxReceive.java:206)
	reactor.netty.channel.FluxReceive.onInboundNext(FluxReceive.java:322)
	reactor.netty.channel.ChannelOperations.onInboundNext(ChannelOperations.java:335)
	reactor.netty.http.server.HttpServerOperations.onInboundNext(HttpServerOperations.java:456)
	reactor.netty.channel.ChannelOperationsHandler.channelRead(ChannelOperationsHandler.java:91)
	io.netty.channel.AbstractChannelHandlerContext.invokeChannelRead(AbstractChannelHandlerContext.java:374)
	io.netty.channel.AbstractChannelHandlerContext.invokeChannelRead(AbstractChannelHandlerContext.java:360)
	io.netty.channel.AbstractChannelHandlerContext.fireChannelRead(AbstractChannelHandlerContext.java:352)
	reactor.netty.http.server.HttpTrafficHandler.channelRead(HttpTrafficHandler.java:190)
	io.netty.channel.AbstractChannelHandlerContext.invokeChannelRead(AbstractChannelHandlerContext.java:374)
	io.netty.channel.AbstractChannelHandlerContext.invokeChannelRead(AbstractChannelHandlerContext.java:360)
	io.netty.channel.AbstractChannelHandlerContext.fireChannelRead(AbstractChannelHandlerContext.java:352)
	io.netty.channel.CombinedChannelDuplexHandler$DelegatingChannelHandlerContext.fireChannelRead(CombinedChannelDuplexHandler.java:438)
	io.netty.handler.codec.ByteToMessageDecoder.fireChannelRead(ByteToMessageDecoder.java:323)
	io.netty.handler.codec.ByteToMessageDecoder.fireChannelRead(ByteToMessageDecoder.java:310)
	io.netty.handler.codec.ByteToMessageDecoder.callDecode(ByteToMessageDecoder.java:426)
	io.netty.handler.codec.ByteToMessageDecoder.channelRead(ByteToMessageDecoder.java:278)
	io.netty.channel.CombinedChannelDuplexHandler.channelRead(CombinedChannelDuplexHandler.java:253)
	io.netty.channel.AbstractChannelHandlerContext.invokeChannelRead(AbstractChannelHandlerContext.java:374)
	io.netty.channel.AbstractChannelHandlerContext.invokeChannelRead(AbstractChannelHandlerContext.java:360)
	io.netty.channel.AbstractChannelHandlerContext.fireChannelRead(AbstractChannelHandlerContext.java:352)
	io.netty.channel.DefaultChannelPipeline$HeadContext.channelRead(DefaultChannelPipeline.java:1408)
	io.netty.channel.AbstractChannelHandlerContext.invokeChannelRead(AbstractChannelHandlerContext.java:374)
	io.netty.channel.AbstractChannelHandlerContext.invokeChannelRead(AbstractChannelHandlerContext.java:360)
	io.netty.channel.DefaultChannelPipeline.fireChannelRead(DefaultChannelPipeline.java:930)
	io.netty.channel.nio.AbstractNioByteChannel$NioByteUnsafe.read(AbstractNioByteChannel.java:163)
	io.netty.channel.nio.NioEventLoop.processSelectedKey(NioEventLoop.java:682)
	io.netty.channel.nio.NioEventLoop.processSelectedKeysOptimized(NioEventLoop.java:617)
	io.netty.channel.nio.NioEventLoop.processSelectedKeys(NioEventLoop.java:534)
	io.netty.channel.nio.NioEventLoop.run(NioEventLoop.java:496)
	io.netty.util.concurrent.SingleThreadEventExecutor$5.run(SingleThreadEventExecutor.java:906)
	io.netty.util.internal.ThreadExecutorMap$2.run(ThreadExecutorMap.java:74)
	io.netty.util.concurrent.FastThreadLocalRunnable.run(FastThreadLocalRunnable.java:30)
	java.lang.Thread.run(Thread.java:748)
#2:
	io.netty.buffer.AdvancedLeakAwareByteBuf.getByte(AdvancedLeakAwareByteBuf.java:154)
	io.netty.buffer.CompositeByteBuf.getByte(CompositeByteBuf.java:913)
	io.netty.buffer.WrappedCompositeByteBuf.getByte(WrappedCompositeByteBuf.java:652)
	io.netty.buffer.AdvancedLeakAwareCompositeByteBuf.getByte(AdvancedLeakAwareCompositeByteBuf.java:141)
	org.springframework.core.io.buffer.NettyDataBuffer.getByte(NettyDataBuffer.java:132)
	org.springframework.http.codec.multipart.DefaultMultipartMessageReader.notLastBoundary(DefaultMultipartMessageReader.java:163)
	reactor.core.publisher.FluxTakeWhile$TakeWhileSubscriber.onNext(FluxTakeWhile.java:79)
	reactor.core.publisher.FluxContextStart$ContextStartSubscriber.onNext(FluxContextStart.java:103)
	reactor.core.publisher.FluxMap$MapConditionalSubscriber.onNext(FluxMap.java:213)
	reactor.core.publisher.FluxBufferPredicate$BufferPredicateSubscriber.emit(FluxBufferPredicate.java:290)
	reactor.core.publisher.FluxBufferPredicate$BufferPredicateSubscriber.onNextNewBuffer(FluxBufferPredicate.java:257)
	reactor.core.publisher.FluxBufferPredicate$BufferPredicateSubscriber.tryOnNext(FluxBufferPredicate.java:211)
	reactor.core.publisher.FluxBufferPredicate$BufferPredicateSubscriber.onNext(FluxBufferPredicate.java:184)
	reactor.core.publisher.FluxFlatMap$FlatMapMain.drainLoop(FluxFlatMap.java:664)
	reactor.core.publisher.FluxFlatMap$FlatMapMain.drain(FluxFlatMap.java:540)
	reactor.core.publisher.FluxFlatMap$FlatMapInner.onSubscribe(FluxFlatMap.java:924)
	reactor.core.publisher.FluxIterable.subscribe(FluxIterable.java:139)
	reactor.core.publisher.FluxIterable.subscribe(FluxIterable.java:63)
	reactor.core.publisher.Flux.subscribe(Flux.java:7922)
	reactor.core.publisher.FluxFlatMap$FlatMapMain.onNext(FluxFlatMap.java:389)
	reactor.core.publisher.FluxConcatMap$ConcatMapImmediate.innerNext(FluxConcatMap.java:275)
	reactor.core.publisher.FluxConcatMap$ConcatMapInner.onNext(FluxConcatMap.java:849)
	reactor.core.publisher.FluxConcatMap$WeakScalarSubscription.request(FluxConcatMap.java:470)
	reactor.core.publisher.Operators$MultiSubscriptionSubscriber.set(Operators.java:1939)
	reactor.core.publisher.FluxConcatMap$ConcatMapImmediate.drain(FluxConcatMap.java:436)
	reactor.core.publisher.FluxConcatMap$ConcatMapImmediate.onNext(FluxConcatMap.java:244)
	reactor.core.publisher.FluxMap$MapSubscriber.onNext(FluxMap.java:114)
	reactor.core.publisher.FluxPeek$PeekSubscriber.onNext(FluxPeek.java:192)
	reactor.core.publisher.FluxMap$MapSubscriber.onNext(FluxMap.java:114)
	reactor.netty.channel.FluxReceive.drainReceiver(FluxReceive.java:206)
	reactor.netty.channel.FluxReceive.onInboundNext(FluxReceive.java:322)
	reactor.netty.channel.ChannelOperations.onInboundNext(ChannelOperations.java:335)
	reactor.netty.http.server.HttpServerOperations.onInboundNext(HttpServerOperations.java:456)
	reactor.netty.channel.ChannelOperationsHandler.channelRead(ChannelOperationsHandler.java:91)
	io.netty.channel.AbstractChannelHandlerContext.invokeChannelRead(AbstractChannelHandlerContext.java:374)
	io.netty.channel.AbstractChannelHandlerContext.invokeChannelRead(AbstractChannelHandlerContext.java:360)
	io.netty.channel.AbstractChannelHandlerContext.fireChannelRead(AbstractChannelHandlerContext.java:352)
	reactor.netty.http.server.HttpTrafficHandler.channelRead(HttpTrafficHandler.java:190)
	io.netty.channel.AbstractChannelHandlerContext.invokeChannelRead(AbstractChannelHandlerContext.java:374)
	io.netty.channel.AbstractChannelHandlerContext.invokeChannelRead(AbstractChannelHandlerContext.java:360)
	io.netty.channel.AbstractChannelHandlerContext.fireChannelRead(AbstractChannelHandlerContext.java:352)
	io.netty.channel.CombinedChannelDuplexHandler$DelegatingChannelHandlerContext.fireChannelRead(CombinedChannelDuplexHandler.java:438)
	io.netty.handler.codec.ByteToMessageDecoder.fireChannelRead(ByteToMessageDecoder.java:323)
	io.netty.handler.codec.ByteToMessageDecoder.fireChannelRead(ByteToMessageDecoder.java:310)
	io.netty.handler.codec.ByteToMessageDecoder.callDecode(ByteToMessageDecoder.java:426)
	io.netty.handler.codec.ByteToMessageDecoder.channelRead(ByteToMessageDecoder.java:278)
	io.netty.channel.CombinedChannelDuplexHandler.channelRead(CombinedChannelDuplexHandler.java:253)
	io.netty.channel.AbstractChannelHandlerContext.invokeChannelRead(AbstractChannelHandlerContext.java:374)
	io.netty.channel.AbstractChannelHandlerContext.invokeChannelRead(AbstractChannelHandlerContext.java:360)
	io.netty.channel.AbstractChannelHandlerContext.fireChannelRead(AbstractChannelHandlerContext.java:352)
	io.netty.channel.DefaultChannelPipeline$HeadContext.channelRead(DefaultChannelPipeline.java:1408)
	io.netty.channel.AbstractChannelHandlerContext.invokeChannelRead(AbstractChannelHandlerContext.java:374)
	io.netty.channel.AbstractChannelHandlerContext.invokeChannelRead(AbstractChannelHandlerContext.java:360)
	io.netty.channel.DefaultChannelPipeline.fireChannelRead(DefaultChannelPipeline.java:930)
	io.netty.channel.nio.AbstractNioByteChannel$NioByteUnsafe.read(AbstractNioByteChannel.java:163)
	io.netty.channel.nio.NioEventLoop.processSelectedKey(NioEventLoop.java:682)
	io.netty.channel.nio.NioEventLoop.processSelectedKeysOptimized(NioEventLoop.java:617)
	io.netty.channel.nio.NioEventLoop.processSelectedKeys(NioEventLoop.java:534)
	io.netty.channel.nio.NioEventLoop.run(NioEventLoop.java:496)
	io.netty.util.concurrent.SingleThreadEventExecutor$5.run(SingleThreadEventExecutor.java:906)
	io.netty.util.internal.ThreadExecutorMap$2.run(ThreadExecutorMap.java:74)
	io.netty.util.concurrent.FastThreadLocalRunnable.run(FastThreadLocalRunnable.java:30)
	java.lang.Thread.run(Thread.java:748)
#3:
	io.netty.buffer.AdvancedLeakAwareByteBuf.getByte(AdvancedLeakAwareByteBuf.java:154)
	org.springframework.core.io.buffer.NettyDataBuffer.getByte(NettyDataBuffer.java:132)
	org.springframework.core.io.buffer.DataBufferUtils$KnuthMorrisPrattMatcher.match(DataBufferUtils.java:1005)
	org.springframework.core.io.buffer.DataBufferUtils.endFrameAfterDelimiter(DataBufferUtils.java:634)
	org.springframework.core.io.buffer.DataBufferUtils.lambda$split$18(DataBufferUtils.java:603)
	reactor.core.publisher.FluxFlatMap$FlatMapMain.onNext(FluxFlatMap.java:350)
	reactor.core.publisher.FluxConcatMap$ConcatMapImmediate.innerNext(FluxConcatMap.java:275)
	reactor.core.publisher.FluxConcatMap$ConcatMapInner.onNext(FluxConcatMap.java:849)
	reactor.core.publisher.FluxConcatMap$WeakScalarSubscription.request(FluxConcatMap.java:470)
	reactor.core.publisher.Operators$MultiSubscriptionSubscriber.set(Operators.java:1939)
	reactor.core.publisher.FluxConcatMap$ConcatMapImmediate.drain(FluxConcatMap.java:436)
	reactor.core.publisher.FluxConcatMap$ConcatMapImmediate.onNext(FluxConcatMap.java:244)
	reactor.core.publisher.FluxMap$MapSubscriber.onNext(FluxMap.java:114)
	reactor.core.publisher.FluxPeek$PeekSubscriber.onNext(FluxPeek.java:192)
	reactor.core.publisher.FluxMap$MapSubscriber.onNext(FluxMap.java:114)
	reactor.netty.channel.FluxReceive.drainReceiver(FluxReceive.java:206)
	reactor.netty.channel.FluxReceive.onInboundNext(FluxReceive.java:322)
	reactor.netty.channel.ChannelOperations.onInboundNext(ChannelOperations.java:335)
	reactor.netty.http.server.HttpServerOperations.onInboundNext(HttpServerOperations.java:456)
	reactor.netty.channel.ChannelOperationsHandler.channelRead(ChannelOperationsHandler.java:91)
	io.netty.channel.AbstractChannelHandlerContext.invokeChannelRead(AbstractChannelHandlerContext.java:374)
	io.netty.channel.AbstractChannelHandlerContext.invokeChannelRead(AbstractChannelHandlerContext.java:360)
	io.netty.channel.AbstractChannelHandlerContext.fireChannelRead(AbstractChannelHandlerContext.java:352)
	reactor.netty.http.server.HttpTrafficHandler.channelRead(HttpTrafficHandler.java:190)
	io.netty.channel.AbstractChannelHandlerContext.invokeChannelRead(AbstractChannelHandlerContext.java:374)
	io.netty.channel.AbstractChannelHandlerContext.invokeChannelRead(AbstractChannelHandlerContext.java:360)
	io.netty.channel.AbstractChannelHandlerContext.fireChannelRead(AbstractChannelHandlerContext.java:352)
	io.netty.channel.CombinedChannelDuplexHandler$DelegatingChannelHandlerContext.fireChannelRead(CombinedChannelDuplexHandler.java:438)
	io.netty.handler.codec.ByteToMessageDecoder.fireChannelRead(ByteToMessageDecoder.java:323)
	io.netty.handler.codec.ByteToMessageDecoder.fireChannelRead(ByteToMessageDecoder.java:310)
	io.netty.handler.codec.ByteToMessageDecoder.callDecode(ByteToMessageDecoder.java:426)
	io.netty.handler.codec.ByteToMessageDecoder.channelRead(ByteToMessageDecoder.java:278)
	io.netty.channel.CombinedChannelDuplexHandler.channelRead(CombinedChannelDuplexHandler.java:253)
	io.netty.channel.AbstractChannelHandlerContext.invokeChannelRead(AbstractChannelHandlerContext.java:374)
	io.netty.channel.AbstractChannelHandlerContext.invokeChannelRead(AbstractChannelHandlerContext.java:360)
	io.netty.channel.AbstractChannelHandlerContext.fireChannelRead(AbstractChannelHandlerContext.java:352)
	io.netty.channel.DefaultChannelPipeline$HeadContext.channelRead(DefaultChannelPipeline.java:1408)
	io.netty.channel.AbstractChannelHandlerContext.invokeChannelRead(AbstractChannelHandlerContext.java:374)
	io.netty.channel.AbstractChannelHandlerContext.invokeChannelRead(AbstractChannelHandlerContext.java:360)
	io.netty.channel.DefaultChannelPipeline.fireChannelRead(DefaultChannelPipeline.java:930)
	io.netty.channel.nio.AbstractNioByteChannel$NioByteUnsafe.read(AbstractNioByteChannel.java:163)
	io.netty.channel.nio.NioEventLoop.processSelectedKey(NioEventLoop.java:682)
	io.netty.channel.nio.NioEventLoop.processSelectedKeysOptimized(NioEventLoop.java:617)
	io.netty.channel.nio.NioEventLoop.processSelectedKeys(NioEventLoop.java:534)
	io.netty.channel.nio.NioEventLoop.run(NioEventLoop.java:496)
	io.netty.util.concurrent.SingleThreadEventExecutor$5.run(SingleThreadEventExecutor.java:906)
	io.netty.util.internal.ThreadExecutorMap$2.run(ThreadExecutorMap.java:74)
	io.netty.util.concurrent.FastThreadLocalRunnable.run(FastThreadLocalRunnable.java:30)
	java.lang.Thread.run(Thread.java:748)
#4:
	reactor.core.publisher.FluxPeek$PeekSubscriber.onNext(FluxPeek.java:177)
	reactor.core.publisher.FluxMap$MapSubscriber.onNext(FluxMap.java:114)
	reactor.netty.channel.FluxReceive.drainReceiver(FluxReceive.java:206)
	reactor.netty.channel.FluxReceive.onInboundNext(FluxReceive.java:322)
	reactor.netty.channel.ChannelOperations.onInboundNext(ChannelOperations.java:335)
	reactor.netty.http.server.HttpServerOperations.onInboundNext(HttpServerOperations.java:456)
	reactor.netty.channel.ChannelOperationsHandler.channelRead(ChannelOperationsHandler.java:91)
	io.netty.channel.AbstractChannelHandlerContext.invokeChannelRead(AbstractChannelHandlerContext.java:374)
	io.netty.channel.AbstractChannelHandlerContext.invokeChannelRead(AbstractChannelHandlerContext.java:360)
	io.netty.channel.AbstractChannelHandlerContext.fireChannelRead(AbstractChannelHandlerContext.java:352)
	reactor.netty.http.server.HttpTrafficHandler.channelRead(HttpTrafficHandler.java:190)
	io.netty.channel.AbstractChannelHandlerContext.invokeChannelRead(AbstractChannelHandlerContext.java:374)
	io.netty.channel.AbstractChannelHandlerContext.invokeChannelRead(AbstractChannelHandlerContext.java:360)
	io.netty.channel.AbstractChannelHandlerContext.fireChannelRead(AbstractChannelHandlerContext.java:352)
	io.netty.channel.CombinedChannelDuplexHandler$DelegatingChannelHandlerContext.fireChannelRead(CombinedChannelDuplexHandler.java:438)
	io.netty.handler.codec.ByteToMessageDecoder.fireChannelRead(ByteToMessageDecoder.java:323)
	io.netty.handler.codec.ByteToMessageDecoder.fireChannelRead(ByteToMessageDecoder.java:310)
	io.netty.handler.codec.ByteToMessageDecoder.callDecode(ByteToMessageDecoder.java:426)
	io.netty.handler.codec.ByteToMessageDecoder.channelRead(ByteToMessageDecoder.java:278)
	io.netty.channel.CombinedChannelDuplexHandler.channelRead(CombinedChannelDuplexHandler.java:253)
	io.netty.channel.AbstractChannelHandlerContext.invokeChannelRead(AbstractChannelHandlerContext.java:374)
	io.netty.channel.AbstractChannelHandlerContext.invokeChannelRead(AbstractChannelHandlerContext.java:360)
	io.netty.channel.AbstractChannelHandlerContext.fireChannelRead(AbstractChannelHandlerContext.java:352)
	io.netty.channel.DefaultChannelPipeline$HeadContext.channelRead(DefaultChannelPipeline.java:1408)
	io.netty.channel.AbstractChannelHandlerContext.invokeChannelRead(AbstractChannelHandlerContext.java:374)
	io.netty.channel.AbstractChannelHandlerContext.invokeChannelRead(AbstractChannelHandlerContext.java:360)
	io.netty.channel.DefaultChannelPipeline.fireChannelRead(DefaultChannelPipeline.java:930)
	io.netty.channel.nio.AbstractNioByteChannel$NioByteUnsafe.read(AbstractNioByteChannel.java:163)
	io.netty.channel.nio.NioEventLoop.processSelectedKey(NioEventLoop.java:682)
	io.netty.channel.nio.NioEventLoop.processSelectedKeysOptimized(NioEventLoop.java:617)
	io.netty.channel.nio.NioEventLoop.processSelectedKeys(NioEventLoop.java:534)
	io.netty.channel.nio.NioEventLoop.run(NioEventLoop.java:496)
	io.netty.util.concurrent.SingleThreadEventExecutor$5.run(SingleThreadEventExecutor.java:906)
	io.netty.util.internal.ThreadExecutorMap$2.run(ThreadExecutorMap.java:74)
	io.netty.util.concurrent.FastThreadLocalRunnable.run(FastThreadLocalRunnable.java:30)
	java.lang.Thread.run(Thread.java:748)
#5:
	Hint: 'reactor.right.reactiveBridge' will handle the message from this point.
	io.netty.handler.codec.http.DefaultHttpContent.touch(DefaultHttpContent.java:88)
	io.netty.handler.codec.http.DefaultHttpContent.touch(DefaultHttpContent.java:24)
	io.netty.channel.DefaultChannelPipeline.touch(DefaultChannelPipeline.java:116)
	io.netty.channel.AbstractChannelHandlerContext.invokeChannelRead(AbstractChannelHandlerContext.java:357)
	io.netty.channel.AbstractChannelHandlerContext.fireChannelRead(AbstractChannelHandlerContext.java:352)
	reactor.netty.http.server.HttpTrafficHandler.channelRead(HttpTrafficHandler.java:190)
	io.netty.channel.AbstractChannelHandlerContext.invokeChannelRead(AbstractChannelHandlerContext.java:374)
	io.netty.channel.AbstractChannelHandlerContext.invokeChannelRead(AbstractChannelHandlerContext.java:360)
	io.netty.channel.AbstractChannelHandlerContext.fireChannelRead(AbstractChannelHandlerContext.java:352)
	io.netty.channel.CombinedChannelDuplexHandler$DelegatingChannelHandlerContext.fireChannelRead(CombinedChannelDuplexHandler.java:438)
	io.netty.handler.codec.ByteToMessageDecoder.fireChannelRead(ByteToMessageDecoder.java:323)
	io.netty.handler.codec.ByteToMessageDecoder.fireChannelRead(ByteToMessageDecoder.java:310)
	io.netty.handler.codec.ByteToMessageDecoder.callDecode(ByteToMessageDecoder.java:426)
	io.netty.handler.codec.ByteToMessageDecoder.channelRead(ByteToMessageDecoder.java:278)
	io.netty.channel.CombinedChannelDuplexHandler.channelRead(CombinedChannelDuplexHandler.java:253)
	io.netty.channel.AbstractChannelHandlerContext.invokeChannelRead(AbstractChannelHandlerContext.java:374)
	io.netty.channel.AbstractChannelHandlerContext.invokeChannelRead(AbstractChannelHandlerContext.java:360)
	io.netty.channel.AbstractChannelHandlerContext.fireChannelRead(AbstractChannelHandlerContext.java:352)
	io.netty.channel.DefaultChannelPipeline$HeadContext.channelRead(DefaultChannelPipeline.java:1408)
	io.netty.channel.AbstractChannelHandlerContext.invokeChannelRead(AbstractChannelHandlerContext.java:374)
	io.netty.channel.AbstractChannelHandlerContext.invokeChannelRead(AbstractChannelHandlerContext.java:360)
	io.netty.channel.DefaultChannelPipeline.fireChannelRead(DefaultChannelPipeline.java:930)
	io.netty.channel.nio.AbstractNioByteChannel$NioByteUnsafe.read(AbstractNioByteChannel.java:163)
	io.netty.channel.nio.NioEventLoop.processSelectedKey(NioEventLoop.java:682)
	io.netty.channel.nio.NioEventLoop.processSelectedKeysOptimized(NioEventLoop.java:617)
	io.netty.channel.nio.NioEventLoop.processSelectedKeys(NioEventLoop.java:534)
	io.netty.channel.nio.NioEventLoop.run(NioEventLoop.java:496)
	io.netty.util.concurrent.SingleThreadEventExecutor$5.run(SingleThreadEventExecutor.java:906)
	io.netty.util.internal.ThreadExecutorMap$2.run(ThreadExecutorMap.java:74)
	io.netty.util.concurrent.FastThreadLocalRunnable.run(FastThreadLocalRunnable.java:30)
	java.lang.Thread.run(Thread.java:748)
#6:
	Hint: 'reactor.left.httpTrafficHandler' will handle the message from this point.
	io.netty.handler.codec.http.DefaultHttpContent.touch(DefaultHttpContent.java:88)
	io.netty.handler.codec.http.DefaultHttpContent.touch(DefaultHttpContent.java:24)
	io.netty.channel.DefaultChannelPipeline.touch(DefaultChannelPipeline.java:116)
	io.netty.channel.AbstractChannelHandlerContext.invokeChannelRead(AbstractChannelHandlerContext.java:357)
	io.netty.channel.AbstractChannelHandlerContext.fireChannelRead(AbstractChannelHandlerContext.java:352)
	io.netty.channel.CombinedChannelDuplexHandler$DelegatingChannelHandlerContext.fireChannelRead(CombinedChannelDuplexHandler.java:438)
	io.netty.handler.codec.ByteToMessageDecoder.fireChannelRead(ByteToMessageDecoder.java:323)
	io.netty.handler.codec.ByteToMessageDecoder.fireChannelRead(ByteToMessageDecoder.java:310)
	io.netty.handler.codec.ByteToMessageDecoder.callDecode(ByteToMessageDecoder.java:426)
	io.netty.handler.codec.ByteToMessageDecoder.channelRead(ByteToMessageDecoder.java:278)
	io.netty.channel.CombinedChannelDuplexHandler.channelRead(CombinedChannelDuplexHandler.java:253)
	io.netty.channel.AbstractChannelHandlerContext.invokeChannelRead(AbstractChannelHandlerContext.java:374)
	io.netty.channel.AbstractChannelHandlerContext.invokeChannelRead(AbstractChannelHandlerContext.java:360)
	io.netty.channel.AbstractChannelHandlerContext.fireChannelRead(AbstractChannelHandlerContext.java:352)
	io.netty.channel.DefaultChannelPipeline$HeadContext.channelRead(DefaultChannelPipeline.java:1408)
	io.netty.channel.AbstractChannelHandlerContext.invokeChannelRead(AbstractChannelHandlerContext.java:374)
	io.netty.channel.AbstractChannelHandlerContext.invokeChannelRead(AbstractChannelHandlerContext.java:360)
	io.netty.channel.DefaultChannelPipeline.fireChannelRead(DefaultChannelPipeline.java:930)
	io.netty.channel.nio.AbstractNioByteChannel$NioByteUnsafe.read(AbstractNioByteChannel.java:163)
	io.netty.channel.nio.NioEventLoop.processSelectedKey(NioEventLoop.java:682)
	io.netty.channel.nio.NioEventLoop.processSelectedKeysOptimized(NioEventLoop.java:617)
	io.netty.channel.nio.NioEventLoop.processSelectedKeys(NioEventLoop.java:534)
	io.netty.channel.nio.NioEventLoop.run(NioEventLoop.java:496)
	io.netty.util.concurrent.SingleThreadEventExecutor$5.run(SingleThreadEventExecutor.java:906)
	io.netty.util.internal.ThreadExecutorMap$2.run(ThreadExecutorMap.java:74)
	io.netty.util.concurrent.FastThreadLocalRunnable.run(FastThreadLocalRunnable.java:30)
	java.lang.Thread.run(Thread.java:748)
Created at:
	io.netty.buffer.SimpleLeakAwareByteBuf.unwrappedDerived(SimpleLeakAwareByteBuf.java:143)
	io.netty.buffer.SimpleLeakAwareByteBuf.readRetainedSlice(SimpleLeakAwareByteBuf.java:67)
	io.netty.buffer.AdvancedLeakAwareByteBuf.readRetainedSlice(AdvancedLeakAwareByteBuf.java:107)
	io.netty.handler.codec.http.HttpObjectDecoder.decode(HttpObjectDecoder.java:336)
	io.netty.handler.codec.http.HttpServerCodec$HttpServerRequestDecoder.decode(HttpServerCodec.java:103)
	io.netty.handler.codec.ByteToMessageDecoder.decodeRemovalReentryProtection(ByteToMessageDecoder.java:502)
	io.netty.handler.codec.ByteToMessageDecoder.callDecode(ByteToMessageDecoder.java:441)
	io.netty.handler.codec.ByteToMessageDecoder.channelRead(ByteToMessageDecoder.java:278)
	io.netty.channel.CombinedChannelDuplexHandler.channelRead(CombinedChannelDuplexHandler.java:253)
	io.netty.channel.AbstractChannelHandlerContext.invokeChannelRead(AbstractChannelHandlerContext.java:374)
	io.netty.channel.AbstractChannelHandlerContext.invokeChannelRead(AbstractChannelHandlerContext.java:360)
	io.netty.channel.AbstractChannelHandlerContext.fireChannelRead(AbstractChannelHandlerContext.java:352)
	io.netty.channel.DefaultChannelPipeline$HeadContext.channelRead(DefaultChannelPipeline.java:1408)
	io.netty.channel.AbstractChannelHandlerContext.invokeChannelRead(AbstractChannelHandlerContext.java:374)
	io.netty.channel.AbstractChannelHandlerContext.invokeChannelRead(AbstractChannelHandlerContext.java:360)
	io.netty.channel.DefaultChannelPipeline.fireChannelRead(DefaultChannelPipeline.java:930)
	io.netty.channel.nio.AbstractNioByteChannel$NioByteUnsafe.read(AbstractNioByteChannel.java:163)
	io.netty.channel.nio.NioEventLoop.processSelectedKey(NioEventLoop.java:682)
	io.netty.channel.nio.NioEventLoop.processSelectedKeysOptimized(NioEventLoop.java:617)
	io.netty.channel.nio.NioEventLoop.processSelectedKeys(NioEventLoop.java:534)
	io.netty.channel.nio.NioEventLoop.run(NioEventLoop.java:496)
	io.netty.util.concurrent.SingleThreadEventExecutor$5.run(SingleThreadEventExecutor.java:906)
	io.netty.util.internal.ThreadExecutorMap$2.run(ThreadExecutorMap.java:74)
	io.netty.util.concurrent.FastThreadLocalRunnable.run(FastThreadLocalRunnable.java:30)
	java.lang.Thread.run(Thread.java:748)
: 4 leak records were discarded because they were duplicates
: 38 leak records were discarded because the leak record count is targeted to 4. Use system property io.netty.leakDetection.targetRecords to increase the limit.
22:43:01.588 [reactor-http-nio-8] ERROR i.n.u.ResourceLeakDetector - LEAK: ByteBuf.release() was not called before it's garbage-collected. See http://netty.io/wiki/reference-counted-objects.html for more information.
Recent access records: 
#1:
	io.netty.buffer.AdvancedLeakAwareByteBuf.order(AdvancedLeakAwareByteBuf.java:70)
	io.netty.buffer.CompositeByteBuf.newComponent(CompositeByteBuf.java:318)
	io.netty.buffer.CompositeByteBuf.addComponent0(CompositeByteBuf.java:280)
	io.netty.buffer.CompositeByteBuf.addComponent(CompositeByteBuf.java:265)
	io.netty.buffer.CompositeByteBuf.addComponent(CompositeByteBuf.java:222)
	io.netty.buffer.WrappedCompositeByteBuf.addComponent(WrappedCompositeByteBuf.java:529)
	io.netty.buffer.AdvancedLeakAwareCompositeByteBuf.addComponent(AdvancedLeakAwareCompositeByteBuf.java:921)
	org.springframework.core.io.buffer.NettyDataBufferFactory.join(NettyDataBufferFactory.java:111)
	org.springframework.core.io.buffer.DataBufferUtils.joinAndStrip(DataBufferUtils.java:686)
	org.springframework.core.io.buffer.DataBufferUtils.lambda$split$20(DataBufferUtils.java:605)
	reactor.core.publisher.FluxMap$MapConditionalSubscriber.onNext(FluxMap.java:199)
	reactor.core.publisher.FluxBufferPredicate$BufferPredicateSubscriber.emit(FluxBufferPredicate.java:290)
	reactor.core.publisher.FluxBufferPredicate$BufferPredicateSubscriber.onNextNewBuffer(FluxBufferPredicate.java:257)
	reactor.core.publisher.FluxBufferPredicate$BufferPredicateSubscriber.tryOnNext(FluxBufferPredicate.java:211)
	reactor.core.publisher.FluxBufferPredicate$BufferPredicateSubscriber.onNext(FluxBufferPredicate.java:184)
	reactor.core.publisher.FluxFlatMap$FlatMapMain.drainLoop(FluxFlatMap.java:664)
	reactor.core.publisher.FluxFlatMap$FlatMapMain.drain(FluxFlatMap.java:540)
	reactor.core.publisher.FluxFlatMap$FlatMapInner.onSubscribe(FluxFlatMap.java:924)
	reactor.core.publisher.FluxIterable.subscribe(FluxIterable.java:139)
	reactor.core.publisher.FluxIterable.subscribe(FluxIterable.java:63)
	reactor.core.publisher.Flux.subscribe(Flux.java:7922)
	reactor.core.publisher.FluxFlatMap$FlatMapMain.onNext(FluxFlatMap.java:389)
	reactor.core.publisher.FluxConcatMap$ConcatMapImmediate.innerNext(FluxConcatMap.java:275)
	reactor.core.publisher.FluxConcatMap$ConcatMapInner.onNext(FluxConcatMap.java:849)
	reactor.core.publisher.FluxConcatMap$WeakScalarSubscription.request(FluxConcatMap.java:470)
	reactor.core.publisher.Operators$MultiSubscriptionSubscriber.set(Operators.java:1939)
	reactor.core.publisher.FluxConcatMap$ConcatMapImmediate.drain(FluxConcatMap.java:436)
	reactor.core.publisher.FluxConcatMap$ConcatMapImmediate.onNext(FluxConcatMap.java:244)
	reactor.core.publisher.FluxMap$MapSubscriber.onNext(FluxMap.java:114)
	reactor.core.publisher.FluxPeek$PeekSubscriber.onNext(FluxPeek.java:192)
	reactor.core.publisher.FluxMap$MapSubscriber.onNext(FluxMap.java:114)
	reactor.netty.channel.FluxReceive.drainReceiver(FluxReceive.java:206)
	reactor.netty.channel.FluxReceive.onInboundNext(FluxReceive.java:322)
	reactor.netty.channel.ChannelOperations.onInboundNext(ChannelOperations.java:335)
	reactor.netty.http.server.HttpServerOperations.onInboundNext(HttpServerOperations.java:456)
	reactor.netty.channel.ChannelOperationsHandler.channelRead(ChannelOperationsHandler.java:91)
	io.netty.channel.AbstractChannelHandlerContext.invokeChannelRead(AbstractChannelHandlerContext.java:374)
	io.netty.channel.AbstractChannelHandlerContext.invokeChannelRead(AbstractChannelHandlerContext.java:360)
	io.netty.channel.AbstractChannelHandlerContext.fireChannelRead(AbstractChannelHandlerContext.java:352)
	reactor.netty.http.server.HttpTrafficHandler.channelRead(HttpTrafficHandler.java:190)
	io.netty.channel.AbstractChannelHandlerContext.invokeChannelRead(AbstractChannelHandlerContext.java:374)
	io.netty.channel.AbstractChannelHandlerContext.invokeChannelRead(AbstractChannelHandlerContext.java:360)
	io.netty.channel.AbstractChannelHandlerContext.fireChannelRead(AbstractChannelHandlerContext.java:352)
	io.netty.channel.CombinedChannelDuplexHandler$DelegatingChannelHandlerContext.fireChannelRead(CombinedChannelDuplexHandler.java:438)
	io.netty.handler.codec.ByteToMessageDecoder.fireChannelRead(ByteToMessageDecoder.java:323)
	io.netty.handler.codec.ByteToMessageDecoder.fireChannelRead(ByteToMessageDecoder.java:310)
	io.netty.handler.codec.ByteToMessageDecoder.callDecode(ByteToMessageDecoder.java:426)
	io.netty.handler.codec.ByteToMessageDecoder.channelRead(ByteToMessageDecoder.java:278)
	io.netty.channel.CombinedChannelDuplexHandler.channelRead(CombinedChannelDuplexHandler.java:253)
	io.netty.channel.AbstractChannelHandlerContext.invokeChannelRead(AbstractChannelHandlerContext.java:374)
	io.netty.channel.AbstractChannelHandlerContext.invokeChannelRead(AbstractChannelHandlerContext.java:360)
	io.netty.channel.AbstractChannelHandlerContext.fireChannelRead(AbstractChannelHandlerContext.java:352)
	io.netty.channel.DefaultChannelPipeline$HeadContext.channelRead(DefaultChannelPipeline.java:1408)
	io.netty.channel.AbstractChannelHandlerContext.invokeChannelRead(AbstractChannelHandlerContext.java:374)
	io.netty.channel.AbstractChannelHandlerContext.invokeChannelRead(AbstractChannelHandlerContext.java:360)
	io.netty.channel.DefaultChannelPipeline.fireChannelRead(DefaultChannelPipeline.java:930)
	io.netty.channel.nio.AbstractNioByteChannel$NioByteUnsafe.read(AbstractNioByteChannel.java:163)
	io.netty.channel.nio.NioEventLoop.processSelectedKey(NioEventLoop.java:682)
	io.netty.channel.nio.NioEventLoop.processSelectedKeysOptimized(NioEventLoop.java:617)
	io.netty.channel.nio.NioEventLoop.processSelectedKeys(NioEventLoop.java:534)
	io.netty.channel.nio.NioEventLoop.run(NioEventLoop.java:496)
	io.netty.util.concurrent.SingleThreadEventExecutor$5.run(SingleThreadEventExecutor.java:906)
	io.netty.util.internal.ThreadExecutorMap$2.run(ThreadExecutorMap.java:74)
	io.netty.util.concurrent.FastThreadLocalRunnable.run(FastThreadLocalRunnable.java:30)
	java.lang.Thread.run(Thread.java:748)
#2:
	io.netty.buffer.AdvancedLeakAwareByteBuf.getByte(AdvancedLeakAwareByteBuf.java:154)
	org.springframework.core.io.buffer.NettyDataBuffer.getByte(NettyDataBuffer.java:132)
	org.springframework.core.io.buffer.DataBufferUtils$KnuthMorrisPrattMatcher.match(DataBufferUtils.java:1005)
	org.springframework.core.io.buffer.DataBufferUtils.endFrameAfterDelimiter(DataBufferUtils.java:634)
	org.springframework.core.io.buffer.DataBufferUtils.lambda$split$18(DataBufferUtils.java:603)
	reactor.core.publisher.FluxFlatMap$FlatMapMain.onNext(FluxFlatMap.java:350)
	reactor.core.publisher.FluxConcatMap$ConcatMapImmediate.innerNext(FluxConcatMap.java:275)
	reactor.core.publisher.FluxConcatMap$ConcatMapInner.onNext(FluxConcatMap.java:849)
	reactor.core.publisher.FluxConcatMap$WeakScalarSubscription.request(FluxConcatMap.java:470)
	reactor.core.publisher.Operators$MultiSubscriptionSubscriber.set(Operators.java:1939)
	reactor.core.publisher.FluxConcatMap$ConcatMapImmediate.drain(FluxConcatMap.java:436)
	reactor.core.publisher.FluxConcatMap$ConcatMapImmediate.onNext(FluxConcatMap.java:244)
	reactor.core.publisher.FluxMap$MapSubscriber.onNext(FluxMap.java:114)
	reactor.core.publisher.FluxPeek$PeekSubscriber.onNext(FluxPeek.java:192)
	reactor.core.publisher.FluxMap$MapSubscriber.onNext(FluxMap.java:114)
	reactor.netty.channel.FluxReceive.drainReceiver(FluxReceive.java:206)
	reactor.netty.channel.FluxReceive.onInboundNext(FluxReceive.java:322)
	reactor.netty.channel.ChannelOperations.onInboundNext(ChannelOperations.java:335)
	reactor.netty.http.server.HttpServerOperations.onInboundNext(HttpServerOperations.java:456)
	reactor.netty.channel.ChannelOperationsHandler.channelRead(ChannelOperationsHandler.java:91)
	io.netty.channel.AbstractChannelHandlerContext.invokeChannelRead(AbstractChannelHandlerContext.java:374)
	io.netty.channel.AbstractChannelHandlerContext.invokeChannelRead(AbstractChannelHandlerContext.java:360)
	io.netty.channel.AbstractChannelHandlerContext.fireChannelRead(AbstractChannelHandlerContext.java:352)
	reactor.netty.http.server.HttpTrafficHandler.channelRead(HttpTrafficHandler.java:190)
	io.netty.channel.AbstractChannelHandlerContext.invokeChannelRead(AbstractChannelHandlerContext.java:374)
	io.netty.channel.AbstractChannelHandlerContext.invokeChannelRead(AbstractChannelHandlerContext.java:360)
	io.netty.channel.AbstractChannelHandlerContext.fireChannelRead(AbstractChannelHandlerContext.java:352)
	io.netty.channel.CombinedChannelDuplexHandler$DelegatingChannelHandlerContext.fireChannelRead(CombinedChannelDuplexHandler.java:438)
	io.netty.handler.codec.ByteToMessageDecoder.fireChannelRead(ByteToMessageDecoder.java:323)
	io.netty.handler.codec.ByteToMessageDecoder.fireChannelRead(ByteToMessageDecoder.java:310)
	io.netty.handler.codec.ByteToMessageDecoder.callDecode(ByteToMessageDecoder.java:426)
	io.netty.handler.codec.ByteToMessageDecoder.channelRead(ByteToMessageDecoder.java:278)
	io.netty.channel.CombinedChannelDuplexHandler.channelRead(CombinedChannelDuplexHandler.java:253)
	io.netty.channel.AbstractChannelHandlerContext.invokeChannelRead(AbstractChannelHandlerContext.java:374)
	io.netty.channel.AbstractChannelHandlerContext.invokeChannelRead(AbstractChannelHandlerContext.java:360)
	io.netty.channel.AbstractChannelHandlerContext.fireChannelRead(AbstractChannelHandlerContext.java:352)
	io.netty.channel.DefaultChannelPipeline$HeadContext.channelRead(DefaultChannelPipeline.java:1408)
	io.netty.channel.AbstractChannelHandlerContext.invokeChannelRead(AbstractChannelHandlerContext.java:374)
	io.netty.channel.AbstractChannelHandlerContext.invokeChannelRead(AbstractChannelHandlerContext.java:360)
	io.netty.channel.DefaultChannelPipeline.fireChannelRead(DefaultChannelPipeline.java:930)
	io.netty.channel.nio.AbstractNioByteChannel$NioByteUnsafe.read(AbstractNioByteChannel.java:163)
	io.netty.channel.nio.NioEventLoop.processSelectedKey(NioEventLoop.java:682)
	io.netty.channel.nio.NioEventLoop.processSelectedKeysOptimized(NioEventLoop.java:617)
	io.netty.channel.nio.NioEventLoop.processSelectedKeys(NioEventLoop.java:534)
	io.netty.channel.nio.NioEventLoop.run(NioEventLoop.java:496)
	io.netty.util.concurrent.SingleThreadEventExecutor$5.run(SingleThreadEventExecutor.java:906)
	io.netty.util.internal.ThreadExecutorMap$2.run(ThreadExecutorMap.java:74)
	io.netty.util.concurrent.FastThreadLocalRunnable.run(FastThreadLocalRunnable.java:30)
	java.lang.Thread.run(Thread.java:748)
#3:
	reactor.core.publisher.FluxPeek$PeekSubscriber.onNext(FluxPeek.java:177)
	reactor.core.publisher.FluxMap$MapSubscriber.onNext(FluxMap.java:114)
	reactor.netty.channel.FluxReceive.drainReceiver(FluxReceive.java:206)
	reactor.netty.channel.FluxReceive.onInboundNext(FluxReceive.java:322)
	reactor.netty.channel.ChannelOperations.onInboundNext(ChannelOperations.java:335)
	reactor.netty.http.server.HttpServerOperations.onInboundNext(HttpServerOperations.java:456)
	reactor.netty.channel.ChannelOperationsHandler.channelRead(ChannelOperationsHandler.java:91)
	io.netty.channel.AbstractChannelHandlerContext.invokeChannelRead(AbstractChannelHandlerContext.java:374)
	io.netty.channel.AbstractChannelHandlerContext.invokeChannelRead(AbstractChannelHandlerContext.java:360)
	io.netty.channel.AbstractChannelHandlerContext.fireChannelRead(AbstractChannelHandlerContext.java:352)
	reactor.netty.http.server.HttpTrafficHandler.channelRead(HttpTrafficHandler.java:190)
	io.netty.channel.AbstractChannelHandlerContext.invokeChannelRead(AbstractChannelHandlerContext.java:374)
	io.netty.channel.AbstractChannelHandlerContext.invokeChannelRead(AbstractChannelHandlerContext.java:360)
	io.netty.channel.AbstractChannelHandlerContext.fireChannelRead(AbstractChannelHandlerContext.java:352)
	io.netty.channel.CombinedChannelDuplexHandler$DelegatingChannelHandlerContext.fireChannelRead(CombinedChannelDuplexHandler.java:438)
	io.netty.handler.codec.ByteToMessageDecoder.fireChannelRead(ByteToMessageDecoder.java:323)
	io.netty.handler.codec.ByteToMessageDecoder.fireChannelRead(ByteToMessageDecoder.java:310)
	io.netty.handler.codec.ByteToMessageDecoder.callDecode(ByteToMessageDecoder.java:426)
	io.netty.handler.codec.ByteToMessageDecoder.channelRead(ByteToMessageDecoder.java:278)
	io.netty.channel.CombinedChannelDuplexHandler.channelRead(CombinedChannelDuplexHandler.java:253)
	io.netty.channel.AbstractChannelHandlerContext.invokeChannelRead(AbstractChannelHandlerContext.java:374)
	io.netty.channel.AbstractChannelHandlerContext.invokeChannelRead(AbstractChannelHandlerContext.java:360)
	io.netty.channel.AbstractChannelHandlerContext.fireChannelRead(AbstractChannelHandlerContext.java:352)
	io.netty.channel.DefaultChannelPipeline$HeadContext.channelRead(DefaultChannelPipeline.java:1408)
	io.netty.channel.AbstractChannelHandlerContext.invokeChannelRead(AbstractChannelHandlerContext.java:374)
	io.netty.channel.AbstractChannelHandlerContext.invokeChannelRead(AbstractChannelHandlerContext.java:360)
	io.netty.channel.DefaultChannelPipeline.fireChannelRead(DefaultChannelPipeline.java:930)
	io.netty.channel.nio.AbstractNioByteChannel$NioByteUnsafe.read(AbstractNioByteChannel.java:163)
	io.netty.channel.nio.NioEventLoop.processSelectedKey(NioEventLoop.java:682)
	io.netty.channel.nio.NioEventLoop.processSelectedKeysOptimized(NioEventLoop.java:617)
	io.netty.channel.nio.NioEventLoop.processSelectedKeys(NioEventLoop.java:534)
	io.netty.channel.nio.NioEventLoop.run(NioEventLoop.java:496)
	io.netty.util.concurrent.SingleThreadEventExecutor$5.run(SingleThreadEventExecutor.java:906)
	io.netty.util.internal.ThreadExecutorMap$2.run(ThreadExecutorMap.java:74)
	io.netty.util.concurrent.FastThreadLocalRunnable.run(FastThreadLocalRunnable.java:30)
	java.lang.Thread.run(Thread.java:748)
#4:
	Hint: 'reactor.right.reactiveBridge' will handle the message from this point.
	io.netty.handler.codec.http.DefaultHttpContent.touch(DefaultHttpContent.java:88)
	io.netty.handler.codec.http.DefaultHttpContent.touch(DefaultHttpContent.java:24)
	io.netty.channel.DefaultChannelPipeline.touch(DefaultChannelPipeline.java:116)
	io.netty.channel.AbstractChannelHandlerContext.invokeChannelRead(AbstractChannelHandlerContext.java:357)
	io.netty.channel.AbstractChannelHandlerContext.fireChannelRead(AbstractChannelHandlerContext.java:352)
	reactor.netty.http.server.HttpTrafficHandler.channelRead(HttpTrafficHandler.java:190)
	io.netty.channel.AbstractChannelHandlerContext.invokeChannelRead(AbstractChannelHandlerContext.java:374)
	io.netty.channel.AbstractChannelHandlerContext.invokeChannelRead(AbstractChannelHandlerContext.java:360)
	io.netty.channel.AbstractChannelHandlerContext.fireChannelRead(AbstractChannelHandlerContext.java:352)
	io.netty.channel.CombinedChannelDuplexHandler$DelegatingChannelHandlerContext.fireChannelRead(CombinedChannelDuplexHandler.java:438)
	io.netty.handler.codec.ByteToMessageDecoder.fireChannelRead(ByteToMessageDecoder.java:323)
	io.netty.handler.codec.ByteToMessageDecoder.fireChannelRead(ByteToMessageDecoder.java:310)
	io.netty.handler.codec.ByteToMessageDecoder.callDecode(ByteToMessageDecoder.java:426)
	io.netty.handler.codec.ByteToMessageDecoder.channelRead(ByteToMessageDecoder.java:278)
	io.netty.channel.CombinedChannelDuplexHandler.channelRead(CombinedChannelDuplexHandler.java:253)
	io.netty.channel.AbstractChannelHandlerContext.invokeChannelRead(AbstractChannelHandlerContext.java:374)
	io.netty.channel.AbstractChannelHandlerContext.invokeChannelRead(AbstractChannelHandlerContext.java:360)
	io.netty.channel.AbstractChannelHandlerContext.fireChannelRead(AbstractChannelHandlerContext.java:352)
	io.netty.channel.DefaultChannelPipeline$HeadContext.channelRead(DefaultChannelPipeline.java:1408)
	io.netty.channel.AbstractChannelHandlerContext.invokeChannelRead(AbstractChannelHandlerContext.java:374)
	io.netty.channel.AbstractChannelHandlerContext.invokeChannelRead(AbstractChannelHandlerContext.java:360)
	io.netty.channel.DefaultChannelPipeline.fireChannelRead(DefaultChannelPipeline.java:930)
	io.netty.channel.nio.AbstractNioByteChannel$NioByteUnsafe.read(AbstractNioByteChannel.java:163)
	io.netty.channel.nio.NioEventLoop.processSelectedKey(NioEventLoop.java:682)
	io.netty.channel.nio.NioEventLoop.processSelectedKeysOptimized(NioEventLoop.java:617)
	io.netty.channel.nio.NioEventLoop.processSelectedKeys(NioEventLoop.java:534)
	io.netty.channel.nio.NioEventLoop.run(NioEventLoop.java:496)
	io.netty.util.concurrent.SingleThreadEventExecutor$5.run(SingleThreadEventExecutor.java:906)
	io.netty.util.internal.ThreadExecutorMap$2.run(ThreadExecutorMap.java:74)
	io.netty.util.concurrent.FastThreadLocalRunnable.run(FastThreadLocalRunnable.java:30)
	java.lang.Thread.run(Thread.java:748)
#5:
	Hint: 'reactor.left.httpTrafficHandler' will handle the message from this point.
	io.netty.handler.codec.http.DefaultHttpContent.touch(DefaultHttpContent.java:88)
	io.netty.handler.codec.http.DefaultHttpContent.touch(DefaultHttpContent.java:24)
	io.netty.channel.DefaultChannelPipeline.touch(DefaultChannelPipeline.java:116)
	io.netty.channel.AbstractChannelHandlerContext.invokeChannelRead(AbstractChannelHandlerContext.java:357)
	io.netty.channel.AbstractChannelHandlerContext.fireChannelRead(AbstractChannelHandlerContext.java:352)
	io.netty.channel.CombinedChannelDuplexHandler$DelegatingChannelHandlerContext.fireChannelRead(CombinedChannelDuplexHandler.java:438)
	io.netty.handler.codec.ByteToMessageDecoder.fireChannelRead(ByteToMessageDecoder.java:323)
	io.netty.handler.codec.ByteToMessageDecoder.fireChannelRead(ByteToMessageDecoder.java:310)
	io.netty.handler.codec.ByteToMessageDecoder.callDecode(ByteToMessageDecoder.java:426)
	io.netty.handler.codec.ByteToMessageDecoder.channelRead(ByteToMessageDecoder.java:278)
	io.netty.channel.CombinedChannelDuplexHandler.channelRead(CombinedChannelDuplexHandler.java:253)
	io.netty.channel.AbstractChannelHandlerContext.invokeChannelRead(AbstractChannelHandlerContext.java:374)
	io.netty.channel.AbstractChannelHandlerContext.invokeChannelRead(AbstractChannelHandlerContext.java:360)
	io.netty.channel.AbstractChannelHandlerContext.fireChannelRead(AbstractChannelHandlerContext.java:352)
	io.netty.channel.DefaultChannelPipeline$HeadContext.channelRead(DefaultChannelPipeline.java:1408)
	io.netty.channel.AbstractChannelHandlerContext.invokeChannelRead(AbstractChannelHandlerContext.java:374)
	io.netty.channel.AbstractChannelHandlerContext.invokeChannelRead(AbstractChannelHandlerContext.java:360)
	io.netty.channel.DefaultChannelPipeline.fireChannelRead(DefaultChannelPipeline.java:930)
	io.netty.channel.nio.AbstractNioByteChannel$NioByteUnsafe.read(AbstractNioByteChannel.java:163)
	io.netty.channel.nio.NioEventLoop.processSelectedKey(NioEventLoop.java:682)
	io.netty.channel.nio.NioEventLoop.processSelectedKeysOptimized(NioEventLoop.java:617)
	io.netty.channel.nio.NioEventLoop.processSelectedKeys(NioEventLoop.java:534)
	io.netty.channel.nio.NioEventLoop.run(NioEventLoop.java:496)
	io.netty.util.concurrent.SingleThreadEventExecutor$5.run(SingleThreadEventExecutor.java:906)
	io.netty.util.internal.ThreadExecutorMap$2.run(ThreadExecutorMap.java:74)
	io.netty.util.concurrent.FastThreadLocalRunnable.run(FastThreadLocalRunnable.java:30)
	java.lang.Thread.run(Thread.java:748)
Created at:
	io.netty.buffer.SimpleLeakAwareByteBuf.unwrappedDerived(SimpleLeakAwareByteBuf.java:143)
	io.netty.buffer.SimpleLeakAwareByteBuf.readRetainedSlice(SimpleLeakAwareByteBuf.java:67)
	io.netty.buffer.AdvancedLeakAwareByteBuf.readRetainedSlice(AdvancedLeakAwareByteBuf.java:107)
	io.netty.handler.codec.http.HttpObjectDecoder.decode(HttpObjectDecoder.java:336)
	io.netty.handler.codec.http.HttpServerCodec$HttpServerRequestDecoder.decode(HttpServerCodec.java:103)
	io.netty.handler.codec.ByteToMessageDecoder.decodeRemovalReentryProtection(ByteToMessageDecoder.java:502)
	io.netty.handler.codec.ByteToMessageDecoder.callDecode(ByteToMessageDecoder.java:441)
	io.netty.handler.codec.ByteToMessageDecoder.channelRead(ByteToMessageDecoder.java:278)
	io.netty.channel.CombinedChannelDuplexHandler.channelRead(CombinedChannelDuplexHandler.java:253)
	io.netty.channel.AbstractChannelHandlerContext.invokeChannelRead(AbstractChannelHandlerContext.java:374)
	io.netty.channel.AbstractChannelHandlerContext.invokeChannelRead(AbstractChannelHandlerContext.java:360)
	io.netty.channel.AbstractChannelHandlerContext.fireChannelRead(AbstractChannelHandlerContext.java:352)
	io.netty.channel.DefaultChannelPipeline$HeadContext.channelRead(DefaultChannelPipeline.java:1408)
	io.netty.channel.AbstractChannelHandlerContext.invokeChannelRead(AbstractChannelHandlerContext.java:374)
	io.netty.channel.AbstractChannelHandlerContext.invokeChannelRead(AbstractChannelHandlerContext.java:360)
	io.netty.channel.DefaultChannelPipeline.fireChannelRead(DefaultChannelPipeline.java:930)
	io.netty.channel.nio.AbstractNioByteChannel$NioByteUnsafe.read(AbstractNioByteChannel.java:163)
	io.netty.channel.nio.NioEventLoop.processSelectedKey(NioEventLoop.java:682)
	io.netty.channel.nio.NioEventLoop.processSelectedKeysOptimized(NioEventLoop.java:617)
	io.netty.channel.nio.NioEventLoop.processSelectedKeys(NioEventLoop.java:534)
	io.netty.channel.nio.NioEventLoop.run(NioEventLoop.java:496)
	io.netty.util.concurrent.SingleThreadEventExecutor$5.run(SingleThreadEventExecutor.java:906)
	io.netty.util.internal.ThreadExecutorMap$2.run(ThreadExecutorMap.java:74)
	io.netty.util.concurrent.FastThreadLocalRunnable.run(FastThreadLocalRunnable.java:30)
	java.lang.Thread.run(Thread.java:748)
: 9 leak records were discarded because they were duplicates
: 1393 leak records were discarded because the leak record count is targeted to 4. Use system property io.netty.leakDetection.targetRecords to increase the limit.
22:43:01.590 [reactor-http-nio-8] ERROR i.n.u.ResourceLeakDetector - LEAK: ByteBuf.release() was not called before it's garbage-collected. See http://netty.io/wiki/reference-counted-objects.html for more information.
Recent access records: 
#1:
	io.netty.buffer.AdvancedLeakAwareByteBuf.order(AdvancedLeakAwareByteBuf.java:70)
	io.netty.buffer.CompositeByteBuf.newComponent(CompositeByteBuf.java:318)
	io.netty.buffer.CompositeByteBuf.addComponent0(CompositeByteBuf.java:280)
	io.netty.buffer.CompositeByteBuf.addComponent(CompositeByteBuf.java:265)
	io.netty.buffer.CompositeByteBuf.addComponent(CompositeByteBuf.java:222)
	io.netty.buffer.WrappedCompositeByteBuf.addComponent(WrappedCompositeByteBuf.java:529)
	io.netty.buffer.AdvancedLeakAwareCompositeByteBuf.addComponent(AdvancedLeakAwareCompositeByteBuf.java:921)
	org.springframework.core.io.buffer.NettyDataBufferFactory.join(NettyDataBufferFactory.java:111)
	org.springframework.core.io.buffer.DataBufferUtils.joinAndStrip(DataBufferUtils.java:686)
	org.springframework.core.io.buffer.DataBufferUtils.lambda$split$20(DataBufferUtils.java:605)
	reactor.core.publisher.FluxMap$MapConditionalSubscriber.onNext(FluxMap.java:199)
	reactor.core.publisher.FluxBufferPredicate$BufferPredicateSubscriber.emit(FluxBufferPredicate.java:290)
	reactor.core.publisher.FluxBufferPredicate$BufferPredicateSubscriber.onNextNewBuffer(FluxBufferPredicate.java:257)
	reactor.core.publisher.FluxBufferPredicate$BufferPredicateSubscriber.tryOnNext(FluxBufferPredicate.java:211)
	reactor.core.publisher.FluxBufferPredicate$BufferPredicateSubscriber.onNext(FluxBufferPredicate.java:184)
	reactor.core.publisher.FluxFlatMap$FlatMapMain.drainLoop(FluxFlatMap.java:664)
	reactor.core.publisher.FluxFlatMap$FlatMapMain.drain(FluxFlatMap.java:540)
	reactor.core.publisher.FluxFlatMap$FlatMapInner.onSubscribe(FluxFlatMap.java:924)
	reactor.core.publisher.FluxIterable.subscribe(FluxIterable.java:139)
	reactor.core.publisher.FluxIterable.subscribe(FluxIterable.java:63)
	reactor.core.publisher.Flux.subscribe(Flux.java:7922)
	reactor.core.publisher.FluxFlatMap$FlatMapMain.onNext(FluxFlatMap.java:389)
	reactor.core.publisher.FluxConcatMap$ConcatMapImmediate.innerNext(FluxConcatMap.java:275)
	reactor.core.publisher.FluxConcatMap$ConcatMapInner.onNext(FluxConcatMap.java:849)
	reactor.core.publisher.FluxConcatMap$WeakScalarSubscription.request(FluxConcatMap.java:470)
	reactor.core.publisher.Operators$MultiSubscriptionSubscriber.set(Operators.java:1939)
	reactor.core.publisher.FluxConcatMap$ConcatMapImmediate.drain(FluxConcatMap.java:436)
	reactor.core.publisher.FluxConcatMap$ConcatMapImmediate.onNext(FluxConcatMap.java:244)
	reactor.core.publisher.FluxMap$MapSubscriber.onNext(FluxMap.java:114)
	reactor.core.publisher.FluxPeek$PeekSubscriber.onNext(FluxPeek.java:192)
	reactor.core.publisher.FluxMap$MapSubscriber.onNext(FluxMap.java:114)
	reactor.netty.channel.FluxReceive.drainReceiver(FluxReceive.java:206)
	reactor.netty.channel.FluxReceive.onInboundNext(FluxReceive.java:322)
	reactor.netty.channel.ChannelOperations.onInboundNext(ChannelOperations.java:335)
	reactor.netty.http.server.HttpServerOperations.onInboundNext(HttpServerOperations.java:456)
	reactor.netty.channel.ChannelOperationsHandler.channelRead(ChannelOperationsHandler.java:91)
	io.netty.channel.AbstractChannelHandlerContext.invokeChannelRead(AbstractChannelHandlerContext.java:374)
	io.netty.channel.AbstractChannelHandlerContext.invokeChannelRead(AbstractChannelHandlerContext.java:360)
	io.netty.channel.AbstractChannelHandlerContext.fireChannelRead(AbstractChannelHandlerContext.java:352)
	reactor.netty.http.server.HttpTrafficHandler.channelRead(HttpTrafficHandler.java:190)
	io.netty.channel.AbstractChannelHandlerContext.invokeChannelRead(AbstractChannelHandlerContext.java:374)
	io.netty.channel.AbstractChannelHandlerContext.invokeChannelRead(AbstractChannelHandlerContext.java:360)
	io.netty.channel.AbstractChannelHandlerContext.fireChannelRead(AbstractChannelHandlerContext.java:352)
	io.netty.channel.CombinedChannelDuplexHandler$DelegatingChannelHandlerContext.fireChannelRead(CombinedChannelDuplexHandler.java:438)
	io.netty.handler.codec.ByteToMessageDecoder.fireChannelRead(ByteToMessageDecoder.java:323)
	io.netty.handler.codec.ByteToMessageDecoder.fireChannelRead(ByteToMessageDecoder.java:310)
	io.netty.handler.codec.ByteToMessageDecoder.callDecode(ByteToMessageDecoder.java:426)
	io.netty.handler.codec.ByteToMessageDecoder.channelRead(ByteToMessageDecoder.java:278)
	io.netty.channel.CombinedChannelDuplexHandler.channelRead(CombinedChannelDuplexHandler.java:253)
	io.netty.channel.AbstractChannelHandlerContext.invokeChannelRead(AbstractChannelHandlerContext.java:374)
	io.netty.channel.AbstractChannelHandlerContext.invokeChannelRead(AbstractChannelHandlerContext.java:360)
	io.netty.channel.AbstractChannelHandlerContext.fireChannelRead(AbstractChannelHandlerContext.java:352)
	io.netty.channel.DefaultChannelPipeline$HeadContext.channelRead(DefaultChannelPipeline.java:1408)
	io.netty.channel.AbstractChannelHandlerContext.invokeChannelRead(AbstractChannelHandlerContext.java:374)
	io.netty.channel.AbstractChannelHandlerContext.invokeChannelRead(AbstractChannelHandlerContext.java:360)
	io.netty.channel.DefaultChannelPipeline.fireChannelRead(DefaultChannelPipeline.java:930)
	io.netty.channel.nio.AbstractNioByteChannel$NioByteUnsafe.read(AbstractNioByteChannel.java:163)
	io.netty.channel.nio.NioEventLoop.processSelectedKey(NioEventLoop.java:682)
	io.netty.channel.nio.NioEventLoop.processSelectedKeysOptimized(NioEventLoop.java:617)
	io.netty.channel.nio.NioEventLoop.processSelectedKeys(NioEventLoop.java:534)
	io.netty.channel.nio.NioEventLoop.run(NioEventLoop.java:496)
	io.netty.util.concurrent.SingleThreadEventExecutor$5.run(SingleThreadEventExecutor.java:906)
	io.netty.util.internal.ThreadExecutorMap$2.run(ThreadExecutorMap.java:74)
	io.netty.util.concurrent.FastThreadLocalRunnable.run(FastThreadLocalRunnable.java:30)
	java.lang.Thread.run(Thread.java:748)
#2:
	io.netty.buffer.AdvancedLeakAwareByteBuf.getByte(AdvancedLeakAwareByteBuf.java:154)
	org.springframework.core.io.buffer.NettyDataBuffer.getByte(NettyDataBuffer.java:132)
	org.springframework.core.io.buffer.DataBufferUtils$KnuthMorrisPrattMatcher.match(DataBufferUtils.java:1005)
	org.springframework.core.io.buffer.DataBufferUtils.endFrameAfterDelimiter(DataBufferUtils.java:634)
	org.springframework.core.io.buffer.DataBufferUtils.lambda$split$18(DataBufferUtils.java:603)
	reactor.core.publisher.FluxFlatMap$FlatMapMain.onNext(FluxFlatMap.java:350)
	reactor.core.publisher.FluxConcatMap$ConcatMapImmediate.innerNext(FluxConcatMap.java:275)
	reactor.core.publisher.FluxConcatMap$ConcatMapInner.onNext(FluxConcatMap.java:849)
	reactor.core.publisher.FluxConcatMap$WeakScalarSubscription.request(FluxConcatMap.java:470)
	reactor.core.publisher.Operators$MultiSubscriptionSubscriber.set(Operators.java:1939)
	reactor.core.publisher.FluxConcatMap$ConcatMapImmediate.drain(FluxConcatMap.java:436)
	reactor.core.publisher.FluxConcatMap$ConcatMapImmediate.onNext(FluxConcatMap.java:244)
	reactor.core.publisher.FluxMap$MapSubscriber.onNext(FluxMap.java:114)
	reactor.core.publisher.FluxPeek$PeekSubscriber.onNext(FluxPeek.java:192)
	reactor.core.publisher.FluxMap$MapSubscriber.onNext(FluxMap.java:114)
	reactor.netty.channel.FluxReceive.drainReceiver(FluxReceive.java:206)
	reactor.netty.channel.FluxReceive.onInboundNext(FluxReceive.java:322)
	reactor.netty.channel.ChannelOperations.onInboundNext(ChannelOperations.java:335)
	reactor.netty.http.server.HttpServerOperations.onInboundNext(HttpServerOperations.java:456)
	reactor.netty.channel.ChannelOperationsHandler.channelRead(ChannelOperationsHandler.java:91)
	io.netty.channel.AbstractChannelHandlerContext.invokeChannelRead(AbstractChannelHandlerContext.java:374)
	io.netty.channel.AbstractChannelHandlerContext.invokeChannelRead(AbstractChannelHandlerContext.java:360)
	io.netty.channel.AbstractChannelHandlerContext.fireChannelRead(AbstractChannelHandlerContext.java:352)
	reactor.netty.http.server.HttpTrafficHandler.channelRead(HttpTrafficHandler.java:190)
	io.netty.channel.AbstractChannelHandlerContext.invokeChannelRead(AbstractChannelHandlerContext.java:374)
	io.netty.channel.AbstractChannelHandlerContext.invokeChannelRead(AbstractChannelHandlerContext.java:360)
	io.netty.channel.AbstractChannelHandlerContext.fireChannelRead(AbstractChannelHandlerContext.java:352)
	io.netty.channel.CombinedChannelDuplexHandler$DelegatingChannelHandlerContext.fireChannelRead(CombinedChannelDuplexHandler.java:438)
	io.netty.handler.codec.ByteToMessageDecoder.fireChannelRead(ByteToMessageDecoder.java:323)
	io.netty.handler.codec.ByteToMessageDecoder.fireChannelRead(ByteToMessageDecoder.java:310)
	io.netty.handler.codec.ByteToMessageDecoder.callDecode(ByteToMessageDecoder.java:426)
	io.netty.handler.codec.ByteToMessageDecoder.channelRead(ByteToMessageDecoder.java:278)
	io.netty.channel.CombinedChannelDuplexHandler.channelRead(CombinedChannelDuplexHandler.java:253)
	io.netty.channel.AbstractChannelHandlerContext.invokeChannelRead(AbstractChannelHandlerContext.java:374)
	io.netty.channel.AbstractChannelHandlerContext.invokeChannelRead(AbstractChannelHandlerContext.java:360)
	io.netty.channel.AbstractChannelHandlerContext.fireChannelRead(AbstractChannelHandlerContext.java:352)
	io.netty.channel.DefaultChannelPipeline$HeadContext.channelRead(DefaultChannelPipeline.java:1408)
	io.netty.channel.AbstractChannelHandlerContext.invokeChannelRead(AbstractChannelHandlerContext.java:374)
	io.netty.channel.AbstractChannelHandlerContext.invokeChannelRead(AbstractChannelHandlerContext.java:360)
	io.netty.channel.DefaultChannelPipeline.fireChannelRead(DefaultChannelPipeline.java:930)
	io.netty.channel.nio.AbstractNioByteChannel$NioByteUnsafe.read(AbstractNioByteChannel.java:163)
	io.netty.channel.nio.NioEventLoop.processSelectedKey(NioEventLoop.java:682)
	io.netty.channel.nio.NioEventLoop.processSelectedKeysOptimized(NioEventLoop.java:617)
	io.netty.channel.nio.NioEventLoop.processSelectedKeys(NioEventLoop.java:534)
	io.netty.channel.nio.NioEventLoop.run(NioEventLoop.java:496)
	io.netty.util.concurrent.SingleThreadEventExecutor$5.run(SingleThreadEventExecutor.java:906)
	io.netty.util.internal.ThreadExecutorMap$2.run(ThreadExecutorMap.java:74)
	io.netty.util.concurrent.FastThreadLocalRunnable.run(FastThreadLocalRunnable.java:30)
	java.lang.Thread.run(Thread.java:748)
#3:
	reactor.core.publisher.FluxPeek$PeekSubscriber.onNext(FluxPeek.java:177)
	reactor.core.publisher.FluxMap$MapSubscriber.onNext(FluxMap.java:114)
	reactor.netty.channel.FluxReceive.drainReceiver(FluxReceive.java:206)
	reactor.netty.channel.FluxReceive.onInboundNext(FluxReceive.java:322)
	reactor.netty.channel.ChannelOperations.onInboundNext(ChannelOperations.java:335)
	reactor.netty.http.server.HttpServerOperations.onInboundNext(HttpServerOperations.java:456)
	reactor.netty.channel.ChannelOperationsHandler.channelRead(ChannelOperationsHandler.java:91)
	io.netty.channel.AbstractChannelHandlerContext.invokeChannelRead(AbstractChannelHandlerContext.java:374)
	io.netty.channel.AbstractChannelHandlerContext.invokeChannelRead(AbstractChannelHandlerContext.java:360)
	io.netty.channel.AbstractChannelHandlerContext.fireChannelRead(AbstractChannelHandlerContext.java:352)
	reactor.netty.http.server.HttpTrafficHandler.channelRead(HttpTrafficHandler.java:190)
	io.netty.channel.AbstractChannelHandlerContext.invokeChannelRead(AbstractChannelHandlerContext.java:374)
	io.netty.channel.AbstractChannelHandlerContext.invokeChannelRead(AbstractChannelHandlerContext.java:360)
	io.netty.channel.AbstractChannelHandlerContext.fireChannelRead(AbstractChannelHandlerContext.java:352)
	io.netty.channel.CombinedChannelDuplexHandler$DelegatingChannelHandlerContext.fireChannelRead(CombinedChannelDuplexHandler.java:438)
	io.netty.handler.codec.ByteToMessageDecoder.fireChannelRead(ByteToMessageDecoder.java:323)
	io.netty.handler.codec.ByteToMessageDecoder.fireChannelRead(ByteToMessageDecoder.java:310)
	io.netty.handler.codec.ByteToMessageDecoder.callDecode(ByteToMessageDecoder.java:426)
	io.netty.handler.codec.ByteToMessageDecoder.channelRead(ByteToMessageDecoder.java:278)
	io.netty.channel.CombinedChannelDuplexHandler.channelRead(CombinedChannelDuplexHandler.java:253)
	io.netty.channel.AbstractChannelHandlerContext.invokeChannelRead(AbstractChannelHandlerContext.java:374)
	io.netty.channel.AbstractChannelHandlerContext.invokeChannelRead(AbstractChannelHandlerContext.java:360)
	io.netty.channel.AbstractChannelHandlerContext.fireChannelRead(AbstractChannelHandlerContext.java:352)
	io.netty.channel.DefaultChannelPipeline$HeadContext.channelRead(DefaultChannelPipeline.java:1408)
	io.netty.channel.AbstractChannelHandlerContext.invokeChannelRead(AbstractChannelHandlerContext.java:374)
	io.netty.channel.AbstractChannelHandlerContext.invokeChannelRead(AbstractChannelHandlerContext.java:360)
	io.netty.channel.DefaultChannelPipeline.fireChannelRead(DefaultChannelPipeline.java:930)
	io.netty.channel.nio.AbstractNioByteChannel$NioByteUnsafe.read(AbstractNioByteChannel.java:163)
	io.netty.channel.nio.NioEventLoop.processSelectedKey(NioEventLoop.java:682)
	io.netty.channel.nio.NioEventLoop.processSelectedKeysOptimized(NioEventLoop.java:617)
	io.netty.channel.nio.NioEventLoop.processSelectedKeys(NioEventLoop.java:534)
	io.netty.channel.nio.NioEventLoop.run(NioEventLoop.java:496)
	io.netty.util.concurrent.SingleThreadEventExecutor$5.run(SingleThreadEventExecutor.java:906)
	io.netty.util.internal.ThreadExecutorMap$2.run(ThreadExecutorMap.java:74)
	io.netty.util.concurrent.FastThreadLocalRunnable.run(FastThreadLocalRunnable.java:30)
	java.lang.Thread.run(Thread.java:748)
#4:
	Hint: 'reactor.right.reactiveBridge' will handle the message from this point.
	io.netty.handler.codec.http.DefaultHttpContent.touch(DefaultHttpContent.java:88)
	io.netty.handler.codec.http.DefaultHttpContent.touch(DefaultHttpContent.java:24)
	io.netty.channel.DefaultChannelPipeline.touch(DefaultChannelPipeline.java:116)
	io.netty.channel.AbstractChannelHandlerContext.invokeChannelRead(AbstractChannelHandlerContext.java:357)
	io.netty.channel.AbstractChannelHandlerContext.fireChannelRead(AbstractChannelHandlerContext.java:352)
	reactor.netty.http.server.HttpTrafficHandler.channelRead(HttpTrafficHandler.java:190)
	io.netty.channel.AbstractChannelHandlerContext.invokeChannelRead(AbstractChannelHandlerContext.java:374)
	io.netty.channel.AbstractChannelHandlerContext.invokeChannelRead(AbstractChannelHandlerContext.java:360)
	io.netty.channel.AbstractChannelHandlerContext.fireChannelRead(AbstractChannelHandlerContext.java:352)
	io.netty.channel.CombinedChannelDuplexHandler$DelegatingChannelHandlerContext.fireChannelRead(CombinedChannelDuplexHandler.java:438)
	io.netty.handler.codec.ByteToMessageDecoder.fireChannelRead(ByteToMessageDecoder.java:323)
	io.netty.handler.codec.ByteToMessageDecoder.fireChannelRead(ByteToMessageDecoder.java:310)
	io.netty.handler.codec.ByteToMessageDecoder.callDecode(ByteToMessageDecoder.java:426)
	io.netty.handler.codec.ByteToMessageDecoder.channelRead(ByteToMessageDecoder.java:278)
	io.netty.channel.CombinedChannelDuplexHandler.channelRead(CombinedChannelDuplexHandler.java:253)
	io.netty.channel.AbstractChannelHandlerContext.invokeChannelRead(AbstractChannelHandlerContext.java:374)
	io.netty.channel.AbstractChannelHandlerContext.invokeChannelRead(AbstractChannelHandlerContext.java:360)
	io.netty.channel.AbstractChannelHandlerContext.fireChannelRead(AbstractChannelHandlerContext.java:352)
	io.netty.channel.DefaultChannelPipeline$HeadContext.channelRead(DefaultChannelPipeline.java:1408)
	io.netty.channel.AbstractChannelHandlerContext.invokeChannelRead(AbstractChannelHandlerContext.java:374)
	io.netty.channel.AbstractChannelHandlerContext.invokeChannelRead(AbstractChannelHandlerContext.java:360)
	io.netty.channel.DefaultChannelPipeline.fireChannelRead(DefaultChannelPipeline.java:930)
	io.netty.channel.nio.AbstractNioByteChannel$NioByteUnsafe.read(AbstractNioByteChannel.java:163)
	io.netty.channel.nio.NioEventLoop.processSelectedKey(NioEventLoop.java:682)
	io.netty.channel.nio.NioEventLoop.processSelectedKeysOptimized(NioEventLoop.java:617)
	io.netty.channel.nio.NioEventLoop.processSelectedKeys(NioEventLoop.java:534)
	io.netty.channel.nio.NioEventLoop.run(NioEventLoop.java:496)
	io.netty.util.concurrent.SingleThreadEventExecutor$5.run(SingleThreadEventExecutor.java:906)
	io.netty.util.internal.ThreadExecutorMap$2.run(ThreadExecutorMap.java:74)
	io.netty.util.concurrent.FastThreadLocalRunnable.run(FastThreadLocalRunnable.java:30)
	java.lang.Thread.run(Thread.java:748)
#5:
	Hint: 'reactor.left.httpTrafficHandler' will handle the message from this point.
	io.netty.handler.codec.http.DefaultHttpContent.touch(DefaultHttpContent.java:88)
	io.netty.handler.codec.http.DefaultHttpContent.touch(DefaultHttpContent.java:24)
	io.netty.channel.DefaultChannelPipeline.touch(DefaultChannelPipeline.java:116)
	io.netty.channel.AbstractChannelHandlerContext.invokeChannelRead(AbstractChannelHandlerContext.java:357)
	io.netty.channel.AbstractChannelHandlerContext.fireChannelRead(AbstractChannelHandlerContext.java:352)
	io.netty.channel.CombinedChannelDuplexHandler$DelegatingChannelHandlerContext.fireChannelRead(CombinedChannelDuplexHandler.java:438)
	io.netty.handler.codec.ByteToMessageDecoder.fireChannelRead(ByteToMessageDecoder.java:323)
	io.netty.handler.codec.ByteToMessageDecoder.fireChannelRead(ByteToMessageDecoder.java:310)
	io.netty.handler.codec.ByteToMessageDecoder.callDecode(ByteToMessageDecoder.java:426)
	io.netty.handler.codec.ByteToMessageDecoder.channelRead(ByteToMessageDecoder.java:278)
	io.netty.channel.CombinedChannelDuplexHandler.channelRead(CombinedChannelDuplexHandler.java:253)
	io.netty.channel.AbstractChannelHandlerContext.invokeChannelRead(AbstractChannelHandlerContext.java:374)
	io.netty.channel.AbstractChannelHandlerContext.invokeChannelRead(AbstractChannelHandlerContext.java:360)
	io.netty.channel.AbstractChannelHandlerContext.fireChannelRead(AbstractChannelHandlerContext.java:352)
	io.netty.channel.DefaultChannelPipeline$HeadContext.channelRead(DefaultChannelPipeline.java:1408)
	io.netty.channel.AbstractChannelHandlerContext.invokeChannelRead(AbstractChannelHandlerContext.java:374)
	io.netty.channel.AbstractChannelHandlerContext.invokeChannelRead(AbstractChannelHandlerContext.java:360)
	io.netty.channel.DefaultChannelPipeline.fireChannelRead(DefaultChannelPipeline.java:930)
	io.netty.channel.nio.AbstractNioByteChannel$NioByteUnsafe.read(AbstractNioByteChannel.java:163)
	io.netty.channel.nio.NioEventLoop.processSelectedKey(NioEventLoop.java:682)
	io.netty.channel.nio.NioEventLoop.processSelectedKeysOptimized(NioEventLoop.java:617)
	io.netty.channel.nio.NioEventLoop.processSelectedKeys(NioEventLoop.java:534)
	io.netty.channel.nio.NioEventLoop.run(NioEventLoop.java:496)
	io.netty.util.concurrent.SingleThreadEventExecutor$5.run(SingleThreadEventExecutor.java:906)
	io.netty.util.internal.ThreadExecutorMap$2.run(ThreadExecutorMap.java:74)
	io.netty.util.concurrent.FastThreadLocalRunnable.run(FastThreadLocalRunnable.java:30)
	java.lang.Thread.run(Thread.java:748)
Created at:
	io.netty.buffer.SimpleLeakAwareByteBuf.unwrappedDerived(SimpleLeakAwareByteBuf.java:143)
	io.netty.buffer.SimpleLeakAwareByteBuf.readRetainedSlice(SimpleLeakAwareByteBuf.java:67)
	io.netty.buffer.AdvancedLeakAwareByteBuf.readRetainedSlice(AdvancedLeakAwareByteBuf.java:107)
	io.netty.handler.codec.http.HttpObjectDecoder.decode(HttpObjectDecoder.java:336)
	io.netty.handler.codec.http.HttpServerCodec$HttpServerRequestDecoder.decode(HttpServerCodec.java:103)
	io.netty.handler.codec.ByteToMessageDecoder.decodeRemovalReentryProtection(ByteToMessageDecoder.java:502)
	io.netty.handler.codec.ByteToMessageDecoder.callDecode(ByteToMessageDecoder.java:441)
	io.netty.handler.codec.ByteToMessageDecoder.channelRead(ByteToMessageDecoder.java:278)
	io.netty.channel.CombinedChannelDuplexHandler.channelRead(CombinedChannelDuplexHandler.java:253)
	io.netty.channel.AbstractChannelHandlerContext.invokeChannelRead(AbstractChannelHandlerContext.java:374)
	io.netty.channel.AbstractChannelHandlerContext.invokeChannelRead(AbstractChannelHandlerContext.java:360)
	io.netty.channel.AbstractChannelHandlerContext.fireChannelRead(AbstractChannelHandlerContext.java:352)
	io.netty.channel.DefaultChannelPipeline$HeadContext.channelRead(DefaultChannelPipeline.java:1408)
	io.netty.channel.AbstractChannelHandlerContext.invokeChannelRead(AbstractChannelHandlerContext.java:374)
	io.netty.channel.AbstractChannelHandlerContext.invokeChannelRead(AbstractChannelHandlerContext.java:360)
	io.netty.channel.DefaultChannelPipeline.fireChannelRead(DefaultChannelPipeline.java:930)
	io.netty.channel.nio.AbstractNioByteChannel$NioByteUnsafe.read(AbstractNioByteChannel.java:163)
	io.netty.channel.nio.NioEventLoop.processSelectedKey(NioEventLoop.java:682)
	io.netty.channel.nio.NioEventLoop.processSelectedKeysOptimized(NioEventLoop.java:617)
	io.netty.channel.nio.NioEventLoop.processSelectedKeys(NioEventLoop.java:534)
	io.netty.channel.nio.NioEventLoop.run(NioEventLoop.java:496)
	io.netty.util.concurrent.SingleThreadEventExecutor$5.run(SingleThreadEventExecutor.java:906)
	io.netty.util.internal.ThreadExecutorMap$2.run(ThreadExecutorMap.java:74)
	io.netty.util.concurrent.FastThreadLocalRunnable.run(FastThreadLocalRunnable.java:30)
	java.lang.Thread.run(Thread.java:748)
: 9 leak records were discarded because they were duplicates
: 3789 leak records were discarded because the leak record count is targeted to 4. Use system property io.netty.leakDetection.targetRecords to increase the limit.
22:43:01.592 [reactor-http-nio-8] ERROR i.n.u.ResourceLeakDetector - LEAK: ByteBuf.release() was not called before it's garbage-collected. See http://netty.io/wiki/reference-counted-objects.html for more information.
Recent access records: 
#1:
	io.netty.buffer.AdvancedLeakAwareByteBuf.getBytes(AdvancedLeakAwareByteBuf.java:250)
	io.netty.buffer.CompositeByteBuf.getBytes(CompositeByteBuf.java:1029)
	io.netty.buffer.CompositeByteBuf.getBytes(CompositeByteBuf.java:48)
	io.netty.buffer.AbstractUnpooledSlicedByteBuf.getBytes(AbstractUnpooledSlicedByteBuf.java:243)
	io.netty.buffer.AbstractByteBuf.readBytes(AbstractByteBuf.java:889)
	io.netty.buffer.AbstractByteBuf.readBytes(AbstractByteBuf.java:896)
	io.netty.buffer.WrappedByteBuf.readBytes(WrappedByteBuf.java:649)
	io.netty.buffer.AdvancedLeakAwareByteBuf.readBytes(AdvancedLeakAwareByteBuf.java:497)
	org.springframework.core.io.buffer.NettyDataBuffer.read(NettyDataBuffer.java:159)
	org.springframework.core.io.buffer.NettyDataBuffer.read(NettyDataBuffer.java:43)
	org.springframework.http.codec.multipart.DefaultMultipartMessageReader.toHeaders(DefaultMultipartMessageReader.java:229)
	org.springframework.http.codec.multipart.DefaultMultipartMessageReader.toPart(DefaultMultipartMessageReader.java:197)
	reactor.core.publisher.FluxMap$MapConditionalSubscriber.onNext(FluxMap.java:199)
	reactor.core.publisher.FluxTakeWhile$TakeWhileSubscriber.onNext(FluxTakeWhile.java:94)
	reactor.core.publisher.FluxContextStart$ContextStartSubscriber.onNext(FluxContextStart.java:103)
	reactor.core.publisher.FluxMap$MapConditionalSubscriber.onNext(FluxMap.java:213)
	reactor.core.publisher.FluxBufferPredicate$BufferPredicateSubscriber.emit(FluxBufferPredicate.java:290)
	reactor.core.publisher.FluxBufferPredicate$BufferPredicateSubscriber.onNextNewBuffer(FluxBufferPredicate.java:257)
	reactor.core.publisher.FluxBufferPredicate$BufferPredicateSubscriber.tryOnNext(FluxBufferPredicate.java:211)
	reactor.core.publisher.FluxBufferPredicate$BufferPredicateSubscriber.onNext(FluxBufferPredicate.java:184)
	reactor.core.publisher.FluxFlatMap$FlatMapMain.drainLoop(FluxFlatMap.java:664)
	reactor.core.publisher.FluxFlatMap$FlatMapMain.drain(FluxFlatMap.java:540)
	reactor.core.publisher.FluxFlatMap$FlatMapInner.onSubscribe(FluxFlatMap.java:924)
	reactor.core.publisher.FluxIterable.subscribe(FluxIterable.java:139)
	reactor.core.publisher.FluxIterable.subscribe(FluxIterable.java:63)
	reactor.core.publisher.Flux.subscribe(Flux.java:7922)
	reactor.core.publisher.FluxFlatMap$FlatMapMain.onNext(FluxFlatMap.java:389)
	reactor.core.publisher.FluxConcatMap$ConcatMapImmediate.innerNext(FluxConcatMap.java:275)
	reactor.core.publisher.FluxConcatMap$ConcatMapInner.onNext(FluxConcatMap.java:849)
	reactor.core.publisher.FluxConcatMap$WeakScalarSubscription.request(FluxConcatMap.java:470)
	reactor.core.publisher.Operators$MultiSubscriptionSubscriber.set(Operators.java:1939)
	reactor.core.publisher.FluxConcatMap$ConcatMapImmediate.drain(FluxConcatMap.java:436)
	reactor.core.publisher.FluxConcatMap$ConcatMapImmediate.onNext(FluxConcatMap.java:244)
	reactor.core.publisher.FluxMap$MapSubscriber.onNext(FluxMap.java:114)
	reactor.core.publisher.FluxPeek$PeekSubscriber.onNext(FluxPeek.java:192)
	reactor.core.publisher.FluxMap$MapSubscriber.onNext(FluxMap.java:114)
	reactor.netty.channel.FluxReceive.drainReceiver(FluxReceive.java:206)
	reactor.netty.channel.FluxReceive.onInboundNext(FluxReceive.java:322)
	reactor.netty.channel.ChannelOperations.onInboundNext(ChannelOperations.java:335)
	reactor.netty.http.server.HttpServerOperations.onInboundNext(HttpServerOperations.java:456)
	reactor.netty.channel.ChannelOperationsHandler.channelRead(ChannelOperationsHandler.java:91)
	io.netty.channel.AbstractChannelHandlerContext.invokeChannelRead(AbstractChannelHandlerContext.java:374)
	io.netty.channel.AbstractChannelHandlerContext.invokeChannelRead(AbstractChannelHandlerContext.java:360)
	io.netty.channel.AbstractChannelHandlerContext.fireChannelRead(AbstractChannelHandlerContext.java:352)
	reactor.netty.http.server.HttpTrafficHandler.channelRead(HttpTrafficHandler.java:190)
	io.netty.channel.AbstractChannelHandlerContext.invokeChannelRead(AbstractChannelHandlerContext.java:374)
	io.netty.channel.AbstractChannelHandlerContext.invokeChannelRead(AbstractChannelHandlerContext.java:360)
	io.netty.channel.AbstractChannelHandlerContext.fireChannelRead(AbstractChannelHandlerContext.java:352)
	io.netty.channel.CombinedChannelDuplexHandler$DelegatingChannelHandlerContext.fireChannelRead(CombinedChannelDuplexHandler.java:438)
	io.netty.handler.codec.ByteToMessageDecoder.fireChannelRead(ByteToMessageDecoder.java:323)
	io.netty.handler.codec.ByteToMessageDecoder.fireChannelRead(ByteToMessageDecoder.java:310)
	io.netty.handler.codec.ByteToMessageDecoder.callDecode(ByteToMessageDecoder.java:426)
	io.netty.handler.codec.ByteToMessageDecoder.channelRead(ByteToMessageDecoder.java:278)
	io.netty.channel.CombinedChannelDuplexHandler.channelRead(CombinedChannelDuplexHandler.java:253)
	io.netty.channel.AbstractChannelHandlerContext.invokeChannelRead(AbstractChannelHandlerContext.java:374)
	io.netty.channel.AbstractChannelHandlerContext.invokeChannelRead(AbstractChannelHandlerContext.java:360)
	io.netty.channel.AbstractChannelHandlerContext.fireChannelRead(AbstractChannelHandlerContext.java:352)
	io.netty.channel.DefaultChannelPipeline$HeadContext.channelRead(DefaultChannelPipeline.java:1408)
	io.netty.channel.AbstractChannelHandlerContext.invokeChannelRead(AbstractChannelHandlerContext.java:374)
	io.netty.channel.AbstractChannelHandlerContext.invokeChannelRead(AbstractChannelHandlerContext.java:360)
	io.netty.channel.DefaultChannelPipeline.fireChannelRead(DefaultChannelPipeline.java:930)
	io.netty.channel.nio.AbstractNioByteChannel$NioByteUnsafe.read(AbstractNioByteChannel.java:163)
	io.netty.channel.nio.NioEventLoop.processSelectedKey(NioEventLoop.java:682)
	io.netty.channel.nio.NioEventLoop.processSelectedKeysOptimized(NioEventLoop.java:617)
	io.netty.channel.nio.NioEventLoop.processSelectedKeys(NioEventLoop.java:534)
	io.netty.channel.nio.NioEventLoop.run(NioEventLoop.java:496)
	io.netty.util.concurrent.SingleThreadEventExecutor$5.run(SingleThreadEventExecutor.java:906)
	io.netty.util.internal.ThreadExecutorMap$2.run(ThreadExecutorMap.java:74)
	io.netty.util.concurrent.FastThreadLocalRunnable.run(FastThreadLocalRunnable.java:30)
	java.lang.Thread.run(Thread.java:748)
#2:
	io.netty.buffer.AdvancedLeakAwareByteBuf.getByte(AdvancedLeakAwareByteBuf.java:154)
	io.netty.buffer.CompositeByteBuf.getByte(CompositeByteBuf.java:913)
	io.netty.buffer.WrappedCompositeByteBuf.getByte(WrappedCompositeByteBuf.java:652)
	io.netty.buffer.AdvancedLeakAwareCompositeByteBuf.getByte(AdvancedLeakAwareCompositeByteBuf.java:141)
	org.springframework.core.io.buffer.NettyDataBuffer.getByte(NettyDataBuffer.java:132)
	org.springframework.core.io.buffer.DataBufferUtils$KnuthMorrisPrattMatcher.match(DataBufferUtils.java:1005)
	org.springframework.http.codec.multipart.DefaultMultipartMessageReader.toPart(DefaultMultipartMessageReader.java:184)
	reactor.core.publisher.FluxMap$MapConditionalSubscriber.onNext(FluxMap.java:199)
	reactor.core.publisher.FluxTakeWhile$TakeWhileSubscriber.onNext(FluxTakeWhile.java:94)
	reactor.core.publisher.FluxContextStart$ContextStartSubscriber.onNext(FluxContextStart.java:103)
	reactor.core.publisher.FluxMap$MapConditionalSubscriber.onNext(FluxMap.java:213)
	reactor.core.publisher.FluxBufferPredicate$BufferPredicateSubscriber.emit(FluxBufferPredicate.java:290)
	reactor.core.publisher.FluxBufferPredicate$BufferPredicateSubscriber.onNextNewBuffer(FluxBufferPredicate.java:257)
	reactor.core.publisher.FluxBufferPredicate$BufferPredicateSubscriber.tryOnNext(FluxBufferPredicate.java:211)
	reactor.core.publisher.FluxBufferPredicate$BufferPredicateSubscriber.onNext(FluxBufferPredicate.java:184)
	reactor.core.publisher.FluxFlatMap$FlatMapMain.drainLoop(FluxFlatMap.java:664)
	reactor.core.publisher.FluxFlatMap$FlatMapMain.drain(FluxFlatMap.java:540)
	reactor.core.publisher.FluxFlatMap$FlatMapInner.onSubscribe(FluxFlatMap.java:924)
	reactor.core.publisher.FluxIterable.subscribe(FluxIterable.java:139)
	reactor.core.publisher.FluxIterable.subscribe(FluxIterable.java:63)
	reactor.core.publisher.Flux.subscribe(Flux.java:7922)
	reactor.core.publisher.FluxFlatMap$FlatMapMain.onNext(FluxFlatMap.java:389)
	reactor.core.publisher.FluxConcatMap$ConcatMapImmediate.innerNext(FluxConcatMap.java:275)
	reactor.core.publisher.FluxConcatMap$ConcatMapInner.onNext(FluxConcatMap.java:849)
	reactor.core.publisher.FluxConcatMap$WeakScalarSubscription.request(FluxConcatMap.java:470)
	reactor.core.publisher.Operators$MultiSubscriptionSubscriber.set(Operators.java:1939)
	reactor.core.publisher.FluxConcatMap$ConcatMapImmediate.drain(FluxConcatMap.java:436)
	reactor.core.publisher.FluxConcatMap$ConcatMapImmediate.onNext(FluxConcatMap.java:244)
	reactor.core.publisher.FluxMap$MapSubscriber.onNext(FluxMap.java:114)
	reactor.core.publisher.FluxPeek$PeekSubscriber.onNext(FluxPeek.java:192)
	reactor.core.publisher.FluxMap$MapSubscriber.onNext(FluxMap.java:114)
	reactor.netty.channel.FluxReceive.drainReceiver(FluxReceive.java:206)
	reactor.netty.channel.FluxReceive.onInboundNext(FluxReceive.java:322)
	reactor.netty.channel.ChannelOperations.onInboundNext(ChannelOperations.java:335)
	reactor.netty.http.server.HttpServerOperations.onInboundNext(HttpServerOperations.java:456)
	reactor.netty.channel.ChannelOperationsHandler.channelRead(ChannelOperationsHandler.java:91)
	io.netty.channel.AbstractChannelHandlerContext.invokeChannelRead(AbstractChannelHandlerContext.java:374)
	io.netty.channel.AbstractChannelHandlerContext.invokeChannelRead(AbstractChannelHandlerContext.java:360)
	io.netty.channel.AbstractChannelHandlerContext.fireChannelRead(AbstractChannelHandlerContext.java:352)
	reactor.netty.http.server.HttpTrafficHandler.channelRead(HttpTrafficHandler.java:190)
	io.netty.channel.AbstractChannelHandlerContext.invokeChannelRead(AbstractChannelHandlerContext.java:374)
	io.netty.channel.AbstractChannelHandlerContext.invokeChannelRead(AbstractChannelHandlerContext.java:360)
	io.netty.channel.AbstractChannelHandlerContext.fireChannelRead(AbstractChannelHandlerContext.java:352)
	io.netty.channel.CombinedChannelDuplexHandler$DelegatingChannelHandlerContext.fireChannelRead(CombinedChannelDuplexHandler.java:438)
	io.netty.handler.codec.ByteToMessageDecoder.fireChannelRead(ByteToMessageDecoder.java:323)
	io.netty.handler.codec.ByteToMessageDecoder.fireChannelRead(ByteToMessageDecoder.java:310)
	io.netty.handler.codec.ByteToMessageDecoder.callDecode(ByteToMessageDecoder.java:426)
	io.netty.handler.codec.ByteToMessageDecoder.channelRead(ByteToMessageDecoder.java:278)
	io.netty.channel.CombinedChannelDuplexHandler.channelRead(CombinedChannelDuplexHandler.java:253)
	io.netty.channel.AbstractChannelHandlerContext.invokeChannelRead(AbstractChannelHandlerContext.java:374)
	io.netty.channel.AbstractChannelHandlerContext.invokeChannelRead(AbstractChannelHandlerContext.java:360)
	io.netty.channel.AbstractChannelHandlerContext.fireChannelRead(AbstractChannelHandlerContext.java:352)
	io.netty.channel.DefaultChannelPipeline$HeadContext.channelRead(DefaultChannelPipeline.java:1408)
	io.netty.channel.AbstractChannelHandlerContext.invokeChannelRead(AbstractChannelHandlerContext.java:374)
	io.netty.channel.AbstractChannelHandlerContext.invokeChannelRead(AbstractChannelHandlerContext.java:360)
	io.netty.channel.DefaultChannelPipeline.fireChannelRead(DefaultChannelPipeline.java:930)
	io.netty.channel.nio.AbstractNioByteChannel$NioByteUnsafe.read(AbstractNioByteChannel.java:163)
	io.netty.channel.nio.NioEventLoop.processSelectedKey(NioEventLoop.java:682)
	io.netty.channel.nio.NioEventLoop.processSelectedKeysOptimized(NioEventLoop.java:617)
	io.netty.channel.nio.NioEventLoop.processSelectedKeys(NioEventLoop.java:534)
	io.netty.channel.nio.NioEventLoop.run(NioEventLoop.java:496)
	io.netty.util.concurrent.SingleThreadEventExecutor$5.run(SingleThreadEventExecutor.java:906)
	io.netty.util.internal.ThreadExecutorMap$2.run(ThreadExecutorMap.java:74)
	io.netty.util.concurrent.FastThreadLocalRunnable.run(FastThreadLocalRunnable.java:30)
	java.lang.Thread.run(Thread.java:748)
#3:
	io.netty.buffer.AdvancedLeakAwareByteBuf.getByte(AdvancedLeakAwareByteBuf.java:154)
	org.springframework.core.io.buffer.NettyDataBuffer.getByte(NettyDataBuffer.java:132)
	org.springframework.core.io.buffer.DataBufferUtils$KnuthMorrisPrattMatcher.match(DataBufferUtils.java:1005)
	org.springframework.core.io.buffer.DataBufferUtils.endFrameAfterDelimiter(DataBufferUtils.java:634)
	org.springframework.core.io.buffer.DataBufferUtils.lambda$split$18(DataBufferUtils.java:603)
	reactor.core.publisher.FluxFlatMap$FlatMapMain.onNext(FluxFlatMap.java:350)
	reactor.core.publisher.FluxConcatMap$ConcatMapImmediate.innerNext(FluxConcatMap.java:275)
	reactor.core.publisher.FluxConcatMap$ConcatMapInner.onNext(FluxConcatMap.java:849)
	reactor.core.publisher.FluxConcatMap$WeakScalarSubscription.request(FluxConcatMap.java:470)
	reactor.core.publisher.Operators$MultiSubscriptionSubscriber.set(Operators.java:1939)
	reactor.core.publisher.FluxConcatMap$ConcatMapImmediate.drain(FluxConcatMap.java:436)
	reactor.core.publisher.FluxConcatMap$ConcatMapImmediate.onNext(FluxConcatMap.java:244)
	reactor.core.publisher.FluxMap$MapSubscriber.onNext(FluxMap.java:114)
	reactor.core.publisher.FluxPeek$PeekSubscriber.onNext(FluxPeek.java:192)
	reactor.core.publisher.FluxMap$MapSubscriber.onNext(FluxMap.java:114)
	reactor.netty.channel.FluxReceive.drainReceiver(FluxReceive.java:206)
	reactor.netty.channel.FluxReceive.onInboundNext(FluxReceive.java:322)
	reactor.netty.channel.ChannelOperations.onInboundNext(ChannelOperations.java:335)
	reactor.netty.http.server.HttpServerOperations.onInboundNext(HttpServerOperations.java:456)
	reactor.netty.channel.ChannelOperationsHandler.channelRead(ChannelOperationsHandler.java:91)
	io.netty.channel.AbstractChannelHandlerContext.invokeChannelRead(AbstractChannelHandlerContext.java:374)
	io.netty.channel.AbstractChannelHandlerContext.invokeChannelRead(AbstractChannelHandlerContext.java:360)
	io.netty.channel.AbstractChannelHandlerContext.fireChannelRead(AbstractChannelHandlerContext.java:352)
	reactor.netty.http.server.HttpTrafficHandler.channelRead(HttpTrafficHandler.java:190)
	io.netty.channel.AbstractChannelHandlerContext.invokeChannelRead(AbstractChannelHandlerContext.java:374)
	io.netty.channel.AbstractChannelHandlerContext.invokeChannelRead(AbstractChannelHandlerContext.java:360)
	io.netty.channel.AbstractChannelHandlerContext.fireChannelRead(AbstractChannelHandlerContext.java:352)
	io.netty.channel.CombinedChannelDuplexHandler$DelegatingChannelHandlerContext.fireChannelRead(CombinedChannelDuplexHandler.java:438)
	io.netty.handler.codec.ByteToMessageDecoder.fireChannelRead(ByteToMessageDecoder.java:323)
	io.netty.handler.codec.ByteToMessageDecoder.fireChannelRead(ByteToMessageDecoder.java:310)
	io.netty.handler.codec.ByteToMessageDecoder.callDecode(ByteToMessageDecoder.java:426)
	io.netty.handler.codec.ByteToMessageDecoder.channelRead(ByteToMessageDecoder.java:278)
	io.netty.channel.CombinedChannelDuplexHandler.channelRead(CombinedChannelDuplexHandler.java:253)
	io.netty.channel.AbstractChannelHandlerContext.invokeChannelRead(AbstractChannelHandlerContext.java:374)
	io.netty.channel.AbstractChannelHandlerContext.invokeChannelRead(AbstractChannelHandlerContext.java:360)
	io.netty.channel.AbstractChannelHandlerContext.fireChannelRead(AbstractChannelHandlerContext.java:352)
	io.netty.channel.DefaultChannelPipeline$HeadContext.channelRead(DefaultChannelPipeline.java:1408)
	io.netty.channel.AbstractChannelHandlerContext.invokeChannelRead(AbstractChannelHandlerContext.java:374)
	io.netty.channel.AbstractChannelHandlerContext.invokeChannelRead(AbstractChannelHandlerContext.java:360)
	io.netty.channel.DefaultChannelPipeline.fireChannelRead(DefaultChannelPipeline.java:930)
	io.netty.channel.nio.AbstractNioByteChannel$NioByteUnsafe.read(AbstractNioByteChannel.java:163)
	io.netty.channel.nio.NioEventLoop.processSelectedKey(NioEventLoop.java:682)
	io.netty.channel.nio.NioEventLoop.processSelectedKeysOptimized(NioEventLoop.java:617)
	io.netty.channel.nio.NioEventLoop.processSelectedKeys(NioEventLoop.java:534)
	io.netty.channel.nio.NioEventLoop.run(NioEventLoop.java:496)
	io.netty.util.concurrent.SingleThreadEventExecutor$5.run(SingleThreadEventExecutor.java:906)
	io.netty.util.internal.ThreadExecutorMap$2.run(ThreadExecutorMap.java:74)
	io.netty.util.concurrent.FastThreadLocalRunnable.run(FastThreadLocalRunnable.java:30)
	java.lang.Thread.run(Thread.java:748)
#4:
	reactor.core.publisher.FluxPeek$PeekSubscriber.onNext(FluxPeek.java:177)
	reactor.core.publisher.FluxMap$MapSubscriber.onNext(FluxMap.java:114)
	reactor.netty.channel.FluxReceive.drainReceiver(FluxReceive.java:206)
	reactor.netty.channel.FluxReceive.onInboundNext(FluxReceive.java:322)
	reactor.netty.channel.ChannelOperations.onInboundNext(ChannelOperations.java:335)
	reactor.netty.http.server.HttpServerOperations.onInboundNext(HttpServerOperations.java:456)
	reactor.netty.channel.ChannelOperationsHandler.channelRead(ChannelOperationsHandler.java:91)
	io.netty.channel.AbstractChannelHandlerContext.invokeChannelRead(AbstractChannelHandlerContext.java:374)
	io.netty.channel.AbstractChannelHandlerContext.invokeChannelRead(AbstractChannelHandlerContext.java:360)
	io.netty.channel.AbstractChannelHandlerContext.fireChannelRead(AbstractChannelHandlerContext.java:352)
	reactor.netty.http.server.HttpTrafficHandler.channelRead(HttpTrafficHandler.java:190)
	io.netty.channel.AbstractChannelHandlerContext.invokeChannelRead(AbstractChannelHandlerContext.java:374)
	io.netty.channel.AbstractChannelHandlerContext.invokeChannelRead(AbstractChannelHandlerContext.java:360)
	io.netty.channel.AbstractChannelHandlerContext.fireChannelRead(AbstractChannelHandlerContext.java:352)
	io.netty.channel.CombinedChannelDuplexHandler$DelegatingChannelHandlerContext.fireChannelRead(CombinedChannelDuplexHandler.java:438)
	io.netty.handler.codec.ByteToMessageDecoder.fireChannelRead(ByteToMessageDecoder.java:323)
	io.netty.handler.codec.ByteToMessageDecoder.fireChannelRead(ByteToMessageDecoder.java:310)
	io.netty.handler.codec.ByteToMessageDecoder.callDecode(ByteToMessageDecoder.java:426)
	io.netty.handler.codec.ByteToMessageDecoder.channelRead(ByteToMessageDecoder.java:278)
	io.netty.channel.CombinedChannelDuplexHandler.channelRead(CombinedChannelDuplexHandler.java:253)
	io.netty.channel.AbstractChannelHandlerContext.invokeChannelRead(AbstractChannelHandlerContext.java:374)
	io.netty.channel.AbstractChannelHandlerContext.invokeChannelRead(AbstractChannelHandlerContext.java:360)
	io.netty.channel.AbstractChannelHandlerContext.fireChannelRead(AbstractChannelHandlerContext.java:352)
	io.netty.channel.DefaultChannelPipeline$HeadContext.channelRead(DefaultChannelPipeline.java:1408)
	io.netty.channel.AbstractChannelHandlerContext.invokeChannelRead(AbstractChannelHandlerContext.java:374)
	io.netty.channel.AbstractChannelHandlerContext.invokeChannelRead(AbstractChannelHandlerContext.java:360)
	io.netty.channel.DefaultChannelPipeline.fireChannelRead(DefaultChannelPipeline.java:930)
	io.netty.channel.nio.AbstractNioByteChannel$NioByteUnsafe.read(AbstractNioByteChannel.java:163)
	io.netty.channel.nio.NioEventLoop.processSelectedKey(NioEventLoop.java:682)
	io.netty.channel.nio.NioEventLoop.processSelectedKeysOptimized(NioEventLoop.java:617)
	io.netty.channel.nio.NioEventLoop.processSelectedKeys(NioEventLoop.java:534)
	io.netty.channel.nio.NioEventLoop.run(NioEventLoop.java:496)
	io.netty.util.concurrent.SingleThreadEventExecutor$5.run(SingleThreadEventExecutor.java:906)
	io.netty.util.internal.ThreadExecutorMap$2.run(ThreadExecutorMap.java:74)
	io.netty.util.concurrent.FastThreadLocalRunnable.run(FastThreadLocalRunnable.java:30)
	java.lang.Thread.run(Thread.java:748)
#5:
	Hint: 'reactor.right.reactiveBridge' will handle the message from this point.
	io.netty.handler.codec.http.DefaultHttpContent.touch(DefaultHttpContent.java:88)
	io.netty.handler.codec.http.DefaultHttpContent.touch(DefaultHttpContent.java:24)
	io.netty.channel.DefaultChannelPipeline.touch(DefaultChannelPipeline.java:116)
	io.netty.channel.AbstractChannelHandlerContext.invokeChannelRead(AbstractChannelHandlerContext.java:357)
	io.netty.channel.AbstractChannelHandlerContext.fireChannelRead(AbstractChannelHandlerContext.java:352)
	reactor.netty.http.server.HttpTrafficHandler.channelRead(HttpTrafficHandler.java:190)
	io.netty.channel.AbstractChannelHandlerContext.invokeChannelRead(AbstractChannelHandlerContext.java:374)
	io.netty.channel.AbstractChannelHandlerContext.invokeChannelRead(AbstractChannelHandlerContext.java:360)
	io.netty.channel.AbstractChannelHandlerContext.fireChannelRead(AbstractChannelHandlerContext.java:352)
	io.netty.channel.CombinedChannelDuplexHandler$DelegatingChannelHandlerContext.fireChannelRead(CombinedChannelDuplexHandler.java:438)
	io.netty.handler.codec.ByteToMessageDecoder.fireChannelRead(ByteToMessageDecoder.java:323)
	io.netty.handler.codec.ByteToMessageDecoder.fireChannelRead(ByteToMessageDecoder.java:310)
	io.netty.handler.codec.ByteToMessageDecoder.callDecode(ByteToMessageDecoder.java:426)
	io.netty.handler.codec.ByteToMessageDecoder.channelRead(ByteToMessageDecoder.java:278)
	io.netty.channel.CombinedChannelDuplexHandler.channelRead(CombinedChannelDuplexHandler.java:253)
	io.netty.channel.AbstractChannelHandlerContext.invokeChannelRead(AbstractChannelHandlerContext.java:374)
	io.netty.channel.AbstractChannelHandlerContext.invokeChannelRead(AbstractChannelHandlerContext.java:360)
	io.netty.channel.AbstractChannelHandlerContext.fireChannelRead(AbstractChannelHandlerContext.java:352)
	io.netty.channel.DefaultChannelPipeline$HeadContext.channelRead(DefaultChannelPipeline.java:1408)
	io.netty.channel.AbstractChannelHandlerContext.invokeChannelRead(AbstractChannelHandlerContext.java:374)
	io.netty.channel.AbstractChannelHandlerContext.invokeChannelRead(AbstractChannelHandlerContext.java:360)
	io.netty.channel.DefaultChannelPipeline.fireChannelRead(DefaultChannelPipeline.java:930)
	io.netty.channel.nio.AbstractNioByteChannel$NioByteUnsafe.read(AbstractNioByteChannel.java:163)
	io.netty.channel.nio.NioEventLoop.processSelectedKey(NioEventLoop.java:682)
	io.netty.channel.nio.NioEventLoop.processSelectedKeysOptimized(NioEventLoop.java:617)
	io.netty.channel.nio.NioEventLoop.processSelectedKeys(NioEventLoop.java:534)
	io.netty.channel.nio.NioEventLoop.run(NioEventLoop.java:496)
	io.netty.util.concurrent.SingleThreadEventExecutor$5.run(SingleThreadEventExecutor.java:906)
	io.netty.util.internal.ThreadExecutorMap$2.run(ThreadExecutorMap.java:74)
	io.netty.util.concurrent.FastThreadLocalRunnable.run(FastThreadLocalRunnable.java:30)
	java.lang.Thread.run(Thread.java:748)
#6:
	Hint: 'reactor.left.httpTrafficHandler' will handle the message from this point.
	io.netty.handler.codec.http.DefaultHttpContent.touch(DefaultHttpContent.java:88)
	io.netty.handler.codec.http.DefaultHttpContent.touch(DefaultHttpContent.java:24)
	io.netty.channel.DefaultChannelPipeline.touch(DefaultChannelPipeline.java:116)
	io.netty.channel.AbstractChannelHandlerContext.invokeChannelRead(AbstractChannelHandlerContext.java:357)
	io.netty.channel.AbstractChannelHandlerContext.fireChannelRead(AbstractChannelHandlerContext.java:352)
	io.netty.channel.CombinedChannelDuplexHandler$DelegatingChannelHandlerContext.fireChannelRead(CombinedChannelDuplexHandler.java:438)
	io.netty.handler.codec.ByteToMessageDecoder.fireChannelRead(ByteToMessageDecoder.java:323)
	io.netty.handler.codec.ByteToMessageDecoder.fireChannelRead(ByteToMessageDecoder.java:310)
	io.netty.handler.codec.ByteToMessageDecoder.callDecode(ByteToMessageDecoder.java:426)
	io.netty.handler.codec.ByteToMessageDecoder.channelRead(ByteToMessageDecoder.java:278)
	io.netty.channel.CombinedChannelDuplexHandler.channelRead(CombinedChannelDuplexHandler.java:253)
	io.netty.channel.AbstractChannelHandlerContext.invokeChannelRead(AbstractChannelHandlerContext.java:374)
	io.netty.channel.AbstractChannelHandlerContext.invokeChannelRead(AbstractChannelHandlerContext.java:360)
	io.netty.channel.AbstractChannelHandlerContext.fireChannelRead(AbstractChannelHandlerContext.java:352)
	io.netty.channel.DefaultChannelPipeline$HeadContext.channelRead(DefaultChannelPipeline.java:1408)
	io.netty.channel.AbstractChannelHandlerContext.invokeChannelRead(AbstractChannelHandlerContext.java:374)
	io.netty.channel.AbstractChannelHandlerContext.invokeChannelRead(AbstractChannelHandlerContext.java:360)
	io.netty.channel.DefaultChannelPipeline.fireChannelRead(DefaultChannelPipeline.java:930)
	io.netty.channel.nio.AbstractNioByteChannel$NioByteUnsafe.read(AbstractNioByteChannel.java:163)
	io.netty.channel.nio.NioEventLoop.processSelectedKey(NioEventLoop.java:682)
	io.netty.channel.nio.NioEventLoop.processSelectedKeysOptimized(NioEventLoop.java:617)
	io.netty.channel.nio.NioEventLoop.processSelectedKeys(NioEventLoop.java:534)
	io.netty.channel.nio.NioEventLoop.run(NioEventLoop.java:496)
	io.netty.util.concurrent.SingleThreadEventExecutor$5.run(SingleThreadEventExecutor.java:906)
	io.netty.util.internal.ThreadExecutorMap$2.run(ThreadExecutorMap.java:74)
	io.netty.util.concurrent.FastThreadLocalRunnable.run(FastThreadLocalRunnable.java:30)
	java.lang.Thread.run(Thread.java:748)
Created at:
	io.netty.buffer.SimpleLeakAwareByteBuf.unwrappedDerived(SimpleLeakAwareByteBuf.java:143)
	io.netty.buffer.SimpleLeakAwareByteBuf.readRetainedSlice(SimpleLeakAwareByteBuf.java:67)
	io.netty.buffer.AdvancedLeakAwareByteBuf.readRetainedSlice(AdvancedLeakAwareByteBuf.java:107)
	io.netty.handler.codec.http.HttpObjectDecoder.decode(HttpObjectDecoder.java:336)
	io.netty.handler.codec.http.HttpServerCodec$HttpServerRequestDecoder.decode(HttpServerCodec.java:103)
	io.netty.handler.codec.ByteToMessageDecoder.decodeRemovalReentryProtection(ByteToMessageDecoder.java:502)
	io.netty.handler.codec.ByteToMessageDecoder.callDecode(ByteToMessageDecoder.java:441)
	io.netty.handler.codec.ByteToMessageDecoder.channelRead(ByteToMessageDecoder.java:278)
	io.netty.channel.CombinedChannelDuplexHandler.channelRead(CombinedChannelDuplexHandler.java:253)
	io.netty.channel.AbstractChannelHandlerContext.invokeChannelRead(AbstractChannelHandlerContext.java:374)
	io.netty.channel.AbstractChannelHandlerContext.invokeChannelRead(AbstractChannelHandlerContext.java:360)
	io.netty.channel.AbstractChannelHandlerContext.fireChannelRead(AbstractChannelHandlerContext.java:352)
	io.netty.channel.DefaultChannelPipeline$HeadContext.channelRead(DefaultChannelPipeline.java:1408)
	io.netty.channel.AbstractChannelHandlerContext.invokeChannelRead(AbstractChannelHandlerContext.java:374)
	io.netty.channel.AbstractChannelHandlerContext.invokeChannelRead(AbstractChannelHandlerContext.java:360)
	io.netty.channel.DefaultChannelPipeline.fireChannelRead(DefaultChannelPipeline.java:930)
	io.netty.channel.nio.AbstractNioByteChannel$NioByteUnsafe.read(AbstractNioByteChannel.java:163)
	io.netty.channel.nio.NioEventLoop.processSelectedKey(NioEventLoop.java:682)
	io.netty.channel.nio.NioEventLoop.processSelectedKeysOptimized(NioEventLoop.java:617)
	io.netty.channel.nio.NioEventLoop.processSelectedKeys(NioEventLoop.java:534)
	io.netty.channel.nio.NioEventLoop.run(NioEventLoop.java:496)
	io.netty.util.concurrent.SingleThreadEventExecutor$5.run(SingleThreadEventExecutor.java:906)
	io.netty.util.internal.ThreadExecutorMap$2.run(ThreadExecutorMap.java:74)
	io.netty.util.concurrent.FastThreadLocalRunnable.run(FastThreadLocalRunnable.java:30)
	java.lang.Thread.run(Thread.java:748)
: 4 leak records were discarded because they were duplicates
: 205 leak records were discarded because the leak record count is targeted to 4. Use system property io.netty.leakDetection.targetRecords to increase the limit.
22:43:01.593 [reactor-http-nio-8] ERROR i.n.u.ResourceLeakDetector - LEAK: ByteBuf.release() was not called before it's garbage-collected. See http://netty.io/wiki/reference-counted-objects.html for more information.
Recent access records: 
#1:
	io.netty.buffer.AdvancedLeakAwareByteBuf.order(AdvancedLeakAwareByteBuf.java:70)
	io.netty.buffer.CompositeByteBuf.newComponent(CompositeByteBuf.java:318)
	io.netty.buffer.CompositeByteBuf.addComponent0(CompositeByteBuf.java:280)
	io.netty.buffer.CompositeByteBuf.addComponent(CompositeByteBuf.java:265)
	io.netty.buffer.CompositeByteBuf.addComponent(CompositeByteBuf.java:222)
	io.netty.buffer.WrappedCompositeByteBuf.addComponent(WrappedCompositeByteBuf.java:529)
	io.netty.buffer.AdvancedLeakAwareCompositeByteBuf.addComponent(AdvancedLeakAwareCompositeByteBuf.java:921)
	org.springframework.core.io.buffer.NettyDataBufferFactory.join(NettyDataBufferFactory.java:111)
	org.springframework.core.io.buffer.DataBufferUtils.joinAndStrip(DataBufferUtils.java:686)
	org.springframework.core.io.buffer.DataBufferUtils.lambda$split$20(DataBufferUtils.java:605)
	reactor.core.publisher.FluxMap$MapConditionalSubscriber.onNext(FluxMap.java:199)
	reactor.core.publisher.FluxBufferPredicate$BufferPredicateSubscriber.emit(FluxBufferPredicate.java:290)
	reactor.core.publisher.FluxBufferPredicate$BufferPredicateSubscriber.onNextNewBuffer(FluxBufferPredicate.java:257)
	reactor.core.publisher.FluxBufferPredicate$BufferPredicateSubscriber.tryOnNext(FluxBufferPredicate.java:211)
	reactor.core.publisher.FluxBufferPredicate$BufferPredicateSubscriber.onNext(FluxBufferPredicate.java:184)
	reactor.core.publisher.FluxFlatMap$FlatMapMain.drainLoop(FluxFlatMap.java:664)
	reactor.core.publisher.FluxFlatMap$FlatMapMain.drain(FluxFlatMap.java:540)
	reactor.core.publisher.FluxFlatMap$FlatMapInner.onSubscribe(FluxFlatMap.java:924)
	reactor.core.publisher.FluxIterable.subscribe(FluxIterable.java:139)
	reactor.core.publisher.FluxIterable.subscribe(FluxIterable.java:63)
	reactor.core.publisher.Flux.subscribe(Flux.java:7922)
	reactor.core.publisher.FluxFlatMap$FlatMapMain.onNext(FluxFlatMap.java:389)
	reactor.core.publisher.FluxConcatMap$ConcatMapImmediate.innerNext(FluxConcatMap.java:275)
	reactor.core.publisher.FluxConcatMap$ConcatMapInner.onNext(FluxConcatMap.java:849)
	reactor.core.publisher.FluxConcatMap$WeakScalarSubscription.request(FluxConcatMap.java:470)
	reactor.core.publisher.Operators$MultiSubscriptionSubscriber.set(Operators.java:1939)
	reactor.core.publisher.FluxConcatMap$ConcatMapImmediate.drain(FluxConcatMap.java:436)
	reactor.core.publisher.FluxConcatMap$ConcatMapImmediate.onNext(FluxConcatMap.java:244)
	reactor.core.publisher.FluxMap$MapSubscriber.onNext(FluxMap.java:114)
	reactor.core.publisher.FluxPeek$PeekSubscriber.onNext(FluxPeek.java:192)
	reactor.core.publisher.FluxMap$MapSubscriber.onNext(FluxMap.java:114)
	reactor.netty.channel.FluxReceive.drainReceiver(FluxReceive.java:206)
	reactor.netty.channel.FluxReceive.onInboundNext(FluxReceive.java:322)
	reactor.netty.channel.ChannelOperations.onInboundNext(ChannelOperations.java:335)
	reactor.netty.http.server.HttpServerOperations.onInboundNext(HttpServerOperations.java:456)
	reactor.netty.channel.ChannelOperationsHandler.channelRead(ChannelOperationsHandler.java:91)
	io.netty.channel.AbstractChannelHandlerContext.invokeChannelRead(AbstractChannelHandlerContext.java:374)
	io.netty.channel.AbstractChannelHandlerContext.invokeChannelRead(AbstractChannelHandlerContext.java:360)
	io.netty.channel.AbstractChannelHandlerContext.fireChannelRead(AbstractChannelHandlerContext.java:352)
	reactor.netty.http.server.HttpTrafficHandler.channelRead(HttpTrafficHandler.java:190)
	io.netty.channel.AbstractChannelHandlerContext.invokeChannelRead(AbstractChannelHandlerContext.java:374)
	io.netty.channel.AbstractChannelHandlerContext.invokeChannelRead(AbstractChannelHandlerContext.java:360)
	io.netty.channel.AbstractChannelHandlerContext.fireChannelRead(AbstractChannelHandlerContext.java:352)
	io.netty.channel.CombinedChannelDuplexHandler$DelegatingChannelHandlerContext.fireChannelRead(CombinedChannelDuplexHandler.java:438)
	io.netty.handler.codec.ByteToMessageDecoder.fireChannelRead(ByteToMessageDecoder.java:323)
	io.netty.handler.codec.ByteToMessageDecoder.fireChannelRead(ByteToMessageDecoder.java:310)
	io.netty.handler.codec.ByteToMessageDecoder.callDecode(ByteToMessageDecoder.java:426)
	io.netty.handler.codec.ByteToMessageDecoder.channelRead(ByteToMessageDecoder.java:278)
	io.netty.channel.CombinedChannelDuplexHandler.channelRead(CombinedChannelDuplexHandler.java:253)
	io.netty.channel.AbstractChannelHandlerContext.invokeChannelRead(AbstractChannelHandlerContext.java:374)
	io.netty.channel.AbstractChannelHandlerContext.invokeChannelRead(AbstractChannelHandlerContext.java:360)
	io.netty.channel.AbstractChannelHandlerContext.fireChannelRead(AbstractChannelHandlerContext.java:352)
	io.netty.channel.DefaultChannelPipeline$HeadContext.channelRead(DefaultChannelPipeline.java:1408)
	io.netty.channel.AbstractChannelHandlerContext.invokeChannelRead(AbstractChannelHandlerContext.java:374)
	io.netty.channel.AbstractChannelHandlerContext.invokeChannelRead(AbstractChannelHandlerContext.java:360)
	io.netty.channel.DefaultChannelPipeline.fireChannelRead(DefaultChannelPipeline.java:930)
	io.netty.channel.nio.AbstractNioByteChannel$NioByteUnsafe.read(AbstractNioByteChannel.java:163)
	io.netty.channel.nio.NioEventLoop.processSelectedKey(NioEventLoop.java:682)
	io.netty.channel.nio.NioEventLoop.processSelectedKeysOptimized(NioEventLoop.java:617)
	io.netty.channel.nio.NioEventLoop.processSelectedKeys(NioEventLoop.java:534)
	io.netty.channel.nio.NioEventLoop.run(NioEventLoop.java:496)
	io.netty.util.concurrent.SingleThreadEventExecutor$5.run(SingleThreadEventExecutor.java:906)
	io.netty.util.internal.ThreadExecutorMap$2.run(ThreadExecutorMap.java:74)
	io.netty.util.concurrent.FastThreadLocalRunnable.run(FastThreadLocalRunnable.java:30)
	java.lang.Thread.run(Thread.java:748)
#2:
	io.netty.buffer.AdvancedLeakAwareByteBuf.getByte(AdvancedLeakAwareByteBuf.java:154)
	org.springframework.core.io.buffer.NettyDataBuffer.getByte(NettyDataBuffer.java:132)
	org.springframework.core.io.buffer.DataBufferUtils$KnuthMorrisPrattMatcher.match(DataBufferUtils.java:1005)
	org.springframework.core.io.buffer.DataBufferUtils.endFrameAfterDelimiter(DataBufferUtils.java:634)
	org.springframework.core.io.buffer.DataBufferUtils.lambda$split$18(DataBufferUtils.java:603)
	reactor.core.publisher.FluxFlatMap$FlatMapMain.onNext(FluxFlatMap.java:350)
	reactor.core.publisher.FluxConcatMap$ConcatMapImmediate.innerNext(FluxConcatMap.java:275)
	reactor.core.publisher.FluxConcatMap$ConcatMapInner.onNext(FluxConcatMap.java:849)
	reactor.core.publisher.FluxConcatMap$WeakScalarSubscription.request(FluxConcatMap.java:470)
	reactor.core.publisher.Operators$MultiSubscriptionSubscriber.set(Operators.java:1939)
	reactor.core.publisher.FluxConcatMap$ConcatMapImmediate.drain(FluxConcatMap.java:436)
	reactor.core.publisher.FluxConcatMap$ConcatMapImmediate.onNext(FluxConcatMap.java:244)
	reactor.core.publisher.FluxMap$MapSubscriber.onNext(FluxMap.java:114)
	reactor.core.publisher.FluxPeek$PeekSubscriber.onNext(FluxPeek.java:192)
	reactor.core.publisher.FluxMap$MapSubscriber.onNext(FluxMap.java:114)
	reactor.netty.channel.FluxReceive.drainReceiver(FluxReceive.java:206)
	reactor.netty.channel.FluxReceive.onInboundNext(FluxReceive.java:322)
	reactor.netty.channel.ChannelOperations.onInboundNext(ChannelOperations.java:335)
	reactor.netty.http.server.HttpServerOperations.onInboundNext(HttpServerOperations.java:456)
	reactor.netty.channel.ChannelOperationsHandler.channelRead(ChannelOperationsHandler.java:91)
	io.netty.channel.AbstractChannelHandlerContext.invokeChannelRead(AbstractChannelHandlerContext.java:374)
	io.netty.channel.AbstractChannelHandlerContext.invokeChannelRead(AbstractChannelHandlerContext.java:360)
	io.netty.channel.AbstractChannelHandlerContext.fireChannelRead(AbstractChannelHandlerContext.java:352)
	reactor.netty.http.server.HttpTrafficHandler.channelRead(HttpTrafficHandler.java:190)
	io.netty.channel.AbstractChannelHandlerContext.invokeChannelRead(AbstractChannelHandlerContext.java:374)
	io.netty.channel.AbstractChannelHandlerContext.invokeChannelRead(AbstractChannelHandlerContext.java:360)
	io.netty.channel.AbstractChannelHandlerContext.fireChannelRead(AbstractChannelHandlerContext.java:352)
	io.netty.channel.CombinedChannelDuplexHandler$DelegatingChannelHandlerContext.fireChannelRead(CombinedChannelDuplexHandler.java:438)
	io.netty.handler.codec.ByteToMessageDecoder.fireChannelRead(ByteToMessageDecoder.java:323)
	io.netty.handler.codec.ByteToMessageDecoder.fireChannelRead(ByteToMessageDecoder.java:310)
	io.netty.handler.codec.ByteToMessageDecoder.callDecode(ByteToMessageDecoder.java:426)
	io.netty.handler.codec.ByteToMessageDecoder.channelRead(ByteToMessageDecoder.java:278)
	io.netty.channel.CombinedChannelDuplexHandler.channelRead(CombinedChannelDuplexHandler.java:253)
	io.netty.channel.AbstractChannelHandlerContext.invokeChannelRead(AbstractChannelHandlerContext.java:374)
	io.netty.channel.AbstractChannelHandlerContext.invokeChannelRead(AbstractChannelHandlerContext.java:360)
	io.netty.channel.AbstractChannelHandlerContext.fireChannelRead(AbstractChannelHandlerContext.java:352)
	io.netty.channel.DefaultChannelPipeline$HeadContext.channelRead(DefaultChannelPipeline.java:1408)
	io.netty.channel.AbstractChannelHandlerContext.invokeChannelRead(AbstractChannelHandlerContext.java:374)
	io.netty.channel.AbstractChannelHandlerContext.invokeChannelRead(AbstractChannelHandlerContext.java:360)
	io.netty.channel.DefaultChannelPipeline.fireChannelRead(DefaultChannelPipeline.java:930)
	io.netty.channel.nio.AbstractNioByteChannel$NioByteUnsafe.read(AbstractNioByteChannel.java:163)
	io.netty.channel.nio.NioEventLoop.processSelectedKey(NioEventLoop.java:682)
	io.netty.channel.nio.NioEventLoop.processSelectedKeysOptimized(NioEventLoop.java:617)
	io.netty.channel.nio.NioEventLoop.processSelectedKeys(NioEventLoop.java:534)
	io.netty.channel.nio.NioEventLoop.run(NioEventLoop.java:496)
	io.netty.util.concurrent.SingleThreadEventExecutor$5.run(SingleThreadEventExecutor.java:906)
	io.netty.util.internal.ThreadExecutorMap$2.run(ThreadExecutorMap.java:74)
	io.netty.util.concurrent.FastThreadLocalRunnable.run(FastThreadLocalRunnable.java:30)
	java.lang.Thread.run(Thread.java:748)
#3:
	reactor.core.publisher.FluxPeek$PeekSubscriber.onNext(FluxPeek.java:177)
	reactor.core.publisher.FluxMap$MapSubscriber.onNext(FluxMap.java:114)
	reactor.netty.channel.FluxReceive.drainReceiver(FluxReceive.java:206)
	reactor.netty.channel.FluxReceive.onInboundNext(FluxReceive.java:322)
	reactor.netty.channel.ChannelOperations.onInboundNext(ChannelOperations.java:335)
	reactor.netty.http.server.HttpServerOperations.onInboundNext(HttpServerOperations.java:456)
	reactor.netty.channel.ChannelOperationsHandler.channelRead(ChannelOperationsHandler.java:91)
	io.netty.channel.AbstractChannelHandlerContext.invokeChannelRead(AbstractChannelHandlerContext.java:374)
	io.netty.channel.AbstractChannelHandlerContext.invokeChannelRead(AbstractChannelHandlerContext.java:360)
	io.netty.channel.AbstractChannelHandlerContext.fireChannelRead(AbstractChannelHandlerContext.java:352)
	reactor.netty.http.server.HttpTrafficHandler.channelRead(HttpTrafficHandler.java:190)
	io.netty.channel.AbstractChannelHandlerContext.invokeChannelRead(AbstractChannelHandlerContext.java:374)
	io.netty.channel.AbstractChannelHandlerContext.invokeChannelRead(AbstractChannelHandlerContext.java:360)
	io.netty.channel.AbstractChannelHandlerContext.fireChannelRead(AbstractChannelHandlerContext.java:352)
	io.netty.channel.CombinedChannelDuplexHandler$DelegatingChannelHandlerContext.fireChannelRead(CombinedChannelDuplexHandler.java:438)
	io.netty.handler.codec.ByteToMessageDecoder.fireChannelRead(ByteToMessageDecoder.java:323)
	io.netty.handler.codec.ByteToMessageDecoder.fireChannelRead(ByteToMessageDecoder.java:310)
	io.netty.handler.codec.ByteToMessageDecoder.callDecode(ByteToMessageDecoder.java:426)
	io.netty.handler.codec.ByteToMessageDecoder.channelRead(ByteToMessageDecoder.java:278)
	io.netty.channel.CombinedChannelDuplexHandler.channelRead(CombinedChannelDuplexHandler.java:253)
	io.netty.channel.AbstractChannelHandlerContext.invokeChannelRead(AbstractChannelHandlerContext.java:374)
	io.netty.channel.AbstractChannelHandlerContext.invokeChannelRead(AbstractChannelHandlerContext.java:360)
	io.netty.channel.AbstractChannelHandlerContext.fireChannelRead(AbstractChannelHandlerContext.java:352)
	io.netty.channel.DefaultChannelPipeline$HeadContext.channelRead(DefaultChannelPipeline.java:1408)
	io.netty.channel.AbstractChannelHandlerContext.invokeChannelRead(AbstractChannelHandlerContext.java:374)
	io.netty.channel.AbstractChannelHandlerContext.invokeChannelRead(AbstractChannelHandlerContext.java:360)
	io.netty.channel.DefaultChannelPipeline.fireChannelRead(DefaultChannelPipeline.java:930)
	io.netty.channel.nio.AbstractNioByteChannel$NioByteUnsafe.read(AbstractNioByteChannel.java:163)
	io.netty.channel.nio.NioEventLoop.processSelectedKey(NioEventLoop.java:682)
	io.netty.channel.nio.NioEventLoop.processSelectedKeysOptimized(NioEventLoop.java:617)
	io.netty.channel.nio.NioEventLoop.processSelectedKeys(NioEventLoop.java:534)
	io.netty.channel.nio.NioEventLoop.run(NioEventLoop.java:496)
	io.netty.util.concurrent.SingleThreadEventExecutor$5.run(SingleThreadEventExecutor.java:906)
	io.netty.util.internal.ThreadExecutorMap$2.run(ThreadExecutorMap.java:74)
	io.netty.util.concurrent.FastThreadLocalRunnable.run(FastThreadLocalRunnable.java:30)
	java.lang.Thread.run(Thread.java:748)
#4:
	Hint: 'reactor.right.reactiveBridge' will handle the message from this point.
	io.netty.handler.codec.http.DefaultHttpContent.touch(DefaultHttpContent.java:88)
	io.netty.handler.codec.http.DefaultHttpContent.touch(DefaultHttpContent.java:24)
	io.netty.channel.DefaultChannelPipeline.touch(DefaultChannelPipeline.java:116)
	io.netty.channel.AbstractChannelHandlerContext.invokeChannelRead(AbstractChannelHandlerContext.java:357)
	io.netty.channel.AbstractChannelHandlerContext.fireChannelRead(AbstractChannelHandlerContext.java:352)
	reactor.netty.http.server.HttpTrafficHandler.channelRead(HttpTrafficHandler.java:190)
	io.netty.channel.AbstractChannelHandlerContext.invokeChannelRead(AbstractChannelHandlerContext.java:374)
	io.netty.channel.AbstractChannelHandlerContext.invokeChannelRead(AbstractChannelHandlerContext.java:360)
	io.netty.channel.AbstractChannelHandlerContext.fireChannelRead(AbstractChannelHandlerContext.java:352)
	io.netty.channel.CombinedChannelDuplexHandler$DelegatingChannelHandlerContext.fireChannelRead(CombinedChannelDuplexHandler.java:438)
	io.netty.handler.codec.ByteToMessageDecoder.fireChannelRead(ByteToMessageDecoder.java:323)
	io.netty.handler.codec.ByteToMessageDecoder.fireChannelRead(ByteToMessageDecoder.java:310)
	io.netty.handler.codec.ByteToMessageDecoder.callDecode(ByteToMessageDecoder.java:426)
	io.netty.handler.codec.ByteToMessageDecoder.channelRead(ByteToMessageDecoder.java:278)
	io.netty.channel.CombinedChannelDuplexHandler.channelRead(CombinedChannelDuplexHandler.java:253)
	io.netty.channel.AbstractChannelHandlerContext.invokeChannelRead(AbstractChannelHandlerContext.java:374)
	io.netty.channel.AbstractChannelHandlerContext.invokeChannelRead(AbstractChannelHandlerContext.java:360)
	io.netty.channel.AbstractChannelHandlerContext.fireChannelRead(AbstractChannelHandlerContext.java:352)
	io.netty.channel.DefaultChannelPipeline$HeadContext.channelRead(DefaultChannelPipeline.java:1408)
	io.netty.channel.AbstractChannelHandlerContext.invokeChannelRead(AbstractChannelHandlerContext.java:374)
	io.netty.channel.AbstractChannelHandlerContext.invokeChannelRead(AbstractChannelHandlerContext.java:360)
	io.netty.channel.DefaultChannelPipeline.fireChannelRead(DefaultChannelPipeline.java:930)
	io.netty.channel.nio.AbstractNioByteChannel$NioByteUnsafe.read(AbstractNioByteChannel.java:163)
	io.netty.channel.nio.NioEventLoop.processSelectedKey(NioEventLoop.java:682)
	io.netty.channel.nio.NioEventLoop.processSelectedKeysOptimized(NioEventLoop.java:617)
	io.netty.channel.nio.NioEventLoop.processSelectedKeys(NioEventLoop.java:534)
	io.netty.channel.nio.NioEventLoop.run(NioEventLoop.java:496)
	io.netty.util.concurrent.SingleThreadEventExecutor$5.run(SingleThreadEventExecutor.java:906)
	io.netty.util.internal.ThreadExecutorMap$2.run(ThreadExecutorMap.java:74)
	io.netty.util.concurrent.FastThreadLocalRunnable.run(FastThreadLocalRunnable.java:30)
	java.lang.Thread.run(Thread.java:748)
#5:
	Hint: 'reactor.left.httpTrafficHandler' will handle the message from this point.
	io.netty.handler.codec.http.DefaultHttpContent.touch(DefaultHttpContent.java:88)
	io.netty.handler.codec.http.DefaultHttpContent.touch(DefaultHttpContent.java:24)
	io.netty.channel.DefaultChannelPipeline.touch(DefaultChannelPipeline.java:116)
	io.netty.channel.AbstractChannelHandlerContext.invokeChannelRead(AbstractChannelHandlerContext.java:357)
	io.netty.channel.AbstractChannelHandlerContext.fireChannelRead(AbstractChannelHandlerContext.java:352)
	io.netty.channel.CombinedChannelDuplexHandler$DelegatingChannelHandlerContext.fireChannelRead(CombinedChannelDuplexHandler.java:438)
	io.netty.handler.codec.ByteToMessageDecoder.fireChannelRead(ByteToMessageDecoder.java:323)
	io.netty.handler.codec.ByteToMessageDecoder.fireChannelRead(ByteToMessageDecoder.java:310)
	io.netty.handler.codec.ByteToMessageDecoder.callDecode(ByteToMessageDecoder.java:426)
	io.netty.handler.codec.ByteToMessageDecoder.channelRead(ByteToMessageDecoder.java:278)
	io.netty.channel.CombinedChannelDuplexHandler.channelRead(CombinedChannelDuplexHandler.java:253)
	io.netty.channel.AbstractChannelHandlerContext.invokeChannelRead(AbstractChannelHandlerContext.java:374)
	io.netty.channel.AbstractChannelHandlerContext.invokeChannelRead(AbstractChannelHandlerContext.java:360)
	io.netty.channel.AbstractChannelHandlerContext.fireChannelRead(AbstractChannelHandlerContext.java:352)
	io.netty.channel.DefaultChannelPipeline$HeadContext.channelRead(DefaultChannelPipeline.java:1408)
	io.netty.channel.AbstractChannelHandlerContext.invokeChannelRead(AbstractChannelHandlerContext.java:374)
	io.netty.channel.AbstractChannelHandlerContext.invokeChannelRead(AbstractChannelHandlerContext.java:360)
	io.netty.channel.DefaultChannelPipeline.fireChannelRead(DefaultChannelPipeline.java:930)
	io.netty.channel.nio.AbstractNioByteChannel$NioByteUnsafe.read(AbstractNioByteChannel.java:163)
	io.netty.channel.nio.NioEventLoop.processSelectedKey(NioEventLoop.java:682)
	io.netty.channel.nio.NioEventLoop.processSelectedKeysOptimized(NioEventLoop.java:617)
	io.netty.channel.nio.NioEventLoop.processSelectedKeys(NioEventLoop.java:534)
	io.netty.channel.nio.NioEventLoop.run(NioEventLoop.java:496)
	io.netty.util.concurrent.SingleThreadEventExecutor$5.run(SingleThreadEventExecutor.java:906)
	io.netty.util.internal.ThreadExecutorMap$2.run(ThreadExecutorMap.java:74)
	io.netty.util.concurrent.FastThreadLocalRunnable.run(FastThreadLocalRunnable.java:30)
	java.lang.Thread.run(Thread.java:748)
Created at:
	io.netty.buffer.SimpleLeakAwareByteBuf.unwrappedDerived(SimpleLeakAwareByteBuf.java:143)
	io.netty.buffer.SimpleLeakAwareByteBuf.readRetainedSlice(SimpleLeakAwareByteBuf.java:67)
	io.netty.buffer.AdvancedLeakAwareByteBuf.readRetainedSlice(AdvancedLeakAwareByteBuf.java:107)
	io.netty.handler.codec.http.HttpObjectDecoder.decode(HttpObjectDecoder.java:336)
	io.netty.handler.codec.http.HttpServerCodec$HttpServerRequestDecoder.decode(HttpServerCodec.java:103)
	io.netty.handler.codec.ByteToMessageDecoder.decodeRemovalReentryProtection(ByteToMessageDecoder.java:502)
	io.netty.handler.codec.ByteToMessageDecoder.callDecode(ByteToMessageDecoder.java:441)
	io.netty.handler.codec.ByteToMessageDecoder.channelRead(ByteToMessageDecoder.java:278)
	io.netty.channel.CombinedChannelDuplexHandler.channelRead(CombinedChannelDuplexHandler.java:253)
	io.netty.channel.AbstractChannelHandlerContext.invokeChannelRead(AbstractChannelHandlerContext.java:374)
	io.netty.channel.AbstractChannelHandlerContext.invokeChannelRead(AbstractChannelHandlerContext.java:360)
	io.netty.channel.AbstractChannelHandlerContext.fireChannelRead(AbstractChannelHandlerContext.java:352)
	io.netty.channel.DefaultChannelPipeline$HeadContext.channelRead(DefaultChannelPipeline.java:1408)
	io.netty.channel.AbstractChannelHandlerContext.invokeChannelRead(AbstractChannelHandlerContext.java:374)
	io.netty.channel.AbstractChannelHandlerContext.invokeChannelRead(AbstractChannelHandlerContext.java:360)
	io.netty.channel.DefaultChannelPipeline.fireChannelRead(DefaultChannelPipeline.java:930)
	io.netty.channel.nio.AbstractNioByteChannel$NioByteUnsafe.read(AbstractNioByteChannel.java:163)
	io.netty.channel.nio.NioEventLoop.processSelectedKey(NioEventLoop.java:682)
	io.netty.channel.nio.NioEventLoop.processSelectedKeysOptimized(NioEventLoop.java:617)
	io.netty.channel.nio.NioEventLoop.processSelectedKeys(NioEventLoop.java:534)
	io.netty.channel.nio.NioEventLoop.run(NioEventLoop.java:496)
	io.netty.util.concurrent.SingleThreadEventExecutor$5.run(SingleThreadEventExecutor.java:906)
	io.netty.util.internal.ThreadExecutorMap$2.run(ThreadExecutorMap.java:74)
	io.netty.util.concurrent.FastThreadLocalRunnable.run(FastThreadLocalRunnable.java:30)
	java.lang.Thread.run(Thread.java:748)
: 1 leak records were discarded because they were duplicates
: 18 leak records were discarded because the leak record count is targeted to 4. Use system property io.netty.leakDetection.targetRecords to increase the limit.
22:43:01.596 [reactor-http-nio-8] ERROR i.n.u.ResourceLeakDetector - LEAK: ByteBuf.release() was not called before it's garbage-collected. See http://netty.io/wiki/reference-counted-objects.html for more information.
Recent access records: 
#1:
	org.springframework.core.io.buffer.NettyDataBuffer.release(NettyDataBuffer.java:308)
	org.springframework.core.io.buffer.DataBufferUtils.release(DataBufferUtils.java:498)
	org.springframework.http.codec.multipart.DefaultMultipartMessageReader.toPart(DefaultMultipartMessageReader.java:206)
	reactor.core.publisher.FluxMap$MapConditionalSubscriber.onNext(FluxMap.java:199)
	reactor.core.publisher.FluxTakeWhile$TakeWhileSubscriber.onNext(FluxTakeWhile.java:94)
	reactor.core.publisher.FluxContextStart$ContextStartSubscriber.onNext(FluxContextStart.java:103)
	reactor.core.publisher.FluxMap$MapConditionalSubscriber.onNext(FluxMap.java:213)
	reactor.core.publisher.FluxBufferPredicate$BufferPredicateSubscriber.emit(FluxBufferPredicate.java:290)
	reactor.core.publisher.FluxBufferPredicate$BufferPredicateSubscriber.onNextNewBuffer(FluxBufferPredicate.java:257)
	reactor.core.publisher.FluxBufferPredicate$BufferPredicateSubscriber.tryOnNext(FluxBufferPredicate.java:211)
	reactor.core.publisher.FluxBufferPredicate$BufferPredicateSubscriber.onNext(FluxBufferPredicate.java:184)
	reactor.core.publisher.FluxFlatMap$FlatMapMain.drainLoop(FluxFlatMap.java:664)
	reactor.core.publisher.FluxFlatMap$FlatMapMain.drain(FluxFlatMap.java:540)
	reactor.core.publisher.FluxFlatMap$FlatMapInner.onSubscribe(FluxFlatMap.java:924)
	reactor.core.publisher.FluxIterable.subscribe(FluxIterable.java:139)
	reactor.core.publisher.FluxIterable.subscribe(FluxIterable.java:63)
	reactor.core.publisher.Flux.subscribe(Flux.java:7922)
	reactor.core.publisher.FluxFlatMap$FlatMapMain.onNext(FluxFlatMap.java:389)
	reactor.core.publisher.FluxConcatMap$ConcatMapImmediate.innerNext(FluxConcatMap.java:275)
	reactor.core.publisher.FluxConcatMap$ConcatMapInner.onNext(FluxConcatMap.java:849)
	reactor.core.publisher.FluxConcatMap$WeakScalarSubscription.request(FluxConcatMap.java:470)
	reactor.core.publisher.Operators$MultiSubscriptionSubscriber.set(Operators.java:1939)
	reactor.core.publisher.FluxConcatMap$ConcatMapImmediate.drain(FluxConcatMap.java:436)
	reactor.core.publisher.FluxConcatMap$ConcatMapImmediate.onNext(FluxConcatMap.java:244)
	reactor.core.publisher.FluxMap$MapSubscriber.onNext(FluxMap.java:114)
	reactor.core.publisher.FluxPeek$PeekSubscriber.onNext(FluxPeek.java:192)
	reactor.core.publisher.FluxMap$MapSubscriber.onNext(FluxMap.java:114)
	reactor.netty.channel.FluxReceive.drainReceiver(FluxReceive.java:206)
	reactor.netty.channel.FluxReceive.onInboundNext(FluxReceive.java:322)
	reactor.netty.channel.ChannelOperations.onInboundNext(ChannelOperations.java:335)
	reactor.netty.http.server.HttpServerOperations.onInboundNext(HttpServerOperations.java:456)
	reactor.netty.channel.ChannelOperationsHandler.channelRead(ChannelOperationsHandler.java:91)
	io.netty.channel.AbstractChannelHandlerContext.invokeChannelRead(AbstractChannelHandlerContext.java:374)
	io.netty.channel.AbstractChannelHandlerContext.invokeChannelRead(AbstractChannelHandlerContext.java:360)
	io.netty.channel.AbstractChannelHandlerContext.fireChannelRead(AbstractChannelHandlerContext.java:352)
	reactor.netty.http.server.HttpTrafficHandler.channelRead(HttpTrafficHandler.java:190)
	io.netty.channel.AbstractChannelHandlerContext.invokeChannelRead(AbstractChannelHandlerContext.java:374)
	io.netty.channel.AbstractChannelHandlerContext.invokeChannelRead(AbstractChannelHandlerContext.java:360)
	io.netty.channel.AbstractChannelHandlerContext.fireChannelRead(AbstractChannelHandlerContext.java:352)
	io.netty.channel.CombinedChannelDuplexHandler$DelegatingChannelHandlerContext.fireChannelRead(CombinedChannelDuplexHandler.java:438)
	io.netty.handler.codec.ByteToMessageDecoder.fireChannelRead(ByteToMessageDecoder.java:323)
	io.netty.handler.codec.ByteToMessageDecoder.fireChannelRead(ByteToMessageDecoder.java:310)
	io.netty.handler.codec.ByteToMessageDecoder.callDecode(ByteToMessageDecoder.java:426)
	io.netty.handler.codec.ByteToMessageDecoder.channelRead(ByteToMessageDecoder.java:278)
	io.netty.channel.CombinedChannelDuplexHandler.channelRead(CombinedChannelDuplexHandler.java:253)
	io.netty.channel.AbstractChannelHandlerContext.invokeChannelRead(AbstractChannelHandlerContext.java:374)
	io.netty.channel.AbstractChannelHandlerContext.invokeChannelRead(AbstractChannelHandlerContext.java:360)
	io.netty.channel.AbstractChannelHandlerContext.fireChannelRead(AbstractChannelHandlerContext.java:352)
	io.netty.channel.DefaultChannelPipeline$HeadContext.channelRead(DefaultChannelPipeline.java:1408)
	io.netty.channel.AbstractChannelHandlerContext.invokeChannelRead(AbstractChannelHandlerContext.java:374)
	io.netty.channel.AbstractChannelHandlerContext.invokeChannelRead(AbstractChannelHandlerContext.java:360)
	io.netty.channel.DefaultChannelPipeline.fireChannelRead(DefaultChannelPipeline.java:930)
	io.netty.channel.nio.AbstractNioByteChannel$NioByteUnsafe.read(AbstractNioByteChannel.java:163)
	io.netty.channel.nio.NioEventLoop.processSelectedKey(NioEventLoop.java:682)
	io.netty.channel.nio.NioEventLoop.processSelectedKeysOptimized(NioEventLoop.java:617)
	io.netty.channel.nio.NioEventLoop.processSelectedKeys(NioEventLoop.java:534)
	io.netty.channel.nio.NioEventLoop.run(NioEventLoop.java:496)
	io.netty.util.concurrent.SingleThreadEventExecutor$5.run(SingleThreadEventExecutor.java:906)
	io.netty.util.internal.ThreadExecutorMap$2.run(ThreadExecutorMap.java:74)
	io.netty.util.concurrent.FastThreadLocalRunnable.run(FastThreadLocalRunnable.java:30)
	java.lang.Thread.run(Thread.java:748)
#2:
	io.netty.buffer.AdvancedLeakAwareCompositeByteBuf.getByte(AdvancedLeakAwareCompositeByteBuf.java:140)
	org.springframework.core.io.buffer.NettyDataBuffer.getByte(NettyDataBuffer.java:132)
	org.springframework.core.io.buffer.DataBufferUtils$KnuthMorrisPrattMatcher.match(DataBufferUtils.java:1005)
	org.springframework.http.codec.multipart.DefaultMultipartMessageReader.toPart(DefaultMultipartMessageReader.java:184)
	reactor.core.publisher.FluxMap$MapConditionalSubscriber.onNext(FluxMap.java:199)
	reactor.core.publisher.FluxTakeWhile$TakeWhileSubscriber.onNext(FluxTakeWhile.java:94)
	reactor.core.publisher.FluxContextStart$ContextStartSubscriber.onNext(FluxContextStart.java:103)
	reactor.core.publisher.FluxMap$MapConditionalSubscriber.onNext(FluxMap.java:213)
	reactor.core.publisher.FluxBufferPredicate$BufferPredicateSubscriber.emit(FluxBufferPredicate.java:290)
	reactor.core.publisher.FluxBufferPredicate$BufferPredicateSubscriber.onNextNewBuffer(FluxBufferPredicate.java:257)
	reactor.core.publisher.FluxBufferPredicate$BufferPredicateSubscriber.tryOnNext(FluxBufferPredicate.java:211)
	reactor.core.publisher.FluxBufferPredicate$BufferPredicateSubscriber.onNext(FluxBufferPredicate.java:184)
	reactor.core.publisher.FluxFlatMap$FlatMapMain.drainLoop(FluxFlatMap.java:664)
	reactor.core.publisher.FluxFlatMap$FlatMapMain.drain(FluxFlatMap.java:540)
	reactor.core.publisher.FluxFlatMap$FlatMapInner.onSubscribe(FluxFlatMap.java:924)
	reactor.core.publisher.FluxIterable.subscribe(FluxIterable.java:139)
	reactor.core.publisher.FluxIterable.subscribe(FluxIterable.java:63)
	reactor.core.publisher.Flux.subscribe(Flux.java:7922)
	reactor.core.publisher.FluxFlatMap$FlatMapMain.onNext(FluxFlatMap.java:389)
	reactor.core.publisher.FluxConcatMap$ConcatMapImmediate.innerNext(FluxConcatMap.java:275)
	reactor.core.publisher.FluxConcatMap$ConcatMapInner.onNext(FluxConcatMap.java:849)
	reactor.core.publisher.FluxConcatMap$WeakScalarSubscription.request(FluxConcatMap.java:470)
	reactor.core.publisher.Operators$MultiSubscriptionSubscriber.set(Operators.java:1939)
	reactor.core.publisher.FluxConcatMap$ConcatMapImmediate.drain(FluxConcatMap.java:436)
	reactor.core.publisher.FluxConcatMap$ConcatMapImmediate.onNext(FluxConcatMap.java:244)
	reactor.core.publisher.FluxMap$MapSubscriber.onNext(FluxMap.java:114)
	reactor.core.publisher.FluxPeek$PeekSubscriber.onNext(FluxPeek.java:192)
	reactor.core.publisher.FluxMap$MapSubscriber.onNext(FluxMap.java:114)
	reactor.netty.channel.FluxReceive.drainReceiver(FluxReceive.java:206)
	reactor.netty.channel.FluxReceive.onInboundNext(FluxReceive.java:322)
	reactor.netty.channel.ChannelOperations.onInboundNext(ChannelOperations.java:335)
	reactor.netty.http.server.HttpServerOperations.onInboundNext(HttpServerOperations.java:456)
	reactor.netty.channel.ChannelOperationsHandler.channelRead(ChannelOperationsHandler.java:91)
	io.netty.channel.AbstractChannelHandlerContext.invokeChannelRead(AbstractChannelHandlerContext.java:374)
	io.netty.channel.AbstractChannelHandlerContext.invokeChannelRead(AbstractChannelHandlerContext.java:360)
	io.netty.channel.AbstractChannelHandlerContext.fireChannelRead(AbstractChannelHandlerContext.java:352)
	reactor.netty.http.server.HttpTrafficHandler.channelRead(HttpTrafficHandler.java:190)
	io.netty.channel.AbstractChannelHandlerContext.invokeChannelRead(AbstractChannelHandlerContext.java:374)
	io.netty.channel.AbstractChannelHandlerContext.invokeChannelRead(AbstractChannelHandlerContext.java:360)
	io.netty.channel.AbstractChannelHandlerContext.fireChannelRead(AbstractChannelHandlerContext.java:352)
	io.netty.channel.CombinedChannelDuplexHandler$DelegatingChannelHandlerContext.fireChannelRead(CombinedChannelDuplexHandler.java:438)
	io.netty.handler.codec.ByteToMessageDecoder.fireChannelRead(ByteToMessageDecoder.java:323)
	io.netty.handler.codec.ByteToMessageDecoder.fireChannelRead(ByteToMessageDecoder.java:310)
	io.netty.handler.codec.ByteToMessageDecoder.callDecode(ByteToMessageDecoder.java:426)
	io.netty.handler.codec.ByteToMessageDecoder.channelRead(ByteToMessageDecoder.java:278)
	io.netty.channel.CombinedChannelDuplexHandler.channelRead(CombinedChannelDuplexHandler.java:253)
	io.netty.channel.AbstractChannelHandlerContext.invokeChannelRead(AbstractChannelHandlerContext.java:374)
	io.netty.channel.AbstractChannelHandlerContext.invokeChannelRead(AbstractChannelHandlerContext.java:360)
	io.netty.channel.AbstractChannelHandlerContext.fireChannelRead(AbstractChannelHandlerContext.java:352)
	io.netty.channel.DefaultChannelPipeline$HeadContext.channelRead(DefaultChannelPipeline.java:1408)
	io.netty.channel.AbstractChannelHandlerContext.invokeChannelRead(AbstractChannelHandlerContext.java:374)
	io.netty.channel.AbstractChannelHandlerContext.invokeChannelRead(AbstractChannelHandlerContext.java:360)
	io.netty.channel.DefaultChannelPipeline.fireChannelRead(DefaultChannelPipeline.java:930)
	io.netty.channel.nio.AbstractNioByteChannel$NioByteUnsafe.read(AbstractNioByteChannel.java:163)
	io.netty.channel.nio.NioEventLoop.processSelectedKey(NioEventLoop.java:682)
	io.netty.channel.nio.NioEventLoop.processSelectedKeysOptimized(NioEventLoop.java:617)
	io.netty.channel.nio.NioEventLoop.processSelectedKeys(NioEventLoop.java:534)
	io.netty.channel.nio.NioEventLoop.run(NioEventLoop.java:496)
	io.netty.util.concurrent.SingleThreadEventExecutor$5.run(SingleThreadEventExecutor.java:906)
	io.netty.util.internal.ThreadExecutorMap$2.run(ThreadExecutorMap.java:74)
	io.netty.util.concurrent.FastThreadLocalRunnable.run(FastThreadLocalRunnable.java:30)
	java.lang.Thread.run(Thread.java:748)
#3:
	io.netty.buffer.AdvancedLeakAwareCompositeByteBuf.getByte(AdvancedLeakAwareCompositeByteBuf.java:140)
	org.springframework.core.io.buffer.NettyDataBuffer.getByte(NettyDataBuffer.java:132)
	org.springframework.http.codec.multipart.DefaultMultipartMessageReader.notLastBoundary(DefaultMultipartMessageReader.java:163)
	reactor.core.publisher.FluxTakeWhile$TakeWhileSubscriber.onNext(FluxTakeWhile.java:79)
	reactor.core.publisher.FluxContextStart$ContextStartSubscriber.onNext(FluxContextStart.java:103)
	reactor.core.publisher.FluxMap$MapConditionalSubscriber.onNext(FluxMap.java:213)
	reactor.core.publisher.FluxBufferPredicate$BufferPredicateSubscriber.emit(FluxBufferPredicate.java:290)
	reactor.core.publisher.FluxBufferPredicate$BufferPredicateSubscriber.onNextNewBuffer(FluxBufferPredicate.java:257)
	reactor.core.publisher.FluxBufferPredicate$BufferPredicateSubscriber.tryOnNext(FluxBufferPredicate.java:211)
	reactor.core.publisher.FluxBufferPredicate$BufferPredicateSubscriber.onNext(FluxBufferPredicate.java:184)
	reactor.core.publisher.FluxFlatMap$FlatMapMain.drainLoop(FluxFlatMap.java:664)
	reactor.core.publisher.FluxFlatMap$FlatMapMain.drain(FluxFlatMap.java:540)
	reactor.core.publisher.FluxFlatMap$FlatMapInner.onSubscribe(FluxFlatMap.java:924)
	reactor.core.publisher.FluxIterable.subscribe(FluxIterable.java:139)
	reactor.core.publisher.FluxIterable.subscribe(FluxIterable.java:63)
	reactor.core.publisher.Flux.subscribe(Flux.java:7922)
	reactor.core.publisher.FluxFlatMap$FlatMapMain.onNext(FluxFlatMap.java:389)
	reactor.core.publisher.FluxConcatMap$ConcatMapImmediate.innerNext(FluxConcatMap.java:275)
	reactor.core.publisher.FluxConcatMap$ConcatMapInner.onNext(FluxConcatMap.java:849)
	reactor.core.publisher.FluxConcatMap$WeakScalarSubscription.request(FluxConcatMap.java:470)
	reactor.core.publisher.Operators$MultiSubscriptionSubscriber.set(Operators.java:1939)
	reactor.core.publisher.FluxConcatMap$ConcatMapImmediate.drain(FluxConcatMap.java:436)
	reactor.core.publisher.FluxConcatMap$ConcatMapImmediate.onNext(FluxConcatMap.java:244)
	reactor.core.publisher.FluxMap$MapSubscriber.onNext(FluxMap.java:114)
	reactor.core.publisher.FluxPeek$PeekSubscriber.onNext(FluxPeek.java:192)
	reactor.core.publisher.FluxMap$MapSubscriber.onNext(FluxMap.java:114)
	reactor.netty.channel.FluxReceive.drainReceiver(FluxReceive.java:206)
	reactor.netty.channel.FluxReceive.onInboundNext(FluxReceive.java:322)
	reactor.netty.channel.ChannelOperations.onInboundNext(ChannelOperations.java:335)
	reactor.netty.http.server.HttpServerOperations.onInboundNext(HttpServerOperations.java:456)
	reactor.netty.channel.ChannelOperationsHandler.channelRead(ChannelOperationsHandler.java:91)
	io.netty.channel.AbstractChannelHandlerContext.invokeChannelRead(AbstractChannelHandlerContext.java:374)
	io.netty.channel.AbstractChannelHandlerContext.invokeChannelRead(AbstractChannelHandlerContext.java:360)
	io.netty.channel.AbstractChannelHandlerContext.fireChannelRead(AbstractChannelHandlerContext.java:352)
	reactor.netty.http.server.HttpTrafficHandler.channelRead(HttpTrafficHandler.java:190)
	io.netty.channel.AbstractChannelHandlerContext.invokeChannelRead(AbstractChannelHandlerContext.java:374)
	io.netty.channel.AbstractChannelHandlerContext.invokeChannelRead(AbstractChannelHandlerContext.java:360)
	io.netty.channel.AbstractChannelHandlerContext.fireChannelRead(AbstractChannelHandlerContext.java:352)
	io.netty.channel.CombinedChannelDuplexHandler$DelegatingChannelHandlerContext.fireChannelRead(CombinedChannelDuplexHandler.java:438)
	io.netty.handler.codec.ByteToMessageDecoder.fireChannelRead(ByteToMessageDecoder.java:323)
	io.netty.handler.codec.ByteToMessageDecoder.fireChannelRead(ByteToMessageDecoder.java:310)
	io.netty.handler.codec.ByteToMessageDecoder.callDecode(ByteToMessageDecoder.java:426)
	io.netty.handler.codec.ByteToMessageDecoder.channelRead(ByteToMessageDecoder.java:278)
	io.netty.channel.CombinedChannelDuplexHandler.channelRead(CombinedChannelDuplexHandler.java:253)
	io.netty.channel.AbstractChannelHandlerContext.invokeChannelRead(AbstractChannelHandlerContext.java:374)
	io.netty.channel.AbstractChannelHandlerContext.invokeChannelRead(AbstractChannelHandlerContext.java:360)
	io.netty.channel.AbstractChannelHandlerContext.fireChannelRead(AbstractChannelHandlerContext.java:352)
	io.netty.channel.DefaultChannelPipeline$HeadContext.channelRead(DefaultChannelPipeline.java:1408)
	io.netty.channel.AbstractChannelHandlerContext.invokeChannelRead(AbstractChannelHandlerContext.java:374)
	io.netty.channel.AbstractChannelHandlerContext.invokeChannelRead(AbstractChannelHandlerContext.java:360)
	io.netty.channel.DefaultChannelPipeline.fireChannelRead(DefaultChannelPipeline.java:930)
	io.netty.channel.nio.AbstractNioByteChannel$NioByteUnsafe.read(AbstractNioByteChannel.java:163)
	io.netty.channel.nio.NioEventLoop.processSelectedKey(NioEventLoop.java:682)
	io.netty.channel.nio.NioEventLoop.processSelectedKeysOptimized(NioEventLoop.java:617)
	io.netty.channel.nio.NioEventLoop.processSelectedKeys(NioEventLoop.java:534)
	io.netty.channel.nio.NioEventLoop.run(NioEventLoop.java:496)
	io.netty.util.concurrent.SingleThreadEventExecutor$5.run(SingleThreadEventExecutor.java:906)
	io.netty.util.internal.ThreadExecutorMap$2.run(ThreadExecutorMap.java:74)
	io.netty.util.concurrent.FastThreadLocalRunnable.run(FastThreadLocalRunnable.java:30)
	java.lang.Thread.run(Thread.java:748)
#4:
	io.netty.buffer.AdvancedLeakAwareCompositeByteBuf.addComponent(AdvancedLeakAwareCompositeByteBuf.java:920)
	org.springframework.core.io.buffer.NettyDataBufferFactory.join(NettyDataBufferFactory.java:111)
	org.springframework.core.io.buffer.DataBufferUtils.joinAndStrip(DataBufferUtils.java:686)
	org.springframework.core.io.buffer.DataBufferUtils.lambda$split$20(DataBufferUtils.java:605)
	reactor.core.publisher.FluxMap$MapConditionalSubscriber.onNext(FluxMap.java:199)
	reactor.core.publisher.FluxBufferPredicate$BufferPredicateSubscriber.emit(FluxBufferPredicate.java:290)
	reactor.core.publisher.FluxBufferPredicate$BufferPredicateSubscriber.onNextNewBuffer(FluxBufferPredicate.java:257)
	reactor.core.publisher.FluxBufferPredicate$BufferPredicateSubscriber.tryOnNext(FluxBufferPredicate.java:211)
	reactor.core.publisher.FluxBufferPredicate$BufferPredicateSubscriber.onNext(FluxBufferPredicate.java:184)
	reactor.core.publisher.FluxFlatMap$FlatMapMain.drainLoop(FluxFlatMap.java:664)
	reactor.core.publisher.FluxFlatMap$FlatMapMain.drain(FluxFlatMap.java:540)
	reactor.core.publisher.FluxFlatMap$FlatMapInner.onSubscribe(FluxFlatMap.java:924)
	reactor.core.publisher.FluxIterable.subscribe(FluxIterable.java:139)
	reactor.core.publisher.FluxIterable.subscribe(FluxIterable.java:63)
	reactor.core.publisher.Flux.subscribe(Flux.java:7922)
	reactor.core.publisher.FluxFlatMap$FlatMapMain.onNext(FluxFlatMap.java:389)
	reactor.core.publisher.FluxConcatMap$ConcatMapImmediate.innerNext(FluxConcatMap.java:275)
	reactor.core.publisher.FluxConcatMap$ConcatMapInner.onNext(FluxConcatMap.java:849)
	reactor.core.publisher.FluxConcatMap$WeakScalarSubscription.request(FluxConcatMap.java:470)
	reactor.core.publisher.Operators$MultiSubscriptionSubscriber.set(Operators.java:1939)
	reactor.core.publisher.FluxConcatMap$ConcatMapImmediate.drain(FluxConcatMap.java:436)
	reactor.core.publisher.FluxConcatMap$ConcatMapImmediate.onNext(FluxConcatMap.java:244)
	reactor.core.publisher.FluxMap$MapSubscriber.onNext(FluxMap.java:114)
	reactor.core.publisher.FluxPeek$PeekSubscriber.onNext(FluxPeek.java:192)
	reactor.core.publisher.FluxMap$MapSubscriber.onNext(FluxMap.java:114)
	reactor.netty.channel.FluxReceive.drainReceiver(FluxReceive.java:206)
	reactor.netty.channel.FluxReceive.onInboundNext(FluxReceive.java:322)
	reactor.netty.channel.ChannelOperations.onInboundNext(ChannelOperations.java:335)
	reactor.netty.http.server.HttpServerOperations.onInboundNext(HttpServerOperations.java:456)
	reactor.netty.channel.ChannelOperationsHandler.channelRead(ChannelOperationsHandler.java:91)
	io.netty.channel.AbstractChannelHandlerContext.invokeChannelRead(AbstractChannelHandlerContext.java:374)
	io.netty.channel.AbstractChannelHandlerContext.invokeChannelRead(AbstractChannelHandlerContext.java:360)
	io.netty.channel.AbstractChannelHandlerContext.fireChannelRead(AbstractChannelHandlerContext.java:352)
	reactor.netty.http.server.HttpTrafficHandler.channelRead(HttpTrafficHandler.java:190)
	io.netty.channel.AbstractChannelHandlerContext.invokeChannelRead(AbstractChannelHandlerContext.java:374)
	io.netty.channel.AbstractChannelHandlerContext.invokeChannelRead(AbstractChannelHandlerContext.java:360)
	io.netty.channel.AbstractChannelHandlerContext.fireChannelRead(AbstractChannelHandlerContext.java:352)
	io.netty.channel.CombinedChannelDuplexHandler$DelegatingChannelHandlerContext.fireChannelRead(CombinedChannelDuplexHandler.java:438)
	io.netty.handler.codec.ByteToMessageDecoder.fireChannelRead(ByteToMessageDecoder.java:323)
	io.netty.handler.codec.ByteToMessageDecoder.fireChannelRead(ByteToMessageDecoder.java:310)
	io.netty.handler.codec.ByteToMessageDecoder.callDecode(ByteToMessageDecoder.java:426)
	io.netty.handler.codec.ByteToMessageDecoder.channelRead(ByteToMessageDecoder.java:278)
	io.netty.channel.CombinedChannelDuplexHandler.channelRead(CombinedChannelDuplexHandler.java:253)
	io.netty.channel.AbstractChannelHandlerContext.invokeChannelRead(AbstractChannelHandlerContext.java:374)
	io.netty.channel.AbstractChannelHandlerContext.invokeChannelRead(AbstractChannelHandlerContext.java:360)
	io.netty.channel.AbstractChannelHandlerContext.fireChannelRead(AbstractChannelHandlerContext.java:352)
	io.netty.channel.DefaultChannelPipeline$HeadContext.channelRead(DefaultChannelPipeline.java:1408)
	io.netty.channel.AbstractChannelHandlerContext.invokeChannelRead(AbstractChannelHandlerContext.java:374)
	io.netty.channel.AbstractChannelHandlerContext.invokeChannelRead(AbstractChannelHandlerContext.java:360)
	io.netty.channel.DefaultChannelPipeline.fireChannelRead(DefaultChannelPipeline.java:930)
	io.netty.channel.nio.AbstractNioByteChannel$NioByteUnsafe.read(AbstractNioByteChannel.java:163)
	io.netty.channel.nio.NioEventLoop.processSelectedKey(NioEventLoop.java:682)
	io.netty.channel.nio.NioEventLoop.processSelectedKeysOptimized(NioEventLoop.java:617)
	io.netty.channel.nio.NioEventLoop.processSelectedKeys(NioEventLoop.java:534)
	io.netty.channel.nio.NioEventLoop.run(NioEventLoop.java:496)
	io.netty.util.concurrent.SingleThreadEventExecutor$5.run(SingleThreadEventExecutor.java:906)
	io.netty.util.internal.ThreadExecutorMap$2.run(ThreadExecutorMap.java:74)
	io.netty.util.concurrent.FastThreadLocalRunnable.run(FastThreadLocalRunnable.java:30)
	java.lang.Thread.run(Thread.java:748)
Created at:
	io.netty.buffer.AbstractByteBufAllocator.compositeDirectBuffer(AbstractByteBufAllocator.java:223)
	io.netty.buffer.AbstractByteBufAllocator.compositeBuffer(AbstractByteBufAllocator.java:201)
	org.springframework.core.io.buffer.NettyDataBufferFactory.join(NettyDataBufferFactory.java:108)
	org.springframework.core.io.buffer.DataBufferUtils.joinAndStrip(DataBufferUtils.java:686)
	org.springframework.core.io.buffer.DataBufferUtils.lambda$split$20(DataBufferUtils.java:605)
	reactor.core.publisher.FluxMap$MapConditionalSubscriber.onNext(FluxMap.java:199)
	reactor.core.publisher.FluxBufferPredicate$BufferPredicateSubscriber.emit(FluxBufferPredicate.java:290)
	reactor.core.publisher.FluxBufferPredicate$BufferPredicateSubscriber.onNextNewBuffer(FluxBufferPredicate.java:257)
	reactor.core.publisher.FluxBufferPredicate$BufferPredicateSubscriber.tryOnNext(FluxBufferPredicate.java:211)
	reactor.core.publisher.FluxBufferPredicate$BufferPredicateSubscriber.onNext(FluxBufferPredicate.java:184)
	reactor.core.publisher.FluxFlatMap$FlatMapMain.drainLoop(FluxFlatMap.java:664)
	reactor.core.publisher.FluxFlatMap$FlatMapMain.drain(FluxFlatMap.java:540)
	reactor.core.publisher.FluxFlatMap$FlatMapInner.onSubscribe(FluxFlatMap.java:924)
	reactor.core.publisher.FluxIterable.subscribe(FluxIterable.java:139)
	reactor.core.publisher.FluxIterable.subscribe(FluxIterable.java:63)
	reactor.core.publisher.Flux.subscribe(Flux.java:7922)
	reactor.core.publisher.FluxFlatMap$FlatMapMain.onNext(FluxFlatMap.java:389)
	reactor.core.publisher.FluxConcatMap$ConcatMapImmediate.innerNext(FluxConcatMap.java:275)
	reactor.core.publisher.FluxConcatMap$ConcatMapInner.onNext(FluxConcatMap.java:849)
	reactor.core.publisher.FluxConcatMap$WeakScalarSubscription.request(FluxConcatMap.java:470)
	reactor.core.publisher.Operators$MultiSubscriptionSubscriber.set(Operators.java:1939)
	reactor.core.publisher.FluxConcatMap$ConcatMapImmediate.drain(FluxConcatMap.java:436)
	reactor.core.publisher.FluxConcatMap$ConcatMapImmediate.onNext(FluxConcatMap.java:244)
	reactor.core.publisher.FluxMap$MapSubscriber.onNext(FluxMap.java:114)
	reactor.core.publisher.FluxPeek$PeekSubscriber.onNext(FluxPeek.java:192)
	reactor.core.publisher.FluxMap$MapSubscriber.onNext(FluxMap.java:114)
	reactor.netty.channel.FluxReceive.drainReceiver(FluxReceive.java:206)
	reactor.netty.channel.FluxReceive.onInboundNext(FluxReceive.java:322)
	reactor.netty.channel.ChannelOperations.onInboundNext(ChannelOperations.java:335)
	reactor.netty.http.server.HttpServerOperations.onInboundNext(HttpServerOperations.java:456)
	reactor.netty.channel.ChannelOperationsHandler.channelRead(ChannelOperationsHandler.java:91)
	io.netty.channel.AbstractChannelHandlerContext.invokeChannelRead(AbstractChannelHandlerContext.java:374)
	io.netty.channel.AbstractChannelHandlerContext.invokeChannelRead(AbstractChannelHandlerContext.java:360)
	io.netty.channel.AbstractChannelHandlerContext.fireChannelRead(AbstractChannelHandlerContext.java:352)
	reactor.netty.http.server.HttpTrafficHandler.channelRead(HttpTrafficHandler.java:190)
	io.netty.channel.AbstractChannelHandlerContext.invokeChannelRead(AbstractChannelHandlerContext.java:374)
	io.netty.channel.AbstractChannelHandlerContext.invokeChannelRead(AbstractChannelHandlerContext.java:360)
	io.netty.channel.AbstractChannelHandlerContext.fireChannelRead(AbstractChannelHandlerContext.java:352)
	io.netty.channel.CombinedChannelDuplexHandler$DelegatingChannelHandlerContext.fireChannelRead(CombinedChannelDuplexHandler.java:438)
	io.netty.handler.codec.ByteToMessageDecoder.fireChannelRead(ByteToMessageDecoder.java:323)
	io.netty.handler.codec.ByteToMessageDecoder.fireChannelRead(ByteToMessageDecoder.java:310)
	io.netty.handler.codec.ByteToMessageDecoder.callDecode(ByteToMessageDecoder.java:426)
	io.netty.handler.codec.ByteToMessageDecoder.channelRead(ByteToMessageDecoder.java:278)
	io.netty.channel.CombinedChannelDuplexHandler.channelRead(CombinedChannelDuplexHandler.java:253)
	io.netty.channel.AbstractChannelHandlerContext.invokeChannelRead(AbstractChannelHandlerContext.java:374)
	io.netty.channel.AbstractChannelHandlerContext.invokeChannelRead(AbstractChannelHandlerContext.java:360)
	io.netty.channel.AbstractChannelHandlerContext.fireChannelRead(AbstractChannelHandlerContext.java:352)
	io.netty.channel.DefaultChannelPipeline$HeadContext.channelRead(DefaultChannelPipeline.java:1408)
	io.netty.channel.AbstractChannelHandlerContext.invokeChannelRead(AbstractChannelHandlerContext.java:374)
	io.netty.channel.AbstractChannelHandlerContext.invokeChannelRead(AbstractChannelHandlerContext.java:360)
	io.netty.channel.DefaultChannelPipeline.fireChannelRead(DefaultChannelPipeline.java:930)
	io.netty.channel.nio.AbstractNioByteChannel$NioByteUnsafe.read(AbstractNioByteChannel.java:163)
	io.netty.channel.nio.NioEventLoop.processSelectedKey(NioEventLoop.java:682)
	io.netty.channel.nio.NioEventLoop.processSelectedKeysOptimized(NioEventLoop.java:617)
	io.netty.channel.nio.NioEventLoop.processSelectedKeys(NioEventLoop.java:534)
	io.netty.channel.nio.NioEventLoop.run(NioEventLoop.java:496)
	io.netty.util.concurrent.SingleThreadEventExecutor$5.run(SingleThreadEventExecutor.java:906)
	io.netty.util.internal.ThreadExecutorMap$2.run(ThreadExecutorMap.java:74)
	io.netty.util.concurrent.FastThreadLocalRunnable.run(FastThreadLocalRunnable.java:30)
	java.lang.Thread.run(Thread.java:748)
: 7 leak records were discarded because they were duplicates
: 120 leak records were discarded because the leak record count is targeted to 4. Use system property io.netty.leakDetection.targetRecords to increase the limit.
22:43:01.598 [reactor-http-nio-8] ERROR i.n.u.ResourceLeakDetector - LEAK: ByteBuf.release() was not called before it's garbage-collected. See http://netty.io/wiki/reference-counted-objects.html for more information.
Recent access records: 
#1:
	io.netty.handler.codec.ByteToMessageDecoder.channelRead(ByteToMessageDecoder.java:286)
	io.netty.channel.CombinedChannelDuplexHandler.channelRead(CombinedChannelDuplexHandler.java:253)
	io.netty.channel.AbstractChannelHandlerContext.invokeChannelRead(AbstractChannelHandlerContext.java:374)
	io.netty.channel.AbstractChannelHandlerContext.invokeChannelRead(AbstractChannelHandlerContext.java:360)
	io.netty.channel.AbstractChannelHandlerContext.fireChannelRead(AbstractChannelHandlerContext.java:352)
	io.netty.channel.DefaultChannelPipeline$HeadContext.channelRead(DefaultChannelPipeline.java:1408)
	io.netty.channel.AbstractChannelHandlerContext.invokeChannelRead(AbstractChannelHandlerContext.java:374)
	io.netty.channel.AbstractChannelHandlerContext.invokeChannelRead(AbstractChannelHandlerContext.java:360)
	io.netty.channel.DefaultChannelPipeline.fireChannelRead(DefaultChannelPipeline.java:930)
	io.netty.channel.nio.AbstractNioByteChannel$NioByteUnsafe.read(AbstractNioByteChannel.java:163)
	io.netty.channel.nio.NioEventLoop.processSelectedKey(NioEventLoop.java:682)
	io.netty.channel.nio.NioEventLoop.processSelectedKeysOptimized(NioEventLoop.java:617)
	io.netty.channel.nio.NioEventLoop.processSelectedKeys(NioEventLoop.java:534)
	io.netty.channel.nio.NioEventLoop.run(NioEventLoop.java:496)
	io.netty.util.concurrent.SingleThreadEventExecutor$5.run(SingleThreadEventExecutor.java:906)
	io.netty.util.internal.ThreadExecutorMap$2.run(ThreadExecutorMap.java:74)
	io.netty.util.concurrent.FastThreadLocalRunnable.run(FastThreadLocalRunnable.java:30)
	java.lang.Thread.run(Thread.java:748)
#2:
	io.netty.buffer.AdvancedLeakAwareByteBuf.getByte(AdvancedLeakAwareByteBuf.java:154)
	io.netty.handler.codec.http.HttpObjectDecoder.decode(HttpObjectDecoder.java:351)
	io.netty.handler.codec.http.HttpServerCodec$HttpServerRequestDecoder.decode(HttpServerCodec.java:103)
	io.netty.handler.codec.ByteToMessageDecoder.decodeRemovalReentryProtection(ByteToMessageDecoder.java:502)
	io.netty.handler.codec.ByteToMessageDecoder.callDecode(ByteToMessageDecoder.java:441)
	io.netty.handler.codec.ByteToMessageDecoder.channelRead(ByteToMessageDecoder.java:278)
	io.netty.channel.CombinedChannelDuplexHandler.channelRead(CombinedChannelDuplexHandler.java:253)
	io.netty.channel.AbstractChannelHandlerContext.invokeChannelRead(AbstractChannelHandlerContext.java:374)
	io.netty.channel.AbstractChannelHandlerContext.invokeChannelRead(AbstractChannelHandlerContext.java:360)
	io.netty.channel.AbstractChannelHandlerContext.fireChannelRead(AbstractChannelHandlerContext.java:352)
	io.netty.channel.DefaultChannelPipeline$HeadContext.channelRead(DefaultChannelPipeline.java:1408)
	io.netty.channel.AbstractChannelHandlerContext.invokeChannelRead(AbstractChannelHandlerContext.java:374)
	io.netty.channel.AbstractChannelHandlerContext.invokeChannelRead(AbstractChannelHandlerContext.java:360)
	io.netty.channel.DefaultChannelPipeline.fireChannelRead(DefaultChannelPipeline.java:930)
	io.netty.channel.nio.AbstractNioByteChannel$NioByteUnsafe.read(AbstractNioByteChannel.java:163)
	io.netty.channel.nio.NioEventLoop.processSelectedKey(NioEventLoop.java:682)
	io.netty.channel.nio.NioEventLoop.processSelectedKeysOptimized(NioEventLoop.java:617)
	io.netty.channel.nio.NioEventLoop.processSelectedKeys(NioEventLoop.java:534)
	io.netty.channel.nio.NioEventLoop.run(NioEventLoop.java:496)
	io.netty.util.concurrent.SingleThreadEventExecutor$5.run(SingleThreadEventExecutor.java:906)
	io.netty.util.internal.ThreadExecutorMap$2.run(ThreadExecutorMap.java:74)
	io.netty.util.concurrent.FastThreadLocalRunnable.run(FastThreadLocalRunnable.java:30)
	java.lang.Thread.run(Thread.java:748)
#3:
	io.netty.buffer.AdvancedLeakAwareByteBuf.forEachByte(AdvancedLeakAwareByteBuf.java:670)
	io.netty.handler.codec.http.HttpObjectDecoder$HeaderParser.parse(HttpObjectDecoder.java:793)
	io.netty.handler.codec.http.HttpObjectDecoder$LineParser.parse(HttpObjectDecoder.java:842)
	io.netty.handler.codec.http.HttpObjectDecoder.decode(HttpObjectDecoder.java:313)
	io.netty.handler.codec.http.HttpServerCodec$HttpServerRequestDecoder.decode(HttpServerCodec.java:103)
	io.netty.handler.codec.ByteToMessageDecoder.decodeRemovalReentryProtection(ByteToMessageDecoder.java:502)
	io.netty.handler.codec.ByteToMessageDecoder.callDecode(ByteToMessageDecoder.java:441)
	io.netty.handler.codec.ByteToMessageDecoder.channelRead(ByteToMessageDecoder.java:278)
	io.netty.channel.CombinedChannelDuplexHandler.channelRead(CombinedChannelDuplexHandler.java:253)
	io.netty.channel.AbstractChannelHandlerContext.invokeChannelRead(AbstractChannelHandlerContext.java:374)
	io.netty.channel.AbstractChannelHandlerContext.invokeChannelRead(AbstractChannelHandlerContext.java:360)
	io.netty.channel.AbstractChannelHandlerContext.fireChannelRead(AbstractChannelHandlerContext.java:352)
	io.netty.channel.DefaultChannelPipeline$HeadContext.channelRead(DefaultChannelPipeline.java:1408)
	io.netty.channel.AbstractChannelHandlerContext.invokeChannelRead(AbstractChannelHandlerContext.java:374)
	io.netty.channel.AbstractChannelHandlerContext.invokeChannelRead(AbstractChannelHandlerContext.java:360)
	io.netty.channel.DefaultChannelPipeline.fireChannelRead(DefaultChannelPipeline.java:930)
	io.netty.channel.nio.AbstractNioByteChannel$NioByteUnsafe.read(AbstractNioByteChannel.java:163)
	io.netty.channel.nio.NioEventLoop.processSelectedKey(NioEventLoop.java:682)
	io.netty.channel.nio.NioEventLoop.processSelectedKeysOptimized(NioEventLoop.java:617)
	io.netty.channel.nio.NioEventLoop.processSelectedKeys(NioEventLoop.java:534)
	io.netty.channel.nio.NioEventLoop.run(NioEventLoop.java:496)
	io.netty.util.concurrent.SingleThreadEventExecutor$5.run(SingleThreadEventExecutor.java:906)
	io.netty.util.internal.ThreadExecutorMap$2.run(ThreadExecutorMap.java:74)
	io.netty.util.concurrent.FastThreadLocalRunnable.run(FastThreadLocalRunnable.java:30)
	java.lang.Thread.run(Thread.java:748)
#4:
	Hint: 'reactor.left.httpCodec' will handle the message from this point.
	io.netty.channel.DefaultChannelPipeline.touch(DefaultChannelPipeline.java:116)
	io.netty.channel.AbstractChannelHandlerContext.invokeChannelRead(AbstractChannelHandlerContext.java:357)
	io.netty.channel.AbstractChannelHandlerContext.fireChannelRead(AbstractChannelHandlerContext.java:352)
	io.netty.channel.DefaultChannelPipeline$HeadContext.channelRead(DefaultChannelPipeline.java:1408)
	io.netty.channel.AbstractChannelHandlerContext.invokeChannelRead(AbstractChannelHandlerContext.java:374)
	io.netty.channel.AbstractChannelHandlerContext.invokeChannelRead(AbstractChannelHandlerContext.java:360)
	io.netty.channel.DefaultChannelPipeline.fireChannelRead(DefaultChannelPipeline.java:930)
	io.netty.channel.nio.AbstractNioByteChannel$NioByteUnsafe.read(AbstractNioByteChannel.java:163)
	io.netty.channel.nio.NioEventLoop.processSelectedKey(NioEventLoop.java:682)
	io.netty.channel.nio.NioEventLoop.processSelectedKeysOptimized(NioEventLoop.java:617)
	io.netty.channel.nio.NioEventLoop.processSelectedKeys(NioEventLoop.java:534)
	io.netty.channel.nio.NioEventLoop.run(NioEventLoop.java:496)
	io.netty.util.concurrent.SingleThreadEventExecutor$5.run(SingleThreadEventExecutor.java:906)
	io.netty.util.internal.ThreadExecutorMap$2.run(ThreadExecutorMap.java:74)
	io.netty.util.concurrent.FastThreadLocalRunnable.run(FastThreadLocalRunnable.java:30)
	java.lang.Thread.run(Thread.java:748)
#5:
	Hint: 'DefaultChannelPipeline$HeadContext#0' will handle the message from this point.
	io.netty.channel.DefaultChannelPipeline.touch(DefaultChannelPipeline.java:116)
	io.netty.channel.AbstractChannelHandlerContext.invokeChannelRead(AbstractChannelHandlerContext.java:357)
	io.netty.channel.DefaultChannelPipeline.fireChannelRead(DefaultChannelPipeline.java:930)
	io.netty.channel.nio.AbstractNioByteChannel$NioByteUnsafe.read(AbstractNioByteChannel.java:163)
	io.netty.channel.nio.NioEventLoop.processSelectedKey(NioEventLoop.java:682)
	io.netty.channel.nio.NioEventLoop.processSelectedKeysOptimized(NioEventLoop.java:617)
	io.netty.channel.nio.NioEventLoop.processSelectedKeys(NioEventLoop.java:534)
	io.netty.channel.nio.NioEventLoop.run(NioEventLoop.java:496)
	io.netty.util.concurrent.SingleThreadEventExecutor$5.run(SingleThreadEventExecutor.java:906)
	io.netty.util.internal.ThreadExecutorMap$2.run(ThreadExecutorMap.java:74)
	io.netty.util.concurrent.FastThreadLocalRunnable.run(FastThreadLocalRunnable.java:30)
	java.lang.Thread.run(Thread.java:748)
#6:
	io.netty.buffer.AdvancedLeakAwareByteBuf.writeBytes(AdvancedLeakAwareByteBuf.java:634)
	io.netty.channel.socket.nio.NioSocketChannel.doReadBytes(NioSocketChannel.java:347)
	io.netty.channel.nio.AbstractNioByteChannel$NioByteUnsafe.read(AbstractNioByteChannel.java:148)
	io.netty.channel.nio.NioEventLoop.processSelectedKey(NioEventLoop.java:682)
	io.netty.channel.nio.NioEventLoop.processSelectedKeysOptimized(NioEventLoop.java:617)
	io.netty.channel.nio.NioEventLoop.processSelectedKeys(NioEventLoop.java:534)
	io.netty.channel.nio.NioEventLoop.run(NioEventLoop.java:496)
	io.netty.util.concurrent.SingleThreadEventExecutor$5.run(SingleThreadEventExecutor.java:906)
	io.netty.util.internal.ThreadExecutorMap$2.run(ThreadExecutorMap.java:74)
	io.netty.util.concurrent.FastThreadLocalRunnable.run(FastThreadLocalRunnable.java:30)
	java.lang.Thread.run(Thread.java:748)
Created at:
	io.netty.buffer.PooledByteBufAllocator.newDirectBuffer(PooledByteBufAllocator.java:349)
	io.netty.buffer.AbstractByteBufAllocator.directBuffer(AbstractByteBufAllocator.java:187)
	io.netty.buffer.AbstractByteBufAllocator.directBuffer(AbstractByteBufAllocator.java:178)
	io.netty.buffer.AbstractByteBufAllocator.ioBuffer(AbstractByteBufAllocator.java:139)
	io.netty.channel.DefaultMaxMessagesRecvByteBufAllocator$MaxMessageHandle.allocate(DefaultMaxMessagesRecvByteBufAllocator.java:114)
	io.netty.channel.nio.AbstractNioByteChannel$NioByteUnsafe.read(AbstractNioByteChannel.java:147)
	io.netty.channel.nio.NioEventLoop.processSelectedKey(NioEventLoop.java:682)
	io.netty.channel.nio.NioEventLoop.processSelectedKeysOptimized(NioEventLoop.java:617)
	io.netty.channel.nio.NioEventLoop.processSelectedKeys(NioEventLoop.java:534)
	io.netty.channel.nio.NioEventLoop.run(NioEventLoop.java:496)
	io.netty.util.concurrent.SingleThreadEventExecutor$5.run(SingleThreadEventExecutor.java:906)
	io.netty.util.internal.ThreadExecutorMap$2.run(ThreadExecutorMap.java:74)
	io.netty.util.concurrent.FastThreadLocalRunnable.run(FastThreadLocalRunnable.java:30)
	java.lang.Thread.run(Thread.java:748)
: 2 leak records were discarded because they were duplicates
: 13 leak records were discarded because the leak record count is targeted to 4. Use system property io.netty.leakDetection.targetRecords to increase the limit.
22:43:01.601 [reactor-http-nio-8] ERROR i.n.u.ResourceLeakDetector - LEAK: ByteBuf.release() was not called before it's garbage-collected. See http://netty.io/wiki/reference-counted-objects.html for more information.
Recent access records: 
#1:
	io.netty.buffer.AdvancedLeakAwareByteBuf.getByte(AdvancedLeakAwareByteBuf.java:154)
	io.netty.buffer.CompositeByteBuf.getByte(CompositeByteBuf.java:913)
	io.netty.buffer.WrappedCompositeByteBuf.getByte(WrappedCompositeByteBuf.java:652)
	io.netty.buffer.AdvancedLeakAwareCompositeByteBuf.getByte(AdvancedLeakAwareCompositeByteBuf.java:141)
	org.springframework.core.io.buffer.NettyDataBuffer.getByte(NettyDataBuffer.java:132)
	org.springframework.http.codec.multipart.DefaultMultipartMessageReader.toPart(DefaultMultipartMessageReader.java:179)
	reactor.core.publisher.FluxMap$MapConditionalSubscriber.onNext(FluxMap.java:199)
	reactor.core.publisher.FluxTakeWhile$TakeWhileSubscriber.onNext(FluxTakeWhile.java:94)
	reactor.core.publisher.FluxContextStart$ContextStartSubscriber.onNext(FluxContextStart.java:103)
	reactor.core.publisher.FluxMap$MapConditionalSubscriber.onNext(FluxMap.java:213)
	reactor.core.publisher.FluxBufferPredicate$BufferPredicateSubscriber.emit(FluxBufferPredicate.java:290)
	reactor.core.publisher.FluxBufferPredicate$BufferPredicateSubscriber.onNextNewBuffer(FluxBufferPredicate.java:257)
	reactor.core.publisher.FluxBufferPredicate$BufferPredicateSubscriber.tryOnNext(FluxBufferPredicate.java:211)
	reactor.core.publisher.FluxBufferPredicate$BufferPredicateSubscriber.onNext(FluxBufferPredicate.java:184)
	reactor.core.publisher.FluxFlatMap$FlatMapMain.drainLoop(FluxFlatMap.java:664)
	reactor.core.publisher.FluxFlatMap$FlatMapMain.drain(FluxFlatMap.java:540)
	reactor.core.publisher.FluxFlatMap$FlatMapInner.onSubscribe(FluxFlatMap.java:924)
	reactor.core.publisher.FluxIterable.subscribe(FluxIterable.java:139)
	reactor.core.publisher.FluxIterable.subscribe(FluxIterable.java:63)
	reactor.core.publisher.Flux.subscribe(Flux.java:7922)
	reactor.core.publisher.FluxFlatMap$FlatMapMain.onNext(FluxFlatMap.java:389)
	reactor.core.publisher.FluxConcatMap$ConcatMapImmediate.innerNext(FluxConcatMap.java:275)
	reactor.core.publisher.FluxConcatMap$ConcatMapInner.onNext(FluxConcatMap.java:849)
	reactor.core.publisher.FluxConcatMap$WeakScalarSubscription.request(FluxConcatMap.java:470)
	reactor.core.publisher.Operators$MultiSubscriptionSubscriber.set(Operators.java:1939)
	reactor.core.publisher.FluxConcatMap$ConcatMapImmediate.drain(FluxConcatMap.java:436)
	reactor.core.publisher.FluxConcatMap$ConcatMapImmediate.onNext(FluxConcatMap.java:244)
	reactor.core.publisher.FluxMap$MapSubscriber.onNext(FluxMap.java:114)
	reactor.core.publisher.FluxPeek$PeekSubscriber.onNext(FluxPeek.java:192)
	reactor.core.publisher.FluxMap$MapSubscriber.onNext(FluxMap.java:114)
	reactor.netty.channel.FluxReceive.drainReceiver(FluxReceive.java:206)
	reactor.netty.channel.FluxReceive.onInboundNext(FluxReceive.java:322)
	reactor.netty.channel.ChannelOperations.onInboundNext(ChannelOperations.java:335)
	reactor.netty.http.server.HttpServerOperations.onInboundNext(HttpServerOperations.java:456)
	reactor.netty.channel.ChannelOperationsHandler.channelRead(ChannelOperationsHandler.java:91)
	io.netty.channel.AbstractChannelHandlerContext.invokeChannelRead(AbstractChannelHandlerContext.java:374)
	io.netty.channel.AbstractChannelHandlerContext.invokeChannelRead(AbstractChannelHandlerContext.java:360)
	io.netty.channel.AbstractChannelHandlerContext.fireChannelRead(AbstractChannelHandlerContext.java:352)
	reactor.netty.http.server.HttpTrafficHandler.channelRead(HttpTrafficHandler.java:190)
	io.netty.channel.AbstractChannelHandlerContext.invokeChannelRead(AbstractChannelHandlerContext.java:374)
	io.netty.channel.AbstractChannelHandlerContext.invokeChannelRead(AbstractChannelHandlerContext.java:360)
	io.netty.channel.AbstractChannelHandlerContext.fireChannelRead(AbstractChannelHandlerContext.java:352)
	io.netty.channel.CombinedChannelDuplexHandler$DelegatingChannelHandlerContext.fireChannelRead(CombinedChannelDuplexHandler.java:438)
	io.netty.handler.codec.ByteToMessageDecoder.fireChannelRead(ByteToMessageDecoder.java:323)
	io.netty.handler.codec.ByteToMessageDecoder.fireChannelRead(ByteToMessageDecoder.java:310)
	io.netty.handler.codec.ByteToMessageDecoder.callDecode(ByteToMessageDecoder.java:426)
	io.netty.handler.codec.ByteToMessageDecoder.channelRead(ByteToMessageDecoder.java:278)
	io.netty.channel.CombinedChannelDuplexHandler.channelRead(CombinedChannelDuplexHandler.java:253)
	io.netty.channel.AbstractChannelHandlerContext.invokeChannelRead(AbstractChannelHandlerContext.java:374)
	io.netty.channel.AbstractChannelHandlerContext.invokeChannelRead(AbstractChannelHandlerContext.java:360)
	io.netty.channel.AbstractChannelHandlerContext.fireChannelRead(AbstractChannelHandlerContext.java:352)
	io.netty.channel.DefaultChannelPipeline$HeadContext.channelRead(DefaultChannelPipeline.java:1408)
	io.netty.channel.AbstractChannelHandlerContext.invokeChannelRead(AbstractChannelHandlerContext.java:374)
	io.netty.channel.AbstractChannelHandlerContext.invokeChannelRead(AbstractChannelHandlerContext.java:360)
	io.netty.channel.DefaultChannelPipeline.fireChannelRead(DefaultChannelPipeline.java:930)
	io.netty.channel.nio.AbstractNioByteChannel$NioByteUnsafe.read(AbstractNioByteChannel.java:163)
	io.netty.channel.nio.NioEventLoop.processSelectedKey(NioEventLoop.java:682)
	io.netty.channel.nio.NioEventLoop.processSelectedKeysOptimized(NioEventLoop.java:617)
	io.netty.channel.nio.NioEventLoop.processSelectedKeys(NioEventLoop.java:534)
	io.netty.channel.nio.NioEventLoop.run(NioEventLoop.java:496)
	io.netty.util.concurrent.SingleThreadEventExecutor$5.run(SingleThreadEventExecutor.java:906)
	io.netty.util.internal.ThreadExecutorMap$2.run(ThreadExecutorMap.java:74)
	io.netty.util.concurrent.FastThreadLocalRunnable.run(FastThreadLocalRunnable.java:30)
	java.lang.Thread.run(Thread.java:748)
#2:
	io.netty.buffer.AdvancedLeakAwareByteBuf.getByte(AdvancedLeakAwareByteBuf.java:154)
	org.springframework.core.io.buffer.NettyDataBuffer.getByte(NettyDataBuffer.java:132)
	org.springframework.core.io.buffer.DataBufferUtils$KnuthMorrisPrattMatcher.match(DataBufferUtils.java:1005)
	org.springframework.core.io.buffer.DataBufferUtils.endFrameAfterDelimiter(DataBufferUtils.java:634)
	org.springframework.core.io.buffer.DataBufferUtils.lambda$split$18(DataBufferUtils.java:603)
	reactor.core.publisher.FluxFlatMap$FlatMapMain.onNext(FluxFlatMap.java:350)
	reactor.core.publisher.FluxConcatMap$ConcatMapImmediate.innerNext(FluxConcatMap.java:275)
	reactor.core.publisher.FluxConcatMap$ConcatMapInner.onNext(FluxConcatMap.java:849)
	reactor.core.publisher.FluxConcatMap$WeakScalarSubscription.request(FluxConcatMap.java:470)
	reactor.core.publisher.Operators$MultiSubscriptionSubscriber.set(Operators.java:1939)
	reactor.core.publisher.FluxConcatMap$ConcatMapImmediate.drain(FluxConcatMap.java:436)
	reactor.core.publisher.FluxConcatMap$ConcatMapImmediate.onNext(FluxConcatMap.java:244)
	reactor.core.publisher.FluxMap$MapSubscriber.onNext(FluxMap.java:114)
	reactor.core.publisher.FluxPeek$PeekSubscriber.onNext(FluxPeek.java:192)
	reactor.core.publisher.FluxMap$MapSubscriber.onNext(FluxMap.java:114)
	reactor.netty.channel.FluxReceive.drainReceiver(FluxReceive.java:206)
	reactor.netty.channel.FluxReceive.onInboundNext(FluxReceive.java:322)
	reactor.netty.channel.ChannelOperations.onInboundNext(ChannelOperations.java:335)
	reactor.netty.http.server.HttpServerOperations.onInboundNext(HttpServerOperations.java:456)
	reactor.netty.channel.ChannelOperationsHandler.channelRead(ChannelOperationsHandler.java:91)
	io.netty.channel.AbstractChannelHandlerContext.invokeChannelRead(AbstractChannelHandlerContext.java:374)
	io.netty.channel.AbstractChannelHandlerContext.invokeChannelRead(AbstractChannelHandlerContext.java:360)
	io.netty.channel.AbstractChannelHandlerContext.fireChannelRead(AbstractChannelHandlerContext.java:352)
	reactor.netty.http.server.HttpTrafficHandler.channelRead(HttpTrafficHandler.java:190)
	io.netty.channel.AbstractChannelHandlerContext.invokeChannelRead(AbstractChannelHandlerContext.java:374)
	io.netty.channel.AbstractChannelHandlerContext.invokeChannelRead(AbstractChannelHandlerContext.java:360)
	io.netty.channel.AbstractChannelHandlerContext.fireChannelRead(AbstractChannelHandlerContext.java:352)
	io.netty.channel.CombinedChannelDuplexHandler$DelegatingChannelHandlerContext.fireChannelRead(CombinedChannelDuplexHandler.java:438)
	io.netty.handler.codec.ByteToMessageDecoder.fireChannelRead(ByteToMessageDecoder.java:323)
	io.netty.handler.codec.ByteToMessageDecoder.fireChannelRead(ByteToMessageDecoder.java:310)
	io.netty.handler.codec.ByteToMessageDecoder.callDecode(ByteToMessageDecoder.java:426)
	io.netty.handler.codec.ByteToMessageDecoder.channelRead(ByteToMessageDecoder.java:278)
	io.netty.channel.CombinedChannelDuplexHandler.channelRead(CombinedChannelDuplexHandler.java:253)
	io.netty.channel.AbstractChannelHandlerContext.invokeChannelRead(AbstractChannelHandlerContext.java:374)
	io.netty.channel.AbstractChannelHandlerContext.invokeChannelRead(AbstractChannelHandlerContext.java:360)
	io.netty.channel.AbstractChannelHandlerContext.fireChannelRead(AbstractChannelHandlerContext.java:352)
	io.netty.channel.DefaultChannelPipeline$HeadContext.channelRead(DefaultChannelPipeline.java:1408)
	io.netty.channel.AbstractChannelHandlerContext.invokeChannelRead(AbstractChannelHandlerContext.java:374)
	io.netty.channel.AbstractChannelHandlerContext.invokeChannelRead(AbstractChannelHandlerContext.java:360)
	io.netty.channel.DefaultChannelPipeline.fireChannelRead(DefaultChannelPipeline.java:930)
	io.netty.channel.nio.AbstractNioByteChannel$NioByteUnsafe.read(AbstractNioByteChannel.java:163)
	io.netty.channel.nio.NioEventLoop.processSelectedKey(NioEventLoop.java:682)
	io.netty.channel.nio.NioEventLoop.processSelectedKeysOptimized(NioEventLoop.java:617)
	io.netty.channel.nio.NioEventLoop.processSelectedKeys(NioEventLoop.java:534)
	io.netty.channel.nio.NioEventLoop.run(NioEventLoop.java:496)
	io.netty.util.concurrent.SingleThreadEventExecutor$5.run(SingleThreadEventExecutor.java:906)
	io.netty.util.internal.ThreadExecutorMap$2.run(ThreadExecutorMap.java:74)
	io.netty.util.concurrent.FastThreadLocalRunnable.run(FastThreadLocalRunnable.java:30)
	java.lang.Thread.run(Thread.java:748)
#3:
	org.springframework.core.io.buffer.NettyDataBufferFactory.wrap(NettyDataBufferFactory.java:93)
	reactor.core.publisher.FluxMap$MapSubscriber.onNext(FluxMap.java:100)
	reactor.core.publisher.FluxPeek$PeekSubscriber.onNext(FluxPeek.java:192)
	reactor.core.publisher.FluxMap$MapSubscriber.onNext(FluxMap.java:114)
	reactor.netty.channel.FluxReceive.drainReceiver(FluxReceive.java:206)
	reactor.netty.channel.FluxReceive.onInboundNext(FluxReceive.java:322)
	reactor.netty.channel.ChannelOperations.onInboundNext(ChannelOperations.java:335)
	reactor.netty.http.server.HttpServerOperations.onInboundNext(HttpServerOperations.java:456)
	reactor.netty.channel.ChannelOperationsHandler.channelRead(ChannelOperationsHandler.java:91)
	io.netty.channel.AbstractChannelHandlerContext.invokeChannelRead(AbstractChannelHandlerContext.java:374)
	io.netty.channel.AbstractChannelHandlerContext.invokeChannelRead(AbstractChannelHandlerContext.java:360)
	io.netty.channel.AbstractChannelHandlerContext.fireChannelRead(AbstractChannelHandlerContext.java:352)
	reactor.netty.http.server.HttpTrafficHandler.channelRead(HttpTrafficHandler.java:190)
	io.netty.channel.AbstractChannelHandlerContext.invokeChannelRead(AbstractChannelHandlerContext.java:374)
	io.netty.channel.AbstractChannelHandlerContext.invokeChannelRead(AbstractChannelHandlerContext.java:360)
	io.netty.channel.AbstractChannelHandlerContext.fireChannelRead(AbstractChannelHandlerContext.java:352)
	io.netty.channel.CombinedChannelDuplexHandler$DelegatingChannelHandlerContext.fireChannelRead(CombinedChannelDuplexHandler.java:438)
	io.netty.handler.codec.ByteToMessageDecoder.fireChannelRead(ByteToMessageDecoder.java:323)
	io.netty.handler.codec.ByteToMessageDecoder.fireChannelRead(ByteToMessageDecoder.java:310)
	io.netty.handler.codec.ByteToMessageDecoder.callDecode(ByteToMessageDecoder.java:426)
	io.netty.handler.codec.ByteToMessageDecoder.channelRead(ByteToMessageDecoder.java:278)
	io.netty.channel.CombinedChannelDuplexHandler.channelRead(CombinedChannelDuplexHandler.java:253)
	io.netty.channel.AbstractChannelHandlerContext.invokeChannelRead(AbstractChannelHandlerContext.java:374)
	io.netty.channel.AbstractChannelHandlerContext.invokeChannelRead(AbstractChannelHandlerContext.java:360)
	io.netty.channel.AbstractChannelHandlerContext.fireChannelRead(AbstractChannelHandlerContext.java:352)
	io.netty.channel.DefaultChannelPipeline$HeadContext.channelRead(DefaultChannelPipeline.java:1408)
	io.netty.channel.AbstractChannelHandlerContext.invokeChannelRead(AbstractChannelHandlerContext.java:374)
	io.netty.channel.AbstractChannelHandlerContext.invokeChannelRead(AbstractChannelHandlerContext.java:360)
	io.netty.channel.DefaultChannelPipeline.fireChannelRead(DefaultChannelPipeline.java:930)
	io.netty.channel.nio.AbstractNioByteChannel$NioByteUnsafe.read(AbstractNioByteChannel.java:163)
	io.netty.channel.nio.NioEventLoop.processSelectedKey(NioEventLoop.java:682)
	io.netty.channel.nio.NioEventLoop.processSelectedKeysOptimized(NioEventLoop.java:617)
	io.netty.channel.nio.NioEventLoop.processSelectedKeys(NioEventLoop.java:534)
	io.netty.channel.nio.NioEventLoop.run(NioEventLoop.java:496)
	io.netty.util.concurrent.SingleThreadEventExecutor$5.run(SingleThreadEventExecutor.java:906)
	io.netty.util.internal.ThreadExecutorMap$2.run(ThreadExecutorMap.java:74)
	io.netty.util.concurrent.FastThreadLocalRunnable.run(FastThreadLocalRunnable.java:30)
	java.lang.Thread.run(Thread.java:748)
#4:
	reactor.core.publisher.FluxPeek$PeekSubscriber.onNext(FluxPeek.java:177)
	reactor.core.publisher.FluxMap$MapSubscriber.onNext(FluxMap.java:114)
	reactor.netty.channel.FluxReceive.drainReceiver(FluxReceive.java:206)
	reactor.netty.channel.FluxReceive.onInboundNext(FluxReceive.java:322)
	reactor.netty.channel.ChannelOperations.onInboundNext(ChannelOperations.java:335)
	reactor.netty.http.server.HttpServerOperations.onInboundNext(HttpServerOperations.java:456)
	reactor.netty.channel.ChannelOperationsHandler.channelRead(ChannelOperationsHandler.java:91)
	io.netty.channel.AbstractChannelHandlerContext.invokeChannelRead(AbstractChannelHandlerContext.java:374)
	io.netty.channel.AbstractChannelHandlerContext.invokeChannelRead(AbstractChannelHandlerContext.java:360)
	io.netty.channel.AbstractChannelHandlerContext.fireChannelRead(AbstractChannelHandlerContext.java:352)
	reactor.netty.http.server.HttpTrafficHandler.channelRead(HttpTrafficHandler.java:190)
	io.netty.channel.AbstractChannelHandlerContext.invokeChannelRead(AbstractChannelHandlerContext.java:374)
	io.netty.channel.AbstractChannelHandlerContext.invokeChannelRead(AbstractChannelHandlerContext.java:360)
	io.netty.channel.AbstractChannelHandlerContext.fireChannelRead(AbstractChannelHandlerContext.java:352)
	io.netty.channel.CombinedChannelDuplexHandler$DelegatingChannelHandlerContext.fireChannelRead(CombinedChannelDuplexHandler.java:438)
	io.netty.handler.codec.ByteToMessageDecoder.fireChannelRead(ByteToMessageDecoder.java:323)
	io.netty.handler.codec.ByteToMessageDecoder.fireChannelRead(ByteToMessageDecoder.java:310)
	io.netty.handler.codec.ByteToMessageDecoder.callDecode(ByteToMessageDecoder.java:426)
	io.netty.handler.codec.ByteToMessageDecoder.channelRead(ByteToMessageDecoder.java:278)
	io.netty.channel.CombinedChannelDuplexHandler.channelRead(CombinedChannelDuplexHandler.java:253)
	io.netty.channel.AbstractChannelHandlerContext.invokeChannelRead(AbstractChannelHandlerContext.java:374)
	io.netty.channel.AbstractChannelHandlerContext.invokeChannelRead(AbstractChannelHandlerContext.java:360)
	io.netty.channel.AbstractChannelHandlerContext.fireChannelRead(AbstractChannelHandlerContext.java:352)
	io.netty.channel.DefaultChannelPipeline$HeadContext.channelRead(DefaultChannelPipeline.java:1408)
	io.netty.channel.AbstractChannelHandlerContext.invokeChannelRead(AbstractChannelHandlerContext.java:374)
	io.netty.channel.AbstractChannelHandlerContext.invokeChannelRead(AbstractChannelHandlerContext.java:360)
	io.netty.channel.DefaultChannelPipeline.fireChannelRead(DefaultChannelPipeline.java:930)
	io.netty.channel.nio.AbstractNioByteChannel$NioByteUnsafe.read(AbstractNioByteChannel.java:163)
	io.netty.channel.nio.NioEventLoop.processSelectedKey(NioEventLoop.java:682)
	io.netty.channel.nio.NioEventLoop.processSelectedKeysOptimized(NioEventLoop.java:617)
	io.netty.channel.nio.NioEventLoop.processSelectedKeys(NioEventLoop.java:534)
	io.netty.channel.nio.NioEventLoop.run(NioEventLoop.java:496)
	io.netty.util.concurrent.SingleThreadEventExecutor$5.run(SingleThreadEventExecutor.java:906)
	io.netty.util.internal.ThreadExecutorMap$2.run(ThreadExecutorMap.java:74)
	io.netty.util.concurrent.FastThreadLocalRunnable.run(FastThreadLocalRunnable.java:30)
	java.lang.Thread.run(Thread.java:748)
#5:
	Hint: 'reactor.right.reactiveBridge' will handle the message from this point.
	io.netty.handler.codec.http.DefaultHttpContent.touch(DefaultHttpContent.java:88)
	io.netty.handler.codec.http.DefaultHttpContent.touch(DefaultHttpContent.java:24)
	io.netty.channel.DefaultChannelPipeline.touch(DefaultChannelPipeline.java:116)
	io.netty.channel.AbstractChannelHandlerContext.invokeChannelRead(AbstractChannelHandlerContext.java:357)
	io.netty.channel.AbstractChannelHandlerContext.fireChannelRead(AbstractChannelHandlerContext.java:352)
	reactor.netty.http.server.HttpTrafficHandler.channelRead(HttpTrafficHandler.java:190)
	io.netty.channel.AbstractChannelHandlerContext.invokeChannelRead(AbstractChannelHandlerContext.java:374)
	io.netty.channel.AbstractChannelHandlerContext.invokeChannelRead(AbstractChannelHandlerContext.java:360)
	io.netty.channel.AbstractChannelHandlerContext.fireChannelRead(AbstractChannelHandlerContext.java:352)
	io.netty.channel.CombinedChannelDuplexHandler$DelegatingChannelHandlerContext.fireChannelRead(CombinedChannelDuplexHandler.java:438)
	io.netty.handler.codec.ByteToMessageDecoder.fireChannelRead(ByteToMessageDecoder.java:323)
	io.netty.handler.codec.ByteToMessageDecoder.fireChannelRead(ByteToMessageDecoder.java:310)
	io.netty.handler.codec.ByteToMessageDecoder.callDecode(ByteToMessageDecoder.java:426)
	io.netty.handler.codec.ByteToMessageDecoder.channelRead(ByteToMessageDecoder.java:278)
	io.netty.channel.CombinedChannelDuplexHandler.channelRead(CombinedChannelDuplexHandler.java:253)
	io.netty.channel.AbstractChannelHandlerContext.invokeChannelRead(AbstractChannelHandlerContext.java:374)
	io.netty.channel.AbstractChannelHandlerContext.invokeChannelRead(AbstractChannelHandlerContext.java:360)
	io.netty.channel.AbstractChannelHandlerContext.fireChannelRead(AbstractChannelHandlerContext.java:352)
	io.netty.channel.DefaultChannelPipeline$HeadContext.channelRead(DefaultChannelPipeline.java:1408)
	io.netty.channel.AbstractChannelHandlerContext.invokeChannelRead(AbstractChannelHandlerContext.java:374)
	io.netty.channel.AbstractChannelHandlerContext.invokeChannelRead(AbstractChannelHandlerContext.java:360)
	io.netty.channel.DefaultChannelPipeline.fireChannelRead(DefaultChannelPipeline.java:930)
	io.netty.channel.nio.AbstractNioByteChannel$NioByteUnsafe.read(AbstractNioByteChannel.java:163)
	io.netty.channel.nio.NioEventLoop.processSelectedKey(NioEventLoop.java:682)
	io.netty.channel.nio.NioEventLoop.processSelectedKeysOptimized(NioEventLoop.java:617)
	io.netty.channel.nio.NioEventLoop.processSelectedKeys(NioEventLoop.java:534)
	io.netty.channel.nio.NioEventLoop.run(NioEventLoop.java:496)
	io.netty.util.concurrent.SingleThreadEventExecutor$5.run(SingleThreadEventExecutor.java:906)
	io.netty.util.internal.ThreadExecutorMap$2.run(ThreadExecutorMap.java:74)
	io.netty.util.concurrent.FastThreadLocalRunnable.run(FastThreadLocalRunnable.java:30)
	java.lang.Thread.run(Thread.java:748)
#6:
	Hint: 'reactor.left.httpTrafficHandler' will handle the message from this point.
	io.netty.handler.codec.http.DefaultHttpContent.touch(DefaultHttpContent.java:88)
	io.netty.handler.codec.http.DefaultHttpContent.touch(DefaultHttpContent.java:24)
	io.netty.channel.DefaultChannelPipeline.touch(DefaultChannelPipeline.java:116)
	io.netty.channel.AbstractChannelHandlerContext.invokeChannelRead(AbstractChannelHandlerContext.java:357)
	io.netty.channel.AbstractChannelHandlerContext.fireChannelRead(AbstractChannelHandlerContext.java:352)
	io.netty.channel.CombinedChannelDuplexHandler$DelegatingChannelHandlerContext.fireChannelRead(CombinedChannelDuplexHandler.java:438)
	io.netty.handler.codec.ByteToMessageDecoder.fireChannelRead(ByteToMessageDecoder.java:323)
	io.netty.handler.codec.ByteToMessageDecoder.fireChannelRead(ByteToMessageDecoder.java:310)
	io.netty.handler.codec.ByteToMessageDecoder.callDecode(ByteToMessageDecoder.java:426)
	io.netty.handler.codec.ByteToMessageDecoder.channelRead(ByteToMessageDecoder.java:278)
	io.netty.channel.CombinedChannelDuplexHandler.channelRead(CombinedChannelDuplexHandler.java:253)
	io.netty.channel.AbstractChannelHandlerContext.invokeChannelRead(AbstractChannelHandlerContext.java:374)
	io.netty.channel.AbstractChannelHandlerContext.invokeChannelRead(AbstractChannelHandlerContext.java:360)
	io.netty.channel.AbstractChannelHandlerContext.fireChannelRead(AbstractChannelHandlerContext.java:352)
	io.netty.channel.DefaultChannelPipeline$HeadContext.channelRead(DefaultChannelPipeline.java:1408)
	io.netty.channel.AbstractChannelHandlerContext.invokeChannelRead(AbstractChannelHandlerContext.java:374)
	io.netty.channel.AbstractChannelHandlerContext.invokeChannelRead(AbstractChannelHandlerContext.java:360)
	io.netty.channel.DefaultChannelPipeline.fireChannelRead(DefaultChannelPipeline.java:930)
	io.netty.channel.nio.AbstractNioByteChannel$NioByteUnsafe.read(AbstractNioByteChannel.java:163)
	io.netty.channel.nio.NioEventLoop.processSelectedKey(NioEventLoop.java:682)
	io.netty.channel.nio.NioEventLoop.processSelectedKeysOptimized(NioEventLoop.java:617)
	io.netty.channel.nio.NioEventLoop.processSelectedKeys(NioEventLoop.java:534)
	io.netty.channel.nio.NioEventLoop.run(NioEventLoop.java:496)
	io.netty.util.concurrent.SingleThreadEventExecutor$5.run(SingleThreadEventExecutor.java:906)
	io.netty.util.internal.ThreadExecutorMap$2.run(ThreadExecutorMap.java:74)
	io.netty.util.concurrent.FastThreadLocalRunnable.run(FastThreadLocalRunnable.java:30)
	java.lang.Thread.run(Thread.java:748)
Created at:
	io.netty.buffer.SimpleLeakAwareByteBuf.unwrappedDerived(SimpleLeakAwareByteBuf.java:143)
	io.netty.buffer.SimpleLeakAwareByteBuf.readRetainedSlice(SimpleLeakAwareByteBuf.java:67)
	io.netty.buffer.AdvancedLeakAwareByteBuf.readRetainedSlice(AdvancedLeakAwareByteBuf.java:107)
	io.netty.handler.codec.http.HttpObjectDecoder.decode(HttpObjectDecoder.java:336)
	io.netty.handler.codec.http.HttpServerCodec$HttpServerRequestDecoder.decode(HttpServerCodec.java:103)
	io.netty.handler.codec.ByteToMessageDecoder.decodeRemovalReentryProtection(ByteToMessageDecoder.java:502)
	io.netty.handler.codec.ByteToMessageDecoder.callDecode(ByteToMessageDecoder.java:441)
	io.netty.handler.codec.ByteToMessageDecoder.channelRead(ByteToMessageDecoder.java:278)
	io.netty.channel.CombinedChannelDuplexHandler.channelRead(CombinedChannelDuplexHandler.java:253)
	io.netty.channel.AbstractChannelHandlerContext.invokeChannelRead(AbstractChannelHandlerContext.java:374)
	io.netty.channel.AbstractChannelHandlerContext.invokeChannelRead(AbstractChannelHandlerContext.java:360)
	io.netty.channel.AbstractChannelHandlerContext.fireChannelRead(AbstractChannelHandlerContext.java:352)
	io.netty.channel.DefaultChannelPipeline$HeadContext.channelRead(DefaultChannelPipeline.java:1408)
	io.netty.channel.AbstractChannelHandlerContext.invokeChannelRead(AbstractChannelHandlerContext.java:374)
	io.netty.channel.AbstractChannelHandlerContext.invokeChannelRead(AbstractChannelHandlerContext.java:360)
	io.netty.channel.DefaultChannelPipeline.fireChannelRead(DefaultChannelPipeline.java:930)
	io.netty.channel.nio.AbstractNioByteChannel$NioByteUnsafe.read(AbstractNioByteChannel.java:163)
	io.netty.channel.nio.NioEventLoop.processSelectedKey(NioEventLoop.java:682)
	io.netty.channel.nio.NioEventLoop.processSelectedKeysOptimized(NioEventLoop.java:617)
	io.netty.channel.nio.NioEventLoop.processSelectedKeys(NioEventLoop.java:534)
	io.netty.channel.nio.NioEventLoop.run(NioEventLoop.java:496)
	io.netty.util.concurrent.SingleThreadEventExecutor$5.run(SingleThreadEventExecutor.java:906)
	io.netty.util.internal.ThreadExecutorMap$2.run(ThreadExecutorMap.java:74)
	io.netty.util.concurrent.FastThreadLocalRunnable.run(FastThreadLocalRunnable.java:30)
	java.lang.Thread.run(Thread.java:748)
: 3 leak records were discarded because they were duplicates
: 45 leak records were discarded because the leak record count is targeted to 4. Use system property io.netty.leakDetection.targetRecords to increase the limit.
22:43:01.605 [reactor-http-nio-8] ERROR i.n.u.ResourceLeakDetector - LEAK: ByteBuf.release() was not called before it's garbage-collected. See http://netty.io/wiki/reference-counted-objects.html for more information.
Recent access records: 
#1:
	io.netty.buffer.AdvancedLeakAwareByteBuf.order(AdvancedLeakAwareByteBuf.java:70)
	io.netty.buffer.CompositeByteBuf.newComponent(CompositeByteBuf.java:318)
	io.netty.buffer.CompositeByteBuf.addComponent0(CompositeByteBuf.java:280)
	io.netty.buffer.CompositeByteBuf.addComponent(CompositeByteBuf.java:265)
	io.netty.buffer.CompositeByteBuf.addComponent(CompositeByteBuf.java:222)
	io.netty.buffer.WrappedCompositeByteBuf.addComponent(WrappedCompositeByteBuf.java:529)
	io.netty.buffer.AdvancedLeakAwareCompositeByteBuf.addComponent(AdvancedLeakAwareCompositeByteBuf.java:921)
	org.springframework.core.io.buffer.NettyDataBufferFactory.join(NettyDataBufferFactory.java:111)
	org.springframework.core.io.buffer.DataBufferUtils.joinAndStrip(DataBufferUtils.java:686)
	org.springframework.core.io.buffer.DataBufferUtils.lambda$split$20(DataBufferUtils.java:605)
	reactor.core.publisher.FluxMap$MapConditionalSubscriber.onNext(FluxMap.java:199)
	reactor.core.publisher.FluxBufferPredicate$BufferPredicateSubscriber.emit(FluxBufferPredicate.java:290)
	reactor.core.publisher.FluxBufferPredicate$BufferPredicateSubscriber.onNextNewBuffer(FluxBufferPredicate.java:257)
	reactor.core.publisher.FluxBufferPredicate$BufferPredicateSubscriber.tryOnNext(FluxBufferPredicate.java:211)
	reactor.core.publisher.FluxBufferPredicate$BufferPredicateSubscriber.onNext(FluxBufferPredicate.java:184)
	reactor.core.publisher.FluxFlatMap$FlatMapMain.drainLoop(FluxFlatMap.java:664)
	reactor.core.publisher.FluxFlatMap$FlatMapMain.drain(FluxFlatMap.java:540)
	reactor.core.publisher.FluxFlatMap$FlatMapInner.onSubscribe(FluxFlatMap.java:924)
	reactor.core.publisher.FluxIterable.subscribe(FluxIterable.java:139)
	reactor.core.publisher.FluxIterable.subscribe(FluxIterable.java:63)
	reactor.core.publisher.Flux.subscribe(Flux.java:7922)
	reactor.core.publisher.FluxFlatMap$FlatMapMain.onNext(FluxFlatMap.java:389)
	reactor.core.publisher.FluxConcatMap$ConcatMapImmediate.innerNext(FluxConcatMap.java:275)
	reactor.core.publisher.FluxConcatMap$ConcatMapInner.onNext(FluxConcatMap.java:849)
	reactor.core.publisher.FluxConcatMap$WeakScalarSubscription.request(FluxConcatMap.java:470)
	reactor.core.publisher.Operators$MultiSubscriptionSubscriber.set(Operators.java:1939)
	reactor.core.publisher.FluxConcatMap$ConcatMapImmediate.drain(FluxConcatMap.java:436)
	reactor.core.publisher.FluxConcatMap$ConcatMapImmediate.onNext(FluxConcatMap.java:244)
	reactor.core.publisher.FluxMap$MapSubscriber.onNext(FluxMap.java:114)
	reactor.core.publisher.FluxPeek$PeekSubscriber.onNext(FluxPeek.java:192)
	reactor.core.publisher.FluxMap$MapSubscriber.onNext(FluxMap.java:114)
	reactor.netty.channel.FluxReceive.drainReceiver(FluxReceive.java:206)
	reactor.netty.channel.FluxReceive.onInboundNext(FluxReceive.java:322)
	reactor.netty.channel.ChannelOperations.onInboundNext(ChannelOperations.java:335)
	reactor.netty.http.server.HttpServerOperations.onInboundNext(HttpServerOperations.java:456)
	reactor.netty.channel.ChannelOperationsHandler.channelRead(ChannelOperationsHandler.java:91)
	io.netty.channel.AbstractChannelHandlerContext.invokeChannelRead(AbstractChannelHandlerContext.java:374)
	io.netty.channel.AbstractChannelHandlerContext.invokeChannelRead(AbstractChannelHandlerContext.java:360)
	io.netty.channel.AbstractChannelHandlerContext.fireChannelRead(AbstractChannelHandlerContext.java:352)
	reactor.netty.http.server.HttpTrafficHandler.channelRead(HttpTrafficHandler.java:190)
	io.netty.channel.AbstractChannelHandlerContext.invokeChannelRead(AbstractChannelHandlerContext.java:374)
	io.netty.channel.AbstractChannelHandlerContext.invokeChannelRead(AbstractChannelHandlerContext.java:360)
	io.netty.channel.AbstractChannelHandlerContext.fireChannelRead(AbstractChannelHandlerContext.java:352)
	io.netty.channel.CombinedChannelDuplexHandler$DelegatingChannelHandlerContext.fireChannelRead(CombinedChannelDuplexHandler.java:438)
	io.netty.handler.codec.ByteToMessageDecoder.fireChannelRead(ByteToMessageDecoder.java:323)
	io.netty.handler.codec.ByteToMessageDecoder.fireChannelRead(ByteToMessageDecoder.java:310)
	io.netty.handler.codec.ByteToMessageDecoder.callDecode(ByteToMessageDecoder.java:426)
	io.netty.handler.codec.ByteToMessageDecoder.channelRead(ByteToMessageDecoder.java:278)
	io.netty.channel.CombinedChannelDuplexHandler.channelRead(CombinedChannelDuplexHandler.java:253)
	io.netty.channel.AbstractChannelHandlerContext.invokeChannelRead(AbstractChannelHandlerContext.java:374)
	io.netty.channel.AbstractChannelHandlerContext.invokeChannelRead(AbstractChannelHandlerContext.java:360)
	io.netty.channel.AbstractChannelHandlerContext.fireChannelRead(AbstractChannelHandlerContext.java:352)
	io.netty.channel.DefaultChannelPipeline$HeadContext.channelRead(DefaultChannelPipeline.java:1408)
	io.netty.channel.AbstractChannelHandlerContext.invokeChannelRead(AbstractChannelHandlerContext.java:374)
	io.netty.channel.AbstractChannelHandlerContext.invokeChannelRead(AbstractChannelHandlerContext.java:360)
	io.netty.channel.DefaultChannelPipeline.fireChannelRead(DefaultChannelPipeline.java:930)
	io.netty.channel.nio.AbstractNioByteChannel$NioByteUnsafe.read(AbstractNioByteChannel.java:163)
	io.netty.channel.nio.NioEventLoop.processSelectedKey(NioEventLoop.java:682)
	io.netty.channel.nio.NioEventLoop.processSelectedKeysOptimized(NioEventLoop.java:617)
	io.netty.channel.nio.NioEventLoop.processSelectedKeys(NioEventLoop.java:534)
	io.netty.channel.nio.NioEventLoop.run(NioEventLoop.java:496)
	io.netty.util.concurrent.SingleThreadEventExecutor$5.run(SingleThreadEventExecutor.java:906)
	io.netty.util.internal.ThreadExecutorMap$2.run(ThreadExecutorMap.java:74)
	io.netty.util.concurrent.FastThreadLocalRunnable.run(FastThreadLocalRunnable.java:30)
	java.lang.Thread.run(Thread.java:748)
#2:
	io.netty.buffer.AdvancedLeakAwareByteBuf.getByte(AdvancedLeakAwareByteBuf.java:154)
	org.springframework.core.io.buffer.NettyDataBuffer.getByte(NettyDataBuffer.java:132)
	org.springframework.core.io.buffer.DataBufferUtils$KnuthMorrisPrattMatcher.match(DataBufferUtils.java:1005)
	org.springframework.core.io.buffer.DataBufferUtils.endFrameAfterDelimiter(DataBufferUtils.java:634)
	org.springframework.core.io.buffer.DataBufferUtils.lambda$split$18(DataBufferUtils.java:603)
	reactor.core.publisher.FluxFlatMap$FlatMapMain.onNext(FluxFlatMap.java:350)
	reactor.core.publisher.FluxConcatMap$ConcatMapImmediate.innerNext(FluxConcatMap.java:275)
	reactor.core.publisher.FluxConcatMap$ConcatMapInner.onNext(FluxConcatMap.java:849)
	reactor.core.publisher.FluxConcatMap$WeakScalarSubscription.request(FluxConcatMap.java:470)
	reactor.core.publisher.Operators$MultiSubscriptionSubscriber.set(Operators.java:1939)
	reactor.core.publisher.FluxConcatMap$ConcatMapImmediate.drain(FluxConcatMap.java:436)
	reactor.core.publisher.FluxConcatMap$ConcatMapImmediate.onNext(FluxConcatMap.java:244)
	reactor.core.publisher.FluxMap$MapSubscriber.onNext(FluxMap.java:114)
	reactor.core.publisher.FluxPeek$PeekSubscriber.onNext(FluxPeek.java:192)
	reactor.core.publisher.FluxMap$MapSubscriber.onNext(FluxMap.java:114)
	reactor.netty.channel.FluxReceive.drainReceiver(FluxReceive.java:206)
	reactor.netty.channel.FluxReceive.onInboundNext(FluxReceive.java:322)
	reactor.netty.channel.ChannelOperations.onInboundNext(ChannelOperations.java:335)
	reactor.netty.http.server.HttpServerOperations.onInboundNext(HttpServerOperations.java:456)
	reactor.netty.channel.ChannelOperationsHandler.channelRead(ChannelOperationsHandler.java:91)
	io.netty.channel.AbstractChannelHandlerContext.invokeChannelRead(AbstractChannelHandlerContext.java:374)
	io.netty.channel.AbstractChannelHandlerContext.invokeChannelRead(AbstractChannelHandlerContext.java:360)
	io.netty.channel.AbstractChannelHandlerContext.fireChannelRead(AbstractChannelHandlerContext.java:352)
	reactor.netty.http.server.HttpTrafficHandler.channelRead(HttpTrafficHandler.java:190)
	io.netty.channel.AbstractChannelHandlerContext.invokeChannelRead(AbstractChannelHandlerContext.java:374)
	io.netty.channel.AbstractChannelHandlerContext.invokeChannelRead(AbstractChannelHandlerContext.java:360)
	io.netty.channel.AbstractChannelHandlerContext.fireChannelRead(AbstractChannelHandlerContext.java:352)
	io.netty.channel.CombinedChannelDuplexHandler$DelegatingChannelHandlerContext.fireChannelRead(CombinedChannelDuplexHandler.java:438)
	io.netty.handler.codec.ByteToMessageDecoder.fireChannelRead(ByteToMessageDecoder.java:323)
	io.netty.handler.codec.ByteToMessageDecoder.channelRead(ByteToMessageDecoder.java:297)
	io.netty.channel.CombinedChannelDuplexHandler.channelRead(CombinedChannelDuplexHandler.java:253)
	io.netty.channel.AbstractChannelHandlerContext.invokeChannelRead(AbstractChannelHandlerContext.java:374)
	io.netty.channel.AbstractChannelHandlerContext.invokeChannelRead(AbstractChannelHandlerContext.java:360)
	io.netty.channel.AbstractChannelHandlerContext.fireChannelRead(AbstractChannelHandlerContext.java:352)
	io.netty.channel.DefaultChannelPipeline$HeadContext.channelRead(DefaultChannelPipeline.java:1408)
	io.netty.channel.AbstractChannelHandlerContext.invokeChannelRead(AbstractChannelHandlerContext.java:374)
	io.netty.channel.AbstractChannelHandlerContext.invokeChannelRead(AbstractChannelHandlerContext.java:360)
	io.netty.channel.DefaultChannelPipeline.fireChannelRead(DefaultChannelPipeline.java:930)
	io.netty.channel.nio.AbstractNioByteChannel$NioByteUnsafe.read(AbstractNioByteChannel.java:163)
	io.netty.channel.nio.NioEventLoop.processSelectedKey(NioEventLoop.java:682)
	io.netty.channel.nio.NioEventLoop.processSelectedKeysOptimized(NioEventLoop.java:617)
	io.netty.channel.nio.NioEventLoop.processSelectedKeys(NioEventLoop.java:534)
	io.netty.channel.nio.NioEventLoop.run(NioEventLoop.java:496)
	io.netty.util.concurrent.SingleThreadEventExecutor$5.run(SingleThreadEventExecutor.java:906)
	io.netty.util.internal.ThreadExecutorMap$2.run(ThreadExecutorMap.java:74)
	io.netty.util.concurrent.FastThreadLocalRunnable.run(FastThreadLocalRunnable.java:30)
	java.lang.Thread.run(Thread.java:748)
#3:
	org.springframework.core.io.buffer.NettyDataBufferFactory.wrap(NettyDataBufferFactory.java:93)
	reactor.core.publisher.FluxMap$MapSubscriber.onNext(FluxMap.java:100)
	reactor.core.publisher.FluxPeek$PeekSubscriber.onNext(FluxPeek.java:192)
	reactor.core.publisher.FluxMap$MapSubscriber.onNext(FluxMap.java:114)
	reactor.netty.channel.FluxReceive.drainReceiver(FluxReceive.java:206)
	reactor.netty.channel.FluxReceive.onInboundNext(FluxReceive.java:322)
	reactor.netty.channel.ChannelOperations.onInboundNext(ChannelOperations.java:335)
	reactor.netty.http.server.HttpServerOperations.onInboundNext(HttpServerOperations.java:456)
	reactor.netty.channel.ChannelOperationsHandler.channelRead(ChannelOperationsHandler.java:91)
	io.netty.channel.AbstractChannelHandlerContext.invokeChannelRead(AbstractChannelHandlerContext.java:374)
	io.netty.channel.AbstractChannelHandlerContext.invokeChannelRead(AbstractChannelHandlerContext.java:360)
	io.netty.channel.AbstractChannelHandlerContext.fireChannelRead(AbstractChannelHandlerContext.java:352)
	reactor.netty.http.server.HttpTrafficHandler.channelRead(HttpTrafficHandler.java:190)
	io.netty.channel.AbstractChannelHandlerContext.invokeChannelRead(AbstractChannelHandlerContext.java:374)
	io.netty.channel.AbstractChannelHandlerContext.invokeChannelRead(AbstractChannelHandlerContext.java:360)
	io.netty.channel.AbstractChannelHandlerContext.fireChannelRead(AbstractChannelHandlerContext.java:352)
	io.netty.channel.CombinedChannelDuplexHandler$DelegatingChannelHandlerContext.fireChannelRead(CombinedChannelDuplexHandler.java:438)
	io.netty.handler.codec.ByteToMessageDecoder.fireChannelRead(ByteToMessageDecoder.java:323)
	io.netty.handler.codec.ByteToMessageDecoder.channelRead(ByteToMessageDecoder.java:297)
	io.netty.channel.CombinedChannelDuplexHandler.channelRead(CombinedChannelDuplexHandler.java:253)
	io.netty.channel.AbstractChannelHandlerContext.invokeChannelRead(AbstractChannelHandlerContext.java:374)
	io.netty.channel.AbstractChannelHandlerContext.invokeChannelRead(AbstractChannelHandlerContext.java:360)
	io.netty.channel.AbstractChannelHandlerContext.fireChannelRead(AbstractChannelHandlerContext.java:352)
	io.netty.channel.DefaultChannelPipeline$HeadContext.channelRead(DefaultChannelPipeline.java:1408)
	io.netty.channel.AbstractChannelHandlerContext.invokeChannelRead(AbstractChannelHandlerContext.java:374)
	io.netty.channel.AbstractChannelHandlerContext.invokeChannelRead(AbstractChannelHandlerContext.java:360)
	io.netty.channel.DefaultChannelPipeline.fireChannelRead(DefaultChannelPipeline.java:930)
	io.netty.channel.nio.AbstractNioByteChannel$NioByteUnsafe.read(AbstractNioByteChannel.java:163)
	io.netty.channel.nio.NioEventLoop.processSelectedKey(NioEventLoop.java:682)
	io.netty.channel.nio.NioEventLoop.processSelectedKeysOptimized(NioEventLoop.java:617)
	io.netty.channel.nio.NioEventLoop.processSelectedKeys(NioEventLoop.java:534)
	io.netty.channel.nio.NioEventLoop.run(NioEventLoop.java:496)
	io.netty.util.concurrent.SingleThreadEventExecutor$5.run(SingleThreadEventExecutor.java:906)
	io.netty.util.internal.ThreadExecutorMap$2.run(ThreadExecutorMap.java:74)
	io.netty.util.concurrent.FastThreadLocalRunnable.run(FastThreadLocalRunnable.java:30)
	java.lang.Thread.run(Thread.java:748)
#4:
	reactor.core.publisher.FluxPeek$PeekSubscriber.onNext(FluxPeek.java:177)
	reactor.core.publisher.FluxMap$MapSubscriber.onNext(FluxMap.java:114)
	reactor.netty.channel.FluxReceive.drainReceiver(FluxReceive.java:206)
	reactor.netty.channel.FluxReceive.onInboundNext(FluxReceive.java:322)
	reactor.netty.channel.ChannelOperations.onInboundNext(ChannelOperations.java:335)
	reactor.netty.http.server.HttpServerOperations.onInboundNext(HttpServerOperations.java:456)
	reactor.netty.channel.ChannelOperationsHandler.channelRead(ChannelOperationsHandler.java:91)
	io.netty.channel.AbstractChannelHandlerContext.invokeChannelRead(AbstractChannelHandlerContext.java:374)
	io.netty.channel.AbstractChannelHandlerContext.invokeChannelRead(AbstractChannelHandlerContext.java:360)
	io.netty.channel.AbstractChannelHandlerContext.fireChannelRead(AbstractChannelHandlerContext.java:352)
	reactor.netty.http.server.HttpTrafficHandler.channelRead(HttpTrafficHandler.java:190)
	io.netty.channel.AbstractChannelHandlerContext.invokeChannelRead(AbstractChannelHandlerContext.java:374)
	io.netty.channel.AbstractChannelHandlerContext.invokeChannelRead(AbstractChannelHandlerContext.java:360)
	io.netty.channel.AbstractChannelHandlerContext.fireChannelRead(AbstractChannelHandlerContext.java:352)
	io.netty.channel.CombinedChannelDuplexHandler$DelegatingChannelHandlerContext.fireChannelRead(CombinedChannelDuplexHandler.java:438)
	io.netty.handler.codec.ByteToMessageDecoder.fireChannelRead(ByteToMessageDecoder.java:323)
	io.netty.handler.codec.ByteToMessageDecoder.channelRead(ByteToMessageDecoder.java:297)
	io.netty.channel.CombinedChannelDuplexHandler.channelRead(CombinedChannelDuplexHandler.java:253)
	io.netty.channel.AbstractChannelHandlerContext.invokeChannelRead(AbstractChannelHandlerContext.java:374)
	io.netty.channel.AbstractChannelHandlerContext.invokeChannelRead(AbstractChannelHandlerContext.java:360)
	io.netty.channel.AbstractChannelHandlerContext.fireChannelRead(AbstractChannelHandlerContext.java:352)
	io.netty.channel.DefaultChannelPipeline$HeadContext.channelRead(DefaultChannelPipeline.java:1408)
	io.netty.channel.AbstractChannelHandlerContext.invokeChannelRead(AbstractChannelHandlerContext.java:374)
	io.netty.channel.AbstractChannelHandlerContext.invokeChannelRead(AbstractChannelHandlerContext.java:360)
	io.netty.channel.DefaultChannelPipeline.fireChannelRead(DefaultChannelPipeline.java:930)
	io.netty.channel.nio.AbstractNioByteChannel$NioByteUnsafe.read(AbstractNioByteChannel.java:163)
	io.netty.channel.nio.NioEventLoop.processSelectedKey(NioEventLoop.java:682)
	io.netty.channel.nio.NioEventLoop.processSelectedKeysOptimized(NioEventLoop.java:617)
	io.netty.channel.nio.NioEventLoop.processSelectedKeys(NioEventLoop.java:534)
	io.netty.channel.nio.NioEventLoop.run(NioEventLoop.java:496)
	io.netty.util.concurrent.SingleThreadEventExecutor$5.run(SingleThreadEventExecutor.java:906)
	io.netty.util.internal.ThreadExecutorMap$2.run(ThreadExecutorMap.java:74)
	io.netty.util.concurrent.FastThreadLocalRunnable.run(FastThreadLocalRunnable.java:30)
	java.lang.Thread.run(Thread.java:748)
#5:
	Hint: 'reactor.right.reactiveBridge' will handle the message from this point.
	io.netty.handler.codec.http.DefaultHttpContent.touch(DefaultHttpContent.java:88)
	io.netty.handler.codec.http.DefaultHttpContent.touch(DefaultHttpContent.java:24)
	io.netty.channel.DefaultChannelPipeline.touch(DefaultChannelPipeline.java:116)
	io.netty.channel.AbstractChannelHandlerContext.invokeChannelRead(AbstractChannelHandlerContext.java:357)
	io.netty.channel.AbstractChannelHandlerContext.fireChannelRead(AbstractChannelHandlerContext.java:352)
	reactor.netty.http.server.HttpTrafficHandler.channelRead(HttpTrafficHandler.java:190)
	io.netty.channel.AbstractChannelHandlerContext.invokeChannelRead(AbstractChannelHandlerContext.java:374)
	io.netty.channel.AbstractChannelHandlerContext.invokeChannelRead(AbstractChannelHandlerContext.java:360)
	io.netty.channel.AbstractChannelHandlerContext.fireChannelRead(AbstractChannelHandlerContext.java:352)
	io.netty.channel.CombinedChannelDuplexHandler$DelegatingChannelHandlerContext.fireChannelRead(CombinedChannelDuplexHandler.java:438)
	io.netty.handler.codec.ByteToMessageDecoder.fireChannelRead(ByteToMessageDecoder.java:323)
	io.netty.handler.codec.ByteToMessageDecoder.channelRead(ByteToMessageDecoder.java:297)
	io.netty.channel.CombinedChannelDuplexHandler.channelRead(CombinedChannelDuplexHandler.java:253)
	io.netty.channel.AbstractChannelHandlerContext.invokeChannelRead(AbstractChannelHandlerContext.java:374)
	io.netty.channel.AbstractChannelHandlerContext.invokeChannelRead(AbstractChannelHandlerContext.java:360)
	io.netty.channel.AbstractChannelHandlerContext.fireChannelRead(AbstractChannelHandlerContext.java:352)
	io.netty.channel.DefaultChannelPipeline$HeadContext.channelRead(DefaultChannelPipeline.java:1408)
	io.netty.channel.AbstractChannelHandlerContext.invokeChannelRead(AbstractChannelHandlerContext.java:374)
	io.netty.channel.AbstractChannelHandlerContext.invokeChannelRead(AbstractChannelHandlerContext.java:360)
	io.netty.channel.DefaultChannelPipeline.fireChannelRead(DefaultChannelPipeline.java:930)
	io.netty.channel.nio.AbstractNioByteChannel$NioByteUnsafe.read(AbstractNioByteChannel.java:163)
	io.netty.channel.nio.NioEventLoop.processSelectedKey(NioEventLoop.java:682)
	io.netty.channel.nio.NioEventLoop.processSelectedKeysOptimized(NioEventLoop.java:617)
	io.netty.channel.nio.NioEventLoop.processSelectedKeys(NioEventLoop.java:534)
	io.netty.channel.nio.NioEventLoop.run(NioEventLoop.java:496)
	io.netty.util.concurrent.SingleThreadEventExecutor$5.run(SingleThreadEventExecutor.java:906)
	io.netty.util.internal.ThreadExecutorMap$2.run(ThreadExecutorMap.java:74)
	io.netty.util.concurrent.FastThreadLocalRunnable.run(FastThreadLocalRunnable.java:30)
	java.lang.Thread.run(Thread.java:748)
#6:
	Hint: 'reactor.left.httpTrafficHandler' will handle the message from this point.
	io.netty.handler.codec.http.DefaultHttpContent.touch(DefaultHttpContent.java:88)
	io.netty.handler.codec.http.DefaultHttpContent.touch(DefaultHttpContent.java:24)
	io.netty.channel.DefaultChannelPipeline.touch(DefaultChannelPipeline.java:116)
	io.netty.channel.AbstractChannelHandlerContext.invokeChannelRead(AbstractChannelHandlerContext.java:357)
	io.netty.channel.AbstractChannelHandlerContext.fireChannelRead(AbstractChannelHandlerContext.java:352)
	io.netty.channel.CombinedChannelDuplexHandler$DelegatingChannelHandlerContext.fireChannelRead(CombinedChannelDuplexHandler.java:438)
	io.netty.handler.codec.ByteToMessageDecoder.fireChannelRead(ByteToMessageDecoder.java:323)
	io.netty.handler.codec.ByteToMessageDecoder.channelRead(ByteToMessageDecoder.java:297)
	io.netty.channel.CombinedChannelDuplexHandler.channelRead(CombinedChannelDuplexHandler.java:253)
	io.netty.channel.AbstractChannelHandlerContext.invokeChannelRead(AbstractChannelHandlerContext.java:374)
	io.netty.channel.AbstractChannelHandlerContext.invokeChannelRead(AbstractChannelHandlerContext.java:360)
	io.netty.channel.AbstractChannelHandlerContext.fireChannelRead(AbstractChannelHandlerContext.java:352)
	io.netty.channel.DefaultChannelPipeline$HeadContext.channelRead(DefaultChannelPipeline.java:1408)
	io.netty.channel.AbstractChannelHandlerContext.invokeChannelRead(AbstractChannelHandlerContext.java:374)
	io.netty.channel.AbstractChannelHandlerContext.invokeChannelRead(AbstractChannelHandlerContext.java:360)
	io.netty.channel.DefaultChannelPipeline.fireChannelRead(DefaultChannelPipeline.java:930)
	io.netty.channel.nio.AbstractNioByteChannel$NioByteUnsafe.read(AbstractNioByteChannel.java:163)
	io.netty.channel.nio.NioEventLoop.processSelectedKey(NioEventLoop.java:682)
	io.netty.channel.nio.NioEventLoop.processSelectedKeysOptimized(NioEventLoop.java:617)
	io.netty.channel.nio.NioEventLoop.processSelectedKeys(NioEventLoop.java:534)
	io.netty.channel.nio.NioEventLoop.run(NioEventLoop.java:496)
	io.netty.util.concurrent.SingleThreadEventExecutor$5.run(SingleThreadEventExecutor.java:906)
	io.netty.util.internal.ThreadExecutorMap$2.run(ThreadExecutorMap.java:74)
	io.netty.util.concurrent.FastThreadLocalRunnable.run(FastThreadLocalRunnable.java:30)
	java.lang.Thread.run(Thread.java:748)
Created at:
	io.netty.buffer.SimpleLeakAwareByteBuf.unwrappedDerived(SimpleLeakAwareByteBuf.java:143)
	io.netty.buffer.SimpleLeakAwareByteBuf.readRetainedSlice(SimpleLeakAwareByteBuf.java:67)
	io.netty.buffer.AdvancedLeakAwareByteBuf.readRetainedSlice(AdvancedLeakAwareByteBuf.java:107)
	io.netty.handler.codec.http.HttpObjectDecoder.decode(HttpObjectDecoder.java:336)
	io.netty.handler.codec.http.HttpServerCodec$HttpServerRequestDecoder.decode(HttpServerCodec.java:103)
	io.netty.handler.codec.ByteToMessageDecoder.decodeRemovalReentryProtection(ByteToMessageDecoder.java:502)
	io.netty.handler.codec.ByteToMessageDecoder.callDecode(ByteToMessageDecoder.java:441)
	io.netty.handler.codec.ByteToMessageDecoder.channelRead(ByteToMessageDecoder.java:278)
	io.netty.channel.CombinedChannelDuplexHandler.channelRead(CombinedChannelDuplexHandler.java:253)
	io.netty.channel.AbstractChannelHandlerContext.invokeChannelRead(AbstractChannelHandlerContext.java:374)
	io.netty.channel.AbstractChannelHandlerContext.invokeChannelRead(AbstractChannelHandlerContext.java:360)
	io.netty.channel.AbstractChannelHandlerContext.fireChannelRead(AbstractChannelHandlerContext.java:352)
	io.netty.channel.DefaultChannelPipeline$HeadContext.channelRead(DefaultChannelPipeline.java:1408)
	io.netty.channel.AbstractChannelHandlerContext.invokeChannelRead(AbstractChannelHandlerContext.java:374)
	io.netty.channel.AbstractChannelHandlerContext.invokeChannelRead(AbstractChannelHandlerContext.java:360)
	io.netty.channel.DefaultChannelPipeline.fireChannelRead(DefaultChannelPipeline.java:930)
	io.netty.channel.nio.AbstractNioByteChannel$NioByteUnsafe.read(AbstractNioByteChannel.java:163)
	io.netty.channel.nio.NioEventLoop.processSelectedKey(NioEventLoop.java:682)
	io.netty.channel.nio.NioEventLoop.processSelectedKeysOptimized(NioEventLoop.java:617)
	io.netty.channel.nio.NioEventLoop.processSelectedKeys(NioEventLoop.java:534)
	io.netty.channel.nio.NioEventLoop.run(NioEventLoop.java:496)
	io.netty.util.concurrent.SingleThreadEventExecutor$5.run(SingleThreadEventExecutor.java:906)
	io.netty.util.internal.ThreadExecutorMap$2.run(ThreadExecutorMap.java:74)
	io.netty.util.concurrent.FastThreadLocalRunnable.run(FastThreadLocalRunnable.java:30)
	java.lang.Thread.run(Thread.java:748)
: 4 leak records were discarded because they were duplicates
: 299 leak records were discarded because the leak record count is targeted to 4. Use system property io.netty.leakDetection.targetRecords to increase the limit.
22:43:01.608 [reactor-http-nio-8] ERROR i.n.u.ResourceLeakDetector - LEAK: ByteBuf.release() was not called before it's garbage-collected. See http://netty.io/wiki/reference-counted-objects.html for more information.
Recent access records: 
#1:
	io.netty.buffer.AdvancedLeakAwareByteBuf.order(AdvancedLeakAwareByteBuf.java:70)
	io.netty.buffer.CompositeByteBuf.newComponent(CompositeByteBuf.java:318)
	io.netty.buffer.CompositeByteBuf.addComponent0(CompositeByteBuf.java:280)
	io.netty.buffer.CompositeByteBuf.addComponent(CompositeByteBuf.java:265)
	io.netty.buffer.CompositeByteBuf.addComponent(CompositeByteBuf.java:222)
	io.netty.buffer.WrappedCompositeByteBuf.addComponent(WrappedCompositeByteBuf.java:529)
	io.netty.buffer.AdvancedLeakAwareCompositeByteBuf.addComponent(AdvancedLeakAwareCompositeByteBuf.java:921)
	org.springframework.core.io.buffer.NettyDataBufferFactory.join(NettyDataBufferFactory.java:111)
	org.springframework.core.io.buffer.DataBufferUtils.joinAndStrip(DataBufferUtils.java:686)
	org.springframework.core.io.buffer.DataBufferUtils.lambda$split$20(DataBufferUtils.java:605)
	reactor.core.publisher.FluxMap$MapConditionalSubscriber.onNext(FluxMap.java:199)
	reactor.core.publisher.FluxBufferPredicate$BufferPredicateSubscriber.emit(FluxBufferPredicate.java:290)
	reactor.core.publisher.FluxBufferPredicate$BufferPredicateSubscriber.onNextNewBuffer(FluxBufferPredicate.java:257)
	reactor.core.publisher.FluxBufferPredicate$BufferPredicateSubscriber.tryOnNext(FluxBufferPredicate.java:211)
	reactor.core.publisher.FluxBufferPredicate$BufferPredicateSubscriber.onNext(FluxBufferPredicate.java:184)
	reactor.core.publisher.FluxFlatMap$FlatMapMain.drainLoop(FluxFlatMap.java:664)
	reactor.core.publisher.FluxFlatMap$FlatMapMain.drain(FluxFlatMap.java:540)
	reactor.core.publisher.FluxFlatMap$FlatMapInner.onSubscribe(FluxFlatMap.java:924)
	reactor.core.publisher.FluxIterable.subscribe(FluxIterable.java:139)
	reactor.core.publisher.FluxIterable.subscribe(FluxIterable.java:63)
	reactor.core.publisher.Flux.subscribe(Flux.java:7922)
	reactor.core.publisher.FluxFlatMap$FlatMapMain.onNext(FluxFlatMap.java:389)
	reactor.core.publisher.FluxConcatMap$ConcatMapImmediate.innerNext(FluxConcatMap.java:275)
	reactor.core.publisher.FluxConcatMap$ConcatMapInner.onNext(FluxConcatMap.java:849)
	reactor.core.publisher.FluxConcatMap$WeakScalarSubscription.request(FluxConcatMap.java:470)
	reactor.core.publisher.Operators$MultiSubscriptionSubscriber.set(Operators.java:1939)
	reactor.core.publisher.FluxConcatMap$ConcatMapImmediate.drain(FluxConcatMap.java:436)
	reactor.core.publisher.FluxConcatMap$ConcatMapImmediate.onNext(FluxConcatMap.java:244)
	reactor.core.publisher.FluxMap$MapSubscriber.onNext(FluxMap.java:114)
	reactor.core.publisher.FluxPeek$PeekSubscriber.onNext(FluxPeek.java:192)
	reactor.core.publisher.FluxMap$MapSubscriber.onNext(FluxMap.java:114)
	reactor.netty.channel.FluxReceive.drainReceiver(FluxReceive.java:206)
	reactor.netty.channel.FluxReceive.onInboundNext(FluxReceive.java:322)
	reactor.netty.channel.ChannelOperations.onInboundNext(ChannelOperations.java:335)
	reactor.netty.http.server.HttpServerOperations.onInboundNext(HttpServerOperations.java:456)
	reactor.netty.channel.ChannelOperationsHandler.channelRead(ChannelOperationsHandler.java:91)
	io.netty.channel.AbstractChannelHandlerContext.invokeChannelRead(AbstractChannelHandlerContext.java:374)
	io.netty.channel.AbstractChannelHandlerContext.invokeChannelRead(AbstractChannelHandlerContext.java:360)
	io.netty.channel.AbstractChannelHandlerContext.fireChannelRead(AbstractChannelHandlerContext.java:352)
	reactor.netty.http.server.HttpTrafficHandler.channelRead(HttpTrafficHandler.java:190)
	io.netty.channel.AbstractChannelHandlerContext.invokeChannelRead(AbstractChannelHandlerContext.java:374)
	io.netty.channel.AbstractChannelHandlerContext.invokeChannelRead(AbstractChannelHandlerContext.java:360)
	io.netty.channel.AbstractChannelHandlerContext.fireChannelRead(AbstractChannelHandlerContext.java:352)
	io.netty.channel.CombinedChannelDuplexHandler$DelegatingChannelHandlerContext.fireChannelRead(CombinedChannelDuplexHandler.java:438)
	io.netty.handler.codec.ByteToMessageDecoder.fireChannelRead(ByteToMessageDecoder.java:323)
	io.netty.handler.codec.ByteToMessageDecoder.fireChannelRead(ByteToMessageDecoder.java:310)
	io.netty.handler.codec.ByteToMessageDecoder.callDecode(ByteToMessageDecoder.java:426)
	io.netty.handler.codec.ByteToMessageDecoder.channelRead(ByteToMessageDecoder.java:278)
	io.netty.channel.CombinedChannelDuplexHandler.channelRead(CombinedChannelDuplexHandler.java:253)
	io.netty.channel.AbstractChannelHandlerContext.invokeChannelRead(AbstractChannelHandlerContext.java:374)
	io.netty.channel.AbstractChannelHandlerContext.invokeChannelRead(AbstractChannelHandlerContext.java:360)
	io.netty.channel.AbstractChannelHandlerContext.fireChannelRead(AbstractChannelHandlerContext.java:352)
	io.netty.channel.DefaultChannelPipeline$HeadContext.channelRead(DefaultChannelPipeline.java:1408)
	io.netty.channel.AbstractChannelHandlerContext.invokeChannelRead(AbstractChannelHandlerContext.java:374)
	io.netty.channel.AbstractChannelHandlerContext.invokeChannelRead(AbstractChannelHandlerContext.java:360)
	io.netty.channel.DefaultChannelPipeline.fireChannelRead(DefaultChannelPipeline.java:930)
	io.netty.channel.nio.AbstractNioByteChannel$NioByteUnsafe.read(AbstractNioByteChannel.java:163)
	io.netty.channel.nio.NioEventLoop.processSelectedKey(NioEventLoop.java:682)
	io.netty.channel.nio.NioEventLoop.processSelectedKeysOptimized(NioEventLoop.java:617)
	io.netty.channel.nio.NioEventLoop.processSelectedKeys(NioEventLoop.java:534)
	io.netty.channel.nio.NioEventLoop.run(NioEventLoop.java:496)
	io.netty.util.concurrent.SingleThreadEventExecutor$5.run(SingleThreadEventExecutor.java:906)
	io.netty.util.internal.ThreadExecutorMap$2.run(ThreadExecutorMap.java:74)
	io.netty.util.concurrent.FastThreadLocalRunnable.run(FastThreadLocalRunnable.java:30)
	java.lang.Thread.run(Thread.java:748)
#2:
	io.netty.buffer.AdvancedLeakAwareByteBuf.getByte(AdvancedLeakAwareByteBuf.java:154)
	org.springframework.core.io.buffer.NettyDataBuffer.getByte(NettyDataBuffer.java:132)
	org.springframework.core.io.buffer.DataBufferUtils$KnuthMorrisPrattMatcher.match(DataBufferUtils.java:1005)
	org.springframework.core.io.buffer.DataBufferUtils.endFrameAfterDelimiter(DataBufferUtils.java:634)
	org.springframework.core.io.buffer.DataBufferUtils.lambda$split$18(DataBufferUtils.java:603)
	reactor.core.publisher.FluxFlatMap$FlatMapMain.onNext(FluxFlatMap.java:350)
	reactor.core.publisher.FluxConcatMap$ConcatMapImmediate.innerNext(FluxConcatMap.java:275)
	reactor.core.publisher.FluxConcatMap$ConcatMapInner.onNext(FluxConcatMap.java:849)
	reactor.core.publisher.FluxConcatMap$WeakScalarSubscription.request(FluxConcatMap.java:470)
	reactor.core.publisher.Operators$MultiSubscriptionSubscriber.set(Operators.java:1939)
	reactor.core.publisher.FluxConcatMap$ConcatMapImmediate.drain(FluxConcatMap.java:436)
	reactor.core.publisher.FluxConcatMap$ConcatMapImmediate.onNext(FluxConcatMap.java:244)
	reactor.core.publisher.FluxMap$MapSubscriber.onNext(FluxMap.java:114)
	reactor.core.publisher.FluxPeek$PeekSubscriber.onNext(FluxPeek.java:192)
	reactor.core.publisher.FluxMap$MapSubscriber.onNext(FluxMap.java:114)
	reactor.netty.channel.FluxReceive.drainReceiver(FluxReceive.java:206)
	reactor.netty.channel.FluxReceive.onInboundNext(FluxReceive.java:322)
	reactor.netty.channel.ChannelOperations.onInboundNext(ChannelOperations.java:335)
	reactor.netty.http.server.HttpServerOperations.onInboundNext(HttpServerOperations.java:456)
	reactor.netty.channel.ChannelOperationsHandler.channelRead(ChannelOperationsHandler.java:91)
	io.netty.channel.AbstractChannelHandlerContext.invokeChannelRead(AbstractChannelHandlerContext.java:374)
	io.netty.channel.AbstractChannelHandlerContext.invokeChannelRead(AbstractChannelHandlerContext.java:360)
	io.netty.channel.AbstractChannelHandlerContext.fireChannelRead(AbstractChannelHandlerContext.java:352)
	reactor.netty.http.server.HttpTrafficHandler.channelRead(HttpTrafficHandler.java:190)
	io.netty.channel.AbstractChannelHandlerContext.invokeChannelRead(AbstractChannelHandlerContext.java:374)
	io.netty.channel.AbstractChannelHandlerContext.invokeChannelRead(AbstractChannelHandlerContext.java:360)
	io.netty.channel.AbstractChannelHandlerContext.fireChannelRead(AbstractChannelHandlerContext.java:352)
	io.netty.channel.CombinedChannelDuplexHandler$DelegatingChannelHandlerContext.fireChannelRead(CombinedChannelDuplexHandler.java:438)
	io.netty.handler.codec.ByteToMessageDecoder.fireChannelRead(ByteToMessageDecoder.java:323)
	io.netty.handler.codec.ByteToMessageDecoder.channelRead(ByteToMessageDecoder.java:297)
	io.netty.channel.CombinedChannelDuplexHandler.channelRead(CombinedChannelDuplexHandler.java:253)
	io.netty.channel.AbstractChannelHandlerContext.invokeChannelRead(AbstractChannelHandlerContext.java:374)
	io.netty.channel.AbstractChannelHandlerContext.invokeChannelRead(AbstractChannelHandlerContext.java:360)
	io.netty.channel.AbstractChannelHandlerContext.fireChannelRead(AbstractChannelHandlerContext.java:352)
	io.netty.channel.DefaultChannelPipeline$HeadContext.channelRead(DefaultChannelPipeline.java:1408)
	io.netty.channel.AbstractChannelHandlerContext.invokeChannelRead(AbstractChannelHandlerContext.java:374)
	io.netty.channel.AbstractChannelHandlerContext.invokeChannelRead(AbstractChannelHandlerContext.java:360)
	io.netty.channel.DefaultChannelPipeline.fireChannelRead(DefaultChannelPipeline.java:930)
	io.netty.channel.nio.AbstractNioByteChannel$NioByteUnsafe.read(AbstractNioByteChannel.java:163)
	io.netty.channel.nio.NioEventLoop.processSelectedKey(NioEventLoop.java:682)
	io.netty.channel.nio.NioEventLoop.processSelectedKeysOptimized(NioEventLoop.java:617)
	io.netty.channel.nio.NioEventLoop.processSelectedKeys(NioEventLoop.java:534)
	io.netty.channel.nio.NioEventLoop.run(NioEventLoop.java:496)
	io.netty.util.concurrent.SingleThreadEventExecutor$5.run(SingleThreadEventExecutor.java:906)
	io.netty.util.internal.ThreadExecutorMap$2.run(ThreadExecutorMap.java:74)
	io.netty.util.concurrent.FastThreadLocalRunnable.run(FastThreadLocalRunnable.java:30)
	java.lang.Thread.run(Thread.java:748)
#3:
	org.springframework.core.io.buffer.NettyDataBufferFactory.wrap(NettyDataBufferFactory.java:93)
	reactor.core.publisher.FluxMap$MapSubscriber.onNext(FluxMap.java:100)
	reactor.core.publisher.FluxPeek$PeekSubscriber.onNext(FluxPeek.java:192)
	reactor.core.publisher.FluxMap$MapSubscriber.onNext(FluxMap.java:114)
	reactor.netty.channel.FluxReceive.drainReceiver(FluxReceive.java:206)
	reactor.netty.channel.FluxReceive.onInboundNext(FluxReceive.java:322)
	reactor.netty.channel.ChannelOperations.onInboundNext(ChannelOperations.java:335)
	reactor.netty.http.server.HttpServerOperations.onInboundNext(HttpServerOperations.java:456)
	reactor.netty.channel.ChannelOperationsHandler.channelRead(ChannelOperationsHandler.java:91)
	io.netty.channel.AbstractChannelHandlerContext.invokeChannelRead(AbstractChannelHandlerContext.java:374)
	io.netty.channel.AbstractChannelHandlerContext.invokeChannelRead(AbstractChannelHandlerContext.java:360)
	io.netty.channel.AbstractChannelHandlerContext.fireChannelRead(AbstractChannelHandlerContext.java:352)
	reactor.netty.http.server.HttpTrafficHandler.channelRead(HttpTrafficHandler.java:190)
	io.netty.channel.AbstractChannelHandlerContext.invokeChannelRead(AbstractChannelHandlerContext.java:374)
	io.netty.channel.AbstractChannelHandlerContext.invokeChannelRead(AbstractChannelHandlerContext.java:360)
	io.netty.channel.AbstractChannelHandlerContext.fireChannelRead(AbstractChannelHandlerContext.java:352)
	io.netty.channel.CombinedChannelDuplexHandler$DelegatingChannelHandlerContext.fireChannelRead(CombinedChannelDuplexHandler.java:438)
	io.netty.handler.codec.ByteToMessageDecoder.fireChannelRead(ByteToMessageDecoder.java:323)
	io.netty.handler.codec.ByteToMessageDecoder.channelRead(ByteToMessageDecoder.java:297)
	io.netty.channel.CombinedChannelDuplexHandler.channelRead(CombinedChannelDuplexHandler.java:253)
	io.netty.channel.AbstractChannelHandlerContext.invokeChannelRead(AbstractChannelHandlerContext.java:374)
	io.netty.channel.AbstractChannelHandlerContext.invokeChannelRead(AbstractChannelHandlerContext.java:360)
	io.netty.channel.AbstractChannelHandlerContext.fireChannelRead(AbstractChannelHandlerContext.java:352)
	io.netty.channel.DefaultChannelPipeline$HeadContext.channelRead(DefaultChannelPipeline.java:1408)
	io.netty.channel.AbstractChannelHandlerContext.invokeChannelRead(AbstractChannelHandlerContext.java:374)
	io.netty.channel.AbstractChannelHandlerContext.invokeChannelRead(AbstractChannelHandlerContext.java:360)
	io.netty.channel.DefaultChannelPipeline.fireChannelRead(DefaultChannelPipeline.java:930)
	io.netty.channel.nio.AbstractNioByteChannel$NioByteUnsafe.read(AbstractNioByteChannel.java:163)
	io.netty.channel.nio.NioEventLoop.processSelectedKey(NioEventLoop.java:682)
	io.netty.channel.nio.NioEventLoop.processSelectedKeysOptimized(NioEventLoop.java:617)
	io.netty.channel.nio.NioEventLoop.processSelectedKeys(NioEventLoop.java:534)
	io.netty.channel.nio.NioEventLoop.run(NioEventLoop.java:496)
	io.netty.util.concurrent.SingleThreadEventExecutor$5.run(SingleThreadEventExecutor.java:906)
	io.netty.util.internal.ThreadExecutorMap$2.run(ThreadExecutorMap.java:74)
	io.netty.util.concurrent.FastThreadLocalRunnable.run(FastThreadLocalRunnable.java:30)
	java.lang.Thread.run(Thread.java:748)
#4:
	reactor.core.publisher.FluxPeek$PeekSubscriber.onNext(FluxPeek.java:177)
	reactor.core.publisher.FluxMap$MapSubscriber.onNext(FluxMap.java:114)
	reactor.netty.channel.FluxReceive.drainReceiver(FluxReceive.java:206)
	reactor.netty.channel.FluxReceive.onInboundNext(FluxReceive.java:322)
	reactor.netty.channel.ChannelOperations.onInboundNext(ChannelOperations.java:335)
	reactor.netty.http.server.HttpServerOperations.onInboundNext(HttpServerOperations.java:456)
	reactor.netty.channel.ChannelOperationsHandler.channelRead(ChannelOperationsHandler.java:91)
	io.netty.channel.AbstractChannelHandlerContext.invokeChannelRead(AbstractChannelHandlerContext.java:374)
	io.netty.channel.AbstractChannelHandlerContext.invokeChannelRead(AbstractChannelHandlerContext.java:360)
	io.netty.channel.AbstractChannelHandlerContext.fireChannelRead(AbstractChannelHandlerContext.java:352)
	reactor.netty.http.server.HttpTrafficHandler.channelRead(HttpTrafficHandler.java:190)
	io.netty.channel.AbstractChannelHandlerContext.invokeChannelRead(AbstractChannelHandlerContext.java:374)
	io.netty.channel.AbstractChannelHandlerContext.invokeChannelRead(AbstractChannelHandlerContext.java:360)
	io.netty.channel.AbstractChannelHandlerContext.fireChannelRead(AbstractChannelHandlerContext.java:352)
	io.netty.channel.CombinedChannelDuplexHandler$DelegatingChannelHandlerContext.fireChannelRead(CombinedChannelDuplexHandler.java:438)
	io.netty.handler.codec.ByteToMessageDecoder.fireChannelRead(ByteToMessageDecoder.java:323)
	io.netty.handler.codec.ByteToMessageDecoder.channelRead(ByteToMessageDecoder.java:297)
	io.netty.channel.CombinedChannelDuplexHandler.channelRead(CombinedChannelDuplexHandler.java:253)
	io.netty.channel.AbstractChannelHandlerContext.invokeChannelRead(AbstractChannelHandlerContext.java:374)
	io.netty.channel.AbstractChannelHandlerContext.invokeChannelRead(AbstractChannelHandlerContext.java:360)
	io.netty.channel.AbstractChannelHandlerContext.fireChannelRead(AbstractChannelHandlerContext.java:352)
	io.netty.channel.DefaultChannelPipeline$HeadContext.channelRead(DefaultChannelPipeline.java:1408)
	io.netty.channel.AbstractChannelHandlerContext.invokeChannelRead(AbstractChannelHandlerContext.java:374)
	io.netty.channel.AbstractChannelHandlerContext.invokeChannelRead(AbstractChannelHandlerContext.java:360)
	io.netty.channel.DefaultChannelPipeline.fireChannelRead(DefaultChannelPipeline.java:930)
	io.netty.channel.nio.AbstractNioByteChannel$NioByteUnsafe.read(AbstractNioByteChannel.java:163)
	io.netty.channel.nio.NioEventLoop.processSelectedKey(NioEventLoop.java:682)
	io.netty.channel.nio.NioEventLoop.processSelectedKeysOptimized(NioEventLoop.java:617)
	io.netty.channel.nio.NioEventLoop.processSelectedKeys(NioEventLoop.java:534)
	io.netty.channel.nio.NioEventLoop.run(NioEventLoop.java:496)
	io.netty.util.concurrent.SingleThreadEventExecutor$5.run(SingleThreadEventExecutor.java:906)
	io.netty.util.internal.ThreadExecutorMap$2.run(ThreadExecutorMap.java:74)
	io.netty.util.concurrent.FastThreadLocalRunnable.run(FastThreadLocalRunnable.java:30)
	java.lang.Thread.run(Thread.java:748)
#5:
	Hint: 'reactor.right.reactiveBridge' will handle the message from this point.
	io.netty.handler.codec.http.DefaultHttpContent.touch(DefaultHttpContent.java:88)
	io.netty.handler.codec.http.DefaultHttpContent.touch(DefaultHttpContent.java:24)
	io.netty.channel.DefaultChannelPipeline.touch(DefaultChannelPipeline.java:116)
	io.netty.channel.AbstractChannelHandlerContext.invokeChannelRead(AbstractChannelHandlerContext.java:357)
	io.netty.channel.AbstractChannelHandlerContext.fireChannelRead(AbstractChannelHandlerContext.java:352)
	reactor.netty.http.server.HttpTrafficHandler.channelRead(HttpTrafficHandler.java:190)
	io.netty.channel.AbstractChannelHandlerContext.invokeChannelRead(AbstractChannelHandlerContext.java:374)
	io.netty.channel.AbstractChannelHandlerContext.invokeChannelRead(AbstractChannelHandlerContext.java:360)
	io.netty.channel.AbstractChannelHandlerContext.fireChannelRead(AbstractChannelHandlerContext.java:352)
	io.netty.channel.CombinedChannelDuplexHandler$DelegatingChannelHandlerContext.fireChannelRead(CombinedChannelDuplexHandler.java:438)
	io.netty.handler.codec.ByteToMessageDecoder.fireChannelRead(ByteToMessageDecoder.java:323)
	io.netty.handler.codec.ByteToMessageDecoder.channelRead(ByteToMessageDecoder.java:297)
	io.netty.channel.CombinedChannelDuplexHandler.channelRead(CombinedChannelDuplexHandler.java:253)
	io.netty.channel.AbstractChannelHandlerContext.invokeChannelRead(AbstractChannelHandlerContext.java:374)
	io.netty.channel.AbstractChannelHandlerContext.invokeChannelRead(AbstractChannelHandlerContext.java:360)
	io.netty.channel.AbstractChannelHandlerContext.fireChannelRead(AbstractChannelHandlerContext.java:352)
	io.netty.channel.DefaultChannelPipeline$HeadContext.channelRead(DefaultChannelPipeline.java:1408)
	io.netty.channel.AbstractChannelHandlerContext.invokeChannelRead(AbstractChannelHandlerContext.java:374)
	io.netty.channel.AbstractChannelHandlerContext.invokeChannelRead(AbstractChannelHandlerContext.java:360)
	io.netty.channel.DefaultChannelPipeline.fireChannelRead(DefaultChannelPipeline.java:930)
	io.netty.channel.nio.AbstractNioByteChannel$NioByteUnsafe.read(AbstractNioByteChannel.java:163)
	io.netty.channel.nio.NioEventLoop.processSelectedKey(NioEventLoop.java:682)
	io.netty.channel.nio.NioEventLoop.processSelectedKeysOptimized(NioEventLoop.java:617)
	io.netty.channel.nio.NioEventLoop.processSelectedKeys(NioEventLoop.java:534)
	io.netty.channel.nio.NioEventLoop.run(NioEventLoop.java:496)
	io.netty.util.concurrent.SingleThreadEventExecutor$5.run(SingleThreadEventExecutor.java:906)
	io.netty.util.internal.ThreadExecutorMap$2.run(ThreadExecutorMap.java:74)
	io.netty.util.concurrent.FastThreadLocalRunnable.run(FastThreadLocalRunnable.java:30)
	java.lang.Thread.run(Thread.java:748)
#6:
	Hint: 'reactor.left.httpTrafficHandler' will handle the message from this point.
	io.netty.handler.codec.http.DefaultHttpContent.touch(DefaultHttpContent.java:88)
	io.netty.handler.codec.http.DefaultHttpContent.touch(DefaultHttpContent.java:24)
	io.netty.channel.DefaultChannelPipeline.touch(DefaultChannelPipeline.java:116)
	io.netty.channel.AbstractChannelHandlerContext.invokeChannelRead(AbstractChannelHandlerContext.java:357)
	io.netty.channel.AbstractChannelHandlerContext.fireChannelRead(AbstractChannelHandlerContext.java:352)
	io.netty.channel.CombinedChannelDuplexHandler$DelegatingChannelHandlerContext.fireChannelRead(CombinedChannelDuplexHandler.java:438)
	io.netty.handler.codec.ByteToMessageDecoder.fireChannelRead(ByteToMessageDecoder.java:323)
	io.netty.handler.codec.ByteToMessageDecoder.channelRead(ByteToMessageDecoder.java:297)
	io.netty.channel.CombinedChannelDuplexHandler.channelRead(CombinedChannelDuplexHandler.java:253)
	io.netty.channel.AbstractChannelHandlerContext.invokeChannelRead(AbstractChannelHandlerContext.java:374)
	io.netty.channel.AbstractChannelHandlerContext.invokeChannelRead(AbstractChannelHandlerContext.java:360)
	io.netty.channel.AbstractChannelHandlerContext.fireChannelRead(AbstractChannelHandlerContext.java:352)
	io.netty.channel.DefaultChannelPipeline$HeadContext.channelRead(DefaultChannelPipeline.java:1408)
	io.netty.channel.AbstractChannelHandlerContext.invokeChannelRead(AbstractChannelHandlerContext.java:374)
	io.netty.channel.AbstractChannelHandlerContext.invokeChannelRead(AbstractChannelHandlerContext.java:360)
	io.netty.channel.DefaultChannelPipeline.fireChannelRead(DefaultChannelPipeline.java:930)
	io.netty.channel.nio.AbstractNioByteChannel$NioByteUnsafe.read(AbstractNioByteChannel.java:163)
	io.netty.channel.nio.NioEventLoop.processSelectedKey(NioEventLoop.java:682)
	io.netty.channel.nio.NioEventLoop.processSelectedKeysOptimized(NioEventLoop.java:617)
	io.netty.channel.nio.NioEventLoop.processSelectedKeys(NioEventLoop.java:534)
	io.netty.channel.nio.NioEventLoop.run(NioEventLoop.java:496)
	io.netty.util.concurrent.SingleThreadEventExecutor$5.run(SingleThreadEventExecutor.java:906)
	io.netty.util.internal.ThreadExecutorMap$2.run(ThreadExecutorMap.java:74)
	io.netty.util.concurrent.FastThreadLocalRunnable.run(FastThreadLocalRunnable.java:30)
	java.lang.Thread.run(Thread.java:748)
Created at:
	io.netty.buffer.SimpleLeakAwareByteBuf.unwrappedDerived(SimpleLeakAwareByteBuf.java:143)
	io.netty.buffer.SimpleLeakAwareByteBuf.readRetainedSlice(SimpleLeakAwareByteBuf.java:67)
	io.netty.buffer.AdvancedLeakAwareByteBuf.readRetainedSlice(AdvancedLeakAwareByteBuf.java:107)
	io.netty.handler.codec.http.HttpObjectDecoder.decode(HttpObjectDecoder.java:336)
	io.netty.handler.codec.http.HttpServerCodec$HttpServerRequestDecoder.decode(HttpServerCodec.java:103)
	io.netty.handler.codec.ByteToMessageDecoder.decodeRemovalReentryProtection(ByteToMessageDecoder.java:502)
	io.netty.handler.codec.ByteToMessageDecoder.callDecode(ByteToMessageDecoder.java:441)
	io.netty.handler.codec.ByteToMessageDecoder.channelRead(ByteToMessageDecoder.java:278)
	io.netty.channel.CombinedChannelDuplexHandler.channelRead(CombinedChannelDuplexHandler.java:253)
	io.netty.channel.AbstractChannelHandlerContext.invokeChannelRead(AbstractChannelHandlerContext.java:374)
	io.netty.channel.AbstractChannelHandlerContext.invokeChannelRead(AbstractChannelHandlerContext.java:360)
	io.netty.channel.AbstractChannelHandlerContext.fireChannelRead(AbstractChannelHandlerContext.java:352)
	io.netty.channel.DefaultChannelPipeline$HeadContext.channelRead(DefaultChannelPipeline.java:1408)
	io.netty.channel.AbstractChannelHandlerContext.invokeChannelRead(AbstractChannelHandlerContext.java:374)
	io.netty.channel.AbstractChannelHandlerContext.invokeChannelRead(AbstractChannelHandlerContext.java:360)
	io.netty.channel.DefaultChannelPipeline.fireChannelRead(DefaultChannelPipeline.java:930)
	io.netty.channel.nio.AbstractNioByteChannel$NioByteUnsafe.read(AbstractNioByteChannel.java:163)
	io.netty.channel.nio.NioEventLoop.processSelectedKey(NioEventLoop.java:682)
	io.netty.channel.nio.NioEventLoop.processSelectedKeysOptimized(NioEventLoop.java:617)
	io.netty.channel.nio.NioEventLoop.processSelectedKeys(NioEventLoop.java:534)
	io.netty.channel.nio.NioEventLoop.run(NioEventLoop.java:496)
	io.netty.util.concurrent.SingleThreadEventExecutor$5.run(SingleThreadEventExecutor.java:906)
	io.netty.util.internal.ThreadExecutorMap$2.run(ThreadExecutorMap.java:74)
	io.netty.util.concurrent.FastThreadLocalRunnable.run(FastThreadLocalRunnable.java:30)
	java.lang.Thread.run(Thread.java:748)
: 6 leak records were discarded because they were duplicates
: 475 leak records were discarded because the leak record count is targeted to 4. Use system property io.netty.leakDetection.targetRecords to increase the limit.
22:43:01.611 [reactor-http-nio-8] ERROR i.n.u.ResourceLeakDetector - LEAK: ByteBuf.release() was not called before it's garbage-collected. See http://netty.io/wiki/reference-counted-objects.html for more information.
Recent access records: 
#1:
	io.netty.buffer.AdvancedLeakAwareByteBuf.order(AdvancedLeakAwareByteBuf.java:70)
	io.netty.buffer.CompositeByteBuf.newComponent(CompositeByteBuf.java:318)
	io.netty.buffer.CompositeByteBuf.addComponent0(CompositeByteBuf.java:280)
	io.netty.buffer.CompositeByteBuf.addComponent(CompositeByteBuf.java:265)
	io.netty.buffer.CompositeByteBuf.addComponent(CompositeByteBuf.java:222)
	io.netty.buffer.WrappedCompositeByteBuf.addComponent(WrappedCompositeByteBuf.java:529)
	io.netty.buffer.AdvancedLeakAwareCompositeByteBuf.addComponent(AdvancedLeakAwareCompositeByteBuf.java:921)
	org.springframework.core.io.buffer.NettyDataBufferFactory.join(NettyDataBufferFactory.java:111)
	org.springframework.core.io.buffer.DataBufferUtils.joinAndStrip(DataBufferUtils.java:686)
	org.springframework.core.io.buffer.DataBufferUtils.lambda$split$20(DataBufferUtils.java:605)
	reactor.core.publisher.FluxMap$MapConditionalSubscriber.onNext(FluxMap.java:199)
	reactor.core.publisher.FluxBufferPredicate$BufferPredicateSubscriber.emit(FluxBufferPredicate.java:290)
	reactor.core.publisher.FluxBufferPredicate$BufferPredicateSubscriber.onNextNewBuffer(FluxBufferPredicate.java:257)
	reactor.core.publisher.FluxBufferPredicate$BufferPredicateSubscriber.tryOnNext(FluxBufferPredicate.java:211)
	reactor.core.publisher.FluxBufferPredicate$BufferPredicateSubscriber.onNext(FluxBufferPredicate.java:184)
	reactor.core.publisher.FluxFlatMap$FlatMapMain.drainLoop(FluxFlatMap.java:664)
	reactor.core.publisher.FluxFlatMap$FlatMapMain.drain(FluxFlatMap.java:540)
	reactor.core.publisher.FluxFlatMap$FlatMapInner.onSubscribe(FluxFlatMap.java:924)
	reactor.core.publisher.FluxIterable.subscribe(FluxIterable.java:139)
	reactor.core.publisher.FluxIterable.subscribe(FluxIterable.java:63)
	reactor.core.publisher.Flux.subscribe(Flux.java:7922)
	reactor.core.publisher.FluxFlatMap$FlatMapMain.onNext(FluxFlatMap.java:389)
	reactor.core.publisher.FluxConcatMap$ConcatMapImmediate.innerNext(FluxConcatMap.java:275)
	reactor.core.publisher.FluxConcatMap$ConcatMapInner.onNext(FluxConcatMap.java:849)
	reactor.core.publisher.FluxConcatMap$WeakScalarSubscription.request(FluxConcatMap.java:470)
	reactor.core.publisher.Operators$MultiSubscriptionSubscriber.set(Operators.java:1939)
	reactor.core.publisher.FluxConcatMap$ConcatMapImmediate.drain(FluxConcatMap.java:436)
	reactor.core.publisher.FluxConcatMap$ConcatMapImmediate.onNext(FluxConcatMap.java:244)
	reactor.core.publisher.FluxMap$MapSubscriber.onNext(FluxMap.java:114)
	reactor.core.publisher.FluxPeek$PeekSubscriber.onNext(FluxPeek.java:192)
	reactor.core.publisher.FluxMap$MapSubscriber.onNext(FluxMap.java:114)
	reactor.netty.channel.FluxReceive.drainReceiver(FluxReceive.java:206)
	reactor.netty.channel.FluxReceive.onInboundNext(FluxReceive.java:322)
	reactor.netty.channel.ChannelOperations.onInboundNext(ChannelOperations.java:335)
	reactor.netty.http.server.HttpServerOperations.onInboundNext(HttpServerOperations.java:456)
	reactor.netty.channel.ChannelOperationsHandler.channelRead(ChannelOperationsHandler.java:91)
	io.netty.channel.AbstractChannelHandlerContext.invokeChannelRead(AbstractChannelHandlerContext.java:374)
	io.netty.channel.AbstractChannelHandlerContext.invokeChannelRead(AbstractChannelHandlerContext.java:360)
	io.netty.channel.AbstractChannelHandlerContext.fireChannelRead(AbstractChannelHandlerContext.java:352)
	reactor.netty.http.server.HttpTrafficHandler.channelRead(HttpTrafficHandler.java:190)
	io.netty.channel.AbstractChannelHandlerContext.invokeChannelRead(AbstractChannelHandlerContext.java:374)
	io.netty.channel.AbstractChannelHandlerContext.invokeChannelRead(AbstractChannelHandlerContext.java:360)
	io.netty.channel.AbstractChannelHandlerContext.fireChannelRead(AbstractChannelHandlerContext.java:352)
	io.netty.channel.CombinedChannelDuplexHandler$DelegatingChannelHandlerContext.fireChannelRead(CombinedChannelDuplexHandler.java:438)
	io.netty.handler.codec.ByteToMessageDecoder.fireChannelRead(ByteToMessageDecoder.java:323)
	io.netty.handler.codec.ByteToMessageDecoder.fireChannelRead(ByteToMessageDecoder.java:310)
	io.netty.handler.codec.ByteToMessageDecoder.callDecode(ByteToMessageDecoder.java:426)
	io.netty.handler.codec.ByteToMessageDecoder.channelRead(ByteToMessageDecoder.java:278)
	io.netty.channel.CombinedChannelDuplexHandler.channelRead(CombinedChannelDuplexHandler.java:253)
	io.netty.channel.AbstractChannelHandlerContext.invokeChannelRead(AbstractChannelHandlerContext.java:374)
	io.netty.channel.AbstractChannelHandlerContext.invokeChannelRead(AbstractChannelHandlerContext.java:360)
	io.netty.channel.AbstractChannelHandlerContext.fireChannelRead(AbstractChannelHandlerContext.java:352)
	io.netty.channel.DefaultChannelPipeline$HeadContext.channelRead(DefaultChannelPipeline.java:1408)
	io.netty.channel.AbstractChannelHandlerContext.invokeChannelRead(AbstractChannelHandlerContext.java:374)
	io.netty.channel.AbstractChannelHandlerContext.invokeChannelRead(AbstractChannelHandlerContext.java:360)
	io.netty.channel.DefaultChannelPipeline.fireChannelRead(DefaultChannelPipeline.java:930)
	io.netty.channel.nio.AbstractNioByteChannel$NioByteUnsafe.read(AbstractNioByteChannel.java:163)
	io.netty.channel.nio.NioEventLoop.processSelectedKey(NioEventLoop.java:682)
	io.netty.channel.nio.NioEventLoop.processSelectedKeysOptimized(NioEventLoop.java:617)
	io.netty.channel.nio.NioEventLoop.processSelectedKeys(NioEventLoop.java:534)
	io.netty.channel.nio.NioEventLoop.run(NioEventLoop.java:496)
	io.netty.util.concurrent.SingleThreadEventExecutor$5.run(SingleThreadEventExecutor.java:906)
	io.netty.util.internal.ThreadExecutorMap$2.run(ThreadExecutorMap.java:74)
	io.netty.util.concurrent.FastThreadLocalRunnable.run(FastThreadLocalRunnable.java:30)
	java.lang.Thread.run(Thread.java:748)
#2:
	io.netty.buffer.AdvancedLeakAwareByteBuf.getByte(AdvancedLeakAwareByteBuf.java:154)
	org.springframework.core.io.buffer.NettyDataBuffer.getByte(NettyDataBuffer.java:132)
	org.springframework.core.io.buffer.DataBufferUtils$KnuthMorrisPrattMatcher.match(DataBufferUtils.java:1005)
	org.springframework.core.io.buffer.DataBufferUtils.endFrameAfterDelimiter(DataBufferUtils.java:634)
	org.springframework.core.io.buffer.DataBufferUtils.lambda$split$18(DataBufferUtils.java:603)
	reactor.core.publisher.FluxFlatMap$FlatMapMain.onNext(FluxFlatMap.java:350)
	reactor.core.publisher.FluxConcatMap$ConcatMapImmediate.innerNext(FluxConcatMap.java:275)
	reactor.core.publisher.FluxConcatMap$ConcatMapInner.onNext(FluxConcatMap.java:849)
	reactor.core.publisher.FluxConcatMap$WeakScalarSubscription.request(FluxConcatMap.java:470)
	reactor.core.publisher.Operators$MultiSubscriptionSubscriber.set(Operators.java:1939)
	reactor.core.publisher.FluxConcatMap$ConcatMapImmediate.drain(FluxConcatMap.java:436)
	reactor.core.publisher.FluxConcatMap$ConcatMapImmediate.onNext(FluxConcatMap.java:244)
	reactor.core.publisher.FluxMap$MapSubscriber.onNext(FluxMap.java:114)
	reactor.core.publisher.FluxPeek$PeekSubscriber.onNext(FluxPeek.java:192)
	reactor.core.publisher.FluxMap$MapSubscriber.onNext(FluxMap.java:114)
	reactor.netty.channel.FluxReceive.drainReceiver(FluxReceive.java:206)
	reactor.netty.channel.FluxReceive.onInboundNext(FluxReceive.java:322)
	reactor.netty.channel.ChannelOperations.onInboundNext(ChannelOperations.java:335)
	reactor.netty.http.server.HttpServerOperations.onInboundNext(HttpServerOperations.java:456)
	reactor.netty.channel.ChannelOperationsHandler.channelRead(ChannelOperationsHandler.java:91)
	io.netty.channel.AbstractChannelHandlerContext.invokeChannelRead(AbstractChannelHandlerContext.java:374)
	io.netty.channel.AbstractChannelHandlerContext.invokeChannelRead(AbstractChannelHandlerContext.java:360)
	io.netty.channel.AbstractChannelHandlerContext.fireChannelRead(AbstractChannelHandlerContext.java:352)
	reactor.netty.http.server.HttpTrafficHandler.channelRead(HttpTrafficHandler.java:190)
	io.netty.channel.AbstractChannelHandlerContext.invokeChannelRead(AbstractChannelHandlerContext.java:374)
	io.netty.channel.AbstractChannelHandlerContext.invokeChannelRead(AbstractChannelHandlerContext.java:360)
	io.netty.channel.AbstractChannelHandlerContext.fireChannelRead(AbstractChannelHandlerContext.java:352)
	io.netty.channel.CombinedChannelDuplexHandler$DelegatingChannelHandlerContext.fireChannelRead(CombinedChannelDuplexHandler.java:438)
	io.netty.handler.codec.ByteToMessageDecoder.fireChannelRead(ByteToMessageDecoder.java:323)
	io.netty.handler.codec.ByteToMessageDecoder.fireChannelRead(ByteToMessageDecoder.java:310)
	io.netty.handler.codec.ByteToMessageDecoder.callDecode(ByteToMessageDecoder.java:426)
	io.netty.handler.codec.ByteToMessageDecoder.channelRead(ByteToMessageDecoder.java:278)
	io.netty.channel.CombinedChannelDuplexHandler.channelRead(CombinedChannelDuplexHandler.java:253)
	io.netty.channel.AbstractChannelHandlerContext.invokeChannelRead(AbstractChannelHandlerContext.java:374)
	io.netty.channel.AbstractChannelHandlerContext.invokeChannelRead(AbstractChannelHandlerContext.java:360)
	io.netty.channel.AbstractChannelHandlerContext.fireChannelRead(AbstractChannelHandlerContext.java:352)
	io.netty.channel.DefaultChannelPipeline$HeadContext.channelRead(DefaultChannelPipeline.java:1408)
	io.netty.channel.AbstractChannelHandlerContext.invokeChannelRead(AbstractChannelHandlerContext.java:374)
	io.netty.channel.AbstractChannelHandlerContext.invokeChannelRead(AbstractChannelHandlerContext.java:360)
	io.netty.channel.DefaultChannelPipeline.fireChannelRead(DefaultChannelPipeline.java:930)
	io.netty.channel.nio.AbstractNioByteChannel$NioByteUnsafe.read(AbstractNioByteChannel.java:163)
	io.netty.channel.nio.NioEventLoop.processSelectedKey(NioEventLoop.java:682)
	io.netty.channel.nio.NioEventLoop.processSelectedKeysOptimized(NioEventLoop.java:617)
	io.netty.channel.nio.NioEventLoop.processSelectedKeys(NioEventLoop.java:534)
	io.netty.channel.nio.NioEventLoop.run(NioEventLoop.java:496)
	io.netty.util.concurrent.SingleThreadEventExecutor$5.run(SingleThreadEventExecutor.java:906)
	io.netty.util.internal.ThreadExecutorMap$2.run(ThreadExecutorMap.java:74)
	io.netty.util.concurrent.FastThreadLocalRunnable.run(FastThreadLocalRunnable.java:30)
	java.lang.Thread.run(Thread.java:748)
#3:
	reactor.core.publisher.FluxPeek$PeekSubscriber.onNext(FluxPeek.java:177)
	reactor.core.publisher.FluxMap$MapSubscriber.onNext(FluxMap.java:114)
	reactor.netty.channel.FluxReceive.drainReceiver(FluxReceive.java:206)
	reactor.netty.channel.FluxReceive.onInboundNext(FluxReceive.java:322)
	reactor.netty.channel.ChannelOperations.onInboundNext(ChannelOperations.java:335)
	reactor.netty.http.server.HttpServerOperations.onInboundNext(HttpServerOperations.java:456)
	reactor.netty.channel.ChannelOperationsHandler.channelRead(ChannelOperationsHandler.java:91)
	io.netty.channel.AbstractChannelHandlerContext.invokeChannelRead(AbstractChannelHandlerContext.java:374)
	io.netty.channel.AbstractChannelHandlerContext.invokeChannelRead(AbstractChannelHandlerContext.java:360)
	io.netty.channel.AbstractChannelHandlerContext.fireChannelRead(AbstractChannelHandlerContext.java:352)
	reactor.netty.http.server.HttpTrafficHandler.channelRead(HttpTrafficHandler.java:190)
	io.netty.channel.AbstractChannelHandlerContext.invokeChannelRead(AbstractChannelHandlerContext.java:374)
	io.netty.channel.AbstractChannelHandlerContext.invokeChannelRead(AbstractChannelHandlerContext.java:360)
	io.netty.channel.AbstractChannelHandlerContext.fireChannelRead(AbstractChannelHandlerContext.java:352)
	io.netty.channel.CombinedChannelDuplexHandler$DelegatingChannelHandlerContext.fireChannelRead(CombinedChannelDuplexHandler.java:438)
	io.netty.handler.codec.ByteToMessageDecoder.fireChannelRead(ByteToMessageDecoder.java:323)
	io.netty.handler.codec.ByteToMessageDecoder.fireChannelRead(ByteToMessageDecoder.java:310)
	io.netty.handler.codec.ByteToMessageDecoder.callDecode(ByteToMessageDecoder.java:426)
	io.netty.handler.codec.ByteToMessageDecoder.channelRead(ByteToMessageDecoder.java:278)
	io.netty.channel.CombinedChannelDuplexHandler.channelRead(CombinedChannelDuplexHandler.java:253)
	io.netty.channel.AbstractChannelHandlerContext.invokeChannelRead(AbstractChannelHandlerContext.java:374)
	io.netty.channel.AbstractChannelHandlerContext.invokeChannelRead(AbstractChannelHandlerContext.java:360)
	io.netty.channel.AbstractChannelHandlerContext.fireChannelRead(AbstractChannelHandlerContext.java:352)
	io.netty.channel.DefaultChannelPipeline$HeadContext.channelRead(DefaultChannelPipeline.java:1408)
	io.netty.channel.AbstractChannelHandlerContext.invokeChannelRead(AbstractChannelHandlerContext.java:374)
	io.netty.channel.AbstractChannelHandlerContext.invokeChannelRead(AbstractChannelHandlerContext.java:360)
	io.netty.channel.DefaultChannelPipeline.fireChannelRead(DefaultChannelPipeline.java:930)
	io.netty.channel.nio.AbstractNioByteChannel$NioByteUnsafe.read(AbstractNioByteChannel.java:163)
	io.netty.channel.nio.NioEventLoop.processSelectedKey(NioEventLoop.java:682)
	io.netty.channel.nio.NioEventLoop.processSelectedKeysOptimized(NioEventLoop.java:617)
	io.netty.channel.nio.NioEventLoop.processSelectedKeys(NioEventLoop.java:534)
	io.netty.channel.nio.NioEventLoop.run(NioEventLoop.java:496)
	io.netty.util.concurrent.SingleThreadEventExecutor$5.run(SingleThreadEventExecutor.java:906)
	io.netty.util.internal.ThreadExecutorMap$2.run(ThreadExecutorMap.java:74)
	io.netty.util.concurrent.FastThreadLocalRunnable.run(FastThreadLocalRunnable.java:30)
	java.lang.Thread.run(Thread.java:748)
#4:
	Hint: 'reactor.right.reactiveBridge' will handle the message from this point.
	io.netty.handler.codec.http.DefaultHttpContent.touch(DefaultHttpContent.java:88)
	io.netty.handler.codec.http.DefaultHttpContent.touch(DefaultHttpContent.java:24)
	io.netty.channel.DefaultChannelPipeline.touch(DefaultChannelPipeline.java:116)
	io.netty.channel.AbstractChannelHandlerContext.invokeChannelRead(AbstractChannelHandlerContext.java:357)
	io.netty.channel.AbstractChannelHandlerContext.fireChannelRead(AbstractChannelHandlerContext.java:352)
	reactor.netty.http.server.HttpTrafficHandler.channelRead(HttpTrafficHandler.java:190)
	io.netty.channel.AbstractChannelHandlerContext.invokeChannelRead(AbstractChannelHandlerContext.java:374)
	io.netty.channel.AbstractChannelHandlerContext.invokeChannelRead(AbstractChannelHandlerContext.java:360)
	io.netty.channel.AbstractChannelHandlerContext.fireChannelRead(AbstractChannelHandlerContext.java:352)
	io.netty.channel.CombinedChannelDuplexHandler$DelegatingChannelHandlerContext.fireChannelRead(CombinedChannelDuplexHandler.java:438)
	io.netty.handler.codec.ByteToMessageDecoder.fireChannelRead(ByteToMessageDecoder.java:323)
	io.netty.handler.codec.ByteToMessageDecoder.fireChannelRead(ByteToMessageDecoder.java:310)
	io.netty.handler.codec.ByteToMessageDecoder.callDecode(ByteToMessageDecoder.java:426)
	io.netty.handler.codec.ByteToMessageDecoder.channelRead(ByteToMessageDecoder.java:278)
	io.netty.channel.CombinedChannelDuplexHandler.channelRead(CombinedChannelDuplexHandler.java:253)
	io.netty.channel.AbstractChannelHandlerContext.invokeChannelRead(AbstractChannelHandlerContext.java:374)
	io.netty.channel.AbstractChannelHandlerContext.invokeChannelRead(AbstractChannelHandlerContext.java:360)
	io.netty.channel.AbstractChannelHandlerContext.fireChannelRead(AbstractChannelHandlerContext.java:352)
	io.netty.channel.DefaultChannelPipeline$HeadContext.channelRead(DefaultChannelPipeline.java:1408)
	io.netty.channel.AbstractChannelHandlerContext.invokeChannelRead(AbstractChannelHandlerContext.java:374)
	io.netty.channel.AbstractChannelHandlerContext.invokeChannelRead(AbstractChannelHandlerContext.java:360)
	io.netty.channel.DefaultChannelPipeline.fireChannelRead(DefaultChannelPipeline.java:930)
	io.netty.channel.nio.AbstractNioByteChannel$NioByteUnsafe.read(AbstractNioByteChannel.java:163)
	io.netty.channel.nio.NioEventLoop.processSelectedKey(NioEventLoop.java:682)
	io.netty.channel.nio.NioEventLoop.processSelectedKeysOptimized(NioEventLoop.java:617)
	io.netty.channel.nio.NioEventLoop.processSelectedKeys(NioEventLoop.java:534)
	io.netty.channel.nio.NioEventLoop.run(NioEventLoop.java:496)
	io.netty.util.concurrent.SingleThreadEventExecutor$5.run(SingleThreadEventExecutor.java:906)
	io.netty.util.internal.ThreadExecutorMap$2.run(ThreadExecutorMap.java:74)
	io.netty.util.concurrent.FastThreadLocalRunnable.run(FastThreadLocalRunnable.java:30)
	java.lang.Thread.run(Thread.java:748)
#5:
	Hint: 'reactor.left.httpTrafficHandler' will handle the message from this point.
	io.netty.handler.codec.http.DefaultHttpContent.touch(DefaultHttpContent.java:88)
	io.netty.handler.codec.http.DefaultHttpContent.touch(DefaultHttpContent.java:24)
	io.netty.channel.DefaultChannelPipeline.touch(DefaultChannelPipeline.java:116)
	io.netty.channel.AbstractChannelHandlerContext.invokeChannelRead(AbstractChannelHandlerContext.java:357)
	io.netty.channel.AbstractChannelHandlerContext.fireChannelRead(AbstractChannelHandlerContext.java:352)
	io.netty.channel.CombinedChannelDuplexHandler$DelegatingChannelHandlerContext.fireChannelRead(CombinedChannelDuplexHandler.java:438)
	io.netty.handler.codec.ByteToMessageDecoder.fireChannelRead(ByteToMessageDecoder.java:323)
	io.netty.handler.codec.ByteToMessageDecoder.fireChannelRead(ByteToMessageDecoder.java:310)
	io.netty.handler.codec.ByteToMessageDecoder.callDecode(ByteToMessageDecoder.java:426)
	io.netty.handler.codec.ByteToMessageDecoder.channelRead(ByteToMessageDecoder.java:278)
	io.netty.channel.CombinedChannelDuplexHandler.channelRead(CombinedChannelDuplexHandler.java:253)
	io.netty.channel.AbstractChannelHandlerContext.invokeChannelRead(AbstractChannelHandlerContext.java:374)
	io.netty.channel.AbstractChannelHandlerContext.invokeChannelRead(AbstractChannelHandlerContext.java:360)
	io.netty.channel.AbstractChannelHandlerContext.fireChannelRead(AbstractChannelHandlerContext.java:352)
	io.netty.channel.DefaultChannelPipeline$HeadContext.channelRead(DefaultChannelPipeline.java:1408)
	io.netty.channel.AbstractChannelHandlerContext.invokeChannelRead(AbstractChannelHandlerContext.java:374)
	io.netty.channel.AbstractChannelHandlerContext.invokeChannelRead(AbstractChannelHandlerContext.java:360)
	io.netty.channel.DefaultChannelPipeline.fireChannelRead(DefaultChannelPipeline.java:930)
	io.netty.channel.nio.AbstractNioByteChannel$NioByteUnsafe.read(AbstractNioByteChannel.java:163)
	io.netty.channel.nio.NioEventLoop.processSelectedKey(NioEventLoop.java:682)
	io.netty.channel.nio.NioEventLoop.processSelectedKeysOptimized(NioEventLoop.java:617)
	io.netty.channel.nio.NioEventLoop.processSelectedKeys(NioEventLoop.java:534)
	io.netty.channel.nio.NioEventLoop.run(NioEventLoop.java:496)
	io.netty.util.concurrent.SingleThreadEventExecutor$5.run(SingleThreadEventExecutor.java:906)
	io.netty.util.internal.ThreadExecutorMap$2.run(ThreadExecutorMap.java:74)
	io.netty.util.concurrent.FastThreadLocalRunnable.run(FastThreadLocalRunnable.java:30)
	java.lang.Thread.run(Thread.java:748)
Created at:
	io.netty.buffer.SimpleLeakAwareByteBuf.unwrappedDerived(SimpleLeakAwareByteBuf.java:143)
	io.netty.buffer.SimpleLeakAwareByteBuf.readRetainedSlice(SimpleLeakAwareByteBuf.java:67)
	io.netty.buffer.AdvancedLeakAwareByteBuf.readRetainedSlice(AdvancedLeakAwareByteBuf.java:107)
	io.netty.handler.codec.http.HttpObjectDecoder.decode(HttpObjectDecoder.java:336)
	io.netty.handler.codec.http.HttpServerCodec$HttpServerRequestDecoder.decode(HttpServerCodec.java:103)
	io.netty.handler.codec.ByteToMessageDecoder.decodeRemovalReentryProtection(ByteToMessageDecoder.java:502)
	io.netty.handler.codec.ByteToMessageDecoder.callDecode(ByteToMessageDecoder.java:441)
	io.netty.handler.codec.ByteToMessageDecoder.channelRead(ByteToMessageDecoder.java:278)
	io.netty.channel.CombinedChannelDuplexHandler.channelRead(CombinedChannelDuplexHandler.java:253)
	io.netty.channel.AbstractChannelHandlerContext.invokeChannelRead(AbstractChannelHandlerContext.java:374)
	io.netty.channel.AbstractChannelHandlerContext.invokeChannelRead(AbstractChannelHandlerContext.java:360)
	io.netty.channel.AbstractChannelHandlerContext.fireChannelRead(AbstractChannelHandlerContext.java:352)
	io.netty.channel.DefaultChannelPipeline$HeadContext.channelRead(DefaultChannelPipeline.java:1408)
	io.netty.channel.AbstractChannelHandlerContext.invokeChannelRead(AbstractChannelHandlerContext.java:374)
	io.netty.channel.AbstractChannelHandlerContext.invokeChannelRead(AbstractChannelHandlerContext.java:360)
	io.netty.channel.DefaultChannelPipeline.fireChannelRead(DefaultChannelPipeline.java:930)
	io.netty.channel.nio.AbstractNioByteChannel$NioByteUnsafe.read(AbstractNioByteChannel.java:163)
	io.netty.channel.nio.NioEventLoop.processSelectedKey(NioEventLoop.java:682)
	io.netty.channel.nio.NioEventLoop.processSelectedKeysOptimized(NioEventLoop.java:617)
	io.netty.channel.nio.NioEventLoop.processSelectedKeys(NioEventLoop.java:534)
	io.netty.channel.nio.NioEventLoop.run(NioEventLoop.java:496)
	io.netty.util.concurrent.SingleThreadEventExecutor$5.run(SingleThreadEventExecutor.java:906)
	io.netty.util.internal.ThreadExecutorMap$2.run(ThreadExecutorMap.java:74)
	io.netty.util.concurrent.FastThreadLocalRunnable.run(FastThreadLocalRunnable.java:30)
	java.lang.Thread.run(Thread.java:748)
: 9 leak records were discarded because they were duplicates
: 3771 leak records were discarded because the leak record count is targeted to 4. Use system property io.netty.leakDetection.targetRecords to increase the limit.
22:43:01.614 [reactor-http-nio-8] ERROR i.n.u.ResourceLeakDetector - LEAK: ByteBuf.release() was not called before it's garbage-collected. See http://netty.io/wiki/reference-counted-objects.html for more information.
Recent access records: 
#1:
	io.netty.buffer.AdvancedLeakAwareByteBuf.getBytes(AdvancedLeakAwareByteBuf.java:250)
	io.netty.buffer.CompositeByteBuf.getBytes(CompositeByteBuf.java:1029)
	io.netty.buffer.CompositeByteBuf.getBytes(CompositeByteBuf.java:48)
	io.netty.buffer.AbstractUnpooledSlicedByteBuf.getBytes(AbstractUnpooledSlicedByteBuf.java:243)
	io.netty.buffer.AbstractByteBuf.readBytes(AbstractByteBuf.java:889)
	io.netty.buffer.AbstractByteBuf.readBytes(AbstractByteBuf.java:896)
	io.netty.buffer.WrappedByteBuf.readBytes(WrappedByteBuf.java:649)
	io.netty.buffer.AdvancedLeakAwareByteBuf.readBytes(AdvancedLeakAwareByteBuf.java:497)
	org.springframework.core.io.buffer.NettyDataBuffer.read(NettyDataBuffer.java:159)
	org.springframework.core.io.buffer.NettyDataBuffer.read(NettyDataBuffer.java:43)
	org.springframework.http.codec.multipart.DefaultMultipartMessageReader.toHeaders(DefaultMultipartMessageReader.java:229)
	org.springframework.http.codec.multipart.DefaultMultipartMessageReader.toPart(DefaultMultipartMessageReader.java:197)
	reactor.core.publisher.FluxMap$MapConditionalSubscriber.onNext(FluxMap.java:199)
	reactor.core.publisher.FluxTakeWhile$TakeWhileSubscriber.onNext(FluxTakeWhile.java:94)
	reactor.core.publisher.FluxContextStart$ContextStartSubscriber.onNext(FluxContextStart.java:103)
	reactor.core.publisher.FluxMap$MapConditionalSubscriber.onNext(FluxMap.java:213)
	reactor.core.publisher.FluxBufferPredicate$BufferPredicateSubscriber.emit(FluxBufferPredicate.java:290)
	reactor.core.publisher.FluxBufferPredicate$BufferPredicateSubscriber.onNextNewBuffer(FluxBufferPredicate.java:257)
	reactor.core.publisher.FluxBufferPredicate$BufferPredicateSubscriber.tryOnNext(FluxBufferPredicate.java:211)
	reactor.core.publisher.FluxBufferPredicate$BufferPredicateSubscriber.onNext(FluxBufferPredicate.java:184)
	reactor.core.publisher.FluxFlatMap$FlatMapMain.drainLoop(FluxFlatMap.java:664)
	reactor.core.publisher.FluxFlatMap$FlatMapMain.drain(FluxFlatMap.java:540)
	reactor.core.publisher.FluxFlatMap$FlatMapInner.onSubscribe(FluxFlatMap.java:924)
	reactor.core.publisher.FluxIterable.subscribe(FluxIterable.java:139)
	reactor.core.publisher.FluxIterable.subscribe(FluxIterable.java:63)
	reactor.core.publisher.Flux.subscribe(Flux.java:7922)
	reactor.core.publisher.FluxFlatMap$FlatMapMain.onNext(FluxFlatMap.java:389)
	reactor.core.publisher.FluxConcatMap$ConcatMapImmediate.innerNext(FluxConcatMap.java:275)
	reactor.core.publisher.FluxConcatMap$ConcatMapInner.onNext(FluxConcatMap.java:849)
	reactor.core.publisher.FluxConcatMap$WeakScalarSubscription.request(FluxConcatMap.java:470)
	reactor.core.publisher.Operators$MultiSubscriptionSubscriber.set(Operators.java:1939)
	reactor.core.publisher.FluxConcatMap$ConcatMapImmediate.drain(FluxConcatMap.java:436)
	reactor.core.publisher.FluxConcatMap$ConcatMapImmediate.onNext(FluxConcatMap.java:244)
	reactor.core.publisher.FluxMap$MapSubscriber.onNext(FluxMap.java:114)
	reactor.core.publisher.FluxPeek$PeekSubscriber.onNext(FluxPeek.java:192)
	reactor.core.publisher.FluxMap$MapSubscriber.onNext(FluxMap.java:114)
	reactor.netty.channel.FluxReceive.drainReceiver(FluxReceive.java:206)
	reactor.netty.channel.FluxReceive.onInboundNext(FluxReceive.java:322)
	reactor.netty.channel.ChannelOperations.onInboundNext(ChannelOperations.java:335)
	reactor.netty.http.server.HttpServerOperations.onInboundNext(HttpServerOperations.java:456)
	reactor.netty.channel.ChannelOperationsHandler.channelRead(ChannelOperationsHandler.java:91)
	io.netty.channel.AbstractChannelHandlerContext.invokeChannelRead(AbstractChannelHandlerContext.java:374)
	io.netty.channel.AbstractChannelHandlerContext.invokeChannelRead(AbstractChannelHandlerContext.java:360)
	io.netty.channel.AbstractChannelHandlerContext.fireChannelRead(AbstractChannelHandlerContext.java:352)
	reactor.netty.http.server.HttpTrafficHandler.channelRead(HttpTrafficHandler.java:190)
	io.netty.channel.AbstractChannelHandlerContext.invokeChannelRead(AbstractChannelHandlerContext.java:374)
	io.netty.channel.AbstractChannelHandlerContext.invokeChannelRead(AbstractChannelHandlerContext.java:360)
	io.netty.channel.AbstractChannelHandlerContext.fireChannelRead(AbstractChannelHandlerContext.java:352)
	io.netty.channel.CombinedChannelDuplexHandler$DelegatingChannelHandlerContext.fireChannelRead(CombinedChannelDuplexHandler.java:438)
	io.netty.handler.codec.ByteToMessageDecoder.fireChannelRead(ByteToMessageDecoder.java:323)
	io.netty.handler.codec.ByteToMessageDecoder.fireChannelRead(ByteToMessageDecoder.java:310)
	io.netty.handler.codec.ByteToMessageDecoder.callDecode(ByteToMessageDecoder.java:426)
	io.netty.handler.codec.ByteToMessageDecoder.channelRead(ByteToMessageDecoder.java:278)
	io.netty.channel.CombinedChannelDuplexHandler.channelRead(CombinedChannelDuplexHandler.java:253)
	io.netty.channel.AbstractChannelHandlerContext.invokeChannelRead(AbstractChannelHandlerContext.java:374)
	io.netty.channel.AbstractChannelHandlerContext.invokeChannelRead(AbstractChannelHandlerContext.java:360)
	io.netty.channel.AbstractChannelHandlerContext.fireChannelRead(AbstractChannelHandlerContext.java:352)
	io.netty.channel.DefaultChannelPipeline$HeadContext.channelRead(DefaultChannelPipeline.java:1408)
	io.netty.channel.AbstractChannelHandlerContext.invokeChannelRead(AbstractChannelHandlerContext.java:374)
	io.netty.channel.AbstractChannelHandlerContext.invokeChannelRead(AbstractChannelHandlerContext.java:360)
	io.netty.channel.DefaultChannelPipeline.fireChannelRead(DefaultChannelPipeline.java:930)
	io.netty.channel.nio.AbstractNioByteChannel$NioByteUnsafe.read(AbstractNioByteChannel.java:163)
	io.netty.channel.nio.NioEventLoop.processSelectedKey(NioEventLoop.java:682)
	io.netty.channel.nio.NioEventLoop.processSelectedKeysOptimized(NioEventLoop.java:617)
	io.netty.channel.nio.NioEventLoop.processSelectedKeys(NioEventLoop.java:534)
	io.netty.channel.nio.NioEventLoop.run(NioEventLoop.java:496)
	io.netty.util.concurrent.SingleThreadEventExecutor$5.run(SingleThreadEventExecutor.java:906)
	io.netty.util.internal.ThreadExecutorMap$2.run(ThreadExecutorMap.java:74)
	io.netty.util.concurrent.FastThreadLocalRunnable.run(FastThreadLocalRunnable.java:30)
	java.lang.Thread.run(Thread.java:748)
#2:
	io.netty.buffer.AdvancedLeakAwareByteBuf.getByte(AdvancedLeakAwareByteBuf.java:154)
	org.springframework.core.io.buffer.NettyDataBuffer.getByte(NettyDataBuffer.java:132)
	org.springframework.core.io.buffer.DataBufferUtils$KnuthMorrisPrattMatcher.match(DataBufferUtils.java:1005)
	org.springframework.core.io.buffer.DataBufferUtils.endFrameAfterDelimiter(DataBufferUtils.java:634)
	org.springframework.core.io.buffer.DataBufferUtils.lambda$split$18(DataBufferUtils.java:603)
	reactor.core.publisher.FluxFlatMap$FlatMapMain.onNext(FluxFlatMap.java:350)
	reactor.core.publisher.FluxConcatMap$ConcatMapImmediate.innerNext(FluxConcatMap.java:275)
	reactor.core.publisher.FluxConcatMap$ConcatMapInner.onNext(FluxConcatMap.java:849)
	reactor.core.publisher.FluxConcatMap$WeakScalarSubscription.request(FluxConcatMap.java:470)
	reactor.core.publisher.Operators$MultiSubscriptionSubscriber.set(Operators.java:1939)
	reactor.core.publisher.FluxConcatMap$ConcatMapImmediate.drain(FluxConcatMap.java:436)
	reactor.core.publisher.FluxConcatMap$ConcatMapImmediate.onNext(FluxConcatMap.java:244)
	reactor.core.publisher.FluxMap$MapSubscriber.onNext(FluxMap.java:114)
	reactor.core.publisher.FluxPeek$PeekSubscriber.onNext(FluxPeek.java:192)
	reactor.core.publisher.FluxMap$MapSubscriber.onNext(FluxMap.java:114)
	reactor.netty.channel.FluxReceive.drainReceiver(FluxReceive.java:206)
	reactor.netty.channel.FluxReceive.onInboundNext(FluxReceive.java:322)
	reactor.netty.channel.ChannelOperations.onInboundNext(ChannelOperations.java:335)
	reactor.netty.http.server.HttpServerOperations.onInboundNext(HttpServerOperations.java:456)
	reactor.netty.channel.ChannelOperationsHandler.channelRead(ChannelOperationsHandler.java:91)
	io.netty.channel.AbstractChannelHandlerContext.invokeChannelRead(AbstractChannelHandlerContext.java:374)
	io.netty.channel.AbstractChannelHandlerContext.invokeChannelRead(AbstractChannelHandlerContext.java:360)
	io.netty.channel.AbstractChannelHandlerContext.fireChannelRead(AbstractChannelHandlerContext.java:352)
	reactor.netty.http.server.HttpTrafficHandler.channelRead(HttpTrafficHandler.java:190)
	io.netty.channel.AbstractChannelHandlerContext.invokeChannelRead(AbstractChannelHandlerContext.java:374)
	io.netty.channel.AbstractChannelHandlerContext.invokeChannelRead(AbstractChannelHandlerContext.java:360)
	io.netty.channel.AbstractChannelHandlerContext.fireChannelRead(AbstractChannelHandlerContext.java:352)
	io.netty.channel.CombinedChannelDuplexHandler$DelegatingChannelHandlerContext.fireChannelRead(CombinedChannelDuplexHandler.java:438)
	io.netty.handler.codec.ByteToMessageDecoder.fireChannelRead(ByteToMessageDecoder.java:323)
	io.netty.handler.codec.ByteToMessageDecoder.fireChannelRead(ByteToMessageDecoder.java:310)
	io.netty.handler.codec.ByteToMessageDecoder.callDecode(ByteToMessageDecoder.java:426)
	io.netty.handler.codec.ByteToMessageDecoder.channelRead(ByteToMessageDecoder.java:278)
	io.netty.channel.CombinedChannelDuplexHandler.channelRead(CombinedChannelDuplexHandler.java:253)
	io.netty.channel.AbstractChannelHandlerContext.invokeChannelRead(AbstractChannelHandlerContext.java:374)
	io.netty.channel.AbstractChannelHandlerContext.invokeChannelRead(AbstractChannelHandlerContext.java:360)
	io.netty.channel.AbstractChannelHandlerContext.fireChannelRead(AbstractChannelHandlerContext.java:352)
	io.netty.channel.DefaultChannelPipeline$HeadContext.channelRead(DefaultChannelPipeline.java:1408)
	io.netty.channel.AbstractChannelHandlerContext.invokeChannelRead(AbstractChannelHandlerContext.java:374)
	io.netty.channel.AbstractChannelHandlerContext.invokeChannelRead(AbstractChannelHandlerContext.java:360)
	io.netty.channel.DefaultChannelPipeline.fireChannelRead(DefaultChannelPipeline.java:930)
	io.netty.channel.nio.AbstractNioByteChannel$NioByteUnsafe.read(AbstractNioByteChannel.java:163)
	io.netty.channel.nio.NioEventLoop.processSelectedKey(NioEventLoop.java:682)
	io.netty.channel.nio.NioEventLoop.processSelectedKeysOptimized(NioEventLoop.java:617)
	io.netty.channel.nio.NioEventLoop.processSelectedKeys(NioEventLoop.java:534)
	io.netty.channel.nio.NioEventLoop.run(NioEventLoop.java:496)
	io.netty.util.concurrent.SingleThreadEventExecutor$5.run(SingleThreadEventExecutor.java:906)
	io.netty.util.internal.ThreadExecutorMap$2.run(ThreadExecutorMap.java:74)
	io.netty.util.concurrent.FastThreadLocalRunnable.run(FastThreadLocalRunnable.java:30)
	java.lang.Thread.run(Thread.java:748)
#3:
	org.springframework.core.io.buffer.NettyDataBufferFactory.wrap(NettyDataBufferFactory.java:93)
	reactor.core.publisher.FluxMap$MapSubscriber.onNext(FluxMap.java:100)
	reactor.core.publisher.FluxPeek$PeekSubscriber.onNext(FluxPeek.java:192)
	reactor.core.publisher.FluxMap$MapSubscriber.onNext(FluxMap.java:114)
	reactor.netty.channel.FluxReceive.drainReceiver(FluxReceive.java:206)
	reactor.netty.channel.FluxReceive.onInboundNext(FluxReceive.java:322)
	reactor.netty.channel.ChannelOperations.onInboundNext(ChannelOperations.java:335)
	reactor.netty.http.server.HttpServerOperations.onInboundNext(HttpServerOperations.java:456)
	reactor.netty.channel.ChannelOperationsHandler.channelRead(ChannelOperationsHandler.java:91)
	io.netty.channel.AbstractChannelHandlerContext.invokeChannelRead(AbstractChannelHandlerContext.java:374)
	io.netty.channel.AbstractChannelHandlerContext.invokeChannelRead(AbstractChannelHandlerContext.java:360)
	io.netty.channel.AbstractChannelHandlerContext.fireChannelRead(AbstractChannelHandlerContext.java:352)
	reactor.netty.http.server.HttpTrafficHandler.channelRead(HttpTrafficHandler.java:190)
	io.netty.channel.AbstractChannelHandlerContext.invokeChannelRead(AbstractChannelHandlerContext.java:374)
	io.netty.channel.AbstractChannelHandlerContext.invokeChannelRead(AbstractChannelHandlerContext.java:360)
	io.netty.channel.AbstractChannelHandlerContext.fireChannelRead(AbstractChannelHandlerContext.java:352)
	io.netty.channel.CombinedChannelDuplexHandler$DelegatingChannelHandlerContext.fireChannelRead(CombinedChannelDuplexHandler.java:438)
	io.netty.handler.codec.ByteToMessageDecoder.fireChannelRead(ByteToMessageDecoder.java:323)
	io.netty.handler.codec.ByteToMessageDecoder.fireChannelRead(ByteToMessageDecoder.java:310)
	io.netty.handler.codec.ByteToMessageDecoder.callDecode(ByteToMessageDecoder.java:426)
	io.netty.handler.codec.ByteToMessageDecoder.channelRead(ByteToMessageDecoder.java:278)
	io.netty.channel.CombinedChannelDuplexHandler.channelRead(CombinedChannelDuplexHandler.java:253)
	io.netty.channel.AbstractChannelHandlerContext.invokeChannelRead(AbstractChannelHandlerContext.java:374)
	io.netty.channel.AbstractChannelHandlerContext.invokeChannelRead(AbstractChannelHandlerContext.java:360)
	io.netty.channel.AbstractChannelHandlerContext.fireChannelRead(AbstractChannelHandlerContext.java:352)
	io.netty.channel.DefaultChannelPipeline$HeadContext.channelRead(DefaultChannelPipeline.java:1408)
	io.netty.channel.AbstractChannelHandlerContext.invokeChannelRead(AbstractChannelHandlerContext.java:374)
	io.netty.channel.AbstractChannelHandlerContext.invokeChannelRead(AbstractChannelHandlerContext.java:360)
	io.netty.channel.DefaultChannelPipeline.fireChannelRead(DefaultChannelPipeline.java:930)
	io.netty.channel.nio.AbstractNioByteChannel$NioByteUnsafe.read(AbstractNioByteChannel.java:163)
	io.netty.channel.nio.NioEventLoop.processSelectedKey(NioEventLoop.java:682)
	io.netty.channel.nio.NioEventLoop.processSelectedKeysOptimized(NioEventLoop.java:617)
	io.netty.channel.nio.NioEventLoop.processSelectedKeys(NioEventLoop.java:534)
	io.netty.channel.nio.NioEventLoop.run(NioEventLoop.java:496)
	io.netty.util.concurrent.SingleThreadEventExecutor$5.run(SingleThreadEventExecutor.java:906)
	io.netty.util.internal.ThreadExecutorMap$2.run(ThreadExecutorMap.java:74)
	io.netty.util.concurrent.FastThreadLocalRunnable.run(FastThreadLocalRunnable.java:30)
	java.lang.Thread.run(Thread.java:748)
#4:
	reactor.core.publisher.FluxPeek$PeekSubscriber.onNext(FluxPeek.java:177)
	reactor.core.publisher.FluxMap$MapSubscriber.onNext(FluxMap.java:114)
	reactor.netty.channel.FluxReceive.drainReceiver(FluxReceive.java:206)
	reactor.netty.channel.FluxReceive.onInboundNext(FluxReceive.java:322)
	reactor.netty.channel.ChannelOperations.onInboundNext(ChannelOperations.java:335)
	reactor.netty.http.server.HttpServerOperations.onInboundNext(HttpServerOperations.java:456)
	reactor.netty.channel.ChannelOperationsHandler.channelRead(ChannelOperationsHandler.java:91)
	io.netty.channel.AbstractChannelHandlerContext.invokeChannelRead(AbstractChannelHandlerContext.java:374)
	io.netty.channel.AbstractChannelHandlerContext.invokeChannelRead(AbstractChannelHandlerContext.java:360)
	io.netty.channel.AbstractChannelHandlerContext.fireChannelRead(AbstractChannelHandlerContext.java:352)
	reactor.netty.http.server.HttpTrafficHandler.channelRead(HttpTrafficHandler.java:190)
	io.netty.channel.AbstractChannelHandlerContext.invokeChannelRead(AbstractChannelHandlerContext.java:374)
	io.netty.channel.AbstractChannelHandlerContext.invokeChannelRead(AbstractChannelHandlerContext.java:360)
	io.netty.channel.AbstractChannelHandlerContext.fireChannelRead(AbstractChannelHandlerContext.java:352)
	io.netty.channel.CombinedChannelDuplexHandler$DelegatingChannelHandlerContext.fireChannelRead(CombinedChannelDuplexHandler.java:438)
	io.netty.handler.codec.ByteToMessageDecoder.fireChannelRead(ByteToMessageDecoder.java:323)
	io.netty.handler.codec.ByteToMessageDecoder.fireChannelRead(ByteToMessageDecoder.java:310)
	io.netty.handler.codec.ByteToMessageDecoder.callDecode(ByteToMessageDecoder.java:426)
	io.netty.handler.codec.ByteToMessageDecoder.channelRead(ByteToMessageDecoder.java:278)
	io.netty.channel.CombinedChannelDuplexHandler.channelRead(CombinedChannelDuplexHandler.java:253)
	io.netty.channel.AbstractChannelHandlerContext.invokeChannelRead(AbstractChannelHandlerContext.java:374)
	io.netty.channel.AbstractChannelHandlerContext.invokeChannelRead(AbstractChannelHandlerContext.java:360)
	io.netty.channel.AbstractChannelHandlerContext.fireChannelRead(AbstractChannelHandlerContext.java:352)
	io.netty.channel.DefaultChannelPipeline$HeadContext.channelRead(DefaultChannelPipeline.java:1408)
	io.netty.channel.AbstractChannelHandlerContext.invokeChannelRead(AbstractChannelHandlerContext.java:374)
	io.netty.channel.AbstractChannelHandlerContext.invokeChannelRead(AbstractChannelHandlerContext.java:360)
	io.netty.channel.DefaultChannelPipeline.fireChannelRead(DefaultChannelPipeline.java:930)
	io.netty.channel.nio.AbstractNioByteChannel$NioByteUnsafe.read(AbstractNioByteChannel.java:163)
	io.netty.channel.nio.NioEventLoop.processSelectedKey(NioEventLoop.java:682)
	io.netty.channel.nio.NioEventLoop.processSelectedKeysOptimized(NioEventLoop.java:617)
	io.netty.channel.nio.NioEventLoop.processSelectedKeys(NioEventLoop.java:534)
	io.netty.channel.nio.NioEventLoop.run(NioEventLoop.java:496)
	io.netty.util.concurrent.SingleThreadEventExecutor$5.run(SingleThreadEventExecutor.java:906)
	io.netty.util.internal.ThreadExecutorMap$2.run(ThreadExecutorMap.java:74)
	io.netty.util.concurrent.FastThreadLocalRunnable.run(FastThreadLocalRunnable.java:30)
	java.lang.Thread.run(Thread.java:748)
#5:
	Hint: 'reactor.right.reactiveBridge' will handle the message from this point.
	io.netty.handler.codec.http.DefaultHttpContent.touch(DefaultHttpContent.java:88)
	io.netty.handler.codec.http.DefaultHttpContent.touch(DefaultHttpContent.java:24)
	io.netty.channel.DefaultChannelPipeline.touch(DefaultChannelPipeline.java:116)
	io.netty.channel.AbstractChannelHandlerContext.invokeChannelRead(AbstractChannelHandlerContext.java:357)
	io.netty.channel.AbstractChannelHandlerContext.fireChannelRead(AbstractChannelHandlerContext.java:352)
	reactor.netty.http.server.HttpTrafficHandler.channelRead(HttpTrafficHandler.java:190)
	io.netty.channel.AbstractChannelHandlerContext.invokeChannelRead(AbstractChannelHandlerContext.java:374)
	io.netty.channel.AbstractChannelHandlerContext.invokeChannelRead(AbstractChannelHandlerContext.java:360)
	io.netty.channel.AbstractChannelHandlerContext.fireChannelRead(AbstractChannelHandlerContext.java:352)
	io.netty.channel.CombinedChannelDuplexHandler$DelegatingChannelHandlerContext.fireChannelRead(CombinedChannelDuplexHandler.java:438)
	io.netty.handler.codec.ByteToMessageDecoder.fireChannelRead(ByteToMessageDecoder.java:323)
	io.netty.handler.codec.ByteToMessageDecoder.fireChannelRead(ByteToMessageDecoder.java:310)
	io.netty.handler.codec.ByteToMessageDecoder.callDecode(ByteToMessageDecoder.java:426)
	io.netty.handler.codec.ByteToMessageDecoder.channelRead(ByteToMessageDecoder.java:278)
	io.netty.channel.CombinedChannelDuplexHandler.channelRead(CombinedChannelDuplexHandler.java:253)
	io.netty.channel.AbstractChannelHandlerContext.invokeChannelRead(AbstractChannelHandlerContext.java:374)
	io.netty.channel.AbstractChannelHandlerContext.invokeChannelRead(AbstractChannelHandlerContext.java:360)
	io.netty.channel.AbstractChannelHandlerContext.fireChannelRead(AbstractChannelHandlerContext.java:352)
	io.netty.channel.DefaultChannelPipeline$HeadContext.channelRead(DefaultChannelPipeline.java:1408)
	io.netty.channel.AbstractChannelHandlerContext.invokeChannelRead(AbstractChannelHandlerContext.java:374)
	io.netty.channel.AbstractChannelHandlerContext.invokeChannelRead(AbstractChannelHandlerContext.java:360)
	io.netty.channel.DefaultChannelPipeline.fireChannelRead(DefaultChannelPipeline.java:930)
	io.netty.channel.nio.AbstractNioByteChannel$NioByteUnsafe.read(AbstractNioByteChannel.java:163)
	io.netty.channel.nio.NioEventLoop.processSelectedKey(NioEventLoop.java:682)
	io.netty.channel.nio.NioEventLoop.processSelectedKeysOptimized(NioEventLoop.java:617)
	io.netty.channel.nio.NioEventLoop.processSelectedKeys(NioEventLoop.java:534)
	io.netty.channel.nio.NioEventLoop.run(NioEventLoop.java:496)
	io.netty.util.concurrent.SingleThreadEventExecutor$5.run(SingleThreadEventExecutor.java:906)
	io.netty.util.internal.ThreadExecutorMap$2.run(ThreadExecutorMap.java:74)
	io.netty.util.concurrent.FastThreadLocalRunnable.run(FastThreadLocalRunnable.java:30)
	java.lang.Thread.run(Thread.java:748)
#6:
	Hint: 'reactor.left.httpTrafficHandler' will handle the message from this point.
	io.netty.handler.codec.http.DefaultHttpContent.touch(DefaultHttpContent.java:88)
	io.netty.handler.codec.http.DefaultHttpContent.touch(DefaultHttpContent.java:24)
	io.netty.channel.DefaultChannelPipeline.touch(DefaultChannelPipeline.java:116)
	io.netty.channel.AbstractChannelHandlerContext.invokeChannelRead(AbstractChannelHandlerContext.java:357)
	io.netty.channel.AbstractChannelHandlerContext.fireChannelRead(AbstractChannelHandlerContext.java:352)
	io.netty.channel.CombinedChannelDuplexHandler$DelegatingChannelHandlerContext.fireChannelRead(CombinedChannelDuplexHandler.java:438)
	io.netty.handler.codec.ByteToMessageDecoder.fireChannelRead(ByteToMessageDecoder.java:323)
	io.netty.handler.codec.ByteToMessageDecoder.fireChannelRead(ByteToMessageDecoder.java:310)
	io.netty.handler.codec.ByteToMessageDecoder.callDecode(ByteToMessageDecoder.java:426)
	io.netty.handler.codec.ByteToMessageDecoder.channelRead(ByteToMessageDecoder.java:278)
	io.netty.channel.CombinedChannelDuplexHandler.channelRead(CombinedChannelDuplexHandler.java:253)
	io.netty.channel.AbstractChannelHandlerContext.invokeChannelRead(AbstractChannelHandlerContext.java:374)
	io.netty.channel.AbstractChannelHandlerContext.invokeChannelRead(AbstractChannelHandlerContext.java:360)
	io.netty.channel.AbstractChannelHandlerContext.fireChannelRead(AbstractChannelHandlerContext.java:352)
	io.netty.channel.DefaultChannelPipeline$HeadContext.channelRead(DefaultChannelPipeline.java:1408)
	io.netty.channel.AbstractChannelHandlerContext.invokeChannelRead(AbstractChannelHandlerContext.java:374)
	io.netty.channel.AbstractChannelHandlerContext.invokeChannelRead(AbstractChannelHandlerContext.java:360)
	io.netty.channel.DefaultChannelPipeline.fireChannelRead(DefaultChannelPipeline.java:930)
	io.netty.channel.nio.AbstractNioByteChannel$NioByteUnsafe.read(AbstractNioByteChannel.java:163)
	io.netty.channel.nio.NioEventLoop.processSelectedKey(NioEventLoop.java:682)
	io.netty.channel.nio.NioEventLoop.processSelectedKeysOptimized(NioEventLoop.java:617)
	io.netty.channel.nio.NioEventLoop.processSelectedKeys(NioEventLoop.java:534)
	io.netty.channel.nio.NioEventLoop.run(NioEventLoop.java:496)
	io.netty.util.concurrent.SingleThreadEventExecutor$5.run(SingleThreadEventExecutor.java:906)
	io.netty.util.internal.ThreadExecutorMap$2.run(ThreadExecutorMap.java:74)
	io.netty.util.concurrent.FastThreadLocalRunnable.run(FastThreadLocalRunnable.java:30)
	java.lang.Thread.run(Thread.java:748)
Created at:
	io.netty.buffer.SimpleLeakAwareByteBuf.unwrappedDerived(SimpleLeakAwareByteBuf.java:143)
	io.netty.buffer.SimpleLeakAwareByteBuf.readRetainedSlice(SimpleLeakAwareByteBuf.java:67)
	io.netty.buffer.AdvancedLeakAwareByteBuf.readRetainedSlice(AdvancedLeakAwareByteBuf.java:107)
	io.netty.handler.codec.http.HttpObjectDecoder.decode(HttpObjectDecoder.java:336)
	io.netty.handler.codec.http.HttpServerCodec$HttpServerRequestDecoder.decode(HttpServerCodec.java:103)
	io.netty.handler.codec.ByteToMessageDecoder.decodeRemovalReentryProtection(ByteToMessageDecoder.java:502)
	io.netty.handler.codec.ByteToMessageDecoder.callDecode(ByteToMessageDecoder.java:441)
	io.netty.handler.codec.ByteToMessageDecoder.channelRead(ByteToMessageDecoder.java:278)
	io.netty.channel.CombinedChannelDuplexHandler.channelRead(CombinedChannelDuplexHandler.java:253)
	io.netty.channel.AbstractChannelHandlerContext.invokeChannelRead(AbstractChannelHandlerContext.java:374)
	io.netty.channel.AbstractChannelHandlerContext.invokeChannelRead(AbstractChannelHandlerContext.java:360)
	io.netty.channel.AbstractChannelHandlerContext.fireChannelRead(AbstractChannelHandlerContext.java:352)
	io.netty.channel.DefaultChannelPipeline$HeadContext.channelRead(DefaultChannelPipeline.java:1408)
	io.netty.channel.AbstractChannelHandlerContext.invokeChannelRead(AbstractChannelHandlerContext.java:374)
	io.netty.channel.AbstractChannelHandlerContext.invokeChannelRead(AbstractChannelHandlerContext.java:360)
	io.netty.channel.DefaultChannelPipeline.fireChannelRead(DefaultChannelPipeline.java:930)
	io.netty.channel.nio.AbstractNioByteChannel$NioByteUnsafe.read(AbstractNioByteChannel.java:163)
	io.netty.channel.nio.NioEventLoop.processSelectedKey(NioEventLoop.java:682)
	io.netty.channel.nio.NioEventLoop.processSelectedKeysOptimized(NioEventLoop.java:617)
	io.netty.channel.nio.NioEventLoop.processSelectedKeys(NioEventLoop.java:534)
	io.netty.channel.nio.NioEventLoop.run(NioEventLoop.java:496)
	io.netty.util.concurrent.SingleThreadEventExecutor$5.run(SingleThreadEventExecutor.java:906)
	io.netty.util.internal.ThreadExecutorMap$2.run(ThreadExecutorMap.java:74)
	io.netty.util.concurrent.FastThreadLocalRunnable.run(FastThreadLocalRunnable.java:30)
	java.lang.Thread.run(Thread.java:748)
: 3 leak records were discarded because they were duplicates
: 244 leak records were discarded because the leak record count is targeted to 4. Use system property io.netty.leakDetection.targetRecords to increase the limit.
22:43:01.616 [reactor-http-nio-8] ERROR i.n.u.ResourceLeakDetector - LEAK: ByteBuf.release() was not called before it's garbage-collected. See http://netty.io/wiki/reference-counted-objects.html for more information.
Recent access records: 
#1:
	io.netty.buffer.AdvancedLeakAwareByteBuf.getBytes(AdvancedLeakAwareByteBuf.java:250)
	io.netty.buffer.CompositeByteBuf.getBytes(CompositeByteBuf.java:1029)
	io.netty.buffer.CompositeByteBuf.getBytes(CompositeByteBuf.java:48)
	io.netty.buffer.AbstractUnpooledSlicedByteBuf.getBytes(AbstractUnpooledSlicedByteBuf.java:243)
	io.netty.buffer.AbstractByteBuf.readBytes(AbstractByteBuf.java:889)
	io.netty.buffer.AbstractByteBuf.readBytes(AbstractByteBuf.java:896)
	io.netty.buffer.WrappedByteBuf.readBytes(WrappedByteBuf.java:649)
	io.netty.buffer.AdvancedLeakAwareByteBuf.readBytes(AdvancedLeakAwareByteBuf.java:497)
	org.springframework.core.io.buffer.NettyDataBuffer.read(NettyDataBuffer.java:159)
	org.springframework.core.io.buffer.NettyDataBuffer.read(NettyDataBuffer.java:43)
	org.springframework.http.codec.multipart.DefaultMultipartMessageReader.toHeaders(DefaultMultipartMessageReader.java:229)
	org.springframework.http.codec.multipart.DefaultMultipartMessageReader.toPart(DefaultMultipartMessageReader.java:197)
	reactor.core.publisher.FluxMap$MapConditionalSubscriber.onNext(FluxMap.java:199)
	reactor.core.publisher.FluxTakeWhile$TakeWhileSubscriber.onNext(FluxTakeWhile.java:94)
	reactor.core.publisher.FluxContextStart$ContextStartSubscriber.onNext(FluxContextStart.java:103)
	reactor.core.publisher.FluxMap$MapConditionalSubscriber.onNext(FluxMap.java:213)
	reactor.core.publisher.FluxBufferPredicate$BufferPredicateSubscriber.emit(FluxBufferPredicate.java:290)
	reactor.core.publisher.FluxBufferPredicate$BufferPredicateSubscriber.onNextNewBuffer(FluxBufferPredicate.java:257)
	reactor.core.publisher.FluxBufferPredicate$BufferPredicateSubscriber.tryOnNext(FluxBufferPredicate.java:211)
	reactor.core.publisher.FluxBufferPredicate$BufferPredicateSubscriber.onNext(FluxBufferPredicate.java:184)
	reactor.core.publisher.FluxFlatMap$FlatMapMain.drainLoop(FluxFlatMap.java:664)
	reactor.core.publisher.FluxFlatMap$FlatMapMain.drain(FluxFlatMap.java:540)
	reactor.core.publisher.FluxFlatMap$FlatMapInner.onSubscribe(FluxFlatMap.java:924)
	reactor.core.publisher.FluxIterable.subscribe(FluxIterable.java:139)
	reactor.core.publisher.FluxIterable.subscribe(FluxIterable.java:63)
	reactor.core.publisher.Flux.subscribe(Flux.java:7922)
	reactor.core.publisher.FluxFlatMap$FlatMapMain.onNext(FluxFlatMap.java:389)
	reactor.core.publisher.FluxConcatMap$ConcatMapImmediate.innerNext(FluxConcatMap.java:275)
	reactor.core.publisher.FluxConcatMap$ConcatMapInner.onNext(FluxConcatMap.java:849)
	reactor.core.publisher.FluxConcatMap$WeakScalarSubscription.request(FluxConcatMap.java:470)
	reactor.core.publisher.Operators$MultiSubscriptionSubscriber.set(Operators.java:1939)
	reactor.core.publisher.FluxConcatMap$ConcatMapImmediate.drain(FluxConcatMap.java:436)
	reactor.core.publisher.FluxConcatMap$ConcatMapImmediate.onNext(FluxConcatMap.java:244)
	reactor.core.publisher.FluxMap$MapSubscriber.onNext(FluxMap.java:114)
	reactor.core.publisher.FluxPeek$PeekSubscriber.onNext(FluxPeek.java:192)
	reactor.core.publisher.FluxMap$MapSubscriber.onNext(FluxMap.java:114)
	reactor.netty.channel.FluxReceive.drainReceiver(FluxReceive.java:206)
	reactor.netty.channel.FluxReceive.onInboundNext(FluxReceive.java:322)
	reactor.netty.channel.ChannelOperations.onInboundNext(ChannelOperations.java:335)
	reactor.netty.http.server.HttpServerOperations.onInboundNext(HttpServerOperations.java:456)
	reactor.netty.channel.ChannelOperationsHandler.channelRead(ChannelOperationsHandler.java:91)
	io.netty.channel.AbstractChannelHandlerContext.invokeChannelRead(AbstractChannelHandlerContext.java:374)
	io.netty.channel.AbstractChannelHandlerContext.invokeChannelRead(AbstractChannelHandlerContext.java:360)
	io.netty.channel.AbstractChannelHandlerContext.fireChannelRead(AbstractChannelHandlerContext.java:352)
	reactor.netty.http.server.HttpTrafficHandler.channelRead(HttpTrafficHandler.java:190)
	io.netty.channel.AbstractChannelHandlerContext.invokeChannelRead(AbstractChannelHandlerContext.java:374)
	io.netty.channel.AbstractChannelHandlerContext.invokeChannelRead(AbstractChannelHandlerContext.java:360)
	io.netty.channel.AbstractChannelHandlerContext.fireChannelRead(AbstractChannelHandlerContext.java:352)
	io.netty.channel.CombinedChannelDuplexHandler$DelegatingChannelHandlerContext.fireChannelRead(CombinedChannelDuplexHandler.java:438)
	io.netty.handler.codec.ByteToMessageDecoder.fireChannelRead(ByteToMessageDecoder.java:323)
	io.netty.handler.codec.ByteToMessageDecoder.fireChannelRead(ByteToMessageDecoder.java:310)
	io.netty.handler.codec.ByteToMessageDecoder.callDecode(ByteToMessageDecoder.java:426)
	io.netty.handler.codec.ByteToMessageDecoder.channelRead(ByteToMessageDecoder.java:278)
	io.netty.channel.CombinedChannelDuplexHandler.channelRead(CombinedChannelDuplexHandler.java:253)
	io.netty.channel.AbstractChannelHandlerContext.invokeChannelRead(AbstractChannelHandlerContext.java:374)
	io.netty.channel.AbstractChannelHandlerContext.invokeChannelRead(AbstractChannelHandlerContext.java:360)
	io.netty.channel.AbstractChannelHandlerContext.fireChannelRead(AbstractChannelHandlerContext.java:352)
	io.netty.channel.DefaultChannelPipeline$HeadContext.channelRead(DefaultChannelPipeline.java:1408)
	io.netty.channel.AbstractChannelHandlerContext.invokeChannelRead(AbstractChannelHandlerContext.java:374)
	io.netty.channel.AbstractChannelHandlerContext.invokeChannelRead(AbstractChannelHandlerContext.java:360)
	io.netty.channel.DefaultChannelPipeline.fireChannelRead(DefaultChannelPipeline.java:930)
	io.netty.channel.nio.AbstractNioByteChannel$NioByteUnsafe.read(AbstractNioByteChannel.java:163)
	io.netty.channel.nio.NioEventLoop.processSelectedKey(NioEventLoop.java:682)
	io.netty.channel.nio.NioEventLoop.processSelectedKeysOptimized(NioEventLoop.java:617)
	io.netty.channel.nio.NioEventLoop.processSelectedKeys(NioEventLoop.java:534)
	io.netty.channel.nio.NioEventLoop.run(NioEventLoop.java:496)
	io.netty.util.concurrent.SingleThreadEventExecutor$5.run(SingleThreadEventExecutor.java:906)
	io.netty.util.internal.ThreadExecutorMap$2.run(ThreadExecutorMap.java:74)
	io.netty.util.concurrent.FastThreadLocalRunnable.run(FastThreadLocalRunnable.java:30)
	java.lang.Thread.run(Thread.java:748)
#2:
	io.netty.buffer.AdvancedLeakAwareByteBuf.getByte(AdvancedLeakAwareByteBuf.java:154)
	org.springframework.core.io.buffer.NettyDataBuffer.getByte(NettyDataBuffer.java:132)
	org.springframework.core.io.buffer.DataBufferUtils$KnuthMorrisPrattMatcher.match(DataBufferUtils.java:1005)
	org.springframework.core.io.buffer.DataBufferUtils.endFrameAfterDelimiter(DataBufferUtils.java:634)
	org.springframework.core.io.buffer.DataBufferUtils.lambda$split$18(DataBufferUtils.java:603)
	reactor.core.publisher.FluxFlatMap$FlatMapMain.onNext(FluxFlatMap.java:350)
	reactor.core.publisher.FluxConcatMap$ConcatMapImmediate.innerNext(FluxConcatMap.java:275)
	reactor.core.publisher.FluxConcatMap$ConcatMapInner.onNext(FluxConcatMap.java:849)
	reactor.core.publisher.FluxConcatMap$WeakScalarSubscription.request(FluxConcatMap.java:470)
	reactor.core.publisher.Operators$MultiSubscriptionSubscriber.set(Operators.java:1939)
	reactor.core.publisher.FluxConcatMap$ConcatMapImmediate.drain(FluxConcatMap.java:436)
	reactor.core.publisher.FluxConcatMap$ConcatMapImmediate.onNext(FluxConcatMap.java:244)
	reactor.core.publisher.FluxMap$MapSubscriber.onNext(FluxMap.java:114)
	reactor.core.publisher.FluxPeek$PeekSubscriber.onNext(FluxPeek.java:192)
	reactor.core.publisher.FluxMap$MapSubscriber.onNext(FluxMap.java:114)
	reactor.netty.channel.FluxReceive.drainReceiver(FluxReceive.java:206)
	reactor.netty.channel.FluxReceive.onInboundNext(FluxReceive.java:322)
	reactor.netty.channel.ChannelOperations.onInboundNext(ChannelOperations.java:335)
	reactor.netty.http.server.HttpServerOperations.onInboundNext(HttpServerOperations.java:456)
	reactor.netty.channel.ChannelOperationsHandler.channelRead(ChannelOperationsHandler.java:91)
	io.netty.channel.AbstractChannelHandlerContext.invokeChannelRead(AbstractChannelHandlerContext.java:374)
	io.netty.channel.AbstractChannelHandlerContext.invokeChannelRead(AbstractChannelHandlerContext.java:360)
	io.netty.channel.AbstractChannelHandlerContext.fireChannelRead(AbstractChannelHandlerContext.java:352)
	reactor.netty.http.server.HttpTrafficHandler.channelRead(HttpTrafficHandler.java:190)
	io.netty.channel.AbstractChannelHandlerContext.invokeChannelRead(AbstractChannelHandlerContext.java:374)
	io.netty.channel.AbstractChannelHandlerContext.invokeChannelRead(AbstractChannelHandlerContext.java:360)
	io.netty.channel.AbstractChannelHandlerContext.fireChannelRead(AbstractChannelHandlerContext.java:352)
	io.netty.channel.CombinedChannelDuplexHandler$DelegatingChannelHandlerContext.fireChannelRead(CombinedChannelDuplexHandler.java:438)
	io.netty.handler.codec.ByteToMessageDecoder.fireChannelRead(ByteToMessageDecoder.java:323)
	io.netty.handler.codec.ByteToMessageDecoder.fireChannelRead(ByteToMessageDecoder.java:310)
	io.netty.handler.codec.ByteToMessageDecoder.callDecode(ByteToMessageDecoder.java:426)
	io.netty.handler.codec.ByteToMessageDecoder.channelRead(ByteToMessageDecoder.java:278)
	io.netty.channel.CombinedChannelDuplexHandler.channelRead(CombinedChannelDuplexHandler.java:253)
	io.netty.channel.AbstractChannelHandlerContext.invokeChannelRead(AbstractChannelHandlerContext.java:374)
	io.netty.channel.AbstractChannelHandlerContext.invokeChannelRead(AbstractChannelHandlerContext.java:360)
	io.netty.channel.AbstractChannelHandlerContext.fireChannelRead(AbstractChannelHandlerContext.java:352)
	io.netty.channel.DefaultChannelPipeline$HeadContext.channelRead(DefaultChannelPipeline.java:1408)
	io.netty.channel.AbstractChannelHandlerContext.invokeChannelRead(AbstractChannelHandlerContext.java:374)
	io.netty.channel.AbstractChannelHandlerContext.invokeChannelRead(AbstractChannelHandlerContext.java:360)
	io.netty.channel.DefaultChannelPipeline.fireChannelRead(DefaultChannelPipeline.java:930)
	io.netty.channel.nio.AbstractNioByteChannel$NioByteUnsafe.read(AbstractNioByteChannel.java:163)
	io.netty.channel.nio.NioEventLoop.processSelectedKey(NioEventLoop.java:682)
	io.netty.channel.nio.NioEventLoop.processSelectedKeysOptimized(NioEventLoop.java:617)
	io.netty.channel.nio.NioEventLoop.processSelectedKeys(NioEventLoop.java:534)
	io.netty.channel.nio.NioEventLoop.run(NioEventLoop.java:496)
	io.netty.util.concurrent.SingleThreadEventExecutor$5.run(SingleThreadEventExecutor.java:906)
	io.netty.util.internal.ThreadExecutorMap$2.run(ThreadExecutorMap.java:74)
	io.netty.util.concurrent.FastThreadLocalRunnable.run(FastThreadLocalRunnable.java:30)
	java.lang.Thread.run(Thread.java:748)
#3:
	reactor.core.publisher.FluxPeek$PeekSubscriber.onNext(FluxPeek.java:177)
	reactor.core.publisher.FluxMap$MapSubscriber.onNext(FluxMap.java:114)
	reactor.netty.channel.FluxReceive.drainReceiver(FluxReceive.java:206)
	reactor.netty.channel.FluxReceive.onInboundNext(FluxReceive.java:322)
	reactor.netty.channel.ChannelOperations.onInboundNext(ChannelOperations.java:335)
	reactor.netty.http.server.HttpServerOperations.onInboundNext(HttpServerOperations.java:456)
	reactor.netty.channel.ChannelOperationsHandler.channelRead(ChannelOperationsHandler.java:91)
	io.netty.channel.AbstractChannelHandlerContext.invokeChannelRead(AbstractChannelHandlerContext.java:374)
	io.netty.channel.AbstractChannelHandlerContext.invokeChannelRead(AbstractChannelHandlerContext.java:360)
	io.netty.channel.AbstractChannelHandlerContext.fireChannelRead(AbstractChannelHandlerContext.java:352)
	reactor.netty.http.server.HttpTrafficHandler.channelRead(HttpTrafficHandler.java:190)
	io.netty.channel.AbstractChannelHandlerContext.invokeChannelRead(AbstractChannelHandlerContext.java:374)
	io.netty.channel.AbstractChannelHandlerContext.invokeChannelRead(AbstractChannelHandlerContext.java:360)
	io.netty.channel.AbstractChannelHandlerContext.fireChannelRead(AbstractChannelHandlerContext.java:352)
	io.netty.channel.CombinedChannelDuplexHandler$DelegatingChannelHandlerContext.fireChannelRead(CombinedChannelDuplexHandler.java:438)
	io.netty.handler.codec.ByteToMessageDecoder.fireChannelRead(ByteToMessageDecoder.java:323)
	io.netty.handler.codec.ByteToMessageDecoder.fireChannelRead(ByteToMessageDecoder.java:310)
	io.netty.handler.codec.ByteToMessageDecoder.callDecode(ByteToMessageDecoder.java:426)
	io.netty.handler.codec.ByteToMessageDecoder.channelRead(ByteToMessageDecoder.java:278)
	io.netty.channel.CombinedChannelDuplexHandler.channelRead(CombinedChannelDuplexHandler.java:253)
	io.netty.channel.AbstractChannelHandlerContext.invokeChannelRead(AbstractChannelHandlerContext.java:374)
	io.netty.channel.AbstractChannelHandlerContext.invokeChannelRead(AbstractChannelHandlerContext.java:360)
	io.netty.channel.AbstractChannelHandlerContext.fireChannelRead(AbstractChannelHandlerContext.java:352)
	io.netty.channel.DefaultChannelPipeline$HeadContext.channelRead(DefaultChannelPipeline.java:1408)
	io.netty.channel.AbstractChannelHandlerContext.invokeChannelRead(AbstractChannelHandlerContext.java:374)
	io.netty.channel.AbstractChannelHandlerContext.invokeChannelRead(AbstractChannelHandlerContext.java:360)
	io.netty.channel.DefaultChannelPipeline.fireChannelRead(DefaultChannelPipeline.java:930)
	io.netty.channel.nio.AbstractNioByteChannel$NioByteUnsafe.read(AbstractNioByteChannel.java:163)
	io.netty.channel.nio.NioEventLoop.processSelectedKey(NioEventLoop.java:682)
	io.netty.channel.nio.NioEventLoop.processSelectedKeysOptimized(NioEventLoop.java:617)
	io.netty.channel.nio.NioEventLoop.processSelectedKeys(NioEventLoop.java:534)
	io.netty.channel.nio.NioEventLoop.run(NioEventLoop.java:496)
	io.netty.util.concurrent.SingleThreadEventExecutor$5.run(SingleThreadEventExecutor.java:906)
	io.netty.util.internal.ThreadExecutorMap$2.run(ThreadExecutorMap.java:74)
	io.netty.util.concurrent.FastThreadLocalRunnable.run(FastThreadLocalRunnable.java:30)
	java.lang.Thread.run(Thread.java:748)
#4:
	Hint: 'reactor.right.reactiveBridge' will handle the message from this point.
	io.netty.handler.codec.http.DefaultHttpContent.touch(DefaultHttpContent.java:88)
	io.netty.handler.codec.http.DefaultHttpContent.touch(DefaultHttpContent.java:24)
	io.netty.channel.DefaultChannelPipeline.touch(DefaultChannelPipeline.java:116)
	io.netty.channel.AbstractChannelHandlerContext.invokeChannelRead(AbstractChannelHandlerContext.java:357)
	io.netty.channel.AbstractChannelHandlerContext.fireChannelRead(AbstractChannelHandlerContext.java:352)
	reactor.netty.http.server.HttpTrafficHandler.channelRead(HttpTrafficHandler.java:190)
	io.netty.channel.AbstractChannelHandlerContext.invokeChannelRead(AbstractChannelHandlerContext.java:374)
	io.netty.channel.AbstractChannelHandlerContext.invokeChannelRead(AbstractChannelHandlerContext.java:360)
	io.netty.channel.AbstractChannelHandlerContext.fireChannelRead(AbstractChannelHandlerContext.java:352)
	io.netty.channel.CombinedChannelDuplexHandler$DelegatingChannelHandlerContext.fireChannelRead(CombinedChannelDuplexHandler.java:438)
	io.netty.handler.codec.ByteToMessageDecoder.fireChannelRead(ByteToMessageDecoder.java:323)
	io.netty.handler.codec.ByteToMessageDecoder.fireChannelRead(ByteToMessageDecoder.java:310)
	io.netty.handler.codec.ByteToMessageDecoder.callDecode(ByteToMessageDecoder.java:426)
	io.netty.handler.codec.ByteToMessageDecoder.channelRead(ByteToMessageDecoder.java:278)
	io.netty.channel.CombinedChannelDuplexHandler.channelRead(CombinedChannelDuplexHandler.java:253)
	io.netty.channel.AbstractChannelHandlerContext.invokeChannelRead(AbstractChannelHandlerContext.java:374)
	io.netty.channel.AbstractChannelHandlerContext.invokeChannelRead(AbstractChannelHandlerContext.java:360)
	io.netty.channel.AbstractChannelHandlerContext.fireChannelRead(AbstractChannelHandlerContext.java:352)
	io.netty.channel.DefaultChannelPipeline$HeadContext.channelRead(DefaultChannelPipeline.java:1408)
	io.netty.channel.AbstractChannelHandlerContext.invokeChannelRead(AbstractChannelHandlerContext.java:374)
	io.netty.channel.AbstractChannelHandlerContext.invokeChannelRead(AbstractChannelHandlerContext.java:360)
	io.netty.channel.DefaultChannelPipeline.fireChannelRead(DefaultChannelPipeline.java:930)
	io.netty.channel.nio.AbstractNioByteChannel$NioByteUnsafe.read(AbstractNioByteChannel.java:163)
	io.netty.channel.nio.NioEventLoop.processSelectedKey(NioEventLoop.java:682)
	io.netty.channel.nio.NioEventLoop.processSelectedKeysOptimized(NioEventLoop.java:617)
	io.netty.channel.nio.NioEventLoop.processSelectedKeys(NioEventLoop.java:534)
	io.netty.channel.nio.NioEventLoop.run(NioEventLoop.java:496)
	io.netty.util.concurrent.SingleThreadEventExecutor$5.run(SingleThreadEventExecutor.java:906)
	io.netty.util.internal.ThreadExecutorMap$2.run(ThreadExecutorMap.java:74)
	io.netty.util.concurrent.FastThreadLocalRunnable.run(FastThreadLocalRunnable.java:30)
	java.lang.Thread.run(Thread.java:748)
#5:
	Hint: 'reactor.left.httpTrafficHandler' will handle the message from this point.
	io.netty.handler.codec.http.DefaultHttpContent.touch(DefaultHttpContent.java:88)
	io.netty.handler.codec.http.DefaultHttpContent.touch(DefaultHttpContent.java:24)
	io.netty.channel.DefaultChannelPipeline.touch(DefaultChannelPipeline.java:116)
	io.netty.channel.AbstractChannelHandlerContext.invokeChannelRead(AbstractChannelHandlerContext.java:357)
	io.netty.channel.AbstractChannelHandlerContext.fireChannelRead(AbstractChannelHandlerContext.java:352)
	io.netty.channel.CombinedChannelDuplexHandler$DelegatingChannelHandlerContext.fireChannelRead(CombinedChannelDuplexHandler.java:438)
	io.netty.handler.codec.ByteToMessageDecoder.fireChannelRead(ByteToMessageDecoder.java:323)
	io.netty.handler.codec.ByteToMessageDecoder.fireChannelRead(ByteToMessageDecoder.java:310)
	io.netty.handler.codec.ByteToMessageDecoder.callDecode(ByteToMessageDecoder.java:426)
	io.netty.handler.codec.ByteToMessageDecoder.channelRead(ByteToMessageDecoder.java:278)
	io.netty.channel.CombinedChannelDuplexHandler.channelRead(CombinedChannelDuplexHandler.java:253)
	io.netty.channel.AbstractChannelHandlerContext.invokeChannelRead(AbstractChannelHandlerContext.java:374)
	io.netty.channel.AbstractChannelHandlerContext.invokeChannelRead(AbstractChannelHandlerContext.java:360)
	io.netty.channel.AbstractChannelHandlerContext.fireChannelRead(AbstractChannelHandlerContext.java:352)
	io.netty.channel.DefaultChannelPipeline$HeadContext.channelRead(DefaultChannelPipeline.java:1408)
	io.netty.channel.AbstractChannelHandlerContext.invokeChannelRead(AbstractChannelHandlerContext.java:374)
	io.netty.channel.AbstractChannelHandlerContext.invokeChannelRead(AbstractChannelHandlerContext.java:360)
	io.netty.channel.DefaultChannelPipeline.fireChannelRead(DefaultChannelPipeline.java:930)
	io.netty.channel.nio.AbstractNioByteChannel$NioByteUnsafe.read(AbstractNioByteChannel.java:163)
	io.netty.channel.nio.NioEventLoop.processSelectedKey(NioEventLoop.java:682)
	io.netty.channel.nio.NioEventLoop.processSelectedKeysOptimized(NioEventLoop.java:617)
	io.netty.channel.nio.NioEventLoop.processSelectedKeys(NioEventLoop.java:534)
	io.netty.channel.nio.NioEventLoop.run(NioEventLoop.java:496)
	io.netty.util.concurrent.SingleThreadEventExecutor$5.run(SingleThreadEventExecutor.java:906)
	io.netty.util.internal.ThreadExecutorMap$2.run(ThreadExecutorMap.java:74)
	io.netty.util.concurrent.FastThreadLocalRunnable.run(FastThreadLocalRunnable.java:30)
	java.lang.Thread.run(Thread.java:748)
Created at:
	io.netty.buffer.SimpleLeakAwareByteBuf.unwrappedDerived(SimpleLeakAwareByteBuf.java:143)
	io.netty.buffer.SimpleLeakAwareByteBuf.readRetainedSlice(SimpleLeakAwareByteBuf.java:67)
	io.netty.buffer.AdvancedLeakAwareByteBuf.readRetainedSlice(AdvancedLeakAwareByteBuf.java:107)
	io.netty.handler.codec.http.HttpObjectDecoder.decode(HttpObjectDecoder.java:336)
	io.netty.handler.codec.http.HttpServerCodec$HttpServerRequestDecoder.decode(HttpServerCodec.java:103)
	io.netty.handler.codec.ByteToMessageDecoder.decodeRemovalReentryProtection(ByteToMessageDecoder.java:502)
	io.netty.handler.codec.ByteToMessageDecoder.callDecode(ByteToMessageDecoder.java:441)
	io.netty.handler.codec.ByteToMessageDecoder.channelRead(ByteToMessageDecoder.java:278)
	io.netty.channel.CombinedChannelDuplexHandler.channelRead(CombinedChannelDuplexHandler.java:253)
	io.netty.channel.AbstractChannelHandlerContext.invokeChannelRead(AbstractChannelHandlerContext.java:374)
	io.netty.channel.AbstractChannelHandlerContext.invokeChannelRead(AbstractChannelHandlerContext.java:360)
	io.netty.channel.AbstractChannelHandlerContext.fireChannelRead(AbstractChannelHandlerContext.java:352)
	io.netty.channel.DefaultChannelPipeline$HeadContext.channelRead(DefaultChannelPipeline.java:1408)
	io.netty.channel.AbstractChannelHandlerContext.invokeChannelRead(AbstractChannelHandlerContext.java:374)
	io.netty.channel.AbstractChannelHandlerContext.invokeChannelRead(AbstractChannelHandlerContext.java:360)
	io.netty.channel.DefaultChannelPipeline.fireChannelRead(DefaultChannelPipeline.java:930)
	io.netty.channel.nio.AbstractNioByteChannel$NioByteUnsafe.read(AbstractNioByteChannel.java:163)
	io.netty.channel.nio.NioEventLoop.processSelectedKey(NioEventLoop.java:682)
	io.netty.channel.nio.NioEventLoop.processSelectedKeysOptimized(NioEventLoop.java:617)
	io.netty.channel.nio.NioEventLoop.processSelectedKeys(NioEventLoop.java:534)
	io.netty.channel.nio.NioEventLoop.run(NioEventLoop.java:496)
	io.netty.util.concurrent.SingleThreadEventExecutor$5.run(SingleThreadEventExecutor.java:906)
	io.netty.util.internal.ThreadExecutorMap$2.run(ThreadExecutorMap.java:74)
	io.netty.util.concurrent.FastThreadLocalRunnable.run(FastThreadLocalRunnable.java:30)
	java.lang.Thread.run(Thread.java:748)
: 4 leak records were discarded because they were duplicates
: 236 leak records were discarded because the leak record count is targeted to 4. Use system property io.netty.leakDetection.targetRecords to increase the limit.
22:43:01.619 [reactor-http-nio-8] ERROR i.n.u.ResourceLeakDetector - LEAK: ByteBuf.release() was not called before it's garbage-collected. See http://netty.io/wiki/reference-counted-objects.html for more information.
Recent access records: 
#1:
	io.netty.buffer.AdvancedLeakAwareByteBuf.order(AdvancedLeakAwareByteBuf.java:70)
	io.netty.buffer.CompositeByteBuf.newComponent(CompositeByteBuf.java:318)
	io.netty.buffer.CompositeByteBuf.addComponent0(CompositeByteBuf.java:280)
	io.netty.buffer.CompositeByteBuf.addComponent(CompositeByteBuf.java:265)
	io.netty.buffer.CompositeByteBuf.addComponent(CompositeByteBuf.java:222)
	io.netty.buffer.WrappedCompositeByteBuf.addComponent(WrappedCompositeByteBuf.java:529)
	io.netty.buffer.AdvancedLeakAwareCompositeByteBuf.addComponent(AdvancedLeakAwareCompositeByteBuf.java:921)
	org.springframework.core.io.buffer.NettyDataBufferFactory.join(NettyDataBufferFactory.java:111)
	org.springframework.core.io.buffer.DataBufferUtils.joinAndStrip(DataBufferUtils.java:686)
	org.springframework.core.io.buffer.DataBufferUtils.lambda$split$20(DataBufferUtils.java:605)
	reactor.core.publisher.FluxMap$MapConditionalSubscriber.onNext(FluxMap.java:199)
	reactor.core.publisher.FluxBufferPredicate$BufferPredicateSubscriber.emit(FluxBufferPredicate.java:290)
	reactor.core.publisher.FluxBufferPredicate$BufferPredicateSubscriber.onNextNewBuffer(FluxBufferPredicate.java:257)
	reactor.core.publisher.FluxBufferPredicate$BufferPredicateSubscriber.tryOnNext(FluxBufferPredicate.java:211)
	reactor.core.publisher.FluxBufferPredicate$BufferPredicateSubscriber.onNext(FluxBufferPredicate.java:184)
	reactor.core.publisher.FluxFlatMap$FlatMapMain.drainLoop(FluxFlatMap.java:664)
	reactor.core.publisher.FluxFlatMap$FlatMapMain.drain(FluxFlatMap.java:540)
	reactor.core.publisher.FluxFlatMap$FlatMapInner.onSubscribe(FluxFlatMap.java:924)
	reactor.core.publisher.FluxIterable.subscribe(FluxIterable.java:139)
	reactor.core.publisher.FluxIterable.subscribe(FluxIterable.java:63)
	reactor.core.publisher.Flux.subscribe(Flux.java:7922)
	reactor.core.publisher.FluxFlatMap$FlatMapMain.onNext(FluxFlatMap.java:389)
	reactor.core.publisher.FluxConcatMap$ConcatMapImmediate.innerNext(FluxConcatMap.java:275)
	reactor.core.publisher.FluxConcatMap$ConcatMapInner.onNext(FluxConcatMap.java:849)
	reactor.core.publisher.FluxConcatMap$WeakScalarSubscription.request(FluxConcatMap.java:470)
	reactor.core.publisher.Operators$MultiSubscriptionSubscriber.set(Operators.java:1939)
	reactor.core.publisher.FluxConcatMap$ConcatMapImmediate.drain(FluxConcatMap.java:436)
	reactor.core.publisher.FluxConcatMap$ConcatMapImmediate.onNext(FluxConcatMap.java:244)
	reactor.core.publisher.FluxMap$MapSubscriber.onNext(FluxMap.java:114)
	reactor.core.publisher.FluxPeek$PeekSubscriber.onNext(FluxPeek.java:192)
	reactor.core.publisher.FluxMap$MapSubscriber.onNext(FluxMap.java:114)
	reactor.netty.channel.FluxReceive.drainReceiver(FluxReceive.java:206)
	reactor.netty.channel.FluxReceive.onInboundNext(FluxReceive.java:322)
	reactor.netty.channel.ChannelOperations.onInboundNext(ChannelOperations.java:335)
	reactor.netty.http.server.HttpServerOperations.onInboundNext(HttpServerOperations.java:456)
	reactor.netty.channel.ChannelOperationsHandler.channelRead(ChannelOperationsHandler.java:91)
	io.netty.channel.AbstractChannelHandlerContext.invokeChannelRead(AbstractChannelHandlerContext.java:374)
	io.netty.channel.AbstractChannelHandlerContext.invokeChannelRead(AbstractChannelHandlerContext.java:360)
	io.netty.channel.AbstractChannelHandlerContext.fireChannelRead(AbstractChannelHandlerContext.java:352)
	reactor.netty.http.server.HttpTrafficHandler.channelRead(HttpTrafficHandler.java:190)
	io.netty.channel.AbstractChannelHandlerContext.invokeChannelRead(AbstractChannelHandlerContext.java:374)
	io.netty.channel.AbstractChannelHandlerContext.invokeChannelRead(AbstractChannelHandlerContext.java:360)
	io.netty.channel.AbstractChannelHandlerContext.fireChannelRead(AbstractChannelHandlerContext.java:352)
	io.netty.channel.CombinedChannelDuplexHandler$DelegatingChannelHandlerContext.fireChannelRead(CombinedChannelDuplexHandler.java:438)
	io.netty.handler.codec.ByteToMessageDecoder.fireChannelRead(ByteToMessageDecoder.java:323)
	io.netty.handler.codec.ByteToMessageDecoder.fireChannelRead(ByteToMessageDecoder.java:310)
	io.netty.handler.codec.ByteToMessageDecoder.callDecode(ByteToMessageDecoder.java:426)
	io.netty.handler.codec.ByteToMessageDecoder.channelRead(ByteToMessageDecoder.java:278)
	io.netty.channel.CombinedChannelDuplexHandler.channelRead(CombinedChannelDuplexHandler.java:253)
	io.netty.channel.AbstractChannelHandlerContext.invokeChannelRead(AbstractChannelHandlerContext.java:374)
	io.netty.channel.AbstractChannelHandlerContext.invokeChannelRead(AbstractChannelHandlerContext.java:360)
	io.netty.channel.AbstractChannelHandlerContext.fireChannelRead(AbstractChannelHandlerContext.java:352)
	io.netty.channel.DefaultChannelPipeline$HeadContext.channelRead(DefaultChannelPipeline.java:1408)
	io.netty.channel.AbstractChannelHandlerContext.invokeChannelRead(AbstractChannelHandlerContext.java:374)
	io.netty.channel.AbstractChannelHandlerContext.invokeChannelRead(AbstractChannelHandlerContext.java:360)
	io.netty.channel.DefaultChannelPipeline.fireChannelRead(DefaultChannelPipeline.java:930)
	io.netty.channel.nio.AbstractNioByteChannel$NioByteUnsafe.read(AbstractNioByteChannel.java:163)
	io.netty.channel.nio.NioEventLoop.processSelectedKey(NioEventLoop.java:682)
	io.netty.channel.nio.NioEventLoop.processSelectedKeysOptimized(NioEventLoop.java:617)
	io.netty.channel.nio.NioEventLoop.processSelectedKeys(NioEventLoop.java:534)
	io.netty.channel.nio.NioEventLoop.run(NioEventLoop.java:496)
	io.netty.util.concurrent.SingleThreadEventExecutor$5.run(SingleThreadEventExecutor.java:906)
	io.netty.util.internal.ThreadExecutorMap$2.run(ThreadExecutorMap.java:74)
	io.netty.util.concurrent.FastThreadLocalRunnable.run(FastThreadLocalRunnable.java:30)
	java.lang.Thread.run(Thread.java:748)
#2:
	io.netty.buffer.AdvancedLeakAwareByteBuf.getByte(AdvancedLeakAwareByteBuf.java:154)
	org.springframework.core.io.buffer.NettyDataBuffer.getByte(NettyDataBuffer.java:132)
	org.springframework.core.io.buffer.DataBufferUtils$KnuthMorrisPrattMatcher.match(DataBufferUtils.java:1005)
	org.springframework.core.io.buffer.DataBufferUtils.endFrameAfterDelimiter(DataBufferUtils.java:634)
	org.springframework.core.io.buffer.DataBufferUtils.lambda$split$18(DataBufferUtils.java:603)
	reactor.core.publisher.FluxFlatMap$FlatMapMain.onNext(FluxFlatMap.java:350)
	reactor.core.publisher.FluxConcatMap$ConcatMapImmediate.innerNext(FluxConcatMap.java:275)
	reactor.core.publisher.FluxConcatMap$ConcatMapInner.onNext(FluxConcatMap.java:849)
	reactor.core.publisher.FluxConcatMap$WeakScalarSubscription.request(FluxConcatMap.java:470)
	reactor.core.publisher.Operators$MultiSubscriptionSubscriber.set(Operators.java:1939)
	reactor.core.publisher.FluxConcatMap$ConcatMapImmediate.drain(FluxConcatMap.java:436)
	reactor.core.publisher.FluxConcatMap$ConcatMapImmediate.onNext(FluxConcatMap.java:244)
	reactor.core.publisher.FluxMap$MapSubscriber.onNext(FluxMap.java:114)
	reactor.core.publisher.FluxPeek$PeekSubscriber.onNext(FluxPeek.java:192)
	reactor.core.publisher.FluxMap$MapSubscriber.onNext(FluxMap.java:114)
	reactor.netty.channel.FluxReceive.drainReceiver(FluxReceive.java:206)
	reactor.netty.channel.FluxReceive.onInboundNext(FluxReceive.java:322)
	reactor.netty.channel.ChannelOperations.onInboundNext(ChannelOperations.java:335)
	reactor.netty.http.server.HttpServerOperations.onInboundNext(HttpServerOperations.java:456)
	reactor.netty.channel.ChannelOperationsHandler.channelRead(ChannelOperationsHandler.java:91)
	io.netty.channel.AbstractChannelHandlerContext.invokeChannelRead(AbstractChannelHandlerContext.java:374)
	io.netty.channel.AbstractChannelHandlerContext.invokeChannelRead(AbstractChannelHandlerContext.java:360)
	io.netty.channel.AbstractChannelHandlerContext.fireChannelRead(AbstractChannelHandlerContext.java:352)
	reactor.netty.http.server.HttpTrafficHandler.channelRead(HttpTrafficHandler.java:190)
	io.netty.channel.AbstractChannelHandlerContext.invokeChannelRead(AbstractChannelHandlerContext.java:374)
	io.netty.channel.AbstractChannelHandlerContext.invokeChannelRead(AbstractChannelHandlerContext.java:360)
	io.netty.channel.AbstractChannelHandlerContext.fireChannelRead(AbstractChannelHandlerContext.java:352)
	io.netty.channel.CombinedChannelDuplexHandler$DelegatingChannelHandlerContext.fireChannelRead(CombinedChannelDuplexHandler.java:438)
	io.netty.handler.codec.ByteToMessageDecoder.fireChannelRead(ByteToMessageDecoder.java:323)
	io.netty.handler.codec.ByteToMessageDecoder.channelRead(ByteToMessageDecoder.java:297)
	io.netty.channel.CombinedChannelDuplexHandler.channelRead(CombinedChannelDuplexHandler.java:253)
	io.netty.channel.AbstractChannelHandlerContext.invokeChannelRead(AbstractChannelHandlerContext.java:374)
	io.netty.channel.AbstractChannelHandlerContext.invokeChannelRead(AbstractChannelHandlerContext.java:360)
	io.netty.channel.AbstractChannelHandlerContext.fireChannelRead(AbstractChannelHandlerContext.java:352)
	io.netty.channel.DefaultChannelPipeline$HeadContext.channelRead(DefaultChannelPipeline.java:1408)
	io.netty.channel.AbstractChannelHandlerContext.invokeChannelRead(AbstractChannelHandlerContext.java:374)
	io.netty.channel.AbstractChannelHandlerContext.invokeChannelRead(AbstractChannelHandlerContext.java:360)
	io.netty.channel.DefaultChannelPipeline.fireChannelRead(DefaultChannelPipeline.java:930)
	io.netty.channel.nio.AbstractNioByteChannel$NioByteUnsafe.read(AbstractNioByteChannel.java:163)
	io.netty.channel.nio.NioEventLoop.processSelectedKey(NioEventLoop.java:682)
	io.netty.channel.nio.NioEventLoop.processSelectedKeysOptimized(NioEventLoop.java:617)
	io.netty.channel.nio.NioEventLoop.processSelectedKeys(NioEventLoop.java:534)
	io.netty.channel.nio.NioEventLoop.run(NioEventLoop.java:496)
	io.netty.util.concurrent.SingleThreadEventExecutor$5.run(SingleThreadEventExecutor.java:906)
	io.netty.util.internal.ThreadExecutorMap$2.run(ThreadExecutorMap.java:74)
	io.netty.util.concurrent.FastThreadLocalRunnable.run(FastThreadLocalRunnable.java:30)
	java.lang.Thread.run(Thread.java:748)
#3:
	reactor.core.publisher.FluxPeek$PeekSubscriber.onNext(FluxPeek.java:177)
	reactor.core.publisher.FluxMap$MapSubscriber.onNext(FluxMap.java:114)
	reactor.netty.channel.FluxReceive.drainReceiver(FluxReceive.java:206)
	reactor.netty.channel.FluxReceive.onInboundNext(FluxReceive.java:322)
	reactor.netty.channel.ChannelOperations.onInboundNext(ChannelOperations.java:335)
	reactor.netty.http.server.HttpServerOperations.onInboundNext(HttpServerOperations.java:456)
	reactor.netty.channel.ChannelOperationsHandler.channelRead(ChannelOperationsHandler.java:91)
	io.netty.channel.AbstractChannelHandlerContext.invokeChannelRead(AbstractChannelHandlerContext.java:374)
	io.netty.channel.AbstractChannelHandlerContext.invokeChannelRead(AbstractChannelHandlerContext.java:360)
	io.netty.channel.AbstractChannelHandlerContext.fireChannelRead(AbstractChannelHandlerContext.java:352)
	reactor.netty.http.server.HttpTrafficHandler.channelRead(HttpTrafficHandler.java:190)
	io.netty.channel.AbstractChannelHandlerContext.invokeChannelRead(AbstractChannelHandlerContext.java:374)
	io.netty.channel.AbstractChannelHandlerContext.invokeChannelRead(AbstractChannelHandlerContext.java:360)
	io.netty.channel.AbstractChannelHandlerContext.fireChannelRead(AbstractChannelHandlerContext.java:352)
	io.netty.channel.CombinedChannelDuplexHandler$DelegatingChannelHandlerContext.fireChannelRead(CombinedChannelDuplexHandler.java:438)
	io.netty.handler.codec.ByteToMessageDecoder.fireChannelRead(ByteToMessageDecoder.java:323)
	io.netty.handler.codec.ByteToMessageDecoder.channelRead(ByteToMessageDecoder.java:297)
	io.netty.channel.CombinedChannelDuplexHandler.channelRead(CombinedChannelDuplexHandler.java:253)
	io.netty.channel.AbstractChannelHandlerContext.invokeChannelRead(AbstractChannelHandlerContext.java:374)
	io.netty.channel.AbstractChannelHandlerContext.invokeChannelRead(AbstractChannelHandlerContext.java:360)
	io.netty.channel.AbstractChannelHandlerContext.fireChannelRead(AbstractChannelHandlerContext.java:352)
	io.netty.channel.DefaultChannelPipeline$HeadContext.channelRead(DefaultChannelPipeline.java:1408)
	io.netty.channel.AbstractChannelHandlerContext.invokeChannelRead(AbstractChannelHandlerContext.java:374)
	io.netty.channel.AbstractChannelHandlerContext.invokeChannelRead(AbstractChannelHandlerContext.java:360)
	io.netty.channel.DefaultChannelPipeline.fireChannelRead(DefaultChannelPipeline.java:930)
	io.netty.channel.nio.AbstractNioByteChannel$NioByteUnsafe.read(AbstractNioByteChannel.java:163)
	io.netty.channel.nio.NioEventLoop.processSelectedKey(NioEventLoop.java:682)
	io.netty.channel.nio.NioEventLoop.processSelectedKeysOptimized(NioEventLoop.java:617)
	io.netty.channel.nio.NioEventLoop.processSelectedKeys(NioEventLoop.java:534)
	io.netty.channel.nio.NioEventLoop.run(NioEventLoop.java:496)
	io.netty.util.concurrent.SingleThreadEventExecutor$5.run(SingleThreadEventExecutor.java:906)
	io.netty.util.internal.ThreadExecutorMap$2.run(ThreadExecutorMap.java:74)
	io.netty.util.concurrent.FastThreadLocalRunnable.run(FastThreadLocalRunnable.java:30)
	java.lang.Thread.run(Thread.java:748)
#4:
	Hint: 'reactor.right.reactiveBridge' will handle the message from this point.
	io.netty.handler.codec.http.DefaultHttpContent.touch(DefaultHttpContent.java:88)
	io.netty.handler.codec.http.DefaultHttpContent.touch(DefaultHttpContent.java:24)
	io.netty.channel.DefaultChannelPipeline.touch(DefaultChannelPipeline.java:116)
	io.netty.channel.AbstractChannelHandlerContext.invokeChannelRead(AbstractChannelHandlerContext.java:357)
	io.netty.channel.AbstractChannelHandlerContext.fireChannelRead(AbstractChannelHandlerContext.java:352)
	reactor.netty.http.server.HttpTrafficHandler.channelRead(HttpTrafficHandler.java:190)
	io.netty.channel.AbstractChannelHandlerContext.invokeChannelRead(AbstractChannelHandlerContext.java:374)
	io.netty.channel.AbstractChannelHandlerContext.invokeChannelRead(AbstractChannelHandlerContext.java:360)
	io.netty.channel.AbstractChannelHandlerContext.fireChannelRead(AbstractChannelHandlerContext.java:352)
	io.netty.channel.CombinedChannelDuplexHandler$DelegatingChannelHandlerContext.fireChannelRead(CombinedChannelDuplexHandler.java:438)
	io.netty.handler.codec.ByteToMessageDecoder.fireChannelRead(ByteToMessageDecoder.java:323)
	io.netty.handler.codec.ByteToMessageDecoder.channelRead(ByteToMessageDecoder.java:297)
	io.netty.channel.CombinedChannelDuplexHandler.channelRead(CombinedChannelDuplexHandler.java:253)
	io.netty.channel.AbstractChannelHandlerContext.invokeChannelRead(AbstractChannelHandlerContext.java:374)
	io.netty.channel.AbstractChannelHandlerContext.invokeChannelRead(AbstractChannelHandlerContext.java:360)
	io.netty.channel.AbstractChannelHandlerContext.fireChannelRead(AbstractChannelHandlerContext.java:352)
	io.netty.channel.DefaultChannelPipeline$HeadContext.channelRead(DefaultChannelPipeline.java:1408)
	io.netty.channel.AbstractChannelHandlerContext.invokeChannelRead(AbstractChannelHandlerContext.java:374)
	io.netty.channel.AbstractChannelHandlerContext.invokeChannelRead(AbstractChannelHandlerContext.java:360)
	io.netty.channel.DefaultChannelPipeline.fireChannelRead(DefaultChannelPipeline.java:930)
	io.netty.channel.nio.AbstractNioByteChannel$NioByteUnsafe.read(AbstractNioByteChannel.java:163)
	io.netty.channel.nio.NioEventLoop.processSelectedKey(NioEventLoop.java:682)
	io.netty.channel.nio.NioEventLoop.processSelectedKeysOptimized(NioEventLoop.java:617)
	io.netty.channel.nio.NioEventLoop.processSelectedKeys(NioEventLoop.java:534)
	io.netty.channel.nio.NioEventLoop.run(NioEventLoop.java:496)
	io.netty.util.concurrent.SingleThreadEventExecutor$5.run(SingleThreadEventExecutor.java:906)
	io.netty.util.internal.ThreadExecutorMap$2.run(ThreadExecutorMap.java:74)
	io.netty.util.concurrent.FastThreadLocalRunnable.run(FastThreadLocalRunnable.java:30)
	java.lang.Thread.run(Thread.java:748)
#5:
	Hint: 'reactor.left.httpTrafficHandler' will handle the message from this point.
	io.netty.handler.codec.http.DefaultHttpContent.touch(DefaultHttpContent.java:88)
	io.netty.handler.codec.http.DefaultHttpContent.touch(DefaultHttpContent.java:24)
	io.netty.channel.DefaultChannelPipeline.touch(DefaultChannelPipeline.java:116)
	io.netty.channel.AbstractChannelHandlerContext.invokeChannelRead(AbstractChannelHandlerContext.java:357)
	io.netty.channel.AbstractChannelHandlerContext.fireChannelRead(AbstractChannelHandlerContext.java:352)
	io.netty.channel.CombinedChannelDuplexHandler$DelegatingChannelHandlerContext.fireChannelRead(CombinedChannelDuplexHandler.java:438)
	io.netty.handler.codec.ByteToMessageDecoder.fireChannelRead(ByteToMessageDecoder.java:323)
	io.netty.handler.codec.ByteToMessageDecoder.channelRead(ByteToMessageDecoder.java:297)
	io.netty.channel.CombinedChannelDuplexHandler.channelRead(CombinedChannelDuplexHandler.java:253)
	io.netty.channel.AbstractChannelHandlerContext.invokeChannelRead(AbstractChannelHandlerContext.java:374)
	io.netty.channel.AbstractChannelHandlerContext.invokeChannelRead(AbstractChannelHandlerContext.java:360)
	io.netty.channel.AbstractChannelHandlerContext.fireChannelRead(AbstractChannelHandlerContext.java:352)
	io.netty.channel.DefaultChannelPipeline$HeadContext.channelRead(DefaultChannelPipeline.java:1408)
	io.netty.channel.AbstractChannelHandlerContext.invokeChannelRead(AbstractChannelHandlerContext.java:374)
	io.netty.channel.AbstractChannelHandlerContext.invokeChannelRead(AbstractChannelHandlerContext.java:360)
	io.netty.channel.DefaultChannelPipeline.fireChannelRead(DefaultChannelPipeline.java:930)
	io.netty.channel.nio.AbstractNioByteChannel$NioByteUnsafe.read(AbstractNioByteChannel.java:163)
	io.netty.channel.nio.NioEventLoop.processSelectedKey(NioEventLoop.java:682)
	io.netty.channel.nio.NioEventLoop.processSelectedKeysOptimized(NioEventLoop.java:617)
	io.netty.channel.nio.NioEventLoop.processSelectedKeys(NioEventLoop.java:534)
	io.netty.channel.nio.NioEventLoop.run(NioEventLoop.java:496)
	io.netty.util.concurrent.SingleThreadEventExecutor$5.run(SingleThreadEventExecutor.java:906)
	io.netty.util.internal.ThreadExecutorMap$2.run(ThreadExecutorMap.java:74)
	io.netty.util.concurrent.FastThreadLocalRunnable.run(FastThreadLocalRunnable.java:30)
	java.lang.Thread.run(Thread.java:748)
Created at:
	io.netty.buffer.SimpleLeakAwareByteBuf.unwrappedDerived(SimpleLeakAwareByteBuf.java:143)
	io.netty.buffer.SimpleLeakAwareByteBuf.readRetainedSlice(SimpleLeakAwareByteBuf.java:67)
	io.netty.buffer.AdvancedLeakAwareByteBuf.readRetainedSlice(AdvancedLeakAwareByteBuf.java:107)
	io.netty.handler.codec.http.HttpObjectDecoder.decode(HttpObjectDecoder.java:336)
	io.netty.handler.codec.http.HttpServerCodec$HttpServerRequestDecoder.decode(HttpServerCodec.java:103)
	io.netty.handler.codec.ByteToMessageDecoder.decodeRemovalReentryProtection(ByteToMessageDecoder.java:502)
	io.netty.handler.codec.ByteToMessageDecoder.callDecode(ByteToMessageDecoder.java:441)
	io.netty.handler.codec.ByteToMessageDecoder.channelRead(ByteToMessageDecoder.java:278)
	io.netty.channel.CombinedChannelDuplexHandler.channelRead(CombinedChannelDuplexHandler.java:253)
	io.netty.channel.AbstractChannelHandlerContext.invokeChannelRead(AbstractChannelHandlerContext.java:374)
	io.netty.channel.AbstractChannelHandlerContext.invokeChannelRead(AbstractChannelHandlerContext.java:360)
	io.netty.channel.AbstractChannelHandlerContext.fireChannelRead(AbstractChannelHandlerContext.java:352)
	io.netty.channel.DefaultChannelPipeline$HeadContext.channelRead(DefaultChannelPipeline.java:1408)
	io.netty.channel.AbstractChannelHandlerContext.invokeChannelRead(AbstractChannelHandlerContext.java:374)
	io.netty.channel.AbstractChannelHandlerContext.invokeChannelRead(AbstractChannelHandlerContext.java:360)
	io.netty.channel.DefaultChannelPipeline.fireChannelRead(DefaultChannelPipeline.java:930)
	io.netty.channel.nio.AbstractNioByteChannel$NioByteUnsafe.read(AbstractNioByteChannel.java:163)
	io.netty.channel.nio.NioEventLoop.processSelectedKey(NioEventLoop.java:682)
	io.netty.channel.nio.NioEventLoop.processSelectedKeysOptimized(NioEventLoop.java:617)
	io.netty.channel.nio.NioEventLoop.processSelectedKeys(NioEventLoop.java:534)
	io.netty.channel.nio.NioEventLoop.run(NioEventLoop.java:496)
	io.netty.util.concurrent.SingleThreadEventExecutor$5.run(SingleThreadEventExecutor.java:906)
	io.netty.util.internal.ThreadExecutorMap$2.run(ThreadExecutorMap.java:74)
	io.netty.util.concurrent.FastThreadLocalRunnable.run(FastThreadLocalRunnable.java:30)
	java.lang.Thread.run(Thread.java:748)
: 6 leak records were discarded because they were duplicates
: 444 leak records were discarded because the leak record count is targeted to 4. Use system property io.netty.leakDetection.targetRecords to increase the limit.
22:43:01.620 [reactor-http-nio-8] ERROR i.n.u.ResourceLeakDetector - LEAK: ByteBuf.release() was not called before it's garbage-collected. See http://netty.io/wiki/reference-counted-objects.html for more information.
Recent access records: 
#1:
	org.springframework.core.io.buffer.NettyDataBuffer.release(NettyDataBuffer.java:308)
	org.springframework.core.io.buffer.DataBufferUtils.release(DataBufferUtils.java:498)
	org.springframework.http.codec.multipart.DefaultMultipartMessageReader.notLastBoundary(DefaultMultipartMessageReader.java:164)
	reactor.core.publisher.FluxTakeWhile$TakeWhileSubscriber.onNext(FluxTakeWhile.java:79)
	reactor.core.publisher.FluxContextStart$ContextStartSubscriber.onNext(FluxContextStart.java:103)
	reactor.core.publisher.FluxMap$MapConditionalSubscriber.onNext(FluxMap.java:213)
	reactor.core.publisher.DrainUtils.postCompleteDrain(DrainUtils.java:135)
	reactor.core.publisher.DrainUtils.postComplete(DrainUtils.java:186)
	reactor.core.publisher.FluxBufferPredicate$BufferPredicateSubscriber.onComplete(FluxBufferPredicate.java:285)
	reactor.core.publisher.FluxFlatMap$FlatMapMain.checkTerminated(FluxFlatMap.java:794)
	reactor.core.publisher.FluxFlatMap$FlatMapMain.drainLoop(FluxFlatMap.java:560)
	reactor.core.publisher.FluxFlatMap$FlatMapMain.drain(FluxFlatMap.java:540)
	reactor.core.publisher.FluxFlatMap$FlatMapMain.onComplete(FluxFlatMap.java:426)
	reactor.core.publisher.FluxConcatMap$ConcatMapImmediate.drain(FluxConcatMap.java:360)
	reactor.core.publisher.FluxConcatMap$ConcatMapImmediate.onComplete(FluxConcatMap.java:269)
	reactor.core.publisher.FluxMap$MapSubscriber.onComplete(FluxMap.java:136)
	reactor.core.publisher.FluxPeek$PeekSubscriber.onComplete(FluxPeek.java:252)
	reactor.core.publisher.FluxMap$MapSubscriber.onComplete(FluxMap.java:136)
	reactor.netty.channel.FluxReceive.terminateReceiver(FluxReceive.java:390)
	reactor.netty.channel.FluxReceive.drainReceiver(FluxReceive.java:197)
	reactor.netty.channel.FluxReceive.onInboundComplete(FluxReceive.java:338)
	reactor.netty.channel.ChannelOperations.onInboundComplete(ChannelOperations.java:350)
	reactor.netty.http.server.HttpServerOperations.onInboundNext(HttpServerOperations.java:459)
	reactor.netty.channel.ChannelOperationsHandler.channelRead(ChannelOperationsHandler.java:91)
	io.netty.channel.AbstractChannelHandlerContext.invokeChannelRead(AbstractChannelHandlerContext.java:374)
	io.netty.channel.AbstractChannelHandlerContext.invokeChannelRead(AbstractChannelHandlerContext.java:360)
	io.netty.channel.AbstractChannelHandlerContext.fireChannelRead(AbstractChannelHandlerContext.java:352)
	reactor.netty.http.server.HttpTrafficHandler.channelRead(HttpTrafficHandler.java:190)
	io.netty.channel.AbstractChannelHandlerContext.invokeChannelRead(AbstractChannelHandlerContext.java:374)
	io.netty.channel.AbstractChannelHandlerContext.invokeChannelRead(AbstractChannelHandlerContext.java:360)
	io.netty.channel.AbstractChannelHandlerContext.fireChannelRead(AbstractChannelHandlerContext.java:352)
	io.netty.channel.CombinedChannelDuplexHandler$DelegatingChannelHandlerContext.fireChannelRead(CombinedChannelDuplexHandler.java:438)
	io.netty.handler.codec.ByteToMessageDecoder.fireChannelRead(ByteToMessageDecoder.java:323)
	io.netty.handler.codec.ByteToMessageDecoder.channelRead(ByteToMessageDecoder.java:297)
	io.netty.channel.CombinedChannelDuplexHandler.channelRead(CombinedChannelDuplexHandler.java:253)
	io.netty.channel.AbstractChannelHandlerContext.invokeChannelRead(AbstractChannelHandlerContext.java:374)
	io.netty.channel.AbstractChannelHandlerContext.invokeChannelRead(AbstractChannelHandlerContext.java:360)
	io.netty.channel.AbstractChannelHandlerContext.fireChannelRead(AbstractChannelHandlerContext.java:352)
	io.netty.channel.DefaultChannelPipeline$HeadContext.channelRead(DefaultChannelPipeline.java:1408)
	io.netty.channel.AbstractChannelHandlerContext.invokeChannelRead(AbstractChannelHandlerContext.java:374)
	io.netty.channel.AbstractChannelHandlerContext.invokeChannelRead(AbstractChannelHandlerContext.java:360)
	io.netty.channel.DefaultChannelPipeline.fireChannelRead(DefaultChannelPipeline.java:930)
	io.netty.channel.nio.AbstractNioByteChannel$NioByteUnsafe.read(AbstractNioByteChannel.java:163)
	io.netty.channel.nio.NioEventLoop.processSelectedKey(NioEventLoop.java:682)
	io.netty.channel.nio.NioEventLoop.processSelectedKeysOptimized(NioEventLoop.java:617)
	io.netty.channel.nio.NioEventLoop.processSelectedKeys(NioEventLoop.java:534)
	io.netty.channel.nio.NioEventLoop.run(NioEventLoop.java:496)
	io.netty.util.concurrent.SingleThreadEventExecutor$5.run(SingleThreadEventExecutor.java:906)
	io.netty.util.internal.ThreadExecutorMap$2.run(ThreadExecutorMap.java:74)
	io.netty.util.concurrent.FastThreadLocalRunnable.run(FastThreadLocalRunnable.java:30)
	java.lang.Thread.run(Thread.java:748)
#2:
	io.netty.buffer.AdvancedLeakAwareByteBuf.getByte(AdvancedLeakAwareByteBuf.java:154)
	org.springframework.core.io.buffer.NettyDataBuffer.getByte(NettyDataBuffer.java:132)
	org.springframework.core.io.buffer.DataBufferUtils$KnuthMorrisPrattMatcher.match(DataBufferUtils.java:1005)
	org.springframework.core.io.buffer.DataBufferUtils.endFrameAfterDelimiter(DataBufferUtils.java:634)
	org.springframework.core.io.buffer.DataBufferUtils.lambda$split$18(DataBufferUtils.java:603)
	reactor.core.publisher.FluxFlatMap$FlatMapMain.onNext(FluxFlatMap.java:350)
	reactor.core.publisher.FluxConcatMap$ConcatMapImmediate.innerNext(FluxConcatMap.java:275)
	reactor.core.publisher.FluxConcatMap$ConcatMapInner.onNext(FluxConcatMap.java:849)
	reactor.core.publisher.FluxConcatMap$WeakScalarSubscription.request(FluxConcatMap.java:470)
	reactor.core.publisher.Operators$MultiSubscriptionSubscriber.set(Operators.java:1939)
	reactor.core.publisher.FluxConcatMap$ConcatMapImmediate.drain(FluxConcatMap.java:436)
	reactor.core.publisher.FluxConcatMap$ConcatMapImmediate.onNext(FluxConcatMap.java:244)
	reactor.core.publisher.FluxMap$MapSubscriber.onNext(FluxMap.java:114)
	reactor.core.publisher.FluxPeek$PeekSubscriber.onNext(FluxPeek.java:192)
	reactor.core.publisher.FluxMap$MapSubscriber.onNext(FluxMap.java:114)
	reactor.netty.channel.FluxReceive.drainReceiver(FluxReceive.java:206)
	reactor.netty.channel.FluxReceive.onInboundNext(FluxReceive.java:322)
	reactor.netty.channel.ChannelOperations.onInboundNext(ChannelOperations.java:335)
	reactor.netty.http.server.HttpServerOperations.onInboundNext(HttpServerOperations.java:456)
	reactor.netty.channel.ChannelOperationsHandler.channelRead(ChannelOperationsHandler.java:91)
	io.netty.channel.AbstractChannelHandlerContext.invokeChannelRead(AbstractChannelHandlerContext.java:374)
	io.netty.channel.AbstractChannelHandlerContext.invokeChannelRead(AbstractChannelHandlerContext.java:360)
	io.netty.channel.AbstractChannelHandlerContext.fireChannelRead(AbstractChannelHandlerContext.java:352)
	reactor.netty.http.server.HttpTrafficHandler.channelRead(HttpTrafficHandler.java:190)
	io.netty.channel.AbstractChannelHandlerContext.invokeChannelRead(AbstractChannelHandlerContext.java:374)
	io.netty.channel.AbstractChannelHandlerContext.invokeChannelRead(AbstractChannelHandlerContext.java:360)
	io.netty.channel.AbstractChannelHandlerContext.fireChannelRead(AbstractChannelHandlerContext.java:352)
	io.netty.channel.CombinedChannelDuplexHandler$DelegatingChannelHandlerContext.fireChannelRead(CombinedChannelDuplexHandler.java:438)
	io.netty.handler.codec.ByteToMessageDecoder.fireChannelRead(ByteToMessageDecoder.java:323)
	io.netty.handler.codec.ByteToMessageDecoder.fireChannelRead(ByteToMessageDecoder.java:310)
	io.netty.handler.codec.ByteToMessageDecoder.callDecode(ByteToMessageDecoder.java:426)
	io.netty.handler.codec.ByteToMessageDecoder.channelRead(ByteToMessageDecoder.java:278)
	io.netty.channel.CombinedChannelDuplexHandler.channelRead(CombinedChannelDuplexHandler.java:253)
	io.netty.channel.AbstractChannelHandlerContext.invokeChannelRead(AbstractChannelHandlerContext.java:374)
	io.netty.channel.AbstractChannelHandlerContext.invokeChannelRead(AbstractChannelHandlerContext.java:360)
	io.netty.channel.AbstractChannelHandlerContext.fireChannelRead(AbstractChannelHandlerContext.java:352)
	io.netty.channel.DefaultChannelPipeline$HeadContext.channelRead(DefaultChannelPipeline.java:1408)
	io.netty.channel.AbstractChannelHandlerContext.invokeChannelRead(AbstractChannelHandlerContext.java:374)
	io.netty.channel.AbstractChannelHandlerContext.invokeChannelRead(AbstractChannelHandlerContext.java:360)
	io.netty.channel.DefaultChannelPipeline.fireChannelRead(DefaultChannelPipeline.java:930)
	io.netty.channel.nio.AbstractNioByteChannel$NioByteUnsafe.read(AbstractNioByteChannel.java:163)
	io.netty.channel.nio.NioEventLoop.processSelectedKey(NioEventLoop.java:682)
	io.netty.channel.nio.NioEventLoop.processSelectedKeysOptimized(NioEventLoop.java:617)
	io.netty.channel.nio.NioEventLoop.processSelectedKeys(NioEventLoop.java:534)
	io.netty.channel.nio.NioEventLoop.run(NioEventLoop.java:496)
	io.netty.util.concurrent.SingleThreadEventExecutor$5.run(SingleThreadEventExecutor.java:906)
	io.netty.util.internal.ThreadExecutorMap$2.run(ThreadExecutorMap.java:74)
	io.netty.util.concurrent.FastThreadLocalRunnable.run(FastThreadLocalRunnable.java:30)
	java.lang.Thread.run(Thread.java:748)
#3:
	reactor.core.publisher.FluxPeek$PeekSubscriber.onNext(FluxPeek.java:177)
	reactor.core.publisher.FluxMap$MapSubscriber.onNext(FluxMap.java:114)
	reactor.netty.channel.FluxReceive.drainReceiver(FluxReceive.java:206)
	reactor.netty.channel.FluxReceive.onInboundNext(FluxReceive.java:322)
	reactor.netty.channel.ChannelOperations.onInboundNext(ChannelOperations.java:335)
	reactor.netty.http.server.HttpServerOperations.onInboundNext(HttpServerOperations.java:456)
	reactor.netty.channel.ChannelOperationsHandler.channelRead(ChannelOperationsHandler.java:91)
	io.netty.channel.AbstractChannelHandlerContext.invokeChannelRead(AbstractChannelHandlerContext.java:374)
	io.netty.channel.AbstractChannelHandlerContext.invokeChannelRead(AbstractChannelHandlerContext.java:360)
	io.netty.channel.AbstractChannelHandlerContext.fireChannelRead(AbstractChannelHandlerContext.java:352)
	reactor.netty.http.server.HttpTrafficHandler.channelRead(HttpTrafficHandler.java:190)
	io.netty.channel.AbstractChannelHandlerContext.invokeChannelRead(AbstractChannelHandlerContext.java:374)
	io.netty.channel.AbstractChannelHandlerContext.invokeChannelRead(AbstractChannelHandlerContext.java:360)
	io.netty.channel.AbstractChannelHandlerContext.fireChannelRead(AbstractChannelHandlerContext.java:352)
	io.netty.channel.CombinedChannelDuplexHandler$DelegatingChannelHandlerContext.fireChannelRead(CombinedChannelDuplexHandler.java:438)
	io.netty.handler.codec.ByteToMessageDecoder.fireChannelRead(ByteToMessageDecoder.java:323)
	io.netty.handler.codec.ByteToMessageDecoder.fireChannelRead(ByteToMessageDecoder.java:310)
	io.netty.handler.codec.ByteToMessageDecoder.callDecode(ByteToMessageDecoder.java:426)
	io.netty.handler.codec.ByteToMessageDecoder.channelRead(ByteToMessageDecoder.java:278)
	io.netty.channel.CombinedChannelDuplexHandler.channelRead(CombinedChannelDuplexHandler.java:253)
	io.netty.channel.AbstractChannelHandlerContext.invokeChannelRead(AbstractChannelHandlerContext.java:374)
	io.netty.channel.AbstractChannelHandlerContext.invokeChannelRead(AbstractChannelHandlerContext.java:360)
	io.netty.channel.AbstractChannelHandlerContext.fireChannelRead(AbstractChannelHandlerContext.java:352)
	io.netty.channel.DefaultChannelPipeline$HeadContext.channelRead(DefaultChannelPipeline.java:1408)
	io.netty.channel.AbstractChannelHandlerContext.invokeChannelRead(AbstractChannelHandlerContext.java:374)
	io.netty.channel.AbstractChannelHandlerContext.invokeChannelRead(AbstractChannelHandlerContext.java:360)
	io.netty.channel.DefaultChannelPipeline.fireChannelRead(DefaultChannelPipeline.java:930)
	io.netty.channel.nio.AbstractNioByteChannel$NioByteUnsafe.read(AbstractNioByteChannel.java:163)
	io.netty.channel.nio.NioEventLoop.processSelectedKey(NioEventLoop.java:682)
	io.netty.channel.nio.NioEventLoop.processSelectedKeysOptimized(NioEventLoop.java:617)
	io.netty.channel.nio.NioEventLoop.processSelectedKeys(NioEventLoop.java:534)
	io.netty.channel.nio.NioEventLoop.run(NioEventLoop.java:496)
	io.netty.util.concurrent.SingleThreadEventExecutor$5.run(SingleThreadEventExecutor.java:906)
	io.netty.util.internal.ThreadExecutorMap$2.run(ThreadExecutorMap.java:74)
	io.netty.util.concurrent.FastThreadLocalRunnable.run(FastThreadLocalRunnable.java:30)
	java.lang.Thread.run(Thread.java:748)
#4:
	Hint: 'reactor.right.reactiveBridge' will handle the message from this point.
	io.netty.handler.codec.http.DefaultHttpContent.touch(DefaultHttpContent.java:88)
	io.netty.handler.codec.http.DefaultHttpContent.touch(DefaultHttpContent.java:24)
	io.netty.channel.DefaultChannelPipeline.touch(DefaultChannelPipeline.java:116)
	io.netty.channel.AbstractChannelHandlerContext.invokeChannelRead(AbstractChannelHandlerContext.java:357)
	io.netty.channel.AbstractChannelHandlerContext.fireChannelRead(AbstractChannelHandlerContext.java:352)
	reactor.netty.http.server.HttpTrafficHandler.channelRead(HttpTrafficHandler.java:190)
	io.netty.channel.AbstractChannelHandlerContext.invokeChannelRead(AbstractChannelHandlerContext.java:374)
	io.netty.channel.AbstractChannelHandlerContext.invokeChannelRead(AbstractChannelHandlerContext.java:360)
	io.netty.channel.AbstractChannelHandlerContext.fireChannelRead(AbstractChannelHandlerContext.java:352)
	io.netty.channel.CombinedChannelDuplexHandler$DelegatingChannelHandlerContext.fireChannelRead(CombinedChannelDuplexHandler.java:438)
	io.netty.handler.codec.ByteToMessageDecoder.fireChannelRead(ByteToMessageDecoder.java:323)
	io.netty.handler.codec.ByteToMessageDecoder.fireChannelRead(ByteToMessageDecoder.java:310)
	io.netty.handler.codec.ByteToMessageDecoder.callDecode(ByteToMessageDecoder.java:426)
	io.netty.handler.codec.ByteToMessageDecoder.channelRead(ByteToMessageDecoder.java:278)
	io.netty.channel.CombinedChannelDuplexHandler.channelRead(CombinedChannelDuplexHandler.java:253)
	io.netty.channel.AbstractChannelHandlerContext.invokeChannelRead(AbstractChannelHandlerContext.java:374)
	io.netty.channel.AbstractChannelHandlerContext.invokeChannelRead(AbstractChannelHandlerContext.java:360)
	io.netty.channel.AbstractChannelHandlerContext.fireChannelRead(AbstractChannelHandlerContext.java:352)
	io.netty.channel.DefaultChannelPipeline$HeadContext.channelRead(DefaultChannelPipeline.java:1408)
	io.netty.channel.AbstractChannelHandlerContext.invokeChannelRead(AbstractChannelHandlerContext.java:374)
	io.netty.channel.AbstractChannelHandlerContext.invokeChannelRead(AbstractChannelHandlerContext.java:360)
	io.netty.channel.DefaultChannelPipeline.fireChannelRead(DefaultChannelPipeline.java:930)
	io.netty.channel.nio.AbstractNioByteChannel$NioByteUnsafe.read(AbstractNioByteChannel.java:163)
	io.netty.channel.nio.NioEventLoop.processSelectedKey(NioEventLoop.java:682)
	io.netty.channel.nio.NioEventLoop.processSelectedKeysOptimized(NioEventLoop.java:617)
	io.netty.channel.nio.NioEventLoop.processSelectedKeys(NioEventLoop.java:534)
	io.netty.channel.nio.NioEventLoop.run(NioEventLoop.java:496)
	io.netty.util.concurrent.SingleThreadEventExecutor$5.run(SingleThreadEventExecutor.java:906)
	io.netty.util.internal.ThreadExecutorMap$2.run(ThreadExecutorMap.java:74)
	io.netty.util.concurrent.FastThreadLocalRunnable.run(FastThreadLocalRunnable.java:30)
	java.lang.Thread.run(Thread.java:748)
#5:
	Hint: 'reactor.left.httpTrafficHandler' will handle the message from this point.
	io.netty.handler.codec.http.DefaultHttpContent.touch(DefaultHttpContent.java:88)
	io.netty.handler.codec.http.DefaultHttpContent.touch(DefaultHttpContent.java:24)
	io.netty.channel.DefaultChannelPipeline.touch(DefaultChannelPipeline.java:116)
	io.netty.channel.AbstractChannelHandlerContext.invokeChannelRead(AbstractChannelHandlerContext.java:357)
	io.netty.channel.AbstractChannelHandlerContext.fireChannelRead(AbstractChannelHandlerContext.java:352)
	io.netty.channel.CombinedChannelDuplexHandler$DelegatingChannelHandlerContext.fireChannelRead(CombinedChannelDuplexHandler.java:438)
	io.netty.handler.codec.ByteToMessageDecoder.fireChannelRead(ByteToMessageDecoder.java:323)
	io.netty.handler.codec.ByteToMessageDecoder.fireChannelRead(ByteToMessageDecoder.java:310)
	io.netty.handler.codec.ByteToMessageDecoder.callDecode(ByteToMessageDecoder.java:426)
	io.netty.handler.codec.ByteToMessageDecoder.channelRead(ByteToMessageDecoder.java:278)
	io.netty.channel.CombinedChannelDuplexHandler.channelRead(CombinedChannelDuplexHandler.java:253)
	io.netty.channel.AbstractChannelHandlerContext.invokeChannelRead(AbstractChannelHandlerContext.java:374)
	io.netty.channel.AbstractChannelHandlerContext.invokeChannelRead(AbstractChannelHandlerContext.java:360)
	io.netty.channel.AbstractChannelHandlerContext.fireChannelRead(AbstractChannelHandlerContext.java:352)
	io.netty.channel.DefaultChannelPipeline$HeadContext.channelRead(DefaultChannelPipeline.java:1408)
	io.netty.channel.AbstractChannelHandlerContext.invokeChannelRead(AbstractChannelHandlerContext.java:374)
	io.netty.channel.AbstractChannelHandlerContext.invokeChannelRead(AbstractChannelHandlerContext.java:360)
	io.netty.channel.DefaultChannelPipeline.fireChannelRead(DefaultChannelPipeline.java:930)
	io.netty.channel.nio.AbstractNioByteChannel$NioByteUnsafe.read(AbstractNioByteChannel.java:163)
	io.netty.channel.nio.NioEventLoop.processSelectedKey(NioEventLoop.java:682)
	io.netty.channel.nio.NioEventLoop.processSelectedKeysOptimized(NioEventLoop.java:617)
	io.netty.channel.nio.NioEventLoop.processSelectedKeys(NioEventLoop.java:534)
	io.netty.channel.nio.NioEventLoop.run(NioEventLoop.java:496)
	io.netty.util.concurrent.SingleThreadEventExecutor$5.run(SingleThreadEventExecutor.java:906)
	io.netty.util.internal.ThreadExecutorMap$2.run(ThreadExecutorMap.java:74)
	io.netty.util.concurrent.FastThreadLocalRunnable.run(FastThreadLocalRunnable.java:30)
	java.lang.Thread.run(Thread.java:748)
Created at:
	io.netty.buffer.SimpleLeakAwareByteBuf.unwrappedDerived(SimpleLeakAwareByteBuf.java:143)
	io.netty.buffer.SimpleLeakAwareByteBuf.readRetainedSlice(SimpleLeakAwareByteBuf.java:67)
	io.netty.buffer.AdvancedLeakAwareByteBuf.readRetainedSlice(AdvancedLeakAwareByteBuf.java:107)
	io.netty.handler.codec.http.HttpObjectDecoder.decode(HttpObjectDecoder.java:336)
	io.netty.handler.codec.http.HttpServerCodec$HttpServerRequestDecoder.decode(HttpServerCodec.java:103)
	io.netty.handler.codec.ByteToMessageDecoder.decodeRemovalReentryProtection(ByteToMessageDecoder.java:502)
	io.netty.handler.codec.ByteToMessageDecoder.callDecode(ByteToMessageDecoder.java:441)
	io.netty.handler.codec.ByteToMessageDecoder.channelRead(ByteToMessageDecoder.java:278)
	io.netty.channel.CombinedChannelDuplexHandler.channelRead(CombinedChannelDuplexHandler.java:253)
	io.netty.channel.AbstractChannelHandlerContext.invokeChannelRead(AbstractChannelHandlerContext.java:374)
	io.netty.channel.AbstractChannelHandlerContext.invokeChannelRead(AbstractChannelHandlerContext.java:360)
	io.netty.channel.AbstractChannelHandlerContext.fireChannelRead(AbstractChannelHandlerContext.java:352)
	io.netty.channel.DefaultChannelPipeline$HeadContext.channelRead(DefaultChannelPipeline.java:1408)
	io.netty.channel.AbstractChannelHandlerContext.invokeChannelRead(AbstractChannelHandlerContext.java:374)
	io.netty.channel.AbstractChannelHandlerContext.invokeChannelRead(AbstractChannelHandlerContext.java:360)
	io.netty.channel.DefaultChannelPipeline.fireChannelRead(DefaultChannelPipeline.java:930)
	io.netty.channel.nio.AbstractNioByteChannel$NioByteUnsafe.read(AbstractNioByteChannel.java:163)
	io.netty.channel.nio.NioEventLoop.processSelectedKey(NioEventLoop.java:682)
	io.netty.channel.nio.NioEventLoop.processSelectedKeysOptimized(NioEventLoop.java:617)
	io.netty.channel.nio.NioEventLoop.processSelectedKeys(NioEventLoop.java:534)
	io.netty.channel.nio.NioEventLoop.run(NioEventLoop.java:496)
	io.netty.util.concurrent.SingleThreadEventExecutor$5.run(SingleThreadEventExecutor.java:906)
	io.netty.util.internal.ThreadExecutorMap$2.run(ThreadExecutorMap.java:74)
	io.netty.util.concurrent.FastThreadLocalRunnable.run(FastThreadLocalRunnable.java:30)
	java.lang.Thread.run(Thread.java:748)
: 3 leak records were discarded because they were duplicates
: 46 leak records were discarded because the leak record count is targeted to 4. Use system property io.netty.leakDetection.targetRecords to increase the limit.
22:43:01.621 [reactor-http-nio-8] ERROR i.n.u.ResourceLeakDetector - LEAK: ByteBuf.release() was not called before it's garbage-collected. See http://netty.io/wiki/reference-counted-objects.html for more information.
Recent access records: 
#1:
	org.springframework.core.io.buffer.NettyDataBuffer.release(NettyDataBuffer.java:308)
	org.springframework.core.io.buffer.DataBufferUtils.release(DataBufferUtils.java:498)
	org.springframework.http.codec.multipart.DefaultMultipartMessageReader.toPart(DefaultMultipartMessageReader.java:206)
	reactor.core.publisher.FluxMap$MapConditionalSubscriber.onNext(FluxMap.java:199)
	reactor.core.publisher.FluxTakeWhile$TakeWhileSubscriber.onNext(FluxTakeWhile.java:94)
	reactor.core.publisher.FluxContextStart$ContextStartSubscriber.onNext(FluxContextStart.java:103)
	reactor.core.publisher.FluxMap$MapConditionalSubscriber.onNext(FluxMap.java:213)
	reactor.core.publisher.FluxBufferPredicate$BufferPredicateSubscriber.emit(FluxBufferPredicate.java:290)
	reactor.core.publisher.FluxBufferPredicate$BufferPredicateSubscriber.onNextNewBuffer(FluxBufferPredicate.java:257)
	reactor.core.publisher.FluxBufferPredicate$BufferPredicateSubscriber.tryOnNext(FluxBufferPredicate.java:211)
	reactor.core.publisher.FluxBufferPredicate$BufferPredicateSubscriber.onNext(FluxBufferPredicate.java:184)
	reactor.core.publisher.FluxFlatMap$FlatMapMain.drainLoop(FluxFlatMap.java:664)
	reactor.core.publisher.FluxFlatMap$FlatMapMain.drain(FluxFlatMap.java:540)
	reactor.core.publisher.FluxFlatMap$FlatMapInner.onSubscribe(FluxFlatMap.java:924)
	reactor.core.publisher.FluxIterable.subscribe(FluxIterable.java:139)
	reactor.core.publisher.FluxIterable.subscribe(FluxIterable.java:63)
	reactor.core.publisher.Flux.subscribe(Flux.java:7922)
	reactor.core.publisher.FluxFlatMap$FlatMapMain.onNext(FluxFlatMap.java:389)
	reactor.core.publisher.FluxConcatMap$ConcatMapImmediate.innerNext(FluxConcatMap.java:275)
	reactor.core.publisher.FluxConcatMap$ConcatMapInner.onNext(FluxConcatMap.java:849)
	reactor.core.publisher.FluxConcatMap$WeakScalarSubscription.request(FluxConcatMap.java:470)
	reactor.core.publisher.Operators$MultiSubscriptionSubscriber.set(Operators.java:1939)
	reactor.core.publisher.FluxConcatMap$ConcatMapImmediate.drain(FluxConcatMap.java:436)
	reactor.core.publisher.FluxConcatMap$ConcatMapImmediate.onNext(FluxConcatMap.java:244)
	reactor.core.publisher.FluxMap$MapSubscriber.onNext(FluxMap.java:114)
	reactor.core.publisher.FluxPeek$PeekSubscriber.onNext(FluxPeek.java:192)
	reactor.core.publisher.FluxMap$MapSubscriber.onNext(FluxMap.java:114)
	reactor.netty.channel.FluxReceive.drainReceiver(FluxReceive.java:206)
	reactor.netty.channel.FluxReceive.onInboundNext(FluxReceive.java:322)
	reactor.netty.channel.ChannelOperations.onInboundNext(ChannelOperations.java:335)
	reactor.netty.http.server.HttpServerOperations.onInboundNext(HttpServerOperations.java:456)
	reactor.netty.channel.ChannelOperationsHandler.channelRead(ChannelOperationsHandler.java:91)
	io.netty.channel.AbstractChannelHandlerContext.invokeChannelRead(AbstractChannelHandlerContext.java:374)
	io.netty.channel.AbstractChannelHandlerContext.invokeChannelRead(AbstractChannelHandlerContext.java:360)
	io.netty.channel.AbstractChannelHandlerContext.fireChannelRead(AbstractChannelHandlerContext.java:352)
	reactor.netty.http.server.HttpTrafficHandler.channelRead(HttpTrafficHandler.java:190)
	io.netty.channel.AbstractChannelHandlerContext.invokeChannelRead(AbstractChannelHandlerContext.java:374)
	io.netty.channel.AbstractChannelHandlerContext.invokeChannelRead(AbstractChannelHandlerContext.java:360)
	io.netty.channel.AbstractChannelHandlerContext.fireChannelRead(AbstractChannelHandlerContext.java:352)
	io.netty.channel.CombinedChannelDuplexHandler$DelegatingChannelHandlerContext.fireChannelRead(CombinedChannelDuplexHandler.java:438)
	io.netty.handler.codec.ByteToMessageDecoder.fireChannelRead(ByteToMessageDecoder.java:323)
	io.netty.handler.codec.ByteToMessageDecoder.fireChannelRead(ByteToMessageDecoder.java:310)
	io.netty.handler.codec.ByteToMessageDecoder.callDecode(ByteToMessageDecoder.java:426)
	io.netty.handler.codec.ByteToMessageDecoder.channelRead(ByteToMessageDecoder.java:278)
	io.netty.channel.CombinedChannelDuplexHandler.channelRead(CombinedChannelDuplexHandler.java:253)
	io.netty.channel.AbstractChannelHandlerContext.invokeChannelRead(AbstractChannelHandlerContext.java:374)
	io.netty.channel.AbstractChannelHandlerContext.invokeChannelRead(AbstractChannelHandlerContext.java:360)
	io.netty.channel.AbstractChannelHandlerContext.fireChannelRead(AbstractChannelHandlerContext.java:352)
	io.netty.channel.DefaultChannelPipeline$HeadContext.channelRead(DefaultChannelPipeline.java:1408)
	io.netty.channel.AbstractChannelHandlerContext.invokeChannelRead(AbstractChannelHandlerContext.java:374)
	io.netty.channel.AbstractChannelHandlerContext.invokeChannelRead(AbstractChannelHandlerContext.java:360)
	io.netty.channel.DefaultChannelPipeline.fireChannelRead(DefaultChannelPipeline.java:930)
	io.netty.channel.nio.AbstractNioByteChannel$NioByteUnsafe.read(AbstractNioByteChannel.java:163)
	io.netty.channel.nio.NioEventLoop.processSelectedKey(NioEventLoop.java:682)
	io.netty.channel.nio.NioEventLoop.processSelectedKeysOptimized(NioEventLoop.java:617)
	io.netty.channel.nio.NioEventLoop.processSelectedKeys(NioEventLoop.java:534)
	io.netty.channel.nio.NioEventLoop.run(NioEventLoop.java:496)
	io.netty.util.concurrent.SingleThreadEventExecutor$5.run(SingleThreadEventExecutor.java:906)
	io.netty.util.internal.ThreadExecutorMap$2.run(ThreadExecutorMap.java:74)
	io.netty.util.concurrent.FastThreadLocalRunnable.run(FastThreadLocalRunnable.java:30)
	java.lang.Thread.run(Thread.java:748)
#2:
	io.netty.buffer.AdvancedLeakAwareCompositeByteBuf.getByte(AdvancedLeakAwareCompositeByteBuf.java:140)
	org.springframework.core.io.buffer.NettyDataBuffer.getByte(NettyDataBuffer.java:132)
	org.springframework.core.io.buffer.DataBufferUtils$KnuthMorrisPrattMatcher.match(DataBufferUtils.java:1005)
	org.springframework.http.codec.multipart.DefaultMultipartMessageReader.toPart(DefaultMultipartMessageReader.java:184)
	reactor.core.publisher.FluxMap$MapConditionalSubscriber.onNext(FluxMap.java:199)
	reactor.core.publisher.FluxTakeWhile$TakeWhileSubscriber.onNext(FluxTakeWhile.java:94)
	reactor.core.publisher.FluxContextStart$ContextStartSubscriber.onNext(FluxContextStart.java:103)
	reactor.core.publisher.FluxMap$MapConditionalSubscriber.onNext(FluxMap.java:213)
	reactor.core.publisher.FluxBufferPredicate$BufferPredicateSubscriber.emit(FluxBufferPredicate.java:290)
	reactor.core.publisher.FluxBufferPredicate$BufferPredicateSubscriber.onNextNewBuffer(FluxBufferPredicate.java:257)
	reactor.core.publisher.FluxBufferPredicate$BufferPredicateSubscriber.tryOnNext(FluxBufferPredicate.java:211)
	reactor.core.publisher.FluxBufferPredicate$BufferPredicateSubscriber.onNext(FluxBufferPredicate.java:184)
	reactor.core.publisher.FluxFlatMap$FlatMapMain.drainLoop(FluxFlatMap.java:664)
	reactor.core.publisher.FluxFlatMap$FlatMapMain.drain(FluxFlatMap.java:540)
	reactor.core.publisher.FluxFlatMap$FlatMapInner.onSubscribe(FluxFlatMap.java:924)
	reactor.core.publisher.FluxIterable.subscribe(FluxIterable.java:139)
	reactor.core.publisher.FluxIterable.subscribe(FluxIterable.java:63)
	reactor.core.publisher.Flux.subscribe(Flux.java:7922)
	reactor.core.publisher.FluxFlatMap$FlatMapMain.onNext(FluxFlatMap.java:389)
	reactor.core.publisher.FluxConcatMap$ConcatMapImmediate.innerNext(FluxConcatMap.java:275)
	reactor.core.publisher.FluxConcatMap$ConcatMapInner.onNext(FluxConcatMap.java:849)
	reactor.core.publisher.FluxConcatMap$WeakScalarSubscription.request(FluxConcatMap.java:470)
	reactor.core.publisher.Operators$MultiSubscriptionSubscriber.set(Operators.java:1939)
	reactor.core.publisher.FluxConcatMap$ConcatMapImmediate.drain(FluxConcatMap.java:436)
	reactor.core.publisher.FluxConcatMap$ConcatMapImmediate.onNext(FluxConcatMap.java:244)
	reactor.core.publisher.FluxMap$MapSubscriber.onNext(FluxMap.java:114)
	reactor.core.publisher.FluxPeek$PeekSubscriber.onNext(FluxPeek.java:192)
	reactor.core.publisher.FluxMap$MapSubscriber.onNext(FluxMap.java:114)
	reactor.netty.channel.FluxReceive.drainReceiver(FluxReceive.java:206)
	reactor.netty.channel.FluxReceive.onInboundNext(FluxReceive.java:322)
	reactor.netty.channel.ChannelOperations.onInboundNext(ChannelOperations.java:335)
	reactor.netty.http.server.HttpServerOperations.onInboundNext(HttpServerOperations.java:456)
	reactor.netty.channel.ChannelOperationsHandler.channelRead(ChannelOperationsHandler.java:91)
	io.netty.channel.AbstractChannelHandlerContext.invokeChannelRead(AbstractChannelHandlerContext.java:374)
	io.netty.channel.AbstractChannelHandlerContext.invokeChannelRead(AbstractChannelHandlerContext.java:360)
	io.netty.channel.AbstractChannelHandlerContext.fireChannelRead(AbstractChannelHandlerContext.java:352)
	reactor.netty.http.server.HttpTrafficHandler.channelRead(HttpTrafficHandler.java:190)
	io.netty.channel.AbstractChannelHandlerContext.invokeChannelRead(AbstractChannelHandlerContext.java:374)
	io.netty.channel.AbstractChannelHandlerContext.invokeChannelRead(AbstractChannelHandlerContext.java:360)
	io.netty.channel.AbstractChannelHandlerContext.fireChannelRead(AbstractChannelHandlerContext.java:352)
	io.netty.channel.CombinedChannelDuplexHandler$DelegatingChannelHandlerContext.fireChannelRead(CombinedChannelDuplexHandler.java:438)
	io.netty.handler.codec.ByteToMessageDecoder.fireChannelRead(ByteToMessageDecoder.java:323)
	io.netty.handler.codec.ByteToMessageDecoder.fireChannelRead(ByteToMessageDecoder.java:310)
	io.netty.handler.codec.ByteToMessageDecoder.callDecode(ByteToMessageDecoder.java:426)
	io.netty.handler.codec.ByteToMessageDecoder.channelRead(ByteToMessageDecoder.java:278)
	io.netty.channel.CombinedChannelDuplexHandler.channelRead(CombinedChannelDuplexHandler.java:253)
	io.netty.channel.AbstractChannelHandlerContext.invokeChannelRead(AbstractChannelHandlerContext.java:374)
	io.netty.channel.AbstractChannelHandlerContext.invokeChannelRead(AbstractChannelHandlerContext.java:360)
	io.netty.channel.AbstractChannelHandlerContext.fireChannelRead(AbstractChannelHandlerContext.java:352)
	io.netty.channel.DefaultChannelPipeline$HeadContext.channelRead(DefaultChannelPipeline.java:1408)
	io.netty.channel.AbstractChannelHandlerContext.invokeChannelRead(AbstractChannelHandlerContext.java:374)
	io.netty.channel.AbstractChannelHandlerContext.invokeChannelRead(AbstractChannelHandlerContext.java:360)
	io.netty.channel.DefaultChannelPipeline.fireChannelRead(DefaultChannelPipeline.java:930)
	io.netty.channel.nio.AbstractNioByteChannel$NioByteUnsafe.read(AbstractNioByteChannel.java:163)
	io.netty.channel.nio.NioEventLoop.processSelectedKey(NioEventLoop.java:682)
	io.netty.channel.nio.NioEventLoop.processSelectedKeysOptimized(NioEventLoop.java:617)
	io.netty.channel.nio.NioEventLoop.processSelectedKeys(NioEventLoop.java:534)
	io.netty.channel.nio.NioEventLoop.run(NioEventLoop.java:496)
	io.netty.util.concurrent.SingleThreadEventExecutor$5.run(SingleThreadEventExecutor.java:906)
	io.netty.util.internal.ThreadExecutorMap$2.run(ThreadExecutorMap.java:74)
	io.netty.util.concurrent.FastThreadLocalRunnable.run(FastThreadLocalRunnable.java:30)
	java.lang.Thread.run(Thread.java:748)
#3:
	io.netty.buffer.AdvancedLeakAwareCompositeByteBuf.getByte(AdvancedLeakAwareCompositeByteBuf.java:140)
	org.springframework.core.io.buffer.NettyDataBuffer.getByte(NettyDataBuffer.java:132)
	org.springframework.http.codec.multipart.DefaultMultipartMessageReader.toPart(DefaultMultipartMessageReader.java:179)
	reactor.core.publisher.FluxMap$MapConditionalSubscriber.onNext(FluxMap.java:199)
	reactor.core.publisher.FluxTakeWhile$TakeWhileSubscriber.onNext(FluxTakeWhile.java:94)
	reactor.core.publisher.FluxContextStart$ContextStartSubscriber.onNext(FluxContextStart.java:103)
	reactor.core.publisher.FluxMap$MapConditionalSubscriber.onNext(FluxMap.java:213)
	reactor.core.publisher.FluxBufferPredicate$BufferPredicateSubscriber.emit(FluxBufferPredicate.java:290)
	reactor.core.publisher.FluxBufferPredicate$BufferPredicateSubscriber.onNextNewBuffer(FluxBufferPredicate.java:257)
	reactor.core.publisher.FluxBufferPredicate$BufferPredicateSubscriber.tryOnNext(FluxBufferPredicate.java:211)
	reactor.core.publisher.FluxBufferPredicate$BufferPredicateSubscriber.onNext(FluxBufferPredicate.java:184)
	reactor.core.publisher.FluxFlatMap$FlatMapMain.drainLoop(FluxFlatMap.java:664)
	reactor.core.publisher.FluxFlatMap$FlatMapMain.drain(FluxFlatMap.java:540)
	reactor.core.publisher.FluxFlatMap$FlatMapInner.onSubscribe(FluxFlatMap.java:924)
	reactor.core.publisher.FluxIterable.subscribe(FluxIterable.java:139)
	reactor.core.publisher.FluxIterable.subscribe(FluxIterable.java:63)
	reactor.core.publisher.Flux.subscribe(Flux.java:7922)
	reactor.core.publisher.FluxFlatMap$FlatMapMain.onNext(FluxFlatMap.java:389)
	reactor.core.publisher.FluxConcatMap$ConcatMapImmediate.innerNext(FluxConcatMap.java:275)
	reactor.core.publisher.FluxConcatMap$ConcatMapInner.onNext(FluxConcatMap.java:849)
	reactor.core.publisher.FluxConcatMap$WeakScalarSubscription.request(FluxConcatMap.java:470)
	reactor.core.publisher.Operators$MultiSubscriptionSubscriber.set(Operators.java:1939)
	reactor.core.publisher.FluxConcatMap$ConcatMapImmediate.drain(FluxConcatMap.java:436)
	reactor.core.publisher.FluxConcatMap$ConcatMapImmediate.onNext(FluxConcatMap.java:244)
	reactor.core.publisher.FluxMap$MapSubscriber.onNext(FluxMap.java:114)
	reactor.core.publisher.FluxPeek$PeekSubscriber.onNext(FluxPeek.java:192)
	reactor.core.publisher.FluxMap$MapSubscriber.onNext(FluxMap.java:114)
	reactor.netty.channel.FluxReceive.drainReceiver(FluxReceive.java:206)
	reactor.netty.channel.FluxReceive.onInboundNext(FluxReceive.java:322)
	reactor.netty.channel.ChannelOperations.onInboundNext(ChannelOperations.java:335)
	reactor.netty.http.server.HttpServerOperations.onInboundNext(HttpServerOperations.java:456)
	reactor.netty.channel.ChannelOperationsHandler.channelRead(ChannelOperationsHandler.java:91)
	io.netty.channel.AbstractChannelHandlerContext.invokeChannelRead(AbstractChannelHandlerContext.java:374)
	io.netty.channel.AbstractChannelHandlerContext.invokeChannelRead(AbstractChannelHandlerContext.java:360)
	io.netty.channel.AbstractChannelHandlerContext.fireChannelRead(AbstractChannelHandlerContext.java:352)
	reactor.netty.http.server.HttpTrafficHandler.channelRead(HttpTrafficHandler.java:190)
	io.netty.channel.AbstractChannelHandlerContext.invokeChannelRead(AbstractChannelHandlerContext.java:374)
	io.netty.channel.AbstractChannelHandlerContext.invokeChannelRead(AbstractChannelHandlerContext.java:360)
	io.netty.channel.AbstractChannelHandlerContext.fireChannelRead(AbstractChannelHandlerContext.java:352)
	io.netty.channel.CombinedChannelDuplexHandler$DelegatingChannelHandlerContext.fireChannelRead(CombinedChannelDuplexHandler.java:438)
	io.netty.handler.codec.ByteToMessageDecoder.fireChannelRead(ByteToMessageDecoder.java:323)
	io.netty.handler.codec.ByteToMessageDecoder.fireChannelRead(ByteToMessageDecoder.java:310)
	io.netty.handler.codec.ByteToMessageDecoder.callDecode(ByteToMessageDecoder.java:426)
	io.netty.handler.codec.ByteToMessageDecoder.channelRead(ByteToMessageDecoder.java:278)
	io.netty.channel.CombinedChannelDuplexHandler.channelRead(CombinedChannelDuplexHandler.java:253)
	io.netty.channel.AbstractChannelHandlerContext.invokeChannelRead(AbstractChannelHandlerContext.java:374)
	io.netty.channel.AbstractChannelHandlerContext.invokeChannelRead(AbstractChannelHandlerContext.java:360)
	io.netty.channel.AbstractChannelHandlerContext.fireChannelRead(AbstractChannelHandlerContext.java:352)
	io.netty.channel.DefaultChannelPipeline$HeadContext.channelRead(DefaultChannelPipeline.java:1408)
	io.netty.channel.AbstractChannelHandlerContext.invokeChannelRead(AbstractChannelHandlerContext.java:374)
	io.netty.channel.AbstractChannelHandlerContext.invokeChannelRead(AbstractChannelHandlerContext.java:360)
	io.netty.channel.DefaultChannelPipeline.fireChannelRead(DefaultChannelPipeline.java:930)
	io.netty.channel.nio.AbstractNioByteChannel$NioByteUnsafe.read(AbstractNioByteChannel.java:163)
	io.netty.channel.nio.NioEventLoop.processSelectedKey(NioEventLoop.java:682)
	io.netty.channel.nio.NioEventLoop.processSelectedKeysOptimized(NioEventLoop.java:617)
	io.netty.channel.nio.NioEventLoop.processSelectedKeys(NioEventLoop.java:534)
	io.netty.channel.nio.NioEventLoop.run(NioEventLoop.java:496)
	io.netty.util.concurrent.SingleThreadEventExecutor$5.run(SingleThreadEventExecutor.java:906)
	io.netty.util.internal.ThreadExecutorMap$2.run(ThreadExecutorMap.java:74)
	io.netty.util.concurrent.FastThreadLocalRunnable.run(FastThreadLocalRunnable.java:30)
	java.lang.Thread.run(Thread.java:748)
#4:
	io.netty.buffer.AdvancedLeakAwareCompositeByteBuf.addComponent(AdvancedLeakAwareCompositeByteBuf.java:920)
	org.springframework.core.io.buffer.NettyDataBufferFactory.join(NettyDataBufferFactory.java:111)
	org.springframework.core.io.buffer.DataBufferUtils.joinAndStrip(DataBufferUtils.java:686)
	org.springframework.core.io.buffer.DataBufferUtils.lambda$split$20(DataBufferUtils.java:605)
	reactor.core.publisher.FluxMap$MapConditionalSubscriber.onNext(FluxMap.java:199)
	reactor.core.publisher.FluxBufferPredicate$BufferPredicateSubscriber.emit(FluxBufferPredicate.java:290)
	reactor.core.publisher.FluxBufferPredicate$BufferPredicateSubscriber.onNextNewBuffer(FluxBufferPredicate.java:257)
	reactor.core.publisher.FluxBufferPredicate$BufferPredicateSubscriber.tryOnNext(FluxBufferPredicate.java:211)
	reactor.core.publisher.FluxBufferPredicate$BufferPredicateSubscriber.onNext(FluxBufferPredicate.java:184)
	reactor.core.publisher.FluxFlatMap$FlatMapMain.drainLoop(FluxFlatMap.java:664)
	reactor.core.publisher.FluxFlatMap$FlatMapMain.drain(FluxFlatMap.java:540)
	reactor.core.publisher.FluxFlatMap$FlatMapInner.onSubscribe(FluxFlatMap.java:924)
	reactor.core.publisher.FluxIterable.subscribe(FluxIterable.java:139)
	reactor.core.publisher.FluxIterable.subscribe(FluxIterable.java:63)
	reactor.core.publisher.Flux.subscribe(Flux.java:7922)
	reactor.core.publisher.FluxFlatMap$FlatMapMain.onNext(FluxFlatMap.java:389)
	reactor.core.publisher.FluxConcatMap$ConcatMapImmediate.innerNext(FluxConcatMap.java:275)
	reactor.core.publisher.FluxConcatMap$ConcatMapInner.onNext(FluxConcatMap.java:849)
	reactor.core.publisher.FluxConcatMap$WeakScalarSubscription.request(FluxConcatMap.java:470)
	reactor.core.publisher.Operators$MultiSubscriptionSubscriber.set(Operators.java:1939)
	reactor.core.publisher.FluxConcatMap$ConcatMapImmediate.drain(FluxConcatMap.java:436)
	reactor.core.publisher.FluxConcatMap$ConcatMapImmediate.onNext(FluxConcatMap.java:244)
	reactor.core.publisher.FluxMap$MapSubscriber.onNext(FluxMap.java:114)
	reactor.core.publisher.FluxPeek$PeekSubscriber.onNext(FluxPeek.java:192)
	reactor.core.publisher.FluxMap$MapSubscriber.onNext(FluxMap.java:114)
	reactor.netty.channel.FluxReceive.drainReceiver(FluxReceive.java:206)
	reactor.netty.channel.FluxReceive.onInboundNext(FluxReceive.java:322)
	reactor.netty.channel.ChannelOperations.onInboundNext(ChannelOperations.java:335)
	reactor.netty.http.server.HttpServerOperations.onInboundNext(HttpServerOperations.java:456)
	reactor.netty.channel.ChannelOperationsHandler.channelRead(ChannelOperationsHandler.java:91)
	io.netty.channel.AbstractChannelHandlerContext.invokeChannelRead(AbstractChannelHandlerContext.java:374)
	io.netty.channel.AbstractChannelHandlerContext.invokeChannelRead(AbstractChannelHandlerContext.java:360)
	io.netty.channel.AbstractChannelHandlerContext.fireChannelRead(AbstractChannelHandlerContext.java:352)
	reactor.netty.http.server.HttpTrafficHandler.channelRead(HttpTrafficHandler.java:190)
	io.netty.channel.AbstractChannelHandlerContext.invokeChannelRead(AbstractChannelHandlerContext.java:374)
	io.netty.channel.AbstractChannelHandlerContext.invokeChannelRead(AbstractChannelHandlerContext.java:360)
	io.netty.channel.AbstractChannelHandlerContext.fireChannelRead(AbstractChannelHandlerContext.java:352)
	io.netty.channel.CombinedChannelDuplexHandler$DelegatingChannelHandlerContext.fireChannelRead(CombinedChannelDuplexHandler.java:438)
	io.netty.handler.codec.ByteToMessageDecoder.fireChannelRead(ByteToMessageDecoder.java:323)
	io.netty.handler.codec.ByteToMessageDecoder.fireChannelRead(ByteToMessageDecoder.java:310)
	io.netty.handler.codec.ByteToMessageDecoder.callDecode(ByteToMessageDecoder.java:426)
	io.netty.handler.codec.ByteToMessageDecoder.channelRead(ByteToMessageDecoder.java:278)
	io.netty.channel.CombinedChannelDuplexHandler.channelRead(CombinedChannelDuplexHandler.java:253)
	io.netty.channel.AbstractChannelHandlerContext.invokeChannelRead(AbstractChannelHandlerContext.java:374)
	io.netty.channel.AbstractChannelHandlerContext.invokeChannelRead(AbstractChannelHandlerContext.java:360)
	io.netty.channel.AbstractChannelHandlerContext.fireChannelRead(AbstractChannelHandlerContext.java:352)
	io.netty.channel.DefaultChannelPipeline$HeadContext.channelRead(DefaultChannelPipeline.java:1408)
	io.netty.channel.AbstractChannelHandlerContext.invokeChannelRead(AbstractChannelHandlerContext.java:374)
	io.netty.channel.AbstractChannelHandlerContext.invokeChannelRead(AbstractChannelHandlerContext.java:360)
	io.netty.channel.DefaultChannelPipeline.fireChannelRead(DefaultChannelPipeline.java:930)
	io.netty.channel.nio.AbstractNioByteChannel$NioByteUnsafe.read(AbstractNioByteChannel.java:163)
	io.netty.channel.nio.NioEventLoop.processSelectedKey(NioEventLoop.java:682)
	io.netty.channel.nio.NioEventLoop.processSelectedKeysOptimized(NioEventLoop.java:617)
	io.netty.channel.nio.NioEventLoop.processSelectedKeys(NioEventLoop.java:534)
	io.netty.channel.nio.NioEventLoop.run(NioEventLoop.java:496)
	io.netty.util.concurrent.SingleThreadEventExecutor$5.run(SingleThreadEventExecutor.java:906)
	io.netty.util.internal.ThreadExecutorMap$2.run(ThreadExecutorMap.java:74)
	io.netty.util.concurrent.FastThreadLocalRunnable.run(FastThreadLocalRunnable.java:30)
	java.lang.Thread.run(Thread.java:748)
Created at:
	io.netty.buffer.AbstractByteBufAllocator.compositeDirectBuffer(AbstractByteBufAllocator.java:223)
	io.netty.buffer.AbstractByteBufAllocator.compositeBuffer(AbstractByteBufAllocator.java:201)
	org.springframework.core.io.buffer.NettyDataBufferFactory.join(NettyDataBufferFactory.java:108)
	org.springframework.core.io.buffer.DataBufferUtils.joinAndStrip(DataBufferUtils.java:686)
	org.springframework.core.io.buffer.DataBufferUtils.lambda$split$20(DataBufferUtils.java:605)
	reactor.core.publisher.FluxMap$MapConditionalSubscriber.onNext(FluxMap.java:199)
	reactor.core.publisher.FluxBufferPredicate$BufferPredicateSubscriber.emit(FluxBufferPredicate.java:290)
	reactor.core.publisher.FluxBufferPredicate$BufferPredicateSubscriber.onNextNewBuffer(FluxBufferPredicate.java:257)
	reactor.core.publisher.FluxBufferPredicate$BufferPredicateSubscriber.tryOnNext(FluxBufferPredicate.java:211)
	reactor.core.publisher.FluxBufferPredicate$BufferPredicateSubscriber.onNext(FluxBufferPredicate.java:184)
	reactor.core.publisher.FluxFlatMap$FlatMapMain.drainLoop(FluxFlatMap.java:664)
	reactor.core.publisher.FluxFlatMap$FlatMapMain.drain(FluxFlatMap.java:540)
	reactor.core.publisher.FluxFlatMap$FlatMapInner.onSubscribe(FluxFlatMap.java:924)
	reactor.core.publisher.FluxIterable.subscribe(FluxIterable.java:139)
	reactor.core.publisher.FluxIterable.subscribe(FluxIterable.java:63)
	reactor.core.publisher.Flux.subscribe(Flux.java:7922)
	reactor.core.publisher.FluxFlatMap$FlatMapMain.onNext(FluxFlatMap.java:389)
	reactor.core.publisher.FluxConcatMap$ConcatMapImmediate.innerNext(FluxConcatMap.java:275)
	reactor.core.publisher.FluxConcatMap$ConcatMapInner.onNext(FluxConcatMap.java:849)
	reactor.core.publisher.FluxConcatMap$WeakScalarSubscription.request(FluxConcatMap.java:470)
	reactor.core.publisher.Operators$MultiSubscriptionSubscriber.set(Operators.java:1939)
	reactor.core.publisher.FluxConcatMap$ConcatMapImmediate.drain(FluxConcatMap.java:436)
	reactor.core.publisher.FluxConcatMap$ConcatMapImmediate.onNext(FluxConcatMap.java:244)
	reactor.core.publisher.FluxMap$MapSubscriber.onNext(FluxMap.java:114)
	reactor.core.publisher.FluxPeek$PeekSubscriber.onNext(FluxPeek.java:192)
	reactor.core.publisher.FluxMap$MapSubscriber.onNext(FluxMap.java:114)
	reactor.netty.channel.FluxReceive.drainReceiver(FluxReceive.java:206)
	reactor.netty.channel.FluxReceive.onInboundNext(FluxReceive.java:322)
	reactor.netty.channel.ChannelOperations.onInboundNext(ChannelOperations.java:335)
	reactor.netty.http.server.HttpServerOperations.onInboundNext(HttpServerOperations.java:456)
	reactor.netty.channel.ChannelOperationsHandler.channelRead(ChannelOperationsHandler.java:91)
	io.netty.channel.AbstractChannelHandlerContext.invokeChannelRead(AbstractChannelHandlerContext.java:374)
	io.netty.channel.AbstractChannelHandlerContext.invokeChannelRead(AbstractChannelHandlerContext.java:360)
	io.netty.channel.AbstractChannelHandlerContext.fireChannelRead(AbstractChannelHandlerContext.java:352)
	reactor.netty.http.server.HttpTrafficHandler.channelRead(HttpTrafficHandler.java:190)
	io.netty.channel.AbstractChannelHandlerContext.invokeChannelRead(AbstractChannelHandlerContext.java:374)
	io.netty.channel.AbstractChannelHandlerContext.invokeChannelRead(AbstractChannelHandlerContext.java:360)
	io.netty.channel.AbstractChannelHandlerContext.fireChannelRead(AbstractChannelHandlerContext.java:352)
	io.netty.channel.CombinedChannelDuplexHandler$DelegatingChannelHandlerContext.fireChannelRead(CombinedChannelDuplexHandler.java:438)
	io.netty.handler.codec.ByteToMessageDecoder.fireChannelRead(ByteToMessageDecoder.java:323)
	io.netty.handler.codec.ByteToMessageDecoder.fireChannelRead(ByteToMessageDecoder.java:310)
	io.netty.handler.codec.ByteToMessageDecoder.callDecode(ByteToMessageDecoder.java:426)
	io.netty.handler.codec.ByteToMessageDecoder.channelRead(ByteToMessageDecoder.java:278)
	io.netty.channel.CombinedChannelDuplexHandler.channelRead(CombinedChannelDuplexHandler.java:253)
	io.netty.channel.AbstractChannelHandlerContext.invokeChannelRead(AbstractChannelHandlerContext.java:374)
	io.netty.channel.AbstractChannelHandlerContext.invokeChannelRead(AbstractChannelHandlerContext.java:360)
	io.netty.channel.AbstractChannelHandlerContext.fireChannelRead(AbstractChannelHandlerContext.java:352)
	io.netty.channel.DefaultChannelPipeline$HeadContext.channelRead(DefaultChannelPipeline.java:1408)
	io.netty.channel.AbstractChannelHandlerContext.invokeChannelRead(AbstractChannelHandlerContext.java:374)
	io.netty.channel.AbstractChannelHandlerContext.invokeChannelRead(AbstractChannelHandlerContext.java:360)
	io.netty.channel.DefaultChannelPipeline.fireChannelRead(DefaultChannelPipeline.java:930)
	io.netty.channel.nio.AbstractNioByteChannel$NioByteUnsafe.read(AbstractNioByteChannel.java:163)
	io.netty.channel.nio.NioEventLoop.processSelectedKey(NioEventLoop.java:682)
	io.netty.channel.nio.NioEventLoop.processSelectedKeysOptimized(NioEventLoop.java:617)
	io.netty.channel.nio.NioEventLoop.processSelectedKeys(NioEventLoop.java:534)
	io.netty.channel.nio.NioEventLoop.run(NioEventLoop.java:496)
	io.netty.util.concurrent.SingleThreadEventExecutor$5.run(SingleThreadEventExecutor.java:906)
	io.netty.util.internal.ThreadExecutorMap$2.run(ThreadExecutorMap.java:74)
	io.netty.util.concurrent.FastThreadLocalRunnable.run(FastThreadLocalRunnable.java:30)
	java.lang.Thread.run(Thread.java:748)
: 7 leak records were discarded because they were duplicates
: 120 leak records were discarded because the leak record count is targeted to 4. Use system property io.netty.leakDetection.targetRecords to increase the limit.
22:43:01.622 [reactor-http-nio-8] ERROR i.n.u.ResourceLeakDetector - LEAK: ByteBuf.release() was not called before it's garbage-collected. See http://netty.io/wiki/reference-counted-objects.html for more information.
Recent access records: 
#1:
	io.netty.buffer.AdvancedLeakAwareByteBuf.order(AdvancedLeakAwareByteBuf.java:70)
	io.netty.buffer.CompositeByteBuf.newComponent(CompositeByteBuf.java:318)
	io.netty.buffer.CompositeByteBuf.addComponent0(CompositeByteBuf.java:280)
	io.netty.buffer.CompositeByteBuf.addComponent(CompositeByteBuf.java:265)
	io.netty.buffer.CompositeByteBuf.addComponent(CompositeByteBuf.java:222)
	io.netty.buffer.WrappedCompositeByteBuf.addComponent(WrappedCompositeByteBuf.java:529)
	io.netty.buffer.AdvancedLeakAwareCompositeByteBuf.addComponent(AdvancedLeakAwareCompositeByteBuf.java:921)
	org.springframework.core.io.buffer.NettyDataBufferFactory.join(NettyDataBufferFactory.java:111)
	org.springframework.core.io.buffer.DataBufferUtils.joinAndStrip(DataBufferUtils.java:686)
	org.springframework.core.io.buffer.DataBufferUtils.lambda$split$20(DataBufferUtils.java:605)
	reactor.core.publisher.FluxMap$MapConditionalSubscriber.onNext(FluxMap.java:199)
	reactor.core.publisher.FluxBufferPredicate$BufferPredicateSubscriber.emit(FluxBufferPredicate.java:290)
	reactor.core.publisher.FluxBufferPredicate$BufferPredicateSubscriber.onNextNewBuffer(FluxBufferPredicate.java:257)
	reactor.core.publisher.FluxBufferPredicate$BufferPredicateSubscriber.tryOnNext(FluxBufferPredicate.java:211)
	reactor.core.publisher.FluxBufferPredicate$BufferPredicateSubscriber.onNext(FluxBufferPredicate.java:184)
	reactor.core.publisher.FluxFlatMap$FlatMapMain.drainLoop(FluxFlatMap.java:664)
	reactor.core.publisher.FluxFlatMap$FlatMapMain.drain(FluxFlatMap.java:540)
	reactor.core.publisher.FluxFlatMap$FlatMapInner.onSubscribe(FluxFlatMap.java:924)
	reactor.core.publisher.FluxIterable.subscribe(FluxIterable.java:139)
	reactor.core.publisher.FluxIterable.subscribe(FluxIterable.java:63)
	reactor.core.publisher.Flux.subscribe(Flux.java:7922)
	reactor.core.publisher.FluxFlatMap$FlatMapMain.onNext(FluxFlatMap.java:389)
	reactor.core.publisher.FluxConcatMap$ConcatMapImmediate.innerNext(FluxConcatMap.java:275)
	reactor.core.publisher.FluxConcatMap$ConcatMapInner.onNext(FluxConcatMap.java:849)
	reactor.core.publisher.FluxConcatMap$WeakScalarSubscription.request(FluxConcatMap.java:470)
	reactor.core.publisher.Operators$MultiSubscriptionSubscriber.set(Operators.java:1939)
	reactor.core.publisher.FluxConcatMap$ConcatMapImmediate.drain(FluxConcatMap.java:436)
	reactor.core.publisher.FluxConcatMap$ConcatMapImmediate.onNext(FluxConcatMap.java:244)
	reactor.core.publisher.FluxMap$MapSubscriber.onNext(FluxMap.java:114)
	reactor.core.publisher.FluxPeek$PeekSubscriber.onNext(FluxPeek.java:192)
	reactor.core.publisher.FluxMap$MapSubscriber.onNext(FluxMap.java:114)
	reactor.netty.channel.FluxReceive.drainReceiver(FluxReceive.java:206)
	reactor.netty.channel.FluxReceive.onInboundNext(FluxReceive.java:322)
	reactor.netty.channel.ChannelOperations.onInboundNext(ChannelOperations.java:335)
	reactor.netty.http.server.HttpServerOperations.onInboundNext(HttpServerOperations.java:456)
	reactor.netty.channel.ChannelOperationsHandler.channelRead(ChannelOperationsHandler.java:91)
	io.netty.channel.AbstractChannelHandlerContext.invokeChannelRead(AbstractChannelHandlerContext.java:374)
	io.netty.channel.AbstractChannelHandlerContext.invokeChannelRead(AbstractChannelHandlerContext.java:360)
	io.netty.channel.AbstractChannelHandlerContext.fireChannelRead(AbstractChannelHandlerContext.java:352)
	reactor.netty.http.server.HttpTrafficHandler.channelRead(HttpTrafficHandler.java:190)
	io.netty.channel.AbstractChannelHandlerContext.invokeChannelRead(AbstractChannelHandlerContext.java:374)
	io.netty.channel.AbstractChannelHandlerContext.invokeChannelRead(AbstractChannelHandlerContext.java:360)
	io.netty.channel.AbstractChannelHandlerContext.fireChannelRead(AbstractChannelHandlerContext.java:352)
	io.netty.channel.CombinedChannelDuplexHandler$DelegatingChannelHandlerContext.fireChannelRead(CombinedChannelDuplexHandler.java:438)
	io.netty.handler.codec.ByteToMessageDecoder.fireChannelRead(ByteToMessageDecoder.java:323)
	io.netty.handler.codec.ByteToMessageDecoder.fireChannelRead(ByteToMessageDecoder.java:310)
	io.netty.handler.codec.ByteToMessageDecoder.callDecode(ByteToMessageDecoder.java:426)
	io.netty.handler.codec.ByteToMessageDecoder.channelRead(ByteToMessageDecoder.java:278)
	io.netty.channel.CombinedChannelDuplexHandler.channelRead(CombinedChannelDuplexHandler.java:253)
	io.netty.channel.AbstractChannelHandlerContext.invokeChannelRead(AbstractChannelHandlerContext.java:374)
	io.netty.channel.AbstractChannelHandlerContext.invokeChannelRead(AbstractChannelHandlerContext.java:360)
	io.netty.channel.AbstractChannelHandlerContext.fireChannelRead(AbstractChannelHandlerContext.java:352)
	io.netty.channel.DefaultChannelPipeline$HeadContext.channelRead(DefaultChannelPipeline.java:1408)
	io.netty.channel.AbstractChannelHandlerContext.invokeChannelRead(AbstractChannelHandlerContext.java:374)
	io.netty.channel.AbstractChannelHandlerContext.invokeChannelRead(AbstractChannelHandlerContext.java:360)
	io.netty.channel.DefaultChannelPipeline.fireChannelRead(DefaultChannelPipeline.java:930)
	io.netty.channel.nio.AbstractNioByteChannel$NioByteUnsafe.read(AbstractNioByteChannel.java:163)
	io.netty.channel.nio.NioEventLoop.processSelectedKey(NioEventLoop.java:682)
	io.netty.channel.nio.NioEventLoop.processSelectedKeysOptimized(NioEventLoop.java:617)
	io.netty.channel.nio.NioEventLoop.processSelectedKeys(NioEventLoop.java:534)
	io.netty.channel.nio.NioEventLoop.run(NioEventLoop.java:496)
	io.netty.util.concurrent.SingleThreadEventExecutor$5.run(SingleThreadEventExecutor.java:906)
	io.netty.util.internal.ThreadExecutorMap$2.run(ThreadExecutorMap.java:74)
	io.netty.util.concurrent.FastThreadLocalRunnable.run(FastThreadLocalRunnable.java:30)
	java.lang.Thread.run(Thread.java:748)
#2:
	io.netty.buffer.AdvancedLeakAwareByteBuf.getByte(AdvancedLeakAwareByteBuf.java:154)
	org.springframework.core.io.buffer.NettyDataBuffer.getByte(NettyDataBuffer.java:132)
	org.springframework.core.io.buffer.DataBufferUtils$KnuthMorrisPrattMatcher.match(DataBufferUtils.java:1005)
	org.springframework.core.io.buffer.DataBufferUtils.endFrameAfterDelimiter(DataBufferUtils.java:634)
	org.springframework.core.io.buffer.DataBufferUtils.lambda$split$18(DataBufferUtils.java:603)
	reactor.core.publisher.FluxFlatMap$FlatMapMain.onNext(FluxFlatMap.java:350)
	reactor.core.publisher.FluxConcatMap$ConcatMapImmediate.innerNext(FluxConcatMap.java:275)
	reactor.core.publisher.FluxConcatMap$ConcatMapInner.onNext(FluxConcatMap.java:849)
	reactor.core.publisher.FluxConcatMap$WeakScalarSubscription.request(FluxConcatMap.java:470)
	reactor.core.publisher.Operators$MultiSubscriptionSubscriber.set(Operators.java:1939)
	reactor.core.publisher.FluxConcatMap$ConcatMapImmediate.drain(FluxConcatMap.java:436)
	reactor.core.publisher.FluxConcatMap$ConcatMapImmediate.onNext(FluxConcatMap.java:244)
	reactor.core.publisher.FluxMap$MapSubscriber.onNext(FluxMap.java:114)
	reactor.core.publisher.FluxPeek$PeekSubscriber.onNext(FluxPeek.java:192)
	reactor.core.publisher.FluxMap$MapSubscriber.onNext(FluxMap.java:114)
	reactor.netty.channel.FluxReceive.drainReceiver(FluxReceive.java:206)
	reactor.netty.channel.FluxReceive.onInboundNext(FluxReceive.java:322)
	reactor.netty.channel.ChannelOperations.onInboundNext(ChannelOperations.java:335)
	reactor.netty.http.server.HttpServerOperations.onInboundNext(HttpServerOperations.java:456)
	reactor.netty.channel.ChannelOperationsHandler.channelRead(ChannelOperationsHandler.java:91)
	io.netty.channel.AbstractChannelHandlerContext.invokeChannelRead(AbstractChannelHandlerContext.java:374)
	io.netty.channel.AbstractChannelHandlerContext.invokeChannelRead(AbstractChannelHandlerContext.java:360)
	io.netty.channel.AbstractChannelHandlerContext.fireChannelRead(AbstractChannelHandlerContext.java:352)
	reactor.netty.http.server.HttpTrafficHandler.channelRead(HttpTrafficHandler.java:190)
	io.netty.channel.AbstractChannelHandlerContext.invokeChannelRead(AbstractChannelHandlerContext.java:374)
	io.netty.channel.AbstractChannelHandlerContext.invokeChannelRead(AbstractChannelHandlerContext.java:360)
	io.netty.channel.AbstractChannelHandlerContext.fireChannelRead(AbstractChannelHandlerContext.java:352)
	io.netty.channel.CombinedChannelDuplexHandler$DelegatingChannelHandlerContext.fireChannelRead(CombinedChannelDuplexHandler.java:438)
	io.netty.handler.codec.ByteToMessageDecoder.fireChannelRead(ByteToMessageDecoder.java:323)
	io.netty.handler.codec.ByteToMessageDecoder.fireChannelRead(ByteToMessageDecoder.java:310)
	io.netty.handler.codec.ByteToMessageDecoder.callDecode(ByteToMessageDecoder.java:426)
	io.netty.handler.codec.ByteToMessageDecoder.channelRead(ByteToMessageDecoder.java:278)
	io.netty.channel.CombinedChannelDuplexHandler.channelRead(CombinedChannelDuplexHandler.java:253)
	io.netty.channel.AbstractChannelHandlerContext.invokeChannelRead(AbstractChannelHandlerContext.java:374)
	io.netty.channel.AbstractChannelHandlerContext.invokeChannelRead(AbstractChannelHandlerContext.java:360)
	io.netty.channel.AbstractChannelHandlerContext.fireChannelRead(AbstractChannelHandlerContext.java:352)
	io.netty.channel.DefaultChannelPipeline$HeadContext.channelRead(DefaultChannelPipeline.java:1408)
	io.netty.channel.AbstractChannelHandlerContext.invokeChannelRead(AbstractChannelHandlerContext.java:374)
	io.netty.channel.AbstractChannelHandlerContext.invokeChannelRead(AbstractChannelHandlerContext.java:360)
	io.netty.channel.DefaultChannelPipeline.fireChannelRead(DefaultChannelPipeline.java:930)
	io.netty.channel.nio.AbstractNioByteChannel$NioByteUnsafe.read(AbstractNioByteChannel.java:163)
	io.netty.channel.nio.NioEventLoop.processSelectedKey(NioEventLoop.java:682)
	io.netty.channel.nio.NioEventLoop.processSelectedKeysOptimized(NioEventLoop.java:617)
	io.netty.channel.nio.NioEventLoop.processSelectedKeys(NioEventLoop.java:534)
	io.netty.channel.nio.NioEventLoop.run(NioEventLoop.java:496)
	io.netty.util.concurrent.SingleThreadEventExecutor$5.run(SingleThreadEventExecutor.java:906)
	io.netty.util.internal.ThreadExecutorMap$2.run(ThreadExecutorMap.java:74)
	io.netty.util.concurrent.FastThreadLocalRunnable.run(FastThreadLocalRunnable.java:30)
	java.lang.Thread.run(Thread.java:748)
#3:
	org.springframework.core.io.buffer.NettyDataBufferFactory.wrap(NettyDataBufferFactory.java:93)
	reactor.core.publisher.FluxMap$MapSubscriber.onNext(FluxMap.java:100)
	reactor.core.publisher.FluxPeek$PeekSubscriber.onNext(FluxPeek.java:192)
	reactor.core.publisher.FluxMap$MapSubscriber.onNext(FluxMap.java:114)
	reactor.netty.channel.FluxReceive.drainReceiver(FluxReceive.java:206)
	reactor.netty.channel.FluxReceive.onInboundNext(FluxReceive.java:322)
	reactor.netty.channel.ChannelOperations.onInboundNext(ChannelOperations.java:335)
	reactor.netty.http.server.HttpServerOperations.onInboundNext(HttpServerOperations.java:456)
	reactor.netty.channel.ChannelOperationsHandler.channelRead(ChannelOperationsHandler.java:91)
	io.netty.channel.AbstractChannelHandlerContext.invokeChannelRead(AbstractChannelHandlerContext.java:374)
	io.netty.channel.AbstractChannelHandlerContext.invokeChannelRead(AbstractChannelHandlerContext.java:360)
	io.netty.channel.AbstractChannelHandlerContext.fireChannelRead(AbstractChannelHandlerContext.java:352)
	reactor.netty.http.server.HttpTrafficHandler.channelRead(HttpTrafficHandler.java:190)
	io.netty.channel.AbstractChannelHandlerContext.invokeChannelRead(AbstractChannelHandlerContext.java:374)
	io.netty.channel.AbstractChannelHandlerContext.invokeChannelRead(AbstractChannelHandlerContext.java:360)
	io.netty.channel.AbstractChannelHandlerContext.fireChannelRead(AbstractChannelHandlerContext.java:352)
	io.netty.channel.CombinedChannelDuplexHandler$DelegatingChannelHandlerContext.fireChannelRead(CombinedChannelDuplexHandler.java:438)
	io.netty.handler.codec.ByteToMessageDecoder.fireChannelRead(ByteToMessageDecoder.java:323)
	io.netty.handler.codec.ByteToMessageDecoder.fireChannelRead(ByteToMessageDecoder.java:310)
	io.netty.handler.codec.ByteToMessageDecoder.callDecode(ByteToMessageDecoder.java:426)
	io.netty.handler.codec.ByteToMessageDecoder.channelRead(ByteToMessageDecoder.java:278)
	io.netty.channel.CombinedChannelDuplexHandler.channelRead(CombinedChannelDuplexHandler.java:253)
	io.netty.channel.AbstractChannelHandlerContext.invokeChannelRead(AbstractChannelHandlerContext.java:374)
	io.netty.channel.AbstractChannelHandlerContext.invokeChannelRead(AbstractChannelHandlerContext.java:360)
	io.netty.channel.AbstractChannelHandlerContext.fireChannelRead(AbstractChannelHandlerContext.java:352)
	io.netty.channel.DefaultChannelPipeline$HeadContext.channelRead(DefaultChannelPipeline.java:1408)
	io.netty.channel.AbstractChannelHandlerContext.invokeChannelRead(AbstractChannelHandlerContext.java:374)
	io.netty.channel.AbstractChannelHandlerContext.invokeChannelRead(AbstractChannelHandlerContext.java:360)
	io.netty.channel.DefaultChannelPipeline.fireChannelRead(DefaultChannelPipeline.java:930)
	io.netty.channel.nio.AbstractNioByteChannel$NioByteUnsafe.read(AbstractNioByteChannel.java:163)
	io.netty.channel.nio.NioEventLoop.processSelectedKey(NioEventLoop.java:682)
	io.netty.channel.nio.NioEventLoop.processSelectedKeysOptimized(NioEventLoop.java:617)
	io.netty.channel.nio.NioEventLoop.processSelectedKeys(NioEventLoop.java:534)
	io.netty.channel.nio.NioEventLoop.run(NioEventLoop.java:496)
	io.netty.util.concurrent.SingleThreadEventExecutor$5.run(SingleThreadEventExecutor.java:906)
	io.netty.util.internal.ThreadExecutorMap$2.run(ThreadExecutorMap.java:74)
	io.netty.util.concurrent.FastThreadLocalRunnable.run(FastThreadLocalRunnable.java:30)
	java.lang.Thread.run(Thread.java:748)
#4:
	reactor.core.publisher.FluxPeek$PeekSubscriber.onNext(FluxPeek.java:177)
	reactor.core.publisher.FluxMap$MapSubscriber.onNext(FluxMap.java:114)
	reactor.netty.channel.FluxReceive.drainReceiver(FluxReceive.java:206)
	reactor.netty.channel.FluxReceive.onInboundNext(FluxReceive.java:322)
	reactor.netty.channel.ChannelOperations.onInboundNext(ChannelOperations.java:335)
	reactor.netty.http.server.HttpServerOperations.onInboundNext(HttpServerOperations.java:456)
	reactor.netty.channel.ChannelOperationsHandler.channelRead(ChannelOperationsHandler.java:91)
	io.netty.channel.AbstractChannelHandlerContext.invokeChannelRead(AbstractChannelHandlerContext.java:374)
	io.netty.channel.AbstractChannelHandlerContext.invokeChannelRead(AbstractChannelHandlerContext.java:360)
	io.netty.channel.AbstractChannelHandlerContext.fireChannelRead(AbstractChannelHandlerContext.java:352)
	reactor.netty.http.server.HttpTrafficHandler.channelRead(HttpTrafficHandler.java:190)
	io.netty.channel.AbstractChannelHandlerContext.invokeChannelRead(AbstractChannelHandlerContext.java:374)
	io.netty.channel.AbstractChannelHandlerContext.invokeChannelRead(AbstractChannelHandlerContext.java:360)
	io.netty.channel.AbstractChannelHandlerContext.fireChannelRead(AbstractChannelHandlerContext.java:352)
	io.netty.channel.CombinedChannelDuplexHandler$DelegatingChannelHandlerContext.fireChannelRead(CombinedChannelDuplexHandler.java:438)
	io.netty.handler.codec.ByteToMessageDecoder.fireChannelRead(ByteToMessageDecoder.java:323)
	io.netty.handler.codec.ByteToMessageDecoder.fireChannelRead(ByteToMessageDecoder.java:310)
	io.netty.handler.codec.ByteToMessageDecoder.callDecode(ByteToMessageDecoder.java:426)
	io.netty.handler.codec.ByteToMessageDecoder.channelRead(ByteToMessageDecoder.java:278)
	io.netty.channel.CombinedChannelDuplexHandler.channelRead(CombinedChannelDuplexHandler.java:253)
	io.netty.channel.AbstractChannelHandlerContext.invokeChannelRead(AbstractChannelHandlerContext.java:374)
	io.netty.channel.AbstractChannelHandlerContext.invokeChannelRead(AbstractChannelHandlerContext.java:360)
	io.netty.channel.AbstractChannelHandlerContext.fireChannelRead(AbstractChannelHandlerContext.java:352)
	io.netty.channel.DefaultChannelPipeline$HeadContext.channelRead(DefaultChannelPipeline.java:1408)
	io.netty.channel.AbstractChannelHandlerContext.invokeChannelRead(AbstractChannelHandlerContext.java:374)
	io.netty.channel.AbstractChannelHandlerContext.invokeChannelRead(AbstractChannelHandlerContext.java:360)
	io.netty.channel.DefaultChannelPipeline.fireChannelRead(DefaultChannelPipeline.java:930)
	io.netty.channel.nio.AbstractNioByteChannel$NioByteUnsafe.read(AbstractNioByteChannel.java:163)
	io.netty.channel.nio.NioEventLoop.processSelectedKey(NioEventLoop.java:682)
	io.netty.channel.nio.NioEventLoop.processSelectedKeysOptimized(NioEventLoop.java:617)
	io.netty.channel.nio.NioEventLoop.processSelectedKeys(NioEventLoop.java:534)
	io.netty.channel.nio.NioEventLoop.run(NioEventLoop.java:496)
	io.netty.util.concurrent.SingleThreadEventExecutor$5.run(SingleThreadEventExecutor.java:906)
	io.netty.util.internal.ThreadExecutorMap$2.run(ThreadExecutorMap.java:74)
	io.netty.util.concurrent.FastThreadLocalRunnable.run(FastThreadLocalRunnable.java:30)
	java.lang.Thread.run(Thread.java:748)
#5:
	Hint: 'reactor.right.reactiveBridge' will handle the message from this point.
	io.netty.handler.codec.http.DefaultHttpContent.touch(DefaultHttpContent.java:88)
	io.netty.handler.codec.http.DefaultHttpContent.touch(DefaultHttpContent.java:24)
	io.netty.channel.DefaultChannelPipeline.touch(DefaultChannelPipeline.java:116)
	io.netty.channel.AbstractChannelHandlerContext.invokeChannelRead(AbstractChannelHandlerContext.java:357)
	io.netty.channel.AbstractChannelHandlerContext.fireChannelRead(AbstractChannelHandlerContext.java:352)
	reactor.netty.http.server.HttpTrafficHandler.channelRead(HttpTrafficHandler.java:190)
	io.netty.channel.AbstractChannelHandlerContext.invokeChannelRead(AbstractChannelHandlerContext.java:374)
	io.netty.channel.AbstractChannelHandlerContext.invokeChannelRead(AbstractChannelHandlerContext.java:360)
	io.netty.channel.AbstractChannelHandlerContext.fireChannelRead(AbstractChannelHandlerContext.java:352)
	io.netty.channel.CombinedChannelDuplexHandler$DelegatingChannelHandlerContext.fireChannelRead(CombinedChannelDuplexHandler.java:438)
	io.netty.handler.codec.ByteToMessageDecoder.fireChannelRead(ByteToMessageDecoder.java:323)
	io.netty.handler.codec.ByteToMessageDecoder.fireChannelRead(ByteToMessageDecoder.java:310)
	io.netty.handler.codec.ByteToMessageDecoder.callDecode(ByteToMessageDecoder.java:426)
	io.netty.handler.codec.ByteToMessageDecoder.channelRead(ByteToMessageDecoder.java:278)
	io.netty.channel.CombinedChannelDuplexHandler.channelRead(CombinedChannelDuplexHandler.java:253)
	io.netty.channel.AbstractChannelHandlerContext.invokeChannelRead(AbstractChannelHandlerContext.java:374)
	io.netty.channel.AbstractChannelHandlerContext.invokeChannelRead(AbstractChannelHandlerContext.java:360)
	io.netty.channel.AbstractChannelHandlerContext.fireChannelRead(AbstractChannelHandlerContext.java:352)
	io.netty.channel.DefaultChannelPipeline$HeadContext.channelRead(DefaultChannelPipeline.java:1408)
	io.netty.channel.AbstractChannelHandlerContext.invokeChannelRead(AbstractChannelHandlerContext.java:374)
	io.netty.channel.AbstractChannelHandlerContext.invokeChannelRead(AbstractChannelHandlerContext.java:360)
	io.netty.channel.DefaultChannelPipeline.fireChannelRead(DefaultChannelPipeline.java:930)
	io.netty.channel.nio.AbstractNioByteChannel$NioByteUnsafe.read(AbstractNioByteChannel.java:163)
	io.netty.channel.nio.NioEventLoop.processSelectedKey(NioEventLoop.java:682)
	io.netty.channel.nio.NioEventLoop.processSelectedKeysOptimized(NioEventLoop.java:617)
	io.netty.channel.nio.NioEventLoop.processSelectedKeys(NioEventLoop.java:534)
	io.netty.channel.nio.NioEventLoop.run(NioEventLoop.java:496)
	io.netty.util.concurrent.SingleThreadEventExecutor$5.run(SingleThreadEventExecutor.java:906)
	io.netty.util.internal.ThreadExecutorMap$2.run(ThreadExecutorMap.java:74)
	io.netty.util.concurrent.FastThreadLocalRunnable.run(FastThreadLocalRunnable.java:30)
	java.lang.Thread.run(Thread.java:748)
#6:
	Hint: 'reactor.left.httpTrafficHandler' will handle the message from this point.
	io.netty.handler.codec.http.DefaultHttpContent.touch(DefaultHttpContent.java:88)
	io.netty.handler.codec.http.DefaultHttpContent.touch(DefaultHttpContent.java:24)
	io.netty.channel.DefaultChannelPipeline.touch(DefaultChannelPipeline.java:116)
	io.netty.channel.AbstractChannelHandlerContext.invokeChannelRead(AbstractChannelHandlerContext.java:357)
	io.netty.channel.AbstractChannelHandlerContext.fireChannelRead(AbstractChannelHandlerContext.java:352)
	io.netty.channel.CombinedChannelDuplexHandler$DelegatingChannelHandlerContext.fireChannelRead(CombinedChannelDuplexHandler.java:438)
	io.netty.handler.codec.ByteToMessageDecoder.fireChannelRead(ByteToMessageDecoder.java:323)
	io.netty.handler.codec.ByteToMessageDecoder.fireChannelRead(ByteToMessageDecoder.java:310)
	io.netty.handler.codec.ByteToMessageDecoder.callDecode(ByteToMessageDecoder.java:426)
	io.netty.handler.codec.ByteToMessageDecoder.channelRead(ByteToMessageDecoder.java:278)
	io.netty.channel.CombinedChannelDuplexHandler.channelRead(CombinedChannelDuplexHandler.java:253)
	io.netty.channel.AbstractChannelHandlerContext.invokeChannelRead(AbstractChannelHandlerContext.java:374)
	io.netty.channel.AbstractChannelHandlerContext.invokeChannelRead(AbstractChannelHandlerContext.java:360)
	io.netty.channel.AbstractChannelHandlerContext.fireChannelRead(AbstractChannelHandlerContext.java:352)
	io.netty.channel.DefaultChannelPipeline$HeadContext.channelRead(DefaultChannelPipeline.java:1408)
	io.netty.channel.AbstractChannelHandlerContext.invokeChannelRead(AbstractChannelHandlerContext.java:374)
	io.netty.channel.AbstractChannelHandlerContext.invokeChannelRead(AbstractChannelHandlerContext.java:360)
	io.netty.channel.DefaultChannelPipeline.fireChannelRead(DefaultChannelPipeline.java:930)
	io.netty.channel.nio.AbstractNioByteChannel$NioByteUnsafe.read(AbstractNioByteChannel.java:163)
	io.netty.channel.nio.NioEventLoop.processSelectedKey(NioEventLoop.java:682)
	io.netty.channel.nio.NioEventLoop.processSelectedKeysOptimized(NioEventLoop.java:617)
	io.netty.channel.nio.NioEventLoop.processSelectedKeys(NioEventLoop.java:534)
	io.netty.channel.nio.NioEventLoop.run(NioEventLoop.java:496)
	io.netty.util.concurrent.SingleThreadEventExecutor$5.run(SingleThreadEventExecutor.java:906)
	io.netty.util.internal.ThreadExecutorMap$2.run(ThreadExecutorMap.java:74)
	io.netty.util.concurrent.FastThreadLocalRunnable.run(FastThreadLocalRunnable.java:30)
	java.lang.Thread.run(Thread.java:748)
Created at:
	io.netty.buffer.SimpleLeakAwareByteBuf.unwrappedDerived(SimpleLeakAwareByteBuf.java:143)
	io.netty.buffer.SimpleLeakAwareByteBuf.readRetainedSlice(SimpleLeakAwareByteBuf.java:67)
	io.netty.buffer.AdvancedLeakAwareByteBuf.readRetainedSlice(AdvancedLeakAwareByteBuf.java:107)
	io.netty.handler.codec.http.HttpObjectDecoder.decode(HttpObjectDecoder.java:336)
	io.netty.handler.codec.http.HttpServerCodec$HttpServerRequestDecoder.decode(HttpServerCodec.java:103)
	io.netty.handler.codec.ByteToMessageDecoder.decodeRemovalReentryProtection(ByteToMessageDecoder.java:502)
	io.netty.handler.codec.ByteToMessageDecoder.callDecode(ByteToMessageDecoder.java:441)
	io.netty.handler.codec.ByteToMessageDecoder.channelRead(ByteToMessageDecoder.java:278)
	io.netty.channel.CombinedChannelDuplexHandler.channelRead(CombinedChannelDuplexHandler.java:253)
	io.netty.channel.AbstractChannelHandlerContext.invokeChannelRead(AbstractChannelHandlerContext.java:374)
	io.netty.channel.AbstractChannelHandlerContext.invokeChannelRead(AbstractChannelHandlerContext.java:360)
	io.netty.channel.AbstractChannelHandlerContext.fireChannelRead(AbstractChannelHandlerContext.java:352)
	io.netty.channel.DefaultChannelPipeline$HeadContext.channelRead(DefaultChannelPipeline.java:1408)
	io.netty.channel.AbstractChannelHandlerContext.invokeChannelRead(AbstractChannelHandlerContext.java:374)
	io.netty.channel.AbstractChannelHandlerContext.invokeChannelRead(AbstractChannelHandlerContext.java:360)
	io.netty.channel.DefaultChannelPipeline.fireChannelRead(DefaultChannelPipeline.java:930)
	io.netty.channel.nio.AbstractNioByteChannel$NioByteUnsafe.read(AbstractNioByteChannel.java:163)
	io.netty.channel.nio.NioEventLoop.processSelectedKey(NioEventLoop.java:682)
	io.netty.channel.nio.NioEventLoop.processSelectedKeysOptimized(NioEventLoop.java:617)
	io.netty.channel.nio.NioEventLoop.processSelectedKeys(NioEventLoop.java:534)
	io.netty.channel.nio.NioEventLoop.run(NioEventLoop.java:496)
	io.netty.util.concurrent.SingleThreadEventExecutor$5.run(SingleThreadEventExecutor.java:906)
	io.netty.util.internal.ThreadExecutorMap$2.run(ThreadExecutorMap.java:74)
	io.netty.util.concurrent.FastThreadLocalRunnable.run(FastThreadLocalRunnable.java:30)
	java.lang.Thread.run(Thread.java:748)
: 14 leak records were discarded because the leak record count is targeted to 4. Use system property io.netty.leakDetection.targetRecords to increase the limit.
22:43:01.623 [reactor-http-nio-8] ERROR i.n.u.ResourceLeakDetector - LEAK: ByteBuf.release() was not called before it's garbage-collected. See http://netty.io/wiki/reference-counted-objects.html for more information.
Recent access records: 
#1:
	io.netty.buffer.AdvancedLeakAwareByteBuf.order(AdvancedLeakAwareByteBuf.java:70)
	io.netty.buffer.CompositeByteBuf.newComponent(CompositeByteBuf.java:318)
	io.netty.buffer.CompositeByteBuf.addComponent0(CompositeByteBuf.java:280)
	io.netty.buffer.CompositeByteBuf.addComponent(CompositeByteBuf.java:265)
	io.netty.buffer.CompositeByteBuf.addComponent(CompositeByteBuf.java:222)
	io.netty.buffer.WrappedCompositeByteBuf.addComponent(WrappedCompositeByteBuf.java:529)
	io.netty.buffer.AdvancedLeakAwareCompositeByteBuf.addComponent(AdvancedLeakAwareCompositeByteBuf.java:921)
	org.springframework.core.io.buffer.NettyDataBufferFactory.join(NettyDataBufferFactory.java:111)
	org.springframework.core.io.buffer.DataBufferUtils.joinAndStrip(DataBufferUtils.java:686)
	org.springframework.core.io.buffer.DataBufferUtils.lambda$split$20(DataBufferUtils.java:605)
	reactor.core.publisher.FluxMap$MapConditionalSubscriber.onNext(FluxMap.java:199)
	reactor.core.publisher.FluxBufferPredicate$BufferPredicateSubscriber.emit(FluxBufferPredicate.java:290)
	reactor.core.publisher.FluxBufferPredicate$BufferPredicateSubscriber.onNextNewBuffer(FluxBufferPredicate.java:257)
	reactor.core.publisher.FluxBufferPredicate$BufferPredicateSubscriber.tryOnNext(FluxBufferPredicate.java:211)
	reactor.core.publisher.FluxBufferPredicate$BufferPredicateSubscriber.onNext(FluxBufferPredicate.java:184)
	reactor.core.publisher.FluxFlatMap$FlatMapMain.drainLoop(FluxFlatMap.java:664)
	reactor.core.publisher.FluxFlatMap$FlatMapMain.drain(FluxFlatMap.java:540)
	reactor.core.publisher.FluxFlatMap$FlatMapInner.onSubscribe(FluxFlatMap.java:924)
	reactor.core.publisher.FluxIterable.subscribe(FluxIterable.java:139)
	reactor.core.publisher.FluxIterable.subscribe(FluxIterable.java:63)
	reactor.core.publisher.Flux.subscribe(Flux.java:7922)
	reactor.core.publisher.FluxFlatMap$FlatMapMain.onNext(FluxFlatMap.java:389)
	reactor.core.publisher.FluxConcatMap$ConcatMapImmediate.innerNext(FluxConcatMap.java:275)
	reactor.core.publisher.FluxConcatMap$ConcatMapInner.onNext(FluxConcatMap.java:849)
	reactor.core.publisher.FluxConcatMap$WeakScalarSubscription.request(FluxConcatMap.java:470)
	reactor.core.publisher.Operators$MultiSubscriptionSubscriber.set(Operators.java:1939)
	reactor.core.publisher.FluxConcatMap$ConcatMapImmediate.drain(FluxConcatMap.java:436)
	reactor.core.publisher.FluxConcatMap$ConcatMapImmediate.onNext(FluxConcatMap.java:244)
	reactor.core.publisher.FluxMap$MapSubscriber.onNext(FluxMap.java:114)
	reactor.core.publisher.FluxPeek$PeekSubscriber.onNext(FluxPeek.java:192)
	reactor.core.publisher.FluxMap$MapSubscriber.onNext(FluxMap.java:114)
	reactor.netty.channel.FluxReceive.drainReceiver(FluxReceive.java:206)
	reactor.netty.channel.FluxReceive.onInboundNext(FluxReceive.java:322)
	reactor.netty.channel.ChannelOperations.onInboundNext(ChannelOperations.java:335)
	reactor.netty.http.server.HttpServerOperations.onInboundNext(HttpServerOperations.java:456)
	reactor.netty.channel.ChannelOperationsHandler.channelRead(ChannelOperationsHandler.java:91)
	io.netty.channel.AbstractChannelHandlerContext.invokeChannelRead(AbstractChannelHandlerContext.java:374)
	io.netty.channel.AbstractChannelHandlerContext.invokeChannelRead(AbstractChannelHandlerContext.java:360)
	io.netty.channel.AbstractChannelHandlerContext.fireChannelRead(AbstractChannelHandlerContext.java:352)
	reactor.netty.http.server.HttpTrafficHandler.channelRead(HttpTrafficHandler.java:190)
	io.netty.channel.AbstractChannelHandlerContext.invokeChannelRead(AbstractChannelHandlerContext.java:374)
	io.netty.channel.AbstractChannelHandlerContext.invokeChannelRead(AbstractChannelHandlerContext.java:360)
	io.netty.channel.AbstractChannelHandlerContext.fireChannelRead(AbstractChannelHandlerContext.java:352)
	io.netty.channel.CombinedChannelDuplexHandler$DelegatingChannelHandlerContext.fireChannelRead(CombinedChannelDuplexHandler.java:438)
	io.netty.handler.codec.ByteToMessageDecoder.fireChannelRead(ByteToMessageDecoder.java:323)
	io.netty.handler.codec.ByteToMessageDecoder.fireChannelRead(ByteToMessageDecoder.java:310)
	io.netty.handler.codec.ByteToMessageDecoder.callDecode(ByteToMessageDecoder.java:426)
	io.netty.handler.codec.ByteToMessageDecoder.channelRead(ByteToMessageDecoder.java:278)
	io.netty.channel.CombinedChannelDuplexHandler.channelRead(CombinedChannelDuplexHandler.java:253)
	io.netty.channel.AbstractChannelHandlerContext.invokeChannelRead(AbstractChannelHandlerContext.java:374)
	io.netty.channel.AbstractChannelHandlerContext.invokeChannelRead(AbstractChannelHandlerContext.java:360)
	io.netty.channel.AbstractChannelHandlerContext.fireChannelRead(AbstractChannelHandlerContext.java:352)
	io.netty.channel.DefaultChannelPipeline$HeadContext.channelRead(DefaultChannelPipeline.java:1408)
	io.netty.channel.AbstractChannelHandlerContext.invokeChannelRead(AbstractChannelHandlerContext.java:374)
	io.netty.channel.AbstractChannelHandlerContext.invokeChannelRead(AbstractChannelHandlerContext.java:360)
	io.netty.channel.DefaultChannelPipeline.fireChannelRead(DefaultChannelPipeline.java:930)
	io.netty.channel.nio.AbstractNioByteChannel$NioByteUnsafe.read(AbstractNioByteChannel.java:163)
	io.netty.channel.nio.NioEventLoop.processSelectedKey(NioEventLoop.java:682)
	io.netty.channel.nio.NioEventLoop.processSelectedKeysOptimized(NioEventLoop.java:617)
	io.netty.channel.nio.NioEventLoop.processSelectedKeys(NioEventLoop.java:534)
	io.netty.channel.nio.NioEventLoop.run(NioEventLoop.java:496)
	io.netty.util.concurrent.SingleThreadEventExecutor$5.run(SingleThreadEventExecutor.java:906)
	io.netty.util.internal.ThreadExecutorMap$2.run(ThreadExecutorMap.java:74)
	io.netty.util.concurrent.FastThreadLocalRunnable.run(FastThreadLocalRunnable.java:30)
	java.lang.Thread.run(Thread.java:748)
#2:
	io.netty.buffer.AdvancedLeakAwareByteBuf.getByte(AdvancedLeakAwareByteBuf.java:154)
	org.springframework.core.io.buffer.NettyDataBuffer.getByte(NettyDataBuffer.java:132)
	org.springframework.core.io.buffer.DataBufferUtils$KnuthMorrisPrattMatcher.match(DataBufferUtils.java:1005)
	org.springframework.core.io.buffer.DataBufferUtils.endFrameAfterDelimiter(DataBufferUtils.java:634)
	org.springframework.core.io.buffer.DataBufferUtils.lambda$split$18(DataBufferUtils.java:603)
	reactor.core.publisher.FluxFlatMap$FlatMapMain.onNext(FluxFlatMap.java:350)
	reactor.core.publisher.FluxConcatMap$ConcatMapImmediate.innerNext(FluxConcatMap.java:275)
	reactor.core.publisher.FluxConcatMap$ConcatMapInner.onNext(FluxConcatMap.java:849)
	reactor.core.publisher.FluxConcatMap$WeakScalarSubscription.request(FluxConcatMap.java:470)
	reactor.core.publisher.Operators$MultiSubscriptionSubscriber.set(Operators.java:1939)
	reactor.core.publisher.FluxConcatMap$ConcatMapImmediate.drain(FluxConcatMap.java:436)
	reactor.core.publisher.FluxConcatMap$ConcatMapImmediate.onNext(FluxConcatMap.java:244)
	reactor.core.publisher.FluxMap$MapSubscriber.onNext(FluxMap.java:114)
	reactor.core.publisher.FluxPeek$PeekSubscriber.onNext(FluxPeek.java:192)
	reactor.core.publisher.FluxMap$MapSubscriber.onNext(FluxMap.java:114)
	reactor.netty.channel.FluxReceive.drainReceiver(FluxReceive.java:206)
	reactor.netty.channel.FluxReceive.onInboundNext(FluxReceive.java:322)
	reactor.netty.channel.ChannelOperations.onInboundNext(ChannelOperations.java:335)
	reactor.netty.http.server.HttpServerOperations.onInboundNext(HttpServerOperations.java:456)
	reactor.netty.channel.ChannelOperationsHandler.channelRead(ChannelOperationsHandler.java:91)
	io.netty.channel.AbstractChannelHandlerContext.invokeChannelRead(AbstractChannelHandlerContext.java:374)
	io.netty.channel.AbstractChannelHandlerContext.invokeChannelRead(AbstractChannelHandlerContext.java:360)
	io.netty.channel.AbstractChannelHandlerContext.fireChannelRead(AbstractChannelHandlerContext.java:352)
	reactor.netty.http.server.HttpTrafficHandler.channelRead(HttpTrafficHandler.java:190)
	io.netty.channel.AbstractChannelHandlerContext.invokeChannelRead(AbstractChannelHandlerContext.java:374)
	io.netty.channel.AbstractChannelHandlerContext.invokeChannelRead(AbstractChannelHandlerContext.java:360)
	io.netty.channel.AbstractChannelHandlerContext.fireChannelRead(AbstractChannelHandlerContext.java:352)
	io.netty.channel.CombinedChannelDuplexHandler$DelegatingChannelHandlerContext.fireChannelRead(CombinedChannelDuplexHandler.java:438)
	io.netty.handler.codec.ByteToMessageDecoder.fireChannelRead(ByteToMessageDecoder.java:323)
	io.netty.handler.codec.ByteToMessageDecoder.channelRead(ByteToMessageDecoder.java:297)
	io.netty.channel.CombinedChannelDuplexHandler.channelRead(CombinedChannelDuplexHandler.java:253)
	io.netty.channel.AbstractChannelHandlerContext.invokeChannelRead(AbstractChannelHandlerContext.java:374)
	io.netty.channel.AbstractChannelHandlerContext.invokeChannelRead(AbstractChannelHandlerContext.java:360)
	io.netty.channel.AbstractChannelHandlerContext.fireChannelRead(AbstractChannelHandlerContext.java:352)
	io.netty.channel.DefaultChannelPipeline$HeadContext.channelRead(DefaultChannelPipeline.java:1408)
	io.netty.channel.AbstractChannelHandlerContext.invokeChannelRead(AbstractChannelHandlerContext.java:374)
	io.netty.channel.AbstractChannelHandlerContext.invokeChannelRead(AbstractChannelHandlerContext.java:360)
	io.netty.channel.DefaultChannelPipeline.fireChannelRead(DefaultChannelPipeline.java:930)
	io.netty.channel.nio.AbstractNioByteChannel$NioByteUnsafe.read(AbstractNioByteChannel.java:163)
	io.netty.channel.nio.NioEventLoop.processSelectedKey(NioEventLoop.java:682)
	io.netty.channel.nio.NioEventLoop.processSelectedKeysOptimized(NioEventLoop.java:617)
	io.netty.channel.nio.NioEventLoop.processSelectedKeys(NioEventLoop.java:534)
	io.netty.channel.nio.NioEventLoop.run(NioEventLoop.java:496)
	io.netty.util.concurrent.SingleThreadEventExecutor$5.run(SingleThreadEventExecutor.java:906)
	io.netty.util.internal.ThreadExecutorMap$2.run(ThreadExecutorMap.java:74)
	io.netty.util.concurrent.FastThreadLocalRunnable.run(FastThreadLocalRunnable.java:30)
	java.lang.Thread.run(Thread.java:748)
#3:
	reactor.core.publisher.FluxPeek$PeekSubscriber.onNext(FluxPeek.java:177)
	reactor.core.publisher.FluxMap$MapSubscriber.onNext(FluxMap.java:114)
	reactor.netty.channel.FluxReceive.drainReceiver(FluxReceive.java:206)
	reactor.netty.channel.FluxReceive.onInboundNext(FluxReceive.java:322)
	reactor.netty.channel.ChannelOperations.onInboundNext(ChannelOperations.java:335)
	reactor.netty.http.server.HttpServerOperations.onInboundNext(HttpServerOperations.java:456)
	reactor.netty.channel.ChannelOperationsHandler.channelRead(ChannelOperationsHandler.java:91)
	io.netty.channel.AbstractChannelHandlerContext.invokeChannelRead(AbstractChannelHandlerContext.java:374)
	io.netty.channel.AbstractChannelHandlerContext.invokeChannelRead(AbstractChannelHandlerContext.java:360)
	io.netty.channel.AbstractChannelHandlerContext.fireChannelRead(AbstractChannelHandlerContext.java:352)
	reactor.netty.http.server.HttpTrafficHandler.channelRead(HttpTrafficHandler.java:190)
	io.netty.channel.AbstractChannelHandlerContext.invokeChannelRead(AbstractChannelHandlerContext.java:374)
	io.netty.channel.AbstractChannelHandlerContext.invokeChannelRead(AbstractChannelHandlerContext.java:360)
	io.netty.channel.AbstractChannelHandlerContext.fireChannelRead(AbstractChannelHandlerContext.java:352)
	io.netty.channel.CombinedChannelDuplexHandler$DelegatingChannelHandlerContext.fireChannelRead(CombinedChannelDuplexHandler.java:438)
	io.netty.handler.codec.ByteToMessageDecoder.fireChannelRead(ByteToMessageDecoder.java:323)
	io.netty.handler.codec.ByteToMessageDecoder.channelRead(ByteToMessageDecoder.java:297)
	io.netty.channel.CombinedChannelDuplexHandler.channelRead(CombinedChannelDuplexHandler.java:253)
	io.netty.channel.AbstractChannelHandlerContext.invokeChannelRead(AbstractChannelHandlerContext.java:374)
	io.netty.channel.AbstractChannelHandlerContext.invokeChannelRead(AbstractChannelHandlerContext.java:360)
	io.netty.channel.AbstractChannelHandlerContext.fireChannelRead(AbstractChannelHandlerContext.java:352)
	io.netty.channel.DefaultChannelPipeline$HeadContext.channelRead(DefaultChannelPipeline.java:1408)
	io.netty.channel.AbstractChannelHandlerContext.invokeChannelRead(AbstractChannelHandlerContext.java:374)
	io.netty.channel.AbstractChannelHandlerContext.invokeChannelRead(AbstractChannelHandlerContext.java:360)
	io.netty.channel.DefaultChannelPipeline.fireChannelRead(DefaultChannelPipeline.java:930)
	io.netty.channel.nio.AbstractNioByteChannel$NioByteUnsafe.read(AbstractNioByteChannel.java:163)
	io.netty.channel.nio.NioEventLoop.processSelectedKey(NioEventLoop.java:682)
	io.netty.channel.nio.NioEventLoop.processSelectedKeysOptimized(NioEventLoop.java:617)
	io.netty.channel.nio.NioEventLoop.processSelectedKeys(NioEventLoop.java:534)
	io.netty.channel.nio.NioEventLoop.run(NioEventLoop.java:496)
	io.netty.util.concurrent.SingleThreadEventExecutor$5.run(SingleThreadEventExecutor.java:906)
	io.netty.util.internal.ThreadExecutorMap$2.run(ThreadExecutorMap.java:74)
	io.netty.util.concurrent.FastThreadLocalRunnable.run(FastThreadLocalRunnable.java:30)
	java.lang.Thread.run(Thread.java:748)
#4:
	Hint: 'reactor.right.reactiveBridge' will handle the message from this point.
	io.netty.handler.codec.http.DefaultHttpContent.touch(DefaultHttpContent.java:88)
	io.netty.handler.codec.http.DefaultHttpContent.touch(DefaultHttpContent.java:24)
	io.netty.channel.DefaultChannelPipeline.touch(DefaultChannelPipeline.java:116)
	io.netty.channel.AbstractChannelHandlerContext.invokeChannelRead(AbstractChannelHandlerContext.java:357)
	io.netty.channel.AbstractChannelHandlerContext.fireChannelRead(AbstractChannelHandlerContext.java:352)
	reactor.netty.http.server.HttpTrafficHandler.channelRead(HttpTrafficHandler.java:190)
	io.netty.channel.AbstractChannelHandlerContext.invokeChannelRead(AbstractChannelHandlerContext.java:374)
	io.netty.channel.AbstractChannelHandlerContext.invokeChannelRead(AbstractChannelHandlerContext.java:360)
	io.netty.channel.AbstractChannelHandlerContext.fireChannelRead(AbstractChannelHandlerContext.java:352)
	io.netty.channel.CombinedChannelDuplexHandler$DelegatingChannelHandlerContext.fireChannelRead(CombinedChannelDuplexHandler.java:438)
	io.netty.handler.codec.ByteToMessageDecoder.fireChannelRead(ByteToMessageDecoder.java:323)
	io.netty.handler.codec.ByteToMessageDecoder.channelRead(ByteToMessageDecoder.java:297)
	io.netty.channel.CombinedChannelDuplexHandler.channelRead(CombinedChannelDuplexHandler.java:253)
	io.netty.channel.AbstractChannelHandlerContext.invokeChannelRead(AbstractChannelHandlerContext.java:374)
	io.netty.channel.AbstractChannelHandlerContext.invokeChannelRead(AbstractChannelHandlerContext.java:360)
	io.netty.channel.AbstractChannelHandlerContext.fireChannelRead(AbstractChannelHandlerContext.java:352)
	io.netty.channel.DefaultChannelPipeline$HeadContext.channelRead(DefaultChannelPipeline.java:1408)
	io.netty.channel.AbstractChannelHandlerContext.invokeChannelRead(AbstractChannelHandlerContext.java:374)
	io.netty.channel.AbstractChannelHandlerContext.invokeChannelRead(AbstractChannelHandlerContext.java:360)
	io.netty.channel.DefaultChannelPipeline.fireChannelRead(DefaultChannelPipeline.java:930)
	io.netty.channel.nio.AbstractNioByteChannel$NioByteUnsafe.read(AbstractNioByteChannel.java:163)
	io.netty.channel.nio.NioEventLoop.processSelectedKey(NioEventLoop.java:682)
	io.netty.channel.nio.NioEventLoop.processSelectedKeysOptimized(NioEventLoop.java:617)
	io.netty.channel.nio.NioEventLoop.processSelectedKeys(NioEventLoop.java:534)
	io.netty.channel.nio.NioEventLoop.run(NioEventLoop.java:496)
	io.netty.util.concurrent.SingleThreadEventExecutor$5.run(SingleThreadEventExecutor.java:906)
	io.netty.util.internal.ThreadExecutorMap$2.run(ThreadExecutorMap.java:74)
	io.netty.util.concurrent.FastThreadLocalRunnable.run(FastThreadLocalRunnable.java:30)
	java.lang.Thread.run(Thread.java:748)
#5:
	Hint: 'reactor.left.httpTrafficHandler' will handle the message from this point.
	io.netty.handler.codec.http.DefaultHttpContent.touch(DefaultHttpContent.java:88)
	io.netty.handler.codec.http.DefaultHttpContent.touch(DefaultHttpContent.java:24)
	io.netty.channel.DefaultChannelPipeline.touch(DefaultChannelPipeline.java:116)
	io.netty.channel.AbstractChannelHandlerContext.invokeChannelRead(AbstractChannelHandlerContext.java:357)
	io.netty.channel.AbstractChannelHandlerContext.fireChannelRead(AbstractChannelHandlerContext.java:352)
	io.netty.channel.CombinedChannelDuplexHandler$DelegatingChannelHandlerContext.fireChannelRead(CombinedChannelDuplexHandler.java:438)
	io.netty.handler.codec.ByteToMessageDecoder.fireChannelRead(ByteToMessageDecoder.java:323)
	io.netty.handler.codec.ByteToMessageDecoder.channelRead(ByteToMessageDecoder.java:297)
	io.netty.channel.CombinedChannelDuplexHandler.channelRead(CombinedChannelDuplexHandler.java:253)
	io.netty.channel.AbstractChannelHandlerContext.invokeChannelRead(AbstractChannelHandlerContext.java:374)
	io.netty.channel.AbstractChannelHandlerContext.invokeChannelRead(AbstractChannelHandlerContext.java:360)
	io.netty.channel.AbstractChannelHandlerContext.fireChannelRead(AbstractChannelHandlerContext.java:352)
	io.netty.channel.DefaultChannelPipeline$HeadContext.channelRead(DefaultChannelPipeline.java:1408)
	io.netty.channel.AbstractChannelHandlerContext.invokeChannelRead(AbstractChannelHandlerContext.java:374)
	io.netty.channel.AbstractChannelHandlerContext.invokeChannelRead(AbstractChannelHandlerContext.java:360)
	io.netty.channel.DefaultChannelPipeline.fireChannelRead(DefaultChannelPipeline.java:930)
	io.netty.channel.nio.AbstractNioByteChannel$NioByteUnsafe.read(AbstractNioByteChannel.java:163)
	io.netty.channel.nio.NioEventLoop.processSelectedKey(NioEventLoop.java:682)
	io.netty.channel.nio.NioEventLoop.processSelectedKeysOptimized(NioEventLoop.java:617)
	io.netty.channel.nio.NioEventLoop.processSelectedKeys(NioEventLoop.java:534)
	io.netty.channel.nio.NioEventLoop.run(NioEventLoop.java:496)
	io.netty.util.concurrent.SingleThreadEventExecutor$5.run(SingleThreadEventExecutor.java:906)
	io.netty.util.internal.ThreadExecutorMap$2.run(ThreadExecutorMap.java:74)
	io.netty.util.concurrent.FastThreadLocalRunnable.run(FastThreadLocalRunnable.java:30)
	java.lang.Thread.run(Thread.java:748)
Created at:
	io.netty.buffer.SimpleLeakAwareByteBuf.unwrappedDerived(SimpleLeakAwareByteBuf.java:143)
	io.netty.buffer.SimpleLeakAwareByteBuf.readRetainedSlice(SimpleLeakAwareByteBuf.java:67)
	io.netty.buffer.AdvancedLeakAwareByteBuf.readRetainedSlice(AdvancedLeakAwareByteBuf.java:107)
	io.netty.handler.codec.http.HttpObjectDecoder.decode(HttpObjectDecoder.java:336)
	io.netty.handler.codec.http.HttpServerCodec$HttpServerRequestDecoder.decode(HttpServerCodec.java:103)
	io.netty.handler.codec.ByteToMessageDecoder.decodeRemovalReentryProtection(ByteToMessageDecoder.java:502)
	io.netty.handler.codec.ByteToMessageDecoder.callDecode(ByteToMessageDecoder.java:441)
	io.netty.handler.codec.ByteToMessageDecoder.channelRead(ByteToMessageDecoder.java:278)
	io.netty.channel.CombinedChannelDuplexHandler.channelRead(CombinedChannelDuplexHandler.java:253)
	io.netty.channel.AbstractChannelHandlerContext.invokeChannelRead(AbstractChannelHandlerContext.java:374)
	io.netty.channel.AbstractChannelHandlerContext.invokeChannelRead(AbstractChannelHandlerContext.java:360)
	io.netty.channel.AbstractChannelHandlerContext.fireChannelRead(AbstractChannelHandlerContext.java:352)
	io.netty.channel.DefaultChannelPipeline$HeadContext.channelRead(DefaultChannelPipeline.java:1408)
	io.netty.channel.AbstractChannelHandlerContext.invokeChannelRead(AbstractChannelHandlerContext.java:374)
	io.netty.channel.AbstractChannelHandlerContext.invokeChannelRead(AbstractChannelHandlerContext.java:360)
	io.netty.channel.DefaultChannelPipeline.fireChannelRead(DefaultChannelPipeline.java:930)
	io.netty.channel.nio.AbstractNioByteChannel$NioByteUnsafe.read(AbstractNioByteChannel.java:163)
	io.netty.channel.nio.NioEventLoop.processSelectedKey(NioEventLoop.java:682)
	io.netty.channel.nio.NioEventLoop.processSelectedKeysOptimized(NioEventLoop.java:617)
	io.netty.channel.nio.NioEventLoop.processSelectedKeys(NioEventLoop.java:534)
	io.netty.channel.nio.NioEventLoop.run(NioEventLoop.java:496)
	io.netty.util.concurrent.SingleThreadEventExecutor$5.run(SingleThreadEventExecutor.java:906)
	io.netty.util.internal.ThreadExecutorMap$2.run(ThreadExecutorMap.java:74)
	io.netty.util.concurrent.FastThreadLocalRunnable.run(FastThreadLocalRunnable.java:30)
	java.lang.Thread.run(Thread.java:748)
: 8 leak records were discarded because they were duplicates
: 314 leak records were discarded because the leak record count is targeted to 4. Use system property io.netty.leakDetection.targetRecords to increase the limit.
22:43:01.624 [reactor-http-nio-8] ERROR i.n.u.ResourceLeakDetector - LEAK: ByteBuf.release() was not called before it's garbage-collected. See http://netty.io/wiki/reference-counted-objects.html for more information.
Recent access records: 
#1:
	io.netty.handler.codec.ByteToMessageDecoder.channelRead(ByteToMessageDecoder.java:286)
	io.netty.channel.CombinedChannelDuplexHandler.channelRead(CombinedChannelDuplexHandler.java:253)
	io.netty.channel.AbstractChannelHandlerContext.invokeChannelRead(AbstractChannelHandlerContext.java:374)
	io.netty.channel.AbstractChannelHandlerContext.invokeChannelRead(AbstractChannelHandlerContext.java:360)
	io.netty.channel.AbstractChannelHandlerContext.fireChannelRead(AbstractChannelHandlerContext.java:352)
	io.netty.channel.DefaultChannelPipeline$HeadContext.channelRead(DefaultChannelPipeline.java:1408)
	io.netty.channel.AbstractChannelHandlerContext.invokeChannelRead(AbstractChannelHandlerContext.java:374)
	io.netty.channel.AbstractChannelHandlerContext.invokeChannelRead(AbstractChannelHandlerContext.java:360)
	io.netty.channel.DefaultChannelPipeline.fireChannelRead(DefaultChannelPipeline.java:930)
	io.netty.channel.nio.AbstractNioByteChannel$NioByteUnsafe.read(AbstractNioByteChannel.java:163)
	io.netty.channel.nio.NioEventLoop.processSelectedKey(NioEventLoop.java:682)
	io.netty.channel.nio.NioEventLoop.processSelectedKeysOptimized(NioEventLoop.java:617)
	io.netty.channel.nio.NioEventLoop.processSelectedKeys(NioEventLoop.java:534)
	io.netty.channel.nio.NioEventLoop.run(NioEventLoop.java:496)
	io.netty.util.concurrent.SingleThreadEventExecutor$5.run(SingleThreadEventExecutor.java:906)
	io.netty.util.internal.ThreadExecutorMap$2.run(ThreadExecutorMap.java:74)
	io.netty.util.concurrent.FastThreadLocalRunnable.run(FastThreadLocalRunnable.java:30)
	java.lang.Thread.run(Thread.java:748)
#2:
	io.netty.buffer.AdvancedLeakAwareByteBuf.getByte(AdvancedLeakAwareByteBuf.java:154)
	io.netty.handler.codec.http.HttpObjectDecoder.decode(HttpObjectDecoder.java:351)
	io.netty.handler.codec.http.HttpServerCodec$HttpServerRequestDecoder.decode(HttpServerCodec.java:103)
	io.netty.handler.codec.ByteToMessageDecoder.decodeRemovalReentryProtection(ByteToMessageDecoder.java:502)
	io.netty.handler.codec.ByteToMessageDecoder.callDecode(ByteToMessageDecoder.java:441)
	io.netty.handler.codec.ByteToMessageDecoder.channelRead(ByteToMessageDecoder.java:278)
	io.netty.channel.CombinedChannelDuplexHandler.channelRead(CombinedChannelDuplexHandler.java:253)
	io.netty.channel.AbstractChannelHandlerContext.invokeChannelRead(AbstractChannelHandlerContext.java:374)
	io.netty.channel.AbstractChannelHandlerContext.invokeChannelRead(AbstractChannelHandlerContext.java:360)
	io.netty.channel.AbstractChannelHandlerContext.fireChannelRead(AbstractChannelHandlerContext.java:352)
	io.netty.channel.DefaultChannelPipeline$HeadContext.channelRead(DefaultChannelPipeline.java:1408)
	io.netty.channel.AbstractChannelHandlerContext.invokeChannelRead(AbstractChannelHandlerContext.java:374)
	io.netty.channel.AbstractChannelHandlerContext.invokeChannelRead(AbstractChannelHandlerContext.java:360)
	io.netty.channel.DefaultChannelPipeline.fireChannelRead(DefaultChannelPipeline.java:930)
	io.netty.channel.nio.AbstractNioByteChannel$NioByteUnsafe.read(AbstractNioByteChannel.java:163)
	io.netty.channel.nio.NioEventLoop.processSelectedKey(NioEventLoop.java:682)
	io.netty.channel.nio.NioEventLoop.processSelectedKeysOptimized(NioEventLoop.java:617)
	io.netty.channel.nio.NioEventLoop.processSelectedKeys(NioEventLoop.java:534)
	io.netty.channel.nio.NioEventLoop.run(NioEventLoop.java:496)
	io.netty.util.concurrent.SingleThreadEventExecutor$5.run(SingleThreadEventExecutor.java:906)
	io.netty.util.internal.ThreadExecutorMap$2.run(ThreadExecutorMap.java:74)
	io.netty.util.concurrent.FastThreadLocalRunnable.run(FastThreadLocalRunnable.java:30)
	java.lang.Thread.run(Thread.java:748)
#3:
	io.netty.buffer.AdvancedLeakAwareByteBuf.readRetainedSlice(AdvancedLeakAwareByteBuf.java:106)
	io.netty.handler.codec.http.HttpObjectDecoder.decode(HttpObjectDecoder.java:336)
	io.netty.handler.codec.http.HttpServerCodec$HttpServerRequestDecoder.decode(HttpServerCodec.java:103)
	io.netty.handler.codec.ByteToMessageDecoder.decodeRemovalReentryProtection(ByteToMessageDecoder.java:502)
	io.netty.handler.codec.ByteToMessageDecoder.callDecode(ByteToMessageDecoder.java:441)
	io.netty.handler.codec.ByteToMessageDecoder.channelRead(ByteToMessageDecoder.java:278)
	io.netty.channel.CombinedChannelDuplexHandler.channelRead(CombinedChannelDuplexHandler.java:253)
	io.netty.channel.AbstractChannelHandlerContext.invokeChannelRead(AbstractChannelHandlerContext.java:374)
	io.netty.channel.AbstractChannelHandlerContext.invokeChannelRead(AbstractChannelHandlerContext.java:360)
	io.netty.channel.AbstractChannelHandlerContext.fireChannelRead(AbstractChannelHandlerContext.java:352)
	io.netty.channel.DefaultChannelPipeline$HeadContext.channelRead(DefaultChannelPipeline.java:1408)
	io.netty.channel.AbstractChannelHandlerContext.invokeChannelRead(AbstractChannelHandlerContext.java:374)
	io.netty.channel.AbstractChannelHandlerContext.invokeChannelRead(AbstractChannelHandlerContext.java:360)
	io.netty.channel.DefaultChannelPipeline.fireChannelRead(DefaultChannelPipeline.java:930)
	io.netty.channel.nio.AbstractNioByteChannel$NioByteUnsafe.read(AbstractNioByteChannel.java:163)
	io.netty.channel.nio.NioEventLoop.processSelectedKey(NioEventLoop.java:682)
	io.netty.channel.nio.NioEventLoop.processSelectedKeysOptimized(NioEventLoop.java:617)
	io.netty.channel.nio.NioEventLoop.processSelectedKeys(NioEventLoop.java:534)
	io.netty.channel.nio.NioEventLoop.run(NioEventLoop.java:496)
	io.netty.util.concurrent.SingleThreadEventExecutor$5.run(SingleThreadEventExecutor.java:906)
	io.netty.util.internal.ThreadExecutorMap$2.run(ThreadExecutorMap.java:74)
	io.netty.util.concurrent.FastThreadLocalRunnable.run(FastThreadLocalRunnable.java:30)
	java.lang.Thread.run(Thread.java:748)
#4:
	io.netty.buffer.AdvancedLeakAwareByteBuf.forEachByte(AdvancedLeakAwareByteBuf.java:670)
	io.netty.handler.codec.http.HttpObjectDecoder$HeaderParser.parse(HttpObjectDecoder.java:793)
	io.netty.handler.codec.http.HttpObjectDecoder$LineParser.parse(HttpObjectDecoder.java:842)
	io.netty.handler.codec.http.HttpObjectDecoder.decode(HttpObjectDecoder.java:313)
	io.netty.handler.codec.http.HttpServerCodec$HttpServerRequestDecoder.decode(HttpServerCodec.java:103)
	io.netty.handler.codec.ByteToMessageDecoder.decodeRemovalReentryProtection(ByteToMessageDecoder.java:502)
	io.netty.handler.codec.ByteToMessageDecoder.callDecode(ByteToMessageDecoder.java:441)
	io.netty.handler.codec.ByteToMessageDecoder.channelRead(ByteToMessageDecoder.java:278)
	io.netty.channel.CombinedChannelDuplexHandler.channelRead(CombinedChannelDuplexHandler.java:253)
	io.netty.channel.AbstractChannelHandlerContext.invokeChannelRead(AbstractChannelHandlerContext.java:374)
	io.netty.channel.AbstractChannelHandlerContext.invokeChannelRead(AbstractChannelHandlerContext.java:360)
	io.netty.channel.AbstractChannelHandlerContext.fireChannelRead(AbstractChannelHandlerContext.java:352)
	io.netty.channel.DefaultChannelPipeline$HeadContext.channelRead(DefaultChannelPipeline.java:1408)
	io.netty.channel.AbstractChannelHandlerContext.invokeChannelRead(AbstractChannelHandlerContext.java:374)
	io.netty.channel.AbstractChannelHandlerContext.invokeChannelRead(AbstractChannelHandlerContext.java:360)
	io.netty.channel.DefaultChannelPipeline.fireChannelRead(DefaultChannelPipeline.java:930)
	io.netty.channel.nio.AbstractNioByteChannel$NioByteUnsafe.read(AbstractNioByteChannel.java:163)
	io.netty.channel.nio.NioEventLoop.processSelectedKey(NioEventLoop.java:682)
	io.netty.channel.nio.NioEventLoop.processSelectedKeysOptimized(NioEventLoop.java:617)
	io.netty.channel.nio.NioEventLoop.processSelectedKeys(NioEventLoop.java:534)
	io.netty.channel.nio.NioEventLoop.run(NioEventLoop.java:496)
	io.netty.util.concurrent.SingleThreadEventExecutor$5.run(SingleThreadEventExecutor.java:906)
	io.netty.util.internal.ThreadExecutorMap$2.run(ThreadExecutorMap.java:74)
	io.netty.util.concurrent.FastThreadLocalRunnable.run(FastThreadLocalRunnable.java:30)
	java.lang.Thread.run(Thread.java:748)
#5:
	Hint: 'reactor.left.httpCodec' will handle the message from this point.
	io.netty.channel.DefaultChannelPipeline.touch(DefaultChannelPipeline.java:116)
	io.netty.channel.AbstractChannelHandlerContext.invokeChannelRead(AbstractChannelHandlerContext.java:357)
	io.netty.channel.AbstractChannelHandlerContext.fireChannelRead(AbstractChannelHandlerContext.java:352)
	io.netty.channel.DefaultChannelPipeline$HeadContext.channelRead(DefaultChannelPipeline.java:1408)
	io.netty.channel.AbstractChannelHandlerContext.invokeChannelRead(AbstractChannelHandlerContext.java:374)
	io.netty.channel.AbstractChannelHandlerContext.invokeChannelRead(AbstractChannelHandlerContext.java:360)
	io.netty.channel.DefaultChannelPipeline.fireChannelRead(DefaultChannelPipeline.java:930)
	io.netty.channel.nio.AbstractNioByteChannel$NioByteUnsafe.read(AbstractNioByteChannel.java:163)
	io.netty.channel.nio.NioEventLoop.processSelectedKey(NioEventLoop.java:682)
	io.netty.channel.nio.NioEventLoop.processSelectedKeysOptimized(NioEventLoop.java:617)
	io.netty.channel.nio.NioEventLoop.processSelectedKeys(NioEventLoop.java:534)
	io.netty.channel.nio.NioEventLoop.run(NioEventLoop.java:496)
	io.netty.util.concurrent.SingleThreadEventExecutor$5.run(SingleThreadEventExecutor.java:906)
	io.netty.util.internal.ThreadExecutorMap$2.run(ThreadExecutorMap.java:74)
	io.netty.util.concurrent.FastThreadLocalRunnable.run(FastThreadLocalRunnable.java:30)
	java.lang.Thread.run(Thread.java:748)
#6:
	Hint: 'DefaultChannelPipeline$HeadContext#0' will handle the message from this point.
	io.netty.channel.DefaultChannelPipeline.touch(DefaultChannelPipeline.java:116)
	io.netty.channel.AbstractChannelHandlerContext.invokeChannelRead(AbstractChannelHandlerContext.java:357)
	io.netty.channel.DefaultChannelPipeline.fireChannelRead(DefaultChannelPipeline.java:930)
	io.netty.channel.nio.AbstractNioByteChannel$NioByteUnsafe.read(AbstractNioByteChannel.java:163)
	io.netty.channel.nio.NioEventLoop.processSelectedKey(NioEventLoop.java:682)
	io.netty.channel.nio.NioEventLoop.processSelectedKeysOptimized(NioEventLoop.java:617)
	io.netty.channel.nio.NioEventLoop.processSelectedKeys(NioEventLoop.java:534)
	io.netty.channel.nio.NioEventLoop.run(NioEventLoop.java:496)
	io.netty.util.concurrent.SingleThreadEventExecutor$5.run(SingleThreadEventExecutor.java:906)
	io.netty.util.internal.ThreadExecutorMap$2.run(ThreadExecutorMap.java:74)
	io.netty.util.concurrent.FastThreadLocalRunnable.run(FastThreadLocalRunnable.java:30)
	java.lang.Thread.run(Thread.java:748)
#7:
	io.netty.buffer.AdvancedLeakAwareByteBuf.writeBytes(AdvancedLeakAwareByteBuf.java:634)
	io.netty.channel.socket.nio.NioSocketChannel.doReadBytes(NioSocketChannel.java:347)
	io.netty.channel.nio.AbstractNioByteChannel$NioByteUnsafe.read(AbstractNioByteChannel.java:148)
	io.netty.channel.nio.NioEventLoop.processSelectedKey(NioEventLoop.java:682)
	io.netty.channel.nio.NioEventLoop.processSelectedKeysOptimized(NioEventLoop.java:617)
	io.netty.channel.nio.NioEventLoop.processSelectedKeys(NioEventLoop.java:534)
	io.netty.channel.nio.NioEventLoop.run(NioEventLoop.java:496)
	io.netty.util.concurrent.SingleThreadEventExecutor$5.run(SingleThreadEventExecutor.java:906)
	io.netty.util.internal.ThreadExecutorMap$2.run(ThreadExecutorMap.java:74)
	io.netty.util.concurrent.FastThreadLocalRunnable.run(FastThreadLocalRunnable.java:30)
	java.lang.Thread.run(Thread.java:748)
Created at:
	io.netty.buffer.PooledByteBufAllocator.newDirectBuffer(PooledByteBufAllocator.java:349)
	io.netty.buffer.AbstractByteBufAllocator.directBuffer(AbstractByteBufAllocator.java:187)
	io.netty.buffer.AbstractByteBufAllocator.directBuffer(AbstractByteBufAllocator.java:178)
	io.netty.buffer.AbstractByteBufAllocator.ioBuffer(AbstractByteBufAllocator.java:139)
	io.netty.channel.DefaultMaxMessagesRecvByteBufAllocator$MaxMessageHandle.allocate(DefaultMaxMessagesRecvByteBufAllocator.java:114)
	io.netty.channel.nio.AbstractNioByteChannel$NioByteUnsafe.read(AbstractNioByteChannel.java:147)
	io.netty.channel.nio.NioEventLoop.processSelectedKey(NioEventLoop.java:682)
	io.netty.channel.nio.NioEventLoop.processSelectedKeysOptimized(NioEventLoop.java:617)
	io.netty.channel.nio.NioEventLoop.processSelectedKeys(NioEventLoop.java:534)
	io.netty.channel.nio.NioEventLoop.run(NioEventLoop.java:496)
	io.netty.util.concurrent.SingleThreadEventExecutor$5.run(SingleThreadEventExecutor.java:906)
	io.netty.util.internal.ThreadExecutorMap$2.run(ThreadExecutorMap.java:74)
	io.netty.util.concurrent.FastThreadLocalRunnable.run(FastThreadLocalRunnable.java:30)
	java.lang.Thread.run(Thread.java:748)
: 1 leak records were discarded because they were duplicates
: 42 leak records were discarded because the leak record count is targeted to 4. Use system property io.netty.leakDetection.targetRecords to increase the limit.
22:43:01.628 [reactor-http-nio-8] ERROR i.n.u.ResourceLeakDetector - LEAK: ByteBuf.release() was not called before it's garbage-collected. See http://netty.io/wiki/reference-counted-objects.html for more information.
Recent access records: 
#1:
	io.netty.buffer.AdvancedLeakAwareByteBuf.getBytes(AdvancedLeakAwareByteBuf.java:250)
	io.netty.buffer.CompositeByteBuf.getBytes(CompositeByteBuf.java:1029)
	io.netty.buffer.CompositeByteBuf.getBytes(CompositeByteBuf.java:48)
	io.netty.buffer.AbstractUnpooledSlicedByteBuf.getBytes(AbstractUnpooledSlicedByteBuf.java:243)
	io.netty.buffer.AbstractByteBuf.readBytes(AbstractByteBuf.java:889)
	io.netty.buffer.AbstractByteBuf.readBytes(AbstractByteBuf.java:896)
	io.netty.buffer.WrappedByteBuf.readBytes(WrappedByteBuf.java:649)
	io.netty.buffer.AdvancedLeakAwareByteBuf.readBytes(AdvancedLeakAwareByteBuf.java:497)
	org.springframework.core.io.buffer.NettyDataBuffer.read(NettyDataBuffer.java:159)
	org.springframework.core.io.buffer.NettyDataBuffer.read(NettyDataBuffer.java:43)
	org.springframework.http.codec.multipart.DefaultMultipartMessageReader.toHeaders(DefaultMultipartMessageReader.java:229)
	org.springframework.http.codec.multipart.DefaultMultipartMessageReader.toPart(DefaultMultipartMessageReader.java:197)
	reactor.core.publisher.FluxMap$MapConditionalSubscriber.onNext(FluxMap.java:199)
	reactor.core.publisher.FluxTakeWhile$TakeWhileSubscriber.onNext(FluxTakeWhile.java:94)
	reactor.core.publisher.FluxContextStart$ContextStartSubscriber.onNext(FluxContextStart.java:103)
	reactor.core.publisher.FluxMap$MapConditionalSubscriber.onNext(FluxMap.java:213)
	reactor.core.publisher.FluxBufferPredicate$BufferPredicateSubscriber.emit(FluxBufferPredicate.java:290)
	reactor.core.publisher.FluxBufferPredicate$BufferPredicateSubscriber.onNextNewBuffer(FluxBufferPredicate.java:257)
	reactor.core.publisher.FluxBufferPredicate$BufferPredicateSubscriber.tryOnNext(FluxBufferPredicate.java:211)
	reactor.core.publisher.FluxBufferPredicate$BufferPredicateSubscriber.onNext(FluxBufferPredicate.java:184)
	reactor.core.publisher.FluxFlatMap$FlatMapMain.drainLoop(FluxFlatMap.java:664)
	reactor.core.publisher.FluxFlatMap$FlatMapMain.drain(FluxFlatMap.java:540)
	reactor.core.publisher.FluxFlatMap$FlatMapInner.onSubscribe(FluxFlatMap.java:924)
	reactor.core.publisher.FluxIterable.subscribe(FluxIterable.java:139)
	reactor.core.publisher.FluxIterable.subscribe(FluxIterable.java:63)
	reactor.core.publisher.Flux.subscribe(Flux.java:7922)
	reactor.core.publisher.FluxFlatMap$FlatMapMain.onNext(FluxFlatMap.java:389)
	reactor.core.publisher.FluxConcatMap$ConcatMapImmediate.innerNext(FluxConcatMap.java:275)
	reactor.core.publisher.FluxConcatMap$ConcatMapInner.onNext(FluxConcatMap.java:849)
	reactor.core.publisher.FluxConcatMap$WeakScalarSubscription.request(FluxConcatMap.java:470)
	reactor.core.publisher.Operators$MultiSubscriptionSubscriber.set(Operators.java:1939)
	reactor.core.publisher.FluxConcatMap$ConcatMapImmediate.drain(FluxConcatMap.java:436)
	reactor.core.publisher.FluxConcatMap$ConcatMapImmediate.onNext(FluxConcatMap.java:244)
	reactor.core.publisher.FluxMap$MapSubscriber.onNext(FluxMap.java:114)
	reactor.core.publisher.FluxPeek$PeekSubscriber.onNext(FluxPeek.java:192)
	reactor.core.publisher.FluxMap$MapSubscriber.onNext(FluxMap.java:114)
	reactor.netty.channel.FluxReceive.drainReceiver(FluxReceive.java:206)
	reactor.netty.channel.FluxReceive.onInboundNext(FluxReceive.java:322)
	reactor.netty.channel.ChannelOperations.onInboundNext(ChannelOperations.java:335)
	reactor.netty.http.server.HttpServerOperations.onInboundNext(HttpServerOperations.java:456)
	reactor.netty.channel.ChannelOperationsHandler.channelRead(ChannelOperationsHandler.java:91)
	io.netty.channel.AbstractChannelHandlerContext.invokeChannelRead(AbstractChannelHandlerContext.java:374)
	io.netty.channel.AbstractChannelHandlerContext.invokeChannelRead(AbstractChannelHandlerContext.java:360)
	io.netty.channel.AbstractChannelHandlerContext.fireChannelRead(AbstractChannelHandlerContext.java:352)
	reactor.netty.http.server.HttpTrafficHandler.channelRead(HttpTrafficHandler.java:190)
	io.netty.channel.AbstractChannelHandlerContext.invokeChannelRead(AbstractChannelHandlerContext.java:374)
	io.netty.channel.AbstractChannelHandlerContext.invokeChannelRead(AbstractChannelHandlerContext.java:360)
	io.netty.channel.AbstractChannelHandlerContext.fireChannelRead(AbstractChannelHandlerContext.java:352)
	io.netty.channel.CombinedChannelDuplexHandler$DelegatingChannelHandlerContext.fireChannelRead(CombinedChannelDuplexHandler.java:438)
	io.netty.handler.codec.ByteToMessageDecoder.fireChannelRead(ByteToMessageDecoder.java:323)
	io.netty.handler.codec.ByteToMessageDecoder.fireChannelRead(ByteToMessageDecoder.java:310)
	io.netty.handler.codec.ByteToMessageDecoder.callDecode(ByteToMessageDecoder.java:426)
	io.netty.handler.codec.ByteToMessageDecoder.channelRead(ByteToMessageDecoder.java:278)
	io.netty.channel.CombinedChannelDuplexHandler.channelRead(CombinedChannelDuplexHandler.java:253)
	io.netty.channel.AbstractChannelHandlerContext.invokeChannelRead(AbstractChannelHandlerContext.java:374)
	io.netty.channel.AbstractChannelHandlerContext.invokeChannelRead(AbstractChannelHandlerContext.java:360)
	io.netty.channel.AbstractChannelHandlerContext.fireChannelRead(AbstractChannelHandlerContext.java:352)
	io.netty.channel.DefaultChannelPipeline$HeadContext.channelRead(DefaultChannelPipeline.java:1408)
	io.netty.channel.AbstractChannelHandlerContext.invokeChannelRead(AbstractChannelHandlerContext.java:374)
	io.netty.channel.AbstractChannelHandlerContext.invokeChannelRead(AbstractChannelHandlerContext.java:360)
	io.netty.channel.DefaultChannelPipeline.fireChannelRead(DefaultChannelPipeline.java:930)
	io.netty.channel.nio.AbstractNioByteChannel$NioByteUnsafe.read(AbstractNioByteChannel.java:163)
	io.netty.channel.nio.NioEventLoop.processSelectedKey(NioEventLoop.java:682)
	io.netty.channel.nio.NioEventLoop.processSelectedKeysOptimized(NioEventLoop.java:617)
	io.netty.channel.nio.NioEventLoop.processSelectedKeys(NioEventLoop.java:534)
	io.netty.channel.nio.NioEventLoop.run(NioEventLoop.java:496)
	io.netty.util.concurrent.SingleThreadEventExecutor$5.run(SingleThreadEventExecutor.java:906)
	io.netty.util.internal.ThreadExecutorMap$2.run(ThreadExecutorMap.java:74)
	io.netty.util.concurrent.FastThreadLocalRunnable.run(FastThreadLocalRunnable.java:30)
	java.lang.Thread.run(Thread.java:748)
#2:
	org.springframework.core.io.buffer.NettyDataBuffer.release(NettyDataBuffer.java:308)
	org.springframework.core.io.buffer.DataBufferUtils.release(DataBufferUtils.java:498)
	org.springframework.core.io.buffer.DataBufferUtils.endFrameAfterDelimiter(DataBufferUtils.java:660)
	org.springframework.core.io.buffer.DataBufferUtils.lambda$split$18(DataBufferUtils.java:603)
	reactor.core.publisher.FluxFlatMap$FlatMapMain.onNext(FluxFlatMap.java:350)
	reactor.core.publisher.FluxConcatMap$ConcatMapImmediate.innerNext(FluxConcatMap.java:275)
	reactor.core.publisher.FluxConcatMap$ConcatMapInner.onNext(FluxConcatMap.java:849)
	reactor.core.publisher.FluxConcatMap$WeakScalarSubscription.request(FluxConcatMap.java:470)
	reactor.core.publisher.Operators$MultiSubscriptionSubscriber.set(Operators.java:1939)
	reactor.core.publisher.FluxConcatMap$ConcatMapImmediate.drain(FluxConcatMap.java:436)
	reactor.core.publisher.FluxConcatMap$ConcatMapImmediate.onNext(FluxConcatMap.java:244)
	reactor.core.publisher.FluxMap$MapSubscriber.onNext(FluxMap.java:114)
	reactor.core.publisher.FluxPeek$PeekSubscriber.onNext(FluxPeek.java:192)
	reactor.core.publisher.FluxMap$MapSubscriber.onNext(FluxMap.java:114)
	reactor.netty.channel.FluxReceive.drainReceiver(FluxReceive.java:206)
	reactor.netty.channel.FluxReceive.onInboundNext(FluxReceive.java:322)
	reactor.netty.channel.ChannelOperations.onInboundNext(ChannelOperations.java:335)
	reactor.netty.http.server.HttpServerOperations.onInboundNext(HttpServerOperations.java:456)
	reactor.netty.channel.ChannelOperationsHandler.channelRead(ChannelOperationsHandler.java:91)
	io.netty.channel.AbstractChannelHandlerContext.invokeChannelRead(AbstractChannelHandlerContext.java:374)
	io.netty.channel.AbstractChannelHandlerContext.invokeChannelRead(AbstractChannelHandlerContext.java:360)
	io.netty.channel.AbstractChannelHandlerContext.fireChannelRead(AbstractChannelHandlerContext.java:352)
	reactor.netty.http.server.HttpTrafficHandler.channelRead(HttpTrafficHandler.java:190)
	io.netty.channel.AbstractChannelHandlerContext.invokeChannelRead(AbstractChannelHandlerContext.java:374)
	io.netty.channel.AbstractChannelHandlerContext.invokeChannelRead(AbstractChannelHandlerContext.java:360)
	io.netty.channel.AbstractChannelHandlerContext.fireChannelRead(AbstractChannelHandlerContext.java:352)
	io.netty.channel.CombinedChannelDuplexHandler$DelegatingChannelHandlerContext.fireChannelRead(CombinedChannelDuplexHandler.java:438)
	io.netty.handler.codec.ByteToMessageDecoder.fireChannelRead(ByteToMessageDecoder.java:323)
	io.netty.handler.codec.ByteToMessageDecoder.fireChannelRead(ByteToMessageDecoder.java:310)
	io.netty.handler.codec.ByteToMessageDecoder.callDecode(ByteToMessageDecoder.java:426)
	io.netty.handler.codec.ByteToMessageDecoder.channelRead(ByteToMessageDecoder.java:278)
	io.netty.channel.CombinedChannelDuplexHandler.channelRead(CombinedChannelDuplexHandler.java:253)
	io.netty.channel.AbstractChannelHandlerContext.invokeChannelRead(AbstractChannelHandlerContext.java:374)
	io.netty.channel.AbstractChannelHandlerContext.invokeChannelRead(AbstractChannelHandlerContext.java:360)
	io.netty.channel.AbstractChannelHandlerContext.fireChannelRead(AbstractChannelHandlerContext.java:352)
	io.netty.channel.DefaultChannelPipeline$HeadContext.channelRead(DefaultChannelPipeline.java:1408)
	io.netty.channel.AbstractChannelHandlerContext.invokeChannelRead(AbstractChannelHandlerContext.java:374)
	io.netty.channel.AbstractChannelHandlerContext.invokeChannelRead(AbstractChannelHandlerContext.java:360)
	io.netty.channel.DefaultChannelPipeline.fireChannelRead(DefaultChannelPipeline.java:930)
	io.netty.channel.nio.AbstractNioByteChannel$NioByteUnsafe.read(AbstractNioByteChannel.java:163)
	io.netty.channel.nio.NioEventLoop.processSelectedKey(NioEventLoop.java:682)
	io.netty.channel.nio.NioEventLoop.processSelectedKeysOptimized(NioEventLoop.java:617)
	io.netty.channel.nio.NioEventLoop.processSelectedKeys(NioEventLoop.java:534)
	io.netty.channel.nio.NioEventLoop.run(NioEventLoop.java:496)
	io.netty.util.concurrent.SingleThreadEventExecutor$5.run(SingleThreadEventExecutor.java:906)
	io.netty.util.internal.ThreadExecutorMap$2.run(ThreadExecutorMap.java:74)
	io.netty.util.concurrent.FastThreadLocalRunnable.run(FastThreadLocalRunnable.java:30)
	java.lang.Thread.run(Thread.java:748)
#3:
	io.netty.buffer.AdvancedLeakAwareByteBuf.getByte(AdvancedLeakAwareByteBuf.java:154)
	org.springframework.core.io.buffer.NettyDataBuffer.getByte(NettyDataBuffer.java:132)
	org.springframework.core.io.buffer.DataBufferUtils$KnuthMorrisPrattMatcher.match(DataBufferUtils.java:1005)
	org.springframework.core.io.buffer.DataBufferUtils.endFrameAfterDelimiter(DataBufferUtils.java:634)
	org.springframework.core.io.buffer.DataBufferUtils.lambda$split$18(DataBufferUtils.java:603)
	reactor.core.publisher.FluxFlatMap$FlatMapMain.onNext(FluxFlatMap.java:350)
	reactor.core.publisher.FluxConcatMap$ConcatMapImmediate.innerNext(FluxConcatMap.java:275)
	reactor.core.publisher.FluxConcatMap$ConcatMapInner.onNext(FluxConcatMap.java:849)
	reactor.core.publisher.FluxConcatMap$WeakScalarSubscription.request(FluxConcatMap.java:470)
	reactor.core.publisher.Operators$MultiSubscriptionSubscriber.set(Operators.java:1939)
	reactor.core.publisher.FluxConcatMap$ConcatMapImmediate.drain(FluxConcatMap.java:436)
	reactor.core.publisher.FluxConcatMap$ConcatMapImmediate.onNext(FluxConcatMap.java:244)
	reactor.core.publisher.FluxMap$MapSubscriber.onNext(FluxMap.java:114)
	reactor.core.publisher.FluxPeek$PeekSubscriber.onNext(FluxPeek.java:192)
	reactor.core.publisher.FluxMap$MapSubscriber.onNext(FluxMap.java:114)
	reactor.netty.channel.FluxReceive.drainReceiver(FluxReceive.java:206)
	reactor.netty.channel.FluxReceive.onInboundNext(FluxReceive.java:322)
	reactor.netty.channel.ChannelOperations.onInboundNext(ChannelOperations.java:335)
	reactor.netty.http.server.HttpServerOperations.onInboundNext(HttpServerOperations.java:456)
	reactor.netty.channel.ChannelOperationsHandler.channelRead(ChannelOperationsHandler.java:91)
	io.netty.channel.AbstractChannelHandlerContext.invokeChannelRead(AbstractChannelHandlerContext.java:374)
	io.netty.channel.AbstractChannelHandlerContext.invokeChannelRead(AbstractChannelHandlerContext.java:360)
	io.netty.channel.AbstractChannelHandlerContext.fireChannelRead(AbstractChannelHandlerContext.java:352)
	reactor.netty.http.server.HttpTrafficHandler.channelRead(HttpTrafficHandler.java:190)
	io.netty.channel.AbstractChannelHandlerContext.invokeChannelRead(AbstractChannelHandlerContext.java:374)
	io.netty.channel.AbstractChannelHandlerContext.invokeChannelRead(AbstractChannelHandlerContext.java:360)
	io.netty.channel.AbstractChannelHandlerContext.fireChannelRead(AbstractChannelHandlerContext.java:352)
	io.netty.channel.CombinedChannelDuplexHandler$DelegatingChannelHandlerContext.fireChannelRead(CombinedChannelDuplexHandler.java:438)
	io.netty.handler.codec.ByteToMessageDecoder.fireChannelRead(ByteToMessageDecoder.java:323)
	io.netty.handler.codec.ByteToMessageDecoder.fireChannelRead(ByteToMessageDecoder.java:310)
	io.netty.handler.codec.ByteToMessageDecoder.callDecode(ByteToMessageDecoder.java:426)
	io.netty.handler.codec.ByteToMessageDecoder.channelRead(ByteToMessageDecoder.java:278)
	io.netty.channel.CombinedChannelDuplexHandler.channelRead(CombinedChannelDuplexHandler.java:253)
	io.netty.channel.AbstractChannelHandlerContext.invokeChannelRead(AbstractChannelHandlerContext.java:374)
	io.netty.channel.AbstractChannelHandlerContext.invokeChannelRead(AbstractChannelHandlerContext.java:360)
	io.netty.channel.AbstractChannelHandlerContext.fireChannelRead(AbstractChannelHandlerContext.java:352)
	io.netty.channel.DefaultChannelPipeline$HeadContext.channelRead(DefaultChannelPipeline.java:1408)
	io.netty.channel.AbstractChannelHandlerContext.invokeChannelRead(AbstractChannelHandlerContext.java:374)
	io.netty.channel.AbstractChannelHandlerContext.invokeChannelRead(AbstractChannelHandlerContext.java:360)
	io.netty.channel.DefaultChannelPipeline.fireChannelRead(DefaultChannelPipeline.java:930)
	io.netty.channel.nio.AbstractNioByteChannel$NioByteUnsafe.read(AbstractNioByteChannel.java:163)
	io.netty.channel.nio.NioEventLoop.processSelectedKey(NioEventLoop.java:682)
	io.netty.channel.nio.NioEventLoop.processSelectedKeysOptimized(NioEventLoop.java:617)
	io.netty.channel.nio.NioEventLoop.processSelectedKeys(NioEventLoop.java:534)
	io.netty.channel.nio.NioEventLoop.run(NioEventLoop.java:496)
	io.netty.util.concurrent.SingleThreadEventExecutor$5.run(SingleThreadEventExecutor.java:906)
	io.netty.util.internal.ThreadExecutorMap$2.run(ThreadExecutorMap.java:74)
	io.netty.util.concurrent.FastThreadLocalRunnable.run(FastThreadLocalRunnable.java:30)
	java.lang.Thread.run(Thread.java:748)
#4:
	org.springframework.core.io.buffer.NettyDataBufferFactory.wrap(NettyDataBufferFactory.java:93)
	reactor.core.publisher.FluxMap$MapSubscriber.onNext(FluxMap.java:100)
	reactor.core.publisher.FluxPeek$PeekSubscriber.onNext(FluxPeek.java:192)
	reactor.core.publisher.FluxMap$MapSubscriber.onNext(FluxMap.java:114)
	reactor.netty.channel.FluxReceive.drainReceiver(FluxReceive.java:206)
	reactor.netty.channel.FluxReceive.onInboundNext(FluxReceive.java:322)
	reactor.netty.channel.ChannelOperations.onInboundNext(ChannelOperations.java:335)
	reactor.netty.http.server.HttpServerOperations.onInboundNext(HttpServerOperations.java:456)
	reactor.netty.channel.ChannelOperationsHandler.channelRead(ChannelOperationsHandler.java:91)
	io.netty.channel.AbstractChannelHandlerContext.invokeChannelRead(AbstractChannelHandlerContext.java:374)
	io.netty.channel.AbstractChannelHandlerContext.invokeChannelRead(AbstractChannelHandlerContext.java:360)
	io.netty.channel.AbstractChannelHandlerContext.fireChannelRead(AbstractChannelHandlerContext.java:352)
	reactor.netty.http.server.HttpTrafficHandler.channelRead(HttpTrafficHandler.java:190)
	io.netty.channel.AbstractChannelHandlerContext.invokeChannelRead(AbstractChannelHandlerContext.java:374)
	io.netty.channel.AbstractChannelHandlerContext.invokeChannelRead(AbstractChannelHandlerContext.java:360)
	io.netty.channel.AbstractChannelHandlerContext.fireChannelRead(AbstractChannelHandlerContext.java:352)
	io.netty.channel.CombinedChannelDuplexHandler$DelegatingChannelHandlerContext.fireChannelRead(CombinedChannelDuplexHandler.java:438)
	io.netty.handler.codec.ByteToMessageDecoder.fireChannelRead(ByteToMessageDecoder.java:323)
	io.netty.handler.codec.ByteToMessageDecoder.fireChannelRead(ByteToMessageDecoder.java:310)
	io.netty.handler.codec.ByteToMessageDecoder.callDecode(ByteToMessageDecoder.java:426)
	io.netty.handler.codec.ByteToMessageDecoder.channelRead(ByteToMessageDecoder.java:278)
	io.netty.channel.CombinedChannelDuplexHandler.channelRead(CombinedChannelDuplexHandler.java:253)
	io.netty.channel.AbstractChannelHandlerContext.invokeChannelRead(AbstractChannelHandlerContext.java:374)
	io.netty.channel.AbstractChannelHandlerContext.invokeChannelRead(AbstractChannelHandlerContext.java:360)
	io.netty.channel.AbstractChannelHandlerContext.fireChannelRead(AbstractChannelHandlerContext.java:352)
	io.netty.channel.DefaultChannelPipeline$HeadContext.channelRead(DefaultChannelPipeline.java:1408)
	io.netty.channel.AbstractChannelHandlerContext.invokeChannelRead(AbstractChannelHandlerContext.java:374)
	io.netty.channel.AbstractChannelHandlerContext.invokeChannelRead(AbstractChannelHandlerContext.java:360)
	io.netty.channel.DefaultChannelPipeline.fireChannelRead(DefaultChannelPipeline.java:930)
	io.netty.channel.nio.AbstractNioByteChannel$NioByteUnsafe.read(AbstractNioByteChannel.java:163)
	io.netty.channel.nio.NioEventLoop.processSelectedKey(NioEventLoop.java:682)
	io.netty.channel.nio.NioEventLoop.processSelectedKeysOptimized(NioEventLoop.java:617)
	io.netty.channel.nio.NioEventLoop.processSelectedKeys(NioEventLoop.java:534)
	io.netty.channel.nio.NioEventLoop.run(NioEventLoop.java:496)
	io.netty.util.concurrent.SingleThreadEventExecutor$5.run(SingleThreadEventExecutor.java:906)
	io.netty.util.internal.ThreadExecutorMap$2.run(ThreadExecutorMap.java:74)
	io.netty.util.concurrent.FastThreadLocalRunnable.run(FastThreadLocalRunnable.java:30)
	java.lang.Thread.run(Thread.java:748)
#5:
	reactor.core.publisher.FluxPeek$PeekSubscriber.onNext(FluxPeek.java:177)
	reactor.core.publisher.FluxMap$MapSubscriber.onNext(FluxMap.java:114)
	reactor.netty.channel.FluxReceive.drainReceiver(FluxReceive.java:206)
	reactor.netty.channel.FluxReceive.onInboundNext(FluxReceive.java:322)
	reactor.netty.channel.ChannelOperations.onInboundNext(ChannelOperations.java:335)
	reactor.netty.http.server.HttpServerOperations.onInboundNext(HttpServerOperations.java:456)
	reactor.netty.channel.ChannelOperationsHandler.channelRead(ChannelOperationsHandler.java:91)
	io.netty.channel.AbstractChannelHandlerContext.invokeChannelRead(AbstractChannelHandlerContext.java:374)
	io.netty.channel.AbstractChannelHandlerContext.invokeChannelRead(AbstractChannelHandlerContext.java:360)
	io.netty.channel.AbstractChannelHandlerContext.fireChannelRead(AbstractChannelHandlerContext.java:352)
	reactor.netty.http.server.HttpTrafficHandler.channelRead(HttpTrafficHandler.java:190)
	io.netty.channel.AbstractChannelHandlerContext.invokeChannelRead(AbstractChannelHandlerContext.java:374)
	io.netty.channel.AbstractChannelHandlerContext.invokeChannelRead(AbstractChannelHandlerContext.java:360)
	io.netty.channel.AbstractChannelHandlerContext.fireChannelRead(AbstractChannelHandlerContext.java:352)
	io.netty.channel.CombinedChannelDuplexHandler$DelegatingChannelHandlerContext.fireChannelRead(CombinedChannelDuplexHandler.java:438)
	io.netty.handler.codec.ByteToMessageDecoder.fireChannelRead(ByteToMessageDecoder.java:323)
	io.netty.handler.codec.ByteToMessageDecoder.fireChannelRead(ByteToMessageDecoder.java:310)
	io.netty.handler.codec.ByteToMessageDecoder.callDecode(ByteToMessageDecoder.java:426)
	io.netty.handler.codec.ByteToMessageDecoder.channelRead(ByteToMessageDecoder.java:278)
	io.netty.channel.CombinedChannelDuplexHandler.channelRead(CombinedChannelDuplexHandler.java:253)
	io.netty.channel.AbstractChannelHandlerContext.invokeChannelRead(AbstractChannelHandlerContext.java:374)
	io.netty.channel.AbstractChannelHandlerContext.invokeChannelRead(AbstractChannelHandlerContext.java:360)
	io.netty.channel.AbstractChannelHandlerContext.fireChannelRead(AbstractChannelHandlerContext.java:352)
	io.netty.channel.DefaultChannelPipeline$HeadContext.channelRead(DefaultChannelPipeline.java:1408)
	io.netty.channel.AbstractChannelHandlerContext.invokeChannelRead(AbstractChannelHandlerContext.java:374)
	io.netty.channel.AbstractChannelHandlerContext.invokeChannelRead(AbstractChannelHandlerContext.java:360)
	io.netty.channel.DefaultChannelPipeline.fireChannelRead(DefaultChannelPipeline.java:930)
	io.netty.channel.nio.AbstractNioByteChannel$NioByteUnsafe.read(AbstractNioByteChannel.java:163)
	io.netty.channel.nio.NioEventLoop.processSelectedKey(NioEventLoop.java:682)
	io.netty.channel.nio.NioEventLoop.processSelectedKeysOptimized(NioEventLoop.java:617)
	io.netty.channel.nio.NioEventLoop.processSelectedKeys(NioEventLoop.java:534)
	io.netty.channel.nio.NioEventLoop.run(NioEventLoop.java:496)
	io.netty.util.concurrent.SingleThreadEventExecutor$5.run(SingleThreadEventExecutor.java:906)
	io.netty.util.internal.ThreadExecutorMap$2.run(ThreadExecutorMap.java:74)
	io.netty.util.concurrent.FastThreadLocalRunnable.run(FastThreadLocalRunnable.java:30)
	java.lang.Thread.run(Thread.java:748)
#6:
	Hint: 'reactor.right.reactiveBridge' will handle the message from this point.
	io.netty.handler.codec.http.DefaultHttpContent.touch(DefaultHttpContent.java:88)
	io.netty.handler.codec.http.DefaultHttpContent.touch(DefaultHttpContent.java:24)
	io.netty.channel.DefaultChannelPipeline.touch(DefaultChannelPipeline.java:116)
	io.netty.channel.AbstractChannelHandlerContext.invokeChannelRead(AbstractChannelHandlerContext.java:357)
	io.netty.channel.AbstractChannelHandlerContext.fireChannelRead(AbstractChannelHandlerContext.java:352)
	reactor.netty.http.server.HttpTrafficHandler.channelRead(HttpTrafficHandler.java:190)
	io.netty.channel.AbstractChannelHandlerContext.invokeChannelRead(AbstractChannelHandlerContext.java:374)
	io.netty.channel.AbstractChannelHandlerContext.invokeChannelRead(AbstractChannelHandlerContext.java:360)
	io.netty.channel.AbstractChannelHandlerContext.fireChannelRead(AbstractChannelHandlerContext.java:352)
	io.netty.channel.CombinedChannelDuplexHandler$DelegatingChannelHandlerContext.fireChannelRead(CombinedChannelDuplexHandler.java:438)
	io.netty.handler.codec.ByteToMessageDecoder.fireChannelRead(ByteToMessageDecoder.java:323)
	io.netty.handler.codec.ByteToMessageDecoder.fireChannelRead(ByteToMessageDecoder.java:310)
	io.netty.handler.codec.ByteToMessageDecoder.callDecode(ByteToMessageDecoder.java:426)
	io.netty.handler.codec.ByteToMessageDecoder.channelRead(ByteToMessageDecoder.java:278)
	io.netty.channel.CombinedChannelDuplexHandler.channelRead(CombinedChannelDuplexHandler.java:253)
	io.netty.channel.AbstractChannelHandlerContext.invokeChannelRead(AbstractChannelHandlerContext.java:374)
	io.netty.channel.AbstractChannelHandlerContext.invokeChannelRead(AbstractChannelHandlerContext.java:360)
	io.netty.channel.AbstractChannelHandlerContext.fireChannelRead(AbstractChannelHandlerContext.java:352)
	io.netty.channel.DefaultChannelPipeline$HeadContext.channelRead(DefaultChannelPipeline.java:1408)
	io.netty.channel.AbstractChannelHandlerContext.invokeChannelRead(AbstractChannelHandlerContext.java:374)
	io.netty.channel.AbstractChannelHandlerContext.invokeChannelRead(AbstractChannelHandlerContext.java:360)
	io.netty.channel.DefaultChannelPipeline.fireChannelRead(DefaultChannelPipeline.java:930)
	io.netty.channel.nio.AbstractNioByteChannel$NioByteUnsafe.read(AbstractNioByteChannel.java:163)
	io.netty.channel.nio.NioEventLoop.processSelectedKey(NioEventLoop.java:682)
	io.netty.channel.nio.NioEventLoop.processSelectedKeysOptimized(NioEventLoop.java:617)
	io.netty.channel.nio.NioEventLoop.processSelectedKeys(NioEventLoop.java:534)
	io.netty.channel.nio.NioEventLoop.run(NioEventLoop.java:496)
	io.netty.util.concurrent.SingleThreadEventExecutor$5.run(SingleThreadEventExecutor.java:906)
	io.netty.util.internal.ThreadExecutorMap$2.run(ThreadExecutorMap.java:74)
	io.netty.util.concurrent.FastThreadLocalRunnable.run(FastThreadLocalRunnable.java:30)
	java.lang.Thread.run(Thread.java:748)
#7:
	Hint: 'reactor.left.httpTrafficHandler' will handle the message from this point.
	io.netty.handler.codec.http.DefaultHttpContent.touch(DefaultHttpContent.java:88)
	io.netty.handler.codec.http.DefaultHttpContent.touch(DefaultHttpContent.java:24)
	io.netty.channel.DefaultChannelPipeline.touch(DefaultChannelPipeline.java:116)
	io.netty.channel.AbstractChannelHandlerContext.invokeChannelRead(AbstractChannelHandlerContext.java:357)
	io.netty.channel.AbstractChannelHandlerContext.fireChannelRead(AbstractChannelHandlerContext.java:352)
	io.netty.channel.CombinedChannelDuplexHandler$DelegatingChannelHandlerContext.fireChannelRead(CombinedChannelDuplexHandler.java:438)
	io.netty.handler.codec.ByteToMessageDecoder.fireChannelRead(ByteToMessageDecoder.java:323)
	io.netty.handler.codec.ByteToMessageDecoder.fireChannelRead(ByteToMessageDecoder.java:310)
	io.netty.handler.codec.ByteToMessageDecoder.callDecode(ByteToMessageDecoder.java:426)
	io.netty.handler.codec.ByteToMessageDecoder.channelRead(ByteToMessageDecoder.java:278)
	io.netty.channel.CombinedChannelDuplexHandler.channelRead(CombinedChannelDuplexHandler.java:253)
	io.netty.channel.AbstractChannelHandlerContext.invokeChannelRead(AbstractChannelHandlerContext.java:374)
	io.netty.channel.AbstractChannelHandlerContext.invokeChannelRead(AbstractChannelHandlerContext.java:360)
	io.netty.channel.AbstractChannelHandlerContext.fireChannelRead(AbstractChannelHandlerContext.java:352)
	io.netty.channel.DefaultChannelPipeline$HeadContext.channelRead(DefaultChannelPipeline.java:1408)
	io.netty.channel.AbstractChannelHandlerContext.invokeChannelRead(AbstractChannelHandlerContext.java:374)
	io.netty.channel.AbstractChannelHandlerContext.invokeChannelRead(AbstractChannelHandlerContext.java:360)
	io.netty.channel.DefaultChannelPipeline.fireChannelRead(DefaultChannelPipeline.java:930)
	io.netty.channel.nio.AbstractNioByteChannel$NioByteUnsafe.read(AbstractNioByteChannel.java:163)
	io.netty.channel.nio.NioEventLoop.processSelectedKey(NioEventLoop.java:682)
	io.netty.channel.nio.NioEventLoop.processSelectedKeysOptimized(NioEventLoop.java:617)
	io.netty.channel.nio.NioEventLoop.processSelectedKeys(NioEventLoop.java:534)
	io.netty.channel.nio.NioEventLoop.run(NioEventLoop.java:496)
	io.netty.util.concurrent.SingleThreadEventExecutor$5.run(SingleThreadEventExecutor.java:906)
	io.netty.util.internal.ThreadExecutorMap$2.run(ThreadExecutorMap.java:74)
	io.netty.util.concurrent.FastThreadLocalRunnable.run(FastThreadLocalRunnable.java:30)
	java.lang.Thread.run(Thread.java:748)
Created at:
	io.netty.buffer.SimpleLeakAwareByteBuf.unwrappedDerived(SimpleLeakAwareByteBuf.java:143)
	io.netty.buffer.SimpleLeakAwareByteBuf.readRetainedSlice(SimpleLeakAwareByteBuf.java:67)
	io.netty.buffer.AdvancedLeakAwareByteBuf.readRetainedSlice(AdvancedLeakAwareByteBuf.java:107)
	io.netty.handler.codec.http.HttpObjectDecoder.decode(HttpObjectDecoder.java:336)
	io.netty.handler.codec.http.HttpServerCodec$HttpServerRequestDecoder.decode(HttpServerCodec.java:103)
	io.netty.handler.codec.ByteToMessageDecoder.decodeRemovalReentryProtection(ByteToMessageDecoder.java:502)
	io.netty.handler.codec.ByteToMessageDecoder.callDecode(ByteToMessageDecoder.java:441)
	io.netty.handler.codec.ByteToMessageDecoder.channelRead(ByteToMessageDecoder.java:278)
	io.netty.channel.CombinedChannelDuplexHandler.channelRead(CombinedChannelDuplexHandler.java:253)
	io.netty.channel.AbstractChannelHandlerContext.invokeChannelRead(AbstractChannelHandlerContext.java:374)
	io.netty.channel.AbstractChannelHandlerContext.invokeChannelRead(AbstractChannelHandlerContext.java:360)
	io.netty.channel.AbstractChannelHandlerContext.fireChannelRead(AbstractChannelHandlerContext.java:352)
	io.netty.channel.DefaultChannelPipeline$HeadContext.channelRead(DefaultChannelPipeline.java:1408)
	io.netty.channel.AbstractChannelHandlerContext.invokeChannelRead(AbstractChannelHandlerContext.java:374)
	io.netty.channel.AbstractChannelHandlerContext.invokeChannelRead(AbstractChannelHandlerContext.java:360)
	io.netty.channel.DefaultChannelPipeline.fireChannelRead(DefaultChannelPipeline.java:930)
	io.netty.channel.nio.AbstractNioByteChannel$NioByteUnsafe.read(AbstractNioByteChannel.java:163)
	io.netty.channel.nio.NioEventLoop.processSelectedKey(NioEventLoop.java:682)
	io.netty.channel.nio.NioEventLoop.processSelectedKeysOptimized(NioEventLoop.java:617)
	io.netty.channel.nio.NioEventLoop.processSelectedKeys(NioEventLoop.java:534)
	io.netty.channel.nio.NioEventLoop.run(NioEventLoop.java:496)
	io.netty.util.concurrent.SingleThreadEventExecutor$5.run(SingleThreadEventExecutor.java:906)
	io.netty.util.internal.ThreadExecutorMap$2.run(ThreadExecutorMap.java:74)
	io.netty.util.concurrent.FastThreadLocalRunnable.run(FastThreadLocalRunnable.java:30)
	java.lang.Thread.run(Thread.java:748)
: 3 leak records were discarded because they were duplicates
: 205 leak records were discarded because the leak record count is targeted to 4. Use system property io.netty.leakDetection.targetRecords to increase the limit.
22:43:01.629 [reactor-http-nio-8] ERROR i.n.u.ResourceLeakDetector - LEAK: ByteBuf.release() was not called before it's garbage-collected. See http://netty.io/wiki/reference-counted-objects.html for more information.
Recent access records: 
#1:
	io.netty.buffer.AdvancedLeakAwareByteBuf.order(AdvancedLeakAwareByteBuf.java:70)
	io.netty.buffer.CompositeByteBuf.newComponent(CompositeByteBuf.java:318)
	io.netty.buffer.CompositeByteBuf.addComponent0(CompositeByteBuf.java:280)
	io.netty.buffer.CompositeByteBuf.addComponent(CompositeByteBuf.java:265)
	io.netty.buffer.CompositeByteBuf.addComponent(CompositeByteBuf.java:222)
	io.netty.buffer.WrappedCompositeByteBuf.addComponent(WrappedCompositeByteBuf.java:529)
	io.netty.buffer.AdvancedLeakAwareCompositeByteBuf.addComponent(AdvancedLeakAwareCompositeByteBuf.java:921)
	org.springframework.core.io.buffer.NettyDataBufferFactory.join(NettyDataBufferFactory.java:111)
	org.springframework.core.io.buffer.DataBufferUtils.joinAndStrip(DataBufferUtils.java:686)
	org.springframework.core.io.buffer.DataBufferUtils.lambda$split$20(DataBufferUtils.java:605)
	reactor.core.publisher.FluxMap$MapConditionalSubscriber.onNext(FluxMap.java:199)
	reactor.core.publisher.FluxBufferPredicate$BufferPredicateSubscriber.emit(FluxBufferPredicate.java:290)
	reactor.core.publisher.FluxBufferPredicate$BufferPredicateSubscriber.onNextNewBuffer(FluxBufferPredicate.java:257)
	reactor.core.publisher.FluxBufferPredicate$BufferPredicateSubscriber.tryOnNext(FluxBufferPredicate.java:211)
	reactor.core.publisher.FluxBufferPredicate$BufferPredicateSubscriber.onNext(FluxBufferPredicate.java:184)
	reactor.core.publisher.FluxFlatMap$FlatMapMain.drainLoop(FluxFlatMap.java:664)
	reactor.core.publisher.FluxFlatMap$FlatMapMain.drain(FluxFlatMap.java:540)
	reactor.core.publisher.FluxFlatMap$FlatMapInner.onSubscribe(FluxFlatMap.java:924)
	reactor.core.publisher.FluxIterable.subscribe(FluxIterable.java:139)
	reactor.core.publisher.FluxIterable.subscribe(FluxIterable.java:63)
	reactor.core.publisher.Flux.subscribe(Flux.java:7922)
	reactor.core.publisher.FluxFlatMap$FlatMapMain.onNext(FluxFlatMap.java:389)
	reactor.core.publisher.FluxConcatMap$ConcatMapImmediate.innerNext(FluxConcatMap.java:275)
	reactor.core.publisher.FluxConcatMap$ConcatMapInner.onNext(FluxConcatMap.java:849)
	reactor.core.publisher.FluxConcatMap$WeakScalarSubscription.request(FluxConcatMap.java:470)
	reactor.core.publisher.Operators$MultiSubscriptionSubscriber.set(Operators.java:1939)
	reactor.core.publisher.FluxConcatMap$ConcatMapImmediate.drain(FluxConcatMap.java:436)
	reactor.core.publisher.FluxConcatMap$ConcatMapImmediate.onNext(FluxConcatMap.java:244)
	reactor.core.publisher.FluxMap$MapSubscriber.onNext(FluxMap.java:114)
	reactor.core.publisher.FluxPeek$PeekSubscriber.onNext(FluxPeek.java:192)
	reactor.core.publisher.FluxMap$MapSubscriber.onNext(FluxMap.java:114)
	reactor.netty.channel.FluxReceive.drainReceiver(FluxReceive.java:206)
	reactor.netty.channel.FluxReceive.onInboundNext(FluxReceive.java:322)
	reactor.netty.channel.ChannelOperations.onInboundNext(ChannelOperations.java:335)
	reactor.netty.http.server.HttpServerOperations.onInboundNext(HttpServerOperations.java:456)
	reactor.netty.channel.ChannelOperationsHandler.channelRead(ChannelOperationsHandler.java:91)
	io.netty.channel.AbstractChannelHandlerContext.invokeChannelRead(AbstractChannelHandlerContext.java:374)
	io.netty.channel.AbstractChannelHandlerContext.invokeChannelRead(AbstractChannelHandlerContext.java:360)
	io.netty.channel.AbstractChannelHandlerContext.fireChannelRead(AbstractChannelHandlerContext.java:352)
	reactor.netty.http.server.HttpTrafficHandler.channelRead(HttpTrafficHandler.java:190)
	io.netty.channel.AbstractChannelHandlerContext.invokeChannelRead(AbstractChannelHandlerContext.java:374)
	io.netty.channel.AbstractChannelHandlerContext.invokeChannelRead(AbstractChannelHandlerContext.java:360)
	io.netty.channel.AbstractChannelHandlerContext.fireChannelRead(AbstractChannelHandlerContext.java:352)
	io.netty.channel.CombinedChannelDuplexHandler$DelegatingChannelHandlerContext.fireChannelRead(CombinedChannelDuplexHandler.java:438)
	io.netty.handler.codec.ByteToMessageDecoder.fireChannelRead(ByteToMessageDecoder.java:323)
	io.netty.handler.codec.ByteToMessageDecoder.fireChannelRead(ByteToMessageDecoder.java:310)
	io.netty.handler.codec.ByteToMessageDecoder.callDecode(ByteToMessageDecoder.java:426)
	io.netty.handler.codec.ByteToMessageDecoder.channelRead(ByteToMessageDecoder.java:278)
	io.netty.channel.CombinedChannelDuplexHandler.channelRead(CombinedChannelDuplexHandler.java:253)
	io.netty.channel.AbstractChannelHandlerContext.invokeChannelRead(AbstractChannelHandlerContext.java:374)
	io.netty.channel.AbstractChannelHandlerContext.invokeChannelRead(AbstractChannelHandlerContext.java:360)
	io.netty.channel.AbstractChannelHandlerContext.fireChannelRead(AbstractChannelHandlerContext.java:352)
	io.netty.channel.DefaultChannelPipeline$HeadContext.channelRead(DefaultChannelPipeline.java:1408)
	io.netty.channel.AbstractChannelHandlerContext.invokeChannelRead(AbstractChannelHandlerContext.java:374)
	io.netty.channel.AbstractChannelHandlerContext.invokeChannelRead(AbstractChannelHandlerContext.java:360)
	io.netty.channel.DefaultChannelPipeline.fireChannelRead(DefaultChannelPipeline.java:930)
	io.netty.channel.nio.AbstractNioByteChannel$NioByteUnsafe.read(AbstractNioByteChannel.java:163)
	io.netty.channel.nio.NioEventLoop.processSelectedKey(NioEventLoop.java:682)
	io.netty.channel.nio.NioEventLoop.processSelectedKeysOptimized(NioEventLoop.java:617)
	io.netty.channel.nio.NioEventLoop.processSelectedKeys(NioEventLoop.java:534)
	io.netty.channel.nio.NioEventLoop.run(NioEventLoop.java:496)
	io.netty.util.concurrent.SingleThreadEventExecutor$5.run(SingleThreadEventExecutor.java:906)
	io.netty.util.internal.ThreadExecutorMap$2.run(ThreadExecutorMap.java:74)
	io.netty.util.concurrent.FastThreadLocalRunnable.run(FastThreadLocalRunnable.java:30)
	java.lang.Thread.run(Thread.java:748)
#2:
	io.netty.buffer.AdvancedLeakAwareByteBuf.getByte(AdvancedLeakAwareByteBuf.java:154)
	org.springframework.core.io.buffer.NettyDataBuffer.getByte(NettyDataBuffer.java:132)
	org.springframework.core.io.buffer.DataBufferUtils$KnuthMorrisPrattMatcher.match(DataBufferUtils.java:1005)
	org.springframework.core.io.buffer.DataBufferUtils.endFrameAfterDelimiter(DataBufferUtils.java:634)
	org.springframework.core.io.buffer.DataBufferUtils.lambda$split$18(DataBufferUtils.java:603)
	reactor.core.publisher.FluxFlatMap$FlatMapMain.onNext(FluxFlatMap.java:350)
	reactor.core.publisher.FluxConcatMap$ConcatMapImmediate.innerNext(FluxConcatMap.java:275)
	reactor.core.publisher.FluxConcatMap$ConcatMapInner.onNext(FluxConcatMap.java:849)
	reactor.core.publisher.FluxConcatMap$WeakScalarSubscription.request(FluxConcatMap.java:470)
	reactor.core.publisher.Operators$MultiSubscriptionSubscriber.set(Operators.java:1939)
	reactor.core.publisher.FluxConcatMap$ConcatMapImmediate.drain(FluxConcatMap.java:436)
	reactor.core.publisher.FluxConcatMap$ConcatMapImmediate.onNext(FluxConcatMap.java:244)
	reactor.core.publisher.FluxMap$MapSubscriber.onNext(FluxMap.java:114)
	reactor.core.publisher.FluxPeek$PeekSubscriber.onNext(FluxPeek.java:192)
	reactor.core.publisher.FluxMap$MapSubscriber.onNext(FluxMap.java:114)
	reactor.netty.channel.FluxReceive.drainReceiver(FluxReceive.java:206)
	reactor.netty.channel.FluxReceive.onInboundNext(FluxReceive.java:322)
	reactor.netty.channel.ChannelOperations.onInboundNext(ChannelOperations.java:335)
	reactor.netty.http.server.HttpServerOperations.onInboundNext(HttpServerOperations.java:456)
	reactor.netty.channel.ChannelOperationsHandler.channelRead(ChannelOperationsHandler.java:91)
	io.netty.channel.AbstractChannelHandlerContext.invokeChannelRead(AbstractChannelHandlerContext.java:374)
	io.netty.channel.AbstractChannelHandlerContext.invokeChannelRead(AbstractChannelHandlerContext.java:360)
	io.netty.channel.AbstractChannelHandlerContext.fireChannelRead(AbstractChannelHandlerContext.java:352)
	reactor.netty.http.server.HttpTrafficHandler.channelRead(HttpTrafficHandler.java:190)
	io.netty.channel.AbstractChannelHandlerContext.invokeChannelRead(AbstractChannelHandlerContext.java:374)
	io.netty.channel.AbstractChannelHandlerContext.invokeChannelRead(AbstractChannelHandlerContext.java:360)
	io.netty.channel.AbstractChannelHandlerContext.fireChannelRead(AbstractChannelHandlerContext.java:352)
	io.netty.channel.CombinedChannelDuplexHandler$DelegatingChannelHandlerContext.fireChannelRead(CombinedChannelDuplexHandler.java:438)
	io.netty.handler.codec.ByteToMessageDecoder.fireChannelRead(ByteToMessageDecoder.java:323)
	io.netty.handler.codec.ByteToMessageDecoder.fireChannelRead(ByteToMessageDecoder.java:310)
	io.netty.handler.codec.ByteToMessageDecoder.callDecode(ByteToMessageDecoder.java:426)
	io.netty.handler.codec.ByteToMessageDecoder.channelRead(ByteToMessageDecoder.java:278)
	io.netty.channel.CombinedChannelDuplexHandler.channelRead(CombinedChannelDuplexHandler.java:253)
	io.netty.channel.AbstractChannelHandlerContext.invokeChannelRead(AbstractChannelHandlerContext.java:374)
	io.netty.channel.AbstractChannelHandlerContext.invokeChannelRead(AbstractChannelHandlerContext.java:360)
	io.netty.channel.AbstractChannelHandlerContext.fireChannelRead(AbstractChannelHandlerContext.java:352)
	io.netty.channel.DefaultChannelPipeline$HeadContext.channelRead(DefaultChannelPipeline.java:1408)
	io.netty.channel.AbstractChannelHandlerContext.invokeChannelRead(AbstractChannelHandlerContext.java:374)
	io.netty.channel.AbstractChannelHandlerContext.invokeChannelRead(AbstractChannelHandlerContext.java:360)
	io.netty.channel.DefaultChannelPipeline.fireChannelRead(DefaultChannelPipeline.java:930)
	io.netty.channel.nio.AbstractNioByteChannel$NioByteUnsafe.read(AbstractNioByteChannel.java:163)
	io.netty.channel.nio.NioEventLoop.processSelectedKey(NioEventLoop.java:682)
	io.netty.channel.nio.NioEventLoop.processSelectedKeysOptimized(NioEventLoop.java:617)
	io.netty.channel.nio.NioEventLoop.processSelectedKeys(NioEventLoop.java:534)
	io.netty.channel.nio.NioEventLoop.run(NioEventLoop.java:496)
	io.netty.util.concurrent.SingleThreadEventExecutor$5.run(SingleThreadEventExecutor.java:906)
	io.netty.util.internal.ThreadExecutorMap$2.run(ThreadExecutorMap.java:74)
	io.netty.util.concurrent.FastThreadLocalRunnable.run(FastThreadLocalRunnable.java:30)
	java.lang.Thread.run(Thread.java:748)
#3:
	org.springframework.core.io.buffer.NettyDataBufferFactory.wrap(NettyDataBufferFactory.java:93)
	reactor.core.publisher.FluxMap$MapSubscriber.onNext(FluxMap.java:100)
	reactor.core.publisher.FluxPeek$PeekSubscriber.onNext(FluxPeek.java:192)
	reactor.core.publisher.FluxMap$MapSubscriber.onNext(FluxMap.java:114)
	reactor.netty.channel.FluxReceive.drainReceiver(FluxReceive.java:206)
	reactor.netty.channel.FluxReceive.onInboundNext(FluxReceive.java:322)
	reactor.netty.channel.ChannelOperations.onInboundNext(ChannelOperations.java:335)
	reactor.netty.http.server.HttpServerOperations.onInboundNext(HttpServerOperations.java:456)
	reactor.netty.channel.ChannelOperationsHandler.channelRead(ChannelOperationsHandler.java:91)
	io.netty.channel.AbstractChannelHandlerContext.invokeChannelRead(AbstractChannelHandlerContext.java:374)
	io.netty.channel.AbstractChannelHandlerContext.invokeChannelRead(AbstractChannelHandlerContext.java:360)
	io.netty.channel.AbstractChannelHandlerContext.fireChannelRead(AbstractChannelHandlerContext.java:352)
	reactor.netty.http.server.HttpTrafficHandler.channelRead(HttpTrafficHandler.java:190)
	io.netty.channel.AbstractChannelHandlerContext.invokeChannelRead(AbstractChannelHandlerContext.java:374)
	io.netty.channel.AbstractChannelHandlerContext.invokeChannelRead(AbstractChannelHandlerContext.java:360)
	io.netty.channel.AbstractChannelHandlerContext.fireChannelRead(AbstractChannelHandlerContext.java:352)
	io.netty.channel.CombinedChannelDuplexHandler$DelegatingChannelHandlerContext.fireChannelRead(CombinedChannelDuplexHandler.java:438)
	io.netty.handler.codec.ByteToMessageDecoder.fireChannelRead(ByteToMessageDecoder.java:323)
	io.netty.handler.codec.ByteToMessageDecoder.fireChannelRead(ByteToMessageDecoder.java:310)
	io.netty.handler.codec.ByteToMessageDecoder.callDecode(ByteToMessageDecoder.java:426)
	io.netty.handler.codec.ByteToMessageDecoder.channelRead(ByteToMessageDecoder.java:278)
	io.netty.channel.CombinedChannelDuplexHandler.channelRead(CombinedChannelDuplexHandler.java:253)
	io.netty.channel.AbstractChannelHandlerContext.invokeChannelRead(AbstractChannelHandlerContext.java:374)
	io.netty.channel.AbstractChannelHandlerContext.invokeChannelRead(AbstractChannelHandlerContext.java:360)
	io.netty.channel.AbstractChannelHandlerContext.fireChannelRead(AbstractChannelHandlerContext.java:352)
	io.netty.channel.DefaultChannelPipeline$HeadContext.channelRead(DefaultChannelPipeline.java:1408)
	io.netty.channel.AbstractChannelHandlerContext.invokeChannelRead(AbstractChannelHandlerContext.java:374)
	io.netty.channel.AbstractChannelHandlerContext.invokeChannelRead(AbstractChannelHandlerContext.java:360)
	io.netty.channel.DefaultChannelPipeline.fireChannelRead(DefaultChannelPipeline.java:930)
	io.netty.channel.nio.AbstractNioByteChannel$NioByteUnsafe.read(AbstractNioByteChannel.java:163)
	io.netty.channel.nio.NioEventLoop.processSelectedKey(NioEventLoop.java:682)
	io.netty.channel.nio.NioEventLoop.processSelectedKeysOptimized(NioEventLoop.java:617)
	io.netty.channel.nio.NioEventLoop.processSelectedKeys(NioEventLoop.java:534)
	io.netty.channel.nio.NioEventLoop.run(NioEventLoop.java:496)
	io.netty.util.concurrent.SingleThreadEventExecutor$5.run(SingleThreadEventExecutor.java:906)
	io.netty.util.internal.ThreadExecutorMap$2.run(ThreadExecutorMap.java:74)
	io.netty.util.concurrent.FastThreadLocalRunnable.run(FastThreadLocalRunnable.java:30)
	java.lang.Thread.run(Thread.java:748)
#4:
	reactor.core.publisher.FluxPeek$PeekSubscriber.onNext(FluxPeek.java:177)
	reactor.core.publisher.FluxMap$MapSubscriber.onNext(FluxMap.java:114)
	reactor.netty.channel.FluxReceive.drainReceiver(FluxReceive.java:206)
	reactor.netty.channel.FluxReceive.onInboundNext(FluxReceive.java:322)
	reactor.netty.channel.ChannelOperations.onInboundNext(ChannelOperations.java:335)
	reactor.netty.http.server.HttpServerOperations.onInboundNext(HttpServerOperations.java:456)
	reactor.netty.channel.ChannelOperationsHandler.channelRead(ChannelOperationsHandler.java:91)
	io.netty.channel.AbstractChannelHandlerContext.invokeChannelRead(AbstractChannelHandlerContext.java:374)
	io.netty.channel.AbstractChannelHandlerContext.invokeChannelRead(AbstractChannelHandlerContext.java:360)
	io.netty.channel.AbstractChannelHandlerContext.fireChannelRead(AbstractChannelHandlerContext.java:352)
	reactor.netty.http.server.HttpTrafficHandler.channelRead(HttpTrafficHandler.java:190)
	io.netty.channel.AbstractChannelHandlerContext.invokeChannelRead(AbstractChannelHandlerContext.java:374)
	io.netty.channel.AbstractChannelHandlerContext.invokeChannelRead(AbstractChannelHandlerContext.java:360)
	io.netty.channel.AbstractChannelHandlerContext.fireChannelRead(AbstractChannelHandlerContext.java:352)
	io.netty.channel.CombinedChannelDuplexHandler$DelegatingChannelHandlerContext.fireChannelRead(CombinedChannelDuplexHandler.java:438)
	io.netty.handler.codec.ByteToMessageDecoder.fireChannelRead(ByteToMessageDecoder.java:323)
	io.netty.handler.codec.ByteToMessageDecoder.fireChannelRead(ByteToMessageDecoder.java:310)
	io.netty.handler.codec.ByteToMessageDecoder.callDecode(ByteToMessageDecoder.java:426)
	io.netty.handler.codec.ByteToMessageDecoder.channelRead(ByteToMessageDecoder.java:278)
	io.netty.channel.CombinedChannelDuplexHandler.channelRead(CombinedChannelDuplexHandler.java:253)
	io.netty.channel.AbstractChannelHandlerContext.invokeChannelRead(AbstractChannelHandlerContext.java:374)
	io.netty.channel.AbstractChannelHandlerContext.invokeChannelRead(AbstractChannelHandlerContext.java:360)
	io.netty.channel.AbstractChannelHandlerContext.fireChannelRead(AbstractChannelHandlerContext.java:352)
	io.netty.channel.DefaultChannelPipeline$HeadContext.channelRead(DefaultChannelPipeline.java:1408)
	io.netty.channel.AbstractChannelHandlerContext.invokeChannelRead(AbstractChannelHandlerContext.java:374)
	io.netty.channel.AbstractChannelHandlerContext.invokeChannelRead(AbstractChannelHandlerContext.java:360)
	io.netty.channel.DefaultChannelPipeline.fireChannelRead(DefaultChannelPipeline.java:930)
	io.netty.channel.nio.AbstractNioByteChannel$NioByteUnsafe.read(AbstractNioByteChannel.java:163)
	io.netty.channel.nio.NioEventLoop.processSelectedKey(NioEventLoop.java:682)
	io.netty.channel.nio.NioEventLoop.processSelectedKeysOptimized(NioEventLoop.java:617)
	io.netty.channel.nio.NioEventLoop.processSelectedKeys(NioEventLoop.java:534)
	io.netty.channel.nio.NioEventLoop.run(NioEventLoop.java:496)
	io.netty.util.concurrent.SingleThreadEventExecutor$5.run(SingleThreadEventExecutor.java:906)
	io.netty.util.internal.ThreadExecutorMap$2.run(ThreadExecutorMap.java:74)
	io.netty.util.concurrent.FastThreadLocalRunnable.run(FastThreadLocalRunnable.java:30)
	java.lang.Thread.run(Thread.java:748)
#5:
	Hint: 'reactor.right.reactiveBridge' will handle the message from this point.
	io.netty.handler.codec.http.DefaultHttpContent.touch(DefaultHttpContent.java:88)
	io.netty.handler.codec.http.DefaultHttpContent.touch(DefaultHttpContent.java:24)
	io.netty.channel.DefaultChannelPipeline.touch(DefaultChannelPipeline.java:116)
	io.netty.channel.AbstractChannelHandlerContext.invokeChannelRead(AbstractChannelHandlerContext.java:357)
	io.netty.channel.AbstractChannelHandlerContext.fireChannelRead(AbstractChannelHandlerContext.java:352)
	reactor.netty.http.server.HttpTrafficHandler.channelRead(HttpTrafficHandler.java:190)
	io.netty.channel.AbstractChannelHandlerContext.invokeChannelRead(AbstractChannelHandlerContext.java:374)
	io.netty.channel.AbstractChannelHandlerContext.invokeChannelRead(AbstractChannelHandlerContext.java:360)
	io.netty.channel.AbstractChannelHandlerContext.fireChannelRead(AbstractChannelHandlerContext.java:352)
	io.netty.channel.CombinedChannelDuplexHandler$DelegatingChannelHandlerContext.fireChannelRead(CombinedChannelDuplexHandler.java:438)
	io.netty.handler.codec.ByteToMessageDecoder.fireChannelRead(ByteToMessageDecoder.java:323)
	io.netty.handler.codec.ByteToMessageDecoder.fireChannelRead(ByteToMessageDecoder.java:310)
	io.netty.handler.codec.ByteToMessageDecoder.callDecode(ByteToMessageDecoder.java:426)
	io.netty.handler.codec.ByteToMessageDecoder.channelRead(ByteToMessageDecoder.java:278)
	io.netty.channel.CombinedChannelDuplexHandler.channelRead(CombinedChannelDuplexHandler.java:253)
	io.netty.channel.AbstractChannelHandlerContext.invokeChannelRead(AbstractChannelHandlerContext.java:374)
	io.netty.channel.AbstractChannelHandlerContext.invokeChannelRead(AbstractChannelHandlerContext.java:360)
	io.netty.channel.AbstractChannelHandlerContext.fireChannelRead(AbstractChannelHandlerContext.java:352)
	io.netty.channel.DefaultChannelPipeline$HeadContext.channelRead(DefaultChannelPipeline.java:1408)
	io.netty.channel.AbstractChannelHandlerContext.invokeChannelRead(AbstractChannelHandlerContext.java:374)
	io.netty.channel.AbstractChannelHandlerContext.invokeChannelRead(AbstractChannelHandlerContext.java:360)
	io.netty.channel.DefaultChannelPipeline.fireChannelRead(DefaultChannelPipeline.java:930)
	io.netty.channel.nio.AbstractNioByteChannel$NioByteUnsafe.read(AbstractNioByteChannel.java:163)
	io.netty.channel.nio.NioEventLoop.processSelectedKey(NioEventLoop.java:682)
	io.netty.channel.nio.NioEventLoop.processSelectedKeysOptimized(NioEventLoop.java:617)
	io.netty.channel.nio.NioEventLoop.processSelectedKeys(NioEventLoop.java:534)
	io.netty.channel.nio.NioEventLoop.run(NioEventLoop.java:496)
	io.netty.util.concurrent.SingleThreadEventExecutor$5.run(SingleThreadEventExecutor.java:906)
	io.netty.util.internal.ThreadExecutorMap$2.run(ThreadExecutorMap.java:74)
	io.netty.util.concurrent.FastThreadLocalRunnable.run(FastThreadLocalRunnable.java:30)
	java.lang.Thread.run(Thread.java:748)
#6:
	Hint: 'reactor.left.httpTrafficHandler' will handle the message from this point.
	io.netty.handler.codec.http.DefaultHttpContent.touch(DefaultHttpContent.java:88)
	io.netty.handler.codec.http.DefaultHttpContent.touch(DefaultHttpContent.java:24)
	io.netty.channel.DefaultChannelPipeline.touch(DefaultChannelPipeline.java:116)
	io.netty.channel.AbstractChannelHandlerContext.invokeChannelRead(AbstractChannelHandlerContext.java:357)
	io.netty.channel.AbstractChannelHandlerContext.fireChannelRead(AbstractChannelHandlerContext.java:352)
	io.netty.channel.CombinedChannelDuplexHandler$DelegatingChannelHandlerContext.fireChannelRead(CombinedChannelDuplexHandler.java:438)
	io.netty.handler.codec.ByteToMessageDecoder.fireChannelRead(ByteToMessageDecoder.java:323)
	io.netty.handler.codec.ByteToMessageDecoder.fireChannelRead(ByteToMessageDecoder.java:310)
	io.netty.handler.codec.ByteToMessageDecoder.callDecode(ByteToMessageDecoder.java:426)
	io.netty.handler.codec.ByteToMessageDecoder.channelRead(ByteToMessageDecoder.java:278)
	io.netty.channel.CombinedChannelDuplexHandler.channelRead(CombinedChannelDuplexHandler.java:253)
	io.netty.channel.AbstractChannelHandlerContext.invokeChannelRead(AbstractChannelHandlerContext.java:374)
	io.netty.channel.AbstractChannelHandlerContext.invokeChannelRead(AbstractChannelHandlerContext.java:360)
	io.netty.channel.AbstractChannelHandlerContext.fireChannelRead(AbstractChannelHandlerContext.java:352)
	io.netty.channel.DefaultChannelPipeline$HeadContext.channelRead(DefaultChannelPipeline.java:1408)
	io.netty.channel.AbstractChannelHandlerContext.invokeChannelRead(AbstractChannelHandlerContext.java:374)
	io.netty.channel.AbstractChannelHandlerContext.invokeChannelRead(AbstractChannelHandlerContext.java:360)
	io.netty.channel.DefaultChannelPipeline.fireChannelRead(DefaultChannelPipeline.java:930)
	io.netty.channel.nio.AbstractNioByteChannel$NioByteUnsafe.read(AbstractNioByteChannel.java:163)
	io.netty.channel.nio.NioEventLoop.processSelectedKey(NioEventLoop.java:682)
	io.netty.channel.nio.NioEventLoop.processSelectedKeysOptimized(NioEventLoop.java:617)
	io.netty.channel.nio.NioEventLoop.processSelectedKeys(NioEventLoop.java:534)
	io.netty.channel.nio.NioEventLoop.run(NioEventLoop.java:496)
	io.netty.util.concurrent.SingleThreadEventExecutor$5.run(SingleThreadEventExecutor.java:906)
	io.netty.util.internal.ThreadExecutorMap$2.run(ThreadExecutorMap.java:74)
	io.netty.util.concurrent.FastThreadLocalRunnable.run(FastThreadLocalRunnable.java:30)
	java.lang.Thread.run(Thread.java:748)
Created at:
	io.netty.buffer.SimpleLeakAwareByteBuf.unwrappedDerived(SimpleLeakAwareByteBuf.java:143)
	io.netty.buffer.SimpleLeakAwareByteBuf.readRetainedSlice(SimpleLeakAwareByteBuf.java:67)
	io.netty.buffer.AdvancedLeakAwareByteBuf.readRetainedSlice(AdvancedLeakAwareByteBuf.java:107)
	io.netty.handler.codec.http.HttpObjectDecoder.decode(HttpObjectDecoder.java:336)
	io.netty.handler.codec.http.HttpServerCodec$HttpServerRequestDecoder.decode(HttpServerCodec.java:103)
	io.netty.handler.codec.ByteToMessageDecoder.decodeRemovalReentryProtection(ByteToMessageDecoder.java:502)
	io.netty.handler.codec.ByteToMessageDecoder.callDecode(ByteToMessageDecoder.java:441)
	io.netty.handler.codec.ByteToMessageDecoder.channelRead(ByteToMessageDecoder.java:278)
	io.netty.channel.CombinedChannelDuplexHandler.channelRead(CombinedChannelDuplexHandler.java:253)
	io.netty.channel.AbstractChannelHandlerContext.invokeChannelRead(AbstractChannelHandlerContext.java:374)
	io.netty.channel.AbstractChannelHandlerContext.invokeChannelRead(AbstractChannelHandlerContext.java:360)
	io.netty.channel.AbstractChannelHandlerContext.fireChannelRead(AbstractChannelHandlerContext.java:352)
	io.netty.channel.DefaultChannelPipeline$HeadContext.channelRead(DefaultChannelPipeline.java:1408)
	io.netty.channel.AbstractChannelHandlerContext.invokeChannelRead(AbstractChannelHandlerContext.java:374)
	io.netty.channel.AbstractChannelHandlerContext.invokeChannelRead(AbstractChannelHandlerContext.java:360)
	io.netty.channel.DefaultChannelPipeline.fireChannelRead(DefaultChannelPipeline.java:930)
	io.netty.channel.nio.AbstractNioByteChannel$NioByteUnsafe.read(AbstractNioByteChannel.java:163)
	io.netty.channel.nio.NioEventLoop.processSelectedKey(NioEventLoop.java:682)
	io.netty.channel.nio.NioEventLoop.processSelectedKeysOptimized(NioEventLoop.java:617)
	io.netty.channel.nio.NioEventLoop.processSelectedKeys(NioEventLoop.java:534)
	io.netty.channel.nio.NioEventLoop.run(NioEventLoop.java:496)
	io.netty.util.concurrent.SingleThreadEventExecutor$5.run(SingleThreadEventExecutor.java:906)
	io.netty.util.internal.ThreadExecutorMap$2.run(ThreadExecutorMap.java:74)
	io.netty.util.concurrent.FastThreadLocalRunnable.run(FastThreadLocalRunnable.java:30)
	java.lang.Thread.run(Thread.java:748)
: 9 leak records were discarded because they were duplicates
: 3628 leak records were discarded because the leak record count is targeted to 4. Use system property io.netty.leakDetection.targetRecords to increase the limit.
22:43:01.630 [reactor-http-nio-8] ERROR i.n.u.ResourceLeakDetector - LEAK: ByteBuf.release() was not called before it's garbage-collected. See http://netty.io/wiki/reference-counted-objects.html for more information.
Recent access records: 
#1:
	io.netty.handler.codec.ByteToMessageDecoder.channelRead(ByteToMessageDecoder.java:286)
	io.netty.channel.CombinedChannelDuplexHandler.channelRead(CombinedChannelDuplexHandler.java:253)
	io.netty.channel.AbstractChannelHandlerContext.invokeChannelRead(AbstractChannelHandlerContext.java:374)
	io.netty.channel.AbstractChannelHandlerContext.invokeChannelRead(AbstractChannelHandlerContext.java:360)
	io.netty.channel.AbstractChannelHandlerContext.fireChannelRead(AbstractChannelHandlerContext.java:352)
	io.netty.channel.DefaultChannelPipeline$HeadContext.channelRead(DefaultChannelPipeline.java:1408)
	io.netty.channel.AbstractChannelHandlerContext.invokeChannelRead(AbstractChannelHandlerContext.java:374)
	io.netty.channel.AbstractChannelHandlerContext.invokeChannelRead(AbstractChannelHandlerContext.java:360)
	io.netty.channel.DefaultChannelPipeline.fireChannelRead(DefaultChannelPipeline.java:930)
	io.netty.channel.nio.AbstractNioByteChannel$NioByteUnsafe.read(AbstractNioByteChannel.java:163)
	io.netty.channel.nio.NioEventLoop.processSelectedKey(NioEventLoop.java:682)
	io.netty.channel.nio.NioEventLoop.processSelectedKeysOptimized(NioEventLoop.java:617)
	io.netty.channel.nio.NioEventLoop.processSelectedKeys(NioEventLoop.java:534)
	io.netty.channel.nio.NioEventLoop.run(NioEventLoop.java:496)
	io.netty.util.concurrent.SingleThreadEventExecutor$5.run(SingleThreadEventExecutor.java:906)
	io.netty.util.internal.ThreadExecutorMap$2.run(ThreadExecutorMap.java:74)
	io.netty.util.concurrent.FastThreadLocalRunnable.run(FastThreadLocalRunnable.java:30)
	java.lang.Thread.run(Thread.java:748)
#2:
	io.netty.buffer.AdvancedLeakAwareByteBuf.getByte(AdvancedLeakAwareByteBuf.java:154)
	io.netty.handler.codec.http.HttpObjectDecoder.decode(HttpObjectDecoder.java:351)
	io.netty.handler.codec.http.HttpServerCodec$HttpServerRequestDecoder.decode(HttpServerCodec.java:103)
	io.netty.handler.codec.ByteToMessageDecoder.decodeRemovalReentryProtection(ByteToMessageDecoder.java:502)
	io.netty.handler.codec.ByteToMessageDecoder.callDecode(ByteToMessageDecoder.java:441)
	io.netty.handler.codec.ByteToMessageDecoder.channelRead(ByteToMessageDecoder.java:278)
	io.netty.channel.CombinedChannelDuplexHandler.channelRead(CombinedChannelDuplexHandler.java:253)
	io.netty.channel.AbstractChannelHandlerContext.invokeChannelRead(AbstractChannelHandlerContext.java:374)
	io.netty.channel.AbstractChannelHandlerContext.invokeChannelRead(AbstractChannelHandlerContext.java:360)
	io.netty.channel.AbstractChannelHandlerContext.fireChannelRead(AbstractChannelHandlerContext.java:352)
	io.netty.channel.DefaultChannelPipeline$HeadContext.channelRead(DefaultChannelPipeline.java:1408)
	io.netty.channel.AbstractChannelHandlerContext.invokeChannelRead(AbstractChannelHandlerContext.java:374)
	io.netty.channel.AbstractChannelHandlerContext.invokeChannelRead(AbstractChannelHandlerContext.java:360)
	io.netty.channel.DefaultChannelPipeline.fireChannelRead(DefaultChannelPipeline.java:930)
	io.netty.channel.nio.AbstractNioByteChannel$NioByteUnsafe.read(AbstractNioByteChannel.java:163)
	io.netty.channel.nio.NioEventLoop.processSelectedKey(NioEventLoop.java:682)
	io.netty.channel.nio.NioEventLoop.processSelectedKeysOptimized(NioEventLoop.java:617)
	io.netty.channel.nio.NioEventLoop.processSelectedKeys(NioEventLoop.java:534)
	io.netty.channel.nio.NioEventLoop.run(NioEventLoop.java:496)
	io.netty.util.concurrent.SingleThreadEventExecutor$5.run(SingleThreadEventExecutor.java:906)
	io.netty.util.internal.ThreadExecutorMap$2.run(ThreadExecutorMap.java:74)
	io.netty.util.concurrent.FastThreadLocalRunnable.run(FastThreadLocalRunnable.java:30)
	java.lang.Thread.run(Thread.java:748)
#3:
	io.netty.buffer.AdvancedLeakAwareByteBuf.forEachByte(AdvancedLeakAwareByteBuf.java:670)
	io.netty.handler.codec.http.HttpObjectDecoder$HeaderParser.parse(HttpObjectDecoder.java:793)
	io.netty.handler.codec.http.HttpObjectDecoder$LineParser.parse(HttpObjectDecoder.java:842)
	io.netty.handler.codec.http.HttpObjectDecoder.decode(HttpObjectDecoder.java:313)
	io.netty.handler.codec.http.HttpServerCodec$HttpServerRequestDecoder.decode(HttpServerCodec.java:103)
	io.netty.handler.codec.ByteToMessageDecoder.decodeRemovalReentryProtection(ByteToMessageDecoder.java:502)
	io.netty.handler.codec.ByteToMessageDecoder.callDecode(ByteToMessageDecoder.java:441)
	io.netty.handler.codec.ByteToMessageDecoder.channelRead(ByteToMessageDecoder.java:278)
	io.netty.channel.CombinedChannelDuplexHandler.channelRead(CombinedChannelDuplexHandler.java:253)
	io.netty.channel.AbstractChannelHandlerContext.invokeChannelRead(AbstractChannelHandlerContext.java:374)
	io.netty.channel.AbstractChannelHandlerContext.invokeChannelRead(AbstractChannelHandlerContext.java:360)
	io.netty.channel.AbstractChannelHandlerContext.fireChannelRead(AbstractChannelHandlerContext.java:352)
	io.netty.channel.DefaultChannelPipeline$HeadContext.channelRead(DefaultChannelPipeline.java:1408)
	io.netty.channel.AbstractChannelHandlerContext.invokeChannelRead(AbstractChannelHandlerContext.java:374)
	io.netty.channel.AbstractChannelHandlerContext.invokeChannelRead(AbstractChannelHandlerContext.java:360)
	io.netty.channel.DefaultChannelPipeline.fireChannelRead(DefaultChannelPipeline.java:930)
	io.netty.channel.nio.AbstractNioByteChannel$NioByteUnsafe.read(AbstractNioByteChannel.java:163)
	io.netty.channel.nio.NioEventLoop.processSelectedKey(NioEventLoop.java:682)
	io.netty.channel.nio.NioEventLoop.processSelectedKeysOptimized(NioEventLoop.java:617)
	io.netty.channel.nio.NioEventLoop.processSelectedKeys(NioEventLoop.java:534)
	io.netty.channel.nio.NioEventLoop.run(NioEventLoop.java:496)
	io.netty.util.concurrent.SingleThreadEventExecutor$5.run(SingleThreadEventExecutor.java:906)
	io.netty.util.internal.ThreadExecutorMap$2.run(ThreadExecutorMap.java:74)
	io.netty.util.concurrent.FastThreadLocalRunnable.run(FastThreadLocalRunnable.java:30)
	java.lang.Thread.run(Thread.java:748)
#4:
	io.netty.buffer.AdvancedLeakAwareByteBuf.readRetainedSlice(AdvancedLeakAwareByteBuf.java:106)
	io.netty.handler.codec.http.HttpObjectDecoder.decode(HttpObjectDecoder.java:336)
	io.netty.handler.codec.http.HttpServerCodec$HttpServerRequestDecoder.decode(HttpServerCodec.java:103)
	io.netty.handler.codec.ByteToMessageDecoder.decodeRemovalReentryProtection(ByteToMessageDecoder.java:502)
	io.netty.handler.codec.ByteToMessageDecoder.callDecode(ByteToMessageDecoder.java:441)
	io.netty.handler.codec.ByteToMessageDecoder.channelRead(ByteToMessageDecoder.java:278)
	io.netty.channel.CombinedChannelDuplexHandler.channelRead(CombinedChannelDuplexHandler.java:253)
	io.netty.channel.AbstractChannelHandlerContext.invokeChannelRead(AbstractChannelHandlerContext.java:374)
	io.netty.channel.AbstractChannelHandlerContext.invokeChannelRead(AbstractChannelHandlerContext.java:360)
	io.netty.channel.AbstractChannelHandlerContext.fireChannelRead(AbstractChannelHandlerContext.java:352)
	io.netty.channel.DefaultChannelPipeline$HeadContext.channelRead(DefaultChannelPipeline.java:1408)
	io.netty.channel.AbstractChannelHandlerContext.invokeChannelRead(AbstractChannelHandlerContext.java:374)
	io.netty.channel.AbstractChannelHandlerContext.invokeChannelRead(AbstractChannelHandlerContext.java:360)
	io.netty.channel.DefaultChannelPipeline.fireChannelRead(DefaultChannelPipeline.java:930)
	io.netty.channel.nio.AbstractNioByteChannel$NioByteUnsafe.read(AbstractNioByteChannel.java:163)
	io.netty.channel.nio.NioEventLoop.processSelectedKey(NioEventLoop.java:682)
	io.netty.channel.nio.NioEventLoop.processSelectedKeysOptimized(NioEventLoop.java:617)
	io.netty.channel.nio.NioEventLoop.processSelectedKeys(NioEventLoop.java:534)
	io.netty.channel.nio.NioEventLoop.run(NioEventLoop.java:496)
	io.netty.util.concurrent.SingleThreadEventExecutor$5.run(SingleThreadEventExecutor.java:906)
	io.netty.util.internal.ThreadExecutorMap$2.run(ThreadExecutorMap.java:74)
	io.netty.util.concurrent.FastThreadLocalRunnable.run(FastThreadLocalRunnable.java:30)
	java.lang.Thread.run(Thread.java:748)
#5:
	Hint: 'reactor.left.httpCodec' will handle the message from this point.
	io.netty.channel.DefaultChannelPipeline.touch(DefaultChannelPipeline.java:116)
	io.netty.channel.AbstractChannelHandlerContext.invokeChannelRead(AbstractChannelHandlerContext.java:357)
	io.netty.channel.AbstractChannelHandlerContext.fireChannelRead(AbstractChannelHandlerContext.java:352)
	io.netty.channel.DefaultChannelPipeline$HeadContext.channelRead(DefaultChannelPipeline.java:1408)
	io.netty.channel.AbstractChannelHandlerContext.invokeChannelRead(AbstractChannelHandlerContext.java:374)
	io.netty.channel.AbstractChannelHandlerContext.invokeChannelRead(AbstractChannelHandlerContext.java:360)
	io.netty.channel.DefaultChannelPipeline.fireChannelRead(DefaultChannelPipeline.java:930)
	io.netty.channel.nio.AbstractNioByteChannel$NioByteUnsafe.read(AbstractNioByteChannel.java:163)
	io.netty.channel.nio.NioEventLoop.processSelectedKey(NioEventLoop.java:682)
	io.netty.channel.nio.NioEventLoop.processSelectedKeysOptimized(NioEventLoop.java:617)
	io.netty.channel.nio.NioEventLoop.processSelectedKeys(NioEventLoop.java:534)
	io.netty.channel.nio.NioEventLoop.run(NioEventLoop.java:496)
	io.netty.util.concurrent.SingleThreadEventExecutor$5.run(SingleThreadEventExecutor.java:906)
	io.netty.util.internal.ThreadExecutorMap$2.run(ThreadExecutorMap.java:74)
	io.netty.util.concurrent.FastThreadLocalRunnable.run(FastThreadLocalRunnable.java:30)
	java.lang.Thread.run(Thread.java:748)
#6:
	Hint: 'DefaultChannelPipeline$HeadContext#0' will handle the message from this point.
	io.netty.channel.DefaultChannelPipeline.touch(DefaultChannelPipeline.java:116)
	io.netty.channel.AbstractChannelHandlerContext.invokeChannelRead(AbstractChannelHandlerContext.java:357)
	io.netty.channel.DefaultChannelPipeline.fireChannelRead(DefaultChannelPipeline.java:930)
	io.netty.channel.nio.AbstractNioByteChannel$NioByteUnsafe.read(AbstractNioByteChannel.java:163)
	io.netty.channel.nio.NioEventLoop.processSelectedKey(NioEventLoop.java:682)
	io.netty.channel.nio.NioEventLoop.processSelectedKeysOptimized(NioEventLoop.java:617)
	io.netty.channel.nio.NioEventLoop.processSelectedKeys(NioEventLoop.java:534)
	io.netty.channel.nio.NioEventLoop.run(NioEventLoop.java:496)
	io.netty.util.concurrent.SingleThreadEventExecutor$5.run(SingleThreadEventExecutor.java:906)
	io.netty.util.internal.ThreadExecutorMap$2.run(ThreadExecutorMap.java:74)
	io.netty.util.concurrent.FastThreadLocalRunnable.run(FastThreadLocalRunnable.java:30)
	java.lang.Thread.run(Thread.java:748)
#7:
	io.netty.buffer.AdvancedLeakAwareByteBuf.writeBytes(AdvancedLeakAwareByteBuf.java:634)
	io.netty.channel.socket.nio.NioSocketChannel.doReadBytes(NioSocketChannel.java:347)
	io.netty.channel.nio.AbstractNioByteChannel$NioByteUnsafe.read(AbstractNioByteChannel.java:148)
	io.netty.channel.nio.NioEventLoop.processSelectedKey(NioEventLoop.java:682)
	io.netty.channel.nio.NioEventLoop.processSelectedKeysOptimized(NioEventLoop.java:617)
	io.netty.channel.nio.NioEventLoop.processSelectedKeys(NioEventLoop.java:534)
	io.netty.channel.nio.NioEventLoop.run(NioEventLoop.java:496)
	io.netty.util.concurrent.SingleThreadEventExecutor$5.run(SingleThreadEventExecutor.java:906)
	io.netty.util.internal.ThreadExecutorMap$2.run(ThreadExecutorMap.java:74)
	io.netty.util.concurrent.FastThreadLocalRunnable.run(FastThreadLocalRunnable.java:30)
	java.lang.Thread.run(Thread.java:748)
Created at:
	io.netty.buffer.PooledByteBufAllocator.newDirectBuffer(PooledByteBufAllocator.java:349)
	io.netty.buffer.AbstractByteBufAllocator.directBuffer(AbstractByteBufAllocator.java:187)
	io.netty.buffer.AbstractByteBufAllocator.directBuffer(AbstractByteBufAllocator.java:178)
	io.netty.buffer.AbstractByteBufAllocator.ioBuffer(AbstractByteBufAllocator.java:139)
	io.netty.channel.DefaultMaxMessagesRecvByteBufAllocator$MaxMessageHandle.allocate(DefaultMaxMessagesRecvByteBufAllocator.java:114)
	io.netty.channel.nio.AbstractNioByteChannel$NioByteUnsafe.read(AbstractNioByteChannel.java:147)
	io.netty.channel.nio.NioEventLoop.processSelectedKey(NioEventLoop.java:682)
	io.netty.channel.nio.NioEventLoop.processSelectedKeysOptimized(NioEventLoop.java:617)
	io.netty.channel.nio.NioEventLoop.processSelectedKeys(NioEventLoop.java:534)
	io.netty.channel.nio.NioEventLoop.run(NioEventLoop.java:496)
	io.netty.util.concurrent.SingleThreadEventExecutor$5.run(SingleThreadEventExecutor.java:906)
	io.netty.util.internal.ThreadExecutorMap$2.run(ThreadExecutorMap.java:74)
	io.netty.util.concurrent.FastThreadLocalRunnable.run(FastThreadLocalRunnable.java:30)
	java.lang.Thread.run(Thread.java:748)
: 66 leak records were discarded because the leak record count is targeted to 4. Use system property io.netty.leakDetection.targetRecords to increase the limit.
22:43:01.641 [XNIO-59 I/O-10] DEBUG o.s.w.s.a.HttpWebHandlerAdapter - [77e3da5d] HTTP POST "/filePartFlux"
22:43:01.641 [XNIO-59 I/O-10] DEBUG o.s.w.r.r.m.a.RequestMappingHandlerMapping - [77e3da5d] Mapped to org.springframework.web.reactive.result.method.annotation.MultipartIntegrationTests$MultipartController#filePartsFlux(Flux)
22:43:01.642 [XNIO-59 I/O-10] DEBUG o.s.w.r.r.m.a.ResponseBodyResultHandler - Using 'text/plain;charset=UTF-8' given [*/*] and supported [text/plain;charset=UTF-8, text/event-stream, text/plain;charset=UTF-8, */*]
22:43:01.642 [XNIO-59 I/O-10] DEBUG o.s.w.r.r.m.a.ResponseBodyResultHandler - [77e3da5d] 0..1 [java.lang.String]
22:43:01.645 [XNIO-59 I/O-10] DEBUG o.s.c.c.CharSequenceEncoder - [77e3da5d] Writing "[fileParts:foo.txt,fileParts:logo.png]"
22:43:01.645 [XNIO-59 I/O-10] DEBUG o.s.w.s.a.HttpWebHandlerAdapter - [77e3da5d] Completed 200 OK
22:43:01.645 [reactor-http-nio-8] DEBUG o.s.w.r.f.c.ExchangeFunctions - [4a23306c] Response 200 OK
22:43:01.646 [reactor-http-nio-8] DEBUG o.s.c.c.StringDecoder - [4a23306c] Decoded "[fileParts:foo.txt,fileParts:logo.png]"
22:43:01.646 [Test worker] DEBUG o.s.h.s.r.b.UndertowHttpServer - Stopping UndertowHttpServer...
22:43:01.646 [Test worker] DEBUG o.s.h.s.r.b.UndertowHttpServer - Server stopped (0 millis).
22:43:01.651 [Test worker] DEBUG o.s.w.r.r.m.a.RequestMappingHandlerMapping - 7 mappings in 'requestMappingHandlerMapping'
22:43:01.667 [Test worker] DEBUG o.s.w.r.r.m.a.ControllerMethodResolver - ControllerAdvice beans: none
22:43:01.687 [Test worker] DEBUG o.s.w.s.a.HttpWebHandlerAdapter - enableLoggingRequestDetails='false': form data and headers will be masked to prevent unsafe logging of potentially sensitive data
22:43:01.687 [Test worker] DEBUG o.s.h.s.r.b.UndertowHttpServer - Starting UndertowHttpServer...
22:43:01.689 [Test worker] DEBUG o.s.h.s.r.b.UndertowHttpServer - Server started on port 54245(0 millis).
22:43:01.689 [Test worker] DEBUG o.s.w.r.f.c.ExchangeFunctions - [7a88f72d] HTTP POST http://localhost:54245/filePartMono
22:43:01.690 [reactor-http-nio-12] DEBUG o.s.h.c.m.MultipartHttpMessageWriter - [7a88f72d] Encoding parts [fieldPart, fileParts, jsonPart] (content masked)
22:43:01.696 [XNIO-60 I/O-10] DEBUG o.s.w.s.a.HttpWebHandlerAdapter - [52dc320c] HTTP POST "/filePartMono"
22:43:01.697 [XNIO-60 I/O-10] DEBUG o.s.w.r.r.m.a.RequestMappingHandlerMapping - [52dc320c] Mapped to org.springframework.web.reactive.result.method.annotation.MultipartIntegrationTests$MultipartController#filePartsFlux(Mono)
22:43:01.697 [XNIO-60 I/O-10] DEBUG o.s.w.r.r.m.a.ResponseBodyResultHandler - Using 'text/plain;charset=UTF-8' given [*/*] and supported [text/plain;charset=UTF-8, text/event-stream, text/plain;charset=UTF-8, */*]
22:43:01.697 [XNIO-60 I/O-10] DEBUG o.s.w.r.r.m.a.ResponseBodyResultHandler - [52dc320c] 0..1 [java.lang.String]
22:43:01.699 [XNIO-60 I/O-10] DEBUG o.s.c.c.CharSequenceEncoder - [52dc320c] Writing "[fileParts:foo.txt]"
22:43:01.700 [XNIO-60 I/O-10] DEBUG o.s.w.s.a.HttpWebHandlerAdapter - [52dc320c] Completed 200 OK
22:43:01.700 [reactor-http-nio-12] DEBUG o.s.w.r.f.c.ExchangeFunctions - [7a88f72d] Response 200 OK
22:43:01.700 [reactor-http-nio-12] DEBUG o.s.c.c.StringDecoder - [7a88f72d] Decoded "[fileParts:foo.txt]"
22:43:01.700 [Test worker] DEBUG o.s.h.s.r.b.UndertowHttpServer - Stopping UndertowHttpServer...
22:43:01.701 [Test worker] DEBUG o.s.h.s.r.b.UndertowHttpServer - Server stopped (0 millis).
]]></system-out>
  <system-err><![CDATA[十一月 25, 2020 10:43:00 下午 org.apache.catalina.core.StandardService startInternal
信息: Starting service [Tomcat]
十一月 25, 2020 10:43:00 下午 org.apache.catalina.core.StandardEngine startInternal
信息: Starting Servlet engine: [Apache Tomcat/9.0.21]
十一月 25, 2020 10:43:00 下午 org.apache.coyote.AbstractProtocol init
信息: Initializing ProtocolHandler ["http-nio-auto-55"]
十一月 25, 2020 10:43:00 下午 org.apache.coyote.AbstractProtocol start
信息: Starting ProtocolHandler ["http-nio-auto-55-54212"]
十一月 25, 2020 10:43:00 下午 org.apache.coyote.AbstractProtocol pause
信息: Pausing ProtocolHandler ["http-nio-auto-55-54212"]
十一月 25, 2020 10:43:00 下午 org.apache.catalina.core.StandardService stopInternal
信息: Stopping service [Tomcat]
十一月 25, 2020 10:43:00 下午 org.apache.coyote.AbstractProtocol stop
信息: Stopping ProtocolHandler ["http-nio-auto-55-54212"]
十一月 25, 2020 10:43:00 下午 org.apache.coyote.AbstractProtocol destroy
信息: Destroying ProtocolHandler ["http-nio-auto-55-54212"]
十一月 25, 2020 10:43:00 下午 org.apache.catalina.core.StandardService startInternal
信息: Starting service [Tomcat]
十一月 25, 2020 10:43:00 下午 org.apache.catalina.core.StandardEngine startInternal
信息: Starting Servlet engine: [Apache Tomcat/9.0.21]
十一月 25, 2020 10:43:00 下午 org.apache.coyote.AbstractProtocol init
信息: Initializing ProtocolHandler ["http-nio-auto-56"]
十一月 25, 2020 10:43:00 下午 org.apache.coyote.AbstractProtocol start
信息: Starting ProtocolHandler ["http-nio-auto-56-54215"]
十一月 25, 2020 10:43:00 下午 org.apache.coyote.AbstractProtocol pause
信息: Pausing ProtocolHandler ["http-nio-auto-56-54215"]
十一月 25, 2020 10:43:00 下午 org.apache.catalina.core.StandardService stopInternal
信息: Stopping service [Tomcat]
十一月 25, 2020 10:43:00 下午 org.apache.coyote.AbstractProtocol stop
信息: Stopping ProtocolHandler ["http-nio-auto-56-54215"]
十一月 25, 2020 10:43:00 下午 org.apache.coyote.AbstractProtocol destroy
信息: Destroying ProtocolHandler ["http-nio-auto-56-54215"]
十一月 25, 2020 10:43:00 下午 org.apache.catalina.core.StandardService startInternal
信息: Starting service [Tomcat]
十一月 25, 2020 10:43:00 下午 org.apache.catalina.core.StandardEngine startInternal
信息: Starting Servlet engine: [Apache Tomcat/9.0.21]
十一月 25, 2020 10:43:00 下午 org.apache.coyote.AbstractProtocol init
信息: Initializing ProtocolHandler ["http-nio-auto-57"]
十一月 25, 2020 10:43:00 下午 org.apache.coyote.AbstractProtocol start
信息: Starting ProtocolHandler ["http-nio-auto-57-54218"]
十一月 25, 2020 10:43:00 下午 org.apache.coyote.AbstractProtocol pause
信息: Pausing ProtocolHandler ["http-nio-auto-57-54218"]
十一月 25, 2020 10:43:00 下午 org.apache.catalina.core.StandardService stopInternal
信息: Stopping service [Tomcat]
十一月 25, 2020 10:43:00 下午 org.apache.coyote.AbstractProtocol stop
信息: Stopping ProtocolHandler ["http-nio-auto-57-54218"]
十一月 25, 2020 10:43:00 下午 org.apache.coyote.AbstractProtocol destroy
信息: Destroying ProtocolHandler ["http-nio-auto-57-54218"]
十一月 25, 2020 10:43:00 下午 org.apache.catalina.core.StandardService startInternal
信息: Starting service [Tomcat]
十一月 25, 2020 10:43:00 下午 org.apache.catalina.core.StandardEngine startInternal
信息: Starting Servlet engine: [Apache Tomcat/9.0.21]
十一月 25, 2020 10:43:00 下午 org.apache.coyote.AbstractProtocol init
信息: Initializing ProtocolHandler ["http-nio-auto-58"]
十一月 25, 2020 10:43:00 下午 org.apache.coyote.AbstractProtocol start
信息: Starting ProtocolHandler ["http-nio-auto-58-54221"]
十一月 25, 2020 10:43:00 下午 org.apache.coyote.AbstractProtocol pause
信息: Pausing ProtocolHandler ["http-nio-auto-58-54221"]
十一月 25, 2020 10:43:00 下午 org.apache.catalina.core.StandardService stopInternal
信息: Stopping service [Tomcat]
十一月 25, 2020 10:43:00 下午 org.apache.coyote.AbstractProtocol stop
信息: Stopping ProtocolHandler ["http-nio-auto-58-54221"]
十一月 25, 2020 10:43:00 下午 org.apache.coyote.AbstractProtocol destroy
信息: Destroying ProtocolHandler ["http-nio-auto-58-54221"]
十一月 25, 2020 10:43:01 下午 org.apache.catalina.core.StandardService startInternal
信息: Starting service [Tomcat]
十一月 25, 2020 10:43:01 下午 org.apache.catalina.core.StandardEngine startInternal
信息: Starting Servlet engine: [Apache Tomcat/9.0.21]
十一月 25, 2020 10:43:01 下午 org.apache.coyote.AbstractProtocol init
信息: Initializing ProtocolHandler ["http-nio-auto-59"]
十一月 25, 2020 10:43:01 下午 org.apache.coyote.AbstractProtocol start
信息: Starting ProtocolHandler ["http-nio-auto-59-54224"]
十一月 25, 2020 10:43:01 下午 org.apache.coyote.AbstractProtocol pause
信息: Pausing ProtocolHandler ["http-nio-auto-59-54224"]
十一月 25, 2020 10:43:01 下午 org.apache.catalina.core.StandardService stopInternal
信息: Stopping service [Tomcat]
十一月 25, 2020 10:43:01 下午 org.apache.coyote.AbstractProtocol stop
信息: Stopping ProtocolHandler ["http-nio-auto-59-54224"]
十一月 25, 2020 10:43:01 下午 org.apache.coyote.AbstractProtocol destroy
信息: Destroying ProtocolHandler ["http-nio-auto-59-54224"]
十一月 25, 2020 10:43:01 下午 org.apache.catalina.core.StandardService startInternal
信息: Starting service [Tomcat]
十一月 25, 2020 10:43:01 下午 org.apache.catalina.core.StandardEngine startInternal
信息: Starting Servlet engine: [Apache Tomcat/9.0.21]
十一月 25, 2020 10:43:01 下午 org.apache.coyote.AbstractProtocol init
信息: Initializing ProtocolHandler ["http-nio-auto-60"]
十一月 25, 2020 10:43:01 下午 org.apache.coyote.AbstractProtocol start
信息: Starting ProtocolHandler ["http-nio-auto-60-54227"]
十一月 25, 2020 10:43:01 下午 org.apache.coyote.AbstractProtocol pause
信息: Pausing ProtocolHandler ["http-nio-auto-60-54227"]
十一月 25, 2020 10:43:01 下午 org.apache.catalina.core.StandardService stopInternal
信息: Stopping service [Tomcat]
十一月 25, 2020 10:43:01 下午 org.apache.coyote.AbstractProtocol stop
信息: Stopping ProtocolHandler ["http-nio-auto-60-54227"]
十一月 25, 2020 10:43:01 下午 org.apache.coyote.AbstractProtocol destroy
信息: Destroying ProtocolHandler ["http-nio-auto-60-54227"]
十一月 25, 2020 10:43:01 下午 org.apache.catalina.core.StandardService startInternal
信息: Starting service [Tomcat]
十一月 25, 2020 10:43:01 下午 org.apache.catalina.core.StandardEngine startInternal
信息: Starting Servlet engine: [Apache Tomcat/9.0.21]
十一月 25, 2020 10:43:01 下午 org.apache.coyote.AbstractProtocol init
信息: Initializing ProtocolHandler ["http-nio-auto-61"]
十一月 25, 2020 10:43:01 下午 org.apache.coyote.AbstractProtocol start
信息: Starting ProtocolHandler ["http-nio-auto-61-54230"]
十一月 25, 2020 10:43:01 下午 org.apache.coyote.AbstractProtocol pause
信息: Pausing ProtocolHandler ["http-nio-auto-61-54230"]
十一月 25, 2020 10:43:01 下午 org.apache.catalina.core.StandardService stopInternal
信息: Stopping service [Tomcat]
十一月 25, 2020 10:43:01 下午 org.apache.coyote.AbstractProtocol stop
信息: Stopping ProtocolHandler ["http-nio-auto-61-54230"]
十一月 25, 2020 10:43:01 下午 org.apache.coyote.AbstractProtocol destroy
信息: Destroying ProtocolHandler ["http-nio-auto-61-54230"]
]]></system-err>
</testsuite>
