<?xml version="1.0" encoding="UTF-8"?>
<testsuite name="org.springframework.web.reactive.result.method.annotation.RequestPartMethodArgumentResolverTests" tests="13" skipped="0" failures="0" errors="0" timestamp="2020-11-25T14:43:02" hostname="lichangbaodeMacBook-Pro.local" time="0.22">
  <properties/>
  <testcase name="fluxPart" classname="org.springframework.web.reactive.result.method.annotation.RequestPartMethodArgumentResolverTests" time="0.02"/>
  <testcase name="partRequired" classname="org.springframework.web.reactive.result.method.annotation.RequestPartMethodArgumentResolverTests" time="0.016"/>
  <testcase name="fluxPerson" classname="org.springframework.web.reactive.result.method.annotation.RequestPartMethodArgumentResolverTests" time="0.018"/>
  <testcase name="person" classname="org.springframework.web.reactive.result.method.annotation.RequestPartMethodArgumentResolverTests" time="0.017"/>
  <testcase name="personRequired" classname="org.springframework.web.reactive.result.method.annotation.RequestPartMethodArgumentResolverTests" time="0.016"/>
  <testcase name="personNotRequired" classname="org.springframework.web.reactive.result.method.annotation.RequestPartMethodArgumentResolverTests" time="0.017"/>
  <testcase name="monoPart" classname="org.springframework.web.reactive.result.method.annotation.RequestPartMethodArgumentResolverTests" time="0.016"/>
  <testcase name="partNotRequired" classname="org.springframework.web.reactive.result.method.annotation.RequestPartMethodArgumentResolverTests" time="0.016"/>
  <testcase name="part" classname="org.springframework.web.reactive.result.method.annotation.RequestPartMethodArgumentResolverTests" time="0.017"/>
  <testcase name="listPerson" classname="org.springframework.web.reactive.result.method.annotation.RequestPartMethodArgumentResolverTests" time="0.017"/>
  <testcase name="listPart" classname="org.springframework.web.reactive.result.method.annotation.RequestPartMethodArgumentResolverTests" time="0.017"/>
  <testcase name="supportsParameter" classname="org.springframework.web.reactive.result.method.annotation.RequestPartMethodArgumentResolverTests" time="0.015"/>
  <testcase name="monoPerson" classname="org.springframework.web.reactive.result.method.annotation.RequestPartMethodArgumentResolverTests" time="0.018"/>
  <system-out><![CDATA[22:43:02.372 [Test worker] DEBUG o.s.h.c.m.MultipartHttpMessageWriter - Encoding parts [name] (content masked)
22:43:02.390 [Test worker] DEBUG o.s.h.c.m.MultipartHttpMessageWriter - Encoding parts [] (content masked)
22:43:02.406 [Test worker] DEBUG o.s.h.c.m.MultipartHttpMessageWriter - Encoding parts [name] (content masked)
22:43:02.411 [Test worker] DEBUG o.s.w.r.r.m.a.RequestPartMethodArgumentResolver - [331d2286] Decoding part 'name'
22:43:02.411 [Test worker] DEBUG o.s.w.r.r.m.a.RequestPartMethodArgumentResolver - [331d2286] Content-Type:application/json
22:43:02.412 [Test worker] DEBUG o.s.w.r.r.m.a.RequestPartMethodArgumentResolver - [331d2286] 0..1 [org.springframework.web.reactive.result.method.annotation.RequestPartMethodArgumentResolverTests$Person]
22:43:02.412 [Test worker] DEBUG o.s.h.c.j.Jackson2JsonDecoder - [331d2286] Decoded [org.springframework.web.reactive.result.method.annotation.RequestPartMethodArgumentResolverTests$Per (truncated)...]
22:43:02.412 [Test worker] DEBUG o.s.w.r.r.m.a.RequestPartMethodArgumentResolver - [331d2286] Decoding part 'name'
22:43:02.412 [Test worker] DEBUG o.s.w.r.r.m.a.RequestPartMethodArgumentResolver - [331d2286] Content-Type:application/json
22:43:02.412 [Test worker] DEBUG o.s.w.r.r.m.a.RequestPartMethodArgumentResolver - [331d2286] 0..1 [org.springframework.web.reactive.result.method.annotation.RequestPartMethodArgumentResolverTests$Person]
22:43:02.412 [Test worker] DEBUG o.s.h.c.j.Jackson2JsonDecoder - [331d2286] Decoded [org.springframework.web.reactive.result.method.annotation.RequestPartMethodArgumentResolverTests$Per (truncated)...]
22:43:02.424 [Test worker] DEBUG o.s.h.c.m.MultipartHttpMessageWriter - Encoding parts [name] (content masked)
22:43:02.429 [Test worker] DEBUG o.s.w.r.r.m.a.RequestPartMethodArgumentResolver - [5cb4f268] Decoding part 'name'
22:43:02.429 [Test worker] DEBUG o.s.w.r.r.m.a.RequestPartMethodArgumentResolver - [5cb4f268] Content-Type:application/json
22:43:02.429 [Test worker] DEBUG o.s.w.r.r.m.a.RequestPartMethodArgumentResolver - [5cb4f268] 0..1 [org.springframework.web.reactive.result.method.annotation.RequestPartMethodArgumentResolverTests$Person]
22:43:02.429 [Test worker] DEBUG o.s.h.c.j.Jackson2JsonDecoder - [5cb4f268] Decoded [org.springframework.web.reactive.result.method.annotation.RequestPartMethodArgumentResolverTests$Per (truncated)...]
22:43:02.441 [Test worker] DEBUG o.s.h.c.m.MultipartHttpMessageWriter - Encoding parts [] (content masked)
22:43:02.457 [Test worker] DEBUG o.s.h.c.m.MultipartHttpMessageWriter - Encoding parts [] (content masked)
22:43:02.474 [Test worker] DEBUG o.s.h.c.m.MultipartHttpMessageWriter - Encoding parts [name] (content masked)
22:43:02.490 [Test worker] DEBUG o.s.h.c.m.MultipartHttpMessageWriter - Encoding parts [] (content masked)
22:43:02.506 [Test worker] DEBUG o.s.h.c.m.MultipartHttpMessageWriter - Encoding parts [name] (content masked)
22:43:02.523 [Test worker] DEBUG o.s.h.c.m.MultipartHttpMessageWriter - Encoding parts [name] (content masked)
22:43:02.527 [Test worker] DEBUG o.s.w.r.r.m.a.RequestPartMethodArgumentResolver - [52f0e787] Decoding part 'name'
22:43:02.528 [Test worker] DEBUG o.s.w.r.r.m.a.RequestPartMethodArgumentResolver - [52f0e787] Content-Type:application/json
22:43:02.528 [Test worker] DEBUG o.s.w.r.r.m.a.RequestPartMethodArgumentResolver - [52f0e787] 0..1 [org.springframework.web.reactive.result.method.annotation.RequestPartMethodArgumentResolverTests$Person]
22:43:02.528 [Test worker] DEBUG o.s.h.c.j.Jackson2JsonDecoder - [52f0e787] Decoded [org.springframework.web.reactive.result.method.annotation.RequestPartMethodArgumentResolverTests$Per (truncated)...]
22:43:02.528 [Test worker] DEBUG o.s.w.r.r.m.a.RequestPartMethodArgumentResolver - [52f0e787] Decoding part 'name'
22:43:02.528 [Test worker] DEBUG o.s.w.r.r.m.a.RequestPartMethodArgumentResolver - [52f0e787] Content-Type:application/json
22:43:02.528 [Test worker] DEBUG o.s.w.r.r.m.a.RequestPartMethodArgumentResolver - [52f0e787] 0..1 [org.springframework.web.reactive.result.method.annotation.RequestPartMethodArgumentResolverTests$Person]
22:43:02.528 [Test worker] DEBUG o.s.h.c.j.Jackson2JsonDecoder - [52f0e787] Decoded [org.springframework.web.reactive.result.method.annotation.RequestPartMethodArgumentResolverTests$Per (truncated)...]
22:43:02.540 [Test worker] DEBUG o.s.h.c.m.MultipartHttpMessageWriter - Encoding parts [name] (content masked)
22:43:02.572 [Test worker] DEBUG o.s.h.c.m.MultipartHttpMessageWriter - Encoding parts [name] (content masked)
22:43:02.577 [Test worker] DEBUG o.s.w.r.r.m.a.RequestPartMethodArgumentResolver - [47849278] Decoding part 'name'
22:43:02.577 [Test worker] DEBUG o.s.w.r.r.m.a.RequestPartMethodArgumentResolver - [47849278] Content-Type:application/json
22:43:02.577 [Test worker] DEBUG o.s.w.r.r.m.a.RequestPartMethodArgumentResolver - [47849278] 0..1 [org.springframework.web.reactive.result.method.annotation.RequestPartMethodArgumentResolverTests$Person]
22:43:02.578 [Test worker] DEBUG o.s.h.c.j.Jackson2JsonDecoder - [47849278] Decoded [org.springframework.web.reactive.result.method.annotation.RequestPartMethodArgumentResolverTests$Per (truncated)...]
]]></system-out>
  <system-err><![CDATA[]]></system-err>
</testsuite>
