<?xml version="1.0" encoding="UTF-8"?>
<testsuite name="org.springframework.web.reactive.function.server.ToStringVisitorTests" tests="2" skipped="0" failures="0" errors="0" timestamp="2019-06-21T11:48:52" hostname="Macbook-Air.local" time="0.042">
  <properties/>
  <testcase name="nested" classname="org.springframework.web.reactive.function.server.ToStringVisitorTests" time="0.015"/>
  <testcase name="predicates" classname="org.springframework.web.reactive.function.server.ToStringVisitorTests" time="0.027"/>
  <system-out><![CDATA[]]></system-out>
  <system-err><![CDATA[]]></system-err>
</testsuite>
