<?xml version="1.0" encoding="UTF-8"?>
<testsuite name="org.springframework.web.reactive.function.client.WebClientIntegrationTests" tests="52" skipped="0" failures="0" errors="0" timestamp="2020-11-25T14:43:29" hostname="lichangbaodeMacBook-Pro.local" time="0.323">
  <properties/>
  <testcase name="shouldApplyErrorHandlingFilter[webClient [org.springframework.http.client.reactive.JettyClientHttpConnector@409568bf]]" classname="org.springframework.web.reactive.function.client.WebClientIntegrationTests" time="0.014"/>
  <testcase name="shouldReceiveJsonAsResponseEntityList[webClient [org.springframework.http.client.reactive.JettyClientHttpConnector@409568bf]]" classname="org.springframework.web.reactive.function.client.WebClientIntegrationTests" time="0.007"/>
  <testcase name="shouldReceiveResponseHeaders[webClient [org.springframework.http.client.reactive.JettyClientHttpConnector@409568bf]]" classname="org.springframework.web.reactive.function.client.WebClientIntegrationTests" time="0.008"/>
  <testcase name="shouldReceivePlainText[webClient [org.springframework.http.client.reactive.JettyClientHttpConnector@409568bf]]" classname="org.springframework.web.reactive.function.client.WebClientIntegrationTests" time="0.007"/>
  <testcase name="shouldReceive404Response[webClient [org.springframework.http.client.reactive.JettyClientHttpConnector@409568bf]]" classname="org.springframework.web.reactive.function.client.WebClientIntegrationTests" time="0.007"/>
  <testcase name="shouldReceiveJsonAsResponseEntityString[webClient [org.springframework.http.client.reactive.JettyClientHttpConnector@409568bf]]" classname="org.springframework.web.reactive.function.client.WebClientIntegrationTests" time="0.017"/>
  <testcase name="shouldReceiveJsonAsTypeReferenceString[webClient [org.springframework.http.client.reactive.JettyClientHttpConnector@409568bf]]" classname="org.springframework.web.reactive.function.client.WebClientIntegrationTests" time="0.012"/>
  <testcase name="shouldReceiveNotFoundEntity[webClient [org.springframework.http.client.reactive.JettyClientHttpConnector@409568bf]]" classname="org.springframework.web.reactive.function.client.WebClientIntegrationTests" time="0.007"/>
  <testcase name="shouldReceiveJsonAsFluxPojo[webClient [org.springframework.http.client.reactive.JettyClientHttpConnector@409568bf]]" classname="org.springframework.web.reactive.function.client.WebClientIntegrationTests" time="0.006"/>
  <testcase name="shouldSendPojoAsJson[webClient [org.springframework.http.client.reactive.JettyClientHttpConnector@409568bf]]" classname="org.springframework.web.reactive.function.client.WebClientIntegrationTests" time="0.017"/>
  <testcase name="shouldApplyExchangeFilter[webClient [org.springframework.http.client.reactive.JettyClientHttpConnector@409568bf]]" classname="org.springframework.web.reactive.function.client.WebClientIntegrationTests" time="0.007"/>
  <testcase name="shouldSupportUnknownStatusCode[webClient [org.springframework.http.client.reactive.JettyClientHttpConnector@409568bf]]" classname="org.springframework.web.reactive.function.client.WebClientIntegrationTests" time="0.006"/>
  <testcase name="shouldReceiveEmptyResponse[webClient [org.springframework.http.client.reactive.JettyClientHttpConnector@409568bf]]" classname="org.springframework.web.reactive.function.client.WebClientIntegrationTests" time="0.005"/>
  <testcase name="shouldFailWithRelativeUrls[webClient [org.springframework.http.client.reactive.JettyClientHttpConnector@409568bf]]" classname="org.springframework.web.reactive.function.client.WebClientIntegrationTests" time="0.001"/>
  <testcase name="shouldGetErrorSignalWhenRetrievingUnknownStatusCode[webClient [org.springframework.http.client.reactive.JettyClientHttpConnector@409568bf]]" classname="org.springframework.web.reactive.function.client.WebClientIntegrationTests" time="0.013"/>
  <testcase name="shouldReceiveJsonAsPojo[webClient [org.springframework.http.client.reactive.JettyClientHttpConnector@409568bf]]" classname="org.springframework.web.reactive.function.client.WebClientIntegrationTests" time="0.008"/>
  <testcase name="shouldGetErrorSignalOn404[webClient [org.springframework.http.client.reactive.JettyClientHttpConnector@409568bf]]" classname="org.springframework.web.reactive.function.client.WebClientIntegrationTests" time="0.007"/>
  <testcase name="shouldReceiveJsonAsFluxString[webClient [org.springframework.http.client.reactive.JettyClientHttpConnector@409568bf]]" classname="org.springframework.web.reactive.function.client.WebClientIntegrationTests" time="0.006"/>
  <testcase name="shouldSendCookies[webClient [org.springframework.http.client.reactive.JettyClientHttpConnector@409568bf]]" classname="org.springframework.web.reactive.function.client.WebClientIntegrationTests" time="0.008"/>
  <testcase name="shouldReceiveJsonAsString[webClient [org.springframework.http.client.reactive.JettyClientHttpConnector@409568bf]]" classname="org.springframework.web.reactive.function.client.WebClientIntegrationTests" time="0.006"/>
  <testcase name="shouldApplyCustomStatusHandler[webClient [org.springframework.http.client.reactive.JettyClientHttpConnector@409568bf]]" classname="org.springframework.web.reactive.function.client.WebClientIntegrationTests" time="0.006"/>
  <testcase name="shouldGetErrorSignalOnEmptyErrorResponse[webClient [org.springframework.http.client.reactive.JettyClientHttpConnector@409568bf]]" classname="org.springframework.web.reactive.function.client.WebClientIntegrationTests" time="0.006"/>
  <testcase name="shouldApplyCustomStatusHandlerParameterizedTypeReference[webClient [org.springframework.http.client.reactive.JettyClientHttpConnector@409568bf]]" classname="org.springframework.web.reactive.function.client.WebClientIntegrationTests" time="0.007"/>
  <testcase name="shouldGetInternalServerErrorSignal[webClient [org.springframework.http.client.reactive.JettyClientHttpConnector@409568bf]]" classname="org.springframework.web.reactive.function.client.WebClientIntegrationTests" time="0.008"/>
  <testcase name="shouldSendLargeTextFile[webClient [org.springframework.http.client.reactive.JettyClientHttpConnector@409568bf]]" classname="org.springframework.web.reactive.function.client.WebClientIntegrationTests" time="0.028"/>
  <testcase name="shouldReceivePlainTextFlux[webClient [org.springframework.http.client.reactive.JettyClientHttpConnector@409568bf]]" classname="org.springframework.web.reactive.function.client.WebClientIntegrationTests" time="0.013"/>
  <testcase name="shouldApplyErrorHandlingFilter[webClient [org.springframework.http.client.reactive.ReactorClientHttpConnector@64ca4c5d]]" classname="org.springframework.web.reactive.function.client.WebClientIntegrationTests" time="0.007"/>
  <testcase name="shouldReceiveJsonAsResponseEntityList[webClient [org.springframework.http.client.reactive.ReactorClientHttpConnector@64ca4c5d]]" classname="org.springframework.web.reactive.function.client.WebClientIntegrationTests" time="0.003"/>
  <testcase name="shouldReceiveResponseHeaders[webClient [org.springframework.http.client.reactive.ReactorClientHttpConnector@64ca4c5d]]" classname="org.springframework.web.reactive.function.client.WebClientIntegrationTests" time="0.002"/>
  <testcase name="shouldReceivePlainText[webClient [org.springframework.http.client.reactive.ReactorClientHttpConnector@64ca4c5d]]" classname="org.springframework.web.reactive.function.client.WebClientIntegrationTests" time="0.003"/>
  <testcase name="shouldReceive404Response[webClient [org.springframework.http.client.reactive.ReactorClientHttpConnector@64ca4c5d]]" classname="org.springframework.web.reactive.function.client.WebClientIntegrationTests" time="0.002"/>
  <testcase name="shouldReceiveJsonAsResponseEntityString[webClient [org.springframework.http.client.reactive.ReactorClientHttpConnector@64ca4c5d]]" classname="org.springframework.web.reactive.function.client.WebClientIntegrationTests" time="0.002"/>
  <testcase name="shouldReceiveJsonAsTypeReferenceString[webClient [org.springframework.http.client.reactive.ReactorClientHttpConnector@64ca4c5d]]" classname="org.springframework.web.reactive.function.client.WebClientIntegrationTests" time="0.002"/>
  <testcase name="shouldReceiveNotFoundEntity[webClient [org.springframework.http.client.reactive.ReactorClientHttpConnector@64ca4c5d]]" classname="org.springframework.web.reactive.function.client.WebClientIntegrationTests" time="0.002"/>
  <testcase name="shouldReceiveJsonAsFluxPojo[webClient [org.springframework.http.client.reactive.ReactorClientHttpConnector@64ca4c5d]]" classname="org.springframework.web.reactive.function.client.WebClientIntegrationTests" time="0.002"/>
  <testcase name="shouldSendPojoAsJson[webClient [org.springframework.http.client.reactive.ReactorClientHttpConnector@64ca4c5d]]" classname="org.springframework.web.reactive.function.client.WebClientIntegrationTests" time="0.009"/>
  <testcase name="shouldApplyExchangeFilter[webClient [org.springframework.http.client.reactive.ReactorClientHttpConnector@64ca4c5d]]" classname="org.springframework.web.reactive.function.client.WebClientIntegrationTests" time="0.003"/>
  <testcase name="shouldSupportUnknownStatusCode[webClient [org.springframework.http.client.reactive.ReactorClientHttpConnector@64ca4c5d]]" classname="org.springframework.web.reactive.function.client.WebClientIntegrationTests" time="0.002"/>
  <testcase name="shouldReceiveEmptyResponse[webClient [org.springframework.http.client.reactive.ReactorClientHttpConnector@64ca4c5d]]" classname="org.springframework.web.reactive.function.client.WebClientIntegrationTests" time="0.002"/>
  <testcase name="shouldFailWithRelativeUrls[webClient [org.springframework.http.client.reactive.ReactorClientHttpConnector@64ca4c5d]]" classname="org.springframework.web.reactive.function.client.WebClientIntegrationTests" time="0.001"/>
  <testcase name="shouldGetErrorSignalWhenRetrievingUnknownStatusCode[webClient [org.springframework.http.client.reactive.ReactorClientHttpConnector@64ca4c5d]]" classname="org.springframework.web.reactive.function.client.WebClientIntegrationTests" time="0.002"/>
  <testcase name="shouldReceiveJsonAsPojo[webClient [org.springframework.http.client.reactive.ReactorClientHttpConnector@64ca4c5d]]" classname="org.springframework.web.reactive.function.client.WebClientIntegrationTests" time="0.002"/>
  <testcase name="shouldGetErrorSignalOn404[webClient [org.springframework.http.client.reactive.ReactorClientHttpConnector@64ca4c5d]]" classname="org.springframework.web.reactive.function.client.WebClientIntegrationTests" time="0.003"/>
  <testcase name="shouldReceiveJsonAsFluxString[webClient [org.springframework.http.client.reactive.ReactorClientHttpConnector@64ca4c5d]]" classname="org.springframework.web.reactive.function.client.WebClientIntegrationTests" time="0.002"/>
  <testcase name="shouldSendCookies[webClient [org.springframework.http.client.reactive.ReactorClientHttpConnector@64ca4c5d]]" classname="org.springframework.web.reactive.function.client.WebClientIntegrationTests" time="0.005"/>
  <testcase name="shouldReceiveJsonAsString[webClient [org.springframework.http.client.reactive.ReactorClientHttpConnector@64ca4c5d]]" classname="org.springframework.web.reactive.function.client.WebClientIntegrationTests" time="0.002"/>
  <testcase name="shouldApplyCustomStatusHandler[webClient [org.springframework.http.client.reactive.ReactorClientHttpConnector@64ca4c5d]]" classname="org.springframework.web.reactive.function.client.WebClientIntegrationTests" time="0.002"/>
  <testcase name="shouldGetErrorSignalOnEmptyErrorResponse[webClient [org.springframework.http.client.reactive.ReactorClientHttpConnector@64ca4c5d]]" classname="org.springframework.web.reactive.function.client.WebClientIntegrationTests" time="0.002"/>
  <testcase name="shouldApplyCustomStatusHandlerParameterizedTypeReference[webClient [org.springframework.http.client.reactive.ReactorClientHttpConnector@64ca4c5d]]" classname="org.springframework.web.reactive.function.client.WebClientIntegrationTests" time="0.002"/>
  <testcase name="shouldGetInternalServerErrorSignal[webClient [org.springframework.http.client.reactive.ReactorClientHttpConnector@64ca4c5d]]" classname="org.springframework.web.reactive.function.client.WebClientIntegrationTests" time="0.004"/>
  <testcase name="shouldSendLargeTextFile[webClient [org.springframework.http.client.reactive.ReactorClientHttpConnector@64ca4c5d]]" classname="org.springframework.web.reactive.function.client.WebClientIntegrationTests" time="0.014"/>
  <testcase name="shouldReceivePlainTextFlux[webClient [org.springframework.http.client.reactive.ReactorClientHttpConnector@64ca4c5d]]" classname="org.springframework.web.reactive.function.client.WebClientIntegrationTests" time="0.003"/>
  <system-out><![CDATA[22:43:29.550 [Test worker] DEBUG o.s.w.r.f.c.ExchangeFunctions - [15a5c860] HTTP GET http://localhost:55129/greeting?name=Spring
22:43:29.555 [HttpClient@7c87379e-7315] DEBUG o.s.w.r.f.c.ExchangeFunctions - [15a5c860] Response 200 OK
22:43:29.555 [HttpClient@7c87379e-7315] DEBUG o.s.w.r.f.c.ExchangeFunctions - [15a5c860] Cancel signal (to close connection)
22:43:29.555 [Test worker] DEBUG o.s.w.r.f.c.ExchangeFunctions - [658e988e] HTTP GET http://localhost:55129/greeting?name=Spring
22:43:29.559 [HttpClient@7c87379e-7308] DEBUG o.s.w.r.f.c.ExchangeFunctions - [658e988e] Response 200 OK
22:43:29.560 [HttpClient@7c87379e-7308] DEBUG o.s.c.c.StringDecoder - [658e988e] Decoded "Hello Spring!"
22:43:29.562 [Test worker] DEBUG o.s.w.r.f.c.ExchangeFunctions - [6660ec83] HTTP GET http://localhost:55132/json
22:43:29.566 [HttpClient@7c87379e-7309] DEBUG o.s.w.r.f.c.ExchangeFunctions - [6660ec83] Response 200 OK
22:43:29.567 [HttpClient@7c87379e-7309] DEBUG o.s.h.c.j.Jackson2JsonDecoder - [6660ec83] Decoded [Pojo[foo='foo1', bar='bar1']]
22:43:29.567 [HttpClient@7c87379e-7309] DEBUG o.s.h.c.j.Jackson2JsonDecoder - [6660ec83] Decoded [Pojo[foo='foo2', bar='bar2']]
22:43:29.569 [Test worker] DEBUG o.s.w.r.f.c.ExchangeFunctions - [553d917] HTTP GET http://localhost:55134/greeting?name=Spring
22:43:29.574 [HttpClient@7c87379e-7310] DEBUG o.s.w.r.f.c.ExchangeFunctions - [553d917] Response 200 OK
22:43:29.576 [Test worker] DEBUG o.s.w.r.f.c.ExchangeFunctions - [379f2496] HTTP GET http://localhost:55136/greeting?name=Spring
22:43:29.581 [HttpClient@7c87379e-7311] DEBUG o.s.w.r.f.c.ExchangeFunctions - [379f2496] Response 200 OK
22:43:29.582 [HttpClient@7c87379e-7311] DEBUG o.s.c.c.StringDecoder - [379f2496] Decoded "Hello Spring!"
22:43:29.584 [Test worker] DEBUG o.s.w.r.f.c.ExchangeFunctions - [416126e4] HTTP GET http://localhost:55138/greeting?name=Spring
22:43:29.589 [HttpClient@7c87379e-7312] DEBUG o.s.w.r.f.c.ExchangeFunctions - [416126e4] Response 404 NOT_FOUND
22:43:29.591 [Test worker] DEBUG o.s.w.r.f.c.ExchangeFunctions - [4090f4c5] HTTP GET http://localhost:55140/json
22:43:29.605 [HttpClient@7c87379e-7313] DEBUG o.s.w.r.f.c.ExchangeFunctions - [4090f4c5] Response 200 OK
22:43:29.606 [HttpClient@7c87379e-7313] DEBUG o.s.c.c.StringDecoder - [4090f4c5] Decoded "{"bar":"barbar","foo":"foofoo"}"
22:43:29.608 [Test worker] DEBUG o.s.w.r.f.c.ExchangeFunctions - [678825cb] HTTP GET http://localhost:55142/json
22:43:29.616 [HttpClient@7c87379e-7306] DEBUG o.s.w.r.f.c.ExchangeFunctions - [678825cb] Response 200 OK
22:43:29.618 [HttpClient@7c87379e-7306] DEBUG o.s.h.c.j.Jackson2JsonDecoder - [678825cb] Decoded [org.springframework.web.reactive.function.client.WebClientIntegrationTests$ValueContainer@37af0ab5]
22:43:29.620 [Test worker] DEBUG o.s.w.r.f.c.ExchangeFunctions - [1c388af9] HTTP GET http://localhost:55144/greeting?name=Spring
22:43:29.624 [HttpClient@7c87379e-7307] DEBUG o.s.w.r.f.c.ExchangeFunctions - [1c388af9] Response 404 NOT_FOUND
22:43:29.625 [HttpClient@7c87379e-7307] DEBUG o.s.c.c.StringDecoder - [1c388af9] Decoded "Not Found"
22:43:29.627 [Test worker] DEBUG o.s.w.r.f.c.ExchangeFunctions - [11d21ac3] HTTP GET http://localhost:55146/pojos
22:43:29.630 [HttpClient@7c87379e-7318] DEBUG o.s.w.r.f.c.ExchangeFunctions - [11d21ac3] Response 200 OK
22:43:29.630 [HttpClient@7c87379e-7318] DEBUG o.s.h.c.j.Jackson2JsonDecoder - [11d21ac3] Decoded [Pojo[foo='foo1', bar='bar1']]
22:43:29.630 [HttpClient@7c87379e-7318] DEBUG o.s.h.c.j.Jackson2JsonDecoder - [11d21ac3] Decoded [Pojo[foo='foo2', bar='bar2']]
22:43:29.634 [Test worker] DEBUG o.s.w.r.f.c.ExchangeFunctions - [3c073dee] HTTP POST http://localhost:55148/pojo/capitalize
22:43:29.634 [Test worker] DEBUG o.s.h.c.j.Jackson2JsonEncoder - [3c073dee] Encoding [Pojo[foo='foofoo', bar='barbar']]
22:43:29.648 [HttpClient@7c87379e-7315] DEBUG o.s.w.r.f.c.ExchangeFunctions - [3c073dee] Response 200 OK
22:43:29.649 [HttpClient@7c87379e-7315] DEBUG o.s.h.c.j.Jackson2JsonDecoder - [3c073dee] Decoded [Pojo[foo='FOOFOO', bar='BARBAR']]
22:43:29.650 [Test worker] DEBUG o.s.w.r.f.c.ExchangeFunctions - [a29f377] HTTP GET http://localhost:55150/greeting?name=Spring
22:43:29.654 [HttpClient@7c87379e-7314] DEBUG o.s.w.r.f.c.ExchangeFunctions - [a29f377] Response 200 OK
22:43:29.655 [HttpClient@7c87379e-7314] DEBUG o.s.c.c.StringDecoder - [a29f377] Decoded "Hello Spring!"
22:43:29.657 [Test worker] DEBUG o.s.w.r.f.c.ExchangeFunctions - [67a508c6] HTTP GET http://localhost:55152/unknownPage
22:43:29.661 [HttpClient@7c87379e-7310] DEBUG o.s.w.r.f.c.ExchangeFunctions - [67a508c6] Response 555
22:43:29.663 [Test worker] DEBUG o.s.w.r.f.c.ExchangeFunctions - [6aa26b73] HTTP GET http://localhost:55154/noContent
22:43:29.666 [HttpClient@7c87379e-7308] DEBUG o.s.w.r.f.c.ExchangeFunctions - [6aa26b73] Response 200 OK
22:43:29.668 [Test worker] DEBUG o.s.w.r.f.c.ExchangeFunctions - [7427b15c] HTTP GET /api/v4/groups/1
22:43:29.669 [Test worker] DEBUG o.s.w.r.f.c.ExchangeFunctions - [153eaac7] HTTP GET http://localhost:55157/unknownPage
22:43:29.673 [HttpClient@7c87379e-7312] DEBUG o.s.w.r.f.c.ExchangeFunctions - [153eaac7] Response 555
22:43:29.682 [Test worker] DEBUG o.s.w.r.f.c.ExchangeFunctions - [11d8c304] HTTP GET http://localhost:55159/pojo
22:43:29.687 [HttpClient@7c87379e-7311] DEBUG o.s.w.r.f.c.ExchangeFunctions - [11d8c304] Response 200 OK
22:43:29.688 [HttpClient@7c87379e-7311] DEBUG o.s.h.c.j.Jackson2JsonDecoder - [11d8c304] Decoded [Pojo[foo='foofoo', bar='barbar']]
22:43:29.689 [Test worker] DEBUG o.s.w.r.f.c.ExchangeFunctions - [72c6ac5e] HTTP GET http://localhost:55161/greeting?name=Spring
22:43:29.693 [HttpClient@7c87379e-7313] DEBUG o.s.w.r.f.c.ExchangeFunctions - [72c6ac5e] Response 404 NOT_FOUND
22:43:29.697 [Test worker] DEBUG o.s.w.r.f.c.ExchangeFunctions - [41e83a29] HTTP GET http://localhost:55163/json
22:43:29.700 [HttpClient@7c87379e-7318] DEBUG o.s.w.r.f.c.ExchangeFunctions - [41e83a29] Response 200 OK
22:43:29.701 [HttpClient@7c87379e-7318] DEBUG o.s.c.c.StringDecoder - [41e83a29] Decoded "{"bar":"barbar","foo":"foofoo"}"
22:43:29.702 [Test worker] DEBUG o.s.w.r.f.c.ExchangeFunctions - [2e7fc153] HTTP GET http://localhost:55165/test
22:43:29.708 [HttpClient@7c87379e-7315] DEBUG o.s.w.r.f.c.ExchangeFunctions - [2e7fc153] Response 200 OK
22:43:29.709 [HttpClient@7c87379e-7315] DEBUG o.s.c.c.StringDecoder - [2e7fc153] Decoded "test"
22:43:29.710 [Test worker] DEBUG o.s.w.r.f.c.ExchangeFunctions - [2507de88] HTTP GET http://localhost:55167/json
22:43:29.714 [HttpClient@7c87379e-7314] DEBUG o.s.w.r.f.c.ExchangeFunctions - [2507de88] Response 200 OK
22:43:29.715 [HttpClient@7c87379e-7314] DEBUG o.s.c.c.StringDecoder - [2507de88] Decoded "{"bar":"barbar","foo":"foofoo"}"
22:43:29.716 [Test worker] DEBUG o.s.w.r.f.c.ExchangeFunctions - [47769a6f] HTTP GET http://localhost:55169/greeting?name=Spring
22:43:29.721 [HttpClient@7c87379e-7309] DEBUG o.s.w.r.f.c.ExchangeFunctions - [47769a6f] Response 500 INTERNAL_SERVER_ERROR
22:43:29.723 [Test worker] DEBUG o.s.w.r.f.c.ExchangeFunctions - [3c79985e] HTTP GET http://localhost:55171/greeting
22:43:29.727 [HttpClient@7c87379e-7308] DEBUG o.s.w.r.f.c.ExchangeFunctions - [3c79985e] Response 404 NOT_FOUND
22:43:29.729 [Test worker] DEBUG o.s.w.r.f.c.ExchangeFunctions - [3cb85b61] HTTP GET http://localhost:55173/greeting?name=Spring
22:43:29.734 [HttpClient@7c87379e-7312] DEBUG o.s.w.r.f.c.ExchangeFunctions - [3cb85b61] Response 500 INTERNAL_SERVER_ERROR
22:43:29.736 [Test worker] DEBUG o.s.w.r.f.c.ExchangeFunctions - [56b7bbe3] HTTP GET http://localhost:55175/greeting?name=Spring
22:43:29.740 [HttpClient@7c87379e-7311] DEBUG o.s.w.r.f.c.ExchangeFunctions - [56b7bbe3] Response 500 INTERNAL_SERVER_ERROR
22:43:29.745 [Thread-288] DEBUG o.s.c.c.DataBufferEncoder - [57b877aa] Writing 4096 bytes
22:43:29.745 [Test worker] DEBUG o.s.w.r.f.c.ExchangeFunctions - [57b877aa] HTTP POST http://localhost:55177/
22:43:29.748 [Thread-287] DEBUG o.s.c.c.DataBufferEncoder - [57b877aa] Writing 4096 bytes
22:43:29.750 [Thread-287] DEBUG o.s.c.c.DataBufferEncoder - [57b877aa] Writing 4096 bytes
22:43:29.750 [Thread-287] DEBUG o.s.c.c.DataBufferEncoder - [57b877aa] Writing 4096 bytes
22:43:29.750 [Thread-287] DEBUG o.s.c.c.DataBufferEncoder - [57b877aa] Writing 4096 bytes
22:43:29.750 [Thread-287] DEBUG o.s.c.c.DataBufferEncoder - [57b877aa] Writing 4096 bytes
22:43:29.750 [Thread-287] DEBUG o.s.c.c.DataBufferEncoder - [57b877aa] Writing 4096 bytes
22:43:29.750 [Thread-287] DEBUG o.s.c.c.DataBufferEncoder - [57b877aa] Writing 4096 bytes
22:43:29.750 [Thread-287] DEBUG o.s.c.c.DataBufferEncoder - [57b877aa] Writing 4096 bytes
22:43:29.750 [Thread-287] DEBUG o.s.c.c.DataBufferEncoder - [57b877aa] Writing 4096 bytes
22:43:29.750 [Thread-287] DEBUG o.s.c.c.DataBufferEncoder - [57b877aa] Writing 4096 bytes
22:43:29.750 [Thread-287] DEBUG o.s.c.c.DataBufferEncoder - [57b877aa] Writing 4096 bytes
22:43:29.751 [Thread-287] DEBUG o.s.c.c.DataBufferEncoder - [57b877aa] Writing 4096 bytes
22:43:29.751 [Thread-287] DEBUG o.s.c.c.DataBufferEncoder - [57b877aa] Writing 4096 bytes
22:43:29.751 [Thread-287] DEBUG o.s.c.c.DataBufferEncoder - [57b877aa] Writing 4096 bytes
22:43:29.751 [Thread-287] DEBUG o.s.c.c.DataBufferEncoder - [57b877aa] Writing 4096 bytes
22:43:29.751 [Thread-287] DEBUG o.s.c.c.DataBufferEncoder - [57b877aa] Writing 4096 bytes
22:43:29.751 [Thread-287] DEBUG o.s.c.c.DataBufferEncoder - [57b877aa] Writing 4096 bytes
22:43:29.751 [Thread-287] DEBUG o.s.c.c.DataBufferEncoder - [57b877aa] Writing 4096 bytes
22:43:29.751 [Thread-287] DEBUG o.s.c.c.DataBufferEncoder - [57b877aa] Writing 4096 bytes
22:43:29.751 [Thread-287] DEBUG o.s.c.c.DataBufferEncoder - [57b877aa] Writing 4096 bytes
22:43:29.751 [Thread-287] DEBUG o.s.c.c.DataBufferEncoder - [57b877aa] Writing 4096 bytes
22:43:29.751 [Thread-287] DEBUG o.s.c.c.DataBufferEncoder - [57b877aa] Writing 4096 bytes
22:43:29.751 [Thread-287] DEBUG o.s.c.c.DataBufferEncoder - [57b877aa] Writing 4096 bytes
22:43:29.751 [Thread-287] DEBUG o.s.c.c.DataBufferEncoder - [57b877aa] Writing 4096 bytes
22:43:29.752 [Thread-287] DEBUG o.s.c.c.DataBufferEncoder - [57b877aa] Writing 4096 bytes
22:43:29.752 [Thread-287] DEBUG o.s.c.c.DataBufferEncoder - [57b877aa] Writing 4096 bytes
22:43:29.752 [Thread-287] DEBUG o.s.c.c.DataBufferEncoder - [57b877aa] Writing 4096 bytes
22:43:29.752 [Thread-287] DEBUG o.s.c.c.DataBufferEncoder - [57b877aa] Writing 4096 bytes
22:43:29.752 [Thread-287] DEBUG o.s.c.c.DataBufferEncoder - [57b877aa] Writing 4096 bytes
22:43:29.752 [Thread-287] DEBUG o.s.c.c.DataBufferEncoder - [57b877aa] Writing 4096 bytes
22:43:29.752 [Thread-287] DEBUG o.s.c.c.DataBufferEncoder - [57b877aa] Writing 4096 bytes
22:43:29.752 [Thread-288] DEBUG o.s.c.c.DataBufferEncoder - [57b877aa] Writing 4096 bytes
22:43:29.752 [Thread-287] DEBUG o.s.c.c.DataBufferEncoder - [57b877aa] Writing 4096 bytes
22:43:29.752 [Thread-288] DEBUG o.s.c.c.DataBufferEncoder - [57b877aa] Writing 4096 bytes
22:43:29.752 [Thread-287] DEBUG o.s.c.c.DataBufferEncoder - [57b877aa] Writing 4096 bytes
22:43:29.752 [Thread-288] DEBUG o.s.c.c.DataBufferEncoder - [57b877aa] Writing 4096 bytes
22:43:29.752 [Thread-287] DEBUG o.s.c.c.DataBufferEncoder - [57b877aa] Writing 4096 bytes
22:43:29.752 [Thread-288] DEBUG o.s.c.c.DataBufferEncoder - [57b877aa] Writing 4096 bytes
22:43:29.752 [Thread-287] DEBUG o.s.c.c.DataBufferEncoder - [57b877aa] Writing 4096 bytes
22:43:29.753 [Thread-288] DEBUG o.s.c.c.DataBufferEncoder - [57b877aa] Writing 4096 bytes
22:43:29.753 [Thread-287] DEBUG o.s.c.c.DataBufferEncoder - [57b877aa] Writing 4096 bytes
22:43:29.753 [Thread-288] DEBUG o.s.c.c.DataBufferEncoder - [57b877aa] Writing 4096 bytes
22:43:29.753 [Thread-287] DEBUG o.s.c.c.DataBufferEncoder - [57b877aa] Writing 4096 bytes
22:43:29.753 [Thread-288] DEBUG o.s.c.c.DataBufferEncoder - [57b877aa] Writing 4096 bytes
22:43:29.753 [Thread-287] DEBUG o.s.c.c.DataBufferEncoder - [57b877aa] Writing 4096 bytes
22:43:29.753 [Thread-288] DEBUG o.s.c.c.DataBufferEncoder - [57b877aa] Writing 4096 bytes
22:43:29.753 [Thread-287] DEBUG o.s.c.c.DataBufferEncoder - [57b877aa] Writing 4096 bytes
22:43:29.753 [Thread-288] DEBUG o.s.c.c.DataBufferEncoder - [57b877aa] Writing 4096 bytes
22:43:29.753 [Thread-287] DEBUG o.s.c.c.DataBufferEncoder - [57b877aa] Writing 4096 bytes
22:43:29.753 [Thread-288] DEBUG o.s.c.c.DataBufferEncoder - [57b877aa] Writing 4096 bytes
22:43:29.753 [Thread-287] DEBUG o.s.c.c.DataBufferEncoder - [57b877aa] Writing 4096 bytes
22:43:29.753 [Thread-288] DEBUG o.s.c.c.DataBufferEncoder - [57b877aa] Writing 4096 bytes
22:43:29.753 [Thread-287] DEBUG o.s.c.c.DataBufferEncoder - [57b877aa] Writing 4096 bytes
22:43:29.754 [Thread-288] DEBUG o.s.c.c.DataBufferEncoder - [57b877aa] Writing 4096 bytes
22:43:29.754 [Thread-287] DEBUG o.s.c.c.DataBufferEncoder - [57b877aa] Writing 4096 bytes
22:43:29.754 [Thread-288] DEBUG o.s.c.c.DataBufferEncoder - [57b877aa] Writing 4096 bytes
22:43:29.754 [Thread-287] DEBUG o.s.c.c.DataBufferEncoder - [57b877aa] Writing 4096 bytes
22:43:29.754 [Thread-288] DEBUG o.s.c.c.DataBufferEncoder - [57b877aa] Writing 4096 bytes
22:43:29.754 [Thread-287] DEBUG o.s.c.c.DataBufferEncoder - [57b877aa] Writing 4096 bytes
22:43:29.754 [Thread-288] DEBUG o.s.c.c.DataBufferEncoder - [57b877aa] Writing 4096 bytes
22:43:29.754 [Thread-287] DEBUG o.s.c.c.DataBufferEncoder - [57b877aa] Writing 4096 bytes
22:43:29.754 [Thread-288] DEBUG o.s.c.c.DataBufferEncoder - [57b877aa] Writing 4096 bytes
22:43:29.754 [Thread-287] DEBUG o.s.c.c.DataBufferEncoder - [57b877aa] Writing 4096 bytes
22:43:29.754 [Thread-288] DEBUG o.s.c.c.DataBufferEncoder - [57b877aa] Writing 4096 bytes
22:43:29.754 [Thread-287] DEBUG o.s.c.c.DataBufferEncoder - [57b877aa] Writing 4096 bytes
22:43:29.754 [Thread-288] DEBUG o.s.c.c.DataBufferEncoder - [57b877aa] Writing 4096 bytes
22:43:29.755 [Thread-287] DEBUG o.s.c.c.DataBufferEncoder - [57b877aa] Writing 4096 bytes
22:43:29.755 [Thread-288] DEBUG o.s.c.c.DataBufferEncoder - [57b877aa] Writing 4096 bytes
22:43:29.755 [Thread-287] DEBUG o.s.c.c.DataBufferEncoder - [57b877aa] Writing 4096 bytes
22:43:29.755 [Thread-288] DEBUG o.s.c.c.DataBufferEncoder - [57b877aa] Writing 4096 bytes
22:43:29.755 [Thread-287] DEBUG o.s.c.c.DataBufferEncoder - [57b877aa] Writing 4096 bytes
22:43:29.755 [Thread-288] DEBUG o.s.c.c.DataBufferEncoder - [57b877aa] Writing 4096 bytes
22:43:29.755 [Thread-287] DEBUG o.s.c.c.DataBufferEncoder - [57b877aa] Writing 4096 bytes
22:43:29.755 [Thread-288] DEBUG o.s.c.c.DataBufferEncoder - [57b877aa] Writing 4096 bytes
22:43:29.755 [Thread-287] DEBUG o.s.c.c.DataBufferEncoder - [57b877aa] Writing 4096 bytes
22:43:29.755 [Thread-288] DEBUG o.s.c.c.DataBufferEncoder - [57b877aa] Writing 4096 bytes
22:43:29.755 [Thread-287] DEBUG o.s.c.c.DataBufferEncoder - [57b877aa] Writing 4096 bytes
22:43:29.755 [Thread-288] DEBUG o.s.c.c.DataBufferEncoder - [57b877aa] Writing 4096 bytes
22:43:29.755 [Thread-287] DEBUG o.s.c.c.DataBufferEncoder - [57b877aa] Writing 4096 bytes
22:43:29.755 [Thread-288] DEBUG o.s.c.c.DataBufferEncoder - [57b877aa] Writing 4096 bytes
22:43:29.756 [Thread-287] DEBUG o.s.c.c.DataBufferEncoder - [57b877aa] Writing 4096 bytes
22:43:29.756 [Thread-288] DEBUG o.s.c.c.DataBufferEncoder - [57b877aa] Writing 4096 bytes
22:43:29.756 [Thread-287] DEBUG o.s.c.c.DataBufferEncoder - [57b877aa] Writing 4096 bytes
22:43:29.756 [Thread-288] DEBUG o.s.c.c.DataBufferEncoder - [57b877aa] Writing 4096 bytes
22:43:29.756 [Thread-287] DEBUG o.s.c.c.DataBufferEncoder - [57b877aa] Writing 4096 bytes
22:43:29.756 [Thread-288] DEBUG o.s.c.c.DataBufferEncoder - [57b877aa] Writing 4096 bytes
22:43:29.756 [Thread-287] DEBUG o.s.c.c.DataBufferEncoder - [57b877aa] Writing 4096 bytes
22:43:29.756 [Thread-288] DEBUG o.s.c.c.DataBufferEncoder - [57b877aa] Writing 4096 bytes
22:43:29.756 [Thread-287] DEBUG o.s.c.c.DataBufferEncoder - [57b877aa] Writing 4096 bytes
22:43:29.756 [Thread-288] DEBUG o.s.c.c.DataBufferEncoder - [57b877aa] Writing 4096 bytes
22:43:29.756 [Thread-287] DEBUG o.s.c.c.DataBufferEncoder - [57b877aa] Writing 4096 bytes
22:43:29.756 [Thread-288] DEBUG o.s.c.c.DataBufferEncoder - [57b877aa] Writing 4096 bytes
22:43:29.756 [Thread-287] DEBUG o.s.c.c.DataBufferEncoder - [57b877aa] Writing 4096 bytes
22:43:29.756 [Thread-288] DEBUG o.s.c.c.DataBufferEncoder - [57b877aa] Writing 4096 bytes
22:43:29.757 [Thread-287] DEBUG o.s.c.c.DataBufferEncoder - [57b877aa] Writing 4096 bytes
22:43:29.757 [Thread-288] DEBUG o.s.c.c.DataBufferEncoder - [57b877aa] Writing 4096 bytes
22:43:29.757 [Thread-287] DEBUG o.s.c.c.DataBufferEncoder - [57b877aa] Writing 4096 bytes
22:43:29.757 [Thread-288] DEBUG o.s.c.c.DataBufferEncoder - [57b877aa] Writing 4096 bytes
22:43:29.757 [Thread-287] DEBUG o.s.c.c.DataBufferEncoder - [57b877aa] Writing 4096 bytes
22:43:29.757 [Thread-288] DEBUG o.s.c.c.DataBufferEncoder - [57b877aa] Writing 4096 bytes
22:43:29.757 [Thread-287] DEBUG o.s.c.c.DataBufferEncoder - [57b877aa] Writing 4096 bytes
22:43:29.757 [Thread-288] DEBUG o.s.c.c.DataBufferEncoder - [57b877aa] Writing 4096 bytes
22:43:29.757 [Thread-287] DEBUG o.s.c.c.DataBufferEncoder - [57b877aa] Writing 4096 bytes
22:43:29.757 [Thread-288] DEBUG o.s.c.c.DataBufferEncoder - [57b877aa] Writing 4096 bytes
22:43:29.757 [Thread-287] DEBUG o.s.c.c.DataBufferEncoder - [57b877aa] Writing 4096 bytes
22:43:29.757 [Thread-288] DEBUG o.s.c.c.DataBufferEncoder - [57b877aa] Writing 4096 bytes
22:43:29.757 [Thread-287] DEBUG o.s.c.c.DataBufferEncoder - [57b877aa] Writing 4096 bytes
22:43:29.757 [Thread-288] DEBUG o.s.c.c.DataBufferEncoder - [57b877aa] Writing 4096 bytes
22:43:29.758 [Thread-287] DEBUG o.s.c.c.DataBufferEncoder - [57b877aa] Writing 4096 bytes
22:43:29.758 [Thread-288] DEBUG o.s.c.c.DataBufferEncoder - [57b877aa] Writing 4096 bytes
22:43:29.758 [Thread-287] DEBUG o.s.c.c.DataBufferEncoder - [57b877aa] Writing 4096 bytes
22:43:29.758 [Thread-288] DEBUG o.s.c.c.DataBufferEncoder - [57b877aa] Writing 4096 bytes
22:43:29.758 [Thread-287] DEBUG o.s.c.c.DataBufferEncoder - [57b877aa] Writing 4096 bytes
22:43:29.758 [Thread-288] DEBUG o.s.c.c.DataBufferEncoder - [57b877aa] Writing 4096 bytes
22:43:29.758 [Thread-287] DEBUG o.s.c.c.DataBufferEncoder - [57b877aa] Writing 4096 bytes
22:43:29.758 [Thread-288] DEBUG o.s.c.c.DataBufferEncoder - [57b877aa] Writing 4096 bytes
22:43:29.758 [Thread-287] DEBUG o.s.c.c.DataBufferEncoder - [57b877aa] Writing 4096 bytes
22:43:29.758 [Thread-288] DEBUG o.s.c.c.DataBufferEncoder - [57b877aa] Writing 4096 bytes
22:43:29.758 [Thread-287] DEBUG o.s.c.c.DataBufferEncoder - [57b877aa] Writing 4096 bytes
22:43:29.758 [Thread-288] DEBUG o.s.c.c.DataBufferEncoder - [57b877aa] Writing 4096 bytes
22:43:29.758 [Thread-287] DEBUG o.s.c.c.DataBufferEncoder - [57b877aa] Writing 4096 bytes
22:43:29.758 [Thread-288] DEBUG o.s.c.c.DataBufferEncoder - [57b877aa] Writing 4096 bytes
22:43:29.759 [Thread-287] DEBUG o.s.c.c.DataBufferEncoder - [57b877aa] Writing 4096 bytes
22:43:29.759 [Thread-288] DEBUG o.s.c.c.DataBufferEncoder - [57b877aa] Writing 4096 bytes
22:43:29.759 [Thread-287] DEBUG o.s.c.c.DataBufferEncoder - [57b877aa] Writing 4096 bytes
22:43:29.759 [Thread-288] DEBUG o.s.c.c.DataBufferEncoder - [57b877aa] Writing 4096 bytes
22:43:29.759 [Thread-287] DEBUG o.s.c.c.DataBufferEncoder - [57b877aa] Writing 4096 bytes
22:43:29.759 [Thread-288] DEBUG o.s.c.c.DataBufferEncoder - [57b877aa] Writing 4096 bytes
22:43:29.759 [Thread-287] DEBUG o.s.c.c.DataBufferEncoder - [57b877aa] Writing 4096 bytes
22:43:29.759 [Thread-288] DEBUG o.s.c.c.DataBufferEncoder - [57b877aa] Writing 4096 bytes
22:43:29.759 [Thread-287] DEBUG o.s.c.c.DataBufferEncoder - [57b877aa] Writing 4096 bytes
22:43:29.759 [Thread-288] DEBUG o.s.c.c.DataBufferEncoder - [57b877aa] Writing 4096 bytes
22:43:29.759 [Thread-287] DEBUG o.s.c.c.DataBufferEncoder - [57b877aa] Writing 4096 bytes
22:43:29.759 [Thread-288] DEBUG o.s.c.c.DataBufferEncoder - [57b877aa] Writing 4096 bytes
22:43:29.760 [Thread-287] DEBUG o.s.c.c.DataBufferEncoder - [57b877aa] Writing 4096 bytes
22:43:29.760 [Thread-288] DEBUG o.s.c.c.DataBufferEncoder - [57b877aa] Writing 4096 bytes
22:43:29.760 [Thread-287] DEBUG o.s.c.c.DataBufferEncoder - [57b877aa] Writing 4096 bytes
22:43:29.760 [Thread-288] DEBUG o.s.c.c.DataBufferEncoder - [57b877aa] Writing 4096 bytes
22:43:29.760 [Thread-287] DEBUG o.s.c.c.DataBufferEncoder - [57b877aa] Writing 4096 bytes
22:43:29.760 [Thread-288] DEBUG o.s.c.c.DataBufferEncoder - [57b877aa] Writing 4096 bytes
22:43:29.760 [Thread-287] DEBUG o.s.c.c.DataBufferEncoder - [57b877aa] Writing 4096 bytes
22:43:29.760 [Thread-288] DEBUG o.s.c.c.DataBufferEncoder - [57b877aa] Writing 4096 bytes
22:43:29.760 [Thread-287] DEBUG o.s.c.c.DataBufferEncoder - [57b877aa] Writing 4096 bytes
22:43:29.760 [Thread-288] DEBUG o.s.c.c.DataBufferEncoder - [57b877aa] Writing 4096 bytes
22:43:29.760 [Thread-287] DEBUG o.s.c.c.DataBufferEncoder - [57b877aa] Writing 4096 bytes
22:43:29.760 [Thread-288] DEBUG o.s.c.c.DataBufferEncoder - [57b877aa] Writing 4096 bytes
22:43:29.761 [Thread-287] DEBUG o.s.c.c.DataBufferEncoder - [57b877aa] Writing 4096 bytes
22:43:29.761 [Thread-288] DEBUG o.s.c.c.DataBufferEncoder - [57b877aa] Writing 4096 bytes
22:43:29.761 [Thread-287] DEBUG o.s.c.c.DataBufferEncoder - [57b877aa] Writing 4096 bytes
22:43:29.761 [Thread-288] DEBUG o.s.c.c.DataBufferEncoder - [57b877aa] Writing 4096 bytes
22:43:29.761 [Thread-287] DEBUG o.s.c.c.DataBufferEncoder - [57b877aa] Writing 4096 bytes
22:43:29.761 [Thread-288] DEBUG o.s.c.c.DataBufferEncoder - [57b877aa] Writing 4096 bytes
22:43:29.761 [Thread-287] DEBUG o.s.c.c.DataBufferEncoder - [57b877aa] Writing 4096 bytes
22:43:29.761 [Thread-288] DEBUG o.s.c.c.DataBufferEncoder - [57b877aa] Writing 4096 bytes
22:43:29.761 [Thread-287] DEBUG o.s.c.c.DataBufferEncoder - [57b877aa] Writing 4096 bytes
22:43:29.761 [Thread-288] DEBUG o.s.c.c.DataBufferEncoder - [57b877aa] Writing 4096 bytes
22:43:29.761 [Thread-287] DEBUG o.s.c.c.DataBufferEncoder - [57b877aa] Writing 4096 bytes
22:43:29.761 [Thread-288] DEBUG o.s.c.c.DataBufferEncoder - [57b877aa] Writing 4096 bytes
22:43:29.761 [Thread-287] DEBUG o.s.c.c.DataBufferEncoder - [57b877aa] Writing 4096 bytes
22:43:29.761 [Thread-288] DEBUG o.s.c.c.DataBufferEncoder - [57b877aa] Writing 4096 bytes
22:43:29.761 [Thread-287] DEBUG o.s.c.c.DataBufferEncoder - [57b877aa] Writing 4096 bytes
22:43:29.762 [Thread-288] DEBUG o.s.c.c.DataBufferEncoder - [57b877aa] Writing 4096 bytes
22:43:29.762 [Thread-287] DEBUG o.s.c.c.DataBufferEncoder - [57b877aa] Writing 4096 bytes
22:43:29.762 [Thread-288] DEBUG o.s.c.c.DataBufferEncoder - [57b877aa] Writing 4096 bytes
22:43:29.762 [Thread-287] DEBUG o.s.c.c.DataBufferEncoder - [57b877aa] Writing 4096 bytes
22:43:29.762 [Thread-288] DEBUG o.s.c.c.DataBufferEncoder - [57b877aa] Writing 4096 bytes
22:43:29.762 [Thread-287] DEBUG o.s.c.c.DataBufferEncoder - [57b877aa] Writing 4096 bytes
22:43:29.762 [Thread-288] DEBUG o.s.c.c.DataBufferEncoder - [57b877aa] Writing 4096 bytes
22:43:29.762 [Thread-287] DEBUG o.s.c.c.DataBufferEncoder - [57b877aa] Writing 4096 bytes
22:43:29.762 [Thread-288] DEBUG o.s.c.c.DataBufferEncoder - [57b877aa] Writing 4096 bytes
22:43:29.762 [Thread-287] DEBUG o.s.c.c.DataBufferEncoder - [57b877aa] Writing 4096 bytes
22:43:29.762 [Thread-288] DEBUG o.s.c.c.DataBufferEncoder - [57b877aa] Writing 4096 bytes
22:43:29.763 [Thread-287] DEBUG o.s.c.c.DataBufferEncoder - [57b877aa] Writing 4096 bytes
22:43:29.763 [Thread-288] DEBUG o.s.c.c.DataBufferEncoder - [57b877aa] Writing 4096 bytes
22:43:29.763 [Thread-287] DEBUG o.s.c.c.DataBufferEncoder - [57b877aa] Writing 4096 bytes
22:43:29.763 [Thread-288] DEBUG o.s.c.c.DataBufferEncoder - [57b877aa] Writing 4096 bytes
22:43:29.763 [Thread-287] DEBUG o.s.c.c.DataBufferEncoder - [57b877aa] Writing 4096 bytes
22:43:29.763 [Thread-288] DEBUG o.s.c.c.DataBufferEncoder - [57b877aa] Writing 4096 bytes
22:43:29.763 [Thread-287] DEBUG o.s.c.c.DataBufferEncoder - [57b877aa] Writing 4096 bytes
22:43:29.763 [Thread-288] DEBUG o.s.c.c.DataBufferEncoder - [57b877aa] Writing 4096 bytes
22:43:29.763 [Thread-287] DEBUG o.s.c.c.DataBufferEncoder - [57b877aa] Writing 4096 bytes
22:43:29.763 [Thread-288] DEBUG o.s.c.c.DataBufferEncoder - [57b877aa] Writing 4096 bytes
22:43:29.763 [Thread-287] DEBUG o.s.c.c.DataBufferEncoder - [57b877aa] Writing 4096 bytes
22:43:29.763 [Thread-288] DEBUG o.s.c.c.DataBufferEncoder - [57b877aa] Writing 4096 bytes
22:43:29.763 [Thread-287] DEBUG o.s.c.c.DataBufferEncoder - [57b877aa] Writing 4096 bytes
22:43:29.763 [Thread-288] DEBUG o.s.c.c.DataBufferEncoder - [57b877aa] Writing 4096 bytes
22:43:29.763 [Thread-287] DEBUG o.s.c.c.DataBufferEncoder - [57b877aa] Writing 4096 bytes
22:43:29.764 [Thread-288] DEBUG o.s.c.c.DataBufferEncoder - [57b877aa] Writing 4096 bytes
22:43:29.764 [Thread-287] DEBUG o.s.c.c.DataBufferEncoder - [57b877aa] Writing 4096 bytes
22:43:29.764 [Thread-288] DEBUG o.s.c.c.DataBufferEncoder - [57b877aa] Writing 4096 bytes
22:43:29.764 [Thread-287] DEBUG o.s.c.c.DataBufferEncoder - [57b877aa] Writing 4096 bytes
22:43:29.764 [Thread-288] DEBUG o.s.c.c.DataBufferEncoder - [57b877aa] Writing 4096 bytes
22:43:29.764 [Thread-287] DEBUG o.s.c.c.DataBufferEncoder - [57b877aa] Writing 4096 bytes
22:43:29.764 [Thread-288] DEBUG o.s.c.c.DataBufferEncoder - [57b877aa] Writing 4096 bytes
22:43:29.764 [Thread-287] DEBUG o.s.c.c.DataBufferEncoder - [57b877aa] Writing 4096 bytes
22:43:29.764 [Thread-288] DEBUG o.s.c.c.DataBufferEncoder - [57b877aa] Writing 4096 bytes
22:43:29.764 [Thread-287] DEBUG o.s.c.c.DataBufferEncoder - [57b877aa] Writing 4096 bytes
22:43:29.764 [Thread-288] DEBUG o.s.c.c.DataBufferEncoder - [57b877aa] Writing 4096 bytes
22:43:29.764 [Thread-287] DEBUG o.s.c.c.DataBufferEncoder - [57b877aa] Writing 4096 bytes
22:43:29.764 [Thread-288] DEBUG o.s.c.c.DataBufferEncoder - [57b877aa] Writing 4096 bytes
22:43:29.764 [Thread-287] DEBUG o.s.c.c.DataBufferEncoder - [57b877aa] Writing 4096 bytes
22:43:29.764 [Thread-288] DEBUG o.s.c.c.DataBufferEncoder - [57b877aa] Writing 4096 bytes
22:43:29.764 [Thread-287] DEBUG o.s.c.c.DataBufferEncoder - [57b877aa] Writing 4096 bytes
22:43:29.765 [Thread-288] DEBUG o.s.c.c.DataBufferEncoder - [57b877aa] Writing 4096 bytes
22:43:29.765 [Thread-287] DEBUG o.s.c.c.DataBufferEncoder - [57b877aa] Writing 4096 bytes
22:43:29.765 [Thread-288] DEBUG o.s.c.c.DataBufferEncoder - [57b877aa] Writing 4096 bytes
22:43:29.765 [Thread-287] DEBUG o.s.c.c.DataBufferEncoder - [57b877aa] Writing 4096 bytes
22:43:29.765 [Thread-288] DEBUG o.s.c.c.DataBufferEncoder - [57b877aa] Writing 4096 bytes
22:43:29.765 [Thread-287] DEBUG o.s.c.c.DataBufferEncoder - [57b877aa] Writing 4096 bytes
22:43:29.765 [Thread-288] DEBUG o.s.c.c.DataBufferEncoder - [57b877aa] Writing 4096 bytes
22:43:29.765 [Thread-287] DEBUG o.s.c.c.DataBufferEncoder - [57b877aa] Writing 4096 bytes
22:43:29.765 [Thread-288] DEBUG o.s.c.c.DataBufferEncoder - [57b877aa] Writing 4096 bytes
22:43:29.765 [Thread-287] DEBUG o.s.c.c.DataBufferEncoder - [57b877aa] Writing 4096 bytes
22:43:29.765 [Thread-288] DEBUG o.s.c.c.DataBufferEncoder - [57b877aa] Writing 4096 bytes
22:43:29.765 [Thread-287] DEBUG o.s.c.c.DataBufferEncoder - [57b877aa] Writing 4096 bytes
22:43:29.765 [Thread-288] DEBUG o.s.c.c.DataBufferEncoder - [57b877aa] Writing 4096 bytes
22:43:29.765 [Thread-287] DEBUG o.s.c.c.DataBufferEncoder - [57b877aa] Writing 4096 bytes
22:43:29.765 [Thread-288] DEBUG o.s.c.c.DataBufferEncoder - [57b877aa] Writing 4096 bytes
22:43:29.766 [Thread-287] DEBUG o.s.c.c.DataBufferEncoder - [57b877aa] Writing 4096 bytes
22:43:29.766 [Thread-288] DEBUG o.s.c.c.DataBufferEncoder - [57b877aa] Writing 4096 bytes
22:43:29.766 [Thread-287] DEBUG o.s.c.c.DataBufferEncoder - [57b877aa] Writing 4096 bytes
22:43:29.766 [Thread-288] DEBUG o.s.c.c.DataBufferEncoder - [57b877aa] Writing 4096 bytes
22:43:29.766 [Thread-287] DEBUG o.s.c.c.DataBufferEncoder - [57b877aa] Writing 4096 bytes
22:43:29.766 [Thread-288] DEBUG o.s.c.c.DataBufferEncoder - [57b877aa] Writing 4096 bytes
22:43:29.766 [Thread-287] DEBUG o.s.c.c.DataBufferEncoder - [57b877aa] Writing 4096 bytes
22:43:29.766 [Thread-288] DEBUG o.s.c.c.DataBufferEncoder - [57b877aa] Writing 4096 bytes
22:43:29.766 [Thread-287] DEBUG o.s.c.c.DataBufferEncoder - [57b877aa] Writing 4096 bytes
22:43:29.766 [Thread-288] DEBUG o.s.c.c.DataBufferEncoder - [57b877aa] Writing 4096 bytes
22:43:29.766 [Thread-287] DEBUG o.s.c.c.DataBufferEncoder - [57b877aa] Writing 4096 bytes
22:43:29.766 [Thread-288] DEBUG o.s.c.c.DataBufferEncoder - [57b877aa] Writing 4096 bytes
22:43:29.766 [Thread-287] DEBUG o.s.c.c.DataBufferEncoder - [57b877aa] Writing 4096 bytes
22:43:29.767 [Thread-288] DEBUG o.s.c.c.DataBufferEncoder - [57b877aa] Writing 2206 bytes
22:43:29.769 [HttpClient@7c87379e-7313] DEBUG o.s.w.r.f.c.ExchangeFunctions - [57b877aa] Response 200 OK
22:43:29.772 [Test worker] DEBUG o.s.w.r.f.c.ExchangeFunctions - [6a7f8f7c] HTTP GET http://localhost:55179/greeting?name=Spring
22:43:29.782 [HttpClient@7c87379e-7318] DEBUG o.s.w.r.f.c.ExchangeFunctions - [6a7f8f7c] Response 200 OK
22:43:29.783 [HttpClient@7c87379e-7318] DEBUG o.s.c.c.StringDecoder - [6a7f8f7c] Decoded "Hello Spring!"
22:43:29.786 [Test worker] DEBUG o.s.w.r.f.c.ExchangeFunctions - [1c9df676] HTTP GET http://localhost:55181/greeting?name=Spring
22:43:29.788 [reactor-http-nio-4] DEBUG o.s.w.r.f.c.ExchangeFunctions - [1c9df676] Response 200 OK
22:43:29.788 [reactor-http-nio-4] DEBUG o.s.w.r.f.c.ExchangeFunctions - [1c9df676] Cancel signal (to close connection)
22:43:29.788 [Test worker] DEBUG o.s.w.r.f.c.ExchangeFunctions - [77c76013] HTTP GET http://localhost:55181/greeting?name=Spring
22:43:29.790 [reactor-http-nio-4] DEBUG o.s.w.r.f.c.ExchangeFunctions - [77c76013] Response 200 OK
22:43:29.790 [reactor-http-nio-4] DEBUG o.s.c.c.StringDecoder - [77c76013] Decoded "Hello Spring!"
22:43:29.791 [Test worker] DEBUG o.s.w.r.f.c.ExchangeFunctions - [6f4ae642] HTTP GET http://localhost:55183/json
22:43:29.793 [reactor-http-nio-9] DEBUG o.s.w.r.f.c.ExchangeFunctions - [6f4ae642] Response 200 OK
22:43:29.793 [reactor-http-nio-9] DEBUG o.s.h.c.j.Jackson2JsonDecoder - [6f4ae642] Decoded [Pojo[foo='foo1', bar='bar1']]
22:43:29.793 [reactor-http-nio-9] DEBUG o.s.h.c.j.Jackson2JsonDecoder - [6f4ae642] Decoded [Pojo[foo='foo2', bar='bar2']]
22:43:29.794 [Test worker] DEBUG o.s.w.r.f.c.ExchangeFunctions - [4494355d] HTTP GET http://localhost:55185/greeting?name=Spring
22:43:29.796 [reactor-http-nio-13] DEBUG o.s.w.r.f.c.ExchangeFunctions - [4494355d] Response 200 OK
22:43:29.797 [Test worker] DEBUG o.s.w.r.f.c.ExchangeFunctions - [5156445d] HTTP GET http://localhost:55187/greeting?name=Spring
22:43:29.798 [reactor-http-nio-1] DEBUG o.s.w.r.f.c.ExchangeFunctions - [5156445d] Response 200 OK
22:43:29.798 [reactor-http-nio-1] DEBUG o.s.c.c.StringDecoder - [5156445d] Decoded "Hello Spring!"
22:43:29.799 [Test worker] DEBUG o.s.w.r.f.c.ExchangeFunctions - [53142851] HTTP GET http://localhost:55189/greeting?name=Spring
22:43:29.801 [reactor-http-nio-5] DEBUG o.s.w.r.f.c.ExchangeFunctions - [53142851] Response 404 NOT_FOUND
22:43:29.802 [Test worker] DEBUG o.s.w.r.f.c.ExchangeFunctions - [6ff4dc1a] HTTP GET http://localhost:55191/json
22:43:29.803 [reactor-http-nio-9] DEBUG o.s.w.r.f.c.ExchangeFunctions - [6ff4dc1a] Response 200 OK
22:43:29.803 [reactor-http-nio-9] DEBUG o.s.c.c.StringDecoder - [6ff4dc1a] Decoded "{"bar":"barbar","foo":"foofoo"}"
22:43:29.804 [Test worker] DEBUG o.s.w.r.f.c.ExchangeFunctions - [553f0973] HTTP GET http://localhost:55193/json
22:43:29.805 [reactor-http-nio-13] DEBUG o.s.w.r.f.c.ExchangeFunctions - [553f0973] Response 200 OK
22:43:29.805 [reactor-http-nio-13] DEBUG o.s.h.c.j.Jackson2JsonDecoder - [553f0973] Decoded [org.springframework.web.reactive.function.client.WebClientIntegrationTests$ValueContainer@359d62a2]
22:43:29.806 [Test worker] DEBUG o.s.w.r.f.c.ExchangeFunctions - [8bee624] HTTP GET http://localhost:55195/greeting?name=Spring
22:43:29.807 [reactor-http-nio-1] DEBUG o.s.w.r.f.c.ExchangeFunctions - [8bee624] Response 404 NOT_FOUND
22:43:29.808 [reactor-http-nio-1] DEBUG o.s.c.c.StringDecoder - [8bee624] Decoded "Not Found"
22:43:29.808 [Test worker] DEBUG o.s.w.r.f.c.ExchangeFunctions - [5ddfaf43] HTTP GET http://localhost:55197/pojos
22:43:29.810 [reactor-http-nio-5] DEBUG o.s.w.r.f.c.ExchangeFunctions - [5ddfaf43] Response 200 OK
22:43:29.810 [reactor-http-nio-5] DEBUG o.s.h.c.j.Jackson2JsonDecoder - [5ddfaf43] Decoded [Pojo[foo='foo1', bar='bar1']]
22:43:29.810 [reactor-http-nio-5] DEBUG o.s.h.c.j.Jackson2JsonDecoder - [5ddfaf43] Decoded [Pojo[foo='foo2', bar='bar2']]
22:43:29.811 [Test worker] DEBUG o.s.w.r.f.c.ExchangeFunctions - [7ca238e8] HTTP POST http://localhost:55199/pojo/capitalize
22:43:29.812 [reactor-http-nio-9] DEBUG o.s.h.c.j.Jackson2JsonEncoder - [7ca238e8] Encoding [Pojo[foo='foofoo', bar='barbar']]
22:43:29.818 [reactor-http-nio-9] DEBUG o.s.w.r.f.c.ExchangeFunctions - [7ca238e8] Response 200 OK
22:43:29.818 [reactor-http-nio-9] DEBUG o.s.h.c.j.Jackson2JsonDecoder - [7ca238e8] Decoded [Pojo[foo='FOOFOO', bar='BARBAR']]
22:43:29.819 [Test worker] DEBUG o.s.w.r.f.c.ExchangeFunctions - [1e464d3d] HTTP GET http://localhost:55201/greeting?name=Spring
22:43:29.821 [reactor-http-nio-13] DEBUG o.s.w.r.f.c.ExchangeFunctions - [1e464d3d] Response 200 OK
22:43:29.821 [reactor-http-nio-13] DEBUG o.s.c.c.StringDecoder - [1e464d3d] Decoded "Hello Spring!"
22:43:29.822 [Test worker] DEBUG o.s.w.r.f.c.ExchangeFunctions - [6307ea35] HTTP GET http://localhost:55203/unknownPage
22:43:29.823 [reactor-http-nio-1] DEBUG o.s.w.r.f.c.ExchangeFunctions - [6307ea35] Response 555
22:43:29.824 [Test worker] DEBUG o.s.w.r.f.c.ExchangeFunctions - [6ba33778] HTTP GET http://localhost:55205/noContent
22:43:29.825 [reactor-http-nio-5] DEBUG o.s.w.r.f.c.ExchangeFunctions - [6ba33778] Response 200 OK
22:43:29.826 [Test worker] DEBUG o.s.w.r.f.c.ExchangeFunctions - [46e4c714] HTTP GET /api/v4/groups/1
22:43:29.827 [Test worker] DEBUG o.s.w.r.f.c.ExchangeFunctions - [7afb442e] HTTP GET http://localhost:55208/unknownPage
22:43:29.828 [reactor-http-nio-9] DEBUG o.s.w.r.f.c.ExchangeFunctions - [7afb442e] Response 555
22:43:29.829 [Test worker] DEBUG o.s.w.r.f.c.ExchangeFunctions - [5f4c67d2] HTTP GET http://localhost:55210/pojo
22:43:29.831 [reactor-http-nio-13] DEBUG o.s.w.r.f.c.ExchangeFunctions - [5f4c67d2] Response 200 OK
22:43:29.831 [reactor-http-nio-13] DEBUG o.s.h.c.j.Jackson2JsonDecoder - [5f4c67d2] Decoded [Pojo[foo='foofoo', bar='barbar']]
22:43:29.832 [Test worker] DEBUG o.s.w.r.f.c.ExchangeFunctions - [5ab47e39] HTTP GET http://localhost:55212/greeting?name=Spring
22:43:29.833 [reactor-http-nio-1] DEBUG o.s.w.r.f.c.ExchangeFunctions - [5ab47e39] Response 404 NOT_FOUND
22:43:29.834 [Test worker] DEBUG o.s.w.r.f.c.ExchangeFunctions - [4121eabc] HTTP GET http://localhost:55214/json
22:43:29.835 [reactor-http-nio-5] DEBUG o.s.w.r.f.c.ExchangeFunctions - [4121eabc] Response 200 OK
22:43:29.836 [reactor-http-nio-5] DEBUG o.s.c.c.StringDecoder - [4121eabc] Decoded "{"bar":"barbar","foo":"foofoo"}"
22:43:29.837 [Test worker] DEBUG o.s.w.r.f.c.ExchangeFunctions - [36a6e2d1] HTTP GET http://localhost:55216/test
22:43:29.840 [reactor-http-nio-9] DEBUG o.s.w.r.f.c.ExchangeFunctions - [36a6e2d1] Response 200 OK
22:43:29.840 [reactor-http-nio-9] DEBUG o.s.c.c.StringDecoder - [36a6e2d1] Decoded "test"
22:43:29.841 [Test worker] DEBUG o.s.w.r.f.c.ExchangeFunctions - [7ef432de] HTTP GET http://localhost:55218/json
22:43:29.843 [reactor-http-nio-13] DEBUG o.s.w.r.f.c.ExchangeFunctions - [7ef432de] Response 200 OK
22:43:29.843 [reactor-http-nio-13] DEBUG o.s.c.c.StringDecoder - [7ef432de] Decoded "{"bar":"barbar","foo":"foofoo"}"
22:43:29.844 [Test worker] DEBUG o.s.w.r.f.c.ExchangeFunctions - [6085d4c0] HTTP GET http://localhost:55220/greeting?name=Spring
22:43:29.845 [reactor-http-nio-1] DEBUG o.s.w.r.f.c.ExchangeFunctions - [6085d4c0] Response 500 INTERNAL_SERVER_ERROR
22:43:29.846 [Test worker] DEBUG o.s.w.r.f.c.ExchangeFunctions - [7d67a3a4] HTTP GET http://localhost:55222/greeting
22:43:29.847 [reactor-http-nio-5] DEBUG o.s.w.r.f.c.ExchangeFunctions - [7d67a3a4] Response 404 NOT_FOUND
22:43:29.848 [Test worker] DEBUG o.s.w.r.f.c.ExchangeFunctions - [726d00ab] HTTP GET http://localhost:55224/greeting?name=Spring
22:43:29.849 [reactor-http-nio-9] DEBUG o.s.w.r.f.c.ExchangeFunctions - [726d00ab] Response 500 INTERNAL_SERVER_ERROR
22:43:29.850 [Test worker] DEBUG o.s.w.r.f.c.ExchangeFunctions - [40409d22] HTTP GET http://localhost:55226/greeting?name=Spring
22:43:29.851 [reactor-http-nio-13] DEBUG o.s.w.r.f.c.ExchangeFunctions - [40409d22] Response 500 INTERNAL_SERVER_ERROR
22:43:29.853 [Test worker] DEBUG o.s.w.r.f.c.ExchangeFunctions - [61882391] HTTP POST http://localhost:55228/
22:43:29.854 [Thread-287] DEBUG o.s.c.c.DataBufferEncoder - [61882391] Writing 4096 bytes
22:43:29.854 [Thread-288] DEBUG o.s.c.c.DataBufferEncoder - [61882391] Writing 4096 bytes
22:43:29.854 [Thread-287] DEBUG o.s.c.c.DataBufferEncoder - [61882391] Writing 4096 bytes
22:43:29.854 [Thread-288] DEBUG o.s.c.c.DataBufferEncoder - [61882391] Writing 4096 bytes
22:43:29.854 [Thread-287] DEBUG o.s.c.c.DataBufferEncoder - [61882391] Writing 4096 bytes
22:43:29.854 [Thread-288] DEBUG o.s.c.c.DataBufferEncoder - [61882391] Writing 4096 bytes
22:43:29.854 [Thread-287] DEBUG o.s.c.c.DataBufferEncoder - [61882391] Writing 4096 bytes
22:43:29.854 [Thread-288] DEBUG o.s.c.c.DataBufferEncoder - [61882391] Writing 4096 bytes
22:43:29.855 [Thread-287] DEBUG o.s.c.c.DataBufferEncoder - [61882391] Writing 4096 bytes
22:43:29.855 [Thread-288] DEBUG o.s.c.c.DataBufferEncoder - [61882391] Writing 4096 bytes
22:43:29.855 [Thread-287] DEBUG o.s.c.c.DataBufferEncoder - [61882391] Writing 4096 bytes
22:43:29.855 [Thread-288] DEBUG o.s.c.c.DataBufferEncoder - [61882391] Writing 4096 bytes
22:43:29.855 [Thread-287] DEBUG o.s.c.c.DataBufferEncoder - [61882391] Writing 4096 bytes
22:43:29.855 [Thread-288] DEBUG o.s.c.c.DataBufferEncoder - [61882391] Writing 4096 bytes
22:43:29.855 [Thread-287] DEBUG o.s.c.c.DataBufferEncoder - [61882391] Writing 4096 bytes
22:43:29.855 [Thread-288] DEBUG o.s.c.c.DataBufferEncoder - [61882391] Writing 4096 bytes
22:43:29.855 [Thread-287] DEBUG o.s.c.c.DataBufferEncoder - [61882391] Writing 4096 bytes
22:43:29.855 [Thread-288] DEBUG o.s.c.c.DataBufferEncoder - [61882391] Writing 4096 bytes
22:43:29.855 [Thread-287] DEBUG o.s.c.c.DataBufferEncoder - [61882391] Writing 4096 bytes
22:43:29.855 [Thread-288] DEBUG o.s.c.c.DataBufferEncoder - [61882391] Writing 4096 bytes
22:43:29.855 [Thread-287] DEBUG o.s.c.c.DataBufferEncoder - [61882391] Writing 4096 bytes
22:43:29.855 [Thread-288] DEBUG o.s.c.c.DataBufferEncoder - [61882391] Writing 4096 bytes
22:43:29.855 [Thread-287] DEBUG o.s.c.c.DataBufferEncoder - [61882391] Writing 4096 bytes
22:43:29.855 [Thread-288] DEBUG o.s.c.c.DataBufferEncoder - [61882391] Writing 4096 bytes
22:43:29.855 [Thread-287] DEBUG o.s.c.c.DataBufferEncoder - [61882391] Writing 4096 bytes
22:43:29.855 [Thread-288] DEBUG o.s.c.c.DataBufferEncoder - [61882391] Writing 4096 bytes
22:43:29.855 [Thread-287] DEBUG o.s.c.c.DataBufferEncoder - [61882391] Writing 4096 bytes
22:43:29.855 [Thread-288] DEBUG o.s.c.c.DataBufferEncoder - [61882391] Writing 4096 bytes
22:43:29.855 [Thread-287] DEBUG o.s.c.c.DataBufferEncoder - [61882391] Writing 4096 bytes
22:43:29.855 [Thread-288] DEBUG o.s.c.c.DataBufferEncoder - [61882391] Writing 4096 bytes
22:43:29.855 [Thread-287] DEBUG o.s.c.c.DataBufferEncoder - [61882391] Writing 4096 bytes
22:43:29.855 [Thread-288] DEBUG o.s.c.c.DataBufferEncoder - [61882391] Writing 4096 bytes
22:43:29.855 [Thread-287] DEBUG o.s.c.c.DataBufferEncoder - [61882391] Writing 4096 bytes
22:43:29.855 [Thread-288] DEBUG o.s.c.c.DataBufferEncoder - [61882391] Writing 4096 bytes
22:43:29.856 [Thread-287] DEBUG o.s.c.c.DataBufferEncoder - [61882391] Writing 4096 bytes
22:43:29.856 [Thread-288] DEBUG o.s.c.c.DataBufferEncoder - [61882391] Writing 4096 bytes
22:43:29.856 [Thread-287] DEBUG o.s.c.c.DataBufferEncoder - [61882391] Writing 4096 bytes
22:43:29.856 [Thread-288] DEBUG o.s.c.c.DataBufferEncoder - [61882391] Writing 4096 bytes
22:43:29.856 [Thread-287] DEBUG o.s.c.c.DataBufferEncoder - [61882391] Writing 4096 bytes
22:43:29.856 [Thread-288] DEBUG o.s.c.c.DataBufferEncoder - [61882391] Writing 4096 bytes
22:43:29.856 [Thread-287] DEBUG o.s.c.c.DataBufferEncoder - [61882391] Writing 4096 bytes
22:43:29.856 [Thread-288] DEBUG o.s.c.c.DataBufferEncoder - [61882391] Writing 4096 bytes
22:43:29.856 [Thread-287] DEBUG o.s.c.c.DataBufferEncoder - [61882391] Writing 4096 bytes
22:43:29.856 [Thread-288] DEBUG o.s.c.c.DataBufferEncoder - [61882391] Writing 4096 bytes
22:43:29.856 [Thread-287] DEBUG o.s.c.c.DataBufferEncoder - [61882391] Writing 4096 bytes
22:43:29.856 [Thread-288] DEBUG o.s.c.c.DataBufferEncoder - [61882391] Writing 4096 bytes
22:43:29.856 [Thread-287] DEBUG o.s.c.c.DataBufferEncoder - [61882391] Writing 4096 bytes
22:43:29.856 [Thread-288] DEBUG o.s.c.c.DataBufferEncoder - [61882391] Writing 4096 bytes
22:43:29.856 [Thread-287] DEBUG o.s.c.c.DataBufferEncoder - [61882391] Writing 4096 bytes
22:43:29.856 [Thread-288] DEBUG o.s.c.c.DataBufferEncoder - [61882391] Writing 4096 bytes
22:43:29.856 [Thread-287] DEBUG o.s.c.c.DataBufferEncoder - [61882391] Writing 4096 bytes
22:43:29.856 [Thread-288] DEBUG o.s.c.c.DataBufferEncoder - [61882391] Writing 4096 bytes
22:43:29.856 [Thread-287] DEBUG o.s.c.c.DataBufferEncoder - [61882391] Writing 4096 bytes
22:43:29.856 [Thread-288] DEBUG o.s.c.c.DataBufferEncoder - [61882391] Writing 4096 bytes
22:43:29.856 [Thread-287] DEBUG o.s.c.c.DataBufferEncoder - [61882391] Writing 4096 bytes
22:43:29.856 [Thread-288] DEBUG o.s.c.c.DataBufferEncoder - [61882391] Writing 4096 bytes
22:43:29.856 [Thread-287] DEBUG o.s.c.c.DataBufferEncoder - [61882391] Writing 4096 bytes
22:43:29.856 [Thread-288] DEBUG o.s.c.c.DataBufferEncoder - [61882391] Writing 4096 bytes
22:43:29.857 [Thread-287] DEBUG o.s.c.c.DataBufferEncoder - [61882391] Writing 4096 bytes
22:43:29.857 [Thread-288] DEBUG o.s.c.c.DataBufferEncoder - [61882391] Writing 4096 bytes
22:43:29.857 [Thread-287] DEBUG o.s.c.c.DataBufferEncoder - [61882391] Writing 4096 bytes
22:43:29.857 [Thread-288] DEBUG o.s.c.c.DataBufferEncoder - [61882391] Writing 4096 bytes
22:43:29.857 [Thread-287] DEBUG o.s.c.c.DataBufferEncoder - [61882391] Writing 4096 bytes
22:43:29.857 [Thread-288] DEBUG o.s.c.c.DataBufferEncoder - [61882391] Writing 4096 bytes
22:43:29.857 [Thread-287] DEBUG o.s.c.c.DataBufferEncoder - [61882391] Writing 4096 bytes
22:43:29.857 [Thread-288] DEBUG o.s.c.c.DataBufferEncoder - [61882391] Writing 4096 bytes
22:43:29.857 [Thread-287] DEBUG o.s.c.c.DataBufferEncoder - [61882391] Writing 4096 bytes
22:43:29.857 [Thread-288] DEBUG o.s.c.c.DataBufferEncoder - [61882391] Writing 4096 bytes
22:43:29.857 [Thread-287] DEBUG o.s.c.c.DataBufferEncoder - [61882391] Writing 4096 bytes
22:43:29.857 [Thread-288] DEBUG o.s.c.c.DataBufferEncoder - [61882391] Writing 4096 bytes
22:43:29.857 [Thread-287] DEBUG o.s.c.c.DataBufferEncoder - [61882391] Writing 4096 bytes
22:43:29.857 [Thread-288] DEBUG o.s.c.c.DataBufferEncoder - [61882391] Writing 4096 bytes
22:43:29.857 [Thread-287] DEBUG o.s.c.c.DataBufferEncoder - [61882391] Writing 4096 bytes
22:43:29.857 [Thread-288] DEBUG o.s.c.c.DataBufferEncoder - [61882391] Writing 4096 bytes
22:43:29.857 [Thread-287] DEBUG o.s.c.c.DataBufferEncoder - [61882391] Writing 4096 bytes
22:43:29.857 [Thread-288] DEBUG o.s.c.c.DataBufferEncoder - [61882391] Writing 4096 bytes
22:43:29.857 [Thread-287] DEBUG o.s.c.c.DataBufferEncoder - [61882391] Writing 4096 bytes
22:43:29.857 [Thread-288] DEBUG o.s.c.c.DataBufferEncoder - [61882391] Writing 4096 bytes
22:43:29.857 [Thread-287] DEBUG o.s.c.c.DataBufferEncoder - [61882391] Writing 4096 bytes
22:43:29.857 [Thread-288] DEBUG o.s.c.c.DataBufferEncoder - [61882391] Writing 4096 bytes
22:43:29.857 [Thread-287] DEBUG o.s.c.c.DataBufferEncoder - [61882391] Writing 4096 bytes
22:43:29.857 [Thread-288] DEBUG o.s.c.c.DataBufferEncoder - [61882391] Writing 4096 bytes
22:43:29.857 [Thread-287] DEBUG o.s.c.c.DataBufferEncoder - [61882391] Writing 4096 bytes
22:43:29.857 [Thread-288] DEBUG o.s.c.c.DataBufferEncoder - [61882391] Writing 4096 bytes
22:43:29.857 [Thread-287] DEBUG o.s.c.c.DataBufferEncoder - [61882391] Writing 4096 bytes
22:43:29.857 [Thread-288] DEBUG o.s.c.c.DataBufferEncoder - [61882391] Writing 4096 bytes
22:43:29.857 [Thread-287] DEBUG o.s.c.c.DataBufferEncoder - [61882391] Writing 4096 bytes
22:43:29.857 [Thread-288] DEBUG o.s.c.c.DataBufferEncoder - [61882391] Writing 4096 bytes
22:43:29.857 [Thread-287] DEBUG o.s.c.c.DataBufferEncoder - [61882391] Writing 4096 bytes
22:43:29.857 [Thread-288] DEBUG o.s.c.c.DataBufferEncoder - [61882391] Writing 4096 bytes
22:43:29.858 [Thread-287] DEBUG o.s.c.c.DataBufferEncoder - [61882391] Writing 4096 bytes
22:43:29.858 [Thread-288] DEBUG o.s.c.c.DataBufferEncoder - [61882391] Writing 4096 bytes
22:43:29.858 [Thread-287] DEBUG o.s.c.c.DataBufferEncoder - [61882391] Writing 4096 bytes
22:43:29.858 [Thread-288] DEBUG o.s.c.c.DataBufferEncoder - [61882391] Writing 4096 bytes
22:43:29.858 [Thread-287] DEBUG o.s.c.c.DataBufferEncoder - [61882391] Writing 4096 bytes
22:43:29.858 [Thread-288] DEBUG o.s.c.c.DataBufferEncoder - [61882391] Writing 4096 bytes
22:43:29.858 [Thread-287] DEBUG o.s.c.c.DataBufferEncoder - [61882391] Writing 4096 bytes
22:43:29.858 [Thread-288] DEBUG o.s.c.c.DataBufferEncoder - [61882391] Writing 4096 bytes
22:43:29.858 [Thread-287] DEBUG o.s.c.c.DataBufferEncoder - [61882391] Writing 4096 bytes
22:43:29.858 [Thread-288] DEBUG o.s.c.c.DataBufferEncoder - [61882391] Writing 4096 bytes
22:43:29.858 [Thread-287] DEBUG o.s.c.c.DataBufferEncoder - [61882391] Writing 4096 bytes
22:43:29.858 [Thread-288] DEBUG o.s.c.c.DataBufferEncoder - [61882391] Writing 4096 bytes
22:43:29.858 [Thread-287] DEBUG o.s.c.c.DataBufferEncoder - [61882391] Writing 4096 bytes
22:43:29.858 [Thread-288] DEBUG o.s.c.c.DataBufferEncoder - [61882391] Writing 4096 bytes
22:43:29.858 [Thread-287] DEBUG o.s.c.c.DataBufferEncoder - [61882391] Writing 4096 bytes
22:43:29.858 [Thread-288] DEBUG o.s.c.c.DataBufferEncoder - [61882391] Writing 4096 bytes
22:43:29.858 [Thread-287] DEBUG o.s.c.c.DataBufferEncoder - [61882391] Writing 4096 bytes
22:43:29.858 [Thread-288] DEBUG o.s.c.c.DataBufferEncoder - [61882391] Writing 4096 bytes
22:43:29.858 [Thread-287] DEBUG o.s.c.c.DataBufferEncoder - [61882391] Writing 4096 bytes
22:43:29.858 [Thread-288] DEBUG o.s.c.c.DataBufferEncoder - [61882391] Writing 4096 bytes
22:43:29.858 [Thread-287] DEBUG o.s.c.c.DataBufferEncoder - [61882391] Writing 4096 bytes
22:43:29.858 [Thread-288] DEBUG o.s.c.c.DataBufferEncoder - [61882391] Writing 4096 bytes
22:43:29.858 [Thread-287] DEBUG o.s.c.c.DataBufferEncoder - [61882391] Writing 4096 bytes
22:43:29.858 [Thread-288] DEBUG o.s.c.c.DataBufferEncoder - [61882391] Writing 4096 bytes
22:43:29.858 [Thread-287] DEBUG o.s.c.c.DataBufferEncoder - [61882391] Writing 4096 bytes
22:43:29.858 [Thread-288] DEBUG o.s.c.c.DataBufferEncoder - [61882391] Writing 4096 bytes
22:43:29.858 [Thread-287] DEBUG o.s.c.c.DataBufferEncoder - [61882391] Writing 4096 bytes
22:43:29.858 [Thread-288] DEBUG o.s.c.c.DataBufferEncoder - [61882391] Writing 4096 bytes
22:43:29.858 [Thread-287] DEBUG o.s.c.c.DataBufferEncoder - [61882391] Writing 4096 bytes
22:43:29.858 [Thread-288] DEBUG o.s.c.c.DataBufferEncoder - [61882391] Writing 4096 bytes
22:43:29.858 [Thread-287] DEBUG o.s.c.c.DataBufferEncoder - [61882391] Writing 4096 bytes
22:43:29.858 [Thread-288] DEBUG o.s.c.c.DataBufferEncoder - [61882391] Writing 4096 bytes
22:43:29.858 [Thread-287] DEBUG o.s.c.c.DataBufferEncoder - [61882391] Writing 4096 bytes
22:43:29.858 [Thread-288] DEBUG o.s.c.c.DataBufferEncoder - [61882391] Writing 4096 bytes
22:43:29.858 [Thread-287] DEBUG o.s.c.c.DataBufferEncoder - [61882391] Writing 4096 bytes
22:43:29.858 [Thread-288] DEBUG o.s.c.c.DataBufferEncoder - [61882391] Writing 4096 bytes
22:43:29.858 [Thread-287] DEBUG o.s.c.c.DataBufferEncoder - [61882391] Writing 4096 bytes
22:43:29.858 [Thread-288] DEBUG o.s.c.c.DataBufferEncoder - [61882391] Writing 4096 bytes
22:43:29.860 [reactor-http-nio-1] DEBUG o.s.c.c.DataBufferEncoder - [61882391] Writing 4096 bytes
22:43:29.860 [reactor-http-nio-1] DEBUG o.s.c.c.DataBufferEncoder - [61882391] Writing 4096 bytes
22:43:29.860 [reactor-http-nio-1] DEBUG o.s.c.c.DataBufferEncoder - [61882391] Writing 4096 bytes
22:43:29.860 [reactor-http-nio-1] DEBUG o.s.c.c.DataBufferEncoder - [61882391] Writing 4096 bytes
22:43:29.860 [reactor-http-nio-1] DEBUG o.s.c.c.DataBufferEncoder - [61882391] Writing 4096 bytes
22:43:29.860 [reactor-http-nio-1] DEBUG o.s.c.c.DataBufferEncoder - [61882391] Writing 4096 bytes
22:43:29.860 [reactor-http-nio-1] DEBUG o.s.c.c.DataBufferEncoder - [61882391] Writing 4096 bytes
22:43:29.860 [reactor-http-nio-1] DEBUG o.s.c.c.DataBufferEncoder - [61882391] Writing 4096 bytes
22:43:29.860 [reactor-http-nio-1] DEBUG o.s.c.c.DataBufferEncoder - [61882391] Writing 4096 bytes
22:43:29.860 [reactor-http-nio-1] DEBUG o.s.c.c.DataBufferEncoder - [61882391] Writing 4096 bytes
22:43:29.860 [reactor-http-nio-1] DEBUG o.s.c.c.DataBufferEncoder - [61882391] Writing 4096 bytes
22:43:29.860 [reactor-http-nio-1] DEBUG o.s.c.c.DataBufferEncoder - [61882391] Writing 4096 bytes
22:43:29.860 [reactor-http-nio-1] DEBUG o.s.c.c.DataBufferEncoder - [61882391] Writing 4096 bytes
22:43:29.860 [reactor-http-nio-1] DEBUG o.s.c.c.DataBufferEncoder - [61882391] Writing 4096 bytes
22:43:29.860 [reactor-http-nio-1] DEBUG o.s.c.c.DataBufferEncoder - [61882391] Writing 4096 bytes
22:43:29.860 [reactor-http-nio-1] DEBUG o.s.c.c.DataBufferEncoder - [61882391] Writing 4096 bytes
22:43:29.860 [reactor-http-nio-1] DEBUG o.s.c.c.DataBufferEncoder - [61882391] Writing 4096 bytes
22:43:29.860 [reactor-http-nio-1] DEBUG o.s.c.c.DataBufferEncoder - [61882391] Writing 4096 bytes
22:43:29.860 [reactor-http-nio-1] DEBUG o.s.c.c.DataBufferEncoder - [61882391] Writing 4096 bytes
22:43:29.860 [reactor-http-nio-1] DEBUG o.s.c.c.DataBufferEncoder - [61882391] Writing 4096 bytes
22:43:29.860 [reactor-http-nio-1] DEBUG o.s.c.c.DataBufferEncoder - [61882391] Writing 4096 bytes
22:43:29.860 [reactor-http-nio-1] DEBUG o.s.c.c.DataBufferEncoder - [61882391] Writing 4096 bytes
22:43:29.860 [reactor-http-nio-1] DEBUG o.s.c.c.DataBufferEncoder - [61882391] Writing 4096 bytes
22:43:29.860 [reactor-http-nio-1] DEBUG o.s.c.c.DataBufferEncoder - [61882391] Writing 4096 bytes
22:43:29.860 [reactor-http-nio-1] DEBUG o.s.c.c.DataBufferEncoder - [61882391] Writing 4096 bytes
22:43:29.860 [reactor-http-nio-1] DEBUG o.s.c.c.DataBufferEncoder - [61882391] Writing 4096 bytes
22:43:29.860 [reactor-http-nio-1] DEBUG o.s.c.c.DataBufferEncoder - [61882391] Writing 4096 bytes
22:43:29.860 [reactor-http-nio-1] DEBUG o.s.c.c.DataBufferEncoder - [61882391] Writing 4096 bytes
22:43:29.860 [reactor-http-nio-1] DEBUG o.s.c.c.DataBufferEncoder - [61882391] Writing 4096 bytes
22:43:29.860 [reactor-http-nio-1] DEBUG o.s.c.c.DataBufferEncoder - [61882391] Writing 4096 bytes
22:43:29.861 [reactor-http-nio-1] DEBUG o.s.c.c.DataBufferEncoder - [61882391] Writing 4096 bytes
22:43:29.861 [reactor-http-nio-1] DEBUG o.s.c.c.DataBufferEncoder - [61882391] Writing 4096 bytes
22:43:29.861 [reactor-http-nio-1] DEBUG o.s.c.c.DataBufferEncoder - [61882391] Writing 4096 bytes
22:43:29.861 [reactor-http-nio-1] DEBUG o.s.c.c.DataBufferEncoder - [61882391] Writing 4096 bytes
22:43:29.861 [reactor-http-nio-1] DEBUG o.s.c.c.DataBufferEncoder - [61882391] Writing 4096 bytes
22:43:29.861 [reactor-http-nio-1] DEBUG o.s.c.c.DataBufferEncoder - [61882391] Writing 4096 bytes
22:43:29.861 [reactor-http-nio-1] DEBUG o.s.c.c.DataBufferEncoder - [61882391] Writing 4096 bytes
22:43:29.861 [reactor-http-nio-1] DEBUG o.s.c.c.DataBufferEncoder - [61882391] Writing 4096 bytes
22:43:29.861 [reactor-http-nio-1] DEBUG o.s.c.c.DataBufferEncoder - [61882391] Writing 4096 bytes
22:43:29.861 [reactor-http-nio-1] DEBUG o.s.c.c.DataBufferEncoder - [61882391] Writing 4096 bytes
22:43:29.861 [reactor-http-nio-1] DEBUG o.s.c.c.DataBufferEncoder - [61882391] Writing 4096 bytes
22:43:29.861 [reactor-http-nio-1] DEBUG o.s.c.c.DataBufferEncoder - [61882391] Writing 4096 bytes
22:43:29.861 [reactor-http-nio-1] DEBUG o.s.c.c.DataBufferEncoder - [61882391] Writing 4096 bytes
22:43:29.861 [reactor-http-nio-1] DEBUG o.s.c.c.DataBufferEncoder - [61882391] Writing 4096 bytes
22:43:29.861 [reactor-http-nio-1] DEBUG o.s.c.c.DataBufferEncoder - [61882391] Writing 4096 bytes
22:43:29.861 [reactor-http-nio-1] DEBUG o.s.c.c.DataBufferEncoder - [61882391] Writing 4096 bytes
22:43:29.861 [reactor-http-nio-1] DEBUG o.s.c.c.DataBufferEncoder - [61882391] Writing 4096 bytes
22:43:29.861 [reactor-http-nio-1] DEBUG o.s.c.c.DataBufferEncoder - [61882391] Writing 4096 bytes
22:43:29.861 [reactor-http-nio-1] DEBUG o.s.c.c.DataBufferEncoder - [61882391] Writing 4096 bytes
22:43:29.861 [reactor-http-nio-1] DEBUG o.s.c.c.DataBufferEncoder - [61882391] Writing 4096 bytes
22:43:29.861 [reactor-http-nio-1] DEBUG o.s.c.c.DataBufferEncoder - [61882391] Writing 4096 bytes
22:43:29.861 [reactor-http-nio-1] DEBUG o.s.c.c.DataBufferEncoder - [61882391] Writing 4096 bytes
22:43:29.861 [reactor-http-nio-1] DEBUG o.s.c.c.DataBufferEncoder - [61882391] Writing 4096 bytes
22:43:29.861 [reactor-http-nio-1] DEBUG o.s.c.c.DataBufferEncoder - [61882391] Writing 4096 bytes
22:43:29.861 [reactor-http-nio-1] DEBUG o.s.c.c.DataBufferEncoder - [61882391] Writing 4096 bytes
22:43:29.861 [reactor-http-nio-1] DEBUG o.s.c.c.DataBufferEncoder - [61882391] Writing 4096 bytes
22:43:29.861 [reactor-http-nio-1] DEBUG o.s.c.c.DataBufferEncoder - [61882391] Writing 4096 bytes
22:43:29.861 [reactor-http-nio-1] DEBUG o.s.c.c.DataBufferEncoder - [61882391] Writing 4096 bytes
22:43:29.861 [reactor-http-nio-1] DEBUG o.s.c.c.DataBufferEncoder - [61882391] Writing 4096 bytes
22:43:29.861 [reactor-http-nio-1] DEBUG o.s.c.c.DataBufferEncoder - [61882391] Writing 4096 bytes
22:43:29.861 [reactor-http-nio-1] DEBUG o.s.c.c.DataBufferEncoder - [61882391] Writing 4096 bytes
22:43:29.861 [reactor-http-nio-1] DEBUG o.s.c.c.DataBufferEncoder - [61882391] Writing 4096 bytes
22:43:29.861 [reactor-http-nio-1] DEBUG o.s.c.c.DataBufferEncoder - [61882391] Writing 4096 bytes
22:43:29.861 [reactor-http-nio-1] DEBUG o.s.c.c.DataBufferEncoder - [61882391] Writing 4096 bytes
22:43:29.863 [reactor-http-nio-1] DEBUG o.s.c.c.DataBufferEncoder - [61882391] Writing 4096 bytes
22:43:29.863 [reactor-http-nio-1] DEBUG o.s.c.c.DataBufferEncoder - [61882391] Writing 4096 bytes
22:43:29.863 [reactor-http-nio-1] DEBUG o.s.c.c.DataBufferEncoder - [61882391] Writing 4096 bytes
22:43:29.863 [reactor-http-nio-1] DEBUG o.s.c.c.DataBufferEncoder - [61882391] Writing 4096 bytes
22:43:29.863 [reactor-http-nio-1] DEBUG o.s.c.c.DataBufferEncoder - [61882391] Writing 4096 bytes
22:43:29.863 [reactor-http-nio-1] DEBUG o.s.c.c.DataBufferEncoder - [61882391] Writing 4096 bytes
22:43:29.863 [reactor-http-nio-1] DEBUG o.s.c.c.DataBufferEncoder - [61882391] Writing 4096 bytes
22:43:29.863 [reactor-http-nio-1] DEBUG o.s.c.c.DataBufferEncoder - [61882391] Writing 4096 bytes
22:43:29.863 [reactor-http-nio-1] DEBUG o.s.c.c.DataBufferEncoder - [61882391] Writing 4096 bytes
22:43:29.863 [reactor-http-nio-1] DEBUG o.s.c.c.DataBufferEncoder - [61882391] Writing 4096 bytes
22:43:29.863 [reactor-http-nio-1] DEBUG o.s.c.c.DataBufferEncoder - [61882391] Writing 4096 bytes
22:43:29.863 [reactor-http-nio-1] DEBUG o.s.c.c.DataBufferEncoder - [61882391] Writing 4096 bytes
22:43:29.863 [reactor-http-nio-1] DEBUG o.s.c.c.DataBufferEncoder - [61882391] Writing 4096 bytes
22:43:29.863 [reactor-http-nio-1] DEBUG o.s.c.c.DataBufferEncoder - [61882391] Writing 4096 bytes
22:43:29.863 [reactor-http-nio-1] DEBUG o.s.c.c.DataBufferEncoder - [61882391] Writing 4096 bytes
22:43:29.863 [reactor-http-nio-1] DEBUG o.s.c.c.DataBufferEncoder - [61882391] Writing 4096 bytes
22:43:29.863 [reactor-http-nio-1] DEBUG o.s.c.c.DataBufferEncoder - [61882391] Writing 4096 bytes
22:43:29.863 [reactor-http-nio-1] DEBUG o.s.c.c.DataBufferEncoder - [61882391] Writing 4096 bytes
22:43:29.863 [reactor-http-nio-1] DEBUG o.s.c.c.DataBufferEncoder - [61882391] Writing 4096 bytes
22:43:29.863 [reactor-http-nio-1] DEBUG o.s.c.c.DataBufferEncoder - [61882391] Writing 4096 bytes
22:43:29.863 [reactor-http-nio-1] DEBUG o.s.c.c.DataBufferEncoder - [61882391] Writing 4096 bytes
22:43:29.863 [reactor-http-nio-1] DEBUG o.s.c.c.DataBufferEncoder - [61882391] Writing 4096 bytes
22:43:29.863 [reactor-http-nio-1] DEBUG o.s.c.c.DataBufferEncoder - [61882391] Writing 4096 bytes
22:43:29.863 [reactor-http-nio-1] DEBUG o.s.c.c.DataBufferEncoder - [61882391] Writing 4096 bytes
22:43:29.863 [reactor-http-nio-1] DEBUG o.s.c.c.DataBufferEncoder - [61882391] Writing 4096 bytes
22:43:29.863 [reactor-http-nio-1] DEBUG o.s.c.c.DataBufferEncoder - [61882391] Writing 4096 bytes
22:43:29.863 [reactor-http-nio-1] DEBUG o.s.c.c.DataBufferEncoder - [61882391] Writing 4096 bytes
22:43:29.863 [reactor-http-nio-1] DEBUG o.s.c.c.DataBufferEncoder - [61882391] Writing 4096 bytes
22:43:29.863 [reactor-http-nio-1] DEBUG o.s.c.c.DataBufferEncoder - [61882391] Writing 4096 bytes
22:43:29.863 [reactor-http-nio-1] DEBUG o.s.c.c.DataBufferEncoder - [61882391] Writing 4096 bytes
22:43:29.863 [reactor-http-nio-1] DEBUG o.s.c.c.DataBufferEncoder - [61882391] Writing 4096 bytes
22:43:29.863 [reactor-http-nio-1] DEBUG o.s.c.c.DataBufferEncoder - [61882391] Writing 4096 bytes
22:43:29.863 [reactor-http-nio-1] DEBUG o.s.c.c.DataBufferEncoder - [61882391] Writing 4096 bytes
22:43:29.863 [reactor-http-nio-1] DEBUG o.s.c.c.DataBufferEncoder - [61882391] Writing 4096 bytes
22:43:29.863 [reactor-http-nio-1] DEBUG o.s.c.c.DataBufferEncoder - [61882391] Writing 4096 bytes
22:43:29.863 [reactor-http-nio-1] DEBUG o.s.c.c.DataBufferEncoder - [61882391] Writing 4096 bytes
22:43:29.863 [reactor-http-nio-1] DEBUG o.s.c.c.DataBufferEncoder - [61882391] Writing 4096 bytes
22:43:29.863 [reactor-http-nio-1] DEBUG o.s.c.c.DataBufferEncoder - [61882391] Writing 4096 bytes
22:43:29.863 [reactor-http-nio-1] DEBUG o.s.c.c.DataBufferEncoder - [61882391] Writing 4096 bytes
22:43:29.863 [reactor-http-nio-1] DEBUG o.s.c.c.DataBufferEncoder - [61882391] Writing 4096 bytes
22:43:29.863 [reactor-http-nio-1] DEBUG o.s.c.c.DataBufferEncoder - [61882391] Writing 2206 bytes
22:43:29.866 [reactor-http-nio-1] DEBUG o.s.w.r.f.c.ExchangeFunctions - [61882391] Response 200 OK
22:43:29.868 [Test worker] DEBUG o.s.w.r.f.c.ExchangeFunctions - [76ec7371] HTTP GET http://localhost:55230/greeting?name=Spring
22:43:29.869 [reactor-http-nio-5] DEBUG o.s.w.r.f.c.ExchangeFunctions - [76ec7371] Response 200 OK
22:43:29.869 [reactor-http-nio-5] DEBUG o.s.c.c.StringDecoder - [76ec7371] Decoded "Hello Spring!"
]]></system-out>
  <system-err><![CDATA[十一月 25, 2020 10:43:29 下午 okhttp3.mockwebserver.MockWebServer$3 execute
信息: MockWebServer[55129] starting to accept connections
十一月 25, 2020 10:43:29 下午 okhttp3.mockwebserver.MockWebServer$4 processOneRequest
信息: MockWebServer[55129] received request: GET /greeting?name=Spring HTTP/1.1 and responded: HTTP/1.1 200 OK
十一月 25, 2020 10:43:29 下午 okhttp3.mockwebserver.MockWebServer$4 processOneRequest
信息: MockWebServer[55129] received request: GET /greeting?name=Spring HTTP/1.1 and responded: HTTP/1.1 200 OK
十一月 25, 2020 10:43:29 下午 okhttp3.mockwebserver.MockWebServer$3 acceptConnections
信息: MockWebServer[55129] done accepting connections: Socket closed
十一月 25, 2020 10:43:29 下午 okhttp3.mockwebserver.MockWebServer$3 execute
信息: MockWebServer[55132] starting to accept connections
十一月 25, 2020 10:43:29 下午 okhttp3.mockwebserver.MockWebServer$4 processOneRequest
信息: MockWebServer[55132] received request: GET /json HTTP/1.1 and responded: HTTP/1.1 200 OK
十一月 25, 2020 10:43:29 下午 okhttp3.mockwebserver.MockWebServer$3 acceptConnections
信息: MockWebServer[55132] done accepting connections: Socket closed
十一月 25, 2020 10:43:29 下午 okhttp3.mockwebserver.MockWebServer$3 execute
信息: MockWebServer[55134] starting to accept connections
十一月 25, 2020 10:43:29 下午 okhttp3.mockwebserver.MockWebServer$4 processOneRequest
信息: MockWebServer[55134] received request: GET /greeting?name=Spring HTTP/1.1 and responded: HTTP/1.1 200 OK
十一月 25, 2020 10:43:29 下午 okhttp3.mockwebserver.MockWebServer$3 acceptConnections
信息: MockWebServer[55134] done accepting connections: Socket closed
十一月 25, 2020 10:43:29 下午 okhttp3.mockwebserver.MockWebServer$3 execute
信息: MockWebServer[55136] starting to accept connections
十一月 25, 2020 10:43:29 下午 okhttp3.mockwebserver.MockWebServer$4 processOneRequest
信息: MockWebServer[55136] received request: GET /greeting?name=Spring HTTP/1.1 and responded: HTTP/1.1 200 OK
十一月 25, 2020 10:43:29 下午 okhttp3.mockwebserver.MockWebServer$3 acceptConnections
信息: MockWebServer[55136] done accepting connections: Socket closed
十一月 25, 2020 10:43:29 下午 okhttp3.mockwebserver.MockWebServer$3 execute
信息: MockWebServer[55138] starting to accept connections
十一月 25, 2020 10:43:29 下午 okhttp3.mockwebserver.MockWebServer$4 processOneRequest
信息: MockWebServer[55138] received request: GET /greeting?name=Spring HTTP/1.1 and responded: HTTP/1.1 404 Client Error
十一月 25, 2020 10:43:29 下午 okhttp3.mockwebserver.MockWebServer$3 acceptConnections
信息: MockWebServer[55138] done accepting connections: Socket closed
十一月 25, 2020 10:43:29 下午 okhttp3.mockwebserver.MockWebServer$3 execute
信息: MockWebServer[55140] starting to accept connections
十一月 25, 2020 10:43:29 下午 okhttp3.mockwebserver.MockWebServer$4 processOneRequest
信息: MockWebServer[55140] received request: GET /json HTTP/1.1 and responded: HTTP/1.1 200 OK
十一月 25, 2020 10:43:29 下午 okhttp3.mockwebserver.MockWebServer$3 acceptConnections
信息: MockWebServer[55140] done accepting connections: Socket closed
十一月 25, 2020 10:43:29 下午 okhttp3.mockwebserver.MockWebServer$3 execute
信息: MockWebServer[55142] starting to accept connections
十一月 25, 2020 10:43:29 下午 okhttp3.mockwebserver.MockWebServer$4 processOneRequest
信息: MockWebServer[55142] received request: GET /json HTTP/1.1 and responded: HTTP/1.1 200 OK
十一月 25, 2020 10:43:29 下午 okhttp3.mockwebserver.MockWebServer$3 acceptConnections
信息: MockWebServer[55142] done accepting connections: Socket closed
十一月 25, 2020 10:43:29 下午 okhttp3.mockwebserver.MockWebServer$3 execute
信息: MockWebServer[55144] starting to accept connections
十一月 25, 2020 10:43:29 下午 okhttp3.mockwebserver.MockWebServer$4 processOneRequest
信息: MockWebServer[55144] received request: GET /greeting?name=Spring HTTP/1.1 and responded: HTTP/1.1 404 Client Error
十一月 25, 2020 10:43:29 下午 okhttp3.mockwebserver.MockWebServer$3 acceptConnections
信息: MockWebServer[55144] done accepting connections: Socket closed
十一月 25, 2020 10:43:29 下午 okhttp3.mockwebserver.MockWebServer$3 execute
信息: MockWebServer[55146] starting to accept connections
十一月 25, 2020 10:43:29 下午 okhttp3.mockwebserver.MockWebServer$4 processOneRequest
信息: MockWebServer[55146] received request: GET /pojos HTTP/1.1 and responded: HTTP/1.1 200 OK
十一月 25, 2020 10:43:29 下午 okhttp3.mockwebserver.MockWebServer$3 acceptConnections
信息: MockWebServer[55146] done accepting connections: Socket closed
十一月 25, 2020 10:43:29 下午 okhttp3.mockwebserver.MockWebServer$3 execute
信息: MockWebServer[55148] starting to accept connections
十一月 25, 2020 10:43:29 下午 okhttp3.mockwebserver.MockWebServer$4 processOneRequest
信息: MockWebServer[55148] received request: POST /pojo/capitalize HTTP/1.1 and responded: HTTP/1.1 200 OK
十一月 25, 2020 10:43:29 下午 okhttp3.mockwebserver.MockWebServer$3 acceptConnections
信息: MockWebServer[55148] done accepting connections: Socket closed
十一月 25, 2020 10:43:29 下午 okhttp3.mockwebserver.MockWebServer$3 execute
信息: MockWebServer[55150] starting to accept connections
十一月 25, 2020 10:43:29 下午 okhttp3.mockwebserver.MockWebServer$4 processOneRequest
信息: MockWebServer[55150] received request: GET /greeting?name=Spring HTTP/1.1 and responded: HTTP/1.1 200 OK
十一月 25, 2020 10:43:29 下午 okhttp3.mockwebserver.MockWebServer$3 acceptConnections
信息: MockWebServer[55150] done accepting connections: Socket closed
十一月 25, 2020 10:43:29 下午 okhttp3.mockwebserver.MockWebServer$3 execute
信息: MockWebServer[55152] starting to accept connections
十一月 25, 2020 10:43:29 下午 okhttp3.mockwebserver.MockWebServer$4 processOneRequest
信息: MockWebServer[55152] received request: GET /unknownPage HTTP/1.1 and responded: HTTP/1.1 555 Server Error
十一月 25, 2020 10:43:29 下午 okhttp3.mockwebserver.MockWebServer$3 acceptConnections
信息: MockWebServer[55152] done accepting connections: Socket closed
十一月 25, 2020 10:43:29 下午 okhttp3.mockwebserver.MockWebServer$3 execute
信息: MockWebServer[55154] starting to accept connections
十一月 25, 2020 10:43:29 下午 okhttp3.mockwebserver.MockWebServer$4 processOneRequest
信息: MockWebServer[55154] received request: GET /noContent HTTP/1.1 and responded: HTTP/1.1 200 OK
十一月 25, 2020 10:43:29 下午 okhttp3.mockwebserver.MockWebServer$3 acceptConnections
信息: MockWebServer[55154] done accepting connections: Socket closed
十一月 25, 2020 10:43:29 下午 okhttp3.mockwebserver.MockWebServer$3 execute
信息: MockWebServer[55156] starting to accept connections
十一月 25, 2020 10:43:29 下午 okhttp3.mockwebserver.MockWebServer$3 acceptConnections
信息: MockWebServer[55156] done accepting connections: Socket closed
十一月 25, 2020 10:43:29 下午 okhttp3.mockwebserver.MockWebServer$3 execute
信息: MockWebServer[55157] starting to accept connections
十一月 25, 2020 10:43:29 下午 okhttp3.mockwebserver.MockWebServer$4 processOneRequest
信息: MockWebServer[55157] received request: GET /unknownPage HTTP/1.1 and responded: HTTP/1.1 555 Server Error
十一月 25, 2020 10:43:29 下午 okhttp3.mockwebserver.MockWebServer$3 acceptConnections
信息: MockWebServer[55157] done accepting connections: Socket closed
十一月 25, 2020 10:43:29 下午 okhttp3.mockwebserver.MockWebServer$3 execute
信息: MockWebServer[55159] starting to accept connections
十一月 25, 2020 10:43:29 下午 okhttp3.mockwebserver.MockWebServer$4 processOneRequest
信息: MockWebServer[55159] received request: GET /pojo HTTP/1.1 and responded: HTTP/1.1 200 OK
十一月 25, 2020 10:43:29 下午 okhttp3.mockwebserver.MockWebServer$3 acceptConnections
信息: MockWebServer[55159] done accepting connections: Socket closed
十一月 25, 2020 10:43:29 下午 okhttp3.mockwebserver.MockWebServer$3 execute
信息: MockWebServer[55161] starting to accept connections
十一月 25, 2020 10:43:29 下午 okhttp3.mockwebserver.MockWebServer$4 processOneRequest
信息: MockWebServer[55161] received request: GET /greeting?name=Spring HTTP/1.1 and responded: HTTP/1.1 404 Client Error
十一月 25, 2020 10:43:29 下午 okhttp3.mockwebserver.MockWebServer$3 acceptConnections
信息: MockWebServer[55161] done accepting connections: Socket closed
十一月 25, 2020 10:43:29 下午 okhttp3.mockwebserver.MockWebServer$3 execute
信息: MockWebServer[55163] starting to accept connections
十一月 25, 2020 10:43:29 下午 okhttp3.mockwebserver.MockWebServer$4 processOneRequest
信息: MockWebServer[55163] received request: GET /json HTTP/1.1 and responded: HTTP/1.1 200 OK
十一月 25, 2020 10:43:29 下午 okhttp3.mockwebserver.MockWebServer$3 acceptConnections
信息: MockWebServer[55163] done accepting connections: Socket closed
十一月 25, 2020 10:43:29 下午 okhttp3.mockwebserver.MockWebServer$3 execute
信息: MockWebServer[55165] starting to accept connections
十一月 25, 2020 10:43:29 下午 okhttp3.mockwebserver.MockWebServer$4 processOneRequest
信息: MockWebServer[55165] received request: GET /test HTTP/1.1 and responded: HTTP/1.1 200 OK
十一月 25, 2020 10:43:29 下午 okhttp3.mockwebserver.MockWebServer$3 acceptConnections
信息: MockWebServer[55165] done accepting connections: Socket closed
十一月 25, 2020 10:43:29 下午 okhttp3.mockwebserver.MockWebServer$3 execute
信息: MockWebServer[55167] starting to accept connections
十一月 25, 2020 10:43:29 下午 okhttp3.mockwebserver.MockWebServer$4 processOneRequest
信息: MockWebServer[55167] received request: GET /json HTTP/1.1 and responded: HTTP/1.1 200 OK
十一月 25, 2020 10:43:29 下午 okhttp3.mockwebserver.MockWebServer$3 acceptConnections
信息: MockWebServer[55167] done accepting connections: Socket closed
十一月 25, 2020 10:43:29 下午 okhttp3.mockwebserver.MockWebServer$3 execute
信息: MockWebServer[55169] starting to accept connections
十一月 25, 2020 10:43:29 下午 okhttp3.mockwebserver.MockWebServer$4 processOneRequest
信息: MockWebServer[55169] received request: GET /greeting?name=Spring HTTP/1.1 and responded: HTTP/1.1 500 Server Error
十一月 25, 2020 10:43:29 下午 okhttp3.mockwebserver.MockWebServer$3 acceptConnections
信息: MockWebServer[55169] done accepting connections: Socket closed
十一月 25, 2020 10:43:29 下午 okhttp3.mockwebserver.MockWebServer$3 execute
信息: MockWebServer[55171] starting to accept connections
十一月 25, 2020 10:43:29 下午 okhttp3.mockwebserver.MockWebServer$4 processOneRequest
信息: MockWebServer[55171] received request: GET /greeting HTTP/1.1 and responded: HTTP/1.1 404 Client Error
十一月 25, 2020 10:43:29 下午 okhttp3.mockwebserver.MockWebServer$3 acceptConnections
信息: MockWebServer[55171] done accepting connections: Socket closed
十一月 25, 2020 10:43:29 下午 okhttp3.mockwebserver.MockWebServer$3 execute
信息: MockWebServer[55173] starting to accept connections
十一月 25, 2020 10:43:29 下午 okhttp3.mockwebserver.MockWebServer$4 processOneRequest
信息: MockWebServer[55173] received request: GET /greeting?name=Spring HTTP/1.1 and responded: HTTP/1.1 500 Server Error
十一月 25, 2020 10:43:29 下午 okhttp3.mockwebserver.MockWebServer$3 acceptConnections
信息: MockWebServer[55173] done accepting connections: Socket closed
十一月 25, 2020 10:43:29 下午 okhttp3.mockwebserver.MockWebServer$3 execute
信息: MockWebServer[55175] starting to accept connections
十一月 25, 2020 10:43:29 下午 okhttp3.mockwebserver.MockWebServer$4 processOneRequest
信息: MockWebServer[55175] received request: GET /greeting?name=Spring HTTP/1.1 and responded: HTTP/1.1 500 Server Error
十一月 25, 2020 10:43:29 下午 okhttp3.mockwebserver.MockWebServer$3 acceptConnections
信息: MockWebServer[55175] done accepting connections: Socket closed
十一月 25, 2020 10:43:29 下午 okhttp3.mockwebserver.MockWebServer$3 execute
信息: MockWebServer[55177] starting to accept connections
十一月 25, 2020 10:43:29 下午 okhttp3.mockwebserver.MockWebServer$4 processOneRequest
信息: MockWebServer[55177] received request: POST / HTTP/1.1 and responded: HTTP/1.1 200 OK
十一月 25, 2020 10:43:29 下午 okhttp3.mockwebserver.MockWebServer$3 acceptConnections
信息: MockWebServer[55177] done accepting connections: Socket closed
十一月 25, 2020 10:43:29 下午 okhttp3.mockwebserver.MockWebServer$3 execute
信息: MockWebServer[55179] starting to accept connections
十一月 25, 2020 10:43:29 下午 okhttp3.mockwebserver.MockWebServer$4 processOneRequest
信息: MockWebServer[55179] received request: GET /greeting?name=Spring HTTP/1.1 and responded: HTTP/1.1 200 OK
十一月 25, 2020 10:43:29 下午 okhttp3.mockwebserver.MockWebServer$3 acceptConnections
信息: MockWebServer[55179] done accepting connections: Socket closed
十一月 25, 2020 10:43:29 下午 okhttp3.mockwebserver.MockWebServer$3 execute
信息: MockWebServer[55181] starting to accept connections
十一月 25, 2020 10:43:29 下午 okhttp3.mockwebserver.MockWebServer$4 processOneRequest
信息: MockWebServer[55181] received request: GET /greeting?name=Spring HTTP/1.1 and responded: HTTP/1.1 200 OK
十一月 25, 2020 10:43:29 下午 okhttp3.mockwebserver.MockWebServer$4 processOneRequest
信息: MockWebServer[55181] received request: GET /greeting?name=Spring HTTP/1.1 and responded: HTTP/1.1 200 OK
十一月 25, 2020 10:43:29 下午 okhttp3.mockwebserver.MockWebServer$3 acceptConnections
信息: MockWebServer[55181] done accepting connections: Socket closed
十一月 25, 2020 10:43:29 下午 okhttp3.mockwebserver.MockWebServer$3 execute
信息: MockWebServer[55183] starting to accept connections
十一月 25, 2020 10:43:29 下午 okhttp3.mockwebserver.MockWebServer$4 processOneRequest
信息: MockWebServer[55183] received request: GET /json HTTP/1.1 and responded: HTTP/1.1 200 OK
十一月 25, 2020 10:43:29 下午 okhttp3.mockwebserver.MockWebServer$3 acceptConnections
信息: MockWebServer[55183] done accepting connections: Socket closed
十一月 25, 2020 10:43:29 下午 okhttp3.mockwebserver.MockWebServer$3 execute
信息: MockWebServer[55185] starting to accept connections
十一月 25, 2020 10:43:29 下午 okhttp3.mockwebserver.MockWebServer$4 processOneRequest
信息: MockWebServer[55185] received request: GET /greeting?name=Spring HTTP/1.1 and responded: HTTP/1.1 200 OK
十一月 25, 2020 10:43:29 下午 okhttp3.mockwebserver.MockWebServer$3 acceptConnections
信息: MockWebServer[55185] done accepting connections: Socket closed
十一月 25, 2020 10:43:29 下午 okhttp3.mockwebserver.MockWebServer$3 execute
信息: MockWebServer[55187] starting to accept connections
十一月 25, 2020 10:43:29 下午 okhttp3.mockwebserver.MockWebServer$4 processOneRequest
信息: MockWebServer[55187] received request: GET /greeting?name=Spring HTTP/1.1 and responded: HTTP/1.1 200 OK
十一月 25, 2020 10:43:29 下午 okhttp3.mockwebserver.MockWebServer$3 acceptConnections
信息: MockWebServer[55187] done accepting connections: Socket closed
十一月 25, 2020 10:43:29 下午 okhttp3.mockwebserver.MockWebServer$3 execute
信息: MockWebServer[55189] starting to accept connections
十一月 25, 2020 10:43:29 下午 okhttp3.mockwebserver.MockWebServer$4 processOneRequest
信息: MockWebServer[55189] received request: GET /greeting?name=Spring HTTP/1.1 and responded: HTTP/1.1 404 Client Error
十一月 25, 2020 10:43:29 下午 okhttp3.mockwebserver.MockWebServer$3 acceptConnections
信息: MockWebServer[55189] done accepting connections: Socket closed
十一月 25, 2020 10:43:29 下午 okhttp3.mockwebserver.MockWebServer$3 execute
信息: MockWebServer[55191] starting to accept connections
十一月 25, 2020 10:43:29 下午 okhttp3.mockwebserver.MockWebServer$4 processOneRequest
信息: MockWebServer[55191] received request: GET /json HTTP/1.1 and responded: HTTP/1.1 200 OK
十一月 25, 2020 10:43:29 下午 okhttp3.mockwebserver.MockWebServer$3 acceptConnections
信息: MockWebServer[55191] done accepting connections: Socket closed
十一月 25, 2020 10:43:29 下午 okhttp3.mockwebserver.MockWebServer$3 execute
信息: MockWebServer[55193] starting to accept connections
十一月 25, 2020 10:43:29 下午 okhttp3.mockwebserver.MockWebServer$4 processOneRequest
信息: MockWebServer[55193] received request: GET /json HTTP/1.1 and responded: HTTP/1.1 200 OK
十一月 25, 2020 10:43:29 下午 okhttp3.mockwebserver.MockWebServer$3 acceptConnections
信息: MockWebServer[55193] done accepting connections: Socket closed
十一月 25, 2020 10:43:29 下午 okhttp3.mockwebserver.MockWebServer$3 execute
信息: MockWebServer[55195] starting to accept connections
十一月 25, 2020 10:43:29 下午 okhttp3.mockwebserver.MockWebServer$4 processOneRequest
信息: MockWebServer[55195] received request: GET /greeting?name=Spring HTTP/1.1 and responded: HTTP/1.1 404 Client Error
十一月 25, 2020 10:43:29 下午 okhttp3.mockwebserver.MockWebServer$3 acceptConnections
信息: MockWebServer[55195] done accepting connections: Socket closed
十一月 25, 2020 10:43:29 下午 okhttp3.mockwebserver.MockWebServer$3 execute
信息: MockWebServer[55197] starting to accept connections
十一月 25, 2020 10:43:29 下午 okhttp3.mockwebserver.MockWebServer$4 processOneRequest
信息: MockWebServer[55197] received request: GET /pojos HTTP/1.1 and responded: HTTP/1.1 200 OK
十一月 25, 2020 10:43:29 下午 okhttp3.mockwebserver.MockWebServer$3 acceptConnections
信息: MockWebServer[55197] done accepting connections: Socket closed
十一月 25, 2020 10:43:29 下午 okhttp3.mockwebserver.MockWebServer$3 execute
信息: MockWebServer[55199] starting to accept connections
十一月 25, 2020 10:43:29 下午 okhttp3.mockwebserver.MockWebServer$4 processOneRequest
信息: MockWebServer[55199] received request: POST /pojo/capitalize HTTP/1.1 and responded: HTTP/1.1 200 OK
十一月 25, 2020 10:43:29 下午 okhttp3.mockwebserver.MockWebServer$3 acceptConnections
信息: MockWebServer[55199] done accepting connections: Socket closed
十一月 25, 2020 10:43:29 下午 okhttp3.mockwebserver.MockWebServer$3 execute
信息: MockWebServer[55201] starting to accept connections
十一月 25, 2020 10:43:29 下午 okhttp3.mockwebserver.MockWebServer$4 processOneRequest
信息: MockWebServer[55201] received request: GET /greeting?name=Spring HTTP/1.1 and responded: HTTP/1.1 200 OK
十一月 25, 2020 10:43:29 下午 okhttp3.mockwebserver.MockWebServer$3 acceptConnections
信息: MockWebServer[55201] done accepting connections: Socket closed
十一月 25, 2020 10:43:29 下午 okhttp3.mockwebserver.MockWebServer$3 execute
信息: MockWebServer[55203] starting to accept connections
十一月 25, 2020 10:43:29 下午 okhttp3.mockwebserver.MockWebServer$4 processOneRequest
信息: MockWebServer[55203] received request: GET /unknownPage HTTP/1.1 and responded: HTTP/1.1 555 Server Error
十一月 25, 2020 10:43:29 下午 okhttp3.mockwebserver.MockWebServer$3 acceptConnections
信息: MockWebServer[55203] done accepting connections: Socket closed
十一月 25, 2020 10:43:29 下午 okhttp3.mockwebserver.MockWebServer$3 execute
信息: MockWebServer[55205] starting to accept connections
十一月 25, 2020 10:43:29 下午 okhttp3.mockwebserver.MockWebServer$4 processOneRequest
信息: MockWebServer[55205] received request: GET /noContent HTTP/1.1 and responded: HTTP/1.1 200 OK
十一月 25, 2020 10:43:29 下午 okhttp3.mockwebserver.MockWebServer$3 acceptConnections
信息: MockWebServer[55205] done accepting connections: Socket closed
十一月 25, 2020 10:43:29 下午 okhttp3.mockwebserver.MockWebServer$3 execute
信息: MockWebServer[55207] starting to accept connections
十一月 25, 2020 10:43:29 下午 okhttp3.mockwebserver.MockWebServer$3 acceptConnections
信息: MockWebServer[55207] done accepting connections: Socket closed
十一月 25, 2020 10:43:29 下午 okhttp3.mockwebserver.MockWebServer$3 execute
信息: MockWebServer[55208] starting to accept connections
十一月 25, 2020 10:43:29 下午 okhttp3.mockwebserver.MockWebServer$4 processOneRequest
信息: MockWebServer[55208] received request: GET /unknownPage HTTP/1.1 and responded: HTTP/1.1 555 Server Error
十一月 25, 2020 10:43:29 下午 okhttp3.mockwebserver.MockWebServer$3 acceptConnections
信息: MockWebServer[55208] done accepting connections: Socket closed
十一月 25, 2020 10:43:29 下午 okhttp3.mockwebserver.MockWebServer$3 execute
信息: MockWebServer[55210] starting to accept connections
十一月 25, 2020 10:43:29 下午 okhttp3.mockwebserver.MockWebServer$4 processOneRequest
信息: MockWebServer[55210] received request: GET /pojo HTTP/1.1 and responded: HTTP/1.1 200 OK
十一月 25, 2020 10:43:29 下午 okhttp3.mockwebserver.MockWebServer$3 acceptConnections
信息: MockWebServer[55210] done accepting connections: Socket closed
十一月 25, 2020 10:43:29 下午 okhttp3.mockwebserver.MockWebServer$3 execute
信息: MockWebServer[55212] starting to accept connections
十一月 25, 2020 10:43:29 下午 okhttp3.mockwebserver.MockWebServer$4 processOneRequest
信息: MockWebServer[55212] received request: GET /greeting?name=Spring HTTP/1.1 and responded: HTTP/1.1 404 Client Error
十一月 25, 2020 10:43:29 下午 okhttp3.mockwebserver.MockWebServer$3 acceptConnections
信息: MockWebServer[55212] done accepting connections: Socket closed
十一月 25, 2020 10:43:29 下午 okhttp3.mockwebserver.MockWebServer$3 execute
信息: MockWebServer[55214] starting to accept connections
十一月 25, 2020 10:43:29 下午 okhttp3.mockwebserver.MockWebServer$4 processOneRequest
信息: MockWebServer[55214] received request: GET /json HTTP/1.1 and responded: HTTP/1.1 200 OK
十一月 25, 2020 10:43:29 下午 okhttp3.mockwebserver.MockWebServer$3 acceptConnections
信息: MockWebServer[55214] done accepting connections: Socket closed
十一月 25, 2020 10:43:29 下午 okhttp3.mockwebserver.MockWebServer$3 execute
信息: MockWebServer[55216] starting to accept connections
十一月 25, 2020 10:43:29 下午 okhttp3.mockwebserver.MockWebServer$4 processOneRequest
信息: MockWebServer[55216] received request: GET /test HTTP/1.1 and responded: HTTP/1.1 200 OK
十一月 25, 2020 10:43:29 下午 okhttp3.mockwebserver.MockWebServer$3 acceptConnections
信息: MockWebServer[55216] done accepting connections: Socket closed
十一月 25, 2020 10:43:29 下午 okhttp3.mockwebserver.MockWebServer$3 execute
信息: MockWebServer[55218] starting to accept connections
十一月 25, 2020 10:43:29 下午 okhttp3.mockwebserver.MockWebServer$4 processOneRequest
信息: MockWebServer[55218] received request: GET /json HTTP/1.1 and responded: HTTP/1.1 200 OK
十一月 25, 2020 10:43:29 下午 okhttp3.mockwebserver.MockWebServer$3 acceptConnections
信息: MockWebServer[55218] done accepting connections: Socket closed
十一月 25, 2020 10:43:29 下午 okhttp3.mockwebserver.MockWebServer$3 execute
信息: MockWebServer[55220] starting to accept connections
十一月 25, 2020 10:43:29 下午 okhttp3.mockwebserver.MockWebServer$4 processOneRequest
信息: MockWebServer[55220] received request: GET /greeting?name=Spring HTTP/1.1 and responded: HTTP/1.1 500 Server Error
十一月 25, 2020 10:43:29 下午 okhttp3.mockwebserver.MockWebServer$3 acceptConnections
信息: MockWebServer[55220] done accepting connections: Socket closed
十一月 25, 2020 10:43:29 下午 okhttp3.mockwebserver.MockWebServer$3 execute
信息: MockWebServer[55222] starting to accept connections
十一月 25, 2020 10:43:29 下午 okhttp3.mockwebserver.MockWebServer$4 processOneRequest
信息: MockWebServer[55222] received request: GET /greeting HTTP/1.1 and responded: HTTP/1.1 404 Client Error
十一月 25, 2020 10:43:29 下午 okhttp3.mockwebserver.MockWebServer$3 acceptConnections
信息: MockWebServer[55222] done accepting connections: Socket closed
十一月 25, 2020 10:43:29 下午 okhttp3.mockwebserver.MockWebServer$3 execute
信息: MockWebServer[55224] starting to accept connections
十一月 25, 2020 10:43:29 下午 okhttp3.mockwebserver.MockWebServer$4 processOneRequest
信息: MockWebServer[55224] received request: GET /greeting?name=Spring HTTP/1.1 and responded: HTTP/1.1 500 Server Error
十一月 25, 2020 10:43:29 下午 okhttp3.mockwebserver.MockWebServer$3 acceptConnections
信息: MockWebServer[55224] done accepting connections: Socket closed
十一月 25, 2020 10:43:29 下午 okhttp3.mockwebserver.MockWebServer$3 execute
信息: MockWebServer[55226] starting to accept connections
十一月 25, 2020 10:43:29 下午 okhttp3.mockwebserver.MockWebServer$4 processOneRequest
信息: MockWebServer[55226] received request: GET /greeting?name=Spring HTTP/1.1 and responded: HTTP/1.1 500 Server Error
十一月 25, 2020 10:43:29 下午 okhttp3.mockwebserver.MockWebServer$3 acceptConnections
信息: MockWebServer[55226] done accepting connections: Socket closed
十一月 25, 2020 10:43:29 下午 okhttp3.mockwebserver.MockWebServer$3 execute
信息: MockWebServer[55228] starting to accept connections
十一月 25, 2020 10:43:29 下午 okhttp3.mockwebserver.MockWebServer$4 processOneRequest
信息: MockWebServer[55228] received request: POST / HTTP/1.1 and responded: HTTP/1.1 200 OK
十一月 25, 2020 10:43:29 下午 okhttp3.mockwebserver.MockWebServer$3 acceptConnections
信息: MockWebServer[55228] done accepting connections: Socket closed
十一月 25, 2020 10:43:29 下午 okhttp3.mockwebserver.MockWebServer$3 execute
信息: MockWebServer[55230] starting to accept connections
十一月 25, 2020 10:43:29 下午 okhttp3.mockwebserver.MockWebServer$4 processOneRequest
信息: MockWebServer[55230] received request: GET /greeting?name=Spring HTTP/1.1 and responded: HTTP/1.1 200 OK
十一月 25, 2020 10:43:29 下午 okhttp3.mockwebserver.MockWebServer$3 acceptConnections
信息: MockWebServer[55230] done accepting connections: Socket closed
]]></system-err>
</testsuite>
