<?xml version="1.0" encoding="UTF-8"?>
<testsuite name="org.springframework.web.reactive.result.HandlerResultHandlerTests" tests="5" skipped="0" failures="0" errors="0" timestamp="2019-06-21T11:46:44" hostname="Macbook-Air.local" time="0.014">
  <properties/>
  <testcase name="noConcreteMediaType" classname="org.springframework.web.reactive.result.HandlerResultHandlerTests" time="0.003"/>
  <testcase name="usesContentTypeResolver" classname="org.springframework.web.reactive.result.HandlerResultHandlerTests" time="0.004"/>
  <testcase name="charsetFromAcceptHeader" classname="org.springframework.web.reactive.result.HandlerResultHandlerTests" time="0.002"/>
  <testcase name="producibleMediaTypesRequestAttribute" classname="org.springframework.web.reactive.result.HandlerResultHandlerTests" time="0.002"/>
  <testcase name="sortsByQuality" classname="org.springframework.web.reactive.result.HandlerResultHandlerTests" time="0.002"/>
  <system-out><![CDATA[19:46:44.698 [Test worker] DEBUG o.s.w.r.r.HandlerResultHandlerTests$TestResultHandler - Using 'application/octet-stream' given [*/*] and supported [*/*]
19:46:44.702 [Test worker] DEBUG o.s.w.r.r.HandlerResultHandlerTests$TestResultHandler - Using 'image/gif' given [image/gif] and supported [image/jpeg, image/gif, image/png]
19:46:44.705 [Test worker] DEBUG o.s.w.r.r.HandlerResultHandlerTests$TestResultHandler - Using 'text/plain;charset=ISO-8859-1' given [text/plain;charset=ISO-8859-1] and supported [text/plain;charset=UTF-8]
19:46:44.707 [Test worker] DEBUG o.s.w.r.r.HandlerResultHandlerTests$TestResultHandler - Using 'image/gif' given [*/*] and supported [image/gif]
19:46:44.709 [Test worker] DEBUG o.s.w.r.r.HandlerResultHandlerTests$TestResultHandler - Using 'application/json' given [application/json, text/plain;q=0.5] and supported [text/plain, application/json]
]]></system-out>
  <system-err><![CDATA[]]></system-err>
</testsuite>
