<?xml version="1.0" encoding="UTF-8"?>
<testsuite name="org.springframework.web.reactive.function.server.PublisherHandlerFunctionIntegrationTests" tests="12" skipped="0" failures="0" errors="0" timestamp="2019-06-21T11:48:51" hostname="Macbook-Air.local" time="0.609">
  <properties/>
  <testcase name="flux[server [org.springframework.http.server.reactive.bootstrap.JettyHttpServer@49ff1834]]" classname="org.springframework.web.reactive.function.server.PublisherHandlerFunctionIntegrationTests" time="0.146"/>
  <testcase name="mono[server [org.springframework.http.server.reactive.bootstrap.JettyHttpServer@49ff1834]]" classname="org.springframework.web.reactive.function.server.PublisherHandlerFunctionIntegrationTests" time="0.04"/>
  <testcase name="postMono[server [org.springframework.http.server.reactive.bootstrap.JettyHttpServer@49ff1834]]" classname="org.springframework.web.reactive.function.server.PublisherHandlerFunctionIntegrationTests" time="0.04"/>
  <testcase name="flux[server [org.springframework.http.server.reactive.bootstrap.ReactorHttpServer@26b361e]]" classname="org.springframework.web.reactive.function.server.PublisherHandlerFunctionIntegrationTests" time="0.042"/>
  <testcase name="mono[server [org.springframework.http.server.reactive.bootstrap.ReactorHttpServer@26b361e]]" classname="org.springframework.web.reactive.function.server.PublisherHandlerFunctionIntegrationTests" time="0.037"/>
  <testcase name="postMono[server [org.springframework.http.server.reactive.bootstrap.ReactorHttpServer@26b361e]]" classname="org.springframework.web.reactive.function.server.PublisherHandlerFunctionIntegrationTests" time="0.032"/>
  <testcase name="flux[server [org.springframework.http.server.reactive.bootstrap.TomcatHttpServer@7a406bce]]" classname="org.springframework.web.reactive.function.server.PublisherHandlerFunctionIntegrationTests" time="0.054"/>
  <testcase name="mono[server [org.springframework.http.server.reactive.bootstrap.TomcatHttpServer@7a406bce]]" classname="org.springframework.web.reactive.function.server.PublisherHandlerFunctionIntegrationTests" time="0.056"/>
  <testcase name="postMono[server [org.springframework.http.server.reactive.bootstrap.TomcatHttpServer@7a406bce]]" classname="org.springframework.web.reactive.function.server.PublisherHandlerFunctionIntegrationTests" time="0.052"/>
  <testcase name="flux[server [org.springframework.http.server.reactive.bootstrap.UndertowHttpServer@61bbc714]]" classname="org.springframework.web.reactive.function.server.PublisherHandlerFunctionIntegrationTests" time="0.036"/>
  <testcase name="mono[server [org.springframework.http.server.reactive.bootstrap.UndertowHttpServer@61bbc714]]" classname="org.springframework.web.reactive.function.server.PublisherHandlerFunctionIntegrationTests" time="0.031"/>
  <testcase name="postMono[server [org.springframework.http.server.reactive.bootstrap.UndertowHttpServer@61bbc714]]" classname="org.springframework.web.reactive.function.server.PublisherHandlerFunctionIntegrationTests" time="0.043"/>
  <system-out><![CDATA[19:48:52.047 [Test worker] DEBUG o.s.w.s.a.HttpWebHandlerAdapter - enableLoggingRequestDetails='false': form data and headers will be masked to prevent unsafe logging of potentially sensitive data
19:48:52.047 [Test worker] WARN  o.e.j.s.h.ContextHandler - Empty contextPath
19:48:52.048 [Test worker] INFO  o.e.j.s.h.ContextHandler - Started o.e.j.s.ServletContextHandler@a8827be{/,null,AVAILABLE}
19:48:52.049 [Test worker] DEBUG o.s.h.s.r.b.JettyHttpServer - Starting JettyHttpServer...
19:48:52.049 [Test worker] INFO  o.e.j.s.Server - jetty-9.4.18.v20190429; built: 2019-04-29T20:42:08.989Z; git: e1bc35120a6617ee3df052294e433f3a25ce7097; jvm 1.8.0_144-b01
19:48:52.050 [Test worker] INFO  o.e.j.s.AbstractConnector - Started ServerConnector@7e902666{HTTP/1.1,[http/1.1]}{0.0.0.0:51349}
19:48:52.051 [Test worker] INFO  o.e.j.s.Server - Started @133161ms
19:48:52.051 [Test worker] DEBUG o.s.h.s.r.b.JettyHttpServer - Server started on port 51349(0 millis).
19:48:52.053 [Test worker] DEBUG o.s.w.c.RestTemplate - HTTP GET http://localhost:51349/flux
19:48:52.054 [Test worker] DEBUG o.s.w.c.RestTemplate - Accept=[application/json, application/x-jackson-smile, application/*+json]
19:48:52.058 [qtp959260474-3512] DEBUG o.s.w.s.a.HttpWebHandlerAdapter - [4ef43ada] HTTP GET "/flux"
19:48:52.098 [qtp959260474-3512] DEBUG o.s.h.c.j.Jackson2JsonEncoder - [4ef43ada] Encoding [[Person{name='John'}, Person{name='Jane'}]]
19:48:52.099 [qtp959260474-3512] DEBUG o.s.w.s.a.HttpWebHandlerAdapter - [4ef43ada] Completed 200 OK
19:48:52.099 [Test worker] DEBUG o.s.w.c.RestTemplate - Response 200 OK
19:48:52.099 [Test worker] DEBUG o.s.w.c.RestTemplate - Reading to [java.util.List<org.springframework.web.reactive.function.server.PublisherHandlerFunctionIntegrationTests$Person>]
19:48:52.101 [Test worker] DEBUG o.s.h.s.r.b.JettyHttpServer - Stopping JettyHttpServer...
19:48:52.101 [Test worker] INFO  o.e.j.s.h.ContextHandler - Stopped o.e.j.s.ServletContextHandler@a8827be{/,null,UNAVAILABLE}
19:48:52.102 [Test worker] INFO  o.e.j.s.AbstractConnector - Stopped ServerConnector@7e902666{HTTP/1.1,[http/1.1]}{0.0.0.0:0}
19:48:52.102 [Test worker] DEBUG o.s.h.s.r.b.JettyHttpServer - Server stopped (0 millis).
19:48:52.132 [Test worker] DEBUG o.s.w.s.a.HttpWebHandlerAdapter - enableLoggingRequestDetails='false': form data and headers will be masked to prevent unsafe logging of potentially sensitive data
19:48:52.132 [Test worker] WARN  o.e.j.s.h.ContextHandler - Empty contextPath
19:48:52.132 [Test worker] INFO  o.e.j.s.h.ContextHandler - Started o.e.j.s.ServletContextHandler@199d4c23{/,null,AVAILABLE}
19:48:52.132 [Test worker] DEBUG o.s.h.s.r.b.JettyHttpServer - Starting JettyHttpServer...
19:48:52.132 [Test worker] INFO  o.e.j.s.Server - jetty-9.4.18.v20190429; built: 2019-04-29T20:42:08.989Z; git: e1bc35120a6617ee3df052294e433f3a25ce7097; jvm 1.8.0_144-b01
19:48:52.134 [Test worker] INFO  o.e.j.s.AbstractConnector - Started ServerConnector@796860b4{HTTP/1.1,[http/1.1]}{0.0.0.0:51351}
19:48:52.134 [Test worker] INFO  o.e.j.s.Server - Started @133245ms
19:48:52.134 [Test worker] DEBUG o.s.h.s.r.b.JettyHttpServer - Server started on port 51351(0 millis).
19:48:52.134 [Test worker] DEBUG o.s.w.c.RestTemplate - HTTP GET http://localhost:51351/mono
19:48:52.135 [Test worker] DEBUG o.s.w.c.RestTemplate - Accept=[application/json, application/x-jackson-smile, application/*+json]
19:48:52.138 [qtp930503566-3522] DEBUG o.s.w.s.a.HttpWebHandlerAdapter - [508c7c2e] HTTP GET "/mono"
19:48:52.139 [qtp930503566-3522] DEBUG o.s.h.c.j.Jackson2JsonEncoder - [508c7c2e] Encoding [Person{name='John'}]
19:48:52.139 [qtp930503566-3522] DEBUG o.s.w.s.a.HttpWebHandlerAdapter - [508c7c2e] Completed 200 OK
19:48:52.139 [Test worker] DEBUG o.s.w.c.RestTemplate - Response 200 OK
19:48:52.140 [Test worker] DEBUG o.s.w.c.RestTemplate - Reading to [org.springframework.web.reactive.function.server.PublisherHandlerFunctionIntegrationTests$Person]
19:48:52.140 [Test worker] DEBUG o.s.h.s.r.b.JettyHttpServer - Stopping JettyHttpServer...
19:48:52.140 [Test worker] INFO  o.e.j.s.h.ContextHandler - Stopped o.e.j.s.ServletContextHandler@199d4c23{/,null,UNAVAILABLE}
19:48:52.141 [Test worker] INFO  o.e.j.s.AbstractConnector - Stopped ServerConnector@796860b4{HTTP/1.1,[http/1.1]}{0.0.0.0:0}
19:48:52.142 [Test worker] DEBUG o.s.h.s.r.b.JettyHttpServer - Server stopped (0 millis).
19:48:52.171 [Test worker] DEBUG o.s.w.s.a.HttpWebHandlerAdapter - enableLoggingRequestDetails='false': form data and headers will be masked to prevent unsafe logging of potentially sensitive data
19:48:52.172 [Test worker] WARN  o.e.j.s.h.ContextHandler - Empty contextPath
19:48:52.172 [Test worker] INFO  o.e.j.s.h.ContextHandler - Started o.e.j.s.ServletContextHandler@753d410e{/,null,AVAILABLE}
19:48:52.172 [Test worker] DEBUG o.s.h.s.r.b.JettyHttpServer - Starting JettyHttpServer...
19:48:52.172 [Test worker] INFO  o.e.j.s.Server - jetty-9.4.18.v20190429; built: 2019-04-29T20:42:08.989Z; git: e1bc35120a6617ee3df052294e433f3a25ce7097; jvm 1.8.0_144-b01
19:48:52.173 [Test worker] INFO  o.e.j.s.AbstractConnector - Started ServerConnector@127841e7{HTTP/1.1,[http/1.1]}{0.0.0.0:51353}
19:48:52.173 [Test worker] INFO  o.e.j.s.Server - Started @133284ms
19:48:52.173 [Test worker] DEBUG o.s.h.s.r.b.JettyHttpServer - Server started on port 51353(0 millis).
19:48:52.174 [Test worker] DEBUG o.s.w.c.RestTemplate - HTTP POST http://localhost:51353/mono
19:48:52.174 [Test worker] DEBUG o.s.w.c.RestTemplate - Accept=[application/json, application/x-jackson-smile, application/*+json]
19:48:52.175 [Test worker] DEBUG o.s.w.c.RestTemplate - Writing [Person{name='Jack'}] with org.springframework.http.converter.json.MappingJackson2HttpMessageConverter
19:48:52.176 [qtp893664712-3531] DEBUG o.s.w.s.a.HttpWebHandlerAdapter - [6db582fb] HTTP POST "/mono"
19:48:52.180 [qtp893664712-3531] DEBUG o.s.h.c.j.Jackson2JsonDecoder - [6db582fb] Decoded [Person{name='Jack'}]
19:48:52.180 [qtp893664712-3531] DEBUG o.s.h.c.j.Jackson2JsonEncoder - [6db582fb] Encoding [Person{name='Jack'}]
19:48:52.181 [qtp893664712-3531] DEBUG o.s.w.s.a.HttpWebHandlerAdapter - [6db582fb] Completed 200 OK
19:48:52.181 [Test worker] DEBUG o.s.w.c.RestTemplate - Response 200 OK
19:48:52.181 [Test worker] DEBUG o.s.w.c.RestTemplate - Reading to [org.springframework.web.reactive.function.server.PublisherHandlerFunctionIntegrationTests$Person]
19:48:52.181 [Test worker] DEBUG o.s.h.s.r.b.JettyHttpServer - Stopping JettyHttpServer...
19:48:52.182 [Test worker] INFO  o.e.j.s.h.ContextHandler - Stopped o.e.j.s.ServletContextHandler@753d410e{/,null,UNAVAILABLE}
19:48:52.182 [Test worker] INFO  o.e.j.s.AbstractConnector - Stopped ServerConnector@127841e7{HTTP/1.1,[http/1.1]}{0.0.0.0:0}
19:48:52.183 [Test worker] DEBUG o.s.h.s.r.b.JettyHttpServer - Server stopped (0 millis).
19:48:52.219 [Test worker] DEBUG o.s.w.s.a.HttpWebHandlerAdapter - enableLoggingRequestDetails='false': form data and headers will be masked to prevent unsafe logging of potentially sensitive data
19:48:52.219 [Test worker] DEBUG o.s.h.s.r.b.ReactorHttpServer - Starting ReactorHttpServer...
19:48:52.220 [Test worker] DEBUG o.s.h.s.r.b.ReactorHttpServer - Server started on port 51355(0 millis).
19:48:52.220 [Test worker] DEBUG o.s.w.c.RestTemplate - HTTP GET http://localhost:51355/flux
19:48:52.220 [Test worker] DEBUG o.s.w.c.RestTemplate - Accept=[application/json, application/x-jackson-smile, application/*+json]
19:48:52.222 [reactor-http-nio-2] DEBUG o.s.w.s.a.HttpWebHandlerAdapter - [692fda9b] HTTP GET "/flux"
19:48:52.222 [reactor-http-nio-2] DEBUG o.s.h.c.j.Jackson2JsonEncoder - [692fda9b] Encoding [[Person{name='John'}, Person{name='Jane'}]]
19:48:52.223 [Test worker] DEBUG o.s.w.c.RestTemplate - Response 200 OK
19:48:52.224 [reactor-http-nio-2] DEBUG o.s.w.s.a.HttpWebHandlerAdapter - [692fda9b] Completed 200 OK
19:48:52.224 [Test worker] DEBUG o.s.w.c.RestTemplate - Reading to [java.util.List<org.springframework.web.reactive.function.server.PublisherHandlerFunctionIntegrationTests$Person>]
19:48:52.225 [Test worker] DEBUG o.s.h.s.r.b.ReactorHttpServer - Stopping ReactorHttpServer...
19:48:52.225 [Test worker] DEBUG o.s.h.s.r.b.ReactorHttpServer - Server stopped (0 millis).
19:48:52.256 [Test worker] DEBUG o.s.w.s.a.HttpWebHandlerAdapter - enableLoggingRequestDetails='false': form data and headers will be masked to prevent unsafe logging of potentially sensitive data
19:48:52.256 [Test worker] DEBUG o.s.h.s.r.b.ReactorHttpServer - Starting ReactorHttpServer...
19:48:52.257 [Test worker] DEBUG o.s.h.s.r.b.ReactorHttpServer - Server started on port 51357(0 millis).
19:48:52.257 [Test worker] DEBUG o.s.w.c.RestTemplate - HTTP GET http://localhost:51357/mono
19:48:52.258 [Test worker] DEBUG o.s.w.c.RestTemplate - Accept=[application/json, application/x-jackson-smile, application/*+json]
19:48:52.259 [reactor-http-nio-4] DEBUG o.s.w.s.a.HttpWebHandlerAdapter - [4ea83638] HTTP GET "/mono"
19:48:52.259 [reactor-http-nio-4] DEBUG o.s.h.c.j.Jackson2JsonEncoder - [4ea83638] Encoding [Person{name='John'}]
19:48:52.260 [Test worker] DEBUG o.s.w.c.RestTemplate - Response 200 OK
19:48:52.260 [Test worker] DEBUG o.s.w.c.RestTemplate - Reading to [org.springframework.web.reactive.function.server.PublisherHandlerFunctionIntegrationTests$Person]
19:48:52.261 [Test worker] DEBUG o.s.h.s.r.b.ReactorHttpServer - Stopping ReactorHttpServer...
19:48:52.261 [Test worker] DEBUG o.s.h.s.r.b.ReactorHttpServer - Server stopped (0 millis).
19:48:52.287 [Test worker] DEBUG o.s.w.s.a.HttpWebHandlerAdapter - enableLoggingRequestDetails='false': form data and headers will be masked to prevent unsafe logging of potentially sensitive data
19:48:52.287 [Test worker] DEBUG o.s.h.s.r.b.ReactorHttpServer - Starting ReactorHttpServer...
19:48:52.288 [Test worker] DEBUG o.s.h.s.r.b.ReactorHttpServer - Server started on port 51359(0 millis).
19:48:52.288 [Test worker] DEBUG o.s.w.c.RestTemplate - HTTP POST http://localhost:51359/mono
19:48:52.288 [Test worker] DEBUG o.s.w.c.RestTemplate - Accept=[application/json, application/x-jackson-smile, application/*+json]
19:48:52.289 [Test worker] DEBUG o.s.w.c.RestTemplate - Writing [Person{name='Jack'}] with org.springframework.http.converter.json.MappingJackson2HttpMessageConverter
19:48:52.290 [reactor-http-nio-2] DEBUG o.s.w.s.a.HttpWebHandlerAdapter - [0f502b60] HTTP POST "/mono"
19:48:52.291 [reactor-http-nio-2] DEBUG o.s.h.c.j.Jackson2JsonDecoder - [0f502b60] Decoded [Person{name='Jack'}]
19:48:52.291 [reactor-http-nio-2] DEBUG o.s.h.c.j.Jackson2JsonEncoder - [0f502b60] Encoding [Person{name='Jack'}]
19:48:52.292 [Test worker] DEBUG o.s.w.c.RestTemplate - Response 200 OK
19:48:52.293 [Test worker] DEBUG o.s.w.c.RestTemplate - Reading to [org.springframework.web.reactive.function.server.PublisherHandlerFunctionIntegrationTests$Person]
19:48:52.293 [Test worker] DEBUG o.s.h.s.r.b.ReactorHttpServer - Stopping ReactorHttpServer...
19:48:52.293 [Test worker] DEBUG o.s.h.s.r.b.ReactorHttpServer - Server stopped (0 millis).
19:48:52.319 [Test worker] DEBUG o.s.w.s.a.HttpWebHandlerAdapter - enableLoggingRequestDetails='false': form data and headers will be masked to prevent unsafe logging of potentially sensitive data
19:48:52.320 [Test worker] DEBUG o.s.h.s.r.b.TomcatHttpServer - Starting TomcatHttpServer...
19:48:52.326 [Test worker] DEBUG o.s.h.s.r.b.TomcatHttpServer - Server started on port 51361(0 millis).
19:48:52.327 [Test worker] DEBUG o.s.w.c.RestTemplate - HTTP GET http://localhost:51361/flux
19:48:52.327 [Test worker] DEBUG o.s.w.c.RestTemplate - Accept=[application/json, application/x-jackson-smile, application/*+json]
19:48:52.328 [http-nio-auto-120-exec-1] DEBUG o.s.w.s.a.HttpWebHandlerAdapter - [5546a589] HTTP GET "/flux"
19:48:52.329 [http-nio-auto-120-exec-1] DEBUG o.s.h.c.j.Jackson2JsonEncoder - [5546a589] Encoding [[Person{name='John'}, Person{name='Jane'}]]
19:48:52.330 [http-nio-auto-120-exec-1] DEBUG o.s.w.s.a.HttpWebHandlerAdapter - [5546a589] Completed 200 OK
19:48:52.330 [Test worker] DEBUG o.s.w.c.RestTemplate - Response 200 OK
19:48:52.330 [Test worker] DEBUG o.s.w.c.RestTemplate - Reading to [java.util.List<org.springframework.web.reactive.function.server.PublisherHandlerFunctionIntegrationTests$Person>]
19:48:52.331 [Test worker] DEBUG o.s.h.s.r.b.TomcatHttpServer - Stopping TomcatHttpServer...
19:48:52.347 [Test worker] DEBUG o.s.h.s.r.b.TomcatHttpServer - Server stopped (0 millis).
19:48:52.377 [Test worker] DEBUG o.s.w.s.a.HttpWebHandlerAdapter - enableLoggingRequestDetails='false': form data and headers will be masked to prevent unsafe logging of potentially sensitive data
19:48:52.377 [Test worker] DEBUG o.s.h.s.r.b.TomcatHttpServer - Starting TomcatHttpServer...
19:48:52.385 [Test worker] DEBUG o.s.h.s.r.b.TomcatHttpServer - Server started on port 51364(0 millis).
19:48:52.385 [Test worker] DEBUG o.s.w.c.RestTemplate - HTTP GET http://localhost:51364/mono
19:48:52.386 [Test worker] DEBUG o.s.w.c.RestTemplate - Accept=[application/json, application/x-jackson-smile, application/*+json]
19:48:52.387 [http-nio-auto-121-exec-1] DEBUG o.s.w.s.a.HttpWebHandlerAdapter - [5ccf3960] HTTP GET "/mono"
19:48:52.388 [http-nio-auto-121-exec-1] DEBUG o.s.h.c.j.Jackson2JsonEncoder - [5ccf3960] Encoding [Person{name='John'}]
19:48:52.388 [http-nio-auto-121-exec-1] DEBUG o.s.w.s.a.HttpWebHandlerAdapter - [5ccf3960] Completed 200 OK
19:48:52.388 [Test worker] DEBUG o.s.w.c.RestTemplate - Response 200 OK
19:48:52.389 [Test worker] DEBUG o.s.w.c.RestTemplate - Reading to [org.springframework.web.reactive.function.server.PublisherHandlerFunctionIntegrationTests$Person]
19:48:52.389 [Test worker] DEBUG o.s.h.s.r.b.TomcatHttpServer - Stopping TomcatHttpServer...
19:48:52.403 [Test worker] DEBUG o.s.h.s.r.b.TomcatHttpServer - Server stopped (0 millis).
19:48:52.428 [Test worker] DEBUG o.s.w.s.a.HttpWebHandlerAdapter - enableLoggingRequestDetails='false': form data and headers will be masked to prevent unsafe logging of potentially sensitive data
19:48:52.429 [Test worker] DEBUG o.s.h.s.r.b.TomcatHttpServer - Starting TomcatHttpServer...
19:48:52.436 [Test worker] DEBUG o.s.h.s.r.b.TomcatHttpServer - Server started on port 51367(0 millis).
19:48:52.437 [Test worker] DEBUG o.s.w.c.RestTemplate - HTTP POST http://localhost:51367/mono
19:48:52.437 [Test worker] DEBUG o.s.w.c.RestTemplate - Accept=[application/json, application/x-jackson-smile, application/*+json]
19:48:52.437 [Test worker] DEBUG o.s.w.c.RestTemplate - Writing [Person{name='Jack'}] with org.springframework.http.converter.json.MappingJackson2HttpMessageConverter
19:48:52.439 [http-nio-auto-122-exec-1] DEBUG o.s.w.s.a.HttpWebHandlerAdapter - [7f97675] HTTP POST "/mono"
19:48:52.441 [http-nio-auto-122-exec-1] DEBUG o.s.h.c.j.Jackson2JsonDecoder - [7f97675] Decoded [Person{name='Jack'}]
19:48:52.441 [http-nio-auto-122-exec-1] DEBUG o.s.h.c.j.Jackson2JsonEncoder - [7f97675] Encoding [Person{name='Jack'}]
19:48:52.441 [http-nio-auto-122-exec-1] DEBUG o.s.w.s.a.HttpWebHandlerAdapter - [7f97675] Completed 200 OK
19:48:52.442 [Test worker] DEBUG o.s.w.c.RestTemplate - Response 200 OK
19:48:52.442 [Test worker] DEBUG o.s.w.c.RestTemplate - Reading to [org.springframework.web.reactive.function.server.PublisherHandlerFunctionIntegrationTests$Person]
19:48:52.442 [Test worker] DEBUG o.s.h.s.r.b.TomcatHttpServer - Stopping TomcatHttpServer...
19:48:52.456 [Test worker] DEBUG o.s.h.s.r.b.TomcatHttpServer - Server stopped (0 millis).
19:48:52.484 [Test worker] DEBUG o.s.w.s.a.HttpWebHandlerAdapter - enableLoggingRequestDetails='false': form data and headers will be masked to prevent unsafe logging of potentially sensitive data
19:48:52.484 [Test worker] DEBUG o.s.h.s.r.b.UndertowHttpServer - Starting UndertowHttpServer...
19:48:52.486 [Test worker] DEBUG o.s.h.s.r.b.UndertowHttpServer - Server started on port 51370(0 millis).
19:48:52.486 [Test worker] DEBUG o.s.w.c.RestTemplate - HTTP GET http://localhost:51370/flux
19:48:52.487 [Test worker] DEBUG o.s.w.c.RestTemplate - Accept=[application/json, application/x-jackson-smile, application/*+json]
19:48:52.488 [XNIO-119 I/O-2] DEBUG o.s.w.s.a.HttpWebHandlerAdapter - [287b0432] HTTP GET "/flux"
19:48:52.488 [XNIO-119 I/O-2] DEBUG o.s.h.c.j.Jackson2JsonEncoder - [287b0432] Encoding [[Person{name='John'}, Person{name='Jane'}]]
19:48:52.489 [XNIO-119 I/O-2] DEBUG o.s.w.s.a.HttpWebHandlerAdapter - [287b0432] Completed 200 OK
19:48:52.489 [Test worker] DEBUG o.s.w.c.RestTemplate - Response 200 OK
19:48:52.489 [Test worker] DEBUG o.s.w.c.RestTemplate - Reading to [java.util.List<org.springframework.web.reactive.function.server.PublisherHandlerFunctionIntegrationTests$Person>]
19:48:52.491 [Test worker] DEBUG o.s.h.s.r.b.UndertowHttpServer - Stopping UndertowHttpServer...
19:48:52.491 [Test worker] DEBUG o.s.h.s.r.b.UndertowHttpServer - Server stopped (0 millis).
19:48:52.516 [Test worker] DEBUG o.s.w.s.a.HttpWebHandlerAdapter - enableLoggingRequestDetails='false': form data and headers will be masked to prevent unsafe logging of potentially sensitive data
19:48:52.516 [Test worker] DEBUG o.s.h.s.r.b.UndertowHttpServer - Starting UndertowHttpServer...
19:48:52.518 [Test worker] DEBUG o.s.h.s.r.b.UndertowHttpServer - Server started on port 51372(0 millis).
19:48:52.519 [Test worker] DEBUG o.s.w.c.RestTemplate - HTTP GET http://localhost:51372/mono
19:48:52.519 [Test worker] DEBUG o.s.w.c.RestTemplate - Accept=[application/json, application/x-jackson-smile, application/*+json]
19:48:52.520 [XNIO-120 I/O-2] DEBUG o.s.w.s.a.HttpWebHandlerAdapter - [f5d8a37] HTTP GET "/mono"
19:48:52.521 [XNIO-120 I/O-2] DEBUG o.s.h.c.j.Jackson2JsonEncoder - [f5d8a37] Encoding [Person{name='John'}]
19:48:52.522 [XNIO-120 I/O-2] DEBUG o.s.w.s.a.HttpWebHandlerAdapter - [f5d8a37] Completed 200 OK
19:48:52.522 [Test worker] DEBUG o.s.w.c.RestTemplate - Response 200 OK
19:48:52.522 [Test worker] DEBUG o.s.w.c.RestTemplate - Reading to [org.springframework.web.reactive.function.server.PublisherHandlerFunctionIntegrationTests$Person]
19:48:52.522 [Test worker] DEBUG o.s.h.s.r.b.UndertowHttpServer - Stopping UndertowHttpServer...
19:48:52.523 [Test worker] DEBUG o.s.h.s.r.b.UndertowHttpServer - Server stopped (0 millis).
19:48:52.551 [Test worker] DEBUG o.s.w.s.a.HttpWebHandlerAdapter - enableLoggingRequestDetails='false': form data and headers will be masked to prevent unsafe logging of potentially sensitive data
19:48:52.551 [Test worker] DEBUG o.s.h.s.r.b.UndertowHttpServer - Starting UndertowHttpServer...
19:48:52.561 [Test worker] DEBUG o.s.h.s.r.b.UndertowHttpServer - Server started on port 51374(0 millis).
19:48:52.561 [Test worker] DEBUG o.s.w.c.RestTemplate - HTTP POST http://localhost:51374/mono
19:48:52.562 [Test worker] DEBUG o.s.w.c.RestTemplate - Accept=[application/json, application/x-jackson-smile, application/*+json]
19:48:52.562 [Test worker] DEBUG o.s.w.c.RestTemplate - Writing [Person{name='Jack'}] with org.springframework.http.converter.json.MappingJackson2HttpMessageConverter
19:48:52.563 [XNIO-121 I/O-2] DEBUG o.s.w.s.a.HttpWebHandlerAdapter - [2aa9d128] HTTP POST "/mono"
19:48:52.564 [XNIO-121 I/O-2] DEBUG o.s.h.c.j.Jackson2JsonDecoder - [2aa9d128] Decoded [Person{name='Jack'}]
19:48:52.564 [XNIO-121 I/O-2] DEBUG o.s.h.c.j.Jackson2JsonEncoder - [2aa9d128] Encoding [Person{name='Jack'}]
19:48:52.565 [XNIO-121 I/O-2] DEBUG o.s.w.s.a.HttpWebHandlerAdapter - [2aa9d128] Completed 200 OK
19:48:52.565 [Test worker] DEBUG o.s.w.c.RestTemplate - Response 200 OK
19:48:52.565 [Test worker] DEBUG o.s.w.c.RestTemplate - Reading to [org.springframework.web.reactive.function.server.PublisherHandlerFunctionIntegrationTests$Person]
19:48:52.565 [Test worker] DEBUG o.s.h.s.r.b.UndertowHttpServer - Stopping UndertowHttpServer...
19:48:52.566 [Test worker] DEBUG o.s.h.s.r.b.UndertowHttpServer - Server stopped (0 millis).
]]></system-out>
  <system-err><![CDATA[六月 21, 2019 7:48:52 下午 org.apache.catalina.core.StandardService startInternal
信息: Starting service [Tomcat]
六月 21, 2019 7:48:52 下午 org.apache.catalina.core.StandardEngine startInternal
信息: Starting Servlet engine: [Apache Tomcat/9.0.21]
六月 21, 2019 7:48:52 下午 org.apache.coyote.AbstractProtocol init
信息: Initializing ProtocolHandler ["http-nio-auto-120"]
六月 21, 2019 7:48:52 下午 org.apache.coyote.AbstractProtocol start
信息: Starting ProtocolHandler ["http-nio-auto-120-51361"]
六月 21, 2019 7:48:52 下午 org.apache.coyote.AbstractProtocol pause
信息: Pausing ProtocolHandler ["http-nio-auto-120-51361"]
六月 21, 2019 7:48:52 下午 org.apache.catalina.core.StandardService stopInternal
信息: Stopping service [Tomcat]
六月 21, 2019 7:48:52 下午 org.apache.coyote.AbstractProtocol stop
信息: Stopping ProtocolHandler ["http-nio-auto-120-51361"]
六月 21, 2019 7:48:52 下午 org.apache.coyote.AbstractProtocol destroy
信息: Destroying ProtocolHandler ["http-nio-auto-120-51361"]
六月 21, 2019 7:48:52 下午 org.apache.catalina.core.StandardService startInternal
信息: Starting service [Tomcat]
六月 21, 2019 7:48:52 下午 org.apache.catalina.core.StandardEngine startInternal
信息: Starting Servlet engine: [Apache Tomcat/9.0.21]
六月 21, 2019 7:48:52 下午 org.apache.coyote.AbstractProtocol init
信息: Initializing ProtocolHandler ["http-nio-auto-121"]
六月 21, 2019 7:48:52 下午 org.apache.coyote.AbstractProtocol start
信息: Starting ProtocolHandler ["http-nio-auto-121-51364"]
六月 21, 2019 7:48:52 下午 org.apache.coyote.AbstractProtocol pause
信息: Pausing ProtocolHandler ["http-nio-auto-121-51364"]
六月 21, 2019 7:48:52 下午 org.apache.catalina.core.StandardService stopInternal
信息: Stopping service [Tomcat]
六月 21, 2019 7:48:52 下午 org.apache.coyote.AbstractProtocol stop
信息: Stopping ProtocolHandler ["http-nio-auto-121-51364"]
六月 21, 2019 7:48:52 下午 org.apache.coyote.AbstractProtocol destroy
信息: Destroying ProtocolHandler ["http-nio-auto-121-51364"]
六月 21, 2019 7:48:52 下午 org.apache.catalina.core.StandardService startInternal
信息: Starting service [Tomcat]
六月 21, 2019 7:48:52 下午 org.apache.catalina.core.StandardEngine startInternal
信息: Starting Servlet engine: [Apache Tomcat/9.0.21]
六月 21, 2019 7:48:52 下午 org.apache.coyote.AbstractProtocol init
信息: Initializing ProtocolHandler ["http-nio-auto-122"]
六月 21, 2019 7:48:52 下午 org.apache.coyote.AbstractProtocol start
信息: Starting ProtocolHandler ["http-nio-auto-122-51367"]
六月 21, 2019 7:48:52 下午 org.apache.coyote.AbstractProtocol pause
信息: Pausing ProtocolHandler ["http-nio-auto-122-51367"]
六月 21, 2019 7:48:52 下午 org.apache.catalina.core.StandardService stopInternal
信息: Stopping service [Tomcat]
六月 21, 2019 7:48:52 下午 org.apache.coyote.AbstractProtocol stop
信息: Stopping ProtocolHandler ["http-nio-auto-122-51367"]
六月 21, 2019 7:48:52 下午 org.apache.coyote.AbstractProtocol destroy
信息: Destroying ProtocolHandler ["http-nio-auto-122-51367"]
]]></system-err>
</testsuite>
