<?xml version="1.0" encoding="UTF-8"?>
<testsuite name="org.springframework.web.reactive.result.method.annotation.InitBinderBindingContextTests" tests="7" skipped="0" failures="0" errors="0" timestamp="2019-06-21T11:47:29" hostname="Macbook-Air.local" time="0.018">
  <properties/>
  <testcase name="createBinderNullAttrName" classname="org.springframework.web.reactive.result.method.annotation.InitBinderBindingContextTests" time="0.003"/>
  <testcase name="createBinderWithAttrNameNoMatch" classname="org.springframework.web.reactive.result.method.annotation.InitBinderBindingContextTests" time="0.001"/>
  <testcase name="createBinderWithGlobalInitialization" classname="org.springframework.web.reactive.result.method.annotation.InitBinderBindingContextTests" time="0.002"/>
  <testcase name="createBinderTypeConversion" classname="org.springframework.web.reactive.result.method.annotation.InitBinderBindingContextTests" time="0.007"/>
  <testcase name="returnValueNotExpected" classname="org.springframework.web.reactive.result.method.annotation.InitBinderBindingContextTests" time="0.002"/>
  <testcase name="createBinder" classname="org.springframework.web.reactive.result.method.annotation.InitBinderBindingContextTests" time="0.001"/>
  <testcase name="createBinderWithAttrName" classname="org.springframework.web.reactive.result.method.annotation.InitBinderBindingContextTests" time="0.001"/>
  <system-out><![CDATA[]]></system-out>
  <system-err><![CDATA[]]></system-err>
</testsuite>
