<?xml version="1.0" encoding="UTF-8"?>
<testsuite name="org.springframework.web.reactive.result.method.annotation.HttpEntityMethodArgumentResolverTests" tests="20" skipped="0" failures="0" errors="0" timestamp="2020-11-25T14:42:32" hostname="lichangbaodeMacBook-Pro.local" time="0.031">
  <properties/>
  <testcase name="supports" classname="org.springframework.web.reactive.result.method.annotation.HttpEntityMethodArgumentResolverTests" time="0.002"/>
  <testcase name="httpEntityWithMonoBody" classname="org.springframework.web.reactive.result.method.annotation.HttpEntityMethodArgumentResolverTests" time="0.003"/>
  <testcase name="httpEntityWithRxJava2SingleBody" classname="org.springframework.web.reactive.result.method.annotation.HttpEntityMethodArgumentResolverTests" time="0.004"/>
  <testcase name="emptyBodyWithRxJava2Maybe" classname="org.springframework.web.reactive.result.method.annotation.HttpEntityMethodArgumentResolverTests" time="0.001"/>
  <testcase name="httpEntityWithStringBody" classname="org.springframework.web.reactive.result.method.annotation.HttpEntityMethodArgumentResolverTests" time="0.001"/>
  <testcase name="emptyBodyWithSingle" classname="org.springframework.web.reactive.result.method.annotation.HttpEntityMethodArgumentResolverTests" time="0.003"/>
  <testcase name="emptyBodyWithString" classname="org.springframework.web.reactive.result.method.annotation.HttpEntityMethodArgumentResolverTests" time="0.001"/>
  <testcase name="emptyBodyWithRxJava2Observable" classname="org.springframework.web.reactive.result.method.annotation.HttpEntityMethodArgumentResolverTests" time="0.001"/>
  <testcase name="emptyBodyWithCompletableFuture" classname="org.springframework.web.reactive.result.method.annotation.HttpEntityMethodArgumentResolverTests" time="0.003"/>
  <testcase name="emptyBodyWithFlowable" classname="org.springframework.web.reactive.result.method.annotation.HttpEntityMethodArgumentResolverTests" time="0.001"/>
  <testcase name="emptyBodyWithRxJava2Single" classname="org.springframework.web.reactive.result.method.annotation.HttpEntityMethodArgumentResolverTests" time="0.001"/>
  <testcase name="emptyBodyWithFlux" classname="org.springframework.web.reactive.result.method.annotation.HttpEntityMethodArgumentResolverTests" time="0.0"/>
  <testcase name="emptyBodyWithMono" classname="org.springframework.web.reactive.result.method.annotation.HttpEntityMethodArgumentResolverTests" time="0.001"/>
  <testcase name="httpEntityWithFluxBody" classname="org.springframework.web.reactive.result.method.annotation.HttpEntityMethodArgumentResolverTests" time="0.003"/>
  <testcase name="requestEntity" classname="org.springframework.web.reactive.result.method.annotation.HttpEntityMethodArgumentResolverTests" time="0.0"/>
  <testcase name="httpEntityWithRxJava2MaybeBody" classname="org.springframework.web.reactive.result.method.annotation.HttpEntityMethodArgumentResolverTests" time="0.001"/>
  <testcase name="doesNotSupport" classname="org.springframework.web.reactive.result.method.annotation.HttpEntityMethodArgumentResolverTests" time="0.001"/>
  <testcase name="httpEntityWithSingleBody" classname="org.springframework.web.reactive.result.method.annotation.HttpEntityMethodArgumentResolverTests" time="0.0"/>
  <testcase name="httpEntityWithCompletableFutureBody" classname="org.springframework.web.reactive.result.method.annotation.HttpEntityMethodArgumentResolverTests" time="0.001"/>
  <testcase name="emptyBodyWithObservable" classname="org.springframework.web.reactive.result.method.annotation.HttpEntityMethodArgumentResolverTests" time="0.003"/>
  <system-out><![CDATA[22:42:32.826 [Test worker] DEBUG o.s.w.r.r.m.a.HttpEntityMethodArgumentResolver - [577acb36] Content-Type:text/plain
22:42:32.826 [Test worker] DEBUG o.s.w.r.r.m.a.HttpEntityMethodArgumentResolver - [577acb36] 0..1 [java.lang.String]
22:42:32.828 [Test worker] DEBUG o.s.c.c.StringDecoder - [577acb36] Decoded "line1"
22:42:32.829 [Test worker] DEBUG o.s.w.r.r.m.a.HttpEntityMethodArgumentResolver - [5c38a03f] Content-Type:text/plain
22:42:32.829 [Test worker] DEBUG o.s.w.r.r.m.a.HttpEntityMethodArgumentResolver - [5c38a03f] 0..1 [java.lang.String]
22:42:32.832 [Test worker] DEBUG o.s.c.c.StringDecoder - [5c38a03f] Decoded "line1"
22:42:32.833 [Test worker] DEBUG o.s.w.r.r.m.a.HttpEntityMethodArgumentResolver - [6f9e829e] No Content-Type, using application/octet-stream
22:42:32.833 [Test worker] DEBUG o.s.w.r.r.m.a.HttpEntityMethodArgumentResolver - [6f9e829e] 0..1 [java.lang.String]
22:42:32.834 [Test worker] DEBUG o.s.w.r.r.m.a.HttpEntityMethodArgumentResolver - [37487d3d] Content-Type:text/plain
22:42:32.834 [Test worker] DEBUG o.s.w.r.r.m.a.HttpEntityMethodArgumentResolver - [37487d3d] 0..1 [java.lang.String]
22:42:32.834 [Test worker] DEBUG o.s.c.c.StringDecoder - [37487d3d] Decoded "line1"
22:42:32.834 [Test worker] DEBUG o.s.w.r.r.m.a.HttpEntityMethodArgumentResolver - [2cd98338] No Content-Type, using application/octet-stream
22:42:32.834 [Test worker] DEBUG o.s.w.r.r.m.a.HttpEntityMethodArgumentResolver - [2cd98338] 0..1 [java.lang.String]
22:42:32.838 [Test worker] DEBUG o.s.w.r.r.m.a.HttpEntityMethodArgumentResolver - [7bc8b20f] No Content-Type, using application/octet-stream
22:42:32.838 [Test worker] DEBUG o.s.w.r.r.m.a.HttpEntityMethodArgumentResolver - [7bc8b20f] 0..1 [java.lang.String]
22:42:32.838 [Test worker] DEBUG o.s.w.r.r.m.a.HttpEntityMethodArgumentResolver - [1247cf18] No Content-Type, using application/octet-stream
22:42:32.838 [Test worker] DEBUG o.s.w.r.r.m.a.HttpEntityMethodArgumentResolver - [1247cf18] 0..N [java.lang.String]
22:42:32.840 [Test worker] DEBUG o.s.w.r.r.m.a.HttpEntityMethodArgumentResolver - [1620bd03] No Content-Type, using application/octet-stream
22:42:32.840 [Test worker] DEBUG o.s.w.r.r.m.a.HttpEntityMethodArgumentResolver - [1620bd03] 0..1 [java.lang.String]
22:42:32.843 [Test worker] DEBUG o.s.w.r.r.m.a.HttpEntityMethodArgumentResolver - [1384cec2] No Content-Type, using application/octet-stream
22:42:32.843 [Test worker] DEBUG o.s.w.r.r.m.a.HttpEntityMethodArgumentResolver - [1384cec2] 0..N [java.lang.String]
22:42:32.843 [Test worker] DEBUG o.s.w.r.r.m.a.HttpEntityMethodArgumentResolver - [39c167bf] No Content-Type, using application/octet-stream
22:42:32.843 [Test worker] DEBUG o.s.w.r.r.m.a.HttpEntityMethodArgumentResolver - [39c167bf] 0..1 [java.lang.String]
22:42:32.844 [Test worker] DEBUG o.s.w.r.r.m.a.HttpEntityMethodArgumentResolver - [6be77e2a] No Content-Type, using application/octet-stream
22:42:32.844 [Test worker] DEBUG o.s.w.r.r.m.a.HttpEntityMethodArgumentResolver - [6be77e2a] 0..N [java.lang.String]
22:42:32.845 [Test worker] DEBUG o.s.w.r.r.m.a.HttpEntityMethodArgumentResolver - [4f5695dc] No Content-Type, using application/octet-stream
22:42:32.845 [Test worker] DEBUG o.s.w.r.r.m.a.HttpEntityMethodArgumentResolver - [4f5695dc] 0..1 [java.lang.String]
22:42:32.845 [Test worker] DEBUG o.s.w.r.r.m.a.HttpEntityMethodArgumentResolver - [7a91b02a] Content-Type:text/plain
22:42:32.845 [Test worker] DEBUG o.s.w.r.r.m.a.HttpEntityMethodArgumentResolver - [7a91b02a] 0..N [java.lang.String]
22:42:32.848 [Test worker] DEBUG o.s.c.c.StringDecoder - [7a91b02a] Decoded "line1"
22:42:32.848 [Test worker] DEBUG o.s.c.c.StringDecoder - [7a91b02a] Decoded "line2"
22:42:32.848 [Test worker] DEBUG o.s.c.c.StringDecoder - [7a91b02a] Decoded "line3"
22:42:32.848 [Test worker] DEBUG o.s.w.r.r.m.a.HttpEntityMethodArgumentResolver - [75521ed3] Content-Type:text/plain
22:42:32.848 [Test worker] DEBUG o.s.w.r.r.m.a.HttpEntityMethodArgumentResolver - [75521ed3] 0..1 [java.lang.String]
22:42:32.848 [Test worker] DEBUG o.s.c.c.StringDecoder - [75521ed3] Decoded "line1"
22:42:32.849 [Test worker] DEBUG o.s.w.r.r.m.a.HttpEntityMethodArgumentResolver - [3d183ed8] Content-Type:text/plain
22:42:32.849 [Test worker] DEBUG o.s.w.r.r.m.a.HttpEntityMethodArgumentResolver - [3d183ed8] 0..1 [java.lang.String]
22:42:32.849 [Test worker] DEBUG o.s.c.c.StringDecoder - [3d183ed8] Decoded "line1"
22:42:32.850 [Test worker] DEBUG o.s.w.r.r.m.a.HttpEntityMethodArgumentResolver - [4bd8d826] Content-Type:text/plain
22:42:32.850 [Test worker] DEBUG o.s.w.r.r.m.a.HttpEntityMethodArgumentResolver - [4bd8d826] 0..1 [java.lang.String]
22:42:32.850 [Test worker] DEBUG o.s.c.c.StringDecoder - [4bd8d826] Decoded "line1"
22:42:32.851 [Test worker] DEBUG o.s.w.r.r.m.a.HttpEntityMethodArgumentResolver - [3236a0b4] Content-Type:text/plain
22:42:32.851 [Test worker] DEBUG o.s.w.r.r.m.a.HttpEntityMethodArgumentResolver - [3236a0b4] 0..1 [java.lang.String]
22:42:32.851 [Test worker] DEBUG o.s.c.c.StringDecoder - [3236a0b4] Decoded "line1"
22:42:32.851 [Test worker] DEBUG o.s.w.r.r.m.a.HttpEntityMethodArgumentResolver - [4ea4b6d4] No Content-Type, using application/octet-stream
22:42:32.851 [Test worker] DEBUG o.s.w.r.r.m.a.HttpEntityMethodArgumentResolver - [4ea4b6d4] 0..N [java.lang.String]
]]></system-out>
  <system-err><![CDATA[]]></system-err>
</testsuite>
