<?xml version="1.0" encoding="UTF-8"?>
<testsuite name="org.springframework.web.reactive.result.method.annotation.ContextPathIntegrationTests" tests="2" skipped="0" failures="0" errors="0" timestamp="2020-11-25T14:42:42" hostname="lichangbaodeMacBook-Pro.local" time="0.207">
  <properties/>
  <testcase name="servletPathMapping" classname="org.springframework.web.reactive.result.method.annotation.ContextPathIntegrationTests" time="0.082"/>
  <testcase name="multipleWebFluxApps" classname="org.springframework.web.reactive.result.method.annotation.ContextPathIntegrationTests" time="0.125"/>
  <system-out><![CDATA[22:42:42.636 [Test worker] DEBUG o.s.w.r.r.m.a.RequestMappingHandlerMapping - 1 mappings in 'requestMappingHandlerMapping'
22:42:42.652 [Test worker] DEBUG o.s.w.r.r.m.a.ControllerMethodResolver - ControllerAdvice beans: none
22:42:42.678 [Test worker] DEBUG o.s.w.s.a.HttpWebHandlerAdapter - enableLoggingRequestDetails='false': form data and headers will be masked to prevent unsafe logging of potentially sensitive data
22:42:42.678 [Test worker] DEBUG o.s.h.s.r.b.TomcatHttpServer - Starting TomcatHttpServer...
22:42:42.683 [Test worker] DEBUG o.s.h.s.r.b.TomcatHttpServer - Server started on port 54038(0 millis).
22:42:42.694 [Test worker] DEBUG o.s.w.c.RestTemplate - HTTP GET http://localhost:54038/app/api/test
22:42:42.694 [Test worker] DEBUG o.s.w.c.RestTemplate - Accept=[text/plain, application/json, application/x-jackson-smile, application/*+json, */*]
22:42:42.695 [http-nio-auto-43-exec-1] DEBUG o.s.h.s.r.ServletHttpHandlerAdapter - Found servlet mapping prefix '/api' for 'httpHandlerServlet'
22:42:42.696 [http-nio-auto-43-exec-1] DEBUG o.s.w.s.a.HttpWebHandlerAdapter - [1ea0a338] HTTP GET "/app/api/test"
22:42:42.696 [http-nio-auto-43-exec-1] DEBUG o.s.w.r.r.m.a.RequestMappingHandlerMapping - [1ea0a338] Mapped to org.springframework.web.reactive.result.method.annotation.ContextPathIntegrationTests$TestController#handle(ServerHttpRequest)
22:42:42.696 [http-nio-auto-43-exec-1] DEBUG o.s.w.r.r.m.a.ResponseBodyResultHandler - Using 'text/plain;charset=UTF-8' given [text/plain, application/json, application/x-jackson-smile, application/*+json, */*] and supported [text/plain;charset=UTF-8, text/event-stream, text/plain;charset=UTF-8, */*]
22:42:42.696 [http-nio-auto-43-exec-1] DEBUG o.s.w.r.r.m.a.ResponseBodyResultHandler - [1ea0a338] 0..1 [java.lang.String]
22:42:42.696 [http-nio-auto-43-exec-1] DEBUG o.s.c.c.CharSequenceEncoder - [1ea0a338] Writing "Tested in /app/api"
22:42:42.697 [http-nio-auto-43-exec-1] DEBUG o.s.w.s.a.HttpWebHandlerAdapter - [1ea0a338] Completed 200 OK
22:42:42.697 [Test worker] DEBUG o.s.w.c.RestTemplate - Response 200 OK
22:42:42.697 [Test worker] DEBUG o.s.w.c.RestTemplate - Reading to [java.lang.String] as "text/plain;charset=UTF-8"
22:42:42.697 [Test worker] DEBUG o.s.h.s.r.b.TomcatHttpServer - Stopping TomcatHttpServer...
22:42:42.706 [Test worker] DEBUG o.s.h.s.r.b.TomcatHttpServer - Server stopped (0 millis).
22:42:42.716 [Test worker] DEBUG o.s.w.r.r.m.a.RequestMappingHandlerMapping - 1 mappings in 'requestMappingHandlerMapping'
22:42:42.734 [Test worker] DEBUG o.s.w.r.r.m.a.ControllerMethodResolver - ControllerAdvice beans: none
22:42:42.761 [Test worker] DEBUG o.s.w.r.r.m.a.RequestMappingHandlerMapping - 1 mappings in 'requestMappingHandlerMapping'
22:42:42.779 [Test worker] DEBUG o.s.w.r.r.m.a.ControllerMethodResolver - ControllerAdvice beans: none
22:42:42.805 [Test worker] DEBUG o.s.w.s.a.HttpWebHandlerAdapter - enableLoggingRequestDetails='false': form data and headers will be masked to prevent unsafe logging of potentially sensitive data
22:42:42.809 [Test worker] DEBUG o.s.w.s.a.HttpWebHandlerAdapter - enableLoggingRequestDetails='false': form data and headers will be masked to prevent unsafe logging of potentially sensitive data
22:42:42.810 [Test worker] DEBUG o.s.h.s.r.b.ReactorHttpServer - Starting ReactorHttpServer...
22:42:42.810 [Test worker] DEBUG o.s.h.s.r.b.ReactorHttpServer - Server started on port 54041(0 millis).
22:42:42.819 [Test worker] DEBUG o.s.w.c.RestTemplate - HTTP GET http://localhost:54041/webApp1/test
22:42:42.819 [Test worker] DEBUG o.s.w.c.RestTemplate - Accept=[text/plain, application/json, application/x-jackson-smile, application/*+json, */*]
22:42:42.827 [reactor-http-nio-6] DEBUG o.s.w.s.a.HttpWebHandlerAdapter - [f980d00b] HTTP GET "/webApp1/test"
22:42:42.828 [reactor-http-nio-6] DEBUG o.s.w.r.r.m.a.RequestMappingHandlerMapping - [f980d00b] Mapped to org.springframework.web.reactive.result.method.annotation.ContextPathIntegrationTests$TestController#handle(ServerHttpRequest)
22:42:42.828 [reactor-http-nio-6] DEBUG o.s.w.r.r.m.a.ResponseBodyResultHandler - Using 'text/plain;charset=UTF-8' given [text/plain, application/json, application/x-jackson-smile, application/*+json, */*] and supported [text/plain;charset=UTF-8, text/event-stream, text/plain;charset=UTF-8, */*]
22:42:42.828 [reactor-http-nio-6] DEBUG o.s.w.r.r.m.a.ResponseBodyResultHandler - [f980d00b] 0..1 [java.lang.String]
22:42:42.828 [reactor-http-nio-6] DEBUG o.s.c.c.CharSequenceEncoder - [f980d00b] Writing "Tested in /webApp1"
22:42:42.829 [Test worker] DEBUG o.s.w.c.RestTemplate - Response 200 OK
22:42:42.829 [Test worker] DEBUG o.s.w.c.RestTemplate - Reading to [java.lang.String] as "text/plain;charset=UTF-8"
22:42:42.829 [Test worker] DEBUG o.s.w.c.RestTemplate - HTTP GET http://localhost:54041/webApp2/test
22:42:42.829 [Test worker] DEBUG o.s.w.c.RestTemplate - Accept=[text/plain, application/json, application/x-jackson-smile, application/*+json, */*]
22:42:42.829 [reactor-http-nio-6] DEBUG o.s.w.s.a.HttpWebHandlerAdapter - [f980d00b] HTTP GET "/webApp2/test"
22:42:42.830 [reactor-http-nio-6] DEBUG o.s.w.r.r.m.a.RequestMappingHandlerMapping - [f980d00b] Mapped to org.springframework.web.reactive.result.method.annotation.ContextPathIntegrationTests$TestController#handle(ServerHttpRequest)
22:42:42.830 [reactor-http-nio-6] DEBUG o.s.w.r.r.m.a.ResponseBodyResultHandler - Using 'text/plain;charset=UTF-8' given [text/plain, application/json, application/x-jackson-smile, application/*+json, */*] and supported [text/plain;charset=UTF-8, text/event-stream, text/plain;charset=UTF-8, */*]
22:42:42.830 [reactor-http-nio-6] DEBUG o.s.w.r.r.m.a.ResponseBodyResultHandler - [f980d00b] 0..1 [java.lang.String]
22:42:42.830 [reactor-http-nio-6] DEBUG o.s.c.c.CharSequenceEncoder - [f980d00b] Writing "Tested in /webApp2"
22:42:42.831 [Test worker] DEBUG o.s.w.c.RestTemplate - Response 200 OK
22:42:42.831 [Test worker] DEBUG o.s.w.c.RestTemplate - Reading to [java.lang.String] as "text/plain;charset=UTF-8"
22:42:42.831 [Test worker] DEBUG o.s.h.s.r.b.ReactorHttpServer - Stopping ReactorHttpServer...
22:42:42.831 [Test worker] DEBUG o.s.h.s.r.b.ReactorHttpServer - Server stopped (0 millis).
]]></system-out>
  <system-err><![CDATA[十一月 25, 2020 10:42:42 下午 org.apache.catalina.core.StandardService startInternal
信息: Starting service [Tomcat]
十一月 25, 2020 10:42:42 下午 org.apache.catalina.core.StandardEngine startInternal
信息: Starting Servlet engine: [Apache Tomcat/9.0.21]
十一月 25, 2020 10:42:42 下午 org.apache.coyote.AbstractProtocol init
信息: Initializing ProtocolHandler ["http-nio-auto-43"]
十一月 25, 2020 10:42:42 下午 org.apache.coyote.AbstractProtocol start
信息: Starting ProtocolHandler ["http-nio-auto-43-54038"]
十一月 25, 2020 10:42:42 下午 org.apache.coyote.AbstractProtocol pause
信息: Pausing ProtocolHandler ["http-nio-auto-43-54038"]
十一月 25, 2020 10:42:42 下午 org.apache.catalina.core.StandardService stopInternal
信息: Stopping service [Tomcat]
十一月 25, 2020 10:42:42 下午 org.apache.coyote.AbstractProtocol stop
信息: Stopping ProtocolHandler ["http-nio-auto-43-54038"]
十一月 25, 2020 10:42:42 下午 org.apache.coyote.AbstractProtocol destroy
信息: Destroying ProtocolHandler ["http-nio-auto-43-54038"]
]]></system-err>
</testsuite>
