<?xml version="1.0" encoding="UTF-8"?>
<testsuite name="org.springframework.web.reactive.function.server.support.RouterFunctionMappingTests" tests="2" skipped="0" failures="0" errors="0" timestamp="2020-11-25T14:43:23" hostname="lichangbaodeMacBook-Pro.local" time="0.009">
  <properties/>
  <testcase name="normal" classname="org.springframework.web.reactive.function.server.support.RouterFunctionMappingTests" time="0.005"/>
  <testcase name="noMatch" classname="org.springframework.web.reactive.function.server.support.RouterFunctionMappingTests" time="0.004"/>
  <system-out><![CDATA[22:43:23.882 [Test worker] DEBUG o.s.w.r.f.s.s.RouterFunctionMapping - [45dd8e78] Mapped to org.springframework.web.reactive.function.server.support.RouterFunctionMappingTests$$Lambda$1490/1340248028@2aab7573
]]></system-out>
  <system-err><![CDATA[]]></system-err>
</testsuite>
