<?xml version="1.0" encoding="UTF-8"?>
<testsuite name="org.springframework.web.reactive.result.method.annotation.ModelAttributeMethodArgumentResolverTests" tests="13" skipped="0" failures="0" errors="0" timestamp="2019-06-21T11:48:43" hostname="Macbook-Air.local" time="0.278">
  <properties/>
  <testcase name="bindExistingMonoToMono" classname="org.springframework.web.reactive.result.method.annotation.ModelAttributeMethodArgumentResolverTests" time="0.023"/>
  <testcase name="supports" classname="org.springframework.web.reactive.result.method.annotation.ModelAttributeMethodArgumentResolverTests" time="0.009"/>
  <testcase name="bindExistingMono" classname="org.springframework.web.reactive.result.method.annotation.ModelAttributeMethodArgumentResolverTests" time="0.014"/>
  <testcase name="createAndBindToSingle" classname="org.springframework.web.reactive.result.method.annotation.ModelAttributeMethodArgumentResolverTests" time="0.071"/>
  <testcase name="createAndBindToMono" classname="org.springframework.web.reactive.result.method.annotation.ModelAttributeMethodArgumentResolverTests" time="0.016"/>
  <testcase name="validationErrorToSingle" classname="org.springframework.web.reactive.result.method.annotation.ModelAttributeMethodArgumentResolverTests" time="0.018"/>
  <testcase name="validationError" classname="org.springframework.web.reactive.result.method.annotation.ModelAttributeMethodArgumentResolverTests" time="0.017"/>
  <testcase name="supportsWithDefaultResolution" classname="org.springframework.web.reactive.result.method.annotation.ModelAttributeMethodArgumentResolverTests" time="0.009"/>
  <testcase name="bindExistingSingle" classname="org.springframework.web.reactive.result.method.annotation.ModelAttributeMethodArgumentResolverTests" time="0.015"/>
  <testcase name="validationErrorToMono" classname="org.springframework.web.reactive.result.method.annotation.ModelAttributeMethodArgumentResolverTests" time="0.023"/>
  <testcase name="bindDataClass" classname="org.springframework.web.reactive.result.method.annotation.ModelAttributeMethodArgumentResolverTests" time="0.025"/>
  <testcase name="createAndBind" classname="org.springframework.web.reactive.result.method.annotation.ModelAttributeMethodArgumentResolverTests" time="0.019"/>
  <testcase name="bindExisting" classname="org.springframework.web.reactive.result.method.annotation.ModelAttributeMethodArgumentResolverTests" time="0.019"/>
  <system-out><![CDATA[19:48:43.677 [Test worker] DEBUG o.s.h.c.FormHttpMessageReader - [3f1eff1a] Read form fields [name, age] (content masked)
19:48:43.703 [Test worker] DEBUG o.s.h.c.FormHttpMessageReader - [3463deb0] Read form fields [name, age] (content masked)
19:48:43.723 [Test worker] DEBUG o.s.h.c.FormHttpMessageReader - [441248c3] Read form fields [name, age] (content masked)
19:48:43.790 [Test worker] DEBUG o.s.h.c.FormHttpMessageReader - [18aa0a6] Read form fields [name, age] (content masked)
19:48:43.803 [Test worker] DEBUG o.s.h.c.FormHttpMessageReader - [32c8b743] Read form fields [age] (content masked)
19:48:43.824 [Test worker] DEBUG o.s.h.c.FormHttpMessageReader - [339191e5] Read form fields [age] (content masked)
19:48:43.849 [Test worker] DEBUG o.s.h.c.FormHttpMessageReader - [2ca3c9ff] Read form fields [name, age] (content masked)
19:48:43.871 [Test worker] DEBUG o.s.h.c.FormHttpMessageReader - [3e956a58] Read form fields [age] (content masked)
19:48:43.892 [Test worker] DEBUG o.s.h.c.FormHttpMessageReader - [11a7a837] Read form fields [name, age, count] (content masked)
19:48:43.913 [Test worker] DEBUG o.s.h.c.FormHttpMessageReader - [c639aa4] Read form fields [name, age] (content masked)
19:48:43.934 [Test worker] DEBUG o.s.h.c.FormHttpMessageReader - [2bdc8df8] Read form fields [name, age] (content masked)
]]></system-out>
  <system-err><![CDATA[]]></system-err>
</testsuite>
