<?xml version="1.0" encoding="UTF-8"?>
<testsuite name="org.springframework.web.reactive.result.method.annotation.ModelInitializerTests" tests="6" skipped="0" failures="0" errors="0" timestamp="2020-11-25T14:42:32" hostname="lichangbaodeMacBook-Pro.local" time="0.042">
  <properties/>
  <testcase name="clearModelAttributeFromSession" classname="org.springframework.web.reactive.result.method.annotation.ModelInitializerTests" time="0.018"/>
  <testcase name="modelAttributeMethods" classname="org.springframework.web.reactive.result.method.annotation.ModelInitializerTests" time="0.003"/>
  <testcase name="initBinderMethod" classname="org.springframework.web.reactive.result.method.annotation.ModelInitializerTests" time="0.017"/>
  <testcase name="requiredSessionAttributeMissing" classname="org.springframework.web.reactive.result.method.annotation.ModelInitializerTests" time="0.002"/>
  <testcase name="saveModelAttributeToSession" classname="org.springframework.web.reactive.result.method.annotation.ModelInitializerTests" time="0.001"/>
  <testcase name="retrieveModelAttributeFromSession" classname="org.springframework.web.reactive.result.method.annotation.ModelInitializerTests" time="0.001"/>
  <system-out><![CDATA[22:42:32.638 [Test worker] DEBUG o.s.w.r.r.m.a.ControllerMethodResolver - ControllerAdvice beans: none
22:42:32.656 [Test worker] DEBUG o.s.w.r.r.m.a.ControllerMethodResolver - ControllerAdvice beans: none
22:42:32.659 [Test worker] DEBUG o.s.w.r.r.m.a.ControllerMethodResolver - ControllerAdvice beans: none
22:42:32.676 [Test worker] DEBUG o.s.w.r.r.m.a.ControllerMethodResolver - ControllerAdvice beans: none
22:42:32.678 [Test worker] DEBUG o.s.w.r.r.m.a.ControllerMethodResolver - ControllerAdvice beans: none
22:42:32.679 [Test worker] DEBUG o.s.w.r.r.m.a.ControllerMethodResolver - ControllerAdvice beans: none
]]></system-out>
  <system-err><![CDATA[]]></system-err>
</testsuite>
