<?xml version="1.0" encoding="UTF-8"?>
<testsuite name="org.springframework.web.reactive.config.WebFluxConfigurationSupportTests" tests="9" skipped="0" failures="0" errors="0" timestamp="2019-06-21T11:48:51" hostname="Macbook-Air.local" time="0.627">
  <properties/>
  <testcase name="resourceUrlProvider" classname="org.springframework.web.reactive.config.WebFluxConfigurationSupportTests" time="0.068"/>
  <testcase name="customPathMatchConfig" classname="org.springframework.web.reactive.config.WebFluxConfigurationSupportTests" time="0.087"/>
  <testcase name="requestMappingHandlerAdapter" classname="org.springframework.web.reactive.config.WebFluxConfigurationSupportTests" time="0.062"/>
  <testcase name="customMessageConverterConfig" classname="org.springframework.web.reactive.config.WebFluxConfigurationSupportTests" time="0.038"/>
  <testcase name="responseBodyResultHandler" classname="org.springframework.web.reactive.config.WebFluxConfigurationSupportTests" time="0.058"/>
  <testcase name="viewResolutionResultHandler" classname="org.springframework.web.reactive.config.WebFluxConfigurationSupportTests" time="0.092"/>
  <testcase name="requestMappingHandlerMapping" classname="org.springframework.web.reactive.config.WebFluxConfigurationSupportTests" time="0.067"/>
  <testcase name="resourceHandler" classname="org.springframework.web.reactive.config.WebFluxConfigurationSupportTests" time="0.082"/>
  <testcase name="responseEntityResultHandler" classname="org.springframework.web.reactive.config.WebFluxConfigurationSupportTests" time="0.073"/>
  <system-out><![CDATA[19:48:51.221 [Test worker] DEBUG o.s.w.r.r.m.a.ControllerMethodResolver - ControllerAdvice beans: none
19:48:51.283 [Test worker] DEBUG o.s.w.r.r.m.a.RequestMappingHandlerMapping - 1 mappings in 'requestMappingHandlerMapping'
19:48:51.310 [Test worker] DEBUG o.s.w.r.r.m.a.ControllerMethodResolver - ControllerAdvice beans: none
19:48:51.376 [Test worker] DEBUG o.s.w.r.r.m.a.ControllerMethodResolver - ControllerAdvice beans: none
19:48:51.439 [Test worker] DEBUG o.s.w.r.r.m.a.ControllerMethodResolver - ControllerAdvice beans: none
19:48:51.475 [Test worker] DEBUG o.s.w.r.r.m.a.ControllerMethodResolver - ControllerAdvice beans: none
19:48:51.558 [Test worker] DEBUG o.s.w.r.r.m.a.ControllerMethodResolver - ControllerAdvice beans: none
19:48:51.627 [Test worker] DEBUG o.s.w.r.r.m.a.ControllerMethodResolver - ControllerAdvice beans: none
19:48:51.692 [Test worker] DEBUG o.s.w.r.h.SimpleUrlHandlerMapping - Patterns [/images/**] in 'resourceHandlerMapping'
19:48:51.710 [Test worker] DEBUG o.s.w.r.r.m.a.ControllerMethodResolver - ControllerAdvice beans: none
19:48:51.782 [Test worker] DEBUG o.s.w.r.r.m.a.ControllerMethodResolver - ControllerAdvice beans: none
]]></system-out>
  <system-err><![CDATA[]]></system-err>
</testsuite>
