<?xml version="1.0" encoding="UTF-8"?>
<testsuite name="org.springframework.web.reactive.DispatcherHandlerErrorTests" tests="7" skipped="0" failures="0" errors="0" timestamp="2020-11-25T14:42:09" hostname="lichangbaodeMacBook-Pro.local" time="0.763">
  <properties/>
  <testcase name="controllerReturnsMonoError" classname="org.springframework.web.reactive.DispatcherHandlerErrorTests" time="0.629"/>
  <testcase name="controllerThrowsException" classname="org.springframework.web.reactive.DispatcherHandlerErrorTests" time="0.023"/>
  <testcase name="webExceptionHandler" classname="org.springframework.web.reactive.DispatcherHandlerErrorTests" time="0.021"/>
  <testcase name="requestBodyError" classname="org.springframework.web.reactive.DispatcherHandlerErrorTests" time="0.034"/>
  <testcase name="responseBodyMessageConversionError" classname="org.springframework.web.reactive.DispatcherHandlerErrorTests" time="0.021"/>
  <testcase name="unknownReturnType" classname="org.springframework.web.reactive.DispatcherHandlerErrorTests" time="0.017"/>
  <testcase name="noHandler" classname="org.springframework.web.reactive.DispatcherHandlerErrorTests" time="0.018"/>
  <system-out><![CDATA[22:42:09.779 [Test worker] DEBUG o.s.w.r.r.m.a.RequestMappingHandlerMapping - 4 mappings in 'handlerMapping'
22:42:10.013 [Test worker] WARN  o.s.h.c.j.Jackson2ObjectMapperBuilder - For Jackson Kotlin classes support please add "com.fasterxml.jackson.module:jackson-module-kotlin" to the classpath
22:42:10.311 [Test worker] DEBUG o.s.w.r.r.m.a.ControllerMethodResolver - ControllerAdvice beans: none
22:42:10.327 [Test worker] DEBUG o.s.w.r.r.m.a.RequestMappingHandlerMapping - [2894f5bc] Mapped to org.springframework.web.reactive.DispatcherHandlerErrorTests$TestController#errorSignal()
22:42:10.337 [Test worker] DEBUG o.s.w.r.r.m.a.ResponseBodyResultHandler - Using 'text/plain;charset=UTF-8' given [*/*] and supported [text/plain;charset=UTF-8]
22:42:10.337 [Test worker] DEBUG o.s.w.r.r.m.a.ResponseBodyResultHandler - [2894f5bc] 0..1 [java.lang.String]
22:42:10.362 [Test worker] DEBUG o.s.w.r.r.m.a.RequestMappingHandlerMapping - 4 mappings in 'handlerMapping'
22:42:10.368 [Test worker] DEBUG o.s.w.r.r.m.a.ControllerMethodResolver - ControllerAdvice beans: none
22:42:10.371 [Test worker] DEBUG o.s.w.r.r.m.a.RequestMappingHandlerMapping - [6b68b942] Mapped to org.springframework.web.reactive.DispatcherHandlerErrorTests$TestController#raiseException()
22:42:10.381 [Test worker] DEBUG o.s.w.r.r.m.a.RequestMappingHandlerMapping - 4 mappings in 'handlerMapping'
22:42:10.387 [Test worker] DEBUG o.s.w.r.r.m.a.ControllerMethodResolver - ControllerAdvice beans: none
22:42:10.401 [Test worker] DEBUG o.s.w.r.r.m.a.RequestMappingHandlerMapping - 4 mappings in 'handlerMapping'
22:42:10.407 [Test worker] DEBUG o.s.w.r.r.m.a.ControllerMethodResolver - ControllerAdvice beans: none
22:42:10.410 [Test worker] DEBUG o.s.w.r.r.m.a.RequestMappingHandlerMapping - [2ca7f616] Mapped to org.springframework.web.reactive.DispatcherHandlerErrorTests$TestController#requestBody(Publisher)
22:42:10.415 [Test worker] DEBUG o.s.w.r.r.m.a.RequestBodyMethodArgumentResolver - [2ca7f616] No Content-Type, using application/octet-stream
22:42:10.416 [Test worker] DEBUG o.s.w.r.r.m.a.RequestBodyMethodArgumentResolver - [2ca7f616] 0..N [java.lang.String]
22:42:10.423 [Test worker] DEBUG o.s.w.r.r.m.a.ResponseBodyResultHandler - Using 'text/plain;charset=UTF-8' given [*/*] and supported [text/plain;charset=UTF-8]
22:42:10.423 [Test worker] DEBUG o.s.w.r.r.m.a.ResponseBodyResultHandler - [2ca7f616] 0..1 [java.lang.String]
22:42:10.435 [Test worker] DEBUG o.s.w.r.r.m.a.RequestMappingHandlerMapping - 4 mappings in 'handlerMapping'
22:42:10.441 [Test worker] DEBUG o.s.w.r.r.m.a.ControllerMethodResolver - ControllerAdvice beans: none
22:42:10.446 [Test worker] DEBUG o.s.w.r.r.m.a.RequestMappingHandlerMapping - [39c83869] Mapped to org.springframework.web.reactive.DispatcherHandlerErrorTests$TestController#requestBody(Publisher)
22:42:10.447 [Test worker] DEBUG o.s.w.r.r.m.a.RequestBodyMethodArgumentResolver - [39c83869] No Content-Type, using application/octet-stream
22:42:10.447 [Test worker] DEBUG o.s.w.r.r.m.a.RequestBodyMethodArgumentResolver - [39c83869] 0..N [java.lang.String]
22:42:10.447 [Test worker] DEBUG o.s.w.r.r.m.a.ResponseBodyResultHandler - [39c83869] No match for [application/json], supported: [text/plain;charset=UTF-8]
22:42:10.455 [Test worker] DEBUG o.s.w.r.r.m.a.RequestMappingHandlerMapping - 4 mappings in 'handlerMapping'
22:42:10.462 [Test worker] DEBUG o.s.w.r.r.m.a.ControllerMethodResolver - ControllerAdvice beans: none
22:42:10.464 [Test worker] DEBUG o.s.w.r.r.m.a.RequestMappingHandlerMapping - [63792d56] Mapped to org.springframework.web.reactive.DispatcherHandlerErrorTests$TestController#unknownReturnType()
22:42:10.473 [Test worker] DEBUG o.s.w.r.r.m.a.RequestMappingHandlerMapping - 4 mappings in 'handlerMapping'
22:42:10.479 [Test worker] DEBUG o.s.w.r.r.m.a.ControllerMethodResolver - ControllerAdvice beans: none
]]></system-out>
  <system-err><![CDATA[]]></system-err>
</testsuite>
