<?xml version="1.0" encoding="UTF-8"?>
<testsuite name="org.springframework.web.reactive.result.KotlinInvocableHandlerMethodTests" tests="6" skipped="0" failures="0" errors="0" timestamp="2020-11-25T14:43:36" hostname="lichangbaodeMacBook-Pro.local" time="2.024">
  <properties/>
  <testcase name="resolveArg" classname="org.springframework.web.reactive.result.KotlinInvocableHandlerMethodTests" time="1.927"/>
  <testcase name="voidMethodWithResponseArg" classname="org.springframework.web.reactive.result.KotlinInvocableHandlerMethodTests" time="0.032"/>
  <testcase name="resolveNoArgs" classname="org.springframework.web.reactive.result.KotlinInvocableHandlerMethodTests" time="0.019"/>
  <testcase name="invocationTargetException" classname="org.springframework.web.reactive.result.KotlinInvocableHandlerMethodTests" time="0.005"/>
  <testcase name="resolveNoArg" classname="org.springframework.web.reactive.result.KotlinInvocableHandlerMethodTests" time="0.021"/>
  <testcase name="responseStatusAnnotation" classname="org.springframework.web.reactive.result.KotlinInvocableHandlerMethodTests" time="0.019"/>
  <system-out><![CDATA[]]></system-out>
  <system-err><![CDATA[]]></system-err>
</testsuite>
