<?xml version="1.0" encoding="UTF-8"?>
<testsuite name="org.springframework.web.reactive.result.method.annotation.RequestMappingIntegrationTests" tests="12" skipped="0" failures="0" errors="0" timestamp="2020-11-25T14:42:42" hostname="lichangbaodeMacBook-Pro.local" time="1.954">
  <properties/>
  <testcase name="forwardedHeaders[server [org.springframework.http.server.reactive.bootstrap.JettyHttpServer@51bba8c9]]" classname="org.springframework.web.reactive.result.method.annotation.RequestMappingIntegrationTests" time="0.077"/>
  <testcase name="stream[server [org.springframework.http.server.reactive.bootstrap.JettyHttpServer@51bba8c9]]" classname="org.springframework.web.reactive.result.method.annotation.RequestMappingIntegrationTests" time="0.327"/>
  <testcase name="httpHead[server [org.springframework.http.server.reactive.bootstrap.JettyHttpServer@51bba8c9]]" classname="org.springframework.web.reactive.result.method.annotation.RequestMappingIntegrationTests" time="0.084"/>
  <testcase name="forwardedHeaders[server [org.springframework.http.server.reactive.bootstrap.ReactorHttpServer@5779baa2]]" classname="org.springframework.web.reactive.result.method.annotation.RequestMappingIntegrationTests" time="0.075"/>
  <testcase name="stream[server [org.springframework.http.server.reactive.bootstrap.ReactorHttpServer@5779baa2]]" classname="org.springframework.web.reactive.result.method.annotation.RequestMappingIntegrationTests" time="0.32"/>
  <testcase name="httpHead[server [org.springframework.http.server.reactive.bootstrap.ReactorHttpServer@5779baa2]]" classname="org.springframework.web.reactive.result.method.annotation.RequestMappingIntegrationTests" time="0.078"/>
  <testcase name="forwardedHeaders[server [org.springframework.http.server.reactive.bootstrap.TomcatHttpServer@49f63923]]" classname="org.springframework.web.reactive.result.method.annotation.RequestMappingIntegrationTests" time="0.071"/>
  <testcase name="stream[server [org.springframework.http.server.reactive.bootstrap.TomcatHttpServer@49f63923]]" classname="org.springframework.web.reactive.result.method.annotation.RequestMappingIntegrationTests" time="0.339"/>
  <testcase name="httpHead[server [org.springframework.http.server.reactive.bootstrap.TomcatHttpServer@49f63923]]" classname="org.springframework.web.reactive.result.method.annotation.RequestMappingIntegrationTests" time="0.095"/>
  <testcase name="forwardedHeaders[server [org.springframework.http.server.reactive.bootstrap.UndertowHttpServer@5c382e14]]" classname="org.springframework.web.reactive.result.method.annotation.RequestMappingIntegrationTests" time="0.083"/>
  <testcase name="stream[server [org.springframework.http.server.reactive.bootstrap.UndertowHttpServer@5c382e14]]" classname="org.springframework.web.reactive.result.method.annotation.RequestMappingIntegrationTests" time="0.324"/>
  <testcase name="httpHead[server [org.springframework.http.server.reactive.bootstrap.UndertowHttpServer@5c382e14]]" classname="org.springframework.web.reactive.result.method.annotation.RequestMappingIntegrationTests" time="0.081"/>
  <system-out><![CDATA[22:42:42.860 [Test worker] DEBUG o.s.w.r.r.m.a.RequestMappingHandlerMapping - 4 mappings in 'requestMappingHandlerMapping'
22:42:42.877 [Test worker] DEBUG o.s.w.r.r.m.a.ControllerMethodResolver - ControllerAdvice beans: none
22:42:42.902 [Test worker] DEBUG o.s.w.s.a.HttpWebHandlerAdapter - enableLoggingRequestDetails='false': form data and headers will be masked to prevent unsafe logging of potentially sensitive data
22:42:42.902 [Test worker] WARN  o.e.j.s.h.ContextHandler - Empty contextPath
22:42:42.902 [Test worker] INFO  o.e.j.s.h.ContextHandler - Started o.e.j.s.ServletContextHandler@3189c5b5{/,null,AVAILABLE}
22:42:42.903 [Test worker] DEBUG o.s.h.s.r.b.JettyHttpServer - Starting JettyHttpServer...
22:42:42.903 [Test worker] INFO  o.e.j.s.Server - jetty-9.4.18.v20190429; built: 2019-04-29T20:42:08.989Z; git: e1bc35120a6617ee3df052294e433f3a25ce7097; jvm 1.8.0_211-b12
22:42:42.904 [Test worker] INFO  o.e.j.s.AbstractConnector - Started ServerConnector@953927e{HTTP/1.1,[http/1.1]}{0.0.0.0:54043}
22:42:42.904 [Test worker] INFO  o.e.j.s.Server - Started @35331ms
22:42:42.904 [Test worker] DEBUG o.s.h.s.r.b.JettyHttpServer - Server started on port 54043(0 millis).
22:42:42.905 [Test worker] DEBUG o.s.w.c.RestTemplate - HTTP GET http://localhost:54043/uri
22:42:42.905 [Test worker] DEBUG o.s.w.c.RestTemplate - Accept=[text/plain, application/json, application/x-jackson-smile, application/*+json, */*]
22:42:42.907 [qtp680172572-2018] DEBUG o.s.w.s.a.HttpWebHandlerAdapter - [41bb990e] HTTP GET "/uri"
22:42:42.907 [qtp680172572-2018] DEBUG o.s.w.r.r.m.a.RequestMappingHandlerMapping - [41bb990e] Mapped to org.springframework.web.reactive.result.method.annotation.RequestMappingIntegrationTests$TestRestController#uri(ServerHttpRequest)
22:42:42.907 [qtp680172572-2018] DEBUG o.s.w.r.r.m.a.ResponseBodyResultHandler - Using 'text/plain;charset=UTF-8' given [text/plain, application/json, application/x-jackson-smile, application/*+json, */*] and supported [text/plain;charset=UTF-8, text/event-stream, text/plain;charset=UTF-8, */*]
22:42:42.907 [qtp680172572-2018] DEBUG o.s.w.r.r.m.a.ResponseBodyResultHandler - [41bb990e] 0..1 [java.lang.String]
22:42:42.907 [qtp680172572-2018] DEBUG o.s.c.c.CharSequenceEncoder - [41bb990e] Writing "https://84.198.58.199/uri"
22:42:42.908 [qtp680172572-2018] DEBUG o.s.w.s.a.HttpWebHandlerAdapter - [41bb990e] Completed 200 OK
22:42:42.908 [Test worker] DEBUG o.s.w.c.RestTemplate - Response 200 OK
22:42:42.908 [Test worker] DEBUG o.s.w.c.RestTemplate - Reading to [java.lang.String] as "text/plain;charset=utf-8"
22:42:42.908 [Test worker] DEBUG o.s.h.s.r.b.JettyHttpServer - Stopping JettyHttpServer...
22:42:42.908 [Test worker] INFO  o.e.j.s.h.ContextHandler - Stopped o.e.j.s.ServletContextHandler@3189c5b5{/,null,UNAVAILABLE}
22:42:42.909 [Test worker] INFO  o.e.j.s.AbstractConnector - Stopped ServerConnector@953927e{HTTP/1.1,[http/1.1]}{0.0.0.0:0}
22:42:42.909 [Test worker] DEBUG o.s.h.s.r.b.JettyHttpServer - Server stopped (0 millis).
22:42:42.932 [Test worker] DEBUG o.s.w.r.r.m.a.RequestMappingHandlerMapping - 4 mappings in 'requestMappingHandlerMapping'
22:42:42.947 [Test worker] DEBUG o.s.w.r.r.m.a.ControllerMethodResolver - ControllerAdvice beans: none
22:42:42.970 [Test worker] DEBUG o.s.w.s.a.HttpWebHandlerAdapter - enableLoggingRequestDetails='false': form data and headers will be masked to prevent unsafe logging of potentially sensitive data
22:42:42.971 [Test worker] WARN  o.e.j.s.h.ContextHandler - Empty contextPath
22:42:42.971 [Test worker] INFO  o.e.j.s.h.ContextHandler - Started o.e.j.s.ServletContextHandler@1bac3500{/,null,AVAILABLE}
22:42:42.971 [Test worker] DEBUG o.s.h.s.r.b.JettyHttpServer - Starting JettyHttpServer...
22:42:42.971 [Test worker] INFO  o.e.j.s.Server - jetty-9.4.18.v20190429; built: 2019-04-29T20:42:08.989Z; git: e1bc35120a6617ee3df052294e433f3a25ce7097; jvm 1.8.0_211-b12
22:42:42.972 [Test worker] INFO  o.e.j.s.AbstractConnector - Started ServerConnector@35d11e66{HTTP/1.1,[http/1.1]}{0.0.0.0:54045}
22:42:42.972 [Test worker] INFO  o.e.j.s.Server - Started @35399ms
22:42:42.972 [Test worker] DEBUG o.s.h.s.r.b.JettyHttpServer - Server started on port 54045(0 millis).
22:42:42.972 [Test worker] DEBUG o.s.w.c.RestTemplate - HTTP GET http://localhost:54045/stream
22:42:42.973 [Test worker] DEBUG o.s.w.c.RestTemplate - Accept=[application/json, application/x-jackson-smile, application/*+json]
22:42:42.974 [qtp1670355275-2032] DEBUG o.s.w.s.a.HttpWebHandlerAdapter - [3196f51a] HTTP GET "/stream"
22:42:42.974 [qtp1670355275-2032] DEBUG o.s.w.r.r.m.a.RequestMappingHandlerMapping - [3196f51a] Mapped to org.springframework.web.reactive.result.method.annotation.RequestMappingIntegrationTests$TestRestController#stream()
22:42:42.975 [qtp1670355275-2032] DEBUG o.s.w.r.r.m.a.ResponseBodyResultHandler - Using 'application/json' given [application/json, application/x-jackson-smile, application/*+json] and supported [application/json, application/*+json, application/x-jackson-smile, application/*+x-jackson-smile, text/event-stream]
22:42:42.975 [qtp1670355275-2032] DEBUG o.s.w.r.r.m.a.ResponseBodyResultHandler - [3196f51a] 0..N [java.lang.Long]
22:42:43.229 [parallel-13] DEBUG o.s.h.c.j.Jackson2JsonEncoder - [3196f51a] Encoding [[0, 1, 2, 3, 4]]
22:42:43.230 [parallel-13] DEBUG o.s.w.s.a.HttpWebHandlerAdapter - [3196f51a] Completed 200 OK
22:42:43.230 [Test worker] DEBUG o.s.w.c.RestTemplate - Response 200 OK
22:42:43.230 [Test worker] DEBUG o.s.w.c.RestTemplate - Reading to [java.lang.String[]]
22:42:43.234 [Test worker] DEBUG o.s.h.s.r.b.JettyHttpServer - Stopping JettyHttpServer...
22:42:43.234 [Test worker] INFO  o.e.j.s.h.ContextHandler - Stopped o.e.j.s.ServletContextHandler@1bac3500{/,null,UNAVAILABLE}
22:42:43.235 [Test worker] INFO  o.e.j.s.AbstractConnector - Stopped ServerConnector@35d11e66{HTTP/1.1,[http/1.1]}{0.0.0.0:0}
22:42:43.236 [Test worker] DEBUG o.s.h.s.r.b.JettyHttpServer - Server stopped (0 millis).
22:42:43.266 [Test worker] DEBUG o.s.w.r.r.m.a.RequestMappingHandlerMapping - 4 mappings in 'requestMappingHandlerMapping'
22:42:43.284 [Test worker] DEBUG o.s.w.r.r.m.a.ControllerMethodResolver - ControllerAdvice beans: none
22:42:43.311 [Test worker] DEBUG o.s.w.s.a.HttpWebHandlerAdapter - enableLoggingRequestDetails='false': form data and headers will be masked to prevent unsafe logging of potentially sensitive data
22:42:43.311 [Test worker] WARN  o.e.j.s.h.ContextHandler - Empty contextPath
22:42:43.312 [Test worker] INFO  o.e.j.s.h.ContextHandler - Started o.e.j.s.ServletContextHandler@264d8ad1{/,null,AVAILABLE}
22:42:43.312 [Test worker] DEBUG o.s.h.s.r.b.JettyHttpServer - Starting JettyHttpServer...
22:42:43.312 [Test worker] INFO  o.e.j.s.Server - jetty-9.4.18.v20190429; built: 2019-04-29T20:42:08.989Z; git: e1bc35120a6617ee3df052294e433f3a25ce7097; jvm 1.8.0_211-b12
22:42:43.313 [Test worker] INFO  o.e.j.s.AbstractConnector - Started ServerConnector@6afc78f4{HTTP/1.1,[http/1.1]}{0.0.0.0:54050}
22:42:43.313 [Test worker] INFO  o.e.j.s.Server - Started @35740ms
22:42:43.313 [Test worker] DEBUG o.s.h.s.r.b.JettyHttpServer - Server started on port 54050(0 millis).
22:42:43.313 [Test worker] DEBUG o.s.w.c.RestTemplate - HTTP HEAD http://localhost:54050/text
22:42:43.316 [qtp634276479-2047] DEBUG o.s.w.s.a.HttpWebHandlerAdapter - [64b7fbc9] HTTP HEAD "/text"
22:42:43.316 [qtp634276479-2047] DEBUG o.s.w.r.r.m.a.RequestMappingHandlerMapping - [64b7fbc9] Mapped to org.springframework.web.reactive.result.method.annotation.RequestMappingIntegrationTests$TestRestController#textHead()
22:42:43.317 [qtp634276479-2047] DEBUG o.s.w.r.r.m.a.ResponseBodyResultHandler - Using 'text/html' given [text/html, image/gif, image/jpeg, */*;q=.2, */*;q=.2] and supported [text/plain;charset=UTF-8, text/event-stream, text/plain;charset=UTF-8, */*]
22:42:43.317 [qtp634276479-2047] DEBUG o.s.w.r.r.m.a.ResponseBodyResultHandler - [64b7fbc9] 0..1 [java.lang.String]
22:42:43.317 [qtp634276479-2047] DEBUG o.s.c.c.CharSequenceEncoder - [64b7fbc9] Writing "Foo"
22:42:43.317 [qtp634276479-2047] DEBUG o.s.w.s.a.HttpWebHandlerAdapter - [64b7fbc9] Completed 200 OK
22:42:43.318 [Test worker] DEBUG o.s.w.c.RestTemplate - Response 200 OK
22:42:43.318 [Test worker] DEBUG o.s.h.s.r.b.JettyHttpServer - Stopping JettyHttpServer...
22:42:43.318 [Test worker] INFO  o.e.j.s.h.ContextHandler - Stopped o.e.j.s.ServletContextHandler@264d8ad1{/,null,UNAVAILABLE}
22:42:43.319 [Test worker] INFO  o.e.j.s.AbstractConnector - Stopped ServerConnector@6afc78f4{HTTP/1.1,[http/1.1]}{0.0.0.0:0}
22:42:43.320 [Test worker] DEBUG o.s.h.s.r.b.JettyHttpServer - Server stopped (0 millis).
22:42:43.343 [Test worker] DEBUG o.s.w.r.r.m.a.RequestMappingHandlerMapping - 4 mappings in 'requestMappingHandlerMapping'
22:42:43.365 [Test worker] DEBUG o.s.w.r.r.m.a.ControllerMethodResolver - ControllerAdvice beans: none
22:42:43.392 [Test worker] DEBUG o.s.w.s.a.HttpWebHandlerAdapter - enableLoggingRequestDetails='false': form data and headers will be masked to prevent unsafe logging of potentially sensitive data
22:42:43.392 [Test worker] DEBUG o.s.h.s.r.b.ReactorHttpServer - Starting ReactorHttpServer...
22:42:43.392 [Test worker] DEBUG o.s.h.s.r.b.ReactorHttpServer - Server started on port 54052(0 millis).
22:42:43.392 [Test worker] DEBUG o.s.w.c.RestTemplate - HTTP GET http://localhost:54052/uri
22:42:43.392 [Test worker] DEBUG o.s.w.c.RestTemplate - Accept=[text/plain, application/json, application/x-jackson-smile, application/*+json, */*]
22:42:43.393 [reactor-http-nio-8] DEBUG o.s.w.s.a.HttpWebHandlerAdapter - [297144b7] HTTP GET "/uri"
22:42:43.393 [reactor-http-nio-8] DEBUG o.s.w.r.r.m.a.RequestMappingHandlerMapping - [297144b7] Mapped to org.springframework.web.reactive.result.method.annotation.RequestMappingIntegrationTests$TestRestController#uri(ServerHttpRequest)
22:42:43.394 [reactor-http-nio-8] DEBUG o.s.w.r.r.m.a.ResponseBodyResultHandler - Using 'text/plain;charset=UTF-8' given [text/plain, application/json, application/x-jackson-smile, application/*+json, */*] and supported [text/plain;charset=UTF-8, text/event-stream, text/plain;charset=UTF-8, */*]
22:42:43.394 [reactor-http-nio-8] DEBUG o.s.w.r.r.m.a.ResponseBodyResultHandler - [297144b7] 0..1 [java.lang.String]
22:42:43.394 [reactor-http-nio-8] DEBUG o.s.c.c.CharSequenceEncoder - [297144b7] Writing "https://84.198.58.199/uri"
22:42:43.394 [Test worker] DEBUG o.s.w.c.RestTemplate - Response 200 OK
22:42:43.395 [Test worker] DEBUG o.s.w.c.RestTemplate - Reading to [java.lang.String] as "text/plain;charset=UTF-8"
22:42:43.395 [Test worker] DEBUG o.s.h.s.r.b.ReactorHttpServer - Stopping ReactorHttpServer...
22:42:43.395 [Test worker] DEBUG o.s.h.s.r.b.ReactorHttpServer - Server stopped (0 millis).
22:42:43.418 [Test worker] DEBUG o.s.w.r.r.m.a.RequestMappingHandlerMapping - 4 mappings in 'requestMappingHandlerMapping'
22:42:43.433 [Test worker] DEBUG o.s.w.r.r.m.a.ControllerMethodResolver - ControllerAdvice beans: none
22:42:43.456 [Test worker] DEBUG o.s.w.s.a.HttpWebHandlerAdapter - enableLoggingRequestDetails='false': form data and headers will be masked to prevent unsafe logging of potentially sensitive data
22:42:43.456 [Test worker] DEBUG o.s.h.s.r.b.ReactorHttpServer - Starting ReactorHttpServer...
22:42:43.456 [Test worker] DEBUG o.s.h.s.r.b.ReactorHttpServer - Server started on port 54054(0 millis).
22:42:43.456 [Test worker] DEBUG o.s.w.c.RestTemplate - HTTP GET http://localhost:54054/stream
22:42:43.456 [Test worker] DEBUG o.s.w.c.RestTemplate - Accept=[application/json, application/x-jackson-smile, application/*+json]
22:42:43.457 [reactor-http-nio-10] DEBUG o.s.w.s.a.HttpWebHandlerAdapter - [96b94f0d] HTTP GET "/stream"
22:42:43.457 [reactor-http-nio-10] DEBUG o.s.w.r.r.m.a.RequestMappingHandlerMapping - [96b94f0d] Mapped to org.springframework.web.reactive.result.method.annotation.RequestMappingIntegrationTests$TestRestController#stream()
22:42:43.458 [reactor-http-nio-10] DEBUG o.s.w.r.r.m.a.ResponseBodyResultHandler - Using 'application/json' given [application/json, application/x-jackson-smile, application/*+json] and supported [application/json, application/*+json, application/x-jackson-smile, application/*+x-jackson-smile, text/event-stream]
22:42:43.458 [reactor-http-nio-10] DEBUG o.s.w.r.r.m.a.ResponseBodyResultHandler - [96b94f0d] 0..N [java.lang.Long]
22:42:43.712 [parallel-14] DEBUG o.s.h.c.j.Jackson2JsonEncoder - [96b94f0d] Encoding [[0, 1, 2, 3, 4]]
22:42:43.714 [Test worker] DEBUG o.s.w.c.RestTemplate - Response 200 OK
22:42:43.714 [reactor-http-nio-10] DEBUG o.s.w.s.a.HttpWebHandlerAdapter - [96b94f0d] Completed 200 OK
22:42:43.714 [Test worker] DEBUG o.s.w.c.RestTemplate - Reading to [java.lang.String[]]
22:42:43.715 [Test worker] DEBUG o.s.h.s.r.b.ReactorHttpServer - Stopping ReactorHttpServer...
22:42:43.715 [Test worker] DEBUG o.s.h.s.r.b.ReactorHttpServer - Server stopped (0 millis).
22:42:43.746 [Test worker] DEBUG o.s.w.r.r.m.a.RequestMappingHandlerMapping - 4 mappings in 'requestMappingHandlerMapping'
22:42:43.764 [Test worker] DEBUG o.s.w.r.r.m.a.ControllerMethodResolver - ControllerAdvice beans: none
22:42:43.789 [Test worker] DEBUG o.s.w.s.a.HttpWebHandlerAdapter - enableLoggingRequestDetails='false': form data and headers will be masked to prevent unsafe logging of potentially sensitive data
22:42:43.789 [Test worker] DEBUG o.s.h.s.r.b.ReactorHttpServer - Starting ReactorHttpServer...
22:42:43.790 [Test worker] DEBUG o.s.h.s.r.b.ReactorHttpServer - Server started on port 54056(0 millis).
22:42:43.790 [Test worker] DEBUG o.s.w.c.RestTemplate - HTTP HEAD http://localhost:54056/text
22:42:43.791 [reactor-http-nio-12] DEBUG o.s.w.s.a.HttpWebHandlerAdapter - [a30a1826] HTTP HEAD "/text"
22:42:43.791 [reactor-http-nio-12] DEBUG o.s.w.r.r.m.a.RequestMappingHandlerMapping - [a30a1826] Mapped to org.springframework.web.reactive.result.method.annotation.RequestMappingIntegrationTests$TestRestController#textHead()
22:42:43.792 [reactor-http-nio-12] DEBUG o.s.w.r.r.m.a.ResponseBodyResultHandler - Using 'text/html' given [text/html, image/gif, image/jpeg, */*;q=.2, */*;q=.2] and supported [text/plain;charset=UTF-8, text/event-stream, text/plain;charset=UTF-8, */*]
22:42:43.792 [reactor-http-nio-12] DEBUG o.s.w.r.r.m.a.ResponseBodyResultHandler - [a30a1826] 0..1 [java.lang.String]
22:42:43.792 [reactor-http-nio-12] DEBUG o.s.c.c.CharSequenceEncoder - [a30a1826] Writing "Foo"
22:42:43.792 [reactor-http-nio-12] DEBUG o.s.w.s.a.HttpWebHandlerAdapter - [a30a1826] Completed 200 OK
22:42:43.793 [Test worker] DEBUG o.s.w.c.RestTemplate - Response 200 OK
22:42:43.793 [Test worker] DEBUG o.s.h.s.r.b.ReactorHttpServer - Stopping ReactorHttpServer...
22:42:43.793 [Test worker] DEBUG o.s.h.s.r.b.ReactorHttpServer - Server stopped (0 millis).
22:42:43.815 [Test worker] DEBUG o.s.w.r.r.m.a.RequestMappingHandlerMapping - 4 mappings in 'requestMappingHandlerMapping'
22:42:43.830 [Test worker] DEBUG o.s.w.r.r.m.a.ControllerMethodResolver - ControllerAdvice beans: none
22:42:43.853 [Test worker] DEBUG o.s.w.s.a.HttpWebHandlerAdapter - enableLoggingRequestDetails='false': form data and headers will be masked to prevent unsafe logging of potentially sensitive data
22:42:43.853 [Test worker] DEBUG o.s.h.s.r.b.TomcatHttpServer - Starting TomcatHttpServer...
22:42:43.857 [Test worker] DEBUG o.s.h.s.r.b.TomcatHttpServer - Server started on port 54058(0 millis).
22:42:43.857 [Test worker] DEBUG o.s.w.c.RestTemplate - HTTP GET http://localhost:54058/uri
22:42:43.858 [Test worker] DEBUG o.s.w.c.RestTemplate - Accept=[text/plain, application/json, application/x-jackson-smile, application/*+json, */*]
22:42:43.858 [http-nio-auto-44-exec-1] DEBUG o.s.w.s.a.HttpWebHandlerAdapter - [57bd5637] HTTP GET "/uri"
22:42:43.859 [http-nio-auto-44-exec-1] DEBUG o.s.w.r.r.m.a.RequestMappingHandlerMapping - [57bd5637] Mapped to org.springframework.web.reactive.result.method.annotation.RequestMappingIntegrationTests$TestRestController#uri(ServerHttpRequest)
22:42:43.859 [http-nio-auto-44-exec-1] DEBUG o.s.w.r.r.m.a.ResponseBodyResultHandler - Using 'text/plain;charset=UTF-8' given [text/plain, application/json, application/x-jackson-smile, application/*+json, */*] and supported [text/plain;charset=UTF-8, text/event-stream, text/plain;charset=UTF-8, */*]
22:42:43.859 [http-nio-auto-44-exec-1] DEBUG o.s.w.r.r.m.a.ResponseBodyResultHandler - [57bd5637] 0..1 [java.lang.String]
22:42:43.859 [http-nio-auto-44-exec-1] DEBUG o.s.c.c.CharSequenceEncoder - [57bd5637] Writing "https://84.198.58.199/uri"
22:42:43.860 [http-nio-auto-44-exec-1] DEBUG o.s.w.s.a.HttpWebHandlerAdapter - [57bd5637] Completed 200 OK
22:42:43.860 [Test worker] DEBUG o.s.w.c.RestTemplate - Response 200 OK
22:42:43.860 [Test worker] DEBUG o.s.w.c.RestTemplate - Reading to [java.lang.String] as "text/plain;charset=UTF-8"
22:42:43.860 [Test worker] DEBUG o.s.h.s.r.b.TomcatHttpServer - Stopping TomcatHttpServer...
22:42:43.864 [Test worker] DEBUG o.s.h.s.r.b.TomcatHttpServer - Server stopped (0 millis).
22:42:43.892 [Test worker] DEBUG o.s.w.r.r.m.a.RequestMappingHandlerMapping - 4 mappings in 'requestMappingHandlerMapping'
22:42:43.907 [Test worker] DEBUG o.s.w.r.r.m.a.ControllerMethodResolver - ControllerAdvice beans: none
22:42:43.930 [Test worker] DEBUG o.s.w.s.a.HttpWebHandlerAdapter - enableLoggingRequestDetails='false': form data and headers will be masked to prevent unsafe logging of potentially sensitive data
22:42:43.931 [Test worker] DEBUG o.s.h.s.r.b.TomcatHttpServer - Starting TomcatHttpServer...
22:42:43.935 [Test worker] DEBUG o.s.h.s.r.b.TomcatHttpServer - Server started on port 54061(0 millis).
22:42:43.935 [Test worker] DEBUG o.s.w.c.RestTemplate - HTTP GET http://localhost:54061/stream
22:42:43.935 [Test worker] DEBUG o.s.w.c.RestTemplate - Accept=[application/json, application/x-jackson-smile, application/*+json]
22:42:43.937 [http-nio-auto-45-exec-1] DEBUG o.s.w.s.a.HttpWebHandlerAdapter - [554d207f] HTTP GET "/stream"
22:42:43.937 [http-nio-auto-45-exec-1] DEBUG o.s.w.r.r.m.a.RequestMappingHandlerMapping - [554d207f] Mapped to org.springframework.web.reactive.result.method.annotation.RequestMappingIntegrationTests$TestRestController#stream()
22:42:43.937 [http-nio-auto-45-exec-1] DEBUG o.s.w.r.r.m.a.ResponseBodyResultHandler - Using 'application/json' given [application/json, application/x-jackson-smile, application/*+json] and supported [application/json, application/*+json, application/x-jackson-smile, application/*+x-jackson-smile, text/event-stream]
22:42:43.938 [http-nio-auto-45-exec-1] DEBUG o.s.w.r.r.m.a.ResponseBodyResultHandler - [554d207f] 0..N [java.lang.Long]
22:42:44.191 [parallel-15] DEBUG o.s.h.c.j.Jackson2JsonEncoder - [554d207f] Encoding [[0, 1, 2, 3, 4]]
22:42:44.191 [parallel-15] DEBUG o.s.w.s.a.HttpWebHandlerAdapter - [554d207f] Completed 200 OK
22:42:44.191 [Test worker] DEBUG o.s.w.c.RestTemplate - Response 200 OK
22:42:44.192 [Test worker] DEBUG o.s.w.c.RestTemplate - Reading to [java.lang.String[]]
22:42:44.192 [Test worker] DEBUG o.s.h.s.r.b.TomcatHttpServer - Stopping TomcatHttpServer...
22:42:44.203 [Test worker] DEBUG o.s.h.s.r.b.TomcatHttpServer - Server stopped (0 millis).
22:42:44.239 [Test worker] DEBUG o.s.w.r.r.m.a.RequestMappingHandlerMapping - 4 mappings in 'requestMappingHandlerMapping'
22:42:44.256 [Test worker] DEBUG o.s.w.r.r.m.a.ControllerMethodResolver - ControllerAdvice beans: none
22:42:44.282 [Test worker] DEBUG o.s.w.s.a.HttpWebHandlerAdapter - enableLoggingRequestDetails='false': form data and headers will be masked to prevent unsafe logging of potentially sensitive data
22:42:44.282 [Test worker] DEBUG o.s.h.s.r.b.TomcatHttpServer - Starting TomcatHttpServer...
22:42:44.286 [Test worker] DEBUG o.s.h.s.r.b.TomcatHttpServer - Server started on port 54064(0 millis).
22:42:44.286 [Test worker] DEBUG o.s.w.c.RestTemplate - HTTP HEAD http://localhost:54064/text
22:42:44.287 [http-nio-auto-46-exec-1] DEBUG o.s.w.s.a.HttpWebHandlerAdapter - [3d55dd55] HTTP HEAD "/text"
22:42:44.287 [http-nio-auto-46-exec-1] DEBUG o.s.w.r.r.m.a.RequestMappingHandlerMapping - [3d55dd55] Mapped to org.springframework.web.reactive.result.method.annotation.RequestMappingIntegrationTests$TestRestController#textHead()
22:42:44.288 [http-nio-auto-46-exec-1] DEBUG o.s.w.r.r.m.a.ResponseBodyResultHandler - Using 'text/html' given [text/html, image/gif, image/jpeg, */*;q=.2, */*;q=.2] and supported [text/plain;charset=UTF-8, text/event-stream, text/plain;charset=UTF-8, */*]
22:42:44.288 [http-nio-auto-46-exec-1] DEBUG o.s.w.r.r.m.a.ResponseBodyResultHandler - [3d55dd55] 0..1 [java.lang.String]
22:42:44.288 [http-nio-auto-46-exec-1] DEBUG o.s.c.c.CharSequenceEncoder - [3d55dd55] Writing "Foo"
22:42:44.288 [http-nio-auto-46-exec-1] DEBUG o.s.w.s.a.HttpWebHandlerAdapter - [3d55dd55] Completed 200 OK
22:42:44.288 [Test worker] DEBUG o.s.w.c.RestTemplate - Response 200 OK
22:42:44.289 [Test worker] DEBUG o.s.h.s.r.b.TomcatHttpServer - Stopping TomcatHttpServer...
22:42:44.297 [Test worker] DEBUG o.s.h.s.r.b.TomcatHttpServer - Server stopped (0 millis).
22:42:44.330 [Test worker] DEBUG o.s.w.r.r.m.a.RequestMappingHandlerMapping - 4 mappings in 'requestMappingHandlerMapping'
22:42:44.348 [Test worker] DEBUG o.s.w.r.r.m.a.ControllerMethodResolver - ControllerAdvice beans: none
22:42:44.374 [Test worker] DEBUG o.s.w.s.a.HttpWebHandlerAdapter - enableLoggingRequestDetails='false': form data and headers will be masked to prevent unsafe logging of potentially sensitive data
22:42:44.374 [Test worker] DEBUG o.s.h.s.r.b.UndertowHttpServer - Starting UndertowHttpServer...
22:42:44.376 [Test worker] DEBUG o.s.h.s.r.b.UndertowHttpServer - Server started on port 54067(0 millis).
22:42:44.376 [Test worker] DEBUG o.s.w.c.RestTemplate - HTTP GET http://localhost:54067/uri
22:42:44.376 [Test worker] DEBUG o.s.w.c.RestTemplate - Accept=[text/plain, application/json, application/x-jackson-smile, application/*+json, */*]
22:42:44.379 [XNIO-43 I/O-10] DEBUG o.s.w.s.a.HttpWebHandlerAdapter - [6e157c73] HTTP GET "/uri"
22:42:44.379 [XNIO-43 I/O-10] DEBUG o.s.w.r.r.m.a.RequestMappingHandlerMapping - [6e157c73] Mapped to org.springframework.web.reactive.result.method.annotation.RequestMappingIntegrationTests$TestRestController#uri(ServerHttpRequest)
22:42:44.380 [XNIO-43 I/O-10] DEBUG o.s.w.r.r.m.a.ResponseBodyResultHandler - Using 'text/plain;charset=UTF-8' given [text/plain, application/json, application/x-jackson-smile, application/*+json, */*] and supported [text/plain;charset=UTF-8, text/event-stream, text/plain;charset=UTF-8, */*]
22:42:44.380 [XNIO-43 I/O-10] DEBUG o.s.w.r.r.m.a.ResponseBodyResultHandler - [6e157c73] 0..1 [java.lang.String]
22:42:44.380 [XNIO-43 I/O-10] DEBUG o.s.c.c.CharSequenceEncoder - [6e157c73] Writing "https://84.198.58.199/uri"
22:42:44.380 [XNIO-43 I/O-10] DEBUG o.s.w.s.a.HttpWebHandlerAdapter - [6e157c73] Completed 200 OK
22:42:44.380 [Test worker] DEBUG o.s.w.c.RestTemplate - Response 200 OK
22:42:44.380 [Test worker] DEBUG o.s.w.c.RestTemplate - Reading to [java.lang.String] as "text/plain;charset=UTF-8"
22:42:44.380 [Test worker] DEBUG o.s.h.s.r.b.UndertowHttpServer - Stopping UndertowHttpServer...
22:42:44.381 [Test worker] DEBUG o.s.h.s.r.b.UndertowHttpServer - Server stopped (0 millis).
22:42:44.404 [Test worker] DEBUG o.s.w.r.r.m.a.RequestMappingHandlerMapping - 4 mappings in 'requestMappingHandlerMapping'
22:42:44.420 [Test worker] DEBUG o.s.w.r.r.m.a.ControllerMethodResolver - ControllerAdvice beans: none
22:42:44.445 [Test worker] DEBUG o.s.w.s.a.HttpWebHandlerAdapter - enableLoggingRequestDetails='false': form data and headers will be masked to prevent unsafe logging of potentially sensitive data
22:42:44.445 [Test worker] DEBUG o.s.h.s.r.b.UndertowHttpServer - Starting UndertowHttpServer...
22:42:44.447 [Test worker] DEBUG o.s.h.s.r.b.UndertowHttpServer - Server started on port 54072(0 millis).
22:42:44.447 [Test worker] DEBUG o.s.w.c.RestTemplate - HTTP GET http://localhost:54072/stream
22:42:44.448 [Test worker] DEBUG o.s.w.c.RestTemplate - Accept=[application/json, application/x-jackson-smile, application/*+json]
22:42:44.448 [XNIO-44 I/O-2] DEBUG o.s.w.s.a.HttpWebHandlerAdapter - [5dbdcc69] HTTP GET "/stream"
22:42:44.448 [XNIO-44 I/O-2] DEBUG o.s.w.r.r.m.a.RequestMappingHandlerMapping - [5dbdcc69] Mapped to org.springframework.web.reactive.result.method.annotation.RequestMappingIntegrationTests$TestRestController#stream()
22:42:44.449 [XNIO-44 I/O-2] DEBUG o.s.w.r.r.m.a.ResponseBodyResultHandler - Using 'application/json' given [application/json, application/x-jackson-smile, application/*+json] and supported [application/json, application/*+json, application/x-jackson-smile, application/*+x-jackson-smile, text/event-stream]
22:42:44.449 [XNIO-44 I/O-2] DEBUG o.s.w.r.r.m.a.ResponseBodyResultHandler - [5dbdcc69] 0..N [java.lang.Long]
22:42:44.702 [parallel-16] DEBUG o.s.h.c.j.Jackson2JsonEncoder - [5dbdcc69] Encoding [[0, 1, 2, 3, 4]]
22:42:44.703 [XNIO-44 I/O-2] DEBUG o.s.w.s.a.HttpWebHandlerAdapter - [5dbdcc69] Completed 200 OK
22:42:44.703 [Test worker] DEBUG o.s.w.c.RestTemplate - Response 200 OK
22:42:44.704 [Test worker] DEBUG o.s.w.c.RestTemplate - Reading to [java.lang.String[]]
22:42:44.704 [Test worker] DEBUG o.s.h.s.r.b.UndertowHttpServer - Stopping UndertowHttpServer...
22:42:44.705 [Test worker] DEBUG o.s.h.s.r.b.UndertowHttpServer - Server stopped (0 millis).
22:42:44.737 [Test worker] DEBUG o.s.w.r.r.m.a.RequestMappingHandlerMapping - 4 mappings in 'requestMappingHandlerMapping'
22:42:44.754 [Test worker] DEBUG o.s.w.r.r.m.a.ControllerMethodResolver - ControllerAdvice beans: none
22:42:44.781 [Test worker] DEBUG o.s.w.s.a.HttpWebHandlerAdapter - enableLoggingRequestDetails='false': form data and headers will be masked to prevent unsafe logging of potentially sensitive data
22:42:44.781 [Test worker] DEBUG o.s.h.s.r.b.UndertowHttpServer - Starting UndertowHttpServer...
22:42:44.783 [Test worker] DEBUG o.s.h.s.r.b.UndertowHttpServer - Server started on port 54074(0 millis).
22:42:44.784 [Test worker] DEBUG o.s.w.c.RestTemplate - HTTP HEAD http://localhost:54074/text
22:42:44.784 [XNIO-45 I/O-2] DEBUG o.s.w.s.a.HttpWebHandlerAdapter - [12493754] HTTP HEAD "/text"
22:42:44.784 [XNIO-45 I/O-2] DEBUG o.s.w.r.r.m.a.RequestMappingHandlerMapping - [12493754] Mapped to org.springframework.web.reactive.result.method.annotation.RequestMappingIntegrationTests$TestRestController#textHead()
22:42:44.785 [XNIO-45 I/O-2] DEBUG o.s.w.r.r.m.a.ResponseBodyResultHandler - Using 'text/html' given [text/html, image/gif, image/jpeg, */*;q=.2, */*;q=.2] and supported [text/plain;charset=UTF-8, text/event-stream, text/plain;charset=UTF-8, */*]
22:42:44.785 [XNIO-45 I/O-2] DEBUG o.s.w.r.r.m.a.ResponseBodyResultHandler - [12493754] 0..1 [java.lang.String]
22:42:44.785 [XNIO-45 I/O-2] DEBUG o.s.c.c.CharSequenceEncoder - [12493754] Writing "Foo"
22:42:44.785 [XNIO-45 I/O-2] DEBUG o.s.w.s.a.HttpWebHandlerAdapter - [12493754] Completed 200 OK
22:42:44.785 [Test worker] DEBUG o.s.w.c.RestTemplate - Response 200 OK
22:42:44.785 [Test worker] DEBUG o.s.h.s.r.b.UndertowHttpServer - Stopping UndertowHttpServer...
22:42:44.786 [Test worker] DEBUG o.s.h.s.r.b.UndertowHttpServer - Server stopped (0 millis).
]]></system-out>
  <system-err><![CDATA[十一月 25, 2020 10:42:43 下午 org.apache.catalina.core.StandardService startInternal
信息: Starting service [Tomcat]
十一月 25, 2020 10:42:43 下午 org.apache.catalina.core.StandardEngine startInternal
信息: Starting Servlet engine: [Apache Tomcat/9.0.21]
十一月 25, 2020 10:42:43 下午 org.apache.coyote.AbstractProtocol init
信息: Initializing ProtocolHandler ["http-nio-auto-44"]
十一月 25, 2020 10:42:43 下午 org.apache.coyote.AbstractProtocol start
信息: Starting ProtocolHandler ["http-nio-auto-44-54058"]
十一月 25, 2020 10:42:43 下午 org.apache.coyote.AbstractProtocol pause
信息: Pausing ProtocolHandler ["http-nio-auto-44-54058"]
十一月 25, 2020 10:42:43 下午 org.apache.catalina.core.StandardService stopInternal
信息: Stopping service [Tomcat]
十一月 25, 2020 10:42:43 下午 org.apache.coyote.AbstractProtocol stop
信息: Stopping ProtocolHandler ["http-nio-auto-44-54058"]
十一月 25, 2020 10:42:43 下午 org.apache.coyote.AbstractProtocol destroy
信息: Destroying ProtocolHandler ["http-nio-auto-44-54058"]
十一月 25, 2020 10:42:43 下午 org.apache.catalina.core.StandardService startInternal
信息: Starting service [Tomcat]
十一月 25, 2020 10:42:43 下午 org.apache.catalina.core.StandardEngine startInternal
信息: Starting Servlet engine: [Apache Tomcat/9.0.21]
十一月 25, 2020 10:42:43 下午 org.apache.coyote.AbstractProtocol init
信息: Initializing ProtocolHandler ["http-nio-auto-45"]
十一月 25, 2020 10:42:43 下午 org.apache.coyote.AbstractProtocol start
信息: Starting ProtocolHandler ["http-nio-auto-45-54061"]
十一月 25, 2020 10:42:44 下午 org.apache.coyote.AbstractProtocol pause
信息: Pausing ProtocolHandler ["http-nio-auto-45-54061"]
十一月 25, 2020 10:42:44 下午 org.apache.catalina.core.StandardService stopInternal
信息: Stopping service [Tomcat]
十一月 25, 2020 10:42:44 下午 org.apache.catalina.loader.WebappClassLoaderBase clearReferencesThreads
警告: The web application [ROOT] appears to have started a thread named [parallel-15] but has failed to stop it. This is very likely to create a memory leak. Stack trace of thread:
 sun.misc.Unsafe.park(Native Method)
 java.util.concurrent.locks.LockSupport.park(LockSupport.java:175)
 java.util.concurrent.locks.AbstractQueuedSynchronizer$ConditionObject.await(AbstractQueuedSynchronizer.java:2039)
 java.util.concurrent.ScheduledThreadPoolExecutor$DelayedWorkQueue.take(ScheduledThreadPoolExecutor.java:1081)
 java.util.concurrent.ScheduledThreadPoolExecutor$DelayedWorkQueue.take(ScheduledThreadPoolExecutor.java:809)
 java.util.concurrent.ThreadPoolExecutor.getTask(ThreadPoolExecutor.java:1074)
 java.util.concurrent.ThreadPoolExecutor.runWorker(ThreadPoolExecutor.java:1134)
 java.util.concurrent.ThreadPoolExecutor$Worker.run(ThreadPoolExecutor.java:624)
 java.lang.Thread.run(Thread.java:748)
十一月 25, 2020 10:42:44 下午 org.apache.coyote.AbstractProtocol stop
信息: Stopping ProtocolHandler ["http-nio-auto-45-54061"]
十一月 25, 2020 10:42:44 下午 org.apache.coyote.AbstractProtocol destroy
信息: Destroying ProtocolHandler ["http-nio-auto-45-54061"]
十一月 25, 2020 10:42:44 下午 org.apache.catalina.core.StandardService startInternal
信息: Starting service [Tomcat]
十一月 25, 2020 10:42:44 下午 org.apache.catalina.core.StandardEngine startInternal
信息: Starting Servlet engine: [Apache Tomcat/9.0.21]
十一月 25, 2020 10:42:44 下午 org.apache.coyote.AbstractProtocol init
信息: Initializing ProtocolHandler ["http-nio-auto-46"]
十一月 25, 2020 10:42:44 下午 org.apache.coyote.AbstractProtocol start
信息: Starting ProtocolHandler ["http-nio-auto-46-54064"]
十一月 25, 2020 10:42:44 下午 org.apache.coyote.AbstractProtocol pause
信息: Pausing ProtocolHandler ["http-nio-auto-46-54064"]
十一月 25, 2020 10:42:44 下午 org.apache.catalina.core.StandardService stopInternal
信息: Stopping service [Tomcat]
十一月 25, 2020 10:42:44 下午 org.apache.coyote.AbstractProtocol stop
信息: Stopping ProtocolHandler ["http-nio-auto-46-54064"]
十一月 25, 2020 10:42:44 下午 org.apache.coyote.AbstractProtocol destroy
信息: Destroying ProtocolHandler ["http-nio-auto-46-54064"]
]]></system-err>
</testsuite>
