<?xml version="1.0" encoding="UTF-8"?>
<testsuite name="org.springframework.web.reactive.function.client.DefaultClientResponseTests" tests="15" skipped="0" failures="0" errors="0" timestamp="2020-11-25T14:43:29" hostname="lichangbaodeMacBook-Pro.local" time="0.015">
  <properties/>
  <testcase name="toEntityListTypeReference" classname="org.springframework.web.reactive.function.client.DefaultClientResponseTests" time="0.005"/>
  <testcase name="bodyToFluxTypeReference" classname="org.springframework.web.reactive.function.client.DefaultClientResponseTests" time="0.001"/>
  <testcase name="header" classname="org.springframework.web.reactive.function.client.DefaultClientResponseTests" time="0.001"/>
  <testcase name="rawStatusCode" classname="org.springframework.web.reactive.function.client.DefaultClientResponseTests" time="0.0"/>
  <testcase name="bodyToFlux" classname="org.springframework.web.reactive.function.client.DefaultClientResponseTests" time="0.001"/>
  <testcase name="bodyToMono" classname="org.springframework.web.reactive.function.client.DefaultClientResponseTests" time="0.0"/>
  <testcase name="toEntityWithUnknownStatusCode" classname="org.springframework.web.reactive.function.client.DefaultClientResponseTests" time="0.003"/>
  <testcase name="body" classname="org.springframework.web.reactive.function.client.DefaultClientResponseTests" time="0.0"/>
  <testcase name="statusCode" classname="org.springframework.web.reactive.function.client.DefaultClientResponseTests" time="0.001"/>
  <testcase name="bodyToMonoTypeReference" classname="org.springframework.web.reactive.function.client.DefaultClientResponseTests" time="0.0"/>
  <testcase name="toEntityList" classname="org.springframework.web.reactive.function.client.DefaultClientResponseTests" time="0.001"/>
  <testcase name="cookies" classname="org.springframework.web.reactive.function.client.DefaultClientResponseTests" time="0.0"/>
  <testcase name="toEntityTypeReference" classname="org.springframework.web.reactive.function.client.DefaultClientResponseTests" time="0.001"/>
  <testcase name="toEntityListWithUnknownStatusCode" classname="org.springframework.web.reactive.function.client.DefaultClientResponseTests" time="0.001"/>
  <testcase name="toEntity" classname="org.springframework.web.reactive.function.client.DefaultClientResponseTests" time="0.0"/>
  <system-out><![CDATA[22:43:29.533 [Test worker] DEBUG o.s.c.c.StringDecoder - Decoded "foo"
22:43:29.534 [Test worker] DEBUG o.s.c.c.StringDecoder - Decoded "foo"
22:43:29.535 [Test worker] DEBUG o.s.c.c.StringDecoder - Decoded "foo"
22:43:29.536 [Test worker] DEBUG o.s.c.c.StringDecoder - Decoded "foo"
22:43:29.538 [Test worker] DEBUG o.s.c.c.StringDecoder - Decoded "foo"
22:43:29.539 [Test worker] DEBUG o.s.c.c.StringDecoder - Decoded "foo"
22:43:29.540 [Test worker] DEBUG o.s.c.c.StringDecoder - Decoded "foo"
22:43:29.541 [Test worker] DEBUG o.s.c.c.StringDecoder - Decoded "foo"
22:43:29.542 [Test worker] DEBUG o.s.c.c.StringDecoder - Decoded "foo"
22:43:29.542 [Test worker] DEBUG o.s.c.c.StringDecoder - Decoded "foo"
22:43:29.543 [Test worker] DEBUG o.s.c.c.StringDecoder - Decoded "foo"
]]></system-out>
  <system-err><![CDATA[]]></system-err>
</testsuite>
