<?xml version="1.0" encoding="UTF-8"?>
<testsuite name="org.springframework.web.reactive.result.view.freemarker.FreeMarkerViewTests" tests="5" skipped="0" failures="0" errors="0" timestamp="2020-11-25T14:42:12" hostname="lichangbaodeMacBook-Pro.local" time="0.565">
  <properties/>
  <testcase name="checkResourceExists" classname="org.springframework.web.reactive.result.view.freemarker.FreeMarkerViewTests" time="0.525"/>
  <testcase name="render" classname="org.springframework.web.reactive.result.view.freemarker.FreeMarkerViewTests" time="0.027"/>
  <testcase name="noFreeMarkerConfig" classname="org.springframework.web.reactive.result.view.freemarker.FreeMarkerViewTests" time="0.001"/>
  <testcase name="noTemplateName" classname="org.springframework.web.reactive.result.view.freemarker.FreeMarkerViewTests" time="0.001"/>
  <testcase name="subscribeWithoutDemand" classname="org.springframework.web.reactive.result.view.freemarker.FreeMarkerViewTests" time="0.011"/>
  <system-out><![CDATA[22:42:13.190 [Test worker] DEBUG o.s.w.r.r.v.f.FreeMarkerConfigurer - File system access not preferred: using SpringTemplateLoader
22:42:13.283 [Test worker] DEBUG o.s.w.r.r.v.f.FreeMarkerConfigurer - File system access not preferred: using SpringTemplateLoader
22:42:13.283 [Test worker] DEBUG o.s.w.r.r.v.f.FreeMarkerView - [48c93f89] View [FreeMarkerView], model {hello=hi FreeMarker}
22:42:13.287 [Test worker] DEBUG o.s.w.r.r.v.f.FreeMarkerView - [48c93f89] Rendering [test.ftl]
22:42:13.310 [Test worker] DEBUG o.s.w.r.r.v.f.FreeMarkerConfigurer - File system access not preferred: using SpringTemplateLoader
22:42:13.311 [Test worker] DEBUG o.s.w.r.r.v.f.FreeMarkerConfigurer - File system access not preferred: using SpringTemplateLoader
22:42:13.312 [Test worker] DEBUG o.s.w.r.r.v.f.FreeMarkerConfigurer - File system access not preferred: using SpringTemplateLoader
22:42:13.314 [Test worker] DEBUG o.s.w.r.r.v.f.FreeMarkerView - [17e7bfb0] View [FreeMarkerView], model {hello=hi FreeMarker}
22:42:13.315 [Test worker] DEBUG o.s.w.r.r.v.f.FreeMarkerView - [17e7bfb0] Rendering [test.ftl]
]]></system-out>
  <system-err><![CDATA[]]></system-err>
</testsuite>
