<?xml version="1.0" encoding="UTF-8"?>
<testsuite name="org.springframework.web.reactive.result.KotlinInvocableHandlerMethodTests" tests="6" skipped="0" failures="0" errors="0" timestamp="2019-06-21T11:49:13" hostname="Macbook-Air.local" time="3.413">
  <properties/>
  <testcase name="resolveArg" classname="org.springframework.web.reactive.result.KotlinInvocableHandlerMethodTests" time="3.247"/>
  <testcase name="voidMethodWithResponseArg" classname="org.springframework.web.reactive.result.KotlinInvocableHandlerMethodTests" time="0.05"/>
  <testcase name="resolveNoArgs" classname="org.springframework.web.reactive.result.KotlinInvocableHandlerMethodTests" time="0.023"/>
  <testcase name="invocationTargetException" classname="org.springframework.web.reactive.result.KotlinInvocableHandlerMethodTests" time="0.013"/>
  <testcase name="resolveNoArg" classname="org.springframework.web.reactive.result.KotlinInvocableHandlerMethodTests" time="0.027"/>
  <testcase name="responseStatusAnnotation" classname="org.springframework.web.reactive.result.KotlinInvocableHandlerMethodTests" time="0.048"/>
  <system-out><![CDATA[]]></system-out>
  <system-err><![CDATA[]]></system-err>
</testsuite>
