<?xml version="1.0" encoding="UTF-8"?>
<testsuite name="org.springframework.web.reactive.result.method.annotation.RequestMappingExceptionHandlingIntegrationTests" tests="24" skipped="0" failures="0" errors="0" timestamp="2019-06-21T11:47:14" hostname="Macbook-Air.local" time="6.426">
  <properties/>
  <testcase name="errorBeforeFirstItem[server [org.springframework.http.server.reactive.bootstrap.JettyHttpServer@588155f4]]" classname="org.springframework.web.reactive.result.method.annotation.RequestMappingExceptionHandlingIntegrationTests" time="0.3"/>
  <testcase name="thrownExceptionWithCauseToHandle[server [org.springframework.http.server.reactive.bootstrap.JettyHttpServer@588155f4]]" classname="org.springframework.web.reactive.result.method.annotation.RequestMappingExceptionHandlingIntegrationTests" time="0.253"/>
  <testcase name="exceptionFromMethodWithProducesCondition[server [org.springframework.http.server.reactive.bootstrap.JettyHttpServer@588155f4]]" classname="org.springframework.web.reactive.result.method.annotation.RequestMappingExceptionHandlingIntegrationTests" time="0.215"/>
  <testcase name="thrownException[server [org.springframework.http.server.reactive.bootstrap.JettyHttpServer@588155f4]]" classname="org.springframework.web.reactive.result.method.annotation.RequestMappingExceptionHandlingIntegrationTests" time="0.297"/>
  <testcase name="exceptionAfterSeveralItems[server [org.springframework.http.server.reactive.bootstrap.JettyHttpServer@588155f4]]" classname="org.springframework.web.reactive.result.method.annotation.RequestMappingExceptionHandlingIntegrationTests" time="0.484"/>
  <testcase name="thrownExceptionWithCause[server [org.springframework.http.server.reactive.bootstrap.JettyHttpServer@588155f4]]" classname="org.springframework.web.reactive.result.method.annotation.RequestMappingExceptionHandlingIntegrationTests" time="0.221"/>
  <testcase name="errorBeforeFirstItem[server [org.springframework.http.server.reactive.bootstrap.ReactorHttpServer@169c4897]]" classname="org.springframework.web.reactive.result.method.annotation.RequestMappingExceptionHandlingIntegrationTests" time="0.213"/>
  <testcase name="thrownExceptionWithCauseToHandle[server [org.springframework.http.server.reactive.bootstrap.ReactorHttpServer@169c4897]]" classname="org.springframework.web.reactive.result.method.annotation.RequestMappingExceptionHandlingIntegrationTests" time="0.192"/>
  <testcase name="exceptionFromMethodWithProducesCondition[server [org.springframework.http.server.reactive.bootstrap.ReactorHttpServer@169c4897]]" classname="org.springframework.web.reactive.result.method.annotation.RequestMappingExceptionHandlingIntegrationTests" time="0.261"/>
  <testcase name="thrownException[server [org.springframework.http.server.reactive.bootstrap.ReactorHttpServer@169c4897]]" classname="org.springframework.web.reactive.result.method.annotation.RequestMappingExceptionHandlingIntegrationTests" time="0.228"/>
  <testcase name="exceptionAfterSeveralItems[server [org.springframework.http.server.reactive.bootstrap.ReactorHttpServer@169c4897]]" classname="org.springframework.web.reactive.result.method.annotation.RequestMappingExceptionHandlingIntegrationTests" time="0.591"/>
  <testcase name="thrownExceptionWithCause[server [org.springframework.http.server.reactive.bootstrap.ReactorHttpServer@169c4897]]" classname="org.springframework.web.reactive.result.method.annotation.RequestMappingExceptionHandlingIntegrationTests" time="0.222"/>
  <testcase name="errorBeforeFirstItem[server [org.springframework.http.server.reactive.bootstrap.TomcatHttpServer@56ac167d]]" classname="org.springframework.web.reactive.result.method.annotation.RequestMappingExceptionHandlingIntegrationTests" time="0.242"/>
  <testcase name="thrownExceptionWithCauseToHandle[server [org.springframework.http.server.reactive.bootstrap.TomcatHttpServer@56ac167d]]" classname="org.springframework.web.reactive.result.method.annotation.RequestMappingExceptionHandlingIntegrationTests" time="0.264"/>
  <testcase name="exceptionFromMethodWithProducesCondition[server [org.springframework.http.server.reactive.bootstrap.TomcatHttpServer@56ac167d]]" classname="org.springframework.web.reactive.result.method.annotation.RequestMappingExceptionHandlingIntegrationTests" time="0.245"/>
  <testcase name="thrownException[server [org.springframework.http.server.reactive.bootstrap.TomcatHttpServer@56ac167d]]" classname="org.springframework.web.reactive.result.method.annotation.RequestMappingExceptionHandlingIntegrationTests" time="0.267"/>
  <testcase name="exceptionAfterSeveralItems[server [org.springframework.http.server.reactive.bootstrap.TomcatHttpServer@56ac167d]]" classname="org.springframework.web.reactive.result.method.annotation.RequestMappingExceptionHandlingIntegrationTests" time="0.318"/>
  <testcase name="thrownExceptionWithCause[server [org.springframework.http.server.reactive.bootstrap.TomcatHttpServer@56ac167d]]" classname="org.springframework.web.reactive.result.method.annotation.RequestMappingExceptionHandlingIntegrationTests" time="0.259"/>
  <testcase name="errorBeforeFirstItem[server [org.springframework.http.server.reactive.bootstrap.UndertowHttpServer@2e49f419]]" classname="org.springframework.web.reactive.result.method.annotation.RequestMappingExceptionHandlingIntegrationTests" time="0.219"/>
  <testcase name="thrownExceptionWithCauseToHandle[server [org.springframework.http.server.reactive.bootstrap.UndertowHttpServer@2e49f419]]" classname="org.springframework.web.reactive.result.method.annotation.RequestMappingExceptionHandlingIntegrationTests" time="0.203"/>
  <testcase name="exceptionFromMethodWithProducesCondition[server [org.springframework.http.server.reactive.bootstrap.UndertowHttpServer@2e49f419]]" classname="org.springframework.web.reactive.result.method.annotation.RequestMappingExceptionHandlingIntegrationTests" time="0.209"/>
  <testcase name="thrownException[server [org.springframework.http.server.reactive.bootstrap.UndertowHttpServer@2e49f419]]" classname="org.springframework.web.reactive.result.method.annotation.RequestMappingExceptionHandlingIntegrationTests" time="0.205"/>
  <testcase name="exceptionAfterSeveralItems[server [org.springframework.http.server.reactive.bootstrap.UndertowHttpServer@2e49f419]]" classname="org.springframework.web.reactive.result.method.annotation.RequestMappingExceptionHandlingIntegrationTests" time="0.302"/>
  <testcase name="thrownExceptionWithCause[server [org.springframework.http.server.reactive.bootstrap.UndertowHttpServer@2e49f419]]" classname="org.springframework.web.reactive.result.method.annotation.RequestMappingExceptionHandlingIntegrationTests" time="0.214"/>
  <system-out><![CDATA[19:47:14.262 [Test worker] DEBUG o.s.w.r.r.m.a.RequestMappingHandlerMapping - 6 mappings in 'requestMappingHandlerMapping'
19:47:14.307 [Test worker] DEBUG o.s.w.r.r.m.a.ControllerMethodResolver - ControllerAdvice beans: none
19:47:14.370 [Test worker] DEBUG o.s.w.s.a.HttpWebHandlerAdapter - enableLoggingRequestDetails='false': form data and headers will be masked to prevent unsafe logging of potentially sensitive data
19:47:14.370 [Test worker] WARN  o.e.j.s.h.ContextHandler - Empty contextPath
19:47:14.370 [Test worker] INFO  o.e.j.s.h.ContextHandler - Started o.e.j.s.ServletContextHandler@42f9d5cb{/,null,AVAILABLE}
19:47:14.371 [Test worker] DEBUG o.s.h.s.r.b.JettyHttpServer - Starting JettyHttpServer...
19:47:14.371 [Test worker] INFO  o.e.j.s.Server - jetty-9.4.18.v20190429; built: 2019-04-29T20:42:08.989Z; git: e1bc35120a6617ee3df052294e433f3a25ce7097; jvm 1.8.0_144-b01
19:47:14.376 [Test worker] INFO  o.e.j.s.AbstractConnector - Started ServerConnector@e421626{HTTP/1.1,[http/1.1]}{0.0.0.0:50329}
19:47:14.377 [Test worker] INFO  o.e.j.s.Server - Started @35515ms
19:47:14.377 [Test worker] DEBUG o.s.h.s.r.b.JettyHttpServer - Server started on port 50329(0 millis).
19:47:14.377 [Test worker] DEBUG o.s.w.c.RestTemplate - HTTP GET http://localhost:50329/mono-error
19:47:14.378 [Test worker] DEBUG o.s.w.c.RestTemplate - Accept=[text/plain, application/json, application/x-jackson-smile, application/*+json, */*]
19:47:14.381 [qtp1964018066-174] DEBUG o.s.w.s.a.HttpWebHandlerAdapter - [2c8dd73d] HTTP GET "/mono-error"
19:47:14.382 [qtp1964018066-174] DEBUG o.s.w.r.r.m.a.RequestMappingHandlerMapping - [2c8dd73d] Mapped to org.springframework.web.reactive.result.method.annotation.RequestMappingExceptionHandlingIntegrationTests$TestController#handleWithError()
19:47:14.384 [qtp1964018066-174] DEBUG o.s.w.r.r.m.a.ResponseBodyResultHandler - Using 'text/plain;charset=UTF-8' given [text/plain, application/json, application/x-jackson-smile, application/*+json, */*] and supported [text/plain;charset=UTF-8, text/event-stream, text/plain;charset=UTF-8, */*]
19:47:14.384 [qtp1964018066-174] DEBUG o.s.w.r.r.m.a.ResponseBodyResultHandler - [2c8dd73d] 0..1 [java.lang.String]
19:47:14.389 [qtp1964018066-174] DEBUG o.s.w.r.r.m.a.RequestMappingHandlerAdapter - [2c8dd73d] Using @ExceptionHandler org.springframework.web.reactive.result.method.annotation.RequestMappingExceptionHandlingIntegrationTests$TestController#handleArgumentException(IllegalArgumentException)
19:47:14.390 [qtp1964018066-174] DEBUG o.s.w.r.r.m.a.ResponseBodyResultHandler - Using 'text/plain;charset=UTF-8' given [text/plain, application/json, application/x-jackson-smile, application/*+json, */*] and supported [text/plain;charset=UTF-8, text/event-stream, text/plain;charset=UTF-8, */*]
19:47:14.390 [qtp1964018066-174] DEBUG o.s.w.r.r.m.a.ResponseBodyResultHandler - [2c8dd73d] 0..1 [java.lang.String]
19:47:14.391 [qtp1964018066-174] DEBUG o.s.c.c.CharSequenceEncoder - [2c8dd73d] Writing "Recovered from error: Argument"
19:47:14.394 [qtp1964018066-174] DEBUG o.s.w.s.a.HttpWebHandlerAdapter - [2c8dd73d] Completed 200 OK
19:47:14.398 [Test worker] DEBUG o.s.w.c.RestTemplate - Response 200 OK
19:47:14.398 [Test worker] DEBUG o.s.w.c.RestTemplate - Reading to [java.lang.String] as "text/plain;charset=utf-8"
19:47:14.399 [Test worker] DEBUG o.s.h.s.r.b.JettyHttpServer - Stopping JettyHttpServer...
19:47:14.400 [Test worker] INFO  o.e.j.s.h.ContextHandler - Stopped o.e.j.s.ServletContextHandler@42f9d5cb{/,null,UNAVAILABLE}
19:47:14.402 [Test worker] INFO  o.e.j.s.AbstractConnector - Stopped ServerConnector@e421626{HTTP/1.1,[http/1.1]}{0.0.0.0:0}
19:47:14.405 [Test worker] DEBUG o.s.h.s.r.b.JettyHttpServer - Server stopped (0 millis).
19:47:14.504 [Test worker] DEBUG o.s.w.r.r.m.a.RequestMappingHandlerMapping - 6 mappings in 'requestMappingHandlerMapping'
19:47:14.560 [Test worker] DEBUG o.s.w.r.r.m.a.ControllerMethodResolver - ControllerAdvice beans: none
19:47:14.641 [Test worker] DEBUG o.s.w.s.a.HttpWebHandlerAdapter - enableLoggingRequestDetails='false': form data and headers will be masked to prevent unsafe logging of potentially sensitive data
19:47:14.642 [Test worker] WARN  o.e.j.s.h.ContextHandler - Empty contextPath
19:47:14.642 [Test worker] INFO  o.e.j.s.h.ContextHandler - Started o.e.j.s.ServletContextHandler@a58fef3{/,null,AVAILABLE}
19:47:14.642 [Test worker] DEBUG o.s.h.s.r.b.JettyHttpServer - Starting JettyHttpServer...
19:47:14.642 [Test worker] INFO  o.e.j.s.Server - jetty-9.4.18.v20190429; built: 2019-04-29T20:42:08.989Z; git: e1bc35120a6617ee3df052294e433f3a25ce7097; jvm 1.8.0_144-b01
19:47:14.646 [Test worker] INFO  o.e.j.s.AbstractConnector - Started ServerConnector@78ef34bb{HTTP/1.1,[http/1.1]}{0.0.0.0:50331}
19:47:14.647 [Test worker] INFO  o.e.j.s.Server - Started @35785ms
19:47:14.647 [Test worker] DEBUG o.s.h.s.r.b.JettyHttpServer - Server started on port 50331(0 millis).
19:47:14.647 [Test worker] DEBUG o.s.w.c.RestTemplate - HTTP GET http://localhost:50331/thrown-exception-with-cause-to-handle
19:47:14.648 [Test worker] DEBUG o.s.w.c.RestTemplate - Accept=[text/plain, application/json, application/x-jackson-smile, application/*+json, */*]
19:47:14.650 [qtp1974640456-184] DEBUG o.s.w.s.a.HttpWebHandlerAdapter - [303fc840] HTTP GET "/thrown-exception-with-cause-to-handle"
19:47:14.650 [qtp1974640456-184] DEBUG o.s.w.r.r.m.a.RequestMappingHandlerMapping - [303fc840] Mapped to org.springframework.web.reactive.result.method.annotation.RequestMappingExceptionHandlingIntegrationTests$TestController#handleAndThrowExceptionWithCauseToHandle()
19:47:14.653 [qtp1974640456-184] DEBUG o.s.w.r.r.m.a.RequestMappingHandlerAdapter - [303fc840] Using @ExceptionHandler org.springframework.web.reactive.result.method.annotation.RequestMappingExceptionHandlingIntegrationTests$TestController#handleArgumentException(IOException)
19:47:14.653 [qtp1974640456-184] DEBUG o.s.w.r.r.m.a.ResponseBodyResultHandler - Using 'text/plain;charset=UTF-8' given [text/plain, application/json, application/x-jackson-smile, application/*+json, */*] and supported [text/plain;charset=UTF-8, text/event-stream, text/plain;charset=UTF-8, */*]
19:47:14.654 [qtp1974640456-184] DEBUG o.s.w.r.r.m.a.ResponseBodyResultHandler - [303fc840] 0..1 [java.lang.String]
19:47:14.654 [qtp1974640456-184] DEBUG o.s.c.c.CharSequenceEncoder - [303fc840] Writing "Recovered from error: IO"
19:47:14.655 [qtp1974640456-184] DEBUG o.s.w.s.a.HttpWebHandlerAdapter - [303fc840] Completed 200 OK
19:47:14.655 [Test worker] DEBUG o.s.w.c.RestTemplate - Response 200 OK
19:47:14.656 [Test worker] DEBUG o.s.w.c.RestTemplate - Reading to [java.lang.String] as "text/plain;charset=utf-8"
19:47:14.656 [Test worker] DEBUG o.s.h.s.r.b.JettyHttpServer - Stopping JettyHttpServer...
19:47:14.656 [Test worker] INFO  o.e.j.s.h.ContextHandler - Stopped o.e.j.s.ServletContextHandler@a58fef3{/,null,UNAVAILABLE}
19:47:14.658 [Test worker] INFO  o.e.j.s.AbstractConnector - Stopped ServerConnector@78ef34bb{HTTP/1.1,[http/1.1]}{0.0.0.0:0}
19:47:14.658 [Test worker] DEBUG o.s.h.s.r.b.JettyHttpServer - Server stopped (0 millis).
19:47:14.733 [Test worker] DEBUG o.s.w.r.r.m.a.RequestMappingHandlerMapping - 6 mappings in 'requestMappingHandlerMapping'
19:47:14.777 [Test worker] DEBUG o.s.w.r.r.m.a.ControllerMethodResolver - ControllerAdvice beans: none
19:47:14.844 [Test worker] DEBUG o.s.w.s.a.HttpWebHandlerAdapter - enableLoggingRequestDetails='false': form data and headers will be masked to prevent unsafe logging of potentially sensitive data
19:47:14.845 [Test worker] WARN  o.e.j.s.h.ContextHandler - Empty contextPath
19:47:14.845 [Test worker] INFO  o.e.j.s.h.ContextHandler - Started o.e.j.s.ServletContextHandler@939c808{/,null,AVAILABLE}
19:47:14.846 [Test worker] DEBUG o.s.h.s.r.b.JettyHttpServer - Starting JettyHttpServer...
19:47:14.846 [Test worker] INFO  o.e.j.s.Server - jetty-9.4.18.v20190429; built: 2019-04-29T20:42:08.989Z; git: e1bc35120a6617ee3df052294e433f3a25ce7097; jvm 1.8.0_144-b01
19:47:14.850 [Test worker] INFO  o.e.j.s.AbstractConnector - Started ServerConnector@7541162f{HTTP/1.1,[http/1.1]}{0.0.0.0:50333}
19:47:14.851 [Test worker] INFO  o.e.j.s.Server - Started @35989ms
19:47:14.851 [Test worker] DEBUG o.s.h.s.r.b.JettyHttpServer - Server started on port 50333(0 millis).
19:47:14.852 [Test worker] DEBUG o.s.w.c.RestTemplate - HTTP GET http://localhost:50333/SPR-16318
19:47:14.852 [Test worker] DEBUG o.s.w.c.RestTemplate - Accept=[text/plain, application/json, application/x-jackson-smile, application/*+json, */*]
19:47:14.855 [qtp142629660-193] DEBUG o.s.w.s.a.HttpWebHandlerAdapter - [6def434e] HTTP GET "/SPR-16318"
19:47:14.856 [qtp142629660-193] DEBUG o.s.w.r.r.m.a.RequestMappingHandlerMapping - [6def434e] Mapped to org.springframework.web.reactive.result.method.annotation.RequestMappingExceptionHandlingIntegrationTests$TestController#handleTextPlain()
19:47:14.858 [qtp142629660-193] DEBUG o.s.w.r.r.m.a.ResponseBodyResultHandler - Using 'text/plain' given [text/plain, application/problem+json] and supported [text/plain]
19:47:14.858 [qtp142629660-193] DEBUG o.s.w.r.r.m.a.ResponseBodyResultHandler - [6def434e] 0..1 [java.lang.String]
19:47:14.859 [qtp142629660-193] DEBUG o.s.w.r.r.m.a.RequestMappingHandlerAdapter - [6def434e] Using @ExceptionHandler org.springframework.web.reactive.result.method.annotation.RequestMappingExceptionHandlingIntegrationTests$TestController#handle(Spr16318Exception)
19:47:14.861 [qtp142629660-193] DEBUG o.s.w.r.r.m.a.ResponseEntityResultHandler - Using 'application/problem+json' given [text/plain, application/problem+json] and supported [application/json, application/*+json, application/x-jackson-smile, application/*+x-jackson-smile, text/event-stream]
19:47:14.862 [qtp142629660-193] DEBUG o.s.w.r.r.m.a.ResponseEntityResultHandler - [6def434e] 0..1 [java.util.Map<java.lang.String, java.lang.String>]
19:47:14.863 [qtp142629660-193] DEBUG o.s.h.c.j.Jackson2JsonEncoder - [6def434e] Encoding [{reason=error}]
19:47:14.864 [qtp142629660-193] DEBUG o.s.w.s.a.HttpWebHandlerAdapter - [6def434e] Completed 500 INTERNAL_SERVER_ERROR
19:47:14.864 [Test worker] DEBUG o.s.w.c.RestTemplate - Response 500 INTERNAL_SERVER_ERROR
19:47:14.870 [Test worker] DEBUG o.s.h.s.r.b.JettyHttpServer - Stopping JettyHttpServer...
19:47:14.871 [Test worker] INFO  o.e.j.s.h.ContextHandler - Stopped o.e.j.s.ServletContextHandler@939c808{/,null,UNAVAILABLE}
19:47:14.872 [Test worker] INFO  o.e.j.s.AbstractConnector - Stopped ServerConnector@7541162f{HTTP/1.1,[http/1.1]}{0.0.0.0:0}
19:47:14.873 [Test worker] DEBUG o.s.h.s.r.b.JettyHttpServer - Server stopped (0 millis).
19:47:14.954 [Test worker] DEBUG o.s.w.r.r.m.a.RequestMappingHandlerMapping - 6 mappings in 'requestMappingHandlerMapping'
19:47:15.005 [Test worker] DEBUG o.s.w.r.r.m.a.ControllerMethodResolver - ControllerAdvice beans: none
19:47:15.114 [Test worker] DEBUG o.s.w.s.a.HttpWebHandlerAdapter - enableLoggingRequestDetails='false': form data and headers will be masked to prevent unsafe logging of potentially sensitive data
19:47:15.114 [Test worker] WARN  o.e.j.s.h.ContextHandler - Empty contextPath
19:47:15.115 [Test worker] INFO  o.e.j.s.h.ContextHandler - Started o.e.j.s.ServletContextHandler@20a47cb3{/,null,AVAILABLE}
19:47:15.115 [Test worker] DEBUG o.s.h.s.r.b.JettyHttpServer - Starting JettyHttpServer...
19:47:15.115 [Test worker] INFO  o.e.j.s.Server - jetty-9.4.18.v20190429; built: 2019-04-29T20:42:08.989Z; git: e1bc35120a6617ee3df052294e433f3a25ce7097; jvm 1.8.0_144-b01
19:47:15.143 [Test worker] INFO  o.e.j.s.AbstractConnector - Started ServerConnector@a3bb0e9{HTTP/1.1,[http/1.1]}{0.0.0.0:50335}
19:47:15.143 [Test worker] INFO  o.e.j.s.Server - Started @36282ms
19:47:15.144 [Test worker] DEBUG o.s.h.s.r.b.JettyHttpServer - Server started on port 50335(0 millis).
19:47:15.144 [Test worker] DEBUG o.s.w.c.RestTemplate - HTTP GET http://localhost:50335/thrown-exception
19:47:15.144 [Test worker] DEBUG o.s.w.c.RestTemplate - Accept=[text/plain, application/json, application/x-jackson-smile, application/*+json, */*]
19:47:15.148 [qtp1587967077-202] DEBUG o.s.w.s.a.HttpWebHandlerAdapter - [2b38068a] HTTP GET "/thrown-exception"
19:47:15.148 [qtp1587967077-202] DEBUG o.s.w.r.r.m.a.RequestMappingHandlerMapping - [2b38068a] Mapped to org.springframework.web.reactive.result.method.annotation.RequestMappingExceptionHandlingIntegrationTests$TestController#handleAndThrowException()
19:47:15.150 [qtp1587967077-202] DEBUG o.s.w.r.r.m.a.RequestMappingHandlerAdapter - [2b38068a] Using @ExceptionHandler org.springframework.web.reactive.result.method.annotation.RequestMappingExceptionHandlingIntegrationTests$TestController#handleStateException(IllegalStateException)
19:47:15.151 [qtp1587967077-202] DEBUG o.s.w.r.r.m.a.ResponseEntityResultHandler - Using 'text/plain;charset=UTF-8' given [text/plain, application/json, application/x-jackson-smile, application/*+json, */*] and supported [text/plain;charset=UTF-8, text/event-stream, text/plain;charset=UTF-8, */*]
19:47:15.152 [qtp1587967077-202] DEBUG o.s.w.r.r.m.a.ResponseEntityResultHandler - [2b38068a] 0..1 [java.lang.String]
19:47:15.152 [qtp1587967077-202] DEBUG o.s.c.c.CharSequenceEncoder - [2b38068a] Writing "Recovered from error: State"
19:47:15.153 [qtp1587967077-202] DEBUG o.s.w.s.a.HttpWebHandlerAdapter - [2b38068a] Completed 200 OK
19:47:15.153 [Test worker] DEBUG o.s.w.c.RestTemplate - Response 200 OK
19:47:15.154 [Test worker] DEBUG o.s.w.c.RestTemplate - Reading to [java.lang.String] as "text/plain;charset=utf-8"
19:47:15.154 [Test worker] DEBUG o.s.h.s.r.b.JettyHttpServer - Stopping JettyHttpServer...
19:47:15.155 [Test worker] INFO  o.e.j.s.h.ContextHandler - Stopped o.e.j.s.ServletContextHandler@20a47cb3{/,null,UNAVAILABLE}
19:47:15.157 [Test worker] INFO  o.e.j.s.AbstractConnector - Stopped ServerConnector@a3bb0e9{HTTP/1.1,[http/1.1]}{0.0.0.0:0}
19:47:15.169 [Test worker] DEBUG o.s.h.s.r.b.JettyHttpServer - Server stopped (0 millis).
19:47:15.258 [Test worker] DEBUG o.s.w.r.r.m.a.RequestMappingHandlerMapping - 6 mappings in 'requestMappingHandlerMapping'
19:47:15.306 [Test worker] DEBUG o.s.w.r.r.m.a.ControllerMethodResolver - ControllerAdvice beans: none
19:47:15.369 [Test worker] DEBUG o.s.w.s.a.HttpWebHandlerAdapter - enableLoggingRequestDetails='false': form data and headers will be masked to prevent unsafe logging of potentially sensitive data
19:47:15.369 [Test worker] WARN  o.e.j.s.h.ContextHandler - Empty contextPath
19:47:15.369 [Test worker] INFO  o.e.j.s.h.ContextHandler - Started o.e.j.s.ServletContextHandler@11de4e3a{/,null,AVAILABLE}
19:47:15.370 [Test worker] DEBUG o.s.h.s.r.b.JettyHttpServer - Starting JettyHttpServer...
19:47:15.370 [Test worker] INFO  o.e.j.s.Server - jetty-9.4.18.v20190429; built: 2019-04-29T20:42:08.989Z; git: e1bc35120a6617ee3df052294e433f3a25ce7097; jvm 1.8.0_144-b01
19:47:15.372 [Test worker] INFO  o.e.j.s.AbstractConnector - Started ServerConnector@59e65e23{HTTP/1.1,[http/1.1]}{0.0.0.0:50337}
19:47:15.373 [Test worker] INFO  o.e.j.s.Server - Started @36511ms
19:47:15.373 [Test worker] DEBUG o.s.h.s.r.b.JettyHttpServer - Server started on port 50337(0 millis).
19:47:15.374 [Test worker] DEBUG o.s.w.c.RestTemplate - HTTP GET http://localhost:50337/SPR-16051
19:47:15.374 [Test worker] DEBUG o.s.w.c.RestTemplate - Accept=[text/plain, application/json, application/x-jackson-smile, application/*+json, */*]
19:47:15.379 [qtp1103722059-211] DEBUG o.s.w.s.a.HttpWebHandlerAdapter - [755b5201] HTTP GET "/SPR-16051"
19:47:15.379 [qtp1103722059-211] DEBUG o.s.w.r.r.m.a.RequestMappingHandlerMapping - [755b5201] Mapped to org.springframework.web.reactive.result.method.annotation.RequestMappingExceptionHandlingIntegrationTests$TestController#errors()
19:47:15.381 [qtp1103722059-211] DEBUG o.s.w.r.r.m.a.ResponseBodyResultHandler - Using 'text/plain;charset=UTF-8' given [text/plain, application/json, application/x-jackson-smile, application/*+json, */*] and supported [text/plain;charset=UTF-8, text/event-stream, text/plain;charset=UTF-8, */*]
19:47:15.381 [qtp1103722059-211] DEBUG o.s.w.r.r.m.a.ResponseBodyResultHandler - [755b5201] 0..N [java.lang.String]
19:47:15.384 [qtp1103722059-211] DEBUG o.s.c.c.CharSequenceEncoder - [755b5201] Writing "1. foo bar"
19:47:15.385 [qtp1103722059-211] DEBUG o.s.c.c.CharSequenceEncoder - [755b5201] Writing "2. foo bar"
19:47:15.385 [Test worker] DEBUG o.s.w.c.RestTemplate - Response 200 OK
19:47:15.386 [qtp1103722059-211] DEBUG o.s.c.c.CharSequenceEncoder - [755b5201] Writing "3. foo bar"
19:47:15.386 [qtp1103722059-211] DEBUG o.s.c.c.CharSequenceEncoder - [755b5201] Writing "4. foo bar"
19:47:15.386 [Test worker] DEBUG o.s.w.c.RestTemplate - Reading to [java.lang.String] as "text/plain;charset=utf-8"
19:47:15.386 [qtp1103722059-211] DEBUG o.s.c.c.CharSequenceEncoder - [755b5201] Writing "5. foo bar"
19:47:15.387 [qtp1103722059-211] DEBUG o.s.c.c.CharSequenceEncoder - [755b5201] Writing "6. foo bar"
19:47:15.387 [qtp1103722059-211] DEBUG o.s.c.c.CharSequenceEncoder - [755b5201] Writing "7. foo bar"
19:47:15.387 [qtp1103722059-211] DEBUG o.s.c.c.CharSequenceEncoder - [755b5201] Writing "8. foo bar"
19:47:15.388 [qtp1103722059-211] DEBUG o.s.c.c.CharSequenceEncoder - [755b5201] Writing "9. foo bar"
19:47:15.388 [qtp1103722059-211] DEBUG o.s.c.c.CharSequenceEncoder - [755b5201] Writing "10. foo bar"
19:47:15.388 [qtp1103722059-211] DEBUG o.s.c.c.CharSequenceEncoder - [755b5201] Writing "11. foo bar"
19:47:15.389 [qtp1103722059-211] DEBUG o.s.c.c.CharSequenceEncoder - [755b5201] Writing "12. foo bar"
19:47:15.389 [qtp1103722059-211] DEBUG o.s.c.c.CharSequenceEncoder - [755b5201] Writing "13. foo bar"
19:47:15.389 [qtp1103722059-211] DEBUG o.s.c.c.CharSequenceEncoder - [755b5201] Writing "14. foo bar"
19:47:15.389 [qtp1103722059-211] DEBUG o.s.c.c.CharSequenceEncoder - [755b5201] Writing "15. foo bar"
19:47:15.390 [qtp1103722059-211] DEBUG o.s.c.c.CharSequenceEncoder - [755b5201] Writing "16. foo bar"
19:47:15.390 [qtp1103722059-211] DEBUG o.s.c.c.CharSequenceEncoder - [755b5201] Writing "17. foo bar"
19:47:15.390 [qtp1103722059-211] DEBUG o.s.c.c.CharSequenceEncoder - [755b5201] Writing "18. foo bar"
19:47:15.390 [qtp1103722059-211] DEBUG o.s.c.c.CharSequenceEncoder - [755b5201] Writing "19. foo bar"
19:47:15.391 [qtp1103722059-211] DEBUG o.s.c.c.CharSequenceEncoder - [755b5201] Writing "20. foo bar"
19:47:15.391 [qtp1103722059-211] DEBUG o.s.c.c.CharSequenceEncoder - [755b5201] Writing "21. foo bar"
19:47:15.391 [qtp1103722059-211] DEBUG o.s.c.c.CharSequenceEncoder - [755b5201] Writing "22. foo bar"
19:47:15.391 [qtp1103722059-211] DEBUG o.s.c.c.CharSequenceEncoder - [755b5201] Writing "23. foo bar"
19:47:15.392 [qtp1103722059-211] DEBUG o.s.c.c.CharSequenceEncoder - [755b5201] Writing "24. foo bar"
19:47:15.392 [qtp1103722059-211] DEBUG o.s.c.c.CharSequenceEncoder - [755b5201] Writing "25. foo bar"
19:47:15.392 [qtp1103722059-211] DEBUG o.s.c.c.CharSequenceEncoder - [755b5201] Writing "26. foo bar"
19:47:15.392 [qtp1103722059-211] DEBUG o.s.c.c.CharSequenceEncoder - [755b5201] Writing "27. foo bar"
19:47:15.393 [qtp1103722059-211] DEBUG o.s.c.c.CharSequenceEncoder - [755b5201] Writing "28. foo bar"
19:47:15.393 [qtp1103722059-211] DEBUG o.s.c.c.CharSequenceEncoder - [755b5201] Writing "29. foo bar"
19:47:15.393 [qtp1103722059-211] DEBUG o.s.c.c.CharSequenceEncoder - [755b5201] Writing "30. foo bar"
19:47:15.393 [qtp1103722059-211] DEBUG o.s.c.c.CharSequenceEncoder - [755b5201] Writing "31. foo bar"
19:47:15.394 [qtp1103722059-211] DEBUG o.s.c.c.CharSequenceEncoder - [755b5201] Writing "32. foo bar"
19:47:15.394 [qtp1103722059-211] DEBUG o.s.c.c.CharSequenceEncoder - [755b5201] Writing "33. foo bar"
19:47:15.394 [qtp1103722059-211] DEBUG o.s.c.c.CharSequenceEncoder - [755b5201] Writing "34. foo bar"
19:47:15.394 [qtp1103722059-211] DEBUG o.s.c.c.CharSequenceEncoder - [755b5201] Writing "35. foo bar"
19:47:15.395 [qtp1103722059-211] DEBUG o.s.c.c.CharSequenceEncoder - [755b5201] Writing "36. foo bar"
19:47:15.395 [qtp1103722059-211] DEBUG o.s.c.c.CharSequenceEncoder - [755b5201] Writing "37. foo bar"
19:47:15.395 [qtp1103722059-211] DEBUG o.s.c.c.CharSequenceEncoder - [755b5201] Writing "38. foo bar"
19:47:15.395 [qtp1103722059-211] DEBUG o.s.c.c.CharSequenceEncoder - [755b5201] Writing "39. foo bar"
19:47:15.396 [qtp1103722059-211] DEBUG o.s.c.c.CharSequenceEncoder - [755b5201] Writing "40. foo bar"
19:47:15.396 [qtp1103722059-211] DEBUG o.s.c.c.CharSequenceEncoder - [755b5201] Writing "41. foo bar"
19:47:15.396 [qtp1103722059-211] DEBUG o.s.c.c.CharSequenceEncoder - [755b5201] Writing "42. foo bar"
19:47:15.396 [qtp1103722059-211] DEBUG o.s.c.c.CharSequenceEncoder - [755b5201] Writing "43. foo bar"
19:47:15.397 [qtp1103722059-211] DEBUG o.s.c.c.CharSequenceEncoder - [755b5201] Writing "44. foo bar"
19:47:15.397 [qtp1103722059-211] DEBUG o.s.c.c.CharSequenceEncoder - [755b5201] Writing "45. foo bar"
19:47:15.397 [qtp1103722059-211] DEBUG o.s.c.c.CharSequenceEncoder - [755b5201] Writing "46. foo bar"
19:47:15.398 [qtp1103722059-211] DEBUG o.s.c.c.CharSequenceEncoder - [755b5201] Writing "47. foo bar"
19:47:15.398 [qtp1103722059-211] DEBUG o.s.c.c.CharSequenceEncoder - [755b5201] Writing "48. foo bar"
19:47:15.398 [qtp1103722059-211] DEBUG o.s.c.c.CharSequenceEncoder - [755b5201] Writing "49. foo bar"
19:47:15.398 [qtp1103722059-211] DEBUG o.s.c.c.CharSequenceEncoder - [755b5201] Writing "50. foo bar"
19:47:15.399 [qtp1103722059-211] DEBUG o.s.c.c.CharSequenceEncoder - [755b5201] Writing "51. foo bar"
19:47:15.399 [qtp1103722059-211] DEBUG o.s.c.c.CharSequenceEncoder - [755b5201] Writing "52. foo bar"
19:47:15.399 [qtp1103722059-211] DEBUG o.s.c.c.CharSequenceEncoder - [755b5201] Writing "53. foo bar"
19:47:15.400 [qtp1103722059-211] DEBUG o.s.c.c.CharSequenceEncoder - [755b5201] Writing "54. foo bar"
19:47:15.400 [qtp1103722059-211] DEBUG o.s.c.c.CharSequenceEncoder - [755b5201] Writing "55. foo bar"
19:47:15.400 [qtp1103722059-211] DEBUG o.s.c.c.CharSequenceEncoder - [755b5201] Writing "56. foo bar"
19:47:15.401 [qtp1103722059-211] DEBUG o.s.c.c.CharSequenceEncoder - [755b5201] Writing "57. foo bar"
19:47:15.401 [qtp1103722059-211] DEBUG o.s.c.c.CharSequenceEncoder - [755b5201] Writing "58. foo bar"
19:47:15.402 [qtp1103722059-211] DEBUG o.s.c.c.CharSequenceEncoder - [755b5201] Writing "59. foo bar"
19:47:15.402 [qtp1103722059-211] DEBUG o.s.c.c.CharSequenceEncoder - [755b5201] Writing "60. foo bar"
19:47:15.402 [qtp1103722059-211] DEBUG o.s.c.c.CharSequenceEncoder - [755b5201] Writing "61. foo bar"
19:47:15.403 [qtp1103722059-211] DEBUG o.s.c.c.CharSequenceEncoder - [755b5201] Writing "62. foo bar"
19:47:15.403 [qtp1103722059-211] DEBUG o.s.c.c.CharSequenceEncoder - [755b5201] Writing "63. foo bar"
19:47:15.403 [qtp1103722059-211] DEBUG o.s.c.c.CharSequenceEncoder - [755b5201] Writing "64. foo bar"
19:47:15.404 [qtp1103722059-211] DEBUG o.s.c.c.CharSequenceEncoder - [755b5201] Writing "65. foo bar"
19:47:15.404 [qtp1103722059-211] DEBUG o.s.c.c.CharSequenceEncoder - [755b5201] Writing "66. foo bar"
19:47:15.405 [qtp1103722059-211] DEBUG o.s.c.c.CharSequenceEncoder - [755b5201] Writing "67. foo bar"
19:47:15.405 [qtp1103722059-211] DEBUG o.s.c.c.CharSequenceEncoder - [755b5201] Writing "68. foo bar"
19:47:15.405 [qtp1103722059-211] DEBUG o.s.c.c.CharSequenceEncoder - [755b5201] Writing "69. foo bar"
19:47:15.406 [qtp1103722059-211] DEBUG o.s.c.c.CharSequenceEncoder - [755b5201] Writing "70. foo bar"
19:47:15.406 [qtp1103722059-211] DEBUG o.s.c.c.CharSequenceEncoder - [755b5201] Writing "71. foo bar"
19:47:15.406 [qtp1103722059-211] DEBUG o.s.c.c.CharSequenceEncoder - [755b5201] Writing "72. foo bar"
19:47:15.407 [qtp1103722059-211] DEBUG o.s.c.c.CharSequenceEncoder - [755b5201] Writing "73. foo bar"
19:47:15.407 [qtp1103722059-211] DEBUG o.s.c.c.CharSequenceEncoder - [755b5201] Writing "74. foo bar"
19:47:15.407 [qtp1103722059-211] DEBUG o.s.c.c.CharSequenceEncoder - [755b5201] Writing "75. foo bar"
19:47:15.408 [qtp1103722059-211] DEBUG o.s.c.c.CharSequenceEncoder - [755b5201] Writing "76. foo bar"
19:47:15.408 [qtp1103722059-211] DEBUG o.s.c.c.CharSequenceEncoder - [755b5201] Writing "77. foo bar"
19:47:15.408 [qtp1103722059-211] DEBUG o.s.c.c.CharSequenceEncoder - [755b5201] Writing "78. foo bar"
19:47:15.409 [qtp1103722059-211] DEBUG o.s.c.c.CharSequenceEncoder - [755b5201] Writing "79. foo bar"
19:47:15.409 [qtp1103722059-211] DEBUG o.s.c.c.CharSequenceEncoder - [755b5201] Writing "80. foo bar"
19:47:15.409 [qtp1103722059-211] DEBUG o.s.c.c.CharSequenceEncoder - [755b5201] Writing "81. foo bar"
19:47:15.410 [qtp1103722059-211] DEBUG o.s.c.c.CharSequenceEncoder - [755b5201] Writing "82. foo bar"
19:47:15.410 [qtp1103722059-211] DEBUG o.s.c.c.CharSequenceEncoder - [755b5201] Writing "83. foo bar"
19:47:15.411 [qtp1103722059-211] DEBUG o.s.c.c.CharSequenceEncoder - [755b5201] Writing "84. foo bar"
19:47:15.411 [qtp1103722059-211] DEBUG o.s.c.c.CharSequenceEncoder - [755b5201] Writing "85. foo bar"
19:47:15.412 [qtp1103722059-211] DEBUG o.s.c.c.CharSequenceEncoder - [755b5201] Writing "86. foo bar"
19:47:15.412 [qtp1103722059-211] DEBUG o.s.c.c.CharSequenceEncoder - [755b5201] Writing "87. foo bar"
19:47:15.413 [qtp1103722059-211] DEBUG o.s.c.c.CharSequenceEncoder - [755b5201] Writing "88. foo bar"
19:47:15.413 [qtp1103722059-211] DEBUG o.s.c.c.CharSequenceEncoder - [755b5201] Writing "89. foo bar"
19:47:15.413 [qtp1103722059-211] DEBUG o.s.c.c.CharSequenceEncoder - [755b5201] Writing "90. foo bar"
19:47:15.414 [qtp1103722059-211] DEBUG o.s.c.c.CharSequenceEncoder - [755b5201] Writing "91. foo bar"
19:47:15.414 [qtp1103722059-211] DEBUG o.s.c.c.CharSequenceEncoder - [755b5201] Writing "92. foo bar"
19:47:15.414 [qtp1103722059-211] DEBUG o.s.c.c.CharSequenceEncoder - [755b5201] Writing "93. foo bar"
19:47:15.415 [qtp1103722059-211] DEBUG o.s.c.c.CharSequenceEncoder - [755b5201] Writing "94. foo bar"
19:47:15.415 [qtp1103722059-211] DEBUG o.s.c.c.CharSequenceEncoder - [755b5201] Writing "95. foo bar"
19:47:15.416 [qtp1103722059-211] DEBUG o.s.c.c.CharSequenceEncoder - [755b5201] Writing "96. foo bar"
19:47:15.416 [qtp1103722059-211] DEBUG o.s.c.c.CharSequenceEncoder - [755b5201] Writing "97. foo bar"
19:47:15.416 [qtp1103722059-211] DEBUG o.s.c.c.CharSequenceEncoder - [755b5201] Writing "98. foo bar"
19:47:15.419 [qtp1103722059-211] DEBUG o.s.c.c.CharSequenceEncoder - [755b5201] Writing "99. foo bar"
19:47:15.419 [qtp1103722059-211] DEBUG o.s.c.c.CharSequenceEncoder - [755b5201] Writing "100. foo bar"
19:47:15.420 [qtp1103722059-211] DEBUG o.s.c.c.CharSequenceEncoder - [755b5201] Writing "101. foo bar"
19:47:15.420 [qtp1103722059-211] DEBUG o.s.c.c.CharSequenceEncoder - [755b5201] Writing "102. foo bar"
19:47:15.421 [qtp1103722059-211] DEBUG o.s.c.c.CharSequenceEncoder - [755b5201] Writing "103. foo bar"
19:47:15.422 [qtp1103722059-211] DEBUG o.s.c.c.CharSequenceEncoder - [755b5201] Writing "104. foo bar"
19:47:15.423 [qtp1103722059-211] DEBUG o.s.c.c.CharSequenceEncoder - [755b5201] Writing "105. foo bar"
19:47:15.424 [qtp1103722059-211] DEBUG o.s.c.c.CharSequenceEncoder - [755b5201] Writing "106. foo bar"
19:47:15.424 [qtp1103722059-211] DEBUG o.s.c.c.CharSequenceEncoder - [755b5201] Writing "107. foo bar"
19:47:15.425 [qtp1103722059-211] DEBUG o.s.c.c.CharSequenceEncoder - [755b5201] Writing "108. foo bar"
19:47:15.425 [qtp1103722059-211] DEBUG o.s.c.c.CharSequenceEncoder - [755b5201] Writing "109. foo bar"
19:47:15.425 [qtp1103722059-211] DEBUG o.s.c.c.CharSequenceEncoder - [755b5201] Writing "110. foo bar"
19:47:15.426 [qtp1103722059-211] DEBUG o.s.c.c.CharSequenceEncoder - [755b5201] Writing "111. foo bar"
19:47:15.426 [qtp1103722059-211] DEBUG o.s.c.c.CharSequenceEncoder - [755b5201] Writing "112. foo bar"
19:47:15.426 [qtp1103722059-211] DEBUG o.s.c.c.CharSequenceEncoder - [755b5201] Writing "113. foo bar"
19:47:15.427 [qtp1103722059-211] DEBUG o.s.c.c.CharSequenceEncoder - [755b5201] Writing "114. foo bar"
19:47:15.427 [qtp1103722059-211] DEBUG o.s.c.c.CharSequenceEncoder - [755b5201] Writing "115. foo bar"
19:47:15.427 [qtp1103722059-211] DEBUG o.s.c.c.CharSequenceEncoder - [755b5201] Writing "116. foo bar"
19:47:15.428 [qtp1103722059-211] DEBUG o.s.c.c.CharSequenceEncoder - [755b5201] Writing "117. foo bar"
19:47:15.428 [qtp1103722059-211] DEBUG o.s.c.c.CharSequenceEncoder - [755b5201] Writing "118. foo bar"
19:47:15.429 [qtp1103722059-211] DEBUG o.s.c.c.CharSequenceEncoder - [755b5201] Writing "119. foo bar"
19:47:15.429 [qtp1103722059-211] DEBUG o.s.c.c.CharSequenceEncoder - [755b5201] Writing "120. foo bar"
19:47:15.429 [qtp1103722059-211] DEBUG o.s.c.c.CharSequenceEncoder - [755b5201] Writing "121. foo bar"
19:47:15.430 [qtp1103722059-211] DEBUG o.s.c.c.CharSequenceEncoder - [755b5201] Writing "122. foo bar"
19:47:15.430 [qtp1103722059-211] DEBUG o.s.c.c.CharSequenceEncoder - [755b5201] Writing "123. foo bar"
19:47:15.430 [qtp1103722059-211] DEBUG o.s.c.c.CharSequenceEncoder - [755b5201] Writing "124. foo bar"
19:47:15.431 [qtp1103722059-211] DEBUG o.s.c.c.CharSequenceEncoder - [755b5201] Writing "125. foo bar"
19:47:15.431 [qtp1103722059-211] DEBUG o.s.c.c.CharSequenceEncoder - [755b5201] Writing "126. foo bar"
19:47:15.432 [qtp1103722059-211] DEBUG o.s.c.c.CharSequenceEncoder - [755b5201] Writing "127. foo bar"
19:47:15.432 [qtp1103722059-211] DEBUG o.s.c.c.CharSequenceEncoder - [755b5201] Writing "128. foo bar"
19:47:15.432 [qtp1103722059-211] DEBUG o.s.c.c.CharSequenceEncoder - [755b5201] Writing "129. foo bar"
19:47:15.433 [qtp1103722059-211] DEBUG o.s.c.c.CharSequenceEncoder - [755b5201] Writing "130. foo bar"
19:47:15.433 [qtp1103722059-211] DEBUG o.s.c.c.CharSequenceEncoder - [755b5201] Writing "131. foo bar"
19:47:15.433 [qtp1103722059-211] DEBUG o.s.c.c.CharSequenceEncoder - [755b5201] Writing "132. foo bar"
19:47:15.433 [qtp1103722059-211] DEBUG o.s.c.c.CharSequenceEncoder - [755b5201] Writing "133. foo bar"
19:47:15.434 [qtp1103722059-211] DEBUG o.s.c.c.CharSequenceEncoder - [755b5201] Writing "134. foo bar"
19:47:15.434 [qtp1103722059-211] DEBUG o.s.c.c.CharSequenceEncoder - [755b5201] Writing "135. foo bar"
19:47:15.434 [qtp1103722059-211] DEBUG o.s.c.c.CharSequenceEncoder - [755b5201] Writing "136. foo bar"
19:47:15.434 [qtp1103722059-211] DEBUG o.s.c.c.CharSequenceEncoder - [755b5201] Writing "137. foo bar"
19:47:15.435 [qtp1103722059-211] DEBUG o.s.c.c.CharSequenceEncoder - [755b5201] Writing "138. foo bar"
19:47:15.435 [qtp1103722059-211] DEBUG o.s.c.c.CharSequenceEncoder - [755b5201] Writing "139. foo bar"
19:47:15.435 [qtp1103722059-211] DEBUG o.s.c.c.CharSequenceEncoder - [755b5201] Writing "140. foo bar"
19:47:15.435 [qtp1103722059-211] DEBUG o.s.c.c.CharSequenceEncoder - [755b5201] Writing "141. foo bar"
19:47:15.436 [qtp1103722059-211] DEBUG o.s.c.c.CharSequenceEncoder - [755b5201] Writing "142. foo bar"
19:47:15.436 [qtp1103722059-211] DEBUG o.s.c.c.CharSequenceEncoder - [755b5201] Writing "143. foo bar"
19:47:15.436 [qtp1103722059-211] DEBUG o.s.c.c.CharSequenceEncoder - [755b5201] Writing "144. foo bar"
19:47:15.436 [qtp1103722059-211] DEBUG o.s.c.c.CharSequenceEncoder - [755b5201] Writing "145. foo bar"
19:47:15.437 [qtp1103722059-211] DEBUG o.s.c.c.CharSequenceEncoder - [755b5201] Writing "146. foo bar"
19:47:15.437 [qtp1103722059-211] DEBUG o.s.c.c.CharSequenceEncoder - [755b5201] Writing "147. foo bar"
19:47:15.437 [qtp1103722059-211] DEBUG o.s.c.c.CharSequenceEncoder - [755b5201] Writing "148. foo bar"
19:47:15.438 [qtp1103722059-211] DEBUG o.s.c.c.CharSequenceEncoder - [755b5201] Writing "149. foo bar"
19:47:15.438 [qtp1103722059-211] DEBUG o.s.c.c.CharSequenceEncoder - [755b5201] Writing "150. foo bar"
19:47:15.438 [qtp1103722059-211] DEBUG o.s.c.c.CharSequenceEncoder - [755b5201] Writing "151. foo bar"
19:47:15.439 [qtp1103722059-211] DEBUG o.s.c.c.CharSequenceEncoder - [755b5201] Writing "152. foo bar"
19:47:15.439 [qtp1103722059-211] DEBUG o.s.c.c.CharSequenceEncoder - [755b5201] Writing "153. foo bar"
19:47:15.439 [qtp1103722059-211] DEBUG o.s.c.c.CharSequenceEncoder - [755b5201] Writing "154. foo bar"
19:47:15.440 [qtp1103722059-211] DEBUG o.s.c.c.CharSequenceEncoder - [755b5201] Writing "155. foo bar"
19:47:15.440 [qtp1103722059-211] DEBUG o.s.c.c.CharSequenceEncoder - [755b5201] Writing "156. foo bar"
19:47:15.440 [qtp1103722059-211] DEBUG o.s.c.c.CharSequenceEncoder - [755b5201] Writing "157. foo bar"
19:47:15.441 [qtp1103722059-211] DEBUG o.s.c.c.CharSequenceEncoder - [755b5201] Writing "158. foo bar"
19:47:15.441 [qtp1103722059-211] DEBUG o.s.c.c.CharSequenceEncoder - [755b5201] Writing "159. foo bar"
19:47:15.441 [qtp1103722059-211] DEBUG o.s.c.c.CharSequenceEncoder - [755b5201] Writing "160. foo bar"
19:47:15.441 [qtp1103722059-211] DEBUG o.s.c.c.CharSequenceEncoder - [755b5201] Writing "161. foo bar"
19:47:15.442 [qtp1103722059-211] DEBUG o.s.c.c.CharSequenceEncoder - [755b5201] Writing "162. foo bar"
19:47:15.442 [qtp1103722059-211] DEBUG o.s.c.c.CharSequenceEncoder - [755b5201] Writing "163. foo bar"
19:47:15.442 [qtp1103722059-211] DEBUG o.s.c.c.CharSequenceEncoder - [755b5201] Writing "164. foo bar"
19:47:15.443 [qtp1103722059-211] DEBUG o.s.c.c.CharSequenceEncoder - [755b5201] Writing "165. foo bar"
19:47:15.443 [qtp1103722059-211] DEBUG o.s.c.c.CharSequenceEncoder - [755b5201] Writing "166. foo bar"
19:47:15.443 [qtp1103722059-211] DEBUG o.s.c.c.CharSequenceEncoder - [755b5201] Writing "167. foo bar"
19:47:15.444 [qtp1103722059-211] DEBUG o.s.c.c.CharSequenceEncoder - [755b5201] Writing "168. foo bar"
19:47:15.444 [qtp1103722059-211] DEBUG o.s.c.c.CharSequenceEncoder - [755b5201] Writing "169. foo bar"
19:47:15.444 [qtp1103722059-211] DEBUG o.s.c.c.CharSequenceEncoder - [755b5201] Writing "170. foo bar"
19:47:15.444 [qtp1103722059-211] DEBUG o.s.c.c.CharSequenceEncoder - [755b5201] Writing "171. foo bar"
19:47:15.445 [qtp1103722059-211] DEBUG o.s.c.c.CharSequenceEncoder - [755b5201] Writing "172. foo bar"
19:47:15.445 [qtp1103722059-211] DEBUG o.s.c.c.CharSequenceEncoder - [755b5201] Writing "173. foo bar"
19:47:15.445 [qtp1103722059-211] DEBUG o.s.c.c.CharSequenceEncoder - [755b5201] Writing "174. foo bar"
19:47:15.446 [qtp1103722059-211] DEBUG o.s.c.c.CharSequenceEncoder - [755b5201] Writing "175. foo bar"
19:47:15.446 [qtp1103722059-211] DEBUG o.s.c.c.CharSequenceEncoder - [755b5201] Writing "176. foo bar"
19:47:15.446 [qtp1103722059-211] DEBUG o.s.c.c.CharSequenceEncoder - [755b5201] Writing "177. foo bar"
19:47:15.446 [qtp1103722059-211] DEBUG o.s.c.c.CharSequenceEncoder - [755b5201] Writing "178. foo bar"
19:47:15.447 [qtp1103722059-211] DEBUG o.s.c.c.CharSequenceEncoder - [755b5201] Writing "179. foo bar"
19:47:15.447 [qtp1103722059-211] DEBUG o.s.c.c.CharSequenceEncoder - [755b5201] Writing "180. foo bar"
19:47:15.447 [qtp1103722059-211] DEBUG o.s.c.c.CharSequenceEncoder - [755b5201] Writing "181. foo bar"
19:47:15.448 [qtp1103722059-211] DEBUG o.s.c.c.CharSequenceEncoder - [755b5201] Writing "182. foo bar"
19:47:15.448 [qtp1103722059-211] DEBUG o.s.c.c.CharSequenceEncoder - [755b5201] Writing "183. foo bar"
19:47:15.448 [qtp1103722059-211] DEBUG o.s.c.c.CharSequenceEncoder - [755b5201] Writing "184. foo bar"
19:47:15.448 [qtp1103722059-211] DEBUG o.s.c.c.CharSequenceEncoder - [755b5201] Writing "185. foo bar"
19:47:15.449 [qtp1103722059-211] DEBUG o.s.c.c.CharSequenceEncoder - [755b5201] Writing "186. foo bar"
19:47:15.449 [qtp1103722059-211] DEBUG o.s.c.c.CharSequenceEncoder - [755b5201] Writing "187. foo bar"
19:47:15.449 [qtp1103722059-211] DEBUG o.s.c.c.CharSequenceEncoder - [755b5201] Writing "188. foo bar"
19:47:15.449 [qtp1103722059-211] DEBUG o.s.c.c.CharSequenceEncoder - [755b5201] Writing "189. foo bar"
19:47:15.450 [qtp1103722059-211] DEBUG o.s.c.c.CharSequenceEncoder - [755b5201] Writing "190. foo bar"
19:47:15.450 [qtp1103722059-211] DEBUG o.s.c.c.CharSequenceEncoder - [755b5201] Writing "191. foo bar"
19:47:15.450 [qtp1103722059-211] DEBUG o.s.c.c.CharSequenceEncoder - [755b5201] Writing "192. foo bar"
19:47:15.450 [qtp1103722059-211] DEBUG o.s.c.c.CharSequenceEncoder - [755b5201] Writing "193. foo bar"
19:47:15.451 [qtp1103722059-211] DEBUG o.s.c.c.CharSequenceEncoder - [755b5201] Writing "194. foo bar"
19:47:15.451 [qtp1103722059-211] DEBUG o.s.c.c.CharSequenceEncoder - [755b5201] Writing "195. foo bar"
19:47:15.452 [qtp1103722059-211] DEBUG o.s.c.c.CharSequenceEncoder - [755b5201] Writing "196. foo bar"
19:47:15.452 [qtp1103722059-211] DEBUG o.s.c.c.CharSequenceEncoder - [755b5201] Writing "197. foo bar"
19:47:15.452 [qtp1103722059-211] DEBUG o.s.c.c.CharSequenceEncoder - [755b5201] Writing "198. foo bar"
19:47:15.453 [qtp1103722059-211] DEBUG o.s.c.c.CharSequenceEncoder - [755b5201] Writing "199. foo bar"
19:47:15.453 [qtp1103722059-211] DEBUG o.s.c.c.CharSequenceEncoder - [755b5201] Writing "200. foo bar"
19:47:15.453 [qtp1103722059-211] DEBUG o.s.c.c.CharSequenceEncoder - [755b5201] Writing "201. foo bar"
19:47:15.454 [qtp1103722059-211] DEBUG o.s.c.c.CharSequenceEncoder - [755b5201] Writing "202. foo bar"
19:47:15.454 [qtp1103722059-211] DEBUG o.s.c.c.CharSequenceEncoder - [755b5201] Writing "203. foo bar"
19:47:15.454 [qtp1103722059-211] DEBUG o.s.c.c.CharSequenceEncoder - [755b5201] Writing "204. foo bar"
19:47:15.455 [qtp1103722059-211] DEBUG o.s.c.c.CharSequenceEncoder - [755b5201] Writing "205. foo bar"
19:47:15.455 [qtp1103722059-211] DEBUG o.s.c.c.CharSequenceEncoder - [755b5201] Writing "206. foo bar"
19:47:15.455 [qtp1103722059-211] DEBUG o.s.c.c.CharSequenceEncoder - [755b5201] Writing "207. foo bar"
19:47:15.455 [qtp1103722059-211] DEBUG o.s.c.c.CharSequenceEncoder - [755b5201] Writing "208. foo bar"
19:47:15.456 [qtp1103722059-211] DEBUG o.s.c.c.CharSequenceEncoder - [755b5201] Writing "209. foo bar"
19:47:15.456 [qtp1103722059-211] DEBUG o.s.c.c.CharSequenceEncoder - [755b5201] Writing "210. foo bar"
19:47:15.456 [qtp1103722059-211] DEBUG o.s.c.c.CharSequenceEncoder - [755b5201] Writing "211. foo bar"
19:47:15.457 [qtp1103722059-211] DEBUG o.s.c.c.CharSequenceEncoder - [755b5201] Writing "212. foo bar"
19:47:15.457 [qtp1103722059-211] DEBUG o.s.c.c.CharSequenceEncoder - [755b5201] Writing "213. foo bar"
19:47:15.457 [qtp1103722059-211] DEBUG o.s.c.c.CharSequenceEncoder - [755b5201] Writing "214. foo bar"
19:47:15.457 [qtp1103722059-211] DEBUG o.s.c.c.CharSequenceEncoder - [755b5201] Writing "215. foo bar"
19:47:15.458 [qtp1103722059-211] DEBUG o.s.c.c.CharSequenceEncoder - [755b5201] Writing "216. foo bar"
19:47:15.458 [qtp1103722059-211] DEBUG o.s.c.c.CharSequenceEncoder - [755b5201] Writing "217. foo bar"
19:47:15.458 [qtp1103722059-211] DEBUG o.s.c.c.CharSequenceEncoder - [755b5201] Writing "218. foo bar"
19:47:15.459 [qtp1103722059-211] DEBUG o.s.c.c.CharSequenceEncoder - [755b5201] Writing "219. foo bar"
19:47:15.459 [qtp1103722059-211] DEBUG o.s.c.c.CharSequenceEncoder - [755b5201] Writing "220. foo bar"
19:47:15.459 [qtp1103722059-211] DEBUG o.s.c.c.CharSequenceEncoder - [755b5201] Writing "221. foo bar"
19:47:15.459 [qtp1103722059-211] DEBUG o.s.c.c.CharSequenceEncoder - [755b5201] Writing "222. foo bar"
19:47:15.460 [qtp1103722059-211] DEBUG o.s.c.c.CharSequenceEncoder - [755b5201] Writing "223. foo bar"
19:47:15.460 [qtp1103722059-211] DEBUG o.s.c.c.CharSequenceEncoder - [755b5201] Writing "224. foo bar"
19:47:15.460 [qtp1103722059-211] DEBUG o.s.c.c.CharSequenceEncoder - [755b5201] Writing "225. foo bar"
19:47:15.461 [qtp1103722059-211] DEBUG o.s.c.c.CharSequenceEncoder - [755b5201] Writing "226. foo bar"
19:47:15.461 [qtp1103722059-211] DEBUG o.s.c.c.CharSequenceEncoder - [755b5201] Writing "227. foo bar"
19:47:15.461 [qtp1103722059-211] DEBUG o.s.c.c.CharSequenceEncoder - [755b5201] Writing "228. foo bar"
19:47:15.462 [qtp1103722059-211] DEBUG o.s.c.c.CharSequenceEncoder - [755b5201] Writing "229. foo bar"
19:47:15.462 [qtp1103722059-211] DEBUG o.s.c.c.CharSequenceEncoder - [755b5201] Writing "230. foo bar"
19:47:15.462 [qtp1103722059-211] DEBUG o.s.c.c.CharSequenceEncoder - [755b5201] Writing "231. foo bar"
19:47:15.462 [qtp1103722059-211] DEBUG o.s.c.c.CharSequenceEncoder - [755b5201] Writing "232. foo bar"
19:47:15.463 [qtp1103722059-211] DEBUG o.s.c.c.CharSequenceEncoder - [755b5201] Writing "233. foo bar"
19:47:15.463 [qtp1103722059-211] DEBUG o.s.c.c.CharSequenceEncoder - [755b5201] Writing "234. foo bar"
19:47:15.463 [qtp1103722059-211] DEBUG o.s.c.c.CharSequenceEncoder - [755b5201] Writing "235. foo bar"
19:47:15.463 [qtp1103722059-211] DEBUG o.s.c.c.CharSequenceEncoder - [755b5201] Writing "236. foo bar"
19:47:15.464 [qtp1103722059-211] DEBUG o.s.c.c.CharSequenceEncoder - [755b5201] Writing "237. foo bar"
19:47:15.464 [qtp1103722059-211] DEBUG o.s.c.c.CharSequenceEncoder - [755b5201] Writing "238. foo bar"
19:47:15.464 [qtp1103722059-211] DEBUG o.s.c.c.CharSequenceEncoder - [755b5201] Writing "239. foo bar"
19:47:15.464 [qtp1103722059-211] DEBUG o.s.c.c.CharSequenceEncoder - [755b5201] Writing "240. foo bar"
19:47:15.465 [qtp1103722059-211] DEBUG o.s.c.c.CharSequenceEncoder - [755b5201] Writing "241. foo bar"
19:47:15.465 [qtp1103722059-211] DEBUG o.s.c.c.CharSequenceEncoder - [755b5201] Writing "242. foo bar"
19:47:15.465 [qtp1103722059-211] DEBUG o.s.c.c.CharSequenceEncoder - [755b5201] Writing "243. foo bar"
19:47:15.466 [qtp1103722059-211] DEBUG o.s.c.c.CharSequenceEncoder - [755b5201] Writing "244. foo bar"
19:47:15.466 [qtp1103722059-211] DEBUG o.s.c.c.CharSequenceEncoder - [755b5201] Writing "245. foo bar"
19:47:15.466 [qtp1103722059-211] DEBUG o.s.c.c.CharSequenceEncoder - [755b5201] Writing "246. foo bar"
19:47:15.467 [qtp1103722059-211] DEBUG o.s.c.c.CharSequenceEncoder - [755b5201] Writing "247. foo bar"
19:47:15.467 [qtp1103722059-211] DEBUG o.s.c.c.CharSequenceEncoder - [755b5201] Writing "248. foo bar"
19:47:15.467 [qtp1103722059-211] DEBUG o.s.c.c.CharSequenceEncoder - [755b5201] Writing "249. foo bar"
19:47:15.467 [qtp1103722059-211] DEBUG o.s.c.c.CharSequenceEncoder - [755b5201] Writing "250. foo bar"
19:47:15.467 [qtp1103722059-211] DEBUG o.s.c.c.CharSequenceEncoder - [755b5201] Writing "251. foo bar"
19:47:15.468 [qtp1103722059-211] DEBUG o.s.c.c.CharSequenceEncoder - [755b5201] Writing "252. foo bar"
19:47:15.468 [qtp1103722059-211] DEBUG o.s.c.c.CharSequenceEncoder - [755b5201] Writing "253. foo bar"
19:47:15.468 [qtp1103722059-211] DEBUG o.s.c.c.CharSequenceEncoder - [755b5201] Writing "254. foo bar"
19:47:15.468 [qtp1103722059-211] DEBUG o.s.c.c.CharSequenceEncoder - [755b5201] Writing "255. foo bar"
19:47:15.469 [qtp1103722059-211] DEBUG o.s.c.c.CharSequenceEncoder - [755b5201] Writing "256. foo bar"
19:47:15.469 [qtp1103722059-211] DEBUG o.s.c.c.CharSequenceEncoder - [755b5201] Writing "257. foo bar"
19:47:15.469 [qtp1103722059-211] DEBUG o.s.c.c.CharSequenceEncoder - [755b5201] Writing "258. foo bar"
19:47:15.469 [qtp1103722059-211] DEBUG o.s.c.c.CharSequenceEncoder - [755b5201] Writing "259. foo bar"
19:47:15.469 [qtp1103722059-211] DEBUG o.s.c.c.CharSequenceEncoder - [755b5201] Writing "260. foo bar"
19:47:15.470 [qtp1103722059-211] DEBUG o.s.c.c.CharSequenceEncoder - [755b5201] Writing "261. foo bar"
19:47:15.470 [qtp1103722059-211] DEBUG o.s.c.c.CharSequenceEncoder - [755b5201] Writing "262. foo bar"
19:47:15.470 [qtp1103722059-211] DEBUG o.s.c.c.CharSequenceEncoder - [755b5201] Writing "263. foo bar"
19:47:15.470 [qtp1103722059-211] DEBUG o.s.c.c.CharSequenceEncoder - [755b5201] Writing "264. foo bar"
19:47:15.471 [qtp1103722059-211] DEBUG o.s.c.c.CharSequenceEncoder - [755b5201] Writing "265. foo bar"
19:47:15.471 [qtp1103722059-211] DEBUG o.s.c.c.CharSequenceEncoder - [755b5201] Writing "266. foo bar"
19:47:15.471 [qtp1103722059-211] DEBUG o.s.c.c.CharSequenceEncoder - [755b5201] Writing "267. foo bar"
19:47:15.471 [qtp1103722059-211] DEBUG o.s.c.c.CharSequenceEncoder - [755b5201] Writing "268. foo bar"
19:47:15.472 [qtp1103722059-211] DEBUG o.s.c.c.CharSequenceEncoder - [755b5201] Writing "269. foo bar"
19:47:15.472 [qtp1103722059-211] DEBUG o.s.c.c.CharSequenceEncoder - [755b5201] Writing "270. foo bar"
19:47:15.472 [qtp1103722059-211] DEBUG o.s.c.c.CharSequenceEncoder - [755b5201] Writing "271. foo bar"
19:47:15.472 [qtp1103722059-211] DEBUG o.s.c.c.CharSequenceEncoder - [755b5201] Writing "272. foo bar"
19:47:15.473 [qtp1103722059-211] DEBUG o.s.c.c.CharSequenceEncoder - [755b5201] Writing "273. foo bar"
19:47:15.473 [qtp1103722059-211] DEBUG o.s.c.c.CharSequenceEncoder - [755b5201] Writing "274. foo bar"
19:47:15.473 [qtp1103722059-211] DEBUG o.s.c.c.CharSequenceEncoder - [755b5201] Writing "275. foo bar"
19:47:15.473 [qtp1103722059-211] DEBUG o.s.c.c.CharSequenceEncoder - [755b5201] Writing "276. foo bar"
19:47:15.474 [qtp1103722059-211] DEBUG o.s.c.c.CharSequenceEncoder - [755b5201] Writing "277. foo bar"
19:47:15.474 [qtp1103722059-211] DEBUG o.s.c.c.CharSequenceEncoder - [755b5201] Writing "278. foo bar"
19:47:15.474 [qtp1103722059-211] DEBUG o.s.c.c.CharSequenceEncoder - [755b5201] Writing "279. foo bar"
19:47:15.475 [qtp1103722059-211] DEBUG o.s.c.c.CharSequenceEncoder - [755b5201] Writing "280. foo bar"
19:47:15.475 [qtp1103722059-211] DEBUG o.s.c.c.CharSequenceEncoder - [755b5201] Writing "281. foo bar"
19:47:15.475 [qtp1103722059-211] DEBUG o.s.c.c.CharSequenceEncoder - [755b5201] Writing "282. foo bar"
19:47:15.476 [qtp1103722059-211] DEBUG o.s.c.c.CharSequenceEncoder - [755b5201] Writing "283. foo bar"
19:47:15.476 [qtp1103722059-211] DEBUG o.s.c.c.CharSequenceEncoder - [755b5201] Writing "284. foo bar"
19:47:15.476 [qtp1103722059-211] DEBUG o.s.c.c.CharSequenceEncoder - [755b5201] Writing "285. foo bar"
19:47:15.476 [qtp1103722059-211] DEBUG o.s.c.c.CharSequenceEncoder - [755b5201] Writing "286. foo bar"
19:47:15.477 [qtp1103722059-211] DEBUG o.s.c.c.CharSequenceEncoder - [755b5201] Writing "287. foo bar"
19:47:15.477 [qtp1103722059-211] DEBUG o.s.c.c.CharSequenceEncoder - [755b5201] Writing "288. foo bar"
19:47:15.477 [qtp1103722059-211] DEBUG o.s.c.c.CharSequenceEncoder - [755b5201] Writing "289. foo bar"
19:47:15.477 [qtp1103722059-211] DEBUG o.s.c.c.CharSequenceEncoder - [755b5201] Writing "290. foo bar"
19:47:15.478 [qtp1103722059-211] DEBUG o.s.c.c.CharSequenceEncoder - [755b5201] Writing "291. foo bar"
19:47:15.478 [qtp1103722059-211] DEBUG o.s.c.c.CharSequenceEncoder - [755b5201] Writing "292. foo bar"
19:47:15.478 [qtp1103722059-211] DEBUG o.s.c.c.CharSequenceEncoder - [755b5201] Writing "293. foo bar"
19:47:15.478 [qtp1103722059-211] DEBUG o.s.c.c.CharSequenceEncoder - [755b5201] Writing "294. foo bar"
19:47:15.478 [qtp1103722059-211] DEBUG o.s.c.c.CharSequenceEncoder - [755b5201] Writing "295. foo bar"
19:47:15.479 [qtp1103722059-211] DEBUG o.s.c.c.CharSequenceEncoder - [755b5201] Writing "296. foo bar"
19:47:15.479 [qtp1103722059-211] DEBUG o.s.c.c.CharSequenceEncoder - [755b5201] Writing "297. foo bar"
19:47:15.479 [qtp1103722059-211] DEBUG o.s.c.c.CharSequenceEncoder - [755b5201] Writing "298. foo bar"
19:47:15.479 [qtp1103722059-211] DEBUG o.s.c.c.CharSequenceEncoder - [755b5201] Writing "299. foo bar"
19:47:15.480 [qtp1103722059-211] DEBUG o.s.c.c.CharSequenceEncoder - [755b5201] Writing "300. foo bar"
19:47:15.480 [qtp1103722059-211] DEBUG o.s.c.c.CharSequenceEncoder - [755b5201] Writing "301. foo bar"
19:47:15.480 [qtp1103722059-211] DEBUG o.s.c.c.CharSequenceEncoder - [755b5201] Writing "302. foo bar"
19:47:15.480 [qtp1103722059-211] DEBUG o.s.c.c.CharSequenceEncoder - [755b5201] Writing "303. foo bar"
19:47:15.481 [qtp1103722059-211] DEBUG o.s.c.c.CharSequenceEncoder - [755b5201] Writing "304. foo bar"
19:47:15.481 [qtp1103722059-211] DEBUG o.s.c.c.CharSequenceEncoder - [755b5201] Writing "305. foo bar"
19:47:15.481 [qtp1103722059-211] DEBUG o.s.c.c.CharSequenceEncoder - [755b5201] Writing "306. foo bar"
19:47:15.481 [qtp1103722059-211] DEBUG o.s.c.c.CharSequenceEncoder - [755b5201] Writing "307. foo bar"
19:47:15.482 [qtp1103722059-211] DEBUG o.s.c.c.CharSequenceEncoder - [755b5201] Writing "308. foo bar"
19:47:15.482 [qtp1103722059-211] DEBUG o.s.c.c.CharSequenceEncoder - [755b5201] Writing "309. foo bar"
19:47:15.482 [qtp1103722059-211] DEBUG o.s.c.c.CharSequenceEncoder - [755b5201] Writing "310. foo bar"
19:47:15.483 [qtp1103722059-211] DEBUG o.s.c.c.CharSequenceEncoder - [755b5201] Writing "311. foo bar"
19:47:15.483 [qtp1103722059-211] DEBUG o.s.c.c.CharSequenceEncoder - [755b5201] Writing "312. foo bar"
19:47:15.483 [qtp1103722059-211] DEBUG o.s.c.c.CharSequenceEncoder - [755b5201] Writing "313. foo bar"
19:47:15.484 [qtp1103722059-211] DEBUG o.s.c.c.CharSequenceEncoder - [755b5201] Writing "314. foo bar"
19:47:15.484 [qtp1103722059-211] DEBUG o.s.c.c.CharSequenceEncoder - [755b5201] Writing "315. foo bar"
19:47:15.484 [qtp1103722059-211] DEBUG o.s.c.c.CharSequenceEncoder - [755b5201] Writing "316. foo bar"
19:47:15.484 [qtp1103722059-211] DEBUG o.s.c.c.CharSequenceEncoder - [755b5201] Writing "317. foo bar"
19:47:15.485 [qtp1103722059-211] DEBUG o.s.c.c.CharSequenceEncoder - [755b5201] Writing "318. foo bar"
19:47:15.485 [qtp1103722059-211] DEBUG o.s.c.c.CharSequenceEncoder - [755b5201] Writing "319. foo bar"
19:47:15.485 [qtp1103722059-211] DEBUG o.s.c.c.CharSequenceEncoder - [755b5201] Writing "320. foo bar"
19:47:15.485 [qtp1103722059-211] DEBUG o.s.c.c.CharSequenceEncoder - [755b5201] Writing "321. foo bar"
19:47:15.486 [qtp1103722059-211] DEBUG o.s.c.c.CharSequenceEncoder - [755b5201] Writing "322. foo bar"
19:47:15.486 [qtp1103722059-211] DEBUG o.s.c.c.CharSequenceEncoder - [755b5201] Writing "323. foo bar"
19:47:15.486 [qtp1103722059-211] DEBUG o.s.c.c.CharSequenceEncoder - [755b5201] Writing "324. foo bar"
19:47:15.486 [qtp1103722059-211] DEBUG o.s.c.c.CharSequenceEncoder - [755b5201] Writing "325. foo bar"
19:47:15.486 [qtp1103722059-211] DEBUG o.s.c.c.CharSequenceEncoder - [755b5201] Writing "326. foo bar"
19:47:15.487 [qtp1103722059-211] DEBUG o.s.c.c.CharSequenceEncoder - [755b5201] Writing "327. foo bar"
19:47:15.487 [qtp1103722059-211] DEBUG o.s.c.c.CharSequenceEncoder - [755b5201] Writing "328. foo bar"
19:47:15.487 [qtp1103722059-211] DEBUG o.s.c.c.CharSequenceEncoder - [755b5201] Writing "329. foo bar"
19:47:15.487 [qtp1103722059-211] DEBUG o.s.c.c.CharSequenceEncoder - [755b5201] Writing "330. foo bar"
19:47:15.488 [qtp1103722059-211] DEBUG o.s.c.c.CharSequenceEncoder - [755b5201] Writing "331. foo bar"
19:47:15.488 [qtp1103722059-211] DEBUG o.s.c.c.CharSequenceEncoder - [755b5201] Writing "332. foo bar"
19:47:15.488 [qtp1103722059-211] DEBUG o.s.c.c.CharSequenceEncoder - [755b5201] Writing "333. foo bar"
19:47:15.488 [qtp1103722059-211] DEBUG o.s.c.c.CharSequenceEncoder - [755b5201] Writing "334. foo bar"
19:47:15.489 [qtp1103722059-211] DEBUG o.s.c.c.CharSequenceEncoder - [755b5201] Writing "335. foo bar"
19:47:15.489 [qtp1103722059-211] DEBUG o.s.c.c.CharSequenceEncoder - [755b5201] Writing "336. foo bar"
19:47:15.489 [qtp1103722059-211] DEBUG o.s.c.c.CharSequenceEncoder - [755b5201] Writing "337. foo bar"
19:47:15.489 [qtp1103722059-211] DEBUG o.s.c.c.CharSequenceEncoder - [755b5201] Writing "338. foo bar"
19:47:15.490 [qtp1103722059-211] DEBUG o.s.c.c.CharSequenceEncoder - [755b5201] Writing "339. foo bar"
19:47:15.490 [qtp1103722059-211] DEBUG o.s.c.c.CharSequenceEncoder - [755b5201] Writing "340. foo bar"
19:47:15.490 [qtp1103722059-211] DEBUG o.s.c.c.CharSequenceEncoder - [755b5201] Writing "341. foo bar"
19:47:15.490 [qtp1103722059-211] DEBUG o.s.c.c.CharSequenceEncoder - [755b5201] Writing "342. foo bar"
19:47:15.491 [qtp1103722059-211] DEBUG o.s.c.c.CharSequenceEncoder - [755b5201] Writing "343. foo bar"
19:47:15.491 [qtp1103722059-211] DEBUG o.s.c.c.CharSequenceEncoder - [755b5201] Writing "344. foo bar"
19:47:15.491 [qtp1103722059-211] DEBUG o.s.c.c.CharSequenceEncoder - [755b5201] Writing "345. foo bar"
19:47:15.491 [qtp1103722059-211] DEBUG o.s.c.c.CharSequenceEncoder - [755b5201] Writing "346. foo bar"
19:47:15.492 [qtp1103722059-211] DEBUG o.s.c.c.CharSequenceEncoder - [755b5201] Writing "347. foo bar"
19:47:15.492 [qtp1103722059-211] DEBUG o.s.c.c.CharSequenceEncoder - [755b5201] Writing "348. foo bar"
19:47:15.492 [qtp1103722059-211] DEBUG o.s.c.c.CharSequenceEncoder - [755b5201] Writing "349. foo bar"
19:47:15.492 [qtp1103722059-211] DEBUG o.s.c.c.CharSequenceEncoder - [755b5201] Writing "350. foo bar"
19:47:15.493 [qtp1103722059-211] DEBUG o.s.c.c.CharSequenceEncoder - [755b5201] Writing "351. foo bar"
19:47:15.493 [qtp1103722059-211] DEBUG o.s.c.c.CharSequenceEncoder - [755b5201] Writing "352. foo bar"
19:47:15.493 [qtp1103722059-211] DEBUG o.s.c.c.CharSequenceEncoder - [755b5201] Writing "353. foo bar"
19:47:15.493 [qtp1103722059-211] DEBUG o.s.c.c.CharSequenceEncoder - [755b5201] Writing "354. foo bar"
19:47:15.494 [qtp1103722059-211] DEBUG o.s.c.c.CharSequenceEncoder - [755b5201] Writing "355. foo bar"
19:47:15.494 [qtp1103722059-211] DEBUG o.s.c.c.CharSequenceEncoder - [755b5201] Writing "356. foo bar"
19:47:15.494 [qtp1103722059-211] DEBUG o.s.c.c.CharSequenceEncoder - [755b5201] Writing "357. foo bar"
19:47:15.494 [qtp1103722059-211] DEBUG o.s.c.c.CharSequenceEncoder - [755b5201] Writing "358. foo bar"
19:47:15.495 [qtp1103722059-211] DEBUG o.s.c.c.CharSequenceEncoder - [755b5201] Writing "359. foo bar"
19:47:15.495 [qtp1103722059-211] DEBUG o.s.c.c.CharSequenceEncoder - [755b5201] Writing "360. foo bar"
19:47:15.495 [qtp1103722059-211] DEBUG o.s.c.c.CharSequenceEncoder - [755b5201] Writing "361. foo bar"
19:47:15.495 [qtp1103722059-211] DEBUG o.s.c.c.CharSequenceEncoder - [755b5201] Writing "362. foo bar"
19:47:15.496 [qtp1103722059-211] DEBUG o.s.c.c.CharSequenceEncoder - [755b5201] Writing "363. foo bar"
19:47:15.496 [qtp1103722059-211] DEBUG o.s.c.c.CharSequenceEncoder - [755b5201] Writing "364. foo bar"
19:47:15.496 [qtp1103722059-211] DEBUG o.s.c.c.CharSequenceEncoder - [755b5201] Writing "365. foo bar"
19:47:15.496 [qtp1103722059-211] DEBUG o.s.c.c.CharSequenceEncoder - [755b5201] Writing "366. foo bar"
19:47:15.497 [qtp1103722059-211] DEBUG o.s.c.c.CharSequenceEncoder - [755b5201] Writing "367. foo bar"
19:47:15.497 [qtp1103722059-211] DEBUG o.s.c.c.CharSequenceEncoder - [755b5201] Writing "368. foo bar"
19:47:15.497 [qtp1103722059-211] DEBUG o.s.c.c.CharSequenceEncoder - [755b5201] Writing "369. foo bar"
19:47:15.497 [qtp1103722059-211] DEBUG o.s.c.c.CharSequenceEncoder - [755b5201] Writing "370. foo bar"
19:47:15.498 [qtp1103722059-211] DEBUG o.s.c.c.CharSequenceEncoder - [755b5201] Writing "371. foo bar"
19:47:15.498 [qtp1103722059-211] DEBUG o.s.c.c.CharSequenceEncoder - [755b5201] Writing "372. foo bar"
19:47:15.498 [qtp1103722059-211] DEBUG o.s.c.c.CharSequenceEncoder - [755b5201] Writing "373. foo bar"
19:47:15.498 [qtp1103722059-211] DEBUG o.s.c.c.CharSequenceEncoder - [755b5201] Writing "374. foo bar"
19:47:15.498 [qtp1103722059-211] DEBUG o.s.c.c.CharSequenceEncoder - [755b5201] Writing "375. foo bar"
19:47:15.499 [qtp1103722059-211] DEBUG o.s.c.c.CharSequenceEncoder - [755b5201] Writing "376. foo bar"
19:47:15.499 [qtp1103722059-211] DEBUG o.s.c.c.CharSequenceEncoder - [755b5201] Writing "377. foo bar"
19:47:15.499 [qtp1103722059-211] DEBUG o.s.c.c.CharSequenceEncoder - [755b5201] Writing "378. foo bar"
19:47:15.500 [qtp1103722059-211] DEBUG o.s.c.c.CharSequenceEncoder - [755b5201] Writing "379. foo bar"
19:47:15.500 [qtp1103722059-211] DEBUG o.s.c.c.CharSequenceEncoder - [755b5201] Writing "380. foo bar"
19:47:15.500 [qtp1103722059-211] DEBUG o.s.c.c.CharSequenceEncoder - [755b5201] Writing "381. foo bar"
19:47:15.500 [qtp1103722059-211] DEBUG o.s.c.c.CharSequenceEncoder - [755b5201] Writing "382. foo bar"
19:47:15.501 [qtp1103722059-211] DEBUG o.s.c.c.CharSequenceEncoder - [755b5201] Writing "383. foo bar"
19:47:15.501 [qtp1103722059-211] DEBUG o.s.c.c.CharSequenceEncoder - [755b5201] Writing "384. foo bar"
19:47:15.501 [qtp1103722059-211] DEBUG o.s.c.c.CharSequenceEncoder - [755b5201] Writing "385. foo bar"
19:47:15.501 [qtp1103722059-211] DEBUG o.s.c.c.CharSequenceEncoder - [755b5201] Writing "386. foo bar"
19:47:15.502 [qtp1103722059-211] DEBUG o.s.c.c.CharSequenceEncoder - [755b5201] Writing "387. foo bar"
19:47:15.502 [qtp1103722059-211] DEBUG o.s.c.c.CharSequenceEncoder - [755b5201] Writing "388. foo bar"
19:47:15.502 [qtp1103722059-211] DEBUG o.s.c.c.CharSequenceEncoder - [755b5201] Writing "389. foo bar"
19:47:15.502 [qtp1103722059-211] DEBUG o.s.c.c.CharSequenceEncoder - [755b5201] Writing "390. foo bar"
19:47:15.502 [qtp1103722059-211] DEBUG o.s.c.c.CharSequenceEncoder - [755b5201] Writing "391. foo bar"
19:47:15.503 [qtp1103722059-211] DEBUG o.s.c.c.CharSequenceEncoder - [755b5201] Writing "392. foo bar"
19:47:15.503 [qtp1103722059-211] DEBUG o.s.c.c.CharSequenceEncoder - [755b5201] Writing "393. foo bar"
19:47:15.503 [qtp1103722059-211] DEBUG o.s.c.c.CharSequenceEncoder - [755b5201] Writing "394. foo bar"
19:47:15.503 [qtp1103722059-211] DEBUG o.s.c.c.CharSequenceEncoder - [755b5201] Writing "395. foo bar"
19:47:15.503 [qtp1103722059-211] DEBUG o.s.c.c.CharSequenceEncoder - [755b5201] Writing "396. foo bar"
19:47:15.504 [qtp1103722059-211] DEBUG o.s.c.c.CharSequenceEncoder - [755b5201] Writing "397. foo bar"
19:47:15.504 [qtp1103722059-211] DEBUG o.s.c.c.CharSequenceEncoder - [755b5201] Writing "398. foo bar"
19:47:15.504 [qtp1103722059-211] DEBUG o.s.c.c.CharSequenceEncoder - [755b5201] Writing "399. foo bar"
19:47:15.504 [qtp1103722059-211] DEBUG o.s.c.c.CharSequenceEncoder - [755b5201] Writing "400. foo bar"
19:47:15.505 [qtp1103722059-211] DEBUG o.s.c.c.CharSequenceEncoder - [755b5201] Writing "401. foo bar"
19:47:15.505 [qtp1103722059-211] DEBUG o.s.c.c.CharSequenceEncoder - [755b5201] Writing "402. foo bar"
19:47:15.505 [qtp1103722059-211] DEBUG o.s.c.c.CharSequenceEncoder - [755b5201] Writing "403. foo bar"
19:47:15.505 [qtp1103722059-211] DEBUG o.s.c.c.CharSequenceEncoder - [755b5201] Writing "404. foo bar"
19:47:15.506 [qtp1103722059-211] DEBUG o.s.c.c.CharSequenceEncoder - [755b5201] Writing "405. foo bar"
19:47:15.506 [qtp1103722059-211] DEBUG o.s.c.c.CharSequenceEncoder - [755b5201] Writing "406. foo bar"
19:47:15.506 [qtp1103722059-211] DEBUG o.s.c.c.CharSequenceEncoder - [755b5201] Writing "407. foo bar"
19:47:15.506 [qtp1103722059-211] DEBUG o.s.c.c.CharSequenceEncoder - [755b5201] Writing "408. foo bar"
19:47:15.506 [qtp1103722059-211] DEBUG o.s.c.c.CharSequenceEncoder - [755b5201] Writing "409. foo bar"
19:47:15.507 [qtp1103722059-211] DEBUG o.s.c.c.CharSequenceEncoder - [755b5201] Writing "410. foo bar"
19:47:15.507 [qtp1103722059-211] DEBUG o.s.c.c.CharSequenceEncoder - [755b5201] Writing "411. foo bar"
19:47:15.507 [qtp1103722059-211] DEBUG o.s.c.c.CharSequenceEncoder - [755b5201] Writing "412. foo bar"
19:47:15.507 [qtp1103722059-211] DEBUG o.s.c.c.CharSequenceEncoder - [755b5201] Writing "413. foo bar"
19:47:15.507 [qtp1103722059-211] DEBUG o.s.c.c.CharSequenceEncoder - [755b5201] Writing "414. foo bar"
19:47:15.508 [qtp1103722059-211] DEBUG o.s.c.c.CharSequenceEncoder - [755b5201] Writing "415. foo bar"
19:47:15.508 [qtp1103722059-211] DEBUG o.s.c.c.CharSequenceEncoder - [755b5201] Writing "416. foo bar"
19:47:15.508 [qtp1103722059-211] DEBUG o.s.c.c.CharSequenceEncoder - [755b5201] Writing "417. foo bar"
19:47:15.508 [qtp1103722059-211] DEBUG o.s.c.c.CharSequenceEncoder - [755b5201] Writing "418. foo bar"
19:47:15.508 [qtp1103722059-211] DEBUG o.s.c.c.CharSequenceEncoder - [755b5201] Writing "419. foo bar"
19:47:15.508 [qtp1103722059-211] DEBUG o.s.c.c.CharSequenceEncoder - [755b5201] Writing "420. foo bar"
19:47:15.509 [qtp1103722059-211] DEBUG o.s.c.c.CharSequenceEncoder - [755b5201] Writing "421. foo bar"
19:47:15.509 [qtp1103722059-211] DEBUG o.s.c.c.CharSequenceEncoder - [755b5201] Writing "422. foo bar"
19:47:15.509 [qtp1103722059-211] DEBUG o.s.c.c.CharSequenceEncoder - [755b5201] Writing "423. foo bar"
19:47:15.509 [qtp1103722059-211] DEBUG o.s.c.c.CharSequenceEncoder - [755b5201] Writing "424. foo bar"
19:47:15.509 [qtp1103722059-211] DEBUG o.s.c.c.CharSequenceEncoder - [755b5201] Writing "425. foo bar"
19:47:15.510 [qtp1103722059-211] DEBUG o.s.c.c.CharSequenceEncoder - [755b5201] Writing "426. foo bar"
19:47:15.510 [qtp1103722059-211] DEBUG o.s.c.c.CharSequenceEncoder - [755b5201] Writing "427. foo bar"
19:47:15.510 [qtp1103722059-211] DEBUG o.s.c.c.CharSequenceEncoder - [755b5201] Writing "428. foo bar"
19:47:15.510 [qtp1103722059-211] DEBUG o.s.c.c.CharSequenceEncoder - [755b5201] Writing "429. foo bar"
19:47:15.510 [qtp1103722059-211] DEBUG o.s.c.c.CharSequenceEncoder - [755b5201] Writing "430. foo bar"
19:47:15.511 [qtp1103722059-211] DEBUG o.s.c.c.CharSequenceEncoder - [755b5201] Writing "431. foo bar"
19:47:15.511 [qtp1103722059-211] DEBUG o.s.c.c.CharSequenceEncoder - [755b5201] Writing "432. foo bar"
19:47:15.518 [qtp1103722059-211] DEBUG o.s.c.c.CharSequenceEncoder - [755b5201] Writing "433. foo bar"
19:47:15.519 [qtp1103722059-211] DEBUG o.s.c.c.CharSequenceEncoder - [755b5201] Writing "434. foo bar"
19:47:15.519 [qtp1103722059-211] DEBUG o.s.c.c.CharSequenceEncoder - [755b5201] Writing "435. foo bar"
19:47:15.520 [qtp1103722059-211] DEBUG o.s.c.c.CharSequenceEncoder - [755b5201] Writing "436. foo bar"
19:47:15.520 [qtp1103722059-211] DEBUG o.s.c.c.CharSequenceEncoder - [755b5201] Writing "437. foo bar"
19:47:15.520 [qtp1103722059-211] DEBUG o.s.c.c.CharSequenceEncoder - [755b5201] Writing "438. foo bar"
19:47:15.520 [qtp1103722059-211] DEBUG o.s.c.c.CharSequenceEncoder - [755b5201] Writing "439. foo bar"
19:47:15.521 [qtp1103722059-211] DEBUG o.s.c.c.CharSequenceEncoder - [755b5201] Writing "440. foo bar"
19:47:15.521 [qtp1103722059-211] DEBUG o.s.c.c.CharSequenceEncoder - [755b5201] Writing "441. foo bar"
19:47:15.521 [qtp1103722059-211] DEBUG o.s.c.c.CharSequenceEncoder - [755b5201] Writing "442. foo bar"
19:47:15.521 [qtp1103722059-211] DEBUG o.s.c.c.CharSequenceEncoder - [755b5201] Writing "443. foo bar"
19:47:15.521 [qtp1103722059-211] DEBUG o.s.c.c.CharSequenceEncoder - [755b5201] Writing "444. foo bar"
19:47:15.522 [qtp1103722059-211] DEBUG o.s.c.c.CharSequenceEncoder - [755b5201] Writing "445. foo bar"
19:47:15.522 [qtp1103722059-211] DEBUG o.s.c.c.CharSequenceEncoder - [755b5201] Writing "446. foo bar"
19:47:15.525 [qtp1103722059-211] DEBUG o.s.c.c.CharSequenceEncoder - [755b5201] Writing "447. foo bar"
19:47:15.526 [qtp1103722059-211] DEBUG o.s.c.c.CharSequenceEncoder - [755b5201] Writing "448. foo bar"
19:47:15.527 [qtp1103722059-211] DEBUG o.s.c.c.CharSequenceEncoder - [755b5201] Writing "449. foo bar"
19:47:15.527 [qtp1103722059-211] DEBUG o.s.c.c.CharSequenceEncoder - [755b5201] Writing "450. foo bar"
19:47:15.528 [qtp1103722059-211] DEBUG o.s.c.c.CharSequenceEncoder - [755b5201] Writing "451. foo bar"
19:47:15.528 [qtp1103722059-211] DEBUG o.s.c.c.CharSequenceEncoder - [755b5201] Writing "452. foo bar"
19:47:15.529 [qtp1103722059-211] DEBUG o.s.c.c.CharSequenceEncoder - [755b5201] Writing "453. foo bar"
19:47:15.529 [qtp1103722059-211] DEBUG o.s.c.c.CharSequenceEncoder - [755b5201] Writing "454. foo bar"
19:47:15.529 [qtp1103722059-211] DEBUG o.s.c.c.CharSequenceEncoder - [755b5201] Writing "455. foo bar"
19:47:15.530 [qtp1103722059-211] DEBUG o.s.c.c.CharSequenceEncoder - [755b5201] Writing "456. foo bar"
19:47:15.530 [qtp1103722059-211] DEBUG o.s.c.c.CharSequenceEncoder - [755b5201] Writing "457. foo bar"
19:47:15.530 [qtp1103722059-211] DEBUG o.s.c.c.CharSequenceEncoder - [755b5201] Writing "458. foo bar"
19:47:15.530 [qtp1103722059-211] DEBUG o.s.c.c.CharSequenceEncoder - [755b5201] Writing "459. foo bar"
19:47:15.530 [qtp1103722059-211] DEBUG o.s.c.c.CharSequenceEncoder - [755b5201] Writing "460. foo bar"
19:47:15.531 [qtp1103722059-211] DEBUG o.s.c.c.CharSequenceEncoder - [755b5201] Writing "461. foo bar"
19:47:15.531 [qtp1103722059-211] DEBUG o.s.c.c.CharSequenceEncoder - [755b5201] Writing "462. foo bar"
19:47:15.531 [qtp1103722059-211] DEBUG o.s.c.c.CharSequenceEncoder - [755b5201] Writing "463. foo bar"
19:47:15.531 [qtp1103722059-211] DEBUG o.s.c.c.CharSequenceEncoder - [755b5201] Writing "464. foo bar"
19:47:15.531 [qtp1103722059-211] DEBUG o.s.c.c.CharSequenceEncoder - [755b5201] Writing "465. foo bar"
19:47:15.532 [qtp1103722059-211] DEBUG o.s.c.c.CharSequenceEncoder - [755b5201] Writing "466. foo bar"
19:47:15.532 [qtp1103722059-211] DEBUG o.s.c.c.CharSequenceEncoder - [755b5201] Writing "467. foo bar"
19:47:15.532 [qtp1103722059-211] DEBUG o.s.c.c.CharSequenceEncoder - [755b5201] Writing "468. foo bar"
19:47:15.532 [qtp1103722059-211] DEBUG o.s.c.c.CharSequenceEncoder - [755b5201] Writing "469. foo bar"
19:47:15.532 [qtp1103722059-211] DEBUG o.s.c.c.CharSequenceEncoder - [755b5201] Writing "470. foo bar"
19:47:15.532 [qtp1103722059-211] DEBUG o.s.c.c.CharSequenceEncoder - [755b5201] Writing "471. foo bar"
19:47:15.533 [qtp1103722059-211] DEBUG o.s.c.c.CharSequenceEncoder - [755b5201] Writing "472. foo bar"
19:47:15.533 [qtp1103722059-211] DEBUG o.s.c.c.CharSequenceEncoder - [755b5201] Writing "473. foo bar"
19:47:15.533 [qtp1103722059-211] DEBUG o.s.c.c.CharSequenceEncoder - [755b5201] Writing "474. foo bar"
19:47:15.533 [qtp1103722059-211] DEBUG o.s.c.c.CharSequenceEncoder - [755b5201] Writing "475. foo bar"
19:47:15.533 [qtp1103722059-211] DEBUG o.s.c.c.CharSequenceEncoder - [755b5201] Writing "476. foo bar"
19:47:15.533 [qtp1103722059-211] DEBUG o.s.c.c.CharSequenceEncoder - [755b5201] Writing "477. foo bar"
19:47:15.534 [qtp1103722059-211] DEBUG o.s.c.c.CharSequenceEncoder - [755b5201] Writing "478. foo bar"
19:47:15.534 [qtp1103722059-211] DEBUG o.s.c.c.CharSequenceEncoder - [755b5201] Writing "479. foo bar"
19:47:15.534 [qtp1103722059-211] DEBUG o.s.c.c.CharSequenceEncoder - [755b5201] Writing "480. foo bar"
19:47:15.535 [qtp1103722059-211] DEBUG o.s.c.c.CharSequenceEncoder - [755b5201] Writing "481. foo bar"
19:47:15.536 [qtp1103722059-211] DEBUG o.s.c.c.CharSequenceEncoder - [755b5201] Writing "482. foo bar"
19:47:15.536 [qtp1103722059-211] DEBUG o.s.c.c.CharSequenceEncoder - [755b5201] Writing "483. foo bar"
19:47:15.536 [qtp1103722059-211] DEBUG o.s.c.c.CharSequenceEncoder - [755b5201] Writing "484. foo bar"
19:47:15.536 [qtp1103722059-211] DEBUG o.s.c.c.CharSequenceEncoder - [755b5201] Writing "485. foo bar"
19:47:15.536 [qtp1103722059-211] DEBUG o.s.c.c.CharSequenceEncoder - [755b5201] Writing "486. foo bar"
19:47:15.536 [qtp1103722059-211] DEBUG o.s.c.c.CharSequenceEncoder - [755b5201] Writing "487. foo bar"
19:47:15.540 [qtp1103722059-211] DEBUG o.s.c.c.CharSequenceEncoder - [755b5201] Writing "488. foo bar"
19:47:15.541 [qtp1103722059-211] DEBUG o.s.c.c.CharSequenceEncoder - [755b5201] Writing "489. foo bar"
19:47:15.541 [qtp1103722059-211] DEBUG o.s.c.c.CharSequenceEncoder - [755b5201] Writing "490. foo bar"
19:47:15.541 [qtp1103722059-211] DEBUG o.s.c.c.CharSequenceEncoder - [755b5201] Writing "491. foo bar"
19:47:15.541 [qtp1103722059-211] DEBUG o.s.c.c.CharSequenceEncoder - [755b5201] Writing "492. foo bar"
19:47:15.542 [qtp1103722059-211] DEBUG o.s.c.c.CharSequenceEncoder - [755b5201] Writing "493. foo bar"
19:47:15.542 [qtp1103722059-211] DEBUG o.s.c.c.CharSequenceEncoder - [755b5201] Writing "494. foo bar"
19:47:15.543 [qtp1103722059-211] DEBUG o.s.c.c.CharSequenceEncoder - [755b5201] Writing "495. foo bar"
19:47:15.543 [qtp1103722059-211] DEBUG o.s.c.c.CharSequenceEncoder - [755b5201] Writing "496. foo bar"
19:47:15.544 [qtp1103722059-211] DEBUG o.s.c.c.CharSequenceEncoder - [755b5201] Writing "497. foo bar"
19:47:15.544 [qtp1103722059-211] DEBUG o.s.c.c.CharSequenceEncoder - [755b5201] Writing "498. foo bar"
19:47:15.544 [qtp1103722059-211] DEBUG o.s.c.c.CharSequenceEncoder - [755b5201] Writing "499. foo bar"
19:47:15.545 [qtp1103722059-211] DEBUG o.s.c.c.CharSequenceEncoder - [755b5201] Writing "500. foo bar"
19:47:15.545 [qtp1103722059-211] DEBUG o.s.c.c.CharSequenceEncoder - [755b5201] Writing "501. foo bar"
19:47:15.545 [qtp1103722059-211] DEBUG o.s.c.c.CharSequenceEncoder - [755b5201] Writing "502. foo bar"
19:47:15.546 [qtp1103722059-211] DEBUG o.s.c.c.CharSequenceEncoder - [755b5201] Writing "503. foo bar"
19:47:15.546 [qtp1103722059-211] DEBUG o.s.c.c.CharSequenceEncoder - [755b5201] Writing "504. foo bar"
19:47:15.546 [qtp1103722059-211] DEBUG o.s.c.c.CharSequenceEncoder - [755b5201] Writing "505. foo bar"
19:47:15.546 [qtp1103722059-211] DEBUG o.s.c.c.CharSequenceEncoder - [755b5201] Writing "506. foo bar"
19:47:15.547 [qtp1103722059-211] DEBUG o.s.c.c.CharSequenceEncoder - [755b5201] Writing "507. foo bar"
19:47:15.547 [qtp1103722059-211] DEBUG o.s.c.c.CharSequenceEncoder - [755b5201] Writing "508. foo bar"
19:47:15.547 [qtp1103722059-211] DEBUG o.s.c.c.CharSequenceEncoder - [755b5201] Writing "509. foo bar"
19:47:15.547 [qtp1103722059-211] DEBUG o.s.c.c.CharSequenceEncoder - [755b5201] Writing "510. foo bar"
19:47:15.548 [qtp1103722059-211] DEBUG o.s.c.c.CharSequenceEncoder - [755b5201] Writing "511. foo bar"
19:47:15.548 [qtp1103722059-211] DEBUG o.s.c.c.CharSequenceEncoder - [755b5201] Writing "512. foo bar"
19:47:15.548 [qtp1103722059-211] DEBUG o.s.c.c.CharSequenceEncoder - [755b5201] Writing "513. foo bar"
19:47:15.548 [qtp1103722059-211] DEBUG o.s.c.c.CharSequenceEncoder - [755b5201] Writing "514. foo bar"
19:47:15.549 [qtp1103722059-211] DEBUG o.s.c.c.CharSequenceEncoder - [755b5201] Writing "515. foo bar"
19:47:15.549 [qtp1103722059-211] DEBUG o.s.c.c.CharSequenceEncoder - [755b5201] Writing "516. foo bar"
19:47:15.550 [qtp1103722059-211] DEBUG o.s.c.c.CharSequenceEncoder - [755b5201] Writing "517. foo bar"
19:47:15.550 [qtp1103722059-211] DEBUG o.s.c.c.CharSequenceEncoder - [755b5201] Writing "518. foo bar"
19:47:15.550 [qtp1103722059-211] DEBUG o.s.c.c.CharSequenceEncoder - [755b5201] Writing "519. foo bar"
19:47:15.551 [qtp1103722059-211] DEBUG o.s.c.c.CharSequenceEncoder - [755b5201] Writing "520. foo bar"
19:47:15.551 [qtp1103722059-211] DEBUG o.s.c.c.CharSequenceEncoder - [755b5201] Writing "521. foo bar"
19:47:15.551 [qtp1103722059-211] DEBUG o.s.c.c.CharSequenceEncoder - [755b5201] Writing "522. foo bar"
19:47:15.551 [qtp1103722059-211] DEBUG o.s.c.c.CharSequenceEncoder - [755b5201] Writing "523. foo bar"
19:47:15.552 [qtp1103722059-211] DEBUG o.s.c.c.CharSequenceEncoder - [755b5201] Writing "524. foo bar"
19:47:15.552 [qtp1103722059-211] DEBUG o.s.c.c.CharSequenceEncoder - [755b5201] Writing "525. foo bar"
19:47:15.552 [qtp1103722059-211] DEBUG o.s.c.c.CharSequenceEncoder - [755b5201] Writing "526. foo bar"
19:47:15.552 [qtp1103722059-211] DEBUG o.s.c.c.CharSequenceEncoder - [755b5201] Writing "527. foo bar"
19:47:15.552 [qtp1103722059-211] DEBUG o.s.c.c.CharSequenceEncoder - [755b5201] Writing "528. foo bar"
19:47:15.552 [qtp1103722059-211] DEBUG o.s.c.c.CharSequenceEncoder - [755b5201] Writing "529. foo bar"
19:47:15.553 [qtp1103722059-211] DEBUG o.s.c.c.CharSequenceEncoder - [755b5201] Writing "530. foo bar"
19:47:15.553 [qtp1103722059-211] DEBUG o.s.c.c.CharSequenceEncoder - [755b5201] Writing "531. foo bar"
19:47:15.553 [qtp1103722059-211] DEBUG o.s.c.c.CharSequenceEncoder - [755b5201] Writing "532. foo bar"
19:47:15.553 [qtp1103722059-211] DEBUG o.s.c.c.CharSequenceEncoder - [755b5201] Writing "533. foo bar"
19:47:15.553 [qtp1103722059-211] DEBUG o.s.c.c.CharSequenceEncoder - [755b5201] Writing "534. foo bar"
19:47:15.553 [qtp1103722059-211] DEBUG o.s.c.c.CharSequenceEncoder - [755b5201] Writing "535. foo bar"
19:47:15.554 [qtp1103722059-211] DEBUG o.s.c.c.CharSequenceEncoder - [755b5201] Writing "536. foo bar"
19:47:15.554 [qtp1103722059-211] DEBUG o.s.c.c.CharSequenceEncoder - [755b5201] Writing "537. foo bar"
19:47:15.554 [qtp1103722059-211] DEBUG o.s.c.c.CharSequenceEncoder - [755b5201] Writing "538. foo bar"
19:47:15.554 [qtp1103722059-211] DEBUG o.s.c.c.CharSequenceEncoder - [755b5201] Writing "539. foo bar"
19:47:15.554 [qtp1103722059-211] DEBUG o.s.c.c.CharSequenceEncoder - [755b5201] Writing "540. foo bar"
19:47:15.554 [qtp1103722059-211] DEBUG o.s.c.c.CharSequenceEncoder - [755b5201] Writing "541. foo bar"
19:47:15.555 [qtp1103722059-211] DEBUG o.s.c.c.CharSequenceEncoder - [755b5201] Writing "542. foo bar"
19:47:15.555 [qtp1103722059-211] DEBUG o.s.c.c.CharSequenceEncoder - [755b5201] Writing "543. foo bar"
19:47:15.555 [qtp1103722059-211] DEBUG o.s.c.c.CharSequenceEncoder - [755b5201] Writing "544. foo bar"
19:47:15.555 [qtp1103722059-211] DEBUG o.s.c.c.CharSequenceEncoder - [755b5201] Writing "545. foo bar"
19:47:15.555 [qtp1103722059-211] DEBUG o.s.c.c.CharSequenceEncoder - [755b5201] Writing "546. foo bar"
19:47:15.555 [qtp1103722059-211] DEBUG o.s.c.c.CharSequenceEncoder - [755b5201] Writing "547. foo bar"
19:47:15.555 [qtp1103722059-211] DEBUG o.s.c.c.CharSequenceEncoder - [755b5201] Writing "548. foo bar"
19:47:15.555 [qtp1103722059-211] DEBUG o.s.c.c.CharSequenceEncoder - [755b5201] Writing "549. foo bar"
19:47:15.556 [qtp1103722059-211] DEBUG o.s.c.c.CharSequenceEncoder - [755b5201] Writing "550. foo bar"
19:47:15.556 [qtp1103722059-211] DEBUG o.s.c.c.CharSequenceEncoder - [755b5201] Writing "551. foo bar"
19:47:15.556 [qtp1103722059-211] DEBUG o.s.c.c.CharSequenceEncoder - [755b5201] Writing "552. foo bar"
19:47:15.556 [qtp1103722059-211] DEBUG o.s.c.c.CharSequenceEncoder - [755b5201] Writing "553. foo bar"
19:47:15.556 [qtp1103722059-211] DEBUG o.s.c.c.CharSequenceEncoder - [755b5201] Writing "554. foo bar"
19:47:15.556 [qtp1103722059-211] DEBUG o.s.c.c.CharSequenceEncoder - [755b5201] Writing "555. foo bar"
19:47:15.557 [qtp1103722059-211] DEBUG o.s.c.c.CharSequenceEncoder - [755b5201] Writing "556. foo bar"
19:47:15.557 [qtp1103722059-211] DEBUG o.s.c.c.CharSequenceEncoder - [755b5201] Writing "557. foo bar"
19:47:15.557 [qtp1103722059-211] DEBUG o.s.c.c.CharSequenceEncoder - [755b5201] Writing "558. foo bar"
19:47:15.557 [qtp1103722059-211] DEBUG o.s.c.c.CharSequenceEncoder - [755b5201] Writing "559. foo bar"
19:47:15.557 [qtp1103722059-211] DEBUG o.s.c.c.CharSequenceEncoder - [755b5201] Writing "560. foo bar"
19:47:15.558 [qtp1103722059-211] DEBUG o.s.c.c.CharSequenceEncoder - [755b5201] Writing "561. foo bar"
19:47:15.558 [qtp1103722059-211] DEBUG o.s.c.c.CharSequenceEncoder - [755b5201] Writing "562. foo bar"
19:47:15.558 [qtp1103722059-211] DEBUG o.s.c.c.CharSequenceEncoder - [755b5201] Writing "563. foo bar"
19:47:15.558 [qtp1103722059-211] DEBUG o.s.c.c.CharSequenceEncoder - [755b5201] Writing "564. foo bar"
19:47:15.558 [qtp1103722059-211] DEBUG o.s.c.c.CharSequenceEncoder - [755b5201] Writing "565. foo bar"
19:47:15.558 [qtp1103722059-211] DEBUG o.s.c.c.CharSequenceEncoder - [755b5201] Writing "566. foo bar"
19:47:15.558 [qtp1103722059-211] DEBUG o.s.c.c.CharSequenceEncoder - [755b5201] Writing "567. foo bar"
19:47:15.559 [qtp1103722059-211] DEBUG o.s.c.c.CharSequenceEncoder - [755b5201] Writing "568. foo bar"
19:47:15.559 [qtp1103722059-211] DEBUG o.s.c.c.CharSequenceEncoder - [755b5201] Writing "569. foo bar"
19:47:15.559 [qtp1103722059-211] DEBUG o.s.c.c.CharSequenceEncoder - [755b5201] Writing "570. foo bar"
19:47:15.559 [qtp1103722059-211] DEBUG o.s.c.c.CharSequenceEncoder - [755b5201] Writing "571. foo bar"
19:47:15.559 [qtp1103722059-211] DEBUG o.s.c.c.CharSequenceEncoder - [755b5201] Writing "572. foo bar"
19:47:15.560 [qtp1103722059-211] DEBUG o.s.c.c.CharSequenceEncoder - [755b5201] Writing "573. foo bar"
19:47:15.560 [qtp1103722059-211] DEBUG o.s.c.c.CharSequenceEncoder - [755b5201] Writing "574. foo bar"
19:47:15.560 [qtp1103722059-211] DEBUG o.s.c.c.CharSequenceEncoder - [755b5201] Writing "575. foo bar"
19:47:15.560 [qtp1103722059-211] DEBUG o.s.c.c.CharSequenceEncoder - [755b5201] Writing "576. foo bar"
19:47:15.560 [qtp1103722059-211] DEBUG o.s.c.c.CharSequenceEncoder - [755b5201] Writing "577. foo bar"
19:47:15.560 [qtp1103722059-211] DEBUG o.s.c.c.CharSequenceEncoder - [755b5201] Writing "578. foo bar"
19:47:15.561 [qtp1103722059-211] DEBUG o.s.c.c.CharSequenceEncoder - [755b5201] Writing "579. foo bar"
19:47:15.561 [qtp1103722059-211] DEBUG o.s.c.c.CharSequenceEncoder - [755b5201] Writing "580. foo bar"
19:47:15.561 [qtp1103722059-211] DEBUG o.s.c.c.CharSequenceEncoder - [755b5201] Writing "581. foo bar"
19:47:15.561 [qtp1103722059-211] DEBUG o.s.c.c.CharSequenceEncoder - [755b5201] Writing "582. foo bar"
19:47:15.562 [qtp1103722059-211] DEBUG o.s.c.c.CharSequenceEncoder - [755b5201] Writing "583. foo bar"
19:47:15.562 [qtp1103722059-211] DEBUG o.s.c.c.CharSequenceEncoder - [755b5201] Writing "584. foo bar"
19:47:15.562 [qtp1103722059-211] DEBUG o.s.c.c.CharSequenceEncoder - [755b5201] Writing "585. foo bar"
19:47:15.562 [qtp1103722059-211] DEBUG o.s.c.c.CharSequenceEncoder - [755b5201] Writing "586. foo bar"
19:47:15.562 [qtp1103722059-211] DEBUG o.s.c.c.CharSequenceEncoder - [755b5201] Writing "587. foo bar"
19:47:15.563 [qtp1103722059-211] DEBUG o.s.c.c.CharSequenceEncoder - [755b5201] Writing "588. foo bar"
19:47:15.563 [qtp1103722059-211] DEBUG o.s.c.c.CharSequenceEncoder - [755b5201] Writing "589. foo bar"
19:47:15.563 [qtp1103722059-211] DEBUG o.s.c.c.CharSequenceEncoder - [755b5201] Writing "590. foo bar"
19:47:15.563 [qtp1103722059-211] DEBUG o.s.c.c.CharSequenceEncoder - [755b5201] Writing "591. foo bar"
19:47:15.563 [qtp1103722059-211] DEBUG o.s.c.c.CharSequenceEncoder - [755b5201] Writing "592. foo bar"
19:47:15.563 [qtp1103722059-211] DEBUG o.s.c.c.CharSequenceEncoder - [755b5201] Writing "593. foo bar"
19:47:15.564 [qtp1103722059-211] DEBUG o.s.c.c.CharSequenceEncoder - [755b5201] Writing "594. foo bar"
19:47:15.564 [qtp1103722059-211] DEBUG o.s.c.c.CharSequenceEncoder - [755b5201] Writing "595. foo bar"
19:47:15.564 [qtp1103722059-211] DEBUG o.s.c.c.CharSequenceEncoder - [755b5201] Writing "596. foo bar"
19:47:15.564 [qtp1103722059-211] DEBUG o.s.c.c.CharSequenceEncoder - [755b5201] Writing "597. foo bar"
19:47:15.564 [qtp1103722059-211] DEBUG o.s.c.c.CharSequenceEncoder - [755b5201] Writing "598. foo bar"
19:47:15.564 [qtp1103722059-211] DEBUG o.s.c.c.CharSequenceEncoder - [755b5201] Writing "599. foo bar"
19:47:15.565 [qtp1103722059-211] DEBUG o.s.c.c.CharSequenceEncoder - [755b5201] Writing "600. foo bar"
19:47:15.565 [qtp1103722059-211] DEBUG o.s.c.c.CharSequenceEncoder - [755b5201] Writing "601. foo bar"
19:47:15.565 [qtp1103722059-211] DEBUG o.s.c.c.CharSequenceEncoder - [755b5201] Writing "602. foo bar"
19:47:15.565 [qtp1103722059-211] DEBUG o.s.c.c.CharSequenceEncoder - [755b5201] Writing "603. foo bar"
19:47:15.565 [qtp1103722059-211] DEBUG o.s.c.c.CharSequenceEncoder - [755b5201] Writing "604. foo bar"
19:47:15.566 [qtp1103722059-211] DEBUG o.s.c.c.CharSequenceEncoder - [755b5201] Writing "605. foo bar"
19:47:15.566 [qtp1103722059-211] DEBUG o.s.c.c.CharSequenceEncoder - [755b5201] Writing "606. foo bar"
19:47:15.566 [qtp1103722059-211] DEBUG o.s.c.c.CharSequenceEncoder - [755b5201] Writing "607. foo bar"
19:47:15.566 [qtp1103722059-211] DEBUG o.s.c.c.CharSequenceEncoder - [755b5201] Writing "608. foo bar"
19:47:15.566 [qtp1103722059-211] DEBUG o.s.c.c.CharSequenceEncoder - [755b5201] Writing "609. foo bar"
19:47:15.567 [qtp1103722059-211] DEBUG o.s.c.c.CharSequenceEncoder - [755b5201] Writing "610. foo bar"
19:47:15.567 [qtp1103722059-211] DEBUG o.s.c.c.CharSequenceEncoder - [755b5201] Writing "611. foo bar"
19:47:15.567 [qtp1103722059-211] DEBUG o.s.c.c.CharSequenceEncoder - [755b5201] Writing "612. foo bar"
19:47:15.567 [qtp1103722059-211] DEBUG o.s.c.c.CharSequenceEncoder - [755b5201] Writing "613. foo bar"
19:47:15.567 [qtp1103722059-211] DEBUG o.s.c.c.CharSequenceEncoder - [755b5201] Writing "614. foo bar"
19:47:15.567 [qtp1103722059-211] DEBUG o.s.c.c.CharSequenceEncoder - [755b5201] Writing "615. foo bar"
19:47:15.567 [qtp1103722059-211] DEBUG o.s.c.c.CharSequenceEncoder - [755b5201] Writing "616. foo bar"
19:47:15.568 [qtp1103722059-211] DEBUG o.s.c.c.CharSequenceEncoder - [755b5201] Writing "617. foo bar"
19:47:15.568 [qtp1103722059-211] DEBUG o.s.c.c.CharSequenceEncoder - [755b5201] Writing "618. foo bar"
19:47:15.568 [qtp1103722059-211] DEBUG o.s.c.c.CharSequenceEncoder - [755b5201] Writing "619. foo bar"
19:47:15.568 [qtp1103722059-211] DEBUG o.s.c.c.CharSequenceEncoder - [755b5201] Writing "620. foo bar"
19:47:15.568 [qtp1103722059-211] DEBUG o.s.c.c.CharSequenceEncoder - [755b5201] Writing "621. foo bar"
19:47:15.568 [qtp1103722059-211] DEBUG o.s.c.c.CharSequenceEncoder - [755b5201] Writing "622. foo bar"
19:47:15.568 [qtp1103722059-211] DEBUG o.s.c.c.CharSequenceEncoder - [755b5201] Writing "623. foo bar"
19:47:15.568 [qtp1103722059-211] DEBUG o.s.c.c.CharSequenceEncoder - [755b5201] Writing "624. foo bar"
19:47:15.569 [qtp1103722059-211] DEBUG o.s.c.c.CharSequenceEncoder - [755b5201] Writing "625. foo bar"
19:47:15.569 [qtp1103722059-211] DEBUG o.s.c.c.CharSequenceEncoder - [755b5201] Writing "626. foo bar"
19:47:15.569 [qtp1103722059-211] DEBUG o.s.c.c.CharSequenceEncoder - [755b5201] Writing "627. foo bar"
19:47:15.569 [qtp1103722059-211] DEBUG o.s.c.c.CharSequenceEncoder - [755b5201] Writing "628. foo bar"
19:47:15.569 [qtp1103722059-211] DEBUG o.s.c.c.CharSequenceEncoder - [755b5201] Writing "629. foo bar"
19:47:15.569 [qtp1103722059-211] DEBUG o.s.c.c.CharSequenceEncoder - [755b5201] Writing "630. foo bar"
19:47:15.569 [qtp1103722059-211] DEBUG o.s.c.c.CharSequenceEncoder - [755b5201] Writing "631. foo bar"
19:47:15.569 [qtp1103722059-211] DEBUG o.s.c.c.CharSequenceEncoder - [755b5201] Writing "632. foo bar"
19:47:15.570 [qtp1103722059-211] DEBUG o.s.c.c.CharSequenceEncoder - [755b5201] Writing "633. foo bar"
19:47:15.570 [qtp1103722059-211] DEBUG o.s.c.c.CharSequenceEncoder - [755b5201] Writing "634. foo bar"
19:47:15.570 [qtp1103722059-211] DEBUG o.s.c.c.CharSequenceEncoder - [755b5201] Writing "635. foo bar"
19:47:15.570 [qtp1103722059-211] DEBUG o.s.c.c.CharSequenceEncoder - [755b5201] Writing "636. foo bar"
19:47:15.570 [qtp1103722059-211] DEBUG o.s.c.c.CharSequenceEncoder - [755b5201] Writing "637. foo bar"
19:47:15.570 [qtp1103722059-211] DEBUG o.s.c.c.CharSequenceEncoder - [755b5201] Writing "638. foo bar"
19:47:15.570 [qtp1103722059-211] DEBUG o.s.c.c.CharSequenceEncoder - [755b5201] Writing "639. foo bar"
19:47:15.570 [qtp1103722059-211] DEBUG o.s.c.c.CharSequenceEncoder - [755b5201] Writing "640. foo bar"
19:47:15.571 [qtp1103722059-211] DEBUG o.s.c.c.CharSequenceEncoder - [755b5201] Writing "641. foo bar"
19:47:15.571 [qtp1103722059-211] DEBUG o.s.c.c.CharSequenceEncoder - [755b5201] Writing "642. foo bar"
19:47:15.571 [qtp1103722059-211] DEBUG o.s.c.c.CharSequenceEncoder - [755b5201] Writing "643. foo bar"
19:47:15.571 [qtp1103722059-211] DEBUG o.s.c.c.CharSequenceEncoder - [755b5201] Writing "644. foo bar"
19:47:15.571 [qtp1103722059-211] DEBUG o.s.c.c.CharSequenceEncoder - [755b5201] Writing "645. foo bar"
19:47:15.571 [qtp1103722059-211] DEBUG o.s.c.c.CharSequenceEncoder - [755b5201] Writing "646. foo bar"
19:47:15.571 [qtp1103722059-211] DEBUG o.s.c.c.CharSequenceEncoder - [755b5201] Writing "647. foo bar"
19:47:15.571 [qtp1103722059-211] DEBUG o.s.c.c.CharSequenceEncoder - [755b5201] Writing "648. foo bar"
19:47:15.572 [qtp1103722059-211] DEBUG o.s.c.c.CharSequenceEncoder - [755b5201] Writing "649. foo bar"
19:47:15.572 [qtp1103722059-211] DEBUG o.s.c.c.CharSequenceEncoder - [755b5201] Writing "650. foo bar"
19:47:15.572 [qtp1103722059-211] DEBUG o.s.c.c.CharSequenceEncoder - [755b5201] Writing "651. foo bar"
19:47:15.572 [qtp1103722059-211] DEBUG o.s.c.c.CharSequenceEncoder - [755b5201] Writing "652. foo bar"
19:47:15.572 [qtp1103722059-211] DEBUG o.s.c.c.CharSequenceEncoder - [755b5201] Writing "653. foo bar"
19:47:15.572 [qtp1103722059-211] DEBUG o.s.c.c.CharSequenceEncoder - [755b5201] Writing "654. foo bar"
19:47:15.572 [qtp1103722059-211] DEBUG o.s.c.c.CharSequenceEncoder - [755b5201] Writing "655. foo bar"
19:47:15.572 [qtp1103722059-211] DEBUG o.s.c.c.CharSequenceEncoder - [755b5201] Writing "656. foo bar"
19:47:15.572 [qtp1103722059-211] DEBUG o.s.c.c.CharSequenceEncoder - [755b5201] Writing "657. foo bar"
19:47:15.573 [qtp1103722059-211] DEBUG o.s.c.c.CharSequenceEncoder - [755b5201] Writing "658. foo bar"
19:47:15.573 [qtp1103722059-211] DEBUG o.s.c.c.CharSequenceEncoder - [755b5201] Writing "659. foo bar"
19:47:15.573 [qtp1103722059-211] DEBUG o.s.c.c.CharSequenceEncoder - [755b5201] Writing "660. foo bar"
19:47:15.573 [qtp1103722059-211] DEBUG o.s.c.c.CharSequenceEncoder - [755b5201] Writing "661. foo bar"
19:47:15.573 [qtp1103722059-211] DEBUG o.s.c.c.CharSequenceEncoder - [755b5201] Writing "662. foo bar"
19:47:15.573 [qtp1103722059-211] DEBUG o.s.c.c.CharSequenceEncoder - [755b5201] Writing "663. foo bar"
19:47:15.573 [qtp1103722059-211] DEBUG o.s.c.c.CharSequenceEncoder - [755b5201] Writing "664. foo bar"
19:47:15.573 [qtp1103722059-211] DEBUG o.s.c.c.CharSequenceEncoder - [755b5201] Writing "665. foo bar"
19:47:15.574 [qtp1103722059-211] DEBUG o.s.c.c.CharSequenceEncoder - [755b5201] Writing "666. foo bar"
19:47:15.574 [qtp1103722059-211] DEBUG o.s.c.c.CharSequenceEncoder - [755b5201] Writing "667. foo bar"
19:47:15.574 [qtp1103722059-211] DEBUG o.s.c.c.CharSequenceEncoder - [755b5201] Writing "668. foo bar"
19:47:15.574 [qtp1103722059-211] DEBUG o.s.c.c.CharSequenceEncoder - [755b5201] Writing "669. foo bar"
19:47:15.574 [qtp1103722059-211] DEBUG o.s.c.c.CharSequenceEncoder - [755b5201] Writing "670. foo bar"
19:47:15.574 [qtp1103722059-211] DEBUG o.s.c.c.CharSequenceEncoder - [755b5201] Writing "671. foo bar"
19:47:15.574 [qtp1103722059-211] DEBUG o.s.c.c.CharSequenceEncoder - [755b5201] Writing "672. foo bar"
19:47:15.574 [qtp1103722059-211] DEBUG o.s.c.c.CharSequenceEncoder - [755b5201] Writing "673. foo bar"
19:47:15.574 [qtp1103722059-211] DEBUG o.s.c.c.CharSequenceEncoder - [755b5201] Writing "674. foo bar"
19:47:15.575 [qtp1103722059-211] DEBUG o.s.c.c.CharSequenceEncoder - [755b5201] Writing "675. foo bar"
19:47:15.575 [qtp1103722059-211] DEBUG o.s.c.c.CharSequenceEncoder - [755b5201] Writing "676. foo bar"
19:47:15.575 [qtp1103722059-211] DEBUG o.s.c.c.CharSequenceEncoder - [755b5201] Writing "677. foo bar"
19:47:15.575 [qtp1103722059-211] DEBUG o.s.c.c.CharSequenceEncoder - [755b5201] Writing "678. foo bar"
19:47:15.575 [qtp1103722059-211] DEBUG o.s.c.c.CharSequenceEncoder - [755b5201] Writing "679. foo bar"
19:47:15.575 [qtp1103722059-211] DEBUG o.s.c.c.CharSequenceEncoder - [755b5201] Writing "680. foo bar"
19:47:15.575 [qtp1103722059-211] DEBUG o.s.c.c.CharSequenceEncoder - [755b5201] Writing "681. foo bar"
19:47:15.575 [qtp1103722059-211] DEBUG o.s.c.c.CharSequenceEncoder - [755b5201] Writing "682. foo bar"
19:47:15.576 [qtp1103722059-211] DEBUG o.s.c.c.CharSequenceEncoder - [755b5201] Writing "683. foo bar"
19:47:15.584 [qtp1103722059-211] DEBUG o.s.c.c.CharSequenceEncoder - [755b5201] Writing "684. foo bar"
19:47:15.584 [qtp1103722059-211] DEBUG o.s.c.c.CharSequenceEncoder - [755b5201] Writing "685. foo bar"
19:47:15.585 [qtp1103722059-211] DEBUG o.s.c.c.CharSequenceEncoder - [755b5201] Writing "686. foo bar"
19:47:15.585 [qtp1103722059-211] DEBUG o.s.c.c.CharSequenceEncoder - [755b5201] Writing "687. foo bar"
19:47:15.585 [qtp1103722059-211] DEBUG o.s.c.c.CharSequenceEncoder - [755b5201] Writing "688. foo bar"
19:47:15.585 [qtp1103722059-211] DEBUG o.s.c.c.CharSequenceEncoder - [755b5201] Writing "689. foo bar"
19:47:15.586 [qtp1103722059-211] DEBUG o.s.c.c.CharSequenceEncoder - [755b5201] Writing "690. foo bar"
19:47:15.586 [qtp1103722059-211] DEBUG o.s.c.c.CharSequenceEncoder - [755b5201] Writing "691. foo bar"
19:47:15.587 [qtp1103722059-211] DEBUG o.s.c.c.CharSequenceEncoder - [755b5201] Writing "692. foo bar"
19:47:15.587 [qtp1103722059-211] DEBUG o.s.c.c.CharSequenceEncoder - [755b5201] Writing "693. foo bar"
19:47:15.587 [qtp1103722059-211] DEBUG o.s.c.c.CharSequenceEncoder - [755b5201] Writing "694. foo bar"
19:47:15.587 [qtp1103722059-211] DEBUG o.s.c.c.CharSequenceEncoder - [755b5201] Writing "695. foo bar"
19:47:15.587 [qtp1103722059-211] DEBUG o.s.c.c.CharSequenceEncoder - [755b5201] Writing "696. foo bar"
19:47:15.588 [qtp1103722059-211] DEBUG o.s.c.c.CharSequenceEncoder - [755b5201] Writing "697. foo bar"
19:47:15.588 [qtp1103722059-211] DEBUG o.s.c.c.CharSequenceEncoder - [755b5201] Writing "698. foo bar"
19:47:15.588 [qtp1103722059-211] DEBUG o.s.c.c.CharSequenceEncoder - [755b5201] Writing "699. foo bar"
19:47:15.589 [qtp1103722059-211] DEBUG o.s.c.c.CharSequenceEncoder - [755b5201] Writing "700. foo bar"
19:47:15.589 [qtp1103722059-211] DEBUG o.s.c.c.CharSequenceEncoder - [755b5201] Writing "701. foo bar"
19:47:15.590 [qtp1103722059-211] DEBUG o.s.c.c.CharSequenceEncoder - [755b5201] Writing "702. foo bar"
19:47:15.590 [qtp1103722059-211] DEBUG o.s.c.c.CharSequenceEncoder - [755b5201] Writing "703. foo bar"
19:47:15.591 [qtp1103722059-211] DEBUG o.s.c.c.CharSequenceEncoder - [755b5201] Writing "704. foo bar"
19:47:15.591 [qtp1103722059-211] DEBUG o.s.c.c.CharSequenceEncoder - [755b5201] Writing "705. foo bar"
19:47:15.591 [qtp1103722059-211] DEBUG o.s.c.c.CharSequenceEncoder - [755b5201] Writing "706. foo bar"
19:47:15.592 [qtp1103722059-211] DEBUG o.s.c.c.CharSequenceEncoder - [755b5201] Writing "707. foo bar"
19:47:15.592 [qtp1103722059-211] DEBUG o.s.c.c.CharSequenceEncoder - [755b5201] Writing "708. foo bar"
19:47:15.592 [qtp1103722059-211] DEBUG o.s.c.c.CharSequenceEncoder - [755b5201] Writing "709. foo bar"
19:47:15.593 [qtp1103722059-211] DEBUG o.s.c.c.CharSequenceEncoder - [755b5201] Writing "710. foo bar"
19:47:15.593 [qtp1103722059-211] DEBUG o.s.c.c.CharSequenceEncoder - [755b5201] Writing "711. foo bar"
19:47:15.593 [qtp1103722059-211] DEBUG o.s.c.c.CharSequenceEncoder - [755b5201] Writing "712. foo bar"
19:47:15.593 [qtp1103722059-211] DEBUG o.s.c.c.CharSequenceEncoder - [755b5201] Writing "713. foo bar"
19:47:15.593 [qtp1103722059-211] DEBUG o.s.c.c.CharSequenceEncoder - [755b5201] Writing "714. foo bar"
19:47:15.594 [qtp1103722059-211] DEBUG o.s.c.c.CharSequenceEncoder - [755b5201] Writing "715. foo bar"
19:47:15.594 [qtp1103722059-211] DEBUG o.s.c.c.CharSequenceEncoder - [755b5201] Writing "716. foo bar"
19:47:15.594 [qtp1103722059-211] DEBUG o.s.c.c.CharSequenceEncoder - [755b5201] Writing "717. foo bar"
19:47:15.594 [qtp1103722059-211] DEBUG o.s.c.c.CharSequenceEncoder - [755b5201] Writing "718. foo bar"
19:47:15.594 [qtp1103722059-211] DEBUG o.s.c.c.CharSequenceEncoder - [755b5201] Writing "719. foo bar"
19:47:15.595 [qtp1103722059-211] DEBUG o.s.c.c.CharSequenceEncoder - [755b5201] Writing "720. foo bar"
19:47:15.595 [qtp1103722059-211] DEBUG o.s.c.c.CharSequenceEncoder - [755b5201] Writing "721. foo bar"
19:47:15.595 [qtp1103722059-211] DEBUG o.s.c.c.CharSequenceEncoder - [755b5201] Writing "722. foo bar"
19:47:15.595 [qtp1103722059-211] DEBUG o.s.c.c.CharSequenceEncoder - [755b5201] Writing "723. foo bar"
19:47:15.595 [qtp1103722059-211] DEBUG o.s.c.c.CharSequenceEncoder - [755b5201] Writing "724. foo bar"
19:47:15.596 [qtp1103722059-211] DEBUG o.s.c.c.CharSequenceEncoder - [755b5201] Writing "725. foo bar"
19:47:15.596 [qtp1103722059-211] DEBUG o.s.c.c.CharSequenceEncoder - [755b5201] Writing "726. foo bar"
19:47:15.596 [qtp1103722059-211] DEBUG o.s.c.c.CharSequenceEncoder - [755b5201] Writing "727. foo bar"
19:47:15.596 [qtp1103722059-211] DEBUG o.s.c.c.CharSequenceEncoder - [755b5201] Writing "728. foo bar"
19:47:15.597 [qtp1103722059-211] DEBUG o.s.c.c.CharSequenceEncoder - [755b5201] Writing "729. foo bar"
19:47:15.597 [qtp1103722059-211] DEBUG o.s.c.c.CharSequenceEncoder - [755b5201] Writing "730. foo bar"
19:47:15.597 [qtp1103722059-211] DEBUG o.s.c.c.CharSequenceEncoder - [755b5201] Writing "731. foo bar"
19:47:15.597 [qtp1103722059-211] DEBUG o.s.c.c.CharSequenceEncoder - [755b5201] Writing "732. foo bar"
19:47:15.597 [qtp1103722059-211] DEBUG o.s.c.c.CharSequenceEncoder - [755b5201] Writing "733. foo bar"
19:47:15.598 [qtp1103722059-211] DEBUG o.s.c.c.CharSequenceEncoder - [755b5201] Writing "734. foo bar"
19:47:15.598 [qtp1103722059-211] DEBUG o.s.c.c.CharSequenceEncoder - [755b5201] Writing "735. foo bar"
19:47:15.598 [qtp1103722059-211] DEBUG o.s.c.c.CharSequenceEncoder - [755b5201] Writing "736. foo bar"
19:47:15.598 [qtp1103722059-211] DEBUG o.s.c.c.CharSequenceEncoder - [755b5201] Writing "737. foo bar"
19:47:15.598 [qtp1103722059-211] DEBUG o.s.c.c.CharSequenceEncoder - [755b5201] Writing "738. foo bar"
19:47:15.598 [qtp1103722059-211] DEBUG o.s.c.c.CharSequenceEncoder - [755b5201] Writing "739. foo bar"
19:47:15.598 [qtp1103722059-211] DEBUG o.s.c.c.CharSequenceEncoder - [755b5201] Writing "740. foo bar"
19:47:15.598 [qtp1103722059-211] DEBUG o.s.c.c.CharSequenceEncoder - [755b5201] Writing "741. foo bar"
19:47:15.599 [qtp1103722059-211] DEBUG o.s.c.c.CharSequenceEncoder - [755b5201] Writing "742. foo bar"
19:47:15.599 [qtp1103722059-211] DEBUG o.s.c.c.CharSequenceEncoder - [755b5201] Writing "743. foo bar"
19:47:15.599 [qtp1103722059-211] DEBUG o.s.c.c.CharSequenceEncoder - [755b5201] Writing "744. foo bar"
19:47:15.599 [qtp1103722059-211] DEBUG o.s.c.c.CharSequenceEncoder - [755b5201] Writing "745. foo bar"
19:47:15.599 [qtp1103722059-211] DEBUG o.s.c.c.CharSequenceEncoder - [755b5201] Writing "746. foo bar"
19:47:15.599 [qtp1103722059-211] DEBUG o.s.c.c.CharSequenceEncoder - [755b5201] Writing "747. foo bar"
19:47:15.599 [qtp1103722059-211] DEBUG o.s.c.c.CharSequenceEncoder - [755b5201] Writing "748. foo bar"
19:47:15.599 [qtp1103722059-211] DEBUG o.s.c.c.CharSequenceEncoder - [755b5201] Writing "749. foo bar"
19:47:15.599 [qtp1103722059-211] DEBUG o.s.c.c.CharSequenceEncoder - [755b5201] Writing "750. foo bar"
19:47:15.599 [qtp1103722059-211] DEBUG o.s.c.c.CharSequenceEncoder - [755b5201] Writing "751. foo bar"
19:47:15.600 [qtp1103722059-211] DEBUG o.s.c.c.CharSequenceEncoder - [755b5201] Writing "752. foo bar"
19:47:15.600 [qtp1103722059-211] DEBUG o.s.c.c.CharSequenceEncoder - [755b5201] Writing "753. foo bar"
19:47:15.600 [qtp1103722059-211] DEBUG o.s.c.c.CharSequenceEncoder - [755b5201] Writing "754. foo bar"
19:47:15.600 [qtp1103722059-211] DEBUG o.s.c.c.CharSequenceEncoder - [755b5201] Writing "755. foo bar"
19:47:15.600 [qtp1103722059-211] DEBUG o.s.c.c.CharSequenceEncoder - [755b5201] Writing "756. foo bar"
19:47:15.600 [qtp1103722059-211] DEBUG o.s.c.c.CharSequenceEncoder - [755b5201] Writing "757. foo bar"
19:47:15.600 [qtp1103722059-211] DEBUG o.s.c.c.CharSequenceEncoder - [755b5201] Writing "758. foo bar"
19:47:15.600 [qtp1103722059-211] DEBUG o.s.c.c.CharSequenceEncoder - [755b5201] Writing "759. foo bar"
19:47:15.601 [qtp1103722059-211] DEBUG o.s.c.c.CharSequenceEncoder - [755b5201] Writing "760. foo bar"
19:47:15.601 [qtp1103722059-211] DEBUG o.s.c.c.CharSequenceEncoder - [755b5201] Writing "761. foo bar"
19:47:15.601 [qtp1103722059-211] DEBUG o.s.c.c.CharSequenceEncoder - [755b5201] Writing "762. foo bar"
19:47:15.601 [qtp1103722059-211] DEBUG o.s.c.c.CharSequenceEncoder - [755b5201] Writing "763. foo bar"
19:47:15.601 [qtp1103722059-211] DEBUG o.s.c.c.CharSequenceEncoder - [755b5201] Writing "764. foo bar"
19:47:15.601 [qtp1103722059-211] DEBUG o.s.c.c.CharSequenceEncoder - [755b5201] Writing "765. foo bar"
19:47:15.601 [qtp1103722059-211] DEBUG o.s.c.c.CharSequenceEncoder - [755b5201] Writing "766. foo bar"
19:47:15.601 [qtp1103722059-211] DEBUG o.s.c.c.CharSequenceEncoder - [755b5201] Writing "767. foo bar"
19:47:15.602 [qtp1103722059-211] DEBUG o.s.c.c.CharSequenceEncoder - [755b5201] Writing "768. foo bar"
19:47:15.602 [qtp1103722059-211] DEBUG o.s.c.c.CharSequenceEncoder - [755b5201] Writing "769. foo bar"
19:47:15.602 [qtp1103722059-211] DEBUG o.s.c.c.CharSequenceEncoder - [755b5201] Writing "770. foo bar"
19:47:15.602 [qtp1103722059-211] DEBUG o.s.c.c.CharSequenceEncoder - [755b5201] Writing "771. foo bar"
19:47:15.602 [qtp1103722059-211] DEBUG o.s.c.c.CharSequenceEncoder - [755b5201] Writing "772. foo bar"
19:47:15.602 [qtp1103722059-211] DEBUG o.s.c.c.CharSequenceEncoder - [755b5201] Writing "773. foo bar"
19:47:15.602 [qtp1103722059-211] DEBUG o.s.c.c.CharSequenceEncoder - [755b5201] Writing "774. foo bar"
19:47:15.602 [qtp1103722059-211] DEBUG o.s.c.c.CharSequenceEncoder - [755b5201] Writing "775. foo bar"
19:47:15.602 [qtp1103722059-211] DEBUG o.s.c.c.CharSequenceEncoder - [755b5201] Writing "776. foo bar"
19:47:15.602 [qtp1103722059-211] DEBUG o.s.c.c.CharSequenceEncoder - [755b5201] Writing "777. foo bar"
19:47:15.603 [qtp1103722059-211] DEBUG o.s.c.c.CharSequenceEncoder - [755b5201] Writing "778. foo bar"
19:47:15.603 [qtp1103722059-211] DEBUG o.s.c.c.CharSequenceEncoder - [755b5201] Writing "779. foo bar"
19:47:15.603 [qtp1103722059-211] DEBUG o.s.c.c.CharSequenceEncoder - [755b5201] Writing "780. foo bar"
19:47:15.603 [qtp1103722059-211] DEBUG o.s.c.c.CharSequenceEncoder - [755b5201] Writing "781. foo bar"
19:47:15.603 [qtp1103722059-211] DEBUG o.s.c.c.CharSequenceEncoder - [755b5201] Writing "782. foo bar"
19:47:15.603 [qtp1103722059-211] DEBUG o.s.c.c.CharSequenceEncoder - [755b5201] Writing "783. foo bar"
19:47:15.603 [qtp1103722059-211] DEBUG o.s.c.c.CharSequenceEncoder - [755b5201] Writing "784. foo bar"
19:47:15.603 [qtp1103722059-211] DEBUG o.s.c.c.CharSequenceEncoder - [755b5201] Writing "785. foo bar"
19:47:15.603 [qtp1103722059-211] DEBUG o.s.c.c.CharSequenceEncoder - [755b5201] Writing "786. foo bar"
19:47:15.603 [qtp1103722059-211] DEBUG o.s.c.c.CharSequenceEncoder - [755b5201] Writing "787. foo bar"
19:47:15.604 [qtp1103722059-211] DEBUG o.s.c.c.CharSequenceEncoder - [755b5201] Writing "788. foo bar"
19:47:15.604 [qtp1103722059-211] DEBUG o.s.c.c.CharSequenceEncoder - [755b5201] Writing "789. foo bar"
19:47:15.604 [qtp1103722059-211] DEBUG o.s.c.c.CharSequenceEncoder - [755b5201] Writing "790. foo bar"
19:47:15.604 [qtp1103722059-211] DEBUG o.s.c.c.CharSequenceEncoder - [755b5201] Writing "791. foo bar"
19:47:15.604 [qtp1103722059-211] DEBUG o.s.c.c.CharSequenceEncoder - [755b5201] Writing "792. foo bar"
19:47:15.604 [qtp1103722059-211] DEBUG o.s.c.c.CharSequenceEncoder - [755b5201] Writing "793. foo bar"
19:47:15.605 [qtp1103722059-211] DEBUG o.s.c.c.CharSequenceEncoder - [755b5201] Writing "794. foo bar"
19:47:15.605 [qtp1103722059-211] DEBUG o.s.c.c.CharSequenceEncoder - [755b5201] Writing "795. foo bar"
19:47:15.606 [qtp1103722059-211] DEBUG o.s.c.c.CharSequenceEncoder - [755b5201] Writing "796. foo bar"
19:47:15.606 [qtp1103722059-211] DEBUG o.s.c.c.CharSequenceEncoder - [755b5201] Writing "797. foo bar"
19:47:15.607 [qtp1103722059-211] DEBUG o.s.c.c.CharSequenceEncoder - [755b5201] Writing "798. foo bar"
19:47:15.607 [qtp1103722059-211] DEBUG o.s.c.c.CharSequenceEncoder - [755b5201] Writing "799. foo bar"
19:47:15.607 [qtp1103722059-211] DEBUG o.s.c.c.CharSequenceEncoder - [755b5201] Writing "800. foo bar"
19:47:15.608 [qtp1103722059-211] DEBUG o.s.c.c.CharSequenceEncoder - [755b5201] Writing "801. foo bar"
19:47:15.608 [qtp1103722059-211] DEBUG o.s.c.c.CharSequenceEncoder - [755b5201] Writing "802. foo bar"
19:47:15.608 [qtp1103722059-211] DEBUG o.s.c.c.CharSequenceEncoder - [755b5201] Writing "803. foo bar"
19:47:15.608 [qtp1103722059-211] DEBUG o.s.c.c.CharSequenceEncoder - [755b5201] Writing "804. foo bar"
19:47:15.608 [qtp1103722059-211] DEBUG o.s.c.c.CharSequenceEncoder - [755b5201] Writing "805. foo bar"
19:47:15.609 [qtp1103722059-211] DEBUG o.s.c.c.CharSequenceEncoder - [755b5201] Writing "806. foo bar"
19:47:15.609 [qtp1103722059-211] DEBUG o.s.c.c.CharSequenceEncoder - [755b5201] Writing "807. foo bar"
19:47:15.609 [qtp1103722059-211] DEBUG o.s.c.c.CharSequenceEncoder - [755b5201] Writing "808. foo bar"
19:47:15.609 [qtp1103722059-211] DEBUG o.s.c.c.CharSequenceEncoder - [755b5201] Writing "809. foo bar"
19:47:15.609 [qtp1103722059-211] DEBUG o.s.c.c.CharSequenceEncoder - [755b5201] Writing "810. foo bar"
19:47:15.609 [qtp1103722059-211] DEBUG o.s.c.c.CharSequenceEncoder - [755b5201] Writing "811. foo bar"
19:47:15.609 [qtp1103722059-211] DEBUG o.s.c.c.CharSequenceEncoder - [755b5201] Writing "812. foo bar"
19:47:15.609 [qtp1103722059-211] DEBUG o.s.c.c.CharSequenceEncoder - [755b5201] Writing "813. foo bar"
19:47:15.609 [qtp1103722059-211] DEBUG o.s.c.c.CharSequenceEncoder - [755b5201] Writing "814. foo bar"
19:47:15.610 [qtp1103722059-211] DEBUG o.s.c.c.CharSequenceEncoder - [755b5201] Writing "815. foo bar"
19:47:15.610 [qtp1103722059-211] DEBUG o.s.c.c.CharSequenceEncoder - [755b5201] Writing "816. foo bar"
19:47:15.610 [qtp1103722059-211] DEBUG o.s.c.c.CharSequenceEncoder - [755b5201] Writing "817. foo bar"
19:47:15.610 [qtp1103722059-211] DEBUG o.s.c.c.CharSequenceEncoder - [755b5201] Writing "818. foo bar"
19:47:15.610 [qtp1103722059-211] DEBUG o.s.c.c.CharSequenceEncoder - [755b5201] Writing "819. foo bar"
19:47:15.611 [qtp1103722059-211] DEBUG o.s.c.c.CharSequenceEncoder - [755b5201] Writing "820. foo bar"
19:47:15.611 [qtp1103722059-211] DEBUG o.s.c.c.CharSequenceEncoder - [755b5201] Writing "821. foo bar"
19:47:15.611 [qtp1103722059-211] DEBUG o.s.c.c.CharSequenceEncoder - [755b5201] Writing "822. foo bar"
19:47:15.611 [qtp1103722059-211] DEBUG o.s.c.c.CharSequenceEncoder - [755b5201] Writing "823. foo bar"
19:47:15.611 [qtp1103722059-211] DEBUG o.s.c.c.CharSequenceEncoder - [755b5201] Writing "824. foo bar"
19:47:15.612 [qtp1103722059-211] DEBUG o.s.c.c.CharSequenceEncoder - [755b5201] Writing "825. foo bar"
19:47:15.612 [qtp1103722059-211] DEBUG o.s.c.c.CharSequenceEncoder - [755b5201] Writing "826. foo bar"
19:47:15.612 [qtp1103722059-211] DEBUG o.s.c.c.CharSequenceEncoder - [755b5201] Writing "827. foo bar"
19:47:15.613 [qtp1103722059-211] DEBUG o.s.c.c.CharSequenceEncoder - [755b5201] Writing "828. foo bar"
19:47:15.614 [qtp1103722059-211] DEBUG o.s.c.c.CharSequenceEncoder - [755b5201] Writing "829. foo bar"
19:47:15.614 [qtp1103722059-211] DEBUG o.s.c.c.CharSequenceEncoder - [755b5201] Writing "830. foo bar"
19:47:15.615 [qtp1103722059-211] DEBUG o.s.c.c.CharSequenceEncoder - [755b5201] Writing "831. foo bar"
19:47:15.615 [qtp1103722059-211] DEBUG o.s.c.c.CharSequenceEncoder - [755b5201] Writing "832. foo bar"
19:47:15.615 [qtp1103722059-211] DEBUG o.s.c.c.CharSequenceEncoder - [755b5201] Writing "833. foo bar"
19:47:15.615 [qtp1103722059-211] DEBUG o.s.c.c.CharSequenceEncoder - [755b5201] Writing "834. foo bar"
19:47:15.615 [qtp1103722059-211] DEBUG o.s.c.c.CharSequenceEncoder - [755b5201] Writing "835. foo bar"
19:47:15.616 [qtp1103722059-211] DEBUG o.s.c.c.CharSequenceEncoder - [755b5201] Writing "836. foo bar"
19:47:15.616 [qtp1103722059-211] DEBUG o.s.c.c.CharSequenceEncoder - [755b5201] Writing "837. foo bar"
19:47:15.616 [qtp1103722059-211] DEBUG o.s.c.c.CharSequenceEncoder - [755b5201] Writing "838. foo bar"
19:47:15.616 [qtp1103722059-211] DEBUG o.s.c.c.CharSequenceEncoder - [755b5201] Writing "839. foo bar"
19:47:15.616 [qtp1103722059-211] DEBUG o.s.c.c.CharSequenceEncoder - [755b5201] Writing "840. foo bar"
19:47:15.617 [qtp1103722059-211] DEBUG o.s.c.c.CharSequenceEncoder - [755b5201] Writing "841. foo bar"
19:47:15.617 [qtp1103722059-211] DEBUG o.s.c.c.CharSequenceEncoder - [755b5201] Writing "842. foo bar"
19:47:15.617 [qtp1103722059-211] DEBUG o.s.c.c.CharSequenceEncoder - [755b5201] Writing "843. foo bar"
19:47:15.618 [qtp1103722059-211] DEBUG o.s.c.c.CharSequenceEncoder - [755b5201] Writing "844. foo bar"
19:47:15.618 [qtp1103722059-211] DEBUG o.s.c.c.CharSequenceEncoder - [755b5201] Writing "845. foo bar"
19:47:15.618 [qtp1103722059-211] DEBUG o.s.c.c.CharSequenceEncoder - [755b5201] Writing "846. foo bar"
19:47:15.618 [qtp1103722059-211] DEBUG o.s.c.c.CharSequenceEncoder - [755b5201] Writing "847. foo bar"
19:47:15.618 [qtp1103722059-211] DEBUG o.s.c.c.CharSequenceEncoder - [755b5201] Writing "848. foo bar"
19:47:15.618 [qtp1103722059-211] DEBUG o.s.c.c.CharSequenceEncoder - [755b5201] Writing "849. foo bar"
19:47:15.619 [qtp1103722059-211] DEBUG o.s.c.c.CharSequenceEncoder - [755b5201] Writing "850. foo bar"
19:47:15.619 [qtp1103722059-211] DEBUG o.s.c.c.CharSequenceEncoder - [755b5201] Writing "851. foo bar"
19:47:15.619 [qtp1103722059-211] DEBUG o.s.c.c.CharSequenceEncoder - [755b5201] Writing "852. foo bar"
19:47:15.619 [qtp1103722059-211] DEBUG o.s.c.c.CharSequenceEncoder - [755b5201] Writing "853. foo bar"
19:47:15.619 [qtp1103722059-211] DEBUG o.s.c.c.CharSequenceEncoder - [755b5201] Writing "854. foo bar"
19:47:15.620 [qtp1103722059-211] DEBUG o.s.c.c.CharSequenceEncoder - [755b5201] Writing "855. foo bar"
19:47:15.620 [qtp1103722059-211] DEBUG o.s.c.c.CharSequenceEncoder - [755b5201] Writing "856. foo bar"
19:47:15.620 [qtp1103722059-211] DEBUG o.s.c.c.CharSequenceEncoder - [755b5201] Writing "857. foo bar"
19:47:15.620 [qtp1103722059-211] DEBUG o.s.c.c.CharSequenceEncoder - [755b5201] Writing "858. foo bar"
19:47:15.620 [qtp1103722059-211] DEBUG o.s.c.c.CharSequenceEncoder - [755b5201] Writing "859. foo bar"
19:47:15.621 [qtp1103722059-211] DEBUG o.s.c.c.CharSequenceEncoder - [755b5201] Writing "860. foo bar"
19:47:15.621 [qtp1103722059-211] DEBUG o.s.c.c.CharSequenceEncoder - [755b5201] Writing "861. foo bar"
19:47:15.621 [qtp1103722059-211] DEBUG o.s.c.c.CharSequenceEncoder - [755b5201] Writing "862. foo bar"
19:47:15.621 [qtp1103722059-211] DEBUG o.s.c.c.CharSequenceEncoder - [755b5201] Writing "863. foo bar"
19:47:15.621 [qtp1103722059-211] DEBUG o.s.c.c.CharSequenceEncoder - [755b5201] Writing "864. foo bar"
19:47:15.621 [qtp1103722059-211] DEBUG o.s.c.c.CharSequenceEncoder - [755b5201] Writing "865. foo bar"
19:47:15.621 [qtp1103722059-211] DEBUG o.s.c.c.CharSequenceEncoder - [755b5201] Writing "866. foo bar"
19:47:15.621 [qtp1103722059-211] DEBUG o.s.c.c.CharSequenceEncoder - [755b5201] Writing "867. foo bar"
19:47:15.621 [qtp1103722059-211] DEBUG o.s.c.c.CharSequenceEncoder - [755b5201] Writing "868. foo bar"
19:47:15.621 [qtp1103722059-211] DEBUG o.s.c.c.CharSequenceEncoder - [755b5201] Writing "869. foo bar"
19:47:15.622 [qtp1103722059-211] DEBUG o.s.c.c.CharSequenceEncoder - [755b5201] Writing "870. foo bar"
19:47:15.622 [qtp1103722059-211] DEBUG o.s.c.c.CharSequenceEncoder - [755b5201] Writing "871. foo bar"
19:47:15.622 [qtp1103722059-211] DEBUG o.s.c.c.CharSequenceEncoder - [755b5201] Writing "872. foo bar"
19:47:15.622 [qtp1103722059-211] DEBUG o.s.c.c.CharSequenceEncoder - [755b5201] Writing "873. foo bar"
19:47:15.622 [qtp1103722059-211] DEBUG o.s.c.c.CharSequenceEncoder - [755b5201] Writing "874. foo bar"
19:47:15.622 [qtp1103722059-211] DEBUG o.s.c.c.CharSequenceEncoder - [755b5201] Writing "875. foo bar"
19:47:15.622 [qtp1103722059-211] DEBUG o.s.c.c.CharSequenceEncoder - [755b5201] Writing "876. foo bar"
19:47:15.622 [qtp1103722059-211] DEBUG o.s.c.c.CharSequenceEncoder - [755b5201] Writing "877. foo bar"
19:47:15.623 [qtp1103722059-211] DEBUG o.s.c.c.CharSequenceEncoder - [755b5201] Writing "878. foo bar"
19:47:15.623 [qtp1103722059-211] DEBUG o.s.c.c.CharSequenceEncoder - [755b5201] Writing "879. foo bar"
19:47:15.623 [qtp1103722059-211] DEBUG o.s.c.c.CharSequenceEncoder - [755b5201] Writing "880. foo bar"
19:47:15.624 [qtp1103722059-211] DEBUG o.s.c.c.CharSequenceEncoder - [755b5201] Writing "881. foo bar"
19:47:15.624 [qtp1103722059-211] DEBUG o.s.c.c.CharSequenceEncoder - [755b5201] Writing "882. foo bar"
19:47:15.625 [qtp1103722059-211] DEBUG o.s.c.c.CharSequenceEncoder - [755b5201] Writing "883. foo bar"
19:47:15.625 [qtp1103722059-211] DEBUG o.s.c.c.CharSequenceEncoder - [755b5201] Writing "884. foo bar"
19:47:15.625 [qtp1103722059-211] DEBUG o.s.c.c.CharSequenceEncoder - [755b5201] Writing "885. foo bar"
19:47:15.626 [qtp1103722059-211] DEBUG o.s.c.c.CharSequenceEncoder - [755b5201] Writing "886. foo bar"
19:47:15.626 [qtp1103722059-211] DEBUG o.s.c.c.CharSequenceEncoder - [755b5201] Writing "887. foo bar"
19:47:15.626 [qtp1103722059-211] DEBUG o.s.c.c.CharSequenceEncoder - [755b5201] Writing "888. foo bar"
19:47:15.626 [qtp1103722059-211] DEBUG o.s.c.c.CharSequenceEncoder - [755b5201] Writing "889. foo bar"
19:47:15.627 [qtp1103722059-211] DEBUG o.s.c.c.CharSequenceEncoder - [755b5201] Writing "890. foo bar"
19:47:15.627 [qtp1103722059-211] DEBUG o.s.c.c.CharSequenceEncoder - [755b5201] Writing "891. foo bar"
19:47:15.627 [qtp1103722059-211] DEBUG o.s.c.c.CharSequenceEncoder - [755b5201] Writing "892. foo bar"
19:47:15.628 [qtp1103722059-211] DEBUG o.s.c.c.CharSequenceEncoder - [755b5201] Writing "893. foo bar"
19:47:15.628 [qtp1103722059-211] DEBUG o.s.c.c.CharSequenceEncoder - [755b5201] Writing "894. foo bar"
19:47:15.629 [qtp1103722059-211] DEBUG o.s.c.c.CharSequenceEncoder - [755b5201] Writing "895. foo bar"
19:47:15.629 [qtp1103722059-211] DEBUG o.s.c.c.CharSequenceEncoder - [755b5201] Writing "896. foo bar"
19:47:15.629 [qtp1103722059-211] DEBUG o.s.c.c.CharSequenceEncoder - [755b5201] Writing "897. foo bar"
19:47:15.629 [qtp1103722059-211] DEBUG o.s.c.c.CharSequenceEncoder - [755b5201] Writing "898. foo bar"
19:47:15.630 [qtp1103722059-211] DEBUG o.s.c.c.CharSequenceEncoder - [755b5201] Writing "899. foo bar"
19:47:15.630 [qtp1103722059-211] DEBUG o.s.c.c.CharSequenceEncoder - [755b5201] Writing "900. foo bar"
19:47:15.630 [qtp1103722059-211] DEBUG o.s.c.c.CharSequenceEncoder - [755b5201] Writing "901. foo bar"
19:47:15.630 [qtp1103722059-211] DEBUG o.s.c.c.CharSequenceEncoder - [755b5201] Writing "902. foo bar"
19:47:15.630 [qtp1103722059-211] DEBUG o.s.c.c.CharSequenceEncoder - [755b5201] Writing "903. foo bar"
19:47:15.630 [qtp1103722059-211] DEBUG o.s.c.c.CharSequenceEncoder - [755b5201] Writing "904. foo bar"
19:47:15.631 [qtp1103722059-211] DEBUG o.s.c.c.CharSequenceEncoder - [755b5201] Writing "905. foo bar"
19:47:15.631 [qtp1103722059-211] DEBUG o.s.c.c.CharSequenceEncoder - [755b5201] Writing "906. foo bar"
19:47:15.631 [qtp1103722059-211] DEBUG o.s.c.c.CharSequenceEncoder - [755b5201] Writing "907. foo bar"
19:47:15.631 [qtp1103722059-211] DEBUG o.s.c.c.CharSequenceEncoder - [755b5201] Writing "908. foo bar"
19:47:15.631 [qtp1103722059-211] DEBUG o.s.c.c.CharSequenceEncoder - [755b5201] Writing "909. foo bar"
19:47:15.631 [qtp1103722059-211] DEBUG o.s.c.c.CharSequenceEncoder - [755b5201] Writing "910. foo bar"
19:47:15.631 [qtp1103722059-211] DEBUG o.s.c.c.CharSequenceEncoder - [755b5201] Writing "911. foo bar"
19:47:15.631 [qtp1103722059-211] DEBUG o.s.c.c.CharSequenceEncoder - [755b5201] Writing "912. foo bar"
19:47:15.632 [qtp1103722059-211] DEBUG o.s.c.c.CharSequenceEncoder - [755b5201] Writing "913. foo bar"
19:47:15.632 [qtp1103722059-211] DEBUG o.s.c.c.CharSequenceEncoder - [755b5201] Writing "914. foo bar"
19:47:15.632 [qtp1103722059-211] DEBUG o.s.c.c.CharSequenceEncoder - [755b5201] Writing "915. foo bar"
19:47:15.632 [qtp1103722059-211] DEBUG o.s.c.c.CharSequenceEncoder - [755b5201] Writing "916. foo bar"
19:47:15.632 [qtp1103722059-211] DEBUG o.s.c.c.CharSequenceEncoder - [755b5201] Writing "917. foo bar"
19:47:15.632 [qtp1103722059-211] DEBUG o.s.c.c.CharSequenceEncoder - [755b5201] Writing "918. foo bar"
19:47:15.633 [qtp1103722059-211] DEBUG o.s.c.c.CharSequenceEncoder - [755b5201] Writing "919. foo bar"
19:47:15.633 [qtp1103722059-211] DEBUG o.s.c.c.CharSequenceEncoder - [755b5201] Writing "920. foo bar"
19:47:15.633 [qtp1103722059-211] DEBUG o.s.c.c.CharSequenceEncoder - [755b5201] Writing "921. foo bar"
19:47:15.633 [qtp1103722059-211] DEBUG o.s.c.c.CharSequenceEncoder - [755b5201] Writing "922. foo bar"
19:47:15.633 [qtp1103722059-211] DEBUG o.s.c.c.CharSequenceEncoder - [755b5201] Writing "923. foo bar"
19:47:15.633 [qtp1103722059-211] DEBUG o.s.c.c.CharSequenceEncoder - [755b5201] Writing "924. foo bar"
19:47:15.633 [qtp1103722059-211] DEBUG o.s.c.c.CharSequenceEncoder - [755b5201] Writing "925. foo bar"
19:47:15.634 [qtp1103722059-211] DEBUG o.s.c.c.CharSequenceEncoder - [755b5201] Writing "926. foo bar"
19:47:15.634 [qtp1103722059-211] DEBUG o.s.c.c.CharSequenceEncoder - [755b5201] Writing "927. foo bar"
19:47:15.634 [qtp1103722059-211] DEBUG o.s.c.c.CharSequenceEncoder - [755b5201] Writing "928. foo bar"
19:47:15.634 [qtp1103722059-211] DEBUG o.s.c.c.CharSequenceEncoder - [755b5201] Writing "929. foo bar"
19:47:15.634 [qtp1103722059-211] DEBUG o.s.c.c.CharSequenceEncoder - [755b5201] Writing "930. foo bar"
19:47:15.635 [qtp1103722059-211] DEBUG o.s.c.c.CharSequenceEncoder - [755b5201] Writing "931. foo bar"
19:47:15.635 [qtp1103722059-211] DEBUG o.s.c.c.CharSequenceEncoder - [755b5201] Writing "932. foo bar"
19:47:15.635 [qtp1103722059-211] DEBUG o.s.c.c.CharSequenceEncoder - [755b5201] Writing "933. foo bar"
19:47:15.635 [qtp1103722059-211] DEBUG o.s.c.c.CharSequenceEncoder - [755b5201] Writing "934. foo bar"
19:47:15.635 [qtp1103722059-211] DEBUG o.s.c.c.CharSequenceEncoder - [755b5201] Writing "935. foo bar"
19:47:15.635 [qtp1103722059-211] DEBUG o.s.c.c.CharSequenceEncoder - [755b5201] Writing "936. foo bar"
19:47:15.636 [qtp1103722059-211] DEBUG o.s.c.c.CharSequenceEncoder - [755b5201] Writing "937. foo bar"
19:47:15.636 [qtp1103722059-211] DEBUG o.s.c.c.CharSequenceEncoder - [755b5201] Writing "938. foo bar"
19:47:15.636 [qtp1103722059-211] DEBUG o.s.c.c.CharSequenceEncoder - [755b5201] Writing "939. foo bar"
19:47:15.636 [qtp1103722059-211] DEBUG o.s.c.c.CharSequenceEncoder - [755b5201] Writing "940. foo bar"
19:47:15.636 [qtp1103722059-211] DEBUG o.s.c.c.CharSequenceEncoder - [755b5201] Writing "941. foo bar"
19:47:15.636 [qtp1103722059-211] DEBUG o.s.c.c.CharSequenceEncoder - [755b5201] Writing "942. foo bar"
19:47:15.637 [qtp1103722059-211] DEBUG o.s.c.c.CharSequenceEncoder - [755b5201] Writing "943. foo bar"
19:47:15.637 [qtp1103722059-211] DEBUG o.s.c.c.CharSequenceEncoder - [755b5201] Writing "944. foo bar"
19:47:15.637 [qtp1103722059-211] DEBUG o.s.c.c.CharSequenceEncoder - [755b5201] Writing "945. foo bar"
19:47:15.637 [qtp1103722059-211] DEBUG o.s.c.c.CharSequenceEncoder - [755b5201] Writing "946. foo bar"
19:47:15.637 [qtp1103722059-211] DEBUG o.s.c.c.CharSequenceEncoder - [755b5201] Writing "947. foo bar"
19:47:15.637 [qtp1103722059-211] DEBUG o.s.c.c.CharSequenceEncoder - [755b5201] Writing "948. foo bar"
19:47:15.638 [qtp1103722059-211] DEBUG o.s.c.c.CharSequenceEncoder - [755b5201] Writing "949. foo bar"
19:47:15.638 [qtp1103722059-211] DEBUG o.s.c.c.CharSequenceEncoder - [755b5201] Writing "950. foo bar"
19:47:15.638 [qtp1103722059-211] DEBUG o.s.c.c.CharSequenceEncoder - [755b5201] Writing "951. foo bar"
19:47:15.638 [qtp1103722059-211] DEBUG o.s.c.c.CharSequenceEncoder - [755b5201] Writing "952. foo bar"
19:47:15.639 [qtp1103722059-211] DEBUG o.s.c.c.CharSequenceEncoder - [755b5201] Writing "953. foo bar"
19:47:15.639 [qtp1103722059-211] DEBUG o.s.c.c.CharSequenceEncoder - [755b5201] Writing "954. foo bar"
19:47:15.639 [qtp1103722059-211] DEBUG o.s.c.c.CharSequenceEncoder - [755b5201] Writing "955. foo bar"
19:47:15.639 [qtp1103722059-211] DEBUG o.s.c.c.CharSequenceEncoder - [755b5201] Writing "956. foo bar"
19:47:15.639 [qtp1103722059-211] DEBUG o.s.c.c.CharSequenceEncoder - [755b5201] Writing "957. foo bar"
19:47:15.639 [qtp1103722059-211] DEBUG o.s.c.c.CharSequenceEncoder - [755b5201] Writing "958. foo bar"
19:47:15.639 [qtp1103722059-211] DEBUG o.s.c.c.CharSequenceEncoder - [755b5201] Writing "959. foo bar"
19:47:15.639 [qtp1103722059-211] DEBUG o.s.c.c.CharSequenceEncoder - [755b5201] Writing "960. foo bar"
19:47:15.639 [qtp1103722059-211] DEBUG o.s.c.c.CharSequenceEncoder - [755b5201] Writing "961. foo bar"
19:47:15.639 [qtp1103722059-211] DEBUG o.s.c.c.CharSequenceEncoder - [755b5201] Writing "962. foo bar"
19:47:15.639 [qtp1103722059-211] DEBUG o.s.c.c.CharSequenceEncoder - [755b5201] Writing "963. foo bar"
19:47:15.640 [qtp1103722059-211] DEBUG o.s.c.c.CharSequenceEncoder - [755b5201] Writing "964. foo bar"
19:47:15.640 [qtp1103722059-211] DEBUG o.s.c.c.CharSequenceEncoder - [755b5201] Writing "965. foo bar"
19:47:15.640 [qtp1103722059-211] DEBUG o.s.c.c.CharSequenceEncoder - [755b5201] Writing "966. foo bar"
19:47:15.640 [qtp1103722059-211] DEBUG o.s.c.c.CharSequenceEncoder - [755b5201] Writing "967. foo bar"
19:47:15.640 [qtp1103722059-211] DEBUG o.s.c.c.CharSequenceEncoder - [755b5201] Writing "968. foo bar"
19:47:15.640 [qtp1103722059-211] DEBUG o.s.c.c.CharSequenceEncoder - [755b5201] Writing "969. foo bar"
19:47:15.640 [qtp1103722059-211] DEBUG o.s.c.c.CharSequenceEncoder - [755b5201] Writing "970. foo bar"
19:47:15.641 [qtp1103722059-211] DEBUG o.s.c.c.CharSequenceEncoder - [755b5201] Writing "971. foo bar"
19:47:15.641 [qtp1103722059-211] DEBUG o.s.c.c.CharSequenceEncoder - [755b5201] Writing "972. foo bar"
19:47:15.641 [qtp1103722059-211] DEBUG o.s.c.c.CharSequenceEncoder - [755b5201] Writing "973. foo bar"
19:47:15.641 [qtp1103722059-211] DEBUG o.s.c.c.CharSequenceEncoder - [755b5201] Writing "974. foo bar"
19:47:15.641 [qtp1103722059-211] DEBUG o.s.c.c.CharSequenceEncoder - [755b5201] Writing "975. foo bar"
19:47:15.641 [qtp1103722059-211] DEBUG o.s.c.c.CharSequenceEncoder - [755b5201] Writing "976. foo bar"
19:47:15.642 [qtp1103722059-211] DEBUG o.s.c.c.CharSequenceEncoder - [755b5201] Writing "977. foo bar"
19:47:15.642 [qtp1103722059-211] DEBUG o.s.c.c.CharSequenceEncoder - [755b5201] Writing "978. foo bar"
19:47:15.642 [qtp1103722059-211] DEBUG o.s.c.c.CharSequenceEncoder - [755b5201] Writing "979. foo bar"
19:47:15.642 [qtp1103722059-211] DEBUG o.s.c.c.CharSequenceEncoder - [755b5201] Writing "980. foo bar"
19:47:15.642 [qtp1103722059-211] DEBUG o.s.c.c.CharSequenceEncoder - [755b5201] Writing "981. foo bar"
19:47:15.642 [qtp1103722059-211] DEBUG o.s.c.c.CharSequenceEncoder - [755b5201] Writing "982. foo bar"
19:47:15.642 [qtp1103722059-211] DEBUG o.s.c.c.CharSequenceEncoder - [755b5201] Writing "983. foo bar"
19:47:15.642 [qtp1103722059-211] DEBUG o.s.c.c.CharSequenceEncoder - [755b5201] Writing "984. foo bar"
19:47:15.642 [qtp1103722059-211] DEBUG o.s.c.c.CharSequenceEncoder - [755b5201] Writing "985. foo bar"
19:47:15.642 [qtp1103722059-211] DEBUG o.s.c.c.CharSequenceEncoder - [755b5201] Writing "986. foo bar"
19:47:15.642 [qtp1103722059-211] DEBUG o.s.c.c.CharSequenceEncoder - [755b5201] Writing "987. foo bar"
19:47:15.643 [qtp1103722059-211] DEBUG o.s.c.c.CharSequenceEncoder - [755b5201] Writing "988. foo bar"
19:47:15.643 [qtp1103722059-211] DEBUG o.s.c.c.CharSequenceEncoder - [755b5201] Writing "989. foo bar"
19:47:15.643 [qtp1103722059-211] DEBUG o.s.c.c.CharSequenceEncoder - [755b5201] Writing "990. foo bar"
19:47:15.643 [qtp1103722059-211] DEBUG o.s.c.c.CharSequenceEncoder - [755b5201] Writing "991. foo bar"
19:47:15.643 [qtp1103722059-211] DEBUG o.s.c.c.CharSequenceEncoder - [755b5201] Writing "992. foo bar"
19:47:15.643 [qtp1103722059-211] DEBUG o.s.c.c.CharSequenceEncoder - [755b5201] Writing "993. foo bar"
19:47:15.643 [qtp1103722059-211] DEBUG o.s.c.c.CharSequenceEncoder - [755b5201] Writing "994. foo bar"
19:47:15.643 [qtp1103722059-211] DEBUG o.s.c.c.CharSequenceEncoder - [755b5201] Writing "995. foo bar"
19:47:15.643 [qtp1103722059-211] DEBUG o.s.c.c.CharSequenceEncoder - [755b5201] Writing "996. foo bar"
19:47:15.643 [qtp1103722059-211] DEBUG o.s.c.c.CharSequenceEncoder - [755b5201] Writing "997. foo bar"
19:47:15.643 [qtp1103722059-211] DEBUG o.s.c.c.CharSequenceEncoder - [755b5201] Writing "998. foo bar"
19:47:15.643 [qtp1103722059-211] DEBUG o.s.c.c.CharSequenceEncoder - [755b5201] Writing "999. foo bar"
19:47:15.645 [qtp1103722059-211] ERROR o.s.w.s.a.HttpWebHandlerAdapter - [755b5201] Error [java.lang.RuntimeException: Random error] for HTTP GET "/SPR-16051", but ServerHttpResponse already committed (200 OK)
19:47:15.647 [qtp1103722059-211] WARN  o.e.j.s.HttpChannel - /SPR-16051
javax.servlet.ServletException: Failed to create response content
	at org.springframework.http.server.reactive.ServletHttpHandlerAdapter.service(ServletHttpHandlerAdapter.java:162) ~[spring-web-5.2.0.BUILD-SNAPSHOT.jar:5.2.0.BUILD-SNAPSHOT]
	at org.eclipse.jetty.servlet.ServletHolder.handle(ServletHolder.java:873) ~[jetty-servlet-9.4.18.v20190429.jar:9.4.18.v20190429]
	at org.eclipse.jetty.servlet.ServletHandler.doHandle(ServletHandler.java:542) ~[jetty-servlet-9.4.18.v20190429.jar:9.4.18.v20190429]
	at org.eclipse.jetty.server.handler.ScopedHandler.nextHandle(ScopedHandler.java:255) ~[jetty-server-9.4.18.v20190429.jar:9.4.18.v20190429]
	at org.eclipse.jetty.server.handler.ContextHandler.doHandle(ContextHandler.java:1345) ~[jetty-server-9.4.18.v20190429.jar:9.4.18.v20190429]
	at org.eclipse.jetty.server.handler.ScopedHandler.nextScope(ScopedHandler.java:203) ~[jetty-server-9.4.18.v20190429.jar:9.4.18.v20190429]
	at org.eclipse.jetty.servlet.ServletHandler.doScope(ServletHandler.java:480) ~[jetty-servlet-9.4.18.v20190429.jar:9.4.18.v20190429]
	at org.eclipse.jetty.server.handler.ScopedHandler.nextScope(ScopedHandler.java:201) ~[jetty-server-9.4.18.v20190429.jar:9.4.18.v20190429]
	at org.eclipse.jetty.server.handler.ContextHandler.doScope(ContextHandler.java:1247) ~[jetty-server-9.4.18.v20190429.jar:9.4.18.v20190429]
	at org.eclipse.jetty.server.handler.ScopedHandler.handle(ScopedHandler.java:144) ~[jetty-server-9.4.18.v20190429.jar:9.4.18.v20190429]
	at org.eclipse.jetty.server.handler.HandlerWrapper.handle(HandlerWrapper.java:132) ~[jetty-server-9.4.18.v20190429.jar:9.4.18.v20190429]
	at org.eclipse.jetty.server.Server.handleAsync(Server.java:550) ~[jetty-server-9.4.18.v20190429.jar:9.4.18.v20190429]
	at org.eclipse.jetty.server.HttpChannel.handle(HttpChannel.java:394) [jetty-server-9.4.18.v20190429.jar:9.4.18.v20190429]
	at org.eclipse.jetty.server.HttpConnection.onFillable(HttpConnection.java:267) [jetty-server-9.4.18.v20190429.jar:9.4.18.v20190429]
	at org.eclipse.jetty.io.AbstractConnection$ReadCallback.succeeded(AbstractConnection.java:305) [jetty-io-9.4.18.v20190429.jar:9.4.18.v20190429]
	at org.eclipse.jetty.io.FillInterest.fillable(FillInterest.java:103) [jetty-io-9.4.18.v20190429.jar:9.4.18.v20190429]
	at org.eclipse.jetty.io.ChannelEndPoint$2.run(ChannelEndPoint.java:117) [jetty-io-9.4.18.v20190429.jar:9.4.18.v20190429]
	at org.eclipse.jetty.util.thread.QueuedThreadPool.runJob(QueuedThreadPool.java:698) [jetty-util-9.4.18.v20190429.jar:9.4.18.v20190429]
	at org.eclipse.jetty.util.thread.QueuedThreadPool$Runner.run(QueuedThreadPool.java:804) [jetty-util-9.4.18.v20190429.jar:9.4.18.v20190429]
	at java.lang.Thread.run(Thread.java:748) [?:1.8.0_144]
Caused by: java.lang.RuntimeException: Random error
	at org.springframework.web.reactive.result.method.annotation.RequestMappingExceptionHandlingIntegrationTests$TestController.lambda$errors$0(RequestMappingExceptionHandlingIntegrationTests.java:142) ~[test/:?]
	at reactor.core.publisher.FluxMapFuseable$MapFuseableSubscriber.onNext(FluxMapFuseable.java:107) ~[reactor-core-3.3.0.M2.jar:3.3.0.M2]
	at reactor.core.publisher.FluxRange$RangeSubscription.slowPath(FluxRange.java:154) ~[reactor-core-3.3.0.M2.jar:3.3.0.M2]
	at reactor.core.publisher.FluxRange$RangeSubscription.request(FluxRange.java:109) ~[reactor-core-3.3.0.M2.jar:3.3.0.M2]
	at reactor.core.publisher.FluxMapFuseable$MapFuseableSubscriber.request(FluxMapFuseable.java:162) ~[reactor-core-3.3.0.M2.jar:3.3.0.M2]
	at reactor.core.publisher.FluxMapFuseable$MapFuseableSubscriber.request(FluxMapFuseable.java:162) ~[reactor-core-3.3.0.M2.jar:3.3.0.M2]
	at org.springframework.http.server.reactive.ChannelSendOperator$WriteBarrier.onSubscribe(ChannelSendOperator.java:166) ~[spring-web-5.2.0.BUILD-SNAPSHOT.jar:5.2.0.BUILD-SNAPSHOT]
	at reactor.core.publisher.FluxMapFuseable$MapFuseableSubscriber.onSubscribe(FluxMapFuseable.java:90) ~[reactor-core-3.3.0.M2.jar:3.3.0.M2]
	at reactor.core.publisher.FluxMapFuseable$MapFuseableSubscriber.onSubscribe(FluxMapFuseable.java:90) ~[reactor-core-3.3.0.M2.jar:3.3.0.M2]
	at reactor.core.publisher.FluxRange.subscribe(FluxRange.java:68) ~[reactor-core-3.3.0.M2.jar:3.3.0.M2]
	at reactor.core.publisher.FluxMapFuseable.subscribe(FluxMapFuseable.java:63) ~[reactor-core-3.3.0.M2.jar:3.3.0.M2]
	at reactor.core.publisher.FluxMapFuseable.subscribe(FluxMapFuseable.java:63) ~[reactor-core-3.3.0.M2.jar:3.3.0.M2]
	at org.springframework.http.server.reactive.ChannelSendOperator.subscribe(ChannelSendOperator.java:77) ~[spring-web-5.2.0.BUILD-SNAPSHOT.jar:5.2.0.BUILD-SNAPSHOT]
	at reactor.core.publisher.MonoPeek.subscribe(MonoPeek.java:71) ~[reactor-core-3.3.0.M2.jar:3.3.0.M2]
	at reactor.core.publisher.MonoOnAssembly.subscribe(MonoOnAssembly.java:61) ~[reactor-core-3.3.0.M2.jar:3.3.0.M2]
	at reactor.core.publisher.MonoOnErrorResume.subscribe(MonoOnErrorResume.java:44) ~[reactor-core-3.3.0.M2.jar:3.3.0.M2]
	at reactor.core.publisher.MonoFlatMap$FlatMapMain.onNext(MonoFlatMap.java:150) ~[reactor-core-3.3.0.M2.jar:3.3.0.M2]
	at reactor.core.publisher.Operators$MonoSubscriber.complete(Operators.java:1575) ~[reactor-core-3.3.0.M2.jar:3.3.0.M2]
	at reactor.core.publisher.MonoFlatMap$FlatMapInner.onNext(MonoFlatMap.java:241) ~[reactor-core-3.3.0.M2.jar:3.3.0.M2]
	at reactor.core.publisher.FluxOnErrorResume$ResumeSubscriber.onNext(FluxOnErrorResume.java:73) ~[reactor-core-3.3.0.M2.jar:3.3.0.M2]
	at reactor.core.publisher.FluxPeekFuseable$PeekFuseableSubscriber.onNext(FluxPeekFuseable.java:204) ~[reactor-core-3.3.0.M2.jar:3.3.0.M2]
	at reactor.core.publisher.FluxPeekFuseable$PeekFuseableSubscriber.onNext(FluxPeekFuseable.java:204) ~[reactor-core-3.3.0.M2.jar:3.3.0.M2]
	at reactor.core.publisher.Operators$MonoSubscriber.complete(Operators.java:1575) ~[reactor-core-3.3.0.M2.jar:3.3.0.M2]
	at reactor.core.publisher.MonoIgnoreThen$ThenAcceptInner.onNext(MonoIgnoreThen.java:296) ~[reactor-core-3.3.0.M2.jar:3.3.0.M2]
	at reactor.core.publisher.Operators$ScalarSubscription.request(Operators.java:2131) ~[reactor-core-3.3.0.M2.jar:3.3.0.M2]
	at reactor.core.publisher.MonoIgnoreThen$ThenAcceptInner.onSubscribe(MonoIgnoreThen.java:285) ~[reactor-core-3.3.0.M2.jar:3.3.0.M2]
	at reactor.core.publisher.FluxFlatMap.trySubscribeScalarMap(FluxFlatMap.java:161) ~[reactor-core-3.3.0.M2.jar:3.3.0.M2]
	at reactor.core.publisher.MonoFlatMap.subscribe(MonoFlatMap.java:53) ~[reactor-core-3.3.0.M2.jar:3.3.0.M2]
	at reactor.core.publisher.MonoDefer.subscribe(MonoDefer.java:52) ~[reactor-core-3.3.0.M2.jar:3.3.0.M2]
	at reactor.core.publisher.MonoIgnoreThen$ThenIgnoreMain.drain(MonoIgnoreThen.java:153) ~[reactor-core-3.3.0.M2.jar:3.3.0.M2]
	at reactor.core.publisher.MonoIgnoreThen.subscribe(MonoIgnoreThen.java:56) ~[reactor-core-3.3.0.M2.jar:3.3.0.M2]
	at reactor.core.publisher.MonoPeekFuseable.subscribe(MonoPeekFuseable.java:74) ~[reactor-core-3.3.0.M2.jar:3.3.0.M2]
	at reactor.core.publisher.MonoPeekFuseable.subscribe(MonoPeekFuseable.java:74) ~[reactor-core-3.3.0.M2.jar:3.3.0.M2]
	at reactor.core.publisher.MonoOnErrorResume.subscribe(MonoOnErrorResume.java:44) ~[reactor-core-3.3.0.M2.jar:3.3.0.M2]
	at reactor.core.publisher.MonoFlatMap$FlatMapMain.onNext(MonoFlatMap.java:150) ~[reactor-core-3.3.0.M2.jar:3.3.0.M2]
	at reactor.core.publisher.FluxSwitchIfEmpty$SwitchIfEmptySubscriber.onNext(FluxSwitchIfEmpty.java:67) ~[reactor-core-3.3.0.M2.jar:3.3.0.M2]
	at reactor.core.publisher.MonoNext$NextSubscriber.onNext(MonoNext.java:76) ~[reactor-core-3.3.0.M2.jar:3.3.0.M2]
	at reactor.core.publisher.FluxConcatMap$ConcatMapImmediate.innerNext(FluxConcatMap.java:275) ~[reactor-core-3.3.0.M2.jar:3.3.0.M2]
	at reactor.core.publisher.FluxConcatMap$ConcatMapInner.onNext(FluxConcatMap.java:849) ~[reactor-core-3.3.0.M2.jar:3.3.0.M2]
	at reactor.core.publisher.FluxMapFuseable$MapFuseableSubscriber.onNext(FluxMapFuseable.java:121) ~[reactor-core-3.3.0.M2.jar:3.3.0.M2]
	at reactor.core.publisher.FluxPeekFuseable$PeekFuseableSubscriber.onNext(FluxPeekFuseable.java:204) ~[reactor-core-3.3.0.M2.jar:3.3.0.M2]
	at reactor.core.publisher.Operators$ScalarSubscription.request(Operators.java:2131) ~[reactor-core-3.3.0.M2.jar:3.3.0.M2]
	at reactor.core.publisher.FluxPeekFuseable$PeekFuseableSubscriber.request(FluxPeekFuseable.java:138) ~[reactor-core-3.3.0.M2.jar:3.3.0.M2]
	at reactor.core.publisher.FluxMapFuseable$MapFuseableSubscriber.request(FluxMapFuseable.java:162) ~[reactor-core-3.3.0.M2.jar:3.3.0.M2]
	at reactor.core.publisher.Operators$MultiSubscriptionSubscriber.set(Operators.java:1939) ~[reactor-core-3.3.0.M2.jar:3.3.0.M2]
	at reactor.core.publisher.Operators$MultiSubscriptionSubscriber.onSubscribe(Operators.java:1813) ~[reactor-core-3.3.0.M2.jar:3.3.0.M2]
	at reactor.core.publisher.FluxMapFuseable$MapFuseableSubscriber.onSubscribe(FluxMapFuseable.java:90) ~[reactor-core-3.3.0.M2.jar:3.3.0.M2]
	at reactor.core.publisher.FluxPeekFuseable$PeekFuseableSubscriber.onSubscribe(FluxPeekFuseable.java:172) ~[reactor-core-3.3.0.M2.jar:3.3.0.M2]
	at reactor.core.publisher.MonoJust.subscribe(MonoJust.java:54) ~[reactor-core-3.3.0.M2.jar:3.3.0.M2]
	at reactor.core.publisher.MonoPeekFuseable.subscribe(MonoPeekFuseable.java:74) ~[reactor-core-3.3.0.M2.jar:3.3.0.M2]
	at reactor.core.publisher.MonoMapFuseable.subscribe(MonoMapFuseable.java:59) ~[reactor-core-3.3.0.M2.jar:3.3.0.M2]
	at reactor.core.publisher.Mono.subscribe(Mono.java:3850) ~[reactor-core-3.3.0.M2.jar:3.3.0.M2]
	at reactor.core.publisher.FluxConcatMap$ConcatMapImmediate.drain(FluxConcatMap.java:442) ~[reactor-core-3.3.0.M2.jar:3.3.0.M2]
	at reactor.core.publisher.FluxConcatMap$ConcatMapImmediate.onSubscribe(FluxConcatMap.java:212) ~[reactor-core-3.3.0.M2.jar:3.3.0.M2]
	at reactor.core.publisher.FluxIterable.subscribe(FluxIterable.java:139) ~[reactor-core-3.3.0.M2.jar:3.3.0.M2]
	at reactor.core.publisher.FluxIterable.subscribe(FluxIterable.java:63) ~[reactor-core-3.3.0.M2.jar:3.3.0.M2]
	at reactor.core.publisher.FluxConcatMap.subscribe(FluxConcatMap.java:121) ~[reactor-core-3.3.0.M2.jar:3.3.0.M2]
	at reactor.core.publisher.MonoNext.subscribe(MonoNext.java:40) ~[reactor-core-3.3.0.M2.jar:3.3.0.M2]
	at reactor.core.publisher.MonoSwitchIfEmpty.subscribe(MonoSwitchIfEmpty.java:44) ~[reactor-core-3.3.0.M2.jar:3.3.0.M2]
	at reactor.core.publisher.MonoFlatMap.subscribe(MonoFlatMap.java:60) ~[reactor-core-3.3.0.M2.jar:3.3.0.M2]
	at reactor.core.publisher.MonoFlatMap.subscribe(MonoFlatMap.java:60) ~[reactor-core-3.3.0.M2.jar:3.3.0.M2]
	at reactor.core.publisher.MonoDefer.subscribe(MonoDefer.java:52) ~[reactor-core-3.3.0.M2.jar:3.3.0.M2]
	at reactor.core.publisher.MonoOnErrorResume.subscribe(MonoOnErrorResume.java:44) ~[reactor-core-3.3.0.M2.jar:3.3.0.M2]
	at reactor.core.publisher.MonoOnErrorResume.subscribe(MonoOnErrorResume.java:44) ~[reactor-core-3.3.0.M2.jar:3.3.0.M2]
	at reactor.core.publisher.MonoPeekTerminal.subscribe(MonoPeekTerminal.java:61) ~[reactor-core-3.3.0.M2.jar:3.3.0.M2]
	at reactor.core.publisher.MonoOnErrorResume.subscribe(MonoOnErrorResume.java:44) ~[reactor-core-3.3.0.M2.jar:3.3.0.M2]
	at reactor.core.publisher.Mono.subscribe(Mono.java:3850) ~[reactor-core-3.3.0.M2.jar:3.3.0.M2]
	at reactor.core.publisher.MonoIgnoreThen$ThenIgnoreMain.drain(MonoIgnoreThen.java:172) ~[reactor-core-3.3.0.M2.jar:3.3.0.M2]
	at reactor.core.publisher.MonoIgnoreThen.subscribe(MonoIgnoreThen.java:56) ~[reactor-core-3.3.0.M2.jar:3.3.0.M2]
	at reactor.core.publisher.Mono.subscribe(Mono.java:3850) ~[reactor-core-3.3.0.M2.jar:3.3.0.M2]
	at org.springframework.http.server.reactive.ServletHttpHandlerAdapter.service(ServletHttpHandlerAdapter.java:192) ~[spring-web-5.2.0.BUILD-SNAPSHOT.jar:5.2.0.BUILD-SNAPSHOT]
	at org.eclipse.jetty.servlet.ServletHolder.handle(ServletHolder.java:873) ~[jetty-servlet-9.4.18.v20190429.jar:9.4.18.v20190429]
	at org.eclipse.jetty.servlet.ServletHandler.doHandle(ServletHandler.java:542) ~[jetty-servlet-9.4.18.v20190429.jar:9.4.18.v20190429]
	at org.eclipse.jetty.server.handler.ScopedHandler.nextHandle(ScopedHandler.java:255) ~[jetty-server-9.4.18.v20190429.jar:9.4.18.v20190429]
	at org.eclipse.jetty.server.handler.ContextHandler.doHandle(ContextHandler.java:1345) ~[jetty-server-9.4.18.v20190429.jar:9.4.18.v20190429]
	at org.eclipse.jetty.server.handler.ScopedHandler.nextScope(ScopedHandler.java:203) ~[jetty-server-9.4.18.v20190429.jar:9.4.18.v20190429]
	at org.eclipse.jetty.servlet.ServletHandler.doScope(ServletHandler.java:480) ~[jetty-servlet-9.4.18.v20190429.jar:9.4.18.v20190429]
	at org.eclipse.jetty.server.handler.ScopedHandler.nextScope(ScopedHandler.java:201) ~[jetty-server-9.4.18.v20190429.jar:9.4.18.v20190429]
	at org.eclipse.jetty.server.handler.ContextHandler.doScope(ContextHandler.java:1247) ~[jetty-server-9.4.18.v20190429.jar:9.4.18.v20190429]
	at org.eclipse.jetty.server.handler.ScopedHandler.handle(ScopedHandler.java:144) ~[jetty-server-9.4.18.v20190429.jar:9.4.18.v20190429]
	at org.eclipse.jetty.server.handler.HandlerWrapper.handle(HandlerWrapper.java:132) ~[jetty-server-9.4.18.v20190429.jar:9.4.18.v20190429]
	at org.eclipse.jetty.server.Server.handle(Server.java:505) ~[jetty-server-9.4.18.v20190429.jar:9.4.18.v20190429]
	at org.eclipse.jetty.server.HttpChannel.handle(HttpChannel.java:370) ~[jetty-server-9.4.18.v20190429.jar:9.4.18.v20190429]
	... 7 more
	Suppressed: reactor.core.publisher.FluxOnAssembly$OnAssemblyException: 
Error has been observed at the following site(s):
	|_ checkpoint ⇢ Handler org.springframework.web.reactive.result.method.annotation.RequestMappingExceptionHandlingIntegrationTests$TestController#errors() [DispatcherHandler]
	|_ checkpoint ⇢ HTTP GET "/SPR-16051" [ExceptionHandlingWebHandler]

19:47:15.652 [Test worker] DEBUG o.s.h.s.r.b.JettyHttpServer - Stopping JettyHttpServer...
19:47:15.652 [Test worker] INFO  o.e.j.s.h.ContextHandler - Stopped o.e.j.s.ServletContextHandler@11de4e3a{/,null,UNAVAILABLE}
19:47:15.653 [Test worker] INFO  o.e.j.s.AbstractConnector - Stopped ServerConnector@59e65e23{HTTP/1.1,[http/1.1]}{0.0.0.0:0}
19:47:15.654 [Test worker] DEBUG o.s.h.s.r.b.JettyHttpServer - Server stopped (0 millis).
19:47:15.734 [Test worker] DEBUG o.s.w.r.r.m.a.RequestMappingHandlerMapping - 6 mappings in 'requestMappingHandlerMapping'
19:47:15.783 [Test worker] DEBUG o.s.w.r.r.m.a.ControllerMethodResolver - ControllerAdvice beans: none
19:47:15.857 [Test worker] DEBUG o.s.w.s.a.HttpWebHandlerAdapter - enableLoggingRequestDetails='false': form data and headers will be masked to prevent unsafe logging of potentially sensitive data
19:47:15.858 [Test worker] WARN  o.e.j.s.h.ContextHandler - Empty contextPath
19:47:15.858 [Test worker] INFO  o.e.j.s.h.ContextHandler - Started o.e.j.s.ServletContextHandler@1398efc3{/,null,AVAILABLE}
19:47:15.858 [Test worker] DEBUG o.s.h.s.r.b.JettyHttpServer - Starting JettyHttpServer...
19:47:15.858 [Test worker] INFO  o.e.j.s.Server - jetty-9.4.18.v20190429; built: 2019-04-29T20:42:08.989Z; git: e1bc35120a6617ee3df052294e433f3a25ce7097; jvm 1.8.0_144-b01
19:47:15.862 [Test worker] INFO  o.e.j.s.AbstractConnector - Started ServerConnector@59fc3b9b{HTTP/1.1,[http/1.1]}{0.0.0.0:50339}
19:47:15.863 [Test worker] INFO  o.e.j.s.Server - Started @37001ms
19:47:15.863 [Test worker] DEBUG o.s.h.s.r.b.JettyHttpServer - Server started on port 50339(0 millis).
19:47:15.863 [Test worker] DEBUG o.s.w.c.RestTemplate - HTTP GET http://localhost:50339/thrown-exception-with-cause
19:47:15.863 [Test worker] DEBUG o.s.w.c.RestTemplate - Accept=[text/plain, application/json, application/x-jackson-smile, application/*+json, */*]
19:47:15.867 [qtp2042838519-220] DEBUG o.s.w.s.a.HttpWebHandlerAdapter - [f76834b] HTTP GET "/thrown-exception-with-cause"
19:47:15.868 [qtp2042838519-220] DEBUG o.s.w.r.r.m.a.RequestMappingHandlerMapping - [f76834b] Mapped to org.springframework.web.reactive.result.method.annotation.RequestMappingExceptionHandlingIntegrationTests$TestController#handleAndThrowExceptionWithCause()
19:47:15.869 [qtp2042838519-220] DEBUG o.s.w.r.r.m.a.RequestMappingHandlerAdapter - [f76834b] Using @ExceptionHandler org.springframework.web.reactive.result.method.annotation.RequestMappingExceptionHandlingIntegrationTests$TestController#handleStateException(IllegalStateException)
19:47:15.870 [qtp2042838519-220] DEBUG o.s.w.r.r.m.a.ResponseEntityResultHandler - Using 'text/plain;charset=UTF-8' given [text/plain, application/json, application/x-jackson-smile, application/*+json, */*] and supported [text/plain;charset=UTF-8, text/event-stream, text/plain;charset=UTF-8, */*]
19:47:15.870 [qtp2042838519-220] DEBUG o.s.w.r.r.m.a.ResponseEntityResultHandler - [f76834b] 0..1 [java.lang.String]
19:47:15.870 [qtp2042838519-220] DEBUG o.s.c.c.CharSequenceEncoder - [f76834b] Writing "Recovered from error: State"
19:47:15.871 [qtp2042838519-220] DEBUG o.s.w.s.a.HttpWebHandlerAdapter - [f76834b] Completed 200 OK
19:47:15.872 [Test worker] DEBUG o.s.w.c.RestTemplate - Response 200 OK
19:47:15.872 [Test worker] DEBUG o.s.w.c.RestTemplate - Reading to [java.lang.String] as "text/plain;charset=utf-8"
19:47:15.872 [Test worker] DEBUG o.s.h.s.r.b.JettyHttpServer - Stopping JettyHttpServer...
19:47:15.872 [Test worker] INFO  o.e.j.s.h.ContextHandler - Stopped o.e.j.s.ServletContextHandler@1398efc3{/,null,UNAVAILABLE}
19:47:15.874 [Test worker] INFO  o.e.j.s.AbstractConnector - Stopped ServerConnector@59fc3b9b{HTTP/1.1,[http/1.1]}{0.0.0.0:0}
19:47:15.875 [Test worker] DEBUG o.s.h.s.r.b.JettyHttpServer - Server stopped (0 millis).
19:47:15.969 [Test worker] DEBUG o.s.w.r.r.m.a.RequestMappingHandlerMapping - 6 mappings in 'requestMappingHandlerMapping'
19:47:16.007 [Test worker] DEBUG o.s.w.r.r.m.a.ControllerMethodResolver - ControllerAdvice beans: none
19:47:16.069 [Test worker] DEBUG o.s.w.s.a.HttpWebHandlerAdapter - enableLoggingRequestDetails='false': form data and headers will be masked to prevent unsafe logging of potentially sensitive data
19:47:16.069 [Test worker] DEBUG o.s.h.s.r.b.ReactorHttpServer - Starting ReactorHttpServer...
19:47:16.071 [Test worker] DEBUG o.s.h.s.r.b.ReactorHttpServer - Server started on port 50341(0 millis).
19:47:16.071 [Test worker] DEBUG o.s.w.c.RestTemplate - HTTP GET http://localhost:50341/mono-error
19:47:16.072 [Test worker] DEBUG o.s.w.c.RestTemplate - Accept=[text/plain, application/json, application/x-jackson-smile, application/*+json, */*]
19:47:16.077 [reactor-http-nio-4] DEBUG o.s.w.s.a.HttpWebHandlerAdapter - [08597ac9] HTTP GET "/mono-error"
19:47:16.077 [reactor-http-nio-4] DEBUG o.s.w.r.r.m.a.RequestMappingHandlerMapping - [08597ac9] Mapped to org.springframework.web.reactive.result.method.annotation.RequestMappingExceptionHandlingIntegrationTests$TestController#handleWithError()
19:47:16.079 [reactor-http-nio-4] DEBUG o.s.w.r.r.m.a.ResponseBodyResultHandler - Using 'text/plain;charset=UTF-8' given [text/plain, application/json, application/x-jackson-smile, application/*+json, */*] and supported [text/plain;charset=UTF-8, text/event-stream, text/plain;charset=UTF-8, */*]
19:47:16.079 [reactor-http-nio-4] DEBUG o.s.w.r.r.m.a.ResponseBodyResultHandler - [08597ac9] 0..1 [java.lang.String]
19:47:16.080 [reactor-http-nio-4] DEBUG o.s.w.r.r.m.a.RequestMappingHandlerAdapter - [08597ac9] Using @ExceptionHandler org.springframework.web.reactive.result.method.annotation.RequestMappingExceptionHandlingIntegrationTests$TestController#handleArgumentException(IllegalArgumentException)
19:47:16.081 [reactor-http-nio-4] DEBUG o.s.w.r.r.m.a.ResponseBodyResultHandler - Using 'text/plain;charset=UTF-8' given [text/plain, application/json, application/x-jackson-smile, application/*+json, */*] and supported [text/plain;charset=UTF-8, text/event-stream, text/plain;charset=UTF-8, */*]
19:47:16.081 [reactor-http-nio-4] DEBUG o.s.w.r.r.m.a.ResponseBodyResultHandler - [08597ac9] 0..1 [java.lang.String]
19:47:16.081 [reactor-http-nio-4] DEBUG o.s.c.c.CharSequenceEncoder - [08597ac9] Writing "Recovered from error: Argument"
19:47:16.087 [Test worker] DEBUG o.s.w.c.RestTemplate - Response 200 OK
19:47:16.088 [Test worker] DEBUG o.s.w.c.RestTemplate - Reading to [java.lang.String] as "text/plain;charset=UTF-8"
19:47:16.088 [Test worker] DEBUG o.s.h.s.r.b.ReactorHttpServer - Stopping ReactorHttpServer...
19:47:16.088 [Test worker] DEBUG o.s.h.s.r.b.ReactorHttpServer - Server stopped (0 millis).
19:47:16.166 [Test worker] DEBUG o.s.w.r.r.m.a.RequestMappingHandlerMapping - 6 mappings in 'requestMappingHandlerMapping'
19:47:16.216 [Test worker] DEBUG o.s.w.r.r.m.a.ControllerMethodResolver - ControllerAdvice beans: none
19:47:16.270 [Test worker] DEBUG o.s.w.s.a.HttpWebHandlerAdapter - enableLoggingRequestDetails='false': form data and headers will be masked to prevent unsafe logging of potentially sensitive data
19:47:16.270 [Test worker] DEBUG o.s.h.s.r.b.ReactorHttpServer - Starting ReactorHttpServer...
19:47:16.271 [Test worker] DEBUG o.s.h.s.r.b.ReactorHttpServer - Server started on port 50343(0 millis).
19:47:16.271 [Test worker] DEBUG o.s.w.c.RestTemplate - HTTP GET http://localhost:50343/thrown-exception-with-cause-to-handle
19:47:16.272 [Test worker] DEBUG o.s.w.c.RestTemplate - Accept=[text/plain, application/json, application/x-jackson-smile, application/*+json, */*]
19:47:16.274 [reactor-http-nio-2] DEBUG o.s.w.s.a.HttpWebHandlerAdapter - [0ac15b3b] HTTP GET "/thrown-exception-with-cause-to-handle"
19:47:16.275 [reactor-http-nio-2] DEBUG o.s.w.r.r.m.a.RequestMappingHandlerMapping - [0ac15b3b] Mapped to org.springframework.web.reactive.result.method.annotation.RequestMappingExceptionHandlingIntegrationTests$TestController#handleAndThrowExceptionWithCauseToHandle()
19:47:16.276 [reactor-http-nio-2] DEBUG o.s.w.r.r.m.a.RequestMappingHandlerAdapter - [0ac15b3b] Using @ExceptionHandler org.springframework.web.reactive.result.method.annotation.RequestMappingExceptionHandlingIntegrationTests$TestController#handleArgumentException(IOException)
19:47:16.277 [reactor-http-nio-2] DEBUG o.s.w.r.r.m.a.ResponseBodyResultHandler - Using 'text/plain;charset=UTF-8' given [text/plain, application/json, application/x-jackson-smile, application/*+json, */*] and supported [text/plain;charset=UTF-8, text/event-stream, text/plain;charset=UTF-8, */*]
19:47:16.277 [reactor-http-nio-2] DEBUG o.s.w.r.r.m.a.ResponseBodyResultHandler - [0ac15b3b] 0..1 [java.lang.String]
19:47:16.277 [reactor-http-nio-2] DEBUG o.s.c.c.CharSequenceEncoder - [0ac15b3b] Writing "Recovered from error: IO"
19:47:16.279 [Test worker] DEBUG o.s.w.c.RestTemplate - Response 200 OK
19:47:16.280 [Test worker] DEBUG o.s.w.c.RestTemplate - Reading to [java.lang.String] as "text/plain;charset=UTF-8"
19:47:16.280 [Test worker] DEBUG o.s.h.s.r.b.ReactorHttpServer - Stopping ReactorHttpServer...
19:47:16.280 [Test worker] DEBUG o.s.h.s.r.b.ReactorHttpServer - Server stopped (0 millis).
19:47:16.367 [Test worker] DEBUG o.s.w.r.r.m.a.RequestMappingHandlerMapping - 6 mappings in 'requestMappingHandlerMapping'
19:47:16.435 [Test worker] DEBUG o.s.w.r.r.m.a.ControllerMethodResolver - ControllerAdvice beans: none
19:47:16.523 [Test worker] DEBUG o.s.w.s.a.HttpWebHandlerAdapter - enableLoggingRequestDetails='false': form data and headers will be masked to prevent unsafe logging of potentially sensitive data
19:47:16.523 [Test worker] DEBUG o.s.h.s.r.b.ReactorHttpServer - Starting ReactorHttpServer...
19:47:16.525 [Test worker] DEBUG o.s.h.s.r.b.ReactorHttpServer - Server started on port 50345(0 millis).
19:47:16.525 [Test worker] DEBUG o.s.w.c.RestTemplate - HTTP GET http://localhost:50345/SPR-16318
19:47:16.526 [Test worker] DEBUG o.s.w.c.RestTemplate - Accept=[text/plain, application/json, application/x-jackson-smile, application/*+json, */*]
19:47:16.529 [reactor-http-nio-4] DEBUG o.s.w.s.a.HttpWebHandlerAdapter - [33ba5c4e] HTTP GET "/SPR-16318"
19:47:16.530 [reactor-http-nio-4] DEBUG o.s.w.r.r.m.a.RequestMappingHandlerMapping - [33ba5c4e] Mapped to org.springframework.web.reactive.result.method.annotation.RequestMappingExceptionHandlingIntegrationTests$TestController#handleTextPlain()
19:47:16.531 [reactor-http-nio-4] DEBUG o.s.w.r.r.m.a.ResponseBodyResultHandler - Using 'text/plain' given [text/plain, application/problem+json] and supported [text/plain]
19:47:16.532 [reactor-http-nio-4] DEBUG o.s.w.r.r.m.a.ResponseBodyResultHandler - [33ba5c4e] 0..1 [java.lang.String]
19:47:16.532 [reactor-http-nio-4] DEBUG o.s.w.r.r.m.a.RequestMappingHandlerAdapter - [33ba5c4e] Using @ExceptionHandler org.springframework.web.reactive.result.method.annotation.RequestMappingExceptionHandlingIntegrationTests$TestController#handle(Spr16318Exception)
19:47:16.534 [reactor-http-nio-4] DEBUG o.s.w.r.r.m.a.ResponseEntityResultHandler - Using 'application/problem+json' given [text/plain, application/problem+json] and supported [application/json, application/*+json, application/x-jackson-smile, application/*+x-jackson-smile, text/event-stream]
19:47:16.534 [reactor-http-nio-4] DEBUG o.s.w.r.r.m.a.ResponseEntityResultHandler - [33ba5c4e] 0..1 [java.util.Map<java.lang.String, java.lang.String>]
19:47:16.534 [reactor-http-nio-4] DEBUG o.s.h.c.j.Jackson2JsonEncoder - [33ba5c4e] Encoding [{reason=error}]
19:47:16.539 [Test worker] DEBUG o.s.w.c.RestTemplate - Response 500 INTERNAL_SERVER_ERROR
19:47:16.542 [Test worker] DEBUG o.s.h.s.r.b.ReactorHttpServer - Stopping ReactorHttpServer...
19:47:16.542 [Test worker] DEBUG o.s.h.s.r.b.ReactorHttpServer - Server stopped (0 millis).
19:47:16.620 [Test worker] DEBUG o.s.w.r.r.m.a.RequestMappingHandlerMapping - 6 mappings in 'requestMappingHandlerMapping'
19:47:16.682 [Test worker] DEBUG o.s.w.r.r.m.a.ControllerMethodResolver - ControllerAdvice beans: none
19:47:16.760 [Test worker] DEBUG o.s.w.s.a.HttpWebHandlerAdapter - enableLoggingRequestDetails='false': form data and headers will be masked to prevent unsafe logging of potentially sensitive data
19:47:16.761 [Test worker] DEBUG o.s.h.s.r.b.ReactorHttpServer - Starting ReactorHttpServer...
19:47:16.762 [Test worker] DEBUG o.s.h.s.r.b.ReactorHttpServer - Server started on port 50347(0 millis).
19:47:16.762 [Test worker] DEBUG o.s.w.c.RestTemplate - HTTP GET http://localhost:50347/thrown-exception
19:47:16.763 [Test worker] DEBUG o.s.w.c.RestTemplate - Accept=[text/plain, application/json, application/x-jackson-smile, application/*+json, */*]
19:47:16.765 [reactor-http-nio-2] DEBUG o.s.w.s.a.HttpWebHandlerAdapter - [4d9f7827] HTTP GET "/thrown-exception"
19:47:16.766 [reactor-http-nio-2] DEBUG o.s.w.r.r.m.a.RequestMappingHandlerMapping - [4d9f7827] Mapped to org.springframework.web.reactive.result.method.annotation.RequestMappingExceptionHandlingIntegrationTests$TestController#handleAndThrowException()
19:47:16.767 [reactor-http-nio-2] DEBUG o.s.w.r.r.m.a.RequestMappingHandlerAdapter - [4d9f7827] Using @ExceptionHandler org.springframework.web.reactive.result.method.annotation.RequestMappingExceptionHandlingIntegrationTests$TestController#handleStateException(IllegalStateException)
19:47:16.768 [reactor-http-nio-2] DEBUG o.s.w.r.r.m.a.ResponseEntityResultHandler - Using 'text/plain;charset=UTF-8' given [text/plain, application/json, application/x-jackson-smile, application/*+json, */*] and supported [text/plain;charset=UTF-8, text/event-stream, text/plain;charset=UTF-8, */*]
19:47:16.768 [reactor-http-nio-2] DEBUG o.s.w.r.r.m.a.ResponseEntityResultHandler - [4d9f7827] 0..1 [java.lang.String]
19:47:16.768 [reactor-http-nio-2] DEBUG o.s.c.c.CharSequenceEncoder - [4d9f7827] Writing "Recovered from error: State"
19:47:16.770 [Test worker] DEBUG o.s.w.c.RestTemplate - Response 200 OK
19:47:16.771 [Test worker] DEBUG o.s.w.c.RestTemplate - Reading to [java.lang.String] as "text/plain;charset=UTF-8"
19:47:16.771 [Test worker] DEBUG o.s.h.s.r.b.ReactorHttpServer - Stopping ReactorHttpServer...
19:47:16.771 [Test worker] DEBUG o.s.h.s.r.b.ReactorHttpServer - Server stopped (0 millis).
19:47:16.869 [Test worker] DEBUG o.s.w.r.r.m.a.RequestMappingHandlerMapping - 6 mappings in 'requestMappingHandlerMapping'
19:47:16.917 [Test worker] DEBUG o.s.w.r.r.m.a.ControllerMethodResolver - ControllerAdvice beans: none
19:47:16.984 [Test worker] DEBUG o.s.w.s.a.HttpWebHandlerAdapter - enableLoggingRequestDetails='false': form data and headers will be masked to prevent unsafe logging of potentially sensitive data
19:47:16.984 [Test worker] DEBUG o.s.h.s.r.b.ReactorHttpServer - Starting ReactorHttpServer...
19:47:16.986 [Test worker] DEBUG o.s.h.s.r.b.ReactorHttpServer - Server started on port 50349(0 millis).
19:47:16.987 [Test worker] DEBUG o.s.w.c.RestTemplate - HTTP GET http://localhost:50349/SPR-16051
19:47:16.987 [Test worker] DEBUG o.s.w.c.RestTemplate - Accept=[text/plain, application/json, application/x-jackson-smile, application/*+json, */*]
19:47:16.989 [reactor-http-nio-4] DEBUG o.s.w.s.a.HttpWebHandlerAdapter - [f2b1fb48] HTTP GET "/SPR-16051"
19:47:16.990 [reactor-http-nio-4] DEBUG o.s.w.r.r.m.a.RequestMappingHandlerMapping - [f2b1fb48] Mapped to org.springframework.web.reactive.result.method.annotation.RequestMappingExceptionHandlingIntegrationTests$TestController#errors()
19:47:16.992 [reactor-http-nio-4] DEBUG o.s.w.r.r.m.a.ResponseBodyResultHandler - Using 'text/plain;charset=UTF-8' given [text/plain, application/json, application/x-jackson-smile, application/*+json, */*] and supported [text/plain;charset=UTF-8, text/event-stream, text/plain;charset=UTF-8, */*]
19:47:16.992 [reactor-http-nio-4] DEBUG o.s.w.r.r.m.a.ResponseBodyResultHandler - [f2b1fb48] 0..N [java.lang.String]
19:47:16.992 [reactor-http-nio-4] DEBUG o.s.c.c.CharSequenceEncoder - [f2b1fb48] Writing "1. foo bar"
19:47:16.994 [Test worker] DEBUG o.s.w.c.RestTemplate - Response 200 OK
19:47:16.995 [reactor-http-nio-4] DEBUG o.s.c.c.CharSequenceEncoder - [f2b1fb48] Writing "2. foo bar"
19:47:16.996 [reactor-http-nio-4] DEBUG o.s.c.c.CharSequenceEncoder - [f2b1fb48] Writing "3. foo bar"
19:47:16.997 [reactor-http-nio-4] DEBUG o.s.c.c.CharSequenceEncoder - [f2b1fb48] Writing "4. foo bar"
19:47:16.997 [reactor-http-nio-4] DEBUG o.s.c.c.CharSequenceEncoder - [f2b1fb48] Writing "5. foo bar"
19:47:16.998 [reactor-http-nio-4] DEBUG o.s.c.c.CharSequenceEncoder - [f2b1fb48] Writing "6. foo bar"
19:47:16.999 [reactor-http-nio-4] DEBUG o.s.c.c.CharSequenceEncoder - [f2b1fb48] Writing "7. foo bar"
19:47:17.000 [reactor-http-nio-4] DEBUG o.s.c.c.CharSequenceEncoder - [f2b1fb48] Writing "8. foo bar"
19:47:17.001 [reactor-http-nio-4] DEBUG o.s.c.c.CharSequenceEncoder - [f2b1fb48] Writing "9. foo bar"
19:47:17.002 [reactor-http-nio-4] DEBUG o.s.c.c.CharSequenceEncoder - [f2b1fb48] Writing "10. foo bar"
19:47:17.002 [reactor-http-nio-4] DEBUG o.s.c.c.CharSequenceEncoder - [f2b1fb48] Writing "11. foo bar"
19:47:17.003 [reactor-http-nio-4] DEBUG o.s.c.c.CharSequenceEncoder - [f2b1fb48] Writing "12. foo bar"
19:47:17.004 [reactor-http-nio-4] DEBUG o.s.c.c.CharSequenceEncoder - [f2b1fb48] Writing "13. foo bar"
19:47:17.004 [reactor-http-nio-4] DEBUG o.s.c.c.CharSequenceEncoder - [f2b1fb48] Writing "14. foo bar"
19:47:17.005 [reactor-http-nio-4] DEBUG o.s.c.c.CharSequenceEncoder - [f2b1fb48] Writing "15. foo bar"
19:47:17.006 [reactor-http-nio-4] DEBUG o.s.c.c.CharSequenceEncoder - [f2b1fb48] Writing "16. foo bar"
19:47:17.006 [reactor-http-nio-4] DEBUG o.s.c.c.CharSequenceEncoder - [f2b1fb48] Writing "17. foo bar"
19:47:17.007 [reactor-http-nio-4] DEBUG o.s.c.c.CharSequenceEncoder - [f2b1fb48] Writing "18. foo bar"
19:47:17.008 [reactor-http-nio-4] DEBUG o.s.c.c.CharSequenceEncoder - [f2b1fb48] Writing "19. foo bar"
19:47:17.008 [reactor-http-nio-4] DEBUG o.s.c.c.CharSequenceEncoder - [f2b1fb48] Writing "20. foo bar"
19:47:17.009 [reactor-http-nio-4] DEBUG o.s.c.c.CharSequenceEncoder - [f2b1fb48] Writing "21. foo bar"
19:47:17.010 [reactor-http-nio-4] DEBUG o.s.c.c.CharSequenceEncoder - [f2b1fb48] Writing "22. foo bar"
19:47:17.011 [reactor-http-nio-4] DEBUG o.s.c.c.CharSequenceEncoder - [f2b1fb48] Writing "23. foo bar"
19:47:17.013 [reactor-http-nio-4] DEBUG o.s.c.c.CharSequenceEncoder - [f2b1fb48] Writing "24. foo bar"
19:47:17.014 [reactor-http-nio-4] DEBUG o.s.c.c.CharSequenceEncoder - [f2b1fb48] Writing "25. foo bar"
19:47:17.014 [reactor-http-nio-4] DEBUG o.s.c.c.CharSequenceEncoder - [f2b1fb48] Writing "26. foo bar"
19:47:17.015 [reactor-http-nio-4] DEBUG o.s.c.c.CharSequenceEncoder - [f2b1fb48] Writing "27. foo bar"
19:47:17.016 [reactor-http-nio-4] DEBUG o.s.c.c.CharSequenceEncoder - [f2b1fb48] Writing "28. foo bar"
19:47:17.017 [reactor-http-nio-4] DEBUG o.s.c.c.CharSequenceEncoder - [f2b1fb48] Writing "29. foo bar"
19:47:17.017 [reactor-http-nio-4] DEBUG o.s.c.c.CharSequenceEncoder - [f2b1fb48] Writing "30. foo bar"
19:47:17.018 [reactor-http-nio-4] DEBUG o.s.c.c.CharSequenceEncoder - [f2b1fb48] Writing "31. foo bar"
19:47:17.019 [reactor-http-nio-4] DEBUG o.s.c.c.CharSequenceEncoder - [f2b1fb48] Writing "32. foo bar"
19:47:17.020 [reactor-http-nio-4] DEBUG o.s.c.c.CharSequenceEncoder - [f2b1fb48] Writing "33. foo bar"
19:47:17.021 [reactor-http-nio-4] DEBUG o.s.c.c.CharSequenceEncoder - [f2b1fb48] Writing "34. foo bar"
19:47:17.023 [reactor-http-nio-4] DEBUG o.s.c.c.CharSequenceEncoder - [f2b1fb48] Writing "35. foo bar"
19:47:17.024 [reactor-http-nio-4] DEBUG o.s.c.c.CharSequenceEncoder - [f2b1fb48] Writing "36. foo bar"
19:47:17.025 [reactor-http-nio-4] DEBUG o.s.c.c.CharSequenceEncoder - [f2b1fb48] Writing "37. foo bar"
19:47:17.026 [reactor-http-nio-4] DEBUG o.s.c.c.CharSequenceEncoder - [f2b1fb48] Writing "38. foo bar"
19:47:17.026 [reactor-http-nio-4] DEBUG o.s.c.c.CharSequenceEncoder - [f2b1fb48] Writing "39. foo bar"
19:47:17.027 [reactor-http-nio-4] DEBUG o.s.c.c.CharSequenceEncoder - [f2b1fb48] Writing "40. foo bar"
19:47:17.028 [reactor-http-nio-4] DEBUG o.s.c.c.CharSequenceEncoder - [f2b1fb48] Writing "41. foo bar"
19:47:17.028 [reactor-http-nio-4] DEBUG o.s.c.c.CharSequenceEncoder - [f2b1fb48] Writing "42. foo bar"
19:47:17.029 [reactor-http-nio-4] DEBUG o.s.c.c.CharSequenceEncoder - [f2b1fb48] Writing "43. foo bar"
19:47:17.030 [reactor-http-nio-4] DEBUG o.s.c.c.CharSequenceEncoder - [f2b1fb48] Writing "44. foo bar"
19:47:17.031 [reactor-http-nio-4] DEBUG o.s.c.c.CharSequenceEncoder - [f2b1fb48] Writing "45. foo bar"
19:47:17.032 [reactor-http-nio-4] DEBUG o.s.c.c.CharSequenceEncoder - [f2b1fb48] Writing "46. foo bar"
19:47:17.033 [reactor-http-nio-4] DEBUG o.s.c.c.CharSequenceEncoder - [f2b1fb48] Writing "47. foo bar"
19:47:17.034 [reactor-http-nio-4] DEBUG o.s.c.c.CharSequenceEncoder - [f2b1fb48] Writing "48. foo bar"
19:47:17.035 [reactor-http-nio-4] DEBUG o.s.c.c.CharSequenceEncoder - [f2b1fb48] Writing "49. foo bar"
19:47:17.035 [reactor-http-nio-4] DEBUG o.s.c.c.CharSequenceEncoder - [f2b1fb48] Writing "50. foo bar"
19:47:17.036 [reactor-http-nio-4] DEBUG o.s.c.c.CharSequenceEncoder - [f2b1fb48] Writing "51. foo bar"
19:47:17.037 [reactor-http-nio-4] DEBUG o.s.c.c.CharSequenceEncoder - [f2b1fb48] Writing "52. foo bar"
19:47:17.038 [reactor-http-nio-4] DEBUG o.s.c.c.CharSequenceEncoder - [f2b1fb48] Writing "53. foo bar"
19:47:17.038 [reactor-http-nio-4] DEBUG o.s.c.c.CharSequenceEncoder - [f2b1fb48] Writing "54. foo bar"
19:47:17.039 [reactor-http-nio-4] DEBUG o.s.c.c.CharSequenceEncoder - [f2b1fb48] Writing "55. foo bar"
19:47:17.040 [reactor-http-nio-4] DEBUG o.s.c.c.CharSequenceEncoder - [f2b1fb48] Writing "56. foo bar"
19:47:17.040 [reactor-http-nio-4] DEBUG o.s.c.c.CharSequenceEncoder - [f2b1fb48] Writing "57. foo bar"
19:47:17.041 [reactor-http-nio-4] DEBUG o.s.c.c.CharSequenceEncoder - [f2b1fb48] Writing "58. foo bar"
19:47:17.042 [reactor-http-nio-4] DEBUG o.s.c.c.CharSequenceEncoder - [f2b1fb48] Writing "59. foo bar"
19:47:17.043 [reactor-http-nio-4] DEBUG o.s.c.c.CharSequenceEncoder - [f2b1fb48] Writing "60. foo bar"
19:47:17.044 [reactor-http-nio-4] DEBUG o.s.c.c.CharSequenceEncoder - [f2b1fb48] Writing "61. foo bar"
19:47:17.045 [reactor-http-nio-4] DEBUG o.s.c.c.CharSequenceEncoder - [f2b1fb48] Writing "62. foo bar"
19:47:17.045 [reactor-http-nio-4] DEBUG o.s.c.c.CharSequenceEncoder - [f2b1fb48] Writing "63. foo bar"
19:47:17.046 [reactor-http-nio-4] DEBUG o.s.c.c.CharSequenceEncoder - [f2b1fb48] Writing "64. foo bar"
19:47:17.047 [reactor-http-nio-4] DEBUG o.s.c.c.CharSequenceEncoder - [f2b1fb48] Writing "65. foo bar"
19:47:17.048 [reactor-http-nio-4] DEBUG o.s.c.c.CharSequenceEncoder - [f2b1fb48] Writing "66. foo bar"
19:47:17.048 [reactor-http-nio-4] DEBUG o.s.c.c.CharSequenceEncoder - [f2b1fb48] Writing "67. foo bar"
19:47:17.049 [reactor-http-nio-4] DEBUG o.s.c.c.CharSequenceEncoder - [f2b1fb48] Writing "68. foo bar"
19:47:17.050 [reactor-http-nio-4] DEBUG o.s.c.c.CharSequenceEncoder - [f2b1fb48] Writing "69. foo bar"
19:47:17.051 [reactor-http-nio-4] DEBUG o.s.c.c.CharSequenceEncoder - [f2b1fb48] Writing "70. foo bar"
19:47:17.052 [reactor-http-nio-4] DEBUG o.s.c.c.CharSequenceEncoder - [f2b1fb48] Writing "71. foo bar"
19:47:17.053 [reactor-http-nio-4] DEBUG o.s.c.c.CharSequenceEncoder - [f2b1fb48] Writing "72. foo bar"
19:47:17.054 [reactor-http-nio-4] DEBUG o.s.c.c.CharSequenceEncoder - [f2b1fb48] Writing "73. foo bar"
19:47:17.055 [reactor-http-nio-4] DEBUG o.s.c.c.CharSequenceEncoder - [f2b1fb48] Writing "74. foo bar"
19:47:17.056 [reactor-http-nio-4] DEBUG o.s.c.c.CharSequenceEncoder - [f2b1fb48] Writing "75. foo bar"
19:47:17.056 [reactor-http-nio-4] DEBUG o.s.c.c.CharSequenceEncoder - [f2b1fb48] Writing "76. foo bar"
19:47:17.057 [reactor-http-nio-4] DEBUG o.s.c.c.CharSequenceEncoder - [f2b1fb48] Writing "77. foo bar"
19:47:17.058 [reactor-http-nio-4] DEBUG o.s.c.c.CharSequenceEncoder - [f2b1fb48] Writing "78. foo bar"
19:47:17.059 [reactor-http-nio-4] DEBUG o.s.c.c.CharSequenceEncoder - [f2b1fb48] Writing "79. foo bar"
19:47:17.060 [reactor-http-nio-4] DEBUG o.s.c.c.CharSequenceEncoder - [f2b1fb48] Writing "80. foo bar"
19:47:17.060 [reactor-http-nio-4] DEBUG o.s.c.c.CharSequenceEncoder - [f2b1fb48] Writing "81. foo bar"
19:47:17.061 [reactor-http-nio-4] DEBUG o.s.c.c.CharSequenceEncoder - [f2b1fb48] Writing "82. foo bar"
19:47:17.061 [reactor-http-nio-4] DEBUG o.s.c.c.CharSequenceEncoder - [f2b1fb48] Writing "83. foo bar"
19:47:17.062 [reactor-http-nio-4] DEBUG o.s.c.c.CharSequenceEncoder - [f2b1fb48] Writing "84. foo bar"
19:47:17.063 [reactor-http-nio-4] DEBUG o.s.c.c.CharSequenceEncoder - [f2b1fb48] Writing "85. foo bar"
19:47:17.064 [reactor-http-nio-4] DEBUG o.s.c.c.CharSequenceEncoder - [f2b1fb48] Writing "86. foo bar"
19:47:17.064 [reactor-http-nio-4] DEBUG o.s.c.c.CharSequenceEncoder - [f2b1fb48] Writing "87. foo bar"
19:47:17.065 [reactor-http-nio-4] DEBUG o.s.c.c.CharSequenceEncoder - [f2b1fb48] Writing "88. foo bar"
19:47:17.066 [reactor-http-nio-4] DEBUG o.s.c.c.CharSequenceEncoder - [f2b1fb48] Writing "89. foo bar"
19:47:17.067 [reactor-http-nio-4] DEBUG o.s.c.c.CharSequenceEncoder - [f2b1fb48] Writing "90. foo bar"
19:47:17.067 [reactor-http-nio-4] DEBUG o.s.c.c.CharSequenceEncoder - [f2b1fb48] Writing "91. foo bar"
19:47:17.068 [reactor-http-nio-4] DEBUG o.s.c.c.CharSequenceEncoder - [f2b1fb48] Writing "92. foo bar"
19:47:17.069 [reactor-http-nio-4] DEBUG o.s.c.c.CharSequenceEncoder - [f2b1fb48] Writing "93. foo bar"
19:47:17.070 [reactor-http-nio-4] DEBUG o.s.c.c.CharSequenceEncoder - [f2b1fb48] Writing "94. foo bar"
19:47:17.070 [reactor-http-nio-4] DEBUG o.s.c.c.CharSequenceEncoder - [f2b1fb48] Writing "95. foo bar"
19:47:17.071 [reactor-http-nio-4] DEBUG o.s.c.c.CharSequenceEncoder - [f2b1fb48] Writing "96. foo bar"
19:47:17.072 [reactor-http-nio-4] DEBUG o.s.c.c.CharSequenceEncoder - [f2b1fb48] Writing "97. foo bar"
19:47:17.072 [reactor-http-nio-4] DEBUG o.s.c.c.CharSequenceEncoder - [f2b1fb48] Writing "98. foo bar"
19:47:17.073 [reactor-http-nio-4] DEBUG o.s.c.c.CharSequenceEncoder - [f2b1fb48] Writing "99. foo bar"
19:47:17.074 [reactor-http-nio-4] DEBUG o.s.c.c.CharSequenceEncoder - [f2b1fb48] Writing "100. foo bar"
19:47:17.074 [reactor-http-nio-4] DEBUG o.s.c.c.CharSequenceEncoder - [f2b1fb48] Writing "101. foo bar"
19:47:17.075 [reactor-http-nio-4] DEBUG o.s.c.c.CharSequenceEncoder - [f2b1fb48] Writing "102. foo bar"
19:47:17.076 [reactor-http-nio-4] DEBUG o.s.c.c.CharSequenceEncoder - [f2b1fb48] Writing "103. foo bar"
19:47:17.076 [reactor-http-nio-4] DEBUG o.s.c.c.CharSequenceEncoder - [f2b1fb48] Writing "104. foo bar"
19:47:17.077 [reactor-http-nio-4] DEBUG o.s.c.c.CharSequenceEncoder - [f2b1fb48] Writing "105. foo bar"
19:47:17.077 [reactor-http-nio-4] DEBUG o.s.c.c.CharSequenceEncoder - [f2b1fb48] Writing "106. foo bar"
19:47:17.078 [reactor-http-nio-4] DEBUG o.s.c.c.CharSequenceEncoder - [f2b1fb48] Writing "107. foo bar"
19:47:17.079 [reactor-http-nio-4] DEBUG o.s.c.c.CharSequenceEncoder - [f2b1fb48] Writing "108. foo bar"
19:47:17.080 [reactor-http-nio-4] DEBUG o.s.c.c.CharSequenceEncoder - [f2b1fb48] Writing "109. foo bar"
19:47:17.081 [reactor-http-nio-4] DEBUG o.s.c.c.CharSequenceEncoder - [f2b1fb48] Writing "110. foo bar"
19:47:17.081 [reactor-http-nio-4] DEBUG o.s.c.c.CharSequenceEncoder - [f2b1fb48] Writing "111. foo bar"
19:47:17.082 [reactor-http-nio-4] DEBUG o.s.c.c.CharSequenceEncoder - [f2b1fb48] Writing "112. foo bar"
19:47:17.082 [reactor-http-nio-4] DEBUG o.s.c.c.CharSequenceEncoder - [f2b1fb48] Writing "113. foo bar"
19:47:17.083 [reactor-http-nio-4] DEBUG o.s.c.c.CharSequenceEncoder - [f2b1fb48] Writing "114. foo bar"
19:47:17.083 [reactor-http-nio-4] DEBUG o.s.c.c.CharSequenceEncoder - [f2b1fb48] Writing "115. foo bar"
19:47:17.084 [reactor-http-nio-4] DEBUG o.s.c.c.CharSequenceEncoder - [f2b1fb48] Writing "116. foo bar"
19:47:17.084 [reactor-http-nio-4] DEBUG o.s.c.c.CharSequenceEncoder - [f2b1fb48] Writing "117. foo bar"
19:47:17.085 [reactor-http-nio-4] DEBUG o.s.c.c.CharSequenceEncoder - [f2b1fb48] Writing "118. foo bar"
19:47:17.086 [reactor-http-nio-4] DEBUG o.s.c.c.CharSequenceEncoder - [f2b1fb48] Writing "119. foo bar"
19:47:17.086 [reactor-http-nio-4] DEBUG o.s.c.c.CharSequenceEncoder - [f2b1fb48] Writing "120. foo bar"
19:47:17.087 [reactor-http-nio-4] DEBUG o.s.c.c.CharSequenceEncoder - [f2b1fb48] Writing "121. foo bar"
19:47:17.088 [reactor-http-nio-4] DEBUG o.s.c.c.CharSequenceEncoder - [f2b1fb48] Writing "122. foo bar"
19:47:17.088 [reactor-http-nio-4] DEBUG o.s.c.c.CharSequenceEncoder - [f2b1fb48] Writing "123. foo bar"
19:47:17.090 [reactor-http-nio-4] DEBUG o.s.c.c.CharSequenceEncoder - [f2b1fb48] Writing "124. foo bar"
19:47:17.090 [reactor-http-nio-4] DEBUG o.s.c.c.CharSequenceEncoder - [f2b1fb48] Writing "125. foo bar"
19:47:17.091 [reactor-http-nio-4] DEBUG o.s.c.c.CharSequenceEncoder - [f2b1fb48] Writing "126. foo bar"
19:47:17.092 [reactor-http-nio-4] DEBUG o.s.c.c.CharSequenceEncoder - [f2b1fb48] Writing "127. foo bar"
19:47:17.093 [reactor-http-nio-4] DEBUG o.s.c.c.CharSequenceEncoder - [f2b1fb48] Writing "128. foo bar"
19:47:17.101 [Test worker] DEBUG o.s.w.c.RestTemplate - Reading to [java.lang.String] as "text/plain;charset=UTF-8"
19:47:17.105 [reactor-http-nio-4] DEBUG o.s.c.c.CharSequenceEncoder - [f2b1fb48] Writing "129. foo bar"
19:47:17.106 [reactor-http-nio-4] DEBUG o.s.c.c.CharSequenceEncoder - [f2b1fb48] Writing "130. foo bar"
19:47:17.106 [reactor-http-nio-4] DEBUG o.s.c.c.CharSequenceEncoder - [f2b1fb48] Writing "131. foo bar"
19:47:17.106 [reactor-http-nio-4] DEBUG o.s.c.c.CharSequenceEncoder - [f2b1fb48] Writing "132. foo bar"
19:47:17.106 [reactor-http-nio-4] DEBUG o.s.c.c.CharSequenceEncoder - [f2b1fb48] Writing "133. foo bar"
19:47:17.106 [reactor-http-nio-4] DEBUG o.s.c.c.CharSequenceEncoder - [f2b1fb48] Writing "134. foo bar"
19:47:17.106 [reactor-http-nio-4] DEBUG o.s.c.c.CharSequenceEncoder - [f2b1fb48] Writing "135. foo bar"
19:47:17.106 [reactor-http-nio-4] DEBUG o.s.c.c.CharSequenceEncoder - [f2b1fb48] Writing "136. foo bar"
19:47:17.106 [reactor-http-nio-4] DEBUG o.s.c.c.CharSequenceEncoder - [f2b1fb48] Writing "137. foo bar"
19:47:17.106 [reactor-http-nio-4] DEBUG o.s.c.c.CharSequenceEncoder - [f2b1fb48] Writing "138. foo bar"
19:47:17.106 [reactor-http-nio-4] DEBUG o.s.c.c.CharSequenceEncoder - [f2b1fb48] Writing "139. foo bar"
19:47:17.106 [reactor-http-nio-4] DEBUG o.s.c.c.CharSequenceEncoder - [f2b1fb48] Writing "140. foo bar"
19:47:17.107 [reactor-http-nio-4] DEBUG o.s.c.c.CharSequenceEncoder - [f2b1fb48] Writing "141. foo bar"
19:47:17.107 [reactor-http-nio-4] DEBUG o.s.c.c.CharSequenceEncoder - [f2b1fb48] Writing "142. foo bar"
19:47:17.107 [reactor-http-nio-4] DEBUG o.s.c.c.CharSequenceEncoder - [f2b1fb48] Writing "143. foo bar"
19:47:17.107 [reactor-http-nio-4] DEBUG o.s.c.c.CharSequenceEncoder - [f2b1fb48] Writing "144. foo bar"
19:47:17.107 [reactor-http-nio-4] DEBUG o.s.c.c.CharSequenceEncoder - [f2b1fb48] Writing "145. foo bar"
19:47:17.107 [reactor-http-nio-4] DEBUG o.s.c.c.CharSequenceEncoder - [f2b1fb48] Writing "146. foo bar"
19:47:17.107 [reactor-http-nio-4] DEBUG o.s.c.c.CharSequenceEncoder - [f2b1fb48] Writing "147. foo bar"
19:47:17.107 [reactor-http-nio-4] DEBUG o.s.c.c.CharSequenceEncoder - [f2b1fb48] Writing "148. foo bar"
19:47:17.107 [reactor-http-nio-4] DEBUG o.s.c.c.CharSequenceEncoder - [f2b1fb48] Writing "149. foo bar"
19:47:17.107 [reactor-http-nio-4] DEBUG o.s.c.c.CharSequenceEncoder - [f2b1fb48] Writing "150. foo bar"
19:47:17.108 [reactor-http-nio-4] DEBUG o.s.c.c.CharSequenceEncoder - [f2b1fb48] Writing "151. foo bar"
19:47:17.108 [reactor-http-nio-4] DEBUG o.s.c.c.CharSequenceEncoder - [f2b1fb48] Writing "152. foo bar"
19:47:17.108 [reactor-http-nio-4] DEBUG o.s.c.c.CharSequenceEncoder - [f2b1fb48] Writing "153. foo bar"
19:47:17.108 [reactor-http-nio-4] DEBUG o.s.c.c.CharSequenceEncoder - [f2b1fb48] Writing "154. foo bar"
19:47:17.108 [reactor-http-nio-4] DEBUG o.s.c.c.CharSequenceEncoder - [f2b1fb48] Writing "155. foo bar"
19:47:17.108 [reactor-http-nio-4] DEBUG o.s.c.c.CharSequenceEncoder - [f2b1fb48] Writing "156. foo bar"
19:47:17.108 [reactor-http-nio-4] DEBUG o.s.c.c.CharSequenceEncoder - [f2b1fb48] Writing "157. foo bar"
19:47:17.108 [reactor-http-nio-4] DEBUG o.s.c.c.CharSequenceEncoder - [f2b1fb48] Writing "158. foo bar"
19:47:17.108 [reactor-http-nio-4] DEBUG o.s.c.c.CharSequenceEncoder - [f2b1fb48] Writing "159. foo bar"
19:47:17.108 [reactor-http-nio-4] DEBUG o.s.c.c.CharSequenceEncoder - [f2b1fb48] Writing "160. foo bar"
19:47:17.108 [reactor-http-nio-4] DEBUG o.s.c.c.CharSequenceEncoder - [f2b1fb48] Writing "161. foo bar"
19:47:17.108 [reactor-http-nio-4] DEBUG o.s.c.c.CharSequenceEncoder - [f2b1fb48] Writing "162. foo bar"
19:47:17.108 [reactor-http-nio-4] DEBUG o.s.c.c.CharSequenceEncoder - [f2b1fb48] Writing "163. foo bar"
19:47:17.109 [reactor-http-nio-4] DEBUG o.s.c.c.CharSequenceEncoder - [f2b1fb48] Writing "164. foo bar"
19:47:17.109 [reactor-http-nio-4] DEBUG o.s.c.c.CharSequenceEncoder - [f2b1fb48] Writing "165. foo bar"
19:47:17.109 [reactor-http-nio-4] DEBUG o.s.c.c.CharSequenceEncoder - [f2b1fb48] Writing "166. foo bar"
19:47:17.109 [reactor-http-nio-4] DEBUG o.s.c.c.CharSequenceEncoder - [f2b1fb48] Writing "167. foo bar"
19:47:17.109 [reactor-http-nio-4] DEBUG o.s.c.c.CharSequenceEncoder - [f2b1fb48] Writing "168. foo bar"
19:47:17.109 [reactor-http-nio-4] DEBUG o.s.c.c.CharSequenceEncoder - [f2b1fb48] Writing "169. foo bar"
19:47:17.109 [reactor-http-nio-4] DEBUG o.s.c.c.CharSequenceEncoder - [f2b1fb48] Writing "170. foo bar"
19:47:17.109 [reactor-http-nio-4] DEBUG o.s.c.c.CharSequenceEncoder - [f2b1fb48] Writing "171. foo bar"
19:47:17.109 [reactor-http-nio-4] DEBUG o.s.c.c.CharSequenceEncoder - [f2b1fb48] Writing "172. foo bar"
19:47:17.109 [reactor-http-nio-4] DEBUG o.s.c.c.CharSequenceEncoder - [f2b1fb48] Writing "173. foo bar"
19:47:17.109 [reactor-http-nio-4] DEBUG o.s.c.c.CharSequenceEncoder - [f2b1fb48] Writing "174. foo bar"
19:47:17.109 [reactor-http-nio-4] DEBUG o.s.c.c.CharSequenceEncoder - [f2b1fb48] Writing "175. foo bar"
19:47:17.109 [reactor-http-nio-4] DEBUG o.s.c.c.CharSequenceEncoder - [f2b1fb48] Writing "176. foo bar"
19:47:17.110 [reactor-http-nio-4] DEBUG o.s.c.c.CharSequenceEncoder - [f2b1fb48] Writing "177. foo bar"
19:47:17.110 [reactor-http-nio-4] DEBUG o.s.c.c.CharSequenceEncoder - [f2b1fb48] Writing "178. foo bar"
19:47:17.110 [reactor-http-nio-4] DEBUG o.s.c.c.CharSequenceEncoder - [f2b1fb48] Writing "179. foo bar"
19:47:17.110 [reactor-http-nio-4] DEBUG o.s.c.c.CharSequenceEncoder - [f2b1fb48] Writing "180. foo bar"
19:47:17.110 [reactor-http-nio-4] DEBUG o.s.c.c.CharSequenceEncoder - [f2b1fb48] Writing "181. foo bar"
19:47:17.110 [reactor-http-nio-4] DEBUG o.s.c.c.CharSequenceEncoder - [f2b1fb48] Writing "182. foo bar"
19:47:17.110 [reactor-http-nio-4] DEBUG o.s.c.c.CharSequenceEncoder - [f2b1fb48] Writing "183. foo bar"
19:47:17.110 [reactor-http-nio-4] DEBUG o.s.c.c.CharSequenceEncoder - [f2b1fb48] Writing "184. foo bar"
19:47:17.110 [reactor-http-nio-4] DEBUG o.s.c.c.CharSequenceEncoder - [f2b1fb48] Writing "185. foo bar"
19:47:17.110 [reactor-http-nio-4] DEBUG o.s.c.c.CharSequenceEncoder - [f2b1fb48] Writing "186. foo bar"
19:47:17.110 [reactor-http-nio-4] DEBUG o.s.c.c.CharSequenceEncoder - [f2b1fb48] Writing "187. foo bar"
19:47:17.110 [reactor-http-nio-4] DEBUG o.s.c.c.CharSequenceEncoder - [f2b1fb48] Writing "188. foo bar"
19:47:17.110 [reactor-http-nio-4] DEBUG o.s.c.c.CharSequenceEncoder - [f2b1fb48] Writing "189. foo bar"
19:47:17.110 [reactor-http-nio-4] DEBUG o.s.c.c.CharSequenceEncoder - [f2b1fb48] Writing "190. foo bar"
19:47:17.111 [reactor-http-nio-4] DEBUG o.s.c.c.CharSequenceEncoder - [f2b1fb48] Writing "191. foo bar"
19:47:17.111 [reactor-http-nio-4] DEBUG o.s.c.c.CharSequenceEncoder - [f2b1fb48] Writing "192. foo bar"
19:47:17.126 [reactor-http-nio-4] DEBUG o.s.c.c.CharSequenceEncoder - [f2b1fb48] Writing "193. foo bar"
19:47:17.127 [reactor-http-nio-4] DEBUG o.s.c.c.CharSequenceEncoder - [f2b1fb48] Writing "194. foo bar"
19:47:17.127 [reactor-http-nio-4] DEBUG o.s.c.c.CharSequenceEncoder - [f2b1fb48] Writing "195. foo bar"
19:47:17.127 [reactor-http-nio-4] DEBUG o.s.c.c.CharSequenceEncoder - [f2b1fb48] Writing "196. foo bar"
19:47:17.127 [reactor-http-nio-4] DEBUG o.s.c.c.CharSequenceEncoder - [f2b1fb48] Writing "197. foo bar"
19:47:17.127 [reactor-http-nio-4] DEBUG o.s.c.c.CharSequenceEncoder - [f2b1fb48] Writing "198. foo bar"
19:47:17.127 [reactor-http-nio-4] DEBUG o.s.c.c.CharSequenceEncoder - [f2b1fb48] Writing "199. foo bar"
19:47:17.127 [reactor-http-nio-4] DEBUG o.s.c.c.CharSequenceEncoder - [f2b1fb48] Writing "200. foo bar"
19:47:17.127 [reactor-http-nio-4] DEBUG o.s.c.c.CharSequenceEncoder - [f2b1fb48] Writing "201. foo bar"
19:47:17.127 [reactor-http-nio-4] DEBUG o.s.c.c.CharSequenceEncoder - [f2b1fb48] Writing "202. foo bar"
19:47:17.127 [reactor-http-nio-4] DEBUG o.s.c.c.CharSequenceEncoder - [f2b1fb48] Writing "203. foo bar"
19:47:17.127 [reactor-http-nio-4] DEBUG o.s.c.c.CharSequenceEncoder - [f2b1fb48] Writing "204. foo bar"
19:47:17.127 [reactor-http-nio-4] DEBUG o.s.c.c.CharSequenceEncoder - [f2b1fb48] Writing "205. foo bar"
19:47:17.127 [reactor-http-nio-4] DEBUG o.s.c.c.CharSequenceEncoder - [f2b1fb48] Writing "206. foo bar"
19:47:17.128 [reactor-http-nio-4] DEBUG o.s.c.c.CharSequenceEncoder - [f2b1fb48] Writing "207. foo bar"
19:47:17.128 [reactor-http-nio-4] DEBUG o.s.c.c.CharSequenceEncoder - [f2b1fb48] Writing "208. foo bar"
19:47:17.128 [reactor-http-nio-4] DEBUG o.s.c.c.CharSequenceEncoder - [f2b1fb48] Writing "209. foo bar"
19:47:17.128 [reactor-http-nio-4] DEBUG o.s.c.c.CharSequenceEncoder - [f2b1fb48] Writing "210. foo bar"
19:47:17.128 [reactor-http-nio-4] DEBUG o.s.c.c.CharSequenceEncoder - [f2b1fb48] Writing "211. foo bar"
19:47:17.128 [reactor-http-nio-4] DEBUG o.s.c.c.CharSequenceEncoder - [f2b1fb48] Writing "212. foo bar"
19:47:17.128 [reactor-http-nio-4] DEBUG o.s.c.c.CharSequenceEncoder - [f2b1fb48] Writing "213. foo bar"
19:47:17.128 [reactor-http-nio-4] DEBUG o.s.c.c.CharSequenceEncoder - [f2b1fb48] Writing "214. foo bar"
19:47:17.128 [reactor-http-nio-4] DEBUG o.s.c.c.CharSequenceEncoder - [f2b1fb48] Writing "215. foo bar"
19:47:17.128 [reactor-http-nio-4] DEBUG o.s.c.c.CharSequenceEncoder - [f2b1fb48] Writing "216. foo bar"
19:47:17.128 [reactor-http-nio-4] DEBUG o.s.c.c.CharSequenceEncoder - [f2b1fb48] Writing "217. foo bar"
19:47:17.128 [reactor-http-nio-4] DEBUG o.s.c.c.CharSequenceEncoder - [f2b1fb48] Writing "218. foo bar"
19:47:17.128 [reactor-http-nio-4] DEBUG o.s.c.c.CharSequenceEncoder - [f2b1fb48] Writing "219. foo bar"
19:47:17.128 [reactor-http-nio-4] DEBUG o.s.c.c.CharSequenceEncoder - [f2b1fb48] Writing "220. foo bar"
19:47:17.128 [reactor-http-nio-4] DEBUG o.s.c.c.CharSequenceEncoder - [f2b1fb48] Writing "221. foo bar"
19:47:17.129 [reactor-http-nio-4] DEBUG o.s.c.c.CharSequenceEncoder - [f2b1fb48] Writing "222. foo bar"
19:47:17.129 [reactor-http-nio-4] DEBUG o.s.c.c.CharSequenceEncoder - [f2b1fb48] Writing "223. foo bar"
19:47:17.129 [reactor-http-nio-4] DEBUG o.s.c.c.CharSequenceEncoder - [f2b1fb48] Writing "224. foo bar"
19:47:17.129 [reactor-http-nio-4] DEBUG o.s.c.c.CharSequenceEncoder - [f2b1fb48] Writing "225. foo bar"
19:47:17.129 [reactor-http-nio-4] DEBUG o.s.c.c.CharSequenceEncoder - [f2b1fb48] Writing "226. foo bar"
19:47:17.129 [reactor-http-nio-4] DEBUG o.s.c.c.CharSequenceEncoder - [f2b1fb48] Writing "227. foo bar"
19:47:17.130 [reactor-http-nio-4] DEBUG o.s.c.c.CharSequenceEncoder - [f2b1fb48] Writing "228. foo bar"
19:47:17.130 [reactor-http-nio-4] DEBUG o.s.c.c.CharSequenceEncoder - [f2b1fb48] Writing "229. foo bar"
19:47:17.130 [reactor-http-nio-4] DEBUG o.s.c.c.CharSequenceEncoder - [f2b1fb48] Writing "230. foo bar"
19:47:17.130 [reactor-http-nio-4] DEBUG o.s.c.c.CharSequenceEncoder - [f2b1fb48] Writing "231. foo bar"
19:47:17.130 [reactor-http-nio-4] DEBUG o.s.c.c.CharSequenceEncoder - [f2b1fb48] Writing "232. foo bar"
19:47:17.130 [reactor-http-nio-4] DEBUG o.s.c.c.CharSequenceEncoder - [f2b1fb48] Writing "233. foo bar"
19:47:17.130 [reactor-http-nio-4] DEBUG o.s.c.c.CharSequenceEncoder - [f2b1fb48] Writing "234. foo bar"
19:47:17.130 [reactor-http-nio-4] DEBUG o.s.c.c.CharSequenceEncoder - [f2b1fb48] Writing "235. foo bar"
19:47:17.130 [reactor-http-nio-4] DEBUG o.s.c.c.CharSequenceEncoder - [f2b1fb48] Writing "236. foo bar"
19:47:17.130 [reactor-http-nio-4] DEBUG o.s.c.c.CharSequenceEncoder - [f2b1fb48] Writing "237. foo bar"
19:47:17.130 [reactor-http-nio-4] DEBUG o.s.c.c.CharSequenceEncoder - [f2b1fb48] Writing "238. foo bar"
19:47:17.130 [reactor-http-nio-4] DEBUG o.s.c.c.CharSequenceEncoder - [f2b1fb48] Writing "239. foo bar"
19:47:17.130 [reactor-http-nio-4] DEBUG o.s.c.c.CharSequenceEncoder - [f2b1fb48] Writing "240. foo bar"
19:47:17.130 [reactor-http-nio-4] DEBUG o.s.c.c.CharSequenceEncoder - [f2b1fb48] Writing "241. foo bar"
19:47:17.130 [reactor-http-nio-4] DEBUG o.s.c.c.CharSequenceEncoder - [f2b1fb48] Writing "242. foo bar"
19:47:17.130 [reactor-http-nio-4] DEBUG o.s.c.c.CharSequenceEncoder - [f2b1fb48] Writing "243. foo bar"
19:47:17.130 [reactor-http-nio-4] DEBUG o.s.c.c.CharSequenceEncoder - [f2b1fb48] Writing "244. foo bar"
19:47:17.130 [reactor-http-nio-4] DEBUG o.s.c.c.CharSequenceEncoder - [f2b1fb48] Writing "245. foo bar"
19:47:17.130 [reactor-http-nio-4] DEBUG o.s.c.c.CharSequenceEncoder - [f2b1fb48] Writing "246. foo bar"
19:47:17.131 [reactor-http-nio-4] DEBUG o.s.c.c.CharSequenceEncoder - [f2b1fb48] Writing "247. foo bar"
19:47:17.131 [reactor-http-nio-4] DEBUG o.s.c.c.CharSequenceEncoder - [f2b1fb48] Writing "248. foo bar"
19:47:17.131 [reactor-http-nio-4] DEBUG o.s.c.c.CharSequenceEncoder - [f2b1fb48] Writing "249. foo bar"
19:47:17.131 [reactor-http-nio-4] DEBUG o.s.c.c.CharSequenceEncoder - [f2b1fb48] Writing "250. foo bar"
19:47:17.131 [reactor-http-nio-4] DEBUG o.s.c.c.CharSequenceEncoder - [f2b1fb48] Writing "251. foo bar"
19:47:17.131 [reactor-http-nio-4] DEBUG o.s.c.c.CharSequenceEncoder - [f2b1fb48] Writing "252. foo bar"
19:47:17.131 [reactor-http-nio-4] DEBUG o.s.c.c.CharSequenceEncoder - [f2b1fb48] Writing "253. foo bar"
19:47:17.131 [reactor-http-nio-4] DEBUG o.s.c.c.CharSequenceEncoder - [f2b1fb48] Writing "254. foo bar"
19:47:17.131 [reactor-http-nio-4] DEBUG o.s.c.c.CharSequenceEncoder - [f2b1fb48] Writing "255. foo bar"
19:47:17.131 [reactor-http-nio-4] DEBUG o.s.c.c.CharSequenceEncoder - [f2b1fb48] Writing "256. foo bar"
19:47:17.153 [reactor-http-nio-4] DEBUG o.s.c.c.CharSequenceEncoder - [f2b1fb48] Writing "257. foo bar"
19:47:17.153 [reactor-http-nio-4] DEBUG o.s.c.c.CharSequenceEncoder - [f2b1fb48] Writing "258. foo bar"
19:47:17.153 [reactor-http-nio-4] DEBUG o.s.c.c.CharSequenceEncoder - [f2b1fb48] Writing "259. foo bar"
19:47:17.153 [reactor-http-nio-4] DEBUG o.s.c.c.CharSequenceEncoder - [f2b1fb48] Writing "260. foo bar"
19:47:17.153 [reactor-http-nio-4] DEBUG o.s.c.c.CharSequenceEncoder - [f2b1fb48] Writing "261. foo bar"
19:47:17.153 [reactor-http-nio-4] DEBUG o.s.c.c.CharSequenceEncoder - [f2b1fb48] Writing "262. foo bar"
19:47:17.153 [reactor-http-nio-4] DEBUG o.s.c.c.CharSequenceEncoder - [f2b1fb48] Writing "263. foo bar"
19:47:17.153 [reactor-http-nio-4] DEBUG o.s.c.c.CharSequenceEncoder - [f2b1fb48] Writing "264. foo bar"
19:47:17.154 [reactor-http-nio-4] DEBUG o.s.c.c.CharSequenceEncoder - [f2b1fb48] Writing "265. foo bar"
19:47:17.154 [reactor-http-nio-4] DEBUG o.s.c.c.CharSequenceEncoder - [f2b1fb48] Writing "266. foo bar"
19:47:17.154 [reactor-http-nio-4] DEBUG o.s.c.c.CharSequenceEncoder - [f2b1fb48] Writing "267. foo bar"
19:47:17.154 [reactor-http-nio-4] DEBUG o.s.c.c.CharSequenceEncoder - [f2b1fb48] Writing "268. foo bar"
19:47:17.154 [reactor-http-nio-4] DEBUG o.s.c.c.CharSequenceEncoder - [f2b1fb48] Writing "269. foo bar"
19:47:17.154 [reactor-http-nio-4] DEBUG o.s.c.c.CharSequenceEncoder - [f2b1fb48] Writing "270. foo bar"
19:47:17.154 [reactor-http-nio-4] DEBUG o.s.c.c.CharSequenceEncoder - [f2b1fb48] Writing "271. foo bar"
19:47:17.154 [reactor-http-nio-4] DEBUG o.s.c.c.CharSequenceEncoder - [f2b1fb48] Writing "272. foo bar"
19:47:17.154 [reactor-http-nio-4] DEBUG o.s.c.c.CharSequenceEncoder - [f2b1fb48] Writing "273. foo bar"
19:47:17.154 [reactor-http-nio-4] DEBUG o.s.c.c.CharSequenceEncoder - [f2b1fb48] Writing "274. foo bar"
19:47:17.154 [reactor-http-nio-4] DEBUG o.s.c.c.CharSequenceEncoder - [f2b1fb48] Writing "275. foo bar"
19:47:17.154 [reactor-http-nio-4] DEBUG o.s.c.c.CharSequenceEncoder - [f2b1fb48] Writing "276. foo bar"
19:47:17.154 [reactor-http-nio-4] DEBUG o.s.c.c.CharSequenceEncoder - [f2b1fb48] Writing "277. foo bar"
19:47:17.154 [reactor-http-nio-4] DEBUG o.s.c.c.CharSequenceEncoder - [f2b1fb48] Writing "278. foo bar"
19:47:17.154 [reactor-http-nio-4] DEBUG o.s.c.c.CharSequenceEncoder - [f2b1fb48] Writing "279. foo bar"
19:47:17.154 [reactor-http-nio-4] DEBUG o.s.c.c.CharSequenceEncoder - [f2b1fb48] Writing "280. foo bar"
19:47:17.155 [reactor-http-nio-4] DEBUG o.s.c.c.CharSequenceEncoder - [f2b1fb48] Writing "281. foo bar"
19:47:17.155 [reactor-http-nio-4] DEBUG o.s.c.c.CharSequenceEncoder - [f2b1fb48] Writing "282. foo bar"
19:47:17.155 [reactor-http-nio-4] DEBUG o.s.c.c.CharSequenceEncoder - [f2b1fb48] Writing "283. foo bar"
19:47:17.155 [reactor-http-nio-4] DEBUG o.s.c.c.CharSequenceEncoder - [f2b1fb48] Writing "284. foo bar"
19:47:17.155 [reactor-http-nio-4] DEBUG o.s.c.c.CharSequenceEncoder - [f2b1fb48] Writing "285. foo bar"
19:47:17.155 [reactor-http-nio-4] DEBUG o.s.c.c.CharSequenceEncoder - [f2b1fb48] Writing "286. foo bar"
19:47:17.155 [reactor-http-nio-4] DEBUG o.s.c.c.CharSequenceEncoder - [f2b1fb48] Writing "287. foo bar"
19:47:17.155 [reactor-http-nio-4] DEBUG o.s.c.c.CharSequenceEncoder - [f2b1fb48] Writing "288. foo bar"
19:47:17.155 [reactor-http-nio-4] DEBUG o.s.c.c.CharSequenceEncoder - [f2b1fb48] Writing "289. foo bar"
19:47:17.155 [reactor-http-nio-4] DEBUG o.s.c.c.CharSequenceEncoder - [f2b1fb48] Writing "290. foo bar"
19:47:17.155 [reactor-http-nio-4] DEBUG o.s.c.c.CharSequenceEncoder - [f2b1fb48] Writing "291. foo bar"
19:47:17.155 [reactor-http-nio-4] DEBUG o.s.c.c.CharSequenceEncoder - [f2b1fb48] Writing "292. foo bar"
19:47:17.155 [reactor-http-nio-4] DEBUG o.s.c.c.CharSequenceEncoder - [f2b1fb48] Writing "293. foo bar"
19:47:17.155 [reactor-http-nio-4] DEBUG o.s.c.c.CharSequenceEncoder - [f2b1fb48] Writing "294. foo bar"
19:47:17.155 [reactor-http-nio-4] DEBUG o.s.c.c.CharSequenceEncoder - [f2b1fb48] Writing "295. foo bar"
19:47:17.155 [reactor-http-nio-4] DEBUG o.s.c.c.CharSequenceEncoder - [f2b1fb48] Writing "296. foo bar"
19:47:17.155 [reactor-http-nio-4] DEBUG o.s.c.c.CharSequenceEncoder - [f2b1fb48] Writing "297. foo bar"
19:47:17.155 [reactor-http-nio-4] DEBUG o.s.c.c.CharSequenceEncoder - [f2b1fb48] Writing "298. foo bar"
19:47:17.155 [reactor-http-nio-4] DEBUG o.s.c.c.CharSequenceEncoder - [f2b1fb48] Writing "299. foo bar"
19:47:17.155 [reactor-http-nio-4] DEBUG o.s.c.c.CharSequenceEncoder - [f2b1fb48] Writing "300. foo bar"
19:47:17.155 [reactor-http-nio-4] DEBUG o.s.c.c.CharSequenceEncoder - [f2b1fb48] Writing "301. foo bar"
19:47:17.155 [reactor-http-nio-4] DEBUG o.s.c.c.CharSequenceEncoder - [f2b1fb48] Writing "302. foo bar"
19:47:17.156 [reactor-http-nio-4] DEBUG o.s.c.c.CharSequenceEncoder - [f2b1fb48] Writing "303. foo bar"
19:47:17.156 [reactor-http-nio-4] DEBUG o.s.c.c.CharSequenceEncoder - [f2b1fb48] Writing "304. foo bar"
19:47:17.156 [reactor-http-nio-4] DEBUG o.s.c.c.CharSequenceEncoder - [f2b1fb48] Writing "305. foo bar"
19:47:17.156 [reactor-http-nio-4] DEBUG o.s.c.c.CharSequenceEncoder - [f2b1fb48] Writing "306. foo bar"
19:47:17.156 [reactor-http-nio-4] DEBUG o.s.c.c.CharSequenceEncoder - [f2b1fb48] Writing "307. foo bar"
19:47:17.156 [reactor-http-nio-4] DEBUG o.s.c.c.CharSequenceEncoder - [f2b1fb48] Writing "308. foo bar"
19:47:17.156 [reactor-http-nio-4] DEBUG o.s.c.c.CharSequenceEncoder - [f2b1fb48] Writing "309. foo bar"
19:47:17.156 [reactor-http-nio-4] DEBUG o.s.c.c.CharSequenceEncoder - [f2b1fb48] Writing "310. foo bar"
19:47:17.156 [reactor-http-nio-4] DEBUG o.s.c.c.CharSequenceEncoder - [f2b1fb48] Writing "311. foo bar"
19:47:17.156 [reactor-http-nio-4] DEBUG o.s.c.c.CharSequenceEncoder - [f2b1fb48] Writing "312. foo bar"
19:47:17.156 [reactor-http-nio-4] DEBUG o.s.c.c.CharSequenceEncoder - [f2b1fb48] Writing "313. foo bar"
19:47:17.156 [reactor-http-nio-4] DEBUG o.s.c.c.CharSequenceEncoder - [f2b1fb48] Writing "314. foo bar"
19:47:17.156 [reactor-http-nio-4] DEBUG o.s.c.c.CharSequenceEncoder - [f2b1fb48] Writing "315. foo bar"
19:47:17.156 [reactor-http-nio-4] DEBUG o.s.c.c.CharSequenceEncoder - [f2b1fb48] Writing "316. foo bar"
19:47:17.156 [reactor-http-nio-4] DEBUG o.s.c.c.CharSequenceEncoder - [f2b1fb48] Writing "317. foo bar"
19:47:17.156 [reactor-http-nio-4] DEBUG o.s.c.c.CharSequenceEncoder - [f2b1fb48] Writing "318. foo bar"
19:47:17.156 [reactor-http-nio-4] DEBUG o.s.c.c.CharSequenceEncoder - [f2b1fb48] Writing "319. foo bar"
19:47:17.156 [reactor-http-nio-4] DEBUG o.s.c.c.CharSequenceEncoder - [f2b1fb48] Writing "320. foo bar"
19:47:17.172 [reactor-http-nio-4] DEBUG o.s.c.c.CharSequenceEncoder - [f2b1fb48] Writing "321. foo bar"
19:47:17.173 [reactor-http-nio-4] DEBUG o.s.c.c.CharSequenceEncoder - [f2b1fb48] Writing "322. foo bar"
19:47:17.173 [reactor-http-nio-4] DEBUG o.s.c.c.CharSequenceEncoder - [f2b1fb48] Writing "323. foo bar"
19:47:17.173 [reactor-http-nio-4] DEBUG o.s.c.c.CharSequenceEncoder - [f2b1fb48] Writing "324. foo bar"
19:47:17.173 [reactor-http-nio-4] DEBUG o.s.c.c.CharSequenceEncoder - [f2b1fb48] Writing "325. foo bar"
19:47:17.173 [reactor-http-nio-4] DEBUG o.s.c.c.CharSequenceEncoder - [f2b1fb48] Writing "326. foo bar"
19:47:17.173 [reactor-http-nio-4] DEBUG o.s.c.c.CharSequenceEncoder - [f2b1fb48] Writing "327. foo bar"
19:47:17.173 [reactor-http-nio-4] DEBUG o.s.c.c.CharSequenceEncoder - [f2b1fb48] Writing "328. foo bar"
19:47:17.173 [reactor-http-nio-4] DEBUG o.s.c.c.CharSequenceEncoder - [f2b1fb48] Writing "329. foo bar"
19:47:17.173 [reactor-http-nio-4] DEBUG o.s.c.c.CharSequenceEncoder - [f2b1fb48] Writing "330. foo bar"
19:47:17.173 [reactor-http-nio-4] DEBUG o.s.c.c.CharSequenceEncoder - [f2b1fb48] Writing "331. foo bar"
19:47:17.173 [reactor-http-nio-4] DEBUG o.s.c.c.CharSequenceEncoder - [f2b1fb48] Writing "332. foo bar"
19:47:17.173 [reactor-http-nio-4] DEBUG o.s.c.c.CharSequenceEncoder - [f2b1fb48] Writing "333. foo bar"
19:47:17.173 [reactor-http-nio-4] DEBUG o.s.c.c.CharSequenceEncoder - [f2b1fb48] Writing "334. foo bar"
19:47:17.173 [reactor-http-nio-4] DEBUG o.s.c.c.CharSequenceEncoder - [f2b1fb48] Writing "335. foo bar"
19:47:17.173 [reactor-http-nio-4] DEBUG o.s.c.c.CharSequenceEncoder - [f2b1fb48] Writing "336. foo bar"
19:47:17.173 [reactor-http-nio-4] DEBUG o.s.c.c.CharSequenceEncoder - [f2b1fb48] Writing "337. foo bar"
19:47:17.173 [reactor-http-nio-4] DEBUG o.s.c.c.CharSequenceEncoder - [f2b1fb48] Writing "338. foo bar"
19:47:17.173 [reactor-http-nio-4] DEBUG o.s.c.c.CharSequenceEncoder - [f2b1fb48] Writing "339. foo bar"
19:47:17.173 [reactor-http-nio-4] DEBUG o.s.c.c.CharSequenceEncoder - [f2b1fb48] Writing "340. foo bar"
19:47:17.173 [reactor-http-nio-4] DEBUG o.s.c.c.CharSequenceEncoder - [f2b1fb48] Writing "341. foo bar"
19:47:17.173 [reactor-http-nio-4] DEBUG o.s.c.c.CharSequenceEncoder - [f2b1fb48] Writing "342. foo bar"
19:47:17.174 [reactor-http-nio-4] DEBUG o.s.c.c.CharSequenceEncoder - [f2b1fb48] Writing "343. foo bar"
19:47:17.174 [reactor-http-nio-4] DEBUG o.s.c.c.CharSequenceEncoder - [f2b1fb48] Writing "344. foo bar"
19:47:17.174 [reactor-http-nio-4] DEBUG o.s.c.c.CharSequenceEncoder - [f2b1fb48] Writing "345. foo bar"
19:47:17.174 [reactor-http-nio-4] DEBUG o.s.c.c.CharSequenceEncoder - [f2b1fb48] Writing "346. foo bar"
19:47:17.174 [reactor-http-nio-4] DEBUG o.s.c.c.CharSequenceEncoder - [f2b1fb48] Writing "347. foo bar"
19:47:17.174 [reactor-http-nio-4] DEBUG o.s.c.c.CharSequenceEncoder - [f2b1fb48] Writing "348. foo bar"
19:47:17.174 [reactor-http-nio-4] DEBUG o.s.c.c.CharSequenceEncoder - [f2b1fb48] Writing "349. foo bar"
19:47:17.174 [reactor-http-nio-4] DEBUG o.s.c.c.CharSequenceEncoder - [f2b1fb48] Writing "350. foo bar"
19:47:17.174 [reactor-http-nio-4] DEBUG o.s.c.c.CharSequenceEncoder - [f2b1fb48] Writing "351. foo bar"
19:47:17.174 [reactor-http-nio-4] DEBUG o.s.c.c.CharSequenceEncoder - [f2b1fb48] Writing "352. foo bar"
19:47:17.174 [reactor-http-nio-4] DEBUG o.s.c.c.CharSequenceEncoder - [f2b1fb48] Writing "353. foo bar"
19:47:17.174 [reactor-http-nio-4] DEBUG o.s.c.c.CharSequenceEncoder - [f2b1fb48] Writing "354. foo bar"
19:47:17.174 [reactor-http-nio-4] DEBUG o.s.c.c.CharSequenceEncoder - [f2b1fb48] Writing "355. foo bar"
19:47:17.175 [reactor-http-nio-4] DEBUG o.s.c.c.CharSequenceEncoder - [f2b1fb48] Writing "356. foo bar"
19:47:17.175 [reactor-http-nio-4] DEBUG o.s.c.c.CharSequenceEncoder - [f2b1fb48] Writing "357. foo bar"
19:47:17.175 [reactor-http-nio-4] DEBUG o.s.c.c.CharSequenceEncoder - [f2b1fb48] Writing "358. foo bar"
19:47:17.175 [reactor-http-nio-4] DEBUG o.s.c.c.CharSequenceEncoder - [f2b1fb48] Writing "359. foo bar"
19:47:17.175 [reactor-http-nio-4] DEBUG o.s.c.c.CharSequenceEncoder - [f2b1fb48] Writing "360. foo bar"
19:47:17.175 [reactor-http-nio-4] DEBUG o.s.c.c.CharSequenceEncoder - [f2b1fb48] Writing "361. foo bar"
19:47:17.175 [reactor-http-nio-4] DEBUG o.s.c.c.CharSequenceEncoder - [f2b1fb48] Writing "362. foo bar"
19:47:17.175 [reactor-http-nio-4] DEBUG o.s.c.c.CharSequenceEncoder - [f2b1fb48] Writing "363. foo bar"
19:47:17.175 [reactor-http-nio-4] DEBUG o.s.c.c.CharSequenceEncoder - [f2b1fb48] Writing "364. foo bar"
19:47:17.175 [reactor-http-nio-4] DEBUG o.s.c.c.CharSequenceEncoder - [f2b1fb48] Writing "365. foo bar"
19:47:17.175 [reactor-http-nio-4] DEBUG o.s.c.c.CharSequenceEncoder - [f2b1fb48] Writing "366. foo bar"
19:47:17.175 [reactor-http-nio-4] DEBUG o.s.c.c.CharSequenceEncoder - [f2b1fb48] Writing "367. foo bar"
19:47:17.175 [reactor-http-nio-4] DEBUG o.s.c.c.CharSequenceEncoder - [f2b1fb48] Writing "368. foo bar"
19:47:17.175 [reactor-http-nio-4] DEBUG o.s.c.c.CharSequenceEncoder - [f2b1fb48] Writing "369. foo bar"
19:47:17.175 [reactor-http-nio-4] DEBUG o.s.c.c.CharSequenceEncoder - [f2b1fb48] Writing "370. foo bar"
19:47:17.175 [reactor-http-nio-4] DEBUG o.s.c.c.CharSequenceEncoder - [f2b1fb48] Writing "371. foo bar"
19:47:17.175 [reactor-http-nio-4] DEBUG o.s.c.c.CharSequenceEncoder - [f2b1fb48] Writing "372. foo bar"
19:47:17.175 [reactor-http-nio-4] DEBUG o.s.c.c.CharSequenceEncoder - [f2b1fb48] Writing "373. foo bar"
19:47:17.175 [reactor-http-nio-4] DEBUG o.s.c.c.CharSequenceEncoder - [f2b1fb48] Writing "374. foo bar"
19:47:17.176 [reactor-http-nio-4] DEBUG o.s.c.c.CharSequenceEncoder - [f2b1fb48] Writing "375. foo bar"
19:47:17.176 [reactor-http-nio-4] DEBUG o.s.c.c.CharSequenceEncoder - [f2b1fb48] Writing "376. foo bar"
19:47:17.176 [reactor-http-nio-4] DEBUG o.s.c.c.CharSequenceEncoder - [f2b1fb48] Writing "377. foo bar"
19:47:17.176 [reactor-http-nio-4] DEBUG o.s.c.c.CharSequenceEncoder - [f2b1fb48] Writing "378. foo bar"
19:47:17.176 [reactor-http-nio-4] DEBUG o.s.c.c.CharSequenceEncoder - [f2b1fb48] Writing "379. foo bar"
19:47:17.176 [reactor-http-nio-4] DEBUG o.s.c.c.CharSequenceEncoder - [f2b1fb48] Writing "380. foo bar"
19:47:17.176 [reactor-http-nio-4] DEBUG o.s.c.c.CharSequenceEncoder - [f2b1fb48] Writing "381. foo bar"
19:47:17.176 [reactor-http-nio-4] DEBUG o.s.c.c.CharSequenceEncoder - [f2b1fb48] Writing "382. foo bar"
19:47:17.176 [reactor-http-nio-4] DEBUG o.s.c.c.CharSequenceEncoder - [f2b1fb48] Writing "383. foo bar"
19:47:17.176 [reactor-http-nio-4] DEBUG o.s.c.c.CharSequenceEncoder - [f2b1fb48] Writing "384. foo bar"
19:47:17.193 [reactor-http-nio-4] DEBUG o.s.c.c.CharSequenceEncoder - [f2b1fb48] Writing "385. foo bar"
19:47:17.193 [reactor-http-nio-4] DEBUG o.s.c.c.CharSequenceEncoder - [f2b1fb48] Writing "386. foo bar"
19:47:17.193 [reactor-http-nio-4] DEBUG o.s.c.c.CharSequenceEncoder - [f2b1fb48] Writing "387. foo bar"
19:47:17.193 [reactor-http-nio-4] DEBUG o.s.c.c.CharSequenceEncoder - [f2b1fb48] Writing "388. foo bar"
19:47:17.193 [reactor-http-nio-4] DEBUG o.s.c.c.CharSequenceEncoder - [f2b1fb48] Writing "389. foo bar"
19:47:17.194 [reactor-http-nio-4] DEBUG o.s.c.c.CharSequenceEncoder - [f2b1fb48] Writing "390. foo bar"
19:47:17.194 [reactor-http-nio-4] DEBUG o.s.c.c.CharSequenceEncoder - [f2b1fb48] Writing "391. foo bar"
19:47:17.194 [reactor-http-nio-4] DEBUG o.s.c.c.CharSequenceEncoder - [f2b1fb48] Writing "392. foo bar"
19:47:17.194 [reactor-http-nio-4] DEBUG o.s.c.c.CharSequenceEncoder - [f2b1fb48] Writing "393. foo bar"
19:47:17.194 [reactor-http-nio-4] DEBUG o.s.c.c.CharSequenceEncoder - [f2b1fb48] Writing "394. foo bar"
19:47:17.194 [reactor-http-nio-4] DEBUG o.s.c.c.CharSequenceEncoder - [f2b1fb48] Writing "395. foo bar"
19:47:17.194 [reactor-http-nio-4] DEBUG o.s.c.c.CharSequenceEncoder - [f2b1fb48] Writing "396. foo bar"
19:47:17.194 [reactor-http-nio-4] DEBUG o.s.c.c.CharSequenceEncoder - [f2b1fb48] Writing "397. foo bar"
19:47:17.194 [reactor-http-nio-4] DEBUG o.s.c.c.CharSequenceEncoder - [f2b1fb48] Writing "398. foo bar"
19:47:17.194 [reactor-http-nio-4] DEBUG o.s.c.c.CharSequenceEncoder - [f2b1fb48] Writing "399. foo bar"
19:47:17.194 [reactor-http-nio-4] DEBUG o.s.c.c.CharSequenceEncoder - [f2b1fb48] Writing "400. foo bar"
19:47:17.194 [reactor-http-nio-4] DEBUG o.s.c.c.CharSequenceEncoder - [f2b1fb48] Writing "401. foo bar"
19:47:17.195 [reactor-http-nio-4] DEBUG o.s.c.c.CharSequenceEncoder - [f2b1fb48] Writing "402. foo bar"
19:47:17.195 [reactor-http-nio-4] DEBUG o.s.c.c.CharSequenceEncoder - [f2b1fb48] Writing "403. foo bar"
19:47:17.195 [reactor-http-nio-4] DEBUG o.s.c.c.CharSequenceEncoder - [f2b1fb48] Writing "404. foo bar"
19:47:17.195 [reactor-http-nio-4] DEBUG o.s.c.c.CharSequenceEncoder - [f2b1fb48] Writing "405. foo bar"
19:47:17.195 [reactor-http-nio-4] DEBUG o.s.c.c.CharSequenceEncoder - [f2b1fb48] Writing "406. foo bar"
19:47:17.195 [reactor-http-nio-4] DEBUG o.s.c.c.CharSequenceEncoder - [f2b1fb48] Writing "407. foo bar"
19:47:17.195 [reactor-http-nio-4] DEBUG o.s.c.c.CharSequenceEncoder - [f2b1fb48] Writing "408. foo bar"
19:47:17.195 [reactor-http-nio-4] DEBUG o.s.c.c.CharSequenceEncoder - [f2b1fb48] Writing "409. foo bar"
19:47:17.195 [reactor-http-nio-4] DEBUG o.s.c.c.CharSequenceEncoder - [f2b1fb48] Writing "410. foo bar"
19:47:17.195 [reactor-http-nio-4] DEBUG o.s.c.c.CharSequenceEncoder - [f2b1fb48] Writing "411. foo bar"
19:47:17.195 [reactor-http-nio-4] DEBUG o.s.c.c.CharSequenceEncoder - [f2b1fb48] Writing "412. foo bar"
19:47:17.195 [reactor-http-nio-4] DEBUG o.s.c.c.CharSequenceEncoder - [f2b1fb48] Writing "413. foo bar"
19:47:17.195 [reactor-http-nio-4] DEBUG o.s.c.c.CharSequenceEncoder - [f2b1fb48] Writing "414. foo bar"
19:47:17.196 [reactor-http-nio-4] DEBUG o.s.c.c.CharSequenceEncoder - [f2b1fb48] Writing "415. foo bar"
19:47:17.196 [reactor-http-nio-4] DEBUG o.s.c.c.CharSequenceEncoder - [f2b1fb48] Writing "416. foo bar"
19:47:17.196 [reactor-http-nio-4] DEBUG o.s.c.c.CharSequenceEncoder - [f2b1fb48] Writing "417. foo bar"
19:47:17.196 [reactor-http-nio-4] DEBUG o.s.c.c.CharSequenceEncoder - [f2b1fb48] Writing "418. foo bar"
19:47:17.196 [reactor-http-nio-4] DEBUG o.s.c.c.CharSequenceEncoder - [f2b1fb48] Writing "419. foo bar"
19:47:17.196 [reactor-http-nio-4] DEBUG o.s.c.c.CharSequenceEncoder - [f2b1fb48] Writing "420. foo bar"
19:47:17.196 [reactor-http-nio-4] DEBUG o.s.c.c.CharSequenceEncoder - [f2b1fb48] Writing "421. foo bar"
19:47:17.196 [reactor-http-nio-4] DEBUG o.s.c.c.CharSequenceEncoder - [f2b1fb48] Writing "422. foo bar"
19:47:17.197 [reactor-http-nio-4] DEBUG o.s.c.c.CharSequenceEncoder - [f2b1fb48] Writing "423. foo bar"
19:47:17.197 [reactor-http-nio-4] DEBUG o.s.c.c.CharSequenceEncoder - [f2b1fb48] Writing "424. foo bar"
19:47:17.197 [reactor-http-nio-4] DEBUG o.s.c.c.CharSequenceEncoder - [f2b1fb48] Writing "425. foo bar"
19:47:17.197 [reactor-http-nio-4] DEBUG o.s.c.c.CharSequenceEncoder - [f2b1fb48] Writing "426. foo bar"
19:47:17.197 [reactor-http-nio-4] DEBUG o.s.c.c.CharSequenceEncoder - [f2b1fb48] Writing "427. foo bar"
19:47:17.197 [reactor-http-nio-4] DEBUG o.s.c.c.CharSequenceEncoder - [f2b1fb48] Writing "428. foo bar"
19:47:17.197 [reactor-http-nio-4] DEBUG o.s.c.c.CharSequenceEncoder - [f2b1fb48] Writing "429. foo bar"
19:47:17.197 [reactor-http-nio-4] DEBUG o.s.c.c.CharSequenceEncoder - [f2b1fb48] Writing "430. foo bar"
19:47:17.197 [reactor-http-nio-4] DEBUG o.s.c.c.CharSequenceEncoder - [f2b1fb48] Writing "431. foo bar"
19:47:17.197 [reactor-http-nio-4] DEBUG o.s.c.c.CharSequenceEncoder - [f2b1fb48] Writing "432. foo bar"
19:47:17.197 [reactor-http-nio-4] DEBUG o.s.c.c.CharSequenceEncoder - [f2b1fb48] Writing "433. foo bar"
19:47:17.197 [reactor-http-nio-4] DEBUG o.s.c.c.CharSequenceEncoder - [f2b1fb48] Writing "434. foo bar"
19:47:17.197 [reactor-http-nio-4] DEBUG o.s.c.c.CharSequenceEncoder - [f2b1fb48] Writing "435. foo bar"
19:47:17.197 [reactor-http-nio-4] DEBUG o.s.c.c.CharSequenceEncoder - [f2b1fb48] Writing "436. foo bar"
19:47:17.198 [reactor-http-nio-4] DEBUG o.s.c.c.CharSequenceEncoder - [f2b1fb48] Writing "437. foo bar"
19:47:17.198 [reactor-http-nio-4] DEBUG o.s.c.c.CharSequenceEncoder - [f2b1fb48] Writing "438. foo bar"
19:47:17.198 [reactor-http-nio-4] DEBUG o.s.c.c.CharSequenceEncoder - [f2b1fb48] Writing "439. foo bar"
19:47:17.198 [reactor-http-nio-4] DEBUG o.s.c.c.CharSequenceEncoder - [f2b1fb48] Writing "440. foo bar"
19:47:17.198 [reactor-http-nio-4] DEBUG o.s.c.c.CharSequenceEncoder - [f2b1fb48] Writing "441. foo bar"
19:47:17.198 [reactor-http-nio-4] DEBUG o.s.c.c.CharSequenceEncoder - [f2b1fb48] Writing "442. foo bar"
19:47:17.198 [reactor-http-nio-4] DEBUG o.s.c.c.CharSequenceEncoder - [f2b1fb48] Writing "443. foo bar"
19:47:17.198 [reactor-http-nio-4] DEBUG o.s.c.c.CharSequenceEncoder - [f2b1fb48] Writing "444. foo bar"
19:47:17.198 [reactor-http-nio-4] DEBUG o.s.c.c.CharSequenceEncoder - [f2b1fb48] Writing "445. foo bar"
19:47:17.198 [reactor-http-nio-4] DEBUG o.s.c.c.CharSequenceEncoder - [f2b1fb48] Writing "446. foo bar"
19:47:17.198 [reactor-http-nio-4] DEBUG o.s.c.c.CharSequenceEncoder - [f2b1fb48] Writing "447. foo bar"
19:47:17.198 [reactor-http-nio-4] DEBUG o.s.c.c.CharSequenceEncoder - [f2b1fb48] Writing "448. foo bar"
19:47:17.210 [reactor-http-nio-4] DEBUG o.s.c.c.CharSequenceEncoder - [f2b1fb48] Writing "449. foo bar"
19:47:17.211 [reactor-http-nio-4] DEBUG o.s.c.c.CharSequenceEncoder - [f2b1fb48] Writing "450. foo bar"
19:47:17.211 [reactor-http-nio-4] DEBUG o.s.c.c.CharSequenceEncoder - [f2b1fb48] Writing "451. foo bar"
19:47:17.211 [reactor-http-nio-4] DEBUG o.s.c.c.CharSequenceEncoder - [f2b1fb48] Writing "452. foo bar"
19:47:17.211 [reactor-http-nio-4] DEBUG o.s.c.c.CharSequenceEncoder - [f2b1fb48] Writing "453. foo bar"
19:47:17.211 [reactor-http-nio-4] DEBUG o.s.c.c.CharSequenceEncoder - [f2b1fb48] Writing "454. foo bar"
19:47:17.211 [reactor-http-nio-4] DEBUG o.s.c.c.CharSequenceEncoder - [f2b1fb48] Writing "455. foo bar"
19:47:17.211 [reactor-http-nio-4] DEBUG o.s.c.c.CharSequenceEncoder - [f2b1fb48] Writing "456. foo bar"
19:47:17.211 [reactor-http-nio-4] DEBUG o.s.c.c.CharSequenceEncoder - [f2b1fb48] Writing "457. foo bar"
19:47:17.211 [reactor-http-nio-4] DEBUG o.s.c.c.CharSequenceEncoder - [f2b1fb48] Writing "458. foo bar"
19:47:17.211 [reactor-http-nio-4] DEBUG o.s.c.c.CharSequenceEncoder - [f2b1fb48] Writing "459. foo bar"
19:47:17.211 [reactor-http-nio-4] DEBUG o.s.c.c.CharSequenceEncoder - [f2b1fb48] Writing "460. foo bar"
19:47:17.211 [reactor-http-nio-4] DEBUG o.s.c.c.CharSequenceEncoder - [f2b1fb48] Writing "461. foo bar"
19:47:17.211 [reactor-http-nio-4] DEBUG o.s.c.c.CharSequenceEncoder - [f2b1fb48] Writing "462. foo bar"
19:47:17.212 [reactor-http-nio-4] DEBUG o.s.c.c.CharSequenceEncoder - [f2b1fb48] Writing "463. foo bar"
19:47:17.212 [reactor-http-nio-4] DEBUG o.s.c.c.CharSequenceEncoder - [f2b1fb48] Writing "464. foo bar"
19:47:17.212 [reactor-http-nio-4] DEBUG o.s.c.c.CharSequenceEncoder - [f2b1fb48] Writing "465. foo bar"
19:47:17.212 [reactor-http-nio-4] DEBUG o.s.c.c.CharSequenceEncoder - [f2b1fb48] Writing "466. foo bar"
19:47:17.212 [reactor-http-nio-4] DEBUG o.s.c.c.CharSequenceEncoder - [f2b1fb48] Writing "467. foo bar"
19:47:17.212 [reactor-http-nio-4] DEBUG o.s.c.c.CharSequenceEncoder - [f2b1fb48] Writing "468. foo bar"
19:47:17.212 [reactor-http-nio-4] DEBUG o.s.c.c.CharSequenceEncoder - [f2b1fb48] Writing "469. foo bar"
19:47:17.212 [reactor-http-nio-4] DEBUG o.s.c.c.CharSequenceEncoder - [f2b1fb48] Writing "470. foo bar"
19:47:17.212 [reactor-http-nio-4] DEBUG o.s.c.c.CharSequenceEncoder - [f2b1fb48] Writing "471. foo bar"
19:47:17.212 [reactor-http-nio-4] DEBUG o.s.c.c.CharSequenceEncoder - [f2b1fb48] Writing "472. foo bar"
19:47:17.212 [reactor-http-nio-4] DEBUG o.s.c.c.CharSequenceEncoder - [f2b1fb48] Writing "473. foo bar"
19:47:17.212 [reactor-http-nio-4] DEBUG o.s.c.c.CharSequenceEncoder - [f2b1fb48] Writing "474. foo bar"
19:47:17.212 [reactor-http-nio-4] DEBUG o.s.c.c.CharSequenceEncoder - [f2b1fb48] Writing "475. foo bar"
19:47:17.213 [reactor-http-nio-4] DEBUG o.s.c.c.CharSequenceEncoder - [f2b1fb48] Writing "476. foo bar"
19:47:17.213 [reactor-http-nio-4] DEBUG o.s.c.c.CharSequenceEncoder - [f2b1fb48] Writing "477. foo bar"
19:47:17.213 [reactor-http-nio-4] DEBUG o.s.c.c.CharSequenceEncoder - [f2b1fb48] Writing "478. foo bar"
19:47:17.213 [reactor-http-nio-4] DEBUG o.s.c.c.CharSequenceEncoder - [f2b1fb48] Writing "479. foo bar"
19:47:17.213 [reactor-http-nio-4] DEBUG o.s.c.c.CharSequenceEncoder - [f2b1fb48] Writing "480. foo bar"
19:47:17.213 [reactor-http-nio-4] DEBUG o.s.c.c.CharSequenceEncoder - [f2b1fb48] Writing "481. foo bar"
19:47:17.213 [reactor-http-nio-4] DEBUG o.s.c.c.CharSequenceEncoder - [f2b1fb48] Writing "482. foo bar"
19:47:17.213 [reactor-http-nio-4] DEBUG o.s.c.c.CharSequenceEncoder - [f2b1fb48] Writing "483. foo bar"
19:47:17.213 [reactor-http-nio-4] DEBUG o.s.c.c.CharSequenceEncoder - [f2b1fb48] Writing "484. foo bar"
19:47:17.213 [reactor-http-nio-4] DEBUG o.s.c.c.CharSequenceEncoder - [f2b1fb48] Writing "485. foo bar"
19:47:17.213 [reactor-http-nio-4] DEBUG o.s.c.c.CharSequenceEncoder - [f2b1fb48] Writing "486. foo bar"
19:47:17.213 [reactor-http-nio-4] DEBUG o.s.c.c.CharSequenceEncoder - [f2b1fb48] Writing "487. foo bar"
19:47:17.213 [reactor-http-nio-4] DEBUG o.s.c.c.CharSequenceEncoder - [f2b1fb48] Writing "488. foo bar"
19:47:17.213 [reactor-http-nio-4] DEBUG o.s.c.c.CharSequenceEncoder - [f2b1fb48] Writing "489. foo bar"
19:47:17.213 [reactor-http-nio-4] DEBUG o.s.c.c.CharSequenceEncoder - [f2b1fb48] Writing "490. foo bar"
19:47:17.213 [reactor-http-nio-4] DEBUG o.s.c.c.CharSequenceEncoder - [f2b1fb48] Writing "491. foo bar"
19:47:17.213 [reactor-http-nio-4] DEBUG o.s.c.c.CharSequenceEncoder - [f2b1fb48] Writing "492. foo bar"
19:47:17.213 [reactor-http-nio-4] DEBUG o.s.c.c.CharSequenceEncoder - [f2b1fb48] Writing "493. foo bar"
19:47:17.214 [reactor-http-nio-4] DEBUG o.s.c.c.CharSequenceEncoder - [f2b1fb48] Writing "494. foo bar"
19:47:17.214 [reactor-http-nio-4] DEBUG o.s.c.c.CharSequenceEncoder - [f2b1fb48] Writing "495. foo bar"
19:47:17.214 [reactor-http-nio-4] DEBUG o.s.c.c.CharSequenceEncoder - [f2b1fb48] Writing "496. foo bar"
19:47:17.214 [reactor-http-nio-4] DEBUG o.s.c.c.CharSequenceEncoder - [f2b1fb48] Writing "497. foo bar"
19:47:17.214 [reactor-http-nio-4] DEBUG o.s.c.c.CharSequenceEncoder - [f2b1fb48] Writing "498. foo bar"
19:47:17.214 [reactor-http-nio-4] DEBUG o.s.c.c.CharSequenceEncoder - [f2b1fb48] Writing "499. foo bar"
19:47:17.214 [reactor-http-nio-4] DEBUG o.s.c.c.CharSequenceEncoder - [f2b1fb48] Writing "500. foo bar"
19:47:17.214 [reactor-http-nio-4] DEBUG o.s.c.c.CharSequenceEncoder - [f2b1fb48] Writing "501. foo bar"
19:47:17.214 [reactor-http-nio-4] DEBUG o.s.c.c.CharSequenceEncoder - [f2b1fb48] Writing "502. foo bar"
19:47:17.214 [reactor-http-nio-4] DEBUG o.s.c.c.CharSequenceEncoder - [f2b1fb48] Writing "503. foo bar"
19:47:17.214 [reactor-http-nio-4] DEBUG o.s.c.c.CharSequenceEncoder - [f2b1fb48] Writing "504. foo bar"
19:47:17.214 [reactor-http-nio-4] DEBUG o.s.c.c.CharSequenceEncoder - [f2b1fb48] Writing "505. foo bar"
19:47:17.214 [reactor-http-nio-4] DEBUG o.s.c.c.CharSequenceEncoder - [f2b1fb48] Writing "506. foo bar"
19:47:17.214 [reactor-http-nio-4] DEBUG o.s.c.c.CharSequenceEncoder - [f2b1fb48] Writing "507. foo bar"
19:47:17.214 [reactor-http-nio-4] DEBUG o.s.c.c.CharSequenceEncoder - [f2b1fb48] Writing "508. foo bar"
19:47:17.214 [reactor-http-nio-4] DEBUG o.s.c.c.CharSequenceEncoder - [f2b1fb48] Writing "509. foo bar"
19:47:17.214 [reactor-http-nio-4] DEBUG o.s.c.c.CharSequenceEncoder - [f2b1fb48] Writing "510. foo bar"
19:47:17.214 [reactor-http-nio-4] DEBUG o.s.c.c.CharSequenceEncoder - [f2b1fb48] Writing "511. foo bar"
19:47:17.214 [reactor-http-nio-4] DEBUG o.s.c.c.CharSequenceEncoder - [f2b1fb48] Writing "512. foo bar"
19:47:17.232 [reactor-http-nio-4] DEBUG o.s.c.c.CharSequenceEncoder - [f2b1fb48] Writing "513. foo bar"
19:47:17.232 [reactor-http-nio-4] DEBUG o.s.c.c.CharSequenceEncoder - [f2b1fb48] Writing "514. foo bar"
19:47:17.232 [reactor-http-nio-4] DEBUG o.s.c.c.CharSequenceEncoder - [f2b1fb48] Writing "515. foo bar"
19:47:17.232 [reactor-http-nio-4] DEBUG o.s.c.c.CharSequenceEncoder - [f2b1fb48] Writing "516. foo bar"
19:47:17.232 [reactor-http-nio-4] DEBUG o.s.c.c.CharSequenceEncoder - [f2b1fb48] Writing "517. foo bar"
19:47:17.232 [reactor-http-nio-4] DEBUG o.s.c.c.CharSequenceEncoder - [f2b1fb48] Writing "518. foo bar"
19:47:17.232 [reactor-http-nio-4] DEBUG o.s.c.c.CharSequenceEncoder - [f2b1fb48] Writing "519. foo bar"
19:47:17.232 [reactor-http-nio-4] DEBUG o.s.c.c.CharSequenceEncoder - [f2b1fb48] Writing "520. foo bar"
19:47:17.232 [reactor-http-nio-4] DEBUG o.s.c.c.CharSequenceEncoder - [f2b1fb48] Writing "521. foo bar"
19:47:17.232 [reactor-http-nio-4] DEBUG o.s.c.c.CharSequenceEncoder - [f2b1fb48] Writing "522. foo bar"
19:47:17.232 [reactor-http-nio-4] DEBUG o.s.c.c.CharSequenceEncoder - [f2b1fb48] Writing "523. foo bar"
19:47:17.232 [reactor-http-nio-4] DEBUG o.s.c.c.CharSequenceEncoder - [f2b1fb48] Writing "524. foo bar"
19:47:17.233 [reactor-http-nio-4] DEBUG o.s.c.c.CharSequenceEncoder - [f2b1fb48] Writing "525. foo bar"
19:47:17.233 [reactor-http-nio-4] DEBUG o.s.c.c.CharSequenceEncoder - [f2b1fb48] Writing "526. foo bar"
19:47:17.233 [reactor-http-nio-4] DEBUG o.s.c.c.CharSequenceEncoder - [f2b1fb48] Writing "527. foo bar"
19:47:17.233 [reactor-http-nio-4] DEBUG o.s.c.c.CharSequenceEncoder - [f2b1fb48] Writing "528. foo bar"
19:47:17.233 [reactor-http-nio-4] DEBUG o.s.c.c.CharSequenceEncoder - [f2b1fb48] Writing "529. foo bar"
19:47:17.233 [reactor-http-nio-4] DEBUG o.s.c.c.CharSequenceEncoder - [f2b1fb48] Writing "530. foo bar"
19:47:17.233 [reactor-http-nio-4] DEBUG o.s.c.c.CharSequenceEncoder - [f2b1fb48] Writing "531. foo bar"
19:47:17.233 [reactor-http-nio-4] DEBUG o.s.c.c.CharSequenceEncoder - [f2b1fb48] Writing "532. foo bar"
19:47:17.233 [reactor-http-nio-4] DEBUG o.s.c.c.CharSequenceEncoder - [f2b1fb48] Writing "533. foo bar"
19:47:17.233 [reactor-http-nio-4] DEBUG o.s.c.c.CharSequenceEncoder - [f2b1fb48] Writing "534. foo bar"
19:47:17.233 [reactor-http-nio-4] DEBUG o.s.c.c.CharSequenceEncoder - [f2b1fb48] Writing "535. foo bar"
19:47:17.233 [reactor-http-nio-4] DEBUG o.s.c.c.CharSequenceEncoder - [f2b1fb48] Writing "536. foo bar"
19:47:17.233 [reactor-http-nio-4] DEBUG o.s.c.c.CharSequenceEncoder - [f2b1fb48] Writing "537. foo bar"
19:47:17.233 [reactor-http-nio-4] DEBUG o.s.c.c.CharSequenceEncoder - [f2b1fb48] Writing "538. foo bar"
19:47:17.233 [reactor-http-nio-4] DEBUG o.s.c.c.CharSequenceEncoder - [f2b1fb48] Writing "539. foo bar"
19:47:17.233 [reactor-http-nio-4] DEBUG o.s.c.c.CharSequenceEncoder - [f2b1fb48] Writing "540. foo bar"
19:47:17.233 [reactor-http-nio-4] DEBUG o.s.c.c.CharSequenceEncoder - [f2b1fb48] Writing "541. foo bar"
19:47:17.233 [reactor-http-nio-4] DEBUG o.s.c.c.CharSequenceEncoder - [f2b1fb48] Writing "542. foo bar"
19:47:17.233 [reactor-http-nio-4] DEBUG o.s.c.c.CharSequenceEncoder - [f2b1fb48] Writing "543. foo bar"
19:47:17.234 [reactor-http-nio-4] DEBUG o.s.c.c.CharSequenceEncoder - [f2b1fb48] Writing "544. foo bar"
19:47:17.234 [reactor-http-nio-4] DEBUG o.s.c.c.CharSequenceEncoder - [f2b1fb48] Writing "545. foo bar"
19:47:17.234 [reactor-http-nio-4] DEBUG o.s.c.c.CharSequenceEncoder - [f2b1fb48] Writing "546. foo bar"
19:47:17.234 [reactor-http-nio-4] DEBUG o.s.c.c.CharSequenceEncoder - [f2b1fb48] Writing "547. foo bar"
19:47:17.234 [reactor-http-nio-4] DEBUG o.s.c.c.CharSequenceEncoder - [f2b1fb48] Writing "548. foo bar"
19:47:17.234 [reactor-http-nio-4] DEBUG o.s.c.c.CharSequenceEncoder - [f2b1fb48] Writing "549. foo bar"
19:47:17.234 [reactor-http-nio-4] DEBUG o.s.c.c.CharSequenceEncoder - [f2b1fb48] Writing "550. foo bar"
19:47:17.234 [reactor-http-nio-4] DEBUG o.s.c.c.CharSequenceEncoder - [f2b1fb48] Writing "551. foo bar"
19:47:17.234 [reactor-http-nio-4] DEBUG o.s.c.c.CharSequenceEncoder - [f2b1fb48] Writing "552. foo bar"
19:47:17.234 [reactor-http-nio-4] DEBUG o.s.c.c.CharSequenceEncoder - [f2b1fb48] Writing "553. foo bar"
19:47:17.234 [reactor-http-nio-4] DEBUG o.s.c.c.CharSequenceEncoder - [f2b1fb48] Writing "554. foo bar"
19:47:17.234 [reactor-http-nio-4] DEBUG o.s.c.c.CharSequenceEncoder - [f2b1fb48] Writing "555. foo bar"
19:47:17.234 [reactor-http-nio-4] DEBUG o.s.c.c.CharSequenceEncoder - [f2b1fb48] Writing "556. foo bar"
19:47:17.234 [reactor-http-nio-4] DEBUG o.s.c.c.CharSequenceEncoder - [f2b1fb48] Writing "557. foo bar"
19:47:17.234 [reactor-http-nio-4] DEBUG o.s.c.c.CharSequenceEncoder - [f2b1fb48] Writing "558. foo bar"
19:47:17.234 [reactor-http-nio-4] DEBUG o.s.c.c.CharSequenceEncoder - [f2b1fb48] Writing "559. foo bar"
19:47:17.234 [reactor-http-nio-4] DEBUG o.s.c.c.CharSequenceEncoder - [f2b1fb48] Writing "560. foo bar"
19:47:17.235 [reactor-http-nio-4] DEBUG o.s.c.c.CharSequenceEncoder - [f2b1fb48] Writing "561. foo bar"
19:47:17.236 [reactor-http-nio-4] DEBUG o.s.c.c.CharSequenceEncoder - [f2b1fb48] Writing "562. foo bar"
19:47:17.236 [reactor-http-nio-4] DEBUG o.s.c.c.CharSequenceEncoder - [f2b1fb48] Writing "563. foo bar"
19:47:17.236 [reactor-http-nio-4] DEBUG o.s.c.c.CharSequenceEncoder - [f2b1fb48] Writing "564. foo bar"
19:47:17.236 [reactor-http-nio-4] DEBUG o.s.c.c.CharSequenceEncoder - [f2b1fb48] Writing "565. foo bar"
19:47:17.236 [reactor-http-nio-4] DEBUG o.s.c.c.CharSequenceEncoder - [f2b1fb48] Writing "566. foo bar"
19:47:17.236 [reactor-http-nio-4] DEBUG o.s.c.c.CharSequenceEncoder - [f2b1fb48] Writing "567. foo bar"
19:47:17.236 [reactor-http-nio-4] DEBUG o.s.c.c.CharSequenceEncoder - [f2b1fb48] Writing "568. foo bar"
19:47:17.236 [reactor-http-nio-4] DEBUG o.s.c.c.CharSequenceEncoder - [f2b1fb48] Writing "569. foo bar"
19:47:17.236 [reactor-http-nio-4] DEBUG o.s.c.c.CharSequenceEncoder - [f2b1fb48] Writing "570. foo bar"
19:47:17.236 [reactor-http-nio-4] DEBUG o.s.c.c.CharSequenceEncoder - [f2b1fb48] Writing "571. foo bar"
19:47:17.236 [reactor-http-nio-4] DEBUG o.s.c.c.CharSequenceEncoder - [f2b1fb48] Writing "572. foo bar"
19:47:17.237 [reactor-http-nio-4] DEBUG o.s.c.c.CharSequenceEncoder - [f2b1fb48] Writing "573. foo bar"
19:47:17.237 [reactor-http-nio-4] DEBUG o.s.c.c.CharSequenceEncoder - [f2b1fb48] Writing "574. foo bar"
19:47:17.237 [reactor-http-nio-4] DEBUG o.s.c.c.CharSequenceEncoder - [f2b1fb48] Writing "575. foo bar"
19:47:17.237 [reactor-http-nio-4] DEBUG o.s.c.c.CharSequenceEncoder - [f2b1fb48] Writing "576. foo bar"
19:47:17.248 [reactor-http-nio-4] DEBUG o.s.c.c.CharSequenceEncoder - [f2b1fb48] Writing "577. foo bar"
19:47:17.248 [reactor-http-nio-4] DEBUG o.s.c.c.CharSequenceEncoder - [f2b1fb48] Writing "578. foo bar"
19:47:17.248 [reactor-http-nio-4] DEBUG o.s.c.c.CharSequenceEncoder - [f2b1fb48] Writing "579. foo bar"
19:47:17.248 [reactor-http-nio-4] DEBUG o.s.c.c.CharSequenceEncoder - [f2b1fb48] Writing "580. foo bar"
19:47:17.248 [reactor-http-nio-4] DEBUG o.s.c.c.CharSequenceEncoder - [f2b1fb48] Writing "581. foo bar"
19:47:17.248 [reactor-http-nio-4] DEBUG o.s.c.c.CharSequenceEncoder - [f2b1fb48] Writing "582. foo bar"
19:47:17.249 [reactor-http-nio-4] DEBUG o.s.c.c.CharSequenceEncoder - [f2b1fb48] Writing "583. foo bar"
19:47:17.249 [reactor-http-nio-4] DEBUG o.s.c.c.CharSequenceEncoder - [f2b1fb48] Writing "584. foo bar"
19:47:17.249 [reactor-http-nio-4] DEBUG o.s.c.c.CharSequenceEncoder - [f2b1fb48] Writing "585. foo bar"
19:47:17.249 [reactor-http-nio-4] DEBUG o.s.c.c.CharSequenceEncoder - [f2b1fb48] Writing "586. foo bar"
19:47:17.249 [reactor-http-nio-4] DEBUG o.s.c.c.CharSequenceEncoder - [f2b1fb48] Writing "587. foo bar"
19:47:17.249 [reactor-http-nio-4] DEBUG o.s.c.c.CharSequenceEncoder - [f2b1fb48] Writing "588. foo bar"
19:47:17.249 [reactor-http-nio-4] DEBUG o.s.c.c.CharSequenceEncoder - [f2b1fb48] Writing "589. foo bar"
19:47:17.249 [reactor-http-nio-4] DEBUG o.s.c.c.CharSequenceEncoder - [f2b1fb48] Writing "590. foo bar"
19:47:17.249 [reactor-http-nio-4] DEBUG o.s.c.c.CharSequenceEncoder - [f2b1fb48] Writing "591. foo bar"
19:47:17.249 [reactor-http-nio-4] DEBUG o.s.c.c.CharSequenceEncoder - [f2b1fb48] Writing "592. foo bar"
19:47:17.249 [reactor-http-nio-4] DEBUG o.s.c.c.CharSequenceEncoder - [f2b1fb48] Writing "593. foo bar"
19:47:17.249 [reactor-http-nio-4] DEBUG o.s.c.c.CharSequenceEncoder - [f2b1fb48] Writing "594. foo bar"
19:47:17.249 [reactor-http-nio-4] DEBUG o.s.c.c.CharSequenceEncoder - [f2b1fb48] Writing "595. foo bar"
19:47:17.250 [reactor-http-nio-4] DEBUG o.s.c.c.CharSequenceEncoder - [f2b1fb48] Writing "596. foo bar"
19:47:17.250 [reactor-http-nio-4] DEBUG o.s.c.c.CharSequenceEncoder - [f2b1fb48] Writing "597. foo bar"
19:47:17.250 [reactor-http-nio-4] DEBUG o.s.c.c.CharSequenceEncoder - [f2b1fb48] Writing "598. foo bar"
19:47:17.250 [reactor-http-nio-4] DEBUG o.s.c.c.CharSequenceEncoder - [f2b1fb48] Writing "599. foo bar"
19:47:17.250 [reactor-http-nio-4] DEBUG o.s.c.c.CharSequenceEncoder - [f2b1fb48] Writing "600. foo bar"
19:47:17.250 [reactor-http-nio-4] DEBUG o.s.c.c.CharSequenceEncoder - [f2b1fb48] Writing "601. foo bar"
19:47:17.250 [reactor-http-nio-4] DEBUG o.s.c.c.CharSequenceEncoder - [f2b1fb48] Writing "602. foo bar"
19:47:17.250 [reactor-http-nio-4] DEBUG o.s.c.c.CharSequenceEncoder - [f2b1fb48] Writing "603. foo bar"
19:47:17.250 [reactor-http-nio-4] DEBUG o.s.c.c.CharSequenceEncoder - [f2b1fb48] Writing "604. foo bar"
19:47:17.250 [reactor-http-nio-4] DEBUG o.s.c.c.CharSequenceEncoder - [f2b1fb48] Writing "605. foo bar"
19:47:17.250 [reactor-http-nio-4] DEBUG o.s.c.c.CharSequenceEncoder - [f2b1fb48] Writing "606. foo bar"
19:47:17.250 [reactor-http-nio-4] DEBUG o.s.c.c.CharSequenceEncoder - [f2b1fb48] Writing "607. foo bar"
19:47:17.250 [reactor-http-nio-4] DEBUG o.s.c.c.CharSequenceEncoder - [f2b1fb48] Writing "608. foo bar"
19:47:17.250 [reactor-http-nio-4] DEBUG o.s.c.c.CharSequenceEncoder - [f2b1fb48] Writing "609. foo bar"
19:47:17.250 [reactor-http-nio-4] DEBUG o.s.c.c.CharSequenceEncoder - [f2b1fb48] Writing "610. foo bar"
19:47:17.250 [reactor-http-nio-4] DEBUG o.s.c.c.CharSequenceEncoder - [f2b1fb48] Writing "611. foo bar"
19:47:17.250 [reactor-http-nio-4] DEBUG o.s.c.c.CharSequenceEncoder - [f2b1fb48] Writing "612. foo bar"
19:47:17.250 [reactor-http-nio-4] DEBUG o.s.c.c.CharSequenceEncoder - [f2b1fb48] Writing "613. foo bar"
19:47:17.250 [reactor-http-nio-4] DEBUG o.s.c.c.CharSequenceEncoder - [f2b1fb48] Writing "614. foo bar"
19:47:17.250 [reactor-http-nio-4] DEBUG o.s.c.c.CharSequenceEncoder - [f2b1fb48] Writing "615. foo bar"
19:47:17.250 [reactor-http-nio-4] DEBUG o.s.c.c.CharSequenceEncoder - [f2b1fb48] Writing "616. foo bar"
19:47:17.250 [reactor-http-nio-4] DEBUG o.s.c.c.CharSequenceEncoder - [f2b1fb48] Writing "617. foo bar"
19:47:17.251 [reactor-http-nio-4] DEBUG o.s.c.c.CharSequenceEncoder - [f2b1fb48] Writing "618. foo bar"
19:47:17.251 [reactor-http-nio-4] DEBUG o.s.c.c.CharSequenceEncoder - [f2b1fb48] Writing "619. foo bar"
19:47:17.251 [reactor-http-nio-4] DEBUG o.s.c.c.CharSequenceEncoder - [f2b1fb48] Writing "620. foo bar"
19:47:17.251 [reactor-http-nio-4] DEBUG o.s.c.c.CharSequenceEncoder - [f2b1fb48] Writing "621. foo bar"
19:47:17.251 [reactor-http-nio-4] DEBUG o.s.c.c.CharSequenceEncoder - [f2b1fb48] Writing "622. foo bar"
19:47:17.251 [reactor-http-nio-4] DEBUG o.s.c.c.CharSequenceEncoder - [f2b1fb48] Writing "623. foo bar"
19:47:17.251 [reactor-http-nio-4] DEBUG o.s.c.c.CharSequenceEncoder - [f2b1fb48] Writing "624. foo bar"
19:47:17.251 [reactor-http-nio-4] DEBUG o.s.c.c.CharSequenceEncoder - [f2b1fb48] Writing "625. foo bar"
19:47:17.251 [reactor-http-nio-4] DEBUG o.s.c.c.CharSequenceEncoder - [f2b1fb48] Writing "626. foo bar"
19:47:17.251 [reactor-http-nio-4] DEBUG o.s.c.c.CharSequenceEncoder - [f2b1fb48] Writing "627. foo bar"
19:47:17.251 [reactor-http-nio-4] DEBUG o.s.c.c.CharSequenceEncoder - [f2b1fb48] Writing "628. foo bar"
19:47:17.251 [reactor-http-nio-4] DEBUG o.s.c.c.CharSequenceEncoder - [f2b1fb48] Writing "629. foo bar"
19:47:17.251 [reactor-http-nio-4] DEBUG o.s.c.c.CharSequenceEncoder - [f2b1fb48] Writing "630. foo bar"
19:47:17.251 [reactor-http-nio-4] DEBUG o.s.c.c.CharSequenceEncoder - [f2b1fb48] Writing "631. foo bar"
19:47:17.251 [reactor-http-nio-4] DEBUG o.s.c.c.CharSequenceEncoder - [f2b1fb48] Writing "632. foo bar"
19:47:17.251 [reactor-http-nio-4] DEBUG o.s.c.c.CharSequenceEncoder - [f2b1fb48] Writing "633. foo bar"
19:47:17.251 [reactor-http-nio-4] DEBUG o.s.c.c.CharSequenceEncoder - [f2b1fb48] Writing "634. foo bar"
19:47:17.251 [reactor-http-nio-4] DEBUG o.s.c.c.CharSequenceEncoder - [f2b1fb48] Writing "635. foo bar"
19:47:17.251 [reactor-http-nio-4] DEBUG o.s.c.c.CharSequenceEncoder - [f2b1fb48] Writing "636. foo bar"
19:47:17.252 [reactor-http-nio-4] DEBUG o.s.c.c.CharSequenceEncoder - [f2b1fb48] Writing "637. foo bar"
19:47:17.252 [reactor-http-nio-4] DEBUG o.s.c.c.CharSequenceEncoder - [f2b1fb48] Writing "638. foo bar"
19:47:17.252 [reactor-http-nio-4] DEBUG o.s.c.c.CharSequenceEncoder - [f2b1fb48] Writing "639. foo bar"
19:47:17.252 [reactor-http-nio-4] DEBUG o.s.c.c.CharSequenceEncoder - [f2b1fb48] Writing "640. foo bar"
19:47:17.265 [reactor-http-nio-4] DEBUG o.s.c.c.CharSequenceEncoder - [f2b1fb48] Writing "641. foo bar"
19:47:17.265 [reactor-http-nio-4] DEBUG o.s.c.c.CharSequenceEncoder - [f2b1fb48] Writing "642. foo bar"
19:47:17.265 [reactor-http-nio-4] DEBUG o.s.c.c.CharSequenceEncoder - [f2b1fb48] Writing "643. foo bar"
19:47:17.265 [reactor-http-nio-4] DEBUG o.s.c.c.CharSequenceEncoder - [f2b1fb48] Writing "644. foo bar"
19:47:17.265 [reactor-http-nio-4] DEBUG o.s.c.c.CharSequenceEncoder - [f2b1fb48] Writing "645. foo bar"
19:47:17.266 [reactor-http-nio-4] DEBUG o.s.c.c.CharSequenceEncoder - [f2b1fb48] Writing "646. foo bar"
19:47:17.266 [reactor-http-nio-4] DEBUG o.s.c.c.CharSequenceEncoder - [f2b1fb48] Writing "647. foo bar"
19:47:17.266 [reactor-http-nio-4] DEBUG o.s.c.c.CharSequenceEncoder - [f2b1fb48] Writing "648. foo bar"
19:47:17.266 [reactor-http-nio-4] DEBUG o.s.c.c.CharSequenceEncoder - [f2b1fb48] Writing "649. foo bar"
19:47:17.266 [reactor-http-nio-4] DEBUG o.s.c.c.CharSequenceEncoder - [f2b1fb48] Writing "650. foo bar"
19:47:17.266 [reactor-http-nio-4] DEBUG o.s.c.c.CharSequenceEncoder - [f2b1fb48] Writing "651. foo bar"
19:47:17.266 [reactor-http-nio-4] DEBUG o.s.c.c.CharSequenceEncoder - [f2b1fb48] Writing "652. foo bar"
19:47:17.266 [reactor-http-nio-4] DEBUG o.s.c.c.CharSequenceEncoder - [f2b1fb48] Writing "653. foo bar"
19:47:17.266 [reactor-http-nio-4] DEBUG o.s.c.c.CharSequenceEncoder - [f2b1fb48] Writing "654. foo bar"
19:47:17.266 [reactor-http-nio-4] DEBUG o.s.c.c.CharSequenceEncoder - [f2b1fb48] Writing "655. foo bar"
19:47:17.266 [reactor-http-nio-4] DEBUG o.s.c.c.CharSequenceEncoder - [f2b1fb48] Writing "656. foo bar"
19:47:17.266 [reactor-http-nio-4] DEBUG o.s.c.c.CharSequenceEncoder - [f2b1fb48] Writing "657. foo bar"
19:47:17.266 [reactor-http-nio-4] DEBUG o.s.c.c.CharSequenceEncoder - [f2b1fb48] Writing "658. foo bar"
19:47:17.266 [reactor-http-nio-4] DEBUG o.s.c.c.CharSequenceEncoder - [f2b1fb48] Writing "659. foo bar"
19:47:17.266 [reactor-http-nio-4] DEBUG o.s.c.c.CharSequenceEncoder - [f2b1fb48] Writing "660. foo bar"
19:47:17.266 [reactor-http-nio-4] DEBUG o.s.c.c.CharSequenceEncoder - [f2b1fb48] Writing "661. foo bar"
19:47:17.266 [reactor-http-nio-4] DEBUG o.s.c.c.CharSequenceEncoder - [f2b1fb48] Writing "662. foo bar"
19:47:17.266 [reactor-http-nio-4] DEBUG o.s.c.c.CharSequenceEncoder - [f2b1fb48] Writing "663. foo bar"
19:47:17.267 [reactor-http-nio-4] DEBUG o.s.c.c.CharSequenceEncoder - [f2b1fb48] Writing "664. foo bar"
19:47:17.267 [reactor-http-nio-4] DEBUG o.s.c.c.CharSequenceEncoder - [f2b1fb48] Writing "665. foo bar"
19:47:17.267 [reactor-http-nio-4] DEBUG o.s.c.c.CharSequenceEncoder - [f2b1fb48] Writing "666. foo bar"
19:47:17.267 [reactor-http-nio-4] DEBUG o.s.c.c.CharSequenceEncoder - [f2b1fb48] Writing "667. foo bar"
19:47:17.267 [reactor-http-nio-4] DEBUG o.s.c.c.CharSequenceEncoder - [f2b1fb48] Writing "668. foo bar"
19:47:17.267 [reactor-http-nio-4] DEBUG o.s.c.c.CharSequenceEncoder - [f2b1fb48] Writing "669. foo bar"
19:47:17.267 [reactor-http-nio-4] DEBUG o.s.c.c.CharSequenceEncoder - [f2b1fb48] Writing "670. foo bar"
19:47:17.267 [reactor-http-nio-4] DEBUG o.s.c.c.CharSequenceEncoder - [f2b1fb48] Writing "671. foo bar"
19:47:17.267 [reactor-http-nio-4] DEBUG o.s.c.c.CharSequenceEncoder - [f2b1fb48] Writing "672. foo bar"
19:47:17.267 [reactor-http-nio-4] DEBUG o.s.c.c.CharSequenceEncoder - [f2b1fb48] Writing "673. foo bar"
19:47:17.267 [reactor-http-nio-4] DEBUG o.s.c.c.CharSequenceEncoder - [f2b1fb48] Writing "674. foo bar"
19:47:17.267 [reactor-http-nio-4] DEBUG o.s.c.c.CharSequenceEncoder - [f2b1fb48] Writing "675. foo bar"
19:47:17.268 [reactor-http-nio-4] DEBUG o.s.c.c.CharSequenceEncoder - [f2b1fb48] Writing "676. foo bar"
19:47:17.268 [reactor-http-nio-4] DEBUG o.s.c.c.CharSequenceEncoder - [f2b1fb48] Writing "677. foo bar"
19:47:17.268 [reactor-http-nio-4] DEBUG o.s.c.c.CharSequenceEncoder - [f2b1fb48] Writing "678. foo bar"
19:47:17.268 [reactor-http-nio-4] DEBUG o.s.c.c.CharSequenceEncoder - [f2b1fb48] Writing "679. foo bar"
19:47:17.268 [reactor-http-nio-4] DEBUG o.s.c.c.CharSequenceEncoder - [f2b1fb48] Writing "680. foo bar"
19:47:17.268 [reactor-http-nio-4] DEBUG o.s.c.c.CharSequenceEncoder - [f2b1fb48] Writing "681. foo bar"
19:47:17.268 [reactor-http-nio-4] DEBUG o.s.c.c.CharSequenceEncoder - [f2b1fb48] Writing "682. foo bar"
19:47:17.268 [reactor-http-nio-4] DEBUG o.s.c.c.CharSequenceEncoder - [f2b1fb48] Writing "683. foo bar"
19:47:17.268 [reactor-http-nio-4] DEBUG o.s.c.c.CharSequenceEncoder - [f2b1fb48] Writing "684. foo bar"
19:47:17.268 [reactor-http-nio-4] DEBUG o.s.c.c.CharSequenceEncoder - [f2b1fb48] Writing "685. foo bar"
19:47:17.268 [reactor-http-nio-4] DEBUG o.s.c.c.CharSequenceEncoder - [f2b1fb48] Writing "686. foo bar"
19:47:17.268 [reactor-http-nio-4] DEBUG o.s.c.c.CharSequenceEncoder - [f2b1fb48] Writing "687. foo bar"
19:47:17.268 [reactor-http-nio-4] DEBUG o.s.c.c.CharSequenceEncoder - [f2b1fb48] Writing "688. foo bar"
19:47:17.268 [reactor-http-nio-4] DEBUG o.s.c.c.CharSequenceEncoder - [f2b1fb48] Writing "689. foo bar"
19:47:17.268 [reactor-http-nio-4] DEBUG o.s.c.c.CharSequenceEncoder - [f2b1fb48] Writing "690. foo bar"
19:47:17.268 [reactor-http-nio-4] DEBUG o.s.c.c.CharSequenceEncoder - [f2b1fb48] Writing "691. foo bar"
19:47:17.268 [reactor-http-nio-4] DEBUG o.s.c.c.CharSequenceEncoder - [f2b1fb48] Writing "692. foo bar"
19:47:17.268 [reactor-http-nio-4] DEBUG o.s.c.c.CharSequenceEncoder - [f2b1fb48] Writing "693. foo bar"
19:47:17.268 [reactor-http-nio-4] DEBUG o.s.c.c.CharSequenceEncoder - [f2b1fb48] Writing "694. foo bar"
19:47:17.268 [reactor-http-nio-4] DEBUG o.s.c.c.CharSequenceEncoder - [f2b1fb48] Writing "695. foo bar"
19:47:17.268 [reactor-http-nio-4] DEBUG o.s.c.c.CharSequenceEncoder - [f2b1fb48] Writing "696. foo bar"
19:47:17.268 [reactor-http-nio-4] DEBUG o.s.c.c.CharSequenceEncoder - [f2b1fb48] Writing "697. foo bar"
19:47:17.268 [reactor-http-nio-4] DEBUG o.s.c.c.CharSequenceEncoder - [f2b1fb48] Writing "698. foo bar"
19:47:17.269 [reactor-http-nio-4] DEBUG o.s.c.c.CharSequenceEncoder - [f2b1fb48] Writing "699. foo bar"
19:47:17.269 [reactor-http-nio-4] DEBUG o.s.c.c.CharSequenceEncoder - [f2b1fb48] Writing "700. foo bar"
19:47:17.269 [reactor-http-nio-4] DEBUG o.s.c.c.CharSequenceEncoder - [f2b1fb48] Writing "701. foo bar"
19:47:17.269 [reactor-http-nio-4] DEBUG o.s.c.c.CharSequenceEncoder - [f2b1fb48] Writing "702. foo bar"
19:47:17.269 [reactor-http-nio-4] DEBUG o.s.c.c.CharSequenceEncoder - [f2b1fb48] Writing "703. foo bar"
19:47:17.269 [reactor-http-nio-4] DEBUG o.s.c.c.CharSequenceEncoder - [f2b1fb48] Writing "704. foo bar"
19:47:17.277 [reactor-http-nio-4] DEBUG o.s.c.c.CharSequenceEncoder - [f2b1fb48] Writing "705. foo bar"
19:47:17.277 [reactor-http-nio-4] DEBUG o.s.c.c.CharSequenceEncoder - [f2b1fb48] Writing "706. foo bar"
19:47:17.277 [reactor-http-nio-4] DEBUG o.s.c.c.CharSequenceEncoder - [f2b1fb48] Writing "707. foo bar"
19:47:17.277 [reactor-http-nio-4] DEBUG o.s.c.c.CharSequenceEncoder - [f2b1fb48] Writing "708. foo bar"
19:47:17.277 [reactor-http-nio-4] DEBUG o.s.c.c.CharSequenceEncoder - [f2b1fb48] Writing "709. foo bar"
19:47:17.278 [reactor-http-nio-4] DEBUG o.s.c.c.CharSequenceEncoder - [f2b1fb48] Writing "710. foo bar"
19:47:17.278 [reactor-http-nio-4] DEBUG o.s.c.c.CharSequenceEncoder - [f2b1fb48] Writing "711. foo bar"
19:47:17.278 [reactor-http-nio-4] DEBUG o.s.c.c.CharSequenceEncoder - [f2b1fb48] Writing "712. foo bar"
19:47:17.278 [reactor-http-nio-4] DEBUG o.s.c.c.CharSequenceEncoder - [f2b1fb48] Writing "713. foo bar"
19:47:17.278 [reactor-http-nio-4] DEBUG o.s.c.c.CharSequenceEncoder - [f2b1fb48] Writing "714. foo bar"
19:47:17.278 [reactor-http-nio-4] DEBUG o.s.c.c.CharSequenceEncoder - [f2b1fb48] Writing "715. foo bar"
19:47:17.278 [reactor-http-nio-4] DEBUG o.s.c.c.CharSequenceEncoder - [f2b1fb48] Writing "716. foo bar"
19:47:17.278 [reactor-http-nio-4] DEBUG o.s.c.c.CharSequenceEncoder - [f2b1fb48] Writing "717. foo bar"
19:47:17.278 [reactor-http-nio-4] DEBUG o.s.c.c.CharSequenceEncoder - [f2b1fb48] Writing "718. foo bar"
19:47:17.278 [reactor-http-nio-4] DEBUG o.s.c.c.CharSequenceEncoder - [f2b1fb48] Writing "719. foo bar"
19:47:17.278 [reactor-http-nio-4] DEBUG o.s.c.c.CharSequenceEncoder - [f2b1fb48] Writing "720. foo bar"
19:47:17.278 [reactor-http-nio-4] DEBUG o.s.c.c.CharSequenceEncoder - [f2b1fb48] Writing "721. foo bar"
19:47:17.278 [reactor-http-nio-4] DEBUG o.s.c.c.CharSequenceEncoder - [f2b1fb48] Writing "722. foo bar"
19:47:17.278 [reactor-http-nio-4] DEBUG o.s.c.c.CharSequenceEncoder - [f2b1fb48] Writing "723. foo bar"
19:47:17.278 [reactor-http-nio-4] DEBUG o.s.c.c.CharSequenceEncoder - [f2b1fb48] Writing "724. foo bar"
19:47:17.278 [reactor-http-nio-4] DEBUG o.s.c.c.CharSequenceEncoder - [f2b1fb48] Writing "725. foo bar"
19:47:17.278 [reactor-http-nio-4] DEBUG o.s.c.c.CharSequenceEncoder - [f2b1fb48] Writing "726. foo bar"
19:47:17.278 [reactor-http-nio-4] DEBUG o.s.c.c.CharSequenceEncoder - [f2b1fb48] Writing "727. foo bar"
19:47:17.278 [reactor-http-nio-4] DEBUG o.s.c.c.CharSequenceEncoder - [f2b1fb48] Writing "728. foo bar"
19:47:17.278 [reactor-http-nio-4] DEBUG o.s.c.c.CharSequenceEncoder - [f2b1fb48] Writing "729. foo bar"
19:47:17.278 [reactor-http-nio-4] DEBUG o.s.c.c.CharSequenceEncoder - [f2b1fb48] Writing "730. foo bar"
19:47:17.278 [reactor-http-nio-4] DEBUG o.s.c.c.CharSequenceEncoder - [f2b1fb48] Writing "731. foo bar"
19:47:17.278 [reactor-http-nio-4] DEBUG o.s.c.c.CharSequenceEncoder - [f2b1fb48] Writing "732. foo bar"
19:47:17.278 [reactor-http-nio-4] DEBUG o.s.c.c.CharSequenceEncoder - [f2b1fb48] Writing "733. foo bar"
19:47:17.278 [reactor-http-nio-4] DEBUG o.s.c.c.CharSequenceEncoder - [f2b1fb48] Writing "734. foo bar"
19:47:17.278 [reactor-http-nio-4] DEBUG o.s.c.c.CharSequenceEncoder - [f2b1fb48] Writing "735. foo bar"
19:47:17.279 [reactor-http-nio-4] DEBUG o.s.c.c.CharSequenceEncoder - [f2b1fb48] Writing "736. foo bar"
19:47:17.279 [reactor-http-nio-4] DEBUG o.s.c.c.CharSequenceEncoder - [f2b1fb48] Writing "737. foo bar"
19:47:17.279 [reactor-http-nio-4] DEBUG o.s.c.c.CharSequenceEncoder - [f2b1fb48] Writing "738. foo bar"
19:47:17.279 [reactor-http-nio-4] DEBUG o.s.c.c.CharSequenceEncoder - [f2b1fb48] Writing "739. foo bar"
19:47:17.279 [reactor-http-nio-4] DEBUG o.s.c.c.CharSequenceEncoder - [f2b1fb48] Writing "740. foo bar"
19:47:17.279 [reactor-http-nio-4] DEBUG o.s.c.c.CharSequenceEncoder - [f2b1fb48] Writing "741. foo bar"
19:47:17.279 [reactor-http-nio-4] DEBUG o.s.c.c.CharSequenceEncoder - [f2b1fb48] Writing "742. foo bar"
19:47:17.279 [reactor-http-nio-4] DEBUG o.s.c.c.CharSequenceEncoder - [f2b1fb48] Writing "743. foo bar"
19:47:17.279 [reactor-http-nio-4] DEBUG o.s.c.c.CharSequenceEncoder - [f2b1fb48] Writing "744. foo bar"
19:47:17.279 [reactor-http-nio-4] DEBUG o.s.c.c.CharSequenceEncoder - [f2b1fb48] Writing "745. foo bar"
19:47:17.279 [reactor-http-nio-4] DEBUG o.s.c.c.CharSequenceEncoder - [f2b1fb48] Writing "746. foo bar"
19:47:17.279 [reactor-http-nio-4] DEBUG o.s.c.c.CharSequenceEncoder - [f2b1fb48] Writing "747. foo bar"
19:47:17.279 [reactor-http-nio-4] DEBUG o.s.c.c.CharSequenceEncoder - [f2b1fb48] Writing "748. foo bar"
19:47:17.279 [reactor-http-nio-4] DEBUG o.s.c.c.CharSequenceEncoder - [f2b1fb48] Writing "749. foo bar"
19:47:17.279 [reactor-http-nio-4] DEBUG o.s.c.c.CharSequenceEncoder - [f2b1fb48] Writing "750. foo bar"
19:47:17.279 [reactor-http-nio-4] DEBUG o.s.c.c.CharSequenceEncoder - [f2b1fb48] Writing "751. foo bar"
19:47:17.279 [reactor-http-nio-4] DEBUG o.s.c.c.CharSequenceEncoder - [f2b1fb48] Writing "752. foo bar"
19:47:17.279 [reactor-http-nio-4] DEBUG o.s.c.c.CharSequenceEncoder - [f2b1fb48] Writing "753. foo bar"
19:47:17.279 [reactor-http-nio-4] DEBUG o.s.c.c.CharSequenceEncoder - [f2b1fb48] Writing "754. foo bar"
19:47:17.279 [reactor-http-nio-4] DEBUG o.s.c.c.CharSequenceEncoder - [f2b1fb48] Writing "755. foo bar"
19:47:17.279 [reactor-http-nio-4] DEBUG o.s.c.c.CharSequenceEncoder - [f2b1fb48] Writing "756. foo bar"
19:47:17.279 [reactor-http-nio-4] DEBUG o.s.c.c.CharSequenceEncoder - [f2b1fb48] Writing "757. foo bar"
19:47:17.279 [reactor-http-nio-4] DEBUG o.s.c.c.CharSequenceEncoder - [f2b1fb48] Writing "758. foo bar"
19:47:17.279 [reactor-http-nio-4] DEBUG o.s.c.c.CharSequenceEncoder - [f2b1fb48] Writing "759. foo bar"
19:47:17.279 [reactor-http-nio-4] DEBUG o.s.c.c.CharSequenceEncoder - [f2b1fb48] Writing "760. foo bar"
19:47:17.279 [reactor-http-nio-4] DEBUG o.s.c.c.CharSequenceEncoder - [f2b1fb48] Writing "761. foo bar"
19:47:17.279 [reactor-http-nio-4] DEBUG o.s.c.c.CharSequenceEncoder - [f2b1fb48] Writing "762. foo bar"
19:47:17.279 [reactor-http-nio-4] DEBUG o.s.c.c.CharSequenceEncoder - [f2b1fb48] Writing "763. foo bar"
19:47:17.280 [reactor-http-nio-4] DEBUG o.s.c.c.CharSequenceEncoder - [f2b1fb48] Writing "764. foo bar"
19:47:17.280 [reactor-http-nio-4] DEBUG o.s.c.c.CharSequenceEncoder - [f2b1fb48] Writing "765. foo bar"
19:47:17.280 [reactor-http-nio-4] DEBUG o.s.c.c.CharSequenceEncoder - [f2b1fb48] Writing "766. foo bar"
19:47:17.280 [reactor-http-nio-4] DEBUG o.s.c.c.CharSequenceEncoder - [f2b1fb48] Writing "767. foo bar"
19:47:17.280 [reactor-http-nio-4] DEBUG o.s.c.c.CharSequenceEncoder - [f2b1fb48] Writing "768. foo bar"
19:47:17.289 [reactor-http-nio-4] DEBUG o.s.c.c.CharSequenceEncoder - [f2b1fb48] Writing "769. foo bar"
19:47:17.289 [reactor-http-nio-4] DEBUG o.s.c.c.CharSequenceEncoder - [f2b1fb48] Writing "770. foo bar"
19:47:17.289 [reactor-http-nio-4] DEBUG o.s.c.c.CharSequenceEncoder - [f2b1fb48] Writing "771. foo bar"
19:47:17.289 [reactor-http-nio-4] DEBUG o.s.c.c.CharSequenceEncoder - [f2b1fb48] Writing "772. foo bar"
19:47:17.289 [reactor-http-nio-4] DEBUG o.s.c.c.CharSequenceEncoder - [f2b1fb48] Writing "773. foo bar"
19:47:17.289 [reactor-http-nio-4] DEBUG o.s.c.c.CharSequenceEncoder - [f2b1fb48] Writing "774. foo bar"
19:47:17.289 [reactor-http-nio-4] DEBUG o.s.c.c.CharSequenceEncoder - [f2b1fb48] Writing "775. foo bar"
19:47:17.289 [reactor-http-nio-4] DEBUG o.s.c.c.CharSequenceEncoder - [f2b1fb48] Writing "776. foo bar"
19:47:17.289 [reactor-http-nio-4] DEBUG o.s.c.c.CharSequenceEncoder - [f2b1fb48] Writing "777. foo bar"
19:47:17.289 [reactor-http-nio-4] DEBUG o.s.c.c.CharSequenceEncoder - [f2b1fb48] Writing "778. foo bar"
19:47:17.289 [reactor-http-nio-4] DEBUG o.s.c.c.CharSequenceEncoder - [f2b1fb48] Writing "779. foo bar"
19:47:17.289 [reactor-http-nio-4] DEBUG o.s.c.c.CharSequenceEncoder - [f2b1fb48] Writing "780. foo bar"
19:47:17.290 [reactor-http-nio-4] DEBUG o.s.c.c.CharSequenceEncoder - [f2b1fb48] Writing "781. foo bar"
19:47:17.290 [reactor-http-nio-4] DEBUG o.s.c.c.CharSequenceEncoder - [f2b1fb48] Writing "782. foo bar"
19:47:17.290 [reactor-http-nio-4] DEBUG o.s.c.c.CharSequenceEncoder - [f2b1fb48] Writing "783. foo bar"
19:47:17.290 [reactor-http-nio-4] DEBUG o.s.c.c.CharSequenceEncoder - [f2b1fb48] Writing "784. foo bar"
19:47:17.290 [reactor-http-nio-4] DEBUG o.s.c.c.CharSequenceEncoder - [f2b1fb48] Writing "785. foo bar"
19:47:17.290 [reactor-http-nio-4] DEBUG o.s.c.c.CharSequenceEncoder - [f2b1fb48] Writing "786. foo bar"
19:47:17.290 [reactor-http-nio-4] DEBUG o.s.c.c.CharSequenceEncoder - [f2b1fb48] Writing "787. foo bar"
19:47:17.290 [reactor-http-nio-4] DEBUG o.s.c.c.CharSequenceEncoder - [f2b1fb48] Writing "788. foo bar"
19:47:17.290 [reactor-http-nio-4] DEBUG o.s.c.c.CharSequenceEncoder - [f2b1fb48] Writing "789. foo bar"
19:47:17.290 [reactor-http-nio-4] DEBUG o.s.c.c.CharSequenceEncoder - [f2b1fb48] Writing "790. foo bar"
19:47:17.290 [reactor-http-nio-4] DEBUG o.s.c.c.CharSequenceEncoder - [f2b1fb48] Writing "791. foo bar"
19:47:17.290 [reactor-http-nio-4] DEBUG o.s.c.c.CharSequenceEncoder - [f2b1fb48] Writing "792. foo bar"
19:47:17.290 [reactor-http-nio-4] DEBUG o.s.c.c.CharSequenceEncoder - [f2b1fb48] Writing "793. foo bar"
19:47:17.290 [reactor-http-nio-4] DEBUG o.s.c.c.CharSequenceEncoder - [f2b1fb48] Writing "794. foo bar"
19:47:17.290 [reactor-http-nio-4] DEBUG o.s.c.c.CharSequenceEncoder - [f2b1fb48] Writing "795. foo bar"
19:47:17.290 [reactor-http-nio-4] DEBUG o.s.c.c.CharSequenceEncoder - [f2b1fb48] Writing "796. foo bar"
19:47:17.290 [reactor-http-nio-4] DEBUG o.s.c.c.CharSequenceEncoder - [f2b1fb48] Writing "797. foo bar"
19:47:17.290 [reactor-http-nio-4] DEBUG o.s.c.c.CharSequenceEncoder - [f2b1fb48] Writing "798. foo bar"
19:47:17.290 [reactor-http-nio-4] DEBUG o.s.c.c.CharSequenceEncoder - [f2b1fb48] Writing "799. foo bar"
19:47:17.290 [reactor-http-nio-4] DEBUG o.s.c.c.CharSequenceEncoder - [f2b1fb48] Writing "800. foo bar"
19:47:17.290 [reactor-http-nio-4] DEBUG o.s.c.c.CharSequenceEncoder - [f2b1fb48] Writing "801. foo bar"
19:47:17.290 [reactor-http-nio-4] DEBUG o.s.c.c.CharSequenceEncoder - [f2b1fb48] Writing "802. foo bar"
19:47:17.290 [reactor-http-nio-4] DEBUG o.s.c.c.CharSequenceEncoder - [f2b1fb48] Writing "803. foo bar"
19:47:17.290 [reactor-http-nio-4] DEBUG o.s.c.c.CharSequenceEncoder - [f2b1fb48] Writing "804. foo bar"
19:47:17.290 [reactor-http-nio-4] DEBUG o.s.c.c.CharSequenceEncoder - [f2b1fb48] Writing "805. foo bar"
19:47:17.290 [reactor-http-nio-4] DEBUG o.s.c.c.CharSequenceEncoder - [f2b1fb48] Writing "806. foo bar"
19:47:17.290 [reactor-http-nio-4] DEBUG o.s.c.c.CharSequenceEncoder - [f2b1fb48] Writing "807. foo bar"
19:47:17.290 [reactor-http-nio-4] DEBUG o.s.c.c.CharSequenceEncoder - [f2b1fb48] Writing "808. foo bar"
19:47:17.290 [reactor-http-nio-4] DEBUG o.s.c.c.CharSequenceEncoder - [f2b1fb48] Writing "809. foo bar"
19:47:17.291 [reactor-http-nio-4] DEBUG o.s.c.c.CharSequenceEncoder - [f2b1fb48] Writing "810. foo bar"
19:47:17.291 [reactor-http-nio-4] DEBUG o.s.c.c.CharSequenceEncoder - [f2b1fb48] Writing "811. foo bar"
19:47:17.291 [reactor-http-nio-4] DEBUG o.s.c.c.CharSequenceEncoder - [f2b1fb48] Writing "812. foo bar"
19:47:17.291 [reactor-http-nio-4] DEBUG o.s.c.c.CharSequenceEncoder - [f2b1fb48] Writing "813. foo bar"
19:47:17.291 [reactor-http-nio-4] DEBUG o.s.c.c.CharSequenceEncoder - [f2b1fb48] Writing "814. foo bar"
19:47:17.291 [reactor-http-nio-4] DEBUG o.s.c.c.CharSequenceEncoder - [f2b1fb48] Writing "815. foo bar"
19:47:17.291 [reactor-http-nio-4] DEBUG o.s.c.c.CharSequenceEncoder - [f2b1fb48] Writing "816. foo bar"
19:47:17.291 [reactor-http-nio-4] DEBUG o.s.c.c.CharSequenceEncoder - [f2b1fb48] Writing "817. foo bar"
19:47:17.291 [reactor-http-nio-4] DEBUG o.s.c.c.CharSequenceEncoder - [f2b1fb48] Writing "818. foo bar"
19:47:17.291 [reactor-http-nio-4] DEBUG o.s.c.c.CharSequenceEncoder - [f2b1fb48] Writing "819. foo bar"
19:47:17.291 [reactor-http-nio-4] DEBUG o.s.c.c.CharSequenceEncoder - [f2b1fb48] Writing "820. foo bar"
19:47:17.291 [reactor-http-nio-4] DEBUG o.s.c.c.CharSequenceEncoder - [f2b1fb48] Writing "821. foo bar"
19:47:17.291 [reactor-http-nio-4] DEBUG o.s.c.c.CharSequenceEncoder - [f2b1fb48] Writing "822. foo bar"
19:47:17.291 [reactor-http-nio-4] DEBUG o.s.c.c.CharSequenceEncoder - [f2b1fb48] Writing "823. foo bar"
19:47:17.291 [reactor-http-nio-4] DEBUG o.s.c.c.CharSequenceEncoder - [f2b1fb48] Writing "824. foo bar"
19:47:17.291 [reactor-http-nio-4] DEBUG o.s.c.c.CharSequenceEncoder - [f2b1fb48] Writing "825. foo bar"
19:47:17.291 [reactor-http-nio-4] DEBUG o.s.c.c.CharSequenceEncoder - [f2b1fb48] Writing "826. foo bar"
19:47:17.291 [reactor-http-nio-4] DEBUG o.s.c.c.CharSequenceEncoder - [f2b1fb48] Writing "827. foo bar"
19:47:17.291 [reactor-http-nio-4] DEBUG o.s.c.c.CharSequenceEncoder - [f2b1fb48] Writing "828. foo bar"
19:47:17.291 [reactor-http-nio-4] DEBUG o.s.c.c.CharSequenceEncoder - [f2b1fb48] Writing "829. foo bar"
19:47:17.291 [reactor-http-nio-4] DEBUG o.s.c.c.CharSequenceEncoder - [f2b1fb48] Writing "830. foo bar"
19:47:17.291 [reactor-http-nio-4] DEBUG o.s.c.c.CharSequenceEncoder - [f2b1fb48] Writing "831. foo bar"
19:47:17.291 [reactor-http-nio-4] DEBUG o.s.c.c.CharSequenceEncoder - [f2b1fb48] Writing "832. foo bar"
19:47:17.300 [reactor-http-nio-4] DEBUG o.s.c.c.CharSequenceEncoder - [f2b1fb48] Writing "833. foo bar"
19:47:17.301 [reactor-http-nio-4] DEBUG o.s.c.c.CharSequenceEncoder - [f2b1fb48] Writing "834. foo bar"
19:47:17.301 [reactor-http-nio-4] DEBUG o.s.c.c.CharSequenceEncoder - [f2b1fb48] Writing "835. foo bar"
19:47:17.301 [reactor-http-nio-4] DEBUG o.s.c.c.CharSequenceEncoder - [f2b1fb48] Writing "836. foo bar"
19:47:17.301 [reactor-http-nio-4] DEBUG o.s.c.c.CharSequenceEncoder - [f2b1fb48] Writing "837. foo bar"
19:47:17.301 [reactor-http-nio-4] DEBUG o.s.c.c.CharSequenceEncoder - [f2b1fb48] Writing "838. foo bar"
19:47:17.301 [reactor-http-nio-4] DEBUG o.s.c.c.CharSequenceEncoder - [f2b1fb48] Writing "839. foo bar"
19:47:17.301 [reactor-http-nio-4] DEBUG o.s.c.c.CharSequenceEncoder - [f2b1fb48] Writing "840. foo bar"
19:47:17.301 [reactor-http-nio-4] DEBUG o.s.c.c.CharSequenceEncoder - [f2b1fb48] Writing "841. foo bar"
19:47:17.301 [reactor-http-nio-4] DEBUG o.s.c.c.CharSequenceEncoder - [f2b1fb48] Writing "842. foo bar"
19:47:17.302 [reactor-http-nio-4] DEBUG o.s.c.c.CharSequenceEncoder - [f2b1fb48] Writing "843. foo bar"
19:47:17.302 [reactor-http-nio-4] DEBUG o.s.c.c.CharSequenceEncoder - [f2b1fb48] Writing "844. foo bar"
19:47:17.302 [reactor-http-nio-4] DEBUG o.s.c.c.CharSequenceEncoder - [f2b1fb48] Writing "845. foo bar"
19:47:17.302 [reactor-http-nio-4] DEBUG o.s.c.c.CharSequenceEncoder - [f2b1fb48] Writing "846. foo bar"
19:47:17.302 [reactor-http-nio-4] DEBUG o.s.c.c.CharSequenceEncoder - [f2b1fb48] Writing "847. foo bar"
19:47:17.302 [reactor-http-nio-4] DEBUG o.s.c.c.CharSequenceEncoder - [f2b1fb48] Writing "848. foo bar"
19:47:17.302 [reactor-http-nio-4] DEBUG o.s.c.c.CharSequenceEncoder - [f2b1fb48] Writing "849. foo bar"
19:47:17.302 [reactor-http-nio-4] DEBUG o.s.c.c.CharSequenceEncoder - [f2b1fb48] Writing "850. foo bar"
19:47:17.302 [reactor-http-nio-4] DEBUG o.s.c.c.CharSequenceEncoder - [f2b1fb48] Writing "851. foo bar"
19:47:17.302 [reactor-http-nio-4] DEBUG o.s.c.c.CharSequenceEncoder - [f2b1fb48] Writing "852. foo bar"
19:47:17.303 [reactor-http-nio-4] DEBUG o.s.c.c.CharSequenceEncoder - [f2b1fb48] Writing "853. foo bar"
19:47:17.303 [reactor-http-nio-4] DEBUG o.s.c.c.CharSequenceEncoder - [f2b1fb48] Writing "854. foo bar"
19:47:17.303 [reactor-http-nio-4] DEBUG o.s.c.c.CharSequenceEncoder - [f2b1fb48] Writing "855. foo bar"
19:47:17.303 [reactor-http-nio-4] DEBUG o.s.c.c.CharSequenceEncoder - [f2b1fb48] Writing "856. foo bar"
19:47:17.303 [reactor-http-nio-4] DEBUG o.s.c.c.CharSequenceEncoder - [f2b1fb48] Writing "857. foo bar"
19:47:17.303 [reactor-http-nio-4] DEBUG o.s.c.c.CharSequenceEncoder - [f2b1fb48] Writing "858. foo bar"
19:47:17.303 [reactor-http-nio-4] DEBUG o.s.c.c.CharSequenceEncoder - [f2b1fb48] Writing "859. foo bar"
19:47:17.303 [reactor-http-nio-4] DEBUG o.s.c.c.CharSequenceEncoder - [f2b1fb48] Writing "860. foo bar"
19:47:17.303 [reactor-http-nio-4] DEBUG o.s.c.c.CharSequenceEncoder - [f2b1fb48] Writing "861. foo bar"
19:47:17.303 [reactor-http-nio-4] DEBUG o.s.c.c.CharSequenceEncoder - [f2b1fb48] Writing "862. foo bar"
19:47:17.303 [reactor-http-nio-4] DEBUG o.s.c.c.CharSequenceEncoder - [f2b1fb48] Writing "863. foo bar"
19:47:17.303 [reactor-http-nio-4] DEBUG o.s.c.c.CharSequenceEncoder - [f2b1fb48] Writing "864. foo bar"
19:47:17.303 [reactor-http-nio-4] DEBUG o.s.c.c.CharSequenceEncoder - [f2b1fb48] Writing "865. foo bar"
19:47:17.303 [reactor-http-nio-4] DEBUG o.s.c.c.CharSequenceEncoder - [f2b1fb48] Writing "866. foo bar"
19:47:17.303 [reactor-http-nio-4] DEBUG o.s.c.c.CharSequenceEncoder - [f2b1fb48] Writing "867. foo bar"
19:47:17.303 [reactor-http-nio-4] DEBUG o.s.c.c.CharSequenceEncoder - [f2b1fb48] Writing "868. foo bar"
19:47:17.303 [reactor-http-nio-4] DEBUG o.s.c.c.CharSequenceEncoder - [f2b1fb48] Writing "869. foo bar"
19:47:17.304 [reactor-http-nio-4] DEBUG o.s.c.c.CharSequenceEncoder - [f2b1fb48] Writing "870. foo bar"
19:47:17.304 [reactor-http-nio-4] DEBUG o.s.c.c.CharSequenceEncoder - [f2b1fb48] Writing "871. foo bar"
19:47:17.304 [reactor-http-nio-4] DEBUG o.s.c.c.CharSequenceEncoder - [f2b1fb48] Writing "872. foo bar"
19:47:17.304 [reactor-http-nio-4] DEBUG o.s.c.c.CharSequenceEncoder - [f2b1fb48] Writing "873. foo bar"
19:47:17.304 [reactor-http-nio-4] DEBUG o.s.c.c.CharSequenceEncoder - [f2b1fb48] Writing "874. foo bar"
19:47:17.304 [reactor-http-nio-4] DEBUG o.s.c.c.CharSequenceEncoder - [f2b1fb48] Writing "875. foo bar"
19:47:17.304 [reactor-http-nio-4] DEBUG o.s.c.c.CharSequenceEncoder - [f2b1fb48] Writing "876. foo bar"
19:47:17.304 [reactor-http-nio-4] DEBUG o.s.c.c.CharSequenceEncoder - [f2b1fb48] Writing "877. foo bar"
19:47:17.304 [reactor-http-nio-4] DEBUG o.s.c.c.CharSequenceEncoder - [f2b1fb48] Writing "878. foo bar"
19:47:17.304 [reactor-http-nio-4] DEBUG o.s.c.c.CharSequenceEncoder - [f2b1fb48] Writing "879. foo bar"
19:47:17.304 [reactor-http-nio-4] DEBUG o.s.c.c.CharSequenceEncoder - [f2b1fb48] Writing "880. foo bar"
19:47:17.304 [reactor-http-nio-4] DEBUG o.s.c.c.CharSequenceEncoder - [f2b1fb48] Writing "881. foo bar"
19:47:17.304 [reactor-http-nio-4] DEBUG o.s.c.c.CharSequenceEncoder - [f2b1fb48] Writing "882. foo bar"
19:47:17.304 [reactor-http-nio-4] DEBUG o.s.c.c.CharSequenceEncoder - [f2b1fb48] Writing "883. foo bar"
19:47:17.304 [reactor-http-nio-4] DEBUG o.s.c.c.CharSequenceEncoder - [f2b1fb48] Writing "884. foo bar"
19:47:17.305 [reactor-http-nio-4] DEBUG o.s.c.c.CharSequenceEncoder - [f2b1fb48] Writing "885. foo bar"
19:47:17.305 [reactor-http-nio-4] DEBUG o.s.c.c.CharSequenceEncoder - [f2b1fb48] Writing "886. foo bar"
19:47:17.305 [reactor-http-nio-4] DEBUG o.s.c.c.CharSequenceEncoder - [f2b1fb48] Writing "887. foo bar"
19:47:17.305 [reactor-http-nio-4] DEBUG o.s.c.c.CharSequenceEncoder - [f2b1fb48] Writing "888. foo bar"
19:47:17.305 [reactor-http-nio-4] DEBUG o.s.c.c.CharSequenceEncoder - [f2b1fb48] Writing "889. foo bar"
19:47:17.305 [reactor-http-nio-4] DEBUG o.s.c.c.CharSequenceEncoder - [f2b1fb48] Writing "890. foo bar"
19:47:17.305 [reactor-http-nio-4] DEBUG o.s.c.c.CharSequenceEncoder - [f2b1fb48] Writing "891. foo bar"
19:47:17.305 [reactor-http-nio-4] DEBUG o.s.c.c.CharSequenceEncoder - [f2b1fb48] Writing "892. foo bar"
19:47:17.305 [reactor-http-nio-4] DEBUG o.s.c.c.CharSequenceEncoder - [f2b1fb48] Writing "893. foo bar"
19:47:17.305 [reactor-http-nio-4] DEBUG o.s.c.c.CharSequenceEncoder - [f2b1fb48] Writing "894. foo bar"
19:47:17.306 [reactor-http-nio-4] DEBUG o.s.c.c.CharSequenceEncoder - [f2b1fb48] Writing "895. foo bar"
19:47:17.306 [reactor-http-nio-4] DEBUG o.s.c.c.CharSequenceEncoder - [f2b1fb48] Writing "896. foo bar"
19:47:17.320 [reactor-http-nio-4] DEBUG o.s.c.c.CharSequenceEncoder - [f2b1fb48] Writing "897. foo bar"
19:47:17.320 [reactor-http-nio-4] DEBUG o.s.c.c.CharSequenceEncoder - [f2b1fb48] Writing "898. foo bar"
19:47:17.320 [reactor-http-nio-4] DEBUG o.s.c.c.CharSequenceEncoder - [f2b1fb48] Writing "899. foo bar"
19:47:17.320 [reactor-http-nio-4] DEBUG o.s.c.c.CharSequenceEncoder - [f2b1fb48] Writing "900. foo bar"
19:47:17.320 [reactor-http-nio-4] DEBUG o.s.c.c.CharSequenceEncoder - [f2b1fb48] Writing "901. foo bar"
19:47:17.320 [reactor-http-nio-4] DEBUG o.s.c.c.CharSequenceEncoder - [f2b1fb48] Writing "902. foo bar"
19:47:17.321 [reactor-http-nio-4] DEBUG o.s.c.c.CharSequenceEncoder - [f2b1fb48] Writing "903. foo bar"
19:47:17.321 [reactor-http-nio-4] DEBUG o.s.c.c.CharSequenceEncoder - [f2b1fb48] Writing "904. foo bar"
19:47:17.321 [reactor-http-nio-4] DEBUG o.s.c.c.CharSequenceEncoder - [f2b1fb48] Writing "905. foo bar"
19:47:17.321 [reactor-http-nio-4] DEBUG o.s.c.c.CharSequenceEncoder - [f2b1fb48] Writing "906. foo bar"
19:47:17.321 [reactor-http-nio-4] DEBUG o.s.c.c.CharSequenceEncoder - [f2b1fb48] Writing "907. foo bar"
19:47:17.321 [reactor-http-nio-4] DEBUG o.s.c.c.CharSequenceEncoder - [f2b1fb48] Writing "908. foo bar"
19:47:17.321 [reactor-http-nio-4] DEBUG o.s.c.c.CharSequenceEncoder - [f2b1fb48] Writing "909. foo bar"
19:47:17.321 [reactor-http-nio-4] DEBUG o.s.c.c.CharSequenceEncoder - [f2b1fb48] Writing "910. foo bar"
19:47:17.321 [reactor-http-nio-4] DEBUG o.s.c.c.CharSequenceEncoder - [f2b1fb48] Writing "911. foo bar"
19:47:17.322 [reactor-http-nio-4] DEBUG o.s.c.c.CharSequenceEncoder - [f2b1fb48] Writing "912. foo bar"
19:47:17.322 [reactor-http-nio-4] DEBUG o.s.c.c.CharSequenceEncoder - [f2b1fb48] Writing "913. foo bar"
19:47:17.322 [reactor-http-nio-4] DEBUG o.s.c.c.CharSequenceEncoder - [f2b1fb48] Writing "914. foo bar"
19:47:17.322 [reactor-http-nio-4] DEBUG o.s.c.c.CharSequenceEncoder - [f2b1fb48] Writing "915. foo bar"
19:47:17.322 [reactor-http-nio-4] DEBUG o.s.c.c.CharSequenceEncoder - [f2b1fb48] Writing "916. foo bar"
19:47:17.322 [reactor-http-nio-4] DEBUG o.s.c.c.CharSequenceEncoder - [f2b1fb48] Writing "917. foo bar"
19:47:17.322 [reactor-http-nio-4] DEBUG o.s.c.c.CharSequenceEncoder - [f2b1fb48] Writing "918. foo bar"
19:47:17.322 [reactor-http-nio-4] DEBUG o.s.c.c.CharSequenceEncoder - [f2b1fb48] Writing "919. foo bar"
19:47:17.322 [reactor-http-nio-4] DEBUG o.s.c.c.CharSequenceEncoder - [f2b1fb48] Writing "920. foo bar"
19:47:17.323 [reactor-http-nio-4] DEBUG o.s.c.c.CharSequenceEncoder - [f2b1fb48] Writing "921. foo bar"
19:47:17.323 [reactor-http-nio-4] DEBUG o.s.c.c.CharSequenceEncoder - [f2b1fb48] Writing "922. foo bar"
19:47:17.323 [reactor-http-nio-4] DEBUG o.s.c.c.CharSequenceEncoder - [f2b1fb48] Writing "923. foo bar"
19:47:17.323 [reactor-http-nio-4] DEBUG o.s.c.c.CharSequenceEncoder - [f2b1fb48] Writing "924. foo bar"
19:47:17.323 [reactor-http-nio-4] DEBUG o.s.c.c.CharSequenceEncoder - [f2b1fb48] Writing "925. foo bar"
19:47:17.323 [reactor-http-nio-4] DEBUG o.s.c.c.CharSequenceEncoder - [f2b1fb48] Writing "926. foo bar"
19:47:17.323 [reactor-http-nio-4] DEBUG o.s.c.c.CharSequenceEncoder - [f2b1fb48] Writing "927. foo bar"
19:47:17.323 [reactor-http-nio-4] DEBUG o.s.c.c.CharSequenceEncoder - [f2b1fb48] Writing "928. foo bar"
19:47:17.323 [reactor-http-nio-4] DEBUG o.s.c.c.CharSequenceEncoder - [f2b1fb48] Writing "929. foo bar"
19:47:17.324 [reactor-http-nio-4] DEBUG o.s.c.c.CharSequenceEncoder - [f2b1fb48] Writing "930. foo bar"
19:47:17.324 [reactor-http-nio-4] DEBUG o.s.c.c.CharSequenceEncoder - [f2b1fb48] Writing "931. foo bar"
19:47:17.324 [reactor-http-nio-4] DEBUG o.s.c.c.CharSequenceEncoder - [f2b1fb48] Writing "932. foo bar"
19:47:17.324 [reactor-http-nio-4] DEBUG o.s.c.c.CharSequenceEncoder - [f2b1fb48] Writing "933. foo bar"
19:47:17.324 [reactor-http-nio-4] DEBUG o.s.c.c.CharSequenceEncoder - [f2b1fb48] Writing "934. foo bar"
19:47:17.324 [reactor-http-nio-4] DEBUG o.s.c.c.CharSequenceEncoder - [f2b1fb48] Writing "935. foo bar"
19:47:17.324 [reactor-http-nio-4] DEBUG o.s.c.c.CharSequenceEncoder - [f2b1fb48] Writing "936. foo bar"
19:47:17.324 [reactor-http-nio-4] DEBUG o.s.c.c.CharSequenceEncoder - [f2b1fb48] Writing "937. foo bar"
19:47:17.324 [reactor-http-nio-4] DEBUG o.s.c.c.CharSequenceEncoder - [f2b1fb48] Writing "938. foo bar"
19:47:17.324 [reactor-http-nio-4] DEBUG o.s.c.c.CharSequenceEncoder - [f2b1fb48] Writing "939. foo bar"
19:47:17.324 [reactor-http-nio-4] DEBUG o.s.c.c.CharSequenceEncoder - [f2b1fb48] Writing "940. foo bar"
19:47:17.324 [reactor-http-nio-4] DEBUG o.s.c.c.CharSequenceEncoder - [f2b1fb48] Writing "941. foo bar"
19:47:17.324 [reactor-http-nio-4] DEBUG o.s.c.c.CharSequenceEncoder - [f2b1fb48] Writing "942. foo bar"
19:47:17.324 [reactor-http-nio-4] DEBUG o.s.c.c.CharSequenceEncoder - [f2b1fb48] Writing "943. foo bar"
19:47:17.324 [reactor-http-nio-4] DEBUG o.s.c.c.CharSequenceEncoder - [f2b1fb48] Writing "944. foo bar"
19:47:17.324 [reactor-http-nio-4] DEBUG o.s.c.c.CharSequenceEncoder - [f2b1fb48] Writing "945. foo bar"
19:47:17.325 [reactor-http-nio-4] DEBUG o.s.c.c.CharSequenceEncoder - [f2b1fb48] Writing "946. foo bar"
19:47:17.325 [reactor-http-nio-4] DEBUG o.s.c.c.CharSequenceEncoder - [f2b1fb48] Writing "947. foo bar"
19:47:17.325 [reactor-http-nio-4] DEBUG o.s.c.c.CharSequenceEncoder - [f2b1fb48] Writing "948. foo bar"
19:47:17.325 [reactor-http-nio-4] DEBUG o.s.c.c.CharSequenceEncoder - [f2b1fb48] Writing "949. foo bar"
19:47:17.325 [reactor-http-nio-4] DEBUG o.s.c.c.CharSequenceEncoder - [f2b1fb48] Writing "950. foo bar"
19:47:17.325 [reactor-http-nio-4] DEBUG o.s.c.c.CharSequenceEncoder - [f2b1fb48] Writing "951. foo bar"
19:47:17.325 [reactor-http-nio-4] DEBUG o.s.c.c.CharSequenceEncoder - [f2b1fb48] Writing "952. foo bar"
19:47:17.325 [reactor-http-nio-4] DEBUG o.s.c.c.CharSequenceEncoder - [f2b1fb48] Writing "953. foo bar"
19:47:17.325 [reactor-http-nio-4] DEBUG o.s.c.c.CharSequenceEncoder - [f2b1fb48] Writing "954. foo bar"
19:47:17.325 [reactor-http-nio-4] DEBUG o.s.c.c.CharSequenceEncoder - [f2b1fb48] Writing "955. foo bar"
19:47:17.325 [reactor-http-nio-4] DEBUG o.s.c.c.CharSequenceEncoder - [f2b1fb48] Writing "956. foo bar"
19:47:17.325 [reactor-http-nio-4] DEBUG o.s.c.c.CharSequenceEncoder - [f2b1fb48] Writing "957. foo bar"
19:47:17.325 [reactor-http-nio-4] DEBUG o.s.c.c.CharSequenceEncoder - [f2b1fb48] Writing "958. foo bar"
19:47:17.325 [reactor-http-nio-4] DEBUG o.s.c.c.CharSequenceEncoder - [f2b1fb48] Writing "959. foo bar"
19:47:17.325 [reactor-http-nio-4] DEBUG o.s.c.c.CharSequenceEncoder - [f2b1fb48] Writing "960. foo bar"
19:47:17.341 [reactor-http-nio-4] DEBUG o.s.c.c.CharSequenceEncoder - [f2b1fb48] Writing "961. foo bar"
19:47:17.341 [reactor-http-nio-4] DEBUG o.s.c.c.CharSequenceEncoder - [f2b1fb48] Writing "962. foo bar"
19:47:17.341 [reactor-http-nio-4] DEBUG o.s.c.c.CharSequenceEncoder - [f2b1fb48] Writing "963. foo bar"
19:47:17.341 [reactor-http-nio-4] DEBUG o.s.c.c.CharSequenceEncoder - [f2b1fb48] Writing "964. foo bar"
19:47:17.341 [reactor-http-nio-4] DEBUG o.s.c.c.CharSequenceEncoder - [f2b1fb48] Writing "965. foo bar"
19:47:17.341 [reactor-http-nio-4] DEBUG o.s.c.c.CharSequenceEncoder - [f2b1fb48] Writing "966. foo bar"
19:47:17.341 [reactor-http-nio-4] DEBUG o.s.c.c.CharSequenceEncoder - [f2b1fb48] Writing "967. foo bar"
19:47:17.341 [reactor-http-nio-4] DEBUG o.s.c.c.CharSequenceEncoder - [f2b1fb48] Writing "968. foo bar"
19:47:17.341 [reactor-http-nio-4] DEBUG o.s.c.c.CharSequenceEncoder - [f2b1fb48] Writing "969. foo bar"
19:47:17.341 [reactor-http-nio-4] DEBUG o.s.c.c.CharSequenceEncoder - [f2b1fb48] Writing "970. foo bar"
19:47:17.341 [reactor-http-nio-4] DEBUG o.s.c.c.CharSequenceEncoder - [f2b1fb48] Writing "971. foo bar"
19:47:17.341 [reactor-http-nio-4] DEBUG o.s.c.c.CharSequenceEncoder - [f2b1fb48] Writing "972. foo bar"
19:47:17.341 [reactor-http-nio-4] DEBUG o.s.c.c.CharSequenceEncoder - [f2b1fb48] Writing "973. foo bar"
19:47:17.341 [reactor-http-nio-4] DEBUG o.s.c.c.CharSequenceEncoder - [f2b1fb48] Writing "974. foo bar"
19:47:17.341 [reactor-http-nio-4] DEBUG o.s.c.c.CharSequenceEncoder - [f2b1fb48] Writing "975. foo bar"
19:47:17.342 [reactor-http-nio-4] DEBUG o.s.c.c.CharSequenceEncoder - [f2b1fb48] Writing "976. foo bar"
19:47:17.342 [reactor-http-nio-4] DEBUG o.s.c.c.CharSequenceEncoder - [f2b1fb48] Writing "977. foo bar"
19:47:17.342 [reactor-http-nio-4] DEBUG o.s.c.c.CharSequenceEncoder - [f2b1fb48] Writing "978. foo bar"
19:47:17.342 [reactor-http-nio-4] DEBUG o.s.c.c.CharSequenceEncoder - [f2b1fb48] Writing "979. foo bar"
19:47:17.342 [reactor-http-nio-4] DEBUG o.s.c.c.CharSequenceEncoder - [f2b1fb48] Writing "980. foo bar"
19:47:17.342 [reactor-http-nio-4] DEBUG o.s.c.c.CharSequenceEncoder - [f2b1fb48] Writing "981. foo bar"
19:47:17.342 [reactor-http-nio-4] DEBUG o.s.c.c.CharSequenceEncoder - [f2b1fb48] Writing "982. foo bar"
19:47:17.342 [reactor-http-nio-4] DEBUG o.s.c.c.CharSequenceEncoder - [f2b1fb48] Writing "983. foo bar"
19:47:17.342 [reactor-http-nio-4] DEBUG o.s.c.c.CharSequenceEncoder - [f2b1fb48] Writing "984. foo bar"
19:47:17.342 [reactor-http-nio-4] DEBUG o.s.c.c.CharSequenceEncoder - [f2b1fb48] Writing "985. foo bar"
19:47:17.342 [reactor-http-nio-4] DEBUG o.s.c.c.CharSequenceEncoder - [f2b1fb48] Writing "986. foo bar"
19:47:17.342 [reactor-http-nio-4] DEBUG o.s.c.c.CharSequenceEncoder - [f2b1fb48] Writing "987. foo bar"
19:47:17.342 [reactor-http-nio-4] DEBUG o.s.c.c.CharSequenceEncoder - [f2b1fb48] Writing "988. foo bar"
19:47:17.342 [reactor-http-nio-4] DEBUG o.s.c.c.CharSequenceEncoder - [f2b1fb48] Writing "989. foo bar"
19:47:17.342 [reactor-http-nio-4] DEBUG o.s.c.c.CharSequenceEncoder - [f2b1fb48] Writing "990. foo bar"
19:47:17.342 [reactor-http-nio-4] DEBUG o.s.c.c.CharSequenceEncoder - [f2b1fb48] Writing "991. foo bar"
19:47:17.354 [reactor-http-nio-4] DEBUG o.s.c.c.CharSequenceEncoder - [f2b1fb48] Writing "992. foo bar"
19:47:17.354 [reactor-http-nio-4] DEBUG o.s.c.c.CharSequenceEncoder - [f2b1fb48] Writing "993. foo bar"
19:47:17.354 [reactor-http-nio-4] DEBUG o.s.c.c.CharSequenceEncoder - [f2b1fb48] Writing "994. foo bar"
19:47:17.354 [reactor-http-nio-4] DEBUG o.s.c.c.CharSequenceEncoder - [f2b1fb48] Writing "995. foo bar"
19:47:17.354 [reactor-http-nio-4] DEBUG o.s.c.c.CharSequenceEncoder - [f2b1fb48] Writing "996. foo bar"
19:47:17.354 [reactor-http-nio-4] DEBUG o.s.c.c.CharSequenceEncoder - [f2b1fb48] Writing "997. foo bar"
19:47:17.354 [reactor-http-nio-4] DEBUG o.s.c.c.CharSequenceEncoder - [f2b1fb48] Writing "998. foo bar"
19:47:17.354 [reactor-http-nio-4] DEBUG o.s.c.c.CharSequenceEncoder - [f2b1fb48] Writing "999. foo bar"
19:47:17.355 [reactor-http-nio-4] ERROR o.s.w.s.a.HttpWebHandlerAdapter - [f2b1fb48] Error [java.lang.RuntimeException: Random error] for HTTP GET "/SPR-16051", but ServerHttpResponse already committed (200 OK)
19:47:17.355 [reactor-http-nio-4] ERROR r.n.h.s.HttpServerOperations - [id: 0xf2b1fb48, L:/127.0.0.1:50349 - R:/127.0.0.1:50350] Error finishing response. Closing connection
java.lang.RuntimeException: Random error
	at org.springframework.web.reactive.result.method.annotation.RequestMappingExceptionHandlingIntegrationTests$TestController.lambda$errors$0(RequestMappingExceptionHandlingIntegrationTests.java:142) ~[test/:?]
	at reactor.core.publisher.FluxMapFuseable$MapFuseableSubscriber.onNext(FluxMapFuseable.java:107) [reactor-core-3.3.0.M2.jar:3.3.0.M2]
	at reactor.core.publisher.FluxRange$RangeSubscription.slowPath(FluxRange.java:154) [reactor-core-3.3.0.M2.jar:3.3.0.M2]
	at reactor.core.publisher.FluxRange$RangeSubscription.request(FluxRange.java:109) [reactor-core-3.3.0.M2.jar:3.3.0.M2]
	at reactor.core.publisher.FluxMapFuseable$MapFuseableSubscriber.request(FluxMapFuseable.java:162) [reactor-core-3.3.0.M2.jar:3.3.0.M2]
	at reactor.core.publisher.FluxMapFuseable$MapFuseableSubscriber.request(FluxMapFuseable.java:162) [reactor-core-3.3.0.M2.jar:3.3.0.M2]
	at org.springframework.http.server.reactive.ChannelSendOperator$WriteBarrier.request(ChannelSendOperator.java:256) [spring-web-5.2.0.BUILD-SNAPSHOT.jar:5.2.0.BUILD-SNAPSHOT]
	at reactor.core.publisher.FluxMap$MapSubscriber.request(FluxMap.java:155) [reactor-core-3.3.0.M2.jar:3.3.0.M2]
	at reactor.netty.channel.MonoSendMany$SendManyInner.run(MonoSendMany.java:314) [reactor-netty-0.9.0.M2.jar:0.9.0.M2]
	at reactor.netty.channel.MonoSendMany$SendManyInner.trySchedule(MonoSendMany.java:371) [reactor-netty-0.9.0.M2.jar:0.9.0.M2]
	at reactor.netty.channel.MonoSendMany$SendManyInner.trySuccess(MonoSendMany.java:493) [reactor-netty-0.9.0.M2.jar:0.9.0.M2]
	at reactor.netty.channel.MonoSendMany$SendManyInner.trySuccess(MonoSendMany.java:92) [reactor-netty-0.9.0.M2.jar:0.9.0.M2]
	at io.netty.util.concurrent.PromiseCombiner.tryPromise(PromiseCombiner.java:170) [netty-common-4.1.36.Final.jar:4.1.36.Final]
	at io.netty.util.concurrent.PromiseCombiner.access$600(PromiseCombiner.java:35) [netty-common-4.1.36.Final.jar:4.1.36.Final]
	at io.netty.util.concurrent.PromiseCombiner$1.operationComplete0(PromiseCombiner.java:62) [netty-common-4.1.36.Final.jar:4.1.36.Final]
	at io.netty.util.concurrent.PromiseCombiner$1.operationComplete(PromiseCombiner.java:44) [netty-common-4.1.36.Final.jar:4.1.36.Final]
	at io.netty.util.concurrent.DefaultPromise.notifyListener0(DefaultPromise.java:502) [netty-common-4.1.36.Final.jar:4.1.36.Final]
	at io.netty.util.concurrent.DefaultPromise.notifyListenersNow(DefaultPromise.java:476) [netty-common-4.1.36.Final.jar:4.1.36.Final]
	at io.netty.util.concurrent.DefaultPromise.notifyListeners(DefaultPromise.java:415) [netty-common-4.1.36.Final.jar:4.1.36.Final]
	at io.netty.util.concurrent.DefaultPromise.setValue0(DefaultPromise.java:540) [netty-common-4.1.36.Final.jar:4.1.36.Final]
	at io.netty.util.concurrent.DefaultPromise.setSuccess0(DefaultPromise.java:529) [netty-common-4.1.36.Final.jar:4.1.36.Final]
	at io.netty.util.concurrent.DefaultPromise.trySuccess(DefaultPromise.java:101) [netty-common-4.1.36.Final.jar:4.1.36.Final]
	at io.netty.util.internal.PromiseNotificationUtil.trySuccess(PromiseNotificationUtil.java:48) [netty-common-4.1.36.Final.jar:4.1.36.Final]
	at io.netty.channel.ChannelOutboundBuffer.safeSuccess(ChannelOutboundBuffer.java:715) [netty-transport-4.1.36.Final.jar:4.1.36.Final]
	at io.netty.channel.ChannelOutboundBuffer.remove(ChannelOutboundBuffer.java:270) [netty-transport-4.1.36.Final.jar:4.1.36.Final]
	at io.netty.channel.ChannelOutboundBuffer.removeBytes(ChannelOutboundBuffer.java:350) [netty-transport-4.1.36.Final.jar:4.1.36.Final]
	at io.netty.channel.socket.nio.NioSocketChannel.doWrite(NioSocketChannel.java:428) [netty-transport-4.1.36.Final.jar:4.1.36.Final]
	at io.netty.channel.AbstractChannel$AbstractUnsafe.flush0(AbstractChannel.java:939) [netty-transport-4.1.36.Final.jar:4.1.36.Final]
	at io.netty.channel.nio.AbstractNioChannel$AbstractNioUnsafe.flush0(AbstractNioChannel.java:360) [netty-transport-4.1.36.Final.jar:4.1.36.Final]
	at io.netty.channel.AbstractChannel$AbstractUnsafe.flush(AbstractChannel.java:906) [netty-transport-4.1.36.Final.jar:4.1.36.Final]
	at io.netty.channel.DefaultChannelPipeline$HeadContext.flush(DefaultChannelPipeline.java:1370) [netty-transport-4.1.36.Final.jar:4.1.36.Final]
	at io.netty.channel.AbstractChannelHandlerContext.invokeFlush0(AbstractChannelHandlerContext.java:749) [netty-transport-4.1.36.Final.jar:4.1.36.Final]
	at io.netty.channel.AbstractChannelHandlerContext.invokeFlush(AbstractChannelHandlerContext.java:741) [netty-transport-4.1.36.Final.jar:4.1.36.Final]
	at io.netty.channel.AbstractChannelHandlerContext.flush(AbstractChannelHandlerContext.java:727) [netty-transport-4.1.36.Final.jar:4.1.36.Final]
	at io.netty.channel.CombinedChannelDuplexHandler$DelegatingChannelHandlerContext.flush(CombinedChannelDuplexHandler.java:533) [netty-transport-4.1.36.Final.jar:4.1.36.Final]
	at io.netty.channel.ChannelOutboundHandlerAdapter.flush(ChannelOutboundHandlerAdapter.java:125) [netty-transport-4.1.36.Final.jar:4.1.36.Final]
	at io.netty.channel.CombinedChannelDuplexHandler.flush(CombinedChannelDuplexHandler.java:358) [netty-transport-4.1.36.Final.jar:4.1.36.Final]
	at io.netty.channel.AbstractChannelHandlerContext.invokeFlush0(AbstractChannelHandlerContext.java:749) [netty-transport-4.1.36.Final.jar:4.1.36.Final]
	at io.netty.channel.AbstractChannelHandlerContext.invokeFlush(AbstractChannelHandlerContext.java:741) [netty-transport-4.1.36.Final.jar:4.1.36.Final]
	at io.netty.channel.AbstractChannelHandlerContext.flush(AbstractChannelHandlerContext.java:727) [netty-transport-4.1.36.Final.jar:4.1.36.Final]
	at reactor.netty.channel.MonoSendMany$SendManyInner$AsyncFlush.run(MonoSendMany.java:589) [reactor-netty-0.9.0.M2.jar:0.9.0.M2]
	at io.netty.util.concurrent.AbstractEventExecutor.safeExecute(AbstractEventExecutor.java:163) [netty-common-4.1.36.Final.jar:4.1.36.Final]
	at io.netty.util.concurrent.SingleThreadEventExecutor.runAllTasks(SingleThreadEventExecutor.java:405) [netty-common-4.1.36.Final.jar:4.1.36.Final]
	at io.netty.channel.nio.NioEventLoop.run(NioEventLoop.java:500) [netty-transport-4.1.36.Final.jar:4.1.36.Final]
	at io.netty.util.concurrent.SingleThreadEventExecutor$5.run(SingleThreadEventExecutor.java:906) [netty-common-4.1.36.Final.jar:4.1.36.Final]
	at io.netty.util.internal.ThreadExecutorMap$2.run(ThreadExecutorMap.java:74) [netty-common-4.1.36.Final.jar:4.1.36.Final]
	at io.netty.util.concurrent.FastThreadLocalRunnable.run(FastThreadLocalRunnable.java:30) [netty-common-4.1.36.Final.jar:4.1.36.Final]
	at java.lang.Thread.run(Thread.java:748) [?:1.8.0_144]
	Suppressed: reactor.core.publisher.FluxOnAssembly$OnAssemblyException: 
Error has been observed at the following site(s):
	|_ checkpoint ⇢ Handler org.springframework.web.reactive.result.method.annotation.RequestMappingExceptionHandlingIntegrationTests$TestController#errors() [DispatcherHandler]
	|_ checkpoint ⇢ HTTP GET "/SPR-16051" [ExceptionHandlingWebHandler]

19:47:17.361 [Test worker] DEBUG o.s.h.s.r.b.ReactorHttpServer - Stopping ReactorHttpServer...
19:47:17.361 [Test worker] DEBUG o.s.h.s.r.b.ReactorHttpServer - Server stopped (0 millis).
19:47:17.451 [Test worker] DEBUG o.s.w.r.r.m.a.RequestMappingHandlerMapping - 6 mappings in 'requestMappingHandlerMapping'
19:47:17.504 [Test worker] DEBUG o.s.w.r.r.m.a.ControllerMethodResolver - ControllerAdvice beans: none
19:47:17.574 [Test worker] DEBUG o.s.w.s.a.HttpWebHandlerAdapter - enableLoggingRequestDetails='false': form data and headers will be masked to prevent unsafe logging of potentially sensitive data
19:47:17.574 [Test worker] DEBUG o.s.h.s.r.b.ReactorHttpServer - Starting ReactorHttpServer...
19:47:17.575 [Test worker] DEBUG o.s.h.s.r.b.ReactorHttpServer - Server started on port 50351(0 millis).
19:47:17.575 [Test worker] DEBUG o.s.w.c.RestTemplate - HTTP GET http://localhost:50351/thrown-exception-with-cause
19:47:17.576 [Test worker] DEBUG o.s.w.c.RestTemplate - Accept=[text/plain, application/json, application/x-jackson-smile, application/*+json, */*]
19:47:17.578 [reactor-http-nio-2] DEBUG o.s.w.s.a.HttpWebHandlerAdapter - [174c7037] HTTP GET "/thrown-exception-with-cause"
19:47:17.579 [reactor-http-nio-2] DEBUG o.s.w.r.r.m.a.RequestMappingHandlerMapping - [174c7037] Mapped to org.springframework.web.reactive.result.method.annotation.RequestMappingExceptionHandlingIntegrationTests$TestController#handleAndThrowExceptionWithCause()
19:47:17.580 [reactor-http-nio-2] DEBUG o.s.w.r.r.m.a.RequestMappingHandlerAdapter - [174c7037] Using @ExceptionHandler org.springframework.web.reactive.result.method.annotation.RequestMappingExceptionHandlingIntegrationTests$TestController#handleStateException(IllegalStateException)
19:47:17.581 [reactor-http-nio-2] DEBUG o.s.w.r.r.m.a.ResponseEntityResultHandler - Using 'text/plain;charset=UTF-8' given [text/plain, application/json, application/x-jackson-smile, application/*+json, */*] and supported [text/plain;charset=UTF-8, text/event-stream, text/plain;charset=UTF-8, */*]
19:47:17.581 [reactor-http-nio-2] DEBUG o.s.w.r.r.m.a.ResponseEntityResultHandler - [174c7037] 0..1 [java.lang.String]
19:47:17.581 [reactor-http-nio-2] DEBUG o.s.c.c.CharSequenceEncoder - [174c7037] Writing "Recovered from error: State"
19:47:17.583 [Test worker] DEBUG o.s.w.c.RestTemplate - Response 200 OK
19:47:17.583 [Test worker] DEBUG o.s.w.c.RestTemplate - Reading to [java.lang.String] as "text/plain;charset=UTF-8"
19:47:17.583 [Test worker] DEBUG o.s.h.s.r.b.ReactorHttpServer - Stopping ReactorHttpServer...
19:47:17.584 [Test worker] DEBUG o.s.h.s.r.b.ReactorHttpServer - Server stopped (0 millis).
19:47:17.659 [Test worker] DEBUG o.s.w.r.r.m.a.RequestMappingHandlerMapping - 6 mappings in 'requestMappingHandlerMapping'
19:47:17.708 [Test worker] DEBUG o.s.w.r.r.m.a.ControllerMethodResolver - ControllerAdvice beans: none
19:47:17.772 [Test worker] DEBUG o.s.w.s.a.HttpWebHandlerAdapter - enableLoggingRequestDetails='false': form data and headers will be masked to prevent unsafe logging of potentially sensitive data
19:47:17.773 [Test worker] DEBUG o.s.h.s.r.b.TomcatHttpServer - Starting TomcatHttpServer...
19:47:17.789 [Test worker] DEBUG o.s.h.s.r.b.TomcatHttpServer - Server started on port 50353(0 millis).
19:47:17.789 [Test worker] DEBUG o.s.w.c.RestTemplate - HTTP GET http://localhost:50353/mono-error
19:47:17.789 [Test worker] DEBUG o.s.w.c.RestTemplate - Accept=[text/plain, application/json, application/x-jackson-smile, application/*+json, */*]
19:47:17.796 [http-nio-auto-6-exec-1] DEBUG o.s.w.s.a.HttpWebHandlerAdapter - [79b40a15] HTTP GET "/mono-error"
19:47:17.796 [http-nio-auto-6-exec-1] DEBUG o.s.w.r.r.m.a.RequestMappingHandlerMapping - [79b40a15] Mapped to org.springframework.web.reactive.result.method.annotation.RequestMappingExceptionHandlingIntegrationTests$TestController#handleWithError()
19:47:17.798 [http-nio-auto-6-exec-1] DEBUG o.s.w.r.r.m.a.ResponseBodyResultHandler - Using 'text/plain;charset=UTF-8' given [text/plain, application/json, application/x-jackson-smile, application/*+json, */*] and supported [text/plain;charset=UTF-8, text/event-stream, text/plain;charset=UTF-8, */*]
19:47:17.798 [http-nio-auto-6-exec-1] DEBUG o.s.w.r.r.m.a.ResponseBodyResultHandler - [79b40a15] 0..1 [java.lang.String]
19:47:17.799 [http-nio-auto-6-exec-1] DEBUG o.s.w.r.r.m.a.RequestMappingHandlerAdapter - [79b40a15] Using @ExceptionHandler org.springframework.web.reactive.result.method.annotation.RequestMappingExceptionHandlingIntegrationTests$TestController#handleArgumentException(IllegalArgumentException)
19:47:17.799 [http-nio-auto-6-exec-1] DEBUG o.s.w.r.r.m.a.ResponseBodyResultHandler - Using 'text/plain;charset=UTF-8' given [text/plain, application/json, application/x-jackson-smile, application/*+json, */*] and supported [text/plain;charset=UTF-8, text/event-stream, text/plain;charset=UTF-8, */*]
19:47:17.799 [http-nio-auto-6-exec-1] DEBUG o.s.w.r.r.m.a.ResponseBodyResultHandler - [79b40a15] 0..1 [java.lang.String]
19:47:17.799 [http-nio-auto-6-exec-1] DEBUG o.s.c.c.CharSequenceEncoder - [79b40a15] Writing "Recovered from error: Argument"
19:47:17.804 [http-nio-auto-6-exec-1] DEBUG o.s.w.s.a.HttpWebHandlerAdapter - [79b40a15] Completed 200 OK
19:47:17.805 [Test worker] DEBUG o.s.w.c.RestTemplate - Response 200 OK
19:47:17.805 [Test worker] DEBUG o.s.w.c.RestTemplate - Reading to [java.lang.String] as "text/plain;charset=UTF-8"
19:47:17.806 [Test worker] DEBUG o.s.h.s.r.b.TomcatHttpServer - Stopping TomcatHttpServer...
19:47:17.825 [Test worker] DEBUG o.s.h.s.r.b.TomcatHttpServer - Server stopped (0 millis).
19:47:17.936 [Test worker] DEBUG o.s.w.r.r.m.a.RequestMappingHandlerMapping - 6 mappings in 'requestMappingHandlerMapping'
19:47:17.982 [Test worker] DEBUG o.s.w.r.r.m.a.ControllerMethodResolver - ControllerAdvice beans: none
19:47:18.051 [Test worker] DEBUG o.s.w.s.a.HttpWebHandlerAdapter - enableLoggingRequestDetails='false': form data and headers will be masked to prevent unsafe logging of potentially sensitive data
19:47:18.052 [Test worker] DEBUG o.s.h.s.r.b.TomcatHttpServer - Starting TomcatHttpServer...
19:47:18.069 [Test worker] DEBUG o.s.h.s.r.b.TomcatHttpServer - Server started on port 50356(0 millis).
19:47:18.069 [Test worker] DEBUG o.s.w.c.RestTemplate - HTTP GET http://localhost:50356/thrown-exception-with-cause-to-handle
19:47:18.070 [Test worker] DEBUG o.s.w.c.RestTemplate - Accept=[text/plain, application/json, application/x-jackson-smile, application/*+json, */*]
19:47:18.073 [http-nio-auto-7-exec-1] DEBUG o.s.w.s.a.HttpWebHandlerAdapter - [3afba61] HTTP GET "/thrown-exception-with-cause-to-handle"
19:47:18.074 [http-nio-auto-7-exec-1] DEBUG o.s.w.r.r.m.a.RequestMappingHandlerMapping - [3afba61] Mapped to org.springframework.web.reactive.result.method.annotation.RequestMappingExceptionHandlingIntegrationTests$TestController#handleAndThrowExceptionWithCauseToHandle()
19:47:18.076 [http-nio-auto-7-exec-1] DEBUG o.s.w.r.r.m.a.RequestMappingHandlerAdapter - [3afba61] Using @ExceptionHandler org.springframework.web.reactive.result.method.annotation.RequestMappingExceptionHandlingIntegrationTests$TestController#handleArgumentException(IOException)
19:47:18.076 [http-nio-auto-7-exec-1] DEBUG o.s.w.r.r.m.a.ResponseBodyResultHandler - Using 'text/plain;charset=UTF-8' given [text/plain, application/json, application/x-jackson-smile, application/*+json, */*] and supported [text/plain;charset=UTF-8, text/event-stream, text/plain;charset=UTF-8, */*]
19:47:18.076 [http-nio-auto-7-exec-1] DEBUG o.s.w.r.r.m.a.ResponseBodyResultHandler - [3afba61] 0..1 [java.lang.String]
19:47:18.076 [http-nio-auto-7-exec-1] DEBUG o.s.c.c.CharSequenceEncoder - [3afba61] Writing "Recovered from error: IO"
19:47:18.078 [http-nio-auto-7-exec-1] DEBUG o.s.w.s.a.HttpWebHandlerAdapter - [3afba61] Completed 200 OK
19:47:18.078 [Test worker] DEBUG o.s.w.c.RestTemplate - Response 200 OK
19:47:18.078 [Test worker] DEBUG o.s.w.c.RestTemplate - Reading to [java.lang.String] as "text/plain;charset=UTF-8"
19:47:18.079 [Test worker] DEBUG o.s.h.s.r.b.TomcatHttpServer - Stopping TomcatHttpServer...
19:47:18.089 [Test worker] DEBUG o.s.h.s.r.b.TomcatHttpServer - Server stopped (0 millis).
19:47:18.186 [Test worker] DEBUG o.s.w.r.r.m.a.RequestMappingHandlerMapping - 6 mappings in 'requestMappingHandlerMapping'
19:47:18.229 [Test worker] DEBUG o.s.w.r.r.m.a.ControllerMethodResolver - ControllerAdvice beans: none
19:47:18.289 [Test worker] DEBUG o.s.w.s.a.HttpWebHandlerAdapter - enableLoggingRequestDetails='false': form data and headers will be masked to prevent unsafe logging of potentially sensitive data
19:47:18.290 [Test worker] DEBUG o.s.h.s.r.b.TomcatHttpServer - Starting TomcatHttpServer...
19:47:18.306 [Test worker] DEBUG o.s.h.s.r.b.TomcatHttpServer - Server started on port 50359(0 millis).
19:47:18.306 [Test worker] DEBUG o.s.w.c.RestTemplate - HTTP GET http://localhost:50359/SPR-16318
19:47:18.306 [Test worker] DEBUG o.s.w.c.RestTemplate - Accept=[text/plain, application/json, application/x-jackson-smile, application/*+json, */*]
19:47:18.310 [http-nio-auto-8-exec-1] DEBUG o.s.w.s.a.HttpWebHandlerAdapter - [5370a6d] HTTP GET "/SPR-16318"
19:47:18.310 [http-nio-auto-8-exec-1] DEBUG o.s.w.r.r.m.a.RequestMappingHandlerMapping - [5370a6d] Mapped to org.springframework.web.reactive.result.method.annotation.RequestMappingExceptionHandlingIntegrationTests$TestController#handleTextPlain()
19:47:18.312 [http-nio-auto-8-exec-1] DEBUG o.s.w.r.r.m.a.ResponseBodyResultHandler - Using 'text/plain' given [text/plain, application/problem+json] and supported [text/plain]
19:47:18.312 [http-nio-auto-8-exec-1] DEBUG o.s.w.r.r.m.a.ResponseBodyResultHandler - [5370a6d] 0..1 [java.lang.String]
19:47:18.313 [http-nio-auto-8-exec-1] DEBUG o.s.w.r.r.m.a.RequestMappingHandlerAdapter - [5370a6d] Using @ExceptionHandler org.springframework.web.reactive.result.method.annotation.RequestMappingExceptionHandlingIntegrationTests$TestController#handle(Spr16318Exception)
19:47:18.314 [http-nio-auto-8-exec-1] DEBUG o.s.w.r.r.m.a.ResponseEntityResultHandler - Using 'application/problem+json' given [text/plain, application/problem+json] and supported [application/json, application/*+json, application/x-jackson-smile, application/*+x-jackson-smile, text/event-stream]
19:47:18.314 [http-nio-auto-8-exec-1] DEBUG o.s.w.r.r.m.a.ResponseEntityResultHandler - [5370a6d] 0..1 [java.util.Map<java.lang.String, java.lang.String>]
19:47:18.314 [http-nio-auto-8-exec-1] DEBUG o.s.h.c.j.Jackson2JsonEncoder - [5370a6d] Encoding [{reason=error}]
19:47:18.316 [http-nio-auto-8-exec-1] DEBUG o.s.w.s.a.HttpWebHandlerAdapter - [5370a6d] Completed 500 INTERNAL_SERVER_ERROR
19:47:18.316 [Test worker] DEBUG o.s.w.c.RestTemplate - Response 500 INTERNAL_SERVER_ERROR
19:47:18.318 [Test worker] DEBUG o.s.h.s.r.b.TomcatHttpServer - Stopping TomcatHttpServer...
19:47:18.335 [Test worker] DEBUG o.s.h.s.r.b.TomcatHttpServer - Server stopped (0 millis).
19:47:18.441 [Test worker] DEBUG o.s.w.r.r.m.a.RequestMappingHandlerMapping - 6 mappings in 'requestMappingHandlerMapping'
19:47:18.498 [Test worker] DEBUG o.s.w.r.r.m.a.ControllerMethodResolver - ControllerAdvice beans: none
19:47:18.564 [Test worker] DEBUG o.s.w.s.a.HttpWebHandlerAdapter - enableLoggingRequestDetails='false': form data and headers will be masked to prevent unsafe logging of potentially sensitive data
19:47:18.566 [Test worker] DEBUG o.s.h.s.r.b.TomcatHttpServer - Starting TomcatHttpServer...
19:47:18.582 [Test worker] DEBUG o.s.h.s.r.b.TomcatHttpServer - Server started on port 50362(0 millis).
19:47:18.582 [Test worker] DEBUG o.s.w.c.RestTemplate - HTTP GET http://localhost:50362/thrown-exception
19:47:18.583 [Test worker] DEBUG o.s.w.c.RestTemplate - Accept=[text/plain, application/json, application/x-jackson-smile, application/*+json, */*]
19:47:18.587 [http-nio-auto-9-exec-1] DEBUG o.s.w.s.a.HttpWebHandlerAdapter - [71902d31] HTTP GET "/thrown-exception"
19:47:18.588 [http-nio-auto-9-exec-1] DEBUG o.s.w.r.r.m.a.RequestMappingHandlerMapping - [71902d31] Mapped to org.springframework.web.reactive.result.method.annotation.RequestMappingExceptionHandlingIntegrationTests$TestController#handleAndThrowException()
19:47:18.589 [http-nio-auto-9-exec-1] DEBUG o.s.w.r.r.m.a.RequestMappingHandlerAdapter - [71902d31] Using @ExceptionHandler org.springframework.web.reactive.result.method.annotation.RequestMappingExceptionHandlingIntegrationTests$TestController#handleStateException(IllegalStateException)
19:47:18.590 [http-nio-auto-9-exec-1] DEBUG o.s.w.r.r.m.a.ResponseEntityResultHandler - Using 'text/plain;charset=UTF-8' given [text/plain, application/json, application/x-jackson-smile, application/*+json, */*] and supported [text/plain;charset=UTF-8, text/event-stream, text/plain;charset=UTF-8, */*]
19:47:18.590 [http-nio-auto-9-exec-1] DEBUG o.s.w.r.r.m.a.ResponseEntityResultHandler - [71902d31] 0..1 [java.lang.String]
19:47:18.590 [http-nio-auto-9-exec-1] DEBUG o.s.c.c.CharSequenceEncoder - [71902d31] Writing "Recovered from error: State"
19:47:18.591 [http-nio-auto-9-exec-1] DEBUG o.s.w.s.a.HttpWebHandlerAdapter - [71902d31] Completed 200 OK
19:47:18.592 [Test worker] DEBUG o.s.w.c.RestTemplate - Response 200 OK
19:47:18.592 [Test worker] DEBUG o.s.w.c.RestTemplate - Reading to [java.lang.String] as "text/plain;charset=UTF-8"
19:47:18.593 [Test worker] DEBUG o.s.h.s.r.b.TomcatHttpServer - Stopping TomcatHttpServer...
19:47:18.602 [Test worker] DEBUG o.s.h.s.r.b.TomcatHttpServer - Server stopped (0 millis).
19:47:18.702 [Test worker] DEBUG o.s.w.r.r.m.a.RequestMappingHandlerMapping - 6 mappings in 'requestMappingHandlerMapping'
19:47:18.756 [Test worker] DEBUG o.s.w.r.r.m.a.ControllerMethodResolver - ControllerAdvice beans: none
19:47:18.812 [Test worker] DEBUG o.s.w.s.a.HttpWebHandlerAdapter - enableLoggingRequestDetails='false': form data and headers will be masked to prevent unsafe logging of potentially sensitive data
19:47:18.813 [Test worker] DEBUG o.s.h.s.r.b.TomcatHttpServer - Starting TomcatHttpServer...
19:47:18.829 [Test worker] DEBUG o.s.h.s.r.b.TomcatHttpServer - Server started on port 50365(0 millis).
19:47:18.829 [Test worker] DEBUG o.s.w.c.RestTemplate - HTTP GET http://localhost:50365/SPR-16051
19:47:18.830 [Test worker] DEBUG o.s.w.c.RestTemplate - Accept=[text/plain, application/json, application/x-jackson-smile, application/*+json, */*]
19:47:18.833 [http-nio-auto-10-exec-1] DEBUG o.s.w.s.a.HttpWebHandlerAdapter - [402bf7f3] HTTP GET "/SPR-16051"
19:47:18.833 [http-nio-auto-10-exec-1] DEBUG o.s.w.r.r.m.a.RequestMappingHandlerMapping - [402bf7f3] Mapped to org.springframework.web.reactive.result.method.annotation.RequestMappingExceptionHandlingIntegrationTests$TestController#errors()
19:47:18.835 [http-nio-auto-10-exec-1] DEBUG o.s.w.r.r.m.a.ResponseBodyResultHandler - Using 'text/plain;charset=UTF-8' given [text/plain, application/json, application/x-jackson-smile, application/*+json, */*] and supported [text/plain;charset=UTF-8, text/event-stream, text/plain;charset=UTF-8, */*]
19:47:18.835 [http-nio-auto-10-exec-1] DEBUG o.s.w.r.r.m.a.ResponseBodyResultHandler - [402bf7f3] 0..N [java.lang.String]
19:47:18.835 [http-nio-auto-10-exec-1] DEBUG o.s.c.c.CharSequenceEncoder - [402bf7f3] Writing "1. foo bar"
19:47:18.835 [http-nio-auto-10-exec-1] DEBUG o.s.c.c.CharSequenceEncoder - [402bf7f3] Writing "2. foo bar"
19:47:18.835 [http-nio-auto-10-exec-1] DEBUG o.s.c.c.CharSequenceEncoder - [402bf7f3] Writing "3. foo bar"
19:47:18.836 [http-nio-auto-10-exec-1] DEBUG o.s.c.c.CharSequenceEncoder - [402bf7f3] Writing "4. foo bar"
19:47:18.836 [http-nio-auto-10-exec-1] DEBUG o.s.c.c.CharSequenceEncoder - [402bf7f3] Writing "5. foo bar"
19:47:18.836 [http-nio-auto-10-exec-1] DEBUG o.s.c.c.CharSequenceEncoder - [402bf7f3] Writing "6. foo bar"
19:47:18.836 [http-nio-auto-10-exec-1] DEBUG o.s.c.c.CharSequenceEncoder - [402bf7f3] Writing "7. foo bar"
19:47:18.836 [http-nio-auto-10-exec-1] DEBUG o.s.c.c.CharSequenceEncoder - [402bf7f3] Writing "8. foo bar"
19:47:18.836 [http-nio-auto-10-exec-1] DEBUG o.s.c.c.CharSequenceEncoder - [402bf7f3] Writing "9. foo bar"
19:47:18.836 [http-nio-auto-10-exec-1] DEBUG o.s.c.c.CharSequenceEncoder - [402bf7f3] Writing "10. foo bar"
19:47:18.836 [http-nio-auto-10-exec-1] DEBUG o.s.c.c.CharSequenceEncoder - [402bf7f3] Writing "11. foo bar"
19:47:18.836 [http-nio-auto-10-exec-1] DEBUG o.s.c.c.CharSequenceEncoder - [402bf7f3] Writing "12. foo bar"
19:47:18.836 [http-nio-auto-10-exec-1] DEBUG o.s.c.c.CharSequenceEncoder - [402bf7f3] Writing "13. foo bar"
19:47:18.836 [http-nio-auto-10-exec-1] DEBUG o.s.c.c.CharSequenceEncoder - [402bf7f3] Writing "14. foo bar"
19:47:18.836 [http-nio-auto-10-exec-1] DEBUG o.s.c.c.CharSequenceEncoder - [402bf7f3] Writing "15. foo bar"
19:47:18.836 [http-nio-auto-10-exec-1] DEBUG o.s.c.c.CharSequenceEncoder - [402bf7f3] Writing "16. foo bar"
19:47:18.837 [http-nio-auto-10-exec-1] DEBUG o.s.c.c.CharSequenceEncoder - [402bf7f3] Writing "17. foo bar"
19:47:18.837 [http-nio-auto-10-exec-1] DEBUG o.s.c.c.CharSequenceEncoder - [402bf7f3] Writing "18. foo bar"
19:47:18.837 [http-nio-auto-10-exec-1] DEBUG o.s.c.c.CharSequenceEncoder - [402bf7f3] Writing "19. foo bar"
19:47:18.837 [http-nio-auto-10-exec-1] DEBUG o.s.c.c.CharSequenceEncoder - [402bf7f3] Writing "20. foo bar"
19:47:18.837 [http-nio-auto-10-exec-1] DEBUG o.s.c.c.CharSequenceEncoder - [402bf7f3] Writing "21. foo bar"
19:47:18.837 [http-nio-auto-10-exec-1] DEBUG o.s.c.c.CharSequenceEncoder - [402bf7f3] Writing "22. foo bar"
19:47:18.837 [http-nio-auto-10-exec-1] DEBUG o.s.c.c.CharSequenceEncoder - [402bf7f3] Writing "23. foo bar"
19:47:18.837 [http-nio-auto-10-exec-1] DEBUG o.s.c.c.CharSequenceEncoder - [402bf7f3] Writing "24. foo bar"
19:47:18.837 [http-nio-auto-10-exec-1] DEBUG o.s.c.c.CharSequenceEncoder - [402bf7f3] Writing "25. foo bar"
19:47:18.837 [http-nio-auto-10-exec-1] DEBUG o.s.c.c.CharSequenceEncoder - [402bf7f3] Writing "26. foo bar"
19:47:18.837 [http-nio-auto-10-exec-1] DEBUG o.s.c.c.CharSequenceEncoder - [402bf7f3] Writing "27. foo bar"
19:47:18.837 [http-nio-auto-10-exec-1] DEBUG o.s.c.c.CharSequenceEncoder - [402bf7f3] Writing "28. foo bar"
19:47:18.837 [http-nio-auto-10-exec-1] DEBUG o.s.c.c.CharSequenceEncoder - [402bf7f3] Writing "29. foo bar"
19:47:18.837 [http-nio-auto-10-exec-1] DEBUG o.s.c.c.CharSequenceEncoder - [402bf7f3] Writing "30. foo bar"
19:47:18.837 [http-nio-auto-10-exec-1] DEBUG o.s.c.c.CharSequenceEncoder - [402bf7f3] Writing "31. foo bar"
19:47:18.838 [http-nio-auto-10-exec-1] DEBUG o.s.c.c.CharSequenceEncoder - [402bf7f3] Writing "32. foo bar"
19:47:18.838 [http-nio-auto-10-exec-1] DEBUG o.s.c.c.CharSequenceEncoder - [402bf7f3] Writing "33. foo bar"
19:47:18.838 [http-nio-auto-10-exec-1] DEBUG o.s.c.c.CharSequenceEncoder - [402bf7f3] Writing "34. foo bar"
19:47:18.838 [http-nio-auto-10-exec-1] DEBUG o.s.c.c.CharSequenceEncoder - [402bf7f3] Writing "35. foo bar"
19:47:18.838 [http-nio-auto-10-exec-1] DEBUG o.s.c.c.CharSequenceEncoder - [402bf7f3] Writing "36. foo bar"
19:47:18.838 [http-nio-auto-10-exec-1] DEBUG o.s.c.c.CharSequenceEncoder - [402bf7f3] Writing "37. foo bar"
19:47:18.838 [http-nio-auto-10-exec-1] DEBUG o.s.c.c.CharSequenceEncoder - [402bf7f3] Writing "38. foo bar"
19:47:18.838 [http-nio-auto-10-exec-1] DEBUG o.s.c.c.CharSequenceEncoder - [402bf7f3] Writing "39. foo bar"
19:47:18.838 [http-nio-auto-10-exec-1] DEBUG o.s.c.c.CharSequenceEncoder - [402bf7f3] Writing "40. foo bar"
19:47:18.838 [http-nio-auto-10-exec-1] DEBUG o.s.c.c.CharSequenceEncoder - [402bf7f3] Writing "41. foo bar"
19:47:18.838 [http-nio-auto-10-exec-1] DEBUG o.s.c.c.CharSequenceEncoder - [402bf7f3] Writing "42. foo bar"
19:47:18.838 [http-nio-auto-10-exec-1] DEBUG o.s.c.c.CharSequenceEncoder - [402bf7f3] Writing "43. foo bar"
19:47:18.838 [http-nio-auto-10-exec-1] DEBUG o.s.c.c.CharSequenceEncoder - [402bf7f3] Writing "44. foo bar"
19:47:18.838 [http-nio-auto-10-exec-1] DEBUG o.s.c.c.CharSequenceEncoder - [402bf7f3] Writing "45. foo bar"
19:47:18.839 [http-nio-auto-10-exec-1] DEBUG o.s.c.c.CharSequenceEncoder - [402bf7f3] Writing "46. foo bar"
19:47:18.839 [http-nio-auto-10-exec-1] DEBUG o.s.c.c.CharSequenceEncoder - [402bf7f3] Writing "47. foo bar"
19:47:18.839 [http-nio-auto-10-exec-1] DEBUG o.s.c.c.CharSequenceEncoder - [402bf7f3] Writing "48. foo bar"
19:47:18.839 [http-nio-auto-10-exec-1] DEBUG o.s.c.c.CharSequenceEncoder - [402bf7f3] Writing "49. foo bar"
19:47:18.839 [http-nio-auto-10-exec-1] DEBUG o.s.c.c.CharSequenceEncoder - [402bf7f3] Writing "50. foo bar"
19:47:18.839 [http-nio-auto-10-exec-1] DEBUG o.s.c.c.CharSequenceEncoder - [402bf7f3] Writing "51. foo bar"
19:47:18.839 [http-nio-auto-10-exec-1] DEBUG o.s.c.c.CharSequenceEncoder - [402bf7f3] Writing "52. foo bar"
19:47:18.839 [http-nio-auto-10-exec-1] DEBUG o.s.c.c.CharSequenceEncoder - [402bf7f3] Writing "53. foo bar"
19:47:18.839 [http-nio-auto-10-exec-1] DEBUG o.s.c.c.CharSequenceEncoder - [402bf7f3] Writing "54. foo bar"
19:47:18.839 [http-nio-auto-10-exec-1] DEBUG o.s.c.c.CharSequenceEncoder - [402bf7f3] Writing "55. foo bar"
19:47:18.839 [http-nio-auto-10-exec-1] DEBUG o.s.c.c.CharSequenceEncoder - [402bf7f3] Writing "56. foo bar"
19:47:18.839 [http-nio-auto-10-exec-1] DEBUG o.s.c.c.CharSequenceEncoder - [402bf7f3] Writing "57. foo bar"
19:47:18.839 [http-nio-auto-10-exec-1] DEBUG o.s.c.c.CharSequenceEncoder - [402bf7f3] Writing "58. foo bar"
19:47:18.840 [http-nio-auto-10-exec-1] DEBUG o.s.c.c.CharSequenceEncoder - [402bf7f3] Writing "59. foo bar"
19:47:18.840 [http-nio-auto-10-exec-1] DEBUG o.s.c.c.CharSequenceEncoder - [402bf7f3] Writing "60. foo bar"
19:47:18.840 [http-nio-auto-10-exec-1] DEBUG o.s.c.c.CharSequenceEncoder - [402bf7f3] Writing "61. foo bar"
19:47:18.840 [http-nio-auto-10-exec-1] DEBUG o.s.c.c.CharSequenceEncoder - [402bf7f3] Writing "62. foo bar"
19:47:18.840 [http-nio-auto-10-exec-1] DEBUG o.s.c.c.CharSequenceEncoder - [402bf7f3] Writing "63. foo bar"
19:47:18.840 [http-nio-auto-10-exec-1] DEBUG o.s.c.c.CharSequenceEncoder - [402bf7f3] Writing "64. foo bar"
19:47:18.840 [http-nio-auto-10-exec-1] DEBUG o.s.c.c.CharSequenceEncoder - [402bf7f3] Writing "65. foo bar"
19:47:18.840 [http-nio-auto-10-exec-1] DEBUG o.s.c.c.CharSequenceEncoder - [402bf7f3] Writing "66. foo bar"
19:47:18.840 [http-nio-auto-10-exec-1] DEBUG o.s.c.c.CharSequenceEncoder - [402bf7f3] Writing "67. foo bar"
19:47:18.840 [http-nio-auto-10-exec-1] DEBUG o.s.c.c.CharSequenceEncoder - [402bf7f3] Writing "68. foo bar"
19:47:18.840 [http-nio-auto-10-exec-1] DEBUG o.s.c.c.CharSequenceEncoder - [402bf7f3] Writing "69. foo bar"
19:47:18.840 [http-nio-auto-10-exec-1] DEBUG o.s.c.c.CharSequenceEncoder - [402bf7f3] Writing "70. foo bar"
19:47:18.840 [http-nio-auto-10-exec-1] DEBUG o.s.c.c.CharSequenceEncoder - [402bf7f3] Writing "71. foo bar"
19:47:18.841 [http-nio-auto-10-exec-1] DEBUG o.s.c.c.CharSequenceEncoder - [402bf7f3] Writing "72. foo bar"
19:47:18.841 [http-nio-auto-10-exec-1] DEBUG o.s.c.c.CharSequenceEncoder - [402bf7f3] Writing "73. foo bar"
19:47:18.841 [http-nio-auto-10-exec-1] DEBUG o.s.c.c.CharSequenceEncoder - [402bf7f3] Writing "74. foo bar"
19:47:18.841 [http-nio-auto-10-exec-1] DEBUG o.s.c.c.CharSequenceEncoder - [402bf7f3] Writing "75. foo bar"
19:47:18.841 [http-nio-auto-10-exec-1] DEBUG o.s.c.c.CharSequenceEncoder - [402bf7f3] Writing "76. foo bar"
19:47:18.841 [http-nio-auto-10-exec-1] DEBUG o.s.c.c.CharSequenceEncoder - [402bf7f3] Writing "77. foo bar"
19:47:18.841 [http-nio-auto-10-exec-1] DEBUG o.s.c.c.CharSequenceEncoder - [402bf7f3] Writing "78. foo bar"
19:47:18.841 [http-nio-auto-10-exec-1] DEBUG o.s.c.c.CharSequenceEncoder - [402bf7f3] Writing "79. foo bar"
19:47:18.841 [http-nio-auto-10-exec-1] DEBUG o.s.c.c.CharSequenceEncoder - [402bf7f3] Writing "80. foo bar"
19:47:18.841 [http-nio-auto-10-exec-1] DEBUG o.s.c.c.CharSequenceEncoder - [402bf7f3] Writing "81. foo bar"
19:47:18.841 [http-nio-auto-10-exec-1] DEBUG o.s.c.c.CharSequenceEncoder - [402bf7f3] Writing "82. foo bar"
19:47:18.841 [http-nio-auto-10-exec-1] DEBUG o.s.c.c.CharSequenceEncoder - [402bf7f3] Writing "83. foo bar"
19:47:18.841 [http-nio-auto-10-exec-1] DEBUG o.s.c.c.CharSequenceEncoder - [402bf7f3] Writing "84. foo bar"
19:47:18.841 [http-nio-auto-10-exec-1] DEBUG o.s.c.c.CharSequenceEncoder - [402bf7f3] Writing "85. foo bar"
19:47:18.842 [http-nio-auto-10-exec-1] DEBUG o.s.c.c.CharSequenceEncoder - [402bf7f3] Writing "86. foo bar"
19:47:18.842 [http-nio-auto-10-exec-1] DEBUG o.s.c.c.CharSequenceEncoder - [402bf7f3] Writing "87. foo bar"
19:47:18.842 [http-nio-auto-10-exec-1] DEBUG o.s.c.c.CharSequenceEncoder - [402bf7f3] Writing "88. foo bar"
19:47:18.842 [http-nio-auto-10-exec-1] DEBUG o.s.c.c.CharSequenceEncoder - [402bf7f3] Writing "89. foo bar"
19:47:18.842 [http-nio-auto-10-exec-1] DEBUG o.s.c.c.CharSequenceEncoder - [402bf7f3] Writing "90. foo bar"
19:47:18.842 [http-nio-auto-10-exec-1] DEBUG o.s.c.c.CharSequenceEncoder - [402bf7f3] Writing "91. foo bar"
19:47:18.842 [http-nio-auto-10-exec-1] DEBUG o.s.c.c.CharSequenceEncoder - [402bf7f3] Writing "92. foo bar"
19:47:18.842 [http-nio-auto-10-exec-1] DEBUG o.s.c.c.CharSequenceEncoder - [402bf7f3] Writing "93. foo bar"
19:47:18.842 [http-nio-auto-10-exec-1] DEBUG o.s.c.c.CharSequenceEncoder - [402bf7f3] Writing "94. foo bar"
19:47:18.842 [http-nio-auto-10-exec-1] DEBUG o.s.c.c.CharSequenceEncoder - [402bf7f3] Writing "95. foo bar"
19:47:18.842 [http-nio-auto-10-exec-1] DEBUG o.s.c.c.CharSequenceEncoder - [402bf7f3] Writing "96. foo bar"
19:47:18.842 [http-nio-auto-10-exec-1] DEBUG o.s.c.c.CharSequenceEncoder - [402bf7f3] Writing "97. foo bar"
19:47:18.842 [http-nio-auto-10-exec-1] DEBUG o.s.c.c.CharSequenceEncoder - [402bf7f3] Writing "98. foo bar"
19:47:18.842 [http-nio-auto-10-exec-1] DEBUG o.s.c.c.CharSequenceEncoder - [402bf7f3] Writing "99. foo bar"
19:47:18.842 [http-nio-auto-10-exec-1] DEBUG o.s.c.c.CharSequenceEncoder - [402bf7f3] Writing "100. foo bar"
19:47:18.842 [http-nio-auto-10-exec-1] DEBUG o.s.c.c.CharSequenceEncoder - [402bf7f3] Writing "101. foo bar"
19:47:18.843 [http-nio-auto-10-exec-1] DEBUG o.s.c.c.CharSequenceEncoder - [402bf7f3] Writing "102. foo bar"
19:47:18.843 [http-nio-auto-10-exec-1] DEBUG o.s.c.c.CharSequenceEncoder - [402bf7f3] Writing "103. foo bar"
19:47:18.843 [http-nio-auto-10-exec-1] DEBUG o.s.c.c.CharSequenceEncoder - [402bf7f3] Writing "104. foo bar"
19:47:18.843 [http-nio-auto-10-exec-1] DEBUG o.s.c.c.CharSequenceEncoder - [402bf7f3] Writing "105. foo bar"
19:47:18.843 [http-nio-auto-10-exec-1] DEBUG o.s.c.c.CharSequenceEncoder - [402bf7f3] Writing "106. foo bar"
19:47:18.843 [http-nio-auto-10-exec-1] DEBUG o.s.c.c.CharSequenceEncoder - [402bf7f3] Writing "107. foo bar"
19:47:18.843 [http-nio-auto-10-exec-1] DEBUG o.s.c.c.CharSequenceEncoder - [402bf7f3] Writing "108. foo bar"
19:47:18.843 [http-nio-auto-10-exec-1] DEBUG o.s.c.c.CharSequenceEncoder - [402bf7f3] Writing "109. foo bar"
19:47:18.843 [http-nio-auto-10-exec-1] DEBUG o.s.c.c.CharSequenceEncoder - [402bf7f3] Writing "110. foo bar"
19:47:18.843 [http-nio-auto-10-exec-1] DEBUG o.s.c.c.CharSequenceEncoder - [402bf7f3] Writing "111. foo bar"
19:47:18.843 [http-nio-auto-10-exec-1] DEBUG o.s.c.c.CharSequenceEncoder - [402bf7f3] Writing "112. foo bar"
19:47:18.843 [http-nio-auto-10-exec-1] DEBUG o.s.c.c.CharSequenceEncoder - [402bf7f3] Writing "113. foo bar"
19:47:18.843 [http-nio-auto-10-exec-1] DEBUG o.s.c.c.CharSequenceEncoder - [402bf7f3] Writing "114. foo bar"
19:47:18.843 [http-nio-auto-10-exec-1] DEBUG o.s.c.c.CharSequenceEncoder - [402bf7f3] Writing "115. foo bar"
19:47:18.843 [http-nio-auto-10-exec-1] DEBUG o.s.c.c.CharSequenceEncoder - [402bf7f3] Writing "116. foo bar"
19:47:18.844 [http-nio-auto-10-exec-1] DEBUG o.s.c.c.CharSequenceEncoder - [402bf7f3] Writing "117. foo bar"
19:47:18.844 [http-nio-auto-10-exec-1] DEBUG o.s.c.c.CharSequenceEncoder - [402bf7f3] Writing "118. foo bar"
19:47:18.844 [http-nio-auto-10-exec-1] DEBUG o.s.c.c.CharSequenceEncoder - [402bf7f3] Writing "119. foo bar"
19:47:18.844 [http-nio-auto-10-exec-1] DEBUG o.s.c.c.CharSequenceEncoder - [402bf7f3] Writing "120. foo bar"
19:47:18.844 [http-nio-auto-10-exec-1] DEBUG o.s.c.c.CharSequenceEncoder - [402bf7f3] Writing "121. foo bar"
19:47:18.844 [http-nio-auto-10-exec-1] DEBUG o.s.c.c.CharSequenceEncoder - [402bf7f3] Writing "122. foo bar"
19:47:18.844 [http-nio-auto-10-exec-1] DEBUG o.s.c.c.CharSequenceEncoder - [402bf7f3] Writing "123. foo bar"
19:47:18.844 [http-nio-auto-10-exec-1] DEBUG o.s.c.c.CharSequenceEncoder - [402bf7f3] Writing "124. foo bar"
19:47:18.844 [http-nio-auto-10-exec-1] DEBUG o.s.c.c.CharSequenceEncoder - [402bf7f3] Writing "125. foo bar"
19:47:18.844 [http-nio-auto-10-exec-1] DEBUG o.s.c.c.CharSequenceEncoder - [402bf7f3] Writing "126. foo bar"
19:47:18.844 [http-nio-auto-10-exec-1] DEBUG o.s.c.c.CharSequenceEncoder - [402bf7f3] Writing "127. foo bar"
19:47:18.845 [http-nio-auto-10-exec-1] DEBUG o.s.c.c.CharSequenceEncoder - [402bf7f3] Writing "128. foo bar"
19:47:18.845 [http-nio-auto-10-exec-1] DEBUG o.s.c.c.CharSequenceEncoder - [402bf7f3] Writing "129. foo bar"
19:47:18.845 [http-nio-auto-10-exec-1] DEBUG o.s.c.c.CharSequenceEncoder - [402bf7f3] Writing "130. foo bar"
19:47:18.845 [http-nio-auto-10-exec-1] DEBUG o.s.c.c.CharSequenceEncoder - [402bf7f3] Writing "131. foo bar"
19:47:18.845 [http-nio-auto-10-exec-1] DEBUG o.s.c.c.CharSequenceEncoder - [402bf7f3] Writing "132. foo bar"
19:47:18.845 [http-nio-auto-10-exec-1] DEBUG o.s.c.c.CharSequenceEncoder - [402bf7f3] Writing "133. foo bar"
19:47:18.845 [http-nio-auto-10-exec-1] DEBUG o.s.c.c.CharSequenceEncoder - [402bf7f3] Writing "134. foo bar"
19:47:18.845 [http-nio-auto-10-exec-1] DEBUG o.s.c.c.CharSequenceEncoder - [402bf7f3] Writing "135. foo bar"
19:47:18.845 [http-nio-auto-10-exec-1] DEBUG o.s.c.c.CharSequenceEncoder - [402bf7f3] Writing "136. foo bar"
19:47:18.845 [http-nio-auto-10-exec-1] DEBUG o.s.c.c.CharSequenceEncoder - [402bf7f3] Writing "137. foo bar"
19:47:18.845 [http-nio-auto-10-exec-1] DEBUG o.s.c.c.CharSequenceEncoder - [402bf7f3] Writing "138. foo bar"
19:47:18.845 [http-nio-auto-10-exec-1] DEBUG o.s.c.c.CharSequenceEncoder - [402bf7f3] Writing "139. foo bar"
19:47:18.845 [http-nio-auto-10-exec-1] DEBUG o.s.c.c.CharSequenceEncoder - [402bf7f3] Writing "140. foo bar"
19:47:18.845 [http-nio-auto-10-exec-1] DEBUG o.s.c.c.CharSequenceEncoder - [402bf7f3] Writing "141. foo bar"
19:47:18.845 [http-nio-auto-10-exec-1] DEBUG o.s.c.c.CharSequenceEncoder - [402bf7f3] Writing "142. foo bar"
19:47:18.845 [http-nio-auto-10-exec-1] DEBUG o.s.c.c.CharSequenceEncoder - [402bf7f3] Writing "143. foo bar"
19:47:18.845 [http-nio-auto-10-exec-1] DEBUG o.s.c.c.CharSequenceEncoder - [402bf7f3] Writing "144. foo bar"
19:47:18.846 [http-nio-auto-10-exec-1] DEBUG o.s.c.c.CharSequenceEncoder - [402bf7f3] Writing "145. foo bar"
19:47:18.846 [http-nio-auto-10-exec-1] DEBUG o.s.c.c.CharSequenceEncoder - [402bf7f3] Writing "146. foo bar"
19:47:18.846 [http-nio-auto-10-exec-1] DEBUG o.s.c.c.CharSequenceEncoder - [402bf7f3] Writing "147. foo bar"
19:47:18.846 [http-nio-auto-10-exec-1] DEBUG o.s.c.c.CharSequenceEncoder - [402bf7f3] Writing "148. foo bar"
19:47:18.846 [http-nio-auto-10-exec-1] DEBUG o.s.c.c.CharSequenceEncoder - [402bf7f3] Writing "149. foo bar"
19:47:18.846 [http-nio-auto-10-exec-1] DEBUG o.s.c.c.CharSequenceEncoder - [402bf7f3] Writing "150. foo bar"
19:47:18.846 [http-nio-auto-10-exec-1] DEBUG o.s.c.c.CharSequenceEncoder - [402bf7f3] Writing "151. foo bar"
19:47:18.846 [http-nio-auto-10-exec-1] DEBUG o.s.c.c.CharSequenceEncoder - [402bf7f3] Writing "152. foo bar"
19:47:18.846 [http-nio-auto-10-exec-1] DEBUG o.s.c.c.CharSequenceEncoder - [402bf7f3] Writing "153. foo bar"
19:47:18.846 [http-nio-auto-10-exec-1] DEBUG o.s.c.c.CharSequenceEncoder - [402bf7f3] Writing "154. foo bar"
19:47:18.846 [http-nio-auto-10-exec-1] DEBUG o.s.c.c.CharSequenceEncoder - [402bf7f3] Writing "155. foo bar"
19:47:18.846 [http-nio-auto-10-exec-1] DEBUG o.s.c.c.CharSequenceEncoder - [402bf7f3] Writing "156. foo bar"
19:47:18.846 [http-nio-auto-10-exec-1] DEBUG o.s.c.c.CharSequenceEncoder - [402bf7f3] Writing "157. foo bar"
19:47:18.846 [http-nio-auto-10-exec-1] DEBUG o.s.c.c.CharSequenceEncoder - [402bf7f3] Writing "158. foo bar"
19:47:18.846 [http-nio-auto-10-exec-1] DEBUG o.s.c.c.CharSequenceEncoder - [402bf7f3] Writing "159. foo bar"
19:47:18.846 [http-nio-auto-10-exec-1] DEBUG o.s.c.c.CharSequenceEncoder - [402bf7f3] Writing "160. foo bar"
19:47:18.846 [http-nio-auto-10-exec-1] DEBUG o.s.c.c.CharSequenceEncoder - [402bf7f3] Writing "161. foo bar"
19:47:18.847 [http-nio-auto-10-exec-1] DEBUG o.s.c.c.CharSequenceEncoder - [402bf7f3] Writing "162. foo bar"
19:47:18.847 [http-nio-auto-10-exec-1] DEBUG o.s.c.c.CharSequenceEncoder - [402bf7f3] Writing "163. foo bar"
19:47:18.847 [http-nio-auto-10-exec-1] DEBUG o.s.c.c.CharSequenceEncoder - [402bf7f3] Writing "164. foo bar"
19:47:18.847 [http-nio-auto-10-exec-1] DEBUG o.s.c.c.CharSequenceEncoder - [402bf7f3] Writing "165. foo bar"
19:47:18.847 [http-nio-auto-10-exec-1] DEBUG o.s.c.c.CharSequenceEncoder - [402bf7f3] Writing "166. foo bar"
19:47:18.847 [http-nio-auto-10-exec-1] DEBUG o.s.c.c.CharSequenceEncoder - [402bf7f3] Writing "167. foo bar"
19:47:18.847 [http-nio-auto-10-exec-1] DEBUG o.s.c.c.CharSequenceEncoder - [402bf7f3] Writing "168. foo bar"
19:47:18.847 [http-nio-auto-10-exec-1] DEBUG o.s.c.c.CharSequenceEncoder - [402bf7f3] Writing "169. foo bar"
19:47:18.847 [http-nio-auto-10-exec-1] DEBUG o.s.c.c.CharSequenceEncoder - [402bf7f3] Writing "170. foo bar"
19:47:18.847 [http-nio-auto-10-exec-1] DEBUG o.s.c.c.CharSequenceEncoder - [402bf7f3] Writing "171. foo bar"
19:47:18.847 [http-nio-auto-10-exec-1] DEBUG o.s.c.c.CharSequenceEncoder - [402bf7f3] Writing "172. foo bar"
19:47:18.847 [http-nio-auto-10-exec-1] DEBUG o.s.c.c.CharSequenceEncoder - [402bf7f3] Writing "173. foo bar"
19:47:18.847 [http-nio-auto-10-exec-1] DEBUG o.s.c.c.CharSequenceEncoder - [402bf7f3] Writing "174. foo bar"
19:47:18.847 [http-nio-auto-10-exec-1] DEBUG o.s.c.c.CharSequenceEncoder - [402bf7f3] Writing "175. foo bar"
19:47:18.847 [http-nio-auto-10-exec-1] DEBUG o.s.c.c.CharSequenceEncoder - [402bf7f3] Writing "176. foo bar"
19:47:18.847 [http-nio-auto-10-exec-1] DEBUG o.s.c.c.CharSequenceEncoder - [402bf7f3] Writing "177. foo bar"
19:47:18.847 [http-nio-auto-10-exec-1] DEBUG o.s.c.c.CharSequenceEncoder - [402bf7f3] Writing "178. foo bar"
19:47:18.848 [http-nio-auto-10-exec-1] DEBUG o.s.c.c.CharSequenceEncoder - [402bf7f3] Writing "179. foo bar"
19:47:18.848 [http-nio-auto-10-exec-1] DEBUG o.s.c.c.CharSequenceEncoder - [402bf7f3] Writing "180. foo bar"
19:47:18.848 [http-nio-auto-10-exec-1] DEBUG o.s.c.c.CharSequenceEncoder - [402bf7f3] Writing "181. foo bar"
19:47:18.848 [http-nio-auto-10-exec-1] DEBUG o.s.c.c.CharSequenceEncoder - [402bf7f3] Writing "182. foo bar"
19:47:18.848 [http-nio-auto-10-exec-1] DEBUG o.s.c.c.CharSequenceEncoder - [402bf7f3] Writing "183. foo bar"
19:47:18.848 [http-nio-auto-10-exec-1] DEBUG o.s.c.c.CharSequenceEncoder - [402bf7f3] Writing "184. foo bar"
19:47:18.848 [http-nio-auto-10-exec-1] DEBUG o.s.c.c.CharSequenceEncoder - [402bf7f3] Writing "185. foo bar"
19:47:18.848 [http-nio-auto-10-exec-1] DEBUG o.s.c.c.CharSequenceEncoder - [402bf7f3] Writing "186. foo bar"
19:47:18.848 [http-nio-auto-10-exec-1] DEBUG o.s.c.c.CharSequenceEncoder - [402bf7f3] Writing "187. foo bar"
19:47:18.848 [http-nio-auto-10-exec-1] DEBUG o.s.c.c.CharSequenceEncoder - [402bf7f3] Writing "188. foo bar"
19:47:18.848 [http-nio-auto-10-exec-1] DEBUG o.s.c.c.CharSequenceEncoder - [402bf7f3] Writing "189. foo bar"
19:47:18.848 [http-nio-auto-10-exec-1] DEBUG o.s.c.c.CharSequenceEncoder - [402bf7f3] Writing "190. foo bar"
19:47:18.848 [http-nio-auto-10-exec-1] DEBUG o.s.c.c.CharSequenceEncoder - [402bf7f3] Writing "191. foo bar"
19:47:18.848 [http-nio-auto-10-exec-1] DEBUG o.s.c.c.CharSequenceEncoder - [402bf7f3] Writing "192. foo bar"
19:47:18.848 [http-nio-auto-10-exec-1] DEBUG o.s.c.c.CharSequenceEncoder - [402bf7f3] Writing "193. foo bar"
19:47:18.848 [http-nio-auto-10-exec-1] DEBUG o.s.c.c.CharSequenceEncoder - [402bf7f3] Writing "194. foo bar"
19:47:18.848 [http-nio-auto-10-exec-1] DEBUG o.s.c.c.CharSequenceEncoder - [402bf7f3] Writing "195. foo bar"
19:47:18.848 [http-nio-auto-10-exec-1] DEBUG o.s.c.c.CharSequenceEncoder - [402bf7f3] Writing "196. foo bar"
19:47:18.848 [http-nio-auto-10-exec-1] DEBUG o.s.c.c.CharSequenceEncoder - [402bf7f3] Writing "197. foo bar"
19:47:18.848 [http-nio-auto-10-exec-1] DEBUG o.s.c.c.CharSequenceEncoder - [402bf7f3] Writing "198. foo bar"
19:47:18.848 [http-nio-auto-10-exec-1] DEBUG o.s.c.c.CharSequenceEncoder - [402bf7f3] Writing "199. foo bar"
19:47:18.849 [http-nio-auto-10-exec-1] DEBUG o.s.c.c.CharSequenceEncoder - [402bf7f3] Writing "200. foo bar"
19:47:18.849 [http-nio-auto-10-exec-1] DEBUG o.s.c.c.CharSequenceEncoder - [402bf7f3] Writing "201. foo bar"
19:47:18.849 [http-nio-auto-10-exec-1] DEBUG o.s.c.c.CharSequenceEncoder - [402bf7f3] Writing "202. foo bar"
19:47:18.849 [http-nio-auto-10-exec-1] DEBUG o.s.c.c.CharSequenceEncoder - [402bf7f3] Writing "203. foo bar"
19:47:18.849 [http-nio-auto-10-exec-1] DEBUG o.s.c.c.CharSequenceEncoder - [402bf7f3] Writing "204. foo bar"
19:47:18.849 [http-nio-auto-10-exec-1] DEBUG o.s.c.c.CharSequenceEncoder - [402bf7f3] Writing "205. foo bar"
19:47:18.849 [http-nio-auto-10-exec-1] DEBUG o.s.c.c.CharSequenceEncoder - [402bf7f3] Writing "206. foo bar"
19:47:18.849 [http-nio-auto-10-exec-1] DEBUG o.s.c.c.CharSequenceEncoder - [402bf7f3] Writing "207. foo bar"
19:47:18.849 [http-nio-auto-10-exec-1] DEBUG o.s.c.c.CharSequenceEncoder - [402bf7f3] Writing "208. foo bar"
19:47:18.849 [http-nio-auto-10-exec-1] DEBUG o.s.c.c.CharSequenceEncoder - [402bf7f3] Writing "209. foo bar"
19:47:18.849 [http-nio-auto-10-exec-1] DEBUG o.s.c.c.CharSequenceEncoder - [402bf7f3] Writing "210. foo bar"
19:47:18.849 [http-nio-auto-10-exec-1] DEBUG o.s.c.c.CharSequenceEncoder - [402bf7f3] Writing "211. foo bar"
19:47:18.849 [http-nio-auto-10-exec-1] DEBUG o.s.c.c.CharSequenceEncoder - [402bf7f3] Writing "212. foo bar"
19:47:18.849 [http-nio-auto-10-exec-1] DEBUG o.s.c.c.CharSequenceEncoder - [402bf7f3] Writing "213. foo bar"
19:47:18.849 [http-nio-auto-10-exec-1] DEBUG o.s.c.c.CharSequenceEncoder - [402bf7f3] Writing "214. foo bar"
19:47:18.849 [http-nio-auto-10-exec-1] DEBUG o.s.c.c.CharSequenceEncoder - [402bf7f3] Writing "215. foo bar"
19:47:18.849 [http-nio-auto-10-exec-1] DEBUG o.s.c.c.CharSequenceEncoder - [402bf7f3] Writing "216. foo bar"
19:47:18.849 [http-nio-auto-10-exec-1] DEBUG o.s.c.c.CharSequenceEncoder - [402bf7f3] Writing "217. foo bar"
19:47:18.850 [http-nio-auto-10-exec-1] DEBUG o.s.c.c.CharSequenceEncoder - [402bf7f3] Writing "218. foo bar"
19:47:18.850 [http-nio-auto-10-exec-1] DEBUG o.s.c.c.CharSequenceEncoder - [402bf7f3] Writing "219. foo bar"
19:47:18.850 [http-nio-auto-10-exec-1] DEBUG o.s.c.c.CharSequenceEncoder - [402bf7f3] Writing "220. foo bar"
19:47:18.850 [http-nio-auto-10-exec-1] DEBUG o.s.c.c.CharSequenceEncoder - [402bf7f3] Writing "221. foo bar"
19:47:18.850 [http-nio-auto-10-exec-1] DEBUG o.s.c.c.CharSequenceEncoder - [402bf7f3] Writing "222. foo bar"
19:47:18.850 [http-nio-auto-10-exec-1] DEBUG o.s.c.c.CharSequenceEncoder - [402bf7f3] Writing "223. foo bar"
19:47:18.850 [http-nio-auto-10-exec-1] DEBUG o.s.c.c.CharSequenceEncoder - [402bf7f3] Writing "224. foo bar"
19:47:18.850 [http-nio-auto-10-exec-1] DEBUG o.s.c.c.CharSequenceEncoder - [402bf7f3] Writing "225. foo bar"
19:47:18.850 [http-nio-auto-10-exec-1] DEBUG o.s.c.c.CharSequenceEncoder - [402bf7f3] Writing "226. foo bar"
19:47:18.850 [http-nio-auto-10-exec-1] DEBUG o.s.c.c.CharSequenceEncoder - [402bf7f3] Writing "227. foo bar"
19:47:18.850 [http-nio-auto-10-exec-1] DEBUG o.s.c.c.CharSequenceEncoder - [402bf7f3] Writing "228. foo bar"
19:47:18.850 [http-nio-auto-10-exec-1] DEBUG o.s.c.c.CharSequenceEncoder - [402bf7f3] Writing "229. foo bar"
19:47:18.850 [http-nio-auto-10-exec-1] DEBUG o.s.c.c.CharSequenceEncoder - [402bf7f3] Writing "230. foo bar"
19:47:18.850 [http-nio-auto-10-exec-1] DEBUG o.s.c.c.CharSequenceEncoder - [402bf7f3] Writing "231. foo bar"
19:47:18.850 [http-nio-auto-10-exec-1] DEBUG o.s.c.c.CharSequenceEncoder - [402bf7f3] Writing "232. foo bar"
19:47:18.850 [http-nio-auto-10-exec-1] DEBUG o.s.c.c.CharSequenceEncoder - [402bf7f3] Writing "233. foo bar"
19:47:18.850 [http-nio-auto-10-exec-1] DEBUG o.s.c.c.CharSequenceEncoder - [402bf7f3] Writing "234. foo bar"
19:47:18.850 [http-nio-auto-10-exec-1] DEBUG o.s.c.c.CharSequenceEncoder - [402bf7f3] Writing "235. foo bar"
19:47:18.851 [http-nio-auto-10-exec-1] DEBUG o.s.c.c.CharSequenceEncoder - [402bf7f3] Writing "236. foo bar"
19:47:18.851 [http-nio-auto-10-exec-1] DEBUG o.s.c.c.CharSequenceEncoder - [402bf7f3] Writing "237. foo bar"
19:47:18.851 [http-nio-auto-10-exec-1] DEBUG o.s.c.c.CharSequenceEncoder - [402bf7f3] Writing "238. foo bar"
19:47:18.851 [http-nio-auto-10-exec-1] DEBUG o.s.c.c.CharSequenceEncoder - [402bf7f3] Writing "239. foo bar"
19:47:18.851 [http-nio-auto-10-exec-1] DEBUG o.s.c.c.CharSequenceEncoder - [402bf7f3] Writing "240. foo bar"
19:47:18.851 [http-nio-auto-10-exec-1] DEBUG o.s.c.c.CharSequenceEncoder - [402bf7f3] Writing "241. foo bar"
19:47:18.851 [http-nio-auto-10-exec-1] DEBUG o.s.c.c.CharSequenceEncoder - [402bf7f3] Writing "242. foo bar"
19:47:18.851 [http-nio-auto-10-exec-1] DEBUG o.s.c.c.CharSequenceEncoder - [402bf7f3] Writing "243. foo bar"
19:47:18.851 [http-nio-auto-10-exec-1] DEBUG o.s.c.c.CharSequenceEncoder - [402bf7f3] Writing "244. foo bar"
19:47:18.851 [http-nio-auto-10-exec-1] DEBUG o.s.c.c.CharSequenceEncoder - [402bf7f3] Writing "245. foo bar"
19:47:18.851 [http-nio-auto-10-exec-1] DEBUG o.s.c.c.CharSequenceEncoder - [402bf7f3] Writing "246. foo bar"
19:47:18.851 [http-nio-auto-10-exec-1] DEBUG o.s.c.c.CharSequenceEncoder - [402bf7f3] Writing "247. foo bar"
19:47:18.851 [http-nio-auto-10-exec-1] DEBUG o.s.c.c.CharSequenceEncoder - [402bf7f3] Writing "248. foo bar"
19:47:18.851 [http-nio-auto-10-exec-1] DEBUG o.s.c.c.CharSequenceEncoder - [402bf7f3] Writing "249. foo bar"
19:47:18.851 [http-nio-auto-10-exec-1] DEBUG o.s.c.c.CharSequenceEncoder - [402bf7f3] Writing "250. foo bar"
19:47:18.851 [http-nio-auto-10-exec-1] DEBUG o.s.c.c.CharSequenceEncoder - [402bf7f3] Writing "251. foo bar"
19:47:18.852 [http-nio-auto-10-exec-1] DEBUG o.s.c.c.CharSequenceEncoder - [402bf7f3] Writing "252. foo bar"
19:47:18.852 [http-nio-auto-10-exec-1] DEBUG o.s.c.c.CharSequenceEncoder - [402bf7f3] Writing "253. foo bar"
19:47:18.852 [http-nio-auto-10-exec-1] DEBUG o.s.c.c.CharSequenceEncoder - [402bf7f3] Writing "254. foo bar"
19:47:18.852 [http-nio-auto-10-exec-1] DEBUG o.s.c.c.CharSequenceEncoder - [402bf7f3] Writing "255. foo bar"
19:47:18.852 [http-nio-auto-10-exec-1] DEBUG o.s.c.c.CharSequenceEncoder - [402bf7f3] Writing "256. foo bar"
19:47:18.852 [http-nio-auto-10-exec-1] DEBUG o.s.c.c.CharSequenceEncoder - [402bf7f3] Writing "257. foo bar"
19:47:18.852 [http-nio-auto-10-exec-1] DEBUG o.s.c.c.CharSequenceEncoder - [402bf7f3] Writing "258. foo bar"
19:47:18.852 [http-nio-auto-10-exec-1] DEBUG o.s.c.c.CharSequenceEncoder - [402bf7f3] Writing "259. foo bar"
19:47:18.852 [http-nio-auto-10-exec-1] DEBUG o.s.c.c.CharSequenceEncoder - [402bf7f3] Writing "260. foo bar"
19:47:18.852 [http-nio-auto-10-exec-1] DEBUG o.s.c.c.CharSequenceEncoder - [402bf7f3] Writing "261. foo bar"
19:47:18.852 [http-nio-auto-10-exec-1] DEBUG o.s.c.c.CharSequenceEncoder - [402bf7f3] Writing "262. foo bar"
19:47:18.852 [http-nio-auto-10-exec-1] DEBUG o.s.c.c.CharSequenceEncoder - [402bf7f3] Writing "263. foo bar"
19:47:18.852 [http-nio-auto-10-exec-1] DEBUG o.s.c.c.CharSequenceEncoder - [402bf7f3] Writing "264. foo bar"
19:47:18.852 [http-nio-auto-10-exec-1] DEBUG o.s.c.c.CharSequenceEncoder - [402bf7f3] Writing "265. foo bar"
19:47:18.852 [http-nio-auto-10-exec-1] DEBUG o.s.c.c.CharSequenceEncoder - [402bf7f3] Writing "266. foo bar"
19:47:18.852 [http-nio-auto-10-exec-1] DEBUG o.s.c.c.CharSequenceEncoder - [402bf7f3] Writing "267. foo bar"
19:47:18.852 [http-nio-auto-10-exec-1] DEBUG o.s.c.c.CharSequenceEncoder - [402bf7f3] Writing "268. foo bar"
19:47:18.852 [http-nio-auto-10-exec-1] DEBUG o.s.c.c.CharSequenceEncoder - [402bf7f3] Writing "269. foo bar"
19:47:18.852 [http-nio-auto-10-exec-1] DEBUG o.s.c.c.CharSequenceEncoder - [402bf7f3] Writing "270. foo bar"
19:47:18.852 [http-nio-auto-10-exec-1] DEBUG o.s.c.c.CharSequenceEncoder - [402bf7f3] Writing "271. foo bar"
19:47:18.853 [http-nio-auto-10-exec-1] DEBUG o.s.c.c.CharSequenceEncoder - [402bf7f3] Writing "272. foo bar"
19:47:18.853 [http-nio-auto-10-exec-1] DEBUG o.s.c.c.CharSequenceEncoder - [402bf7f3] Writing "273. foo bar"
19:47:18.853 [http-nio-auto-10-exec-1] DEBUG o.s.c.c.CharSequenceEncoder - [402bf7f3] Writing "274. foo bar"
19:47:18.853 [http-nio-auto-10-exec-1] DEBUG o.s.c.c.CharSequenceEncoder - [402bf7f3] Writing "275. foo bar"
19:47:18.853 [http-nio-auto-10-exec-1] DEBUG o.s.c.c.CharSequenceEncoder - [402bf7f3] Writing "276. foo bar"
19:47:18.853 [http-nio-auto-10-exec-1] DEBUG o.s.c.c.CharSequenceEncoder - [402bf7f3] Writing "277. foo bar"
19:47:18.853 [http-nio-auto-10-exec-1] DEBUG o.s.c.c.CharSequenceEncoder - [402bf7f3] Writing "278. foo bar"
19:47:18.853 [http-nio-auto-10-exec-1] DEBUG o.s.c.c.CharSequenceEncoder - [402bf7f3] Writing "279. foo bar"
19:47:18.853 [http-nio-auto-10-exec-1] DEBUG o.s.c.c.CharSequenceEncoder - [402bf7f3] Writing "280. foo bar"
19:47:18.853 [http-nio-auto-10-exec-1] DEBUG o.s.c.c.CharSequenceEncoder - [402bf7f3] Writing "281. foo bar"
19:47:18.853 [http-nio-auto-10-exec-1] DEBUG o.s.c.c.CharSequenceEncoder - [402bf7f3] Writing "282. foo bar"
19:47:18.853 [http-nio-auto-10-exec-1] DEBUG o.s.c.c.CharSequenceEncoder - [402bf7f3] Writing "283. foo bar"
19:47:18.853 [http-nio-auto-10-exec-1] DEBUG o.s.c.c.CharSequenceEncoder - [402bf7f3] Writing "284. foo bar"
19:47:18.853 [http-nio-auto-10-exec-1] DEBUG o.s.c.c.CharSequenceEncoder - [402bf7f3] Writing "285. foo bar"
19:47:18.853 [http-nio-auto-10-exec-1] DEBUG o.s.c.c.CharSequenceEncoder - [402bf7f3] Writing "286. foo bar"
19:47:18.853 [http-nio-auto-10-exec-1] DEBUG o.s.c.c.CharSequenceEncoder - [402bf7f3] Writing "287. foo bar"
19:47:18.853 [http-nio-auto-10-exec-1] DEBUG o.s.c.c.CharSequenceEncoder - [402bf7f3] Writing "288. foo bar"
19:47:18.854 [http-nio-auto-10-exec-1] DEBUG o.s.c.c.CharSequenceEncoder - [402bf7f3] Writing "289. foo bar"
19:47:18.854 [http-nio-auto-10-exec-1] DEBUG o.s.c.c.CharSequenceEncoder - [402bf7f3] Writing "290. foo bar"
19:47:18.854 [http-nio-auto-10-exec-1] DEBUG o.s.c.c.CharSequenceEncoder - [402bf7f3] Writing "291. foo bar"
19:47:18.854 [http-nio-auto-10-exec-1] DEBUG o.s.c.c.CharSequenceEncoder - [402bf7f3] Writing "292. foo bar"
19:47:18.854 [http-nio-auto-10-exec-1] DEBUG o.s.c.c.CharSequenceEncoder - [402bf7f3] Writing "293. foo bar"
19:47:18.854 [http-nio-auto-10-exec-1] DEBUG o.s.c.c.CharSequenceEncoder - [402bf7f3] Writing "294. foo bar"
19:47:18.854 [http-nio-auto-10-exec-1] DEBUG o.s.c.c.CharSequenceEncoder - [402bf7f3] Writing "295. foo bar"
19:47:18.854 [http-nio-auto-10-exec-1] DEBUG o.s.c.c.CharSequenceEncoder - [402bf7f3] Writing "296. foo bar"
19:47:18.854 [http-nio-auto-10-exec-1] DEBUG o.s.c.c.CharSequenceEncoder - [402bf7f3] Writing "297. foo bar"
19:47:18.854 [http-nio-auto-10-exec-1] DEBUG o.s.c.c.CharSequenceEncoder - [402bf7f3] Writing "298. foo bar"
19:47:18.854 [http-nio-auto-10-exec-1] DEBUG o.s.c.c.CharSequenceEncoder - [402bf7f3] Writing "299. foo bar"
19:47:18.854 [http-nio-auto-10-exec-1] DEBUG o.s.c.c.CharSequenceEncoder - [402bf7f3] Writing "300. foo bar"
19:47:18.854 [http-nio-auto-10-exec-1] DEBUG o.s.c.c.CharSequenceEncoder - [402bf7f3] Writing "301. foo bar"
19:47:18.854 [http-nio-auto-10-exec-1] DEBUG o.s.c.c.CharSequenceEncoder - [402bf7f3] Writing "302. foo bar"
19:47:18.854 [http-nio-auto-10-exec-1] DEBUG o.s.c.c.CharSequenceEncoder - [402bf7f3] Writing "303. foo bar"
19:47:18.854 [http-nio-auto-10-exec-1] DEBUG o.s.c.c.CharSequenceEncoder - [402bf7f3] Writing "304. foo bar"
19:47:18.854 [http-nio-auto-10-exec-1] DEBUG o.s.c.c.CharSequenceEncoder - [402bf7f3] Writing "305. foo bar"
19:47:18.854 [http-nio-auto-10-exec-1] DEBUG o.s.c.c.CharSequenceEncoder - [402bf7f3] Writing "306. foo bar"
19:47:18.854 [http-nio-auto-10-exec-1] DEBUG o.s.c.c.CharSequenceEncoder - [402bf7f3] Writing "307. foo bar"
19:47:18.854 [http-nio-auto-10-exec-1] DEBUG o.s.c.c.CharSequenceEncoder - [402bf7f3] Writing "308. foo bar"
19:47:18.854 [http-nio-auto-10-exec-1] DEBUG o.s.c.c.CharSequenceEncoder - [402bf7f3] Writing "309. foo bar"
19:47:18.855 [http-nio-auto-10-exec-1] DEBUG o.s.c.c.CharSequenceEncoder - [402bf7f3] Writing "310. foo bar"
19:47:18.855 [http-nio-auto-10-exec-1] DEBUG o.s.c.c.CharSequenceEncoder - [402bf7f3] Writing "311. foo bar"
19:47:18.855 [http-nio-auto-10-exec-1] DEBUG o.s.c.c.CharSequenceEncoder - [402bf7f3] Writing "312. foo bar"
19:47:18.855 [http-nio-auto-10-exec-1] DEBUG o.s.c.c.CharSequenceEncoder - [402bf7f3] Writing "313. foo bar"
19:47:18.855 [http-nio-auto-10-exec-1] DEBUG o.s.c.c.CharSequenceEncoder - [402bf7f3] Writing "314. foo bar"
19:47:18.855 [http-nio-auto-10-exec-1] DEBUG o.s.c.c.CharSequenceEncoder - [402bf7f3] Writing "315. foo bar"
19:47:18.855 [http-nio-auto-10-exec-1] DEBUG o.s.c.c.CharSequenceEncoder - [402bf7f3] Writing "316. foo bar"
19:47:18.855 [http-nio-auto-10-exec-1] DEBUG o.s.c.c.CharSequenceEncoder - [402bf7f3] Writing "317. foo bar"
19:47:18.855 [http-nio-auto-10-exec-1] DEBUG o.s.c.c.CharSequenceEncoder - [402bf7f3] Writing "318. foo bar"
19:47:18.855 [http-nio-auto-10-exec-1] DEBUG o.s.c.c.CharSequenceEncoder - [402bf7f3] Writing "319. foo bar"
19:47:18.855 [http-nio-auto-10-exec-1] DEBUG o.s.c.c.CharSequenceEncoder - [402bf7f3] Writing "320. foo bar"
19:47:18.855 [http-nio-auto-10-exec-1] DEBUG o.s.c.c.CharSequenceEncoder - [402bf7f3] Writing "321. foo bar"
19:47:18.855 [http-nio-auto-10-exec-1] DEBUG o.s.c.c.CharSequenceEncoder - [402bf7f3] Writing "322. foo bar"
19:47:18.855 [http-nio-auto-10-exec-1] DEBUG o.s.c.c.CharSequenceEncoder - [402bf7f3] Writing "323. foo bar"
19:47:18.855 [http-nio-auto-10-exec-1] DEBUG o.s.c.c.CharSequenceEncoder - [402bf7f3] Writing "324. foo bar"
19:47:18.855 [http-nio-auto-10-exec-1] DEBUG o.s.c.c.CharSequenceEncoder - [402bf7f3] Writing "325. foo bar"
19:47:18.855 [http-nio-auto-10-exec-1] DEBUG o.s.c.c.CharSequenceEncoder - [402bf7f3] Writing "326. foo bar"
19:47:18.856 [http-nio-auto-10-exec-1] DEBUG o.s.c.c.CharSequenceEncoder - [402bf7f3] Writing "327. foo bar"
19:47:18.856 [http-nio-auto-10-exec-1] DEBUG o.s.c.c.CharSequenceEncoder - [402bf7f3] Writing "328. foo bar"
19:47:18.856 [http-nio-auto-10-exec-1] DEBUG o.s.c.c.CharSequenceEncoder - [402bf7f3] Writing "329. foo bar"
19:47:18.856 [http-nio-auto-10-exec-1] DEBUG o.s.c.c.CharSequenceEncoder - [402bf7f3] Writing "330. foo bar"
19:47:18.856 [http-nio-auto-10-exec-1] DEBUG o.s.c.c.CharSequenceEncoder - [402bf7f3] Writing "331. foo bar"
19:47:18.856 [http-nio-auto-10-exec-1] DEBUG o.s.c.c.CharSequenceEncoder - [402bf7f3] Writing "332. foo bar"
19:47:18.856 [http-nio-auto-10-exec-1] DEBUG o.s.c.c.CharSequenceEncoder - [402bf7f3] Writing "333. foo bar"
19:47:18.856 [http-nio-auto-10-exec-1] DEBUG o.s.c.c.CharSequenceEncoder - [402bf7f3] Writing "334. foo bar"
19:47:18.856 [http-nio-auto-10-exec-1] DEBUG o.s.c.c.CharSequenceEncoder - [402bf7f3] Writing "335. foo bar"
19:47:18.856 [http-nio-auto-10-exec-1] DEBUG o.s.c.c.CharSequenceEncoder - [402bf7f3] Writing "336. foo bar"
19:47:18.856 [http-nio-auto-10-exec-1] DEBUG o.s.c.c.CharSequenceEncoder - [402bf7f3] Writing "337. foo bar"
19:47:18.856 [http-nio-auto-10-exec-1] DEBUG o.s.c.c.CharSequenceEncoder - [402bf7f3] Writing "338. foo bar"
19:47:18.856 [http-nio-auto-10-exec-1] DEBUG o.s.c.c.CharSequenceEncoder - [402bf7f3] Writing "339. foo bar"
19:47:18.856 [http-nio-auto-10-exec-1] DEBUG o.s.c.c.CharSequenceEncoder - [402bf7f3] Writing "340. foo bar"
19:47:18.856 [http-nio-auto-10-exec-1] DEBUG o.s.c.c.CharSequenceEncoder - [402bf7f3] Writing "341. foo bar"
19:47:18.856 [http-nio-auto-10-exec-1] DEBUG o.s.c.c.CharSequenceEncoder - [402bf7f3] Writing "342. foo bar"
19:47:18.856 [http-nio-auto-10-exec-1] DEBUG o.s.c.c.CharSequenceEncoder - [402bf7f3] Writing "343. foo bar"
19:47:18.856 [http-nio-auto-10-exec-1] DEBUG o.s.c.c.CharSequenceEncoder - [402bf7f3] Writing "344. foo bar"
19:47:18.856 [http-nio-auto-10-exec-1] DEBUG o.s.c.c.CharSequenceEncoder - [402bf7f3] Writing "345. foo bar"
19:47:18.856 [http-nio-auto-10-exec-1] DEBUG o.s.c.c.CharSequenceEncoder - [402bf7f3] Writing "346. foo bar"
19:47:18.856 [http-nio-auto-10-exec-1] DEBUG o.s.c.c.CharSequenceEncoder - [402bf7f3] Writing "347. foo bar"
19:47:18.857 [http-nio-auto-10-exec-1] DEBUG o.s.c.c.CharSequenceEncoder - [402bf7f3] Writing "348. foo bar"
19:47:18.857 [http-nio-auto-10-exec-1] DEBUG o.s.c.c.CharSequenceEncoder - [402bf7f3] Writing "349. foo bar"
19:47:18.857 [http-nio-auto-10-exec-1] DEBUG o.s.c.c.CharSequenceEncoder - [402bf7f3] Writing "350. foo bar"
19:47:18.857 [http-nio-auto-10-exec-1] DEBUG o.s.c.c.CharSequenceEncoder - [402bf7f3] Writing "351. foo bar"
19:47:18.857 [http-nio-auto-10-exec-1] DEBUG o.s.c.c.CharSequenceEncoder - [402bf7f3] Writing "352. foo bar"
19:47:18.857 [http-nio-auto-10-exec-1] DEBUG o.s.c.c.CharSequenceEncoder - [402bf7f3] Writing "353. foo bar"
19:47:18.857 [http-nio-auto-10-exec-1] DEBUG o.s.c.c.CharSequenceEncoder - [402bf7f3] Writing "354. foo bar"
19:47:18.857 [http-nio-auto-10-exec-1] DEBUG o.s.c.c.CharSequenceEncoder - [402bf7f3] Writing "355. foo bar"
19:47:18.857 [http-nio-auto-10-exec-1] DEBUG o.s.c.c.CharSequenceEncoder - [402bf7f3] Writing "356. foo bar"
19:47:18.857 [http-nio-auto-10-exec-1] DEBUG o.s.c.c.CharSequenceEncoder - [402bf7f3] Writing "357. foo bar"
19:47:18.857 [http-nio-auto-10-exec-1] DEBUG o.s.c.c.CharSequenceEncoder - [402bf7f3] Writing "358. foo bar"
19:47:18.857 [http-nio-auto-10-exec-1] DEBUG o.s.c.c.CharSequenceEncoder - [402bf7f3] Writing "359. foo bar"
19:47:18.857 [http-nio-auto-10-exec-1] DEBUG o.s.c.c.CharSequenceEncoder - [402bf7f3] Writing "360. foo bar"
19:47:18.857 [http-nio-auto-10-exec-1] DEBUG o.s.c.c.CharSequenceEncoder - [402bf7f3] Writing "361. foo bar"
19:47:18.857 [http-nio-auto-10-exec-1] DEBUG o.s.c.c.CharSequenceEncoder - [402bf7f3] Writing "362. foo bar"
19:47:18.857 [http-nio-auto-10-exec-1] DEBUG o.s.c.c.CharSequenceEncoder - [402bf7f3] Writing "363. foo bar"
19:47:18.857 [http-nio-auto-10-exec-1] DEBUG o.s.c.c.CharSequenceEncoder - [402bf7f3] Writing "364. foo bar"
19:47:18.857 [http-nio-auto-10-exec-1] DEBUG o.s.c.c.CharSequenceEncoder - [402bf7f3] Writing "365. foo bar"
19:47:18.857 [http-nio-auto-10-exec-1] DEBUG o.s.c.c.CharSequenceEncoder - [402bf7f3] Writing "366. foo bar"
19:47:18.857 [http-nio-auto-10-exec-1] DEBUG o.s.c.c.CharSequenceEncoder - [402bf7f3] Writing "367. foo bar"
19:47:18.858 [http-nio-auto-10-exec-1] DEBUG o.s.c.c.CharSequenceEncoder - [402bf7f3] Writing "368. foo bar"
19:47:18.858 [http-nio-auto-10-exec-1] DEBUG o.s.c.c.CharSequenceEncoder - [402bf7f3] Writing "369. foo bar"
19:47:18.858 [http-nio-auto-10-exec-1] DEBUG o.s.c.c.CharSequenceEncoder - [402bf7f3] Writing "370. foo bar"
19:47:18.858 [http-nio-auto-10-exec-1] DEBUG o.s.c.c.CharSequenceEncoder - [402bf7f3] Writing "371. foo bar"
19:47:18.858 [http-nio-auto-10-exec-1] DEBUG o.s.c.c.CharSequenceEncoder - [402bf7f3] Writing "372. foo bar"
19:47:18.858 [http-nio-auto-10-exec-1] DEBUG o.s.c.c.CharSequenceEncoder - [402bf7f3] Writing "373. foo bar"
19:47:18.858 [http-nio-auto-10-exec-1] DEBUG o.s.c.c.CharSequenceEncoder - [402bf7f3] Writing "374. foo bar"
19:47:18.858 [http-nio-auto-10-exec-1] DEBUG o.s.c.c.CharSequenceEncoder - [402bf7f3] Writing "375. foo bar"
19:47:18.858 [http-nio-auto-10-exec-1] DEBUG o.s.c.c.CharSequenceEncoder - [402bf7f3] Writing "376. foo bar"
19:47:18.858 [http-nio-auto-10-exec-1] DEBUG o.s.c.c.CharSequenceEncoder - [402bf7f3] Writing "377. foo bar"
19:47:18.858 [http-nio-auto-10-exec-1] DEBUG o.s.c.c.CharSequenceEncoder - [402bf7f3] Writing "378. foo bar"
19:47:18.858 [http-nio-auto-10-exec-1] DEBUG o.s.c.c.CharSequenceEncoder - [402bf7f3] Writing "379. foo bar"
19:47:18.858 [http-nio-auto-10-exec-1] DEBUG o.s.c.c.CharSequenceEncoder - [402bf7f3] Writing "380. foo bar"
19:47:18.858 [http-nio-auto-10-exec-1] DEBUG o.s.c.c.CharSequenceEncoder - [402bf7f3] Writing "381. foo bar"
19:47:18.858 [http-nio-auto-10-exec-1] DEBUG o.s.c.c.CharSequenceEncoder - [402bf7f3] Writing "382. foo bar"
19:47:18.858 [http-nio-auto-10-exec-1] DEBUG o.s.c.c.CharSequenceEncoder - [402bf7f3] Writing "383. foo bar"
19:47:18.858 [http-nio-auto-10-exec-1] DEBUG o.s.c.c.CharSequenceEncoder - [402bf7f3] Writing "384. foo bar"
19:47:18.858 [http-nio-auto-10-exec-1] DEBUG o.s.c.c.CharSequenceEncoder - [402bf7f3] Writing "385. foo bar"
19:47:18.858 [http-nio-auto-10-exec-1] DEBUG o.s.c.c.CharSequenceEncoder - [402bf7f3] Writing "386. foo bar"
19:47:18.858 [http-nio-auto-10-exec-1] DEBUG o.s.c.c.CharSequenceEncoder - [402bf7f3] Writing "387. foo bar"
19:47:18.858 [http-nio-auto-10-exec-1] DEBUG o.s.c.c.CharSequenceEncoder - [402bf7f3] Writing "388. foo bar"
19:47:18.859 [http-nio-auto-10-exec-1] DEBUG o.s.c.c.CharSequenceEncoder - [402bf7f3] Writing "389. foo bar"
19:47:18.859 [http-nio-auto-10-exec-1] DEBUG o.s.c.c.CharSequenceEncoder - [402bf7f3] Writing "390. foo bar"
19:47:18.859 [http-nio-auto-10-exec-1] DEBUG o.s.c.c.CharSequenceEncoder - [402bf7f3] Writing "391. foo bar"
19:47:18.859 [http-nio-auto-10-exec-1] DEBUG o.s.c.c.CharSequenceEncoder - [402bf7f3] Writing "392. foo bar"
19:47:18.859 [http-nio-auto-10-exec-1] DEBUG o.s.c.c.CharSequenceEncoder - [402bf7f3] Writing "393. foo bar"
19:47:18.859 [http-nio-auto-10-exec-1] DEBUG o.s.c.c.CharSequenceEncoder - [402bf7f3] Writing "394. foo bar"
19:47:18.859 [http-nio-auto-10-exec-1] DEBUG o.s.c.c.CharSequenceEncoder - [402bf7f3] Writing "395. foo bar"
19:47:18.859 [http-nio-auto-10-exec-1] DEBUG o.s.c.c.CharSequenceEncoder - [402bf7f3] Writing "396. foo bar"
19:47:18.859 [http-nio-auto-10-exec-1] DEBUG o.s.c.c.CharSequenceEncoder - [402bf7f3] Writing "397. foo bar"
19:47:18.859 [http-nio-auto-10-exec-1] DEBUG o.s.c.c.CharSequenceEncoder - [402bf7f3] Writing "398. foo bar"
19:47:18.859 [http-nio-auto-10-exec-1] DEBUG o.s.c.c.CharSequenceEncoder - [402bf7f3] Writing "399. foo bar"
19:47:18.859 [http-nio-auto-10-exec-1] DEBUG o.s.c.c.CharSequenceEncoder - [402bf7f3] Writing "400. foo bar"
19:47:18.859 [http-nio-auto-10-exec-1] DEBUG o.s.c.c.CharSequenceEncoder - [402bf7f3] Writing "401. foo bar"
19:47:18.859 [http-nio-auto-10-exec-1] DEBUG o.s.c.c.CharSequenceEncoder - [402bf7f3] Writing "402. foo bar"
19:47:18.859 [http-nio-auto-10-exec-1] DEBUG o.s.c.c.CharSequenceEncoder - [402bf7f3] Writing "403. foo bar"
19:47:18.859 [http-nio-auto-10-exec-1] DEBUG o.s.c.c.CharSequenceEncoder - [402bf7f3] Writing "404. foo bar"
19:47:18.859 [http-nio-auto-10-exec-1] DEBUG o.s.c.c.CharSequenceEncoder - [402bf7f3] Writing "405. foo bar"
19:47:18.859 [http-nio-auto-10-exec-1] DEBUG o.s.c.c.CharSequenceEncoder - [402bf7f3] Writing "406. foo bar"
19:47:18.859 [http-nio-auto-10-exec-1] DEBUG o.s.c.c.CharSequenceEncoder - [402bf7f3] Writing "407. foo bar"
19:47:18.859 [http-nio-auto-10-exec-1] DEBUG o.s.c.c.CharSequenceEncoder - [402bf7f3] Writing "408. foo bar"
19:47:18.859 [http-nio-auto-10-exec-1] DEBUG o.s.c.c.CharSequenceEncoder - [402bf7f3] Writing "409. foo bar"
19:47:18.860 [http-nio-auto-10-exec-1] DEBUG o.s.c.c.CharSequenceEncoder - [402bf7f3] Writing "410. foo bar"
19:47:18.860 [http-nio-auto-10-exec-1] DEBUG o.s.c.c.CharSequenceEncoder - [402bf7f3] Writing "411. foo bar"
19:47:18.860 [http-nio-auto-10-exec-1] DEBUG o.s.c.c.CharSequenceEncoder - [402bf7f3] Writing "412. foo bar"
19:47:18.860 [http-nio-auto-10-exec-1] DEBUG o.s.c.c.CharSequenceEncoder - [402bf7f3] Writing "413. foo bar"
19:47:18.860 [http-nio-auto-10-exec-1] DEBUG o.s.c.c.CharSequenceEncoder - [402bf7f3] Writing "414. foo bar"
19:47:18.860 [http-nio-auto-10-exec-1] DEBUG o.s.c.c.CharSequenceEncoder - [402bf7f3] Writing "415. foo bar"
19:47:18.860 [http-nio-auto-10-exec-1] DEBUG o.s.c.c.CharSequenceEncoder - [402bf7f3] Writing "416. foo bar"
19:47:18.860 [http-nio-auto-10-exec-1] DEBUG o.s.c.c.CharSequenceEncoder - [402bf7f3] Writing "417. foo bar"
19:47:18.860 [http-nio-auto-10-exec-1] DEBUG o.s.c.c.CharSequenceEncoder - [402bf7f3] Writing "418. foo bar"
19:47:18.860 [http-nio-auto-10-exec-1] DEBUG o.s.c.c.CharSequenceEncoder - [402bf7f3] Writing "419. foo bar"
19:47:18.860 [http-nio-auto-10-exec-1] DEBUG o.s.c.c.CharSequenceEncoder - [402bf7f3] Writing "420. foo bar"
19:47:18.860 [http-nio-auto-10-exec-1] DEBUG o.s.c.c.CharSequenceEncoder - [402bf7f3] Writing "421. foo bar"
19:47:18.860 [http-nio-auto-10-exec-1] DEBUG o.s.c.c.CharSequenceEncoder - [402bf7f3] Writing "422. foo bar"
19:47:18.860 [http-nio-auto-10-exec-1] DEBUG o.s.c.c.CharSequenceEncoder - [402bf7f3] Writing "423. foo bar"
19:47:18.860 [http-nio-auto-10-exec-1] DEBUG o.s.c.c.CharSequenceEncoder - [402bf7f3] Writing "424. foo bar"
19:47:18.860 [http-nio-auto-10-exec-1] DEBUG o.s.c.c.CharSequenceEncoder - [402bf7f3] Writing "425. foo bar"
19:47:18.860 [http-nio-auto-10-exec-1] DEBUG o.s.c.c.CharSequenceEncoder - [402bf7f3] Writing "426. foo bar"
19:47:18.860 [http-nio-auto-10-exec-1] DEBUG o.s.c.c.CharSequenceEncoder - [402bf7f3] Writing "427. foo bar"
19:47:18.860 [http-nio-auto-10-exec-1] DEBUG o.s.c.c.CharSequenceEncoder - [402bf7f3] Writing "428. foo bar"
19:47:18.861 [http-nio-auto-10-exec-1] DEBUG o.s.c.c.CharSequenceEncoder - [402bf7f3] Writing "429. foo bar"
19:47:18.861 [http-nio-auto-10-exec-1] DEBUG o.s.c.c.CharSequenceEncoder - [402bf7f3] Writing "430. foo bar"
19:47:18.861 [http-nio-auto-10-exec-1] DEBUG o.s.c.c.CharSequenceEncoder - [402bf7f3] Writing "431. foo bar"
19:47:18.861 [http-nio-auto-10-exec-1] DEBUG o.s.c.c.CharSequenceEncoder - [402bf7f3] Writing "432. foo bar"
19:47:18.861 [http-nio-auto-10-exec-1] DEBUG o.s.c.c.CharSequenceEncoder - [402bf7f3] Writing "433. foo bar"
19:47:18.861 [http-nio-auto-10-exec-1] DEBUG o.s.c.c.CharSequenceEncoder - [402bf7f3] Writing "434. foo bar"
19:47:18.861 [http-nio-auto-10-exec-1] DEBUG o.s.c.c.CharSequenceEncoder - [402bf7f3] Writing "435. foo bar"
19:47:18.861 [http-nio-auto-10-exec-1] DEBUG o.s.c.c.CharSequenceEncoder - [402bf7f3] Writing "436. foo bar"
19:47:18.861 [http-nio-auto-10-exec-1] DEBUG o.s.c.c.CharSequenceEncoder - [402bf7f3] Writing "437. foo bar"
19:47:18.861 [http-nio-auto-10-exec-1] DEBUG o.s.c.c.CharSequenceEncoder - [402bf7f3] Writing "438. foo bar"
19:47:18.861 [http-nio-auto-10-exec-1] DEBUG o.s.c.c.CharSequenceEncoder - [402bf7f3] Writing "439. foo bar"
19:47:18.861 [http-nio-auto-10-exec-1] DEBUG o.s.c.c.CharSequenceEncoder - [402bf7f3] Writing "440. foo bar"
19:47:18.861 [http-nio-auto-10-exec-1] DEBUG o.s.c.c.CharSequenceEncoder - [402bf7f3] Writing "441. foo bar"
19:47:18.861 [http-nio-auto-10-exec-1] DEBUG o.s.c.c.CharSequenceEncoder - [402bf7f3] Writing "442. foo bar"
19:47:18.861 [http-nio-auto-10-exec-1] DEBUG o.s.c.c.CharSequenceEncoder - [402bf7f3] Writing "443. foo bar"
19:47:18.861 [http-nio-auto-10-exec-1] DEBUG o.s.c.c.CharSequenceEncoder - [402bf7f3] Writing "444. foo bar"
19:47:18.861 [http-nio-auto-10-exec-1] DEBUG o.s.c.c.CharSequenceEncoder - [402bf7f3] Writing "445. foo bar"
19:47:18.861 [http-nio-auto-10-exec-1] DEBUG o.s.c.c.CharSequenceEncoder - [402bf7f3] Writing "446. foo bar"
19:47:18.861 [http-nio-auto-10-exec-1] DEBUG o.s.c.c.CharSequenceEncoder - [402bf7f3] Writing "447. foo bar"
19:47:18.861 [http-nio-auto-10-exec-1] DEBUG o.s.c.c.CharSequenceEncoder - [402bf7f3] Writing "448. foo bar"
19:47:18.861 [http-nio-auto-10-exec-1] DEBUG o.s.c.c.CharSequenceEncoder - [402bf7f3] Writing "449. foo bar"
19:47:18.861 [http-nio-auto-10-exec-1] DEBUG o.s.c.c.CharSequenceEncoder - [402bf7f3] Writing "450. foo bar"
19:47:18.861 [http-nio-auto-10-exec-1] DEBUG o.s.c.c.CharSequenceEncoder - [402bf7f3] Writing "451. foo bar"
19:47:18.861 [http-nio-auto-10-exec-1] DEBUG o.s.c.c.CharSequenceEncoder - [402bf7f3] Writing "452. foo bar"
19:47:18.861 [http-nio-auto-10-exec-1] DEBUG o.s.c.c.CharSequenceEncoder - [402bf7f3] Writing "453. foo bar"
19:47:18.861 [http-nio-auto-10-exec-1] DEBUG o.s.c.c.CharSequenceEncoder - [402bf7f3] Writing "454. foo bar"
19:47:18.861 [http-nio-auto-10-exec-1] DEBUG o.s.c.c.CharSequenceEncoder - [402bf7f3] Writing "455. foo bar"
19:47:18.861 [http-nio-auto-10-exec-1] DEBUG o.s.c.c.CharSequenceEncoder - [402bf7f3] Writing "456. foo bar"
19:47:18.862 [http-nio-auto-10-exec-1] DEBUG o.s.c.c.CharSequenceEncoder - [402bf7f3] Writing "457. foo bar"
19:47:18.862 [http-nio-auto-10-exec-1] DEBUG o.s.c.c.CharSequenceEncoder - [402bf7f3] Writing "458. foo bar"
19:47:18.862 [http-nio-auto-10-exec-1] DEBUG o.s.c.c.CharSequenceEncoder - [402bf7f3] Writing "459. foo bar"
19:47:18.862 [http-nio-auto-10-exec-1] DEBUG o.s.c.c.CharSequenceEncoder - [402bf7f3] Writing "460. foo bar"
19:47:18.862 [http-nio-auto-10-exec-1] DEBUG o.s.c.c.CharSequenceEncoder - [402bf7f3] Writing "461. foo bar"
19:47:18.862 [http-nio-auto-10-exec-1] DEBUG o.s.c.c.CharSequenceEncoder - [402bf7f3] Writing "462. foo bar"
19:47:18.862 [http-nio-auto-10-exec-1] DEBUG o.s.c.c.CharSequenceEncoder - [402bf7f3] Writing "463. foo bar"
19:47:18.862 [http-nio-auto-10-exec-1] DEBUG o.s.c.c.CharSequenceEncoder - [402bf7f3] Writing "464. foo bar"
19:47:18.862 [http-nio-auto-10-exec-1] DEBUG o.s.c.c.CharSequenceEncoder - [402bf7f3] Writing "465. foo bar"
19:47:18.862 [http-nio-auto-10-exec-1] DEBUG o.s.c.c.CharSequenceEncoder - [402bf7f3] Writing "466. foo bar"
19:47:18.862 [http-nio-auto-10-exec-1] DEBUG o.s.c.c.CharSequenceEncoder - [402bf7f3] Writing "467. foo bar"
19:47:18.862 [http-nio-auto-10-exec-1] DEBUG o.s.c.c.CharSequenceEncoder - [402bf7f3] Writing "468. foo bar"
19:47:18.862 [http-nio-auto-10-exec-1] DEBUG o.s.c.c.CharSequenceEncoder - [402bf7f3] Writing "469. foo bar"
19:47:18.862 [http-nio-auto-10-exec-1] DEBUG o.s.c.c.CharSequenceEncoder - [402bf7f3] Writing "470. foo bar"
19:47:18.862 [http-nio-auto-10-exec-1] DEBUG o.s.c.c.CharSequenceEncoder - [402bf7f3] Writing "471. foo bar"
19:47:18.862 [http-nio-auto-10-exec-1] DEBUG o.s.c.c.CharSequenceEncoder - [402bf7f3] Writing "472. foo bar"
19:47:18.862 [http-nio-auto-10-exec-1] DEBUG o.s.c.c.CharSequenceEncoder - [402bf7f3] Writing "473. foo bar"
19:47:18.862 [http-nio-auto-10-exec-1] DEBUG o.s.c.c.CharSequenceEncoder - [402bf7f3] Writing "474. foo bar"
19:47:18.862 [http-nio-auto-10-exec-1] DEBUG o.s.c.c.CharSequenceEncoder - [402bf7f3] Writing "475. foo bar"
19:47:18.862 [http-nio-auto-10-exec-1] DEBUG o.s.c.c.CharSequenceEncoder - [402bf7f3] Writing "476. foo bar"
19:47:18.862 [http-nio-auto-10-exec-1] DEBUG o.s.c.c.CharSequenceEncoder - [402bf7f3] Writing "477. foo bar"
19:47:18.862 [http-nio-auto-10-exec-1] DEBUG o.s.c.c.CharSequenceEncoder - [402bf7f3] Writing "478. foo bar"
19:47:18.862 [http-nio-auto-10-exec-1] DEBUG o.s.c.c.CharSequenceEncoder - [402bf7f3] Writing "479. foo bar"
19:47:18.862 [http-nio-auto-10-exec-1] DEBUG o.s.c.c.CharSequenceEncoder - [402bf7f3] Writing "480. foo bar"
19:47:18.862 [http-nio-auto-10-exec-1] DEBUG o.s.c.c.CharSequenceEncoder - [402bf7f3] Writing "481. foo bar"
19:47:18.862 [http-nio-auto-10-exec-1] DEBUG o.s.c.c.CharSequenceEncoder - [402bf7f3] Writing "482. foo bar"
19:47:18.862 [http-nio-auto-10-exec-1] DEBUG o.s.c.c.CharSequenceEncoder - [402bf7f3] Writing "483. foo bar"
19:47:18.862 [http-nio-auto-10-exec-1] DEBUG o.s.c.c.CharSequenceEncoder - [402bf7f3] Writing "484. foo bar"
19:47:18.863 [http-nio-auto-10-exec-1] DEBUG o.s.c.c.CharSequenceEncoder - [402bf7f3] Writing "485. foo bar"
19:47:18.863 [http-nio-auto-10-exec-1] DEBUG o.s.c.c.CharSequenceEncoder - [402bf7f3] Writing "486. foo bar"
19:47:18.863 [http-nio-auto-10-exec-1] DEBUG o.s.c.c.CharSequenceEncoder - [402bf7f3] Writing "487. foo bar"
19:47:18.863 [http-nio-auto-10-exec-1] DEBUG o.s.c.c.CharSequenceEncoder - [402bf7f3] Writing "488. foo bar"
19:47:18.863 [http-nio-auto-10-exec-1] DEBUG o.s.c.c.CharSequenceEncoder - [402bf7f3] Writing "489. foo bar"
19:47:18.863 [http-nio-auto-10-exec-1] DEBUG o.s.c.c.CharSequenceEncoder - [402bf7f3] Writing "490. foo bar"
19:47:18.863 [http-nio-auto-10-exec-1] DEBUG o.s.c.c.CharSequenceEncoder - [402bf7f3] Writing "491. foo bar"
19:47:18.863 [http-nio-auto-10-exec-1] DEBUG o.s.c.c.CharSequenceEncoder - [402bf7f3] Writing "492. foo bar"
19:47:18.863 [http-nio-auto-10-exec-1] DEBUG o.s.c.c.CharSequenceEncoder - [402bf7f3] Writing "493. foo bar"
19:47:18.863 [http-nio-auto-10-exec-1] DEBUG o.s.c.c.CharSequenceEncoder - [402bf7f3] Writing "494. foo bar"
19:47:18.863 [http-nio-auto-10-exec-1] DEBUG o.s.c.c.CharSequenceEncoder - [402bf7f3] Writing "495. foo bar"
19:47:18.863 [http-nio-auto-10-exec-1] DEBUG o.s.c.c.CharSequenceEncoder - [402bf7f3] Writing "496. foo bar"
19:47:18.863 [http-nio-auto-10-exec-1] DEBUG o.s.c.c.CharSequenceEncoder - [402bf7f3] Writing "497. foo bar"
19:47:18.863 [http-nio-auto-10-exec-1] DEBUG o.s.c.c.CharSequenceEncoder - [402bf7f3] Writing "498. foo bar"
19:47:18.863 [http-nio-auto-10-exec-1] DEBUG o.s.c.c.CharSequenceEncoder - [402bf7f3] Writing "499. foo bar"
19:47:18.863 [http-nio-auto-10-exec-1] DEBUG o.s.c.c.CharSequenceEncoder - [402bf7f3] Writing "500. foo bar"
19:47:18.863 [http-nio-auto-10-exec-1] DEBUG o.s.c.c.CharSequenceEncoder - [402bf7f3] Writing "501. foo bar"
19:47:18.863 [http-nio-auto-10-exec-1] DEBUG o.s.c.c.CharSequenceEncoder - [402bf7f3] Writing "502. foo bar"
19:47:18.863 [http-nio-auto-10-exec-1] DEBUG o.s.c.c.CharSequenceEncoder - [402bf7f3] Writing "503. foo bar"
19:47:18.863 [http-nio-auto-10-exec-1] DEBUG o.s.c.c.CharSequenceEncoder - [402bf7f3] Writing "504. foo bar"
19:47:18.863 [http-nio-auto-10-exec-1] DEBUG o.s.c.c.CharSequenceEncoder - [402bf7f3] Writing "505. foo bar"
19:47:18.863 [http-nio-auto-10-exec-1] DEBUG o.s.c.c.CharSequenceEncoder - [402bf7f3] Writing "506. foo bar"
19:47:18.863 [http-nio-auto-10-exec-1] DEBUG o.s.c.c.CharSequenceEncoder - [402bf7f3] Writing "507. foo bar"
19:47:18.863 [http-nio-auto-10-exec-1] DEBUG o.s.c.c.CharSequenceEncoder - [402bf7f3] Writing "508. foo bar"
19:47:18.863 [http-nio-auto-10-exec-1] DEBUG o.s.c.c.CharSequenceEncoder - [402bf7f3] Writing "509. foo bar"
19:47:18.863 [http-nio-auto-10-exec-1] DEBUG o.s.c.c.CharSequenceEncoder - [402bf7f3] Writing "510. foo bar"
19:47:18.864 [http-nio-auto-10-exec-1] DEBUG o.s.c.c.CharSequenceEncoder - [402bf7f3] Writing "511. foo bar"
19:47:18.864 [http-nio-auto-10-exec-1] DEBUG o.s.c.c.CharSequenceEncoder - [402bf7f3] Writing "512. foo bar"
19:47:18.864 [http-nio-auto-10-exec-1] DEBUG o.s.c.c.CharSequenceEncoder - [402bf7f3] Writing "513. foo bar"
19:47:18.864 [http-nio-auto-10-exec-1] DEBUG o.s.c.c.CharSequenceEncoder - [402bf7f3] Writing "514. foo bar"
19:47:18.864 [http-nio-auto-10-exec-1] DEBUG o.s.c.c.CharSequenceEncoder - [402bf7f3] Writing "515. foo bar"
19:47:18.864 [http-nio-auto-10-exec-1] DEBUG o.s.c.c.CharSequenceEncoder - [402bf7f3] Writing "516. foo bar"
19:47:18.864 [http-nio-auto-10-exec-1] DEBUG o.s.c.c.CharSequenceEncoder - [402bf7f3] Writing "517. foo bar"
19:47:18.864 [http-nio-auto-10-exec-1] DEBUG o.s.c.c.CharSequenceEncoder - [402bf7f3] Writing "518. foo bar"
19:47:18.864 [http-nio-auto-10-exec-1] DEBUG o.s.c.c.CharSequenceEncoder - [402bf7f3] Writing "519. foo bar"
19:47:18.864 [http-nio-auto-10-exec-1] DEBUG o.s.c.c.CharSequenceEncoder - [402bf7f3] Writing "520. foo bar"
19:47:18.864 [http-nio-auto-10-exec-1] DEBUG o.s.c.c.CharSequenceEncoder - [402bf7f3] Writing "521. foo bar"
19:47:18.864 [http-nio-auto-10-exec-1] DEBUG o.s.c.c.CharSequenceEncoder - [402bf7f3] Writing "522. foo bar"
19:47:18.864 [http-nio-auto-10-exec-1] DEBUG o.s.c.c.CharSequenceEncoder - [402bf7f3] Writing "523. foo bar"
19:47:18.864 [http-nio-auto-10-exec-1] DEBUG o.s.c.c.CharSequenceEncoder - [402bf7f3] Writing "524. foo bar"
19:47:18.864 [http-nio-auto-10-exec-1] DEBUG o.s.c.c.CharSequenceEncoder - [402bf7f3] Writing "525. foo bar"
19:47:18.864 [http-nio-auto-10-exec-1] DEBUG o.s.c.c.CharSequenceEncoder - [402bf7f3] Writing "526. foo bar"
19:47:18.864 [http-nio-auto-10-exec-1] DEBUG o.s.c.c.CharSequenceEncoder - [402bf7f3] Writing "527. foo bar"
19:47:18.864 [http-nio-auto-10-exec-1] DEBUG o.s.c.c.CharSequenceEncoder - [402bf7f3] Writing "528. foo bar"
19:47:18.864 [http-nio-auto-10-exec-1] DEBUG o.s.c.c.CharSequenceEncoder - [402bf7f3] Writing "529. foo bar"
19:47:18.864 [http-nio-auto-10-exec-1] DEBUG o.s.c.c.CharSequenceEncoder - [402bf7f3] Writing "530. foo bar"
19:47:18.864 [http-nio-auto-10-exec-1] DEBUG o.s.c.c.CharSequenceEncoder - [402bf7f3] Writing "531. foo bar"
19:47:18.864 [http-nio-auto-10-exec-1] DEBUG o.s.c.c.CharSequenceEncoder - [402bf7f3] Writing "532. foo bar"
19:47:18.864 [http-nio-auto-10-exec-1] DEBUG o.s.c.c.CharSequenceEncoder - [402bf7f3] Writing "533. foo bar"
19:47:18.864 [http-nio-auto-10-exec-1] DEBUG o.s.c.c.CharSequenceEncoder - [402bf7f3] Writing "534. foo bar"
19:47:18.864 [http-nio-auto-10-exec-1] DEBUG o.s.c.c.CharSequenceEncoder - [402bf7f3] Writing "535. foo bar"
19:47:18.864 [http-nio-auto-10-exec-1] DEBUG o.s.c.c.CharSequenceEncoder - [402bf7f3] Writing "536. foo bar"
19:47:18.864 [http-nio-auto-10-exec-1] DEBUG o.s.c.c.CharSequenceEncoder - [402bf7f3] Writing "537. foo bar"
19:47:18.864 [http-nio-auto-10-exec-1] DEBUG o.s.c.c.CharSequenceEncoder - [402bf7f3] Writing "538. foo bar"
19:47:18.864 [http-nio-auto-10-exec-1] DEBUG o.s.c.c.CharSequenceEncoder - [402bf7f3] Writing "539. foo bar"
19:47:18.864 [http-nio-auto-10-exec-1] DEBUG o.s.c.c.CharSequenceEncoder - [402bf7f3] Writing "540. foo bar"
19:47:18.864 [http-nio-auto-10-exec-1] DEBUG o.s.c.c.CharSequenceEncoder - [402bf7f3] Writing "541. foo bar"
19:47:18.864 [http-nio-auto-10-exec-1] DEBUG o.s.c.c.CharSequenceEncoder - [402bf7f3] Writing "542. foo bar"
19:47:18.864 [http-nio-auto-10-exec-1] DEBUG o.s.c.c.CharSequenceEncoder - [402bf7f3] Writing "543. foo bar"
19:47:18.864 [http-nio-auto-10-exec-1] DEBUG o.s.c.c.CharSequenceEncoder - [402bf7f3] Writing "544. foo bar"
19:47:18.864 [http-nio-auto-10-exec-1] DEBUG o.s.c.c.CharSequenceEncoder - [402bf7f3] Writing "545. foo bar"
19:47:18.864 [http-nio-auto-10-exec-1] DEBUG o.s.c.c.CharSequenceEncoder - [402bf7f3] Writing "546. foo bar"
19:47:18.864 [http-nio-auto-10-exec-1] DEBUG o.s.c.c.CharSequenceEncoder - [402bf7f3] Writing "547. foo bar"
19:47:18.864 [http-nio-auto-10-exec-1] DEBUG o.s.c.c.CharSequenceEncoder - [402bf7f3] Writing "548. foo bar"
19:47:18.865 [http-nio-auto-10-exec-1] DEBUG o.s.c.c.CharSequenceEncoder - [402bf7f3] Writing "549. foo bar"
19:47:18.865 [http-nio-auto-10-exec-1] DEBUG o.s.c.c.CharSequenceEncoder - [402bf7f3] Writing "550. foo bar"
19:47:18.865 [http-nio-auto-10-exec-1] DEBUG o.s.c.c.CharSequenceEncoder - [402bf7f3] Writing "551. foo bar"
19:47:18.865 [http-nio-auto-10-exec-1] DEBUG o.s.c.c.CharSequenceEncoder - [402bf7f3] Writing "552. foo bar"
19:47:18.865 [http-nio-auto-10-exec-1] DEBUG o.s.c.c.CharSequenceEncoder - [402bf7f3] Writing "553. foo bar"
19:47:18.865 [http-nio-auto-10-exec-1] DEBUG o.s.c.c.CharSequenceEncoder - [402bf7f3] Writing "554. foo bar"
19:47:18.865 [http-nio-auto-10-exec-1] DEBUG o.s.c.c.CharSequenceEncoder - [402bf7f3] Writing "555. foo bar"
19:47:18.865 [http-nio-auto-10-exec-1] DEBUG o.s.c.c.CharSequenceEncoder - [402bf7f3] Writing "556. foo bar"
19:47:18.865 [http-nio-auto-10-exec-1] DEBUG o.s.c.c.CharSequenceEncoder - [402bf7f3] Writing "557. foo bar"
19:47:18.865 [http-nio-auto-10-exec-1] DEBUG o.s.c.c.CharSequenceEncoder - [402bf7f3] Writing "558. foo bar"
19:47:18.865 [http-nio-auto-10-exec-1] DEBUG o.s.c.c.CharSequenceEncoder - [402bf7f3] Writing "559. foo bar"
19:47:18.865 [http-nio-auto-10-exec-1] DEBUG o.s.c.c.CharSequenceEncoder - [402bf7f3] Writing "560. foo bar"
19:47:18.865 [http-nio-auto-10-exec-1] DEBUG o.s.c.c.CharSequenceEncoder - [402bf7f3] Writing "561. foo bar"
19:47:18.865 [http-nio-auto-10-exec-1] DEBUG o.s.c.c.CharSequenceEncoder - [402bf7f3] Writing "562. foo bar"
19:47:18.865 [http-nio-auto-10-exec-1] DEBUG o.s.c.c.CharSequenceEncoder - [402bf7f3] Writing "563. foo bar"
19:47:18.865 [http-nio-auto-10-exec-1] DEBUG o.s.c.c.CharSequenceEncoder - [402bf7f3] Writing "564. foo bar"
19:47:18.865 [http-nio-auto-10-exec-1] DEBUG o.s.c.c.CharSequenceEncoder - [402bf7f3] Writing "565. foo bar"
19:47:18.865 [http-nio-auto-10-exec-1] DEBUG o.s.c.c.CharSequenceEncoder - [402bf7f3] Writing "566. foo bar"
19:47:18.865 [http-nio-auto-10-exec-1] DEBUG o.s.c.c.CharSequenceEncoder - [402bf7f3] Writing "567. foo bar"
19:47:18.865 [http-nio-auto-10-exec-1] DEBUG o.s.c.c.CharSequenceEncoder - [402bf7f3] Writing "568. foo bar"
19:47:18.865 [http-nio-auto-10-exec-1] DEBUG o.s.c.c.CharSequenceEncoder - [402bf7f3] Writing "569. foo bar"
19:47:18.865 [http-nio-auto-10-exec-1] DEBUG o.s.c.c.CharSequenceEncoder - [402bf7f3] Writing "570. foo bar"
19:47:18.865 [http-nio-auto-10-exec-1] DEBUG o.s.c.c.CharSequenceEncoder - [402bf7f3] Writing "571. foo bar"
19:47:18.865 [http-nio-auto-10-exec-1] DEBUG o.s.c.c.CharSequenceEncoder - [402bf7f3] Writing "572. foo bar"
19:47:18.865 [http-nio-auto-10-exec-1] DEBUG o.s.c.c.CharSequenceEncoder - [402bf7f3] Writing "573. foo bar"
19:47:18.865 [http-nio-auto-10-exec-1] DEBUG o.s.c.c.CharSequenceEncoder - [402bf7f3] Writing "574. foo bar"
19:47:18.865 [http-nio-auto-10-exec-1] DEBUG o.s.c.c.CharSequenceEncoder - [402bf7f3] Writing "575. foo bar"
19:47:18.865 [http-nio-auto-10-exec-1] DEBUG o.s.c.c.CharSequenceEncoder - [402bf7f3] Writing "576. foo bar"
19:47:18.865 [http-nio-auto-10-exec-1] DEBUG o.s.c.c.CharSequenceEncoder - [402bf7f3] Writing "577. foo bar"
19:47:18.866 [http-nio-auto-10-exec-1] DEBUG o.s.c.c.CharSequenceEncoder - [402bf7f3] Writing "578. foo bar"
19:47:18.866 [http-nio-auto-10-exec-1] DEBUG o.s.c.c.CharSequenceEncoder - [402bf7f3] Writing "579. foo bar"
19:47:18.866 [http-nio-auto-10-exec-1] DEBUG o.s.c.c.CharSequenceEncoder - [402bf7f3] Writing "580. foo bar"
19:47:18.866 [http-nio-auto-10-exec-1] DEBUG o.s.c.c.CharSequenceEncoder - [402bf7f3] Writing "581. foo bar"
19:47:18.866 [http-nio-auto-10-exec-1] DEBUG o.s.c.c.CharSequenceEncoder - [402bf7f3] Writing "582. foo bar"
19:47:18.866 [http-nio-auto-10-exec-1] DEBUG o.s.c.c.CharSequenceEncoder - [402bf7f3] Writing "583. foo bar"
19:47:18.867 [http-nio-auto-10-exec-1] DEBUG o.s.c.c.CharSequenceEncoder - [402bf7f3] Writing "584. foo bar"
19:47:18.867 [http-nio-auto-10-exec-1] DEBUG o.s.c.c.CharSequenceEncoder - [402bf7f3] Writing "585. foo bar"
19:47:18.867 [http-nio-auto-10-exec-1] DEBUG o.s.c.c.CharSequenceEncoder - [402bf7f3] Writing "586. foo bar"
19:47:18.867 [http-nio-auto-10-exec-1] DEBUG o.s.c.c.CharSequenceEncoder - [402bf7f3] Writing "587. foo bar"
19:47:18.867 [http-nio-auto-10-exec-1] DEBUG o.s.c.c.CharSequenceEncoder - [402bf7f3] Writing "588. foo bar"
19:47:18.867 [http-nio-auto-10-exec-1] DEBUG o.s.c.c.CharSequenceEncoder - [402bf7f3] Writing "589. foo bar"
19:47:18.867 [http-nio-auto-10-exec-1] DEBUG o.s.c.c.CharSequenceEncoder - [402bf7f3] Writing "590. foo bar"
19:47:18.867 [http-nio-auto-10-exec-1] DEBUG o.s.c.c.CharSequenceEncoder - [402bf7f3] Writing "591. foo bar"
19:47:18.867 [http-nio-auto-10-exec-1] DEBUG o.s.c.c.CharSequenceEncoder - [402bf7f3] Writing "592. foo bar"
19:47:18.867 [http-nio-auto-10-exec-1] DEBUG o.s.c.c.CharSequenceEncoder - [402bf7f3] Writing "593. foo bar"
19:47:18.867 [http-nio-auto-10-exec-1] DEBUG o.s.c.c.CharSequenceEncoder - [402bf7f3] Writing "594. foo bar"
19:47:18.867 [http-nio-auto-10-exec-1] DEBUG o.s.c.c.CharSequenceEncoder - [402bf7f3] Writing "595. foo bar"
19:47:18.867 [http-nio-auto-10-exec-1] DEBUG o.s.c.c.CharSequenceEncoder - [402bf7f3] Writing "596. foo bar"
19:47:18.867 [http-nio-auto-10-exec-1] DEBUG o.s.c.c.CharSequenceEncoder - [402bf7f3] Writing "597. foo bar"
19:47:18.867 [http-nio-auto-10-exec-1] DEBUG o.s.c.c.CharSequenceEncoder - [402bf7f3] Writing "598. foo bar"
19:47:18.867 [http-nio-auto-10-exec-1] DEBUG o.s.c.c.CharSequenceEncoder - [402bf7f3] Writing "599. foo bar"
19:47:18.867 [http-nio-auto-10-exec-1] DEBUG o.s.c.c.CharSequenceEncoder - [402bf7f3] Writing "600. foo bar"
19:47:18.867 [http-nio-auto-10-exec-1] DEBUG o.s.c.c.CharSequenceEncoder - [402bf7f3] Writing "601. foo bar"
19:47:18.867 [http-nio-auto-10-exec-1] DEBUG o.s.c.c.CharSequenceEncoder - [402bf7f3] Writing "602. foo bar"
19:47:18.867 [http-nio-auto-10-exec-1] DEBUG o.s.c.c.CharSequenceEncoder - [402bf7f3] Writing "603. foo bar"
19:47:18.867 [http-nio-auto-10-exec-1] DEBUG o.s.c.c.CharSequenceEncoder - [402bf7f3] Writing "604. foo bar"
19:47:18.867 [http-nio-auto-10-exec-1] DEBUG o.s.c.c.CharSequenceEncoder - [402bf7f3] Writing "605. foo bar"
19:47:18.867 [http-nio-auto-10-exec-1] DEBUG o.s.c.c.CharSequenceEncoder - [402bf7f3] Writing "606. foo bar"
19:47:18.867 [http-nio-auto-10-exec-1] DEBUG o.s.c.c.CharSequenceEncoder - [402bf7f3] Writing "607. foo bar"
19:47:18.867 [http-nio-auto-10-exec-1] DEBUG o.s.c.c.CharSequenceEncoder - [402bf7f3] Writing "608. foo bar"
19:47:18.867 [http-nio-auto-10-exec-1] DEBUG o.s.c.c.CharSequenceEncoder - [402bf7f3] Writing "609. foo bar"
19:47:18.867 [http-nio-auto-10-exec-1] DEBUG o.s.c.c.CharSequenceEncoder - [402bf7f3] Writing "610. foo bar"
19:47:18.867 [http-nio-auto-10-exec-1] DEBUG o.s.c.c.CharSequenceEncoder - [402bf7f3] Writing "611. foo bar"
19:47:18.867 [http-nio-auto-10-exec-1] DEBUG o.s.c.c.CharSequenceEncoder - [402bf7f3] Writing "612. foo bar"
19:47:18.867 [http-nio-auto-10-exec-1] DEBUG o.s.c.c.CharSequenceEncoder - [402bf7f3] Writing "613. foo bar"
19:47:18.868 [http-nio-auto-10-exec-1] DEBUG o.s.c.c.CharSequenceEncoder - [402bf7f3] Writing "614. foo bar"
19:47:18.868 [http-nio-auto-10-exec-1] DEBUG o.s.c.c.CharSequenceEncoder - [402bf7f3] Writing "615. foo bar"
19:47:18.868 [http-nio-auto-10-exec-1] DEBUG o.s.c.c.CharSequenceEncoder - [402bf7f3] Writing "616. foo bar"
19:47:18.868 [http-nio-auto-10-exec-1] DEBUG o.s.c.c.CharSequenceEncoder - [402bf7f3] Writing "617. foo bar"
19:47:18.868 [http-nio-auto-10-exec-1] DEBUG o.s.c.c.CharSequenceEncoder - [402bf7f3] Writing "618. foo bar"
19:47:18.868 [http-nio-auto-10-exec-1] DEBUG o.s.c.c.CharSequenceEncoder - [402bf7f3] Writing "619. foo bar"
19:47:18.868 [http-nio-auto-10-exec-1] DEBUG o.s.c.c.CharSequenceEncoder - [402bf7f3] Writing "620. foo bar"
19:47:18.868 [http-nio-auto-10-exec-1] DEBUG o.s.c.c.CharSequenceEncoder - [402bf7f3] Writing "621. foo bar"
19:47:18.868 [http-nio-auto-10-exec-1] DEBUG o.s.c.c.CharSequenceEncoder - [402bf7f3] Writing "622. foo bar"
19:47:18.868 [http-nio-auto-10-exec-1] DEBUG o.s.c.c.CharSequenceEncoder - [402bf7f3] Writing "623. foo bar"
19:47:18.868 [http-nio-auto-10-exec-1] DEBUG o.s.c.c.CharSequenceEncoder - [402bf7f3] Writing "624. foo bar"
19:47:18.868 [http-nio-auto-10-exec-1] DEBUG o.s.c.c.CharSequenceEncoder - [402bf7f3] Writing "625. foo bar"
19:47:18.868 [http-nio-auto-10-exec-1] DEBUG o.s.c.c.CharSequenceEncoder - [402bf7f3] Writing "626. foo bar"
19:47:18.868 [http-nio-auto-10-exec-1] DEBUG o.s.c.c.CharSequenceEncoder - [402bf7f3] Writing "627. foo bar"
19:47:18.868 [http-nio-auto-10-exec-1] DEBUG o.s.c.c.CharSequenceEncoder - [402bf7f3] Writing "628. foo bar"
19:47:18.868 [http-nio-auto-10-exec-1] DEBUG o.s.c.c.CharSequenceEncoder - [402bf7f3] Writing "629. foo bar"
19:47:18.868 [http-nio-auto-10-exec-1] DEBUG o.s.c.c.CharSequenceEncoder - [402bf7f3] Writing "630. foo bar"
19:47:18.868 [http-nio-auto-10-exec-1] DEBUG o.s.c.c.CharSequenceEncoder - [402bf7f3] Writing "631. foo bar"
19:47:18.868 [http-nio-auto-10-exec-1] DEBUG o.s.c.c.CharSequenceEncoder - [402bf7f3] Writing "632. foo bar"
19:47:18.868 [http-nio-auto-10-exec-1] DEBUG o.s.c.c.CharSequenceEncoder - [402bf7f3] Writing "633. foo bar"
19:47:18.868 [http-nio-auto-10-exec-1] DEBUG o.s.c.c.CharSequenceEncoder - [402bf7f3] Writing "634. foo bar"
19:47:18.868 [http-nio-auto-10-exec-1] DEBUG o.s.c.c.CharSequenceEncoder - [402bf7f3] Writing "635. foo bar"
19:47:18.868 [http-nio-auto-10-exec-1] DEBUG o.s.c.c.CharSequenceEncoder - [402bf7f3] Writing "636. foo bar"
19:47:18.868 [http-nio-auto-10-exec-1] DEBUG o.s.c.c.CharSequenceEncoder - [402bf7f3] Writing "637. foo bar"
19:47:18.868 [http-nio-auto-10-exec-1] DEBUG o.s.c.c.CharSequenceEncoder - [402bf7f3] Writing "638. foo bar"
19:47:18.868 [http-nio-auto-10-exec-1] DEBUG o.s.c.c.CharSequenceEncoder - [402bf7f3] Writing "639. foo bar"
19:47:18.869 [http-nio-auto-10-exec-1] DEBUG o.s.c.c.CharSequenceEncoder - [402bf7f3] Writing "640. foo bar"
19:47:18.869 [http-nio-auto-10-exec-1] DEBUG o.s.c.c.CharSequenceEncoder - [402bf7f3] Writing "641. foo bar"
19:47:18.869 [http-nio-auto-10-exec-1] DEBUG o.s.c.c.CharSequenceEncoder - [402bf7f3] Writing "642. foo bar"
19:47:18.869 [http-nio-auto-10-exec-1] DEBUG o.s.c.c.CharSequenceEncoder - [402bf7f3] Writing "643. foo bar"
19:47:18.869 [http-nio-auto-10-exec-1] DEBUG o.s.c.c.CharSequenceEncoder - [402bf7f3] Writing "644. foo bar"
19:47:18.869 [http-nio-auto-10-exec-1] DEBUG o.s.c.c.CharSequenceEncoder - [402bf7f3] Writing "645. foo bar"
19:47:18.869 [http-nio-auto-10-exec-1] DEBUG o.s.c.c.CharSequenceEncoder - [402bf7f3] Writing "646. foo bar"
19:47:18.869 [http-nio-auto-10-exec-1] DEBUG o.s.c.c.CharSequenceEncoder - [402bf7f3] Writing "647. foo bar"
19:47:18.869 [http-nio-auto-10-exec-1] DEBUG o.s.c.c.CharSequenceEncoder - [402bf7f3] Writing "648. foo bar"
19:47:18.869 [http-nio-auto-10-exec-1] DEBUG o.s.c.c.CharSequenceEncoder - [402bf7f3] Writing "649. foo bar"
19:47:18.869 [http-nio-auto-10-exec-1] DEBUG o.s.c.c.CharSequenceEncoder - [402bf7f3] Writing "650. foo bar"
19:47:18.869 [http-nio-auto-10-exec-1] DEBUG o.s.c.c.CharSequenceEncoder - [402bf7f3] Writing "651. foo bar"
19:47:18.869 [http-nio-auto-10-exec-1] DEBUG o.s.c.c.CharSequenceEncoder - [402bf7f3] Writing "652. foo bar"
19:47:18.869 [http-nio-auto-10-exec-1] DEBUG o.s.c.c.CharSequenceEncoder - [402bf7f3] Writing "653. foo bar"
19:47:18.869 [http-nio-auto-10-exec-1] DEBUG o.s.c.c.CharSequenceEncoder - [402bf7f3] Writing "654. foo bar"
19:47:18.869 [http-nio-auto-10-exec-1] DEBUG o.s.c.c.CharSequenceEncoder - [402bf7f3] Writing "655. foo bar"
19:47:18.869 [http-nio-auto-10-exec-1] DEBUG o.s.c.c.CharSequenceEncoder - [402bf7f3] Writing "656. foo bar"
19:47:18.869 [http-nio-auto-10-exec-1] DEBUG o.s.c.c.CharSequenceEncoder - [402bf7f3] Writing "657. foo bar"
19:47:18.869 [http-nio-auto-10-exec-1] DEBUG o.s.c.c.CharSequenceEncoder - [402bf7f3] Writing "658. foo bar"
19:47:18.869 [http-nio-auto-10-exec-1] DEBUG o.s.c.c.CharSequenceEncoder - [402bf7f3] Writing "659. foo bar"
19:47:18.869 [http-nio-auto-10-exec-1] DEBUG o.s.c.c.CharSequenceEncoder - [402bf7f3] Writing "660. foo bar"
19:47:18.869 [http-nio-auto-10-exec-1] DEBUG o.s.c.c.CharSequenceEncoder - [402bf7f3] Writing "661. foo bar"
19:47:18.869 [http-nio-auto-10-exec-1] DEBUG o.s.c.c.CharSequenceEncoder - [402bf7f3] Writing "662. foo bar"
19:47:18.869 [http-nio-auto-10-exec-1] DEBUG o.s.c.c.CharSequenceEncoder - [402bf7f3] Writing "663. foo bar"
19:47:18.869 [http-nio-auto-10-exec-1] DEBUG o.s.c.c.CharSequenceEncoder - [402bf7f3] Writing "664. foo bar"
19:47:18.869 [http-nio-auto-10-exec-1] DEBUG o.s.c.c.CharSequenceEncoder - [402bf7f3] Writing "665. foo bar"
19:47:18.869 [http-nio-auto-10-exec-1] DEBUG o.s.c.c.CharSequenceEncoder - [402bf7f3] Writing "666. foo bar"
19:47:18.869 [http-nio-auto-10-exec-1] DEBUG o.s.c.c.CharSequenceEncoder - [402bf7f3] Writing "667. foo bar"
19:47:18.869 [http-nio-auto-10-exec-1] DEBUG o.s.c.c.CharSequenceEncoder - [402bf7f3] Writing "668. foo bar"
19:47:18.869 [http-nio-auto-10-exec-1] DEBUG o.s.c.c.CharSequenceEncoder - [402bf7f3] Writing "669. foo bar"
19:47:18.869 [http-nio-auto-10-exec-1] DEBUG o.s.c.c.CharSequenceEncoder - [402bf7f3] Writing "670. foo bar"
19:47:18.869 [http-nio-auto-10-exec-1] DEBUG o.s.c.c.CharSequenceEncoder - [402bf7f3] Writing "671. foo bar"
19:47:18.870 [http-nio-auto-10-exec-1] DEBUG o.s.c.c.CharSequenceEncoder - [402bf7f3] Writing "672. foo bar"
19:47:18.870 [http-nio-auto-10-exec-1] DEBUG o.s.c.c.CharSequenceEncoder - [402bf7f3] Writing "673. foo bar"
19:47:18.870 [http-nio-auto-10-exec-1] DEBUG o.s.c.c.CharSequenceEncoder - [402bf7f3] Writing "674. foo bar"
19:47:18.870 [http-nio-auto-10-exec-1] DEBUG o.s.c.c.CharSequenceEncoder - [402bf7f3] Writing "675. foo bar"
19:47:18.870 [http-nio-auto-10-exec-1] DEBUG o.s.c.c.CharSequenceEncoder - [402bf7f3] Writing "676. foo bar"
19:47:18.870 [http-nio-auto-10-exec-1] DEBUG o.s.c.c.CharSequenceEncoder - [402bf7f3] Writing "677. foo bar"
19:47:18.870 [http-nio-auto-10-exec-1] DEBUG o.s.c.c.CharSequenceEncoder - [402bf7f3] Writing "678. foo bar"
19:47:18.870 [http-nio-auto-10-exec-1] DEBUG o.s.c.c.CharSequenceEncoder - [402bf7f3] Writing "679. foo bar"
19:47:18.870 [http-nio-auto-10-exec-1] DEBUG o.s.c.c.CharSequenceEncoder - [402bf7f3] Writing "680. foo bar"
19:47:18.870 [http-nio-auto-10-exec-1] DEBUG o.s.c.c.CharSequenceEncoder - [402bf7f3] Writing "681. foo bar"
19:47:18.870 [http-nio-auto-10-exec-1] DEBUG o.s.c.c.CharSequenceEncoder - [402bf7f3] Writing "682. foo bar"
19:47:18.870 [http-nio-auto-10-exec-1] DEBUG o.s.c.c.CharSequenceEncoder - [402bf7f3] Writing "683. foo bar"
19:47:18.870 [http-nio-auto-10-exec-1] DEBUG o.s.c.c.CharSequenceEncoder - [402bf7f3] Writing "684. foo bar"
19:47:18.870 [http-nio-auto-10-exec-1] DEBUG o.s.c.c.CharSequenceEncoder - [402bf7f3] Writing "685. foo bar"
19:47:18.870 [http-nio-auto-10-exec-1] DEBUG o.s.c.c.CharSequenceEncoder - [402bf7f3] Writing "686. foo bar"
19:47:18.870 [http-nio-auto-10-exec-1] DEBUG o.s.c.c.CharSequenceEncoder - [402bf7f3] Writing "687. foo bar"
19:47:18.870 [http-nio-auto-10-exec-1] DEBUG o.s.c.c.CharSequenceEncoder - [402bf7f3] Writing "688. foo bar"
19:47:18.871 [http-nio-auto-10-exec-1] DEBUG o.s.c.c.CharSequenceEncoder - [402bf7f3] Writing "689. foo bar"
19:47:18.871 [http-nio-auto-10-exec-1] DEBUG o.s.c.c.CharSequenceEncoder - [402bf7f3] Writing "690. foo bar"
19:47:18.871 [http-nio-auto-10-exec-1] DEBUG o.s.c.c.CharSequenceEncoder - [402bf7f3] Writing "691. foo bar"
19:47:18.871 [http-nio-auto-10-exec-1] DEBUG o.s.c.c.CharSequenceEncoder - [402bf7f3] Writing "692. foo bar"
19:47:18.871 [http-nio-auto-10-exec-1] DEBUG o.s.c.c.CharSequenceEncoder - [402bf7f3] Writing "693. foo bar"
19:47:18.872 [Test worker] DEBUG o.s.w.c.RestTemplate - Response 200 OK
19:47:18.872 [Test worker] DEBUG o.s.w.c.RestTemplate - Reading to [java.lang.String] as "text/plain;charset=UTF-8"
19:47:18.873 [http-nio-auto-10-exec-2] DEBUG o.s.c.c.CharSequenceEncoder - [402bf7f3] Writing "694. foo bar"
19:47:18.873 [http-nio-auto-10-exec-2] DEBUG o.s.c.c.CharSequenceEncoder - [402bf7f3] Writing "695. foo bar"
19:47:18.873 [http-nio-auto-10-exec-2] DEBUG o.s.c.c.CharSequenceEncoder - [402bf7f3] Writing "696. foo bar"
19:47:18.873 [http-nio-auto-10-exec-2] DEBUG o.s.c.c.CharSequenceEncoder - [402bf7f3] Writing "697. foo bar"
19:47:18.874 [http-nio-auto-10-exec-2] DEBUG o.s.c.c.CharSequenceEncoder - [402bf7f3] Writing "698. foo bar"
19:47:18.874 [http-nio-auto-10-exec-2] DEBUG o.s.c.c.CharSequenceEncoder - [402bf7f3] Writing "699. foo bar"
19:47:18.874 [http-nio-auto-10-exec-2] DEBUG o.s.c.c.CharSequenceEncoder - [402bf7f3] Writing "700. foo bar"
19:47:18.874 [http-nio-auto-10-exec-2] DEBUG o.s.c.c.CharSequenceEncoder - [402bf7f3] Writing "701. foo bar"
19:47:18.874 [http-nio-auto-10-exec-2] DEBUG o.s.c.c.CharSequenceEncoder - [402bf7f3] Writing "702. foo bar"
19:47:18.874 [http-nio-auto-10-exec-2] DEBUG o.s.c.c.CharSequenceEncoder - [402bf7f3] Writing "703. foo bar"
19:47:18.874 [http-nio-auto-10-exec-2] DEBUG o.s.c.c.CharSequenceEncoder - [402bf7f3] Writing "704. foo bar"
19:47:18.874 [http-nio-auto-10-exec-2] DEBUG o.s.c.c.CharSequenceEncoder - [402bf7f3] Writing "705. foo bar"
19:47:18.874 [http-nio-auto-10-exec-2] DEBUG o.s.c.c.CharSequenceEncoder - [402bf7f3] Writing "706. foo bar"
19:47:18.874 [http-nio-auto-10-exec-2] DEBUG o.s.c.c.CharSequenceEncoder - [402bf7f3] Writing "707. foo bar"
19:47:18.874 [http-nio-auto-10-exec-2] DEBUG o.s.c.c.CharSequenceEncoder - [402bf7f3] Writing "708. foo bar"
19:47:18.874 [http-nio-auto-10-exec-2] DEBUG o.s.c.c.CharSequenceEncoder - [402bf7f3] Writing "709. foo bar"
19:47:18.874 [http-nio-auto-10-exec-2] DEBUG o.s.c.c.CharSequenceEncoder - [402bf7f3] Writing "710. foo bar"
19:47:18.874 [http-nio-auto-10-exec-2] DEBUG o.s.c.c.CharSequenceEncoder - [402bf7f3] Writing "711. foo bar"
19:47:18.874 [http-nio-auto-10-exec-2] DEBUG o.s.c.c.CharSequenceEncoder - [402bf7f3] Writing "712. foo bar"
19:47:18.874 [http-nio-auto-10-exec-2] DEBUG o.s.c.c.CharSequenceEncoder - [402bf7f3] Writing "713. foo bar"
19:47:18.874 [http-nio-auto-10-exec-2] DEBUG o.s.c.c.CharSequenceEncoder - [402bf7f3] Writing "714. foo bar"
19:47:18.874 [http-nio-auto-10-exec-2] DEBUG o.s.c.c.CharSequenceEncoder - [402bf7f3] Writing "715. foo bar"
19:47:18.874 [http-nio-auto-10-exec-2] DEBUG o.s.c.c.CharSequenceEncoder - [402bf7f3] Writing "716. foo bar"
19:47:18.874 [http-nio-auto-10-exec-2] DEBUG o.s.c.c.CharSequenceEncoder - [402bf7f3] Writing "717. foo bar"
19:47:18.874 [http-nio-auto-10-exec-2] DEBUG o.s.c.c.CharSequenceEncoder - [402bf7f3] Writing "718. foo bar"
19:47:18.874 [http-nio-auto-10-exec-2] DEBUG o.s.c.c.CharSequenceEncoder - [402bf7f3] Writing "719. foo bar"
19:47:18.874 [http-nio-auto-10-exec-2] DEBUG o.s.c.c.CharSequenceEncoder - [402bf7f3] Writing "720. foo bar"
19:47:18.874 [http-nio-auto-10-exec-2] DEBUG o.s.c.c.CharSequenceEncoder - [402bf7f3] Writing "721. foo bar"
19:47:18.874 [http-nio-auto-10-exec-2] DEBUG o.s.c.c.CharSequenceEncoder - [402bf7f3] Writing "722. foo bar"
19:47:18.874 [http-nio-auto-10-exec-2] DEBUG o.s.c.c.CharSequenceEncoder - [402bf7f3] Writing "723. foo bar"
19:47:18.874 [http-nio-auto-10-exec-2] DEBUG o.s.c.c.CharSequenceEncoder - [402bf7f3] Writing "724. foo bar"
19:47:18.874 [http-nio-auto-10-exec-2] DEBUG o.s.c.c.CharSequenceEncoder - [402bf7f3] Writing "725. foo bar"
19:47:18.874 [http-nio-auto-10-exec-2] DEBUG o.s.c.c.CharSequenceEncoder - [402bf7f3] Writing "726. foo bar"
19:47:18.874 [http-nio-auto-10-exec-2] DEBUG o.s.c.c.CharSequenceEncoder - [402bf7f3] Writing "727. foo bar"
19:47:18.874 [http-nio-auto-10-exec-2] DEBUG o.s.c.c.CharSequenceEncoder - [402bf7f3] Writing "728. foo bar"
19:47:18.874 [http-nio-auto-10-exec-2] DEBUG o.s.c.c.CharSequenceEncoder - [402bf7f3] Writing "729. foo bar"
19:47:18.874 [http-nio-auto-10-exec-2] DEBUG o.s.c.c.CharSequenceEncoder - [402bf7f3] Writing "730. foo bar"
19:47:18.874 [http-nio-auto-10-exec-2] DEBUG o.s.c.c.CharSequenceEncoder - [402bf7f3] Writing "731. foo bar"
19:47:18.875 [http-nio-auto-10-exec-2] DEBUG o.s.c.c.CharSequenceEncoder - [402bf7f3] Writing "732. foo bar"
19:47:18.875 [http-nio-auto-10-exec-2] DEBUG o.s.c.c.CharSequenceEncoder - [402bf7f3] Writing "733. foo bar"
19:47:18.875 [http-nio-auto-10-exec-2] DEBUG o.s.c.c.CharSequenceEncoder - [402bf7f3] Writing "734. foo bar"
19:47:18.875 [http-nio-auto-10-exec-2] DEBUG o.s.c.c.CharSequenceEncoder - [402bf7f3] Writing "735. foo bar"
19:47:18.875 [http-nio-auto-10-exec-2] DEBUG o.s.c.c.CharSequenceEncoder - [402bf7f3] Writing "736. foo bar"
19:47:18.875 [http-nio-auto-10-exec-2] DEBUG o.s.c.c.CharSequenceEncoder - [402bf7f3] Writing "737. foo bar"
19:47:18.875 [http-nio-auto-10-exec-2] DEBUG o.s.c.c.CharSequenceEncoder - [402bf7f3] Writing "738. foo bar"
19:47:18.875 [http-nio-auto-10-exec-2] DEBUG o.s.c.c.CharSequenceEncoder - [402bf7f3] Writing "739. foo bar"
19:47:18.875 [http-nio-auto-10-exec-2] DEBUG o.s.c.c.CharSequenceEncoder - [402bf7f3] Writing "740. foo bar"
19:47:18.875 [http-nio-auto-10-exec-2] DEBUG o.s.c.c.CharSequenceEncoder - [402bf7f3] Writing "741. foo bar"
19:47:18.875 [http-nio-auto-10-exec-2] DEBUG o.s.c.c.CharSequenceEncoder - [402bf7f3] Writing "742. foo bar"
19:47:18.875 [http-nio-auto-10-exec-2] DEBUG o.s.c.c.CharSequenceEncoder - [402bf7f3] Writing "743. foo bar"
19:47:18.875 [http-nio-auto-10-exec-2] DEBUG o.s.c.c.CharSequenceEncoder - [402bf7f3] Writing "744. foo bar"
19:47:18.875 [http-nio-auto-10-exec-2] DEBUG o.s.c.c.CharSequenceEncoder - [402bf7f3] Writing "745. foo bar"
19:47:18.875 [http-nio-auto-10-exec-2] DEBUG o.s.c.c.CharSequenceEncoder - [402bf7f3] Writing "746. foo bar"
19:47:18.875 [http-nio-auto-10-exec-2] DEBUG o.s.c.c.CharSequenceEncoder - [402bf7f3] Writing "747. foo bar"
19:47:18.875 [http-nio-auto-10-exec-2] DEBUG o.s.c.c.CharSequenceEncoder - [402bf7f3] Writing "748. foo bar"
19:47:18.875 [http-nio-auto-10-exec-2] DEBUG o.s.c.c.CharSequenceEncoder - [402bf7f3] Writing "749. foo bar"
19:47:18.875 [http-nio-auto-10-exec-2] DEBUG o.s.c.c.CharSequenceEncoder - [402bf7f3] Writing "750. foo bar"
19:47:18.875 [http-nio-auto-10-exec-2] DEBUG o.s.c.c.CharSequenceEncoder - [402bf7f3] Writing "751. foo bar"
19:47:18.875 [http-nio-auto-10-exec-2] DEBUG o.s.c.c.CharSequenceEncoder - [402bf7f3] Writing "752. foo bar"
19:47:18.875 [http-nio-auto-10-exec-2] DEBUG o.s.c.c.CharSequenceEncoder - [402bf7f3] Writing "753. foo bar"
19:47:18.875 [http-nio-auto-10-exec-2] DEBUG o.s.c.c.CharSequenceEncoder - [402bf7f3] Writing "754. foo bar"
19:47:18.875 [http-nio-auto-10-exec-2] DEBUG o.s.c.c.CharSequenceEncoder - [402bf7f3] Writing "755. foo bar"
19:47:18.875 [http-nio-auto-10-exec-2] DEBUG o.s.c.c.CharSequenceEncoder - [402bf7f3] Writing "756. foo bar"
19:47:18.875 [http-nio-auto-10-exec-2] DEBUG o.s.c.c.CharSequenceEncoder - [402bf7f3] Writing "757. foo bar"
19:47:18.875 [http-nio-auto-10-exec-2] DEBUG o.s.c.c.CharSequenceEncoder - [402bf7f3] Writing "758. foo bar"
19:47:18.875 [http-nio-auto-10-exec-2] DEBUG o.s.c.c.CharSequenceEncoder - [402bf7f3] Writing "759. foo bar"
19:47:18.875 [http-nio-auto-10-exec-2] DEBUG o.s.c.c.CharSequenceEncoder - [402bf7f3] Writing "760. foo bar"
19:47:18.875 [http-nio-auto-10-exec-2] DEBUG o.s.c.c.CharSequenceEncoder - [402bf7f3] Writing "761. foo bar"
19:47:18.875 [http-nio-auto-10-exec-2] DEBUG o.s.c.c.CharSequenceEncoder - [402bf7f3] Writing "762. foo bar"
19:47:18.875 [http-nio-auto-10-exec-2] DEBUG o.s.c.c.CharSequenceEncoder - [402bf7f3] Writing "763. foo bar"
19:47:18.875 [http-nio-auto-10-exec-2] DEBUG o.s.c.c.CharSequenceEncoder - [402bf7f3] Writing "764. foo bar"
19:47:18.875 [http-nio-auto-10-exec-2] DEBUG o.s.c.c.CharSequenceEncoder - [402bf7f3] Writing "765. foo bar"
19:47:18.875 [http-nio-auto-10-exec-2] DEBUG o.s.c.c.CharSequenceEncoder - [402bf7f3] Writing "766. foo bar"
19:47:18.875 [http-nio-auto-10-exec-2] DEBUG o.s.c.c.CharSequenceEncoder - [402bf7f3] Writing "767. foo bar"
19:47:18.875 [http-nio-auto-10-exec-2] DEBUG o.s.c.c.CharSequenceEncoder - [402bf7f3] Writing "768. foo bar"
19:47:18.875 [http-nio-auto-10-exec-2] DEBUG o.s.c.c.CharSequenceEncoder - [402bf7f3] Writing "769. foo bar"
19:47:18.875 [http-nio-auto-10-exec-2] DEBUG o.s.c.c.CharSequenceEncoder - [402bf7f3] Writing "770. foo bar"
19:47:18.875 [http-nio-auto-10-exec-2] DEBUG o.s.c.c.CharSequenceEncoder - [402bf7f3] Writing "771. foo bar"
19:47:18.875 [http-nio-auto-10-exec-2] DEBUG o.s.c.c.CharSequenceEncoder - [402bf7f3] Writing "772. foo bar"
19:47:18.875 [http-nio-auto-10-exec-2] DEBUG o.s.c.c.CharSequenceEncoder - [402bf7f3] Writing "773. foo bar"
19:47:18.875 [http-nio-auto-10-exec-2] DEBUG o.s.c.c.CharSequenceEncoder - [402bf7f3] Writing "774. foo bar"
19:47:18.875 [http-nio-auto-10-exec-2] DEBUG o.s.c.c.CharSequenceEncoder - [402bf7f3] Writing "775. foo bar"
19:47:18.875 [http-nio-auto-10-exec-2] DEBUG o.s.c.c.CharSequenceEncoder - [402bf7f3] Writing "776. foo bar"
19:47:18.875 [http-nio-auto-10-exec-2] DEBUG o.s.c.c.CharSequenceEncoder - [402bf7f3] Writing "777. foo bar"
19:47:18.876 [http-nio-auto-10-exec-2] DEBUG o.s.c.c.CharSequenceEncoder - [402bf7f3] Writing "778. foo bar"
19:47:18.876 [http-nio-auto-10-exec-2] DEBUG o.s.c.c.CharSequenceEncoder - [402bf7f3] Writing "779. foo bar"
19:47:18.876 [http-nio-auto-10-exec-2] DEBUG o.s.c.c.CharSequenceEncoder - [402bf7f3] Writing "780. foo bar"
19:47:18.876 [http-nio-auto-10-exec-2] DEBUG o.s.c.c.CharSequenceEncoder - [402bf7f3] Writing "781. foo bar"
19:47:18.876 [http-nio-auto-10-exec-2] DEBUG o.s.c.c.CharSequenceEncoder - [402bf7f3] Writing "782. foo bar"
19:47:18.876 [http-nio-auto-10-exec-2] DEBUG o.s.c.c.CharSequenceEncoder - [402bf7f3] Writing "783. foo bar"
19:47:18.876 [http-nio-auto-10-exec-2] DEBUG o.s.c.c.CharSequenceEncoder - [402bf7f3] Writing "784. foo bar"
19:47:18.876 [http-nio-auto-10-exec-2] DEBUG o.s.c.c.CharSequenceEncoder - [402bf7f3] Writing "785. foo bar"
19:47:18.876 [http-nio-auto-10-exec-2] DEBUG o.s.c.c.CharSequenceEncoder - [402bf7f3] Writing "786. foo bar"
19:47:18.876 [http-nio-auto-10-exec-2] DEBUG o.s.c.c.CharSequenceEncoder - [402bf7f3] Writing "787. foo bar"
19:47:18.876 [http-nio-auto-10-exec-2] DEBUG o.s.c.c.CharSequenceEncoder - [402bf7f3] Writing "788. foo bar"
19:47:18.876 [http-nio-auto-10-exec-2] DEBUG o.s.c.c.CharSequenceEncoder - [402bf7f3] Writing "789. foo bar"
19:47:18.876 [http-nio-auto-10-exec-2] DEBUG o.s.c.c.CharSequenceEncoder - [402bf7f3] Writing "790. foo bar"
19:47:18.876 [http-nio-auto-10-exec-2] DEBUG o.s.c.c.CharSequenceEncoder - [402bf7f3] Writing "791. foo bar"
19:47:18.876 [http-nio-auto-10-exec-2] DEBUG o.s.c.c.CharSequenceEncoder - [402bf7f3] Writing "792. foo bar"
19:47:18.876 [http-nio-auto-10-exec-2] DEBUG o.s.c.c.CharSequenceEncoder - [402bf7f3] Writing "793. foo bar"
19:47:18.876 [http-nio-auto-10-exec-2] DEBUG o.s.c.c.CharSequenceEncoder - [402bf7f3] Writing "794. foo bar"
19:47:18.876 [http-nio-auto-10-exec-2] DEBUG o.s.c.c.CharSequenceEncoder - [402bf7f3] Writing "795. foo bar"
19:47:18.876 [http-nio-auto-10-exec-2] DEBUG o.s.c.c.CharSequenceEncoder - [402bf7f3] Writing "796. foo bar"
19:47:18.876 [http-nio-auto-10-exec-2] DEBUG o.s.c.c.CharSequenceEncoder - [402bf7f3] Writing "797. foo bar"
19:47:18.876 [http-nio-auto-10-exec-2] DEBUG o.s.c.c.CharSequenceEncoder - [402bf7f3] Writing "798. foo bar"
19:47:18.876 [http-nio-auto-10-exec-2] DEBUG o.s.c.c.CharSequenceEncoder - [402bf7f3] Writing "799. foo bar"
19:47:18.876 [http-nio-auto-10-exec-2] DEBUG o.s.c.c.CharSequenceEncoder - [402bf7f3] Writing "800. foo bar"
19:47:18.876 [http-nio-auto-10-exec-2] DEBUG o.s.c.c.CharSequenceEncoder - [402bf7f3] Writing "801. foo bar"
19:47:18.876 [http-nio-auto-10-exec-2] DEBUG o.s.c.c.CharSequenceEncoder - [402bf7f3] Writing "802. foo bar"
19:47:18.876 [http-nio-auto-10-exec-2] DEBUG o.s.c.c.CharSequenceEncoder - [402bf7f3] Writing "803. foo bar"
19:47:18.876 [http-nio-auto-10-exec-2] DEBUG o.s.c.c.CharSequenceEncoder - [402bf7f3] Writing "804. foo bar"
19:47:18.876 [http-nio-auto-10-exec-2] DEBUG o.s.c.c.CharSequenceEncoder - [402bf7f3] Writing "805. foo bar"
19:47:18.876 [http-nio-auto-10-exec-2] DEBUG o.s.c.c.CharSequenceEncoder - [402bf7f3] Writing "806. foo bar"
19:47:18.876 [http-nio-auto-10-exec-2] DEBUG o.s.c.c.CharSequenceEncoder - [402bf7f3] Writing "807. foo bar"
19:47:18.876 [http-nio-auto-10-exec-2] DEBUG o.s.c.c.CharSequenceEncoder - [402bf7f3] Writing "808. foo bar"
19:47:18.876 [http-nio-auto-10-exec-2] DEBUG o.s.c.c.CharSequenceEncoder - [402bf7f3] Writing "809. foo bar"
19:47:18.876 [http-nio-auto-10-exec-2] DEBUG o.s.c.c.CharSequenceEncoder - [402bf7f3] Writing "810. foo bar"
19:47:18.876 [http-nio-auto-10-exec-2] DEBUG o.s.c.c.CharSequenceEncoder - [402bf7f3] Writing "811. foo bar"
19:47:18.876 [http-nio-auto-10-exec-2] DEBUG o.s.c.c.CharSequenceEncoder - [402bf7f3] Writing "812. foo bar"
19:47:18.876 [http-nio-auto-10-exec-2] DEBUG o.s.c.c.CharSequenceEncoder - [402bf7f3] Writing "813. foo bar"
19:47:18.876 [http-nio-auto-10-exec-2] DEBUG o.s.c.c.CharSequenceEncoder - [402bf7f3] Writing "814. foo bar"
19:47:18.876 [http-nio-auto-10-exec-2] DEBUG o.s.c.c.CharSequenceEncoder - [402bf7f3] Writing "815. foo bar"
19:47:18.876 [http-nio-auto-10-exec-2] DEBUG o.s.c.c.CharSequenceEncoder - [402bf7f3] Writing "816. foo bar"
19:47:18.876 [http-nio-auto-10-exec-2] DEBUG o.s.c.c.CharSequenceEncoder - [402bf7f3] Writing "817. foo bar"
19:47:18.876 [http-nio-auto-10-exec-2] DEBUG o.s.c.c.CharSequenceEncoder - [402bf7f3] Writing "818. foo bar"
19:47:18.876 [http-nio-auto-10-exec-2] DEBUG o.s.c.c.CharSequenceEncoder - [402bf7f3] Writing "819. foo bar"
19:47:18.876 [http-nio-auto-10-exec-2] DEBUG o.s.c.c.CharSequenceEncoder - [402bf7f3] Writing "820. foo bar"
19:47:18.877 [http-nio-auto-10-exec-2] DEBUG o.s.c.c.CharSequenceEncoder - [402bf7f3] Writing "821. foo bar"
19:47:18.877 [http-nio-auto-10-exec-2] DEBUG o.s.c.c.CharSequenceEncoder - [402bf7f3] Writing "822. foo bar"
19:47:18.877 [http-nio-auto-10-exec-2] DEBUG o.s.c.c.CharSequenceEncoder - [402bf7f3] Writing "823. foo bar"
19:47:18.877 [http-nio-auto-10-exec-2] DEBUG o.s.c.c.CharSequenceEncoder - [402bf7f3] Writing "824. foo bar"
19:47:18.877 [http-nio-auto-10-exec-2] DEBUG o.s.c.c.CharSequenceEncoder - [402bf7f3] Writing "825. foo bar"
19:47:18.877 [http-nio-auto-10-exec-2] DEBUG o.s.c.c.CharSequenceEncoder - [402bf7f3] Writing "826. foo bar"
19:47:18.877 [http-nio-auto-10-exec-2] DEBUG o.s.c.c.CharSequenceEncoder - [402bf7f3] Writing "827. foo bar"
19:47:18.877 [http-nio-auto-10-exec-2] DEBUG o.s.c.c.CharSequenceEncoder - [402bf7f3] Writing "828. foo bar"
19:47:18.877 [http-nio-auto-10-exec-2] DEBUG o.s.c.c.CharSequenceEncoder - [402bf7f3] Writing "829. foo bar"
19:47:18.877 [http-nio-auto-10-exec-2] DEBUG o.s.c.c.CharSequenceEncoder - [402bf7f3] Writing "830. foo bar"
19:47:18.877 [http-nio-auto-10-exec-2] DEBUG o.s.c.c.CharSequenceEncoder - [402bf7f3] Writing "831. foo bar"
19:47:18.877 [http-nio-auto-10-exec-2] DEBUG o.s.c.c.CharSequenceEncoder - [402bf7f3] Writing "832. foo bar"
19:47:18.877 [http-nio-auto-10-exec-2] DEBUG o.s.c.c.CharSequenceEncoder - [402bf7f3] Writing "833. foo bar"
19:47:18.877 [http-nio-auto-10-exec-2] DEBUG o.s.c.c.CharSequenceEncoder - [402bf7f3] Writing "834. foo bar"
19:47:18.877 [http-nio-auto-10-exec-2] DEBUG o.s.c.c.CharSequenceEncoder - [402bf7f3] Writing "835. foo bar"
19:47:18.877 [http-nio-auto-10-exec-2] DEBUG o.s.c.c.CharSequenceEncoder - [402bf7f3] Writing "836. foo bar"
19:47:18.877 [http-nio-auto-10-exec-2] DEBUG o.s.c.c.CharSequenceEncoder - [402bf7f3] Writing "837. foo bar"
19:47:18.877 [http-nio-auto-10-exec-2] DEBUG o.s.c.c.CharSequenceEncoder - [402bf7f3] Writing "838. foo bar"
19:47:18.877 [http-nio-auto-10-exec-2] DEBUG o.s.c.c.CharSequenceEncoder - [402bf7f3] Writing "839. foo bar"
19:47:18.877 [http-nio-auto-10-exec-2] DEBUG o.s.c.c.CharSequenceEncoder - [402bf7f3] Writing "840. foo bar"
19:47:18.877 [http-nio-auto-10-exec-2] DEBUG o.s.c.c.CharSequenceEncoder - [402bf7f3] Writing "841. foo bar"
19:47:18.877 [http-nio-auto-10-exec-2] DEBUG o.s.c.c.CharSequenceEncoder - [402bf7f3] Writing "842. foo bar"
19:47:18.877 [http-nio-auto-10-exec-2] DEBUG o.s.c.c.CharSequenceEncoder - [402bf7f3] Writing "843. foo bar"
19:47:18.877 [http-nio-auto-10-exec-2] DEBUG o.s.c.c.CharSequenceEncoder - [402bf7f3] Writing "844. foo bar"
19:47:18.877 [http-nio-auto-10-exec-2] DEBUG o.s.c.c.CharSequenceEncoder - [402bf7f3] Writing "845. foo bar"
19:47:18.877 [http-nio-auto-10-exec-2] DEBUG o.s.c.c.CharSequenceEncoder - [402bf7f3] Writing "846. foo bar"
19:47:18.877 [http-nio-auto-10-exec-2] DEBUG o.s.c.c.CharSequenceEncoder - [402bf7f3] Writing "847. foo bar"
19:47:18.877 [http-nio-auto-10-exec-2] DEBUG o.s.c.c.CharSequenceEncoder - [402bf7f3] Writing "848. foo bar"
19:47:18.877 [http-nio-auto-10-exec-2] DEBUG o.s.c.c.CharSequenceEncoder - [402bf7f3] Writing "849. foo bar"
19:47:18.877 [http-nio-auto-10-exec-2] DEBUG o.s.c.c.CharSequenceEncoder - [402bf7f3] Writing "850. foo bar"
19:47:18.877 [http-nio-auto-10-exec-2] DEBUG o.s.c.c.CharSequenceEncoder - [402bf7f3] Writing "851. foo bar"
19:47:18.877 [http-nio-auto-10-exec-2] DEBUG o.s.c.c.CharSequenceEncoder - [402bf7f3] Writing "852. foo bar"
19:47:18.877 [http-nio-auto-10-exec-2] DEBUG o.s.c.c.CharSequenceEncoder - [402bf7f3] Writing "853. foo bar"
19:47:18.877 [http-nio-auto-10-exec-2] DEBUG o.s.c.c.CharSequenceEncoder - [402bf7f3] Writing "854. foo bar"
19:47:18.877 [http-nio-auto-10-exec-2] DEBUG o.s.c.c.CharSequenceEncoder - [402bf7f3] Writing "855. foo bar"
19:47:18.877 [http-nio-auto-10-exec-2] DEBUG o.s.c.c.CharSequenceEncoder - [402bf7f3] Writing "856. foo bar"
19:47:18.877 [http-nio-auto-10-exec-2] DEBUG o.s.c.c.CharSequenceEncoder - [402bf7f3] Writing "857. foo bar"
19:47:18.878 [http-nio-auto-10-exec-2] DEBUG o.s.c.c.CharSequenceEncoder - [402bf7f3] Writing "858. foo bar"
19:47:18.878 [http-nio-auto-10-exec-2] DEBUG o.s.c.c.CharSequenceEncoder - [402bf7f3] Writing "859. foo bar"
19:47:18.878 [http-nio-auto-10-exec-2] DEBUG o.s.c.c.CharSequenceEncoder - [402bf7f3] Writing "860. foo bar"
19:47:18.878 [http-nio-auto-10-exec-2] DEBUG o.s.c.c.CharSequenceEncoder - [402bf7f3] Writing "861. foo bar"
19:47:18.878 [http-nio-auto-10-exec-2] DEBUG o.s.c.c.CharSequenceEncoder - [402bf7f3] Writing "862. foo bar"
19:47:18.878 [http-nio-auto-10-exec-2] DEBUG o.s.c.c.CharSequenceEncoder - [402bf7f3] Writing "863. foo bar"
19:47:18.878 [http-nio-auto-10-exec-2] DEBUG o.s.c.c.CharSequenceEncoder - [402bf7f3] Writing "864. foo bar"
19:47:18.878 [http-nio-auto-10-exec-2] DEBUG o.s.c.c.CharSequenceEncoder - [402bf7f3] Writing "865. foo bar"
19:47:18.878 [http-nio-auto-10-exec-2] DEBUG o.s.c.c.CharSequenceEncoder - [402bf7f3] Writing "866. foo bar"
19:47:18.878 [http-nio-auto-10-exec-2] DEBUG o.s.c.c.CharSequenceEncoder - [402bf7f3] Writing "867. foo bar"
19:47:18.878 [http-nio-auto-10-exec-2] DEBUG o.s.c.c.CharSequenceEncoder - [402bf7f3] Writing "868. foo bar"
19:47:18.878 [http-nio-auto-10-exec-2] DEBUG o.s.c.c.CharSequenceEncoder - [402bf7f3] Writing "869. foo bar"
19:47:18.878 [http-nio-auto-10-exec-2] DEBUG o.s.c.c.CharSequenceEncoder - [402bf7f3] Writing "870. foo bar"
19:47:18.878 [http-nio-auto-10-exec-2] DEBUG o.s.c.c.CharSequenceEncoder - [402bf7f3] Writing "871. foo bar"
19:47:18.878 [http-nio-auto-10-exec-2] DEBUG o.s.c.c.CharSequenceEncoder - [402bf7f3] Writing "872. foo bar"
19:47:18.878 [http-nio-auto-10-exec-2] DEBUG o.s.c.c.CharSequenceEncoder - [402bf7f3] Writing "873. foo bar"
19:47:18.878 [http-nio-auto-10-exec-2] DEBUG o.s.c.c.CharSequenceEncoder - [402bf7f3] Writing "874. foo bar"
19:47:18.878 [http-nio-auto-10-exec-2] DEBUG o.s.c.c.CharSequenceEncoder - [402bf7f3] Writing "875. foo bar"
19:47:18.878 [http-nio-auto-10-exec-2] DEBUG o.s.c.c.CharSequenceEncoder - [402bf7f3] Writing "876. foo bar"
19:47:18.878 [http-nio-auto-10-exec-2] DEBUG o.s.c.c.CharSequenceEncoder - [402bf7f3] Writing "877. foo bar"
19:47:18.878 [http-nio-auto-10-exec-2] DEBUG o.s.c.c.CharSequenceEncoder - [402bf7f3] Writing "878. foo bar"
19:47:18.878 [http-nio-auto-10-exec-2] DEBUG o.s.c.c.CharSequenceEncoder - [402bf7f3] Writing "879. foo bar"
19:47:18.878 [http-nio-auto-10-exec-2] DEBUG o.s.c.c.CharSequenceEncoder - [402bf7f3] Writing "880. foo bar"
19:47:18.878 [http-nio-auto-10-exec-2] DEBUG o.s.c.c.CharSequenceEncoder - [402bf7f3] Writing "881. foo bar"
19:47:18.878 [http-nio-auto-10-exec-2] DEBUG o.s.c.c.CharSequenceEncoder - [402bf7f3] Writing "882. foo bar"
19:47:18.878 [http-nio-auto-10-exec-2] DEBUG o.s.c.c.CharSequenceEncoder - [402bf7f3] Writing "883. foo bar"
19:47:18.878 [http-nio-auto-10-exec-2] DEBUG o.s.c.c.CharSequenceEncoder - [402bf7f3] Writing "884. foo bar"
19:47:18.878 [http-nio-auto-10-exec-2] DEBUG o.s.c.c.CharSequenceEncoder - [402bf7f3] Writing "885. foo bar"
19:47:18.878 [http-nio-auto-10-exec-2] DEBUG o.s.c.c.CharSequenceEncoder - [402bf7f3] Writing "886. foo bar"
19:47:18.878 [http-nio-auto-10-exec-2] DEBUG o.s.c.c.CharSequenceEncoder - [402bf7f3] Writing "887. foo bar"
19:47:18.878 [http-nio-auto-10-exec-2] DEBUG o.s.c.c.CharSequenceEncoder - [402bf7f3] Writing "888. foo bar"
19:47:18.878 [http-nio-auto-10-exec-2] DEBUG o.s.c.c.CharSequenceEncoder - [402bf7f3] Writing "889. foo bar"
19:47:18.878 [http-nio-auto-10-exec-2] DEBUG o.s.c.c.CharSequenceEncoder - [402bf7f3] Writing "890. foo bar"
19:47:18.878 [http-nio-auto-10-exec-2] DEBUG o.s.c.c.CharSequenceEncoder - [402bf7f3] Writing "891. foo bar"
19:47:18.878 [http-nio-auto-10-exec-2] DEBUG o.s.c.c.CharSequenceEncoder - [402bf7f3] Writing "892. foo bar"
19:47:18.878 [http-nio-auto-10-exec-2] DEBUG o.s.c.c.CharSequenceEncoder - [402bf7f3] Writing "893. foo bar"
19:47:18.878 [http-nio-auto-10-exec-2] DEBUG o.s.c.c.CharSequenceEncoder - [402bf7f3] Writing "894. foo bar"
19:47:18.878 [http-nio-auto-10-exec-2] DEBUG o.s.c.c.CharSequenceEncoder - [402bf7f3] Writing "895. foo bar"
19:47:18.879 [http-nio-auto-10-exec-2] DEBUG o.s.c.c.CharSequenceEncoder - [402bf7f3] Writing "896. foo bar"
19:47:18.879 [http-nio-auto-10-exec-2] DEBUG o.s.c.c.CharSequenceEncoder - [402bf7f3] Writing "897. foo bar"
19:47:18.879 [http-nio-auto-10-exec-2] DEBUG o.s.c.c.CharSequenceEncoder - [402bf7f3] Writing "898. foo bar"
19:47:18.879 [http-nio-auto-10-exec-2] DEBUG o.s.c.c.CharSequenceEncoder - [402bf7f3] Writing "899. foo bar"
19:47:18.879 [http-nio-auto-10-exec-2] DEBUG o.s.c.c.CharSequenceEncoder - [402bf7f3] Writing "900. foo bar"
19:47:18.879 [http-nio-auto-10-exec-2] DEBUG o.s.c.c.CharSequenceEncoder - [402bf7f3] Writing "901. foo bar"
19:47:18.879 [http-nio-auto-10-exec-2] DEBUG o.s.c.c.CharSequenceEncoder - [402bf7f3] Writing "902. foo bar"
19:47:18.879 [http-nio-auto-10-exec-2] DEBUG o.s.c.c.CharSequenceEncoder - [402bf7f3] Writing "903. foo bar"
19:47:18.879 [http-nio-auto-10-exec-2] DEBUG o.s.c.c.CharSequenceEncoder - [402bf7f3] Writing "904. foo bar"
19:47:18.879 [http-nio-auto-10-exec-2] DEBUG o.s.c.c.CharSequenceEncoder - [402bf7f3] Writing "905. foo bar"
19:47:18.879 [http-nio-auto-10-exec-2] DEBUG o.s.c.c.CharSequenceEncoder - [402bf7f3] Writing "906. foo bar"
19:47:18.879 [http-nio-auto-10-exec-2] DEBUG o.s.c.c.CharSequenceEncoder - [402bf7f3] Writing "907. foo bar"
19:47:18.879 [http-nio-auto-10-exec-2] DEBUG o.s.c.c.CharSequenceEncoder - [402bf7f3] Writing "908. foo bar"
19:47:18.879 [http-nio-auto-10-exec-2] DEBUG o.s.c.c.CharSequenceEncoder - [402bf7f3] Writing "909. foo bar"
19:47:18.879 [http-nio-auto-10-exec-2] DEBUG o.s.c.c.CharSequenceEncoder - [402bf7f3] Writing "910. foo bar"
19:47:18.879 [http-nio-auto-10-exec-2] DEBUG o.s.c.c.CharSequenceEncoder - [402bf7f3] Writing "911. foo bar"
19:47:18.879 [http-nio-auto-10-exec-2] DEBUG o.s.c.c.CharSequenceEncoder - [402bf7f3] Writing "912. foo bar"
19:47:18.879 [http-nio-auto-10-exec-2] DEBUG o.s.c.c.CharSequenceEncoder - [402bf7f3] Writing "913. foo bar"
19:47:18.879 [http-nio-auto-10-exec-2] DEBUG o.s.c.c.CharSequenceEncoder - [402bf7f3] Writing "914. foo bar"
19:47:18.879 [http-nio-auto-10-exec-2] DEBUG o.s.c.c.CharSequenceEncoder - [402bf7f3] Writing "915. foo bar"
19:47:18.879 [http-nio-auto-10-exec-2] DEBUG o.s.c.c.CharSequenceEncoder - [402bf7f3] Writing "916. foo bar"
19:47:18.879 [http-nio-auto-10-exec-2] DEBUG o.s.c.c.CharSequenceEncoder - [402bf7f3] Writing "917. foo bar"
19:47:18.879 [http-nio-auto-10-exec-2] DEBUG o.s.c.c.CharSequenceEncoder - [402bf7f3] Writing "918. foo bar"
19:47:18.879 [http-nio-auto-10-exec-2] DEBUG o.s.c.c.CharSequenceEncoder - [402bf7f3] Writing "919. foo bar"
19:47:18.879 [http-nio-auto-10-exec-2] DEBUG o.s.c.c.CharSequenceEncoder - [402bf7f3] Writing "920. foo bar"
19:47:18.879 [http-nio-auto-10-exec-2] DEBUG o.s.c.c.CharSequenceEncoder - [402bf7f3] Writing "921. foo bar"
19:47:18.879 [http-nio-auto-10-exec-2] DEBUG o.s.c.c.CharSequenceEncoder - [402bf7f3] Writing "922. foo bar"
19:47:18.879 [http-nio-auto-10-exec-2] DEBUG o.s.c.c.CharSequenceEncoder - [402bf7f3] Writing "923. foo bar"
19:47:18.879 [http-nio-auto-10-exec-2] DEBUG o.s.c.c.CharSequenceEncoder - [402bf7f3] Writing "924. foo bar"
19:47:18.879 [http-nio-auto-10-exec-2] DEBUG o.s.c.c.CharSequenceEncoder - [402bf7f3] Writing "925. foo bar"
19:47:18.879 [http-nio-auto-10-exec-2] DEBUG o.s.c.c.CharSequenceEncoder - [402bf7f3] Writing "926. foo bar"
19:47:18.879 [http-nio-auto-10-exec-2] DEBUG o.s.c.c.CharSequenceEncoder - [402bf7f3] Writing "927. foo bar"
19:47:18.879 [http-nio-auto-10-exec-2] DEBUG o.s.c.c.CharSequenceEncoder - [402bf7f3] Writing "928. foo bar"
19:47:18.879 [http-nio-auto-10-exec-2] DEBUG o.s.c.c.CharSequenceEncoder - [402bf7f3] Writing "929. foo bar"
19:47:18.879 [http-nio-auto-10-exec-2] DEBUG o.s.c.c.CharSequenceEncoder - [402bf7f3] Writing "930. foo bar"
19:47:18.879 [http-nio-auto-10-exec-2] DEBUG o.s.c.c.CharSequenceEncoder - [402bf7f3] Writing "931. foo bar"
19:47:18.880 [http-nio-auto-10-exec-2] DEBUG o.s.c.c.CharSequenceEncoder - [402bf7f3] Writing "932. foo bar"
19:47:18.880 [http-nio-auto-10-exec-2] DEBUG o.s.c.c.CharSequenceEncoder - [402bf7f3] Writing "933. foo bar"
19:47:18.880 [http-nio-auto-10-exec-2] DEBUG o.s.c.c.CharSequenceEncoder - [402bf7f3] Writing "934. foo bar"
19:47:18.880 [http-nio-auto-10-exec-2] DEBUG o.s.c.c.CharSequenceEncoder - [402bf7f3] Writing "935. foo bar"
19:47:18.880 [http-nio-auto-10-exec-2] DEBUG o.s.c.c.CharSequenceEncoder - [402bf7f3] Writing "936. foo bar"
19:47:18.880 [http-nio-auto-10-exec-2] DEBUG o.s.c.c.CharSequenceEncoder - [402bf7f3] Writing "937. foo bar"
19:47:18.880 [http-nio-auto-10-exec-2] DEBUG o.s.c.c.CharSequenceEncoder - [402bf7f3] Writing "938. foo bar"
19:47:18.880 [http-nio-auto-10-exec-2] DEBUG o.s.c.c.CharSequenceEncoder - [402bf7f3] Writing "939. foo bar"
19:47:18.880 [http-nio-auto-10-exec-2] DEBUG o.s.c.c.CharSequenceEncoder - [402bf7f3] Writing "940. foo bar"
19:47:18.880 [http-nio-auto-10-exec-2] DEBUG o.s.c.c.CharSequenceEncoder - [402bf7f3] Writing "941. foo bar"
19:47:18.880 [http-nio-auto-10-exec-2] DEBUG o.s.c.c.CharSequenceEncoder - [402bf7f3] Writing "942. foo bar"
19:47:18.880 [http-nio-auto-10-exec-2] DEBUG o.s.c.c.CharSequenceEncoder - [402bf7f3] Writing "943. foo bar"
19:47:18.880 [http-nio-auto-10-exec-2] DEBUG o.s.c.c.CharSequenceEncoder - [402bf7f3] Writing "944. foo bar"
19:47:18.880 [http-nio-auto-10-exec-2] DEBUG o.s.c.c.CharSequenceEncoder - [402bf7f3] Writing "945. foo bar"
19:47:18.880 [http-nio-auto-10-exec-2] DEBUG o.s.c.c.CharSequenceEncoder - [402bf7f3] Writing "946. foo bar"
19:47:18.880 [http-nio-auto-10-exec-2] DEBUG o.s.c.c.CharSequenceEncoder - [402bf7f3] Writing "947. foo bar"
19:47:18.880 [http-nio-auto-10-exec-2] DEBUG o.s.c.c.CharSequenceEncoder - [402bf7f3] Writing "948. foo bar"
19:47:18.880 [http-nio-auto-10-exec-2] DEBUG o.s.c.c.CharSequenceEncoder - [402bf7f3] Writing "949. foo bar"
19:47:18.880 [http-nio-auto-10-exec-2] DEBUG o.s.c.c.CharSequenceEncoder - [402bf7f3] Writing "950. foo bar"
19:47:18.880 [http-nio-auto-10-exec-2] DEBUG o.s.c.c.CharSequenceEncoder - [402bf7f3] Writing "951. foo bar"
19:47:18.880 [http-nio-auto-10-exec-2] DEBUG o.s.c.c.CharSequenceEncoder - [402bf7f3] Writing "952. foo bar"
19:47:18.880 [http-nio-auto-10-exec-2] DEBUG o.s.c.c.CharSequenceEncoder - [402bf7f3] Writing "953. foo bar"
19:47:18.880 [http-nio-auto-10-exec-2] DEBUG o.s.c.c.CharSequenceEncoder - [402bf7f3] Writing "954. foo bar"
19:47:18.880 [http-nio-auto-10-exec-2] DEBUG o.s.c.c.CharSequenceEncoder - [402bf7f3] Writing "955. foo bar"
19:47:18.880 [http-nio-auto-10-exec-2] DEBUG o.s.c.c.CharSequenceEncoder - [402bf7f3] Writing "956. foo bar"
19:47:18.880 [http-nio-auto-10-exec-2] DEBUG o.s.c.c.CharSequenceEncoder - [402bf7f3] Writing "957. foo bar"
19:47:18.880 [http-nio-auto-10-exec-2] DEBUG o.s.c.c.CharSequenceEncoder - [402bf7f3] Writing "958. foo bar"
19:47:18.880 [http-nio-auto-10-exec-2] DEBUG o.s.c.c.CharSequenceEncoder - [402bf7f3] Writing "959. foo bar"
19:47:18.880 [http-nio-auto-10-exec-2] DEBUG o.s.c.c.CharSequenceEncoder - [402bf7f3] Writing "960. foo bar"
19:47:18.880 [http-nio-auto-10-exec-2] DEBUG o.s.c.c.CharSequenceEncoder - [402bf7f3] Writing "961. foo bar"
19:47:18.880 [http-nio-auto-10-exec-2] DEBUG o.s.c.c.CharSequenceEncoder - [402bf7f3] Writing "962. foo bar"
19:47:18.880 [http-nio-auto-10-exec-2] DEBUG o.s.c.c.CharSequenceEncoder - [402bf7f3] Writing "963. foo bar"
19:47:18.880 [http-nio-auto-10-exec-2] DEBUG o.s.c.c.CharSequenceEncoder - [402bf7f3] Writing "964. foo bar"
19:47:18.880 [http-nio-auto-10-exec-2] DEBUG o.s.c.c.CharSequenceEncoder - [402bf7f3] Writing "965. foo bar"
19:47:18.880 [http-nio-auto-10-exec-2] DEBUG o.s.c.c.CharSequenceEncoder - [402bf7f3] Writing "966. foo bar"
19:47:18.880 [http-nio-auto-10-exec-2] DEBUG o.s.c.c.CharSequenceEncoder - [402bf7f3] Writing "967. foo bar"
19:47:18.881 [http-nio-auto-10-exec-2] DEBUG o.s.c.c.CharSequenceEncoder - [402bf7f3] Writing "968. foo bar"
19:47:18.881 [http-nio-auto-10-exec-2] DEBUG o.s.c.c.CharSequenceEncoder - [402bf7f3] Writing "969. foo bar"
19:47:18.881 [http-nio-auto-10-exec-2] DEBUG o.s.c.c.CharSequenceEncoder - [402bf7f3] Writing "970. foo bar"
19:47:18.881 [http-nio-auto-10-exec-2] DEBUG o.s.c.c.CharSequenceEncoder - [402bf7f3] Writing "971. foo bar"
19:47:18.881 [http-nio-auto-10-exec-2] DEBUG o.s.c.c.CharSequenceEncoder - [402bf7f3] Writing "972. foo bar"
19:47:18.881 [http-nio-auto-10-exec-2] DEBUG o.s.c.c.CharSequenceEncoder - [402bf7f3] Writing "973. foo bar"
19:47:18.881 [http-nio-auto-10-exec-2] DEBUG o.s.c.c.CharSequenceEncoder - [402bf7f3] Writing "974. foo bar"
19:47:18.881 [http-nio-auto-10-exec-2] DEBUG o.s.c.c.CharSequenceEncoder - [402bf7f3] Writing "975. foo bar"
19:47:18.881 [http-nio-auto-10-exec-2] DEBUG o.s.c.c.CharSequenceEncoder - [402bf7f3] Writing "976. foo bar"
19:47:18.881 [http-nio-auto-10-exec-2] DEBUG o.s.c.c.CharSequenceEncoder - [402bf7f3] Writing "977. foo bar"
19:47:18.881 [http-nio-auto-10-exec-2] DEBUG o.s.c.c.CharSequenceEncoder - [402bf7f3] Writing "978. foo bar"
19:47:18.881 [http-nio-auto-10-exec-2] DEBUG o.s.c.c.CharSequenceEncoder - [402bf7f3] Writing "979. foo bar"
19:47:18.881 [http-nio-auto-10-exec-2] DEBUG o.s.c.c.CharSequenceEncoder - [402bf7f3] Writing "980. foo bar"
19:47:18.881 [http-nio-auto-10-exec-2] DEBUG o.s.c.c.CharSequenceEncoder - [402bf7f3] Writing "981. foo bar"
19:47:18.881 [http-nio-auto-10-exec-2] DEBUG o.s.c.c.CharSequenceEncoder - [402bf7f3] Writing "982. foo bar"
19:47:18.881 [http-nio-auto-10-exec-2] DEBUG o.s.c.c.CharSequenceEncoder - [402bf7f3] Writing "983. foo bar"
19:47:18.881 [http-nio-auto-10-exec-2] DEBUG o.s.c.c.CharSequenceEncoder - [402bf7f3] Writing "984. foo bar"
19:47:18.881 [http-nio-auto-10-exec-2] DEBUG o.s.c.c.CharSequenceEncoder - [402bf7f3] Writing "985. foo bar"
19:47:18.881 [http-nio-auto-10-exec-2] DEBUG o.s.c.c.CharSequenceEncoder - [402bf7f3] Writing "986. foo bar"
19:47:18.881 [http-nio-auto-10-exec-2] DEBUG o.s.c.c.CharSequenceEncoder - [402bf7f3] Writing "987. foo bar"
19:47:18.881 [http-nio-auto-10-exec-2] DEBUG o.s.c.c.CharSequenceEncoder - [402bf7f3] Writing "988. foo bar"
19:47:18.881 [http-nio-auto-10-exec-2] DEBUG o.s.c.c.CharSequenceEncoder - [402bf7f3] Writing "989. foo bar"
19:47:18.881 [http-nio-auto-10-exec-2] DEBUG o.s.c.c.CharSequenceEncoder - [402bf7f3] Writing "990. foo bar"
19:47:18.881 [http-nio-auto-10-exec-2] DEBUG o.s.c.c.CharSequenceEncoder - [402bf7f3] Writing "991. foo bar"
19:47:18.881 [http-nio-auto-10-exec-2] DEBUG o.s.c.c.CharSequenceEncoder - [402bf7f3] Writing "992. foo bar"
19:47:18.881 [http-nio-auto-10-exec-2] DEBUG o.s.c.c.CharSequenceEncoder - [402bf7f3] Writing "993. foo bar"
19:47:18.881 [http-nio-auto-10-exec-2] DEBUG o.s.c.c.CharSequenceEncoder - [402bf7f3] Writing "994. foo bar"
19:47:18.881 [http-nio-auto-10-exec-2] DEBUG o.s.c.c.CharSequenceEncoder - [402bf7f3] Writing "995. foo bar"
19:47:18.881 [http-nio-auto-10-exec-2] DEBUG o.s.c.c.CharSequenceEncoder - [402bf7f3] Writing "996. foo bar"
19:47:18.881 [http-nio-auto-10-exec-2] DEBUG o.s.c.c.CharSequenceEncoder - [402bf7f3] Writing "997. foo bar"
19:47:18.881 [http-nio-auto-10-exec-2] DEBUG o.s.c.c.CharSequenceEncoder - [402bf7f3] Writing "998. foo bar"
19:47:18.881 [http-nio-auto-10-exec-2] DEBUG o.s.c.c.CharSequenceEncoder - [402bf7f3] Writing "999. foo bar"
19:47:18.882 [http-nio-auto-10-exec-2] ERROR o.s.w.s.a.HttpWebHandlerAdapter - [402bf7f3] Error [java.lang.RuntimeException: Random error] for HTTP GET "/SPR-16051", but ServerHttpResponse already committed (200 OK)
19:47:18.902 [http-nio-auto-10-exec-2] DEBUG o.s.h.s.r.ServletHttpHandlerAdapter - [402bf7f3] Error notification: javax.servlet.ServletException: Failed to create response content
19:47:18.903 [Test worker] DEBUG o.s.h.s.r.b.TomcatHttpServer - Stopping TomcatHttpServer...
19:47:18.921 [Test worker] DEBUG o.s.h.s.r.b.TomcatHttpServer - Server stopped (0 millis).
19:47:19.018 [Test worker] DEBUG o.s.w.r.r.m.a.RequestMappingHandlerMapping - 6 mappings in 'requestMappingHandlerMapping'
19:47:19.070 [Test worker] DEBUG o.s.w.r.r.m.a.ControllerMethodResolver - ControllerAdvice beans: none
19:47:19.147 [Test worker] DEBUG o.s.w.s.a.HttpWebHandlerAdapter - enableLoggingRequestDetails='false': form data and headers will be masked to prevent unsafe logging of potentially sensitive data
19:47:19.148 [Test worker] DEBUG o.s.h.s.r.b.TomcatHttpServer - Starting TomcatHttpServer...
19:47:19.161 [Test worker] DEBUG o.s.h.s.r.b.TomcatHttpServer - Server started on port 50368(0 millis).
19:47:19.161 [Test worker] DEBUG o.s.w.c.RestTemplate - HTTP GET http://localhost:50368/thrown-exception-with-cause
19:47:19.161 [Test worker] DEBUG o.s.w.c.RestTemplate - Accept=[text/plain, application/json, application/x-jackson-smile, application/*+json, */*]
19:47:19.165 [http-nio-auto-11-exec-1] DEBUG o.s.w.s.a.HttpWebHandlerAdapter - [2fe074a2] HTTP GET "/thrown-exception-with-cause"
19:47:19.165 [http-nio-auto-11-exec-1] DEBUG o.s.w.r.r.m.a.RequestMappingHandlerMapping - [2fe074a2] Mapped to org.springframework.web.reactive.result.method.annotation.RequestMappingExceptionHandlingIntegrationTests$TestController#handleAndThrowExceptionWithCause()
19:47:19.166 [http-nio-auto-11-exec-1] DEBUG o.s.w.r.r.m.a.RequestMappingHandlerAdapter - [2fe074a2] Using @ExceptionHandler org.springframework.web.reactive.result.method.annotation.RequestMappingExceptionHandlingIntegrationTests$TestController#handleStateException(IllegalStateException)
19:47:19.167 [http-nio-auto-11-exec-1] DEBUG o.s.w.r.r.m.a.ResponseEntityResultHandler - Using 'text/plain;charset=UTF-8' given [text/plain, application/json, application/x-jackson-smile, application/*+json, */*] and supported [text/plain;charset=UTF-8, text/event-stream, text/plain;charset=UTF-8, */*]
19:47:19.167 [http-nio-auto-11-exec-1] DEBUG o.s.w.r.r.m.a.ResponseEntityResultHandler - [2fe074a2] 0..1 [java.lang.String]
19:47:19.167 [http-nio-auto-11-exec-1] DEBUG o.s.c.c.CharSequenceEncoder - [2fe074a2] Writing "Recovered from error: State"
19:47:19.167 [http-nio-auto-11-exec-1] DEBUG o.s.w.s.a.HttpWebHandlerAdapter - [2fe074a2] Completed 200 OK
19:47:19.168 [Test worker] DEBUG o.s.w.c.RestTemplate - Response 200 OK
19:47:19.169 [Test worker] DEBUG o.s.w.c.RestTemplate - Reading to [java.lang.String] as "text/plain;charset=UTF-8"
19:47:19.169 [Test worker] DEBUG o.s.h.s.r.b.TomcatHttpServer - Stopping TomcatHttpServer...
19:47:19.179 [Test worker] DEBUG o.s.h.s.r.b.TomcatHttpServer - Server stopped (0 millis).
19:47:19.273 [Test worker] DEBUG o.s.w.r.r.m.a.RequestMappingHandlerMapping - 6 mappings in 'requestMappingHandlerMapping'
19:47:19.322 [Test worker] DEBUG o.s.w.r.r.m.a.ControllerMethodResolver - ControllerAdvice beans: none
19:47:19.383 [Test worker] DEBUG o.s.w.s.a.HttpWebHandlerAdapter - enableLoggingRequestDetails='false': form data and headers will be masked to prevent unsafe logging of potentially sensitive data
19:47:19.383 [Test worker] DEBUG o.s.h.s.r.b.UndertowHttpServer - Starting UndertowHttpServer...
19:47:19.387 [Test worker] DEBUG o.s.h.s.r.b.UndertowHttpServer - Server started on port 50371(0 millis).
19:47:19.387 [Test worker] DEBUG o.s.w.c.RestTemplate - HTTP GET http://localhost:50371/mono-error
19:47:19.388 [Test worker] DEBUG o.s.w.c.RestTemplate - Accept=[text/plain, application/json, application/x-jackson-smile, application/*+json, */*]
19:47:19.390 [XNIO-6 I/O-2] DEBUG o.s.w.s.a.HttpWebHandlerAdapter - [e050ad4] HTTP GET "/mono-error"
19:47:19.390 [XNIO-6 I/O-2] DEBUG o.s.w.r.r.m.a.RequestMappingHandlerMapping - [e050ad4] Mapped to org.springframework.web.reactive.result.method.annotation.RequestMappingExceptionHandlingIntegrationTests$TestController#handleWithError()
19:47:19.392 [XNIO-6 I/O-2] DEBUG o.s.w.r.r.m.a.ResponseBodyResultHandler - Using 'text/plain;charset=UTF-8' given [text/plain, application/json, application/x-jackson-smile, application/*+json, */*] and supported [text/plain;charset=UTF-8, text/event-stream, text/plain;charset=UTF-8, */*]
19:47:19.392 [XNIO-6 I/O-2] DEBUG o.s.w.r.r.m.a.ResponseBodyResultHandler - [e050ad4] 0..1 [java.lang.String]
19:47:19.393 [XNIO-6 I/O-2] DEBUG o.s.w.r.r.m.a.RequestMappingHandlerAdapter - [e050ad4] Using @ExceptionHandler org.springframework.web.reactive.result.method.annotation.RequestMappingExceptionHandlingIntegrationTests$TestController#handleArgumentException(IllegalArgumentException)
19:47:19.393 [XNIO-6 I/O-2] DEBUG o.s.w.r.r.m.a.ResponseBodyResultHandler - Using 'text/plain;charset=UTF-8' given [text/plain, application/json, application/x-jackson-smile, application/*+json, */*] and supported [text/plain;charset=UTF-8, text/event-stream, text/plain;charset=UTF-8, */*]
19:47:19.393 [XNIO-6 I/O-2] DEBUG o.s.w.r.r.m.a.ResponseBodyResultHandler - [e050ad4] 0..1 [java.lang.String]
19:47:19.394 [XNIO-6 I/O-2] DEBUG o.s.c.c.CharSequenceEncoder - [e050ad4] Writing "Recovered from error: Argument"
19:47:19.395 [XNIO-6 I/O-2] DEBUG o.s.w.s.a.HttpWebHandlerAdapter - [e050ad4] Completed 200 OK
19:47:19.395 [Test worker] DEBUG o.s.w.c.RestTemplate - Response 200 OK
19:47:19.395 [Test worker] DEBUG o.s.w.c.RestTemplate - Reading to [java.lang.String] as "text/plain;charset=UTF-8"
19:47:19.395 [Test worker] DEBUG o.s.h.s.r.b.UndertowHttpServer - Stopping UndertowHttpServer...
19:47:19.398 [Test worker] DEBUG o.s.h.s.r.b.UndertowHttpServer - Server stopped (0 millis).
19:47:19.473 [Test worker] DEBUG o.s.w.r.r.m.a.RequestMappingHandlerMapping - 6 mappings in 'requestMappingHandlerMapping'
19:47:19.520 [Test worker] DEBUG o.s.w.r.r.m.a.ControllerMethodResolver - ControllerAdvice beans: none
19:47:19.588 [Test worker] DEBUG o.s.w.s.a.HttpWebHandlerAdapter - enableLoggingRequestDetails='false': form data and headers will be masked to prevent unsafe logging of potentially sensitive data
19:47:19.588 [Test worker] DEBUG o.s.h.s.r.b.UndertowHttpServer - Starting UndertowHttpServer...
19:47:19.591 [Test worker] DEBUG o.s.h.s.r.b.UndertowHttpServer - Server started on port 50373(0 millis).
19:47:19.591 [Test worker] DEBUG o.s.w.c.RestTemplate - HTTP GET http://localhost:50373/thrown-exception-with-cause-to-handle
19:47:19.592 [Test worker] DEBUG o.s.w.c.RestTemplate - Accept=[text/plain, application/json, application/x-jackson-smile, application/*+json, */*]
19:47:19.593 [XNIO-7 I/O-2] DEBUG o.s.w.s.a.HttpWebHandlerAdapter - [23a0fb3f] HTTP GET "/thrown-exception-with-cause-to-handle"
19:47:19.594 [XNIO-7 I/O-2] DEBUG o.s.w.r.r.m.a.RequestMappingHandlerMapping - [23a0fb3f] Mapped to org.springframework.web.reactive.result.method.annotation.RequestMappingExceptionHandlingIntegrationTests$TestController#handleAndThrowExceptionWithCauseToHandle()
19:47:19.596 [XNIO-7 I/O-2] DEBUG o.s.w.r.r.m.a.RequestMappingHandlerAdapter - [23a0fb3f] Using @ExceptionHandler org.springframework.web.reactive.result.method.annotation.RequestMappingExceptionHandlingIntegrationTests$TestController#handleArgumentException(IOException)
19:47:19.596 [XNIO-7 I/O-2] DEBUG o.s.w.r.r.m.a.ResponseBodyResultHandler - Using 'text/plain;charset=UTF-8' given [text/plain, application/json, application/x-jackson-smile, application/*+json, */*] and supported [text/plain;charset=UTF-8, text/event-stream, text/plain;charset=UTF-8, */*]
19:47:19.596 [XNIO-7 I/O-2] DEBUG o.s.w.r.r.m.a.ResponseBodyResultHandler - [23a0fb3f] 0..1 [java.lang.String]
19:47:19.597 [XNIO-7 I/O-2] DEBUG o.s.c.c.CharSequenceEncoder - [23a0fb3f] Writing "Recovered from error: IO"
19:47:19.597 [XNIO-7 I/O-2] DEBUG o.s.w.s.a.HttpWebHandlerAdapter - [23a0fb3f] Completed 200 OK
19:47:19.598 [Test worker] DEBUG o.s.w.c.RestTemplate - Response 200 OK
19:47:19.598 [Test worker] DEBUG o.s.w.c.RestTemplate - Reading to [java.lang.String] as "text/plain;charset=UTF-8"
19:47:19.598 [Test worker] DEBUG o.s.h.s.r.b.UndertowHttpServer - Stopping UndertowHttpServer...
19:47:19.601 [Test worker] DEBUG o.s.h.s.r.b.UndertowHttpServer - Server stopped (0 millis).
19:47:19.691 [Test worker] DEBUG o.s.w.r.r.m.a.RequestMappingHandlerMapping - 6 mappings in 'requestMappingHandlerMapping'
19:47:19.735 [Test worker] DEBUG o.s.w.r.r.m.a.ControllerMethodResolver - ControllerAdvice beans: none
19:47:19.790 [Test worker] DEBUG o.s.w.s.a.HttpWebHandlerAdapter - enableLoggingRequestDetails='false': form data and headers will be masked to prevent unsafe logging of potentially sensitive data
19:47:19.791 [Test worker] DEBUG o.s.h.s.r.b.UndertowHttpServer - Starting UndertowHttpServer...
19:47:19.797 [Test worker] DEBUG o.s.h.s.r.b.UndertowHttpServer - Server started on port 50375(0 millis).
19:47:19.797 [Test worker] DEBUG o.s.w.c.RestTemplate - HTTP GET http://localhost:50375/SPR-16318
19:47:19.798 [Test worker] DEBUG o.s.w.c.RestTemplate - Accept=[text/plain, application/json, application/x-jackson-smile, application/*+json, */*]
19:47:19.799 [XNIO-8 I/O-2] DEBUG o.s.w.s.a.HttpWebHandlerAdapter - [34537fb8] HTTP GET "/SPR-16318"
19:47:19.800 [XNIO-8 I/O-2] DEBUG o.s.w.r.r.m.a.RequestMappingHandlerMapping - [34537fb8] Mapped to org.springframework.web.reactive.result.method.annotation.RequestMappingExceptionHandlingIntegrationTests$TestController#handleTextPlain()
19:47:19.801 [XNIO-8 I/O-2] DEBUG o.s.w.r.r.m.a.ResponseBodyResultHandler - Using 'text/plain' given [text/plain, application/problem+json] and supported [text/plain]
19:47:19.801 [XNIO-8 I/O-2] DEBUG o.s.w.r.r.m.a.ResponseBodyResultHandler - [34537fb8] 0..1 [java.lang.String]
19:47:19.802 [XNIO-8 I/O-2] DEBUG o.s.w.r.r.m.a.RequestMappingHandlerAdapter - [34537fb8] Using @ExceptionHandler org.springframework.web.reactive.result.method.annotation.RequestMappingExceptionHandlingIntegrationTests$TestController#handle(Spr16318Exception)
19:47:19.803 [XNIO-8 I/O-2] DEBUG o.s.w.r.r.m.a.ResponseEntityResultHandler - Using 'application/problem+json' given [text/plain, application/problem+json] and supported [application/json, application/*+json, application/x-jackson-smile, application/*+x-jackson-smile, text/event-stream]
19:47:19.804 [XNIO-8 I/O-2] DEBUG o.s.w.r.r.m.a.ResponseEntityResultHandler - [34537fb8] 0..1 [java.util.Map<java.lang.String, java.lang.String>]
19:47:19.804 [XNIO-8 I/O-2] DEBUG o.s.h.c.j.Jackson2JsonEncoder - [34537fb8] Encoding [{reason=error}]
19:47:19.805 [XNIO-8 I/O-2] DEBUG o.s.w.s.a.HttpWebHandlerAdapter - [34537fb8] Completed 500 INTERNAL_SERVER_ERROR
19:47:19.806 [Test worker] DEBUG o.s.w.c.RestTemplate - Response 500 INTERNAL_SERVER_ERROR
19:47:19.806 [Test worker] DEBUG o.s.h.s.r.b.UndertowHttpServer - Stopping UndertowHttpServer...
19:47:19.810 [Test worker] DEBUG o.s.h.s.r.b.UndertowHttpServer - Server stopped (0 millis).
19:47:19.896 [Test worker] DEBUG o.s.w.r.r.m.a.RequestMappingHandlerMapping - 6 mappings in 'requestMappingHandlerMapping'
19:47:19.945 [Test worker] DEBUG o.s.w.r.r.m.a.ControllerMethodResolver - ControllerAdvice beans: none
19:47:20.001 [Test worker] DEBUG o.s.w.s.a.HttpWebHandlerAdapter - enableLoggingRequestDetails='false': form data and headers will be masked to prevent unsafe logging of potentially sensitive data
19:47:20.001 [Test worker] DEBUG o.s.h.s.r.b.UndertowHttpServer - Starting UndertowHttpServer...
19:47:20.006 [Test worker] DEBUG o.s.h.s.r.b.UndertowHttpServer - Server started on port 50377(0 millis).
19:47:20.006 [Test worker] DEBUG o.s.w.c.RestTemplate - HTTP GET http://localhost:50377/thrown-exception
19:47:20.006 [Test worker] DEBUG o.s.w.c.RestTemplate - Accept=[text/plain, application/json, application/x-jackson-smile, application/*+json, */*]
19:47:20.008 [XNIO-9 I/O-2] DEBUG o.s.w.s.a.HttpWebHandlerAdapter - [4548b70d] HTTP GET "/thrown-exception"
19:47:20.009 [XNIO-9 I/O-2] DEBUG o.s.w.r.r.m.a.RequestMappingHandlerMapping - [4548b70d] Mapped to org.springframework.web.reactive.result.method.annotation.RequestMappingExceptionHandlingIntegrationTests$TestController#handleAndThrowException()
19:47:20.010 [XNIO-9 I/O-2] DEBUG o.s.w.r.r.m.a.RequestMappingHandlerAdapter - [4548b70d] Using @ExceptionHandler org.springframework.web.reactive.result.method.annotation.RequestMappingExceptionHandlingIntegrationTests$TestController#handleStateException(IllegalStateException)
19:47:20.012 [XNIO-9 I/O-2] DEBUG o.s.w.r.r.m.a.ResponseEntityResultHandler - Using 'text/plain;charset=UTF-8' given [text/plain, application/json, application/x-jackson-smile, application/*+json, */*] and supported [text/plain;charset=UTF-8, text/event-stream, text/plain;charset=UTF-8, */*]
19:47:20.012 [XNIO-9 I/O-2] DEBUG o.s.w.r.r.m.a.ResponseEntityResultHandler - [4548b70d] 0..1 [java.lang.String]
19:47:20.012 [XNIO-9 I/O-2] DEBUG o.s.c.c.CharSequenceEncoder - [4548b70d] Writing "Recovered from error: State"
19:47:20.013 [XNIO-9 I/O-2] DEBUG o.s.w.s.a.HttpWebHandlerAdapter - [4548b70d] Completed 200 OK
19:47:20.013 [Test worker] DEBUG o.s.w.c.RestTemplate - Response 200 OK
19:47:20.013 [Test worker] DEBUG o.s.w.c.RestTemplate - Reading to [java.lang.String] as "text/plain;charset=UTF-8"
19:47:20.013 [Test worker] DEBUG o.s.h.s.r.b.UndertowHttpServer - Stopping UndertowHttpServer...
19:47:20.015 [Test worker] DEBUG o.s.h.s.r.b.UndertowHttpServer - Server stopped (0 millis).
19:47:20.087 [Test worker] DEBUG o.s.w.r.r.m.a.RequestMappingHandlerMapping - 6 mappings in 'requestMappingHandlerMapping'
19:47:20.136 [Test worker] DEBUG o.s.w.r.r.m.a.ControllerMethodResolver - ControllerAdvice beans: none
19:47:20.214 [Test worker] DEBUG o.s.w.s.a.HttpWebHandlerAdapter - enableLoggingRequestDetails='false': form data and headers will be masked to prevent unsafe logging of potentially sensitive data
19:47:20.214 [Test worker] DEBUG o.s.h.s.r.b.UndertowHttpServer - Starting UndertowHttpServer...
19:47:20.218 [Test worker] DEBUG o.s.h.s.r.b.UndertowHttpServer - Server started on port 50379(0 millis).
19:47:20.218 [Test worker] DEBUG o.s.w.c.RestTemplate - HTTP GET http://localhost:50379/SPR-16051
19:47:20.218 [Test worker] DEBUG o.s.w.c.RestTemplate - Accept=[text/plain, application/json, application/x-jackson-smile, application/*+json, */*]
19:47:20.221 [XNIO-10 I/O-2] DEBUG o.s.w.s.a.HttpWebHandlerAdapter - [78dbcfd0] HTTP GET "/SPR-16051"
19:47:20.223 [XNIO-10 I/O-2] DEBUG o.s.w.r.r.m.a.RequestMappingHandlerMapping - [78dbcfd0] Mapped to org.springframework.web.reactive.result.method.annotation.RequestMappingExceptionHandlingIntegrationTests$TestController#errors()
19:47:20.225 [XNIO-10 I/O-2] DEBUG o.s.w.r.r.m.a.ResponseBodyResultHandler - Using 'text/plain;charset=UTF-8' given [text/plain, application/json, application/x-jackson-smile, application/*+json, */*] and supported [text/plain;charset=UTF-8, text/event-stream, text/plain;charset=UTF-8, */*]
19:47:20.225 [XNIO-10 I/O-2] DEBUG o.s.w.r.r.m.a.ResponseBodyResultHandler - [78dbcfd0] 0..N [java.lang.String]
19:47:20.225 [XNIO-10 I/O-2] DEBUG o.s.c.c.CharSequenceEncoder - [78dbcfd0] Writing "1. foo bar"
19:47:20.225 [XNIO-10 I/O-2] DEBUG o.s.c.c.CharSequenceEncoder - [78dbcfd0] Writing "2. foo bar"
19:47:20.226 [XNIO-10 I/O-2] DEBUG o.s.c.c.CharSequenceEncoder - [78dbcfd0] Writing "3. foo bar"
19:47:20.226 [XNIO-10 I/O-2] DEBUG o.s.c.c.CharSequenceEncoder - [78dbcfd0] Writing "4. foo bar"
19:47:20.226 [XNIO-10 I/O-2] DEBUG o.s.c.c.CharSequenceEncoder - [78dbcfd0] Writing "5. foo bar"
19:47:20.226 [XNIO-10 I/O-2] DEBUG o.s.c.c.CharSequenceEncoder - [78dbcfd0] Writing "6. foo bar"
19:47:20.226 [XNIO-10 I/O-2] DEBUG o.s.c.c.CharSequenceEncoder - [78dbcfd0] Writing "7. foo bar"
19:47:20.226 [XNIO-10 I/O-2] DEBUG o.s.c.c.CharSequenceEncoder - [78dbcfd0] Writing "8. foo bar"
19:47:20.226 [XNIO-10 I/O-2] DEBUG o.s.c.c.CharSequenceEncoder - [78dbcfd0] Writing "9. foo bar"
19:47:20.226 [Test worker] DEBUG o.s.w.c.RestTemplate - Response 200 OK
19:47:20.226 [XNIO-10 I/O-2] DEBUG o.s.c.c.CharSequenceEncoder - [78dbcfd0] Writing "10. foo bar"
19:47:20.226 [XNIO-10 I/O-2] DEBUG o.s.c.c.CharSequenceEncoder - [78dbcfd0] Writing "11. foo bar"
19:47:20.227 [XNIO-10 I/O-2] DEBUG o.s.c.c.CharSequenceEncoder - [78dbcfd0] Writing "12. foo bar"
19:47:20.227 [XNIO-10 I/O-2] DEBUG o.s.c.c.CharSequenceEncoder - [78dbcfd0] Writing "13. foo bar"
19:47:20.227 [XNIO-10 I/O-2] DEBUG o.s.c.c.CharSequenceEncoder - [78dbcfd0] Writing "14. foo bar"
19:47:20.227 [XNIO-10 I/O-2] DEBUG o.s.c.c.CharSequenceEncoder - [78dbcfd0] Writing "15. foo bar"
19:47:20.227 [XNIO-10 I/O-2] DEBUG o.s.c.c.CharSequenceEncoder - [78dbcfd0] Writing "16. foo bar"
19:47:20.227 [XNIO-10 I/O-2] DEBUG o.s.c.c.CharSequenceEncoder - [78dbcfd0] Writing "17. foo bar"
19:47:20.227 [XNIO-10 I/O-2] DEBUG o.s.c.c.CharSequenceEncoder - [78dbcfd0] Writing "18. foo bar"
19:47:20.227 [XNIO-10 I/O-2] DEBUG o.s.c.c.CharSequenceEncoder - [78dbcfd0] Writing "19. foo bar"
19:47:20.227 [XNIO-10 I/O-2] DEBUG o.s.c.c.CharSequenceEncoder - [78dbcfd0] Writing "20. foo bar"
19:47:20.227 [XNIO-10 I/O-2] DEBUG o.s.c.c.CharSequenceEncoder - [78dbcfd0] Writing "21. foo bar"
19:47:20.227 [XNIO-10 I/O-2] DEBUG o.s.c.c.CharSequenceEncoder - [78dbcfd0] Writing "22. foo bar"
19:47:20.227 [XNIO-10 I/O-2] DEBUG o.s.c.c.CharSequenceEncoder - [78dbcfd0] Writing "23. foo bar"
19:47:20.228 [XNIO-10 I/O-2] DEBUG o.s.c.c.CharSequenceEncoder - [78dbcfd0] Writing "24. foo bar"
19:47:20.228 [XNIO-10 I/O-2] DEBUG o.s.c.c.CharSequenceEncoder - [78dbcfd0] Writing "25. foo bar"
19:47:20.228 [XNIO-10 I/O-2] DEBUG o.s.c.c.CharSequenceEncoder - [78dbcfd0] Writing "26. foo bar"
19:47:20.228 [XNIO-10 I/O-2] DEBUG o.s.c.c.CharSequenceEncoder - [78dbcfd0] Writing "27. foo bar"
19:47:20.228 [XNIO-10 I/O-2] DEBUG o.s.c.c.CharSequenceEncoder - [78dbcfd0] Writing "28. foo bar"
19:47:20.228 [XNIO-10 I/O-2] DEBUG o.s.c.c.CharSequenceEncoder - [78dbcfd0] Writing "29. foo bar"
19:47:20.228 [XNIO-10 I/O-2] DEBUG o.s.c.c.CharSequenceEncoder - [78dbcfd0] Writing "30. foo bar"
19:47:20.228 [XNIO-10 I/O-2] DEBUG o.s.c.c.CharSequenceEncoder - [78dbcfd0] Writing "31. foo bar"
19:47:20.228 [XNIO-10 I/O-2] DEBUG o.s.c.c.CharSequenceEncoder - [78dbcfd0] Writing "32. foo bar"
19:47:20.228 [Test worker] DEBUG o.s.w.c.RestTemplate - Reading to [java.lang.String] as "text/plain;charset=UTF-8"
19:47:20.228 [XNIO-10 I/O-2] DEBUG o.s.c.c.CharSequenceEncoder - [78dbcfd0] Writing "33. foo bar"
19:47:20.228 [XNIO-10 I/O-2] DEBUG o.s.c.c.CharSequenceEncoder - [78dbcfd0] Writing "34. foo bar"
19:47:20.228 [XNIO-10 I/O-2] DEBUG o.s.c.c.CharSequenceEncoder - [78dbcfd0] Writing "35. foo bar"
19:47:20.229 [XNIO-10 I/O-2] DEBUG o.s.c.c.CharSequenceEncoder - [78dbcfd0] Writing "36. foo bar"
19:47:20.229 [XNIO-10 I/O-2] DEBUG o.s.c.c.CharSequenceEncoder - [78dbcfd0] Writing "37. foo bar"
19:47:20.229 [XNIO-10 I/O-2] DEBUG o.s.c.c.CharSequenceEncoder - [78dbcfd0] Writing "38. foo bar"
19:47:20.229 [XNIO-10 I/O-2] DEBUG o.s.c.c.CharSequenceEncoder - [78dbcfd0] Writing "39. foo bar"
19:47:20.229 [XNIO-10 I/O-2] DEBUG o.s.c.c.CharSequenceEncoder - [78dbcfd0] Writing "40. foo bar"
19:47:20.229 [XNIO-10 I/O-2] DEBUG o.s.c.c.CharSequenceEncoder - [78dbcfd0] Writing "41. foo bar"
19:47:20.229 [XNIO-10 I/O-2] DEBUG o.s.c.c.CharSequenceEncoder - [78dbcfd0] Writing "42. foo bar"
19:47:20.229 [XNIO-10 I/O-2] DEBUG o.s.c.c.CharSequenceEncoder - [78dbcfd0] Writing "43. foo bar"
19:47:20.229 [XNIO-10 I/O-2] DEBUG o.s.c.c.CharSequenceEncoder - [78dbcfd0] Writing "44. foo bar"
19:47:20.229 [XNIO-10 I/O-2] DEBUG o.s.c.c.CharSequenceEncoder - [78dbcfd0] Writing "45. foo bar"
19:47:20.229 [XNIO-10 I/O-2] DEBUG o.s.c.c.CharSequenceEncoder - [78dbcfd0] Writing "46. foo bar"
19:47:20.229 [XNIO-10 I/O-2] DEBUG o.s.c.c.CharSequenceEncoder - [78dbcfd0] Writing "47. foo bar"
19:47:20.229 [XNIO-10 I/O-2] DEBUG o.s.c.c.CharSequenceEncoder - [78dbcfd0] Writing "48. foo bar"
19:47:20.230 [XNIO-10 I/O-2] DEBUG o.s.c.c.CharSequenceEncoder - [78dbcfd0] Writing "49. foo bar"
19:47:20.230 [XNIO-10 I/O-2] DEBUG o.s.c.c.CharSequenceEncoder - [78dbcfd0] Writing "50. foo bar"
19:47:20.230 [XNIO-10 I/O-2] DEBUG o.s.c.c.CharSequenceEncoder - [78dbcfd0] Writing "51. foo bar"
19:47:20.230 [XNIO-10 I/O-2] DEBUG o.s.c.c.CharSequenceEncoder - [78dbcfd0] Writing "52. foo bar"
19:47:20.230 [XNIO-10 I/O-2] DEBUG o.s.c.c.CharSequenceEncoder - [78dbcfd0] Writing "53. foo bar"
19:47:20.230 [XNIO-10 I/O-2] DEBUG o.s.c.c.CharSequenceEncoder - [78dbcfd0] Writing "54. foo bar"
19:47:20.230 [XNIO-10 I/O-2] DEBUG o.s.c.c.CharSequenceEncoder - [78dbcfd0] Writing "55. foo bar"
19:47:20.230 [XNIO-10 I/O-2] DEBUG o.s.c.c.CharSequenceEncoder - [78dbcfd0] Writing "56. foo bar"
19:47:20.230 [XNIO-10 I/O-2] DEBUG o.s.c.c.CharSequenceEncoder - [78dbcfd0] Writing "57. foo bar"
19:47:20.230 [XNIO-10 I/O-2] DEBUG o.s.c.c.CharSequenceEncoder - [78dbcfd0] Writing "58. foo bar"
19:47:20.230 [XNIO-10 I/O-2] DEBUG o.s.c.c.CharSequenceEncoder - [78dbcfd0] Writing "59. foo bar"
19:47:20.230 [XNIO-10 I/O-2] DEBUG o.s.c.c.CharSequenceEncoder - [78dbcfd0] Writing "60. foo bar"
19:47:20.230 [XNIO-10 I/O-2] DEBUG o.s.c.c.CharSequenceEncoder - [78dbcfd0] Writing "61. foo bar"
19:47:20.231 [XNIO-10 I/O-2] DEBUG o.s.c.c.CharSequenceEncoder - [78dbcfd0] Writing "62. foo bar"
19:47:20.231 [XNIO-10 I/O-2] DEBUG o.s.c.c.CharSequenceEncoder - [78dbcfd0] Writing "63. foo bar"
19:47:20.231 [XNIO-10 I/O-2] DEBUG o.s.c.c.CharSequenceEncoder - [78dbcfd0] Writing "64. foo bar"
19:47:20.231 [XNIO-10 I/O-2] DEBUG o.s.c.c.CharSequenceEncoder - [78dbcfd0] Writing "65. foo bar"
19:47:20.231 [XNIO-10 I/O-2] DEBUG o.s.c.c.CharSequenceEncoder - [78dbcfd0] Writing "66. foo bar"
19:47:20.231 [XNIO-10 I/O-2] DEBUG o.s.c.c.CharSequenceEncoder - [78dbcfd0] Writing "67. foo bar"
19:47:20.231 [XNIO-10 I/O-2] DEBUG o.s.c.c.CharSequenceEncoder - [78dbcfd0] Writing "68. foo bar"
19:47:20.231 [XNIO-10 I/O-2] DEBUG o.s.c.c.CharSequenceEncoder - [78dbcfd0] Writing "69. foo bar"
19:47:20.231 [XNIO-10 I/O-2] DEBUG o.s.c.c.CharSequenceEncoder - [78dbcfd0] Writing "70. foo bar"
19:47:20.231 [XNIO-10 I/O-2] DEBUG o.s.c.c.CharSequenceEncoder - [78dbcfd0] Writing "71. foo bar"
19:47:20.231 [XNIO-10 I/O-2] DEBUG o.s.c.c.CharSequenceEncoder - [78dbcfd0] Writing "72. foo bar"
19:47:20.231 [XNIO-10 I/O-2] DEBUG o.s.c.c.CharSequenceEncoder - [78dbcfd0] Writing "73. foo bar"
19:47:20.231 [XNIO-10 I/O-2] DEBUG o.s.c.c.CharSequenceEncoder - [78dbcfd0] Writing "74. foo bar"
19:47:20.231 [XNIO-10 I/O-2] DEBUG o.s.c.c.CharSequenceEncoder - [78dbcfd0] Writing "75. foo bar"
19:47:20.231 [XNIO-10 I/O-2] DEBUG o.s.c.c.CharSequenceEncoder - [78dbcfd0] Writing "76. foo bar"
19:47:20.232 [XNIO-10 I/O-2] DEBUG o.s.c.c.CharSequenceEncoder - [78dbcfd0] Writing "77. foo bar"
19:47:20.232 [XNIO-10 I/O-2] DEBUG o.s.c.c.CharSequenceEncoder - [78dbcfd0] Writing "78. foo bar"
19:47:20.232 [XNIO-10 I/O-2] DEBUG o.s.c.c.CharSequenceEncoder - [78dbcfd0] Writing "79. foo bar"
19:47:20.232 [XNIO-10 I/O-2] DEBUG o.s.c.c.CharSequenceEncoder - [78dbcfd0] Writing "80. foo bar"
19:47:20.232 [XNIO-10 I/O-2] DEBUG o.s.c.c.CharSequenceEncoder - [78dbcfd0] Writing "81. foo bar"
19:47:20.232 [XNIO-10 I/O-2] DEBUG o.s.c.c.CharSequenceEncoder - [78dbcfd0] Writing "82. foo bar"
19:47:20.232 [XNIO-10 I/O-2] DEBUG o.s.c.c.CharSequenceEncoder - [78dbcfd0] Writing "83. foo bar"
19:47:20.232 [XNIO-10 I/O-2] DEBUG o.s.c.c.CharSequenceEncoder - [78dbcfd0] Writing "84. foo bar"
19:47:20.232 [XNIO-10 I/O-2] DEBUG o.s.c.c.CharSequenceEncoder - [78dbcfd0] Writing "85. foo bar"
19:47:20.232 [XNIO-10 I/O-2] DEBUG o.s.c.c.CharSequenceEncoder - [78dbcfd0] Writing "86. foo bar"
19:47:20.232 [XNIO-10 I/O-2] DEBUG o.s.c.c.CharSequenceEncoder - [78dbcfd0] Writing "87. foo bar"
19:47:20.232 [XNIO-10 I/O-2] DEBUG o.s.c.c.CharSequenceEncoder - [78dbcfd0] Writing "88. foo bar"
19:47:20.232 [XNIO-10 I/O-2] DEBUG o.s.c.c.CharSequenceEncoder - [78dbcfd0] Writing "89. foo bar"
19:47:20.232 [XNIO-10 I/O-2] DEBUG o.s.c.c.CharSequenceEncoder - [78dbcfd0] Writing "90. foo bar"
19:47:20.233 [XNIO-10 I/O-2] DEBUG o.s.c.c.CharSequenceEncoder - [78dbcfd0] Writing "91. foo bar"
19:47:20.233 [XNIO-10 I/O-2] DEBUG o.s.c.c.CharSequenceEncoder - [78dbcfd0] Writing "92. foo bar"
19:47:20.233 [XNIO-10 I/O-2] DEBUG o.s.c.c.CharSequenceEncoder - [78dbcfd0] Writing "93. foo bar"
19:47:20.233 [XNIO-10 I/O-2] DEBUG o.s.c.c.CharSequenceEncoder - [78dbcfd0] Writing "94. foo bar"
19:47:20.233 [XNIO-10 I/O-2] DEBUG o.s.c.c.CharSequenceEncoder - [78dbcfd0] Writing "95. foo bar"
19:47:20.233 [XNIO-10 I/O-2] DEBUG o.s.c.c.CharSequenceEncoder - [78dbcfd0] Writing "96. foo bar"
19:47:20.233 [XNIO-10 I/O-2] DEBUG o.s.c.c.CharSequenceEncoder - [78dbcfd0] Writing "97. foo bar"
19:47:20.233 [XNIO-10 I/O-2] DEBUG o.s.c.c.CharSequenceEncoder - [78dbcfd0] Writing "98. foo bar"
19:47:20.233 [XNIO-10 I/O-2] DEBUG o.s.c.c.CharSequenceEncoder - [78dbcfd0] Writing "99. foo bar"
19:47:20.233 [XNIO-10 I/O-2] DEBUG o.s.c.c.CharSequenceEncoder - [78dbcfd0] Writing "100. foo bar"
19:47:20.233 [XNIO-10 I/O-2] DEBUG o.s.c.c.CharSequenceEncoder - [78dbcfd0] Writing "101. foo bar"
19:47:20.234 [XNIO-10 I/O-2] DEBUG o.s.c.c.CharSequenceEncoder - [78dbcfd0] Writing "102. foo bar"
19:47:20.234 [XNIO-10 I/O-2] DEBUG o.s.c.c.CharSequenceEncoder - [78dbcfd0] Writing "103. foo bar"
19:47:20.234 [XNIO-10 I/O-2] DEBUG o.s.c.c.CharSequenceEncoder - [78dbcfd0] Writing "104. foo bar"
19:47:20.234 [XNIO-10 I/O-2] DEBUG o.s.c.c.CharSequenceEncoder - [78dbcfd0] Writing "105. foo bar"
19:47:20.234 [XNIO-10 I/O-2] DEBUG o.s.c.c.CharSequenceEncoder - [78dbcfd0] Writing "106. foo bar"
19:47:20.234 [XNIO-10 I/O-2] DEBUG o.s.c.c.CharSequenceEncoder - [78dbcfd0] Writing "107. foo bar"
19:47:20.234 [XNIO-10 I/O-2] DEBUG o.s.c.c.CharSequenceEncoder - [78dbcfd0] Writing "108. foo bar"
19:47:20.234 [XNIO-10 I/O-2] DEBUG o.s.c.c.CharSequenceEncoder - [78dbcfd0] Writing "109. foo bar"
19:47:20.234 [XNIO-10 I/O-2] DEBUG o.s.c.c.CharSequenceEncoder - [78dbcfd0] Writing "110. foo bar"
19:47:20.234 [XNIO-10 I/O-2] DEBUG o.s.c.c.CharSequenceEncoder - [78dbcfd0] Writing "111. foo bar"
19:47:20.234 [XNIO-10 I/O-2] DEBUG o.s.c.c.CharSequenceEncoder - [78dbcfd0] Writing "112. foo bar"
19:47:20.234 [XNIO-10 I/O-2] DEBUG o.s.c.c.CharSequenceEncoder - [78dbcfd0] Writing "113. foo bar"
19:47:20.234 [XNIO-10 I/O-2] DEBUG o.s.c.c.CharSequenceEncoder - [78dbcfd0] Writing "114. foo bar"
19:47:20.234 [XNIO-10 I/O-2] DEBUG o.s.c.c.CharSequenceEncoder - [78dbcfd0] Writing "115. foo bar"
19:47:20.234 [XNIO-10 I/O-2] DEBUG o.s.c.c.CharSequenceEncoder - [78dbcfd0] Writing "116. foo bar"
19:47:20.235 [XNIO-10 I/O-2] DEBUG o.s.c.c.CharSequenceEncoder - [78dbcfd0] Writing "117. foo bar"
19:47:20.235 [XNIO-10 I/O-2] DEBUG o.s.c.c.CharSequenceEncoder - [78dbcfd0] Writing "118. foo bar"
19:47:20.235 [XNIO-10 I/O-2] DEBUG o.s.c.c.CharSequenceEncoder - [78dbcfd0] Writing "119. foo bar"
19:47:20.235 [XNIO-10 I/O-2] DEBUG o.s.c.c.CharSequenceEncoder - [78dbcfd0] Writing "120. foo bar"
19:47:20.235 [XNIO-10 I/O-2] DEBUG o.s.c.c.CharSequenceEncoder - [78dbcfd0] Writing "121. foo bar"
19:47:20.235 [XNIO-10 I/O-2] DEBUG o.s.c.c.CharSequenceEncoder - [78dbcfd0] Writing "122. foo bar"
19:47:20.235 [XNIO-10 I/O-2] DEBUG o.s.c.c.CharSequenceEncoder - [78dbcfd0] Writing "123. foo bar"
19:47:20.235 [XNIO-10 I/O-2] DEBUG o.s.c.c.CharSequenceEncoder - [78dbcfd0] Writing "124. foo bar"
19:47:20.235 [XNIO-10 I/O-2] DEBUG o.s.c.c.CharSequenceEncoder - [78dbcfd0] Writing "125. foo bar"
19:47:20.235 [XNIO-10 I/O-2] DEBUG o.s.c.c.CharSequenceEncoder - [78dbcfd0] Writing "126. foo bar"
19:47:20.235 [XNIO-10 I/O-2] DEBUG o.s.c.c.CharSequenceEncoder - [78dbcfd0] Writing "127. foo bar"
19:47:20.235 [XNIO-10 I/O-2] DEBUG o.s.c.c.CharSequenceEncoder - [78dbcfd0] Writing "128. foo bar"
19:47:20.235 [XNIO-10 I/O-2] DEBUG o.s.c.c.CharSequenceEncoder - [78dbcfd0] Writing "129. foo bar"
19:47:20.236 [XNIO-10 I/O-2] DEBUG o.s.c.c.CharSequenceEncoder - [78dbcfd0] Writing "130. foo bar"
19:47:20.236 [XNIO-10 I/O-2] DEBUG o.s.c.c.CharSequenceEncoder - [78dbcfd0] Writing "131. foo bar"
19:47:20.236 [XNIO-10 I/O-2] DEBUG o.s.c.c.CharSequenceEncoder - [78dbcfd0] Writing "132. foo bar"
19:47:20.236 [XNIO-10 I/O-2] DEBUG o.s.c.c.CharSequenceEncoder - [78dbcfd0] Writing "133. foo bar"
19:47:20.236 [XNIO-10 I/O-2] DEBUG o.s.c.c.CharSequenceEncoder - [78dbcfd0] Writing "134. foo bar"
19:47:20.236 [XNIO-10 I/O-2] DEBUG o.s.c.c.CharSequenceEncoder - [78dbcfd0] Writing "135. foo bar"
19:47:20.236 [XNIO-10 I/O-2] DEBUG o.s.c.c.CharSequenceEncoder - [78dbcfd0] Writing "136. foo bar"
19:47:20.236 [XNIO-10 I/O-2] DEBUG o.s.c.c.CharSequenceEncoder - [78dbcfd0] Writing "137. foo bar"
19:47:20.236 [XNIO-10 I/O-2] DEBUG o.s.c.c.CharSequenceEncoder - [78dbcfd0] Writing "138. foo bar"
19:47:20.236 [XNIO-10 I/O-2] DEBUG o.s.c.c.CharSequenceEncoder - [78dbcfd0] Writing "139. foo bar"
19:47:20.236 [XNIO-10 I/O-2] DEBUG o.s.c.c.CharSequenceEncoder - [78dbcfd0] Writing "140. foo bar"
19:47:20.236 [XNIO-10 I/O-2] DEBUG o.s.c.c.CharSequenceEncoder - [78dbcfd0] Writing "141. foo bar"
19:47:20.236 [XNIO-10 I/O-2] DEBUG o.s.c.c.CharSequenceEncoder - [78dbcfd0] Writing "142. foo bar"
19:47:20.237 [XNIO-10 I/O-2] DEBUG o.s.c.c.CharSequenceEncoder - [78dbcfd0] Writing "143. foo bar"
19:47:20.237 [XNIO-10 I/O-2] DEBUG o.s.c.c.CharSequenceEncoder - [78dbcfd0] Writing "144. foo bar"
19:47:20.237 [XNIO-10 I/O-2] DEBUG o.s.c.c.CharSequenceEncoder - [78dbcfd0] Writing "145. foo bar"
19:47:20.237 [XNIO-10 I/O-2] DEBUG o.s.c.c.CharSequenceEncoder - [78dbcfd0] Writing "146. foo bar"
19:47:20.237 [XNIO-10 I/O-2] DEBUG o.s.c.c.CharSequenceEncoder - [78dbcfd0] Writing "147. foo bar"
19:47:20.237 [XNIO-10 I/O-2] DEBUG o.s.c.c.CharSequenceEncoder - [78dbcfd0] Writing "148. foo bar"
19:47:20.237 [XNIO-10 I/O-2] DEBUG o.s.c.c.CharSequenceEncoder - [78dbcfd0] Writing "149. foo bar"
19:47:20.237 [XNIO-10 I/O-2] DEBUG o.s.c.c.CharSequenceEncoder - [78dbcfd0] Writing "150. foo bar"
19:47:20.237 [XNIO-10 I/O-2] DEBUG o.s.c.c.CharSequenceEncoder - [78dbcfd0] Writing "151. foo bar"
19:47:20.237 [XNIO-10 I/O-2] DEBUG o.s.c.c.CharSequenceEncoder - [78dbcfd0] Writing "152. foo bar"
19:47:20.237 [XNIO-10 I/O-2] DEBUG o.s.c.c.CharSequenceEncoder - [78dbcfd0] Writing "153. foo bar"
19:47:20.237 [XNIO-10 I/O-2] DEBUG o.s.c.c.CharSequenceEncoder - [78dbcfd0] Writing "154. foo bar"
19:47:20.237 [XNIO-10 I/O-2] DEBUG o.s.c.c.CharSequenceEncoder - [78dbcfd0] Writing "155. foo bar"
19:47:20.237 [XNIO-10 I/O-2] DEBUG o.s.c.c.CharSequenceEncoder - [78dbcfd0] Writing "156. foo bar"
19:47:20.237 [XNIO-10 I/O-2] DEBUG o.s.c.c.CharSequenceEncoder - [78dbcfd0] Writing "157. foo bar"
19:47:20.238 [XNIO-10 I/O-2] DEBUG o.s.c.c.CharSequenceEncoder - [78dbcfd0] Writing "158. foo bar"
19:47:20.238 [XNIO-10 I/O-2] DEBUG o.s.c.c.CharSequenceEncoder - [78dbcfd0] Writing "159. foo bar"
19:47:20.238 [XNIO-10 I/O-2] DEBUG o.s.c.c.CharSequenceEncoder - [78dbcfd0] Writing "160. foo bar"
19:47:20.238 [XNIO-10 I/O-2] DEBUG o.s.c.c.CharSequenceEncoder - [78dbcfd0] Writing "161. foo bar"
19:47:20.238 [XNIO-10 I/O-2] DEBUG o.s.c.c.CharSequenceEncoder - [78dbcfd0] Writing "162. foo bar"
19:47:20.238 [XNIO-10 I/O-2] DEBUG o.s.c.c.CharSequenceEncoder - [78dbcfd0] Writing "163. foo bar"
19:47:20.238 [XNIO-10 I/O-2] DEBUG o.s.c.c.CharSequenceEncoder - [78dbcfd0] Writing "164. foo bar"
19:47:20.238 [XNIO-10 I/O-2] DEBUG o.s.c.c.CharSequenceEncoder - [78dbcfd0] Writing "165. foo bar"
19:47:20.238 [XNIO-10 I/O-2] DEBUG o.s.c.c.CharSequenceEncoder - [78dbcfd0] Writing "166. foo bar"
19:47:20.238 [XNIO-10 I/O-2] DEBUG o.s.c.c.CharSequenceEncoder - [78dbcfd0] Writing "167. foo bar"
19:47:20.238 [XNIO-10 I/O-2] DEBUG o.s.c.c.CharSequenceEncoder - [78dbcfd0] Writing "168. foo bar"
19:47:20.238 [XNIO-10 I/O-2] DEBUG o.s.c.c.CharSequenceEncoder - [78dbcfd0] Writing "169. foo bar"
19:47:20.238 [XNIO-10 I/O-2] DEBUG o.s.c.c.CharSequenceEncoder - [78dbcfd0] Writing "170. foo bar"
19:47:20.238 [XNIO-10 I/O-2] DEBUG o.s.c.c.CharSequenceEncoder - [78dbcfd0] Writing "171. foo bar"
19:47:20.239 [XNIO-10 I/O-2] DEBUG o.s.c.c.CharSequenceEncoder - [78dbcfd0] Writing "172. foo bar"
19:47:20.239 [XNIO-10 I/O-2] DEBUG o.s.c.c.CharSequenceEncoder - [78dbcfd0] Writing "173. foo bar"
19:47:20.239 [XNIO-10 I/O-2] DEBUG o.s.c.c.CharSequenceEncoder - [78dbcfd0] Writing "174. foo bar"
19:47:20.239 [XNIO-10 I/O-2] DEBUG o.s.c.c.CharSequenceEncoder - [78dbcfd0] Writing "175. foo bar"
19:47:20.239 [XNIO-10 I/O-2] DEBUG o.s.c.c.CharSequenceEncoder - [78dbcfd0] Writing "176. foo bar"
19:47:20.239 [XNIO-10 I/O-2] DEBUG o.s.c.c.CharSequenceEncoder - [78dbcfd0] Writing "177. foo bar"
19:47:20.239 [XNIO-10 I/O-2] DEBUG o.s.c.c.CharSequenceEncoder - [78dbcfd0] Writing "178. foo bar"
19:47:20.239 [XNIO-10 I/O-2] DEBUG o.s.c.c.CharSequenceEncoder - [78dbcfd0] Writing "179. foo bar"
19:47:20.239 [XNIO-10 I/O-2] DEBUG o.s.c.c.CharSequenceEncoder - [78dbcfd0] Writing "180. foo bar"
19:47:20.239 [XNIO-10 I/O-2] DEBUG o.s.c.c.CharSequenceEncoder - [78dbcfd0] Writing "181. foo bar"
19:47:20.239 [XNIO-10 I/O-2] DEBUG o.s.c.c.CharSequenceEncoder - [78dbcfd0] Writing "182. foo bar"
19:47:20.239 [XNIO-10 I/O-2] DEBUG o.s.c.c.CharSequenceEncoder - [78dbcfd0] Writing "183. foo bar"
19:47:20.239 [XNIO-10 I/O-2] DEBUG o.s.c.c.CharSequenceEncoder - [78dbcfd0] Writing "184. foo bar"
19:47:20.239 [XNIO-10 I/O-2] DEBUG o.s.c.c.CharSequenceEncoder - [78dbcfd0] Writing "185. foo bar"
19:47:20.239 [XNIO-10 I/O-2] DEBUG o.s.c.c.CharSequenceEncoder - [78dbcfd0] Writing "186. foo bar"
19:47:20.239 [XNIO-10 I/O-2] DEBUG o.s.c.c.CharSequenceEncoder - [78dbcfd0] Writing "187. foo bar"
19:47:20.240 [XNIO-10 I/O-2] DEBUG o.s.c.c.CharSequenceEncoder - [78dbcfd0] Writing "188. foo bar"
19:47:20.240 [XNIO-10 I/O-2] DEBUG o.s.c.c.CharSequenceEncoder - [78dbcfd0] Writing "189. foo bar"
19:47:20.240 [XNIO-10 I/O-2] DEBUG o.s.c.c.CharSequenceEncoder - [78dbcfd0] Writing "190. foo bar"
19:47:20.240 [XNIO-10 I/O-2] DEBUG o.s.c.c.CharSequenceEncoder - [78dbcfd0] Writing "191. foo bar"
19:47:20.240 [XNIO-10 I/O-2] DEBUG o.s.c.c.CharSequenceEncoder - [78dbcfd0] Writing "192. foo bar"
19:47:20.240 [XNIO-10 I/O-2] DEBUG o.s.c.c.CharSequenceEncoder - [78dbcfd0] Writing "193. foo bar"
19:47:20.240 [XNIO-10 I/O-2] DEBUG o.s.c.c.CharSequenceEncoder - [78dbcfd0] Writing "194. foo bar"
19:47:20.240 [XNIO-10 I/O-2] DEBUG o.s.c.c.CharSequenceEncoder - [78dbcfd0] Writing "195. foo bar"
19:47:20.240 [XNIO-10 I/O-2] DEBUG o.s.c.c.CharSequenceEncoder - [78dbcfd0] Writing "196. foo bar"
19:47:20.240 [XNIO-10 I/O-2] DEBUG o.s.c.c.CharSequenceEncoder - [78dbcfd0] Writing "197. foo bar"
19:47:20.240 [XNIO-10 I/O-2] DEBUG o.s.c.c.CharSequenceEncoder - [78dbcfd0] Writing "198. foo bar"
19:47:20.240 [XNIO-10 I/O-2] DEBUG o.s.c.c.CharSequenceEncoder - [78dbcfd0] Writing "199. foo bar"
19:47:20.240 [XNIO-10 I/O-2] DEBUG o.s.c.c.CharSequenceEncoder - [78dbcfd0] Writing "200. foo bar"
19:47:20.240 [XNIO-10 I/O-2] DEBUG o.s.c.c.CharSequenceEncoder - [78dbcfd0] Writing "201. foo bar"
19:47:20.240 [XNIO-10 I/O-2] DEBUG o.s.c.c.CharSequenceEncoder - [78dbcfd0] Writing "202. foo bar"
19:47:20.241 [XNIO-10 I/O-2] DEBUG o.s.c.c.CharSequenceEncoder - [78dbcfd0] Writing "203. foo bar"
19:47:20.241 [XNIO-10 I/O-2] DEBUG o.s.c.c.CharSequenceEncoder - [78dbcfd0] Writing "204. foo bar"
19:47:20.241 [XNIO-10 I/O-2] DEBUG o.s.c.c.CharSequenceEncoder - [78dbcfd0] Writing "205. foo bar"
19:47:20.241 [XNIO-10 I/O-2] DEBUG o.s.c.c.CharSequenceEncoder - [78dbcfd0] Writing "206. foo bar"
19:47:20.241 [XNIO-10 I/O-2] DEBUG o.s.c.c.CharSequenceEncoder - [78dbcfd0] Writing "207. foo bar"
19:47:20.241 [XNIO-10 I/O-2] DEBUG o.s.c.c.CharSequenceEncoder - [78dbcfd0] Writing "208. foo bar"
19:47:20.241 [XNIO-10 I/O-2] DEBUG o.s.c.c.CharSequenceEncoder - [78dbcfd0] Writing "209. foo bar"
19:47:20.241 [XNIO-10 I/O-2] DEBUG o.s.c.c.CharSequenceEncoder - [78dbcfd0] Writing "210. foo bar"
19:47:20.241 [XNIO-10 I/O-2] DEBUG o.s.c.c.CharSequenceEncoder - [78dbcfd0] Writing "211. foo bar"
19:47:20.241 [XNIO-10 I/O-2] DEBUG o.s.c.c.CharSequenceEncoder - [78dbcfd0] Writing "212. foo bar"
19:47:20.241 [XNIO-10 I/O-2] DEBUG o.s.c.c.CharSequenceEncoder - [78dbcfd0] Writing "213. foo bar"
19:47:20.241 [XNIO-10 I/O-2] DEBUG o.s.c.c.CharSequenceEncoder - [78dbcfd0] Writing "214. foo bar"
19:47:20.241 [XNIO-10 I/O-2] DEBUG o.s.c.c.CharSequenceEncoder - [78dbcfd0] Writing "215. foo bar"
19:47:20.241 [XNIO-10 I/O-2] DEBUG o.s.c.c.CharSequenceEncoder - [78dbcfd0] Writing "216. foo bar"
19:47:20.242 [XNIO-10 I/O-2] DEBUG o.s.c.c.CharSequenceEncoder - [78dbcfd0] Writing "217. foo bar"
19:47:20.242 [XNIO-10 I/O-2] DEBUG o.s.c.c.CharSequenceEncoder - [78dbcfd0] Writing "218. foo bar"
19:47:20.242 [XNIO-10 I/O-2] DEBUG o.s.c.c.CharSequenceEncoder - [78dbcfd0] Writing "219. foo bar"
19:47:20.242 [XNIO-10 I/O-2] DEBUG o.s.c.c.CharSequenceEncoder - [78dbcfd0] Writing "220. foo bar"
19:47:20.242 [XNIO-10 I/O-2] DEBUG o.s.c.c.CharSequenceEncoder - [78dbcfd0] Writing "221. foo bar"
19:47:20.242 [XNIO-10 I/O-2] DEBUG o.s.c.c.CharSequenceEncoder - [78dbcfd0] Writing "222. foo bar"
19:47:20.242 [XNIO-10 I/O-2] DEBUG o.s.c.c.CharSequenceEncoder - [78dbcfd0] Writing "223. foo bar"
19:47:20.242 [XNIO-10 I/O-2] DEBUG o.s.c.c.CharSequenceEncoder - [78dbcfd0] Writing "224. foo bar"
19:47:20.242 [XNIO-10 I/O-2] DEBUG o.s.c.c.CharSequenceEncoder - [78dbcfd0] Writing "225. foo bar"
19:47:20.242 [XNIO-10 I/O-2] DEBUG o.s.c.c.CharSequenceEncoder - [78dbcfd0] Writing "226. foo bar"
19:47:20.242 [XNIO-10 I/O-2] DEBUG o.s.c.c.CharSequenceEncoder - [78dbcfd0] Writing "227. foo bar"
19:47:20.242 [XNIO-10 I/O-2] DEBUG o.s.c.c.CharSequenceEncoder - [78dbcfd0] Writing "228. foo bar"
19:47:20.242 [XNIO-10 I/O-2] DEBUG o.s.c.c.CharSequenceEncoder - [78dbcfd0] Writing "229. foo bar"
19:47:20.242 [XNIO-10 I/O-2] DEBUG o.s.c.c.CharSequenceEncoder - [78dbcfd0] Writing "230. foo bar"
19:47:20.243 [XNIO-10 I/O-2] DEBUG o.s.c.c.CharSequenceEncoder - [78dbcfd0] Writing "231. foo bar"
19:47:20.243 [XNIO-10 I/O-2] DEBUG o.s.c.c.CharSequenceEncoder - [78dbcfd0] Writing "232. foo bar"
19:47:20.243 [XNIO-10 I/O-2] DEBUG o.s.c.c.CharSequenceEncoder - [78dbcfd0] Writing "233. foo bar"
19:47:20.243 [XNIO-10 I/O-2] DEBUG o.s.c.c.CharSequenceEncoder - [78dbcfd0] Writing "234. foo bar"
19:47:20.243 [XNIO-10 I/O-2] DEBUG o.s.c.c.CharSequenceEncoder - [78dbcfd0] Writing "235. foo bar"
19:47:20.243 [XNIO-10 I/O-2] DEBUG o.s.c.c.CharSequenceEncoder - [78dbcfd0] Writing "236. foo bar"
19:47:20.243 [XNIO-10 I/O-2] DEBUG o.s.c.c.CharSequenceEncoder - [78dbcfd0] Writing "237. foo bar"
19:47:20.243 [XNIO-10 I/O-2] DEBUG o.s.c.c.CharSequenceEncoder - [78dbcfd0] Writing "238. foo bar"
19:47:20.243 [XNIO-10 I/O-2] DEBUG o.s.c.c.CharSequenceEncoder - [78dbcfd0] Writing "239. foo bar"
19:47:20.243 [XNIO-10 I/O-2] DEBUG o.s.c.c.CharSequenceEncoder - [78dbcfd0] Writing "240. foo bar"
19:47:20.243 [XNIO-10 I/O-2] DEBUG o.s.c.c.CharSequenceEncoder - [78dbcfd0] Writing "241. foo bar"
19:47:20.243 [XNIO-10 I/O-2] DEBUG o.s.c.c.CharSequenceEncoder - [78dbcfd0] Writing "242. foo bar"
19:47:20.244 [XNIO-10 I/O-2] DEBUG o.s.c.c.CharSequenceEncoder - [78dbcfd0] Writing "243. foo bar"
19:47:20.244 [XNIO-10 I/O-2] DEBUG o.s.c.c.CharSequenceEncoder - [78dbcfd0] Writing "244. foo bar"
19:47:20.244 [XNIO-10 I/O-2] DEBUG o.s.c.c.CharSequenceEncoder - [78dbcfd0] Writing "245. foo bar"
19:47:20.244 [XNIO-10 I/O-2] DEBUG o.s.c.c.CharSequenceEncoder - [78dbcfd0] Writing "246. foo bar"
19:47:20.244 [XNIO-10 I/O-2] DEBUG o.s.c.c.CharSequenceEncoder - [78dbcfd0] Writing "247. foo bar"
19:47:20.244 [XNIO-10 I/O-2] DEBUG o.s.c.c.CharSequenceEncoder - [78dbcfd0] Writing "248. foo bar"
19:47:20.244 [XNIO-10 I/O-2] DEBUG o.s.c.c.CharSequenceEncoder - [78dbcfd0] Writing "249. foo bar"
19:47:20.244 [XNIO-10 I/O-2] DEBUG o.s.c.c.CharSequenceEncoder - [78dbcfd0] Writing "250. foo bar"
19:47:20.244 [XNIO-10 I/O-2] DEBUG o.s.c.c.CharSequenceEncoder - [78dbcfd0] Writing "251. foo bar"
19:47:20.244 [XNIO-10 I/O-2] DEBUG o.s.c.c.CharSequenceEncoder - [78dbcfd0] Writing "252. foo bar"
19:47:20.244 [XNIO-10 I/O-2] DEBUG o.s.c.c.CharSequenceEncoder - [78dbcfd0] Writing "253. foo bar"
19:47:20.244 [XNIO-10 I/O-2] DEBUG o.s.c.c.CharSequenceEncoder - [78dbcfd0] Writing "254. foo bar"
19:47:20.245 [XNIO-10 I/O-2] DEBUG o.s.c.c.CharSequenceEncoder - [78dbcfd0] Writing "255. foo bar"
19:47:20.245 [XNIO-10 I/O-2] DEBUG o.s.c.c.CharSequenceEncoder - [78dbcfd0] Writing "256. foo bar"
19:47:20.245 [XNIO-10 I/O-2] DEBUG o.s.c.c.CharSequenceEncoder - [78dbcfd0] Writing "257. foo bar"
19:47:20.245 [XNIO-10 I/O-2] DEBUG o.s.c.c.CharSequenceEncoder - [78dbcfd0] Writing "258. foo bar"
19:47:20.245 [XNIO-10 I/O-2] DEBUG o.s.c.c.CharSequenceEncoder - [78dbcfd0] Writing "259. foo bar"
19:47:20.245 [XNIO-10 I/O-2] DEBUG o.s.c.c.CharSequenceEncoder - [78dbcfd0] Writing "260. foo bar"
19:47:20.245 [XNIO-10 I/O-2] DEBUG o.s.c.c.CharSequenceEncoder - [78dbcfd0] Writing "261. foo bar"
19:47:20.245 [XNIO-10 I/O-2] DEBUG o.s.c.c.CharSequenceEncoder - [78dbcfd0] Writing "262. foo bar"
19:47:20.245 [XNIO-10 I/O-2] DEBUG o.s.c.c.CharSequenceEncoder - [78dbcfd0] Writing "263. foo bar"
19:47:20.245 [XNIO-10 I/O-2] DEBUG o.s.c.c.CharSequenceEncoder - [78dbcfd0] Writing "264. foo bar"
19:47:20.245 [XNIO-10 I/O-2] DEBUG o.s.c.c.CharSequenceEncoder - [78dbcfd0] Writing "265. foo bar"
19:47:20.245 [XNIO-10 I/O-2] DEBUG o.s.c.c.CharSequenceEncoder - [78dbcfd0] Writing "266. foo bar"
19:47:20.245 [XNIO-10 I/O-2] DEBUG o.s.c.c.CharSequenceEncoder - [78dbcfd0] Writing "267. foo bar"
19:47:20.245 [XNIO-10 I/O-2] DEBUG o.s.c.c.CharSequenceEncoder - [78dbcfd0] Writing "268. foo bar"
19:47:20.246 [XNIO-10 I/O-2] DEBUG o.s.c.c.CharSequenceEncoder - [78dbcfd0] Writing "269. foo bar"
19:47:20.246 [XNIO-10 I/O-2] DEBUG o.s.c.c.CharSequenceEncoder - [78dbcfd0] Writing "270. foo bar"
19:47:20.246 [XNIO-10 I/O-2] DEBUG o.s.c.c.CharSequenceEncoder - [78dbcfd0] Writing "271. foo bar"
19:47:20.246 [XNIO-10 I/O-2] DEBUG o.s.c.c.CharSequenceEncoder - [78dbcfd0] Writing "272. foo bar"
19:47:20.246 [XNIO-10 I/O-2] DEBUG o.s.c.c.CharSequenceEncoder - [78dbcfd0] Writing "273. foo bar"
19:47:20.246 [XNIO-10 I/O-2] DEBUG o.s.c.c.CharSequenceEncoder - [78dbcfd0] Writing "274. foo bar"
19:47:20.246 [XNIO-10 I/O-2] DEBUG o.s.c.c.CharSequenceEncoder - [78dbcfd0] Writing "275. foo bar"
19:47:20.246 [XNIO-10 I/O-2] DEBUG o.s.c.c.CharSequenceEncoder - [78dbcfd0] Writing "276. foo bar"
19:47:20.246 [XNIO-10 I/O-2] DEBUG o.s.c.c.CharSequenceEncoder - [78dbcfd0] Writing "277. foo bar"
19:47:20.246 [XNIO-10 I/O-2] DEBUG o.s.c.c.CharSequenceEncoder - [78dbcfd0] Writing "278. foo bar"
19:47:20.246 [XNIO-10 I/O-2] DEBUG o.s.c.c.CharSequenceEncoder - [78dbcfd0] Writing "279. foo bar"
19:47:20.246 [XNIO-10 I/O-2] DEBUG o.s.c.c.CharSequenceEncoder - [78dbcfd0] Writing "280. foo bar"
19:47:20.246 [XNIO-10 I/O-2] DEBUG o.s.c.c.CharSequenceEncoder - [78dbcfd0] Writing "281. foo bar"
19:47:20.246 [XNIO-10 I/O-2] DEBUG o.s.c.c.CharSequenceEncoder - [78dbcfd0] Writing "282. foo bar"
19:47:20.246 [XNIO-10 I/O-2] DEBUG o.s.c.c.CharSequenceEncoder - [78dbcfd0] Writing "283. foo bar"
19:47:20.247 [XNIO-10 I/O-2] DEBUG o.s.c.c.CharSequenceEncoder - [78dbcfd0] Writing "284. foo bar"
19:47:20.247 [XNIO-10 I/O-2] DEBUG o.s.c.c.CharSequenceEncoder - [78dbcfd0] Writing "285. foo bar"
19:47:20.247 [XNIO-10 I/O-2] DEBUG o.s.c.c.CharSequenceEncoder - [78dbcfd0] Writing "286. foo bar"
19:47:20.247 [XNIO-10 I/O-2] DEBUG o.s.c.c.CharSequenceEncoder - [78dbcfd0] Writing "287. foo bar"
19:47:20.247 [XNIO-10 I/O-2] DEBUG o.s.c.c.CharSequenceEncoder - [78dbcfd0] Writing "288. foo bar"
19:47:20.247 [XNIO-10 I/O-2] DEBUG o.s.c.c.CharSequenceEncoder - [78dbcfd0] Writing "289. foo bar"
19:47:20.247 [XNIO-10 I/O-2] DEBUG o.s.c.c.CharSequenceEncoder - [78dbcfd0] Writing "290. foo bar"
19:47:20.247 [XNIO-10 I/O-2] DEBUG o.s.c.c.CharSequenceEncoder - [78dbcfd0] Writing "291. foo bar"
19:47:20.247 [XNIO-10 I/O-2] DEBUG o.s.c.c.CharSequenceEncoder - [78dbcfd0] Writing "292. foo bar"
19:47:20.247 [XNIO-10 I/O-2] DEBUG o.s.c.c.CharSequenceEncoder - [78dbcfd0] Writing "293. foo bar"
19:47:20.247 [XNIO-10 I/O-2] DEBUG o.s.c.c.CharSequenceEncoder - [78dbcfd0] Writing "294. foo bar"
19:47:20.247 [XNIO-10 I/O-2] DEBUG o.s.c.c.CharSequenceEncoder - [78dbcfd0] Writing "295. foo bar"
19:47:20.247 [XNIO-10 I/O-2] DEBUG o.s.c.c.CharSequenceEncoder - [78dbcfd0] Writing "296. foo bar"
19:47:20.247 [XNIO-10 I/O-2] DEBUG o.s.c.c.CharSequenceEncoder - [78dbcfd0] Writing "297. foo bar"
19:47:20.248 [XNIO-10 I/O-2] DEBUG o.s.c.c.CharSequenceEncoder - [78dbcfd0] Writing "298. foo bar"
19:47:20.248 [XNIO-10 I/O-2] DEBUG o.s.c.c.CharSequenceEncoder - [78dbcfd0] Writing "299. foo bar"
19:47:20.248 [XNIO-10 I/O-2] DEBUG o.s.c.c.CharSequenceEncoder - [78dbcfd0] Writing "300. foo bar"
19:47:20.248 [XNIO-10 I/O-2] DEBUG o.s.c.c.CharSequenceEncoder - [78dbcfd0] Writing "301. foo bar"
19:47:20.248 [XNIO-10 I/O-2] DEBUG o.s.c.c.CharSequenceEncoder - [78dbcfd0] Writing "302. foo bar"
19:47:20.248 [XNIO-10 I/O-2] DEBUG o.s.c.c.CharSequenceEncoder - [78dbcfd0] Writing "303. foo bar"
19:47:20.248 [XNIO-10 I/O-2] DEBUG o.s.c.c.CharSequenceEncoder - [78dbcfd0] Writing "304. foo bar"
19:47:20.248 [XNIO-10 I/O-2] DEBUG o.s.c.c.CharSequenceEncoder - [78dbcfd0] Writing "305. foo bar"
19:47:20.248 [XNIO-10 I/O-2] DEBUG o.s.c.c.CharSequenceEncoder - [78dbcfd0] Writing "306. foo bar"
19:47:20.248 [XNIO-10 I/O-2] DEBUG o.s.c.c.CharSequenceEncoder - [78dbcfd0] Writing "307. foo bar"
19:47:20.248 [XNIO-10 I/O-2] DEBUG o.s.c.c.CharSequenceEncoder - [78dbcfd0] Writing "308. foo bar"
19:47:20.248 [XNIO-10 I/O-2] DEBUG o.s.c.c.CharSequenceEncoder - [78dbcfd0] Writing "309. foo bar"
19:47:20.248 [XNIO-10 I/O-2] DEBUG o.s.c.c.CharSequenceEncoder - [78dbcfd0] Writing "310. foo bar"
19:47:20.248 [XNIO-10 I/O-2] DEBUG o.s.c.c.CharSequenceEncoder - [78dbcfd0] Writing "311. foo bar"
19:47:20.249 [XNIO-10 I/O-2] DEBUG o.s.c.c.CharSequenceEncoder - [78dbcfd0] Writing "312. foo bar"
19:47:20.249 [XNIO-10 I/O-2] DEBUG o.s.c.c.CharSequenceEncoder - [78dbcfd0] Writing "313. foo bar"
19:47:20.249 [XNIO-10 I/O-2] DEBUG o.s.c.c.CharSequenceEncoder - [78dbcfd0] Writing "314. foo bar"
19:47:20.249 [XNIO-10 I/O-2] DEBUG o.s.c.c.CharSequenceEncoder - [78dbcfd0] Writing "315. foo bar"
19:47:20.249 [XNIO-10 I/O-2] DEBUG o.s.c.c.CharSequenceEncoder - [78dbcfd0] Writing "316. foo bar"
19:47:20.249 [XNIO-10 I/O-2] DEBUG o.s.c.c.CharSequenceEncoder - [78dbcfd0] Writing "317. foo bar"
19:47:20.249 [XNIO-10 I/O-2] DEBUG o.s.c.c.CharSequenceEncoder - [78dbcfd0] Writing "318. foo bar"
19:47:20.249 [XNIO-10 I/O-2] DEBUG o.s.c.c.CharSequenceEncoder - [78dbcfd0] Writing "319. foo bar"
19:47:20.249 [XNIO-10 I/O-2] DEBUG o.s.c.c.CharSequenceEncoder - [78dbcfd0] Writing "320. foo bar"
19:47:20.249 [XNIO-10 I/O-2] DEBUG o.s.c.c.CharSequenceEncoder - [78dbcfd0] Writing "321. foo bar"
19:47:20.249 [XNIO-10 I/O-2] DEBUG o.s.c.c.CharSequenceEncoder - [78dbcfd0] Writing "322. foo bar"
19:47:20.249 [XNIO-10 I/O-2] DEBUG o.s.c.c.CharSequenceEncoder - [78dbcfd0] Writing "323. foo bar"
19:47:20.249 [XNIO-10 I/O-2] DEBUG o.s.c.c.CharSequenceEncoder - [78dbcfd0] Writing "324. foo bar"
19:47:20.249 [XNIO-10 I/O-2] DEBUG o.s.c.c.CharSequenceEncoder - [78dbcfd0] Writing "325. foo bar"
19:47:20.249 [XNIO-10 I/O-2] DEBUG o.s.c.c.CharSequenceEncoder - [78dbcfd0] Writing "326. foo bar"
19:47:20.249 [XNIO-10 I/O-2] DEBUG o.s.c.c.CharSequenceEncoder - [78dbcfd0] Writing "327. foo bar"
19:47:20.250 [XNIO-10 I/O-2] DEBUG o.s.c.c.CharSequenceEncoder - [78dbcfd0] Writing "328. foo bar"
19:47:20.250 [XNIO-10 I/O-2] DEBUG o.s.c.c.CharSequenceEncoder - [78dbcfd0] Writing "329. foo bar"
19:47:20.250 [XNIO-10 I/O-2] DEBUG o.s.c.c.CharSequenceEncoder - [78dbcfd0] Writing "330. foo bar"
19:47:20.250 [XNIO-10 I/O-2] DEBUG o.s.c.c.CharSequenceEncoder - [78dbcfd0] Writing "331. foo bar"
19:47:20.250 [XNIO-10 I/O-2] DEBUG o.s.c.c.CharSequenceEncoder - [78dbcfd0] Writing "332. foo bar"
19:47:20.250 [XNIO-10 I/O-2] DEBUG o.s.c.c.CharSequenceEncoder - [78dbcfd0] Writing "333. foo bar"
19:47:20.250 [XNIO-10 I/O-2] DEBUG o.s.c.c.CharSequenceEncoder - [78dbcfd0] Writing "334. foo bar"
19:47:20.250 [XNIO-10 I/O-2] DEBUG o.s.c.c.CharSequenceEncoder - [78dbcfd0] Writing "335. foo bar"
19:47:20.250 [XNIO-10 I/O-2] DEBUG o.s.c.c.CharSequenceEncoder - [78dbcfd0] Writing "336. foo bar"
19:47:20.250 [XNIO-10 I/O-2] DEBUG o.s.c.c.CharSequenceEncoder - [78dbcfd0] Writing "337. foo bar"
19:47:20.250 [XNIO-10 I/O-2] DEBUG o.s.c.c.CharSequenceEncoder - [78dbcfd0] Writing "338. foo bar"
19:47:20.250 [XNIO-10 I/O-2] DEBUG o.s.c.c.CharSequenceEncoder - [78dbcfd0] Writing "339. foo bar"
19:47:20.250 [XNIO-10 I/O-2] DEBUG o.s.c.c.CharSequenceEncoder - [78dbcfd0] Writing "340. foo bar"
19:47:20.250 [XNIO-10 I/O-2] DEBUG o.s.c.c.CharSequenceEncoder - [78dbcfd0] Writing "341. foo bar"
19:47:20.251 [XNIO-10 I/O-2] DEBUG o.s.c.c.CharSequenceEncoder - [78dbcfd0] Writing "342. foo bar"
19:47:20.251 [XNIO-10 I/O-2] DEBUG o.s.c.c.CharSequenceEncoder - [78dbcfd0] Writing "343. foo bar"
19:47:20.251 [XNIO-10 I/O-2] DEBUG o.s.c.c.CharSequenceEncoder - [78dbcfd0] Writing "344. foo bar"
19:47:20.251 [XNIO-10 I/O-2] DEBUG o.s.c.c.CharSequenceEncoder - [78dbcfd0] Writing "345. foo bar"
19:47:20.251 [XNIO-10 I/O-2] DEBUG o.s.c.c.CharSequenceEncoder - [78dbcfd0] Writing "346. foo bar"
19:47:20.251 [XNIO-10 I/O-2] DEBUG o.s.c.c.CharSequenceEncoder - [78dbcfd0] Writing "347. foo bar"
19:47:20.251 [XNIO-10 I/O-2] DEBUG o.s.c.c.CharSequenceEncoder - [78dbcfd0] Writing "348. foo bar"
19:47:20.251 [XNIO-10 I/O-2] DEBUG o.s.c.c.CharSequenceEncoder - [78dbcfd0] Writing "349. foo bar"
19:47:20.251 [XNIO-10 I/O-2] DEBUG o.s.c.c.CharSequenceEncoder - [78dbcfd0] Writing "350. foo bar"
19:47:20.251 [XNIO-10 I/O-2] DEBUG o.s.c.c.CharSequenceEncoder - [78dbcfd0] Writing "351. foo bar"
19:47:20.251 [XNIO-10 I/O-2] DEBUG o.s.c.c.CharSequenceEncoder - [78dbcfd0] Writing "352. foo bar"
19:47:20.251 [XNIO-10 I/O-2] DEBUG o.s.c.c.CharSequenceEncoder - [78dbcfd0] Writing "353. foo bar"
19:47:20.251 [XNIO-10 I/O-2] DEBUG o.s.c.c.CharSequenceEncoder - [78dbcfd0] Writing "354. foo bar"
19:47:20.252 [XNIO-10 I/O-2] DEBUG o.s.c.c.CharSequenceEncoder - [78dbcfd0] Writing "355. foo bar"
19:47:20.252 [XNIO-10 I/O-2] DEBUG o.s.c.c.CharSequenceEncoder - [78dbcfd0] Writing "356. foo bar"
19:47:20.252 [XNIO-10 I/O-2] DEBUG o.s.c.c.CharSequenceEncoder - [78dbcfd0] Writing "357. foo bar"
19:47:20.252 [XNIO-10 I/O-2] DEBUG o.s.c.c.CharSequenceEncoder - [78dbcfd0] Writing "358. foo bar"
19:47:20.252 [XNIO-10 I/O-2] DEBUG o.s.c.c.CharSequenceEncoder - [78dbcfd0] Writing "359. foo bar"
19:47:20.252 [XNIO-10 I/O-2] DEBUG o.s.c.c.CharSequenceEncoder - [78dbcfd0] Writing "360. foo bar"
19:47:20.252 [XNIO-10 I/O-2] DEBUG o.s.c.c.CharSequenceEncoder - [78dbcfd0] Writing "361. foo bar"
19:47:20.252 [XNIO-10 I/O-2] DEBUG o.s.c.c.CharSequenceEncoder - [78dbcfd0] Writing "362. foo bar"
19:47:20.252 [XNIO-10 I/O-2] DEBUG o.s.c.c.CharSequenceEncoder - [78dbcfd0] Writing "363. foo bar"
19:47:20.252 [XNIO-10 I/O-2] DEBUG o.s.c.c.CharSequenceEncoder - [78dbcfd0] Writing "364. foo bar"
19:47:20.252 [XNIO-10 I/O-2] DEBUG o.s.c.c.CharSequenceEncoder - [78dbcfd0] Writing "365. foo bar"
19:47:20.252 [XNIO-10 I/O-2] DEBUG o.s.c.c.CharSequenceEncoder - [78dbcfd0] Writing "366. foo bar"
19:47:20.252 [XNIO-10 I/O-2] DEBUG o.s.c.c.CharSequenceEncoder - [78dbcfd0] Writing "367. foo bar"
19:47:20.252 [XNIO-10 I/O-2] DEBUG o.s.c.c.CharSequenceEncoder - [78dbcfd0] Writing "368. foo bar"
19:47:20.253 [XNIO-10 I/O-2] DEBUG o.s.c.c.CharSequenceEncoder - [78dbcfd0] Writing "369. foo bar"
19:47:20.253 [XNIO-10 I/O-2] DEBUG o.s.c.c.CharSequenceEncoder - [78dbcfd0] Writing "370. foo bar"
19:47:20.253 [XNIO-10 I/O-2] DEBUG o.s.c.c.CharSequenceEncoder - [78dbcfd0] Writing "371. foo bar"
19:47:20.253 [XNIO-10 I/O-2] DEBUG o.s.c.c.CharSequenceEncoder - [78dbcfd0] Writing "372. foo bar"
19:47:20.253 [XNIO-10 I/O-2] DEBUG o.s.c.c.CharSequenceEncoder - [78dbcfd0] Writing "373. foo bar"
19:47:20.253 [XNIO-10 I/O-2] DEBUG o.s.c.c.CharSequenceEncoder - [78dbcfd0] Writing "374. foo bar"
19:47:20.253 [XNIO-10 I/O-2] DEBUG o.s.c.c.CharSequenceEncoder - [78dbcfd0] Writing "375. foo bar"
19:47:20.253 [XNIO-10 I/O-2] DEBUG o.s.c.c.CharSequenceEncoder - [78dbcfd0] Writing "376. foo bar"
19:47:20.253 [XNIO-10 I/O-2] DEBUG o.s.c.c.CharSequenceEncoder - [78dbcfd0] Writing "377. foo bar"
19:47:20.253 [XNIO-10 I/O-2] DEBUG o.s.c.c.CharSequenceEncoder - [78dbcfd0] Writing "378. foo bar"
19:47:20.253 [XNIO-10 I/O-2] DEBUG o.s.c.c.CharSequenceEncoder - [78dbcfd0] Writing "379. foo bar"
19:47:20.253 [XNIO-10 I/O-2] DEBUG o.s.c.c.CharSequenceEncoder - [78dbcfd0] Writing "380. foo bar"
19:47:20.253 [XNIO-10 I/O-2] DEBUG o.s.c.c.CharSequenceEncoder - [78dbcfd0] Writing "381. foo bar"
19:47:20.254 [XNIO-10 I/O-2] DEBUG o.s.c.c.CharSequenceEncoder - [78dbcfd0] Writing "382. foo bar"
19:47:20.254 [XNIO-10 I/O-2] DEBUG o.s.c.c.CharSequenceEncoder - [78dbcfd0] Writing "383. foo bar"
19:47:20.254 [XNIO-10 I/O-2] DEBUG o.s.c.c.CharSequenceEncoder - [78dbcfd0] Writing "384. foo bar"
19:47:20.254 [XNIO-10 I/O-2] DEBUG o.s.c.c.CharSequenceEncoder - [78dbcfd0] Writing "385. foo bar"
19:47:20.254 [XNIO-10 I/O-2] DEBUG o.s.c.c.CharSequenceEncoder - [78dbcfd0] Writing "386. foo bar"
19:47:20.254 [XNIO-10 I/O-2] DEBUG o.s.c.c.CharSequenceEncoder - [78dbcfd0] Writing "387. foo bar"
19:47:20.254 [XNIO-10 I/O-2] DEBUG o.s.c.c.CharSequenceEncoder - [78dbcfd0] Writing "388. foo bar"
19:47:20.254 [XNIO-10 I/O-2] DEBUG o.s.c.c.CharSequenceEncoder - [78dbcfd0] Writing "389. foo bar"
19:47:20.254 [XNIO-10 I/O-2] DEBUG o.s.c.c.CharSequenceEncoder - [78dbcfd0] Writing "390. foo bar"
19:47:20.254 [XNIO-10 I/O-2] DEBUG o.s.c.c.CharSequenceEncoder - [78dbcfd0] Writing "391. foo bar"
19:47:20.254 [XNIO-10 I/O-2] DEBUG o.s.c.c.CharSequenceEncoder - [78dbcfd0] Writing "392. foo bar"
19:47:20.254 [XNIO-10 I/O-2] DEBUG o.s.c.c.CharSequenceEncoder - [78dbcfd0] Writing "393. foo bar"
19:47:20.254 [XNIO-10 I/O-2] DEBUG o.s.c.c.CharSequenceEncoder - [78dbcfd0] Writing "394. foo bar"
19:47:20.254 [XNIO-10 I/O-2] DEBUG o.s.c.c.CharSequenceEncoder - [78dbcfd0] Writing "395. foo bar"
19:47:20.255 [XNIO-10 I/O-2] DEBUG o.s.c.c.CharSequenceEncoder - [78dbcfd0] Writing "396. foo bar"
19:47:20.255 [XNIO-10 I/O-2] DEBUG o.s.c.c.CharSequenceEncoder - [78dbcfd0] Writing "397. foo bar"
19:47:20.255 [XNIO-10 I/O-2] DEBUG o.s.c.c.CharSequenceEncoder - [78dbcfd0] Writing "398. foo bar"
19:47:20.255 [XNIO-10 I/O-2] DEBUG o.s.c.c.CharSequenceEncoder - [78dbcfd0] Writing "399. foo bar"
19:47:20.255 [XNIO-10 I/O-2] DEBUG o.s.c.c.CharSequenceEncoder - [78dbcfd0] Writing "400. foo bar"
19:47:20.255 [XNIO-10 I/O-2] DEBUG o.s.c.c.CharSequenceEncoder - [78dbcfd0] Writing "401. foo bar"
19:47:20.255 [XNIO-10 I/O-2] DEBUG o.s.c.c.CharSequenceEncoder - [78dbcfd0] Writing "402. foo bar"
19:47:20.255 [XNIO-10 I/O-2] DEBUG o.s.c.c.CharSequenceEncoder - [78dbcfd0] Writing "403. foo bar"
19:47:20.255 [XNIO-10 I/O-2] DEBUG o.s.c.c.CharSequenceEncoder - [78dbcfd0] Writing "404. foo bar"
19:47:20.255 [XNIO-10 I/O-2] DEBUG o.s.c.c.CharSequenceEncoder - [78dbcfd0] Writing "405. foo bar"
19:47:20.255 [XNIO-10 I/O-2] DEBUG o.s.c.c.CharSequenceEncoder - [78dbcfd0] Writing "406. foo bar"
19:47:20.255 [XNIO-10 I/O-2] DEBUG o.s.c.c.CharSequenceEncoder - [78dbcfd0] Writing "407. foo bar"
19:47:20.255 [XNIO-10 I/O-2] DEBUG o.s.c.c.CharSequenceEncoder - [78dbcfd0] Writing "408. foo bar"
19:47:20.255 [XNIO-10 I/O-2] DEBUG o.s.c.c.CharSequenceEncoder - [78dbcfd0] Writing "409. foo bar"
19:47:20.256 [XNIO-10 I/O-2] DEBUG o.s.c.c.CharSequenceEncoder - [78dbcfd0] Writing "410. foo bar"
19:47:20.256 [XNIO-10 I/O-2] DEBUG o.s.c.c.CharSequenceEncoder - [78dbcfd0] Writing "411. foo bar"
19:47:20.256 [XNIO-10 I/O-2] DEBUG o.s.c.c.CharSequenceEncoder - [78dbcfd0] Writing "412. foo bar"
19:47:20.256 [XNIO-10 I/O-2] DEBUG o.s.c.c.CharSequenceEncoder - [78dbcfd0] Writing "413. foo bar"
19:47:20.256 [XNIO-10 I/O-2] DEBUG o.s.c.c.CharSequenceEncoder - [78dbcfd0] Writing "414. foo bar"
19:47:20.256 [XNIO-10 I/O-2] DEBUG o.s.c.c.CharSequenceEncoder - [78dbcfd0] Writing "415. foo bar"
19:47:20.256 [XNIO-10 I/O-2] DEBUG o.s.c.c.CharSequenceEncoder - [78dbcfd0] Writing "416. foo bar"
19:47:20.256 [XNIO-10 I/O-2] DEBUG o.s.c.c.CharSequenceEncoder - [78dbcfd0] Writing "417. foo bar"
19:47:20.256 [XNIO-10 I/O-2] DEBUG o.s.c.c.CharSequenceEncoder - [78dbcfd0] Writing "418. foo bar"
19:47:20.256 [XNIO-10 I/O-2] DEBUG o.s.c.c.CharSequenceEncoder - [78dbcfd0] Writing "419. foo bar"
19:47:20.256 [XNIO-10 I/O-2] DEBUG o.s.c.c.CharSequenceEncoder - [78dbcfd0] Writing "420. foo bar"
19:47:20.256 [XNIO-10 I/O-2] DEBUG o.s.c.c.CharSequenceEncoder - [78dbcfd0] Writing "421. foo bar"
19:47:20.256 [XNIO-10 I/O-2] DEBUG o.s.c.c.CharSequenceEncoder - [78dbcfd0] Writing "422. foo bar"
19:47:20.256 [XNIO-10 I/O-2] DEBUG o.s.c.c.CharSequenceEncoder - [78dbcfd0] Writing "423. foo bar"
19:47:20.256 [XNIO-10 I/O-2] DEBUG o.s.c.c.CharSequenceEncoder - [78dbcfd0] Writing "424. foo bar"
19:47:20.257 [XNIO-10 I/O-2] DEBUG o.s.c.c.CharSequenceEncoder - [78dbcfd0] Writing "425. foo bar"
19:47:20.257 [XNIO-10 I/O-2] DEBUG o.s.c.c.CharSequenceEncoder - [78dbcfd0] Writing "426. foo bar"
19:47:20.257 [XNIO-10 I/O-2] DEBUG o.s.c.c.CharSequenceEncoder - [78dbcfd0] Writing "427. foo bar"
19:47:20.257 [XNIO-10 I/O-2] DEBUG o.s.c.c.CharSequenceEncoder - [78dbcfd0] Writing "428. foo bar"
19:47:20.257 [XNIO-10 I/O-2] DEBUG o.s.c.c.CharSequenceEncoder - [78dbcfd0] Writing "429. foo bar"
19:47:20.257 [XNIO-10 I/O-2] DEBUG o.s.c.c.CharSequenceEncoder - [78dbcfd0] Writing "430. foo bar"
19:47:20.257 [XNIO-10 I/O-2] DEBUG o.s.c.c.CharSequenceEncoder - [78dbcfd0] Writing "431. foo bar"
19:47:20.257 [XNIO-10 I/O-2] DEBUG o.s.c.c.CharSequenceEncoder - [78dbcfd0] Writing "432. foo bar"
19:47:20.257 [XNIO-10 I/O-2] DEBUG o.s.c.c.CharSequenceEncoder - [78dbcfd0] Writing "433. foo bar"
19:47:20.257 [XNIO-10 I/O-2] DEBUG o.s.c.c.CharSequenceEncoder - [78dbcfd0] Writing "434. foo bar"
19:47:20.257 [XNIO-10 I/O-2] DEBUG o.s.c.c.CharSequenceEncoder - [78dbcfd0] Writing "435. foo bar"
19:47:20.257 [XNIO-10 I/O-2] DEBUG o.s.c.c.CharSequenceEncoder - [78dbcfd0] Writing "436. foo bar"
19:47:20.257 [XNIO-10 I/O-2] DEBUG o.s.c.c.CharSequenceEncoder - [78dbcfd0] Writing "437. foo bar"
19:47:20.257 [XNIO-10 I/O-2] DEBUG o.s.c.c.CharSequenceEncoder - [78dbcfd0] Writing "438. foo bar"
19:47:20.257 [XNIO-10 I/O-2] DEBUG o.s.c.c.CharSequenceEncoder - [78dbcfd0] Writing "439. foo bar"
19:47:20.258 [XNIO-10 I/O-2] DEBUG o.s.c.c.CharSequenceEncoder - [78dbcfd0] Writing "440. foo bar"
19:47:20.258 [XNIO-10 I/O-2] DEBUG o.s.c.c.CharSequenceEncoder - [78dbcfd0] Writing "441. foo bar"
19:47:20.258 [XNIO-10 I/O-2] DEBUG o.s.c.c.CharSequenceEncoder - [78dbcfd0] Writing "442. foo bar"
19:47:20.258 [XNIO-10 I/O-2] DEBUG o.s.c.c.CharSequenceEncoder - [78dbcfd0] Writing "443. foo bar"
19:47:20.258 [XNIO-10 I/O-2] DEBUG o.s.c.c.CharSequenceEncoder - [78dbcfd0] Writing "444. foo bar"
19:47:20.258 [XNIO-10 I/O-2] DEBUG o.s.c.c.CharSequenceEncoder - [78dbcfd0] Writing "445. foo bar"
19:47:20.258 [XNIO-10 I/O-2] DEBUG o.s.c.c.CharSequenceEncoder - [78dbcfd0] Writing "446. foo bar"
19:47:20.258 [XNIO-10 I/O-2] DEBUG o.s.c.c.CharSequenceEncoder - [78dbcfd0] Writing "447. foo bar"
19:47:20.258 [XNIO-10 I/O-2] DEBUG o.s.c.c.CharSequenceEncoder - [78dbcfd0] Writing "448. foo bar"
19:47:20.258 [XNIO-10 I/O-2] DEBUG o.s.c.c.CharSequenceEncoder - [78dbcfd0] Writing "449. foo bar"
19:47:20.258 [XNIO-10 I/O-2] DEBUG o.s.c.c.CharSequenceEncoder - [78dbcfd0] Writing "450. foo bar"
19:47:20.258 [XNIO-10 I/O-2] DEBUG o.s.c.c.CharSequenceEncoder - [78dbcfd0] Writing "451. foo bar"
19:47:20.258 [XNIO-10 I/O-2] DEBUG o.s.c.c.CharSequenceEncoder - [78dbcfd0] Writing "452. foo bar"
19:47:20.258 [XNIO-10 I/O-2] DEBUG o.s.c.c.CharSequenceEncoder - [78dbcfd0] Writing "453. foo bar"
19:47:20.259 [XNIO-10 I/O-2] DEBUG o.s.c.c.CharSequenceEncoder - [78dbcfd0] Writing "454. foo bar"
19:47:20.259 [XNIO-10 I/O-2] DEBUG o.s.c.c.CharSequenceEncoder - [78dbcfd0] Writing "455. foo bar"
19:47:20.259 [XNIO-10 I/O-2] DEBUG o.s.c.c.CharSequenceEncoder - [78dbcfd0] Writing "456. foo bar"
19:47:20.259 [XNIO-10 I/O-2] DEBUG o.s.c.c.CharSequenceEncoder - [78dbcfd0] Writing "457. foo bar"
19:47:20.259 [XNIO-10 I/O-2] DEBUG o.s.c.c.CharSequenceEncoder - [78dbcfd0] Writing "458. foo bar"
19:47:20.259 [XNIO-10 I/O-2] DEBUG o.s.c.c.CharSequenceEncoder - [78dbcfd0] Writing "459. foo bar"
19:47:20.259 [XNIO-10 I/O-2] DEBUG o.s.c.c.CharSequenceEncoder - [78dbcfd0] Writing "460. foo bar"
19:47:20.259 [XNIO-10 I/O-2] DEBUG o.s.c.c.CharSequenceEncoder - [78dbcfd0] Writing "461. foo bar"
19:47:20.259 [XNIO-10 I/O-2] DEBUG o.s.c.c.CharSequenceEncoder - [78dbcfd0] Writing "462. foo bar"
19:47:20.259 [XNIO-10 I/O-2] DEBUG o.s.c.c.CharSequenceEncoder - [78dbcfd0] Writing "463. foo bar"
19:47:20.259 [XNIO-10 I/O-2] DEBUG o.s.c.c.CharSequenceEncoder - [78dbcfd0] Writing "464. foo bar"
19:47:20.259 [XNIO-10 I/O-2] DEBUG o.s.c.c.CharSequenceEncoder - [78dbcfd0] Writing "465. foo bar"
19:47:20.259 [XNIO-10 I/O-2] DEBUG o.s.c.c.CharSequenceEncoder - [78dbcfd0] Writing "466. foo bar"
19:47:20.259 [XNIO-10 I/O-2] DEBUG o.s.c.c.CharSequenceEncoder - [78dbcfd0] Writing "467. foo bar"
19:47:20.259 [XNIO-10 I/O-2] DEBUG o.s.c.c.CharSequenceEncoder - [78dbcfd0] Writing "468. foo bar"
19:47:20.260 [XNIO-10 I/O-2] DEBUG o.s.c.c.CharSequenceEncoder - [78dbcfd0] Writing "469. foo bar"
19:47:20.260 [XNIO-10 I/O-2] DEBUG o.s.c.c.CharSequenceEncoder - [78dbcfd0] Writing "470. foo bar"
19:47:20.260 [XNIO-10 I/O-2] DEBUG o.s.c.c.CharSequenceEncoder - [78dbcfd0] Writing "471. foo bar"
19:47:20.260 [XNIO-10 I/O-2] DEBUG o.s.c.c.CharSequenceEncoder - [78dbcfd0] Writing "472. foo bar"
19:47:20.260 [XNIO-10 I/O-2] DEBUG o.s.c.c.CharSequenceEncoder - [78dbcfd0] Writing "473. foo bar"
19:47:20.260 [XNIO-10 I/O-2] DEBUG o.s.c.c.CharSequenceEncoder - [78dbcfd0] Writing "474. foo bar"
19:47:20.260 [XNIO-10 I/O-2] DEBUG o.s.c.c.CharSequenceEncoder - [78dbcfd0] Writing "475. foo bar"
19:47:20.260 [XNIO-10 I/O-2] DEBUG o.s.c.c.CharSequenceEncoder - [78dbcfd0] Writing "476. foo bar"
19:47:20.260 [XNIO-10 I/O-2] DEBUG o.s.c.c.CharSequenceEncoder - [78dbcfd0] Writing "477. foo bar"
19:47:20.261 [XNIO-10 I/O-2] DEBUG o.s.c.c.CharSequenceEncoder - [78dbcfd0] Writing "478. foo bar"
19:47:20.261 [XNIO-10 I/O-2] DEBUG o.s.c.c.CharSequenceEncoder - [78dbcfd0] Writing "479. foo bar"
19:47:20.261 [XNIO-10 I/O-2] DEBUG o.s.c.c.CharSequenceEncoder - [78dbcfd0] Writing "480. foo bar"
19:47:20.261 [XNIO-10 I/O-2] DEBUG o.s.c.c.CharSequenceEncoder - [78dbcfd0] Writing "481. foo bar"
19:47:20.261 [XNIO-10 I/O-2] DEBUG o.s.c.c.CharSequenceEncoder - [78dbcfd0] Writing "482. foo bar"
19:47:20.261 [XNIO-10 I/O-2] DEBUG o.s.c.c.CharSequenceEncoder - [78dbcfd0] Writing "483. foo bar"
19:47:20.261 [XNIO-10 I/O-2] DEBUG o.s.c.c.CharSequenceEncoder - [78dbcfd0] Writing "484. foo bar"
19:47:20.262 [XNIO-10 I/O-2] DEBUG o.s.c.c.CharSequenceEncoder - [78dbcfd0] Writing "485. foo bar"
19:47:20.262 [XNIO-10 I/O-2] DEBUG o.s.c.c.CharSequenceEncoder - [78dbcfd0] Writing "486. foo bar"
19:47:20.262 [XNIO-10 I/O-2] DEBUG o.s.c.c.CharSequenceEncoder - [78dbcfd0] Writing "487. foo bar"
19:47:20.262 [XNIO-10 I/O-2] DEBUG o.s.c.c.CharSequenceEncoder - [78dbcfd0] Writing "488. foo bar"
19:47:20.262 [XNIO-10 I/O-2] DEBUG o.s.c.c.CharSequenceEncoder - [78dbcfd0] Writing "489. foo bar"
19:47:20.262 [XNIO-10 I/O-2] DEBUG o.s.c.c.CharSequenceEncoder - [78dbcfd0] Writing "490. foo bar"
19:47:20.262 [XNIO-10 I/O-2] DEBUG o.s.c.c.CharSequenceEncoder - [78dbcfd0] Writing "491. foo bar"
19:47:20.263 [XNIO-10 I/O-2] DEBUG o.s.c.c.CharSequenceEncoder - [78dbcfd0] Writing "492. foo bar"
19:47:20.263 [XNIO-10 I/O-2] DEBUG o.s.c.c.CharSequenceEncoder - [78dbcfd0] Writing "493. foo bar"
19:47:20.263 [XNIO-10 I/O-2] DEBUG o.s.c.c.CharSequenceEncoder - [78dbcfd0] Writing "494. foo bar"
19:47:20.263 [XNIO-10 I/O-2] DEBUG o.s.c.c.CharSequenceEncoder - [78dbcfd0] Writing "495. foo bar"
19:47:20.263 [XNIO-10 I/O-2] DEBUG o.s.c.c.CharSequenceEncoder - [78dbcfd0] Writing "496. foo bar"
19:47:20.263 [XNIO-10 I/O-2] DEBUG o.s.c.c.CharSequenceEncoder - [78dbcfd0] Writing "497. foo bar"
19:47:20.263 [XNIO-10 I/O-2] DEBUG o.s.c.c.CharSequenceEncoder - [78dbcfd0] Writing "498. foo bar"
19:47:20.263 [XNIO-10 I/O-2] DEBUG o.s.c.c.CharSequenceEncoder - [78dbcfd0] Writing "499. foo bar"
19:47:20.263 [XNIO-10 I/O-2] DEBUG o.s.c.c.CharSequenceEncoder - [78dbcfd0] Writing "500. foo bar"
19:47:20.263 [XNIO-10 I/O-2] DEBUG o.s.c.c.CharSequenceEncoder - [78dbcfd0] Writing "501. foo bar"
19:47:20.264 [XNIO-10 I/O-2] DEBUG o.s.c.c.CharSequenceEncoder - [78dbcfd0] Writing "502. foo bar"
19:47:20.264 [XNIO-10 I/O-2] DEBUG o.s.c.c.CharSequenceEncoder - [78dbcfd0] Writing "503. foo bar"
19:47:20.264 [XNIO-10 I/O-2] DEBUG o.s.c.c.CharSequenceEncoder - [78dbcfd0] Writing "504. foo bar"
19:47:20.264 [XNIO-10 I/O-2] DEBUG o.s.c.c.CharSequenceEncoder - [78dbcfd0] Writing "505. foo bar"
19:47:20.264 [XNIO-10 I/O-2] DEBUG o.s.c.c.CharSequenceEncoder - [78dbcfd0] Writing "506. foo bar"
19:47:20.264 [XNIO-10 I/O-2] DEBUG o.s.c.c.CharSequenceEncoder - [78dbcfd0] Writing "507. foo bar"
19:47:20.264 [XNIO-10 I/O-2] DEBUG o.s.c.c.CharSequenceEncoder - [78dbcfd0] Writing "508. foo bar"
19:47:20.265 [XNIO-10 I/O-2] DEBUG o.s.c.c.CharSequenceEncoder - [78dbcfd0] Writing "509. foo bar"
19:47:20.265 [XNIO-10 I/O-2] DEBUG o.s.c.c.CharSequenceEncoder - [78dbcfd0] Writing "510. foo bar"
19:47:20.265 [XNIO-10 I/O-2] DEBUG o.s.c.c.CharSequenceEncoder - [78dbcfd0] Writing "511. foo bar"
19:47:20.265 [XNIO-10 I/O-2] DEBUG o.s.c.c.CharSequenceEncoder - [78dbcfd0] Writing "512. foo bar"
19:47:20.266 [XNIO-10 I/O-2] DEBUG o.s.c.c.CharSequenceEncoder - [78dbcfd0] Writing "513. foo bar"
19:47:20.266 [XNIO-10 I/O-2] DEBUG o.s.c.c.CharSequenceEncoder - [78dbcfd0] Writing "514. foo bar"
19:47:20.266 [XNIO-10 I/O-2] DEBUG o.s.c.c.CharSequenceEncoder - [78dbcfd0] Writing "515. foo bar"
19:47:20.266 [XNIO-10 I/O-2] DEBUG o.s.c.c.CharSequenceEncoder - [78dbcfd0] Writing "516. foo bar"
19:47:20.266 [XNIO-10 I/O-2] DEBUG o.s.c.c.CharSequenceEncoder - [78dbcfd0] Writing "517. foo bar"
19:47:20.266 [XNIO-10 I/O-2] DEBUG o.s.c.c.CharSequenceEncoder - [78dbcfd0] Writing "518. foo bar"
19:47:20.266 [XNIO-10 I/O-2] DEBUG o.s.c.c.CharSequenceEncoder - [78dbcfd0] Writing "519. foo bar"
19:47:20.266 [XNIO-10 I/O-2] DEBUG o.s.c.c.CharSequenceEncoder - [78dbcfd0] Writing "520. foo bar"
19:47:20.266 [XNIO-10 I/O-2] DEBUG o.s.c.c.CharSequenceEncoder - [78dbcfd0] Writing "521. foo bar"
19:47:20.266 [XNIO-10 I/O-2] DEBUG o.s.c.c.CharSequenceEncoder - [78dbcfd0] Writing "522. foo bar"
19:47:20.267 [XNIO-10 I/O-2] DEBUG o.s.c.c.CharSequenceEncoder - [78dbcfd0] Writing "523. foo bar"
19:47:20.267 [XNIO-10 I/O-2] DEBUG o.s.c.c.CharSequenceEncoder - [78dbcfd0] Writing "524. foo bar"
19:47:20.267 [XNIO-10 I/O-2] DEBUG o.s.c.c.CharSequenceEncoder - [78dbcfd0] Writing "525. foo bar"
19:47:20.267 [XNIO-10 I/O-2] DEBUG o.s.c.c.CharSequenceEncoder - [78dbcfd0] Writing "526. foo bar"
19:47:20.267 [XNIO-10 I/O-2] DEBUG o.s.c.c.CharSequenceEncoder - [78dbcfd0] Writing "527. foo bar"
19:47:20.267 [XNIO-10 I/O-2] DEBUG o.s.c.c.CharSequenceEncoder - [78dbcfd0] Writing "528. foo bar"
19:47:20.267 [XNIO-10 I/O-2] DEBUG o.s.c.c.CharSequenceEncoder - [78dbcfd0] Writing "529. foo bar"
19:47:20.267 [XNIO-10 I/O-2] DEBUG o.s.c.c.CharSequenceEncoder - [78dbcfd0] Writing "530. foo bar"
19:47:20.267 [XNIO-10 I/O-2] DEBUG o.s.c.c.CharSequenceEncoder - [78dbcfd0] Writing "531. foo bar"
19:47:20.267 [XNIO-10 I/O-2] DEBUG o.s.c.c.CharSequenceEncoder - [78dbcfd0] Writing "532. foo bar"
19:47:20.268 [XNIO-10 I/O-2] DEBUG o.s.c.c.CharSequenceEncoder - [78dbcfd0] Writing "533. foo bar"
19:47:20.268 [XNIO-10 I/O-2] DEBUG o.s.c.c.CharSequenceEncoder - [78dbcfd0] Writing "534. foo bar"
19:47:20.268 [XNIO-10 I/O-2] DEBUG o.s.c.c.CharSequenceEncoder - [78dbcfd0] Writing "535. foo bar"
19:47:20.268 [XNIO-10 I/O-2] DEBUG o.s.c.c.CharSequenceEncoder - [78dbcfd0] Writing "536. foo bar"
19:47:20.268 [XNIO-10 I/O-2] DEBUG o.s.c.c.CharSequenceEncoder - [78dbcfd0] Writing "537. foo bar"
19:47:20.268 [XNIO-10 I/O-2] DEBUG o.s.c.c.CharSequenceEncoder - [78dbcfd0] Writing "538. foo bar"
19:47:20.268 [XNIO-10 I/O-2] DEBUG o.s.c.c.CharSequenceEncoder - [78dbcfd0] Writing "539. foo bar"
19:47:20.268 [XNIO-10 I/O-2] DEBUG o.s.c.c.CharSequenceEncoder - [78dbcfd0] Writing "540. foo bar"
19:47:20.268 [XNIO-10 I/O-2] DEBUG o.s.c.c.CharSequenceEncoder - [78dbcfd0] Writing "541. foo bar"
19:47:20.268 [XNIO-10 I/O-2] DEBUG o.s.c.c.CharSequenceEncoder - [78dbcfd0] Writing "542. foo bar"
19:47:20.268 [XNIO-10 I/O-2] DEBUG o.s.c.c.CharSequenceEncoder - [78dbcfd0] Writing "543. foo bar"
19:47:20.268 [XNIO-10 I/O-2] DEBUG o.s.c.c.CharSequenceEncoder - [78dbcfd0] Writing "544. foo bar"
19:47:20.269 [XNIO-10 I/O-2] DEBUG o.s.c.c.CharSequenceEncoder - [78dbcfd0] Writing "545. foo bar"
19:47:20.269 [XNIO-10 I/O-2] DEBUG o.s.c.c.CharSequenceEncoder - [78dbcfd0] Writing "546. foo bar"
19:47:20.269 [XNIO-10 I/O-2] DEBUG o.s.c.c.CharSequenceEncoder - [78dbcfd0] Writing "547. foo bar"
19:47:20.269 [XNIO-10 I/O-2] DEBUG o.s.c.c.CharSequenceEncoder - [78dbcfd0] Writing "548. foo bar"
19:47:20.269 [XNIO-10 I/O-2] DEBUG o.s.c.c.CharSequenceEncoder - [78dbcfd0] Writing "549. foo bar"
19:47:20.269 [XNIO-10 I/O-2] DEBUG o.s.c.c.CharSequenceEncoder - [78dbcfd0] Writing "550. foo bar"
19:47:20.269 [XNIO-10 I/O-2] DEBUG o.s.c.c.CharSequenceEncoder - [78dbcfd0] Writing "551. foo bar"
19:47:20.269 [XNIO-10 I/O-2] DEBUG o.s.c.c.CharSequenceEncoder - [78dbcfd0] Writing "552. foo bar"
19:47:20.269 [XNIO-10 I/O-2] DEBUG o.s.c.c.CharSequenceEncoder - [78dbcfd0] Writing "553. foo bar"
19:47:20.269 [XNIO-10 I/O-2] DEBUG o.s.c.c.CharSequenceEncoder - [78dbcfd0] Writing "554. foo bar"
19:47:20.269 [XNIO-10 I/O-2] DEBUG o.s.c.c.CharSequenceEncoder - [78dbcfd0] Writing "555. foo bar"
19:47:20.270 [XNIO-10 I/O-2] DEBUG o.s.c.c.CharSequenceEncoder - [78dbcfd0] Writing "556. foo bar"
19:47:20.270 [XNIO-10 I/O-2] DEBUG o.s.c.c.CharSequenceEncoder - [78dbcfd0] Writing "557. foo bar"
19:47:20.270 [XNIO-10 I/O-2] DEBUG o.s.c.c.CharSequenceEncoder - [78dbcfd0] Writing "558. foo bar"
19:47:20.270 [XNIO-10 I/O-2] DEBUG o.s.c.c.CharSequenceEncoder - [78dbcfd0] Writing "559. foo bar"
19:47:20.270 [XNIO-10 I/O-2] DEBUG o.s.c.c.CharSequenceEncoder - [78dbcfd0] Writing "560. foo bar"
19:47:20.270 [XNIO-10 I/O-2] DEBUG o.s.c.c.CharSequenceEncoder - [78dbcfd0] Writing "561. foo bar"
19:47:20.270 [XNIO-10 I/O-2] DEBUG o.s.c.c.CharSequenceEncoder - [78dbcfd0] Writing "562. foo bar"
19:47:20.271 [XNIO-10 I/O-2] DEBUG o.s.c.c.CharSequenceEncoder - [78dbcfd0] Writing "563. foo bar"
19:47:20.271 [XNIO-10 I/O-2] DEBUG o.s.c.c.CharSequenceEncoder - [78dbcfd0] Writing "564. foo bar"
19:47:20.271 [XNIO-10 I/O-2] DEBUG o.s.c.c.CharSequenceEncoder - [78dbcfd0] Writing "565. foo bar"
19:47:20.271 [XNIO-10 I/O-2] DEBUG o.s.c.c.CharSequenceEncoder - [78dbcfd0] Writing "566. foo bar"
19:47:20.271 [XNIO-10 I/O-2] DEBUG o.s.c.c.CharSequenceEncoder - [78dbcfd0] Writing "567. foo bar"
19:47:20.271 [XNIO-10 I/O-2] DEBUG o.s.c.c.CharSequenceEncoder - [78dbcfd0] Writing "568. foo bar"
19:47:20.271 [XNIO-10 I/O-2] DEBUG o.s.c.c.CharSequenceEncoder - [78dbcfd0] Writing "569. foo bar"
19:47:20.271 [XNIO-10 I/O-2] DEBUG o.s.c.c.CharSequenceEncoder - [78dbcfd0] Writing "570. foo bar"
19:47:20.271 [XNIO-10 I/O-2] DEBUG o.s.c.c.CharSequenceEncoder - [78dbcfd0] Writing "571. foo bar"
19:47:20.272 [XNIO-10 I/O-2] DEBUG o.s.c.c.CharSequenceEncoder - [78dbcfd0] Writing "572. foo bar"
19:47:20.272 [XNIO-10 I/O-2] DEBUG o.s.c.c.CharSequenceEncoder - [78dbcfd0] Writing "573. foo bar"
19:47:20.272 [XNIO-10 I/O-2] DEBUG o.s.c.c.CharSequenceEncoder - [78dbcfd0] Writing "574. foo bar"
19:47:20.272 [XNIO-10 I/O-2] DEBUG o.s.c.c.CharSequenceEncoder - [78dbcfd0] Writing "575. foo bar"
19:47:20.272 [XNIO-10 I/O-2] DEBUG o.s.c.c.CharSequenceEncoder - [78dbcfd0] Writing "576. foo bar"
19:47:20.272 [XNIO-10 I/O-2] DEBUG o.s.c.c.CharSequenceEncoder - [78dbcfd0] Writing "577. foo bar"
19:47:20.272 [XNIO-10 I/O-2] DEBUG o.s.c.c.CharSequenceEncoder - [78dbcfd0] Writing "578. foo bar"
19:47:20.272 [XNIO-10 I/O-2] DEBUG o.s.c.c.CharSequenceEncoder - [78dbcfd0] Writing "579. foo bar"
19:47:20.272 [XNIO-10 I/O-2] DEBUG o.s.c.c.CharSequenceEncoder - [78dbcfd0] Writing "580. foo bar"
19:47:20.272 [XNIO-10 I/O-2] DEBUG o.s.c.c.CharSequenceEncoder - [78dbcfd0] Writing "581. foo bar"
19:47:20.273 [XNIO-10 I/O-2] DEBUG o.s.c.c.CharSequenceEncoder - [78dbcfd0] Writing "582. foo bar"
19:47:20.273 [XNIO-10 I/O-2] DEBUG o.s.c.c.CharSequenceEncoder - [78dbcfd0] Writing "583. foo bar"
19:47:20.273 [XNIO-10 I/O-2] DEBUG o.s.c.c.CharSequenceEncoder - [78dbcfd0] Writing "584. foo bar"
19:47:20.273 [XNIO-10 I/O-2] DEBUG o.s.c.c.CharSequenceEncoder - [78dbcfd0] Writing "585. foo bar"
19:47:20.273 [XNIO-10 I/O-2] DEBUG o.s.c.c.CharSequenceEncoder - [78dbcfd0] Writing "586. foo bar"
19:47:20.273 [XNIO-10 I/O-2] DEBUG o.s.c.c.CharSequenceEncoder - [78dbcfd0] Writing "587. foo bar"
19:47:20.273 [XNIO-10 I/O-2] DEBUG o.s.c.c.CharSequenceEncoder - [78dbcfd0] Writing "588. foo bar"
19:47:20.273 [XNIO-10 I/O-2] DEBUG o.s.c.c.CharSequenceEncoder - [78dbcfd0] Writing "589. foo bar"
19:47:20.273 [XNIO-10 I/O-2] DEBUG o.s.c.c.CharSequenceEncoder - [78dbcfd0] Writing "590. foo bar"
19:47:20.273 [XNIO-10 I/O-2] DEBUG o.s.c.c.CharSequenceEncoder - [78dbcfd0] Writing "591. foo bar"
19:47:20.273 [XNIO-10 I/O-2] DEBUG o.s.c.c.CharSequenceEncoder - [78dbcfd0] Writing "592. foo bar"
19:47:20.273 [XNIO-10 I/O-2] DEBUG o.s.c.c.CharSequenceEncoder - [78dbcfd0] Writing "593. foo bar"
19:47:20.273 [XNIO-10 I/O-2] DEBUG o.s.c.c.CharSequenceEncoder - [78dbcfd0] Writing "594. foo bar"
19:47:20.273 [XNIO-10 I/O-2] DEBUG o.s.c.c.CharSequenceEncoder - [78dbcfd0] Writing "595. foo bar"
19:47:20.274 [XNIO-10 I/O-2] DEBUG o.s.c.c.CharSequenceEncoder - [78dbcfd0] Writing "596. foo bar"
19:47:20.274 [XNIO-10 I/O-2] DEBUG o.s.c.c.CharSequenceEncoder - [78dbcfd0] Writing "597. foo bar"
19:47:20.274 [XNIO-10 I/O-2] DEBUG o.s.c.c.CharSequenceEncoder - [78dbcfd0] Writing "598. foo bar"
19:47:20.274 [XNIO-10 I/O-2] DEBUG o.s.c.c.CharSequenceEncoder - [78dbcfd0] Writing "599. foo bar"
19:47:20.274 [XNIO-10 I/O-2] DEBUG o.s.c.c.CharSequenceEncoder - [78dbcfd0] Writing "600. foo bar"
19:47:20.274 [XNIO-10 I/O-2] DEBUG o.s.c.c.CharSequenceEncoder - [78dbcfd0] Writing "601. foo bar"
19:47:20.274 [XNIO-10 I/O-2] DEBUG o.s.c.c.CharSequenceEncoder - [78dbcfd0] Writing "602. foo bar"
19:47:20.274 [XNIO-10 I/O-2] DEBUG o.s.c.c.CharSequenceEncoder - [78dbcfd0] Writing "603. foo bar"
19:47:20.274 [XNIO-10 I/O-2] DEBUG o.s.c.c.CharSequenceEncoder - [78dbcfd0] Writing "604. foo bar"
19:47:20.274 [XNIO-10 I/O-2] DEBUG o.s.c.c.CharSequenceEncoder - [78dbcfd0] Writing "605. foo bar"
19:47:20.274 [XNIO-10 I/O-2] DEBUG o.s.c.c.CharSequenceEncoder - [78dbcfd0] Writing "606. foo bar"
19:47:20.275 [XNIO-10 I/O-2] DEBUG o.s.c.c.CharSequenceEncoder - [78dbcfd0] Writing "607. foo bar"
19:47:20.275 [XNIO-10 I/O-2] DEBUG o.s.c.c.CharSequenceEncoder - [78dbcfd0] Writing "608. foo bar"
19:47:20.275 [XNIO-10 I/O-2] DEBUG o.s.c.c.CharSequenceEncoder - [78dbcfd0] Writing "609. foo bar"
19:47:20.275 [XNIO-10 I/O-2] DEBUG o.s.c.c.CharSequenceEncoder - [78dbcfd0] Writing "610. foo bar"
19:47:20.275 [XNIO-10 I/O-2] DEBUG o.s.c.c.CharSequenceEncoder - [78dbcfd0] Writing "611. foo bar"
19:47:20.275 [XNIO-10 I/O-2] DEBUG o.s.c.c.CharSequenceEncoder - [78dbcfd0] Writing "612. foo bar"
19:47:20.275 [XNIO-10 I/O-2] DEBUG o.s.c.c.CharSequenceEncoder - [78dbcfd0] Writing "613. foo bar"
19:47:20.275 [XNIO-10 I/O-2] DEBUG o.s.c.c.CharSequenceEncoder - [78dbcfd0] Writing "614. foo bar"
19:47:20.275 [XNIO-10 I/O-2] DEBUG o.s.c.c.CharSequenceEncoder - [78dbcfd0] Writing "615. foo bar"
19:47:20.275 [XNIO-10 I/O-2] DEBUG o.s.c.c.CharSequenceEncoder - [78dbcfd0] Writing "616. foo bar"
19:47:20.275 [XNIO-10 I/O-2] DEBUG o.s.c.c.CharSequenceEncoder - [78dbcfd0] Writing "617. foo bar"
19:47:20.275 [XNIO-10 I/O-2] DEBUG o.s.c.c.CharSequenceEncoder - [78dbcfd0] Writing "618. foo bar"
19:47:20.275 [XNIO-10 I/O-2] DEBUG o.s.c.c.CharSequenceEncoder - [78dbcfd0] Writing "619. foo bar"
19:47:20.275 [XNIO-10 I/O-2] DEBUG o.s.c.c.CharSequenceEncoder - [78dbcfd0] Writing "620. foo bar"
19:47:20.275 [XNIO-10 I/O-2] DEBUG o.s.c.c.CharSequenceEncoder - [78dbcfd0] Writing "621. foo bar"
19:47:20.276 [XNIO-10 I/O-2] DEBUG o.s.c.c.CharSequenceEncoder - [78dbcfd0] Writing "622. foo bar"
19:47:20.276 [XNIO-10 I/O-2] DEBUG o.s.c.c.CharSequenceEncoder - [78dbcfd0] Writing "623. foo bar"
19:47:20.276 [XNIO-10 I/O-2] DEBUG o.s.c.c.CharSequenceEncoder - [78dbcfd0] Writing "624. foo bar"
19:47:20.276 [XNIO-10 I/O-2] DEBUG o.s.c.c.CharSequenceEncoder - [78dbcfd0] Writing "625. foo bar"
19:47:20.276 [XNIO-10 I/O-2] DEBUG o.s.c.c.CharSequenceEncoder - [78dbcfd0] Writing "626. foo bar"
19:47:20.276 [XNIO-10 I/O-2] DEBUG o.s.c.c.CharSequenceEncoder - [78dbcfd0] Writing "627. foo bar"
19:47:20.276 [XNIO-10 I/O-2] DEBUG o.s.c.c.CharSequenceEncoder - [78dbcfd0] Writing "628. foo bar"
19:47:20.276 [XNIO-10 I/O-2] DEBUG o.s.c.c.CharSequenceEncoder - [78dbcfd0] Writing "629. foo bar"
19:47:20.276 [XNIO-10 I/O-2] DEBUG o.s.c.c.CharSequenceEncoder - [78dbcfd0] Writing "630. foo bar"
19:47:20.276 [XNIO-10 I/O-2] DEBUG o.s.c.c.CharSequenceEncoder - [78dbcfd0] Writing "631. foo bar"
19:47:20.277 [XNIO-10 I/O-2] DEBUG o.s.c.c.CharSequenceEncoder - [78dbcfd0] Writing "632. foo bar"
19:47:20.277 [XNIO-10 I/O-2] DEBUG o.s.c.c.CharSequenceEncoder - [78dbcfd0] Writing "633. foo bar"
19:47:20.277 [XNIO-10 I/O-2] DEBUG o.s.c.c.CharSequenceEncoder - [78dbcfd0] Writing "634. foo bar"
19:47:20.277 [XNIO-10 I/O-2] DEBUG o.s.c.c.CharSequenceEncoder - [78dbcfd0] Writing "635. foo bar"
19:47:20.277 [XNIO-10 I/O-2] DEBUG o.s.c.c.CharSequenceEncoder - [78dbcfd0] Writing "636. foo bar"
19:47:20.277 [XNIO-10 I/O-2] DEBUG o.s.c.c.CharSequenceEncoder - [78dbcfd0] Writing "637. foo bar"
19:47:20.277 [XNIO-10 I/O-2] DEBUG o.s.c.c.CharSequenceEncoder - [78dbcfd0] Writing "638. foo bar"
19:47:20.277 [XNIO-10 I/O-2] DEBUG o.s.c.c.CharSequenceEncoder - [78dbcfd0] Writing "639. foo bar"
19:47:20.278 [XNIO-10 I/O-2] DEBUG o.s.c.c.CharSequenceEncoder - [78dbcfd0] Writing "640. foo bar"
19:47:20.278 [XNIO-10 I/O-2] DEBUG o.s.c.c.CharSequenceEncoder - [78dbcfd0] Writing "641. foo bar"
19:47:20.278 [XNIO-10 I/O-2] DEBUG o.s.c.c.CharSequenceEncoder - [78dbcfd0] Writing "642. foo bar"
19:47:20.278 [XNIO-10 I/O-2] DEBUG o.s.c.c.CharSequenceEncoder - [78dbcfd0] Writing "643. foo bar"
19:47:20.279 [XNIO-10 I/O-2] DEBUG o.s.c.c.CharSequenceEncoder - [78dbcfd0] Writing "644. foo bar"
19:47:20.279 [XNIO-10 I/O-2] DEBUG o.s.c.c.CharSequenceEncoder - [78dbcfd0] Writing "645. foo bar"
19:47:20.279 [XNIO-10 I/O-2] DEBUG o.s.c.c.CharSequenceEncoder - [78dbcfd0] Writing "646. foo bar"
19:47:20.279 [XNIO-10 I/O-2] DEBUG o.s.c.c.CharSequenceEncoder - [78dbcfd0] Writing "647. foo bar"
19:47:20.279 [XNIO-10 I/O-2] DEBUG o.s.c.c.CharSequenceEncoder - [78dbcfd0] Writing "648. foo bar"
19:47:20.279 [XNIO-10 I/O-2] DEBUG o.s.c.c.CharSequenceEncoder - [78dbcfd0] Writing "649. foo bar"
19:47:20.279 [XNIO-10 I/O-2] DEBUG o.s.c.c.CharSequenceEncoder - [78dbcfd0] Writing "650. foo bar"
19:47:20.279 [XNIO-10 I/O-2] DEBUG o.s.c.c.CharSequenceEncoder - [78dbcfd0] Writing "651. foo bar"
19:47:20.280 [XNIO-10 I/O-2] DEBUG o.s.c.c.CharSequenceEncoder - [78dbcfd0] Writing "652. foo bar"
19:47:20.280 [XNIO-10 I/O-2] DEBUG o.s.c.c.CharSequenceEncoder - [78dbcfd0] Writing "653. foo bar"
19:47:20.280 [XNIO-10 I/O-2] DEBUG o.s.c.c.CharSequenceEncoder - [78dbcfd0] Writing "654. foo bar"
19:47:20.280 [XNIO-10 I/O-2] DEBUG o.s.c.c.CharSequenceEncoder - [78dbcfd0] Writing "655. foo bar"
19:47:20.280 [XNIO-10 I/O-2] DEBUG o.s.c.c.CharSequenceEncoder - [78dbcfd0] Writing "656. foo bar"
19:47:20.280 [XNIO-10 I/O-2] DEBUG o.s.c.c.CharSequenceEncoder - [78dbcfd0] Writing "657. foo bar"
19:47:20.280 [XNIO-10 I/O-2] DEBUG o.s.c.c.CharSequenceEncoder - [78dbcfd0] Writing "658. foo bar"
19:47:20.280 [XNIO-10 I/O-2] DEBUG o.s.c.c.CharSequenceEncoder - [78dbcfd0] Writing "659. foo bar"
19:47:20.280 [XNIO-10 I/O-2] DEBUG o.s.c.c.CharSequenceEncoder - [78dbcfd0] Writing "660. foo bar"
19:47:20.281 [XNIO-10 I/O-2] DEBUG o.s.c.c.CharSequenceEncoder - [78dbcfd0] Writing "661. foo bar"
19:47:20.281 [XNIO-10 I/O-2] DEBUG o.s.c.c.CharSequenceEncoder - [78dbcfd0] Writing "662. foo bar"
19:47:20.281 [XNIO-10 I/O-2] DEBUG o.s.c.c.CharSequenceEncoder - [78dbcfd0] Writing "663. foo bar"
19:47:20.281 [XNIO-10 I/O-2] DEBUG o.s.c.c.CharSequenceEncoder - [78dbcfd0] Writing "664. foo bar"
19:47:20.281 [XNIO-10 I/O-2] DEBUG o.s.c.c.CharSequenceEncoder - [78dbcfd0] Writing "665. foo bar"
19:47:20.281 [XNIO-10 I/O-2] DEBUG o.s.c.c.CharSequenceEncoder - [78dbcfd0] Writing "666. foo bar"
19:47:20.281 [XNIO-10 I/O-2] DEBUG o.s.c.c.CharSequenceEncoder - [78dbcfd0] Writing "667. foo bar"
19:47:20.281 [XNIO-10 I/O-2] DEBUG o.s.c.c.CharSequenceEncoder - [78dbcfd0] Writing "668. foo bar"
19:47:20.281 [XNIO-10 I/O-2] DEBUG o.s.c.c.CharSequenceEncoder - [78dbcfd0] Writing "669. foo bar"
19:47:20.281 [XNIO-10 I/O-2] DEBUG o.s.c.c.CharSequenceEncoder - [78dbcfd0] Writing "670. foo bar"
19:47:20.282 [XNIO-10 I/O-2] DEBUG o.s.c.c.CharSequenceEncoder - [78dbcfd0] Writing "671. foo bar"
19:47:20.282 [XNIO-10 I/O-2] DEBUG o.s.c.c.CharSequenceEncoder - [78dbcfd0] Writing "672. foo bar"
19:47:20.282 [XNIO-10 I/O-2] DEBUG o.s.c.c.CharSequenceEncoder - [78dbcfd0] Writing "673. foo bar"
19:47:20.282 [XNIO-10 I/O-2] DEBUG o.s.c.c.CharSequenceEncoder - [78dbcfd0] Writing "674. foo bar"
19:47:20.282 [XNIO-10 I/O-2] DEBUG o.s.c.c.CharSequenceEncoder - [78dbcfd0] Writing "675. foo bar"
19:47:20.282 [XNIO-10 I/O-2] DEBUG o.s.c.c.CharSequenceEncoder - [78dbcfd0] Writing "676. foo bar"
19:47:20.282 [XNIO-10 I/O-2] DEBUG o.s.c.c.CharSequenceEncoder - [78dbcfd0] Writing "677. foo bar"
19:47:20.282 [XNIO-10 I/O-2] DEBUG o.s.c.c.CharSequenceEncoder - [78dbcfd0] Writing "678. foo bar"
19:47:20.282 [XNIO-10 I/O-2] DEBUG o.s.c.c.CharSequenceEncoder - [78dbcfd0] Writing "679. foo bar"
19:47:20.282 [XNIO-10 I/O-2] DEBUG o.s.c.c.CharSequenceEncoder - [78dbcfd0] Writing "680. foo bar"
19:47:20.282 [XNIO-10 I/O-2] DEBUG o.s.c.c.CharSequenceEncoder - [78dbcfd0] Writing "681. foo bar"
19:47:20.283 [XNIO-10 I/O-2] DEBUG o.s.c.c.CharSequenceEncoder - [78dbcfd0] Writing "682. foo bar"
19:47:20.283 [XNIO-10 I/O-2] DEBUG o.s.c.c.CharSequenceEncoder - [78dbcfd0] Writing "683. foo bar"
19:47:20.283 [XNIO-10 I/O-2] DEBUG o.s.c.c.CharSequenceEncoder - [78dbcfd0] Writing "684. foo bar"
19:47:20.283 [XNIO-10 I/O-2] DEBUG o.s.c.c.CharSequenceEncoder - [78dbcfd0] Writing "685. foo bar"
19:47:20.283 [XNIO-10 I/O-2] DEBUG o.s.c.c.CharSequenceEncoder - [78dbcfd0] Writing "686. foo bar"
19:47:20.283 [XNIO-10 I/O-2] DEBUG o.s.c.c.CharSequenceEncoder - [78dbcfd0] Writing "687. foo bar"
19:47:20.283 [XNIO-10 I/O-2] DEBUG o.s.c.c.CharSequenceEncoder - [78dbcfd0] Writing "688. foo bar"
19:47:20.283 [XNIO-10 I/O-2] DEBUG o.s.c.c.CharSequenceEncoder - [78dbcfd0] Writing "689. foo bar"
19:47:20.283 [XNIO-10 I/O-2] DEBUG o.s.c.c.CharSequenceEncoder - [78dbcfd0] Writing "690. foo bar"
19:47:20.283 [XNIO-10 I/O-2] DEBUG o.s.c.c.CharSequenceEncoder - [78dbcfd0] Writing "691. foo bar"
19:47:20.283 [XNIO-10 I/O-2] DEBUG o.s.c.c.CharSequenceEncoder - [78dbcfd0] Writing "692. foo bar"
19:47:20.283 [XNIO-10 I/O-2] DEBUG o.s.c.c.CharSequenceEncoder - [78dbcfd0] Writing "693. foo bar"
19:47:20.283 [XNIO-10 I/O-2] DEBUG o.s.c.c.CharSequenceEncoder - [78dbcfd0] Writing "694. foo bar"
19:47:20.283 [XNIO-10 I/O-2] DEBUG o.s.c.c.CharSequenceEncoder - [78dbcfd0] Writing "695. foo bar"
19:47:20.284 [XNIO-10 I/O-2] DEBUG o.s.c.c.CharSequenceEncoder - [78dbcfd0] Writing "696. foo bar"
19:47:20.284 [XNIO-10 I/O-2] DEBUG o.s.c.c.CharSequenceEncoder - [78dbcfd0] Writing "697. foo bar"
19:47:20.284 [XNIO-10 I/O-2] DEBUG o.s.c.c.CharSequenceEncoder - [78dbcfd0] Writing "698. foo bar"
19:47:20.284 [XNIO-10 I/O-2] DEBUG o.s.c.c.CharSequenceEncoder - [78dbcfd0] Writing "699. foo bar"
19:47:20.284 [XNIO-10 I/O-2] DEBUG o.s.c.c.CharSequenceEncoder - [78dbcfd0] Writing "700. foo bar"
19:47:20.284 [XNIO-10 I/O-2] DEBUG o.s.c.c.CharSequenceEncoder - [78dbcfd0] Writing "701. foo bar"
19:47:20.284 [XNIO-10 I/O-2] DEBUG o.s.c.c.CharSequenceEncoder - [78dbcfd0] Writing "702. foo bar"
19:47:20.284 [XNIO-10 I/O-2] DEBUG o.s.c.c.CharSequenceEncoder - [78dbcfd0] Writing "703. foo bar"
19:47:20.284 [XNIO-10 I/O-2] DEBUG o.s.c.c.CharSequenceEncoder - [78dbcfd0] Writing "704. foo bar"
19:47:20.284 [XNIO-10 I/O-2] DEBUG o.s.c.c.CharSequenceEncoder - [78dbcfd0] Writing "705. foo bar"
19:47:20.284 [XNIO-10 I/O-2] DEBUG o.s.c.c.CharSequenceEncoder - [78dbcfd0] Writing "706. foo bar"
19:47:20.284 [XNIO-10 I/O-2] DEBUG o.s.c.c.CharSequenceEncoder - [78dbcfd0] Writing "707. foo bar"
19:47:20.285 [XNIO-10 I/O-2] DEBUG o.s.c.c.CharSequenceEncoder - [78dbcfd0] Writing "708. foo bar"
19:47:20.285 [XNIO-10 I/O-2] DEBUG o.s.c.c.CharSequenceEncoder - [78dbcfd0] Writing "709. foo bar"
19:47:20.285 [XNIO-10 I/O-2] DEBUG o.s.c.c.CharSequenceEncoder - [78dbcfd0] Writing "710. foo bar"
19:47:20.285 [XNIO-10 I/O-2] DEBUG o.s.c.c.CharSequenceEncoder - [78dbcfd0] Writing "711. foo bar"
19:47:20.285 [XNIO-10 I/O-2] DEBUG o.s.c.c.CharSequenceEncoder - [78dbcfd0] Writing "712. foo bar"
19:47:20.285 [XNIO-10 I/O-2] DEBUG o.s.c.c.CharSequenceEncoder - [78dbcfd0] Writing "713. foo bar"
19:47:20.285 [XNIO-10 I/O-2] DEBUG o.s.c.c.CharSequenceEncoder - [78dbcfd0] Writing "714. foo bar"
19:47:20.285 [XNIO-10 I/O-2] DEBUG o.s.c.c.CharSequenceEncoder - [78dbcfd0] Writing "715. foo bar"
19:47:20.286 [XNIO-10 I/O-2] DEBUG o.s.c.c.CharSequenceEncoder - [78dbcfd0] Writing "716. foo bar"
19:47:20.286 [XNIO-10 I/O-2] DEBUG o.s.c.c.CharSequenceEncoder - [78dbcfd0] Writing "717. foo bar"
19:47:20.286 [XNIO-10 I/O-2] DEBUG o.s.c.c.CharSequenceEncoder - [78dbcfd0] Writing "718. foo bar"
19:47:20.286 [XNIO-10 I/O-2] DEBUG o.s.c.c.CharSequenceEncoder - [78dbcfd0] Writing "719. foo bar"
19:47:20.286 [XNIO-10 I/O-2] DEBUG o.s.c.c.CharSequenceEncoder - [78dbcfd0] Writing "720. foo bar"
19:47:20.286 [XNIO-10 I/O-2] DEBUG o.s.c.c.CharSequenceEncoder - [78dbcfd0] Writing "721. foo bar"
19:47:20.286 [XNIO-10 I/O-2] DEBUG o.s.c.c.CharSequenceEncoder - [78dbcfd0] Writing "722. foo bar"
19:47:20.286 [XNIO-10 I/O-2] DEBUG o.s.c.c.CharSequenceEncoder - [78dbcfd0] Writing "723. foo bar"
19:47:20.287 [XNIO-10 I/O-2] DEBUG o.s.c.c.CharSequenceEncoder - [78dbcfd0] Writing "724. foo bar"
19:47:20.287 [XNIO-10 I/O-2] DEBUG o.s.c.c.CharSequenceEncoder - [78dbcfd0] Writing "725. foo bar"
19:47:20.287 [XNIO-10 I/O-2] DEBUG o.s.c.c.CharSequenceEncoder - [78dbcfd0] Writing "726. foo bar"
19:47:20.287 [XNIO-10 I/O-2] DEBUG o.s.c.c.CharSequenceEncoder - [78dbcfd0] Writing "727. foo bar"
19:47:20.287 [XNIO-10 I/O-2] DEBUG o.s.c.c.CharSequenceEncoder - [78dbcfd0] Writing "728. foo bar"
19:47:20.287 [XNIO-10 I/O-2] DEBUG o.s.c.c.CharSequenceEncoder - [78dbcfd0] Writing "729. foo bar"
19:47:20.287 [XNIO-10 I/O-2] DEBUG o.s.c.c.CharSequenceEncoder - [78dbcfd0] Writing "730. foo bar"
19:47:20.287 [XNIO-10 I/O-2] DEBUG o.s.c.c.CharSequenceEncoder - [78dbcfd0] Writing "731. foo bar"
19:47:20.287 [XNIO-10 I/O-2] DEBUG o.s.c.c.CharSequenceEncoder - [78dbcfd0] Writing "732. foo bar"
19:47:20.288 [XNIO-10 I/O-2] DEBUG o.s.c.c.CharSequenceEncoder - [78dbcfd0] Writing "733. foo bar"
19:47:20.288 [XNIO-10 I/O-2] DEBUG o.s.c.c.CharSequenceEncoder - [78dbcfd0] Writing "734. foo bar"
19:47:20.288 [XNIO-10 I/O-2] DEBUG o.s.c.c.CharSequenceEncoder - [78dbcfd0] Writing "735. foo bar"
19:47:20.288 [XNIO-10 I/O-2] DEBUG o.s.c.c.CharSequenceEncoder - [78dbcfd0] Writing "736. foo bar"
19:47:20.288 [XNIO-10 I/O-2] DEBUG o.s.c.c.CharSequenceEncoder - [78dbcfd0] Writing "737. foo bar"
19:47:20.288 [XNIO-10 I/O-2] DEBUG o.s.c.c.CharSequenceEncoder - [78dbcfd0] Writing "738. foo bar"
19:47:20.288 [XNIO-10 I/O-2] DEBUG o.s.c.c.CharSequenceEncoder - [78dbcfd0] Writing "739. foo bar"
19:47:20.288 [XNIO-10 I/O-2] DEBUG o.s.c.c.CharSequenceEncoder - [78dbcfd0] Writing "740. foo bar"
19:47:20.289 [XNIO-10 I/O-2] DEBUG o.s.c.c.CharSequenceEncoder - [78dbcfd0] Writing "741. foo bar"
19:47:20.289 [XNIO-10 I/O-2] DEBUG o.s.c.c.CharSequenceEncoder - [78dbcfd0] Writing "742. foo bar"
19:47:20.289 [XNIO-10 I/O-2] DEBUG o.s.c.c.CharSequenceEncoder - [78dbcfd0] Writing "743. foo bar"
19:47:20.289 [XNIO-10 I/O-2] DEBUG o.s.c.c.CharSequenceEncoder - [78dbcfd0] Writing "744. foo bar"
19:47:20.289 [XNIO-10 I/O-2] DEBUG o.s.c.c.CharSequenceEncoder - [78dbcfd0] Writing "745. foo bar"
19:47:20.289 [XNIO-10 I/O-2] DEBUG o.s.c.c.CharSequenceEncoder - [78dbcfd0] Writing "746. foo bar"
19:47:20.289 [XNIO-10 I/O-2] DEBUG o.s.c.c.CharSequenceEncoder - [78dbcfd0] Writing "747. foo bar"
19:47:20.289 [XNIO-10 I/O-2] DEBUG o.s.c.c.CharSequenceEncoder - [78dbcfd0] Writing "748. foo bar"
19:47:20.289 [XNIO-10 I/O-2] DEBUG o.s.c.c.CharSequenceEncoder - [78dbcfd0] Writing "749. foo bar"
19:47:20.290 [XNIO-10 I/O-2] DEBUG o.s.c.c.CharSequenceEncoder - [78dbcfd0] Writing "750. foo bar"
19:47:20.290 [XNIO-10 I/O-2] DEBUG o.s.c.c.CharSequenceEncoder - [78dbcfd0] Writing "751. foo bar"
19:47:20.290 [XNIO-10 I/O-2] DEBUG o.s.c.c.CharSequenceEncoder - [78dbcfd0] Writing "752. foo bar"
19:47:20.290 [XNIO-10 I/O-2] DEBUG o.s.c.c.CharSequenceEncoder - [78dbcfd0] Writing "753. foo bar"
19:47:20.290 [XNIO-10 I/O-2] DEBUG o.s.c.c.CharSequenceEncoder - [78dbcfd0] Writing "754. foo bar"
19:47:20.290 [XNIO-10 I/O-2] DEBUG o.s.c.c.CharSequenceEncoder - [78dbcfd0] Writing "755. foo bar"
19:47:20.290 [XNIO-10 I/O-2] DEBUG o.s.c.c.CharSequenceEncoder - [78dbcfd0] Writing "756. foo bar"
19:47:20.290 [XNIO-10 I/O-2] DEBUG o.s.c.c.CharSequenceEncoder - [78dbcfd0] Writing "757. foo bar"
19:47:20.290 [XNIO-10 I/O-2] DEBUG o.s.c.c.CharSequenceEncoder - [78dbcfd0] Writing "758. foo bar"
19:47:20.291 [XNIO-10 I/O-2] DEBUG o.s.c.c.CharSequenceEncoder - [78dbcfd0] Writing "759. foo bar"
19:47:20.291 [XNIO-10 I/O-2] DEBUG o.s.c.c.CharSequenceEncoder - [78dbcfd0] Writing "760. foo bar"
19:47:20.291 [XNIO-10 I/O-2] DEBUG o.s.c.c.CharSequenceEncoder - [78dbcfd0] Writing "761. foo bar"
19:47:20.291 [XNIO-10 I/O-2] DEBUG o.s.c.c.CharSequenceEncoder - [78dbcfd0] Writing "762. foo bar"
19:47:20.291 [XNIO-10 I/O-2] DEBUG o.s.c.c.CharSequenceEncoder - [78dbcfd0] Writing "763. foo bar"
19:47:20.291 [XNIO-10 I/O-2] DEBUG o.s.c.c.CharSequenceEncoder - [78dbcfd0] Writing "764. foo bar"
19:47:20.291 [XNIO-10 I/O-2] DEBUG o.s.c.c.CharSequenceEncoder - [78dbcfd0] Writing "765. foo bar"
19:47:20.291 [XNIO-10 I/O-2] DEBUG o.s.c.c.CharSequenceEncoder - [78dbcfd0] Writing "766. foo bar"
19:47:20.291 [XNIO-10 I/O-2] DEBUG o.s.c.c.CharSequenceEncoder - [78dbcfd0] Writing "767. foo bar"
19:47:20.291 [XNIO-10 I/O-2] DEBUG o.s.c.c.CharSequenceEncoder - [78dbcfd0] Writing "768. foo bar"
19:47:20.291 [XNIO-10 I/O-2] DEBUG o.s.c.c.CharSequenceEncoder - [78dbcfd0] Writing "769. foo bar"
19:47:20.291 [XNIO-10 I/O-2] DEBUG o.s.c.c.CharSequenceEncoder - [78dbcfd0] Writing "770. foo bar"
19:47:20.292 [XNIO-10 I/O-2] DEBUG o.s.c.c.CharSequenceEncoder - [78dbcfd0] Writing "771. foo bar"
19:47:20.292 [XNIO-10 I/O-2] DEBUG o.s.c.c.CharSequenceEncoder - [78dbcfd0] Writing "772. foo bar"
19:47:20.292 [XNIO-10 I/O-2] DEBUG o.s.c.c.CharSequenceEncoder - [78dbcfd0] Writing "773. foo bar"
19:47:20.292 [XNIO-10 I/O-2] DEBUG o.s.c.c.CharSequenceEncoder - [78dbcfd0] Writing "774. foo bar"
19:47:20.292 [XNIO-10 I/O-2] DEBUG o.s.c.c.CharSequenceEncoder - [78dbcfd0] Writing "775. foo bar"
19:47:20.292 [XNIO-10 I/O-2] DEBUG o.s.c.c.CharSequenceEncoder - [78dbcfd0] Writing "776. foo bar"
19:47:20.292 [XNIO-10 I/O-2] DEBUG o.s.c.c.CharSequenceEncoder - [78dbcfd0] Writing "777. foo bar"
19:47:20.292 [XNIO-10 I/O-2] DEBUG o.s.c.c.CharSequenceEncoder - [78dbcfd0] Writing "778. foo bar"
19:47:20.292 [XNIO-10 I/O-2] DEBUG o.s.c.c.CharSequenceEncoder - [78dbcfd0] Writing "779. foo bar"
19:47:20.292 [XNIO-10 I/O-2] DEBUG o.s.c.c.CharSequenceEncoder - [78dbcfd0] Writing "780. foo bar"
19:47:20.292 [XNIO-10 I/O-2] DEBUG o.s.c.c.CharSequenceEncoder - [78dbcfd0] Writing "781. foo bar"
19:47:20.292 [XNIO-10 I/O-2] DEBUG o.s.c.c.CharSequenceEncoder - [78dbcfd0] Writing "782. foo bar"
19:47:20.292 [XNIO-10 I/O-2] DEBUG o.s.c.c.CharSequenceEncoder - [78dbcfd0] Writing "783. foo bar"
19:47:20.292 [XNIO-10 I/O-2] DEBUG o.s.c.c.CharSequenceEncoder - [78dbcfd0] Writing "784. foo bar"
19:47:20.293 [XNIO-10 I/O-2] DEBUG o.s.c.c.CharSequenceEncoder - [78dbcfd0] Writing "785. foo bar"
19:47:20.293 [XNIO-10 I/O-2] DEBUG o.s.c.c.CharSequenceEncoder - [78dbcfd0] Writing "786. foo bar"
19:47:20.293 [XNIO-10 I/O-2] DEBUG o.s.c.c.CharSequenceEncoder - [78dbcfd0] Writing "787. foo bar"
19:47:20.293 [XNIO-10 I/O-2] DEBUG o.s.c.c.CharSequenceEncoder - [78dbcfd0] Writing "788. foo bar"
19:47:20.293 [XNIO-10 I/O-2] DEBUG o.s.c.c.CharSequenceEncoder - [78dbcfd0] Writing "789. foo bar"
19:47:20.293 [XNIO-10 I/O-2] DEBUG o.s.c.c.CharSequenceEncoder - [78dbcfd0] Writing "790. foo bar"
19:47:20.293 [XNIO-10 I/O-2] DEBUG o.s.c.c.CharSequenceEncoder - [78dbcfd0] Writing "791. foo bar"
19:47:20.293 [XNIO-10 I/O-2] DEBUG o.s.c.c.CharSequenceEncoder - [78dbcfd0] Writing "792. foo bar"
19:47:20.293 [XNIO-10 I/O-2] DEBUG o.s.c.c.CharSequenceEncoder - [78dbcfd0] Writing "793. foo bar"
19:47:20.294 [XNIO-10 I/O-2] DEBUG o.s.c.c.CharSequenceEncoder - [78dbcfd0] Writing "794. foo bar"
19:47:20.294 [XNIO-10 I/O-2] DEBUG o.s.c.c.CharSequenceEncoder - [78dbcfd0] Writing "795. foo bar"
19:47:20.294 [XNIO-10 I/O-2] DEBUG o.s.c.c.CharSequenceEncoder - [78dbcfd0] Writing "796. foo bar"
19:47:20.294 [XNIO-10 I/O-2] DEBUG o.s.c.c.CharSequenceEncoder - [78dbcfd0] Writing "797. foo bar"
19:47:20.294 [XNIO-10 I/O-2] DEBUG o.s.c.c.CharSequenceEncoder - [78dbcfd0] Writing "798. foo bar"
19:47:20.294 [XNIO-10 I/O-2] DEBUG o.s.c.c.CharSequenceEncoder - [78dbcfd0] Writing "799. foo bar"
19:47:20.294 [XNIO-10 I/O-2] DEBUG o.s.c.c.CharSequenceEncoder - [78dbcfd0] Writing "800. foo bar"
19:47:20.294 [XNIO-10 I/O-2] DEBUG o.s.c.c.CharSequenceEncoder - [78dbcfd0] Writing "801. foo bar"
19:47:20.294 [XNIO-10 I/O-2] DEBUG o.s.c.c.CharSequenceEncoder - [78dbcfd0] Writing "802. foo bar"
19:47:20.295 [XNIO-10 I/O-2] DEBUG o.s.c.c.CharSequenceEncoder - [78dbcfd0] Writing "803. foo bar"
19:47:20.295 [XNIO-10 I/O-2] DEBUG o.s.c.c.CharSequenceEncoder - [78dbcfd0] Writing "804. foo bar"
19:47:20.295 [XNIO-10 I/O-2] DEBUG o.s.c.c.CharSequenceEncoder - [78dbcfd0] Writing "805. foo bar"
19:47:20.295 [XNIO-10 I/O-2] DEBUG o.s.c.c.CharSequenceEncoder - [78dbcfd0] Writing "806. foo bar"
19:47:20.295 [XNIO-10 I/O-2] DEBUG o.s.c.c.CharSequenceEncoder - [78dbcfd0] Writing "807. foo bar"
19:47:20.295 [XNIO-10 I/O-2] DEBUG o.s.c.c.CharSequenceEncoder - [78dbcfd0] Writing "808. foo bar"
19:47:20.295 [XNIO-10 I/O-2] DEBUG o.s.c.c.CharSequenceEncoder - [78dbcfd0] Writing "809. foo bar"
19:47:20.295 [XNIO-10 I/O-2] DEBUG o.s.c.c.CharSequenceEncoder - [78dbcfd0] Writing "810. foo bar"
19:47:20.295 [XNIO-10 I/O-2] DEBUG o.s.c.c.CharSequenceEncoder - [78dbcfd0] Writing "811. foo bar"
19:47:20.295 [XNIO-10 I/O-2] DEBUG o.s.c.c.CharSequenceEncoder - [78dbcfd0] Writing "812. foo bar"
19:47:20.296 [XNIO-10 I/O-2] DEBUG o.s.c.c.CharSequenceEncoder - [78dbcfd0] Writing "813. foo bar"
19:47:20.296 [XNIO-10 I/O-2] DEBUG o.s.c.c.CharSequenceEncoder - [78dbcfd0] Writing "814. foo bar"
19:47:20.296 [XNIO-10 I/O-2] DEBUG o.s.c.c.CharSequenceEncoder - [78dbcfd0] Writing "815. foo bar"
19:47:20.296 [XNIO-10 I/O-2] DEBUG o.s.c.c.CharSequenceEncoder - [78dbcfd0] Writing "816. foo bar"
19:47:20.296 [XNIO-10 I/O-2] DEBUG o.s.c.c.CharSequenceEncoder - [78dbcfd0] Writing "817. foo bar"
19:47:20.296 [XNIO-10 I/O-2] DEBUG o.s.c.c.CharSequenceEncoder - [78dbcfd0] Writing "818. foo bar"
19:47:20.296 [XNIO-10 I/O-2] DEBUG o.s.c.c.CharSequenceEncoder - [78dbcfd0] Writing "819. foo bar"
19:47:20.296 [XNIO-10 I/O-2] DEBUG o.s.c.c.CharSequenceEncoder - [78dbcfd0] Writing "820. foo bar"
19:47:20.296 [XNIO-10 I/O-2] DEBUG o.s.c.c.CharSequenceEncoder - [78dbcfd0] Writing "821. foo bar"
19:47:20.296 [XNIO-10 I/O-2] DEBUG o.s.c.c.CharSequenceEncoder - [78dbcfd0] Writing "822. foo bar"
19:47:20.296 [XNIO-10 I/O-2] DEBUG o.s.c.c.CharSequenceEncoder - [78dbcfd0] Writing "823. foo bar"
19:47:20.297 [XNIO-10 I/O-2] DEBUG o.s.c.c.CharSequenceEncoder - [78dbcfd0] Writing "824. foo bar"
19:47:20.297 [XNIO-10 I/O-2] DEBUG o.s.c.c.CharSequenceEncoder - [78dbcfd0] Writing "825. foo bar"
19:47:20.297 [XNIO-10 I/O-2] DEBUG o.s.c.c.CharSequenceEncoder - [78dbcfd0] Writing "826. foo bar"
19:47:20.297 [XNIO-10 I/O-2] DEBUG o.s.c.c.CharSequenceEncoder - [78dbcfd0] Writing "827. foo bar"
19:47:20.297 [XNIO-10 I/O-2] DEBUG o.s.c.c.CharSequenceEncoder - [78dbcfd0] Writing "828. foo bar"
19:47:20.297 [XNIO-10 I/O-2] DEBUG o.s.c.c.CharSequenceEncoder - [78dbcfd0] Writing "829. foo bar"
19:47:20.297 [XNIO-10 I/O-2] DEBUG o.s.c.c.CharSequenceEncoder - [78dbcfd0] Writing "830. foo bar"
19:47:20.297 [XNIO-10 I/O-2] DEBUG o.s.c.c.CharSequenceEncoder - [78dbcfd0] Writing "831. foo bar"
19:47:20.297 [XNIO-10 I/O-2] DEBUG o.s.c.c.CharSequenceEncoder - [78dbcfd0] Writing "832. foo bar"
19:47:20.297 [XNIO-10 I/O-2] DEBUG o.s.c.c.CharSequenceEncoder - [78dbcfd0] Writing "833. foo bar"
19:47:20.297 [XNIO-10 I/O-2] DEBUG o.s.c.c.CharSequenceEncoder - [78dbcfd0] Writing "834. foo bar"
19:47:20.297 [XNIO-10 I/O-2] DEBUG o.s.c.c.CharSequenceEncoder - [78dbcfd0] Writing "835. foo bar"
19:47:20.297 [XNIO-10 I/O-2] DEBUG o.s.c.c.CharSequenceEncoder - [78dbcfd0] Writing "836. foo bar"
19:47:20.297 [XNIO-10 I/O-2] DEBUG o.s.c.c.CharSequenceEncoder - [78dbcfd0] Writing "837. foo bar"
19:47:20.298 [XNIO-10 I/O-2] DEBUG o.s.c.c.CharSequenceEncoder - [78dbcfd0] Writing "838. foo bar"
19:47:20.298 [XNIO-10 I/O-2] DEBUG o.s.c.c.CharSequenceEncoder - [78dbcfd0] Writing "839. foo bar"
19:47:20.298 [XNIO-10 I/O-2] DEBUG o.s.c.c.CharSequenceEncoder - [78dbcfd0] Writing "840. foo bar"
19:47:20.298 [XNIO-10 I/O-2] DEBUG o.s.c.c.CharSequenceEncoder - [78dbcfd0] Writing "841. foo bar"
19:47:20.298 [XNIO-10 I/O-2] DEBUG o.s.c.c.CharSequenceEncoder - [78dbcfd0] Writing "842. foo bar"
19:47:20.298 [XNIO-10 I/O-2] DEBUG o.s.c.c.CharSequenceEncoder - [78dbcfd0] Writing "843. foo bar"
19:47:20.298 [XNIO-10 I/O-2] DEBUG o.s.c.c.CharSequenceEncoder - [78dbcfd0] Writing "844. foo bar"
19:47:20.298 [XNIO-10 I/O-2] DEBUG o.s.c.c.CharSequenceEncoder - [78dbcfd0] Writing "845. foo bar"
19:47:20.298 [XNIO-10 I/O-2] DEBUG o.s.c.c.CharSequenceEncoder - [78dbcfd0] Writing "846. foo bar"
19:47:20.299 [XNIO-10 I/O-2] DEBUG o.s.c.c.CharSequenceEncoder - [78dbcfd0] Writing "847. foo bar"
19:47:20.299 [XNIO-10 I/O-2] DEBUG o.s.c.c.CharSequenceEncoder - [78dbcfd0] Writing "848. foo bar"
19:47:20.299 [XNIO-10 I/O-2] DEBUG o.s.c.c.CharSequenceEncoder - [78dbcfd0] Writing "849. foo bar"
19:47:20.299 [XNIO-10 I/O-2] DEBUG o.s.c.c.CharSequenceEncoder - [78dbcfd0] Writing "850. foo bar"
19:47:20.299 [XNIO-10 I/O-2] DEBUG o.s.c.c.CharSequenceEncoder - [78dbcfd0] Writing "851. foo bar"
19:47:20.299 [XNIO-10 I/O-2] DEBUG o.s.c.c.CharSequenceEncoder - [78dbcfd0] Writing "852. foo bar"
19:47:20.299 [XNIO-10 I/O-2] DEBUG o.s.c.c.CharSequenceEncoder - [78dbcfd0] Writing "853. foo bar"
19:47:20.299 [XNIO-10 I/O-2] DEBUG o.s.c.c.CharSequenceEncoder - [78dbcfd0] Writing "854. foo bar"
19:47:20.299 [XNIO-10 I/O-2] DEBUG o.s.c.c.CharSequenceEncoder - [78dbcfd0] Writing "855. foo bar"
19:47:20.299 [XNIO-10 I/O-2] DEBUG o.s.c.c.CharSequenceEncoder - [78dbcfd0] Writing "856. foo bar"
19:47:20.299 [XNIO-10 I/O-2] DEBUG o.s.c.c.CharSequenceEncoder - [78dbcfd0] Writing "857. foo bar"
19:47:20.299 [XNIO-10 I/O-2] DEBUG o.s.c.c.CharSequenceEncoder - [78dbcfd0] Writing "858. foo bar"
19:47:20.300 [XNIO-10 I/O-2] DEBUG o.s.c.c.CharSequenceEncoder - [78dbcfd0] Writing "859. foo bar"
19:47:20.300 [XNIO-10 I/O-2] DEBUG o.s.c.c.CharSequenceEncoder - [78dbcfd0] Writing "860. foo bar"
19:47:20.300 [XNIO-10 I/O-2] DEBUG o.s.c.c.CharSequenceEncoder - [78dbcfd0] Writing "861. foo bar"
19:47:20.300 [XNIO-10 I/O-2] DEBUG o.s.c.c.CharSequenceEncoder - [78dbcfd0] Writing "862. foo bar"
19:47:20.300 [XNIO-10 I/O-2] DEBUG o.s.c.c.CharSequenceEncoder - [78dbcfd0] Writing "863. foo bar"
19:47:20.300 [XNIO-10 I/O-2] DEBUG o.s.c.c.CharSequenceEncoder - [78dbcfd0] Writing "864. foo bar"
19:47:20.300 [XNIO-10 I/O-2] DEBUG o.s.c.c.CharSequenceEncoder - [78dbcfd0] Writing "865. foo bar"
19:47:20.300 [XNIO-10 I/O-2] DEBUG o.s.c.c.CharSequenceEncoder - [78dbcfd0] Writing "866. foo bar"
19:47:20.300 [XNIO-10 I/O-2] DEBUG o.s.c.c.CharSequenceEncoder - [78dbcfd0] Writing "867. foo bar"
19:47:20.300 [XNIO-10 I/O-2] DEBUG o.s.c.c.CharSequenceEncoder - [78dbcfd0] Writing "868. foo bar"
19:47:20.300 [XNIO-10 I/O-2] DEBUG o.s.c.c.CharSequenceEncoder - [78dbcfd0] Writing "869. foo bar"
19:47:20.300 [XNIO-10 I/O-2] DEBUG o.s.c.c.CharSequenceEncoder - [78dbcfd0] Writing "870. foo bar"
19:47:20.300 [XNIO-10 I/O-2] DEBUG o.s.c.c.CharSequenceEncoder - [78dbcfd0] Writing "871. foo bar"
19:47:20.301 [XNIO-10 I/O-2] DEBUG o.s.c.c.CharSequenceEncoder - [78dbcfd0] Writing "872. foo bar"
19:47:20.301 [XNIO-10 I/O-2] DEBUG o.s.c.c.CharSequenceEncoder - [78dbcfd0] Writing "873. foo bar"
19:47:20.301 [XNIO-10 I/O-2] DEBUG o.s.c.c.CharSequenceEncoder - [78dbcfd0] Writing "874. foo bar"
19:47:20.301 [XNIO-10 I/O-2] DEBUG o.s.c.c.CharSequenceEncoder - [78dbcfd0] Writing "875. foo bar"
19:47:20.301 [XNIO-10 I/O-2] DEBUG o.s.c.c.CharSequenceEncoder - [78dbcfd0] Writing "876. foo bar"
19:47:20.301 [XNIO-10 I/O-2] DEBUG o.s.c.c.CharSequenceEncoder - [78dbcfd0] Writing "877. foo bar"
19:47:20.301 [XNIO-10 I/O-2] DEBUG o.s.c.c.CharSequenceEncoder - [78dbcfd0] Writing "878. foo bar"
19:47:20.301 [XNIO-10 I/O-2] DEBUG o.s.c.c.CharSequenceEncoder - [78dbcfd0] Writing "879. foo bar"
19:47:20.301 [XNIO-10 I/O-2] DEBUG o.s.c.c.CharSequenceEncoder - [78dbcfd0] Writing "880. foo bar"
19:47:20.301 [XNIO-10 I/O-2] DEBUG o.s.c.c.CharSequenceEncoder - [78dbcfd0] Writing "881. foo bar"
19:47:20.301 [XNIO-10 I/O-2] DEBUG o.s.c.c.CharSequenceEncoder - [78dbcfd0] Writing "882. foo bar"
19:47:20.301 [XNIO-10 I/O-2] DEBUG o.s.c.c.CharSequenceEncoder - [78dbcfd0] Writing "883. foo bar"
19:47:20.302 [XNIO-10 I/O-2] DEBUG o.s.c.c.CharSequenceEncoder - [78dbcfd0] Writing "884. foo bar"
19:47:20.302 [XNIO-10 I/O-2] DEBUG o.s.c.c.CharSequenceEncoder - [78dbcfd0] Writing "885. foo bar"
19:47:20.302 [XNIO-10 I/O-2] DEBUG o.s.c.c.CharSequenceEncoder - [78dbcfd0] Writing "886. foo bar"
19:47:20.302 [XNIO-10 I/O-2] DEBUG o.s.c.c.CharSequenceEncoder - [78dbcfd0] Writing "887. foo bar"
19:47:20.302 [XNIO-10 I/O-2] DEBUG o.s.c.c.CharSequenceEncoder - [78dbcfd0] Writing "888. foo bar"
19:47:20.302 [XNIO-10 I/O-2] DEBUG o.s.c.c.CharSequenceEncoder - [78dbcfd0] Writing "889. foo bar"
19:47:20.302 [XNIO-10 I/O-2] DEBUG o.s.c.c.CharSequenceEncoder - [78dbcfd0] Writing "890. foo bar"
19:47:20.302 [XNIO-10 I/O-2] DEBUG o.s.c.c.CharSequenceEncoder - [78dbcfd0] Writing "891. foo bar"
19:47:20.302 [XNIO-10 I/O-2] DEBUG o.s.c.c.CharSequenceEncoder - [78dbcfd0] Writing "892. foo bar"
19:47:20.302 [XNIO-10 I/O-2] DEBUG o.s.c.c.CharSequenceEncoder - [78dbcfd0] Writing "893. foo bar"
19:47:20.303 [XNIO-10 I/O-2] DEBUG o.s.c.c.CharSequenceEncoder - [78dbcfd0] Writing "894. foo bar"
19:47:20.303 [XNIO-10 I/O-2] DEBUG o.s.c.c.CharSequenceEncoder - [78dbcfd0] Writing "895. foo bar"
19:47:20.303 [XNIO-10 I/O-2] DEBUG o.s.c.c.CharSequenceEncoder - [78dbcfd0] Writing "896. foo bar"
19:47:20.303 [XNIO-10 I/O-2] DEBUG o.s.c.c.CharSequenceEncoder - [78dbcfd0] Writing "897. foo bar"
19:47:20.303 [XNIO-10 I/O-2] DEBUG o.s.c.c.CharSequenceEncoder - [78dbcfd0] Writing "898. foo bar"
19:47:20.303 [XNIO-10 I/O-2] DEBUG o.s.c.c.CharSequenceEncoder - [78dbcfd0] Writing "899. foo bar"
19:47:20.303 [XNIO-10 I/O-2] DEBUG o.s.c.c.CharSequenceEncoder - [78dbcfd0] Writing "900. foo bar"
19:47:20.303 [XNIO-10 I/O-2] DEBUG o.s.c.c.CharSequenceEncoder - [78dbcfd0] Writing "901. foo bar"
19:47:20.303 [XNIO-10 I/O-2] DEBUG o.s.c.c.CharSequenceEncoder - [78dbcfd0] Writing "902. foo bar"
19:47:20.303 [XNIO-10 I/O-2] DEBUG o.s.c.c.CharSequenceEncoder - [78dbcfd0] Writing "903. foo bar"
19:47:20.304 [XNIO-10 I/O-2] DEBUG o.s.c.c.CharSequenceEncoder - [78dbcfd0] Writing "904. foo bar"
19:47:20.304 [XNIO-10 I/O-2] DEBUG o.s.c.c.CharSequenceEncoder - [78dbcfd0] Writing "905. foo bar"
19:47:20.304 [XNIO-10 I/O-2] DEBUG o.s.c.c.CharSequenceEncoder - [78dbcfd0] Writing "906. foo bar"
19:47:20.304 [XNIO-10 I/O-2] DEBUG o.s.c.c.CharSequenceEncoder - [78dbcfd0] Writing "907. foo bar"
19:47:20.304 [XNIO-10 I/O-2] DEBUG o.s.c.c.CharSequenceEncoder - [78dbcfd0] Writing "908. foo bar"
19:47:20.304 [XNIO-10 I/O-2] DEBUG o.s.c.c.CharSequenceEncoder - [78dbcfd0] Writing "909. foo bar"
19:47:20.304 [XNIO-10 I/O-2] DEBUG o.s.c.c.CharSequenceEncoder - [78dbcfd0] Writing "910. foo bar"
19:47:20.304 [XNIO-10 I/O-2] DEBUG o.s.c.c.CharSequenceEncoder - [78dbcfd0] Writing "911. foo bar"
19:47:20.304 [XNIO-10 I/O-2] DEBUG o.s.c.c.CharSequenceEncoder - [78dbcfd0] Writing "912. foo bar"
19:47:20.304 [XNIO-10 I/O-2] DEBUG o.s.c.c.CharSequenceEncoder - [78dbcfd0] Writing "913. foo bar"
19:47:20.304 [XNIO-10 I/O-2] DEBUG o.s.c.c.CharSequenceEncoder - [78dbcfd0] Writing "914. foo bar"
19:47:20.305 [XNIO-10 I/O-2] DEBUG o.s.c.c.CharSequenceEncoder - [78dbcfd0] Writing "915. foo bar"
19:47:20.305 [XNIO-10 I/O-2] DEBUG o.s.c.c.CharSequenceEncoder - [78dbcfd0] Writing "916. foo bar"
19:47:20.305 [XNIO-10 I/O-2] DEBUG o.s.c.c.CharSequenceEncoder - [78dbcfd0] Writing "917. foo bar"
19:47:20.305 [XNIO-10 I/O-2] DEBUG o.s.c.c.CharSequenceEncoder - [78dbcfd0] Writing "918. foo bar"
19:47:20.305 [XNIO-10 I/O-2] DEBUG o.s.c.c.CharSequenceEncoder - [78dbcfd0] Writing "919. foo bar"
19:47:20.305 [XNIO-10 I/O-2] DEBUG o.s.c.c.CharSequenceEncoder - [78dbcfd0] Writing "920. foo bar"
19:47:20.305 [XNIO-10 I/O-2] DEBUG o.s.c.c.CharSequenceEncoder - [78dbcfd0] Writing "921. foo bar"
19:47:20.305 [XNIO-10 I/O-2] DEBUG o.s.c.c.CharSequenceEncoder - [78dbcfd0] Writing "922. foo bar"
19:47:20.305 [XNIO-10 I/O-2] DEBUG o.s.c.c.CharSequenceEncoder - [78dbcfd0] Writing "923. foo bar"
19:47:20.305 [XNIO-10 I/O-2] DEBUG o.s.c.c.CharSequenceEncoder - [78dbcfd0] Writing "924. foo bar"
19:47:20.305 [XNIO-10 I/O-2] DEBUG o.s.c.c.CharSequenceEncoder - [78dbcfd0] Writing "925. foo bar"
19:47:20.305 [XNIO-10 I/O-2] DEBUG o.s.c.c.CharSequenceEncoder - [78dbcfd0] Writing "926. foo bar"
19:47:20.305 [XNIO-10 I/O-2] DEBUG o.s.c.c.CharSequenceEncoder - [78dbcfd0] Writing "927. foo bar"
19:47:20.305 [XNIO-10 I/O-2] DEBUG o.s.c.c.CharSequenceEncoder - [78dbcfd0] Writing "928. foo bar"
19:47:20.306 [XNIO-10 I/O-2] DEBUG o.s.c.c.CharSequenceEncoder - [78dbcfd0] Writing "929. foo bar"
19:47:20.306 [XNIO-10 I/O-2] DEBUG o.s.c.c.CharSequenceEncoder - [78dbcfd0] Writing "930. foo bar"
19:47:20.306 [XNIO-10 I/O-2] DEBUG o.s.c.c.CharSequenceEncoder - [78dbcfd0] Writing "931. foo bar"
19:47:20.306 [XNIO-10 I/O-2] DEBUG o.s.c.c.CharSequenceEncoder - [78dbcfd0] Writing "932. foo bar"
19:47:20.306 [XNIO-10 I/O-2] DEBUG o.s.c.c.CharSequenceEncoder - [78dbcfd0] Writing "933. foo bar"
19:47:20.306 [XNIO-10 I/O-2] DEBUG o.s.c.c.CharSequenceEncoder - [78dbcfd0] Writing "934. foo bar"
19:47:20.306 [XNIO-10 I/O-2] DEBUG o.s.c.c.CharSequenceEncoder - [78dbcfd0] Writing "935. foo bar"
19:47:20.306 [XNIO-10 I/O-2] DEBUG o.s.c.c.CharSequenceEncoder - [78dbcfd0] Writing "936. foo bar"
19:47:20.306 [XNIO-10 I/O-2] DEBUG o.s.c.c.CharSequenceEncoder - [78dbcfd0] Writing "937. foo bar"
19:47:20.306 [XNIO-10 I/O-2] DEBUG o.s.c.c.CharSequenceEncoder - [78dbcfd0] Writing "938. foo bar"
19:47:20.306 [XNIO-10 I/O-2] DEBUG o.s.c.c.CharSequenceEncoder - [78dbcfd0] Writing "939. foo bar"
19:47:20.306 [XNIO-10 I/O-2] DEBUG o.s.c.c.CharSequenceEncoder - [78dbcfd0] Writing "940. foo bar"
19:47:20.306 [XNIO-10 I/O-2] DEBUG o.s.c.c.CharSequenceEncoder - [78dbcfd0] Writing "941. foo bar"
19:47:20.307 [XNIO-10 I/O-2] DEBUG o.s.c.c.CharSequenceEncoder - [78dbcfd0] Writing "942. foo bar"
19:47:20.307 [XNIO-10 I/O-2] DEBUG o.s.c.c.CharSequenceEncoder - [78dbcfd0] Writing "943. foo bar"
19:47:20.307 [XNIO-10 I/O-2] DEBUG o.s.c.c.CharSequenceEncoder - [78dbcfd0] Writing "944. foo bar"
19:47:20.307 [XNIO-10 I/O-2] DEBUG o.s.c.c.CharSequenceEncoder - [78dbcfd0] Writing "945. foo bar"
19:47:20.307 [XNIO-10 I/O-2] DEBUG o.s.c.c.CharSequenceEncoder - [78dbcfd0] Writing "946. foo bar"
19:47:20.307 [XNIO-10 I/O-2] DEBUG o.s.c.c.CharSequenceEncoder - [78dbcfd0] Writing "947. foo bar"
19:47:20.307 [XNIO-10 I/O-2] DEBUG o.s.c.c.CharSequenceEncoder - [78dbcfd0] Writing "948. foo bar"
19:47:20.307 [XNIO-10 I/O-2] DEBUG o.s.c.c.CharSequenceEncoder - [78dbcfd0] Writing "949. foo bar"
19:47:20.307 [XNIO-10 I/O-2] DEBUG o.s.c.c.CharSequenceEncoder - [78dbcfd0] Writing "950. foo bar"
19:47:20.307 [XNIO-10 I/O-2] DEBUG o.s.c.c.CharSequenceEncoder - [78dbcfd0] Writing "951. foo bar"
19:47:20.307 [XNIO-10 I/O-2] DEBUG o.s.c.c.CharSequenceEncoder - [78dbcfd0] Writing "952. foo bar"
19:47:20.308 [XNIO-10 I/O-2] DEBUG o.s.c.c.CharSequenceEncoder - [78dbcfd0] Writing "953. foo bar"
19:47:20.308 [XNIO-10 I/O-2] DEBUG o.s.c.c.CharSequenceEncoder - [78dbcfd0] Writing "954. foo bar"
19:47:20.308 [XNIO-10 I/O-2] DEBUG o.s.c.c.CharSequenceEncoder - [78dbcfd0] Writing "955. foo bar"
19:47:20.308 [XNIO-10 I/O-2] DEBUG o.s.c.c.CharSequenceEncoder - [78dbcfd0] Writing "956. foo bar"
19:47:20.308 [XNIO-10 I/O-2] DEBUG o.s.c.c.CharSequenceEncoder - [78dbcfd0] Writing "957. foo bar"
19:47:20.308 [XNIO-10 I/O-2] DEBUG o.s.c.c.CharSequenceEncoder - [78dbcfd0] Writing "958. foo bar"
19:47:20.308 [XNIO-10 I/O-2] DEBUG o.s.c.c.CharSequenceEncoder - [78dbcfd0] Writing "959. foo bar"
19:47:20.308 [XNIO-10 I/O-2] DEBUG o.s.c.c.CharSequenceEncoder - [78dbcfd0] Writing "960. foo bar"
19:47:20.309 [XNIO-10 I/O-2] DEBUG o.s.c.c.CharSequenceEncoder - [78dbcfd0] Writing "961. foo bar"
19:47:20.309 [XNIO-10 I/O-2] DEBUG o.s.c.c.CharSequenceEncoder - [78dbcfd0] Writing "962. foo bar"
19:47:20.309 [XNIO-10 I/O-2] DEBUG o.s.c.c.CharSequenceEncoder - [78dbcfd0] Writing "963. foo bar"
19:47:20.309 [XNIO-10 I/O-2] DEBUG o.s.c.c.CharSequenceEncoder - [78dbcfd0] Writing "964. foo bar"
19:47:20.309 [XNIO-10 I/O-2] DEBUG o.s.c.c.CharSequenceEncoder - [78dbcfd0] Writing "965. foo bar"
19:47:20.309 [XNIO-10 I/O-2] DEBUG o.s.c.c.CharSequenceEncoder - [78dbcfd0] Writing "966. foo bar"
19:47:20.309 [XNIO-10 I/O-2] DEBUG o.s.c.c.CharSequenceEncoder - [78dbcfd0] Writing "967. foo bar"
19:47:20.309 [XNIO-10 I/O-2] DEBUG o.s.c.c.CharSequenceEncoder - [78dbcfd0] Writing "968. foo bar"
19:47:20.309 [XNIO-10 I/O-2] DEBUG o.s.c.c.CharSequenceEncoder - [78dbcfd0] Writing "969. foo bar"
19:47:20.310 [XNIO-10 I/O-2] DEBUG o.s.c.c.CharSequenceEncoder - [78dbcfd0] Writing "970. foo bar"
19:47:20.310 [XNIO-10 I/O-2] DEBUG o.s.c.c.CharSequenceEncoder - [78dbcfd0] Writing "971. foo bar"
19:47:20.310 [XNIO-10 I/O-2] DEBUG o.s.c.c.CharSequenceEncoder - [78dbcfd0] Writing "972. foo bar"
19:47:20.310 [XNIO-10 I/O-2] DEBUG o.s.c.c.CharSequenceEncoder - [78dbcfd0] Writing "973. foo bar"
19:47:20.310 [XNIO-10 I/O-2] DEBUG o.s.c.c.CharSequenceEncoder - [78dbcfd0] Writing "974. foo bar"
19:47:20.310 [XNIO-10 I/O-2] DEBUG o.s.c.c.CharSequenceEncoder - [78dbcfd0] Writing "975. foo bar"
19:47:20.310 [XNIO-10 I/O-2] DEBUG o.s.c.c.CharSequenceEncoder - [78dbcfd0] Writing "976. foo bar"
19:47:20.310 [XNIO-10 I/O-2] DEBUG o.s.c.c.CharSequenceEncoder - [78dbcfd0] Writing "977. foo bar"
19:47:20.310 [XNIO-10 I/O-2] DEBUG o.s.c.c.CharSequenceEncoder - [78dbcfd0] Writing "978. foo bar"
19:47:20.310 [XNIO-10 I/O-2] DEBUG o.s.c.c.CharSequenceEncoder - [78dbcfd0] Writing "979. foo bar"
19:47:20.311 [XNIO-10 I/O-2] DEBUG o.s.c.c.CharSequenceEncoder - [78dbcfd0] Writing "980. foo bar"
19:47:20.311 [XNIO-10 I/O-2] DEBUG o.s.c.c.CharSequenceEncoder - [78dbcfd0] Writing "981. foo bar"
19:47:20.311 [XNIO-10 I/O-2] DEBUG o.s.c.c.CharSequenceEncoder - [78dbcfd0] Writing "982. foo bar"
19:47:20.311 [XNIO-10 I/O-2] DEBUG o.s.c.c.CharSequenceEncoder - [78dbcfd0] Writing "983. foo bar"
19:47:20.311 [XNIO-10 I/O-2] DEBUG o.s.c.c.CharSequenceEncoder - [78dbcfd0] Writing "984. foo bar"
19:47:20.311 [XNIO-10 I/O-2] DEBUG o.s.c.c.CharSequenceEncoder - [78dbcfd0] Writing "985. foo bar"
19:47:20.311 [XNIO-10 I/O-2] DEBUG o.s.c.c.CharSequenceEncoder - [78dbcfd0] Writing "986. foo bar"
19:47:20.311 [XNIO-10 I/O-2] DEBUG o.s.c.c.CharSequenceEncoder - [78dbcfd0] Writing "987. foo bar"
19:47:20.311 [XNIO-10 I/O-2] DEBUG o.s.c.c.CharSequenceEncoder - [78dbcfd0] Writing "988. foo bar"
19:47:20.311 [XNIO-10 I/O-2] DEBUG o.s.c.c.CharSequenceEncoder - [78dbcfd0] Writing "989. foo bar"
19:47:20.312 [XNIO-10 I/O-2] DEBUG o.s.c.c.CharSequenceEncoder - [78dbcfd0] Writing "990. foo bar"
19:47:20.312 [XNIO-10 I/O-2] DEBUG o.s.c.c.CharSequenceEncoder - [78dbcfd0] Writing "991. foo bar"
19:47:20.312 [XNIO-10 I/O-2] DEBUG o.s.c.c.CharSequenceEncoder - [78dbcfd0] Writing "992. foo bar"
19:47:20.312 [XNIO-10 I/O-2] DEBUG o.s.c.c.CharSequenceEncoder - [78dbcfd0] Writing "993. foo bar"
19:47:20.312 [XNIO-10 I/O-2] DEBUG o.s.c.c.CharSequenceEncoder - [78dbcfd0] Writing "994. foo bar"
19:47:20.312 [XNIO-10 I/O-2] DEBUG o.s.c.c.CharSequenceEncoder - [78dbcfd0] Writing "995. foo bar"
19:47:20.313 [XNIO-10 I/O-2] DEBUG o.s.c.c.CharSequenceEncoder - [78dbcfd0] Writing "996. foo bar"
19:47:20.313 [XNIO-10 I/O-2] DEBUG o.s.c.c.CharSequenceEncoder - [78dbcfd0] Writing "997. foo bar"
19:47:20.313 [XNIO-10 I/O-2] DEBUG o.s.c.c.CharSequenceEncoder - [78dbcfd0] Writing "998. foo bar"
19:47:20.313 [XNIO-10 I/O-2] DEBUG o.s.c.c.CharSequenceEncoder - [78dbcfd0] Writing "999. foo bar"
19:47:20.314 [XNIO-10 I/O-2] ERROR o.s.w.s.a.HttpWebHandlerAdapter - [78dbcfd0] Error [java.lang.RuntimeException: Random error] for HTTP GET "/SPR-16051", but ServerHttpResponse already committed (200 OK)
19:47:20.314 [XNIO-10 I/O-2] DEBUG o.s.h.s.r.UndertowHttpHandlerAdapter - [78dbcfd0] Closing connection
19:47:20.315 [Test worker] DEBUG o.s.h.s.r.b.UndertowHttpServer - Stopping UndertowHttpServer...
19:47:20.317 [Test worker] DEBUG o.s.h.s.r.b.UndertowHttpServer - Server stopped (0 millis).
19:47:20.391 [Test worker] DEBUG o.s.w.r.r.m.a.RequestMappingHandlerMapping - 6 mappings in 'requestMappingHandlerMapping'
19:47:20.443 [Test worker] DEBUG o.s.w.r.r.m.a.ControllerMethodResolver - ControllerAdvice beans: none
19:47:20.512 [Test worker] DEBUG o.s.w.s.a.HttpWebHandlerAdapter - enableLoggingRequestDetails='false': form data and headers will be masked to prevent unsafe logging of potentially sensitive data
19:47:20.512 [Test worker] DEBUG o.s.h.s.r.b.UndertowHttpServer - Starting UndertowHttpServer...
19:47:20.518 [Test worker] DEBUG o.s.h.s.r.b.UndertowHttpServer - Server started on port 50381(0 millis).
19:47:20.519 [Test worker] DEBUG o.s.w.c.RestTemplate - HTTP GET http://localhost:50381/thrown-exception-with-cause
19:47:20.519 [Test worker] DEBUG o.s.w.c.RestTemplate - Accept=[text/plain, application/json, application/x-jackson-smile, application/*+json, */*]
19:47:20.521 [XNIO-11 I/O-2] DEBUG o.s.w.s.a.HttpWebHandlerAdapter - [3207a9] HTTP GET "/thrown-exception-with-cause"
19:47:20.522 [XNIO-11 I/O-2] DEBUG o.s.w.r.r.m.a.RequestMappingHandlerMapping - [3207a9] Mapped to org.springframework.web.reactive.result.method.annotation.RequestMappingExceptionHandlingIntegrationTests$TestController#handleAndThrowExceptionWithCause()
19:47:20.524 [XNIO-11 I/O-2] DEBUG o.s.w.r.r.m.a.RequestMappingHandlerAdapter - [3207a9] Using @ExceptionHandler org.springframework.web.reactive.result.method.annotation.RequestMappingExceptionHandlingIntegrationTests$TestController#handleStateException(IllegalStateException)
19:47:20.525 [XNIO-11 I/O-2] DEBUG o.s.w.r.r.m.a.ResponseEntityResultHandler - Using 'text/plain;charset=UTF-8' given [text/plain, application/json, application/x-jackson-smile, application/*+json, */*] and supported [text/plain;charset=UTF-8, text/event-stream, text/plain;charset=UTF-8, */*]
19:47:20.525 [XNIO-11 I/O-2] DEBUG o.s.w.r.r.m.a.ResponseEntityResultHandler - [3207a9] 0..1 [java.lang.String]
19:47:20.525 [XNIO-11 I/O-2] DEBUG o.s.c.c.CharSequenceEncoder - [3207a9] Writing "Recovered from error: State"
19:47:20.526 [XNIO-11 I/O-2] DEBUG o.s.w.s.a.HttpWebHandlerAdapter - [3207a9] Completed 200 OK
19:47:20.526 [Test worker] DEBUG o.s.w.c.RestTemplate - Response 200 OK
19:47:20.527 [Test worker] DEBUG o.s.w.c.RestTemplate - Reading to [java.lang.String] as "text/plain;charset=UTF-8"
19:47:20.527 [Test worker] DEBUG o.s.h.s.r.b.UndertowHttpServer - Stopping UndertowHttpServer...
19:47:20.531 [Test worker] DEBUG o.s.h.s.r.b.UndertowHttpServer - Server stopped (0 millis).
]]></system-out>
  <system-err><![CDATA[六月 21, 2019 7:47:17 下午 org.apache.catalina.core.StandardService startInternal
信息: Starting service [Tomcat]
六月 21, 2019 7:47:17 下午 org.apache.catalina.core.StandardEngine startInternal
信息: Starting Servlet engine: [Apache Tomcat/9.0.21]
六月 21, 2019 7:47:17 下午 org.apache.coyote.AbstractProtocol init
信息: Initializing ProtocolHandler ["http-nio-auto-6"]
六月 21, 2019 7:47:17 下午 org.apache.coyote.AbstractProtocol start
信息: Starting ProtocolHandler ["http-nio-auto-6-50353"]
六月 21, 2019 7:47:17 下午 org.apache.coyote.AbstractProtocol pause
信息: Pausing ProtocolHandler ["http-nio-auto-6-50353"]
六月 21, 2019 7:47:17 下午 org.apache.catalina.core.StandardService stopInternal
信息: Stopping service [Tomcat]
六月 21, 2019 7:47:17 下午 org.apache.coyote.AbstractProtocol stop
信息: Stopping ProtocolHandler ["http-nio-auto-6-50353"]
六月 21, 2019 7:47:17 下午 org.apache.coyote.AbstractProtocol destroy
信息: Destroying ProtocolHandler ["http-nio-auto-6-50353"]
六月 21, 2019 7:47:18 下午 org.apache.catalina.core.StandardService startInternal
信息: Starting service [Tomcat]
六月 21, 2019 7:47:18 下午 org.apache.catalina.core.StandardEngine startInternal
信息: Starting Servlet engine: [Apache Tomcat/9.0.21]
六月 21, 2019 7:47:18 下午 org.apache.coyote.AbstractProtocol init
信息: Initializing ProtocolHandler ["http-nio-auto-7"]
六月 21, 2019 7:47:18 下午 org.apache.coyote.AbstractProtocol start
信息: Starting ProtocolHandler ["http-nio-auto-7-50356"]
六月 21, 2019 7:47:18 下午 org.apache.coyote.AbstractProtocol pause
信息: Pausing ProtocolHandler ["http-nio-auto-7-50356"]
六月 21, 2019 7:47:18 下午 org.apache.catalina.core.StandardService stopInternal
信息: Stopping service [Tomcat]
六月 21, 2019 7:47:18 下午 org.apache.coyote.AbstractProtocol stop
信息: Stopping ProtocolHandler ["http-nio-auto-7-50356"]
六月 21, 2019 7:47:18 下午 org.apache.coyote.AbstractProtocol destroy
信息: Destroying ProtocolHandler ["http-nio-auto-7-50356"]
六月 21, 2019 7:47:18 下午 org.apache.catalina.core.StandardService startInternal
信息: Starting service [Tomcat]
六月 21, 2019 7:47:18 下午 org.apache.catalina.core.StandardEngine startInternal
信息: Starting Servlet engine: [Apache Tomcat/9.0.21]
六月 21, 2019 7:47:18 下午 org.apache.coyote.AbstractProtocol init
信息: Initializing ProtocolHandler ["http-nio-auto-8"]
六月 21, 2019 7:47:18 下午 org.apache.coyote.AbstractProtocol start
信息: Starting ProtocolHandler ["http-nio-auto-8-50359"]
六月 21, 2019 7:47:18 下午 org.apache.coyote.AbstractProtocol pause
信息: Pausing ProtocolHandler ["http-nio-auto-8-50359"]
六月 21, 2019 7:47:18 下午 org.apache.catalina.core.StandardService stopInternal
信息: Stopping service [Tomcat]
六月 21, 2019 7:47:18 下午 org.apache.coyote.AbstractProtocol stop
信息: Stopping ProtocolHandler ["http-nio-auto-8-50359"]
六月 21, 2019 7:47:18 下午 org.apache.coyote.AbstractProtocol destroy
信息: Destroying ProtocolHandler ["http-nio-auto-8-50359"]
六月 21, 2019 7:47:18 下午 org.apache.catalina.core.StandardService startInternal
信息: Starting service [Tomcat]
六月 21, 2019 7:47:18 下午 org.apache.catalina.core.StandardEngine startInternal
信息: Starting Servlet engine: [Apache Tomcat/9.0.21]
六月 21, 2019 7:47:18 下午 org.apache.coyote.AbstractProtocol init
信息: Initializing ProtocolHandler ["http-nio-auto-9"]
六月 21, 2019 7:47:18 下午 org.apache.coyote.AbstractProtocol start
信息: Starting ProtocolHandler ["http-nio-auto-9-50362"]
六月 21, 2019 7:47:18 下午 org.apache.coyote.AbstractProtocol pause
信息: Pausing ProtocolHandler ["http-nio-auto-9-50362"]
六月 21, 2019 7:47:18 下午 org.apache.catalina.core.StandardService stopInternal
信息: Stopping service [Tomcat]
六月 21, 2019 7:47:18 下午 org.apache.coyote.AbstractProtocol stop
信息: Stopping ProtocolHandler ["http-nio-auto-9-50362"]
六月 21, 2019 7:47:18 下午 org.apache.coyote.AbstractProtocol destroy
信息: Destroying ProtocolHandler ["http-nio-auto-9-50362"]
六月 21, 2019 7:47:18 下午 org.apache.catalina.core.StandardService startInternal
信息: Starting service [Tomcat]
六月 21, 2019 7:47:18 下午 org.apache.catalina.core.StandardEngine startInternal
信息: Starting Servlet engine: [Apache Tomcat/9.0.21]
六月 21, 2019 7:47:18 下午 org.apache.coyote.AbstractProtocol init
信息: Initializing ProtocolHandler ["http-nio-auto-10"]
六月 21, 2019 7:47:18 下午 org.apache.coyote.AbstractProtocol start
信息: Starting ProtocolHandler ["http-nio-auto-10-50365"]
六月 21, 2019 7:47:18 下午 org.apache.catalina.core.ApplicationDispatcher invoke
严重: Servlet.service() for servlet [httpHandlerServlet] threw exception
java.lang.RuntimeException: Random error
	at org.springframework.web.reactive.result.method.annotation.RequestMappingExceptionHandlingIntegrationTests$TestController.lambda$errors$0(RequestMappingExceptionHandlingIntegrationTests.java:142)
	at reactor.core.publisher.FluxMapFuseable$MapFuseableSubscriber.onNext(FluxMapFuseable.java:107)
	at reactor.core.publisher.FluxRange$RangeSubscription.slowPath(FluxRange.java:154)
	at reactor.core.publisher.FluxRange$RangeSubscription.request(FluxRange.java:109)
	at reactor.core.publisher.FluxMapFuseable$MapFuseableSubscriber.request(FluxMapFuseable.java:162)
	at reactor.core.publisher.FluxMapFuseable$MapFuseableSubscriber.request(FluxMapFuseable.java:162)
	at org.springframework.http.server.reactive.ChannelSendOperator$WriteBarrier.request(ChannelSendOperator.java:256)
	at org.springframework.http.server.reactive.AbstractListenerWriteProcessor$State$3.onWritePossible(AbstractListenerWriteProcessor.java:362)
	at org.springframework.http.server.reactive.AbstractListenerWriteProcessor.onWritePossible(AbstractListenerWriteProcessor.java:143)
	at org.springframework.http.server.reactive.ServletServerHttpResponse$ResponseBodyWriteListener.onWritePossible(ServletServerHttpResponse.java:254)
	at org.apache.coyote.Response.onWritePossible(Response.java:760)
	at org.apache.catalina.connector.CoyoteAdapter.asyncDispatch(CoyoteAdapter.java:188)
	at org.apache.coyote.AbstractProcessor.dispatch(AbstractProcessor.java:241)
	at org.apache.coyote.AbstractProcessorLight.process(AbstractProcessorLight.java:53)
	at org.apache.coyote.AbstractProtocol$ConnectionHandler.process(AbstractProtocol.java:853)
	at org.apache.tomcat.util.net.NioEndpoint$SocketProcessor.doRun(NioEndpoint.java:1587)
	at org.apache.tomcat.util.net.SocketProcessorBase.run(SocketProcessorBase.java:49)
	at java.util.concurrent.ThreadPoolExecutor.runWorker(ThreadPoolExecutor.java:1149)
	at java.util.concurrent.ThreadPoolExecutor$Worker.run(ThreadPoolExecutor.java:624)
	at org.apache.tomcat.util.threads.TaskThread$WrappingRunnable.run(TaskThread.java:61)
	at java.lang.Thread.run(Thread.java:748)
	Suppressed: reactor.core.publisher.FluxOnAssembly$OnAssemblyException: 
Error has been observed at the following site(s):
	|_ checkpoint ⇢ Handler org.springframework.web.reactive.result.method.annotation.RequestMappingExceptionHandlingIntegrationTests$TestController#errors() [DispatcherHandler]
	|_ checkpoint ⇢ HTTP GET "/SPR-16051" [ExceptionHandlingWebHandler]


六月 21, 2019 7:47:18 下午 org.apache.catalina.core.StandardWrapperValve invoke
严重: Servlet.service() for servlet [httpHandlerServlet] in context with path [] threw exception [Failed to create response content] with root cause
java.lang.RuntimeException: Random error
	at org.springframework.web.reactive.result.method.annotation.RequestMappingExceptionHandlingIntegrationTests$TestController.lambda$errors$0(RequestMappingExceptionHandlingIntegrationTests.java:142)
	at reactor.core.publisher.FluxMapFuseable$MapFuseableSubscriber.onNext(FluxMapFuseable.java:107)
	at reactor.core.publisher.FluxRange$RangeSubscription.slowPath(FluxRange.java:154)
	at reactor.core.publisher.FluxRange$RangeSubscription.request(FluxRange.java:109)
	at reactor.core.publisher.FluxMapFuseable$MapFuseableSubscriber.request(FluxMapFuseable.java:162)
	at reactor.core.publisher.FluxMapFuseable$MapFuseableSubscriber.request(FluxMapFuseable.java:162)
	at org.springframework.http.server.reactive.ChannelSendOperator$WriteBarrier.request(ChannelSendOperator.java:256)
	at org.springframework.http.server.reactive.AbstractListenerWriteProcessor$State$3.onWritePossible(AbstractListenerWriteProcessor.java:362)
	at org.springframework.http.server.reactive.AbstractListenerWriteProcessor.onWritePossible(AbstractListenerWriteProcessor.java:143)
	at org.springframework.http.server.reactive.ServletServerHttpResponse$ResponseBodyWriteListener.onWritePossible(ServletServerHttpResponse.java:254)
	at org.apache.coyote.Response.onWritePossible(Response.java:760)
	at org.apache.catalina.connector.CoyoteAdapter.asyncDispatch(CoyoteAdapter.java:188)
	at org.apache.coyote.AbstractProcessor.dispatch(AbstractProcessor.java:241)
	at org.apache.coyote.AbstractProcessorLight.process(AbstractProcessorLight.java:53)
	at org.apache.coyote.AbstractProtocol$ConnectionHandler.process(AbstractProtocol.java:853)
	at org.apache.tomcat.util.net.NioEndpoint$SocketProcessor.doRun(NioEndpoint.java:1587)
	at org.apache.tomcat.util.net.SocketProcessorBase.run(SocketProcessorBase.java:49)
	at java.util.concurrent.ThreadPoolExecutor.runWorker(ThreadPoolExecutor.java:1149)
	at java.util.concurrent.ThreadPoolExecutor$Worker.run(ThreadPoolExecutor.java:624)
	at org.apache.tomcat.util.threads.TaskThread$WrappingRunnable.run(TaskThread.java:61)
	at java.lang.Thread.run(Thread.java:748)
	Suppressed: reactor.core.publisher.FluxOnAssembly$OnAssemblyException: 
Error has been observed at the following site(s):
	|_ checkpoint ⇢ Handler org.springframework.web.reactive.result.method.annotation.RequestMappingExceptionHandlingIntegrationTests$TestController#errors() [DispatcherHandler]
	|_ checkpoint ⇢ HTTP GET "/SPR-16051" [ExceptionHandlingWebHandler]


六月 21, 2019 7:47:18 下午 org.apache.coyote.AbstractProtocol pause
信息: Pausing ProtocolHandler ["http-nio-auto-10-50365"]
六月 21, 2019 7:47:18 下午 org.apache.catalina.core.StandardService stopInternal
信息: Stopping service [Tomcat]
六月 21, 2019 7:47:18 下午 org.apache.coyote.AbstractProtocol stop
信息: Stopping ProtocolHandler ["http-nio-auto-10-50365"]
六月 21, 2019 7:47:18 下午 org.apache.coyote.AbstractProtocol destroy
信息: Destroying ProtocolHandler ["http-nio-auto-10-50365"]
六月 21, 2019 7:47:19 下午 org.apache.catalina.core.StandardService startInternal
信息: Starting service [Tomcat]
六月 21, 2019 7:47:19 下午 org.apache.catalina.core.StandardEngine startInternal
信息: Starting Servlet engine: [Apache Tomcat/9.0.21]
六月 21, 2019 7:47:19 下午 org.apache.coyote.AbstractProtocol init
信息: Initializing ProtocolHandler ["http-nio-auto-11"]
六月 21, 2019 7:47:19 下午 org.apache.coyote.AbstractProtocol start
信息: Starting ProtocolHandler ["http-nio-auto-11-50368"]
六月 21, 2019 7:47:19 下午 org.apache.coyote.AbstractProtocol pause
信息: Pausing ProtocolHandler ["http-nio-auto-11-50368"]
六月 21, 2019 7:47:19 下午 org.apache.catalina.core.StandardService stopInternal
信息: Stopping service [Tomcat]
六月 21, 2019 7:47:19 下午 org.apache.coyote.AbstractProtocol stop
信息: Stopping ProtocolHandler ["http-nio-auto-11-50368"]
六月 21, 2019 7:47:19 下午 org.apache.coyote.AbstractProtocol destroy
信息: Destroying ProtocolHandler ["http-nio-auto-11-50368"]
]]></system-err>
</testsuite>
