<?xml version="1.0" encoding="UTF-8"?>
<testsuite name="org.springframework.web.reactive.result.method.annotation.RequestMappingDataBindingIntegrationTests" tests="8" skipped="0" failures="0" errors="0" timestamp="2020-11-25T14:43:01" hostname="lichangbaodeMacBook-Pro.local" time="0.654">
  <properties/>
  <testcase name="handleDateParam[server [org.springframework.http.server.reactive.bootstrap.JettyHttpServer@1c0e2a8f]]" classname="org.springframework.web.reactive.result.method.annotation.RequestMappingDataBindingIntegrationTests" time="0.084"/>
  <testcase name="handleForm[server [org.springframework.http.server.reactive.bootstrap.JettyHttpServer@1c0e2a8f]]" classname="org.springframework.web.reactive.result.method.annotation.RequestMappingDataBindingIntegrationTests" time="0.078"/>
  <testcase name="handleDateParam[server [org.springframework.http.server.reactive.bootstrap.ReactorHttpServer@41a0c5c0]]" classname="org.springframework.web.reactive.result.method.annotation.RequestMappingDataBindingIntegrationTests" time="0.071"/>
  <testcase name="handleForm[server [org.springframework.http.server.reactive.bootstrap.ReactorHttpServer@41a0c5c0]]" classname="org.springframework.web.reactive.result.method.annotation.RequestMappingDataBindingIntegrationTests" time="0.074"/>
  <testcase name="handleDateParam[server [org.springframework.http.server.reactive.bootstrap.TomcatHttpServer@7c2c6346]]" classname="org.springframework.web.reactive.result.method.annotation.RequestMappingDataBindingIntegrationTests" time="0.088"/>
  <testcase name="handleForm[server [org.springframework.http.server.reactive.bootstrap.TomcatHttpServer@7c2c6346]]" classname="org.springframework.web.reactive.result.method.annotation.RequestMappingDataBindingIntegrationTests" time="0.102"/>
  <testcase name="handleDateParam[server [org.springframework.http.server.reactive.bootstrap.UndertowHttpServer@7c7dbc89]]" classname="org.springframework.web.reactive.result.method.annotation.RequestMappingDataBindingIntegrationTests" time="0.083"/>
  <testcase name="handleForm[server [org.springframework.http.server.reactive.bootstrap.UndertowHttpServer@7c7dbc89]]" classname="org.springframework.web.reactive.result.method.annotation.RequestMappingDataBindingIntegrationTests" time="0.074"/>
  <system-out><![CDATA[22:43:01.735 [Test worker] DEBUG o.s.w.r.r.m.a.RequestMappingHandlerMapping - 2 mappings in 'requestMappingHandlerMapping'
22:43:01.750 [Test worker] DEBUG o.s.w.r.r.m.a.ControllerMethodResolver - ControllerAdvice beans: none
22:43:01.774 [Test worker] DEBUG o.s.w.s.a.HttpWebHandlerAdapter - enableLoggingRequestDetails='false': form data and headers will be masked to prevent unsafe logging of potentially sensitive data
22:43:01.774 [Test worker] WARN  o.e.j.s.h.ContextHandler - Empty contextPath
22:43:01.774 [Test worker] INFO  o.e.j.s.h.ContextHandler - Started o.e.j.s.ServletContextHandler@198ce04{/,null,AVAILABLE}
22:43:01.774 [Test worker] DEBUG o.s.h.s.r.b.JettyHttpServer - Starting JettyHttpServer...
22:43:01.774 [Test worker] INFO  o.e.j.s.Server - jetty-9.4.18.v20190429; built: 2019-04-29T20:42:08.989Z; git: e1bc35120a6617ee3df052294e433f3a25ce7097; jvm 1.8.0_211-b12
22:43:01.775 [Test worker] INFO  o.e.j.s.AbstractConnector - Started ServerConnector@34ff7e35{HTTP/1.1,[http/1.1]}{0.0.0.0:54247}
22:43:01.775 [Test worker] INFO  o.e.j.s.Server - Started @54202ms
22:43:01.775 [Test worker] DEBUG o.s.h.s.r.b.JettyHttpServer - Server started on port 54247(0 millis).
22:43:01.775 [Test worker] DEBUG o.s.w.c.RestTemplate - HTTP POST http://localhost:54247/date-param?date=2016-10-31&date-pattern=YYYY-mm-dd
22:43:01.776 [Test worker] DEBUG o.s.w.c.RestTemplate - Accept=[text/plain, application/json, application/x-jackson-smile, application/*+json, */*]
22:43:01.782 [qtp2006969771-2902] DEBUG o.s.w.s.a.HttpWebHandlerAdapter - [5b3a1e92] HTTP POST "/date-param?date=2016-10-31&date-pattern=YYYY-mm-dd"
22:43:01.782 [qtp2006969771-2902] DEBUG o.s.w.r.r.m.a.RequestMappingHandlerMapping - [5b3a1e92] Mapped to org.springframework.web.reactive.result.method.annotation.RequestMappingDataBindingIntegrationTests$TestController#handleDateParam(Date)
22:43:01.784 [qtp2006969771-2902] DEBUG o.s.w.r.r.m.a.ResponseBodyResultHandler - Using 'text/plain;charset=UTF-8' given [text/plain, application/json, application/x-jackson-smile, application/*+json, */*] and supported [text/plain;charset=UTF-8, text/event-stream, text/plain;charset=UTF-8, */*]
22:43:01.784 [qtp2006969771-2902] DEBUG o.s.w.r.r.m.a.ResponseBodyResultHandler - [5b3a1e92] 0..1 [java.lang.String]
22:43:01.784 [qtp2006969771-2902] DEBUG o.s.c.c.CharSequenceEncoder - [5b3a1e92] Writing "Processed date!"
22:43:01.784 [qtp2006969771-2902] DEBUG o.s.w.s.a.HttpWebHandlerAdapter - [5b3a1e92] Completed 200 OK
22:43:01.785 [Test worker] DEBUG o.s.w.c.RestTemplate - Response 200 OK
22:43:01.785 [Test worker] DEBUG o.s.w.c.RestTemplate - Reading to [java.lang.String] as "text/plain;charset=utf-8"
22:43:01.785 [Test worker] DEBUG o.s.h.s.r.b.JettyHttpServer - Stopping JettyHttpServer...
22:43:01.785 [Test worker] INFO  o.e.j.s.h.ContextHandler - Stopped o.e.j.s.ServletContextHandler@198ce04{/,null,UNAVAILABLE}
22:43:01.786 [Test worker] INFO  o.e.j.s.AbstractConnector - Stopped ServerConnector@34ff7e35{HTTP/1.1,[http/1.1]}{0.0.0.0:0}
22:43:01.786 [Test worker] DEBUG o.s.h.s.r.b.JettyHttpServer - Server stopped (0 millis).
22:43:01.813 [Test worker] DEBUG o.s.w.r.r.m.a.RequestMappingHandlerMapping - 2 mappings in 'requestMappingHandlerMapping'
22:43:01.828 [Test worker] DEBUG o.s.w.r.r.m.a.ControllerMethodResolver - ControllerAdvice beans: none
22:43:01.850 [Test worker] DEBUG o.s.w.s.a.HttpWebHandlerAdapter - enableLoggingRequestDetails='false': form data and headers will be masked to prevent unsafe logging of potentially sensitive data
22:43:01.850 [Test worker] WARN  o.e.j.s.h.ContextHandler - Empty contextPath
22:43:01.850 [Test worker] INFO  o.e.j.s.h.ContextHandler - Started o.e.j.s.ServletContextHandler@37860cf{/,null,AVAILABLE}
22:43:01.850 [Test worker] DEBUG o.s.h.s.r.b.JettyHttpServer - Starting JettyHttpServer...
22:43:01.850 [Test worker] INFO  o.e.j.s.Server - jetty-9.4.18.v20190429; built: 2019-04-29T20:42:08.989Z; git: e1bc35120a6617ee3df052294e433f3a25ce7097; jvm 1.8.0_211-b12
22:43:01.852 [Test worker] INFO  o.e.j.s.AbstractConnector - Started ServerConnector@6fe47d55{HTTP/1.1,[http/1.1]}{0.0.0.0:54249}
22:43:01.852 [Test worker] INFO  o.e.j.s.Server - Started @54278ms
22:43:01.852 [Test worker] DEBUG o.s.h.s.r.b.JettyHttpServer - Server started on port 54249(0 millis).
22:43:01.852 [Test worker] DEBUG o.s.w.c.RestTemplate - HTTP POST http://localhost:54249/foos/1
22:43:01.852 [Test worker] DEBUG o.s.w.c.RestTemplate - Accept=[text/plain, application/json, application/x-jackson-smile, application/*+json, */*]
22:43:01.852 [Test worker] DEBUG o.s.w.c.RestTemplate - Writing [{name=[George], age=[5]}] as "application/x-www-form-urlencoded"
22:43:01.858 [qtp322676829-2918] DEBUG o.s.w.s.a.HttpWebHandlerAdapter - [2c65a1fa] HTTP POST "/foos/1"
22:43:01.858 [qtp322676829-2918] DEBUG o.s.w.r.r.m.a.RequestMappingHandlerMapping - [2c65a1fa] Mapped to org.springframework.web.reactive.result.method.annotation.RequestMappingDataBindingIntegrationTests$TestController#handleForm(Foo, Errors)
22:43:01.860 [qtp322676829-2918] DEBUG o.s.h.c.FormHttpMessageReader - [2c65a1fa] Read form fields [name, age] (content masked)
22:43:01.862 [qtp322676829-2918] DEBUG o.s.w.r.r.m.a.ResponseBodyResultHandler - Using 'text/plain;charset=UTF-8' given [text/plain] and supported [text/plain;charset=UTF-8, text/event-stream, text/plain;charset=UTF-8, */*]
22:43:01.862 [qtp322676829-2918] DEBUG o.s.w.r.r.m.a.ResponseBodyResultHandler - [2c65a1fa] 0..1 [java.lang.String]
22:43:01.862 [qtp322676829-2918] DEBUG o.s.c.c.CharSequenceEncoder - [2c65a1fa] Writing "Processed form: Foo[id=1, name='George', age=5]"
22:43:01.862 [qtp322676829-2918] DEBUG o.s.w.s.a.HttpWebHandlerAdapter - [2c65a1fa] Completed 200 OK
22:43:01.862 [Test worker] DEBUG o.s.w.c.RestTemplate - Response 200 OK
22:43:01.862 [Test worker] DEBUG o.s.w.c.RestTemplate - Reading to [java.lang.String] as "text/plain;charset=utf-8"
22:43:01.862 [Test worker] DEBUG o.s.h.s.r.b.JettyHttpServer - Stopping JettyHttpServer...
22:43:01.862 [Test worker] INFO  o.e.j.s.h.ContextHandler - Stopped o.e.j.s.ServletContextHandler@37860cf{/,null,UNAVAILABLE}
22:43:01.863 [Test worker] INFO  o.e.j.s.AbstractConnector - Stopped ServerConnector@6fe47d55{HTTP/1.1,[http/1.1]}{0.0.0.0:0}
22:43:01.864 [Test worker] DEBUG o.s.h.s.r.b.JettyHttpServer - Server stopped (0 millis).
22:43:01.890 [Test worker] DEBUG o.s.w.r.r.m.a.RequestMappingHandlerMapping - 2 mappings in 'requestMappingHandlerMapping'
22:43:01.905 [Test worker] DEBUG o.s.w.r.r.m.a.ControllerMethodResolver - ControllerAdvice beans: none
22:43:01.927 [Test worker] DEBUG o.s.w.s.a.HttpWebHandlerAdapter - enableLoggingRequestDetails='false': form data and headers will be masked to prevent unsafe logging of potentially sensitive data
22:43:01.927 [Test worker] DEBUG o.s.h.s.r.b.ReactorHttpServer - Starting ReactorHttpServer...
22:43:01.928 [Test worker] DEBUG o.s.h.s.r.b.ReactorHttpServer - Server started on port 54254(0 millis).
22:43:01.928 [Test worker] DEBUG o.s.w.c.RestTemplate - HTTP POST http://localhost:54254/date-param?date=2016-10-31&date-pattern=YYYY-mm-dd
22:43:01.928 [Test worker] DEBUG o.s.w.c.RestTemplate - Accept=[text/plain, application/json, application/x-jackson-smile, application/*+json, */*]
22:43:01.933 [reactor-http-nio-14] DEBUG o.s.w.s.a.HttpWebHandlerAdapter - [5681303e] HTTP POST "/date-param?date=2016-10-31&date-pattern=YYYY-mm-dd"
22:43:01.933 [reactor-http-nio-14] DEBUG o.s.w.r.r.m.a.RequestMappingHandlerMapping - [5681303e] Mapped to org.springframework.web.reactive.result.method.annotation.RequestMappingDataBindingIntegrationTests$TestController#handleDateParam(Date)
22:43:01.934 [reactor-http-nio-14] DEBUG o.s.w.r.r.m.a.ResponseBodyResultHandler - Using 'text/plain;charset=UTF-8' given [text/plain, application/json, application/x-jackson-smile, application/*+json, */*] and supported [text/plain;charset=UTF-8, text/event-stream, text/plain;charset=UTF-8, */*]
22:43:01.934 [reactor-http-nio-14] DEBUG o.s.w.r.r.m.a.ResponseBodyResultHandler - [5681303e] 0..1 [java.lang.String]
22:43:01.934 [reactor-http-nio-14] DEBUG o.s.c.c.CharSequenceEncoder - [5681303e] Writing "Processed date!"
22:43:01.935 [Test worker] DEBUG o.s.w.c.RestTemplate - Response 200 OK
22:43:01.935 [Test worker] DEBUG o.s.w.c.RestTemplate - Reading to [java.lang.String] as "text/plain;charset=UTF-8"
22:43:01.935 [Test worker] DEBUG o.s.h.s.r.b.ReactorHttpServer - Stopping ReactorHttpServer...
22:43:01.935 [Test worker] DEBUG o.s.h.s.r.b.ReactorHttpServer - Server stopped (0 millis).
22:43:01.962 [Test worker] DEBUG o.s.w.r.r.m.a.RequestMappingHandlerMapping - 2 mappings in 'requestMappingHandlerMapping'
22:43:01.977 [Test worker] DEBUG o.s.w.r.r.m.a.ControllerMethodResolver - ControllerAdvice beans: none
22:43:02.000 [Test worker] DEBUG o.s.w.s.a.HttpWebHandlerAdapter - enableLoggingRequestDetails='false': form data and headers will be masked to prevent unsafe logging of potentially sensitive data
22:43:02.000 [Test worker] DEBUG o.s.h.s.r.b.ReactorHttpServer - Starting ReactorHttpServer...
22:43:02.000 [Test worker] DEBUG o.s.h.s.r.b.ReactorHttpServer - Server started on port 54256(0 millis).
22:43:02.000 [Test worker] DEBUG o.s.w.c.RestTemplate - HTTP POST http://localhost:54256/foos/1
22:43:02.001 [Test worker] DEBUG o.s.w.c.RestTemplate - Accept=[text/plain, application/json, application/x-jackson-smile, application/*+json, */*]
22:43:02.001 [Test worker] DEBUG o.s.w.c.RestTemplate - Writing [{name=[George], age=[5]}] as "application/x-www-form-urlencoded"
22:43:02.005 [reactor-http-nio-16] DEBUG o.s.w.s.a.HttpWebHandlerAdapter - [8a5b87fc] HTTP POST "/foos/1"
22:43:02.006 [reactor-http-nio-16] DEBUG o.s.w.r.r.m.a.RequestMappingHandlerMapping - [8a5b87fc] Mapped to org.springframework.web.reactive.result.method.annotation.RequestMappingDataBindingIntegrationTests$TestController#handleForm(Foo, Errors)
22:43:02.007 [reactor-http-nio-16] DEBUG o.s.h.c.FormHttpMessageReader - [8a5b87fc] Read form fields [name, age] (content masked)
22:43:02.008 [reactor-http-nio-16] DEBUG o.s.w.r.r.m.a.ResponseBodyResultHandler - Using 'text/plain;charset=UTF-8' given [text/plain] and supported [text/plain;charset=UTF-8, text/event-stream, text/plain;charset=UTF-8, */*]
22:43:02.008 [reactor-http-nio-16] DEBUG o.s.w.r.r.m.a.ResponseBodyResultHandler - [8a5b87fc] 0..1 [java.lang.String]
22:43:02.008 [reactor-http-nio-16] DEBUG o.s.c.c.CharSequenceEncoder - [8a5b87fc] Writing "Processed form: Foo[id=1, name='George', age=5]"
22:43:02.009 [Test worker] DEBUG o.s.w.c.RestTemplate - Response 200 OK
22:43:02.009 [Test worker] DEBUG o.s.w.c.RestTemplate - Reading to [java.lang.String] as "text/plain;charset=UTF-8"
22:43:02.009 [Test worker] DEBUG o.s.h.s.r.b.ReactorHttpServer - Stopping ReactorHttpServer...
22:43:02.009 [Test worker] DEBUG o.s.h.s.r.b.ReactorHttpServer - Server stopped (0 millis).
22:43:02.037 [Test worker] DEBUG o.s.w.r.r.m.a.RequestMappingHandlerMapping - 2 mappings in 'requestMappingHandlerMapping'
22:43:02.051 [Test worker] DEBUG o.s.w.r.r.m.a.ControllerMethodResolver - ControllerAdvice beans: none
22:43:02.073 [Test worker] DEBUG o.s.w.s.a.HttpWebHandlerAdapter - enableLoggingRequestDetails='false': form data and headers will be masked to prevent unsafe logging of potentially sensitive data
22:43:02.073 [Test worker] DEBUG o.s.h.s.r.b.TomcatHttpServer - Starting TomcatHttpServer...
22:43:02.078 [Test worker] DEBUG o.s.h.s.r.b.TomcatHttpServer - Server started on port 54258(0 millis).
22:43:02.078 [Test worker] DEBUG o.s.w.c.RestTemplate - HTTP POST http://localhost:54258/date-param?date=2016-10-31&date-pattern=YYYY-mm-dd
22:43:02.078 [Test worker] DEBUG o.s.w.c.RestTemplate - Accept=[text/plain, application/json, application/x-jackson-smile, application/*+json, */*]
22:43:02.083 [http-nio-auto-62-exec-1] DEBUG o.s.w.s.a.HttpWebHandlerAdapter - [73b46895] HTTP POST "/date-param?date=2016-10-31&date-pattern=YYYY-mm-dd"
22:43:02.083 [http-nio-auto-62-exec-1] DEBUG o.s.w.r.r.m.a.RequestMappingHandlerMapping - [73b46895] Mapped to org.springframework.web.reactive.result.method.annotation.RequestMappingDataBindingIntegrationTests$TestController#handleDateParam(Date)
22:43:02.084 [http-nio-auto-62-exec-1] DEBUG o.s.w.r.r.m.a.ResponseBodyResultHandler - Using 'text/plain;charset=UTF-8' given [text/plain, application/json, application/x-jackson-smile, application/*+json, */*] and supported [text/plain;charset=UTF-8, text/event-stream, text/plain;charset=UTF-8, */*]
22:43:02.084 [http-nio-auto-62-exec-1] DEBUG o.s.w.r.r.m.a.ResponseBodyResultHandler - [73b46895] 0..1 [java.lang.String]
22:43:02.084 [http-nio-auto-62-exec-1] DEBUG o.s.c.c.CharSequenceEncoder - [73b46895] Writing "Processed date!"
22:43:02.085 [http-nio-auto-62-exec-1] DEBUG o.s.w.s.a.HttpWebHandlerAdapter - [73b46895] Completed 200 OK
22:43:02.085 [Test worker] DEBUG o.s.w.c.RestTemplate - Response 200 OK
22:43:02.085 [Test worker] DEBUG o.s.w.c.RestTemplate - Reading to [java.lang.String] as "text/plain;charset=UTF-8"
22:43:02.085 [Test worker] DEBUG o.s.h.s.r.b.TomcatHttpServer - Stopping TomcatHttpServer...
22:43:02.097 [Test worker] DEBUG o.s.h.s.r.b.TomcatHttpServer - Server stopped (0 millis).
22:43:02.136 [Test worker] DEBUG o.s.w.r.r.m.a.RequestMappingHandlerMapping - 2 mappings in 'requestMappingHandlerMapping'
22:43:02.151 [Test worker] DEBUG o.s.w.r.r.m.a.ControllerMethodResolver - ControllerAdvice beans: none
22:43:02.174 [Test worker] DEBUG o.s.w.s.a.HttpWebHandlerAdapter - enableLoggingRequestDetails='false': form data and headers will be masked to prevent unsafe logging of potentially sensitive data
22:43:02.174 [Test worker] DEBUG o.s.h.s.r.b.TomcatHttpServer - Starting TomcatHttpServer...
22:43:02.178 [Test worker] DEBUG o.s.h.s.r.b.TomcatHttpServer - Server started on port 54261(0 millis).
22:43:02.178 [Test worker] DEBUG o.s.w.c.RestTemplate - HTTP POST http://localhost:54261/foos/1
22:43:02.178 [Test worker] DEBUG o.s.w.c.RestTemplate - Accept=[text/plain, application/json, application/x-jackson-smile, application/*+json, */*]
22:43:02.178 [Test worker] DEBUG o.s.w.c.RestTemplate - Writing [{name=[George], age=[5]}] as "application/x-www-form-urlencoded"
22:43:02.184 [http-nio-auto-63-exec-1] DEBUG o.s.w.s.a.HttpWebHandlerAdapter - [7b7253af] HTTP POST "/foos/1"
22:43:02.184 [http-nio-auto-63-exec-1] DEBUG o.s.w.r.r.m.a.RequestMappingHandlerMapping - [7b7253af] Mapped to org.springframework.web.reactive.result.method.annotation.RequestMappingDataBindingIntegrationTests$TestController#handleForm(Foo, Errors)
22:43:02.185 [http-nio-auto-63-exec-1] DEBUG o.s.h.c.FormHttpMessageReader - [7b7253af] Read form fields [name, age] (content masked)
22:43:02.187 [http-nio-auto-63-exec-1] DEBUG o.s.w.r.r.m.a.ResponseBodyResultHandler - Using 'text/plain;charset=UTF-8' given [text/plain] and supported [text/plain;charset=UTF-8, text/event-stream, text/plain;charset=UTF-8, */*]
22:43:02.187 [http-nio-auto-63-exec-1] DEBUG o.s.w.r.r.m.a.ResponseBodyResultHandler - [7b7253af] 0..1 [java.lang.String]
22:43:02.187 [http-nio-auto-63-exec-1] DEBUG o.s.c.c.CharSequenceEncoder - [7b7253af] Writing "Processed form: Foo[id=1, name='George', age=5]"
22:43:02.188 [Test worker] DEBUG o.s.w.c.RestTemplate - Response 200 OK
22:43:02.188 [Test worker] DEBUG o.s.w.c.RestTemplate - Reading to [java.lang.String] as "text/plain;charset=UTF-8"
22:43:02.188 [Test worker] DEBUG o.s.h.s.r.b.TomcatHttpServer - Stopping TomcatHttpServer...
22:43:02.188 [http-nio-auto-63-exec-1] DEBUG o.s.w.s.a.HttpWebHandlerAdapter - [7b7253af] Completed 200 OK
22:43:02.199 [Test worker] DEBUG o.s.h.s.r.b.TomcatHttpServer - Server stopped (0 millis).
22:43:02.235 [Test worker] DEBUG o.s.w.r.r.m.a.RequestMappingHandlerMapping - 2 mappings in 'requestMappingHandlerMapping'
22:43:02.250 [Test worker] DEBUG o.s.w.r.r.m.a.ControllerMethodResolver - ControllerAdvice beans: none
22:43:02.273 [Test worker] DEBUG o.s.w.s.a.HttpWebHandlerAdapter - enableLoggingRequestDetails='false': form data and headers will be masked to prevent unsafe logging of potentially sensitive data
22:43:02.273 [Test worker] DEBUG o.s.h.s.r.b.UndertowHttpServer - Starting UndertowHttpServer...
22:43:02.275 [Test worker] DEBUG o.s.h.s.r.b.UndertowHttpServer - Server started on port 54264(0 millis).
22:43:02.275 [Test worker] DEBUG o.s.w.c.RestTemplate - HTTP POST http://localhost:54264/date-param?date=2016-10-31&date-pattern=YYYY-mm-dd
22:43:02.275 [Test worker] DEBUG o.s.w.c.RestTemplate - Accept=[text/plain, application/json, application/x-jackson-smile, application/*+json, */*]
22:43:02.280 [XNIO-61 I/O-2] DEBUG o.s.w.s.a.HttpWebHandlerAdapter - [1c64c53e] HTTP POST "/date-param?date=2016-10-31&date-pattern=YYYY-mm-dd"
22:43:02.280 [XNIO-61 I/O-2] DEBUG o.s.w.r.r.m.a.RequestMappingHandlerMapping - [1c64c53e] Mapped to org.springframework.web.reactive.result.method.annotation.RequestMappingDataBindingIntegrationTests$TestController#handleDateParam(Date)
22:43:02.281 [XNIO-61 I/O-2] DEBUG o.s.w.r.r.m.a.ResponseBodyResultHandler - Using 'text/plain;charset=UTF-8' given [text/plain, application/json, application/x-jackson-smile, application/*+json, */*] and supported [text/plain;charset=UTF-8, text/event-stream, text/plain;charset=UTF-8, */*]
22:43:02.281 [XNIO-61 I/O-2] DEBUG o.s.w.r.r.m.a.ResponseBodyResultHandler - [1c64c53e] 0..1 [java.lang.String]
22:43:02.281 [XNIO-61 I/O-2] DEBUG o.s.c.c.CharSequenceEncoder - [1c64c53e] Writing "Processed date!"
22:43:02.281 [XNIO-61 I/O-2] DEBUG o.s.w.s.a.HttpWebHandlerAdapter - [1c64c53e] Completed 200 OK
22:43:02.281 [Test worker] DEBUG o.s.w.c.RestTemplate - Response 200 OK
22:43:02.281 [Test worker] DEBUG o.s.w.c.RestTemplate - Reading to [java.lang.String] as "text/plain;charset=UTF-8"
22:43:02.281 [Test worker] DEBUG o.s.h.s.r.b.UndertowHttpServer - Stopping UndertowHttpServer...
22:43:02.282 [Test worker] DEBUG o.s.h.s.r.b.UndertowHttpServer - Server stopped (0 millis).
22:43:02.308 [Test worker] DEBUG o.s.w.r.r.m.a.RequestMappingHandlerMapping - 2 mappings in 'requestMappingHandlerMapping'
22:43:02.322 [Test worker] DEBUG o.s.w.r.r.m.a.ControllerMethodResolver - ControllerAdvice beans: none
22:43:02.344 [Test worker] DEBUG o.s.w.s.a.HttpWebHandlerAdapter - enableLoggingRequestDetails='false': form data and headers will be masked to prevent unsafe logging of potentially sensitive data
22:43:02.344 [Test worker] DEBUG o.s.h.s.r.b.UndertowHttpServer - Starting UndertowHttpServer...
22:43:02.346 [Test worker] DEBUG o.s.h.s.r.b.UndertowHttpServer - Server started on port 54266(0 millis).
22:43:02.346 [Test worker] DEBUG o.s.w.c.RestTemplate - HTTP POST http://localhost:54266/foos/1
22:43:02.347 [Test worker] DEBUG o.s.w.c.RestTemplate - Accept=[text/plain, application/json, application/x-jackson-smile, application/*+json, */*]
22:43:02.347 [Test worker] DEBUG o.s.w.c.RestTemplate - Writing [{name=[George], age=[5]}] as "application/x-www-form-urlencoded"
22:43:02.351 [XNIO-62 I/O-2] DEBUG o.s.w.s.a.HttpWebHandlerAdapter - [1e4efb71] HTTP POST "/foos/1"
22:43:02.351 [XNIO-62 I/O-2] DEBUG o.s.w.r.r.m.a.RequestMappingHandlerMapping - [1e4efb71] Mapped to org.springframework.web.reactive.result.method.annotation.RequestMappingDataBindingIntegrationTests$TestController#handleForm(Foo, Errors)
22:43:02.353 [XNIO-62 I/O-2] DEBUG o.s.h.c.FormHttpMessageReader - [1e4efb71] Read form fields [name, age] (content masked)
22:43:02.355 [XNIO-62 I/O-2] DEBUG o.s.w.r.r.m.a.ResponseBodyResultHandler - Using 'text/plain;charset=UTF-8' given [text/plain] and supported [text/plain;charset=UTF-8, text/event-stream, text/plain;charset=UTF-8, */*]
22:43:02.355 [XNIO-62 I/O-2] DEBUG o.s.w.r.r.m.a.ResponseBodyResultHandler - [1e4efb71] 0..1 [java.lang.String]
22:43:02.355 [XNIO-62 I/O-2] DEBUG o.s.c.c.CharSequenceEncoder - [1e4efb71] Writing "Processed form: Foo[id=1, name='George', age=5]"
22:43:02.355 [XNIO-62 I/O-2] DEBUG o.s.w.s.a.HttpWebHandlerAdapter - [1e4efb71] Completed 200 OK
22:43:02.356 [Test worker] DEBUG o.s.w.c.RestTemplate - Response 200 OK
22:43:02.356 [Test worker] DEBUG o.s.w.c.RestTemplate - Reading to [java.lang.String] as "text/plain;charset=UTF-8"
22:43:02.356 [Test worker] DEBUG o.s.h.s.r.b.UndertowHttpServer - Stopping UndertowHttpServer...
22:43:02.356 [Test worker] DEBUG o.s.h.s.r.b.UndertowHttpServer - Server stopped (0 millis).
]]></system-out>
  <system-err><![CDATA[十一月 25, 2020 10:43:02 下午 org.apache.catalina.core.StandardService startInternal
信息: Starting service [Tomcat]
十一月 25, 2020 10:43:02 下午 org.apache.catalina.core.StandardEngine startInternal
信息: Starting Servlet engine: [Apache Tomcat/9.0.21]
十一月 25, 2020 10:43:02 下午 org.apache.coyote.AbstractProtocol init
信息: Initializing ProtocolHandler ["http-nio-auto-62"]
十一月 25, 2020 10:43:02 下午 org.apache.coyote.AbstractProtocol start
信息: Starting ProtocolHandler ["http-nio-auto-62-54258"]
十一月 25, 2020 10:43:02 下午 org.apache.coyote.AbstractProtocol pause
信息: Pausing ProtocolHandler ["http-nio-auto-62-54258"]
十一月 25, 2020 10:43:02 下午 org.apache.catalina.core.StandardService stopInternal
信息: Stopping service [Tomcat]
十一月 25, 2020 10:43:02 下午 org.apache.coyote.AbstractProtocol stop
信息: Stopping ProtocolHandler ["http-nio-auto-62-54258"]
十一月 25, 2020 10:43:02 下午 org.apache.coyote.AbstractProtocol destroy
信息: Destroying ProtocolHandler ["http-nio-auto-62-54258"]
十一月 25, 2020 10:43:02 下午 org.apache.catalina.core.StandardService startInternal
信息: Starting service [Tomcat]
十一月 25, 2020 10:43:02 下午 org.apache.catalina.core.StandardEngine startInternal
信息: Starting Servlet engine: [Apache Tomcat/9.0.21]
十一月 25, 2020 10:43:02 下午 org.apache.coyote.AbstractProtocol init
信息: Initializing ProtocolHandler ["http-nio-auto-63"]
十一月 25, 2020 10:43:02 下午 org.apache.coyote.AbstractProtocol start
信息: Starting ProtocolHandler ["http-nio-auto-63-54261"]
十一月 25, 2020 10:43:02 下午 org.apache.coyote.AbstractProtocol pause
信息: Pausing ProtocolHandler ["http-nio-auto-63-54261"]
十一月 25, 2020 10:43:02 下午 org.apache.catalina.core.StandardService stopInternal
信息: Stopping service [Tomcat]
十一月 25, 2020 10:43:02 下午 org.apache.coyote.AbstractProtocol stop
信息: Stopping ProtocolHandler ["http-nio-auto-63-54261"]
十一月 25, 2020 10:43:02 下午 org.apache.coyote.AbstractProtocol destroy
信息: Destroying ProtocolHandler ["http-nio-auto-63-54261"]
]]></system-err>
</testsuite>
