<?xml version="1.0" encoding="UTF-8"?>
<testsuite name="org.springframework.web.reactive.resource.ResourceUrlProviderTests" tests="5" skipped="0" failures="0" errors="0" timestamp="2019-06-21T11:49:03" hostname="Macbook-Air.local" time="0.047">
  <properties/>
  <testcase name="getStaticResourceUrl" classname="org.springframework.web.reactive.resource.ResourceUrlProviderTests" time="0.001"/>
  <testcase name="getVersionedResourceUrl" classname="org.springframework.web.reactive.resource.ResourceUrlProviderTests" time="0.002"/>
  <testcase name="getStaticResourceUrlRequestWithQueryOrHash" classname="org.springframework.web.reactive.resource.ResourceUrlProviderTests" time="0.0"/>
  <testcase name="bestPatternMatch" classname="org.springframework.web.reactive.resource.ResourceUrlProviderTests" time="0.003"/>
  <testcase name="initializeOnce" classname="org.springframework.web.reactive.resource.ResourceUrlProviderTests" time="0.04"/>
  <system-out><![CDATA[19:49:03.838 [Test worker] DEBUG o.s.w.c.s.AnnotationConfigWebApplicationContext - Refreshing Root WebApplicationContext
19:49:03.841 [Test worker] DEBUG o.s.w.c.s.AnnotationConfigWebApplicationContext - Registering annotated classes: [class org.springframework.web.reactive.resource.ResourceUrlProviderTests$HandlerMappingConfiguration]
19:49:03.857 [Test worker] DEBUG o.s.w.r.h.SimpleUrlHandlerMapping - Patterns [/resources/**] in 'simpleUrlHandlerMapping'
]]></system-out>
  <system-err><![CDATA[]]></system-err>
</testsuite>
