<?xml version="1.0" encoding="UTF-8"?>
<testsuite name="org.springframework.web.reactive.result.method.annotation.ExpressionValueMethodArgumentResolverTests" tests="3" skipped="0" failures="0" errors="0" timestamp="2019-06-21T11:47:49" hostname="Macbook-Air.local" time="0.084">
  <properties/>
  <testcase name="resolveSystemProperty" classname="org.springframework.web.reactive.result.method.annotation.ExpressionValueMethodArgumentResolverTests" time="0.072"/>
  <testcase name="doesNotSupport" classname="org.springframework.web.reactive.result.method.annotation.ExpressionValueMethodArgumentResolverTests" time="0.005"/>
  <testcase name="supportsParameter" classname="org.springframework.web.reactive.result.method.annotation.ExpressionValueMethodArgumentResolverTests" time="0.006"/>
  <system-out><![CDATA[]]></system-out>
  <system-err><![CDATA[]]></system-err>
</testsuite>
