<?xml version="1.0" encoding="UTF-8"?>
<testsuite name="org.springframework.web.reactive.handler.SimpleUrlHandlerMappingTests" tests="2" skipped="0" failures="0" errors="0" timestamp="2019-06-21T11:46:40" hostname="Macbook-Air.local" time="3.023">
  <properties/>
  <testcase name="handlerMappingJavaConfig" classname="org.springframework.web.reactive.handler.SimpleUrlHandlerMappingTests" time="2.668"/>
  <testcase name="handlerMappingXmlConfig" classname="org.springframework.web.reactive.handler.SimpleUrlHandlerMappingTests" time="0.355"/>
  <system-out><![CDATA[19:46:42.545 [Test worker] DEBUG o.s.w.r.h.SimpleUrlHandlerMapping - [4224951a] Mapped to java.lang.Object@1dd742e7
19:46:42.683 [Test worker] DEBUG o.s.w.r.h.SimpleUrlHandlerMapping - [1301c418] Mapped to java.lang.Object@5a589450
19:46:42.684 [Test worker] DEBUG o.s.w.r.h.SimpleUrlHandlerMapping - [563d9af5] Mapped to java.lang.Object@5a589450
19:46:42.685 [Test worker] DEBUG o.s.w.r.h.SimpleUrlHandlerMapping - [6818def5] Mapped to java.lang.Object@1dd742e7
19:46:42.686 [Test worker] DEBUG o.s.w.r.h.SimpleUrlHandlerMapping - [25bf766a] Mapped to java.lang.Object@1dd742e7
19:46:42.953 [Test worker] DEBUG o.s.w.r.h.SimpleUrlHandlerMapping - Patterns [/shortpattern/testing, /*/test.jpeg, /pathmatching??.html, /??path??matching.html, /welcome.html, /anotherTest*, /administrator/*/pathmatching.html, /confirmation.html, /outofpattern*yeah, /administrator/*/testlast*, /sho*, /reservation.html, /payment.html, /*pathmatchingTest.html, /*test*.jpeg, /administrator/another/bla.xml, /path??matching.html, /stillAnotherTestYeah, /show123.html, /bookseats.html, /administrator/testing/longer/*, /administrator/pathmatching.html] in 'mapping'
19:46:43.002 [Test worker] DEBUG o.s.w.r.h.SimpleUrlHandlerMapping - Patterns [/shortpattern/testing, /*/test.jpeg, /pathmatching??.html, /??path??matching.html, /welcome.html, /anotherTest*, /administrator/*/pathmatching.html, /confirmation.html, /outofpattern*yeah, /administrator/*/testlast*, /sho*, /reservation.html, /payment.html, /*pathmatchingTest.html, /*test*.jpeg, /administrator/another/bla.xml, /path??matching.html, /stillAnotherTestYeah, /show123.html, /bookseats.html, /administrator/testing/longer/*, /administrator/pathmatching.html] in 'mapping'
19:46:43.005 [Test worker] DEBUG o.s.w.r.h.SimpleUrlHandlerMapping - [856cebd] Mapped to java.lang.Object@4295c9e5
19:46:43.011 [Test worker] DEBUG o.s.w.r.h.SimpleUrlHandlerMapping - [519eedaa] Mapped to java.lang.Object@4295c9e5
19:46:43.013 [Test worker] DEBUG o.s.w.r.h.SimpleUrlHandlerMapping - [48bf59e3] Mapped to java.lang.Object@4295c9e5
19:46:43.014 [Test worker] DEBUG o.s.w.r.h.SimpleUrlHandlerMapping - [2de9ed3c] Mapped to java.lang.Object@4295c9e5
19:46:43.016 [Test worker] DEBUG o.s.w.r.h.SimpleUrlHandlerMapping - [7160bb1d] Mapped to java.lang.Object@4295c9e5
19:46:43.017 [Test worker] DEBUG o.s.w.r.h.SimpleUrlHandlerMapping - [21c001c6] Mapped to java.lang.Object@4295c9e5
19:46:43.020 [Test worker] DEBUG o.s.w.r.h.SimpleUrlHandlerMapping - [6cbbe426] Mapped to java.lang.Object@4295c9e5
19:46:43.022 [Test worker] DEBUG o.s.w.r.h.SimpleUrlHandlerMapping - [5e1ee2ae] Mapped to java.lang.Object@4295c9e5
19:46:43.023 [Test worker] DEBUG o.s.w.r.h.SimpleUrlHandlerMapping - [6db7b79f] Mapped to java.lang.Object@4295c9e5
19:46:43.029 [Test worker] DEBUG o.s.w.r.h.SimpleUrlHandlerMapping - [2b01af8e] Mapped to java.lang.Object@4295c9e5
19:46:43.030 [Test worker] DEBUG o.s.w.r.h.SimpleUrlHandlerMapping - [7b5aee3e] Mapped to java.lang.Object@4295c9e5
19:46:43.031 [Test worker] DEBUG o.s.w.r.h.SimpleUrlHandlerMapping - [1c53bd3e] Mapped to java.lang.Object@4295c9e5
19:46:43.032 [Test worker] DEBUG o.s.w.r.h.SimpleUrlHandlerMapping - [7dcacc4] Mapped to java.lang.Object@4295c9e5
19:46:43.034 [Test worker] DEBUG o.s.w.r.h.SimpleUrlHandlerMapping - [d003f7e] Mapped to java.lang.Object@4295c9e5
19:46:43.041 [Test worker] DEBUG o.s.w.r.h.SimpleUrlHandlerMapping - [6e63ee62] Mapped to java.lang.Object@4295c9e5
]]></system-out>
  <system-err><![CDATA[]]></system-err>
</testsuite>
