<?xml version="1.0" encoding="UTF-8"?>
<testsuite name="org.springframework.web.reactive.function.server.RenderingResponseIntegrationTests" tests="8" skipped="0" failures="0" errors="0" timestamp="2019-06-21T11:48:56" hostname="Macbook-Air.local" time="0.315">
  <properties/>
  <testcase name="filter[server [org.springframework.http.server.reactive.bootstrap.JettyHttpServer@a71e049]]" classname="org.springframework.web.reactive.function.server.RenderingResponseIntegrationTests" time="0.048"/>
  <testcase name="normal[server [org.springframework.http.server.reactive.bootstrap.JettyHttpServer@a71e049]]" classname="org.springframework.web.reactive.function.server.RenderingResponseIntegrationTests" time="0.045"/>
  <testcase name="filter[server [org.springframework.http.server.reactive.bootstrap.ReactorHttpServer@30583c73]]" classname="org.springframework.web.reactive.function.server.RenderingResponseIntegrationTests" time="0.029"/>
  <testcase name="normal[server [org.springframework.http.server.reactive.bootstrap.ReactorHttpServer@30583c73]]" classname="org.springframework.web.reactive.function.server.RenderingResponseIntegrationTests" time="0.029"/>
  <testcase name="filter[server [org.springframework.http.server.reactive.bootstrap.TomcatHttpServer@18a41831]]" classname="org.springframework.web.reactive.function.server.RenderingResponseIntegrationTests" time="0.048"/>
  <testcase name="normal[server [org.springframework.http.server.reactive.bootstrap.TomcatHttpServer@18a41831]]" classname="org.springframework.web.reactive.function.server.RenderingResponseIntegrationTests" time="0.051"/>
  <testcase name="filter[server [org.springframework.http.server.reactive.bootstrap.UndertowHttpServer@6f981f2f]]" classname="org.springframework.web.reactive.function.server.RenderingResponseIntegrationTests" time="0.033"/>
  <testcase name="normal[server [org.springframework.http.server.reactive.bootstrap.UndertowHttpServer@6f981f2f]]" classname="org.springframework.web.reactive.function.server.RenderingResponseIntegrationTests" time="0.031"/>
  <system-out><![CDATA[19:48:56.221 [Test worker] DEBUG o.s.w.s.a.HttpWebHandlerAdapter - enableLoggingRequestDetails='false': form data and headers will be masked to prevent unsafe logging of potentially sensitive data
19:48:56.221 [Test worker] WARN  o.e.j.s.h.ContextHandler - Empty contextPath
19:48:56.221 [Test worker] INFO  o.e.j.s.h.ContextHandler - Started o.e.j.s.ServletContextHandler@6f53701a{/,null,AVAILABLE}
19:48:56.222 [Test worker] DEBUG o.s.h.s.r.b.JettyHttpServer - Starting JettyHttpServer...
19:48:56.222 [Test worker] INFO  o.e.j.s.Server - jetty-9.4.18.v20190429; built: 2019-04-29T20:42:08.989Z; git: e1bc35120a6617ee3df052294e433f3a25ce7097; jvm 1.8.0_144-b01
19:48:56.224 [Test worker] INFO  o.e.j.s.AbstractConnector - Started ServerConnector@28f37076{HTTP/1.1,[http/1.1]}{0.0.0.0:51430}
19:48:56.224 [Test worker] INFO  o.e.j.s.Server - Started @137335ms
19:48:56.224 [Test worker] DEBUG o.s.h.s.r.b.JettyHttpServer - Server started on port 51430(0 millis).
19:48:56.225 [Test worker] DEBUG o.s.w.c.RestTemplate - HTTP GET http://localhost:51430/filter
19:48:56.225 [Test worker] DEBUG o.s.w.c.RestTemplate - Accept=[text/plain, application/json, application/x-jackson-smile, application/*+json, */*]
19:48:56.227 [qtp1917376600-3779] DEBUG o.s.w.s.a.HttpWebHandlerAdapter - [46e979e6] HTTP GET "/filter"
19:48:56.231 [qtp1917376600-3779] DEBUG o.s.w.s.a.HttpWebHandlerAdapter - [46e979e6] Completed 200 OK
19:48:56.231 [Test worker] DEBUG o.s.w.c.RestTemplate - Response 200 OK
19:48:56.231 [Test worker] DEBUG o.s.w.c.RestTemplate - Reading to [java.lang.String] as "text/plain"
19:48:56.231 [Test worker] DEBUG o.s.h.s.r.b.JettyHttpServer - Stopping JettyHttpServer...
19:48:56.231 [Test worker] INFO  o.e.j.s.h.ContextHandler - Stopped o.e.j.s.ServletContextHandler@6f53701a{/,null,UNAVAILABLE}
19:48:56.233 [Test worker] INFO  o.e.j.s.AbstractConnector - Stopped ServerConnector@28f37076{HTTP/1.1,[http/1.1]}{0.0.0.0:0}
19:48:56.233 [Test worker] DEBUG o.s.h.s.r.b.JettyHttpServer - Server stopped (0 millis).
19:48:56.270 [Test worker] DEBUG o.s.w.s.a.HttpWebHandlerAdapter - enableLoggingRequestDetails='false': form data and headers will be masked to prevent unsafe logging of potentially sensitive data
19:48:56.270 [Test worker] WARN  o.e.j.s.h.ContextHandler - Empty contextPath
19:48:56.271 [Test worker] INFO  o.e.j.s.h.ContextHandler - Started o.e.j.s.ServletContextHandler@3c751f5d{/,null,AVAILABLE}
19:48:56.271 [Test worker] DEBUG o.s.h.s.r.b.JettyHttpServer - Starting JettyHttpServer...
19:48:56.271 [Test worker] INFO  o.e.j.s.Server - jetty-9.4.18.v20190429; built: 2019-04-29T20:42:08.989Z; git: e1bc35120a6617ee3df052294e433f3a25ce7097; jvm 1.8.0_144-b01
19:48:56.273 [Test worker] INFO  o.e.j.s.AbstractConnector - Started ServerConnector@3ef9b54b{HTTP/1.1,[http/1.1]}{0.0.0.0:51432}
19:48:56.273 [Test worker] INFO  o.e.j.s.Server - Started @137384ms
19:48:56.273 [Test worker] DEBUG o.s.h.s.r.b.JettyHttpServer - Server started on port 51432(0 millis).
19:48:56.273 [Test worker] DEBUG o.s.w.c.RestTemplate - HTTP GET http://localhost:51432/normal
19:48:56.273 [Test worker] DEBUG o.s.w.c.RestTemplate - Accept=[text/plain, application/json, application/x-jackson-smile, application/*+json, */*]
19:48:56.275 [qtp1676621050-3788] DEBUG o.s.w.s.a.HttpWebHandlerAdapter - [6ddb8e56] HTTP GET "/normal"
19:48:56.276 [qtp1676621050-3788] DEBUG o.s.w.s.a.HttpWebHandlerAdapter - [6ddb8e56] Completed 200 OK
19:48:56.276 [Test worker] DEBUG o.s.w.c.RestTemplate - Response 200 OK
19:48:56.276 [Test worker] DEBUG o.s.w.c.RestTemplate - Reading to [java.lang.String] as "text/plain"
19:48:56.276 [Test worker] DEBUG o.s.h.s.r.b.JettyHttpServer - Stopping JettyHttpServer...
19:48:56.277 [Test worker] INFO  o.e.j.s.h.ContextHandler - Stopped o.e.j.s.ServletContextHandler@3c751f5d{/,null,UNAVAILABLE}
19:48:56.277 [Test worker] INFO  o.e.j.s.AbstractConnector - Stopped ServerConnector@3ef9b54b{HTTP/1.1,[http/1.1]}{0.0.0.0:0}
19:48:56.278 [Test worker] DEBUG o.s.h.s.r.b.JettyHttpServer - Server stopped (0 millis).
19:48:56.303 [Test worker] DEBUG o.s.w.s.a.HttpWebHandlerAdapter - enableLoggingRequestDetails='false': form data and headers will be masked to prevent unsafe logging of potentially sensitive data
19:48:56.303 [Test worker] DEBUG o.s.h.s.r.b.ReactorHttpServer - Starting ReactorHttpServer...
19:48:56.304 [Test worker] DEBUG o.s.h.s.r.b.ReactorHttpServer - Server started on port 51434(0 millis).
19:48:56.304 [Test worker] DEBUG o.s.w.c.RestTemplate - HTTP GET http://localhost:51434/filter
19:48:56.305 [Test worker] DEBUG o.s.w.c.RestTemplate - Accept=[text/plain, application/json, application/x-jackson-smile, application/*+json, */*]
19:48:56.306 [reactor-http-nio-4] DEBUG o.s.w.s.a.HttpWebHandlerAdapter - [9d42bcbd] HTTP GET "/filter"
19:48:56.307 [Test worker] DEBUG o.s.w.c.RestTemplate - Response 200 OK
19:48:56.307 [Test worker] DEBUG o.s.w.c.RestTemplate - Reading to [java.lang.String] as "text/plain"
19:48:56.307 [Test worker] DEBUG o.s.h.s.r.b.ReactorHttpServer - Stopping ReactorHttpServer...
19:48:56.307 [Test worker] DEBUG o.s.h.s.r.b.ReactorHttpServer - Server stopped (0 millis).
19:48:56.332 [Test worker] DEBUG o.s.w.s.a.HttpWebHandlerAdapter - enableLoggingRequestDetails='false': form data and headers will be masked to prevent unsafe logging of potentially sensitive data
19:48:56.333 [Test worker] DEBUG o.s.h.s.r.b.ReactorHttpServer - Starting ReactorHttpServer...
19:48:56.333 [Test worker] DEBUG o.s.h.s.r.b.ReactorHttpServer - Server started on port 51436(0 millis).
19:48:56.333 [Test worker] DEBUG o.s.w.c.RestTemplate - HTTP GET http://localhost:51436/normal
19:48:56.334 [Test worker] DEBUG o.s.w.c.RestTemplate - Accept=[text/plain, application/json, application/x-jackson-smile, application/*+json, */*]
19:48:56.335 [reactor-http-nio-2] DEBUG o.s.w.s.a.HttpWebHandlerAdapter - [d93b006f] HTTP GET "/normal"
19:48:56.336 [Test worker] DEBUG o.s.w.c.RestTemplate - Response 200 OK
19:48:56.336 [Test worker] DEBUG o.s.w.c.RestTemplate - Reading to [java.lang.String] as "text/plain"
19:48:56.336 [Test worker] DEBUG o.s.h.s.r.b.ReactorHttpServer - Stopping ReactorHttpServer...
19:48:56.337 [Test worker] DEBUG o.s.h.s.r.b.ReactorHttpServer - Server stopped (0 millis).
19:48:56.365 [Test worker] DEBUG o.s.w.s.a.HttpWebHandlerAdapter - enableLoggingRequestDetails='false': form data and headers will be masked to prevent unsafe logging of potentially sensitive data
19:48:56.366 [Test worker] DEBUG o.s.h.s.r.b.TomcatHttpServer - Starting TomcatHttpServer...
19:48:56.375 [Test worker] DEBUG o.s.h.s.r.b.TomcatHttpServer - Server started on port 51438(0 millis).
19:48:56.375 [Test worker] DEBUG o.s.w.c.RestTemplate - HTTP GET http://localhost:51438/filter
19:48:56.376 [Test worker] DEBUG o.s.w.c.RestTemplate - Accept=[text/plain, application/json, application/x-jackson-smile, application/*+json, */*]
19:48:56.377 [http-nio-auto-129-exec-1] DEBUG o.s.w.s.a.HttpWebHandlerAdapter - [1db78323] HTTP GET "/filter"
19:48:56.378 [http-nio-auto-129-exec-1] DEBUG o.s.w.s.a.HttpWebHandlerAdapter - [1db78323] Completed 200 OK
19:48:56.378 [Test worker] DEBUG o.s.w.c.RestTemplate - Response 200 OK
19:48:56.379 [Test worker] DEBUG o.s.w.c.RestTemplate - Reading to [java.lang.String] as "text/plain"
19:48:56.379 [Test worker] DEBUG o.s.h.s.r.b.TomcatHttpServer - Stopping TomcatHttpServer...
19:48:56.385 [Test worker] DEBUG o.s.h.s.r.b.TomcatHttpServer - Server stopped (0 millis).
19:48:56.411 [Test worker] DEBUG o.s.w.s.a.HttpWebHandlerAdapter - enableLoggingRequestDetails='false': form data and headers will be masked to prevent unsafe logging of potentially sensitive data
19:48:56.412 [Test worker] DEBUG o.s.h.s.r.b.TomcatHttpServer - Starting TomcatHttpServer...
19:48:56.418 [Test worker] DEBUG o.s.h.s.r.b.TomcatHttpServer - Server started on port 51441(0 millis).
19:48:56.418 [Test worker] DEBUG o.s.w.c.RestTemplate - HTTP GET http://localhost:51441/normal
19:48:56.419 [Test worker] DEBUG o.s.w.c.RestTemplate - Accept=[text/plain, application/json, application/x-jackson-smile, application/*+json, */*]
19:48:56.420 [http-nio-auto-130-exec-1] DEBUG o.s.w.s.a.HttpWebHandlerAdapter - [760ffd1b] HTTP GET "/normal"
19:48:56.421 [http-nio-auto-130-exec-1] DEBUG o.s.w.s.a.HttpWebHandlerAdapter - [760ffd1b] Completed 200 OK
19:48:56.422 [Test worker] DEBUG o.s.w.c.RestTemplate - Response 200 OK
19:48:56.422 [Test worker] DEBUG o.s.w.c.RestTemplate - Reading to [java.lang.String] as "text/plain"
19:48:56.422 [Test worker] DEBUG o.s.h.s.r.b.TomcatHttpServer - Stopping TomcatHttpServer...
19:48:56.436 [Test worker] DEBUG o.s.h.s.r.b.TomcatHttpServer - Server stopped (0 millis).
19:48:56.464 [Test worker] DEBUG o.s.w.s.a.HttpWebHandlerAdapter - enableLoggingRequestDetails='false': form data and headers will be masked to prevent unsafe logging of potentially sensitive data
19:48:56.465 [Test worker] DEBUG o.s.h.s.r.b.UndertowHttpServer - Starting UndertowHttpServer...
19:48:56.467 [Test worker] DEBUG o.s.h.s.r.b.UndertowHttpServer - Server started on port 51444(0 millis).
19:48:56.467 [Test worker] DEBUG o.s.w.c.RestTemplate - HTTP GET http://localhost:51444/filter
19:48:56.467 [Test worker] DEBUG o.s.w.c.RestTemplate - Accept=[text/plain, application/json, application/x-jackson-smile, application/*+json, */*]
19:48:56.468 [XNIO-128 I/O-2] DEBUG o.s.w.s.a.HttpWebHandlerAdapter - [513bb8ce] HTTP GET "/filter"
19:48:56.469 [XNIO-128 I/O-2] DEBUG o.s.w.s.a.HttpWebHandlerAdapter - [513bb8ce] Completed 200 OK
19:48:56.469 [Test worker] DEBUG o.s.w.c.RestTemplate - Response 200 OK
19:48:56.469 [Test worker] DEBUG o.s.w.c.RestTemplate - Reading to [java.lang.String] as "text/plain"
19:48:56.469 [Test worker] DEBUG o.s.h.s.r.b.UndertowHttpServer - Stopping UndertowHttpServer...
19:48:56.469 [Test worker] DEBUG o.s.h.s.r.b.UndertowHttpServer - Server stopped (0 millis).
19:48:56.496 [Test worker] DEBUG o.s.w.s.a.HttpWebHandlerAdapter - enableLoggingRequestDetails='false': form data and headers will be masked to prevent unsafe logging of potentially sensitive data
19:48:56.496 [Test worker] DEBUG o.s.h.s.r.b.UndertowHttpServer - Starting UndertowHttpServer...
19:48:56.498 [Test worker] DEBUG o.s.h.s.r.b.UndertowHttpServer - Server started on port 51446(0 millis).
19:48:56.498 [Test worker] DEBUG o.s.w.c.RestTemplate - HTTP GET http://localhost:51446/normal
19:48:56.498 [Test worker] DEBUG o.s.w.c.RestTemplate - Accept=[text/plain, application/json, application/x-jackson-smile, application/*+json, */*]
19:48:56.499 [XNIO-129 I/O-2] DEBUG o.s.w.s.a.HttpWebHandlerAdapter - [5f1a936d] HTTP GET "/normal"
19:48:56.500 [XNIO-129 I/O-2] DEBUG o.s.w.s.a.HttpWebHandlerAdapter - [5f1a936d] Completed 200 OK
19:48:56.500 [Test worker] DEBUG o.s.w.c.RestTemplate - Response 200 OK
19:48:56.500 [Test worker] DEBUG o.s.w.c.RestTemplate - Reading to [java.lang.String] as "text/plain"
19:48:56.500 [Test worker] DEBUG o.s.h.s.r.b.UndertowHttpServer - Stopping UndertowHttpServer...
19:48:56.500 [Test worker] DEBUG o.s.h.s.r.b.UndertowHttpServer - Server stopped (0 millis).
]]></system-out>
  <system-err><![CDATA[六月 21, 2019 7:48:56 下午 org.apache.catalina.core.StandardService startInternal
信息: Starting service [Tomcat]
六月 21, 2019 7:48:56 下午 org.apache.catalina.core.StandardEngine startInternal
信息: Starting Servlet engine: [Apache Tomcat/9.0.21]
六月 21, 2019 7:48:56 下午 org.apache.coyote.AbstractProtocol init
信息: Initializing ProtocolHandler ["http-nio-auto-129"]
六月 21, 2019 7:48:56 下午 org.apache.coyote.AbstractProtocol start
信息: Starting ProtocolHandler ["http-nio-auto-129-51438"]
六月 21, 2019 7:48:56 下午 org.apache.coyote.AbstractProtocol pause
信息: Pausing ProtocolHandler ["http-nio-auto-129-51438"]
六月 21, 2019 7:48:56 下午 org.apache.catalina.core.StandardService stopInternal
信息: Stopping service [Tomcat]
六月 21, 2019 7:48:56 下午 org.apache.coyote.AbstractProtocol stop
信息: Stopping ProtocolHandler ["http-nio-auto-129-51438"]
六月 21, 2019 7:48:56 下午 org.apache.coyote.AbstractProtocol destroy
信息: Destroying ProtocolHandler ["http-nio-auto-129-51438"]
六月 21, 2019 7:48:56 下午 org.apache.catalina.core.StandardService startInternal
信息: Starting service [Tomcat]
六月 21, 2019 7:48:56 下午 org.apache.catalina.core.StandardEngine startInternal
信息: Starting Servlet engine: [Apache Tomcat/9.0.21]
六月 21, 2019 7:48:56 下午 org.apache.coyote.AbstractProtocol init
信息: Initializing ProtocolHandler ["http-nio-auto-130"]
六月 21, 2019 7:48:56 下午 org.apache.coyote.AbstractProtocol start
信息: Starting ProtocolHandler ["http-nio-auto-130-51441"]
六月 21, 2019 7:48:56 下午 org.apache.coyote.AbstractProtocol pause
信息: Pausing ProtocolHandler ["http-nio-auto-130-51441"]
六月 21, 2019 7:48:56 下午 org.apache.catalina.core.StandardService stopInternal
信息: Stopping service [Tomcat]
六月 21, 2019 7:48:56 下午 org.apache.coyote.AbstractProtocol stop
信息: Stopping ProtocolHandler ["http-nio-auto-130-51441"]
六月 21, 2019 7:48:56 下午 org.apache.coyote.AbstractProtocol destroy
信息: Destroying ProtocolHandler ["http-nio-auto-130-51441"]
]]></system-err>
</testsuite>
