<?xml version="1.0" encoding="UTF-8"?>
<testsuite name="org.springframework.web.reactive.handler.CorsUrlHandlerMappingTests" tests="8" skipped="0" failures="0" errors="0" timestamp="2019-06-21T11:46:43" hostname="Macbook-Air.local" time="0.042">
  <properties/>
  <testcase name="preFlightWithCorsAwareHandler" classname="org.springframework.web.reactive.handler.CorsUrlHandlerMappingTests" time="0.016"/>
  <testcase name="preflightRequestWithoutCorsConfigurationProvider" classname="org.springframework.web.reactive.handler.CorsUrlHandlerMappingTests" time="0.002"/>
  <testcase name="actualRequestWithoutCorsConfigurationProvider" classname="org.springframework.web.reactive.handler.CorsUrlHandlerMappingTests" time="0.002"/>
  <testcase name="actualRequestWithCorsConfigurationSource" classname="org.springframework.web.reactive.handler.CorsUrlHandlerMappingTests" time="0.008"/>
  <testcase name="preFlightRequestWithCorsConfigurationSource" classname="org.springframework.web.reactive.handler.CorsUrlHandlerMappingTests" time="0.001"/>
  <testcase name="actualRequestWithCorsAwareHandler" classname="org.springframework.web.reactive.handler.CorsUrlHandlerMappingTests" time="0.002"/>
  <testcase name="actualRequestWithGlobalCorsConfig" classname="org.springframework.web.reactive.handler.CorsUrlHandlerMappingTests" time="0.007"/>
  <testcase name="preFlightRequestWithGlobalCorsConfig" classname="org.springframework.web.reactive.handler.CorsUrlHandlerMappingTests" time="0.002"/>
  <system-out><![CDATA[19:46:43.070 [Test worker] DEBUG o.s.w.r.h.CorsUrlHandlerMappingTests$1 - [4753ec63] Mapped to org.springframework.web.reactive.handler.CorsUrlHandlerMappingTests$CorsAwareHandler@7fb750c5
19:46:43.075 [Test worker] DEBUG o.s.w.r.h.CorsUrlHandlerMappingTests$1 - [2e16117c] Mapped to java.lang.Object@7b2a4a35
19:46:43.077 [Test worker] DEBUG o.s.w.r.h.CorsUrlHandlerMappingTests$1 - [1c7d2a44] Mapped to java.lang.Object@654bcbcb
19:46:43.082 [Test worker] DEBUG o.s.w.r.h.CorsUrlHandlerMappingTests$1 - [7bc8bbef] Mapped to java.lang.Object@521a3d41
19:46:43.086 [Test worker] DEBUG o.s.w.r.h.CorsUrlHandlerMappingTests$1 - [76a5e487] Mapped to java.lang.Object@7327733c
19:46:43.088 [Test worker] DEBUG o.s.w.r.h.CorsUrlHandlerMappingTests$1 - [7c7ac55b] Mapped to org.springframework.web.reactive.handler.CorsUrlHandlerMappingTests$CorsAwareHandler@130c002a
19:46:43.093 [Test worker] DEBUG o.s.w.r.h.CorsUrlHandlerMappingTests$1 - [220eaee7] Mapped to java.lang.Object@4b08cb5f
19:46:43.098 [Test worker] DEBUG o.s.w.r.h.CorsUrlHandlerMappingTests$1 - [65ab926f] Mapped to java.lang.Object@3b79159b
]]></system-out>
  <system-err><![CDATA[]]></system-err>
</testsuite>
