<?xml version="1.0" encoding="UTF-8"?>
<testsuite name="org.springframework.web.reactive.result.method.HandlerMethodMappingTests" tests="7" skipped="0" failures="0" errors="0" timestamp="2020-11-25T14:42:25" hostname="lichangbaodeMacBook-Pro.local" time="0.009">
  <properties/>
  <testcase name="directMatch" classname="org.springframework.web.reactive.result.method.HandlerMethodMappingTests" time="0.001"/>
  <testcase name="patternMatch" classname="org.springframework.web.reactive.result.method.HandlerMethodMappingTests" time="0.001"/>
  <testcase name="unregisterMapping" classname="org.springframework.web.reactive.result.method.HandlerMethodMappingTests" time="0.005"/>
  <testcase name="registerMappingWithSameMethodAndTwoHandlerInstances" classname="org.springframework.web.reactive.result.method.HandlerMethodMappingTests" time="0.001"/>
  <testcase name="registerDuplicates" classname="org.springframework.web.reactive.result.method.HandlerMethodMappingTests" time="0.0"/>
  <testcase name="registerMapping" classname="org.springframework.web.reactive.result.method.HandlerMethodMappingTests" time="0.0"/>
  <testcase name="ambiguousMatch" classname="org.springframework.web.reactive.result.method.HandlerMethodMappingTests" time="0.001"/>
  <system-out><![CDATA[22:42:25.669 [Test worker] DEBUG o.s.w.r.r.m.HandlerMethodMappingTests$MyHandlerMethodMapping - [7ffe7ed7] Mapped to org.springframework.web.reactive.result.method.HandlerMethodMappingTests$MyHandler#handlerMethod1()
22:42:25.669 [Test worker] DEBUG o.s.w.r.r.m.HandlerMethodMappingTests$MyHandlerMethodMapping - [57a91a54] Mapped to org.springframework.web.reactive.result.method.HandlerMethodMappingTests$MyHandler#handlerMethod1()
22:42:25.670 [Test worker] DEBUG o.s.w.r.r.m.HandlerMethodMappingTests$MyHandlerMethodMapping - [3f499575] Mapped to org.springframework.web.reactive.result.method.HandlerMethodMappingTests$MyHandler#handlerMethod1()
]]></system-out>
  <system-err><![CDATA[]]></system-err>
</testsuite>
