<?xml version="1.0" encoding="UTF-8"?>
<testsuite name="org.springframework.web.reactive.config.WebFluxConfigurationSupportTests" tests="9" skipped="0" failures="0" errors="0" timestamp="2020-11-25T14:43:21" hostname="lichangbaodeMacBook-Pro.local" time="0.409">
  <properties/>
  <testcase name="resourceUrlProvider" classname="org.springframework.web.reactive.config.WebFluxConfigurationSupportTests" time="0.047"/>
  <testcase name="customPathMatchConfig" classname="org.springframework.web.reactive.config.WebFluxConfigurationSupportTests" time="0.058"/>
  <testcase name="requestMappingHandlerAdapter" classname="org.springframework.web.reactive.config.WebFluxConfigurationSupportTests" time="0.045"/>
  <testcase name="customMessageConverterConfig" classname="org.springframework.web.reactive.config.WebFluxConfigurationSupportTests" time="0.019"/>
  <testcase name="responseBodyResultHandler" classname="org.springframework.web.reactive.config.WebFluxConfigurationSupportTests" time="0.045"/>
  <testcase name="viewResolutionResultHandler" classname="org.springframework.web.reactive.config.WebFluxConfigurationSupportTests" time="0.057"/>
  <testcase name="requestMappingHandlerMapping" classname="org.springframework.web.reactive.config.WebFluxConfigurationSupportTests" time="0.047"/>
  <testcase name="resourceHandler" classname="org.springframework.web.reactive.config.WebFluxConfigurationSupportTests" time="0.05"/>
  <testcase name="responseEntityResultHandler" classname="org.springframework.web.reactive.config.WebFluxConfigurationSupportTests" time="0.04"/>
  <system-out><![CDATA[22:43:21.276 [Test worker] DEBUG o.s.w.r.r.m.a.ControllerMethodResolver - ControllerAdvice beans: none
22:43:21.315 [Test worker] DEBUG o.s.w.r.r.m.a.RequestMappingHandlerMapping - 1 mappings in 'requestMappingHandlerMapping'
22:43:21.335 [Test worker] DEBUG o.s.w.r.r.m.a.ControllerMethodResolver - ControllerAdvice beans: none
22:43:21.380 [Test worker] DEBUG o.s.w.r.r.m.a.ControllerMethodResolver - ControllerAdvice beans: none
22:43:21.422 [Test worker] DEBUG o.s.w.r.r.m.a.ControllerMethodResolver - ControllerAdvice beans: none
22:43:21.446 [Test worker] DEBUG o.s.w.r.r.m.a.ControllerMethodResolver - ControllerAdvice beans: none
22:43:21.498 [Test worker] DEBUG o.s.w.r.r.m.a.ControllerMethodResolver - ControllerAdvice beans: none
22:43:21.548 [Test worker] DEBUG o.s.w.r.r.m.a.ControllerMethodResolver - ControllerAdvice beans: none
22:43:21.587 [Test worker] DEBUG o.s.w.r.h.SimpleUrlHandlerMapping - Patterns [/images/**] in 'resourceHandlerMapping'
22:43:21.600 [Test worker] DEBUG o.s.w.r.r.m.a.ControllerMethodResolver - ControllerAdvice beans: none
22:43:21.642 [Test worker] DEBUG o.s.w.r.r.m.a.ControllerMethodResolver - ControllerAdvice beans: none
]]></system-out>
  <system-err><![CDATA[]]></system-err>
</testsuite>
