<?xml version="1.0" encoding="UTF-8"?>
<testsuite name="org.springframework.web.reactive.resource.CssLinkResourceTransformerTests" tests="6" skipped="0" failures="0" errors="0" timestamp="2020-11-25T14:43:29" hostname="lichangbaodeMacBook-Pro.local" time="0.031">
  <properties/>
  <testcase name="transformSkippedForNonCssResource" classname="org.springframework.web.reactive.resource.CssLinkResourceTransformerTests" time="0.001"/>
  <testcase name="transformEmptyUrlFunction" classname="org.springframework.web.reactive.resource.CssLinkResourceTransformerTests" time="0.006"/>
  <testcase name="transformSkippedForGzippedResource" classname="org.springframework.web.reactive.resource.CssLinkResourceTransformerTests" time="0.001"/>
  <testcase name="transformNoLinks" classname="org.springframework.web.reactive.resource.CssLinkResourceTransformerTests" time="0.001"/>
  <testcase name="transformExtLinksNotAllowed" classname="org.springframework.web.reactive.resource.CssLinkResourceTransformerTests" time="0.01"/>
  <testcase name="transform" classname="org.springframework.web.reactive.resource.CssLinkResourceTransformerTests" time="0.012"/>
  <system-out><![CDATA[]]></system-out>
  <system-err><![CDATA[]]></system-err>
</testsuite>
