<?xml version="1.0" encoding="UTF-8"?>
<testsuite name="org.springframework.web.reactive.socket.server.support.HandshakeWebSocketServiceTests" tests="1" skipped="0" failures="0" errors="0" timestamp="2020-11-25T14:43:32" hostname="lichangbaodeMacBook-Pro.local" time="0.006">
  <properties/>
  <testcase name="sessionAttributePredicate" classname="org.springframework.web.reactive.socket.server.support.HandshakeWebSocketServiceTests" time="0.006"/>
  <system-out><![CDATA[]]></system-out>
  <system-err><![CDATA[]]></system-err>
</testsuite>
