<?xml version="1.0" encoding="UTF-8"?>
<testsuite name="org.springframework.web.reactive.result.method.annotation.ControllerAdviceTests" tests="7" skipped="0" failures="0" errors="0" timestamp="2020-11-25T14:43:02" hostname="lichangbaodeMacBook-Pro.local" time="0.054">
  <properties/>
  <testcase name="resolveExceptionGlobalHandlerOrdered" classname="org.springframework.web.reactive.result.method.annotation.ControllerAdviceTests" time="0.012"/>
  <testcase name="initBinderAdvice" classname="org.springframework.web.reactive.result.method.annotation.ControllerAdviceTests" time="0.007"/>
  <testcase name="modelAttributeAdvice" classname="org.springframework.web.reactive.result.method.annotation.ControllerAdviceTests" time="0.007"/>
  <testcase name="resolveExceptionGlobalHandler" classname="org.springframework.web.reactive.result.method.annotation.ControllerAdviceTests" time="0.007"/>
  <testcase name="resolveExceptionWithAssertionError" classname="org.springframework.web.reactive.result.method.annotation.ControllerAdviceTests" time="0.007"/>
  <testcase name="resolveExceptionWithAssertionErrorAsRootCause" classname="org.springframework.web.reactive.result.method.annotation.ControllerAdviceTests" time="0.007"/>
  <testcase name="resolveExceptionWithHandlerMethodArg" classname="org.springframework.web.reactive.result.method.annotation.ControllerAdviceTests" time="0.007"/>
  <system-out><![CDATA[22:43:02.620 [Test worker] DEBUG o.s.w.r.r.m.a.ControllerMethodResolver - ControllerAdvice beans: 1 @ModelAttribute, 0 @InitBinder, 2 @ExceptionHandler
22:43:02.620 [Test worker] DEBUG o.s.w.r.r.m.a.RequestMappingHandlerAdapter - [81beffa] Using @ExceptionHandler org.springframework.web.reactive.result.method.annotation.ControllerAdviceTests$OneControllerAdvice#handleException(IllegalStateException)
22:43:02.627 [Test worker] DEBUG o.s.w.r.r.m.a.ControllerMethodResolver - ControllerAdvice beans: 1 @ModelAttribute, 0 @InitBinder, 2 @ExceptionHandler
22:43:02.634 [Test worker] DEBUG o.s.w.r.r.m.a.ControllerMethodResolver - ControllerAdvice beans: 1 @ModelAttribute, 0 @InitBinder, 2 @ExceptionHandler
22:43:02.641 [Test worker] DEBUG o.s.w.r.r.m.a.ControllerMethodResolver - ControllerAdvice beans: 1 @ModelAttribute, 0 @InitBinder, 2 @ExceptionHandler
22:43:02.642 [Test worker] DEBUG o.s.w.r.r.m.a.RequestMappingHandlerAdapter - [724c434b] Using @ExceptionHandler org.springframework.web.reactive.result.method.annotation.ControllerAdviceTests$SecondControllerAdvice#handleException(Exception)
22:43:02.648 [Test worker] DEBUG o.s.w.r.r.m.a.ControllerMethodResolver - ControllerAdvice beans: 1 @ModelAttribute, 0 @InitBinder, 2 @ExceptionHandler
22:43:02.649 [Test worker] DEBUG o.s.w.r.r.m.a.RequestMappingHandlerAdapter - [2e9380e3] Using @ExceptionHandler org.springframework.web.reactive.result.method.annotation.ControllerAdviceTests$OneControllerAdvice#handleAssertionError(Error)
22:43:02.655 [Test worker] DEBUG o.s.w.r.r.m.a.ControllerMethodResolver - ControllerAdvice beans: 1 @ModelAttribute, 0 @InitBinder, 2 @ExceptionHandler
22:43:02.656 [Test worker] DEBUG o.s.w.r.r.m.a.RequestMappingHandlerAdapter - [1e430328] Using @ExceptionHandler org.springframework.web.reactive.result.method.annotation.ControllerAdviceTests$OneControllerAdvice#handleAssertionError(Error)
22:43:02.663 [Test worker] DEBUG o.s.w.r.r.m.a.ControllerMethodResolver - ControllerAdvice beans: 1 @ModelAttribute, 0 @InitBinder, 2 @ExceptionHandler
22:43:02.663 [Test worker] DEBUG o.s.w.r.r.m.a.RequestMappingHandlerAdapter - [73df1502] Using @ExceptionHandler org.springframework.web.reactive.result.method.annotation.ControllerAdviceTests$OneControllerAdvice#handleWithHandlerMethod(HandlerMethod)
]]></system-out>
  <system-err><![CDATA[]]></system-err>
</testsuite>
