<?xml version="1.0" encoding="UTF-8"?>
<testsuite name="org.springframework.web.reactive.result.view.script.JythonScriptTemplateTests" tests="1" skipped="0" failures="0" errors="0" timestamp="2019-06-21T11:46:53" hostname="Macbook-Air.local" time="6.06">
  <properties/>
  <testcase name="renderTemplate" classname="org.springframework.web.reactive.result.view.script.JythonScriptTemplateTests" time="6.06"/>
  <system-out><![CDATA[]]></system-out>
  <system-err><![CDATA[]]></system-err>
</testsuite>
