<?xml version="1.0" encoding="UTF-8"?>
<testsuite name="org.springframework.web.reactive.result.method.RequestMappingInfoHandlerMappingTests" tests="18" skipped="0" failures="0" errors="0" timestamp="2020-11-25T14:43:21" hostname="lichangbaodeMacBook-Pro.local" time="0.022">
  <properties/>
  <testcase name="getHandlerHttpOptions" classname="org.springframework.web.reactive.result.method.RequestMappingInfoHandlerMappingTests" time="0.004"/>
  <testcase name="getHandlerTestRequestParamMismatch" classname="org.springframework.web.reactive.result.method.RequestMappingInfoHandlerMappingTests" time="0.002"/>
  <testcase name="getHandlerTestMediaTypeNotAcceptable" classname="org.springframework.web.reactive.result.method.RequestMappingInfoHandlerMappingTests" time="0.001"/>
  <testcase name="getHandlerGlobMatch" classname="org.springframework.web.reactive.result.method.RequestMappingInfoHandlerMappingTests" time="0.001"/>
  <testcase name="handleMatchBestMatchingPatternAttributeNoPatternsDefined" classname="org.springframework.web.reactive.result.method.RequestMappingInfoHandlerMappingTests" time="0.0"/>
  <testcase name="getHandlerMediaTypeNotSupported" classname="org.springframework.web.reactive.result.method.RequestMappingInfoHandlerMappingTests" time="0.002"/>
  <testcase name="getHandlerRequestMethodNotAllowed" classname="org.springframework.web.reactive.result.method.RequestMappingInfoHandlerMappingTests" time="0.001"/>
  <testcase name="handleMatchUriTemplateVariables" classname="org.springframework.web.reactive.result.method.RequestMappingInfoHandlerMappingTests" time="0.001"/>
  <testcase name="getHandlerBestMatch" classname="org.springframework.web.reactive.result.method.RequestMappingInfoHandlerMappingTests" time="0.001"/>
  <testcase name="getHandlerProducibleMediaTypesAttribute" classname="org.springframework.web.reactive.result.method.RequestMappingInfoHandlerMappingTests" time="0.001"/>
  <testcase name="handleMatchBestMatchingPatternAttribute" classname="org.springframework.web.reactive.result.method.RequestMappingInfoHandlerMappingTests" time="0.001"/>
  <testcase name="handleMatchUriTemplateVariablesDecode" classname="org.springframework.web.reactive.result.method.RequestMappingInfoHandlerMappingTests" time="0.0"/>
  <testcase name="getHandlerEmptyPathMatch" classname="org.springframework.web.reactive.result.method.RequestMappingInfoHandlerMappingTests" time="0.001"/>
  <testcase name="getHandlerTestInvalidContentType" classname="org.springframework.web.reactive.result.method.RequestMappingInfoHandlerMappingTests" time="0.001"/>
  <testcase name="getHandlerDirectMatch" classname="org.springframework.web.reactive.result.method.RequestMappingInfoHandlerMappingTests" time="0.001"/>
  <testcase name="getHandlerRequestMethodMatchFalsePositive" classname="org.springframework.web.reactive.result.method.RequestMappingInfoHandlerMappingTests" time="0.001"/>
  <testcase name="handleMatchMatrixVariablesDecoding" classname="org.springframework.web.reactive.result.method.RequestMappingInfoHandlerMappingTests" time="0.001"/>
  <testcase name="handleMatchMatrixVariables" classname="org.springframework.web.reactive.result.method.RequestMappingInfoHandlerMappingTests" time="0.0"/>
  <system-out><![CDATA[22:43:21.068 [Test worker] DEBUG o.s.w.r.r.m.RequestMappingInfoHandlerMappingTests$TestRequestMappingInfoHandlerMapping - [2571fa40] Mapped to org.springframework.web.reactive.result.method.RequestMappingInfoHandlerMapping$HttpOptionsHandler#handle()
22:43:21.068 [Test worker] DEBUG o.s.w.r.r.m.RequestMappingInfoHandlerMappingTests$TestRequestMappingInfoHandlerMapping - [32df57b2] Mapped to org.springframework.web.reactive.result.method.RequestMappingInfoHandlerMapping$HttpOptionsHandler#handle()
22:43:21.069 [Test worker] DEBUG o.s.w.r.r.m.RequestMappingInfoHandlerMappingTests$TestRequestMappingInfoHandlerMapping - [58707b02] Mapped to org.springframework.web.reactive.result.method.RequestMappingInfoHandlerMapping$HttpOptionsHandler#handle()
22:43:21.069 [Test worker] DEBUG o.s.w.r.r.m.RequestMappingInfoHandlerMappingTests$TestRequestMappingInfoHandlerMapping - [6621dcb7] Mapped to org.springframework.web.reactive.result.method.RequestMappingInfoHandlerMappingTests$TestController#fooOptions()
22:43:21.074 [Test worker] DEBUG o.s.w.r.r.m.RequestMappingInfoHandlerMappingTests$TestRequestMappingInfoHandlerMapping - [592c97d5] Mapped to org.springframework.web.reactive.result.method.RequestMappingInfoHandlerMappingTests$TestController#bar()
22:43:21.079 [Test worker] DEBUG o.s.w.r.r.m.RequestMappingInfoHandlerMappingTests$TestRequestMappingInfoHandlerMapping - [d2a127f] Mapped to org.springframework.web.reactive.result.method.RequestMappingInfoHandlerMappingTests$TestController#fooParam()
22:43:21.080 [Test worker] DEBUG o.s.w.r.r.m.RequestMappingInfoHandlerMappingTests$TestRequestMappingInfoHandlerMapping - [e91bbf0] Mapped to org.springframework.web.reactive.result.method.RequestMappingInfoHandlerMappingTests$TestController#xmlContent()
22:43:21.080 [Test worker] DEBUG o.s.w.r.r.m.RequestMappingInfoHandlerMappingTests$TestRequestMappingInfoHandlerMapping - [21c17329] Mapped to org.springframework.web.reactive.result.method.RequestMappingInfoHandlerMappingTests$TestController#nonXmlContent()
22:43:21.082 [Test worker] DEBUG o.s.w.r.r.m.RequestMappingInfoHandlerMappingTests$TestRequestMappingInfoHandlerMapping - [40871b26] Mapped to org.springframework.web.reactive.result.method.RequestMappingInfoHandlerMappingTests$TestController#empty()
22:43:21.082 [Test worker] DEBUG o.s.w.r.r.m.RequestMappingInfoHandlerMappingTests$TestRequestMappingInfoHandlerMapping - [210b4f0f] Mapped to org.springframework.web.reactive.result.method.RequestMappingInfoHandlerMappingTests$TestController#empty()
22:43:21.084 [Test worker] DEBUG o.s.w.r.r.m.RequestMappingInfoHandlerMappingTests$TestRequestMappingInfoHandlerMapping - [3b5259ae] Mapped to org.springframework.web.reactive.result.method.RequestMappingInfoHandlerMappingTests$TestController#foo()
]]></system-out>
  <system-err><![CDATA[]]></system-err>
</testsuite>
