<?xml version="1.0" encoding="UTF-8"?>
<testsuite name="org.springframework.web.reactive.result.method.annotation.ProtobufIntegrationTests" tests="20" skipped="0" failures="0" errors="0" timestamp="2020-11-25T14:42:30" hostname="lichangbaodeMacBook-Pro.local" time="2.623">
  <properties/>
  <testcase name="defaultInstance[server [org.springframework.http.server.reactive.bootstrap.JettyHttpServer@3afcd394]]" classname="org.springframework.web.reactive.result.method.annotation.ProtobufIntegrationTests" time="0.301"/>
  <testcase name="values[server [org.springframework.http.server.reactive.bootstrap.JettyHttpServer@3afcd394]]" classname="org.springframework.web.reactive.result.method.annotation.ProtobufIntegrationTests" time="0.121"/>
  <testcase name="streaming[server [org.springframework.http.server.reactive.bootstrap.JettyHttpServer@3afcd394]]" classname="org.springframework.web.reactive.result.method.annotation.ProtobufIntegrationTests" time="0.199"/>
  <testcase name="empty[server [org.springframework.http.server.reactive.bootstrap.JettyHttpServer@3afcd394]]" classname="org.springframework.web.reactive.result.method.annotation.ProtobufIntegrationTests" time="0.094"/>
  <testcase name="value[server [org.springframework.http.server.reactive.bootstrap.JettyHttpServer@3afcd394]]" classname="org.springframework.web.reactive.result.method.annotation.ProtobufIntegrationTests" time="0.093"/>
  <testcase name="defaultInstance[server [org.springframework.http.server.reactive.bootstrap.ReactorHttpServer@444a1598]]" classname="org.springframework.web.reactive.result.method.annotation.ProtobufIntegrationTests" time="0.086"/>
  <testcase name="values[server [org.springframework.http.server.reactive.bootstrap.ReactorHttpServer@444a1598]]" classname="org.springframework.web.reactive.result.method.annotation.ProtobufIntegrationTests" time="0.089"/>
  <testcase name="streaming[server [org.springframework.http.server.reactive.bootstrap.ReactorHttpServer@444a1598]]" classname="org.springframework.web.reactive.result.method.annotation.ProtobufIntegrationTests" time="0.185"/>
  <testcase name="empty[server [org.springframework.http.server.reactive.bootstrap.ReactorHttpServer@444a1598]]" classname="org.springframework.web.reactive.result.method.annotation.ProtobufIntegrationTests" time="0.085"/>
  <testcase name="value[server [org.springframework.http.server.reactive.bootstrap.ReactorHttpServer@444a1598]]" classname="org.springframework.web.reactive.result.method.annotation.ProtobufIntegrationTests" time="0.081"/>
  <testcase name="defaultInstance[server [org.springframework.http.server.reactive.bootstrap.TomcatHttpServer@7fe560e5]]" classname="org.springframework.web.reactive.result.method.annotation.ProtobufIntegrationTests" time="0.097"/>
  <testcase name="values[server [org.springframework.http.server.reactive.bootstrap.TomcatHttpServer@7fe560e5]]" classname="org.springframework.web.reactive.result.method.annotation.ProtobufIntegrationTests" time="0.117"/>
  <testcase name="streaming[server [org.springframework.http.server.reactive.bootstrap.TomcatHttpServer@7fe560e5]]" classname="org.springframework.web.reactive.result.method.annotation.ProtobufIntegrationTests" time="0.302"/>
  <testcase name="empty[server [org.springframework.http.server.reactive.bootstrap.TomcatHttpServer@7fe560e5]]" classname="org.springframework.web.reactive.result.method.annotation.ProtobufIntegrationTests" time="0.105"/>
  <testcase name="value[server [org.springframework.http.server.reactive.bootstrap.TomcatHttpServer@7fe560e5]]" classname="org.springframework.web.reactive.result.method.annotation.ProtobufIntegrationTests" time="0.106"/>
  <testcase name="defaultInstance[server [org.springframework.http.server.reactive.bootstrap.UndertowHttpServer@578f4f53]]" classname="org.springframework.web.reactive.result.method.annotation.ProtobufIntegrationTests" time="0.1"/>
  <testcase name="values[server [org.springframework.http.server.reactive.bootstrap.UndertowHttpServer@578f4f53]]" classname="org.springframework.web.reactive.result.method.annotation.ProtobufIntegrationTests" time="0.091"/>
  <testcase name="streaming[server [org.springframework.http.server.reactive.bootstrap.UndertowHttpServer@578f4f53]]" classname="org.springframework.web.reactive.result.method.annotation.ProtobufIntegrationTests" time="0.185"/>
  <testcase name="empty[server [org.springframework.http.server.reactive.bootstrap.UndertowHttpServer@578f4f53]]" classname="org.springframework.web.reactive.result.method.annotation.ProtobufIntegrationTests" time="0.085"/>
  <testcase name="value[server [org.springframework.http.server.reactive.bootstrap.UndertowHttpServer@578f4f53]]" classname="org.springframework.web.reactive.result.method.annotation.ProtobufIntegrationTests" time="0.096"/>
  <system-out><![CDATA[22:42:30.068 [Test worker] DEBUG o.s.w.r.r.m.a.RequestMappingHandlerMapping - 5 mappings in 'requestMappingHandlerMapping'
22:42:30.086 [Test worker] DEBUG o.s.w.r.r.m.a.ControllerMethodResolver - ControllerAdvice beans: none
22:42:30.113 [Test worker] DEBUG o.s.w.s.a.HttpWebHandlerAdapter - enableLoggingRequestDetails='false': form data and headers will be masked to prevent unsafe logging of potentially sensitive data
22:42:30.113 [Test worker] WARN  o.e.j.s.h.ContextHandler - Empty contextPath
22:42:30.113 [Test worker] INFO  o.e.j.s.h.ContextHandler - Started o.e.j.s.ServletContextHandler@d385bc3{/,null,AVAILABLE}
22:42:30.113 [Test worker] DEBUG o.s.h.s.r.b.JettyHttpServer - Starting JettyHttpServer...
22:42:30.113 [Test worker] INFO  o.e.j.s.Server - jetty-9.4.18.v20190429; built: 2019-04-29T20:42:08.989Z; git: e1bc35120a6617ee3df052294e433f3a25ce7097; jvm 1.8.0_211-b12
22:42:30.115 [Test worker] INFO  o.e.j.s.AbstractConnector - Started ServerConnector@6a0b23b0{HTTP/1.1,[http/1.1]}{0.0.0.0:53754}
22:42:30.115 [Test worker] INFO  o.e.j.s.Server - Started @22542ms
22:42:30.115 [Test worker] DEBUG o.s.h.s.r.b.JettyHttpServer - Server started on port 53754(0 millis).
22:42:30.120 [Test worker] DEBUG o.s.w.r.f.c.ExchangeFunctions - [539c504f] HTTP GET http://localhost:53754/default-instance
22:42:30.124 [qtp2100654211-703] DEBUG o.s.w.s.a.HttpWebHandlerAdapter - [14001e3f] HTTP GET "/default-instance"
22:42:30.124 [qtp2100654211-703] DEBUG o.s.w.r.r.m.a.RequestMappingHandlerMapping - [14001e3f] Mapped to org.springframework.web.reactive.result.method.annotation.ProtobufIntegrationTests$ProtobufController#defaultInstance()
22:42:30.237 [qtp2100654211-703] DEBUG o.s.w.r.r.m.a.ResponseBodyResultHandler - Using 'application/x-protobuf' given [*/*] and supported [application/x-protobuf, application/octet-stream, application/json, application/*+json, application/x-jackson-smile, application/*+x-jackson-smile, text/event-stream]
22:42:30.237 [qtp2100654211-703] DEBUG o.s.w.r.r.m.a.ResponseBodyResultHandler - [14001e3f] 0..1 [org.springframework.web.reactive.protobuf.Msg]
22:42:30.301 [qtp2100654211-703] DEBUG o.s.w.s.a.HttpWebHandlerAdapter - [14001e3f] Completed 200 OK
22:42:30.301 [reactor-http-nio-16] DEBUG o.s.w.r.f.c.ExchangeFunctions - [539c504f] Response 200 OK
22:42:30.309 [Test worker] DEBUG o.s.h.s.r.b.JettyHttpServer - Stopping JettyHttpServer...
22:42:30.309 [Test worker] INFO  o.e.j.s.h.ContextHandler - Stopped o.e.j.s.ServletContextHandler@d385bc3{/,null,UNAVAILABLE}
22:42:30.310 [Test worker] INFO  o.e.j.s.AbstractConnector - Stopped ServerConnector@6a0b23b0{HTTP/1.1,[http/1.1]}{0.0.0.0:0}
22:42:30.310 [Test worker] DEBUG o.s.h.s.r.b.JettyHttpServer - Server stopped (0 millis).
22:42:30.341 [Test worker] DEBUG o.s.w.r.r.m.a.RequestMappingHandlerMapping - 5 mappings in 'requestMappingHandlerMapping'
22:42:30.356 [Test worker] DEBUG o.s.w.r.r.m.a.ControllerMethodResolver - ControllerAdvice beans: none
22:42:30.382 [Test worker] DEBUG o.s.w.s.a.HttpWebHandlerAdapter - enableLoggingRequestDetails='false': form data and headers will be masked to prevent unsafe logging of potentially sensitive data
22:42:30.382 [Test worker] WARN  o.e.j.s.h.ContextHandler - Empty contextPath
22:42:30.382 [Test worker] INFO  o.e.j.s.h.ContextHandler - Started o.e.j.s.ServletContextHandler@7d9233d6{/,null,AVAILABLE}
22:42:30.382 [Test worker] DEBUG o.s.h.s.r.b.JettyHttpServer - Starting JettyHttpServer...
22:42:30.382 [Test worker] INFO  o.e.j.s.Server - jetty-9.4.18.v20190429; built: 2019-04-29T20:42:08.989Z; git: e1bc35120a6617ee3df052294e433f3a25ce7097; jvm 1.8.0_211-b12
22:42:30.384 [Test worker] INFO  o.e.j.s.AbstractConnector - Started ServerConnector@305a1ac8{HTTP/1.1,[http/1.1]}{0.0.0.0:53756}
22:42:30.384 [Test worker] INFO  o.e.j.s.Server - Started @22811ms
22:42:30.384 [Test worker] DEBUG o.s.h.s.r.b.JettyHttpServer - Server started on port 53756(0 millis).
22:42:30.395 [Test worker] DEBUG o.s.w.r.f.c.ExchangeFunctions - [6c943c90] HTTP GET http://localhost:53756/messages
22:42:30.398 [qtp112908025-717] DEBUG o.s.w.s.a.HttpWebHandlerAdapter - [7af9d2b7] HTTP GET "/messages"
22:42:30.398 [qtp112908025-717] DEBUG o.s.w.r.r.m.a.RequestMappingHandlerMapping - [7af9d2b7] Mapped to org.springframework.web.reactive.result.method.annotation.ProtobufIntegrationTests$ProtobufController#messages()
22:42:30.415 [qtp112908025-717] DEBUG o.s.w.r.r.m.a.ResponseBodyResultHandler - Using 'application/x-protobuf' given [*/*] and supported [application/x-protobuf, application/octet-stream, application/json, application/*+json, application/x-jackson-smile, application/*+x-jackson-smile, text/event-stream]
22:42:30.415 [qtp112908025-717] DEBUG o.s.w.r.r.m.a.ResponseBodyResultHandler - [7af9d2b7] 0..N [org.springframework.web.reactive.protobuf.Msg]
22:42:30.417 [qtp112908025-717] DEBUG o.s.w.s.a.HttpWebHandlerAdapter - [7af9d2b7] Completed 200 OK
22:42:30.417 [reactor-http-nio-4] DEBUG o.s.w.r.f.c.ExchangeFunctions - [6c943c90] Response 200 OK
22:42:30.430 [Test worker] DEBUG o.s.h.s.r.b.JettyHttpServer - Stopping JettyHttpServer...
22:42:30.430 [Test worker] INFO  o.e.j.s.h.ContextHandler - Stopped o.e.j.s.ServletContextHandler@7d9233d6{/,null,UNAVAILABLE}
22:42:30.431 [Test worker] INFO  o.e.j.s.AbstractConnector - Stopped ServerConnector@305a1ac8{HTTP/1.1,[http/1.1]}{0.0.0.0:0}
22:42:30.431 [Test worker] DEBUG o.s.h.s.r.b.JettyHttpServer - Server stopped (0 millis).
22:42:30.463 [Test worker] DEBUG o.s.w.r.r.m.a.RequestMappingHandlerMapping - 5 mappings in 'requestMappingHandlerMapping'
22:42:30.482 [Test worker] DEBUG o.s.w.r.r.m.a.ControllerMethodResolver - ControllerAdvice beans: none
22:42:30.508 [Test worker] DEBUG o.s.w.s.a.HttpWebHandlerAdapter - enableLoggingRequestDetails='false': form data and headers will be masked to prevent unsafe logging of potentially sensitive data
22:42:30.508 [Test worker] WARN  o.e.j.s.h.ContextHandler - Empty contextPath
22:42:30.508 [Test worker] INFO  o.e.j.s.h.ContextHandler - Started o.e.j.s.ServletContextHandler@7d1d5bb9{/,null,AVAILABLE}
22:42:30.508 [Test worker] DEBUG o.s.h.s.r.b.JettyHttpServer - Starting JettyHttpServer...
22:42:30.508 [Test worker] INFO  o.e.j.s.Server - jetty-9.4.18.v20190429; built: 2019-04-29T20:42:08.989Z; git: e1bc35120a6617ee3df052294e433f3a25ce7097; jvm 1.8.0_211-b12
22:42:30.510 [Test worker] INFO  o.e.j.s.AbstractConnector - Started ServerConnector@181d4561{HTTP/1.1,[http/1.1]}{0.0.0.0:53758}
22:42:30.510 [Test worker] INFO  o.e.j.s.Server - Started @22936ms
22:42:30.510 [Test worker] DEBUG o.s.h.s.r.b.JettyHttpServer - Server started on port 53758(0 millis).
22:42:30.511 [Test worker] DEBUG o.s.w.r.f.c.ExchangeFunctions - [3badf29e] HTTP GET http://localhost:53758/message-stream
22:42:30.514 [qtp1530250975-731] DEBUG o.s.w.s.a.HttpWebHandlerAdapter - [5dc1d001] HTTP GET "/message-stream"
22:42:30.514 [qtp1530250975-731] DEBUG o.s.w.r.r.m.a.RequestMappingHandlerMapping - [5dc1d001] Mapped to org.springframework.web.reactive.result.method.annotation.ProtobufIntegrationTests$ProtobufController#messageStream()
22:42:30.519 [qtp1530250975-731] DEBUG o.s.w.r.r.m.a.ResponseBodyResultHandler - Using 'application/x-protobuf;delimited=true' given [*/*] and supported [application/x-protobuf;delimited=true]
22:42:30.519 [qtp1530250975-731] DEBUG o.s.w.r.r.m.a.ResponseBodyResultHandler - [5dc1d001] 0..N [org.springframework.web.reactive.protobuf.Msg]
22:42:30.575 [reactor-http-nio-8] DEBUG o.s.w.r.f.c.ExchangeFunctions - [3badf29e] Response 200 OK
22:42:30.629 [reactor-http-nio-8] DEBUG o.s.w.r.f.c.ExchangeFunctions - [3badf29e] Cancel signal (to close connection)
22:42:30.629 [Test worker] DEBUG o.s.h.s.r.b.JettyHttpServer - Stopping JettyHttpServer...
22:42:30.629 [Test worker] INFO  o.e.j.s.h.ContextHandler - Stopped o.e.j.s.ServletContextHandler@7d1d5bb9{/,null,UNAVAILABLE}
22:42:30.630 [Test worker] INFO  o.e.j.s.AbstractConnector - Stopped ServerConnector@181d4561{HTTP/1.1,[http/1.1]}{0.0.0.0:0}
22:42:30.630 [Test worker] DEBUG o.s.h.s.r.b.JettyHttpServer - Server stopped (0 millis).
22:42:30.664 [Test worker] DEBUG o.s.w.r.r.m.a.RequestMappingHandlerMapping - 5 mappings in 'requestMappingHandlerMapping'
22:42:30.677 [parallel-1] WARN  o.e.j.u.t.QueuedThreadPool - QueuedThreadPool[qtp1530250975]@5b35c6df{STOPPED,8<=0<=200,i=0,r=-1,q=0}[NO_TRY] rejected HttpChannelOverHttp@64ba4e19{r=1,c=true,c=false/false,a=ASYNC_WOKEN,uri=//localhost:53758/message-stream,age=163}
22:42:30.680 [Test worker] DEBUG o.s.w.r.r.m.a.ControllerMethodResolver - ControllerAdvice beans: none
22:42:30.706 [Test worker] DEBUG o.s.w.s.a.HttpWebHandlerAdapter - enableLoggingRequestDetails='false': form data and headers will be masked to prevent unsafe logging of potentially sensitive data
22:42:30.706 [Test worker] WARN  o.e.j.s.h.ContextHandler - Empty contextPath
22:42:30.706 [Test worker] INFO  o.e.j.s.h.ContextHandler - Started o.e.j.s.ServletContextHandler@1e283252{/,null,AVAILABLE}
22:42:30.706 [Test worker] DEBUG o.s.h.s.r.b.JettyHttpServer - Starting JettyHttpServer...
22:42:30.706 [Test worker] INFO  o.e.j.s.Server - jetty-9.4.18.v20190429; built: 2019-04-29T20:42:08.989Z; git: e1bc35120a6617ee3df052294e433f3a25ce7097; jvm 1.8.0_211-b12
22:42:30.707 [Test worker] INFO  o.e.j.s.AbstractConnector - Started ServerConnector@7ea623b6{HTTP/1.1,[http/1.1]}{0.0.0.0:53760}
22:42:30.707 [Test worker] INFO  o.e.j.s.Server - Started @23134ms
22:42:30.708 [Test worker] DEBUG o.s.h.s.r.b.JettyHttpServer - Server started on port 53760(0 millis).
22:42:30.708 [Test worker] DEBUG o.s.w.r.f.c.ExchangeFunctions - [593c59] HTTP GET http://localhost:53760/empty
22:42:30.711 [qtp780211515-745] DEBUG o.s.w.s.a.HttpWebHandlerAdapter - [3fafa568] HTTP GET "/empty"
22:42:30.711 [qtp780211515-745] DEBUG o.s.w.r.r.m.a.RequestMappingHandlerMapping - [3fafa568] Mapped to org.springframework.web.reactive.result.method.annotation.ProtobufIntegrationTests$ProtobufController#empty()
22:42:30.722 [qtp780211515-745] DEBUG o.s.w.r.r.m.a.ResponseBodyResultHandler - Using 'application/x-protobuf' given [*/*] and supported [application/x-protobuf, application/octet-stream, application/json, application/*+json, application/x-jackson-smile, application/*+x-jackson-smile, text/event-stream]
22:42:30.722 [qtp780211515-745] DEBUG o.s.w.r.r.m.a.ResponseBodyResultHandler - [3fafa568] 0..1 [org.springframework.web.reactive.protobuf.Msg]
22:42:30.723 [qtp780211515-745] DEBUG o.s.w.s.a.HttpWebHandlerAdapter - [3fafa568] Completed 200 OK
22:42:30.723 [reactor-http-nio-12] DEBUG o.s.w.r.f.c.ExchangeFunctions - [593c59] Response 200 OK
22:42:30.723 [Test worker] DEBUG o.s.h.s.r.b.JettyHttpServer - Stopping JettyHttpServer...
22:42:30.723 [Test worker] INFO  o.e.j.s.h.ContextHandler - Stopped o.e.j.s.ServletContextHandler@1e283252{/,null,UNAVAILABLE}
22:42:30.724 [Test worker] INFO  o.e.j.s.AbstractConnector - Stopped ServerConnector@7ea623b6{HTTP/1.1,[http/1.1]}{0.0.0.0:0}
22:42:30.725 [Test worker] DEBUG o.s.h.s.r.b.JettyHttpServer - Server stopped (0 millis).
22:42:30.756 [Test worker] DEBUG o.s.w.r.r.m.a.RequestMappingHandlerMapping - 5 mappings in 'requestMappingHandlerMapping'
22:42:30.774 [Test worker] DEBUG o.s.w.r.r.m.a.ControllerMethodResolver - ControllerAdvice beans: none
22:42:30.799 [Test worker] DEBUG o.s.w.s.a.HttpWebHandlerAdapter - enableLoggingRequestDetails='false': form data and headers will be masked to prevent unsafe logging of potentially sensitive data
22:42:30.799 [Test worker] WARN  o.e.j.s.h.ContextHandler - Empty contextPath
22:42:30.799 [Test worker] INFO  o.e.j.s.h.ContextHandler - Started o.e.j.s.ServletContextHandler@3e6769e7{/,null,AVAILABLE}
22:42:30.799 [Test worker] DEBUG o.s.h.s.r.b.JettyHttpServer - Starting JettyHttpServer...
22:42:30.799 [Test worker] INFO  o.e.j.s.Server - jetty-9.4.18.v20190429; built: 2019-04-29T20:42:08.989Z; git: e1bc35120a6617ee3df052294e433f3a25ce7097; jvm 1.8.0_211-b12
22:42:30.801 [Test worker] INFO  o.e.j.s.AbstractConnector - Started ServerConnector@66070945{HTTP/1.1,[http/1.1]}{0.0.0.0:53765}
22:42:30.801 [Test worker] INFO  o.e.j.s.Server - Started @23228ms
22:42:30.801 [Test worker] DEBUG o.s.h.s.r.b.JettyHttpServer - Server started on port 53765(0 millis).
22:42:30.803 [Test worker] DEBUG o.s.w.r.f.c.ExchangeFunctions - [2088d979] HTTP GET http://localhost:53765/message
22:42:30.804 [qtp1294938965-759] DEBUG o.s.w.s.a.HttpWebHandlerAdapter - [6318381a] HTTP GET "/message"
22:42:30.805 [qtp1294938965-759] DEBUG o.s.w.r.r.m.a.RequestMappingHandlerMapping - [6318381a] Mapped to org.springframework.web.reactive.result.method.annotation.ProtobufIntegrationTests$ProtobufController#message()
22:42:30.812 [qtp1294938965-759] DEBUG o.s.w.r.r.m.a.ResponseBodyResultHandler - Using 'application/x-protobuf' given [*/*] and supported [application/x-protobuf, application/octet-stream, application/json, application/*+json, application/x-jackson-smile, application/*+x-jackson-smile, text/event-stream]
22:42:30.812 [qtp1294938965-759] DEBUG o.s.w.r.r.m.a.ResponseBodyResultHandler - [6318381a] 0..1 [org.springframework.web.reactive.protobuf.Msg]
22:42:30.813 [qtp1294938965-759] DEBUG o.s.w.s.a.HttpWebHandlerAdapter - [6318381a] Completed 200 OK
22:42:30.813 [reactor-http-nio-16] DEBUG o.s.w.r.f.c.ExchangeFunctions - [2088d979] Response 200 OK
22:42:30.816 [Test worker] DEBUG o.s.h.s.r.b.JettyHttpServer - Stopping JettyHttpServer...
22:42:30.816 [Test worker] INFO  o.e.j.s.h.ContextHandler - Stopped o.e.j.s.ServletContextHandler@3e6769e7{/,null,UNAVAILABLE}
22:42:30.817 [Test worker] INFO  o.e.j.s.AbstractConnector - Stopped ServerConnector@66070945{HTTP/1.1,[http/1.1]}{0.0.0.0:0}
22:42:30.818 [Test worker] DEBUG o.s.h.s.r.b.JettyHttpServer - Server stopped (0 millis).
22:42:30.850 [Test worker] DEBUG o.s.w.r.r.m.a.RequestMappingHandlerMapping - 5 mappings in 'requestMappingHandlerMapping'
22:42:30.867 [Test worker] DEBUG o.s.w.r.r.m.a.ControllerMethodResolver - ControllerAdvice beans: none
22:42:30.891 [Test worker] DEBUG o.s.w.s.a.HttpWebHandlerAdapter - enableLoggingRequestDetails='false': form data and headers will be masked to prevent unsafe logging of potentially sensitive data
22:42:30.891 [Test worker] DEBUG o.s.h.s.r.b.ReactorHttpServer - Starting ReactorHttpServer...
22:42:30.892 [Test worker] DEBUG o.s.h.s.r.b.ReactorHttpServer - Server started on port 53767(0 millis).
22:42:30.893 [Test worker] DEBUG o.s.w.r.f.c.ExchangeFunctions - [5c1d8158] HTTP GET http://localhost:53767/default-instance
22:42:30.895 [reactor-http-nio-6] DEBUG o.s.w.s.a.HttpWebHandlerAdapter - [24bb4439] HTTP GET "/default-instance"
22:42:30.896 [reactor-http-nio-6] DEBUG o.s.w.r.r.m.a.RequestMappingHandlerMapping - [24bb4439] Mapped to org.springframework.web.reactive.result.method.annotation.ProtobufIntegrationTests$ProtobufController#defaultInstance()
22:42:30.902 [reactor-http-nio-6] DEBUG o.s.w.r.r.m.a.ResponseBodyResultHandler - Using 'application/x-protobuf' given [*/*] and supported [application/x-protobuf, application/octet-stream, application/json, application/*+json, application/x-jackson-smile, application/*+x-jackson-smile, text/event-stream]
22:42:30.902 [reactor-http-nio-6] DEBUG o.s.w.r.r.m.a.ResponseBodyResultHandler - [24bb4439] 0..1 [org.springframework.web.reactive.protobuf.Msg]
22:42:30.903 [reactor-http-nio-5] DEBUG o.s.w.r.f.c.ExchangeFunctions - [5c1d8158] Response 200 OK
22:42:30.903 [Test worker] DEBUG o.s.h.s.r.b.ReactorHttpServer - Stopping ReactorHttpServer...
22:42:30.904 [Test worker] DEBUG o.s.h.s.r.b.ReactorHttpServer - Server stopped (0 millis).
22:42:30.935 [Test worker] DEBUG o.s.w.r.r.m.a.RequestMappingHandlerMapping - 5 mappings in 'requestMappingHandlerMapping'
22:42:30.952 [Test worker] DEBUG o.s.w.r.r.m.a.ControllerMethodResolver - ControllerAdvice beans: none
22:42:30.978 [Test worker] DEBUG o.s.w.s.a.HttpWebHandlerAdapter - enableLoggingRequestDetails='false': form data and headers will be masked to prevent unsafe logging of potentially sensitive data
22:42:30.978 [Test worker] DEBUG o.s.h.s.r.b.ReactorHttpServer - Starting ReactorHttpServer...
22:42:30.979 [Test worker] DEBUG o.s.h.s.r.b.ReactorHttpServer - Server started on port 53769(0 millis).
22:42:30.980 [Test worker] DEBUG o.s.w.r.f.c.ExchangeFunctions - [47b9ecd4] HTTP GET http://localhost:53769/messages
22:42:30.982 [reactor-http-nio-12] DEBUG o.s.w.s.a.HttpWebHandlerAdapter - [a643599d] HTTP GET "/messages"
22:42:30.982 [reactor-http-nio-12] DEBUG o.s.w.r.r.m.a.RequestMappingHandlerMapping - [a643599d] Mapped to org.springframework.web.reactive.result.method.annotation.ProtobufIntegrationTests$ProtobufController#messages()
22:42:30.988 [reactor-http-nio-12] DEBUG o.s.w.r.r.m.a.ResponseBodyResultHandler - Using 'application/x-protobuf' given [*/*] and supported [application/x-protobuf, application/octet-stream, application/json, application/*+json, application/x-jackson-smile, application/*+x-jackson-smile, text/event-stream]
22:42:30.988 [reactor-http-nio-12] DEBUG o.s.w.r.r.m.a.ResponseBodyResultHandler - [a643599d] 0..N [org.springframework.web.reactive.protobuf.Msg]
22:42:30.990 [reactor-http-nio-11] DEBUG o.s.w.r.f.c.ExchangeFunctions - [47b9ecd4] Response 200 OK
22:42:30.993 [reactor-http-nio-12] DEBUG o.s.w.s.a.HttpWebHandlerAdapter - [a643599d] Completed 200 OK
22:42:30.993 [Test worker] DEBUG o.s.h.s.r.b.ReactorHttpServer - Stopping ReactorHttpServer...
22:42:30.994 [Test worker] DEBUG o.s.h.s.r.b.ReactorHttpServer - Server stopped (0 millis).
22:42:31.026 [Test worker] DEBUG o.s.w.r.r.m.a.RequestMappingHandlerMapping - 5 mappings in 'requestMappingHandlerMapping'
22:42:31.044 [Test worker] DEBUG o.s.w.r.r.m.a.ControllerMethodResolver - ControllerAdvice beans: none
22:42:31.071 [Test worker] DEBUG o.s.w.s.a.HttpWebHandlerAdapter - enableLoggingRequestDetails='false': form data and headers will be masked to prevent unsafe logging of potentially sensitive data
22:42:31.071 [Test worker] DEBUG o.s.h.s.r.b.ReactorHttpServer - Starting ReactorHttpServer...
22:42:31.072 [Test worker] DEBUG o.s.h.s.r.b.ReactorHttpServer - Server started on port 53771(0 millis).
22:42:31.073 [Test worker] DEBUG o.s.w.r.f.c.ExchangeFunctions - [9836a39] HTTP GET http://localhost:53771/message-stream
22:42:31.075 [reactor-http-nio-2] DEBUG o.s.w.s.a.HttpWebHandlerAdapter - [6264ceaf] HTTP GET "/message-stream"
22:42:31.075 [reactor-http-nio-2] DEBUG o.s.w.r.r.m.a.RequestMappingHandlerMapping - [6264ceaf] Mapped to org.springframework.web.reactive.result.method.annotation.ProtobufIntegrationTests$ProtobufController#messageStream()
22:42:31.076 [reactor-http-nio-2] DEBUG o.s.w.r.r.m.a.ResponseBodyResultHandler - Using 'application/x-protobuf;delimited=true' given [*/*] and supported [application/x-protobuf;delimited=true]
22:42:31.076 [reactor-http-nio-2] DEBUG o.s.w.r.r.m.a.ResponseBodyResultHandler - [6264ceaf] 0..N [org.springframework.web.reactive.protobuf.Msg]
22:42:31.129 [reactor-http-nio-1] DEBUG o.s.w.r.f.c.ExchangeFunctions - [9836a39] Response 200 OK
22:42:31.178 [reactor-http-nio-1] DEBUG o.s.w.r.f.c.ExchangeFunctions - [9836a39] Cancel signal (to close connection)
22:42:31.178 [Test worker] DEBUG o.s.h.s.r.b.ReactorHttpServer - Stopping ReactorHttpServer...
22:42:31.179 [Test worker] DEBUG o.s.h.s.r.b.ReactorHttpServer - Server stopped (0 millis).
22:42:31.211 [Test worker] DEBUG o.s.w.r.r.m.a.RequestMappingHandlerMapping - 5 mappings in 'requestMappingHandlerMapping'
22:42:31.228 [Test worker] DEBUG o.s.w.r.r.m.a.ControllerMethodResolver - ControllerAdvice beans: none
22:42:31.253 [Test worker] DEBUG o.s.w.s.a.HttpWebHandlerAdapter - enableLoggingRequestDetails='false': form data and headers will be masked to prevent unsafe logging of potentially sensitive data
22:42:31.253 [Test worker] DEBUG o.s.h.s.r.b.ReactorHttpServer - Starting ReactorHttpServer...
22:42:31.254 [Test worker] DEBUG o.s.h.s.r.b.ReactorHttpServer - Server started on port 53773(0 millis).
22:42:31.254 [Test worker] DEBUG o.s.w.r.f.c.ExchangeFunctions - [31bae605] HTTP GET http://localhost:53773/empty
22:42:31.257 [reactor-http-nio-8] DEBUG o.s.w.s.a.HttpWebHandlerAdapter - [50af4234] HTTP GET "/empty"
22:42:31.257 [reactor-http-nio-8] DEBUG o.s.w.r.r.m.a.RequestMappingHandlerMapping - [50af4234] Mapped to org.springframework.web.reactive.result.method.annotation.ProtobufIntegrationTests$ProtobufController#empty()
22:42:31.263 [reactor-http-nio-8] DEBUG o.s.w.r.r.m.a.ResponseBodyResultHandler - Using 'application/x-protobuf' given [*/*] and supported [application/x-protobuf, application/octet-stream, application/json, application/*+json, application/x-jackson-smile, application/*+x-jackson-smile, text/event-stream]
22:42:31.263 [reactor-http-nio-8] DEBUG o.s.w.r.r.m.a.ResponseBodyResultHandler - [50af4234] 0..1 [org.springframework.web.reactive.protobuf.Msg]
22:42:31.263 [reactor-http-nio-8] DEBUG o.s.w.s.a.HttpWebHandlerAdapter - [50af4234] Completed 200 OK
22:42:31.264 [reactor-http-nio-7] DEBUG o.s.w.r.f.c.ExchangeFunctions - [31bae605] Response 200 OK
22:42:31.264 [Test worker] DEBUG o.s.h.s.r.b.ReactorHttpServer - Stopping ReactorHttpServer...
22:42:31.265 [Test worker] DEBUG o.s.h.s.r.b.ReactorHttpServer - Server stopped (0 millis).
22:42:31.278 [reactor-http-nio-2] DEBUG o.s.w.s.DisconnectedClient - [6264ceaf] Client went away: java.io.IOException: Broken pipe (stacktrace at TRACE level for 'org.springframework.web.server.DisconnectedClient')
22:42:31.295 [Test worker] DEBUG o.s.w.r.r.m.a.RequestMappingHandlerMapping - 5 mappings in 'requestMappingHandlerMapping'
22:42:31.311 [Test worker] DEBUG o.s.w.r.r.m.a.ControllerMethodResolver - ControllerAdvice beans: none
22:42:31.335 [Test worker] DEBUG o.s.w.s.a.HttpWebHandlerAdapter - enableLoggingRequestDetails='false': form data and headers will be masked to prevent unsafe logging of potentially sensitive data
22:42:31.335 [Test worker] DEBUG o.s.h.s.r.b.ReactorHttpServer - Starting ReactorHttpServer...
22:42:31.336 [Test worker] DEBUG o.s.h.s.r.b.ReactorHttpServer - Server started on port 53775(0 millis).
22:42:31.336 [Test worker] DEBUG o.s.w.r.f.c.ExchangeFunctions - [7b3fb0aa] HTTP GET http://localhost:53775/message
22:42:31.339 [reactor-http-nio-14] DEBUG o.s.w.s.a.HttpWebHandlerAdapter - [438685ae] HTTP GET "/message"
22:42:31.339 [reactor-http-nio-14] DEBUG o.s.w.r.r.m.a.RequestMappingHandlerMapping - [438685ae] Mapped to org.springframework.web.reactive.result.method.annotation.ProtobufIntegrationTests$ProtobufController#message()
22:42:31.344 [reactor-http-nio-14] DEBUG o.s.w.r.r.m.a.ResponseBodyResultHandler - Using 'application/x-protobuf' given [*/*] and supported [application/x-protobuf, application/octet-stream, application/json, application/*+json, application/x-jackson-smile, application/*+x-jackson-smile, text/event-stream]
22:42:31.344 [reactor-http-nio-14] DEBUG o.s.w.r.r.m.a.ResponseBodyResultHandler - [438685ae] 0..1 [org.springframework.web.reactive.protobuf.Msg]
22:42:31.345 [reactor-http-nio-13] DEBUG o.s.w.r.f.c.ExchangeFunctions - [7b3fb0aa] Response 200 OK
22:42:31.346 [Test worker] DEBUG o.s.h.s.r.b.ReactorHttpServer - Stopping ReactorHttpServer...
22:42:31.347 [Test worker] DEBUG o.s.h.s.r.b.ReactorHttpServer - Server stopped (0 millis).
22:42:31.377 [Test worker] DEBUG o.s.w.r.r.m.a.RequestMappingHandlerMapping - 5 mappings in 'requestMappingHandlerMapping'
22:42:31.393 [Test worker] DEBUG o.s.w.r.r.m.a.ControllerMethodResolver - ControllerAdvice beans: none
22:42:31.417 [Test worker] DEBUG o.s.w.s.a.HttpWebHandlerAdapter - enableLoggingRequestDetails='false': form data and headers will be masked to prevent unsafe logging of potentially sensitive data
22:42:31.417 [Test worker] DEBUG o.s.h.s.r.b.TomcatHttpServer - Starting TomcatHttpServer...
22:42:31.422 [Test worker] DEBUG o.s.h.s.r.b.TomcatHttpServer - Server started on port 53777(0 millis).
22:42:31.423 [Test worker] DEBUG o.s.w.r.f.c.ExchangeFunctions - [6a2bed1d] HTTP GET http://localhost:53777/default-instance
22:42:31.425 [http-nio-auto-15-exec-1] DEBUG o.s.w.s.a.HttpWebHandlerAdapter - [35b37080] HTTP GET "/default-instance"
22:42:31.425 [http-nio-auto-15-exec-1] DEBUG o.s.w.r.r.m.a.RequestMappingHandlerMapping - [35b37080] Mapped to org.springframework.web.reactive.result.method.annotation.ProtobufIntegrationTests$ProtobufController#defaultInstance()
22:42:31.431 [http-nio-auto-15-exec-1] DEBUG o.s.w.r.r.m.a.ResponseBodyResultHandler - Using 'application/x-protobuf' given [*/*] and supported [application/x-protobuf, application/octet-stream, application/json, application/*+json, application/x-jackson-smile, application/*+x-jackson-smile, text/event-stream]
22:42:31.431 [http-nio-auto-15-exec-1] DEBUG o.s.w.r.r.m.a.ResponseBodyResultHandler - [35b37080] 0..1 [org.springframework.web.reactive.protobuf.Msg]
22:42:31.431 [http-nio-auto-15-exec-1] DEBUG o.s.w.s.a.HttpWebHandlerAdapter - [35b37080] Completed 200 OK
22:42:31.432 [reactor-http-nio-2] DEBUG o.s.w.r.f.c.ExchangeFunctions - [6a2bed1d] Response 200 OK
22:42:31.433 [Test worker] DEBUG o.s.h.s.r.b.TomcatHttpServer - Stopping TomcatHttpServer...
22:42:31.444 [Test worker] DEBUG o.s.h.s.r.b.TomcatHttpServer - Server stopped (0 millis).
22:42:31.488 [Test worker] DEBUG o.s.w.r.r.m.a.RequestMappingHandlerMapping - 5 mappings in 'requestMappingHandlerMapping'
22:42:31.506 [Test worker] DEBUG o.s.w.r.r.m.a.ControllerMethodResolver - ControllerAdvice beans: none
22:42:31.531 [Test worker] DEBUG o.s.w.s.a.HttpWebHandlerAdapter - enableLoggingRequestDetails='false': form data and headers will be masked to prevent unsafe logging of potentially sensitive data
22:42:31.532 [Test worker] DEBUG o.s.h.s.r.b.TomcatHttpServer - Starting TomcatHttpServer...
22:42:31.539 [Test worker] DEBUG o.s.h.s.r.b.TomcatHttpServer - Server started on port 53780(0 millis).
22:42:31.540 [Test worker] DEBUG o.s.w.r.f.c.ExchangeFunctions - [2ed5738d] HTTP GET http://localhost:53780/messages
22:42:31.542 [http-nio-auto-16-exec-1] DEBUG o.s.w.s.a.HttpWebHandlerAdapter - [72433c07] HTTP GET "/messages"
22:42:31.543 [http-nio-auto-16-exec-1] DEBUG o.s.w.r.r.m.a.RequestMappingHandlerMapping - [72433c07] Mapped to org.springframework.web.reactive.result.method.annotation.ProtobufIntegrationTests$ProtobufController#messages()
22:42:31.548 [http-nio-auto-16-exec-1] DEBUG o.s.w.r.r.m.a.ResponseBodyResultHandler - Using 'application/x-protobuf' given [*/*] and supported [application/x-protobuf, application/octet-stream, application/json, application/*+json, application/x-jackson-smile, application/*+x-jackson-smile, text/event-stream]
22:42:31.548 [http-nio-auto-16-exec-1] DEBUG o.s.w.r.r.m.a.ResponseBodyResultHandler - [72433c07] 0..N [org.springframework.web.reactive.protobuf.Msg]
22:42:31.549 [http-nio-auto-16-exec-1] DEBUG o.s.w.s.a.HttpWebHandlerAdapter - [72433c07] Completed 200 OK
22:42:31.549 [reactor-http-nio-6] DEBUG o.s.w.r.f.c.ExchangeFunctions - [2ed5738d] Response 200 OK
22:42:31.551 [Test worker] DEBUG o.s.h.s.r.b.TomcatHttpServer - Stopping TomcatHttpServer...
22:42:31.561 [Test worker] DEBUG o.s.h.s.r.b.TomcatHttpServer - Server stopped (0 millis).
22:42:31.598 [Test worker] DEBUG o.s.w.r.r.m.a.RequestMappingHandlerMapping - 5 mappings in 'requestMappingHandlerMapping'
22:42:31.615 [Test worker] DEBUG o.s.w.r.r.m.a.ControllerMethodResolver - ControllerAdvice beans: none
22:42:31.640 [Test worker] DEBUG o.s.w.s.a.HttpWebHandlerAdapter - enableLoggingRequestDetails='false': form data and headers will be masked to prevent unsafe logging of potentially sensitive data
22:42:31.640 [Test worker] DEBUG o.s.h.s.r.b.TomcatHttpServer - Starting TomcatHttpServer...
22:42:31.645 [Test worker] DEBUG o.s.h.s.r.b.TomcatHttpServer - Server started on port 53783(0 millis).
22:42:31.646 [Test worker] DEBUG o.s.w.r.f.c.ExchangeFunctions - [249fb2a5] HTTP GET http://localhost:53783/message-stream
22:42:31.649 [http-nio-auto-17-exec-1] DEBUG o.s.w.s.a.HttpWebHandlerAdapter - [5d917856] HTTP GET "/message-stream"
22:42:31.649 [http-nio-auto-17-exec-1] DEBUG o.s.w.r.r.m.a.RequestMappingHandlerMapping - [5d917856] Mapped to org.springframework.web.reactive.result.method.annotation.ProtobufIntegrationTests$ProtobufController#messageStream()
22:42:31.650 [http-nio-auto-17-exec-1] DEBUG o.s.w.r.r.m.a.ResponseBodyResultHandler - Using 'application/x-protobuf;delimited=true' given [*/*] and supported [application/x-protobuf;delimited=true]
22:42:31.650 [http-nio-auto-17-exec-1] DEBUG o.s.w.r.r.m.a.ResponseBodyResultHandler - [5d917856] 0..N [org.springframework.web.reactive.protobuf.Msg]
22:42:31.701 [reactor-http-nio-10] DEBUG o.s.w.r.f.c.ExchangeFunctions - [249fb2a5] Response 200 OK
22:42:31.750 [reactor-http-nio-10] DEBUG o.s.w.r.f.c.ExchangeFunctions - [249fb2a5] Cancel signal (to close connection)
22:42:31.751 [Test worker] DEBUG o.s.h.s.r.b.TomcatHttpServer - Stopping TomcatHttpServer...
22:42:31.851 [http-nio-auto-17-exec-2] DEBUG o.s.w.s.DisconnectedClient - [5d917856] Client went away: java.io.IOException: Broken pipe (stacktrace at TRACE level for 'org.springframework.web.server.DisconnectedClient')
22:42:31.851 [http-nio-auto-17-exec-2] DEBUG o.s.h.s.r.ServletHttpHandlerAdapter - [5d917856] Error notification: java.io.IOException: Broken pipe
22:42:31.863 [Test worker] DEBUG o.s.h.s.r.b.TomcatHttpServer - Server stopped (0 millis).
22:42:31.900 [Test worker] DEBUG o.s.w.r.r.m.a.RequestMappingHandlerMapping - 5 mappings in 'requestMappingHandlerMapping'
22:42:31.918 [Test worker] DEBUG o.s.w.r.r.m.a.ControllerMethodResolver - ControllerAdvice beans: none
22:42:31.943 [Test worker] DEBUG o.s.w.s.a.HttpWebHandlerAdapter - enableLoggingRequestDetails='false': form data and headers will be masked to prevent unsafe logging of potentially sensitive data
22:42:31.943 [Test worker] DEBUG o.s.h.s.r.b.TomcatHttpServer - Starting TomcatHttpServer...
22:42:31.948 [Test worker] DEBUG o.s.h.s.r.b.TomcatHttpServer - Server started on port 53786(0 millis).
22:42:31.949 [Test worker] DEBUG o.s.w.r.f.c.ExchangeFunctions - [6ba10e7c] HTTP GET http://localhost:53786/empty
22:42:31.951 [http-nio-auto-18-exec-1] DEBUG o.s.w.s.a.HttpWebHandlerAdapter - [54057223] HTTP GET "/empty"
22:42:31.951 [http-nio-auto-18-exec-1] DEBUG o.s.w.r.r.m.a.RequestMappingHandlerMapping - [54057223] Mapped to org.springframework.web.reactive.result.method.annotation.ProtobufIntegrationTests$ProtobufController#empty()
22:42:31.955 [http-nio-auto-18-exec-1] DEBUG o.s.w.r.r.m.a.ResponseBodyResultHandler - Using 'application/x-protobuf' given [*/*] and supported [application/x-protobuf, application/octet-stream, application/json, application/*+json, application/x-jackson-smile, application/*+x-jackson-smile, text/event-stream]
22:42:31.955 [http-nio-auto-18-exec-1] DEBUG o.s.w.r.r.m.a.ResponseBodyResultHandler - [54057223] 0..1 [org.springframework.web.reactive.protobuf.Msg]
22:42:31.955 [http-nio-auto-18-exec-1] DEBUG o.s.w.s.a.HttpWebHandlerAdapter - [54057223] Completed 200 OK
22:42:31.956 [reactor-http-nio-14] DEBUG o.s.w.r.f.c.ExchangeFunctions - [6ba10e7c] Response 200 OK
22:42:31.956 [Test worker] DEBUG o.s.h.s.r.b.TomcatHttpServer - Stopping TomcatHttpServer...
22:42:31.968 [Test worker] DEBUG o.s.h.s.r.b.TomcatHttpServer - Server stopped (0 millis).
22:42:32.005 [Test worker] DEBUG o.s.w.r.r.m.a.RequestMappingHandlerMapping - 5 mappings in 'requestMappingHandlerMapping'
22:42:32.022 [Test worker] DEBUG o.s.w.r.r.m.a.ControllerMethodResolver - ControllerAdvice beans: none
22:42:32.048 [Test worker] DEBUG o.s.w.s.a.HttpWebHandlerAdapter - enableLoggingRequestDetails='false': form data and headers will be masked to prevent unsafe logging of potentially sensitive data
22:42:32.049 [Test worker] DEBUG o.s.h.s.r.b.TomcatHttpServer - Starting TomcatHttpServer...
22:42:32.053 [Test worker] DEBUG o.s.h.s.r.b.TomcatHttpServer - Server started on port 53792(0 millis).
22:42:32.054 [Test worker] DEBUG o.s.w.r.f.c.ExchangeFunctions - [921bd26] HTTP GET http://localhost:53792/message
22:42:32.056 [http-nio-auto-19-exec-1] DEBUG o.s.w.s.a.HttpWebHandlerAdapter - [57da997c] HTTP GET "/message"
22:42:32.056 [http-nio-auto-19-exec-1] DEBUG o.s.w.r.r.m.a.RequestMappingHandlerMapping - [57da997c] Mapped to org.springframework.web.reactive.result.method.annotation.ProtobufIntegrationTests$ProtobufController#message()
22:42:32.061 [http-nio-auto-19-exec-1] DEBUG o.s.w.r.r.m.a.ResponseBodyResultHandler - Using 'application/x-protobuf' given [*/*] and supported [application/x-protobuf, application/octet-stream, application/json, application/*+json, application/x-jackson-smile, application/*+x-jackson-smile, text/event-stream]
22:42:32.061 [http-nio-auto-19-exec-1] DEBUG o.s.w.r.r.m.a.ResponseBodyResultHandler - [57da997c] 0..1 [org.springframework.web.reactive.protobuf.Msg]
22:42:32.062 [http-nio-auto-19-exec-1] DEBUG o.s.w.s.a.HttpWebHandlerAdapter - [57da997c] Completed 200 OK
22:42:32.062 [reactor-http-nio-2] DEBUG o.s.w.r.f.c.ExchangeFunctions - [921bd26] Response 200 OK
22:42:32.063 [Test worker] DEBUG o.s.h.s.r.b.TomcatHttpServer - Stopping TomcatHttpServer...
22:42:32.075 [Test worker] DEBUG o.s.h.s.r.b.TomcatHttpServer - Server stopped (0 millis).
22:42:32.118 [Test worker] DEBUG o.s.w.r.r.m.a.RequestMappingHandlerMapping - 5 mappings in 'requestMappingHandlerMapping'
22:42:32.135 [Test worker] DEBUG o.s.w.r.r.m.a.ControllerMethodResolver - ControllerAdvice beans: none
22:42:32.162 [Test worker] DEBUG o.s.w.s.a.HttpWebHandlerAdapter - enableLoggingRequestDetails='false': form data and headers will be masked to prevent unsafe logging of potentially sensitive data
22:42:32.162 [Test worker] DEBUG o.s.h.s.r.b.UndertowHttpServer - Starting UndertowHttpServer...
22:42:32.164 [Test worker] DEBUG o.s.h.s.r.b.UndertowHttpServer - Server started on port 53796(0 millis).
22:42:32.165 [Test worker] DEBUG o.s.w.r.f.c.ExchangeFunctions - [25f10402] HTTP GET http://localhost:53796/default-instance
22:42:32.167 [XNIO-15 I/O-2] DEBUG o.s.w.s.a.HttpWebHandlerAdapter - [7a45bbcf] HTTP GET "/default-instance"
22:42:32.167 [XNIO-15 I/O-2] DEBUG o.s.w.r.r.m.a.RequestMappingHandlerMapping - [7a45bbcf] Mapped to org.springframework.web.reactive.result.method.annotation.ProtobufIntegrationTests$ProtobufController#defaultInstance()
22:42:32.171 [XNIO-15 I/O-2] DEBUG o.s.w.r.r.m.a.ResponseBodyResultHandler - Using 'application/x-protobuf' given [*/*] and supported [application/x-protobuf, application/octet-stream, application/json, application/*+json, application/x-jackson-smile, application/*+x-jackson-smile, text/event-stream]
22:42:32.171 [XNIO-15 I/O-2] DEBUG o.s.w.r.r.m.a.ResponseBodyResultHandler - [7a45bbcf] 0..1 [org.springframework.web.reactive.protobuf.Msg]
22:42:32.172 [XNIO-15 I/O-2] DEBUG o.s.w.s.a.HttpWebHandlerAdapter - [7a45bbcf] Completed 200 OK
22:42:32.172 [reactor-http-nio-6] DEBUG o.s.w.r.f.c.ExchangeFunctions - [25f10402] Response 200 OK
22:42:32.173 [Test worker] DEBUG o.s.h.s.r.b.UndertowHttpServer - Stopping UndertowHttpServer...
22:42:32.174 [XNIO-15 I/O-2] ERROR i.u.request - UT005071: Undertow request failed HttpServerExchange{ GET /default-instance}
java.util.concurrent.RejectedExecutionException: XNIO007007: Thread is terminating
	at org.xnio.nio.WorkerThread.execute(WorkerThread.java:590) ~[xnio-nio-3.3.8.Final.jar:3.3.8.Final]
	at io.undertow.server.HttpServerExchange$WriteDispatchChannel.invokeListener(HttpServerExchange.java:2025) ~[undertow-core-2.0.21.Final.jar:2.0.21.Final]
	at io.undertow.server.HttpServerExchange$WriteDispatchChannel.runResume(HttpServerExchange.java:2006) ~[undertow-core-2.0.21.Final.jar:2.0.21.Final]
	at io.undertow.server.HttpServerExchange.runResumeReadWrite(HttpServerExchange.java:1858) ~[undertow-core-2.0.21.Final.jar:2.0.21.Final]
	at io.undertow.server.Connectors.executeRootHandler(Connectors.java:391) [undertow-core-2.0.21.Final.jar:2.0.21.Final]
	at io.undertow.server.protocol.http.HttpReadListener.handleEventWithNoRunningRequest(HttpReadListener.java:255) [undertow-core-2.0.21.Final.jar:2.0.21.Final]
	at io.undertow.server.protocol.http.HttpReadListener.handleEvent(HttpReadListener.java:136) [undertow-core-2.0.21.Final.jar:2.0.21.Final]
	at io.undertow.server.protocol.http.HttpReadListener.handleEvent(HttpReadListener.java:59) [undertow-core-2.0.21.Final.jar:2.0.21.Final]
	at org.xnio.ChannelListeners.invokeChannelListener(ChannelListeners.java:92) [xnio-api-3.3.8.Final.jar:3.3.8.Final]
	at org.xnio.conduits.ReadReadyHandler$ChannelListenerHandler.readReady(ReadReadyHandler.java:66) [xnio-api-3.3.8.Final.jar:3.3.8.Final]
	at org.xnio.nio.NioSocketConduit.handleReady(NioSocketConduit.java:88) [xnio-nio-3.3.8.Final.jar:3.3.8.Final]
	at org.xnio.nio.WorkerThread.run(WorkerThread.java:561) [xnio-nio-3.3.8.Final.jar:3.3.8.Final]
22:42:32.175 [Test worker] DEBUG o.s.h.s.r.b.UndertowHttpServer - Server stopped (0 millis).
22:42:32.208 [Test worker] DEBUG o.s.w.r.r.m.a.RequestMappingHandlerMapping - 5 mappings in 'requestMappingHandlerMapping'
22:42:32.225 [Test worker] DEBUG o.s.w.r.r.m.a.ControllerMethodResolver - ControllerAdvice beans: none
22:42:32.250 [Test worker] DEBUG o.s.w.s.a.HttpWebHandlerAdapter - enableLoggingRequestDetails='false': form data and headers will be masked to prevent unsafe logging of potentially sensitive data
22:42:32.250 [Test worker] DEBUG o.s.h.s.r.b.UndertowHttpServer - Starting UndertowHttpServer...
22:42:32.254 [Test worker] DEBUG o.s.h.s.r.b.UndertowHttpServer - Server started on port 53798(0 millis).
22:42:32.254 [Test worker] DEBUG o.s.w.r.f.c.ExchangeFunctions - [52044dc7] HTTP GET http://localhost:53798/messages
22:42:32.257 [XNIO-16 I/O-2] DEBUG o.s.w.s.a.HttpWebHandlerAdapter - [575d622] HTTP GET "/messages"
22:42:32.257 [XNIO-16 I/O-2] DEBUG o.s.w.r.r.m.a.RequestMappingHandlerMapping - [575d622] Mapped to org.springframework.web.reactive.result.method.annotation.ProtobufIntegrationTests$ProtobufController#messages()
22:42:32.262 [XNIO-16 I/O-2] DEBUG o.s.w.r.r.m.a.ResponseBodyResultHandler - Using 'application/x-protobuf' given [*/*] and supported [application/x-protobuf, application/octet-stream, application/json, application/*+json, application/x-jackson-smile, application/*+x-jackson-smile, text/event-stream]
22:42:32.262 [XNIO-16 I/O-2] DEBUG o.s.w.r.r.m.a.ResponseBodyResultHandler - [575d622] 0..N [org.springframework.web.reactive.protobuf.Msg]
22:42:32.263 [XNIO-16 I/O-2] DEBUG o.s.w.s.a.HttpWebHandlerAdapter - [575d622] Completed 200 OK
22:42:32.263 [reactor-http-nio-10] DEBUG o.s.w.r.f.c.ExchangeFunctions - [52044dc7] Response 200 OK
22:42:32.265 [Test worker] DEBUG o.s.h.s.r.b.UndertowHttpServer - Stopping UndertowHttpServer...
22:42:32.266 [Test worker] DEBUG o.s.h.s.r.b.UndertowHttpServer - Server stopped (0 millis).
22:42:32.299 [Test worker] DEBUG o.s.w.r.r.m.a.RequestMappingHandlerMapping - 5 mappings in 'requestMappingHandlerMapping'
22:42:32.315 [Test worker] DEBUG o.s.w.r.r.m.a.ControllerMethodResolver - ControllerAdvice beans: none
22:42:32.340 [Test worker] DEBUG o.s.w.s.a.HttpWebHandlerAdapter - enableLoggingRequestDetails='false': form data and headers will be masked to prevent unsafe logging of potentially sensitive data
22:42:32.340 [Test worker] DEBUG o.s.h.s.r.b.UndertowHttpServer - Starting UndertowHttpServer...
22:42:32.342 [Test worker] DEBUG o.s.h.s.r.b.UndertowHttpServer - Server started on port 53800(0 millis).
22:42:32.343 [Test worker] DEBUG o.s.w.r.f.c.ExchangeFunctions - [585d4a49] HTTP GET http://localhost:53800/message-stream
22:42:32.344 [XNIO-17 I/O-2] DEBUG o.s.w.s.a.HttpWebHandlerAdapter - [696c340] HTTP GET "/message-stream"
22:42:32.345 [XNIO-17 I/O-2] DEBUG o.s.w.r.r.m.a.RequestMappingHandlerMapping - [696c340] Mapped to org.springframework.web.reactive.result.method.annotation.ProtobufIntegrationTests$ProtobufController#messageStream()
22:42:32.345 [XNIO-17 I/O-2] DEBUG o.s.w.r.r.m.a.ResponseBodyResultHandler - Using 'application/x-protobuf;delimited=true' given [*/*] and supported [application/x-protobuf;delimited=true]
22:42:32.345 [XNIO-17 I/O-2] DEBUG o.s.w.r.r.m.a.ResponseBodyResultHandler - [696c340] 0..N [org.springframework.web.reactive.protobuf.Msg]
22:42:32.400 [reactor-http-nio-14] DEBUG o.s.w.r.f.c.ExchangeFunctions - [585d4a49] Response 200 OK
22:42:32.450 [reactor-http-nio-14] DEBUG o.s.w.r.f.c.ExchangeFunctions - [585d4a49] Cancel signal (to close connection)
22:42:32.450 [Test worker] DEBUG o.s.h.s.r.b.UndertowHttpServer - Stopping UndertowHttpServer...
22:42:32.451 [Test worker] DEBUG o.s.h.s.r.b.UndertowHttpServer - Server stopped (0 millis).
22:42:32.480 [Test worker] DEBUG o.s.w.r.r.m.a.RequestMappingHandlerMapping - 5 mappings in 'requestMappingHandlerMapping'
22:42:32.497 [Test worker] DEBUG o.s.w.r.r.m.a.ControllerMethodResolver - ControllerAdvice beans: none
22:42:32.525 [Test worker] DEBUG o.s.w.s.a.HttpWebHandlerAdapter - enableLoggingRequestDetails='false': form data and headers will be masked to prevent unsafe logging of potentially sensitive data
22:42:32.525 [Test worker] DEBUG o.s.h.s.r.b.UndertowHttpServer - Starting UndertowHttpServer...
22:42:32.528 [Test worker] DEBUG o.s.h.s.r.b.UndertowHttpServer - Server started on port 53802(0 millis).
22:42:32.528 [Test worker] DEBUG o.s.w.r.f.c.ExchangeFunctions - [93d80be] HTTP GET http://localhost:53802/empty
22:42:32.530 [XNIO-18 I/O-2] DEBUG o.s.w.s.a.HttpWebHandlerAdapter - [74c3a58c] HTTP GET "/empty"
22:42:32.530 [XNIO-18 I/O-2] DEBUG o.s.w.r.r.m.a.RequestMappingHandlerMapping - [74c3a58c] Mapped to org.springframework.web.reactive.result.method.annotation.ProtobufIntegrationTests$ProtobufController#empty()
22:42:32.534 [XNIO-18 I/O-2] DEBUG o.s.w.r.r.m.a.ResponseBodyResultHandler - Using 'application/x-protobuf' given [*/*] and supported [application/x-protobuf, application/octet-stream, application/json, application/*+json, application/x-jackson-smile, application/*+x-jackson-smile, text/event-stream]
22:42:32.534 [XNIO-18 I/O-2] DEBUG o.s.w.r.r.m.a.ResponseBodyResultHandler - [74c3a58c] 0..1 [org.springframework.web.reactive.protobuf.Msg]
22:42:32.534 [XNIO-18 I/O-2] DEBUG o.s.w.s.a.HttpWebHandlerAdapter - [74c3a58c] Completed 200 OK
22:42:32.535 [reactor-http-nio-2] DEBUG o.s.w.r.f.c.ExchangeFunctions - [93d80be] Response 200 OK
22:42:32.535 [Test worker] DEBUG o.s.h.s.r.b.UndertowHttpServer - Stopping UndertowHttpServer...
22:42:32.536 [Test worker] DEBUG o.s.h.s.r.b.UndertowHttpServer - Server stopped (0 millis).
22:42:32.572 [Test worker] DEBUG o.s.w.r.r.m.a.RequestMappingHandlerMapping - 5 mappings in 'requestMappingHandlerMapping'
22:42:32.593 [Test worker] DEBUG o.s.w.r.r.m.a.ControllerMethodResolver - ControllerAdvice beans: none
22:42:32.619 [Test worker] DEBUG o.s.w.s.a.HttpWebHandlerAdapter - enableLoggingRequestDetails='false': form data and headers will be masked to prevent unsafe logging of potentially sensitive data
22:42:32.620 [Test worker] DEBUG o.s.h.s.r.b.UndertowHttpServer - Starting UndertowHttpServer...
22:42:32.622 [Test worker] DEBUG o.s.h.s.r.b.UndertowHttpServer - Server started on port 53804(0 millis).
22:42:32.622 [Test worker] DEBUG o.s.w.r.f.c.ExchangeFunctions - [609f5e5] HTTP GET http://localhost:53804/message
22:42:32.624 [XNIO-19 I/O-2] DEBUG o.s.w.s.a.HttpWebHandlerAdapter - [415f0981] HTTP GET "/message"
22:42:32.624 [XNIO-19 I/O-2] DEBUG o.s.w.r.r.m.a.RequestMappingHandlerMapping - [415f0981] Mapped to org.springframework.web.reactive.result.method.annotation.ProtobufIntegrationTests$ProtobufController#message()
22:42:32.629 [XNIO-19 I/O-2] DEBUG o.s.w.r.r.m.a.ResponseBodyResultHandler - Using 'application/x-protobuf' given [*/*] and supported [application/x-protobuf, application/octet-stream, application/json, application/*+json, application/x-jackson-smile, application/*+x-jackson-smile, text/event-stream]
22:42:32.629 [XNIO-19 I/O-2] DEBUG o.s.w.r.r.m.a.ResponseBodyResultHandler - [415f0981] 0..1 [org.springframework.web.reactive.protobuf.Msg]
22:42:32.630 [XNIO-19 I/O-2] DEBUG o.s.w.s.a.HttpWebHandlerAdapter - [415f0981] Completed 200 OK
22:42:32.630 [reactor-http-nio-6] DEBUG o.s.w.r.f.c.ExchangeFunctions - [609f5e5] Response 200 OK
22:42:32.631 [Test worker] DEBUG o.s.h.s.r.b.UndertowHttpServer - Stopping UndertowHttpServer...
22:42:32.632 [Test worker] DEBUG o.s.h.s.r.b.UndertowHttpServer - Server stopped (0 millis).
]]></system-out>
  <system-err><![CDATA[十一月 25, 2020 10:42:31 下午 org.apache.catalina.core.StandardService startInternal
信息: Starting service [Tomcat]
十一月 25, 2020 10:42:31 下午 org.apache.catalina.core.StandardEngine startInternal
信息: Starting Servlet engine: [Apache Tomcat/9.0.21]
十一月 25, 2020 10:42:31 下午 org.apache.coyote.AbstractProtocol init
信息: Initializing ProtocolHandler ["http-nio-auto-15"]
十一月 25, 2020 10:42:31 下午 org.apache.coyote.AbstractProtocol start
信息: Starting ProtocolHandler ["http-nio-auto-15-53777"]
十一月 25, 2020 10:42:31 下午 org.apache.coyote.AbstractProtocol pause
信息: Pausing ProtocolHandler ["http-nio-auto-15-53777"]
十一月 25, 2020 10:42:31 下午 org.apache.catalina.core.StandardService stopInternal
信息: Stopping service [Tomcat]
十一月 25, 2020 10:42:31 下午 org.apache.coyote.AbstractProtocol stop
信息: Stopping ProtocolHandler ["http-nio-auto-15-53777"]
十一月 25, 2020 10:42:31 下午 org.apache.coyote.AbstractProtocol destroy
信息: Destroying ProtocolHandler ["http-nio-auto-15-53777"]
十一月 25, 2020 10:42:31 下午 org.apache.catalina.core.StandardService startInternal
信息: Starting service [Tomcat]
十一月 25, 2020 10:42:31 下午 org.apache.catalina.core.StandardEngine startInternal
信息: Starting Servlet engine: [Apache Tomcat/9.0.21]
十一月 25, 2020 10:42:31 下午 org.apache.coyote.AbstractProtocol init
信息: Initializing ProtocolHandler ["http-nio-auto-16"]
十一月 25, 2020 10:42:31 下午 org.apache.coyote.AbstractProtocol start
信息: Starting ProtocolHandler ["http-nio-auto-16-53780"]
十一月 25, 2020 10:42:31 下午 org.apache.coyote.AbstractProtocol pause
信息: Pausing ProtocolHandler ["http-nio-auto-16-53780"]
十一月 25, 2020 10:42:31 下午 org.apache.catalina.core.StandardService stopInternal
信息: Stopping service [Tomcat]
十一月 25, 2020 10:42:31 下午 org.apache.coyote.AbstractProtocol stop
信息: Stopping ProtocolHandler ["http-nio-auto-16-53780"]
十一月 25, 2020 10:42:31 下午 org.apache.coyote.AbstractProtocol destroy
信息: Destroying ProtocolHandler ["http-nio-auto-16-53780"]
十一月 25, 2020 10:42:31 下午 org.apache.catalina.core.StandardService startInternal
信息: Starting service [Tomcat]
十一月 25, 2020 10:42:31 下午 org.apache.catalina.core.StandardEngine startInternal
信息: Starting Servlet engine: [Apache Tomcat/9.0.21]
十一月 25, 2020 10:42:31 下午 org.apache.coyote.AbstractProtocol init
信息: Initializing ProtocolHandler ["http-nio-auto-17"]
十一月 25, 2020 10:42:31 下午 org.apache.coyote.AbstractProtocol start
信息: Starting ProtocolHandler ["http-nio-auto-17-53783"]
十一月 25, 2020 10:42:31 下午 org.apache.coyote.AbstractProtocol pause
信息: Pausing ProtocolHandler ["http-nio-auto-17-53783"]
十一月 25, 2020 10:42:31 下午 org.apache.catalina.core.StandardService stopInternal
信息: Stopping service [Tomcat]
十一月 25, 2020 10:42:31 下午 org.apache.catalina.loader.WebappClassLoaderBase clearReferencesThreads
警告: The web application [ROOT] appears to have started a thread named [parallel-3] but has failed to stop it. This is very likely to create a memory leak. Stack trace of thread:
 sun.misc.Unsafe.park(Native Method)
 java.util.concurrent.locks.LockSupport.parkNanos(LockSupport.java:215)
 java.util.concurrent.locks.AbstractQueuedSynchronizer$ConditionObject.awaitNanos(AbstractQueuedSynchronizer.java:2078)
 java.util.concurrent.ScheduledThreadPoolExecutor$DelayedWorkQueue.take(ScheduledThreadPoolExecutor.java:1093)
 java.util.concurrent.ScheduledThreadPoolExecutor$DelayedWorkQueue.take(ScheduledThreadPoolExecutor.java:809)
 java.util.concurrent.ThreadPoolExecutor.getTask(ThreadPoolExecutor.java:1074)
 java.util.concurrent.ThreadPoolExecutor.runWorker(ThreadPoolExecutor.java:1134)
 java.util.concurrent.ThreadPoolExecutor$Worker.run(ThreadPoolExecutor.java:624)
 java.lang.Thread.run(Thread.java:748)
十一月 25, 2020 10:42:31 下午 org.apache.coyote.AbstractProtocol stop
信息: Stopping ProtocolHandler ["http-nio-auto-17-53783"]
十一月 25, 2020 10:42:31 下午 org.apache.coyote.AbstractProtocol destroy
信息: Destroying ProtocolHandler ["http-nio-auto-17-53783"]
十一月 25, 2020 10:42:31 下午 org.apache.catalina.core.StandardService startInternal
信息: Starting service [Tomcat]
十一月 25, 2020 10:42:31 下午 org.apache.catalina.core.StandardEngine startInternal
信息: Starting Servlet engine: [Apache Tomcat/9.0.21]
十一月 25, 2020 10:42:31 下午 org.apache.coyote.AbstractProtocol init
信息: Initializing ProtocolHandler ["http-nio-auto-18"]
十一月 25, 2020 10:42:31 下午 org.apache.coyote.AbstractProtocol start
信息: Starting ProtocolHandler ["http-nio-auto-18-53786"]
十一月 25, 2020 10:42:31 下午 org.apache.coyote.AbstractProtocol pause
信息: Pausing ProtocolHandler ["http-nio-auto-18-53786"]
十一月 25, 2020 10:42:31 下午 org.apache.catalina.core.StandardService stopInternal
信息: Stopping service [Tomcat]
十一月 25, 2020 10:42:31 下午 org.apache.coyote.AbstractProtocol stop
信息: Stopping ProtocolHandler ["http-nio-auto-18-53786"]
十一月 25, 2020 10:42:31 下午 org.apache.coyote.AbstractProtocol destroy
信息: Destroying ProtocolHandler ["http-nio-auto-18-53786"]
十一月 25, 2020 10:42:32 下午 org.apache.catalina.core.StandardService startInternal
信息: Starting service [Tomcat]
十一月 25, 2020 10:42:32 下午 org.apache.catalina.core.StandardEngine startInternal
信息: Starting Servlet engine: [Apache Tomcat/9.0.21]
十一月 25, 2020 10:42:32 下午 org.apache.coyote.AbstractProtocol init
信息: Initializing ProtocolHandler ["http-nio-auto-19"]
十一月 25, 2020 10:42:32 下午 org.apache.coyote.AbstractProtocol start
信息: Starting ProtocolHandler ["http-nio-auto-19-53792"]
十一月 25, 2020 10:42:32 下午 org.apache.coyote.AbstractProtocol pause
信息: Pausing ProtocolHandler ["http-nio-auto-19-53792"]
十一月 25, 2020 10:42:32 下午 org.apache.catalina.core.StandardService stopInternal
信息: Stopping service [Tomcat]
十一月 25, 2020 10:42:32 下午 org.apache.coyote.AbstractProtocol stop
信息: Stopping ProtocolHandler ["http-nio-auto-19-53792"]
十一月 25, 2020 10:42:32 下午 org.apache.coyote.AbstractProtocol destroy
信息: Destroying ProtocolHandler ["http-nio-auto-19-53792"]
]]></system-err>
</testsuite>
