<?xml version="1.0" encoding="UTF-8"?>
<testsuite name="org.springframework.web.reactive.function.client.DefaultWebClientTests" tests="15" skipped="0" failures="0" errors="0" timestamp="2019-06-21T11:49:01" hostname="Macbook-Air.local" time="0.035">
  <properties/>
  <testcase name="defaultHeaderAndCookie" classname="org.springframework.web.reactive.function.client.DefaultWebClientTests" time="0.011"/>
  <testcase name="defaultHeaderAndCookieOverrides" classname="org.springframework.web.reactive.function.client.DefaultWebClientTests" time="0.001"/>
  <testcase name="uriBuilder" classname="org.springframework.web.reactive.function.client.DefaultWebClientTests" time="0.002"/>
  <testcase name="defaultRequest" classname="org.springframework.web.reactive.function.client.DefaultWebClientTests" time="0.002"/>
  <testcase name="shouldApplyFiltersAtSubscription" classname="org.springframework.web.reactive.function.client.DefaultWebClientTests" time="0.002"/>
  <testcase name="requestHeaderAndCookie" classname="org.springframework.web.reactive.function.client.DefaultWebClientTests" time="0.001"/>
  <testcase name="withStringAttribute" classname="org.springframework.web.reactive.function.client.DefaultWebClientTests" time="0.002"/>
  <testcase name="withNullAttribute" classname="org.springframework.web.reactive.function.client.DefaultWebClientTests" time="0.001"/>
  <testcase name="uriBuilderWithPathOverride" classname="org.springframework.web.reactive.function.client.DefaultWebClientTests" time="0.001"/>
  <testcase name="apply" classname="org.springframework.web.reactive.function.client.DefaultWebClientTests" time="0.001"/>
  <testcase name="basic" classname="org.springframework.web.reactive.function.client.DefaultWebClientTests" time="0.001"/>
  <testcase name="switchToErrorOnEmptyClientResponseMono" classname="org.springframework.web.reactive.function.client.DefaultWebClientTests" time="0.001"/>
  <testcase name="bodyObjectPublisher" classname="org.springframework.web.reactive.function.client.DefaultWebClientTests" time="0.001"/>
  <testcase name="uriBuilderWithUriTemplate" classname="org.springframework.web.reactive.function.client.DefaultWebClientTests" time="0.002"/>
  <testcase name="mutateDoesCopy" classname="org.springframework.web.reactive.function.client.DefaultWebClientTests" time="0.003"/>
  <system-out><![CDATA[]]></system-out>
  <system-err><![CDATA[]]></system-err>
</testsuite>
