<?xml version="1.0" encoding="UTF-8"?>
<testsuite name="org.springframework.web.reactive.result.view.ViewResolutionResultHandlerTests" tests="9" skipped="0" failures="0" errors="0" timestamp="2019-06-21T11:47:11" hostname="Macbook-Air.local" time="0.237">
  <properties/>
  <testcase name="supports" classname="org.springframework.web.reactive.result.view.ViewResolutionResultHandlerTests" time="0.072"/>
  <testcase name="contentNegotiationWith406" classname="org.springframework.web.reactive.result.view.ViewResolutionResultHandlerTests" time="0.039"/>
  <testcase name="defaultViewName" classname="org.springframework.web.reactive.result.view.ViewResolutionResultHandlerTests" time="0.08"/>
  <testcase name="unresolvedViewName" classname="org.springframework.web.reactive.result.view.ViewResolutionResultHandlerTests" time="0.005"/>
  <testcase name="contentNegotiationWithRedirect" classname="org.springframework.web.reactive.result.view.ViewResolutionResultHandlerTests" time="0.002"/>
  <testcase name="contentNegotiation" classname="org.springframework.web.reactive.result.view.ViewResolutionResultHandlerTests" time="0.003"/>
  <testcase name="handleWithMultipleResolvers" classname="org.springframework.web.reactive.result.view.ViewResolutionResultHandlerTests" time="0.003"/>
  <testcase name="handleReturnValueTypes" classname="org.springframework.web.reactive.result.view.ViewResolutionResultHandlerTests" time="0.029"/>
  <testcase name="viewResolverOrder" classname="org.springframework.web.reactive.result.view.ViewResolutionResultHandlerTests" time="0.001"/>
  <system-out><![CDATA[19:47:11.200 [Test worker] DEBUG o.s.w.r.r.v.ViewResolutionResultHandler - [3c79014f] No match for [application/json], supported: [text/html]
19:47:11.203 [Test worker] DEBUG o.s.w.r.r.v.ViewResolutionResultHandler - Using 'text/html' given [*/*] and supported [text/html]
19:47:11.207 [Test worker] DEBUG o.s.w.r.r.v.ViewResolutionResultHandler - Using 'text/html' given [*/*] and supported [text/html]
19:47:11.209 [Test worker] DEBUG o.s.w.r.r.v.ViewResolutionResultHandler - Using 'text/html' given [*/*] and supported [text/html]
19:47:11.211 [Test worker] DEBUG o.s.w.r.r.v.ViewResolutionResultHandler - Using 'text/html' given [*/*] and supported [text/html]
19:47:11.213 [Test worker] DEBUG o.s.w.r.r.v.ViewResolutionResultHandler - Using 'text/html' given [*/*] and supported [text/html]
19:47:11.214 [Test worker] DEBUG o.s.w.r.r.v.ViewResolutionResultHandler - Using 'text/html' given [*/*] and supported [text/html]
19:47:11.216 [Test worker] DEBUG o.s.w.r.r.v.ViewResolutionResultHandler - Using 'text/html' given [*/*] and supported [text/html]
19:47:11.218 [Test worker] DEBUG o.s.w.r.r.v.ViewResolutionResultHandler - Using 'text/html' given [*/*] and supported [text/html]
19:47:11.222 [Test worker] DEBUG o.s.w.r.r.v.ViewResolutionResultHandler - Using 'text/html' given [*/*] and supported [text/html]
19:47:11.278 [Test worker] DEBUG o.s.w.r.r.v.ViewResolutionResultHandler - Using 'text/html' given [*/*] and supported [text/html]
19:47:11.279 [Test worker] DEBUG o.s.w.r.r.v.ViewResolutionResultHandler - Using 'text/html' given [*/*] and supported [text/html]
19:47:11.281 [Test worker] DEBUG o.s.w.r.r.v.ViewResolutionResultHandler - Using 'text/html' given [*/*] and supported [text/html]
19:47:11.289 [Test worker] DEBUG o.s.w.r.r.v.RedirectView - [34272e3f] View name 'redirect:/', model {}
19:47:11.291 [Test worker] DEBUG o.s.w.r.r.v.ViewResolutionResultHandler - Using 'application/json' given [application/json] and supported [text/html, application/json]
19:47:11.295 [Test worker] DEBUG o.s.w.r.r.v.ViewResolutionResultHandler - Using 'text/html' given [*/*] and supported [text/html]
19:47:11.297 [Test worker] DEBUG o.s.w.r.r.v.ViewResolutionResultHandler - Using 'text/html' given [*/*] and supported [text/html]
19:47:11.301 [Test worker] DEBUG o.s.w.r.r.v.ViewResolutionResultHandler - Using 'text/html' given [*/*] and supported [text/html]
19:47:11.303 [Test worker] DEBUG o.s.w.r.r.v.ViewResolutionResultHandler - Using 'text/html' given [*/*] and supported [text/html]
19:47:11.306 [Test worker] DEBUG o.s.w.r.r.v.ViewResolutionResultHandler - Using 'text/html' given [*/*] and supported [text/html]
19:47:11.308 [Test worker] DEBUG o.s.w.r.r.v.ViewResolutionResultHandler - Using 'text/html' given [*/*] and supported [text/html]
19:47:11.310 [Test worker] DEBUG o.s.w.r.r.v.ViewResolutionResultHandler - Using 'text/html' given [*/*] and supported [text/html]
19:47:11.313 [Test worker] DEBUG o.s.w.r.r.v.ViewResolutionResultHandler - Using 'text/html' given [*/*] and supported [text/html]
19:47:11.315 [Test worker] DEBUG o.s.w.r.r.v.ViewResolutionResultHandler - Using 'text/html' given [*/*] and supported [text/html]
19:47:11.319 [Test worker] DEBUG o.s.w.r.r.v.ViewResolutionResultHandler - Using 'text/html' given [*/*] and supported [text/html]
19:47:11.322 [Test worker] DEBUG o.s.w.r.r.v.ViewResolutionResultHandler - Using 'text/html' given [*/*] and supported [text/html]
19:47:11.324 [Test worker] DEBUG o.s.w.r.r.v.ViewResolutionResultHandler - Using 'text/html' given [*/*] and supported [text/html]
]]></system-out>
  <system-err><![CDATA[]]></system-err>
</testsuite>
