<?xml version="1.0" encoding="UTF-8"?>
<testsuite name="org.springframework.web.reactive.config.DelegatingWebFluxConfigurationTests" tests="5" skipped="0" failures="0" errors="0" timestamp="2019-06-21T11:48:51" hostname="Macbook-Air.local" time="0.1">
  <properties/>
  <testcase name="requestMappingHandlerAdapter" classname="org.springframework.web.reactive.config.DelegatingWebFluxConfigurationTests" time="0.075"/>
  <testcase name="responseBodyResultHandler" classname="org.springframework.web.reactive.config.DelegatingWebFluxConfigurationTests" time="0.014"/>
  <testcase name="viewResolutionResultHandler" classname="org.springframework.web.reactive.config.DelegatingWebFluxConfigurationTests" time="0.003"/>
  <testcase name="requestMappingHandlerMapping" classname="org.springframework.web.reactive.config.DelegatingWebFluxConfigurationTests" time="0.002"/>
  <testcase name="resourceHandlerMapping" classname="org.springframework.web.reactive.config.DelegatingWebFluxConfigurationTests" time="0.005"/>
  <system-out><![CDATA[]]></system-out>
  <system-err><![CDATA[]]></system-err>
</testsuite>
