<?xml version="1.0" encoding="UTF-8"?>
<testsuite name="org.springframework.web.reactive.FlushingIntegrationTests" tests="12" skipped="0" failures="0" errors="0" timestamp="2019-06-21T11:49:08" hostname="Macbook-Air.local" time="5.066">
  <properties/>
  <testcase name="writeAndAutoFlushBeforeComplete[server [org.springframework.http.server.reactive.bootstrap.JettyHttpServer@2f3f9092]]" classname="org.springframework.web.reactive.FlushingIntegrationTests" time="0.039"/>
  <testcase name="writeAndFlushWith[server [org.springframework.http.server.reactive.bootstrap.JettyHttpServer@2f3f9092]]" classname="org.springframework.web.reactive.FlushingIntegrationTests" time="0.122"/>
  <testcase name="writeAndAutoFlushOnComplete[server [org.springframework.http.server.reactive.bootstrap.JettyHttpServer@2f3f9092]]" classname="org.springframework.web.reactive.FlushingIntegrationTests" time="0.026"/>
  <testcase name="writeAndAutoFlushBeforeComplete[server [org.springframework.http.server.reactive.bootstrap.ReactorHttpServer@39e66c66]]" classname="org.springframework.web.reactive.FlushingIntegrationTests" time="0.04"/>
  <testcase name="writeAndFlushWith[server [org.springframework.http.server.reactive.bootstrap.ReactorHttpServer@39e66c66]]" classname="org.springframework.web.reactive.FlushingIntegrationTests" time="0.107"/>
  <testcase name="writeAndAutoFlushOnComplete[server [org.springframework.http.server.reactive.bootstrap.ReactorHttpServer@39e66c66]]" classname="org.springframework.web.reactive.FlushingIntegrationTests" time="0.027"/>
  <testcase name="writeAndAutoFlushBeforeComplete[server [org.springframework.http.server.reactive.bootstrap.TomcatHttpServer@d318f99]]" classname="org.springframework.web.reactive.FlushingIntegrationTests" time="2.327"/>
  <testcase name="writeAndFlushWith[server [org.springframework.http.server.reactive.bootstrap.TomcatHttpServer@d318f99]]" classname="org.springframework.web.reactive.FlushingIntegrationTests" time="2.172"/>
  <testcase name="writeAndAutoFlushOnComplete[server [org.springframework.http.server.reactive.bootstrap.TomcatHttpServer@d318f99]]" classname="org.springframework.web.reactive.FlushingIntegrationTests" time="0.039"/>
  <testcase name="writeAndAutoFlushBeforeComplete[server [org.springframework.http.server.reactive.bootstrap.UndertowHttpServer@4f88062d]]" classname="org.springframework.web.reactive.FlushingIntegrationTests" time="0.034"/>
  <testcase name="writeAndFlushWith[server [org.springframework.http.server.reactive.bootstrap.UndertowHttpServer@4f88062d]]" classname="org.springframework.web.reactive.FlushingIntegrationTests" time="0.113"/>
  <testcase name="writeAndAutoFlushOnComplete[server [org.springframework.http.server.reactive.bootstrap.UndertowHttpServer@4f88062d]]" classname="org.springframework.web.reactive.FlushingIntegrationTests" time="0.019"/>
  <system-out><![CDATA[19:49:08.127 [Test worker] WARN  o.e.j.s.h.ContextHandler - Empty contextPath
19:49:08.128 [Test worker] INFO  o.e.j.s.h.ContextHandler - Started o.e.j.s.ServletContextHandler@1ce26d4{/,null,AVAILABLE}
19:49:08.128 [Test worker] DEBUG o.s.h.s.r.b.JettyHttpServer - Starting JettyHttpServer...
19:49:08.128 [Test worker] INFO  o.e.j.s.Server - jetty-9.4.18.v20190429; built: 2019-04-29T20:42:08.989Z; git: e1bc35120a6617ee3df052294e433f3a25ce7097; jvm 1.8.0_144-b01
19:49:08.130 [Test worker] INFO  o.e.j.s.AbstractConnector - Started ServerConnector@6cbb103b{HTTP/1.1,[http/1.1]}{0.0.0.0:51923}
19:49:08.130 [Test worker] INFO  o.e.j.s.Server - Started @149240ms
19:49:08.130 [Test worker] DEBUG o.s.h.s.r.b.JettyHttpServer - Server started on port 51923(0 millis).
19:49:08.131 [Test worker] DEBUG o.s.w.r.f.c.ExchangeFunctions - [413ba5a] HTTP GET http://localhost:51923/write-and-never-complete
19:49:08.138 [reactor-http-nio-2] DEBUG o.s.w.r.f.c.ExchangeFunctions - [413ba5a] Response 200 OK
19:49:08.157 [reactor-http-nio-2] DEBUG o.s.c.c.StringDecoder - [413ba5a] Decoded "012345678901234567890123456789012345678901234567890123456789012345678901234567890123456789012345678 (truncated)...
19:49:08.158 [reactor-http-nio-2] DEBUG o.s.w.r.f.c.ExchangeFunctions - [413ba5a] Cancel signal (to close connection)
19:49:08.158 [Test worker] DEBUG o.s.h.s.r.b.JettyHttpServer - Stopping JettyHttpServer...
19:49:08.158 [Test worker] INFO  o.e.j.s.h.ContextHandler - Stopped o.e.j.s.ServletContextHandler@1ce26d4{/,null,UNAVAILABLE}
19:49:08.160 [Test worker] INFO  o.e.j.s.AbstractConnector - Stopped ServerConnector@6cbb103b{HTTP/1.1,[http/1.1]}{0.0.0.0:0}
19:49:08.161 [Test worker] DEBUG o.s.h.s.r.b.JettyHttpServer - Server stopped (0 millis).
19:49:08.162 [Test worker] WARN  o.e.j.s.h.ContextHandler - Empty contextPath
19:49:08.162 [Test worker] INFO  o.e.j.s.h.ContextHandler - Started o.e.j.s.ServletContextHandler@97b05ad{/,null,AVAILABLE}
19:49:08.162 [Test worker] DEBUG o.s.h.s.r.b.JettyHttpServer - Starting JettyHttpServer...
19:49:08.162 [Test worker] INFO  o.e.j.s.Server - jetty-9.4.18.v20190429; built: 2019-04-29T20:42:08.989Z; git: e1bc35120a6617ee3df052294e433f3a25ce7097; jvm 1.8.0_144-b01
19:49:08.164 [Test worker] INFO  o.e.j.s.AbstractConnector - Started ServerConnector@32505f58{HTTP/1.1,[http/1.1]}{0.0.0.0:51925}
19:49:08.164 [Test worker] INFO  o.e.j.s.Server - Started @149274ms
19:49:08.164 [Test worker] DEBUG o.s.h.s.r.b.JettyHttpServer - Server started on port 51925(0 millis).
19:49:08.169 [Test worker] DEBUG o.s.w.r.f.c.ExchangeFunctions - [283dc0db] HTTP GET http://localhost:51925/write-and-flush
19:49:08.233 [reactor-http-nio-2] DEBUG o.s.w.r.f.c.ExchangeFunctions - [283dc0db] Response 200 OK
19:49:08.234 [reactor-http-nio-2] DEBUG o.s.c.c.StringDecoder - [283dc0db] Decoded "data0"
19:49:08.282 [reactor-http-nio-2] DEBUG o.s.c.c.StringDecoder - [283dc0db] Decoded "data1"
19:49:08.282 [reactor-http-nio-2] DEBUG o.s.w.r.f.c.ExchangeFunctions - [283dc0db] Cancel signal (to close connection)
19:49:08.282 [Test worker] DEBUG o.s.h.s.r.b.JettyHttpServer - Stopping JettyHttpServer...
19:49:08.282 [Test worker] INFO  o.e.j.s.h.ContextHandler - Stopped o.e.j.s.ServletContextHandler@97b05ad{/,null,UNAVAILABLE}
19:49:08.283 [Test worker] INFO  o.e.j.s.AbstractConnector - Stopped ServerConnector@32505f58{HTTP/1.1,[http/1.1]}{0.0.0.0:0}
19:49:08.284 [Test worker] DEBUG o.s.h.s.r.b.JettyHttpServer - Server stopped (0 millis).
19:49:08.284 [Test worker] WARN  o.e.j.s.h.ContextHandler - Empty contextPath
19:49:08.284 [Test worker] INFO  o.e.j.s.h.ContextHandler - Started o.e.j.s.ServletContextHandler@714d18f6{/,null,AVAILABLE}
19:49:08.284 [Test worker] DEBUG o.s.h.s.r.b.JettyHttpServer - Starting JettyHttpServer...
19:49:08.284 [Test worker] INFO  o.e.j.s.Server - jetty-9.4.18.v20190429; built: 2019-04-29T20:42:08.989Z; git: e1bc35120a6617ee3df052294e433f3a25ce7097; jvm 1.8.0_144-b01
19:49:08.286 [Test worker] INFO  o.e.j.s.AbstractConnector - Started ServerConnector@e0bfe39{HTTP/1.1,[http/1.1]}{0.0.0.0:51927}
19:49:08.286 [Test worker] INFO  o.e.j.s.Server - Started @149396ms
19:49:08.286 [Test worker] DEBUG o.s.h.s.r.b.JettyHttpServer - Server started on port 51927(0 millis).
19:49:08.287 [Test worker] DEBUG o.s.w.r.f.c.ExchangeFunctions - [18480f4c] HTTP GET http://localhost:51927/write-and-complete
19:49:08.290 [reactor-http-nio-2] DEBUG o.s.w.r.f.c.ExchangeFunctions - [18480f4c] Response 200 OK
19:49:08.307 [reactor-http-nio-2] DEBUG o.s.c.c.StringDecoder - [18480f4c] Decoded "012345678901234567890123456789012345678901234567890123456789012345678901234567890123456789012345678 (truncated)...
19:49:08.307 [Test worker] DEBUG o.s.h.s.r.b.JettyHttpServer - Stopping JettyHttpServer...
19:49:08.307 [Test worker] INFO  o.e.j.s.h.ContextHandler - Stopped o.e.j.s.ServletContextHandler@714d18f6{/,null,UNAVAILABLE}
19:49:08.308 [Test worker] INFO  o.e.j.s.AbstractConnector - Stopped ServerConnector@e0bfe39{HTTP/1.1,[http/1.1]}{0.0.0.0:0}
19:49:08.309 [Test worker] DEBUG o.s.h.s.r.b.JettyHttpServer - Server stopped (0 millis).
19:49:08.309 [Test worker] DEBUG o.s.h.s.r.b.ReactorHttpServer - Starting ReactorHttpServer...
19:49:08.310 [Test worker] DEBUG o.s.h.s.r.b.ReactorHttpServer - Server started on port 51929(0 millis).
19:49:08.310 [Test worker] DEBUG o.s.w.r.f.c.ExchangeFunctions - [145a0d2f] HTTP GET http://localhost:51929/write-and-never-complete
19:49:08.314 [reactor-http-nio-3] DEBUG o.s.w.r.f.c.ExchangeFunctions - [145a0d2f] Response 200 OK
19:49:08.348 [reactor-http-nio-3] DEBUG o.s.c.c.StringDecoder - [145a0d2f] Decoded "012345678901234567890123456789012345678901234567890123456789012345678901234567890123456789012345678 (truncated)...
19:49:08.348 [reactor-http-nio-3] DEBUG o.s.w.r.f.c.ExchangeFunctions - [145a0d2f] Cancel signal (to close connection)
19:49:08.349 [Test worker] DEBUG o.s.h.s.r.b.ReactorHttpServer - Stopping ReactorHttpServer...
19:49:08.349 [Test worker] DEBUG o.s.h.s.r.b.ReactorHttpServer - Server stopped (0 millis).
19:49:08.350 [Test worker] DEBUG o.s.h.s.r.b.ReactorHttpServer - Starting ReactorHttpServer...
19:49:08.350 [Test worker] DEBUG o.s.h.s.r.b.ReactorHttpServer - Server started on port 51931(0 millis).
19:49:08.351 [Test worker] DEBUG o.s.w.r.f.c.ExchangeFunctions - [5c64465c] HTTP GET http://localhost:51931/write-and-flush
19:49:08.410 [reactor-http-nio-1] DEBUG o.s.w.r.f.c.ExchangeFunctions - [5c64465c] Response 200 OK
19:49:08.411 [reactor-http-nio-1] DEBUG o.s.c.c.StringDecoder - [5c64465c] Decoded "data0"
19:49:08.456 [reactor-http-nio-1] DEBUG o.s.c.c.StringDecoder - [5c64465c] Decoded "data1"
19:49:08.456 [reactor-http-nio-1] DEBUG o.s.w.r.f.c.ExchangeFunctions - [5c64465c] Cancel signal (to close connection)
19:49:08.457 [Test worker] DEBUG o.s.h.s.r.b.ReactorHttpServer - Stopping ReactorHttpServer...
19:49:08.457 [Test worker] DEBUG o.s.h.s.r.b.ReactorHttpServer - Server stopped (0 millis).
19:49:08.457 [Test worker] DEBUG o.s.h.s.r.b.ReactorHttpServer - Starting ReactorHttpServer...
19:49:08.457 [Test worker] DEBUG o.s.h.s.r.b.ReactorHttpServer - Server started on port 51933(0 millis).
19:49:08.458 [Test worker] DEBUG o.s.w.r.f.c.ExchangeFunctions - [48e00f3] HTTP GET http://localhost:51933/write-and-complete
19:49:08.460 [reactor-http-nio-3] DEBUG o.s.w.r.f.c.ExchangeFunctions - [48e00f3] Response 200 OK
19:49:08.483 [reactor-http-nio-3] DEBUG o.s.c.c.StringDecoder - [48e00f3] Decoded "012345678901234567890123456789012345678901234567890123456789012345678901234567890123456789012345678 (truncated)...
19:49:08.483 [Test worker] DEBUG o.s.h.s.r.b.ReactorHttpServer - Stopping ReactorHttpServer...
19:49:08.484 [Test worker] DEBUG o.s.h.s.r.b.ReactorHttpServer - Server stopped (0 millis).
19:49:08.484 [Test worker] DEBUG o.s.h.s.r.b.TomcatHttpServer - Starting TomcatHttpServer...
19:49:08.494 [Test worker] DEBUG o.s.h.s.r.b.TomcatHttpServer - Server started on port 51935(0 millis).
19:49:08.494 [Test worker] DEBUG o.s.w.r.f.c.ExchangeFunctions - [634c90ef] HTTP GET http://localhost:51935/write-and-never-complete
19:49:08.499 [reactor-http-nio-4] DEBUG o.s.w.r.f.c.ExchangeFunctions - [634c90ef] Response 200 OK
19:49:08.749 [reactor-http-nio-4] DEBUG o.s.c.c.StringDecoder - [634c90ef] Decoded "012345678901234567890123456789012345678901234567890123456789012345678901234567890123456789012345678 (truncated)...
19:49:08.749 [reactor-http-nio-4] DEBUG o.s.w.r.f.c.ExchangeFunctions - [634c90ef] Cancel signal (to close connection)
19:49:08.749 [Test worker] DEBUG o.s.h.s.r.b.TomcatHttpServer - Stopping TomcatHttpServer...
19:49:10.811 [Test worker] DEBUG o.s.h.s.r.b.TomcatHttpServer - Server stopped (0 millis).
19:49:10.811 [Test worker] DEBUG o.s.h.s.r.b.TomcatHttpServer - Starting TomcatHttpServer...
19:49:10.820 [Test worker] DEBUG o.s.h.s.r.b.TomcatHttpServer - Server started on port 51938(0 millis).
19:49:10.821 [Test worker] DEBUG o.s.w.r.f.c.ExchangeFunctions - [76ce4ace] HTTP GET http://localhost:51938/write-and-flush
19:49:10.883 [reactor-http-nio-4] DEBUG o.s.w.r.f.c.ExchangeFunctions - [76ce4ace] Response 200 OK
19:49:10.894 [reactor-http-nio-4] ERROR i.n.u.ResourceLeakDetector - LEAK: ByteBuf.release() was not called before it's garbage-collected. See http://netty.io/wiki/reference-counted-objects.html for more information.
Recent access records: 
#1:
	io.netty.buffer.AbstractPooledDerivedByteBuf.deallocate(AbstractPooledDerivedByteBuf.java:87)
	io.netty.buffer.AbstractReferenceCountedByteBuf.handleRelease(AbstractReferenceCountedByteBuf.java:110)
	io.netty.buffer.AbstractReferenceCountedByteBuf.release(AbstractReferenceCountedByteBuf.java:100)
	io.netty.buffer.WrappedByteBuf.release(WrappedByteBuf.java:1029)
	io.netty.buffer.SimpleLeakAwareByteBuf.release(SimpleLeakAwareByteBuf.java:102)
	io.netty.buffer.AdvancedLeakAwareByteBuf.release(AdvancedLeakAwareByteBuf.java:941)
	io.netty.handler.codec.http.DefaultHttpContent.release(DefaultHttpContent.java:94)
	io.netty.util.ReferenceCountUtil.release(ReferenceCountUtil.java:88)
	reactor.netty.channel.FluxReceive.onInboundNext(FluxReceive.java:283)
	reactor.netty.channel.ChannelOperations.onInboundNext(ChannelOperations.java:335)
	reactor.netty.http.client.HttpClientOperations.onInboundNext(HttpClientOperations.java:571)
	reactor.netty.channel.ChannelOperationsHandler.channelRead(ChannelOperationsHandler.java:91)
	io.netty.channel.AbstractChannelHandlerContext.invokeChannelRead(AbstractChannelHandlerContext.java:374)
	io.netty.channel.AbstractChannelHandlerContext.invokeChannelRead(AbstractChannelHandlerContext.java:360)
	io.netty.channel.AbstractChannelHandlerContext.fireChannelRead(AbstractChannelHandlerContext.java:352)
	io.netty.handler.codec.MessageToMessageDecoder.channelRead(MessageToMessageDecoder.java:102)
	io.netty.channel.AbstractChannelHandlerContext.invokeChannelRead(AbstractChannelHandlerContext.java:374)
	io.netty.channel.AbstractChannelHandlerContext.invokeChannelRead(AbstractChannelHandlerContext.java:360)
	io.netty.channel.AbstractChannelHandlerContext.fireChannelRead(AbstractChannelHandlerContext.java:352)
	io.netty.channel.CombinedChannelDuplexHandler$DelegatingChannelHandlerContext.fireChannelRead(CombinedChannelDuplexHandler.java:438)
	io.netty.handler.codec.ByteToMessageDecoder.fireChannelRead(ByteToMessageDecoder.java:323)
	io.netty.handler.codec.ByteToMessageDecoder.channelRead(ByteToMessageDecoder.java:297)
	io.netty.channel.CombinedChannelDuplexHandler.channelRead(CombinedChannelDuplexHandler.java:253)
	io.netty.channel.AbstractChannelHandlerContext.invokeChannelRead(AbstractChannelHandlerContext.java:374)
	io.netty.channel.AbstractChannelHandlerContext.invokeChannelRead(AbstractChannelHandlerContext.java:360)
	io.netty.channel.AbstractChannelHandlerContext.fireChannelRead(AbstractChannelHandlerContext.java:352)
	io.netty.channel.DefaultChannelPipeline$HeadContext.channelRead(DefaultChannelPipeline.java:1408)
	io.netty.channel.AbstractChannelHandlerContext.invokeChannelRead(AbstractChannelHandlerContext.java:374)
	io.netty.channel.AbstractChannelHandlerContext.invokeChannelRead(AbstractChannelHandlerContext.java:360)
	io.netty.channel.DefaultChannelPipeline.fireChannelRead(DefaultChannelPipeline.java:930)
	io.netty.channel.nio.AbstractNioByteChannel$NioByteUnsafe.read(AbstractNioByteChannel.java:163)
	io.netty.channel.nio.NioEventLoop.processSelectedKey(NioEventLoop.java:682)
	io.netty.channel.nio.NioEventLoop.processSelectedKeysOptimized(NioEventLoop.java:617)
	io.netty.channel.nio.NioEventLoop.processSelectedKeys(NioEventLoop.java:534)
	io.netty.channel.nio.NioEventLoop.run(NioEventLoop.java:496)
	io.netty.util.concurrent.SingleThreadEventExecutor$5.run(SingleThreadEventExecutor.java:906)
	io.netty.util.internal.ThreadExecutorMap$2.run(ThreadExecutorMap.java:74)
	io.netty.util.concurrent.FastThreadLocalRunnable.run(FastThreadLocalRunnable.java:30)
	java.lang.Thread.run(Thread.java:748)
#2:
	io.netty.buffer.AdvancedLeakAwareByteBuf.forEachByte(AdvancedLeakAwareByteBuf.java:670)
	io.netty.handler.codec.http.HttpObjectDecoder$HeaderParser.parse(HttpObjectDecoder.java:793)
	io.netty.handler.codec.http.HttpObjectDecoder$LineParser.parse(HttpObjectDecoder.java:842)
	io.netty.handler.codec.http.HttpObjectDecoder.decode(HttpObjectDecoder.java:313)
	io.netty.handler.codec.http.HttpClientCodec$Decoder.decode(HttpClientCodec.java:202)
	io.netty.handler.codec.ByteToMessageDecoder.decodeRemovalReentryProtection(ByteToMessageDecoder.java:502)
	io.netty.handler.codec.ByteToMessageDecoder.callDecode(ByteToMessageDecoder.java:441)
	io.netty.handler.codec.ByteToMessageDecoder.channelRead(ByteToMessageDecoder.java:278)
	io.netty.channel.CombinedChannelDuplexHandler.channelRead(CombinedChannelDuplexHandler.java:253)
	io.netty.channel.AbstractChannelHandlerContext.invokeChannelRead(AbstractChannelHandlerContext.java:374)
	io.netty.channel.AbstractChannelHandlerContext.invokeChannelRead(AbstractChannelHandlerContext.java:360)
	io.netty.channel.AbstractChannelHandlerContext.fireChannelRead(AbstractChannelHandlerContext.java:352)
	io.netty.channel.DefaultChannelPipeline$HeadContext.channelRead(DefaultChannelPipeline.java:1408)
	io.netty.channel.AbstractChannelHandlerContext.invokeChannelRead(AbstractChannelHandlerContext.java:374)
	io.netty.channel.AbstractChannelHandlerContext.invokeChannelRead(AbstractChannelHandlerContext.java:360)
	io.netty.channel.DefaultChannelPipeline.fireChannelRead(DefaultChannelPipeline.java:930)
	io.netty.channel.nio.AbstractNioByteChannel$NioByteUnsafe.read(AbstractNioByteChannel.java:163)
	io.netty.channel.nio.NioEventLoop.processSelectedKey(NioEventLoop.java:682)
	io.netty.channel.nio.NioEventLoop.processSelectedKeysOptimized(NioEventLoop.java:617)
	io.netty.channel.nio.NioEventLoop.processSelectedKeys(NioEventLoop.java:534)
	io.netty.channel.nio.NioEventLoop.run(NioEventLoop.java:496)
	io.netty.util.concurrent.SingleThreadEventExecutor$5.run(SingleThreadEventExecutor.java:906)
	io.netty.util.internal.ThreadExecutorMap$2.run(ThreadExecutorMap.java:74)
	io.netty.util.concurrent.FastThreadLocalRunnable.run(FastThreadLocalRunnable.java:30)
	java.lang.Thread.run(Thread.java:748)
#3:
	io.netty.buffer.AdvancedLeakAwareByteBuf.getByte(AdvancedLeakAwareByteBuf.java:154)
	io.netty.handler.codec.http.HttpObjectDecoder.decode(HttpObjectDecoder.java:351)
	io.netty.handler.codec.http.HttpClientCodec$Decoder.decode(HttpClientCodec.java:202)
	io.netty.handler.codec.ByteToMessageDecoder.decodeRemovalReentryProtection(ByteToMessageDecoder.java:502)
	io.netty.handler.codec.ByteToMessageDecoder.callDecode(ByteToMessageDecoder.java:441)
	io.netty.handler.codec.ByteToMessageDecoder.channelRead(ByteToMessageDecoder.java:278)
	io.netty.channel.CombinedChannelDuplexHandler.channelRead(CombinedChannelDuplexHandler.java:253)
	io.netty.channel.AbstractChannelHandlerContext.invokeChannelRead(AbstractChannelHandlerContext.java:374)
	io.netty.channel.AbstractChannelHandlerContext.invokeChannelRead(AbstractChannelHandlerContext.java:360)
	io.netty.channel.AbstractChannelHandlerContext.fireChannelRead(AbstractChannelHandlerContext.java:352)
	io.netty.channel.DefaultChannelPipeline$HeadContext.channelRead(DefaultChannelPipeline.java:1408)
	io.netty.channel.AbstractChannelHandlerContext.invokeChannelRead(AbstractChannelHandlerContext.java:374)
	io.netty.channel.AbstractChannelHandlerContext.invokeChannelRead(AbstractChannelHandlerContext.java:360)
	io.netty.channel.DefaultChannelPipeline.fireChannelRead(DefaultChannelPipeline.java:930)
	io.netty.channel.nio.AbstractNioByteChannel$NioByteUnsafe.read(AbstractNioByteChannel.java:163)
	io.netty.channel.nio.NioEventLoop.processSelectedKey(NioEventLoop.java:682)
	io.netty.channel.nio.NioEventLoop.processSelectedKeysOptimized(NioEventLoop.java:617)
	io.netty.channel.nio.NioEventLoop.processSelectedKeys(NioEventLoop.java:534)
	io.netty.channel.nio.NioEventLoop.run(NioEventLoop.java:496)
	io.netty.util.concurrent.SingleThreadEventExecutor$5.run(SingleThreadEventExecutor.java:906)
	io.netty.util.internal.ThreadExecutorMap$2.run(ThreadExecutorMap.java:74)
	io.netty.util.concurrent.FastThreadLocalRunnable.run(FastThreadLocalRunnable.java:30)
	java.lang.Thread.run(Thread.java:748)
#4:
	Hint: 'reactor.left.httpCodec' will handle the message from this point.
	io.netty.channel.DefaultChannelPipeline.touch(DefaultChannelPipeline.java:116)
	io.netty.channel.AbstractChannelHandlerContext.invokeChannelRead(AbstractChannelHandlerContext.java:357)
	io.netty.channel.AbstractChannelHandlerContext.fireChannelRead(AbstractChannelHandlerContext.java:352)
	io.netty.channel.DefaultChannelPipeline$HeadContext.channelRead(DefaultChannelPipeline.java:1408)
	io.netty.channel.AbstractChannelHandlerContext.invokeChannelRead(AbstractChannelHandlerContext.java:374)
	io.netty.channel.AbstractChannelHandlerContext.invokeChannelRead(AbstractChannelHandlerContext.java:360)
	io.netty.channel.DefaultChannelPipeline.fireChannelRead(DefaultChannelPipeline.java:930)
	io.netty.channel.nio.AbstractNioByteChannel$NioByteUnsafe.read(AbstractNioByteChannel.java:163)
	io.netty.channel.nio.NioEventLoop.processSelectedKey(NioEventLoop.java:682)
	io.netty.channel.nio.NioEventLoop.processSelectedKeysOptimized(NioEventLoop.java:617)
	io.netty.channel.nio.NioEventLoop.processSelectedKeys(NioEventLoop.java:534)
	io.netty.channel.nio.NioEventLoop.run(NioEventLoop.java:496)
	io.netty.util.concurrent.SingleThreadEventExecutor$5.run(SingleThreadEventExecutor.java:906)
	io.netty.util.internal.ThreadExecutorMap$2.run(ThreadExecutorMap.java:74)
	io.netty.util.concurrent.FastThreadLocalRunnable.run(FastThreadLocalRunnable.java:30)
	java.lang.Thread.run(Thread.java:748)
#5:
	Hint: 'DefaultChannelPipeline$HeadContext#0' will handle the message from this point.
	io.netty.channel.DefaultChannelPipeline.touch(DefaultChannelPipeline.java:116)
	io.netty.channel.AbstractChannelHandlerContext.invokeChannelRead(AbstractChannelHandlerContext.java:357)
	io.netty.channel.DefaultChannelPipeline.fireChannelRead(DefaultChannelPipeline.java:930)
	io.netty.channel.nio.AbstractNioByteChannel$NioByteUnsafe.read(AbstractNioByteChannel.java:163)
	io.netty.channel.nio.NioEventLoop.processSelectedKey(NioEventLoop.java:682)
	io.netty.channel.nio.NioEventLoop.processSelectedKeysOptimized(NioEventLoop.java:617)
	io.netty.channel.nio.NioEventLoop.processSelectedKeys(NioEventLoop.java:534)
	io.netty.channel.nio.NioEventLoop.run(NioEventLoop.java:496)
	io.netty.util.concurrent.SingleThreadEventExecutor$5.run(SingleThreadEventExecutor.java:906)
	io.netty.util.internal.ThreadExecutorMap$2.run(ThreadExecutorMap.java:74)
	io.netty.util.concurrent.FastThreadLocalRunnable.run(FastThreadLocalRunnable.java:30)
	java.lang.Thread.run(Thread.java:748)
#6:
	io.netty.buffer.AdvancedLeakAwareByteBuf.writeBytes(AdvancedLeakAwareByteBuf.java:634)
	io.netty.channel.socket.nio.NioSocketChannel.doReadBytes(NioSocketChannel.java:347)
	io.netty.channel.nio.AbstractNioByteChannel$NioByteUnsafe.read(AbstractNioByteChannel.java:148)
	io.netty.channel.nio.NioEventLoop.processSelectedKey(NioEventLoop.java:682)
	io.netty.channel.nio.NioEventLoop.processSelectedKeysOptimized(NioEventLoop.java:617)
	io.netty.channel.nio.NioEventLoop.processSelectedKeys(NioEventLoop.java:534)
	io.netty.channel.nio.NioEventLoop.run(NioEventLoop.java:496)
	io.netty.util.concurrent.SingleThreadEventExecutor$5.run(SingleThreadEventExecutor.java:906)
	io.netty.util.internal.ThreadExecutorMap$2.run(ThreadExecutorMap.java:74)
	io.netty.util.concurrent.FastThreadLocalRunnable.run(FastThreadLocalRunnable.java:30)
	java.lang.Thread.run(Thread.java:748)
Created at:
	io.netty.buffer.PooledByteBufAllocator.newDirectBuffer(PooledByteBufAllocator.java:349)
	io.netty.buffer.AbstractByteBufAllocator.directBuffer(AbstractByteBufAllocator.java:187)
	io.netty.buffer.AbstractByteBufAllocator.directBuffer(AbstractByteBufAllocator.java:178)
	io.netty.buffer.AbstractByteBufAllocator.ioBuffer(AbstractByteBufAllocator.java:139)
	io.netty.channel.DefaultMaxMessagesRecvByteBufAllocator$MaxMessageHandle.allocate(DefaultMaxMessagesRecvByteBufAllocator.java:114)
	io.netty.channel.nio.AbstractNioByteChannel$NioByteUnsafe.read(AbstractNioByteChannel.java:147)
	io.netty.channel.nio.NioEventLoop.processSelectedKey(NioEventLoop.java:682)
	io.netty.channel.nio.NioEventLoop.processSelectedKeysOptimized(NioEventLoop.java:617)
	io.netty.channel.nio.NioEventLoop.processSelectedKeys(NioEventLoop.java:534)
	io.netty.channel.nio.NioEventLoop.run(NioEventLoop.java:496)
	io.netty.util.concurrent.SingleThreadEventExecutor$5.run(SingleThreadEventExecutor.java:906)
	io.netty.util.internal.ThreadExecutorMap$2.run(ThreadExecutorMap.java:74)
	io.netty.util.concurrent.FastThreadLocalRunnable.run(FastThreadLocalRunnable.java:30)
	java.lang.Thread.run(Thread.java:748)
: 1 leak records were discarded because they were duplicates
: 8 leak records were discarded because the leak record count is targeted to 4. Use system property io.netty.leakDetection.targetRecords to increase the limit.
19:49:10.896 [reactor-http-nio-4] ERROR i.n.u.ResourceLeakDetector - LEAK: ByteBuf.release() was not called before it's garbage-collected. See http://netty.io/wiki/reference-counted-objects.html for more information.
Recent access records: 
#1:
	io.netty.handler.codec.http.DefaultHttpContent.release(DefaultHttpContent.java:94)
	io.netty.util.ReferenceCountUtil.release(ReferenceCountUtil.java:88)
	reactor.netty.channel.FluxReceive.drainReceiver(FluxReceive.java:209)
	reactor.netty.channel.FluxReceive.onInboundNext(FluxReceive.java:322)
	reactor.netty.channel.ChannelOperations.onInboundNext(ChannelOperations.java:335)
	reactor.netty.http.client.HttpClientOperations.onInboundNext(HttpClientOperations.java:571)
	reactor.netty.channel.ChannelOperationsHandler.channelRead(ChannelOperationsHandler.java:91)
	io.netty.channel.AbstractChannelHandlerContext.invokeChannelRead(AbstractChannelHandlerContext.java:374)
	io.netty.channel.AbstractChannelHandlerContext.invokeChannelRead(AbstractChannelHandlerContext.java:360)
	io.netty.channel.AbstractChannelHandlerContext.fireChannelRead(AbstractChannelHandlerContext.java:352)
	io.netty.handler.codec.MessageToMessageDecoder.channelRead(MessageToMessageDecoder.java:102)
	io.netty.channel.AbstractChannelHandlerContext.invokeChannelRead(AbstractChannelHandlerContext.java:374)
	io.netty.channel.AbstractChannelHandlerContext.invokeChannelRead(AbstractChannelHandlerContext.java:360)
	io.netty.channel.AbstractChannelHandlerContext.fireChannelRead(AbstractChannelHandlerContext.java:352)
	io.netty.channel.CombinedChannelDuplexHandler$DelegatingChannelHandlerContext.fireChannelRead(CombinedChannelDuplexHandler.java:438)
	io.netty.handler.codec.ByteToMessageDecoder.fireChannelRead(ByteToMessageDecoder.java:323)
	io.netty.handler.codec.ByteToMessageDecoder.fireChannelRead(ByteToMessageDecoder.java:310)
	io.netty.handler.codec.ByteToMessageDecoder.callDecode(ByteToMessageDecoder.java:426)
	io.netty.handler.codec.ByteToMessageDecoder.channelRead(ByteToMessageDecoder.java:278)
	io.netty.channel.CombinedChannelDuplexHandler.channelRead(CombinedChannelDuplexHandler.java:253)
	io.netty.channel.AbstractChannelHandlerContext.invokeChannelRead(AbstractChannelHandlerContext.java:374)
	io.netty.channel.AbstractChannelHandlerContext.invokeChannelRead(AbstractChannelHandlerContext.java:360)
	io.netty.channel.AbstractChannelHandlerContext.fireChannelRead(AbstractChannelHandlerContext.java:352)
	io.netty.channel.DefaultChannelPipeline$HeadContext.channelRead(DefaultChannelPipeline.java:1408)
	io.netty.channel.AbstractChannelHandlerContext.invokeChannelRead(AbstractChannelHandlerContext.java:374)
	io.netty.channel.AbstractChannelHandlerContext.invokeChannelRead(AbstractChannelHandlerContext.java:360)
	io.netty.channel.DefaultChannelPipeline.fireChannelRead(DefaultChannelPipeline.java:930)
	io.netty.channel.nio.AbstractNioByteChannel$NioByteUnsafe.read(AbstractNioByteChannel.java:163)
	io.netty.channel.nio.NioEventLoop.processSelectedKey(NioEventLoop.java:682)
	io.netty.channel.nio.NioEventLoop.processSelectedKeysOptimized(NioEventLoop.java:617)
	io.netty.channel.nio.NioEventLoop.processSelectedKeys(NioEventLoop.java:534)
	io.netty.channel.nio.NioEventLoop.run(NioEventLoop.java:496)
	io.netty.util.concurrent.SingleThreadEventExecutor$5.run(SingleThreadEventExecutor.java:906)
	io.netty.util.internal.ThreadExecutorMap$2.run(ThreadExecutorMap.java:74)
	io.netty.util.concurrent.FastThreadLocalRunnable.run(FastThreadLocalRunnable.java:30)
	java.lang.Thread.run(Thread.java:748)
#2:
	io.netty.buffer.AdvancedLeakAwareByteBuf.getByte(AdvancedLeakAwareByteBuf.java:154)
	org.springframework.core.io.buffer.NettyDataBuffer.getByte(NettyDataBuffer.java:132)
	org.springframework.core.io.buffer.DataBufferUtils$KnuthMorrisPrattMatcher.match(DataBufferUtils.java:1005)
	org.springframework.core.io.buffer.DataBufferUtils.endFrameAfterDelimiter(DataBufferUtils.java:634)
	org.springframework.core.io.buffer.DataBufferUtils.lambda$split$18(DataBufferUtils.java:603)
	reactor.core.publisher.FluxFlatMap$FlatMapMain.onNext(FluxFlatMap.java:350)
	reactor.core.publisher.FluxMap$MapSubscriber.onNext(FluxMap.java:114)
	reactor.core.publisher.FluxPeek$PeekSubscriber.onNext(FluxPeek.java:192)
	reactor.core.publisher.FluxPeek$PeekSubscriber.onNext(FluxPeek.java:192)
	reactor.core.publisher.FluxMap$MapSubscriber.onNext(FluxMap.java:114)
	reactor.netty.channel.FluxReceive.drainReceiver(FluxReceive.java:206)
	reactor.netty.channel.FluxReceive.onInboundNext(FluxReceive.java:322)
	reactor.netty.channel.ChannelOperations.onInboundNext(ChannelOperations.java:335)
	reactor.netty.http.client.HttpClientOperations.onInboundNext(HttpClientOperations.java:571)
	reactor.netty.channel.ChannelOperationsHandler.channelRead(ChannelOperationsHandler.java:91)
	io.netty.channel.AbstractChannelHandlerContext.invokeChannelRead(AbstractChannelHandlerContext.java:374)
	io.netty.channel.AbstractChannelHandlerContext.invokeChannelRead(AbstractChannelHandlerContext.java:360)
	io.netty.channel.AbstractChannelHandlerContext.fireChannelRead(AbstractChannelHandlerContext.java:352)
	io.netty.handler.codec.MessageToMessageDecoder.channelRead(MessageToMessageDecoder.java:102)
	io.netty.channel.AbstractChannelHandlerContext.invokeChannelRead(AbstractChannelHandlerContext.java:374)
	io.netty.channel.AbstractChannelHandlerContext.invokeChannelRead(AbstractChannelHandlerContext.java:360)
	io.netty.channel.AbstractChannelHandlerContext.fireChannelRead(AbstractChannelHandlerContext.java:352)
	io.netty.channel.CombinedChannelDuplexHandler$DelegatingChannelHandlerContext.fireChannelRead(CombinedChannelDuplexHandler.java:438)
	io.netty.handler.codec.ByteToMessageDecoder.fireChannelRead(ByteToMessageDecoder.java:323)
	io.netty.handler.codec.ByteToMessageDecoder.fireChannelRead(ByteToMessageDecoder.java:310)
	io.netty.handler.codec.ByteToMessageDecoder.callDecode(ByteToMessageDecoder.java:426)
	io.netty.handler.codec.ByteToMessageDecoder.channelRead(ByteToMessageDecoder.java:278)
	io.netty.channel.CombinedChannelDuplexHandler.channelRead(CombinedChannelDuplexHandler.java:253)
	io.netty.channel.AbstractChannelHandlerContext.invokeChannelRead(AbstractChannelHandlerContext.java:374)
	io.netty.channel.AbstractChannelHandlerContext.invokeChannelRead(AbstractChannelHandlerContext.java:360)
	io.netty.channel.AbstractChannelHandlerContext.fireChannelRead(AbstractChannelHandlerContext.java:352)
	io.netty.channel.DefaultChannelPipeline$HeadContext.channelRead(DefaultChannelPipeline.java:1408)
	io.netty.channel.AbstractChannelHandlerContext.invokeChannelRead(AbstractChannelHandlerContext.java:374)
	io.netty.channel.AbstractChannelHandlerContext.invokeChannelRead(AbstractChannelHandlerContext.java:360)
	io.netty.channel.DefaultChannelPipeline.fireChannelRead(DefaultChannelPipeline.java:930)
	io.netty.channel.nio.AbstractNioByteChannel$NioByteUnsafe.read(AbstractNioByteChannel.java:163)
	io.netty.channel.nio.NioEventLoop.processSelectedKey(NioEventLoop.java:682)
	io.netty.channel.nio.NioEventLoop.processSelectedKeysOptimized(NioEventLoop.java:617)
	io.netty.channel.nio.NioEventLoop.processSelectedKeys(NioEventLoop.java:534)
	io.netty.channel.nio.NioEventLoop.run(NioEventLoop.java:496)
	io.netty.util.concurrent.SingleThreadEventExecutor$5.run(SingleThreadEventExecutor.java:906)
	io.netty.util.internal.ThreadExecutorMap$2.run(ThreadExecutorMap.java:74)
	io.netty.util.concurrent.FastThreadLocalRunnable.run(FastThreadLocalRunnable.java:30)
	java.lang.Thread.run(Thread.java:748)
#3:
	org.springframework.http.client.reactive.ReactorClientHttpResponse.lambda$getBody$2(ReactorClientHttpResponse.java:77)
	reactor.core.publisher.FluxMap$MapSubscriber.onNext(FluxMap.java:100)
	reactor.core.publisher.FluxPeek$PeekSubscriber.onNext(FluxPeek.java:192)
	reactor.core.publisher.FluxPeek$PeekSubscriber.onNext(FluxPeek.java:192)
	reactor.core.publisher.FluxMap$MapSubscriber.onNext(FluxMap.java:114)
	reactor.netty.channel.FluxReceive.drainReceiver(FluxReceive.java:206)
	reactor.netty.channel.FluxReceive.onInboundNext(FluxReceive.java:322)
	reactor.netty.channel.ChannelOperations.onInboundNext(ChannelOperations.java:335)
	reactor.netty.http.client.HttpClientOperations.onInboundNext(HttpClientOperations.java:571)
	reactor.netty.channel.ChannelOperationsHandler.channelRead(ChannelOperationsHandler.java:91)
	io.netty.channel.AbstractChannelHandlerContext.invokeChannelRead(AbstractChannelHandlerContext.java:374)
	io.netty.channel.AbstractChannelHandlerContext.invokeChannelRead(AbstractChannelHandlerContext.java:360)
	io.netty.channel.AbstractChannelHandlerContext.fireChannelRead(AbstractChannelHandlerContext.java:352)
	io.netty.handler.codec.MessageToMessageDecoder.channelRead(MessageToMessageDecoder.java:102)
	io.netty.channel.AbstractChannelHandlerContext.invokeChannelRead(AbstractChannelHandlerContext.java:374)
	io.netty.channel.AbstractChannelHandlerContext.invokeChannelRead(AbstractChannelHandlerContext.java:360)
	io.netty.channel.AbstractChannelHandlerContext.fireChannelRead(AbstractChannelHandlerContext.java:352)
	io.netty.channel.CombinedChannelDuplexHandler$DelegatingChannelHandlerContext.fireChannelRead(CombinedChannelDuplexHandler.java:438)
	io.netty.handler.codec.ByteToMessageDecoder.fireChannelRead(ByteToMessageDecoder.java:323)
	io.netty.handler.codec.ByteToMessageDecoder.fireChannelRead(ByteToMessageDecoder.java:310)
	io.netty.handler.codec.ByteToMessageDecoder.callDecode(ByteToMessageDecoder.java:426)
	io.netty.handler.codec.ByteToMessageDecoder.channelRead(ByteToMessageDecoder.java:278)
	io.netty.channel.CombinedChannelDuplexHandler.channelRead(CombinedChannelDuplexHandler.java:253)
	io.netty.channel.AbstractChannelHandlerContext.invokeChannelRead(AbstractChannelHandlerContext.java:374)
	io.netty.channel.AbstractChannelHandlerContext.invokeChannelRead(AbstractChannelHandlerContext.java:360)
	io.netty.channel.AbstractChannelHandlerContext.fireChannelRead(AbstractChannelHandlerContext.java:352)
	io.netty.channel.DefaultChannelPipeline$HeadContext.channelRead(DefaultChannelPipeline.java:1408)
	io.netty.channel.AbstractChannelHandlerContext.invokeChannelRead(AbstractChannelHandlerContext.java:374)
	io.netty.channel.AbstractChannelHandlerContext.invokeChannelRead(AbstractChannelHandlerContext.java:360)
	io.netty.channel.DefaultChannelPipeline.fireChannelRead(DefaultChannelPipeline.java:930)
	io.netty.channel.nio.AbstractNioByteChannel$NioByteUnsafe.read(AbstractNioByteChannel.java:163)
	io.netty.channel.nio.NioEventLoop.processSelectedKey(NioEventLoop.java:682)
	io.netty.channel.nio.NioEventLoop.processSelectedKeysOptimized(NioEventLoop.java:617)
	io.netty.channel.nio.NioEventLoop.processSelectedKeys(NioEventLoop.java:534)
	io.netty.channel.nio.NioEventLoop.run(NioEventLoop.java:496)
	io.netty.util.concurrent.SingleThreadEventExecutor$5.run(SingleThreadEventExecutor.java:906)
	io.netty.util.internal.ThreadExecutorMap$2.run(ThreadExecutorMap.java:74)
	io.netty.util.concurrent.FastThreadLocalRunnable.run(FastThreadLocalRunnable.java:30)
	java.lang.Thread.run(Thread.java:748)
#4:
	io.netty.handler.codec.http.DefaultHttpContent.release(DefaultHttpContent.java:94)
	io.netty.util.ReferenceCountUtil.release(ReferenceCountUtil.java:88)
	io.netty.handler.codec.MessageToMessageDecoder.channelRead(MessageToMessageDecoder.java:90)
	io.netty.channel.AbstractChannelHandlerContext.invokeChannelRead(AbstractChannelHandlerContext.java:374)
	io.netty.channel.AbstractChannelHandlerContext.invokeChannelRead(AbstractChannelHandlerContext.java:360)
	io.netty.channel.AbstractChannelHandlerContext.fireChannelRead(AbstractChannelHandlerContext.java:352)
	io.netty.channel.CombinedChannelDuplexHandler$DelegatingChannelHandlerContext.fireChannelRead(CombinedChannelDuplexHandler.java:438)
	io.netty.handler.codec.ByteToMessageDecoder.fireChannelRead(ByteToMessageDecoder.java:323)
	io.netty.handler.codec.ByteToMessageDecoder.fireChannelRead(ByteToMessageDecoder.java:310)
	io.netty.handler.codec.ByteToMessageDecoder.callDecode(ByteToMessageDecoder.java:426)
	io.netty.handler.codec.ByteToMessageDecoder.channelRead(ByteToMessageDecoder.java:278)
	io.netty.channel.CombinedChannelDuplexHandler.channelRead(CombinedChannelDuplexHandler.java:253)
	io.netty.channel.AbstractChannelHandlerContext.invokeChannelRead(AbstractChannelHandlerContext.java:374)
	io.netty.channel.AbstractChannelHandlerContext.invokeChannelRead(AbstractChannelHandlerContext.java:360)
	io.netty.channel.AbstractChannelHandlerContext.fireChannelRead(AbstractChannelHandlerContext.java:352)
	io.netty.channel.DefaultChannelPipeline$HeadContext.channelRead(DefaultChannelPipeline.java:1408)
	io.netty.channel.AbstractChannelHandlerContext.invokeChannelRead(AbstractChannelHandlerContext.java:374)
	io.netty.channel.AbstractChannelHandlerContext.invokeChannelRead(AbstractChannelHandlerContext.java:360)
	io.netty.channel.DefaultChannelPipeline.fireChannelRead(DefaultChannelPipeline.java:930)
	io.netty.channel.nio.AbstractNioByteChannel$NioByteUnsafe.read(AbstractNioByteChannel.java:163)
	io.netty.channel.nio.NioEventLoop.processSelectedKey(NioEventLoop.java:682)
	io.netty.channel.nio.NioEventLoop.processSelectedKeysOptimized(NioEventLoop.java:617)
	io.netty.channel.nio.NioEventLoop.processSelectedKeys(NioEventLoop.java:534)
	io.netty.channel.nio.NioEventLoop.run(NioEventLoop.java:496)
	io.netty.util.concurrent.SingleThreadEventExecutor$5.run(SingleThreadEventExecutor.java:906)
	io.netty.util.internal.ThreadExecutorMap$2.run(ThreadExecutorMap.java:74)
	io.netty.util.concurrent.FastThreadLocalRunnable.run(FastThreadLocalRunnable.java:30)
	java.lang.Thread.run(Thread.java:748)
#5:
	io.netty.handler.codec.http.DefaultHttpContent.retain(DefaultHttpContent.java:70)
	io.netty.handler.codec.http.HttpContentDecoder.decode(HttpContentDecoder.java:148)
	io.netty.handler.codec.http.HttpContentDecoder.decode(HttpContentDecoder.java:47)
	io.netty.handler.codec.MessageToMessageDecoder.channelRead(MessageToMessageDecoder.java:88)
	io.netty.channel.AbstractChannelHandlerContext.invokeChannelRead(AbstractChannelHandlerContext.java:374)
	io.netty.channel.AbstractChannelHandlerContext.invokeChannelRead(AbstractChannelHandlerContext.java:360)
	io.netty.channel.AbstractChannelHandlerContext.fireChannelRead(AbstractChannelHandlerContext.java:352)
	io.netty.channel.CombinedChannelDuplexHandler$DelegatingChannelHandlerContext.fireChannelRead(CombinedChannelDuplexHandler.java:438)
	io.netty.handler.codec.ByteToMessageDecoder.fireChannelRead(ByteToMessageDecoder.java:323)
	io.netty.handler.codec.ByteToMessageDecoder.fireChannelRead(ByteToMessageDecoder.java:310)
	io.netty.handler.codec.ByteToMessageDecoder.callDecode(ByteToMessageDecoder.java:426)
	io.netty.handler.codec.ByteToMessageDecoder.channelRead(ByteToMessageDecoder.java:278)
	io.netty.channel.CombinedChannelDuplexHandler.channelRead(CombinedChannelDuplexHandler.java:253)
	io.netty.channel.AbstractChannelHandlerContext.invokeChannelRead(AbstractChannelHandlerContext.java:374)
	io.netty.channel.AbstractChannelHandlerContext.invokeChannelRead(AbstractChannelHandlerContext.java:360)
	io.netty.channel.AbstractChannelHandlerContext.fireChannelRead(AbstractChannelHandlerContext.java:352)
	io.netty.channel.DefaultChannelPipeline$HeadContext.channelRead(DefaultChannelPipeline.java:1408)
	io.netty.channel.AbstractChannelHandlerContext.invokeChannelRead(AbstractChannelHandlerContext.java:374)
	io.netty.channel.AbstractChannelHandlerContext.invokeChannelRead(AbstractChannelHandlerContext.java:360)
	io.netty.channel.DefaultChannelPipeline.fireChannelRead(DefaultChannelPipeline.java:930)
	io.netty.channel.nio.AbstractNioByteChannel$NioByteUnsafe.read(AbstractNioByteChannel.java:163)
	io.netty.channel.nio.NioEventLoop.processSelectedKey(NioEventLoop.java:682)
	io.netty.channel.nio.NioEventLoop.processSelectedKeysOptimized(NioEventLoop.java:617)
	io.netty.channel.nio.NioEventLoop.processSelectedKeys(NioEventLoop.java:534)
	io.netty.channel.nio.NioEventLoop.run(NioEventLoop.java:496)
	io.netty.util.concurrent.SingleThreadEventExecutor$5.run(SingleThreadEventExecutor.java:906)
	io.netty.util.internal.ThreadExecutorMap$2.run(ThreadExecutorMap.java:74)
	io.netty.util.concurrent.FastThreadLocalRunnable.run(FastThreadLocalRunnable.java:30)
	java.lang.Thread.run(Thread.java:748)
#6:
	Hint: 'reactor.left.decompressor' will handle the message from this point.
	io.netty.handler.codec.http.DefaultHttpContent.touch(DefaultHttpContent.java:88)
	io.netty.handler.codec.http.DefaultHttpContent.touch(DefaultHttpContent.java:24)
	io.netty.channel.DefaultChannelPipeline.touch(DefaultChannelPipeline.java:116)
	io.netty.channel.AbstractChannelHandlerContext.invokeChannelRead(AbstractChannelHandlerContext.java:357)
	io.netty.channel.AbstractChannelHandlerContext.fireChannelRead(AbstractChannelHandlerContext.java:352)
	io.netty.channel.CombinedChannelDuplexHandler$DelegatingChannelHandlerContext.fireChannelRead(CombinedChannelDuplexHandler.java:438)
	io.netty.handler.codec.ByteToMessageDecoder.fireChannelRead(ByteToMessageDecoder.java:323)
	io.netty.handler.codec.ByteToMessageDecoder.fireChannelRead(ByteToMessageDecoder.java:310)
	io.netty.handler.codec.ByteToMessageDecoder.callDecode(ByteToMessageDecoder.java:426)
	io.netty.handler.codec.ByteToMessageDecoder.channelRead(ByteToMessageDecoder.java:278)
	io.netty.channel.CombinedChannelDuplexHandler.channelRead(CombinedChannelDuplexHandler.java:253)
	io.netty.channel.AbstractChannelHandlerContext.invokeChannelRead(AbstractChannelHandlerContext.java:374)
	io.netty.channel.AbstractChannelHandlerContext.invokeChannelRead(AbstractChannelHandlerContext.java:360)
	io.netty.channel.AbstractChannelHandlerContext.fireChannelRead(AbstractChannelHandlerContext.java:352)
	io.netty.channel.DefaultChannelPipeline$HeadContext.channelRead(DefaultChannelPipeline.java:1408)
	io.netty.channel.AbstractChannelHandlerContext.invokeChannelRead(AbstractChannelHandlerContext.java:374)
	io.netty.channel.AbstractChannelHandlerContext.invokeChannelRead(AbstractChannelHandlerContext.java:360)
	io.netty.channel.DefaultChannelPipeline.fireChannelRead(DefaultChannelPipeline.java:930)
	io.netty.channel.nio.AbstractNioByteChannel$NioByteUnsafe.read(AbstractNioByteChannel.java:163)
	io.netty.channel.nio.NioEventLoop.processSelectedKey(NioEventLoop.java:682)
	io.netty.channel.nio.NioEventLoop.processSelectedKeysOptimized(NioEventLoop.java:617)
	io.netty.channel.nio.NioEventLoop.processSelectedKeys(NioEventLoop.java:534)
	io.netty.channel.nio.NioEventLoop.run(NioEventLoop.java:496)
	io.netty.util.concurrent.SingleThreadEventExecutor$5.run(SingleThreadEventExecutor.java:906)
	io.netty.util.internal.ThreadExecutorMap$2.run(ThreadExecutorMap.java:74)
	io.netty.util.concurrent.FastThreadLocalRunnable.run(FastThreadLocalRunnable.java:30)
	java.lang.Thread.run(Thread.java:748)
Created at:
	io.netty.buffer.SimpleLeakAwareByteBuf.unwrappedDerived(SimpleLeakAwareByteBuf.java:143)
	io.netty.buffer.SimpleLeakAwareByteBuf.readRetainedSlice(SimpleLeakAwareByteBuf.java:67)
	io.netty.buffer.AdvancedLeakAwareByteBuf.readRetainedSlice(AdvancedLeakAwareByteBuf.java:107)
	io.netty.handler.codec.http.HttpObjectDecoder.decode(HttpObjectDecoder.java:336)
	io.netty.handler.codec.http.HttpClientCodec$Decoder.decode(HttpClientCodec.java:202)
	io.netty.handler.codec.ByteToMessageDecoder.decodeRemovalReentryProtection(ByteToMessageDecoder.java:502)
	io.netty.handler.codec.ByteToMessageDecoder.callDecode(ByteToMessageDecoder.java:441)
	io.netty.handler.codec.ByteToMessageDecoder.channelRead(ByteToMessageDecoder.java:278)
	io.netty.channel.CombinedChannelDuplexHandler.channelRead(CombinedChannelDuplexHandler.java:253)
	io.netty.channel.AbstractChannelHandlerContext.invokeChannelRead(AbstractChannelHandlerContext.java:374)
	io.netty.channel.AbstractChannelHandlerContext.invokeChannelRead(AbstractChannelHandlerContext.java:360)
	io.netty.channel.AbstractChannelHandlerContext.fireChannelRead(AbstractChannelHandlerContext.java:352)
	io.netty.channel.DefaultChannelPipeline$HeadContext.channelRead(DefaultChannelPipeline.java:1408)
	io.netty.channel.AbstractChannelHandlerContext.invokeChannelRead(AbstractChannelHandlerContext.java:374)
	io.netty.channel.AbstractChannelHandlerContext.invokeChannelRead(AbstractChannelHandlerContext.java:360)
	io.netty.channel.DefaultChannelPipeline.fireChannelRead(DefaultChannelPipeline.java:930)
	io.netty.channel.nio.AbstractNioByteChannel$NioByteUnsafe.read(AbstractNioByteChannel.java:163)
	io.netty.channel.nio.NioEventLoop.processSelectedKey(NioEventLoop.java:682)
	io.netty.channel.nio.NioEventLoop.processSelectedKeysOptimized(NioEventLoop.java:617)
	io.netty.channel.nio.NioEventLoop.processSelectedKeys(NioEventLoop.java:534)
	io.netty.channel.nio.NioEventLoop.run(NioEventLoop.java:496)
	io.netty.util.concurrent.SingleThreadEventExecutor$5.run(SingleThreadEventExecutor.java:906)
	io.netty.util.internal.ThreadExecutorMap$2.run(ThreadExecutorMap.java:74)
	io.netty.util.concurrent.FastThreadLocalRunnable.run(FastThreadLocalRunnable.java:30)
	java.lang.Thread.run(Thread.java:748)
: 10 leak records were discarded because they were duplicates
: 43191 leak records were discarded because the leak record count is targeted to 4. Use system property io.netty.leakDetection.targetRecords to increase the limit.
19:49:10.896 [reactor-http-nio-4] ERROR i.n.u.ResourceLeakDetector - LEAK: ByteBuf.release() was not called before it's garbage-collected. See http://netty.io/wiki/reference-counted-objects.html for more information.
Recent access records: 
Created at:
	io.netty.buffer.SimpleLeakAwareByteBuf.unwrappedDerived(SimpleLeakAwareByteBuf.java:143)
	io.netty.buffer.SimpleLeakAwareByteBuf.retainedSlice(SimpleLeakAwareByteBuf.java:57)
	io.netty.buffer.AdvancedLeakAwareByteBuf.retainedSlice(AdvancedLeakAwareByteBuf.java:95)
	org.springframework.core.io.buffer.NettyDataBuffer.retainedSlice(NettyDataBuffer.java:267)
	org.springframework.core.io.buffer.NettyDataBuffer.retainedSlice(NettyDataBuffer.java:43)
	org.springframework.core.io.buffer.DataBufferUtils.endFrameAfterDelimiter(DataBufferUtils.java:645)
	org.springframework.core.io.buffer.DataBufferUtils.lambda$split$18(DataBufferUtils.java:603)
	reactor.core.publisher.FluxFlatMap$FlatMapMain.onNext(FluxFlatMap.java:350)
	reactor.core.publisher.FluxMap$MapSubscriber.onNext(FluxMap.java:114)
	reactor.core.publisher.FluxPeek$PeekSubscriber.onNext(FluxPeek.java:192)
	reactor.core.publisher.FluxPeek$PeekSubscriber.onNext(FluxPeek.java:192)
	reactor.core.publisher.FluxMap$MapSubscriber.onNext(FluxMap.java:114)
	reactor.netty.channel.FluxReceive.drainReceiver(FluxReceive.java:206)
	reactor.netty.channel.FluxReceive.onInboundNext(FluxReceive.java:322)
	reactor.netty.channel.ChannelOperations.onInboundNext(ChannelOperations.java:335)
	reactor.netty.http.client.HttpClientOperations.onInboundNext(HttpClientOperations.java:571)
	reactor.netty.channel.ChannelOperationsHandler.channelRead(ChannelOperationsHandler.java:91)
	io.netty.channel.AbstractChannelHandlerContext.invokeChannelRead(AbstractChannelHandlerContext.java:374)
	io.netty.channel.AbstractChannelHandlerContext.invokeChannelRead(AbstractChannelHandlerContext.java:360)
	io.netty.channel.AbstractChannelHandlerContext.fireChannelRead(AbstractChannelHandlerContext.java:352)
	io.netty.handler.codec.MessageToMessageDecoder.channelRead(MessageToMessageDecoder.java:102)
	io.netty.channel.AbstractChannelHandlerContext.invokeChannelRead(AbstractChannelHandlerContext.java:374)
	io.netty.channel.AbstractChannelHandlerContext.invokeChannelRead(AbstractChannelHandlerContext.java:360)
	io.netty.channel.AbstractChannelHandlerContext.fireChannelRead(AbstractChannelHandlerContext.java:352)
	io.netty.channel.CombinedChannelDuplexHandler$DelegatingChannelHandlerContext.fireChannelRead(CombinedChannelDuplexHandler.java:438)
	io.netty.handler.codec.ByteToMessageDecoder.fireChannelRead(ByteToMessageDecoder.java:323)
	io.netty.handler.codec.ByteToMessageDecoder.fireChannelRead(ByteToMessageDecoder.java:310)
	io.netty.handler.codec.ByteToMessageDecoder.callDecode(ByteToMessageDecoder.java:426)
	io.netty.handler.codec.ByteToMessageDecoder.channelRead(ByteToMessageDecoder.java:278)
	io.netty.channel.CombinedChannelDuplexHandler.channelRead(CombinedChannelDuplexHandler.java:253)
	io.netty.channel.AbstractChannelHandlerContext.invokeChannelRead(AbstractChannelHandlerContext.java:374)
	io.netty.channel.AbstractChannelHandlerContext.invokeChannelRead(AbstractChannelHandlerContext.java:360)
	io.netty.channel.AbstractChannelHandlerContext.fireChannelRead(AbstractChannelHandlerContext.java:352)
	io.netty.channel.DefaultChannelPipeline$HeadContext.channelRead(DefaultChannelPipeline.java:1408)
	io.netty.channel.AbstractChannelHandlerContext.invokeChannelRead(AbstractChannelHandlerContext.java:374)
	io.netty.channel.AbstractChannelHandlerContext.invokeChannelRead(AbstractChannelHandlerContext.java:360)
	io.netty.channel.DefaultChannelPipeline.fireChannelRead(DefaultChannelPipeline.java:930)
	io.netty.channel.nio.AbstractNioByteChannel$NioByteUnsafe.read(AbstractNioByteChannel.java:163)
	io.netty.channel.nio.NioEventLoop.processSelectedKey(NioEventLoop.java:682)
	io.netty.channel.nio.NioEventLoop.processSelectedKeysOptimized(NioEventLoop.java:617)
	io.netty.channel.nio.NioEventLoop.processSelectedKeys(NioEventLoop.java:534)
	io.netty.channel.nio.NioEventLoop.run(NioEventLoop.java:496)
	io.netty.util.concurrent.SingleThreadEventExecutor$5.run(SingleThreadEventExecutor.java:906)
	io.netty.util.internal.ThreadExecutorMap$2.run(ThreadExecutorMap.java:74)
	io.netty.util.concurrent.FastThreadLocalRunnable.run(FastThreadLocalRunnable.java:30)
	java.lang.Thread.run(Thread.java:748)
19:49:10.897 [reactor-http-nio-4] DEBUG o.s.c.c.StringDecoder - [76ce4ace] Decoded "data0"
19:49:10.934 [reactor-http-nio-4] DEBUG o.s.c.c.StringDecoder - [76ce4ace] Decoded "data1"
19:49:10.934 [reactor-http-nio-4] DEBUG o.s.w.r.f.c.ExchangeFunctions - [76ce4ace] Cancel signal (to close connection)
19:49:10.934 [Test worker] DEBUG o.s.h.s.r.b.TomcatHttpServer - Stopping TomcatHttpServer...
19:49:12.983 [Test worker] DEBUG o.s.h.s.r.b.TomcatHttpServer - Server stopped (0 millis).
19:49:12.984 [Test worker] DEBUG o.s.h.s.r.b.TomcatHttpServer - Starting TomcatHttpServer...
19:49:12.991 [Test worker] DEBUG o.s.h.s.r.b.TomcatHttpServer - Server started on port 51941(0 millis).
19:49:12.991 [Test worker] DEBUG o.s.w.r.f.c.ExchangeFunctions - [635bbd57] HTTP GET http://localhost:51941/write-and-complete
19:49:12.995 [reactor-http-nio-4] DEBUG o.s.w.r.f.c.ExchangeFunctions - [635bbd57] Response 200 OK
19:49:13.009 [reactor-http-nio-4] DEBUG o.s.c.c.StringDecoder - [635bbd57] Decoded "012345678901234567890123456789012345678901234567890123456789012345678901234567890123456789012345678 (truncated)...
19:49:13.009 [Test worker] DEBUG o.s.h.s.r.b.TomcatHttpServer - Stopping TomcatHttpServer...
19:49:13.022 [Test worker] DEBUG o.s.h.s.r.b.TomcatHttpServer - Server stopped (0 millis).
19:49:13.022 [Test worker] DEBUG o.s.h.s.r.b.UndertowHttpServer - Starting UndertowHttpServer...
19:49:13.024 [Test worker] DEBUG o.s.h.s.r.b.UndertowHttpServer - Server started on port 51944(0 millis).
19:49:13.025 [Test worker] DEBUG o.s.w.r.f.c.ExchangeFunctions - [7988c128] HTTP GET http://localhost:51944/write-and-never-complete
19:49:13.028 [reactor-http-nio-4] DEBUG o.s.w.r.f.c.ExchangeFunctions - [7988c128] Response 200 OK
19:49:13.048 [reactor-http-nio-4] DEBUG o.s.c.c.StringDecoder - [7988c128] Decoded "012345678901234567890123456789012345678901234567890123456789012345678901234567890123456789012345678 (truncated)...
19:49:13.048 [reactor-http-nio-4] DEBUG o.s.w.r.f.c.ExchangeFunctions - [7988c128] Cancel signal (to close connection)
19:49:13.053 [Test worker] DEBUG o.s.h.s.r.b.UndertowHttpServer - Stopping UndertowHttpServer...
19:49:13.056 [Test worker] DEBUG o.s.h.s.r.b.UndertowHttpServer - Server stopped (0 millis).
19:49:13.056 [Test worker] DEBUG o.s.h.s.r.b.UndertowHttpServer - Starting UndertowHttpServer...
19:49:13.059 [Test worker] DEBUG o.s.h.s.r.b.UndertowHttpServer - Server started on port 51946(0 millis).
19:49:13.060 [Test worker] DEBUG o.s.w.r.f.c.ExchangeFunctions - [470ea541] HTTP GET http://localhost:51946/write-and-flush
19:49:13.117 [reactor-http-nio-4] DEBUG o.s.w.r.f.c.ExchangeFunctions - [470ea541] Response 200 OK
19:49:13.117 [reactor-http-nio-4] DEBUG o.s.c.c.StringDecoder - [470ea541] Decoded "data0"
19:49:13.168 [reactor-http-nio-4] DEBUG o.s.c.c.StringDecoder - [470ea541] Decoded "data1"
19:49:13.168 [reactor-http-nio-4] DEBUG o.s.w.r.f.c.ExchangeFunctions - [470ea541] Cancel signal (to close connection)
19:49:13.168 [Test worker] DEBUG o.s.h.s.r.b.UndertowHttpServer - Stopping UndertowHttpServer...
19:49:13.169 [Test worker] DEBUG o.s.h.s.r.b.UndertowHttpServer - Server stopped (0 millis).
19:49:13.169 [Test worker] DEBUG o.s.h.s.r.b.UndertowHttpServer - Starting UndertowHttpServer...
19:49:13.171 [Test worker] DEBUG o.s.h.s.r.b.UndertowHttpServer - Server started on port 51948(0 millis).
19:49:13.171 [Test worker] DEBUG o.s.w.r.f.c.ExchangeFunctions - [f5e17c1] HTTP GET http://localhost:51948/write-and-complete
19:49:13.175 [reactor-http-nio-4] DEBUG o.s.w.r.f.c.ExchangeFunctions - [f5e17c1] Response 200 OK
19:49:13.187 [reactor-http-nio-4] DEBUG o.s.c.c.StringDecoder - [f5e17c1] Decoded "012345678901234567890123456789012345678901234567890123456789012345678901234567890123456789012345678 (truncated)...
19:49:13.187 [Test worker] DEBUG o.s.h.s.r.b.UndertowHttpServer - Stopping UndertowHttpServer...
19:49:13.188 [Test worker] DEBUG o.s.h.s.r.b.UndertowHttpServer - Server stopped (0 millis).
]]></system-out>
  <system-err><![CDATA[六月 21, 2019 7:49:08 下午 org.apache.catalina.core.StandardService startInternal
信息: Starting service [Tomcat]
六月 21, 2019 7:49:08 下午 org.apache.catalina.core.StandardEngine startInternal
信息: Starting Servlet engine: [Apache Tomcat/9.0.21]
六月 21, 2019 7:49:08 下午 org.apache.coyote.AbstractProtocol init
信息: Initializing ProtocolHandler ["http-nio-auto-164"]
六月 21, 2019 7:49:08 下午 org.apache.coyote.AbstractProtocol start
信息: Starting ProtocolHandler ["http-nio-auto-164-51935"]
六月 21, 2019 7:49:08 下午 org.apache.coyote.AbstractProtocol pause
信息: Pausing ProtocolHandler ["http-nio-auto-164-51935"]
六月 21, 2019 7:49:08 下午 org.apache.catalina.core.StandardService stopInternal
信息: Stopping service [Tomcat]
六月 21, 2019 7:49:10 下午 org.apache.coyote.AbstractProtocol stop
信息: Stopping ProtocolHandler ["http-nio-auto-164-51935"]
六月 21, 2019 7:49:10 下午 org.apache.coyote.AbstractProtocol destroy
信息: Destroying ProtocolHandler ["http-nio-auto-164-51935"]
六月 21, 2019 7:49:10 下午 org.apache.catalina.core.StandardService startInternal
信息: Starting service [Tomcat]
六月 21, 2019 7:49:10 下午 org.apache.catalina.core.StandardEngine startInternal
信息: Starting Servlet engine: [Apache Tomcat/9.0.21]
六月 21, 2019 7:49:10 下午 org.apache.coyote.AbstractProtocol init
信息: Initializing ProtocolHandler ["http-nio-auto-165"]
六月 21, 2019 7:49:10 下午 org.apache.coyote.AbstractProtocol start
信息: Starting ProtocolHandler ["http-nio-auto-165-51938"]
六月 21, 2019 7:49:10 下午 org.apache.coyote.AbstractProtocol pause
信息: Pausing ProtocolHandler ["http-nio-auto-165-51938"]
六月 21, 2019 7:49:10 下午 org.apache.catalina.core.StandardService stopInternal
信息: Stopping service [Tomcat]
六月 21, 2019 7:49:12 下午 org.apache.coyote.AbstractProtocol stop
信息: Stopping ProtocolHandler ["http-nio-auto-165-51938"]
六月 21, 2019 7:49:12 下午 org.apache.coyote.AbstractProtocol destroy
信息: Destroying ProtocolHandler ["http-nio-auto-165-51938"]
六月 21, 2019 7:49:12 下午 org.apache.catalina.core.StandardService startInternal
信息: Starting service [Tomcat]
六月 21, 2019 7:49:12 下午 org.apache.catalina.core.StandardEngine startInternal
信息: Starting Servlet engine: [Apache Tomcat/9.0.21]
六月 21, 2019 7:49:12 下午 org.apache.coyote.AbstractProtocol init
信息: Initializing ProtocolHandler ["http-nio-auto-166"]
六月 21, 2019 7:49:12 下午 org.apache.coyote.AbstractProtocol start
信息: Starting ProtocolHandler ["http-nio-auto-166-51941"]
六月 21, 2019 7:49:13 下午 org.apache.coyote.AbstractProtocol pause
信息: Pausing ProtocolHandler ["http-nio-auto-166-51941"]
六月 21, 2019 7:49:13 下午 org.apache.catalina.core.StandardService stopInternal
信息: Stopping service [Tomcat]
六月 21, 2019 7:49:13 下午 org.apache.coyote.AbstractProtocol stop
信息: Stopping ProtocolHandler ["http-nio-auto-166-51941"]
六月 21, 2019 7:49:13 下午 org.apache.coyote.AbstractProtocol destroy
信息: Destroying ProtocolHandler ["http-nio-auto-166-51941"]
]]></system-err>
</testsuite>
