<?xml version="1.0" encoding="UTF-8"?>
<testsuite name="org.springframework.web.reactive.result.method.annotation.RequestHeaderMapMethodArgumentResolverTests" tests="4" skipped="0" failures="0" errors="0" timestamp="2019-06-21T11:48:02" hostname="Macbook-Air.local" time="0.007">
  <properties/>
  <testcase name="resolveMapArgument" classname="org.springframework.web.reactive.result.method.annotation.RequestHeaderMapMethodArgumentResolverTests" time="0.001"/>
  <testcase name="resolveHttpHeadersArgument" classname="org.springframework.web.reactive.result.method.annotation.RequestHeaderMapMethodArgumentResolverTests" time="0.0"/>
  <testcase name="resolveMultiValueMapArgument" classname="org.springframework.web.reactive.result.method.annotation.RequestHeaderMapMethodArgumentResolverTests" time="0.002"/>
  <testcase name="supportsParameter" classname="org.springframework.web.reactive.result.method.annotation.RequestHeaderMapMethodArgumentResolverTests" time="0.004"/>
  <system-out><![CDATA[]]></system-out>
  <system-err><![CDATA[]]></system-err>
</testsuite>
