<?xml version="1.0" encoding="UTF-8"?>
<testsuite name="org.springframework.web.reactive.config.ResourceHandlerRegistryTests" tests="9" skipped="0" failures="0" errors="0" timestamp="2020-11-25T14:43:21" hostname="lichangbaodeMacBook-Pro.local" time="0.151">
  <properties/>
  <testcase name="resourceChainWithVersionResolver" classname="org.springframework.web.reactive.config.ResourceHandlerRegistryTests" time="0.023"/>
  <testcase name="cacheControl" classname="org.springframework.web.reactive.config.ResourceHandlerRegistryTests" time="0.001"/>
  <testcase name="hasMappingForPattern" classname="org.springframework.web.reactive.config.ResourceHandlerRegistryTests" time="0.0"/>
  <testcase name="noResourceHandlers" classname="org.springframework.web.reactive.config.ResourceHandlerRegistryTests" time="0.0"/>
  <testcase name="mapPathToLocation" classname="org.springframework.web.reactive.config.ResourceHandlerRegistryTests" time="0.003"/>
  <testcase name="resourceChainWithOverrides" classname="org.springframework.web.reactive.config.ResourceHandlerRegistryTests" time="0.082"/>
  <testcase name="order" classname="org.springframework.web.reactive.config.ResourceHandlerRegistryTests" time="0.0"/>
  <testcase name="resourceChainWithoutCaching" classname="org.springframework.web.reactive.config.ResourceHandlerRegistryTests" time="0.001"/>
  <testcase name="resourceChain" classname="org.springframework.web.reactive.config.ResourceHandlerRegistryTests" time="0.041"/>
  <system-out><![CDATA[22:43:21.127 [Test worker] DEBUG o.s.c.c.ResourceEncoder - [331bf235] Writing [class path resource [org/springframework/web/reactive/config/testStylesheet.css]]
]]></system-out>
  <system-err><![CDATA[]]></system-err>
</testsuite>
