<?xml version="1.0" encoding="UTF-8"?>
<testsuite name="org.springframework.web.reactive.function.server.RenderingResponseIntegrationTests" tests="8" skipped="0" failures="0" errors="0" timestamp="2020-11-25T14:43:24" hostname="lichangbaodeMacBook-Pro.local" time="0.481">
  <properties/>
  <testcase name="filter[server [org.springframework.http.server.reactive.bootstrap.JettyHttpServer@5fef314a]]" classname="org.springframework.web.reactive.function.server.RenderingResponseIntegrationTests" time="0.028"/>
  <testcase name="normal[server [org.springframework.http.server.reactive.bootstrap.JettyHttpServer@5fef314a]]" classname="org.springframework.web.reactive.function.server.RenderingResponseIntegrationTests" time="0.025"/>
  <testcase name="filter[server [org.springframework.http.server.reactive.bootstrap.ReactorHttpServer@e88a31a]]" classname="org.springframework.web.reactive.function.server.RenderingResponseIntegrationTests" time="0.022"/>
  <testcase name="normal[server [org.springframework.http.server.reactive.bootstrap.ReactorHttpServer@e88a31a]]" classname="org.springframework.web.reactive.function.server.RenderingResponseIntegrationTests" time="0.021"/>
  <testcase name="filter[server [org.springframework.http.server.reactive.bootstrap.TomcatHttpServer@53af1c9c]]" classname="org.springframework.web.reactive.function.server.RenderingResponseIntegrationTests" time="0.294"/>
  <testcase name="normal[server [org.springframework.http.server.reactive.bootstrap.TomcatHttpServer@53af1c9c]]" classname="org.springframework.web.reactive.function.server.RenderingResponseIntegrationTests" time="0.037"/>
  <testcase name="filter[server [org.springframework.http.server.reactive.bootstrap.UndertowHttpServer@53839bf8]]" classname="org.springframework.web.reactive.function.server.RenderingResponseIntegrationTests" time="0.029"/>
  <testcase name="normal[server [org.springframework.http.server.reactive.bootstrap.UndertowHttpServer@53839bf8]]" classname="org.springframework.web.reactive.function.server.RenderingResponseIntegrationTests" time="0.025"/>
  <system-out><![CDATA[22:43:24.215 [Test worker] DEBUG o.s.w.s.a.HttpWebHandlerAdapter - enableLoggingRequestDetails='false': form data and headers will be masked to prevent unsafe logging of potentially sensitive data
22:43:24.215 [Test worker] WARN  o.e.j.s.h.ContextHandler - Empty contextPath
22:43:24.215 [Test worker] INFO  o.e.j.s.h.ContextHandler - Started o.e.j.s.ServletContextHandler@15bf56e5{/,null,AVAILABLE}
22:43:24.215 [Test worker] DEBUG o.s.h.s.r.b.JettyHttpServer - Starting JettyHttpServer...
22:43:24.216 [Test worker] INFO  o.e.j.s.Server - jetty-9.4.18.v20190429; built: 2019-04-29T20:42:08.989Z; git: e1bc35120a6617ee3df052294e433f3a25ce7097; jvm 1.8.0_211-b12
22:43:24.217 [Test worker] INFO  o.e.j.s.AbstractConnector - Started ServerConnector@6bc634a7{HTTP/1.1,[http/1.1]}{0.0.0.0:54907}
22:43:24.217 [Test worker] INFO  o.e.j.s.Server - Started @76644ms
22:43:24.217 [Test worker] DEBUG o.s.h.s.r.b.JettyHttpServer - Server started on port 54907(0 millis).
22:43:24.218 [Test worker] DEBUG o.s.w.c.RestTemplate - HTTP GET http://localhost:54907/filter
22:43:24.218 [Test worker] DEBUG o.s.w.c.RestTemplate - Accept=[text/plain, application/json, application/x-jackson-smile, application/*+json, */*]
22:43:24.219 [qtp430265421-5990] DEBUG o.s.w.s.a.HttpWebHandlerAdapter - [1cd1a4b9] HTTP GET "/filter"
22:43:24.220 [qtp430265421-5990] DEBUG o.s.w.s.a.HttpWebHandlerAdapter - [1cd1a4b9] Completed 200 OK
22:43:24.220 [Test worker] DEBUG o.s.w.c.RestTemplate - Response 200 OK
22:43:24.220 [Test worker] DEBUG o.s.w.c.RestTemplate - Reading to [java.lang.String] as "text/plain"
22:43:24.220 [Test worker] DEBUG o.s.h.s.r.b.JettyHttpServer - Stopping JettyHttpServer...
22:43:24.221 [Test worker] INFO  o.e.j.s.h.ContextHandler - Stopped o.e.j.s.ServletContextHandler@15bf56e5{/,null,UNAVAILABLE}
22:43:24.222 [Test worker] INFO  o.e.j.s.AbstractConnector - Stopped ServerConnector@6bc634a7{HTTP/1.1,[http/1.1]}{0.0.0.0:0}
22:43:24.222 [Test worker] DEBUG o.s.h.s.r.b.JettyHttpServer - Server stopped (0 millis).
22:43:24.243 [Test worker] DEBUG o.s.w.s.a.HttpWebHandlerAdapter - enableLoggingRequestDetails='false': form data and headers will be masked to prevent unsafe logging of potentially sensitive data
22:43:24.243 [Test worker] WARN  o.e.j.s.h.ContextHandler - Empty contextPath
22:43:24.243 [Test worker] INFO  o.e.j.s.h.ContextHandler - Started o.e.j.s.ServletContextHandler@5220edb4{/,null,AVAILABLE}
22:43:24.243 [Test worker] DEBUG o.s.h.s.r.b.JettyHttpServer - Starting JettyHttpServer...
22:43:24.243 [Test worker] INFO  o.e.j.s.Server - jetty-9.4.18.v20190429; built: 2019-04-29T20:42:08.989Z; git: e1bc35120a6617ee3df052294e433f3a25ce7097; jvm 1.8.0_211-b12
22:43:24.244 [Test worker] INFO  o.e.j.s.AbstractConnector - Started ServerConnector@1b987c1c{HTTP/1.1,[http/1.1]}{0.0.0.0:54909}
22:43:24.244 [Test worker] INFO  o.e.j.s.Server - Started @76670ms
22:43:24.244 [Test worker] DEBUG o.s.h.s.r.b.JettyHttpServer - Server started on port 54909(0 millis).
22:43:24.244 [Test worker] DEBUG o.s.w.c.RestTemplate - HTTP GET http://localhost:54909/normal
22:43:24.244 [Test worker] DEBUG o.s.w.c.RestTemplate - Accept=[text/plain, application/json, application/x-jackson-smile, application/*+json, */*]
22:43:24.245 [qtp1741097582-6004] DEBUG o.s.w.s.a.HttpWebHandlerAdapter - [42837104] HTTP GET "/normal"
22:43:24.245 [qtp1741097582-6004] DEBUG o.s.w.s.a.HttpWebHandlerAdapter - [42837104] Completed 200 OK
22:43:24.245 [Test worker] DEBUG o.s.w.c.RestTemplate - Response 200 OK
22:43:24.245 [Test worker] DEBUG o.s.w.c.RestTemplate - Reading to [java.lang.String] as "text/plain"
22:43:24.246 [Test worker] DEBUG o.s.h.s.r.b.JettyHttpServer - Stopping JettyHttpServer...
22:43:24.246 [Test worker] INFO  o.e.j.s.h.ContextHandler - Stopped o.e.j.s.ServletContextHandler@5220edb4{/,null,UNAVAILABLE}
22:43:24.246 [Test worker] INFO  o.e.j.s.AbstractConnector - Stopped ServerConnector@1b987c1c{HTTP/1.1,[http/1.1]}{0.0.0.0:0}
22:43:24.246 [Test worker] DEBUG o.s.h.s.r.b.JettyHttpServer - Server stopped (0 millis).
22:43:24.266 [Test worker] DEBUG o.s.w.s.a.HttpWebHandlerAdapter - enableLoggingRequestDetails='false': form data and headers will be masked to prevent unsafe logging of potentially sensitive data
22:43:24.266 [Test worker] DEBUG o.s.h.s.r.b.ReactorHttpServer - Starting ReactorHttpServer...
22:43:24.267 [Test worker] DEBUG o.s.h.s.r.b.ReactorHttpServer - Server started on port 54914(0 millis).
22:43:24.267 [Test worker] DEBUG o.s.w.c.RestTemplate - HTTP GET http://localhost:54914/filter
22:43:24.267 [Test worker] DEBUG o.s.w.c.RestTemplate - Accept=[text/plain, application/json, application/x-jackson-smile, application/*+json, */*]
22:43:24.268 [reactor-http-nio-4] DEBUG o.s.w.s.a.HttpWebHandlerAdapter - [5102c802] HTTP GET "/filter"
22:43:24.268 [Test worker] DEBUG o.s.w.c.RestTemplate - Response 200 OK
22:43:24.268 [Test worker] DEBUG o.s.w.c.RestTemplate - Reading to [java.lang.String] as "text/plain"
22:43:24.268 [Test worker] DEBUG o.s.h.s.r.b.ReactorHttpServer - Stopping ReactorHttpServer...
22:43:24.269 [Test worker] DEBUG o.s.h.s.r.b.ReactorHttpServer - Server stopped (0 millis).
22:43:24.288 [Test worker] DEBUG o.s.w.s.a.HttpWebHandlerAdapter - enableLoggingRequestDetails='false': form data and headers will be masked to prevent unsafe logging of potentially sensitive data
22:43:24.288 [Test worker] DEBUG o.s.h.s.r.b.ReactorHttpServer - Starting ReactorHttpServer...
22:43:24.289 [Test worker] DEBUG o.s.h.s.r.b.ReactorHttpServer - Server started on port 54916(0 millis).
22:43:24.289 [Test worker] DEBUG o.s.w.c.RestTemplate - HTTP GET http://localhost:54916/normal
22:43:24.289 [Test worker] DEBUG o.s.w.c.RestTemplate - Accept=[text/plain, application/json, application/x-jackson-smile, application/*+json, */*]
22:43:24.289 [reactor-http-nio-6] DEBUG o.s.w.s.a.HttpWebHandlerAdapter - [27c25c97] HTTP GET "/normal"
22:43:24.290 [Test worker] DEBUG o.s.w.c.RestTemplate - Response 200 OK
22:43:24.290 [Test worker] DEBUG o.s.w.c.RestTemplate - Reading to [java.lang.String] as "text/plain"
22:43:24.290 [Test worker] DEBUG o.s.h.s.r.b.ReactorHttpServer - Stopping ReactorHttpServer...
22:43:24.290 [Test worker] DEBUG o.s.h.s.r.b.ReactorHttpServer - Server stopped (0 millis).
22:43:24.309 [Test worker] DEBUG o.s.w.s.a.HttpWebHandlerAdapter - enableLoggingRequestDetails='false': form data and headers will be masked to prevent unsafe logging of potentially sensitive data
22:43:24.310 [Test worker] DEBUG o.s.h.s.r.b.TomcatHttpServer - Starting TomcatHttpServer...
22:43:24.314 [Test worker] DEBUG o.s.h.s.r.b.TomcatHttpServer - Server started on port 54918(0 millis).
22:43:24.314 [Test worker] DEBUG o.s.w.c.RestTemplate - HTTP GET http://localhost:54918/filter
22:43:24.314 [Test worker] DEBUG o.s.w.c.RestTemplate - Accept=[text/plain, application/json, application/x-jackson-smile, application/*+json, */*]
22:43:24.315 [http-nio-auto-129-exec-1] DEBUG o.s.w.s.a.HttpWebHandlerAdapter - [3cc8252c] HTTP GET "/filter"
22:43:24.315 [http-nio-auto-129-exec-1] DEBUG o.s.w.s.a.HttpWebHandlerAdapter - [3cc8252c] Completed 200 OK
22:43:24.315 [Test worker] DEBUG o.s.w.c.RestTemplate - Response 200 OK
22:43:24.315 [Test worker] DEBUG o.s.w.c.RestTemplate - Reading to [java.lang.String] as "text/plain"
22:43:24.316 [Test worker] DEBUG o.s.h.s.r.b.TomcatHttpServer - Stopping TomcatHttpServer...
22:43:24.584 [Test worker] DEBUG o.s.h.s.r.b.TomcatHttpServer - Server stopped (0 millis).
22:43:24.604 [Test worker] DEBUG o.s.w.s.a.HttpWebHandlerAdapter - enableLoggingRequestDetails='false': form data and headers will be masked to prevent unsafe logging of potentially sensitive data
22:43:24.604 [Test worker] DEBUG o.s.h.s.r.b.TomcatHttpServer - Starting TomcatHttpServer...
22:43:24.608 [Test worker] DEBUG o.s.h.s.r.b.TomcatHttpServer - Server started on port 54921(0 millis).
22:43:24.609 [Test worker] DEBUG o.s.w.c.RestTemplate - HTTP GET http://localhost:54921/normal
22:43:24.609 [Test worker] DEBUG o.s.w.c.RestTemplate - Accept=[text/plain, application/json, application/x-jackson-smile, application/*+json, */*]
22:43:24.610 [http-nio-auto-130-exec-1] DEBUG o.s.w.s.a.HttpWebHandlerAdapter - [2f262da] HTTP GET "/normal"
22:43:24.611 [http-nio-auto-130-exec-1] DEBUG o.s.w.s.a.HttpWebHandlerAdapter - [2f262da] Completed 200 OK
22:43:24.611 [Test worker] DEBUG o.s.w.c.RestTemplate - Response 200 OK
22:43:24.611 [Test worker] DEBUG o.s.w.c.RestTemplate - Reading to [java.lang.String] as "text/plain"
22:43:24.611 [Test worker] DEBUG o.s.h.s.r.b.TomcatHttpServer - Stopping TomcatHttpServer...
22:43:24.621 [Test worker] DEBUG o.s.h.s.r.b.TomcatHttpServer - Server stopped (0 millis).
22:43:24.643 [Test worker] DEBUG o.s.w.s.a.HttpWebHandlerAdapter - enableLoggingRequestDetails='false': form data and headers will be masked to prevent unsafe logging of potentially sensitive data
22:43:24.643 [Test worker] DEBUG o.s.h.s.r.b.UndertowHttpServer - Starting UndertowHttpServer...
22:43:24.646 [Test worker] DEBUG o.s.h.s.r.b.UndertowHttpServer - Server started on port 54924(0 millis).
22:43:24.647 [Test worker] DEBUG o.s.w.c.RestTemplate - HTTP GET http://localhost:54924/filter
22:43:24.647 [Test worker] DEBUG o.s.w.c.RestTemplate - Accept=[text/plain, application/json, application/x-jackson-smile, application/*+json, */*]
22:43:24.648 [XNIO-128 I/O-2] DEBUG o.s.w.s.a.HttpWebHandlerAdapter - [da8a28e] HTTP GET "/filter"
22:43:24.648 [XNIO-128 I/O-2] DEBUG o.s.w.s.a.HttpWebHandlerAdapter - [da8a28e] Completed 200 OK
22:43:24.648 [Test worker] DEBUG o.s.w.c.RestTemplate - Response 200 OK
22:43:24.649 [Test worker] DEBUG o.s.w.c.RestTemplate - Reading to [java.lang.String] as "text/plain"
22:43:24.649 [Test worker] DEBUG o.s.h.s.r.b.UndertowHttpServer - Stopping UndertowHttpServer...
22:43:24.649 [Test worker] DEBUG o.s.h.s.r.b.UndertowHttpServer - Server stopped (0 millis).
22:43:24.670 [Test worker] DEBUG o.s.w.s.a.HttpWebHandlerAdapter - enableLoggingRequestDetails='false': form data and headers will be masked to prevent unsafe logging of potentially sensitive data
22:43:24.670 [Test worker] DEBUG o.s.h.s.r.b.UndertowHttpServer - Starting UndertowHttpServer...
22:43:24.671 [Test worker] DEBUG o.s.h.s.r.b.UndertowHttpServer - Server started on port 54926(0 millis).
22:43:24.672 [Test worker] DEBUG o.s.w.c.RestTemplate - HTTP GET http://localhost:54926/normal
22:43:24.672 [Test worker] DEBUG o.s.w.c.RestTemplate - Accept=[text/plain, application/json, application/x-jackson-smile, application/*+json, */*]
22:43:24.672 [XNIO-129 I/O-2] DEBUG o.s.w.s.a.HttpWebHandlerAdapter - [1204d77e] HTTP GET "/normal"
22:43:24.673 [XNIO-129 I/O-2] DEBUG o.s.w.s.a.HttpWebHandlerAdapter - [1204d77e] Completed 200 OK
22:43:24.674 [Test worker] DEBUG o.s.w.c.RestTemplate - Response 200 OK
22:43:24.674 [Test worker] DEBUG o.s.w.c.RestTemplate - Reading to [java.lang.String] as "text/plain"
22:43:24.674 [Test worker] DEBUG o.s.h.s.r.b.UndertowHttpServer - Stopping UndertowHttpServer...
22:43:24.674 [Test worker] DEBUG o.s.h.s.r.b.UndertowHttpServer - Server stopped (0 millis).
]]></system-out>
  <system-err><![CDATA[十一月 25, 2020 10:43:24 下午 org.apache.catalina.core.StandardService startInternal
信息: Starting service [Tomcat]
十一月 25, 2020 10:43:24 下午 org.apache.catalina.core.StandardEngine startInternal
信息: Starting Servlet engine: [Apache Tomcat/9.0.21]
十一月 25, 2020 10:43:24 下午 org.apache.coyote.AbstractProtocol init
信息: Initializing ProtocolHandler ["http-nio-auto-129"]
十一月 25, 2020 10:43:24 下午 org.apache.coyote.AbstractProtocol start
信息: Starting ProtocolHandler ["http-nio-auto-129-54918"]
十一月 25, 2020 10:43:24 下午 org.apache.coyote.AbstractProtocol pause
信息: Pausing ProtocolHandler ["http-nio-auto-129-54918"]
十一月 25, 2020 10:43:24 下午 org.apache.catalina.core.StandardService stopInternal
信息: Stopping service [Tomcat]
十一月 25, 2020 10:43:24 下午 org.apache.coyote.AbstractProtocol stop
信息: Stopping ProtocolHandler ["http-nio-auto-129-54918"]
十一月 25, 2020 10:43:24 下午 org.apache.coyote.AbstractProtocol destroy
信息: Destroying ProtocolHandler ["http-nio-auto-129-54918"]
十一月 25, 2020 10:43:24 下午 org.apache.catalina.core.StandardService startInternal
信息: Starting service [Tomcat]
十一月 25, 2020 10:43:24 下午 org.apache.catalina.core.StandardEngine startInternal
信息: Starting Servlet engine: [Apache Tomcat/9.0.21]
十一月 25, 2020 10:43:24 下午 org.apache.coyote.AbstractProtocol init
信息: Initializing ProtocolHandler ["http-nio-auto-130"]
十一月 25, 2020 10:43:24 下午 org.apache.coyote.AbstractProtocol start
信息: Starting ProtocolHandler ["http-nio-auto-130-54921"]
十一月 25, 2020 10:43:24 下午 org.apache.coyote.AbstractProtocol pause
信息: Pausing ProtocolHandler ["http-nio-auto-130-54921"]
十一月 25, 2020 10:43:24 下午 org.apache.catalina.core.StandardService stopInternal
信息: Stopping service [Tomcat]
十一月 25, 2020 10:43:24 下午 org.apache.coyote.AbstractProtocol stop
信息: Stopping ProtocolHandler ["http-nio-auto-130-54921"]
十一月 25, 2020 10:43:24 下午 org.apache.coyote.AbstractProtocol destroy
信息: Destroying ProtocolHandler ["http-nio-auto-130-54921"]
]]></system-err>
</testsuite>
