<?xml version="1.0" encoding="UTF-8"?>
<testsuite name="org.springframework.web.reactive.DispatcherHandlerTests" tests="1" skipped="0" failures="0" errors="0" timestamp="2019-06-21T11:49:04" hostname="Macbook-Air.local" time="0.034">
  <properties/>
  <testcase name="handlerMappingOrder" classname="org.springframework.web.reactive.DispatcherHandlerTests" time="0.034"/>
  <system-out><![CDATA[]]></system-out>
  <system-err><![CDATA[]]></system-err>
</testsuite>
