<?xml version="1.0" encoding="UTF-8"?>
<testsuite name="org.springframework.web.reactive.function.client.ClientResponseExtensionsTests" tests="9" skipped="0" failures="0" errors="0" timestamp="2019-06-21T11:49:28" hostname="Macbook-Air.local" time="0.176">
  <properties/>
  <testcase name="bodyToMono with reified type parameters" classname="org.springframework.web.reactive.function.client.ClientResponseExtensionsTests" time="0.053"/>
  <testcase name="bodyToFlow with reified type parameters" classname="org.springframework.web.reactive.function.client.ClientResponseExtensionsTests" time="0.013"/>
  <testcase name="awaitEntityList" classname="org.springframework.web.reactive.function.client.ClientResponseExtensionsTests" time="0.02"/>
  <testcase name="bodyToFlux with reified type parameters" classname="org.springframework.web.reactive.function.client.ClientResponseExtensionsTests" time="0.013"/>
  <testcase name="awaitEntity" classname="org.springframework.web.reactive.function.client.ClientResponseExtensionsTests" time="0.017"/>
  <testcase name="awaitBody" classname="org.springframework.web.reactive.function.client.ClientResponseExtensionsTests" time="0.016"/>
  <testcase name="ResponseSpec#toEntityList with reified type parameters" classname="org.springframework.web.reactive.function.client.ClientResponseExtensionsTests" time="0.013"/>
  <testcase name="toEntity with reified type parameters" classname="org.springframework.web.reactive.function.client.ClientResponseExtensionsTests" time="0.013"/>
  <testcase name="awaitBodyOrNull" classname="org.springframework.web.reactive.function.client.ClientResponseExtensionsTests" time="0.016"/>
  <system-out><![CDATA[]]></system-out>
  <system-err><![CDATA[]]></system-err>
</testsuite>
