<?xml version="1.0" encoding="UTF-8"?>
<testsuite name="org.springframework.web.reactive.function.server.PathResourceLookupFunctionTests" tests="4" skipped="0" failures="0" errors="0" timestamp="2020-11-25T14:43:24" hostname="lichangbaodeMacBook-Pro.local" time="0.042">
  <properties/>
  <testcase name="subPath" classname="org.springframework.web.reactive.function.server.PathResourceLookupFunctionTests" time="0.011"/>
  <testcase name="normal" classname="org.springframework.web.reactive.function.server.PathResourceLookupFunctionTests" time="0.011"/>
  <testcase name="composeResourceLookupFunction" classname="org.springframework.web.reactive.function.server.PathResourceLookupFunctionTests" time="0.01"/>
  <testcase name="notFound" classname="org.springframework.web.reactive.function.server.PathResourceLookupFunctionTests" time="0.01"/>
  <system-out><![CDATA[]]></system-out>
  <system-err><![CDATA[]]></system-err>
</testsuite>
