<?xml version="1.0" encoding="UTF-8"?>
<testsuite name="org.springframework.web.reactive.function.server.ToStringVisitorTests" tests="2" skipped="0" failures="0" errors="0" timestamp="2020-11-25T14:43:22" hostname="lichangbaodeMacBook-Pro.local" time="0.006">
  <properties/>
  <testcase name="nested" classname="org.springframework.web.reactive.function.server.ToStringVisitorTests" time="0.003"/>
  <testcase name="predicates" classname="org.springframework.web.reactive.function.server.ToStringVisitorTests" time="0.003"/>
  <system-out><![CDATA[]]></system-out>
  <system-err><![CDATA[]]></system-err>
</testsuite>
