<?xml version="1.0" encoding="UTF-8"?>
<testsuite name="org.springframework.web.reactive.result.view.LocaleContextResolverIntegrationTests" tests="4" skipped="0" failures="0" errors="0" timestamp="2020-11-25T14:42:24" hostname="lichangbaodeMacBook-Pro.local" time="1.082">
  <properties/>
  <testcase name="fixedLocale[server [org.springframework.http.server.reactive.bootstrap.JettyHttpServer@668e57b3]]" classname="org.springframework.web.reactive.result.view.LocaleContextResolverIntegrationTests" time="0.753"/>
  <testcase name="fixedLocale[server [org.springframework.http.server.reactive.bootstrap.ReactorHttpServer@f572efe]]" classname="org.springframework.web.reactive.result.view.LocaleContextResolverIntegrationTests" time="0.1"/>
  <testcase name="fixedLocale[server [org.springframework.http.server.reactive.bootstrap.TomcatHttpServer@a76f9c2]]" classname="org.springframework.web.reactive.result.view.LocaleContextResolverIntegrationTests" time="0.114"/>
  <testcase name="fixedLocale[server [org.springframework.http.server.reactive.bootstrap.UndertowHttpServer@5e274d56]]" classname="org.springframework.web.reactive.result.view.LocaleContextResolverIntegrationTests" time="0.113"/>
  <system-out><![CDATA[22:42:24.729 [Test worker] DEBUG o.s.w.r.r.m.a.RequestMappingHandlerMapping - 1 mappings in 'requestMappingHandlerMapping'
22:42:24.875 [Test worker] INFO  o.h.v.i.u.Version - HV000001: Hibernate Validator 6.0.16.Final
22:42:25.197 [Test worker] DEBUG o.s.w.r.r.m.a.ControllerMethodResolver - ControllerAdvice beans: none
22:42:25.246 [Test worker] DEBUG o.s.w.s.a.HttpWebHandlerAdapter - enableLoggingRequestDetails='false': form data and headers will be masked to prevent unsafe logging of potentially sensitive data
22:42:25.247 [Test worker] WARN  o.e.j.s.h.ContextHandler - Empty contextPath
22:42:25.247 [Test worker] INFO  o.e.j.s.h.ContextHandler - Started o.e.j.s.ServletContextHandler@369c1f9c{/,null,AVAILABLE}
22:42:25.247 [Test worker] DEBUG o.s.h.s.r.b.JettyHttpServer - Starting JettyHttpServer...
22:42:25.247 [Test worker] INFO  o.e.j.s.Server - jetty-9.4.18.v20190429; built: 2019-04-29T20:42:08.989Z; git: e1bc35120a6617ee3df052294e433f3a25ce7097; jvm 1.8.0_211-b12
22:42:25.250 [Test worker] INFO  o.e.j.s.AbstractConnector - Started ServerConnector@56ea73ed{HTTP/1.1,[http/1.1]}{0.0.0.0:53650}
22:42:25.251 [Test worker] INFO  o.e.j.s.Server - Started @17677ms
22:42:25.251 [Test worker] DEBUG o.s.h.s.r.b.JettyHttpServer - Server started on port 53650(0 millis).
22:42:25.289 [Test worker] DEBUG o.s.w.r.f.c.ExchangeFunctions - [125a983b] HTTP GET http://localhost:53650/
22:42:25.326 [qtp284793933-231] DEBUG o.s.w.s.a.HttpWebHandlerAdapter - [57c9710f] HTTP GET "/"
22:42:25.327 [qtp284793933-231] DEBUG o.s.w.r.r.m.a.RequestMappingHandlerMapping - [57c9710f] Mapped to org.springframework.web.reactive.result.view.LocaleContextResolverIntegrationTests$TestController#foo()
22:42:25.330 [qtp284793933-231] DEBUG o.s.w.r.r.v.ViewResolutionResultHandler - Using 'text/html' given [*/*] and supported [text/html]
22:42:25.330 [qtp284793933-231] DEBUG o.s.w.s.a.HttpWebHandlerAdapter - [57c9710f] Completed 200 OK
22:42:25.333 [reactor-http-nio-12] DEBUG o.s.w.r.f.c.ExchangeFunctions - [125a983b] Response 200 OK
22:42:25.336 [Test worker] DEBUG o.s.h.s.r.b.JettyHttpServer - Stopping JettyHttpServer...
22:42:25.336 [Test worker] INFO  o.e.j.s.h.ContextHandler - Stopped o.e.j.s.ServletContextHandler@369c1f9c{/,null,UNAVAILABLE}
22:42:25.338 [Test worker] INFO  o.e.j.s.AbstractConnector - Stopped ServerConnector@56ea73ed{HTTP/1.1,[http/1.1]}{0.0.0.0:0}
22:42:25.338 [Test worker] DEBUG o.s.h.s.r.b.JettyHttpServer - Server stopped (0 millis).
22:42:25.379 [Test worker] DEBUG o.s.w.r.r.m.a.RequestMappingHandlerMapping - 1 mappings in 'requestMappingHandlerMapping'
22:42:25.402 [Test worker] DEBUG o.s.w.r.r.m.a.ControllerMethodResolver - ControllerAdvice beans: none
22:42:25.429 [Test worker] DEBUG o.s.w.s.a.HttpWebHandlerAdapter - enableLoggingRequestDetails='false': form data and headers will be masked to prevent unsafe logging of potentially sensitive data
22:42:25.430 [Test worker] DEBUG o.s.h.s.r.b.ReactorHttpServer - Starting ReactorHttpServer...
22:42:25.431 [Test worker] DEBUG o.s.h.s.r.b.ReactorHttpServer - Server started on port 53652(0 millis).
22:42:25.432 [Test worker] DEBUG o.s.w.r.f.c.ExchangeFunctions - [22ab31f] HTTP GET http://localhost:53652/
22:42:25.435 [reactor-http-nio-2] DEBUG o.s.w.s.a.HttpWebHandlerAdapter - [dc389ed6] HTTP GET "/"
22:42:25.435 [reactor-http-nio-2] DEBUG o.s.w.r.r.m.a.RequestMappingHandlerMapping - [dc389ed6] Mapped to org.springframework.web.reactive.result.view.LocaleContextResolverIntegrationTests$TestController#foo()
22:42:25.437 [reactor-http-nio-2] DEBUG o.s.w.r.r.v.ViewResolutionResultHandler - Using 'text/html' given [*/*] and supported [text/html]
22:42:25.437 [reactor-http-nio-2] DEBUG o.s.w.s.a.HttpWebHandlerAdapter - [dc389ed6] Completed 200 OK
22:42:25.438 [reactor-http-nio-1] DEBUG o.s.w.r.f.c.ExchangeFunctions - [22ab31f] Response 200 OK
22:42:25.438 [Test worker] DEBUG o.s.h.s.r.b.ReactorHttpServer - Stopping ReactorHttpServer...
22:42:25.439 [Test worker] DEBUG o.s.h.s.r.b.ReactorHttpServer - Server stopped (0 millis).
22:42:25.475 [Test worker] DEBUG o.s.w.r.r.m.a.RequestMappingHandlerMapping - 1 mappings in 'requestMappingHandlerMapping'
22:42:25.497 [Test worker] DEBUG o.s.w.r.r.m.a.ControllerMethodResolver - ControllerAdvice beans: none
22:42:25.530 [Test worker] DEBUG o.s.w.s.a.HttpWebHandlerAdapter - enableLoggingRequestDetails='false': form data and headers will be masked to prevent unsafe logging of potentially sensitive data
22:42:25.531 [Test worker] DEBUG o.s.h.s.r.b.TomcatHttpServer - Starting TomcatHttpServer...
22:42:25.538 [Test worker] DEBUG o.s.h.s.r.b.TomcatHttpServer - Server started on port 53654(0 millis).
22:42:25.539 [Test worker] DEBUG o.s.w.r.f.c.ExchangeFunctions - [3f2c3cd2] HTTP GET http://localhost:53654/
22:42:25.544 [http-nio-auto-5-exec-1] DEBUG o.s.w.s.a.HttpWebHandlerAdapter - [267e1995] HTTP GET "/"
22:42:25.544 [http-nio-auto-5-exec-1] DEBUG o.s.w.r.r.m.a.RequestMappingHandlerMapping - [267e1995] Mapped to org.springframework.web.reactive.result.view.LocaleContextResolverIntegrationTests$TestController#foo()
22:42:25.545 [http-nio-auto-5-exec-1] DEBUG o.s.w.r.r.v.ViewResolutionResultHandler - Using 'text/html' given [*/*] and supported [text/html]
22:42:25.545 [http-nio-auto-5-exec-1] DEBUG o.s.w.s.a.HttpWebHandlerAdapter - [267e1995] Completed 200 OK
22:42:25.546 [reactor-http-nio-6] DEBUG o.s.w.r.f.c.ExchangeFunctions - [3f2c3cd2] Response 200 OK
22:42:25.546 [Test worker] DEBUG o.s.h.s.r.b.TomcatHttpServer - Stopping TomcatHttpServer...
22:42:25.553 [Test worker] DEBUG o.s.h.s.r.b.TomcatHttpServer - Server stopped (0 millis).
22:42:25.599 [Test worker] DEBUG o.s.w.r.r.m.a.RequestMappingHandlerMapping - 1 mappings in 'requestMappingHandlerMapping'
22:42:25.625 [Test worker] DEBUG o.s.w.r.r.m.a.ControllerMethodResolver - ControllerAdvice beans: none
22:42:25.655 [Test worker] DEBUG o.s.w.s.a.HttpWebHandlerAdapter - enableLoggingRequestDetails='false': form data and headers will be masked to prevent unsafe logging of potentially sensitive data
22:42:25.655 [Test worker] DEBUG o.s.h.s.r.b.UndertowHttpServer - Starting UndertowHttpServer...
22:42:25.659 [Test worker] DEBUG o.s.h.s.r.b.UndertowHttpServer - Server started on port 53657(0 millis).
22:42:25.660 [Test worker] DEBUG o.s.w.r.f.c.ExchangeFunctions - [5721941c] HTTP GET http://localhost:53657/
22:42:25.664 [XNIO-5 I/O-10] DEBUG o.s.w.s.a.HttpWebHandlerAdapter - [18ed8bd6] HTTP GET "/"
22:42:25.664 [XNIO-5 I/O-10] DEBUG o.s.w.r.r.m.a.RequestMappingHandlerMapping - [18ed8bd6] Mapped to org.springframework.web.reactive.result.view.LocaleContextResolverIntegrationTests$TestController#foo()
22:42:25.665 [XNIO-5 I/O-10] DEBUG o.s.w.r.r.v.ViewResolutionResultHandler - Using 'text/html' given [*/*] and supported [text/html]
22:42:25.665 [XNIO-5 I/O-10] DEBUG o.s.w.s.a.HttpWebHandlerAdapter - [18ed8bd6] Completed 200 OK
22:42:25.665 [reactor-http-nio-10] DEBUG o.s.w.r.f.c.ExchangeFunctions - [5721941c] Response 200 OK
22:42:25.665 [Test worker] DEBUG o.s.h.s.r.b.UndertowHttpServer - Stopping UndertowHttpServer...
22:42:25.666 [Test worker] DEBUG o.s.h.s.r.b.UndertowHttpServer - Server stopped (0 millis).
]]></system-out>
  <system-err><![CDATA[十一月 25, 2020 10:42:25 下午 org.apache.catalina.core.StandardService startInternal
信息: Starting service [Tomcat]
十一月 25, 2020 10:42:25 下午 org.apache.catalina.core.StandardEngine startInternal
信息: Starting Servlet engine: [Apache Tomcat/9.0.21]
十一月 25, 2020 10:42:25 下午 org.apache.coyote.AbstractProtocol init
信息: Initializing ProtocolHandler ["http-nio-auto-5"]
十一月 25, 2020 10:42:25 下午 org.apache.coyote.AbstractProtocol start
信息: Starting ProtocolHandler ["http-nio-auto-5-53654"]
十一月 25, 2020 10:42:25 下午 org.apache.coyote.AbstractProtocol pause
信息: Pausing ProtocolHandler ["http-nio-auto-5-53654"]
十一月 25, 2020 10:42:25 下午 org.apache.catalina.core.StandardService stopInternal
信息: Stopping service [Tomcat]
十一月 25, 2020 10:42:25 下午 org.apache.coyote.AbstractProtocol stop
信息: Stopping ProtocolHandler ["http-nio-auto-5-53654"]
十一月 25, 2020 10:42:25 下午 org.apache.coyote.AbstractProtocol destroy
信息: Destroying ProtocolHandler ["http-nio-auto-5-53654"]
]]></system-err>
</testsuite>
