<?xml version="1.0" encoding="UTF-8"?>
<testsuite name="org.springframework.web.reactive.accept.HeaderContentTypeResolverTests" tests="2" skipped="0" failures="0" errors="0" timestamp="2020-11-25T14:43:21" hostname="lichangbaodeMacBook-Pro.local" time="0.001">
  <properties/>
  <testcase name="resolveMediaTypes" classname="org.springframework.web.reactive.accept.HeaderContentTypeResolverTests" time="0.0"/>
  <testcase name="resolveMediaTypesParseError" classname="org.springframework.web.reactive.accept.HeaderContentTypeResolverTests" time="0.001"/>
  <system-out><![CDATA[]]></system-out>
  <system-err><![CDATA[]]></system-err>
</testsuite>
