<?xml version="1.0" encoding="UTF-8"?>
<testsuite name="org.springframework.web.reactive.function.server.RouterFunctionDslTests" tests="11" skipped="0" failures="0" errors="0" timestamp="2019-06-21T11:49:25" hostname="Macbook-Air.local" time="0.447">
  <properties/>
  <testcase name="accept" classname="org.springframework.web.reactive.function.server.RouterFunctionDslTests" time="0.166"/>
  <testcase name="header" classname="org.springframework.web.reactive.function.server.RouterFunctionDslTests" time="0.03"/>
  <testcase name="method" classname="org.springframework.web.reactive.function.server.RouterFunctionDslTests" time="0.024"/>
  <testcase name="resourceByPath" classname="org.springframework.web.reactive.function.server.RouterFunctionDslTests" time="0.026"/>
  <testcase name="contentType" classname="org.springframework.web.reactive.function.server.RouterFunctionDslTests" time="0.037"/>
  <testcase name="resource" classname="org.springframework.web.reactive.function.server.RouterFunctionDslTests" time="0.028"/>
  <testcase name="path" classname="org.springframework.web.reactive.function.server.RouterFunctionDslTests" time="0.03"/>
  <testcase name="emptyRouter" classname="org.springframework.web.reactive.function.server.RouterFunctionDslTests" time="0.003"/>
  <testcase name="rendering" classname="org.springframework.web.reactive.function.server.RouterFunctionDslTests" time="0.036"/>
  <testcase name="acceptAndPOST" classname="org.springframework.web.reactive.function.server.RouterFunctionDslTests" time="0.027"/>
  <testcase name="noRoute" classname="org.springframework.web.reactive.function.server.RouterFunctionDslTests" time="0.033"/>
  <system-out><![CDATA[]]></system-out>
  <system-err><![CDATA[]]></system-err>
</testsuite>
