<?xml version="1.0" encoding="UTF-8"?>
<testsuite name="org.springframework.web.reactive.function.server.support.DispatcherHandlerIntegrationTests" tests="4" skipped="0" failures="0" errors="0" timestamp="2020-11-25T14:43:23" hostname="lichangbaodeMacBook-Pro.local" time="0.231">
  <properties/>
  <testcase name="nested[server [org.springframework.http.server.reactive.bootstrap.JettyHttpServer@26e2d13a]]" classname="org.springframework.web.reactive.function.server.support.DispatcherHandlerIntegrationTests" time="0.055"/>
  <testcase name="nested[server [org.springframework.http.server.reactive.bootstrap.ReactorHttpServer@4129f9e6]]" classname="org.springframework.web.reactive.function.server.support.DispatcherHandlerIntegrationTests" time="0.049"/>
  <testcase name="nested[server [org.springframework.http.server.reactive.bootstrap.TomcatHttpServer@425f47d6]]" classname="org.springframework.web.reactive.function.server.support.DispatcherHandlerIntegrationTests" time="0.071"/>
  <testcase name="nested[server [org.springframework.http.server.reactive.bootstrap.UndertowHttpServer@cb0785d]]" classname="org.springframework.web.reactive.function.server.support.DispatcherHandlerIntegrationTests" time="0.055"/>
  <system-out><![CDATA[22:43:23.908 [Test worker] DEBUG o.s.w.r.f.s.s.RouterFunctionMapping - 1 RouterFunction(s) in 'routerFunctionMapping'
22:43:23.918 [Test worker] DEBUG o.s.w.r.r.m.a.ControllerMethodResolver - ControllerAdvice beans: none
22:43:23.937 [Test worker] DEBUG o.s.w.s.a.HttpWebHandlerAdapter - enableLoggingRequestDetails='false': form data and headers will be masked to prevent unsafe logging of potentially sensitive data
22:43:23.937 [Test worker] WARN  o.e.j.s.h.ContextHandler - Empty contextPath
22:43:23.937 [Test worker] INFO  o.e.j.s.h.ContextHandler - Started o.e.j.s.ServletContextHandler@4022487c{/,null,AVAILABLE}
22:43:23.937 [Test worker] DEBUG o.s.h.s.r.b.JettyHttpServer - Starting JettyHttpServer...
22:43:23.937 [Test worker] INFO  o.e.j.s.Server - jetty-9.4.18.v20190429; built: 2019-04-29T20:42:08.989Z; git: e1bc35120a6617ee3df052294e433f3a25ce7097; jvm 1.8.0_211-b12
22:43:23.938 [Test worker] INFO  o.e.j.s.AbstractConnector - Started ServerConnector@1d870dd7{HTTP/1.1,[http/1.1]}{0.0.0.0:54898}
22:43:23.938 [Test worker] INFO  o.e.j.s.Server - Started @76365ms
22:43:23.938 [Test worker] DEBUG o.s.h.s.r.b.JettyHttpServer - Server started on port 54898(0 millis).
22:43:23.938 [Test worker] DEBUG o.s.w.c.RestTemplate - HTTP GET http://localhost:54898/foo/bar
22:43:23.938 [Test worker] DEBUG o.s.w.c.RestTemplate - Accept=[text/plain, application/json, application/x-jackson-smile, application/*+json, */*]
22:43:23.939 [qtp1116908644-5944] DEBUG o.s.w.s.a.HttpWebHandlerAdapter - [1ca10654] HTTP GET "/foo/bar"
22:43:23.940 [qtp1116908644-5944] DEBUG o.s.w.r.f.s.s.RouterFunctionMapping - [1ca10654] Mapped to org.springframework.web.reactive.function.server.support.DispatcherHandlerIntegrationTests$TestConfiguration$$Lambda$1495/1338046676@771cb45a
22:43:23.940 [qtp1116908644-5944] DEBUG o.s.w.s.a.HttpWebHandlerAdapter - [1ca10654] Completed 200 OK
22:43:23.940 [Test worker] DEBUG o.s.w.c.RestTemplate - Response 200 OK
22:43:23.940 [Test worker] DEBUG o.s.h.s.r.b.JettyHttpServer - Stopping JettyHttpServer...
22:43:23.940 [Test worker] INFO  o.e.j.s.h.ContextHandler - Stopped o.e.j.s.ServletContextHandler@4022487c{/,null,UNAVAILABLE}
22:43:23.941 [Test worker] INFO  o.e.j.s.AbstractConnector - Stopped ServerConnector@1d870dd7{HTTP/1.1,[http/1.1]}{0.0.0.0:0}
22:43:23.941 [Test worker] DEBUG o.s.h.s.r.b.JettyHttpServer - Server stopped (0 millis).
22:43:23.959 [Test worker] DEBUG o.s.w.r.f.s.s.RouterFunctionMapping - 1 RouterFunction(s) in 'routerFunctionMapping'
22:43:23.969 [Test worker] DEBUG o.s.w.r.r.m.a.ControllerMethodResolver - ControllerAdvice beans: none
22:43:23.988 [Test worker] DEBUG o.s.w.s.a.HttpWebHandlerAdapter - enableLoggingRequestDetails='false': form data and headers will be masked to prevent unsafe logging of potentially sensitive data
22:43:23.988 [Test worker] DEBUG o.s.h.s.r.b.ReactorHttpServer - Starting ReactorHttpServer...
22:43:23.989 [Test worker] DEBUG o.s.h.s.r.b.ReactorHttpServer - Server started on port 54900(0 millis).
22:43:23.989 [Test worker] DEBUG o.s.w.c.RestTemplate - HTTP GET http://localhost:54900/foo/bar
22:43:23.989 [Test worker] DEBUG o.s.w.c.RestTemplate - Accept=[text/plain, application/json, application/x-jackson-smile, application/*+json, */*]
22:43:23.990 [reactor-http-nio-2] DEBUG o.s.w.s.a.HttpWebHandlerAdapter - [aaaa7ea6] HTTP GET "/foo/bar"
22:43:23.991 [reactor-http-nio-2] DEBUG o.s.w.r.f.s.s.RouterFunctionMapping - [aaaa7ea6] Mapped to org.springframework.web.reactive.function.server.support.DispatcherHandlerIntegrationTests$TestConfiguration$$Lambda$1495/1338046676@1caeb6a
22:43:23.991 [reactor-http-nio-2] DEBUG o.s.w.s.a.HttpWebHandlerAdapter - [aaaa7ea6] Completed 200 OK
22:43:23.991 [Test worker] DEBUG o.s.w.c.RestTemplate - Response 200 OK
22:43:23.991 [Test worker] DEBUG o.s.h.s.r.b.ReactorHttpServer - Stopping ReactorHttpServer...
22:43:23.991 [Test worker] DEBUG o.s.h.s.r.b.ReactorHttpServer - Server stopped (0 millis).
22:43:24.009 [Test worker] DEBUG o.s.w.r.f.s.s.RouterFunctionMapping - 1 RouterFunction(s) in 'routerFunctionMapping'
22:43:24.020 [Test worker] DEBUG o.s.w.r.r.m.a.ControllerMethodResolver - ControllerAdvice beans: none
22:43:24.039 [Test worker] DEBUG o.s.w.s.a.HttpWebHandlerAdapter - enableLoggingRequestDetails='false': form data and headers will be masked to prevent unsafe logging of potentially sensitive data
22:43:24.040 [Test worker] DEBUG o.s.h.s.r.b.TomcatHttpServer - Starting TomcatHttpServer...
22:43:24.049 [Test worker] DEBUG o.s.h.s.r.b.TomcatHttpServer - Server started on port 54902(0 millis).
22:43:24.049 [Test worker] DEBUG o.s.w.c.RestTemplate - HTTP GET http://localhost:54902/foo/bar
22:43:24.049 [Test worker] DEBUG o.s.w.c.RestTemplate - Accept=[text/plain, application/json, application/x-jackson-smile, application/*+json, */*]
22:43:24.051 [http-nio-auto-128-exec-1] DEBUG o.s.w.s.a.HttpWebHandlerAdapter - [695c940f] HTTP GET "/foo/bar"
22:43:24.051 [http-nio-auto-128-exec-1] DEBUG o.s.w.r.f.s.s.RouterFunctionMapping - [695c940f] Mapped to org.springframework.web.reactive.function.server.support.DispatcherHandlerIntegrationTests$TestConfiguration$$Lambda$1495/1338046676@6d631dfc
22:43:24.051 [http-nio-auto-128-exec-1] DEBUG o.s.w.s.a.HttpWebHandlerAdapter - [695c940f] Completed 200 OK
22:43:24.051 [Test worker] DEBUG o.s.w.c.RestTemplate - Response 200 OK
22:43:24.051 [Test worker] DEBUG o.s.h.s.r.b.TomcatHttpServer - Stopping TomcatHttpServer...
22:43:24.063 [Test worker] DEBUG o.s.h.s.r.b.TomcatHttpServer - Server stopped (0 millis).
22:43:24.085 [Test worker] DEBUG o.s.w.r.f.s.s.RouterFunctionMapping - 1 RouterFunction(s) in 'routerFunctionMapping'
22:43:24.095 [Test worker] DEBUG o.s.w.r.r.m.a.ControllerMethodResolver - ControllerAdvice beans: none
22:43:24.114 [Test worker] DEBUG o.s.w.s.a.HttpWebHandlerAdapter - enableLoggingRequestDetails='false': form data and headers will be masked to prevent unsafe logging of potentially sensitive data
22:43:24.114 [Test worker] DEBUG o.s.h.s.r.b.UndertowHttpServer - Starting UndertowHttpServer...
22:43:24.116 [Test worker] DEBUG o.s.h.s.r.b.UndertowHttpServer - Server started on port 54905(0 millis).
22:43:24.116 [Test worker] DEBUG o.s.w.c.RestTemplate - HTTP GET http://localhost:54905/foo/bar
22:43:24.116 [Test worker] DEBUG o.s.w.c.RestTemplate - Accept=[text/plain, application/json, application/x-jackson-smile, application/*+json, */*]
22:43:24.116 [XNIO-127 I/O-10] DEBUG o.s.w.s.a.HttpWebHandlerAdapter - [5c00b619] HTTP GET "/foo/bar"
22:43:24.117 [XNIO-127 I/O-10] DEBUG o.s.w.r.f.s.s.RouterFunctionMapping - [5c00b619] Mapped to org.springframework.web.reactive.function.server.support.DispatcherHandlerIntegrationTests$TestConfiguration$$Lambda$1495/1338046676@583f3941
22:43:24.117 [XNIO-127 I/O-10] DEBUG o.s.w.s.a.HttpWebHandlerAdapter - [5c00b619] Completed 200 OK
22:43:24.117 [Test worker] DEBUG o.s.w.c.RestTemplate - Response 200 OK
22:43:24.117 [Test worker] DEBUG o.s.h.s.r.b.UndertowHttpServer - Stopping UndertowHttpServer...
22:43:24.118 [XNIO-127 I/O-10] ERROR i.u.request - UT005071: Undertow request failed HttpServerExchange{ GET /foo/bar}
java.util.concurrent.RejectedExecutionException: XNIO007007: Thread is terminating
	at org.xnio.nio.WorkerThread.execute(WorkerThread.java:590) ~[xnio-nio-3.3.8.Final.jar:3.3.8.Final]
	at io.undertow.server.HttpServerExchange$ReadDispatchChannel.invokeListener(HttpServerExchange.java:2168) ~[undertow-core-2.0.21.Final.jar:2.0.21.Final]
	at io.undertow.server.HttpServerExchange$ReadDispatchChannel.runResume(HttpServerExchange.java:2389) ~[undertow-core-2.0.21.Final.jar:2.0.21.Final]
	at io.undertow.server.HttpServerExchange.runResumeReadWrite(HttpServerExchange.java:1862) ~[undertow-core-2.0.21.Final.jar:2.0.21.Final]
	at io.undertow.server.Connectors.executeRootHandler(Connectors.java:391) [undertow-core-2.0.21.Final.jar:2.0.21.Final]
	at io.undertow.server.protocol.http.HttpReadListener.handleEventWithNoRunningRequest(HttpReadListener.java:255) [undertow-core-2.0.21.Final.jar:2.0.21.Final]
	at io.undertow.server.protocol.http.HttpReadListener.handleEvent(HttpReadListener.java:136) [undertow-core-2.0.21.Final.jar:2.0.21.Final]
	at io.undertow.server.protocol.http.HttpOpenListener.handleEvent(HttpOpenListener.java:162) [undertow-core-2.0.21.Final.jar:2.0.21.Final]
	at io.undertow.server.protocol.http.HttpOpenListener.handleEvent(HttpOpenListener.java:100) [undertow-core-2.0.21.Final.jar:2.0.21.Final]
	at io.undertow.server.protocol.http.HttpOpenListener.handleEvent(HttpOpenListener.java:57) [undertow-core-2.0.21.Final.jar:2.0.21.Final]
	at org.xnio.ChannelListeners.invokeChannelListener(ChannelListeners.java:92) [xnio-api-3.3.8.Final.jar:3.3.8.Final]
	at org.xnio.ChannelListeners$10.handleEvent(ChannelListeners.java:291) [xnio-api-3.3.8.Final.jar:3.3.8.Final]
	at org.xnio.ChannelListeners$10.handleEvent(ChannelListeners.java:286) [xnio-api-3.3.8.Final.jar:3.3.8.Final]
	at org.xnio.ChannelListeners.invokeChannelListener(ChannelListeners.java:92) [xnio-api-3.3.8.Final.jar:3.3.8.Final]
	at org.xnio.nio.QueuedNioTcpServer$1.run(QueuedNioTcpServer.java:129) [xnio-nio-3.3.8.Final.jar:3.3.8.Final]
	at org.xnio.nio.WorkerThread.safeRun(WorkerThread.java:582) [xnio-nio-3.3.8.Final.jar:3.3.8.Final]
	at org.xnio.nio.WorkerThread.run(WorkerThread.java:466) [xnio-nio-3.3.8.Final.jar:3.3.8.Final]
22:43:24.118 [Test worker] DEBUG o.s.h.s.r.b.UndertowHttpServer - Server stopped (0 millis).
]]></system-out>
  <system-err><![CDATA[十一月 25, 2020 10:43:24 下午 org.apache.catalina.core.StandardService startInternal
信息: Starting service [Tomcat]
十一月 25, 2020 10:43:24 下午 org.apache.catalina.core.StandardEngine startInternal
信息: Starting Servlet engine: [Apache Tomcat/9.0.21]
十一月 25, 2020 10:43:24 下午 org.apache.coyote.AbstractProtocol init
信息: Initializing ProtocolHandler ["http-nio-auto-128"]
十一月 25, 2020 10:43:24 下午 org.apache.coyote.AbstractProtocol start
信息: Starting ProtocolHandler ["http-nio-auto-128-54902"]
十一月 25, 2020 10:43:24 下午 org.apache.coyote.AbstractProtocol pause
信息: Pausing ProtocolHandler ["http-nio-auto-128-54902"]
十一月 25, 2020 10:43:24 下午 org.apache.catalina.core.StandardService stopInternal
信息: Stopping service [Tomcat]
十一月 25, 2020 10:43:24 下午 org.apache.coyote.AbstractProtocol stop
信息: Stopping ProtocolHandler ["http-nio-auto-128-54902"]
十一月 25, 2020 10:43:24 下午 org.apache.coyote.AbstractProtocol destroy
信息: Destroying ProtocolHandler ["http-nio-auto-128-54902"]
]]></system-err>
</testsuite>
