<?xml version="1.0" encoding="UTF-8"?>
<testsuite name="org.springframework.web.reactive.function.MultipartIntegrationTests" tests="12" skipped="0" failures="0" errors="0" timestamp="2020-11-25T14:43:28" hostname="lichangbaodeMacBook-Pro.local" time="0.3">
  <properties/>
  <testcase name="transferTo[server [org.springframework.http.server.reactive.bootstrap.JettyHttpServer@516af32d]]" classname="org.springframework.web.reactive.function.MultipartIntegrationTests" time="0.024"/>
  <testcase name="multipartData[server [org.springframework.http.server.reactive.bootstrap.JettyHttpServer@516af32d]]" classname="org.springframework.web.reactive.function.MultipartIntegrationTests" time="0.022"/>
  <testcase name="parts[server [org.springframework.http.server.reactive.bootstrap.JettyHttpServer@516af32d]]" classname="org.springframework.web.reactive.function.MultipartIntegrationTests" time="0.021"/>
  <testcase name="transferTo[server [org.springframework.http.server.reactive.bootstrap.ReactorHttpServer@7d2e9758]]" classname="org.springframework.web.reactive.function.MultipartIntegrationTests" time="0.023"/>
  <testcase name="multipartData[server [org.springframework.http.server.reactive.bootstrap.ReactorHttpServer@7d2e9758]]" classname="org.springframework.web.reactive.function.MultipartIntegrationTests" time="0.022"/>
  <testcase name="parts[server [org.springframework.http.server.reactive.bootstrap.ReactorHttpServer@7d2e9758]]" classname="org.springframework.web.reactive.function.MultipartIntegrationTests" time="0.022"/>
  <testcase name="transferTo[server [org.springframework.http.server.reactive.bootstrap.TomcatHttpServer@3bf552ee]]" classname="org.springframework.web.reactive.function.MultipartIntegrationTests" time="0.032"/>
  <testcase name="multipartData[server [org.springframework.http.server.reactive.bootstrap.TomcatHttpServer@3bf552ee]]" classname="org.springframework.web.reactive.function.MultipartIntegrationTests" time="0.033"/>
  <testcase name="parts[server [org.springframework.http.server.reactive.bootstrap.TomcatHttpServer@3bf552ee]]" classname="org.springframework.web.reactive.function.MultipartIntegrationTests" time="0.034"/>
  <testcase name="transferTo[server [org.springframework.http.server.reactive.bootstrap.UndertowHttpServer@45a6a1fe]]" classname="org.springframework.web.reactive.function.MultipartIntegrationTests" time="0.023"/>
  <testcase name="multipartData[server [org.springframework.http.server.reactive.bootstrap.UndertowHttpServer@45a6a1fe]]" classname="org.springframework.web.reactive.function.MultipartIntegrationTests" time="0.022"/>
  <testcase name="parts[server [org.springframework.http.server.reactive.bootstrap.UndertowHttpServer@45a6a1fe]]" classname="org.springframework.web.reactive.function.MultipartIntegrationTests" time="0.021"/>
  <system-out><![CDATA[22:43:28.313 [Test worker] DEBUG o.s.w.s.a.HttpWebHandlerAdapter - enableLoggingRequestDetails='false': form data and headers will be masked to prevent unsafe logging of potentially sensitive data
22:43:28.313 [Test worker] WARN  o.e.j.s.h.ContextHandler - Empty contextPath
22:43:28.313 [Test worker] INFO  o.e.j.s.h.ContextHandler - Started o.e.j.s.ServletContextHandler@2b43b4c9{/,null,AVAILABLE}
22:43:28.313 [Test worker] DEBUG o.s.h.s.r.b.JettyHttpServer - Starting JettyHttpServer...
22:43:28.313 [Test worker] INFO  o.e.j.s.Server - jetty-9.4.18.v20190429; built: 2019-04-29T20:42:08.989Z; git: e1bc35120a6617ee3df052294e433f3a25ce7097; jvm 1.8.0_211-b12
22:43:28.314 [Test worker] INFO  o.e.j.s.AbstractConnector - Started ServerConnector@4f151d5d{HTTP/1.1,[http/1.1]}{0.0.0.0:55027}
22:43:28.314 [Test worker] INFO  o.e.j.s.Server - Started @80741ms
22:43:28.314 [Test worker] DEBUG o.s.h.s.r.b.JettyHttpServer - Server started on port 55027(0 millis).
22:43:28.315 [Test worker] DEBUG o.s.w.r.f.c.ExchangeFunctions - [176be0f1] HTTP POST http://localhost:55027/transferTo
22:43:28.315 [reactor-http-nio-14] DEBUG o.s.h.c.m.MultipartHttpMessageWriter - [176be0f1] Encoding parts [fooPart, barPart] (content masked)
22:43:28.322 [qtp2102460885-6533] DEBUG o.s.w.s.a.HttpWebHandlerAdapter - [2b41a6] HTTP POST "/transferTo"
22:43:28.324 [Thread-287] DEBUG o.s.c.c.CharSequenceEncoder - [2b41a6] Writing "/var/folders/wc/jkrbhr5s6qz2yyty5r0691380000gn/T/MultipartIntegrationTests6722916421569624280.tmp"
22:43:28.324 [Thread-287] DEBUG o.s.w.s.a.HttpWebHandlerAdapter - [2b41a6] Completed 200 OK
22:43:28.325 [reactor-http-nio-14] DEBUG o.s.w.r.f.c.ExchangeFunctions - [176be0f1] Response 200 OK
22:43:28.325 [reactor-http-nio-14] DEBUG o.s.c.c.StringDecoder - [176be0f1] Decoded "/var/folders/wc/jkrbhr5s6qz2yyty5r0691380000gn/T/MultipartIntegrationTests6722916421569624280.tmp"
22:43:28.325 [Test worker] DEBUG o.s.h.s.r.b.JettyHttpServer - Stopping JettyHttpServer...
22:43:28.325 [Test worker] INFO  o.e.j.s.h.ContextHandler - Stopped o.e.j.s.ServletContextHandler@2b43b4c9{/,null,UNAVAILABLE}
22:43:28.326 [Test worker] INFO  o.e.j.s.AbstractConnector - Stopped ServerConnector@4f151d5d{HTTP/1.1,[http/1.1]}{0.0.0.0:0}
22:43:28.327 [Test worker] DEBUG o.s.h.s.r.b.JettyHttpServer - Server stopped (0 millis).
22:43:28.337 [Test worker] DEBUG o.s.w.s.a.HttpWebHandlerAdapter - enableLoggingRequestDetails='false': form data and headers will be masked to prevent unsafe logging of potentially sensitive data
22:43:28.337 [Test worker] WARN  o.e.j.s.h.ContextHandler - Empty contextPath
22:43:28.337 [Test worker] INFO  o.e.j.s.h.ContextHandler - Started o.e.j.s.ServletContextHandler@6c03e885{/,null,AVAILABLE}
22:43:28.337 [Test worker] DEBUG o.s.h.s.r.b.JettyHttpServer - Starting JettyHttpServer...
22:43:28.337 [Test worker] INFO  o.e.j.s.Server - jetty-9.4.18.v20190429; built: 2019-04-29T20:42:08.989Z; git: e1bc35120a6617ee3df052294e433f3a25ce7097; jvm 1.8.0_211-b12
22:43:28.338 [Test worker] INFO  o.e.j.s.AbstractConnector - Started ServerConnector@65c17306{HTTP/1.1,[http/1.1]}{0.0.0.0:55029}
22:43:28.338 [Test worker] INFO  o.e.j.s.Server - Started @80765ms
22:43:28.338 [Test worker] DEBUG o.s.h.s.r.b.JettyHttpServer - Server started on port 55029(0 millis).
22:43:28.339 [Test worker] DEBUG o.s.w.r.f.c.ExchangeFunctions - [5f793aa5] HTTP POST http://localhost:55029/multipartData
22:43:28.340 [reactor-http-nio-2] DEBUG o.s.h.c.m.MultipartHttpMessageWriter - [5f793aa5] Encoding parts [fooPart, barPart] (content masked)
22:43:28.345 [qtp1136553783-6547] DEBUG o.s.w.s.a.HttpWebHandlerAdapter - [464917a6] HTTP POST "/multipartData"
22:43:28.346 [qtp1136553783-6547] DEBUG o.s.w.s.a.HttpWebHandlerAdapter - [464917a6] Completed 200 OK
22:43:28.346 [reactor-http-nio-2] DEBUG o.s.w.r.f.c.ExchangeFunctions - [5f793aa5] Response 200 OK
22:43:28.347 [Test worker] DEBUG o.s.h.s.r.b.JettyHttpServer - Stopping JettyHttpServer...
22:43:28.347 [Test worker] INFO  o.e.j.s.h.ContextHandler - Stopped o.e.j.s.ServletContextHandler@6c03e885{/,null,UNAVAILABLE}
22:43:28.347 [Test worker] INFO  o.e.j.s.AbstractConnector - Stopped ServerConnector@65c17306{HTTP/1.1,[http/1.1]}{0.0.0.0:0}
22:43:28.348 [Test worker] DEBUG o.s.h.s.r.b.JettyHttpServer - Server stopped (0 millis).
22:43:28.358 [Test worker] DEBUG o.s.w.s.a.HttpWebHandlerAdapter - enableLoggingRequestDetails='false': form data and headers will be masked to prevent unsafe logging of potentially sensitive data
22:43:28.358 [Test worker] WARN  o.e.j.s.h.ContextHandler - Empty contextPath
22:43:28.358 [Test worker] INFO  o.e.j.s.h.ContextHandler - Started o.e.j.s.ServletContextHandler@4f9b93c3{/,null,AVAILABLE}
22:43:28.358 [Test worker] DEBUG o.s.h.s.r.b.JettyHttpServer - Starting JettyHttpServer...
22:43:28.358 [Test worker] INFO  o.e.j.s.Server - jetty-9.4.18.v20190429; built: 2019-04-29T20:42:08.989Z; git: e1bc35120a6617ee3df052294e433f3a25ce7097; jvm 1.8.0_211-b12
22:43:28.359 [Test worker] INFO  o.e.j.s.AbstractConnector - Started ServerConnector@56df675a{HTTP/1.1,[http/1.1]}{0.0.0.0:55031}
22:43:28.359 [Test worker] INFO  o.e.j.s.Server - Started @80786ms
22:43:28.359 [Test worker] DEBUG o.s.h.s.r.b.JettyHttpServer - Server started on port 55031(0 millis).
22:43:28.360 [Test worker] DEBUG o.s.w.r.f.c.ExchangeFunctions - [b0e67b9] HTTP POST http://localhost:55031/parts
22:43:28.361 [reactor-http-nio-6] DEBUG o.s.h.c.m.MultipartHttpMessageWriter - [b0e67b9] Encoding parts [fooPart, barPart] (content masked)
22:43:28.367 [qtp1481669947-6561] DEBUG o.s.w.s.a.HttpWebHandlerAdapter - [6aeff73e] HTTP POST "/parts"
22:43:28.368 [qtp1481669947-6561] DEBUG o.s.w.s.a.HttpWebHandlerAdapter - [6aeff73e] Completed 200 OK
22:43:28.368 [reactor-http-nio-6] DEBUG o.s.w.r.f.c.ExchangeFunctions - [b0e67b9] Response 200 OK
22:43:28.368 [Test worker] DEBUG o.s.h.s.r.b.JettyHttpServer - Stopping JettyHttpServer...
22:43:28.368 [Test worker] INFO  o.e.j.s.h.ContextHandler - Stopped o.e.j.s.ServletContextHandler@4f9b93c3{/,null,UNAVAILABLE}
22:43:28.369 [Test worker] INFO  o.e.j.s.AbstractConnector - Stopped ServerConnector@56df675a{HTTP/1.1,[http/1.1]}{0.0.0.0:0}
22:43:28.370 [Test worker] DEBUG o.s.h.s.r.b.JettyHttpServer - Server stopped (0 millis).
22:43:28.380 [Test worker] DEBUG o.s.w.s.a.HttpWebHandlerAdapter - enableLoggingRequestDetails='false': form data and headers will be masked to prevent unsafe logging of potentially sensitive data
22:43:28.380 [Test worker] DEBUG o.s.h.s.r.b.ReactorHttpServer - Starting ReactorHttpServer...
22:43:28.380 [Test worker] DEBUG o.s.h.s.r.b.ReactorHttpServer - Server started on port 55033(0 millis).
22:43:28.381 [Test worker] DEBUG o.s.w.r.f.c.ExchangeFunctions - [681d86fe] HTTP POST http://localhost:55033/transferTo
22:43:28.381 [reactor-http-nio-11] DEBUG o.s.h.c.m.MultipartHttpMessageWriter - [681d86fe] Encoding parts [fooPart, barPart] (content masked)
22:43:28.387 [reactor-http-nio-12] DEBUG o.s.w.s.a.HttpWebHandlerAdapter - [08ea98d8] HTTP POST "/transferTo"
22:43:28.390 [Thread-288] DEBUG o.s.c.c.CharSequenceEncoder - [08ea98d8] Writing "/var/folders/wc/jkrbhr5s6qz2yyty5r0691380000gn/T/MultipartIntegrationTests6080790209562448965.tmp"
22:43:28.392 [reactor-http-nio-12] DEBUG o.s.w.s.a.HttpWebHandlerAdapter - [08ea98d8] Completed 200 OK
22:43:28.392 [reactor-http-nio-11] DEBUG o.s.w.r.f.c.ExchangeFunctions - [681d86fe] Response 200 OK
22:43:28.392 [reactor-http-nio-11] DEBUG o.s.c.c.StringDecoder - [681d86fe] Decoded "/var/folders/wc/jkrbhr5s6qz2yyty5r0691380000gn/T/MultipartIntegrationTests6080790209562448965.tmp"
22:43:28.393 [Test worker] DEBUG o.s.h.s.r.b.ReactorHttpServer - Stopping ReactorHttpServer...
22:43:28.393 [Test worker] DEBUG o.s.h.s.r.b.ReactorHttpServer - Server stopped (0 millis).
22:43:28.404 [Test worker] DEBUG o.s.w.s.a.HttpWebHandlerAdapter - enableLoggingRequestDetails='false': form data and headers will be masked to prevent unsafe logging of potentially sensitive data
22:43:28.404 [Test worker] DEBUG o.s.h.s.r.b.ReactorHttpServer - Starting ReactorHttpServer...
22:43:28.404 [Test worker] DEBUG o.s.h.s.r.b.ReactorHttpServer - Server started on port 55035(0 millis).
22:43:28.404 [Test worker] DEBUG o.s.w.r.f.c.ExchangeFunctions - [2c35e291] HTTP POST http://localhost:55035/multipartData
22:43:28.405 [reactor-http-nio-1] DEBUG o.s.h.c.m.MultipartHttpMessageWriter - [2c35e291] Encoding parts [fooPart, barPart] (content masked)
22:43:28.410 [reactor-http-nio-2] DEBUG o.s.w.s.a.HttpWebHandlerAdapter - [f5507ec0] HTTP POST "/multipartData"
22:43:28.415 [reactor-http-nio-2] DEBUG o.s.w.s.a.HttpWebHandlerAdapter - [f5507ec0] Completed 200 OK
22:43:28.415 [reactor-http-nio-1] DEBUG o.s.w.r.f.c.ExchangeFunctions - [2c35e291] Response 200 OK
22:43:28.415 [Test worker] DEBUG o.s.h.s.r.b.ReactorHttpServer - Stopping ReactorHttpServer...
22:43:28.415 [Test worker] DEBUG o.s.h.s.r.b.ReactorHttpServer - Server stopped (0 millis).
22:43:28.426 [Test worker] DEBUG o.s.w.s.a.HttpWebHandlerAdapter - enableLoggingRequestDetails='false': form data and headers will be masked to prevent unsafe logging of potentially sensitive data
22:43:28.426 [Test worker] DEBUG o.s.h.s.r.b.ReactorHttpServer - Starting ReactorHttpServer...
22:43:28.426 [Test worker] DEBUG o.s.h.s.r.b.ReactorHttpServer - Server started on port 55037(0 millis).
22:43:28.426 [Test worker] DEBUG o.s.w.r.f.c.ExchangeFunctions - [547e7b01] HTTP POST http://localhost:55037/parts
22:43:28.427 [reactor-http-nio-7] DEBUG o.s.h.c.m.MultipartHttpMessageWriter - [547e7b01] Encoding parts [fooPart, barPart] (content masked)
22:43:28.432 [reactor-http-nio-8] DEBUG o.s.w.s.a.HttpWebHandlerAdapter - [c43ed0de] HTTP POST "/parts"
22:43:28.437 [reactor-http-nio-8] DEBUG o.s.w.s.a.HttpWebHandlerAdapter - [c43ed0de] Completed 200 OK
22:43:28.437 [reactor-http-nio-7] DEBUG o.s.w.r.f.c.ExchangeFunctions - [547e7b01] Response 200 OK
22:43:28.437 [Test worker] DEBUG o.s.h.s.r.b.ReactorHttpServer - Stopping ReactorHttpServer...
22:43:28.437 [Test worker] DEBUG o.s.h.s.r.b.ReactorHttpServer - Server stopped (0 millis).
22:43:28.448 [Test worker] DEBUG o.s.w.s.a.HttpWebHandlerAdapter - enableLoggingRequestDetails='false': form data and headers will be masked to prevent unsafe logging of potentially sensitive data
22:43:28.448 [Test worker] DEBUG o.s.h.s.r.b.TomcatHttpServer - Starting TomcatHttpServer...
22:43:28.452 [Test worker] DEBUG o.s.h.s.r.b.TomcatHttpServer - Server started on port 55039(0 millis).
22:43:28.452 [Test worker] DEBUG o.s.w.r.f.c.ExchangeFunctions - [5e96e75f] HTTP POST http://localhost:55039/transferTo
22:43:28.452 [reactor-http-nio-12] DEBUG o.s.h.c.m.MultipartHttpMessageWriter - [5e96e75f] Encoding parts [fooPart, barPart] (content masked)
22:43:28.458 [http-nio-auto-141-exec-1] DEBUG o.s.w.s.a.HttpWebHandlerAdapter - [6380e44b] HTTP POST "/transferTo"
22:43:28.459 [Thread-287] DEBUG o.s.c.c.CharSequenceEncoder - [6380e44b] Writing "/var/folders/wc/jkrbhr5s6qz2yyty5r0691380000gn/T/MultipartIntegrationTests7418802550555443204.tmp"
22:43:28.459 [Thread-287] DEBUG o.s.w.s.a.HttpWebHandlerAdapter - [6380e44b] Completed 200 OK
22:43:28.459 [reactor-http-nio-12] DEBUG o.s.w.r.f.c.ExchangeFunctions - [5e96e75f] Response 200 OK
22:43:28.460 [reactor-http-nio-12] DEBUG o.s.c.c.StringDecoder - [5e96e75f] Decoded "/var/folders/wc/jkrbhr5s6qz2yyty5r0691380000gn/T/MultipartIntegrationTests7418802550555443204.tmp"
22:43:28.460 [Test worker] DEBUG o.s.h.s.r.b.TomcatHttpServer - Stopping TomcatHttpServer...
22:43:28.469 [Test worker] DEBUG o.s.h.s.r.b.TomcatHttpServer - Server stopped (0 millis).
22:43:28.481 [Test worker] DEBUG o.s.w.s.a.HttpWebHandlerAdapter - enableLoggingRequestDetails='false': form data and headers will be masked to prevent unsafe logging of potentially sensitive data
22:43:28.481 [Test worker] DEBUG o.s.h.s.r.b.TomcatHttpServer - Starting TomcatHttpServer...
22:43:28.485 [Test worker] DEBUG o.s.h.s.r.b.TomcatHttpServer - Server started on port 55042(0 millis).
22:43:28.486 [Test worker] DEBUG o.s.w.r.f.c.ExchangeFunctions - [53a282d6] HTTP POST http://localhost:55042/multipartData
22:43:28.486 [reactor-http-nio-16] DEBUG o.s.h.c.m.MultipartHttpMessageWriter - [53a282d6] Encoding parts [fooPart, barPart] (content masked)
22:43:28.492 [http-nio-auto-142-exec-1] DEBUG o.s.w.s.a.HttpWebHandlerAdapter - [d527d7d] HTTP POST "/multipartData"
22:43:28.492 [http-nio-auto-142-exec-1] DEBUG o.s.w.s.a.HttpWebHandlerAdapter - [d527d7d] Completed 200 OK
22:43:28.493 [reactor-http-nio-16] DEBUG o.s.w.r.f.c.ExchangeFunctions - [53a282d6] Response 200 OK
22:43:28.493 [Test worker] DEBUG o.s.h.s.r.b.TomcatHttpServer - Stopping TomcatHttpServer...
22:43:28.502 [Test worker] DEBUG o.s.h.s.r.b.TomcatHttpServer - Server stopped (0 millis).
22:43:28.514 [Test worker] DEBUG o.s.w.s.a.HttpWebHandlerAdapter - enableLoggingRequestDetails='false': form data and headers will be masked to prevent unsafe logging of potentially sensitive data
22:43:28.514 [Test worker] DEBUG o.s.h.s.r.b.TomcatHttpServer - Starting TomcatHttpServer...
22:43:28.518 [Test worker] DEBUG o.s.h.s.r.b.TomcatHttpServer - Server started on port 55045(0 millis).
22:43:28.518 [Test worker] DEBUG o.s.w.r.f.c.ExchangeFunctions - [7ef30a1e] HTTP POST http://localhost:55045/parts
22:43:28.519 [reactor-http-nio-4] DEBUG o.s.h.c.m.MultipartHttpMessageWriter - [7ef30a1e] Encoding parts [fooPart, barPart] (content masked)
22:43:28.525 [http-nio-auto-143-exec-1] DEBUG o.s.w.s.a.HttpWebHandlerAdapter - [19610f95] HTTP POST "/parts"
22:43:28.526 [http-nio-auto-143-exec-1] DEBUG o.s.w.s.a.HttpWebHandlerAdapter - [19610f95] Completed 200 OK
22:43:28.526 [reactor-http-nio-4] DEBUG o.s.w.r.f.c.ExchangeFunctions - [7ef30a1e] Response 200 OK
22:43:28.526 [Test worker] DEBUG o.s.h.s.r.b.TomcatHttpServer - Stopping TomcatHttpServer...
22:43:28.536 [Test worker] DEBUG o.s.h.s.r.b.TomcatHttpServer - Server stopped (0 millis).
22:43:28.549 [Test worker] DEBUG o.s.w.s.a.HttpWebHandlerAdapter - enableLoggingRequestDetails='false': form data and headers will be masked to prevent unsafe logging of potentially sensitive data
22:43:28.549 [Test worker] DEBUG o.s.h.s.r.b.UndertowHttpServer - Starting UndertowHttpServer...
22:43:28.551 [Test worker] DEBUG o.s.h.s.r.b.UndertowHttpServer - Server started on port 55048(0 millis).
22:43:28.551 [Test worker] DEBUG o.s.w.r.f.c.ExchangeFunctions - [38cefbd1] HTTP POST http://localhost:55048/transferTo
22:43:28.552 [reactor-http-nio-8] DEBUG o.s.h.c.m.MultipartHttpMessageWriter - [38cefbd1] Encoding parts [fooPart, barPart] (content masked)
22:43:28.557 [XNIO-140 I/O-2] DEBUG o.s.w.s.a.HttpWebHandlerAdapter - [6bb4f4ba] HTTP POST "/transferTo"
22:43:28.558 [Thread-288] DEBUG o.s.c.c.CharSequenceEncoder - [6bb4f4ba] Writing "/var/folders/wc/jkrbhr5s6qz2yyty5r0691380000gn/T/MultipartIntegrationTests8407975582466904738.tmp"
22:43:28.558 [XNIO-140 I/O-2] DEBUG o.s.w.s.a.HttpWebHandlerAdapter - [6bb4f4ba] Completed 200 OK
22:43:28.558 [reactor-http-nio-8] DEBUG o.s.w.r.f.c.ExchangeFunctions - [38cefbd1] Response 200 OK
22:43:28.559 [reactor-http-nio-8] DEBUG o.s.c.c.StringDecoder - [38cefbd1] Decoded "/var/folders/wc/jkrbhr5s6qz2yyty5r0691380000gn/T/MultipartIntegrationTests8407975582466904738.tmp"
22:43:28.559 [Test worker] DEBUG o.s.h.s.r.b.UndertowHttpServer - Stopping UndertowHttpServer...
22:43:28.559 [Test worker] DEBUG o.s.h.s.r.b.UndertowHttpServer - Server stopped (0 millis).
22:43:28.571 [Test worker] DEBUG o.s.w.s.a.HttpWebHandlerAdapter - enableLoggingRequestDetails='false': form data and headers will be masked to prevent unsafe logging of potentially sensitive data
22:43:28.571 [Test worker] DEBUG o.s.h.s.r.b.UndertowHttpServer - Starting UndertowHttpServer...
22:43:28.573 [Test worker] DEBUG o.s.h.s.r.b.UndertowHttpServer - Server started on port 55050(0 millis).
22:43:28.573 [Test worker] DEBUG o.s.w.r.f.c.ExchangeFunctions - [3144a1b6] HTTP POST http://localhost:55050/multipartData
22:43:28.574 [reactor-http-nio-12] DEBUG o.s.h.c.m.MultipartHttpMessageWriter - [3144a1b6] Encoding parts [fooPart, barPart] (content masked)
22:43:28.580 [XNIO-141 I/O-2] DEBUG o.s.w.s.a.HttpWebHandlerAdapter - [190a35fa] HTTP POST "/multipartData"
22:43:28.580 [XNIO-141 I/O-2] DEBUG o.s.w.s.a.HttpWebHandlerAdapter - [190a35fa] Completed 200 OK
22:43:28.581 [reactor-http-nio-12] DEBUG o.s.w.r.f.c.ExchangeFunctions - [3144a1b6] Response 200 OK
22:43:28.581 [Test worker] DEBUG o.s.h.s.r.b.UndertowHttpServer - Stopping UndertowHttpServer...
22:43:28.581 [Test worker] DEBUG o.s.h.s.r.b.UndertowHttpServer - Server stopped (0 millis).
22:43:28.593 [Test worker] DEBUG o.s.w.s.a.HttpWebHandlerAdapter - enableLoggingRequestDetails='false': form data and headers will be masked to prevent unsafe logging of potentially sensitive data
22:43:28.593 [Test worker] DEBUG o.s.h.s.r.b.UndertowHttpServer - Starting UndertowHttpServer...
22:43:28.594 [Test worker] DEBUG o.s.h.s.r.b.UndertowHttpServer - Server started on port 55052(0 millis).
22:43:28.595 [Test worker] DEBUG o.s.w.r.f.c.ExchangeFunctions - [773242d8] HTTP POST http://localhost:55052/parts
22:43:28.595 [reactor-http-nio-16] DEBUG o.s.h.c.m.MultipartHttpMessageWriter - [773242d8] Encoding parts [fooPart, barPart] (content masked)
22:43:28.601 [XNIO-142 I/O-2] DEBUG o.s.w.s.a.HttpWebHandlerAdapter - [144b2a14] HTTP POST "/parts"
22:43:28.601 [XNIO-142 I/O-2] DEBUG o.s.w.s.a.HttpWebHandlerAdapter - [144b2a14] Completed 200 OK
22:43:28.602 [reactor-http-nio-16] DEBUG o.s.w.r.f.c.ExchangeFunctions - [773242d8] Response 200 OK
22:43:28.602 [Test worker] DEBUG o.s.h.s.r.b.UndertowHttpServer - Stopping UndertowHttpServer...
22:43:28.602 [Test worker] DEBUG o.s.h.s.r.b.UndertowHttpServer - Server stopped (0 millis).
]]></system-out>
  <system-err><![CDATA[十一月 25, 2020 10:43:28 下午 org.apache.catalina.core.StandardService startInternal
信息: Starting service [Tomcat]
十一月 25, 2020 10:43:28 下午 org.apache.catalina.core.StandardEngine startInternal
信息: Starting Servlet engine: [Apache Tomcat/9.0.21]
十一月 25, 2020 10:43:28 下午 org.apache.coyote.AbstractProtocol init
信息: Initializing ProtocolHandler ["http-nio-auto-141"]
十一月 25, 2020 10:43:28 下午 org.apache.coyote.AbstractProtocol start
信息: Starting ProtocolHandler ["http-nio-auto-141-55039"]
十一月 25, 2020 10:43:28 下午 org.apache.coyote.AbstractProtocol pause
信息: Pausing ProtocolHandler ["http-nio-auto-141-55039"]
十一月 25, 2020 10:43:28 下午 org.apache.catalina.core.StandardService stopInternal
信息: Stopping service [Tomcat]
十一月 25, 2020 10:43:28 下午 org.apache.coyote.AbstractProtocol stop
信息: Stopping ProtocolHandler ["http-nio-auto-141-55039"]
十一月 25, 2020 10:43:28 下午 org.apache.coyote.AbstractProtocol destroy
信息: Destroying ProtocolHandler ["http-nio-auto-141-55039"]
十一月 25, 2020 10:43:28 下午 org.apache.catalina.core.StandardService startInternal
信息: Starting service [Tomcat]
十一月 25, 2020 10:43:28 下午 org.apache.catalina.core.StandardEngine startInternal
信息: Starting Servlet engine: [Apache Tomcat/9.0.21]
十一月 25, 2020 10:43:28 下午 org.apache.coyote.AbstractProtocol init
信息: Initializing ProtocolHandler ["http-nio-auto-142"]
十一月 25, 2020 10:43:28 下午 org.apache.coyote.AbstractProtocol start
信息: Starting ProtocolHandler ["http-nio-auto-142-55042"]
十一月 25, 2020 10:43:28 下午 org.apache.coyote.AbstractProtocol pause
信息: Pausing ProtocolHandler ["http-nio-auto-142-55042"]
十一月 25, 2020 10:43:28 下午 org.apache.catalina.core.StandardService stopInternal
信息: Stopping service [Tomcat]
十一月 25, 2020 10:43:28 下午 org.apache.coyote.AbstractProtocol stop
信息: Stopping ProtocolHandler ["http-nio-auto-142-55042"]
十一月 25, 2020 10:43:28 下午 org.apache.coyote.AbstractProtocol destroy
信息: Destroying ProtocolHandler ["http-nio-auto-142-55042"]
十一月 25, 2020 10:43:28 下午 org.apache.catalina.core.StandardService startInternal
信息: Starting service [Tomcat]
十一月 25, 2020 10:43:28 下午 org.apache.catalina.core.StandardEngine startInternal
信息: Starting Servlet engine: [Apache Tomcat/9.0.21]
十一月 25, 2020 10:43:28 下午 org.apache.coyote.AbstractProtocol init
信息: Initializing ProtocolHandler ["http-nio-auto-143"]
十一月 25, 2020 10:43:28 下午 org.apache.coyote.AbstractProtocol start
信息: Starting ProtocolHandler ["http-nio-auto-143-55045"]
十一月 25, 2020 10:43:28 下午 org.apache.coyote.AbstractProtocol pause
信息: Pausing ProtocolHandler ["http-nio-auto-143-55045"]
十一月 25, 2020 10:43:28 下午 org.apache.catalina.core.StandardService stopInternal
信息: Stopping service [Tomcat]
十一月 25, 2020 10:43:28 下午 org.apache.coyote.AbstractProtocol stop
信息: Stopping ProtocolHandler ["http-nio-auto-143-55045"]
十一月 25, 2020 10:43:28 下午 org.apache.coyote.AbstractProtocol destroy
信息: Destroying ProtocolHandler ["http-nio-auto-143-55045"]
]]></system-err>
</testsuite>
