<?xml version="1.0" encoding="UTF-8"?>
<testsuite name="org.springframework.web.reactive.function.server.RouterFunctionDslTests" tests="11" skipped="0" failures="0" errors="0" timestamp="2020-11-25T14:43:43" hostname="lichangbaodeMacBook-Pro.local" time="0.159">
  <properties/>
  <testcase name="accept" classname="org.springframework.web.reactive.function.server.RouterFunctionDslTests" time="0.036"/>
  <testcase name="header" classname="org.springframework.web.reactive.function.server.RouterFunctionDslTests" time="0.014"/>
  <testcase name="method" classname="org.springframework.web.reactive.function.server.RouterFunctionDslTests" time="0.013"/>
  <testcase name="resourceByPath" classname="org.springframework.web.reactive.function.server.RouterFunctionDslTests" time="0.015"/>
  <testcase name="contentType" classname="org.springframework.web.reactive.function.server.RouterFunctionDslTests" time="0.013"/>
  <testcase name="resource" classname="org.springframework.web.reactive.function.server.RouterFunctionDslTests" time="0.013"/>
  <testcase name="path" classname="org.springframework.web.reactive.function.server.RouterFunctionDslTests" time="0.013"/>
  <testcase name="emptyRouter" classname="org.springframework.web.reactive.function.server.RouterFunctionDslTests" time="0.001"/>
  <testcase name="rendering" classname="org.springframework.web.reactive.function.server.RouterFunctionDslTests" time="0.015"/>
  <testcase name="acceptAndPOST" classname="org.springframework.web.reactive.function.server.RouterFunctionDslTests" time="0.013"/>
  <testcase name="noRoute" classname="org.springframework.web.reactive.function.server.RouterFunctionDslTests" time="0.013"/>
  <system-out><![CDATA[]]></system-out>
  <system-err><![CDATA[]]></system-err>
</testsuite>
