<?xml version="1.0" encoding="UTF-8"?>
<testsuite name="org.springframework.web.reactive.function.server.HeadersWrapperTests" tests="8" skipped="0" failures="0" errors="0" timestamp="2020-11-25T14:43:24" hostname="lichangbaodeMacBook-Pro.local" time="0.001">
  <properties/>
  <testcase name="asHttpHeaders" classname="org.springframework.web.reactive.function.server.HeadersWrapperTests" time="0.0"/>
  <testcase name="accept" classname="org.springframework.web.reactive.function.server.HeadersWrapperTests" time="0.0"/>
  <testcase name="header" classname="org.springframework.web.reactive.function.server.HeadersWrapperTests" time="0.0"/>
  <testcase name="acceptCharset" classname="org.springframework.web.reactive.function.server.HeadersWrapperTests" time="0.001"/>
  <testcase name="contentLength" classname="org.springframework.web.reactive.function.server.HeadersWrapperTests" time="0.0"/>
  <testcase name="contentType" classname="org.springframework.web.reactive.function.server.HeadersWrapperTests" time="0.0"/>
  <testcase name="host" classname="org.springframework.web.reactive.function.server.HeadersWrapperTests" time="0.0"/>
  <testcase name="range" classname="org.springframework.web.reactive.function.server.HeadersWrapperTests" time="0.0"/>
  <system-out><![CDATA[]]></system-out>
  <system-err><![CDATA[]]></system-err>
</testsuite>
