<?xml version="1.0" encoding="UTF-8"?>
<testsuite name="org.springframework.web.reactive.result.method.annotation.RequestAttributeMethodArgumentResolverTests" tests="6" skipped="0" failures="0" errors="0" timestamp="2020-11-25T14:42:25" hostname="lichangbaodeMacBook-Pro.local" time="0.082">
  <properties/>
  <testcase name="resolveOptional" classname="org.springframework.web.reactive.result.method.annotation.RequestAttributeMethodArgumentResolverTests" time="0.008"/>
  <testcase name="resolveMonoParameter" classname="org.springframework.web.reactive.result.method.annotation.RequestAttributeMethodArgumentResolverTests" time="0.053"/>
  <testcase name="resolve" classname="org.springframework.web.reactive.result.method.annotation.RequestAttributeMethodArgumentResolverTests" time="0.005"/>
  <testcase name="resolveNotRequired" classname="org.springframework.web.reactive.result.method.annotation.RequestAttributeMethodArgumentResolverTests" time="0.005"/>
  <testcase name="resolveWithName" classname="org.springframework.web.reactive.result.method.annotation.RequestAttributeMethodArgumentResolverTests" time="0.005"/>
  <testcase name="supportsParameter" classname="org.springframework.web.reactive.result.method.annotation.RequestAttributeMethodArgumentResolverTests" time="0.006"/>
  <system-out><![CDATA[]]></system-out>
  <system-err><![CDATA[]]></system-err>
</testsuite>
