<?xml version="1.0" encoding="UTF-8"?>
<testsuite name="org.springframework.web.reactive.result.method.annotation.ResponseEntityResultHandlerTests" tests="16" skipped="0" failures="0" errors="0" timestamp="2020-11-25T14:42:42" hostname="lichangbaodeMacBook-Pro.local" time="0.055">
  <properties/>
  <testcase name="handleReturnValueEtagInvalidIfNoneMatch" classname="org.springframework.web.reactive.result.method.annotation.ResponseEntityResultHandlerTests" time="0.004"/>
  <testcase name="supports" classname="org.springframework.web.reactive.result.method.annotation.ResponseEntityResultHandlerTests" time="0.003"/>
  <testcase name="handleMonoWithWildcardBodyTypeAndNullBody" classname="org.springframework.web.reactive.result.method.annotation.ResponseEntityResultHandlerTests" time="0.002"/>
  <testcase name="handleReturnTypes" classname="org.springframework.web.reactive.result.method.annotation.ResponseEntityResultHandlerTests" time="0.005"/>
  <testcase name="defaultOrder" classname="org.springframework.web.reactive.result.method.annotation.ResponseEntityResultHandlerTests" time="0.003"/>
  <testcase name="responseEntityHeaders" classname="org.springframework.web.reactive.result.method.annotation.ResponseEntityResultHandlerTests" time="0.003"/>
  <testcase name="handleReturnValueEtag" classname="org.springframework.web.reactive.result.method.annotation.ResponseEntityResultHandlerTests" time="0.003"/>
  <testcase name="handleReturnValueChangedETagAndLastModified" classname="org.springframework.web.reactive.result.method.annotation.ResponseEntityResultHandlerTests" time="0.01"/>
  <testcase name="handleResponseEntityWithExistingResponseHeaders" classname="org.springframework.web.reactive.result.method.annotation.ResponseEntityResultHandlerTests" time="0.002"/>
  <testcase name="handleResponseEntityWithNullBody" classname="org.springframework.web.reactive.result.method.annotation.ResponseEntityResultHandlerTests" time="0.003"/>
  <testcase name="handleReturnValueETagAndLastModified" classname="org.springframework.web.reactive.result.method.annotation.ResponseEntityResultHandlerTests" time="0.002"/>
  <testcase name="doesNotSupport" classname="org.springframework.web.reactive.result.method.annotation.ResponseEntityResultHandlerTests" time="0.003"/>
  <testcase name="handleReturnValueLastModified" classname="org.springframework.web.reactive.result.method.annotation.ResponseEntityResultHandlerTests" time="0.003"/>
  <testcase name="responseEntityStatusCode" classname="org.springframework.web.reactive.result.method.annotation.ResponseEntityResultHandlerTests" time="0.003"/>
  <testcase name="handleMonoWithWildcardBodyType" classname="org.springframework.web.reactive.result.method.annotation.ResponseEntityResultHandlerTests" time="0.003"/>
  <testcase name="httpHeaders" classname="org.springframework.web.reactive.result.method.annotation.ResponseEntityResultHandlerTests" time="0.003"/>
  <system-out><![CDATA[22:42:42.571 [Test worker] DEBUG o.s.w.r.r.m.a.ResponseEntityResultHandler - Using 'text/plain;charset=UTF-8' given [*/*] and supported [text/plain;charset=UTF-8, text/plain;charset=UTF-8, */*]
22:42:42.571 [Test worker] DEBUG o.s.w.r.r.m.a.ResponseEntityResultHandler - [412c992f] 0..1 [java.lang.String]
22:42:42.571 [Test worker] DEBUG o.s.c.c.CharSequenceEncoder - [412c992f] Writing "body"
22:42:42.579 [Test worker] DEBUG o.s.w.r.r.m.a.ResponseEntityResultHandler - Using 'text/plain;charset=UTF-8' given [*/*] and supported [text/plain;charset=UTF-8, text/plain;charset=UTF-8, */*]
22:42:42.579 [Test worker] DEBUG o.s.w.r.r.m.a.ResponseEntityResultHandler - [2486437e] 0..1 [java.lang.String]
22:42:42.579 [Test worker] DEBUG o.s.c.c.CharSequenceEncoder - [2486437e] Writing "abc"
22:42:42.580 [Test worker] DEBUG o.s.w.r.r.m.a.ResponseEntityResultHandler - Using 'text/plain;charset=UTF-8' given [*/*] and supported [text/plain;charset=UTF-8, text/plain;charset=UTF-8, */*]
22:42:42.580 [Test worker] DEBUG o.s.w.r.r.m.a.ResponseEntityResultHandler - [216916c9] 0..1 [java.lang.String]
22:42:42.580 [Test worker] DEBUG o.s.c.c.CharSequenceEncoder - [216916c9] Writing "abc"
22:42:42.580 [Test worker] DEBUG o.s.w.r.r.m.a.ResponseEntityResultHandler - Using 'text/plain;charset=UTF-8' given [*/*] and supported [text/plain;charset=UTF-8, text/plain;charset=UTF-8, */*]
22:42:42.581 [Test worker] DEBUG o.s.w.r.r.m.a.ResponseEntityResultHandler - [30f37f6f] 0..1 [java.lang.String]
22:42:42.581 [Test worker] DEBUG o.s.c.c.CharSequenceEncoder - [30f37f6f] Writing "abc"
22:42:42.581 [Test worker] DEBUG o.s.w.r.r.m.a.ResponseEntityResultHandler - Using 'text/plain;charset=UTF-8' given [*/*] and supported [text/plain;charset=UTF-8, text/plain;charset=UTF-8, */*]
22:42:42.581 [Test worker] DEBUG o.s.w.r.r.m.a.ResponseEntityResultHandler - [4db1119] 0..1 [java.lang.String]
22:42:42.581 [Test worker] DEBUG o.s.c.c.CharSequenceEncoder - [4db1119] Writing "abc"
22:42:42.581 [Test worker] DEBUG o.s.w.r.r.m.a.ResponseEntityResultHandler - Using 'text/plain;charset=UTF-8' given [*/*] and supported [text/plain;charset=UTF-8, text/plain;charset=UTF-8, */*]
22:42:42.581 [Test worker] DEBUG o.s.w.r.r.m.a.ResponseEntityResultHandler - [12502f4f] 0..1 [java.lang.String]
22:42:42.582 [Test worker] DEBUG o.s.c.c.CharSequenceEncoder - [12502f4f] Writing "abc"
22:42:42.599 [Test worker] DEBUG o.s.w.r.r.m.a.ResponseEntityResultHandler - Using 'text/plain;charset=UTF-8' given [*/*] and supported [text/plain;charset=UTF-8, text/plain;charset=UTF-8, */*]
22:42:42.599 [Test worker] DEBUG o.s.w.r.r.m.a.ResponseEntityResultHandler - [681f5744] 0..1 [java.lang.String]
22:42:42.599 [Test worker] DEBUG o.s.c.c.CharSequenceEncoder - [681f5744] Writing "body"
22:42:42.619 [Test worker] DEBUG o.s.w.r.r.m.a.ResponseEntityResultHandler - Using 'application/json' given [*/*] and supported [application/json]
22:42:42.619 [Test worker] DEBUG o.s.w.r.r.m.a.ResponseEntityResultHandler - [3d690aa] 0..1 [java.lang.String]
22:42:42.619 [Test worker] DEBUG o.s.c.c.CharSequenceEncoder - [3d690aa] Writing "body"
]]></system-out>
  <system-err><![CDATA[]]></system-err>
</testsuite>
