<?xml version="1.0" encoding="UTF-8"?>
<testsuite name="org.springframework.web.reactive.function.server.RequestPredicateTests" tests="3" skipped="0" failures="0" errors="0" timestamp="2020-11-25T14:43:28" hostname="lichangbaodeMacBook-Pro.local" time="0.031">
  <properties/>
  <testcase name="negate" classname="org.springframework.web.reactive.function.server.RequestPredicateTests" time="0.011"/>
  <testcase name="or" classname="org.springframework.web.reactive.function.server.RequestPredicateTests" time="0.01"/>
  <testcase name="and" classname="org.springframework.web.reactive.function.server.RequestPredicateTests" time="0.01"/>
  <system-out><![CDATA[]]></system-out>
  <system-err><![CDATA[]]></system-err>
</testsuite>
