<?xml version="1.0" encoding="UTF-8"?>
<testsuite name="org.springframework.web.reactive.function.server.HandlerStrategiesTests" tests="2" skipped="0" failures="0" errors="0" timestamp="2020-11-25T14:43:24" hostname="lichangbaodeMacBook-Pro.local" time="0.01">
  <properties/>
  <testcase name="withDefaults" classname="org.springframework.web.reactive.function.server.HandlerStrategiesTests" time="0.01"/>
  <testcase name="empty" classname="org.springframework.web.reactive.function.server.HandlerStrategiesTests" time="0.0"/>
  <system-out><![CDATA[]]></system-out>
  <system-err><![CDATA[]]></system-err>
</testsuite>
