<?xml version="1.0" encoding="UTF-8"?>
<testsuite name="org.springframework.web.reactive.function.BodyInsertersTests" tests="12" skipped="0" failures="0" errors="0" timestamp="2020-11-25T14:43:28" hostname="lichangbaodeMacBook-Pro.local" time="0.037">
  <properties/>
  <testcase name="fromMultipartData" classname="org.springframework.web.reactive.function.BodyInsertersTests" time="0.004"/>
  <testcase name="ofDataBuffers" classname="org.springframework.web.reactive.function.BodyInsertersTests" time="0.003"/>
  <testcase name="ofObject" classname="org.springframework.web.reactive.function.BodyInsertersTests" time="0.003"/>
  <testcase name="fromFormDataMap" classname="org.springframework.web.reactive.function.BodyInsertersTests" time="0.004"/>
  <testcase name="ofPublisher" classname="org.springframework.web.reactive.function.BodyInsertersTests" time="0.003"/>
  <testcase name="ofString" classname="org.springframework.web.reactive.function.BodyInsertersTests" time="0.002"/>
  <testcase name="ofObjectWithHints" classname="org.springframework.web.reactive.function.BodyInsertersTests" time="0.002"/>
  <testcase name="ofResource" classname="org.springframework.web.reactive.function.BodyInsertersTests" time="0.004"/>
  <testcase name="fromMultipartDataWithMultipleValues" classname="org.springframework.web.reactive.function.BodyInsertersTests" time="0.002"/>
  <testcase name="ofResourceRange" classname="org.springframework.web.reactive.function.BodyInsertersTests" time="0.005"/>
  <testcase name="fromFormDataWith" classname="org.springframework.web.reactive.function.BodyInsertersTests" time="0.002"/>
  <testcase name="ofServerSentEventFlux" classname="org.springframework.web.reactive.function.BodyInsertersTests" time="0.002"/>
  <system-out><![CDATA[22:43:28.268 [Test worker] DEBUG o.s.h.c.m.MultipartHttpMessageWriter - Encoding parts [name 1, name 2, name 3] (content masked)
22:43:28.274 [Test worker] DEBUG o.s.h.c.j.Jackson2JsonEncoder - Encoding [org.springframework.web.reactive.function.BodyInsertersTests$User@70e74ba9]
22:43:28.277 [Test worker] DEBUG o.s.h.c.FormHttpMessageWriter - Writing form fields [name 1, name 2, name 3] (content masked)
22:43:28.281 [Test worker] DEBUG o.s.c.c.CharSequenceEncoder - Writing "foo"
22:43:28.283 [Test worker] DEBUG o.s.c.c.CharSequenceEncoder - Writing "foo"
22:43:28.285 [Test worker] DEBUG o.s.h.c.j.Jackson2JsonEncoder - Encoding [org.springframework.web.reactive.function.BodyInsertersTests$User@3f6900b7]
22:43:28.288 [Test worker] DEBUG o.s.h.c.ResourceHttpMessageWriter - Resource associated with 'text/plain'
22:43:28.288 [Test worker] DEBUG o.s.c.c.ResourceEncoder - Writing [class path resource [org/springframework/web/reactive/function/response.txt]]
22:43:28.291 [Test worker] DEBUG o.s.h.c.m.MultipartHttpMessageWriter - Encoding parts [name] (content masked)
22:43:28.294 [Test worker] DEBUG o.s.h.c.ResourceHttpMessageWriter - Resource associated with 'text/plain'
22:43:28.295 [Test worker] DEBUG o.s.c.c.ResourceRegionEncoder - Writing region 10-49 of [class path resource [org/springframework/web/reactive/function/response.txt]]
22:43:28.299 [Test worker] DEBUG o.s.h.c.FormHttpMessageWriter - Writing form fields [name 1, name 2, name 3] (content masked)
]]></system-out>
  <system-err><![CDATA[]]></system-err>
</testsuite>
