<?xml version="1.0" encoding="UTF-8"?>
<testsuite name="org.springframework.web.reactive.function.server.NestedRouteIntegrationTests" tests="24" skipped="0" failures="0" errors="0" timestamp="2020-11-25T14:43:24" hostname="lichangbaodeMacBook-Pro.local" time="0.641">
  <properties/>
  <testcase name="removeFailedPathVariablesAnd[server [org.springframework.http.server.reactive.bootstrap.JettyHttpServer@7cb1066a]]" classname="org.springframework.web.reactive.function.server.NestedRouteIntegrationTests" time="0.027"/>
  <testcase name="removeFailedNestedPathVariables[server [org.springframework.http.server.reactive.bootstrap.JettyHttpServer@7cb1066a]]" classname="org.springframework.web.reactive.function.server.NestedRouteIntegrationTests" time="0.025"/>
  <testcase name="variables[server [org.springframework.http.server.reactive.bootstrap.JettyHttpServer@7cb1066a]]" classname="org.springframework.web.reactive.function.server.NestedRouteIntegrationTests" time="0.024"/>
  <testcase name="bar[server [org.springframework.http.server.reactive.bootstrap.JettyHttpServer@7cb1066a]]" classname="org.springframework.web.reactive.function.server.NestedRouteIntegrationTests" time="0.023"/>
  <testcase name="baz[server [org.springframework.http.server.reactive.bootstrap.JettyHttpServer@7cb1066a]]" classname="org.springframework.web.reactive.function.server.NestedRouteIntegrationTests" time="0.023"/>
  <testcase name="parentVariables[server [org.springframework.http.server.reactive.bootstrap.JettyHttpServer@7cb1066a]]" classname="org.springframework.web.reactive.function.server.NestedRouteIntegrationTests" time="0.023"/>
  <testcase name="removeFailedPathVariablesAnd[server [org.springframework.http.server.reactive.bootstrap.ReactorHttpServer@5b314528]]" classname="org.springframework.web.reactive.function.server.NestedRouteIntegrationTests" time="0.023"/>
  <testcase name="removeFailedNestedPathVariables[server [org.springframework.http.server.reactive.bootstrap.ReactorHttpServer@5b314528]]" classname="org.springframework.web.reactive.function.server.NestedRouteIntegrationTests" time="0.022"/>
  <testcase name="variables[server [org.springframework.http.server.reactive.bootstrap.ReactorHttpServer@5b314528]]" classname="org.springframework.web.reactive.function.server.NestedRouteIntegrationTests" time="0.021"/>
  <testcase name="bar[server [org.springframework.http.server.reactive.bootstrap.ReactorHttpServer@5b314528]]" classname="org.springframework.web.reactive.function.server.NestedRouteIntegrationTests" time="0.021"/>
  <testcase name="baz[server [org.springframework.http.server.reactive.bootstrap.ReactorHttpServer@5b314528]]" classname="org.springframework.web.reactive.function.server.NestedRouteIntegrationTests" time="0.021"/>
  <testcase name="parentVariables[server [org.springframework.http.server.reactive.bootstrap.ReactorHttpServer@5b314528]]" classname="org.springframework.web.reactive.function.server.NestedRouteIntegrationTests" time="0.022"/>
  <testcase name="removeFailedPathVariablesAnd[server [org.springframework.http.server.reactive.bootstrap.TomcatHttpServer@76eda64c]]" classname="org.springframework.web.reactive.function.server.NestedRouteIntegrationTests" time="0.034"/>
  <testcase name="removeFailedNestedPathVariables[server [org.springframework.http.server.reactive.bootstrap.TomcatHttpServer@76eda64c]]" classname="org.springframework.web.reactive.function.server.NestedRouteIntegrationTests" time="0.038"/>
  <testcase name="variables[server [org.springframework.http.server.reactive.bootstrap.TomcatHttpServer@76eda64c]]" classname="org.springframework.web.reactive.function.server.NestedRouteIntegrationTests" time="0.041"/>
  <testcase name="bar[server [org.springframework.http.server.reactive.bootstrap.TomcatHttpServer@76eda64c]]" classname="org.springframework.web.reactive.function.server.NestedRouteIntegrationTests" time="0.039"/>
  <testcase name="baz[server [org.springframework.http.server.reactive.bootstrap.TomcatHttpServer@76eda64c]]" classname="org.springframework.web.reactive.function.server.NestedRouteIntegrationTests" time="0.037"/>
  <testcase name="parentVariables[server [org.springframework.http.server.reactive.bootstrap.TomcatHttpServer@76eda64c]]" classname="org.springframework.web.reactive.function.server.NestedRouteIntegrationTests" time="0.038"/>
  <testcase name="removeFailedPathVariablesAnd[server [org.springframework.http.server.reactive.bootstrap.UndertowHttpServer@23114b9e]]" classname="org.springframework.web.reactive.function.server.NestedRouteIntegrationTests" time="0.026"/>
  <testcase name="removeFailedNestedPathVariables[server [org.springframework.http.server.reactive.bootstrap.UndertowHttpServer@23114b9e]]" classname="org.springframework.web.reactive.function.server.NestedRouteIntegrationTests" time="0.023"/>
  <testcase name="variables[server [org.springframework.http.server.reactive.bootstrap.UndertowHttpServer@23114b9e]]" classname="org.springframework.web.reactive.function.server.NestedRouteIntegrationTests" time="0.023"/>
  <testcase name="bar[server [org.springframework.http.server.reactive.bootstrap.UndertowHttpServer@23114b9e]]" classname="org.springframework.web.reactive.function.server.NestedRouteIntegrationTests" time="0.023"/>
  <testcase name="baz[server [org.springframework.http.server.reactive.bootstrap.UndertowHttpServer@23114b9e]]" classname="org.springframework.web.reactive.function.server.NestedRouteIntegrationTests" time="0.022"/>
  <testcase name="parentVariables[server [org.springframework.http.server.reactive.bootstrap.UndertowHttpServer@23114b9e]]" classname="org.springframework.web.reactive.function.server.NestedRouteIntegrationTests" time="0.022"/>
  <system-out><![CDATA[22:43:24.939 [Test worker] DEBUG o.s.w.s.a.HttpWebHandlerAdapter - enableLoggingRequestDetails='false': form data and headers will be masked to prevent unsafe logging of potentially sensitive data
22:43:24.940 [Test worker] WARN  o.e.j.s.h.ContextHandler - Empty contextPath
22:43:24.940 [Test worker] INFO  o.e.j.s.h.ContextHandler - Started o.e.j.s.ServletContextHandler@ad786b3{/,null,AVAILABLE}
22:43:24.940 [Test worker] DEBUG o.s.h.s.r.b.JettyHttpServer - Starting JettyHttpServer...
22:43:24.940 [Test worker] INFO  o.e.j.s.Server - jetty-9.4.18.v20190429; built: 2019-04-29T20:42:08.989Z; git: e1bc35120a6617ee3df052294e433f3a25ce7097; jvm 1.8.0_211-b12
22:43:24.941 [Test worker] INFO  o.e.j.s.AbstractConnector - Started ServerConnector@d5e34f6{HTTP/1.1,[http/1.1]}{0.0.0.0:54937}
22:43:24.941 [Test worker] INFO  o.e.j.s.Server - Started @77367ms
22:43:24.941 [Test worker] DEBUG o.s.h.s.r.b.JettyHttpServer - Server started on port 54937(0 millis).
22:43:24.941 [Test worker] DEBUG o.s.w.c.RestTemplate - HTTP POST http://localhost:54937/qux/quux
22:43:24.941 [Test worker] DEBUG o.s.w.c.RestTemplate - Accept=[text/plain, application/json, application/x-jackson-smile, application/*+json, */*]
22:43:24.941 [Test worker] DEBUG o.s.w.c.RestTemplate - Writing [] with org.springframework.http.converter.StringHttpMessageConverter
22:43:24.942 [qtp864384025-6130] DEBUG o.s.w.s.a.HttpWebHandlerAdapter - [4bb8fec6] HTTP POST "/qux/quux"
22:43:24.943 [qtp864384025-6130] DEBUG o.s.c.c.CharSequenceEncoder - [4bb8fec6] Writing "{}"
22:43:24.943 [qtp864384025-6130] DEBUG o.s.w.s.a.HttpWebHandlerAdapter - [4bb8fec6] Completed 200 OK
22:43:24.943 [Test worker] DEBUG o.s.w.c.RestTemplate - Response 200 OK
22:43:24.943 [Test worker] DEBUG o.s.w.c.RestTemplate - Reading to [java.lang.String] as "text/plain;charset=utf-8"
22:43:24.943 [Test worker] DEBUG o.s.h.s.r.b.JettyHttpServer - Stopping JettyHttpServer...
22:43:24.943 [Test worker] INFO  o.e.j.s.h.ContextHandler - Stopped o.e.j.s.ServletContextHandler@ad786b3{/,null,UNAVAILABLE}
22:43:24.944 [Test worker] INFO  o.e.j.s.AbstractConnector - Stopped ServerConnector@d5e34f6{HTTP/1.1,[http/1.1]}{0.0.0.0:0}
22:43:24.944 [Test worker] DEBUG o.s.h.s.r.b.JettyHttpServer - Server stopped (0 millis).
22:43:24.964 [Test worker] DEBUG o.s.w.s.a.HttpWebHandlerAdapter - enableLoggingRequestDetails='false': form data and headers will be masked to prevent unsafe logging of potentially sensitive data
22:43:24.964 [Test worker] WARN  o.e.j.s.h.ContextHandler - Empty contextPath
22:43:24.964 [Test worker] INFO  o.e.j.s.h.ContextHandler - Started o.e.j.s.ServletContextHandler@303d78af{/,null,AVAILABLE}
22:43:24.964 [Test worker] DEBUG o.s.h.s.r.b.JettyHttpServer - Starting JettyHttpServer...
22:43:24.964 [Test worker] INFO  o.e.j.s.Server - jetty-9.4.18.v20190429; built: 2019-04-29T20:42:08.989Z; git: e1bc35120a6617ee3df052294e433f3a25ce7097; jvm 1.8.0_211-b12
22:43:24.965 [Test worker] INFO  o.e.j.s.AbstractConnector - Started ServerConnector@3b004930{HTTP/1.1,[http/1.1]}{0.0.0.0:54939}
22:43:24.965 [Test worker] INFO  o.e.j.s.Server - Started @77392ms
22:43:24.965 [Test worker] DEBUG o.s.h.s.r.b.JettyHttpServer - Server started on port 54939(0 millis).
22:43:24.965 [Test worker] DEBUG o.s.w.c.RestTemplate - HTTP GET http://localhost:54939/qux/quux
22:43:24.965 [Test worker] DEBUG o.s.w.c.RestTemplate - Accept=[text/plain, application/json, application/x-jackson-smile, application/*+json, */*]
22:43:24.966 [qtp1294080109-6142] DEBUG o.s.w.s.a.HttpWebHandlerAdapter - [21398418] HTTP GET "/qux/quux"
22:43:24.967 [qtp1294080109-6142] DEBUG o.s.c.c.CharSequenceEncoder - [21398418] Writing "/{qux}/quux"
22:43:24.967 [qtp1294080109-6142] DEBUG o.s.c.c.CharSequenceEncoder - [21398418] Writing "
"
22:43:24.967 [Test worker] DEBUG o.s.w.c.RestTemplate - Response 200 OK
22:43:24.967 [qtp1294080109-6142] DEBUG o.s.c.c.CharSequenceEncoder - [21398418] Writing "{qux=qux}"
22:43:24.967 [Test worker] DEBUG o.s.w.c.RestTemplate - Reading to [java.lang.String] as "text/plain;charset=utf-8"
22:43:24.967 [qtp1294080109-6142] DEBUG o.s.w.s.a.HttpWebHandlerAdapter - [21398418] Completed 200 OK
22:43:24.967 [Test worker] DEBUG o.s.h.s.r.b.JettyHttpServer - Stopping JettyHttpServer...
22:43:24.967 [Test worker] INFO  o.e.j.s.h.ContextHandler - Stopped o.e.j.s.ServletContextHandler@303d78af{/,null,UNAVAILABLE}
22:43:24.968 [Test worker] INFO  o.e.j.s.AbstractConnector - Stopped ServerConnector@3b004930{HTTP/1.1,[http/1.1]}{0.0.0.0:0}
22:43:24.968 [Test worker] DEBUG o.s.h.s.r.b.JettyHttpServer - Server stopped (0 millis).
22:43:24.988 [Test worker] DEBUG o.s.w.s.a.HttpWebHandlerAdapter - enableLoggingRequestDetails='false': form data and headers will be masked to prevent unsafe logging of potentially sensitive data
22:43:24.988 [Test worker] WARN  o.e.j.s.h.ContextHandler - Empty contextPath
22:43:24.988 [Test worker] INFO  o.e.j.s.h.ContextHandler - Started o.e.j.s.ServletContextHandler@394c2fd0{/,null,AVAILABLE}
22:43:24.988 [Test worker] DEBUG o.s.h.s.r.b.JettyHttpServer - Starting JettyHttpServer...
22:43:24.988 [Test worker] INFO  o.e.j.s.Server - jetty-9.4.18.v20190429; built: 2019-04-29T20:42:08.989Z; git: e1bc35120a6617ee3df052294e433f3a25ce7097; jvm 1.8.0_211-b12
22:43:24.989 [Test worker] INFO  o.e.j.s.AbstractConnector - Started ServerConnector@7fc6a44b{HTTP/1.1,[http/1.1]}{0.0.0.0:54941}
22:43:24.989 [Test worker] INFO  o.e.j.s.Server - Started @77416ms
22:43:24.989 [Test worker] DEBUG o.s.h.s.r.b.JettyHttpServer - Server started on port 54941(0 millis).
22:43:24.989 [Test worker] DEBUG o.s.w.c.RestTemplate - HTTP GET http://localhost:54941/1/2/3
22:43:24.989 [Test worker] DEBUG o.s.w.c.RestTemplate - Accept=[text/plain, application/json, application/x-jackson-smile, application/*+json, */*]
22:43:24.990 [qtp1530324539-6156] DEBUG o.s.w.s.a.HttpWebHandlerAdapter - [a180077] HTTP GET "/1/2/3"
22:43:24.990 [qtp1530324539-6156] DEBUG o.s.c.c.CharSequenceEncoder - [a180077] Writing "/{foo}/{bar}/{baz}"
22:43:24.991 [qtp1530324539-6156] DEBUG o.s.c.c.CharSequenceEncoder - [a180077] Writing "
"
22:43:24.991 [qtp1530324539-6156] DEBUG o.s.c.c.CharSequenceEncoder - [a180077] Writing "{foo=1, bar=2, baz=3}"
22:43:24.991 [Test worker] DEBUG o.s.w.c.RestTemplate - Response 200 OK
22:43:24.991 [Test worker] DEBUG o.s.w.c.RestTemplate - Reading to [java.lang.String] as "text/plain;charset=utf-8"
22:43:24.991 [qtp1530324539-6156] DEBUG o.s.w.s.a.HttpWebHandlerAdapter - [a180077] Completed 200 OK
22:43:24.991 [Test worker] DEBUG o.s.h.s.r.b.JettyHttpServer - Stopping JettyHttpServer...
22:43:24.991 [Test worker] INFO  o.e.j.s.h.ContextHandler - Stopped o.e.j.s.ServletContextHandler@394c2fd0{/,null,UNAVAILABLE}
22:43:24.992 [Test worker] INFO  o.e.j.s.AbstractConnector - Stopped ServerConnector@7fc6a44b{HTTP/1.1,[http/1.1]}{0.0.0.0:0}
22:43:24.992 [Test worker] DEBUG o.s.h.s.r.b.JettyHttpServer - Server stopped (0 millis).
22:43:25.012 [Test worker] DEBUG o.s.w.s.a.HttpWebHandlerAdapter - enableLoggingRequestDetails='false': form data and headers will be masked to prevent unsafe logging of potentially sensitive data
22:43:25.012 [Test worker] WARN  o.e.j.s.h.ContextHandler - Empty contextPath
22:43:25.013 [Test worker] INFO  o.e.j.s.h.ContextHandler - Started o.e.j.s.ServletContextHandler@3ea39b25{/,null,AVAILABLE}
22:43:25.013 [Test worker] DEBUG o.s.h.s.r.b.JettyHttpServer - Starting JettyHttpServer...
22:43:25.013 [Test worker] INFO  o.e.j.s.Server - jetty-9.4.18.v20190429; built: 2019-04-29T20:42:08.989Z; git: e1bc35120a6617ee3df052294e433f3a25ce7097; jvm 1.8.0_211-b12
22:43:25.013 [Test worker] INFO  o.e.j.s.AbstractConnector - Started ServerConnector@2efe88d8{HTTP/1.1,[http/1.1]}{0.0.0.0:54943}
22:43:25.013 [Test worker] INFO  o.e.j.s.Server - Started @77440ms
22:43:25.013 [Test worker] DEBUG o.s.h.s.r.b.JettyHttpServer - Server started on port 54943(0 millis).
22:43:25.014 [Test worker] DEBUG o.s.w.c.RestTemplate - HTTP GET http://localhost:54943/foo/bar
22:43:25.014 [Test worker] DEBUG o.s.w.c.RestTemplate - Accept=[text/plain, application/json, application/x-jackson-smile, application/*+json, */*]
22:43:25.014 [qtp1839046508-6170] DEBUG o.s.w.s.a.HttpWebHandlerAdapter - [10aa5b80] HTTP GET "/foo/bar"
22:43:25.015 [qtp1839046508-6170] DEBUG o.s.c.c.CharSequenceEncoder - [10aa5b80] Writing "/foo/bar"
22:43:25.015 [Test worker] DEBUG o.s.w.c.RestTemplate - Response 200 OK
22:43:25.015 [qtp1839046508-6170] DEBUG o.s.w.s.a.HttpWebHandlerAdapter - [10aa5b80] Completed 200 OK
22:43:25.015 [Test worker] DEBUG o.s.w.c.RestTemplate - Reading to [java.lang.String] as "text/plain;charset=utf-8"
22:43:25.015 [Test worker] DEBUG o.s.h.s.r.b.JettyHttpServer - Stopping JettyHttpServer...
22:43:25.015 [Test worker] INFO  o.e.j.s.h.ContextHandler - Stopped o.e.j.s.ServletContextHandler@3ea39b25{/,null,UNAVAILABLE}
22:43:25.015 [Test worker] INFO  o.e.j.s.AbstractConnector - Stopped ServerConnector@2efe88d8{HTTP/1.1,[http/1.1]}{0.0.0.0:0}
22:43:25.016 [Test worker] DEBUG o.s.h.s.r.b.JettyHttpServer - Server stopped (0 millis).
22:43:25.035 [Test worker] DEBUG o.s.w.s.a.HttpWebHandlerAdapter - enableLoggingRequestDetails='false': form data and headers will be masked to prevent unsafe logging of potentially sensitive data
22:43:25.035 [Test worker] WARN  o.e.j.s.h.ContextHandler - Empty contextPath
22:43:25.036 [Test worker] INFO  o.e.j.s.h.ContextHandler - Started o.e.j.s.ServletContextHandler@4d72a9fc{/,null,AVAILABLE}
22:43:25.036 [Test worker] DEBUG o.s.h.s.r.b.JettyHttpServer - Starting JettyHttpServer...
22:43:25.036 [Test worker] INFO  o.e.j.s.Server - jetty-9.4.18.v20190429; built: 2019-04-29T20:42:08.989Z; git: e1bc35120a6617ee3df052294e433f3a25ce7097; jvm 1.8.0_211-b12
22:43:25.036 [Test worker] INFO  o.e.j.s.AbstractConnector - Started ServerConnector@6f5d4d1a{HTTP/1.1,[http/1.1]}{0.0.0.0:54945}
22:43:25.036 [Test worker] INFO  o.e.j.s.Server - Started @77463ms
22:43:25.036 [Test worker] DEBUG o.s.h.s.r.b.JettyHttpServer - Server started on port 54945(0 millis).
22:43:25.037 [Test worker] DEBUG o.s.w.c.RestTemplate - HTTP GET http://localhost:54945/foo/baz
22:43:25.037 [Test worker] DEBUG o.s.w.c.RestTemplate - Accept=[text/plain, application/json, application/x-jackson-smile, application/*+json, */*]
22:43:25.037 [qtp681391849-6184] DEBUG o.s.w.s.a.HttpWebHandlerAdapter - [37fe78d1] HTTP GET "/foo/baz"
22:43:25.038 [qtp681391849-6184] DEBUG o.s.c.c.CharSequenceEncoder - [37fe78d1] Writing "/foo/baz"
22:43:25.038 [qtp681391849-6184] DEBUG o.s.w.s.a.HttpWebHandlerAdapter - [37fe78d1] Completed 200 OK
22:43:25.038 [Test worker] DEBUG o.s.w.c.RestTemplate - Response 200 OK
22:43:25.038 [Test worker] DEBUG o.s.w.c.RestTemplate - Reading to [java.lang.String] as "text/plain;charset=utf-8"
22:43:25.038 [Test worker] DEBUG o.s.h.s.r.b.JettyHttpServer - Stopping JettyHttpServer...
22:43:25.038 [Test worker] INFO  o.e.j.s.h.ContextHandler - Stopped o.e.j.s.ServletContextHandler@4d72a9fc{/,null,UNAVAILABLE}
22:43:25.038 [Test worker] INFO  o.e.j.s.AbstractConnector - Stopped ServerConnector@6f5d4d1a{HTTP/1.1,[http/1.1]}{0.0.0.0:0}
22:43:25.039 [Test worker] DEBUG o.s.h.s.r.b.JettyHttpServer - Server stopped (0 millis).
22:43:25.058 [Test worker] DEBUG o.s.w.s.a.HttpWebHandlerAdapter - enableLoggingRequestDetails='false': form data and headers will be masked to prevent unsafe logging of potentially sensitive data
22:43:25.058 [Test worker] WARN  o.e.j.s.h.ContextHandler - Empty contextPath
22:43:25.058 [Test worker] INFO  o.e.j.s.h.ContextHandler - Started o.e.j.s.ServletContextHandler@bb5402c{/,null,AVAILABLE}
22:43:25.058 [Test worker] DEBUG o.s.h.s.r.b.JettyHttpServer - Starting JettyHttpServer...
22:43:25.058 [Test worker] INFO  o.e.j.s.Server - jetty-9.4.18.v20190429; built: 2019-04-29T20:42:08.989Z; git: e1bc35120a6617ee3df052294e433f3a25ce7097; jvm 1.8.0_211-b12
22:43:25.059 [Test worker] INFO  o.e.j.s.AbstractConnector - Started ServerConnector@4c82f416{HTTP/1.1,[http/1.1]}{0.0.0.0:54947}
22:43:25.059 [Test worker] INFO  o.e.j.s.Server - Started @77486ms
22:43:25.059 [Test worker] DEBUG o.s.h.s.r.b.JettyHttpServer - Server started on port 54947(0 millis).
22:43:25.059 [Test worker] DEBUG o.s.w.c.RestTemplate - HTTP GET http://localhost:54947/1/bar
22:43:25.059 [Test worker] DEBUG o.s.w.c.RestTemplate - Accept=[text/plain, application/json, application/x-jackson-smile, application/*+json, */*]
22:43:25.060 [qtp1646591655-6198] DEBUG o.s.w.s.a.HttpWebHandlerAdapter - [56249a6b] HTTP GET "/1/bar"
22:43:25.061 [qtp1646591655-6198] DEBUG o.s.c.c.CharSequenceEncoder - [56249a6b] Writing "/{foo}/bar"
22:43:25.061 [qtp1646591655-6198] DEBUG o.s.c.c.CharSequenceEncoder - [56249a6b] Writing "
"
22:43:25.061 [qtp1646591655-6198] DEBUG o.s.c.c.CharSequenceEncoder - [56249a6b] Writing "{foo=1}"
22:43:25.061 [Test worker] DEBUG o.s.w.c.RestTemplate - Response 200 OK
22:43:25.061 [qtp1646591655-6198] DEBUG o.s.w.s.a.HttpWebHandlerAdapter - [56249a6b] Completed 200 OK
22:43:25.061 [Test worker] DEBUG o.s.w.c.RestTemplate - Reading to [java.lang.String] as "text/plain;charset=utf-8"
22:43:25.061 [Test worker] DEBUG o.s.h.s.r.b.JettyHttpServer - Stopping JettyHttpServer...
22:43:25.061 [Test worker] INFO  o.e.j.s.h.ContextHandler - Stopped o.e.j.s.ServletContextHandler@bb5402c{/,null,UNAVAILABLE}
22:43:25.062 [Test worker] INFO  o.e.j.s.AbstractConnector - Stopped ServerConnector@4c82f416{HTTP/1.1,[http/1.1]}{0.0.0.0:0}
22:43:25.062 [Test worker] DEBUG o.s.h.s.r.b.JettyHttpServer - Server stopped (0 millis).
22:43:25.082 [Test worker] DEBUG o.s.w.s.a.HttpWebHandlerAdapter - enableLoggingRequestDetails='false': form data and headers will be masked to prevent unsafe logging of potentially sensitive data
22:43:25.082 [Test worker] DEBUG o.s.h.s.r.b.ReactorHttpServer - Starting ReactorHttpServer...
22:43:25.083 [Test worker] DEBUG o.s.h.s.r.b.ReactorHttpServer - Server started on port 54949(0 millis).
22:43:25.083 [Test worker] DEBUG o.s.w.c.RestTemplate - HTTP POST http://localhost:54949/qux/quux
22:43:25.083 [Test worker] DEBUG o.s.w.c.RestTemplate - Accept=[text/plain, application/json, application/x-jackson-smile, application/*+json, */*]
22:43:25.083 [Test worker] DEBUG o.s.w.c.RestTemplate - Writing [] with org.springframework.http.converter.StringHttpMessageConverter
22:43:25.084 [reactor-http-nio-10] DEBUG o.s.w.s.a.HttpWebHandlerAdapter - [1cc680f6] HTTP POST "/qux/quux"
22:43:25.084 [reactor-http-nio-10] DEBUG o.s.c.c.CharSequenceEncoder - [1cc680f6] Writing "{}"
22:43:25.084 [Test worker] DEBUG o.s.w.c.RestTemplate - Response 200 OK
22:43:25.084 [reactor-http-nio-10] DEBUG o.s.w.s.a.HttpWebHandlerAdapter - [1cc680f6] Completed 200 OK
22:43:25.084 [Test worker] DEBUG o.s.w.c.RestTemplate - Reading to [java.lang.String] as "text/plain;charset=UTF-8"
22:43:25.085 [Test worker] DEBUG o.s.h.s.r.b.ReactorHttpServer - Stopping ReactorHttpServer...
22:43:25.085 [Test worker] DEBUG o.s.h.s.r.b.ReactorHttpServer - Server stopped (0 millis).
22:43:25.104 [Test worker] DEBUG o.s.w.s.a.HttpWebHandlerAdapter - enableLoggingRequestDetails='false': form data and headers will be masked to prevent unsafe logging of potentially sensitive data
22:43:25.104 [Test worker] DEBUG o.s.h.s.r.b.ReactorHttpServer - Starting ReactorHttpServer...
22:43:25.104 [Test worker] DEBUG o.s.h.s.r.b.ReactorHttpServer - Server started on port 54951(0 millis).
22:43:25.104 [Test worker] DEBUG o.s.w.c.RestTemplate - HTTP GET http://localhost:54951/qux/quux
22:43:25.104 [Test worker] DEBUG o.s.w.c.RestTemplate - Accept=[text/plain, application/json, application/x-jackson-smile, application/*+json, */*]
22:43:25.105 [reactor-http-nio-12] DEBUG o.s.w.s.a.HttpWebHandlerAdapter - [c0e893b0] HTTP GET "/qux/quux"
22:43:25.105 [reactor-http-nio-12] DEBUG o.s.c.c.CharSequenceEncoder - [c0e893b0] Writing "/{qux}/quux"
22:43:25.106 [Test worker] DEBUG o.s.w.c.RestTemplate - Response 200 OK
22:43:25.106 [reactor-http-nio-12] DEBUG o.s.c.c.CharSequenceEncoder - [c0e893b0] Writing "
"
22:43:25.106 [reactor-http-nio-12] DEBUG o.s.c.c.CharSequenceEncoder - [c0e893b0] Writing "{qux=qux}"
22:43:25.106 [reactor-http-nio-12] DEBUG o.s.w.s.a.HttpWebHandlerAdapter - [c0e893b0] Completed 200 OK
22:43:25.106 [Test worker] DEBUG o.s.w.c.RestTemplate - Reading to [java.lang.String] as "text/plain;charset=UTF-8"
22:43:25.107 [Test worker] DEBUG o.s.h.s.r.b.ReactorHttpServer - Stopping ReactorHttpServer...
22:43:25.107 [Test worker] DEBUG o.s.h.s.r.b.ReactorHttpServer - Server stopped (0 millis).
22:43:25.125 [Test worker] DEBUG o.s.w.s.a.HttpWebHandlerAdapter - enableLoggingRequestDetails='false': form data and headers will be masked to prevent unsafe logging of potentially sensitive data
22:43:25.125 [Test worker] DEBUG o.s.h.s.r.b.ReactorHttpServer - Starting ReactorHttpServer...
22:43:25.126 [Test worker] DEBUG o.s.h.s.r.b.ReactorHttpServer - Server started on port 54953(0 millis).
22:43:25.126 [Test worker] DEBUG o.s.w.c.RestTemplate - HTTP GET http://localhost:54953/1/2/3
22:43:25.126 [Test worker] DEBUG o.s.w.c.RestTemplate - Accept=[text/plain, application/json, application/x-jackson-smile, application/*+json, */*]
22:43:25.126 [reactor-http-nio-14] DEBUG o.s.w.s.a.HttpWebHandlerAdapter - [77376517] HTTP GET "/1/2/3"
22:43:25.127 [reactor-http-nio-14] DEBUG o.s.c.c.CharSequenceEncoder - [77376517] Writing "/{foo}/{bar}/{baz}"
22:43:25.127 [Test worker] DEBUG o.s.w.c.RestTemplate - Response 200 OK
22:43:25.127 [reactor-http-nio-14] DEBUG o.s.c.c.CharSequenceEncoder - [77376517] Writing "
"
22:43:25.127 [reactor-http-nio-14] DEBUG o.s.c.c.CharSequenceEncoder - [77376517] Writing "{foo=1, bar=2, baz=3}"
22:43:25.127 [reactor-http-nio-14] DEBUG o.s.w.s.a.HttpWebHandlerAdapter - [77376517] Completed 200 OK
22:43:25.128 [Test worker] DEBUG o.s.w.c.RestTemplate - Reading to [java.lang.String] as "text/plain;charset=UTF-8"
22:43:25.128 [Test worker] DEBUG o.s.h.s.r.b.ReactorHttpServer - Stopping ReactorHttpServer...
22:43:25.128 [Test worker] DEBUG o.s.h.s.r.b.ReactorHttpServer - Server stopped (0 millis).
22:43:25.146 [Test worker] DEBUG o.s.w.s.a.HttpWebHandlerAdapter - enableLoggingRequestDetails='false': form data and headers will be masked to prevent unsafe logging of potentially sensitive data
22:43:25.146 [Test worker] DEBUG o.s.h.s.r.b.ReactorHttpServer - Starting ReactorHttpServer...
22:43:25.147 [Test worker] DEBUG o.s.h.s.r.b.ReactorHttpServer - Server started on port 54955(0 millis).
22:43:25.147 [Test worker] DEBUG o.s.w.c.RestTemplate - HTTP GET http://localhost:54955/foo/bar
22:43:25.147 [Test worker] DEBUG o.s.w.c.RestTemplate - Accept=[text/plain, application/json, application/x-jackson-smile, application/*+json, */*]
22:43:25.147 [reactor-http-nio-16] DEBUG o.s.w.s.a.HttpWebHandlerAdapter - [50062fec] HTTP GET "/foo/bar"
22:43:25.147 [reactor-http-nio-16] DEBUG o.s.c.c.CharSequenceEncoder - [50062fec] Writing "/foo/bar"
22:43:25.148 [Test worker] DEBUG o.s.w.c.RestTemplate - Response 200 OK
22:43:25.148 [Test worker] DEBUG o.s.w.c.RestTemplate - Reading to [java.lang.String] as "text/plain;charset=UTF-8"
22:43:25.148 [Test worker] DEBUG o.s.h.s.r.b.ReactorHttpServer - Stopping ReactorHttpServer...
22:43:25.148 [Test worker] DEBUG o.s.h.s.r.b.ReactorHttpServer - Server stopped (0 millis).
22:43:25.168 [Test worker] DEBUG o.s.w.s.a.HttpWebHandlerAdapter - enableLoggingRequestDetails='false': form data and headers will be masked to prevent unsafe logging of potentially sensitive data
22:43:25.168 [Test worker] DEBUG o.s.h.s.r.b.ReactorHttpServer - Starting ReactorHttpServer...
22:43:25.168 [Test worker] DEBUG o.s.h.s.r.b.ReactorHttpServer - Server started on port 54957(0 millis).
22:43:25.168 [Test worker] DEBUG o.s.w.c.RestTemplate - HTTP GET http://localhost:54957/foo/baz
22:43:25.168 [Test worker] DEBUG o.s.w.c.RestTemplate - Accept=[text/plain, application/json, application/x-jackson-smile, application/*+json, */*]
22:43:25.169 [reactor-http-nio-2] DEBUG o.s.w.s.a.HttpWebHandlerAdapter - [e7bdc993] HTTP GET "/foo/baz"
22:43:25.169 [reactor-http-nio-2] DEBUG o.s.c.c.CharSequenceEncoder - [e7bdc993] Writing "/foo/baz"
22:43:25.170 [Test worker] DEBUG o.s.w.c.RestTemplate - Response 200 OK
22:43:25.170 [Test worker] DEBUG o.s.w.c.RestTemplate - Reading to [java.lang.String] as "text/plain;charset=UTF-8"
22:43:25.170 [Test worker] DEBUG o.s.h.s.r.b.ReactorHttpServer - Stopping ReactorHttpServer...
22:43:25.170 [Test worker] DEBUG o.s.h.s.r.b.ReactorHttpServer - Server stopped (0 millis).
22:43:25.189 [Test worker] DEBUG o.s.w.s.a.HttpWebHandlerAdapter - enableLoggingRequestDetails='false': form data and headers will be masked to prevent unsafe logging of potentially sensitive data
22:43:25.189 [Test worker] DEBUG o.s.h.s.r.b.ReactorHttpServer - Starting ReactorHttpServer...
22:43:25.190 [Test worker] DEBUG o.s.h.s.r.b.ReactorHttpServer - Server started on port 54959(0 millis).
22:43:25.190 [Test worker] DEBUG o.s.w.c.RestTemplate - HTTP GET http://localhost:54959/1/bar
22:43:25.190 [Test worker] DEBUG o.s.w.c.RestTemplate - Accept=[text/plain, application/json, application/x-jackson-smile, application/*+json, */*]
22:43:25.190 [reactor-http-nio-4] DEBUG o.s.w.s.a.HttpWebHandlerAdapter - [8f7aa900] HTTP GET "/1/bar"
22:43:25.191 [reactor-http-nio-4] DEBUG o.s.c.c.CharSequenceEncoder - [8f7aa900] Writing "/{foo}/bar"
22:43:25.191 [Test worker] DEBUG o.s.w.c.RestTemplate - Response 200 OK
22:43:25.191 [reactor-http-nio-4] DEBUG o.s.c.c.CharSequenceEncoder - [8f7aa900] Writing "
"
22:43:25.191 [reactor-http-nio-4] DEBUG o.s.c.c.CharSequenceEncoder - [8f7aa900] Writing "{foo=1}"
22:43:25.192 [reactor-http-nio-4] DEBUG o.s.w.s.a.HttpWebHandlerAdapter - [8f7aa900] Completed 200 OK
22:43:25.192 [Test worker] DEBUG o.s.w.c.RestTemplate - Reading to [java.lang.String] as "text/plain;charset=UTF-8"
22:43:25.192 [Test worker] DEBUG o.s.h.s.r.b.ReactorHttpServer - Stopping ReactorHttpServer...
22:43:25.192 [Test worker] DEBUG o.s.h.s.r.b.ReactorHttpServer - Server stopped (0 millis).
22:43:25.211 [Test worker] DEBUG o.s.w.s.a.HttpWebHandlerAdapter - enableLoggingRequestDetails='false': form data and headers will be masked to prevent unsafe logging of potentially sensitive data
22:43:25.211 [Test worker] DEBUG o.s.h.s.r.b.TomcatHttpServer - Starting TomcatHttpServer...
22:43:25.215 [Test worker] DEBUG o.s.h.s.r.b.TomcatHttpServer - Server started on port 54961(0 millis).
22:43:25.215 [Test worker] DEBUG o.s.w.c.RestTemplate - HTTP POST http://localhost:54961/qux/quux
22:43:25.215 [Test worker] DEBUG o.s.w.c.RestTemplate - Accept=[text/plain, application/json, application/x-jackson-smile, application/*+json, */*]
22:43:25.215 [Test worker] DEBUG o.s.w.c.RestTemplate - Writing [] with org.springframework.http.converter.StringHttpMessageConverter
22:43:25.216 [http-nio-auto-132-exec-1] DEBUG o.s.w.s.a.HttpWebHandlerAdapter - [5fec98bf] HTTP POST "/qux/quux"
22:43:25.216 [http-nio-auto-132-exec-1] DEBUG o.s.c.c.CharSequenceEncoder - [5fec98bf] Writing "{}"
22:43:25.216 [http-nio-auto-132-exec-1] DEBUG o.s.w.s.a.HttpWebHandlerAdapter - [5fec98bf] Completed 200 OK
22:43:25.216 [Test worker] DEBUG o.s.w.c.RestTemplate - Response 200 OK
22:43:25.216 [Test worker] DEBUG o.s.w.c.RestTemplate - Reading to [java.lang.String] as "text/plain;charset=UTF-8"
22:43:25.216 [Test worker] DEBUG o.s.h.s.r.b.TomcatHttpServer - Stopping TomcatHttpServer...
22:43:25.226 [Test worker] DEBUG o.s.h.s.r.b.TomcatHttpServer - Server stopped (0 millis).
22:43:25.247 [Test worker] DEBUG o.s.w.s.a.HttpWebHandlerAdapter - enableLoggingRequestDetails='false': form data and headers will be masked to prevent unsafe logging of potentially sensitive data
22:43:25.248 [Test worker] DEBUG o.s.h.s.r.b.TomcatHttpServer - Starting TomcatHttpServer...
22:43:25.251 [Test worker] DEBUG o.s.h.s.r.b.TomcatHttpServer - Server started on port 54964(0 millis).
22:43:25.251 [Test worker] DEBUG o.s.w.c.RestTemplate - HTTP GET http://localhost:54964/qux/quux
22:43:25.252 [Test worker] DEBUG o.s.w.c.RestTemplate - Accept=[text/plain, application/json, application/x-jackson-smile, application/*+json, */*]
22:43:25.252 [http-nio-auto-133-exec-1] DEBUG o.s.w.s.a.HttpWebHandlerAdapter - [203892af] HTTP GET "/qux/quux"
22:43:25.253 [http-nio-auto-133-exec-1] DEBUG o.s.c.c.CharSequenceEncoder - [203892af] Writing "/{qux}/quux"
22:43:25.253 [http-nio-auto-133-exec-1] DEBUG o.s.c.c.CharSequenceEncoder - [203892af] Writing "
"
22:43:25.253 [http-nio-auto-133-exec-1] DEBUG o.s.c.c.CharSequenceEncoder - [203892af] Writing "{qux=qux}"
22:43:25.253 [http-nio-auto-133-exec-1] DEBUG o.s.w.s.a.HttpWebHandlerAdapter - [203892af] Completed 200 OK
22:43:25.253 [Test worker] DEBUG o.s.w.c.RestTemplate - Response 200 OK
22:43:25.253 [Test worker] DEBUG o.s.w.c.RestTemplate - Reading to [java.lang.String] as "text/plain;charset=UTF-8"
22:43:25.253 [Test worker] DEBUG o.s.h.s.r.b.TomcatHttpServer - Stopping TomcatHttpServer...
22:43:25.264 [Test worker] DEBUG o.s.h.s.r.b.TomcatHttpServer - Server stopped (0 millis).
22:43:25.287 [Test worker] DEBUG o.s.w.s.a.HttpWebHandlerAdapter - enableLoggingRequestDetails='false': form data and headers will be masked to prevent unsafe logging of potentially sensitive data
22:43:25.287 [Test worker] DEBUG o.s.h.s.r.b.TomcatHttpServer - Starting TomcatHttpServer...
22:43:25.291 [Test worker] DEBUG o.s.h.s.r.b.TomcatHttpServer - Server started on port 54967(0 millis).
22:43:25.291 [Test worker] DEBUG o.s.w.c.RestTemplate - HTTP GET http://localhost:54967/1/2/3
22:43:25.291 [Test worker] DEBUG o.s.w.c.RestTemplate - Accept=[text/plain, application/json, application/x-jackson-smile, application/*+json, */*]
22:43:25.292 [http-nio-auto-134-exec-1] DEBUG o.s.w.s.a.HttpWebHandlerAdapter - [4802b9df] HTTP GET "/1/2/3"
22:43:25.292 [http-nio-auto-134-exec-1] DEBUG o.s.c.c.CharSequenceEncoder - [4802b9df] Writing "/{foo}/{bar}/{baz}"
22:43:25.293 [http-nio-auto-134-exec-1] DEBUG o.s.c.c.CharSequenceEncoder - [4802b9df] Writing "
"
22:43:25.293 [http-nio-auto-134-exec-1] DEBUG o.s.c.c.CharSequenceEncoder - [4802b9df] Writing "{foo=1, bar=2, baz=3}"
22:43:25.293 [http-nio-auto-134-exec-1] DEBUG o.s.w.s.a.HttpWebHandlerAdapter - [4802b9df] Completed 200 OK
22:43:25.293 [Test worker] DEBUG o.s.w.c.RestTemplate - Response 200 OK
22:43:25.293 [Test worker] DEBUG o.s.w.c.RestTemplate - Reading to [java.lang.String] as "text/plain;charset=UTF-8"
22:43:25.293 [Test worker] DEBUG o.s.h.s.r.b.TomcatHttpServer - Stopping TomcatHttpServer...
22:43:25.304 [Test worker] DEBUG o.s.h.s.r.b.TomcatHttpServer - Server stopped (0 millis).
22:43:25.329 [Test worker] DEBUG o.s.w.s.a.HttpWebHandlerAdapter - enableLoggingRequestDetails='false': form data and headers will be masked to prevent unsafe logging of potentially sensitive data
22:43:25.329 [Test worker] DEBUG o.s.h.s.r.b.TomcatHttpServer - Starting TomcatHttpServer...
22:43:25.332 [Test worker] DEBUG o.s.h.s.r.b.TomcatHttpServer - Server started on port 54970(0 millis).
22:43:25.332 [Test worker] DEBUG o.s.w.c.RestTemplate - HTTP GET http://localhost:54970/foo/bar
22:43:25.332 [Test worker] DEBUG o.s.w.c.RestTemplate - Accept=[text/plain, application/json, application/x-jackson-smile, application/*+json, */*]
22:43:25.333 [http-nio-auto-135-exec-1] DEBUG o.s.w.s.a.HttpWebHandlerAdapter - [6eb5322e] HTTP GET "/foo/bar"
22:43:25.333 [http-nio-auto-135-exec-1] DEBUG o.s.c.c.CharSequenceEncoder - [6eb5322e] Writing "/foo/bar"
22:43:25.334 [http-nio-auto-135-exec-1] DEBUG o.s.w.s.a.HttpWebHandlerAdapter - [6eb5322e] Completed 200 OK
22:43:25.334 [Test worker] DEBUG o.s.w.c.RestTemplate - Response 200 OK
22:43:25.334 [Test worker] DEBUG o.s.w.c.RestTemplate - Reading to [java.lang.String] as "text/plain;charset=UTF-8"
22:43:25.334 [Test worker] DEBUG o.s.h.s.r.b.TomcatHttpServer - Stopping TomcatHttpServer...
22:43:25.344 [Test worker] DEBUG o.s.h.s.r.b.TomcatHttpServer - Server stopped (0 millis).
22:43:25.363 [Test worker] DEBUG o.s.w.s.a.HttpWebHandlerAdapter - enableLoggingRequestDetails='false': form data and headers will be masked to prevent unsafe logging of potentially sensitive data
22:43:25.364 [Test worker] DEBUG o.s.h.s.r.b.TomcatHttpServer - Starting TomcatHttpServer...
22:43:25.368 [Test worker] DEBUG o.s.h.s.r.b.TomcatHttpServer - Server started on port 54973(0 millis).
22:43:25.368 [Test worker] DEBUG o.s.w.c.RestTemplate - HTTP GET http://localhost:54973/foo/baz
22:43:25.368 [Test worker] DEBUG o.s.w.c.RestTemplate - Accept=[text/plain, application/json, application/x-jackson-smile, application/*+json, */*]
22:43:25.369 [http-nio-auto-136-exec-1] DEBUG o.s.w.s.a.HttpWebHandlerAdapter - [6a7f5110] HTTP GET "/foo/baz"
22:43:25.369 [http-nio-auto-136-exec-1] DEBUG o.s.c.c.CharSequenceEncoder - [6a7f5110] Writing "/foo/baz"
22:43:25.369 [http-nio-auto-136-exec-1] DEBUG o.s.w.s.a.HttpWebHandlerAdapter - [6a7f5110] Completed 200 OK
22:43:25.369 [Test worker] DEBUG o.s.w.c.RestTemplate - Response 200 OK
22:43:25.369 [Test worker] DEBUG o.s.w.c.RestTemplate - Reading to [java.lang.String] as "text/plain;charset=UTF-8"
22:43:25.369 [Test worker] DEBUG o.s.h.s.r.b.TomcatHttpServer - Stopping TomcatHttpServer...
22:43:25.381 [Test worker] DEBUG o.s.h.s.r.b.TomcatHttpServer - Server stopped (0 millis).
22:43:25.405 [Test worker] DEBUG o.s.w.s.a.HttpWebHandlerAdapter - enableLoggingRequestDetails='false': form data and headers will be masked to prevent unsafe logging of potentially sensitive data
22:43:25.405 [Test worker] DEBUG o.s.h.s.r.b.TomcatHttpServer - Starting TomcatHttpServer...
22:43:25.408 [Test worker] DEBUG o.s.h.s.r.b.TomcatHttpServer - Server started on port 54976(0 millis).
22:43:25.408 [Test worker] DEBUG o.s.w.c.RestTemplate - HTTP GET http://localhost:54976/1/bar
22:43:25.408 [Test worker] DEBUG o.s.w.c.RestTemplate - Accept=[text/plain, application/json, application/x-jackson-smile, application/*+json, */*]
22:43:25.409 [http-nio-auto-137-exec-1] DEBUG o.s.w.s.a.HttpWebHandlerAdapter - [7583df6b] HTTP GET "/1/bar"
22:43:25.409 [http-nio-auto-137-exec-1] DEBUG o.s.c.c.CharSequenceEncoder - [7583df6b] Writing "/{foo}/bar"
22:43:25.409 [http-nio-auto-137-exec-1] DEBUG o.s.c.c.CharSequenceEncoder - [7583df6b] Writing "
"
22:43:25.409 [http-nio-auto-137-exec-1] DEBUG o.s.c.c.CharSequenceEncoder - [7583df6b] Writing "{foo=1}"
22:43:25.409 [http-nio-auto-137-exec-1] DEBUG o.s.w.s.a.HttpWebHandlerAdapter - [7583df6b] Completed 200 OK
22:43:25.410 [Test worker] DEBUG o.s.w.c.RestTemplate - Response 200 OK
22:43:25.410 [Test worker] DEBUG o.s.w.c.RestTemplate - Reading to [java.lang.String] as "text/plain;charset=UTF-8"
22:43:25.410 [Test worker] DEBUG o.s.h.s.r.b.TomcatHttpServer - Stopping TomcatHttpServer...
22:43:25.419 [Test worker] DEBUG o.s.h.s.r.b.TomcatHttpServer - Server stopped (0 millis).
22:43:25.441 [Test worker] DEBUG o.s.w.s.a.HttpWebHandlerAdapter - enableLoggingRequestDetails='false': form data and headers will be masked to prevent unsafe logging of potentially sensitive data
22:43:25.441 [Test worker] DEBUG o.s.h.s.r.b.UndertowHttpServer - Starting UndertowHttpServer...
22:43:25.443 [Test worker] DEBUG o.s.h.s.r.b.UndertowHttpServer - Server started on port 54979(0 millis).
22:43:25.443 [Test worker] DEBUG o.s.w.c.RestTemplate - HTTP POST http://localhost:54979/qux/quux
22:43:25.443 [Test worker] DEBUG o.s.w.c.RestTemplate - Accept=[text/plain, application/json, application/x-jackson-smile, application/*+json, */*]
22:43:25.443 [Test worker] DEBUG o.s.w.c.RestTemplate - Writing [] with org.springframework.http.converter.StringHttpMessageConverter
22:43:25.444 [XNIO-131 I/O-10] DEBUG o.s.w.s.a.HttpWebHandlerAdapter - [67044730] HTTP POST "/qux/quux"
22:43:25.444 [XNIO-131 I/O-10] DEBUG o.s.c.c.CharSequenceEncoder - [67044730] Writing "{}"
22:43:25.444 [XNIO-131 I/O-10] DEBUG o.s.w.s.a.HttpWebHandlerAdapter - [67044730] Completed 200 OK
22:43:25.444 [Test worker] DEBUG o.s.w.c.RestTemplate - Response 200 OK
22:43:25.444 [Test worker] DEBUG o.s.w.c.RestTemplate - Reading to [java.lang.String] as "text/plain;charset=UTF-8"
22:43:25.445 [Test worker] DEBUG o.s.h.s.r.b.UndertowHttpServer - Stopping UndertowHttpServer...
22:43:25.445 [Test worker] DEBUG o.s.h.s.r.b.UndertowHttpServer - Server stopped (0 millis).
22:43:25.464 [Test worker] DEBUG o.s.w.s.a.HttpWebHandlerAdapter - enableLoggingRequestDetails='false': form data and headers will be masked to prevent unsafe logging of potentially sensitive data
22:43:25.464 [Test worker] DEBUG o.s.h.s.r.b.UndertowHttpServer - Starting UndertowHttpServer...
22:43:25.466 [Test worker] DEBUG o.s.h.s.r.b.UndertowHttpServer - Server started on port 54981(0 millis).
22:43:25.466 [Test worker] DEBUG o.s.w.c.RestTemplate - HTTP GET http://localhost:54981/qux/quux
22:43:25.466 [Test worker] DEBUG o.s.w.c.RestTemplate - Accept=[text/plain, application/json, application/x-jackson-smile, application/*+json, */*]
22:43:25.466 [XNIO-132 I/O-10] DEBUG o.s.w.s.a.HttpWebHandlerAdapter - [38f21a10] HTTP GET "/qux/quux"
22:43:25.466 [XNIO-132 I/O-10] DEBUG o.s.c.c.CharSequenceEncoder - [38f21a10] Writing "/{qux}/quux"
22:43:25.467 [XNIO-132 I/O-10] DEBUG o.s.c.c.CharSequenceEncoder - [38f21a10] Writing "
"
22:43:25.467 [XNIO-132 I/O-10] DEBUG o.s.c.c.CharSequenceEncoder - [38f21a10] Writing "{qux=qux}"
22:43:25.467 [Test worker] DEBUG o.s.w.c.RestTemplate - Response 200 OK
22:43:25.467 [XNIO-132 I/O-10] DEBUG o.s.w.s.a.HttpWebHandlerAdapter - [38f21a10] Completed 200 OK
22:43:25.467 [Test worker] DEBUG o.s.w.c.RestTemplate - Reading to [java.lang.String] as "text/plain;charset=UTF-8"
22:43:25.467 [Test worker] DEBUG o.s.h.s.r.b.UndertowHttpServer - Stopping UndertowHttpServer...
22:43:25.467 [Test worker] DEBUG o.s.h.s.r.b.UndertowHttpServer - Server stopped (0 millis).
22:43:25.487 [Test worker] DEBUG o.s.w.s.a.HttpWebHandlerAdapter - enableLoggingRequestDetails='false': form data and headers will be masked to prevent unsafe logging of potentially sensitive data
22:43:25.487 [Test worker] DEBUG o.s.h.s.r.b.UndertowHttpServer - Starting UndertowHttpServer...
22:43:25.488 [Test worker] DEBUG o.s.h.s.r.b.UndertowHttpServer - Server started on port 54983(0 millis).
22:43:25.488 [Test worker] DEBUG o.s.w.c.RestTemplate - HTTP GET http://localhost:54983/1/2/3
22:43:25.489 [Test worker] DEBUG o.s.w.c.RestTemplate - Accept=[text/plain, application/json, application/x-jackson-smile, application/*+json, */*]
22:43:25.489 [XNIO-133 I/O-10] DEBUG o.s.w.s.a.HttpWebHandlerAdapter - [7c676937] HTTP GET "/1/2/3"
22:43:25.489 [XNIO-133 I/O-10] DEBUG o.s.c.c.CharSequenceEncoder - [7c676937] Writing "/{foo}/{bar}/{baz}"
22:43:25.489 [XNIO-133 I/O-10] DEBUG o.s.c.c.CharSequenceEncoder - [7c676937] Writing "
"
22:43:25.490 [XNIO-133 I/O-10] DEBUG o.s.c.c.CharSequenceEncoder - [7c676937] Writing "{foo=1, bar=2, baz=3}"
22:43:25.490 [XNIO-133 I/O-10] DEBUG o.s.w.s.a.HttpWebHandlerAdapter - [7c676937] Completed 200 OK
22:43:25.490 [Test worker] DEBUG o.s.w.c.RestTemplate - Response 200 OK
22:43:25.490 [Test worker] DEBUG o.s.w.c.RestTemplate - Reading to [java.lang.String] as "text/plain;charset=UTF-8"
22:43:25.490 [Test worker] DEBUG o.s.h.s.r.b.UndertowHttpServer - Stopping UndertowHttpServer...
22:43:25.490 [Test worker] DEBUG o.s.h.s.r.b.UndertowHttpServer - Server stopped (0 millis).
22:43:25.509 [Test worker] DEBUG o.s.w.s.a.HttpWebHandlerAdapter - enableLoggingRequestDetails='false': form data and headers will be masked to prevent unsafe logging of potentially sensitive data
22:43:25.509 [Test worker] DEBUG o.s.h.s.r.b.UndertowHttpServer - Starting UndertowHttpServer...
22:43:25.511 [Test worker] DEBUG o.s.h.s.r.b.UndertowHttpServer - Server started on port 54988(0 millis).
22:43:25.512 [Test worker] DEBUG o.s.w.c.RestTemplate - HTTP GET http://localhost:54988/foo/bar
22:43:25.512 [Test worker] DEBUG o.s.w.c.RestTemplate - Accept=[text/plain, application/json, application/x-jackson-smile, application/*+json, */*]
22:43:25.512 [XNIO-134 I/O-2] DEBUG o.s.w.s.a.HttpWebHandlerAdapter - [cecd549] HTTP GET "/foo/bar"
22:43:25.513 [XNIO-134 I/O-2] DEBUG o.s.c.c.CharSequenceEncoder - [cecd549] Writing "/foo/bar"
22:43:25.513 [XNIO-134 I/O-2] DEBUG o.s.w.s.a.HttpWebHandlerAdapter - [cecd549] Completed 200 OK
22:43:25.513 [Test worker] DEBUG o.s.w.c.RestTemplate - Response 200 OK
22:43:25.513 [Test worker] DEBUG o.s.w.c.RestTemplate - Reading to [java.lang.String] as "text/plain;charset=UTF-8"
22:43:25.513 [Test worker] DEBUG o.s.h.s.r.b.UndertowHttpServer - Stopping UndertowHttpServer...
22:43:25.513 [Test worker] DEBUG o.s.h.s.r.b.UndertowHttpServer - Server stopped (0 millis).
22:43:25.533 [Test worker] DEBUG o.s.w.s.a.HttpWebHandlerAdapter - enableLoggingRequestDetails='false': form data and headers will be masked to prevent unsafe logging of potentially sensitive data
22:43:25.533 [Test worker] DEBUG o.s.h.s.r.b.UndertowHttpServer - Starting UndertowHttpServer...
22:43:25.534 [Test worker] DEBUG o.s.h.s.r.b.UndertowHttpServer - Server started on port 54990(0 millis).
22:43:25.534 [Test worker] DEBUG o.s.w.c.RestTemplate - HTTP GET http://localhost:54990/foo/baz
22:43:25.534 [Test worker] DEBUG o.s.w.c.RestTemplate - Accept=[text/plain, application/json, application/x-jackson-smile, application/*+json, */*]
22:43:25.535 [XNIO-135 I/O-2] DEBUG o.s.w.s.a.HttpWebHandlerAdapter - [50cab1c7] HTTP GET "/foo/baz"
22:43:25.535 [XNIO-135 I/O-2] DEBUG o.s.c.c.CharSequenceEncoder - [50cab1c7] Writing "/foo/baz"
22:43:25.535 [XNIO-135 I/O-2] DEBUG o.s.w.s.a.HttpWebHandlerAdapter - [50cab1c7] Completed 200 OK
22:43:25.535 [Test worker] DEBUG o.s.w.c.RestTemplate - Response 200 OK
22:43:25.536 [Test worker] DEBUG o.s.w.c.RestTemplate - Reading to [java.lang.String] as "text/plain;charset=UTF-8"
22:43:25.536 [Test worker] DEBUG o.s.h.s.r.b.UndertowHttpServer - Stopping UndertowHttpServer...
22:43:25.536 [Test worker] DEBUG o.s.h.s.r.b.UndertowHttpServer - Server stopped (0 millis).
22:43:25.554 [Test worker] DEBUG o.s.w.s.a.HttpWebHandlerAdapter - enableLoggingRequestDetails='false': form data and headers will be masked to prevent unsafe logging of potentially sensitive data
22:43:25.555 [Test worker] DEBUG o.s.h.s.r.b.UndertowHttpServer - Starting UndertowHttpServer...
22:43:25.556 [Test worker] DEBUG o.s.h.s.r.b.UndertowHttpServer - Server started on port 54992(0 millis).
22:43:25.556 [Test worker] DEBUG o.s.w.c.RestTemplate - HTTP GET http://localhost:54992/1/bar
22:43:25.556 [Test worker] DEBUG o.s.w.c.RestTemplate - Accept=[text/plain, application/json, application/x-jackson-smile, application/*+json, */*]
22:43:25.557 [XNIO-136 I/O-2] DEBUG o.s.w.s.a.HttpWebHandlerAdapter - [4f646490] HTTP GET "/1/bar"
22:43:25.557 [XNIO-136 I/O-2] DEBUG o.s.c.c.CharSequenceEncoder - [4f646490] Writing "/{foo}/bar"
22:43:25.557 [XNIO-136 I/O-2] DEBUG o.s.c.c.CharSequenceEncoder - [4f646490] Writing "
"
22:43:25.557 [XNIO-136 I/O-2] DEBUG o.s.c.c.CharSequenceEncoder - [4f646490] Writing "{foo=1}"
22:43:25.557 [XNIO-136 I/O-2] DEBUG o.s.w.s.a.HttpWebHandlerAdapter - [4f646490] Completed 200 OK
22:43:25.557 [Test worker] DEBUG o.s.w.c.RestTemplate - Response 200 OK
22:43:25.557 [Test worker] DEBUG o.s.w.c.RestTemplate - Reading to [java.lang.String] as "text/plain;charset=UTF-8"
22:43:25.557 [Test worker] DEBUG o.s.h.s.r.b.UndertowHttpServer - Stopping UndertowHttpServer...
22:43:25.558 [Test worker] DEBUG o.s.h.s.r.b.UndertowHttpServer - Server stopped (0 millis).
]]></system-out>
  <system-err><![CDATA[十一月 25, 2020 10:43:25 下午 org.apache.catalina.core.StandardService startInternal
信息: Starting service [Tomcat]
十一月 25, 2020 10:43:25 下午 org.apache.catalina.core.StandardEngine startInternal
信息: Starting Servlet engine: [Apache Tomcat/9.0.21]
十一月 25, 2020 10:43:25 下午 org.apache.coyote.AbstractProtocol init
信息: Initializing ProtocolHandler ["http-nio-auto-132"]
十一月 25, 2020 10:43:25 下午 org.apache.coyote.AbstractProtocol start
信息: Starting ProtocolHandler ["http-nio-auto-132-54961"]
十一月 25, 2020 10:43:25 下午 org.apache.coyote.AbstractProtocol pause
信息: Pausing ProtocolHandler ["http-nio-auto-132-54961"]
十一月 25, 2020 10:43:25 下午 org.apache.catalina.core.StandardService stopInternal
信息: Stopping service [Tomcat]
十一月 25, 2020 10:43:25 下午 org.apache.coyote.AbstractProtocol stop
信息: Stopping ProtocolHandler ["http-nio-auto-132-54961"]
十一月 25, 2020 10:43:25 下午 org.apache.coyote.AbstractProtocol destroy
信息: Destroying ProtocolHandler ["http-nio-auto-132-54961"]
十一月 25, 2020 10:43:25 下午 org.apache.catalina.core.StandardService startInternal
信息: Starting service [Tomcat]
十一月 25, 2020 10:43:25 下午 org.apache.catalina.core.StandardEngine startInternal
信息: Starting Servlet engine: [Apache Tomcat/9.0.21]
十一月 25, 2020 10:43:25 下午 org.apache.coyote.AbstractProtocol init
信息: Initializing ProtocolHandler ["http-nio-auto-133"]
十一月 25, 2020 10:43:25 下午 org.apache.coyote.AbstractProtocol start
信息: Starting ProtocolHandler ["http-nio-auto-133-54964"]
十一月 25, 2020 10:43:25 下午 org.apache.coyote.AbstractProtocol pause
信息: Pausing ProtocolHandler ["http-nio-auto-133-54964"]
十一月 25, 2020 10:43:25 下午 org.apache.catalina.core.StandardService stopInternal
信息: Stopping service [Tomcat]
十一月 25, 2020 10:43:25 下午 org.apache.coyote.AbstractProtocol stop
信息: Stopping ProtocolHandler ["http-nio-auto-133-54964"]
十一月 25, 2020 10:43:25 下午 org.apache.coyote.AbstractProtocol destroy
信息: Destroying ProtocolHandler ["http-nio-auto-133-54964"]
十一月 25, 2020 10:43:25 下午 org.apache.catalina.core.StandardService startInternal
信息: Starting service [Tomcat]
十一月 25, 2020 10:43:25 下午 org.apache.catalina.core.StandardEngine startInternal
信息: Starting Servlet engine: [Apache Tomcat/9.0.21]
十一月 25, 2020 10:43:25 下午 org.apache.coyote.AbstractProtocol init
信息: Initializing ProtocolHandler ["http-nio-auto-134"]
十一月 25, 2020 10:43:25 下午 org.apache.coyote.AbstractProtocol start
信息: Starting ProtocolHandler ["http-nio-auto-134-54967"]
十一月 25, 2020 10:43:25 下午 org.apache.coyote.AbstractProtocol pause
信息: Pausing ProtocolHandler ["http-nio-auto-134-54967"]
十一月 25, 2020 10:43:25 下午 org.apache.catalina.core.StandardService stopInternal
信息: Stopping service [Tomcat]
十一月 25, 2020 10:43:25 下午 org.apache.coyote.AbstractProtocol stop
信息: Stopping ProtocolHandler ["http-nio-auto-134-54967"]
十一月 25, 2020 10:43:25 下午 org.apache.coyote.AbstractProtocol destroy
信息: Destroying ProtocolHandler ["http-nio-auto-134-54967"]
十一月 25, 2020 10:43:25 下午 org.apache.catalina.core.StandardService startInternal
信息: Starting service [Tomcat]
十一月 25, 2020 10:43:25 下午 org.apache.catalina.core.StandardEngine startInternal
信息: Starting Servlet engine: [Apache Tomcat/9.0.21]
十一月 25, 2020 10:43:25 下午 org.apache.coyote.AbstractProtocol init
信息: Initializing ProtocolHandler ["http-nio-auto-135"]
十一月 25, 2020 10:43:25 下午 org.apache.coyote.AbstractProtocol start
信息: Starting ProtocolHandler ["http-nio-auto-135-54970"]
十一月 25, 2020 10:43:25 下午 org.apache.coyote.AbstractProtocol pause
信息: Pausing ProtocolHandler ["http-nio-auto-135-54970"]
十一月 25, 2020 10:43:25 下午 org.apache.catalina.core.StandardService stopInternal
信息: Stopping service [Tomcat]
十一月 25, 2020 10:43:25 下午 org.apache.coyote.AbstractProtocol stop
信息: Stopping ProtocolHandler ["http-nio-auto-135-54970"]
十一月 25, 2020 10:43:25 下午 org.apache.coyote.AbstractProtocol destroy
信息: Destroying ProtocolHandler ["http-nio-auto-135-54970"]
十一月 25, 2020 10:43:25 下午 org.apache.catalina.core.StandardService startInternal
信息: Starting service [Tomcat]
十一月 25, 2020 10:43:25 下午 org.apache.catalina.core.StandardEngine startInternal
信息: Starting Servlet engine: [Apache Tomcat/9.0.21]
十一月 25, 2020 10:43:25 下午 org.apache.coyote.AbstractProtocol init
信息: Initializing ProtocolHandler ["http-nio-auto-136"]
十一月 25, 2020 10:43:25 下午 org.apache.coyote.AbstractProtocol start
信息: Starting ProtocolHandler ["http-nio-auto-136-54973"]
十一月 25, 2020 10:43:25 下午 org.apache.coyote.AbstractProtocol pause
信息: Pausing ProtocolHandler ["http-nio-auto-136-54973"]
十一月 25, 2020 10:43:25 下午 org.apache.catalina.core.StandardService stopInternal
信息: Stopping service [Tomcat]
十一月 25, 2020 10:43:25 下午 org.apache.coyote.AbstractProtocol stop
信息: Stopping ProtocolHandler ["http-nio-auto-136-54973"]
十一月 25, 2020 10:43:25 下午 org.apache.coyote.AbstractProtocol destroy
信息: Destroying ProtocolHandler ["http-nio-auto-136-54973"]
十一月 25, 2020 10:43:25 下午 org.apache.catalina.core.StandardService startInternal
信息: Starting service [Tomcat]
十一月 25, 2020 10:43:25 下午 org.apache.catalina.core.StandardEngine startInternal
信息: Starting Servlet engine: [Apache Tomcat/9.0.21]
十一月 25, 2020 10:43:25 下午 org.apache.coyote.AbstractProtocol init
信息: Initializing ProtocolHandler ["http-nio-auto-137"]
十一月 25, 2020 10:43:25 下午 org.apache.coyote.AbstractProtocol start
信息: Starting ProtocolHandler ["http-nio-auto-137-54976"]
十一月 25, 2020 10:43:25 下午 org.apache.coyote.AbstractProtocol pause
信息: Pausing ProtocolHandler ["http-nio-auto-137-54976"]
十一月 25, 2020 10:43:25 下午 org.apache.catalina.core.StandardService stopInternal
信息: Stopping service [Tomcat]
十一月 25, 2020 10:43:25 下午 org.apache.coyote.AbstractProtocol stop
信息: Stopping ProtocolHandler ["http-nio-auto-137-54976"]
十一月 25, 2020 10:43:25 下午 org.apache.coyote.AbstractProtocol destroy
信息: Destroying ProtocolHandler ["http-nio-auto-137-54976"]
]]></system-err>
</testsuite>
