<?xml version="1.0" encoding="UTF-8"?>
<testsuite name="org.springframework.web.reactive.result.SimpleUrlHandlerMappingIntegrationTests" tests="16" skipped="0" failures="0" errors="0" timestamp="2020-11-25T14:42:10" hostname="lichangbaodeMacBook-Pro.local" time="2.076">
  <properties/>
  <testcase name="testHandlerNotFound[server [org.springframework.http.server.reactive.bootstrap.JettyHttpServer@cadbaa7]]" classname="org.springframework.web.reactive.result.SimpleUrlHandlerMappingIntegrationTests" time="0.386"/>
  <testcase name="testRequestToFooHandler[server [org.springframework.http.server.reactive.bootstrap.JettyHttpServer@cadbaa7]]" classname="org.springframework.web.reactive.result.SimpleUrlHandlerMappingIntegrationTests" time="0.063"/>
  <testcase name="testRequestToHeaderSettingHandler[server [org.springframework.http.server.reactive.bootstrap.JettyHttpServer@cadbaa7]]" classname="org.springframework.web.reactive.result.SimpleUrlHandlerMappingIntegrationTests" time="0.028"/>
  <testcase name="testRequestToBarHandler[server [org.springframework.http.server.reactive.bootstrap.JettyHttpServer@cadbaa7]]" classname="org.springframework.web.reactive.result.SimpleUrlHandlerMappingIntegrationTests" time="0.027"/>
  <testcase name="testHandlerNotFound[server [org.springframework.http.server.reactive.bootstrap.ReactorHttpServer@51fd2e5c]]" classname="org.springframework.web.reactive.result.SimpleUrlHandlerMappingIntegrationTests" time="0.399"/>
  <testcase name="testRequestToFooHandler[server [org.springframework.http.server.reactive.bootstrap.ReactorHttpServer@51fd2e5c]]" classname="org.springframework.web.reactive.result.SimpleUrlHandlerMappingIntegrationTests" time="0.034"/>
  <testcase name="testRequestToHeaderSettingHandler[server [org.springframework.http.server.reactive.bootstrap.ReactorHttpServer@51fd2e5c]]" classname="org.springframework.web.reactive.result.SimpleUrlHandlerMappingIntegrationTests" time="0.021"/>
  <testcase name="testRequestToBarHandler[server [org.springframework.http.server.reactive.bootstrap.ReactorHttpServer@51fd2e5c]]" classname="org.springframework.web.reactive.result.SimpleUrlHandlerMappingIntegrationTests" time="0.022"/>
  <testcase name="testHandlerNotFound[server [org.springframework.http.server.reactive.bootstrap.TomcatHttpServer@30e4ce46]]" classname="org.springframework.web.reactive.result.SimpleUrlHandlerMappingIntegrationTests" time="0.582"/>
  <testcase name="testRequestToFooHandler[server [org.springframework.http.server.reactive.bootstrap.TomcatHttpServer@30e4ce46]]" classname="org.springframework.web.reactive.result.SimpleUrlHandlerMappingIntegrationTests" time="0.042"/>
  <testcase name="testRequestToHeaderSettingHandler[server [org.springframework.http.server.reactive.bootstrap.TomcatHttpServer@30e4ce46]]" classname="org.springframework.web.reactive.result.SimpleUrlHandlerMappingIntegrationTests" time="0.039"/>
  <testcase name="testRequestToBarHandler[server [org.springframework.http.server.reactive.bootstrap.TomcatHttpServer@30e4ce46]]" classname="org.springframework.web.reactive.result.SimpleUrlHandlerMappingIntegrationTests" time="0.039"/>
  <testcase name="testHandlerNotFound[server [org.springframework.http.server.reactive.bootstrap.UndertowHttpServer@7f2a24c8]]" classname="org.springframework.web.reactive.result.SimpleUrlHandlerMappingIntegrationTests" time="0.277"/>
  <testcase name="testRequestToFooHandler[server [org.springframework.http.server.reactive.bootstrap.UndertowHttpServer@7f2a24c8]]" classname="org.springframework.web.reactive.result.SimpleUrlHandlerMappingIntegrationTests" time="0.038"/>
  <testcase name="testRequestToHeaderSettingHandler[server [org.springframework.http.server.reactive.bootstrap.UndertowHttpServer@7f2a24c8]]" classname="org.springframework.web.reactive.result.SimpleUrlHandlerMappingIntegrationTests" time="0.041"/>
  <testcase name="testRequestToBarHandler[server [org.springframework.http.server.reactive.bootstrap.UndertowHttpServer@7f2a24c8]]" classname="org.springframework.web.reactive.result.SimpleUrlHandlerMappingIntegrationTests" time="0.038"/>
  <system-out><![CDATA[22:42:10.589 [Test worker] DEBUG o.s.w.r.r.SimpleUrlHandlerMappingIntegrationTests$WebConfig$1 - Patterns [/foo, /bar, /header] in 'handlerMapping'
22:42:10.593 [Test worker] DEBUG o.s.w.s.a.HttpWebHandlerAdapter - enableLoggingRequestDetails='false': form data and headers will be masked to prevent unsafe logging of potentially sensitive data
22:42:10.612 [Test worker] INFO  o.e.j.u.log - Logging initialized @3037ms to org.eclipse.jetty.util.log.Slf4jLog
22:42:10.659 [Test worker] WARN  o.e.j.s.h.ContextHandler - Empty contextPath
22:42:10.696 [Test worker] INFO  o.e.j.s.h.ContextHandler - Started o.e.j.s.ServletContextHandler@21d762fb{/,null,AVAILABLE}
22:42:10.724 [Test worker] DEBUG o.s.h.s.r.b.JettyHttpServer - Starting JettyHttpServer...
22:42:10.728 [Test worker] INFO  o.e.j.s.Server - jetty-9.4.18.v20190429; built: 2019-04-29T20:42:08.989Z; git: e1bc35120a6617ee3df052294e433f3a25ce7097; jvm 1.8.0_211-b12
22:42:10.759 [Test worker] INFO  o.e.j.s.AbstractConnector - Started ServerConnector@63e6e07d{HTTP/1.1,[http/1.1]}{0.0.0.0:53552}
22:42:10.759 [Test worker] INFO  o.e.j.s.Server - Started @3186ms
22:42:10.760 [Test worker] DEBUG o.s.h.s.r.b.JettyHttpServer - Server started on port 53552(0 millis).
22:42:10.810 [Test worker] DEBUG o.s.w.c.RestTemplate - HTTP GET http://localhost:53552/oops
22:42:10.823 [Test worker] DEBUG o.s.w.c.RestTemplate - Accept=[application/octet-stream, application/json, application/x-jackson-smile, application/*+json, */*]
22:42:10.934 [qtp1133135756-32] DEBUG o.s.w.s.a.HttpWebHandlerAdapter - [3d2dd0be] HTTP GET "/oops"
22:42:10.937 [qtp1133135756-32] DEBUG o.s.w.s.h.ResponseStatusExceptionHandler - [3d2dd0be] Resolved [ResponseStatusException: 404 NOT_FOUND "No matching handler"] for HTTP GET /oops
22:42:10.938 [qtp1133135756-32] DEBUG o.s.w.s.a.HttpWebHandlerAdapter - [3d2dd0be] Completed 404 NOT_FOUND
22:42:10.946 [Test worker] DEBUG o.s.w.c.RestTemplate - Response 404 NOT_FOUND
22:42:10.951 [Test worker] DEBUG o.s.h.s.r.b.JettyHttpServer - Stopping JettyHttpServer...
22:42:10.954 [Test worker] INFO  o.e.j.s.h.ContextHandler - Stopped o.e.j.s.ServletContextHandler@21d762fb{/,null,UNAVAILABLE}
22:42:10.960 [Test worker] INFO  o.e.j.s.AbstractConnector - Stopped ServerConnector@63e6e07d{HTTP/1.1,[http/1.1]}{0.0.0.0:0}
22:42:10.961 [Test worker] DEBUG o.s.h.s.r.b.JettyHttpServer - Server stopped (0 millis).
22:42:10.969 [Test worker] DEBUG o.s.w.r.r.SimpleUrlHandlerMappingIntegrationTests$WebConfig$1 - Patterns [/foo, /bar, /header] in 'handlerMapping'
22:42:10.970 [Test worker] DEBUG o.s.w.s.a.HttpWebHandlerAdapter - enableLoggingRequestDetails='false': form data and headers will be masked to prevent unsafe logging of potentially sensitive data
22:42:10.970 [Test worker] WARN  o.e.j.s.h.ContextHandler - Empty contextPath
22:42:10.971 [Test worker] INFO  o.e.j.s.h.ContextHandler - Started o.e.j.s.ServletContextHandler@4f1400da{/,null,AVAILABLE}
22:42:10.971 [Test worker] DEBUG o.s.h.s.r.b.JettyHttpServer - Starting JettyHttpServer...
22:42:10.971 [Test worker] INFO  o.e.j.s.Server - jetty-9.4.18.v20190429; built: 2019-04-29T20:42:08.989Z; git: e1bc35120a6617ee3df052294e433f3a25ce7097; jvm 1.8.0_211-b12
22:42:10.974 [Test worker] INFO  o.e.j.s.AbstractConnector - Started ServerConnector@30136ca3{HTTP/1.1,[http/1.1]}{0.0.0.0:53557}
22:42:10.974 [Test worker] INFO  o.e.j.s.Server - Started @3401ms
22:42:10.974 [Test worker] DEBUG o.s.h.s.r.b.JettyHttpServer - Server started on port 53557(0 millis).
22:42:10.992 [Test worker] DEBUG o.s.w.c.RestTemplate - HTTP GET http://localhost:53557/foo
22:42:10.992 [Test worker] DEBUG o.s.w.c.RestTemplate - Accept=[application/octet-stream, application/json, application/x-jackson-smile, application/*+json, */*]
22:42:10.994 [qtp1061568997-49] DEBUG o.s.w.s.a.HttpWebHandlerAdapter - [3b305633] HTTP GET "/foo"
22:42:10.994 [qtp1061568997-49] DEBUG o.s.w.r.r.SimpleUrlHandlerMappingIntegrationTests$WebConfig$1 - [3b305633] Mapped to org.springframework.web.reactive.result.SimpleUrlHandlerMappingIntegrationTests$WebConfig$1$$Lambda$316/2081379988@35f7bf25
22:42:11.015 [Test worker] DEBUG o.s.w.c.RestTemplate - Response 200 OK
22:42:11.017 [Test worker] DEBUG o.s.w.c.RestTemplate - Reading to [[B] as "application/octet-stream"
22:42:11.018 [qtp1061568997-49] DEBUG o.s.w.s.a.HttpWebHandlerAdapter - [3b305633] Completed 200 OK
22:42:11.024 [Test worker] DEBUG o.s.h.s.r.b.JettyHttpServer - Stopping JettyHttpServer...
22:42:11.024 [Test worker] INFO  o.e.j.s.h.ContextHandler - Stopped o.e.j.s.ServletContextHandler@4f1400da{/,null,UNAVAILABLE}
22:42:11.026 [Test worker] INFO  o.e.j.s.AbstractConnector - Stopped ServerConnector@30136ca3{HTTP/1.1,[http/1.1]}{0.0.0.0:0}
22:42:11.027 [Test worker] DEBUG o.s.h.s.r.b.JettyHttpServer - Server stopped (0 millis).
22:42:11.033 [Test worker] DEBUG o.s.w.r.r.SimpleUrlHandlerMappingIntegrationTests$WebConfig$1 - Patterns [/foo, /bar, /header] in 'handlerMapping'
22:42:11.034 [Test worker] DEBUG o.s.w.s.a.HttpWebHandlerAdapter - enableLoggingRequestDetails='false': form data and headers will be masked to prevent unsafe logging of potentially sensitive data
22:42:11.034 [Test worker] WARN  o.e.j.s.h.ContextHandler - Empty contextPath
22:42:11.034 [Test worker] INFO  o.e.j.s.h.ContextHandler - Started o.e.j.s.ServletContextHandler@1fae22e8{/,null,AVAILABLE}
22:42:11.034 [Test worker] DEBUG o.s.h.s.r.b.JettyHttpServer - Starting JettyHttpServer...
22:42:11.034 [Test worker] INFO  o.e.j.s.Server - jetty-9.4.18.v20190429; built: 2019-04-29T20:42:08.989Z; git: e1bc35120a6617ee3df052294e433f3a25ce7097; jvm 1.8.0_211-b12
22:42:11.036 [Test worker] INFO  o.e.j.s.AbstractConnector - Started ServerConnector@481bd7ea{HTTP/1.1,[http/1.1]}{0.0.0.0:53559}
22:42:11.036 [Test worker] INFO  o.e.j.s.Server - Started @3462ms
22:42:11.036 [Test worker] DEBUG o.s.h.s.r.b.JettyHttpServer - Server started on port 53559(0 millis).
22:42:11.050 [Test worker] DEBUG o.s.w.c.RestTemplate - HTTP GET http://localhost:53559/header
22:42:11.050 [Test worker] DEBUG o.s.w.c.RestTemplate - Accept=[application/octet-stream, application/json, application/x-jackson-smile, application/*+json, */*]
22:42:11.052 [qtp1309519444-63] DEBUG o.s.w.s.a.HttpWebHandlerAdapter - [23009a2c] HTTP GET "/header"
22:42:11.052 [qtp1309519444-63] DEBUG o.s.w.r.r.SimpleUrlHandlerMappingIntegrationTests$WebConfig$1 - [23009a2c] Mapped to org.springframework.web.reactive.result.SimpleUrlHandlerMappingIntegrationTests$WebConfig$1$$Lambda$318/1406324458@2dc7703c
22:42:11.052 [qtp1309519444-63] DEBUG o.s.w.s.a.HttpWebHandlerAdapter - [23009a2c] Completed 200 OK
22:42:11.052 [Test worker] DEBUG o.s.w.c.RestTemplate - Response 200 OK
22:42:11.053 [Test worker] DEBUG o.s.h.s.r.b.JettyHttpServer - Stopping JettyHttpServer...
22:42:11.053 [Test worker] INFO  o.e.j.s.h.ContextHandler - Stopped o.e.j.s.ServletContextHandler@1fae22e8{/,null,UNAVAILABLE}
22:42:11.054 [Test worker] INFO  o.e.j.s.AbstractConnector - Stopped ServerConnector@481bd7ea{HTTP/1.1,[http/1.1]}{0.0.0.0:0}
22:42:11.054 [Test worker] DEBUG o.s.h.s.r.b.JettyHttpServer - Server stopped (0 millis).
22:42:11.060 [Test worker] DEBUG o.s.w.r.r.SimpleUrlHandlerMappingIntegrationTests$WebConfig$1 - Patterns [/foo, /bar, /header] in 'handlerMapping'
22:42:11.060 [Test worker] DEBUG o.s.w.s.a.HttpWebHandlerAdapter - enableLoggingRequestDetails='false': form data and headers will be masked to prevent unsafe logging of potentially sensitive data
22:42:11.061 [Test worker] WARN  o.e.j.s.h.ContextHandler - Empty contextPath
22:42:11.061 [Test worker] INFO  o.e.j.s.h.ContextHandler - Started o.e.j.s.ServletContextHandler@1ace73c3{/,null,AVAILABLE}
22:42:11.061 [Test worker] DEBUG o.s.h.s.r.b.JettyHttpServer - Starting JettyHttpServer...
22:42:11.061 [Test worker] INFO  o.e.j.s.Server - jetty-9.4.18.v20190429; built: 2019-04-29T20:42:08.989Z; git: e1bc35120a6617ee3df052294e433f3a25ce7097; jvm 1.8.0_211-b12
22:42:11.063 [Test worker] INFO  o.e.j.s.AbstractConnector - Started ServerConnector@3e7af745{HTTP/1.1,[http/1.1]}{0.0.0.0:53561}
22:42:11.063 [Test worker] INFO  o.e.j.s.Server - Started @3489ms
22:42:11.063 [Test worker] DEBUG o.s.h.s.r.b.JettyHttpServer - Server started on port 53561(0 millis).
22:42:11.077 [Test worker] DEBUG o.s.w.c.RestTemplate - HTTP GET http://localhost:53561/bar
22:42:11.077 [Test worker] DEBUG o.s.w.c.RestTemplate - Accept=[application/octet-stream, application/json, application/x-jackson-smile, application/*+json, */*]
22:42:11.078 [qtp615903180-77] DEBUG o.s.w.s.a.HttpWebHandlerAdapter - [42e5a0b8] HTTP GET "/bar"
22:42:11.078 [qtp615903180-77] DEBUG o.s.w.r.r.SimpleUrlHandlerMappingIntegrationTests$WebConfig$1 - [42e5a0b8] Mapped to org.springframework.web.reactive.result.SimpleUrlHandlerMappingIntegrationTests$WebConfig$1$$Lambda$317/980122083@4c225694
22:42:11.079 [qtp615903180-77] DEBUG o.s.w.s.a.HttpWebHandlerAdapter - [42e5a0b8] Completed 200 OK
22:42:11.079 [Test worker] DEBUG o.s.w.c.RestTemplate - Response 200 OK
22:42:11.079 [Test worker] DEBUG o.s.w.c.RestTemplate - Reading to [[B] as "application/octet-stream"
22:42:11.079 [Test worker] DEBUG o.s.h.s.r.b.JettyHttpServer - Stopping JettyHttpServer...
22:42:11.079 [Test worker] INFO  o.e.j.s.h.ContextHandler - Stopped o.e.j.s.ServletContextHandler@1ace73c3{/,null,UNAVAILABLE}
22:42:11.081 [Test worker] INFO  o.e.j.s.AbstractConnector - Stopped ServerConnector@3e7af745{HTTP/1.1,[http/1.1]}{0.0.0.0:0}
22:42:11.081 [Test worker] DEBUG o.s.h.s.r.b.JettyHttpServer - Server stopped (0 millis).
22:42:11.088 [Test worker] DEBUG o.s.w.r.r.SimpleUrlHandlerMappingIntegrationTests$WebConfig$1 - Patterns [/foo, /bar, /header] in 'handlerMapping'
22:42:11.089 [Test worker] DEBUG o.s.w.s.a.HttpWebHandlerAdapter - enableLoggingRequestDetails='false': form data and headers will be masked to prevent unsafe logging of potentially sensitive data
22:42:11.166 [Test worker] DEBUG o.s.h.s.r.b.ReactorHttpServer - Starting ReactorHttpServer...
22:42:11.356 [Test worker] DEBUG o.s.h.s.r.b.ReactorHttpServer - Server started on port 53564(0 millis).
22:42:11.366 [Test worker] DEBUG o.s.w.c.RestTemplate - HTTP GET http://localhost:53564/oops
22:42:11.366 [Test worker] DEBUG o.s.w.c.RestTemplate - Accept=[application/octet-stream, application/json, application/x-jackson-smile, application/*+json, */*]
22:42:11.473 [reactor-http-nio-2] DEBUG o.s.w.s.a.HttpWebHandlerAdapter - [75cb5ab5] HTTP GET "/oops"
22:42:11.474 [reactor-http-nio-2] DEBUG o.s.w.s.h.ResponseStatusExceptionHandler - [75cb5ab5] Resolved [ResponseStatusException: 404 NOT_FOUND "No matching handler"] for HTTP GET /oops
22:42:11.474 [reactor-http-nio-2] DEBUG o.s.w.s.a.HttpWebHandlerAdapter - [75cb5ab5] Completed 404 NOT_FOUND
22:42:11.479 [Test worker] DEBUG o.s.w.c.RestTemplate - Response 404 NOT_FOUND
22:42:11.480 [Test worker] DEBUG o.s.h.s.r.b.ReactorHttpServer - Stopping ReactorHttpServer...
22:42:11.481 [Test worker] DEBUG o.s.h.s.r.b.ReactorHttpServer - Server stopped (0 millis).
22:42:11.485 [Test worker] DEBUG o.s.w.r.r.SimpleUrlHandlerMappingIntegrationTests$WebConfig$1 - Patterns [/foo, /bar, /header] in 'handlerMapping'
22:42:11.486 [Test worker] DEBUG o.s.w.s.a.HttpWebHandlerAdapter - enableLoggingRequestDetails='false': form data and headers will be masked to prevent unsafe logging of potentially sensitive data
22:42:11.486 [Test worker] DEBUG o.s.h.s.r.b.ReactorHttpServer - Starting ReactorHttpServer...
22:42:11.487 [Test worker] DEBUG o.s.h.s.r.b.ReactorHttpServer - Server started on port 53566(0 millis).
22:42:11.498 [Test worker] DEBUG o.s.w.c.RestTemplate - HTTP GET http://localhost:53566/foo
22:42:11.498 [Test worker] DEBUG o.s.w.c.RestTemplate - Accept=[application/octet-stream, application/json, application/x-jackson-smile, application/*+json, */*]
22:42:11.500 [reactor-http-nio-4] DEBUG o.s.w.s.a.HttpWebHandlerAdapter - [77373cb6] HTTP GET "/foo"
22:42:11.500 [reactor-http-nio-4] DEBUG o.s.w.r.r.SimpleUrlHandlerMappingIntegrationTests$WebConfig$1 - [77373cb6] Mapped to org.springframework.web.reactive.result.SimpleUrlHandlerMappingIntegrationTests$WebConfig$1$$Lambda$316/2081379988@35f7bf25
22:42:11.506 [Test worker] DEBUG o.s.w.c.RestTemplate - Response 200 OK
22:42:11.514 [reactor-http-nio-4] DEBUG o.s.w.s.a.HttpWebHandlerAdapter - [77373cb6] Completed 200 OK
22:42:11.514 [Test worker] DEBUG o.s.w.c.RestTemplate - Reading to [[B] as "application/octet-stream"
22:42:11.514 [Test worker] DEBUG o.s.h.s.r.b.ReactorHttpServer - Stopping ReactorHttpServer...
22:42:11.514 [Test worker] DEBUG o.s.h.s.r.b.ReactorHttpServer - Server stopped (0 millis).
22:42:11.519 [Test worker] DEBUG o.s.w.r.r.SimpleUrlHandlerMappingIntegrationTests$WebConfig$1 - Patterns [/foo, /bar, /header] in 'handlerMapping'
22:42:11.520 [Test worker] DEBUG o.s.w.s.a.HttpWebHandlerAdapter - enableLoggingRequestDetails='false': form data and headers will be masked to prevent unsafe logging of potentially sensitive data
22:42:11.520 [Test worker] DEBUG o.s.h.s.r.b.ReactorHttpServer - Starting ReactorHttpServer...
22:42:11.521 [Test worker] DEBUG o.s.h.s.r.b.ReactorHttpServer - Server started on port 53568(0 millis).
22:42:11.532 [Test worker] DEBUG o.s.w.c.RestTemplate - HTTP GET http://localhost:53568/header
22:42:11.532 [Test worker] DEBUG o.s.w.c.RestTemplate - Accept=[application/octet-stream, application/json, application/x-jackson-smile, application/*+json, */*]
22:42:11.534 [reactor-http-nio-6] DEBUG o.s.w.s.a.HttpWebHandlerAdapter - [4a83cdc6] HTTP GET "/header"
22:42:11.534 [reactor-http-nio-6] DEBUG o.s.w.r.r.SimpleUrlHandlerMappingIntegrationTests$WebConfig$1 - [4a83cdc6] Mapped to org.springframework.web.reactive.result.SimpleUrlHandlerMappingIntegrationTests$WebConfig$1$$Lambda$318/1406324458@2dc7703c
22:42:11.534 [reactor-http-nio-6] DEBUG o.s.w.s.a.HttpWebHandlerAdapter - [4a83cdc6] Completed 200 OK
22:42:11.535 [Test worker] DEBUG o.s.w.c.RestTemplate - Response 200 OK
22:42:11.535 [Test worker] DEBUG o.s.h.s.r.b.ReactorHttpServer - Stopping ReactorHttpServer...
22:42:11.535 [Test worker] DEBUG o.s.h.s.r.b.ReactorHttpServer - Server stopped (0 millis).
22:42:11.541 [Test worker] DEBUG o.s.w.r.r.SimpleUrlHandlerMappingIntegrationTests$WebConfig$1 - Patterns [/foo, /bar, /header] in 'handlerMapping'
22:42:11.542 [Test worker] DEBUG o.s.w.s.a.HttpWebHandlerAdapter - enableLoggingRequestDetails='false': form data and headers will be masked to prevent unsafe logging of potentially sensitive data
22:42:11.542 [Test worker] DEBUG o.s.h.s.r.b.ReactorHttpServer - Starting ReactorHttpServer...
22:42:11.542 [Test worker] DEBUG o.s.h.s.r.b.ReactorHttpServer - Server started on port 53570(0 millis).
22:42:11.554 [Test worker] DEBUG o.s.w.c.RestTemplate - HTTP GET http://localhost:53570/bar
22:42:11.554 [Test worker] DEBUG o.s.w.c.RestTemplate - Accept=[application/octet-stream, application/json, application/x-jackson-smile, application/*+json, */*]
22:42:11.556 [reactor-http-nio-8] DEBUG o.s.w.s.a.HttpWebHandlerAdapter - [bb523f32] HTTP GET "/bar"
22:42:11.556 [reactor-http-nio-8] DEBUG o.s.w.r.r.SimpleUrlHandlerMappingIntegrationTests$WebConfig$1 - [bb523f32] Mapped to org.springframework.web.reactive.result.SimpleUrlHandlerMappingIntegrationTests$WebConfig$1$$Lambda$317/980122083@4c225694
22:42:11.557 [Test worker] DEBUG o.s.w.c.RestTemplate - Response 200 OK
22:42:11.557 [Test worker] DEBUG o.s.w.c.RestTemplate - Reading to [[B] as "application/octet-stream"
22:42:11.557 [reactor-http-nio-8] DEBUG o.s.w.s.a.HttpWebHandlerAdapter - [bb523f32] Completed 200 OK
22:42:11.557 [Test worker] DEBUG o.s.h.s.r.b.ReactorHttpServer - Stopping ReactorHttpServer...
22:42:11.557 [Test worker] DEBUG o.s.h.s.r.b.ReactorHttpServer - Server stopped (0 millis).
22:42:11.562 [Test worker] DEBUG o.s.w.r.r.SimpleUrlHandlerMappingIntegrationTests$WebConfig$1 - Patterns [/foo, /bar, /header] in 'handlerMapping'
22:42:11.563 [Test worker] DEBUG o.s.w.s.a.HttpWebHandlerAdapter - enableLoggingRequestDetails='false': form data and headers will be masked to prevent unsafe logging of potentially sensitive data
22:42:11.663 [Test worker] DEBUG o.s.h.s.r.b.TomcatHttpServer - Starting TomcatHttpServer...
22:42:12.037 [Test worker] DEBUG o.s.h.s.r.b.TomcatHttpServer - Server started on port 53572(0 millis).
22:42:12.047 [Test worker] DEBUG o.s.w.c.RestTemplate - HTTP GET http://localhost:53572/oops
22:42:12.047 [Test worker] DEBUG o.s.w.c.RestTemplate - Accept=[application/octet-stream, application/json, application/x-jackson-smile, application/*+json, */*]
22:42:12.123 [http-nio-auto-1-exec-1] DEBUG o.s.w.s.a.HttpWebHandlerAdapter - [1a8b41cb] HTTP GET "/oops"
22:42:12.123 [http-nio-auto-1-exec-1] DEBUG o.s.w.s.h.ResponseStatusExceptionHandler - [1a8b41cb] Resolved [ResponseStatusException: 404 NOT_FOUND "No matching handler"] for HTTP GET /oops
22:42:12.123 [http-nio-auto-1-exec-1] DEBUG o.s.w.s.a.HttpWebHandlerAdapter - [1a8b41cb] Completed 404 NOT_FOUND
22:42:12.125 [Test worker] DEBUG o.s.w.c.RestTemplate - Response 404 NOT_FOUND
22:42:12.125 [Test worker] DEBUG o.s.h.s.r.b.TomcatHttpServer - Stopping TomcatHttpServer...
22:42:12.139 [Test worker] DEBUG o.s.h.s.r.b.TomcatHttpServer - Server stopped (0 millis).
22:42:12.145 [Test worker] DEBUG o.s.w.r.r.SimpleUrlHandlerMappingIntegrationTests$WebConfig$1 - Patterns [/foo, /bar, /header] in 'handlerMapping'
22:42:12.145 [Test worker] DEBUG o.s.w.s.a.HttpWebHandlerAdapter - enableLoggingRequestDetails='false': form data and headers will be masked to prevent unsafe logging of potentially sensitive data
22:42:12.145 [Test worker] DEBUG o.s.h.s.r.b.TomcatHttpServer - Starting TomcatHttpServer...
22:42:12.153 [Test worker] DEBUG o.s.h.s.r.b.TomcatHttpServer - Server started on port 53578(0 millis).
22:42:12.165 [Test worker] DEBUG o.s.w.c.RestTemplate - HTTP GET http://localhost:53578/foo
22:42:12.166 [Test worker] DEBUG o.s.w.c.RestTemplate - Accept=[application/octet-stream, application/json, application/x-jackson-smile, application/*+json, */*]
22:42:12.168 [http-nio-auto-2-exec-1] DEBUG o.s.w.s.a.HttpWebHandlerAdapter - [7db9ecc5] HTTP GET "/foo"
22:42:12.168 [http-nio-auto-2-exec-1] DEBUG o.s.w.r.r.SimpleUrlHandlerMappingIntegrationTests$WebConfig$1 - [7db9ecc5] Mapped to org.springframework.web.reactive.result.SimpleUrlHandlerMappingIntegrationTests$WebConfig$1$$Lambda$316/2081379988@35f7bf25
22:42:12.169 [http-nio-auto-2-exec-1] DEBUG o.s.w.s.a.HttpWebHandlerAdapter - [7db9ecc5] Completed 200 OK
22:42:12.170 [Test worker] DEBUG o.s.w.c.RestTemplate - Response 200 OK
22:42:12.170 [Test worker] DEBUG o.s.w.c.RestTemplate - Reading to [[B] as "application/octet-stream"
22:42:12.170 [Test worker] DEBUG o.s.h.s.r.b.TomcatHttpServer - Stopping TomcatHttpServer...
22:42:12.182 [Test worker] DEBUG o.s.h.s.r.b.TomcatHttpServer - Server stopped (0 millis).
22:42:12.187 [Test worker] DEBUG o.s.w.r.r.SimpleUrlHandlerMappingIntegrationTests$WebConfig$1 - Patterns [/foo, /bar, /header] in 'handlerMapping'
22:42:12.188 [Test worker] DEBUG o.s.w.s.a.HttpWebHandlerAdapter - enableLoggingRequestDetails='false': form data and headers will be masked to prevent unsafe logging of potentially sensitive data
22:42:12.188 [Test worker] DEBUG o.s.h.s.r.b.TomcatHttpServer - Starting TomcatHttpServer...
22:42:12.195 [Test worker] DEBUG o.s.h.s.r.b.TomcatHttpServer - Server started on port 53581(0 millis).
22:42:12.206 [Test worker] DEBUG o.s.w.c.RestTemplate - HTTP GET http://localhost:53581/header
22:42:12.206 [Test worker] DEBUG o.s.w.c.RestTemplate - Accept=[application/octet-stream, application/json, application/x-jackson-smile, application/*+json, */*]
22:42:12.208 [http-nio-auto-3-exec-1] DEBUG o.s.w.s.a.HttpWebHandlerAdapter - [79251831] HTTP GET "/header"
22:42:12.208 [http-nio-auto-3-exec-1] DEBUG o.s.w.r.r.SimpleUrlHandlerMappingIntegrationTests$WebConfig$1 - [79251831] Mapped to org.springframework.web.reactive.result.SimpleUrlHandlerMappingIntegrationTests$WebConfig$1$$Lambda$318/1406324458@2dc7703c
22:42:12.208 [http-nio-auto-3-exec-1] DEBUG o.s.w.s.a.HttpWebHandlerAdapter - [79251831] Completed 200 OK
22:42:12.209 [Test worker] DEBUG o.s.w.c.RestTemplate - Response 200 OK
22:42:12.209 [Test worker] DEBUG o.s.h.s.r.b.TomcatHttpServer - Stopping TomcatHttpServer...
22:42:12.220 [Test worker] DEBUG o.s.h.s.r.b.TomcatHttpServer - Server stopped (0 millis).
22:42:12.225 [Test worker] DEBUG o.s.w.r.r.SimpleUrlHandlerMappingIntegrationTests$WebConfig$1 - Patterns [/foo, /bar, /header] in 'handlerMapping'
22:42:12.226 [Test worker] DEBUG o.s.w.s.a.HttpWebHandlerAdapter - enableLoggingRequestDetails='false': form data and headers will be masked to prevent unsafe logging of potentially sensitive data
22:42:12.226 [Test worker] DEBUG o.s.h.s.r.b.TomcatHttpServer - Starting TomcatHttpServer...
22:42:12.233 [Test worker] DEBUG o.s.h.s.r.b.TomcatHttpServer - Server started on port 53584(0 millis).
22:42:12.245 [Test worker] DEBUG o.s.w.c.RestTemplate - HTTP GET http://localhost:53584/bar
22:42:12.245 [Test worker] DEBUG o.s.w.c.RestTemplate - Accept=[application/octet-stream, application/json, application/x-jackson-smile, application/*+json, */*]
22:42:12.246 [http-nio-auto-4-exec-1] DEBUG o.s.w.s.a.HttpWebHandlerAdapter - [39bb33c2] HTTP GET "/bar"
22:42:12.247 [http-nio-auto-4-exec-1] DEBUG o.s.w.r.r.SimpleUrlHandlerMappingIntegrationTests$WebConfig$1 - [39bb33c2] Mapped to org.springframework.web.reactive.result.SimpleUrlHandlerMappingIntegrationTests$WebConfig$1$$Lambda$317/980122083@4c225694
22:42:12.247 [http-nio-auto-4-exec-1] DEBUG o.s.w.s.a.HttpWebHandlerAdapter - [39bb33c2] Completed 200 OK
22:42:12.247 [Test worker] DEBUG o.s.w.c.RestTemplate - Response 200 OK
22:42:12.247 [Test worker] DEBUG o.s.w.c.RestTemplate - Reading to [[B] as "application/octet-stream"
22:42:12.248 [Test worker] DEBUG o.s.h.s.r.b.TomcatHttpServer - Stopping TomcatHttpServer...
22:42:12.260 [Test worker] DEBUG o.s.h.s.r.b.TomcatHttpServer - Server stopped (0 millis).
22:42:12.266 [Test worker] DEBUG o.s.w.r.r.SimpleUrlHandlerMappingIntegrationTests$WebConfig$1 - Patterns [/foo, /bar, /header] in 'handlerMapping'
22:42:12.266 [Test worker] DEBUG o.s.w.s.a.HttpWebHandlerAdapter - enableLoggingRequestDetails='false': form data and headers will be masked to prevent unsafe logging of potentially sensitive data
22:42:12.274 [Test worker] DEBUG o.s.h.s.r.b.UndertowHttpServer - Starting UndertowHttpServer...
22:42:12.318 [Test worker] INFO  o.xnio - XNIO version 3.3.8.Final
22:42:12.362 [Test worker] INFO  o.x.nio - XNIO NIO Implementation Version 3.3.8.Final
22:42:12.469 [Test worker] DEBUG o.s.h.s.r.b.UndertowHttpServer - Server started on port 53587(0 millis).
22:42:12.482 [Test worker] DEBUG o.s.w.c.RestTemplate - HTTP GET http://localhost:53587/oops
22:42:12.483 [Test worker] DEBUG o.s.w.c.RestTemplate - Accept=[application/octet-stream, application/json, application/x-jackson-smile, application/*+json, */*]
22:42:12.527 [XNIO-1 I/O-10] DEBUG o.s.w.s.a.HttpWebHandlerAdapter - [56a2f470] HTTP GET "/oops"
22:42:12.527 [XNIO-1 I/O-10] DEBUG o.s.w.s.h.ResponseStatusExceptionHandler - [56a2f470] Resolved [ResponseStatusException: 404 NOT_FOUND "No matching handler"] for HTTP GET /oops
22:42:12.527 [XNIO-1 I/O-10] DEBUG o.s.w.s.a.HttpWebHandlerAdapter - [56a2f470] Completed 404 NOT_FOUND
22:42:12.534 [Test worker] DEBUG o.s.w.c.RestTemplate - Response 404 NOT_FOUND
22:42:12.535 [Test worker] DEBUG o.s.h.s.r.b.UndertowHttpServer - Stopping UndertowHttpServer...
22:42:12.537 [Test worker] DEBUG o.s.h.s.r.b.UndertowHttpServer - Server stopped (0 millis).
22:42:12.543 [Test worker] DEBUG o.s.w.r.r.SimpleUrlHandlerMappingIntegrationTests$WebConfig$1 - Patterns [/foo, /bar, /header] in 'handlerMapping'
22:42:12.544 [Test worker] DEBUG o.s.w.s.a.HttpWebHandlerAdapter - enableLoggingRequestDetails='false': form data and headers will be masked to prevent unsafe logging of potentially sensitive data
22:42:12.544 [Test worker] DEBUG o.s.h.s.r.b.UndertowHttpServer - Starting UndertowHttpServer...
22:42:12.548 [Test worker] DEBUG o.s.h.s.r.b.UndertowHttpServer - Server started on port 53589(0 millis).
22:42:12.562 [Test worker] DEBUG o.s.w.c.RestTemplate - HTTP GET http://localhost:53589/foo
22:42:12.562 [Test worker] DEBUG o.s.w.c.RestTemplate - Accept=[application/octet-stream, application/json, application/x-jackson-smile, application/*+json, */*]
22:42:12.564 [XNIO-2 I/O-10] DEBUG o.s.w.s.a.HttpWebHandlerAdapter - [56624c86] HTTP GET "/foo"
22:42:12.564 [XNIO-2 I/O-10] DEBUG o.s.w.r.r.SimpleUrlHandlerMappingIntegrationTests$WebConfig$1 - [56624c86] Mapped to org.springframework.web.reactive.result.SimpleUrlHandlerMappingIntegrationTests$WebConfig$1$$Lambda$316/2081379988@35f7bf25
22:42:12.573 [XNIO-2 I/O-10] DEBUG o.s.w.s.a.HttpWebHandlerAdapter - [56624c86] Completed 200 OK
22:42:12.573 [Test worker] DEBUG o.s.w.c.RestTemplate - Response 200 OK
22:42:12.573 [Test worker] DEBUG o.s.w.c.RestTemplate - Reading to [[B] as "application/octet-stream"
22:42:12.574 [Test worker] DEBUG o.s.h.s.r.b.UndertowHttpServer - Stopping UndertowHttpServer...
22:42:12.575 [Test worker] DEBUG o.s.h.s.r.b.UndertowHttpServer - Server stopped (0 millis).
22:42:12.581 [Test worker] DEBUG o.s.w.r.r.SimpleUrlHandlerMappingIntegrationTests$WebConfig$1 - Patterns [/foo, /bar, /header] in 'handlerMapping'
22:42:12.581 [Test worker] DEBUG o.s.w.s.a.HttpWebHandlerAdapter - enableLoggingRequestDetails='false': form data and headers will be masked to prevent unsafe logging of potentially sensitive data
22:42:12.582 [Test worker] DEBUG o.s.h.s.r.b.UndertowHttpServer - Starting UndertowHttpServer...
22:42:12.586 [Test worker] DEBUG o.s.h.s.r.b.UndertowHttpServer - Server started on port 53591(0 millis).
22:42:12.607 [Test worker] DEBUG o.s.w.c.RestTemplate - HTTP GET http://localhost:53591/header
22:42:12.608 [Test worker] DEBUG o.s.w.c.RestTemplate - Accept=[application/octet-stream, application/json, application/x-jackson-smile, application/*+json, */*]
22:42:12.609 [XNIO-3 I/O-10] DEBUG o.s.w.s.a.HttpWebHandlerAdapter - [3def8a7d] HTTP GET "/header"
22:42:12.610 [XNIO-3 I/O-10] DEBUG o.s.w.r.r.SimpleUrlHandlerMappingIntegrationTests$WebConfig$1 - [3def8a7d] Mapped to org.springframework.web.reactive.result.SimpleUrlHandlerMappingIntegrationTests$WebConfig$1$$Lambda$318/1406324458@2dc7703c
22:42:12.610 [XNIO-3 I/O-10] DEBUG o.s.w.s.a.HttpWebHandlerAdapter - [3def8a7d] Completed 200 OK
22:42:12.610 [Test worker] DEBUG o.s.w.c.RestTemplate - Response 200 OK
22:42:12.610 [Test worker] DEBUG o.s.h.s.r.b.UndertowHttpServer - Stopping UndertowHttpServer...
22:42:12.615 [Test worker] DEBUG o.s.h.s.r.b.UndertowHttpServer - Server stopped (0 millis).
22:42:12.624 [Test worker] DEBUG o.s.w.r.r.SimpleUrlHandlerMappingIntegrationTests$WebConfig$1 - Patterns [/foo, /bar, /header] in 'handlerMapping'
22:42:12.626 [Test worker] DEBUG o.s.w.s.a.HttpWebHandlerAdapter - enableLoggingRequestDetails='false': form data and headers will be masked to prevent unsafe logging of potentially sensitive data
22:42:12.626 [Test worker] DEBUG o.s.h.s.r.b.UndertowHttpServer - Starting UndertowHttpServer...
22:42:12.630 [Test worker] DEBUG o.s.h.s.r.b.UndertowHttpServer - Server started on port 53593(0 millis).
22:42:12.649 [Test worker] DEBUG o.s.w.c.RestTemplate - HTTP GET http://localhost:53593/bar
22:42:12.649 [Test worker] DEBUG o.s.w.c.RestTemplate - Accept=[application/octet-stream, application/json, application/x-jackson-smile, application/*+json, */*]
22:42:12.651 [XNIO-4 I/O-10] DEBUG o.s.w.s.a.HttpWebHandlerAdapter - [2f826177] HTTP GET "/bar"
22:42:12.651 [XNIO-4 I/O-10] DEBUG o.s.w.r.r.SimpleUrlHandlerMappingIntegrationTests$WebConfig$1 - [2f826177] Mapped to org.springframework.web.reactive.result.SimpleUrlHandlerMappingIntegrationTests$WebConfig$1$$Lambda$317/980122083@4c225694
22:42:12.651 [XNIO-4 I/O-10] DEBUG o.s.w.s.a.HttpWebHandlerAdapter - [2f826177] Completed 200 OK
22:42:12.652 [Test worker] DEBUG o.s.w.c.RestTemplate - Response 200 OK
22:42:12.652 [Test worker] DEBUG o.s.w.c.RestTemplate - Reading to [[B] as "application/octet-stream"
22:42:12.652 [Test worker] DEBUG o.s.h.s.r.b.UndertowHttpServer - Stopping UndertowHttpServer...
22:42:12.653 [Test worker] DEBUG o.s.h.s.r.b.UndertowHttpServer - Server stopped (0 millis).
]]></system-out>
  <system-err><![CDATA[十一月 25, 2020 10:42:11 下午 org.apache.catalina.core.StandardService startInternal
信息: Starting service [Tomcat]
十一月 25, 2020 10:42:11 下午 org.apache.catalina.core.StandardEngine startInternal
信息: Starting Servlet engine: [Apache Tomcat/9.0.21]
十一月 25, 2020 10:42:12 下午 org.apache.coyote.AbstractProtocol init
信息: Initializing ProtocolHandler ["http-nio-auto-1"]
十一月 25, 2020 10:42:12 下午 org.apache.coyote.AbstractProtocol start
信息: Starting ProtocolHandler ["http-nio-auto-1-53572"]
十一月 25, 2020 10:42:12 下午 org.apache.coyote.AbstractProtocol pause
信息: Pausing ProtocolHandler ["http-nio-auto-1-53572"]
十一月 25, 2020 10:42:12 下午 org.apache.catalina.core.StandardService stopInternal
信息: Stopping service [Tomcat]
十一月 25, 2020 10:42:12 下午 org.apache.coyote.AbstractProtocol stop
信息: Stopping ProtocolHandler ["http-nio-auto-1-53572"]
十一月 25, 2020 10:42:12 下午 org.apache.coyote.AbstractProtocol destroy
信息: Destroying ProtocolHandler ["http-nio-auto-1-53572"]
十一月 25, 2020 10:42:12 下午 org.apache.catalina.core.StandardService startInternal
信息: Starting service [Tomcat]
十一月 25, 2020 10:42:12 下午 org.apache.catalina.core.StandardEngine startInternal
信息: Starting Servlet engine: [Apache Tomcat/9.0.21]
十一月 25, 2020 10:42:12 下午 org.apache.coyote.AbstractProtocol init
信息: Initializing ProtocolHandler ["http-nio-auto-2"]
十一月 25, 2020 10:42:12 下午 org.apache.coyote.AbstractProtocol start
信息: Starting ProtocolHandler ["http-nio-auto-2-53578"]
十一月 25, 2020 10:42:12 下午 org.apache.coyote.AbstractProtocol pause
信息: Pausing ProtocolHandler ["http-nio-auto-2-53578"]
十一月 25, 2020 10:42:12 下午 org.apache.catalina.core.StandardService stopInternal
信息: Stopping service [Tomcat]
十一月 25, 2020 10:42:12 下午 org.apache.coyote.AbstractProtocol stop
信息: Stopping ProtocolHandler ["http-nio-auto-2-53578"]
十一月 25, 2020 10:42:12 下午 org.apache.coyote.AbstractProtocol destroy
信息: Destroying ProtocolHandler ["http-nio-auto-2-53578"]
十一月 25, 2020 10:42:12 下午 org.apache.catalina.core.StandardService startInternal
信息: Starting service [Tomcat]
十一月 25, 2020 10:42:12 下午 org.apache.catalina.core.StandardEngine startInternal
信息: Starting Servlet engine: [Apache Tomcat/9.0.21]
十一月 25, 2020 10:42:12 下午 org.apache.coyote.AbstractProtocol init
信息: Initializing ProtocolHandler ["http-nio-auto-3"]
十一月 25, 2020 10:42:12 下午 org.apache.coyote.AbstractProtocol start
信息: Starting ProtocolHandler ["http-nio-auto-3-53581"]
十一月 25, 2020 10:42:12 下午 org.apache.coyote.AbstractProtocol pause
信息: Pausing ProtocolHandler ["http-nio-auto-3-53581"]
十一月 25, 2020 10:42:12 下午 org.apache.catalina.core.StandardService stopInternal
信息: Stopping service [Tomcat]
十一月 25, 2020 10:42:12 下午 org.apache.coyote.AbstractProtocol stop
信息: Stopping ProtocolHandler ["http-nio-auto-3-53581"]
十一月 25, 2020 10:42:12 下午 org.apache.coyote.AbstractProtocol destroy
信息: Destroying ProtocolHandler ["http-nio-auto-3-53581"]
十一月 25, 2020 10:42:12 下午 org.apache.catalina.core.StandardService startInternal
信息: Starting service [Tomcat]
十一月 25, 2020 10:42:12 下午 org.apache.catalina.core.StandardEngine startInternal
信息: Starting Servlet engine: [Apache Tomcat/9.0.21]
十一月 25, 2020 10:42:12 下午 org.apache.coyote.AbstractProtocol init
信息: Initializing ProtocolHandler ["http-nio-auto-4"]
十一月 25, 2020 10:42:12 下午 org.apache.coyote.AbstractProtocol start
信息: Starting ProtocolHandler ["http-nio-auto-4-53584"]
十一月 25, 2020 10:42:12 下午 org.apache.coyote.AbstractProtocol pause
信息: Pausing ProtocolHandler ["http-nio-auto-4-53584"]
十一月 25, 2020 10:42:12 下午 org.apache.catalina.core.StandardService stopInternal
信息: Stopping service [Tomcat]
十一月 25, 2020 10:42:12 下午 org.apache.coyote.AbstractProtocol stop
信息: Stopping ProtocolHandler ["http-nio-auto-4-53584"]
十一月 25, 2020 10:42:12 下午 org.apache.coyote.AbstractProtocol destroy
信息: Destroying ProtocolHandler ["http-nio-auto-4-53584"]
]]></system-err>
</testsuite>
