<?xml version="1.0" encoding="UTF-8"?>
<testsuite name="org.springframework.web.reactive.result.method.annotation.RequestBodyMethodArgumentResolverTests" tests="11" skipped="0" failures="0" errors="0" timestamp="2020-11-25T14:42:36" hostname="lichangbaodeMacBook-Pro.local" time="0.046">
  <properties/>
  <testcase name="supports" classname="org.springframework.web.reactive.result.method.annotation.RequestBodyMethodArgumentResolverTests" time="0.005"/>
  <testcase name="stringBody" classname="org.springframework.web.reactive.result.method.annotation.RequestBodyMethodArgumentResolverTests" time="0.003"/>
  <testcase name="emptyBodyWithoutContentType" classname="org.springframework.web.reactive.result.method.annotation.RequestBodyMethodArgumentResolverTests" time="0.003"/>
  <testcase name="emptyBodyWithSingle" classname="org.springframework.web.reactive.result.method.annotation.RequestBodyMethodArgumentResolverTests" time="0.004"/>
  <testcase name="emptyBodyWithString" classname="org.springframework.web.reactive.result.method.annotation.RequestBodyMethodArgumentResolverTests" time="0.002"/>
  <testcase name="emptyBodyWithCompletableFuture" classname="org.springframework.web.reactive.result.method.annotation.RequestBodyMethodArgumentResolverTests" time="0.009"/>
  <testcase name="emptyBodyWithFlux" classname="org.springframework.web.reactive.result.method.annotation.RequestBodyMethodArgumentResolverTests" time="0.005"/>
  <testcase name="emptyBodyWithMono" classname="org.springframework.web.reactive.result.method.annotation.RequestBodyMethodArgumentResolverTests" time="0.004"/>
  <testcase name="emptyBodyWithMaybe" classname="org.springframework.web.reactive.result.method.annotation.RequestBodyMethodArgumentResolverTests" time="0.004"/>
  <testcase name="emptyBodyWithStringNotRequired" classname="org.springframework.web.reactive.result.method.annotation.RequestBodyMethodArgumentResolverTests" time="0.002"/>
  <testcase name="emptyBodyWithObservable" classname="org.springframework.web.reactive.result.method.annotation.RequestBodyMethodArgumentResolverTests" time="0.004"/>
  <system-out><![CDATA[22:42:36.413 [Test worker] DEBUG o.s.w.r.r.m.a.RequestBodyMethodArgumentResolver - [4fe00d67] No Content-Type, using application/octet-stream
22:42:36.413 [Test worker] DEBUG o.s.w.r.r.m.a.RequestBodyMethodArgumentResolver - [4fe00d67] 0..1 [java.lang.String]
22:42:36.413 [Test worker] DEBUG o.s.c.c.StringDecoder - [4fe00d67] Decoded "line1"
22:42:36.416 [Test worker] DEBUG o.s.w.r.r.m.a.RequestBodyMethodArgumentResolver - [309fadd9] No Content-Type, using application/octet-stream
22:42:36.418 [Test worker] DEBUG o.s.w.r.r.m.a.RequestBodyMethodArgumentResolver - [53a85dd2] No Content-Type, using application/octet-stream
22:42:36.418 [Test worker] DEBUG o.s.w.r.r.m.a.RequestBodyMethodArgumentResolver - [53a85dd2] 0..1 [java.lang.String]
22:42:36.420 [Test worker] DEBUG o.s.w.r.r.m.a.RequestBodyMethodArgumentResolver - [51506ed4] No Content-Type, using application/octet-stream
22:42:36.420 [Test worker] DEBUG o.s.w.r.r.m.a.RequestBodyMethodArgumentResolver - [51506ed4] 0..1 [java.lang.String]
22:42:36.423 [Test worker] DEBUG o.s.w.r.r.m.a.RequestBodyMethodArgumentResolver - [700022ff] No Content-Type, using application/octet-stream
22:42:36.423 [Test worker] DEBUG o.s.w.r.r.m.a.RequestBodyMethodArgumentResolver - [700022ff] 0..1 [java.lang.String]
22:42:36.425 [Test worker] DEBUG o.s.w.r.r.m.a.RequestBodyMethodArgumentResolver - [2274d4e5] No Content-Type, using application/octet-stream
22:42:36.425 [Test worker] DEBUG o.s.w.r.r.m.a.RequestBodyMethodArgumentResolver - [2274d4e5] 0..1 [java.lang.String]
22:42:36.427 [Test worker] DEBUG o.s.w.r.r.m.a.RequestBodyMethodArgumentResolver - [7e2a791b] No Content-Type, using application/octet-stream
22:42:36.427 [Test worker] DEBUG o.s.w.r.r.m.a.RequestBodyMethodArgumentResolver - [7e2a791b] 0..1 [java.lang.String]
22:42:36.434 [Test worker] DEBUG o.s.w.r.r.m.a.RequestBodyMethodArgumentResolver - [70f03fe3] No Content-Type, using application/octet-stream
22:42:36.434 [Test worker] DEBUG o.s.w.r.r.m.a.RequestBodyMethodArgumentResolver - [70f03fe3] 0..N [java.lang.String]
22:42:36.436 [Test worker] DEBUG o.s.w.r.r.m.a.RequestBodyMethodArgumentResolver - [6f3016a3] No Content-Type, using application/octet-stream
22:42:36.436 [Test worker] DEBUG o.s.w.r.r.m.a.RequestBodyMethodArgumentResolver - [6f3016a3] 0..N [java.lang.String]
22:42:36.439 [Test worker] DEBUG o.s.w.r.r.m.a.RequestBodyMethodArgumentResolver - [77fdaf43] No Content-Type, using application/octet-stream
22:42:36.439 [Test worker] DEBUG o.s.w.r.r.m.a.RequestBodyMethodArgumentResolver - [77fdaf43] 0..1 [java.lang.String]
22:42:36.441 [Test worker] DEBUG o.s.w.r.r.m.a.RequestBodyMethodArgumentResolver - [4f3d5d5d] No Content-Type, using application/octet-stream
22:42:36.441 [Test worker] DEBUG o.s.w.r.r.m.a.RequestBodyMethodArgumentResolver - [4f3d5d5d] 0..1 [java.lang.String]
22:42:36.443 [Test worker] DEBUG o.s.w.r.r.m.a.RequestBodyMethodArgumentResolver - [3e436c7e] No Content-Type, using application/octet-stream
22:42:36.443 [Test worker] DEBUG o.s.w.r.r.m.a.RequestBodyMethodArgumentResolver - [3e436c7e] 0..1 [java.lang.String]
22:42:36.445 [Test worker] DEBUG o.s.w.r.r.m.a.RequestBodyMethodArgumentResolver - [4b34caca] No Content-Type, using application/octet-stream
22:42:36.445 [Test worker] DEBUG o.s.w.r.r.m.a.RequestBodyMethodArgumentResolver - [4b34caca] 0..1 [java.lang.String]
22:42:36.447 [Test worker] DEBUG o.s.w.r.r.m.a.RequestBodyMethodArgumentResolver - [4b43107e] No Content-Type, using application/octet-stream
22:42:36.447 [Test worker] DEBUG o.s.w.r.r.m.a.RequestBodyMethodArgumentResolver - [4b43107e] 0..1 [java.lang.String]
22:42:36.449 [Test worker] DEBUG o.s.w.r.r.m.a.RequestBodyMethodArgumentResolver - [55f49825] No Content-Type, using application/octet-stream
22:42:36.449 [Test worker] DEBUG o.s.w.r.r.m.a.RequestBodyMethodArgumentResolver - [55f49825] 0..N [java.lang.String]
22:42:36.451 [Test worker] DEBUG o.s.w.r.r.m.a.RequestBodyMethodArgumentResolver - [636cb001] No Content-Type, using application/octet-stream
22:42:36.451 [Test worker] DEBUG o.s.w.r.r.m.a.RequestBodyMethodArgumentResolver - [636cb001] 0..N [java.lang.String]
]]></system-out>
  <system-err><![CDATA[]]></system-err>
</testsuite>
