<?xml version="1.0" encoding="UTF-8"?>
<testsuite name="org.springframework.web.reactive.function.client.ServerRequestExtensionsTests" tests="9" skipped="0" failures="0" errors="0" timestamp="2020-11-25T14:43:45" hostname="lichangbaodeMacBook-Pro.local" time="0.494">
  <properties/>
  <testcase name="awaitMultipartData" classname="org.springframework.web.reactive.function.client.ServerRequestExtensionsTests" time="0.253"/>
  <testcase name="bodyToMono with reified type parameters" classname="org.springframework.web.reactive.function.client.ServerRequestExtensionsTests" time="0.005"/>
  <testcase name="bodyToFlow with reified type parameters" classname="org.springframework.web.reactive.function.client.ServerRequestExtensionsTests" time="0.003"/>
  <testcase name="awaitFormData" classname="org.springframework.web.reactive.function.client.ServerRequestExtensionsTests" time="0.005"/>
  <testcase name="bodyToFlux with reified type parameters" classname="org.springframework.web.reactive.function.client.ServerRequestExtensionsTests" time="0.003"/>
  <testcase name="awaitPrincipal" classname="org.springframework.web.reactive.function.client.ServerRequestExtensionsTests" time="0.108"/>
  <testcase name="awaitBody" classname="org.springframework.web.reactive.function.client.ServerRequestExtensionsTests" time="0.004"/>
  <testcase name="awaitSession" classname="org.springframework.web.reactive.function.client.ServerRequestExtensionsTests" time="0.109"/>
  <testcase name="awaitBodyOrNull" classname="org.springframework.web.reactive.function.client.ServerRequestExtensionsTests" time="0.004"/>
  <system-out><![CDATA[]]></system-out>
  <system-err><![CDATA[]]></system-err>
</testsuite>
