<?xml version="1.0" encoding="UTF-8"?>
<testsuite name="org.springframework.web.reactive.result.SimpleUrlHandlerMappingIntegrationTests" tests="16" skipped="0" failures="0" errors="0" timestamp="2019-06-21T11:46:44" hostname="Macbook-Air.local" time="3.892">
  <properties/>
  <testcase name="testHandlerNotFound[server [org.springframework.http.server.reactive.bootstrap.JettyHttpServer@6458b502]]" classname="org.springframework.web.reactive.result.SimpleUrlHandlerMappingIntegrationTests" time="0.74"/>
  <testcase name="testRequestToFooHandler[server [org.springframework.http.server.reactive.bootstrap.JettyHttpServer@6458b502]]" classname="org.springframework.web.reactive.result.SimpleUrlHandlerMappingIntegrationTests" time="0.135"/>
  <testcase name="testRequestToHeaderSettingHandler[server [org.springframework.http.server.reactive.bootstrap.JettyHttpServer@6458b502]]" classname="org.springframework.web.reactive.result.SimpleUrlHandlerMappingIntegrationTests" time="0.062"/>
  <testcase name="testRequestToBarHandler[server [org.springframework.http.server.reactive.bootstrap.JettyHttpServer@6458b502]]" classname="org.springframework.web.reactive.result.SimpleUrlHandlerMappingIntegrationTests" time="0.058"/>
  <testcase name="testHandlerNotFound[server [org.springframework.http.server.reactive.bootstrap.ReactorHttpServer@353d0ab2]]" classname="org.springframework.web.reactive.result.SimpleUrlHandlerMappingIntegrationTests" time="0.793"/>
  <testcase name="testRequestToFooHandler[server [org.springframework.http.server.reactive.bootstrap.ReactorHttpServer@353d0ab2]]" classname="org.springframework.web.reactive.result.SimpleUrlHandlerMappingIntegrationTests" time="0.064"/>
  <testcase name="testRequestToHeaderSettingHandler[server [org.springframework.http.server.reactive.bootstrap.ReactorHttpServer@353d0ab2]]" classname="org.springframework.web.reactive.result.SimpleUrlHandlerMappingIntegrationTests" time="0.039"/>
  <testcase name="testRequestToBarHandler[server [org.springframework.http.server.reactive.bootstrap.ReactorHttpServer@353d0ab2]]" classname="org.springframework.web.reactive.result.SimpleUrlHandlerMappingIntegrationTests" time="0.052"/>
  <testcase name="testHandlerNotFound[server [org.springframework.http.server.reactive.bootstrap.TomcatHttpServer@146c59b2]]" classname="org.springframework.web.reactive.result.SimpleUrlHandlerMappingIntegrationTests" time="1.169"/>
  <testcase name="testRequestToFooHandler[server [org.springframework.http.server.reactive.bootstrap.TomcatHttpServer@146c59b2]]" classname="org.springframework.web.reactive.result.SimpleUrlHandlerMappingIntegrationTests" time="0.071"/>
  <testcase name="testRequestToHeaderSettingHandler[server [org.springframework.http.server.reactive.bootstrap.TomcatHttpServer@146c59b2]]" classname="org.springframework.web.reactive.result.SimpleUrlHandlerMappingIntegrationTests" time="0.08"/>
  <testcase name="testRequestToBarHandler[server [org.springframework.http.server.reactive.bootstrap.TomcatHttpServer@146c59b2]]" classname="org.springframework.web.reactive.result.SimpleUrlHandlerMappingIntegrationTests" time="0.064"/>
  <testcase name="testHandlerNotFound[server [org.springframework.http.server.reactive.bootstrap.UndertowHttpServer@432fa20f]]" classname="org.springframework.web.reactive.result.SimpleUrlHandlerMappingIntegrationTests" time="0.398"/>
  <testcase name="testRequestToFooHandler[server [org.springframework.http.server.reactive.bootstrap.UndertowHttpServer@432fa20f]]" classname="org.springframework.web.reactive.result.SimpleUrlHandlerMappingIntegrationTests" time="0.068"/>
  <testcase name="testRequestToHeaderSettingHandler[server [org.springframework.http.server.reactive.bootstrap.UndertowHttpServer@432fa20f]]" classname="org.springframework.web.reactive.result.SimpleUrlHandlerMappingIntegrationTests" time="0.047"/>
  <testcase name="testRequestToBarHandler[server [org.springframework.http.server.reactive.bootstrap.UndertowHttpServer@432fa20f]]" classname="org.springframework.web.reactive.result.SimpleUrlHandlerMappingIntegrationTests" time="0.05"/>
  <system-out><![CDATA[19:46:44.993 [Test worker] DEBUG o.s.w.r.r.SimpleUrlHandlerMappingIntegrationTests$WebConfig$1 - Patterns [/foo, /bar, /header] in 'handlerMapping'
19:46:44.999 [Test worker] DEBUG o.s.w.s.a.HttpWebHandlerAdapter - enableLoggingRequestDetails='false': form data and headers will be masked to prevent unsafe logging of potentially sensitive data
19:46:45.024 [Test worker] INFO  o.e.j.u.log - Logging initialized @6161ms to org.eclipse.jetty.util.log.Slf4jLog
19:46:45.107 [Test worker] WARN  o.e.j.s.h.ContextHandler - Empty contextPath
19:46:45.168 [Test worker] INFO  o.e.j.s.h.ContextHandler - Started o.e.j.s.ServletContextHandler@4ea5f525{/,null,AVAILABLE}
19:46:45.205 [Test worker] DEBUG o.s.h.s.r.b.JettyHttpServer - Starting JettyHttpServer...
19:46:45.210 [Test worker] INFO  o.e.j.s.Server - jetty-9.4.18.v20190429; built: 2019-04-29T20:42:08.989Z; git: e1bc35120a6617ee3df052294e433f3a25ce7097; jvm 1.8.0_144-b01
19:46:45.258 [Test worker] INFO  o.e.j.s.AbstractConnector - Started ServerConnector@7f761ccb{HTTP/1.1,[http/1.1]}{0.0.0.0:50283}
19:46:45.259 [Test worker] INFO  o.e.j.s.Server - Started @6397ms
19:46:45.259 [Test worker] DEBUG o.s.h.s.r.b.JettyHttpServer - Server started on port 50283(0 millis).
19:46:45.340 [Test worker] DEBUG o.s.w.c.RestTemplate - HTTP GET http://localhost:50283/oops
19:46:45.370 [Test worker] DEBUG o.s.w.c.RestTemplate - Accept=[application/octet-stream, application/json, application/x-jackson-smile, application/*+json, */*]
19:46:45.643 [qtp77002679-16] DEBUG o.s.w.s.a.HttpWebHandlerAdapter - [9fc6006] HTTP GET "/oops"
19:46:45.650 [qtp77002679-16] DEBUG o.s.w.s.h.ResponseStatusExceptionHandler - [9fc6006] Resolved [ResponseStatusException: 404 NOT_FOUND "No matching handler"] for HTTP GET /oops
19:46:45.651 [qtp77002679-16] DEBUG o.s.w.s.a.HttpWebHandlerAdapter - [9fc6006] Completed 404 NOT_FOUND
19:46:45.667 [Test worker] DEBUG o.s.w.c.RestTemplate - Response 404 NOT_FOUND
19:46:45.679 [Test worker] DEBUG o.s.h.s.r.b.JettyHttpServer - Stopping JettyHttpServer...
19:46:45.683 [Test worker] INFO  o.e.j.s.h.ContextHandler - Stopped o.e.j.s.ServletContextHandler@4ea5f525{/,null,UNAVAILABLE}
19:46:45.698 [Test worker] INFO  o.e.j.s.AbstractConnector - Stopped ServerConnector@7f761ccb{HTTP/1.1,[http/1.1]}{0.0.0.0:0}
19:46:45.700 [Test worker] DEBUG o.s.h.s.r.b.JettyHttpServer - Server stopped (0 millis).
19:46:45.727 [Test worker] DEBUG o.s.w.r.r.SimpleUrlHandlerMappingIntegrationTests$WebConfig$1 - Patterns [/foo, /bar, /header] in 'handlerMapping'
19:46:45.729 [Test worker] DEBUG o.s.w.s.a.HttpWebHandlerAdapter - enableLoggingRequestDetails='false': form data and headers will be masked to prevent unsafe logging of potentially sensitive data
19:46:45.730 [Test worker] WARN  o.e.j.s.h.ContextHandler - Empty contextPath
19:46:45.730 [Test worker] INFO  o.e.j.s.h.ContextHandler - Started o.e.j.s.ServletContextHandler@59b73037{/,null,AVAILABLE}
19:46:45.731 [Test worker] DEBUG o.s.h.s.r.b.JettyHttpServer - Starting JettyHttpServer...
19:46:45.732 [Test worker] INFO  o.e.j.s.Server - jetty-9.4.18.v20190429; built: 2019-04-29T20:42:08.989Z; git: e1bc35120a6617ee3df052294e433f3a25ce7097; jvm 1.8.0_144-b01
19:46:45.736 [Test worker] INFO  o.e.j.s.AbstractConnector - Started ServerConnector@4b93055c{HTTP/1.1,[http/1.1]}{0.0.0.0:50285}
19:46:45.736 [Test worker] INFO  o.e.j.s.Server - Started @6875ms
19:46:45.737 [Test worker] DEBUG o.s.h.s.r.b.JettyHttpServer - Server started on port 50285(0 millis).
19:46:45.766 [Test worker] DEBUG o.s.w.c.RestTemplate - HTTP GET http://localhost:50285/foo
19:46:45.767 [Test worker] DEBUG o.s.w.c.RestTemplate - Accept=[application/octet-stream, application/json, application/x-jackson-smile, application/*+json, */*]
19:46:45.769 [qtp619030166-28] DEBUG o.s.w.s.a.HttpWebHandlerAdapter - [4c39b42a] HTTP GET "/foo"
19:46:45.770 [qtp619030166-28] DEBUG o.s.w.r.r.SimpleUrlHandlerMappingIntegrationTests$WebConfig$1 - [4c39b42a] Mapped to org.springframework.web.reactive.result.SimpleUrlHandlerMappingIntegrationTests$WebConfig$1$$Lambda$316/192331986@42fe43dd
19:46:45.808 [Test worker] DEBUG o.s.w.c.RestTemplate - Response 200 OK
19:46:45.812 [qtp619030166-28] DEBUG o.s.w.s.a.HttpWebHandlerAdapter - [4c39b42a] Completed 200 OK
19:46:45.813 [Test worker] DEBUG o.s.w.c.RestTemplate - Reading to [[B] as "application/octet-stream"
19:46:45.830 [Test worker] DEBUG o.s.h.s.r.b.JettyHttpServer - Stopping JettyHttpServer...
19:46:45.831 [Test worker] INFO  o.e.j.s.h.ContextHandler - Stopped o.e.j.s.ServletContextHandler@59b73037{/,null,UNAVAILABLE}
19:46:45.835 [Test worker] INFO  o.e.j.s.AbstractConnector - Stopped ServerConnector@4b93055c{HTTP/1.1,[http/1.1]}{0.0.0.0:0}
19:46:45.838 [Test worker] DEBUG o.s.h.s.r.b.JettyHttpServer - Server stopped (0 millis).
19:46:45.850 [Test worker] DEBUG o.s.w.r.r.SimpleUrlHandlerMappingIntegrationTests$WebConfig$1 - Patterns [/foo, /bar, /header] in 'handlerMapping'
19:46:45.853 [Test worker] DEBUG o.s.w.s.a.HttpWebHandlerAdapter - enableLoggingRequestDetails='false': form data and headers will be masked to prevent unsafe logging of potentially sensitive data
19:46:45.853 [Test worker] WARN  o.e.j.s.h.ContextHandler - Empty contextPath
19:46:45.854 [Test worker] INFO  o.e.j.s.h.ContextHandler - Started o.e.j.s.ServletContextHandler@118c34fa{/,null,AVAILABLE}
19:46:45.855 [Test worker] DEBUG o.s.h.s.r.b.JettyHttpServer - Starting JettyHttpServer...
19:46:45.855 [Test worker] INFO  o.e.j.s.Server - jetty-9.4.18.v20190429; built: 2019-04-29T20:42:08.989Z; git: e1bc35120a6617ee3df052294e433f3a25ce7097; jvm 1.8.0_144-b01
19:46:45.863 [Test worker] INFO  o.e.j.s.AbstractConnector - Started ServerConnector@74e6ce6e{HTTP/1.1,[http/1.1]}{0.0.0.0:50287}
19:46:45.863 [Test worker] INFO  o.e.j.s.Server - Started @7001ms
19:46:45.863 [Test worker] DEBUG o.s.h.s.r.b.JettyHttpServer - Server started on port 50287(0 millis).
19:46:45.890 [Test worker] DEBUG o.s.w.c.RestTemplate - HTTP GET http://localhost:50287/header
19:46:45.891 [Test worker] DEBUG o.s.w.c.RestTemplate - Accept=[application/octet-stream, application/json, application/x-jackson-smile, application/*+json, */*]
19:46:45.894 [qtp890691260-37] DEBUG o.s.w.s.a.HttpWebHandlerAdapter - [15f076d8] HTTP GET "/header"
19:46:45.894 [qtp890691260-37] DEBUG o.s.w.r.r.SimpleUrlHandlerMappingIntegrationTests$WebConfig$1 - [15f076d8] Mapped to org.springframework.web.reactive.result.SimpleUrlHandlerMappingIntegrationTests$WebConfig$1$$Lambda$318/1691041661@1b378a16
19:46:45.895 [qtp890691260-37] DEBUG o.s.w.s.a.HttpWebHandlerAdapter - [15f076d8] Completed 200 OK
19:46:45.895 [Test worker] DEBUG o.s.w.c.RestTemplate - Response 200 OK
19:46:45.896 [Test worker] DEBUG o.s.h.s.r.b.JettyHttpServer - Stopping JettyHttpServer...
19:46:45.896 [Test worker] INFO  o.e.j.s.h.ContextHandler - Stopped o.e.j.s.ServletContextHandler@118c34fa{/,null,UNAVAILABLE}
19:46:45.899 [Test worker] INFO  o.e.j.s.AbstractConnector - Stopped ServerConnector@74e6ce6e{HTTP/1.1,[http/1.1]}{0.0.0.0:0}
19:46:45.900 [Test worker] DEBUG o.s.h.s.r.b.JettyHttpServer - Server stopped (0 millis).
19:46:45.912 [Test worker] DEBUG o.s.w.r.r.SimpleUrlHandlerMappingIntegrationTests$WebConfig$1 - Patterns [/foo, /bar, /header] in 'handlerMapping'
19:46:45.913 [Test worker] DEBUG o.s.w.s.a.HttpWebHandlerAdapter - enableLoggingRequestDetails='false': form data and headers will be masked to prevent unsafe logging of potentially sensitive data
19:46:45.914 [Test worker] WARN  o.e.j.s.h.ContextHandler - Empty contextPath
19:46:45.915 [Test worker] INFO  o.e.j.s.h.ContextHandler - Started o.e.j.s.ServletContextHandler@255ffc17{/,null,AVAILABLE}
19:46:45.915 [Test worker] DEBUG o.s.h.s.r.b.JettyHttpServer - Starting JettyHttpServer...
19:46:45.916 [Test worker] INFO  o.e.j.s.Server - jetty-9.4.18.v20190429; built: 2019-04-29T20:42:08.989Z; git: e1bc35120a6617ee3df052294e433f3a25ce7097; jvm 1.8.0_144-b01
19:46:45.921 [Test worker] INFO  o.e.j.s.AbstractConnector - Started ServerConnector@cbcd163{HTTP/1.1,[http/1.1]}{0.0.0.0:50289}
19:46:45.922 [Test worker] INFO  o.e.j.s.Server - Started @7061ms
19:46:45.922 [Test worker] DEBUG o.s.h.s.r.b.JettyHttpServer - Server started on port 50289(0 millis).
19:46:45.947 [Test worker] DEBUG o.s.w.c.RestTemplate - HTTP GET http://localhost:50289/bar
19:46:45.948 [Test worker] DEBUG o.s.w.c.RestTemplate - Accept=[application/octet-stream, application/json, application/x-jackson-smile, application/*+json, */*]
19:46:45.951 [qtp2075894148-46] DEBUG o.s.w.s.a.HttpWebHandlerAdapter - [625c93bb] HTTP GET "/bar"
19:46:45.951 [qtp2075894148-46] DEBUG o.s.w.r.r.SimpleUrlHandlerMappingIntegrationTests$WebConfig$1 - [625c93bb] Mapped to org.springframework.web.reactive.result.SimpleUrlHandlerMappingIntegrationTests$WebConfig$1$$Lambda$317/2000910016@6c9b6180
19:46:45.952 [qtp2075894148-46] DEBUG o.s.w.s.a.HttpWebHandlerAdapter - [625c93bb] Completed 200 OK
19:46:45.953 [Test worker] DEBUG o.s.w.c.RestTemplate - Response 200 OK
19:46:45.953 [Test worker] DEBUG o.s.w.c.RestTemplate - Reading to [[B] as "application/octet-stream"
19:46:45.954 [Test worker] DEBUG o.s.h.s.r.b.JettyHttpServer - Stopping JettyHttpServer...
19:46:45.954 [Test worker] INFO  o.e.j.s.h.ContextHandler - Stopped o.e.j.s.ServletContextHandler@255ffc17{/,null,UNAVAILABLE}
19:46:45.956 [Test worker] INFO  o.e.j.s.AbstractConnector - Stopped ServerConnector@cbcd163{HTTP/1.1,[http/1.1]}{0.0.0.0:0}
19:46:45.958 [Test worker] DEBUG o.s.h.s.r.b.JettyHttpServer - Server stopped (0 millis).
19:46:45.972 [Test worker] DEBUG o.s.w.r.r.SimpleUrlHandlerMappingIntegrationTests$WebConfig$1 - Patterns [/foo, /bar, /header] in 'handlerMapping'
19:46:45.974 [Test worker] DEBUG o.s.w.s.a.HttpWebHandlerAdapter - enableLoggingRequestDetails='false': form data and headers will be masked to prevent unsafe logging of potentially sensitive data
19:46:46.109 [Test worker] DEBUG o.s.h.s.r.b.ReactorHttpServer - Starting ReactorHttpServer...
19:46:46.496 [Test worker] DEBUG o.s.h.s.r.b.ReactorHttpServer - Server started on port 50291(0 millis).
19:46:46.514 [Test worker] DEBUG o.s.w.c.RestTemplate - HTTP GET http://localhost:50291/oops
19:46:46.515 [Test worker] DEBUG o.s.w.c.RestTemplate - Accept=[application/octet-stream, application/json, application/x-jackson-smile, application/*+json, */*]
19:46:46.736 [reactor-http-nio-2] DEBUG o.s.w.s.a.HttpWebHandlerAdapter - [79617fda] HTTP GET "/oops"
19:46:46.740 [reactor-http-nio-2] DEBUG o.s.w.s.h.ResponseStatusExceptionHandler - [79617fda] Resolved [ResponseStatusException: 404 NOT_FOUND "No matching handler"] for HTTP GET /oops
19:46:46.740 [reactor-http-nio-2] DEBUG o.s.w.s.a.HttpWebHandlerAdapter - [79617fda] Completed 404 NOT_FOUND
19:46:46.748 [Test worker] DEBUG o.s.w.c.RestTemplate - Response 404 NOT_FOUND
19:46:46.749 [Test worker] DEBUG o.s.h.s.r.b.ReactorHttpServer - Stopping ReactorHttpServer...
19:46:46.751 [Test worker] DEBUG o.s.h.s.r.b.ReactorHttpServer - Server stopped (0 millis).
19:46:46.762 [Test worker] DEBUG o.s.w.r.r.SimpleUrlHandlerMappingIntegrationTests$WebConfig$1 - Patterns [/foo, /bar, /header] in 'handlerMapping'
19:46:46.764 [Test worker] DEBUG o.s.w.s.a.HttpWebHandlerAdapter - enableLoggingRequestDetails='false': form data and headers will be masked to prevent unsafe logging of potentially sensitive data
19:46:46.765 [Test worker] DEBUG o.s.h.s.r.b.ReactorHttpServer - Starting ReactorHttpServer...
19:46:46.767 [Test worker] DEBUG o.s.h.s.r.b.ReactorHttpServer - Server started on port 50293(0 millis).
19:46:46.785 [Test worker] DEBUG o.s.w.c.RestTemplate - HTTP GET http://localhost:50293/foo
19:46:46.786 [Test worker] DEBUG o.s.w.c.RestTemplate - Accept=[application/octet-stream, application/json, application/x-jackson-smile, application/*+json, */*]
19:46:46.791 [reactor-http-nio-4] DEBUG o.s.w.s.a.HttpWebHandlerAdapter - [fe26636f] HTTP GET "/foo"
19:46:46.792 [reactor-http-nio-4] DEBUG o.s.w.r.r.SimpleUrlHandlerMappingIntegrationTests$WebConfig$1 - [fe26636f] Mapped to org.springframework.web.reactive.result.SimpleUrlHandlerMappingIntegrationTests$WebConfig$1$$Lambda$316/192331986@42fe43dd
19:46:46.801 [Test worker] DEBUG o.s.w.c.RestTemplate - Response 200 OK
19:46:46.813 [Test worker] DEBUG o.s.w.c.RestTemplate - Reading to [[B] as "application/octet-stream"
19:46:46.813 [reactor-http-nio-4] DEBUG o.s.w.s.a.HttpWebHandlerAdapter - [fe26636f] Completed 200 OK
19:46:46.814 [Test worker] DEBUG o.s.h.s.r.b.ReactorHttpServer - Stopping ReactorHttpServer...
19:46:46.814 [Test worker] DEBUG o.s.h.s.r.b.ReactorHttpServer - Server stopped (0 millis).
19:46:46.825 [Test worker] DEBUG o.s.w.r.r.SimpleUrlHandlerMappingIntegrationTests$WebConfig$1 - Patterns [/foo, /bar, /header] in 'handlerMapping'
19:46:46.827 [Test worker] DEBUG o.s.w.s.a.HttpWebHandlerAdapter - enableLoggingRequestDetails='false': form data and headers will be masked to prevent unsafe logging of potentially sensitive data
19:46:46.827 [Test worker] DEBUG o.s.h.s.r.b.ReactorHttpServer - Starting ReactorHttpServer...
19:46:46.829 [Test worker] DEBUG o.s.h.s.r.b.ReactorHttpServer - Server started on port 50295(0 millis).
19:46:46.848 [Test worker] DEBUG o.s.w.c.RestTemplate - HTTP GET http://localhost:50295/header
19:46:46.849 [Test worker] DEBUG o.s.w.c.RestTemplate - Accept=[application/octet-stream, application/json, application/x-jackson-smile, application/*+json, */*]
19:46:46.851 [reactor-http-nio-2] DEBUG o.s.w.s.a.HttpWebHandlerAdapter - [e8357c71] HTTP GET "/header"
19:46:46.852 [reactor-http-nio-2] DEBUG o.s.w.r.r.SimpleUrlHandlerMappingIntegrationTests$WebConfig$1 - [e8357c71] Mapped to org.springframework.web.reactive.result.SimpleUrlHandlerMappingIntegrationTests$WebConfig$1$$Lambda$318/1691041661@1b378a16
19:46:46.852 [reactor-http-nio-2] DEBUG o.s.w.s.a.HttpWebHandlerAdapter - [e8357c71] Completed 200 OK
19:46:46.853 [Test worker] DEBUG o.s.w.c.RestTemplate - Response 200 OK
19:46:46.854 [Test worker] DEBUG o.s.h.s.r.b.ReactorHttpServer - Stopping ReactorHttpServer...
19:46:46.854 [Test worker] DEBUG o.s.h.s.r.b.ReactorHttpServer - Server stopped (0 millis).
19:46:46.865 [Test worker] DEBUG o.s.w.r.r.SimpleUrlHandlerMappingIntegrationTests$WebConfig$1 - Patterns [/foo, /bar, /header] in 'handlerMapping'
19:46:46.868 [Test worker] DEBUG o.s.w.s.a.HttpWebHandlerAdapter - enableLoggingRequestDetails='false': form data and headers will be masked to prevent unsafe logging of potentially sensitive data
19:46:46.868 [Test worker] DEBUG o.s.h.s.r.b.ReactorHttpServer - Starting ReactorHttpServer...
19:46:46.870 [Test worker] DEBUG o.s.h.s.r.b.ReactorHttpServer - Server started on port 50297(0 millis).
19:46:46.897 [Test worker] DEBUG o.s.w.c.RestTemplate - HTTP GET http://localhost:50297/bar
19:46:46.898 [Test worker] DEBUG o.s.w.c.RestTemplate - Accept=[application/octet-stream, application/json, application/x-jackson-smile, application/*+json, */*]
19:46:46.901 [reactor-http-nio-4] DEBUG o.s.w.s.a.HttpWebHandlerAdapter - [b622d1bc] HTTP GET "/bar"
19:46:46.901 [reactor-http-nio-4] DEBUG o.s.w.r.r.SimpleUrlHandlerMappingIntegrationTests$WebConfig$1 - [b622d1bc] Mapped to org.springframework.web.reactive.result.SimpleUrlHandlerMappingIntegrationTests$WebConfig$1$$Lambda$317/2000910016@6c9b6180
19:46:46.903 [reactor-http-nio-4] DEBUG o.s.w.s.a.HttpWebHandlerAdapter - [b622d1bc] Completed 200 OK
19:46:46.904 [Test worker] DEBUG o.s.w.c.RestTemplate - Response 200 OK
19:46:46.905 [Test worker] DEBUG o.s.w.c.RestTemplate - Reading to [[B] as "application/octet-stream"
19:46:46.906 [Test worker] DEBUG o.s.h.s.r.b.ReactorHttpServer - Stopping ReactorHttpServer...
19:46:46.906 [Test worker] DEBUG o.s.h.s.r.b.ReactorHttpServer - Server stopped (0 millis).
19:46:46.920 [Test worker] DEBUG o.s.w.r.r.SimpleUrlHandlerMappingIntegrationTests$WebConfig$1 - Patterns [/foo, /bar, /header] in 'handlerMapping'
19:46:46.922 [Test worker] DEBUG o.s.w.s.a.HttpWebHandlerAdapter - enableLoggingRequestDetails='false': form data and headers will be masked to prevent unsafe logging of potentially sensitive data
19:46:47.119 [Test worker] DEBUG o.s.h.s.r.b.TomcatHttpServer - Starting TomcatHttpServer...
19:46:47.872 [Test worker] DEBUG o.s.h.s.r.b.TomcatHttpServer - Server started on port 50299(0 millis).
19:46:47.897 [Test worker] DEBUG o.s.w.c.RestTemplate - HTTP GET http://localhost:50299/oops
19:46:47.898 [Test worker] DEBUG o.s.w.c.RestTemplate - Accept=[application/octet-stream, application/json, application/x-jackson-smile, application/*+json, */*]
19:46:48.048 [http-nio-auto-1-exec-1] DEBUG o.s.w.s.a.HttpWebHandlerAdapter - [746b9b00] HTTP GET "/oops"
19:46:48.049 [http-nio-auto-1-exec-1] DEBUG o.s.w.s.h.ResponseStatusExceptionHandler - [746b9b00] Resolved [ResponseStatusException: 404 NOT_FOUND "No matching handler"] for HTTP GET /oops
19:46:48.050 [http-nio-auto-1-exec-1] DEBUG o.s.w.s.a.HttpWebHandlerAdapter - [746b9b00] Completed 404 NOT_FOUND
19:46:48.052 [Test worker] DEBUG o.s.w.c.RestTemplate - Response 404 NOT_FOUND
19:46:48.053 [Test worker] DEBUG o.s.h.s.r.b.TomcatHttpServer - Stopping TomcatHttpServer...
19:46:48.075 [Test worker] DEBUG o.s.h.s.r.b.TomcatHttpServer - Server stopped (0 millis).
19:46:48.084 [Test worker] DEBUG o.s.w.r.r.SimpleUrlHandlerMappingIntegrationTests$WebConfig$1 - Patterns [/foo, /bar, /header] in 'handlerMapping'
19:46:48.086 [Test worker] DEBUG o.s.w.s.a.HttpWebHandlerAdapter - enableLoggingRequestDetails='false': form data and headers will be masked to prevent unsafe logging of potentially sensitive data
19:46:48.087 [Test worker] DEBUG o.s.h.s.r.b.TomcatHttpServer - Starting TomcatHttpServer...
19:46:48.105 [Test worker] DEBUG o.s.h.s.r.b.TomcatHttpServer - Server started on port 50302(0 millis).
19:46:48.120 [Test worker] DEBUG o.s.w.c.RestTemplate - HTTP GET http://localhost:50302/foo
19:46:48.120 [Test worker] DEBUG o.s.w.c.RestTemplate - Accept=[application/octet-stream, application/json, application/x-jackson-smile, application/*+json, */*]
19:46:48.124 [http-nio-auto-2-exec-1] DEBUG o.s.w.s.a.HttpWebHandlerAdapter - [42e021da] HTTP GET "/foo"
19:46:48.124 [http-nio-auto-2-exec-1] DEBUG o.s.w.r.r.SimpleUrlHandlerMappingIntegrationTests$WebConfig$1 - [42e021da] Mapped to org.springframework.web.reactive.result.SimpleUrlHandlerMappingIntegrationTests$WebConfig$1$$Lambda$316/192331986@42fe43dd
19:46:48.126 [Test worker] DEBUG o.s.w.c.RestTemplate - Response 200 OK
19:46:48.126 [http-nio-auto-2-exec-1] DEBUG o.s.w.s.a.HttpWebHandlerAdapter - [42e021da] Completed 200 OK
19:46:48.127 [Test worker] DEBUG o.s.w.c.RestTemplate - Reading to [[B] as "application/octet-stream"
19:46:48.128 [Test worker] DEBUG o.s.h.s.r.b.TomcatHttpServer - Stopping TomcatHttpServer...
19:46:48.146 [Test worker] DEBUG o.s.h.s.r.b.TomcatHttpServer - Server stopped (0 millis).
19:46:48.155 [Test worker] DEBUG o.s.w.r.r.SimpleUrlHandlerMappingIntegrationTests$WebConfig$1 - Patterns [/foo, /bar, /header] in 'handlerMapping'
19:46:48.158 [Test worker] DEBUG o.s.w.s.a.HttpWebHandlerAdapter - enableLoggingRequestDetails='false': form data and headers will be masked to prevent unsafe logging of potentially sensitive data
19:46:48.160 [Test worker] DEBUG o.s.h.s.r.b.TomcatHttpServer - Starting TomcatHttpServer...
19:46:48.178 [Test worker] DEBUG o.s.h.s.r.b.TomcatHttpServer - Server started on port 50305(0 millis).
19:46:48.207 [Test worker] DEBUG o.s.w.c.RestTemplate - HTTP GET http://localhost:50305/header
19:46:48.208 [Test worker] DEBUG o.s.w.c.RestTemplate - Accept=[application/octet-stream, application/json, application/x-jackson-smile, application/*+json, */*]
19:46:48.211 [http-nio-auto-3-exec-1] DEBUG o.s.w.s.a.HttpWebHandlerAdapter - [18ac0ed8] HTTP GET "/header"
19:46:48.211 [http-nio-auto-3-exec-1] DEBUG o.s.w.r.r.SimpleUrlHandlerMappingIntegrationTests$WebConfig$1 - [18ac0ed8] Mapped to org.springframework.web.reactive.result.SimpleUrlHandlerMappingIntegrationTests$WebConfig$1$$Lambda$318/1691041661@1b378a16
19:46:48.211 [http-nio-auto-3-exec-1] DEBUG o.s.w.s.a.HttpWebHandlerAdapter - [18ac0ed8] Completed 200 OK
19:46:48.212 [Test worker] DEBUG o.s.w.c.RestTemplate - Response 200 OK
19:46:48.213 [Test worker] DEBUG o.s.h.s.r.b.TomcatHttpServer - Stopping TomcatHttpServer...
19:46:48.227 [Test worker] DEBUG o.s.h.s.r.b.TomcatHttpServer - Server stopped (0 millis).
19:46:48.236 [Test worker] DEBUG o.s.w.r.r.SimpleUrlHandlerMappingIntegrationTests$WebConfig$1 - Patterns [/foo, /bar, /header] in 'handlerMapping'
19:46:48.237 [Test worker] DEBUG o.s.w.s.a.HttpWebHandlerAdapter - enableLoggingRequestDetails='false': form data and headers will be masked to prevent unsafe logging of potentially sensitive data
19:46:48.238 [Test worker] DEBUG o.s.h.s.r.b.TomcatHttpServer - Starting TomcatHttpServer...
19:46:48.252 [Test worker] DEBUG o.s.h.s.r.b.TomcatHttpServer - Server started on port 50308(0 millis).
19:46:48.267 [Test worker] DEBUG o.s.w.c.RestTemplate - HTTP GET http://localhost:50308/bar
19:46:48.267 [Test worker] DEBUG o.s.w.c.RestTemplate - Accept=[application/octet-stream, application/json, application/x-jackson-smile, application/*+json, */*]
19:46:48.270 [http-nio-auto-4-exec-1] DEBUG o.s.w.s.a.HttpWebHandlerAdapter - [54e35a8b] HTTP GET "/bar"
19:46:48.270 [http-nio-auto-4-exec-1] DEBUG o.s.w.r.r.SimpleUrlHandlerMappingIntegrationTests$WebConfig$1 - [54e35a8b] Mapped to org.springframework.web.reactive.result.SimpleUrlHandlerMappingIntegrationTests$WebConfig$1$$Lambda$317/2000910016@6c9b6180
19:46:48.271 [http-nio-auto-4-exec-1] DEBUG o.s.w.s.a.HttpWebHandlerAdapter - [54e35a8b] Completed 200 OK
19:46:48.272 [Test worker] DEBUG o.s.w.c.RestTemplate - Response 200 OK
19:46:48.273 [Test worker] DEBUG o.s.w.c.RestTemplate - Reading to [[B] as "application/octet-stream"
19:46:48.273 [Test worker] DEBUG o.s.h.s.r.b.TomcatHttpServer - Stopping TomcatHttpServer...
19:46:48.291 [Test worker] DEBUG o.s.h.s.r.b.TomcatHttpServer - Server stopped (0 millis).
19:46:48.305 [Test worker] DEBUG o.s.w.r.r.SimpleUrlHandlerMappingIntegrationTests$WebConfig$1 - Patterns [/foo, /bar, /header] in 'handlerMapping'
19:46:48.307 [Test worker] DEBUG o.s.w.s.a.HttpWebHandlerAdapter - enableLoggingRequestDetails='false': form data and headers will be masked to prevent unsafe logging of potentially sensitive data
19:46:48.324 [Test worker] DEBUG o.s.h.s.r.b.UndertowHttpServer - Starting UndertowHttpServer...
19:46:48.389 [Test worker] INFO  o.xnio - XNIO version 3.3.8.Final
19:46:48.447 [Test worker] INFO  o.x.nio - XNIO NIO Implementation Version 3.3.8.Final
19:46:48.582 [Test worker] DEBUG o.s.h.s.r.b.UndertowHttpServer - Server started on port 50311(0 millis).
19:46:48.602 [Test worker] DEBUG o.s.w.c.RestTemplate - HTTP GET http://localhost:50311/oops
19:46:48.603 [Test worker] DEBUG o.s.w.c.RestTemplate - Accept=[application/octet-stream, application/json, application/x-jackson-smile, application/*+json, */*]
19:46:48.671 [XNIO-1 I/O-2] DEBUG o.s.w.s.a.HttpWebHandlerAdapter - [918992f] HTTP GET "/oops"
19:46:48.671 [XNIO-1 I/O-2] DEBUG o.s.w.s.h.ResponseStatusExceptionHandler - [918992f] Resolved [ResponseStatusException: 404 NOT_FOUND "No matching handler"] for HTTP GET /oops
19:46:48.672 [XNIO-1 I/O-2] DEBUG o.s.w.s.a.HttpWebHandlerAdapter - [918992f] Completed 404 NOT_FOUND
19:46:48.684 [Test worker] DEBUG o.s.w.c.RestTemplate - Response 404 NOT_FOUND
19:46:48.685 [Test worker] DEBUG o.s.h.s.r.b.UndertowHttpServer - Stopping UndertowHttpServer...
19:46:48.688 [Test worker] DEBUG o.s.h.s.r.b.UndertowHttpServer - Server stopped (0 millis).
19:46:48.699 [Test worker] DEBUG o.s.w.r.r.SimpleUrlHandlerMappingIntegrationTests$WebConfig$1 - Patterns [/foo, /bar, /header] in 'handlerMapping'
19:46:48.700 [Test worker] DEBUG o.s.w.s.a.HttpWebHandlerAdapter - enableLoggingRequestDetails='false': form data and headers will be masked to prevent unsafe logging of potentially sensitive data
19:46:48.701 [Test worker] DEBUG o.s.h.s.r.b.UndertowHttpServer - Starting UndertowHttpServer...
19:46:48.705 [Test worker] DEBUG o.s.h.s.r.b.UndertowHttpServer - Server started on port 50313(0 millis).
19:46:48.733 [Test worker] DEBUG o.s.w.c.RestTemplate - HTTP GET http://localhost:50313/foo
19:46:48.734 [Test worker] DEBUG o.s.w.c.RestTemplate - Accept=[application/octet-stream, application/json, application/x-jackson-smile, application/*+json, */*]
19:46:48.735 [XNIO-2 I/O-2] DEBUG o.s.w.s.a.HttpWebHandlerAdapter - [296104f5] HTTP GET "/foo"
19:46:48.736 [XNIO-2 I/O-2] DEBUG o.s.w.r.r.SimpleUrlHandlerMappingIntegrationTests$WebConfig$1 - [296104f5] Mapped to org.springframework.web.reactive.result.SimpleUrlHandlerMappingIntegrationTests$WebConfig$1$$Lambda$316/192331986@42fe43dd
19:46:48.752 [XNIO-2 I/O-2] DEBUG o.s.w.s.a.HttpWebHandlerAdapter - [296104f5] Completed 200 OK
19:46:48.752 [Test worker] DEBUG o.s.w.c.RestTemplate - Response 200 OK
19:46:48.752 [Test worker] DEBUG o.s.w.c.RestTemplate - Reading to [[B] as "application/octet-stream"
19:46:48.754 [Test worker] DEBUG o.s.h.s.r.b.UndertowHttpServer - Stopping UndertowHttpServer...
19:46:48.756 [Test worker] DEBUG o.s.h.s.r.b.UndertowHttpServer - Server stopped (0 millis).
19:46:48.767 [Test worker] DEBUG o.s.w.r.r.SimpleUrlHandlerMappingIntegrationTests$WebConfig$1 - Patterns [/foo, /bar, /header] in 'handlerMapping'
19:46:48.769 [Test worker] DEBUG o.s.w.s.a.HttpWebHandlerAdapter - enableLoggingRequestDetails='false': form data and headers will be masked to prevent unsafe logging of potentially sensitive data
19:46:48.769 [Test worker] DEBUG o.s.h.s.r.b.UndertowHttpServer - Starting UndertowHttpServer...
19:46:48.774 [Test worker] DEBUG o.s.h.s.r.b.UndertowHttpServer - Server started on port 50315(0 millis).
19:46:48.797 [Test worker] DEBUG o.s.w.c.RestTemplate - HTTP GET http://localhost:50315/header
19:46:48.798 [Test worker] DEBUG o.s.w.c.RestTemplate - Accept=[application/octet-stream, application/json, application/x-jackson-smile, application/*+json, */*]
19:46:48.800 [XNIO-3 I/O-2] DEBUG o.s.w.s.a.HttpWebHandlerAdapter - [383c1e54] HTTP GET "/header"
19:46:48.800 [XNIO-3 I/O-2] DEBUG o.s.w.r.r.SimpleUrlHandlerMappingIntegrationTests$WebConfig$1 - [383c1e54] Mapped to org.springframework.web.reactive.result.SimpleUrlHandlerMappingIntegrationTests$WebConfig$1$$Lambda$318/1691041661@1b378a16
19:46:48.801 [XNIO-3 I/O-2] DEBUG o.s.w.s.a.HttpWebHandlerAdapter - [383c1e54] Completed 200 OK
19:46:48.801 [Test worker] DEBUG o.s.w.c.RestTemplate - Response 200 OK
19:46:48.802 [Test worker] DEBUG o.s.h.s.r.b.UndertowHttpServer - Stopping UndertowHttpServer...
19:46:48.804 [Test worker] DEBUG o.s.h.s.r.b.UndertowHttpServer - Server stopped (0 millis).
19:46:48.815 [Test worker] DEBUG o.s.w.r.r.SimpleUrlHandlerMappingIntegrationTests$WebConfig$1 - Patterns [/foo, /bar, /header] in 'handlerMapping'
19:46:48.818 [Test worker] DEBUG o.s.w.s.a.HttpWebHandlerAdapter - enableLoggingRequestDetails='false': form data and headers will be masked to prevent unsafe logging of potentially sensitive data
19:46:48.818 [Test worker] DEBUG o.s.h.s.r.b.UndertowHttpServer - Starting UndertowHttpServer...
19:46:48.822 [Test worker] DEBUG o.s.h.s.r.b.UndertowHttpServer - Server started on port 50317(0 millis).
19:46:48.847 [Test worker] DEBUG o.s.w.c.RestTemplate - HTTP GET http://localhost:50317/bar
19:46:48.847 [Test worker] DEBUG o.s.w.c.RestTemplate - Accept=[application/octet-stream, application/json, application/x-jackson-smile, application/*+json, */*]
19:46:48.849 [XNIO-4 I/O-2] DEBUG o.s.w.s.a.HttpWebHandlerAdapter - [ace0ac6] HTTP GET "/bar"
19:46:48.850 [XNIO-4 I/O-2] DEBUG o.s.w.r.r.SimpleUrlHandlerMappingIntegrationTests$WebConfig$1 - [ace0ac6] Mapped to org.springframework.web.reactive.result.SimpleUrlHandlerMappingIntegrationTests$WebConfig$1$$Lambda$317/2000910016@6c9b6180
19:46:48.850 [XNIO-4 I/O-2] DEBUG o.s.w.s.a.HttpWebHandlerAdapter - [ace0ac6] Completed 200 OK
19:46:48.850 [Test worker] DEBUG o.s.w.c.RestTemplate - Response 200 OK
19:46:48.851 [Test worker] DEBUG o.s.w.c.RestTemplate - Reading to [[B] as "application/octet-stream"
19:46:48.852 [Test worker] DEBUG o.s.h.s.r.b.UndertowHttpServer - Stopping UndertowHttpServer...
19:46:48.854 [Test worker] DEBUG o.s.h.s.r.b.UndertowHttpServer - Server stopped (0 millis).
]]></system-out>
  <system-err><![CDATA[六月 21, 2019 7:46:47 下午 org.apache.catalina.core.StandardService startInternal
信息: Starting service [Tomcat]
六月 21, 2019 7:46:47 下午 org.apache.catalina.core.StandardEngine startInternal
信息: Starting Servlet engine: [Apache Tomcat/9.0.21]
六月 21, 2019 7:46:47 下午 org.apache.coyote.AbstractProtocol init
信息: Initializing ProtocolHandler ["http-nio-auto-1"]
六月 21, 2019 7:46:47 下午 org.apache.coyote.AbstractProtocol start
信息: Starting ProtocolHandler ["http-nio-auto-1-50299"]
六月 21, 2019 7:46:48 下午 org.apache.coyote.AbstractProtocol pause
信息: Pausing ProtocolHandler ["http-nio-auto-1-50299"]
六月 21, 2019 7:46:48 下午 org.apache.catalina.core.StandardService stopInternal
信息: Stopping service [Tomcat]
六月 21, 2019 7:46:48 下午 org.apache.coyote.AbstractProtocol stop
信息: Stopping ProtocolHandler ["http-nio-auto-1-50299"]
六月 21, 2019 7:46:48 下午 org.apache.coyote.AbstractProtocol destroy
信息: Destroying ProtocolHandler ["http-nio-auto-1-50299"]
六月 21, 2019 7:46:48 下午 org.apache.catalina.core.StandardService startInternal
信息: Starting service [Tomcat]
六月 21, 2019 7:46:48 下午 org.apache.catalina.core.StandardEngine startInternal
信息: Starting Servlet engine: [Apache Tomcat/9.0.21]
六月 21, 2019 7:46:48 下午 org.apache.coyote.AbstractProtocol init
信息: Initializing ProtocolHandler ["http-nio-auto-2"]
六月 21, 2019 7:46:48 下午 org.apache.coyote.AbstractProtocol start
信息: Starting ProtocolHandler ["http-nio-auto-2-50302"]
六月 21, 2019 7:46:48 下午 org.apache.coyote.AbstractProtocol pause
信息: Pausing ProtocolHandler ["http-nio-auto-2-50302"]
六月 21, 2019 7:46:48 下午 org.apache.catalina.core.StandardService stopInternal
信息: Stopping service [Tomcat]
六月 21, 2019 7:46:48 下午 org.apache.coyote.AbstractProtocol stop
信息: Stopping ProtocolHandler ["http-nio-auto-2-50302"]
六月 21, 2019 7:46:48 下午 org.apache.coyote.AbstractProtocol destroy
信息: Destroying ProtocolHandler ["http-nio-auto-2-50302"]
六月 21, 2019 7:46:48 下午 org.apache.catalina.core.StandardService startInternal
信息: Starting service [Tomcat]
六月 21, 2019 7:46:48 下午 org.apache.catalina.core.StandardEngine startInternal
信息: Starting Servlet engine: [Apache Tomcat/9.0.21]
六月 21, 2019 7:46:48 下午 org.apache.coyote.AbstractProtocol init
信息: Initializing ProtocolHandler ["http-nio-auto-3"]
六月 21, 2019 7:46:48 下午 org.apache.coyote.AbstractProtocol start
信息: Starting ProtocolHandler ["http-nio-auto-3-50305"]
六月 21, 2019 7:46:48 下午 org.apache.coyote.AbstractProtocol pause
信息: Pausing ProtocolHandler ["http-nio-auto-3-50305"]
六月 21, 2019 7:46:48 下午 org.apache.catalina.core.StandardService stopInternal
信息: Stopping service [Tomcat]
六月 21, 2019 7:46:48 下午 org.apache.coyote.AbstractProtocol stop
信息: Stopping ProtocolHandler ["http-nio-auto-3-50305"]
六月 21, 2019 7:46:48 下午 org.apache.coyote.AbstractProtocol destroy
信息: Destroying ProtocolHandler ["http-nio-auto-3-50305"]
六月 21, 2019 7:46:48 下午 org.apache.catalina.core.StandardService startInternal
信息: Starting service [Tomcat]
六月 21, 2019 7:46:48 下午 org.apache.catalina.core.StandardEngine startInternal
信息: Starting Servlet engine: [Apache Tomcat/9.0.21]
六月 21, 2019 7:46:48 下午 org.apache.coyote.AbstractProtocol init
信息: Initializing ProtocolHandler ["http-nio-auto-4"]
六月 21, 2019 7:46:48 下午 org.apache.coyote.AbstractProtocol start
信息: Starting ProtocolHandler ["http-nio-auto-4-50308"]
六月 21, 2019 7:46:48 下午 org.apache.coyote.AbstractProtocol pause
信息: Pausing ProtocolHandler ["http-nio-auto-4-50308"]
六月 21, 2019 7:46:48 下午 org.apache.catalina.core.StandardService stopInternal
信息: Stopping service [Tomcat]
六月 21, 2019 7:46:48 下午 org.apache.coyote.AbstractProtocol stop
信息: Stopping ProtocolHandler ["http-nio-auto-4-50308"]
六月 21, 2019 7:46:48 下午 org.apache.coyote.AbstractProtocol destroy
信息: Destroying ProtocolHandler ["http-nio-auto-4-50308"]
]]></system-err>
</testsuite>
