<?xml version="1.0" encoding="UTF-8"?>
<testsuite name="org.springframework.web.reactive.result.method.annotation.ControllerInputIntegrationTests" tests="12" skipped="0" failures="0" errors="0" timestamp="2020-11-25T14:42:28" hostname="lichangbaodeMacBook-Pro.local" time="1.209">
  <properties/>
  <testcase name="handleWithEncodedParam[server [org.springframework.http.server.reactive.bootstrap.JettyHttpServer@a2c21f3]]" classname="org.springframework.web.reactive.result.method.annotation.ControllerInputIntegrationTests" time="0.095"/>
  <testcase name="matrixVariable[server [org.springframework.http.server.reactive.bootstrap.JettyHttpServer@a2c21f3]]" classname="org.springframework.web.reactive.result.method.annotation.ControllerInputIntegrationTests" time="0.179"/>
  <testcase name="handleWithParam[server [org.springframework.http.server.reactive.bootstrap.JettyHttpServer@a2c21f3]]" classname="org.springframework.web.reactive.result.method.annotation.ControllerInputIntegrationTests" time="0.113"/>
  <testcase name="handleWithEncodedParam[server [org.springframework.http.server.reactive.bootstrap.ReactorHttpServer@7af5c635]]" classname="org.springframework.web.reactive.result.method.annotation.ControllerInputIntegrationTests" time="0.084"/>
  <testcase name="matrixVariable[server [org.springframework.http.server.reactive.bootstrap.ReactorHttpServer@7af5c635]]" classname="org.springframework.web.reactive.result.method.annotation.ControllerInputIntegrationTests" time="0.081"/>
  <testcase name="handleWithParam[server [org.springframework.http.server.reactive.bootstrap.ReactorHttpServer@7af5c635]]" classname="org.springframework.web.reactive.result.method.annotation.ControllerInputIntegrationTests" time="0.106"/>
  <testcase name="handleWithEncodedParam[server [org.springframework.http.server.reactive.bootstrap.TomcatHttpServer@430015b9]]" classname="org.springframework.web.reactive.result.method.annotation.ControllerInputIntegrationTests" time="0.097"/>
  <testcase name="matrixVariable[server [org.springframework.http.server.reactive.bootstrap.TomcatHttpServer@430015b9]]" classname="org.springframework.web.reactive.result.method.annotation.ControllerInputIntegrationTests" time="0.103"/>
  <testcase name="handleWithParam[server [org.springframework.http.server.reactive.bootstrap.TomcatHttpServer@430015b9]]" classname="org.springframework.web.reactive.result.method.annotation.ControllerInputIntegrationTests" time="0.098"/>
  <testcase name="handleWithEncodedParam[server [org.springframework.http.server.reactive.bootstrap.UndertowHttpServer@4b797bf6]]" classname="org.springframework.web.reactive.result.method.annotation.ControllerInputIntegrationTests" time="0.09"/>
  <testcase name="matrixVariable[server [org.springframework.http.server.reactive.bootstrap.UndertowHttpServer@4b797bf6]]" classname="org.springframework.web.reactive.result.method.annotation.ControllerInputIntegrationTests" time="0.085"/>
  <testcase name="handleWithParam[server [org.springframework.http.server.reactive.bootstrap.UndertowHttpServer@4b797bf6]]" classname="org.springframework.web.reactive.result.method.annotation.ControllerInputIntegrationTests" time="0.078"/>
  <system-out><![CDATA[22:42:28.791 [Test worker] DEBUG o.s.w.r.r.m.a.RequestMappingHandlerMapping - 2 mappings in 'requestMappingHandlerMapping'
22:42:28.810 [Test worker] DEBUG o.s.w.r.r.m.a.ControllerMethodResolver - ControllerAdvice beans: none
22:42:28.842 [Test worker] DEBUG o.s.w.s.a.HttpWebHandlerAdapter - enableLoggingRequestDetails='false': form data and headers will be masked to prevent unsafe logging of potentially sensitive data
22:42:28.842 [Test worker] WARN  o.e.j.s.h.ContextHandler - Empty contextPath
22:42:28.842 [Test worker] INFO  o.e.j.s.h.ContextHandler - Started o.e.j.s.ServletContextHandler@7dbb4fdb{/,null,AVAILABLE}
22:42:28.842 [Test worker] DEBUG o.s.h.s.r.b.JettyHttpServer - Starting JettyHttpServer...
22:42:28.842 [Test worker] INFO  o.e.j.s.Server - jetty-9.4.18.v20190429; built: 2019-04-29T20:42:08.989Z; git: e1bc35120a6617ee3df052294e433f3a25ce7097; jvm 1.8.0_211-b12
22:42:28.844 [Test worker] INFO  o.e.j.s.AbstractConnector - Started ServerConnector@7c45225e{HTTP/1.1,[http/1.1]}{0.0.0.0:53724}
22:42:28.844 [Test worker] INFO  o.e.j.s.Server - Started @21270ms
22:42:28.844 [Test worker] DEBUG o.s.h.s.r.b.JettyHttpServer - Server started on port 53724(0 millis).
22:42:28.844 [Test worker] DEBUG o.s.w.c.RestTemplate - HTTP GET http://localhost:53724/param?name=%20%2B+%C3%A0
22:42:28.845 [Test worker] DEBUG o.s.w.c.RestTemplate - Accept=[text/plain, application/json, application/x-jackson-smile, application/*+json, */*]
22:42:28.846 [qtp923111328-563] DEBUG o.s.w.s.a.HttpWebHandlerAdapter - [5a80fddb] HTTP GET "/param?name=%20%2B+%C3%A0"
22:42:28.846 [qtp923111328-563] DEBUG o.s.w.r.r.m.a.RequestMappingHandlerMapping - [5a80fddb] Mapped to org.springframework.web.reactive.result.method.annotation.ControllerInputIntegrationTests$TestRestController#param(String)
22:42:28.851 [qtp923111328-563] DEBUG o.s.w.r.r.m.a.ResponseBodyResultHandler - Using 'text/plain;charset=UTF-8' given [text/plain, application/json, application/x-jackson-smile, application/*+json, */*] and supported [text/plain;charset=UTF-8, text/event-stream, text/plain;charset=UTF-8, */*]
22:42:28.851 [qtp923111328-563] DEBUG o.s.w.r.r.m.a.ResponseBodyResultHandler - [5a80fddb] 0..N [java.lang.String]
22:42:28.852 [qtp923111328-563] DEBUG o.s.c.c.CharSequenceEncoder - [5a80fddb] Writing "Hello "
22:42:28.853 [qtp923111328-563] DEBUG o.s.c.c.CharSequenceEncoder - [5a80fddb] Writing " + Ã "
22:42:28.853 [Test worker] DEBUG o.s.w.c.RestTemplate - Response 200 OK
22:42:28.853 [qtp923111328-563] DEBUG o.s.c.c.CharSequenceEncoder - [5a80fddb] Writing "!"
22:42:28.853 [Test worker] DEBUG o.s.w.c.RestTemplate - Reading to [java.lang.String] as "text/plain;charset=utf-8"
22:42:28.853 [qtp923111328-563] DEBUG o.s.w.s.a.HttpWebHandlerAdapter - [5a80fddb] Completed 200 OK
22:42:28.853 [Test worker] DEBUG o.s.h.s.r.b.JettyHttpServer - Stopping JettyHttpServer...
22:42:28.854 [Test worker] INFO  o.e.j.s.h.ContextHandler - Stopped o.e.j.s.ServletContextHandler@7dbb4fdb{/,null,UNAVAILABLE}
22:42:28.855 [Test worker] INFO  o.e.j.s.AbstractConnector - Stopped ServerConnector@7c45225e{HTTP/1.1,[http/1.1]}{0.0.0.0:0}
22:42:28.855 [Test worker] DEBUG o.s.h.s.r.b.JettyHttpServer - Server stopped (0 millis).
22:42:28.886 [Test worker] DEBUG o.s.w.r.r.m.a.RequestMappingHandlerMapping - 2 mappings in 'requestMappingHandlerMapping'
22:42:28.937 [Test worker] DEBUG o.s.w.r.r.m.a.ControllerMethodResolver - ControllerAdvice beans: none
22:42:29.019 [Test worker] DEBUG o.s.w.s.a.HttpWebHandlerAdapter - enableLoggingRequestDetails='false': form data and headers will be masked to prevent unsafe logging of potentially sensitive data
22:42:29.019 [Test worker] WARN  o.e.j.s.h.ContextHandler - Empty contextPath
22:42:29.019 [Test worker] INFO  o.e.j.s.h.ContextHandler - Started o.e.j.s.ServletContextHandler@74f08080{/,null,AVAILABLE}
22:42:29.020 [Test worker] DEBUG o.s.h.s.r.b.JettyHttpServer - Starting JettyHttpServer...
22:42:29.020 [Test worker] INFO  o.e.j.s.Server - jetty-9.4.18.v20190429; built: 2019-04-29T20:42:08.989Z; git: e1bc35120a6617ee3df052294e433f3a25ce7097; jvm 1.8.0_211-b12
22:42:29.022 [Test worker] INFO  o.e.j.s.AbstractConnector - Started ServerConnector@4376987f{HTTP/1.1,[http/1.1]}{0.0.0.0:53726}
22:42:29.022 [Test worker] INFO  o.e.j.s.Server - Started @21449ms
22:42:29.022 [Test worker] DEBUG o.s.h.s.r.b.JettyHttpServer - Server started on port 53726(0 millis).
22:42:29.023 [Test worker] DEBUG o.s.w.c.RestTemplate - HTTP GET http://localhost:53726/first;p=11/second;q=22/third-fourth;q=44
22:42:29.023 [Test worker] DEBUG o.s.w.c.RestTemplate - Accept=[text/plain, application/json, application/x-jackson-smile, application/*+json, */*]
22:42:29.025 [qtp497405408-579] DEBUG o.s.w.s.a.HttpWebHandlerAdapter - [701bba48] HTTP GET "/first;p=11/second;q=22/third-fourth;q=44"
22:42:29.025 [qtp497405408-579] DEBUG o.s.w.r.r.m.a.RequestMappingHandlerMapping - [701bba48] Mapped to org.springframework.web.reactive.result.method.annotation.ControllerInputIntegrationTests$TestRestController#matrixVar(int, int, int)
22:42:29.031 [qtp497405408-579] DEBUG o.s.w.r.r.m.a.ResponseBodyResultHandler - Using 'text/plain;charset=UTF-8' given [text/plain, application/json, application/x-jackson-smile, application/*+json, */*] and supported [text/plain;charset=UTF-8, text/event-stream, text/plain;charset=UTF-8, */*]
22:42:29.031 [qtp497405408-579] DEBUG o.s.w.r.r.m.a.ResponseBodyResultHandler - [701bba48] 0..1 [java.lang.String]
22:42:29.031 [qtp497405408-579] DEBUG o.s.c.c.CharSequenceEncoder - [701bba48] Writing "p=11, q2=22, q4=44"
22:42:29.031 [qtp497405408-579] DEBUG o.s.w.s.a.HttpWebHandlerAdapter - [701bba48] Completed 200 OK
22:42:29.031 [Test worker] DEBUG o.s.w.c.RestTemplate - Response 200 OK
22:42:29.031 [Test worker] DEBUG o.s.w.c.RestTemplate - Reading to [java.lang.String] as "text/plain;charset=utf-8"
22:42:29.032 [Test worker] DEBUG o.s.h.s.r.b.JettyHttpServer - Stopping JettyHttpServer...
22:42:29.032 [Test worker] INFO  o.e.j.s.h.ContextHandler - Stopped o.e.j.s.ServletContextHandler@74f08080{/,null,UNAVAILABLE}
22:42:29.033 [Test worker] INFO  o.e.j.s.AbstractConnector - Stopped ServerConnector@4376987f{HTTP/1.1,[http/1.1]}{0.0.0.0:0}
22:42:29.034 [Test worker] DEBUG o.s.h.s.r.b.JettyHttpServer - Server stopped (0 millis).
22:42:29.082 [Test worker] DEBUG o.s.w.r.r.m.a.RequestMappingHandlerMapping - 2 mappings in 'requestMappingHandlerMapping'
22:42:29.108 [Test worker] DEBUG o.s.w.r.r.m.a.ControllerMethodResolver - ControllerAdvice beans: none
22:42:29.140 [Test worker] DEBUG o.s.w.s.a.HttpWebHandlerAdapter - enableLoggingRequestDetails='false': form data and headers will be masked to prevent unsafe logging of potentially sensitive data
22:42:29.140 [Test worker] WARN  o.e.j.s.h.ContextHandler - Empty contextPath
22:42:29.140 [Test worker] INFO  o.e.j.s.h.ContextHandler - Started o.e.j.s.ServletContextHandler@28a78f91{/,null,AVAILABLE}
22:42:29.140 [Test worker] DEBUG o.s.h.s.r.b.JettyHttpServer - Starting JettyHttpServer...
22:42:29.140 [Test worker] INFO  o.e.j.s.Server - jetty-9.4.18.v20190429; built: 2019-04-29T20:42:08.989Z; git: e1bc35120a6617ee3df052294e433f3a25ce7097; jvm 1.8.0_211-b12
22:42:29.142 [Test worker] INFO  o.e.j.s.AbstractConnector - Started ServerConnector@7b81471b{HTTP/1.1,[http/1.1]}{0.0.0.0:53728}
22:42:29.142 [Test worker] INFO  o.e.j.s.Server - Started @21568ms
22:42:29.142 [Test worker] DEBUG o.s.h.s.r.b.JettyHttpServer - Server started on port 53728(0 millis).
22:42:29.142 [Test worker] DEBUG o.s.w.c.RestTemplate - HTTP GET http://localhost:53728/param?name=George
22:42:29.142 [Test worker] DEBUG o.s.w.c.RestTemplate - Accept=[text/plain, application/json, application/x-jackson-smile, application/*+json, */*]
22:42:29.144 [qtp50043819-592] DEBUG o.s.w.s.a.HttpWebHandlerAdapter - [4effca32] HTTP GET "/param?name=George"
22:42:29.144 [qtp50043819-592] DEBUG o.s.w.r.r.m.a.RequestMappingHandlerMapping - [4effca32] Mapped to org.springframework.web.reactive.result.method.annotation.ControllerInputIntegrationTests$TestRestController#param(String)
22:42:29.145 [qtp50043819-592] DEBUG o.s.w.r.r.m.a.ResponseBodyResultHandler - Using 'text/plain;charset=UTF-8' given [text/plain, application/json, application/x-jackson-smile, application/*+json, */*] and supported [text/plain;charset=UTF-8, text/event-stream, text/plain;charset=UTF-8, */*]
22:42:29.145 [qtp50043819-592] DEBUG o.s.w.r.r.m.a.ResponseBodyResultHandler - [4effca32] 0..N [java.lang.String]
22:42:29.145 [qtp50043819-592] DEBUG o.s.c.c.CharSequenceEncoder - [4effca32] Writing "Hello "
22:42:29.145 [qtp50043819-592] DEBUG o.s.c.c.CharSequenceEncoder - [4effca32] Writing "George"
22:42:29.145 [qtp50043819-592] DEBUG o.s.c.c.CharSequenceEncoder - [4effca32] Writing "!"
22:42:29.145 [Test worker] DEBUG o.s.w.c.RestTemplate - Response 200 OK
22:42:29.145 [qtp50043819-592] DEBUG o.s.w.s.a.HttpWebHandlerAdapter - [4effca32] Completed 200 OK
22:42:29.145 [Test worker] DEBUG o.s.w.c.RestTemplate - Reading to [java.lang.String] as "text/plain;charset=utf-8"
22:42:29.145 [Test worker] DEBUG o.s.h.s.r.b.JettyHttpServer - Stopping JettyHttpServer...
22:42:29.145 [Test worker] INFO  o.e.j.s.h.ContextHandler - Stopped o.e.j.s.ServletContextHandler@28a78f91{/,null,UNAVAILABLE}
22:42:29.146 [Test worker] INFO  o.e.j.s.AbstractConnector - Stopped ServerConnector@7b81471b{HTTP/1.1,[http/1.1]}{0.0.0.0:0}
22:42:29.147 [Test worker] DEBUG o.s.h.s.r.b.JettyHttpServer - Server stopped (0 millis).
22:42:29.176 [Test worker] DEBUG o.s.w.r.r.m.a.RequestMappingHandlerMapping - 2 mappings in 'requestMappingHandlerMapping'
22:42:29.195 [Test worker] DEBUG o.s.w.r.r.m.a.ControllerMethodResolver - ControllerAdvice beans: none
22:42:29.226 [Test worker] DEBUG o.s.w.s.a.HttpWebHandlerAdapter - enableLoggingRequestDetails='false': form data and headers will be masked to prevent unsafe logging of potentially sensitive data
22:42:29.226 [Test worker] DEBUG o.s.h.s.r.b.ReactorHttpServer - Starting ReactorHttpServer...
22:42:29.226 [Test worker] DEBUG o.s.h.s.r.b.ReactorHttpServer - Server started on port 53730(0 millis).
22:42:29.227 [Test worker] DEBUG o.s.w.c.RestTemplate - HTTP GET http://localhost:53730/param?name=%20%2B+%C3%A0
22:42:29.227 [Test worker] DEBUG o.s.w.c.RestTemplate - Accept=[text/plain, application/json, application/x-jackson-smile, application/*+json, */*]
22:42:29.228 [reactor-http-nio-8] DEBUG o.s.w.s.a.HttpWebHandlerAdapter - [a88a97ec] HTTP GET "/param?name=%20%2B+%C3%A0"
22:42:29.228 [reactor-http-nio-8] DEBUG o.s.w.r.r.m.a.RequestMappingHandlerMapping - [a88a97ec] Mapped to org.springframework.web.reactive.result.method.annotation.ControllerInputIntegrationTests$TestRestController#param(String)
22:42:29.229 [reactor-http-nio-8] DEBUG o.s.w.r.r.m.a.ResponseBodyResultHandler - Using 'text/plain;charset=UTF-8' given [text/plain, application/json, application/x-jackson-smile, application/*+json, */*] and supported [text/plain;charset=UTF-8, text/event-stream, text/plain;charset=UTF-8, */*]
22:42:29.229 [reactor-http-nio-8] DEBUG o.s.w.r.r.m.a.ResponseBodyResultHandler - [a88a97ec] 0..N [java.lang.String]
22:42:29.229 [reactor-http-nio-8] DEBUG o.s.c.c.CharSequenceEncoder - [a88a97ec] Writing "Hello "
22:42:29.229 [Test worker] DEBUG o.s.w.c.RestTemplate - Response 200 OK
22:42:29.230 [reactor-http-nio-8] DEBUG o.s.c.c.CharSequenceEncoder - [a88a97ec] Writing " + Ã "
22:42:29.230 [reactor-http-nio-8] DEBUG o.s.c.c.CharSequenceEncoder - [a88a97ec] Writing "!"
22:42:29.230 [reactor-http-nio-8] DEBUG o.s.w.s.a.HttpWebHandlerAdapter - [a88a97ec] Completed 200 OK
22:42:29.230 [Test worker] DEBUG o.s.w.c.RestTemplate - Reading to [java.lang.String] as "text/plain;charset=UTF-8"
22:42:29.230 [Test worker] DEBUG o.s.h.s.r.b.ReactorHttpServer - Stopping ReactorHttpServer...
22:42:29.230 [Test worker] DEBUG o.s.h.s.r.b.ReactorHttpServer - Server stopped (0 millis).
22:42:29.259 [Test worker] DEBUG o.s.w.r.r.m.a.RequestMappingHandlerMapping - 2 mappings in 'requestMappingHandlerMapping'
22:42:29.279 [Test worker] DEBUG o.s.w.r.r.m.a.ControllerMethodResolver - ControllerAdvice beans: none
22:42:29.305 [Test worker] DEBUG o.s.w.s.a.HttpWebHandlerAdapter - enableLoggingRequestDetails='false': form data and headers will be masked to prevent unsafe logging of potentially sensitive data
22:42:29.306 [Test worker] DEBUG o.s.h.s.r.b.ReactorHttpServer - Starting ReactorHttpServer...
22:42:29.306 [Test worker] DEBUG o.s.h.s.r.b.ReactorHttpServer - Server started on port 53732(0 millis).
22:42:29.307 [Test worker] DEBUG o.s.w.c.RestTemplate - HTTP GET http://localhost:53732/first;p=11/second;q=22/third-fourth;q=44
22:42:29.307 [Test worker] DEBUG o.s.w.c.RestTemplate - Accept=[text/plain, application/json, application/x-jackson-smile, application/*+json, */*]
22:42:29.308 [reactor-http-nio-10] DEBUG o.s.w.s.a.HttpWebHandlerAdapter - [7785676f] HTTP GET "/first;p=11/second;q=22/third-fourth;q=44"
22:42:29.309 [reactor-http-nio-10] DEBUG o.s.w.r.r.m.a.RequestMappingHandlerMapping - [7785676f] Mapped to org.springframework.web.reactive.result.method.annotation.ControllerInputIntegrationTests$TestRestController#matrixVar(int, int, int)
22:42:29.310 [reactor-http-nio-10] DEBUG o.s.w.r.r.m.a.ResponseBodyResultHandler - Using 'text/plain;charset=UTF-8' given [text/plain, application/json, application/x-jackson-smile, application/*+json, */*] and supported [text/plain;charset=UTF-8, text/event-stream, text/plain;charset=UTF-8, */*]
22:42:29.310 [reactor-http-nio-10] DEBUG o.s.w.r.r.m.a.ResponseBodyResultHandler - [7785676f] 0..1 [java.lang.String]
22:42:29.311 [reactor-http-nio-10] DEBUG o.s.c.c.CharSequenceEncoder - [7785676f] Writing "p=11, q2=22, q4=44"
22:42:29.311 [Test worker] DEBUG o.s.w.c.RestTemplate - Response 200 OK
22:42:29.311 [Test worker] DEBUG o.s.w.c.RestTemplate - Reading to [java.lang.String] as "text/plain;charset=UTF-8"
22:42:29.311 [Test worker] DEBUG o.s.h.s.r.b.ReactorHttpServer - Stopping ReactorHttpServer...
22:42:29.312 [Test worker] DEBUG o.s.h.s.r.b.ReactorHttpServer - Server stopped (0 millis).
22:42:29.343 [Test worker] DEBUG o.s.w.r.r.m.a.RequestMappingHandlerMapping - 2 mappings in 'requestMappingHandlerMapping'
22:42:29.379 [Test worker] DEBUG o.s.w.r.r.m.a.ControllerMethodResolver - ControllerAdvice beans: none
22:42:29.413 [Test worker] DEBUG o.s.w.s.a.HttpWebHandlerAdapter - enableLoggingRequestDetails='false': form data and headers will be masked to prevent unsafe logging of potentially sensitive data
22:42:29.413 [Test worker] DEBUG o.s.h.s.r.b.ReactorHttpServer - Starting ReactorHttpServer...
22:42:29.414 [Test worker] DEBUG o.s.h.s.r.b.ReactorHttpServer - Server started on port 53734(0 millis).
22:42:29.414 [Test worker] DEBUG o.s.w.c.RestTemplate - HTTP GET http://localhost:53734/param?name=George
22:42:29.414 [Test worker] DEBUG o.s.w.c.RestTemplate - Accept=[text/plain, application/json, application/x-jackson-smile, application/*+json, */*]
22:42:29.415 [reactor-http-nio-12] DEBUG o.s.w.s.a.HttpWebHandlerAdapter - [739b401c] HTTP GET "/param?name=George"
22:42:29.415 [reactor-http-nio-12] DEBUG o.s.w.r.r.m.a.RequestMappingHandlerMapping - [739b401c] Mapped to org.springframework.web.reactive.result.method.annotation.ControllerInputIntegrationTests$TestRestController#param(String)
22:42:29.416 [reactor-http-nio-12] DEBUG o.s.w.r.r.m.a.ResponseBodyResultHandler - Using 'text/plain;charset=UTF-8' given [text/plain, application/json, application/x-jackson-smile, application/*+json, */*] and supported [text/plain;charset=UTF-8, text/event-stream, text/plain;charset=UTF-8, */*]
22:42:29.416 [reactor-http-nio-12] DEBUG o.s.w.r.r.m.a.ResponseBodyResultHandler - [739b401c] 0..N [java.lang.String]
22:42:29.416 [reactor-http-nio-12] DEBUG o.s.c.c.CharSequenceEncoder - [739b401c] Writing "Hello "
22:42:29.417 [Test worker] DEBUG o.s.w.c.RestTemplate - Response 200 OK
22:42:29.417 [reactor-http-nio-12] DEBUG o.s.c.c.CharSequenceEncoder - [739b401c] Writing "George"
22:42:29.417 [reactor-http-nio-12] DEBUG o.s.c.c.CharSequenceEncoder - [739b401c] Writing "!"
22:42:29.417 [reactor-http-nio-12] DEBUG o.s.w.s.a.HttpWebHandlerAdapter - [739b401c] Completed 200 OK
22:42:29.417 [Test worker] DEBUG o.s.w.c.RestTemplate - Reading to [java.lang.String] as "text/plain;charset=UTF-8"
22:42:29.418 [Test worker] DEBUG o.s.h.s.r.b.ReactorHttpServer - Stopping ReactorHttpServer...
22:42:29.418 [Test worker] DEBUG o.s.h.s.r.b.ReactorHttpServer - Server stopped (0 millis).
22:42:29.445 [Test worker] DEBUG o.s.w.r.r.m.a.RequestMappingHandlerMapping - 2 mappings in 'requestMappingHandlerMapping'
22:42:29.464 [Test worker] DEBUG o.s.w.r.r.m.a.ControllerMethodResolver - ControllerAdvice beans: none
22:42:29.495 [Test worker] DEBUG o.s.w.s.a.HttpWebHandlerAdapter - enableLoggingRequestDetails='false': form data and headers will be masked to prevent unsafe logging of potentially sensitive data
22:42:29.496 [Test worker] DEBUG o.s.h.s.r.b.TomcatHttpServer - Starting TomcatHttpServer...
22:42:29.501 [Test worker] DEBUG o.s.h.s.r.b.TomcatHttpServer - Server started on port 53736(0 millis).
22:42:29.502 [Test worker] DEBUG o.s.w.c.RestTemplate - HTTP GET http://localhost:53736/param?name=%20%2B+%C3%A0
22:42:29.502 [Test worker] DEBUG o.s.w.c.RestTemplate - Accept=[text/plain, application/json, application/x-jackson-smile, application/*+json, */*]
22:42:29.503 [http-nio-auto-12-exec-1] DEBUG o.s.w.s.a.HttpWebHandlerAdapter - [7d259b9f] HTTP GET "/param?name=%20%2B+%C3%A0"
22:42:29.503 [http-nio-auto-12-exec-1] DEBUG o.s.w.r.r.m.a.RequestMappingHandlerMapping - [7d259b9f] Mapped to org.springframework.web.reactive.result.method.annotation.ControllerInputIntegrationTests$TestRestController#param(String)
22:42:29.504 [http-nio-auto-12-exec-1] DEBUG o.s.w.r.r.m.a.ResponseBodyResultHandler - Using 'text/plain;charset=UTF-8' given [text/plain, application/json, application/x-jackson-smile, application/*+json, */*] and supported [text/plain;charset=UTF-8, text/event-stream, text/plain;charset=UTF-8, */*]
22:42:29.504 [http-nio-auto-12-exec-1] DEBUG o.s.w.r.r.m.a.ResponseBodyResultHandler - [7d259b9f] 0..N [java.lang.String]
22:42:29.504 [http-nio-auto-12-exec-1] DEBUG o.s.c.c.CharSequenceEncoder - [7d259b9f] Writing "Hello "
22:42:29.504 [http-nio-auto-12-exec-1] DEBUG o.s.c.c.CharSequenceEncoder - [7d259b9f] Writing " + Ã "
22:42:29.504 [http-nio-auto-12-exec-1] DEBUG o.s.c.c.CharSequenceEncoder - [7d259b9f] Writing "!"
22:42:29.505 [http-nio-auto-12-exec-1] DEBUG o.s.w.s.a.HttpWebHandlerAdapter - [7d259b9f] Completed 200 OK
22:42:29.505 [Test worker] DEBUG o.s.w.c.RestTemplate - Response 200 OK
22:42:29.505 [Test worker] DEBUG o.s.w.c.RestTemplate - Reading to [java.lang.String] as "text/plain;charset=UTF-8"
22:42:29.505 [Test worker] DEBUG o.s.h.s.r.b.TomcatHttpServer - Stopping TomcatHttpServer...
22:42:29.515 [Test worker] DEBUG o.s.h.s.r.b.TomcatHttpServer - Server stopped (0 millis).
22:42:29.549 [Test worker] DEBUG o.s.w.r.r.m.a.RequestMappingHandlerMapping - 2 mappings in 'requestMappingHandlerMapping'
22:42:29.568 [Test worker] DEBUG o.s.w.r.r.m.a.ControllerMethodResolver - ControllerAdvice beans: none
22:42:29.598 [Test worker] DEBUG o.s.w.s.a.HttpWebHandlerAdapter - enableLoggingRequestDetails='false': form data and headers will be masked to prevent unsafe logging of potentially sensitive data
22:42:29.598 [Test worker] DEBUG o.s.h.s.r.b.TomcatHttpServer - Starting TomcatHttpServer...
22:42:29.603 [Test worker] DEBUG o.s.h.s.r.b.TomcatHttpServer - Server started on port 53742(0 millis).
22:42:29.604 [Test worker] DEBUG o.s.w.c.RestTemplate - HTTP GET http://localhost:53742/first;p=11/second;q=22/third-fourth;q=44
22:42:29.604 [Test worker] DEBUG o.s.w.c.RestTemplate - Accept=[text/plain, application/json, application/x-jackson-smile, application/*+json, */*]
22:42:29.606 [http-nio-auto-13-exec-1] DEBUG o.s.w.s.a.HttpWebHandlerAdapter - [46dbca01] HTTP GET "/first;p=11/second;q=22/third-fourth;q=44"
22:42:29.606 [http-nio-auto-13-exec-1] DEBUG o.s.w.r.r.m.a.RequestMappingHandlerMapping - [46dbca01] Mapped to org.springframework.web.reactive.result.method.annotation.ControllerInputIntegrationTests$TestRestController#matrixVar(int, int, int)
22:42:29.607 [http-nio-auto-13-exec-1] DEBUG o.s.w.r.r.m.a.ResponseBodyResultHandler - Using 'text/plain;charset=UTF-8' given [text/plain, application/json, application/x-jackson-smile, application/*+json, */*] and supported [text/plain;charset=UTF-8, text/event-stream, text/plain;charset=UTF-8, */*]
22:42:29.607 [http-nio-auto-13-exec-1] DEBUG o.s.w.r.r.m.a.ResponseBodyResultHandler - [46dbca01] 0..1 [java.lang.String]
22:42:29.607 [http-nio-auto-13-exec-1] DEBUG o.s.c.c.CharSequenceEncoder - [46dbca01] Writing "p=11, q2=22, q4=44"
22:42:29.608 [http-nio-auto-13-exec-1] DEBUG o.s.w.s.a.HttpWebHandlerAdapter - [46dbca01] Completed 200 OK
22:42:29.608 [Test worker] DEBUG o.s.w.c.RestTemplate - Response 200 OK
22:42:29.608 [Test worker] DEBUG o.s.w.c.RestTemplate - Reading to [java.lang.String] as "text/plain;charset=UTF-8"
22:42:29.608 [Test worker] DEBUG o.s.h.s.r.b.TomcatHttpServer - Stopping TomcatHttpServer...
22:42:29.618 [Test worker] DEBUG o.s.h.s.r.b.TomcatHttpServer - Server stopped (0 millis).
22:42:29.651 [Test worker] DEBUG o.s.w.r.r.m.a.RequestMappingHandlerMapping - 2 mappings in 'requestMappingHandlerMapping'
22:42:29.668 [Test worker] DEBUG o.s.w.r.r.m.a.ControllerMethodResolver - ControllerAdvice beans: none
22:42:29.697 [Test worker] DEBUG o.s.w.s.a.HttpWebHandlerAdapter - enableLoggingRequestDetails='false': form data and headers will be masked to prevent unsafe logging of potentially sensitive data
22:42:29.697 [Test worker] DEBUG o.s.h.s.r.b.TomcatHttpServer - Starting TomcatHttpServer...
22:42:29.702 [Test worker] DEBUG o.s.h.s.r.b.TomcatHttpServer - Server started on port 53745(0 millis).
22:42:29.702 [Test worker] DEBUG o.s.w.c.RestTemplate - HTTP GET http://localhost:53745/param?name=George
22:42:29.702 [Test worker] DEBUG o.s.w.c.RestTemplate - Accept=[text/plain, application/json, application/x-jackson-smile, application/*+json, */*]
22:42:29.704 [http-nio-auto-14-exec-1] DEBUG o.s.w.s.a.HttpWebHandlerAdapter - [1bed5d4] HTTP GET "/param?name=George"
22:42:29.704 [http-nio-auto-14-exec-1] DEBUG o.s.w.r.r.m.a.RequestMappingHandlerMapping - [1bed5d4] Mapped to org.springframework.web.reactive.result.method.annotation.ControllerInputIntegrationTests$TestRestController#param(String)
22:42:29.705 [http-nio-auto-14-exec-1] DEBUG o.s.w.r.r.m.a.ResponseBodyResultHandler - Using 'text/plain;charset=UTF-8' given [text/plain, application/json, application/x-jackson-smile, application/*+json, */*] and supported [text/plain;charset=UTF-8, text/event-stream, text/plain;charset=UTF-8, */*]
22:42:29.705 [http-nio-auto-14-exec-1] DEBUG o.s.w.r.r.m.a.ResponseBodyResultHandler - [1bed5d4] 0..N [java.lang.String]
22:42:29.705 [http-nio-auto-14-exec-1] DEBUG o.s.c.c.CharSequenceEncoder - [1bed5d4] Writing "Hello "
22:42:29.705 [http-nio-auto-14-exec-1] DEBUG o.s.c.c.CharSequenceEncoder - [1bed5d4] Writing "George"
22:42:29.705 [http-nio-auto-14-exec-1] DEBUG o.s.c.c.CharSequenceEncoder - [1bed5d4] Writing "!"
22:42:29.705 [http-nio-auto-14-exec-1] DEBUG o.s.w.s.a.HttpWebHandlerAdapter - [1bed5d4] Completed 200 OK
22:42:29.705 [Test worker] DEBUG o.s.w.c.RestTemplate - Response 200 OK
22:42:29.706 [Test worker] DEBUG o.s.w.c.RestTemplate - Reading to [java.lang.String] as "text/plain;charset=UTF-8"
22:42:29.706 [Test worker] DEBUG o.s.h.s.r.b.TomcatHttpServer - Stopping TomcatHttpServer...
22:42:29.716 [Test worker] DEBUG o.s.h.s.r.b.TomcatHttpServer - Server stopped (0 millis).
22:42:29.749 [Test worker] DEBUG o.s.w.r.r.m.a.RequestMappingHandlerMapping - 2 mappings in 'requestMappingHandlerMapping'
22:42:29.768 [Test worker] DEBUG o.s.w.r.r.m.a.ControllerMethodResolver - ControllerAdvice beans: none
22:42:29.797 [Test worker] DEBUG o.s.w.s.a.HttpWebHandlerAdapter - enableLoggingRequestDetails='false': form data and headers will be masked to prevent unsafe logging of potentially sensitive data
22:42:29.797 [Test worker] DEBUG o.s.h.s.r.b.UndertowHttpServer - Starting UndertowHttpServer...
22:42:29.799 [Test worker] DEBUG o.s.h.s.r.b.UndertowHttpServer - Server started on port 53748(0 millis).
22:42:29.800 [Test worker] DEBUG o.s.w.c.RestTemplate - HTTP GET http://localhost:53748/param?name=%20%2B+%C3%A0
22:42:29.800 [Test worker] DEBUG o.s.w.c.RestTemplate - Accept=[text/plain, application/json, application/x-jackson-smile, application/*+json, */*]
22:42:29.803 [XNIO-12 I/O-2] DEBUG o.s.w.s.a.HttpWebHandlerAdapter - [302274a9] HTTP GET "/param?name=%20%2B+%C3%A0"
22:42:29.803 [XNIO-12 I/O-2] DEBUG o.s.w.r.r.m.a.RequestMappingHandlerMapping - [302274a9] Mapped to org.springframework.web.reactive.result.method.annotation.ControllerInputIntegrationTests$TestRestController#param(String)
22:42:29.804 [XNIO-12 I/O-2] DEBUG o.s.w.r.r.m.a.ResponseBodyResultHandler - Using 'text/plain;charset=UTF-8' given [text/plain, application/json, application/x-jackson-smile, application/*+json, */*] and supported [text/plain;charset=UTF-8, text/event-stream, text/plain;charset=UTF-8, */*]
22:42:29.804 [XNIO-12 I/O-2] DEBUG o.s.w.r.r.m.a.ResponseBodyResultHandler - [302274a9] 0..N [java.lang.String]
22:42:29.804 [XNIO-12 I/O-2] DEBUG o.s.c.c.CharSequenceEncoder - [302274a9] Writing "Hello "
22:42:29.804 [XNIO-12 I/O-2] DEBUG o.s.c.c.CharSequenceEncoder - [302274a9] Writing " + Ã "
22:42:29.804 [XNIO-12 I/O-2] DEBUG o.s.c.c.CharSequenceEncoder - [302274a9] Writing "!"
22:42:29.804 [Test worker] DEBUG o.s.w.c.RestTemplate - Response 200 OK
22:42:29.804 [XNIO-12 I/O-2] DEBUG o.s.w.s.a.HttpWebHandlerAdapter - [302274a9] Completed 200 OK
22:42:29.804 [Test worker] DEBUG o.s.w.c.RestTemplate - Reading to [java.lang.String] as "text/plain;charset=UTF-8"
22:42:29.805 [Test worker] DEBUG o.s.h.s.r.b.UndertowHttpServer - Stopping UndertowHttpServer...
22:42:29.805 [Test worker] DEBUG o.s.h.s.r.b.UndertowHttpServer - Server stopped (0 millis).
22:42:29.835 [Test worker] DEBUG o.s.w.r.r.m.a.RequestMappingHandlerMapping - 2 mappings in 'requestMappingHandlerMapping'
22:42:29.853 [Test worker] DEBUG o.s.w.r.r.m.a.ControllerMethodResolver - ControllerAdvice beans: none
22:42:29.883 [Test worker] DEBUG o.s.w.s.a.HttpWebHandlerAdapter - enableLoggingRequestDetails='false': form data and headers will be masked to prevent unsafe logging of potentially sensitive data
22:42:29.883 [Test worker] DEBUG o.s.h.s.r.b.UndertowHttpServer - Starting UndertowHttpServer...
22:42:29.886 [Test worker] DEBUG o.s.h.s.r.b.UndertowHttpServer - Server started on port 53750(0 millis).
22:42:29.886 [Test worker] DEBUG o.s.w.c.RestTemplate - HTTP GET http://localhost:53750/first;p=11/second;q=22/third-fourth;q=44
22:42:29.886 [Test worker] DEBUG o.s.w.c.RestTemplate - Accept=[text/plain, application/json, application/x-jackson-smile, application/*+json, */*]
22:42:29.887 [XNIO-13 I/O-2] DEBUG o.s.w.s.a.HttpWebHandlerAdapter - [504915df] HTTP GET "/first;p=11/second;q=22/third-fourth;q=44"
22:42:29.887 [XNIO-13 I/O-2] DEBUG o.s.w.r.r.m.a.RequestMappingHandlerMapping - [504915df] Mapped to org.springframework.web.reactive.result.method.annotation.ControllerInputIntegrationTests$TestRestController#matrixVar(int, int, int)
22:42:29.888 [XNIO-13 I/O-2] DEBUG o.s.w.r.r.m.a.ResponseBodyResultHandler - Using 'text/plain;charset=UTF-8' given [text/plain, application/json, application/x-jackson-smile, application/*+json, */*] and supported [text/plain;charset=UTF-8, text/event-stream, text/plain;charset=UTF-8, */*]
22:42:29.888 [XNIO-13 I/O-2] DEBUG o.s.w.r.r.m.a.ResponseBodyResultHandler - [504915df] 0..1 [java.lang.String]
22:42:29.888 [XNIO-13 I/O-2] DEBUG o.s.c.c.CharSequenceEncoder - [504915df] Writing "p=11, q2=22, q4=44"
22:42:29.889 [XNIO-13 I/O-2] DEBUG o.s.w.s.a.HttpWebHandlerAdapter - [504915df] Completed 200 OK
22:42:29.889 [Test worker] DEBUG o.s.w.c.RestTemplate - Response 200 OK
22:42:29.889 [Test worker] DEBUG o.s.w.c.RestTemplate - Reading to [java.lang.String] as "text/plain;charset=UTF-8"
22:42:29.889 [Test worker] DEBUG o.s.h.s.r.b.UndertowHttpServer - Stopping UndertowHttpServer...
22:42:29.890 [Test worker] DEBUG o.s.h.s.r.b.UndertowHttpServer - Server stopped (0 millis).
22:42:29.918 [Test worker] DEBUG o.s.w.r.r.m.a.RequestMappingHandlerMapping - 2 mappings in 'requestMappingHandlerMapping'
22:42:29.937 [Test worker] DEBUG o.s.w.r.r.m.a.ControllerMethodResolver - ControllerAdvice beans: none
22:42:29.962 [Test worker] DEBUG o.s.w.s.a.HttpWebHandlerAdapter - enableLoggingRequestDetails='false': form data and headers will be masked to prevent unsafe logging of potentially sensitive data
22:42:29.962 [Test worker] DEBUG o.s.h.s.r.b.UndertowHttpServer - Starting UndertowHttpServer...
22:42:29.965 [Test worker] DEBUG o.s.h.s.r.b.UndertowHttpServer - Server started on port 53752(0 millis).
22:42:29.965 [Test worker] DEBUG o.s.w.c.RestTemplate - HTTP GET http://localhost:53752/param?name=George
22:42:29.965 [Test worker] DEBUG o.s.w.c.RestTemplate - Accept=[text/plain, application/json, application/x-jackson-smile, application/*+json, */*]
22:42:29.966 [XNIO-14 I/O-2] DEBUG o.s.w.s.a.HttpWebHandlerAdapter - [7df37b5f] HTTP GET "/param?name=George"
22:42:29.966 [XNIO-14 I/O-2] DEBUG o.s.w.r.r.m.a.RequestMappingHandlerMapping - [7df37b5f] Mapped to org.springframework.web.reactive.result.method.annotation.ControllerInputIntegrationTests$TestRestController#param(String)
22:42:29.967 [XNIO-14 I/O-2] DEBUG o.s.w.r.r.m.a.ResponseBodyResultHandler - Using 'text/plain;charset=UTF-8' given [text/plain, application/json, application/x-jackson-smile, application/*+json, */*] and supported [text/plain;charset=UTF-8, text/event-stream, text/plain;charset=UTF-8, */*]
22:42:29.967 [XNIO-14 I/O-2] DEBUG o.s.w.r.r.m.a.ResponseBodyResultHandler - [7df37b5f] 0..N [java.lang.String]
22:42:29.967 [XNIO-14 I/O-2] DEBUG o.s.c.c.CharSequenceEncoder - [7df37b5f] Writing "Hello "
22:42:29.967 [XNIO-14 I/O-2] DEBUG o.s.c.c.CharSequenceEncoder - [7df37b5f] Writing "George"
22:42:29.967 [XNIO-14 I/O-2] DEBUG o.s.c.c.CharSequenceEncoder - [7df37b5f] Writing "!"
22:42:29.968 [XNIO-14 I/O-2] DEBUG o.s.w.s.a.HttpWebHandlerAdapter - [7df37b5f] Completed 200 OK
22:42:29.968 [Test worker] DEBUG o.s.w.c.RestTemplate - Response 200 OK
22:42:29.968 [Test worker] DEBUG o.s.w.c.RestTemplate - Reading to [java.lang.String] as "text/plain;charset=UTF-8"
22:42:29.968 [Test worker] DEBUG o.s.h.s.r.b.UndertowHttpServer - Stopping UndertowHttpServer...
22:42:29.968 [Test worker] DEBUG o.s.h.s.r.b.UndertowHttpServer - Server stopped (0 millis).
]]></system-out>
  <system-err><![CDATA[åä¸æ 25, 2020 10:42:29 ä¸å org.apache.catalina.core.StandardService startInternal
ä¿¡æ¯: Starting service [Tomcat]
åä¸æ 25, 2020 10:42:29 ä¸å org.apache.catalina.core.StandardEngine startInternal
ä¿¡æ¯: Starting Servlet engine: [Apache Tomcat/9.0.21]
åä¸æ 25, 2020 10:42:29 ä¸å org.apache.coyote.AbstractProtocol init
ä¿¡æ¯: Initializing ProtocolHandler ["http-nio-auto-12"]
åä¸æ 25, 2020 10:42:29 ä¸å org.apache.coyote.AbstractProtocol start
ä¿¡æ¯: Starting ProtocolHandler ["http-nio-auto-12-53736"]
åä¸æ 25, 2020 10:42:29 ä¸å org.apache.coyote.AbstractProtocol pause
ä¿¡æ¯: Pausing ProtocolHandler ["http-nio-auto-12-53736"]
åä¸æ 25, 2020 10:42:29 ä¸å org.apache.catalina.core.StandardService stopInternal
ä¿¡æ¯: Stopping service [Tomcat]
åä¸æ 25, 2020 10:42:29 ä¸å org.apache.coyote.AbstractProtocol stop
ä¿¡æ¯: Stopping ProtocolHandler ["http-nio-auto-12-53736"]
åä¸æ 25, 2020 10:42:29 ä¸å org.apache.coyote.AbstractProtocol destroy
ä¿¡æ¯: Destroying ProtocolHandler ["http-nio-auto-12-53736"]
åä¸æ 25, 2020 10:42:29 ä¸å org.apache.catalina.core.StandardService startInternal
ä¿¡æ¯: Starting service [Tomcat]
åä¸æ 25, 2020 10:42:29 ä¸å org.apache.catalina.core.StandardEngine startInternal
ä¿¡æ¯: Starting Servlet engine: [Apache Tomcat/9.0.21]
åä¸æ 25, 2020 10:42:29 ä¸å org.apache.coyote.AbstractProtocol init
ä¿¡æ¯: Initializing ProtocolHandler ["http-nio-auto-13"]
åä¸æ 25, 2020 10:42:29 ä¸å org.apache.coyote.AbstractProtocol start
ä¿¡æ¯: Starting ProtocolHandler ["http-nio-auto-13-53742"]
åä¸æ 25, 2020 10:42:29 ä¸å org.apache.coyote.AbstractProtocol pause
ä¿¡æ¯: Pausing ProtocolHandler ["http-nio-auto-13-53742"]
åä¸æ 25, 2020 10:42:29 ä¸å org.apache.catalina.core.StandardService stopInternal
ä¿¡æ¯: Stopping service [Tomcat]
åä¸æ 25, 2020 10:42:29 ä¸å org.apache.coyote.AbstractProtocol stop
ä¿¡æ¯: Stopping ProtocolHandler ["http-nio-auto-13-53742"]
åä¸æ 25, 2020 10:42:29 ä¸å org.apache.coyote.AbstractProtocol destroy
ä¿¡æ¯: Destroying ProtocolHandler ["http-nio-auto-13-53742"]
åä¸æ 25, 2020 10:42:29 ä¸å org.apache.catalina.core.StandardService startInternal
ä¿¡æ¯: Starting service [Tomcat]
åä¸æ 25, 2020 10:42:29 ä¸å org.apache.catalina.core.StandardEngine startInternal
ä¿¡æ¯: Starting Servlet engine: [Apache Tomcat/9.0.21]
åä¸æ 25, 2020 10:42:29 ä¸å org.apache.coyote.AbstractProtocol init
ä¿¡æ¯: Initializing ProtocolHandler ["http-nio-auto-14"]
åä¸æ 25, 2020 10:42:29 ä¸å org.apache.coyote.AbstractProtocol start
ä¿¡æ¯: Starting ProtocolHandler ["http-nio-auto-14-53745"]
åä¸æ 25, 2020 10:42:29 ä¸å org.apache.coyote.AbstractProtocol pause
ä¿¡æ¯: Pausing ProtocolHandler ["http-nio-auto-14-53745"]
åä¸æ 25, 2020 10:42:29 ä¸å org.apache.catalina.core.StandardService stopInternal
ä¿¡æ¯: Stopping service [Tomcat]
åä¸æ 25, 2020 10:42:29 ä¸å org.apache.coyote.AbstractProtocol stop
ä¿¡æ¯: Stopping ProtocolHandler ["http-nio-auto-14-53745"]
åä¸æ 25, 2020 10:42:29 ä¸å org.apache.coyote.AbstractProtocol destroy
ä¿¡æ¯: Destroying ProtocolHandler ["http-nio-auto-14-53745"]
]]></system-err>
</testsuite>
