<?xml version="1.0" encoding="UTF-8"?>
<testsuite name="org.springframework.web.reactive.result.HandlerResultHandlerTests" tests="5" skipped="0" failures="0" errors="0" timestamp="2020-11-25T14:42:10" hostname="lichangbaodeMacBook-Pro.local" time="0.004">
  <properties/>
  <testcase name="noConcreteMediaType" classname="org.springframework.web.reactive.result.HandlerResultHandlerTests" time="0.001"/>
  <testcase name="usesContentTypeResolver" classname="org.springframework.web.reactive.result.HandlerResultHandlerTests" time="0.001"/>
  <testcase name="charsetFromAcceptHeader" classname="org.springframework.web.reactive.result.HandlerResultHandlerTests" time="0.0"/>
  <testcase name="producibleMediaTypesRequestAttribute" classname="org.springframework.web.reactive.result.HandlerResultHandlerTests" time="0.001"/>
  <testcase name="sortsByQuality" classname="org.springframework.web.reactive.result.HandlerResultHandlerTests" time="0.001"/>
  <system-out><![CDATA[22:42:10.485 [Test worker] DEBUG o.s.w.r.r.HandlerResultHandlerTests$TestResultHandler - Using 'application/octet-stream' given [*/*] and supported [*/*]
22:42:10.485 [Test worker] DEBUG o.s.w.r.r.HandlerResultHandlerTests$TestResultHandler - Using 'image/gif' given [image/gif] and supported [image/jpeg, image/gif, image/png]
22:42:10.486 [Test worker] DEBUG o.s.w.r.r.HandlerResultHandlerTests$TestResultHandler - Using 'text/plain;charset=ISO-8859-1' given [text/plain;charset=ISO-8859-1] and supported [text/plain;charset=UTF-8]
22:42:10.487 [Test worker] DEBUG o.s.w.r.r.HandlerResultHandlerTests$TestResultHandler - Using 'image/gif' given [*/*] and supported [image/gif]
22:42:10.488 [Test worker] DEBUG o.s.w.r.r.HandlerResultHandlerTests$TestResultHandler - Using 'application/json' given [application/json, text/plain;q=0.5] and supported [text/plain, application/json]
]]></system-out>
  <system-err><![CDATA[]]></system-err>
</testsuite>
