<?xml version="1.0" encoding="UTF-8"?>
<testsuite name="org.springframework.web.reactive.function.client.DefaultClientResponseBuilderTests" tests="2" skipped="0" failures="0" errors="0" timestamp="2020-11-25T14:43:29" hostname="lichangbaodeMacBook-Pro.local" time="0.002">
  <properties/>
  <testcase name="normal" classname="org.springframework.web.reactive.function.client.DefaultClientResponseBuilderTests" time="0.001"/>
  <testcase name="from" classname="org.springframework.web.reactive.function.client.DefaultClientResponseBuilderTests" time="0.001"/>
  <system-out><![CDATA[22:43:29.504 [Test worker] DEBUG o.s.c.c.StringDecoder - Decoded "baz"
22:43:29.505 [Test worker] DEBUG o.s.c.c.StringDecoder - Decoded "baz"
]]></system-out>
  <system-err><![CDATA[]]></system-err>
</testsuite>
