<?xml version="1.0" encoding="UTF-8"?>
<testsuite name="org.springframework.web.reactive.function.server.RequestPredicateTests" tests="3" skipped="0" failures="0" errors="0" timestamp="2019-06-21T11:49:00" hostname="Macbook-Air.local" time="0.045">
  <properties/>
  <testcase name="negate" classname="org.springframework.web.reactive.function.server.RequestPredicateTests" time="0.016"/>
  <testcase name="or" classname="org.springframework.web.reactive.function.server.RequestPredicateTests" time="0.014"/>
  <testcase name="and" classname="org.springframework.web.reactive.function.server.RequestPredicateTests" time="0.015"/>
  <system-out><![CDATA[]]></system-out>
  <system-err><![CDATA[]]></system-err>
</testsuite>
