<?xml version="1.0" encoding="UTF-8"?>
<testsuite name="org.springframework.web.reactive.function.client.ExchangeFilterFunctionsTests" tests="9" skipped="0" failures="0" errors="0" timestamp="2019-06-21T11:49:01" hostname="Macbook-Air.local" time="0.069">
  <properties/>
  <testcase name="basicAuthenticationInvalidCharacters" classname="org.springframework.web.reactive.function.client.ExchangeFilterFunctionsTests" time="0.011"/>
  <testcase name="basicAuthenticationUsernamePassword" classname="org.springframework.web.reactive.function.client.ExchangeFilterFunctionsTests" time="0.028"/>
  <testcase name="statusHandlerNoMatch" classname="org.springframework.web.reactive.function.client.ExchangeFilterFunctionsTests" time="0.004"/>
  <testcase name="andThen" classname="org.springframework.web.reactive.function.client.ExchangeFilterFunctionsTests" time="0.003"/>
  <testcase name="basicAuthenticationAttributes" classname="org.springframework.web.reactive.function.client.ExchangeFilterFunctionsTests" time="0.006"/>
  <testcase name="limitResponseSize" classname="org.springframework.web.reactive.function.client.ExchangeFilterFunctionsTests" time="0.013"/>
  <testcase name="apply" classname="org.springframework.web.reactive.function.client.ExchangeFilterFunctionsTests" time="0.001"/>
  <testcase name="basicAuthenticationAbsentAttributes" classname="org.springframework.web.reactive.function.client.ExchangeFilterFunctionsTests" time="0.001"/>
  <testcase name="statusHandlerMatch" classname="org.springframework.web.reactive.function.client.ExchangeFilterFunctionsTests" time="0.002"/>
  <system-out><![CDATA[]]></system-out>
  <system-err><![CDATA[]]></system-err>
</testsuite>
