<?xml version="1.0" encoding="UTF-8"?>
<testsuite name="org.springframework.web.reactive.resource.ResourceWebHandlerTests" tests="31" skipped="0" failures="0" errors="0" timestamp="2019-06-21T11:49:03" hostname="Macbook-Air.local" time="0.228">
  <properties/>
  <testcase name="getResourceNoCache" classname="org.springframework.web.reactive.resource.ResourceWebHandlerTests" time="0.004"/>
  <testcase name="getResourceFromAlternatePath" classname="org.springframework.web.reactive.resource.ResourceWebHandlerTests" time="0.015"/>
  <testcase name="missingResourcePath" classname="org.springframework.web.reactive.resource.ResourceWebHandlerTests" time="0.004"/>
  <testcase name="partialContentMultipleByteRanges" classname="org.springframework.web.reactive.resource.ResourceWebHandlerTests" time="0.011"/>
  <testcase name="testInvalidPath" classname="org.springframework.web.reactive.resource.ResourceWebHandlerTests" time="0.008"/>
  <testcase name="partialContentByteRange" classname="org.springframework.web.reactive.resource.ResourceWebHandlerTests" time="0.003"/>
  <testcase name="getResourceFromSubDirectoryOfAlternatePath" classname="org.springframework.web.reactive.resource.ResourceWebHandlerTests" time="0.006"/>
  <testcase name="getResourceHttpOptions" classname="org.springframework.web.reactive.resource.ResourceWebHandlerTests" time="0.001"/>
  <testcase name="directory" classname="org.springframework.web.reactive.resource.ResourceWebHandlerTests" time="0.002"/>
  <testcase name="modified" classname="org.springframework.web.reactive.resource.ResourceWebHandlerTests" time="0.003"/>
  <testcase name="partialContentByteRangeNoEnd" classname="org.springframework.web.reactive.resource.ResourceWebHandlerTests" time="0.003"/>
  <testcase name="resourceNotFound" classname="org.springframework.web.reactive.resource.ResourceWebHandlerTests" time="0.065"/>
  <testcase name="unsupportedHttpMethod" classname="org.springframework.web.reactive.resource.ResourceWebHandlerTests" time="0.002"/>
  <testcase name="notModified" classname="org.springframework.web.reactive.resource.ResourceWebHandlerTests" time="0.001"/>
  <testcase name="processPath" classname="org.springframework.web.reactive.resource.ResourceWebHandlerTests" time="0.001"/>
  <testcase name="partialContentSuffixRange" classname="org.springframework.web.reactive.resource.ResourceWebHandlerTests" time="0.004"/>
  <testcase name="doOverwriteExistingCacheControlHeaders" classname="org.springframework.web.reactive.resource.ResourceWebHandlerTests" time="0.003"/>
  <testcase name="getResourceWithHtmlMediaType" classname="org.springframework.web.reactive.resource.ResourceWebHandlerTests" time="0.004"/>
  <testcase name="partialContentInvalidRangeHeader" classname="org.springframework.web.reactive.resource.ResourceWebHandlerTests" time="0.002"/>
  <testcase name="directoryInJarFile" classname="org.springframework.web.reactive.resource.ResourceWebHandlerTests" time="0.004"/>
  <testcase name="initAllowedLocationsWithExplicitConfiguration" classname="org.springframework.web.reactive.resource.ResourceWebHandlerTests" time="0.0"/>
  <testcase name="testResolvePathWithTraversal" classname="org.springframework.web.reactive.resource.ResourceWebHandlerTests" time="0.058"/>
  <testcase name="getMediaTypeWithFavorPathExtensionOff" classname="org.springframework.web.reactive.resource.ResourceWebHandlerTests" time="0.003"/>
  <testcase name="partialContentSuffixRangeLargeSuffix" classname="org.springframework.web.reactive.resource.ResourceWebHandlerTests" time="0.002"/>
  <testcase name="noPathWithinHandlerMappingAttribute" classname="org.springframework.web.reactive.resource.ResourceWebHandlerTests" time="0.001"/>
  <testcase name="partialContentByteRangeLargeEnd" classname="org.springframework.web.reactive.resource.ResourceWebHandlerTests" time="0.002"/>
  <testcase name="getResourceFromSubDirectory" classname="org.springframework.web.reactive.resource.ResourceWebHandlerTests" time="0.003"/>
  <testcase name="getVersionedResource" classname="org.springframework.web.reactive.resource.ResourceWebHandlerTests" time="0.006"/>
  <testcase name="initAllowedLocations" classname="org.springframework.web.reactive.resource.ResourceWebHandlerTests" time="0.0"/>
  <testcase name="getResource" classname="org.springframework.web.reactive.resource.ResourceWebHandlerTests" time="0.003"/>
  <testcase name="getResourceHttpHeader" classname="org.springframework.web.reactive.resource.ResourceWebHandlerTests" time="0.002"/>
  <system-out><![CDATA[19:49:03.930 [Test worker] DEBUG o.s.c.c.ResourceEncoder - [4da5dc9c] Writing [class path resource [org/springframework/web/reactive/resource/test/foo.css]]
19:49:03.936 [Test worker] DEBUG o.s.c.c.ResourceEncoder - [7021be73] Writing [class path resource [org/springframework/web/reactive/resource/testalternatepath/baz.css]]
19:49:03.952 [Test worker] DEBUG o.s.w.r.r.ResourceWebHandler - [45ea8565] Resource not found
19:49:03.956 [Test worker] DEBUG o.s.c.c.ResourceRegionEncoder - [5b6700f4] Writing region 0-2 of [class path resource [org/springframework/web/reactive/resource/test/foo.txt]]
19:49:03.960 [Thread-528] DEBUG o.s.c.c.ResourceRegionEncoder - [5b6700f4] Writing region 4-6 of [class path resource [org/springframework/web/reactive/resource/test/foo.txt]]
19:49:03.961 [Thread-179] DEBUG o.s.c.c.ResourceRegionEncoder - [5b6700f4] Writing region 8-10 of [class path resource [org/springframework/web/reactive/resource/test/foo.txt]]
19:49:03.965 [Test worker] WARN  o.s.w.r.r.ResourceWebHandler - Path contains "../" after call to StringUtils#cleanPath: [../testsecret/secret.txt]
19:49:03.966 [Test worker] DEBUG o.s.w.r.r.ResourceWebHandler - [64ed188e] Resource not found
19:49:03.966 [Test worker] WARN  o.s.w.r.r.ResourceWebHandler - Path contains "../" after call to StringUtils#cleanPath: [test/../../testsecret/secret.txt]
19:49:03.966 [Test worker] DEBUG o.s.w.r.r.ResourceWebHandler - [76be7123] Resource not found
19:49:03.967 [Test worker] WARN  o.s.w.r.r.ResourceWebHandler - Path contains "../" after call to StringUtils#cleanPath: [:/../../testsecret/secret.txt]
19:49:03.967 [Test worker] DEBUG o.s.w.r.r.ResourceWebHandler - [760a0a3] Resource not found
19:49:03.968 [Test worker] WARN  o.s.w.r.r.ResourceWebHandler - Path represents URL or has "url:" prefix: [file:/Users/lichangbao/github/spring_study/spring-webflux/build/resources/test/org/springframework/web/reactive/resource/testsecret/secret.txt]
19:49:03.968 [Test worker] DEBUG o.s.w.r.r.ResourceWebHandler - [bc5f1a9] Resource not found
19:49:03.969 [Test worker] WARN  o.s.w.r.r.ResourceWebHandler - Path represents URL or has "url:" prefix: [/file:/Users/lichangbao/github/spring_study/spring-webflux/build/resources/test/org/springframework/web/reactive/resource/testsecret/secret.txt]
19:49:03.969 [Test worker] DEBUG o.s.w.r.r.ResourceWebHandler - [387bfceb] Resource not found
19:49:03.969 [Test worker] WARN  o.s.w.r.r.ResourceWebHandler - Path represents URL or has "url:" prefix: [url:/Users/lichangbao/github/spring_study/spring-webflux/build/resources/test/org/springframework/web/reactive/resource/testsecret/secret.txt]
19:49:03.969 [Test worker] DEBUG o.s.w.r.r.ResourceWebHandler - [3d49a5ae] Resource not found
19:49:03.970 [Test worker] WARN  o.s.w.r.r.ResourceWebHandler - Path represents URL or has "url:" prefix: [/url:/Users/lichangbao/github/spring_study/spring-webflux/build/resources/test/org/springframework/web/reactive/resource/testsecret/secret.txt]
19:49:03.970 [Test worker] DEBUG o.s.w.r.r.ResourceWebHandler - [3fae7f1c] Resource not found
19:49:03.970 [Test worker] WARN  o.s.w.r.r.ResourceWebHandler - Path contains "../" after call to StringUtils#cleanPath: [/../../Users/lichangbao/github/spring_study/spring-webflux/build/resources/test/org/springframework/web/reactive/resource/testsecret/secret.txt]
19:49:03.970 [Test worker] DEBUG o.s.w.r.r.ResourceWebHandler - [1bc299f9] Resource not found
19:49:03.970 [Test worker] WARN  o.s.w.r.r.ResourceWebHandler - Path contains "../" after call to StringUtils#cleanPath: [/../testsecret/secret.txt]
19:49:03.971 [Test worker] DEBUG o.s.w.r.r.ResourceWebHandler - [7cb9b2ce] Resource not found
19:49:03.971 [Test worker] WARN  o.s.w.r.r.ResourceWebHandler - Path contains "../" after call to StringUtils#cleanPath: [/../testsecret/secret.txt]
19:49:03.971 [Test worker] DEBUG o.s.w.r.r.ResourceWebHandler - [cad0c22] Resource not found
19:49:03.971 [Test worker] WARN  o.s.w.r.r.ResourceWebHandler - Path contains "../" after call to StringUtils#cleanPath: [/../../Users/lichangbao/github/spring_study/spring-webflux/build/resources/test/org/springframework/web/reactive/resource/testsecret/secret.txt]
19:49:03.972 [Test worker] DEBUG o.s.w.r.r.ResourceWebHandler - [4037c434] Resource not found
19:49:03.974 [Test worker] DEBUG o.s.c.c.ResourceRegionEncoder - [4fb5809a] Writing region 0-2 of [class path resource [org/springframework/web/reactive/resource/test/foo.txt]]
19:49:03.977 [Test worker] DEBUG o.s.c.c.ResourceEncoder - [7e2b6460] Writing [class path resource [org/springframework/web/reactive/resource/testalternatepath/js/baz.js]]
19:49:03.983 [Test worker] DEBUG o.s.w.r.r.ResourceWebHandler - [64ebca9b] Resource not found
19:49:03.985 [Test worker] DEBUG o.s.c.c.ResourceEncoder - [22145b3f] Writing [class path resource [org/springframework/web/reactive/resource/test/foo.css]]
19:49:03.988 [Test worker] DEBUG o.s.c.c.ResourceRegionEncoder - [254ce395] Writing region 9-10 of [class path resource [org/springframework/web/reactive/resource/test/foo.txt]]
19:49:03.993 [Test worker] DEBUG o.s.w.r.r.ResourceWebHandler - [1f494ab5] Resource not found
19:49:03.997 [Test worker] DEBUG o.s.w.r.r.ResourceWebHandler - [1f494ab5] Resource not found
19:49:04.000 [Test worker] DEBUG o.s.w.r.r.ResourceWebHandler - [1f494ab5] Resource not found
19:49:04.003 [Test worker] DEBUG o.s.w.r.r.ResourceWebHandler - [469680a0] Resource not found
19:49:04.005 [Test worker] DEBUG o.s.w.r.r.ResourceWebHandler - [469680a0] Resource not found
19:49:04.007 [Test worker] DEBUG o.s.w.r.r.ResourceWebHandler - [469680a0] Resource not found
19:49:04.010 [Test worker] DEBUG o.s.w.r.r.ResourceWebHandler - [17096784] Resource not found
19:49:04.012 [Test worker] DEBUG o.s.w.r.r.ResourceWebHandler - [17096784] Resource not found
19:49:04.014 [Test worker] DEBUG o.s.w.r.r.ResourceWebHandler - [17096784] Resource not found
19:49:04.016 [Test worker] DEBUG o.s.w.r.r.ResourceWebHandler - [2d15663b] Resource not found
19:49:04.017 [Test worker] DEBUG o.s.w.r.r.ResourceWebHandler - [2d15663b] Resource not found
19:49:04.019 [Test worker] DEBUG o.s.w.r.r.ResourceWebHandler - [2d15663b] Resource not found
19:49:04.020 [Test worker] DEBUG o.s.w.r.r.ResourceWebHandler - [45465499] Resource not found
19:49:04.023 [Test worker] DEBUG o.s.w.r.r.ResourceWebHandler - [45465499] Resource not found
19:49:04.025 [Test worker] DEBUG o.s.w.r.r.ResourceWebHandler - [45465499] Resource not found
19:49:04.028 [Test worker] DEBUG o.s.w.r.r.ResourceWebHandler - [37a74f11] Resource not found
19:49:04.030 [Test worker] DEBUG o.s.w.r.r.ResourceWebHandler - [37a74f11] Resource not found
19:49:04.033 [Test worker] DEBUG o.s.w.r.r.ResourceWebHandler - [37a74f11] Resource not found
19:49:04.036 [Test worker] DEBUG o.s.w.r.r.ResourceWebHandler - [6b4e3b26] Resource not found
19:49:04.038 [Test worker] DEBUG o.s.w.r.r.ResourceWebHandler - [6b4e3b26] Resource not found
19:49:04.041 [Test worker] DEBUG o.s.w.r.r.ResourceWebHandler - [6b4e3b26] Resource not found
19:49:04.045 [Test worker] DEBUG o.s.w.r.r.ResourceWebHandler - [6d6cbcca] Resource not found
19:49:04.049 [Test worker] DEBUG o.s.w.r.r.ResourceWebHandler - [6d6cbcca] Resource not found
19:49:04.054 [Test worker] DEBUG o.s.w.r.r.ResourceWebHandler - [6d6cbcca] Resource not found
19:49:04.061 [Test worker] DEBUG o.s.c.c.ResourceRegionEncoder - [1837fae1] Writing region 9-10 of [class path resource [org/springframework/web/reactive/resource/test/foo.txt]]
19:49:04.064 [Test worker] DEBUG o.s.c.c.ResourceEncoder - [27ff4c86] Writing [class path resource [org/springframework/web/reactive/resource/test/foo.css]]
19:49:04.067 [Test worker] DEBUG o.s.c.c.ResourceEncoder - [392b4ed] Writing [class path resource [org/springframework/web/reactive/resource/test/foo.html]]
19:49:04.075 [Test worker] DEBUG o.s.w.r.r.ResourceWebHandler - [62e47930] Resource not found
19:49:04.076 [Test worker] WARN  o.s.w.r.r.ResourceWebHandler - Path contains "../" after call to StringUtils#cleanPath: [../testsecret/secret.txt]
19:49:04.077 [Test worker] DEBUG o.s.w.r.r.ResourceWebHandler - [29816c53] Resource not found
19:49:04.077 [Test worker] WARN  o.s.w.r.r.ResourceWebHandler - Path contains "../" after call to StringUtils#cleanPath: [test/../../testsecret/secret.txt]
19:49:04.077 [Test worker] DEBUG o.s.w.r.r.ResourceWebHandler - [360c571a] Resource not found
19:49:04.078 [Test worker] WARN  o.s.w.r.r.ResourceWebHandler - Path contains "../" after call to StringUtils#cleanPath: [:/../../testsecret/secret.txt]
19:49:04.078 [Test worker] DEBUG o.s.w.r.r.ResourceWebHandler - [1d91456f] Resource not found
19:49:04.079 [Test worker] WARN  o.s.w.r.r.ResourceWebHandler - Path represents URL or has "url:" prefix: [file:/Users/lichangbao/github/spring_study/spring-webflux/build/resources/test/org/springframework/web/reactive/resource/testsecret/secret.txt]
19:49:04.079 [Test worker] DEBUG o.s.w.r.r.ResourceWebHandler - [3fd0417a] Resource not found
19:49:04.079 [Test worker] WARN  o.s.w.r.r.ResourceWebHandler - Path represents URL or has "url:" prefix: [/file:/Users/lichangbao/github/spring_study/spring-webflux/build/resources/test/org/springframework/web/reactive/resource/testsecret/secret.txt]
19:49:04.079 [Test worker] DEBUG o.s.w.r.r.ResourceWebHandler - [4caa3aca] Resource not found
19:49:04.080 [Test worker] WARN  o.s.w.r.r.ResourceWebHandler - Path represents URL or has "url:" prefix: [url:/Users/lichangbao/github/spring_study/spring-webflux/build/resources/test/org/springframework/web/reactive/resource/testsecret/secret.txt]
19:49:04.080 [Test worker] DEBUG o.s.w.r.r.ResourceWebHandler - [184a00c2] Resource not found
19:49:04.080 [Test worker] WARN  o.s.w.r.r.ResourceWebHandler - Path represents URL or has "url:" prefix: [/url:/Users/lichangbao/github/spring_study/spring-webflux/build/resources/test/org/springframework/web/reactive/resource/testsecret/secret.txt]
19:49:04.081 [Test worker] DEBUG o.s.w.r.r.ResourceWebHandler - [fe78499] Resource not found
19:49:04.081 [Test worker] WARN  o.s.w.r.r.ResourceWebHandler - Path contains "../" after call to StringUtils#cleanPath: [/../../Users/lichangbao/github/spring_study/spring-webflux/build/resources/test/org/springframework/web/reactive/resource/testsecret/secret.txt]
19:49:04.081 [Test worker] DEBUG o.s.w.r.r.ResourceWebHandler - [3281cf8e] Resource not found
19:49:04.081 [Test worker] WARN  o.s.w.r.r.ResourceWebHandler - Path contains "../" after call to StringUtils#cleanPath: [/../testsecret/secret.txt]
19:49:04.082 [Test worker] DEBUG o.s.w.r.r.ResourceWebHandler - [2fe0cf7e] Resource not found
19:49:04.082 [Test worker] WARN  o.s.w.r.r.ResourceWebHandler - Path contains "../" after call to StringUtils#cleanPath: [/../testsecret/secret.txt]
19:49:04.082 [Test worker] DEBUG o.s.w.r.r.ResourceWebHandler - [67e48650] Resource not found
19:49:04.083 [Test worker] WARN  o.s.w.r.r.ResourceWebHandler - Path represents URL or has "url:" prefix: [url:/Users/lichangbao/github/spring_study/spring-webflux/build/resources/test/org/springframework/web/reactive/resource/testsecret/secret.txt]
19:49:04.083 [Test worker] DEBUG o.s.w.r.r.ResourceWebHandler - [54141579] Resource not found
19:49:04.083 [Test worker] WARN  o.s.w.r.r.ResourceWebHandler - Path contains "../" after call to StringUtils#cleanPath: [../testsecret/secret.txt]
19:49:04.083 [Test worker] DEBUG o.s.w.r.r.ResourceWebHandler - [68554dca] Resource not found
19:49:04.084 [Test worker] WARN  o.s.w.r.r.ResourceWebHandler - Path contains "../" after call to StringUtils#cleanPath: [test/../../testsecret/secret.txt]
19:49:04.084 [Test worker] DEBUG o.s.w.r.r.ResourceWebHandler - [4167e481] Resource not found
19:49:04.084 [Test worker] WARN  o.s.w.r.r.ResourceWebHandler - Path contains "../" after call to StringUtils#cleanPath: [:/../../testsecret/secret.txt]
19:49:04.084 [Test worker] DEBUG o.s.w.r.r.ResourceWebHandler - [2722cfb] Resource not found
19:49:04.085 [Test worker] WARN  o.s.w.r.r.ResourceWebHandler - Path represents URL or has "url:" prefix: [file:/Users/lichangbao/github/spring_study/spring-webflux/build/resources/test/org/springframework/web/reactive/resource/testsecret/secret.txt]
19:49:04.085 [Test worker] DEBUG o.s.w.r.r.ResourceWebHandler - [76b94e11] Resource not found
19:49:04.086 [Test worker] WARN  o.s.w.r.r.ResourceWebHandler - Path represents URL or has "url:" prefix: [/file:/Users/lichangbao/github/spring_study/spring-webflux/build/resources/test/org/springframework/web/reactive/resource/testsecret/secret.txt]
19:49:04.086 [Test worker] DEBUG o.s.w.r.r.ResourceWebHandler - [34406611] Resource not found
19:49:04.086 [Test worker] WARN  o.s.w.r.r.ResourceWebHandler - Path represents URL or has "url:" prefix: [url:/Users/lichangbao/github/spring_study/spring-webflux/build/resources/test/org/springframework/web/reactive/resource/testsecret/secret.txt]
19:49:04.086 [Test worker] DEBUG o.s.w.r.r.ResourceWebHandler - [4afddff4] Resource not found
19:49:04.087 [Test worker] WARN  o.s.w.r.r.ResourceWebHandler - Path represents URL or has "url:" prefix: [/url:/Users/lichangbao/github/spring_study/spring-webflux/build/resources/test/org/springframework/web/reactive/resource/testsecret/secret.txt]
19:49:04.087 [Test worker] DEBUG o.s.w.r.r.ResourceWebHandler - [597b37a4] Resource not found
19:49:04.087 [Test worker] WARN  o.s.w.r.r.ResourceWebHandler - Path contains "../" after call to StringUtils#cleanPath: [/../../Users/lichangbao/github/spring_study/spring-webflux/build/resources/test/org/springframework/web/reactive/resource/testsecret/secret.txt]
19:49:04.088 [Test worker] DEBUG o.s.w.r.r.ResourceWebHandler - [650e235c] Resource not found
19:49:04.088 [Test worker] WARN  o.s.w.r.r.ResourceWebHandler - Path contains "../" after call to StringUtils#cleanPath: [/../testsecret/secret.txt]
19:49:04.088 [Test worker] DEBUG o.s.w.r.r.ResourceWebHandler - [52c9b102] Resource not found
19:49:04.089 [Test worker] WARN  o.s.w.r.r.ResourceWebHandler - Path contains "../" after call to StringUtils#cleanPath: [/../testsecret/secret.txt]
19:49:04.089 [Test worker] DEBUG o.s.w.r.r.ResourceWebHandler - [766fd6d0] Resource not found
19:49:04.089 [Test worker] WARN  o.s.w.r.r.ResourceWebHandler - Path represents URL or has "url:" prefix: [url:/Users/lichangbao/github/spring_study/spring-webflux/build/resources/test/org/springframework/web/reactive/resource/testsecret/secret.txt]
19:49:04.090 [Test worker] DEBUG o.s.w.r.r.ResourceWebHandler - [76a909ae] Resource not found
19:49:04.090 [Test worker] WARN  o.s.w.r.r.ResourceWebHandler - Path contains "../" after call to StringUtils#cleanPath: [../testsecret/secret.txt]
19:49:04.090 [Test worker] DEBUG o.s.w.r.r.ResourceWebHandler - [62a9d0e4] Resource not found
19:49:04.090 [Test worker] WARN  o.s.w.r.r.ResourceWebHandler - Path contains "../" after call to StringUtils#cleanPath: [test/../../testsecret/secret.txt]
19:49:04.091 [Test worker] DEBUG o.s.w.r.r.ResourceWebHandler - [7d773c12] Resource not found
19:49:04.091 [Test worker] WARN  o.s.w.r.r.ResourceWebHandler - Path contains "../" after call to StringUtils#cleanPath: [:/../../testsecret/secret.txt]
19:49:04.091 [Test worker] DEBUG o.s.w.r.r.ResourceWebHandler - [75a6ac3a] Resource not found
19:49:04.092 [Test worker] WARN  o.s.w.r.r.ResourceWebHandler - Path represents URL or has "url:" prefix: [file:/Users/lichangbao/github/spring_study/spring-webflux/build/resources/test/org/springframework/web/reactive/resource/testsecret/secret.txt]
19:49:04.092 [Test worker] DEBUG o.s.w.r.r.ResourceWebHandler - [4b7c2f59] Resource not found
19:49:04.092 [Test worker] WARN  o.s.w.r.r.ResourceWebHandler - Path represents URL or has "url:" prefix: [/file:/Users/lichangbao/github/spring_study/spring-webflux/build/resources/test/org/springframework/web/reactive/resource/testsecret/secret.txt]
19:49:04.092 [Test worker] DEBUG o.s.w.r.r.ResourceWebHandler - [677ee822] Resource not found
19:49:04.093 [Test worker] WARN  o.s.w.r.r.ResourceWebHandler - Path represents URL or has "url:" prefix: [url:/Users/lichangbao/github/spring_study/spring-webflux/build/resources/test/org/springframework/web/reactive/resource/testsecret/secret.txt]
19:49:04.093 [Test worker] DEBUG o.s.w.r.r.ResourceWebHandler - [23adcf73] Resource not found
19:49:04.094 [Test worker] WARN  o.s.w.r.r.ResourceWebHandler - Path represents URL or has "url:" prefix: [/url:/Users/lichangbao/github/spring_study/spring-webflux/build/resources/test/org/springframework/web/reactive/resource/testsecret/secret.txt]
19:49:04.094 [Test worker] DEBUG o.s.w.r.r.ResourceWebHandler - [63aa6040] Resource not found
19:49:04.094 [Test worker] WARN  o.s.w.r.r.ResourceWebHandler - Path contains "../" after call to StringUtils#cleanPath: [/../../Users/lichangbao/github/spring_study/spring-webflux/build/resources/test/org/springframework/web/reactive/resource/testsecret/secret.txt]
19:49:04.095 [Test worker] DEBUG o.s.w.r.r.ResourceWebHandler - [49868d8b] Resource not found
19:49:04.095 [Test worker] WARN  o.s.w.r.r.ResourceWebHandler - Path contains "../" after call to StringUtils#cleanPath: [/../testsecret/secret.txt]
19:49:04.096 [Test worker] DEBUG o.s.w.r.r.ResourceWebHandler - [59a94361] Resource not found
19:49:04.096 [Test worker] WARN  o.s.w.r.r.ResourceWebHandler - Path contains "../" after call to StringUtils#cleanPath: [/../testsecret/secret.txt]
19:49:04.096 [Test worker] DEBUG o.s.w.r.r.ResourceWebHandler - [14b2c970] Resource not found
19:49:04.097 [Test worker] WARN  o.s.w.r.r.ResourceWebHandler - Path represents URL or has "url:" prefix: [url:/Users/lichangbao/github/spring_study/spring-webflux/build/resources/test/org/springframework/web/reactive/resource/testsecret/secret.txt]
19:49:04.097 [Test worker] DEBUG o.s.w.r.r.ResourceWebHandler - [242a13c6] Resource not found
19:49:04.098 [Test worker] WARN  o.s.w.r.r.ResourceWebHandler - Path contains "../" after call to StringUtils#cleanPath: [../testsecret/secret.txt]
19:49:04.098 [Test worker] DEBUG o.s.w.r.r.ResourceWebHandler - [59bd381d] Resource not found
19:49:04.098 [Test worker] WARN  o.s.w.r.r.ResourceWebHandler - Path contains "../" after call to StringUtils#cleanPath: [test/../../testsecret/secret.txt]
19:49:04.098 [Test worker] DEBUG o.s.w.r.r.ResourceWebHandler - [4a1cda00] Resource not found
19:49:04.099 [Test worker] WARN  o.s.w.r.r.ResourceWebHandler - Path contains "../" after call to StringUtils#cleanPath: [:/../../testsecret/secret.txt]
19:49:04.099 [Test worker] DEBUG o.s.w.r.r.ResourceWebHandler - [48e7737a] Resource not found
19:49:04.099 [Test worker] WARN  o.s.w.r.r.ResourceWebHandler - Path represents URL or has "url:" prefix: [file:/Users/lichangbao/github/spring_study/spring-webflux/build/resources/test/org/springframework/web/reactive/resource/testsecret/secret.txt]
19:49:04.099 [Test worker] DEBUG o.s.w.r.r.ResourceWebHandler - [3ca7fd83] Resource not found
19:49:04.100 [Test worker] WARN  o.s.w.r.r.ResourceWebHandler - Path represents URL or has "url:" prefix: [/file:/Users/lichangbao/github/spring_study/spring-webflux/build/resources/test/org/springframework/web/reactive/resource/testsecret/secret.txt]
19:49:04.100 [Test worker] DEBUG o.s.w.r.r.ResourceWebHandler - [cea57da] Resource not found
19:49:04.100 [Test worker] WARN  o.s.w.r.r.ResourceWebHandler - Path represents URL or has "url:" prefix: [url:/Users/lichangbao/github/spring_study/spring-webflux/build/resources/test/org/springframework/web/reactive/resource/testsecret/secret.txt]
19:49:04.100 [Test worker] DEBUG o.s.w.r.r.ResourceWebHandler - [200a409d] Resource not found
19:49:04.101 [Test worker] WARN  o.s.w.r.r.ResourceWebHandler - Path represents URL or has "url:" prefix: [/url:/Users/lichangbao/github/spring_study/spring-webflux/build/resources/test/org/springframework/web/reactive/resource/testsecret/secret.txt]
19:49:04.101 [Test worker] DEBUG o.s.w.r.r.ResourceWebHandler - [53859b45] Resource not found
19:49:04.101 [Test worker] WARN  o.s.w.r.r.ResourceWebHandler - Path contains "../" after call to StringUtils#cleanPath: [/../../Users/lichangbao/github/spring_study/spring-webflux/build/resources/test/org/springframework/web/reactive/resource/testsecret/secret.txt]
19:49:04.102 [Test worker] DEBUG o.s.w.r.r.ResourceWebHandler - [50cd2f53] Resource not found
19:49:04.102 [Test worker] WARN  o.s.w.r.r.ResourceWebHandler - Path contains "../" after call to StringUtils#cleanPath: [/../testsecret/secret.txt]
19:49:04.102 [Test worker] DEBUG o.s.w.r.r.ResourceWebHandler - [ec7e617] Resource not found
19:49:04.103 [Test worker] WARN  o.s.w.r.r.ResourceWebHandler - Path contains "../" after call to StringUtils#cleanPath: [/../testsecret/secret.txt]
19:49:04.103 [Test worker] DEBUG o.s.w.r.r.ResourceWebHandler - [7cbb51fa] Resource not found
19:49:04.103 [Test worker] WARN  o.s.w.r.r.ResourceWebHandler - Path represents URL or has "url:" prefix: [url:/Users/lichangbao/github/spring_study/spring-webflux/build/resources/test/org/springframework/web/reactive/resource/testsecret/secret.txt]
19:49:04.103 [Test worker] DEBUG o.s.w.r.r.ResourceWebHandler - [31ba29b] Resource not found
19:49:04.104 [Test worker] WARN  o.s.w.r.r.ResourceWebHandler - Path contains "../" after call to StringUtils#cleanPath: [../testsecret/secret.txt]
19:49:04.104 [Test worker] DEBUG o.s.w.r.r.ResourceWebHandler - [3a15a21c] Resource not found
19:49:04.105 [Test worker] WARN  o.s.w.r.r.ResourceWebHandler - Path contains "../" after call to StringUtils#cleanPath: [test/../../testsecret/secret.txt]
19:49:04.105 [Test worker] DEBUG o.s.w.r.r.ResourceWebHandler - [b531c17] Resource not found
19:49:04.105 [Test worker] WARN  o.s.w.r.r.ResourceWebHandler - Path contains "../" after call to StringUtils#cleanPath: [:/../../testsecret/secret.txt]
19:49:04.105 [Test worker] DEBUG o.s.w.r.r.ResourceWebHandler - [2d41a806] Resource not found
19:49:04.106 [Test worker] WARN  o.s.w.r.r.ResourceWebHandler - Path represents URL or has "url:" prefix: [file:/Users/lichangbao/github/spring_study/spring-webflux/build/resources/test/org/springframework/web/reactive/resource/testsecret/secret.txt]
19:49:04.106 [Test worker] DEBUG o.s.w.r.r.ResourceWebHandler - [7390d84f] Resource not found
19:49:04.107 [Test worker] WARN  o.s.w.r.r.ResourceWebHandler - Path represents URL or has "url:" prefix: [/file:/Users/lichangbao/github/spring_study/spring-webflux/build/resources/test/org/springframework/web/reactive/resource/testsecret/secret.txt]
19:49:04.107 [Test worker] DEBUG o.s.w.r.r.ResourceWebHandler - [64828163] Resource not found
19:49:04.108 [Test worker] WARN  o.s.w.r.r.ResourceWebHandler - Path represents URL or has "url:" prefix: [url:/Users/lichangbao/github/spring_study/spring-webflux/build/resources/test/org/springframework/web/reactive/resource/testsecret/secret.txt]
19:49:04.108 [Test worker] DEBUG o.s.w.r.r.ResourceWebHandler - [77a28a40] Resource not found
19:49:04.108 [Test worker] WARN  o.s.w.r.r.ResourceWebHandler - Path represents URL or has "url:" prefix: [/url:/Users/lichangbao/github/spring_study/spring-webflux/build/resources/test/org/springframework/web/reactive/resource/testsecret/secret.txt]
19:49:04.109 [Test worker] DEBUG o.s.w.r.r.ResourceWebHandler - [57831d2a] Resource not found
19:49:04.109 [Test worker] WARN  o.s.w.r.r.ResourceWebHandler - Path contains "../" after call to StringUtils#cleanPath: [/../../Users/lichangbao/github/spring_study/spring-webflux/build/resources/test/org/springframework/web/reactive/resource/testsecret/secret.txt]
19:49:04.110 [Test worker] DEBUG o.s.w.r.r.ResourceWebHandler - [22a4e535] Resource not found
19:49:04.110 [Test worker] WARN  o.s.w.r.r.ResourceWebHandler - Path contains "../" after call to StringUtils#cleanPath: [/../testsecret/secret.txt]
19:49:04.110 [Test worker] DEBUG o.s.w.r.r.ResourceWebHandler - [52ddf19b] Resource not found
19:49:04.111 [Test worker] WARN  o.s.w.r.r.ResourceWebHandler - Path contains "../" after call to StringUtils#cleanPath: [/../testsecret/secret.txt]
19:49:04.111 [Test worker] DEBUG o.s.w.r.r.ResourceWebHandler - [314e910a] Resource not found
19:49:04.111 [Test worker] WARN  o.s.w.r.r.ResourceWebHandler - Path represents URL or has "url:" prefix: [url:/Users/lichangbao/github/spring_study/spring-webflux/build/resources/test/org/springframework/web/reactive/resource/testsecret/secret.txt]
19:49:04.112 [Test worker] DEBUG o.s.w.r.r.ResourceWebHandler - [7e6ba044] Resource not found
19:49:04.112 [Test worker] WARN  o.s.w.r.r.ResourceWebHandler - Path contains "../" after call to StringUtils#cleanPath: [../testsecret/secret.txt]
19:49:04.113 [Test worker] DEBUG o.s.w.r.r.ResourceWebHandler - [7be37ff1] Resource not found
19:49:04.113 [Test worker] WARN  o.s.w.r.r.ResourceWebHandler - Path contains "../" after call to StringUtils#cleanPath: [test/../../testsecret/secret.txt]
19:49:04.114 [Test worker] DEBUG o.s.w.r.r.ResourceWebHandler - [468f183f] Resource not found
19:49:04.114 [Test worker] WARN  o.s.w.r.r.ResourceWebHandler - Path contains "../" after call to StringUtils#cleanPath: [:/../../testsecret/secret.txt]
19:49:04.115 [Test worker] DEBUG o.s.w.r.r.ResourceWebHandler - [38c0725] Resource not found
19:49:04.115 [Test worker] WARN  o.s.w.r.r.ResourceWebHandler - Path represents URL or has "url:" prefix: [file:/Users/lichangbao/github/spring_study/spring-webflux/build/resources/test/org/springframework/web/reactive/resource/testsecret/secret.txt]
19:49:04.115 [Test worker] DEBUG o.s.w.r.r.ResourceWebHandler - [2046ee90] Resource not found
19:49:04.116 [Test worker] WARN  o.s.w.r.r.ResourceWebHandler - Path represents URL or has "url:" prefix: [/file:/Users/lichangbao/github/spring_study/spring-webflux/build/resources/test/org/springframework/web/reactive/resource/testsecret/secret.txt]
19:49:04.116 [Test worker] DEBUG o.s.w.r.r.ResourceWebHandler - [40ba119e] Resource not found
19:49:04.116 [Test worker] WARN  o.s.w.r.r.ResourceWebHandler - Path represents URL or has "url:" prefix: [url:/Users/lichangbao/github/spring_study/spring-webflux/build/resources/test/org/springframework/web/reactive/resource/testsecret/secret.txt]
19:49:04.116 [Test worker] DEBUG o.s.w.r.r.ResourceWebHandler - [7e4ab756] Resource not found
19:49:04.117 [Test worker] WARN  o.s.w.r.r.ResourceWebHandler - Path represents URL or has "url:" prefix: [/url:/Users/lichangbao/github/spring_study/spring-webflux/build/resources/test/org/springframework/web/reactive/resource/testsecret/secret.txt]
19:49:04.117 [Test worker] DEBUG o.s.w.r.r.ResourceWebHandler - [1d9c3295] Resource not found
19:49:04.118 [Test worker] WARN  o.s.w.r.r.ResourceWebHandler - Path contains "../" after call to StringUtils#cleanPath: [/../../Users/lichangbao/github/spring_study/spring-webflux/build/resources/test/org/springframework/web/reactive/resource/testsecret/secret.txt]
19:49:04.118 [Test worker] DEBUG o.s.w.r.r.ResourceWebHandler - [a397dd8] Resource not found
19:49:04.118 [Test worker] WARN  o.s.w.r.r.ResourceWebHandler - Path contains "../" after call to StringUtils#cleanPath: [/../testsecret/secret.txt]
19:49:04.118 [Test worker] DEBUG o.s.w.r.r.ResourceWebHandler - [1a9fabe0] Resource not found
19:49:04.119 [Test worker] WARN  o.s.w.r.r.ResourceWebHandler - Path contains "../" after call to StringUtils#cleanPath: [/../testsecret/secret.txt]
19:49:04.119 [Test worker] DEBUG o.s.w.r.r.ResourceWebHandler - [31c44fe2] Resource not found
19:49:04.119 [Test worker] WARN  o.s.w.r.r.ResourceWebHandler - Path represents URL or has "url:" prefix: [url:/Users/lichangbao/github/spring_study/spring-webflux/build/resources/test/org/springframework/web/reactive/resource/testsecret/secret.txt]
19:49:04.119 [Test worker] DEBUG o.s.w.r.r.ResourceWebHandler - [4db0dbd5] Resource not found
19:49:04.120 [Test worker] WARN  o.s.w.r.r.ResourceWebHandler - Path contains "../" after call to StringUtils#cleanPath: [../testsecret/secret.txt]
19:49:04.120 [Test worker] DEBUG o.s.w.r.r.ResourceWebHandler - [ca6b806] Resource not found
19:49:04.121 [Test worker] WARN  o.s.w.r.r.ResourceWebHandler - Path contains "../" after call to StringUtils#cleanPath: [test/../../testsecret/secret.txt]
19:49:04.121 [Test worker] DEBUG o.s.w.r.r.ResourceWebHandler - [6b01c2d9] Resource not found
19:49:04.121 [Test worker] WARN  o.s.w.r.r.ResourceWebHandler - Path contains "../" after call to StringUtils#cleanPath: [:/../../testsecret/secret.txt]
19:49:04.122 [Test worker] DEBUG o.s.w.r.r.ResourceWebHandler - [78a93b04] Resource not found
19:49:04.123 [Test worker] WARN  o.s.w.r.r.ResourceWebHandler - Path represents URL or has "url:" prefix: [file:/Users/lichangbao/github/spring_study/spring-webflux/build/resources/test/org/springframework/web/reactive/resource/testsecret/secret.txt]
19:49:04.123 [Test worker] DEBUG o.s.w.r.r.ResourceWebHandler - [330c39b7] Resource not found
19:49:04.124 [Test worker] WARN  o.s.w.r.r.ResourceWebHandler - Path represents URL or has "url:" prefix: [/file:/Users/lichangbao/github/spring_study/spring-webflux/build/resources/test/org/springframework/web/reactive/resource/testsecret/secret.txt]
19:49:04.124 [Test worker] DEBUG o.s.w.r.r.ResourceWebHandler - [ad3d158] Resource not found
19:49:04.124 [Test worker] WARN  o.s.w.r.r.ResourceWebHandler - Path represents URL or has "url:" prefix: [url:/Users/lichangbao/github/spring_study/spring-webflux/build/resources/test/org/springframework/web/reactive/resource/testsecret/secret.txt]
19:49:04.124 [Test worker] DEBUG o.s.w.r.r.ResourceWebHandler - [6f21ddd1] Resource not found
19:49:04.125 [Test worker] WARN  o.s.w.r.r.ResourceWebHandler - Path represents URL or has "url:" prefix: [/url:/Users/lichangbao/github/spring_study/spring-webflux/build/resources/test/org/springframework/web/reactive/resource/testsecret/secret.txt]
19:49:04.125 [Test worker] DEBUG o.s.w.r.r.ResourceWebHandler - [5ee1ba2a] Resource not found
19:49:04.125 [Test worker] WARN  o.s.w.r.r.ResourceWebHandler - Path contains "../" after call to StringUtils#cleanPath: [/../../Users/lichangbao/github/spring_study/spring-webflux/build/resources/test/org/springframework/web/reactive/resource/testsecret/secret.txt]
19:49:04.125 [Test worker] DEBUG o.s.w.r.r.ResourceWebHandler - [c72e1c0] Resource not found
19:49:04.126 [Test worker] WARN  o.s.w.r.r.ResourceWebHandler - Path contains "../" after call to StringUtils#cleanPath: [/../testsecret/secret.txt]
19:49:04.126 [Test worker] DEBUG o.s.w.r.r.ResourceWebHandler - [183fb807] Resource not found
19:49:04.126 [Test worker] WARN  o.s.w.r.r.ResourceWebHandler - Path contains "../" after call to StringUtils#cleanPath: [/../testsecret/secret.txt]
19:49:04.126 [Test worker] DEBUG o.s.w.r.r.ResourceWebHandler - [79913184] Resource not found
19:49:04.127 [Test worker] WARN  o.s.w.r.r.ResourceWebHandler - Path represents URL or has "url:" prefix: [url:/Users/lichangbao/github/spring_study/spring-webflux/build/resources/test/org/springframework/web/reactive/resource/testsecret/secret.txt]
19:49:04.127 [Test worker] DEBUG o.s.w.r.r.ResourceWebHandler - [2a72f476] Resource not found
19:49:04.128 [Test worker] WARN  o.s.w.r.r.ResourceWebHandler - Path contains "../" after call to StringUtils#cleanPath: [../testsecret/secret.txt]
19:49:04.128 [Test worker] DEBUG o.s.w.r.r.ResourceWebHandler - [31156c19] Resource not found
19:49:04.128 [Test worker] WARN  o.s.w.r.r.ResourceWebHandler - Path contains "../" after call to StringUtils#cleanPath: [test/../../testsecret/secret.txt]
19:49:04.128 [Test worker] DEBUG o.s.w.r.r.ResourceWebHandler - [548f15bc] Resource not found
19:49:04.129 [Test worker] WARN  o.s.w.r.r.ResourceWebHandler - Path contains "../" after call to StringUtils#cleanPath: [:/../../testsecret/secret.txt]
19:49:04.129 [Test worker] DEBUG o.s.w.r.r.ResourceWebHandler - [24e213b8] Resource not found
19:49:04.129 [Test worker] WARN  o.s.w.r.r.ResourceWebHandler - Path represents URL or has "url:" prefix: [file:/Users/lichangbao/github/spring_study/spring-webflux/build/resources/test/org/springframework/web/reactive/resource/testsecret/secret.txt]
19:49:04.130 [Test worker] DEBUG o.s.w.r.r.ResourceWebHandler - [198e8216] Resource not found
19:49:04.130 [Test worker] WARN  o.s.w.r.r.ResourceWebHandler - Path represents URL or has "url:" prefix: [/file:/Users/lichangbao/github/spring_study/spring-webflux/build/resources/test/org/springframework/web/reactive/resource/testsecret/secret.txt]
19:49:04.130 [Test worker] DEBUG o.s.w.r.r.ResourceWebHandler - [361409a] Resource not found
19:49:04.131 [Test worker] WARN  o.s.w.r.r.ResourceWebHandler - Path represents URL or has "url:" prefix: [url:/Users/lichangbao/github/spring_study/spring-webflux/build/resources/test/org/springframework/web/reactive/resource/testsecret/secret.txt]
19:49:04.131 [Test worker] DEBUG o.s.w.r.r.ResourceWebHandler - [2f6f97bf] Resource not found
19:49:04.131 [Test worker] WARN  o.s.w.r.r.ResourceWebHandler - Path represents URL or has "url:" prefix: [/url:/Users/lichangbao/github/spring_study/spring-webflux/build/resources/test/org/springframework/web/reactive/resource/testsecret/secret.txt]
19:49:04.131 [Test worker] DEBUG o.s.w.r.r.ResourceWebHandler - [1b243e39] Resource not found
19:49:04.132 [Test worker] WARN  o.s.w.r.r.ResourceWebHandler - Path contains "../" after call to StringUtils#cleanPath: [/../../Users/lichangbao/github/spring_study/spring-webflux/build/resources/test/org/springframework/web/reactive/resource/testsecret/secret.txt]
19:49:04.132 [Test worker] DEBUG o.s.w.r.r.ResourceWebHandler - [76579179] Resource not found
19:49:04.132 [Test worker] WARN  o.s.w.r.r.ResourceWebHandler - Path contains "../" after call to StringUtils#cleanPath: [/../testsecret/secret.txt]
19:49:04.133 [Test worker] DEBUG o.s.w.r.r.ResourceWebHandler - [7f3b7ab9] Resource not found
19:49:04.133 [Test worker] WARN  o.s.w.r.r.ResourceWebHandler - Path contains "../" after call to StringUtils#cleanPath: [/../testsecret/secret.txt]
19:49:04.133 [Test worker] DEBUG o.s.w.r.r.ResourceWebHandler - [2cbad88e] Resource not found
19:49:04.134 [Test worker] WARN  o.s.w.r.r.ResourceWebHandler - Path represents URL or has "url:" prefix: [url:/Users/lichangbao/github/spring_study/spring-webflux/build/resources/test/org/springframework/web/reactive/resource/testsecret/secret.txt]
19:49:04.134 [Test worker] DEBUG o.s.w.r.r.ResourceWebHandler - [1655eed6] Resource not found
19:49:04.135 [Test worker] DEBUG o.s.c.c.ResourceEncoder - [5cc3793c] Writing [class path resource [org/springframework/web/reactive/resource/test/foo.html]]
19:49:04.138 [Test worker] DEBUG o.s.c.c.ResourceRegionEncoder - [78093eaf] Writing region 0-10 of [class path resource [org/springframework/web/reactive/resource/test/foo.txt]]
19:49:04.142 [Test worker] DEBUG o.s.c.c.ResourceRegionEncoder - [7cda1e86] Writing region 9-10 of [class path resource [org/springframework/web/reactive/resource/test/foo.txt]]
19:49:04.143 [Test worker] DEBUG o.s.c.c.ResourceEncoder - [4d97abf4] Writing [class path resource [org/springframework/web/reactive/resource/test/js/foo.js]]
19:49:04.149 [Test worker] DEBUG o.s.c.c.ResourceEncoder - [20cbb479] Writing [class path resource [org/springframework/web/reactive/resource/test/foo.css]]
19:49:04.152 [Test worker] DEBUG o.s.c.c.ResourceEncoder - [2709e7b3] Writing [class path resource [org/springframework/web/reactive/resource/test/foo.css]]
]]></system-out>
  <system-err><![CDATA[]]></system-err>
</testsuite>
