<?xml version="1.0" encoding="UTF-8"?>
<testsuite name="org.springframework.web.reactive.result.view.ViewResolutionResultHandlerTests" tests="9" skipped="0" failures="0" errors="0" timestamp="2020-11-25T14:42:24" hostname="lichangbaodeMacBook-Pro.local" time="0.076">
  <properties/>
  <testcase name="supports" classname="org.springframework.web.reactive.result.view.ViewResolutionResultHandlerTests" time="0.023"/>
  <testcase name="contentNegotiationWith406" classname="org.springframework.web.reactive.result.view.ViewResolutionResultHandlerTests" time="0.015"/>
  <testcase name="defaultViewName" classname="org.springframework.web.reactive.result.view.ViewResolutionResultHandlerTests" time="0.024"/>
  <testcase name="unresolvedViewName" classname="org.springframework.web.reactive.result.view.ViewResolutionResultHandlerTests" time="0.002"/>
  <testcase name="contentNegotiationWithRedirect" classname="org.springframework.web.reactive.result.view.ViewResolutionResultHandlerTests" time="0.001"/>
  <testcase name="contentNegotiation" classname="org.springframework.web.reactive.result.view.ViewResolutionResultHandlerTests" time="0.001"/>
  <testcase name="handleWithMultipleResolvers" classname="org.springframework.web.reactive.result.view.ViewResolutionResultHandlerTests" time="0.0"/>
  <testcase name="handleReturnValueTypes" classname="org.springframework.web.reactive.result.view.ViewResolutionResultHandlerTests" time="0.008"/>
  <testcase name="viewResolverOrder" classname="org.springframework.web.reactive.result.view.ViewResolutionResultHandlerTests" time="0.001"/>
  <system-out><![CDATA[22:42:24.545 [Test worker] DEBUG o.s.w.r.r.v.ViewResolutionResultHandler - [4f23a0ed] No match for [application/json], supported: [text/html]
22:42:24.546 [Test worker] DEBUG o.s.w.r.r.v.ViewResolutionResultHandler - Using 'text/html' given [*/*] and supported [text/html]
22:42:24.547 [Test worker] DEBUG o.s.w.r.r.v.ViewResolutionResultHandler - Using 'text/html' given [*/*] and supported [text/html]
22:42:24.547 [Test worker] DEBUG o.s.w.r.r.v.ViewResolutionResultHandler - Using 'text/html' given [*/*] and supported [text/html]
22:42:24.548 [Test worker] DEBUG o.s.w.r.r.v.ViewResolutionResultHandler - Using 'text/html' given [*/*] and supported [text/html]
22:42:24.548 [Test worker] DEBUG o.s.w.r.r.v.ViewResolutionResultHandler - Using 'text/html' given [*/*] and supported [text/html]
22:42:24.549 [Test worker] DEBUG o.s.w.r.r.v.ViewResolutionResultHandler - Using 'text/html' given [*/*] and supported [text/html]
22:42:24.549 [Test worker] DEBUG o.s.w.r.r.v.ViewResolutionResultHandler - Using 'text/html' given [*/*] and supported [text/html]
22:42:24.549 [Test worker] DEBUG o.s.w.r.r.v.ViewResolutionResultHandler - Using 'text/html' given [*/*] and supported [text/html]
22:42:24.550 [Test worker] DEBUG o.s.w.r.r.v.ViewResolutionResultHandler - Using 'text/html' given [*/*] and supported [text/html]
22:42:24.568 [Test worker] DEBUG o.s.w.r.r.v.ViewResolutionResultHandler - Using 'text/html' given [*/*] and supported [text/html]
22:42:24.569 [Test worker] DEBUG o.s.w.r.r.v.ViewResolutionResultHandler - Using 'text/html' given [*/*] and supported [text/html]
22:42:24.569 [Test worker] DEBUG o.s.w.r.r.v.ViewResolutionResultHandler - Using 'text/html' given [*/*] and supported [text/html]
22:42:24.572 [Test worker] DEBUG o.s.w.r.r.v.RedirectView - [5d1e5117] View name 'redirect:/', model {}
22:42:24.573 [Test worker] DEBUG o.s.w.r.r.v.ViewResolutionResultHandler - Using 'application/json' given [application/json] and supported [text/html, application/json]
22:42:24.574 [Test worker] DEBUG o.s.w.r.r.v.ViewResolutionResultHandler - Using 'text/html' given [*/*] and supported [text/html]
22:42:24.574 [Test worker] DEBUG o.s.w.r.r.v.ViewResolutionResultHandler - Using 'text/html' given [*/*] and supported [text/html]
22:42:24.576 [Test worker] DEBUG o.s.w.r.r.v.ViewResolutionResultHandler - Using 'text/html' given [*/*] and supported [text/html]
22:42:24.576 [Test worker] DEBUG o.s.w.r.r.v.ViewResolutionResultHandler - Using 'text/html' given [*/*] and supported [text/html]
22:42:24.577 [Test worker] DEBUG o.s.w.r.r.v.ViewResolutionResultHandler - Using 'text/html' given [*/*] and supported [text/html]
22:42:24.577 [Test worker] DEBUG o.s.w.r.r.v.ViewResolutionResultHandler - Using 'text/html' given [*/*] and supported [text/html]
22:42:24.578 [Test worker] DEBUG o.s.w.r.r.v.ViewResolutionResultHandler - Using 'text/html' given [*/*] and supported [text/html]
22:42:24.579 [Test worker] DEBUG o.s.w.r.r.v.ViewResolutionResultHandler - Using 'text/html' given [*/*] and supported [text/html]
22:42:24.580 [Test worker] DEBUG o.s.w.r.r.v.ViewResolutionResultHandler - Using 'text/html' given [*/*] and supported [text/html]
22:42:24.580 [Test worker] DEBUG o.s.w.r.r.v.ViewResolutionResultHandler - Using 'text/html' given [*/*] and supported [text/html]
22:42:24.581 [Test worker] DEBUG o.s.w.r.r.v.ViewResolutionResultHandler - Using 'text/html' given [*/*] and supported [text/html]
22:42:24.582 [Test worker] DEBUG o.s.w.r.r.v.ViewResolutionResultHandler - Using 'text/html' given [*/*] and supported [text/html]
]]></system-out>
  <system-err><![CDATA[]]></system-err>
</testsuite>
