<?xml version="1.0" encoding="UTF-8"?>
<testsuite name="org.springframework.web.reactive.function.server.SseHandlerFunctionIntegrationTests" tests="12" skipped="0" failures="0" errors="0" timestamp="2020-11-25T14:43:25" hostname="lichangbaodeMacBook-Pro.local" time="2.664">
  <properties/>
  <testcase name="sseAsEvent[server [org.springframework.http.server.reactive.bootstrap.JettyHttpServer@660a3001]]" classname="org.springframework.web.reactive.function.server.SseHandlerFunctionIntegrationTests" time="0.223"/>
  <testcase name="sseAsPerson[server [org.springframework.http.server.reactive.bootstrap.JettyHttpServer@660a3001]]" classname="org.springframework.web.reactive.function.server.SseHandlerFunctionIntegrationTests" time="0.221"/>
  <testcase name="sseAsString[server [org.springframework.http.server.reactive.bootstrap.JettyHttpServer@660a3001]]" classname="org.springframework.web.reactive.function.server.SseHandlerFunctionIntegrationTests" time="0.219"/>
  <testcase name="sseAsEvent[server [org.springframework.http.server.reactive.bootstrap.ReactorHttpServer@71a310f6]]" classname="org.springframework.web.reactive.function.server.SseHandlerFunctionIntegrationTests" time="0.217"/>
  <testcase name="sseAsPerson[server [org.springframework.http.server.reactive.bootstrap.ReactorHttpServer@71a310f6]]" classname="org.springframework.web.reactive.function.server.SseHandlerFunctionIntegrationTests" time="0.217"/>
  <testcase name="sseAsString[server [org.springframework.http.server.reactive.bootstrap.ReactorHttpServer@71a310f6]]" classname="org.springframework.web.reactive.function.server.SseHandlerFunctionIntegrationTests" time="0.218"/>
  <testcase name="sseAsEvent[server [org.springframework.http.server.reactive.bootstrap.TomcatHttpServer@4c2ffa7]]" classname="org.springframework.web.reactive.function.server.SseHandlerFunctionIntegrationTests" time="0.231"/>
  <testcase name="sseAsPerson[server [org.springframework.http.server.reactive.bootstrap.TomcatHttpServer@4c2ffa7]]" classname="org.springframework.web.reactive.function.server.SseHandlerFunctionIntegrationTests" time="0.234"/>
  <testcase name="sseAsString[server [org.springframework.http.server.reactive.bootstrap.TomcatHttpServer@4c2ffa7]]" classname="org.springframework.web.reactive.function.server.SseHandlerFunctionIntegrationTests" time="0.231"/>
  <testcase name="sseAsEvent[server [org.springframework.http.server.reactive.bootstrap.UndertowHttpServer@286cad49]]" classname="org.springframework.web.reactive.function.server.SseHandlerFunctionIntegrationTests" time="0.218"/>
  <testcase name="sseAsPerson[server [org.springframework.http.server.reactive.bootstrap.UndertowHttpServer@286cad49]]" classname="org.springframework.web.reactive.function.server.SseHandlerFunctionIntegrationTests" time="0.217"/>
  <testcase name="sseAsString[server [org.springframework.http.server.reactive.bootstrap.UndertowHttpServer@286cad49]]" classname="org.springframework.web.reactive.function.server.SseHandlerFunctionIntegrationTests" time="0.218"/>
  <system-out><![CDATA[22:43:25.570 [Test worker] DEBUG o.s.w.s.a.HttpWebHandlerAdapter - enableLoggingRequestDetails='false': form data and headers will be masked to prevent unsafe logging of potentially sensitive data
22:43:25.570 [Test worker] WARN  o.e.j.s.h.ContextHandler - Empty contextPath
22:43:25.570 [Test worker] INFO  o.e.j.s.h.ContextHandler - Started o.e.j.s.ServletContextHandler@73025689{/,null,AVAILABLE}
22:43:25.570 [Test worker] DEBUG o.s.h.s.r.b.JettyHttpServer - Starting JettyHttpServer...
22:43:25.570 [Test worker] INFO  o.e.j.s.Server - jetty-9.4.18.v20190429; built: 2019-04-29T20:42:08.989Z; git: e1bc35120a6617ee3df052294e433f3a25ce7097; jvm 1.8.0_211-b12
22:43:25.572 [Test worker] INFO  o.e.j.s.AbstractConnector - Started ServerConnector@2adb4121{HTTP/1.1,[http/1.1]}{0.0.0.0:54994}
22:43:25.572 [Test worker] INFO  o.e.j.s.Server - Started @77998ms
22:43:25.572 [Test worker] DEBUG o.s.h.s.r.b.JettyHttpServer - Server started on port 54994(0 millis).
22:43:25.573 [Test worker] DEBUG o.s.w.r.f.c.ExchangeFunctions - [160e940a] HTTP GET http://localhost:54994/event
22:43:25.574 [qtp1258489081-6406] DEBUG o.s.w.s.a.HttpWebHandlerAdapter - [590e4b85] HTTP GET "/event"
22:43:25.679 [reactor-http-nio-8] DEBUG o.s.w.r.f.c.ExchangeFunctions - [160e940a] Response 200 OK
22:43:25.680 [reactor-http-nio-8] DEBUG o.s.c.c.StringDecoder - [160e940a] Decoded "id:0"
22:43:25.680 [reactor-http-nio-8] DEBUG o.s.c.c.StringDecoder - [160e940a] Decoded ":bar"
22:43:25.680 [reactor-http-nio-8] DEBUG o.s.c.c.StringDecoder - [160e940a] Decoded "data:foo"
22:43:25.680 [reactor-http-nio-8] DEBUG o.s.c.c.StringDecoder - [160e940a] Decoded ""
22:43:25.779 [parallel-13] DEBUG o.s.w.s.a.HttpWebHandlerAdapter - [590e4b85] Completed 200 OK
22:43:25.779 [reactor-http-nio-8] DEBUG o.s.c.c.StringDecoder - [160e940a] Decoded "id:1"
22:43:25.779 [reactor-http-nio-8] DEBUG o.s.c.c.StringDecoder - [160e940a] Decoded ":bar"
22:43:25.779 [reactor-http-nio-8] DEBUG o.s.c.c.StringDecoder - [160e940a] Decoded "data:foo"
22:43:25.779 [reactor-http-nio-8] DEBUG o.s.c.c.StringDecoder - [160e940a] Decoded ""
22:43:25.780 [Test worker] DEBUG o.s.h.s.r.b.JettyHttpServer - Stopping JettyHttpServer...
22:43:25.780 [Test worker] INFO  o.e.j.s.h.ContextHandler - Stopped o.e.j.s.ServletContextHandler@73025689{/,null,UNAVAILABLE}
22:43:25.781 [Test worker] INFO  o.e.j.s.AbstractConnector - Stopped ServerConnector@2adb4121{HTTP/1.1,[http/1.1]}{0.0.0.0:0}
22:43:25.781 [Test worker] DEBUG o.s.h.s.r.b.JettyHttpServer - Server stopped (0 millis).
22:43:25.792 [Test worker] DEBUG o.s.w.s.a.HttpWebHandlerAdapter - enableLoggingRequestDetails='false': form data and headers will be masked to prevent unsafe logging of potentially sensitive data
22:43:25.792 [Test worker] WARN  o.e.j.s.h.ContextHandler - Empty contextPath
22:43:25.792 [Test worker] INFO  o.e.j.s.h.ContextHandler - Started o.e.j.s.ServletContextHandler@7295a842{/,null,AVAILABLE}
22:43:25.792 [Test worker] DEBUG o.s.h.s.r.b.JettyHttpServer - Starting JettyHttpServer...
22:43:25.792 [Test worker] INFO  o.e.j.s.Server - jetty-9.4.18.v20190429; built: 2019-04-29T20:42:08.989Z; git: e1bc35120a6617ee3df052294e433f3a25ce7097; jvm 1.8.0_211-b12
22:43:25.793 [Test worker] INFO  o.e.j.s.AbstractConnector - Started ServerConnector@568515d2{HTTP/1.1,[http/1.1]}{0.0.0.0:54996}
22:43:25.793 [Test worker] INFO  o.e.j.s.Server - Started @78220ms
22:43:25.793 [Test worker] DEBUG o.s.h.s.r.b.JettyHttpServer - Server started on port 54996(0 millis).
22:43:25.794 [Test worker] DEBUG o.s.w.r.f.c.ExchangeFunctions - [666bc05c] HTTP GET http://localhost:54996/person
22:43:25.795 [qtp340401934-6418] DEBUG o.s.w.s.a.HttpWebHandlerAdapter - [11aee70] HTTP GET "/person"
22:43:25.901 [parallel-14] DEBUG o.s.h.c.j.Jackson2JsonEncoder - [11aee70] Encoding [Person{name='foo 0'}]
22:43:25.902 [reactor-http-nio-12] DEBUG o.s.w.r.f.c.ExchangeFunctions - [666bc05c] Response 200 OK
22:43:25.903 [reactor-http-nio-12] DEBUG o.s.c.c.StringDecoder - [666bc05c] Decoded "data:{"name":"foo 0"}"
22:43:25.903 [reactor-http-nio-12] DEBUG o.s.c.c.StringDecoder - [666bc05c] Decoded ""
22:43:25.904 [reactor-http-nio-12] DEBUG o.s.h.c.j.Jackson2JsonDecoder - [666bc05c] Decoded [Person{name='foo 0'}]
22:43:25.999 [parallel-14] DEBUG o.s.h.c.j.Jackson2JsonEncoder - [11aee70] Encoding [Person{name='foo 1'}]
22:43:26.000 [parallel-14] DEBUG o.s.w.s.a.HttpWebHandlerAdapter - [11aee70] Completed 200 OK
22:43:26.000 [reactor-http-nio-12] DEBUG o.s.c.c.StringDecoder - [666bc05c] Decoded "data:{"name":"foo 1"}"
22:43:26.000 [reactor-http-nio-12] DEBUG o.s.c.c.StringDecoder - [666bc05c] Decoded ""
22:43:26.000 [reactor-http-nio-12] DEBUG o.s.h.c.j.Jackson2JsonDecoder - [666bc05c] Decoded [Person{name='foo 1'}]
22:43:26.000 [Test worker] DEBUG o.s.h.s.r.b.JettyHttpServer - Stopping JettyHttpServer...
22:43:26.000 [Test worker] INFO  o.e.j.s.h.ContextHandler - Stopped o.e.j.s.ServletContextHandler@7295a842{/,null,UNAVAILABLE}
22:43:26.001 [Test worker] INFO  o.e.j.s.AbstractConnector - Stopped ServerConnector@568515d2{HTTP/1.1,[http/1.1]}{0.0.0.0:0}
22:43:26.002 [Test worker] DEBUG o.s.h.s.r.b.JettyHttpServer - Server stopped (0 millis).
22:43:26.012 [Test worker] DEBUG o.s.w.s.a.HttpWebHandlerAdapter - enableLoggingRequestDetails='false': form data and headers will be masked to prevent unsafe logging of potentially sensitive data
22:43:26.012 [Test worker] WARN  o.e.j.s.h.ContextHandler - Empty contextPath
22:43:26.012 [Test worker] INFO  o.e.j.s.h.ContextHandler - Started o.e.j.s.ServletContextHandler@6142e6bb{/,null,AVAILABLE}
22:43:26.012 [Test worker] DEBUG o.s.h.s.r.b.JettyHttpServer - Starting JettyHttpServer...
22:43:26.012 [Test worker] INFO  o.e.j.s.Server - jetty-9.4.18.v20190429; built: 2019-04-29T20:42:08.989Z; git: e1bc35120a6617ee3df052294e433f3a25ce7097; jvm 1.8.0_211-b12
22:43:26.014 [Test worker] INFO  o.e.j.s.AbstractConnector - Started ServerConnector@5913a3ef{HTTP/1.1,[http/1.1]}{0.0.0.0:54998}
22:43:26.014 [Test worker] INFO  o.e.j.s.Server - Started @78441ms
22:43:26.014 [Test worker] DEBUG o.s.h.s.r.b.JettyHttpServer - Server started on port 54998(0 millis).
22:43:26.015 [Test worker] DEBUG o.s.w.r.f.c.ExchangeFunctions - [4eca8ff6] HTTP GET http://localhost:54998/string
22:43:26.016 [qtp1671187590-6434] DEBUG o.s.w.s.a.HttpWebHandlerAdapter - [5bce2dea] HTTP GET "/string"
22:43:26.119 [reactor-http-nio-16] DEBUG o.s.w.r.f.c.ExchangeFunctions - [4eca8ff6] Response 200 OK
22:43:26.119 [reactor-http-nio-16] DEBUG o.s.c.c.StringDecoder - [4eca8ff6] Decoded "data:foo 0"
22:43:26.119 [reactor-http-nio-16] DEBUG o.s.c.c.StringDecoder - [4eca8ff6] Decoded ""
22:43:26.219 [parallel-15] DEBUG o.s.w.s.a.HttpWebHandlerAdapter - [5bce2dea] Completed 200 OK
22:43:26.219 [reactor-http-nio-16] DEBUG o.s.c.c.StringDecoder - [4eca8ff6] Decoded "data:foo 1"
22:43:26.219 [reactor-http-nio-16] DEBUG o.s.c.c.StringDecoder - [4eca8ff6] Decoded ""
22:43:26.220 [Test worker] DEBUG o.s.h.s.r.b.JettyHttpServer - Stopping JettyHttpServer...
22:43:26.220 [Test worker] INFO  o.e.j.s.h.ContextHandler - Stopped o.e.j.s.ServletContextHandler@6142e6bb{/,null,UNAVAILABLE}
22:43:26.221 [Test worker] INFO  o.e.j.s.AbstractConnector - Stopped ServerConnector@5913a3ef{HTTP/1.1,[http/1.1]}{0.0.0.0:0}
22:43:26.221 [Test worker] DEBUG o.s.h.s.r.b.JettyHttpServer - Server stopped (0 millis).
22:43:26.232 [Test worker] DEBUG o.s.w.s.a.HttpWebHandlerAdapter - enableLoggingRequestDetails='false': form data and headers will be masked to prevent unsafe logging of potentially sensitive data
22:43:26.232 [Test worker] DEBUG o.s.h.s.r.b.ReactorHttpServer - Starting ReactorHttpServer...
22:43:26.232 [Test worker] DEBUG o.s.h.s.r.b.ReactorHttpServer - Server started on port 55000(0 millis).
22:43:26.233 [Test worker] DEBUG o.s.w.r.f.c.ExchangeFunctions - [5e861f64] HTTP GET http://localhost:55000/event
22:43:26.234 [reactor-http-nio-6] DEBUG o.s.w.s.a.HttpWebHandlerAdapter - [69e57819] HTTP GET "/event"
22:43:26.337 [reactor-http-nio-5] DEBUG o.s.w.r.f.c.ExchangeFunctions - [5e861f64] Response 200 OK
22:43:26.339 [reactor-http-nio-5] DEBUG o.s.c.c.StringDecoder - [5e861f64] Decoded "id:0"
22:43:26.339 [reactor-http-nio-5] DEBUG o.s.c.c.StringDecoder - [5e861f64] Decoded ":bar"
22:43:26.339 [reactor-http-nio-5] DEBUG o.s.c.c.StringDecoder - [5e861f64] Decoded "data:foo"
22:43:26.339 [reactor-http-nio-5] DEBUG o.s.c.c.StringDecoder - [5e861f64] Decoded ""
22:43:26.437 [reactor-http-nio-6] DEBUG o.s.w.s.a.HttpWebHandlerAdapter - [69e57819] Completed 200 OK
22:43:26.438 [reactor-http-nio-5] DEBUG o.s.c.c.StringDecoder - [5e861f64] Decoded "id:1"
22:43:26.438 [reactor-http-nio-5] DEBUG o.s.c.c.StringDecoder - [5e861f64] Decoded ":bar"
22:43:26.438 [reactor-http-nio-5] DEBUG o.s.c.c.StringDecoder - [5e861f64] Decoded "data:foo"
22:43:26.438 [reactor-http-nio-5] DEBUG o.s.c.c.StringDecoder - [5e861f64] Decoded ""
22:43:26.438 [Test worker] DEBUG o.s.h.s.r.b.ReactorHttpServer - Stopping ReactorHttpServer...
22:43:26.438 [Test worker] DEBUG o.s.h.s.r.b.ReactorHttpServer - Server stopped (0 millis).
22:43:26.450 [Test worker] DEBUG o.s.w.s.a.HttpWebHandlerAdapter - enableLoggingRequestDetails='false': form data and headers will be masked to prevent unsafe logging of potentially sensitive data
22:43:26.450 [Test worker] DEBUG o.s.h.s.r.b.ReactorHttpServer - Starting ReactorHttpServer...
22:43:26.450 [Test worker] DEBUG o.s.h.s.r.b.ReactorHttpServer - Server started on port 55002(0 millis).
22:43:26.450 [Test worker] DEBUG o.s.w.r.f.c.ExchangeFunctions - [71bd327e] HTTP GET http://localhost:55002/person
22:43:26.451 [reactor-http-nio-12] DEBUG o.s.w.s.a.HttpWebHandlerAdapter - [9ea3dd8d] HTTP GET "/person"
22:43:26.553 [reactor-http-nio-12] DEBUG o.s.h.c.j.Jackson2JsonEncoder - [9ea3dd8d] Encoding [Person{name='foo 0'}]
22:43:26.553 [reactor-http-nio-11] DEBUG o.s.w.r.f.c.ExchangeFunctions - [71bd327e] Response 200 OK
22:43:26.555 [reactor-http-nio-11] DEBUG o.s.c.c.StringDecoder - [71bd327e] Decoded "data:{"name":"foo 0"}"
22:43:26.555 [reactor-http-nio-11] DEBUG o.s.c.c.StringDecoder - [71bd327e] Decoded ""
22:43:26.555 [reactor-http-nio-11] DEBUG o.s.h.c.j.Jackson2JsonDecoder - [71bd327e] Decoded [Person{name='foo 0'}]
22:43:26.653 [parallel-1] DEBUG o.s.h.c.j.Jackson2JsonEncoder - [9ea3dd8d] Encoding [Person{name='foo 1'}]
22:43:26.655 [reactor-http-nio-12] DEBUG o.s.w.s.a.HttpWebHandlerAdapter - [9ea3dd8d] Completed 200 OK
22:43:26.655 [reactor-http-nio-11] DEBUG o.s.c.c.StringDecoder - [71bd327e] Decoded "data:{"name":"foo 1"}"
22:43:26.655 [reactor-http-nio-11] DEBUG o.s.c.c.StringDecoder - [71bd327e] Decoded ""
22:43:26.655 [reactor-http-nio-11] DEBUG o.s.h.c.j.Jackson2JsonDecoder - [71bd327e] Decoded [Person{name='foo 1'}]
22:43:26.655 [Test worker] DEBUG o.s.h.s.r.b.ReactorHttpServer - Stopping ReactorHttpServer...
22:43:26.656 [Test worker] DEBUG o.s.h.s.r.b.ReactorHttpServer - Server stopped (0 millis).
22:43:26.668 [Test worker] DEBUG o.s.w.s.a.HttpWebHandlerAdapter - enableLoggingRequestDetails='false': form data and headers will be masked to prevent unsafe logging of potentially sensitive data
22:43:26.668 [Test worker] DEBUG o.s.h.s.r.b.ReactorHttpServer - Starting ReactorHttpServer...
22:43:26.668 [Test worker] DEBUG o.s.h.s.r.b.ReactorHttpServer - Server started on port 55004(0 millis).
22:43:26.669 [Test worker] DEBUG o.s.w.r.f.c.ExchangeFunctions - [5640b20e] HTTP GET http://localhost:55004/string
22:43:26.669 [reactor-http-nio-2] DEBUG o.s.w.s.a.HttpWebHandlerAdapter - [dc2b5b68] HTTP GET "/string"
22:43:26.774 [reactor-http-nio-1] DEBUG o.s.w.r.f.c.ExchangeFunctions - [5640b20e] Response 200 OK
22:43:26.775 [reactor-http-nio-1] DEBUG o.s.c.c.StringDecoder - [5640b20e] Decoded "data:foo 0"
22:43:26.775 [reactor-http-nio-1] DEBUG o.s.c.c.StringDecoder - [5640b20e] Decoded ""
22:43:26.873 [reactor-http-nio-2] DEBUG o.s.w.s.a.HttpWebHandlerAdapter - [dc2b5b68] Completed 200 OK
22:43:26.873 [reactor-http-nio-1] DEBUG o.s.c.c.StringDecoder - [5640b20e] Decoded "data:foo 1"
22:43:26.873 [reactor-http-nio-1] DEBUG o.s.c.c.StringDecoder - [5640b20e] Decoded ""
22:43:26.873 [Test worker] DEBUG o.s.h.s.r.b.ReactorHttpServer - Stopping ReactorHttpServer...
22:43:26.873 [Test worker] DEBUG o.s.h.s.r.b.ReactorHttpServer - Server stopped (0 millis).
22:43:26.884 [Test worker] DEBUG o.s.w.s.a.HttpWebHandlerAdapter - enableLoggingRequestDetails='false': form data and headers will be masked to prevent unsafe logging of potentially sensitive data
22:43:26.884 [Test worker] DEBUG o.s.h.s.r.b.TomcatHttpServer - Starting TomcatHttpServer...
22:43:26.888 [Test worker] DEBUG o.s.h.s.r.b.TomcatHttpServer - Server started on port 55009(0 millis).
22:43:26.888 [Test worker] DEBUG o.s.w.r.f.c.ExchangeFunctions - [60bb2efa] HTTP GET http://localhost:55009/event
22:43:26.889 [http-nio-auto-138-exec-1] DEBUG o.s.w.s.a.HttpWebHandlerAdapter - [42d9efa] HTTP GET "/event"
22:43:26.991 [reactor-http-nio-6] DEBUG o.s.w.r.f.c.ExchangeFunctions - [60bb2efa] Response 200 OK
22:43:26.992 [reactor-http-nio-6] DEBUG o.s.c.c.StringDecoder - [60bb2efa] Decoded "id:0"
22:43:26.992 [reactor-http-nio-6] DEBUG o.s.c.c.StringDecoder - [60bb2efa] Decoded ":bar"
22:43:26.992 [reactor-http-nio-6] DEBUG o.s.c.c.StringDecoder - [60bb2efa] Decoded "data:foo"
22:43:26.992 [reactor-http-nio-6] DEBUG o.s.c.c.StringDecoder - [60bb2efa] Decoded ""
22:43:27.091 [parallel-3] DEBUG o.s.w.s.a.HttpWebHandlerAdapter - [42d9efa] Completed 200 OK
22:43:27.093 [reactor-http-nio-6] DEBUG o.s.c.c.StringDecoder - [60bb2efa] Decoded "id:1"
22:43:27.093 [reactor-http-nio-6] DEBUG o.s.c.c.StringDecoder - [60bb2efa] Decoded ":bar"
22:43:27.093 [reactor-http-nio-6] DEBUG o.s.c.c.StringDecoder - [60bb2efa] Decoded "data:foo"
22:43:27.093 [reactor-http-nio-6] DEBUG o.s.c.c.StringDecoder - [60bb2efa] Decoded ""
22:43:27.094 [Test worker] DEBUG o.s.h.s.r.b.TomcatHttpServer - Stopping TomcatHttpServer...
22:43:27.104 [Test worker] DEBUG o.s.h.s.r.b.TomcatHttpServer - Server stopped (0 millis).
22:43:27.115 [Test worker] DEBUG o.s.w.s.a.HttpWebHandlerAdapter - enableLoggingRequestDetails='false': form data and headers will be masked to prevent unsafe logging of potentially sensitive data
22:43:27.116 [Test worker] DEBUG o.s.h.s.r.b.TomcatHttpServer - Starting TomcatHttpServer...
22:43:27.119 [Test worker] DEBUG o.s.h.s.r.b.TomcatHttpServer - Server started on port 55012(0 millis).
22:43:27.120 [Test worker] DEBUG o.s.w.r.f.c.ExchangeFunctions - [1754e287] HTTP GET http://localhost:55012/person
22:43:27.121 [http-nio-auto-139-exec-1] DEBUG o.s.w.s.a.HttpWebHandlerAdapter - [7b7573d3] HTTP GET "/person"
22:43:27.224 [parallel-4] DEBUG o.s.h.c.j.Jackson2JsonEncoder - [7b7573d3] Encoding [Person{name='foo 0'}]
22:43:27.224 [reactor-http-nio-10] DEBUG o.s.w.r.f.c.ExchangeFunctions - [1754e287] Response 200 OK
22:43:27.225 [reactor-http-nio-10] DEBUG o.s.c.c.StringDecoder - [1754e287] Decoded "data:{"name":"foo 0"}"
22:43:27.225 [reactor-http-nio-10] DEBUG o.s.c.c.StringDecoder - [1754e287] Decoded ""
22:43:27.225 [reactor-http-nio-10] DEBUG o.s.h.c.j.Jackson2JsonDecoder - [1754e287] Decoded [Person{name='foo 0'}]
22:43:27.326 [parallel-4] DEBUG o.s.h.c.j.Jackson2JsonEncoder - [7b7573d3] Encoding [Person{name='foo 1'}]
22:43:27.326 [parallel-4] DEBUG o.s.w.s.a.HttpWebHandlerAdapter - [7b7573d3] Completed 200 OK
22:43:27.327 [reactor-http-nio-10] DEBUG o.s.c.c.StringDecoder - [1754e287] Decoded "data:{"name":"foo 1"}"
22:43:27.327 [reactor-http-nio-10] DEBUG o.s.c.c.StringDecoder - [1754e287] Decoded ""
22:43:27.327 [reactor-http-nio-10] DEBUG o.s.h.c.j.Jackson2JsonDecoder - [1754e287] Decoded [Person{name='foo 1'}]
22:43:27.328 [Test worker] DEBUG o.s.h.s.r.b.TomcatHttpServer - Stopping TomcatHttpServer...
22:43:27.338 [Test worker] DEBUG o.s.h.s.r.b.TomcatHttpServer - Server stopped (0 millis).
22:43:27.349 [Test worker] DEBUG o.s.w.s.a.HttpWebHandlerAdapter - enableLoggingRequestDetails='false': form data and headers will be masked to prevent unsafe logging of potentially sensitive data
22:43:27.349 [Test worker] DEBUG o.s.h.s.r.b.TomcatHttpServer - Starting TomcatHttpServer...
22:43:27.354 [Test worker] DEBUG o.s.h.s.r.b.TomcatHttpServer - Server started on port 55015(0 millis).
22:43:27.354 [Test worker] DEBUG o.s.w.r.f.c.ExchangeFunctions - [3c07def0] HTTP GET http://localhost:55015/string
22:43:27.356 [http-nio-auto-140-exec-1] DEBUG o.s.w.s.a.HttpWebHandlerAdapter - [6c0a6cbc] HTTP GET "/string"
22:43:27.457 [reactor-http-nio-14] DEBUG o.s.w.r.f.c.ExchangeFunctions - [3c07def0] Response 200 OK
22:43:27.457 [reactor-http-nio-14] DEBUG o.s.c.c.StringDecoder - [3c07def0] Decoded "data:foo 0"
22:43:27.458 [reactor-http-nio-14] DEBUG o.s.c.c.StringDecoder - [3c07def0] Decoded ""
22:43:27.558 [parallel-5] DEBUG o.s.w.s.a.HttpWebHandlerAdapter - [6c0a6cbc] Completed 200 OK
22:43:27.559 [reactor-http-nio-14] DEBUG o.s.c.c.StringDecoder - [3c07def0] Decoded "data:foo 1"
22:43:27.559 [reactor-http-nio-14] DEBUG o.s.c.c.StringDecoder - [3c07def0] Decoded ""
22:43:27.560 [Test worker] DEBUG o.s.h.s.r.b.TomcatHttpServer - Stopping TomcatHttpServer...
22:43:27.569 [Test worker] DEBUG o.s.h.s.r.b.TomcatHttpServer - Server stopped (0 millis).
22:43:27.580 [Test worker] DEBUG o.s.w.s.a.HttpWebHandlerAdapter - enableLoggingRequestDetails='false': form data and headers will be masked to prevent unsafe logging of potentially sensitive data
22:43:27.580 [Test worker] DEBUG o.s.h.s.r.b.UndertowHttpServer - Starting UndertowHttpServer...
22:43:27.582 [Test worker] DEBUG o.s.h.s.r.b.UndertowHttpServer - Server started on port 55018(0 millis).
22:43:27.583 [Test worker] DEBUG o.s.w.r.f.c.ExchangeFunctions - [3583fe3d] HTTP GET http://localhost:55018/event
22:43:27.584 [XNIO-137 I/O-2] DEBUG o.s.w.s.a.HttpWebHandlerAdapter - [746a0b9] HTTP GET "/event"
22:43:27.686 [reactor-http-nio-2] DEBUG o.s.w.r.f.c.ExchangeFunctions - [3583fe3d] Response 200 OK
22:43:27.686 [reactor-http-nio-2] DEBUG o.s.c.c.StringDecoder - [3583fe3d] Decoded "id:0"
22:43:27.686 [reactor-http-nio-2] DEBUG o.s.c.c.StringDecoder - [3583fe3d] Decoded ":bar"
22:43:27.686 [reactor-http-nio-2] DEBUG o.s.c.c.StringDecoder - [3583fe3d] Decoded "data:foo"
22:43:27.686 [reactor-http-nio-2] DEBUG o.s.c.c.StringDecoder - [3583fe3d] Decoded ""
22:43:27.786 [XNIO-137 I/O-2] DEBUG o.s.w.s.a.HttpWebHandlerAdapter - [746a0b9] Completed 200 OK
22:43:27.786 [reactor-http-nio-2] DEBUG o.s.c.c.StringDecoder - [3583fe3d] Decoded "id:1"
22:43:27.786 [reactor-http-nio-2] DEBUG o.s.c.c.StringDecoder - [3583fe3d] Decoded ":bar"
22:43:27.786 [reactor-http-nio-2] DEBUG o.s.c.c.StringDecoder - [3583fe3d] Decoded "data:foo"
22:43:27.786 [reactor-http-nio-2] DEBUG o.s.c.c.StringDecoder - [3583fe3d] Decoded ""
22:43:27.787 [Test worker] DEBUG o.s.h.s.r.b.UndertowHttpServer - Stopping UndertowHttpServer...
22:43:27.787 [Test worker] DEBUG o.s.h.s.r.b.UndertowHttpServer - Server stopped (0 millis).
22:43:27.798 [Test worker] DEBUG o.s.w.s.a.HttpWebHandlerAdapter - enableLoggingRequestDetails='false': form data and headers will be masked to prevent unsafe logging of potentially sensitive data
22:43:27.798 [Test worker] DEBUG o.s.h.s.r.b.UndertowHttpServer - Starting UndertowHttpServer...
22:43:27.800 [Test worker] DEBUG o.s.h.s.r.b.UndertowHttpServer - Server started on port 55020(0 millis).
22:43:27.800 [Test worker] DEBUG o.s.w.r.f.c.ExchangeFunctions - [43496d2d] HTTP GET http://localhost:55020/person
22:43:27.801 [XNIO-138 I/O-2] DEBUG o.s.w.s.a.HttpWebHandlerAdapter - [6fa1946b] HTTP GET "/person"
22:43:27.903 [parallel-7] DEBUG o.s.h.c.j.Jackson2JsonEncoder - [6fa1946b] Encoding [Person{name='foo 0'}]
22:43:27.904 [reactor-http-nio-6] DEBUG o.s.w.r.f.c.ExchangeFunctions - [43496d2d] Response 200 OK
22:43:27.904 [reactor-http-nio-6] DEBUG o.s.c.c.StringDecoder - [43496d2d] Decoded "data:{"name":"foo 0"}"
22:43:27.904 [reactor-http-nio-6] DEBUG o.s.c.c.StringDecoder - [43496d2d] Decoded ""
22:43:27.904 [reactor-http-nio-6] DEBUG o.s.h.c.j.Jackson2JsonDecoder - [43496d2d] Decoded [Person{name='foo 0'}]
22:43:28.003 [parallel-7] DEBUG o.s.h.c.j.Jackson2JsonEncoder - [6fa1946b] Encoding [Person{name='foo 1'}]
22:43:28.003 [XNIO-138 I/O-2] DEBUG o.s.w.s.a.HttpWebHandlerAdapter - [6fa1946b] Completed 200 OK
22:43:28.004 [reactor-http-nio-6] DEBUG o.s.c.c.StringDecoder - [43496d2d] Decoded "data:{"name":"foo 1"}"
22:43:28.004 [reactor-http-nio-6] DEBUG o.s.c.c.StringDecoder - [43496d2d] Decoded ""
22:43:28.004 [reactor-http-nio-6] DEBUG o.s.h.c.j.Jackson2JsonDecoder - [43496d2d] Decoded [Person{name='foo 1'}]
22:43:28.004 [Test worker] DEBUG o.s.h.s.r.b.UndertowHttpServer - Stopping UndertowHttpServer...
22:43:28.005 [Test worker] DEBUG o.s.h.s.r.b.UndertowHttpServer - Server stopped (0 millis).
22:43:28.016 [Test worker] DEBUG o.s.w.s.a.HttpWebHandlerAdapter - enableLoggingRequestDetails='false': form data and headers will be masked to prevent unsafe logging of potentially sensitive data
22:43:28.016 [Test worker] DEBUG o.s.h.s.r.b.UndertowHttpServer - Starting UndertowHttpServer...
22:43:28.018 [Test worker] DEBUG o.s.h.s.r.b.UndertowHttpServer - Server started on port 55023(0 millis).
22:43:28.019 [Test worker] DEBUG o.s.w.r.f.c.ExchangeFunctions - [5b13f10c] HTTP GET http://localhost:55023/string
22:43:28.020 [XNIO-139 I/O-10] DEBUG o.s.w.s.a.HttpWebHandlerAdapter - [7a34bd87] HTTP GET "/string"
22:43:28.124 [reactor-http-nio-10] DEBUG o.s.w.r.f.c.ExchangeFunctions - [5b13f10c] Response 200 OK
22:43:28.125 [reactor-http-nio-10] DEBUG o.s.c.c.StringDecoder - [5b13f10c] Decoded "data:foo 0"
22:43:28.125 [reactor-http-nio-10] DEBUG o.s.c.c.StringDecoder - [5b13f10c] Decoded ""
22:43:28.221 [XNIO-139 I/O-10] DEBUG o.s.w.s.a.HttpWebHandlerAdapter - [7a34bd87] Completed 200 OK
22:43:28.222 [reactor-http-nio-10] DEBUG o.s.c.c.StringDecoder - [5b13f10c] Decoded "data:foo 1"
22:43:28.222 [reactor-http-nio-10] DEBUG o.s.c.c.StringDecoder - [5b13f10c] Decoded ""
22:43:28.222 [Test worker] DEBUG o.s.h.s.r.b.UndertowHttpServer - Stopping UndertowHttpServer...
22:43:28.222 [Test worker] DEBUG o.s.h.s.r.b.UndertowHttpServer - Server stopped (0 millis).
]]></system-out>
  <system-err><![CDATA[十一月 25, 2020 10:43:26 下午 org.apache.catalina.core.StandardService startInternal
信息: Starting service [Tomcat]
十一月 25, 2020 10:43:26 下午 org.apache.catalina.core.StandardEngine startInternal
信息: Starting Servlet engine: [Apache Tomcat/9.0.21]
十一月 25, 2020 10:43:26 下午 org.apache.coyote.AbstractProtocol init
信息: Initializing ProtocolHandler ["http-nio-auto-138"]
十一月 25, 2020 10:43:26 下午 org.apache.coyote.AbstractProtocol start
信息: Starting ProtocolHandler ["http-nio-auto-138-55009"]
十一月 25, 2020 10:43:27 下午 org.apache.coyote.AbstractProtocol pause
信息: Pausing ProtocolHandler ["http-nio-auto-138-55009"]
十一月 25, 2020 10:43:27 下午 org.apache.catalina.core.StandardService stopInternal
信息: Stopping service [Tomcat]
十一月 25, 2020 10:43:27 下午 org.apache.coyote.AbstractProtocol stop
信息: Stopping ProtocolHandler ["http-nio-auto-138-55009"]
十一月 25, 2020 10:43:27 下午 org.apache.coyote.AbstractProtocol destroy
信息: Destroying ProtocolHandler ["http-nio-auto-138-55009"]
十一月 25, 2020 10:43:27 下午 org.apache.catalina.core.StandardService startInternal
信息: Starting service [Tomcat]
十一月 25, 2020 10:43:27 下午 org.apache.catalina.core.StandardEngine startInternal
信息: Starting Servlet engine: [Apache Tomcat/9.0.21]
十一月 25, 2020 10:43:27 下午 org.apache.coyote.AbstractProtocol init
信息: Initializing ProtocolHandler ["http-nio-auto-139"]
十一月 25, 2020 10:43:27 下午 org.apache.coyote.AbstractProtocol start
信息: Starting ProtocolHandler ["http-nio-auto-139-55012"]
十一月 25, 2020 10:43:27 下午 org.apache.coyote.AbstractProtocol pause
信息: Pausing ProtocolHandler ["http-nio-auto-139-55012"]
十一月 25, 2020 10:43:27 下午 org.apache.catalina.core.StandardService stopInternal
信息: Stopping service [Tomcat]
十一月 25, 2020 10:43:27 下午 org.apache.coyote.AbstractProtocol stop
信息: Stopping ProtocolHandler ["http-nio-auto-139-55012"]
十一月 25, 2020 10:43:27 下午 org.apache.coyote.AbstractProtocol destroy
信息: Destroying ProtocolHandler ["http-nio-auto-139-55012"]
十一月 25, 2020 10:43:27 下午 org.apache.catalina.core.StandardService startInternal
信息: Starting service [Tomcat]
十一月 25, 2020 10:43:27 下午 org.apache.catalina.core.StandardEngine startInternal
信息: Starting Servlet engine: [Apache Tomcat/9.0.21]
十一月 25, 2020 10:43:27 下午 org.apache.coyote.AbstractProtocol init
信息: Initializing ProtocolHandler ["http-nio-auto-140"]
十一月 25, 2020 10:43:27 下午 org.apache.coyote.AbstractProtocol start
信息: Starting ProtocolHandler ["http-nio-auto-140-55015"]
十一月 25, 2020 10:43:27 下午 org.apache.coyote.AbstractProtocol pause
信息: Pausing ProtocolHandler ["http-nio-auto-140-55015"]
十一月 25, 2020 10:43:27 下午 org.apache.catalina.core.StandardService stopInternal
信息: Stopping service [Tomcat]
十一月 25, 2020 10:43:27 下午 org.apache.coyote.AbstractProtocol stop
信息: Stopping ProtocolHandler ["http-nio-auto-140-55015"]
十一月 25, 2020 10:43:27 下午 org.apache.coyote.AbstractProtocol destroy
信息: Destroying ProtocolHandler ["http-nio-auto-140-55015"]
]]></system-err>
</testsuite>
