<?xml version="1.0" encoding="UTF-8"?>
<testsuite name="org.springframework.web.reactive.function.client.DefaultClientResponseBuilderTests" tests="2" skipped="0" failures="0" errors="0" timestamp="2019-06-21T11:49:02" hostname="Macbook-Air.local" time="0.006">
  <properties/>
  <testcase name="normal" classname="org.springframework.web.reactive.function.client.DefaultClientResponseBuilderTests" time="0.002"/>
  <testcase name="from" classname="org.springframework.web.reactive.function.client.DefaultClientResponseBuilderTests" time="0.004"/>
  <system-out><![CDATA[19:49:02.644 [Test worker] DEBUG o.s.c.c.StringDecoder - Decoded "baz"
19:49:02.648 [Test worker] DEBUG o.s.c.c.StringDecoder - Decoded "baz"
]]></system-out>
  <system-err><![CDATA[]]></system-err>
</testsuite>
