<?xml version="1.0" encoding="UTF-8"?>
<testsuite name="org.springframework.web.reactive.function.server.ServerResponseExtensionsTests" tests="10" skipped="0" failures="0" errors="0" timestamp="2020-11-25T14:43:43" hostname="lichangbaodeMacBook-Pro.local" time="0.696">
  <properties/>
  <testcase name="renderAndAwait with a vararg parameter" classname="org.springframework.web.reactive.function.server.ServerResponseExtensionsTests" time="0.409"/>
  <testcase name="bodyAndAwait with object parameter" classname="org.springframework.web.reactive.function.server.ServerResponseExtensionsTests" time="0.008"/>
  <testcase name="renderAndAwait with a Map parameter" classname="org.springframework.web.reactive.function.server.ServerResponseExtensionsTests" time="0.137"/>
  <testcase name="bodyFlowAndAwait" classname="org.springframework.web.reactive.function.server.ServerResponseExtensionsTests" time="0.107"/>
  <testcase name="BodyBuilder#body with Publisher and reified type parameters" classname="org.springframework.web.reactive.function.server.ServerResponseExtensionsTests" time="0.011"/>
  <testcase name="BodyBuilder#sse" classname="org.springframework.web.reactive.function.server.ServerResponseExtensionsTests" time="0.003"/>
  <testcase name="BodyBuilder#xml" classname="org.springframework.web.reactive.function.server.ServerResponseExtensionsTests" time="0.002"/>
  <testcase name="await" classname="org.springframework.web.reactive.function.server.ServerResponseExtensionsTests" time="0.014"/>
  <testcase name="BodyBuilder#html" classname="org.springframework.web.reactive.function.server.ServerResponseExtensionsTests" time="0.002"/>
  <testcase name="BodyBuilder#json" classname="org.springframework.web.reactive.function.server.ServerResponseExtensionsTests" time="0.001"/>
  <system-out><![CDATA[]]></system-out>
  <system-err><![CDATA[]]></system-err>
</testsuite>
