<?xml version="1.0" encoding="UTF-8"?>
<testsuite name="org.springframework.web.reactive.result.method.annotation.ControllerMethodResolverTests" tests="5" skipped="0" failures="0" errors="0" timestamp="2020-11-25T14:42:44" hostname="lichangbaodeMacBook-Pro.local" time="0.053">
  <properties/>
  <testcase name="requestMappingArgumentResolvers" classname="org.springframework.web.reactive.result.method.annotation.ControllerMethodResolverTests" time="0.019"/>
  <testcase name="exceptionHandlerArgumentResolvers" classname="org.springframework.web.reactive.result.method.annotation.ControllerMethodResolverTests" time="0.009"/>
  <testcase name="initBinderArgumentResolvers" classname="org.springframework.web.reactive.result.method.annotation.ControllerMethodResolverTests" time="0.009"/>
  <testcase name="modelAttributeArgumentResolvers" classname="org.springframework.web.reactive.result.method.annotation.ControllerMethodResolverTests" time="0.008"/>
  <testcase name="exceptionHandlerFromControllerAdvice" classname="org.springframework.web.reactive.result.method.annotation.ControllerMethodResolverTests" time="0.008"/>
  <system-out><![CDATA[22:42:44.829 [Test worker] DEBUG o.s.w.r.r.m.a.ControllerMethodResolver - ControllerAdvice beans: 1 @ModelAttribute, 1 @InitBinder, 1 @ExceptionHandler
22:42:44.844 [Test worker] DEBUG o.s.w.r.r.m.a.ControllerMethodResolver - ControllerAdvice beans: 1 @ModelAttribute, 1 @InitBinder, 1 @ExceptionHandler
22:42:44.853 [Test worker] DEBUG o.s.w.r.r.m.a.ControllerMethodResolver - ControllerAdvice beans: 1 @ModelAttribute, 1 @InitBinder, 1 @ExceptionHandler
22:42:44.862 [Test worker] DEBUG o.s.w.r.r.m.a.ControllerMethodResolver - ControllerAdvice beans: 1 @ModelAttribute, 1 @InitBinder, 1 @ExceptionHandler
22:42:44.870 [Test worker] DEBUG o.s.w.r.r.m.a.ControllerMethodResolver - ControllerAdvice beans: 1 @ModelAttribute, 1 @InitBinder, 1 @ExceptionHandler
]]></system-out>
  <system-err><![CDATA[]]></system-err>
</testsuite>
