<?xml version="1.0" encoding="UTF-8"?>
<testsuite name="org.springframework.web.reactive.result.method.annotation.RequestMappingViewResolutionIntegrationTests" tests="12" skipped="0" failures="0" errors="0" timestamp="2020-11-25T14:42:35" hostname="lichangbaodeMacBook-Pro.local" time="1.018">
  <properties/>
  <testcase name="redirect[server [org.springframework.http.server.reactive.bootstrap.JettyHttpServer@4c333cc4]]" classname="org.springframework.web.reactive.result.method.annotation.RequestMappingViewResolutionIntegrationTests" time="0.102"/>
  <testcase name="html[server [org.springframework.http.server.reactive.bootstrap.JettyHttpServer@4c333cc4]]" classname="org.springframework.web.reactive.result.method.annotation.RequestMappingViewResolutionIntegrationTests" time="0.08"/>
  <testcase name="etagCheckWithNotModifiedResponse[server [org.springframework.http.server.reactive.bootstrap.JettyHttpServer@4c333cc4]]" classname="org.springframework.web.reactive.result.method.annotation.RequestMappingViewResolutionIntegrationTests" time="0.071"/>
  <testcase name="redirect[server [org.springframework.http.server.reactive.bootstrap.ReactorHttpServer@15f5993c]]" classname="org.springframework.web.reactive.result.method.annotation.RequestMappingViewResolutionIntegrationTests" time="0.081"/>
  <testcase name="html[server [org.springframework.http.server.reactive.bootstrap.ReactorHttpServer@15f5993c]]" classname="org.springframework.web.reactive.result.method.annotation.RequestMappingViewResolutionIntegrationTests" time="0.08"/>
  <testcase name="etagCheckWithNotModifiedResponse[server [org.springframework.http.server.reactive.bootstrap.ReactorHttpServer@15f5993c]]" classname="org.springframework.web.reactive.result.method.annotation.RequestMappingViewResolutionIntegrationTests" time="0.07"/>
  <testcase name="redirect[server [org.springframework.http.server.reactive.bootstrap.TomcatHttpServer@5d421b8]]" classname="org.springframework.web.reactive.result.method.annotation.RequestMappingViewResolutionIntegrationTests" time="0.099"/>
  <testcase name="html[server [org.springframework.http.server.reactive.bootstrap.TomcatHttpServer@5d421b8]]" classname="org.springframework.web.reactive.result.method.annotation.RequestMappingViewResolutionIntegrationTests" time="0.099"/>
  <testcase name="etagCheckWithNotModifiedResponse[server [org.springframework.http.server.reactive.bootstrap.TomcatHttpServer@5d421b8]]" classname="org.springframework.web.reactive.result.method.annotation.RequestMappingViewResolutionIntegrationTests" time="0.094"/>
  <testcase name="redirect[server [org.springframework.http.server.reactive.bootstrap.UndertowHttpServer@27a6f1d6]]" classname="org.springframework.web.reactive.result.method.annotation.RequestMappingViewResolutionIntegrationTests" time="0.092"/>
  <testcase name="html[server [org.springframework.http.server.reactive.bootstrap.UndertowHttpServer@27a6f1d6]]" classname="org.springframework.web.reactive.result.method.annotation.RequestMappingViewResolutionIntegrationTests" time="0.078"/>
  <testcase name="etagCheckWithNotModifiedResponse[server [org.springframework.http.server.reactive.bootstrap.UndertowHttpServer@27a6f1d6]]" classname="org.springframework.web.reactive.result.method.annotation.RequestMappingViewResolutionIntegrationTests" time="0.072"/>
  <system-out><![CDATA[22:42:35.418 [Test worker] DEBUG o.s.w.r.r.m.a.RequestMappingHandlerMapping - 2 mappings in 'requestMappingHandlerMapping'
22:42:35.434 [Test worker] DEBUG o.s.w.r.r.m.a.ControllerMethodResolver - ControllerAdvice beans: none
22:42:35.455 [Test worker] DEBUG o.s.w.r.r.v.f.FreeMarkerConfigurer - File system access not preferred: using SpringTemplateLoader
22:42:35.460 [Test worker] DEBUG o.s.w.s.a.HttpWebHandlerAdapter - enableLoggingRequestDetails='false': form data and headers will be masked to prevent unsafe logging of potentially sensitive data
22:42:35.460 [Test worker] WARN  o.e.j.s.h.ContextHandler - Empty contextPath
22:42:35.460 [Test worker] INFO  o.e.j.s.h.ContextHandler - Started o.e.j.s.ServletContextHandler@4fe02e92{/,null,AVAILABLE}
22:42:35.461 [Test worker] DEBUG o.s.h.s.r.b.JettyHttpServer - Starting JettyHttpServer...
22:42:35.461 [Test worker] INFO  o.e.j.s.Server - jetty-9.4.18.v20190429; built: 2019-04-29T20:42:08.989Z; git: e1bc35120a6617ee3df052294e433f3a25ce7097; jvm 1.8.0_211-b12
22:42:35.463 [Test worker] INFO  o.e.j.s.AbstractConnector - Started ServerConnector@4de0a11f{HTTP/1.1,[http/1.1]}{0.0.0.0:53830}
22:42:35.463 [Test worker] INFO  o.e.j.s.Server - Started @27889ms
22:42:35.463 [Test worker] DEBUG o.s.h.s.r.b.JettyHttpServer - Server started on port 53830(0 millis).
22:42:35.473 [Test worker] DEBUG o.s.w.c.RestTemplate - HTTP GET http://localhost:53830/redirect
22:42:35.483 [parallel-12] DEBUG o.s.h.c.j.Jackson2JsonEncoder - [3c8d5b5d] Encoding [Person{name='foo 2'}]
22:42:35.483 [Test worker] DEBUG o.s.w.c.RestTemplate - Accept=[application/json, application/x-jackson-smile, application/*+json]
22:42:35.485 [qtp1876402637-1037] DEBUG o.s.w.s.a.HttpWebHandlerAdapter - [55743019] HTTP GET "/redirect"
22:42:35.485 [qtp1876402637-1037] DEBUG o.s.w.r.r.m.a.RequestMappingHandlerMapping - [55743019] Mapped to org.springframework.web.reactive.result.method.annotation.RequestMappingViewResolutionIntegrationTests$TestController#redirect()
22:42:35.486 [qtp1876402637-1037] DEBUG o.s.w.r.r.v.RedirectView - [55743019] View name 'redirect:/', model {}
22:42:35.486 [qtp1876402637-1037] DEBUG o.s.w.s.a.HttpWebHandlerAdapter - [55743019] Completed 303 SEE_OTHER
22:42:35.486 [Test worker] DEBUG o.s.w.c.RestTemplate - Response 303 SEE_OTHER
22:42:35.486 [Test worker] DEBUG o.s.h.s.r.b.JettyHttpServer - Stopping JettyHttpServer...
22:42:35.486 [Test worker] INFO  o.e.j.s.h.ContextHandler - Stopped o.e.j.s.ServletContextHandler@4fe02e92{/,null,UNAVAILABLE}
22:42:35.487 [Test worker] INFO  o.e.j.s.AbstractConnector - Stopped ServerConnector@4de0a11f{HTTP/1.1,[http/1.1]}{0.0.0.0:0}
22:42:35.488 [Test worker] DEBUG o.s.h.s.r.b.JettyHttpServer - Server stopped (0 millis).
22:42:35.518 [Test worker] DEBUG o.s.w.r.r.m.a.RequestMappingHandlerMapping - 2 mappings in 'requestMappingHandlerMapping'
22:42:35.533 [Test worker] DEBUG o.s.w.r.r.m.a.ControllerMethodResolver - ControllerAdvice beans: none
22:42:35.552 [Test worker] DEBUG o.s.w.r.r.v.f.FreeMarkerConfigurer - File system access not preferred: using SpringTemplateLoader
22:42:35.557 [Test worker] DEBUG o.s.w.s.a.HttpWebHandlerAdapter - enableLoggingRequestDetails='false': form data and headers will be masked to prevent unsafe logging of potentially sensitive data
22:42:35.557 [Test worker] WARN  o.e.j.s.h.ContextHandler - Empty contextPath
22:42:35.557 [Test worker] INFO  o.e.j.s.h.ContextHandler - Started o.e.j.s.ServletContextHandler@578e83bc{/,null,AVAILABLE}
22:42:35.557 [Test worker] DEBUG o.s.h.s.r.b.JettyHttpServer - Starting JettyHttpServer...
22:42:35.557 [Test worker] INFO  o.e.j.s.Server - jetty-9.4.18.v20190429; built: 2019-04-29T20:42:08.989Z; git: e1bc35120a6617ee3df052294e433f3a25ce7097; jvm 1.8.0_211-b12
22:42:35.559 [Test worker] INFO  o.e.j.s.AbstractConnector - Started ServerConnector@50cbcada{HTTP/1.1,[http/1.1]}{0.0.0.0:53832}
22:42:35.559 [Test worker] INFO  o.e.j.s.Server - Started @27985ms
22:42:35.559 [Test worker] DEBUG o.s.h.s.r.b.JettyHttpServer - Server started on port 53832(0 millis).
22:42:35.559 [Test worker] DEBUG o.s.w.c.RestTemplate - HTTP GET http://localhost:53832/html?name=Jason
22:42:35.559 [Test worker] DEBUG o.s.w.c.RestTemplate - Accept=[text/plain, application/json, application/x-jackson-smile, application/*+json, */*]
22:42:35.560 [qtp1241775048-1052] DEBUG o.s.w.s.a.HttpWebHandlerAdapter - [10704d31] HTTP GET "/html?name=Jason"
22:42:35.560 [qtp1241775048-1052] DEBUG o.s.w.r.r.m.a.RequestMappingHandlerMapping - [10704d31] Mapped to org.springframework.web.reactive.result.method.annotation.RequestMappingViewResolutionIntegrationTests$TestController#getHtmlPage(Optional, Model, ServerWebExchange)
22:42:35.565 [qtp1241775048-1052] DEBUG o.s.w.r.r.v.ViewResolutionResultHandler - Using 'text/html;charset=UTF-8' given [text/html] and supported [text/html;charset=UTF-8]
22:42:35.565 [qtp1241775048-1052] DEBUG o.s.w.r.r.v.f.FreeMarkerView - [10704d31] View name 'test', model {hello=Hello: Jason!}
22:42:35.565 [qtp1241775048-1052] DEBUG o.s.w.r.r.v.f.FreeMarkerView - [10704d31] Rendering [test.ftl]
22:42:35.566 [qtp1241775048-1052] DEBUG o.s.w.s.a.HttpWebHandlerAdapter - [10704d31] Completed 200 OK
22:42:35.566 [Test worker] DEBUG o.s.w.c.RestTemplate - Response 200 OK
22:42:35.566 [Test worker] DEBUG o.s.w.c.RestTemplate - Reading to [java.lang.String] as "text/html;charset=utf-8"
22:42:35.566 [Test worker] DEBUG o.s.h.s.r.b.JettyHttpServer - Stopping JettyHttpServer...
22:42:35.566 [Test worker] INFO  o.e.j.s.h.ContextHandler - Stopped o.e.j.s.ServletContextHandler@578e83bc{/,null,UNAVAILABLE}
22:42:35.567 [Test worker] INFO  o.e.j.s.AbstractConnector - Stopped ServerConnector@50cbcada{HTTP/1.1,[http/1.1]}{0.0.0.0:0}
22:42:35.568 [Test worker] DEBUG o.s.h.s.r.b.JettyHttpServer - Server stopped (0 millis).
22:42:35.595 [Test worker] DEBUG o.s.w.r.r.m.a.RequestMappingHandlerMapping - 2 mappings in 'requestMappingHandlerMapping'
22:42:35.610 [Test worker] DEBUG o.s.w.r.r.m.a.ControllerMethodResolver - ControllerAdvice beans: none
22:42:35.629 [Test worker] DEBUG o.s.w.r.r.v.f.FreeMarkerConfigurer - File system access not preferred: using SpringTemplateLoader
22:42:35.634 [Test worker] DEBUG o.s.w.s.a.HttpWebHandlerAdapter - enableLoggingRequestDetails='false': form data and headers will be masked to prevent unsafe logging of potentially sensitive data
22:42:35.634 [Test worker] WARN  o.e.j.s.h.ContextHandler - Empty contextPath
22:42:35.634 [Test worker] INFO  o.e.j.s.h.ContextHandler - Started o.e.j.s.ServletContextHandler@19002c96{/,null,AVAILABLE}
22:42:35.635 [Test worker] DEBUG o.s.h.s.r.b.JettyHttpServer - Starting JettyHttpServer...
22:42:35.635 [Test worker] INFO  o.e.j.s.Server - jetty-9.4.18.v20190429; built: 2019-04-29T20:42:08.989Z; git: e1bc35120a6617ee3df052294e433f3a25ce7097; jvm 1.8.0_211-b12
22:42:35.636 [Test worker] INFO  o.e.j.s.AbstractConnector - Started ServerConnector@286ec51b{HTTP/1.1,[http/1.1]}{0.0.0.0:53834}
22:42:35.636 [Test worker] INFO  o.e.j.s.Server - Started @28062ms
22:42:35.636 [Test worker] DEBUG o.s.h.s.r.b.JettyHttpServer - Server started on port 53834(0 millis).
22:42:35.636 [Test worker] DEBUG o.s.w.c.RestTemplate - HTTP GET http://localhost:53834/html
22:42:35.636 [Test worker] DEBUG o.s.w.c.RestTemplate - Accept=[text/plain, application/json, application/x-jackson-smile, application/*+json, */*]
22:42:35.637 [qtp1262875138-1065] DEBUG o.s.w.s.a.HttpWebHandlerAdapter - [4923817e] HTTP GET "/html"
22:42:35.638 [qtp1262875138-1065] DEBUG o.s.w.r.r.m.a.RequestMappingHandlerMapping - [4923817e] Mapped to org.springframework.web.reactive.result.method.annotation.RequestMappingViewResolutionIntegrationTests$TestController#getHtmlPage(Optional, Model, ServerWebExchange)
22:42:35.638 [qtp1262875138-1065] DEBUG o.s.w.s.a.HttpWebHandlerAdapter - [4923817e] Completed 304 NOT_MODIFIED
22:42:35.639 [Test worker] DEBUG o.s.w.c.RestTemplate - Response 304 NOT_MODIFIED
22:42:35.639 [Test worker] DEBUG o.s.h.s.r.b.JettyHttpServer - Stopping JettyHttpServer...
22:42:35.639 [Test worker] INFO  o.e.j.s.h.ContextHandler - Stopped o.e.j.s.ServletContextHandler@19002c96{/,null,UNAVAILABLE}
22:42:35.639 [Test worker] INFO  o.e.j.s.AbstractConnector - Stopped ServerConnector@286ec51b{HTTP/1.1,[http/1.1]}{0.0.0.0:0}
22:42:35.640 [Test worker] DEBUG o.s.h.s.r.b.JettyHttpServer - Server stopped (0 millis).
22:42:35.669 [Test worker] DEBUG o.s.w.r.r.m.a.RequestMappingHandlerMapping - 2 mappings in 'requestMappingHandlerMapping'
22:42:35.684 [Test worker] DEBUG o.s.w.r.r.m.a.ControllerMethodResolver - ControllerAdvice beans: none
22:42:35.704 [Test worker] DEBUG o.s.w.r.r.v.f.FreeMarkerConfigurer - File system access not preferred: using SpringTemplateLoader
22:42:35.708 [Test worker] DEBUG o.s.w.s.a.HttpWebHandlerAdapter - enableLoggingRequestDetails='false': form data and headers will be masked to prevent unsafe logging of potentially sensitive data
22:42:35.708 [Test worker] DEBUG o.s.h.s.r.b.ReactorHttpServer - Starting ReactorHttpServer...
22:42:35.709 [Test worker] DEBUG o.s.h.s.r.b.ReactorHttpServer - Server started on port 53837(0 millis).
22:42:35.718 [Test worker] DEBUG o.s.w.c.RestTemplate - HTTP GET http://localhost:53837/redirect
22:42:35.718 [Test worker] DEBUG o.s.w.c.RestTemplate - Accept=[application/json, application/x-jackson-smile, application/*+json]
22:42:35.719 [reactor-http-nio-12] DEBUG o.s.w.s.a.HttpWebHandlerAdapter - [265d0ba4] HTTP GET "/redirect"
22:42:35.719 [reactor-http-nio-12] DEBUG o.s.w.r.r.m.a.RequestMappingHandlerMapping - [265d0ba4] Mapped to org.springframework.web.reactive.result.method.annotation.RequestMappingViewResolutionIntegrationTests$TestController#redirect()
22:42:35.720 [reactor-http-nio-12] DEBUG o.s.w.r.r.v.RedirectView - [265d0ba4] View name 'redirect:/', model {}
22:42:35.720 [reactor-http-nio-12] DEBUG o.s.w.s.a.HttpWebHandlerAdapter - [265d0ba4] Completed 303 SEE_OTHER
22:42:35.720 [Test worker] DEBUG o.s.w.c.RestTemplate - Response 303 SEE_OTHER
22:42:35.720 [Test worker] DEBUG o.s.h.s.r.b.ReactorHttpServer - Stopping ReactorHttpServer...
22:42:35.720 [Test worker] DEBUG o.s.h.s.r.b.ReactorHttpServer - Server stopped (0 millis).
22:42:35.755 [Test worker] DEBUG o.s.w.r.r.m.a.RequestMappingHandlerMapping - 2 mappings in 'requestMappingHandlerMapping'
22:42:35.771 [Test worker] DEBUG o.s.w.r.r.m.a.ControllerMethodResolver - ControllerAdvice beans: none
22:42:35.790 [Test worker] DEBUG o.s.w.r.r.v.f.FreeMarkerConfigurer - File system access not preferred: using SpringTemplateLoader
22:42:35.794 [Test worker] DEBUG o.s.w.s.a.HttpWebHandlerAdapter - enableLoggingRequestDetails='false': form data and headers will be masked to prevent unsafe logging of potentially sensitive data
22:42:35.794 [Test worker] DEBUG o.s.h.s.r.b.ReactorHttpServer - Starting ReactorHttpServer...
22:42:35.795 [Test worker] DEBUG o.s.h.s.r.b.ReactorHttpServer - Server started on port 53841(0 millis).
22:42:35.795 [Test worker] DEBUG o.s.w.c.RestTemplate - HTTP GET http://localhost:53841/html?name=Jason
22:42:35.795 [Test worker] DEBUG o.s.w.c.RestTemplate - Accept=[text/plain, application/json, application/x-jackson-smile, application/*+json, */*]
22:42:35.796 [reactor-http-nio-14] DEBUG o.s.w.s.a.HttpWebHandlerAdapter - [dd630888] HTTP GET "/html?name=Jason"
22:42:35.796 [reactor-http-nio-14] DEBUG o.s.w.r.r.m.a.RequestMappingHandlerMapping - [dd630888] Mapped to org.springframework.web.reactive.result.method.annotation.RequestMappingViewResolutionIntegrationTests$TestController#getHtmlPage(Optional, Model, ServerWebExchange)
22:42:35.799 [reactor-http-nio-14] DEBUG o.s.w.r.r.v.ViewResolutionResultHandler - Using 'text/html;charset=UTF-8' given [text/html] and supported [text/html;charset=UTF-8]
22:42:35.799 [reactor-http-nio-14] DEBUG o.s.w.r.r.v.f.FreeMarkerView - [dd630888] View name 'test', model {hello=Hello: Jason!}
22:42:35.799 [reactor-http-nio-14] DEBUG o.s.w.r.r.v.f.FreeMarkerView - [dd630888] Rendering [test.ftl]
22:42:35.799 [Test worker] DEBUG o.s.w.c.RestTemplate - Response 200 OK
22:42:35.800 [Test worker] DEBUG o.s.w.c.RestTemplate - Reading to [java.lang.String] as "text/html;charset=UTF-8"
22:42:35.800 [Test worker] DEBUG o.s.h.s.r.b.ReactorHttpServer - Stopping ReactorHttpServer...
22:42:35.800 [Test worker] DEBUG o.s.h.s.r.b.ReactorHttpServer - Server stopped (0 millis).
22:42:35.828 [Test worker] DEBUG o.s.w.r.r.m.a.RequestMappingHandlerMapping - 2 mappings in 'requestMappingHandlerMapping'
22:42:35.843 [Test worker] DEBUG o.s.w.r.r.m.a.ControllerMethodResolver - ControllerAdvice beans: none
22:42:35.863 [Test worker] DEBUG o.s.w.r.r.v.f.FreeMarkerConfigurer - File system access not preferred: using SpringTemplateLoader
22:42:35.867 [Test worker] DEBUG o.s.w.s.a.HttpWebHandlerAdapter - enableLoggingRequestDetails='false': form data and headers will be masked to prevent unsafe logging of potentially sensitive data
22:42:35.867 [Test worker] DEBUG o.s.h.s.r.b.ReactorHttpServer - Starting ReactorHttpServer...
22:42:35.868 [Test worker] DEBUG o.s.h.s.r.b.ReactorHttpServer - Server started on port 53843(0 millis).
22:42:35.868 [Test worker] DEBUG o.s.w.c.RestTemplate - HTTP GET http://localhost:53843/html
22:42:35.868 [Test worker] DEBUG o.s.w.c.RestTemplate - Accept=[text/plain, application/json, application/x-jackson-smile, application/*+json, */*]
22:42:35.869 [reactor-http-nio-16] DEBUG o.s.w.s.a.HttpWebHandlerAdapter - [7754a3aa] HTTP GET "/html"
22:42:35.869 [reactor-http-nio-16] DEBUG o.s.w.r.r.m.a.RequestMappingHandlerMapping - [7754a3aa] Mapped to org.springframework.web.reactive.result.method.annotation.RequestMappingViewResolutionIntegrationTests$TestController#getHtmlPage(Optional, Model, ServerWebExchange)
22:42:35.869 [reactor-http-nio-16] DEBUG o.s.w.s.a.HttpWebHandlerAdapter - [7754a3aa] Completed 304 NOT_MODIFIED
22:42:35.870 [Test worker] DEBUG o.s.w.c.RestTemplate - Response 304 NOT_MODIFIED
22:42:35.870 [Test worker] DEBUG o.s.h.s.r.b.ReactorHttpServer - Stopping ReactorHttpServer...
22:42:35.870 [Test worker] DEBUG o.s.h.s.r.b.ReactorHttpServer - Server stopped (0 millis).
22:42:35.898 [Test worker] DEBUG o.s.w.r.r.m.a.RequestMappingHandlerMapping - 2 mappings in 'requestMappingHandlerMapping'
22:42:35.913 [Test worker] DEBUG o.s.w.r.r.m.a.ControllerMethodResolver - ControllerAdvice beans: none
22:42:35.932 [Test worker] DEBUG o.s.w.r.r.v.f.FreeMarkerConfigurer - File system access not preferred: using SpringTemplateLoader
22:42:35.936 [Test worker] DEBUG o.s.w.s.a.HttpWebHandlerAdapter - enableLoggingRequestDetails='false': form data and headers will be masked to prevent unsafe logging of potentially sensitive data
22:42:35.936 [Test worker] DEBUG o.s.h.s.r.b.TomcatHttpServer - Starting TomcatHttpServer...
22:42:35.942 [Test worker] DEBUG o.s.h.s.r.b.TomcatHttpServer - Server started on port 53845(0 millis).
22:42:35.955 [Test worker] DEBUG o.s.w.c.RestTemplate - HTTP GET http://localhost:53845/redirect
22:42:35.955 [Test worker] DEBUG o.s.w.c.RestTemplate - Accept=[application/json, application/x-jackson-smile, application/*+json]
22:42:35.957 [http-nio-auto-22-exec-1] DEBUG o.s.w.s.a.HttpWebHandlerAdapter - [1c2844c3] HTTP GET "/redirect"
22:42:35.957 [http-nio-auto-22-exec-1] DEBUG o.s.w.r.r.m.a.RequestMappingHandlerMapping - [1c2844c3] Mapped to org.springframework.web.reactive.result.method.annotation.RequestMappingViewResolutionIntegrationTests$TestController#redirect()
22:42:35.958 [http-nio-auto-22-exec-1] DEBUG o.s.w.r.r.v.RedirectView - [1c2844c3] View name 'redirect:/', model {}
22:42:35.958 [http-nio-auto-22-exec-1] DEBUG o.s.w.s.a.HttpWebHandlerAdapter - [1c2844c3] Completed 303 SEE_OTHER
22:42:35.958 [Test worker] DEBUG o.s.w.c.RestTemplate - Response 303 SEE_OTHER
22:42:35.958 [Test worker] DEBUG o.s.h.s.r.b.TomcatHttpServer - Stopping TomcatHttpServer...
22:42:35.969 [Test worker] DEBUG o.s.h.s.r.b.TomcatHttpServer - Server stopped (0 millis).
22:42:36.007 [Test worker] DEBUG o.s.w.r.r.m.a.RequestMappingHandlerMapping - 2 mappings in 'requestMappingHandlerMapping'
22:42:36.023 [Test worker] DEBUG o.s.w.r.r.m.a.ControllerMethodResolver - ControllerAdvice beans: none
22:42:36.042 [Test worker] DEBUG o.s.w.r.r.v.f.FreeMarkerConfigurer - File system access not preferred: using SpringTemplateLoader
22:42:36.046 [Test worker] DEBUG o.s.w.s.a.HttpWebHandlerAdapter - enableLoggingRequestDetails='false': form data and headers will be masked to prevent unsafe logging of potentially sensitive data
22:42:36.046 [Test worker] DEBUG o.s.h.s.r.b.TomcatHttpServer - Starting TomcatHttpServer...
22:42:36.051 [Test worker] DEBUG o.s.h.s.r.b.TomcatHttpServer - Server started on port 53848(0 millis).
22:42:36.051 [Test worker] DEBUG o.s.w.c.RestTemplate - HTTP GET http://localhost:53848/html?name=Jason
22:42:36.051 [Test worker] DEBUG o.s.w.c.RestTemplate - Accept=[text/plain, application/json, application/x-jackson-smile, application/*+json, */*]
22:42:36.053 [http-nio-auto-23-exec-1] DEBUG o.s.w.s.a.HttpWebHandlerAdapter - [7fb11e1f] HTTP GET "/html?name=Jason"
22:42:36.053 [http-nio-auto-23-exec-1] DEBUG o.s.w.r.r.m.a.RequestMappingHandlerMapping - [7fb11e1f] Mapped to org.springframework.web.reactive.result.method.annotation.RequestMappingViewResolutionIntegrationTests$TestController#getHtmlPage(Optional, Model, ServerWebExchange)
22:42:36.056 [http-nio-auto-23-exec-1] DEBUG o.s.w.r.r.v.ViewResolutionResultHandler - Using 'text/html;charset=UTF-8' given [text/html] and supported [text/html;charset=UTF-8]
22:42:36.056 [http-nio-auto-23-exec-1] DEBUG o.s.w.r.r.v.f.FreeMarkerView - [7fb11e1f] View name 'test', model {hello=Hello: Jason!}
22:42:36.056 [http-nio-auto-23-exec-1] DEBUG o.s.w.r.r.v.f.FreeMarkerView - [7fb11e1f] Rendering [test.ftl]
22:42:36.057 [http-nio-auto-23-exec-1] DEBUG o.s.w.s.a.HttpWebHandlerAdapter - [7fb11e1f] Completed 200 OK
22:42:36.057 [Test worker] DEBUG o.s.w.c.RestTemplate - Response 200 OK
22:42:36.057 [Test worker] DEBUG o.s.w.c.RestTemplate - Reading to [java.lang.String] as "text/html;charset=UTF-8"
22:42:36.057 [Test worker] DEBUG o.s.h.s.r.b.TomcatHttpServer - Stopping TomcatHttpServer...
22:42:36.068 [Test worker] DEBUG o.s.h.s.r.b.TomcatHttpServer - Server stopped (0 millis).
22:42:36.104 [Test worker] DEBUG o.s.w.r.r.m.a.RequestMappingHandlerMapping - 2 mappings in 'requestMappingHandlerMapping'
22:42:36.119 [Test worker] DEBUG o.s.w.r.r.m.a.ControllerMethodResolver - ControllerAdvice beans: none
22:42:36.138 [Test worker] DEBUG o.s.w.r.r.v.f.FreeMarkerConfigurer - File system access not preferred: using SpringTemplateLoader
22:42:36.142 [Test worker] DEBUG o.s.w.s.a.HttpWebHandlerAdapter - enableLoggingRequestDetails='false': form data and headers will be masked to prevent unsafe logging of potentially sensitive data
22:42:36.143 [Test worker] DEBUG o.s.h.s.r.b.TomcatHttpServer - Starting TomcatHttpServer...
22:42:36.147 [Test worker] DEBUG o.s.h.s.r.b.TomcatHttpServer - Server started on port 53851(0 millis).
22:42:36.147 [Test worker] DEBUG o.s.w.c.RestTemplate - HTTP GET http://localhost:53851/html
22:42:36.147 [Test worker] DEBUG o.s.w.c.RestTemplate - Accept=[text/plain, application/json, application/x-jackson-smile, application/*+json, */*]
22:42:36.148 [http-nio-auto-24-exec-1] DEBUG o.s.w.s.a.HttpWebHandlerAdapter - [7f012aad] HTTP GET "/html"
22:42:36.149 [http-nio-auto-24-exec-1] DEBUG o.s.w.r.r.m.a.RequestMappingHandlerMapping - [7f012aad] Mapped to org.springframework.web.reactive.result.method.annotation.RequestMappingViewResolutionIntegrationTests$TestController#getHtmlPage(Optional, Model, ServerWebExchange)
22:42:36.149 [http-nio-auto-24-exec-1] DEBUG o.s.w.s.a.HttpWebHandlerAdapter - [7f012aad] Completed 304 NOT_MODIFIED
22:42:36.149 [Test worker] DEBUG o.s.w.c.RestTemplate - Response 304 NOT_MODIFIED
22:42:36.149 [Test worker] DEBUG o.s.h.s.r.b.TomcatHttpServer - Stopping TomcatHttpServer...
22:42:36.162 [Test worker] DEBUG o.s.h.s.r.b.TomcatHttpServer - Server stopped (0 millis).
22:42:36.200 [Test worker] DEBUG o.s.w.r.r.m.a.RequestMappingHandlerMapping - 2 mappings in 'requestMappingHandlerMapping'
22:42:36.216 [Test worker] DEBUG o.s.w.r.r.m.a.ControllerMethodResolver - ControllerAdvice beans: none
22:42:36.235 [Test worker] DEBUG o.s.w.r.r.v.f.FreeMarkerConfigurer - File system access not preferred: using SpringTemplateLoader
22:42:36.239 [Test worker] DEBUG o.s.w.s.a.HttpWebHandlerAdapter - enableLoggingRequestDetails='false': form data and headers will be masked to prevent unsafe logging of potentially sensitive data
22:42:36.239 [Test worker] DEBUG o.s.h.s.r.b.UndertowHttpServer - Starting UndertowHttpServer...
22:42:36.242 [Test worker] DEBUG o.s.h.s.r.b.UndertowHttpServer - Server started on port 53854(0 millis).
22:42:36.251 [Test worker] DEBUG o.s.w.c.RestTemplate - HTTP GET http://localhost:53854/redirect
22:42:36.251 [Test worker] DEBUG o.s.w.c.RestTemplate - Accept=[application/json, application/x-jackson-smile, application/*+json]
22:42:36.252 [XNIO-22 I/O-2] DEBUG o.s.w.s.a.HttpWebHandlerAdapter - [1e8e5bcd] HTTP GET "/redirect"
22:42:36.252 [XNIO-22 I/O-2] DEBUG o.s.w.r.r.m.a.RequestMappingHandlerMapping - [1e8e5bcd] Mapped to org.springframework.web.reactive.result.method.annotation.RequestMappingViewResolutionIntegrationTests$TestController#redirect()
22:42:36.253 [XNIO-22 I/O-2] DEBUG o.s.w.r.r.v.RedirectView - [1e8e5bcd] View name 'redirect:/', model {}
22:42:36.253 [XNIO-22 I/O-2] DEBUG o.s.w.s.a.HttpWebHandlerAdapter - [1e8e5bcd] Completed 303 SEE_OTHER
22:42:36.254 [Test worker] DEBUG o.s.w.c.RestTemplate - Response 303 SEE_OTHER
22:42:36.254 [Test worker] DEBUG o.s.h.s.r.b.UndertowHttpServer - Stopping UndertowHttpServer...
22:42:36.254 [Test worker] DEBUG o.s.h.s.r.b.UndertowHttpServer - Server stopped (0 millis).
22:42:36.285 [Test worker] DEBUG o.s.w.r.r.m.a.RequestMappingHandlerMapping - 2 mappings in 'requestMappingHandlerMapping'
22:42:36.300 [Test worker] DEBUG o.s.w.r.r.m.a.ControllerMethodResolver - ControllerAdvice beans: none
22:42:36.319 [Test worker] DEBUG o.s.w.r.r.v.f.FreeMarkerConfigurer - File system access not preferred: using SpringTemplateLoader
22:42:36.324 [Test worker] DEBUG o.s.w.s.a.HttpWebHandlerAdapter - enableLoggingRequestDetails='false': form data and headers will be masked to prevent unsafe logging of potentially sensitive data
22:42:36.324 [Test worker] DEBUG o.s.h.s.r.b.UndertowHttpServer - Starting UndertowHttpServer...
22:42:36.326 [Test worker] DEBUG o.s.h.s.r.b.UndertowHttpServer - Server started on port 53856(0 millis).
22:42:36.326 [Test worker] DEBUG o.s.w.c.RestTemplate - HTTP GET http://localhost:53856/html?name=Jason
22:42:36.327 [Test worker] DEBUG o.s.w.c.RestTemplate - Accept=[text/plain, application/json, application/x-jackson-smile, application/*+json, */*]
22:42:36.328 [XNIO-23 I/O-2] DEBUG o.s.w.s.a.HttpWebHandlerAdapter - [1f508e51] HTTP GET "/html?name=Jason"
22:42:36.328 [XNIO-23 I/O-2] DEBUG o.s.w.r.r.m.a.RequestMappingHandlerMapping - [1f508e51] Mapped to org.springframework.web.reactive.result.method.annotation.RequestMappingViewResolutionIntegrationTests$TestController#getHtmlPage(Optional, Model, ServerWebExchange)
22:42:36.331 [XNIO-23 I/O-2] DEBUG o.s.w.r.r.v.ViewResolutionResultHandler - Using 'text/html;charset=UTF-8' given [text/html] and supported [text/html;charset=UTF-8]
22:42:36.331 [XNIO-23 I/O-2] DEBUG o.s.w.r.r.v.f.FreeMarkerView - [1f508e51] View name 'test', model {hello=Hello: Jason!}
22:42:36.331 [XNIO-23 I/O-2] DEBUG o.s.w.r.r.v.f.FreeMarkerView - [1f508e51] Rendering [test.ftl]
22:42:36.331 [XNIO-23 I/O-2] DEBUG o.s.w.s.a.HttpWebHandlerAdapter - [1f508e51] Completed 200 OK
22:42:36.331 [Test worker] DEBUG o.s.w.c.RestTemplate - Response 200 OK
22:42:36.331 [Test worker] DEBUG o.s.w.c.RestTemplate - Reading to [java.lang.String] as "text/html;charset=UTF-8"
22:42:36.331 [Test worker] DEBUG o.s.h.s.r.b.UndertowHttpServer - Stopping UndertowHttpServer...
22:42:36.332 [Test worker] DEBUG o.s.h.s.r.b.UndertowHttpServer - Server stopped (0 millis).
22:42:36.360 [Test worker] DEBUG o.s.w.r.r.m.a.RequestMappingHandlerMapping - 2 mappings in 'requestMappingHandlerMapping'
22:42:36.375 [Test worker] DEBUG o.s.w.r.r.m.a.ControllerMethodResolver - ControllerAdvice beans: none
22:42:36.394 [Test worker] DEBUG o.s.w.r.r.v.f.FreeMarkerConfigurer - File system access not preferred: using SpringTemplateLoader
22:42:36.398 [Test worker] DEBUG o.s.w.s.a.HttpWebHandlerAdapter - enableLoggingRequestDetails='false': form data and headers will be masked to prevent unsafe logging of potentially sensitive data
22:42:36.398 [Test worker] DEBUG o.s.h.s.r.b.UndertowHttpServer - Starting UndertowHttpServer...
22:42:36.400 [Test worker] DEBUG o.s.h.s.r.b.UndertowHttpServer - Server started on port 53858(0 millis).
22:42:36.400 [Test worker] DEBUG o.s.w.c.RestTemplate - HTTP GET http://localhost:53858/html
22:42:36.400 [Test worker] DEBUG o.s.w.c.RestTemplate - Accept=[text/plain, application/json, application/x-jackson-smile, application/*+json, */*]
22:42:36.401 [XNIO-24 I/O-2] DEBUG o.s.w.s.a.HttpWebHandlerAdapter - [392b2272] HTTP GET "/html"
22:42:36.401 [XNIO-24 I/O-2] DEBUG o.s.w.r.r.m.a.RequestMappingHandlerMapping - [392b2272] Mapped to org.springframework.web.reactive.result.method.annotation.RequestMappingViewResolutionIntegrationTests$TestController#getHtmlPage(Optional, Model, ServerWebExchange)
22:42:36.402 [XNIO-24 I/O-2] DEBUG o.s.w.s.a.HttpWebHandlerAdapter - [392b2272] Completed 304 NOT_MODIFIED
22:42:36.403 [Test worker] DEBUG o.s.w.c.RestTemplate - Response 304 NOT_MODIFIED
22:42:36.403 [Test worker] DEBUG o.s.h.s.r.b.UndertowHttpServer - Stopping UndertowHttpServer...
22:42:36.404 [Test worker] DEBUG o.s.h.s.r.b.UndertowHttpServer - Server stopped (0 millis).
]]></system-out>
  <system-err><![CDATA[十一月 25, 2020 10:42:35 下午 org.apache.catalina.core.StandardService startInternal
信息: Starting service [Tomcat]
十一月 25, 2020 10:42:35 下午 org.apache.catalina.core.StandardEngine startInternal
信息: Starting Servlet engine: [Apache Tomcat/9.0.21]
十一月 25, 2020 10:42:35 下午 org.apache.coyote.AbstractProtocol init
信息: Initializing ProtocolHandler ["http-nio-auto-22"]
十一月 25, 2020 10:42:35 下午 org.apache.coyote.AbstractProtocol start
信息: Starting ProtocolHandler ["http-nio-auto-22-53845"]
十一月 25, 2020 10:42:35 下午 org.apache.coyote.AbstractProtocol pause
信息: Pausing ProtocolHandler ["http-nio-auto-22-53845"]
十一月 25, 2020 10:42:35 下午 org.apache.catalina.core.StandardService stopInternal
信息: Stopping service [Tomcat]
十一月 25, 2020 10:42:35 下午 org.apache.coyote.AbstractProtocol stop
信息: Stopping ProtocolHandler ["http-nio-auto-22-53845"]
十一月 25, 2020 10:42:35 下午 org.apache.coyote.AbstractProtocol destroy
信息: Destroying ProtocolHandler ["http-nio-auto-22-53845"]
十一月 25, 2020 10:42:36 下午 org.apache.catalina.core.StandardService startInternal
信息: Starting service [Tomcat]
十一月 25, 2020 10:42:36 下午 org.apache.catalina.core.StandardEngine startInternal
信息: Starting Servlet engine: [Apache Tomcat/9.0.21]
十一月 25, 2020 10:42:36 下午 org.apache.coyote.AbstractProtocol init
信息: Initializing ProtocolHandler ["http-nio-auto-23"]
十一月 25, 2020 10:42:36 下午 org.apache.coyote.AbstractProtocol start
信息: Starting ProtocolHandler ["http-nio-auto-23-53848"]
十一月 25, 2020 10:42:36 下午 org.apache.coyote.AbstractProtocol pause
信息: Pausing ProtocolHandler ["http-nio-auto-23-53848"]
十一月 25, 2020 10:42:36 下午 org.apache.catalina.core.StandardService stopInternal
信息: Stopping service [Tomcat]
十一月 25, 2020 10:42:36 下午 org.apache.coyote.AbstractProtocol stop
信息: Stopping ProtocolHandler ["http-nio-auto-23-53848"]
十一月 25, 2020 10:42:36 下午 org.apache.coyote.AbstractProtocol destroy
信息: Destroying ProtocolHandler ["http-nio-auto-23-53848"]
十一月 25, 2020 10:42:36 下午 org.apache.catalina.core.StandardService startInternal
信息: Starting service [Tomcat]
十一月 25, 2020 10:42:36 下午 org.apache.catalina.core.StandardEngine startInternal
信息: Starting Servlet engine: [Apache Tomcat/9.0.21]
十一月 25, 2020 10:42:36 下午 org.apache.coyote.AbstractProtocol init
信息: Initializing ProtocolHandler ["http-nio-auto-24"]
十一月 25, 2020 10:42:36 下午 org.apache.coyote.AbstractProtocol start
信息: Starting ProtocolHandler ["http-nio-auto-24-53851"]
十一月 25, 2020 10:42:36 下午 org.apache.coyote.AbstractProtocol pause
信息: Pausing ProtocolHandler ["http-nio-auto-24-53851"]
十一月 25, 2020 10:42:36 下午 org.apache.catalina.core.StandardService stopInternal
信息: Stopping service [Tomcat]
十一月 25, 2020 10:42:36 下午 org.apache.coyote.AbstractProtocol stop
信息: Stopping ProtocolHandler ["http-nio-auto-24-53851"]
十一月 25, 2020 10:42:36 下午 org.apache.coyote.AbstractProtocol destroy
信息: Destroying ProtocolHandler ["http-nio-auto-24-53851"]
]]></system-err>
</testsuite>
