<?xml version="1.0" encoding="UTF-8"?>
<testsuite name="org.springframework.web.reactive.accept.HeaderContentTypeResolverTests" tests="2" skipped="0" failures="0" errors="0" timestamp="2019-06-21T11:48:50" hostname="Macbook-Air.local" time="0.003">
  <properties/>
  <testcase name="resolveMediaTypes" classname="org.springframework.web.reactive.accept.HeaderContentTypeResolverTests" time="0.002"/>
  <testcase name="resolveMediaTypesParseError" classname="org.springframework.web.reactive.accept.HeaderContentTypeResolverTests" time="0.001"/>
  <system-out><![CDATA[]]></system-out>
  <system-err><![CDATA[]]></system-err>
</testsuite>
