<?xml version="1.0" encoding="UTF-8"?>
<testsuite name="org.springframework.web.reactive.function.server.DefaultRenderingResponseTests" tests="11" skipped="0" failures="0" errors="0" timestamp="2020-11-25T14:43:22" hostname="lichangbaodeMacBook-Pro.local" time="0.02">
  <properties/>
  <testcase name="notModifiedEtag" classname="org.springframework.web.reactive.function.server.DefaultRenderingResponseTests" time="0.001"/>
  <testcase name="create" classname="org.springframework.web.reactive.function.server.DefaultRenderingResponseTests" time="0.0"/>
  <testcase name="modelAttributes" classname="org.springframework.web.reactive.function.server.DefaultRenderingResponseTests" time="0.0"/>
  <testcase name="render" classname="org.springframework.web.reactive.function.server.DefaultRenderingResponseTests" time="0.01"/>
  <testcase name="modelAttribute" classname="org.springframework.web.reactive.function.server.DefaultRenderingResponseTests" time="0.001"/>
  <testcase name="modelAttributesConventions" classname="org.springframework.web.reactive.function.server.DefaultRenderingResponseTests" time="0.0"/>
  <testcase name="notModifiedLastModified" classname="org.springframework.web.reactive.function.server.DefaultRenderingResponseTests" time="0.001"/>
  <testcase name="defaultContentType" classname="org.springframework.web.reactive.function.server.DefaultRenderingResponseTests" time="0.006"/>
  <testcase name="headers" classname="org.springframework.web.reactive.function.server.DefaultRenderingResponseTests" time="0.0"/>
  <testcase name="cookies" classname="org.springframework.web.reactive.function.server.DefaultRenderingResponseTests" time="0.001"/>
  <testcase name="modelAttributeConventions" classname="org.springframework.web.reactive.function.server.DefaultRenderingResponseTests" time="0.0"/>
  <system-out><![CDATA[22:43:22.375 [Test worker] DEBUG o.s.w.r.f.s.DefaultRenderingResponseTests$TestView - [24490870] View [TestView], model {}
]]></system-out>
  <system-err><![CDATA[]]></system-err>
</testsuite>
