<?xml version="1.0" encoding="UTF-8"?>
<testsuite name="org.springframework.web.reactive.function.client.DefaultWebClientTests" tests="15" skipped="0" failures="0" errors="0" timestamp="2020-11-25T14:43:28" hostname="lichangbaodeMacBook-Pro.local" time="0.016">
  <properties/>
  <testcase name="defaultHeaderAndCookie" classname="org.springframework.web.reactive.function.client.DefaultWebClientTests" time="0.006"/>
  <testcase name="defaultHeaderAndCookieOverrides" classname="org.springframework.web.reactive.function.client.DefaultWebClientTests" time="0.0"/>
  <testcase name="uriBuilder" classname="org.springframework.web.reactive.function.client.DefaultWebClientTests" time="0.001"/>
  <testcase name="defaultRequest" classname="org.springframework.web.reactive.function.client.DefaultWebClientTests" time="0.001"/>
  <testcase name="shouldApplyFiltersAtSubscription" classname="org.springframework.web.reactive.function.client.DefaultWebClientTests" time="0.001"/>
  <testcase name="requestHeaderAndCookie" classname="org.springframework.web.reactive.function.client.DefaultWebClientTests" time="0.0"/>
  <testcase name="withStringAttribute" classname="org.springframework.web.reactive.function.client.DefaultWebClientTests" time="0.001"/>
  <testcase name="withNullAttribute" classname="org.springframework.web.reactive.function.client.DefaultWebClientTests" time="0.001"/>
  <testcase name="uriBuilderWithPathOverride" classname="org.springframework.web.reactive.function.client.DefaultWebClientTests" time="0.0"/>
  <testcase name="apply" classname="org.springframework.web.reactive.function.client.DefaultWebClientTests" time="0.001"/>
  <testcase name="basic" classname="org.springframework.web.reactive.function.client.DefaultWebClientTests" time="0.0"/>
  <testcase name="switchToErrorOnEmptyClientResponseMono" classname="org.springframework.web.reactive.function.client.DefaultWebClientTests" time="0.001"/>
  <testcase name="bodyObjectPublisher" classname="org.springframework.web.reactive.function.client.DefaultWebClientTests" time="0.0"/>
  <testcase name="uriBuilderWithUriTemplate" classname="org.springframework.web.reactive.function.client.DefaultWebClientTests" time="0.001"/>
  <testcase name="mutateDoesCopy" classname="org.springframework.web.reactive.function.client.DefaultWebClientTests" time="0.002"/>
  <system-out><![CDATA[]]></system-out>
  <system-err><![CDATA[]]></system-err>
</testsuite>
