<?xml version="1.0" encoding="UTF-8"?>
<testsuite name="org.springframework.web.reactive.function.server.LocaleContextResolverIntegrationTests" tests="4" skipped="0" failures="0" errors="0" timestamp="2019-06-21T11:48:56" hostname="Macbook-Air.local" time="0.106">
  <properties/>
  <testcase name="fixedLocale[server [org.springframework.http.server.reactive.bootstrap.JettyHttpServer@4e5e0796]]" classname="org.springframework.web.reactive.function.server.LocaleContextResolverIntegrationTests" time="0.03"/>
  <testcase name="fixedLocale[server [org.springframework.http.server.reactive.bootstrap.ReactorHttpServer@50457be3]]" classname="org.springframework.web.reactive.function.server.LocaleContextResolverIntegrationTests" time="0.019"/>
  <testcase name="fixedLocale[server [org.springframework.http.server.reactive.bootstrap.TomcatHttpServer@311eda3b]]" classname="org.springframework.web.reactive.function.server.LocaleContextResolverIntegrationTests" time="0.037"/>
  <testcase name="fixedLocale[server [org.springframework.http.server.reactive.bootstrap.UndertowHttpServer@26cea3bf]]" classname="org.springframework.web.reactive.function.server.LocaleContextResolverIntegrationTests" time="0.02"/>
  <system-out><![CDATA[19:48:56.791 [Test worker] DEBUG o.s.w.s.a.HttpWebHandlerAdapter - enableLoggingRequestDetails='false': form data and headers will be masked to prevent unsafe logging of potentially sensitive data
19:48:56.791 [Test worker] WARN  o.e.j.s.h.ContextHandler - Empty contextPath
19:48:56.791 [Test worker] INFO  o.e.j.s.h.ContextHandler - Started o.e.j.s.ServletContextHandler@3ba8bf0{/,null,AVAILABLE}
19:48:56.791 [Test worker] DEBUG o.s.h.s.r.b.JettyHttpServer - Starting JettyHttpServer...
19:48:56.791 [Test worker] INFO  o.e.j.s.Server - jetty-9.4.18.v20190429; built: 2019-04-29T20:42:08.989Z; git: e1bc35120a6617ee3df052294e433f3a25ce7097; jvm 1.8.0_144-b01
19:48:56.793 [Test worker] INFO  o.e.j.s.AbstractConnector - Started ServerConnector@7df3655c{HTTP/1.1,[http/1.1]}{0.0.0.0:51448}
19:48:56.793 [Test worker] INFO  o.e.j.s.Server - Started @137904ms
19:48:56.793 [Test worker] DEBUG o.s.h.s.r.b.JettyHttpServer - Server started on port 51448(0 millis).
19:48:56.794 [Test worker] DEBUG o.s.w.r.f.c.ExchangeFunctions - [145f710b] HTTP GET http://localhost:51448/
19:48:56.796 [qtp2004600313-3837] DEBUG o.s.w.s.a.HttpWebHandlerAdapter - [66b5167b] HTTP GET "/"
19:48:56.799 [qtp2004600313-3837] DEBUG o.s.w.s.a.HttpWebHandlerAdapter - [66b5167b] Completed 200 OK
19:48:56.800 [reactor-http-nio-2] DEBUG o.s.w.r.f.c.ExchangeFunctions - [145f710b] Response 200 OK
19:48:56.800 [Test worker] DEBUG o.s.h.s.r.b.JettyHttpServer - Stopping JettyHttpServer...
19:48:56.800 [Test worker] INFO  o.e.j.s.h.ContextHandler - Stopped o.e.j.s.ServletContextHandler@3ba8bf0{/,null,UNAVAILABLE}
19:48:56.801 [Test worker] INFO  o.e.j.s.AbstractConnector - Stopped ServerConnector@7df3655c{HTTP/1.1,[http/1.1]}{0.0.0.0:0}
19:48:56.802 [Test worker] DEBUG o.s.h.s.r.b.JettyHttpServer - Server stopped (0 millis).
19:48:56.815 [Test worker] DEBUG o.s.w.s.a.HttpWebHandlerAdapter - enableLoggingRequestDetails='false': form data and headers will be masked to prevent unsafe logging of potentially sensitive data
19:48:56.815 [Test worker] DEBUG o.s.h.s.r.b.ReactorHttpServer - Starting ReactorHttpServer...
19:48:56.816 [Test worker] DEBUG o.s.h.s.r.b.ReactorHttpServer - Server started on port 51450(0 millis).
19:48:56.817 [Test worker] DEBUG o.s.w.r.f.c.ExchangeFunctions - [4d5f1d47] HTTP GET http://localhost:51450/
19:48:56.819 [reactor-http-nio-4] DEBUG o.s.w.s.a.HttpWebHandlerAdapter - [675f92b7] HTTP GET "/"
19:48:56.819 [reactor-http-nio-4] DEBUG o.s.w.s.a.HttpWebHandlerAdapter - [675f92b7] Completed 200 OK
19:48:56.820 [reactor-http-nio-3] DEBUG o.s.w.r.f.c.ExchangeFunctions - [4d5f1d47] Response 200 OK
19:48:56.820 [Test worker] DEBUG o.s.h.s.r.b.ReactorHttpServer - Stopping ReactorHttpServer...
19:48:56.821 [Test worker] DEBUG o.s.h.s.r.b.ReactorHttpServer - Server stopped (0 millis).
19:48:56.835 [Test worker] DEBUG o.s.w.s.a.HttpWebHandlerAdapter - enableLoggingRequestDetails='false': form data and headers will be masked to prevent unsafe logging of potentially sensitive data
19:48:56.835 [Test worker] DEBUG o.s.h.s.r.b.TomcatHttpServer - Starting TomcatHttpServer...
19:48:56.841 [Test worker] DEBUG o.s.h.s.r.b.TomcatHttpServer - Server started on port 51452(0 millis).
19:48:56.842 [Test worker] DEBUG o.s.w.r.f.c.ExchangeFunctions - [591816a9] HTTP GET http://localhost:51452/
19:48:56.845 [http-nio-auto-131-exec-1] DEBUG o.s.w.s.a.HttpWebHandlerAdapter - [17e8d6b4] HTTP GET "/"
19:48:56.845 [http-nio-auto-131-exec-1] DEBUG o.s.w.s.a.HttpWebHandlerAdapter - [17e8d6b4] Completed 200 OK
19:48:56.846 [reactor-http-nio-4] DEBUG o.s.w.r.f.c.ExchangeFunctions - [591816a9] Response 200 OK
19:48:56.846 [Test worker] DEBUG o.s.h.s.r.b.TomcatHttpServer - Stopping TomcatHttpServer...
19:48:56.858 [Test worker] DEBUG o.s.h.s.r.b.TomcatHttpServer - Server stopped (0 millis).
19:48:56.872 [Test worker] DEBUG o.s.w.s.a.HttpWebHandlerAdapter - enableLoggingRequestDetails='false': form data and headers will be masked to prevent unsafe logging of potentially sensitive data
19:48:56.872 [Test worker] DEBUG o.s.h.s.r.b.UndertowHttpServer - Starting UndertowHttpServer...
19:48:56.874 [Test worker] DEBUG o.s.h.s.r.b.UndertowHttpServer - Server started on port 51455(0 millis).
19:48:56.874 [Test worker] DEBUG o.s.w.r.f.c.ExchangeFunctions - [5b382d43] HTTP GET http://localhost:51455/
19:48:56.876 [XNIO-130 I/O-2] DEBUG o.s.w.s.a.HttpWebHandlerAdapter - [717cc403] HTTP GET "/"
19:48:56.876 [XNIO-130 I/O-2] DEBUG o.s.w.s.a.HttpWebHandlerAdapter - [717cc403] Completed 200 OK
19:48:56.877 [reactor-http-nio-4] DEBUG o.s.w.r.f.c.ExchangeFunctions - [5b382d43] Response 200 OK
19:48:56.878 [Test worker] DEBUG o.s.h.s.r.b.UndertowHttpServer - Stopping UndertowHttpServer...
19:48:56.878 [Test worker] DEBUG o.s.h.s.r.b.UndertowHttpServer - Server stopped (0 millis).
]]></system-out>
  <system-err><![CDATA[六月 21, 2019 7:48:56 下午 org.apache.catalina.core.StandardService startInternal
信息: Starting service [Tomcat]
六月 21, 2019 7:48:56 下午 org.apache.catalina.core.StandardEngine startInternal
信息: Starting Servlet engine: [Apache Tomcat/9.0.21]
六月 21, 2019 7:48:56 下午 org.apache.coyote.AbstractProtocol init
信息: Initializing ProtocolHandler ["http-nio-auto-131"]
六月 21, 2019 7:48:56 下午 org.apache.coyote.AbstractProtocol start
信息: Starting ProtocolHandler ["http-nio-auto-131-51452"]
六月 21, 2019 7:48:56 下午 org.apache.coyote.AbstractProtocol pause
信息: Pausing ProtocolHandler ["http-nio-auto-131-51452"]
六月 21, 2019 7:48:56 下午 org.apache.catalina.core.StandardService stopInternal
信息: Stopping service [Tomcat]
六月 21, 2019 7:48:56 下午 org.apache.coyote.AbstractProtocol stop
信息: Stopping ProtocolHandler ["http-nio-auto-131-51452"]
六月 21, 2019 7:48:56 下午 org.apache.coyote.AbstractProtocol destroy
信息: Destroying ProtocolHandler ["http-nio-auto-131-51452"]
]]></system-err>
</testsuite>
