<?xml version="1.0" encoding="UTF-8"?>
<testsuite name="org.springframework.web.reactive.function.server.DispatcherHandlerIntegrationTests" tests="16" skipped="0" failures="0" errors="0" timestamp="2019-06-21T11:48:53" hostname="Macbook-Air.local" time="1.574">
  <properties/>
  <testcase name="flux[server [org.springframework.http.server.reactive.bootstrap.JettyHttpServer@1e9b5ec6]]" classname="org.springframework.web.reactive.function.server.DispatcherHandlerIntegrationTests" time="0.138"/>
  <testcase name="mono[server [org.springframework.http.server.reactive.bootstrap.JettyHttpServer@1e9b5ec6]]" classname="org.springframework.web.reactive.function.server.DispatcherHandlerIntegrationTests" time="0.083"/>
  <testcase name="attributes[server [org.springframework.http.server.reactive.bootstrap.JettyHttpServer@1e9b5ec6]]" classname="org.springframework.web.reactive.function.server.DispatcherHandlerIntegrationTests" time="0.096"/>
  <testcase name="controller[server [org.springframework.http.server.reactive.bootstrap.JettyHttpServer@1e9b5ec6]]" classname="org.springframework.web.reactive.function.server.DispatcherHandlerIntegrationTests" time="0.08"/>
  <testcase name="flux[server [org.springframework.http.server.reactive.bootstrap.ReactorHttpServer@4952a268]]" classname="org.springframework.web.reactive.function.server.DispatcherHandlerIntegrationTests" time="0.082"/>
  <testcase name="mono[server [org.springframework.http.server.reactive.bootstrap.ReactorHttpServer@4952a268]]" classname="org.springframework.web.reactive.function.server.DispatcherHandlerIntegrationTests" time="0.078"/>
  <testcase name="attributes[server [org.springframework.http.server.reactive.bootstrap.ReactorHttpServer@4952a268]]" classname="org.springframework.web.reactive.function.server.DispatcherHandlerIntegrationTests" time="0.077"/>
  <testcase name="controller[server [org.springframework.http.server.reactive.bootstrap.ReactorHttpServer@4952a268]]" classname="org.springframework.web.reactive.function.server.DispatcherHandlerIntegrationTests" time="0.082"/>
  <testcase name="flux[server [org.springframework.http.server.reactive.bootstrap.TomcatHttpServer@3169de7e]]" classname="org.springframework.web.reactive.function.server.DispatcherHandlerIntegrationTests" time="0.11"/>
  <testcase name="mono[server [org.springframework.http.server.reactive.bootstrap.TomcatHttpServer@3169de7e]]" classname="org.springframework.web.reactive.function.server.DispatcherHandlerIntegrationTests" time="0.104"/>
  <testcase name="attributes[server [org.springframework.http.server.reactive.bootstrap.TomcatHttpServer@3169de7e]]" classname="org.springframework.web.reactive.function.server.DispatcherHandlerIntegrationTests" time="0.113"/>
  <testcase name="controller[server [org.springframework.http.server.reactive.bootstrap.TomcatHttpServer@3169de7e]]" classname="org.springframework.web.reactive.function.server.DispatcherHandlerIntegrationTests" time="0.124"/>
  <testcase name="flux[server [org.springframework.http.server.reactive.bootstrap.UndertowHttpServer@3fffb8ef]]" classname="org.springframework.web.reactive.function.server.DispatcherHandlerIntegrationTests" time="0.124"/>
  <testcase name="mono[server [org.springframework.http.server.reactive.bootstrap.UndertowHttpServer@3fffb8ef]]" classname="org.springframework.web.reactive.function.server.DispatcherHandlerIntegrationTests" time="0.099"/>
  <testcase name="attributes[server [org.springframework.http.server.reactive.bootstrap.UndertowHttpServer@3fffb8ef]]" classname="org.springframework.web.reactive.function.server.DispatcherHandlerIntegrationTests" time="0.094"/>
  <testcase name="controller[server [org.springframework.http.server.reactive.bootstrap.UndertowHttpServer@3fffb8ef]]" classname="org.springframework.web.reactive.function.server.DispatcherHandlerIntegrationTests" time="0.088"/>
  <system-out><![CDATA[19:48:53.628 [Test worker] DEBUG o.s.w.r.r.m.a.RequestMappingHandlerMapping - 1 mappings in 'requestMappingHandlerMapping'
19:48:53.649 [Test worker] DEBUG o.s.w.r.f.s.s.RouterFunctionMapping - 3 RouterFunction(s) in 'routerFunctionMapping'
19:48:53.668 [Test worker] DEBUG o.s.w.r.r.m.a.ControllerMethodResolver - ControllerAdvice beans: none
19:48:53.694 [Test worker] DEBUG o.s.w.s.a.HttpWebHandlerAdapter - enableLoggingRequestDetails='false': form data and headers will be masked to prevent unsafe logging of potentially sensitive data
19:48:53.694 [Test worker] WARN  o.e.j.s.h.ContextHandler - Empty contextPath
19:48:53.695 [Test worker] INFO  o.e.j.s.h.ContextHandler - Started o.e.j.s.ServletContextHandler@58f958c5{/,null,AVAILABLE}
19:48:53.695 [Test worker] DEBUG o.s.h.s.r.b.JettyHttpServer - Starting JettyHttpServer...
19:48:53.695 [Test worker] INFO  o.e.j.s.Server - jetty-9.4.18.v20190429; built: 2019-04-29T20:42:08.989Z; git: e1bc35120a6617ee3df052294e433f3a25ce7097; jvm 1.8.0_144-b01
19:48:53.697 [Test worker] INFO  o.e.j.s.AbstractConnector - Started ServerConnector@272ce877{HTTP/1.1,[http/1.1]}{0.0.0.0:51385}
19:48:53.697 [Test worker] INFO  o.e.j.s.Server - Started @134808ms
19:48:53.697 [Test worker] DEBUG o.s.h.s.r.b.JettyHttpServer - Server started on port 51385(0 millis).
19:48:53.697 [Test worker] DEBUG o.s.w.c.RestTemplate - HTTP GET http://localhost:51385/flux
19:48:53.699 [Test worker] DEBUG o.s.w.c.RestTemplate - Accept=[application/json, application/x-jackson-smile, application/*+json]
19:48:53.702 [qtp304319803-3634] DEBUG o.s.w.s.a.HttpWebHandlerAdapter - [1c5d1321] HTTP GET "/flux"
19:48:53.704 [qtp304319803-3634] DEBUG o.s.w.r.f.s.s.RouterFunctionMapping - [1c5d1321] Mapped to org.springframework.web.reactive.function.server.DispatcherHandlerIntegrationTests$TestConfiguration$$Lambda$1431/189506450@5fe46c5f
19:48:53.709 [qtp304319803-3634] DEBUG o.s.h.c.j.Jackson2JsonEncoder - [1c5d1321] Encoding [[Person{name='John'}, Person{name='Jane'}]]
19:48:53.710 [qtp304319803-3634] DEBUG o.s.w.s.a.HttpWebHandlerAdapter - [1c5d1321] Completed 200 OK
19:48:53.710 [Test worker] DEBUG o.s.w.c.RestTemplate - Response 200 OK
19:48:53.710 [Test worker] DEBUG o.s.w.c.RestTemplate - Reading to [java.util.List<org.springframework.web.reactive.function.server.DispatcherHandlerIntegrationTests$Person>]
19:48:53.712 [Test worker] DEBUG o.s.h.s.r.b.JettyHttpServer - Stopping JettyHttpServer...
19:48:53.712 [Test worker] INFO  o.e.j.s.h.ContextHandler - Stopped o.e.j.s.ServletContextHandler@58f958c5{/,null,UNAVAILABLE}
19:48:53.713 [Test worker] INFO  o.e.j.s.AbstractConnector - Stopped ServerConnector@272ce877{HTTP/1.1,[http/1.1]}{0.0.0.0:0}
19:48:53.713 [Test worker] DEBUG o.s.h.s.r.b.JettyHttpServer - Server stopped (0 millis).
19:48:53.735 [Test worker] DEBUG o.s.w.r.r.m.a.RequestMappingHandlerMapping - 1 mappings in 'requestMappingHandlerMapping'
19:48:53.742 [Test worker] DEBUG o.s.w.r.f.s.s.RouterFunctionMapping - 3 RouterFunction(s) in 'routerFunctionMapping'
19:48:53.762 [Test worker] DEBUG o.s.w.r.r.m.a.ControllerMethodResolver - ControllerAdvice beans: none
19:48:53.788 [Test worker] DEBUG o.s.w.s.a.HttpWebHandlerAdapter - enableLoggingRequestDetails='false': form data and headers will be masked to prevent unsafe logging of potentially sensitive data
19:48:53.788 [Test worker] WARN  o.e.j.s.h.ContextHandler - Empty contextPath
19:48:53.789 [Test worker] INFO  o.e.j.s.h.ContextHandler - Started o.e.j.s.ServletContextHandler@5c3e11cf{/,null,AVAILABLE}
19:48:53.789 [Test worker] DEBUG o.s.h.s.r.b.JettyHttpServer - Starting JettyHttpServer...
19:48:53.789 [Test worker] INFO  o.e.j.s.Server - jetty-9.4.18.v20190429; built: 2019-04-29T20:42:08.989Z; git: e1bc35120a6617ee3df052294e433f3a25ce7097; jvm 1.8.0_144-b01
19:48:53.791 [Test worker] INFO  o.e.j.s.AbstractConnector - Started ServerConnector@42638a61{HTTP/1.1,[http/1.1]}{0.0.0.0:51387}
19:48:53.791 [Test worker] INFO  o.e.j.s.Server - Started @134901ms
19:48:53.791 [Test worker] DEBUG o.s.h.s.r.b.JettyHttpServer - Server started on port 51387(0 millis).
19:48:53.791 [Test worker] DEBUG o.s.w.c.RestTemplate - HTTP GET http://localhost:51387/mono
19:48:53.791 [Test worker] DEBUG o.s.w.c.RestTemplate - Accept=[application/json, application/x-jackson-smile, application/*+json]
19:48:53.793 [qtp1239582999-3643] DEBUG o.s.w.s.a.HttpWebHandlerAdapter - [22f70a48] HTTP GET "/mono"
19:48:53.793 [qtp1239582999-3643] DEBUG o.s.w.r.f.s.s.RouterFunctionMapping - [22f70a48] Mapped to org.springframework.web.reactive.function.server.DispatcherHandlerIntegrationTests$TestConfiguration$$Lambda$1430/475323159@2c30e066
19:48:53.794 [qtp1239582999-3643] DEBUG o.s.h.c.j.Jackson2JsonEncoder - [22f70a48] Encoding [Person{name='John'}]
19:48:53.795 [qtp1239582999-3643] DEBUG o.s.w.s.a.HttpWebHandlerAdapter - [22f70a48] Completed 200 OK
19:48:53.795 [Test worker] DEBUG o.s.w.c.RestTemplate - Response 200 OK
19:48:53.795 [Test worker] DEBUG o.s.w.c.RestTemplate - Reading to [org.springframework.web.reactive.function.server.DispatcherHandlerIntegrationTests$Person]
19:48:53.795 [Test worker] DEBUG o.s.h.s.r.b.JettyHttpServer - Stopping JettyHttpServer...
19:48:53.795 [Test worker] INFO  o.e.j.s.h.ContextHandler - Stopped o.e.j.s.ServletContextHandler@5c3e11cf{/,null,UNAVAILABLE}
19:48:53.796 [Test worker] INFO  o.e.j.s.AbstractConnector - Stopped ServerConnector@42638a61{HTTP/1.1,[http/1.1]}{0.0.0.0:0}
19:48:53.796 [Test worker] DEBUG o.s.h.s.r.b.JettyHttpServer - Server stopped (0 millis).
19:48:53.816 [Test worker] DEBUG o.s.w.r.r.m.a.RequestMappingHandlerMapping - 1 mappings in 'requestMappingHandlerMapping'
19:48:53.823 [Test worker] DEBUG o.s.w.r.f.s.s.RouterFunctionMapping - 3 RouterFunction(s) in 'routerFunctionMapping'
19:48:53.839 [Test worker] DEBUG o.s.w.r.r.m.a.ControllerMethodResolver - ControllerAdvice beans: none
19:48:53.872 [Test worker] DEBUG o.s.w.s.a.HttpWebHandlerAdapter - enableLoggingRequestDetails='false': form data and headers will be masked to prevent unsafe logging of potentially sensitive data
19:48:53.872 [Test worker] WARN  o.e.j.s.h.ContextHandler - Empty contextPath
19:48:53.872 [Test worker] INFO  o.e.j.s.h.ContextHandler - Started o.e.j.s.ServletContextHandler@5d418cad{/,null,AVAILABLE}
19:48:53.872 [Test worker] DEBUG o.s.h.s.r.b.JettyHttpServer - Starting JettyHttpServer...
19:48:53.872 [Test worker] INFO  o.e.j.s.Server - jetty-9.4.18.v20190429; built: 2019-04-29T20:42:08.989Z; git: e1bc35120a6617ee3df052294e433f3a25ce7097; jvm 1.8.0_144-b01
19:48:53.874 [Test worker] INFO  o.e.j.s.AbstractConnector - Started ServerConnector@8a37d49{HTTP/1.1,[http/1.1]}{0.0.0.0:51389}
19:48:53.874 [Test worker] INFO  o.e.j.s.Server - Started @134985ms
19:48:53.874 [Test worker] DEBUG o.s.h.s.r.b.JettyHttpServer - Server started on port 51389(0 millis).
19:48:53.874 [Test worker] DEBUG o.s.w.c.RestTemplate - HTTP GET http://localhost:51389/attributes/bar
19:48:53.874 [Test worker] DEBUG o.s.w.c.RestTemplate - Accept=[text/plain, application/json, application/x-jackson-smile, application/*+json, */*]
19:48:53.877 [qtp983652871-3652] DEBUG o.s.w.s.a.HttpWebHandlerAdapter - [505bfab3] HTTP GET "/attributes/bar"
19:48:53.890 [qtp983652871-3652] DEBUG o.s.w.r.f.s.s.RouterFunctionMapping - [505bfab3] Mapped to org.springframework.web.reactive.function.server.DispatcherHandlerIntegrationTests$TestConfiguration$$Lambda$1432/2108630412@297bd7ea
19:48:53.890 [qtp983652871-3652] DEBUG o.s.w.s.a.HttpWebHandlerAdapter - [505bfab3] Completed 200 OK
19:48:53.890 [Test worker] DEBUG o.s.w.c.RestTemplate - Response 200 OK
19:48:53.891 [Test worker] DEBUG o.s.h.s.r.b.JettyHttpServer - Stopping JettyHttpServer...
19:48:53.891 [Test worker] INFO  o.e.j.s.h.ContextHandler - Stopped o.e.j.s.ServletContextHandler@5d418cad{/,null,UNAVAILABLE}
19:48:53.892 [Test worker] INFO  o.e.j.s.AbstractConnector - Stopped ServerConnector@8a37d49{HTTP/1.1,[http/1.1]}{0.0.0.0:0}
19:48:53.892 [Test worker] DEBUG o.s.h.s.r.b.JettyHttpServer - Server stopped (0 millis).
19:48:53.910 [Test worker] DEBUG o.s.w.r.r.m.a.RequestMappingHandlerMapping - 1 mappings in 'requestMappingHandlerMapping'
19:48:53.918 [Test worker] DEBUG o.s.w.r.f.s.s.RouterFunctionMapping - 3 RouterFunction(s) in 'routerFunctionMapping'
19:48:53.934 [Test worker] DEBUG o.s.w.r.r.m.a.ControllerMethodResolver - ControllerAdvice beans: none
19:48:53.965 [Test worker] DEBUG o.s.w.s.a.HttpWebHandlerAdapter - enableLoggingRequestDetails='false': form data and headers will be masked to prevent unsafe logging of potentially sensitive data
19:48:53.965 [Test worker] WARN  o.e.j.s.h.ContextHandler - Empty contextPath
19:48:53.965 [Test worker] INFO  o.e.j.s.h.ContextHandler - Started o.e.j.s.ServletContextHandler@7395f138{/,null,AVAILABLE}
19:48:53.965 [Test worker] DEBUG o.s.h.s.r.b.JettyHttpServer - Starting JettyHttpServer...
19:48:53.965 [Test worker] INFO  o.e.j.s.Server - jetty-9.4.18.v20190429; built: 2019-04-29T20:42:08.989Z; git: e1bc35120a6617ee3df052294e433f3a25ce7097; jvm 1.8.0_144-b01
19:48:53.967 [Test worker] INFO  o.e.j.s.AbstractConnector - Started ServerConnector@7bbf3711{HTTP/1.1,[http/1.1]}{0.0.0.0:51391}
19:48:53.967 [Test worker] INFO  o.e.j.s.Server - Started @135078ms
19:48:53.967 [Test worker] DEBUG o.s.h.s.r.b.JettyHttpServer - Server started on port 51391(0 millis).
19:48:53.967 [Test worker] DEBUG o.s.w.c.RestTemplate - HTTP GET http://localhost:51391/controller
19:48:53.968 [Test worker] DEBUG o.s.w.c.RestTemplate - Accept=[application/json, application/x-jackson-smile, application/*+json]
19:48:53.969 [qtp142311051-3661] DEBUG o.s.w.s.a.HttpWebHandlerAdapter - [1ab139b2] HTTP GET "/controller"
19:48:53.970 [qtp142311051-3661] DEBUG o.s.w.r.r.m.a.RequestMappingHandlerMapping - [1ab139b2] Mapped to org.springframework.web.reactive.function.server.DispatcherHandlerIntegrationTests$PersonController#controller()
19:48:53.971 [qtp142311051-3661] DEBUG o.s.w.r.r.m.a.ResponseBodyResultHandler - Using 'application/json' given [application/json, application/x-jackson-smile, application/*+json] and supported [application/json, application/*+json, application/x-jackson-smile, application/*+x-jackson-smile, text/event-stream]
19:48:53.971 [qtp142311051-3661] DEBUG o.s.w.r.r.m.a.ResponseBodyResultHandler - [1ab139b2] 0..1 [org.springframework.web.reactive.function.server.DispatcherHandlerIntegrationTests$Person]
19:48:53.971 [qtp142311051-3661] DEBUG o.s.h.c.j.Jackson2JsonEncoder - [1ab139b2] Encoding [Person{name='John'}]
19:48:53.971 [Test worker] DEBUG o.s.w.c.RestTemplate - Response 200 OK
19:48:53.971 [qtp142311051-3661] DEBUG o.s.w.s.a.HttpWebHandlerAdapter - [1ab139b2] Completed 200 OK
19:48:53.971 [Test worker] DEBUG o.s.w.c.RestTemplate - Reading to [org.springframework.web.reactive.function.server.DispatcherHandlerIntegrationTests$Person]
19:48:53.972 [Test worker] DEBUG o.s.h.s.r.b.JettyHttpServer - Stopping JettyHttpServer...
19:48:53.972 [Test worker] INFO  o.e.j.s.h.ContextHandler - Stopped o.e.j.s.ServletContextHandler@7395f138{/,null,UNAVAILABLE}
19:48:53.972 [Test worker] INFO  o.e.j.s.AbstractConnector - Stopped ServerConnector@7bbf3711{HTTP/1.1,[http/1.1]}{0.0.0.0:0}
19:48:53.973 [Test worker] DEBUG o.s.h.s.r.b.JettyHttpServer - Server stopped (0 millis).
19:48:53.998 [Test worker] DEBUG o.s.w.r.r.m.a.RequestMappingHandlerMapping - 1 mappings in 'requestMappingHandlerMapping'
19:48:54.006 [Test worker] DEBUG o.s.w.r.f.s.s.RouterFunctionMapping - 3 RouterFunction(s) in 'routerFunctionMapping'
19:48:54.021 [Test worker] DEBUG o.s.w.r.r.m.a.ControllerMethodResolver - ControllerAdvice beans: none
19:48:54.047 [Test worker] DEBUG o.s.w.s.a.HttpWebHandlerAdapter - enableLoggingRequestDetails='false': form data and headers will be masked to prevent unsafe logging of potentially sensitive data
19:48:54.047 [Test worker] DEBUG o.s.h.s.r.b.ReactorHttpServer - Starting ReactorHttpServer...
19:48:54.048 [Test worker] DEBUG o.s.h.s.r.b.ReactorHttpServer - Server started on port 51393(0 millis).
19:48:54.048 [Test worker] DEBUG o.s.w.c.RestTemplate - HTTP GET http://localhost:51393/flux
19:48:54.048 [Test worker] DEBUG o.s.w.c.RestTemplate - Accept=[application/json, application/x-jackson-smile, application/*+json]
19:48:54.049 [reactor-http-nio-2] DEBUG o.s.w.s.a.HttpWebHandlerAdapter - [df2937c4] HTTP GET "/flux"
19:48:54.049 [reactor-http-nio-2] DEBUG o.s.w.r.f.s.s.RouterFunctionMapping - [df2937c4] Mapped to org.springframework.web.reactive.function.server.DispatcherHandlerIntegrationTests$TestConfiguration$$Lambda$1431/189506450@37508573
19:48:54.050 [reactor-http-nio-2] DEBUG o.s.h.c.j.Jackson2JsonEncoder - [df2937c4] Encoding [[Person{name='John'}, Person{name='Jane'}]]
19:48:54.052 [Test worker] DEBUG o.s.w.c.RestTemplate - Response 200 OK
19:48:54.053 [reactor-http-nio-2] DEBUG o.s.w.s.a.HttpWebHandlerAdapter - [df2937c4] Completed 200 OK
19:48:54.053 [Test worker] DEBUG o.s.w.c.RestTemplate - Reading to [java.util.List<org.springframework.web.reactive.function.server.DispatcherHandlerIntegrationTests$Person>]
19:48:54.054 [Test worker] DEBUG o.s.h.s.r.b.ReactorHttpServer - Stopping ReactorHttpServer...
19:48:54.054 [Test worker] DEBUG o.s.h.s.r.b.ReactorHttpServer - Server stopped (0 millis).
19:48:54.075 [Test worker] DEBUG o.s.w.r.r.m.a.RequestMappingHandlerMapping - 1 mappings in 'requestMappingHandlerMapping'
19:48:54.083 [Test worker] DEBUG o.s.w.r.f.s.s.RouterFunctionMapping - 3 RouterFunction(s) in 'routerFunctionMapping'
19:48:54.099 [Test worker] DEBUG o.s.w.r.r.m.a.ControllerMethodResolver - ControllerAdvice beans: none
19:48:54.128 [Test worker] DEBUG o.s.w.s.a.HttpWebHandlerAdapter - enableLoggingRequestDetails='false': form data and headers will be masked to prevent unsafe logging of potentially sensitive data
19:48:54.128 [Test worker] DEBUG o.s.h.s.r.b.ReactorHttpServer - Starting ReactorHttpServer...
19:48:54.128 [Test worker] DEBUG o.s.h.s.r.b.ReactorHttpServer - Server started on port 51395(0 millis).
19:48:54.129 [Test worker] DEBUG o.s.w.c.RestTemplate - HTTP GET http://localhost:51395/mono
19:48:54.129 [Test worker] DEBUG o.s.w.c.RestTemplate - Accept=[application/json, application/x-jackson-smile, application/*+json]
19:48:54.130 [reactor-http-nio-4] DEBUG o.s.w.s.a.HttpWebHandlerAdapter - [54b87cdf] HTTP GET "/mono"
19:48:54.130 [reactor-http-nio-4] DEBUG o.s.w.r.f.s.s.RouterFunctionMapping - [54b87cdf] Mapped to org.springframework.web.reactive.function.server.DispatcherHandlerIntegrationTests$TestConfiguration$$Lambda$1430/475323159@642f910b
19:48:54.131 [reactor-http-nio-4] DEBUG o.s.h.c.j.Jackson2JsonEncoder - [54b87cdf] Encoding [Person{name='John'}]
19:48:54.132 [Test worker] DEBUG o.s.w.c.RestTemplate - Response 200 OK
19:48:54.132 [Test worker] DEBUG o.s.w.c.RestTemplate - Reading to [org.springframework.web.reactive.function.server.DispatcherHandlerIntegrationTests$Person]
19:48:54.132 [Test worker] DEBUG o.s.h.s.r.b.ReactorHttpServer - Stopping ReactorHttpServer...
19:48:54.133 [Test worker] DEBUG o.s.h.s.r.b.ReactorHttpServer - Server stopped (0 millis).
19:48:54.155 [Test worker] DEBUG o.s.w.r.r.m.a.RequestMappingHandlerMapping - 1 mappings in 'requestMappingHandlerMapping'
19:48:54.163 [Test worker] DEBUG o.s.w.r.f.s.s.RouterFunctionMapping - 3 RouterFunction(s) in 'routerFunctionMapping'
19:48:54.180 [Test worker] DEBUG o.s.w.r.r.m.a.ControllerMethodResolver - ControllerAdvice beans: none
19:48:54.206 [Test worker] DEBUG o.s.w.s.a.HttpWebHandlerAdapter - enableLoggingRequestDetails='false': form data and headers will be masked to prevent unsafe logging of potentially sensitive data
19:48:54.207 [Test worker] DEBUG o.s.h.s.r.b.ReactorHttpServer - Starting ReactorHttpServer...
19:48:54.207 [Test worker] DEBUG o.s.h.s.r.b.ReactorHttpServer - Server started on port 51397(0 millis).
19:48:54.207 [Test worker] DEBUG o.s.w.c.RestTemplate - HTTP GET http://localhost:51397/attributes/bar
19:48:54.208 [Test worker] DEBUG o.s.w.c.RestTemplate - Accept=[text/plain, application/json, application/x-jackson-smile, application/*+json, */*]
19:48:54.209 [reactor-http-nio-2] DEBUG o.s.w.s.a.HttpWebHandlerAdapter - [249533dd] HTTP GET "/attributes/bar"
19:48:54.209 [reactor-http-nio-2] DEBUG o.s.w.r.f.s.s.RouterFunctionMapping - [249533dd] Mapped to org.springframework.web.reactive.function.server.DispatcherHandlerIntegrationTests$TestConfiguration$$Lambda$1432/2108630412@7fe28bfb
19:48:54.209 [reactor-http-nio-2] DEBUG o.s.w.s.a.HttpWebHandlerAdapter - [249533dd] Completed 200 OK
19:48:54.210 [Test worker] DEBUG o.s.w.c.RestTemplate - Response 200 OK
19:48:54.210 [Test worker] DEBUG o.s.h.s.r.b.ReactorHttpServer - Stopping ReactorHttpServer...
19:48:54.210 [Test worker] DEBUG o.s.h.s.r.b.ReactorHttpServer - Server stopped (0 millis).
19:48:54.229 [Test worker] DEBUG o.s.w.r.r.m.a.RequestMappingHandlerMapping - 1 mappings in 'requestMappingHandlerMapping'
19:48:54.238 [Test worker] DEBUG o.s.w.r.f.s.s.RouterFunctionMapping - 3 RouterFunction(s) in 'routerFunctionMapping'
19:48:54.257 [Test worker] DEBUG o.s.w.r.r.m.a.ControllerMethodResolver - ControllerAdvice beans: none
19:48:54.287 [Test worker] DEBUG o.s.w.s.a.HttpWebHandlerAdapter - enableLoggingRequestDetails='false': form data and headers will be masked to prevent unsafe logging of potentially sensitive data
19:48:54.287 [Test worker] DEBUG o.s.h.s.r.b.ReactorHttpServer - Starting ReactorHttpServer...
19:48:54.287 [Test worker] DEBUG o.s.h.s.r.b.ReactorHttpServer - Server started on port 51399(0 millis).
19:48:54.288 [Test worker] DEBUG o.s.w.c.RestTemplate - HTTP GET http://localhost:51399/controller
19:48:54.288 [Test worker] DEBUG o.s.w.c.RestTemplate - Accept=[application/json, application/x-jackson-smile, application/*+json]
19:48:54.289 [reactor-http-nio-4] DEBUG o.s.w.s.a.HttpWebHandlerAdapter - [81e05286] HTTP GET "/controller"
19:48:54.290 [reactor-http-nio-4] DEBUG o.s.w.r.r.m.a.RequestMappingHandlerMapping - [81e05286] Mapped to org.springframework.web.reactive.function.server.DispatcherHandlerIntegrationTests$PersonController#controller()
19:48:54.290 [reactor-http-nio-4] DEBUG o.s.w.r.r.m.a.ResponseBodyResultHandler - Using 'application/json' given [application/json, application/x-jackson-smile, application/*+json] and supported [application/json, application/*+json, application/x-jackson-smile, application/*+x-jackson-smile, text/event-stream]
19:48:54.290 [reactor-http-nio-4] DEBUG o.s.w.r.r.m.a.ResponseBodyResultHandler - [81e05286] 0..1 [org.springframework.web.reactive.function.server.DispatcherHandlerIntegrationTests$Person]
19:48:54.291 [reactor-http-nio-4] DEBUG o.s.h.c.j.Jackson2JsonEncoder - [81e05286] Encoding [Person{name='John'}]
19:48:54.292 [Test worker] DEBUG o.s.w.c.RestTemplate - Response 200 OK
19:48:54.292 [Test worker] DEBUG o.s.w.c.RestTemplate - Reading to [org.springframework.web.reactive.function.server.DispatcherHandlerIntegrationTests$Person]
19:48:54.292 [Test worker] DEBUG o.s.h.s.r.b.ReactorHttpServer - Stopping ReactorHttpServer...
19:48:54.292 [Test worker] DEBUG o.s.h.s.r.b.ReactorHttpServer - Server stopped (0 millis).
19:48:54.311 [Test worker] DEBUG o.s.w.r.r.m.a.RequestMappingHandlerMapping - 1 mappings in 'requestMappingHandlerMapping'
19:48:54.319 [Test worker] DEBUG o.s.w.r.f.s.s.RouterFunctionMapping - 3 RouterFunction(s) in 'routerFunctionMapping'
19:48:54.336 [Test worker] DEBUG o.s.w.r.r.m.a.ControllerMethodResolver - ControllerAdvice beans: none
19:48:54.367 [Test worker] DEBUG o.s.w.s.a.HttpWebHandlerAdapter - enableLoggingRequestDetails='false': form data and headers will be masked to prevent unsafe logging of potentially sensitive data
19:48:54.367 [Test worker] DEBUG o.s.h.s.r.b.TomcatHttpServer - Starting TomcatHttpServer...
19:48:54.383 [Test worker] DEBUG o.s.h.s.r.b.TomcatHttpServer - Server started on port 51401(0 millis).
19:48:54.384 [Test worker] DEBUG o.s.w.c.RestTemplate - HTTP GET http://localhost:51401/flux
19:48:54.384 [Test worker] DEBUG o.s.w.c.RestTemplate - Accept=[application/json, application/x-jackson-smile, application/*+json]
19:48:54.385 [http-nio-auto-124-exec-1] DEBUG o.s.w.s.a.HttpWebHandlerAdapter - [131d08c0] HTTP GET "/flux"
19:48:54.386 [http-nio-auto-124-exec-1] DEBUG o.s.w.r.f.s.s.RouterFunctionMapping - [131d08c0] Mapped to org.springframework.web.reactive.function.server.DispatcherHandlerIntegrationTests$TestConfiguration$$Lambda$1431/189506450@17229e7b
19:48:54.386 [http-nio-auto-124-exec-1] DEBUG o.s.h.c.j.Jackson2JsonEncoder - [131d08c0] Encoding [[Person{name='John'}, Person{name='Jane'}]]
19:48:54.387 [http-nio-auto-124-exec-1] DEBUG o.s.w.s.a.HttpWebHandlerAdapter - [131d08c0] Completed 200 OK
19:48:54.387 [Test worker] DEBUG o.s.w.c.RestTemplate - Response 200 OK
19:48:54.387 [Test worker] DEBUG o.s.w.c.RestTemplate - Reading to [java.util.List<org.springframework.web.reactive.function.server.DispatcherHandlerIntegrationTests$Person>]
19:48:54.388 [Test worker] DEBUG o.s.h.s.r.b.TomcatHttpServer - Stopping TomcatHttpServer...
19:48:54.402 [Test worker] DEBUG o.s.h.s.r.b.TomcatHttpServer - Server stopped (0 millis).
19:48:54.432 [Test worker] DEBUG o.s.w.r.r.m.a.RequestMappingHandlerMapping - 1 mappings in 'requestMappingHandlerMapping'
19:48:54.440 [Test worker] DEBUG o.s.w.r.f.s.s.RouterFunctionMapping - 3 RouterFunction(s) in 'routerFunctionMapping'
19:48:54.460 [Test worker] DEBUG o.s.w.r.r.m.a.ControllerMethodResolver - ControllerAdvice beans: none
19:48:54.487 [Test worker] DEBUG o.s.w.s.a.HttpWebHandlerAdapter - enableLoggingRequestDetails='false': form data and headers will be masked to prevent unsafe logging of potentially sensitive data
19:48:54.488 [Test worker] DEBUG o.s.h.s.r.b.TomcatHttpServer - Starting TomcatHttpServer...
19:48:54.494 [Test worker] DEBUG o.s.h.s.r.b.TomcatHttpServer - Server started on port 51404(0 millis).
19:48:54.495 [Test worker] DEBUG o.s.w.c.RestTemplate - HTTP GET http://localhost:51404/mono
19:48:54.496 [Test worker] DEBUG o.s.w.c.RestTemplate - Accept=[application/json, application/x-jackson-smile, application/*+json]
19:48:54.497 [http-nio-auto-125-exec-1] DEBUG o.s.w.s.a.HttpWebHandlerAdapter - [504bf397] HTTP GET "/mono"
19:48:54.498 [http-nio-auto-125-exec-1] DEBUG o.s.w.r.f.s.s.RouterFunctionMapping - [504bf397] Mapped to org.springframework.web.reactive.function.server.DispatcherHandlerIntegrationTests$TestConfiguration$$Lambda$1430/475323159@54746d46
19:48:54.498 [http-nio-auto-125-exec-1] DEBUG o.s.h.c.j.Jackson2JsonEncoder - [504bf397] Encoding [Person{name='John'}]
19:48:54.499 [http-nio-auto-125-exec-1] DEBUG o.s.w.s.a.HttpWebHandlerAdapter - [504bf397] Completed 200 OK
19:48:54.499 [Test worker] DEBUG o.s.w.c.RestTemplate - Response 200 OK
19:48:54.499 [Test worker] DEBUG o.s.w.c.RestTemplate - Reading to [org.springframework.web.reactive.function.server.DispatcherHandlerIntegrationTests$Person]
19:48:54.500 [Test worker] DEBUG o.s.h.s.r.b.TomcatHttpServer - Stopping TomcatHttpServer...
19:48:54.507 [Test worker] DEBUG o.s.h.s.r.b.TomcatHttpServer - Server stopped (0 millis).
19:48:54.540 [Test worker] DEBUG o.s.w.r.r.m.a.RequestMappingHandlerMapping - 1 mappings in 'requestMappingHandlerMapping'
19:48:54.552 [Test worker] DEBUG o.s.w.r.f.s.s.RouterFunctionMapping - 3 RouterFunction(s) in 'routerFunctionMapping'
19:48:54.570 [Test worker] DEBUG o.s.w.r.r.m.a.ControllerMethodResolver - ControllerAdvice beans: none
19:48:54.597 [Test worker] DEBUG o.s.w.s.a.HttpWebHandlerAdapter - enableLoggingRequestDetails='false': form data and headers will be masked to prevent unsafe logging of potentially sensitive data
19:48:54.598 [Test worker] DEBUG o.s.h.s.r.b.TomcatHttpServer - Starting TomcatHttpServer...
19:48:54.604 [Test worker] DEBUG o.s.h.s.r.b.TomcatHttpServer - Server started on port 51407(0 millis).
19:48:54.605 [Test worker] DEBUG o.s.w.c.RestTemplate - HTTP GET http://localhost:51407/attributes/bar
19:48:54.605 [Test worker] DEBUG o.s.w.c.RestTemplate - Accept=[text/plain, application/json, application/x-jackson-smile, application/*+json, */*]
19:48:54.606 [http-nio-auto-126-exec-1] DEBUG o.s.w.s.a.HttpWebHandlerAdapter - [10afd758] HTTP GET "/attributes/bar"
19:48:54.607 [http-nio-auto-126-exec-1] DEBUG o.s.w.r.f.s.s.RouterFunctionMapping - [10afd758] Mapped to org.springframework.web.reactive.function.server.DispatcherHandlerIntegrationTests$TestConfiguration$$Lambda$1432/2108630412@14904195
19:48:54.607 [http-nio-auto-126-exec-1] DEBUG o.s.w.s.a.HttpWebHandlerAdapter - [10afd758] Completed 200 OK
19:48:54.608 [Test worker] DEBUG o.s.w.c.RestTemplate - Response 200 OK
19:48:54.608 [Test worker] DEBUG o.s.h.s.r.b.TomcatHttpServer - Stopping TomcatHttpServer...
19:48:54.620 [Test worker] DEBUG o.s.h.s.r.b.TomcatHttpServer - Server stopped (0 millis).
19:48:54.653 [Test worker] DEBUG o.s.w.r.r.m.a.RequestMappingHandlerMapping - 1 mappings in 'requestMappingHandlerMapping'
19:48:54.661 [Test worker] DEBUG o.s.w.r.f.s.s.RouterFunctionMapping - 3 RouterFunction(s) in 'routerFunctionMapping'
19:48:54.685 [Test worker] DEBUG o.s.w.r.r.m.a.ControllerMethodResolver - ControllerAdvice beans: none
19:48:54.718 [Test worker] DEBUG o.s.w.s.a.HttpWebHandlerAdapter - enableLoggingRequestDetails='false': form data and headers will be masked to prevent unsafe logging of potentially sensitive data
19:48:54.719 [Test worker] DEBUG o.s.h.s.r.b.TomcatHttpServer - Starting TomcatHttpServer...
19:48:54.730 [Test worker] DEBUG o.s.h.s.r.b.TomcatHttpServer - Server started on port 51410(0 millis).
19:48:54.731 [Test worker] DEBUG o.s.w.c.RestTemplate - HTTP GET http://localhost:51410/controller
19:48:54.732 [Test worker] DEBUG o.s.w.c.RestTemplate - Accept=[application/json, application/x-jackson-smile, application/*+json]
19:48:54.734 [http-nio-auto-127-exec-1] DEBUG o.s.w.s.a.HttpWebHandlerAdapter - [f134245] HTTP GET "/controller"
19:48:54.735 [http-nio-auto-127-exec-1] DEBUG o.s.w.r.r.m.a.RequestMappingHandlerMapping - [f134245] Mapped to org.springframework.web.reactive.function.server.DispatcherHandlerIntegrationTests$PersonController#controller()
19:48:54.736 [http-nio-auto-127-exec-1] DEBUG o.s.w.r.r.m.a.ResponseBodyResultHandler - Using 'application/json' given [application/json, application/x-jackson-smile, application/*+json] and supported [application/json, application/*+json, application/x-jackson-smile, application/*+x-jackson-smile, text/event-stream]
19:48:54.736 [http-nio-auto-127-exec-1] DEBUG o.s.w.r.r.m.a.ResponseBodyResultHandler - [f134245] 0..1 [org.springframework.web.reactive.function.server.DispatcherHandlerIntegrationTests$Person]
19:48:54.736 [http-nio-auto-127-exec-1] DEBUG o.s.h.c.j.Jackson2JsonEncoder - [f134245] Encoding [Person{name='John'}]
19:48:54.737 [http-nio-auto-127-exec-1] DEBUG o.s.w.s.a.HttpWebHandlerAdapter - [f134245] Completed 200 OK
19:48:54.738 [Test worker] DEBUG o.s.w.c.RestTemplate - Response 200 OK
19:48:54.738 [Test worker] DEBUG o.s.w.c.RestTemplate - Reading to [org.springframework.web.reactive.function.server.DispatcherHandlerIntegrationTests$Person]
19:48:54.738 [Test worker] DEBUG o.s.h.s.r.b.TomcatHttpServer - Stopping TomcatHttpServer...
19:48:54.744 [Test worker] DEBUG o.s.h.s.r.b.TomcatHttpServer - Server stopped (0 millis).
19:48:54.789 [Test worker] DEBUG o.s.w.r.r.m.a.RequestMappingHandlerMapping - 1 mappings in 'requestMappingHandlerMapping'
19:48:54.799 [Test worker] DEBUG o.s.w.r.f.s.s.RouterFunctionMapping - 3 RouterFunction(s) in 'routerFunctionMapping'
19:48:54.817 [Test worker] DEBUG o.s.w.r.r.m.a.ControllerMethodResolver - ControllerAdvice beans: none
19:48:54.859 [Test worker] DEBUG o.s.w.s.a.HttpWebHandlerAdapter - enableLoggingRequestDetails='false': form data and headers will be masked to prevent unsafe logging of potentially sensitive data
19:48:54.859 [Test worker] DEBUG o.s.h.s.r.b.UndertowHttpServer - Starting UndertowHttpServer...
19:48:54.861 [Test worker] DEBUG o.s.h.s.r.b.UndertowHttpServer - Server started on port 51413(0 millis).
19:48:54.861 [Test worker] DEBUG o.s.w.c.RestTemplate - HTTP GET http://localhost:51413/flux
19:48:54.862 [Test worker] DEBUG o.s.w.c.RestTemplate - Accept=[application/json, application/x-jackson-smile, application/*+json]
19:48:54.862 [XNIO-123 I/O-2] DEBUG o.s.w.s.a.HttpWebHandlerAdapter - [6166baa] HTTP GET "/flux"
19:48:54.863 [XNIO-123 I/O-2] DEBUG o.s.w.r.f.s.s.RouterFunctionMapping - [6166baa] Mapped to org.springframework.web.reactive.function.server.DispatcherHandlerIntegrationTests$TestConfiguration$$Lambda$1431/189506450@229ffb0
19:48:54.865 [XNIO-123 I/O-2] DEBUG o.s.h.c.j.Jackson2JsonEncoder - [6166baa] Encoding [[Person{name='John'}, Person{name='Jane'}]]
19:48:54.866 [XNIO-123 I/O-2] DEBUG o.s.w.s.a.HttpWebHandlerAdapter - [6166baa] Completed 200 OK
19:48:54.866 [Test worker] DEBUG o.s.w.c.RestTemplate - Response 200 OK
19:48:54.866 [Test worker] DEBUG o.s.w.c.RestTemplate - Reading to [java.util.List<org.springframework.web.reactive.function.server.DispatcherHandlerIntegrationTests$Person>]
19:48:54.867 [Test worker] DEBUG o.s.h.s.r.b.UndertowHttpServer - Stopping UndertowHttpServer...
19:48:54.868 [Test worker] DEBUG o.s.h.s.r.b.UndertowHttpServer - Server stopped (0 millis).
19:48:54.893 [Test worker] DEBUG o.s.w.r.r.m.a.RequestMappingHandlerMapping - 1 mappings in 'requestMappingHandlerMapping'
19:48:54.901 [Test worker] DEBUG o.s.w.r.f.s.s.RouterFunctionMapping - 3 RouterFunction(s) in 'routerFunctionMapping'
19:48:54.920 [Test worker] DEBUG o.s.w.r.r.m.a.ControllerMethodResolver - ControllerAdvice beans: none
19:48:54.959 [Test worker] DEBUG o.s.w.s.a.HttpWebHandlerAdapter - enableLoggingRequestDetails='false': form data and headers will be masked to prevent unsafe logging of potentially sensitive data
19:48:54.959 [Test worker] DEBUG o.s.h.s.r.b.UndertowHttpServer - Starting UndertowHttpServer...
19:48:54.962 [Test worker] DEBUG o.s.h.s.r.b.UndertowHttpServer - Server started on port 51415(0 millis).
19:48:54.962 [Test worker] DEBUG o.s.w.c.RestTemplate - HTTP GET http://localhost:51415/mono
19:48:54.963 [Test worker] DEBUG o.s.w.c.RestTemplate - Accept=[application/json, application/x-jackson-smile, application/*+json]
19:48:54.964 [XNIO-124 I/O-2] DEBUG o.s.w.s.a.HttpWebHandlerAdapter - [6c6c850a] HTTP GET "/mono"
19:48:54.964 [XNIO-124 I/O-2] DEBUG o.s.w.r.f.s.s.RouterFunctionMapping - [6c6c850a] Mapped to org.springframework.web.reactive.function.server.DispatcherHandlerIntegrationTests$TestConfiguration$$Lambda$1430/475323159@68531c5f
19:48:54.965 [XNIO-124 I/O-2] DEBUG o.s.h.c.j.Jackson2JsonEncoder - [6c6c850a] Encoding [Person{name='John'}]
19:48:54.966 [XNIO-124 I/O-2] DEBUG o.s.w.s.a.HttpWebHandlerAdapter - [6c6c850a] Completed 200 OK
19:48:54.966 [Test worker] DEBUG o.s.w.c.RestTemplate - Response 200 OK
19:48:54.966 [Test worker] DEBUG o.s.w.c.RestTemplate - Reading to [org.springframework.web.reactive.function.server.DispatcherHandlerIntegrationTests$Person]
19:48:54.966 [Test worker] DEBUG o.s.h.s.r.b.UndertowHttpServer - Stopping UndertowHttpServer...
19:48:54.968 [Test worker] DEBUG o.s.h.s.r.b.UndertowHttpServer - Server stopped (0 millis).
19:48:54.998 [Test worker] DEBUG o.s.w.r.r.m.a.RequestMappingHandlerMapping - 1 mappings in 'requestMappingHandlerMapping'
19:48:55.006 [Test worker] DEBUG o.s.w.r.f.s.s.RouterFunctionMapping - 3 RouterFunction(s) in 'routerFunctionMapping'
19:48:55.028 [Test worker] DEBUG o.s.w.r.r.m.a.ControllerMethodResolver - ControllerAdvice beans: none
19:48:55.056 [Test worker] DEBUG o.s.w.s.a.HttpWebHandlerAdapter - enableLoggingRequestDetails='false': form data and headers will be masked to prevent unsafe logging of potentially sensitive data
19:48:55.057 [Test worker] DEBUG o.s.h.s.r.b.UndertowHttpServer - Starting UndertowHttpServer...
19:48:55.058 [Test worker] DEBUG o.s.h.s.r.b.UndertowHttpServer - Server started on port 51417(0 millis).
19:48:55.058 [Test worker] DEBUG o.s.w.c.RestTemplate - HTTP GET http://localhost:51417/attributes/bar
19:48:55.059 [Test worker] DEBUG o.s.w.c.RestTemplate - Accept=[text/plain, application/json, application/x-jackson-smile, application/*+json, */*]
19:48:55.060 [XNIO-125 I/O-2] DEBUG o.s.w.s.a.HttpWebHandlerAdapter - [72ff12be] HTTP GET "/attributes/bar"
19:48:55.060 [XNIO-125 I/O-2] DEBUG o.s.w.r.f.s.s.RouterFunctionMapping - [72ff12be] Mapped to org.springframework.web.reactive.function.server.DispatcherHandlerIntegrationTests$TestConfiguration$$Lambda$1432/2108630412@76c08839
19:48:55.061 [XNIO-125 I/O-2] DEBUG o.s.w.s.a.HttpWebHandlerAdapter - [72ff12be] Completed 200 OK
19:48:55.061 [Test worker] DEBUG o.s.w.c.RestTemplate - Response 200 OK
19:48:55.061 [Test worker] DEBUG o.s.h.s.r.b.UndertowHttpServer - Stopping UndertowHttpServer...
19:48:55.062 [Test worker] DEBUG o.s.h.s.r.b.UndertowHttpServer - Server stopped (0 millis).
19:48:55.085 [Test worker] DEBUG o.s.w.r.r.m.a.RequestMappingHandlerMapping - 1 mappings in 'requestMappingHandlerMapping'
19:48:55.095 [Test worker] DEBUG o.s.w.r.f.s.s.RouterFunctionMapping - 3 RouterFunction(s) in 'routerFunctionMapping'
19:48:55.111 [Test worker] DEBUG o.s.w.r.r.m.a.ControllerMethodResolver - ControllerAdvice beans: none
19:48:55.142 [Test worker] DEBUG o.s.w.s.a.HttpWebHandlerAdapter - enableLoggingRequestDetails='false': form data and headers will be masked to prevent unsafe logging of potentially sensitive data
19:48:55.142 [Test worker] DEBUG o.s.h.s.r.b.UndertowHttpServer - Starting UndertowHttpServer...
19:48:55.145 [Test worker] DEBUG o.s.h.s.r.b.UndertowHttpServer - Server started on port 51419(0 millis).
19:48:55.146 [Test worker] DEBUG o.s.w.c.RestTemplate - HTTP GET http://localhost:51419/controller
19:48:55.146 [Test worker] DEBUG o.s.w.c.RestTemplate - Accept=[application/json, application/x-jackson-smile, application/*+json]
19:48:55.147 [XNIO-126 I/O-2] DEBUG o.s.w.s.a.HttpWebHandlerAdapter - [44955280] HTTP GET "/controller"
19:48:55.147 [XNIO-126 I/O-2] DEBUG o.s.w.r.r.m.a.RequestMappingHandlerMapping - [44955280] Mapped to org.springframework.web.reactive.function.server.DispatcherHandlerIntegrationTests$PersonController#controller()
19:48:55.148 [XNIO-126 I/O-2] DEBUG o.s.w.r.r.m.a.ResponseBodyResultHandler - Using 'application/json' given [application/json, application/x-jackson-smile, application/*+json] and supported [application/json, application/*+json, application/x-jackson-smile, application/*+x-jackson-smile, text/event-stream]
19:48:55.148 [XNIO-126 I/O-2] DEBUG o.s.w.r.r.m.a.ResponseBodyResultHandler - [44955280] 0..1 [org.springframework.web.reactive.function.server.DispatcherHandlerIntegrationTests$Person]
19:48:55.148 [XNIO-126 I/O-2] DEBUG o.s.h.c.j.Jackson2JsonEncoder - [44955280] Encoding [Person{name='John'}]
19:48:55.149 [XNIO-126 I/O-2] DEBUG o.s.w.s.a.HttpWebHandlerAdapter - [44955280] Completed 200 OK
19:48:55.149 [Test worker] DEBUG o.s.w.c.RestTemplate - Response 200 OK
19:48:55.149 [Test worker] DEBUG o.s.w.c.RestTemplate - Reading to [org.springframework.web.reactive.function.server.DispatcherHandlerIntegrationTests$Person]
19:48:55.150 [Test worker] DEBUG o.s.h.s.r.b.UndertowHttpServer - Stopping UndertowHttpServer...
19:48:55.150 [Test worker] DEBUG o.s.h.s.r.b.UndertowHttpServer - Server stopped (0 millis).
]]></system-out>
  <system-err><![CDATA[六月 21, 2019 7:48:54 下午 org.apache.catalina.core.StandardService startInternal
信息: Starting service [Tomcat]
六月 21, 2019 7:48:54 下午 org.apache.catalina.core.StandardEngine startInternal
信息: Starting Servlet engine: [Apache Tomcat/9.0.21]
六月 21, 2019 7:48:54 下午 org.apache.coyote.AbstractProtocol init
信息: Initializing ProtocolHandler ["http-nio-auto-124"]
六月 21, 2019 7:48:54 下午 org.apache.coyote.AbstractProtocol start
信息: Starting ProtocolHandler ["http-nio-auto-124-51401"]
六月 21, 2019 7:48:54 下午 org.apache.coyote.AbstractProtocol pause
信息: Pausing ProtocolHandler ["http-nio-auto-124-51401"]
六月 21, 2019 7:48:54 下午 org.apache.catalina.core.StandardService stopInternal
信息: Stopping service [Tomcat]
六月 21, 2019 7:48:54 下午 org.apache.coyote.AbstractProtocol stop
信息: Stopping ProtocolHandler ["http-nio-auto-124-51401"]
六月 21, 2019 7:48:54 下午 org.apache.coyote.AbstractProtocol destroy
信息: Destroying ProtocolHandler ["http-nio-auto-124-51401"]
六月 21, 2019 7:48:54 下午 org.apache.catalina.core.StandardService startInternal
信息: Starting service [Tomcat]
六月 21, 2019 7:48:54 下午 org.apache.catalina.core.StandardEngine startInternal
信息: Starting Servlet engine: [Apache Tomcat/9.0.21]
六月 21, 2019 7:48:54 下午 org.apache.coyote.AbstractProtocol init
信息: Initializing ProtocolHandler ["http-nio-auto-125"]
六月 21, 2019 7:48:54 下午 org.apache.coyote.AbstractProtocol start
信息: Starting ProtocolHandler ["http-nio-auto-125-51404"]
六月 21, 2019 7:48:54 下午 org.apache.coyote.AbstractProtocol pause
信息: Pausing ProtocolHandler ["http-nio-auto-125-51404"]
六月 21, 2019 7:48:54 下午 org.apache.catalina.core.StandardService stopInternal
信息: Stopping service [Tomcat]
六月 21, 2019 7:48:54 下午 org.apache.coyote.AbstractProtocol stop
信息: Stopping ProtocolHandler ["http-nio-auto-125-51404"]
六月 21, 2019 7:48:54 下午 org.apache.coyote.AbstractProtocol destroy
信息: Destroying ProtocolHandler ["http-nio-auto-125-51404"]
六月 21, 2019 7:48:54 下午 org.apache.catalina.core.StandardService startInternal
信息: Starting service [Tomcat]
六月 21, 2019 7:48:54 下午 org.apache.catalina.core.StandardEngine startInternal
信息: Starting Servlet engine: [Apache Tomcat/9.0.21]
六月 21, 2019 7:48:54 下午 org.apache.coyote.AbstractProtocol init
信息: Initializing ProtocolHandler ["http-nio-auto-126"]
六月 21, 2019 7:48:54 下午 org.apache.coyote.AbstractProtocol start
信息: Starting ProtocolHandler ["http-nio-auto-126-51407"]
六月 21, 2019 7:48:54 下午 org.apache.coyote.AbstractProtocol pause
信息: Pausing ProtocolHandler ["http-nio-auto-126-51407"]
六月 21, 2019 7:48:54 下午 org.apache.catalina.core.StandardService stopInternal
信息: Stopping service [Tomcat]
六月 21, 2019 7:48:54 下午 org.apache.coyote.AbstractProtocol stop
信息: Stopping ProtocolHandler ["http-nio-auto-126-51407"]
六月 21, 2019 7:48:54 下午 org.apache.coyote.AbstractProtocol destroy
信息: Destroying ProtocolHandler ["http-nio-auto-126-51407"]
六月 21, 2019 7:48:54 下午 org.apache.catalina.core.StandardService startInternal
信息: Starting service [Tomcat]
六月 21, 2019 7:48:54 下午 org.apache.catalina.core.StandardEngine startInternal
信息: Starting Servlet engine: [Apache Tomcat/9.0.21]
六月 21, 2019 7:48:54 下午 org.apache.coyote.AbstractProtocol init
信息: Initializing ProtocolHandler ["http-nio-auto-127"]
六月 21, 2019 7:48:54 下午 org.apache.coyote.AbstractProtocol start
信息: Starting ProtocolHandler ["http-nio-auto-127-51410"]
六月 21, 2019 7:48:54 下午 org.apache.coyote.AbstractProtocol pause
信息: Pausing ProtocolHandler ["http-nio-auto-127-51410"]
六月 21, 2019 7:48:54 下午 org.apache.catalina.core.StandardService stopInternal
信息: Stopping service [Tomcat]
六月 21, 2019 7:48:54 下午 org.apache.coyote.AbstractProtocol stop
信息: Stopping ProtocolHandler ["http-nio-auto-127-51410"]
六月 21, 2019 7:48:54 下午 org.apache.coyote.AbstractProtocol destroy
信息: Destroying ProtocolHandler ["http-nio-auto-127-51410"]
]]></system-err>
</testsuite>
