<?xml version="1.0" encoding="UTF-8"?>
<testsuite name="org.springframework.web.reactive.function.server.RouterFunctionBuilderTests" tests="4" skipped="0" failures="0" errors="0" timestamp="2019-06-21T11:48:56" hostname="Macbook-Air.local" time="0.148">
  <properties/>
  <testcase name="resources" classname="org.springframework.web.reactive.function.server.RouterFunctionBuilderTests" time="0.032"/>
  <testcase name="filters" classname="org.springframework.web.reactive.function.server.RouterFunctionBuilderTests" time="0.038"/>
  <testcase name="nest" classname="org.springframework.web.reactive.function.server.RouterFunctionBuilderTests" time="0.016"/>
  <testcase name="route" classname="org.springframework.web.reactive.function.server.RouterFunctionBuilderTests" time="0.062"/>
  <system-out><![CDATA[]]></system-out>
  <system-err><![CDATA[]]></system-err>
</testsuite>
