<?xml version="1.0" encoding="UTF-8"?>
<testsuite name="org.springframework.web.reactive.function.client.WebClientExtensionsTests" tests="8" skipped="0" failures="0" errors="0" timestamp="2020-11-25T14:43:44" hostname="lichangbaodeMacBook-Pro.local" time="0.857">
  <properties/>
  <testcase name="bodyToFlow with reified type parameters" classname="org.springframework.web.reactive.function.client.WebClientExtensionsTests" time="0.535"/>
  <testcase name="ResponseSpec#bodyToMono with reified type parameters" classname="org.springframework.web.reactive.function.client.WebClientExtensionsTests" time="0.005"/>
  <testcase name="body" classname="org.springframework.web.reactive.function.client.WebClientExtensionsTests" time="0.195"/>
  <testcase name="RequestBodySpec#body with Publisher and reified type parameters" classname="org.springframework.web.reactive.function.client.WebClientExtensionsTests" time="0.004"/>
  <testcase name="awaitExchange" classname="org.springframework.web.reactive.function.client.WebClientExtensionsTests" time="0.107"/>
  <testcase name="awaitBody" classname="org.springframework.web.reactive.function.client.WebClientExtensionsTests" time="0.004"/>
  <testcase name="RequestBodySpec#body with Flow and reified type parameters" classname="org.springframework.web.reactive.function.client.WebClientExtensionsTests" time="0.003"/>
  <testcase name="ResponseSpec#bodyToFlux with reified type parameters" classname="org.springframework.web.reactive.function.client.WebClientExtensionsTests" time="0.003"/>
  <system-out><![CDATA[]]></system-out>
  <system-err><![CDATA[]]></system-err>
</testsuite>
