<?xml version="1.0" encoding="UTF-8"?>
<testsuite name="org.springframework.web.reactive.result.method.annotation.ControllerMethodResolverTests" tests="5" skipped="0" failures="0" errors="0" timestamp="2019-06-21T11:47:49" hostname="Macbook-Air.local" time="0.096">
  <properties/>
  <testcase name="requestMappingArgumentResolvers" classname="org.springframework.web.reactive.result.method.annotation.ControllerMethodResolverTests" time="0.044"/>
  <testcase name="exceptionHandlerArgumentResolvers" classname="org.springframework.web.reactive.result.method.annotation.ControllerMethodResolverTests" time="0.013"/>
  <testcase name="initBinderArgumentResolvers" classname="org.springframework.web.reactive.result.method.annotation.ControllerMethodResolverTests" time="0.016"/>
  <testcase name="modelAttributeArgumentResolvers" classname="org.springframework.web.reactive.result.method.annotation.ControllerMethodResolverTests" time="0.011"/>
  <testcase name="exceptionHandlerFromControllerAdvice" classname="org.springframework.web.reactive.result.method.annotation.ControllerMethodResolverTests" time="0.011"/>
  <system-out><![CDATA[19:47:49.788 [Test worker] DEBUG o.s.w.r.r.m.a.ControllerMethodResolver - ControllerAdvice beans: 1 @ModelAttribute, 1 @InitBinder, 1 @ExceptionHandler
19:47:49.819 [Test worker] DEBUG o.s.w.r.r.m.a.ControllerMethodResolver - ControllerAdvice beans: 1 @ModelAttribute, 1 @InitBinder, 1 @ExceptionHandler
19:47:49.833 [Test worker] DEBUG o.s.w.r.r.m.a.ControllerMethodResolver - ControllerAdvice beans: 1 @ModelAttribute, 1 @InitBinder, 1 @ExceptionHandler
19:47:49.846 [Test worker] DEBUG o.s.w.r.r.m.a.ControllerMethodResolver - ControllerAdvice beans: 1 @ModelAttribute, 1 @InitBinder, 1 @ExceptionHandler
19:47:49.858 [Test worker] DEBUG o.s.w.r.r.m.a.ControllerMethodResolver - ControllerAdvice beans: 1 @ModelAttribute, 1 @InitBinder, 1 @ExceptionHandler
]]></system-out>
  <system-err><![CDATA[]]></system-err>
</testsuite>
