<?xml version="1.0" encoding="UTF-8"?>
<testsuite name="org.springframework.web.reactive.FlushingIntegrationTests" tests="12" skipped="0" failures="0" errors="0" timestamp="2020-11-25T14:43:32" hostname="lichangbaodeMacBook-Pro.local" time="4.716">
  <properties/>
  <testcase name="writeAndAutoFlushBeforeComplete[server [org.springframework.http.server.reactive.bootstrap.JettyHttpServer@66ecabe7]]" classname="org.springframework.web.reactive.FlushingIntegrationTests" time="0.016"/>
  <testcase name="writeAndFlushWith[server [org.springframework.http.server.reactive.bootstrap.JettyHttpServer@66ecabe7]]" classname="org.springframework.web.reactive.FlushingIntegrationTests" time="0.108"/>
  <testcase name="writeAndAutoFlushOnComplete[server [org.springframework.http.server.reactive.bootstrap.JettyHttpServer@66ecabe7]]" classname="org.springframework.web.reactive.FlushingIntegrationTests" time="0.009"/>
  <testcase name="writeAndAutoFlushBeforeComplete[server [org.springframework.http.server.reactive.bootstrap.ReactorHttpServer@3d63bb70]]" classname="org.springframework.web.reactive.FlushingIntegrationTests" time="0.014"/>
  <testcase name="writeAndFlushWith[server [org.springframework.http.server.reactive.bootstrap.ReactorHttpServer@3d63bb70]]" classname="org.springframework.web.reactive.FlushingIntegrationTests" time="0.104"/>
  <testcase name="writeAndAutoFlushOnComplete[server [org.springframework.http.server.reactive.bootstrap.ReactorHttpServer@3d63bb70]]" classname="org.springframework.web.reactive.FlushingIntegrationTests" time="0.013"/>
  <testcase name="writeAndAutoFlushBeforeComplete[server [org.springframework.http.server.reactive.bootstrap.TomcatHttpServer@31d104ee]]" classname="org.springframework.web.reactive.FlushingIntegrationTests" time="2.187"/>
  <testcase name="writeAndFlushWith[server [org.springframework.http.server.reactive.bootstrap.TomcatHttpServer@31d104ee]]" classname="org.springframework.web.reactive.FlushingIntegrationTests" time="2.122"/>
  <testcase name="writeAndAutoFlushOnComplete[server [org.springframework.http.server.reactive.bootstrap.TomcatHttpServer@31d104ee]]" classname="org.springframework.web.reactive.FlushingIntegrationTests" time="0.017"/>
  <testcase name="writeAndAutoFlushBeforeComplete[server [org.springframework.http.server.reactive.bootstrap.UndertowHttpServer@3519d745]]" classname="org.springframework.web.reactive.FlushingIntegrationTests" time="0.011"/>
  <testcase name="writeAndFlushWith[server [org.springframework.http.server.reactive.bootstrap.UndertowHttpServer@3519d745]]" classname="org.springframework.web.reactive.FlushingIntegrationTests" time="0.105"/>
  <testcase name="writeAndAutoFlushOnComplete[server [org.springframework.http.server.reactive.bootstrap.UndertowHttpServer@3519d745]]" classname="org.springframework.web.reactive.FlushingIntegrationTests" time="0.009"/>
  <system-out><![CDATA[22:43:32.082 [Test worker] WARN  o.e.j.s.h.ContextHandler - Empty contextPath
22:43:32.082 [Test worker] INFO  o.e.j.s.h.ContextHandler - Started o.e.j.s.ServletContextHandler@2dfae362{/,null,AVAILABLE}
22:43:32.082 [Test worker] DEBUG o.s.h.s.r.b.JettyHttpServer - Starting JettyHttpServer...
22:43:32.082 [Test worker] INFO  o.e.j.s.Server - jetty-9.4.18.v20190429; built: 2019-04-29T20:42:08.989Z; git: e1bc35120a6617ee3df052294e433f3a25ce7097; jvm 1.8.0_211-b12
22:43:32.083 [Test worker] INFO  o.e.j.s.AbstractConnector - Started ServerConnector@30f6f3c5{HTTP/1.1,[http/1.1]}{0.0.0.0:55420}
22:43:32.083 [Test worker] INFO  o.e.j.s.Server - Started @84510ms
22:43:32.083 [Test worker] DEBUG o.s.h.s.r.b.JettyHttpServer - Server started on port 55420(0 millis).
22:43:32.084 [Test worker] DEBUG o.s.w.r.f.c.ExchangeFunctions - [1fc162f9] HTTP GET http://localhost:55420/write-and-never-complete
22:43:32.088 [reactor-http-nio-1] DEBUG o.s.w.r.f.c.ExchangeFunctions - [1fc162f9] Response 200 OK
22:43:32.096 [reactor-http-nio-1] DEBUG o.s.c.c.StringDecoder - [1fc162f9] Decoded "012345678901234567890123456789012345678901234567890123456789012345678901234567890123456789012345678 (truncated)...
22:43:32.096 [reactor-http-nio-1] DEBUG o.s.w.r.f.c.ExchangeFunctions - [1fc162f9] Cancel signal (to close connection)
22:43:32.096 [Test worker] DEBUG o.s.h.s.r.b.JettyHttpServer - Stopping JettyHttpServer...
22:43:32.096 [Test worker] INFO  o.e.j.s.h.ContextHandler - Stopped o.e.j.s.ServletContextHandler@2dfae362{/,null,UNAVAILABLE}
22:43:32.096 [Test worker] INFO  o.e.j.s.AbstractConnector - Stopped ServerConnector@30f6f3c5{HTTP/1.1,[http/1.1]}{0.0.0.0:0}
22:43:32.097 [Test worker] DEBUG o.s.h.s.r.b.JettyHttpServer - Server stopped (0 millis).
22:43:32.097 [Test worker] WARN  o.e.j.s.h.ContextHandler - Empty contextPath
22:43:32.097 [Test worker] INFO  o.e.j.s.h.ContextHandler - Started o.e.j.s.ServletContextHandler@72f1658c{/,null,AVAILABLE}
22:43:32.097 [Test worker] DEBUG o.s.h.s.r.b.JettyHttpServer - Starting JettyHttpServer...
22:43:32.097 [Test worker] INFO  o.e.j.s.Server - jetty-9.4.18.v20190429; built: 2019-04-29T20:42:08.989Z; git: e1bc35120a6617ee3df052294e433f3a25ce7097; jvm 1.8.0_211-b12
22:43:32.098 [Test worker] INFO  o.e.j.s.AbstractConnector - Started ServerConnector@6e52431b{HTTP/1.1,[http/1.1]}{0.0.0.0:55422}
22:43:32.098 [Test worker] INFO  o.e.j.s.Server - Started @84524ms
22:43:32.098 [Test worker] DEBUG o.s.h.s.r.b.JettyHttpServer - Server started on port 55422(0 millis).
22:43:32.100 [Test worker] DEBUG o.s.w.r.f.c.ExchangeFunctions - [6cc72d4b] HTTP GET http://localhost:55422/write-and-flush
22:43:32.153 [reactor-http-nio-5] DEBUG o.s.w.r.f.c.ExchangeFunctions - [6cc72d4b] Response 200 OK
22:43:32.153 [reactor-http-nio-5] DEBUG o.s.c.c.StringDecoder - [6cc72d4b] Decoded "data0"
22:43:32.203 [reactor-http-nio-5] DEBUG o.s.c.c.StringDecoder - [6cc72d4b] Decoded "data1"
22:43:32.203 [reactor-http-nio-5] DEBUG o.s.w.r.f.c.ExchangeFunctions - [6cc72d4b] Cancel signal (to close connection)
22:43:32.203 [Test worker] DEBUG o.s.h.s.r.b.JettyHttpServer - Stopping JettyHttpServer...
22:43:32.203 [Test worker] INFO  o.e.j.s.h.ContextHandler - Stopped o.e.j.s.ServletContextHandler@72f1658c{/,null,UNAVAILABLE}
22:43:32.204 [Test worker] INFO  o.e.j.s.AbstractConnector - Stopped ServerConnector@6e52431b{HTTP/1.1,[http/1.1]}{0.0.0.0:0}
22:43:32.204 [Test worker] DEBUG o.s.h.s.r.b.JettyHttpServer - Server stopped (0 millis).
22:43:32.205 [Test worker] WARN  o.e.j.s.h.ContextHandler - Empty contextPath
22:43:32.205 [Test worker] INFO  o.e.j.s.h.ContextHandler - Started o.e.j.s.ServletContextHandler@2090fba9{/,null,AVAILABLE}
22:43:32.205 [Test worker] DEBUG o.s.h.s.r.b.JettyHttpServer - Starting JettyHttpServer...
22:43:32.205 [Test worker] INFO  o.e.j.s.Server - jetty-9.4.18.v20190429; built: 2019-04-29T20:42:08.989Z; git: e1bc35120a6617ee3df052294e433f3a25ce7097; jvm 1.8.0_211-b12
22:43:32.206 [Test worker] INFO  o.e.j.s.AbstractConnector - Started ServerConnector@529ea0d7{HTTP/1.1,[http/1.1]}{0.0.0.0:55424}
22:43:32.206 [Test worker] INFO  o.e.j.s.Server - Started @84632ms
22:43:32.206 [Test worker] DEBUG o.s.h.s.r.b.JettyHttpServer - Server started on port 55424(0 millis).
22:43:32.206 [Test worker] DEBUG o.s.w.r.f.c.ExchangeFunctions - [6f8b5521] HTTP GET http://localhost:55424/write-and-complete
22:43:32.208 [reactor-http-nio-9] DEBUG o.s.w.r.f.c.ExchangeFunctions - [6f8b5521] Response 200 OK
22:43:32.212 [reactor-http-nio-9] DEBUG o.s.c.c.StringDecoder - [6f8b5521] Decoded "012345678901234567890123456789012345678901234567890123456789012345678901234567890123456789012345678 (truncated)...
22:43:32.212 [Test worker] DEBUG o.s.h.s.r.b.JettyHttpServer - Stopping JettyHttpServer...
22:43:32.212 [Test worker] INFO  o.e.j.s.h.ContextHandler - Stopped o.e.j.s.ServletContextHandler@2090fba9{/,null,UNAVAILABLE}
22:43:32.213 [Test worker] INFO  o.e.j.s.AbstractConnector - Stopped ServerConnector@529ea0d7{HTTP/1.1,[http/1.1]}{0.0.0.0:0}
22:43:32.214 [Test worker] DEBUG o.s.h.s.r.b.JettyHttpServer - Server stopped (0 millis).
22:43:32.214 [Test worker] DEBUG o.s.h.s.r.b.ReactorHttpServer - Starting ReactorHttpServer...
22:43:32.214 [Test worker] DEBUG o.s.h.s.r.b.ReactorHttpServer - Server started on port 55426(0 millis).
22:43:32.214 [Test worker] DEBUG o.s.w.r.f.c.ExchangeFunctions - [35f187a0] HTTP GET http://localhost:55426/write-and-never-complete
22:43:32.216 [reactor-http-nio-14] DEBUG o.s.w.r.f.c.ExchangeFunctions - [35f187a0] Response 200 OK
22:43:32.228 [reactor-http-nio-14] DEBUG o.s.c.c.StringDecoder - [35f187a0] Decoded "012345678901234567890123456789012345678901234567890123456789012345678901234567890123456789012345678 (truncated)...
22:43:32.228 [reactor-http-nio-14] DEBUG o.s.w.r.f.c.ExchangeFunctions - [35f187a0] Cancel signal (to close connection)
22:43:32.228 [Test worker] DEBUG o.s.h.s.r.b.ReactorHttpServer - Stopping ReactorHttpServer...
22:43:32.228 [Test worker] DEBUG o.s.h.s.r.b.ReactorHttpServer - Server stopped (0 millis).
22:43:32.228 [Test worker] DEBUG o.s.h.s.r.b.ReactorHttpServer - Starting ReactorHttpServer...
22:43:32.228 [Test worker] DEBUG o.s.h.s.r.b.ReactorHttpServer - Server started on port 55428(0 millis).
22:43:32.229 [Test worker] DEBUG o.s.w.r.f.c.ExchangeFunctions - [c77dcd] HTTP GET http://localhost:55428/write-and-flush
22:43:32.284 [reactor-http-nio-4] DEBUG o.s.w.r.f.c.ExchangeFunctions - [c77dcd] Response 200 OK
22:43:32.284 [reactor-http-nio-4] DEBUG o.s.c.c.StringDecoder - [c77dcd] Decoded "data0"
22:43:32.332 [reactor-http-nio-4] DEBUG o.s.c.c.StringDecoder - [c77dcd] Decoded "data1"
22:43:32.332 [reactor-http-nio-4] DEBUG o.s.w.r.f.c.ExchangeFunctions - [c77dcd] Cancel signal (to close connection)
22:43:32.332 [Test worker] DEBUG o.s.h.s.r.b.ReactorHttpServer - Stopping ReactorHttpServer...
22:43:32.332 [Test worker] DEBUG o.s.h.s.r.b.ReactorHttpServer - Server stopped (0 millis).
22:43:32.332 [Test worker] DEBUG o.s.h.s.r.b.ReactorHttpServer - Starting ReactorHttpServer...
22:43:32.333 [Test worker] DEBUG o.s.h.s.r.b.ReactorHttpServer - Server started on port 55430(0 millis).
22:43:32.333 [Test worker] DEBUG o.s.w.r.f.c.ExchangeFunctions - [35d012a9] HTTP GET http://localhost:55430/write-and-complete
22:43:32.334 [reactor-http-nio-10] DEBUG o.s.w.r.f.c.ExchangeFunctions - [35d012a9] Response 200 OK
22:43:32.344 [reactor-http-nio-10] DEBUG o.s.c.c.StringDecoder - [35d012a9] Decoded "012345678901234567890123456789012345678901234567890123456789012345678901234567890123456789012345678 (truncated)...
22:43:32.344 [Test worker] DEBUG o.s.h.s.r.b.ReactorHttpServer - Stopping ReactorHttpServer...
22:43:32.345 [Test worker] DEBUG o.s.h.s.r.b.ReactorHttpServer - Server stopped (0 millis).
22:43:32.345 [Test worker] DEBUG o.s.h.s.r.b.TomcatHttpServer - Starting TomcatHttpServer...
22:43:32.349 [Test worker] DEBUG o.s.h.s.r.b.TomcatHttpServer - Server started on port 55432(0 millis).
22:43:32.349 [Test worker] DEBUG o.s.w.r.f.c.ExchangeFunctions - [7e01de42] HTTP GET http://localhost:55432/write-and-never-complete
22:43:32.351 [reactor-http-nio-15] DEBUG o.s.w.r.f.c.ExchangeFunctions - [7e01de42] Response 200 OK
22:43:32.491 [reactor-http-nio-15] DEBUG o.s.c.c.StringDecoder - [7e01de42] Decoded "012345678901234567890123456789012345678901234567890123456789012345678901234567890123456789012345678 (truncated)...
22:43:32.491 [reactor-http-nio-15] DEBUG o.s.w.r.f.c.ExchangeFunctions - [7e01de42] Cancel signal (to close connection)
22:43:32.491 [Test worker] DEBUG o.s.h.s.r.b.TomcatHttpServer - Stopping TomcatHttpServer...
22:43:34.532 [Test worker] DEBUG o.s.h.s.r.b.TomcatHttpServer - Server stopped (0 millis).
22:43:34.532 [Test worker] DEBUG o.s.h.s.r.b.TomcatHttpServer - Starting TomcatHttpServer...
22:43:34.537 [Test worker] DEBUG o.s.h.s.r.b.TomcatHttpServer - Server started on port 55441(0 millis).
22:43:34.537 [Test worker] DEBUG o.s.w.r.f.c.ExchangeFunctions - [28140298] HTTP GET http://localhost:55441/write-and-flush
22:43:34.591 [reactor-http-nio-3] DEBUG o.s.w.r.f.c.ExchangeFunctions - [28140298] Response 200 OK
22:43:34.591 [reactor-http-nio-3] DEBUG o.s.c.c.StringDecoder - [28140298] Decoded "data0"
22:43:34.641 [reactor-http-nio-3] DEBUG o.s.c.c.StringDecoder - [28140298] Decoded "data1"
22:43:34.641 [reactor-http-nio-3] DEBUG o.s.w.r.f.c.ExchangeFunctions - [28140298] Cancel signal (to close connection)
22:43:34.641 [Test worker] DEBUG o.s.h.s.r.b.TomcatHttpServer - Stopping TomcatHttpServer...
22:43:36.653 [Test worker] DEBUG o.s.h.s.r.b.TomcatHttpServer - Server stopped (0 millis).
22:43:36.653 [Test worker] DEBUG o.s.h.s.r.b.TomcatHttpServer - Starting TomcatHttpServer...
22:43:36.657 [Test worker] DEBUG o.s.h.s.r.b.TomcatHttpServer - Server started on port 55447(0 millis).
22:43:36.658 [Test worker] DEBUG o.s.w.r.f.c.ExchangeFunctions - [1aed16f2] HTTP GET http://localhost:55447/write-and-complete
22:43:36.659 [reactor-http-nio-7] DEBUG o.s.w.r.f.c.ExchangeFunctions - [1aed16f2] Response 200 OK
22:43:36.661 [reactor-http-nio-7] DEBUG o.s.c.c.StringDecoder - [1aed16f2] Decoded "012345678901234567890123456789012345678901234567890123456789012345678901234567890123456789012345678 (truncated)...
22:43:36.661 [Test worker] DEBUG o.s.h.s.r.b.TomcatHttpServer - Stopping TomcatHttpServer...
22:43:36.670 [Test worker] DEBUG o.s.h.s.r.b.TomcatHttpServer - Server stopped (0 millis).
22:43:36.670 [Test worker] DEBUG o.s.h.s.r.b.UndertowHttpServer - Starting UndertowHttpServer...
22:43:36.672 [Test worker] DEBUG o.s.h.s.r.b.UndertowHttpServer - Server started on port 55450(0 millis).
22:43:36.672 [Test worker] DEBUG o.s.w.r.f.c.ExchangeFunctions - [155cbdd0] HTTP GET http://localhost:55450/write-and-never-complete
22:43:36.674 [reactor-http-nio-11] DEBUG o.s.w.r.f.c.ExchangeFunctions - [155cbdd0] Response 200 OK
22:43:36.681 [reactor-http-nio-11] DEBUG o.s.c.c.StringDecoder - [155cbdd0] Decoded "012345678901234567890123456789012345678901234567890123456789012345678901234567890123456789012345678 (truncated)...
22:43:36.681 [reactor-http-nio-11] DEBUG o.s.w.r.f.c.ExchangeFunctions - [155cbdd0] Cancel signal (to close connection)
22:43:36.681 [Test worker] DEBUG o.s.h.s.r.b.UndertowHttpServer - Stopping UndertowHttpServer...
22:43:36.682 [Test worker] DEBUG o.s.h.s.r.b.UndertowHttpServer - Server stopped (0 millis).
22:43:36.682 [Test worker] DEBUG o.s.h.s.r.b.UndertowHttpServer - Starting UndertowHttpServer...
22:43:36.684 [Test worker] DEBUG o.s.h.s.r.b.UndertowHttpServer - Server started on port 55452(0 millis).
22:43:36.684 [Test worker] DEBUG o.s.w.r.f.c.ExchangeFunctions - [3b925823] HTTP GET http://localhost:55452/write-and-flush
22:43:36.737 [reactor-http-nio-15] DEBUG o.s.w.r.f.c.ExchangeFunctions - [3b925823] Response 200 OK
22:43:36.737 [reactor-http-nio-15] DEBUG o.s.c.c.StringDecoder - [3b925823] Decoded "data0"
22:43:36.787 [reactor-http-nio-15] DEBUG o.s.c.c.StringDecoder - [3b925823] Decoded "data1"
22:43:36.787 [reactor-http-nio-15] DEBUG o.s.w.r.f.c.ExchangeFunctions - [3b925823] Cancel signal (to close connection)
22:43:36.787 [Test worker] DEBUG o.s.h.s.r.b.UndertowHttpServer - Stopping UndertowHttpServer...
22:43:36.788 [Test worker] DEBUG o.s.h.s.r.b.UndertowHttpServer - Server stopped (0 millis).
22:43:36.788 [Test worker] DEBUG o.s.h.s.r.b.UndertowHttpServer - Starting UndertowHttpServer...
22:43:36.790 [Test worker] DEBUG o.s.h.s.r.b.UndertowHttpServer - Server started on port 55454(0 millis).
22:43:36.790 [Test worker] DEBUG o.s.w.r.f.c.ExchangeFunctions - [7d0faf9e] HTTP GET http://localhost:55454/write-and-complete
22:43:36.791 [reactor-http-nio-3] DEBUG o.s.w.r.f.c.ExchangeFunctions - [7d0faf9e] Response 200 OK
22:43:36.796 [reactor-http-nio-3] DEBUG o.s.c.c.StringDecoder - [7d0faf9e] Decoded "012345678901234567890123456789012345678901234567890123456789012345678901234567890123456789012345678 (truncated)...
22:43:36.796 [Test worker] DEBUG o.s.h.s.r.b.UndertowHttpServer - Stopping UndertowHttpServer...
22:43:36.797 [Test worker] DEBUG o.s.h.s.r.b.UndertowHttpServer - Server stopped (0 millis).
]]></system-out>
  <system-err><![CDATA[十一月 25, 2020 10:43:32 下午 org.apache.catalina.core.StandardService startInternal
信息: Starting service [Tomcat]
十一月 25, 2020 10:43:32 下午 org.apache.catalina.core.StandardEngine startInternal
信息: Starting Servlet engine: [Apache Tomcat/9.0.21]
十一月 25, 2020 10:43:32 下午 org.apache.coyote.AbstractProtocol init
信息: Initializing ProtocolHandler ["http-nio-auto-164"]
十一月 25, 2020 10:43:32 下午 org.apache.coyote.AbstractProtocol start
信息: Starting ProtocolHandler ["http-nio-auto-164-55432"]
十一月 25, 2020 10:43:32 下午 org.apache.coyote.AbstractProtocol pause
信息: Pausing ProtocolHandler ["http-nio-auto-164-55432"]
十一月 25, 2020 10:43:32 下午 org.apache.catalina.core.StandardService stopInternal
信息: Stopping service [Tomcat]
十一月 25, 2020 10:43:34 下午 org.apache.coyote.AbstractProtocol stop
信息: Stopping ProtocolHandler ["http-nio-auto-164-55432"]
十一月 25, 2020 10:43:34 下午 org.apache.coyote.AbstractProtocol destroy
信息: Destroying ProtocolHandler ["http-nio-auto-164-55432"]
十一月 25, 2020 10:43:34 下午 org.apache.catalina.core.StandardService startInternal
信息: Starting service [Tomcat]
十一月 25, 2020 10:43:34 下午 org.apache.catalina.core.StandardEngine startInternal
信息: Starting Servlet engine: [Apache Tomcat/9.0.21]
十一月 25, 2020 10:43:34 下午 org.apache.coyote.AbstractProtocol init
信息: Initializing ProtocolHandler ["http-nio-auto-165"]
十一月 25, 2020 10:43:34 下午 org.apache.coyote.AbstractProtocol start
信息: Starting ProtocolHandler ["http-nio-auto-165-55441"]
十一月 25, 2020 10:43:34 下午 org.apache.coyote.AbstractProtocol pause
信息: Pausing ProtocolHandler ["http-nio-auto-165-55441"]
十一月 25, 2020 10:43:34 下午 org.apache.catalina.core.StandardService stopInternal
信息: Stopping service [Tomcat]
十一月 25, 2020 10:43:36 下午 org.apache.coyote.AbstractProtocol stop
信息: Stopping ProtocolHandler ["http-nio-auto-165-55441"]
十一月 25, 2020 10:43:36 下午 org.apache.coyote.AbstractProtocol destroy
信息: Destroying ProtocolHandler ["http-nio-auto-165-55441"]
十一月 25, 2020 10:43:36 下午 org.apache.catalina.core.StandardService startInternal
信息: Starting service [Tomcat]
十一月 25, 2020 10:43:36 下午 org.apache.catalina.core.StandardEngine startInternal
信息: Starting Servlet engine: [Apache Tomcat/9.0.21]
十一月 25, 2020 10:43:36 下午 org.apache.coyote.AbstractProtocol init
信息: Initializing ProtocolHandler ["http-nio-auto-166"]
十一月 25, 2020 10:43:36 下午 org.apache.coyote.AbstractProtocol start
信息: Starting ProtocolHandler ["http-nio-auto-166-55447"]
十一月 25, 2020 10:43:36 下午 org.apache.coyote.AbstractProtocol pause
信息: Pausing ProtocolHandler ["http-nio-auto-166-55447"]
十一月 25, 2020 10:43:36 下午 org.apache.catalina.core.StandardService stopInternal
信息: Stopping service [Tomcat]
十一月 25, 2020 10:43:36 下午 org.apache.coyote.AbstractProtocol stop
信息: Stopping ProtocolHandler ["http-nio-auto-166-55447"]
十一月 25, 2020 10:43:36 下午 org.apache.coyote.AbstractProtocol destroy
信息: Destroying ProtocolHandler ["http-nio-auto-166-55447"]
]]></system-err>
</testsuite>
