<?xml version="1.0" encoding="UTF-8"?>
<testsuite name="org.springframework.web.reactive.resource.EncodedResourceResolverTests" tests="4" skipped="0" failures="0" errors="0" timestamp="2019-06-21T11:49:03" hostname="Macbook-Air.local" time="0.028">
  <properties/>
  <testcase name="resolveGzippedWithVersion" classname="org.springframework.web.reactive.resource.EncodedResourceResolverTests" time="0.025"/>
  <testcase name="resolveGzipped" classname="org.springframework.web.reactive.resource.EncodedResourceResolverTests" time="0.001"/>
  <testcase name="resolveWithNullRequest" classname="org.springframework.web.reactive.resource.EncodedResourceResolverTests" time="0.001"/>
  <testcase name="resolveFromCacheWithEncodingVariants" classname="org.springframework.web.reactive.resource.EncodedResourceResolverTests" time="0.001"/>
  <system-out><![CDATA[]]></system-out>
  <system-err><![CDATA[]]></system-err>
</testsuite>
