<?xml version="1.0" encoding="UTF-8"?>
<testsuite name="org.springframework.web.reactive.result.view.freemarker.FreeMarkerMacroTests" tests="27" skipped="0" failures="0" errors="0" timestamp="2020-11-25T14:42:13" hostname="lichangbaodeMacBook-Pro.local" time="0.62">
  <properties/>
  <testcase name="formSingleSelectFromList" classname="org.springframework.web.reactive.result.view.freemarker.FreeMarkerMacroTests" time="0.321"/>
  <testcase name="formInputText" classname="org.springframework.web.reactive.result.view.freemarker.FreeMarkerMacroTests" time="0.016"/>
  <testcase name="formMultiSelect" classname="org.springframework.web.reactive.result.view.freemarker.FreeMarkerMacroTests" time="0.016"/>
  <testcase name="formInputWithCss" classname="org.springframework.web.reactive.result.view.freemarker.FreeMarkerMacroTests" time="0.011"/>
  <testcase name="formRadioButtons" classname="org.springframework.web.reactive.result.view.freemarker.FreeMarkerMacroTests" time="0.022"/>
  <testcase name="springMacroRequestContextIsAutomaticallyExposedAsModelAttribute" classname="org.springframework.web.reactive.result.view.freemarker.FreeMarkerMacroTests" time="0.015"/>
  <testcase name="defaultMessage" classname="org.springframework.web.reactive.result.view.freemarker.FreeMarkerMacroTests" time="0.01"/>
  <testcase name="formCheckboxForStringArray" classname="org.springframework.web.reactive.result.view.freemarker.FreeMarkerMacroTests" time="0.014"/>
  <testcase name="formInputPassword" classname="org.springframework.web.reactive.result.view.freemarker.FreeMarkerMacroTests" time="0.01"/>
  <testcase name="formCheckboxForBooleanProperty" classname="org.springframework.web.reactive.result.view.freemarker.FreeMarkerMacroTests" time="0.011"/>
  <testcase name="formCheckboxForStringProperty" classname="org.springframework.web.reactive.result.view.freemarker.FreeMarkerMacroTests" time="0.011"/>
  <testcase name="messageArgs" classname="org.springframework.web.reactive.result.view.freemarker.FreeMarkerMacroTests" time="0.01"/>
  <testcase name="formCheckboxForNestedPath" classname="org.springframework.web.reactive.result.view.freemarker.FreeMarkerMacroTests" time="0.009"/>
  <testcase name="urlParams" classname="org.springframework.web.reactive.result.view.freemarker.FreeMarkerMacroTests" time="0.013"/>
  <testcase name="age" classname="org.springframework.web.reactive.result.view.freemarker.FreeMarkerMacroTests" time="0.007"/>
  <testcase name="url" classname="org.springframework.web.reactive.result.view.freemarker.FreeMarkerMacroTests" time="0.008"/>
  <testcase name="name" classname="org.springframework.web.reactive.result.view.freemarker.FreeMarkerMacroTests" time="0.008"/>
  <testcase name="formSingleSelectFromMap" classname="org.springframework.web.reactive.result.view.freemarker.FreeMarkerMacroTests" time="0.008"/>
  <testcase name="formTextareaWithCustomRowsAndColumns" classname="org.springframework.web.reactive.result.view.freemarker.FreeMarkerMacroTests" time="0.008"/>
  <testcase name="message" classname="org.springframework.web.reactive.result.view.freemarker.FreeMarkerMacroTests" time="0.007"/>
  <testcase name="forInputWithNestedPath" classname="org.springframework.web.reactive.result.view.freemarker.FreeMarkerMacroTests" time="0.009"/>
  <testcase name="formTextarea" classname="org.springframework.web.reactive.result.view.freemarker.FreeMarkerMacroTests" time="0.011"/>
  <testcase name="messageArgsWithDefaultMessage" classname="org.springframework.web.reactive.result.view.freemarker.FreeMarkerMacroTests" time="0.007"/>
  <testcase name="formPasswordInput" classname="org.springframework.web.reactive.result.view.freemarker.FreeMarkerMacroTests" time="0.009"/>
  <testcase name="formHiddenInput" classname="org.springframework.web.reactive.result.view.freemarker.FreeMarkerMacroTests" time="0.011"/>
  <testcase name="formInput" classname="org.springframework.web.reactive.result.view.freemarker.FreeMarkerMacroTests" time="0.014"/>
  <testcase name="formInputHidden" classname="org.springframework.web.reactive.result.view.freemarker.FreeMarkerMacroTests" time="0.021"/>
  <system-out><![CDATA[22:42:13.347 [Test worker] DEBUG o.s.w.r.r.v.f.FreeMarkerConfigurer - Template loader path [class path resource []] resolved to file path [/Users/lichangbao/resources/spring/spring-webflux/build/classes/java/test]
22:42:13.347 [Test worker] DEBUG o.s.w.r.r.v.f.FreeMarkerConfigurer - Template loader path [URL [file:/var/folders/wc/jkrbhr5s6qz2yyty5r0691380000gn/T/]] resolved to file path [/var/folders/wc/jkrbhr5s6qz2yyty5r0691380000gn/T]
22:42:13.352 [Test worker] DEBUG o.s.w.r.r.v.f.FreeMarkerView - [15daa6ae] View name 'myView', model {command=Darren, springMacroRequestContext=org.springframework.web.reactive.result.view.DummyMacroRequestContext@61463ac7, msgArgs=[Ljava.lang.Object;@3d5dee5f, nameOptionMap={Rob&Harrop=Rob Harrop, Darren=Darren Davison, John=John Doe, Fred=Fred Bloggs}, options=[Rob Harrop, Darren Davison, John Doe, Fred Bloggs]}
22:42:13.352 [Test worker] DEBUG o.s.w.r.r.v.f.FreeMarkerView - [15daa6ae] Rendering [tmp.ftl]
22:42:13.668 [Test worker] DEBUG o.s.w.r.r.v.f.FreeMarkerConfigurer - Template loader path [class path resource []] resolved to file path [/Users/lichangbao/resources/spring/spring-webflux/build/classes/java/test]
22:42:13.668 [Test worker] DEBUG o.s.w.r.r.v.f.FreeMarkerConfigurer - Template loader path [URL [file:/var/folders/wc/jkrbhr5s6qz2yyty5r0691380000gn/T/]] resolved to file path [/var/folders/wc/jkrbhr5s6qz2yyty5r0691380000gn/T]
22:42:13.669 [Test worker] DEBUG o.s.w.r.r.v.f.FreeMarkerView - [7e4021c1] View name 'myView', model {command=Darren, springMacroRequestContext=org.springframework.web.reactive.result.view.DummyMacroRequestContext@1ac325f7, msgArgs=[Ljava.lang.Object;@2a1482ce, nameOptionMap={Rob&Harrop=Rob Harrop, Darren=Darren Davison, John=John Doe, Fred=Fred Bloggs}, options=[Rob Harrop, Darren Davison, John Doe, Fred Bloggs]}
22:42:13.669 [Test worker] DEBUG o.s.w.r.r.v.f.FreeMarkerView - [7e4021c1] Rendering [tmp.ftl]
22:42:13.684 [Test worker] DEBUG o.s.w.r.r.v.f.FreeMarkerConfigurer - Template loader path [class path resource []] resolved to file path [/Users/lichangbao/resources/spring/spring-webflux/build/classes/java/test]
22:42:13.684 [Test worker] DEBUG o.s.w.r.r.v.f.FreeMarkerConfigurer - Template loader path [URL [file:/var/folders/wc/jkrbhr5s6qz2yyty5r0691380000gn/T/]] resolved to file path [/var/folders/wc/jkrbhr5s6qz2yyty5r0691380000gn/T]
22:42:13.685 [Test worker] DEBUG o.s.w.r.r.v.f.FreeMarkerView - [7665e8e4] View name 'myView', model {command=Darren, springMacroRequestContext=org.springframework.web.reactive.result.view.DummyMacroRequestContext@1a8c3d82, msgArgs=[Ljava.lang.Object;@7cf84b99, nameOptionMap={Rob&Harrop=Rob Harrop, Darren=Darren Davison, John=John Doe, Fred=Fred Bloggs}, options=[Rob Harrop, Darren Davison, John Doe, Fred Bloggs]}
22:42:13.685 [Test worker] DEBUG o.s.w.r.r.v.f.FreeMarkerView - [7665e8e4] Rendering [tmp.ftl]
22:42:13.700 [Test worker] DEBUG o.s.w.r.r.v.f.FreeMarkerConfigurer - Template loader path [class path resource []] resolved to file path [/Users/lichangbao/resources/spring/spring-webflux/build/classes/java/test]
22:42:13.700 [Test worker] DEBUG o.s.w.r.r.v.f.FreeMarkerConfigurer - Template loader path [URL [file:/var/folders/wc/jkrbhr5s6qz2yyty5r0691380000gn/T/]] resolved to file path [/var/folders/wc/jkrbhr5s6qz2yyty5r0691380000gn/T]
22:42:13.700 [Test worker] DEBUG o.s.w.r.r.v.f.FreeMarkerView - [44a7a4c9] View name 'myView', model {command=Darren, springMacroRequestContext=org.springframework.web.reactive.result.view.DummyMacroRequestContext@5a3d9d0a, msgArgs=[Ljava.lang.Object;@41e86bf, nameOptionMap={Rob&Harrop=Rob Harrop, Darren=Darren Davison, John=John Doe, Fred=Fred Bloggs}, options=[Rob Harrop, Darren Davison, John Doe, Fred Bloggs]}
22:42:13.701 [Test worker] DEBUG o.s.w.r.r.v.f.FreeMarkerView - [44a7a4c9] Rendering [tmp.ftl]
22:42:13.712 [Test worker] DEBUG o.s.w.r.r.v.f.FreeMarkerConfigurer - Template loader path [class path resource []] resolved to file path [/Users/lichangbao/resources/spring/spring-webflux/build/classes/java/test]
22:42:13.712 [Test worker] DEBUG o.s.w.r.r.v.f.FreeMarkerConfigurer - Template loader path [URL [file:/var/folders/wc/jkrbhr5s6qz2yyty5r0691380000gn/T/]] resolved to file path [/var/folders/wc/jkrbhr5s6qz2yyty5r0691380000gn/T]
22:42:13.713 [Test worker] DEBUG o.s.w.r.r.v.f.FreeMarkerView - [26fc74a9] View name 'myView', model {command=Darren, springMacroRequestContext=org.springframework.web.reactive.result.view.DummyMacroRequestContext@6935c061, msgArgs=[Ljava.lang.Object;@a830f87, nameOptionMap={Rob&Harrop=Rob Harrop, Darren=Darren Davison, John=John Doe, Fred=Fred Bloggs}, options=[Rob Harrop, Darren Davison, John Doe, Fred Bloggs]}
22:42:13.713 [Test worker] DEBUG o.s.w.r.r.v.f.FreeMarkerView - [26fc74a9] Rendering [tmp.ftl]
22:42:13.733 [Test worker] DEBUG o.s.w.r.r.v.f.FreeMarkerConfigurer - Template loader path [class path resource []] resolved to file path [/Users/lichangbao/resources/spring/spring-webflux/build/classes/java/test]
22:42:13.734 [Test worker] DEBUG o.s.w.r.r.v.f.FreeMarkerConfigurer - Template loader path [URL [file:/var/folders/wc/jkrbhr5s6qz2yyty5r0691380000gn/T/]] resolved to file path [/var/folders/wc/jkrbhr5s6qz2yyty5r0691380000gn/T]
22:42:13.734 [Test worker] DEBUG o.s.w.r.r.v.f.FreeMarkerMacroTests$1 - [6aab45f3] View name 'myView', model {testBean=Dilbert}
22:42:13.735 [Test worker] DEBUG o.s.w.r.r.v.f.FreeMarkerMacroTests$1 - [6aab45f3] Rendering [tmp.ftl]
22:42:13.748 [Test worker] DEBUG o.s.w.r.r.v.f.FreeMarkerConfigurer - Template loader path [class path resource []] resolved to file path [/Users/lichangbao/resources/spring/spring-webflux/build/classes/java/test]
22:42:13.749 [Test worker] DEBUG o.s.w.r.r.v.f.FreeMarkerConfigurer - Template loader path [URL [file:/var/folders/wc/jkrbhr5s6qz2yyty5r0691380000gn/T/]] resolved to file path [/var/folders/wc/jkrbhr5s6qz2yyty5r0691380000gn/T]
22:42:13.749 [Test worker] DEBUG o.s.w.r.r.v.f.FreeMarkerView - [79b59fe4] View name 'myView', model {command=Darren, springMacroRequestContext=org.springframework.web.reactive.result.view.DummyMacroRequestContext@27235abd, msgArgs=[Ljava.lang.Object;@6f236ccd, nameOptionMap={Rob&Harrop=Rob Harrop, Darren=Darren Davison, John=John Doe, Fred=Fred Bloggs}, options=[Rob Harrop, Darren Davison, John Doe, Fred Bloggs]}
22:42:13.749 [Test worker] DEBUG o.s.w.r.r.v.f.FreeMarkerView - [79b59fe4] Rendering [tmp.ftl]
22:42:13.759 [Test worker] DEBUG o.s.w.r.r.v.f.FreeMarkerConfigurer - Template loader path [class path resource []] resolved to file path [/Users/lichangbao/resources/spring/spring-webflux/build/classes/java/test]
22:42:13.759 [Test worker] DEBUG o.s.w.r.r.v.f.FreeMarkerConfigurer - Template loader path [URL [file:/var/folders/wc/jkrbhr5s6qz2yyty5r0691380000gn/T/]] resolved to file path [/var/folders/wc/jkrbhr5s6qz2yyty5r0691380000gn/T]
22:42:13.760 [Test worker] DEBUG o.s.w.r.r.v.f.FreeMarkerView - [55625ab3] View name 'myView', model {command=Darren, springMacroRequestContext=org.springframework.web.reactive.result.view.DummyMacroRequestContext@45fd5238, msgArgs=[Ljava.lang.Object;@5c16470, nameOptionMap={Rob&Harrop=Rob Harrop, Darren=Darren Davison, John=John Doe, Fred=Fred Bloggs}, options=[Rob Harrop, Darren Davison, John Doe, Fred Bloggs]}
22:42:13.760 [Test worker] DEBUG o.s.w.r.r.v.f.FreeMarkerView - [55625ab3] Rendering [tmp.ftl]
22:42:13.772 [Test worker] DEBUG o.s.w.r.r.v.f.FreeMarkerConfigurer - Template loader path [class path resource []] resolved to file path [/Users/lichangbao/resources/spring/spring-webflux/build/classes/java/test]
22:42:13.772 [Test worker] DEBUG o.s.w.r.r.v.f.FreeMarkerConfigurer - Template loader path [URL [file:/var/folders/wc/jkrbhr5s6qz2yyty5r0691380000gn/T/]] resolved to file path [/var/folders/wc/jkrbhr5s6qz2yyty5r0691380000gn/T]
22:42:13.773 [Test worker] DEBUG o.s.w.r.r.v.f.FreeMarkerView - [4d048c8f] View name 'myView', model {command=Darren, springMacroRequestContext=org.springframework.web.reactive.result.view.DummyMacroRequestContext@2df84168, msgArgs=[Ljava.lang.Object;@344c77fe, nameOptionMap={Rob&Harrop=Rob Harrop, Darren=Darren Davison, John=John Doe, Fred=Fred Bloggs}, options=[Rob Harrop, Darren Davison, John Doe, Fred Bloggs]}
22:42:13.773 [Test worker] DEBUG o.s.w.r.r.v.f.FreeMarkerView - [4d048c8f] Rendering [tmp.ftl]
22:42:13.782 [Test worker] DEBUG o.s.w.r.r.v.f.FreeMarkerConfigurer - Template loader path [class path resource []] resolved to file path [/Users/lichangbao/resources/spring/spring-webflux/build/classes/java/test]
22:42:13.782 [Test worker] DEBUG o.s.w.r.r.v.f.FreeMarkerConfigurer - Template loader path [URL [file:/var/folders/wc/jkrbhr5s6qz2yyty5r0691380000gn/T/]] resolved to file path [/var/folders/wc/jkrbhr5s6qz2yyty5r0691380000gn/T]
22:42:13.783 [Test worker] DEBUG o.s.w.r.r.v.f.FreeMarkerView - [3b082fc1] View name 'myView', model {command=Darren, springMacroRequestContext=org.springframework.web.reactive.result.view.DummyMacroRequestContext@5784f6d7, msgArgs=[Ljava.lang.Object;@6e8d157b, nameOptionMap={Rob&Harrop=Rob Harrop, Darren=Darren Davison, John=John Doe, Fred=Fred Bloggs}, options=[Rob Harrop, Darren Davison, John Doe, Fred Bloggs]}
22:42:13.783 [Test worker] DEBUG o.s.w.r.r.v.f.FreeMarkerView - [3b082fc1] Rendering [tmp.ftl]
22:42:13.793 [Test worker] DEBUG o.s.w.r.r.v.f.FreeMarkerConfigurer - Template loader path [class path resource []] resolved to file path [/Users/lichangbao/resources/spring/spring-webflux/build/classes/java/test]
22:42:13.793 [Test worker] DEBUG o.s.w.r.r.v.f.FreeMarkerConfigurer - Template loader path [URL [file:/var/folders/wc/jkrbhr5s6qz2yyty5r0691380000gn/T/]] resolved to file path [/var/folders/wc/jkrbhr5s6qz2yyty5r0691380000gn/T]
22:42:13.794 [Test worker] DEBUG o.s.w.r.r.v.f.FreeMarkerView - [63c9cda1] View name 'myView', model {command=Darren, springMacroRequestContext=org.springframework.web.reactive.result.view.DummyMacroRequestContext@2f4639ee, msgArgs=[Ljava.lang.Object;@2b059653, nameOptionMap={Rob&Harrop=Rob Harrop, Darren=Darren Davison, John=John Doe, Fred=Fred Bloggs}, options=[Rob Harrop, Darren Davison, John Doe, Fred Bloggs]}
22:42:13.794 [Test worker] DEBUG o.s.w.r.r.v.f.FreeMarkerView - [63c9cda1] Rendering [tmp.ftl]
22:42:13.804 [Test worker] DEBUG o.s.w.r.r.v.f.FreeMarkerConfigurer - Template loader path [class path resource []] resolved to file path [/Users/lichangbao/resources/spring/spring-webflux/build/classes/java/test]
22:42:13.805 [Test worker] DEBUG o.s.w.r.r.v.f.FreeMarkerConfigurer - Template loader path [URL [file:/var/folders/wc/jkrbhr5s6qz2yyty5r0691380000gn/T/]] resolved to file path [/var/folders/wc/jkrbhr5s6qz2yyty5r0691380000gn/T]
22:42:13.805 [Test worker] DEBUG o.s.w.r.r.v.f.FreeMarkerView - [6b15e05] View name 'myView', model {command=Darren, springMacroRequestContext=org.springframework.web.reactive.result.view.DummyMacroRequestContext@164d9130, msgArgs=[Ljava.lang.Object;@763fe458, nameOptionMap={Rob&Harrop=Rob Harrop, Darren=Darren Davison, John=John Doe, Fred=Fred Bloggs}, options=[Rob Harrop, Darren Davison, John Doe, Fred Bloggs]}
22:42:13.806 [Test worker] DEBUG o.s.w.r.r.v.f.FreeMarkerView - [6b15e05] Rendering [tmp.ftl]
22:42:13.814 [Test worker] DEBUG o.s.w.r.r.v.f.FreeMarkerConfigurer - Template loader path [class path resource []] resolved to file path [/Users/lichangbao/resources/spring/spring-webflux/build/classes/java/test]
22:42:13.814 [Test worker] DEBUG o.s.w.r.r.v.f.FreeMarkerConfigurer - Template loader path [URL [file:/var/folders/wc/jkrbhr5s6qz2yyty5r0691380000gn/T/]] resolved to file path [/var/folders/wc/jkrbhr5s6qz2yyty5r0691380000gn/T]
22:42:13.815 [Test worker] DEBUG o.s.w.r.r.v.f.FreeMarkerView - [3b320233] View name 'myView', model {command=Darren, springMacroRequestContext=org.springframework.web.reactive.result.view.DummyMacroRequestContext@2a69d0e5, msgArgs=[Ljava.lang.Object;@6a3d93bc, nameOptionMap={Rob&Harrop=Rob Harrop, Darren=Darren Davison, John=John Doe, Fred=Fred Bloggs}, options=[Rob Harrop, Darren Davison, John Doe, Fred Bloggs]}
22:42:13.815 [Test worker] DEBUG o.s.w.r.r.v.f.FreeMarkerView - [3b320233] Rendering [tmp.ftl]
22:42:13.823 [Test worker] DEBUG o.s.w.r.r.v.f.FreeMarkerConfigurer - Template loader path [class path resource []] resolved to file path [/Users/lichangbao/resources/spring/spring-webflux/build/classes/java/test]
22:42:13.824 [Test worker] DEBUG o.s.w.r.r.v.f.FreeMarkerConfigurer - Template loader path [URL [file:/var/folders/wc/jkrbhr5s6qz2yyty5r0691380000gn/T/]] resolved to file path [/var/folders/wc/jkrbhr5s6qz2yyty5r0691380000gn/T]
22:42:13.824 [Test worker] DEBUG o.s.w.r.r.v.f.FreeMarkerView - [3675af0f] View name 'myView', model {command=Darren, springMacroRequestContext=org.springframework.web.reactive.result.view.DummyMacroRequestContext@2089af13, msgArgs=[Ljava.lang.Object;@71567f24, nameOptionMap={Rob&Harrop=Rob Harrop, Darren=Darren Davison, John=John Doe, Fred=Fred Bloggs}, options=[Rob Harrop, Darren Davison, John Doe, Fred Bloggs]}
22:42:13.824 [Test worker] DEBUG o.s.w.r.r.v.f.FreeMarkerView - [3675af0f] Rendering [tmp.ftl]
22:42:13.836 [Test worker] DEBUG o.s.w.r.r.v.f.FreeMarkerConfigurer - Template loader path [class path resource []] resolved to file path [/Users/lichangbao/resources/spring/spring-webflux/build/classes/java/test]
22:42:13.836 [Test worker] DEBUG o.s.w.r.r.v.f.FreeMarkerConfigurer - Template loader path [URL [file:/var/folders/wc/jkrbhr5s6qz2yyty5r0691380000gn/T/]] resolved to file path [/var/folders/wc/jkrbhr5s6qz2yyty5r0691380000gn/T]
22:42:13.837 [Test worker] DEBUG o.s.w.r.r.v.f.FreeMarkerView - [4c4bff6b] View name 'myView', model {command=Darren, springMacroRequestContext=org.springframework.web.reactive.result.view.DummyMacroRequestContext@445bddc6, msgArgs=[Ljava.lang.Object;@26450a46, nameOptionMap={Rob&Harrop=Rob Harrop, Darren=Darren Davison, John=John Doe, Fred=Fred Bloggs}, options=[Rob Harrop, Darren Davison, John Doe, Fred Bloggs]}
22:42:13.837 [Test worker] DEBUG o.s.w.r.r.v.f.FreeMarkerView - [4c4bff6b] Rendering [tmp.ftl]
22:42:13.844 [Test worker] DEBUG o.s.w.r.r.v.f.FreeMarkerConfigurer - Template loader path [class path resource []] resolved to file path [/Users/lichangbao/resources/spring/spring-webflux/build/classes/java/test]
22:42:13.844 [Test worker] DEBUG o.s.w.r.r.v.f.FreeMarkerConfigurer - Template loader path [URL [file:/var/folders/wc/jkrbhr5s6qz2yyty5r0691380000gn/T/]] resolved to file path [/var/folders/wc/jkrbhr5s6qz2yyty5r0691380000gn/T]
22:42:13.845 [Test worker] DEBUG o.s.w.r.r.v.f.FreeMarkerView - [60410c7c] View name 'myView', model {command=Darren, springMacroRequestContext=org.springframework.web.reactive.result.view.DummyMacroRequestContext@8da0ef9, msgArgs=[Ljava.lang.Object;@20e7cdcb, nameOptionMap={Rob&Harrop=Rob Harrop, Darren=Darren Davison, John=John Doe, Fred=Fred Bloggs}, options=[Rob Harrop, Darren Davison, John Doe, Fred Bloggs]}
22:42:13.845 [Test worker] DEBUG o.s.w.r.r.v.f.FreeMarkerView - [60410c7c] Rendering [tmp.ftl]
22:42:13.851 [Test worker] DEBUG o.s.w.r.r.v.f.FreeMarkerConfigurer - Template loader path [class path resource []] resolved to file path [/Users/lichangbao/resources/spring/spring-webflux/build/classes/java/test]
22:42:13.851 [Test worker] DEBUG o.s.w.r.r.v.f.FreeMarkerConfigurer - Template loader path [URL [file:/var/folders/wc/jkrbhr5s6qz2yyty5r0691380000gn/T/]] resolved to file path [/var/folders/wc/jkrbhr5s6qz2yyty5r0691380000gn/T]
22:42:13.852 [Test worker] DEBUG o.s.w.r.r.v.f.FreeMarkerView - [3612ac7f] View name 'myView', model {command=Darren, springMacroRequestContext=org.springframework.web.reactive.result.view.DummyMacroRequestContext@3d9e732f, msgArgs=[Ljava.lang.Object;@58f8b0b0, nameOptionMap={Rob&Harrop=Rob Harrop, Darren=Darren Davison, John=John Doe, Fred=Fred Bloggs}, options=[Rob Harrop, Darren Davison, John Doe, Fred Bloggs]}
22:42:13.852 [Test worker] DEBUG o.s.w.r.r.v.f.FreeMarkerView - [3612ac7f] Rendering [tmp.ftl]
22:42:13.859 [Test worker] DEBUG o.s.w.r.r.v.f.FreeMarkerConfigurer - Template loader path [class path resource []] resolved to file path [/Users/lichangbao/resources/spring/spring-webflux/build/classes/java/test]
22:42:13.859 [Test worker] DEBUG o.s.w.r.r.v.f.FreeMarkerConfigurer - Template loader path [URL [file:/var/folders/wc/jkrbhr5s6qz2yyty5r0691380000gn/T/]] resolved to file path [/var/folders/wc/jkrbhr5s6qz2yyty5r0691380000gn/T]
22:42:13.860 [Test worker] DEBUG o.s.w.r.r.v.f.FreeMarkerView - [57c4d24b] View name 'myView', model {command=Darren, springMacroRequestContext=org.springframework.web.reactive.result.view.DummyMacroRequestContext@309a4c25, msgArgs=[Ljava.lang.Object;@40a41f75, nameOptionMap={Rob&Harrop=Rob Harrop, Darren=Darren Davison, John=John Doe, Fred=Fred Bloggs}, options=[Rob Harrop, Darren Davison, John Doe, Fred Bloggs]}
22:42:13.860 [Test worker] DEBUG o.s.w.r.r.v.f.FreeMarkerView - [57c4d24b] Rendering [tmp.ftl]
22:42:13.867 [Test worker] DEBUG o.s.w.r.r.v.f.FreeMarkerConfigurer - Template loader path [class path resource []] resolved to file path [/Users/lichangbao/resources/spring/spring-webflux/build/classes/java/test]
22:42:13.867 [Test worker] DEBUG o.s.w.r.r.v.f.FreeMarkerConfigurer - Template loader path [URL [file:/var/folders/wc/jkrbhr5s6qz2yyty5r0691380000gn/T/]] resolved to file path [/var/folders/wc/jkrbhr5s6qz2yyty5r0691380000gn/T]
22:42:13.868 [Test worker] DEBUG o.s.w.r.r.v.f.FreeMarkerView - [261ab1af] View name 'myView', model {command=Darren, springMacroRequestContext=org.springframework.web.reactive.result.view.DummyMacroRequestContext@494a30c8, msgArgs=[Ljava.lang.Object;@379bd170, nameOptionMap={Rob&Harrop=Rob Harrop, Darren=Darren Davison, John=John Doe, Fred=Fred Bloggs}, options=[Rob Harrop, Darren Davison, John Doe, Fred Bloggs]}
22:42:13.868 [Test worker] DEBUG o.s.w.r.r.v.f.FreeMarkerView - [261ab1af] Rendering [tmp.ftl]
22:42:13.875 [Test worker] DEBUG o.s.w.r.r.v.f.FreeMarkerConfigurer - Template loader path [class path resource []] resolved to file path [/Users/lichangbao/resources/spring/spring-webflux/build/classes/java/test]
22:42:13.875 [Test worker] DEBUG o.s.w.r.r.v.f.FreeMarkerConfigurer - Template loader path [URL [file:/var/folders/wc/jkrbhr5s6qz2yyty5r0691380000gn/T/]] resolved to file path [/var/folders/wc/jkrbhr5s6qz2yyty5r0691380000gn/T]
22:42:13.875 [Test worker] DEBUG o.s.w.r.r.v.f.FreeMarkerView - [7e45ee2] View name 'myView', model {command=Darren, springMacroRequestContext=org.springframework.web.reactive.result.view.DummyMacroRequestContext@36db6f4c, msgArgs=[Ljava.lang.Object;@708eee90, nameOptionMap={Rob&Harrop=Rob Harrop, Darren=Darren Davison, John=John Doe, Fred=Fred Bloggs}, options=[Rob Harrop, Darren Davison, John Doe, Fred Bloggs]}
22:42:13.875 [Test worker] DEBUG o.s.w.r.r.v.f.FreeMarkerView - [7e45ee2] Rendering [tmp.ftl]
22:42:13.882 [Test worker] DEBUG o.s.w.r.r.v.f.FreeMarkerConfigurer - Template loader path [class path resource []] resolved to file path [/Users/lichangbao/resources/spring/spring-webflux/build/classes/java/test]
22:42:13.882 [Test worker] DEBUG o.s.w.r.r.v.f.FreeMarkerConfigurer - Template loader path [URL [file:/var/folders/wc/jkrbhr5s6qz2yyty5r0691380000gn/T/]] resolved to file path [/var/folders/wc/jkrbhr5s6qz2yyty5r0691380000gn/T]
22:42:13.883 [Test worker] DEBUG o.s.w.r.r.v.f.FreeMarkerView - [7466fdf6] View name 'myView', model {command=Darren, springMacroRequestContext=org.springframework.web.reactive.result.view.DummyMacroRequestContext@41a5ec9d, msgArgs=[Ljava.lang.Object;@1776fa8f, nameOptionMap={Rob&Harrop=Rob Harrop, Darren=Darren Davison, John=John Doe, Fred=Fred Bloggs}, options=[Rob Harrop, Darren Davison, John Doe, Fred Bloggs]}
22:42:13.883 [Test worker] DEBUG o.s.w.r.r.v.f.FreeMarkerView - [7466fdf6] Rendering [tmp.ftl]
22:42:13.892 [Test worker] DEBUG o.s.w.r.r.v.f.FreeMarkerConfigurer - Template loader path [class path resource []] resolved to file path [/Users/lichangbao/resources/spring/spring-webflux/build/classes/java/test]
22:42:13.892 [Test worker] DEBUG o.s.w.r.r.v.f.FreeMarkerConfigurer - Template loader path [URL [file:/var/folders/wc/jkrbhr5s6qz2yyty5r0691380000gn/T/]] resolved to file path [/var/folders/wc/jkrbhr5s6qz2yyty5r0691380000gn/T]
22:42:13.894 [Test worker] DEBUG o.s.w.r.r.v.f.FreeMarkerView - [2160f925] View name 'myView', model {command=Darren, springMacroRequestContext=org.springframework.web.reactive.result.view.DummyMacroRequestContext@229b3550, msgArgs=[Ljava.lang.Object;@3bc58794, nameOptionMap={Rob&Harrop=Rob Harrop, Darren=Darren Davison, John=John Doe, Fred=Fred Bloggs}, options=[Rob Harrop, Darren Davison, John Doe, Fred Bloggs]}
22:42:13.896 [Test worker] DEBUG o.s.w.r.r.v.f.FreeMarkerView - [2160f925] Rendering [tmp.ftl]
22:42:13.903 [Test worker] DEBUG o.s.w.r.r.v.f.FreeMarkerConfigurer - Template loader path [class path resource []] resolved to file path [/Users/lichangbao/resources/spring/spring-webflux/build/classes/java/test]
22:42:13.903 [Test worker] DEBUG o.s.w.r.r.v.f.FreeMarkerConfigurer - Template loader path [URL [file:/var/folders/wc/jkrbhr5s6qz2yyty5r0691380000gn/T/]] resolved to file path [/var/folders/wc/jkrbhr5s6qz2yyty5r0691380000gn/T]
22:42:13.904 [Test worker] DEBUG o.s.w.r.r.v.f.FreeMarkerView - [5ccea1c] View name 'myView', model {command=Darren, springMacroRequestContext=org.springframework.web.reactive.result.view.DummyMacroRequestContext@200dba54, msgArgs=[Ljava.lang.Object;@60e608e2, nameOptionMap={Rob&Harrop=Rob Harrop, Darren=Darren Davison, John=John Doe, Fred=Fred Bloggs}, options=[Rob Harrop, Darren Davison, John Doe, Fred Bloggs]}
22:42:13.904 [Test worker] DEBUG o.s.w.r.r.v.f.FreeMarkerView - [5ccea1c] Rendering [tmp.ftl]
22:42:13.910 [Test worker] DEBUG o.s.w.r.r.v.f.FreeMarkerConfigurer - Template loader path [class path resource []] resolved to file path [/Users/lichangbao/resources/spring/spring-webflux/build/classes/java/test]
22:42:13.910 [Test worker] DEBUG o.s.w.r.r.v.f.FreeMarkerConfigurer - Template loader path [URL [file:/var/folders/wc/jkrbhr5s6qz2yyty5r0691380000gn/T/]] resolved to file path [/var/folders/wc/jkrbhr5s6qz2yyty5r0691380000gn/T]
22:42:13.911 [Test worker] DEBUG o.s.w.r.r.v.f.FreeMarkerView - [8c1518a] View name 'myView', model {command=Darren, springMacroRequestContext=org.springframework.web.reactive.result.view.DummyMacroRequestContext@3c059aff, msgArgs=[Ljava.lang.Object;@b7f3bc3, nameOptionMap={Rob&Harrop=Rob Harrop, Darren=Darren Davison, John=John Doe, Fred=Fred Bloggs}, options=[Rob Harrop, Darren Davison, John Doe, Fred Bloggs]}
22:42:13.911 [Test worker] DEBUG o.s.w.r.r.v.f.FreeMarkerView - [8c1518a] Rendering [tmp.ftl]
22:42:13.919 [Test worker] DEBUG o.s.w.r.r.v.f.FreeMarkerConfigurer - Template loader path [class path resource []] resolved to file path [/Users/lichangbao/resources/spring/spring-webflux/build/classes/java/test]
22:42:13.919 [Test worker] DEBUG o.s.w.r.r.v.f.FreeMarkerConfigurer - Template loader path [URL [file:/var/folders/wc/jkrbhr5s6qz2yyty5r0691380000gn/T/]] resolved to file path [/var/folders/wc/jkrbhr5s6qz2yyty5r0691380000gn/T]
22:42:13.920 [Test worker] DEBUG o.s.w.r.r.v.f.FreeMarkerView - [6bbe8418] View name 'myView', model {command=Darren, springMacroRequestContext=org.springframework.web.reactive.result.view.DummyMacroRequestContext@71e9a8c2, msgArgs=[Ljava.lang.Object;@229e8bb8, nameOptionMap={Rob&Harrop=Rob Harrop, Darren=Darren Davison, John=John Doe, Fred=Fred Bloggs}, options=[Rob Harrop, Darren Davison, John Doe, Fred Bloggs]}
22:42:13.920 [Test worker] DEBUG o.s.w.r.r.v.f.FreeMarkerView - [6bbe8418] Rendering [tmp.ftl]
22:42:13.931 [Test worker] DEBUG o.s.w.r.r.v.f.FreeMarkerConfigurer - Template loader path [class path resource []] resolved to file path [/Users/lichangbao/resources/spring/spring-webflux/build/classes/java/test]
22:42:13.931 [Test worker] DEBUG o.s.w.r.r.v.f.FreeMarkerConfigurer - Template loader path [URL [file:/var/folders/wc/jkrbhr5s6qz2yyty5r0691380000gn/T/]] resolved to file path [/var/folders/wc/jkrbhr5s6qz2yyty5r0691380000gn/T]
22:42:13.932 [Test worker] DEBUG o.s.w.r.r.v.f.FreeMarkerView - [6bbe4e37] View name 'myView', model {command=Darren, springMacroRequestContext=org.springframework.web.reactive.result.view.DummyMacroRequestContext@2e2d335, msgArgs=[Ljava.lang.Object;@1a97b14a, nameOptionMap={Rob&Harrop=Rob Harrop, Darren=Darren Davison, John=John Doe, Fred=Fred Bloggs}, options=[Rob Harrop, Darren Davison, John Doe, Fred Bloggs]}
22:42:13.932 [Test worker] DEBUG o.s.w.r.r.v.f.FreeMarkerView - [6bbe4e37] Rendering [tmp.ftl]
22:42:13.946 [Test worker] DEBUG o.s.w.r.r.v.f.FreeMarkerConfigurer - Template loader path [class path resource []] resolved to file path [/Users/lichangbao/resources/spring/spring-webflux/build/classes/java/test]
22:42:13.946 [Test worker] DEBUG o.s.w.r.r.v.f.FreeMarkerConfigurer - Template loader path [URL [file:/var/folders/wc/jkrbhr5s6qz2yyty5r0691380000gn/T/]] resolved to file path [/var/folders/wc/jkrbhr5s6qz2yyty5r0691380000gn/T]
22:42:13.947 [Test worker] DEBUG o.s.w.r.r.v.f.FreeMarkerView - [404d18b1] View name 'myView', model {command=Darren, springMacroRequestContext=org.springframework.web.reactive.result.view.DummyMacroRequestContext@31fea9d1, msgArgs=[Ljava.lang.Object;@18ee3fee, nameOptionMap={Rob&Harrop=Rob Harrop, Darren=Darren Davison, John=John Doe, Fred=Fred Bloggs}, options=[Rob Harrop, Darren Davison, John Doe, Fred Bloggs]}
22:42:13.949 [Test worker] DEBUG o.s.w.r.r.v.f.FreeMarkerView - [404d18b1] Rendering [tmp.ftl]
]]></system-out>
  <system-err><![CDATA[]]></system-err>
</testsuite>
