<?xml version="1.0" encoding="UTF-8"?>
<testsuite name="org.springframework.web.reactive.function.server.RequestPredicatesTests" tests="13" skipped="0" failures="0" errors="0" timestamp="2020-11-25T14:43:22" hostname="lichangbaodeMacBook-Pro.local" time="0.304">
  <properties/>
  <testcase name="allMethods" classname="org.springframework.web.reactive.function.server.RequestPredicatesTests" time="0.077"/>
  <testcase name="accept" classname="org.springframework.web.reactive.function.server.RequestPredicatesTests" time="0.021"/>
  <testcase name="method" classname="org.springframework.web.reactive.function.server.RequestPredicatesTests" time="0.02"/>
  <testcase name="pathPredicates" classname="org.springframework.web.reactive.function.server.RequestPredicatesTests" time="0.011"/>
  <testcase name="contentType" classname="org.springframework.web.reactive.function.server.RequestPredicatesTests" time="0.021"/>
  <testcase name="queryParam" classname="org.springframework.web.reactive.function.server.RequestPredicatesTests" time="0.011"/>
  <testcase name="all" classname="org.springframework.web.reactive.function.server.RequestPredicatesTests" time="0.01"/>
  <testcase name="path" classname="org.springframework.web.reactive.function.server.RequestPredicatesTests" time="0.021"/>
  <testcase name="pathNoLeadingSlash" classname="org.springframework.web.reactive.function.server.RequestPredicatesTests" time="0.011"/>
  <testcase name="pathEncoded" classname="org.springframework.web.reactive.function.server.RequestPredicatesTests" time="0.02"/>
  <testcase name="headers" classname="org.springframework.web.reactive.function.server.RequestPredicatesTests" time="0.02"/>
  <testcase name="methods" classname="org.springframework.web.reactive.function.server.RequestPredicatesTests" time="0.031"/>
  <testcase name="pathExtension" classname="org.springframework.web.reactive.function.server.RequestPredicatesTests" time="0.03"/>
  <system-out><![CDATA[]]></system-out>
  <system-err><![CDATA[]]></system-err>
</testsuite>
