<?xml version="1.0" encoding="UTF-8"?>
<testsuite name="org.springframework.web.reactive.result.method.annotation.MessageWriterResultHandlerTests" tests="7" skipped="0" failures="0" errors="0" timestamp="2020-11-25T14:42:32" hostname="lichangbaodeMacBook-Pro.local" time="0.103">
  <properties/>
  <testcase name="useDefaultContentType" classname="org.springframework.web.reactive.result.method.annotation.MessageWriterResultHandlerTests" time="0.034"/>
  <testcase name="jacksonTypeWithSubTypeOfListElement" classname="org.springframework.web.reactive.result.method.annotation.MessageWriterResultHandlerTests" time="0.008"/>
  <testcase name="voidReturnType" classname="org.springframework.web.reactive.result.method.annotation.MessageWriterResultHandlerTests" time="0.03"/>
  <testcase name="jacksonTypeOfListElement" classname="org.springframework.web.reactive.result.method.annotation.MessageWriterResultHandlerTests" time="0.022"/>
  <testcase name="jacksonTypeWithSubType" classname="org.springframework.web.reactive.result.method.annotation.MessageWriterResultHandlerTests" time="0.003"/>
  <testcase name="useDefaultCharset" classname="org.springframework.web.reactive.result.method.annotation.MessageWriterResultHandlerTests" time="0.003"/>
  <testcase name="unsupportedReturnType" classname="org.springframework.web.reactive.result.method.annotation.MessageWriterResultHandlerTests" time="0.003"/>
  <system-out><![CDATA[22:42:32.687 [Test worker] DEBUG o.s.w.r.r.m.a.MessageWriterResultHandlerTests$1 - Using 'application/octet-stream' given [*/*] and supported [application/octet-stream, */*, application/json, application/*+json]
22:42:32.687 [Test worker] DEBUG o.s.w.r.r.m.a.MessageWriterResultHandlerTests$1 - [7178dc67] 0..1 [org.springframework.core.io.Resource]
22:42:32.698 [Test worker] DEBUG o.s.h.c.ResourceHttpMessageWriter - [7178dc67] Resource associated with 'image/png'
22:42:32.701 [Test worker] DEBUG o.s.c.c.ResourceEncoder - [7178dc67] Writing [class path resource [org/springframework/web/reactive/result/method/annotation/logo.png]]
22:42:32.720 [Test worker] DEBUG o.s.w.r.r.m.a.MessageWriterResultHandlerTests$1 - Using 'application/json' given [*/*] and supported [application/json, application/*+json]
22:42:32.720 [Test worker] DEBUG o.s.w.r.r.m.a.MessageWriterResultHandlerTests$1 - [5da5d3be] 0..1 [java.util.List<org.springframework.web.reactive.result.method.annotation.MessageWriterResultHandlerTests$Identifiable>]
22:42:32.721 [Test worker] DEBUG o.s.h.c.j.Jackson2JsonEncoder - [5da5d3be] Encoding [[org.springframework.web.reactive.result.method.annotation.MessageWriterResultHandlerTests$SimpleBea (truncated)...]
22:42:32.757 [Test worker] DEBUG o.s.w.r.r.m.a.MessageWriterResultHandlerTests$1 - Using 'application/json' given [*/*] and supported [application/json, application/*+json]
22:42:32.757 [Test worker] DEBUG o.s.w.r.r.m.a.MessageWriterResultHandlerTests$1 - [818d4c7] 0..1 [java.util.List<org.springframework.web.reactive.result.method.annotation.MessageWriterResultHandlerTests$ParentClass>]
22:42:32.758 [Test worker] DEBUG o.s.h.c.j.Jackson2JsonEncoder - [818d4c7] Encoding [[org.springframework.web.reactive.result.method.annotation.MessageWriterResultHandlerTests$Foo@260be (truncated)...]
22:42:32.779 [Test worker] DEBUG o.s.w.r.r.m.a.MessageWriterResultHandlerTests$1 - Using 'application/json' given [*/*] and supported [application/json, application/*+json]
22:42:32.779 [Test worker] DEBUG o.s.w.r.r.m.a.MessageWriterResultHandlerTests$1 - [6bc17cf3] 0..1 [org.springframework.web.reactive.result.method.annotation.MessageWriterResultHandlerTests$Identifiable]
22:42:32.779 [Test worker] DEBUG o.s.h.c.j.Jackson2JsonEncoder - [6bc17cf3] Encoding [org.springframework.web.reactive.result.method.annotation.MessageWriterResultHandlerTests$SimpleBean (truncated)...]
22:42:32.782 [Test worker] DEBUG o.s.w.r.r.m.a.MessageWriterResultHandlerTests$1 - Using 'application/json' given [*/*] and supported [application/json]
22:42:32.782 [Test worker] DEBUG o.s.w.r.r.m.a.MessageWriterResultHandlerTests$1 - [5833d8fa] 0..1 [java.lang.String]
22:42:32.782 [Test worker] DEBUG o.s.c.c.CharSequenceEncoder - [5833d8fa] Writing "foo"
22:42:32.785 [Test worker] DEBUG o.s.w.r.r.m.a.MessageWriterResultHandlerTests$1 - [1a1630f8] No match for [*/*], supported: []
]]></system-out>
  <system-err><![CDATA[]]></system-err>
</testsuite>
