<?xml version="1.0" encoding="UTF-8"?>
<testsuite name="org.springframework.web.reactive.result.method.annotation.RequestPartMethodArgumentResolverTests" tests="13" skipped="0" failures="0" errors="0" timestamp="2019-06-21T11:48:14" hostname="Macbook-Air.local" time="0.426">
  <properties/>
  <testcase name="fluxPart" classname="org.springframework.web.reactive.result.method.annotation.RequestPartMethodArgumentResolverTests" time="0.04"/>
  <testcase name="partRequired" classname="org.springframework.web.reactive.result.method.annotation.RequestPartMethodArgumentResolverTests" time="0.025"/>
  <testcase name="fluxPerson" classname="org.springframework.web.reactive.result.method.annotation.RequestPartMethodArgumentResolverTests" time="0.039"/>
  <testcase name="person" classname="org.springframework.web.reactive.result.method.annotation.RequestPartMethodArgumentResolverTests" time="0.031"/>
  <testcase name="personRequired" classname="org.springframework.web.reactive.result.method.annotation.RequestPartMethodArgumentResolverTests" time="0.034"/>
  <testcase name="personNotRequired" classname="org.springframework.web.reactive.result.method.annotation.RequestPartMethodArgumentResolverTests" time="0.03"/>
  <testcase name="monoPart" classname="org.springframework.web.reactive.result.method.annotation.RequestPartMethodArgumentResolverTests" time="0.031"/>
  <testcase name="partNotRequired" classname="org.springframework.web.reactive.result.method.annotation.RequestPartMethodArgumentResolverTests" time="0.035"/>
  <testcase name="part" classname="org.springframework.web.reactive.result.method.annotation.RequestPartMethodArgumentResolverTests" time="0.027"/>
  <testcase name="listPerson" classname="org.springframework.web.reactive.result.method.annotation.RequestPartMethodArgumentResolverTests" time="0.04"/>
  <testcase name="listPart" classname="org.springframework.web.reactive.result.method.annotation.RequestPartMethodArgumentResolverTests" time="0.033"/>
  <testcase name="supportsParameter" classname="org.springframework.web.reactive.result.method.annotation.RequestPartMethodArgumentResolverTests" time="0.023"/>
  <testcase name="monoPerson" classname="org.springframework.web.reactive.result.method.annotation.RequestPartMethodArgumentResolverTests" time="0.037"/>
  <system-out><![CDATA[19:48:14.893 [Test worker] DEBUG o.s.h.c.m.MultipartHttpMessageWriter - Encoding parts [name] (content masked)
19:48:14.923 [Test worker] DEBUG o.s.h.c.m.MultipartHttpMessageWriter - Encoding parts [] (content masked)
19:48:14.952 [Test worker] DEBUG o.s.h.c.m.MultipartHttpMessageWriter - Encoding parts [name] (content masked)
19:48:14.968 [Test worker] DEBUG o.s.w.r.r.m.a.RequestPartMethodArgumentResolver - [75604b9] Decoding part 'name'
19:48:14.969 [Test worker] DEBUG o.s.w.r.r.m.a.RequestPartMethodArgumentResolver - [75604b9] Content-Type:application/json
19:48:14.969 [Test worker] DEBUG o.s.w.r.r.m.a.RequestPartMethodArgumentResolver - [75604b9] 0..1 [org.springframework.web.reactive.result.method.annotation.RequestPartMethodArgumentResolverTests$Person]
19:48:14.970 [Test worker] DEBUG o.s.h.c.j.Jackson2JsonDecoder - [75604b9] Decoded [org.springframework.web.reactive.result.method.annotation.RequestPartMethodArgumentResolverTests$Per (truncated)...]
19:48:14.970 [Test worker] DEBUG o.s.w.r.r.m.a.RequestPartMethodArgumentResolver - [75604b9] Decoding part 'name'
19:48:14.970 [Test worker] DEBUG o.s.w.r.r.m.a.RequestPartMethodArgumentResolver - [75604b9] Content-Type:application/json
19:48:14.970 [Test worker] DEBUG o.s.w.r.r.m.a.RequestPartMethodArgumentResolver - [75604b9] 0..1 [org.springframework.web.reactive.result.method.annotation.RequestPartMethodArgumentResolverTests$Person]
19:48:14.970 [Test worker] DEBUG o.s.h.c.j.Jackson2JsonDecoder - [75604b9] Decoded [org.springframework.web.reactive.result.method.annotation.RequestPartMethodArgumentResolverTests$Per (truncated)...]
19:48:14.991 [Test worker] DEBUG o.s.h.c.m.MultipartHttpMessageWriter - Encoding parts [name] (content masked)
19:48:15.000 [Test worker] DEBUG o.s.w.r.r.m.a.RequestPartMethodArgumentResolver - [1c1013c6] Decoding part 'name'
19:48:15.000 [Test worker] DEBUG o.s.w.r.r.m.a.RequestPartMethodArgumentResolver - [1c1013c6] Content-Type:application/json
19:48:15.001 [Test worker] DEBUG o.s.w.r.r.m.a.RequestPartMethodArgumentResolver - [1c1013c6] 0..1 [org.springframework.web.reactive.result.method.annotation.RequestPartMethodArgumentResolverTests$Person]
19:48:15.001 [Test worker] DEBUG o.s.h.c.j.Jackson2JsonDecoder - [1c1013c6] Decoded [org.springframework.web.reactive.result.method.annotation.RequestPartMethodArgumentResolverTests$Per (truncated)...]
19:48:15.028 [Test worker] DEBUG o.s.h.c.m.MultipartHttpMessageWriter - Encoding parts [] (content masked)
19:48:15.055 [Test worker] DEBUG o.s.h.c.m.MultipartHttpMessageWriter - Encoding parts [] (content masked)
19:48:15.089 [Test worker] DEBUG o.s.h.c.m.MultipartHttpMessageWriter - Encoding parts [name] (content masked)
19:48:15.123 [Test worker] DEBUG o.s.h.c.m.MultipartHttpMessageWriter - Encoding parts [] (content masked)
19:48:15.149 [Test worker] DEBUG o.s.h.c.m.MultipartHttpMessageWriter - Encoding parts [name] (content masked)
19:48:15.187 [Test worker] DEBUG o.s.h.c.m.MultipartHttpMessageWriter - Encoding parts [name] (content masked)
19:48:15.196 [Test worker] DEBUG o.s.w.r.r.m.a.RequestPartMethodArgumentResolver - [4ed45954] Decoding part 'name'
19:48:15.197 [Test worker] DEBUG o.s.w.r.r.m.a.RequestPartMethodArgumentResolver - [4ed45954] Content-Type:application/json
19:48:15.197 [Test worker] DEBUG o.s.w.r.r.m.a.RequestPartMethodArgumentResolver - [4ed45954] 0..1 [org.springframework.web.reactive.result.method.annotation.RequestPartMethodArgumentResolverTests$Person]
19:48:15.198 [Test worker] DEBUG o.s.h.c.j.Jackson2JsonDecoder - [4ed45954] Decoded [org.springframework.web.reactive.result.method.annotation.RequestPartMethodArgumentResolverTests$Per (truncated)...]
19:48:15.198 [Test worker] DEBUG o.s.w.r.r.m.a.RequestPartMethodArgumentResolver - [4ed45954] Decoding part 'name'
19:48:15.198 [Test worker] DEBUG o.s.w.r.r.m.a.RequestPartMethodArgumentResolver - [4ed45954] Content-Type:application/json
19:48:15.198 [Test worker] DEBUG o.s.w.r.r.m.a.RequestPartMethodArgumentResolver - [4ed45954] 0..1 [org.springframework.web.reactive.result.method.annotation.RequestPartMethodArgumentResolverTests$Person]
19:48:15.198 [Test worker] DEBUG o.s.h.c.j.Jackson2JsonDecoder - [4ed45954] Decoded [org.springframework.web.reactive.result.method.annotation.RequestPartMethodArgumentResolverTests$Per (truncated)...]
19:48:15.222 [Test worker] DEBUG o.s.h.c.m.MultipartHttpMessageWriter - Encoding parts [name] (content masked)
19:48:15.282 [Test worker] DEBUG o.s.h.c.m.MultipartHttpMessageWriter - Encoding parts [name] (content masked)
19:48:15.291 [Test worker] DEBUG o.s.w.r.r.m.a.RequestPartMethodArgumentResolver - [84f9192] Decoding part 'name'
19:48:15.291 [Test worker] DEBUG o.s.w.r.r.m.a.RequestPartMethodArgumentResolver - [84f9192] Content-Type:application/json
19:48:15.291 [Test worker] DEBUG o.s.w.r.r.m.a.RequestPartMethodArgumentResolver - [84f9192] 0..1 [org.springframework.web.reactive.result.method.annotation.RequestPartMethodArgumentResolverTests$Person]
19:48:15.292 [Test worker] DEBUG o.s.h.c.j.Jackson2JsonDecoder - [84f9192] Decoded [org.springframework.web.reactive.result.method.annotation.RequestPartMethodArgumentResolverTests$Per (truncated)...]
]]></system-out>
  <system-err><![CDATA[]]></system-err>
</testsuite>
