<?xml version="1.0" encoding="UTF-8"?>
<testsuite name="org.springframework.web.reactive.result.method.annotation.ErrorsMethodArgumentResolverTests" tests="5" skipped="0" failures="0" errors="0" timestamp="2020-11-25T14:42:25" hostname="lichangbaodeMacBook-Pro.local" time="0.004">
  <properties/>
  <testcase name="resolveWithBindingResultNotFound" classname="org.springframework.web.reactive.result.method.annotation.ErrorsMethodArgumentResolverTests" time="0.003"/>
  <testcase name="supports" classname="org.springframework.web.reactive.result.method.annotation.ErrorsMethodArgumentResolverTests" time="0.0"/>
  <testcase name="resolveWithMonoOnBindingResultAndModelAttribute" classname="org.springframework.web.reactive.result.method.annotation.ErrorsMethodArgumentResolverTests" time="0.001"/>
  <testcase name="resolve" classname="org.springframework.web.reactive.result.method.annotation.ErrorsMethodArgumentResolverTests" time="0.0"/>
  <testcase name="resolveWithMono" classname="org.springframework.web.reactive.result.method.annotation.ErrorsMethodArgumentResolverTests" time="0.0"/>
  <system-out><![CDATA[]]></system-out>
  <system-err><![CDATA[]]></system-err>
</testsuite>
