<?xml version="1.0" encoding="UTF-8"?>
<testsuite name="org.springframework.web.reactive.function.client.WebClientExtensionsTests" tests="8" skipped="0" failures="0" errors="0" timestamp="2019-06-21T11:49:26" hostname="Macbook-Air.local" time="1.586">
  <properties/>
  <testcase name="bodyToFlow with reified type parameters" classname="org.springframework.web.reactive.function.client.WebClientExtensionsTests" time="1.031"/>
  <testcase name="ResponseSpec#bodyToMono with reified type parameters" classname="org.springframework.web.reactive.function.client.WebClientExtensionsTests" time="0.017"/>
  <testcase name="body" classname="org.springframework.web.reactive.function.client.WebClientExtensionsTests" time="0.293"/>
  <testcase name="RequestBodySpec#body with Publisher and reified type parameters" classname="org.springframework.web.reactive.function.client.WebClientExtensionsTests" time="0.015"/>
  <testcase name="awaitExchange" classname="org.springframework.web.reactive.function.client.WebClientExtensionsTests" time="0.179"/>
  <testcase name="awaitBody" classname="org.springframework.web.reactive.function.client.WebClientExtensionsTests" time="0.018"/>
  <testcase name="RequestBodySpec#body with Flow and reified type parameters" classname="org.springframework.web.reactive.function.client.WebClientExtensionsTests" time="0.016"/>
  <testcase name="ResponseSpec#bodyToFlux with reified type parameters" classname="org.springframework.web.reactive.function.client.WebClientExtensionsTests" time="0.013"/>
  <system-out><![CDATA[]]></system-out>
  <system-err><![CDATA[]]></system-err>
</testsuite>
