<?xml version="1.0" encoding="UTF-8"?>
<testsuite name="org.springframework.web.reactive.function.server.ResourceHandlerFunctionTests" tests="3" skipped="0" failures="0" errors="0" timestamp="2020-11-25T14:43:22" hostname="lichangbaodeMacBook-Pro.local" time="0.072">
  <properties/>
  <testcase name="options" classname="org.springframework.web.reactive.function.server.ResourceHandlerFunctionTests" time="0.025"/>
  <testcase name="get" classname="org.springframework.web.reactive.function.server.ResourceHandlerFunctionTests" time="0.022"/>
  <testcase name="head" classname="org.springframework.web.reactive.function.server.ResourceHandlerFunctionTests" time="0.025"/>
  <system-out><![CDATA[22:43:22.311 [Test worker] DEBUG o.s.h.c.ResourceHttpMessageWriter - [1808ce09] Resource associated with 'text/plain'
22:43:22.311 [Test worker] DEBUG o.s.c.c.ResourceEncoder - [1808ce09] Writing [class path resource [org/springframework/web/reactive/function/server/response.txt]]
22:43:22.334 [Test worker] DEBUG o.s.h.c.ResourceHttpMessageWriter - [afdc71a] Resource associated with 'text/plain'
22:43:22.334 [Test worker] DEBUG o.s.c.c.ResourceEncoder - [afdc71a] Writing [org.springframework.web.reactive.function.server.ResourceHandlerFunction$HeadMethodResource@432d3272]
]]></system-out>
  <system-err><![CDATA[]]></system-err>
</testsuite>
