<?xml version="1.0" encoding="UTF-8"?>
<testsuite name="org.springframework.web.reactive.function.server.RouterFunctionBuilderTests" tests="4" skipped="0" failures="0" errors="0" timestamp="2020-11-25T14:43:24" hostname="lichangbaodeMacBook-Pro.local" time="0.095">
  <properties/>
  <testcase name="resources" classname="org.springframework.web.reactive.function.server.RouterFunctionBuilderTests" time="0.021"/>
  <testcase name="filters" classname="org.springframework.web.reactive.function.server.RouterFunctionBuilderTests" time="0.023"/>
  <testcase name="nest" classname="org.springframework.web.reactive.function.server.RouterFunctionBuilderTests" time="0.011"/>
  <testcase name="route" classname="org.springframework.web.reactive.function.server.RouterFunctionBuilderTests" time="0.04"/>
  <system-out><![CDATA[]]></system-out>
  <system-err><![CDATA[]]></system-err>
</testsuite>
