<?xml version="1.0" encoding="UTF-8"?>
<testsuite name="org.springframework.web.reactive.result.method.annotation.ContextPathIntegrationTests" tests="2" skipped="0" failures="0" errors="0" timestamp="2019-06-21T11:47:46" hostname="Macbook-Air.local" time="0.397">
  <properties/>
  <testcase name="servletPathMapping" classname="org.springframework.web.reactive.result.method.annotation.ContextPathIntegrationTests" time="0.155"/>
  <testcase name="multipleWebFluxApps" classname="org.springframework.web.reactive.result.method.annotation.ContextPathIntegrationTests" time="0.242"/>
  <system-out><![CDATA[19:47:46.935 [Test worker] DEBUG o.s.w.r.r.m.a.RequestMappingHandlerMapping - 1 mappings in 'requestMappingHandlerMapping'
19:47:46.964 [Test worker] DEBUG o.s.w.r.r.m.a.ControllerMethodResolver - ControllerAdvice beans: none
19:47:47.007 [Test worker] DEBUG o.s.w.s.a.HttpWebHandlerAdapter - enableLoggingRequestDetails='false': form data and headers will be masked to prevent unsafe logging of potentially sensitive data
19:47:47.008 [Test worker] DEBUG o.s.h.s.r.b.TomcatHttpServer - Starting TomcatHttpServer...
19:47:47.020 [Test worker] DEBUG o.s.h.s.r.b.TomcatHttpServer - Server started on port 50664(0 millis).
19:47:47.046 [Test worker] DEBUG o.s.w.c.RestTemplate - HTTP GET http://localhost:50664/app/api/test
19:47:47.046 [Test worker] DEBUG o.s.w.c.RestTemplate - Accept=[text/plain, application/json, application/x-jackson-smile, application/*+json, */*]
19:47:47.048 [http-nio-auto-43-exec-1] DEBUG o.s.h.s.r.ServletHttpHandlerAdapter - Found servlet mapping prefix '/api' for 'httpHandlerServlet'
19:47:47.049 [http-nio-auto-43-exec-1] DEBUG o.s.w.s.a.HttpWebHandlerAdapter - [b5ea358] HTTP GET "/app/api/test"
19:47:47.049 [http-nio-auto-43-exec-1] DEBUG o.s.w.r.r.m.a.RequestMappingHandlerMapping - [b5ea358] Mapped to org.springframework.web.reactive.result.method.annotation.ContextPathIntegrationTests$TestController#handle(ServerHttpRequest)
19:47:47.050 [http-nio-auto-43-exec-1] DEBUG o.s.w.r.r.m.a.ResponseBodyResultHandler - Using 'text/plain;charset=UTF-8' given [text/plain, application/json, application/x-jackson-smile, application/*+json, */*] and supported [text/plain;charset=UTF-8, text/event-stream, text/plain;charset=UTF-8, */*]
19:47:47.051 [http-nio-auto-43-exec-1] DEBUG o.s.w.r.r.m.a.ResponseBodyResultHandler - [b5ea358] 0..1 [java.lang.String]
19:47:47.051 [http-nio-auto-43-exec-1] DEBUG o.s.c.c.CharSequenceEncoder - [b5ea358] Writing "Tested in /app/api"
19:47:47.052 [http-nio-auto-43-exec-1] DEBUG o.s.w.s.a.HttpWebHandlerAdapter - [b5ea358] Completed 200 OK
19:47:47.052 [Test worker] DEBUG o.s.w.c.RestTemplate - Response 200 OK
19:47:47.053 [Test worker] DEBUG o.s.w.c.RestTemplate - Reading to [java.lang.String] as "text/plain;charset=UTF-8"
19:47:47.053 [Test worker] DEBUG o.s.h.s.r.b.TomcatHttpServer - Stopping TomcatHttpServer...
19:47:47.062 [Test worker] DEBUG o.s.h.s.r.b.TomcatHttpServer - Server stopped (0 millis).
19:47:47.087 [Test worker] DEBUG o.s.w.r.r.m.a.RequestMappingHandlerMapping - 1 mappings in 'requestMappingHandlerMapping'
19:47:47.121 [Test worker] DEBUG o.s.w.r.r.m.a.ControllerMethodResolver - ControllerAdvice beans: none
19:47:47.169 [Test worker] DEBUG o.s.w.r.r.m.a.RequestMappingHandlerMapping - 1 mappings in 'requestMappingHandlerMapping'
19:47:47.207 [Test worker] DEBUG o.s.w.r.r.m.a.ControllerMethodResolver - ControllerAdvice beans: none
19:47:47.259 [Test worker] DEBUG o.s.w.s.a.HttpWebHandlerAdapter - enableLoggingRequestDetails='false': form data and headers will be masked to prevent unsafe logging of potentially sensitive data
19:47:47.266 [Test worker] DEBUG o.s.w.s.a.HttpWebHandlerAdapter - enableLoggingRequestDetails='false': form data and headers will be masked to prevent unsafe logging of potentially sensitive data
19:47:47.268 [Test worker] DEBUG o.s.h.s.r.b.ReactorHttpServer - Starting ReactorHttpServer...
19:47:47.269 [Test worker] DEBUG o.s.h.s.r.b.ReactorHttpServer - Server started on port 50667(0 millis).
19:47:47.282 [Test worker] DEBUG o.s.w.c.RestTemplate - HTTP GET http://localhost:50667/webApp1/test
19:47:47.282 [Test worker] DEBUG o.s.w.c.RestTemplate - Accept=[text/plain, application/json, application/x-jackson-smile, application/*+json, */*]
19:47:47.293 [reactor-http-nio-2] DEBUG o.s.w.s.a.HttpWebHandlerAdapter - [fc938623] HTTP GET "/webApp1/test"
19:47:47.294 [reactor-http-nio-2] DEBUG o.s.w.r.r.m.a.RequestMappingHandlerMapping - [fc938623] Mapped to org.springframework.web.reactive.result.method.annotation.ContextPathIntegrationTests$TestController#handle(ServerHttpRequest)
19:47:47.295 [reactor-http-nio-2] DEBUG o.s.w.r.r.m.a.ResponseBodyResultHandler - Using 'text/plain;charset=UTF-8' given [text/plain, application/json, application/x-jackson-smile, application/*+json, */*] and supported [text/plain;charset=UTF-8, text/event-stream, text/plain;charset=UTF-8, */*]
19:47:47.295 [reactor-http-nio-2] DEBUG o.s.w.r.r.m.a.ResponseBodyResultHandler - [fc938623] 0..1 [java.lang.String]
19:47:47.295 [reactor-http-nio-2] DEBUG o.s.c.c.CharSequenceEncoder - [fc938623] Writing "Tested in /webApp1"
19:47:47.296 [Test worker] DEBUG o.s.w.c.RestTemplate - Response 200 OK
19:47:47.297 [Test worker] DEBUG o.s.w.c.RestTemplate - Reading to [java.lang.String] as "text/plain;charset=UTF-8"
19:47:47.297 [Test worker] DEBUG o.s.w.c.RestTemplate - HTTP GET http://localhost:50667/webApp2/test
19:47:47.297 [Test worker] DEBUG o.s.w.c.RestTemplate - Accept=[text/plain, application/json, application/x-jackson-smile, application/*+json, */*]
19:47:47.298 [reactor-http-nio-2] DEBUG o.s.w.s.a.HttpWebHandlerAdapter - [fc938623] HTTP GET "/webApp2/test"
19:47:47.299 [reactor-http-nio-2] DEBUG o.s.w.r.r.m.a.RequestMappingHandlerMapping - [fc938623] Mapped to org.springframework.web.reactive.result.method.annotation.ContextPathIntegrationTests$TestController#handle(ServerHttpRequest)
19:47:47.299 [reactor-http-nio-2] DEBUG o.s.w.r.r.m.a.ResponseBodyResultHandler - Using 'text/plain;charset=UTF-8' given [text/plain, application/json, application/x-jackson-smile, application/*+json, */*] and supported [text/plain;charset=UTF-8, text/event-stream, text/plain;charset=UTF-8, */*]
19:47:47.299 [reactor-http-nio-2] DEBUG o.s.w.r.r.m.a.ResponseBodyResultHandler - [fc938623] 0..1 [java.lang.String]
19:47:47.299 [reactor-http-nio-2] DEBUG o.s.c.c.CharSequenceEncoder - [fc938623] Writing "Tested in /webApp2"
19:47:47.302 [Test worker] DEBUG o.s.w.c.RestTemplate - Response 200 OK
19:47:47.302 [Test worker] DEBUG o.s.w.c.RestTemplate - Reading to [java.lang.String] as "text/plain;charset=UTF-8"
19:47:47.303 [Test worker] DEBUG o.s.h.s.r.b.ReactorHttpServer - Stopping ReactorHttpServer...
19:47:47.303 [Test worker] DEBUG o.s.h.s.r.b.ReactorHttpServer - Server stopped (0 millis).
]]></system-out>
  <system-err><![CDATA[六月 21, 2019 7:47:47 下午 org.apache.catalina.core.StandardService startInternal
信息: Starting service [Tomcat]
六月 21, 2019 7:47:47 下午 org.apache.catalina.core.StandardEngine startInternal
信息: Starting Servlet engine: [Apache Tomcat/9.0.21]
六月 21, 2019 7:47:47 下午 org.apache.coyote.AbstractProtocol init
信息: Initializing ProtocolHandler ["http-nio-auto-43"]
六月 21, 2019 7:47:47 下午 org.apache.coyote.AbstractProtocol start
信息: Starting ProtocolHandler ["http-nio-auto-43-50664"]
六月 21, 2019 7:47:47 下午 org.apache.coyote.AbstractProtocol pause
信息: Pausing ProtocolHandler ["http-nio-auto-43-50664"]
六月 21, 2019 7:47:47 下午 org.apache.catalina.core.StandardService stopInternal
信息: Stopping service [Tomcat]
六月 21, 2019 7:47:47 下午 org.apache.coyote.AbstractProtocol stop
信息: Stopping ProtocolHandler ["http-nio-auto-43-50664"]
六月 21, 2019 7:47:47 下午 org.apache.coyote.AbstractProtocol destroy
信息: Destroying ProtocolHandler ["http-nio-auto-43-50664"]
]]></system-err>
</testsuite>
