<?xml version="1.0" encoding="UTF-8"?>
<testsuite name="org.springframework.web.reactive.result.condition.ConsumesRequestConditionTests" tests="15" skipped="0" failures="0" errors="0" timestamp="2020-11-25T14:42:10" hostname="lichangbaodeMacBook-Pro.local" time="0.005">
  <properties/>
  <testcase name="combineWithDefault" classname="org.springframework.web.reactive.result.condition.ConsumesRequestConditionTests" time="0.001"/>
  <testcase name="parseConsumesAndHeaders" classname="org.springframework.web.reactive.result.condition.ConsumesRequestConditionTests" time="0.0"/>
  <testcase name="consumesNoContent" classname="org.springframework.web.reactive.result.condition.ConsumesRequestConditionTests" time="0.001"/>
  <testcase name="getMatchingCondition" classname="org.springframework.web.reactive.result.condition.ConsumesRequestConditionTests" time="0.0"/>
  <testcase name="consumesMultipleMatch" classname="org.springframework.web.reactive.result.condition.ConsumesRequestConditionTests" time="0.0"/>
  <testcase name="compareToSingle" classname="org.springframework.web.reactive.result.condition.ConsumesRequestConditionTests" time="0.0"/>
  <testcase name="consumesMatch" classname="org.springframework.web.reactive.result.condition.ConsumesRequestConditionTests" time="0.001"/>
  <testcase name="consumesSingleNoMatch" classname="org.springframework.web.reactive.result.condition.ConsumesRequestConditionTests" time="0.0"/>
  <testcase name="consumesWildcardMatch" classname="org.springframework.web.reactive.result.condition.ConsumesRequestConditionTests" time="0.0"/>
  <testcase name="consumesParseError" classname="org.springframework.web.reactive.result.condition.ConsumesRequestConditionTests" time="0.0"/>
  <testcase name="combine" classname="org.springframework.web.reactive.result.condition.ConsumesRequestConditionTests" time="0.0"/>
  <testcase name="compareToMultiple" classname="org.springframework.web.reactive.result.condition.ConsumesRequestConditionTests" time="0.0"/>
  <testcase name="negatedConsumesMatch" classname="org.springframework.web.reactive.result.condition.ConsumesRequestConditionTests" time="0.0"/>
  <testcase name="getConsumableMediaTypesNegatedExpression" classname="org.springframework.web.reactive.result.condition.ConsumesRequestConditionTests" time="0.0"/>
  <testcase name="consumesParseErrorWithNegation" classname="org.springframework.web.reactive.result.condition.ConsumesRequestConditionTests" time="0.001"/>
  <system-out><![CDATA[]]></system-out>
  <system-err><![CDATA[]]></system-err>
</testsuite>
