<?xml version="1.0" encoding="UTF-8"?>
<testsuite name="org.springframework.web.reactive.config.ViewResolverRegistryTests" tests="6" skipped="0" failures="0" errors="0" timestamp="2020-11-25T14:43:21" hostname="lichangbaodeMacBook-Pro.local" time="0.003">
  <properties/>
  <testcase name="hasRegistrations" classname="org.springframework.web.reactive.config.ViewResolverRegistryTests" time="0.0"/>
  <testcase name="defaultViews" classname="org.springframework.web.reactive.config.ViewResolverRegistryTests" time="0.003"/>
  <testcase name="noResolvers" classname="org.springframework.web.reactive.config.ViewResolverRegistryTests" time="0.0"/>
  <testcase name="scriptTemplate" classname="org.springframework.web.reactive.config.ViewResolverRegistryTests" time="0.0"/>
  <testcase name="order" classname="org.springframework.web.reactive.config.ViewResolverRegistryTests" time="0.0"/>
  <testcase name="customViewResolver" classname="org.springframework.web.reactive.config.ViewResolverRegistryTests" time="0.0"/>
  <system-out><![CDATA[]]></system-out>
  <system-err><![CDATA[]]></system-err>
</testsuite>
