<?xml version="1.0" encoding="UTF-8"?>
<testsuite name="org.springframework.web.reactive.handler.SimpleUrlHandlerMappingTests" tests="2" skipped="0" failures="0" errors="0" timestamp="2020-11-25T14:42:08" hostname="lichangbaodeMacBook-Pro.local" time="1.558">
  <properties/>
  <testcase name="handlerMappingJavaConfig" classname="org.springframework.web.reactive.handler.SimpleUrlHandlerMappingTests" time="1.401"/>
  <testcase name="handlerMappingXmlConfig" classname="org.springframework.web.reactive.handler.SimpleUrlHandlerMappingTests" time="0.157"/>
  <system-out><![CDATA[22:42:09.407 [Test worker] DEBUG o.s.w.r.h.SimpleUrlHandlerMapping - [6689499b] Mapped to java.lang.Object@786096df
22:42:09.480 [Test worker] DEBUG o.s.w.r.h.SimpleUrlHandlerMapping - [3b1891c8] Mapped to java.lang.Object@4b423371
22:42:09.481 [Test worker] DEBUG o.s.w.r.h.SimpleUrlHandlerMapping - [69217fba] Mapped to java.lang.Object@4b423371
22:42:09.481 [Test worker] DEBUG o.s.w.r.h.SimpleUrlHandlerMapping - [76fb37d4] Mapped to java.lang.Object@786096df
22:42:09.482 [Test worker] DEBUG o.s.w.r.h.SimpleUrlHandlerMapping - [26925eb9] Mapped to java.lang.Object@786096df
22:42:09.605 [Test worker] DEBUG o.s.w.r.h.SimpleUrlHandlerMapping - Patterns [/shortpattern/testing, /*/test.jpeg, /pathmatching??.html, /??path??matching.html, /welcome.html, /anotherTest*, /administrator/*/pathmatching.html, /confirmation.html, /outofpattern*yeah, /administrator/*/testlast*, /sho*, /reservation.html, /payment.html, /*pathmatchingTest.html, /*test*.jpeg, /administrator/another/bla.xml, /path??matching.html, /stillAnotherTestYeah, /show123.html, /bookseats.html, /administrator/testing/longer/*, /administrator/pathmatching.html] in 'mapping'
22:42:09.627 [Test worker] DEBUG o.s.w.r.h.SimpleUrlHandlerMapping - Patterns [/shortpattern/testing, /*/test.jpeg, /pathmatching??.html, /??path??matching.html, /welcome.html, /anotherTest*, /administrator/*/pathmatching.html, /confirmation.html, /outofpattern*yeah, /administrator/*/testlast*, /sho*, /reservation.html, /payment.html, /*pathmatchingTest.html, /*test*.jpeg, /administrator/another/bla.xml, /path??matching.html, /stillAnotherTestYeah, /show123.html, /bookseats.html, /administrator/testing/longer/*, /administrator/pathmatching.html] in 'mapping'
22:42:09.628 [Test worker] DEBUG o.s.w.r.h.SimpleUrlHandlerMapping - [7342952a] Mapped to java.lang.Object@1a301a34
22:42:09.631 [Test worker] DEBUG o.s.w.r.h.SimpleUrlHandlerMapping - [12eb6ed0] Mapped to java.lang.Object@1a301a34
22:42:09.632 [Test worker] DEBUG o.s.w.r.h.SimpleUrlHandlerMapping - [4ccfb528] Mapped to java.lang.Object@1a301a34
22:42:09.632 [Test worker] DEBUG o.s.w.r.h.SimpleUrlHandlerMapping - [73fb974a] Mapped to java.lang.Object@1a301a34
22:42:09.632 [Test worker] DEBUG o.s.w.r.h.SimpleUrlHandlerMapping - [4543a868] Mapped to java.lang.Object@1a301a34
22:42:09.633 [Test worker] DEBUG o.s.w.r.h.SimpleUrlHandlerMapping - [5bfaab02] Mapped to java.lang.Object@1a301a34
22:42:09.634 [Test worker] DEBUG o.s.w.r.h.SimpleUrlHandlerMapping - [1341c999] Mapped to java.lang.Object@1a301a34
22:42:09.634 [Test worker] DEBUG o.s.w.r.h.SimpleUrlHandlerMapping - [2f0789d] Mapped to java.lang.Object@1a301a34
22:42:09.635 [Test worker] DEBUG o.s.w.r.h.SimpleUrlHandlerMapping - [1fe0645b] Mapped to java.lang.Object@1a301a34
22:42:09.635 [Test worker] DEBUG o.s.w.r.h.SimpleUrlHandlerMapping - [1c612bf9] Mapped to java.lang.Object@1a301a34
22:42:09.636 [Test worker] DEBUG o.s.w.r.h.SimpleUrlHandlerMapping - [3f5692] Mapped to java.lang.Object@1a301a34
22:42:09.636 [Test worker] DEBUG o.s.w.r.h.SimpleUrlHandlerMapping - [c0c8b1a] Mapped to java.lang.Object@1a301a34
22:42:09.636 [Test worker] DEBUG o.s.w.r.h.SimpleUrlHandlerMapping - [3583d0b9] Mapped to java.lang.Object@1a301a34
22:42:09.637 [Test worker] DEBUG o.s.w.r.h.SimpleUrlHandlerMapping - [5a594252] Mapped to java.lang.Object@1a301a34
22:42:09.637 [Test worker] DEBUG o.s.w.r.h.SimpleUrlHandlerMapping - [19c84ea5] Mapped to java.lang.Object@1a301a34
]]></system-out>
  <system-err><![CDATA[]]></system-err>
</testsuite>
