<?xml version="1.0" encoding="UTF-8"?>
<testsuite name="org.springframework.web.reactive.resource.WebJarsResourceResolverTests" tests="7" skipped="0" failures="0" errors="0" timestamp="2020-11-25T14:43:30" hostname="lichangbaodeMacBook-Pro.local" time="0.016">
  <properties/>
  <testcase name="resolveResourceWebJar" classname="org.springframework.web.reactive.resource.WebJarsResourceResolverTests" time="0.009"/>
  <testcase name="resolveUrlExistingNotInJarFile" classname="org.springframework.web.reactive.resource.WebJarsResourceResolverTests" time="0.002"/>
  <testcase name="resolveUrlWebJarResource" classname="org.springframework.web.reactive.resource.WebJarsResourceResolverTests" time="0.001"/>
  <testcase name="resolveResourceNotFound" classname="org.springframework.web.reactive.resource.WebJarsResourceResolverTests" time="0.001"/>
  <testcase name="resolveUrlExisting" classname="org.springframework.web.reactive.resource.WebJarsResourceResolverTests" time="0.001"/>
  <testcase name="resolveUrlWebJarResourceNotFound" classname="org.springframework.web.reactive.resource.WebJarsResourceResolverTests" time="0.001"/>
  <testcase name="resolveResourceExisting" classname="org.springframework.web.reactive.resource.WebJarsResourceResolverTests" time="0.001"/>
  <system-out><![CDATA[]]></system-out>
  <system-err><![CDATA[]]></system-err>
</testsuite>
