<?xml version="1.0" encoding="UTF-8"?>
<testsuite name="org.springframework.web.reactive.result.method.annotation.JacksonHintsIntegrationTests" tests="36" skipped="0" failures="0" errors="0" timestamp="2019-06-21T11:47:35" hostname="Macbook-Air.local" time="5.576">
  <properties/>
  <testcase name="jsonViewWithEntityMonoRequest[server [org.springframework.http.server.reactive.bootstrap.JettyHttpServer@26a20199]]" classname="org.springframework.web.reactive.result.method.annotation.JacksonHintsIntegrationTests" time="0.19"/>
  <testcase name="jsonViewWithRequest[server [org.springframework.http.server.reactive.bootstrap.JettyHttpServer@26a20199]]" classname="org.springframework.web.reactive.result.method.annotation.JacksonHintsIntegrationTests" time="0.155"/>
  <testcase name="jsonViewWithMonoResponseEntity[server [org.springframework.http.server.reactive.bootstrap.JettyHttpServer@26a20199]]" classname="org.springframework.web.reactive.result.method.annotation.JacksonHintsIntegrationTests" time="0.147"/>
  <testcase name="jsonViewWithFluxRequest[server [org.springframework.http.server.reactive.bootstrap.JettyHttpServer@26a20199]]" classname="org.springframework.web.reactive.result.method.annotation.JacksonHintsIntegrationTests" time="0.162"/>
  <testcase name="jsonViewWithMonoRequest[server [org.springframework.http.server.reactive.bootstrap.JettyHttpServer@26a20199]]" classname="org.springframework.web.reactive.result.method.annotation.JacksonHintsIntegrationTests" time="0.173"/>
  <testcase name="jsonViewResponse[server [org.springframework.http.server.reactive.bootstrap.JettyHttpServer@26a20199]]" classname="org.springframework.web.reactive.result.method.annotation.JacksonHintsIntegrationTests" time="0.15"/>
  <testcase name="jsonViewWithFluxResponse[server [org.springframework.http.server.reactive.bootstrap.JettyHttpServer@26a20199]]" classname="org.springframework.web.reactive.result.method.annotation.JacksonHintsIntegrationTests" time="0.155"/>
  <testcase name="jsonViewWithEntityFluxRequest[server [org.springframework.http.server.reactive.bootstrap.JettyHttpServer@26a20199]]" classname="org.springframework.web.reactive.result.method.annotation.JacksonHintsIntegrationTests" time="0.194"/>
  <testcase name="jsonViewWithMonoResponse[server [org.springframework.http.server.reactive.bootstrap.JettyHttpServer@26a20199]]" classname="org.springframework.web.reactive.result.method.annotation.JacksonHintsIntegrationTests" time="0.139"/>
  <testcase name="jsonViewWithEntityMonoRequest[server [org.springframework.http.server.reactive.bootstrap.ReactorHttpServer@5ebf9097]]" classname="org.springframework.web.reactive.result.method.annotation.JacksonHintsIntegrationTests" time="0.144"/>
  <testcase name="jsonViewWithRequest[server [org.springframework.http.server.reactive.bootstrap.ReactorHttpServer@5ebf9097]]" classname="org.springframework.web.reactive.result.method.annotation.JacksonHintsIntegrationTests" time="0.118"/>
  <testcase name="jsonViewWithMonoResponseEntity[server [org.springframework.http.server.reactive.bootstrap.ReactorHttpServer@5ebf9097]]" classname="org.springframework.web.reactive.result.method.annotation.JacksonHintsIntegrationTests" time="0.136"/>
  <testcase name="jsonViewWithFluxRequest[server [org.springframework.http.server.reactive.bootstrap.ReactorHttpServer@5ebf9097]]" classname="org.springframework.web.reactive.result.method.annotation.JacksonHintsIntegrationTests" time="0.145"/>
  <testcase name="jsonViewWithMonoRequest[server [org.springframework.http.server.reactive.bootstrap.ReactorHttpServer@5ebf9097]]" classname="org.springframework.web.reactive.result.method.annotation.JacksonHintsIntegrationTests" time="0.154"/>
  <testcase name="jsonViewResponse[server [org.springframework.http.server.reactive.bootstrap.ReactorHttpServer@5ebf9097]]" classname="org.springframework.web.reactive.result.method.annotation.JacksonHintsIntegrationTests" time="0.139"/>
  <testcase name="jsonViewWithFluxResponse[server [org.springframework.http.server.reactive.bootstrap.ReactorHttpServer@5ebf9097]]" classname="org.springframework.web.reactive.result.method.annotation.JacksonHintsIntegrationTests" time="0.135"/>
  <testcase name="jsonViewWithEntityFluxRequest[server [org.springframework.http.server.reactive.bootstrap.ReactorHttpServer@5ebf9097]]" classname="org.springframework.web.reactive.result.method.annotation.JacksonHintsIntegrationTests" time="0.136"/>
  <testcase name="jsonViewWithMonoResponse[server [org.springframework.http.server.reactive.bootstrap.ReactorHttpServer@5ebf9097]]" classname="org.springframework.web.reactive.result.method.annotation.JacksonHintsIntegrationTests" time="0.142"/>
  <testcase name="jsonViewWithEntityMonoRequest[server [org.springframework.http.server.reactive.bootstrap.TomcatHttpServer@1315d511]]" classname="org.springframework.web.reactive.result.method.annotation.JacksonHintsIntegrationTests" time="0.165"/>
  <testcase name="jsonViewWithRequest[server [org.springframework.http.server.reactive.bootstrap.TomcatHttpServer@1315d511]]" classname="org.springframework.web.reactive.result.method.annotation.JacksonHintsIntegrationTests" time="0.168"/>
  <testcase name="jsonViewWithMonoResponseEntity[server [org.springframework.http.server.reactive.bootstrap.TomcatHttpServer@1315d511]]" classname="org.springframework.web.reactive.result.method.annotation.JacksonHintsIntegrationTests" time="0.173"/>
  <testcase name="jsonViewWithFluxRequest[server [org.springframework.http.server.reactive.bootstrap.TomcatHttpServer@1315d511]]" classname="org.springframework.web.reactive.result.method.annotation.JacksonHintsIntegrationTests" time="0.189"/>
  <testcase name="jsonViewWithMonoRequest[server [org.springframework.http.server.reactive.bootstrap.TomcatHttpServer@1315d511]]" classname="org.springframework.web.reactive.result.method.annotation.JacksonHintsIntegrationTests" time="0.155"/>
  <testcase name="jsonViewResponse[server [org.springframework.http.server.reactive.bootstrap.TomcatHttpServer@1315d511]]" classname="org.springframework.web.reactive.result.method.annotation.JacksonHintsIntegrationTests" time="0.153"/>
  <testcase name="jsonViewWithFluxResponse[server [org.springframework.http.server.reactive.bootstrap.TomcatHttpServer@1315d511]]" classname="org.springframework.web.reactive.result.method.annotation.JacksonHintsIntegrationTests" time="0.142"/>
  <testcase name="jsonViewWithEntityFluxRequest[server [org.springframework.http.server.reactive.bootstrap.TomcatHttpServer@1315d511]]" classname="org.springframework.web.reactive.result.method.annotation.JacksonHintsIntegrationTests" time="0.158"/>
  <testcase name="jsonViewWithMonoResponse[server [org.springframework.http.server.reactive.bootstrap.TomcatHttpServer@1315d511]]" classname="org.springframework.web.reactive.result.method.annotation.JacksonHintsIntegrationTests" time="0.137"/>
  <testcase name="jsonViewWithEntityMonoRequest[server [org.springframework.http.server.reactive.bootstrap.UndertowHttpServer@32011e6f]]" classname="org.springframework.web.reactive.result.method.annotation.JacksonHintsIntegrationTests" time="0.135"/>
  <testcase name="jsonViewWithRequest[server [org.springframework.http.server.reactive.bootstrap.UndertowHttpServer@32011e6f]]" classname="org.springframework.web.reactive.result.method.annotation.JacksonHintsIntegrationTests" time="0.219"/>
  <testcase name="jsonViewWithMonoResponseEntity[server [org.springframework.http.server.reactive.bootstrap.UndertowHttpServer@32011e6f]]" classname="org.springframework.web.reactive.result.method.annotation.JacksonHintsIntegrationTests" time="0.149"/>
  <testcase name="jsonViewWithFluxRequest[server [org.springframework.http.server.reactive.bootstrap.UndertowHttpServer@32011e6f]]" classname="org.springframework.web.reactive.result.method.annotation.JacksonHintsIntegrationTests" time="0.129"/>
  <testcase name="jsonViewWithMonoRequest[server [org.springframework.http.server.reactive.bootstrap.UndertowHttpServer@32011e6f]]" classname="org.springframework.web.reactive.result.method.annotation.JacksonHintsIntegrationTests" time="0.131"/>
  <testcase name="jsonViewResponse[server [org.springframework.http.server.reactive.bootstrap.UndertowHttpServer@32011e6f]]" classname="org.springframework.web.reactive.result.method.annotation.JacksonHintsIntegrationTests" time="0.164"/>
  <testcase name="jsonViewWithFluxResponse[server [org.springframework.http.server.reactive.bootstrap.UndertowHttpServer@32011e6f]]" classname="org.springframework.web.reactive.result.method.annotation.JacksonHintsIntegrationTests" time="0.205"/>
  <testcase name="jsonViewWithEntityFluxRequest[server [org.springframework.http.server.reactive.bootstrap.UndertowHttpServer@32011e6f]]" classname="org.springframework.web.reactive.result.method.annotation.JacksonHintsIntegrationTests" time="0.164"/>
  <testcase name="jsonViewWithMonoResponse[server [org.springframework.http.server.reactive.bootstrap.UndertowHttpServer@32011e6f]]" classname="org.springframework.web.reactive.result.method.annotation.JacksonHintsIntegrationTests" time="0.125"/>
  <system-out><![CDATA[19:47:35.390 [Test worker] DEBUG o.s.w.r.r.m.a.RequestMappingHandlerMapping - 9 mappings in 'requestMappingHandlerMapping'
19:47:35.426 [Test worker] DEBUG o.s.w.r.r.m.a.ControllerMethodResolver - ControllerAdvice beans: none
19:47:35.461 [Test worker] DEBUG o.s.w.s.a.HttpWebHandlerAdapter - enableLoggingRequestDetails='false': form data and headers will be masked to prevent unsafe logging of potentially sensitive data
19:47:35.461 [Test worker] WARN  o.e.j.s.h.ContextHandler - Empty contextPath
19:47:35.461 [Test worker] INFO  o.e.j.s.h.ContextHandler - Started o.e.j.s.ServletContextHandler@4f85f9f8{/,null,AVAILABLE}
19:47:35.461 [Test worker] DEBUG o.s.h.s.r.b.JettyHttpServer - Starting JettyHttpServer...
19:47:35.461 [Test worker] INFO  o.e.j.s.Server - jetty-9.4.18.v20190429; built: 2019-04-29T20:42:08.989Z; git: e1bc35120a6617ee3df052294e433f3a25ce7097; jvm 1.8.0_144-b01
19:47:35.463 [Test worker] INFO  o.e.j.s.AbstractConnector - Started ServerConnector@23da1098{HTTP/1.1,[http/1.1]}{0.0.0.0:50501}
19:47:35.463 [Test worker] INFO  o.e.j.s.Server - Started @56602ms
19:47:35.464 [Test worker] DEBUG o.s.h.s.r.b.JettyHttpServer - Server started on port 50501(0 millis).
19:47:35.464 [Test worker] DEBUG o.s.w.c.RestTemplate - HTTP POST http://localhost:50501/request/entity/mono
19:47:35.464 [Test worker] DEBUG o.s.w.c.RestTemplate - Accept=[text/plain, application/json, application/x-jackson-smile, application/*+json, */*]
19:47:35.466 [Test worker] DEBUG o.s.w.c.RestTemplate - Writing [org.springframework.web.reactive.result.method.annotation.JacksonHintsIntegrationTests$JacksonViewBean@6d60dcc3] as "application/json"
19:47:35.471 [qtp578173097-733] DEBUG o.s.w.s.a.HttpWebHandlerAdapter - [13b8e950] HTTP POST "/request/entity/mono"
19:47:35.471 [qtp578173097-733] DEBUG o.s.w.r.r.m.a.RequestMappingHandlerMapping - [13b8e950] Mapped to org.springframework.web.reactive.result.method.annotation.JacksonHintsIntegrationTests$JsonViewRestController#entityMonoRequest(HttpEntity)
19:47:35.473 [qtp578173097-733] DEBUG o.s.w.r.r.m.a.HttpEntityMethodArgumentResolver - [13b8e950] Content-Type:application/json;charset=UTF-8
19:47:35.474 [qtp578173097-733] DEBUG o.s.w.r.r.m.a.HttpEntityMethodArgumentResolver - [13b8e950] 0..1 [org.springframework.web.reactive.result.method.annotation.JacksonHintsIntegrationTests$JacksonViewBean]
19:47:35.479 [qtp578173097-733] DEBUG o.s.w.r.r.m.a.ResponseBodyResultHandler - Using 'application/json' given [application/json] and supported [application/json, application/*+json, application/x-jackson-smile, application/*+x-jackson-smile, text/event-stream]
19:47:35.479 [qtp578173097-733] DEBUG o.s.w.r.r.m.a.ResponseBodyResultHandler - [13b8e950] 0..1 [org.springframework.web.reactive.result.method.annotation.JacksonHintsIntegrationTests$JacksonViewBean]
19:47:35.491 [qtp578173097-733] DEBUG o.s.h.c.j.Jackson2JsonDecoder - [13b8e950] Decoded [org.springframework.web.reactive.result.method.annotation.JacksonHintsIntegrationTests$JacksonViewBe (truncated)...]
19:47:35.491 [qtp578173097-733] DEBUG o.s.h.c.j.Jackson2JsonEncoder - [13b8e950] Encoding [org.springframework.web.reactive.result.method.annotation.JacksonHintsIntegrationTests$JacksonViewBe (truncated)...]
19:47:35.492 [qtp578173097-733] DEBUG o.s.w.s.a.HttpWebHandlerAdapter - [13b8e950] Completed 200 OK
19:47:35.492 [Test worker] DEBUG o.s.w.c.RestTemplate - Response 200 OK
19:47:35.493 [Test worker] DEBUG o.s.w.c.RestTemplate - Reading to [java.lang.String] as "application/json"
19:47:35.493 [Test worker] DEBUG o.s.h.s.r.b.JettyHttpServer - Stopping JettyHttpServer...
19:47:35.493 [Test worker] INFO  o.e.j.s.h.ContextHandler - Stopped o.e.j.s.ServletContextHandler@4f85f9f8{/,null,UNAVAILABLE}
19:47:35.494 [Test worker] INFO  o.e.j.s.AbstractConnector - Stopped ServerConnector@23da1098{HTTP/1.1,[http/1.1]}{0.0.0.0:0}
19:47:35.495 [Test worker] DEBUG o.s.h.s.r.b.JettyHttpServer - Server stopped (0 millis).
19:47:35.551 [Test worker] DEBUG o.s.w.r.r.m.a.RequestMappingHandlerMapping - 9 mappings in 'requestMappingHandlerMapping'
19:47:35.586 [Test worker] DEBUG o.s.w.r.r.m.a.ControllerMethodResolver - ControllerAdvice beans: none
19:47:35.632 [Test worker] DEBUG o.s.w.s.a.HttpWebHandlerAdapter - enableLoggingRequestDetails='false': form data and headers will be masked to prevent unsafe logging of potentially sensitive data
19:47:35.632 [Test worker] WARN  o.e.j.s.h.ContextHandler - Empty contextPath
19:47:35.633 [Test worker] INFO  o.e.j.s.h.ContextHandler - Started o.e.j.s.ServletContextHandler@b5ed5f5{/,null,AVAILABLE}
19:47:35.633 [Test worker] DEBUG o.s.h.s.r.b.JettyHttpServer - Starting JettyHttpServer...
19:47:35.633 [Test worker] INFO  o.e.j.s.Server - jetty-9.4.18.v20190429; built: 2019-04-29T20:42:08.989Z; git: e1bc35120a6617ee3df052294e433f3a25ce7097; jvm 1.8.0_144-b01
19:47:35.635 [Test worker] INFO  o.e.j.s.AbstractConnector - Started ServerConnector@2252ac68{HTTP/1.1,[http/1.1]}{0.0.0.0:50503}
19:47:35.635 [Test worker] INFO  o.e.j.s.Server - Started @56773ms
19:47:35.635 [Test worker] DEBUG o.s.h.s.r.b.JettyHttpServer - Server started on port 50503(0 millis).
19:47:35.635 [Test worker] DEBUG o.s.w.c.RestTemplate - HTTP POST http://localhost:50503/request/raw
19:47:35.635 [Test worker] DEBUG o.s.w.c.RestTemplate - Accept=[text/plain, application/json, application/x-jackson-smile, application/*+json, */*]
19:47:35.636 [Test worker] DEBUG o.s.w.c.RestTemplate - Writing [org.springframework.web.reactive.result.method.annotation.JacksonHintsIntegrationTests$JacksonViewBean@2e2f15d2] as "application/json"
19:47:35.638 [qtp1457978703-742] DEBUG o.s.w.s.a.HttpWebHandlerAdapter - [7f6562c9] HTTP POST "/request/raw"
19:47:35.638 [qtp1457978703-742] DEBUG o.s.w.r.r.m.a.RequestMappingHandlerMapping - [7f6562c9] Mapped to org.springframework.web.reactive.result.method.annotation.JacksonHintsIntegrationTests$JsonViewRestController#rawRequest(JacksonViewBean)
19:47:35.639 [qtp1457978703-742] DEBUG o.s.w.r.r.m.a.RequestBodyMethodArgumentResolver - [7f6562c9] Content-Type:application/json;charset=UTF-8
19:47:35.640 [qtp1457978703-742] DEBUG o.s.w.r.r.m.a.RequestBodyMethodArgumentResolver - [7f6562c9] 0..1 [org.springframework.web.reactive.result.method.annotation.JacksonHintsIntegrationTests$JacksonViewBean]
19:47:35.641 [qtp1457978703-742] DEBUG o.s.h.c.j.Jackson2JsonDecoder - [7f6562c9] Decoded [org.springframework.web.reactive.result.method.annotation.JacksonHintsIntegrationTests$JacksonViewBe (truncated)...]
19:47:35.643 [qtp1457978703-742] DEBUG o.s.w.r.r.m.a.ResponseBodyResultHandler - Using 'application/json' given [application/json] and supported [application/json, application/*+json, application/x-jackson-smile, application/*+x-jackson-smile, text/event-stream]
19:47:35.643 [qtp1457978703-742] DEBUG o.s.w.r.r.m.a.ResponseBodyResultHandler - [7f6562c9] 0..1 [org.springframework.web.reactive.result.method.annotation.JacksonHintsIntegrationTests$JacksonViewBean]
19:47:35.643 [qtp1457978703-742] DEBUG o.s.h.c.j.Jackson2JsonEncoder - [7f6562c9] Encoding [org.springframework.web.reactive.result.method.annotation.JacksonHintsIntegrationTests$JacksonViewBe (truncated)...]
19:47:35.644 [Test worker] DEBUG o.s.w.c.RestTemplate - Response 200 OK
19:47:35.644 [qtp1457978703-742] DEBUG o.s.w.s.a.HttpWebHandlerAdapter - [7f6562c9] Completed 200 OK
19:47:35.644 [Test worker] DEBUG o.s.w.c.RestTemplate - Reading to [java.lang.String] as "application/json"
19:47:35.644 [Test worker] DEBUG o.s.h.s.r.b.JettyHttpServer - Stopping JettyHttpServer...
19:47:35.644 [Test worker] INFO  o.e.j.s.h.ContextHandler - Stopped o.e.j.s.ServletContextHandler@b5ed5f5{/,null,UNAVAILABLE}
19:47:35.645 [Test worker] INFO  o.e.j.s.AbstractConnector - Stopped ServerConnector@2252ac68{HTTP/1.1,[http/1.1]}{0.0.0.0:0}
19:47:35.650 [Test worker] DEBUG o.s.h.s.r.b.JettyHttpServer - Server stopped (0 millis).
19:47:35.699 [Test worker] DEBUG o.s.w.r.r.m.a.RequestMappingHandlerMapping - 9 mappings in 'requestMappingHandlerMapping'
19:47:35.736 [Test worker] DEBUG o.s.w.r.r.m.a.ControllerMethodResolver - ControllerAdvice beans: none
19:47:35.777 [Test worker] DEBUG o.s.w.s.a.HttpWebHandlerAdapter - enableLoggingRequestDetails='false': form data and headers will be masked to prevent unsafe logging of potentially sensitive data
19:47:35.777 [Test worker] WARN  o.e.j.s.h.ContextHandler - Empty contextPath
19:47:35.777 [Test worker] INFO  o.e.j.s.h.ContextHandler - Started o.e.j.s.ServletContextHandler@7ea7624{/,null,AVAILABLE}
19:47:35.778 [Test worker] DEBUG o.s.h.s.r.b.JettyHttpServer - Starting JettyHttpServer...
19:47:35.778 [Test worker] INFO  o.e.j.s.Server - jetty-9.4.18.v20190429; built: 2019-04-29T20:42:08.989Z; git: e1bc35120a6617ee3df052294e433f3a25ce7097; jvm 1.8.0_144-b01
19:47:35.780 [Test worker] INFO  o.e.j.s.AbstractConnector - Started ServerConnector@6993b7ec{HTTP/1.1,[http/1.1]}{0.0.0.0:50505}
19:47:35.781 [Test worker] INFO  o.e.j.s.Server - Started @56919ms
19:47:35.781 [Test worker] DEBUG o.s.h.s.r.b.JettyHttpServer - Server started on port 50505(0 millis).
19:47:35.781 [Test worker] DEBUG o.s.w.c.RestTemplate - HTTP GET http://localhost:50505/response/entity
19:47:35.781 [Test worker] DEBUG o.s.w.c.RestTemplate - Accept=[text/plain, application/json, application/x-jackson-smile, application/*+json, */*]
19:47:35.783 [qtp497111502-751] DEBUG o.s.w.s.a.HttpWebHandlerAdapter - [70af1e70] HTTP GET "/response/entity"
19:47:35.784 [qtp497111502-751] DEBUG o.s.w.r.r.m.a.RequestMappingHandlerMapping - [70af1e70] Mapped to org.springframework.web.reactive.result.method.annotation.JacksonHintsIntegrationTests$JsonViewRestController#monoResponseEntity()
19:47:35.785 [qtp497111502-751] DEBUG o.s.w.r.r.m.a.ResponseEntityResultHandler - Using 'application/json' given [application/json] and supported [application/json, application/*+json, application/x-jackson-smile, application/*+x-jackson-smile, text/event-stream]
19:47:35.785 [qtp497111502-751] DEBUG o.s.w.r.r.m.a.ResponseEntityResultHandler - [70af1e70] 0..1 [org.springframework.web.reactive.result.method.annotation.JacksonHintsIntegrationTests$JacksonViewBean]
19:47:35.785 [qtp497111502-751] DEBUG o.s.h.c.j.Jackson2JsonEncoder - [70af1e70] Encoding [org.springframework.web.reactive.result.method.annotation.JacksonHintsIntegrationTests$JacksonViewBe (truncated)...]
19:47:35.786 [qtp497111502-751] DEBUG o.s.w.s.a.HttpWebHandlerAdapter - [70af1e70] Completed 200 OK
19:47:35.786 [Test worker] DEBUG o.s.w.c.RestTemplate - Response 200 OK
19:47:35.786 [Test worker] DEBUG o.s.w.c.RestTemplate - Reading to [java.lang.String] as "application/json"
19:47:35.786 [Test worker] DEBUG o.s.h.s.r.b.JettyHttpServer - Stopping JettyHttpServer...
19:47:35.787 [Test worker] INFO  o.e.j.s.h.ContextHandler - Stopped o.e.j.s.ServletContextHandler@7ea7624{/,null,UNAVAILABLE}
19:47:35.788 [Test worker] INFO  o.e.j.s.AbstractConnector - Stopped ServerConnector@6993b7ec{HTTP/1.1,[http/1.1]}{0.0.0.0:0}
19:47:35.797 [Test worker] DEBUG o.s.h.s.r.b.JettyHttpServer - Server stopped (0 millis).
19:47:35.854 [Test worker] DEBUG o.s.w.r.r.m.a.RequestMappingHandlerMapping - 9 mappings in 'requestMappingHandlerMapping'
19:47:35.886 [Test worker] DEBUG o.s.w.r.r.m.a.ControllerMethodResolver - ControllerAdvice beans: none
19:47:35.940 [Test worker] DEBUG o.s.w.s.a.HttpWebHandlerAdapter - enableLoggingRequestDetails='false': form data and headers will be masked to prevent unsafe logging of potentially sensitive data
19:47:35.940 [Test worker] WARN  o.e.j.s.h.ContextHandler - Empty contextPath
19:47:35.940 [Test worker] INFO  o.e.j.s.h.ContextHandler - Started o.e.j.s.ServletContextHandler@5560776{/,null,AVAILABLE}
19:47:35.941 [Test worker] DEBUG o.s.h.s.r.b.JettyHttpServer - Starting JettyHttpServer...
19:47:35.941 [Test worker] INFO  o.e.j.s.Server - jetty-9.4.18.v20190429; built: 2019-04-29T20:42:08.989Z; git: e1bc35120a6617ee3df052294e433f3a25ce7097; jvm 1.8.0_144-b01
19:47:35.943 [Test worker] INFO  o.e.j.s.AbstractConnector - Started ServerConnector@423a09a{HTTP/1.1,[http/1.1]}{0.0.0.0:50507}
19:47:35.943 [Test worker] INFO  o.e.j.s.Server - Started @57082ms
19:47:35.944 [Test worker] DEBUG o.s.h.s.r.b.JettyHttpServer - Server started on port 50507(0 millis).
19:47:35.944 [Test worker] DEBUG o.s.w.c.RestTemplate - HTTP POST http://localhost:50507/request/flux
19:47:35.944 [Test worker] DEBUG o.s.w.c.RestTemplate - Accept=[text/plain, application/json, application/x-jackson-smile, application/*+json, */*]
19:47:35.945 [Test worker] DEBUG o.s.w.c.RestTemplate - Writing [[org.springframework.web.reactive.result.method.annotation.JacksonHintsIntegrationTests$JacksonViewBean@60ed945f, org.springframework.web.reactive.result.method.annotation.JacksonHintsIntegrationTests$JacksonViewBean@14d8a9c]] as "application/json"
19:47:35.948 [qtp417033239-760] DEBUG o.s.w.s.a.HttpWebHandlerAdapter - [1194fd0d] HTTP POST "/request/flux"
19:47:35.949 [qtp417033239-760] DEBUG o.s.w.r.r.m.a.RequestMappingHandlerMapping - [1194fd0d] Mapped to org.springframework.web.reactive.result.method.annotation.JacksonHintsIntegrationTests$JsonViewRestController#fluxRequest(Flux)
19:47:35.950 [qtp417033239-760] DEBUG o.s.w.r.r.m.a.RequestBodyMethodArgumentResolver - [1194fd0d] Content-Type:application/json;charset=UTF-8
19:47:35.951 [qtp417033239-760] DEBUG o.s.w.r.r.m.a.RequestBodyMethodArgumentResolver - [1194fd0d] 0..N [org.springframework.web.reactive.result.method.annotation.JacksonHintsIntegrationTests$JacksonViewBean]
19:47:35.953 [qtp417033239-760] DEBUG o.s.w.r.r.m.a.ResponseBodyResultHandler - Using 'application/json' given [application/json] and supported [application/json, application/*+json, application/x-jackson-smile, application/*+x-jackson-smile, text/event-stream]
19:47:35.953 [qtp417033239-760] DEBUG o.s.w.r.r.m.a.ResponseBodyResultHandler - [1194fd0d] 0..N [org.springframework.web.reactive.result.method.annotation.JacksonHintsIntegrationTests$JacksonViewBean]
19:47:35.954 [qtp417033239-760] DEBUG o.s.h.c.j.Jackson2JsonDecoder - [1194fd0d] Decoded [org.springframework.web.reactive.result.method.annotation.JacksonHintsIntegrationTests$JacksonViewBe (truncated)...]
19:47:35.955 [qtp417033239-760] DEBUG o.s.h.c.j.Jackson2JsonDecoder - [1194fd0d] Decoded [org.springframework.web.reactive.result.method.annotation.JacksonHintsIntegrationTests$JacksonViewBe (truncated)...]
19:47:35.955 [qtp417033239-760] DEBUG o.s.h.c.j.Jackson2JsonEncoder - [1194fd0d] Encoding [[org.springframework.web.reactive.result.method.annotation.JacksonHintsIntegrationTests$JacksonViewB (truncated)...]
19:47:35.956 [qtp417033239-760] DEBUG o.s.w.s.a.HttpWebHandlerAdapter - [1194fd0d] Completed 200 OK
19:47:35.956 [Test worker] DEBUG o.s.w.c.RestTemplate - Response 200 OK
19:47:35.956 [Test worker] DEBUG o.s.w.c.RestTemplate - Reading to [java.lang.String] as "application/json"
19:47:35.956 [Test worker] DEBUG o.s.h.s.r.b.JettyHttpServer - Stopping JettyHttpServer...
19:47:35.957 [Test worker] INFO  o.e.j.s.h.ContextHandler - Stopped o.e.j.s.ServletContextHandler@5560776{/,null,UNAVAILABLE}
19:47:35.958 [Test worker] INFO  o.e.j.s.AbstractConnector - Stopped ServerConnector@423a09a{HTTP/1.1,[http/1.1]}{0.0.0.0:0}
19:47:35.959 [Test worker] DEBUG o.s.h.s.r.b.JettyHttpServer - Server stopped (0 millis).
19:47:36.015 [Test worker] DEBUG o.s.w.r.r.m.a.RequestMappingHandlerMapping - 9 mappings in 'requestMappingHandlerMapping'
19:47:36.057 [Test worker] DEBUG o.s.w.r.r.m.a.ControllerMethodResolver - ControllerAdvice beans: none
19:47:36.117 [Test worker] DEBUG o.s.w.s.a.HttpWebHandlerAdapter - enableLoggingRequestDetails='false': form data and headers will be masked to prevent unsafe logging of potentially sensitive data
19:47:36.118 [Test worker] WARN  o.e.j.s.h.ContextHandler - Empty contextPath
19:47:36.118 [Test worker] INFO  o.e.j.s.h.ContextHandler - Started o.e.j.s.ServletContextHandler@61242bb{/,null,AVAILABLE}
19:47:36.119 [Test worker] DEBUG o.s.h.s.r.b.JettyHttpServer - Starting JettyHttpServer...
19:47:36.119 [Test worker] INFO  o.e.j.s.Server - jetty-9.4.18.v20190429; built: 2019-04-29T20:42:08.989Z; git: e1bc35120a6617ee3df052294e433f3a25ce7097; jvm 1.8.0_144-b01
19:47:36.120 [Test worker] INFO  o.e.j.s.AbstractConnector - Started ServerConnector@7b148737{HTTP/1.1,[http/1.1]}{0.0.0.0:50509}
19:47:36.120 [Test worker] INFO  o.e.j.s.Server - Started @57259ms
19:47:36.120 [Test worker] DEBUG o.s.h.s.r.b.JettyHttpServer - Server started on port 50509(0 millis).
19:47:36.120 [Test worker] DEBUG o.s.w.c.RestTemplate - HTTP POST http://localhost:50509/request/mono
19:47:36.121 [Test worker] DEBUG o.s.w.c.RestTemplate - Accept=[text/plain, application/json, application/x-jackson-smile, application/*+json, */*]
19:47:36.122 [Test worker] DEBUG o.s.w.c.RestTemplate - Writing [org.springframework.web.reactive.result.method.annotation.JacksonHintsIntegrationTests$JacksonViewBean@1ef9fa49] as "application/json"
19:47:36.124 [qtp331308095-769] DEBUG o.s.w.s.a.HttpWebHandlerAdapter - [3cdf80f1] HTTP POST "/request/mono"
19:47:36.124 [qtp331308095-769] DEBUG o.s.w.r.r.m.a.RequestMappingHandlerMapping - [3cdf80f1] Mapped to org.springframework.web.reactive.result.method.annotation.JacksonHintsIntegrationTests$JsonViewRestController#monoRequest(Mono)
19:47:36.125 [qtp331308095-769] DEBUG o.s.w.r.r.m.a.RequestBodyMethodArgumentResolver - [3cdf80f1] Content-Type:application/json;charset=UTF-8
19:47:36.126 [qtp331308095-769] DEBUG o.s.w.r.r.m.a.RequestBodyMethodArgumentResolver - [3cdf80f1] 0..1 [org.springframework.web.reactive.result.method.annotation.JacksonHintsIntegrationTests$JacksonViewBean]
19:47:36.127 [qtp331308095-769] DEBUG o.s.w.r.r.m.a.ResponseBodyResultHandler - Using 'application/json' given [application/json] and supported [application/json, application/*+json, application/x-jackson-smile, application/*+x-jackson-smile, text/event-stream]
19:47:36.127 [qtp331308095-769] DEBUG o.s.w.r.r.m.a.ResponseBodyResultHandler - [3cdf80f1] 0..1 [org.springframework.web.reactive.result.method.annotation.JacksonHintsIntegrationTests$JacksonViewBean]
19:47:36.127 [qtp331308095-769] DEBUG o.s.h.c.j.Jackson2JsonDecoder - [3cdf80f1] Decoded [org.springframework.web.reactive.result.method.annotation.JacksonHintsIntegrationTests$JacksonViewBe (truncated)...]
19:47:36.127 [qtp331308095-769] DEBUG o.s.h.c.j.Jackson2JsonEncoder - [3cdf80f1] Encoding [org.springframework.web.reactive.result.method.annotation.JacksonHintsIntegrationTests$JacksonViewBe (truncated)...]
19:47:36.128 [Test worker] DEBUG o.s.w.c.RestTemplate - Response 200 OK
19:47:36.128 [qtp331308095-769] DEBUG o.s.w.s.a.HttpWebHandlerAdapter - [3cdf80f1] Completed 200 OK
19:47:36.129 [Test worker] DEBUG o.s.w.c.RestTemplate - Reading to [java.lang.String] as "application/json"
19:47:36.129 [Test worker] DEBUG o.s.h.s.r.b.JettyHttpServer - Stopping JettyHttpServer...
19:47:36.129 [Test worker] INFO  o.e.j.s.h.ContextHandler - Stopped o.e.j.s.ServletContextHandler@61242bb{/,null,UNAVAILABLE}
19:47:36.131 [Test worker] INFO  o.e.j.s.AbstractConnector - Stopped ServerConnector@7b148737{HTTP/1.1,[http/1.1]}{0.0.0.0:0}
19:47:36.132 [Test worker] DEBUG o.s.h.s.r.b.JettyHttpServer - Server stopped (0 millis).
19:47:36.185 [Test worker] DEBUG o.s.w.r.r.m.a.RequestMappingHandlerMapping - 9 mappings in 'requestMappingHandlerMapping'
19:47:36.226 [Test worker] DEBUG o.s.w.r.r.m.a.ControllerMethodResolver - ControllerAdvice beans: none
19:47:36.271 [Test worker] DEBUG o.s.w.s.a.HttpWebHandlerAdapter - enableLoggingRequestDetails='false': form data and headers will be masked to prevent unsafe logging of potentially sensitive data
19:47:36.271 [Test worker] WARN  o.e.j.s.h.ContextHandler - Empty contextPath
19:47:36.272 [Test worker] INFO  o.e.j.s.h.ContextHandler - Started o.e.j.s.ServletContextHandler@7c90efa5{/,null,AVAILABLE}
19:47:36.272 [Test worker] DEBUG o.s.h.s.r.b.JettyHttpServer - Starting JettyHttpServer...
19:47:36.272 [Test worker] INFO  o.e.j.s.Server - jetty-9.4.18.v20190429; built: 2019-04-29T20:42:08.989Z; git: e1bc35120a6617ee3df052294e433f3a25ce7097; jvm 1.8.0_144-b01
19:47:36.274 [Test worker] INFO  o.e.j.s.AbstractConnector - Started ServerConnector@1256b1b2{HTTP/1.1,[http/1.1]}{0.0.0.0:50511}
19:47:36.274 [Test worker] INFO  o.e.j.s.Server - Started @57413ms
19:47:36.274 [Test worker] DEBUG o.s.h.s.r.b.JettyHttpServer - Server started on port 50511(0 millis).
19:47:36.274 [Test worker] DEBUG o.s.w.c.RestTemplate - HTTP GET http://localhost:50511/response/raw
19:47:36.275 [Test worker] DEBUG o.s.w.c.RestTemplate - Accept=[text/plain, application/json, application/x-jackson-smile, application/*+json, */*]
19:47:36.277 [qtp1135261857-778] DEBUG o.s.w.s.a.HttpWebHandlerAdapter - [3b21938b] HTTP GET "/response/raw"
19:47:36.277 [qtp1135261857-778] DEBUG o.s.w.r.r.m.a.RequestMappingHandlerMapping - [3b21938b] Mapped to org.springframework.web.reactive.result.method.annotation.JacksonHintsIntegrationTests$JsonViewRestController#rawResponse()
19:47:36.278 [qtp1135261857-778] DEBUG o.s.w.r.r.m.a.ResponseBodyResultHandler - Using 'application/json' given [application/json] and supported [application/json, application/*+json, application/x-jackson-smile, application/*+x-jackson-smile, text/event-stream]
19:47:36.278 [qtp1135261857-778] DEBUG o.s.w.r.r.m.a.ResponseBodyResultHandler - [3b21938b] 0..1 [org.springframework.web.reactive.result.method.annotation.JacksonHintsIntegrationTests$JacksonViewBean]
19:47:36.279 [qtp1135261857-778] DEBUG o.s.h.c.j.Jackson2JsonEncoder - [3b21938b] Encoding [org.springframework.web.reactive.result.method.annotation.JacksonHintsIntegrationTests$JacksonViewBe (truncated)...]
19:47:36.279 [qtp1135261857-778] DEBUG o.s.w.s.a.HttpWebHandlerAdapter - [3b21938b] Completed 200 OK
19:47:36.279 [Test worker] DEBUG o.s.w.c.RestTemplate - Response 200 OK
19:47:36.280 [Test worker] DEBUG o.s.w.c.RestTemplate - Reading to [java.lang.String] as "application/json"
19:47:36.280 [Test worker] DEBUG o.s.h.s.r.b.JettyHttpServer - Stopping JettyHttpServer...
19:47:36.280 [Test worker] INFO  o.e.j.s.h.ContextHandler - Stopped o.e.j.s.ServletContextHandler@7c90efa5{/,null,UNAVAILABLE}
19:47:36.282 [Test worker] INFO  o.e.j.s.AbstractConnector - Stopped ServerConnector@1256b1b2{HTTP/1.1,[http/1.1]}{0.0.0.0:0}
19:47:36.283 [Test worker] DEBUG o.s.h.s.r.b.JettyHttpServer - Server stopped (0 millis).
19:47:36.342 [Test worker] DEBUG o.s.w.r.r.m.a.RequestMappingHandlerMapping - 9 mappings in 'requestMappingHandlerMapping'
19:47:36.374 [Test worker] DEBUG o.s.w.r.r.m.a.ControllerMethodResolver - ControllerAdvice beans: none
19:47:36.424 [Test worker] DEBUG o.s.w.s.a.HttpWebHandlerAdapter - enableLoggingRequestDetails='false': form data and headers will be masked to prevent unsafe logging of potentially sensitive data
19:47:36.424 [Test worker] WARN  o.e.j.s.h.ContextHandler - Empty contextPath
19:47:36.425 [Test worker] INFO  o.e.j.s.h.ContextHandler - Started o.e.j.s.ServletContextHandler@1e7ce815{/,null,AVAILABLE}
19:47:36.425 [Test worker] DEBUG o.s.h.s.r.b.JettyHttpServer - Starting JettyHttpServer...
19:47:36.425 [Test worker] INFO  o.e.j.s.Server - jetty-9.4.18.v20190429; built: 2019-04-29T20:42:08.989Z; git: e1bc35120a6617ee3df052294e433f3a25ce7097; jvm 1.8.0_144-b01
19:47:36.426 [Test worker] INFO  o.e.j.s.AbstractConnector - Started ServerConnector@6c583a64{HTTP/1.1,[http/1.1]}{0.0.0.0:50513}
19:47:36.426 [Test worker] INFO  o.e.j.s.Server - Started @57565ms
19:47:36.426 [Test worker] DEBUG o.s.h.s.r.b.JettyHttpServer - Server started on port 50513(0 millis).
19:47:36.427 [Test worker] DEBUG o.s.w.c.RestTemplate - HTTP GET http://localhost:50513/response/flux
19:47:36.427 [Test worker] DEBUG o.s.w.c.RestTemplate - Accept=[text/plain, application/json, application/x-jackson-smile, application/*+json, */*]
19:47:36.429 [qtp925470997-787] DEBUG o.s.w.s.a.HttpWebHandlerAdapter - [7aca1d8] HTTP GET "/response/flux"
19:47:36.429 [qtp925470997-787] DEBUG o.s.w.r.r.m.a.RequestMappingHandlerMapping - [7aca1d8] Mapped to org.springframework.web.reactive.result.method.annotation.JacksonHintsIntegrationTests$JsonViewRestController#fluxResponse()
19:47:36.431 [qtp925470997-787] DEBUG o.s.w.r.r.m.a.ResponseBodyResultHandler - Using 'application/json' given [application/json] and supported [application/json, application/*+json, application/x-jackson-smile, application/*+x-jackson-smile, text/event-stream]
19:47:36.431 [qtp925470997-787] DEBUG o.s.w.r.r.m.a.ResponseBodyResultHandler - [7aca1d8] 0..N [org.springframework.web.reactive.result.method.annotation.JacksonHintsIntegrationTests$JacksonViewBean]
19:47:36.431 [qtp925470997-787] DEBUG o.s.h.c.j.Jackson2JsonEncoder - [7aca1d8] Encoding [[org.springframework.web.reactive.result.method.annotation.JacksonHintsIntegrationTests$JacksonViewB (truncated)...]
19:47:36.432 [qtp925470997-787] DEBUG o.s.w.s.a.HttpWebHandlerAdapter - [7aca1d8] Completed 200 OK
19:47:36.433 [Test worker] DEBUG o.s.w.c.RestTemplate - Response 200 OK
19:47:36.434 [Test worker] DEBUG o.s.w.c.RestTemplate - Reading to [java.lang.String] as "application/json"
19:47:36.434 [Test worker] DEBUG o.s.h.s.r.b.JettyHttpServer - Stopping JettyHttpServer...
19:47:36.434 [Test worker] INFO  o.e.j.s.h.ContextHandler - Stopped o.e.j.s.ServletContextHandler@1e7ce815{/,null,UNAVAILABLE}
19:47:36.436 [Test worker] INFO  o.e.j.s.AbstractConnector - Stopped ServerConnector@6c583a64{HTTP/1.1,[http/1.1]}{0.0.0.0:0}
19:47:36.437 [Test worker] DEBUG o.s.h.s.r.b.JettyHttpServer - Server stopped (0 millis).
19:47:36.508 [Test worker] DEBUG o.s.w.r.r.m.a.RequestMappingHandlerMapping - 9 mappings in 'requestMappingHandlerMapping'
19:47:36.555 [Test worker] DEBUG o.s.w.r.r.m.a.ControllerMethodResolver - ControllerAdvice beans: none
19:47:36.613 [Test worker] DEBUG o.s.w.s.a.HttpWebHandlerAdapter - enableLoggingRequestDetails='false': form data and headers will be masked to prevent unsafe logging of potentially sensitive data
19:47:36.614 [Test worker] WARN  o.e.j.s.h.ContextHandler - Empty contextPath
19:47:36.614 [Test worker] INFO  o.e.j.s.h.ContextHandler - Started o.e.j.s.ServletContextHandler@135afc7e{/,null,AVAILABLE}
19:47:36.614 [Test worker] DEBUG o.s.h.s.r.b.JettyHttpServer - Starting JettyHttpServer...
19:47:36.614 [Test worker] INFO  o.e.j.s.Server - jetty-9.4.18.v20190429; built: 2019-04-29T20:42:08.989Z; git: e1bc35120a6617ee3df052294e433f3a25ce7097; jvm 1.8.0_144-b01
19:47:36.617 [Test worker] INFO  o.e.j.s.AbstractConnector - Started ServerConnector@5cf6d12e{HTTP/1.1,[http/1.1]}{0.0.0.0:50515}
19:47:36.617 [Test worker] INFO  o.e.j.s.Server - Started @57755ms
19:47:36.617 [Test worker] DEBUG o.s.h.s.r.b.JettyHttpServer - Server started on port 50515(0 millis).
19:47:36.617 [Test worker] DEBUG o.s.w.c.RestTemplate - HTTP POST http://localhost:50515/request/entity/flux
19:47:36.617 [Test worker] DEBUG o.s.w.c.RestTemplate - Accept=[text/plain, application/json, application/x-jackson-smile, application/*+json, */*]
19:47:36.618 [Test worker] DEBUG o.s.w.c.RestTemplate - Writing [[org.springframework.web.reactive.result.method.annotation.JacksonHintsIntegrationTests$JacksonViewBean@220142f8, org.springframework.web.reactive.result.method.annotation.JacksonHintsIntegrationTests$JacksonViewBean@6bcdc773]] as "application/json"
19:47:36.621 [qtp890944304-796] DEBUG o.s.w.s.a.HttpWebHandlerAdapter - [16a096e7] HTTP POST "/request/entity/flux"
19:47:36.622 [qtp890944304-796] DEBUG o.s.w.r.r.m.a.RequestMappingHandlerMapping - [16a096e7] Mapped to org.springframework.web.reactive.result.method.annotation.JacksonHintsIntegrationTests$JsonViewRestController#entityFluxRequest(HttpEntity)
19:47:36.622 [qtp890944304-796] DEBUG o.s.w.r.r.m.a.HttpEntityMethodArgumentResolver - [16a096e7] Content-Type:application/json;charset=UTF-8
19:47:36.623 [qtp890944304-796] DEBUG o.s.w.r.r.m.a.HttpEntityMethodArgumentResolver - [16a096e7] 0..N [org.springframework.web.reactive.result.method.annotation.JacksonHintsIntegrationTests$JacksonViewBean]
19:47:36.626 [qtp890944304-796] DEBUG o.s.w.r.r.m.a.ResponseBodyResultHandler - Using 'application/json' given [application/json] and supported [application/json, application/*+json, application/x-jackson-smile, application/*+x-jackson-smile, text/event-stream]
19:47:36.626 [qtp890944304-796] DEBUG o.s.w.r.r.m.a.ResponseBodyResultHandler - [16a096e7] 0..N [org.springframework.web.reactive.result.method.annotation.JacksonHintsIntegrationTests$JacksonViewBean]
19:47:36.627 [qtp890944304-796] DEBUG o.s.h.c.j.Jackson2JsonDecoder - [16a096e7] Decoded [org.springframework.web.reactive.result.method.annotation.JacksonHintsIntegrationTests$JacksonViewBe (truncated)...]
19:47:36.627 [qtp890944304-796] DEBUG o.s.h.c.j.Jackson2JsonDecoder - [16a096e7] Decoded [org.springframework.web.reactive.result.method.annotation.JacksonHintsIntegrationTests$JacksonViewBe (truncated)...]
19:47:36.627 [qtp890944304-796] DEBUG o.s.h.c.j.Jackson2JsonEncoder - [16a096e7] Encoding [[org.springframework.web.reactive.result.method.annotation.JacksonHintsIntegrationTests$JacksonViewB (truncated)...]
19:47:36.628 [qtp890944304-796] DEBUG o.s.w.s.a.HttpWebHandlerAdapter - [16a096e7] Completed 200 OK
19:47:36.628 [Test worker] DEBUG o.s.w.c.RestTemplate - Response 200 OK
19:47:36.628 [Test worker] DEBUG o.s.w.c.RestTemplate - Reading to [java.lang.String] as "application/json"
19:47:36.629 [Test worker] DEBUG o.s.h.s.r.b.JettyHttpServer - Stopping JettyHttpServer...
19:47:36.629 [Test worker] INFO  o.e.j.s.h.ContextHandler - Stopped o.e.j.s.ServletContextHandler@135afc7e{/,null,UNAVAILABLE}
19:47:36.630 [Test worker] INFO  o.e.j.s.AbstractConnector - Stopped ServerConnector@5cf6d12e{HTTP/1.1,[http/1.1]}{0.0.0.0:0}
19:47:36.631 [Test worker] DEBUG o.s.h.s.r.b.JettyHttpServer - Server stopped (0 millis).
19:47:36.684 [Test worker] DEBUG o.s.w.r.r.m.a.RequestMappingHandlerMapping - 9 mappings in 'requestMappingHandlerMapping'
19:47:36.717 [Test worker] DEBUG o.s.w.r.r.m.a.ControllerMethodResolver - ControllerAdvice beans: none
19:47:36.760 [Test worker] DEBUG o.s.w.s.a.HttpWebHandlerAdapter - enableLoggingRequestDetails='false': form data and headers will be masked to prevent unsafe logging of potentially sensitive data
19:47:36.760 [Test worker] WARN  o.e.j.s.h.ContextHandler - Empty contextPath
19:47:36.760 [Test worker] INFO  o.e.j.s.h.ContextHandler - Started o.e.j.s.ServletContextHandler@7babf931{/,null,AVAILABLE}
19:47:36.761 [Test worker] DEBUG o.s.h.s.r.b.JettyHttpServer - Starting JettyHttpServer...
19:47:36.761 [Test worker] INFO  o.e.j.s.Server - jetty-9.4.18.v20190429; built: 2019-04-29T20:42:08.989Z; git: e1bc35120a6617ee3df052294e433f3a25ce7097; jvm 1.8.0_144-b01
19:47:36.763 [Test worker] INFO  o.e.j.s.AbstractConnector - Started ServerConnector@12984e8f{HTTP/1.1,[http/1.1]}{0.0.0.0:50517}
19:47:36.763 [Test worker] INFO  o.e.j.s.Server - Started @57901ms
19:47:36.763 [Test worker] DEBUG o.s.h.s.r.b.JettyHttpServer - Server started on port 50517(0 millis).
19:47:36.763 [Test worker] DEBUG o.s.w.c.RestTemplate - HTTP GET http://localhost:50517/response/mono
19:47:36.763 [Test worker] DEBUG o.s.w.c.RestTemplate - Accept=[text/plain, application/json, application/x-jackson-smile, application/*+json, */*]
19:47:36.765 [qtp115774851-805] DEBUG o.s.w.s.a.HttpWebHandlerAdapter - [45b1bc91] HTTP GET "/response/mono"
19:47:36.765 [qtp115774851-805] DEBUG o.s.w.r.r.m.a.RequestMappingHandlerMapping - [45b1bc91] Mapped to org.springframework.web.reactive.result.method.annotation.JacksonHintsIntegrationTests$JsonViewRestController#monoResponse()
19:47:36.767 [qtp115774851-805] DEBUG o.s.w.r.r.m.a.ResponseBodyResultHandler - Using 'application/json' given [application/json] and supported [application/json, application/*+json, application/x-jackson-smile, application/*+x-jackson-smile, text/event-stream]
19:47:36.767 [qtp115774851-805] DEBUG o.s.w.r.r.m.a.ResponseBodyResultHandler - [45b1bc91] 0..1 [org.springframework.web.reactive.result.method.annotation.JacksonHintsIntegrationTests$JacksonViewBean]
19:47:36.767 [qtp115774851-805] DEBUG o.s.h.c.j.Jackson2JsonEncoder - [45b1bc91] Encoding [org.springframework.web.reactive.result.method.annotation.JacksonHintsIntegrationTests$JacksonViewBe (truncated)...]
19:47:36.768 [qtp115774851-805] DEBUG o.s.w.s.a.HttpWebHandlerAdapter - [45b1bc91] Completed 200 OK
19:47:36.768 [Test worker] DEBUG o.s.w.c.RestTemplate - Response 200 OK
19:47:36.768 [Test worker] DEBUG o.s.w.c.RestTemplate - Reading to [java.lang.String] as "application/json"
19:47:36.769 [Test worker] DEBUG o.s.h.s.r.b.JettyHttpServer - Stopping JettyHttpServer...
19:47:36.769 [Test worker] INFO  o.e.j.s.h.ContextHandler - Stopped o.e.j.s.ServletContextHandler@7babf931{/,null,UNAVAILABLE}
19:47:36.770 [Test worker] INFO  o.e.j.s.AbstractConnector - Stopped ServerConnector@12984e8f{HTTP/1.1,[http/1.1]}{0.0.0.0:0}
19:47:36.770 [Test worker] DEBUG o.s.h.s.r.b.JettyHttpServer - Server stopped (0 millis).
19:47:36.820 [Test worker] DEBUG o.s.w.r.r.m.a.RequestMappingHandlerMapping - 9 mappings in 'requestMappingHandlerMapping'
19:47:36.856 [Test worker] DEBUG o.s.w.r.r.m.a.ControllerMethodResolver - ControllerAdvice beans: none
19:47:36.892 [Test worker] DEBUG o.s.w.s.a.HttpWebHandlerAdapter - enableLoggingRequestDetails='false': form data and headers will be masked to prevent unsafe logging of potentially sensitive data
19:47:36.892 [Test worker] DEBUG o.s.h.s.r.b.ReactorHttpServer - Starting ReactorHttpServer...
19:47:36.893 [Test worker] DEBUG o.s.h.s.r.b.ReactorHttpServer - Server started on port 50519(0 millis).
19:47:36.893 [Test worker] DEBUG o.s.w.c.RestTemplate - HTTP POST http://localhost:50519/request/entity/mono
19:47:36.893 [Test worker] DEBUG o.s.w.c.RestTemplate - Accept=[text/plain, application/json, application/x-jackson-smile, application/*+json, */*]
19:47:36.894 [Test worker] DEBUG o.s.w.c.RestTemplate - Writing [org.springframework.web.reactive.result.method.annotation.JacksonHintsIntegrationTests$JacksonViewBean@38b046ea] as "application/json"
19:47:36.896 [reactor-http-nio-2] DEBUG o.s.w.s.a.HttpWebHandlerAdapter - [63613d19] HTTP POST "/request/entity/mono"
19:47:36.896 [reactor-http-nio-2] DEBUG o.s.w.r.r.m.a.RequestMappingHandlerMapping - [63613d19] Mapped to org.springframework.web.reactive.result.method.annotation.JacksonHintsIntegrationTests$JsonViewRestController#entityMonoRequest(HttpEntity)
19:47:36.897 [reactor-http-nio-2] DEBUG o.s.w.r.r.m.a.HttpEntityMethodArgumentResolver - [63613d19] Content-Type:application/json
19:47:36.898 [reactor-http-nio-2] DEBUG o.s.w.r.r.m.a.HttpEntityMethodArgumentResolver - [63613d19] 0..1 [org.springframework.web.reactive.result.method.annotation.JacksonHintsIntegrationTests$JacksonViewBean]
19:47:36.910 [reactor-http-nio-2] DEBUG o.s.w.r.r.m.a.ResponseBodyResultHandler - Using 'application/json' given [application/json] and supported [application/json, application/*+json, application/x-jackson-smile, application/*+x-jackson-smile, text/event-stream]
19:47:36.910 [reactor-http-nio-2] DEBUG o.s.w.r.r.m.a.ResponseBodyResultHandler - [63613d19] 0..1 [org.springframework.web.reactive.result.method.annotation.JacksonHintsIntegrationTests$JacksonViewBean]
19:47:36.911 [reactor-http-nio-2] DEBUG o.s.h.c.j.Jackson2JsonDecoder - [63613d19] Decoded [org.springframework.web.reactive.result.method.annotation.JacksonHintsIntegrationTests$JacksonViewBe (truncated)...]
19:47:36.912 [reactor-http-nio-2] DEBUG o.s.h.c.j.Jackson2JsonEncoder - [63613d19] Encoding [org.springframework.web.reactive.result.method.annotation.JacksonHintsIntegrationTests$JacksonViewBe (truncated)...]
19:47:36.913 [Test worker] DEBUG o.s.w.c.RestTemplate - Response 200 OK
19:47:36.914 [Test worker] DEBUG o.s.w.c.RestTemplate - Reading to [java.lang.String] as "application/json"
19:47:36.914 [Test worker] DEBUG o.s.h.s.r.b.ReactorHttpServer - Stopping ReactorHttpServer...
19:47:36.914 [Test worker] DEBUG o.s.h.s.r.b.ReactorHttpServer - Server stopped (0 millis).
19:47:36.962 [Test worker] DEBUG o.s.w.r.r.m.a.RequestMappingHandlerMapping - 9 mappings in 'requestMappingHandlerMapping'
19:47:36.985 [Test worker] DEBUG o.s.w.r.r.m.a.ControllerMethodResolver - ControllerAdvice beans: none
19:47:37.024 [Test worker] DEBUG o.s.w.s.a.HttpWebHandlerAdapter - enableLoggingRequestDetails='false': form data and headers will be masked to prevent unsafe logging of potentially sensitive data
19:47:37.024 [Test worker] DEBUG o.s.h.s.r.b.ReactorHttpServer - Starting ReactorHttpServer...
19:47:37.025 [Test worker] DEBUG o.s.h.s.r.b.ReactorHttpServer - Server started on port 50521(0 millis).
19:47:37.025 [Test worker] DEBUG o.s.w.c.RestTemplate - HTTP POST http://localhost:50521/request/raw
19:47:37.025 [Test worker] DEBUG o.s.w.c.RestTemplate - Accept=[text/plain, application/json, application/x-jackson-smile, application/*+json, */*]
19:47:37.025 [Test worker] DEBUG o.s.w.c.RestTemplate - Writing [org.springframework.web.reactive.result.method.annotation.JacksonHintsIntegrationTests$JacksonViewBean@2690af98] as "application/json"
19:47:37.027 [reactor-http-nio-4] DEBUG o.s.w.s.a.HttpWebHandlerAdapter - [486ae8d9] HTTP POST "/request/raw"
19:47:37.027 [reactor-http-nio-4] DEBUG o.s.w.r.r.m.a.RequestMappingHandlerMapping - [486ae8d9] Mapped to org.springframework.web.reactive.result.method.annotation.JacksonHintsIntegrationTests$JsonViewRestController#rawRequest(JacksonViewBean)
19:47:37.028 [reactor-http-nio-4] DEBUG o.s.w.r.r.m.a.RequestBodyMethodArgumentResolver - [486ae8d9] Content-Type:application/json
19:47:37.029 [reactor-http-nio-4] DEBUG o.s.w.r.r.m.a.RequestBodyMethodArgumentResolver - [486ae8d9] 0..1 [org.springframework.web.reactive.result.method.annotation.JacksonHintsIntegrationTests$JacksonViewBean]
19:47:37.029 [reactor-http-nio-4] DEBUG o.s.h.c.j.Jackson2JsonDecoder - [486ae8d9] Decoded [org.springframework.web.reactive.result.method.annotation.JacksonHintsIntegrationTests$JacksonViewBe (truncated)...]
19:47:37.030 [reactor-http-nio-4] DEBUG o.s.w.r.r.m.a.ResponseBodyResultHandler - Using 'application/json' given [application/json] and supported [application/json, application/*+json, application/x-jackson-smile, application/*+x-jackson-smile, text/event-stream]
19:47:37.030 [reactor-http-nio-4] DEBUG o.s.w.r.r.m.a.ResponseBodyResultHandler - [486ae8d9] 0..1 [org.springframework.web.reactive.result.method.annotation.JacksonHintsIntegrationTests$JacksonViewBean]
19:47:37.030 [reactor-http-nio-4] DEBUG o.s.h.c.j.Jackson2JsonEncoder - [486ae8d9] Encoding [org.springframework.web.reactive.result.method.annotation.JacksonHintsIntegrationTests$JacksonViewBe (truncated)...]
19:47:37.031 [Test worker] DEBUG o.s.w.c.RestTemplate - Response 200 OK
19:47:37.032 [Test worker] DEBUG o.s.w.c.RestTemplate - Reading to [java.lang.String] as "application/json"
19:47:37.032 [Test worker] DEBUG o.s.h.s.r.b.ReactorHttpServer - Stopping ReactorHttpServer...
19:47:37.032 [Test worker] DEBUG o.s.h.s.r.b.ReactorHttpServer - Server stopped (0 millis).
19:47:37.082 [Test worker] DEBUG o.s.w.r.r.m.a.RequestMappingHandlerMapping - 9 mappings in 'requestMappingHandlerMapping'
19:47:37.116 [Test worker] DEBUG o.s.w.r.r.m.a.ControllerMethodResolver - ControllerAdvice beans: none
19:47:37.161 [Test worker] DEBUG o.s.w.s.a.HttpWebHandlerAdapter - enableLoggingRequestDetails='false': form data and headers will be masked to prevent unsafe logging of potentially sensitive data
19:47:37.161 [Test worker] DEBUG o.s.h.s.r.b.ReactorHttpServer - Starting ReactorHttpServer...
19:47:37.162 [Test worker] DEBUG o.s.h.s.r.b.ReactorHttpServer - Server started on port 50523(0 millis).
19:47:37.162 [Test worker] DEBUG o.s.w.c.RestTemplate - HTTP GET http://localhost:50523/response/entity
19:47:37.162 [Test worker] DEBUG o.s.w.c.RestTemplate - Accept=[text/plain, application/json, application/x-jackson-smile, application/*+json, */*]
19:47:37.164 [reactor-http-nio-2] DEBUG o.s.w.s.a.HttpWebHandlerAdapter - [41cdbb15] HTTP GET "/response/entity"
19:47:37.164 [reactor-http-nio-2] DEBUG o.s.w.r.r.m.a.RequestMappingHandlerMapping - [41cdbb15] Mapped to org.springframework.web.reactive.result.method.annotation.JacksonHintsIntegrationTests$JsonViewRestController#monoResponseEntity()
19:47:37.165 [reactor-http-nio-2] DEBUG o.s.w.r.r.m.a.ResponseEntityResultHandler - Using 'application/json' given [application/json] and supported [application/json, application/*+json, application/x-jackson-smile, application/*+x-jackson-smile, text/event-stream]
19:47:37.165 [reactor-http-nio-2] DEBUG o.s.w.r.r.m.a.ResponseEntityResultHandler - [41cdbb15] 0..1 [org.springframework.web.reactive.result.method.annotation.JacksonHintsIntegrationTests$JacksonViewBean]
19:47:37.166 [reactor-http-nio-2] DEBUG o.s.h.c.j.Jackson2JsonEncoder - [41cdbb15] Encoding [org.springframework.web.reactive.result.method.annotation.JacksonHintsIntegrationTests$JacksonViewBe (truncated)...]
19:47:37.167 [Test worker] DEBUG o.s.w.c.RestTemplate - Response 200 OK
19:47:37.168 [Test worker] DEBUG o.s.w.c.RestTemplate - Reading to [java.lang.String] as "application/json"
19:47:37.168 [Test worker] DEBUG o.s.h.s.r.b.ReactorHttpServer - Stopping ReactorHttpServer...
19:47:37.168 [Test worker] DEBUG o.s.h.s.r.b.ReactorHttpServer - Server stopped (0 millis).
19:47:37.227 [Test worker] DEBUG o.s.w.r.r.m.a.RequestMappingHandlerMapping - 9 mappings in 'requestMappingHandlerMapping'
19:47:37.263 [Test worker] DEBUG o.s.w.r.r.m.a.ControllerMethodResolver - ControllerAdvice beans: none
19:47:37.301 [Test worker] DEBUG o.s.w.s.a.HttpWebHandlerAdapter - enableLoggingRequestDetails='false': form data and headers will be masked to prevent unsafe logging of potentially sensitive data
19:47:37.301 [Test worker] DEBUG o.s.h.s.r.b.ReactorHttpServer - Starting ReactorHttpServer...
19:47:37.302 [Test worker] DEBUG o.s.h.s.r.b.ReactorHttpServer - Server started on port 50525(0 millis).
19:47:37.302 [Test worker] DEBUG o.s.w.c.RestTemplate - HTTP POST http://localhost:50525/request/flux
19:47:37.303 [Test worker] DEBUG o.s.w.c.RestTemplate - Accept=[text/plain, application/json, application/x-jackson-smile, application/*+json, */*]
19:47:37.303 [Test worker] DEBUG o.s.w.c.RestTemplate - Writing [[org.springframework.web.reactive.result.method.annotation.JacksonHintsIntegrationTests$JacksonViewBean@671400c1, org.springframework.web.reactive.result.method.annotation.JacksonHintsIntegrationTests$JacksonViewBean@6e3e4fd6]] as "application/json"
19:47:37.306 [reactor-http-nio-4] DEBUG o.s.w.s.a.HttpWebHandlerAdapter - [5f1b8dde] HTTP POST "/request/flux"
19:47:37.306 [reactor-http-nio-4] DEBUG o.s.w.r.r.m.a.RequestMappingHandlerMapping - [5f1b8dde] Mapped to org.springframework.web.reactive.result.method.annotation.JacksonHintsIntegrationTests$JsonViewRestController#fluxRequest(Flux)
19:47:37.307 [reactor-http-nio-4] DEBUG o.s.w.r.r.m.a.RequestBodyMethodArgumentResolver - [5f1b8dde] Content-Type:application/json
19:47:37.308 [reactor-http-nio-4] DEBUG o.s.w.r.r.m.a.RequestBodyMethodArgumentResolver - [5f1b8dde] 0..N [org.springframework.web.reactive.result.method.annotation.JacksonHintsIntegrationTests$JacksonViewBean]
19:47:37.310 [reactor-http-nio-4] DEBUG o.s.w.r.r.m.a.ResponseBodyResultHandler - Using 'application/json' given [application/json] and supported [application/json, application/*+json, application/x-jackson-smile, application/*+x-jackson-smile, text/event-stream]
19:47:37.310 [reactor-http-nio-4] DEBUG o.s.w.r.r.m.a.ResponseBodyResultHandler - [5f1b8dde] 0..N [org.springframework.web.reactive.result.method.annotation.JacksonHintsIntegrationTests$JacksonViewBean]
19:47:37.310 [reactor-http-nio-4] DEBUG o.s.h.c.j.Jackson2JsonDecoder - [5f1b8dde] Decoded [org.springframework.web.reactive.result.method.annotation.JacksonHintsIntegrationTests$JacksonViewBe (truncated)...]
19:47:37.311 [reactor-http-nio-4] DEBUG o.s.h.c.j.Jackson2JsonDecoder - [5f1b8dde] Decoded [org.springframework.web.reactive.result.method.annotation.JacksonHintsIntegrationTests$JacksonViewBe (truncated)...]
19:47:37.311 [reactor-http-nio-4] DEBUG o.s.h.c.j.Jackson2JsonEncoder - [5f1b8dde] Encoding [[org.springframework.web.reactive.result.method.annotation.JacksonHintsIntegrationTests$JacksonViewB (truncated)...]
19:47:37.312 [reactor-http-nio-4] DEBUG o.s.w.s.a.HttpWebHandlerAdapter - [5f1b8dde] Completed 200 OK
19:47:37.313 [Test worker] DEBUG o.s.w.c.RestTemplate - Response 200 OK
19:47:37.313 [Test worker] DEBUG o.s.w.c.RestTemplate - Reading to [java.lang.String] as "application/json"
19:47:37.313 [Test worker] DEBUG o.s.h.s.r.b.ReactorHttpServer - Stopping ReactorHttpServer...
19:47:37.313 [Test worker] DEBUG o.s.h.s.r.b.ReactorHttpServer - Server stopped (0 millis).
19:47:37.380 [Test worker] DEBUG o.s.w.r.r.m.a.RequestMappingHandlerMapping - 9 mappings in 'requestMappingHandlerMapping'
19:47:37.414 [Test worker] DEBUG o.s.w.r.r.m.a.ControllerMethodResolver - ControllerAdvice beans: none
19:47:37.458 [Test worker] DEBUG o.s.w.s.a.HttpWebHandlerAdapter - enableLoggingRequestDetails='false': form data and headers will be masked to prevent unsafe logging of potentially sensitive data
19:47:37.459 [Test worker] DEBUG o.s.h.s.r.b.ReactorHttpServer - Starting ReactorHttpServer...
19:47:37.459 [Test worker] DEBUG o.s.h.s.r.b.ReactorHttpServer - Server started on port 50527(0 millis).
19:47:37.459 [Test worker] DEBUG o.s.w.c.RestTemplate - HTTP POST http://localhost:50527/request/mono
19:47:37.460 [Test worker] DEBUG o.s.w.c.RestTemplate - Accept=[text/plain, application/json, application/x-jackson-smile, application/*+json, */*]
19:47:37.460 [Test worker] DEBUG o.s.w.c.RestTemplate - Writing [org.springframework.web.reactive.result.method.annotation.JacksonHintsIntegrationTests$JacksonViewBean@27c03c74] as "application/json"
19:47:37.462 [reactor-http-nio-2] DEBUG o.s.w.s.a.HttpWebHandlerAdapter - [0906d27a] HTTP POST "/request/mono"
19:47:37.462 [reactor-http-nio-2] DEBUG o.s.w.r.r.m.a.RequestMappingHandlerMapping - [0906d27a] Mapped to org.springframework.web.reactive.result.method.annotation.JacksonHintsIntegrationTests$JsonViewRestController#monoRequest(Mono)
19:47:37.463 [reactor-http-nio-2] DEBUG o.s.w.r.r.m.a.RequestBodyMethodArgumentResolver - [0906d27a] Content-Type:application/json
19:47:37.463 [reactor-http-nio-2] DEBUG o.s.w.r.r.m.a.RequestBodyMethodArgumentResolver - [0906d27a] 0..1 [org.springframework.web.reactive.result.method.annotation.JacksonHintsIntegrationTests$JacksonViewBean]
19:47:37.464 [reactor-http-nio-2] DEBUG o.s.w.r.r.m.a.ResponseBodyResultHandler - Using 'application/json' given [application/json] and supported [application/json, application/*+json, application/x-jackson-smile, application/*+x-jackson-smile, text/event-stream]
19:47:37.464 [reactor-http-nio-2] DEBUG o.s.w.r.r.m.a.ResponseBodyResultHandler - [0906d27a] 0..1 [org.springframework.web.reactive.result.method.annotation.JacksonHintsIntegrationTests$JacksonViewBean]
19:47:37.465 [reactor-http-nio-2] DEBUG o.s.h.c.j.Jackson2JsonDecoder - [0906d27a] Decoded [org.springframework.web.reactive.result.method.annotation.JacksonHintsIntegrationTests$JacksonViewBe (truncated)...]
19:47:37.465 [reactor-http-nio-2] DEBUG o.s.h.c.j.Jackson2JsonEncoder - [0906d27a] Encoding [org.springframework.web.reactive.result.method.annotation.JacksonHintsIntegrationTests$JacksonViewBe (truncated)...]
19:47:37.466 [Test worker] DEBUG o.s.w.c.RestTemplate - Response 200 OK
19:47:37.466 [Test worker] DEBUG o.s.w.c.RestTemplate - Reading to [java.lang.String] as "application/json"
19:47:37.467 [Test worker] DEBUG o.s.h.s.r.b.ReactorHttpServer - Stopping ReactorHttpServer...
19:47:37.467 [Test worker] DEBUG o.s.h.s.r.b.ReactorHttpServer - Server stopped (0 millis).
19:47:37.525 [Test worker] DEBUG o.s.w.r.r.m.a.RequestMappingHandlerMapping - 9 mappings in 'requestMappingHandlerMapping'
19:47:37.559 [Test worker] DEBUG o.s.w.r.r.m.a.ControllerMethodResolver - ControllerAdvice beans: none
19:47:37.597 [Test worker] DEBUG o.s.w.s.a.HttpWebHandlerAdapter - enableLoggingRequestDetails='false': form data and headers will be masked to prevent unsafe logging of potentially sensitive data
19:47:37.597 [Test worker] DEBUG o.s.h.s.r.b.ReactorHttpServer - Starting ReactorHttpServer...
19:47:37.598 [Test worker] DEBUG o.s.h.s.r.b.ReactorHttpServer - Server started on port 50529(0 millis).
19:47:37.598 [Test worker] DEBUG o.s.w.c.RestTemplate - HTTP GET http://localhost:50529/response/raw
19:47:37.599 [Test worker] DEBUG o.s.w.c.RestTemplate - Accept=[text/plain, application/json, application/x-jackson-smile, application/*+json, */*]
19:47:37.600 [reactor-http-nio-4] DEBUG o.s.w.s.a.HttpWebHandlerAdapter - [27528443] HTTP GET "/response/raw"
19:47:37.601 [reactor-http-nio-4] DEBUG o.s.w.r.r.m.a.RequestMappingHandlerMapping - [27528443] Mapped to org.springframework.web.reactive.result.method.annotation.JacksonHintsIntegrationTests$JsonViewRestController#rawResponse()
19:47:37.603 [reactor-http-nio-4] DEBUG o.s.w.r.r.m.a.ResponseBodyResultHandler - Using 'application/json' given [application/json] and supported [application/json, application/*+json, application/x-jackson-smile, application/*+x-jackson-smile, text/event-stream]
19:47:37.603 [reactor-http-nio-4] DEBUG o.s.w.r.r.m.a.ResponseBodyResultHandler - [27528443] 0..1 [org.springframework.web.reactive.result.method.annotation.JacksonHintsIntegrationTests$JacksonViewBean]
19:47:37.604 [reactor-http-nio-4] DEBUG o.s.h.c.j.Jackson2JsonEncoder - [27528443] Encoding [org.springframework.web.reactive.result.method.annotation.JacksonHintsIntegrationTests$JacksonViewBe (truncated)...]
19:47:37.605 [Test worker] DEBUG o.s.w.c.RestTemplate - Response 200 OK
19:47:37.605 [Test worker] DEBUG o.s.w.c.RestTemplate - Reading to [java.lang.String] as "application/json"
19:47:37.606 [Test worker] DEBUG o.s.h.s.r.b.ReactorHttpServer - Stopping ReactorHttpServer...
19:47:37.606 [Test worker] DEBUG o.s.h.s.r.b.ReactorHttpServer - Server stopped (0 millis).
19:47:37.660 [Test worker] DEBUG o.s.w.r.r.m.a.RequestMappingHandlerMapping - 9 mappings in 'requestMappingHandlerMapping'
19:47:37.684 [Test worker] DEBUG o.s.w.r.r.m.a.ControllerMethodResolver - ControllerAdvice beans: none
19:47:37.732 [Test worker] DEBUG o.s.w.s.a.HttpWebHandlerAdapter - enableLoggingRequestDetails='false': form data and headers will be masked to prevent unsafe logging of potentially sensitive data
19:47:37.732 [Test worker] DEBUG o.s.h.s.r.b.ReactorHttpServer - Starting ReactorHttpServer...
19:47:37.732 [Test worker] DEBUG o.s.h.s.r.b.ReactorHttpServer - Server started on port 50531(0 millis).
19:47:37.733 [Test worker] DEBUG o.s.w.c.RestTemplate - HTTP GET http://localhost:50531/response/flux
19:47:37.733 [Test worker] DEBUG o.s.w.c.RestTemplate - Accept=[text/plain, application/json, application/x-jackson-smile, application/*+json, */*]
19:47:37.734 [reactor-http-nio-2] DEBUG o.s.w.s.a.HttpWebHandlerAdapter - [3df0c151] HTTP GET "/response/flux"
19:47:37.735 [reactor-http-nio-2] DEBUG o.s.w.r.r.m.a.RequestMappingHandlerMapping - [3df0c151] Mapped to org.springframework.web.reactive.result.method.annotation.JacksonHintsIntegrationTests$JsonViewRestController#fluxResponse()
19:47:37.736 [reactor-http-nio-2] DEBUG o.s.w.r.r.m.a.ResponseBodyResultHandler - Using 'application/json' given [application/json] and supported [application/json, application/*+json, application/x-jackson-smile, application/*+x-jackson-smile, text/event-stream]
19:47:37.736 [reactor-http-nio-2] DEBUG o.s.w.r.r.m.a.ResponseBodyResultHandler - [3df0c151] 0..N [org.springframework.web.reactive.result.method.annotation.JacksonHintsIntegrationTests$JacksonViewBean]
19:47:37.737 [reactor-http-nio-2] DEBUG o.s.h.c.j.Jackson2JsonEncoder - [3df0c151] Encoding [[org.springframework.web.reactive.result.method.annotation.JacksonHintsIntegrationTests$JacksonViewB (truncated)...]
19:47:37.739 [Test worker] DEBUG o.s.w.c.RestTemplate - Response 200 OK
19:47:37.740 [reactor-http-nio-2] DEBUG o.s.w.s.a.HttpWebHandlerAdapter - [3df0c151] Completed 200 OK
19:47:37.740 [Test worker] DEBUG o.s.w.c.RestTemplate - Reading to [java.lang.String] as "application/json"
19:47:37.741 [Test worker] DEBUG o.s.h.s.r.b.ReactorHttpServer - Stopping ReactorHttpServer...
19:47:37.741 [Test worker] DEBUG o.s.h.s.r.b.ReactorHttpServer - Server stopped (0 millis).
19:47:37.789 [Test worker] DEBUG o.s.w.r.r.m.a.RequestMappingHandlerMapping - 9 mappings in 'requestMappingHandlerMapping'
19:47:37.825 [Test worker] DEBUG o.s.w.r.r.m.a.ControllerMethodResolver - ControllerAdvice beans: none
19:47:37.867 [Test worker] DEBUG o.s.w.s.a.HttpWebHandlerAdapter - enableLoggingRequestDetails='false': form data and headers will be masked to prevent unsafe logging of potentially sensitive data
19:47:37.867 [Test worker] DEBUG o.s.h.s.r.b.ReactorHttpServer - Starting ReactorHttpServer...
19:47:37.868 [Test worker] DEBUG o.s.h.s.r.b.ReactorHttpServer - Server started on port 50533(0 millis).
19:47:37.868 [Test worker] DEBUG o.s.w.c.RestTemplate - HTTP POST http://localhost:50533/request/entity/flux
19:47:37.868 [Test worker] DEBUG o.s.w.c.RestTemplate - Accept=[text/plain, application/json, application/x-jackson-smile, application/*+json, */*]
19:47:37.868 [Test worker] DEBUG o.s.w.c.RestTemplate - Writing [[org.springframework.web.reactive.result.method.annotation.JacksonHintsIntegrationTests$JacksonViewBean@4579ae89, org.springframework.web.reactive.result.method.annotation.JacksonHintsIntegrationTests$JacksonViewBean@104216bc]] as "application/json"
19:47:37.870 [reactor-http-nio-4] DEBUG o.s.w.s.a.HttpWebHandlerAdapter - [df6e9394] HTTP POST "/request/entity/flux"
19:47:37.871 [reactor-http-nio-4] DEBUG o.s.w.r.r.m.a.RequestMappingHandlerMapping - [df6e9394] Mapped to org.springframework.web.reactive.result.method.annotation.JacksonHintsIntegrationTests$JsonViewRestController#entityFluxRequest(HttpEntity)
19:47:37.872 [reactor-http-nio-4] DEBUG o.s.w.r.r.m.a.HttpEntityMethodArgumentResolver - [df6e9394] Content-Type:application/json
19:47:37.873 [reactor-http-nio-4] DEBUG o.s.w.r.r.m.a.HttpEntityMethodArgumentResolver - [df6e9394] 0..N [org.springframework.web.reactive.result.method.annotation.JacksonHintsIntegrationTests$JacksonViewBean]
19:47:37.874 [reactor-http-nio-4] DEBUG o.s.w.r.r.m.a.ResponseBodyResultHandler - Using 'application/json' given [application/json] and supported [application/json, application/*+json, application/x-jackson-smile, application/*+x-jackson-smile, text/event-stream]
19:47:37.874 [reactor-http-nio-4] DEBUG o.s.w.r.r.m.a.ResponseBodyResultHandler - [df6e9394] 0..N [org.springframework.web.reactive.result.method.annotation.JacksonHintsIntegrationTests$JacksonViewBean]
19:47:37.875 [reactor-http-nio-4] DEBUG o.s.h.c.j.Jackson2JsonDecoder - [df6e9394] Decoded [org.springframework.web.reactive.result.method.annotation.JacksonHintsIntegrationTests$JacksonViewBe (truncated)...]
19:47:37.875 [reactor-http-nio-4] DEBUG o.s.h.c.j.Jackson2JsonDecoder - [df6e9394] Decoded [org.springframework.web.reactive.result.method.annotation.JacksonHintsIntegrationTests$JacksonViewBe (truncated)...]
19:47:37.875 [reactor-http-nio-4] DEBUG o.s.h.c.j.Jackson2JsonEncoder - [df6e9394] Encoding [[org.springframework.web.reactive.result.method.annotation.JacksonHintsIntegrationTests$JacksonViewB (truncated)...]
19:47:37.876 [Test worker] DEBUG o.s.w.c.RestTemplate - Response 200 OK
19:47:37.877 [reactor-http-nio-4] DEBUG o.s.w.s.a.HttpWebHandlerAdapter - [df6e9394] Completed 200 OK
19:47:37.877 [Test worker] DEBUG o.s.w.c.RestTemplate - Reading to [java.lang.String] as "application/json"
19:47:37.877 [Test worker] DEBUG o.s.h.s.r.b.ReactorHttpServer - Stopping ReactorHttpServer...
19:47:37.877 [Test worker] DEBUG o.s.h.s.r.b.ReactorHttpServer - Server stopped (0 millis).
19:47:37.929 [Test worker] DEBUG o.s.w.r.r.m.a.RequestMappingHandlerMapping - 9 mappings in 'requestMappingHandlerMapping'
19:47:37.960 [Test worker] DEBUG o.s.w.r.r.m.a.ControllerMethodResolver - ControllerAdvice beans: none
19:47:38.011 [Test worker] DEBUG o.s.w.s.a.HttpWebHandlerAdapter - enableLoggingRequestDetails='false': form data and headers will be masked to prevent unsafe logging of potentially sensitive data
19:47:38.011 [Test worker] DEBUG o.s.h.s.r.b.ReactorHttpServer - Starting ReactorHttpServer...
19:47:38.012 [Test worker] DEBUG o.s.h.s.r.b.ReactorHttpServer - Server started on port 50535(0 millis).
19:47:38.012 [Test worker] DEBUG o.s.w.c.RestTemplate - HTTP GET http://localhost:50535/response/mono
19:47:38.012 [Test worker] DEBUG o.s.w.c.RestTemplate - Accept=[text/plain, application/json, application/x-jackson-smile, application/*+json, */*]
19:47:38.014 [reactor-http-nio-2] DEBUG o.s.w.s.a.HttpWebHandlerAdapter - [db7c45b5] HTTP GET "/response/mono"
19:47:38.014 [reactor-http-nio-2] DEBUG o.s.w.r.r.m.a.RequestMappingHandlerMapping - [db7c45b5] Mapped to org.springframework.web.reactive.result.method.annotation.JacksonHintsIntegrationTests$JsonViewRestController#monoResponse()
19:47:38.016 [reactor-http-nio-2] DEBUG o.s.w.r.r.m.a.ResponseBodyResultHandler - Using 'application/json' given [application/json] and supported [application/json, application/*+json, application/x-jackson-smile, application/*+x-jackson-smile, text/event-stream]
19:47:38.016 [reactor-http-nio-2] DEBUG o.s.w.r.r.m.a.ResponseBodyResultHandler - [db7c45b5] 0..1 [org.springframework.web.reactive.result.method.annotation.JacksonHintsIntegrationTests$JacksonViewBean]
19:47:38.017 [reactor-http-nio-2] DEBUG o.s.h.c.j.Jackson2JsonEncoder - [db7c45b5] Encoding [org.springframework.web.reactive.result.method.annotation.JacksonHintsIntegrationTests$JacksonViewBe (truncated)...]
19:47:38.018 [Test worker] DEBUG o.s.w.c.RestTemplate - Response 200 OK
19:47:38.018 [Test worker] DEBUG o.s.w.c.RestTemplate - Reading to [java.lang.String] as "application/json"
19:47:38.019 [Test worker] DEBUG o.s.h.s.r.b.ReactorHttpServer - Stopping ReactorHttpServer...
19:47:38.019 [Test worker] DEBUG o.s.h.s.r.b.ReactorHttpServer - Server stopped (0 millis).
19:47:38.075 [Test worker] DEBUG o.s.w.r.r.m.a.RequestMappingHandlerMapping - 9 mappings in 'requestMappingHandlerMapping'
19:47:38.105 [Test worker] DEBUG o.s.w.r.r.m.a.ControllerMethodResolver - ControllerAdvice beans: none
19:47:38.144 [Test worker] DEBUG o.s.w.s.a.HttpWebHandlerAdapter - enableLoggingRequestDetails='false': form data and headers will be masked to prevent unsafe logging of potentially sensitive data
19:47:38.145 [Test worker] DEBUG o.s.h.s.r.b.TomcatHttpServer - Starting TomcatHttpServer...
19:47:38.154 [Test worker] DEBUG o.s.h.s.r.b.TomcatHttpServer - Server started on port 50537(0 millis).
19:47:38.154 [Test worker] DEBUG o.s.w.c.RestTemplate - HTTP POST http://localhost:50537/request/entity/mono
19:47:38.154 [Test worker] DEBUG o.s.w.c.RestTemplate - Accept=[text/plain, application/json, application/x-jackson-smile, application/*+json, */*]
19:47:38.156 [Test worker] DEBUG o.s.w.c.RestTemplate - Writing [org.springframework.web.reactive.result.method.annotation.JacksonHintsIntegrationTests$JacksonViewBean@60958015] as "application/json"
19:47:38.159 [http-nio-auto-25-exec-1] DEBUG o.s.w.s.a.HttpWebHandlerAdapter - [6143375d] HTTP POST "/request/entity/mono"
19:47:38.160 [http-nio-auto-25-exec-1] DEBUG o.s.w.r.r.m.a.RequestMappingHandlerMapping - [6143375d] Mapped to org.springframework.web.reactive.result.method.annotation.JacksonHintsIntegrationTests$JsonViewRestController#entityMonoRequest(HttpEntity)
19:47:38.161 [http-nio-auto-25-exec-1] DEBUG o.s.w.r.r.m.a.HttpEntityMethodArgumentResolver - [6143375d] Content-Type:application/json
19:47:38.162 [http-nio-auto-25-exec-1] DEBUG o.s.w.r.r.m.a.HttpEntityMethodArgumentResolver - [6143375d] 0..1 [org.springframework.web.reactive.result.method.annotation.JacksonHintsIntegrationTests$JacksonViewBean]
19:47:38.168 [http-nio-auto-25-exec-1] DEBUG o.s.w.r.r.m.a.ResponseBodyResultHandler - Using 'application/json' given [application/json] and supported [application/json, application/*+json, application/x-jackson-smile, application/*+x-jackson-smile, text/event-stream]
19:47:38.168 [http-nio-auto-25-exec-1] DEBUG o.s.w.r.r.m.a.ResponseBodyResultHandler - [6143375d] 0..1 [org.springframework.web.reactive.result.method.annotation.JacksonHintsIntegrationTests$JacksonViewBean]
19:47:38.169 [http-nio-auto-25-exec-1] DEBUG o.s.h.c.j.Jackson2JsonDecoder - [6143375d] Decoded [org.springframework.web.reactive.result.method.annotation.JacksonHintsIntegrationTests$JacksonViewBe (truncated)...]
19:47:38.170 [http-nio-auto-25-exec-1] DEBUG o.s.h.c.j.Jackson2JsonEncoder - [6143375d] Encoding [org.springframework.web.reactive.result.method.annotation.JacksonHintsIntegrationTests$JacksonViewBe (truncated)...]
19:47:38.171 [http-nio-auto-25-exec-1] DEBUG o.s.w.s.a.HttpWebHandlerAdapter - [6143375d] Completed 200 OK
19:47:38.172 [Test worker] DEBUG o.s.w.c.RestTemplate - Response 200 OK
19:47:38.172 [Test worker] DEBUG o.s.w.c.RestTemplate - Reading to [java.lang.String] as "application/json"
19:47:38.173 [Test worker] DEBUG o.s.h.s.r.b.TomcatHttpServer - Stopping TomcatHttpServer...
19:47:38.184 [Test worker] DEBUG o.s.h.s.r.b.TomcatHttpServer - Server stopped (0 millis).
19:47:38.251 [Test worker] DEBUG o.s.w.r.r.m.a.RequestMappingHandlerMapping - 9 mappings in 'requestMappingHandlerMapping'
19:47:38.273 [Test worker] DEBUG o.s.w.r.r.m.a.ControllerMethodResolver - ControllerAdvice beans: none
19:47:38.312 [Test worker] DEBUG o.s.w.s.a.HttpWebHandlerAdapter - enableLoggingRequestDetails='false': form data and headers will be masked to prevent unsafe logging of potentially sensitive data
19:47:38.312 [Test worker] DEBUG o.s.h.s.r.b.TomcatHttpServer - Starting TomcatHttpServer...
19:47:38.323 [Test worker] DEBUG o.s.h.s.r.b.TomcatHttpServer - Server started on port 50540(0 millis).
19:47:38.324 [Test worker] DEBUG o.s.w.c.RestTemplate - HTTP POST http://localhost:50540/request/raw
19:47:38.324 [Test worker] DEBUG o.s.w.c.RestTemplate - Accept=[text/plain, application/json, application/x-jackson-smile, application/*+json, */*]
19:47:38.325 [Test worker] DEBUG o.s.w.c.RestTemplate - Writing [org.springframework.web.reactive.result.method.annotation.JacksonHintsIntegrationTests$JacksonViewBean@66d101a7] as "application/json"
19:47:38.327 [http-nio-auto-26-exec-1] DEBUG o.s.w.s.a.HttpWebHandlerAdapter - [5cde694e] HTTP POST "/request/raw"
19:47:38.328 [http-nio-auto-26-exec-1] DEBUG o.s.w.r.r.m.a.RequestMappingHandlerMapping - [5cde694e] Mapped to org.springframework.web.reactive.result.method.annotation.JacksonHintsIntegrationTests$JsonViewRestController#rawRequest(JacksonViewBean)
19:47:38.329 [http-nio-auto-26-exec-1] DEBUG o.s.w.r.r.m.a.RequestBodyMethodArgumentResolver - [5cde694e] Content-Type:application/json
19:47:38.331 [http-nio-auto-26-exec-1] DEBUG o.s.w.r.r.m.a.RequestBodyMethodArgumentResolver - [5cde694e] 0..1 [org.springframework.web.reactive.result.method.annotation.JacksonHintsIntegrationTests$JacksonViewBean]
19:47:38.332 [http-nio-auto-26-exec-1] DEBUG o.s.h.c.j.Jackson2JsonDecoder - [5cde694e] Decoded [org.springframework.web.reactive.result.method.annotation.JacksonHintsIntegrationTests$JacksonViewBe (truncated)...]
19:47:38.333 [http-nio-auto-26-exec-1] DEBUG o.s.w.r.r.m.a.ResponseBodyResultHandler - Using 'application/json' given [application/json] and supported [application/json, application/*+json, application/x-jackson-smile, application/*+x-jackson-smile, text/event-stream]
19:47:38.333 [http-nio-auto-26-exec-1] DEBUG o.s.w.r.r.m.a.ResponseBodyResultHandler - [5cde694e] 0..1 [org.springframework.web.reactive.result.method.annotation.JacksonHintsIntegrationTests$JacksonViewBean]
19:47:38.333 [http-nio-auto-26-exec-1] DEBUG o.s.h.c.j.Jackson2JsonEncoder - [5cde694e] Encoding [org.springframework.web.reactive.result.method.annotation.JacksonHintsIntegrationTests$JacksonViewBe (truncated)...]
19:47:38.334 [http-nio-auto-26-exec-1] DEBUG o.s.w.s.a.HttpWebHandlerAdapter - [5cde694e] Completed 200 OK
19:47:38.334 [Test worker] DEBUG o.s.w.c.RestTemplate - Response 200 OK
19:47:38.334 [Test worker] DEBUG o.s.w.c.RestTemplate - Reading to [java.lang.String] as "application/json"
19:47:38.335 [Test worker] DEBUG o.s.h.s.r.b.TomcatHttpServer - Stopping TomcatHttpServer...
19:47:38.353 [Test worker] DEBUG o.s.h.s.r.b.TomcatHttpServer - Server stopped (0 millis).
19:47:38.414 [Test worker] DEBUG o.s.w.r.r.m.a.RequestMappingHandlerMapping - 9 mappings in 'requestMappingHandlerMapping'
19:47:38.456 [Test worker] DEBUG o.s.w.r.r.m.a.ControllerMethodResolver - ControllerAdvice beans: none
19:47:38.492 [Test worker] DEBUG o.s.w.s.a.HttpWebHandlerAdapter - enableLoggingRequestDetails='false': form data and headers will be masked to prevent unsafe logging of potentially sensitive data
19:47:38.493 [Test worker] DEBUG o.s.h.s.r.b.TomcatHttpServer - Starting TomcatHttpServer...
19:47:38.506 [Test worker] DEBUG o.s.h.s.r.b.TomcatHttpServer - Server started on port 50543(0 millis).
19:47:38.507 [Test worker] DEBUG o.s.w.c.RestTemplate - HTTP GET http://localhost:50543/response/entity
19:47:38.507 [Test worker] DEBUG o.s.w.c.RestTemplate - Accept=[text/plain, application/json, application/x-jackson-smile, application/*+json, */*]
19:47:38.510 [http-nio-auto-27-exec-1] DEBUG o.s.w.s.a.HttpWebHandlerAdapter - [41ab229c] HTTP GET "/response/entity"
19:47:38.510 [http-nio-auto-27-exec-1] DEBUG o.s.w.r.r.m.a.RequestMappingHandlerMapping - [41ab229c] Mapped to org.springframework.web.reactive.result.method.annotation.JacksonHintsIntegrationTests$JsonViewRestController#monoResponseEntity()
19:47:38.512 [http-nio-auto-27-exec-1] DEBUG o.s.w.r.r.m.a.ResponseEntityResultHandler - Using 'application/json' given [application/json] and supported [application/json, application/*+json, application/x-jackson-smile, application/*+x-jackson-smile, text/event-stream]
19:47:38.512 [http-nio-auto-27-exec-1] DEBUG o.s.w.r.r.m.a.ResponseEntityResultHandler - [41ab229c] 0..1 [org.springframework.web.reactive.result.method.annotation.JacksonHintsIntegrationTests$JacksonViewBean]
19:47:38.512 [http-nio-auto-27-exec-1] DEBUG o.s.h.c.j.Jackson2JsonEncoder - [41ab229c] Encoding [org.springframework.web.reactive.result.method.annotation.JacksonHintsIntegrationTests$JacksonViewBe (truncated)...]
19:47:38.513 [http-nio-auto-27-exec-1] DEBUG o.s.w.s.a.HttpWebHandlerAdapter - [41ab229c] Completed 200 OK
19:47:38.514 [Test worker] DEBUG o.s.w.c.RestTemplate - Response 200 OK
19:47:38.514 [Test worker] DEBUG o.s.w.c.RestTemplate - Reading to [java.lang.String] as "application/json"
19:47:38.515 [Test worker] DEBUG o.s.h.s.r.b.TomcatHttpServer - Stopping TomcatHttpServer...
19:47:38.526 [Test worker] DEBUG o.s.h.s.r.b.TomcatHttpServer - Server stopped (0 millis).
19:47:38.600 [Test worker] DEBUG o.s.w.r.r.m.a.RequestMappingHandlerMapping - 9 mappings in 'requestMappingHandlerMapping'
19:47:38.634 [Test worker] DEBUG o.s.w.r.r.m.a.ControllerMethodResolver - ControllerAdvice beans: none
19:47:38.678 [Test worker] DEBUG o.s.w.s.a.HttpWebHandlerAdapter - enableLoggingRequestDetails='false': form data and headers will be masked to prevent unsafe logging of potentially sensitive data
19:47:38.678 [Test worker] DEBUG o.s.h.s.r.b.TomcatHttpServer - Starting TomcatHttpServer...
19:47:38.688 [Test worker] DEBUG o.s.h.s.r.b.TomcatHttpServer - Server started on port 50546(0 millis).
19:47:38.689 [Test worker] DEBUG o.s.w.c.RestTemplate - HTTP POST http://localhost:50546/request/flux
19:47:38.689 [Test worker] DEBUG o.s.w.c.RestTemplate - Accept=[text/plain, application/json, application/x-jackson-smile, application/*+json, */*]
19:47:38.689 [Test worker] DEBUG o.s.w.c.RestTemplate - Writing [[org.springframework.web.reactive.result.method.annotation.JacksonHintsIntegrationTests$JacksonViewBean@79285911, org.springframework.web.reactive.result.method.annotation.JacksonHintsIntegrationTests$JacksonViewBean@10a8234]] as "application/json"
19:47:38.693 [http-nio-auto-28-exec-1] DEBUG o.s.w.s.a.HttpWebHandlerAdapter - [622ba2c8] HTTP POST "/request/flux"
19:47:38.694 [http-nio-auto-28-exec-1] DEBUG o.s.w.r.r.m.a.RequestMappingHandlerMapping - [622ba2c8] Mapped to org.springframework.web.reactive.result.method.annotation.JacksonHintsIntegrationTests$JsonViewRestController#fluxRequest(Flux)
19:47:38.695 [http-nio-auto-28-exec-1] DEBUG o.s.w.r.r.m.a.RequestBodyMethodArgumentResolver - [622ba2c8] Content-Type:application/json
19:47:38.695 [http-nio-auto-28-exec-1] DEBUG o.s.w.r.r.m.a.RequestBodyMethodArgumentResolver - [622ba2c8] 0..N [org.springframework.web.reactive.result.method.annotation.JacksonHintsIntegrationTests$JacksonViewBean]
19:47:38.697 [http-nio-auto-28-exec-1] DEBUG o.s.w.r.r.m.a.ResponseBodyResultHandler - Using 'application/json' given [application/json] and supported [application/json, application/*+json, application/x-jackson-smile, application/*+x-jackson-smile, text/event-stream]
19:47:38.697 [http-nio-auto-28-exec-1] DEBUG o.s.w.r.r.m.a.ResponseBodyResultHandler - [622ba2c8] 0..N [org.springframework.web.reactive.result.method.annotation.JacksonHintsIntegrationTests$JacksonViewBean]
19:47:38.698 [http-nio-auto-28-exec-1] DEBUG o.s.h.c.j.Jackson2JsonDecoder - [622ba2c8] Decoded [org.springframework.web.reactive.result.method.annotation.JacksonHintsIntegrationTests$JacksonViewBe (truncated)...]
19:47:38.698 [http-nio-auto-28-exec-1] DEBUG o.s.h.c.j.Jackson2JsonDecoder - [622ba2c8] Decoded [org.springframework.web.reactive.result.method.annotation.JacksonHintsIntegrationTests$JacksonViewBe (truncated)...]
19:47:38.698 [http-nio-auto-28-exec-1] DEBUG o.s.h.c.j.Jackson2JsonEncoder - [622ba2c8] Encoding [[org.springframework.web.reactive.result.method.annotation.JacksonHintsIntegrationTests$JacksonViewB (truncated)...]
19:47:38.699 [http-nio-auto-28-exec-1] DEBUG o.s.w.s.a.HttpWebHandlerAdapter - [622ba2c8] Completed 200 OK
19:47:38.700 [Test worker] DEBUG o.s.w.c.RestTemplate - Response 200 OK
19:47:38.705 [Test worker] DEBUG o.s.w.c.RestTemplate - Reading to [java.lang.String] as "application/json"
19:47:38.705 [Test worker] DEBUG o.s.h.s.r.b.TomcatHttpServer - Stopping TomcatHttpServer...
19:47:38.715 [Test worker] DEBUG o.s.h.s.r.b.TomcatHttpServer - Server stopped (0 millis).
19:47:38.781 [Test worker] DEBUG o.s.w.r.r.m.a.RequestMappingHandlerMapping - 9 mappings in 'requestMappingHandlerMapping'
19:47:38.807 [Test worker] DEBUG o.s.w.r.r.m.a.ControllerMethodResolver - ControllerAdvice beans: none
19:47:38.844 [Test worker] DEBUG o.s.w.s.a.HttpWebHandlerAdapter - enableLoggingRequestDetails='false': form data and headers will be masked to prevent unsafe logging of potentially sensitive data
19:47:38.845 [Test worker] DEBUG o.s.h.s.r.b.TomcatHttpServer - Starting TomcatHttpServer...
19:47:38.854 [Test worker] DEBUG o.s.h.s.r.b.TomcatHttpServer - Server started on port 50549(0 millis).
19:47:38.854 [Test worker] DEBUG o.s.w.c.RestTemplate - HTTP POST http://localhost:50549/request/mono
19:47:38.854 [Test worker] DEBUG o.s.w.c.RestTemplate - Accept=[text/plain, application/json, application/x-jackson-smile, application/*+json, */*]
19:47:38.855 [Test worker] DEBUG o.s.w.c.RestTemplate - Writing [org.springframework.web.reactive.result.method.annotation.JacksonHintsIntegrationTests$JacksonViewBean@196717ac] as "application/json"
19:47:38.857 [http-nio-auto-29-exec-1] DEBUG o.s.w.s.a.HttpWebHandlerAdapter - [2a8b23b1] HTTP POST "/request/mono"
19:47:38.858 [http-nio-auto-29-exec-1] DEBUG o.s.w.r.r.m.a.RequestMappingHandlerMapping - [2a8b23b1] Mapped to org.springframework.web.reactive.result.method.annotation.JacksonHintsIntegrationTests$JsonViewRestController#monoRequest(Mono)
19:47:38.858 [http-nio-auto-29-exec-1] DEBUG o.s.w.r.r.m.a.RequestBodyMethodArgumentResolver - [2a8b23b1] Content-Type:application/json
19:47:38.859 [http-nio-auto-29-exec-1] DEBUG o.s.w.r.r.m.a.RequestBodyMethodArgumentResolver - [2a8b23b1] 0..1 [org.springframework.web.reactive.result.method.annotation.JacksonHintsIntegrationTests$JacksonViewBean]
19:47:38.860 [http-nio-auto-29-exec-1] DEBUG o.s.w.r.r.m.a.ResponseBodyResultHandler - Using 'application/json' given [application/json] and supported [application/json, application/*+json, application/x-jackson-smile, application/*+x-jackson-smile, text/event-stream]
19:47:38.860 [http-nio-auto-29-exec-1] DEBUG o.s.w.r.r.m.a.ResponseBodyResultHandler - [2a8b23b1] 0..1 [org.springframework.web.reactive.result.method.annotation.JacksonHintsIntegrationTests$JacksonViewBean]
19:47:38.861 [http-nio-auto-29-exec-1] DEBUG o.s.h.c.j.Jackson2JsonDecoder - [2a8b23b1] Decoded [org.springframework.web.reactive.result.method.annotation.JacksonHintsIntegrationTests$JacksonViewBe (truncated)...]
19:47:38.861 [http-nio-auto-29-exec-1] DEBUG o.s.h.c.j.Jackson2JsonEncoder - [2a8b23b1] Encoding [org.springframework.web.reactive.result.method.annotation.JacksonHintsIntegrationTests$JacksonViewBe (truncated)...]
19:47:38.861 [http-nio-auto-29-exec-1] DEBUG o.s.w.s.a.HttpWebHandlerAdapter - [2a8b23b1] Completed 200 OK
19:47:38.861 [Test worker] DEBUG o.s.w.c.RestTemplate - Response 200 OK
19:47:38.862 [Test worker] DEBUG o.s.w.c.RestTemplate - Reading to [java.lang.String] as "application/json"
19:47:38.862 [Test worker] DEBUG o.s.h.s.r.b.TomcatHttpServer - Stopping TomcatHttpServer...
19:47:38.869 [Test worker] DEBUG o.s.h.s.r.b.TomcatHttpServer - Server stopped (0 millis).
19:47:38.936 [Test worker] DEBUG o.s.w.r.r.m.a.RequestMappingHandlerMapping - 9 mappings in 'requestMappingHandlerMapping'
19:47:38.963 [Test worker] DEBUG o.s.w.r.r.m.a.ControllerMethodResolver - ControllerAdvice beans: none
19:47:39.001 [Test worker] DEBUG o.s.w.s.a.HttpWebHandlerAdapter - enableLoggingRequestDetails='false': form data and headers will be masked to prevent unsafe logging of potentially sensitive data
19:47:39.002 [Test worker] DEBUG o.s.h.s.r.b.TomcatHttpServer - Starting TomcatHttpServer...
19:47:39.011 [Test worker] DEBUG o.s.h.s.r.b.TomcatHttpServer - Server started on port 50552(0 millis).
19:47:39.011 [Test worker] DEBUG o.s.w.c.RestTemplate - HTTP GET http://localhost:50552/response/raw
19:47:39.011 [Test worker] DEBUG o.s.w.c.RestTemplate - Accept=[text/plain, application/json, application/x-jackson-smile, application/*+json, */*]
19:47:39.014 [http-nio-auto-30-exec-1] DEBUG o.s.w.s.a.HttpWebHandlerAdapter - [4584151e] HTTP GET "/response/raw"
19:47:39.014 [http-nio-auto-30-exec-1] DEBUG o.s.w.r.r.m.a.RequestMappingHandlerMapping - [4584151e] Mapped to org.springframework.web.reactive.result.method.annotation.JacksonHintsIntegrationTests$JsonViewRestController#rawResponse()
19:47:39.015 [http-nio-auto-30-exec-1] DEBUG o.s.w.r.r.m.a.ResponseBodyResultHandler - Using 'application/json' given [application/json] and supported [application/json, application/*+json, application/x-jackson-smile, application/*+x-jackson-smile, text/event-stream]
19:47:39.015 [http-nio-auto-30-exec-1] DEBUG o.s.w.r.r.m.a.ResponseBodyResultHandler - [4584151e] 0..1 [org.springframework.web.reactive.result.method.annotation.JacksonHintsIntegrationTests$JacksonViewBean]
19:47:39.015 [http-nio-auto-30-exec-1] DEBUG o.s.h.c.j.Jackson2JsonEncoder - [4584151e] Encoding [org.springframework.web.reactive.result.method.annotation.JacksonHintsIntegrationTests$JacksonViewBe (truncated)...]
19:47:39.016 [http-nio-auto-30-exec-1] DEBUG o.s.w.s.a.HttpWebHandlerAdapter - [4584151e] Completed 200 OK
19:47:39.016 [Test worker] DEBUG o.s.w.c.RestTemplate - Response 200 OK
19:47:39.016 [Test worker] DEBUG o.s.w.c.RestTemplate - Reading to [java.lang.String] as "application/json"
19:47:39.016 [Test worker] DEBUG o.s.h.s.r.b.TomcatHttpServer - Stopping TomcatHttpServer...
19:47:39.023 [Test worker] DEBUG o.s.h.s.r.b.TomcatHttpServer - Server stopped (0 millis).
19:47:39.077 [Test worker] DEBUG o.s.w.r.r.m.a.RequestMappingHandlerMapping - 9 mappings in 'requestMappingHandlerMapping'
19:47:39.100 [Test worker] DEBUG o.s.w.r.r.m.a.ControllerMethodResolver - ControllerAdvice beans: none
19:47:39.133 [Test worker] DEBUG o.s.w.s.a.HttpWebHandlerAdapter - enableLoggingRequestDetails='false': form data and headers will be masked to prevent unsafe logging of potentially sensitive data
19:47:39.134 [Test worker] DEBUG o.s.h.s.r.b.TomcatHttpServer - Starting TomcatHttpServer...
19:47:39.144 [Test worker] DEBUG o.s.h.s.r.b.TomcatHttpServer - Server started on port 50555(0 millis).
19:47:39.144 [Test worker] DEBUG o.s.w.c.RestTemplate - HTTP GET http://localhost:50555/response/flux
19:47:39.144 [Test worker] DEBUG o.s.w.c.RestTemplate - Accept=[text/plain, application/json, application/x-jackson-smile, application/*+json, */*]
19:47:39.147 [http-nio-auto-31-exec-1] DEBUG o.s.w.s.a.HttpWebHandlerAdapter - [2c71f964] HTTP GET "/response/flux"
19:47:39.147 [http-nio-auto-31-exec-1] DEBUG o.s.w.r.r.m.a.RequestMappingHandlerMapping - [2c71f964] Mapped to org.springframework.web.reactive.result.method.annotation.JacksonHintsIntegrationTests$JsonViewRestController#fluxResponse()
19:47:39.148 [http-nio-auto-31-exec-1] DEBUG o.s.w.r.r.m.a.ResponseBodyResultHandler - Using 'application/json' given [application/json] and supported [application/json, application/*+json, application/x-jackson-smile, application/*+x-jackson-smile, text/event-stream]
19:47:39.149 [http-nio-auto-31-exec-1] DEBUG o.s.w.r.r.m.a.ResponseBodyResultHandler - [2c71f964] 0..N [org.springframework.web.reactive.result.method.annotation.JacksonHintsIntegrationTests$JacksonViewBean]
19:47:39.149 [http-nio-auto-31-exec-1] DEBUG o.s.h.c.j.Jackson2JsonEncoder - [2c71f964] Encoding [[org.springframework.web.reactive.result.method.annotation.JacksonHintsIntegrationTests$JacksonViewB (truncated)...]
19:47:39.150 [http-nio-auto-31-exec-1] DEBUG o.s.w.s.a.HttpWebHandlerAdapter - [2c71f964] Completed 200 OK
19:47:39.150 [Test worker] DEBUG o.s.w.c.RestTemplate - Response 200 OK
19:47:39.150 [Test worker] DEBUG o.s.w.c.RestTemplate - Reading to [java.lang.String] as "application/json"
19:47:39.150 [Test worker] DEBUG o.s.h.s.r.b.TomcatHttpServer - Stopping TomcatHttpServer...
19:47:39.165 [Test worker] DEBUG o.s.h.s.r.b.TomcatHttpServer - Server stopped (0 millis).
19:47:39.217 [Test worker] DEBUG o.s.w.r.r.m.a.RequestMappingHandlerMapping - 9 mappings in 'requestMappingHandlerMapping'
19:47:39.244 [Test worker] DEBUG o.s.w.r.r.m.a.ControllerMethodResolver - ControllerAdvice beans: none
19:47:39.287 [Test worker] DEBUG o.s.w.s.a.HttpWebHandlerAdapter - enableLoggingRequestDetails='false': form data and headers will be masked to prevent unsafe logging of potentially sensitive data
19:47:39.288 [Test worker] DEBUG o.s.h.s.r.b.TomcatHttpServer - Starting TomcatHttpServer...
19:47:39.296 [Test worker] DEBUG o.s.h.s.r.b.TomcatHttpServer - Server started on port 50558(0 millis).
19:47:39.296 [Test worker] DEBUG o.s.w.c.RestTemplate - HTTP POST http://localhost:50558/request/entity/flux
19:47:39.296 [Test worker] DEBUG o.s.w.c.RestTemplate - Accept=[text/plain, application/json, application/x-jackson-smile, application/*+json, */*]
19:47:39.296 [Test worker] DEBUG o.s.w.c.RestTemplate - Writing [[org.springframework.web.reactive.result.method.annotation.JacksonHintsIntegrationTests$JacksonViewBean@681290c0, org.springframework.web.reactive.result.method.annotation.JacksonHintsIntegrationTests$JacksonViewBean@3f736634]] as "application/json"
19:47:39.299 [http-nio-auto-32-exec-1] DEBUG o.s.w.s.a.HttpWebHandlerAdapter - [3a471690] HTTP POST "/request/entity/flux"
19:47:39.299 [http-nio-auto-32-exec-1] DEBUG o.s.w.r.r.m.a.RequestMappingHandlerMapping - [3a471690] Mapped to org.springframework.web.reactive.result.method.annotation.JacksonHintsIntegrationTests$JsonViewRestController#entityFluxRequest(HttpEntity)
19:47:39.300 [http-nio-auto-32-exec-1] DEBUG o.s.w.r.r.m.a.HttpEntityMethodArgumentResolver - [3a471690] Content-Type:application/json
19:47:39.301 [http-nio-auto-32-exec-1] DEBUG o.s.w.r.r.m.a.HttpEntityMethodArgumentResolver - [3a471690] 0..N [org.springframework.web.reactive.result.method.annotation.JacksonHintsIntegrationTests$JacksonViewBean]
19:47:39.302 [http-nio-auto-32-exec-1] DEBUG o.s.w.r.r.m.a.ResponseBodyResultHandler - Using 'application/json' given [application/json] and supported [application/json, application/*+json, application/x-jackson-smile, application/*+x-jackson-smile, text/event-stream]
19:47:39.302 [http-nio-auto-32-exec-1] DEBUG o.s.w.r.r.m.a.ResponseBodyResultHandler - [3a471690] 0..N [org.springframework.web.reactive.result.method.annotation.JacksonHintsIntegrationTests$JacksonViewBean]
19:47:39.303 [http-nio-auto-32-exec-1] DEBUG o.s.h.c.j.Jackson2JsonDecoder - [3a471690] Decoded [org.springframework.web.reactive.result.method.annotation.JacksonHintsIntegrationTests$JacksonViewBe (truncated)...]
19:47:39.303 [http-nio-auto-32-exec-1] DEBUG o.s.h.c.j.Jackson2JsonDecoder - [3a471690] Decoded [org.springframework.web.reactive.result.method.annotation.JacksonHintsIntegrationTests$JacksonViewBe (truncated)...]
19:47:39.303 [http-nio-auto-32-exec-1] DEBUG o.s.h.c.j.Jackson2JsonEncoder - [3a471690] Encoding [[org.springframework.web.reactive.result.method.annotation.JacksonHintsIntegrationTests$JacksonViewB (truncated)...]
19:47:39.304 [http-nio-auto-32-exec-1] DEBUG o.s.w.s.a.HttpWebHandlerAdapter - [3a471690] Completed 200 OK
19:47:39.304 [Test worker] DEBUG o.s.w.c.RestTemplate - Response 200 OK
19:47:39.305 [Test worker] DEBUG o.s.w.c.RestTemplate - Reading to [java.lang.String] as "application/json"
19:47:39.305 [Test worker] DEBUG o.s.h.s.r.b.TomcatHttpServer - Stopping TomcatHttpServer...
19:47:39.323 [Test worker] DEBUG o.s.h.s.r.b.TomcatHttpServer - Server stopped (0 millis).
19:47:39.378 [Test worker] DEBUG o.s.w.r.r.m.a.RequestMappingHandlerMapping - 9 mappings in 'requestMappingHandlerMapping'
19:47:39.399 [Test worker] DEBUG o.s.w.r.r.m.a.ControllerMethodResolver - ControllerAdvice beans: none
19:47:39.434 [Test worker] DEBUG o.s.w.s.a.HttpWebHandlerAdapter - enableLoggingRequestDetails='false': form data and headers will be masked to prevent unsafe logging of potentially sensitive data
19:47:39.435 [Test worker] DEBUG o.s.h.s.r.b.TomcatHttpServer - Starting TomcatHttpServer...
19:47:39.444 [Test worker] DEBUG o.s.h.s.r.b.TomcatHttpServer - Server started on port 50561(0 millis).
19:47:39.445 [Test worker] DEBUG o.s.w.c.RestTemplate - HTTP GET http://localhost:50561/response/mono
19:47:39.445 [Test worker] DEBUG o.s.w.c.RestTemplate - Accept=[text/plain, application/json, application/x-jackson-smile, application/*+json, */*]
19:47:39.447 [http-nio-auto-33-exec-1] DEBUG o.s.w.s.a.HttpWebHandlerAdapter - [73c4d951] HTTP GET "/response/mono"
19:47:39.448 [http-nio-auto-33-exec-1] DEBUG o.s.w.r.r.m.a.RequestMappingHandlerMapping - [73c4d951] Mapped to org.springframework.web.reactive.result.method.annotation.JacksonHintsIntegrationTests$JsonViewRestController#monoResponse()
19:47:39.449 [http-nio-auto-33-exec-1] DEBUG o.s.w.r.r.m.a.ResponseBodyResultHandler - Using 'application/json' given [application/json] and supported [application/json, application/*+json, application/x-jackson-smile, application/*+x-jackson-smile, text/event-stream]
19:47:39.449 [http-nio-auto-33-exec-1] DEBUG o.s.w.r.r.m.a.ResponseBodyResultHandler - [73c4d951] 0..1 [org.springframework.web.reactive.result.method.annotation.JacksonHintsIntegrationTests$JacksonViewBean]
19:47:39.449 [http-nio-auto-33-exec-1] DEBUG o.s.h.c.j.Jackson2JsonEncoder - [73c4d951] Encoding [org.springframework.web.reactive.result.method.annotation.JacksonHintsIntegrationTests$JacksonViewBe (truncated)...]
19:47:39.450 [http-nio-auto-33-exec-1] DEBUG o.s.w.s.a.HttpWebHandlerAdapter - [73c4d951] Completed 200 OK
19:47:39.451 [Test worker] DEBUG o.s.w.c.RestTemplate - Response 200 OK
19:47:39.451 [Test worker] DEBUG o.s.w.c.RestTemplate - Reading to [java.lang.String] as "application/json"
19:47:39.451 [Test worker] DEBUG o.s.h.s.r.b.TomcatHttpServer - Stopping TomcatHttpServer...
19:47:39.459 [Test worker] DEBUG o.s.h.s.r.b.TomcatHttpServer - Server stopped (0 millis).
19:47:39.511 [Test worker] DEBUG o.s.w.r.r.m.a.RequestMappingHandlerMapping - 9 mappings in 'requestMappingHandlerMapping'
19:47:39.541 [Test worker] DEBUG o.s.w.r.r.m.a.ControllerMethodResolver - ControllerAdvice beans: none
19:47:39.573 [Test worker] DEBUG o.s.w.s.a.HttpWebHandlerAdapter - enableLoggingRequestDetails='false': form data and headers will be masked to prevent unsafe logging of potentially sensitive data
19:47:39.573 [Test worker] DEBUG o.s.h.s.r.b.UndertowHttpServer - Starting UndertowHttpServer...
19:47:39.576 [Test worker] DEBUG o.s.h.s.r.b.UndertowHttpServer - Server started on port 50564(0 millis).
19:47:39.576 [Test worker] DEBUG o.s.w.c.RestTemplate - HTTP POST http://localhost:50564/request/entity/mono
19:47:39.576 [Test worker] DEBUG o.s.w.c.RestTemplate - Accept=[text/plain, application/json, application/x-jackson-smile, application/*+json, */*]
19:47:39.577 [Test worker] DEBUG o.s.w.c.RestTemplate - Writing [org.springframework.web.reactive.result.method.annotation.JacksonHintsIntegrationTests$JacksonViewBean@510f1ae9] as "application/json"
19:47:39.583 [XNIO-25 I/O-2] DEBUG o.s.w.s.a.HttpWebHandlerAdapter - [513d23a2] HTTP POST "/request/entity/mono"
19:47:39.583 [XNIO-25 I/O-2] DEBUG o.s.w.r.r.m.a.RequestMappingHandlerMapping - [513d23a2] Mapped to org.springframework.web.reactive.result.method.annotation.JacksonHintsIntegrationTests$JsonViewRestController#entityMonoRequest(HttpEntity)
19:47:39.584 [XNIO-25 I/O-2] DEBUG o.s.w.r.r.m.a.HttpEntityMethodArgumentResolver - [513d23a2] Content-Type:application/json
19:47:39.584 [XNIO-25 I/O-2] DEBUG o.s.w.r.r.m.a.HttpEntityMethodArgumentResolver - [513d23a2] 0..1 [org.springframework.web.reactive.result.method.annotation.JacksonHintsIntegrationTests$JacksonViewBean]
19:47:39.590 [XNIO-25 I/O-2] DEBUG o.s.w.r.r.m.a.ResponseBodyResultHandler - Using 'application/json' given [application/json] and supported [application/json, application/*+json, application/x-jackson-smile, application/*+x-jackson-smile, text/event-stream]
19:47:39.590 [XNIO-25 I/O-2] DEBUG o.s.w.r.r.m.a.ResponseBodyResultHandler - [513d23a2] 0..1 [org.springframework.web.reactive.result.method.annotation.JacksonHintsIntegrationTests$JacksonViewBean]
19:47:39.592 [XNIO-25 I/O-2] DEBUG o.s.h.c.j.Jackson2JsonDecoder - [513d23a2] Decoded [org.springframework.web.reactive.result.method.annotation.JacksonHintsIntegrationTests$JacksonViewBe (truncated)...]
19:47:39.592 [XNIO-25 I/O-2] DEBUG o.s.h.c.j.Jackson2JsonEncoder - [513d23a2] Encoding [org.springframework.web.reactive.result.method.annotation.JacksonHintsIntegrationTests$JacksonViewBe (truncated)...]
19:47:39.593 [XNIO-25 I/O-2] DEBUG o.s.w.s.a.HttpWebHandlerAdapter - [513d23a2] Completed 200 OK
19:47:39.593 [Test worker] DEBUG o.s.w.c.RestTemplate - Response 200 OK
19:47:39.594 [Test worker] DEBUG o.s.w.c.RestTemplate - Reading to [java.lang.String] as "application/json"
19:47:39.594 [Test worker] DEBUG o.s.h.s.r.b.UndertowHttpServer - Stopping UndertowHttpServer...
19:47:39.594 [Test worker] DEBUG o.s.h.s.r.b.UndertowHttpServer - Server stopped (0 millis).
19:47:39.648 [Test worker] DEBUG o.s.w.r.r.m.a.RequestMappingHandlerMapping - 9 mappings in 'requestMappingHandlerMapping'
19:47:39.763 [Test worker] DEBUG o.s.w.r.r.m.a.ControllerMethodResolver - ControllerAdvice beans: none
19:47:39.800 [Test worker] DEBUG o.s.w.s.a.HttpWebHandlerAdapter - enableLoggingRequestDetails='false': form data and headers will be masked to prevent unsafe logging of potentially sensitive data
19:47:39.800 [Test worker] DEBUG o.s.h.s.r.b.UndertowHttpServer - Starting UndertowHttpServer...
19:47:39.804 [Test worker] DEBUG o.s.h.s.r.b.UndertowHttpServer - Server started on port 50566(0 millis).
19:47:39.804 [Test worker] DEBUG o.s.w.c.RestTemplate - HTTP POST http://localhost:50566/request/raw
19:47:39.804 [Test worker] DEBUG o.s.w.c.RestTemplate - Accept=[text/plain, application/json, application/x-jackson-smile, application/*+json, */*]
19:47:39.805 [Test worker] DEBUG o.s.w.c.RestTemplate - Writing [org.springframework.web.reactive.result.method.annotation.JacksonHintsIntegrationTests$JacksonViewBean@5de9b92d] as "application/json"
19:47:39.806 [XNIO-26 I/O-2] DEBUG o.s.w.s.a.HttpWebHandlerAdapter - [65dc74ff] HTTP POST "/request/raw"
19:47:39.807 [XNIO-26 I/O-2] DEBUG o.s.w.r.r.m.a.RequestMappingHandlerMapping - [65dc74ff] Mapped to org.springframework.web.reactive.result.method.annotation.JacksonHintsIntegrationTests$JsonViewRestController#rawRequest(JacksonViewBean)
19:47:39.808 [XNIO-26 I/O-2] DEBUG o.s.w.r.r.m.a.RequestBodyMethodArgumentResolver - [65dc74ff] Content-Type:application/json
19:47:39.809 [XNIO-26 I/O-2] DEBUG o.s.w.r.r.m.a.RequestBodyMethodArgumentResolver - [65dc74ff] 0..1 [org.springframework.web.reactive.result.method.annotation.JacksonHintsIntegrationTests$JacksonViewBean]
19:47:39.809 [XNIO-26 I/O-2] DEBUG o.s.h.c.j.Jackson2JsonDecoder - [65dc74ff] Decoded [org.springframework.web.reactive.result.method.annotation.JacksonHintsIntegrationTests$JacksonViewBe (truncated)...]
19:47:39.810 [XNIO-26 I/O-2] DEBUG o.s.w.r.r.m.a.ResponseBodyResultHandler - Using 'application/json' given [application/json] and supported [application/json, application/*+json, application/x-jackson-smile, application/*+x-jackson-smile, text/event-stream]
19:47:39.810 [XNIO-26 I/O-2] DEBUG o.s.w.r.r.m.a.ResponseBodyResultHandler - [65dc74ff] 0..1 [org.springframework.web.reactive.result.method.annotation.JacksonHintsIntegrationTests$JacksonViewBean]
19:47:39.810 [XNIO-26 I/O-2] DEBUG o.s.h.c.j.Jackson2JsonEncoder - [65dc74ff] Encoding [org.springframework.web.reactive.result.method.annotation.JacksonHintsIntegrationTests$JacksonViewBe (truncated)...]
19:47:39.811 [XNIO-26 I/O-2] DEBUG o.s.w.s.a.HttpWebHandlerAdapter - [65dc74ff] Completed 200 OK
19:47:39.812 [Test worker] DEBUG o.s.w.c.RestTemplate - Response 200 OK
19:47:39.812 [Test worker] DEBUG o.s.w.c.RestTemplate - Reading to [java.lang.String] as "application/json"
19:47:39.812 [Test worker] DEBUG o.s.h.s.r.b.UndertowHttpServer - Stopping UndertowHttpServer...
19:47:39.814 [Test worker] DEBUG o.s.h.s.r.b.UndertowHttpServer - Server stopped (0 millis).
19:47:39.869 [Test worker] DEBUG o.s.w.r.r.m.a.RequestMappingHandlerMapping - 9 mappings in 'requestMappingHandlerMapping'
19:47:39.895 [Test worker] DEBUG o.s.w.r.r.m.a.ControllerMethodResolver - ControllerAdvice beans: none
19:47:39.954 [Test worker] DEBUG o.s.w.s.a.HttpWebHandlerAdapter - enableLoggingRequestDetails='false': form data and headers will be masked to prevent unsafe logging of potentially sensitive data
19:47:39.955 [Test worker] DEBUG o.s.h.s.r.b.UndertowHttpServer - Starting UndertowHttpServer...
19:47:39.957 [Test worker] DEBUG o.s.h.s.r.b.UndertowHttpServer - Server started on port 50568(0 millis).
19:47:39.957 [Test worker] DEBUG o.s.w.c.RestTemplate - HTTP GET http://localhost:50568/response/entity
19:47:39.957 [Test worker] DEBUG o.s.w.c.RestTemplate - Accept=[text/plain, application/json, application/x-jackson-smile, application/*+json, */*]
19:47:39.959 [XNIO-27 I/O-2] DEBUG o.s.w.s.a.HttpWebHandlerAdapter - [eb60b77] HTTP GET "/response/entity"
19:47:39.959 [XNIO-27 I/O-2] DEBUG o.s.w.r.r.m.a.RequestMappingHandlerMapping - [eb60b77] Mapped to org.springframework.web.reactive.result.method.annotation.JacksonHintsIntegrationTests$JsonViewRestController#monoResponseEntity()
19:47:39.960 [XNIO-27 I/O-2] DEBUG o.s.w.r.r.m.a.ResponseEntityResultHandler - Using 'application/json' given [application/json] and supported [application/json, application/*+json, application/x-jackson-smile, application/*+x-jackson-smile, text/event-stream]
19:47:39.960 [XNIO-27 I/O-2] DEBUG o.s.w.r.r.m.a.ResponseEntityResultHandler - [eb60b77] 0..1 [org.springframework.web.reactive.result.method.annotation.JacksonHintsIntegrationTests$JacksonViewBean]
19:47:39.961 [XNIO-27 I/O-2] DEBUG o.s.h.c.j.Jackson2JsonEncoder - [eb60b77] Encoding [org.springframework.web.reactive.result.method.annotation.JacksonHintsIntegrationTests$JacksonViewBe (truncated)...]
19:47:39.962 [XNIO-27 I/O-2] DEBUG o.s.w.s.a.HttpWebHandlerAdapter - [eb60b77] Completed 200 OK
19:47:39.962 [Test worker] DEBUG o.s.w.c.RestTemplate - Response 200 OK
19:47:39.962 [Test worker] DEBUG o.s.w.c.RestTemplate - Reading to [java.lang.String] as "application/json"
19:47:39.962 [Test worker] DEBUG o.s.h.s.r.b.UndertowHttpServer - Stopping UndertowHttpServer...
19:47:39.963 [Test worker] DEBUG o.s.h.s.r.b.UndertowHttpServer - Server stopped (0 millis).
19:47:40.014 [Test worker] DEBUG o.s.w.r.r.m.a.RequestMappingHandlerMapping - 9 mappings in 'requestMappingHandlerMapping'
19:47:40.046 [Test worker] DEBUG o.s.w.r.r.m.a.ControllerMethodResolver - ControllerAdvice beans: none
19:47:40.081 [Test worker] DEBUG o.s.w.s.a.HttpWebHandlerAdapter - enableLoggingRequestDetails='false': form data and headers will be masked to prevent unsafe logging of potentially sensitive data
19:47:40.081 [Test worker] DEBUG o.s.h.s.r.b.UndertowHttpServer - Starting UndertowHttpServer...
19:47:40.083 [Test worker] DEBUG o.s.h.s.r.b.UndertowHttpServer - Server started on port 50570(0 millis).
19:47:40.083 [Test worker] DEBUG o.s.w.c.RestTemplate - HTTP POST http://localhost:50570/request/flux
19:47:40.083 [Test worker] DEBUG o.s.w.c.RestTemplate - Accept=[text/plain, application/json, application/x-jackson-smile, application/*+json, */*]
19:47:40.084 [Test worker] DEBUG o.s.w.c.RestTemplate - Writing [[org.springframework.web.reactive.result.method.annotation.JacksonHintsIntegrationTests$JacksonViewBean@3bb97556, org.springframework.web.reactive.result.method.annotation.JacksonHintsIntegrationTests$JacksonViewBean@50cd26c3]] as "application/json"
19:47:40.085 [XNIO-28 I/O-2] DEBUG o.s.w.s.a.HttpWebHandlerAdapter - [6ec2d53] HTTP POST "/request/flux"
19:47:40.086 [XNIO-28 I/O-2] DEBUG o.s.w.r.r.m.a.RequestMappingHandlerMapping - [6ec2d53] Mapped to org.springframework.web.reactive.result.method.annotation.JacksonHintsIntegrationTests$JsonViewRestController#fluxRequest(Flux)
19:47:40.086 [XNIO-28 I/O-2] DEBUG o.s.w.r.r.m.a.RequestBodyMethodArgumentResolver - [6ec2d53] Content-Type:application/json
19:47:40.087 [XNIO-28 I/O-2] DEBUG o.s.w.r.r.m.a.RequestBodyMethodArgumentResolver - [6ec2d53] 0..N [org.springframework.web.reactive.result.method.annotation.JacksonHintsIntegrationTests$JacksonViewBean]
19:47:40.088 [XNIO-28 I/O-2] DEBUG o.s.w.r.r.m.a.ResponseBodyResultHandler - Using 'application/json' given [application/json] and supported [application/json, application/*+json, application/x-jackson-smile, application/*+x-jackson-smile, text/event-stream]
19:47:40.088 [XNIO-28 I/O-2] DEBUG o.s.w.r.r.m.a.ResponseBodyResultHandler - [6ec2d53] 0..N [org.springframework.web.reactive.result.method.annotation.JacksonHintsIntegrationTests$JacksonViewBean]
19:47:40.089 [XNIO-28 I/O-2] DEBUG o.s.h.c.j.Jackson2JsonDecoder - [6ec2d53] Decoded [org.springframework.web.reactive.result.method.annotation.JacksonHintsIntegrationTests$JacksonViewBe (truncated)...]
19:47:40.089 [XNIO-28 I/O-2] DEBUG o.s.h.c.j.Jackson2JsonDecoder - [6ec2d53] Decoded [org.springframework.web.reactive.result.method.annotation.JacksonHintsIntegrationTests$JacksonViewBe (truncated)...]
19:47:40.089 [XNIO-28 I/O-2] DEBUG o.s.h.c.j.Jackson2JsonEncoder - [6ec2d53] Encoding [[org.springframework.web.reactive.result.method.annotation.JacksonHintsIntegrationTests$JacksonViewB (truncated)...]
19:47:40.090 [XNIO-28 I/O-2] DEBUG o.s.w.s.a.HttpWebHandlerAdapter - [6ec2d53] Completed 200 OK
19:47:40.090 [Test worker] DEBUG o.s.w.c.RestTemplate - Response 200 OK
19:47:40.090 [Test worker] DEBUG o.s.w.c.RestTemplate - Reading to [java.lang.String] as "application/json"
19:47:40.091 [Test worker] DEBUG o.s.h.s.r.b.UndertowHttpServer - Stopping UndertowHttpServer...
19:47:40.091 [Test worker] DEBUG o.s.h.s.r.b.UndertowHttpServer - Server stopped (0 millis).
19:47:40.139 [Test worker] DEBUG o.s.w.r.r.m.a.RequestMappingHandlerMapping - 9 mappings in 'requestMappingHandlerMapping'
19:47:40.174 [Test worker] DEBUG o.s.w.r.r.m.a.ControllerMethodResolver - ControllerAdvice beans: none
19:47:40.209 [Test worker] DEBUG o.s.w.s.a.HttpWebHandlerAdapter - enableLoggingRequestDetails='false': form data and headers will be masked to prevent unsafe logging of potentially sensitive data
19:47:40.209 [Test worker] DEBUG o.s.h.s.r.b.UndertowHttpServer - Starting UndertowHttpServer...
19:47:40.212 [Test worker] DEBUG o.s.h.s.r.b.UndertowHttpServer - Server started on port 50572(0 millis).
19:47:40.212 [Test worker] DEBUG o.s.w.c.RestTemplate - HTTP POST http://localhost:50572/request/mono
19:47:40.212 [Test worker] DEBUG o.s.w.c.RestTemplate - Accept=[text/plain, application/json, application/x-jackson-smile, application/*+json, */*]
19:47:40.213 [Test worker] DEBUG o.s.w.c.RestTemplate - Writing [org.springframework.web.reactive.result.method.annotation.JacksonHintsIntegrationTests$JacksonViewBean@4683b633] as "application/json"
19:47:40.215 [XNIO-29 I/O-2] DEBUG o.s.w.s.a.HttpWebHandlerAdapter - [4c2469cf] HTTP POST "/request/mono"
19:47:40.216 [XNIO-29 I/O-2] DEBUG o.s.w.r.r.m.a.RequestMappingHandlerMapping - [4c2469cf] Mapped to org.springframework.web.reactive.result.method.annotation.JacksonHintsIntegrationTests$JsonViewRestController#monoRequest(Mono)
19:47:40.217 [XNIO-29 I/O-2] DEBUG o.s.w.r.r.m.a.RequestBodyMethodArgumentResolver - [4c2469cf] Content-Type:application/json
19:47:40.218 [XNIO-29 I/O-2] DEBUG o.s.w.r.r.m.a.RequestBodyMethodArgumentResolver - [4c2469cf] 0..1 [org.springframework.web.reactive.result.method.annotation.JacksonHintsIntegrationTests$JacksonViewBean]
19:47:40.219 [XNIO-29 I/O-2] DEBUG o.s.w.r.r.m.a.ResponseBodyResultHandler - Using 'application/json' given [application/json] and supported [application/json, application/*+json, application/x-jackson-smile, application/*+x-jackson-smile, text/event-stream]
19:47:40.219 [XNIO-29 I/O-2] DEBUG o.s.w.r.r.m.a.ResponseBodyResultHandler - [4c2469cf] 0..1 [org.springframework.web.reactive.result.method.annotation.JacksonHintsIntegrationTests$JacksonViewBean]
19:47:40.220 [XNIO-29 I/O-2] DEBUG o.s.h.c.j.Jackson2JsonDecoder - [4c2469cf] Decoded [org.springframework.web.reactive.result.method.annotation.JacksonHintsIntegrationTests$JacksonViewBe (truncated)...]
19:47:40.220 [XNIO-29 I/O-2] DEBUG o.s.h.c.j.Jackson2JsonEncoder - [4c2469cf] Encoding [org.springframework.web.reactive.result.method.annotation.JacksonHintsIntegrationTests$JacksonViewBe (truncated)...]
19:47:40.221 [XNIO-29 I/O-2] DEBUG o.s.w.s.a.HttpWebHandlerAdapter - [4c2469cf] Completed 200 OK
19:47:40.221 [Test worker] DEBUG o.s.w.c.RestTemplate - Response 200 OK
19:47:40.221 [Test worker] DEBUG o.s.w.c.RestTemplate - Reading to [java.lang.String] as "application/json"
19:47:40.222 [Test worker] DEBUG o.s.h.s.r.b.UndertowHttpServer - Stopping UndertowHttpServer...
19:47:40.223 [Test worker] DEBUG o.s.h.s.r.b.UndertowHttpServer - Server stopped (0 millis).
19:47:40.280 [Test worker] DEBUG o.s.w.r.r.m.a.RequestMappingHandlerMapping - 9 mappings in 'requestMappingHandlerMapping'
19:47:40.321 [Test worker] DEBUG o.s.w.r.r.m.a.ControllerMethodResolver - ControllerAdvice beans: none
19:47:40.376 [Test worker] DEBUG o.s.w.s.a.HttpWebHandlerAdapter - enableLoggingRequestDetails='false': form data and headers will be masked to prevent unsafe logging of potentially sensitive data
19:47:40.376 [Test worker] DEBUG o.s.h.s.r.b.UndertowHttpServer - Starting UndertowHttpServer...
19:47:40.379 [Test worker] DEBUG o.s.h.s.r.b.UndertowHttpServer - Server started on port 50574(0 millis).
19:47:40.380 [Test worker] DEBUG o.s.w.c.RestTemplate - HTTP GET http://localhost:50574/response/raw
19:47:40.380 [Test worker] DEBUG o.s.w.c.RestTemplate - Accept=[text/plain, application/json, application/x-jackson-smile, application/*+json, */*]
19:47:40.382 [XNIO-30 I/O-2] DEBUG o.s.w.s.a.HttpWebHandlerAdapter - [f0f96d6] HTTP GET "/response/raw"
19:47:40.382 [XNIO-30 I/O-2] DEBUG o.s.w.r.r.m.a.RequestMappingHandlerMapping - [f0f96d6] Mapped to org.springframework.web.reactive.result.method.annotation.JacksonHintsIntegrationTests$JsonViewRestController#rawResponse()
19:47:40.384 [XNIO-30 I/O-2] DEBUG o.s.w.r.r.m.a.ResponseBodyResultHandler - Using 'application/json' given [application/json] and supported [application/json, application/*+json, application/x-jackson-smile, application/*+x-jackson-smile, text/event-stream]
19:47:40.384 [XNIO-30 I/O-2] DEBUG o.s.w.r.r.m.a.ResponseBodyResultHandler - [f0f96d6] 0..1 [org.springframework.web.reactive.result.method.annotation.JacksonHintsIntegrationTests$JacksonViewBean]
19:47:40.384 [XNIO-30 I/O-2] DEBUG o.s.h.c.j.Jackson2JsonEncoder - [f0f96d6] Encoding [org.springframework.web.reactive.result.method.annotation.JacksonHintsIntegrationTests$JacksonViewBe (truncated)...]
19:47:40.385 [XNIO-30 I/O-2] DEBUG o.s.w.s.a.HttpWebHandlerAdapter - [f0f96d6] Completed 200 OK
19:47:40.385 [Test worker] DEBUG o.s.w.c.RestTemplate - Response 200 OK
19:47:40.385 [Test worker] DEBUG o.s.w.c.RestTemplate - Reading to [java.lang.String] as "application/json"
19:47:40.385 [Test worker] DEBUG o.s.h.s.r.b.UndertowHttpServer - Stopping UndertowHttpServer...
19:47:40.387 [Test worker] DEBUG o.s.h.s.r.b.UndertowHttpServer - Server stopped (0 millis).
19:47:40.504 [Test worker] DEBUG o.s.w.r.r.m.a.RequestMappingHandlerMapping - 9 mappings in 'requestMappingHandlerMapping'
19:47:40.542 [Test worker] DEBUG o.s.w.r.r.m.a.ControllerMethodResolver - ControllerAdvice beans: none
19:47:40.582 [Test worker] DEBUG o.s.w.s.a.HttpWebHandlerAdapter - enableLoggingRequestDetails='false': form data and headers will be masked to prevent unsafe logging of potentially sensitive data
19:47:40.582 [Test worker] DEBUG o.s.h.s.r.b.UndertowHttpServer - Starting UndertowHttpServer...
19:47:40.585 [Test worker] DEBUG o.s.h.s.r.b.UndertowHttpServer - Server started on port 50576(0 millis).
19:47:40.585 [Test worker] DEBUG o.s.w.c.RestTemplate - HTTP GET http://localhost:50576/response/flux
19:47:40.586 [Test worker] DEBUG o.s.w.c.RestTemplate - Accept=[text/plain, application/json, application/x-jackson-smile, application/*+json, */*]
19:47:40.587 [XNIO-31 I/O-2] DEBUG o.s.w.s.a.HttpWebHandlerAdapter - [128c76a5] HTTP GET "/response/flux"
19:47:40.587 [XNIO-31 I/O-2] DEBUG o.s.w.r.r.m.a.RequestMappingHandlerMapping - [128c76a5] Mapped to org.springframework.web.reactive.result.method.annotation.JacksonHintsIntegrationTests$JsonViewRestController#fluxResponse()
19:47:40.589 [XNIO-31 I/O-2] DEBUG o.s.w.r.r.m.a.ResponseBodyResultHandler - Using 'application/json' given [application/json] and supported [application/json, application/*+json, application/x-jackson-smile, application/*+x-jackson-smile, text/event-stream]
19:47:40.589 [XNIO-31 I/O-2] DEBUG o.s.w.r.r.m.a.ResponseBodyResultHandler - [128c76a5] 0..N [org.springframework.web.reactive.result.method.annotation.JacksonHintsIntegrationTests$JacksonViewBean]
19:47:40.589 [XNIO-31 I/O-2] DEBUG o.s.h.c.j.Jackson2JsonEncoder - [128c76a5] Encoding [[org.springframework.web.reactive.result.method.annotation.JacksonHintsIntegrationTests$JacksonViewB (truncated)...]
19:47:40.590 [XNIO-31 I/O-2] DEBUG o.s.w.s.a.HttpWebHandlerAdapter - [128c76a5] Completed 200 OK
19:47:40.590 [Test worker] DEBUG o.s.w.c.RestTemplate - Response 200 OK
19:47:40.591 [Test worker] DEBUG o.s.w.c.RestTemplate - Reading to [java.lang.String] as "application/json"
19:47:40.591 [Test worker] DEBUG o.s.h.s.r.b.UndertowHttpServer - Stopping UndertowHttpServer...
19:47:40.592 [Test worker] DEBUG o.s.h.s.r.b.UndertowHttpServer - Server stopped (0 millis).
19:47:40.652 [Test worker] DEBUG o.s.w.r.r.m.a.RequestMappingHandlerMapping - 9 mappings in 'requestMappingHandlerMapping'
19:47:40.692 [Test worker] DEBUG o.s.w.r.r.m.a.ControllerMethodResolver - ControllerAdvice beans: none
19:47:40.742 [Test worker] DEBUG o.s.w.s.a.HttpWebHandlerAdapter - enableLoggingRequestDetails='false': form data and headers will be masked to prevent unsafe logging of potentially sensitive data
19:47:40.742 [Test worker] DEBUG o.s.h.s.r.b.UndertowHttpServer - Starting UndertowHttpServer...
19:47:40.746 [Test worker] DEBUG o.s.h.s.r.b.UndertowHttpServer - Server started on port 50578(0 millis).
19:47:40.746 [Test worker] DEBUG o.s.w.c.RestTemplate - HTTP POST http://localhost:50578/request/entity/flux
19:47:40.747 [Test worker] DEBUG o.s.w.c.RestTemplate - Accept=[text/plain, application/json, application/x-jackson-smile, application/*+json, */*]
19:47:40.747 [Test worker] DEBUG o.s.w.c.RestTemplate - Writing [[org.springframework.web.reactive.result.method.annotation.JacksonHintsIntegrationTests$JacksonViewBean@a587c83, org.springframework.web.reactive.result.method.annotation.JacksonHintsIntegrationTests$JacksonViewBean@4d14ec6c]] as "application/json"
19:47:40.749 [XNIO-32 I/O-2] DEBUG o.s.w.s.a.HttpWebHandlerAdapter - [5ebc131e] HTTP POST "/request/entity/flux"
19:47:40.749 [XNIO-32 I/O-2] DEBUG o.s.w.r.r.m.a.RequestMappingHandlerMapping - [5ebc131e] Mapped to org.springframework.web.reactive.result.method.annotation.JacksonHintsIntegrationTests$JsonViewRestController#entityFluxRequest(HttpEntity)
19:47:40.750 [XNIO-32 I/O-2] DEBUG o.s.w.r.r.m.a.HttpEntityMethodArgumentResolver - [5ebc131e] Content-Type:application/json
19:47:40.751 [XNIO-32 I/O-2] DEBUG o.s.w.r.r.m.a.HttpEntityMethodArgumentResolver - [5ebc131e] 0..N [org.springframework.web.reactive.result.method.annotation.JacksonHintsIntegrationTests$JacksonViewBean]
19:47:40.753 [XNIO-32 I/O-2] DEBUG o.s.w.r.r.m.a.ResponseBodyResultHandler - Using 'application/json' given [application/json] and supported [application/json, application/*+json, application/x-jackson-smile, application/*+x-jackson-smile, text/event-stream]
19:47:40.753 [XNIO-32 I/O-2] DEBUG o.s.w.r.r.m.a.ResponseBodyResultHandler - [5ebc131e] 0..N [org.springframework.web.reactive.result.method.annotation.JacksonHintsIntegrationTests$JacksonViewBean]
19:47:40.753 [XNIO-32 I/O-2] DEBUG o.s.h.c.j.Jackson2JsonDecoder - [5ebc131e] Decoded [org.springframework.web.reactive.result.method.annotation.JacksonHintsIntegrationTests$JacksonViewBe (truncated)...]
19:47:40.754 [XNIO-32 I/O-2] DEBUG o.s.h.c.j.Jackson2JsonDecoder - [5ebc131e] Decoded [org.springframework.web.reactive.result.method.annotation.JacksonHintsIntegrationTests$JacksonViewBe (truncated)...]
19:47:40.754 [XNIO-32 I/O-2] DEBUG o.s.h.c.j.Jackson2JsonEncoder - [5ebc131e] Encoding [[org.springframework.web.reactive.result.method.annotation.JacksonHintsIntegrationTests$JacksonViewB (truncated)...]
19:47:40.755 [XNIO-32 I/O-2] DEBUG o.s.w.s.a.HttpWebHandlerAdapter - [5ebc131e] Completed 200 OK
19:47:40.755 [Test worker] DEBUG o.s.w.c.RestTemplate - Response 200 OK
19:47:40.755 [Test worker] DEBUG o.s.w.c.RestTemplate - Reading to [java.lang.String] as "application/json"
19:47:40.756 [Test worker] DEBUG o.s.h.s.r.b.UndertowHttpServer - Stopping UndertowHttpServer...
19:47:40.757 [Test worker] DEBUG o.s.h.s.r.b.UndertowHttpServer - Server stopped (0 millis).
19:47:40.803 [Test worker] DEBUG o.s.w.r.r.m.a.RequestMappingHandlerMapping - 9 mappings in 'requestMappingHandlerMapping'
19:47:40.830 [Test worker] DEBUG o.s.w.r.r.m.a.ControllerMethodResolver - ControllerAdvice beans: none
19:47:40.874 [Test worker] DEBUG o.s.w.s.a.HttpWebHandlerAdapter - enableLoggingRequestDetails='false': form data and headers will be masked to prevent unsafe logging of potentially sensitive data
19:47:40.874 [Test worker] DEBUG o.s.h.s.r.b.UndertowHttpServer - Starting UndertowHttpServer...
19:47:40.876 [Test worker] DEBUG o.s.h.s.r.b.UndertowHttpServer - Server started on port 50580(0 millis).
19:47:40.876 [Test worker] DEBUG o.s.w.c.RestTemplate - HTTP GET http://localhost:50580/response/mono
19:47:40.877 [Test worker] DEBUG o.s.w.c.RestTemplate - Accept=[text/plain, application/json, application/x-jackson-smile, application/*+json, */*]
19:47:40.878 [XNIO-33 I/O-2] DEBUG o.s.w.s.a.HttpWebHandlerAdapter - [31ed1a93] HTTP GET "/response/mono"
19:47:40.878 [XNIO-33 I/O-2] DEBUG o.s.w.r.r.m.a.RequestMappingHandlerMapping - [31ed1a93] Mapped to org.springframework.web.reactive.result.method.annotation.JacksonHintsIntegrationTests$JsonViewRestController#monoResponse()
19:47:40.880 [XNIO-33 I/O-2] DEBUG o.s.w.r.r.m.a.ResponseBodyResultHandler - Using 'application/json' given [application/json] and supported [application/json, application/*+json, application/x-jackson-smile, application/*+x-jackson-smile, text/event-stream]
19:47:40.880 [XNIO-33 I/O-2] DEBUG o.s.w.r.r.m.a.ResponseBodyResultHandler - [31ed1a93] 0..1 [org.springframework.web.reactive.result.method.annotation.JacksonHintsIntegrationTests$JacksonViewBean]
19:47:40.880 [XNIO-33 I/O-2] DEBUG o.s.h.c.j.Jackson2JsonEncoder - [31ed1a93] Encoding [org.springframework.web.reactive.result.method.annotation.JacksonHintsIntegrationTests$JacksonViewBe (truncated)...]
19:47:40.881 [XNIO-33 I/O-2] DEBUG o.s.w.s.a.HttpWebHandlerAdapter - [31ed1a93] Completed 200 OK
19:47:40.881 [Test worker] DEBUG o.s.w.c.RestTemplate - Response 200 OK
19:47:40.881 [Test worker] DEBUG o.s.w.c.RestTemplate - Reading to [java.lang.String] as "application/json"
19:47:40.881 [Test worker] DEBUG o.s.h.s.r.b.UndertowHttpServer - Stopping UndertowHttpServer...
19:47:40.882 [Test worker] DEBUG o.s.h.s.r.b.UndertowHttpServer - Server stopped (0 millis).
]]></system-out>
  <system-err><![CDATA[六月 21, 2019 7:47:38 下午 org.apache.catalina.core.StandardService startInternal
信息: Starting service [Tomcat]
六月 21, 2019 7:47:38 下午 org.apache.catalina.core.StandardEngine startInternal
信息: Starting Servlet engine: [Apache Tomcat/9.0.21]
六月 21, 2019 7:47:38 下午 org.apache.coyote.AbstractProtocol init
信息: Initializing ProtocolHandler ["http-nio-auto-25"]
六月 21, 2019 7:47:38 下午 org.apache.coyote.AbstractProtocol start
信息: Starting ProtocolHandler ["http-nio-auto-25-50537"]
六月 21, 2019 7:47:38 下午 org.apache.coyote.AbstractProtocol pause
信息: Pausing ProtocolHandler ["http-nio-auto-25-50537"]
六月 21, 2019 7:47:38 下午 org.apache.catalina.core.StandardService stopInternal
信息: Stopping service [Tomcat]
六月 21, 2019 7:47:38 下午 org.apache.coyote.AbstractProtocol stop
信息: Stopping ProtocolHandler ["http-nio-auto-25-50537"]
六月 21, 2019 7:47:38 下午 org.apache.coyote.AbstractProtocol destroy
信息: Destroying ProtocolHandler ["http-nio-auto-25-50537"]
六月 21, 2019 7:47:38 下午 org.apache.catalina.core.StandardService startInternal
信息: Starting service [Tomcat]
六月 21, 2019 7:47:38 下午 org.apache.catalina.core.StandardEngine startInternal
信息: Starting Servlet engine: [Apache Tomcat/9.0.21]
六月 21, 2019 7:47:38 下午 org.apache.coyote.AbstractProtocol init
信息: Initializing ProtocolHandler ["http-nio-auto-26"]
六月 21, 2019 7:47:38 下午 org.apache.coyote.AbstractProtocol start
信息: Starting ProtocolHandler ["http-nio-auto-26-50540"]
六月 21, 2019 7:47:38 下午 org.apache.coyote.AbstractProtocol pause
信息: Pausing ProtocolHandler ["http-nio-auto-26-50540"]
六月 21, 2019 7:47:38 下午 org.apache.catalina.core.StandardService stopInternal
信息: Stopping service [Tomcat]
六月 21, 2019 7:47:38 下午 org.apache.coyote.AbstractProtocol stop
信息: Stopping ProtocolHandler ["http-nio-auto-26-50540"]
六月 21, 2019 7:47:38 下午 org.apache.coyote.AbstractProtocol destroy
信息: Destroying ProtocolHandler ["http-nio-auto-26-50540"]
六月 21, 2019 7:47:38 下午 org.apache.catalina.core.StandardService startInternal
信息: Starting service [Tomcat]
六月 21, 2019 7:47:38 下午 org.apache.catalina.core.StandardEngine startInternal
信息: Starting Servlet engine: [Apache Tomcat/9.0.21]
六月 21, 2019 7:47:38 下午 org.apache.coyote.AbstractProtocol init
信息: Initializing ProtocolHandler ["http-nio-auto-27"]
六月 21, 2019 7:47:38 下午 org.apache.coyote.AbstractProtocol start
信息: Starting ProtocolHandler ["http-nio-auto-27-50543"]
六月 21, 2019 7:47:38 下午 org.apache.coyote.AbstractProtocol pause
信息: Pausing ProtocolHandler ["http-nio-auto-27-50543"]
六月 21, 2019 7:47:38 下午 org.apache.catalina.core.StandardService stopInternal
信息: Stopping service [Tomcat]
六月 21, 2019 7:47:38 下午 org.apache.coyote.AbstractProtocol stop
信息: Stopping ProtocolHandler ["http-nio-auto-27-50543"]
六月 21, 2019 7:47:38 下午 org.apache.coyote.AbstractProtocol destroy
信息: Destroying ProtocolHandler ["http-nio-auto-27-50543"]
六月 21, 2019 7:47:38 下午 org.apache.catalina.core.StandardService startInternal
信息: Starting service [Tomcat]
六月 21, 2019 7:47:38 下午 org.apache.catalina.core.StandardEngine startInternal
信息: Starting Servlet engine: [Apache Tomcat/9.0.21]
六月 21, 2019 7:47:38 下午 org.apache.coyote.AbstractProtocol init
信息: Initializing ProtocolHandler ["http-nio-auto-28"]
六月 21, 2019 7:47:38 下午 org.apache.coyote.AbstractProtocol start
信息: Starting ProtocolHandler ["http-nio-auto-28-50546"]
六月 21, 2019 7:47:38 下午 org.apache.coyote.AbstractProtocol pause
信息: Pausing ProtocolHandler ["http-nio-auto-28-50546"]
六月 21, 2019 7:47:38 下午 org.apache.catalina.core.StandardService stopInternal
信息: Stopping service [Tomcat]
六月 21, 2019 7:47:38 下午 org.apache.coyote.AbstractProtocol stop
信息: Stopping ProtocolHandler ["http-nio-auto-28-50546"]
六月 21, 2019 7:47:38 下午 org.apache.coyote.AbstractProtocol destroy
信息: Destroying ProtocolHandler ["http-nio-auto-28-50546"]
六月 21, 2019 7:47:38 下午 org.apache.catalina.core.StandardService startInternal
信息: Starting service [Tomcat]
六月 21, 2019 7:47:38 下午 org.apache.catalina.core.StandardEngine startInternal
信息: Starting Servlet engine: [Apache Tomcat/9.0.21]
六月 21, 2019 7:47:38 下午 org.apache.coyote.AbstractProtocol init
信息: Initializing ProtocolHandler ["http-nio-auto-29"]
六月 21, 2019 7:47:38 下午 org.apache.coyote.AbstractProtocol start
信息: Starting ProtocolHandler ["http-nio-auto-29-50549"]
六月 21, 2019 7:47:38 下午 org.apache.coyote.AbstractProtocol pause
信息: Pausing ProtocolHandler ["http-nio-auto-29-50549"]
六月 21, 2019 7:47:38 下午 org.apache.catalina.core.StandardService stopInternal
信息: Stopping service [Tomcat]
六月 21, 2019 7:47:38 下午 org.apache.coyote.AbstractProtocol stop
信息: Stopping ProtocolHandler ["http-nio-auto-29-50549"]
六月 21, 2019 7:47:38 下午 org.apache.coyote.AbstractProtocol destroy
信息: Destroying ProtocolHandler ["http-nio-auto-29-50549"]
六月 21, 2019 7:47:39 下午 org.apache.catalina.core.StandardService startInternal
信息: Starting service [Tomcat]
六月 21, 2019 7:47:39 下午 org.apache.catalina.core.StandardEngine startInternal
信息: Starting Servlet engine: [Apache Tomcat/9.0.21]
六月 21, 2019 7:47:39 下午 org.apache.coyote.AbstractProtocol init
信息: Initializing ProtocolHandler ["http-nio-auto-30"]
六月 21, 2019 7:47:39 下午 org.apache.coyote.AbstractProtocol start
信息: Starting ProtocolHandler ["http-nio-auto-30-50552"]
六月 21, 2019 7:47:39 下午 org.apache.coyote.AbstractProtocol pause
信息: Pausing ProtocolHandler ["http-nio-auto-30-50552"]
六月 21, 2019 7:47:39 下午 org.apache.catalina.core.StandardService stopInternal
信息: Stopping service [Tomcat]
六月 21, 2019 7:47:39 下午 org.apache.coyote.AbstractProtocol stop
信息: Stopping ProtocolHandler ["http-nio-auto-30-50552"]
六月 21, 2019 7:47:39 下午 org.apache.coyote.AbstractProtocol destroy
信息: Destroying ProtocolHandler ["http-nio-auto-30-50552"]
六月 21, 2019 7:47:39 下午 org.apache.catalina.core.StandardService startInternal
信息: Starting service [Tomcat]
六月 21, 2019 7:47:39 下午 org.apache.catalina.core.StandardEngine startInternal
信息: Starting Servlet engine: [Apache Tomcat/9.0.21]
六月 21, 2019 7:47:39 下午 org.apache.coyote.AbstractProtocol init
信息: Initializing ProtocolHandler ["http-nio-auto-31"]
六月 21, 2019 7:47:39 下午 org.apache.coyote.AbstractProtocol start
信息: Starting ProtocolHandler ["http-nio-auto-31-50555"]
六月 21, 2019 7:47:39 下午 org.apache.coyote.AbstractProtocol pause
信息: Pausing ProtocolHandler ["http-nio-auto-31-50555"]
六月 21, 2019 7:47:39 下午 org.apache.catalina.core.StandardService stopInternal
信息: Stopping service [Tomcat]
六月 21, 2019 7:47:39 下午 org.apache.coyote.AbstractProtocol stop
信息: Stopping ProtocolHandler ["http-nio-auto-31-50555"]
六月 21, 2019 7:47:39 下午 org.apache.coyote.AbstractProtocol destroy
信息: Destroying ProtocolHandler ["http-nio-auto-31-50555"]
六月 21, 2019 7:47:39 下午 org.apache.catalina.core.StandardService startInternal
信息: Starting service [Tomcat]
六月 21, 2019 7:47:39 下午 org.apache.catalina.core.StandardEngine startInternal
信息: Starting Servlet engine: [Apache Tomcat/9.0.21]
六月 21, 2019 7:47:39 下午 org.apache.coyote.AbstractProtocol init
信息: Initializing ProtocolHandler ["http-nio-auto-32"]
六月 21, 2019 7:47:39 下午 org.apache.coyote.AbstractProtocol start
信息: Starting ProtocolHandler ["http-nio-auto-32-50558"]
六月 21, 2019 7:47:39 下午 org.apache.coyote.AbstractProtocol pause
信息: Pausing ProtocolHandler ["http-nio-auto-32-50558"]
六月 21, 2019 7:47:39 下午 org.apache.catalina.core.StandardService stopInternal
信息: Stopping service [Tomcat]
六月 21, 2019 7:47:39 下午 org.apache.coyote.AbstractProtocol stop
信息: Stopping ProtocolHandler ["http-nio-auto-32-50558"]
六月 21, 2019 7:47:39 下午 org.apache.coyote.AbstractProtocol destroy
信息: Destroying ProtocolHandler ["http-nio-auto-32-50558"]
六月 21, 2019 7:47:39 下午 org.apache.catalina.core.StandardService startInternal
信息: Starting service [Tomcat]
六月 21, 2019 7:47:39 下午 org.apache.catalina.core.StandardEngine startInternal
信息: Starting Servlet engine: [Apache Tomcat/9.0.21]
六月 21, 2019 7:47:39 下午 org.apache.coyote.AbstractProtocol init
信息: Initializing ProtocolHandler ["http-nio-auto-33"]
六月 21, 2019 7:47:39 下午 org.apache.coyote.AbstractProtocol start
信息: Starting ProtocolHandler ["http-nio-auto-33-50561"]
六月 21, 2019 7:47:39 下午 org.apache.coyote.AbstractProtocol pause
信息: Pausing ProtocolHandler ["http-nio-auto-33-50561"]
六月 21, 2019 7:47:39 下午 org.apache.catalina.core.StandardService stopInternal
信息: Stopping service [Tomcat]
六月 21, 2019 7:47:39 下午 org.apache.coyote.AbstractProtocol stop
信息: Stopping ProtocolHandler ["http-nio-auto-33-50561"]
六月 21, 2019 7:47:39 下午 org.apache.coyote.AbstractProtocol destroy
信息: Destroying ProtocolHandler ["http-nio-auto-33-50561"]
]]></system-err>
</testsuite>
