<?xml version="1.0" encoding="UTF-8"?>
<testsuite name="org.springframework.web.reactive.result.method.annotation.CookieValueMethodArgumentResolverTests" tests="6" skipped="0" failures="0" errors="0" timestamp="2020-11-25T14:42:44" hostname="lichangbaodeMacBook-Pro.local" time="0.019">
  <properties/>
  <testcase name="resolveCookieArgument" classname="org.springframework.web.reactive.result.method.annotation.CookieValueMethodArgumentResolverTests" time="0.004"/>
  <testcase name="resolveCookieDefaultValue" classname="org.springframework.web.reactive.result.method.annotation.CookieValueMethodArgumentResolverTests" time="0.003"/>
  <testcase name="resolveCookieStringArgument" classname="org.springframework.web.reactive.result.method.annotation.CookieValueMethodArgumentResolverTests" time="0.003"/>
  <testcase name="notFound" classname="org.springframework.web.reactive.result.method.annotation.CookieValueMethodArgumentResolverTests" time="0.003"/>
  <testcase name="doesNotSupportParameter" classname="org.springframework.web.reactive.result.method.annotation.CookieValueMethodArgumentResolverTests" time="0.003"/>
  <testcase name="supportsParameter" classname="org.springframework.web.reactive.result.method.annotation.CookieValueMethodArgumentResolverTests" time="0.003"/>
  <system-out><![CDATA[]]></system-out>
  <system-err><![CDATA[]]></system-err>
</testsuite>
