<?xml version="1.0" encoding="UTF-8"?>
<testsuite name="org.springframework.web.reactive.result.method.annotation.RequestMappingHandlerMappingTests" tests="10" skipped="0" failures="0" errors="0" timestamp="2019-06-21T11:47:23" hostname="Macbook-Air.local" time="0.094">
  <properties/>
  <testcase name="getMappingOverridesConsumesFromTypeLevelAnnotation" classname="org.springframework.web.reactive.result.method.annotation.RequestMappingHandlerMappingTests" time="0.017"/>
  <testcase name="patchMapping" classname="org.springframework.web.reactive.result.method.annotation.RequestMappingHandlerMappingTests" time="0.004"/>
  <testcase name="resolveRequestMappingViaComposedAnnotation" classname="org.springframework.web.reactive.result.method.annotation.RequestMappingHandlerMappingTests" time="0.005"/>
  <testcase name="consumesWithOptionalRequestBody" classname="org.springframework.web.reactive.result.method.annotation.RequestMappingHandlerMappingTests" time="0.047"/>
  <testcase name="deleteMapping" classname="org.springframework.web.reactive.result.method.annotation.RequestMappingHandlerMappingTests" time="0.001"/>
  <testcase name="pathPrefix" classname="org.springframework.web.reactive.result.method.annotation.RequestMappingHandlerMappingTests" time="0.007"/>
  <testcase name="putMapping" classname="org.springframework.web.reactive.result.method.annotation.RequestMappingHandlerMappingTests" time="0.001"/>
  <testcase name="resolveEmbeddedValuesInPatterns" classname="org.springframework.web.reactive.result.method.annotation.RequestMappingHandlerMappingTests" time="0.01"/>
  <testcase name="postMapping" classname="org.springframework.web.reactive.result.method.annotation.RequestMappingHandlerMappingTests" time="0.001"/>
  <testcase name="getMapping" classname="org.springframework.web.reactive.result.method.annotation.RequestMappingHandlerMappingTests" time="0.001"/>
  <system-out><![CDATA[19:47:23.110 [Test worker] DEBUG o.s.w.c.s.StaticWebApplicationContext - Refreshing Root WebApplicationContext
19:47:23.155 [Test worker] DEBUG o.s.w.r.r.m.a.RequestMappingHandlerMapping - 7 mappings in <unknown>
]]></system-out>
  <system-err><![CDATA[]]></system-err>
</testsuite>
