<?xml version="1.0" encoding="UTF-8"?>
<testsuite name="org.springframework.web.reactive.socket.WebSocketIntegrationTests" tests="80" skipped="0" failures="0" errors="0" timestamp="2020-11-25T14:43:30" hostname="lichangbaodeMacBook-Pro.local" time="1.793">
  <properties/>
  <testcase name="sessionClosing[client[org.springframework.web.reactive.socket.client.TomcatWebSocketClient@979eb92] - server [org.springframework.http.server.reactive.bootstrap.TomcatHttpServer@23773b82]]" classname="org.springframework.web.reactive.socket.WebSocketIntegrationTests" time="0.14"/>
  <testcase name="echo[client[org.springframework.web.reactive.socket.client.TomcatWebSocketClient@979eb92] - server [org.springframework.http.server.reactive.bootstrap.TomcatHttpServer@23773b82]]" classname="org.springframework.web.reactive.socket.WebSocketIntegrationTests" time="0.049"/>
  <testcase name="customHeader[client[org.springframework.web.reactive.socket.client.TomcatWebSocketClient@979eb92] - server [org.springframework.http.server.reactive.bootstrap.TomcatHttpServer@23773b82]]" classname="org.springframework.web.reactive.socket.WebSocketIntegrationTests" time="0.031"/>
  <testcase name="subProtocol[client[org.springframework.web.reactive.socket.client.TomcatWebSocketClient@979eb92] - server [org.springframework.http.server.reactive.bootstrap.TomcatHttpServer@23773b82]]" classname="org.springframework.web.reactive.socket.WebSocketIntegrationTests" time="0.031"/>
  <testcase name="sessionClosing[client[org.springframework.web.reactive.socket.client.TomcatWebSocketClient@979eb92] - server [org.springframework.http.server.reactive.bootstrap.JettyHttpServer@4390704e]]" classname="org.springframework.web.reactive.socket.WebSocketIntegrationTests" time="0.09"/>
  <testcase name="echo[client[org.springframework.web.reactive.socket.client.TomcatWebSocketClient@979eb92] - server [org.springframework.http.server.reactive.bootstrap.JettyHttpServer@4390704e]]" classname="org.springframework.web.reactive.socket.WebSocketIntegrationTests" time="0.03"/>
  <testcase name="customHeader[client[org.springframework.web.reactive.socket.client.TomcatWebSocketClient@979eb92] - server [org.springframework.http.server.reactive.bootstrap.JettyHttpServer@4390704e]]" classname="org.springframework.web.reactive.socket.WebSocketIntegrationTests" time="0.013"/>
  <testcase name="subProtocol[client[org.springframework.web.reactive.socket.client.TomcatWebSocketClient@979eb92] - server [org.springframework.http.server.reactive.bootstrap.JettyHttpServer@4390704e]]" classname="org.springframework.web.reactive.socket.WebSocketIntegrationTests" time="0.013"/>
  <testcase name="sessionClosing[client[org.springframework.web.reactive.socket.client.TomcatWebSocketClient@979eb92] - server [org.springframework.http.server.reactive.bootstrap.ReactorHttpServer@368ec8d5]]" classname="org.springframework.web.reactive.socket.WebSocketIntegrationTests" time="0.054"/>
  <testcase name="echo[client[org.springframework.web.reactive.socket.client.TomcatWebSocketClient@979eb92] - server [org.springframework.http.server.reactive.bootstrap.ReactorHttpServer@368ec8d5]]" classname="org.springframework.web.reactive.socket.WebSocketIntegrationTests" time="0.027"/>
  <testcase name="customHeader[client[org.springframework.web.reactive.socket.client.TomcatWebSocketClient@979eb92] - server [org.springframework.http.server.reactive.bootstrap.ReactorHttpServer@368ec8d5]]" classname="org.springframework.web.reactive.socket.WebSocketIntegrationTests" time="0.014"/>
  <testcase name="subProtocol[client[org.springframework.web.reactive.socket.client.TomcatWebSocketClient@979eb92] - server [org.springframework.http.server.reactive.bootstrap.ReactorHttpServer@368ec8d5]]" classname="org.springframework.web.reactive.socket.WebSocketIntegrationTests" time="0.01"/>
  <testcase name="sessionClosing[client[org.springframework.web.reactive.socket.client.TomcatWebSocketClient@979eb92] - server [org.springframework.http.server.reactive.bootstrap.UndertowHttpServer@4e69accb]]" classname="org.springframework.web.reactive.socket.WebSocketIntegrationTests" time="0.08"/>
  <testcase name="echo[client[org.springframework.web.reactive.socket.client.TomcatWebSocketClient@979eb92] - server [org.springframework.http.server.reactive.bootstrap.UndertowHttpServer@4e69accb]]" classname="org.springframework.web.reactive.socket.WebSocketIntegrationTests" time="0.026"/>
  <testcase name="customHeader[client[org.springframework.web.reactive.socket.client.TomcatWebSocketClient@979eb92] - server [org.springframework.http.server.reactive.bootstrap.UndertowHttpServer@4e69accb]]" classname="org.springframework.web.reactive.socket.WebSocketIntegrationTests" time="0.019"/>
  <testcase name="subProtocol[client[org.springframework.web.reactive.socket.client.TomcatWebSocketClient@979eb92] - server [org.springframework.http.server.reactive.bootstrap.UndertowHttpServer@4e69accb]]" classname="org.springframework.web.reactive.socket.WebSocketIntegrationTests" time="0.013"/>
  <testcase name="sessionClosing[client[org.springframework.web.reactive.socket.client.TomcatWebSocketClient@979eb92] - server [org.springframework.http.server.reactive.bootstrap.TomcatHttpServer@23773b82]]" classname="org.springframework.web.reactive.socket.WebSocketIntegrationTests" time="0.025"/>
  <testcase name="echo[client[org.springframework.web.reactive.socket.client.TomcatWebSocketClient@979eb92] - server [org.springframework.http.server.reactive.bootstrap.TomcatHttpServer@23773b82]]" classname="org.springframework.web.reactive.socket.WebSocketIntegrationTests" time="0.031"/>
  <testcase name="customHeader[client[org.springframework.web.reactive.socket.client.TomcatWebSocketClient@979eb92] - server [org.springframework.http.server.reactive.bootstrap.TomcatHttpServer@23773b82]]" classname="org.springframework.web.reactive.socket.WebSocketIntegrationTests" time="0.025"/>
  <testcase name="subProtocol[client[org.springframework.web.reactive.socket.client.TomcatWebSocketClient@979eb92] - server [org.springframework.http.server.reactive.bootstrap.TomcatHttpServer@23773b82]]" classname="org.springframework.web.reactive.socket.WebSocketIntegrationTests" time="0.023"/>
  <testcase name="sessionClosing[client[org.springframework.web.reactive.socket.client.JettyWebSocketClient@4bd396a9] - server [org.springframework.http.server.reactive.bootstrap.JettyHttpServer@4390704e]]" classname="org.springframework.web.reactive.socket.WebSocketIntegrationTests" time="0.051"/>
  <testcase name="echo[client[org.springframework.web.reactive.socket.client.JettyWebSocketClient@4bd396a9] - server [org.springframework.http.server.reactive.bootstrap.JettyHttpServer@4390704e]]" classname="org.springframework.web.reactive.socket.WebSocketIntegrationTests" time="0.028"/>
  <testcase name="customHeader[client[org.springframework.web.reactive.socket.client.JettyWebSocketClient@4bd396a9] - server [org.springframework.http.server.reactive.bootstrap.JettyHttpServer@4390704e]]" classname="org.springframework.web.reactive.socket.WebSocketIntegrationTests" time="0.015"/>
  <testcase name="subProtocol[client[org.springframework.web.reactive.socket.client.JettyWebSocketClient@4bd396a9] - server [org.springframework.http.server.reactive.bootstrap.JettyHttpServer@4390704e]]" classname="org.springframework.web.reactive.socket.WebSocketIntegrationTests" time="0.016"/>
  <testcase name="sessionClosing[client[org.springframework.web.reactive.socket.client.JettyWebSocketClient@4bd396a9] - server [org.springframework.http.server.reactive.bootstrap.ReactorHttpServer@368ec8d5]]" classname="org.springframework.web.reactive.socket.WebSocketIntegrationTests" time="0.012"/>
  <testcase name="echo[client[org.springframework.web.reactive.socket.client.JettyWebSocketClient@4bd396a9] - server [org.springframework.http.server.reactive.bootstrap.ReactorHttpServer@368ec8d5]]" classname="org.springframework.web.reactive.socket.WebSocketIntegrationTests" time="0.036"/>
  <testcase name="customHeader[client[org.springframework.web.reactive.socket.client.JettyWebSocketClient@4bd396a9] - server [org.springframework.http.server.reactive.bootstrap.ReactorHttpServer@368ec8d5]]" classname="org.springframework.web.reactive.socket.WebSocketIntegrationTests" time="0.012"/>
  <testcase name="subProtocol[client[org.springframework.web.reactive.socket.client.JettyWebSocketClient@4bd396a9] - server [org.springframework.http.server.reactive.bootstrap.ReactorHttpServer@368ec8d5]]" classname="org.springframework.web.reactive.socket.WebSocketIntegrationTests" time="0.012"/>
  <testcase name="sessionClosing[client[org.springframework.web.reactive.socket.client.JettyWebSocketClient@4bd396a9] - server [org.springframework.http.server.reactive.bootstrap.UndertowHttpServer@4e69accb]]" classname="org.springframework.web.reactive.socket.WebSocketIntegrationTests" time="0.017"/>
  <testcase name="echo[client[org.springframework.web.reactive.socket.client.JettyWebSocketClient@4bd396a9] - server [org.springframework.http.server.reactive.bootstrap.UndertowHttpServer@4e69accb]]" classname="org.springframework.web.reactive.socket.WebSocketIntegrationTests" time="0.025"/>
  <testcase name="customHeader[client[org.springframework.web.reactive.socket.client.JettyWebSocketClient@4bd396a9] - server [org.springframework.http.server.reactive.bootstrap.UndertowHttpServer@4e69accb]]" classname="org.springframework.web.reactive.socket.WebSocketIntegrationTests" time="0.013"/>
  <testcase name="subProtocol[client[org.springframework.web.reactive.socket.client.JettyWebSocketClient@4bd396a9] - server [org.springframework.http.server.reactive.bootstrap.UndertowHttpServer@4e69accb]]" classname="org.springframework.web.reactive.socket.WebSocketIntegrationTests" time="0.012"/>
  <testcase name="sessionClosing[client[org.springframework.web.reactive.socket.client.JettyWebSocketClient@4bd396a9] - server [org.springframework.http.server.reactive.bootstrap.TomcatHttpServer@23773b82]]" classname="org.springframework.web.reactive.socket.WebSocketIntegrationTests" time="0.028"/>
  <testcase name="echo[client[org.springframework.web.reactive.socket.client.JettyWebSocketClient@4bd396a9] - server [org.springframework.http.server.reactive.bootstrap.TomcatHttpServer@23773b82]]" classname="org.springframework.web.reactive.socket.WebSocketIntegrationTests" time="0.038"/>
  <testcase name="customHeader[client[org.springframework.web.reactive.socket.client.JettyWebSocketClient@4bd396a9] - server [org.springframework.http.server.reactive.bootstrap.TomcatHttpServer@23773b82]]" classname="org.springframework.web.reactive.socket.WebSocketIntegrationTests" time="0.026"/>
  <testcase name="subProtocol[client[org.springframework.web.reactive.socket.client.JettyWebSocketClient@4bd396a9] - server [org.springframework.http.server.reactive.bootstrap.TomcatHttpServer@23773b82]]" classname="org.springframework.web.reactive.socket.WebSocketIntegrationTests" time="0.028"/>
  <testcase name="sessionClosing[client[org.springframework.web.reactive.socket.client.JettyWebSocketClient@4bd396a9] - server [org.springframework.http.server.reactive.bootstrap.JettyHttpServer@4390704e]]" classname="org.springframework.web.reactive.socket.WebSocketIntegrationTests" time="0.014"/>
  <testcase name="echo[client[org.springframework.web.reactive.socket.client.JettyWebSocketClient@4bd396a9] - server [org.springframework.http.server.reactive.bootstrap.JettyHttpServer@4390704e]]" classname="org.springframework.web.reactive.socket.WebSocketIntegrationTests" time="0.021"/>
  <testcase name="customHeader[client[org.springframework.web.reactive.socket.client.JettyWebSocketClient@4bd396a9] - server [org.springframework.http.server.reactive.bootstrap.JettyHttpServer@4390704e]]" classname="org.springframework.web.reactive.socket.WebSocketIntegrationTests" time="0.014"/>
  <testcase name="subProtocol[client[org.springframework.web.reactive.socket.client.JettyWebSocketClient@4bd396a9] - server [org.springframework.http.server.reactive.bootstrap.JettyHttpServer@4390704e]]" classname="org.springframework.web.reactive.socket.WebSocketIntegrationTests" time="0.015"/>
  <testcase name="sessionClosing[client[org.springframework.web.reactive.socket.client.ReactorNettyWebSocketClient@2e57084b] - server [org.springframework.http.server.reactive.bootstrap.ReactorHttpServer@368ec8d5]]" classname="org.springframework.web.reactive.socket.WebSocketIntegrationTests" time="0.038"/>
  <testcase name="echo[client[org.springframework.web.reactive.socket.client.ReactorNettyWebSocketClient@2e57084b] - server [org.springframework.http.server.reactive.bootstrap.ReactorHttpServer@368ec8d5]]" classname="org.springframework.web.reactive.socket.WebSocketIntegrationTests" time="0.029"/>
  <testcase name="customHeader[client[org.springframework.web.reactive.socket.client.ReactorNettyWebSocketClient@2e57084b] - server [org.springframework.http.server.reactive.bootstrap.ReactorHttpServer@368ec8d5]]" classname="org.springframework.web.reactive.socket.WebSocketIntegrationTests" time="0.007"/>
  <testcase name="subProtocol[client[org.springframework.web.reactive.socket.client.ReactorNettyWebSocketClient@2e57084b] - server [org.springframework.http.server.reactive.bootstrap.ReactorHttpServer@368ec8d5]]" classname="org.springframework.web.reactive.socket.WebSocketIntegrationTests" time="0.007"/>
  <testcase name="sessionClosing[client[org.springframework.web.reactive.socket.client.ReactorNettyWebSocketClient@2e57084b] - server [org.springframework.http.server.reactive.bootstrap.UndertowHttpServer@4e69accb]]" classname="org.springframework.web.reactive.socket.WebSocketIntegrationTests" time="0.009"/>
  <testcase name="echo[client[org.springframework.web.reactive.socket.client.ReactorNettyWebSocketClient@2e57084b] - server [org.springframework.http.server.reactive.bootstrap.UndertowHttpServer@4e69accb]]" classname="org.springframework.web.reactive.socket.WebSocketIntegrationTests" time="0.023"/>
  <testcase name="customHeader[client[org.springframework.web.reactive.socket.client.ReactorNettyWebSocketClient@2e57084b] - server [org.springframework.http.server.reactive.bootstrap.UndertowHttpServer@4e69accb]]" classname="org.springframework.web.reactive.socket.WebSocketIntegrationTests" time="0.01"/>
  <testcase name="subProtocol[client[org.springframework.web.reactive.socket.client.ReactorNettyWebSocketClient@2e57084b] - server [org.springframework.http.server.reactive.bootstrap.UndertowHttpServer@4e69accb]]" classname="org.springframework.web.reactive.socket.WebSocketIntegrationTests" time="0.009"/>
  <testcase name="sessionClosing[client[org.springframework.web.reactive.socket.client.ReactorNettyWebSocketClient@2e57084b] - server [org.springframework.http.server.reactive.bootstrap.TomcatHttpServer@23773b82]]" classname="org.springframework.web.reactive.socket.WebSocketIntegrationTests" time="0.023"/>
  <testcase name="echo[client[org.springframework.web.reactive.socket.client.ReactorNettyWebSocketClient@2e57084b] - server [org.springframework.http.server.reactive.bootstrap.TomcatHttpServer@23773b82]]" classname="org.springframework.web.reactive.socket.WebSocketIntegrationTests" time="0.044"/>
  <testcase name="customHeader[client[org.springframework.web.reactive.socket.client.ReactorNettyWebSocketClient@2e57084b] - server [org.springframework.http.server.reactive.bootstrap.TomcatHttpServer@23773b82]]" classname="org.springframework.web.reactive.socket.WebSocketIntegrationTests" time="0.028"/>
  <testcase name="subProtocol[client[org.springframework.web.reactive.socket.client.ReactorNettyWebSocketClient@2e57084b] - server [org.springframework.http.server.reactive.bootstrap.TomcatHttpServer@23773b82]]" classname="org.springframework.web.reactive.socket.WebSocketIntegrationTests" time="0.028"/>
  <testcase name="sessionClosing[client[org.springframework.web.reactive.socket.client.ReactorNettyWebSocketClient@2e57084b] - server [org.springframework.http.server.reactive.bootstrap.JettyHttpServer@4390704e]]" classname="org.springframework.web.reactive.socket.WebSocketIntegrationTests" time="0.013"/>
  <testcase name="echo[client[org.springframework.web.reactive.socket.client.ReactorNettyWebSocketClient@2e57084b] - server [org.springframework.http.server.reactive.bootstrap.JettyHttpServer@4390704e]]" classname="org.springframework.web.reactive.socket.WebSocketIntegrationTests" time="0.025"/>
  <testcase name="customHeader[client[org.springframework.web.reactive.socket.client.ReactorNettyWebSocketClient@2e57084b] - server [org.springframework.http.server.reactive.bootstrap.JettyHttpServer@4390704e]]" classname="org.springframework.web.reactive.socket.WebSocketIntegrationTests" time="0.012"/>
  <testcase name="subProtocol[client[org.springframework.web.reactive.socket.client.ReactorNettyWebSocketClient@2e57084b] - server [org.springframework.http.server.reactive.bootstrap.JettyHttpServer@4390704e]]" classname="org.springframework.web.reactive.socket.WebSocketIntegrationTests" time="0.011"/>
  <testcase name="sessionClosing[client[org.springframework.web.reactive.socket.client.ReactorNettyWebSocketClient@2e57084b] - server [org.springframework.http.server.reactive.bootstrap.ReactorHttpServer@368ec8d5]]" classname="org.springframework.web.reactive.socket.WebSocketIntegrationTests" time="0.007"/>
  <testcase name="echo[client[org.springframework.web.reactive.socket.client.ReactorNettyWebSocketClient@2e57084b] - server [org.springframework.http.server.reactive.bootstrap.ReactorHttpServer@368ec8d5]]" classname="org.springframework.web.reactive.socket.WebSocketIntegrationTests" time="0.024"/>
  <testcase name="customHeader[client[org.springframework.web.reactive.socket.client.ReactorNettyWebSocketClient@2e57084b] - server [org.springframework.http.server.reactive.bootstrap.ReactorHttpServer@368ec8d5]]" classname="org.springframework.web.reactive.socket.WebSocketIntegrationTests" time="0.007"/>
  <testcase name="subProtocol[client[org.springframework.web.reactive.socket.client.ReactorNettyWebSocketClient@2e57084b] - server [org.springframework.http.server.reactive.bootstrap.ReactorHttpServer@368ec8d5]]" classname="org.springframework.web.reactive.socket.WebSocketIntegrationTests" time="0.008"/>
  <testcase name="sessionClosing[client[org.springframework.web.reactive.socket.client.UndertowWebSocketClient@6504928b] - server [org.springframework.http.server.reactive.bootstrap.UndertowHttpServer@4e69accb]]" classname="org.springframework.web.reactive.socket.WebSocketIntegrationTests" time="0.029"/>
  <testcase name="echo[client[org.springframework.web.reactive.socket.client.UndertowWebSocketClient@6504928b] - server [org.springframework.http.server.reactive.bootstrap.UndertowHttpServer@4e69accb]]" classname="org.springframework.web.reactive.socket.WebSocketIntegrationTests" time="0.016"/>
  <testcase name="customHeader[client[org.springframework.web.reactive.socket.client.UndertowWebSocketClient@6504928b] - server [org.springframework.http.server.reactive.bootstrap.UndertowHttpServer@4e69accb]]" classname="org.springframework.web.reactive.socket.WebSocketIntegrationTests" time="0.008"/>
  <testcase name="subProtocol[client[org.springframework.web.reactive.socket.client.UndertowWebSocketClient@6504928b] - server [org.springframework.http.server.reactive.bootstrap.UndertowHttpServer@4e69accb]]" classname="org.springframework.web.reactive.socket.WebSocketIntegrationTests" time="0.008"/>
  <testcase name="sessionClosing[client[org.springframework.web.reactive.socket.client.UndertowWebSocketClient@6504928b] - server [org.springframework.http.server.reactive.bootstrap.TomcatHttpServer@23773b82]]" classname="org.springframework.web.reactive.socket.WebSocketIntegrationTests" time="0.019"/>
  <testcase name="echo[client[org.springframework.web.reactive.socket.client.UndertowWebSocketClient@6504928b] - server [org.springframework.http.server.reactive.bootstrap.TomcatHttpServer@23773b82]]" classname="org.springframework.web.reactive.socket.WebSocketIntegrationTests" time="0.024"/>
  <testcase name="customHeader[client[org.springframework.web.reactive.socket.client.UndertowWebSocketClient@6504928b] - server [org.springframework.http.server.reactive.bootstrap.TomcatHttpServer@23773b82]]" classname="org.springframework.web.reactive.socket.WebSocketIntegrationTests" time="0.021"/>
  <testcase name="subProtocol[client[org.springframework.web.reactive.socket.client.UndertowWebSocketClient@6504928b] - server [org.springframework.http.server.reactive.bootstrap.TomcatHttpServer@23773b82]]" classname="org.springframework.web.reactive.socket.WebSocketIntegrationTests" time="0.022"/>
  <testcase name="sessionClosing[client[org.springframework.web.reactive.socket.client.UndertowWebSocketClient@6504928b] - server [org.springframework.http.server.reactive.bootstrap.JettyHttpServer@4390704e]]" classname="org.springframework.web.reactive.socket.WebSocketIntegrationTests" time="0.009"/>
  <testcase name="echo[client[org.springframework.web.reactive.socket.client.UndertowWebSocketClient@6504928b] - server [org.springframework.http.server.reactive.bootstrap.JettyHttpServer@4390704e]]" classname="org.springframework.web.reactive.socket.WebSocketIntegrationTests" time="0.012"/>
  <testcase name="customHeader[client[org.springframework.web.reactive.socket.client.UndertowWebSocketClient@6504928b] - server [org.springframework.http.server.reactive.bootstrap.JettyHttpServer@4390704e]]" classname="org.springframework.web.reactive.socket.WebSocketIntegrationTests" time="0.01"/>
  <testcase name="subProtocol[client[org.springframework.web.reactive.socket.client.UndertowWebSocketClient@6504928b] - server [org.springframework.http.server.reactive.bootstrap.JettyHttpServer@4390704e]]" classname="org.springframework.web.reactive.socket.WebSocketIntegrationTests" time="0.01"/>
  <testcase name="sessionClosing[client[org.springframework.web.reactive.socket.client.UndertowWebSocketClient@6504928b] - server [org.springframework.http.server.reactive.bootstrap.ReactorHttpServer@368ec8d5]]" classname="org.springframework.web.reactive.socket.WebSocketIntegrationTests" time="0.006"/>
  <testcase name="echo[client[org.springframework.web.reactive.socket.client.UndertowWebSocketClient@6504928b] - server [org.springframework.http.server.reactive.bootstrap.ReactorHttpServer@368ec8d5]]" classname="org.springframework.web.reactive.socket.WebSocketIntegrationTests" time="0.015"/>
  <testcase name="customHeader[client[org.springframework.web.reactive.socket.client.UndertowWebSocketClient@6504928b] - server [org.springframework.http.server.reactive.bootstrap.ReactorHttpServer@368ec8d5]]" classname="org.springframework.web.reactive.socket.WebSocketIntegrationTests" time="0.006"/>
  <testcase name="subProtocol[client[org.springframework.web.reactive.socket.client.UndertowWebSocketClient@6504928b] - server [org.springframework.http.server.reactive.bootstrap.ReactorHttpServer@368ec8d5]]" classname="org.springframework.web.reactive.socket.WebSocketIntegrationTests" time="0.007"/>
  <testcase name="sessionClosing[client[org.springframework.web.reactive.socket.client.UndertowWebSocketClient@6504928b] - server [org.springframework.http.server.reactive.bootstrap.UndertowHttpServer@4e69accb]]" classname="org.springframework.web.reactive.socket.WebSocketIntegrationTests" time="0.007"/>
  <testcase name="echo[client[org.springframework.web.reactive.socket.client.UndertowWebSocketClient@6504928b] - server [org.springframework.http.server.reactive.bootstrap.UndertowHttpServer@4e69accb]]" classname="org.springframework.web.reactive.socket.WebSocketIntegrationTests" time="0.009"/>
  <testcase name="customHeader[client[org.springframework.web.reactive.socket.client.UndertowWebSocketClient@6504928b] - server [org.springframework.http.server.reactive.bootstrap.UndertowHttpServer@4e69accb]]" classname="org.springframework.web.reactive.socket.WebSocketIntegrationTests" time="0.007"/>
  <testcase name="subProtocol[client[org.springframework.web.reactive.socket.client.UndertowWebSocketClient@6504928b] - server [org.springframework.http.server.reactive.bootstrap.UndertowHttpServer@4e69accb]]" classname="org.springframework.web.reactive.socket.WebSocketIntegrationTests" time="0.007"/>
  <system-out><![CDATA[22:43:30.292 [Test worker] DEBUG o.s.w.r.h.SimpleUrlHandlerMapping - Patterns [/close, /echo, /sub-protocol, /custom-header] in 'handlerMapping'
22:43:30.304 [Test worker] DEBUG o.s.w.s.a.HttpWebHandlerAdapter - enableLoggingRequestDetails='false': form data and headers will be masked to prevent unsafe logging of potentially sensitive data
22:43:30.304 [Test worker] DEBUG o.s.h.s.r.b.TomcatHttpServer - Starting TomcatHttpServer...
22:43:30.328 [Test worker] DEBUG o.s.h.s.r.b.TomcatHttpServer - Server started on port 55232(0 millis).
22:43:30.328 [elastic-2] DEBUG o.s.w.r.s.c.StandardWebSocketClient - Connecting to ws://localhost:55232/close
22:43:30.352 [http-nio-auto-144-exec-1] DEBUG o.s.w.s.a.HttpWebHandlerAdapter - [68e1f191] HTTP GET "/close"
22:43:30.352 [http-nio-auto-144-exec-1] DEBUG o.s.w.r.h.SimpleUrlHandlerMapping - [68e1f191] Mapped to org.springframework.web.reactive.socket.WebSocketIntegrationTests$SessionClosingHandler@170c377d
22:43:30.369 [http-nio-auto-144-exec-1] DEBUG o.s.w.s.a.HttpWebHandlerAdapter - [68e1f191] Completed 101 SWITCHING_PROTOCOLS
22:43:30.393 [http-nio-auto-144-exec-1] DEBUG o.s.w.r.s.a.TomcatWebSocketSession - [68e1f191] Session id "1" for http://localhost:55232/close
22:43:30.393 [elastic-2] DEBUG o.s.w.r.s.a.TomcatWebSocketSession - [0] Session id "0" for ws://localhost:55232/close
22:43:30.397 [elastic-2] DEBUG o.s.w.r.s.WebSocketIntegrationTests - Starting..
22:43:30.407 [Test worker] DEBUG o.s.h.s.r.b.TomcatHttpServer - Stopping TomcatHttpServer...
22:43:30.408 [WebSocketClient-AsyncIO-1] DEBUG o.s.w.r.s.WebSocketIntegrationTests - Completed with: onComplete
22:43:30.419 [Test worker] DEBUG o.s.h.s.r.b.TomcatHttpServer - Server stopped (0 millis).
22:43:30.423 [Test worker] DEBUG o.s.w.r.h.SimpleUrlHandlerMapping - Patterns [/close, /echo, /sub-protocol, /custom-header] in 'handlerMapping'
22:43:30.424 [Test worker] DEBUG o.s.w.s.a.HttpWebHandlerAdapter - enableLoggingRequestDetails='false': form data and headers will be masked to prevent unsafe logging of potentially sensitive data
22:43:30.424 [Test worker] DEBUG o.s.h.s.r.b.TomcatHttpServer - Starting TomcatHttpServer...
22:43:30.428 [Test worker] DEBUG o.s.h.s.r.b.TomcatHttpServer - Server started on port 55235(0 millis).
22:43:30.436 [elastic-2] DEBUG o.s.w.r.s.c.StandardWebSocketClient - Connecting to ws://localhost:55235/echo
22:43:30.438 [http-nio-auto-145-exec-1] DEBUG o.s.w.s.a.HttpWebHandlerAdapter - [513ed63d] HTTP GET "/echo"
22:43:30.438 [http-nio-auto-145-exec-1] DEBUG o.s.w.r.h.SimpleUrlHandlerMapping - [513ed63d] Mapped to org.springframework.web.reactive.socket.WebSocketIntegrationTests$EchoWebSocketHandler@550158c2
22:43:30.439 [http-nio-auto-145-exec-1] DEBUG o.s.w.s.a.HttpWebHandlerAdapter - [513ed63d] Completed 101 SWITCHING_PROTOCOLS
22:43:30.441 [http-nio-auto-145-exec-1] DEBUG o.s.w.r.s.a.TomcatWebSocketSession - [513ed63d] Session id "2" for http://localhost:55235/echo
22:43:30.441 [elastic-2] DEBUG o.s.w.r.s.a.TomcatWebSocketSession - [3] Session id "3" for ws://localhost:55235/echo
22:43:30.457 [Test worker] DEBUG o.s.h.s.r.b.TomcatHttpServer - Stopping TomcatHttpServer...
22:43:30.468 [Test worker] DEBUG o.s.h.s.r.b.TomcatHttpServer - Server stopped (0 millis).
22:43:30.472 [Test worker] DEBUG o.s.w.r.h.SimpleUrlHandlerMapping - Patterns [/close, /echo, /sub-protocol, /custom-header] in 'handlerMapping'
22:43:30.473 [Test worker] DEBUG o.s.w.s.a.HttpWebHandlerAdapter - enableLoggingRequestDetails='false': form data and headers will be masked to prevent unsafe logging of potentially sensitive data
22:43:30.473 [Test worker] DEBUG o.s.h.s.r.b.TomcatHttpServer - Starting TomcatHttpServer...
22:43:30.477 [Test worker] DEBUG o.s.h.s.r.b.TomcatHttpServer - Server started on port 55238(0 millis).
22:43:30.478 [elastic-2] DEBUG o.s.w.r.s.c.StandardWebSocketClient - Connecting to ws://localhost:55238/custom-header
22:43:30.480 [http-nio-auto-146-exec-1] DEBUG o.s.w.s.a.HttpWebHandlerAdapter - [54dea851] HTTP GET "/custom-header"
22:43:30.480 [http-nio-auto-146-exec-1] DEBUG o.s.w.r.h.SimpleUrlHandlerMapping - [54dea851] Mapped to org.springframework.web.reactive.socket.WebSocketIntegrationTests$CustomHeaderHandler@50e13612
22:43:30.481 [http-nio-auto-146-exec-1] DEBUG o.s.w.s.a.HttpWebHandlerAdapter - [54dea851] Completed 101 SWITCHING_PROTOCOLS
22:43:30.483 [http-nio-auto-146-exec-1] DEBUG o.s.w.r.s.a.TomcatWebSocketSession - [54dea851] Session id "4" for http://localhost:55238/custom-header
22:43:30.483 [elastic-2] DEBUG o.s.w.r.s.a.TomcatWebSocketSession - [5] Session id "5" for ws://localhost:55238/custom-header
22:43:30.485 [Test worker] DEBUG o.s.h.s.r.b.TomcatHttpServer - Stopping TomcatHttpServer...
22:43:30.499 [Test worker] DEBUG o.s.h.s.r.b.TomcatHttpServer - Server stopped (0 millis).
22:43:30.503 [Test worker] DEBUG o.s.w.r.h.SimpleUrlHandlerMapping - Patterns [/close, /echo, /sub-protocol, /custom-header] in 'handlerMapping'
22:43:30.504 [Test worker] DEBUG o.s.w.s.a.HttpWebHandlerAdapter - enableLoggingRequestDetails='false': form data and headers will be masked to prevent unsafe logging of potentially sensitive data
22:43:30.504 [Test worker] DEBUG o.s.h.s.r.b.TomcatHttpServer - Starting TomcatHttpServer...
22:43:30.508 [Test worker] DEBUG o.s.h.s.r.b.TomcatHttpServer - Server started on port 55241(0 millis).
22:43:30.509 [elastic-2] DEBUG o.s.w.r.s.c.StandardWebSocketClient - Connecting to ws://localhost:55241/sub-protocol
22:43:30.511 [http-nio-auto-147-exec-1] DEBUG o.s.w.s.a.HttpWebHandlerAdapter - [79a5eec4] HTTP GET "/sub-protocol"
22:43:30.511 [http-nio-auto-147-exec-1] DEBUG o.s.w.r.h.SimpleUrlHandlerMapping - [79a5eec4] Mapped to org.springframework.web.reactive.socket.WebSocketIntegrationTests$SubProtocolWebSocketHandler@7d9a6528
22:43:30.512 [http-nio-auto-147-exec-1] DEBUG o.s.w.s.a.HttpWebHandlerAdapter - [79a5eec4] Completed 101 SWITCHING_PROTOCOLS
22:43:30.515 [http-nio-auto-147-exec-1] DEBUG o.s.w.r.s.a.TomcatWebSocketSession - [79a5eec4] Session id "6" for http://localhost:55241/sub-protocol
22:43:30.515 [elastic-2] DEBUG o.s.w.r.s.a.TomcatWebSocketSession - [7] Session id "7" for ws://localhost:55241/sub-protocol
22:43:30.517 [Test worker] DEBUG o.s.h.s.r.b.TomcatHttpServer - Stopping TomcatHttpServer...
22:43:30.530 [Test worker] DEBUG o.s.h.s.r.b.TomcatHttpServer - Server stopped (0 millis).
22:43:30.535 [Test worker] DEBUG o.s.w.r.h.SimpleUrlHandlerMapping - Patterns [/close, /echo, /sub-protocol, /custom-header] in 'handlerMapping'
22:43:30.537 [Test worker] DEBUG o.s.w.s.a.HttpWebHandlerAdapter - enableLoggingRequestDetails='false': form data and headers will be masked to prevent unsafe logging of potentially sensitive data
22:43:30.537 [Test worker] WARN  o.e.j.s.h.ContextHandler - Empty contextPath
22:43:30.537 [Test worker] INFO  o.e.j.s.h.ContextHandler - Started o.e.j.s.ServletContextHandler@790c8d52{/,null,AVAILABLE}
22:43:30.537 [Test worker] DEBUG o.s.h.s.r.b.JettyHttpServer - Starting JettyHttpServer...
22:43:30.537 [Test worker] INFO  o.e.j.s.Server - jetty-9.4.18.v20190429; built: 2019-04-29T20:42:08.989Z; git: e1bc35120a6617ee3df052294e433f3a25ce7097; jvm 1.8.0_211-b12
22:43:30.539 [Test worker] INFO  o.e.j.s.AbstractConnector - Started ServerConnector@386bcdbd{HTTP/1.1,[http/1.1]}{0.0.0.0:55247}
22:43:30.539 [Test worker] INFO  o.e.j.s.Server - Started @82966ms
22:43:30.539 [Test worker] DEBUG o.s.h.s.r.b.JettyHttpServer - Server started on port 55247(0 millis).
22:43:30.539 [elastic-2] DEBUG o.s.w.r.s.c.StandardWebSocketClient - Connecting to ws://localhost:55247/close
22:43:30.542 [qtp391378077-7518] DEBUG o.s.w.s.a.HttpWebHandlerAdapter - [6eaecee8] HTTP GET "/close"
22:43:30.542 [qtp391378077-7518] DEBUG o.s.w.r.h.SimpleUrlHandlerMapping - [6eaecee8] Mapped to org.springframework.web.reactive.socket.WebSocketIntegrationTests$SessionClosingHandler@2bac4d59
22:43:30.606 [qtp391378077-7518] DEBUG o.s.w.s.a.HttpWebHandlerAdapter - [6eaecee8] Completed 101 SWITCHING_PROTOCOLS
22:43:30.611 [elastic-2] DEBUG o.s.w.r.s.a.TomcatWebSocketSession - [8] Session id "8" for ws://localhost:55247/close
22:43:30.611 [elastic-2] DEBUG o.s.w.r.s.WebSocketIntegrationTests - Starting..
22:43:30.615 [qtp391378077-7518] DEBUG o.s.w.r.s.a.JettyWebSocketSession - [6eaecee8] Session id "12599f6d" for http://localhost:55247/close
22:43:30.619 [WebSocketClient-AsyncIO-1] DEBUG o.s.w.r.s.WebSocketIntegrationTests - Completed with: onComplete
22:43:30.619 [Test worker] DEBUG o.s.h.s.r.b.JettyHttpServer - Stopping JettyHttpServer...
22:43:30.619 [Test worker] INFO  o.e.j.s.h.ContextHandler - Stopped o.e.j.s.ServletContextHandler@790c8d52{/,null,UNAVAILABLE}
22:43:30.620 [Test worker] INFO  o.e.j.s.AbstractConnector - Stopped ServerConnector@386bcdbd{HTTP/1.1,[http/1.1]}{0.0.0.0:0}
22:43:30.620 [Test worker] DEBUG o.s.h.s.r.b.JettyHttpServer - Server stopped (0 millis).
22:43:30.624 [Test worker] DEBUG o.s.w.r.h.SimpleUrlHandlerMapping - Patterns [/close, /echo, /sub-protocol, /custom-header] in 'handlerMapping'
22:43:30.624 [Test worker] DEBUG o.s.w.s.a.HttpWebHandlerAdapter - enableLoggingRequestDetails='false': form data and headers will be masked to prevent unsafe logging of potentially sensitive data
22:43:30.624 [Test worker] WARN  o.e.j.s.h.ContextHandler - Empty contextPath
22:43:30.624 [Test worker] INFO  o.e.j.s.h.ContextHandler - Started o.e.j.s.ServletContextHandler@7eba2fe{/,null,AVAILABLE}
22:43:30.624 [Test worker] DEBUG o.s.h.s.r.b.JettyHttpServer - Starting JettyHttpServer...
22:43:30.624 [Test worker] INFO  o.e.j.s.Server - jetty-9.4.18.v20190429; built: 2019-04-29T20:42:08.989Z; git: e1bc35120a6617ee3df052294e433f3a25ce7097; jvm 1.8.0_211-b12
22:43:30.626 [Test worker] INFO  o.e.j.s.AbstractConnector - Started ServerConnector@1f8ed7aa{HTTP/1.1,[http/1.1]}{0.0.0.0:55249}
22:43:30.626 [Test worker] INFO  o.e.j.s.Server - Started @83052ms
22:43:30.626 [Test worker] DEBUG o.s.h.s.r.b.JettyHttpServer - Server started on port 55249(0 millis).
22:43:30.626 [elastic-2] DEBUG o.s.w.r.s.c.StandardWebSocketClient - Connecting to ws://localhost:55249/echo
22:43:30.628 [qtp2003506843-7533] DEBUG o.s.w.s.a.HttpWebHandlerAdapter - [6864389a] HTTP GET "/echo"
22:43:30.628 [qtp2003506843-7533] DEBUG o.s.w.r.h.SimpleUrlHandlerMapping - [6864389a] Mapped to org.springframework.web.reactive.socket.WebSocketIntegrationTests$EchoWebSocketHandler@66a3dbe6
22:43:30.630 [qtp2003506843-7533] DEBUG o.s.w.s.a.HttpWebHandlerAdapter - [6864389a] Completed 101 SWITCHING_PROTOCOLS
22:43:30.631 [qtp2003506843-7533] DEBUG o.s.w.r.s.a.JettyWebSocketSession - [6864389a] Session id "16f3178f" for http://localhost:55249/echo
22:43:30.632 [elastic-2] DEBUG o.s.w.r.s.a.TomcatWebSocketSession - [9] Session id "9" for ws://localhost:55249/echo
22:43:30.646 [Test worker] DEBUG o.s.h.s.r.b.JettyHttpServer - Stopping JettyHttpServer...
22:43:30.647 [Test worker] INFO  o.e.j.s.h.ContextHandler - Stopped o.e.j.s.ServletContextHandler@7eba2fe{/,null,UNAVAILABLE}
22:43:30.650 [Test worker] INFO  o.e.j.s.AbstractConnector - Stopped ServerConnector@1f8ed7aa{HTTP/1.1,[http/1.1]}{0.0.0.0:0}
22:43:30.650 [Test worker] DEBUG o.s.h.s.r.b.JettyHttpServer - Server stopped (0 millis).
22:43:30.653 [Test worker] DEBUG o.s.w.r.h.SimpleUrlHandlerMapping - Patterns [/close, /echo, /sub-protocol, /custom-header] in 'handlerMapping'
22:43:30.654 [Test worker] DEBUG o.s.w.s.a.HttpWebHandlerAdapter - enableLoggingRequestDetails='false': form data and headers will be masked to prevent unsafe logging of potentially sensitive data
22:43:30.654 [Test worker] WARN  o.e.j.s.h.ContextHandler - Empty contextPath
22:43:30.654 [Test worker] INFO  o.e.j.s.h.ContextHandler - Started o.e.j.s.ServletContextHandler@46193ed6{/,null,AVAILABLE}
22:43:30.654 [Test worker] DEBUG o.s.h.s.r.b.JettyHttpServer - Starting JettyHttpServer...
22:43:30.654 [Test worker] INFO  o.e.j.s.Server - jetty-9.4.18.v20190429; built: 2019-04-29T20:42:08.989Z; git: e1bc35120a6617ee3df052294e433f3a25ce7097; jvm 1.8.0_211-b12
22:43:30.655 [Test worker] INFO  o.e.j.s.AbstractConnector - Started ServerConnector@1ab9ab2c{HTTP/1.1,[http/1.1]}{0.0.0.0:55253}
22:43:30.655 [Test worker] INFO  o.e.j.s.Server - Started @83082ms
22:43:30.655 [Test worker] DEBUG o.s.h.s.r.b.JettyHttpServer - Server started on port 55253(0 millis).
22:43:30.656 [elastic-2] DEBUG o.s.w.r.s.c.StandardWebSocketClient - Connecting to ws://localhost:55253/custom-header
22:43:30.657 [qtp821218882-7548] DEBUG o.s.w.s.a.HttpWebHandlerAdapter - [50aa863f] HTTP GET "/custom-header"
22:43:30.658 [qtp821218882-7548] DEBUG o.s.w.r.h.SimpleUrlHandlerMapping - [50aa863f] Mapped to org.springframework.web.reactive.socket.WebSocketIntegrationTests$CustomHeaderHandler@5e6d725a
22:43:30.660 [qtp821218882-7548] DEBUG o.s.w.s.a.HttpWebHandlerAdapter - [50aa863f] Completed 101 SWITCHING_PROTOCOLS
22:43:30.661 [qtp821218882-7548] DEBUG o.s.w.r.s.a.JettyWebSocketSession - [50aa863f] Session id "2e85c04b" for http://localhost:55253/custom-header
22:43:30.661 [elastic-2] DEBUG o.s.w.r.s.a.TomcatWebSocketSession - [a] Session id "a" for ws://localhost:55253/custom-header
22:43:30.661 [Test worker] DEBUG o.s.h.s.r.b.JettyHttpServer - Stopping JettyHttpServer...
22:43:30.662 [Test worker] INFO  o.e.j.s.h.ContextHandler - Stopped o.e.j.s.ServletContextHandler@46193ed6{/,null,UNAVAILABLE}
22:43:30.663 [Test worker] INFO  o.e.j.s.AbstractConnector - Stopped ServerConnector@1ab9ab2c{HTTP/1.1,[http/1.1]}{0.0.0.0:0}
22:43:30.663 [Test worker] DEBUG o.s.h.s.r.b.JettyHttpServer - Server stopped (0 millis).
22:43:30.667 [Test worker] DEBUG o.s.w.r.h.SimpleUrlHandlerMapping - Patterns [/close, /echo, /sub-protocol, /custom-header] in 'handlerMapping'
22:43:30.667 [Test worker] DEBUG o.s.w.s.a.HttpWebHandlerAdapter - enableLoggingRequestDetails='false': form data and headers will be masked to prevent unsafe logging of potentially sensitive data
22:43:30.667 [Test worker] WARN  o.e.j.s.h.ContextHandler - Empty contextPath
22:43:30.668 [Test worker] INFO  o.e.j.s.h.ContextHandler - Started o.e.j.s.ServletContextHandler@6fc0a1be{/,null,AVAILABLE}
22:43:30.668 [Test worker] DEBUG o.s.h.s.r.b.JettyHttpServer - Starting JettyHttpServer...
22:43:30.668 [Test worker] INFO  o.e.j.s.Server - jetty-9.4.18.v20190429; built: 2019-04-29T20:42:08.989Z; git: e1bc35120a6617ee3df052294e433f3a25ce7097; jvm 1.8.0_211-b12
22:43:30.669 [Test worker] INFO  o.e.j.s.AbstractConnector - Started ServerConnector@2d75a985{HTTP/1.1,[http/1.1]}{0.0.0.0:55255}
22:43:30.669 [Test worker] INFO  o.e.j.s.Server - Started @83096ms
22:43:30.669 [Test worker] DEBUG o.s.h.s.r.b.JettyHttpServer - Server started on port 55255(0 millis).
22:43:30.669 [elastic-2] DEBUG o.s.w.r.s.c.StandardWebSocketClient - Connecting to ws://localhost:55255/sub-protocol
22:43:30.671 [qtp1805552161-7564] DEBUG o.s.w.s.a.HttpWebHandlerAdapter - [7f33c02e] HTTP GET "/sub-protocol"
22:43:30.671 [qtp1805552161-7564] DEBUG o.s.w.r.h.SimpleUrlHandlerMapping - [7f33c02e] Mapped to org.springframework.web.reactive.socket.WebSocketIntegrationTests$SubProtocolWebSocketHandler@71f421b8
22:43:30.673 [qtp1805552161-7564] DEBUG o.s.w.s.a.HttpWebHandlerAdapter - [7f33c02e] Completed 101 SWITCHING_PROTOCOLS
22:43:30.674 [qtp1805552161-7564] DEBUG o.s.w.r.s.a.JettyWebSocketSession - [7f33c02e] Session id "1b3bd6e" for http://localhost:55255/sub-protocol
22:43:30.675 [elastic-2] DEBUG o.s.w.r.s.a.TomcatWebSocketSession - [b] Session id "b" for ws://localhost:55255/sub-protocol
22:43:30.675 [Test worker] DEBUG o.s.h.s.r.b.JettyHttpServer - Stopping JettyHttpServer...
22:43:30.676 [Test worker] INFO  o.e.j.s.h.ContextHandler - Stopped o.e.j.s.ServletContextHandler@6fc0a1be{/,null,UNAVAILABLE}
22:43:30.677 [Test worker] INFO  o.e.j.s.AbstractConnector - Stopped ServerConnector@2d75a985{HTTP/1.1,[http/1.1]}{0.0.0.0:0}
22:43:30.677 [Test worker] DEBUG o.s.h.s.r.b.JettyHttpServer - Server stopped (0 millis).
22:43:30.682 [Test worker] DEBUG o.s.w.r.h.SimpleUrlHandlerMapping - Patterns [/close, /echo, /sub-protocol, /custom-header] in 'handlerMapping'
22:43:30.684 [Test worker] DEBUG o.s.w.s.a.HttpWebHandlerAdapter - enableLoggingRequestDetails='false': form data and headers will be masked to prevent unsafe logging of potentially sensitive data
22:43:30.684 [Test worker] DEBUG o.s.h.s.r.b.ReactorHttpServer - Starting ReactorHttpServer...
22:43:30.684 [Test worker] DEBUG o.s.h.s.r.b.ReactorHttpServer - Server started on port 55257(0 millis).
22:43:30.684 [elastic-2] DEBUG o.s.w.r.s.c.StandardWebSocketClient - Connecting to ws://localhost:55257/close
22:43:30.687 [reactor-http-nio-7] DEBUG o.s.w.s.a.HttpWebHandlerAdapter - [0804bfbb] HTTP GET "/close"
22:43:30.687 [reactor-http-nio-7] DEBUG o.s.w.r.h.SimpleUrlHandlerMapping - [0804bfbb] Mapped to org.springframework.web.reactive.socket.WebSocketIntegrationTests$SessionClosingHandler@5167c392
22:43:30.720 [elastic-2] DEBUG o.s.w.r.s.a.TomcatWebSocketSession - [c] Session id "c" for ws://localhost:55257/close
22:43:30.720 [elastic-2] DEBUG o.s.w.r.s.WebSocketIntegrationTests - Starting..
22:43:30.726 [reactor-http-nio-7] DEBUG o.s.w.r.s.a.ReactorNettyWebSocketSession - [0804bfbb] Session id "7d49f3b6" for http://localhost:55257/close
22:43:30.730 [reactor-http-nio-7] DEBUG o.s.w.s.a.HttpWebHandlerAdapter - [0804bfbb] Completed 200 OK
22:43:30.731 [WebSocketClient-AsyncIO-1] DEBUG o.s.w.r.s.WebSocketIntegrationTests - Completed with: onComplete
22:43:30.731 [Test worker] DEBUG o.s.h.s.r.b.ReactorHttpServer - Stopping ReactorHttpServer...
22:43:30.731 [Test worker] DEBUG o.s.h.s.r.b.ReactorHttpServer - Server stopped (0 millis).
22:43:30.735 [Test worker] DEBUG o.s.w.r.h.SimpleUrlHandlerMapping - Patterns [/close, /echo, /sub-protocol, /custom-header] in 'handlerMapping'
22:43:30.735 [Test worker] DEBUG o.s.w.s.a.HttpWebHandlerAdapter - enableLoggingRequestDetails='false': form data and headers will be masked to prevent unsafe logging of potentially sensitive data
22:43:30.735 [Test worker] DEBUG o.s.h.s.r.b.ReactorHttpServer - Starting ReactorHttpServer...
22:43:30.735 [Test worker] DEBUG o.s.h.s.r.b.ReactorHttpServer - Server started on port 55259(0 millis).
22:43:30.736 [elastic-2] DEBUG o.s.w.r.s.c.StandardWebSocketClient - Connecting to ws://localhost:55259/echo
22:43:30.737 [reactor-http-nio-9] DEBUG o.s.w.s.a.HttpWebHandlerAdapter - [b0e7346e] HTTP GET "/echo"
22:43:30.737 [reactor-http-nio-9] DEBUG o.s.w.r.h.SimpleUrlHandlerMapping - [b0e7346e] Mapped to org.springframework.web.reactive.socket.WebSocketIntegrationTests$EchoWebSocketHandler@6d9b3eb2
22:43:30.738 [reactor-http-nio-9] DEBUG o.s.w.r.s.a.ReactorNettyWebSocketSession - [b0e7346e] Session id "3f8f614a" for http://localhost:55259/echo
22:43:30.739 [elastic-2] DEBUG o.s.w.r.s.a.TomcatWebSocketSession - [d] Session id "d" for ws://localhost:55259/echo
22:43:30.743 [reactor-http-nio-9] DEBUG o.s.w.s.a.HttpWebHandlerAdapter - [b0e7346e] Completed 200 OK
22:43:30.758 [Test worker] DEBUG o.s.h.s.r.b.ReactorHttpServer - Stopping ReactorHttpServer...
22:43:30.758 [Test worker] DEBUG o.s.h.s.r.b.ReactorHttpServer - Server stopped (0 millis).
22:43:30.762 [Test worker] DEBUG o.s.w.r.h.SimpleUrlHandlerMapping - Patterns [/close, /echo, /sub-protocol, /custom-header] in 'handlerMapping'
22:43:30.762 [Test worker] DEBUG o.s.w.s.a.HttpWebHandlerAdapter - enableLoggingRequestDetails='false': form data and headers will be masked to prevent unsafe logging of potentially sensitive data
22:43:30.762 [Test worker] DEBUG o.s.h.s.r.b.ReactorHttpServer - Starting ReactorHttpServer...
22:43:30.763 [Test worker] DEBUG o.s.h.s.r.b.ReactorHttpServer - Server started on port 55261(0 millis).
22:43:30.763 [elastic-2] DEBUG o.s.w.r.s.c.StandardWebSocketClient - Connecting to ws://localhost:55261/custom-header
22:43:30.769 [reactor-http-nio-11] DEBUG o.s.w.s.a.HttpWebHandlerAdapter - [ff51f6a7] HTTP GET "/custom-header"
22:43:30.769 [reactor-http-nio-11] DEBUG o.s.w.r.h.SimpleUrlHandlerMapping - [ff51f6a7] Mapped to org.springframework.web.reactive.socket.WebSocketIntegrationTests$CustomHeaderHandler@21774ad0
22:43:30.770 [reactor-http-nio-11] DEBUG o.s.w.r.s.a.ReactorNettyWebSocketSession - [ff51f6a7] Session id "358229b1" for http://localhost:55261/custom-header
22:43:30.771 [elastic-2] DEBUG o.s.w.r.s.a.TomcatWebSocketSession - [e] Session id "e" for ws://localhost:55261/custom-header
22:43:30.771 [reactor-http-nio-11] DEBUG o.s.w.s.a.HttpWebHandlerAdapter - [ff51f6a7] Completed 200 OK
22:43:30.771 [Test worker] DEBUG o.s.h.s.r.b.ReactorHttpServer - Stopping ReactorHttpServer...
22:43:30.772 [Test worker] DEBUG o.s.h.s.r.b.ReactorHttpServer - Server stopped (0 millis).
22:43:30.776 [Test worker] DEBUG o.s.w.r.h.SimpleUrlHandlerMapping - Patterns [/close, /echo, /sub-protocol, /custom-header] in 'handlerMapping'
22:43:30.776 [Test worker] DEBUG o.s.w.s.a.HttpWebHandlerAdapter - enableLoggingRequestDetails='false': form data and headers will be masked to prevent unsafe logging of potentially sensitive data
22:43:30.776 [Test worker] DEBUG o.s.h.s.r.b.ReactorHttpServer - Starting ReactorHttpServer...
22:43:30.777 [Test worker] DEBUG o.s.h.s.r.b.ReactorHttpServer - Server started on port 55263(0 millis).
22:43:30.777 [elastic-2] DEBUG o.s.w.r.s.c.StandardWebSocketClient - Connecting to ws://localhost:55263/sub-protocol
22:43:30.779 [reactor-http-nio-13] DEBUG o.s.w.s.a.HttpWebHandlerAdapter - [51872bd9] HTTP GET "/sub-protocol"
22:43:30.779 [reactor-http-nio-13] DEBUG o.s.w.r.h.SimpleUrlHandlerMapping - [51872bd9] Mapped to org.springframework.web.reactive.socket.WebSocketIntegrationTests$SubProtocolWebSocketHandler@78b59b60
22:43:30.780 [reactor-http-nio-13] DEBUG o.s.w.r.s.a.ReactorNettyWebSocketSession - [51872bd9] Session id "6261f1cd" for http://localhost:55263/sub-protocol
22:43:30.781 [reactor-http-nio-13] DEBUG o.s.w.s.a.HttpWebHandlerAdapter - [51872bd9] Completed 200 OK
22:43:30.781 [elastic-2] DEBUG o.s.w.r.s.a.TomcatWebSocketSession - [f] Session id "f" for ws://localhost:55263/sub-protocol
22:43:30.782 [Test worker] DEBUG o.s.h.s.r.b.ReactorHttpServer - Stopping ReactorHttpServer...
22:43:30.782 [Test worker] DEBUG o.s.h.s.r.b.ReactorHttpServer - Server stopped (0 millis).
22:43:30.789 [Test worker] DEBUG o.s.w.r.h.SimpleUrlHandlerMapping - Patterns [/close, /echo, /sub-protocol, /custom-header] in 'handlerMapping'
22:43:30.792 [Test worker] DEBUG o.s.w.s.a.HttpWebHandlerAdapter - enableLoggingRequestDetails='false': form data and headers will be masked to prevent unsafe logging of potentially sensitive data
22:43:30.792 [Test worker] DEBUG o.s.h.s.r.b.UndertowHttpServer - Starting UndertowHttpServer...
22:43:30.794 [Test worker] DEBUG o.s.h.s.r.b.UndertowHttpServer - Server started on port 55265(0 millis).
22:43:30.794 [elastic-2] DEBUG o.s.w.r.s.c.StandardWebSocketClient - Connecting to ws://localhost:55265/close
22:43:30.796 [XNIO-144 I/O-10] DEBUG o.s.w.s.a.HttpWebHandlerAdapter - [1ea63be8] HTTP GET "/close"
22:43:30.796 [XNIO-144 I/O-10] DEBUG o.s.w.r.h.SimpleUrlHandlerMapping - [1ea63be8] Mapped to org.springframework.web.reactive.socket.WebSocketIntegrationTests$SessionClosingHandler@1a99bce4
22:43:30.819 [elastic-2] DEBUG o.s.w.r.s.a.TomcatWebSocketSession - [10] Session id "10" for ws://localhost:55265/close
22:43:30.819 [elastic-2] DEBUG o.s.w.r.s.WebSocketIntegrationTests - Starting..
22:43:30.842 [XNIO-144 I/O-10] DEBUG o.s.w.r.s.a.UndertowWebSocketSession - [1ea63be8] Session id "4ff39dea" for http://localhost:55265/close
22:43:30.849 [XNIO-144 I/O-10] DEBUG o.s.w.s.a.HttpWebHandlerAdapter - [1ea63be8] Completed 101 SWITCHING_PROTOCOLS
22:43:30.850 [WebSocketClient-AsyncIO-1] DEBUG o.s.w.r.s.WebSocketIntegrationTests - Completed with: onComplete
22:43:30.850 [Test worker] DEBUG o.s.h.s.r.b.UndertowHttpServer - Stopping UndertowHttpServer...
22:43:30.862 [Test worker] DEBUG o.s.h.s.r.b.UndertowHttpServer - Server stopped (0 millis).
22:43:30.865 [Test worker] DEBUG o.s.w.r.h.SimpleUrlHandlerMapping - Patterns [/close, /echo, /sub-protocol, /custom-header] in 'handlerMapping'
22:43:30.866 [Test worker] DEBUG o.s.w.s.a.HttpWebHandlerAdapter - enableLoggingRequestDetails='false': form data and headers will be masked to prevent unsafe logging of potentially sensitive data
22:43:30.866 [Test worker] DEBUG o.s.h.s.r.b.UndertowHttpServer - Starting UndertowHttpServer...
22:43:30.868 [Test worker] DEBUG o.s.h.s.r.b.UndertowHttpServer - Server started on port 55267(0 millis).
22:43:30.868 [elastic-2] DEBUG o.s.w.r.s.c.StandardWebSocketClient - Connecting to ws://localhost:55267/echo
22:43:30.869 [XNIO-145 I/O-10] DEBUG o.s.w.s.a.HttpWebHandlerAdapter - [5968af98] HTTP GET "/echo"
22:43:30.869 [XNIO-145 I/O-10] DEBUG o.s.w.r.h.SimpleUrlHandlerMapping - [5968af98] Mapped to org.springframework.web.reactive.socket.WebSocketIntegrationTests$EchoWebSocketHandler@5d57206d
22:43:30.870 [XNIO-145 I/O-10] DEBUG o.s.w.r.s.a.UndertowWebSocketSession - [5968af98] Session id "2747fc2d" for http://localhost:55267/echo
22:43:30.871 [XNIO-145 I/O-10] DEBUG o.s.w.s.a.HttpWebHandlerAdapter - [5968af98] Completed 101 SWITCHING_PROTOCOLS
22:43:30.871 [elastic-2] DEBUG o.s.w.r.s.a.TomcatWebSocketSession - [11] Session id "11" for ws://localhost:55267/echo
22:43:30.886 [Test worker] DEBUG o.s.h.s.r.b.UndertowHttpServer - Stopping UndertowHttpServer...
22:43:30.888 [Test worker] DEBUG o.s.h.s.r.b.UndertowHttpServer - Server stopped (0 millis).
22:43:30.892 [Test worker] DEBUG o.s.w.r.h.SimpleUrlHandlerMapping - Patterns [/close, /echo, /sub-protocol, /custom-header] in 'handlerMapping'
22:43:30.892 [Test worker] DEBUG o.s.w.s.a.HttpWebHandlerAdapter - enableLoggingRequestDetails='false': form data and headers will be masked to prevent unsafe logging of potentially sensitive data
22:43:30.892 [Test worker] DEBUG o.s.h.s.r.b.UndertowHttpServer - Starting UndertowHttpServer...
22:43:30.894 [Test worker] DEBUG o.s.h.s.r.b.UndertowHttpServer - Server started on port 55269(0 millis).
22:43:30.896 [elastic-2] DEBUG o.s.w.r.s.c.StandardWebSocketClient - Connecting to ws://localhost:55269/custom-header
22:43:30.903 [XNIO-146 I/O-10] DEBUG o.s.w.s.a.HttpWebHandlerAdapter - [58cf5d68] HTTP GET "/custom-header"
22:43:30.903 [XNIO-146 I/O-10] DEBUG o.s.w.r.h.SimpleUrlHandlerMapping - [58cf5d68] Mapped to org.springframework.web.reactive.socket.WebSocketIntegrationTests$CustomHeaderHandler@5cf0d2a9
22:43:30.904 [XNIO-146 I/O-10] DEBUG o.s.w.r.s.a.UndertowWebSocketSession - [58cf5d68] Session id "691aed17" for http://localhost:55269/custom-header
22:43:30.904 [elastic-2] DEBUG o.s.w.r.s.a.TomcatWebSocketSession - [12] Session id "12" for ws://localhost:55269/custom-header
22:43:30.905 [XNIO-146 I/O-10] DEBUG o.s.w.s.a.HttpWebHandlerAdapter - [58cf5d68] Completed 101 SWITCHING_PROTOCOLS
22:43:30.905 [Test worker] DEBUG o.s.h.s.r.b.UndertowHttpServer - Stopping UndertowHttpServer...
22:43:30.907 [Test worker] DEBUG o.s.h.s.r.b.UndertowHttpServer - Server stopped (0 millis).
22:43:30.912 [Test worker] DEBUG o.s.w.r.h.SimpleUrlHandlerMapping - Patterns [/close, /echo, /sub-protocol, /custom-header] in 'handlerMapping'
22:43:30.913 [Test worker] DEBUG o.s.w.s.a.HttpWebHandlerAdapter - enableLoggingRequestDetails='false': form data and headers will be masked to prevent unsafe logging of potentially sensitive data
22:43:30.913 [Test worker] DEBUG o.s.h.s.r.b.UndertowHttpServer - Starting UndertowHttpServer...
22:43:30.915 [Test worker] DEBUG o.s.h.s.r.b.UndertowHttpServer - Server started on port 55271(0 millis).
22:43:30.915 [elastic-2] DEBUG o.s.w.r.s.c.StandardWebSocketClient - Connecting to ws://localhost:55271/sub-protocol
22:43:30.917 [XNIO-147 I/O-10] DEBUG o.s.w.s.a.HttpWebHandlerAdapter - [488532ae] HTTP GET "/sub-protocol"
22:43:30.917 [XNIO-147 I/O-10] DEBUG o.s.w.r.h.SimpleUrlHandlerMapping - [488532ae] Mapped to org.springframework.web.reactive.socket.WebSocketIntegrationTests$SubProtocolWebSocketHandler@4cbabf66
22:43:30.917 [XNIO-147 I/O-10] DEBUG o.s.w.r.s.a.UndertowWebSocketSession - [488532ae] Session id "3a27e37d" for http://localhost:55271/sub-protocol
22:43:30.918 [elastic-2] DEBUG o.s.w.r.s.a.TomcatWebSocketSession - [13] Session id "13" for ws://localhost:55271/sub-protocol
22:43:30.919 [XNIO-147 I/O-10] DEBUG o.s.w.s.a.HttpWebHandlerAdapter - [488532ae] Completed 101 SWITCHING_PROTOCOLS
22:43:30.920 [Test worker] DEBUG o.s.h.s.r.b.UndertowHttpServer - Stopping UndertowHttpServer...
22:43:30.920 [Test worker] DEBUG o.s.h.s.r.b.UndertowHttpServer - Server stopped (0 millis).
22:43:30.924 [Test worker] DEBUG o.s.w.r.h.SimpleUrlHandlerMapping - Patterns [/close, /echo, /sub-protocol, /custom-header] in 'handlerMapping'
22:43:30.924 [Test worker] DEBUG o.s.w.s.a.HttpWebHandlerAdapter - enableLoggingRequestDetails='false': form data and headers will be masked to prevent unsafe logging of potentially sensitive data
22:43:30.925 [Test worker] DEBUG o.s.h.s.r.b.TomcatHttpServer - Starting TomcatHttpServer...
22:43:30.929 [Test worker] DEBUG o.s.h.s.r.b.TomcatHttpServer - Server started on port 55273(0 millis).
22:43:30.930 [elastic-2] DEBUG o.s.w.r.s.c.StandardWebSocketClient - Connecting to ws://localhost:55273/close
22:43:30.931 [http-nio-auto-148-exec-1] DEBUG o.s.w.s.a.HttpWebHandlerAdapter - [78ee735d] HTTP GET "/close"
22:43:30.931 [http-nio-auto-148-exec-1] DEBUG o.s.w.r.h.SimpleUrlHandlerMapping - [78ee735d] Mapped to org.springframework.web.reactive.socket.WebSocketIntegrationTests$SessionClosingHandler@7cd1e898
22:43:30.932 [http-nio-auto-148-exec-1] DEBUG o.s.w.s.a.HttpWebHandlerAdapter - [78ee735d] Completed 101 SWITCHING_PROTOCOLS
22:43:30.933 [elastic-2] DEBUG o.s.w.r.s.a.TomcatWebSocketSession - [14] Session id "14" for ws://localhost:55273/close
22:43:30.934 [elastic-2] DEBUG o.s.w.r.s.WebSocketIntegrationTests - Starting..
22:43:30.934 [http-nio-auto-148-exec-1] DEBUG o.s.w.r.s.a.TomcatWebSocketSession - [78ee735d] Session id "15" for http://localhost:55273/close
22:43:30.935 [WebSocketClient-AsyncIO-1] DEBUG o.s.w.r.s.WebSocketIntegrationTests - Completed with: onComplete
22:43:30.935 [Test worker] DEBUG o.s.h.s.r.b.TomcatHttpServer - Stopping TomcatHttpServer...
22:43:30.945 [Test worker] DEBUG o.s.h.s.r.b.TomcatHttpServer - Server stopped (0 millis).
22:43:30.949 [Test worker] DEBUG o.s.w.r.h.SimpleUrlHandlerMapping - Patterns [/close, /echo, /sub-protocol, /custom-header] in 'handlerMapping'
22:43:30.949 [Test worker] DEBUG o.s.w.s.a.HttpWebHandlerAdapter - enableLoggingRequestDetails='false': form data and headers will be masked to prevent unsafe logging of potentially sensitive data
22:43:30.949 [Test worker] DEBUG o.s.h.s.r.b.TomcatHttpServer - Starting TomcatHttpServer...
22:43:30.953 [Test worker] DEBUG o.s.h.s.r.b.TomcatHttpServer - Server started on port 55276(0 millis).
22:43:30.953 [elastic-2] DEBUG o.s.w.r.s.c.StandardWebSocketClient - Connecting to ws://localhost:55276/echo
22:43:30.955 [http-nio-auto-149-exec-1] DEBUG o.s.w.s.a.HttpWebHandlerAdapter - [58798f89] HTTP GET "/echo"
22:43:30.955 [http-nio-auto-149-exec-1] DEBUG o.s.w.r.h.SimpleUrlHandlerMapping - [58798f89] Mapped to org.springframework.web.reactive.socket.WebSocketIntegrationTests$EchoWebSocketHandler@5c46105e
22:43:30.956 [http-nio-auto-149-exec-1] DEBUG o.s.w.s.a.HttpWebHandlerAdapter - [58798f89] Completed 101 SWITCHING_PROTOCOLS
22:43:30.958 [http-nio-auto-149-exec-1] DEBUG o.s.w.r.s.a.TomcatWebSocketSession - [58798f89] Session id "16" for http://localhost:55276/echo
22:43:30.958 [elastic-2] DEBUG o.s.w.r.s.a.TomcatWebSocketSession - [17] Session id "17" for ws://localhost:55276/echo
22:43:30.966 [Test worker] DEBUG o.s.h.s.r.b.TomcatHttpServer - Stopping TomcatHttpServer...
22:43:30.976 [Test worker] DEBUG o.s.h.s.r.b.TomcatHttpServer - Server stopped (0 millis).
22:43:30.979 [Test worker] DEBUG o.s.w.r.h.SimpleUrlHandlerMapping - Patterns [/close, /echo, /sub-protocol, /custom-header] in 'handlerMapping'
22:43:30.980 [Test worker] DEBUG o.s.w.s.a.HttpWebHandlerAdapter - enableLoggingRequestDetails='false': form data and headers will be masked to prevent unsafe logging of potentially sensitive data
22:43:30.980 [Test worker] DEBUG o.s.h.s.r.b.TomcatHttpServer - Starting TomcatHttpServer...
22:43:30.984 [Test worker] DEBUG o.s.h.s.r.b.TomcatHttpServer - Server started on port 55279(0 millis).
22:43:30.984 [elastic-2] DEBUG o.s.w.r.s.c.StandardWebSocketClient - Connecting to ws://localhost:55279/custom-header
22:43:30.985 [http-nio-auto-150-exec-1] DEBUG o.s.w.s.a.HttpWebHandlerAdapter - [a67ad11] HTTP GET "/custom-header"
22:43:30.985 [http-nio-auto-150-exec-1] DEBUG o.s.w.r.h.SimpleUrlHandlerMapping - [a67ad11] Mapped to org.springframework.web.reactive.socket.WebSocketIntegrationTests$CustomHeaderHandler@e583885
22:43:30.986 [http-nio-auto-150-exec-1] DEBUG o.s.w.s.a.HttpWebHandlerAdapter - [a67ad11] Completed 101 SWITCHING_PROTOCOLS
22:43:30.987 [http-nio-auto-150-exec-1] DEBUG o.s.w.r.s.a.TomcatWebSocketSession - [a67ad11] Session id "18" for http://localhost:55279/custom-header
22:43:30.988 [elastic-2] DEBUG o.s.w.r.s.a.TomcatWebSocketSession - [19] Session id "19" for ws://localhost:55279/custom-header
22:43:30.989 [Test worker] DEBUG o.s.h.s.r.b.TomcatHttpServer - Stopping TomcatHttpServer...
22:43:31.001 [Test worker] DEBUG o.s.h.s.r.b.TomcatHttpServer - Server stopped (0 millis).
22:43:31.005 [Test worker] DEBUG o.s.w.r.h.SimpleUrlHandlerMapping - Patterns [/close, /echo, /sub-protocol, /custom-header] in 'handlerMapping'
22:43:31.005 [Test worker] DEBUG o.s.w.s.a.HttpWebHandlerAdapter - enableLoggingRequestDetails='false': form data and headers will be masked to prevent unsafe logging of potentially sensitive data
22:43:31.006 [Test worker] DEBUG o.s.h.s.r.b.TomcatHttpServer - Starting TomcatHttpServer...
22:43:31.010 [Test worker] DEBUG o.s.h.s.r.b.TomcatHttpServer - Server started on port 55282(0 millis).
22:43:31.010 [elastic-2] DEBUG o.s.w.r.s.c.StandardWebSocketClient - Connecting to ws://localhost:55282/sub-protocol
22:43:31.011 [http-nio-auto-151-exec-1] DEBUG o.s.w.s.a.HttpWebHandlerAdapter - [1c7eb075] HTTP GET "/sub-protocol"
22:43:31.011 [http-nio-auto-151-exec-1] DEBUG o.s.w.r.h.SimpleUrlHandlerMapping - [1c7eb075] Mapped to org.springframework.web.reactive.socket.WebSocketIntegrationTests$SubProtocolWebSocketHandler@18412722
22:43:31.012 [http-nio-auto-151-exec-1] DEBUG o.s.w.s.a.HttpWebHandlerAdapter - [1c7eb075] Completed 101 SWITCHING_PROTOCOLS
22:43:31.014 [elastic-2] DEBUG o.s.w.r.s.a.TomcatWebSocketSession - [1b] Session id "1b" for ws://localhost:55282/sub-protocol
22:43:31.014 [http-nio-auto-151-exec-1] DEBUG o.s.w.r.s.a.TomcatWebSocketSession - [1c7eb075] Session id "1a" for http://localhost:55282/sub-protocol
22:43:31.015 [Test worker] DEBUG o.s.h.s.r.b.TomcatHttpServer - Stopping TomcatHttpServer...
22:43:31.024 [Test worker] DEBUG o.s.h.s.r.b.TomcatHttpServer - Server stopped (0 millis).
22:43:31.028 [Test worker] DEBUG o.s.w.r.h.SimpleUrlHandlerMapping - Patterns [/close, /echo, /sub-protocol, /custom-header] in 'handlerMapping'
22:43:31.028 [Test worker] DEBUG o.s.w.s.a.HttpWebHandlerAdapter - enableLoggingRequestDetails='false': form data and headers will be masked to prevent unsafe logging of potentially sensitive data
22:43:31.028 [Test worker] WARN  o.e.j.s.h.ContextHandler - Empty contextPath
22:43:31.028 [Test worker] INFO  o.e.j.s.h.ContextHandler - Started o.e.j.s.ServletContextHandler@79692687{/,null,AVAILABLE}
22:43:31.028 [Test worker] DEBUG o.s.h.s.r.b.JettyHttpServer - Starting JettyHttpServer...
22:43:31.029 [Test worker] INFO  o.e.j.s.Server - jetty-9.4.18.v20190429; built: 2019-04-29T20:42:08.989Z; git: e1bc35120a6617ee3df052294e433f3a25ce7097; jvm 1.8.0_211-b12
22:43:31.030 [Test worker] INFO  o.e.j.s.AbstractConnector - Started ServerConnector@7d0112c6{HTTP/1.1,[http/1.1]}{0.0.0.0:55285}
22:43:31.030 [Test worker] INFO  o.e.j.s.Server - Started @83456ms
22:43:31.030 [Test worker] DEBUG o.s.h.s.r.b.JettyHttpServer - Server started on port 55285(0 millis).
22:43:31.046 [Test worker] DEBUG o.s.w.r.s.c.JettyWebSocketClient - Connecting to ws://localhost:55285/close
22:43:31.063 [qtp1041371428-7720] DEBUG o.s.w.s.a.HttpWebHandlerAdapter - [6b202ed1] HTTP GET "/close"
22:43:31.063 [qtp1041371428-7720] DEBUG o.s.w.r.h.SimpleUrlHandlerMapping - [6b202ed1] Mapped to org.springframework.web.reactive.socket.WebSocketIntegrationTests$SessionClosingHandler@19f8cf62
22:43:31.065 [qtp1041371428-7720] DEBUG o.s.w.s.a.HttpWebHandlerAdapter - [6b202ed1] Completed 101 SWITCHING_PROTOCOLS
22:43:31.066 [qtp1041371428-7720] DEBUG o.s.w.r.s.a.JettyWebSocketSession - [6b202ed1] Session id "54538c42" for http://localhost:55285/close
22:43:31.070 [WebSocketClient@1149823838-7732] DEBUG o.s.w.r.s.a.JettyWebSocketSession - [73e63b8] Session id "73e63b8" for ws://localhost:55285/close
22:43:31.070 [WebSocketClient@1149823838-7732] DEBUG o.s.w.r.s.WebSocketIntegrationTests - Starting..
22:43:31.071 [WebSocketClient@1149823838-7732] DEBUG o.s.w.r.s.WebSocketIntegrationTests - Completed with: onComplete
22:43:31.074 [Test worker] DEBUG o.s.h.s.r.b.JettyHttpServer - Stopping JettyHttpServer...
22:43:31.074 [Test worker] INFO  o.e.j.s.h.ContextHandler - Stopped o.e.j.s.ServletContextHandler@79692687{/,null,UNAVAILABLE}
22:43:31.074 [Test worker] INFO  o.e.j.s.AbstractConnector - Stopped ServerConnector@7d0112c6{HTTP/1.1,[http/1.1]}{0.0.0.0:0}
22:43:31.075 [Test worker] DEBUG o.s.h.s.r.b.JettyHttpServer - Server stopped (0 millis).
22:43:31.078 [Test worker] DEBUG o.s.w.r.h.SimpleUrlHandlerMapping - Patterns [/close, /echo, /sub-protocol, /custom-header] in 'handlerMapping'
22:43:31.079 [Test worker] DEBUG o.s.w.s.a.HttpWebHandlerAdapter - enableLoggingRequestDetails='false': form data and headers will be masked to prevent unsafe logging of potentially sensitive data
22:43:31.079 [Test worker] WARN  o.e.j.s.h.ContextHandler - Empty contextPath
22:43:31.079 [Test worker] INFO  o.e.j.s.h.ContextHandler - Started o.e.j.s.ServletContextHandler@65c82604{/,null,AVAILABLE}
22:43:31.079 [Test worker] DEBUG o.s.h.s.r.b.JettyHttpServer - Starting JettyHttpServer...
22:43:31.079 [Test worker] INFO  o.e.j.s.Server - jetty-9.4.18.v20190429; built: 2019-04-29T20:42:08.989Z; git: e1bc35120a6617ee3df052294e433f3a25ce7097; jvm 1.8.0_211-b12
22:43:31.081 [Test worker] INFO  o.e.j.s.AbstractConnector - Started ServerConnector@275f5b79{HTTP/1.1,[http/1.1]}{0.0.0.0:55287}
22:43:31.081 [Test worker] INFO  o.e.j.s.Server - Started @83507ms
22:43:31.081 [Test worker] DEBUG o.s.h.s.r.b.JettyHttpServer - Server started on port 55287(0 millis).
22:43:31.082 [Test worker] DEBUG o.s.w.r.s.c.JettyWebSocketClient - Connecting to ws://localhost:55287/echo
22:43:31.084 [qtp118245159-7750] DEBUG o.s.w.s.a.HttpWebHandlerAdapter - [9bd6a1b] HTTP GET "/echo"
22:43:31.084 [qtp118245159-7750] DEBUG o.s.w.r.h.SimpleUrlHandlerMapping - [9bd6a1b] Mapped to org.springframework.web.reactive.socket.WebSocketIntegrationTests$EchoWebSocketHandler@77a855c
22:43:31.086 [qtp118245159-7750] DEBUG o.s.w.s.a.HttpWebHandlerAdapter - [9bd6a1b] Completed 101 SWITCHING_PROTOCOLS
22:43:31.086 [qtp118245159-7750] DEBUG o.s.w.r.s.a.JettyWebSocketSession - [9bd6a1b] Session id "774be9a6" for http://localhost:55287/echo
22:43:31.087 [WebSocketClient@1149823838-7760] DEBUG o.s.w.r.s.a.JettyWebSocketSession - [35a78492] Session id "35a78492" for ws://localhost:55287/echo
22:43:31.102 [Test worker] DEBUG o.s.h.s.r.b.JettyHttpServer - Stopping JettyHttpServer...
22:43:31.102 [Test worker] INFO  o.e.j.s.h.ContextHandler - Stopped o.e.j.s.ServletContextHandler@65c82604{/,null,UNAVAILABLE}
22:43:31.103 [Test worker] INFO  o.e.j.s.AbstractConnector - Stopped ServerConnector@275f5b79{HTTP/1.1,[http/1.1]}{0.0.0.0:0}
22:43:31.103 [Test worker] DEBUG o.s.h.s.r.b.JettyHttpServer - Server stopped (0 millis).
22:43:31.107 [Test worker] DEBUG o.s.w.r.h.SimpleUrlHandlerMapping - Patterns [/close, /echo, /sub-protocol, /custom-header] in 'handlerMapping'
22:43:31.108 [Test worker] DEBUG o.s.w.s.a.HttpWebHandlerAdapter - enableLoggingRequestDetails='false': form data and headers will be masked to prevent unsafe logging of potentially sensitive data
22:43:31.108 [Test worker] WARN  o.e.j.s.h.ContextHandler - Empty contextPath
22:43:31.108 [Test worker] INFO  o.e.j.s.h.ContextHandler - Started o.e.j.s.ServletContextHandler@46ac136a{/,null,AVAILABLE}
22:43:31.108 [Test worker] DEBUG o.s.h.s.r.b.JettyHttpServer - Starting JettyHttpServer...
22:43:31.108 [Test worker] INFO  o.e.j.s.Server - jetty-9.4.18.v20190429; built: 2019-04-29T20:42:08.989Z; git: e1bc35120a6617ee3df052294e433f3a25ce7097; jvm 1.8.0_211-b12
22:43:31.109 [Test worker] INFO  o.e.j.s.AbstractConnector - Started ServerConnector@8581973{HTTP/1.1,[http/1.1]}{0.0.0.0:55289}
22:43:31.109 [Test worker] INFO  o.e.j.s.Server - Started @83536ms
22:43:31.109 [Test worker] DEBUG o.s.h.s.r.b.JettyHttpServer - Server started on port 55289(0 millis).
22:43:31.110 [Test worker] DEBUG o.s.w.r.s.c.JettyWebSocketClient - Connecting to ws://localhost:55289/custom-header
22:43:31.112 [qtp1694039917-7776] DEBUG o.s.w.s.a.HttpWebHandlerAdapter - [276d0edf] HTTP GET "/custom-header"
22:43:31.112 [qtp1694039917-7776] DEBUG o.s.w.r.h.SimpleUrlHandlerMapping - [276d0edf] Mapped to org.springframework.web.reactive.socket.WebSocketIntegrationTests$CustomHeaderHandler@7091f673
22:43:31.114 [qtp1694039917-7776] DEBUG o.s.w.s.a.HttpWebHandlerAdapter - [276d0edf] Completed 101 SWITCHING_PROTOCOLS
22:43:31.114 [qtp1694039917-7776] DEBUG o.s.w.r.s.a.JettyWebSocketSession - [276d0edf] Session id "389fb565" for http://localhost:55289/custom-header
22:43:31.115 [WebSocketClient@1149823838-7787] DEBUG o.s.w.r.s.a.JettyWebSocketSession - [1da9dfcc] Session id "1da9dfcc" for ws://localhost:55289/custom-header
22:43:31.117 [Test worker] DEBUG o.s.h.s.r.b.JettyHttpServer - Stopping JettyHttpServer...
22:43:31.117 [Test worker] INFO  o.e.j.s.h.ContextHandler - Stopped o.e.j.s.ServletContextHandler@46ac136a{/,null,UNAVAILABLE}
22:43:31.118 [Test worker] INFO  o.e.j.s.AbstractConnector - Stopped ServerConnector@8581973{HTTP/1.1,[http/1.1]}{0.0.0.0:0}
22:43:31.118 [Test worker] DEBUG o.s.h.s.r.b.JettyHttpServer - Server stopped (0 millis).
22:43:31.122 [Test worker] DEBUG o.s.w.r.h.SimpleUrlHandlerMapping - Patterns [/close, /echo, /sub-protocol, /custom-header] in 'handlerMapping'
22:43:31.122 [Test worker] DEBUG o.s.w.s.a.HttpWebHandlerAdapter - enableLoggingRequestDetails='false': form data and headers will be masked to prevent unsafe logging of potentially sensitive data
22:43:31.122 [Test worker] WARN  o.e.j.s.h.ContextHandler - Empty contextPath
22:43:31.122 [Test worker] INFO  o.e.j.s.h.ContextHandler - Started o.e.j.s.ServletContextHandler@51617082{/,null,AVAILABLE}
22:43:31.122 [Test worker] DEBUG o.s.h.s.r.b.JettyHttpServer - Starting JettyHttpServer...
22:43:31.122 [Test worker] INFO  o.e.j.s.Server - jetty-9.4.18.v20190429; built: 2019-04-29T20:42:08.989Z; git: e1bc35120a6617ee3df052294e433f3a25ce7097; jvm 1.8.0_211-b12
22:43:31.123 [Test worker] INFO  o.e.j.s.AbstractConnector - Started ServerConnector@62122858{HTTP/1.1,[http/1.1]}{0.0.0.0:55291}
22:43:31.123 [Test worker] INFO  o.e.j.s.Server - Started @83550ms
22:43:31.123 [Test worker] DEBUG o.s.h.s.r.b.JettyHttpServer - Server started on port 55291(0 millis).
22:43:31.125 [Test worker] DEBUG o.s.w.r.s.c.JettyWebSocketClient - Connecting to ws://localhost:55291/sub-protocol
22:43:31.126 [qtp1031552651-7803] DEBUG o.s.w.s.a.HttpWebHandlerAdapter - [6fade8b1] HTTP GET "/sub-protocol"
22:43:31.127 [qtp1031552651-7803] DEBUG o.s.w.r.h.SimpleUrlHandlerMapping - [6fade8b1] Mapped to org.springframework.web.reactive.socket.WebSocketIntegrationTests$SubProtocolWebSocketHandler@77a57d3c
22:43:31.129 [qtp1031552651-7803] DEBUG o.s.w.s.a.HttpWebHandlerAdapter - [6fade8b1] Completed 101 SWITCHING_PROTOCOLS
22:43:31.129 [qtp1031552651-7803] DEBUG o.s.w.r.s.a.JettyWebSocketSession - [6fade8b1] Session id "5392d7af" for http://localhost:55291/sub-protocol
22:43:31.130 [WebSocketClient@1149823838-7814] DEBUG o.s.w.r.s.a.JettyWebSocketSession - [bbae16] Session id "bbae16" for ws://localhost:55291/sub-protocol
22:43:31.133 [Test worker] DEBUG o.s.h.s.r.b.JettyHttpServer - Stopping JettyHttpServer...
22:43:31.133 [Test worker] INFO  o.e.j.s.h.ContextHandler - Stopped o.e.j.s.ServletContextHandler@51617082{/,null,UNAVAILABLE}
22:43:31.133 [Test worker] INFO  o.e.j.s.AbstractConnector - Stopped ServerConnector@62122858{HTTP/1.1,[http/1.1]}{0.0.0.0:0}
22:43:31.134 [Test worker] DEBUG o.s.h.s.r.b.JettyHttpServer - Server stopped (0 millis).
22:43:31.138 [Test worker] DEBUG o.s.w.r.h.SimpleUrlHandlerMapping - Patterns [/close, /echo, /sub-protocol, /custom-header] in 'handlerMapping'
22:43:31.138 [Test worker] DEBUG o.s.w.s.a.HttpWebHandlerAdapter - enableLoggingRequestDetails='false': form data and headers will be masked to prevent unsafe logging of potentially sensitive data
22:43:31.138 [Test worker] DEBUG o.s.h.s.r.b.ReactorHttpServer - Starting ReactorHttpServer...
22:43:31.139 [Test worker] DEBUG o.s.h.s.r.b.ReactorHttpServer - Server started on port 55293(0 millis).
22:43:31.140 [Test worker] DEBUG o.s.w.r.s.c.JettyWebSocketClient - Connecting to ws://localhost:55293/close
22:43:31.141 [reactor-http-nio-15] DEBUG o.s.w.s.a.HttpWebHandlerAdapter - [33383339] HTTP GET "/close"
22:43:31.141 [reactor-http-nio-15] DEBUG o.s.w.r.h.SimpleUrlHandlerMapping - [33383339] Mapped to org.springframework.web.reactive.socket.WebSocketIntegrationTests$SessionClosingHandler@4424391e
22:43:31.142 [reactor-http-nio-15] DEBUG o.s.w.r.s.a.ReactorNettyWebSocketSession - [33383339] Session id "4a8d5193" for http://localhost:55293/close
22:43:31.143 [reactor-http-nio-15] DEBUG o.s.w.s.a.HttpWebHandlerAdapter - [33383339] Completed 200 OK
22:43:31.143 [WebSocketClient@1149823838-7830] DEBUG o.s.w.r.s.a.JettyWebSocketSession - [3f551b9e] Session id "3f551b9e" for ws://localhost:55293/close
22:43:31.143 [WebSocketClient@1149823838-7830] DEBUG o.s.w.r.s.WebSocketIntegrationTests - Starting..
22:43:31.145 [WebSocketClient@1149823838-7822] DEBUG o.s.w.r.s.WebSocketIntegrationTests - Completed with: onComplete
22:43:31.146 [Test worker] DEBUG o.s.h.s.r.b.ReactorHttpServer - Stopping ReactorHttpServer...
22:43:31.146 [Test worker] DEBUG o.s.h.s.r.b.ReactorHttpServer - Server stopped (0 millis).
22:43:31.150 [Test worker] DEBUG o.s.w.r.h.SimpleUrlHandlerMapping - Patterns [/close, /echo, /sub-protocol, /custom-header] in 'handlerMapping'
22:43:31.150 [Test worker] DEBUG o.s.w.s.a.HttpWebHandlerAdapter - enableLoggingRequestDetails='false': form data and headers will be masked to prevent unsafe logging of potentially sensitive data
22:43:31.150 [Test worker] DEBUG o.s.h.s.r.b.ReactorHttpServer - Starting ReactorHttpServer...
22:43:31.151 [Test worker] DEBUG o.s.h.s.r.b.ReactorHttpServer - Server started on port 55295(0 millis).
22:43:31.152 [Test worker] DEBUG o.s.w.r.s.c.JettyWebSocketClient - Connecting to ws://localhost:55295/echo
22:43:31.153 [reactor-http-nio-1] DEBUG o.s.w.s.a.HttpWebHandlerAdapter - [f4150274] HTTP GET "/echo"
22:43:31.153 [reactor-http-nio-1] DEBUG o.s.w.r.h.SimpleUrlHandlerMapping - [f4150274] Mapped to org.springframework.web.reactive.socket.WebSocketIntegrationTests$EchoWebSocketHandler@13e87f34
22:43:31.154 [reactor-http-nio-1] DEBUG o.s.w.r.s.a.ReactorNettyWebSocketSession - [f4150274] Session id "6ea23b4d" for http://localhost:55295/echo
22:43:31.155 [reactor-http-nio-1] DEBUG o.s.w.s.a.HttpWebHandlerAdapter - [f4150274] Completed 200 OK
22:43:31.159 [WebSocketClient@1149823838-7843] DEBUG o.s.w.r.s.a.JettyWebSocketSession - [23816f40] Session id "23816f40" for ws://localhost:55295/echo
22:43:31.181 [Test worker] DEBUG o.s.h.s.r.b.ReactorHttpServer - Stopping ReactorHttpServer...
22:43:31.181 [Test worker] DEBUG o.s.h.s.r.b.ReactorHttpServer - Server stopped (0 millis).
22:43:31.185 [Test worker] DEBUG o.s.w.r.h.SimpleUrlHandlerMapping - Patterns [/close, /echo, /sub-protocol, /custom-header] in 'handlerMapping'
22:43:31.185 [Test worker] DEBUG o.s.w.s.a.HttpWebHandlerAdapter - enableLoggingRequestDetails='false': form data and headers will be masked to prevent unsafe logging of potentially sensitive data
22:43:31.185 [Test worker] DEBUG o.s.h.s.r.b.ReactorHttpServer - Starting ReactorHttpServer...
22:43:31.186 [Test worker] DEBUG o.s.h.s.r.b.ReactorHttpServer - Server started on port 55297(0 millis).
22:43:31.188 [Test worker] DEBUG o.s.w.r.s.c.JettyWebSocketClient - Connecting to ws://localhost:55297/custom-header
22:43:31.189 [reactor-http-nio-3] DEBUG o.s.w.s.a.HttpWebHandlerAdapter - [0d92a2eb] HTTP GET "/custom-header"
22:43:31.189 [reactor-http-nio-3] DEBUG o.s.w.r.h.SimpleUrlHandlerMapping - [0d92a2eb] Mapped to org.springframework.web.reactive.socket.WebSocketIntegrationTests$CustomHeaderHandler@107e89b1
22:43:31.190 [reactor-http-nio-3] DEBUG o.s.w.r.s.a.ReactorNettyWebSocketSession - [0d92a2eb] Session id "3f29d9b2" for http://localhost:55297/custom-header
22:43:31.190 [reactor-http-nio-3] DEBUG o.s.w.s.a.HttpWebHandlerAdapter - [0d92a2eb] Completed 200 OK
22:43:31.191 [WebSocketClient@1149823838-7856] DEBUG o.s.w.r.s.a.JettyWebSocketSession - [3a49606f] Session id "3a49606f" for ws://localhost:55297/custom-header
22:43:31.194 [Test worker] DEBUG o.s.h.s.r.b.ReactorHttpServer - Stopping ReactorHttpServer...
22:43:31.194 [Test worker] DEBUG o.s.h.s.r.b.ReactorHttpServer - Server stopped (0 millis).
22:43:31.198 [Test worker] DEBUG o.s.w.r.h.SimpleUrlHandlerMapping - Patterns [/close, /echo, /sub-protocol, /custom-header] in 'handlerMapping'
22:43:31.198 [Test worker] DEBUG o.s.w.s.a.HttpWebHandlerAdapter - enableLoggingRequestDetails='false': form data and headers will be masked to prevent unsafe logging of potentially sensitive data
22:43:31.198 [Test worker] DEBUG o.s.h.s.r.b.ReactorHttpServer - Starting ReactorHttpServer...
22:43:31.198 [Test worker] DEBUG o.s.h.s.r.b.ReactorHttpServer - Server started on port 55299(0 millis).
22:43:31.200 [Test worker] DEBUG o.s.w.r.s.c.JettyWebSocketClient - Connecting to ws://localhost:55299/sub-protocol
22:43:31.201 [reactor-http-nio-5] DEBUG o.s.w.s.a.HttpWebHandlerAdapter - [e6f3bc98] HTTP GET "/sub-protocol"
22:43:31.201 [reactor-http-nio-5] DEBUG o.s.w.r.h.SimpleUrlHandlerMapping - [e6f3bc98] Mapped to org.springframework.web.reactive.socket.WebSocketIntegrationTests$SubProtocolWebSocketHandler@6dfe27f1
22:43:31.202 [reactor-http-nio-5] DEBUG o.s.w.r.s.a.ReactorNettyWebSocketSession - [e6f3bc98] Session id "78ac88a2" for http://localhost:55299/sub-protocol
22:43:31.202 [reactor-http-nio-5] DEBUG o.s.w.s.a.HttpWebHandlerAdapter - [e6f3bc98] Completed 200 OK
22:43:31.203 [WebSocketClient@1149823838-7868] DEBUG o.s.w.r.s.a.JettyWebSocketSession - [2a83a714] Session id "2a83a714" for ws://localhost:55299/sub-protocol
22:43:31.206 [Test worker] DEBUG o.s.h.s.r.b.ReactorHttpServer - Stopping ReactorHttpServer...
22:43:31.206 [Test worker] DEBUG o.s.h.s.r.b.ReactorHttpServer - Server stopped (0 millis).
22:43:31.210 [Test worker] DEBUG o.s.w.r.h.SimpleUrlHandlerMapping - Patterns [/close, /echo, /sub-protocol, /custom-header] in 'handlerMapping'
22:43:31.210 [Test worker] DEBUG o.s.w.s.a.HttpWebHandlerAdapter - enableLoggingRequestDetails='false': form data and headers will be masked to prevent unsafe logging of potentially sensitive data
22:43:31.210 [Test worker] DEBUG o.s.h.s.r.b.UndertowHttpServer - Starting UndertowHttpServer...
22:43:31.212 [Test worker] DEBUG o.s.h.s.r.b.UndertowHttpServer - Server started on port 55301(0 millis).
22:43:31.213 [Test worker] DEBUG o.s.w.r.s.c.JettyWebSocketClient - Connecting to ws://localhost:55301/close
22:43:31.214 [XNIO-148 I/O-10] DEBUG o.s.w.s.a.HttpWebHandlerAdapter - [5d77dc72] HTTP GET "/close"
22:43:31.214 [XNIO-148 I/O-10] DEBUG o.s.w.r.h.SimpleUrlHandlerMapping - [5d77dc72] Mapped to org.springframework.web.reactive.socket.WebSocketIntegrationTests$SessionClosingHandler@59484304
22:43:31.215 [XNIO-148 I/O-10] DEBUG o.s.w.r.s.a.UndertowWebSocketSession - [5d77dc72] Session id "516f0d31" for http://localhost:55301/close
22:43:31.215 [XNIO-148 I/O-10] DEBUG o.s.w.s.a.HttpWebHandlerAdapter - [5d77dc72] Completed 101 SWITCHING_PROTOCOLS
22:43:31.215 [WebSocketClient@1149823838-7898] DEBUG o.s.w.r.s.a.JettyWebSocketSession - [6e3621ff] Session id "6e3621ff" for ws://localhost:55301/close
22:43:31.216 [WebSocketClient@1149823838-7898] DEBUG o.s.w.r.s.WebSocketIntegrationTests - Starting..
22:43:31.220 [WebSocketClient@1149823838-7890] DEBUG o.s.w.r.s.WebSocketIntegrationTests - Completed with: onComplete
22:43:31.221 [Test worker] DEBUG o.s.h.s.r.b.UndertowHttpServer - Stopping UndertowHttpServer...
22:43:31.223 [Test worker] DEBUG o.s.h.s.r.b.UndertowHttpServer - Server stopped (0 millis).
22:43:31.227 [Test worker] DEBUG o.s.w.r.h.SimpleUrlHandlerMapping - Patterns [/close, /echo, /sub-protocol, /custom-header] in 'handlerMapping'
22:43:31.228 [Test worker] DEBUG o.s.w.s.a.HttpWebHandlerAdapter - enableLoggingRequestDetails='false': form data and headers will be masked to prevent unsafe logging of potentially sensitive data
22:43:31.228 [Test worker] DEBUG o.s.h.s.r.b.UndertowHttpServer - Starting UndertowHttpServer...
22:43:31.230 [Test worker] DEBUG o.s.h.s.r.b.UndertowHttpServer - Server started on port 55303(0 millis).
22:43:31.231 [Test worker] DEBUG o.s.w.r.s.c.JettyWebSocketClient - Connecting to ws://localhost:55303/echo
22:43:31.232 [XNIO-149 I/O-10] DEBUG o.s.w.s.a.HttpWebHandlerAdapter - [7719670e] HTTP GET "/echo"
22:43:31.232 [XNIO-149 I/O-10] DEBUG o.s.w.r.h.SimpleUrlHandlerMapping - [7719670e] Mapped to org.springframework.web.reactive.socket.WebSocketIntegrationTests$EchoWebSocketHandler@7326ed35
22:43:31.233 [XNIO-149 I/O-10] DEBUG o.s.w.r.s.a.UndertowWebSocketSession - [7719670e] Session id "7725ea88" for http://localhost:55303/echo
22:43:31.233 [XNIO-149 I/O-10] DEBUG o.s.w.s.a.HttpWebHandlerAdapter - [7719670e] Completed 101 SWITCHING_PROTOCOLS
22:43:31.234 [WebSocketClient@1149823838-7929] DEBUG o.s.w.r.s.a.JettyWebSocketSession - [3ec01de] Session id "3ec01de" for ws://localhost:55303/echo
22:43:31.248 [Test worker] DEBUG o.s.h.s.r.b.UndertowHttpServer - Stopping UndertowHttpServer...
22:43:31.248 [Test worker] DEBUG o.s.h.s.r.b.UndertowHttpServer - Server stopped (0 millis).
22:43:31.252 [Test worker] DEBUG o.s.w.r.h.SimpleUrlHandlerMapping - Patterns [/close, /echo, /sub-protocol, /custom-header] in 'handlerMapping'
22:43:31.252 [Test worker] DEBUG o.s.w.s.a.HttpWebHandlerAdapter - enableLoggingRequestDetails='false': form data and headers will be masked to prevent unsafe logging of potentially sensitive data
22:43:31.252 [Test worker] DEBUG o.s.h.s.r.b.UndertowHttpServer - Starting UndertowHttpServer...
22:43:31.254 [Test worker] DEBUG o.s.h.s.r.b.UndertowHttpServer - Server started on port 55305(0 millis).
22:43:31.255 [Test worker] DEBUG o.s.w.r.s.c.JettyWebSocketClient - Connecting to ws://localhost:55305/custom-header
22:43:31.256 [XNIO-150 I/O-10] DEBUG o.s.w.s.a.HttpWebHandlerAdapter - [1f7149a] HTTP GET "/custom-header"
22:43:31.256 [XNIO-150 I/O-10] DEBUG o.s.w.r.h.SimpleUrlHandlerMapping - [1f7149a] Mapped to org.springframework.web.reactive.socket.WebSocketIntegrationTests$CustomHeaderHandler@5c8807c
22:43:31.257 [XNIO-150 I/O-10] DEBUG o.s.w.r.s.a.UndertowWebSocketSession - [1f7149a] Session id "454e4030" for http://localhost:55305/custom-header
22:43:31.257 [XNIO-150 I/O-10] DEBUG o.s.w.s.a.HttpWebHandlerAdapter - [1f7149a] Completed 101 SWITCHING_PROTOCOLS
22:43:31.258 [WebSocketClient@1149823838-7959] DEBUG o.s.w.r.s.a.JettyWebSocketSession - [1ed9b1b4] Session id "1ed9b1b4" for ws://localhost:55305/custom-header
22:43:31.260 [Test worker] DEBUG o.s.h.s.r.b.UndertowHttpServer - Stopping UndertowHttpServer...
22:43:31.261 [Test worker] DEBUG o.s.h.s.r.b.UndertowHttpServer - Server stopped (0 millis).
22:43:31.264 [Test worker] DEBUG o.s.w.r.h.SimpleUrlHandlerMapping - Patterns [/close, /echo, /sub-protocol, /custom-header] in 'handlerMapping'
22:43:31.265 [Test worker] DEBUG o.s.w.s.a.HttpWebHandlerAdapter - enableLoggingRequestDetails='false': form data and headers will be masked to prevent unsafe logging of potentially sensitive data
22:43:31.265 [Test worker] DEBUG o.s.h.s.r.b.UndertowHttpServer - Starting UndertowHttpServer...
22:43:31.267 [Test worker] DEBUG o.s.h.s.r.b.UndertowHttpServer - Server started on port 55307(0 millis).
22:43:31.268 [Test worker] DEBUG o.s.w.r.s.c.JettyWebSocketClient - Connecting to ws://localhost:55307/sub-protocol
22:43:31.269 [XNIO-151 I/O-10] DEBUG o.s.w.s.a.HttpWebHandlerAdapter - [48043455] HTTP GET "/sub-protocol"
22:43:31.269 [XNIO-151 I/O-10] DEBUG o.s.w.r.h.SimpleUrlHandlerMapping - [48043455] Mapped to org.springframework.web.reactive.socket.WebSocketIntegrationTests$SubProtocolWebSocketHandler@4c3ba98d
22:43:31.269 [XNIO-151 I/O-10] DEBUG o.s.w.r.s.a.UndertowWebSocketSession - [48043455] Session id "4845b8a" for http://localhost:55307/sub-protocol
22:43:31.270 [XNIO-151 I/O-10] DEBUG o.s.w.s.a.HttpWebHandlerAdapter - [48043455] Completed 101 SWITCHING_PROTOCOLS
22:43:31.270 [WebSocketClient@1149823838-7988] DEBUG o.s.w.r.s.a.JettyWebSocketSession - [51a69a60] Session id "51a69a60" for ws://localhost:55307/sub-protocol
22:43:31.272 [Test worker] DEBUG o.s.h.s.r.b.UndertowHttpServer - Stopping UndertowHttpServer...
22:43:31.273 [Test worker] DEBUG o.s.h.s.r.b.UndertowHttpServer - Server stopped (0 millis).
22:43:31.277 [Test worker] DEBUG o.s.w.r.h.SimpleUrlHandlerMapping - Patterns [/close, /echo, /sub-protocol, /custom-header] in 'handlerMapping'
22:43:31.277 [Test worker] DEBUG o.s.w.s.a.HttpWebHandlerAdapter - enableLoggingRequestDetails='false': form data and headers will be masked to prevent unsafe logging of potentially sensitive data
22:43:31.277 [Test worker] DEBUG o.s.h.s.r.b.TomcatHttpServer - Starting TomcatHttpServer...
22:43:31.281 [Test worker] DEBUG o.s.h.s.r.b.TomcatHttpServer - Server started on port 55309(0 millis).
22:43:31.283 [Test worker] DEBUG o.s.w.r.s.c.JettyWebSocketClient - Connecting to ws://localhost:55309/close
22:43:31.284 [http-nio-auto-152-exec-1] DEBUG o.s.w.s.a.HttpWebHandlerAdapter - [1280dd60] HTTP GET "/close"
22:43:31.285 [http-nio-auto-152-exec-1] DEBUG o.s.w.r.h.SimpleUrlHandlerMapping - [1280dd60] Mapped to org.springframework.web.reactive.socket.WebSocketIntegrationTests$SessionClosingHandler@16bf5be8
22:43:31.285 [http-nio-auto-152-exec-1] DEBUG o.s.w.s.a.HttpWebHandlerAdapter - [1280dd60] Completed 101 SWITCHING_PROTOCOLS
22:43:31.287 [http-nio-auto-152-exec-1] DEBUG o.s.w.r.s.a.TomcatWebSocketSession - [1280dd60] Session id "1c" for http://localhost:55309/close
22:43:31.287 [WebSocketClient@1149823838-8016] DEBUG o.s.w.r.s.a.JettyWebSocketSession - [7aaf620f] Session id "7aaf620f" for ws://localhost:55309/close
22:43:31.287 [WebSocketClient@1149823838-8016] DEBUG o.s.w.r.s.WebSocketIntegrationTests - Starting..
22:43:31.288 [WebSocketClient@1149823838-8008] DEBUG o.s.w.r.s.WebSocketIntegrationTests - Completed with: onComplete
22:43:31.291 [Test worker] DEBUG o.s.h.s.r.b.TomcatHttpServer - Stopping TomcatHttpServer...
22:43:31.301 [Test worker] DEBUG o.s.h.s.r.b.TomcatHttpServer - Server stopped (0 millis).
22:43:31.305 [Test worker] DEBUG o.s.w.r.h.SimpleUrlHandlerMapping - Patterns [/close, /echo, /sub-protocol, /custom-header] in 'handlerMapping'
22:43:31.305 [Test worker] DEBUG o.s.w.s.a.HttpWebHandlerAdapter - enableLoggingRequestDetails='false': form data and headers will be masked to prevent unsafe logging of potentially sensitive data
22:43:31.305 [Test worker] DEBUG o.s.h.s.r.b.TomcatHttpServer - Starting TomcatHttpServer...
22:43:31.310 [Test worker] DEBUG o.s.h.s.r.b.TomcatHttpServer - Server started on port 55312(0 millis).
22:43:31.311 [Test worker] DEBUG o.s.w.r.s.c.JettyWebSocketClient - Connecting to ws://localhost:55312/echo
22:43:31.313 [http-nio-auto-153-exec-1] DEBUG o.s.w.s.a.HttpWebHandlerAdapter - [1d6034b5] HTTP GET "/echo"
22:43:31.313 [http-nio-auto-153-exec-1] DEBUG o.s.w.r.h.SimpleUrlHandlerMapping - [1d6034b5] Mapped to org.springframework.web.reactive.socket.WebSocketIntegrationTests$EchoWebSocketHandler@195fa3c1
22:43:31.314 [http-nio-auto-153-exec-1] DEBUG o.s.w.s.a.HttpWebHandlerAdapter - [1d6034b5] Completed 101 SWITCHING_PROTOCOLS
22:43:31.315 [http-nio-auto-153-exec-1] DEBUG o.s.w.r.s.a.TomcatWebSocketSession - [1d6034b5] Session id "1d" for http://localhost:55312/echo
22:43:31.315 [WebSocketClient@1149823838-8043] DEBUG o.s.w.r.s.a.JettyWebSocketSession - [2ab9e7e3] Session id "2ab9e7e3" for ws://localhost:55312/echo
22:43:31.329 [Test worker] DEBUG o.s.h.s.r.b.TomcatHttpServer - Stopping TomcatHttpServer...
22:43:31.339 [Test worker] DEBUG o.s.h.s.r.b.TomcatHttpServer - Server stopped (0 millis).
22:43:31.342 [Test worker] DEBUG o.s.w.r.h.SimpleUrlHandlerMapping - Patterns [/close, /echo, /sub-protocol, /custom-header] in 'handlerMapping'
22:43:31.343 [Test worker] DEBUG o.s.w.s.a.HttpWebHandlerAdapter - enableLoggingRequestDetails='false': form data and headers will be masked to prevent unsafe logging of potentially sensitive data
22:43:31.343 [Test worker] DEBUG o.s.h.s.r.b.TomcatHttpServer - Starting TomcatHttpServer...
22:43:31.347 [Test worker] DEBUG o.s.h.s.r.b.TomcatHttpServer - Server started on port 55315(0 millis).
22:43:31.348 [Test worker] DEBUG o.s.w.r.s.c.JettyWebSocketClient - Connecting to ws://localhost:55315/custom-header
22:43:31.350 [http-nio-auto-154-exec-1] DEBUG o.s.w.s.a.HttpWebHandlerAdapter - [4f7c9d5a] HTTP GET "/custom-header"
22:43:31.350 [http-nio-auto-154-exec-1] DEBUG o.s.w.r.h.SimpleUrlHandlerMapping - [4f7c9d5a] Mapped to org.springframework.web.reactive.socket.WebSocketIntegrationTests$CustomHeaderHandler@4b43006d
22:43:31.350 [http-nio-auto-154-exec-1] DEBUG o.s.w.s.a.HttpWebHandlerAdapter - [4f7c9d5a] Completed 101 SWITCHING_PROTOCOLS
22:43:31.352 [http-nio-auto-154-exec-1] DEBUG o.s.w.r.s.a.TomcatWebSocketSession - [4f7c9d5a] Session id "1e" for http://localhost:55315/custom-header
22:43:31.353 [WebSocketClient@1149823838-8072] DEBUG o.s.w.r.s.a.JettyWebSocketSession - [257a7b94] Session id "257a7b94" for ws://localhost:55315/custom-header
22:43:31.356 [Test worker] DEBUG o.s.h.s.r.b.TomcatHttpServer - Stopping TomcatHttpServer...
22:43:31.365 [Test worker] DEBUG o.s.h.s.r.b.TomcatHttpServer - Server stopped (0 millis).
22:43:31.369 [Test worker] DEBUG o.s.w.r.h.SimpleUrlHandlerMapping - Patterns [/close, /echo, /sub-protocol, /custom-header] in 'handlerMapping'
22:43:31.369 [Test worker] DEBUG o.s.w.s.a.HttpWebHandlerAdapter - enableLoggingRequestDetails='false': form data and headers will be masked to prevent unsafe logging of potentially sensitive data
22:43:31.369 [Test worker] DEBUG o.s.h.s.r.b.TomcatHttpServer - Starting TomcatHttpServer...
22:43:31.374 [Test worker] DEBUG o.s.h.s.r.b.TomcatHttpServer - Server started on port 55318(0 millis).
22:43:31.375 [Test worker] DEBUG o.s.w.r.s.c.JettyWebSocketClient - Connecting to ws://localhost:55318/sub-protocol
22:43:31.377 [http-nio-auto-155-exec-1] DEBUG o.s.w.s.a.HttpWebHandlerAdapter - [1335c962] HTTP GET "/sub-protocol"
22:43:31.377 [http-nio-auto-155-exec-1] DEBUG o.s.w.r.h.SimpleUrlHandlerMapping - [1335c962] Mapped to org.springframework.web.reactive.socket.WebSocketIntegrationTests$SubProtocolWebSocketHandler@170a5fdc
22:43:31.378 [http-nio-auto-155-exec-1] DEBUG o.s.w.s.a.HttpWebHandlerAdapter - [1335c962] Completed 101 SWITCHING_PROTOCOLS
22:43:31.379 [http-nio-auto-155-exec-1] DEBUG o.s.w.r.s.a.TomcatWebSocketSession - [1335c962] Session id "1f" for http://localhost:55318/sub-protocol
22:43:31.380 [WebSocketClient@1149823838-8099] DEBUG o.s.w.r.s.a.JettyWebSocketSession - [2b2c1843] Session id "2b2c1843" for ws://localhost:55318/sub-protocol
22:43:31.384 [Test worker] DEBUG o.s.h.s.r.b.TomcatHttpServer - Stopping TomcatHttpServer...
22:43:31.393 [Test worker] DEBUG o.s.h.s.r.b.TomcatHttpServer - Server stopped (0 millis).
22:43:31.397 [Test worker] DEBUG o.s.w.r.h.SimpleUrlHandlerMapping - Patterns [/close, /echo, /sub-protocol, /custom-header] in 'handlerMapping'
22:43:31.397 [Test worker] DEBUG o.s.w.s.a.HttpWebHandlerAdapter - enableLoggingRequestDetails='false': form data and headers will be masked to prevent unsafe logging of potentially sensitive data
22:43:31.397 [Test worker] WARN  o.e.j.s.h.ContextHandler - Empty contextPath
22:43:31.397 [Test worker] INFO  o.e.j.s.h.ContextHandler - Started o.e.j.s.ServletContextHandler@75b43895{/,null,AVAILABLE}
22:43:31.397 [Test worker] DEBUG o.s.h.s.r.b.JettyHttpServer - Starting JettyHttpServer...
22:43:31.397 [Test worker] INFO  o.e.j.s.Server - jetty-9.4.18.v20190429; built: 2019-04-29T20:42:08.989Z; git: e1bc35120a6617ee3df052294e433f3a25ce7097; jvm 1.8.0_211-b12
22:43:31.398 [Test worker] INFO  o.e.j.s.AbstractConnector - Started ServerConnector@1d39074f{HTTP/1.1,[http/1.1]}{0.0.0.0:55321}
22:43:31.398 [Test worker] INFO  o.e.j.s.Server - Started @83825ms
22:43:31.398 [Test worker] DEBUG o.s.h.s.r.b.JettyHttpServer - Server started on port 55321(0 millis).
22:43:31.399 [Test worker] DEBUG o.s.w.r.s.c.JettyWebSocketClient - Connecting to ws://localhost:55321/close
22:43:31.401 [qtp520350247-8112] DEBUG o.s.w.s.a.HttpWebHandlerAdapter - [3853484e] HTTP GET "/close"
22:43:31.401 [qtp520350247-8112] DEBUG o.s.w.r.h.SimpleUrlHandlerMapping - [3853484e] Mapped to org.springframework.web.reactive.socket.WebSocketIntegrationTests$SessionClosingHandler@331c2ed7
22:43:31.403 [qtp520350247-8112] DEBUG o.s.w.s.a.HttpWebHandlerAdapter - [3853484e] Completed 101 SWITCHING_PROTOCOLS
22:43:31.403 [qtp520350247-8112] DEBUG o.s.w.r.s.a.JettyWebSocketSession - [3853484e] Session id "127021a3" for http://localhost:55321/close
22:43:31.404 [WebSocketClient@1149823838-8122] DEBUG o.s.w.r.s.a.JettyWebSocketSession - [326f41be] Session id "326f41be" for ws://localhost:55321/close
22:43:31.404 [WebSocketClient@1149823838-8122] DEBUG o.s.w.r.s.WebSocketIntegrationTests - Starting..
22:43:31.405 [WebSocketClient@1149823838-8114] DEBUG o.s.w.r.s.WebSocketIntegrationTests - Completed with: onComplete
22:43:31.406 [Test worker] DEBUG o.s.h.s.r.b.JettyHttpServer - Stopping JettyHttpServer...
22:43:31.406 [Test worker] INFO  o.e.j.s.h.ContextHandler - Stopped o.e.j.s.ServletContextHandler@75b43895{/,null,UNAVAILABLE}
22:43:31.407 [Test worker] INFO  o.e.j.s.AbstractConnector - Stopped ServerConnector@1d39074f{HTTP/1.1,[http/1.1]}{0.0.0.0:0}
22:43:31.407 [Test worker] DEBUG o.s.h.s.r.b.JettyHttpServer - Server stopped (0 millis).
22:43:31.411 [Test worker] DEBUG o.s.w.r.h.SimpleUrlHandlerMapping - Patterns [/close, /echo, /sub-protocol, /custom-header] in 'handlerMapping'
22:43:31.411 [Test worker] DEBUG o.s.w.s.a.HttpWebHandlerAdapter - enableLoggingRequestDetails='false': form data and headers will be masked to prevent unsafe logging of potentially sensitive data
22:43:31.411 [Test worker] WARN  o.e.j.s.h.ContextHandler - Empty contextPath
22:43:31.411 [Test worker] INFO  o.e.j.s.h.ContextHandler - Started o.e.j.s.ServletContextHandler@3882bbe1{/,null,AVAILABLE}
22:43:31.411 [Test worker] DEBUG o.s.h.s.r.b.JettyHttpServer - Starting JettyHttpServer...
22:43:31.411 [Test worker] INFO  o.e.j.s.Server - jetty-9.4.18.v20190429; built: 2019-04-29T20:42:08.989Z; git: e1bc35120a6617ee3df052294e433f3a25ce7097; jvm 1.8.0_211-b12
22:43:31.412 [Test worker] INFO  o.e.j.s.AbstractConnector - Started ServerConnector@3ab63dd2{HTTP/1.1,[http/1.1]}{0.0.0.0:55323}
22:43:31.412 [Test worker] INFO  o.e.j.s.Server - Started @83839ms
22:43:31.412 [Test worker] DEBUG o.s.h.s.r.b.JettyHttpServer - Server started on port 55323(0 millis).
22:43:31.414 [Test worker] DEBUG o.s.w.r.s.c.JettyWebSocketClient - Connecting to ws://localhost:55323/echo
22:43:31.415 [qtp1013768412-8141] DEBUG o.s.w.s.a.HttpWebHandlerAdapter - [7256210d] HTTP GET "/echo"
22:43:31.415 [qtp1013768412-8141] DEBUG o.s.w.r.h.SimpleUrlHandlerMapping - [7256210d] Mapped to org.springframework.web.reactive.socket.WebSocketIntegrationTests$EchoWebSocketHandler@7c91c137
22:43:31.417 [qtp1013768412-8141] DEBUG o.s.w.s.a.HttpWebHandlerAdapter - [7256210d] Completed 101 SWITCHING_PROTOCOLS
22:43:31.418 [qtp1013768412-8141] DEBUG o.s.w.r.s.a.JettyWebSocketSession - [7256210d] Session id "cdb3565" for http://localhost:55323/echo
22:43:31.418 [WebSocketClient@1149823838-8151] DEBUG o.s.w.r.s.a.JettyWebSocketSession - [1146f76c] Session id "1146f76c" for ws://localhost:55323/echo
22:43:31.427 [Test worker] DEBUG o.s.h.s.r.b.JettyHttpServer - Stopping JettyHttpServer...
22:43:31.427 [Test worker] INFO  o.e.j.s.h.ContextHandler - Stopped o.e.j.s.ServletContextHandler@3882bbe1{/,null,UNAVAILABLE}
22:43:31.427 [Test worker] INFO  o.e.j.s.AbstractConnector - Stopped ServerConnector@3ab63dd2{HTTP/1.1,[http/1.1]}{0.0.0.0:0}
22:43:31.428 [Test worker] DEBUG o.s.h.s.r.b.JettyHttpServer - Server stopped (0 millis).
22:43:31.432 [Test worker] DEBUG o.s.w.r.h.SimpleUrlHandlerMapping - Patterns [/close, /echo, /sub-protocol, /custom-header] in 'handlerMapping'
22:43:31.432 [Test worker] DEBUG o.s.w.s.a.HttpWebHandlerAdapter - enableLoggingRequestDetails='false': form data and headers will be masked to prevent unsafe logging of potentially sensitive data
22:43:31.432 [Test worker] WARN  o.e.j.s.h.ContextHandler - Empty contextPath
22:43:31.432 [Test worker] INFO  o.e.j.s.h.ContextHandler - Started o.e.j.s.ServletContextHandler@30d9469c{/,null,AVAILABLE}
22:43:31.432 [Test worker] DEBUG o.s.h.s.r.b.JettyHttpServer - Starting JettyHttpServer...
22:43:31.432 [Test worker] INFO  o.e.j.s.Server - jetty-9.4.18.v20190429; built: 2019-04-29T20:42:08.989Z; git: e1bc35120a6617ee3df052294e433f3a25ce7097; jvm 1.8.0_211-b12
22:43:31.433 [Test worker] INFO  o.e.j.s.AbstractConnector - Started ServerConnector@3d6501cc{HTTP/1.1,[http/1.1]}{0.0.0.0:55325}
22:43:31.433 [Test worker] INFO  o.e.j.s.Server - Started @83860ms
22:43:31.433 [Test worker] DEBUG o.s.h.s.r.b.JettyHttpServer - Server started on port 55325(0 millis).
22:43:31.435 [Test worker] DEBUG o.s.w.r.s.c.JettyWebSocketClient - Connecting to ws://localhost:55325/custom-header
22:43:31.436 [qtp197476996-8169] DEBUG o.s.w.s.a.HttpWebHandlerAdapter - [27e2f54a] HTTP GET "/custom-header"
22:43:31.436 [qtp197476996-8169] DEBUG o.s.w.r.h.SimpleUrlHandlerMapping - [27e2f54a] Mapped to org.springframework.web.reactive.socket.WebSocketIntegrationTests$CustomHeaderHandler@29251fc6
22:43:31.438 [qtp197476996-8169] DEBUG o.s.w.s.a.HttpWebHandlerAdapter - [27e2f54a] Completed 101 SWITCHING_PROTOCOLS
22:43:31.438 [qtp197476996-8169] DEBUG o.s.w.r.s.a.JettyWebSocketSession - [27e2f54a] Session id "593a1ae4" for http://localhost:55325/custom-header
22:43:31.439 [WebSocketClient@1149823838-8179] DEBUG o.s.w.r.s.a.JettyWebSocketSession - [2f9496d9] Session id "2f9496d9" for ws://localhost:55325/custom-header
22:43:31.441 [Test worker] DEBUG o.s.h.s.r.b.JettyHttpServer - Stopping JettyHttpServer...
22:43:31.441 [Test worker] INFO  o.e.j.s.h.ContextHandler - Stopped o.e.j.s.ServletContextHandler@30d9469c{/,null,UNAVAILABLE}
22:43:31.441 [Test worker] INFO  o.e.j.s.AbstractConnector - Stopped ServerConnector@3d6501cc{HTTP/1.1,[http/1.1]}{0.0.0.0:0}
22:43:31.441 [Test worker] DEBUG o.s.h.s.r.b.JettyHttpServer - Server stopped (0 millis).
22:43:31.445 [Test worker] DEBUG o.s.w.r.h.SimpleUrlHandlerMapping - Patterns [/close, /echo, /sub-protocol, /custom-header] in 'handlerMapping'
22:43:31.445 [Test worker] DEBUG o.s.w.s.a.HttpWebHandlerAdapter - enableLoggingRequestDetails='false': form data and headers will be masked to prevent unsafe logging of potentially sensitive data
22:43:31.445 [Test worker] WARN  o.e.j.s.h.ContextHandler - Empty contextPath
22:43:31.446 [Test worker] INFO  o.e.j.s.h.ContextHandler - Started o.e.j.s.ServletContextHandler@3b886b4a{/,null,AVAILABLE}
22:43:31.446 [Test worker] DEBUG o.s.h.s.r.b.JettyHttpServer - Starting JettyHttpServer...
22:43:31.446 [Test worker] INFO  o.e.j.s.Server - jetty-9.4.18.v20190429; built: 2019-04-29T20:42:08.989Z; git: e1bc35120a6617ee3df052294e433f3a25ce7097; jvm 1.8.0_211-b12
22:43:31.447 [Test worker] INFO  o.e.j.s.AbstractConnector - Started ServerConnector@5c6c4f16{HTTP/1.1,[http/1.1]}{0.0.0.0:55327}
22:43:31.447 [Test worker] INFO  o.e.j.s.Server - Started @83874ms
22:43:31.447 [Test worker] DEBUG o.s.h.s.r.b.JettyHttpServer - Server started on port 55327(0 millis).
22:43:31.449 [Test worker] DEBUG o.s.w.r.s.c.JettyWebSocketClient - Connecting to ws://localhost:55327/sub-protocol
22:43:31.450 [qtp151528435-8196] DEBUG o.s.w.s.a.HttpWebHandlerAdapter - [c1ebc71] HTTP GET "/sub-protocol"
22:43:31.450 [qtp151528435-8196] DEBUG o.s.w.r.h.SimpleUrlHandlerMapping - [c1ebc71] Mapped to org.springframework.web.reactive.socket.WebSocketIntegrationTests$SubProtocolWebSocketHandler@2d95382
22:43:31.452 [qtp151528435-8196] DEBUG o.s.w.s.a.HttpWebHandlerAdapter - [c1ebc71] Completed 101 SWITCHING_PROTOCOLS
22:43:31.453 [qtp151528435-8196] DEBUG o.s.w.r.s.a.JettyWebSocketSession - [c1ebc71] Session id "72ed990d" for http://localhost:55327/sub-protocol
22:43:31.453 [WebSocketClient@1149823838-8206] DEBUG o.s.w.r.s.a.JettyWebSocketSession - [9cf44b2] Session id "9cf44b2" for ws://localhost:55327/sub-protocol
22:43:31.456 [Test worker] DEBUG o.s.h.s.r.b.JettyHttpServer - Stopping JettyHttpServer...
22:43:31.456 [Test worker] INFO  o.e.j.s.h.ContextHandler - Stopped o.e.j.s.ServletContextHandler@3b886b4a{/,null,UNAVAILABLE}
22:43:31.457 [Test worker] INFO  o.e.j.s.AbstractConnector - Stopped ServerConnector@5c6c4f16{HTTP/1.1,[http/1.1]}{0.0.0.0:0}
22:43:31.457 [Test worker] DEBUG o.s.h.s.r.b.JettyHttpServer - Server stopped (0 millis).
22:43:31.461 [Test worker] DEBUG o.s.w.r.h.SimpleUrlHandlerMapping - Patterns [/close, /echo, /sub-protocol, /custom-header] in 'handlerMapping'
22:43:31.462 [Test worker] DEBUG o.s.w.s.a.HttpWebHandlerAdapter - enableLoggingRequestDetails='false': form data and headers will be masked to prevent unsafe logging of potentially sensitive data
22:43:31.462 [Test worker] DEBUG o.s.h.s.r.b.ReactorHttpServer - Starting ReactorHttpServer...
22:43:31.462 [Test worker] DEBUG o.s.h.s.r.b.ReactorHttpServer - Server started on port 55329(0 millis).
22:43:31.466 [Test worker] DEBUG o.s.w.r.s.c.ReactorNettyWebSocketClient - Connecting to ws://localhost:55329/close
22:43:31.493 [reactor-http-nio-11] DEBUG o.s.w.s.a.HttpWebHandlerAdapter - [f1ac787c] HTTP GET "/close"
22:43:31.493 [reactor-http-nio-11] DEBUG o.s.w.r.h.SimpleUrlHandlerMapping - [f1ac787c] Mapped to org.springframework.web.reactive.socket.WebSocketIntegrationTests$SessionClosingHandler@4670a0f0
22:43:31.494 [reactor-http-nio-11] DEBUG o.s.w.r.s.a.ReactorNettyWebSocketSession - [f1ac787c] Session id "78561a19" for http://localhost:55329/close
22:43:31.494 [reactor-http-nio-11] DEBUG o.s.w.s.a.HttpWebHandlerAdapter - [f1ac787c] Completed 200 OK
22:43:31.495 [reactor-http-nio-10] DEBUG o.s.w.r.s.a.ReactorNettyWebSocketSession - [98a8583] Session id "98a8583" for ws://localhost:55329/close
22:43:31.495 [reactor-http-nio-10] DEBUG o.s.w.r.s.c.ReactorNettyWebSocketClient - Started session '98a8583' for ws://localhost:55329/close
22:43:31.495 [reactor-http-nio-10] DEBUG o.s.w.r.s.WebSocketIntegrationTests - Starting..
22:43:31.496 [reactor-http-nio-10] DEBUG o.s.w.r.s.WebSocketIntegrationTests - Completed with: onComplete
22:43:31.496 [Test worker] DEBUG o.s.h.s.r.b.ReactorHttpServer - Stopping ReactorHttpServer...
22:43:31.496 [Test worker] DEBUG o.s.h.s.r.b.ReactorHttpServer - Server stopped (0 millis).
22:43:31.500 [Test worker] DEBUG o.s.w.r.h.SimpleUrlHandlerMapping - Patterns [/close, /echo, /sub-protocol, /custom-header] in 'handlerMapping'
22:43:31.500 [Test worker] DEBUG o.s.w.s.a.HttpWebHandlerAdapter - enableLoggingRequestDetails='false': form data and headers will be masked to prevent unsafe logging of potentially sensitive data
22:43:31.500 [Test worker] DEBUG o.s.h.s.r.b.ReactorHttpServer - Starting ReactorHttpServer...
22:43:31.501 [Test worker] DEBUG o.s.h.s.r.b.ReactorHttpServer - Server started on port 55331(0 millis).
22:43:31.501 [Test worker] DEBUG o.s.w.r.s.c.ReactorNettyWebSocketClient - Connecting to ws://localhost:55331/echo
22:43:31.502 [reactor-http-nio-1] DEBUG o.s.w.s.a.HttpWebHandlerAdapter - [5fc26f18] HTTP GET "/echo"
22:43:31.502 [reactor-http-nio-1] DEBUG o.s.w.r.h.SimpleUrlHandlerMapping - [5fc26f18] Mapped to org.springframework.web.reactive.socket.WebSocketIntegrationTests$EchoWebSocketHandler@640bf244
22:43:31.503 [reactor-http-nio-1] DEBUG o.s.w.r.s.a.ReactorNettyWebSocketSession - [5fc26f18] Session id "115a7340" for http://localhost:55331/echo
22:43:31.503 [reactor-http-nio-1] DEBUG o.s.w.s.a.HttpWebHandlerAdapter - [5fc26f18] Completed 200 OK
22:43:31.503 [reactor-http-nio-16] DEBUG o.s.w.r.s.a.ReactorNettyWebSocketSession - [75a9f88d] Session id "75a9f88d" for ws://localhost:55331/echo
22:43:31.503 [reactor-http-nio-16] DEBUG o.s.w.r.s.c.ReactorNettyWebSocketClient - Started session '75a9f88d' for ws://localhost:55331/echo
22:43:31.524 [Test worker] DEBUG o.s.h.s.r.b.ReactorHttpServer - Stopping ReactorHttpServer...
22:43:31.525 [Test worker] DEBUG o.s.h.s.r.b.ReactorHttpServer - Server stopped (0 millis).
22:43:31.528 [Test worker] DEBUG o.s.w.r.h.SimpleUrlHandlerMapping - Patterns [/close, /echo, /sub-protocol, /custom-header] in 'handlerMapping'
22:43:31.528 [Test worker] DEBUG o.s.w.s.a.HttpWebHandlerAdapter - enableLoggingRequestDetails='false': form data and headers will be masked to prevent unsafe logging of potentially sensitive data
22:43:31.529 [Test worker] DEBUG o.s.h.s.r.b.ReactorHttpServer - Starting ReactorHttpServer...
22:43:31.529 [Test worker] DEBUG o.s.h.s.r.b.ReactorHttpServer - Server started on port 55333(0 millis).
22:43:31.529 [Test worker] DEBUG o.s.w.r.s.c.ReactorNettyWebSocketClient - Connecting to ws://localhost:55333/custom-header
22:43:31.531 [reactor-http-nio-7] DEBUG o.s.w.s.a.HttpWebHandlerAdapter - [5fa8ed83] HTTP GET "/custom-header"
22:43:31.531 [reactor-http-nio-7] DEBUG o.s.w.r.h.SimpleUrlHandlerMapping - [5fa8ed83] Mapped to org.springframework.web.reactive.socket.WebSocketIntegrationTests$CustomHeaderHandler@1822ae4
22:43:31.531 [reactor-http-nio-7] DEBUG o.s.w.r.s.a.ReactorNettyWebSocketSession - [5fa8ed83] Session id "645f2e64" for http://localhost:55333/custom-header
22:43:31.532 [reactor-http-nio-7] DEBUG o.s.w.s.a.HttpWebHandlerAdapter - [5fa8ed83] Completed 200 OK
22:43:31.532 [reactor-http-nio-6] DEBUG o.s.w.r.s.a.ReactorNettyWebSocketSession - [723507b0] Session id "723507b0" for ws://localhost:55333/custom-header
22:43:31.532 [reactor-http-nio-6] DEBUG o.s.w.r.s.c.ReactorNettyWebSocketClient - Started session '723507b0' for ws://localhost:55333/custom-header
22:43:31.532 [Test worker] DEBUG o.s.h.s.r.b.ReactorHttpServer - Stopping ReactorHttpServer...
22:43:31.532 [Test worker] DEBUG o.s.h.s.r.b.ReactorHttpServer - Server stopped (0 millis).
22:43:31.536 [Test worker] DEBUG o.s.w.r.h.SimpleUrlHandlerMapping - Patterns [/close, /echo, /sub-protocol, /custom-header] in 'handlerMapping'
22:43:31.536 [Test worker] DEBUG o.s.w.s.a.HttpWebHandlerAdapter - enableLoggingRequestDetails='false': form data and headers will be masked to prevent unsafe logging of potentially sensitive data
22:43:31.536 [Test worker] DEBUG o.s.h.s.r.b.ReactorHttpServer - Starting ReactorHttpServer...
22:43:31.536 [Test worker] DEBUG o.s.h.s.r.b.ReactorHttpServer - Server started on port 55335(0 millis).
22:43:31.536 [Test worker] DEBUG o.s.w.r.s.c.ReactorNettyWebSocketClient - Connecting to ws://localhost:55335/sub-protocol
22:43:31.538 [reactor-http-nio-13] DEBUG o.s.w.s.a.HttpWebHandlerAdapter - [58ae7283] HTTP GET "/sub-protocol"
22:43:31.538 [reactor-http-nio-13] DEBUG o.s.w.r.h.SimpleUrlHandlerMapping - [58ae7283] Mapped to org.springframework.web.reactive.socket.WebSocketIntegrationTests$SubProtocolWebSocketHandler@7dbec172
22:43:31.539 [reactor-http-nio-13] DEBUG o.s.w.r.s.a.ReactorNettyWebSocketSession - [58ae7283] Session id "3d08410b" for http://localhost:55335/sub-protocol
22:43:31.539 [reactor-http-nio-13] DEBUG o.s.w.s.a.HttpWebHandlerAdapter - [58ae7283] Completed 200 OK
22:43:31.539 [reactor-http-nio-12] DEBUG o.s.w.r.s.a.ReactorNettyWebSocketSession - [36d748e0] Session id "36d748e0" for ws://localhost:55335/sub-protocol
22:43:31.539 [reactor-http-nio-12] DEBUG o.s.w.r.s.c.ReactorNettyWebSocketClient - Started session '36d748e0' for ws://localhost:55335/sub-protocol
22:43:31.539 [Test worker] DEBUG o.s.h.s.r.b.ReactorHttpServer - Stopping ReactorHttpServer...
22:43:31.539 [Test worker] DEBUG o.s.h.s.r.b.ReactorHttpServer - Server stopped (0 millis).
22:43:31.543 [Test worker] DEBUG o.s.w.r.h.SimpleUrlHandlerMapping - Patterns [/close, /echo, /sub-protocol, /custom-header] in 'handlerMapping'
22:43:31.543 [Test worker] DEBUG o.s.w.s.a.HttpWebHandlerAdapter - enableLoggingRequestDetails='false': form data and headers will be masked to prevent unsafe logging of potentially sensitive data
22:43:31.543 [Test worker] DEBUG o.s.h.s.r.b.UndertowHttpServer - Starting UndertowHttpServer...
22:43:31.545 [Test worker] DEBUG o.s.h.s.r.b.UndertowHttpServer - Server started on port 55337(0 millis).
22:43:31.545 [Test worker] DEBUG o.s.w.r.s.c.ReactorNettyWebSocketClient - Connecting to ws://localhost:55337/close
22:43:31.546 [XNIO-152 I/O-10] DEBUG o.s.w.s.a.HttpWebHandlerAdapter - [56688189] HTTP GET "/close"
22:43:31.546 [XNIO-152 I/O-10] DEBUG o.s.w.r.h.SimpleUrlHandlerMapping - [56688189] Mapped to org.springframework.web.reactive.socket.WebSocketIntegrationTests$SessionClosingHandler@52570f9c
22:43:31.547 [XNIO-152 I/O-10] DEBUG o.s.w.r.s.a.UndertowWebSocketSession - [56688189] Session id "2d66e9eb" for http://localhost:55337/close
22:43:31.547 [XNIO-152 I/O-10] DEBUG o.s.w.s.a.HttpWebHandlerAdapter - [56688189] Completed 101 SWITCHING_PROTOCOLS
22:43:31.547 [reactor-http-nio-1] DEBUG o.s.w.r.s.a.ReactorNettyWebSocketSession - [1130b0ab] Session id "1130b0ab" for ws://localhost:55337/close
22:43:31.547 [reactor-http-nio-1] DEBUG o.s.w.r.s.c.ReactorNettyWebSocketClient - Started session '1130b0ab' for ws://localhost:55337/close
22:43:31.547 [reactor-http-nio-1] DEBUG o.s.w.r.s.WebSocketIntegrationTests - Starting..
22:43:31.547 [reactor-http-nio-1] DEBUG o.s.w.r.s.WebSocketIntegrationTests - Completed with: onComplete
22:43:31.547 [Test worker] DEBUG o.s.h.s.r.b.UndertowHttpServer - Stopping UndertowHttpServer...
22:43:31.548 [Test worker] DEBUG o.s.h.s.r.b.UndertowHttpServer - Server stopped (0 millis).
22:43:31.551 [Test worker] DEBUG o.s.w.r.h.SimpleUrlHandlerMapping - Patterns [/close, /echo, /sub-protocol, /custom-header] in 'handlerMapping'
22:43:31.552 [Test worker] DEBUG o.s.w.s.a.HttpWebHandlerAdapter - enableLoggingRequestDetails='false': form data and headers will be masked to prevent unsafe logging of potentially sensitive data
22:43:31.552 [Test worker] DEBUG o.s.h.s.r.b.UndertowHttpServer - Starting UndertowHttpServer...
22:43:31.554 [Test worker] DEBUG o.s.h.s.r.b.UndertowHttpServer - Server started on port 55339(0 millis).
22:43:31.554 [Test worker] DEBUG o.s.w.r.s.c.ReactorNettyWebSocketClient - Connecting to ws://localhost:55339/echo
22:43:31.555 [XNIO-153 I/O-10] DEBUG o.s.w.s.a.HttpWebHandlerAdapter - [6ff3316e] HTTP GET "/echo"
22:43:31.555 [XNIO-153 I/O-10] DEBUG o.s.w.r.h.SimpleUrlHandlerMapping - [6ff3316e] Mapped to org.springframework.web.reactive.socket.WebSocketIntegrationTests$EchoWebSocketHandler@6bccb848
22:43:31.555 [XNIO-153 I/O-10] DEBUG o.s.w.r.s.a.UndertowWebSocketSession - [6ff3316e] Session id "23ed5052" for http://localhost:55339/echo
22:43:31.555 [XNIO-153 I/O-10] DEBUG o.s.w.s.a.HttpWebHandlerAdapter - [6ff3316e] Completed 101 SWITCHING_PROTOCOLS
22:43:31.556 [reactor-http-nio-5] DEBUG o.s.w.r.s.a.ReactorNettyWebSocketSession - [1b0affc6] Session id "1b0affc6" for ws://localhost:55339/echo
22:43:31.556 [reactor-http-nio-5] DEBUG o.s.w.r.s.c.ReactorNettyWebSocketClient - Started session '1b0affc6' for ws://localhost:55339/echo
22:43:31.571 [Test worker] DEBUG o.s.h.s.r.b.UndertowHttpServer - Stopping UndertowHttpServer...
22:43:31.571 [Test worker] DEBUG o.s.h.s.r.b.UndertowHttpServer - Server stopped (0 millis).
22:43:31.575 [Test worker] DEBUG o.s.w.r.h.SimpleUrlHandlerMapping - Patterns [/close, /echo, /sub-protocol, /custom-header] in 'handlerMapping'
22:43:31.576 [Test worker] DEBUG o.s.w.s.a.HttpWebHandlerAdapter - enableLoggingRequestDetails='false': form data and headers will be masked to prevent unsafe logging of potentially sensitive data
22:43:31.576 [Test worker] DEBUG o.s.h.s.r.b.UndertowHttpServer - Starting UndertowHttpServer...
22:43:31.578 [Test worker] DEBUG o.s.h.s.r.b.UndertowHttpServer - Server started on port 55341(0 millis).
22:43:31.578 [Test worker] DEBUG o.s.w.r.s.c.ReactorNettyWebSocketClient - Connecting to ws://localhost:55341/custom-header
22:43:31.579 [XNIO-154 I/O-10] DEBUG o.s.w.s.a.HttpWebHandlerAdapter - [6c76ed93] HTTP GET "/custom-header"
22:43:31.580 [XNIO-154 I/O-10] DEBUG o.s.w.r.h.SimpleUrlHandlerMapping - [6c76ed93] Mapped to org.springframework.web.reactive.socket.WebSocketIntegrationTests$CustomHeaderHandler@684974c5
22:43:31.580 [XNIO-154 I/O-10] DEBUG o.s.w.r.s.a.UndertowWebSocketSession - [6c76ed93] Session id "2d1a511d" for http://localhost:55341/custom-header
22:43:31.580 [XNIO-154 I/O-10] DEBUG o.s.w.s.a.HttpWebHandlerAdapter - [6c76ed93] Completed 101 SWITCHING_PROTOCOLS
22:43:31.580 [reactor-http-nio-9] DEBUG o.s.w.r.s.a.ReactorNettyWebSocketSession - [6910d4b] Session id "6910d4b" for ws://localhost:55341/custom-header
22:43:31.580 [reactor-http-nio-9] DEBUG o.s.w.r.s.c.ReactorNettyWebSocketClient - Started session '6910d4b' for ws://localhost:55341/custom-header
22:43:31.581 [Test worker] DEBUG o.s.h.s.r.b.UndertowHttpServer - Stopping UndertowHttpServer...
22:43:31.581 [Test worker] DEBUG o.s.h.s.r.b.UndertowHttpServer - Server stopped (0 millis).
22:43:31.584 [Test worker] DEBUG o.s.w.r.h.SimpleUrlHandlerMapping - Patterns [/close, /echo, /sub-protocol, /custom-header] in 'handlerMapping'
22:43:31.585 [Test worker] DEBUG o.s.w.s.a.HttpWebHandlerAdapter - enableLoggingRequestDetails='false': form data and headers will be masked to prevent unsafe logging of potentially sensitive data
22:43:31.585 [Test worker] DEBUG o.s.h.s.r.b.UndertowHttpServer - Starting UndertowHttpServer...
22:43:31.587 [Test worker] DEBUG o.s.h.s.r.b.UndertowHttpServer - Server started on port 55343(0 millis).
22:43:31.587 [Test worker] DEBUG o.s.w.r.s.c.ReactorNettyWebSocketClient - Connecting to ws://localhost:55343/sub-protocol
22:43:31.588 [XNIO-155 I/O-10] DEBUG o.s.w.s.a.HttpWebHandlerAdapter - [2a5c61c9] HTTP GET "/sub-protocol"
22:43:31.588 [XNIO-155 I/O-10] DEBUG o.s.w.r.h.SimpleUrlHandlerMapping - [2a5c61c9] Mapped to org.springframework.web.reactive.socket.WebSocketIntegrationTests$SubProtocolWebSocketHandler@2e63f05a
22:43:31.589 [XNIO-155 I/O-10] DEBUG o.s.w.r.s.a.UndertowWebSocketSession - [2a5c61c9] Session id "1bf0ec41" for http://localhost:55343/sub-protocol
22:43:31.589 [XNIO-155 I/O-10] DEBUG o.s.w.s.a.HttpWebHandlerAdapter - [2a5c61c9] Completed 101 SWITCHING_PROTOCOLS
22:43:31.589 [reactor-http-nio-13] DEBUG o.s.w.r.s.a.ReactorNettyWebSocketSession - [66f3ecd0] Session id "66f3ecd0" for ws://localhost:55343/sub-protocol
22:43:31.589 [reactor-http-nio-13] DEBUG o.s.w.r.s.c.ReactorNettyWebSocketClient - Started session '66f3ecd0' for ws://localhost:55343/sub-protocol
22:43:31.589 [Test worker] DEBUG o.s.h.s.r.b.UndertowHttpServer - Stopping UndertowHttpServer...
22:43:31.590 [Test worker] DEBUG o.s.h.s.r.b.UndertowHttpServer - Server stopped (0 millis).
22:43:31.593 [Test worker] DEBUG o.s.w.r.h.SimpleUrlHandlerMapping - Patterns [/close, /echo, /sub-protocol, /custom-header] in 'handlerMapping'
22:43:31.594 [Test worker] DEBUG o.s.w.s.a.HttpWebHandlerAdapter - enableLoggingRequestDetails='false': form data and headers will be masked to prevent unsafe logging of potentially sensitive data
22:43:31.594 [Test worker] DEBUG o.s.h.s.r.b.TomcatHttpServer - Starting TomcatHttpServer...
22:43:31.598 [Test worker] DEBUG o.s.h.s.r.b.TomcatHttpServer - Server started on port 55345(0 millis).
22:43:31.598 [Test worker] DEBUG o.s.w.r.s.c.ReactorNettyWebSocketClient - Connecting to ws://localhost:55345/close
22:43:31.600 [http-nio-auto-156-exec-1] DEBUG o.s.w.s.a.HttpWebHandlerAdapter - [617cd5dd] HTTP GET "/close"
22:43:31.600 [http-nio-auto-156-exec-1] DEBUG o.s.w.r.h.SimpleUrlHandlerMapping - [617cd5dd] Mapped to org.springframework.web.reactive.socket.WebSocketIntegrationTests$SessionClosingHandler@65435d2a
22:43:31.601 [http-nio-auto-156-exec-1] DEBUG o.s.w.s.a.HttpWebHandlerAdapter - [617cd5dd] Completed 101 SWITCHING_PROTOCOLS
22:43:31.602 [http-nio-auto-156-exec-1] DEBUG o.s.w.r.s.a.TomcatWebSocketSession - [617cd5dd] Session id "20" for http://localhost:55345/close
22:43:31.602 [reactor-http-nio-1] DEBUG o.s.w.r.s.a.ReactorNettyWebSocketSession - [7472d9b7] Session id "7472d9b7" for ws://localhost:55345/close
22:43:31.602 [reactor-http-nio-1] DEBUG o.s.w.r.s.c.ReactorNettyWebSocketClient - Started session '7472d9b7' for ws://localhost:55345/close
22:43:31.602 [reactor-http-nio-1] DEBUG o.s.w.r.s.WebSocketIntegrationTests - Starting..
22:43:31.602 [reactor-http-nio-1] DEBUG o.s.w.r.s.WebSocketIntegrationTests - Completed with: onComplete
22:43:31.602 [Test worker] DEBUG o.s.h.s.r.b.TomcatHttpServer - Stopping TomcatHttpServer...
22:43:31.613 [Test worker] DEBUG o.s.h.s.r.b.TomcatHttpServer - Server stopped (0 millis).
22:43:31.616 [Test worker] DEBUG o.s.w.r.h.SimpleUrlHandlerMapping - Patterns [/close, /echo, /sub-protocol, /custom-header] in 'handlerMapping'
22:43:31.617 [Test worker] DEBUG o.s.w.s.a.HttpWebHandlerAdapter - enableLoggingRequestDetails='false': form data and headers will be masked to prevent unsafe logging of potentially sensitive data
22:43:31.617 [Test worker] DEBUG o.s.h.s.r.b.TomcatHttpServer - Starting TomcatHttpServer...
22:43:31.621 [Test worker] DEBUG o.s.h.s.r.b.TomcatHttpServer - Server started on port 55348(0 millis).
22:43:31.621 [Test worker] DEBUG o.s.w.r.s.c.ReactorNettyWebSocketClient - Connecting to ws://localhost:55348/echo
22:43:31.623 [http-nio-auto-157-exec-1] DEBUG o.s.w.s.a.HttpWebHandlerAdapter - [6a0ea123] HTTP GET "/echo"
22:43:31.623 [http-nio-auto-157-exec-1] DEBUG o.s.w.r.h.SimpleUrlHandlerMapping - [6a0ea123] Mapped to org.springframework.web.reactive.socket.WebSocketIntegrationTests$EchoWebSocketHandler@6e3138ba
22:43:31.624 [http-nio-auto-157-exec-1] DEBUG o.s.w.s.a.HttpWebHandlerAdapter - [6a0ea123] Completed 101 SWITCHING_PROTOCOLS
22:43:31.625 [http-nio-auto-157-exec-1] DEBUG o.s.w.r.s.a.TomcatWebSocketSession - [6a0ea123] Session id "21" for http://localhost:55348/echo
22:43:31.625 [reactor-http-nio-5] DEBUG o.s.w.r.s.a.ReactorNettyWebSocketSession - [4cca94a] Session id "4cca94a" for ws://localhost:55348/echo
22:43:31.625 [reactor-http-nio-5] DEBUG o.s.w.r.s.c.ReactorNettyWebSocketClient - Started session '4cca94a' for ws://localhost:55348/echo
22:43:31.645 [Test worker] DEBUG o.s.h.s.r.b.TomcatHttpServer - Stopping TomcatHttpServer...
22:43:31.656 [Test worker] DEBUG o.s.h.s.r.b.TomcatHttpServer - Server stopped (0 millis).
22:43:31.661 [Test worker] DEBUG o.s.w.r.h.SimpleUrlHandlerMapping - Patterns [/close, /echo, /sub-protocol, /custom-header] in 'handlerMapping'
22:43:31.661 [Test worker] DEBUG o.s.w.s.a.HttpWebHandlerAdapter - enableLoggingRequestDetails='false': form data and headers will be masked to prevent unsafe logging of potentially sensitive data
22:43:31.661 [Test worker] DEBUG o.s.h.s.r.b.TomcatHttpServer - Starting TomcatHttpServer...
22:43:31.667 [Test worker] DEBUG o.s.h.s.r.b.TomcatHttpServer - Server started on port 55351(0 millis).
22:43:31.667 [Test worker] DEBUG o.s.w.r.s.c.ReactorNettyWebSocketClient - Connecting to ws://localhost:55351/custom-header
22:43:31.669 [http-nio-auto-158-exec-1] DEBUG o.s.w.s.a.HttpWebHandlerAdapter - [5efb87ae] HTTP GET "/custom-header"
22:43:31.669 [http-nio-auto-158-exec-1] DEBUG o.s.w.r.h.SimpleUrlHandlerMapping - [5efb87ae] Mapped to org.springframework.web.reactive.socket.WebSocketIntegrationTests$CustomHeaderHandler@5ac418a9
22:43:31.670 [http-nio-auto-158-exec-1] DEBUG o.s.w.s.a.HttpWebHandlerAdapter - [5efb87ae] Completed 101 SWITCHING_PROTOCOLS
22:43:31.671 [http-nio-auto-158-exec-1] DEBUG o.s.w.r.s.a.TomcatWebSocketSession - [5efb87ae] Session id "22" for http://localhost:55351/custom-header
22:43:31.671 [reactor-http-nio-9] DEBUG o.s.w.r.s.a.ReactorNettyWebSocketSession - [3ab03c01] Session id "3ab03c01" for ws://localhost:55351/custom-header
22:43:31.671 [reactor-http-nio-9] DEBUG o.s.w.r.s.c.ReactorNettyWebSocketClient - Started session '3ab03c01' for ws://localhost:55351/custom-header
22:43:31.672 [Test worker] DEBUG o.s.h.s.r.b.TomcatHttpServer - Stopping TomcatHttpServer...
22:43:31.685 [Test worker] DEBUG o.s.h.s.r.b.TomcatHttpServer - Server stopped (0 millis).
22:43:31.690 [Test worker] DEBUG o.s.w.r.h.SimpleUrlHandlerMapping - Patterns [/close, /echo, /sub-protocol, /custom-header] in 'handlerMapping'
22:43:31.691 [Test worker] DEBUG o.s.w.s.a.HttpWebHandlerAdapter - enableLoggingRequestDetails='false': form data and headers will be masked to prevent unsafe logging of potentially sensitive data
22:43:31.691 [Test worker] DEBUG o.s.h.s.r.b.TomcatHttpServer - Starting TomcatHttpServer...
22:43:31.697 [Test worker] DEBUG o.s.h.s.r.b.TomcatHttpServer - Server started on port 55354(0 millis).
22:43:31.697 [Test worker] DEBUG o.s.w.r.s.c.ReactorNettyWebSocketClient - Connecting to ws://localhost:55354/sub-protocol
22:43:31.699 [http-nio-auto-159-exec-1] DEBUG o.s.w.s.a.HttpWebHandlerAdapter - [bd7ff18] HTTP GET "/sub-protocol"
22:43:31.699 [http-nio-auto-159-exec-1] DEBUG o.s.w.r.h.SimpleUrlHandlerMapping - [bd7ff18] Mapped to org.springframework.web.reactive.socket.WebSocketIntegrationTests$SubProtocolWebSocketHandler@fe86aba
22:43:31.701 [http-nio-auto-159-exec-1] DEBUG o.s.w.s.a.HttpWebHandlerAdapter - [bd7ff18] Completed 101 SWITCHING_PROTOCOLS
22:43:31.702 [http-nio-auto-159-exec-1] DEBUG o.s.w.r.s.a.TomcatWebSocketSession - [bd7ff18] Session id "23" for http://localhost:55354/sub-protocol
22:43:31.703 [reactor-http-nio-13] DEBUG o.s.w.r.s.a.ReactorNettyWebSocketSession - [782932e1] Session id "782932e1" for ws://localhost:55354/sub-protocol
22:43:31.703 [reactor-http-nio-13] DEBUG o.s.w.r.s.c.ReactorNettyWebSocketClient - Started session '782932e1' for ws://localhost:55354/sub-protocol
22:43:31.704 [Test worker] DEBUG o.s.h.s.r.b.TomcatHttpServer - Stopping TomcatHttpServer...
22:43:31.713 [Test worker] DEBUG o.s.h.s.r.b.TomcatHttpServer - Server stopped (0 millis).
22:43:31.718 [Test worker] DEBUG o.s.w.r.h.SimpleUrlHandlerMapping - Patterns [/close, /echo, /sub-protocol, /custom-header] in 'handlerMapping'
22:43:31.718 [Test worker] DEBUG o.s.w.s.a.HttpWebHandlerAdapter - enableLoggingRequestDetails='false': form data and headers will be masked to prevent unsafe logging of potentially sensitive data
22:43:31.718 [Test worker] WARN  o.e.j.s.h.ContextHandler - Empty contextPath
22:43:31.718 [Test worker] INFO  o.e.j.s.h.ContextHandler - Started o.e.j.s.ServletContextHandler@3e1ac21b{/,null,AVAILABLE}
22:43:31.718 [Test worker] DEBUG o.s.h.s.r.b.JettyHttpServer - Starting JettyHttpServer...
22:43:31.718 [Test worker] INFO  o.e.j.s.Server - jetty-9.4.18.v20190429; built: 2019-04-29T20:42:08.989Z; git: e1bc35120a6617ee3df052294e433f3a25ce7097; jvm 1.8.0_211-b12
22:43:31.720 [Test worker] INFO  o.e.j.s.AbstractConnector - Started ServerConnector@3d46de15{HTTP/1.1,[http/1.1]}{0.0.0.0:55357}
22:43:31.720 [Test worker] INFO  o.e.j.s.Server - Started @84146ms
22:43:31.720 [Test worker] DEBUG o.s.h.s.r.b.JettyHttpServer - Server started on port 55357(0 millis).
22:43:31.720 [Test worker] DEBUG o.s.w.r.s.c.ReactorNettyWebSocketClient - Connecting to ws://localhost:55357/close
22:43:31.722 [qtp1011973809-8351] DEBUG o.s.w.s.a.HttpWebHandlerAdapter - [76767970] HTTP GET "/close"
22:43:31.722 [qtp1011973809-8351] DEBUG o.s.w.r.h.SimpleUrlHandlerMapping - [76767970] Mapped to org.springframework.web.reactive.socket.WebSocketIntegrationTests$SessionClosingHandler@68ae5910
22:43:31.724 [qtp1011973809-8351] DEBUG o.s.w.s.a.HttpWebHandlerAdapter - [76767970] Completed 101 SWITCHING_PROTOCOLS
22:43:31.724 [qtp1011973809-8351] DEBUG o.s.w.r.s.a.JettyWebSocketSession - [76767970] Session id "6696ce5d" for http://localhost:55357/close
22:43:31.724 [reactor-http-nio-1] DEBUG o.s.w.r.s.a.ReactorNettyWebSocketSession - [3079553f] Session id "3079553f" for ws://localhost:55357/close
22:43:31.724 [reactor-http-nio-1] DEBUG o.s.w.r.s.c.ReactorNettyWebSocketClient - Started session '3079553f' for ws://localhost:55357/close
22:43:31.724 [reactor-http-nio-1] DEBUG o.s.w.r.s.WebSocketIntegrationTests - Starting..
22:43:31.725 [reactor-http-nio-1] DEBUG o.s.w.r.s.WebSocketIntegrationTests - Completed with: onComplete
22:43:31.725 [Test worker] DEBUG o.s.h.s.r.b.JettyHttpServer - Stopping JettyHttpServer...
22:43:31.725 [Test worker] INFO  o.e.j.s.h.ContextHandler - Stopped o.e.j.s.ServletContextHandler@3e1ac21b{/,null,UNAVAILABLE}
22:43:31.725 [Test worker] INFO  o.e.j.s.AbstractConnector - Stopped ServerConnector@3d46de15{HTTP/1.1,[http/1.1]}{0.0.0.0:0}
22:43:31.726 [Test worker] DEBUG o.s.h.s.r.b.JettyHttpServer - Server stopped (0 millis).
22:43:31.730 [Test worker] DEBUG o.s.w.r.h.SimpleUrlHandlerMapping - Patterns [/close, /echo, /sub-protocol, /custom-header] in 'handlerMapping'
22:43:31.730 [Test worker] DEBUG o.s.w.s.a.HttpWebHandlerAdapter - enableLoggingRequestDetails='false': form data and headers will be masked to prevent unsafe logging of potentially sensitive data
22:43:31.730 [Test worker] WARN  o.e.j.s.h.ContextHandler - Empty contextPath
22:43:31.730 [Test worker] INFO  o.e.j.s.h.ContextHandler - Started o.e.j.s.ServletContextHandler@6f392eb8{/,null,AVAILABLE}
22:43:31.731 [Test worker] DEBUG o.s.h.s.r.b.JettyHttpServer - Starting JettyHttpServer...
22:43:31.731 [Test worker] INFO  o.e.j.s.Server - jetty-9.4.18.v20190429; built: 2019-04-29T20:42:08.989Z; git: e1bc35120a6617ee3df052294e433f3a25ce7097; jvm 1.8.0_211-b12
22:43:31.732 [Test worker] INFO  o.e.j.s.AbstractConnector - Started ServerConnector@cce7ca1{HTTP/1.1,[http/1.1]}{0.0.0.0:55359}
22:43:31.732 [Test worker] INFO  o.e.j.s.Server - Started @84158ms
22:43:31.732 [Test worker] DEBUG o.s.h.s.r.b.JettyHttpServer - Server started on port 55359(0 millis).
22:43:31.732 [Test worker] DEBUG o.s.w.r.s.c.ReactorNettyWebSocketClient - Connecting to ws://localhost:55359/echo
22:43:31.735 [qtp466455170-8368] DEBUG o.s.w.s.a.HttpWebHandlerAdapter - [7598e419] HTTP GET "/echo"
22:43:31.735 [qtp466455170-8368] DEBUG o.s.w.r.h.SimpleUrlHandlerMapping - [7598e419] Mapped to org.springframework.web.reactive.socket.WebSocketIntegrationTests$EchoWebSocketHandler@7b5f04da
22:43:31.737 [qtp466455170-8368] DEBUG o.s.w.s.a.HttpWebHandlerAdapter - [7598e419] Completed 101 SWITCHING_PROTOCOLS
22:43:31.737 [qtp466455170-8368] DEBUG o.s.w.r.s.a.JettyWebSocketSession - [7598e419] Session id "b12318b" for http://localhost:55359/echo
22:43:31.737 [reactor-http-nio-5] DEBUG o.s.w.r.s.a.ReactorNettyWebSocketSession - [1ad7c5ed] Session id "1ad7c5ed" for ws://localhost:55359/echo
22:43:31.737 [reactor-http-nio-5] DEBUG o.s.w.r.s.c.ReactorNettyWebSocketClient - Started session '1ad7c5ed' for ws://localhost:55359/echo
22:43:31.750 [Test worker] DEBUG o.s.h.s.r.b.JettyHttpServer - Stopping JettyHttpServer...
22:43:31.750 [Test worker] INFO  o.e.j.s.h.ContextHandler - Stopped o.e.j.s.ServletContextHandler@6f392eb8{/,null,UNAVAILABLE}
22:43:31.751 [Test worker] INFO  o.e.j.s.AbstractConnector - Stopped ServerConnector@cce7ca1{HTTP/1.1,[http/1.1]}{0.0.0.0:0}
22:43:31.751 [Test worker] DEBUG o.s.h.s.r.b.JettyHttpServer - Server stopped (0 millis).
22:43:31.755 [Test worker] DEBUG o.s.w.r.h.SimpleUrlHandlerMapping - Patterns [/close, /echo, /sub-protocol, /custom-header] in 'handlerMapping'
22:43:31.755 [Test worker] DEBUG o.s.w.s.a.HttpWebHandlerAdapter - enableLoggingRequestDetails='false': form data and headers will be masked to prevent unsafe logging of potentially sensitive data
22:43:31.755 [Test worker] WARN  o.e.j.s.h.ContextHandler - Empty contextPath
22:43:31.756 [Test worker] INFO  o.e.j.s.h.ContextHandler - Started o.e.j.s.ServletContextHandler@578adee6{/,null,AVAILABLE}
22:43:31.756 [Test worker] DEBUG o.s.h.s.r.b.JettyHttpServer - Starting JettyHttpServer...
22:43:31.756 [Test worker] INFO  o.e.j.s.Server - jetty-9.4.18.v20190429; built: 2019-04-29T20:42:08.989Z; git: e1bc35120a6617ee3df052294e433f3a25ce7097; jvm 1.8.0_211-b12
22:43:31.757 [Test worker] INFO  o.e.j.s.AbstractConnector - Started ServerConnector@7b780f29{HTTP/1.1,[http/1.1]}{0.0.0.0:55361}
22:43:31.757 [Test worker] INFO  o.e.j.s.Server - Started @84184ms
22:43:31.757 [Test worker] DEBUG o.s.h.s.r.b.JettyHttpServer - Server started on port 55361(0 millis).
22:43:31.757 [Test worker] DEBUG o.s.w.r.s.c.ReactorNettyWebSocketClient - Connecting to ws://localhost:55361/custom-header
22:43:31.759 [qtp552200766-8380] DEBUG o.s.w.s.a.HttpWebHandlerAdapter - [2d3e1195] HTTP GET "/custom-header"
22:43:31.759 [qtp552200766-8380] DEBUG o.s.w.r.h.SimpleUrlHandlerMapping - [2d3e1195] Mapped to org.springframework.web.reactive.socket.WebSocketIntegrationTests$CustomHeaderHandler@105dc09e
22:43:31.761 [qtp552200766-8380] DEBUG o.s.w.s.a.HttpWebHandlerAdapter - [2d3e1195] Completed 101 SWITCHING_PROTOCOLS
22:43:31.762 [qtp552200766-8380] DEBUG o.s.w.r.s.a.JettyWebSocketSession - [2d3e1195] Session id "1456ced8" for http://localhost:55361/custom-header
22:43:31.762 [reactor-http-nio-9] DEBUG o.s.w.r.s.a.ReactorNettyWebSocketSession - [3fbb642d] Session id "3fbb642d" for ws://localhost:55361/custom-header
22:43:31.762 [reactor-http-nio-9] DEBUG o.s.w.r.s.c.ReactorNettyWebSocketClient - Started session '3fbb642d' for ws://localhost:55361/custom-header
22:43:31.762 [Test worker] DEBUG o.s.h.s.r.b.JettyHttpServer - Stopping JettyHttpServer...
22:43:31.762 [Test worker] INFO  o.e.j.s.h.ContextHandler - Stopped o.e.j.s.ServletContextHandler@578adee6{/,null,UNAVAILABLE}
22:43:31.763 [Test worker] INFO  o.e.j.s.AbstractConnector - Stopped ServerConnector@7b780f29{HTTP/1.1,[http/1.1]}{0.0.0.0:0}
22:43:31.763 [Test worker] DEBUG o.s.h.s.r.b.JettyHttpServer - Server stopped (0 millis).
22:43:31.767 [Test worker] DEBUG o.s.w.r.h.SimpleUrlHandlerMapping - Patterns [/close, /echo, /sub-protocol, /custom-header] in 'handlerMapping'
22:43:31.768 [Test worker] DEBUG o.s.w.s.a.HttpWebHandlerAdapter - enableLoggingRequestDetails='false': form data and headers will be masked to prevent unsafe logging of potentially sensitive data
22:43:31.768 [Test worker] WARN  o.e.j.s.h.ContextHandler - Empty contextPath
22:43:31.768 [Test worker] INFO  o.e.j.s.h.ContextHandler - Started o.e.j.s.ServletContextHandler@2e0bc6a5{/,null,AVAILABLE}
22:43:31.768 [Test worker] DEBUG o.s.h.s.r.b.JettyHttpServer - Starting JettyHttpServer...
22:43:31.768 [Test worker] INFO  o.e.j.s.Server - jetty-9.4.18.v20190429; built: 2019-04-29T20:42:08.989Z; git: e1bc35120a6617ee3df052294e433f3a25ce7097; jvm 1.8.0_211-b12
22:43:31.769 [Test worker] INFO  o.e.j.s.AbstractConnector - Started ServerConnector@9b452c9{HTTP/1.1,[http/1.1]}{0.0.0.0:55363}
22:43:31.769 [Test worker] INFO  o.e.j.s.Server - Started @84196ms
22:43:31.769 [Test worker] DEBUG o.s.h.s.r.b.JettyHttpServer - Server started on port 55363(0 millis).
22:43:31.769 [Test worker] DEBUG o.s.w.r.s.c.ReactorNettyWebSocketClient - Connecting to ws://localhost:55363/sub-protocol
22:43:31.770 [qtp156321072-8398] DEBUG o.s.w.s.a.HttpWebHandlerAdapter - [64cbcd3b] HTTP GET "/sub-protocol"
22:43:31.770 [qtp156321072-8398] DEBUG o.s.w.r.h.SimpleUrlHandlerMapping - [64cbcd3b] Mapped to org.springframework.web.reactive.socket.WebSocketIntegrationTests$SubProtocolWebSocketHandler@6a0c3fd2
22:43:31.772 [qtp156321072-8398] DEBUG o.s.w.s.a.HttpWebHandlerAdapter - [64cbcd3b] Completed 101 SWITCHING_PROTOCOLS
22:43:31.772 [qtp156321072-8398] DEBUG o.s.w.r.s.a.JettyWebSocketSession - [64cbcd3b] Session id "1ad0d8e9" for http://localhost:55363/sub-protocol
22:43:31.773 [reactor-http-nio-13] DEBUG o.s.w.r.s.a.ReactorNettyWebSocketSession - [674ca7c5] Session id "674ca7c5" for ws://localhost:55363/sub-protocol
22:43:31.773 [reactor-http-nio-13] DEBUG o.s.w.r.s.c.ReactorNettyWebSocketClient - Started session '674ca7c5' for ws://localhost:55363/sub-protocol
22:43:31.773 [Test worker] DEBUG o.s.h.s.r.b.JettyHttpServer - Stopping JettyHttpServer...
22:43:31.773 [Test worker] INFO  o.e.j.s.h.ContextHandler - Stopped o.e.j.s.ServletContextHandler@2e0bc6a5{/,null,UNAVAILABLE}
22:43:31.773 [Test worker] INFO  o.e.j.s.AbstractConnector - Stopped ServerConnector@9b452c9{HTTP/1.1,[http/1.1]}{0.0.0.0:0}
22:43:31.774 [Test worker] DEBUG o.s.h.s.r.b.JettyHttpServer - Server stopped (0 millis).
22:43:31.777 [Test worker] DEBUG o.s.w.r.h.SimpleUrlHandlerMapping - Patterns [/close, /echo, /sub-protocol, /custom-header] in 'handlerMapping'
22:43:31.778 [Test worker] DEBUG o.s.w.s.a.HttpWebHandlerAdapter - enableLoggingRequestDetails='false': form data and headers will be masked to prevent unsafe logging of potentially sensitive data
22:43:31.778 [Test worker] DEBUG o.s.h.s.r.b.ReactorHttpServer - Starting ReactorHttpServer...
22:43:31.778 [Test worker] DEBUG o.s.h.s.r.b.ReactorHttpServer - Server started on port 55365(0 millis).
22:43:31.778 [Test worker] DEBUG o.s.w.r.s.c.ReactorNettyWebSocketClient - Connecting to ws://localhost:55365/close
22:43:31.779 [reactor-http-nio-3] DEBUG o.s.w.s.a.HttpWebHandlerAdapter - [b8511b34] HTTP GET "/close"
22:43:31.780 [reactor-http-nio-3] DEBUG o.s.w.r.h.SimpleUrlHandlerMapping - [b8511b34] Mapped to org.springframework.web.reactive.socket.WebSocketIntegrationTests$SessionClosingHandler@60c0ef5b
22:43:31.780 [reactor-http-nio-3] DEBUG o.s.w.r.s.a.ReactorNettyWebSocketSession - [b8511b34] Session id "1754bfcb" for http://localhost:55365/close
22:43:31.780 [reactor-http-nio-2] DEBUG o.s.w.r.s.a.ReactorNettyWebSocketSession - [1ddefa6b] Session id "1ddefa6b" for ws://localhost:55365/close
22:43:31.780 [reactor-http-nio-2] DEBUG o.s.w.r.s.c.ReactorNettyWebSocketClient - Started session '1ddefa6b' for ws://localhost:55365/close
22:43:31.780 [reactor-http-nio-2] DEBUG o.s.w.r.s.WebSocketIntegrationTests - Starting..
22:43:31.780 [reactor-http-nio-3] DEBUG o.s.w.s.a.HttpWebHandlerAdapter - [b8511b34] Completed 200 OK
22:43:31.780 [reactor-http-nio-2] DEBUG o.s.w.r.s.WebSocketIntegrationTests - Completed with: onComplete
22:43:31.781 [Test worker] DEBUG o.s.h.s.r.b.ReactorHttpServer - Stopping ReactorHttpServer...
22:43:31.781 [Test worker] DEBUG o.s.h.s.r.b.ReactorHttpServer - Server stopped (0 millis).
22:43:31.784 [Test worker] DEBUG o.s.w.r.h.SimpleUrlHandlerMapping - Patterns [/close, /echo, /sub-protocol, /custom-header] in 'handlerMapping'
22:43:31.784 [Test worker] DEBUG o.s.w.s.a.HttpWebHandlerAdapter - enableLoggingRequestDetails='false': form data and headers will be masked to prevent unsafe logging of potentially sensitive data
22:43:31.784 [Test worker] DEBUG o.s.h.s.r.b.ReactorHttpServer - Starting ReactorHttpServer...
22:43:31.785 [Test worker] DEBUG o.s.h.s.r.b.ReactorHttpServer - Server started on port 55367(0 millis).
22:43:31.785 [Test worker] DEBUG o.s.w.r.s.c.ReactorNettyWebSocketClient - Connecting to ws://localhost:55367/echo
22:43:31.786 [reactor-http-nio-9] DEBUG o.s.w.s.a.HttpWebHandlerAdapter - [d3425bb7] HTTP GET "/echo"
22:43:31.786 [reactor-http-nio-9] DEBUG o.s.w.r.h.SimpleUrlHandlerMapping - [d3425bb7] Mapped to org.springframework.web.reactive.socket.WebSocketIntegrationTests$EchoWebSocketHandler@2192f632
22:43:31.787 [reactor-http-nio-9] DEBUG o.s.w.r.s.a.ReactorNettyWebSocketSession - [d3425bb7] Session id "3ee48949" for http://localhost:55367/echo
22:43:31.787 [reactor-http-nio-9] DEBUG o.s.w.s.a.HttpWebHandlerAdapter - [d3425bb7] Completed 200 OK
22:43:31.787 [reactor-http-nio-8] DEBUG o.s.w.r.s.a.ReactorNettyWebSocketSession - [405f6a48] Session id "405f6a48" for ws://localhost:55367/echo
22:43:31.787 [reactor-http-nio-8] DEBUG o.s.w.r.s.c.ReactorNettyWebSocketClient - Started session '405f6a48' for ws://localhost:55367/echo
22:43:31.805 [Test worker] DEBUG o.s.h.s.r.b.ReactorHttpServer - Stopping ReactorHttpServer...
22:43:31.805 [Test worker] DEBUG o.s.h.s.r.b.ReactorHttpServer - Server stopped (0 millis).
22:43:31.809 [Test worker] DEBUG o.s.w.r.h.SimpleUrlHandlerMapping - Patterns [/close, /echo, /sub-protocol, /custom-header] in 'handlerMapping'
22:43:31.809 [Test worker] DEBUG o.s.w.s.a.HttpWebHandlerAdapter - enableLoggingRequestDetails='false': form data and headers will be masked to prevent unsafe logging of potentially sensitive data
22:43:31.809 [Test worker] DEBUG o.s.h.s.r.b.ReactorHttpServer - Starting ReactorHttpServer...
22:43:31.809 [Test worker] DEBUG o.s.h.s.r.b.ReactorHttpServer - Server started on port 55372(0 millis).
22:43:31.809 [Test worker] DEBUG o.s.w.r.s.c.ReactorNettyWebSocketClient - Connecting to ws://localhost:55372/custom-header
22:43:31.811 [reactor-http-nio-15] DEBUG o.s.w.s.a.HttpWebHandlerAdapter - [9bdfa404] HTTP GET "/custom-header"
22:43:31.811 [reactor-http-nio-15] DEBUG o.s.w.r.h.SimpleUrlHandlerMapping - [9bdfa404] Mapped to org.springframework.web.reactive.socket.WebSocketIntegrationTests$CustomHeaderHandler@567acbdf
22:43:31.811 [reactor-http-nio-15] DEBUG o.s.w.r.s.a.ReactorNettyWebSocketSession - [9bdfa404] Session id "201ff11a" for http://localhost:55372/custom-header
22:43:31.812 [reactor-http-nio-15] DEBUG o.s.w.s.a.HttpWebHandlerAdapter - [9bdfa404] Completed 200 OK
22:43:31.812 [reactor-http-nio-14] DEBUG o.s.w.r.s.a.ReactorNettyWebSocketSession - [7151e6a8] Session id "7151e6a8" for ws://localhost:55372/custom-header
22:43:31.812 [reactor-http-nio-14] DEBUG o.s.w.r.s.c.ReactorNettyWebSocketClient - Started session '7151e6a8' for ws://localhost:55372/custom-header
22:43:31.812 [Test worker] DEBUG o.s.h.s.r.b.ReactorHttpServer - Stopping ReactorHttpServer...
22:43:31.812 [Test worker] DEBUG o.s.h.s.r.b.ReactorHttpServer - Server stopped (0 millis).
22:43:31.816 [Test worker] DEBUG o.s.w.r.h.SimpleUrlHandlerMapping - Patterns [/close, /echo, /sub-protocol, /custom-header] in 'handlerMapping'
22:43:31.817 [Test worker] DEBUG o.s.w.s.a.HttpWebHandlerAdapter - enableLoggingRequestDetails='false': form data and headers will be masked to prevent unsafe logging of potentially sensitive data
22:43:31.817 [Test worker] DEBUG o.s.h.s.r.b.ReactorHttpServer - Starting ReactorHttpServer...
22:43:31.817 [Test worker] DEBUG o.s.h.s.r.b.ReactorHttpServer - Server started on port 55374(0 millis).
22:43:31.817 [Test worker] DEBUG o.s.w.r.s.c.ReactorNettyWebSocketClient - Connecting to ws://localhost:55374/sub-protocol
22:43:31.818 [reactor-http-nio-5] DEBUG o.s.w.s.a.HttpWebHandlerAdapter - [56ab7230] HTTP GET "/sub-protocol"
22:43:31.818 [reactor-http-nio-5] DEBUG o.s.w.r.h.SimpleUrlHandlerMapping - [56ab7230] Mapped to org.springframework.web.reactive.socket.WebSocketIntegrationTests$SubProtocolWebSocketHandler@22cb899e
22:43:31.819 [reactor-http-nio-5] DEBUG o.s.w.r.s.a.ReactorNettyWebSocketSession - [56ab7230] Session id "1d058d36" for http://localhost:55374/sub-protocol
22:43:31.819 [reactor-http-nio-5] DEBUG o.s.w.s.a.HttpWebHandlerAdapter - [56ab7230] Completed 200 OK
22:43:31.819 [reactor-http-nio-4] DEBUG o.s.w.r.s.a.ReactorNettyWebSocketSession - [3fa213a7] Session id "3fa213a7" for ws://localhost:55374/sub-protocol
22:43:31.819 [reactor-http-nio-4] DEBUG o.s.w.r.s.c.ReactorNettyWebSocketClient - Started session '3fa213a7' for ws://localhost:55374/sub-protocol
22:43:31.819 [Test worker] DEBUG o.s.h.s.r.b.ReactorHttpServer - Stopping ReactorHttpServer...
22:43:31.820 [Test worker] DEBUG o.s.h.s.r.b.ReactorHttpServer - Server stopped (0 millis).
22:43:31.823 [Test worker] DEBUG o.s.w.r.h.SimpleUrlHandlerMapping - Patterns [/close, /echo, /sub-protocol, /custom-header] in 'handlerMapping'
22:43:31.823 [Test worker] DEBUG o.s.w.s.a.HttpWebHandlerAdapter - enableLoggingRequestDetails='false': form data and headers will be masked to prevent unsafe logging of potentially sensitive data
22:43:31.823 [Test worker] DEBUG o.s.h.s.r.b.UndertowHttpServer - Starting UndertowHttpServer...
22:43:31.825 [Test worker] DEBUG o.s.h.s.r.b.UndertowHttpServer - Server started on port 55376(0 millis).
22:43:31.826 [Test worker] DEBUG o.s.w.r.s.c.UndertowWebSocketClient - Connecting to ws://localhost:55376/close
22:43:31.843 [XNIO-156 I/O-2] DEBUG o.s.w.s.a.HttpWebHandlerAdapter - [559cd935] HTTP GET "/close"
22:43:31.843 [XNIO-156 I/O-2] DEBUG o.s.w.r.h.SimpleUrlHandlerMapping - [559cd935] Mapped to org.springframework.web.reactive.socket.WebSocketIntegrationTests$SessionClosingHandler@51a3575e
22:43:31.844 [XNIO-156 I/O-2] DEBUG o.s.w.r.s.a.UndertowWebSocketSession - [559cd935] Session id "76defb27" for http://localhost:55376/close
22:43:31.844 [XNIO-156 I/O-2] DEBUG o.s.w.s.a.HttpWebHandlerAdapter - [559cd935] Completed 101 SWITCHING_PROTOCOLS
22:43:31.848 [XNIO-143 I/O-1] DEBUG o.s.w.r.s.a.UndertowWebSocketSession - [430b8e85] Session id "430b8e85" for ws://localhost:55376/close
22:43:31.849 [XNIO-143 I/O-1] DEBUG o.s.w.r.s.WebSocketIntegrationTests - Starting..
22:43:31.849 [Test worker] DEBUG o.s.h.s.r.b.UndertowHttpServer - Stopping UndertowHttpServer...
22:43:31.849 [XNIO-143 I/O-1] DEBUG o.s.w.r.s.WebSocketIntegrationTests - Completed with: onComplete
22:43:31.849 [Test worker] DEBUG o.s.h.s.r.b.UndertowHttpServer - Server stopped (0 millis).
22:43:31.853 [Test worker] DEBUG o.s.w.r.h.SimpleUrlHandlerMapping - Patterns [/close, /echo, /sub-protocol, /custom-header] in 'handlerMapping'
22:43:31.853 [Test worker] DEBUG o.s.w.s.a.HttpWebHandlerAdapter - enableLoggingRequestDetails='false': form data and headers will be masked to prevent unsafe logging of potentially sensitive data
22:43:31.853 [Test worker] DEBUG o.s.h.s.r.b.UndertowHttpServer - Starting UndertowHttpServer...
22:43:31.855 [Test worker] DEBUG o.s.h.s.r.b.UndertowHttpServer - Server started on port 55378(0 millis).
22:43:31.855 [Test worker] DEBUG o.s.w.r.s.c.UndertowWebSocketClient - Connecting to ws://localhost:55378/echo
22:43:31.856 [XNIO-157 I/O-2] DEBUG o.s.w.s.a.HttpWebHandlerAdapter - [49319ca2] HTTP GET "/echo"
22:43:31.856 [XNIO-157 I/O-2] DEBUG o.s.w.r.h.SimpleUrlHandlerMapping - [49319ca2] Mapped to org.springframework.web.reactive.socket.WebSocketIntegrationTests$EchoWebSocketHandler@4d0e115c
22:43:31.856 [XNIO-157 I/O-2] DEBUG o.s.w.r.s.a.UndertowWebSocketSession - [49319ca2] Session id "27c0aa3d" for http://localhost:55378/echo
22:43:31.856 [XNIO-157 I/O-2] DEBUG o.s.w.s.a.HttpWebHandlerAdapter - [49319ca2] Completed 101 SWITCHING_PROTOCOLS
22:43:31.857 [XNIO-143 I/O-1] DEBUG o.s.w.r.s.a.UndertowWebSocketSession - [2353e35e] Session id "2353e35e" for ws://localhost:55378/echo
22:43:31.864 [Test worker] DEBUG o.s.h.s.r.b.UndertowHttpServer - Stopping UndertowHttpServer...
22:43:31.864 [Test worker] DEBUG o.s.h.s.r.b.UndertowHttpServer - Server stopped (0 millis).
22:43:31.868 [Test worker] DEBUG o.s.w.r.h.SimpleUrlHandlerMapping - Patterns [/close, /echo, /sub-protocol, /custom-header] in 'handlerMapping'
22:43:31.869 [Test worker] DEBUG o.s.w.s.a.HttpWebHandlerAdapter - enableLoggingRequestDetails='false': form data and headers will be masked to prevent unsafe logging of potentially sensitive data
22:43:31.869 [Test worker] DEBUG o.s.h.s.r.b.UndertowHttpServer - Starting UndertowHttpServer...
22:43:31.871 [Test worker] DEBUG o.s.h.s.r.b.UndertowHttpServer - Server started on port 55380(0 millis).
22:43:31.871 [Test worker] DEBUG o.s.w.r.s.c.UndertowWebSocketClient - Connecting to ws://localhost:55380/custom-header
22:43:31.872 [XNIO-158 I/O-2] DEBUG o.s.w.s.a.HttpWebHandlerAdapter - [1ea76649] HTTP GET "/custom-header"
22:43:31.872 [XNIO-158 I/O-2] DEBUG o.s.w.r.h.SimpleUrlHandlerMapping - [1ea76649] Mapped to org.springframework.web.reactive.socket.WebSocketIntegrationTests$CustomHeaderHandler@1a98e145
22:43:31.872 [XNIO-158 I/O-2] DEBUG o.s.w.r.s.a.UndertowWebSocketSession - [1ea76649] Session id "28c41a7f" for http://localhost:55380/custom-header
22:43:31.872 [XNIO-143 I/O-1] DEBUG o.s.w.r.s.a.UndertowWebSocketSession - [3c333e17] Session id "3c333e17" for ws://localhost:55380/custom-header
22:43:31.872 [XNIO-158 I/O-2] DEBUG o.s.w.s.a.HttpWebHandlerAdapter - [1ea76649] Completed 101 SWITCHING_PROTOCOLS
22:43:31.872 [Test worker] DEBUG o.s.h.s.r.b.UndertowHttpServer - Stopping UndertowHttpServer...
22:43:31.873 [Test worker] DEBUG o.s.h.s.r.b.UndertowHttpServer - Server stopped (0 millis).
22:43:31.877 [Test worker] DEBUG o.s.w.r.h.SimpleUrlHandlerMapping - Patterns [/close, /echo, /sub-protocol, /custom-header] in 'handlerMapping'
22:43:31.877 [Test worker] DEBUG o.s.w.s.a.HttpWebHandlerAdapter - enableLoggingRequestDetails='false': form data and headers will be masked to prevent unsafe logging of potentially sensitive data
22:43:31.877 [Test worker] DEBUG o.s.h.s.r.b.UndertowHttpServer - Starting UndertowHttpServer...
22:43:31.879 [Test worker] DEBUG o.s.h.s.r.b.UndertowHttpServer - Server started on port 55382(0 millis).
22:43:31.879 [Test worker] DEBUG o.s.w.r.s.c.UndertowWebSocketClient - Connecting to ws://localhost:55382/sub-protocol
22:43:31.880 [XNIO-159 I/O-2] DEBUG o.s.w.s.a.HttpWebHandlerAdapter - [5e0d7acd] HTTP GET "/sub-protocol"
22:43:31.880 [XNIO-159 I/O-2] DEBUG o.s.w.r.h.SimpleUrlHandlerMapping - [5e0d7acd] Mapped to org.springframework.web.reactive.socket.WebSocketIntegrationTests$SubProtocolWebSocketHandler@5a32e5d4
22:43:31.880 [XNIO-159 I/O-2] DEBUG o.s.w.r.s.a.UndertowWebSocketSession - [5e0d7acd] Session id "78b0beef" for http://localhost:55382/sub-protocol
22:43:31.880 [XNIO-143 I/O-1] DEBUG o.s.w.r.s.a.UndertowWebSocketSession - [14e0819e] Session id "14e0819e" for ws://localhost:55382/sub-protocol
22:43:31.880 [XNIO-159 I/O-2] DEBUG o.s.w.s.a.HttpWebHandlerAdapter - [5e0d7acd] Completed 101 SWITCHING_PROTOCOLS
22:43:31.880 [Test worker] DEBUG o.s.h.s.r.b.UndertowHttpServer - Stopping UndertowHttpServer...
22:43:31.881 [Test worker] DEBUG o.s.h.s.r.b.UndertowHttpServer - Server stopped (0 millis).
22:43:31.884 [Test worker] DEBUG o.s.w.r.h.SimpleUrlHandlerMapping - Patterns [/close, /echo, /sub-protocol, /custom-header] in 'handlerMapping'
22:43:31.885 [Test worker] DEBUG o.s.w.s.a.HttpWebHandlerAdapter - enableLoggingRequestDetails='false': form data and headers will be masked to prevent unsafe logging of potentially sensitive data
22:43:31.885 [Test worker] DEBUG o.s.h.s.r.b.TomcatHttpServer - Starting TomcatHttpServer...
22:43:31.889 [Test worker] DEBUG o.s.h.s.r.b.TomcatHttpServer - Server started on port 55384(0 millis).
22:43:31.889 [Test worker] DEBUG o.s.w.r.s.c.UndertowWebSocketClient - Connecting to ws://localhost:55384/close
22:43:31.890 [http-nio-auto-160-exec-1] DEBUG o.s.w.s.a.HttpWebHandlerAdapter - [5a550e0] HTTP GET "/close"
22:43:31.890 [http-nio-auto-160-exec-1] DEBUG o.s.w.r.h.SimpleUrlHandlerMapping - [5a550e0] Mapped to org.springframework.web.reactive.socket.WebSocketIntegrationTests$SessionClosingHandler@19ac48c
22:43:31.890 [http-nio-auto-160-exec-1] DEBUG o.s.w.s.a.HttpWebHandlerAdapter - [5a550e0] Completed 101 SWITCHING_PROTOCOLS
22:43:31.891 [XNIO-143 I/O-1] DEBUG o.s.w.r.s.a.UndertowWebSocketSession - [2f2dbff6] Session id "2f2dbff6" for ws://localhost:55384/close
22:43:31.891 [http-nio-auto-160-exec-1] DEBUG o.s.w.r.s.a.TomcatWebSocketSession - [5a550e0] Session id "24" for http://localhost:55384/close
22:43:31.891 [XNIO-143 I/O-1] DEBUG o.s.w.r.s.WebSocketIntegrationTests - Starting..
22:43:31.891 [Test worker] DEBUG o.s.h.s.r.b.TomcatHttpServer - Stopping TomcatHttpServer...
22:43:31.891 [XNIO-143 I/O-1] DEBUG o.s.w.r.s.WebSocketIntegrationTests - Completed with: onComplete
22:43:31.900 [Test worker] DEBUG o.s.h.s.r.b.TomcatHttpServer - Server stopped (0 millis).
22:43:31.904 [Test worker] DEBUG o.s.w.r.h.SimpleUrlHandlerMapping - Patterns [/close, /echo, /sub-protocol, /custom-header] in 'handlerMapping'
22:43:31.904 [Test worker] DEBUG o.s.w.s.a.HttpWebHandlerAdapter - enableLoggingRequestDetails='false': form data and headers will be masked to prevent unsafe logging of potentially sensitive data
22:43:31.904 [Test worker] DEBUG o.s.h.s.r.b.TomcatHttpServer - Starting TomcatHttpServer...
22:43:31.908 [Test worker] DEBUG o.s.h.s.r.b.TomcatHttpServer - Server started on port 55387(0 millis).
22:43:31.908 [Test worker] DEBUG o.s.w.r.s.c.UndertowWebSocketClient - Connecting to ws://localhost:55387/echo
22:43:31.909 [http-nio-auto-161-exec-1] DEBUG o.s.w.s.a.HttpWebHandlerAdapter - [3784c6dd] HTTP GET "/echo"
22:43:31.909 [http-nio-auto-161-exec-1] DEBUG o.s.w.r.h.SimpleUrlHandlerMapping - [3784c6dd] Mapped to org.springframework.web.reactive.socket.WebSocketIntegrationTests$EchoWebSocketHandler@33bb54f5
22:43:31.910 [http-nio-auto-161-exec-1] DEBUG o.s.w.s.a.HttpWebHandlerAdapter - [3784c6dd] Completed 101 SWITCHING_PROTOCOLS
22:43:31.910 [XNIO-143 I/O-1] DEBUG o.s.w.r.s.a.UndertowWebSocketSession - [13d8e05e] Session id "13d8e05e" for ws://localhost:55387/echo
22:43:31.910 [http-nio-auto-161-exec-1] DEBUG o.s.w.r.s.a.TomcatWebSocketSession - [3784c6dd] Session id "25" for http://localhost:55387/echo
22:43:31.914 [Test worker] DEBUG o.s.h.s.r.b.TomcatHttpServer - Stopping TomcatHttpServer...
22:43:31.924 [Test worker] DEBUG o.s.h.s.r.b.TomcatHttpServer - Server stopped (0 millis).
22:43:31.927 [Test worker] DEBUG o.s.w.r.h.SimpleUrlHandlerMapping - Patterns [/close, /echo, /sub-protocol, /custom-header] in 'handlerMapping'
22:43:31.928 [Test worker] DEBUG o.s.w.s.a.HttpWebHandlerAdapter - enableLoggingRequestDetails='false': form data and headers will be masked to prevent unsafe logging of potentially sensitive data
22:43:31.928 [Test worker] DEBUG o.s.h.s.r.b.TomcatHttpServer - Starting TomcatHttpServer...
22:43:31.932 [Test worker] DEBUG o.s.h.s.r.b.TomcatHttpServer - Server started on port 55390(0 millis).
22:43:31.932 [Test worker] DEBUG o.s.w.r.s.c.UndertowWebSocketClient - Connecting to ws://localhost:55390/custom-header
22:43:31.933 [http-nio-auto-162-exec-1] DEBUG o.s.w.s.a.HttpWebHandlerAdapter - [5842c556] HTTP GET "/custom-header"
22:43:31.933 [http-nio-auto-162-exec-1] DEBUG o.s.w.r.h.SimpleUrlHandlerMapping - [5842c556] Mapped to org.springframework.web.reactive.socket.WebSocketIntegrationTests$CustomHeaderHandler@5c7d4a86
22:43:31.934 [http-nio-auto-162-exec-1] DEBUG o.s.w.s.a.HttpWebHandlerAdapter - [5842c556] Completed 101 SWITCHING_PROTOCOLS
22:43:31.934 [XNIO-143 I/O-1] DEBUG o.s.w.r.s.a.UndertowWebSocketSession - [36beb7b4] Session id "36beb7b4" for ws://localhost:55390/custom-header
22:43:31.934 [http-nio-auto-162-exec-1] DEBUG o.s.w.r.s.a.TomcatWebSocketSession - [5842c556] Session id "26" for http://localhost:55390/custom-header
22:43:31.935 [Test worker] DEBUG o.s.h.s.r.b.TomcatHttpServer - Stopping TomcatHttpServer...
22:43:31.945 [Test worker] DEBUG o.s.h.s.r.b.TomcatHttpServer - Server stopped (0 millis).
22:43:31.949 [Test worker] DEBUG o.s.w.r.h.SimpleUrlHandlerMapping - Patterns [/close, /echo, /sub-protocol, /custom-header] in 'handlerMapping'
22:43:31.949 [Test worker] DEBUG o.s.w.s.a.HttpWebHandlerAdapter - enableLoggingRequestDetails='false': form data and headers will be masked to prevent unsafe logging of potentially sensitive data
22:43:31.949 [Test worker] DEBUG o.s.h.s.r.b.TomcatHttpServer - Starting TomcatHttpServer...
22:43:31.953 [Test worker] DEBUG o.s.h.s.r.b.TomcatHttpServer - Server started on port 55393(0 millis).
22:43:31.953 [Test worker] DEBUG o.s.w.r.s.c.UndertowWebSocketClient - Connecting to ws://localhost:55393/sub-protocol
22:43:31.954 [http-nio-auto-163-exec-1] DEBUG o.s.w.s.a.HttpWebHandlerAdapter - [3879ff64] HTTP GET "/sub-protocol"
22:43:31.954 [http-nio-auto-163-exec-1] DEBUG o.s.w.r.h.SimpleUrlHandlerMapping - [3879ff64] Mapped to org.springframework.web.reactive.socket.WebSocketIntegrationTests$SubProtocolWebSocketHandler@3c466cb3
22:43:31.955 [http-nio-auto-163-exec-1] DEBUG o.s.w.s.a.HttpWebHandlerAdapter - [3879ff64] Completed 101 SWITCHING_PROTOCOLS
22:43:31.956 [XNIO-143 I/O-1] DEBUG o.s.w.r.s.a.UndertowWebSocketSession - [26c22c8c] Session id "26c22c8c" for ws://localhost:55393/sub-protocol
22:43:31.956 [http-nio-auto-163-exec-1] DEBUG o.s.w.r.s.a.TomcatWebSocketSession - [3879ff64] Session id "27" for http://localhost:55393/sub-protocol
22:43:31.957 [Test worker] DEBUG o.s.h.s.r.b.TomcatHttpServer - Stopping TomcatHttpServer...
22:43:31.967 [Test worker] DEBUG o.s.h.s.r.b.TomcatHttpServer - Server stopped (0 millis).
22:43:31.970 [Test worker] DEBUG o.s.w.r.h.SimpleUrlHandlerMapping - Patterns [/close, /echo, /sub-protocol, /custom-header] in 'handlerMapping'
22:43:31.970 [Test worker] DEBUG o.s.w.s.a.HttpWebHandlerAdapter - enableLoggingRequestDetails='false': form data and headers will be masked to prevent unsafe logging of potentially sensitive data
22:43:31.970 [Test worker] WARN  o.e.j.s.h.ContextHandler - Empty contextPath
22:43:31.971 [Test worker] INFO  o.e.j.s.h.ContextHandler - Started o.e.j.s.ServletContextHandler@5e861334{/,null,AVAILABLE}
22:43:31.971 [Test worker] DEBUG o.s.h.s.r.b.JettyHttpServer - Starting JettyHttpServer...
22:43:31.971 [Test worker] INFO  o.e.j.s.Server - jetty-9.4.18.v20190429; built: 2019-04-29T20:42:08.989Z; git: e1bc35120a6617ee3df052294e433f3a25ce7097; jvm 1.8.0_211-b12
22:43:31.972 [Test worker] INFO  o.e.j.s.AbstractConnector - Started ServerConnector@4a043453{HTTP/1.1,[http/1.1]}{0.0.0.0:55396}
22:43:31.972 [Test worker] INFO  o.e.j.s.Server - Started @84398ms
22:43:31.972 [Test worker] DEBUG o.s.h.s.r.b.JettyHttpServer - Server started on port 55396(0 millis).
22:43:31.972 [Test worker] DEBUG o.s.w.r.s.c.UndertowWebSocketClient - Connecting to ws://localhost:55396/close
22:43:31.973 [qtp1895876643-8540] DEBUG o.s.w.s.a.HttpWebHandlerAdapter - [490205e1] HTTP GET "/close"
22:43:31.973 [qtp1895876643-8540] DEBUG o.s.w.r.h.SimpleUrlHandlerMapping - [490205e1] Mapped to org.springframework.web.reactive.socket.WebSocketIntegrationTests$SessionClosingHandler@47c5f2b1
22:43:31.974 [qtp1895876643-8540] DEBUG o.s.w.s.a.HttpWebHandlerAdapter - [490205e1] Completed 101 SWITCHING_PROTOCOLS
22:43:31.975 [qtp1895876643-8540] DEBUG o.s.w.r.s.a.JettyWebSocketSession - [490205e1] Session id "3734f983" for http://localhost:55396/close
22:43:31.975 [XNIO-143 I/O-1] DEBUG o.s.w.r.s.a.UndertowWebSocketSession - [6452e5ad] Session id "6452e5ad" for ws://localhost:55396/close
22:43:31.975 [XNIO-143 I/O-1] DEBUG o.s.w.r.s.WebSocketIntegrationTests - Starting..
22:43:31.975 [Test worker] DEBUG o.s.h.s.r.b.JettyHttpServer - Stopping JettyHttpServer...
22:43:31.975 [XNIO-143 I/O-1] DEBUG o.s.w.r.s.WebSocketIntegrationTests - Completed with: onComplete
22:43:31.975 [Test worker] INFO  o.e.j.s.h.ContextHandler - Stopped o.e.j.s.ServletContextHandler@5e861334{/,null,UNAVAILABLE}
22:43:31.975 [Test worker] INFO  o.e.j.s.AbstractConnector - Stopped ServerConnector@4a043453{HTTP/1.1,[http/1.1]}{0.0.0.0:0}
22:43:31.976 [Test worker] DEBUG o.s.h.s.r.b.JettyHttpServer - Server stopped (0 millis).
22:43:31.979 [Test worker] DEBUG o.s.w.r.h.SimpleUrlHandlerMapping - Patterns [/close, /echo, /sub-protocol, /custom-header] in 'handlerMapping'
22:43:31.979 [Test worker] DEBUG o.s.w.s.a.HttpWebHandlerAdapter - enableLoggingRequestDetails='false': form data and headers will be masked to prevent unsafe logging of potentially sensitive data
22:43:31.979 [Test worker] WARN  o.e.j.s.h.ContextHandler - Empty contextPath
22:43:31.979 [Test worker] INFO  o.e.j.s.h.ContextHandler - Started o.e.j.s.ServletContextHandler@71151297{/,null,AVAILABLE}
22:43:31.980 [Test worker] DEBUG o.s.h.s.r.b.JettyHttpServer - Starting JettyHttpServer...
22:43:31.980 [Test worker] INFO  o.e.j.s.Server - jetty-9.4.18.v20190429; built: 2019-04-29T20:42:08.989Z; git: e1bc35120a6617ee3df052294e433f3a25ce7097; jvm 1.8.0_211-b12
22:43:31.981 [Test worker] INFO  o.e.j.s.AbstractConnector - Started ServerConnector@46b75ba2{HTTP/1.1,[http/1.1]}{0.0.0.0:55398}
22:43:31.981 [Test worker] INFO  o.e.j.s.Server - Started @84407ms
22:43:31.981 [Test worker] DEBUG o.s.h.s.r.b.JettyHttpServer - Server started on port 55398(0 millis).
22:43:31.981 [Test worker] DEBUG o.s.w.r.s.c.UndertowWebSocketClient - Connecting to ws://localhost:55398/echo
22:43:31.982 [qtp1445197312-8557] DEBUG o.s.w.s.a.HttpWebHandlerAdapter - [42de232e] HTTP GET "/echo"
22:43:31.982 [qtp1445197312-8557] DEBUG o.s.w.r.h.SimpleUrlHandlerMapping - [42de232e] Mapped to org.springframework.web.reactive.socket.WebSocketIntegrationTests$EchoWebSocketHandler@4c19c505
22:43:31.984 [qtp1445197312-8557] DEBUG o.s.w.s.a.HttpWebHandlerAdapter - [42de232e] Completed 101 SWITCHING_PROTOCOLS
22:43:31.984 [qtp1445197312-8557] DEBUG o.s.w.r.s.a.JettyWebSocketSession - [42de232e] Session id "3c6381d5" for http://localhost:55398/echo
22:43:31.984 [XNIO-143 I/O-1] DEBUG o.s.w.r.s.a.UndertowWebSocketSession - [30dc3369] Session id "30dc3369" for ws://localhost:55398/echo
22:43:31.987 [Test worker] DEBUG o.s.h.s.r.b.JettyHttpServer - Stopping JettyHttpServer...
22:43:31.987 [Test worker] INFO  o.e.j.s.h.ContextHandler - Stopped o.e.j.s.ServletContextHandler@71151297{/,null,UNAVAILABLE}
22:43:31.988 [Test worker] INFO  o.e.j.s.AbstractConnector - Stopped ServerConnector@46b75ba2{HTTP/1.1,[http/1.1]}{0.0.0.0:0}
22:43:31.988 [Test worker] DEBUG o.s.h.s.r.b.JettyHttpServer - Server stopped (0 millis).
22:43:31.992 [Test worker] DEBUG o.s.w.r.h.SimpleUrlHandlerMapping - Patterns [/close, /echo, /sub-protocol, /custom-header] in 'handlerMapping'
22:43:31.992 [Test worker] DEBUG o.s.w.s.a.HttpWebHandlerAdapter - enableLoggingRequestDetails='false': form data and headers will be masked to prevent unsafe logging of potentially sensitive data
22:43:31.992 [Test worker] WARN  o.e.j.s.h.ContextHandler - Empty contextPath
22:43:31.992 [Test worker] INFO  o.e.j.s.h.ContextHandler - Started o.e.j.s.ServletContextHandler@cba81ae{/,null,AVAILABLE}
22:43:31.993 [Test worker] DEBUG o.s.h.s.r.b.JettyHttpServer - Starting JettyHttpServer...
22:43:31.993 [Test worker] INFO  o.e.j.s.Server - jetty-9.4.18.v20190429; built: 2019-04-29T20:42:08.989Z; git: e1bc35120a6617ee3df052294e433f3a25ce7097; jvm 1.8.0_211-b12
22:43:31.994 [Test worker] INFO  o.e.j.s.AbstractConnector - Started ServerConnector@4ae34d64{HTTP/1.1,[http/1.1]}{0.0.0.0:55400}
22:43:31.994 [Test worker] INFO  o.e.j.s.Server - Started @84420ms
22:43:31.994 [Test worker] DEBUG o.s.h.s.r.b.JettyHttpServer - Server started on port 55400(0 millis).
22:43:31.994 [Test worker] DEBUG o.s.w.r.s.c.UndertowWebSocketClient - Connecting to ws://localhost:55400/custom-header
22:43:31.995 [qtp376002102-8570] DEBUG o.s.w.s.a.HttpWebHandlerAdapter - [38690002] HTTP GET "/custom-header"
22:43:31.995 [qtp376002102-8570] DEBUG o.s.w.r.h.SimpleUrlHandlerMapping - [38690002] Mapped to org.springframework.web.reactive.socket.WebSocketIntegrationTests$CustomHeaderHandler@292613be
22:43:31.996 [qtp376002102-8570] DEBUG o.s.w.s.a.HttpWebHandlerAdapter - [38690002] Completed 101 SWITCHING_PROTOCOLS
22:43:31.997 [qtp376002102-8570] DEBUG o.s.w.r.s.a.JettyWebSocketSession - [38690002] Session id "11e0c8c3" for http://localhost:55400/custom-header
22:43:31.997 [XNIO-143 I/O-1] DEBUG o.s.w.r.s.a.UndertowWebSocketSession - [731c31d1] Session id "731c31d1" for ws://localhost:55400/custom-header
22:43:31.997 [Test worker] DEBUG o.s.h.s.r.b.JettyHttpServer - Stopping JettyHttpServer...
22:43:31.997 [Test worker] INFO  o.e.j.s.h.ContextHandler - Stopped o.e.j.s.ServletContextHandler@cba81ae{/,null,UNAVAILABLE}
22:43:31.997 [Test worker] INFO  o.e.j.s.AbstractConnector - Stopped ServerConnector@4ae34d64{HTTP/1.1,[http/1.1]}{0.0.0.0:0}
22:43:31.998 [Test worker] DEBUG o.s.h.s.r.b.JettyHttpServer - Server stopped (0 millis).
22:43:32.001 [Test worker] DEBUG o.s.w.r.h.SimpleUrlHandlerMapping - Patterns [/close, /echo, /sub-protocol, /custom-header] in 'handlerMapping'
22:43:32.001 [Test worker] DEBUG o.s.w.s.a.HttpWebHandlerAdapter - enableLoggingRequestDetails='false': form data and headers will be masked to prevent unsafe logging of potentially sensitive data
22:43:32.001 [Test worker] WARN  o.e.j.s.h.ContextHandler - Empty contextPath
22:43:32.002 [Test worker] INFO  o.e.j.s.h.ContextHandler - Started o.e.j.s.ServletContextHandler@57d2181e{/,null,AVAILABLE}
22:43:32.002 [Test worker] DEBUG o.s.h.s.r.b.JettyHttpServer - Starting JettyHttpServer...
22:43:32.002 [Test worker] INFO  o.e.j.s.Server - jetty-9.4.18.v20190429; built: 2019-04-29T20:42:08.989Z; git: e1bc35120a6617ee3df052294e433f3a25ce7097; jvm 1.8.0_211-b12
22:43:32.003 [Test worker] INFO  o.e.j.s.AbstractConnector - Started ServerConnector@5d14199e{HTTP/1.1,[http/1.1]}{0.0.0.0:55402}
22:43:32.003 [Test worker] INFO  o.e.j.s.Server - Started @84429ms
22:43:32.003 [Test worker] DEBUG o.s.h.s.r.b.JettyHttpServer - Server started on port 55402(0 millis).
22:43:32.003 [Test worker] DEBUG o.s.w.r.s.c.UndertowWebSocketClient - Connecting to ws://localhost:55402/sub-protocol
22:43:32.004 [qtp1108136088-8585] DEBUG o.s.w.s.a.HttpWebHandlerAdapter - [4d02308] HTTP GET "/sub-protocol"
22:43:32.004 [qtp1108136088-8585] DEBUG o.s.w.r.h.SimpleUrlHandlerMapping - [4d02308] Mapped to org.springframework.web.reactive.socket.WebSocketIntegrationTests$SubProtocolWebSocketHandler@7880257d
22:43:32.006 [qtp1108136088-8585] DEBUG o.s.w.s.a.HttpWebHandlerAdapter - [4d02308] Completed 101 SWITCHING_PROTOCOLS
22:43:32.006 [qtp1108136088-8585] DEBUG o.s.w.r.s.a.JettyWebSocketSession - [4d02308] Session id "55b3aa43" for http://localhost:55402/sub-protocol
22:43:32.007 [XNIO-143 I/O-1] DEBUG o.s.w.r.s.a.UndertowWebSocketSession - [440dd572] Session id "440dd572" for ws://localhost:55402/sub-protocol
22:43:32.007 [Test worker] DEBUG o.s.h.s.r.b.JettyHttpServer - Stopping JettyHttpServer...
22:43:32.007 [Test worker] INFO  o.e.j.s.h.ContextHandler - Stopped o.e.j.s.ServletContextHandler@57d2181e{/,null,UNAVAILABLE}
22:43:32.008 [Test worker] INFO  o.e.j.s.AbstractConnector - Stopped ServerConnector@5d14199e{HTTP/1.1,[http/1.1]}{0.0.0.0:0}
22:43:32.008 [Test worker] DEBUG o.s.h.s.r.b.JettyHttpServer - Server stopped (0 millis).
22:43:32.011 [Test worker] DEBUG o.s.w.r.h.SimpleUrlHandlerMapping - Patterns [/close, /echo, /sub-protocol, /custom-header] in 'handlerMapping'
22:43:32.012 [Test worker] DEBUG o.s.w.s.a.HttpWebHandlerAdapter - enableLoggingRequestDetails='false': form data and headers will be masked to prevent unsafe logging of potentially sensitive data
22:43:32.012 [Test worker] DEBUG o.s.h.s.r.b.ReactorHttpServer - Starting ReactorHttpServer...
22:43:32.012 [Test worker] DEBUG o.s.h.s.r.b.ReactorHttpServer - Server started on port 55404(0 millis).
22:43:32.012 [Test worker] DEBUG o.s.w.r.s.c.UndertowWebSocketClient - Connecting to ws://localhost:55404/close
22:43:32.013 [reactor-http-nio-7] DEBUG o.s.w.s.a.HttpWebHandlerAdapter - [5395b050] HTTP GET "/close"
22:43:32.013 [reactor-http-nio-7] DEBUG o.s.w.r.h.SimpleUrlHandlerMapping - [5395b050] Mapped to org.springframework.web.reactive.socket.WebSocketIntegrationTests$SessionClosingHandler@440e787a
22:43:32.014 [reactor-http-nio-7] DEBUG o.s.w.r.s.a.ReactorNettyWebSocketSession - [5395b050] Session id "5d8edbdc" for http://localhost:55404/close
22:43:32.014 [XNIO-143 I/O-1] DEBUG o.s.w.r.s.a.UndertowWebSocketSession - [37013fd3] Session id "37013fd3" for ws://localhost:55404/close
22:43:32.014 [XNIO-143 I/O-1] DEBUG o.s.w.r.s.WebSocketIntegrationTests - Starting..
22:43:32.014 [reactor-http-nio-7] DEBUG o.s.w.s.a.HttpWebHandlerAdapter - [5395b050] Completed 200 OK
22:43:32.014 [Test worker] DEBUG o.s.h.s.r.b.ReactorHttpServer - Stopping ReactorHttpServer...
22:43:32.014 [Test worker] DEBUG o.s.h.s.r.b.ReactorHttpServer - Server stopped (0 millis).
22:43:32.014 [XNIO-143 I/O-1] DEBUG o.s.w.r.s.WebSocketIntegrationTests - Completed with: onComplete
22:43:32.018 [Test worker] DEBUG o.s.w.r.h.SimpleUrlHandlerMapping - Patterns [/close, /echo, /sub-protocol, /custom-header] in 'handlerMapping'
22:43:32.018 [Test worker] DEBUG o.s.w.s.a.HttpWebHandlerAdapter - enableLoggingRequestDetails='false': form data and headers will be masked to prevent unsafe logging of potentially sensitive data
22:43:32.018 [Test worker] DEBUG o.s.h.s.r.b.ReactorHttpServer - Starting ReactorHttpServer...
22:43:32.018 [Test worker] DEBUG o.s.h.s.r.b.ReactorHttpServer - Server started on port 55406(0 millis).
22:43:32.018 [Test worker] DEBUG o.s.w.r.s.c.UndertowWebSocketClient - Connecting to ws://localhost:55406/echo
22:43:32.019 [reactor-http-nio-9] DEBUG o.s.w.s.a.HttpWebHandlerAdapter - [2d028b0c] HTTP GET "/echo"
22:43:32.019 [reactor-http-nio-9] DEBUG o.s.w.r.h.SimpleUrlHandlerMapping - [2d028b0c] Mapped to org.springframework.web.reactive.socket.WebSocketIntegrationTests$EchoWebSocketHandler@57ad53bd
22:43:32.020 [reactor-http-nio-9] DEBUG o.s.w.r.s.a.ReactorNettyWebSocketSession - [2d028b0c] Session id "1d22bbaa" for http://localhost:55406/echo
22:43:32.020 [reactor-http-nio-9] DEBUG o.s.w.s.a.HttpWebHandlerAdapter - [2d028b0c] Completed 200 OK
22:43:32.020 [XNIO-143 I/O-1] DEBUG o.s.w.r.s.a.UndertowWebSocketSession - [66171521] Session id "66171521" for ws://localhost:55406/echo
22:43:32.029 [Test worker] DEBUG o.s.h.s.r.b.ReactorHttpServer - Stopping ReactorHttpServer...
22:43:32.029 [Test worker] DEBUG o.s.h.s.r.b.ReactorHttpServer - Server stopped (0 millis).
22:43:32.033 [Test worker] DEBUG o.s.w.r.h.SimpleUrlHandlerMapping - Patterns [/close, /echo, /sub-protocol, /custom-header] in 'handlerMapping'
22:43:32.033 [Test worker] DEBUG o.s.w.s.a.HttpWebHandlerAdapter - enableLoggingRequestDetails='false': form data and headers will be masked to prevent unsafe logging of potentially sensitive data
22:43:32.033 [Test worker] DEBUG o.s.h.s.r.b.ReactorHttpServer - Starting ReactorHttpServer...
22:43:32.033 [Test worker] DEBUG o.s.h.s.r.b.ReactorHttpServer - Server started on port 55408(0 millis).
22:43:32.034 [Test worker] DEBUG o.s.w.r.s.c.UndertowWebSocketClient - Connecting to ws://localhost:55408/custom-header
22:43:32.034 [reactor-http-nio-11] DEBUG o.s.w.s.a.HttpWebHandlerAdapter - [e8415d07] HTTP GET "/custom-header"
22:43:32.034 [reactor-http-nio-11] DEBUG o.s.w.r.h.SimpleUrlHandlerMapping - [e8415d07] Mapped to org.springframework.web.reactive.socket.WebSocketIntegrationTests$CustomHeaderHandler@18e8c71b
22:43:32.035 [reactor-http-nio-11] DEBUG o.s.w.r.s.a.ReactorNettyWebSocketSession - [e8415d07] Session id "7b87f516" for http://localhost:55408/custom-header
22:43:32.035 [XNIO-143 I/O-1] DEBUG o.s.w.r.s.a.UndertowWebSocketSession - [7417228b] Session id "7417228b" for ws://localhost:55408/custom-header
22:43:32.035 [reactor-http-nio-11] DEBUG o.s.w.s.a.HttpWebHandlerAdapter - [e8415d07] Completed 200 OK
22:43:32.035 [Test worker] DEBUG o.s.h.s.r.b.ReactorHttpServer - Stopping ReactorHttpServer...
22:43:32.035 [Test worker] DEBUG o.s.h.s.r.b.ReactorHttpServer - Server stopped (0 millis).
22:43:32.039 [Test worker] DEBUG o.s.w.r.h.SimpleUrlHandlerMapping - Patterns [/close, /echo, /sub-protocol, /custom-header] in 'handlerMapping'
22:43:32.039 [Test worker] DEBUG o.s.w.s.a.HttpWebHandlerAdapter - enableLoggingRequestDetails='false': form data and headers will be masked to prevent unsafe logging of potentially sensitive data
22:43:32.039 [Test worker] DEBUG o.s.h.s.r.b.ReactorHttpServer - Starting ReactorHttpServer...
22:43:32.040 [Test worker] DEBUG o.s.h.s.r.b.ReactorHttpServer - Server started on port 55410(0 millis).
22:43:32.040 [Test worker] DEBUG o.s.w.r.s.c.UndertowWebSocketClient - Connecting to ws://localhost:55410/sub-protocol
22:43:32.040 [reactor-http-nio-13] DEBUG o.s.w.s.a.HttpWebHandlerAdapter - [e56dc100] HTTP GET "/sub-protocol"
22:43:32.040 [reactor-http-nio-13] DEBUG o.s.w.r.h.SimpleUrlHandlerMapping - [e56dc100] Mapped to org.springframework.web.reactive.socket.WebSocketIntegrationTests$SubProtocolWebSocketHandler@3f938734
22:43:32.041 [reactor-http-nio-13] DEBUG o.s.w.r.s.a.ReactorNettyWebSocketSession - [e56dc100] Session id "7f4287ae" for http://localhost:55410/sub-protocol
22:43:32.041 [XNIO-143 I/O-1] DEBUG o.s.w.r.s.a.UndertowWebSocketSession - [5e1bcf3e] Session id "5e1bcf3e" for ws://localhost:55410/sub-protocol
22:43:32.041 [reactor-http-nio-13] DEBUG o.s.w.s.a.HttpWebHandlerAdapter - [e56dc100] Completed 200 OK
22:43:32.041 [Test worker] DEBUG o.s.h.s.r.b.ReactorHttpServer - Stopping ReactorHttpServer...
22:43:32.041 [Test worker] DEBUG o.s.h.s.r.b.ReactorHttpServer - Server stopped (0 millis).
22:43:32.045 [Test worker] DEBUG o.s.w.r.h.SimpleUrlHandlerMapping - Patterns [/close, /echo, /sub-protocol, /custom-header] in 'handlerMapping'
22:43:32.045 [Test worker] DEBUG o.s.w.s.a.HttpWebHandlerAdapter - enableLoggingRequestDetails='false': form data and headers will be masked to prevent unsafe logging of potentially sensitive data
22:43:32.045 [Test worker] DEBUG o.s.h.s.r.b.UndertowHttpServer - Starting UndertowHttpServer...
22:43:32.047 [Test worker] DEBUG o.s.h.s.r.b.UndertowHttpServer - Server started on port 55412(0 millis).
22:43:32.047 [Test worker] DEBUG o.s.w.r.s.c.UndertowWebSocketClient - Connecting to ws://localhost:55412/close
22:43:32.047 [XNIO-160 I/O-2] DEBUG o.s.w.s.a.HttpWebHandlerAdapter - [5ddbefbd] HTTP GET "/close"
22:43:32.048 [XNIO-160 I/O-2] DEBUG o.s.w.r.h.SimpleUrlHandlerMapping - [5ddbefbd] Mapped to org.springframework.web.reactive.socket.WebSocketIntegrationTests$SessionClosingHandler@59e460de
22:43:32.048 [XNIO-160 I/O-2] DEBUG o.s.w.r.s.a.UndertowWebSocketSession - [5ddbefbd] Session id "5b68e95a" for http://localhost:55412/close
22:43:32.048 [XNIO-143 I/O-1] DEBUG o.s.w.r.s.a.UndertowWebSocketSession - [605a8c89] Session id "605a8c89" for ws://localhost:55412/close
22:43:32.048 [XNIO-143 I/O-1] DEBUG o.s.w.r.s.WebSocketIntegrationTests - Starting..
22:43:32.048 [XNIO-160 I/O-2] DEBUG o.s.w.s.a.HttpWebHandlerAdapter - [5ddbefbd] Completed 101 SWITCHING_PROTOCOLS
22:43:32.048 [Test worker] DEBUG o.s.h.s.r.b.UndertowHttpServer - Stopping UndertowHttpServer...
22:43:32.048 [XNIO-143 I/O-1] DEBUG o.s.w.r.s.WebSocketIntegrationTests - Completed with: onComplete
22:43:32.048 [Test worker] DEBUG o.s.h.s.r.b.UndertowHttpServer - Server stopped (0 millis).
22:43:32.052 [Test worker] DEBUG o.s.w.r.h.SimpleUrlHandlerMapping - Patterns [/close, /echo, /sub-protocol, /custom-header] in 'handlerMapping'
22:43:32.052 [Test worker] DEBUG o.s.w.s.a.HttpWebHandlerAdapter - enableLoggingRequestDetails='false': form data and headers will be masked to prevent unsafe logging of potentially sensitive data
22:43:32.052 [Test worker] DEBUG o.s.h.s.r.b.UndertowHttpServer - Starting UndertowHttpServer...
22:43:32.053 [Test worker] DEBUG o.s.h.s.r.b.UndertowHttpServer - Server started on port 55414(0 millis).
22:43:32.054 [Test worker] DEBUG o.s.w.r.s.c.UndertowWebSocketClient - Connecting to ws://localhost:55414/echo
22:43:32.054 [XNIO-161 I/O-2] DEBUG o.s.w.s.a.HttpWebHandlerAdapter - [5ea743e4] HTTP GET "/echo"
22:43:32.054 [XNIO-161 I/O-2] DEBUG o.s.w.r.h.SimpleUrlHandlerMapping - [5ea743e4] Mapped to org.springframework.web.reactive.socket.WebSocketIntegrationTests$EchoWebSocketHandler@5a98cce8
22:43:32.054 [XNIO-161 I/O-2] DEBUG o.s.w.r.s.a.UndertowWebSocketSession - [5ea743e4] Session id "7dfd9c86" for http://localhost:55414/echo
22:43:32.054 [XNIO-143 I/O-1] DEBUG o.s.w.r.s.a.UndertowWebSocketSession - [3eba23be] Session id "3eba23be" for ws://localhost:55414/echo
22:43:32.054 [XNIO-161 I/O-2] DEBUG o.s.w.s.a.HttpWebHandlerAdapter - [5ea743e4] Completed 101 SWITCHING_PROTOCOLS
22:43:32.057 [Test worker] DEBUG o.s.h.s.r.b.UndertowHttpServer - Stopping UndertowHttpServer...
22:43:32.058 [Test worker] DEBUG o.s.h.s.r.b.UndertowHttpServer - Server stopped (0 millis).
22:43:32.061 [Test worker] DEBUG o.s.w.r.h.SimpleUrlHandlerMapping - Patterns [/close, /echo, /sub-protocol, /custom-header] in 'handlerMapping'
22:43:32.062 [Test worker] DEBUG o.s.w.s.a.HttpWebHandlerAdapter - enableLoggingRequestDetails='false': form data and headers will be masked to prevent unsafe logging of potentially sensitive data
22:43:32.062 [Test worker] DEBUG o.s.h.s.r.b.UndertowHttpServer - Starting UndertowHttpServer...
22:43:32.063 [Test worker] DEBUG o.s.h.s.r.b.UndertowHttpServer - Server started on port 55416(0 millis).
22:43:32.063 [Test worker] DEBUG o.s.w.r.s.c.UndertowWebSocketClient - Connecting to ws://localhost:55416/custom-header
22:43:32.064 [XNIO-162 I/O-2] DEBUG o.s.w.s.a.HttpWebHandlerAdapter - [474b2d67] HTTP GET "/custom-header"
22:43:32.064 [XNIO-162 I/O-2] DEBUG o.s.w.r.h.SimpleUrlHandlerMapping - [474b2d67] Mapped to org.springframework.web.reactive.socket.WebSocketIntegrationTests$CustomHeaderHandler@4374b156
22:43:32.064 [XNIO-162 I/O-2] DEBUG o.s.w.r.s.a.UndertowWebSocketSession - [474b2d67] Session id "4a2612e4" for http://localhost:55416/custom-header
22:43:32.064 [XNIO-143 I/O-1] DEBUG o.s.w.r.s.a.UndertowWebSocketSession - [73745d98] Session id "73745d98" for ws://localhost:55416/custom-header
22:43:32.064 [XNIO-162 I/O-2] DEBUG o.s.w.s.a.HttpWebHandlerAdapter - [474b2d67] Completed 101 SWITCHING_PROTOCOLS
22:43:32.065 [Test worker] DEBUG o.s.h.s.r.b.UndertowHttpServer - Stopping UndertowHttpServer...
22:43:32.065 [Test worker] DEBUG o.s.h.s.r.b.UndertowHttpServer - Server stopped (0 millis).
22:43:32.068 [Test worker] DEBUG o.s.w.r.h.SimpleUrlHandlerMapping - Patterns [/close, /echo, /sub-protocol, /custom-header] in 'handlerMapping'
22:43:32.069 [Test worker] DEBUG o.s.w.s.a.HttpWebHandlerAdapter - enableLoggingRequestDetails='false': form data and headers will be masked to prevent unsafe logging of potentially sensitive data
22:43:32.069 [Test worker] DEBUG o.s.h.s.r.b.UndertowHttpServer - Starting UndertowHttpServer...
22:43:32.070 [Test worker] DEBUG o.s.h.s.r.b.UndertowHttpServer - Server started on port 55418(0 millis).
22:43:32.070 [Test worker] DEBUG o.s.w.r.s.c.UndertowWebSocketClient - Connecting to ws://localhost:55418/sub-protocol
22:43:32.071 [XNIO-163 I/O-2] DEBUG o.s.w.s.a.HttpWebHandlerAdapter - [36698e91] HTTP GET "/sub-protocol"
22:43:32.071 [XNIO-163 I/O-2] DEBUG o.s.w.r.h.SimpleUrlHandlerMapping - [36698e91] Mapped to org.springframework.web.reactive.socket.WebSocketIntegrationTests$SubProtocolWebSocketHandler@32561c84
22:43:32.071 [XNIO-163 I/O-2] DEBUG o.s.w.r.s.a.UndertowWebSocketSession - [36698e91] Session id "5f5dfc6a" for http://localhost:55418/sub-protocol
22:43:32.072 [XNIO-143 I/O-1] DEBUG o.s.w.r.s.a.UndertowWebSocketSession - [73161ef7] Session id "73161ef7" for ws://localhost:55418/sub-protocol
22:43:32.072 [XNIO-163 I/O-2] DEBUG o.s.w.s.a.HttpWebHandlerAdapter - [36698e91] Completed 101 SWITCHING_PROTOCOLS
22:43:32.072 [Test worker] DEBUG o.s.h.s.r.b.UndertowHttpServer - Stopping UndertowHttpServer...
22:43:32.072 [Test worker] DEBUG o.s.h.s.r.b.UndertowHttpServer - Server stopped (0 millis).
]]></system-out>
  <system-err><![CDATA[十一月 25, 2020 10:43:30 下午 org.apache.catalina.core.StandardService startInternal
信息: Starting service [Tomcat]
十一月 25, 2020 10:43:30 下午 org.apache.catalina.core.StandardEngine startInternal
信息: Starting Servlet engine: [Apache Tomcat/9.0.21]
十一月 25, 2020 10:43:30 下午 org.apache.coyote.AbstractProtocol init
信息: Initializing ProtocolHandler ["http-nio-auto-144"]
十一月 25, 2020 10:43:30 下午 org.apache.coyote.AbstractProtocol start
信息: Starting ProtocolHandler ["http-nio-auto-144-55232"]
十一月 25, 2020 10:43:30 下午 org.apache.coyote.AbstractProtocol pause
信息: Pausing ProtocolHandler ["http-nio-auto-144-55232"]
十一月 25, 2020 10:43:30 下午 org.apache.catalina.core.StandardService stopInternal
信息: Stopping service [Tomcat]
十一月 25, 2020 10:43:30 下午 org.apache.coyote.AbstractProtocol stop
信息: Stopping ProtocolHandler ["http-nio-auto-144-55232"]
十一月 25, 2020 10:43:30 下午 org.apache.coyote.AbstractProtocol destroy
信息: Destroying ProtocolHandler ["http-nio-auto-144-55232"]
十一月 25, 2020 10:43:30 下午 org.apache.catalina.core.StandardService startInternal
信息: Starting service [Tomcat]
十一月 25, 2020 10:43:30 下午 org.apache.catalina.core.StandardEngine startInternal
信息: Starting Servlet engine: [Apache Tomcat/9.0.21]
十一月 25, 2020 10:43:30 下午 org.apache.coyote.AbstractProtocol init
信息: Initializing ProtocolHandler ["http-nio-auto-145"]
十一月 25, 2020 10:43:30 下午 org.apache.coyote.AbstractProtocol start
信息: Starting ProtocolHandler ["http-nio-auto-145-55235"]
十一月 25, 2020 10:43:30 下午 org.apache.coyote.AbstractProtocol pause
信息: Pausing ProtocolHandler ["http-nio-auto-145-55235"]
十一月 25, 2020 10:43:30 下午 org.apache.catalina.core.StandardService stopInternal
信息: Stopping service [Tomcat]
十一月 25, 2020 10:43:30 下午 org.apache.coyote.AbstractProtocol stop
信息: Stopping ProtocolHandler ["http-nio-auto-145-55235"]
十一月 25, 2020 10:43:30 下午 org.apache.coyote.AbstractProtocol destroy
信息: Destroying ProtocolHandler ["http-nio-auto-145-55235"]
十一月 25, 2020 10:43:30 下午 org.apache.catalina.core.StandardService startInternal
信息: Starting service [Tomcat]
十一月 25, 2020 10:43:30 下午 org.apache.catalina.core.StandardEngine startInternal
信息: Starting Servlet engine: [Apache Tomcat/9.0.21]
十一月 25, 2020 10:43:30 下午 org.apache.coyote.AbstractProtocol init
信息: Initializing ProtocolHandler ["http-nio-auto-146"]
十一月 25, 2020 10:43:30 下午 org.apache.coyote.AbstractProtocol start
信息: Starting ProtocolHandler ["http-nio-auto-146-55238"]
十一月 25, 2020 10:43:30 下午 org.apache.coyote.AbstractProtocol pause
信息: Pausing ProtocolHandler ["http-nio-auto-146-55238"]
十一月 25, 2020 10:43:30 下午 org.apache.catalina.core.StandardService stopInternal
信息: Stopping service [Tomcat]
十一月 25, 2020 10:43:30 下午 org.apache.coyote.AbstractProtocol stop
信息: Stopping ProtocolHandler ["http-nio-auto-146-55238"]
十一月 25, 2020 10:43:30 下午 org.apache.coyote.AbstractProtocol destroy
信息: Destroying ProtocolHandler ["http-nio-auto-146-55238"]
十一月 25, 2020 10:43:30 下午 org.apache.catalina.core.StandardService startInternal
信息: Starting service [Tomcat]
十一月 25, 2020 10:43:30 下午 org.apache.catalina.core.StandardEngine startInternal
信息: Starting Servlet engine: [Apache Tomcat/9.0.21]
十一月 25, 2020 10:43:30 下午 org.apache.coyote.AbstractProtocol init
信息: Initializing ProtocolHandler ["http-nio-auto-147"]
十一月 25, 2020 10:43:30 下午 org.apache.coyote.AbstractProtocol start
信息: Starting ProtocolHandler ["http-nio-auto-147-55241"]
十一月 25, 2020 10:43:30 下午 org.apache.coyote.AbstractProtocol pause
信息: Pausing ProtocolHandler ["http-nio-auto-147-55241"]
十一月 25, 2020 10:43:30 下午 org.apache.catalina.core.StandardService stopInternal
信息: Stopping service [Tomcat]
十一月 25, 2020 10:43:30 下午 org.apache.coyote.AbstractProtocol stop
信息: Stopping ProtocolHandler ["http-nio-auto-147-55241"]
十一月 25, 2020 10:43:30 下午 org.apache.coyote.AbstractProtocol destroy
信息: Destroying ProtocolHandler ["http-nio-auto-147-55241"]
十一月 25, 2020 10:43:30 下午 org.apache.catalina.core.StandardService startInternal
信息: Starting service [Tomcat]
十一月 25, 2020 10:43:30 下午 org.apache.catalina.core.StandardEngine startInternal
信息: Starting Servlet engine: [Apache Tomcat/9.0.21]
十一月 25, 2020 10:43:30 下午 org.apache.coyote.AbstractProtocol init
信息: Initializing ProtocolHandler ["http-nio-auto-148"]
十一月 25, 2020 10:43:30 下午 org.apache.coyote.AbstractProtocol start
信息: Starting ProtocolHandler ["http-nio-auto-148-55273"]
十一月 25, 2020 10:43:30 下午 org.apache.coyote.AbstractProtocol pause
信息: Pausing ProtocolHandler ["http-nio-auto-148-55273"]
十一月 25, 2020 10:43:30 下午 org.apache.catalina.core.StandardService stopInternal
信息: Stopping service [Tomcat]
十一月 25, 2020 10:43:30 下午 org.apache.coyote.AbstractProtocol stop
信息: Stopping ProtocolHandler ["http-nio-auto-148-55273"]
十一月 25, 2020 10:43:30 下午 org.apache.coyote.AbstractProtocol destroy
信息: Destroying ProtocolHandler ["http-nio-auto-148-55273"]
十一月 25, 2020 10:43:30 下午 org.apache.catalina.core.StandardService startInternal
信息: Starting service [Tomcat]
十一月 25, 2020 10:43:30 下午 org.apache.catalina.core.StandardEngine startInternal
信息: Starting Servlet engine: [Apache Tomcat/9.0.21]
十一月 25, 2020 10:43:30 下午 org.apache.coyote.AbstractProtocol init
信息: Initializing ProtocolHandler ["http-nio-auto-149"]
十一月 25, 2020 10:43:30 下午 org.apache.coyote.AbstractProtocol start
信息: Starting ProtocolHandler ["http-nio-auto-149-55276"]
十一月 25, 2020 10:43:30 下午 org.apache.coyote.AbstractProtocol pause
信息: Pausing ProtocolHandler ["http-nio-auto-149-55276"]
十一月 25, 2020 10:43:30 下午 org.apache.catalina.core.StandardService stopInternal
信息: Stopping service [Tomcat]
十一月 25, 2020 10:43:30 下午 org.apache.coyote.AbstractProtocol stop
信息: Stopping ProtocolHandler ["http-nio-auto-149-55276"]
十一月 25, 2020 10:43:30 下午 org.apache.coyote.AbstractProtocol destroy
信息: Destroying ProtocolHandler ["http-nio-auto-149-55276"]
十一月 25, 2020 10:43:30 下午 org.apache.catalina.core.StandardService startInternal
信息: Starting service [Tomcat]
十一月 25, 2020 10:43:30 下午 org.apache.catalina.core.StandardEngine startInternal
信息: Starting Servlet engine: [Apache Tomcat/9.0.21]
十一月 25, 2020 10:43:30 下午 org.apache.coyote.AbstractProtocol init
信息: Initializing ProtocolHandler ["http-nio-auto-150"]
十一月 25, 2020 10:43:30 下午 org.apache.coyote.AbstractProtocol start
信息: Starting ProtocolHandler ["http-nio-auto-150-55279"]
十一月 25, 2020 10:43:30 下午 org.apache.coyote.AbstractProtocol pause
信息: Pausing ProtocolHandler ["http-nio-auto-150-55279"]
十一月 25, 2020 10:43:30 下午 org.apache.catalina.core.StandardService stopInternal
信息: Stopping service [Tomcat]
十一月 25, 2020 10:43:31 下午 org.apache.coyote.AbstractProtocol stop
信息: Stopping ProtocolHandler ["http-nio-auto-150-55279"]
十一月 25, 2020 10:43:31 下午 org.apache.coyote.AbstractProtocol destroy
信息: Destroying ProtocolHandler ["http-nio-auto-150-55279"]
十一月 25, 2020 10:43:31 下午 org.apache.catalina.core.StandardService startInternal
信息: Starting service [Tomcat]
十一月 25, 2020 10:43:31 下午 org.apache.catalina.core.StandardEngine startInternal
信息: Starting Servlet engine: [Apache Tomcat/9.0.21]
十一月 25, 2020 10:43:31 下午 org.apache.coyote.AbstractProtocol init
信息: Initializing ProtocolHandler ["http-nio-auto-151"]
十一月 25, 2020 10:43:31 下午 org.apache.coyote.AbstractProtocol start
信息: Starting ProtocolHandler ["http-nio-auto-151-55282"]
十一月 25, 2020 10:43:31 下午 org.apache.coyote.AbstractProtocol pause
信息: Pausing ProtocolHandler ["http-nio-auto-151-55282"]
十一月 25, 2020 10:43:31 下午 org.apache.catalina.core.StandardService stopInternal
信息: Stopping service [Tomcat]
十一月 25, 2020 10:43:31 下午 org.apache.coyote.AbstractProtocol stop
信息: Stopping ProtocolHandler ["http-nio-auto-151-55282"]
十一月 25, 2020 10:43:31 下午 org.apache.coyote.AbstractProtocol destroy
信息: Destroying ProtocolHandler ["http-nio-auto-151-55282"]
十一月 25, 2020 10:43:31 下午 org.apache.catalina.core.StandardService startInternal
信息: Starting service [Tomcat]
十一月 25, 2020 10:43:31 下午 org.apache.catalina.core.StandardEngine startInternal
信息: Starting Servlet engine: [Apache Tomcat/9.0.21]
十一月 25, 2020 10:43:31 下午 org.apache.coyote.AbstractProtocol init
信息: Initializing ProtocolHandler ["http-nio-auto-152"]
十一月 25, 2020 10:43:31 下午 org.apache.coyote.AbstractProtocol start
信息: Starting ProtocolHandler ["http-nio-auto-152-55309"]
十一月 25, 2020 10:43:31 下午 org.apache.coyote.AbstractProtocol pause
信息: Pausing ProtocolHandler ["http-nio-auto-152-55309"]
十一月 25, 2020 10:43:31 下午 org.apache.catalina.core.StandardService stopInternal
信息: Stopping service [Tomcat]
十一月 25, 2020 10:43:31 下午 org.apache.coyote.AbstractProtocol stop
信息: Stopping ProtocolHandler ["http-nio-auto-152-55309"]
十一月 25, 2020 10:43:31 下午 org.apache.coyote.AbstractProtocol destroy
信息: Destroying ProtocolHandler ["http-nio-auto-152-55309"]
十一月 25, 2020 10:43:31 下午 org.apache.catalina.core.StandardService startInternal
信息: Starting service [Tomcat]
十一月 25, 2020 10:43:31 下午 org.apache.catalina.core.StandardEngine startInternal
信息: Starting Servlet engine: [Apache Tomcat/9.0.21]
十一月 25, 2020 10:43:31 下午 org.apache.coyote.AbstractProtocol init
信息: Initializing ProtocolHandler ["http-nio-auto-153"]
十一月 25, 2020 10:43:31 下午 org.apache.coyote.AbstractProtocol start
信息: Starting ProtocolHandler ["http-nio-auto-153-55312"]
十一月 25, 2020 10:43:31 下午 org.apache.coyote.AbstractProtocol pause
信息: Pausing ProtocolHandler ["http-nio-auto-153-55312"]
十一月 25, 2020 10:43:31 下午 org.apache.catalina.core.StandardService stopInternal
信息: Stopping service [Tomcat]
十一月 25, 2020 10:43:31 下午 org.apache.coyote.AbstractProtocol stop
信息: Stopping ProtocolHandler ["http-nio-auto-153-55312"]
十一月 25, 2020 10:43:31 下午 org.apache.coyote.AbstractProtocol destroy
信息: Destroying ProtocolHandler ["http-nio-auto-153-55312"]
十一月 25, 2020 10:43:31 下午 org.apache.catalina.core.StandardService startInternal
信息: Starting service [Tomcat]
十一月 25, 2020 10:43:31 下午 org.apache.catalina.core.StandardEngine startInternal
信息: Starting Servlet engine: [Apache Tomcat/9.0.21]
十一月 25, 2020 10:43:31 下午 org.apache.coyote.AbstractProtocol init
信息: Initializing ProtocolHandler ["http-nio-auto-154"]
十一月 25, 2020 10:43:31 下午 org.apache.coyote.AbstractProtocol start
信息: Starting ProtocolHandler ["http-nio-auto-154-55315"]
十一月 25, 2020 10:43:31 下午 org.apache.coyote.AbstractProtocol pause
信息: Pausing ProtocolHandler ["http-nio-auto-154-55315"]
十一月 25, 2020 10:43:31 下午 org.apache.catalina.core.StandardService stopInternal
信息: Stopping service [Tomcat]
十一月 25, 2020 10:43:31 下午 org.apache.coyote.AbstractProtocol stop
信息: Stopping ProtocolHandler ["http-nio-auto-154-55315"]
十一月 25, 2020 10:43:31 下午 org.apache.coyote.AbstractProtocol destroy
信息: Destroying ProtocolHandler ["http-nio-auto-154-55315"]
十一月 25, 2020 10:43:31 下午 org.apache.catalina.core.StandardService startInternal
信息: Starting service [Tomcat]
十一月 25, 2020 10:43:31 下午 org.apache.catalina.core.StandardEngine startInternal
信息: Starting Servlet engine: [Apache Tomcat/9.0.21]
十一月 25, 2020 10:43:31 下午 org.apache.coyote.AbstractProtocol init
信息: Initializing ProtocolHandler ["http-nio-auto-155"]
十一月 25, 2020 10:43:31 下午 org.apache.coyote.AbstractProtocol start
信息: Starting ProtocolHandler ["http-nio-auto-155-55318"]
十一月 25, 2020 10:43:31 下午 org.apache.coyote.AbstractProtocol pause
信息: Pausing ProtocolHandler ["http-nio-auto-155-55318"]
十一月 25, 2020 10:43:31 下午 org.apache.catalina.core.StandardService stopInternal
信息: Stopping service [Tomcat]
十一月 25, 2020 10:43:31 下午 org.apache.coyote.AbstractProtocol stop
信息: Stopping ProtocolHandler ["http-nio-auto-155-55318"]
十一月 25, 2020 10:43:31 下午 org.apache.coyote.AbstractProtocol destroy
信息: Destroying ProtocolHandler ["http-nio-auto-155-55318"]
十一月 25, 2020 10:43:31 下午 org.apache.catalina.core.StandardService startInternal
信息: Starting service [Tomcat]
十一月 25, 2020 10:43:31 下午 org.apache.catalina.core.StandardEngine startInternal
信息: Starting Servlet engine: [Apache Tomcat/9.0.21]
十一月 25, 2020 10:43:31 下午 org.apache.coyote.AbstractProtocol init
信息: Initializing ProtocolHandler ["http-nio-auto-156"]
十一月 25, 2020 10:43:31 下午 org.apache.coyote.AbstractProtocol start
信息: Starting ProtocolHandler ["http-nio-auto-156-55345"]
十一月 25, 2020 10:43:31 下午 org.apache.coyote.AbstractProtocol pause
信息: Pausing ProtocolHandler ["http-nio-auto-156-55345"]
十一月 25, 2020 10:43:31 下午 org.apache.catalina.core.StandardService stopInternal
信息: Stopping service [Tomcat]
十一月 25, 2020 10:43:31 下午 org.apache.coyote.AbstractProtocol stop
信息: Stopping ProtocolHandler ["http-nio-auto-156-55345"]
十一月 25, 2020 10:43:31 下午 org.apache.coyote.AbstractProtocol destroy
信息: Destroying ProtocolHandler ["http-nio-auto-156-55345"]
十一月 25, 2020 10:43:31 下午 org.apache.catalina.core.StandardService startInternal
信息: Starting service [Tomcat]
十一月 25, 2020 10:43:31 下午 org.apache.catalina.core.StandardEngine startInternal
信息: Starting Servlet engine: [Apache Tomcat/9.0.21]
十一月 25, 2020 10:43:31 下午 org.apache.coyote.AbstractProtocol init
信息: Initializing ProtocolHandler ["http-nio-auto-157"]
十一月 25, 2020 10:43:31 下午 org.apache.coyote.AbstractProtocol start
信息: Starting ProtocolHandler ["http-nio-auto-157-55348"]
十一月 25, 2020 10:43:31 下午 org.apache.coyote.AbstractProtocol pause
信息: Pausing ProtocolHandler ["http-nio-auto-157-55348"]
十一月 25, 2020 10:43:31 下午 org.apache.catalina.core.StandardService stopInternal
信息: Stopping service [Tomcat]
十一月 25, 2020 10:43:31 下午 org.apache.coyote.AbstractProtocol stop
信息: Stopping ProtocolHandler ["http-nio-auto-157-55348"]
十一月 25, 2020 10:43:31 下午 org.apache.coyote.AbstractProtocol destroy
信息: Destroying ProtocolHandler ["http-nio-auto-157-55348"]
十一月 25, 2020 10:43:31 下午 org.apache.catalina.core.StandardService startInternal
信息: Starting service [Tomcat]
十一月 25, 2020 10:43:31 下午 org.apache.catalina.core.StandardEngine startInternal
信息: Starting Servlet engine: [Apache Tomcat/9.0.21]
十一月 25, 2020 10:43:31 下午 org.apache.coyote.AbstractProtocol init
信息: Initializing ProtocolHandler ["http-nio-auto-158"]
十一月 25, 2020 10:43:31 下午 org.apache.coyote.AbstractProtocol start
信息: Starting ProtocolHandler ["http-nio-auto-158-55351"]
十一月 25, 2020 10:43:31 下午 org.apache.coyote.AbstractProtocol pause
信息: Pausing ProtocolHandler ["http-nio-auto-158-55351"]
十一月 25, 2020 10:43:31 下午 org.apache.catalina.core.StandardService stopInternal
信息: Stopping service [Tomcat]
十一月 25, 2020 10:43:31 下午 org.apache.coyote.AbstractProtocol stop
信息: Stopping ProtocolHandler ["http-nio-auto-158-55351"]
十一月 25, 2020 10:43:31 下午 org.apache.coyote.AbstractProtocol destroy
信息: Destroying ProtocolHandler ["http-nio-auto-158-55351"]
十一月 25, 2020 10:43:31 下午 org.apache.catalina.core.StandardService startInternal
信息: Starting service [Tomcat]
十一月 25, 2020 10:43:31 下午 org.apache.catalina.core.StandardEngine startInternal
信息: Starting Servlet engine: [Apache Tomcat/9.0.21]
十一月 25, 2020 10:43:31 下午 org.apache.coyote.AbstractProtocol init
信息: Initializing ProtocolHandler ["http-nio-auto-159"]
十一月 25, 2020 10:43:31 下午 org.apache.coyote.AbstractProtocol start
信息: Starting ProtocolHandler ["http-nio-auto-159-55354"]
十一月 25, 2020 10:43:31 下午 org.apache.coyote.AbstractProtocol pause
信息: Pausing ProtocolHandler ["http-nio-auto-159-55354"]
十一月 25, 2020 10:43:31 下午 org.apache.catalina.core.StandardService stopInternal
信息: Stopping service [Tomcat]
十一月 25, 2020 10:43:31 下午 org.apache.coyote.AbstractProtocol stop
信息: Stopping ProtocolHandler ["http-nio-auto-159-55354"]
十一月 25, 2020 10:43:31 下午 org.apache.coyote.AbstractProtocol destroy
信息: Destroying ProtocolHandler ["http-nio-auto-159-55354"]
十一月 25, 2020 10:43:31 下午 org.apache.catalina.core.StandardService startInternal
信息: Starting service [Tomcat]
十一月 25, 2020 10:43:31 下午 org.apache.catalina.core.StandardEngine startInternal
信息: Starting Servlet engine: [Apache Tomcat/9.0.21]
十一月 25, 2020 10:43:31 下午 org.apache.coyote.AbstractProtocol init
信息: Initializing ProtocolHandler ["http-nio-auto-160"]
十一月 25, 2020 10:43:31 下午 org.apache.coyote.AbstractProtocol start
信息: Starting ProtocolHandler ["http-nio-auto-160-55384"]
十一月 25, 2020 10:43:31 下午 org.apache.coyote.AbstractProtocol pause
信息: Pausing ProtocolHandler ["http-nio-auto-160-55384"]
十一月 25, 2020 10:43:31 下午 org.apache.catalina.core.StandardService stopInternal
信息: Stopping service [Tomcat]
十一月 25, 2020 10:43:31 下午 org.apache.coyote.AbstractProtocol stop
信息: Stopping ProtocolHandler ["http-nio-auto-160-55384"]
十一月 25, 2020 10:43:31 下午 org.apache.coyote.AbstractProtocol destroy
信息: Destroying ProtocolHandler ["http-nio-auto-160-55384"]
十一月 25, 2020 10:43:31 下午 org.apache.catalina.core.StandardService startInternal
信息: Starting service [Tomcat]
十一月 25, 2020 10:43:31 下午 org.apache.catalina.core.StandardEngine startInternal
信息: Starting Servlet engine: [Apache Tomcat/9.0.21]
十一月 25, 2020 10:43:31 下午 org.apache.coyote.AbstractProtocol init
信息: Initializing ProtocolHandler ["http-nio-auto-161"]
十一月 25, 2020 10:43:31 下午 org.apache.coyote.AbstractProtocol start
信息: Starting ProtocolHandler ["http-nio-auto-161-55387"]
十一月 25, 2020 10:43:31 下午 org.apache.coyote.AbstractProtocol pause
信息: Pausing ProtocolHandler ["http-nio-auto-161-55387"]
十一月 25, 2020 10:43:31 下午 org.apache.catalina.core.StandardService stopInternal
信息: Stopping service [Tomcat]
十一月 25, 2020 10:43:31 下午 org.apache.coyote.AbstractProtocol stop
信息: Stopping ProtocolHandler ["http-nio-auto-161-55387"]
十一月 25, 2020 10:43:31 下午 org.apache.coyote.AbstractProtocol destroy
信息: Destroying ProtocolHandler ["http-nio-auto-161-55387"]
十一月 25, 2020 10:43:31 下午 org.apache.catalina.core.StandardService startInternal
信息: Starting service [Tomcat]
十一月 25, 2020 10:43:31 下午 org.apache.catalina.core.StandardEngine startInternal
信息: Starting Servlet engine: [Apache Tomcat/9.0.21]
十一月 25, 2020 10:43:31 下午 org.apache.coyote.AbstractProtocol init
信息: Initializing ProtocolHandler ["http-nio-auto-162"]
十一月 25, 2020 10:43:31 下午 org.apache.coyote.AbstractProtocol start
信息: Starting ProtocolHandler ["http-nio-auto-162-55390"]
十一月 25, 2020 10:43:31 下午 org.apache.coyote.AbstractProtocol pause
信息: Pausing ProtocolHandler ["http-nio-auto-162-55390"]
十一月 25, 2020 10:43:31 下午 org.apache.catalina.core.StandardService stopInternal
信息: Stopping service [Tomcat]
十一月 25, 2020 10:43:31 下午 org.apache.coyote.AbstractProtocol stop
信息: Stopping ProtocolHandler ["http-nio-auto-162-55390"]
十一月 25, 2020 10:43:31 下午 org.apache.coyote.AbstractProtocol destroy
信息: Destroying ProtocolHandler ["http-nio-auto-162-55390"]
十一月 25, 2020 10:43:31 下午 org.apache.catalina.core.StandardService startInternal
信息: Starting service [Tomcat]
十一月 25, 2020 10:43:31 下午 org.apache.catalina.core.StandardEngine startInternal
信息: Starting Servlet engine: [Apache Tomcat/9.0.21]
十一月 25, 2020 10:43:31 下午 org.apache.coyote.AbstractProtocol init
信息: Initializing ProtocolHandler ["http-nio-auto-163"]
十一月 25, 2020 10:43:31 下午 org.apache.coyote.AbstractProtocol start
信息: Starting ProtocolHandler ["http-nio-auto-163-55393"]
十一月 25, 2020 10:43:31 下午 org.apache.coyote.AbstractProtocol pause
信息: Pausing ProtocolHandler ["http-nio-auto-163-55393"]
十一月 25, 2020 10:43:31 下午 org.apache.catalina.core.StandardService stopInternal
信息: Stopping service [Tomcat]
十一月 25, 2020 10:43:31 下午 org.apache.coyote.AbstractProtocol stop
信息: Stopping ProtocolHandler ["http-nio-auto-163-55393"]
十一月 25, 2020 10:43:31 下午 org.apache.coyote.AbstractProtocol destroy
信息: Destroying ProtocolHandler ["http-nio-auto-163-55393"]
]]></system-err>
</testsuite>
