<?xml version="1.0" encoding="UTF-8"?>
<testsuite name="org.springframework.web.reactive.result.method.annotation.RequestBodyMethodArgumentResolverTests" tests="11" skipped="0" failures="0" errors="0" timestamp="2019-06-21T11:47:35" hostname="Macbook-Air.local" time="0.134">
  <properties/>
  <testcase name="supports" classname="org.springframework.web.reactive.result.method.annotation.RequestBodyMethodArgumentResolverTests" time="0.017"/>
  <testcase name="stringBody" classname="org.springframework.web.reactive.result.method.annotation.RequestBodyMethodArgumentResolverTests" time="0.005"/>
  <testcase name="emptyBodyWithoutContentType" classname="org.springframework.web.reactive.result.method.annotation.RequestBodyMethodArgumentResolverTests" time="0.009"/>
  <testcase name="emptyBodyWithSingle" classname="org.springframework.web.reactive.result.method.annotation.RequestBodyMethodArgumentResolverTests" time="0.015"/>
  <testcase name="emptyBodyWithString" classname="org.springframework.web.reactive.result.method.annotation.RequestBodyMethodArgumentResolverTests" time="0.006"/>
  <testcase name="emptyBodyWithCompletableFuture" classname="org.springframework.web.reactive.result.method.annotation.RequestBodyMethodArgumentResolverTests" time="0.025"/>
  <testcase name="emptyBodyWithFlux" classname="org.springframework.web.reactive.result.method.annotation.RequestBodyMethodArgumentResolverTests" time="0.01"/>
  <testcase name="emptyBodyWithMono" classname="org.springframework.web.reactive.result.method.annotation.RequestBodyMethodArgumentResolverTests" time="0.01"/>
  <testcase name="emptyBodyWithMaybe" classname="org.springframework.web.reactive.result.method.annotation.RequestBodyMethodArgumentResolverTests" time="0.016"/>
  <testcase name="emptyBodyWithStringNotRequired" classname="org.springframework.web.reactive.result.method.annotation.RequestBodyMethodArgumentResolverTests" time="0.006"/>
  <testcase name="emptyBodyWithObservable" classname="org.springframework.web.reactive.result.method.annotation.RequestBodyMethodArgumentResolverTests" time="0.013"/>
  <system-out><![CDATA[19:47:35.127 [Test worker] DEBUG o.s.w.r.r.m.a.RequestBodyMethodArgumentResolver - [2c3c1f12] No Content-Type, using application/octet-stream
19:47:35.127 [Test worker] DEBUG o.s.w.r.r.m.a.RequestBodyMethodArgumentResolver - [2c3c1f12] 0..1 [java.lang.String]
19:47:35.128 [Test worker] DEBUG o.s.c.c.StringDecoder - [2c3c1f12] Decoded "line1"
19:47:35.137 [Test worker] DEBUG o.s.w.r.r.m.a.RequestBodyMethodArgumentResolver - [4e89598e] No Content-Type, using application/octet-stream
19:47:35.145 [Test worker] DEBUG o.s.w.r.r.m.a.RequestBodyMethodArgumentResolver - [4f08263] No Content-Type, using application/octet-stream
19:47:35.145 [Test worker] DEBUG o.s.w.r.r.m.a.RequestBodyMethodArgumentResolver - [4f08263] 0..1 [java.lang.String]
19:47:35.152 [Test worker] DEBUG o.s.w.r.r.m.a.RequestBodyMethodArgumentResolver - [4cb9acc8] No Content-Type, using application/octet-stream
19:47:35.152 [Test worker] DEBUG o.s.w.r.r.m.a.RequestBodyMethodArgumentResolver - [4cb9acc8] 0..1 [java.lang.String]
19:47:35.159 [Test worker] DEBUG o.s.w.r.r.m.a.RequestBodyMethodArgumentResolver - [226fe76f] No Content-Type, using application/octet-stream
19:47:35.159 [Test worker] DEBUG o.s.w.r.r.m.a.RequestBodyMethodArgumentResolver - [226fe76f] 0..1 [java.lang.String]
19:47:35.166 [Test worker] DEBUG o.s.w.r.r.m.a.RequestBodyMethodArgumentResolver - [23b1c006] No Content-Type, using application/octet-stream
19:47:35.166 [Test worker] DEBUG o.s.w.r.r.m.a.RequestBodyMethodArgumentResolver - [23b1c006] 0..1 [java.lang.String]
19:47:35.171 [Test worker] DEBUG o.s.w.r.r.m.a.RequestBodyMethodArgumentResolver - [65a31c6e] No Content-Type, using application/octet-stream
19:47:35.172 [Test worker] DEBUG o.s.w.r.r.m.a.RequestBodyMethodArgumentResolver - [65a31c6e] 0..1 [java.lang.String]
19:47:35.189 [Test worker] DEBUG o.s.w.r.r.m.a.RequestBodyMethodArgumentResolver - [34f0f841] No Content-Type, using application/octet-stream
19:47:35.190 [Test worker] DEBUG o.s.w.r.r.m.a.RequestBodyMethodArgumentResolver - [34f0f841] 0..N [java.lang.String]
19:47:35.194 [Test worker] DEBUG o.s.w.r.r.m.a.RequestBodyMethodArgumentResolver - [2d79480a] No Content-Type, using application/octet-stream
19:47:35.194 [Test worker] DEBUG o.s.w.r.r.m.a.RequestBodyMethodArgumentResolver - [2d79480a] 0..N [java.lang.String]
19:47:35.198 [Test worker] DEBUG o.s.w.r.r.m.a.RequestBodyMethodArgumentResolver - [602eb894] No Content-Type, using application/octet-stream
19:47:35.198 [Test worker] DEBUG o.s.w.r.r.m.a.RequestBodyMethodArgumentResolver - [602eb894] 0..1 [java.lang.String]
19:47:35.204 [Test worker] DEBUG o.s.w.r.r.m.a.RequestBodyMethodArgumentResolver - [f565ccb] No Content-Type, using application/octet-stream
19:47:35.204 [Test worker] DEBUG o.s.w.r.r.m.a.RequestBodyMethodArgumentResolver - [f565ccb] 0..1 [java.lang.String]
19:47:35.212 [Test worker] DEBUG o.s.w.r.r.m.a.RequestBodyMethodArgumentResolver - [3c579f90] No Content-Type, using application/octet-stream
19:47:35.212 [Test worker] DEBUG o.s.w.r.r.m.a.RequestBodyMethodArgumentResolver - [3c579f90] 0..1 [java.lang.String]
19:47:35.219 [Test worker] DEBUG o.s.w.r.r.m.a.RequestBodyMethodArgumentResolver - [4ef650f5] No Content-Type, using application/octet-stream
19:47:35.219 [Test worker] DEBUG o.s.w.r.r.m.a.RequestBodyMethodArgumentResolver - [4ef650f5] 0..1 [java.lang.String]
19:47:35.226 [Test worker] DEBUG o.s.w.r.r.m.a.RequestBodyMethodArgumentResolver - [73d04714] No Content-Type, using application/octet-stream
19:47:35.226 [Test worker] DEBUG o.s.w.r.r.m.a.RequestBodyMethodArgumentResolver - [73d04714] 0..1 [java.lang.String]
19:47:35.233 [Test worker] DEBUG o.s.w.r.r.m.a.RequestBodyMethodArgumentResolver - [6507f19f] No Content-Type, using application/octet-stream
19:47:35.233 [Test worker] DEBUG o.s.w.r.r.m.a.RequestBodyMethodArgumentResolver - [6507f19f] 0..N [java.lang.String]
19:47:35.239 [Test worker] DEBUG o.s.w.r.r.m.a.RequestBodyMethodArgumentResolver - [35323e2a] No Content-Type, using application/octet-stream
19:47:35.239 [Test worker] DEBUG o.s.w.r.r.m.a.RequestBodyMethodArgumentResolver - [35323e2a] 0..N [java.lang.String]
]]></system-out>
  <system-err><![CDATA[]]></system-err>
</testsuite>
