<?xml version="1.0" encoding="UTF-8"?>
<testsuite name="org.springframework.web.reactive.result.method.annotation.ModelAttributeMethodArgumentResolverTests" tests="13" skipped="0" failures="0" errors="0" timestamp="2020-11-25T14:43:16" hostname="lichangbaodeMacBook-Pro.local" time="0.144">
  <properties/>
  <testcase name="bindExistingMonoToMono" classname="org.springframework.web.reactive.result.method.annotation.ModelAttributeMethodArgumentResolverTests" time="0.011"/>
  <testcase name="supports" classname="org.springframework.web.reactive.result.method.annotation.ModelAttributeMethodArgumentResolverTests" time="0.007"/>
  <testcase name="bindExistingMono" classname="org.springframework.web.reactive.result.method.annotation.ModelAttributeMethodArgumentResolverTests" time="0.009"/>
  <testcase name="createAndBindToSingle" classname="org.springframework.web.reactive.result.method.annotation.ModelAttributeMethodArgumentResolverTests" time="0.034"/>
  <testcase name="createAndBindToMono" classname="org.springframework.web.reactive.result.method.annotation.ModelAttributeMethodArgumentResolverTests" time="0.009"/>
  <testcase name="validationErrorToSingle" classname="org.springframework.web.reactive.result.method.annotation.ModelAttributeMethodArgumentResolverTests" time="0.012"/>
  <testcase name="validationError" classname="org.springframework.web.reactive.result.method.annotation.ModelAttributeMethodArgumentResolverTests" time="0.009"/>
  <testcase name="supportsWithDefaultResolution" classname="org.springframework.web.reactive.result.method.annotation.ModelAttributeMethodArgumentResolverTests" time="0.005"/>
  <testcase name="bindExistingSingle" classname="org.springframework.web.reactive.result.method.annotation.ModelAttributeMethodArgumentResolverTests" time="0.009"/>
  <testcase name="validationErrorToMono" classname="org.springframework.web.reactive.result.method.annotation.ModelAttributeMethodArgumentResolverTests" time="0.008"/>
  <testcase name="bindDataClass" classname="org.springframework.web.reactive.result.method.annotation.ModelAttributeMethodArgumentResolverTests" time="0.011"/>
  <testcase name="createAndBind" classname="org.springframework.web.reactive.result.method.annotation.ModelAttributeMethodArgumentResolverTests" time="0.01"/>
  <testcase name="bindExisting" classname="org.springframework.web.reactive.result.method.annotation.ModelAttributeMethodArgumentResolverTests" time="0.01"/>
  <system-out><![CDATA[22:43:16.993 [Test worker] DEBUG o.s.h.c.FormHttpMessageReader - [3fbff8fe] Read form fields [name, age] (content masked)
22:43:17.011 [Test worker] DEBUG o.s.h.c.FormHttpMessageReader - [334a01be] Read form fields [name, age] (content masked)
22:43:17.020 [Test worker] DEBUG o.s.h.c.FormHttpMessageReader - [718d78b7] Read form fields [name, age] (content masked)
22:43:17.054 [Test worker] DEBUG o.s.h.c.FormHttpMessageReader - [543288a6] Read form fields [name, age] (content masked)
22:43:17.062 [Test worker] DEBUG o.s.h.c.FormHttpMessageReader - [17114089] Read form fields [age] (content masked)
22:43:17.075 [Test worker] DEBUG o.s.h.c.FormHttpMessageReader - [4aef2962] Read form fields [age] (content masked)
22:43:17.088 [Test worker] DEBUG o.s.h.c.FormHttpMessageReader - [61098c3] Read form fields [name, age] (content masked)
22:43:17.097 [Test worker] DEBUG o.s.h.c.FormHttpMessageReader - [35ee3f80] Read form fields [age] (content masked)
22:43:17.106 [Test worker] DEBUG o.s.h.c.FormHttpMessageReader - [3ae45506] Read form fields [name, age, count] (content masked)
22:43:17.117 [Test worker] DEBUG o.s.h.c.FormHttpMessageReader - [1fcd77d2] Read form fields [name, age] (content masked)
22:43:17.127 [Test worker] DEBUG o.s.h.c.FormHttpMessageReader - [6a386349] Read form fields [name, age] (content masked)
]]></system-out>
  <system-err><![CDATA[]]></system-err>
</testsuite>
