<?xml version="1.0" encoding="UTF-8"?>
<testsuite name="org.springframework.aop.scope.ScopedProxyAutowireTests" tests="2" skipped="0" failures="0" errors="0" timestamp="2020-11-25T14:37:45" hostname="lichangbaodeMacBook-Pro.local" time="0.039">
  <properties/>
  <testcase name="testScopedProxyInheritsAutowireCandidateFalse" classname="org.springframework.aop.scope.ScopedProxyAutowireTests" time="0.019"/>
  <testcase name="testScopedProxyReplacesAutowireCandidateTrue" classname="org.springframework.aop.scope.ScopedProxyAutowireTests" time="0.019"/>
  <system-out><![CDATA[]]></system-out>
  <system-err><![CDATA[]]></system-err>
</testsuite>
