<?xml version="1.0" encoding="UTF-8"?>
<testsuite name="org.springframework.aop.aspectj.annotation.AspectProxyFactoryTests" tests="9" skipped="0" failures="0" errors="0" timestamp="2019-06-21T11:36:06" hostname="Macbook-Air.local" time="0.092">
  <properties/>
  <testcase name="testWithNonAspect" classname="org.springframework.aop.aspectj.annotation.AspectProxyFactoryTests" time="0.003"/>
  <testcase name="testUnproxiedVarargsWithEnumArray" classname="org.springframework.aop.aspectj.annotation.AspectProxyFactoryTests" time="0.02"/>
  <testcase name="testWithInstance" classname="org.springframework.aop.aspectj.annotation.AspectProxyFactoryTests" time="0.034"/>
  <testcase name="testWithPerThisAspect" classname="org.springframework.aop.aspectj.annotation.AspectProxyFactoryTests" time="0.011"/>
  <testcase name="testWithInstanceWithNonAspect" classname="org.springframework.aop.aspectj.annotation.AspectProxyFactoryTests" time="0.001"/>
  <testcase name="testWithNonSingletonAspectInstance" classname="org.springframework.aop.aspectj.annotation.AspectProxyFactoryTests" time="0.001"/>
  <testcase name="testWithSimpleAspect" classname="org.springframework.aop.aspectj.annotation.AspectProxyFactoryTests" time="0.003"/>
  <testcase name="testProxiedVarargsWithEnumArray" classname="org.springframework.aop.aspectj.annotation.AspectProxyFactoryTests" time="0.005"/>
  <testcase name="testSerializable" classname="org.springframework.aop.aspectj.annotation.AspectProxyFactoryTests" time="0.011"/>
  <system-out><![CDATA[]]></system-out>
  <system-err><![CDATA[]]></system-err>
</testsuite>
