<?xml version="1.0" encoding="UTF-8"?>
<testsuite name="org.springframework.aop.target.dynamic.RefreshableTargetSourceTests" tests="4" skipped="1" failures="0" errors="0" timestamp="2019-06-21T11:36:04" hostname="Macbook-Air.local" time="0.114">
  <properties/>
  <testcase name="testRefreshCheckWithNonRefresh" classname="org.springframework.aop.target.dynamic.RefreshableTargetSourceTests" time="0.003"/>
  <testcase name="testWithNoRefreshCheck" classname="org.springframework.aop.target.dynamic.RefreshableTargetSourceTests" time="0.0"/>
  <testcase name="testRefreshOverTime" classname="org.springframework.aop.target.dynamic.RefreshableTargetSourceTests" time="0.005">
    <skipped/>
  </testcase>
  <testcase name="testRefreshCheckWithRefresh" classname="org.springframework.aop.target.dynamic.RefreshableTargetSourceTests" time="0.103"/>
  <system-out><![CDATA[]]></system-out>
  <system-err><![CDATA[]]></system-err>
</testsuite>
