<?xml version="1.0" encoding="UTF-8"?>
<testsuite name="org.springframework.aop.target.HotSwappableTargetSourceTests" tests="4" skipped="0" failures="0" errors="0" timestamp="2020-11-25T14:37:44" hostname="lichangbaodeMacBook-Pro.local" time="0.042">
  <properties/>
  <testcase name="testRejectsSwapToNull" classname="org.springframework.aop.target.HotSwappableTargetSourceTests" time="0.021"/>
  <testcase name="testBasicFunctionality" classname="org.springframework.aop.target.HotSwappableTargetSourceTests" time="0.005"/>
  <testcase name="testSerialization" classname="org.springframework.aop.target.HotSwappableTargetSourceTests" time="0.012"/>
  <testcase name="testValidSwaps" classname="org.springframework.aop.target.HotSwappableTargetSourceTests" time="0.004"/>
  <system-out><![CDATA[]]></system-out>
  <system-err><![CDATA[]]></system-err>
</testsuite>
