<?xml version="1.0" encoding="UTF-8"?>
<testsuite name="org.springframework.aop.target.LazyCreationTargetSourceTests" tests="1" skipped="0" failures="0" errors="0" timestamp="2019-06-21T11:36:05" hostname="Macbook-Air.local" time="0.025">
  <properties/>
  <testcase name="testCreateLazy" classname="org.springframework.aop.target.LazyCreationTargetSourceTests" time="0.025"/>
  <system-out><![CDATA[]]></system-out>
  <system-err><![CDATA[]]></system-err>
</testsuite>
