<?xml version="1.0" encoding="UTF-8"?>
<testsuite name="org.springframework.aop.framework.MethodInvocationTests" tests="2" skipped="0" failures="0" errors="0" timestamp="2020-11-25T14:37:42" hostname="lichangbaodeMacBook-Pro.local" time="0.071">
  <properties/>
  <testcase name="testToStringDoesntHitTarget" classname="org.springframework.aop.framework.MethodInvocationTests" time="0.019"/>
  <testcase name="testValidInvocation" classname="org.springframework.aop.framework.MethodInvocationTests" time="0.052"/>
  <system-out><![CDATA[]]></system-out>
  <system-err><![CDATA[]]></system-err>
</testsuite>
