<?xml version="1.0" encoding="UTF-8"?>
<testsuite name="org.springframework.aop.target.PrototypeBasedTargetSourceTests" tests="1" skipped="0" failures="0" errors="0" timestamp="2020-11-25T14:37:44" hostname="lichangbaodeMacBook-Pro.local" time="0.01">
  <properties/>
  <testcase name="testSerializability" classname="org.springframework.aop.target.PrototypeBasedTargetSourceTests" time="0.01"/>
  <system-out><![CDATA[]]></system-out>
  <system-err><![CDATA[]]></system-err>
</testsuite>
