<?xml version="1.0" encoding="UTF-8"?>
<testsuite name="org.springframework.aop.aspectj.annotation.AspectMetadataTests" tests="4" skipped="0" failures="0" errors="0" timestamp="2019-06-21T11:36:06" hostname="Macbook-Air.local" time="0.017">
  <properties/>
  <testcase name="testSingletonAspect" classname="org.springframework.aop.aspectj.annotation.AspectMetadataTests" time="0.014"/>
  <testcase name="testPerThisAspect" classname="org.springframework.aop.aspectj.annotation.AspectMetadataTests" time="0.001"/>
  <testcase name="testPerTargetAspect" classname="org.springframework.aop.aspectj.annotation.AspectMetadataTests" time="0.0"/>
  <testcase name="testNotAnAspect" classname="org.springframework.aop.aspectj.annotation.AspectMetadataTests" time="0.001"/>
  <system-out><![CDATA[]]></system-out>
  <system-err><![CDATA[]]></system-err>
</testsuite>
