<?xml version="1.0" encoding="UTF-8"?>
<testsuite name="org.springframework.aop.config.AopNamespaceHandlerEventTests" tests="4" skipped="0" failures="0" errors="0" timestamp="2019-06-21T11:36:04" hostname="Macbook-Air.local" time="0.449">
  <properties/>
  <testcase name="testPointcutEvents" classname="org.springframework.aop.config.AopNamespaceHandlerEventTests" time="0.322"/>
  <testcase name="testAdvisorEventsWithDirectPointcut" classname="org.springframework.aop.config.AopNamespaceHandlerEventTests" time="0.044"/>
  <testcase name="testAspectEvent" classname="org.springframework.aop.config.AopNamespaceHandlerEventTests" time="0.05"/>
  <testcase name="testAdvisorEventsWithPointcutRef" classname="org.springframework.aop.config.AopNamespaceHandlerEventTests" time="0.03"/>
  <system-out><![CDATA[]]></system-out>
  <system-err><![CDATA[]]></system-err>
</testsuite>
