<?xml version="1.0" encoding="UTF-8"?>
<testsuite name="org.springframework.aop.framework.IntroductionBenchmarkTests" tests="1" skipped="0" failures="0" errors="0" timestamp="2020-11-25T14:37:44" hostname="lichangbaodeMacBook-Pro.local" time="0.074">
  <properties/>
  <testcase name="timeManyInvocations" classname="org.springframework.aop.framework.IntroductionBenchmarkTests" time="0.074"/>
  <system-out><![CDATA[StopWatch '': running time (millis) = 67
-----------------------------------------
ms     %     Task name
-----------------------------------------
00030  045%  100000 invocations on proxy, not hitting introduction
00035  052%  100000 invocations on proxy, hitting introduction
00002  003%  100000 invocations on target

]]></system-out>
  <system-err><![CDATA[]]></system-err>
</testsuite>
