<?xml version="1.0" encoding="UTF-8"?>
<testsuite name="org.springframework.aop.framework.NullPrimitiveTests" tests="2" skipped="0" failures="0" errors="0" timestamp="2019-06-21T11:36:04" hostname="Macbook-Air.local" time="0.017">
  <properties/>
  <testcase name="testNullPrimitiveWithCglibProxy" classname="org.springframework.aop.framework.NullPrimitiveTests" time="0.012"/>
  <testcase name="testNullPrimitiveWithJdkProxy" classname="org.springframework.aop.framework.NullPrimitiveTests" time="0.005"/>
  <system-out><![CDATA[]]></system-out>
  <system-err><![CDATA[]]></system-err>
</testsuite>
