<?xml version="1.0" encoding="UTF-8"?>
<testsuite name="org.springframework.aop.interceptor.DebugInterceptorTests" tests="2" skipped="0" failures="0" errors="0" timestamp="2019-06-21T11:36:07" hostname="Macbook-Air.local" time="0.08">
  <properties/>
  <testcase name="testExceptionPathStillLogsCorrectly" classname="org.springframework.aop.interceptor.DebugInterceptorTests" time="0.077"/>
  <testcase name="testSunnyDayPathLogsCorrectly" classname="org.springframework.aop.interceptor.DebugInterceptorTests" time="0.002"/>
  <system-out><![CDATA[]]></system-out>
  <system-err><![CDATA[]]></system-err>
</testsuite>
