<?xml version="1.0" encoding="UTF-8"?>
<testsuite name="org.springframework.aop.target.PrototypeTargetSourceTests" tests="1" skipped="0" failures="0" errors="0" timestamp="2019-06-21T11:36:04" hostname="Macbook-Air.local" time="0.069">
  <properties/>
  <testcase name="testPrototypeAndSingletonBehaveDifferently" classname="org.springframework.aop.target.PrototypeTargetSourceTests" time="0.069"/>
  <system-out><![CDATA[]]></system-out>
  <system-err><![CDATA[]]></system-err>
</testsuite>
