<?xml version="1.0" encoding="UTF-8"?>
<testsuite name="org.springframework.aop.aspectj.annotation.AspectJPointcutAdvisorTests" tests="4" skipped="0" failures="0" errors="0" timestamp="2020-11-25T14:37:44" hostname="lichangbaodeMacBook-Pro.local" time="0.026">
  <properties/>
  <testcase name="testPerCflowBelowTarget" classname="org.springframework.aop.aspectj.annotation.AspectJPointcutAdvisorTests" time="0.013"/>
  <testcase name="testSingleton" classname="org.springframework.aop.aspectj.annotation.AspectJPointcutAdvisorTests" time="0.007"/>
  <testcase name="testPerCflowTarget" classname="org.springframework.aop.aspectj.annotation.AspectJPointcutAdvisorTests" time="0.001"/>
  <testcase name="testPerTarget" classname="org.springframework.aop.aspectj.annotation.AspectJPointcutAdvisorTests" time="0.005"/>
  <system-out><![CDATA[]]></system-out>
  <system-err><![CDATA[]]></system-err>
</testsuite>
