<?xml version="1.0" encoding="UTF-8"?>
<testsuite name="org.springframework.aop.framework.adapter.ThrowsAdviceInterceptorTests" tests="6" skipped="0" failures="0" errors="0" timestamp="2020-11-25T14:37:43" hostname="lichangbaodeMacBook-Pro.local" time="0.455">
  <properties/>
  <testcase name="testCorrectHandlerUsedForSubclass" classname="org.springframework.aop.framework.adapter.ThrowsAdviceInterceptorTests" time="0.445"/>
  <testcase name="testCorrectHandlerUsed" classname="org.springframework.aop.framework.adapter.ThrowsAdviceInterceptorTests" time="0.006"/>
  <testcase name="testNotInvoked" classname="org.springframework.aop.framework.adapter.ThrowsAdviceInterceptorTests" time="0.0"/>
  <testcase name="testHandlerMethodThrowsException" classname="org.springframework.aop.framework.adapter.ThrowsAdviceInterceptorTests" time="0.001"/>
  <testcase name="testNoHandlerMethods" classname="org.springframework.aop.framework.adapter.ThrowsAdviceInterceptorTests" time="0.001"/>
  <testcase name="testNoHandlerMethodForThrowable" classname="org.springframework.aop.framework.adapter.ThrowsAdviceInterceptorTests" time="0.002"/>
  <system-out><![CDATA[]]></system-out>
  <system-err><![CDATA[]]></system-err>
</testsuite>
