<?xml version="1.0" encoding="UTF-8"?>
<testsuite name="org.springframework.aop.target.LazyInitTargetSourceTests" tests="3" skipped="0" failures="0" errors="0" timestamp="2019-06-21T11:36:04" hostname="Macbook-Air.local" time="0.101">
  <properties/>
  <testcase name="testLazyInitFactoryBeanTargetSource" classname="org.springframework.aop.target.LazyInitTargetSourceTests" time="0.051"/>
  <testcase name="testCustomLazyInitSingletonTargetSource" classname="org.springframework.aop.target.LazyInitTargetSourceTests" time="0.039"/>
  <testcase name="testLazyInitSingletonTargetSource" classname="org.springframework.aop.target.LazyInitTargetSourceTests" time="0.01"/>
  <system-out><![CDATA[]]></system-out>
  <system-err><![CDATA[]]></system-err>
</testsuite>
