<?xml version="1.0" encoding="UTF-8"?>
<testsuite name="org.springframework.aop.aspectj.annotation.ReflectiveAspectJAdvisorFactoryTests" tests="25" skipped="1" failures="0" errors="0" timestamp="2020-11-25T14:37:45" hostname="lichangbaodeMacBook-Pro.local" time="0.312">
  <properties/>
  <testcase name="testNamedPointcutAspectWithFQN" classname="org.springframework.aop.aspectj.annotation.ReflectiveAspectJAdvisorFactoryTests" time="0.011"/>
  <testcase name="testRejectsPerCflowAspect" classname="org.springframework.aop.aspectj.annotation.ReflectiveAspectJAdvisorFactoryTests" time="0.001"/>
  <testcase name="testBindingWithMultipleArgsDifferentlyOrdered" classname="org.springframework.aop.aspectj.annotation.ReflectiveAspectJAdvisorFactoryTests" time="0.014"/>
  <testcase name="testNamedPointcutAspectWithoutFQN" classname="org.springframework.aop.aspectj.annotation.ReflectiveAspectJAdvisorFactoryTests" time="0.002"/>
  <testcase name="testAspectMethodThrowsExceptionLegalOnSignature" classname="org.springframework.aop.aspectj.annotation.ReflectiveAspectJAdvisorFactoryTests" time="0.003"/>
  <testcase name="testBindingWithSingleArg" classname="org.springframework.aop.aspectj.annotation.ReflectiveAspectJAdvisorFactoryTests" time="0.003"/>
  <testcase name="testDeclarePrecedenceNotSupported" classname="org.springframework.aop.aspectj.annotation.ReflectiveAspectJAdvisorFactoryTests" time="0.003"/>
  <testcase name="testNamedPointcutFromAspectLibraryWithBinding" classname="org.springframework.aop.aspectj.annotation.ReflectiveAspectJAdvisorFactoryTests" time="0.005"/>
  <testcase name="testIntroductionOnTargetImplementingInterface" classname="org.springframework.aop.aspectj.annotation.ReflectiveAspectJAdvisorFactoryTests" time="0.016"/>
  <testcase name="testPerTypeWithinAspect" classname="org.springframework.aop.aspectj.annotation.ReflectiveAspectJAdvisorFactoryTests" time="0.067"/>
  <testcase name="testIntroductionBasedOnAnnotationMatch_SPR5307" classname="org.springframework.aop.aspectj.annotation.ReflectiveAspectJAdvisorFactoryTests" time="0.006"/>
  <testcase name="testIntroductionOnTargetExcludedByTypePattern" classname="org.springframework.aop.aspectj.annotation.ReflectiveAspectJAdvisorFactoryTests" time="0.007"/>
  <testcase name="testNamedPointcutFromAspectLibrary" classname="org.springframework.aop.aspectj.annotation.ReflectiveAspectJAdvisorFactoryTests" time="0.005"/>
  <testcase name="testIntroductionWithArgumentBinding" classname="org.springframework.aop.aspectj.annotation.ReflectiveAspectJAdvisorFactoryTests" time="0.0">
    <skipped/>
  </testcase>
  <testcase name="testIntroductionOnTargetNotImplementingInterface" classname="org.springframework.aop.aspectj.annotation.ReflectiveAspectJAdvisorFactoryTests" time="0.012"/>
  <testcase name="testMultiplePerTargetAspectsWithOrderAnnotation" classname="org.springframework.aop.aspectj.annotation.ReflectiveAspectJAdvisorFactoryTests" time="0.051"/>
  <testcase name="testRejectsPerCflowBelowAspect" classname="org.springframework.aop.aspectj.annotation.ReflectiveAspectJAdvisorFactoryTests" time="0.001"/>
  <testcase name="testAfterAdviceTypes" classname="org.springframework.aop.aspectj.annotation.ReflectiveAspectJAdvisorFactoryTests" time="0.016"/>
  <testcase name="testFailureWithoutExplicitDeclarePrecedence" classname="org.springframework.aop.aspectj.annotation.ReflectiveAspectJAdvisorFactoryTests" time="0.003"/>
  <testcase name="testPerThisAspect" classname="org.springframework.aop.aspectj.annotation.ReflectiveAspectJAdvisorFactoryTests" time="0.024"/>
  <testcase name="testIntroductionAdvisorExcludedFromTargetImplementingInterface" classname="org.springframework.aop.aspectj.annotation.ReflectiveAspectJAdvisorFactoryTests" time="0.003"/>
  <testcase name="testTwoAdvicesOnOneAspect" classname="org.springframework.aop.aspectj.annotation.ReflectiveAspectJAdvisorFactoryTests" time="0.002"/>
  <testcase name="testPerTargetAspect" classname="org.springframework.aop.aspectj.annotation.ReflectiveAspectJAdvisorFactoryTests" time="0.027"/>
  <testcase name="testAspectMethodThrowsExceptionIllegalOnSignature" classname="org.springframework.aop.aspectj.annotation.ReflectiveAspectJAdvisorFactoryTests" time="0.001"/>
  <testcase name="testMultiplePerTargetAspects" classname="org.springframework.aop.aspectj.annotation.ReflectiveAspectJAdvisorFactoryTests" time="0.029"/>
  <system-out><![CDATA[org.springframework.aop.aspectj.DeclareParentsAdvisor@2cc932cc
]]></system-out>
  <system-err><![CDATA[]]></system-err>
</testsuite>
