<?xml version="1.0" encoding="UTF-8"?>
<testsuite name="org.springframework.aop.aspectj.TrickyAspectJPointcutExpressionTests" tests="5" skipped="0" failures="0" errors="0" timestamp="2020-11-25T14:37:45" hostname="lichangbaodeMacBook-Pro.local" time="0.019">
  <properties/>
  <testcase name="testManualProxyJavaWithDynamicPointcutAndProxyTargetClass" classname="org.springframework.aop.aspectj.TrickyAspectJPointcutExpressionTests" time="0.01"/>
  <testcase name="testManualProxyJavaWithDynamicPointcut" classname="org.springframework.aop.aspectj.TrickyAspectJPointcutExpressionTests" time="0.003"/>
  <testcase name="testManualProxyJavaWithStaticPointcutAndTwoClassLoaders" classname="org.springframework.aop.aspectj.TrickyAspectJPointcutExpressionTests" time="0.005"/>
  <testcase name="testManualProxyJavaWithStaticPointcut" classname="org.springframework.aop.aspectj.TrickyAspectJPointcutExpressionTests" time="0.001"/>
  <testcase name="testManualProxyJavaWithUnconditionalPointcut" classname="org.springframework.aop.aspectj.TrickyAspectJPointcutExpressionTests" time="0.0"/>
  <system-out><![CDATA[]]></system-out>
  <system-err><![CDATA[]]></system-err>
</testsuite>
