<?xml version="1.0" encoding="UTF-8"?>
<testsuite name="org.springframework.aop.config.AopNamespaceHandlerPointcutErrorTests" tests="2" skipped="0" failures="0" errors="0" timestamp="2019-06-21T11:36:04" hostname="Macbook-Air.local" time="0.061">
  <properties/>
  <testcase name="testMissingPointcutConfig" classname="org.springframework.aop.config.AopNamespaceHandlerPointcutErrorTests" time="0.032"/>
  <testcase name="testDuplicatePointcutConfig" classname="org.springframework.aop.config.AopNamespaceHandlerPointcutErrorTests" time="0.028"/>
  <system-out><![CDATA[]]></system-out>
  <system-err><![CDATA[]]></system-err>
</testsuite>
