<?xml version="1.0" encoding="UTF-8"?>
<testsuite name="org.springframework.aop.framework.MethodInvocationTests" tests="2" skipped="0" failures="0" errors="0" timestamp="2019-06-21T11:35:59" hostname="Macbook-Air.local" time="0.191">
  <properties/>
  <testcase name="testToStringDoesntHitTarget" classname="org.springframework.aop.framework.MethodInvocationTests" time="0.02"/>
  <testcase name="testValidInvocation" classname="org.springframework.aop.framework.MethodInvocationTests" time="0.17"/>
  <system-out><![CDATA[]]></system-out>
  <system-err><![CDATA[]]></system-err>
</testsuite>
