<?xml version="1.0" encoding="UTF-8"?>
<testsuite name="org.springframework.aop.interceptor.ExposeInvocationInterceptorTests" tests="1" skipped="0" failures="0" errors="0" timestamp="2019-06-21T11:36:08" hostname="Macbook-Air.local" time="0.013">
  <properties/>
  <testcase name="testXmlConfig" classname="org.springframework.aop.interceptor.ExposeInvocationInterceptorTests" time="0.013"/>
  <system-out><![CDATA[]]></system-out>
  <system-err><![CDATA[]]></system-err>
</testsuite>
