<?xml version="1.0" encoding="UTF-8"?>
<testsuite name="org.springframework.aop.support.DelegatingIntroductionInterceptorTests" tests="10" skipped="0" failures="0" errors="0" timestamp="2019-06-21T11:36:07" hostname="Macbook-Air.local" time="0.096">
  <properties/>
  <testcase name="testIntroductionInterceptorWithSuperInterface" classname="org.springframework.aop.support.DelegatingIntroductionInterceptorTests" time="0.015"/>
  <testcase name="testIntroductionMasksTargetImplementation" classname="org.springframework.aop.support.DelegatingIntroductionInterceptorTests" time="0.007"/>
  <testcase name="testIntroductionInterceptorWithInterfaceHierarchy" classname="org.springframework.aop.support.DelegatingIntroductionInterceptorTests" time="0.004"/>
  <testcase name="testIntroductionInterceptorDoesntReplaceToString" classname="org.springframework.aop.support.DelegatingIntroductionInterceptorTests" time="0.006"/>
  <testcase name="testSerializableDelegatingIntroductionInterceptorSerializable" classname="org.springframework.aop.support.DelegatingIntroductionInterceptorTests" time="0.012"/>
  <testcase name="testDelegateReturnsThisIsMassagedToReturnProxy" classname="org.springframework.aop.support.DelegatingIntroductionInterceptorTests" time="0.012"/>
  <testcase name="testAutomaticInterfaceRecognitionInDelegate" classname="org.springframework.aop.support.DelegatingIntroductionInterceptorTests" time="0.007"/>
  <testcase name="testNullTarget" classname="org.springframework.aop.support.DelegatingIntroductionInterceptorTests" time="0.001"/>
  <testcase name="testIntroductionInterceptorWithDelegation" classname="org.springframework.aop.support.DelegatingIntroductionInterceptorTests" time="0.02"/>
  <testcase name="testAutomaticInterfaceRecognitionInSubclass" classname="org.springframework.aop.support.DelegatingIntroductionInterceptorTests" time="0.01"/>
  <system-out><![CDATA[]]></system-out>
  <system-err><![CDATA[]]></system-err>
</testsuite>
