<?xml version="1.0" encoding="UTF-8"?>
<testsuite name="org.springframework.aop.config.AopNamespaceHandlerEventTests" tests="4" skipped="0" failures="0" errors="0" timestamp="2020-11-25T14:37:44" hostname="lichangbaodeMacBook-Pro.local" time="0.136">
  <properties/>
  <testcase name="testPointcutEvents" classname="org.springframework.aop.config.AopNamespaceHandlerEventTests" time="0.074"/>
  <testcase name="testAdvisorEventsWithDirectPointcut" classname="org.springframework.aop.config.AopNamespaceHandlerEventTests" time="0.02"/>
  <testcase name="testAspectEvent" classname="org.springframework.aop.config.AopNamespaceHandlerEventTests" time="0.027"/>
  <testcase name="testAdvisorEventsWithPointcutRef" classname="org.springframework.aop.config.AopNamespaceHandlerEventTests" time="0.014"/>
  <system-out><![CDATA[]]></system-out>
  <system-err><![CDATA[]]></system-err>
</testsuite>
