<?xml version="1.0" encoding="UTF-8"?>
<testsuite name="org.springframework.aop.aspectj.annotation.AspectMetadataTests" tests="4" skipped="0" failures="0" errors="0" timestamp="2020-11-25T14:37:45" hostname="lichangbaodeMacBook-Pro.local" time="0.003">
  <properties/>
  <testcase name="testSingletonAspect" classname="org.springframework.aop.aspectj.annotation.AspectMetadataTests" time="0.002"/>
  <testcase name="testPerThisAspect" classname="org.springframework.aop.aspectj.annotation.AspectMetadataTests" time="0.0"/>
  <testcase name="testPerTargetAspect" classname="org.springframework.aop.aspectj.annotation.AspectMetadataTests" time="0.001"/>
  <testcase name="testNotAnAspect" classname="org.springframework.aop.aspectj.annotation.AspectMetadataTests" time="0.0"/>
  <system-out><![CDATA[]]></system-out>
  <system-err><![CDATA[]]></system-err>
</testsuite>
